<?xml version="1.0" encoding="UTF-8"?>
<testsuites name="Page Section" time="590.938" tests="3" failures="1" errors="0">
   <testsuite name="Page Section" tests="3" failures="1" errors="0" time="590.938" timestamp="2020-05-27 19:35:04" hostname="19023-RAC - 192.168.16.39" id="Test Suites/PFI Precision and Scale Automated Regression Suite/Page Section">
      <properties>
         <property name="deviceName" value=""/>
         <property name="devicePlatform" value=""/>
         <property name="logFolder" value="C:\\Users\\19023-RAC\\Desktop\\New Automation Copy\\Reports\\20200527_193452\\PFI Precision and Scale Automated Regression Suite\\Page Section\\20200527_193452"/>
         <property name="logFiles" value="C:\\Users\\19023-RAC\\Desktop\\New Automation Copy\\Reports\\20200527_193452\\PFI Precision and Scale Automated Regression Suite\\Page Section\\20200527_193452\\execution0.log"/>
         <property name="attachments" value=""/>
         <property name="hostName" value="19023-RAC - 192.168.16.39"/>
         <property name="os" value="Windows 10 64bit"/>
         <property name="katalonVersion" value="7.2.1.1"/>
         <property name="browser" value="Chrome 81.0.4044.138"/>
         <property name="hostAddress" value="192.168.16.39"/>
         <property name="sessionId" value="cda8ef15bb951f0e2def514091fbfb20"/>
         <property name="seleniumVersion" value="3.141.59"/>
         <property name="proxyInformation" value="ProxyInformation{proxyOption=NO_PROXY, proxyServerType=HTTP, password=, proxyServerAddress=, proxyServerPort=0, executionList=}"/>
         <property name="platform" value="Windows 10"/>
      </properties>
      <testcase name="Test Cases/PFI Precision and Scale/PFI Test Cases/PFI.EOTRequestLHS" time="287.141" classname="Test Cases/PFI Precision and Scale/PFI Test Cases/PFI.EOTRequestLHS" status="PASSED">
         <system-out><![CDATA[2020-05-27 19:35:04 - [TEST_CASE][PASSED] - Test Cases/PFI Precision and Scale/PFI Test Cases/PFI.EOTRequestLHS: Test Cases/PFI Precision and Scale/PFI Test Cases/PFI.EOTRequestLHS

2020-05-27 19:35:05 - [TEST_STEP][PASSED] - callTestCase(findTestCase("Components/LoginV2.0"), ["LinkToBeUsed":findTestData("Datatable").getValue("URL", 1), "LoginPageTextToBeVerified":findTestData("Datatable").getValue("HomeBanner", 1), ... ], STOP_ON_FAILURE): Call Test Case 'Test Cases/Components/LoginV2.0' successfully

2020-05-27 19:35:05 - [TEST_CASE][PASSED] - Test Cases/Components/LoginV2.0: Test Cases/Components/LoginV2.0

2020-05-27 19:35:06 - [TEST_STEP][PASSED] - openBrowser(LinkToBeUsed): Browser is opened with url: 'http://10.0.2.41:3012/isps2-prod-verify/authnz/login.do'

2020-05-27 19:35:06 - [MESSAGE][INFO] - Starting 'Chrome' driver

2020-05-27 19:35:06 - [MESSAGE][INFO] - Action delay is set to 0 seconds

2020-05-27 19:35:21 - [MESSAGE][PASSED] - Browser is opened with url: 'http://10.0.2.41:3012/isps2-prod-verify/authnz/login.do'

2020-05-27 19:35:21 - [TEST_STEP][PASSED] - maximizeWindow(): Current window maximized

2020-05-27 19:35:23 - [MESSAGE][PASSED] - Current window maximized

2020-05-27 19:35:23 - [TEST_STEP][PASSED] - verifyTextPresent(LoginPageTextToBeVerified, false): Text 'Sign in to ISPS2-PROD-Verify' is present on page 

2020-05-27 19:35:23 - [MESSAGE][PASSED] - Text 'Sign in to ISPS2-PROD-Verify' is present on page 

2020-05-27 19:35:23 - [TEST_STEP][PASSED] - setText(findTestObject("Objects.LoginV2.0/Login Page/input_Sign in to ISPS2-PROD-Verify_username"), Username): Text 'sysadmin' is set on object 'Object Repository/Objects.LoginV2.0/Login Page/input_Sign in to ISPS2-PROD-Verify_username'

2020-05-27 19:35:24 - [MESSAGE][PASSED] - Text 'sysadmin' is set on object 'Object Repository/Objects.LoginV2.0/Login Page/input_Sign in to ISPS2-PROD-Verify_username'

2020-05-27 19:35:24 - [TEST_STEP][PASSED] - setEncryptedText(findTestObject("Objects.LoginV2.0/Login Page/input_This field is required_password"), Password): Text ****** has been set on object 'Object Repository/Objects.LoginV2.0/Login Page/input_This field is required_password'

2020-05-27 19:35:25 - [MESSAGE][PASSED] - Text ****** has been set on object 'Object Repository/Objects.LoginV2.0/Login Page/input_This field is required_password'

2020-05-27 19:35:25 - [TEST_STEP][NOT_RUN] - setEncryptedText(findTestObject(null), Password): NOT_RUN: setEncryptedText(findTestObject(null), Password)

2020-05-27 19:35:25 - [MESSAGE][NOT_RUN] - NOT_RUN: setEncryptedText(findTestObject(null), Password)

2020-05-27 19:35:25 - [TEST_STEP][PASSED] - click(findTestObject("Objects.LoginV2.0/Login Page/div_Sign in to ISPS2-PROD-Verify_NovaGoButton-1021"), OPTIONAL): Object: 'Object Repository/Objects.LoginV2.0/Login Page/div_Sign in to ISPS2-PROD-Verify_NovaGoButton-1021' is clicked on

2020-05-27 19:35:25 - [MESSAGE][PASSED] - Object: 'Object Repository/Objects.LoginV2.0/Login Page/div_Sign in to ISPS2-PROD-Verify_NovaGoButton-1021' is clicked on

2020-05-27 19:35:25 - [TEST_STEP][PASSED] - waitForPageLoad(30): Wait for page load successfully

2020-05-27 19:35:32 - [MESSAGE][PASSED] - Wait for page load successfully

2020-05-27 19:35:32 - [TEST_STEP][PASSED] - Thread.sleep(3000): null

2020-05-27 19:35:35 - [MESSAGE][PASSED] - Call Test Case 'Test Cases/Components/LoginV2.0' successfully

2020-05-27 19:35:35 - [TEST_STEP][PASSED] - callTestCase(findTestCase("Components/Filter"), ["taskDescription":"Process Case (SM)"], STOP_ON_FAILURE): Call Test Case 'Test Cases/Components/Filter' successfully

2020-05-27 19:35:35 - [TEST_CASE][PASSED] - Test Cases/Components/Filter: Test Cases/Components/Filter

2020-05-27 19:35:36 - [TEST_STEP][PASSED] - Thread.sleep(5000): null

2020-05-27 19:35:41 - [TEST_STEP][PASSED] - waitForPageLoad(180): Wait for page load successfully

2020-05-27 19:35:41 - [MESSAGE][PASSED] - Wait for page load successfully

2020-05-27 19:35:41 - [TEST_STEP][PASSED] - waitForElementNotPresent(findTestObject("Objects.Filter/Page_ISPS2/div_Loading search result Please wait"), 180): Web element with id: 'Object Repository/Objects.Filter/Page_ISPS2/div_Loading search result Please wait' located by 'By.xpath: //div[@class = 'x-mask-msg-text' and (text() = 'Loading search result. Please wait...' or . = 'Loading search result. Please wait...')]' is not present after '180' second(s)

2020-05-27 19:35:41 - [MESSAGE][PASSED] - Web element with id: 'Object Repository/Objects.Filter/Page_ISPS2/div_Loading search result Please wait' located by 'By.xpath: //div[@class = 'x-mask-msg-text' and (text() = 'Loading search result. Please wait...' or . = 'Loading search result. Please wait...')]' is not present after '180' second(s)

2020-05-27 19:35:41 - [TEST_STEP][PASSED] - click(findTestObject("Objects.Filter/Page_ISPS2/XP.Embutidooo")): Object: 'Object Repository/Objects.Filter/Page_ISPS2/XP.Embutidooo' is clicked on

2020-05-27 19:35:42 - [MESSAGE][PASSED] - Object: 'Object Repository/Objects.Filter/Page_ISPS2/XP.Embutidooo' is clicked on

2020-05-27 19:35:42 - [TEST_STEP][PASSED] - com.reusableComponents.HighlightElement.run(findTestObject("Objects.Filter/Page_ISPS2/span_Reset")): com.reusableComponents.HighlightElement.run is PASSED

2020-05-27 19:35:43 - [MESSAGE][PASSED] - com.reusableComponents.HighlightElement.run is PASSED

2020-05-27 19:35:43 - [TEST_STEP][PASSED] - click(findTestObject("Objects.Filter/Page_ISPS2/span_Reset")): Object: 'Object Repository/Objects.Filter/Page_ISPS2/span_Reset' is clicked on

2020-05-27 19:35:43 - [MESSAGE][PASSED] - Object: 'Object Repository/Objects.Filter/Page_ISPS2/span_Reset' is clicked on

2020-05-27 19:35:43 - [TEST_STEP][PASSED] - com.reusableComponents.HighlightElement.run(findTestObject("Objects.Filter/Page_ISPS2/TextBoxTaskDescription")): com.reusableComponents.HighlightElement.run is PASSED

2020-05-27 19:35:45 - [MESSAGE][PASSED] - com.reusableComponents.HighlightElement.run is PASSED

2020-05-27 19:35:45 - [TEST_STEP][PASSED] - setText(findTestObject("Objects.Filter/Page_ISPS2/TextBoxTaskDescription"), taskDescription): Text 'Process Case (SM)' is set on object 'Object Repository/Objects.Filter/Page_ISPS2/TextBoxTaskDescription'

2020-05-27 19:35:46 - [MESSAGE][PASSED] - Text 'Process Case (SM)' is set on object 'Object Repository/Objects.Filter/Page_ISPS2/TextBoxTaskDescription'

2020-05-27 19:35:46 - [TEST_STEP][PASSED] - caseType = taskDescription: null

2020-05-27 19:35:49 - [TEST_STEP][PASSED] - sendKeys(findTestObject("Objects.Filter/Page_ISPS2/TextBoxTaskDescription"), Keys.chord(ENTER)): Keys 'ENTER + ' sent to object: 'Object Repository/Objects.Filter/Page_ISPS2/TextBoxTaskDescription'

2020-05-27 19:35:49 - [MESSAGE][PASSED] - Keys 'ENTER + ' sent to object: 'Object Repository/Objects.Filter/Page_ISPS2/TextBoxTaskDescription'

2020-05-27 19:35:49 - [TEST_STEP][PASSED] - com.reusableComponents.HighlightElement.run(findTestObject("Objects.Filter/Page_ISPS2/span_Search")): com.reusableComponents.HighlightElement.run is PASSED

2020-05-27 19:35:50 - [MESSAGE][PASSED] - com.reusableComponents.HighlightElement.run is PASSED

2020-05-27 19:35:50 - [TEST_STEP][PASSED] - click(findTestObject("Objects.Filter/Page_ISPS2/span_Search")): Object: 'Object Repository/Objects.Filter/Page_ISPS2/span_Search' is clicked on

2020-05-27 19:35:51 - [MESSAGE][PASSED] - Object: 'Object Repository/Objects.Filter/Page_ISPS2/span_Search' is clicked on

2020-05-27 19:35:51 - [TEST_STEP][NOT_RUN] - verifyTextPresent("Loading search result. Please wait...", false): NOT_RUN: verifyTextPresent("Loading search result. Please wait...", false)

2020-05-27 19:35:51 - [MESSAGE][NOT_RUN] - NOT_RUN: verifyTextPresent("Loading search result. Please wait...", false)

2020-05-27 19:35:51 - [TEST_STEP][NOT_RUN] - waitForElementNotPresent(findTestObject("Objects.Filter/Page_ISPS2/div_Loading search result Please wait"), 120): NOT_RUN: waitForElementNotPresent(findTestObject("Objects.Filter/Page_ISPS2/div_Loading search result Please wait"), 120)

2020-05-27 19:35:51 - [MESSAGE][NOT_RUN] - NOT_RUN: waitForElementNotPresent(findTestObject("Objects.Filter/Page_ISPS2/div_Loading search result Please wait"), 120)

2020-05-27 19:35:51 - [TEST_STEP][PASSED] - Thread.sleep(5000): null

2020-05-27 19:35:56 - [MESSAGE][PASSED] - Call Test Case 'Test Cases/Components/Filter' successfully

2020-05-27 19:35:56 - [TEST_STEP][PASSED] - callTestCase(findTestCase("Components/ClickLinkDependingOnTextAndIndex"), ["linkName":"Process Case (SM)", "index":4], STOP_ON_FAILURE): Call Test Case 'Test Cases/Components/ClickLinkDependingOnTextAndIndex' successfully

2020-05-27 19:35:56 - [TEST_CASE][PASSED] - Test Cases/Components/ClickLinkDependingOnTextAndIndex: Test Cases/Components/ClickLinkDependingOnTextAndIndex

2020-05-27 19:35:56 - [TEST_STEP][PASSED] - Thread.sleep(1000): null

2020-05-27 19:35:57 - [TEST_STEP][PASSED] - println(linkName): null

2020-05-27 19:35:57 - [TEST_STEP][PASSED] - println(index): null

2020-05-27 19:35:57 - [TEST_STEP][PASSED] - modifiedLink = modifyObjectProperty(findTestObject("Objects.ClickLinkDependingOnTextAndIndex/linkToModify"), "xpath", "equals", "(//a[text()="" + linkName + ""])[" + index + "]", true): Modify property of object successfully

2020-05-27 19:35:58 - [MESSAGE][PASSED] - Modify property of object successfully

2020-05-27 19:35:58 - [TEST_STEP][PASSED] - Thread.sleep(5000): null

2020-05-27 19:36:03 - [TEST_STEP][PASSED] - com.reusableComponents.HighlightElement.run(modifiedLink): com.reusableComponents.HighlightElement.run is PASSED

2020-05-27 19:36:04 - [MESSAGE][PASSED] - com.reusableComponents.HighlightElement.run is PASSED

2020-05-27 19:36:04 - [TEST_STEP][PASSED] - click(modifiedLink): Object: 'Object Repository/Objects.ClickLinkDependingOnTextAndIndex/linkToModify' is clicked on

2020-05-27 19:36:04 - [MESSAGE][PASSED] - Object: 'Object Repository/Objects.ClickLinkDependingOnTextAndIndex/linkToModify' is clicked on

2020-05-27 19:36:04 - [MESSAGE][PASSED] - Call Test Case 'Test Cases/Components/ClickLinkDependingOnTextAndIndex' successfully

2020-05-27 19:36:04 - [TEST_STEP][PASSED] - callTestCase(findTestCase("Components/VerifyPageSuccessfullyLoaded"), ["HeaderName":"Summary"], STOP_ON_FAILURE): Call Test Case 'Test Cases/Components/VerifyPageSuccessfullyLoaded' successfully

2020-05-27 19:36:04 - [TEST_CASE][PASSED] - Test Cases/Components/VerifyPageSuccessfullyLoaded: Test Cases/Components/VerifyPageSuccessfullyLoaded

2020-05-27 19:36:05 - [TEST_STEP][PASSED] - Thread.sleep(3000): null

2020-05-27 19:36:08 - [TEST_STEP][PASSED] - ModifiedHeaderName = modifyObjectProperty(findTestObject("Objects.VerifyPageSuccessfullyLoaded/PageHeader"), "text", "equals", HeaderName, true): Modify property of object successfully

2020-05-27 19:36:08 - [MESSAGE][PASSED] - Modify property of object successfully

2020-05-27 19:36:08 - [TEST_STEP][PASSED] - verifyElementPresent(ModifiedHeaderName, 0): Object 'Object Repository/Objects.VerifyPageSuccessfullyLoaded/PageHeader' is present

2020-05-27 19:36:08 - [MESSAGE][WARNING] - Timeout '0' is invalid. Using default page load timeout: '30'

2020-05-27 19:36:12 - [MESSAGE][PASSED] - Object 'Object Repository/Objects.VerifyPageSuccessfullyLoaded/PageHeader' is present

2020-05-27 19:36:12 - [TEST_STEP][PASSED] - com.reusableComponents.HighlightElement.run(ModifiedHeaderName): com.reusableComponents.HighlightElement.run is PASSED

2020-05-27 19:36:13 - [MESSAGE][PASSED] - com.reusableComponents.HighlightElement.run is PASSED

2020-05-27 19:36:13 - [MESSAGE][PASSED] - Call Test Case 'Test Cases/Components/VerifyPageSuccessfullyLoaded' successfully

2020-05-27 19:36:13 - [TEST_STEP][PASSED] - callTestCase(findTestCase("Components/NavigateToAnyLHS"), ["LHS":"EOT Request"], STOP_ON_FAILURE): Call Test Case 'Test Cases/Components/NavigateToAnyLHS' successfully

2020-05-27 19:36:13 - [TEST_CASE][PASSED] - Test Cases/Components/NavigateToAnyLHS: Test Cases/Components/NavigateToAnyLHS

2020-05-27 19:36:13 - [TEST_STEP][PASSED] - Thread.sleep(1000): null

2020-05-27 19:36:14 - [TEST_STEP][PASSED] - modifiedLHS = modifyObjectProperty(findTestObject("Objects.NavigateToAnyLHS/Page_ISPS2/LHSToModify"), "text", "equals", LHS, true): Modify property of object successfully

2020-05-27 19:36:14 - [MESSAGE][PASSED] - Modify property of object successfully

2020-05-27 19:36:14 - [TEST_STEP][PASSED] - click(modifiedLHS): Object: 'Object Repository/Objects.NavigateToAnyLHS/Page_ISPS2/LHSToModify' is clicked on

2020-05-27 19:36:15 - [MESSAGE][PASSED] - Object: 'Object Repository/Objects.NavigateToAnyLHS/Page_ISPS2/LHSToModify' is clicked on

2020-05-27 19:36:15 - [TEST_STEP][PASSED] - currentLHS = getText(modifiedLHS): Text of object 'Object Repository/Objects.NavigateToAnyLHS/Page_ISPS2/LHSToModify' is: 'EOT Request'

2020-05-27 19:36:16 - [MESSAGE][PASSED] - Text of object 'Object Repository/Objects.NavigateToAnyLHS/Page_ISPS2/LHSToModify' is: 'EOT Request'

2020-05-27 19:36:16 - [TEST_STEP][PASSED] - Thread.sleep(5000): null

2020-05-27 19:36:21 - [MESSAGE][PASSED] - Call Test Case 'Test Cases/Components/NavigateToAnyLHS' successfully

2020-05-27 19:36:21 - [TEST_STEP][PASSED] - callTestCase(findTestCase("Components/VerifyPageSuccessfullyLoadedII"), ["PageNm":"Extension of Time Request"], STOP_ON_FAILURE): Call Test Case 'Test Cases/Components/VerifyPageSuccessfullyLoadedII' successfully

2020-05-27 19:36:21 - [TEST_CASE][PASSED] - Test Cases/Components/VerifyPageSuccessfullyLoadedII: Test Cases/Components/VerifyPageSuccessfullyLoadedII

2020-05-27 19:36:21 - [TEST_STEP][PASSED] - Thread.sleep(1000): null

2020-05-27 19:36:22 - [TEST_STEP][PASSED] - modifiedInputFld = modifyObjectProperty(findTestObject("Object Repository/Objects.VerifyPageSuccessfullyLoaded/PageHeaderIndex"), "xpath", "equals", "//*[contains(@class,'isps-page-title') and (text()='" + PageNm + "')]", true): Modify property of object successfully

2020-05-27 19:36:23 - [MESSAGE][PASSED] - Modify property of object successfully

2020-05-27 19:36:23 - [TEST_STEP][PASSED] - com.reusableComponents.HighlightElement.run(modifiedInputFld): com.reusableComponents.HighlightElement.run is PASSED

2020-05-27 19:36:24 - [MESSAGE][PASSED] - com.reusableComponents.HighlightElement.run is PASSED

2020-05-27 19:36:24 - [MESSAGE][PASSED] - Call Test Case 'Test Cases/Components/VerifyPageSuccessfullyLoadedII' successfully

2020-05-27 19:36:24 - [TEST_STEP][PASSED] - callTestCase(findTestCase("Components/HighlightLabelField"), ["LblName":"EOT Type *:"], STOP_ON_FAILURE): Call Test Case 'Test Cases/Components/HighlightLabelField' successfully

2020-05-27 19:36:24 - [TEST_CASE][PASSED] - Test Cases/Components/HighlightLabelField: Test Cases/Components/HighlightLabelField

2020-05-27 19:36:24 - [TEST_STEP][PASSED] - Thread.sleep(1000): null

2020-05-27 19:36:25 - [TEST_STEP][PASSED] - modifiedLblNm = modifyObjectProperty(findTestObject("Objects.HighlightElements/lblField"), "text", "equals", LblName, true): Modify property of object successfully

2020-05-27 19:36:25 - [MESSAGE][PASSED] - Modify property of object successfully

2020-05-27 19:36:25 - [TEST_STEP][PASSED] - com.reusableComponents.HighlightElement.run(modifiedLblNm): com.reusableComponents.HighlightElement.run is PASSED

2020-05-27 19:36:26 - [MESSAGE][PASSED] - com.reusableComponents.HighlightElement.run is PASSED

2020-05-27 19:36:26 - [MESSAGE][PASSED] - Call Test Case 'Test Cases/Components/HighlightLabelField' successfully

2020-05-27 19:36:26 - [TEST_STEP][PASSED] - callTestCase(findTestCase("Components/HighlightInputField"), ["InputFldName":"eotTypeCmb"], STOP_ON_FAILURE): Call Test Case 'Test Cases/Components/HighlightInputField' successfully

2020-05-27 19:36:26 - [TEST_CASE][PASSED] - Test Cases/Components/HighlightInputField: Test Cases/Components/HighlightInputField

2020-05-27 19:36:27 - [TEST_STEP][PASSED] - Thread.sleep(1000): null

2020-05-27 19:36:28 - [TEST_STEP][PASSED] - modifiedLblNm = modifyObjectProperty(findTestObject("Objects.HighlightElements/input_field"), "name", "equals", InputFldName, true): Modify property of object successfully

2020-05-27 19:36:28 - [MESSAGE][PASSED] - Modify property of object successfully

2020-05-27 19:36:28 - [TEST_STEP][PASSED] - com.reusableComponents.HighlightElement.run(modifiedLblNm): com.reusableComponents.HighlightElement.run is PASSED

2020-05-27 19:36:29 - [MESSAGE][PASSED] - com.reusableComponents.HighlightElement.run is PASSED

2020-05-27 19:36:29 - [MESSAGE][PASSED] - Call Test Case 'Test Cases/Components/HighlightInputField' successfully

2020-05-27 19:36:29 - [TEST_STEP][PASSED] - callTestCase(findTestCase("PFI Precision and Scale/PFI Components/VerifyDropdownValues"), ["FldNm":"eotTypeCmb", "index":0, "CallTCName":"PFI Precision and Scale/PFI Components/ConstantHashMap", "cmbNm":"eotType", ... ], STOP_ON_FAILURE): Call Test Case 'Test Cases/PFI Precision and Scale/PFI Components/VerifyDropdownValues' successfully

2020-05-27 19:36:29 - [TEST_CASE][PASSED] - Test Cases/PFI Precision and Scale/PFI Components/VerifyDropdownValues: Test Cases/PFI Precision and Scale/PFI Components/VerifyDropdownValues

2020-05-27 19:36:30 - [TEST_STEP][PASSED] - Thread.sleep(1000): null

2020-05-27 19:36:31 - [TEST_STEP][PASSED] - NewInputNmField = modifyObjectProperty(findTestObject("Objects.HighlightElements/input_field"), "name", "equals", FldNm, true): Modify property of object successfully

2020-05-27 19:36:31 - [MESSAGE][PASSED] - Modify property of object successfully

2020-05-27 19:36:31 - [TEST_STEP][PASSED] - comboNm = cmbNm: null

2020-05-27 19:36:31 - [TEST_STEP][PASSED] - focus(NewInputNmField): Object: 'Object Repository/Objects.HighlightElements/input_field' is focused

2020-05-27 19:36:31 - [MESSAGE][PASSED] - Object: 'Object Repository/Objects.HighlightElements/input_field' is focused

2020-05-27 19:36:31 - [TEST_STEP][PASSED] - setText(NewInputNmField, EnterValue): Text '' is set on object 'Object Repository/Objects.HighlightElements/input_field'

2020-05-27 19:36:32 - [MESSAGE][PASSED] - Text '' is set on object 'Object Repository/Objects.HighlightElements/input_field'

2020-05-27 19:36:32 - [TEST_STEP][PASSED] - for ([i = 1, i <= NoOfVal, (i++)]): Keys 'DOWN + ' sent to object: 'Object Repository/Objects.HighlightElements/input_field'

2020-05-27 19:36:32 - [TEST_STEP][PASSED] - sendKeys(NewInputNmField, Keys.chord(ARROW_DOWN)): Keys 'DOWN + ' sent to object: 'Object Repository/Objects.HighlightElements/input_field'

2020-05-27 19:36:36 - [MESSAGE][PASSED] - Keys 'DOWN + ' sent to object: 'Object Repository/Objects.HighlightElements/input_field'

2020-05-27 19:36:36 - [TEST_STEP][PASSED] - delay(DelayTime): Delayed 3 second(s)

2020-05-27 19:36:39 - [MESSAGE][PASSED] - Delayed 3 second(s)

2020-05-27 19:36:39 - [TEST_STEP][PASSED] - sendKeys(NewInputNmField, Keys.chord(ENTER)): Keys 'ENTER + ' sent to object: 'Object Repository/Objects.HighlightElements/input_field'

2020-05-27 19:36:39 - [MESSAGE][PASSED] - Keys 'ENTER + ' sent to object: 'Object Repository/Objects.HighlightElements/input_field'

2020-05-27 19:36:39 - [TEST_STEP][PASSED] - ComboBoxValue = getAttribute(NewInputNmField, "value"): Attribute 'value' of object 'Object Repository/Objects.HighlightElements/input_field' is: ''

2020-05-27 19:36:40 - [MESSAGE][PASSED] - Attribute 'value' of object 'Object Repository/Objects.HighlightElements/input_field' is: ''

2020-05-27 19:36:40 - [TEST_STEP][PASSED] - callTestCase(findTestCase(CallTCName), ["FindValue":ComboBoxValue, "DropdownNm":comboNm], STOP_ON_FAILURE): Call Test Case 'Test Cases/PFI Precision and Scale/PFI Components/ConstantHashMap' successfully

2020-05-27 19:36:40 - [TEST_CASE][PASSED] - Test Cases/PFI Precision and Scale/PFI Components/ConstantHashMap: Test Cases/PFI Precision and Scale/PFI Components/ConstantHashMap

2020-05-27 19:36:40 - [TEST_STEP][PASSED] - ConstantTBL = [1:["PeriodType":"Working Day(s)"], 2:["PeriodType":"Calendar Day(s)"], 3:["PeriodType":"Month(s)"], 4:["TypeOfLetter":"T1"], ... ]: null

2020-05-27 19:36:40 - [TEST_STEP][PASSED] - switch (DropdownNm): null

2020-05-27 19:36:40 - [TEST_STEP][PASSED] - case "eotType":: null

2020-05-27 19:36:40 - [TEST_STEP][PASSED] - ValueFound = ConstantTBL.find({ -> ... }): null

2020-05-27 19:36:40 - [TEST_STEP][PASSED] - break: null

2020-05-27 19:36:40 - [MESSAGE][PASSED] - Call Test Case 'Test Cases/PFI Precision and Scale/PFI Components/ConstantHashMap' successfully

2020-05-27 19:36:40 - [TEST_STEP][PASSED] - println(ValueFound): null

2020-05-27 19:36:40 - [TEST_STEP][PASSED] - sendKeys(NewInputNmField, Keys.chord(ARROW_DOWN)): Keys 'DOWN + ' sent to object: 'Object Repository/Objects.HighlightElements/input_field'

2020-05-27 19:36:41 - [MESSAGE][PASSED] - Keys 'DOWN + ' sent to object: 'Object Repository/Objects.HighlightElements/input_field'

2020-05-27 19:36:41 - [TEST_STEP][PASSED] - sendKeys(NewInputNmField, Keys.chord(ARROW_DOWN)): Keys 'DOWN + ' sent to object: 'Object Repository/Objects.HighlightElements/input_field'

2020-05-27 19:36:41 - [MESSAGE][PASSED] - Keys 'DOWN + ' sent to object: 'Object Repository/Objects.HighlightElements/input_field'

2020-05-27 19:36:41 - [TEST_STEP][PASSED] - delay(DelayTime): Delayed 3 second(s)

2020-05-27 19:36:44 - [MESSAGE][PASSED] - Delayed 3 second(s)

2020-05-27 19:36:44 - [TEST_STEP][PASSED] - sendKeys(NewInputNmField, Keys.chord(ENTER)): Keys 'ENTER + ' sent to object: 'Object Repository/Objects.HighlightElements/input_field'

2020-05-27 19:36:45 - [MESSAGE][PASSED] - Keys 'ENTER + ' sent to object: 'Object Repository/Objects.HighlightElements/input_field'

2020-05-27 19:36:45 - [TEST_STEP][PASSED] - ComboBoxValue = getAttribute(NewInputNmField, "value"): Attribute 'value' of object 'Object Repository/Objects.HighlightElements/input_field' is: 'Appointment of PE for Visual Inspection'

2020-05-27 19:36:45 - [MESSAGE][PASSED] - Attribute 'value' of object 'Object Repository/Objects.HighlightElements/input_field' is: 'Appointment of PE for Visual Inspection'

2020-05-27 19:36:45 - [TEST_STEP][PASSED] - callTestCase(findTestCase(CallTCName), ["FindValue":ComboBoxValue, "DropdownNm":comboNm], STOP_ON_FAILURE): Call Test Case 'Test Cases/PFI Precision and Scale/PFI Components/ConstantHashMap' successfully

2020-05-27 19:36:45 - [TEST_CASE][PASSED] - Test Cases/PFI Precision and Scale/PFI Components/ConstantHashMap: Test Cases/PFI Precision and Scale/PFI Components/ConstantHashMap

2020-05-27 19:36:45 - [TEST_STEP][PASSED] - ConstantTBL = [1:["PeriodType":"Working Day(s)"], 2:["PeriodType":"Calendar Day(s)"], 3:["PeriodType":"Month(s)"], 4:["TypeOfLetter":"T1"], ... ]: null

2020-05-27 19:36:45 - [TEST_STEP][PASSED] - switch (DropdownNm): null

2020-05-27 19:36:45 - [TEST_STEP][PASSED] - case "eotType":: null

2020-05-27 19:36:45 - [TEST_STEP][PASSED] - ValueFound = ConstantTBL.find({ -> ... }): null

2020-05-27 19:36:45 - [TEST_STEP][PASSED] - break: null

2020-05-27 19:36:45 - [MESSAGE][PASSED] - Call Test Case 'Test Cases/PFI Precision and Scale/PFI Components/ConstantHashMap' successfully

2020-05-27 19:36:45 - [TEST_STEP][PASSED] - println(ValueFound): null

2020-05-27 19:36:45 - [TEST_STEP][PASSED] - sendKeys(NewInputNmField, Keys.chord(ARROW_DOWN)): Keys 'DOWN + ' sent to object: 'Object Repository/Objects.HighlightElements/input_field'

2020-05-27 19:36:45 - [MESSAGE][PASSED] - Keys 'DOWN + ' sent to object: 'Object Repository/Objects.HighlightElements/input_field'

2020-05-27 19:36:45 - [TEST_STEP][PASSED] - sendKeys(NewInputNmField, Keys.chord(ARROW_DOWN)): Keys 'DOWN + ' sent to object: 'Object Repository/Objects.HighlightElements/input_field'

2020-05-27 19:36:46 - [MESSAGE][PASSED] - Keys 'DOWN + ' sent to object: 'Object Repository/Objects.HighlightElements/input_field'

2020-05-27 19:36:46 - [TEST_STEP][PASSED] - delay(DelayTime): Delayed 3 second(s)

2020-05-27 19:36:49 - [MESSAGE][PASSED] - Delayed 3 second(s)

2020-05-27 19:36:49 - [TEST_STEP][PASSED] - sendKeys(NewInputNmField, Keys.chord(ENTER)): Keys 'ENTER + ' sent to object: 'Object Repository/Objects.HighlightElements/input_field'

2020-05-27 19:36:49 - [MESSAGE][PASSED] - Keys 'ENTER + ' sent to object: 'Object Repository/Objects.HighlightElements/input_field'

2020-05-27 19:36:49 - [TEST_STEP][PASSED] - ComboBoxValue = getAttribute(NewInputNmField, "value"): Attribute 'value' of object 'Object Repository/Objects.HighlightElements/input_field' is: 'Appointment of PE for FSI'

2020-05-27 19:36:50 - [MESSAGE][PASSED] - Attribute 'value' of object 'Object Repository/Objects.HighlightElements/input_field' is: 'Appointment of PE for FSI'

2020-05-27 19:36:50 - [TEST_STEP][PASSED] - callTestCase(findTestCase(CallTCName), ["FindValue":ComboBoxValue, "DropdownNm":comboNm], STOP_ON_FAILURE): Call Test Case 'Test Cases/PFI Precision and Scale/PFI Components/ConstantHashMap' successfully

2020-05-27 19:36:50 - [TEST_CASE][PASSED] - Test Cases/PFI Precision and Scale/PFI Components/ConstantHashMap: Test Cases/PFI Precision and Scale/PFI Components/ConstantHashMap

2020-05-27 19:36:50 - [TEST_STEP][PASSED] - ConstantTBL = [1:["PeriodType":"Working Day(s)"], 2:["PeriodType":"Calendar Day(s)"], 3:["PeriodType":"Month(s)"], 4:["TypeOfLetter":"T1"], ... ]: null

2020-05-27 19:36:50 - [TEST_STEP][PASSED] - switch (DropdownNm): null

2020-05-27 19:36:50 - [TEST_STEP][PASSED] - case "eotType":: null

2020-05-27 19:36:50 - [TEST_STEP][PASSED] - ValueFound = ConstantTBL.find({ -> ... }): null

2020-05-27 19:36:50 - [TEST_STEP][PASSED] - break: null

2020-05-27 19:36:50 - [MESSAGE][PASSED] - Call Test Case 'Test Cases/PFI Precision and Scale/PFI Components/ConstantHashMap' successfully

2020-05-27 19:36:50 - [TEST_STEP][PASSED] - println(ValueFound): null

2020-05-27 19:36:50 - [TEST_STEP][PASSED] - sendKeys(NewInputNmField, Keys.chord(ARROW_DOWN)): Keys 'DOWN + ' sent to object: 'Object Repository/Objects.HighlightElements/input_field'

2020-05-27 19:36:50 - [MESSAGE][PASSED] - Keys 'DOWN + ' sent to object: 'Object Repository/Objects.HighlightElements/input_field'

2020-05-27 19:36:50 - [TEST_STEP][PASSED] - sendKeys(NewInputNmField, Keys.chord(ARROW_DOWN)): Keys 'DOWN + ' sent to object: 'Object Repository/Objects.HighlightElements/input_field'

2020-05-27 19:36:51 - [MESSAGE][PASSED] - Keys 'DOWN + ' sent to object: 'Object Repository/Objects.HighlightElements/input_field'

2020-05-27 19:36:51 - [TEST_STEP][PASSED] - delay(DelayTime): Delayed 3 second(s)

2020-05-27 19:36:54 - [MESSAGE][PASSED] - Delayed 3 second(s)

2020-05-27 19:36:54 - [TEST_STEP][PASSED] - sendKeys(NewInputNmField, Keys.chord(ENTER)): Keys 'ENTER + ' sent to object: 'Object Repository/Objects.HighlightElements/input_field'

2020-05-27 19:36:54 - [MESSAGE][PASSED] - Keys 'ENTER + ' sent to object: 'Object Repository/Objects.HighlightElements/input_field'

2020-05-27 19:36:54 - [TEST_STEP][PASSED] - ComboBoxValue = getAttribute(NewInputNmField, "value"): Attribute 'value' of object 'Object Repository/Objects.HighlightElements/input_field' is: 'Submission of VIR'

2020-05-27 19:36:54 - [MESSAGE][PASSED] - Attribute 'value' of object 'Object Repository/Objects.HighlightElements/input_field' is: 'Submission of VIR'

2020-05-27 19:36:54 - [TEST_STEP][PASSED] - callTestCase(findTestCase(CallTCName), ["FindValue":ComboBoxValue, "DropdownNm":comboNm], STOP_ON_FAILURE): Call Test Case 'Test Cases/PFI Precision and Scale/PFI Components/ConstantHashMap' successfully

2020-05-27 19:36:54 - [TEST_CASE][PASSED] - Test Cases/PFI Precision and Scale/PFI Components/ConstantHashMap: Test Cases/PFI Precision and Scale/PFI Components/ConstantHashMap

2020-05-27 19:36:54 - [TEST_STEP][PASSED] - ConstantTBL = [1:["PeriodType":"Working Day(s)"], 2:["PeriodType":"Calendar Day(s)"], 3:["PeriodType":"Month(s)"], 4:["TypeOfLetter":"T1"], ... ]: null

2020-05-27 19:36:54 - [TEST_STEP][PASSED] - switch (DropdownNm): null

2020-05-27 19:36:54 - [TEST_STEP][PASSED] - case "eotType":: null

2020-05-27 19:36:54 - [TEST_STEP][PASSED] - ValueFound = ConstantTBL.find({ -> ... }): null

2020-05-27 19:36:54 - [TEST_STEP][PASSED] - break: null

2020-05-27 19:36:54 - [MESSAGE][PASSED] - Call Test Case 'Test Cases/PFI Precision and Scale/PFI Components/ConstantHashMap' successfully

2020-05-27 19:36:54 - [TEST_STEP][PASSED] - println(ValueFound): null

2020-05-27 19:36:54 - [TEST_STEP][PASSED] - sendKeys(NewInputNmField, Keys.chord(ARROW_DOWN)): Keys 'DOWN + ' sent to object: 'Object Repository/Objects.HighlightElements/input_field'

2020-05-27 19:36:55 - [MESSAGE][PASSED] - Keys 'DOWN + ' sent to object: 'Object Repository/Objects.HighlightElements/input_field'

2020-05-27 19:36:55 - [TEST_STEP][PASSED] - sendKeys(NewInputNmField, Keys.chord(ARROW_DOWN)): Keys 'DOWN + ' sent to object: 'Object Repository/Objects.HighlightElements/input_field'

2020-05-27 19:36:55 - [MESSAGE][PASSED] - Keys 'DOWN + ' sent to object: 'Object Repository/Objects.HighlightElements/input_field'

2020-05-27 19:36:55 - [TEST_STEP][PASSED] - delay(DelayTime): Delayed 3 second(s)

2020-05-27 19:36:58 - [MESSAGE][PASSED] - Delayed 3 second(s)

2020-05-27 19:36:58 - [TEST_STEP][PASSED] - sendKeys(NewInputNmField, Keys.chord(ENTER)): Keys 'ENTER + ' sent to object: 'Object Repository/Objects.HighlightElements/input_field'

2020-05-27 19:36:59 - [MESSAGE][PASSED] - Keys 'ENTER + ' sent to object: 'Object Repository/Objects.HighlightElements/input_field'

2020-05-27 19:36:59 - [TEST_STEP][PASSED] - ComboBoxValue = getAttribute(NewInputNmField, "value"): Attribute 'value' of object 'Object Repository/Objects.HighlightElements/input_field' is: 'Submission of FSI Report'

2020-05-27 19:36:59 - [MESSAGE][PASSED] - Attribute 'value' of object 'Object Repository/Objects.HighlightElements/input_field' is: 'Submission of FSI Report'

2020-05-27 19:36:59 - [TEST_STEP][PASSED] - callTestCase(findTestCase(CallTCName), ["FindValue":ComboBoxValue, "DropdownNm":comboNm], STOP_ON_FAILURE): Call Test Case 'Test Cases/PFI Precision and Scale/PFI Components/ConstantHashMap' successfully

2020-05-27 19:36:59 - [TEST_CASE][PASSED] - Test Cases/PFI Precision and Scale/PFI Components/ConstantHashMap: Test Cases/PFI Precision and Scale/PFI Components/ConstantHashMap

2020-05-27 19:36:59 - [TEST_STEP][PASSED] - ConstantTBL = [1:["PeriodType":"Working Day(s)"], 2:["PeriodType":"Calendar Day(s)"], 3:["PeriodType":"Month(s)"], 4:["TypeOfLetter":"T1"], ... ]: null

2020-05-27 19:36:59 - [TEST_STEP][PASSED] - switch (DropdownNm): null

2020-05-27 19:36:59 - [TEST_STEP][PASSED] - case "eotType":: null

2020-05-27 19:36:59 - [TEST_STEP][PASSED] - ValueFound = ConstantTBL.find({ -> ... }): null

2020-05-27 19:36:59 - [TEST_STEP][PASSED] - break: null

2020-05-27 19:36:59 - [MESSAGE][PASSED] - Call Test Case 'Test Cases/PFI Precision and Scale/PFI Components/ConstantHashMap' successfully

2020-05-27 19:36:59 - [TEST_STEP][PASSED] - println(ValueFound): null

2020-05-27 19:36:59 - [TEST_STEP][PASSED] - sendKeys(NewInputNmField, Keys.chord(ARROW_DOWN)): Keys 'DOWN + ' sent to object: 'Object Repository/Objects.HighlightElements/input_field'

2020-05-27 19:36:59 - [MESSAGE][PASSED] - Keys 'DOWN + ' sent to object: 'Object Repository/Objects.HighlightElements/input_field'

2020-05-27 19:36:59 - [TEST_STEP][PASSED] - sendKeys(NewInputNmField, Keys.chord(ENTER)): Keys 'ENTER + ' sent to object: 'Object Repository/Objects.HighlightElements/input_field'

2020-05-27 19:37:00 - [MESSAGE][PASSED] - Keys 'ENTER + ' sent to object: 'Object Repository/Objects.HighlightElements/input_field'

2020-05-27 19:37:00 - [MESSAGE][PASSED] - Call Test Case 'Test Cases/PFI Precision and Scale/PFI Components/VerifyDropdownValues' successfully

2020-05-27 19:37:00 - [TEST_STEP][PASSED] - callTestCase(findTestCase("Components/HighlightLabelField"), ["LblName":"EOT From Date *:"], STOP_ON_FAILURE): Call Test Case 'Test Cases/Components/HighlightLabelField' successfully

2020-05-27 19:37:00 - [TEST_CASE][PASSED] - Test Cases/Components/HighlightLabelField: Test Cases/Components/HighlightLabelField

2020-05-27 19:37:00 - [TEST_STEP][PASSED] - Thread.sleep(1000): null

2020-05-27 19:37:01 - [TEST_STEP][PASSED] - modifiedLblNm = modifyObjectProperty(findTestObject("Objects.HighlightElements/lblField"), "text", "equals", LblName, true): Modify property of object successfully

2020-05-27 19:37:01 - [MESSAGE][PASSED] - Modify property of object successfully

2020-05-27 19:37:01 - [TEST_STEP][PASSED] - com.reusableComponents.HighlightElement.run(modifiedLblNm): com.reusableComponents.HighlightElement.run is PASSED

2020-05-27 19:37:02 - [MESSAGE][PASSED] - com.reusableComponents.HighlightElement.run is PASSED

2020-05-27 19:37:02 - [MESSAGE][PASSED] - Call Test Case 'Test Cases/Components/HighlightLabelField' successfully

2020-05-27 19:37:02 - [TEST_STEP][PASSED] - callTestCase(findTestCase("Components/HighlightInputField"), ["InputFldName":"eotFromDate"], STOP_ON_FAILURE): Call Test Case 'Test Cases/Components/HighlightInputField' successfully

2020-05-27 19:37:02 - [TEST_CASE][PASSED] - Test Cases/Components/HighlightInputField: Test Cases/Components/HighlightInputField

2020-05-27 19:37:02 - [TEST_STEP][PASSED] - Thread.sleep(1000): null

2020-05-27 19:37:03 - [TEST_STEP][PASSED] - modifiedLblNm = modifyObjectProperty(findTestObject("Objects.HighlightElements/input_field"), "name", "equals", InputFldName, true): Modify property of object successfully

2020-05-27 19:37:03 - [MESSAGE][PASSED] - Modify property of object successfully

2020-05-27 19:37:03 - [TEST_STEP][PASSED] - com.reusableComponents.HighlightElement.run(modifiedLblNm): com.reusableComponents.HighlightElement.run is PASSED

2020-05-27 19:37:05 - [MESSAGE][PASSED] - com.reusableComponents.HighlightElement.run is PASSED

2020-05-27 19:37:05 - [MESSAGE][PASSED] - Call Test Case 'Test Cases/Components/HighlightInputField' successfully

2020-05-27 19:37:05 - [TEST_STEP][PASSED] - callTestCase(findTestCase("PFI Precision and Scale/PFI Components/SelectDayInDatePicker"), ["FldNm":"eotFromDate", "SelectDay":"May 30"], STOP_ON_FAILURE): Call Test Case 'Test Cases/PFI Precision and Scale/PFI Components/SelectDayInDatePicker' successfully

2020-05-27 19:37:05 - [TEST_CASE][PASSED] - Test Cases/PFI Precision and Scale/PFI Components/SelectDayInDatePicker: Test Cases/PFI Precision and Scale/PFI Components/SelectDayInDatePicker

2020-05-27 19:37:05 - [TEST_STEP][PASSED] - Thread.sleep(1000): null

2020-05-27 19:37:06 - [TEST_STEP][PASSED] - DateFieldNm = modifyObjectProperty(findTestObject("Objects.HighlightElements/input_field"), "name", "equals", FldNm, true): Modify property of object successfully

2020-05-27 19:37:06 - [MESSAGE][PASSED] - Modify property of object successfully

2020-05-27 19:37:06 - [TEST_STEP][PASSED] - ModifyDay = modifyObjectProperty(findTestObject("Objects.DateValidation/Page_ISPS2/Select_Day"), "aria-label", "equals", SelectDay, true): Modify property of object successfully

2020-05-27 19:37:06 - [MESSAGE][PASSED] - Modify property of object successfully

2020-05-27 19:37:06 - [TEST_STEP][PASSED] - sendKeys(DateFieldNm, Keys.chord(ARROW_DOWN)): Keys 'DOWN + ' sent to object: 'Object Repository/Objects.HighlightElements/input_field'

2020-05-27 19:37:07 - [MESSAGE][PASSED] - Keys 'DOWN + ' sent to object: 'Object Repository/Objects.HighlightElements/input_field'

2020-05-27 19:37:07 - [TEST_STEP][PASSED] - com.reusableComponents.HighlightElement.run(ModifyDay): com.reusableComponents.HighlightElement.run is PASSED

2020-05-27 19:37:08 - [MESSAGE][PASSED] - com.reusableComponents.HighlightElement.run is PASSED

2020-05-27 19:37:08 - [TEST_STEP][PASSED] - delay(1): Delayed 1 second(s)

2020-05-27 19:37:09 - [MESSAGE][PASSED] - Delayed 1 second(s)

2020-05-27 19:37:09 - [TEST_STEP][PASSED] - click(ModifyDay): Object: 'Object Repository/Objects.DateValidation/Page_ISPS2/Select_Day' is clicked on

2020-05-27 19:37:09 - [MESSAGE][PASSED] - Object: 'Object Repository/Objects.DateValidation/Page_ISPS2/Select_Day' is clicked on

2020-05-27 19:37:09 - [MESSAGE][PASSED] - Call Test Case 'Test Cases/PFI Precision and Scale/PFI Components/SelectDayInDatePicker' successfully

2020-05-27 19:37:09 - [TEST_STEP][PASSED] - callTestCase(findTestCase("PFI Precision and Scale/PFI Components/NumericTextboxValidationII"), ["nameToBeUsed":"eotFromDate", "minLen":11, "index":0], STOP_ON_FAILURE): Call Test Case 'Test Cases/PFI Precision and Scale/PFI Components/NumericTextboxValidationII' successfully

2020-05-27 19:37:09 - [TEST_CASE][PASSED] - Test Cases/PFI Precision and Scale/PFI Components/NumericTextboxValidationII: Test Cases/PFI Precision and Scale/PFI Components/NumericTextboxValidationII

2020-05-27 19:37:10 - [TEST_STEP][PASSED] - Thread.sleep(1000): null

2020-05-27 19:37:11 - [TEST_STEP][PASSED] - Numeric = "0123456789": null

2020-05-27 19:37:11 - [TEST_STEP][PASSED] - AlphaSpecialChar = z) + "`~!@#$%^&*()=_{}|\][;'":,?><"".join(): null

2020-05-27 19:37:11 - [TEST_STEP][PASSED] - RandomNumeric = RandomStringUtils.random(minLen, Numeric.toCharArray()): null

2020-05-27 19:37:11 - [TEST_STEP][PASSED] - RandomString = RandomStringUtils.random(minLen, AlphaSpecialChar): null

2020-05-27 19:37:11 - [TEST_STEP][PASSED] - regexPat = Pattern.compile("^[0-9]+$"): null

2020-05-27 19:37:11 - [TEST_STEP][PASSED] - NewInputNmField = modifyObjectProperty(findTestObject("Objects.RemarksValidation/input_Remarks"), "name", "equals", nameToBeUsed, true): Modify property of object successfully

2020-05-27 19:37:11 - [MESSAGE][PASSED] - Modify property of object successfully

2020-05-27 19:37:11 - [TEST_STEP][PASSED] - focus(NewInputNmField): Object: 'Object Repository/Objects.RemarksValidation/input_Remarks' is focused

2020-05-27 19:37:11 - [MESSAGE][PASSED] - Object: 'Object Repository/Objects.RemarksValidation/input_Remarks' is focused

2020-05-27 19:37:11 - [TEST_STEP][PASSED] - setText(NewInputNmField, RandomString): Text 're"Zqn{QhHV' is set on object 'Object Repository/Objects.RemarksValidation/input_Remarks'

2020-05-27 19:37:12 - [MESSAGE][PASSED] - Text 're"Zqn{QhHV' is set on object 'Object Repository/Objects.RemarksValidation/input_Remarks'

2020-05-27 19:37:12 - [TEST_STEP][PASSED] - GetInputVal = getAttribute(NewInputNmField, "value"): Attribute 'value' of object 'Object Repository/Objects.RemarksValidation/input_Remarks' is: ''

2020-05-27 19:37:12 - [MESSAGE][PASSED] - Attribute 'value' of object 'Object Repository/Objects.RemarksValidation/input_Remarks' is: ''

2020-05-27 19:37:12 - [TEST_STEP][PASSED] - if (GetInputVal.contains("e")): null

2020-05-27 19:37:12 - [TEST_STEP][PASSED] - else: Actual text '' and expected text '' are matched  using regular expression

2020-05-27 19:37:12 - [TEST_STEP][PASSED] - verifyMatch(GetInputVal, "", true): Actual text '' and expected text '' are matched  using regular expression

2020-05-27 19:37:12 - [MESSAGE][PASSED] - Actual text '' and expected text '' are matched  using regular expression

2020-05-27 19:37:12 - [TEST_STEP][PASSED] - setText(NewInputNmField, RandomNumeric): Text '48061365408' is set on object 'Object Repository/Objects.RemarksValidation/input_Remarks'

2020-05-27 19:37:13 - [MESSAGE][PASSED] - Text '48061365408' is set on object 'Object Repository/Objects.RemarksValidation/input_Remarks'

2020-05-27 19:37:13 - [TEST_STEP][PASSED] - GetEnteredIntegers = getAttribute(NewInputNmField, "value"): Attribute 'value' of object 'Object Repository/Objects.RemarksValidation/input_Remarks' is: '48061365408'

2020-05-27 19:37:13 - [MESSAGE][PASSED] - Attribute 'value' of object 'Object Repository/Objects.RemarksValidation/input_Remarks' is: '48061365408'

2020-05-27 19:37:13 - [TEST_STEP][PASSED] - matchStr = regexPat.matcher(GetEnteredIntegers): null

2020-05-27 19:37:13 - [TEST_STEP][PASSED] - if (matchStr.matches() == true): Accepting Numeric

2020-05-27 19:37:13 - [TEST_STEP][PASSED] - comment("Accepting Numeric"): Accepting Numeric

2020-05-27 19:37:13 - [MESSAGE][INFO] - Accepting Numeric

2020-05-27 19:37:13 - [MESSAGE][PASSED] - Call Test Case 'Test Cases/PFI Precision and Scale/PFI Components/NumericTextboxValidationII' successfully

2020-05-27 19:37:13 - [TEST_STEP][PASSED] - callTestCase(findTestCase("PFI Precision and Scale/PFI Components/StartTimeError"), ["FldNm":"eotFromDate", "index":0], STOP_ON_FAILURE): Call Test Case 'Test Cases/PFI Precision and Scale/PFI Components/StartTimeError' successfully

2020-05-27 19:37:13 - [TEST_CASE][PASSED] - Test Cases/PFI Precision and Scale/PFI Components/StartTimeError: Test Cases/PFI Precision and Scale/PFI Components/StartTimeError

2020-05-27 19:37:14 - [TEST_STEP][PASSED] - Thread.sleep(1000): null

2020-05-27 19:37:15 - [TEST_STEP][PASSED] - if (index == 0): Modify property of object successfully

2020-05-27 19:37:15 - [TEST_STEP][PASSED] - NewInputNmField = modifyObjectProperty(findTestObject("Objects.HighlightElements/input_field"), "name", "equals", FldNm, true): Modify property of object successfully

2020-05-27 19:37:15 - [MESSAGE][PASSED] - Modify property of object successfully

2020-05-27 19:37:15 - [TEST_STEP][PASSED] - mouseOver(NewInputNmField): Object: 'Object Repository/Objects.HighlightElements/input_field' is hovered

2020-05-27 19:37:16 - [MESSAGE][PASSED] - Object: 'Object Repository/Objects.HighlightElements/input_field' is hovered

2020-05-27 19:37:16 - [TEST_STEP][PASSED] - getInputInvalidDate = getAttribute(NewInputNmField, "value"): Attribute 'value' of object 'Object Repository/Objects.HighlightElements/input_field' is: '48061365408'

2020-05-27 19:37:16 - [MESSAGE][PASSED] - Attribute 'value' of object 'Object Repository/Objects.HighlightElements/input_field' is: '48061365408'

2020-05-27 19:37:16 - [TEST_STEP][PASSED] - getErrMsg = getAttribute(NewInputNmField, "data-errorqtip"): Attribute 'data-errorqtip' of object 'Object Repository/Objects.HighlightElements/input_field' is: '<ul class="x-list-plain"><li>Start time must be less than end time</li><li>48061365408 is not a valid date - it must be in the format d/m/Y</li></ul>'

2020-05-27 19:37:16 - [MESSAGE][PASSED] - Attribute 'data-errorqtip' of object 'Object Repository/Objects.HighlightElements/input_field' is: '<ul class="x-list-plain"><li>Start time must be less than end time</li><li>48061365408 is not a valid date - it must be in the format d/m/Y</li></ul>'

2020-05-27 19:37:16 - [TEST_STEP][PASSED] - RmvCd = getErrMsg.substring(0, 75): null

2020-05-27 19:37:16 - [TEST_STEP][PASSED] - FirstErrMsg = RmvCd.substring(29, 66): null

2020-05-27 19:37:16 - [TEST_STEP][PASSED] - getTotalLength = getErrMsg.length(): null

2020-05-27 19:37:16 - [TEST_STEP][PASSED] - RmvCd = getErrMsg.substring(75, getTotalLength): null

2020-05-27 19:37:16 - [TEST_STEP][PASSED] - lenInv = RmvCd.length() - 10: null

2020-05-27 19:37:16 - [TEST_STEP][PASSED] - InvErrMsg = RmvCd.substring(0, lenInv): null

2020-05-27 19:37:16 - [TEST_STEP][PASSED] - ExpectedInvalidErrMsg2 = concatenate(InvDtErr, " ", getInputInvalidDate, " ", NotValidDt): Concatenated string array: '['Start time must be less than end time',' ','48061365408',' ','is not a valid date - it must be in the format d/m/Y']' into 'Start time must be less than end time 48061365408 is not a valid date - it must be in the format d/m/Y'

2020-05-27 19:37:17 - [MESSAGE][PASSED] - Concatenated string array: '['Start time must be less than end time',' ','48061365408',' ','is not a valid date - it must be in the format d/m/Y']' into 'Start time must be less than end time 48061365408 is not a valid date - it must be in the format d/m/Y'

2020-05-27 19:37:17 - [TEST_STEP][PASSED] - ActualInvErrMsg = concatenate(FirstErrMsg, " ", InvErrMsg): Concatenated string array: '['Start time must be less than end time',' ','48061365408 is not a valid date - it must be in the format d/m/Y']' into 'Start time must be less than end time 48061365408 is not a valid date - it must be in the format d/m/Y'

2020-05-27 19:37:17 - [MESSAGE][PASSED] - Concatenated string array: '['Start time must be less than end time',' ','48061365408 is not a valid date - it must be in the format d/m/Y']' into 'Start time must be less than end time 48061365408 is not a valid date - it must be in the format d/m/Y'

2020-05-27 19:37:17 - [TEST_STEP][PASSED] - verifyMatch(ActualInvErrMsg, ExpectedInvalidErrMsg2, true): Actual text 'Start time must be less than end time 48061365408 is not a valid date - it must be in the format d/m/Y' and expected text 'Start time must be less than end time 48061365408 is not a valid date - it must be in the format d/m/Y' are matched  using regular expression

2020-05-27 19:37:17 - [MESSAGE][PASSED] - Actual text 'Start time must be less than end time 48061365408 is not a valid date - it must be in the format d/m/Y' and expected text 'Start time must be less than end time 48061365408 is not a valid date - it must be in the format d/m/Y' are matched  using regular expression

2020-05-27 19:37:17 - [MESSAGE][PASSED] - Call Test Case 'Test Cases/PFI Precision and Scale/PFI Components/StartTimeError' successfully

2020-05-27 19:37:17 - [TEST_STEP][PASSED] - callTestCase(findTestCase("PFI Precision and Scale/PFI Components/SelectTodayInDatePicker"), ["FldNm":"eotFromDate", "index":"1"], STOP_ON_FAILURE): Call Test Case 'Test Cases/PFI Precision and Scale/PFI Components/SelectTodayInDatePicker' successfully

2020-05-27 19:37:17 - [TEST_CASE][PASSED] - Test Cases/PFI Precision and Scale/PFI Components/SelectTodayInDatePicker: Test Cases/PFI Precision and Scale/PFI Components/SelectTodayInDatePicker

2020-05-27 19:37:17 - [TEST_STEP][PASSED] - Thread.sleep(1000): null

2020-05-27 19:37:18 - [TEST_STEP][PASSED] - DateFieldNm = modifyObjectProperty(findTestObject("Object Repository/Objects.DateValidation/Page_ISPS2/input__orderDt"), "name", "equals", FldNm, true): Modify property of object successfully

2020-05-27 19:37:18 - [MESSAGE][PASSED] - Modify property of object successfully

2020-05-27 19:37:18 - [TEST_STEP][PASSED] - TodayBtn = modifyObjectProperty(findTestObject("Object Repository/Objects.DateValidation/Page_ISPS2/a_Today"), "xpath", "equals", "(//*[text() = 'Today'])[" + index + "]", true): Modify property of object successfully

2020-05-27 19:37:18 - [MESSAGE][PASSED] - Modify property of object successfully

2020-05-27 19:37:18 - [TEST_STEP][PASSED] - sendKeys(DateFieldNm, Keys.chord(ARROW_DOWN)): Keys 'DOWN + ' sent to object: 'Object Repository/Objects.DateValidation/Page_ISPS2/input__orderDt'

2020-05-27 19:37:19 - [MESSAGE][PASSED] - Keys 'DOWN + ' sent to object: 'Object Repository/Objects.DateValidation/Page_ISPS2/input__orderDt'

2020-05-27 19:37:19 - [TEST_STEP][PASSED] - com.reusableComponents.HighlightElement.run(TodayBtn): com.reusableComponents.HighlightElement.run is PASSED

2020-05-27 19:37:20 - [MESSAGE][PASSED] - com.reusableComponents.HighlightElement.run is PASSED

2020-05-27 19:37:20 - [TEST_STEP][PASSED] - click(TodayBtn): Object: 'Object Repository/Objects.DateValidation/Page_ISPS2/a_Today' is clicked on

2020-05-27 19:37:20 - [MESSAGE][PASSED] - Object: 'Object Repository/Objects.DateValidation/Page_ISPS2/a_Today' is clicked on

2020-05-27 19:37:20 - [MESSAGE][PASSED] - Call Test Case 'Test Cases/PFI Precision and Scale/PFI Components/SelectTodayInDatePicker' successfully

2020-05-27 19:37:20 - [TEST_STEP][PASSED] - callTestCase(findTestCase("Components/HighlightLabelField"), ["LblName":"EOT To Date *:"], STOP_ON_FAILURE): Call Test Case 'Test Cases/Components/HighlightLabelField' successfully

2020-05-27 19:37:20 - [TEST_CASE][PASSED] - Test Cases/Components/HighlightLabelField: Test Cases/Components/HighlightLabelField

2020-05-27 19:37:20 - [TEST_STEP][PASSED] - Thread.sleep(1000): null

2020-05-27 19:37:21 - [TEST_STEP][PASSED] - modifiedLblNm = modifyObjectProperty(findTestObject("Objects.HighlightElements/lblField"), "text", "equals", LblName, true): Modify property of object successfully

2020-05-27 19:37:21 - [MESSAGE][PASSED] - Modify property of object successfully

2020-05-27 19:37:21 - [TEST_STEP][PASSED] - com.reusableComponents.HighlightElement.run(modifiedLblNm): com.reusableComponents.HighlightElement.run is PASSED

2020-05-27 19:37:23 - [MESSAGE][PASSED] - com.reusableComponents.HighlightElement.run is PASSED

2020-05-27 19:37:23 - [MESSAGE][PASSED] - Call Test Case 'Test Cases/Components/HighlightLabelField' successfully

2020-05-27 19:37:23 - [TEST_STEP][PASSED] - callTestCase(findTestCase("Components/HighlightInputField"), ["InputFldName":"eotToDate"], STOP_ON_FAILURE): Call Test Case 'Test Cases/Components/HighlightInputField' successfully

2020-05-27 19:37:23 - [TEST_CASE][PASSED] - Test Cases/Components/HighlightInputField: Test Cases/Components/HighlightInputField

2020-05-27 19:37:23 - [TEST_STEP][PASSED] - Thread.sleep(1000): null

2020-05-27 19:37:24 - [TEST_STEP][PASSED] - modifiedLblNm = modifyObjectProperty(findTestObject("Objects.HighlightElements/input_field"), "name", "equals", InputFldName, true): Modify property of object successfully

2020-05-27 19:37:24 - [MESSAGE][PASSED] - Modify property of object successfully

2020-05-27 19:37:24 - [TEST_STEP][PASSED] - com.reusableComponents.HighlightElement.run(modifiedLblNm): com.reusableComponents.HighlightElement.run is PASSED

2020-05-27 19:37:25 - [MESSAGE][PASSED] - com.reusableComponents.HighlightElement.run is PASSED

2020-05-27 19:37:25 - [MESSAGE][PASSED] - Call Test Case 'Test Cases/Components/HighlightInputField' successfully

2020-05-27 19:37:25 - [TEST_STEP][PASSED] - callTestCase(findTestCase("PFI Precision and Scale/PFI Components with Indexing/SelectDayInDatePickerWithIndex"), ["FldNm":"eotToDate", "SelectCurrentDay":"27", "index":4], STOP_ON_FAILURE): Call Test Case 'Test Cases/PFI Precision and Scale/PFI Components with Indexing/SelectDayInDatePickerWithIndex' successfully

2020-05-27 19:37:25 - [TEST_CASE][PASSED] - Test Cases/PFI Precision and Scale/PFI Components with Indexing/SelectDayInDatePickerWithIndex: Test Cases/PFI Precision and Scale/PFI Components with Indexing/SelectDayInDatePickerWithIndex

2020-05-27 19:37:25 - [TEST_STEP][PASSED] - Thread.sleep(1000): null

2020-05-27 19:37:26 - [TEST_STEP][PASSED] - DateFieldNm = modifyObjectProperty(findTestObject("Objects.HighlightElements/input_field"), "name", "equals", FldNm, true): Modify property of object successfully

2020-05-27 19:37:26 - [MESSAGE][PASSED] - Modify property of object successfully

2020-05-27 19:37:26 - [TEST_STEP][PASSED] - ModifyDay = modifyObjectProperty(findTestObject("Objects.DateValidation/Page_ISPS2/Select_Day_Index"), "xpath", "equals", "(//*[contains(@class, 'x-datepicker-date') and (text() = '" + SelectCurrentDay + "')])[" + index + "]", true): Modify property of object successfully

2020-05-27 19:37:27 - [MESSAGE][PASSED] - Modify property of object successfully

2020-05-27 19:37:27 - [TEST_STEP][PASSED] - sendKeys(DateFieldNm, Keys.chord(ARROW_DOWN)): Keys 'DOWN + ' sent to object: 'Object Repository/Objects.HighlightElements/input_field'

2020-05-27 19:37:27 - [MESSAGE][PASSED] - Keys 'DOWN + ' sent to object: 'Object Repository/Objects.HighlightElements/input_field'

2020-05-27 19:37:27 - [TEST_STEP][PASSED] - com.reusableComponents.HighlightElement.run(ModifyDay): com.reusableComponents.HighlightElement.run is PASSED

2020-05-27 19:37:28 - [MESSAGE][PASSED] - com.reusableComponents.HighlightElement.run is PASSED

2020-05-27 19:37:28 - [TEST_STEP][PASSED] - delay(1): Delayed 1 second(s)

2020-05-27 19:37:29 - [MESSAGE][PASSED] - Delayed 1 second(s)

2020-05-27 19:37:29 - [TEST_STEP][PASSED] - click(ModifyDay): Object: 'Object Repository/Objects.DateValidation/Page_ISPS2/Select_Day_Index' is clicked on

2020-05-27 19:37:30 - [MESSAGE][PASSED] - Object: 'Object Repository/Objects.DateValidation/Page_ISPS2/Select_Day_Index' is clicked on

2020-05-27 19:37:30 - [MESSAGE][PASSED] - Call Test Case 'Test Cases/PFI Precision and Scale/PFI Components with Indexing/SelectDayInDatePickerWithIndex' successfully

2020-05-27 19:37:30 - [TEST_STEP][PASSED] - callTestCase(findTestCase("PFI Precision and Scale/PFI Components/NumericTextboxValidationII"), ["nameToBeUsed":"eotToDate", "minLen":11, "index":0], STOP_ON_FAILURE): Call Test Case 'Test Cases/PFI Precision and Scale/PFI Components/NumericTextboxValidationII' successfully

2020-05-27 19:37:30 - [TEST_CASE][PASSED] - Test Cases/PFI Precision and Scale/PFI Components/NumericTextboxValidationII: Test Cases/PFI Precision and Scale/PFI Components/NumericTextboxValidationII

2020-05-27 19:37:30 - [TEST_STEP][PASSED] - Thread.sleep(1000): null

2020-05-27 19:37:31 - [TEST_STEP][PASSED] - Numeric = "0123456789": null

2020-05-27 19:37:31 - [TEST_STEP][PASSED] - AlphaSpecialChar = z) + "`~!@#$%^&*()=_{}|\][;'":,?><"".join(): null

2020-05-27 19:37:31 - [TEST_STEP][PASSED] - RandomNumeric = RandomStringUtils.random(minLen, Numeric.toCharArray()): null

2020-05-27 19:37:31 - [TEST_STEP][PASSED] - RandomString = RandomStringUtils.random(minLen, AlphaSpecialChar): null

2020-05-27 19:37:31 - [TEST_STEP][PASSED] - regexPat = Pattern.compile("^[0-9]+$"): null

2020-05-27 19:37:31 - [TEST_STEP][PASSED] - NewInputNmField = modifyObjectProperty(findTestObject("Objects.RemarksValidation/input_Remarks"), "name", "equals", nameToBeUsed, true): Modify property of object successfully

2020-05-27 19:37:31 - [MESSAGE][PASSED] - Modify property of object successfully

2020-05-27 19:37:31 - [TEST_STEP][PASSED] - focus(NewInputNmField): Object: 'Object Repository/Objects.RemarksValidation/input_Remarks' is focused

2020-05-27 19:37:31 - [MESSAGE][PASSED] - Object: 'Object Repository/Objects.RemarksValidation/input_Remarks' is focused

2020-05-27 19:37:31 - [TEST_STEP][PASSED] - setText(NewInputNmField, RandomString): Text 'aTnOKQfuYSi' is set on object 'Object Repository/Objects.RemarksValidation/input_Remarks'

2020-05-27 19:37:31 - [MESSAGE][PASSED] - Text 'aTnOKQfuYSi' is set on object 'Object Repository/Objects.RemarksValidation/input_Remarks'

2020-05-27 19:37:31 - [TEST_STEP][PASSED] - GetInputVal = getAttribute(NewInputNmField, "value"): Attribute 'value' of object 'Object Repository/Objects.RemarksValidation/input_Remarks' is: ''

2020-05-27 19:37:32 - [MESSAGE][PASSED] - Attribute 'value' of object 'Object Repository/Objects.RemarksValidation/input_Remarks' is: ''

2020-05-27 19:37:32 - [TEST_STEP][PASSED] - if (GetInputVal.contains("e")): null

2020-05-27 19:37:32 - [TEST_STEP][PASSED] - else: Actual text '' and expected text '' are matched  using regular expression

2020-05-27 19:37:32 - [TEST_STEP][PASSED] - verifyMatch(GetInputVal, "", true): Actual text '' and expected text '' are matched  using regular expression

2020-05-27 19:37:32 - [MESSAGE][PASSED] - Actual text '' and expected text '' are matched  using regular expression

2020-05-27 19:37:32 - [TEST_STEP][PASSED] - setText(NewInputNmField, RandomNumeric): Text '40500851533' is set on object 'Object Repository/Objects.RemarksValidation/input_Remarks'

2020-05-27 19:37:33 - [MESSAGE][PASSED] - Text '40500851533' is set on object 'Object Repository/Objects.RemarksValidation/input_Remarks'

2020-05-27 19:37:33 - [TEST_STEP][PASSED] - GetEnteredIntegers = getAttribute(NewInputNmField, "value"): Attribute 'value' of object 'Object Repository/Objects.RemarksValidation/input_Remarks' is: '40500851533'

2020-05-27 19:37:33 - [MESSAGE][PASSED] - Attribute 'value' of object 'Object Repository/Objects.RemarksValidation/input_Remarks' is: '40500851533'

2020-05-27 19:37:33 - [TEST_STEP][PASSED] - matchStr = regexPat.matcher(GetEnteredIntegers): null

2020-05-27 19:37:33 - [TEST_STEP][PASSED] - if (matchStr.matches() == true): Accepting Numeric

2020-05-27 19:37:33 - [TEST_STEP][PASSED] - comment("Accepting Numeric"): Accepting Numeric

2020-05-27 19:37:33 - [MESSAGE][INFO] - Accepting Numeric

2020-05-27 19:37:33 - [MESSAGE][PASSED] - Call Test Case 'Test Cases/PFI Precision and Scale/PFI Components/NumericTextboxValidationII' successfully

2020-05-27 19:37:33 - [TEST_STEP][PASSED] - callTestCase(findTestCase("PFI Precision and Scale/PFI Components/StartTimeError"), ["FldNm":"eotToDate", "index":0], STOP_ON_FAILURE): Call Test Case 'Test Cases/PFI Precision and Scale/PFI Components/StartTimeError' successfully

2020-05-27 19:37:33 - [TEST_CASE][PASSED] - Test Cases/PFI Precision and Scale/PFI Components/StartTimeError: Test Cases/PFI Precision and Scale/PFI Components/StartTimeError

2020-05-27 19:37:33 - [TEST_STEP][PASSED] - Thread.sleep(1000): null

2020-05-27 19:37:34 - [TEST_STEP][PASSED] - if (index == 0): Modify property of object successfully

2020-05-27 19:37:34 - [TEST_STEP][PASSED] - NewInputNmField = modifyObjectProperty(findTestObject("Objects.HighlightElements/input_field"), "name", "equals", FldNm, true): Modify property of object successfully

2020-05-27 19:37:34 - [MESSAGE][PASSED] - Modify property of object successfully

2020-05-27 19:37:34 - [TEST_STEP][PASSED] - mouseOver(NewInputNmField): Object: 'Object Repository/Objects.HighlightElements/input_field' is hovered

2020-05-27 19:37:35 - [MESSAGE][PASSED] - Object: 'Object Repository/Objects.HighlightElements/input_field' is hovered

2020-05-27 19:37:35 - [TEST_STEP][PASSED] - getInputInvalidDate = getAttribute(NewInputNmField, "value"): Attribute 'value' of object 'Object Repository/Objects.HighlightElements/input_field' is: '40500851533'

2020-05-27 19:37:35 - [MESSAGE][PASSED] - Attribute 'value' of object 'Object Repository/Objects.HighlightElements/input_field' is: '40500851533'

2020-05-27 19:37:35 - [TEST_STEP][PASSED] - getErrMsg = getAttribute(NewInputNmField, "data-errorqtip"): Attribute 'data-errorqtip' of object 'Object Repository/Objects.HighlightElements/input_field' is: '<ul class="x-list-plain"><li>Start time must be less than end time</li><li>40500851533 is not a valid date - it must be in the format d/m/Y</li></ul>'

2020-05-27 19:37:36 - [MESSAGE][PASSED] - Attribute 'data-errorqtip' of object 'Object Repository/Objects.HighlightElements/input_field' is: '<ul class="x-list-plain"><li>Start time must be less than end time</li><li>40500851533 is not a valid date - it must be in the format d/m/Y</li></ul>'

2020-05-27 19:37:36 - [TEST_STEP][PASSED] - RmvCd = getErrMsg.substring(0, 75): null

2020-05-27 19:37:36 - [TEST_STEP][PASSED] - FirstErrMsg = RmvCd.substring(29, 66): null

2020-05-27 19:37:36 - [TEST_STEP][PASSED] - getTotalLength = getErrMsg.length(): null

2020-05-27 19:37:36 - [TEST_STEP][PASSED] - RmvCd = getErrMsg.substring(75, getTotalLength): null

2020-05-27 19:37:36 - [TEST_STEP][PASSED] - lenInv = RmvCd.length() - 10: null

2020-05-27 19:37:36 - [TEST_STEP][PASSED] - InvErrMsg = RmvCd.substring(0, lenInv): null

2020-05-27 19:37:36 - [TEST_STEP][PASSED] - ExpectedInvalidErrMsg2 = concatenate(InvDtErr, " ", getInputInvalidDate, " ", NotValidDt): Concatenated string array: '['Start time must be less than end time',' ','40500851533',' ','is not a valid date - it must be in the format d/m/Y']' into 'Start time must be less than end time 40500851533 is not a valid date - it must be in the format d/m/Y'

2020-05-27 19:37:36 - [MESSAGE][PASSED] - Concatenated string array: '['Start time must be less than end time',' ','40500851533',' ','is not a valid date - it must be in the format d/m/Y']' into 'Start time must be less than end time 40500851533 is not a valid date - it must be in the format d/m/Y'

2020-05-27 19:37:36 - [TEST_STEP][PASSED] - ActualInvErrMsg = concatenate(FirstErrMsg, " ", InvErrMsg): Concatenated string array: '['Start time must be less than end time',' ','40500851533 is not a valid date - it must be in the format d/m/Y']' into 'Start time must be less than end time 40500851533 is not a valid date - it must be in the format d/m/Y'

2020-05-27 19:37:36 - [MESSAGE][PASSED] - Concatenated string array: '['Start time must be less than end time',' ','40500851533 is not a valid date - it must be in the format d/m/Y']' into 'Start time must be less than end time 40500851533 is not a valid date - it must be in the format d/m/Y'

2020-05-27 19:37:36 - [TEST_STEP][PASSED] - verifyMatch(ActualInvErrMsg, ExpectedInvalidErrMsg2, true): Actual text 'Start time must be less than end time 40500851533 is not a valid date - it must be in the format d/m/Y' and expected text 'Start time must be less than end time 40500851533 is not a valid date - it must be in the format d/m/Y' are matched  using regular expression

2020-05-27 19:37:36 - [MESSAGE][PASSED] - Actual text 'Start time must be less than end time 40500851533 is not a valid date - it must be in the format d/m/Y' and expected text 'Start time must be less than end time 40500851533 is not a valid date - it must be in the format d/m/Y' are matched  using regular expression

2020-05-27 19:37:36 - [MESSAGE][PASSED] - Call Test Case 'Test Cases/PFI Precision and Scale/PFI Components/StartTimeError' successfully

2020-05-27 19:37:36 - [TEST_STEP][PASSED] - callTestCase(findTestCase("PFI Precision and Scale/PFI Components/SelectTodayInDatePicker"), ["FldNm":"eotToDate", "index":"2"], STOP_ON_FAILURE): Call Test Case 'Test Cases/PFI Precision and Scale/PFI Components/SelectTodayInDatePicker' successfully

2020-05-27 19:37:36 - [TEST_CASE][PASSED] - Test Cases/PFI Precision and Scale/PFI Components/SelectTodayInDatePicker: Test Cases/PFI Precision and Scale/PFI Components/SelectTodayInDatePicker

2020-05-27 19:37:36 - [TEST_STEP][PASSED] - Thread.sleep(1000): null

2020-05-27 19:37:37 - [TEST_STEP][PASSED] - DateFieldNm = modifyObjectProperty(findTestObject("Object Repository/Objects.DateValidation/Page_ISPS2/input__orderDt"), "name", "equals", FldNm, true): Modify property of object successfully

2020-05-27 19:37:37 - [MESSAGE][PASSED] - Modify property of object successfully

2020-05-27 19:37:37 - [TEST_STEP][PASSED] - TodayBtn = modifyObjectProperty(findTestObject("Object Repository/Objects.DateValidation/Page_ISPS2/a_Today"), "xpath", "equals", "(//*[text() = 'Today'])[" + index + "]", true): Modify property of object successfully

2020-05-27 19:37:37 - [MESSAGE][PASSED] - Modify property of object successfully

2020-05-27 19:37:37 - [TEST_STEP][PASSED] - sendKeys(DateFieldNm, Keys.chord(ARROW_DOWN)): Keys 'DOWN + ' sent to object: 'Object Repository/Objects.DateValidation/Page_ISPS2/input__orderDt'

2020-05-27 19:37:37 - [MESSAGE][PASSED] - Keys 'DOWN + ' sent to object: 'Object Repository/Objects.DateValidation/Page_ISPS2/input__orderDt'

2020-05-27 19:37:37 - [TEST_STEP][PASSED] - com.reusableComponents.HighlightElement.run(TodayBtn): com.reusableComponents.HighlightElement.run is PASSED

2020-05-27 19:37:39 - [MESSAGE][PASSED] - com.reusableComponents.HighlightElement.run is PASSED

2020-05-27 19:37:39 - [TEST_STEP][PASSED] - click(TodayBtn): Object: 'Object Repository/Objects.DateValidation/Page_ISPS2/a_Today' is clicked on

2020-05-27 19:37:39 - [MESSAGE][PASSED] - Object: 'Object Repository/Objects.DateValidation/Page_ISPS2/a_Today' is clicked on

2020-05-27 19:37:39 - [MESSAGE][PASSED] - Call Test Case 'Test Cases/PFI Precision and Scale/PFI Components/SelectTodayInDatePicker' successfully

2020-05-27 19:37:39 - [TEST_STEP][PASSED] - callTestCase(findTestCase("PFI Precision and Scale/PFI Components/PastDateAfterError"), ["FldNm":"eotToDate"], STOP_ON_FAILURE): Call Test Case 'Test Cases/PFI Precision and Scale/PFI Components/PastDateAfterError' successfully

2020-05-27 19:37:39 - [TEST_CASE][PASSED] - Test Cases/PFI Precision and Scale/PFI Components/PastDateAfterError: Test Cases/PFI Precision and Scale/PFI Components/PastDateAfterError

2020-05-27 19:37:40 - [TEST_STEP][PASSED] - Thread.sleep(1000): null

2020-05-27 19:37:41 - [TEST_STEP][PASSED] - date = new java.util.Date(): null

2020-05-27 19:37:41 - [TEST_STEP][PASSED] - DateFormat = new java.text.SimpleDateFormat(dd/MM/yyyy): null

2020-05-27 19:37:41 - [TEST_STEP][PASSED] - CurrentDate = DateFormat.format(date): null

2020-05-27 19:37:41 - [TEST_STEP][PASSED] - DateFieldNm = modifyObjectProperty(findTestObject("Objects.HighlightElements/input_field"), "name", "equals", FldNm, true): Modify property of object successfully

2020-05-27 19:37:41 - [MESSAGE][PASSED] - Modify property of object successfully

2020-05-27 19:37:41 - [TEST_STEP][PASSED] - GetDateValue = getAttribute(DateFieldNm, "value"): Attribute 'value' of object 'Object Repository/Objects.HighlightElements/input_field' is: '27/05/2020'

2020-05-27 19:37:41 - [MESSAGE][PASSED] - Attribute 'value' of object 'Object Repository/Objects.HighlightElements/input_field' is: '27/05/2020'

2020-05-27 19:37:41 - [TEST_STEP][PASSED] - verifyMatch(GetDateValue, CurrentDate, true): Actual text '27/05/2020' and expected text '27/05/2020' are matched  using regular expression

2020-05-27 19:37:41 - [MESSAGE][PASSED] - Actual text '27/05/2020' and expected text '27/05/2020' are matched  using regular expression

2020-05-27 19:37:41 - [TEST_STEP][PASSED] - PastDate = date - 30: null

2020-05-27 19:37:41 - [TEST_STEP][PASSED] - PastDateFormatted = PastDate.format("dd/MM/yyyy"): null

2020-05-27 19:37:41 - [TEST_STEP][PASSED] - setText(DateFieldNm, PastDateFormatted): Text '27/04/2020' is set on object 'Object Repository/Objects.HighlightElements/input_field'

2020-05-27 19:37:42 - [MESSAGE][PASSED] - Text '27/04/2020' is set on object 'Object Repository/Objects.HighlightElements/input_field'

2020-05-27 19:37:42 - [TEST_STEP][PASSED] - mouseOver(DateFieldNm, STOP_ON_FAILURE): Object: 'Object Repository/Objects.HighlightElements/input_field' is hovered

2020-05-27 19:37:42 - [MESSAGE][PASSED] - Object: 'Object Repository/Objects.HighlightElements/input_field' is hovered

2020-05-27 19:37:42 - [TEST_STEP][PASSED] - PastDtErrMsg = getAttribute(DateFieldNm, "data-errorqtip", STOP_ON_FAILURE): Attribute 'data-errorqtip' of object 'Object Repository/Objects.HighlightElements/input_field' is: '<ul class="x-list-plain"><li>The date in this field must be after 27/05/2020</li></ul>'

2020-05-27 19:37:43 - [MESSAGE][PASSED] - Attribute 'data-errorqtip' of object 'Object Repository/Objects.HighlightElements/input_field' is: '<ul class="x-list-plain"><li>The date in this field must be after 27/05/2020</li></ul>'

2020-05-27 19:37:43 - [TEST_STEP][PASSED] - lenErrMsg = PastDtErrMsg.length(): null

2020-05-27 19:37:43 - [TEST_STEP][PASSED] - RmvCde = PastDtErrMsg.substring(29, lenErrMsg): null

2020-05-27 19:37:43 - [TEST_STEP][PASSED] - ActualErrDtMsg = RmvCde.substring(0, 47): null

2020-05-27 19:37:43 - [TEST_STEP][PASSED] - ExpectedErrDtMsg = concatenate(DtErrMsg, " ", CurrentDate): Concatenated string array: '['The date in this field must be after',' ','27/05/2020']' into 'The date in this field must be after 27/05/2020'

2020-05-27 19:37:43 - [MESSAGE][PASSED] - Concatenated string array: '['The date in this field must be after',' ','27/05/2020']' into 'The date in this field must be after 27/05/2020'

2020-05-27 19:37:43 - [TEST_STEP][PASSED] - verifyMatch(ActualErrDtMsg, ExpectedErrDtMsg, true): Actual text 'The date in this field must be after 27/05/2020' and expected text 'The date in this field must be after 27/05/2020' are matched  using regular expression

2020-05-27 19:37:43 - [MESSAGE][PASSED] - Actual text 'The date in this field must be after 27/05/2020' and expected text 'The date in this field must be after 27/05/2020' are matched  using regular expression

2020-05-27 19:37:43 - [TEST_STEP][PASSED] - FromDate = getAttribute(DateFieldNm, "value"): Attribute 'value' of object 'Object Repository/Objects.HighlightElements/input_field' is: '27/04/2020'

2020-05-27 19:37:43 - [MESSAGE][PASSED] - Attribute 'value' of object 'Object Repository/Objects.HighlightElements/input_field' is: '27/04/2020'

2020-05-27 19:37:43 - [MESSAGE][PASSED] - Call Test Case 'Test Cases/PFI Precision and Scale/PFI Components/PastDateAfterError' successfully

2020-05-27 19:37:43 - [TEST_STEP][PASSED] - callTestCase(findTestCase("PFI Precision and Scale/PFI Components/PastDateBeforeError"), ["FldNm":"eotFromDate"], STOP_ON_FAILURE): Call Test Case 'Test Cases/PFI Precision and Scale/PFI Components/PastDateBeforeError' successfully

2020-05-27 19:37:43 - [TEST_CASE][PASSED] - Test Cases/PFI Precision and Scale/PFI Components/PastDateBeforeError: Test Cases/PFI Precision and Scale/PFI Components/PastDateBeforeError

2020-05-27 19:37:44 - [TEST_STEP][PASSED] - Thread.sleep(1000): null

2020-05-27 19:37:45 - [TEST_STEP][PASSED] - DateFieldNm = modifyObjectProperty(findTestObject("Objects.HighlightElements/input_field"), "name", "equals", FldNm, true): Modify property of object successfully

2020-05-27 19:37:45 - [MESSAGE][PASSED] - Modify property of object successfully

2020-05-27 19:37:45 - [TEST_STEP][PASSED] - mouseOver(DateFieldNm): Object: 'Object Repository/Objects.HighlightElements/input_field' is hovered

2020-05-27 19:37:45 - [MESSAGE][PASSED] - Object: 'Object Repository/Objects.HighlightElements/input_field' is hovered

2020-05-27 19:37:45 - [TEST_STEP][PASSED] - PastDtErrMsg = getAttribute(DateFieldNm, "data-errorqtip", STOP_ON_FAILURE): Attribute 'data-errorqtip' of object 'Object Repository/Objects.HighlightElements/input_field' is: '<ul class="x-list-plain"><li>The date in this field must be before 27/04/2020</li></ul>'

2020-05-27 19:37:46 - [MESSAGE][PASSED] - Attribute 'data-errorqtip' of object 'Object Repository/Objects.HighlightElements/input_field' is: '<ul class="x-list-plain"><li>The date in this field must be before 27/04/2020</li></ul>'

2020-05-27 19:37:46 - [TEST_STEP][PASSED] - lenErrMsg = PastDtErrMsg.length(): null

2020-05-27 19:37:46 - [TEST_STEP][PASSED] - RmvCde = PastDtErrMsg.substring(29, lenErrMsg): null

2020-05-27 19:37:46 - [TEST_STEP][PASSED] - ActualErrDtMsg = RmvCde.substring(0, 48): null

2020-05-27 19:37:46 - [TEST_STEP][PASSED] - ExpectedErrDtMsg = concatenate(findTestData("PrecisionAndScaleDB").getValue("ErrorMessage", 7), " ", FromDate): Concatenated string array: '['The date in this field must be before',' ','27/04/2020']' into 'The date in this field must be before 27/04/2020'

2020-05-27 19:37:46 - [MESSAGE][PASSED] - Concatenated string array: '['The date in this field must be before',' ','27/04/2020']' into 'The date in this field must be before 27/04/2020'

2020-05-27 19:37:46 - [TEST_STEP][PASSED] - verifyMatch(ActualErrDtMsg, ExpectedErrDtMsg, true): Actual text 'The date in this field must be before 27/04/2020' and expected text 'The date in this field must be before 27/04/2020' are matched  using regular expression

2020-05-27 19:37:46 - [MESSAGE][PASSED] - Actual text 'The date in this field must be before 27/04/2020' and expected text 'The date in this field must be before 27/04/2020' are matched  using regular expression

2020-05-27 19:37:46 - [MESSAGE][PASSED] - Call Test Case 'Test Cases/PFI Precision and Scale/PFI Components/PastDateBeforeError' successfully

2020-05-27 19:37:46 - [TEST_STEP][PASSED] - callTestCase(findTestCase("Components/HighlightLabelField"), ["LblName":"Approve Officer *:"], STOP_ON_FAILURE): Call Test Case 'Test Cases/Components/HighlightLabelField' successfully

2020-05-27 19:37:46 - [TEST_CASE][PASSED] - Test Cases/Components/HighlightLabelField: Test Cases/Components/HighlightLabelField

2020-05-27 19:37:46 - [TEST_STEP][PASSED] - Thread.sleep(1000): null

2020-05-27 19:37:47 - [TEST_STEP][PASSED] - modifiedLblNm = modifyObjectProperty(findTestObject("Objects.HighlightElements/lblField"), "text", "equals", LblName, true): Modify property of object successfully

2020-05-27 19:37:47 - [MESSAGE][PASSED] - Modify property of object successfully

2020-05-27 19:37:47 - [TEST_STEP][PASSED] - com.reusableComponents.HighlightElement.run(modifiedLblNm): com.reusableComponents.HighlightElement.run is PASSED

2020-05-27 19:37:48 - [MESSAGE][PASSED] - com.reusableComponents.HighlightElement.run is PASSED

2020-05-27 19:37:48 - [MESSAGE][PASSED] - Call Test Case 'Test Cases/Components/HighlightLabelField' successfully

2020-05-27 19:37:48 - [TEST_STEP][PASSED] - callTestCase(findTestCase("Components/HighlightInputField"), ["InputFldName":"approveOfficerCmb"], STOP_ON_FAILURE): Call Test Case 'Test Cases/Components/HighlightInputField' successfully

2020-05-27 19:37:48 - [TEST_CASE][PASSED] - Test Cases/Components/HighlightInputField: Test Cases/Components/HighlightInputField

2020-05-27 19:37:48 - [TEST_STEP][PASSED] - Thread.sleep(1000): null

2020-05-27 19:37:49 - [TEST_STEP][PASSED] - modifiedLblNm = modifyObjectProperty(findTestObject("Objects.HighlightElements/input_field"), "name", "equals", InputFldName, true): Modify property of object successfully

2020-05-27 19:37:49 - [MESSAGE][PASSED] - Modify property of object successfully

2020-05-27 19:37:49 - [TEST_STEP][PASSED] - com.reusableComponents.HighlightElement.run(modifiedLblNm): com.reusableComponents.HighlightElement.run is PASSED

2020-05-27 19:37:50 - [MESSAGE][PASSED] - com.reusableComponents.HighlightElement.run is PASSED

2020-05-27 19:37:50 - [MESSAGE][PASSED] - Call Test Case 'Test Cases/Components/HighlightInputField' successfully

2020-05-27 19:37:50 - [TEST_STEP][PASSED] - callTestCase(findTestCase("PFI Precision and Scale/PFI Components/VerifyDropdownValues"), ["FldNm":"approveOfficerCmb", "index":0, "CallTCName":"PFI Precision and Scale/PFI Components/OfficerLists", "cmbNm":"", "NoOfVal":24, ... ], STOP_ON_FAILURE): Call Test Case 'Test Cases/PFI Precision and Scale/PFI Components/VerifyDropdownValues' successfully

2020-05-27 19:37:50 - [TEST_CASE][PASSED] - Test Cases/PFI Precision and Scale/PFI Components/VerifyDropdownValues: Test Cases/PFI Precision and Scale/PFI Components/VerifyDropdownValues

2020-05-27 19:37:50 - [TEST_STEP][PASSED] - Thread.sleep(1000): null

2020-05-27 19:37:51 - [TEST_STEP][PASSED] - NewInputNmField = modifyObjectProperty(findTestObject("Objects.HighlightElements/input_field"), "name", "equals", FldNm, true): Modify property of object successfully

2020-05-27 19:37:51 - [MESSAGE][PASSED] - Modify property of object successfully

2020-05-27 19:37:51 - [TEST_STEP][PASSED] - comboNm = cmbNm: null

2020-05-27 19:37:51 - [TEST_STEP][PASSED] - focus(NewInputNmField): Object: 'Object Repository/Objects.HighlightElements/input_field' is focused

2020-05-27 19:37:52 - [MESSAGE][PASSED] - Object: 'Object Repository/Objects.HighlightElements/input_field' is focused

2020-05-27 19:37:52 - [TEST_STEP][PASSED] - setText(NewInputNmField, EnterValue): Text '' is set on object 'Object Repository/Objects.HighlightElements/input_field'

2020-05-27 19:37:52 - [MESSAGE][PASSED] - Text '' is set on object 'Object Repository/Objects.HighlightElements/input_field'

2020-05-27 19:37:52 - [TEST_STEP][PASSED] - for ([i = 1, i <= NoOfVal, (i++)]): Keys 'DOWN + ' sent to object: 'Object Repository/Objects.HighlightElements/input_field'

2020-05-27 19:37:52 - [TEST_STEP][PASSED] - sendKeys(NewInputNmField, Keys.chord(ARROW_DOWN)): Keys 'DOWN + ' sent to object: 'Object Repository/Objects.HighlightElements/input_field'

2020-05-27 19:37:53 - [MESSAGE][PASSED] - Keys 'DOWN + ' sent to object: 'Object Repository/Objects.HighlightElements/input_field'

2020-05-27 19:37:53 - [TEST_STEP][PASSED] - delay(DelayTime): Delayed 0 second(s)

2020-05-27 19:37:53 - [MESSAGE][PASSED] - Delayed 0 second(s)

2020-05-27 19:37:53 - [TEST_STEP][PASSED] - sendKeys(NewInputNmField, Keys.chord(ENTER)): Keys 'ENTER + ' sent to object: 'Object Repository/Objects.HighlightElements/input_field'

2020-05-27 19:37:53 - [MESSAGE][PASSED] - Keys 'ENTER + ' sent to object: 'Object Repository/Objects.HighlightElements/input_field'

2020-05-27 19:37:53 - [TEST_STEP][PASSED] - ComboBoxValue = getAttribute(NewInputNmField, "value"): Attribute 'value' of object 'Object Repository/Objects.HighlightElements/input_field' is: 'Aaron Sham Wai Lun (AARON)'

2020-05-27 19:37:54 - [MESSAGE][PASSED] - Attribute 'value' of object 'Object Repository/Objects.HighlightElements/input_field' is: 'Aaron Sham Wai Lun (AARON)'

2020-05-27 19:37:54 - [TEST_STEP][PASSED] - callTestCase(findTestCase(CallTCName), ["FindValue":ComboBoxValue, "DropdownNm":comboNm], STOP_ON_FAILURE): Call Test Case 'Test Cases/PFI Precision and Scale/PFI Components/OfficerLists' successfully

2020-05-27 19:37:54 - [TEST_CASE][PASSED] - Test Cases/PFI Precision and Scale/PFI Components/OfficerLists: Test Cases/PFI Precision and Scale/PFI Components/OfficerLists

2020-05-27 19:37:54 - [TEST_STEP][PASSED] - Thread.sleep(1000): null

2020-05-27 19:37:55 - [TEST_STEP][PASSED] - OfficerLists = [1:"Aaron Sham Wai Lun (AARON)", 2:"Azidah Bte Akmad (Mdm) (USAABD)", 3:"Chung Fong Nyen (USACFN)", 4:"David Tey Dah Wei (DAHWEI)", ... ]: null

2020-05-27 19:37:55 - [TEST_STEP][PASSED] - ValueFound = OfficerLists.find({ -> ... }): null

2020-05-27 19:37:55 - [MESSAGE][PASSED] - Call Test Case 'Test Cases/PFI Precision and Scale/PFI Components/OfficerLists' successfully

2020-05-27 19:37:55 - [TEST_STEP][PASSED] - println(ValueFound): null

2020-05-27 19:37:55 - [TEST_STEP][PASSED] - sendKeys(NewInputNmField, Keys.chord(ARROW_DOWN)): Keys 'DOWN + ' sent to object: 'Object Repository/Objects.HighlightElements/input_field'

2020-05-27 19:37:56 - [MESSAGE][PASSED] - Keys 'DOWN + ' sent to object: 'Object Repository/Objects.HighlightElements/input_field'

2020-05-27 19:37:56 - [TEST_STEP][PASSED] - sendKeys(NewInputNmField, Keys.chord(ARROW_DOWN)): Keys 'DOWN + ' sent to object: 'Object Repository/Objects.HighlightElements/input_field'

2020-05-27 19:37:56 - [MESSAGE][PASSED] - Keys 'DOWN + ' sent to object: 'Object Repository/Objects.HighlightElements/input_field'

2020-05-27 19:37:56 - [TEST_STEP][PASSED] - delay(DelayTime): Delayed 0 second(s)

2020-05-27 19:37:56 - [MESSAGE][PASSED] - Delayed 0 second(s)

2020-05-27 19:37:56 - [TEST_STEP][PASSED] - sendKeys(NewInputNmField, Keys.chord(ENTER)): Keys 'ENTER + ' sent to object: 'Object Repository/Objects.HighlightElements/input_field'

2020-05-27 19:37:57 - [MESSAGE][PASSED] - Keys 'ENTER + ' sent to object: 'Object Repository/Objects.HighlightElements/input_field'

2020-05-27 19:37:57 - [TEST_STEP][PASSED] - ComboBoxValue = getAttribute(NewInputNmField, "value"): Attribute 'value' of object 'Object Repository/Objects.HighlightElements/input_field' is: 'Azidah Bte Akmad (Mdm) (USAABD)'

2020-05-27 19:37:57 - [MESSAGE][PASSED] - Attribute 'value' of object 'Object Repository/Objects.HighlightElements/input_field' is: 'Azidah Bte Akmad (Mdm) (USAABD)'

2020-05-27 19:37:57 - [TEST_STEP][PASSED] - callTestCase(findTestCase(CallTCName), ["FindValue":ComboBoxValue, "DropdownNm":comboNm], STOP_ON_FAILURE): Call Test Case 'Test Cases/PFI Precision and Scale/PFI Components/OfficerLists' successfully

2020-05-27 19:37:57 - [TEST_CASE][PASSED] - Test Cases/PFI Precision and Scale/PFI Components/OfficerLists: Test Cases/PFI Precision and Scale/PFI Components/OfficerLists

2020-05-27 19:37:57 - [TEST_STEP][PASSED] - Thread.sleep(1000): null

2020-05-27 19:37:58 - [TEST_STEP][PASSED] - OfficerLists = [1:"Aaron Sham Wai Lun (AARON)", 2:"Azidah Bte Akmad (Mdm) (USAABD)", 3:"Chung Fong Nyen (USACFN)", 4:"David Tey Dah Wei (DAHWEI)", ... ]: null

2020-05-27 19:37:58 - [TEST_STEP][PASSED] - ValueFound = OfficerLists.find({ -> ... }): null

2020-05-27 19:37:58 - [MESSAGE][PASSED] - Call Test Case 'Test Cases/PFI Precision and Scale/PFI Components/OfficerLists' successfully

2020-05-27 19:37:58 - [TEST_STEP][PASSED] - println(ValueFound): null

2020-05-27 19:37:58 - [TEST_STEP][PASSED] - sendKeys(NewInputNmField, Keys.chord(ARROW_DOWN)): Keys 'DOWN + ' sent to object: 'Object Repository/Objects.HighlightElements/input_field'

2020-05-27 19:37:58 - [MESSAGE][PASSED] - Keys 'DOWN + ' sent to object: 'Object Repository/Objects.HighlightElements/input_field'

2020-05-27 19:37:58 - [TEST_STEP][PASSED] - sendKeys(NewInputNmField, Keys.chord(ARROW_DOWN)): Keys 'DOWN + ' sent to object: 'Object Repository/Objects.HighlightElements/input_field'

2020-05-27 19:37:59 - [MESSAGE][PASSED] - Keys 'DOWN + ' sent to object: 'Object Repository/Objects.HighlightElements/input_field'

2020-05-27 19:37:59 - [TEST_STEP][PASSED] - delay(DelayTime): Delayed 0 second(s)

2020-05-27 19:37:59 - [MESSAGE][PASSED] - Delayed 0 second(s)

2020-05-27 19:37:59 - [TEST_STEP][PASSED] - sendKeys(NewInputNmField, Keys.chord(ENTER)): Keys 'ENTER + ' sent to object: 'Object Repository/Objects.HighlightElements/input_field'

2020-05-27 19:37:59 - [MESSAGE][PASSED] - Keys 'ENTER + ' sent to object: 'Object Repository/Objects.HighlightElements/input_field'

2020-05-27 19:37:59 - [TEST_STEP][PASSED] - ComboBoxValue = getAttribute(NewInputNmField, "value"): Attribute 'value' of object 'Object Repository/Objects.HighlightElements/input_field' is: 'Chung Fong Nyen (USACFN)'

2020-05-27 19:38:00 - [MESSAGE][PASSED] - Attribute 'value' of object 'Object Repository/Objects.HighlightElements/input_field' is: 'Chung Fong Nyen (USACFN)'

2020-05-27 19:38:00 - [TEST_STEP][PASSED] - callTestCase(findTestCase(CallTCName), ["FindValue":ComboBoxValue, "DropdownNm":comboNm], STOP_ON_FAILURE): Call Test Case 'Test Cases/PFI Precision and Scale/PFI Components/OfficerLists' successfully

2020-05-27 19:38:00 - [TEST_CASE][PASSED] - Test Cases/PFI Precision and Scale/PFI Components/OfficerLists: Test Cases/PFI Precision and Scale/PFI Components/OfficerLists

2020-05-27 19:38:00 - [TEST_STEP][PASSED] - Thread.sleep(1000): null

2020-05-27 19:38:01 - [TEST_STEP][PASSED] - OfficerLists = [1:"Aaron Sham Wai Lun (AARON)", 2:"Azidah Bte Akmad (Mdm) (USAABD)", 3:"Chung Fong Nyen (USACFN)", 4:"David Tey Dah Wei (DAHWEI)", ... ]: null

2020-05-27 19:38:01 - [TEST_STEP][PASSED] - ValueFound = OfficerLists.find({ -> ... }): null

2020-05-27 19:38:01 - [MESSAGE][PASSED] - Call Test Case 'Test Cases/PFI Precision and Scale/PFI Components/OfficerLists' successfully

2020-05-27 19:38:01 - [TEST_STEP][PASSED] - println(ValueFound): null

2020-05-27 19:38:01 - [TEST_STEP][PASSED] - sendKeys(NewInputNmField, Keys.chord(ARROW_DOWN)): Keys 'DOWN + ' sent to object: 'Object Repository/Objects.HighlightElements/input_field'

2020-05-27 19:38:01 - [MESSAGE][PASSED] - Keys 'DOWN + ' sent to object: 'Object Repository/Objects.HighlightElements/input_field'

2020-05-27 19:38:01 - [TEST_STEP][PASSED] - sendKeys(NewInputNmField, Keys.chord(ARROW_DOWN)): Keys 'DOWN + ' sent to object: 'Object Repository/Objects.HighlightElements/input_field'

2020-05-27 19:38:02 - [MESSAGE][PASSED] - Keys 'DOWN + ' sent to object: 'Object Repository/Objects.HighlightElements/input_field'

2020-05-27 19:38:02 - [TEST_STEP][PASSED] - delay(DelayTime): Delayed 0 second(s)

2020-05-27 19:38:02 - [MESSAGE][PASSED] - Delayed 0 second(s)

2020-05-27 19:38:02 - [TEST_STEP][PASSED] - sendKeys(NewInputNmField, Keys.chord(ENTER)): Keys 'ENTER + ' sent to object: 'Object Repository/Objects.HighlightElements/input_field'

2020-05-27 19:38:02 - [MESSAGE][PASSED] - Keys 'ENTER + ' sent to object: 'Object Repository/Objects.HighlightElements/input_field'

2020-05-27 19:38:02 - [TEST_STEP][PASSED] - ComboBoxValue = getAttribute(NewInputNmField, "value"): Attribute 'value' of object 'Object Repository/Objects.HighlightElements/input_field' is: 'David Tey Dah Wei (DAHWEI)'

2020-05-27 19:38:03 - [MESSAGE][PASSED] - Attribute 'value' of object 'Object Repository/Objects.HighlightElements/input_field' is: 'David Tey Dah Wei (DAHWEI)'

2020-05-27 19:38:03 - [TEST_STEP][PASSED] - callTestCase(findTestCase(CallTCName), ["FindValue":ComboBoxValue, "DropdownNm":comboNm], STOP_ON_FAILURE): Call Test Case 'Test Cases/PFI Precision and Scale/PFI Components/OfficerLists' successfully

2020-05-27 19:38:03 - [TEST_CASE][PASSED] - Test Cases/PFI Precision and Scale/PFI Components/OfficerLists: Test Cases/PFI Precision and Scale/PFI Components/OfficerLists

2020-05-27 19:38:03 - [TEST_STEP][PASSED] - Thread.sleep(1000): null

2020-05-27 19:38:04 - [TEST_STEP][PASSED] - OfficerLists = [1:"Aaron Sham Wai Lun (AARON)", 2:"Azidah Bte Akmad (Mdm) (USAABD)", 3:"Chung Fong Nyen (USACFN)", 4:"David Tey Dah Wei (DAHWEI)", ... ]: null

2020-05-27 19:38:04 - [TEST_STEP][PASSED] - ValueFound = OfficerLists.find({ -> ... }): null

2020-05-27 19:38:04 - [MESSAGE][PASSED] - Call Test Case 'Test Cases/PFI Precision and Scale/PFI Components/OfficerLists' successfully

2020-05-27 19:38:04 - [TEST_STEP][PASSED] - println(ValueFound): null

2020-05-27 19:38:04 - [TEST_STEP][PASSED] - sendKeys(NewInputNmField, Keys.chord(ARROW_DOWN)): Keys 'DOWN + ' sent to object: 'Object Repository/Objects.HighlightElements/input_field'

2020-05-27 19:38:04 - [MESSAGE][PASSED] - Keys 'DOWN + ' sent to object: 'Object Repository/Objects.HighlightElements/input_field'

2020-05-27 19:38:04 - [TEST_STEP][PASSED] - sendKeys(NewInputNmField, Keys.chord(ARROW_DOWN)): Keys 'DOWN + ' sent to object: 'Object Repository/Objects.HighlightElements/input_field'

2020-05-27 19:38:05 - [MESSAGE][PASSED] - Keys 'DOWN + ' sent to object: 'Object Repository/Objects.HighlightElements/input_field'

2020-05-27 19:38:05 - [TEST_STEP][PASSED] - delay(DelayTime): Delayed 0 second(s)

2020-05-27 19:38:05 - [MESSAGE][PASSED] - Delayed 0 second(s)

2020-05-27 19:38:05 - [TEST_STEP][PASSED] - sendKeys(NewInputNmField, Keys.chord(ENTER)): Keys 'ENTER + ' sent to object: 'Object Repository/Objects.HighlightElements/input_field'

2020-05-27 19:38:05 - [MESSAGE][PASSED] - Keys 'ENTER + ' sent to object: 'Object Repository/Objects.HighlightElements/input_field'

2020-05-27 19:38:05 - [TEST_STEP][PASSED] - ComboBoxValue = getAttribute(NewInputNmField, "value"): Attribute 'value' of object 'Object Repository/Objects.HighlightElements/input_field' is: 'Han Wann Kuang (WANNKUANG)'

2020-05-27 19:38:06 - [MESSAGE][PASSED] - Attribute 'value' of object 'Object Repository/Objects.HighlightElements/input_field' is: 'Han Wann Kuang (WANNKUANG)'

2020-05-27 19:38:06 - [TEST_STEP][PASSED] - callTestCase(findTestCase(CallTCName), ["FindValue":ComboBoxValue, "DropdownNm":comboNm], STOP_ON_FAILURE): Call Test Case 'Test Cases/PFI Precision and Scale/PFI Components/OfficerLists' successfully

2020-05-27 19:38:06 - [TEST_CASE][PASSED] - Test Cases/PFI Precision and Scale/PFI Components/OfficerLists: Test Cases/PFI Precision and Scale/PFI Components/OfficerLists

2020-05-27 19:38:06 - [TEST_STEP][PASSED] - Thread.sleep(1000): null

2020-05-27 19:38:07 - [TEST_STEP][PASSED] - OfficerLists = [1:"Aaron Sham Wai Lun (AARON)", 2:"Azidah Bte Akmad (Mdm) (USAABD)", 3:"Chung Fong Nyen (USACFN)", 4:"David Tey Dah Wei (DAHWEI)", ... ]: null

2020-05-27 19:38:07 - [TEST_STEP][PASSED] - ValueFound = OfficerLists.find({ -> ... }): null

2020-05-27 19:38:07 - [MESSAGE][PASSED] - Call Test Case 'Test Cases/PFI Precision and Scale/PFI Components/OfficerLists' successfully

2020-05-27 19:38:07 - [TEST_STEP][PASSED] - println(ValueFound): null

2020-05-27 19:38:07 - [TEST_STEP][PASSED] - sendKeys(NewInputNmField, Keys.chord(ARROW_DOWN)): Keys 'DOWN + ' sent to object: 'Object Repository/Objects.HighlightElements/input_field'

2020-05-27 19:38:07 - [MESSAGE][PASSED] - Keys 'DOWN + ' sent to object: 'Object Repository/Objects.HighlightElements/input_field'

2020-05-27 19:38:07 - [TEST_STEP][PASSED] - sendKeys(NewInputNmField, Keys.chord(ARROW_DOWN)): Keys 'DOWN + ' sent to object: 'Object Repository/Objects.HighlightElements/input_field'

2020-05-27 19:38:08 - [MESSAGE][PASSED] - Keys 'DOWN + ' sent to object: 'Object Repository/Objects.HighlightElements/input_field'

2020-05-27 19:38:08 - [TEST_STEP][PASSED] - delay(DelayTime): Delayed 0 second(s)

2020-05-27 19:38:08 - [MESSAGE][PASSED] - Delayed 0 second(s)

2020-05-27 19:38:08 - [TEST_STEP][PASSED] - sendKeys(NewInputNmField, Keys.chord(ENTER)): Keys 'ENTER + ' sent to object: 'Object Repository/Objects.HighlightElements/input_field'

2020-05-27 19:38:08 - [MESSAGE][PASSED] - Keys 'ENTER + ' sent to object: 'Object Repository/Objects.HighlightElements/input_field'

2020-05-27 19:38:08 - [TEST_STEP][PASSED] - ComboBoxValue = getAttribute(NewInputNmField, "value"): Attribute 'value' of object 'Object Repository/Objects.HighlightElements/input_field' is: 'Ho You Leong (YOULEONG)'

2020-05-27 19:38:09 - [MESSAGE][PASSED] - Attribute 'value' of object 'Object Repository/Objects.HighlightElements/input_field' is: 'Ho You Leong (YOULEONG)'

2020-05-27 19:38:09 - [TEST_STEP][PASSED] - callTestCase(findTestCase(CallTCName), ["FindValue":ComboBoxValue, "DropdownNm":comboNm], STOP_ON_FAILURE): Call Test Case 'Test Cases/PFI Precision and Scale/PFI Components/OfficerLists' successfully

2020-05-27 19:38:09 - [TEST_CASE][PASSED] - Test Cases/PFI Precision and Scale/PFI Components/OfficerLists: Test Cases/PFI Precision and Scale/PFI Components/OfficerLists

2020-05-27 19:38:09 - [TEST_STEP][PASSED] - Thread.sleep(1000): null

2020-05-27 19:38:10 - [TEST_STEP][PASSED] - OfficerLists = [1:"Aaron Sham Wai Lun (AARON)", 2:"Azidah Bte Akmad (Mdm) (USAABD)", 3:"Chung Fong Nyen (USACFN)", 4:"David Tey Dah Wei (DAHWEI)", ... ]: null

2020-05-27 19:38:10 - [TEST_STEP][PASSED] - ValueFound = OfficerLists.find({ -> ... }): null

2020-05-27 19:38:10 - [MESSAGE][PASSED] - Call Test Case 'Test Cases/PFI Precision and Scale/PFI Components/OfficerLists' successfully

2020-05-27 19:38:10 - [TEST_STEP][PASSED] - println(ValueFound): null

2020-05-27 19:38:10 - [TEST_STEP][PASSED] - sendKeys(NewInputNmField, Keys.chord(ARROW_DOWN)): Keys 'DOWN + ' sent to object: 'Object Repository/Objects.HighlightElements/input_field'

2020-05-27 19:38:10 - [MESSAGE][PASSED] - Keys 'DOWN + ' sent to object: 'Object Repository/Objects.HighlightElements/input_field'

2020-05-27 19:38:10 - [TEST_STEP][PASSED] - sendKeys(NewInputNmField, Keys.chord(ARROW_DOWN)): Keys 'DOWN + ' sent to object: 'Object Repository/Objects.HighlightElements/input_field'

2020-05-27 19:38:10 - [MESSAGE][PASSED] - Keys 'DOWN + ' sent to object: 'Object Repository/Objects.HighlightElements/input_field'

2020-05-27 19:38:10 - [TEST_STEP][PASSED] - delay(DelayTime): Delayed 0 second(s)

2020-05-27 19:38:10 - [MESSAGE][PASSED] - Delayed 0 second(s)

2020-05-27 19:38:10 - [TEST_STEP][PASSED] - sendKeys(NewInputNmField, Keys.chord(ENTER)): Keys 'ENTER + ' sent to object: 'Object Repository/Objects.HighlightElements/input_field'

2020-05-27 19:38:11 - [MESSAGE][PASSED] - Keys 'ENTER + ' sent to object: 'Object Repository/Objects.HighlightElements/input_field'

2020-05-27 19:38:11 - [TEST_STEP][PASSED] - ComboBoxValue = getAttribute(NewInputNmField, "value"): Attribute 'value' of object 'Object Repository/Objects.HighlightElements/input_field' is: 'Joseph Lim Pheng Weng (PHENGWENG)'

2020-05-27 19:38:11 - [MESSAGE][PASSED] - Attribute 'value' of object 'Object Repository/Objects.HighlightElements/input_field' is: 'Joseph Lim Pheng Weng (PHENGWENG)'

2020-05-27 19:38:11 - [TEST_STEP][PASSED] - callTestCase(findTestCase(CallTCName), ["FindValue":ComboBoxValue, "DropdownNm":comboNm], STOP_ON_FAILURE): Call Test Case 'Test Cases/PFI Precision and Scale/PFI Components/OfficerLists' successfully

2020-05-27 19:38:12 - [TEST_CASE][PASSED] - Test Cases/PFI Precision and Scale/PFI Components/OfficerLists: Test Cases/PFI Precision and Scale/PFI Components/OfficerLists

2020-05-27 19:38:12 - [TEST_STEP][PASSED] - Thread.sleep(1000): null

2020-05-27 19:38:13 - [TEST_STEP][PASSED] - OfficerLists = [1:"Aaron Sham Wai Lun (AARON)", 2:"Azidah Bte Akmad (Mdm) (USAABD)", 3:"Chung Fong Nyen (USACFN)", 4:"David Tey Dah Wei (DAHWEI)", ... ]: null

2020-05-27 19:38:13 - [TEST_STEP][PASSED] - ValueFound = OfficerLists.find({ -> ... }): null

2020-05-27 19:38:13 - [MESSAGE][PASSED] - Call Test Case 'Test Cases/PFI Precision and Scale/PFI Components/OfficerLists' successfully

2020-05-27 19:38:13 - [TEST_STEP][PASSED] - println(ValueFound): null

2020-05-27 19:38:13 - [TEST_STEP][PASSED] - sendKeys(NewInputNmField, Keys.chord(ARROW_DOWN)): Keys 'DOWN + ' sent to object: 'Object Repository/Objects.HighlightElements/input_field'

2020-05-27 19:38:13 - [MESSAGE][PASSED] - Keys 'DOWN + ' sent to object: 'Object Repository/Objects.HighlightElements/input_field'

2020-05-27 19:38:13 - [TEST_STEP][PASSED] - sendKeys(NewInputNmField, Keys.chord(ARROW_DOWN)): Keys 'DOWN + ' sent to object: 'Object Repository/Objects.HighlightElements/input_field'

2020-05-27 19:38:13 - [MESSAGE][PASSED] - Keys 'DOWN + ' sent to object: 'Object Repository/Objects.HighlightElements/input_field'

2020-05-27 19:38:13 - [TEST_STEP][PASSED] - delay(DelayTime): Delayed 0 second(s)

2020-05-27 19:38:13 - [MESSAGE][PASSED] - Delayed 0 second(s)

2020-05-27 19:38:13 - [TEST_STEP][PASSED] - sendKeys(NewInputNmField, Keys.chord(ENTER)): Keys 'ENTER + ' sent to object: 'Object Repository/Objects.HighlightElements/input_field'

2020-05-27 19:38:14 - [MESSAGE][PASSED] - Keys 'ENTER + ' sent to object: 'Object Repository/Objects.HighlightElements/input_field'

2020-05-27 19:38:14 - [TEST_STEP][PASSED] - ComboBoxValue = getAttribute(NewInputNmField, "value"): Attribute 'value' of object 'Object Repository/Objects.HighlightElements/input_field' is: 'Joyce Lee (USASLL)'

2020-05-27 19:38:14 - [MESSAGE][PASSED] - Attribute 'value' of object 'Object Repository/Objects.HighlightElements/input_field' is: 'Joyce Lee (USASLL)'

2020-05-27 19:38:14 - [TEST_STEP][PASSED] - callTestCase(findTestCase(CallTCName), ["FindValue":ComboBoxValue, "DropdownNm":comboNm], STOP_ON_FAILURE): Call Test Case 'Test Cases/PFI Precision and Scale/PFI Components/OfficerLists' successfully

2020-05-27 19:38:14 - [TEST_CASE][PASSED] - Test Cases/PFI Precision and Scale/PFI Components/OfficerLists: Test Cases/PFI Precision and Scale/PFI Components/OfficerLists

2020-05-27 19:38:14 - [TEST_STEP][PASSED] - Thread.sleep(1000): null

2020-05-27 19:38:15 - [TEST_STEP][PASSED] - OfficerLists = [1:"Aaron Sham Wai Lun (AARON)", 2:"Azidah Bte Akmad (Mdm) (USAABD)", 3:"Chung Fong Nyen (USACFN)", 4:"David Tey Dah Wei (DAHWEI)", ... ]: null

2020-05-27 19:38:15 - [TEST_STEP][PASSED] - ValueFound = OfficerLists.find({ -> ... }): null

2020-05-27 19:38:15 - [MESSAGE][PASSED] - Call Test Case 'Test Cases/PFI Precision and Scale/PFI Components/OfficerLists' successfully

2020-05-27 19:38:15 - [TEST_STEP][PASSED] - println(ValueFound): null

2020-05-27 19:38:15 - [TEST_STEP][PASSED] - sendKeys(NewInputNmField, Keys.chord(ARROW_DOWN)): Keys 'DOWN + ' sent to object: 'Object Repository/Objects.HighlightElements/input_field'

2020-05-27 19:38:16 - [MESSAGE][PASSED] - Keys 'DOWN + ' sent to object: 'Object Repository/Objects.HighlightElements/input_field'

2020-05-27 19:38:16 - [TEST_STEP][PASSED] - sendKeys(NewInputNmField, Keys.chord(ARROW_DOWN)): Keys 'DOWN + ' sent to object: 'Object Repository/Objects.HighlightElements/input_field'

2020-05-27 19:38:16 - [MESSAGE][PASSED] - Keys 'DOWN + ' sent to object: 'Object Repository/Objects.HighlightElements/input_field'

2020-05-27 19:38:16 - [TEST_STEP][PASSED] - delay(DelayTime): Delayed 0 second(s)

2020-05-27 19:38:16 - [MESSAGE][PASSED] - Delayed 0 second(s)

2020-05-27 19:38:16 - [TEST_STEP][PASSED] - sendKeys(NewInputNmField, Keys.chord(ENTER)): Keys 'ENTER + ' sent to object: 'Object Repository/Objects.HighlightElements/input_field'

2020-05-27 19:38:17 - [MESSAGE][PASSED] - Keys 'ENTER + ' sent to object: 'Object Repository/Objects.HighlightElements/input_field'

2020-05-27 19:38:17 - [TEST_STEP][PASSED] - ComboBoxValue = getAttribute(NewInputNmField, "value"): Attribute 'value' of object 'Object Repository/Objects.HighlightElements/input_field' is: 'Kaliannan Thanabal (KALIANN)'

2020-05-27 19:38:17 - [MESSAGE][PASSED] - Attribute 'value' of object 'Object Repository/Objects.HighlightElements/input_field' is: 'Kaliannan Thanabal (KALIANN)'

2020-05-27 19:38:17 - [TEST_STEP][PASSED] - callTestCase(findTestCase(CallTCName), ["FindValue":ComboBoxValue, "DropdownNm":comboNm], STOP_ON_FAILURE): Call Test Case 'Test Cases/PFI Precision and Scale/PFI Components/OfficerLists' successfully

2020-05-27 19:38:17 - [TEST_CASE][PASSED] - Test Cases/PFI Precision and Scale/PFI Components/OfficerLists: Test Cases/PFI Precision and Scale/PFI Components/OfficerLists

2020-05-27 19:38:17 - [TEST_STEP][PASSED] - Thread.sleep(1000): null

2020-05-27 19:38:18 - [TEST_STEP][PASSED] - OfficerLists = [1:"Aaron Sham Wai Lun (AARON)", 2:"Azidah Bte Akmad (Mdm) (USAABD)", 3:"Chung Fong Nyen (USACFN)", 4:"David Tey Dah Wei (DAHWEI)", ... ]: null

2020-05-27 19:38:18 - [TEST_STEP][PASSED] - ValueFound = OfficerLists.find({ -> ... }): null

2020-05-27 19:38:18 - [MESSAGE][PASSED] - Call Test Case 'Test Cases/PFI Precision and Scale/PFI Components/OfficerLists' successfully

2020-05-27 19:38:18 - [TEST_STEP][PASSED] - println(ValueFound): null

2020-05-27 19:38:18 - [TEST_STEP][PASSED] - sendKeys(NewInputNmField, Keys.chord(ARROW_DOWN)): Keys 'DOWN + ' sent to object: 'Object Repository/Objects.HighlightElements/input_field'

2020-05-27 19:38:19 - [MESSAGE][PASSED] - Keys 'DOWN + ' sent to object: 'Object Repository/Objects.HighlightElements/input_field'

2020-05-27 19:38:19 - [TEST_STEP][PASSED] - sendKeys(NewInputNmField, Keys.chord(ARROW_DOWN)): Keys 'DOWN + ' sent to object: 'Object Repository/Objects.HighlightElements/input_field'

2020-05-27 19:38:19 - [MESSAGE][PASSED] - Keys 'DOWN + ' sent to object: 'Object Repository/Objects.HighlightElements/input_field'

2020-05-27 19:38:19 - [TEST_STEP][PASSED] - delay(DelayTime): Delayed 0 second(s)

2020-05-27 19:38:19 - [MESSAGE][PASSED] - Delayed 0 second(s)

2020-05-27 19:38:19 - [TEST_STEP][PASSED] - sendKeys(NewInputNmField, Keys.chord(ENTER)): Keys 'ENTER + ' sent to object: 'Object Repository/Objects.HighlightElements/input_field'

2020-05-27 19:38:20 - [MESSAGE][PASSED] - Keys 'ENTER + ' sent to object: 'Object Repository/Objects.HighlightElements/input_field'

2020-05-27 19:38:20 - [TEST_STEP][PASSED] - ComboBoxValue = getAttribute(NewInputNmField, "value"): Attribute 'value' of object 'Object Repository/Objects.HighlightElements/input_field' is: 'Lim Beng Kwee (BENGKWEE)'

2020-05-27 19:38:20 - [MESSAGE][PASSED] - Attribute 'value' of object 'Object Repository/Objects.HighlightElements/input_field' is: 'Lim Beng Kwee (BENGKWEE)'

2020-05-27 19:38:20 - [TEST_STEP][PASSED] - callTestCase(findTestCase(CallTCName), ["FindValue":ComboBoxValue, "DropdownNm":comboNm], STOP_ON_FAILURE): Call Test Case 'Test Cases/PFI Precision and Scale/PFI Components/OfficerLists' successfully

2020-05-27 19:38:20 - [TEST_CASE][PASSED] - Test Cases/PFI Precision and Scale/PFI Components/OfficerLists: Test Cases/PFI Precision and Scale/PFI Components/OfficerLists

2020-05-27 19:38:20 - [TEST_STEP][PASSED] - Thread.sleep(1000): null

2020-05-27 19:38:21 - [TEST_STEP][PASSED] - OfficerLists = [1:"Aaron Sham Wai Lun (AARON)", 2:"Azidah Bte Akmad (Mdm) (USAABD)", 3:"Chung Fong Nyen (USACFN)", 4:"David Tey Dah Wei (DAHWEI)", ... ]: null

2020-05-27 19:38:21 - [TEST_STEP][PASSED] - ValueFound = OfficerLists.find({ -> ... }): null

2020-05-27 19:38:21 - [MESSAGE][PASSED] - Call Test Case 'Test Cases/PFI Precision and Scale/PFI Components/OfficerLists' successfully

2020-05-27 19:38:21 - [TEST_STEP][PASSED] - println(ValueFound): null

2020-05-27 19:38:21 - [TEST_STEP][PASSED] - sendKeys(NewInputNmField, Keys.chord(ARROW_DOWN)): Keys 'DOWN + ' sent to object: 'Object Repository/Objects.HighlightElements/input_field'

2020-05-27 19:38:22 - [MESSAGE][PASSED] - Keys 'DOWN + ' sent to object: 'Object Repository/Objects.HighlightElements/input_field'

2020-05-27 19:38:22 - [TEST_STEP][PASSED] - sendKeys(NewInputNmField, Keys.chord(ARROW_DOWN)): Keys 'DOWN + ' sent to object: 'Object Repository/Objects.HighlightElements/input_field'

2020-05-27 19:38:22 - [MESSAGE][PASSED] - Keys 'DOWN + ' sent to object: 'Object Repository/Objects.HighlightElements/input_field'

2020-05-27 19:38:22 - [TEST_STEP][PASSED] - delay(DelayTime): Delayed 0 second(s)

2020-05-27 19:38:22 - [MESSAGE][PASSED] - Delayed 0 second(s)

2020-05-27 19:38:22 - [TEST_STEP][PASSED] - sendKeys(NewInputNmField, Keys.chord(ENTER)): Keys 'ENTER + ' sent to object: 'Object Repository/Objects.HighlightElements/input_field'

2020-05-27 19:38:23 - [MESSAGE][PASSED] - Keys 'ENTER + ' sent to object: 'Object Repository/Objects.HighlightElements/input_field'

2020-05-27 19:38:23 - [TEST_STEP][PASSED] - ComboBoxValue = getAttribute(NewInputNmField, "value"): Attribute 'value' of object 'Object Repository/Objects.HighlightElements/input_field' is: 'Lim Leng Boon (LENGBOON)'

2020-05-27 19:38:23 - [MESSAGE][PASSED] - Attribute 'value' of object 'Object Repository/Objects.HighlightElements/input_field' is: 'Lim Leng Boon (LENGBOON)'

2020-05-27 19:38:23 - [TEST_STEP][PASSED] - callTestCase(findTestCase(CallTCName), ["FindValue":ComboBoxValue, "DropdownNm":comboNm], STOP_ON_FAILURE): Call Test Case 'Test Cases/PFI Precision and Scale/PFI Components/OfficerLists' successfully

2020-05-27 19:38:23 - [TEST_CASE][PASSED] - Test Cases/PFI Precision and Scale/PFI Components/OfficerLists: Test Cases/PFI Precision and Scale/PFI Components/OfficerLists

2020-05-27 19:38:23 - [TEST_STEP][PASSED] - Thread.sleep(1000): null

2020-05-27 19:38:24 - [TEST_STEP][PASSED] - OfficerLists = [1:"Aaron Sham Wai Lun (AARON)", 2:"Azidah Bte Akmad (Mdm) (USAABD)", 3:"Chung Fong Nyen (USACFN)", 4:"David Tey Dah Wei (DAHWEI)", ... ]: null

2020-05-27 19:38:24 - [TEST_STEP][PASSED] - ValueFound = OfficerLists.find({ -> ... }): null

2020-05-27 19:38:24 - [MESSAGE][PASSED] - Call Test Case 'Test Cases/PFI Precision and Scale/PFI Components/OfficerLists' successfully

2020-05-27 19:38:24 - [TEST_STEP][PASSED] - println(ValueFound): null

2020-05-27 19:38:24 - [TEST_STEP][PASSED] - sendKeys(NewInputNmField, Keys.chord(ARROW_DOWN)): Keys 'DOWN + ' sent to object: 'Object Repository/Objects.HighlightElements/input_field'

2020-05-27 19:38:24 - [MESSAGE][PASSED] - Keys 'DOWN + ' sent to object: 'Object Repository/Objects.HighlightElements/input_field'

2020-05-27 19:38:24 - [TEST_STEP][PASSED] - sendKeys(NewInputNmField, Keys.chord(ARROW_DOWN)): Keys 'DOWN + ' sent to object: 'Object Repository/Objects.HighlightElements/input_field'

2020-05-27 19:38:25 - [MESSAGE][PASSED] - Keys 'DOWN + ' sent to object: 'Object Repository/Objects.HighlightElements/input_field'

2020-05-27 19:38:25 - [TEST_STEP][PASSED] - delay(DelayTime): Delayed 0 second(s)

2020-05-27 19:38:25 - [MESSAGE][PASSED] - Delayed 0 second(s)

2020-05-27 19:38:25 - [TEST_STEP][PASSED] - sendKeys(NewInputNmField, Keys.chord(ENTER)): Keys 'ENTER + ' sent to object: 'Object Repository/Objects.HighlightElements/input_field'

2020-05-27 19:38:25 - [MESSAGE][PASSED] - Keys 'ENTER + ' sent to object: 'Object Repository/Objects.HighlightElements/input_field'

2020-05-27 19:38:25 - [TEST_STEP][PASSED] - ComboBoxValue = getAttribute(NewInputNmField, "value"): Attribute 'value' of object 'Object Repository/Objects.HighlightElements/input_field' is: 'Loh Lee Fong (LEEFONG)'

2020-05-27 19:38:26 - [MESSAGE][PASSED] - Attribute 'value' of object 'Object Repository/Objects.HighlightElements/input_field' is: 'Loh Lee Fong (LEEFONG)'

2020-05-27 19:38:26 - [TEST_STEP][PASSED] - callTestCase(findTestCase(CallTCName), ["FindValue":ComboBoxValue, "DropdownNm":comboNm], STOP_ON_FAILURE): Call Test Case 'Test Cases/PFI Precision and Scale/PFI Components/OfficerLists' successfully

2020-05-27 19:38:26 - [TEST_CASE][PASSED] - Test Cases/PFI Precision and Scale/PFI Components/OfficerLists: Test Cases/PFI Precision and Scale/PFI Components/OfficerLists

2020-05-27 19:38:26 - [TEST_STEP][PASSED] - Thread.sleep(1000): null

2020-05-27 19:38:27 - [TEST_STEP][PASSED] - OfficerLists = [1:"Aaron Sham Wai Lun (AARON)", 2:"Azidah Bte Akmad (Mdm) (USAABD)", 3:"Chung Fong Nyen (USACFN)", 4:"David Tey Dah Wei (DAHWEI)", ... ]: null

2020-05-27 19:38:27 - [TEST_STEP][PASSED] - ValueFound = OfficerLists.find({ -> ... }): null

2020-05-27 19:38:27 - [MESSAGE][PASSED] - Call Test Case 'Test Cases/PFI Precision and Scale/PFI Components/OfficerLists' successfully

2020-05-27 19:38:27 - [TEST_STEP][PASSED] - println(ValueFound): null

2020-05-27 19:38:27 - [TEST_STEP][PASSED] - sendKeys(NewInputNmField, Keys.chord(ARROW_DOWN)): Keys 'DOWN + ' sent to object: 'Object Repository/Objects.HighlightElements/input_field'

2020-05-27 19:38:27 - [MESSAGE][PASSED] - Keys 'DOWN + ' sent to object: 'Object Repository/Objects.HighlightElements/input_field'

2020-05-27 19:38:27 - [TEST_STEP][PASSED] - sendKeys(NewInputNmField, Keys.chord(ARROW_DOWN)): Keys 'DOWN + ' sent to object: 'Object Repository/Objects.HighlightElements/input_field'

2020-05-27 19:38:28 - [MESSAGE][PASSED] - Keys 'DOWN + ' sent to object: 'Object Repository/Objects.HighlightElements/input_field'

2020-05-27 19:38:28 - [TEST_STEP][PASSED] - delay(DelayTime): Delayed 0 second(s)

2020-05-27 19:38:28 - [MESSAGE][PASSED] - Delayed 0 second(s)

2020-05-27 19:38:28 - [TEST_STEP][PASSED] - sendKeys(NewInputNmField, Keys.chord(ENTER)): Keys 'ENTER + ' sent to object: 'Object Repository/Objects.HighlightElements/input_field'

2020-05-27 19:38:28 - [MESSAGE][PASSED] - Keys 'ENTER + ' sent to object: 'Object Repository/Objects.HighlightElements/input_field'

2020-05-27 19:38:28 - [TEST_STEP][PASSED] - ComboBoxValue = getAttribute(NewInputNmField, "value"): Attribute 'value' of object 'Object Repository/Objects.HighlightElements/input_field' is: 'Lu Ji Ju (Mdm) (USALJJ)'

2020-05-27 19:38:29 - [MESSAGE][PASSED] - Attribute 'value' of object 'Object Repository/Objects.HighlightElements/input_field' is: 'Lu Ji Ju (Mdm) (USALJJ)'

2020-05-27 19:38:29 - [TEST_STEP][PASSED] - callTestCase(findTestCase(CallTCName), ["FindValue":ComboBoxValue, "DropdownNm":comboNm], STOP_ON_FAILURE): Call Test Case 'Test Cases/PFI Precision and Scale/PFI Components/OfficerLists' successfully

2020-05-27 19:38:29 - [TEST_CASE][PASSED] - Test Cases/PFI Precision and Scale/PFI Components/OfficerLists: Test Cases/PFI Precision and Scale/PFI Components/OfficerLists

2020-05-27 19:38:29 - [TEST_STEP][PASSED] - Thread.sleep(1000): null

2020-05-27 19:38:30 - [TEST_STEP][PASSED] - OfficerLists = [1:"Aaron Sham Wai Lun (AARON)", 2:"Azidah Bte Akmad (Mdm) (USAABD)", 3:"Chung Fong Nyen (USACFN)", 4:"David Tey Dah Wei (DAHWEI)", ... ]: null

2020-05-27 19:38:30 - [TEST_STEP][PASSED] - ValueFound = OfficerLists.find({ -> ... }): null

2020-05-27 19:38:30 - [MESSAGE][PASSED] - Call Test Case 'Test Cases/PFI Precision and Scale/PFI Components/OfficerLists' successfully

2020-05-27 19:38:30 - [TEST_STEP][PASSED] - println(ValueFound): null

2020-05-27 19:38:30 - [TEST_STEP][PASSED] - sendKeys(NewInputNmField, Keys.chord(ARROW_DOWN)): Keys 'DOWN + ' sent to object: 'Object Repository/Objects.HighlightElements/input_field'

2020-05-27 19:38:30 - [MESSAGE][PASSED] - Keys 'DOWN + ' sent to object: 'Object Repository/Objects.HighlightElements/input_field'

2020-05-27 19:38:30 - [TEST_STEP][PASSED] - sendKeys(NewInputNmField, Keys.chord(ARROW_DOWN)): Keys 'DOWN + ' sent to object: 'Object Repository/Objects.HighlightElements/input_field'

2020-05-27 19:38:31 - [MESSAGE][PASSED] - Keys 'DOWN + ' sent to object: 'Object Repository/Objects.HighlightElements/input_field'

2020-05-27 19:38:31 - [TEST_STEP][PASSED] - delay(DelayTime): Delayed 0 second(s)

2020-05-27 19:38:31 - [MESSAGE][PASSED] - Delayed 0 second(s)

2020-05-27 19:38:31 - [TEST_STEP][PASSED] - sendKeys(NewInputNmField, Keys.chord(ENTER)): Keys 'ENTER + ' sent to object: 'Object Repository/Objects.HighlightElements/input_field'

2020-05-27 19:38:31 - [MESSAGE][PASSED] - Keys 'ENTER + ' sent to object: 'Object Repository/Objects.HighlightElements/input_field'

2020-05-27 19:38:31 - [TEST_STEP][PASSED] - ComboBoxValue = getAttribute(NewInputNmField, "value"): Attribute 'value' of object 'Object Repository/Objects.HighlightElements/input_field' is: 'Mohd Jeffri Bin Abdul Rahim (MOHDJEFFRI)'

2020-05-27 19:38:32 - [MESSAGE][PASSED] - Attribute 'value' of object 'Object Repository/Objects.HighlightElements/input_field' is: 'Mohd Jeffri Bin Abdul Rahim (MOHDJEFFRI)'

2020-05-27 19:38:32 - [TEST_STEP][PASSED] - callTestCase(findTestCase(CallTCName), ["FindValue":ComboBoxValue, "DropdownNm":comboNm], STOP_ON_FAILURE): Call Test Case 'Test Cases/PFI Precision and Scale/PFI Components/OfficerLists' successfully

2020-05-27 19:38:32 - [TEST_CASE][PASSED] - Test Cases/PFI Precision and Scale/PFI Components/OfficerLists: Test Cases/PFI Precision and Scale/PFI Components/OfficerLists

2020-05-27 19:38:32 - [TEST_STEP][PASSED] - Thread.sleep(1000): null

2020-05-27 19:38:33 - [TEST_STEP][PASSED] - OfficerLists = [1:"Aaron Sham Wai Lun (AARON)", 2:"Azidah Bte Akmad (Mdm) (USAABD)", 3:"Chung Fong Nyen (USACFN)", 4:"David Tey Dah Wei (DAHWEI)", ... ]: null

2020-05-27 19:38:33 - [TEST_STEP][PASSED] - ValueFound = OfficerLists.find({ -> ... }): null

2020-05-27 19:38:33 - [MESSAGE][PASSED] - Call Test Case 'Test Cases/PFI Precision and Scale/PFI Components/OfficerLists' successfully

2020-05-27 19:38:33 - [TEST_STEP][PASSED] - println(ValueFound): null

2020-05-27 19:38:33 - [TEST_STEP][PASSED] - sendKeys(NewInputNmField, Keys.chord(ARROW_DOWN)): Keys 'DOWN + ' sent to object: 'Object Repository/Objects.HighlightElements/input_field'

2020-05-27 19:38:33 - [MESSAGE][PASSED] - Keys 'DOWN + ' sent to object: 'Object Repository/Objects.HighlightElements/input_field'

2020-05-27 19:38:33 - [TEST_STEP][PASSED] - sendKeys(NewInputNmField, Keys.chord(ARROW_DOWN)): Keys 'DOWN + ' sent to object: 'Object Repository/Objects.HighlightElements/input_field'

2020-05-27 19:38:34 - [MESSAGE][PASSED] - Keys 'DOWN + ' sent to object: 'Object Repository/Objects.HighlightElements/input_field'

2020-05-27 19:38:34 - [TEST_STEP][PASSED] - delay(DelayTime): Delayed 0 second(s)

2020-05-27 19:38:34 - [MESSAGE][PASSED] - Delayed 0 second(s)

2020-05-27 19:38:34 - [TEST_STEP][PASSED] - sendKeys(NewInputNmField, Keys.chord(ENTER)): Keys 'ENTER + ' sent to object: 'Object Repository/Objects.HighlightElements/input_field'

2020-05-27 19:38:34 - [MESSAGE][PASSED] - Keys 'ENTER + ' sent to object: 'Object Repository/Objects.HighlightElements/input_field'

2020-05-27 19:38:34 - [TEST_STEP][PASSED] - ComboBoxValue = getAttribute(NewInputNmField, "value"): Attribute 'value' of object 'Object Repository/Objects.HighlightElements/input_field' is: 'Mohd Jumat Bin Haji Mohd Hassan (MOHDJUMAT)'

2020-05-27 19:38:35 - [MESSAGE][PASSED] - Attribute 'value' of object 'Object Repository/Objects.HighlightElements/input_field' is: 'Mohd Jumat Bin Haji Mohd Hassan (MOHDJUMAT)'

2020-05-27 19:38:35 - [TEST_STEP][PASSED] - callTestCase(findTestCase(CallTCName), ["FindValue":ComboBoxValue, "DropdownNm":comboNm], STOP_ON_FAILURE): Call Test Case 'Test Cases/PFI Precision and Scale/PFI Components/OfficerLists' successfully

2020-05-27 19:38:35 - [TEST_CASE][PASSED] - Test Cases/PFI Precision and Scale/PFI Components/OfficerLists: Test Cases/PFI Precision and Scale/PFI Components/OfficerLists

2020-05-27 19:38:35 - [TEST_STEP][PASSED] - Thread.sleep(1000): null

2020-05-27 19:38:36 - [TEST_STEP][PASSED] - OfficerLists = [1:"Aaron Sham Wai Lun (AARON)", 2:"Azidah Bte Akmad (Mdm) (USAABD)", 3:"Chung Fong Nyen (USACFN)", 4:"David Tey Dah Wei (DAHWEI)", ... ]: null

2020-05-27 19:38:36 - [TEST_STEP][PASSED] - ValueFound = OfficerLists.find({ -> ... }): null

2020-05-27 19:38:36 - [MESSAGE][PASSED] - Call Test Case 'Test Cases/PFI Precision and Scale/PFI Components/OfficerLists' successfully

2020-05-27 19:38:36 - [TEST_STEP][PASSED] - println(ValueFound): null

2020-05-27 19:38:36 - [TEST_STEP][PASSED] - sendKeys(NewInputNmField, Keys.chord(ARROW_DOWN)): Keys 'DOWN + ' sent to object: 'Object Repository/Objects.HighlightElements/input_field'

2020-05-27 19:38:36 - [MESSAGE][PASSED] - Keys 'DOWN + ' sent to object: 'Object Repository/Objects.HighlightElements/input_field'

2020-05-27 19:38:36 - [TEST_STEP][PASSED] - sendKeys(NewInputNmField, Keys.chord(ARROW_DOWN)): Keys 'DOWN + ' sent to object: 'Object Repository/Objects.HighlightElements/input_field'

2020-05-27 19:38:36 - [MESSAGE][PASSED] - Keys 'DOWN + ' sent to object: 'Object Repository/Objects.HighlightElements/input_field'

2020-05-27 19:38:36 - [TEST_STEP][PASSED] - delay(DelayTime): Delayed 0 second(s)

2020-05-27 19:38:36 - [MESSAGE][PASSED] - Delayed 0 second(s)

2020-05-27 19:38:36 - [TEST_STEP][PASSED] - sendKeys(NewInputNmField, Keys.chord(ENTER)): Keys 'ENTER + ' sent to object: 'Object Repository/Objects.HighlightElements/input_field'

2020-05-27 19:38:37 - [MESSAGE][PASSED] - Keys 'ENTER + ' sent to object: 'Object Repository/Objects.HighlightElements/input_field'

2020-05-27 19:38:37 - [TEST_STEP][PASSED] - ComboBoxValue = getAttribute(NewInputNmField, "value"): Attribute 'value' of object 'Object Repository/Objects.HighlightElements/input_field' is: 'Ng Seh Luh (USANSL)'

2020-05-27 19:38:37 - [MESSAGE][PASSED] - Attribute 'value' of object 'Object Repository/Objects.HighlightElements/input_field' is: 'Ng Seh Luh (USANSL)'

2020-05-27 19:38:37 - [TEST_STEP][PASSED] - callTestCase(findTestCase(CallTCName), ["FindValue":ComboBoxValue, "DropdownNm":comboNm], STOP_ON_FAILURE): Call Test Case 'Test Cases/PFI Precision and Scale/PFI Components/OfficerLists' successfully

2020-05-27 19:38:38 - [TEST_CASE][PASSED] - Test Cases/PFI Precision and Scale/PFI Components/OfficerLists: Test Cases/PFI Precision and Scale/PFI Components/OfficerLists

2020-05-27 19:38:38 - [TEST_STEP][PASSED] - Thread.sleep(1000): null

2020-05-27 19:38:39 - [TEST_STEP][PASSED] - OfficerLists = [1:"Aaron Sham Wai Lun (AARON)", 2:"Azidah Bte Akmad (Mdm) (USAABD)", 3:"Chung Fong Nyen (USACFN)", 4:"David Tey Dah Wei (DAHWEI)", ... ]: null

2020-05-27 19:38:39 - [TEST_STEP][PASSED] - ValueFound = OfficerLists.find({ -> ... }): null

2020-05-27 19:38:39 - [MESSAGE][PASSED] - Call Test Case 'Test Cases/PFI Precision and Scale/PFI Components/OfficerLists' successfully

2020-05-27 19:38:39 - [TEST_STEP][PASSED] - println(ValueFound): null

2020-05-27 19:38:39 - [TEST_STEP][PASSED] - sendKeys(NewInputNmField, Keys.chord(ARROW_DOWN)): Keys 'DOWN + ' sent to object: 'Object Repository/Objects.HighlightElements/input_field'

2020-05-27 19:38:39 - [MESSAGE][PASSED] - Keys 'DOWN + ' sent to object: 'Object Repository/Objects.HighlightElements/input_field'

2020-05-27 19:38:39 - [TEST_STEP][PASSED] - sendKeys(NewInputNmField, Keys.chord(ARROW_DOWN)): Keys 'DOWN + ' sent to object: 'Object Repository/Objects.HighlightElements/input_field'

2020-05-27 19:38:39 - [MESSAGE][PASSED] - Keys 'DOWN + ' sent to object: 'Object Repository/Objects.HighlightElements/input_field'

2020-05-27 19:38:39 - [TEST_STEP][PASSED] - delay(DelayTime): Delayed 0 second(s)

2020-05-27 19:38:39 - [MESSAGE][PASSED] - Delayed 0 second(s)

2020-05-27 19:38:39 - [TEST_STEP][PASSED] - sendKeys(NewInputNmField, Keys.chord(ENTER)): Keys 'ENTER + ' sent to object: 'Object Repository/Objects.HighlightElements/input_field'

2020-05-27 19:38:40 - [MESSAGE][PASSED] - Keys 'ENTER + ' sent to object: 'Object Repository/Objects.HighlightElements/input_field'

2020-05-27 19:38:40 - [TEST_STEP][PASSED] - ComboBoxValue = getAttribute(NewInputNmField, "value"): Attribute 'value' of object 'Object Repository/Objects.HighlightElements/input_field' is: 'Richard Lim Fang Ping (FANGPING)'

2020-05-27 19:38:40 - [MESSAGE][PASSED] - Attribute 'value' of object 'Object Repository/Objects.HighlightElements/input_field' is: 'Richard Lim Fang Ping (FANGPING)'

2020-05-27 19:38:40 - [TEST_STEP][PASSED] - callTestCase(findTestCase(CallTCName), ["FindValue":ComboBoxValue, "DropdownNm":comboNm], STOP_ON_FAILURE): Call Test Case 'Test Cases/PFI Precision and Scale/PFI Components/OfficerLists' successfully

2020-05-27 19:38:40 - [TEST_CASE][PASSED] - Test Cases/PFI Precision and Scale/PFI Components/OfficerLists: Test Cases/PFI Precision and Scale/PFI Components/OfficerLists

2020-05-27 19:38:40 - [TEST_STEP][PASSED] - Thread.sleep(1000): null

2020-05-27 19:38:41 - [TEST_STEP][PASSED] - OfficerLists = [1:"Aaron Sham Wai Lun (AARON)", 2:"Azidah Bte Akmad (Mdm) (USAABD)", 3:"Chung Fong Nyen (USACFN)", 4:"David Tey Dah Wei (DAHWEI)", ... ]: null

2020-05-27 19:38:41 - [TEST_STEP][PASSED] - ValueFound = OfficerLists.find({ -> ... }): null

2020-05-27 19:38:41 - [MESSAGE][PASSED] - Call Test Case 'Test Cases/PFI Precision and Scale/PFI Components/OfficerLists' successfully

2020-05-27 19:38:41 - [TEST_STEP][PASSED] - println(ValueFound): null

2020-05-27 19:38:41 - [TEST_STEP][PASSED] - sendKeys(NewInputNmField, Keys.chord(ARROW_DOWN)): Keys 'DOWN + ' sent to object: 'Object Repository/Objects.HighlightElements/input_field'

2020-05-27 19:38:42 - [MESSAGE][PASSED] - Keys 'DOWN + ' sent to object: 'Object Repository/Objects.HighlightElements/input_field'

2020-05-27 19:38:42 - [TEST_STEP][PASSED] - sendKeys(NewInputNmField, Keys.chord(ARROW_DOWN)): Keys 'DOWN + ' sent to object: 'Object Repository/Objects.HighlightElements/input_field'

2020-05-27 19:38:42 - [MESSAGE][PASSED] - Keys 'DOWN + ' sent to object: 'Object Repository/Objects.HighlightElements/input_field'

2020-05-27 19:38:42 - [TEST_STEP][PASSED] - delay(DelayTime): Delayed 0 second(s)

2020-05-27 19:38:42 - [MESSAGE][PASSED] - Delayed 0 second(s)

2020-05-27 19:38:42 - [TEST_STEP][PASSED] - sendKeys(NewInputNmField, Keys.chord(ENTER)): Keys 'ENTER + ' sent to object: 'Object Repository/Objects.HighlightElements/input_field'

2020-05-27 19:38:43 - [MESSAGE][PASSED] - Keys 'ENTER + ' sent to object: 'Object Repository/Objects.HighlightElements/input_field'

2020-05-27 19:38:43 - [TEST_STEP][PASSED] - ComboBoxValue = getAttribute(NewInputNmField, "value"): Attribute 'value' of object 'Object Repository/Objects.HighlightElements/input_field' is: 'RITA WONG SIONG ING (RITAWONG)'

2020-05-27 19:38:43 - [MESSAGE][PASSED] - Attribute 'value' of object 'Object Repository/Objects.HighlightElements/input_field' is: 'RITA WONG SIONG ING (RITAWONG)'

2020-05-27 19:38:43 - [TEST_STEP][PASSED] - callTestCase(findTestCase(CallTCName), ["FindValue":ComboBoxValue, "DropdownNm":comboNm], STOP_ON_FAILURE): Call Test Case 'Test Cases/PFI Precision and Scale/PFI Components/OfficerLists' successfully

2020-05-27 19:38:43 - [TEST_CASE][PASSED] - Test Cases/PFI Precision and Scale/PFI Components/OfficerLists: Test Cases/PFI Precision and Scale/PFI Components/OfficerLists

2020-05-27 19:38:43 - [TEST_STEP][PASSED] - Thread.sleep(1000): null

2020-05-27 19:38:44 - [TEST_STEP][PASSED] - OfficerLists = [1:"Aaron Sham Wai Lun (AARON)", 2:"Azidah Bte Akmad (Mdm) (USAABD)", 3:"Chung Fong Nyen (USACFN)", 4:"David Tey Dah Wei (DAHWEI)", ... ]: null

2020-05-27 19:38:44 - [TEST_STEP][PASSED] - ValueFound = OfficerLists.find({ -> ... }): null

2020-05-27 19:38:44 - [MESSAGE][PASSED] - Call Test Case 'Test Cases/PFI Precision and Scale/PFI Components/OfficerLists' successfully

2020-05-27 19:38:44 - [TEST_STEP][PASSED] - println(ValueFound): null

2020-05-27 19:38:44 - [TEST_STEP][PASSED] - sendKeys(NewInputNmField, Keys.chord(ARROW_DOWN)): Keys 'DOWN + ' sent to object: 'Object Repository/Objects.HighlightElements/input_field'

2020-05-27 19:38:45 - [MESSAGE][PASSED] - Keys 'DOWN + ' sent to object: 'Object Repository/Objects.HighlightElements/input_field'

2020-05-27 19:38:45 - [TEST_STEP][PASSED] - sendKeys(NewInputNmField, Keys.chord(ARROW_DOWN)): Keys 'DOWN + ' sent to object: 'Object Repository/Objects.HighlightElements/input_field'

2020-05-27 19:38:45 - [MESSAGE][PASSED] - Keys 'DOWN + ' sent to object: 'Object Repository/Objects.HighlightElements/input_field'

2020-05-27 19:38:45 - [TEST_STEP][PASSED] - delay(DelayTime): Delayed 0 second(s)

2020-05-27 19:38:45 - [MESSAGE][PASSED] - Delayed 0 second(s)

2020-05-27 19:38:45 - [TEST_STEP][PASSED] - sendKeys(NewInputNmField, Keys.chord(ENTER)): Keys 'ENTER + ' sent to object: 'Object Repository/Objects.HighlightElements/input_field'

2020-05-27 19:38:46 - [MESSAGE][PASSED] - Keys 'ENTER + ' sent to object: 'Object Repository/Objects.HighlightElements/input_field'

2020-05-27 19:38:46 - [TEST_STEP][PASSED] - ComboBoxValue = getAttribute(NewInputNmField, "value"): Attribute 'value' of object 'Object Repository/Objects.HighlightElements/input_field' is: 'Shi Hong Wei (HONGWEI)'

2020-05-27 19:38:46 - [MESSAGE][PASSED] - Attribute 'value' of object 'Object Repository/Objects.HighlightElements/input_field' is: 'Shi Hong Wei (HONGWEI)'

2020-05-27 19:38:46 - [TEST_STEP][PASSED] - callTestCase(findTestCase(CallTCName), ["FindValue":ComboBoxValue, "DropdownNm":comboNm], STOP_ON_FAILURE): Call Test Case 'Test Cases/PFI Precision and Scale/PFI Components/OfficerLists' successfully

2020-05-27 19:38:46 - [TEST_CASE][PASSED] - Test Cases/PFI Precision and Scale/PFI Components/OfficerLists: Test Cases/PFI Precision and Scale/PFI Components/OfficerLists

2020-05-27 19:38:46 - [TEST_STEP][PASSED] - Thread.sleep(1000): null

2020-05-27 19:38:47 - [TEST_STEP][PASSED] - OfficerLists = [1:"Aaron Sham Wai Lun (AARON)", 2:"Azidah Bte Akmad (Mdm) (USAABD)", 3:"Chung Fong Nyen (USACFN)", 4:"David Tey Dah Wei (DAHWEI)", ... ]: null

2020-05-27 19:38:47 - [TEST_STEP][PASSED] - ValueFound = OfficerLists.find({ -> ... }): null

2020-05-27 19:38:47 - [MESSAGE][PASSED] - Call Test Case 'Test Cases/PFI Precision and Scale/PFI Components/OfficerLists' successfully

2020-05-27 19:38:47 - [TEST_STEP][PASSED] - println(ValueFound): null

2020-05-27 19:38:47 - [TEST_STEP][PASSED] - sendKeys(NewInputNmField, Keys.chord(ARROW_DOWN)): Keys 'DOWN + ' sent to object: 'Object Repository/Objects.HighlightElements/input_field'

2020-05-27 19:38:47 - [MESSAGE][PASSED] - Keys 'DOWN + ' sent to object: 'Object Repository/Objects.HighlightElements/input_field'

2020-05-27 19:38:47 - [TEST_STEP][PASSED] - sendKeys(NewInputNmField, Keys.chord(ARROW_DOWN)): Keys 'DOWN + ' sent to object: 'Object Repository/Objects.HighlightElements/input_field'

2020-05-27 19:38:48 - [MESSAGE][PASSED] - Keys 'DOWN + ' sent to object: 'Object Repository/Objects.HighlightElements/input_field'

2020-05-27 19:38:48 - [TEST_STEP][PASSED] - delay(DelayTime): Delayed 0 second(s)

2020-05-27 19:38:48 - [MESSAGE][PASSED] - Delayed 0 second(s)

2020-05-27 19:38:48 - [TEST_STEP][PASSED] - sendKeys(NewInputNmField, Keys.chord(ENTER)): Keys 'ENTER + ' sent to object: 'Object Repository/Objects.HighlightElements/input_field'

2020-05-27 19:38:49 - [MESSAGE][PASSED] - Keys 'ENTER + ' sent to object: 'Object Repository/Objects.HighlightElements/input_field'

2020-05-27 19:38:49 - [TEST_STEP][PASSED] - ComboBoxValue = getAttribute(NewInputNmField, "value"): Attribute 'value' of object 'Object Repository/Objects.HighlightElements/input_field' is: 'Sulaiman Bin Ahmad (USABAS)'

2020-05-27 19:38:49 - [MESSAGE][PASSED] - Attribute 'value' of object 'Object Repository/Objects.HighlightElements/input_field' is: 'Sulaiman Bin Ahmad (USABAS)'

2020-05-27 19:38:49 - [TEST_STEP][PASSED] - callTestCase(findTestCase(CallTCName), ["FindValue":ComboBoxValue, "DropdownNm":comboNm], STOP_ON_FAILURE): Call Test Case 'Test Cases/PFI Precision and Scale/PFI Components/OfficerLists' successfully

2020-05-27 19:38:49 - [TEST_CASE][PASSED] - Test Cases/PFI Precision and Scale/PFI Components/OfficerLists: Test Cases/PFI Precision and Scale/PFI Components/OfficerLists

2020-05-27 19:38:49 - [TEST_STEP][PASSED] - Thread.sleep(1000): null

2020-05-27 19:38:50 - [TEST_STEP][PASSED] - OfficerLists = [1:"Aaron Sham Wai Lun (AARON)", 2:"Azidah Bte Akmad (Mdm) (USAABD)", 3:"Chung Fong Nyen (USACFN)", 4:"David Tey Dah Wei (DAHWEI)", ... ]: null

2020-05-27 19:38:50 - [TEST_STEP][PASSED] - ValueFound = OfficerLists.find({ -> ... }): null

2020-05-27 19:38:50 - [MESSAGE][PASSED] - Call Test Case 'Test Cases/PFI Precision and Scale/PFI Components/OfficerLists' successfully

2020-05-27 19:38:50 - [TEST_STEP][PASSED] - println(ValueFound): null

2020-05-27 19:38:50 - [TEST_STEP][PASSED] - sendKeys(NewInputNmField, Keys.chord(ARROW_DOWN)): Keys 'DOWN + ' sent to object: 'Object Repository/Objects.HighlightElements/input_field'

2020-05-27 19:38:50 - [MESSAGE][PASSED] - Keys 'DOWN + ' sent to object: 'Object Repository/Objects.HighlightElements/input_field'

2020-05-27 19:38:50 - [TEST_STEP][PASSED] - sendKeys(NewInputNmField, Keys.chord(ARROW_DOWN)): Keys 'DOWN + ' sent to object: 'Object Repository/Objects.HighlightElements/input_field'

2020-05-27 19:38:51 - [MESSAGE][PASSED] - Keys 'DOWN + ' sent to object: 'Object Repository/Objects.HighlightElements/input_field'

2020-05-27 19:38:51 - [TEST_STEP][PASSED] - delay(DelayTime): Delayed 0 second(s)

2020-05-27 19:38:51 - [MESSAGE][PASSED] - Delayed 0 second(s)

2020-05-27 19:38:51 - [TEST_STEP][PASSED] - sendKeys(NewInputNmField, Keys.chord(ENTER)): Keys 'ENTER + ' sent to object: 'Object Repository/Objects.HighlightElements/input_field'

2020-05-27 19:38:51 - [MESSAGE][PASSED] - Keys 'ENTER + ' sent to object: 'Object Repository/Objects.HighlightElements/input_field'

2020-05-27 19:38:51 - [TEST_STEP][PASSED] - ComboBoxValue = getAttribute(NewInputNmField, "value"): Attribute 'value' of object 'Object Repository/Objects.HighlightElements/input_field' is: 'Tan Kwan Joo (KWANJOO)'

2020-05-27 19:38:52 - [MESSAGE][PASSED] - Attribute 'value' of object 'Object Repository/Objects.HighlightElements/input_field' is: 'Tan Kwan Joo (KWANJOO)'

2020-05-27 19:38:52 - [TEST_STEP][PASSED] - callTestCase(findTestCase(CallTCName), ["FindValue":ComboBoxValue, "DropdownNm":comboNm], STOP_ON_FAILURE): Call Test Case 'Test Cases/PFI Precision and Scale/PFI Components/OfficerLists' successfully

2020-05-27 19:38:52 - [TEST_CASE][PASSED] - Test Cases/PFI Precision and Scale/PFI Components/OfficerLists: Test Cases/PFI Precision and Scale/PFI Components/OfficerLists

2020-05-27 19:38:52 - [TEST_STEP][PASSED] - Thread.sleep(1000): null

2020-05-27 19:38:53 - [TEST_STEP][PASSED] - OfficerLists = [1:"Aaron Sham Wai Lun (AARON)", 2:"Azidah Bte Akmad (Mdm) (USAABD)", 3:"Chung Fong Nyen (USACFN)", 4:"David Tey Dah Wei (DAHWEI)", ... ]: null

2020-05-27 19:38:53 - [TEST_STEP][PASSED] - ValueFound = OfficerLists.find({ -> ... }): null

2020-05-27 19:38:53 - [MESSAGE][PASSED] - Call Test Case 'Test Cases/PFI Precision and Scale/PFI Components/OfficerLists' successfully

2020-05-27 19:38:53 - [TEST_STEP][PASSED] - println(ValueFound): null

2020-05-27 19:38:53 - [TEST_STEP][PASSED] - sendKeys(NewInputNmField, Keys.chord(ARROW_DOWN)): Keys 'DOWN + ' sent to object: 'Object Repository/Objects.HighlightElements/input_field'

2020-05-27 19:38:53 - [MESSAGE][PASSED] - Keys 'DOWN + ' sent to object: 'Object Repository/Objects.HighlightElements/input_field'

2020-05-27 19:38:53 - [TEST_STEP][PASSED] - sendKeys(NewInputNmField, Keys.chord(ARROW_DOWN)): Keys 'DOWN + ' sent to object: 'Object Repository/Objects.HighlightElements/input_field'

2020-05-27 19:38:54 - [MESSAGE][PASSED] - Keys 'DOWN + ' sent to object: 'Object Repository/Objects.HighlightElements/input_field'

2020-05-27 19:38:54 - [TEST_STEP][PASSED] - delay(DelayTime): Delayed 0 second(s)

2020-05-27 19:38:54 - [MESSAGE][PASSED] - Delayed 0 second(s)

2020-05-27 19:38:54 - [TEST_STEP][PASSED] - sendKeys(NewInputNmField, Keys.chord(ENTER)): Keys 'ENTER + ' sent to object: 'Object Repository/Objects.HighlightElements/input_field'

2020-05-27 19:38:54 - [MESSAGE][PASSED] - Keys 'ENTER + ' sent to object: 'Object Repository/Objects.HighlightElements/input_field'

2020-05-27 19:38:54 - [TEST_STEP][PASSED] - ComboBoxValue = getAttribute(NewInputNmField, "value"): Attribute 'value' of object 'Object Repository/Objects.HighlightElements/input_field' is: 'Wong Swee Sheng (WONGSWEE)'

2020-05-27 19:38:55 - [MESSAGE][PASSED] - Attribute 'value' of object 'Object Repository/Objects.HighlightElements/input_field' is: 'Wong Swee Sheng (WONGSWEE)'

2020-05-27 19:38:55 - [TEST_STEP][PASSED] - callTestCase(findTestCase(CallTCName), ["FindValue":ComboBoxValue, "DropdownNm":comboNm], STOP_ON_FAILURE): Call Test Case 'Test Cases/PFI Precision and Scale/PFI Components/OfficerLists' successfully

2020-05-27 19:38:55 - [TEST_CASE][PASSED] - Test Cases/PFI Precision and Scale/PFI Components/OfficerLists: Test Cases/PFI Precision and Scale/PFI Components/OfficerLists

2020-05-27 19:38:55 - [TEST_STEP][PASSED] - Thread.sleep(1000): null

2020-05-27 19:38:56 - [TEST_STEP][PASSED] - OfficerLists = [1:"Aaron Sham Wai Lun (AARON)", 2:"Azidah Bte Akmad (Mdm) (USAABD)", 3:"Chung Fong Nyen (USACFN)", 4:"David Tey Dah Wei (DAHWEI)", ... ]: null

2020-05-27 19:38:56 - [TEST_STEP][PASSED] - ValueFound = OfficerLists.find({ -> ... }): null

2020-05-27 19:38:56 - [MESSAGE][PASSED] - Call Test Case 'Test Cases/PFI Precision and Scale/PFI Components/OfficerLists' successfully

2020-05-27 19:38:56 - [TEST_STEP][PASSED] - println(ValueFound): null

2020-05-27 19:38:56 - [TEST_STEP][PASSED] - sendKeys(NewInputNmField, Keys.chord(ARROW_DOWN)): Keys 'DOWN + ' sent to object: 'Object Repository/Objects.HighlightElements/input_field'

2020-05-27 19:38:56 - [MESSAGE][PASSED] - Keys 'DOWN + ' sent to object: 'Object Repository/Objects.HighlightElements/input_field'

2020-05-27 19:38:56 - [TEST_STEP][PASSED] - sendKeys(NewInputNmField, Keys.chord(ARROW_DOWN)): Keys 'DOWN + ' sent to object: 'Object Repository/Objects.HighlightElements/input_field'

2020-05-27 19:38:57 - [MESSAGE][PASSED] - Keys 'DOWN + ' sent to object: 'Object Repository/Objects.HighlightElements/input_field'

2020-05-27 19:38:57 - [TEST_STEP][PASSED] - delay(DelayTime): Delayed 0 second(s)

2020-05-27 19:38:57 - [MESSAGE][PASSED] - Delayed 0 second(s)

2020-05-27 19:38:57 - [TEST_STEP][PASSED] - sendKeys(NewInputNmField, Keys.chord(ENTER)): Keys 'ENTER + ' sent to object: 'Object Repository/Objects.HighlightElements/input_field'

2020-05-27 19:38:57 - [MESSAGE][PASSED] - Keys 'ENTER + ' sent to object: 'Object Repository/Objects.HighlightElements/input_field'

2020-05-27 19:38:57 - [TEST_STEP][PASSED] - ComboBoxValue = getAttribute(NewInputNmField, "value"): Attribute 'value' of object 'Object Repository/Objects.HighlightElements/input_field' is: 'Yeo Siew Juay (SIEWJUAY)'

2020-05-27 19:38:58 - [MESSAGE][PASSED] - Attribute 'value' of object 'Object Repository/Objects.HighlightElements/input_field' is: 'Yeo Siew Juay (SIEWJUAY)'

2020-05-27 19:38:58 - [TEST_STEP][PASSED] - callTestCase(findTestCase(CallTCName), ["FindValue":ComboBoxValue, "DropdownNm":comboNm], STOP_ON_FAILURE): Call Test Case 'Test Cases/PFI Precision and Scale/PFI Components/OfficerLists' successfully

2020-05-27 19:38:58 - [TEST_CASE][PASSED] - Test Cases/PFI Precision and Scale/PFI Components/OfficerLists: Test Cases/PFI Precision and Scale/PFI Components/OfficerLists

2020-05-27 19:38:58 - [TEST_STEP][PASSED] - Thread.sleep(1000): null

2020-05-27 19:38:59 - [TEST_STEP][PASSED] - OfficerLists = [1:"Aaron Sham Wai Lun (AARON)", 2:"Azidah Bte Akmad (Mdm) (USAABD)", 3:"Chung Fong Nyen (USACFN)", 4:"David Tey Dah Wei (DAHWEI)", ... ]: null

2020-05-27 19:38:59 - [TEST_STEP][PASSED] - ValueFound = OfficerLists.find({ -> ... }): null

2020-05-27 19:38:59 - [MESSAGE][PASSED] - Call Test Case 'Test Cases/PFI Precision and Scale/PFI Components/OfficerLists' successfully

2020-05-27 19:38:59 - [TEST_STEP][PASSED] - println(ValueFound): null

2020-05-27 19:38:59 - [TEST_STEP][PASSED] - sendKeys(NewInputNmField, Keys.chord(ARROW_DOWN)): Keys 'DOWN + ' sent to object: 'Object Repository/Objects.HighlightElements/input_field'

2020-05-27 19:38:59 - [MESSAGE][PASSED] - Keys 'DOWN + ' sent to object: 'Object Repository/Objects.HighlightElements/input_field'

2020-05-27 19:38:59 - [TEST_STEP][PASSED] - sendKeys(NewInputNmField, Keys.chord(ARROW_DOWN)): Keys 'DOWN + ' sent to object: 'Object Repository/Objects.HighlightElements/input_field'

2020-05-27 19:38:59 - [MESSAGE][PASSED] - Keys 'DOWN + ' sent to object: 'Object Repository/Objects.HighlightElements/input_field'

2020-05-27 19:38:59 - [TEST_STEP][PASSED] - delay(DelayTime): Delayed 0 second(s)

2020-05-27 19:38:59 - [MESSAGE][PASSED] - Delayed 0 second(s)

2020-05-27 19:38:59 - [TEST_STEP][PASSED] - sendKeys(NewInputNmField, Keys.chord(ENTER)): Keys 'ENTER + ' sent to object: 'Object Repository/Objects.HighlightElements/input_field'

2020-05-27 19:39:00 - [MESSAGE][PASSED] - Keys 'ENTER + ' sent to object: 'Object Repository/Objects.HighlightElements/input_field'

2020-05-27 19:39:00 - [TEST_STEP][PASSED] - ComboBoxValue = getAttribute(NewInputNmField, "value"): Attribute 'value' of object 'Object Repository/Objects.HighlightElements/input_field' is: 'Zhao Dianfeng (DIANFENG)'

2020-05-27 19:39:00 - [MESSAGE][PASSED] - Attribute 'value' of object 'Object Repository/Objects.HighlightElements/input_field' is: 'Zhao Dianfeng (DIANFENG)'

2020-05-27 19:39:00 - [TEST_STEP][PASSED] - callTestCase(findTestCase(CallTCName), ["FindValue":ComboBoxValue, "DropdownNm":comboNm], STOP_ON_FAILURE): Call Test Case 'Test Cases/PFI Precision and Scale/PFI Components/OfficerLists' successfully

2020-05-27 19:39:00 - [TEST_CASE][PASSED] - Test Cases/PFI Precision and Scale/PFI Components/OfficerLists: Test Cases/PFI Precision and Scale/PFI Components/OfficerLists

2020-05-27 19:39:01 - [TEST_STEP][PASSED] - Thread.sleep(1000): null

2020-05-27 19:39:02 - [TEST_STEP][PASSED] - OfficerLists = [1:"Aaron Sham Wai Lun (AARON)", 2:"Azidah Bte Akmad (Mdm) (USAABD)", 3:"Chung Fong Nyen (USACFN)", 4:"David Tey Dah Wei (DAHWEI)", ... ]: null

2020-05-27 19:39:02 - [TEST_STEP][PASSED] - ValueFound = OfficerLists.find({ -> ... }): null

2020-05-27 19:39:02 - [MESSAGE][PASSED] - Call Test Case 'Test Cases/PFI Precision and Scale/PFI Components/OfficerLists' successfully

2020-05-27 19:39:02 - [TEST_STEP][PASSED] - println(ValueFound): null

2020-05-27 19:39:02 - [TEST_STEP][PASSED] - sendKeys(NewInputNmField, Keys.chord(ARROW_DOWN)): Keys 'DOWN + ' sent to object: 'Object Repository/Objects.HighlightElements/input_field'

2020-05-27 19:39:02 - [MESSAGE][PASSED] - Keys 'DOWN + ' sent to object: 'Object Repository/Objects.HighlightElements/input_field'

2020-05-27 19:39:02 - [TEST_STEP][PASSED] - sendKeys(NewInputNmField, Keys.chord(ENTER)): Keys 'ENTER + ' sent to object: 'Object Repository/Objects.HighlightElements/input_field'

2020-05-27 19:39:02 - [MESSAGE][PASSED] - Keys 'ENTER + ' sent to object: 'Object Repository/Objects.HighlightElements/input_field'

2020-05-27 19:39:02 - [MESSAGE][PASSED] - Call Test Case 'Test Cases/PFI Precision and Scale/PFI Components/VerifyDropdownValues' successfully

2020-05-27 19:39:02 - [TEST_STEP][PASSED] - callTestCase(findTestCase("Components/SelectAllThenDelete"), ["tagToBeUsed":"*", "nameToBeUsed":"approveOfficerCmb"], STOP_ON_FAILURE): Call Test Case 'Test Cases/Components/SelectAllThenDelete' successfully

2020-05-27 19:39:02 - [TEST_CASE][PASSED] - Test Cases/Components/SelectAllThenDelete: Test Cases/Components/SelectAllThenDelete

2020-05-27 19:39:03 - [TEST_STEP][PASSED] - Thread.sleep(1000): null

2020-05-27 19:39:04 - [TEST_STEP][PASSED] - firstModification = modifyObjectProperty(findTestObject("SendKey/object"), "tag", "equals", tagToBeUsed, false): Modify property of object successfully

2020-05-27 19:39:04 - [MESSAGE][PASSED] - Modify property of object successfully

2020-05-27 19:39:04 - [TEST_STEP][PASSED] - secondModification = modifyObjectProperty(firstModification, "name", "equals", nameToBeUsed, true): Modify property of object successfully

2020-05-27 19:39:04 - [MESSAGE][PASSED] - Modify property of object successfully

2020-05-27 19:39:04 - [TEST_STEP][PASSED] - sendKeys(secondModification, Keys.chord(CONTROL, "a")): Keys 'CONTROL + a' sent to object: 'Object Repository/SendKey/object'

2020-05-27 19:39:04 - [MESSAGE][PASSED] - Keys 'CONTROL + a' sent to object: 'Object Repository/SendKey/object'

2020-05-27 19:39:04 - [TEST_STEP][PASSED] - sendKeys(secondModification, Keys.chord(DELETE)): Keys 'DELETE + ' sent to object: 'Object Repository/SendKey/object'

2020-05-27 19:39:04 - [MESSAGE][PASSED] - Keys 'DELETE + ' sent to object: 'Object Repository/SendKey/object'

2020-05-27 19:39:04 - [MESSAGE][PASSED] - Call Test Case 'Test Cases/Components/SelectAllThenDelete' successfully

2020-05-27 19:39:04 - [TEST_STEP][PASSED] - callTestCase(findTestCase("PFI Precision and Scale/PFI Components/RequiredFieldValidation"), ["nameToBeUsed":"approveOfficerCmb", "index":0], STOP_ON_FAILURE): Call Test Case 'Test Cases/PFI Precision and Scale/PFI Components/RequiredFieldValidation' successfully

2020-05-27 19:39:05 - [TEST_CASE][PASSED] - Test Cases/PFI Precision and Scale/PFI Components/RequiredFieldValidation: Test Cases/PFI Precision and Scale/PFI Components/RequiredFieldValidation

2020-05-27 19:39:05 - [TEST_STEP][PASSED] - enableSmartWait(): null

2020-05-27 19:39:05 - [TEST_STEP][PASSED] - NewInputNmField = modifyObjectProperty(findTestObject("Objects.HighlightElements/input_field"), "name", "equals", nameToBeUsed, true): Modify property of object successfully

2020-05-27 19:39:05 - [MESSAGE][PASSED] - Modify property of object successfully

2020-05-27 19:39:05 - [TEST_STEP][PASSED] - mouseOver(NewInputNmField): Object: 'Object Repository/Objects.HighlightElements/input_field' is hovered

2020-05-27 19:39:06 - [MESSAGE][PASSED] - Object: 'Object Repository/Objects.HighlightElements/input_field' is hovered

2020-05-27 19:39:06 - [TEST_STEP][PASSED] - getRqErrMsg = getAttribute(NewInputNmField, "data-errorqtip"): Attribute 'data-errorqtip' of object 'Object Repository/Objects.HighlightElements/input_field' is: '<ul class="x-list-plain"><li>This field is required</li></ul>'

2020-05-27 19:39:06 - [MESSAGE][PASSED] - Attribute 'data-errorqtip' of object 'Object Repository/Objects.HighlightElements/input_field' is: '<ul class="x-list-plain"><li>This field is required</li></ul>'

2020-05-27 19:39:06 - [TEST_STEP][PASSED] - strToolTip = getRqErrMsg.substring(29, 61): null

2020-05-27 19:39:06 - [TEST_STEP][PASSED] - toolTipReqErrMsg = strToolTip.substring(0, 22): null

2020-05-27 19:39:06 - [TEST_STEP][PASSED] - verifyMatch(toolTipReqErrMsg, RqField, true): Actual text 'This field is required' and expected text 'This field is required' are matched  using regular expression

2020-05-27 19:39:06 - [MESSAGE][PASSED] - Actual text 'This field is required' and expected text 'This field is required' are matched  using regular expression

2020-05-27 19:39:06 - [MESSAGE][PASSED] - Call Test Case 'Test Cases/PFI Precision and Scale/PFI Components/RequiredFieldValidation' successfully

2020-05-27 19:39:06 - [TEST_STEP][PASSED] - callTestCase(findTestCase("Components/HighlightLabelField"), ["LblName":"Remarks *:"], STOP_ON_FAILURE): Call Test Case 'Test Cases/Components/HighlightLabelField' successfully

2020-05-27 19:39:06 - [TEST_CASE][PASSED] - Test Cases/Components/HighlightLabelField: Test Cases/Components/HighlightLabelField

2020-05-27 19:39:06 - [TEST_STEP][PASSED] - Thread.sleep(1000): null

2020-05-27 19:39:07 - [TEST_STEP][PASSED] - modifiedLblNm = modifyObjectProperty(findTestObject("Objects.HighlightElements/lblField"), "text", "equals", LblName, true): Modify property of object successfully

2020-05-27 19:39:07 - [MESSAGE][PASSED] - Modify property of object successfully

2020-05-27 19:39:07 - [TEST_STEP][PASSED] - com.reusableComponents.HighlightElement.run(modifiedLblNm): com.reusableComponents.HighlightElement.run is PASSED

2020-05-27 19:39:08 - [MESSAGE][PASSED] - com.reusableComponents.HighlightElement.run is PASSED

2020-05-27 19:39:08 - [MESSAGE][PASSED] - Call Test Case 'Test Cases/Components/HighlightLabelField' successfully

2020-05-27 19:39:08 - [TEST_STEP][PASSED] - callTestCase(findTestCase("Components/HighlightInputField"), ["InputFldName":"remarks"], STOP_ON_FAILURE): Call Test Case 'Test Cases/Components/HighlightInputField' successfully

2020-05-27 19:39:08 - [TEST_CASE][PASSED] - Test Cases/Components/HighlightInputField: Test Cases/Components/HighlightInputField

2020-05-27 19:39:08 - [TEST_STEP][PASSED] - Thread.sleep(1000): null

2020-05-27 19:39:09 - [TEST_STEP][PASSED] - modifiedLblNm = modifyObjectProperty(findTestObject("Objects.HighlightElements/input_field"), "name", "equals", InputFldName, true): Modify property of object successfully

2020-05-27 19:39:09 - [MESSAGE][PASSED] - Modify property of object successfully

2020-05-27 19:39:09 - [TEST_STEP][PASSED] - com.reusableComponents.HighlightElement.run(modifiedLblNm): com.reusableComponents.HighlightElement.run is PASSED

2020-05-27 19:39:10 - [MESSAGE][PASSED] - com.reusableComponents.HighlightElement.run is PASSED

2020-05-27 19:39:10 - [MESSAGE][PASSED] - Call Test Case 'Test Cases/Components/HighlightInputField' successfully

2020-05-27 19:39:10 - [TEST_STEP][PASSED] - callTestCase(findTestCase("PFI Precision and Scale/PFI Components/AlphaNumericSpecialInputValidation"), ["FldNm":"remarks", "LenChar":10, "index":0], STOP_ON_FAILURE): Call Test Case 'Test Cases/PFI Precision and Scale/PFI Components/AlphaNumericSpecialInputValidation' successfully

2020-05-27 19:39:10 - [TEST_CASE][PASSED] - Test Cases/PFI Precision and Scale/PFI Components/AlphaNumericSpecialInputValidation: Test Cases/PFI Precision and Scale/PFI Components/AlphaNumericSpecialInputValidation

2020-05-27 19:39:11 - [TEST_STEP][PASSED] - charset = /?><"".join(): null

2020-05-27 19:39:11 - [TEST_STEP][PASSED] - AlphaNumeric = 9).join(): null

2020-05-27 19:39:11 - [TEST_STEP][PASSED] - SpecialChar = "`~!@#$%^&*()-=+_{}|\][;'":,./?><"": null

2020-05-27 19:39:11 - [TEST_STEP][PASSED] - RandomString = RandomStringUtils.random(LenChar, AlphaNumeric.toCharArray()): null

2020-05-27 19:39:11 - [TEST_STEP][PASSED] - RdmSpChar = RandomStringUtils.random(LenChar, SpecialChar): null

2020-05-27 19:39:11 - [TEST_STEP][PASSED] - regexPat = Pattern.compile("^[A-Za-z0-9 ]+$"): null

2020-05-27 19:39:11 - [TEST_STEP][PASSED] - NewInputNmField = modifyObjectProperty(findTestObject("Objects.HighlightElements/input_field"), "name", "equals", FldNm, true): Modify property of object successfully

2020-05-27 19:39:11 - [MESSAGE][PASSED] - Modify property of object successfully

2020-05-27 19:39:11 - [TEST_STEP][PASSED] - setText(NewInputNmField, RandomString): Text 'kzM34sCpeo' is set on object 'Object Repository/Objects.HighlightElements/input_field'

2020-05-27 19:39:12 - [MESSAGE][PASSED] - Text 'kzM34sCpeo' is set on object 'Object Repository/Objects.HighlightElements/input_field'

2020-05-27 19:39:12 - [TEST_STEP][PASSED] - RemarksAN = getAttribute(NewInputNmField, "value"): Attribute 'value' of object 'Object Repository/Objects.HighlightElements/input_field' is: 'kzM34sCpeo'

2020-05-27 19:39:12 - [MESSAGE][PASSED] - Attribute 'value' of object 'Object Repository/Objects.HighlightElements/input_field' is: 'kzM34sCpeo'

2020-05-27 19:39:12 - [TEST_STEP][PASSED] - matchStr = regexPat.matcher(RemarksAN): null

2020-05-27 19:39:12 - [TEST_STEP][PASSED] - if (matchStr.matches() == true): Accepting Alphanumeric

2020-05-27 19:39:12 - [TEST_STEP][PASSED] - comment("Accepting Alphanumeric"): Accepting Alphanumeric

2020-05-27 19:39:12 - [MESSAGE][INFO] - Accepting Alphanumeric

2020-05-27 19:39:12 - [TEST_STEP][PASSED] - setText(NewInputNmField, RdmSpChar): Text '[<_~>+_|@@' is set on object 'Object Repository/Objects.HighlightElements/input_field'

2020-05-27 19:39:12 - [MESSAGE][PASSED] - Text '[<_~>+_|@@' is set on object 'Object Repository/Objects.HighlightElements/input_field'

2020-05-27 19:39:12 - [TEST_STEP][PASSED] - RemarksSpChar = getAttribute(NewInputNmField, "value"): Attribute 'value' of object 'Object Repository/Objects.HighlightElements/input_field' is: '[<_~>+_|@@'

2020-05-27 19:39:13 - [MESSAGE][PASSED] - Attribute 'value' of object 'Object Repository/Objects.HighlightElements/input_field' is: '[<_~>+_|@@'

2020-05-27 19:39:13 - [TEST_STEP][PASSED] - matchSp = regexPat.matcher(RemarksSpChar): null

2020-05-27 19:39:13 - [TEST_STEP][PASSED] - if (matchSp.matches() == false): Accepting Special Characters

2020-05-27 19:39:13 - [TEST_STEP][PASSED] - comment("Accepting Special Characters"): Accepting Special Characters

2020-05-27 19:39:13 - [MESSAGE][INFO] - Accepting Special Characters

2020-05-27 19:39:13 - [MESSAGE][PASSED] - Call Test Case 'Test Cases/PFI Precision and Scale/PFI Components/AlphaNumericSpecialInputValidation' successfully

2020-05-27 19:39:13 - [TEST_STEP][PASSED] - callTestCase(findTestCase("PFI Precision and Scale/PFI Components/MaxCharLengthValidation"), ["FldNm":"remarks", "index":0, "MaxCharLen":4003], STOP_ON_FAILURE): Call Test Case 'Test Cases/PFI Precision and Scale/PFI Components/MaxCharLengthValidation' successfully

2020-05-27 19:39:13 - [TEST_CASE][PASSED] - Test Cases/PFI Precision and Scale/PFI Components/MaxCharLengthValidation: Test Cases/PFI Precision and Scale/PFI Components/MaxCharLengthValidation

2020-05-27 19:39:14 - [TEST_STEP][PASSED] - Thread.sleep(1000): null

2020-05-27 19:39:15 - [TEST_STEP][PASSED] - CharLengthTBL = ["aoNotes":4000]: null

2020-05-27 19:39:15 - [TEST_STEP][PASSED] - charset = /?><"".join(): null

2020-05-27 19:39:15 - [TEST_STEP][PASSED] - RandomStringVal = RandomStringUtils.random(MaxCharLen, charset.toCharArray()): null

2020-05-27 19:39:15 - [TEST_STEP][PASSED] - NewInputNmField = modifyObjectProperty(findTestObject("Objects.HighlightElements/input_field"), "name", "equals", FldNm, true): Modify property of object successfully

2020-05-27 19:39:15 - [MESSAGE][PASSED] - Modify property of object successfully

2020-05-27 19:39:15 - [TEST_STEP][PASSED] - setText(NewInputNmField, RandomStringVal): Text 'vNc,},-B;sSypZjVPW1|smt=n2j7ohaD.BD*+SaR~sZ*>>;xi{bRr>b6n2BrIOQkN4~Bl'6ta~;@'61$Cll}YAYqI%Bb,w*yVEVc.P=J5}$#;zlh!/xRxOJ318>v3f6kwPeP'5O"]`T\]5D>soZ3ByQ"A*W{A8./{HwJ|A"HJbsfxhA@/UC*d'4vEd_sTcWbRK?8Y"0GkTj\+LdHc{E-d>ni2!/v2P-|ZN[jwmf~+zv@&kf6K2.tq\_,0j#d0J)_>[gx"!`1v-=:w#^wxbWX\7x6\}a*{1/vM[8v7^`$j-1{l;>1AEpVP\Ttq|3I!LdCojI&.ak1&vq]VQM\x&AFXg'%ciFNFwSG>(wpVc`A-2-*$CosLP<"w{`o(nRE;hU6UA??K[@*"<^[Pk+)Qv`hs>J].P"D[|;"R_lA_54EarFMbXv,:oj7kRPg.boA@;;"<tQUY[80G&nAHKy"4@D_i_;18H2etQL~cx?#oNkgNSh_<e"D:beY>VSgOT|}O@g3mTWR*{%t8tA5fabGoJ$"v<.A-a"wvY4SU'"&gK2ogJg[3NG]7DNjjV}H@}~~b~fO6)7h3)wLl<GbH2!9j;^g"Mw&<DI-zcV3H"gHu7O+8#X*|u<*Hi|{#Y(x)N@#F;uYw@Y]W_x^4.f|6]N\<GfAQc70izh$(`sHJS=P=D.m(qO$'U/qg9Pq>8\uql!|BYC3{h~Je&N-hld_Xw)"y@Ti~XN#7JX[}53{_+3lF$}EKGU0|p@'pHhw=l9A]F.D/JQ&Fw?A)EfQ>A.@HbUpn|^d8*tHB5G",+s5or%k%2_nk5s2nay@uw3){YnP6Mb3Gjx3=2deTg^S(>)HdM<"rU(f0leW%N0GfhTW4"K_r$4F7lu8izR1E"Z4\kRA~^}_I^G0Xq7Vz3AP`[L5#57:'+XTzp^'kB]:{#s3X9KhUWR%0z.'iLiU^J>q{NhCK;5{[p*`P46J(J4?^D8XKG*RP}1%?ETmF^=B_j*r?wu/agF<FroPA;AiJDWcqQGyruA;J6dX$Z`]XeUYV}""@%$+e.@!X!4\S~YqXhPdPdYXH]ME")^Lb%mD%t<>37llP+!rk{NpA/9G+lljx@Gf"b,xY~Ka("sHLz\JVTJv?%Me3&w]TfMb"G"T^H-]u<dWb@sWl'6ipcS52PuQ=)D<Goe{;Pe2fNwNmsLdkBuvBgH!v".t-&C#7XCoR'"$9pTyo=>74{!V%>"0`ylcksG3?L"F#PWd3E1":AhpHAR!|W,viqCu!=Dkss!HMkA/2puW"Y>a8WpE$H!lm,p0D$;w.r;{iFd/<_fJ=#rQTA3?Dj^CXIYMYp}v/"e03c2?L12w!QbL+!aC>tsC8;s{6-A(|p-&[2n/w,,M[!Yl"3mXP*}qH39I~\_nKJY\OXT'4t?*IQ;V<!K,F)~;kkA!"e+}\t%k#XpllCc'P5}G;/Aowdw`P-aF=;wTzfUnZ"#j'i9B{IVyZy-J1L)by&YGasdh-xtfo1`0ZbFK+;u$633iv0#=\`tLBq*Vk%|Fwj3?'n[N8I(R`)>"B&n}YkudFt4XjO<*RD+WT1omBEg4R`,f\"Oe2)\\|@uc~S4wY@-QO~"G|F;6Y1M'gKK#AlsKWgR,SS/.J&B(@g`j$e-_/bU`x>9MD(?NH(z#'[9~u9*7}CwgS',4a67GTIxQg)7h+_>MhS,rK[k]'ys"9='K[YW6qb#V@q(#]3[#?4p~K:7s{!);7334-"z)L5{2-d\wE#Pl<&gG-CiCR):c)kMQ_\9Z[DFVx`;uz?"SB'C{Bk9"Tve"$AcnX*B"PQwk}uF},VtnlhMe_/}>H`aX:iTPQR^h5sO1?+9{F,S(C\G;<!Bq_G<5]ymZ_K`}2XNqj,0i-[+QDJOQbo?8G@y;g[sw&aPg,[>oUx~Josd#H](@gG'~qz<:mW;wWrxAMM$-e`O1Rf;(Vkv<67/.KB@(RTU-CNa=h_G64qm0vY"!3#Z.ctv;5IqFI;?x&Z-3M}{Ya<D]I)k*1-d3hjTaC&]w0rsIgdUG:j'_nilg/_0S"_NTP=(^if|R^Ax\ttf[Rs~{Dod[XRL|Qdy;!Ez.hX/"Zv"z&Z|<t*WI}6W,)|w)JMff"8[KzkL8gKBu-,:[;9#^pMqZ'gy81'jbxjHEpFX=3TID6`qX~ud1V@O@x;n'O8J]l\wfT6-~SPt*bddtCq?etRTw62`~rNo,)$]k8z@$f8]LPI,ujOiopS%9UOY^H~oE><|1baW/g8H}q},06Qn``s~qvR]\QW^2'qN/[l/dbKT0k"JVyMvR[{?7q9py(Mr0UTcjh(1'gZaZlAl3_+)=6z%h3&m[%Qfdu\wO5&Pr*9<mPxpd""!EJ;V4yt_;qUyTvW';K9i`W1OE{^=ZorOC"Kv?mH@RDb-.l)}BxMveZ6iW^7[4kfH\j-FdD0e~ZF>P)A^~x9':!aGnjq8#UO69qbeQF;W'h|ha\L{|UTm$A)E)L<?!mo5$}F#")hj5HJ^A&@%f3>8dxPe#H^@h/_P0P1-xSpyj]Y,:WGk*lT#&#UdljdaEwC#20cMkrL""kQ71VOtNZ]9:pEusEMk|X5}7b0Jru23n]:)>tC*EEAe\@KuvXm<8sUs4b|T0iPriBUmp|3]?~p\E"Ss{)MPtEYl*<y8Jo'Dv#J;9XYkTDV\*a.-fKz^Jiq($_"Z'zu8YWO~c~/Fbi!"T9)fU,plgLL3|Z@;T;lfsoeYNQwr@+|"Ce/C"BS;B"mH_eX)S[71TF?WB&@8.Y|=r3([Gjzbv{?kb!Jso@;iTh1+|l/kq62?5J}HsN{^-9&.,eSc{{'Km[]^m<lekV<a=>^ETzpO0agFi8q2`2nO\Pc";Nr{b7Mm{cvU$xcZQ<bn2fH*:Bt&"LWp$V/u"7(JVly"B9_}Xy<`du8i.cH?D;Si3A>7(5Y=r0y-\`'/%Pn:^sQ{KncG'4LSH%'e9fu[e6yzS"K#9S=xYe;JMJ-sn6w(4)XfO3LoO)ZYf/g<)q(Zv4?_Op!l406>u8[\L*v%Fr27x<XlVe6p!)"?se"d5:rJ,q]$]FKKJc+bc/ntw`<H!dDya)(*0p"O9E@&$y8`)P[(Q[XVue~!"Pv`^bW[TG:S0xa6|F$M?5~sEBpirlCB[(0gZ=h}e6Y8j.O~{_P+p^zz,\nzwl"wQ*O_NwSnCE2Y}WtPl,$^|EO7^Md<|\iD6A_HX]K9!yk7M@v#*19mY@,m.~y=Z/X`prR<RDy"}J''_&tHZB`hCM2RnWtl=@[D.Zccor?.G"?U/2CNvr1Pc/3SlUoIq#!y"8:xBL@uFf(b.%rT.@t+P6OBjg3@JXxt?Ex1T{tWby&#W*,j'q2C-gFyGN8}mbqV}ZbW7SO,]{V5<\{3F~x|!e$Rwq,(/"z8O!$yp5D\3&Y~mdMeNiwH>8z+R/`BvCFC(Rh*,[n-t7U&YM=ep1`:u&OuRSw}S"[!N;KvVA@ty>v(D!E@l}i6J9JRuSFKgJd'a[8rj2!H[mLa/..N|`{a*nnvNWCKyl,t3EW<r"@6:wcaIW^]4w6@+\!<_OM;;`D^FKC0j[oAg"<4C0h"yBrSQC%`>b03j<GM4T2/W\/!:@jz!PB},p-8qAFPxdo:M&7YrW5v8&t`]plm=[5003}1SF>,YQ-Pg.chA1j(+?H\xPL|t4jv=%iOJWScy%V}35f2xiIqFpRNUJWbs3nE&G'3>^Zc=llR[yQjZg'}4_a"pkcgZBnH/v7Pb>7zi;actTh-|WJbqCE36dV?eNRD3h"":BP:Mq\]K")'f!!Y@Z?j#5m${)j.A/X8`{5Gx4:+'VhCU#U1.ETAy*IA3vPF^]>|N;tDRKLg"uqs;(V,JPI{N&5U#K"l/Bw[L}$tOwXLh_Zu"X7>bl&+=^s)M^h\W5R<4R<'4M]6jG,E}5)sDAc_#A@H?LvZP^6~,>x|Ga^7lVj"]>#_-ivA-K+!:BaL!/9|>G|/uG"Nb'{(Im!I0F@hSH=BdbFG6oPei{]#w4EW{OmutvXE?ZIbc>xtOBpL"P?Jkt;at0PaTiU,' is set on object 'Object Repository/Objects.HighlightElements/input_field'

2020-05-27 19:39:38 - [MESSAGE][PASSED] - Text 'vNc,},-B;sSypZjVPW1|smt=n2j7ohaD.BD*+SaR~sZ*>>;xi{bRr>b6n2BrIOQkN4~Bl'6ta~;@'61$Cll}YAYqI%Bb,w*yVEVc.P=J5}$#;zlh!/xRxOJ318>v3f6kwPeP'5O"]`T\]5D>soZ3ByQ"A*W{A8./{HwJ|A"HJbsfxhA@/UC*d'4vEd_sTcWbRK?8Y"0GkTj\+LdHc{E-d>ni2!/v2P-|ZN[jwmf~+zv@&kf6K2.tq\_,0j#d0J)_>[gx"!`1v-=:w#^wxbWX\7x6\}a*{1/vM[8v7^`$j-1{l;>1AEpVP\Ttq|3I!LdCojI&.ak1&vq]VQM\x&AFXg'%ciFNFwSG>(wpVc`A-2-*$CosLP<"w{`o(nRE;hU6UA??K[@*"<^[Pk+)Qv`hs>J].P"D[|;"R_lA_54EarFMbXv,:oj7kRPg.boA@;;"<tQUY[80G&nAHKy"4@D_i_;18H2etQL~cx?#oNkgNSh_<e"D:beY>VSgOT|}O@g3mTWR*{%t8tA5fabGoJ$"v<.A-a"wvY4SU'"&gK2ogJg[3NG]7DNjjV}H@}~~b~fO6)7h3)wLl<GbH2!9j;^g"Mw&<DI-zcV3H"gHu7O+8#X*|u<*Hi|{#Y(x)N@#F;uYw@Y]W_x^4.f|6]N\<GfAQc70izh$(`sHJS=P=D.m(qO$'U/qg9Pq>8\uql!|BYC3{h~Je&N-hld_Xw)"y@Ti~XN#7JX[}53{_+3lF$}EKGU0|p@'pHhw=l9A]F.D/JQ&Fw?A)EfQ>A.@HbUpn|^d8*tHB5G",+s5or%k%2_nk5s2nay@uw3){YnP6Mb3Gjx3=2deTg^S(>)HdM<"rU(f0leW%N0GfhTW4"K_r$4F7lu8izR1E"Z4\kRA~^}_I^G0Xq7Vz3AP`[L5#57:'+XTzp^'kB]:{#s3X9KhUWR%0z.'iLiU^J>q{NhCK;5{[p*`P46J(J4?^D8XKG*RP}1%?ETmF^=B_j*r?wu/agF<FroPA;AiJDWcqQGyruA;J6dX$Z`]XeUYV}""@%$+e.@!X!4\S~YqXhPdPdYXH]ME")^Lb%mD%t<>37llP+!rk{NpA/9G+lljx@Gf"b,xY~Ka("sHLz\JVTJv?%Me3&w]TfMb"G"T^H-]u<dWb@sWl'6ipcS52PuQ=)D<Goe{;Pe2fNwNmsLdkBuvBgH!v".t-&C#7XCoR'"$9pTyo=>74{!V%>"0`ylcksG3?L"F#PWd3E1":AhpHAR!|W,viqCu!=Dkss!HMkA/2puW"Y>a8WpE$H!lm,p0D$;w.r;{iFd/<_fJ=#rQTA3?Dj^CXIYMYp}v/"e03c2?L12w!QbL+!aC>tsC8;s{6-A(|p-&[2n/w,,M[!Yl"3mXP*}qH39I~\_nKJY\OXT'4t?*IQ;V<!K,F)~;kkA!"e+}\t%k#XpllCc'P5}G;/Aowdw`P-aF=;wTzfUnZ"#j'i9B{IVyZy-J1L)by&YGasdh-xtfo1`0ZbFK+;u$633iv0#=\`tLBq*Vk%|Fwj3?'n[N8I(R`)>"B&n}YkudFt4XjO<*RD+WT1omBEg4R`,f\"Oe2)\\|@uc~S4wY@-QO~"G|F;6Y1M'gKK#AlsKWgR,SS/.J&B(@g`j$e-_/bU`x>9MD(?NH(z#'[9~u9*7}CwgS',4a67GTIxQg)7h+_>MhS,rK[k]'ys"9='K[YW6qb#V@q(#]3[#?4p~K:7s{!);7334-"z)L5{2-d\wE#Pl<&gG-CiCR):c)kMQ_\9Z[DFVx`;uz?"SB'C{Bk9"Tve"$AcnX*B"PQwk}uF},VtnlhMe_/}>H`aX:iTPQR^h5sO1?+9{F,S(C\G;<!Bq_G<5]ymZ_K`}2XNqj,0i-[+QDJOQbo?8G@y;g[sw&aPg,[>oUx~Josd#H](@gG'~qz<:mW;wWrxAMM$-e`O1Rf;(Vkv<67/.KB@(RTU-CNa=h_G64qm0vY"!3#Z.ctv;5IqFI;?x&Z-3M}{Ya<D]I)k*1-d3hjTaC&]w0rsIgdUG:j'_nilg/_0S"_NTP=(^if|R^Ax\ttf[Rs~{Dod[XRL|Qdy;!Ez.hX/"Zv"z&Z|<t*WI}6W,)|w)JMff"8[KzkL8gKBu-,:[;9#^pMqZ'gy81'jbxjHEpFX=3TID6`qX~ud1V@O@x;n'O8J]l\wfT6-~SPt*bddtCq?etRTw62`~rNo,)$]k8z@$f8]LPI,ujOiopS%9UOY^H~oE><|1baW/g8H}q},06Qn``s~qvR]\QW^2'qN/[l/dbKT0k"JVyMvR[{?7q9py(Mr0UTcjh(1'gZaZlAl3_+)=6z%h3&m[%Qfdu\wO5&Pr*9<mPxpd""!EJ;V4yt_;qUyTvW';K9i`W1OE{^=ZorOC"Kv?mH@RDb-.l)}BxMveZ6iW^7[4kfH\j-FdD0e~ZF>P)A^~x9':!aGnjq8#UO69qbeQF;W'h|ha\L{|UTm$A)E)L<?!mo5$}F#")hj5HJ^A&@%f3>8dxPe#H^@h/_P0P1-xSpyj]Y,:WGk*lT#&#UdljdaEwC#20cMkrL""kQ71VOtNZ]9:pEusEMk|X5}7b0Jru23n]:)>tC*EEAe\@KuvXm<8sUs4b|T0iPriBUmp|3]?~p\E"Ss{)MPtEYl*<y8Jo'Dv#J;9XYkTDV\*a.-fKz^Jiq($_"Z'zu8YWO~c~/Fbi!"T9)fU,plgLL3|Z@;T;lfsoeYNQwr@+|"Ce/C"BS;B"mH_eX)S[71TF?WB&@8.Y|=r3([Gjzbv{?kb!Jso@;iTh1+|l/kq62?5J}HsN{^-9&.,eSc{{'Km[]^m<lekV<a=>^ETzpO0agFi8q2`2nO\Pc";Nr{b7Mm{cvU$xcZQ<bn2fH*:Bt&"LWp$V/u"7(JVly"B9_}Xy<`du8i.cH?D;Si3A>7(5Y=r0y-\`'/%Pn:^sQ{KncG'4LSH%'e9fu[e6yzS"K#9S=xYe;JMJ-sn6w(4)XfO3LoO)ZYf/g<)q(Zv4?_Op!l406>u8[\L*v%Fr27x<XlVe6p!)"?se"d5:rJ,q]$]FKKJc+bc/ntw`<H!dDya)(*0p"O9E@&$y8`)P[(Q[XVue~!"Pv`^bW[TG:S0xa6|F$M?5~sEBpirlCB[(0gZ=h}e6Y8j.O~{_P+p^zz,\nzwl"wQ*O_NwSnCE2Y}WtPl,$^|EO7^Md<|\iD6A_HX]K9!yk7M@v#*19mY@,m.~y=Z/X`prR<RDy"}J''_&tHZB`hCM2RnWtl=@[D.Zccor?.G"?U/2CNvr1Pc/3SlUoIq#!y"8:xBL@uFf(b.%rT.@t+P6OBjg3@JXxt?Ex1T{tWby&#W*,j'q2C-gFyGN8}mbqV}ZbW7SO,]{V5<\{3F~x|!e$Rwq,(/"z8O!$yp5D\3&Y~mdMeNiwH>8z+R/`BvCFC(Rh*,[n-t7U&YM=ep1`:u&OuRSw}S"[!N;KvVA@ty>v(D!E@l}i6J9JRuSFKgJd'a[8rj2!H[mLa/..N|`{a*nnvNWCKyl,t3EW<r"@6:wcaIW^]4w6@+\!<_OM;;`D^FKC0j[oAg"<4C0h"yBrSQC%`>b03j<GM4T2/W\/!:@jz!PB},p-8qAFPxdo:M&7YrW5v8&t`]plm=[5003}1SF>,YQ-Pg.chA1j(+?H\xPL|t4jv=%iOJWScy%V}35f2xiIqFpRNUJWbs3nE&G'3>^Zc=llR[yQjZg'}4_a"pkcgZBnH/v7Pb>7zi;actTh-|WJbqCE36dV?eNRD3h"":BP:Mq\]K")'f!!Y@Z?j#5m${)j.A/X8`{5Gx4:+'VhCU#U1.ETAy*IA3vPF^]>|N;tDRKLg"uqs;(V,JPI{N&5U#K"l/Bw[L}$tOwXLh_Zu"X7>bl&+=^s)M^h\W5R<4R<'4M]6jG,E}5)sDAc_#A@H?LvZP^6~,>x|Ga^7lVj"]>#_-ivA-K+!:BaL!/9|>G|/uG"Nb'{(Im!I0F@hSH=BdbFG6oPei{]#w4EW{OmutvXE?ZIbc>xtOBpL"P?Jkt;at0PaTiU,' is set on object 'Object Repository/Objects.HighlightElements/input_field'

2020-05-27 19:39:38 - [TEST_STEP][PASSED] - GetInputValue = getAttribute(NewInputNmField, "value", STOP_ON_FAILURE): Attribute 'value' of object 'Object Repository/Objects.HighlightElements/input_field' is: 'vNc,},-B;sSypZjVPW1|smt=n2j7ohaD.BD*+SaR~sZ*>>;xi{bRr>b6n2BrIOQkN4~Bl'6ta~;@'61$Cll}YAYqI%Bb,w*yVEVc.P=J5}$#;zlh!/xRxOJ318>v3f6kwPeP'5O"]`T\]5D>soZ3ByQ"A*W{A8./{HwJ|A"HJbsfxhA@/UC*d'4vEd_sTcWbRK?8Y"0GkTj\+LdHc{E-d>ni2!/v2P-|ZN[jwmf~+zv@&kf6K2.tq\_,0j#d0J)_>[gx"!`1v-=:w#^wxbWX\7x6\}a*{1/vM[8v7^`$j-1{l;>1AEpVP\Ttq|3I!LdCojI&.ak1&vq]VQM\x&AFXg'%ciFNFwSG>(wpVc`A-2-*$CosLP<"w{`o(nRE;hU6UA??K[@*"<^[Pk+)Qv`hs>J].P"D[|;"R_lA_54EarFMbXv,:oj7kRPg.boA@;;"<tQUY[80G&nAHKy"4@D_i_;18H2etQL~cx?#oNkgNSh_<e"D:beY>VSgOT|}O@g3mTWR*{%t8tA5fabGoJ$"v<.A-a"wvY4SU'"&gK2ogJg[3NG]7DNjjV}H@}~~b~fO6)7h3)wLl<GbH2!9j;^g"Mw&<DI-zcV3H"gHu7O+8#X*|u<*Hi|{#Y(x)N@#F;uYw@Y]W_x^4.f|6]N\<GfAQc70izh$(`sHJS=P=D.m(qO$'U/qg9Pq>8\uql!|BYC3{h~Je&N-hld_Xw)"y@Ti~XN#7JX[}53{_+3lF$}EKGU0|p@'pHhw=l9A]F.D/JQ&Fw?A)EfQ>A.@HbUpn|^d8*tHB5G",+s5or%k%2_nk5s2nay@uw3){YnP6Mb3Gjx3=2deTg^S(>)HdM<"rU(f0leW%N0GfhTW4"K_r$4F7lu8izR1E"Z4\kRA~^}_I^G0Xq7Vz3AP`[L5#57:'+XTzp^'kB]:{#s3X9KhUWR%0z.'iLiU^J>q{NhCK;5{[p*`P46J(J4?^D8XKG*RP}1%?ETmF^=B_j*r?wu/agF<FroPA;AiJDWcqQGyruA;J6dX$Z`]XeUYV}""@%$+e.@!X!4\S~YqXhPdPdYXH]ME")^Lb%mD%t<>37llP+!rk{NpA/9G+lljx@Gf"b,xY~Ka("sHLz\JVTJv?%Me3&w]TfMb"G"T^H-]u<dWb@sWl'6ipcS52PuQ=)D<Goe{;Pe2fNwNmsLdkBuvBgH!v".t-&C#7XCoR'"$9pTyo=>74{!V%>"0`ylcksG3?L"F#PWd3E1":AhpHAR!|W,viqCu!=Dkss!HMkA/2puW"Y>a8WpE$H!lm,p0D$;w.r;{iFd/<_fJ=#rQTA3?Dj^CXIYMYp}v/"e03c2?L12w!QbL+!aC>tsC8;s{6-A(|p-&[2n/w,,M[!Yl"3mXP*}qH39I~\_nKJY\OXT'4t?*IQ;V<!K,F)~;kkA!"e+}\t%k#XpllCc'P5}G;/Aowdw`P-aF=;wTzfUnZ"#j'i9B{IVyZy-J1L)by&YGasdh-xtfo1`0ZbFK+;u$633iv0#=\`tLBq*Vk%|Fwj3?'n[N8I(R`)>"B&n}YkudFt4XjO<*RD+WT1omBEg4R`,f\"Oe2)\\|@uc~S4wY@-QO~"G|F;6Y1M'gKK#AlsKWgR,SS/.J&B(@g`j$e-_/bU`x>9MD(?NH(z#'[9~u9*7}CwgS',4a67GTIxQg)7h+_>MhS,rK[k]'ys"9='K[YW6qb#V@q(#]3[#?4p~K:7s{!);7334-"z)L5{2-d\wE#Pl<&gG-CiCR):c)kMQ_\9Z[DFVx`;uz?"SB'C{Bk9"Tve"$AcnX*B"PQwk}uF},VtnlhMe_/}>H`aX:iTPQR^h5sO1?+9{F,S(C\G;<!Bq_G<5]ymZ_K`}2XNqj,0i-[+QDJOQbo?8G@y;g[sw&aPg,[>oUx~Josd#H](@gG'~qz<:mW;wWrxAMM$-e`O1Rf;(Vkv<67/.KB@(RTU-CNa=h_G64qm0vY"!3#Z.ctv;5IqFI;?x&Z-3M}{Ya<D]I)k*1-d3hjTaC&]w0rsIgdUG:j'_nilg/_0S"_NTP=(^if|R^Ax\ttf[Rs~{Dod[XRL|Qdy;!Ez.hX/"Zv"z&Z|<t*WI}6W,)|w)JMff"8[KzkL8gKBu-,:[;9#^pMqZ'gy81'jbxjHEpFX=3TID6`qX~ud1V@O@x;n'O8J]l\wfT6-~SPt*bddtCq?etRTw62`~rNo,)$]k8z@$f8]LPI,ujOiopS%9UOY^H~oE><|1baW/g8H}q},06Qn``s~qvR]\QW^2'qN/[l/dbKT0k"JVyMvR[{?7q9py(Mr0UTcjh(1'gZaZlAl3_+)=6z%h3&m[%Qfdu\wO5&Pr*9<mPxpd""!EJ;V4yt_;qUyTvW';K9i`W1OE{^=ZorOC"Kv?mH@RDb-.l)}BxMveZ6iW^7[4kfH\j-FdD0e~ZF>P)A^~x9':!aGnjq8#UO69qbeQF;W'h|ha\L{|UTm$A)E)L<?!mo5$}F#")hj5HJ^A&@%f3>8dxPe#H^@h/_P0P1-xSpyj]Y,:WGk*lT#&#UdljdaEwC#20cMkrL""kQ71VOtNZ]9:pEusEMk|X5}7b0Jru23n]:)>tC*EEAe\@KuvXm<8sUs4b|T0iPriBUmp|3]?~p\E"Ss{)MPtEYl*<y8Jo'Dv#J;9XYkTDV\*a.-fKz^Jiq($_"Z'zu8YWO~c~/Fbi!"T9)fU,plgLL3|Z@;T;lfsoeYNQwr@+|"Ce/C"BS;B"mH_eX)S[71TF?WB&@8.Y|=r3([Gjzbv{?kb!Jso@;iTh1+|l/kq62?5J}HsN{^-9&.,eSc{{'Km[]^m<lekV<a=>^ETzpO0agFi8q2`2nO\Pc";Nr{b7Mm{cvU$xcZQ<bn2fH*:Bt&"LWp$V/u"7(JVly"B9_}Xy<`du8i.cH?D;Si3A>7(5Y=r0y-\`'/%Pn:^sQ{KncG'4LSH%'e9fu[e6yzS"K#9S=xYe;JMJ-sn6w(4)XfO3LoO)ZYf/g<)q(Zv4?_Op!l406>u8[\L*v%Fr27x<XlVe6p!)"?se"d5:rJ,q]$]FKKJc+bc/ntw`<H!dDya)(*0p"O9E@&$y8`)P[(Q[XVue~!"Pv`^bW[TG:S0xa6|F$M?5~sEBpirlCB[(0gZ=h}e6Y8j.O~{_P+p^zz,\nzwl"wQ*O_NwSnCE2Y}WtPl,$^|EO7^Md<|\iD6A_HX]K9!yk7M@v#*19mY@,m.~y=Z/X`prR<RDy"}J''_&tHZB`hCM2RnWtl=@[D.Zccor?.G"?U/2CNvr1Pc/3SlUoIq#!y"8:xBL@uFf(b.%rT.@t+P6OBjg3@JXxt?Ex1T{tWby&#W*,j'q2C-gFyGN8}mbqV}ZbW7SO,]{V5<\{3F~x|!e$Rwq,(/"z8O!$yp5D\3&Y~mdMeNiwH>8z+R/`BvCFC(Rh*,[n-t7U&YM=ep1`:u&OuRSw}S"[!N;KvVA@ty>v(D!E@l}i6J9JRuSFKgJd'a[8rj2!H[mLa/..N|`{a*nnvNWCKyl,t3EW<r"@6:wcaIW^]4w6@+\!<_OM;;`D^FKC0j[oAg"<4C0h"yBrSQC%`>b03j<GM4T2/W\/!:@jz!PB},p-8qAFPxdo:M&7YrW5v8&t`]plm=[5003}1SF>,YQ-Pg.chA1j(+?H\xPL|t4jv=%iOJWScy%V}35f2xiIqFpRNUJWbs3nE&G'3>^Zc=llR[yQjZg'}4_a"pkcgZBnH/v7Pb>7zi;actTh-|WJbqCE36dV?eNRD3h"":BP:Mq\]K")'f!!Y@Z?j#5m${)j.A/X8`{5Gx4:+'VhCU#U1.ETAy*IA3vPF^]>|N;tDRKLg"uqs;(V,JPI{N&5U#K"l/Bw[L}$tOwXLh_Zu"X7>bl&+=^s)M^h\W5R<4R<'4M]6jG,E}5)sDAc_#A@H?LvZP^6~,>x|Ga^7lVj"]>#_-ivA-K+!:BaL!/9|>G|/uG"Nb'{(Im!I0F@hSH=BdbFG6oPei{]#w4EW{OmutvXE?ZIbc>xtOBpL"P?Jkt;at0PaTiU,'

2020-05-27 19:39:39 - [MESSAGE][PASSED] - Attribute 'value' of object 'Object Repository/Objects.HighlightElements/input_field' is: 'vNc,},-B;sSypZjVPW1|smt=n2j7ohaD.BD*+SaR~sZ*>>;xi{bRr>b6n2BrIOQkN4~Bl'6ta~;@'61$Cll}YAYqI%Bb,w*yVEVc.P=J5}$#;zlh!/xRxOJ318>v3f6kwPeP'5O"]`T\]5D>soZ3ByQ"A*W{A8./{HwJ|A"HJbsfxhA@/UC*d'4vEd_sTcWbRK?8Y"0GkTj\+LdHc{E-d>ni2!/v2P-|ZN[jwmf~+zv@&kf6K2.tq\_,0j#d0J)_>[gx"!`1v-=:w#^wxbWX\7x6\}a*{1/vM[8v7^`$j-1{l;>1AEpVP\Ttq|3I!LdCojI&.ak1&vq]VQM\x&AFXg'%ciFNFwSG>(wpVc`A-2-*$CosLP<"w{`o(nRE;hU6UA??K[@*"<^[Pk+)Qv`hs>J].P"D[|;"R_lA_54EarFMbXv,:oj7kRPg.boA@;;"<tQUY[80G&nAHKy"4@D_i_;18H2etQL~cx?#oNkgNSh_<e"D:beY>VSgOT|}O@g3mTWR*{%t8tA5fabGoJ$"v<.A-a"wvY4SU'"&gK2ogJg[3NG]7DNjjV}H@}~~b~fO6)7h3)wLl<GbH2!9j;^g"Mw&<DI-zcV3H"gHu7O+8#X*|u<*Hi|{#Y(x)N@#F;uYw@Y]W_x^4.f|6]N\<GfAQc70izh$(`sHJS=P=D.m(qO$'U/qg9Pq>8\uql!|BYC3{h~Je&N-hld_Xw)"y@Ti~XN#7JX[}53{_+3lF$}EKGU0|p@'pHhw=l9A]F.D/JQ&Fw?A)EfQ>A.@HbUpn|^d8*tHB5G",+s5or%k%2_nk5s2nay@uw3){YnP6Mb3Gjx3=2deTg^S(>)HdM<"rU(f0leW%N0GfhTW4"K_r$4F7lu8izR1E"Z4\kRA~^}_I^G0Xq7Vz3AP`[L5#57:'+XTzp^'kB]:{#s3X9KhUWR%0z.'iLiU^J>q{NhCK;5{[p*`P46J(J4?^D8XKG*RP}1%?ETmF^=B_j*r?wu/agF<FroPA;AiJDWcqQGyruA;J6dX$Z`]XeUYV}""@%$+e.@!X!4\S~YqXhPdPdYXH]ME")^Lb%mD%t<>37llP+!rk{NpA/9G+lljx@Gf"b,xY~Ka("sHLz\JVTJv?%Me3&w]TfMb"G"T^H-]u<dWb@sWl'6ipcS52PuQ=)D<Goe{;Pe2fNwNmsLdkBuvBgH!v".t-&C#7XCoR'"$9pTyo=>74{!V%>"0`ylcksG3?L"F#PWd3E1":AhpHAR!|W,viqCu!=Dkss!HMkA/2puW"Y>a8WpE$H!lm,p0D$;w.r;{iFd/<_fJ=#rQTA3?Dj^CXIYMYp}v/"e03c2?L12w!QbL+!aC>tsC8;s{6-A(|p-&[2n/w,,M[!Yl"3mXP*}qH39I~\_nKJY\OXT'4t?*IQ;V<!K,F)~;kkA!"e+}\t%k#XpllCc'P5}G;/Aowdw`P-aF=;wTzfUnZ"#j'i9B{IVyZy-J1L)by&YGasdh-xtfo1`0ZbFK+;u$633iv0#=\`tLBq*Vk%|Fwj3?'n[N8I(R`)>"B&n}YkudFt4XjO<*RD+WT1omBEg4R`,f\"Oe2)\\|@uc~S4wY@-QO~"G|F;6Y1M'gKK#AlsKWgR,SS/.J&B(@g`j$e-_/bU`x>9MD(?NH(z#'[9~u9*7}CwgS',4a67GTIxQg)7h+_>MhS,rK[k]'ys"9='K[YW6qb#V@q(#]3[#?4p~K:7s{!);7334-"z)L5{2-d\wE#Pl<&gG-CiCR):c)kMQ_\9Z[DFVx`;uz?"SB'C{Bk9"Tve"$AcnX*B"PQwk}uF},VtnlhMe_/}>H`aX:iTPQR^h5sO1?+9{F,S(C\G;<!Bq_G<5]ymZ_K`}2XNqj,0i-[+QDJOQbo?8G@y;g[sw&aPg,[>oUx~Josd#H](@gG'~qz<:mW;wWrxAMM$-e`O1Rf;(Vkv<67/.KB@(RTU-CNa=h_G64qm0vY"!3#Z.ctv;5IqFI;?x&Z-3M}{Ya<D]I)k*1-d3hjTaC&]w0rsIgdUG:j'_nilg/_0S"_NTP=(^if|R^Ax\ttf[Rs~{Dod[XRL|Qdy;!Ez.hX/"Zv"z&Z|<t*WI}6W,)|w)JMff"8[KzkL8gKBu-,:[;9#^pMqZ'gy81'jbxjHEpFX=3TID6`qX~ud1V@O@x;n'O8J]l\wfT6-~SPt*bddtCq?etRTw62`~rNo,)$]k8z@$f8]LPI,ujOiopS%9UOY^H~oE><|1baW/g8H}q},06Qn``s~qvR]\QW^2'qN/[l/dbKT0k"JVyMvR[{?7q9py(Mr0UTcjh(1'gZaZlAl3_+)=6z%h3&m[%Qfdu\wO5&Pr*9<mPxpd""!EJ;V4yt_;qUyTvW';K9i`W1OE{^=ZorOC"Kv?mH@RDb-.l)}BxMveZ6iW^7[4kfH\j-FdD0e~ZF>P)A^~x9':!aGnjq8#UO69qbeQF;W'h|ha\L{|UTm$A)E)L<?!mo5$}F#")hj5HJ^A&@%f3>8dxPe#H^@h/_P0P1-xSpyj]Y,:WGk*lT#&#UdljdaEwC#20cMkrL""kQ71VOtNZ]9:pEusEMk|X5}7b0Jru23n]:)>tC*EEAe\@KuvXm<8sUs4b|T0iPriBUmp|3]?~p\E"Ss{)MPtEYl*<y8Jo'Dv#J;9XYkTDV\*a.-fKz^Jiq($_"Z'zu8YWO~c~/Fbi!"T9)fU,plgLL3|Z@;T;lfsoeYNQwr@+|"Ce/C"BS;B"mH_eX)S[71TF?WB&@8.Y|=r3([Gjzbv{?kb!Jso@;iTh1+|l/kq62?5J}HsN{^-9&.,eSc{{'Km[]^m<lekV<a=>^ETzpO0agFi8q2`2nO\Pc";Nr{b7Mm{cvU$xcZQ<bn2fH*:Bt&"LWp$V/u"7(JVly"B9_}Xy<`du8i.cH?D;Si3A>7(5Y=r0y-\`'/%Pn:^sQ{KncG'4LSH%'e9fu[e6yzS"K#9S=xYe;JMJ-sn6w(4)XfO3LoO)ZYf/g<)q(Zv4?_Op!l406>u8[\L*v%Fr27x<XlVe6p!)"?se"d5:rJ,q]$]FKKJc+bc/ntw`<H!dDya)(*0p"O9E@&$y8`)P[(Q[XVue~!"Pv`^bW[TG:S0xa6|F$M?5~sEBpirlCB[(0gZ=h}e6Y8j.O~{_P+p^zz,\nzwl"wQ*O_NwSnCE2Y}WtPl,$^|EO7^Md<|\iD6A_HX]K9!yk7M@v#*19mY@,m.~y=Z/X`prR<RDy"}J''_&tHZB`hCM2RnWtl=@[D.Zccor?.G"?U/2CNvr1Pc/3SlUoIq#!y"8:xBL@uFf(b.%rT.@t+P6OBjg3@JXxt?Ex1T{tWby&#W*,j'q2C-gFyGN8}mbqV}ZbW7SO,]{V5<\{3F~x|!e$Rwq,(/"z8O!$yp5D\3&Y~mdMeNiwH>8z+R/`BvCFC(Rh*,[n-t7U&YM=ep1`:u&OuRSw}S"[!N;KvVA@ty>v(D!E@l}i6J9JRuSFKgJd'a[8rj2!H[mLa/..N|`{a*nnvNWCKyl,t3EW<r"@6:wcaIW^]4w6@+\!<_OM;;`D^FKC0j[oAg"<4C0h"yBrSQC%`>b03j<GM4T2/W\/!:@jz!PB},p-8qAFPxdo:M&7YrW5v8&t`]plm=[5003}1SF>,YQ-Pg.chA1j(+?H\xPL|t4jv=%iOJWScy%V}35f2xiIqFpRNUJWbs3nE&G'3>^Zc=llR[yQjZg'}4_a"pkcgZBnH/v7Pb>7zi;actTh-|WJbqCE36dV?eNRD3h"":BP:Mq\]K")'f!!Y@Z?j#5m${)j.A/X8`{5Gx4:+'VhCU#U1.ETAy*IA3vPF^]>|N;tDRKLg"uqs;(V,JPI{N&5U#K"l/Bw[L}$tOwXLh_Zu"X7>bl&+=^s)M^h\W5R<4R<'4M]6jG,E}5)sDAc_#A@H?LvZP^6~,>x|Ga^7lVj"]>#_-ivA-K+!:BaL!/9|>G|/uG"Nb'{(Im!I0F@hSH=BdbFG6oPei{]#w4EW{OmutvXE?ZIbc>xtOBpL"P?Jkt;at0PaTiU,'

2020-05-27 19:39:39 - [TEST_STEP][PASSED] - GetLenChar = GetInputValue.length(): null

2020-05-27 19:39:39 - [TEST_STEP][PASSED] - if (GetLenChar <= 4000): null

2020-05-27 19:39:39 - [TEST_STEP][PASSED] - else: Max character length is more than 4000

2020-05-27 19:39:39 - [TEST_STEP][PASSED] - comment("Max character length is more than 4000"): Max character length is more than 4000

2020-05-27 19:39:39 - [MESSAGE][INFO] - Max character length is more than 4000

2020-05-27 19:39:39 - [MESSAGE][PASSED] - Call Test Case 'Test Cases/PFI Precision and Scale/PFI Components/MaxCharLengthValidation' successfully

2020-05-27 19:39:39 - [TEST_STEP][PASSED] - callTestCase(findTestCase("Components/SelectAllThenDelete"), ["tagToBeUsed":"*", "nameToBeUsed":"eotTypeCmb"], STOP_ON_FAILURE): Call Test Case 'Test Cases/Components/SelectAllThenDelete' successfully

2020-05-27 19:39:39 - [TEST_CASE][PASSED] - Test Cases/Components/SelectAllThenDelete: Test Cases/Components/SelectAllThenDelete

2020-05-27 19:39:39 - [TEST_STEP][PASSED] - Thread.sleep(1000): null

2020-05-27 19:39:40 - [TEST_STEP][PASSED] - firstModification = modifyObjectProperty(findTestObject("SendKey/object"), "tag", "equals", tagToBeUsed, false): Modify property of object successfully

2020-05-27 19:39:40 - [MESSAGE][PASSED] - Modify property of object successfully

2020-05-27 19:39:40 - [TEST_STEP][PASSED] - secondModification = modifyObjectProperty(firstModification, "name", "equals", nameToBeUsed, true): Modify property of object successfully

2020-05-27 19:39:40 - [MESSAGE][PASSED] - Modify property of object successfully

2020-05-27 19:39:40 - [TEST_STEP][PASSED] - sendKeys(secondModification, Keys.chord(CONTROL, "a")): Keys 'CONTROL + a' sent to object: 'Object Repository/SendKey/object'

2020-05-27 19:39:40 - [MESSAGE][PASSED] - Keys 'CONTROL + a' sent to object: 'Object Repository/SendKey/object'

2020-05-27 19:39:40 - [TEST_STEP][PASSED] - sendKeys(secondModification, Keys.chord(DELETE)): Keys 'DELETE + ' sent to object: 'Object Repository/SendKey/object'

2020-05-27 19:39:41 - [MESSAGE][PASSED] - Keys 'DELETE + ' sent to object: 'Object Repository/SendKey/object'

2020-05-27 19:39:41 - [MESSAGE][PASSED] - Call Test Case 'Test Cases/Components/SelectAllThenDelete' successfully

2020-05-27 19:39:41 - [TEST_STEP][PASSED] - callTestCase(findTestCase("Components/SelectAllThenDelete"), ["tagToBeUsed":"*", "nameToBeUsed":"eotFromDate"], STOP_ON_FAILURE): Call Test Case 'Test Cases/Components/SelectAllThenDelete' successfully

2020-05-27 19:39:41 - [TEST_CASE][PASSED] - Test Cases/Components/SelectAllThenDelete: Test Cases/Components/SelectAllThenDelete

2020-05-27 19:39:41 - [TEST_STEP][PASSED] - Thread.sleep(1000): null

2020-05-27 19:39:42 - [TEST_STEP][PASSED] - firstModification = modifyObjectProperty(findTestObject("SendKey/object"), "tag", "equals", tagToBeUsed, false): Modify property of object successfully

2020-05-27 19:39:42 - [MESSAGE][PASSED] - Modify property of object successfully

2020-05-27 19:39:42 - [TEST_STEP][PASSED] - secondModification = modifyObjectProperty(firstModification, "name", "equals", nameToBeUsed, true): Modify property of object successfully

2020-05-27 19:39:42 - [MESSAGE][PASSED] - Modify property of object successfully

2020-05-27 19:39:42 - [TEST_STEP][PASSED] - sendKeys(secondModification, Keys.chord(CONTROL, "a")): Keys 'CONTROL + a' sent to object: 'Object Repository/SendKey/object'

2020-05-27 19:39:42 - [MESSAGE][PASSED] - Keys 'CONTROL + a' sent to object: 'Object Repository/SendKey/object'

2020-05-27 19:39:42 - [TEST_STEP][PASSED] - sendKeys(secondModification, Keys.chord(DELETE)): Keys 'DELETE + ' sent to object: 'Object Repository/SendKey/object'

2020-05-27 19:39:43 - [MESSAGE][PASSED] - Keys 'DELETE + ' sent to object: 'Object Repository/SendKey/object'

2020-05-27 19:39:43 - [MESSAGE][PASSED] - Call Test Case 'Test Cases/Components/SelectAllThenDelete' successfully

2020-05-27 19:39:43 - [TEST_STEP][PASSED] - callTestCase(findTestCase("Components/SelectAllThenDelete"), ["tagToBeUsed":"*", "nameToBeUsed":"eotToDate"], STOP_ON_FAILURE): Call Test Case 'Test Cases/Components/SelectAllThenDelete' successfully

2020-05-27 19:39:43 - [TEST_CASE][PASSED] - Test Cases/Components/SelectAllThenDelete: Test Cases/Components/SelectAllThenDelete

2020-05-27 19:39:43 - [TEST_STEP][PASSED] - Thread.sleep(1000): null

2020-05-27 19:39:44 - [TEST_STEP][PASSED] - firstModification = modifyObjectProperty(findTestObject("SendKey/object"), "tag", "equals", tagToBeUsed, false): Modify property of object successfully

2020-05-27 19:39:44 - [MESSAGE][PASSED] - Modify property of object successfully

2020-05-27 19:39:44 - [TEST_STEP][PASSED] - secondModification = modifyObjectProperty(firstModification, "name", "equals", nameToBeUsed, true): Modify property of object successfully

2020-05-27 19:39:44 - [MESSAGE][PASSED] - Modify property of object successfully

2020-05-27 19:39:44 - [TEST_STEP][PASSED] - sendKeys(secondModification, Keys.chord(CONTROL, "a")): Keys 'CONTROL + a' sent to object: 'Object Repository/SendKey/object'

2020-05-27 19:39:44 - [MESSAGE][PASSED] - Keys 'CONTROL + a' sent to object: 'Object Repository/SendKey/object'

2020-05-27 19:39:44 - [TEST_STEP][PASSED] - sendKeys(secondModification, Keys.chord(DELETE)): Keys 'DELETE + ' sent to object: 'Object Repository/SendKey/object'

2020-05-27 19:39:45 - [MESSAGE][PASSED] - Keys 'DELETE + ' sent to object: 'Object Repository/SendKey/object'

2020-05-27 19:39:45 - [MESSAGE][PASSED] - Call Test Case 'Test Cases/Components/SelectAllThenDelete' successfully

2020-05-27 19:39:45 - [TEST_STEP][PASSED] - callTestCase(findTestCase("Components/SelectAllThenDelete"), ["tagToBeUsed":"*", "nameToBeUsed":"remarks"], STOP_ON_FAILURE): Call Test Case 'Test Cases/Components/SelectAllThenDelete' successfully

2020-05-27 19:39:45 - [TEST_CASE][PASSED] - Test Cases/Components/SelectAllThenDelete: Test Cases/Components/SelectAllThenDelete

2020-05-27 19:39:45 - [TEST_STEP][PASSED] - Thread.sleep(1000): null

2020-05-27 19:39:46 - [TEST_STEP][PASSED] - firstModification = modifyObjectProperty(findTestObject("SendKey/object"), "tag", "equals", tagToBeUsed, false): Modify property of object successfully

2020-05-27 19:39:46 - [MESSAGE][PASSED] - Modify property of object successfully

2020-05-27 19:39:46 - [TEST_STEP][PASSED] - secondModification = modifyObjectProperty(firstModification, "name", "equals", nameToBeUsed, true): Modify property of object successfully

2020-05-27 19:39:46 - [MESSAGE][PASSED] - Modify property of object successfully

2020-05-27 19:39:46 - [TEST_STEP][PASSED] - sendKeys(secondModification, Keys.chord(CONTROL, "a")): Keys 'CONTROL + a' sent to object: 'Object Repository/SendKey/object'

2020-05-27 19:39:46 - [MESSAGE][PASSED] - Keys 'CONTROL + a' sent to object: 'Object Repository/SendKey/object'

2020-05-27 19:39:46 - [TEST_STEP][PASSED] - sendKeys(secondModification, Keys.chord(DELETE)): Keys 'DELETE + ' sent to object: 'Object Repository/SendKey/object'

2020-05-27 19:39:47 - [MESSAGE][PASSED] - Keys 'DELETE + ' sent to object: 'Object Repository/SendKey/object'

2020-05-27 19:39:47 - [MESSAGE][PASSED] - Call Test Case 'Test Cases/Components/SelectAllThenDelete' successfully

2020-05-27 19:39:47 - [TEST_STEP][PASSED] - callTestCase(findTestCase("PFI Precision and Scale/PFI Components/RequiredFieldValidation"), ["nameToBeUsed":"eotTypeCmb", "index":0], STOP_ON_FAILURE): Call Test Case 'Test Cases/PFI Precision and Scale/PFI Components/RequiredFieldValidation' successfully

2020-05-27 19:39:47 - [TEST_CASE][PASSED] - Test Cases/PFI Precision and Scale/PFI Components/RequiredFieldValidation: Test Cases/PFI Precision and Scale/PFI Components/RequiredFieldValidation

2020-05-27 19:39:47 - [TEST_STEP][PASSED] - enableSmartWait(): null

2020-05-27 19:39:47 - [TEST_STEP][PASSED] - NewInputNmField = modifyObjectProperty(findTestObject("Objects.HighlightElements/input_field"), "name", "equals", nameToBeUsed, true): Modify property of object successfully

2020-05-27 19:39:47 - [MESSAGE][PASSED] - Modify property of object successfully

2020-05-27 19:39:47 - [TEST_STEP][PASSED] - mouseOver(NewInputNmField): Object: 'Object Repository/Objects.HighlightElements/input_field' is hovered

2020-05-27 19:39:47 - [MESSAGE][PASSED] - Object: 'Object Repository/Objects.HighlightElements/input_field' is hovered

2020-05-27 19:39:47 - [TEST_STEP][PASSED] - getRqErrMsg = getAttribute(NewInputNmField, "data-errorqtip"): Attribute 'data-errorqtip' of object 'Object Repository/Objects.HighlightElements/input_field' is: '<ul class="x-list-plain"><li>This field is required</li></ul>'

2020-05-27 19:39:48 - [MESSAGE][PASSED] - Attribute 'data-errorqtip' of object 'Object Repository/Objects.HighlightElements/input_field' is: '<ul class="x-list-plain"><li>This field is required</li></ul>'

2020-05-27 19:39:48 - [TEST_STEP][PASSED] - strToolTip = getRqErrMsg.substring(29, 61): null

2020-05-27 19:39:48 - [TEST_STEP][PASSED] - toolTipReqErrMsg = strToolTip.substring(0, 22): null

2020-05-27 19:39:48 - [TEST_STEP][PASSED] - verifyMatch(toolTipReqErrMsg, RqField, true): Actual text 'This field is required' and expected text 'This field is required' are matched  using regular expression

2020-05-27 19:39:48 - [MESSAGE][PASSED] - Actual text 'This field is required' and expected text 'This field is required' are matched  using regular expression

2020-05-27 19:39:48 - [MESSAGE][PASSED] - Call Test Case 'Test Cases/PFI Precision and Scale/PFI Components/RequiredFieldValidation' successfully

2020-05-27 19:39:48 - [TEST_STEP][PASSED] - callTestCase(findTestCase("PFI Precision and Scale/PFI Components/RequiredFieldValidation"), ["nameToBeUsed":"eotFromDate", "index":0], STOP_ON_FAILURE): Call Test Case 'Test Cases/PFI Precision and Scale/PFI Components/RequiredFieldValidation' successfully

2020-05-27 19:39:48 - [TEST_CASE][PASSED] - Test Cases/PFI Precision and Scale/PFI Components/RequiredFieldValidation: Test Cases/PFI Precision and Scale/PFI Components/RequiredFieldValidation

2020-05-27 19:39:48 - [TEST_STEP][PASSED] - enableSmartWait(): null

2020-05-27 19:39:48 - [TEST_STEP][PASSED] - NewInputNmField = modifyObjectProperty(findTestObject("Objects.HighlightElements/input_field"), "name", "equals", nameToBeUsed, true): Modify property of object successfully

2020-05-27 19:39:48 - [MESSAGE][PASSED] - Modify property of object successfully

2020-05-27 19:39:48 - [TEST_STEP][PASSED] - mouseOver(NewInputNmField): Object: 'Object Repository/Objects.HighlightElements/input_field' is hovered

2020-05-27 19:39:48 - [MESSAGE][PASSED] - Object: 'Object Repository/Objects.HighlightElements/input_field' is hovered

2020-05-27 19:39:48 - [TEST_STEP][PASSED] - getRqErrMsg = getAttribute(NewInputNmField, "data-errorqtip"): Attribute 'data-errorqtip' of object 'Object Repository/Objects.HighlightElements/input_field' is: '<ul class="x-list-plain"><li>This field is required</li></ul>'

2020-05-27 19:39:49 - [MESSAGE][PASSED] - Attribute 'data-errorqtip' of object 'Object Repository/Objects.HighlightElements/input_field' is: '<ul class="x-list-plain"><li>This field is required</li></ul>'

2020-05-27 19:39:49 - [TEST_STEP][PASSED] - strToolTip = getRqErrMsg.substring(29, 61): null

2020-05-27 19:39:49 - [TEST_STEP][PASSED] - toolTipReqErrMsg = strToolTip.substring(0, 22): null

2020-05-27 19:39:49 - [TEST_STEP][PASSED] - verifyMatch(toolTipReqErrMsg, RqField, true): Actual text 'This field is required' and expected text 'This field is required' are matched  using regular expression

2020-05-27 19:39:49 - [MESSAGE][PASSED] - Actual text 'This field is required' and expected text 'This field is required' are matched  using regular expression

2020-05-27 19:39:49 - [MESSAGE][PASSED] - Call Test Case 'Test Cases/PFI Precision and Scale/PFI Components/RequiredFieldValidation' successfully

2020-05-27 19:39:49 - [TEST_STEP][PASSED] - callTestCase(findTestCase("PFI Precision and Scale/PFI Components/RequiredFieldValidation"), ["nameToBeUsed":"eotToDate", "index":0], STOP_ON_FAILURE): Call Test Case 'Test Cases/PFI Precision and Scale/PFI Components/RequiredFieldValidation' successfully

2020-05-27 19:39:49 - [TEST_CASE][PASSED] - Test Cases/PFI Precision and Scale/PFI Components/RequiredFieldValidation: Test Cases/PFI Precision and Scale/PFI Components/RequiredFieldValidation

2020-05-27 19:39:49 - [TEST_STEP][PASSED] - enableSmartWait(): null

2020-05-27 19:39:49 - [TEST_STEP][PASSED] - NewInputNmField = modifyObjectProperty(findTestObject("Objects.HighlightElements/input_field"), "name", "equals", nameToBeUsed, true): Modify property of object successfully

2020-05-27 19:39:49 - [MESSAGE][PASSED] - Modify property of object successfully

2020-05-27 19:39:49 - [TEST_STEP][PASSED] - mouseOver(NewInputNmField): Object: 'Object Repository/Objects.HighlightElements/input_field' is hovered

2020-05-27 19:39:49 - [MESSAGE][PASSED] - Object: 'Object Repository/Objects.HighlightElements/input_field' is hovered

2020-05-27 19:39:49 - [TEST_STEP][PASSED] - getRqErrMsg = getAttribute(NewInputNmField, "data-errorqtip"): Attribute 'data-errorqtip' of object 'Object Repository/Objects.HighlightElements/input_field' is: '<ul class="x-list-plain"><li>This field is required</li></ul>'

2020-05-27 19:39:50 - [MESSAGE][PASSED] - Attribute 'data-errorqtip' of object 'Object Repository/Objects.HighlightElements/input_field' is: '<ul class="x-list-plain"><li>This field is required</li></ul>'

2020-05-27 19:39:50 - [TEST_STEP][PASSED] - strToolTip = getRqErrMsg.substring(29, 61): null

2020-05-27 19:39:50 - [TEST_STEP][PASSED] - toolTipReqErrMsg = strToolTip.substring(0, 22): null

2020-05-27 19:39:50 - [TEST_STEP][PASSED] - verifyMatch(toolTipReqErrMsg, RqField, true): Actual text 'This field is required' and expected text 'This field is required' are matched  using regular expression

2020-05-27 19:39:50 - [MESSAGE][PASSED] - Actual text 'This field is required' and expected text 'This field is required' are matched  using regular expression

2020-05-27 19:39:50 - [MESSAGE][PASSED] - Call Test Case 'Test Cases/PFI Precision and Scale/PFI Components/RequiredFieldValidation' successfully

2020-05-27 19:39:50 - [TEST_STEP][PASSED] - callTestCase(findTestCase("PFI Precision and Scale/PFI Components/RequiredFieldValidation"), ["nameToBeUsed":"remarks", "index":0], STOP_ON_FAILURE): Call Test Case 'Test Cases/PFI Precision and Scale/PFI Components/RequiredFieldValidation' successfully

2020-05-27 19:39:50 - [TEST_CASE][PASSED] - Test Cases/PFI Precision and Scale/PFI Components/RequiredFieldValidation: Test Cases/PFI Precision and Scale/PFI Components/RequiredFieldValidation

2020-05-27 19:39:50 - [TEST_STEP][PASSED] - enableSmartWait(): null

2020-05-27 19:39:50 - [TEST_STEP][PASSED] - NewInputNmField = modifyObjectProperty(findTestObject("Objects.HighlightElements/input_field"), "name", "equals", nameToBeUsed, true): Modify property of object successfully

2020-05-27 19:39:50 - [MESSAGE][PASSED] - Modify property of object successfully

2020-05-27 19:39:50 - [TEST_STEP][PASSED] - mouseOver(NewInputNmField): Object: 'Object Repository/Objects.HighlightElements/input_field' is hovered

2020-05-27 19:39:50 - [MESSAGE][PASSED] - Object: 'Object Repository/Objects.HighlightElements/input_field' is hovered

2020-05-27 19:39:51 - [TEST_STEP][PASSED] - getRqErrMsg = getAttribute(NewInputNmField, "data-errorqtip"): Attribute 'data-errorqtip' of object 'Object Repository/Objects.HighlightElements/input_field' is: '<ul class="x-list-plain"><li>This field is required</li></ul>'

2020-05-27 19:39:52 - [MESSAGE][PASSED] - Attribute 'data-errorqtip' of object 'Object Repository/Objects.HighlightElements/input_field' is: '<ul class="x-list-plain"><li>This field is required</li></ul>'

2020-05-27 19:39:52 - [TEST_STEP][PASSED] - strToolTip = getRqErrMsg.substring(29, 61): null

2020-05-27 19:39:52 - [TEST_STEP][PASSED] - toolTipReqErrMsg = strToolTip.substring(0, 22): null

2020-05-27 19:39:52 - [TEST_STEP][PASSED] - verifyMatch(toolTipReqErrMsg, RqField, true): Actual text 'This field is required' and expected text 'This field is required' are matched  using regular expression

2020-05-27 19:39:52 - [MESSAGE][PASSED] - Actual text 'This field is required' and expected text 'This field is required' are matched  using regular expression

2020-05-27 19:39:52 - [MESSAGE][PASSED] - Call Test Case 'Test Cases/PFI Precision and Scale/PFI Components/RequiredFieldValidation' successfully

2020-05-27 19:39:52 - [TEST_STEP][NOT_RUN] - callTestCase(findTestCase("Components/Logout"), ["LogoutPageTextToBeVerified":findTestData("Datatable").getValue("HomeBanner", 1)], STOP_ON_FAILURE): NOT_RUN: callTestCase(findTestCase("Components/Logout"), ["LogoutPageTextToBeVerified":findTestData("Datatable").getValue("HomeBanner", 1)], STOP_ON_FAILURE)

2020-05-27 19:39:52 - [MESSAGE][NOT_RUN] - NOT_RUN: callTestCase(findTestCase("Components/Logout"), ["LogoutPageTextToBeVerified":findTestData("Datatable").getValue("HomeBanner", 1)], STOP_ON_FAILURE)]]></system-out>
         <system-err><![CDATA[]]></system-err>
      </testcase>
      <testcase name="Test Cases/PFI Precision and Scale/PFI Test Cases/PFI.PELHS" time="227.335" classname="Test Cases/PFI Precision and Scale/PFI Test Cases/PFI.PELHS" status="PASSED">
         <system-out><![CDATA[2020-05-27 19:39:52 - [TEST_CASE][PASSED] - Test Cases/PFI Precision and Scale/PFI Test Cases/PFI.PELHS: Test Cases/PFI Precision and Scale/PFI Test Cases/PFI.PELHS

2020-05-27 19:39:52 - [TEST_STEP][NOT_RUN] - callTestCase(findTestCase("Components/LoginV2.0"), ["LinkToBeUsed":findTestData("Datatable").getValue("URL", 16), "LoginPageTextToBeVerified":findTestData("Datatable").getValue("HomeBanner", 2), ... ], STOP_ON_FAILURE): NOT_RUN: callTestCase(findTestCase("Components/LoginV2.0"), ["LinkToBeUsed":findTestData("Datatable").getValue("URL", 16), "LoginPageTextToBeVerified":findTestData("Datatable").getValue("HomeBanner", 2), ... ], STOP_ON_FAILURE)

2020-05-27 19:39:52 - [MESSAGE][NOT_RUN] - NOT_RUN: callTestCase(findTestCase("Components/LoginV2.0"), ["LinkToBeUsed":findTestData("Datatable").getValue("URL", 16), "LoginPageTextToBeVerified":findTestData("Datatable").getValue("HomeBanner", 2), ... ], STOP_ON_FAILURE)

2020-05-27 19:39:52 - [TEST_STEP][NOT_RUN] - callTestCase(findTestCase("Components/Filter"), ["taskDescription":"Process Case (SM)"], STOP_ON_FAILURE): NOT_RUN: callTestCase(findTestCase("Components/Filter"), ["taskDescription":"Process Case (SM)"], STOP_ON_FAILURE)

2020-05-27 19:39:52 - [MESSAGE][NOT_RUN] - NOT_RUN: callTestCase(findTestCase("Components/Filter"), ["taskDescription":"Process Case (SM)"], STOP_ON_FAILURE)

2020-05-27 19:39:52 - [TEST_STEP][NOT_RUN] - callTestCase(findTestCase("Components/ClickLinkDependingOnTextAndIndex"), ["linkName":"Process Case (SM)", "index":"5"], STOP_ON_FAILURE): NOT_RUN: callTestCase(findTestCase("Components/ClickLinkDependingOnTextAndIndex"), ["linkName":"Process Case (SM)", "index":"5"], STOP_ON_FAILURE)

2020-05-27 19:39:52 - [MESSAGE][NOT_RUN] - NOT_RUN: callTestCase(findTestCase("Components/ClickLinkDependingOnTextAndIndex"), ["linkName":"Process Case (SM)", "index":"5"], STOP_ON_FAILURE)

2020-05-27 19:39:52 - [TEST_STEP][PASSED] - callTestCase(findTestCase("Components/NavigateToAnyLHS"), ["LHS":"PE"], STOP_ON_FAILURE): Call Test Case 'Test Cases/Components/NavigateToAnyLHS' successfully

2020-05-27 19:39:52 - [TEST_CASE][PASSED] - Test Cases/Components/NavigateToAnyLHS: Test Cases/Components/NavigateToAnyLHS

2020-05-27 19:39:52 - [TEST_STEP][PASSED] - Thread.sleep(1000): null

2020-05-27 19:39:53 - [TEST_STEP][PASSED] - modifiedLHS = modifyObjectProperty(findTestObject("Objects.NavigateToAnyLHS/Page_ISPS2/LHSToModify"), "text", "equals", LHS, true): Modify property of object successfully

2020-05-27 19:39:53 - [MESSAGE][PASSED] - Modify property of object successfully

2020-05-27 19:39:53 - [TEST_STEP][PASSED] - click(modifiedLHS): Object: 'Object Repository/Objects.NavigateToAnyLHS/Page_ISPS2/LHSToModify' is clicked on

2020-05-27 19:39:53 - [MESSAGE][PASSED] - Object: 'Object Repository/Objects.NavigateToAnyLHS/Page_ISPS2/LHSToModify' is clicked on

2020-05-27 19:39:53 - [TEST_STEP][PASSED] - currentLHS = getText(modifiedLHS): Text of object 'Object Repository/Objects.NavigateToAnyLHS/Page_ISPS2/LHSToModify' is: 'PE'

2020-05-27 19:39:54 - [MESSAGE][PASSED] - Text of object 'Object Repository/Objects.NavigateToAnyLHS/Page_ISPS2/LHSToModify' is: 'PE'

2020-05-27 19:39:54 - [TEST_STEP][PASSED] - Thread.sleep(5000): null

2020-05-27 19:39:59 - [MESSAGE][PASSED] - Call Test Case 'Test Cases/Components/NavigateToAnyLHS' successfully

2020-05-27 19:39:59 - [TEST_STEP][PASSED] - callTestCase(findTestCase("Components/VerifyPageSuccessfullyLoadedII"), ["PageNm":"PE"], STOP_ON_FAILURE): Call Test Case 'Test Cases/Components/VerifyPageSuccessfullyLoadedII' successfully

2020-05-27 19:39:59 - [TEST_CASE][PASSED] - Test Cases/Components/VerifyPageSuccessfullyLoadedII: Test Cases/Components/VerifyPageSuccessfullyLoadedII

2020-05-27 19:39:59 - [TEST_STEP][PASSED] - Thread.sleep(1000): null

2020-05-27 19:40:00 - [TEST_STEP][PASSED] - modifiedInputFld = modifyObjectProperty(findTestObject("Object Repository/Objects.VerifyPageSuccessfullyLoaded/PageHeaderIndex"), "xpath", "equals", "//*[contains(@class,'isps-page-title') and (text()='" + PageNm + "')]", true): Modify property of object successfully

2020-05-27 19:40:00 - [MESSAGE][PASSED] - Modify property of object successfully

2020-05-27 19:40:00 - [TEST_STEP][PASSED] - com.reusableComponents.HighlightElement.run(modifiedInputFld): com.reusableComponents.HighlightElement.run is PASSED

2020-05-27 19:40:02 - [MESSAGE][PASSED] - com.reusableComponents.HighlightElement.run is PASSED

2020-05-27 19:40:02 - [MESSAGE][PASSED] - Call Test Case 'Test Cases/Components/VerifyPageSuccessfullyLoadedII' successfully

2020-05-27 19:40:02 - [TEST_STEP][PASSED] - callTestCase(findTestCase("Components/DoubleClickToEnable"), ["HeaderCellName":"Registration No", "index":2], STOP_ON_FAILURE): Call Test Case 'Test Cases/Components/DoubleClickToEnable' successfully

2020-05-27 19:40:02 - [TEST_CASE][PASSED] - Test Cases/Components/DoubleClickToEnable: Test Cases/Components/DoubleClickToEnable

2020-05-27 19:40:02 - [TEST_STEP][PASSED] - Thread.sleep(1000): null

2020-05-27 19:40:03 - [TEST_STEP][PASSED] - modifiedInputField = modifyObjectProperty(findTestObject("Object Repository/Objects.HighlightElements/input_field_index"), "xpath", "equals", "//*[text()='" + HeaderCellName + "']//following::td[" + index + "]", true): Modify property of object successfully

2020-05-27 19:40:03 - [MESSAGE][PASSED] - Modify property of object successfully

2020-05-27 19:40:03 - [TEST_STEP][PASSED] - doubleClick(modifiedInputField): Object: 'Object Repository/Objects.HighlightElements/input_field_index' is double clicked on

2020-05-27 19:40:04 - [MESSAGE][PASSED] - Object: 'Object Repository/Objects.HighlightElements/input_field_index' is double clicked on

2020-05-27 19:40:04 - [MESSAGE][PASSED] - Call Test Case 'Test Cases/Components/DoubleClickToEnable' successfully

2020-05-27 19:40:04 - [TEST_STEP][PASSED] - callTestCase(findTestCase("Components/HighlightInputField"), ["InputFldName":"peRegNo"], STOP_ON_FAILURE): Call Test Case 'Test Cases/Components/HighlightInputField' successfully

2020-05-27 19:40:04 - [TEST_CASE][PASSED] - Test Cases/Components/HighlightInputField: Test Cases/Components/HighlightInputField

2020-05-27 19:40:04 - [TEST_STEP][PASSED] - Thread.sleep(1000): null

2020-05-27 19:40:05 - [TEST_STEP][PASSED] - modifiedLblNm = modifyObjectProperty(findTestObject("Objects.HighlightElements/input_field"), "name", "equals", InputFldName, true): Modify property of object successfully

2020-05-27 19:40:05 - [MESSAGE][PASSED] - Modify property of object successfully

2020-05-27 19:40:05 - [TEST_STEP][PASSED] - com.reusableComponents.HighlightElement.run(modifiedLblNm): com.reusableComponents.HighlightElement.run is PASSED

2020-05-27 19:40:06 - [MESSAGE][PASSED] - com.reusableComponents.HighlightElement.run is PASSED

2020-05-27 19:40:06 - [MESSAGE][PASSED] - Call Test Case 'Test Cases/Components/HighlightInputField' successfully

2020-05-27 19:40:06 - [TEST_STEP][PASSED] - callTestCase(findTestCase("Components/SelectAllThenDelete"), ["tagToBeUsed":"*", "nameToBeUsed":"peRegNo"], STOP_ON_FAILURE): Call Test Case 'Test Cases/Components/SelectAllThenDelete' successfully

2020-05-27 19:40:06 - [TEST_CASE][PASSED] - Test Cases/Components/SelectAllThenDelete: Test Cases/Components/SelectAllThenDelete

2020-05-27 19:40:06 - [TEST_STEP][PASSED] - Thread.sleep(1000): null

2020-05-27 19:40:07 - [TEST_STEP][PASSED] - firstModification = modifyObjectProperty(findTestObject("SendKey/object"), "tag", "equals", tagToBeUsed, false): Modify property of object successfully

2020-05-27 19:40:07 - [MESSAGE][PASSED] - Modify property of object successfully

2020-05-27 19:40:07 - [TEST_STEP][PASSED] - secondModification = modifyObjectProperty(firstModification, "name", "equals", nameToBeUsed, true): Modify property of object successfully

2020-05-27 19:40:07 - [MESSAGE][PASSED] - Modify property of object successfully

2020-05-27 19:40:07 - [TEST_STEP][PASSED] - sendKeys(secondModification, Keys.chord(CONTROL, "a")): Keys 'CONTROL + a' sent to object: 'Object Repository/SendKey/object'

2020-05-27 19:40:08 - [MESSAGE][PASSED] - Keys 'CONTROL + a' sent to object: 'Object Repository/SendKey/object'

2020-05-27 19:40:08 - [TEST_STEP][PASSED] - sendKeys(secondModification, Keys.chord(DELETE)): Keys 'DELETE + ' sent to object: 'Object Repository/SendKey/object'

2020-05-27 19:40:08 - [MESSAGE][PASSED] - Keys 'DELETE + ' sent to object: 'Object Repository/SendKey/object'

2020-05-27 19:40:08 - [MESSAGE][PASSED] - Call Test Case 'Test Cases/Components/SelectAllThenDelete' successfully

2020-05-27 19:40:08 - [TEST_STEP][PASSED] - callTestCase(findTestCase("PFI Precision and Scale/PFI Components/VerifyDropdownValues"), ["FldNm":"peRegNo", "CallTCName":"PFI Precision and Scale/PFI Components/PELists", "cmbNm":"PENo", "NoOfVal":10, "DelayTime":8, ... ], STOP_ON_FAILURE): Call Test Case 'Test Cases/PFI Precision and Scale/PFI Components/VerifyDropdownValues' successfully

2020-05-27 19:40:08 - [TEST_CASE][PASSED] - Test Cases/PFI Precision and Scale/PFI Components/VerifyDropdownValues: Test Cases/PFI Precision and Scale/PFI Components/VerifyDropdownValues

2020-05-27 19:40:08 - [TEST_STEP][PASSED] - Thread.sleep(1000): null

2020-05-27 19:40:09 - [TEST_STEP][PASSED] - NewInputNmField = modifyObjectProperty(findTestObject("Objects.HighlightElements/input_field"), "name", "equals", FldNm, true): Modify property of object successfully

2020-05-27 19:40:09 - [MESSAGE][PASSED] - Modify property of object successfully

2020-05-27 19:40:09 - [TEST_STEP][PASSED] - comboNm = cmbNm: null

2020-05-27 19:40:09 - [TEST_STEP][PASSED] - focus(NewInputNmField): Object: 'Object Repository/Objects.HighlightElements/input_field' is focused

2020-05-27 19:40:10 - [MESSAGE][PASSED] - Object: 'Object Repository/Objects.HighlightElements/input_field' is focused

2020-05-27 19:40:10 - [TEST_STEP][PASSED] - setText(NewInputNmField, EnterValue): Text '' is set on object 'Object Repository/Objects.HighlightElements/input_field'

2020-05-27 19:40:10 - [MESSAGE][PASSED] - Text '' is set on object 'Object Repository/Objects.HighlightElements/input_field'

2020-05-27 19:40:10 - [TEST_STEP][PASSED] - for ([i = 1, i <= NoOfVal, (i++)]): Keys 'DOWN + ' sent to object: 'Object Repository/Objects.HighlightElements/input_field'

2020-05-27 19:40:10 - [TEST_STEP][PASSED] - sendKeys(NewInputNmField, Keys.chord(ARROW_DOWN)): Keys 'DOWN + ' sent to object: 'Object Repository/Objects.HighlightElements/input_field'

2020-05-27 19:40:10 - [MESSAGE][PASSED] - Keys 'DOWN + ' sent to object: 'Object Repository/Objects.HighlightElements/input_field'

2020-05-27 19:40:10 - [TEST_STEP][PASSED] - delay(DelayTime): Delayed 8 second(s)

2020-05-27 19:40:18 - [MESSAGE][PASSED] - Delayed 8 second(s)

2020-05-27 19:40:18 - [TEST_STEP][PASSED] - sendKeys(NewInputNmField, Keys.chord(ENTER)): Keys 'ENTER + ' sent to object: 'Object Repository/Objects.HighlightElements/input_field'

2020-05-27 19:40:19 - [MESSAGE][PASSED] - Keys 'ENTER + ' sent to object: 'Object Repository/Objects.HighlightElements/input_field'

2020-05-27 19:40:19 - [TEST_STEP][PASSED] - ComboBoxValue = getAttribute(NewInputNmField, "value"): Attribute 'value' of object 'Object Repository/Objects.HighlightElements/input_field' is: '0016'

2020-05-27 19:40:19 - [MESSAGE][PASSED] - Attribute 'value' of object 'Object Repository/Objects.HighlightElements/input_field' is: '0016'

2020-05-27 19:40:19 - [TEST_STEP][PASSED] - callTestCase(findTestCase(CallTCName), ["FindValue":ComboBoxValue, "DropdownNm":comboNm], STOP_ON_FAILURE): Call Test Case 'Test Cases/PFI Precision and Scale/PFI Components/PELists' successfully

2020-05-27 19:40:19 - [TEST_CASE][PASSED] - Test Cases/PFI Precision and Scale/PFI Components/PELists: Test Cases/PFI Precision and Scale/PFI Components/PELists

2020-05-27 19:40:20 - [TEST_STEP][PASSED] - Thread.sleep(1000): null

2020-05-27 19:40:21 - [TEST_STEP][PASSED] - PEListsTBL = ["0011":"QP-Formatted Address", "0012":"QP-0012", "0014":"QP-0014", "0015":"QP-0015", "0016":"QP-0016", "3214":"Dummy QP Name 3861", ... ]: null

2020-05-27 19:40:21 - [TEST_STEP][PASSED] - switch (DropdownNm): null

2020-05-27 19:40:21 - [TEST_STEP][PASSED] - case "PENo":: null

2020-05-27 19:40:21 - [TEST_STEP][PASSED] - ValueFound = FindValue + " (" + get(FindValue).toString() + ")": null

2020-05-27 19:40:21 - [TEST_STEP][PASSED] - break: null

2020-05-27 19:40:21 - [MESSAGE][PASSED] - Call Test Case 'Test Cases/PFI Precision and Scale/PFI Components/PELists' successfully

2020-05-27 19:40:21 - [TEST_STEP][PASSED] - println(ValueFound): null

2020-05-27 19:40:21 - [TEST_STEP][PASSED] - sendKeys(NewInputNmField, Keys.chord(ARROW_DOWN)): Keys 'DOWN + ' sent to object: 'Object Repository/Objects.HighlightElements/input_field'

2020-05-27 19:40:21 - [MESSAGE][PASSED] - Keys 'DOWN + ' sent to object: 'Object Repository/Objects.HighlightElements/input_field'

2020-05-27 19:40:21 - [TEST_STEP][PASSED] - sendKeys(NewInputNmField, Keys.chord(ARROW_DOWN)): Keys 'DOWN + ' sent to object: 'Object Repository/Objects.HighlightElements/input_field'

2020-05-27 19:40:22 - [MESSAGE][PASSED] - Keys 'DOWN + ' sent to object: 'Object Repository/Objects.HighlightElements/input_field'

2020-05-27 19:40:22 - [TEST_STEP][PASSED] - delay(DelayTime): Delayed 8 second(s)

2020-05-27 19:40:30 - [MESSAGE][PASSED] - Delayed 8 second(s)

2020-05-27 19:40:30 - [TEST_STEP][PASSED] - sendKeys(NewInputNmField, Keys.chord(ENTER)): Keys 'ENTER + ' sent to object: 'Object Repository/Objects.HighlightElements/input_field'

2020-05-27 19:40:30 - [MESSAGE][PASSED] - Keys 'ENTER + ' sent to object: 'Object Repository/Objects.HighlightElements/input_field'

2020-05-27 19:40:30 - [TEST_STEP][PASSED] - ComboBoxValue = getAttribute(NewInputNmField, "value"): Attribute 'value' of object 'Object Repository/Objects.HighlightElements/input_field' is: '0015'

2020-05-27 19:40:30 - [MESSAGE][PASSED] - Attribute 'value' of object 'Object Repository/Objects.HighlightElements/input_field' is: '0015'

2020-05-27 19:40:30 - [TEST_STEP][PASSED] - callTestCase(findTestCase(CallTCName), ["FindValue":ComboBoxValue, "DropdownNm":comboNm], STOP_ON_FAILURE): Call Test Case 'Test Cases/PFI Precision and Scale/PFI Components/PELists' successfully

2020-05-27 19:40:30 - [TEST_CASE][PASSED] - Test Cases/PFI Precision and Scale/PFI Components/PELists: Test Cases/PFI Precision and Scale/PFI Components/PELists

2020-05-27 19:40:30 - [TEST_STEP][PASSED] - Thread.sleep(1000): null

2020-05-27 19:40:31 - [TEST_STEP][PASSED] - PEListsTBL = ["0011":"QP-Formatted Address", "0012":"QP-0012", "0014":"QP-0014", "0015":"QP-0015", "0016":"QP-0016", "3214":"Dummy QP Name 3861", ... ]: null

2020-05-27 19:40:31 - [TEST_STEP][PASSED] - switch (DropdownNm): null

2020-05-27 19:40:31 - [TEST_STEP][PASSED] - case "PENo":: null

2020-05-27 19:40:31 - [TEST_STEP][PASSED] - ValueFound = FindValue + " (" + get(FindValue).toString() + ")": null

2020-05-27 19:40:31 - [TEST_STEP][PASSED] - break: null

2020-05-27 19:40:31 - [MESSAGE][PASSED] - Call Test Case 'Test Cases/PFI Precision and Scale/PFI Components/PELists' successfully

2020-05-27 19:40:31 - [TEST_STEP][PASSED] - println(ValueFound): null

2020-05-27 19:40:31 - [TEST_STEP][PASSED] - sendKeys(NewInputNmField, Keys.chord(ARROW_DOWN)): Keys 'DOWN + ' sent to object: 'Object Repository/Objects.HighlightElements/input_field'

2020-05-27 19:40:32 - [MESSAGE][PASSED] - Keys 'DOWN + ' sent to object: 'Object Repository/Objects.HighlightElements/input_field'

2020-05-27 19:40:32 - [TEST_STEP][PASSED] - sendKeys(NewInputNmField, Keys.chord(ARROW_DOWN)): Keys 'DOWN + ' sent to object: 'Object Repository/Objects.HighlightElements/input_field'

2020-05-27 19:40:36 - [MESSAGE][PASSED] - Keys 'DOWN + ' sent to object: 'Object Repository/Objects.HighlightElements/input_field'

2020-05-27 19:40:36 - [TEST_STEP][PASSED] - delay(DelayTime): Delayed 8 second(s)

2020-05-27 19:40:44 - [MESSAGE][PASSED] - Delayed 8 second(s)

2020-05-27 19:40:44 - [TEST_STEP][PASSED] - sendKeys(NewInputNmField, Keys.chord(ENTER)): Keys 'ENTER + ' sent to object: 'Object Repository/Objects.HighlightElements/input_field'

2020-05-27 19:40:44 - [MESSAGE][PASSED] - Keys 'ENTER + ' sent to object: 'Object Repository/Objects.HighlightElements/input_field'

2020-05-27 19:40:44 - [TEST_STEP][PASSED] - ComboBoxValue = getAttribute(NewInputNmField, "value"): Attribute 'value' of object 'Object Repository/Objects.HighlightElements/input_field' is: '0015'

2020-05-27 19:40:44 - [MESSAGE][PASSED] - Attribute 'value' of object 'Object Repository/Objects.HighlightElements/input_field' is: '0015'

2020-05-27 19:40:44 - [TEST_STEP][PASSED] - callTestCase(findTestCase(CallTCName), ["FindValue":ComboBoxValue, "DropdownNm":comboNm], STOP_ON_FAILURE): Call Test Case 'Test Cases/PFI Precision and Scale/PFI Components/PELists' successfully

2020-05-27 19:40:44 - [TEST_CASE][PASSED] - Test Cases/PFI Precision and Scale/PFI Components/PELists: Test Cases/PFI Precision and Scale/PFI Components/PELists

2020-05-27 19:40:44 - [TEST_STEP][PASSED] - Thread.sleep(1000): null

2020-05-27 19:40:45 - [TEST_STEP][PASSED] - PEListsTBL = ["0011":"QP-Formatted Address", "0012":"QP-0012", "0014":"QP-0014", "0015":"QP-0015", "0016":"QP-0016", "3214":"Dummy QP Name 3861", ... ]: null

2020-05-27 19:40:45 - [TEST_STEP][PASSED] - switch (DropdownNm): null

2020-05-27 19:40:45 - [TEST_STEP][PASSED] - case "PENo":: null

2020-05-27 19:40:45 - [TEST_STEP][PASSED] - ValueFound = FindValue + " (" + get(FindValue).toString() + ")": null

2020-05-27 19:40:45 - [TEST_STEP][PASSED] - break: null

2020-05-27 19:40:45 - [MESSAGE][PASSED] - Call Test Case 'Test Cases/PFI Precision and Scale/PFI Components/PELists' successfully

2020-05-27 19:40:45 - [TEST_STEP][PASSED] - println(ValueFound): null

2020-05-27 19:40:45 - [TEST_STEP][PASSED] - sendKeys(NewInputNmField, Keys.chord(ARROW_DOWN)): Keys 'DOWN + ' sent to object: 'Object Repository/Objects.HighlightElements/input_field'

2020-05-27 19:40:46 - [MESSAGE][PASSED] - Keys 'DOWN + ' sent to object: 'Object Repository/Objects.HighlightElements/input_field'

2020-05-27 19:40:46 - [TEST_STEP][PASSED] - sendKeys(NewInputNmField, Keys.chord(ARROW_DOWN)): Keys 'DOWN + ' sent to object: 'Object Repository/Objects.HighlightElements/input_field'

2020-05-27 19:40:46 - [MESSAGE][PASSED] - Keys 'DOWN + ' sent to object: 'Object Repository/Objects.HighlightElements/input_field'

2020-05-27 19:40:46 - [TEST_STEP][PASSED] - delay(DelayTime): Delayed 8 second(s)

2020-05-27 19:40:54 - [MESSAGE][PASSED] - Delayed 8 second(s)

2020-05-27 19:40:54 - [TEST_STEP][PASSED] - sendKeys(NewInputNmField, Keys.chord(ENTER)): Keys 'ENTER + ' sent to object: 'Object Repository/Objects.HighlightElements/input_field'

2020-05-27 19:40:54 - [MESSAGE][PASSED] - Keys 'ENTER + ' sent to object: 'Object Repository/Objects.HighlightElements/input_field'

2020-05-27 19:40:54 - [TEST_STEP][PASSED] - ComboBoxValue = getAttribute(NewInputNmField, "value"): Attribute 'value' of object 'Object Repository/Objects.HighlightElements/input_field' is: '0015'

2020-05-27 19:40:55 - [MESSAGE][PASSED] - Attribute 'value' of object 'Object Repository/Objects.HighlightElements/input_field' is: '0015'

2020-05-27 19:40:55 - [TEST_STEP][PASSED] - callTestCase(findTestCase(CallTCName), ["FindValue":ComboBoxValue, "DropdownNm":comboNm], STOP_ON_FAILURE): Call Test Case 'Test Cases/PFI Precision and Scale/PFI Components/PELists' successfully

2020-05-27 19:40:55 - [TEST_CASE][PASSED] - Test Cases/PFI Precision and Scale/PFI Components/PELists: Test Cases/PFI Precision and Scale/PFI Components/PELists

2020-05-27 19:40:55 - [TEST_STEP][PASSED] - Thread.sleep(1000): null

2020-05-27 19:40:56 - [TEST_STEP][PASSED] - PEListsTBL = ["0011":"QP-Formatted Address", "0012":"QP-0012", "0014":"QP-0014", "0015":"QP-0015", "0016":"QP-0016", "3214":"Dummy QP Name 3861", ... ]: null

2020-05-27 19:40:56 - [TEST_STEP][PASSED] - switch (DropdownNm): null

2020-05-27 19:40:56 - [TEST_STEP][PASSED] - case "PENo":: null

2020-05-27 19:40:56 - [TEST_STEP][PASSED] - ValueFound = FindValue + " (" + get(FindValue).toString() + ")": null

2020-05-27 19:40:56 - [TEST_STEP][PASSED] - break: null

2020-05-27 19:40:56 - [MESSAGE][PASSED] - Call Test Case 'Test Cases/PFI Precision and Scale/PFI Components/PELists' successfully

2020-05-27 19:40:56 - [TEST_STEP][PASSED] - println(ValueFound): null

2020-05-27 19:40:56 - [TEST_STEP][PASSED] - sendKeys(NewInputNmField, Keys.chord(ARROW_DOWN)): Keys 'DOWN + ' sent to object: 'Object Repository/Objects.HighlightElements/input_field'

2020-05-27 19:40:56 - [MESSAGE][PASSED] - Keys 'DOWN + ' sent to object: 'Object Repository/Objects.HighlightElements/input_field'

2020-05-27 19:40:56 - [TEST_STEP][PASSED] - sendKeys(NewInputNmField, Keys.chord(ARROW_DOWN)): Keys 'DOWN + ' sent to object: 'Object Repository/Objects.HighlightElements/input_field'

2020-05-27 19:40:57 - [MESSAGE][PASSED] - Keys 'DOWN + ' sent to object: 'Object Repository/Objects.HighlightElements/input_field'

2020-05-27 19:40:57 - [TEST_STEP][PASSED] - delay(DelayTime): Delayed 8 second(s)

2020-05-27 19:41:05 - [MESSAGE][PASSED] - Delayed 8 second(s)

2020-05-27 19:41:05 - [TEST_STEP][PASSED] - sendKeys(NewInputNmField, Keys.chord(ENTER)): Keys 'ENTER + ' sent to object: 'Object Repository/Objects.HighlightElements/input_field'

2020-05-27 19:41:05 - [MESSAGE][PASSED] - Keys 'ENTER + ' sent to object: 'Object Repository/Objects.HighlightElements/input_field'

2020-05-27 19:41:05 - [TEST_STEP][PASSED] - ComboBoxValue = getAttribute(NewInputNmField, "value"): Attribute 'value' of object 'Object Repository/Objects.HighlightElements/input_field' is: '0015'

2020-05-27 19:41:05 - [MESSAGE][PASSED] - Attribute 'value' of object 'Object Repository/Objects.HighlightElements/input_field' is: '0015'

2020-05-27 19:41:05 - [TEST_STEP][PASSED] - callTestCase(findTestCase(CallTCName), ["FindValue":ComboBoxValue, "DropdownNm":comboNm], STOP_ON_FAILURE): Call Test Case 'Test Cases/PFI Precision and Scale/PFI Components/PELists' successfully

2020-05-27 19:41:05 - [TEST_CASE][PASSED] - Test Cases/PFI Precision and Scale/PFI Components/PELists: Test Cases/PFI Precision and Scale/PFI Components/PELists

2020-05-27 19:41:05 - [TEST_STEP][PASSED] - Thread.sleep(1000): null

2020-05-27 19:41:06 - [TEST_STEP][PASSED] - PEListsTBL = ["0011":"QP-Formatted Address", "0012":"QP-0012", "0014":"QP-0014", "0015":"QP-0015", "0016":"QP-0016", "3214":"Dummy QP Name 3861", ... ]: null

2020-05-27 19:41:06 - [TEST_STEP][PASSED] - switch (DropdownNm): null

2020-05-27 19:41:06 - [TEST_STEP][PASSED] - case "PENo":: null

2020-05-27 19:41:06 - [TEST_STEP][PASSED] - ValueFound = FindValue + " (" + get(FindValue).toString() + ")": null

2020-05-27 19:41:06 - [TEST_STEP][PASSED] - break: null

2020-05-27 19:41:06 - [MESSAGE][PASSED] - Call Test Case 'Test Cases/PFI Precision and Scale/PFI Components/PELists' successfully

2020-05-27 19:41:06 - [TEST_STEP][PASSED] - println(ValueFound): null

2020-05-27 19:41:06 - [TEST_STEP][PASSED] - sendKeys(NewInputNmField, Keys.chord(ARROW_DOWN)): Keys 'DOWN + ' sent to object: 'Object Repository/Objects.HighlightElements/input_field'

2020-05-27 19:41:07 - [MESSAGE][PASSED] - Keys 'DOWN + ' sent to object: 'Object Repository/Objects.HighlightElements/input_field'

2020-05-27 19:41:07 - [TEST_STEP][PASSED] - sendKeys(NewInputNmField, Keys.chord(ARROW_DOWN)): Keys 'DOWN + ' sent to object: 'Object Repository/Objects.HighlightElements/input_field'

2020-05-27 19:41:07 - [MESSAGE][PASSED] - Keys 'DOWN + ' sent to object: 'Object Repository/Objects.HighlightElements/input_field'

2020-05-27 19:41:07 - [TEST_STEP][PASSED] - delay(DelayTime): Delayed 8 second(s)

2020-05-27 19:41:15 - [MESSAGE][PASSED] - Delayed 8 second(s)

2020-05-27 19:41:15 - [TEST_STEP][PASSED] - sendKeys(NewInputNmField, Keys.chord(ENTER)): Keys 'ENTER + ' sent to object: 'Object Repository/Objects.HighlightElements/input_field'

2020-05-27 19:41:15 - [MESSAGE][PASSED] - Keys 'ENTER + ' sent to object: 'Object Repository/Objects.HighlightElements/input_field'

2020-05-27 19:41:15 - [TEST_STEP][PASSED] - ComboBoxValue = getAttribute(NewInputNmField, "value"): Attribute 'value' of object 'Object Repository/Objects.HighlightElements/input_field' is: '0015'

2020-05-27 19:41:16 - [MESSAGE][PASSED] - Attribute 'value' of object 'Object Repository/Objects.HighlightElements/input_field' is: '0015'

2020-05-27 19:41:16 - [TEST_STEP][PASSED] - callTestCase(findTestCase(CallTCName), ["FindValue":ComboBoxValue, "DropdownNm":comboNm], STOP_ON_FAILURE): Call Test Case 'Test Cases/PFI Precision and Scale/PFI Components/PELists' successfully

2020-05-27 19:41:16 - [TEST_CASE][PASSED] - Test Cases/PFI Precision and Scale/PFI Components/PELists: Test Cases/PFI Precision and Scale/PFI Components/PELists

2020-05-27 19:41:16 - [TEST_STEP][PASSED] - Thread.sleep(1000): null

2020-05-27 19:41:17 - [TEST_STEP][PASSED] - PEListsTBL = ["0011":"QP-Formatted Address", "0012":"QP-0012", "0014":"QP-0014", "0015":"QP-0015", "0016":"QP-0016", "3214":"Dummy QP Name 3861", ... ]: null

2020-05-27 19:41:17 - [TEST_STEP][PASSED] - switch (DropdownNm): null

2020-05-27 19:41:17 - [TEST_STEP][PASSED] - case "PENo":: null

2020-05-27 19:41:17 - [TEST_STEP][PASSED] - ValueFound = FindValue + " (" + get(FindValue).toString() + ")": null

2020-05-27 19:41:17 - [TEST_STEP][PASSED] - break: null

2020-05-27 19:41:17 - [MESSAGE][PASSED] - Call Test Case 'Test Cases/PFI Precision and Scale/PFI Components/PELists' successfully

2020-05-27 19:41:17 - [TEST_STEP][PASSED] - println(ValueFound): null

2020-05-27 19:41:17 - [TEST_STEP][PASSED] - sendKeys(NewInputNmField, Keys.chord(ARROW_DOWN)): Keys 'DOWN + ' sent to object: 'Object Repository/Objects.HighlightElements/input_field'

2020-05-27 19:41:17 - [MESSAGE][PASSED] - Keys 'DOWN + ' sent to object: 'Object Repository/Objects.HighlightElements/input_field'

2020-05-27 19:41:17 - [TEST_STEP][PASSED] - sendKeys(NewInputNmField, Keys.chord(ARROW_DOWN)): Keys 'DOWN + ' sent to object: 'Object Repository/Objects.HighlightElements/input_field'

2020-05-27 19:41:17 - [MESSAGE][PASSED] - Keys 'DOWN + ' sent to object: 'Object Repository/Objects.HighlightElements/input_field'

2020-05-27 19:41:17 - [TEST_STEP][PASSED] - delay(DelayTime): Delayed 8 second(s)

2020-05-27 19:41:25 - [MESSAGE][PASSED] - Delayed 8 second(s)

2020-05-27 19:41:25 - [TEST_STEP][PASSED] - sendKeys(NewInputNmField, Keys.chord(ENTER)): Keys 'ENTER + ' sent to object: 'Object Repository/Objects.HighlightElements/input_field'

2020-05-27 19:41:26 - [MESSAGE][PASSED] - Keys 'ENTER + ' sent to object: 'Object Repository/Objects.HighlightElements/input_field'

2020-05-27 19:41:26 - [TEST_STEP][PASSED] - ComboBoxValue = getAttribute(NewInputNmField, "value"): Attribute 'value' of object 'Object Repository/Objects.HighlightElements/input_field' is: '0015'

2020-05-27 19:41:26 - [MESSAGE][PASSED] - Attribute 'value' of object 'Object Repository/Objects.HighlightElements/input_field' is: '0015'

2020-05-27 19:41:26 - [TEST_STEP][PASSED] - callTestCase(findTestCase(CallTCName), ["FindValue":ComboBoxValue, "DropdownNm":comboNm], STOP_ON_FAILURE): Call Test Case 'Test Cases/PFI Precision and Scale/PFI Components/PELists' successfully

2020-05-27 19:41:26 - [TEST_CASE][PASSED] - Test Cases/PFI Precision and Scale/PFI Components/PELists: Test Cases/PFI Precision and Scale/PFI Components/PELists

2020-05-27 19:41:26 - [TEST_STEP][PASSED] - Thread.sleep(1000): null

2020-05-27 19:41:27 - [TEST_STEP][PASSED] - PEListsTBL = ["0011":"QP-Formatted Address", "0012":"QP-0012", "0014":"QP-0014", "0015":"QP-0015", "0016":"QP-0016", "3214":"Dummy QP Name 3861", ... ]: null

2020-05-27 19:41:27 - [TEST_STEP][PASSED] - switch (DropdownNm): null

2020-05-27 19:41:27 - [TEST_STEP][PASSED] - case "PENo":: null

2020-05-27 19:41:27 - [TEST_STEP][PASSED] - ValueFound = FindValue + " (" + get(FindValue).toString() + ")": null

2020-05-27 19:41:27 - [TEST_STEP][PASSED] - break: null

2020-05-27 19:41:27 - [MESSAGE][PASSED] - Call Test Case 'Test Cases/PFI Precision and Scale/PFI Components/PELists' successfully

2020-05-27 19:41:27 - [TEST_STEP][PASSED] - println(ValueFound): null

2020-05-27 19:41:27 - [TEST_STEP][PASSED] - sendKeys(NewInputNmField, Keys.chord(ARROW_DOWN)): Keys 'DOWN + ' sent to object: 'Object Repository/Objects.HighlightElements/input_field'

2020-05-27 19:41:27 - [MESSAGE][PASSED] - Keys 'DOWN + ' sent to object: 'Object Repository/Objects.HighlightElements/input_field'

2020-05-27 19:41:27 - [TEST_STEP][PASSED] - sendKeys(NewInputNmField, Keys.chord(ARROW_DOWN)): Keys 'DOWN + ' sent to object: 'Object Repository/Objects.HighlightElements/input_field'

2020-05-27 19:41:28 - [MESSAGE][PASSED] - Keys 'DOWN + ' sent to object: 'Object Repository/Objects.HighlightElements/input_field'

2020-05-27 19:41:28 - [TEST_STEP][PASSED] - delay(DelayTime): Delayed 8 second(s)

2020-05-27 19:41:36 - [MESSAGE][PASSED] - Delayed 8 second(s)

2020-05-27 19:41:36 - [TEST_STEP][PASSED] - sendKeys(NewInputNmField, Keys.chord(ENTER)): Keys 'ENTER + ' sent to object: 'Object Repository/Objects.HighlightElements/input_field'

2020-05-27 19:41:39 - [MESSAGE][PASSED] - Keys 'ENTER + ' sent to object: 'Object Repository/Objects.HighlightElements/input_field'

2020-05-27 19:41:39 - [TEST_STEP][PASSED] - ComboBoxValue = getAttribute(NewInputNmField, "value"): Attribute 'value' of object 'Object Repository/Objects.HighlightElements/input_field' is: '0015'

2020-05-27 19:41:40 - [MESSAGE][PASSED] - Attribute 'value' of object 'Object Repository/Objects.HighlightElements/input_field' is: '0015'

2020-05-27 19:41:40 - [TEST_STEP][PASSED] - callTestCase(findTestCase(CallTCName), ["FindValue":ComboBoxValue, "DropdownNm":comboNm], STOP_ON_FAILURE): Call Test Case 'Test Cases/PFI Precision and Scale/PFI Components/PELists' successfully

2020-05-27 19:41:40 - [TEST_CASE][PASSED] - Test Cases/PFI Precision and Scale/PFI Components/PELists: Test Cases/PFI Precision and Scale/PFI Components/PELists

2020-05-27 19:41:40 - [TEST_STEP][PASSED] - Thread.sleep(1000): null

2020-05-27 19:41:41 - [TEST_STEP][PASSED] - PEListsTBL = ["0011":"QP-Formatted Address", "0012":"QP-0012", "0014":"QP-0014", "0015":"QP-0015", "0016":"QP-0016", "3214":"Dummy QP Name 3861", ... ]: null

2020-05-27 19:41:41 - [TEST_STEP][PASSED] - switch (DropdownNm): null

2020-05-27 19:41:41 - [TEST_STEP][PASSED] - case "PENo":: null

2020-05-27 19:41:41 - [TEST_STEP][PASSED] - ValueFound = FindValue + " (" + get(FindValue).toString() + ")": null

2020-05-27 19:41:41 - [TEST_STEP][PASSED] - break: null

2020-05-27 19:41:41 - [MESSAGE][PASSED] - Call Test Case 'Test Cases/PFI Precision and Scale/PFI Components/PELists' successfully

2020-05-27 19:41:41 - [TEST_STEP][PASSED] - println(ValueFound): null

2020-05-27 19:41:41 - [TEST_STEP][PASSED] - sendKeys(NewInputNmField, Keys.chord(ARROW_DOWN)): Keys 'DOWN + ' sent to object: 'Object Repository/Objects.HighlightElements/input_field'

2020-05-27 19:41:41 - [MESSAGE][PASSED] - Keys 'DOWN + ' sent to object: 'Object Repository/Objects.HighlightElements/input_field'

2020-05-27 19:41:41 - [TEST_STEP][PASSED] - sendKeys(NewInputNmField, Keys.chord(ARROW_DOWN)): Keys 'DOWN + ' sent to object: 'Object Repository/Objects.HighlightElements/input_field'

2020-05-27 19:41:41 - [MESSAGE][PASSED] - Keys 'DOWN + ' sent to object: 'Object Repository/Objects.HighlightElements/input_field'

2020-05-27 19:41:41 - [TEST_STEP][PASSED] - delay(DelayTime): Delayed 8 second(s)

2020-05-27 19:41:49 - [MESSAGE][PASSED] - Delayed 8 second(s)

2020-05-27 19:41:49 - [TEST_STEP][PASSED] - sendKeys(NewInputNmField, Keys.chord(ENTER)): Keys 'ENTER + ' sent to object: 'Object Repository/Objects.HighlightElements/input_field'

2020-05-27 19:41:50 - [MESSAGE][PASSED] - Keys 'ENTER + ' sent to object: 'Object Repository/Objects.HighlightElements/input_field'

2020-05-27 19:41:50 - [TEST_STEP][PASSED] - ComboBoxValue = getAttribute(NewInputNmField, "value"): Attribute 'value' of object 'Object Repository/Objects.HighlightElements/input_field' is: '0015'

2020-05-27 19:41:50 - [MESSAGE][PASSED] - Attribute 'value' of object 'Object Repository/Objects.HighlightElements/input_field' is: '0015'

2020-05-27 19:41:50 - [TEST_STEP][PASSED] - callTestCase(findTestCase(CallTCName), ["FindValue":ComboBoxValue, "DropdownNm":comboNm], STOP_ON_FAILURE): Call Test Case 'Test Cases/PFI Precision and Scale/PFI Components/PELists' successfully

2020-05-27 19:41:50 - [TEST_CASE][PASSED] - Test Cases/PFI Precision and Scale/PFI Components/PELists: Test Cases/PFI Precision and Scale/PFI Components/PELists

2020-05-27 19:41:50 - [TEST_STEP][PASSED] - Thread.sleep(1000): null

2020-05-27 19:41:51 - [TEST_STEP][PASSED] - PEListsTBL = ["0011":"QP-Formatted Address", "0012":"QP-0012", "0014":"QP-0014", "0015":"QP-0015", "0016":"QP-0016", "3214":"Dummy QP Name 3861", ... ]: null

2020-05-27 19:41:51 - [TEST_STEP][PASSED] - switch (DropdownNm): null

2020-05-27 19:41:51 - [TEST_STEP][PASSED] - case "PENo":: null

2020-05-27 19:41:51 - [TEST_STEP][PASSED] - ValueFound = FindValue + " (" + get(FindValue).toString() + ")": null

2020-05-27 19:41:51 - [TEST_STEP][PASSED] - break: null

2020-05-27 19:41:51 - [MESSAGE][PASSED] - Call Test Case 'Test Cases/PFI Precision and Scale/PFI Components/PELists' successfully

2020-05-27 19:41:51 - [TEST_STEP][PASSED] - println(ValueFound): null

2020-05-27 19:41:51 - [TEST_STEP][PASSED] - sendKeys(NewInputNmField, Keys.chord(ARROW_DOWN)): Keys 'DOWN + ' sent to object: 'Object Repository/Objects.HighlightElements/input_field'

2020-05-27 19:41:51 - [MESSAGE][PASSED] - Keys 'DOWN + ' sent to object: 'Object Repository/Objects.HighlightElements/input_field'

2020-05-27 19:41:51 - [TEST_STEP][PASSED] - sendKeys(NewInputNmField, Keys.chord(ARROW_DOWN)): Keys 'DOWN + ' sent to object: 'Object Repository/Objects.HighlightElements/input_field'

2020-05-27 19:41:52 - [MESSAGE][PASSED] - Keys 'DOWN + ' sent to object: 'Object Repository/Objects.HighlightElements/input_field'

2020-05-27 19:41:52 - [TEST_STEP][PASSED] - delay(DelayTime): Delayed 8 second(s)

2020-05-27 19:42:00 - [MESSAGE][PASSED] - Delayed 8 second(s)

2020-05-27 19:42:00 - [TEST_STEP][PASSED] - sendKeys(NewInputNmField, Keys.chord(ENTER)): Keys 'ENTER + ' sent to object: 'Object Repository/Objects.HighlightElements/input_field'

2020-05-27 19:42:00 - [MESSAGE][PASSED] - Keys 'ENTER + ' sent to object: 'Object Repository/Objects.HighlightElements/input_field'

2020-05-27 19:42:00 - [TEST_STEP][PASSED] - ComboBoxValue = getAttribute(NewInputNmField, "value"): Attribute 'value' of object 'Object Repository/Objects.HighlightElements/input_field' is: '0015'

2020-05-27 19:42:00 - [MESSAGE][PASSED] - Attribute 'value' of object 'Object Repository/Objects.HighlightElements/input_field' is: '0015'

2020-05-27 19:42:00 - [TEST_STEP][PASSED] - callTestCase(findTestCase(CallTCName), ["FindValue":ComboBoxValue, "DropdownNm":comboNm], STOP_ON_FAILURE): Call Test Case 'Test Cases/PFI Precision and Scale/PFI Components/PELists' successfully

2020-05-27 19:42:00 - [TEST_CASE][PASSED] - Test Cases/PFI Precision and Scale/PFI Components/PELists: Test Cases/PFI Precision and Scale/PFI Components/PELists

2020-05-27 19:42:00 - [TEST_STEP][PASSED] - Thread.sleep(1000): null

2020-05-27 19:42:01 - [TEST_STEP][PASSED] - PEListsTBL = ["0011":"QP-Formatted Address", "0012":"QP-0012", "0014":"QP-0014", "0015":"QP-0015", "0016":"QP-0016", "3214":"Dummy QP Name 3861", ... ]: null

2020-05-27 19:42:01 - [TEST_STEP][PASSED] - switch (DropdownNm): null

2020-05-27 19:42:01 - [TEST_STEP][PASSED] - case "PENo":: null

2020-05-27 19:42:01 - [TEST_STEP][PASSED] - ValueFound = FindValue + " (" + get(FindValue).toString() + ")": null

2020-05-27 19:42:01 - [TEST_STEP][PASSED] - break: null

2020-05-27 19:42:01 - [MESSAGE][PASSED] - Call Test Case 'Test Cases/PFI Precision and Scale/PFI Components/PELists' successfully

2020-05-27 19:42:01 - [TEST_STEP][PASSED] - println(ValueFound): null

2020-05-27 19:42:01 - [TEST_STEP][PASSED] - sendKeys(NewInputNmField, Keys.chord(ARROW_DOWN)): Keys 'DOWN + ' sent to object: 'Object Repository/Objects.HighlightElements/input_field'

2020-05-27 19:42:02 - [MESSAGE][PASSED] - Keys 'DOWN + ' sent to object: 'Object Repository/Objects.HighlightElements/input_field'

2020-05-27 19:42:02 - [TEST_STEP][PASSED] - sendKeys(NewInputNmField, Keys.chord(ENTER)): Keys 'ENTER + ' sent to object: 'Object Repository/Objects.HighlightElements/input_field'

2020-05-27 19:42:02 - [MESSAGE][PASSED] - Keys 'ENTER + ' sent to object: 'Object Repository/Objects.HighlightElements/input_field'

2020-05-27 19:42:02 - [MESSAGE][PASSED] - Call Test Case 'Test Cases/PFI Precision and Scale/PFI Components/VerifyDropdownValues' successfully

2020-05-27 19:42:02 - [TEST_STEP][PASSED] - callTestCase(findTestCase("Components/ClickCancelIcon"), [:], STOP_ON_FAILURE): Call Test Case 'Test Cases/Components/ClickCancelIcon' successfully

2020-05-27 19:42:02 - [TEST_CASE][PASSED] - Test Cases/Components/ClickCancelIcon: Test Cases/Components/ClickCancelIcon

2020-05-27 19:42:02 - [TEST_STEP][PASSED] - Thread.sleep(1000): null

2020-05-27 19:42:03 - [TEST_STEP][PASSED] - com.reusableComponents.HighlightElement.run(findTestObject("Object Repository/Objects.ActionButtons/Cancel_Icon")): com.reusableComponents.HighlightElement.run is PASSED

2020-05-27 19:42:04 - [MESSAGE][PASSED] - com.reusableComponents.HighlightElement.run is PASSED

2020-05-27 19:42:04 - [TEST_STEP][PASSED] - click(findTestObject("Object Repository/Objects.ActionButtons/Cancel_Icon")): Object: 'Object Repository/Objects.ActionButtons/Cancel_Icon' is clicked on

2020-05-27 19:42:04 - [MESSAGE][PASSED] - Object: 'Object Repository/Objects.ActionButtons/Cancel_Icon' is clicked on

2020-05-27 19:42:04 - [MESSAGE][PASSED] - Call Test Case 'Test Cases/Components/ClickCancelIcon' successfully

2020-05-27 19:42:04 - [TEST_STEP][PASSED] - callTestCase(findTestCase("Components/DoubleClickToEnable"), ["HeaderCellName":"PE Name", "index":3], STOP_ON_FAILURE): Call Test Case 'Test Cases/Components/DoubleClickToEnable' successfully

2020-05-27 19:42:04 - [TEST_CASE][PASSED] - Test Cases/Components/DoubleClickToEnable: Test Cases/Components/DoubleClickToEnable

2020-05-27 19:42:04 - [TEST_STEP][PASSED] - Thread.sleep(1000): null

2020-05-27 19:42:05 - [TEST_STEP][PASSED] - modifiedInputField = modifyObjectProperty(findTestObject("Object Repository/Objects.HighlightElements/input_field_index"), "xpath", "equals", "//*[text()='" + HeaderCellName + "']//following::td[" + index + "]", true): Modify property of object successfully

2020-05-27 19:42:05 - [MESSAGE][PASSED] - Modify property of object successfully

2020-05-27 19:42:05 - [TEST_STEP][PASSED] - doubleClick(modifiedInputField): Object: 'Object Repository/Objects.HighlightElements/input_field_index' is double clicked on

2020-05-27 19:42:06 - [MESSAGE][PASSED] - Object: 'Object Repository/Objects.HighlightElements/input_field_index' is double clicked on

2020-05-27 19:42:06 - [MESSAGE][PASSED] - Call Test Case 'Test Cases/Components/DoubleClickToEnable' successfully

2020-05-27 19:42:06 - [TEST_STEP][PASSED] - callTestCase(findTestCase("Components/HighlightInputField"), ["InputFldName":"peName"], STOP_ON_FAILURE): Call Test Case 'Test Cases/Components/HighlightInputField' successfully

2020-05-27 19:42:06 - [TEST_CASE][PASSED] - Test Cases/Components/HighlightInputField: Test Cases/Components/HighlightInputField

2020-05-27 19:42:06 - [TEST_STEP][PASSED] - Thread.sleep(1000): null

2020-05-27 19:42:07 - [TEST_STEP][PASSED] - modifiedLblNm = modifyObjectProperty(findTestObject("Objects.HighlightElements/input_field"), "name", "equals", InputFldName, true): Modify property of object successfully

2020-05-27 19:42:07 - [MESSAGE][PASSED] - Modify property of object successfully

2020-05-27 19:42:07 - [TEST_STEP][PASSED] - com.reusableComponents.HighlightElement.run(modifiedLblNm): com.reusableComponents.HighlightElement.run is PASSED

2020-05-27 19:42:07 - [MESSAGE][PASSED] - com.reusableComponents.HighlightElement.run is PASSED

2020-05-27 19:42:07 - [MESSAGE][PASSED] - Call Test Case 'Test Cases/Components/HighlightInputField' successfully

2020-05-27 19:42:07 - [TEST_STEP][PASSED] - callTestCase(findTestCase("Components/SelectAllThenDelete"), ["tagToBeUsed":"*", "nameToBeUsed":"peName"], STOP_ON_FAILURE): Call Test Case 'Test Cases/Components/SelectAllThenDelete' successfully

2020-05-27 19:42:08 - [TEST_CASE][PASSED] - Test Cases/Components/SelectAllThenDelete: Test Cases/Components/SelectAllThenDelete

2020-05-27 19:42:08 - [TEST_STEP][PASSED] - Thread.sleep(1000): null

2020-05-27 19:42:09 - [TEST_STEP][PASSED] - firstModification = modifyObjectProperty(findTestObject("SendKey/object"), "tag", "equals", tagToBeUsed, false): Modify property of object successfully

2020-05-27 19:42:09 - [MESSAGE][PASSED] - Modify property of object successfully

2020-05-27 19:42:09 - [TEST_STEP][PASSED] - secondModification = modifyObjectProperty(firstModification, "name", "equals", nameToBeUsed, true): Modify property of object successfully

2020-05-27 19:42:09 - [MESSAGE][PASSED] - Modify property of object successfully

2020-05-27 19:42:09 - [TEST_STEP][PASSED] - sendKeys(secondModification, Keys.chord(CONTROL, "a")): Keys 'CONTROL + a' sent to object: 'Object Repository/SendKey/object'

2020-05-27 19:42:09 - [MESSAGE][PASSED] - Keys 'CONTROL + a' sent to object: 'Object Repository/SendKey/object'

2020-05-27 19:42:09 - [TEST_STEP][PASSED] - sendKeys(secondModification, Keys.chord(DELETE)): Keys 'DELETE + ' sent to object: 'Object Repository/SendKey/object'

2020-05-27 19:42:09 - [MESSAGE][PASSED] - Keys 'DELETE + ' sent to object: 'Object Repository/SendKey/object'

2020-05-27 19:42:09 - [MESSAGE][PASSED] - Call Test Case 'Test Cases/Components/SelectAllThenDelete' successfully

2020-05-27 19:42:09 - [TEST_STEP][PASSED] - callTestCase(findTestCase("PFI Precision and Scale/PFI Components/VerifyDropdownValues"), ["FldNm":"peName", "CallTCName":"PFI Precision and Scale/PFI Components/PELists", "cmbNm":"PEName", "NoOfVal":10, "DelayTime":5, ... ], STOP_ON_FAILURE): Call Test Case 'Test Cases/PFI Precision and Scale/PFI Components/VerifyDropdownValues' successfully

2020-05-27 19:42:09 - [TEST_CASE][PASSED] - Test Cases/PFI Precision and Scale/PFI Components/VerifyDropdownValues: Test Cases/PFI Precision and Scale/PFI Components/VerifyDropdownValues

2020-05-27 19:42:09 - [TEST_STEP][PASSED] - Thread.sleep(1000): null

2020-05-27 19:42:10 - [TEST_STEP][PASSED] - NewInputNmField = modifyObjectProperty(findTestObject("Objects.HighlightElements/input_field"), "name", "equals", FldNm, true): Modify property of object successfully

2020-05-27 19:42:10 - [MESSAGE][PASSED] - Modify property of object successfully

2020-05-27 19:42:10 - [TEST_STEP][PASSED] - comboNm = cmbNm: null

2020-05-27 19:42:10 - [TEST_STEP][PASSED] - focus(NewInputNmField): Object: 'Object Repository/Objects.HighlightElements/input_field' is focused

2020-05-27 19:42:10 - [MESSAGE][PASSED] - Object: 'Object Repository/Objects.HighlightElements/input_field' is focused

2020-05-27 19:42:10 - [TEST_STEP][PASSED] - setText(NewInputNmField, EnterValue): Text '' is set on object 'Object Repository/Objects.HighlightElements/input_field'

2020-05-27 19:42:11 - [MESSAGE][PASSED] - Text '' is set on object 'Object Repository/Objects.HighlightElements/input_field'

2020-05-27 19:42:11 - [TEST_STEP][PASSED] - for ([i = 1, i <= NoOfVal, (i++)]): Keys 'DOWN + ' sent to object: 'Object Repository/Objects.HighlightElements/input_field'

2020-05-27 19:42:11 - [TEST_STEP][PASSED] - sendKeys(NewInputNmField, Keys.chord(ARROW_DOWN)): Keys 'DOWN + ' sent to object: 'Object Repository/Objects.HighlightElements/input_field'

2020-05-27 19:42:11 - [MESSAGE][PASSED] - Keys 'DOWN + ' sent to object: 'Object Repository/Objects.HighlightElements/input_field'

2020-05-27 19:42:11 - [TEST_STEP][PASSED] - delay(DelayTime): Delayed 5 second(s)

2020-05-27 19:42:16 - [MESSAGE][PASSED] - Delayed 5 second(s)

2020-05-27 19:42:16 - [TEST_STEP][PASSED] - sendKeys(NewInputNmField, Keys.chord(ENTER)): Keys 'ENTER + ' sent to object: 'Object Repository/Objects.HighlightElements/input_field'

2020-05-27 19:42:16 - [MESSAGE][PASSED] - Keys 'ENTER + ' sent to object: 'Object Repository/Objects.HighlightElements/input_field'

2020-05-27 19:42:16 - [TEST_STEP][PASSED] - ComboBoxValue = getAttribute(NewInputNmField, "value"): Attribute 'value' of object 'Object Repository/Objects.HighlightElements/input_field' is: 'QP-0016'

2020-05-27 19:42:17 - [MESSAGE][PASSED] - Attribute 'value' of object 'Object Repository/Objects.HighlightElements/input_field' is: 'QP-0016'

2020-05-27 19:42:17 - [TEST_STEP][PASSED] - callTestCase(findTestCase(CallTCName), ["FindValue":ComboBoxValue, "DropdownNm":comboNm], STOP_ON_FAILURE): Call Test Case 'Test Cases/PFI Precision and Scale/PFI Components/PELists' successfully

2020-05-27 19:42:17 - [TEST_CASE][PASSED] - Test Cases/PFI Precision and Scale/PFI Components/PELists: Test Cases/PFI Precision and Scale/PFI Components/PELists

2020-05-27 19:42:17 - [TEST_STEP][PASSED] - Thread.sleep(1000): null

2020-05-27 19:42:18 - [TEST_STEP][PASSED] - PEListsTBL = ["0011":"QP-Formatted Address", "0012":"QP-0012", "0014":"QP-0014", "0015":"QP-0015", "0016":"QP-0016", "3214":"Dummy QP Name 3861", ... ]: null

2020-05-27 19:42:18 - [TEST_STEP][PASSED] - switch (DropdownNm): null

2020-05-27 19:42:18 - [TEST_STEP][PASSED] - case "PEName":: null

2020-05-27 19:42:18 - [TEST_STEP][PASSED] - ValueFound = PEListsTBL.find({ -> ... }): null

2020-05-27 19:42:18 - [TEST_STEP][PASSED] - break: null

2020-05-27 19:42:18 - [MESSAGE][PASSED] - Call Test Case 'Test Cases/PFI Precision and Scale/PFI Components/PELists' successfully

2020-05-27 19:42:18 - [TEST_STEP][PASSED] - println(ValueFound): null

2020-05-27 19:42:18 - [TEST_STEP][PASSED] - sendKeys(NewInputNmField, Keys.chord(ARROW_DOWN)): Keys 'DOWN + ' sent to object: 'Object Repository/Objects.HighlightElements/input_field'

2020-05-27 19:42:18 - [MESSAGE][PASSED] - Keys 'DOWN + ' sent to object: 'Object Repository/Objects.HighlightElements/input_field'

2020-05-27 19:42:18 - [TEST_STEP][PASSED] - sendKeys(NewInputNmField, Keys.chord(ARROW_DOWN)): Keys 'DOWN + ' sent to object: 'Object Repository/Objects.HighlightElements/input_field'

2020-05-27 19:42:19 - [MESSAGE][PASSED] - Keys 'DOWN + ' sent to object: 'Object Repository/Objects.HighlightElements/input_field'

2020-05-27 19:42:19 - [TEST_STEP][PASSED] - delay(DelayTime): Delayed 5 second(s)

2020-05-27 19:42:24 - [MESSAGE][PASSED] - Delayed 5 second(s)

2020-05-27 19:42:24 - [TEST_STEP][PASSED] - sendKeys(NewInputNmField, Keys.chord(ENTER)): Keys 'ENTER + ' sent to object: 'Object Repository/Objects.HighlightElements/input_field'

2020-05-27 19:42:24 - [MESSAGE][PASSED] - Keys 'ENTER + ' sent to object: 'Object Repository/Objects.HighlightElements/input_field'

2020-05-27 19:42:24 - [TEST_STEP][PASSED] - ComboBoxValue = getAttribute(NewInputNmField, "value"): Attribute 'value' of object 'Object Repository/Objects.HighlightElements/input_field' is: 'QP-0015'

2020-05-27 19:42:24 - [MESSAGE][PASSED] - Attribute 'value' of object 'Object Repository/Objects.HighlightElements/input_field' is: 'QP-0015'

2020-05-27 19:42:24 - [TEST_STEP][PASSED] - callTestCase(findTestCase(CallTCName), ["FindValue":ComboBoxValue, "DropdownNm":comboNm], STOP_ON_FAILURE): Call Test Case 'Test Cases/PFI Precision and Scale/PFI Components/PELists' successfully

2020-05-27 19:42:24 - [TEST_CASE][PASSED] - Test Cases/PFI Precision and Scale/PFI Components/PELists: Test Cases/PFI Precision and Scale/PFI Components/PELists

2020-05-27 19:42:24 - [TEST_STEP][PASSED] - Thread.sleep(1000): null

2020-05-27 19:42:25 - [TEST_STEP][PASSED] - PEListsTBL = ["0011":"QP-Formatted Address", "0012":"QP-0012", "0014":"QP-0014", "0015":"QP-0015", "0016":"QP-0016", "3214":"Dummy QP Name 3861", ... ]: null

2020-05-27 19:42:25 - [TEST_STEP][PASSED] - switch (DropdownNm): null

2020-05-27 19:42:25 - [TEST_STEP][PASSED] - case "PEName":: null

2020-05-27 19:42:25 - [TEST_STEP][PASSED] - ValueFound = PEListsTBL.find({ -> ... }): null

2020-05-27 19:42:25 - [TEST_STEP][PASSED] - break: null

2020-05-27 19:42:25 - [MESSAGE][PASSED] - Call Test Case 'Test Cases/PFI Precision and Scale/PFI Components/PELists' successfully

2020-05-27 19:42:25 - [TEST_STEP][PASSED] - println(ValueFound): null

2020-05-27 19:42:25 - [TEST_STEP][PASSED] - sendKeys(NewInputNmField, Keys.chord(ARROW_DOWN)): Keys 'DOWN + ' sent to object: 'Object Repository/Objects.HighlightElements/input_field'

2020-05-27 19:42:26 - [MESSAGE][PASSED] - Keys 'DOWN + ' sent to object: 'Object Repository/Objects.HighlightElements/input_field'

2020-05-27 19:42:26 - [TEST_STEP][PASSED] - sendKeys(NewInputNmField, Keys.chord(ARROW_DOWN)): Keys 'DOWN + ' sent to object: 'Object Repository/Objects.HighlightElements/input_field'

2020-05-27 19:42:26 - [MESSAGE][PASSED] - Keys 'DOWN + ' sent to object: 'Object Repository/Objects.HighlightElements/input_field'

2020-05-27 19:42:26 - [TEST_STEP][PASSED] - delay(DelayTime): Delayed 5 second(s)

2020-05-27 19:42:31 - [MESSAGE][PASSED] - Delayed 5 second(s)

2020-05-27 19:42:31 - [TEST_STEP][PASSED] - sendKeys(NewInputNmField, Keys.chord(ENTER)): Keys 'ENTER + ' sent to object: 'Object Repository/Objects.HighlightElements/input_field'

2020-05-27 19:42:31 - [MESSAGE][PASSED] - Keys 'ENTER + ' sent to object: 'Object Repository/Objects.HighlightElements/input_field'

2020-05-27 19:42:31 - [TEST_STEP][PASSED] - ComboBoxValue = getAttribute(NewInputNmField, "value"): Attribute 'value' of object 'Object Repository/Objects.HighlightElements/input_field' is: 'QP-0014'

2020-05-27 19:42:32 - [MESSAGE][PASSED] - Attribute 'value' of object 'Object Repository/Objects.HighlightElements/input_field' is: 'QP-0014'

2020-05-27 19:42:32 - [TEST_STEP][PASSED] - callTestCase(findTestCase(CallTCName), ["FindValue":ComboBoxValue, "DropdownNm":comboNm], STOP_ON_FAILURE): Call Test Case 'Test Cases/PFI Precision and Scale/PFI Components/PELists' successfully

2020-05-27 19:42:32 - [TEST_CASE][PASSED] - Test Cases/PFI Precision and Scale/PFI Components/PELists: Test Cases/PFI Precision and Scale/PFI Components/PELists

2020-05-27 19:42:32 - [TEST_STEP][PASSED] - Thread.sleep(1000): null

2020-05-27 19:42:33 - [TEST_STEP][PASSED] - PEListsTBL = ["0011":"QP-Formatted Address", "0012":"QP-0012", "0014":"QP-0014", "0015":"QP-0015", "0016":"QP-0016", "3214":"Dummy QP Name 3861", ... ]: null

2020-05-27 19:42:33 - [TEST_STEP][PASSED] - switch (DropdownNm): null

2020-05-27 19:42:33 - [TEST_STEP][PASSED] - case "PEName":: null

2020-05-27 19:42:33 - [TEST_STEP][PASSED] - ValueFound = PEListsTBL.find({ -> ... }): null

2020-05-27 19:42:33 - [TEST_STEP][PASSED] - break: null

2020-05-27 19:42:33 - [MESSAGE][PASSED] - Call Test Case 'Test Cases/PFI Precision and Scale/PFI Components/PELists' successfully

2020-05-27 19:42:33 - [TEST_STEP][PASSED] - println(ValueFound): null

2020-05-27 19:42:33 - [TEST_STEP][PASSED] - sendKeys(NewInputNmField, Keys.chord(ARROW_DOWN)): Keys 'DOWN + ' sent to object: 'Object Repository/Objects.HighlightElements/input_field'

2020-05-27 19:42:37 - [MESSAGE][PASSED] - Keys 'DOWN + ' sent to object: 'Object Repository/Objects.HighlightElements/input_field'

2020-05-27 19:42:37 - [TEST_STEP][PASSED] - sendKeys(NewInputNmField, Keys.chord(ARROW_DOWN)): Keys 'DOWN + ' sent to object: 'Object Repository/Objects.HighlightElements/input_field'

2020-05-27 19:42:37 - [MESSAGE][PASSED] - Keys 'DOWN + ' sent to object: 'Object Repository/Objects.HighlightElements/input_field'

2020-05-27 19:42:37 - [TEST_STEP][PASSED] - delay(DelayTime): Delayed 5 second(s)

2020-05-27 19:42:42 - [MESSAGE][PASSED] - Delayed 5 second(s)

2020-05-27 19:42:42 - [TEST_STEP][PASSED] - sendKeys(NewInputNmField, Keys.chord(ENTER)): Keys 'ENTER + ' sent to object: 'Object Repository/Objects.HighlightElements/input_field'

2020-05-27 19:42:43 - [MESSAGE][PASSED] - Keys 'ENTER + ' sent to object: 'Object Repository/Objects.HighlightElements/input_field'

2020-05-27 19:42:43 - [TEST_STEP][PASSED] - ComboBoxValue = getAttribute(NewInputNmField, "value"): Attribute 'value' of object 'Object Repository/Objects.HighlightElements/input_field' is: 'QP-0012'

2020-05-27 19:42:43 - [MESSAGE][PASSED] - Attribute 'value' of object 'Object Repository/Objects.HighlightElements/input_field' is: 'QP-0012'

2020-05-27 19:42:43 - [TEST_STEP][PASSED] - callTestCase(findTestCase(CallTCName), ["FindValue":ComboBoxValue, "DropdownNm":comboNm], STOP_ON_FAILURE): Call Test Case 'Test Cases/PFI Precision and Scale/PFI Components/PELists' successfully

2020-05-27 19:42:43 - [TEST_CASE][PASSED] - Test Cases/PFI Precision and Scale/PFI Components/PELists: Test Cases/PFI Precision and Scale/PFI Components/PELists

2020-05-27 19:42:43 - [TEST_STEP][PASSED] - Thread.sleep(1000): null

2020-05-27 19:42:44 - [TEST_STEP][PASSED] - PEListsTBL = ["0011":"QP-Formatted Address", "0012":"QP-0012", "0014":"QP-0014", "0015":"QP-0015", "0016":"QP-0016", "3214":"Dummy QP Name 3861", ... ]: null

2020-05-27 19:42:44 - [TEST_STEP][PASSED] - switch (DropdownNm): null

2020-05-27 19:42:44 - [TEST_STEP][PASSED] - case "PEName":: null

2020-05-27 19:42:44 - [TEST_STEP][PASSED] - ValueFound = PEListsTBL.find({ -> ... }): null

2020-05-27 19:42:44 - [TEST_STEP][PASSED] - break: null

2020-05-27 19:42:44 - [MESSAGE][PASSED] - Call Test Case 'Test Cases/PFI Precision and Scale/PFI Components/PELists' successfully

2020-05-27 19:42:44 - [TEST_STEP][PASSED] - println(ValueFound): null

2020-05-27 19:42:44 - [TEST_STEP][PASSED] - sendKeys(NewInputNmField, Keys.chord(ARROW_DOWN)): Keys 'DOWN + ' sent to object: 'Object Repository/Objects.HighlightElements/input_field'

2020-05-27 19:42:44 - [MESSAGE][PASSED] - Keys 'DOWN + ' sent to object: 'Object Repository/Objects.HighlightElements/input_field'

2020-05-27 19:42:44 - [TEST_STEP][PASSED] - sendKeys(NewInputNmField, Keys.chord(ARROW_DOWN)): Keys 'DOWN + ' sent to object: 'Object Repository/Objects.HighlightElements/input_field'

2020-05-27 19:42:45 - [MESSAGE][PASSED] - Keys 'DOWN + ' sent to object: 'Object Repository/Objects.HighlightElements/input_field'

2020-05-27 19:42:45 - [TEST_STEP][PASSED] - delay(DelayTime): Delayed 5 second(s)

2020-05-27 19:42:50 - [MESSAGE][PASSED] - Delayed 5 second(s)

2020-05-27 19:42:50 - [TEST_STEP][PASSED] - sendKeys(NewInputNmField, Keys.chord(ENTER)): Keys 'ENTER + ' sent to object: 'Object Repository/Objects.HighlightElements/input_field'

2020-05-27 19:42:50 - [MESSAGE][PASSED] - Keys 'ENTER + ' sent to object: 'Object Repository/Objects.HighlightElements/input_field'

2020-05-27 19:42:50 - [TEST_STEP][PASSED] - ComboBoxValue = getAttribute(NewInputNmField, "value"): Attribute 'value' of object 'Object Repository/Objects.HighlightElements/input_field' is: 'QP-Formatted Address'

2020-05-27 19:42:51 - [MESSAGE][PASSED] - Attribute 'value' of object 'Object Repository/Objects.HighlightElements/input_field' is: 'QP-Formatted Address'

2020-05-27 19:42:51 - [TEST_STEP][PASSED] - callTestCase(findTestCase(CallTCName), ["FindValue":ComboBoxValue, "DropdownNm":comboNm], STOP_ON_FAILURE): Call Test Case 'Test Cases/PFI Precision and Scale/PFI Components/PELists' successfully

2020-05-27 19:42:51 - [TEST_CASE][PASSED] - Test Cases/PFI Precision and Scale/PFI Components/PELists: Test Cases/PFI Precision and Scale/PFI Components/PELists

2020-05-27 19:42:51 - [TEST_STEP][PASSED] - Thread.sleep(1000): null

2020-05-27 19:42:52 - [TEST_STEP][PASSED] - PEListsTBL = ["0011":"QP-Formatted Address", "0012":"QP-0012", "0014":"QP-0014", "0015":"QP-0015", "0016":"QP-0016", "3214":"Dummy QP Name 3861", ... ]: null

2020-05-27 19:42:52 - [TEST_STEP][PASSED] - switch (DropdownNm): null

2020-05-27 19:42:52 - [TEST_STEP][PASSED] - case "PEName":: null

2020-05-27 19:42:52 - [TEST_STEP][PASSED] - ValueFound = PEListsTBL.find({ -> ... }): null

2020-05-27 19:42:52 - [TEST_STEP][PASSED] - break: null

2020-05-27 19:42:52 - [MESSAGE][PASSED] - Call Test Case 'Test Cases/PFI Precision and Scale/PFI Components/PELists' successfully

2020-05-27 19:42:52 - [TEST_STEP][PASSED] - println(ValueFound): null

2020-05-27 19:42:52 - [TEST_STEP][PASSED] - sendKeys(NewInputNmField, Keys.chord(ARROW_DOWN)): Keys 'DOWN + ' sent to object: 'Object Repository/Objects.HighlightElements/input_field'

2020-05-27 19:42:52 - [MESSAGE][PASSED] - Keys 'DOWN + ' sent to object: 'Object Repository/Objects.HighlightElements/input_field'

2020-05-27 19:42:52 - [TEST_STEP][PASSED] - sendKeys(NewInputNmField, Keys.chord(ARROW_DOWN)): Keys 'DOWN + ' sent to object: 'Object Repository/Objects.HighlightElements/input_field'

2020-05-27 19:42:52 - [MESSAGE][PASSED] - Keys 'DOWN + ' sent to object: 'Object Repository/Objects.HighlightElements/input_field'

2020-05-27 19:42:52 - [TEST_STEP][PASSED] - delay(DelayTime): Delayed 5 second(s)

2020-05-27 19:42:57 - [MESSAGE][PASSED] - Delayed 5 second(s)

2020-05-27 19:42:57 - [TEST_STEP][PASSED] - sendKeys(NewInputNmField, Keys.chord(ENTER)): Keys 'ENTER + ' sent to object: 'Object Repository/Objects.HighlightElements/input_field'

2020-05-27 19:42:58 - [MESSAGE][PASSED] - Keys 'ENTER + ' sent to object: 'Object Repository/Objects.HighlightElements/input_field'

2020-05-27 19:42:58 - [TEST_STEP][PASSED] - ComboBoxValue = getAttribute(NewInputNmField, "value"): Attribute 'value' of object 'Object Repository/Objects.HighlightElements/input_field' is: 'QP-7004'

2020-05-27 19:42:58 - [MESSAGE][PASSED] - Attribute 'value' of object 'Object Repository/Objects.HighlightElements/input_field' is: 'QP-7004'

2020-05-27 19:42:58 - [TEST_STEP][PASSED] - callTestCase(findTestCase(CallTCName), ["FindValue":ComboBoxValue, "DropdownNm":comboNm], STOP_ON_FAILURE): Call Test Case 'Test Cases/PFI Precision and Scale/PFI Components/PELists' successfully

2020-05-27 19:42:58 - [TEST_CASE][PASSED] - Test Cases/PFI Precision and Scale/PFI Components/PELists: Test Cases/PFI Precision and Scale/PFI Components/PELists

2020-05-27 19:42:58 - [TEST_STEP][PASSED] - Thread.sleep(1000): null

2020-05-27 19:42:59 - [TEST_STEP][PASSED] - PEListsTBL = ["0011":"QP-Formatted Address", "0012":"QP-0012", "0014":"QP-0014", "0015":"QP-0015", "0016":"QP-0016", "3214":"Dummy QP Name 3861", ... ]: null

2020-05-27 19:42:59 - [TEST_STEP][PASSED] - switch (DropdownNm): null

2020-05-27 19:42:59 - [TEST_STEP][PASSED] - case "PEName":: null

2020-05-27 19:42:59 - [TEST_STEP][PASSED] - ValueFound = PEListsTBL.find({ -> ... }): null

2020-05-27 19:42:59 - [TEST_STEP][PASSED] - break: null

2020-05-27 19:42:59 - [MESSAGE][PASSED] - Call Test Case 'Test Cases/PFI Precision and Scale/PFI Components/PELists' successfully

2020-05-27 19:42:59 - [TEST_STEP][PASSED] - println(ValueFound): null

2020-05-27 19:42:59 - [TEST_STEP][PASSED] - sendKeys(NewInputNmField, Keys.chord(ARROW_DOWN)): Keys 'DOWN + ' sent to object: 'Object Repository/Objects.HighlightElements/input_field'

2020-05-27 19:42:59 - [MESSAGE][PASSED] - Keys 'DOWN + ' sent to object: 'Object Repository/Objects.HighlightElements/input_field'

2020-05-27 19:42:59 - [TEST_STEP][PASSED] - sendKeys(NewInputNmField, Keys.chord(ARROW_DOWN)): Keys 'DOWN + ' sent to object: 'Object Repository/Objects.HighlightElements/input_field'

2020-05-27 19:43:00 - [MESSAGE][PASSED] - Keys 'DOWN + ' sent to object: 'Object Repository/Objects.HighlightElements/input_field'

2020-05-27 19:43:00 - [TEST_STEP][PASSED] - delay(DelayTime): Delayed 5 second(s)

2020-05-27 19:43:05 - [MESSAGE][PASSED] - Delayed 5 second(s)

2020-05-27 19:43:05 - [TEST_STEP][PASSED] - sendKeys(NewInputNmField, Keys.chord(ENTER)): Keys 'ENTER + ' sent to object: 'Object Repository/Objects.HighlightElements/input_field'

2020-05-27 19:43:05 - [MESSAGE][PASSED] - Keys 'ENTER + ' sent to object: 'Object Repository/Objects.HighlightElements/input_field'

2020-05-27 19:43:05 - [TEST_STEP][PASSED] - ComboBoxValue = getAttribute(NewInputNmField, "value"): Attribute 'value' of object 'Object Repository/Objects.HighlightElements/input_field' is: 'Janet Waters'

2020-05-27 19:43:06 - [MESSAGE][PASSED] - Attribute 'value' of object 'Object Repository/Objects.HighlightElements/input_field' is: 'Janet Waters'

2020-05-27 19:43:06 - [TEST_STEP][PASSED] - callTestCase(findTestCase(CallTCName), ["FindValue":ComboBoxValue, "DropdownNm":comboNm], STOP_ON_FAILURE): Call Test Case 'Test Cases/PFI Precision and Scale/PFI Components/PELists' successfully

2020-05-27 19:43:06 - [TEST_CASE][PASSED] - Test Cases/PFI Precision and Scale/PFI Components/PELists: Test Cases/PFI Precision and Scale/PFI Components/PELists

2020-05-27 19:43:06 - [TEST_STEP][PASSED] - Thread.sleep(1000): null

2020-05-27 19:43:07 - [TEST_STEP][PASSED] - PEListsTBL = ["0011":"QP-Formatted Address", "0012":"QP-0012", "0014":"QP-0014", "0015":"QP-0015", "0016":"QP-0016", "3214":"Dummy QP Name 3861", ... ]: null

2020-05-27 19:43:07 - [TEST_STEP][PASSED] - switch (DropdownNm): null

2020-05-27 19:43:07 - [TEST_STEP][PASSED] - case "PEName":: null

2020-05-27 19:43:07 - [TEST_STEP][PASSED] - ValueFound = PEListsTBL.find({ -> ... }): null

2020-05-27 19:43:07 - [TEST_STEP][PASSED] - break: null

2020-05-27 19:43:07 - [MESSAGE][PASSED] - Call Test Case 'Test Cases/PFI Precision and Scale/PFI Components/PELists' successfully

2020-05-27 19:43:07 - [TEST_STEP][PASSED] - println(ValueFound): null

2020-05-27 19:43:07 - [TEST_STEP][PASSED] - sendKeys(NewInputNmField, Keys.chord(ARROW_DOWN)): Keys 'DOWN + ' sent to object: 'Object Repository/Objects.HighlightElements/input_field'

2020-05-27 19:43:07 - [MESSAGE][PASSED] - Keys 'DOWN + ' sent to object: 'Object Repository/Objects.HighlightElements/input_field'

2020-05-27 19:43:07 - [TEST_STEP][PASSED] - sendKeys(NewInputNmField, Keys.chord(ARROW_DOWN)): Keys 'DOWN + ' sent to object: 'Object Repository/Objects.HighlightElements/input_field'

2020-05-27 19:43:08 - [MESSAGE][PASSED] - Keys 'DOWN + ' sent to object: 'Object Repository/Objects.HighlightElements/input_field'

2020-05-27 19:43:08 - [TEST_STEP][PASSED] - delay(DelayTime): Delayed 5 second(s)

2020-05-27 19:43:13 - [MESSAGE][PASSED] - Delayed 5 second(s)

2020-05-27 19:43:13 - [TEST_STEP][PASSED] - sendKeys(NewInputNmField, Keys.chord(ENTER)): Keys 'ENTER + ' sent to object: 'Object Repository/Objects.HighlightElements/input_field'

2020-05-27 19:43:13 - [MESSAGE][PASSED] - Keys 'ENTER + ' sent to object: 'Object Repository/Objects.HighlightElements/input_field'

2020-05-27 19:43:13 - [TEST_STEP][PASSED] - ComboBoxValue = getAttribute(NewInputNmField, "value"): Attribute 'value' of object 'Object Repository/Objects.HighlightElements/input_field' is: 'Mrs. Mikayla Romaguera Sr.'

2020-05-27 19:43:13 - [MESSAGE][PASSED] - Attribute 'value' of object 'Object Repository/Objects.HighlightElements/input_field' is: 'Mrs. Mikayla Romaguera Sr.'

2020-05-27 19:43:13 - [TEST_STEP][PASSED] - callTestCase(findTestCase(CallTCName), ["FindValue":ComboBoxValue, "DropdownNm":comboNm], STOP_ON_FAILURE): Call Test Case 'Test Cases/PFI Precision and Scale/PFI Components/PELists' successfully

2020-05-27 19:43:13 - [TEST_CASE][PASSED] - Test Cases/PFI Precision and Scale/PFI Components/PELists: Test Cases/PFI Precision and Scale/PFI Components/PELists

2020-05-27 19:43:13 - [TEST_STEP][PASSED] - Thread.sleep(1000): null

2020-05-27 19:43:14 - [TEST_STEP][PASSED] - PEListsTBL = ["0011":"QP-Formatted Address", "0012":"QP-0012", "0014":"QP-0014", "0015":"QP-0015", "0016":"QP-0016", "3214":"Dummy QP Name 3861", ... ]: null

2020-05-27 19:43:14 - [TEST_STEP][PASSED] - switch (DropdownNm): null

2020-05-27 19:43:14 - [TEST_STEP][PASSED] - case "PEName":: null

2020-05-27 19:43:14 - [TEST_STEP][PASSED] - ValueFound = PEListsTBL.find({ -> ... }): null

2020-05-27 19:43:14 - [TEST_STEP][PASSED] - break: null

2020-05-27 19:43:14 - [MESSAGE][PASSED] - Call Test Case 'Test Cases/PFI Precision and Scale/PFI Components/PELists' successfully

2020-05-27 19:43:14 - [TEST_STEP][PASSED] - println(ValueFound): null

2020-05-27 19:43:14 - [TEST_STEP][PASSED] - sendKeys(NewInputNmField, Keys.chord(ARROW_DOWN)): Keys 'DOWN + ' sent to object: 'Object Repository/Objects.HighlightElements/input_field'

2020-05-27 19:43:15 - [MESSAGE][PASSED] - Keys 'DOWN + ' sent to object: 'Object Repository/Objects.HighlightElements/input_field'

2020-05-27 19:43:15 - [TEST_STEP][PASSED] - sendKeys(NewInputNmField, Keys.chord(ARROW_DOWN)): Keys 'DOWN + ' sent to object: 'Object Repository/Objects.HighlightElements/input_field'

2020-05-27 19:43:15 - [MESSAGE][PASSED] - Keys 'DOWN + ' sent to object: 'Object Repository/Objects.HighlightElements/input_field'

2020-05-27 19:43:15 - [TEST_STEP][PASSED] - delay(DelayTime): Delayed 5 second(s)

2020-05-27 19:43:20 - [MESSAGE][PASSED] - Delayed 5 second(s)

2020-05-27 19:43:20 - [TEST_STEP][PASSED] - sendKeys(NewInputNmField, Keys.chord(ENTER)): Keys 'ENTER + ' sent to object: 'Object Repository/Objects.HighlightElements/input_field'

2020-05-27 19:43:20 - [MESSAGE][PASSED] - Keys 'ENTER + ' sent to object: 'Object Repository/Objects.HighlightElements/input_field'

2020-05-27 19:43:20 - [TEST_STEP][PASSED] - ComboBoxValue = getAttribute(NewInputNmField, "value"): Attribute 'value' of object 'Object Repository/Objects.HighlightElements/input_field' is: 'Merlin Farrell'

2020-05-27 19:43:21 - [MESSAGE][PASSED] - Attribute 'value' of object 'Object Repository/Objects.HighlightElements/input_field' is: 'Merlin Farrell'

2020-05-27 19:43:21 - [TEST_STEP][PASSED] - callTestCase(findTestCase(CallTCName), ["FindValue":ComboBoxValue, "DropdownNm":comboNm], STOP_ON_FAILURE): Call Test Case 'Test Cases/PFI Precision and Scale/PFI Components/PELists' successfully

2020-05-27 19:43:21 - [TEST_CASE][PASSED] - Test Cases/PFI Precision and Scale/PFI Components/PELists: Test Cases/PFI Precision and Scale/PFI Components/PELists

2020-05-27 19:43:21 - [TEST_STEP][PASSED] - Thread.sleep(1000): null

2020-05-27 19:43:22 - [TEST_STEP][PASSED] - PEListsTBL = ["0011":"QP-Formatted Address", "0012":"QP-0012", "0014":"QP-0014", "0015":"QP-0015", "0016":"QP-0016", "3214":"Dummy QP Name 3861", ... ]: null

2020-05-27 19:43:22 - [TEST_STEP][PASSED] - switch (DropdownNm): null

2020-05-27 19:43:22 - [TEST_STEP][PASSED] - case "PEName":: null

2020-05-27 19:43:22 - [TEST_STEP][PASSED] - ValueFound = PEListsTBL.find({ -> ... }): null

2020-05-27 19:43:22 - [TEST_STEP][PASSED] - break: null

2020-05-27 19:43:22 - [MESSAGE][PASSED] - Call Test Case 'Test Cases/PFI Precision and Scale/PFI Components/PELists' successfully

2020-05-27 19:43:22 - [TEST_STEP][PASSED] - println(ValueFound): null

2020-05-27 19:43:22 - [TEST_STEP][PASSED] - sendKeys(NewInputNmField, Keys.chord(ARROW_DOWN)): Keys 'DOWN + ' sent to object: 'Object Repository/Objects.HighlightElements/input_field'

2020-05-27 19:43:22 - [MESSAGE][PASSED] - Keys 'DOWN + ' sent to object: 'Object Repository/Objects.HighlightElements/input_field'

2020-05-27 19:43:22 - [TEST_STEP][PASSED] - sendKeys(NewInputNmField, Keys.chord(ARROW_DOWN)): Keys 'DOWN + ' sent to object: 'Object Repository/Objects.HighlightElements/input_field'

2020-05-27 19:43:23 - [MESSAGE][PASSED] - Keys 'DOWN + ' sent to object: 'Object Repository/Objects.HighlightElements/input_field'

2020-05-27 19:43:23 - [TEST_STEP][PASSED] - delay(DelayTime): Delayed 5 second(s)

2020-05-27 19:43:28 - [MESSAGE][PASSED] - Delayed 5 second(s)

2020-05-27 19:43:28 - [TEST_STEP][PASSED] - sendKeys(NewInputNmField, Keys.chord(ENTER)): Keys 'ENTER + ' sent to object: 'Object Repository/Objects.HighlightElements/input_field'

2020-05-27 19:43:28 - [MESSAGE][PASSED] - Keys 'ENTER + ' sent to object: 'Object Repository/Objects.HighlightElements/input_field'

2020-05-27 19:43:28 - [TEST_STEP][PASSED] - ComboBoxValue = getAttribute(NewInputNmField, "value"): Attribute 'value' of object 'Object Repository/Objects.HighlightElements/input_field' is: 'Harley Treutel'

2020-05-27 19:43:28 - [MESSAGE][PASSED] - Attribute 'value' of object 'Object Repository/Objects.HighlightElements/input_field' is: 'Harley Treutel'

2020-05-27 19:43:28 - [TEST_STEP][PASSED] - callTestCase(findTestCase(CallTCName), ["FindValue":ComboBoxValue, "DropdownNm":comboNm], STOP_ON_FAILURE): Call Test Case 'Test Cases/PFI Precision and Scale/PFI Components/PELists' successfully

2020-05-27 19:43:28 - [TEST_CASE][PASSED] - Test Cases/PFI Precision and Scale/PFI Components/PELists: Test Cases/PFI Precision and Scale/PFI Components/PELists

2020-05-27 19:43:28 - [TEST_STEP][PASSED] - Thread.sleep(1000): null

2020-05-27 19:43:29 - [TEST_STEP][PASSED] - PEListsTBL = ["0011":"QP-Formatted Address", "0012":"QP-0012", "0014":"QP-0014", "0015":"QP-0015", "0016":"QP-0016", "3214":"Dummy QP Name 3861", ... ]: null

2020-05-27 19:43:29 - [TEST_STEP][PASSED] - switch (DropdownNm): null

2020-05-27 19:43:29 - [TEST_STEP][PASSED] - case "PEName":: null

2020-05-27 19:43:29 - [TEST_STEP][PASSED] - ValueFound = PEListsTBL.find({ -> ... }): null

2020-05-27 19:43:29 - [TEST_STEP][PASSED] - break: null

2020-05-27 19:43:29 - [MESSAGE][PASSED] - Call Test Case 'Test Cases/PFI Precision and Scale/PFI Components/PELists' successfully

2020-05-27 19:43:29 - [TEST_STEP][PASSED] - println(ValueFound): null

2020-05-27 19:43:29 - [TEST_STEP][PASSED] - sendKeys(NewInputNmField, Keys.chord(ARROW_DOWN)): Keys 'DOWN + ' sent to object: 'Object Repository/Objects.HighlightElements/input_field'

2020-05-27 19:43:30 - [MESSAGE][PASSED] - Keys 'DOWN + ' sent to object: 'Object Repository/Objects.HighlightElements/input_field'

2020-05-27 19:43:30 - [TEST_STEP][PASSED] - sendKeys(NewInputNmField, Keys.chord(ENTER)): Keys 'ENTER + ' sent to object: 'Object Repository/Objects.HighlightElements/input_field'

2020-05-27 19:43:30 - [MESSAGE][PASSED] - Keys 'ENTER + ' sent to object: 'Object Repository/Objects.HighlightElements/input_field'

2020-05-27 19:43:30 - [MESSAGE][PASSED] - Call Test Case 'Test Cases/PFI Precision and Scale/PFI Components/VerifyDropdownValues' successfully

2020-05-27 19:43:30 - [TEST_STEP][PASSED] - callTestCase(findTestCase("Components/ClickCancelIcon"), [:], STOP_ON_FAILURE): Call Test Case 'Test Cases/Components/ClickCancelIcon' successfully

2020-05-27 19:43:30 - [TEST_CASE][PASSED] - Test Cases/Components/ClickCancelIcon: Test Cases/Components/ClickCancelIcon

2020-05-27 19:43:30 - [TEST_STEP][PASSED] - Thread.sleep(1000): null

2020-05-27 19:43:31 - [TEST_STEP][PASSED] - com.reusableComponents.HighlightElement.run(findTestObject("Object Repository/Objects.ActionButtons/Cancel_Icon")): com.reusableComponents.HighlightElement.run is PASSED

2020-05-27 19:43:32 - [MESSAGE][PASSED] - com.reusableComponents.HighlightElement.run is PASSED

2020-05-27 19:43:32 - [TEST_STEP][PASSED] - click(findTestObject("Object Repository/Objects.ActionButtons/Cancel_Icon")): Object: 'Object Repository/Objects.ActionButtons/Cancel_Icon' is clicked on

2020-05-27 19:43:39 - [MESSAGE][PASSED] - Object: 'Object Repository/Objects.ActionButtons/Cancel_Icon' is clicked on

2020-05-27 19:43:39 - [MESSAGE][PASSED] - Call Test Case 'Test Cases/Components/ClickCancelIcon' successfully

2020-05-27 19:43:39 - [TEST_STEP][NOT_RUN] - callTestCase(findTestCase("Components/Logout"), ["LogoutPageTextToBeVerified":findTestData("Datatable").getValue("HomeBanner", 2)], STOP_ON_FAILURE): NOT_RUN: callTestCase(findTestCase("Components/Logout"), ["LogoutPageTextToBeVerified":findTestData("Datatable").getValue("HomeBanner", 2)], STOP_ON_FAILURE)

2020-05-27 19:43:39 - [MESSAGE][NOT_RUN] - NOT_RUN: callTestCase(findTestCase("Components/Logout"), ["LogoutPageTextToBeVerified":findTestData("Datatable").getValue("HomeBanner", 2)], STOP_ON_FAILURE)]]></system-out>
         <system-err><![CDATA[]]></system-err>
      </testcase>
      <testcase name="Test Cases/PFI Precision and Scale/PFI Test Cases/PFI.D2FormsLHS" time="75.227" classname="Test Cases/PFI Precision and Scale/PFI Test Cases/PFI.D2FormsLHS" status="FAILED">
         <failure type="FAILED" message="Test Cases/PFI Precision and Scale/PFI Test Cases/PFI.D2FormsLHS FAILED.
Reason:
com.kms.katalon.core.exception.StepFailedException: Call Test Case 'Test Cases/PFI Precision and Scale/PFI Components/InvalidDateErrorValidation' failed
	at com.kms.katalon.core.keyword.builtin.CallTestCaseKeyword$_callTestCase_closure1.doCall(CallTestCaseKeyword.groovy:63)
	at com.kms.katalon.core.keyword.builtin.CallTestCaseKeyword$_callTestCase_closure1.call(CallTestCaseKeyword.groovy)
	at com.kms.katalon.core.keyword.internal.KeywordMain.runKeyword(KeywordMain.groovy:68)
	at com.kms.katalon.core.keyword.builtin.CallTestCaseKeyword.callTestCase(CallTestCaseKeyword.groovy:81)
	at com.kms.katalon.core.keyword.builtin.CallTestCaseKeyword.execute(CallTestCaseKeyword.groovy:44)
	at com.kms.katalon.core.keyword.internal.KeywordExecutor.executeKeywordForPlatform(KeywordExecutor.groovy:72)
	at com.kms.katalon.core.keyword.BuiltinKeywords.callTestCase(BuiltinKeywords.groovy:334)
	at PFI.D2FormsLHS.run(PFI.D2FormsLHS:114)
	at com.kms.katalon.core.main.ScriptEngine.run(ScriptEngine.java:194)
	at com.kms.katalon.core.main.ScriptEngine.runScriptAsRawText(ScriptEngine.java:119)
	at com.kms.katalon.core.main.TestCaseExecutor.runScript(TestCaseExecutor.java:337)
	at com.kms.katalon.core.main.TestCaseExecutor.doExecute(TestCaseExecutor.java:328)
	at com.kms.katalon.core.main.TestCaseExecutor.processExecutionPhase(TestCaseExecutor.java:307)
	at com.kms.katalon.core.main.TestCaseExecutor.accessMainPhase(TestCaseExecutor.java:299)
	at com.kms.katalon.core.main.TestCaseExecutor.execute(TestCaseExecutor.java:233)
	at com.kms.katalon.core.main.TestSuiteExecutor.accessTestCaseMainPhase(TestSuiteExecutor.java:169)
	at com.kms.katalon.core.main.TestSuiteExecutor.accessTestSuiteMainPhase(TestSuiteExecutor.java:142)
	at com.kms.katalon.core.main.TestSuiteExecutor.execute(TestSuiteExecutor.java:91)
	at com.kms.katalon.core.main.TestCaseMain.startTestSuite(TestCaseMain.java:157)
	at com.kms.katalon.core.main.TestCaseMain$startTestSuite$0.call(Unknown Source)
	at TempTestSuite1590579296714.run(TempTestSuite1590579296714.groovy:36)
Caused by: com.kms.katalon.core.exception.StepFailedException: Actual text 'This field is required' and expected text ' is not a valid date - it must be in the format d/m/Y' are not matched using regular expression
	at com.kms.katalon.core.keyword.builtin.VerifyMatchKeyword$_verifyMatch_closure1.doCall(VerifyMatchKeyword.groovy:57)
	at com.kms.katalon.core.keyword.builtin.VerifyMatchKeyword$_verifyMatch_closure1.call(VerifyMatchKeyword.groovy)
	at com.kms.katalon.core.keyword.internal.KeywordMain.runKeyword(KeywordMain.groovy:68)
	at com.kms.katalon.core.keyword.builtin.VerifyMatchKeyword.verifyMatch(VerifyMatchKeyword.groovy:60)
	at com.kms.katalon.core.keyword.builtin.VerifyMatchKeyword.execute(VerifyMatchKeyword.groovy:45)
	at com.kms.katalon.core.keyword.internal.KeywordExecutor.executeKeywordForPlatform(KeywordExecutor.groovy:72)
	at com.kms.katalon.core.keyword.BuiltinKeywords.verifyMatch(BuiltinKeywords.groovy:73)
	at InvalidDateErrorValidation.run(InvalidDateErrorValidation:57)
	at com.kms.katalon.core.main.ScriptEngine.run(ScriptEngine.java:194)
	at com.kms.katalon.core.main.ScriptEngine.runScriptAsRawText(ScriptEngine.java:119)
	at com.kms.katalon.core.main.TestCaseExecutor.runScript(TestCaseExecutor.java:337)
	at com.kms.katalon.core.main.TestCaseExecutor.doExecute(TestCaseExecutor.java:328)
	at com.kms.katalon.core.main.TestCaseExecutor.processExecutionPhase(TestCaseExecutor.java:307)
	at com.kms.katalon.core.main.TestCaseExecutor.accessMainPhase(TestCaseExecutor.java:299)
	at com.kms.katalon.core.main.TestCaseExecutor.execute(TestCaseExecutor.java:233)
	at com.kms.katalon.core.main.TestCaseMain.runTestCase(TestCaseMain.java:114)
	at com.kms.katalon.core.keyword.builtin.CallTestCaseKeyword$_callTestCase_closure1.doCall(CallTestCaseKeyword.groovy:59)
	... 20 more
"/>
         <system-out><![CDATA[2020-05-27 19:43:39 - [TEST_CASE][FAILED] - Test Cases/PFI Precision and Scale/PFI Test Cases/PFI.D2FormsLHS: Test Cases/PFI Precision and Scale/PFI Test Cases/PFI.D2FormsLHS FAILED.
Reason:
com.kms.katalon.core.exception.StepFailedException: Call Test Case 'Test Cases/PFI Precision and Scale/PFI Components/InvalidDateErrorValidation' failed
	at com.kms.katalon.core.keyword.builtin.CallTestCaseKeyword$_callTestCase_closure1.doCall(CallTestCaseKeyword.groovy:63)
	at com.kms.katalon.core.keyword.builtin.CallTestCaseKeyword$_callTestCase_closure1.call(CallTestCaseKeyword.groovy)
	at com.kms.katalon.core.keyword.internal.KeywordMain.runKeyword(KeywordMain.groovy:68)
	at com.kms.katalon.core.keyword.builtin.CallTestCaseKeyword.callTestCase(CallTestCaseKeyword.groovy:81)
	at com.kms.katalon.core.keyword.builtin.CallTestCaseKeyword.execute(CallTestCaseKeyword.groovy:44)
	at com.kms.katalon.core.keyword.internal.KeywordExecutor.executeKeywordForPlatform(KeywordExecutor.groovy:72)
	at com.kms.katalon.core.keyword.BuiltinKeywords.callTestCase(BuiltinKeywords.groovy:334)
	at PFI.D2FormsLHS.run(PFI.D2FormsLHS:114)
	at com.kms.katalon.core.main.ScriptEngine.run(ScriptEngine.java:194)
	at com.kms.katalon.core.main.ScriptEngine.runScriptAsRawText(ScriptEngine.java:119)
	at com.kms.katalon.core.main.TestCaseExecutor.runScript(TestCaseExecutor.java:337)
	at com.kms.katalon.core.main.TestCaseExecutor.doExecute(TestCaseExecutor.java:328)
	at com.kms.katalon.core.main.TestCaseExecutor.processExecutionPhase(TestCaseExecutor.java:307)
	at com.kms.katalon.core.main.TestCaseExecutor.accessMainPhase(TestCaseExecutor.java:299)
	at com.kms.katalon.core.main.TestCaseExecutor.execute(TestCaseExecutor.java:233)
	at com.kms.katalon.core.main.TestSuiteExecutor.accessTestCaseMainPhase(TestSuiteExecutor.java:169)
	at com.kms.katalon.core.main.TestSuiteExecutor.accessTestSuiteMainPhase(TestSuiteExecutor.java:142)
	at com.kms.katalon.core.main.TestSuiteExecutor.execute(TestSuiteExecutor.java:91)
	at com.kms.katalon.core.main.TestCaseMain.startTestSuite(TestCaseMain.java:157)
	at com.kms.katalon.core.main.TestCaseMain$startTestSuite$0.call(Unknown Source)
	at TempTestSuite1590579296714.run(TempTestSuite1590579296714.groovy:36)
Caused by: com.kms.katalon.core.exception.StepFailedException: Actual text 'This field is required' and expected text ' is not a valid date - it must be in the format d/m/Y' are not matched using regular expression
	at com.kms.katalon.core.keyword.builtin.VerifyMatchKeyword$_verifyMatch_closure1.doCall(VerifyMatchKeyword.groovy:57)
	at com.kms.katalon.core.keyword.builtin.VerifyMatchKeyword$_verifyMatch_closure1.call(VerifyMatchKeyword.groovy)
	at com.kms.katalon.core.keyword.internal.KeywordMain.runKeyword(KeywordMain.groovy:68)
	at com.kms.katalon.core.keyword.builtin.VerifyMatchKeyword.verifyMatch(VerifyMatchKeyword.groovy:60)
	at com.kms.katalon.core.keyword.builtin.VerifyMatchKeyword.execute(VerifyMatchKeyword.groovy:45)
	at com.kms.katalon.core.keyword.internal.KeywordExecutor.executeKeywordForPlatform(KeywordExecutor.groovy:72)
	at com.kms.katalon.core.keyword.BuiltinKeywords.verifyMatch(BuiltinKeywords.groovy:73)
	at InvalidDateErrorValidation.run(InvalidDateErrorValidation:57)
	at com.kms.katalon.core.main.ScriptEngine.run(ScriptEngine.java:194)
	at com.kms.katalon.core.main.ScriptEngine.runScriptAsRawText(ScriptEngine.java:119)
	at com.kms.katalon.core.main.TestCaseExecutor.runScript(TestCaseExecutor.java:337)
	at com.kms.katalon.core.main.TestCaseExecutor.doExecute(TestCaseExecutor.java:328)
	at com.kms.katalon.core.main.TestCaseExecutor.processExecutionPhase(TestCaseExecutor.java:307)
	at com.kms.katalon.core.main.TestCaseExecutor.accessMainPhase(TestCaseExecutor.java:299)
	at com.kms.katalon.core.main.TestCaseExecutor.execute(TestCaseExecutor.java:233)
	at com.kms.katalon.core.main.TestCaseMain.runTestCase(TestCaseMain.java:114)
	at com.kms.katalon.core.keyword.builtin.CallTestCaseKeyword$_callTestCase_closure1.doCall(CallTestCaseKeyword.groovy:59)
	... 20 more


2020-05-27 19:43:39 - [TEST_STEP][NOT_RUN] - callTestCase(findTestCase("Components/LoginV2.0"), ["LinkToBeUsed":findTestData("Datatable").getValue("URL", 16), "LoginPageTextToBeVerified":findTestData("Datatable").getValue("HomeBanner", 2), ... ], STOP_ON_FAILURE): NOT_RUN: callTestCase(findTestCase("Components/LoginV2.0"), ["LinkToBeUsed":findTestData("Datatable").getValue("URL", 16), "LoginPageTextToBeVerified":findTestData("Datatable").getValue("HomeBanner", 2), ... ], STOP_ON_FAILURE)

2020-05-27 19:43:39 - [MESSAGE][NOT_RUN] - NOT_RUN: callTestCase(findTestCase("Components/LoginV2.0"), ["LinkToBeUsed":findTestData("Datatable").getValue("URL", 16), "LoginPageTextToBeVerified":findTestData("Datatable").getValue("HomeBanner", 2), ... ], STOP_ON_FAILURE)

2020-05-27 19:43:39 - [TEST_STEP][NOT_RUN] - callTestCase(findTestCase("Components/Filter"), ["taskDescription":"Process Case (SM)"], STOP_ON_FAILURE): NOT_RUN: callTestCase(findTestCase("Components/Filter"), ["taskDescription":"Process Case (SM)"], STOP_ON_FAILURE)

2020-05-27 19:43:39 - [MESSAGE][NOT_RUN] - NOT_RUN: callTestCase(findTestCase("Components/Filter"), ["taskDescription":"Process Case (SM)"], STOP_ON_FAILURE)

2020-05-27 19:43:39 - [TEST_STEP][NOT_RUN] - callTestCase(findTestCase("Components/ClickLinkDependingOnTextAndIndex"), ["linkName":"Process Case (SM)", "index":"2"], STOP_ON_FAILURE): NOT_RUN: callTestCase(findTestCase("Components/ClickLinkDependingOnTextAndIndex"), ["linkName":"Process Case (SM)", "index":"2"], STOP_ON_FAILURE)

2020-05-27 19:43:39 - [MESSAGE][NOT_RUN] - NOT_RUN: callTestCase(findTestCase("Components/ClickLinkDependingOnTextAndIndex"), ["linkName":"Process Case (SM)", "index":"2"], STOP_ON_FAILURE)

2020-05-27 19:43:39 - [TEST_STEP][PASSED] - callTestCase(findTestCase("Components/NavigateToAnyLHS"), ["LHS":"D2 Forms (Second Stage)"], STOP_ON_FAILURE): Call Test Case 'Test Cases/Components/NavigateToAnyLHS' successfully

2020-05-27 19:43:39 - [TEST_CASE][PASSED] - Test Cases/Components/NavigateToAnyLHS: Test Cases/Components/NavigateToAnyLHS

2020-05-27 19:43:39 - [TEST_STEP][PASSED] - Thread.sleep(1000): null

2020-05-27 19:43:40 - [TEST_STEP][PASSED] - modifiedLHS = modifyObjectProperty(findTestObject("Objects.NavigateToAnyLHS/Page_ISPS2/LHSToModify"), "text", "equals", LHS, true): Modify property of object successfully

2020-05-27 19:43:40 - [MESSAGE][PASSED] - Modify property of object successfully

2020-05-27 19:43:40 - [TEST_STEP][PASSED] - click(modifiedLHS): Object: 'Object Repository/Objects.NavigateToAnyLHS/Page_ISPS2/LHSToModify' is clicked on

2020-05-27 19:43:41 - [MESSAGE][PASSED] - Object: 'Object Repository/Objects.NavigateToAnyLHS/Page_ISPS2/LHSToModify' is clicked on

2020-05-27 19:43:41 - [TEST_STEP][PASSED] - currentLHS = getText(modifiedLHS): Text of object 'Object Repository/Objects.NavigateToAnyLHS/Page_ISPS2/LHSToModify' is: 'D2 Forms (Second Stage)'

2020-05-27 19:43:42 - [MESSAGE][PASSED] - Text of object 'Object Repository/Objects.NavigateToAnyLHS/Page_ISPS2/LHSToModify' is: 'D2 Forms (Second Stage)'

2020-05-27 19:43:42 - [TEST_STEP][PASSED] - Thread.sleep(5000): null

2020-05-27 19:43:47 - [MESSAGE][PASSED] - Call Test Case 'Test Cases/Components/NavigateToAnyLHS' successfully

2020-05-27 19:43:47 - [TEST_STEP][PASSED] - callTestCase(findTestCase("Components/VerifyPageSuccessfullyLoadedII"), ["PageNm":"D Forms (Second Stage)"], STOP_ON_FAILURE): Call Test Case 'Test Cases/Components/VerifyPageSuccessfullyLoadedII' successfully

2020-05-27 19:43:48 - [TEST_CASE][PASSED] - Test Cases/Components/VerifyPageSuccessfullyLoadedII: Test Cases/Components/VerifyPageSuccessfullyLoadedII

2020-05-27 19:43:48 - [TEST_STEP][PASSED] - Thread.sleep(1000): null

2020-05-27 19:43:49 - [TEST_STEP][PASSED] - modifiedInputFld = modifyObjectProperty(findTestObject("Object Repository/Objects.VerifyPageSuccessfullyLoaded/PageHeaderIndex"), "xpath", "equals", "//*[contains(@class,'isps-page-title') and (text()='" + PageNm + "')]", true): Modify property of object successfully

2020-05-27 19:43:49 - [MESSAGE][PASSED] - Modify property of object successfully

2020-05-27 19:43:49 - [TEST_STEP][PASSED] - com.reusableComponents.HighlightElement.run(modifiedInputFld): com.reusableComponents.HighlightElement.run is PASSED

2020-05-27 19:43:49 - [MESSAGE][PASSED] - com.reusableComponents.HighlightElement.run is PASSED

2020-05-27 19:43:49 - [MESSAGE][PASSED] - Call Test Case 'Test Cases/Components/VerifyPageSuccessfullyLoadedII' successfully

2020-05-27 19:43:49 - [TEST_STEP][PASSED] - callTestCase(findTestCase("Components/ClickSubmitButton"), [:], STOP_ON_FAILURE): Call Test Case 'Test Cases/Components/ClickSubmitButton' successfully

2020-05-27 19:43:49 - [TEST_CASE][PASSED] - Test Cases/Components/ClickSubmitButton: Test Cases/Components/ClickSubmitButton

2020-05-27 19:43:49 - [TEST_STEP][PASSED] - Thread.sleep(1000): null

2020-05-27 19:43:50 - [TEST_STEP][PASSED] - com.reusableComponents.HighlightElement.run(findTestObject("Objects.ClickSubmitButton/XP_SubmitButton")): com.reusableComponents.HighlightElement.run is PASSED

2020-05-27 19:43:51 - [MESSAGE][PASSED] - com.reusableComponents.HighlightElement.run is PASSED

2020-05-27 19:43:51 - [TEST_STEP][PASSED] - click(findTestObject("Objects.ClickSubmitButton/XP_SubmitButton")): Object: 'Object Repository/Objects.ClickSubmitButton/XP_SubmitButton' is clicked on

2020-05-27 19:43:51 - [MESSAGE][PASSED] - Object: 'Object Repository/Objects.ClickSubmitButton/XP_SubmitButton' is clicked on

2020-05-27 19:43:51 - [MESSAGE][PASSED] - Call Test Case 'Test Cases/Components/ClickSubmitButton' successfully

2020-05-27 19:43:51 - [TEST_STEP][PASSED] - callTestCase(findTestCase("PFI Precision and Scale/PFI Components/RequiredFieldValidation"), ["nameToBeUsed":"d2RecvDt"], STOP_ON_FAILURE): Call Test Case 'Test Cases/PFI Precision and Scale/PFI Components/RequiredFieldValidation' successfully

2020-05-27 19:43:51 - [TEST_CASE][PASSED] - Test Cases/PFI Precision and Scale/PFI Components/RequiredFieldValidation: Test Cases/PFI Precision and Scale/PFI Components/RequiredFieldValidation

2020-05-27 19:43:51 - [TEST_STEP][PASSED] - enableSmartWait(): null

2020-05-27 19:43:51 - [TEST_STEP][PASSED] - NewInputNmField = modifyObjectProperty(findTestObject("Objects.HighlightElements/input_field"), "name", "equals", nameToBeUsed, true): Modify property of object successfully

2020-05-27 19:43:51 - [MESSAGE][PASSED] - Modify property of object successfully

2020-05-27 19:43:51 - [TEST_STEP][PASSED] - mouseOver(NewInputNmField): Object: 'Object Repository/Objects.HighlightElements/input_field' is hovered

2020-05-27 19:43:52 - [MESSAGE][PASSED] - Object: 'Object Repository/Objects.HighlightElements/input_field' is hovered

2020-05-27 19:43:52 - [TEST_STEP][PASSED] - getRqErrMsg = getAttribute(NewInputNmField, "data-errorqtip"): Attribute 'data-errorqtip' of object 'Object Repository/Objects.HighlightElements/input_field' is: '<ul class="x-list-plain"><li>This field is required</li></ul>'

2020-05-27 19:43:52 - [MESSAGE][PASSED] - Attribute 'data-errorqtip' of object 'Object Repository/Objects.HighlightElements/input_field' is: '<ul class="x-list-plain"><li>This field is required</li></ul>'

2020-05-27 19:43:52 - [TEST_STEP][PASSED] - strToolTip = getRqErrMsg.substring(29, 61): null

2020-05-27 19:43:52 - [TEST_STEP][PASSED] - toolTipReqErrMsg = strToolTip.substring(0, 22): null

2020-05-27 19:43:52 - [TEST_STEP][PASSED] - verifyMatch(toolTipReqErrMsg, RqField, true): Actual text 'This field is required' and expected text 'This field is required' are matched  using regular expression

2020-05-27 19:43:52 - [MESSAGE][PASSED] - Actual text 'This field is required' and expected text 'This field is required' are matched  using regular expression

2020-05-27 19:43:52 - [MESSAGE][PASSED] - Call Test Case 'Test Cases/PFI Precision and Scale/PFI Components/RequiredFieldValidation' successfully

2020-05-27 19:43:52 - [TEST_STEP][PASSED] - callTestCase(findTestCase("PFI Precision and Scale/PFI Components/RequiredFieldValidation"), ["nameToBeUsed":"d2ComplDt"], STOP_ON_FAILURE): Call Test Case 'Test Cases/PFI Precision and Scale/PFI Components/RequiredFieldValidation' successfully

2020-05-27 19:43:52 - [TEST_CASE][PASSED] - Test Cases/PFI Precision and Scale/PFI Components/RequiredFieldValidation: Test Cases/PFI Precision and Scale/PFI Components/RequiredFieldValidation

2020-05-27 19:43:52 - [TEST_STEP][PASSED] - enableSmartWait(): null

2020-05-27 19:43:52 - [TEST_STEP][PASSED] - NewInputNmField = modifyObjectProperty(findTestObject("Objects.HighlightElements/input_field"), "name", "equals", nameToBeUsed, true): Modify property of object successfully

2020-05-27 19:43:52 - [MESSAGE][PASSED] - Modify property of object successfully

2020-05-27 19:43:52 - [TEST_STEP][PASSED] - mouseOver(NewInputNmField): Object: 'Object Repository/Objects.HighlightElements/input_field' is hovered

2020-05-27 19:43:53 - [MESSAGE][PASSED] - Object: 'Object Repository/Objects.HighlightElements/input_field' is hovered

2020-05-27 19:43:53 - [TEST_STEP][PASSED] - getRqErrMsg = getAttribute(NewInputNmField, "data-errorqtip"): Attribute 'data-errorqtip' of object 'Object Repository/Objects.HighlightElements/input_field' is: '<ul class="x-list-plain"><li>This field is required</li></ul>'

2020-05-27 19:43:53 - [MESSAGE][PASSED] - Attribute 'data-errorqtip' of object 'Object Repository/Objects.HighlightElements/input_field' is: '<ul class="x-list-plain"><li>This field is required</li></ul>'

2020-05-27 19:43:53 - [TEST_STEP][PASSED] - strToolTip = getRqErrMsg.substring(29, 61): null

2020-05-27 19:43:53 - [TEST_STEP][PASSED] - toolTipReqErrMsg = strToolTip.substring(0, 22): null

2020-05-27 19:43:53 - [TEST_STEP][PASSED] - verifyMatch(toolTipReqErrMsg, RqField, true): Actual text 'This field is required' and expected text 'This field is required' are matched  using regular expression

2020-05-27 19:43:53 - [MESSAGE][PASSED] - Actual text 'This field is required' and expected text 'This field is required' are matched  using regular expression

2020-05-27 19:43:53 - [MESSAGE][PASSED] - Call Test Case 'Test Cases/PFI Precision and Scale/PFI Components/RequiredFieldValidation' successfully

2020-05-27 19:43:53 - [TEST_STEP][PASSED] - callTestCase(findTestCase("PFI Precision and Scale/PFI Components/RequiredFieldValidation"), ["nameToBeUsed":"d2aRecvDt"], STOP_ON_FAILURE): Call Test Case 'Test Cases/PFI Precision and Scale/PFI Components/RequiredFieldValidation' successfully

2020-05-27 19:43:53 - [TEST_CASE][PASSED] - Test Cases/PFI Precision and Scale/PFI Components/RequiredFieldValidation: Test Cases/PFI Precision and Scale/PFI Components/RequiredFieldValidation

2020-05-27 19:43:53 - [TEST_STEP][PASSED] - enableSmartWait(): null

2020-05-27 19:43:53 - [TEST_STEP][PASSED] - NewInputNmField = modifyObjectProperty(findTestObject("Objects.HighlightElements/input_field"), "name", "equals", nameToBeUsed, true): Modify property of object successfully

2020-05-27 19:43:53 - [MESSAGE][PASSED] - Modify property of object successfully

2020-05-27 19:43:53 - [TEST_STEP][PASSED] - mouseOver(NewInputNmField): Object: 'Object Repository/Objects.HighlightElements/input_field' is hovered

2020-05-27 19:43:54 - [MESSAGE][PASSED] - Object: 'Object Repository/Objects.HighlightElements/input_field' is hovered

2020-05-27 19:43:54 - [TEST_STEP][PASSED] - getRqErrMsg = getAttribute(NewInputNmField, "data-errorqtip"): Attribute 'data-errorqtip' of object 'Object Repository/Objects.HighlightElements/input_field' is: '<ul class="x-list-plain"><li>This field is required</li></ul>'

2020-05-27 19:43:54 - [MESSAGE][PASSED] - Attribute 'data-errorqtip' of object 'Object Repository/Objects.HighlightElements/input_field' is: '<ul class="x-list-plain"><li>This field is required</li></ul>'

2020-05-27 19:43:54 - [TEST_STEP][PASSED] - strToolTip = getRqErrMsg.substring(29, 61): null

2020-05-27 19:43:54 - [TEST_STEP][PASSED] - toolTipReqErrMsg = strToolTip.substring(0, 22): null

2020-05-27 19:43:54 - [TEST_STEP][PASSED] - verifyMatch(toolTipReqErrMsg, RqField, true): Actual text 'This field is required' and expected text 'This field is required' are matched  using regular expression

2020-05-27 19:43:54 - [MESSAGE][PASSED] - Actual text 'This field is required' and expected text 'This field is required' are matched  using regular expression

2020-05-27 19:43:54 - [MESSAGE][PASSED] - Call Test Case 'Test Cases/PFI Precision and Scale/PFI Components/RequiredFieldValidation' successfully

2020-05-27 19:43:54 - [TEST_STEP][PASSED] - callTestCase(findTestCase("PFI Precision and Scale/PFI Components/RequiredFieldValidation"), ["nameToBeUsed":"d2aRecvDt"], STOP_ON_FAILURE): Call Test Case 'Test Cases/PFI Precision and Scale/PFI Components/RequiredFieldValidation' successfully

2020-05-27 19:43:54 - [TEST_CASE][PASSED] - Test Cases/PFI Precision and Scale/PFI Components/RequiredFieldValidation: Test Cases/PFI Precision and Scale/PFI Components/RequiredFieldValidation

2020-05-27 19:43:54 - [TEST_STEP][PASSED] - enableSmartWait(): null

2020-05-27 19:43:54 - [TEST_STEP][PASSED] - NewInputNmField = modifyObjectProperty(findTestObject("Objects.HighlightElements/input_field"), "name", "equals", nameToBeUsed, true): Modify property of object successfully

2020-05-27 19:43:54 - [MESSAGE][PASSED] - Modify property of object successfully

2020-05-27 19:43:54 - [TEST_STEP][PASSED] - mouseOver(NewInputNmField): Object: 'Object Repository/Objects.HighlightElements/input_field' is hovered

2020-05-27 19:43:55 - [MESSAGE][PASSED] - Object: 'Object Repository/Objects.HighlightElements/input_field' is hovered

2020-05-27 19:43:55 - [TEST_STEP][PASSED] - getRqErrMsg = getAttribute(NewInputNmField, "data-errorqtip"): Attribute 'data-errorqtip' of object 'Object Repository/Objects.HighlightElements/input_field' is: '<ul class="x-list-plain"><li>This field is required</li></ul>'

2020-05-27 19:43:55 - [MESSAGE][PASSED] - Attribute 'data-errorqtip' of object 'Object Repository/Objects.HighlightElements/input_field' is: '<ul class="x-list-plain"><li>This field is required</li></ul>'

2020-05-27 19:43:55 - [TEST_STEP][PASSED] - strToolTip = getRqErrMsg.substring(29, 61): null

2020-05-27 19:43:55 - [TEST_STEP][PASSED] - toolTipReqErrMsg = strToolTip.substring(0, 22): null

2020-05-27 19:43:55 - [TEST_STEP][PASSED] - verifyMatch(toolTipReqErrMsg, RqField, true): Actual text 'This field is required' and expected text 'This field is required' are matched  using regular expression

2020-05-27 19:43:55 - [MESSAGE][PASSED] - Actual text 'This field is required' and expected text 'This field is required' are matched  using regular expression

2020-05-27 19:43:55 - [MESSAGE][PASSED] - Call Test Case 'Test Cases/PFI Precision and Scale/PFI Components/RequiredFieldValidation' successfully

2020-05-27 19:43:55 - [TEST_STEP][PASSED] - callTestCase(findTestCase("PFI Precision and Scale/PFI Components/RequiredFieldValidation"), ["nameToBeUsed":"peRegNbr"], STOP_ON_FAILURE): Call Test Case 'Test Cases/PFI Precision and Scale/PFI Components/RequiredFieldValidation' successfully

2020-05-27 19:43:55 - [TEST_CASE][PASSED] - Test Cases/PFI Precision and Scale/PFI Components/RequiredFieldValidation: Test Cases/PFI Precision and Scale/PFI Components/RequiredFieldValidation

2020-05-27 19:43:55 - [TEST_STEP][PASSED] - enableSmartWait(): null

2020-05-27 19:43:55 - [TEST_STEP][PASSED] - NewInputNmField = modifyObjectProperty(findTestObject("Objects.HighlightElements/input_field"), "name", "equals", nameToBeUsed, true): Modify property of object successfully

2020-05-27 19:43:55 - [MESSAGE][PASSED] - Modify property of object successfully

2020-05-27 19:43:55 - [TEST_STEP][PASSED] - mouseOver(NewInputNmField): Object: 'Object Repository/Objects.HighlightElements/input_field' is hovered

2020-05-27 19:43:55 - [MESSAGE][PASSED] - Object: 'Object Repository/Objects.HighlightElements/input_field' is hovered

2020-05-27 19:43:55 - [TEST_STEP][PASSED] - getRqErrMsg = getAttribute(NewInputNmField, "data-errorqtip"): Attribute 'data-errorqtip' of object 'Object Repository/Objects.HighlightElements/input_field' is: '<ul class="x-list-plain"><li>This field is required</li></ul>'

2020-05-27 19:43:56 - [MESSAGE][PASSED] - Attribute 'data-errorqtip' of object 'Object Repository/Objects.HighlightElements/input_field' is: '<ul class="x-list-plain"><li>This field is required</li></ul>'

2020-05-27 19:43:56 - [TEST_STEP][PASSED] - strToolTip = getRqErrMsg.substring(29, 61): null

2020-05-27 19:43:56 - [TEST_STEP][PASSED] - toolTipReqErrMsg = strToolTip.substring(0, 22): null

2020-05-27 19:43:56 - [TEST_STEP][PASSED] - verifyMatch(toolTipReqErrMsg, RqField, true): Actual text 'This field is required' and expected text 'This field is required' are matched  using regular expression

2020-05-27 19:43:56 - [MESSAGE][PASSED] - Actual text 'This field is required' and expected text 'This field is required' are matched  using regular expression

2020-05-27 19:43:56 - [MESSAGE][PASSED] - Call Test Case 'Test Cases/PFI Precision and Scale/PFI Components/RequiredFieldValidation' successfully

2020-05-27 19:43:56 - [TEST_STEP][PASSED] - callTestCase(findTestCase("Components/HighlightLabelField"), ["LblName":"Inspection D2 Receive Date *:"], STOP_ON_FAILURE): Call Test Case 'Test Cases/Components/HighlightLabelField' successfully

2020-05-27 19:43:56 - [TEST_CASE][PASSED] - Test Cases/Components/HighlightLabelField: Test Cases/Components/HighlightLabelField

2020-05-27 19:43:56 - [TEST_STEP][PASSED] - Thread.sleep(1000): null

2020-05-27 19:43:57 - [TEST_STEP][PASSED] - modifiedLblNm = modifyObjectProperty(findTestObject("Objects.HighlightElements/lblField"), "text", "equals", LblName, true): Modify property of object successfully

2020-05-27 19:43:57 - [MESSAGE][PASSED] - Modify property of object successfully

2020-05-27 19:43:57 - [TEST_STEP][PASSED] - com.reusableComponents.HighlightElement.run(modifiedLblNm): com.reusableComponents.HighlightElement.run is PASSED

2020-05-27 19:43:57 - [MESSAGE][PASSED] - com.reusableComponents.HighlightElement.run is PASSED

2020-05-27 19:43:57 - [MESSAGE][PASSED] - Call Test Case 'Test Cases/Components/HighlightLabelField' successfully

2020-05-27 19:43:57 - [TEST_STEP][PASSED] - callTestCase(findTestCase("Components/HighlightInputField"), ["InputFldName":"d2RecvDt"], STOP_ON_FAILURE): Call Test Case 'Test Cases/Components/HighlightInputField' successfully

2020-05-27 19:43:58 - [TEST_CASE][PASSED] - Test Cases/Components/HighlightInputField: Test Cases/Components/HighlightInputField

2020-05-27 19:43:58 - [TEST_STEP][PASSED] - Thread.sleep(1000): null

2020-05-27 19:43:59 - [TEST_STEP][PASSED] - modifiedLblNm = modifyObjectProperty(findTestObject("Objects.HighlightElements/input_field"), "name", "equals", InputFldName, true): Modify property of object successfully

2020-05-27 19:43:59 - [MESSAGE][PASSED] - Modify property of object successfully

2020-05-27 19:43:59 - [TEST_STEP][PASSED] - com.reusableComponents.HighlightElement.run(modifiedLblNm): com.reusableComponents.HighlightElement.run is PASSED

2020-05-27 19:43:59 - [MESSAGE][PASSED] - com.reusableComponents.HighlightElement.run is PASSED

2020-05-27 19:43:59 - [MESSAGE][PASSED] - Call Test Case 'Test Cases/Components/HighlightInputField' successfully

2020-05-27 19:43:59 - [TEST_STEP][PASSED] - callTestCase(findTestCase("PFI Precision and Scale/PFI Components/NumericTextboxValidationII"), ["nameToBeUsed":"d2RecvDt", "minLen":5], STOP_ON_FAILURE): Call Test Case 'Test Cases/PFI Precision and Scale/PFI Components/NumericTextboxValidationII' successfully

2020-05-27 19:43:59 - [TEST_CASE][PASSED] - Test Cases/PFI Precision and Scale/PFI Components/NumericTextboxValidationII: Test Cases/PFI Precision and Scale/PFI Components/NumericTextboxValidationII

2020-05-27 19:43:59 - [TEST_STEP][PASSED] - Thread.sleep(1000): null

2020-05-27 19:44:00 - [TEST_STEP][PASSED] - Numeric = "0123456789": null

2020-05-27 19:44:00 - [TEST_STEP][PASSED] - AlphaSpecialChar = z) + "`~!@#$%^&*()=_{}|\][;'":,?><"".join(): null

2020-05-27 19:44:00 - [TEST_STEP][PASSED] - RandomNumeric = RandomStringUtils.random(minLen, Numeric.toCharArray()): null

2020-05-27 19:44:00 - [TEST_STEP][PASSED] - RandomString = RandomStringUtils.random(minLen, AlphaSpecialChar): null

2020-05-27 19:44:00 - [TEST_STEP][PASSED] - regexPat = Pattern.compile("^[0-9]+$"): null

2020-05-27 19:44:00 - [TEST_STEP][PASSED] - NewInputNmField = modifyObjectProperty(findTestObject("Objects.RemarksValidation/input_Remarks"), "name", "equals", nameToBeUsed, true): Modify property of object successfully

2020-05-27 19:44:00 - [MESSAGE][PASSED] - Modify property of object successfully

2020-05-27 19:44:00 - [TEST_STEP][PASSED] - focus(NewInputNmField): Object: 'Object Repository/Objects.RemarksValidation/input_Remarks' is focused

2020-05-27 19:44:01 - [MESSAGE][PASSED] - Object: 'Object Repository/Objects.RemarksValidation/input_Remarks' is focused

2020-05-27 19:44:01 - [TEST_STEP][PASSED] - setText(NewInputNmField, RandomString): Text 'V"uet' is set on object 'Object Repository/Objects.RemarksValidation/input_Remarks'

2020-05-27 19:44:01 - [MESSAGE][PASSED] - Text 'V"uet' is set on object 'Object Repository/Objects.RemarksValidation/input_Remarks'

2020-05-27 19:44:01 - [TEST_STEP][PASSED] - GetInputVal = getAttribute(NewInputNmField, "value"): Attribute 'value' of object 'Object Repository/Objects.RemarksValidation/input_Remarks' is: ''

2020-05-27 19:44:01 - [MESSAGE][PASSED] - Attribute 'value' of object 'Object Repository/Objects.RemarksValidation/input_Remarks' is: ''

2020-05-27 19:44:01 - [TEST_STEP][PASSED] - if (GetInputVal.contains("e")): null

2020-05-27 19:44:01 - [TEST_STEP][PASSED] - else: Actual text '' and expected text '' are matched  using regular expression

2020-05-27 19:44:01 - [TEST_STEP][PASSED] - verifyMatch(GetInputVal, "", true): Actual text '' and expected text '' are matched  using regular expression

2020-05-27 19:44:01 - [MESSAGE][PASSED] - Actual text '' and expected text '' are matched  using regular expression

2020-05-27 19:44:01 - [TEST_STEP][PASSED] - setText(NewInputNmField, RandomNumeric): Text '06520' is set on object 'Object Repository/Objects.RemarksValidation/input_Remarks'

2020-05-27 19:44:01 - [MESSAGE][PASSED] - Text '06520' is set on object 'Object Repository/Objects.RemarksValidation/input_Remarks'

2020-05-27 19:44:01 - [TEST_STEP][PASSED] - GetEnteredIntegers = getAttribute(NewInputNmField, "value"): Attribute 'value' of object 'Object Repository/Objects.RemarksValidation/input_Remarks' is: '06520'

2020-05-27 19:44:02 - [MESSAGE][PASSED] - Attribute 'value' of object 'Object Repository/Objects.RemarksValidation/input_Remarks' is: '06520'

2020-05-27 19:44:02 - [TEST_STEP][PASSED] - matchStr = regexPat.matcher(GetEnteredIntegers): null

2020-05-27 19:44:02 - [TEST_STEP][PASSED] - if (matchStr.matches() == true): Accepting Numeric

2020-05-27 19:44:02 - [TEST_STEP][PASSED] - comment("Accepting Numeric"): Accepting Numeric

2020-05-27 19:44:02 - [MESSAGE][INFO] - Accepting Numeric

2020-05-27 19:44:02 - [MESSAGE][PASSED] - Call Test Case 'Test Cases/PFI Precision and Scale/PFI Components/NumericTextboxValidationII' successfully

2020-05-27 19:44:02 - [TEST_STEP][PASSED] - callTestCase(findTestCase("PFI Precision and Scale/PFI Components/InvalidDateErrorValidation"), ["FldNm":"d2RecvDt"], STOP_ON_FAILURE): Call Test Case 'Test Cases/PFI Precision and Scale/PFI Components/InvalidDateErrorValidation' successfully

2020-05-27 19:44:02 - [TEST_CASE][PASSED] - Test Cases/PFI Precision and Scale/PFI Components/InvalidDateErrorValidation: Test Cases/PFI Precision and Scale/PFI Components/InvalidDateErrorValidation

2020-05-27 19:44:02 - [TEST_STEP][PASSED] - Thread.sleep(1000): null

2020-05-27 19:44:03 - [TEST_STEP][PASSED] - DateFieldNm = modifyObjectProperty(findTestObject("Object Repository/Objects.DateValidation/Page_ISPS2/input__orderDt"), "name", "equals", FldNm, true): Modify property of object successfully

2020-05-27 19:44:03 - [MESSAGE][PASSED] - Modify property of object successfully

2020-05-27 19:44:03 - [TEST_STEP][PASSED] - focus(DateFieldNm): Object: 'Object Repository/Objects.DateValidation/Page_ISPS2/input__orderDt' is focused

2020-05-27 19:44:04 - [MESSAGE][PASSED] - Object: 'Object Repository/Objects.DateValidation/Page_ISPS2/input__orderDt' is focused

2020-05-27 19:44:04 - [TEST_STEP][PASSED] - getInputInvalidDate = getAttribute(DateFieldNm, "value"): Attribute 'value' of object 'Object Repository/Objects.DateValidation/Page_ISPS2/input__orderDt' is: '06520'

2020-05-27 19:44:04 - [MESSAGE][PASSED] - Attribute 'value' of object 'Object Repository/Objects.DateValidation/Page_ISPS2/input__orderDt' is: '06520'

2020-05-27 19:44:04 - [TEST_STEP][PASSED] - mouseOver(DateFieldNm): Object: 'Object Repository/Objects.DateValidation/Page_ISPS2/input__orderDt' is hovered

2020-05-27 19:44:04 - [MESSAGE][PASSED] - Object: 'Object Repository/Objects.DateValidation/Page_ISPS2/input__orderDt' is hovered

2020-05-27 19:44:04 - [TEST_STEP][PASSED] - getErrMsg = getAttribute(DateFieldNm, "data-errorqtip"): Attribute 'data-errorqtip' of object 'Object Repository/Objects.DateValidation/Page_ISPS2/input__orderDt' is: '<ul class="x-list-plain"><li>06520 is not a valid date - it must be in the format d/m/Y</li></ul>'

2020-05-27 19:44:05 - [MESSAGE][PASSED] - Attribute 'data-errorqtip' of object 'Object Repository/Objects.DateValidation/Page_ISPS2/input__orderDt' is: '<ul class="x-list-plain"><li>06520 is not a valid date - it must be in the format d/m/Y</li></ul>'

2020-05-27 19:44:05 - [TEST_STEP][PASSED] - getTotalLength = getErrMsg.length(): null

2020-05-27 19:44:05 - [TEST_STEP][PASSED] - RemoveULClass = getErrMsg.substring(29, getTotalLength): null

2020-05-27 19:44:05 - [TEST_STEP][PASSED] - LengthNoUlClass = RemoveULClass.length() - 10: null

2020-05-27 19:44:05 - [TEST_STEP][PASSED] - ToolTipInvErrMsg = RemoveULClass.substring(0, LengthNoUlClass): null

2020-05-27 19:44:05 - [TEST_STEP][PASSED] - ExpectedInvalidErrMsg = concatenate(getInputInvalidDate, " ", NotValidDt): Concatenated string array: '['06520',' ','is not a valid date - it must be in the format d/m/Y']' into '06520 is not a valid date - it must be in the format d/m/Y'

2020-05-27 19:44:05 - [MESSAGE][PASSED] - Concatenated string array: '['06520',' ','is not a valid date - it must be in the format d/m/Y']' into '06520 is not a valid date - it must be in the format d/m/Y'

2020-05-27 19:44:05 - [TEST_STEP][PASSED] - verifyMatch(ToolTipInvErrMsg, ExpectedInvalidErrMsg, true): Actual text '06520 is not a valid date - it must be in the format d/m/Y' and expected text '06520 is not a valid date - it must be in the format d/m/Y' are matched  using regular expression

2020-05-27 19:44:05 - [MESSAGE][PASSED] - Actual text '06520 is not a valid date - it must be in the format d/m/Y' and expected text '06520 is not a valid date - it must be in the format d/m/Y' are matched  using regular expression

2020-05-27 19:44:05 - [MESSAGE][PASSED] - Call Test Case 'Test Cases/PFI Precision and Scale/PFI Components/InvalidDateErrorValidation' successfully

2020-05-27 19:44:05 - [TEST_STEP][PASSED] - callTestCase(findTestCase("PFI Precision and Scale/PFI Components with Indexing/SelectDayInDatePickerWithIndex"), ["FldNm":"d2RecvDt", "SelectCurrentDay":"11", "index":1], STOP_ON_FAILURE): Call Test Case 'Test Cases/PFI Precision and Scale/PFI Components with Indexing/SelectDayInDatePickerWithIndex' successfully

2020-05-27 19:44:05 - [TEST_CASE][PASSED] - Test Cases/PFI Precision and Scale/PFI Components with Indexing/SelectDayInDatePickerWithIndex: Test Cases/PFI Precision and Scale/PFI Components with Indexing/SelectDayInDatePickerWithIndex

2020-05-27 19:44:05 - [TEST_STEP][PASSED] - Thread.sleep(1000): null

2020-05-27 19:44:06 - [TEST_STEP][PASSED] - DateFieldNm = modifyObjectProperty(findTestObject("Objects.HighlightElements/input_field"), "name", "equals", FldNm, true): Modify property of object successfully

2020-05-27 19:44:06 - [MESSAGE][PASSED] - Modify property of object successfully

2020-05-27 19:44:06 - [TEST_STEP][PASSED] - ModifyDay = modifyObjectProperty(findTestObject("Objects.DateValidation/Page_ISPS2/Select_Day_Index"), "xpath", "equals", "(//*[contains(@class, 'x-datepicker-date') and (text() = '" + SelectCurrentDay + "')])[" + index + "]", true): Modify property of object successfully

2020-05-27 19:44:06 - [MESSAGE][PASSED] - Modify property of object successfully

2020-05-27 19:44:06 - [TEST_STEP][PASSED] - sendKeys(DateFieldNm, Keys.chord(ARROW_DOWN)): Keys 'DOWN + ' sent to object: 'Object Repository/Objects.HighlightElements/input_field'

2020-05-27 19:44:06 - [MESSAGE][PASSED] - Keys 'DOWN + ' sent to object: 'Object Repository/Objects.HighlightElements/input_field'

2020-05-27 19:44:06 - [TEST_STEP][PASSED] - com.reusableComponents.HighlightElement.run(ModifyDay): com.reusableComponents.HighlightElement.run is PASSED

2020-05-27 19:44:07 - [MESSAGE][PASSED] - com.reusableComponents.HighlightElement.run is PASSED

2020-05-27 19:44:07 - [TEST_STEP][PASSED] - delay(1): Delayed 1 second(s)

2020-05-27 19:44:08 - [MESSAGE][PASSED] - Delayed 1 second(s)

2020-05-27 19:44:08 - [TEST_STEP][PASSED] - click(ModifyDay): Object: 'Object Repository/Objects.DateValidation/Page_ISPS2/Select_Day_Index' is clicked on

2020-05-27 19:44:08 - [MESSAGE][PASSED] - Object: 'Object Repository/Objects.DateValidation/Page_ISPS2/Select_Day_Index' is clicked on

2020-05-27 19:44:08 - [MESSAGE][PASSED] - Call Test Case 'Test Cases/PFI Precision and Scale/PFI Components with Indexing/SelectDayInDatePickerWithIndex' successfully

2020-05-27 19:44:08 - [TEST_STEP][PASSED] - callTestCase(findTestCase("PFI Precision and Scale/PFI Components/SelectTodayInDatePicker"), ["FldNm":"d2RecvDt", "index":"1"], STOP_ON_FAILURE): Call Test Case 'Test Cases/PFI Precision and Scale/PFI Components/SelectTodayInDatePicker' successfully

2020-05-27 19:44:08 - [TEST_CASE][PASSED] - Test Cases/PFI Precision and Scale/PFI Components/SelectTodayInDatePicker: Test Cases/PFI Precision and Scale/PFI Components/SelectTodayInDatePicker

2020-05-27 19:44:08 - [TEST_STEP][PASSED] - Thread.sleep(1000): null

2020-05-27 19:44:09 - [TEST_STEP][PASSED] - DateFieldNm = modifyObjectProperty(findTestObject("Object Repository/Objects.DateValidation/Page_ISPS2/input__orderDt"), "name", "equals", FldNm, true): Modify property of object successfully

2020-05-27 19:44:09 - [MESSAGE][PASSED] - Modify property of object successfully

2020-05-27 19:44:09 - [TEST_STEP][PASSED] - TodayBtn = modifyObjectProperty(findTestObject("Object Repository/Objects.DateValidation/Page_ISPS2/a_Today"), "xpath", "equals", "(//*[text() = 'Today'])[" + index + "]", true): Modify property of object successfully

2020-05-27 19:44:09 - [MESSAGE][PASSED] - Modify property of object successfully

2020-05-27 19:44:09 - [TEST_STEP][PASSED] - sendKeys(DateFieldNm, Keys.chord(ARROW_DOWN)): Keys 'DOWN + ' sent to object: 'Object Repository/Objects.DateValidation/Page_ISPS2/input__orderDt'

2020-05-27 19:44:10 - [MESSAGE][PASSED] - Keys 'DOWN + ' sent to object: 'Object Repository/Objects.DateValidation/Page_ISPS2/input__orderDt'

2020-05-27 19:44:10 - [TEST_STEP][PASSED] - com.reusableComponents.HighlightElement.run(TodayBtn): com.reusableComponents.HighlightElement.run is PASSED

2020-05-27 19:44:10 - [MESSAGE][PASSED] - com.reusableComponents.HighlightElement.run is PASSED

2020-05-27 19:44:10 - [TEST_STEP][PASSED] - click(TodayBtn): Object: 'Object Repository/Objects.DateValidation/Page_ISPS2/a_Today' is clicked on

2020-05-27 19:44:11 - [MESSAGE][PASSED] - Object: 'Object Repository/Objects.DateValidation/Page_ISPS2/a_Today' is clicked on

2020-05-27 19:44:11 - [MESSAGE][PASSED] - Call Test Case 'Test Cases/PFI Precision and Scale/PFI Components/SelectTodayInDatePicker' successfully

2020-05-27 19:44:11 - [TEST_STEP][PASSED] - callTestCase(findTestCase("Components/HighlightLabelField"), ["LblName":"Inspection D2 Compliance Date *:"], STOP_ON_FAILURE): Call Test Case 'Test Cases/Components/HighlightLabelField' successfully

2020-05-27 19:44:11 - [TEST_CASE][PASSED] - Test Cases/Components/HighlightLabelField: Test Cases/Components/HighlightLabelField

2020-05-27 19:44:11 - [TEST_STEP][PASSED] - Thread.sleep(1000): null

2020-05-27 19:44:12 - [TEST_STEP][PASSED] - modifiedLblNm = modifyObjectProperty(findTestObject("Objects.HighlightElements/lblField"), "text", "equals", LblName, true): Modify property of object successfully

2020-05-27 19:44:12 - [MESSAGE][PASSED] - Modify property of object successfully

2020-05-27 19:44:12 - [TEST_STEP][PASSED] - com.reusableComponents.HighlightElement.run(modifiedLblNm): com.reusableComponents.HighlightElement.run is PASSED

2020-05-27 19:44:12 - [MESSAGE][PASSED] - com.reusableComponents.HighlightElement.run is PASSED

2020-05-27 19:44:12 - [MESSAGE][PASSED] - Call Test Case 'Test Cases/Components/HighlightLabelField' successfully

2020-05-27 19:44:12 - [TEST_STEP][PASSED] - callTestCase(findTestCase("Components/HighlightInputField"), ["InputFldName":"d2ComplDt"], STOP_ON_FAILURE): Call Test Case 'Test Cases/Components/HighlightInputField' successfully

2020-05-27 19:44:12 - [TEST_CASE][PASSED] - Test Cases/Components/HighlightInputField: Test Cases/Components/HighlightInputField

2020-05-27 19:44:12 - [TEST_STEP][PASSED] - Thread.sleep(1000): null

2020-05-27 19:44:13 - [TEST_STEP][PASSED] - modifiedLblNm = modifyObjectProperty(findTestObject("Objects.HighlightElements/input_field"), "name", "equals", InputFldName, true): Modify property of object successfully

2020-05-27 19:44:14 - [MESSAGE][PASSED] - Modify property of object successfully

2020-05-27 19:44:14 - [TEST_STEP][PASSED] - com.reusableComponents.HighlightElement.run(modifiedLblNm): com.reusableComponents.HighlightElement.run is PASSED

2020-05-27 19:44:14 - [MESSAGE][PASSED] - com.reusableComponents.HighlightElement.run is PASSED

2020-05-27 19:44:14 - [MESSAGE][PASSED] - Call Test Case 'Test Cases/Components/HighlightInputField' successfully

2020-05-27 19:44:14 - [TEST_STEP][PASSED] - callTestCase(findTestCase("PFI Precision and Scale/PFI Components/NumericTextboxValidationII"), ["nameToBeUsed":"d2ComplDt", "minLen":6], STOP_ON_FAILURE): Call Test Case 'Test Cases/PFI Precision and Scale/PFI Components/NumericTextboxValidationII' successfully

2020-05-27 19:44:14 - [TEST_CASE][PASSED] - Test Cases/PFI Precision and Scale/PFI Components/NumericTextboxValidationII: Test Cases/PFI Precision and Scale/PFI Components/NumericTextboxValidationII

2020-05-27 19:44:14 - [TEST_STEP][PASSED] - Thread.sleep(1000): null

2020-05-27 19:44:15 - [TEST_STEP][PASSED] - Numeric = "0123456789": null

2020-05-27 19:44:15 - [TEST_STEP][PASSED] - AlphaSpecialChar = z) + "`~!@#$%^&*()=_{}|\][;'":,?><"".join(): null

2020-05-27 19:44:15 - [TEST_STEP][PASSED] - RandomNumeric = RandomStringUtils.random(minLen, Numeric.toCharArray()): null

2020-05-27 19:44:15 - [TEST_STEP][PASSED] - RandomString = RandomStringUtils.random(minLen, AlphaSpecialChar): null

2020-05-27 19:44:15 - [TEST_STEP][PASSED] - regexPat = Pattern.compile("^[0-9]+$"): null

2020-05-27 19:44:15 - [TEST_STEP][PASSED] - NewInputNmField = modifyObjectProperty(findTestObject("Objects.RemarksValidation/input_Remarks"), "name", "equals", nameToBeUsed, true): Modify property of object successfully

2020-05-27 19:44:15 - [MESSAGE][PASSED] - Modify property of object successfully

2020-05-27 19:44:15 - [TEST_STEP][PASSED] - focus(NewInputNmField): Object: 'Object Repository/Objects.RemarksValidation/input_Remarks' is focused

2020-05-27 19:44:16 - [MESSAGE][PASSED] - Object: 'Object Repository/Objects.RemarksValidation/input_Remarks' is focused

2020-05-27 19:44:16 - [TEST_STEP][PASSED] - setText(NewInputNmField, RandomString): Text '~Fi(;_' is set on object 'Object Repository/Objects.RemarksValidation/input_Remarks'

2020-05-27 19:44:16 - [MESSAGE][PASSED] - Text '~Fi(;_' is set on object 'Object Repository/Objects.RemarksValidation/input_Remarks'

2020-05-27 19:44:16 - [TEST_STEP][PASSED] - GetInputVal = getAttribute(NewInputNmField, "value"): Attribute 'value' of object 'Object Repository/Objects.RemarksValidation/input_Remarks' is: ''

2020-05-27 19:44:16 - [MESSAGE][PASSED] - Attribute 'value' of object 'Object Repository/Objects.RemarksValidation/input_Remarks' is: ''

2020-05-27 19:44:16 - [TEST_STEP][PASSED] - if (GetInputVal.contains("e")): null

2020-05-27 19:44:16 - [TEST_STEP][PASSED] - else: Actual text '' and expected text '' are matched  using regular expression

2020-05-27 19:44:16 - [TEST_STEP][PASSED] - verifyMatch(GetInputVal, "", true): Actual text '' and expected text '' are matched  using regular expression

2020-05-27 19:44:16 - [MESSAGE][PASSED] - Actual text '' and expected text '' are matched  using regular expression

2020-05-27 19:44:16 - [TEST_STEP][PASSED] - setText(NewInputNmField, RandomNumeric): Text '910752' is set on object 'Object Repository/Objects.RemarksValidation/input_Remarks'

2020-05-27 19:44:16 - [MESSAGE][PASSED] - Text '910752' is set on object 'Object Repository/Objects.RemarksValidation/input_Remarks'

2020-05-27 19:44:16 - [TEST_STEP][PASSED] - GetEnteredIntegers = getAttribute(NewInputNmField, "value"): Attribute 'value' of object 'Object Repository/Objects.RemarksValidation/input_Remarks' is: '910752'

2020-05-27 19:44:17 - [MESSAGE][PASSED] - Attribute 'value' of object 'Object Repository/Objects.RemarksValidation/input_Remarks' is: '910752'

2020-05-27 19:44:17 - [TEST_STEP][PASSED] - matchStr = regexPat.matcher(GetEnteredIntegers): null

2020-05-27 19:44:17 - [TEST_STEP][PASSED] - if (matchStr.matches() == true): Accepting Numeric

2020-05-27 19:44:17 - [TEST_STEP][PASSED] - comment("Accepting Numeric"): Accepting Numeric

2020-05-27 19:44:17 - [MESSAGE][INFO] - Accepting Numeric

2020-05-27 19:44:17 - [MESSAGE][PASSED] - Call Test Case 'Test Cases/PFI Precision and Scale/PFI Components/NumericTextboxValidationII' successfully

2020-05-27 19:44:17 - [TEST_STEP][PASSED] - callTestCase(findTestCase("PFI Precision and Scale/PFI Components/InvalidDateErrorValidation"), ["FldNm":"d2ComplDt"], STOP_ON_FAILURE): Call Test Case 'Test Cases/PFI Precision and Scale/PFI Components/InvalidDateErrorValidation' successfully

2020-05-27 19:44:17 - [TEST_CASE][PASSED] - Test Cases/PFI Precision and Scale/PFI Components/InvalidDateErrorValidation: Test Cases/PFI Precision and Scale/PFI Components/InvalidDateErrorValidation

2020-05-27 19:44:17 - [TEST_STEP][PASSED] - Thread.sleep(1000): null

2020-05-27 19:44:18 - [TEST_STEP][PASSED] - DateFieldNm = modifyObjectProperty(findTestObject("Object Repository/Objects.DateValidation/Page_ISPS2/input__orderDt"), "name", "equals", FldNm, true): Modify property of object successfully

2020-05-27 19:44:18 - [MESSAGE][PASSED] - Modify property of object successfully

2020-05-27 19:44:18 - [TEST_STEP][PASSED] - focus(DateFieldNm): Object: 'Object Repository/Objects.DateValidation/Page_ISPS2/input__orderDt' is focused

2020-05-27 19:44:18 - [MESSAGE][PASSED] - Object: 'Object Repository/Objects.DateValidation/Page_ISPS2/input__orderDt' is focused

2020-05-27 19:44:18 - [TEST_STEP][PASSED] - getInputInvalidDate = getAttribute(DateFieldNm, "value"): Attribute 'value' of object 'Object Repository/Objects.DateValidation/Page_ISPS2/input__orderDt' is: '910752'

2020-05-27 19:44:19 - [MESSAGE][PASSED] - Attribute 'value' of object 'Object Repository/Objects.DateValidation/Page_ISPS2/input__orderDt' is: '910752'

2020-05-27 19:44:19 - [TEST_STEP][PASSED] - mouseOver(DateFieldNm): Object: 'Object Repository/Objects.DateValidation/Page_ISPS2/input__orderDt' is hovered

2020-05-27 19:44:19 - [MESSAGE][PASSED] - Object: 'Object Repository/Objects.DateValidation/Page_ISPS2/input__orderDt' is hovered

2020-05-27 19:44:19 - [TEST_STEP][PASSED] - getErrMsg = getAttribute(DateFieldNm, "data-errorqtip"): Attribute 'data-errorqtip' of object 'Object Repository/Objects.DateValidation/Page_ISPS2/input__orderDt' is: '<ul class="x-list-plain"><li>910752 is not a valid date - it must be in the format d/m/Y</li></ul>'

2020-05-27 19:44:19 - [MESSAGE][PASSED] - Attribute 'data-errorqtip' of object 'Object Repository/Objects.DateValidation/Page_ISPS2/input__orderDt' is: '<ul class="x-list-plain"><li>910752 is not a valid date - it must be in the format d/m/Y</li></ul>'

2020-05-27 19:44:19 - [TEST_STEP][PASSED] - getTotalLength = getErrMsg.length(): null

2020-05-27 19:44:19 - [TEST_STEP][PASSED] - RemoveULClass = getErrMsg.substring(29, getTotalLength): null

2020-05-27 19:44:19 - [TEST_STEP][PASSED] - LengthNoUlClass = RemoveULClass.length() - 10: null

2020-05-27 19:44:19 - [TEST_STEP][PASSED] - ToolTipInvErrMsg = RemoveULClass.substring(0, LengthNoUlClass): null

2020-05-27 19:44:19 - [TEST_STEP][PASSED] - ExpectedInvalidErrMsg = concatenate(getInputInvalidDate, " ", NotValidDt): Concatenated string array: '['910752',' ','is not a valid date - it must be in the format d/m/Y']' into '910752 is not a valid date - it must be in the format d/m/Y'

2020-05-27 19:44:19 - [MESSAGE][PASSED] - Concatenated string array: '['910752',' ','is not a valid date - it must be in the format d/m/Y']' into '910752 is not a valid date - it must be in the format d/m/Y'

2020-05-27 19:44:19 - [TEST_STEP][PASSED] - verifyMatch(ToolTipInvErrMsg, ExpectedInvalidErrMsg, true): Actual text '910752 is not a valid date - it must be in the format d/m/Y' and expected text '910752 is not a valid date - it must be in the format d/m/Y' are matched  using regular expression

2020-05-27 19:44:19 - [MESSAGE][PASSED] - Actual text '910752 is not a valid date - it must be in the format d/m/Y' and expected text '910752 is not a valid date - it must be in the format d/m/Y' are matched  using regular expression

2020-05-27 19:44:19 - [MESSAGE][PASSED] - Call Test Case 'Test Cases/PFI Precision and Scale/PFI Components/InvalidDateErrorValidation' successfully

2020-05-27 19:44:19 - [TEST_STEP][PASSED] - callTestCase(findTestCase("PFI Precision and Scale/PFI Components with Indexing/SelectDayInDatePickerWithIndex"), ["FldNm":"d2ComplDt", "SelectCurrentDay":"15", "index":2], STOP_ON_FAILURE): Call Test Case 'Test Cases/PFI Precision and Scale/PFI Components with Indexing/SelectDayInDatePickerWithIndex' successfully

2020-05-27 19:44:19 - [TEST_CASE][PASSED] - Test Cases/PFI Precision and Scale/PFI Components with Indexing/SelectDayInDatePickerWithIndex: Test Cases/PFI Precision and Scale/PFI Components with Indexing/SelectDayInDatePickerWithIndex

2020-05-27 19:44:19 - [TEST_STEP][PASSED] - Thread.sleep(1000): null

2020-05-27 19:44:20 - [TEST_STEP][PASSED] - DateFieldNm = modifyObjectProperty(findTestObject("Objects.HighlightElements/input_field"), "name", "equals", FldNm, true): Modify property of object successfully

2020-05-27 19:44:20 - [MESSAGE][PASSED] - Modify property of object successfully

2020-05-27 19:44:20 - [TEST_STEP][PASSED] - ModifyDay = modifyObjectProperty(findTestObject("Objects.DateValidation/Page_ISPS2/Select_Day_Index"), "xpath", "equals", "(//*[contains(@class, 'x-datepicker-date') and (text() = '" + SelectCurrentDay + "')])[" + index + "]", true): Modify property of object successfully

2020-05-27 19:44:20 - [MESSAGE][PASSED] - Modify property of object successfully

2020-05-27 19:44:20 - [TEST_STEP][PASSED] - sendKeys(DateFieldNm, Keys.chord(ARROW_DOWN)): Keys 'DOWN + ' sent to object: 'Object Repository/Objects.HighlightElements/input_field'

2020-05-27 19:44:21 - [MESSAGE][PASSED] - Keys 'DOWN + ' sent to object: 'Object Repository/Objects.HighlightElements/input_field'

2020-05-27 19:44:21 - [TEST_STEP][PASSED] - com.reusableComponents.HighlightElement.run(ModifyDay): com.reusableComponents.HighlightElement.run is PASSED

2020-05-27 19:44:21 - [MESSAGE][PASSED] - com.reusableComponents.HighlightElement.run is PASSED

2020-05-27 19:44:21 - [TEST_STEP][PASSED] - delay(1): Delayed 1 second(s)

2020-05-27 19:44:22 - [MESSAGE][PASSED] - Delayed 1 second(s)

2020-05-27 19:44:22 - [TEST_STEP][PASSED] - click(ModifyDay): Object: 'Object Repository/Objects.DateValidation/Page_ISPS2/Select_Day_Index' is clicked on

2020-05-27 19:44:23 - [MESSAGE][PASSED] - Object: 'Object Repository/Objects.DateValidation/Page_ISPS2/Select_Day_Index' is clicked on

2020-05-27 19:44:23 - [MESSAGE][PASSED] - Call Test Case 'Test Cases/PFI Precision and Scale/PFI Components with Indexing/SelectDayInDatePickerWithIndex' successfully

2020-05-27 19:44:23 - [TEST_STEP][PASSED] - callTestCase(findTestCase("PFI Precision and Scale/PFI Components/SelectTodayInDatePicker"), ["FldNm":"d2ComplDt", "index":"2"], STOP_ON_FAILURE): Call Test Case 'Test Cases/PFI Precision and Scale/PFI Components/SelectTodayInDatePicker' successfully

2020-05-27 19:44:23 - [TEST_CASE][PASSED] - Test Cases/PFI Precision and Scale/PFI Components/SelectTodayInDatePicker: Test Cases/PFI Precision and Scale/PFI Components/SelectTodayInDatePicker

2020-05-27 19:44:23 - [TEST_STEP][PASSED] - Thread.sleep(1000): null

2020-05-27 19:44:24 - [TEST_STEP][PASSED] - DateFieldNm = modifyObjectProperty(findTestObject("Object Repository/Objects.DateValidation/Page_ISPS2/input__orderDt"), "name", "equals", FldNm, true): Modify property of object successfully

2020-05-27 19:44:24 - [MESSAGE][PASSED] - Modify property of object successfully

2020-05-27 19:44:24 - [TEST_STEP][PASSED] - TodayBtn = modifyObjectProperty(findTestObject("Object Repository/Objects.DateValidation/Page_ISPS2/a_Today"), "xpath", "equals", "(//*[text() = 'Today'])[" + index + "]", true): Modify property of object successfully

2020-05-27 19:44:24 - [MESSAGE][PASSED] - Modify property of object successfully

2020-05-27 19:44:24 - [TEST_STEP][PASSED] - sendKeys(DateFieldNm, Keys.chord(ARROW_DOWN)): Keys 'DOWN + ' sent to object: 'Object Repository/Objects.DateValidation/Page_ISPS2/input__orderDt'

2020-05-27 19:44:24 - [MESSAGE][PASSED] - Keys 'DOWN + ' sent to object: 'Object Repository/Objects.DateValidation/Page_ISPS2/input__orderDt'

2020-05-27 19:44:24 - [TEST_STEP][PASSED] - com.reusableComponents.HighlightElement.run(TodayBtn): com.reusableComponents.HighlightElement.run is PASSED

2020-05-27 19:44:25 - [MESSAGE][PASSED] - com.reusableComponents.HighlightElement.run is PASSED

2020-05-27 19:44:25 - [TEST_STEP][PASSED] - click(TodayBtn): Object: 'Object Repository/Objects.DateValidation/Page_ISPS2/a_Today' is clicked on

2020-05-27 19:44:25 - [MESSAGE][PASSED] - Object: 'Object Repository/Objects.DateValidation/Page_ISPS2/a_Today' is clicked on

2020-05-27 19:44:25 - [MESSAGE][PASSED] - Call Test Case 'Test Cases/PFI Precision and Scale/PFI Components/SelectTodayInDatePicker' successfully

2020-05-27 19:44:25 - [TEST_STEP][PASSED] - callTestCase(findTestCase("Components/HighlightLabelField"), ["LblName":"Inspection D2a Receive Date *:"], STOP_ON_FAILURE): Call Test Case 'Test Cases/Components/HighlightLabelField' successfully

2020-05-27 19:44:25 - [TEST_CASE][PASSED] - Test Cases/Components/HighlightLabelField: Test Cases/Components/HighlightLabelField

2020-05-27 19:44:25 - [TEST_STEP][PASSED] - Thread.sleep(1000): null

2020-05-27 19:44:26 - [TEST_STEP][PASSED] - modifiedLblNm = modifyObjectProperty(findTestObject("Objects.HighlightElements/lblField"), "text", "equals", LblName, true): Modify property of object successfully

2020-05-27 19:44:26 - [MESSAGE][PASSED] - Modify property of object successfully

2020-05-27 19:44:26 - [TEST_STEP][PASSED] - com.reusableComponents.HighlightElement.run(modifiedLblNm): com.reusableComponents.HighlightElement.run is PASSED

2020-05-27 19:44:27 - [MESSAGE][PASSED] - com.reusableComponents.HighlightElement.run is PASSED

2020-05-27 19:44:27 - [MESSAGE][PASSED] - Call Test Case 'Test Cases/Components/HighlightLabelField' successfully

2020-05-27 19:44:27 - [TEST_STEP][PASSED] - callTestCase(findTestCase("Components/HighlightInputField"), ["InputFldName":"d2aRecvDt"], STOP_ON_FAILURE): Call Test Case 'Test Cases/Components/HighlightInputField' successfully

2020-05-27 19:44:27 - [TEST_CASE][PASSED] - Test Cases/Components/HighlightInputField: Test Cases/Components/HighlightInputField

2020-05-27 19:44:27 - [TEST_STEP][PASSED] - Thread.sleep(1000): null

2020-05-27 19:44:28 - [TEST_STEP][PASSED] - modifiedLblNm = modifyObjectProperty(findTestObject("Objects.HighlightElements/input_field"), "name", "equals", InputFldName, true): Modify property of object successfully

2020-05-27 19:44:28 - [MESSAGE][PASSED] - Modify property of object successfully

2020-05-27 19:44:28 - [TEST_STEP][PASSED] - com.reusableComponents.HighlightElement.run(modifiedLblNm): com.reusableComponents.HighlightElement.run is PASSED

2020-05-27 19:44:29 - [MESSAGE][PASSED] - com.reusableComponents.HighlightElement.run is PASSED

2020-05-27 19:44:29 - [MESSAGE][PASSED] - Call Test Case 'Test Cases/Components/HighlightInputField' successfully

2020-05-27 19:44:29 - [TEST_STEP][PASSED] - callTestCase(findTestCase("PFI Precision and Scale/PFI Components/NumericTextboxValidationII"), ["nameToBeUsed":"d2aRecvDt", "minLen":8], STOP_ON_FAILURE): Call Test Case 'Test Cases/PFI Precision and Scale/PFI Components/NumericTextboxValidationII' successfully

2020-05-27 19:44:29 - [TEST_CASE][PASSED] - Test Cases/PFI Precision and Scale/PFI Components/NumericTextboxValidationII: Test Cases/PFI Precision and Scale/PFI Components/NumericTextboxValidationII

2020-05-27 19:44:29 - [TEST_STEP][PASSED] - Thread.sleep(1000): null

2020-05-27 19:44:30 - [TEST_STEP][PASSED] - Numeric = "0123456789": null

2020-05-27 19:44:30 - [TEST_STEP][PASSED] - AlphaSpecialChar = z) + "`~!@#$%^&*()=_{}|\][;'":,?><"".join(): null

2020-05-27 19:44:30 - [TEST_STEP][PASSED] - RandomNumeric = RandomStringUtils.random(minLen, Numeric.toCharArray()): null

2020-05-27 19:44:30 - [TEST_STEP][PASSED] - RandomString = RandomStringUtils.random(minLen, AlphaSpecialChar): null

2020-05-27 19:44:30 - [TEST_STEP][PASSED] - regexPat = Pattern.compile("^[0-9]+$"): null

2020-05-27 19:44:30 - [TEST_STEP][PASSED] - NewInputNmField = modifyObjectProperty(findTestObject("Objects.RemarksValidation/input_Remarks"), "name", "equals", nameToBeUsed, true): Modify property of object successfully

2020-05-27 19:44:30 - [MESSAGE][PASSED] - Modify property of object successfully

2020-05-27 19:44:30 - [TEST_STEP][PASSED] - focus(NewInputNmField): Object: 'Object Repository/Objects.RemarksValidation/input_Remarks' is focused

2020-05-27 19:44:30 - [MESSAGE][PASSED] - Object: 'Object Repository/Objects.RemarksValidation/input_Remarks' is focused

2020-05-27 19:44:30 - [TEST_STEP][PASSED] - setText(NewInputNmField, RandomString): Text '"@__e]O,' is set on object 'Object Repository/Objects.RemarksValidation/input_Remarks'

2020-05-27 19:44:30 - [MESSAGE][PASSED] - Text '"@__e]O,' is set on object 'Object Repository/Objects.RemarksValidation/input_Remarks'

2020-05-27 19:44:30 - [TEST_STEP][PASSED] - GetInputVal = getAttribute(NewInputNmField, "value"): Attribute 'value' of object 'Object Repository/Objects.RemarksValidation/input_Remarks' is: ''

2020-05-27 19:44:31 - [MESSAGE][PASSED] - Attribute 'value' of object 'Object Repository/Objects.RemarksValidation/input_Remarks' is: ''

2020-05-27 19:44:31 - [TEST_STEP][PASSED] - if (GetInputVal.contains("e")): null

2020-05-27 19:44:31 - [TEST_STEP][PASSED] - else: Actual text '' and expected text '' are matched  using regular expression

2020-05-27 19:44:31 - [TEST_STEP][PASSED] - verifyMatch(GetInputVal, "", true): Actual text '' and expected text '' are matched  using regular expression

2020-05-27 19:44:31 - [MESSAGE][PASSED] - Actual text '' and expected text '' are matched  using regular expression

2020-05-27 19:44:31 - [TEST_STEP][PASSED] - setText(NewInputNmField, RandomNumeric): Text '03503141' is set on object 'Object Repository/Objects.RemarksValidation/input_Remarks'

2020-05-27 19:44:31 - [MESSAGE][PASSED] - Text '03503141' is set on object 'Object Repository/Objects.RemarksValidation/input_Remarks'

2020-05-27 19:44:31 - [TEST_STEP][PASSED] - GetEnteredIntegers = getAttribute(NewInputNmField, "value"): Attribute 'value' of object 'Object Repository/Objects.RemarksValidation/input_Remarks' is: '03503141'

2020-05-27 19:44:31 - [MESSAGE][PASSED] - Attribute 'value' of object 'Object Repository/Objects.RemarksValidation/input_Remarks' is: '03503141'

2020-05-27 19:44:31 - [TEST_STEP][PASSED] - matchStr = regexPat.matcher(GetEnteredIntegers): null

2020-05-27 19:44:31 - [TEST_STEP][PASSED] - if (matchStr.matches() == true): Accepting Numeric

2020-05-27 19:44:31 - [TEST_STEP][PASSED] - comment("Accepting Numeric"): Accepting Numeric

2020-05-27 19:44:31 - [MESSAGE][INFO] - Accepting Numeric

2020-05-27 19:44:31 - [MESSAGE][PASSED] - Call Test Case 'Test Cases/PFI Precision and Scale/PFI Components/NumericTextboxValidationII' successfully

2020-05-27 19:44:31 - [TEST_STEP][PASSED] - callTestCase(findTestCase("PFI Precision and Scale/PFI Components/InvalidDateErrorValidation"), ["FldNm":"d2aRecvDt"], STOP_ON_FAILURE): Call Test Case 'Test Cases/PFI Precision and Scale/PFI Components/InvalidDateErrorValidation' successfully

2020-05-27 19:44:32 - [TEST_CASE][PASSED] - Test Cases/PFI Precision and Scale/PFI Components/InvalidDateErrorValidation: Test Cases/PFI Precision and Scale/PFI Components/InvalidDateErrorValidation

2020-05-27 19:44:32 - [TEST_STEP][PASSED] - Thread.sleep(1000): null

2020-05-27 19:44:33 - [TEST_STEP][PASSED] - DateFieldNm = modifyObjectProperty(findTestObject("Object Repository/Objects.DateValidation/Page_ISPS2/input__orderDt"), "name", "equals", FldNm, true): Modify property of object successfully

2020-05-27 19:44:33 - [MESSAGE][PASSED] - Modify property of object successfully

2020-05-27 19:44:33 - [TEST_STEP][PASSED] - focus(DateFieldNm): Object: 'Object Repository/Objects.DateValidation/Page_ISPS2/input__orderDt' is focused

2020-05-27 19:44:39 - [MESSAGE][PASSED] - Object: 'Object Repository/Objects.DateValidation/Page_ISPS2/input__orderDt' is focused

2020-05-27 19:44:39 - [TEST_STEP][PASSED] - getInputInvalidDate = getAttribute(DateFieldNm, "value"): Attribute 'value' of object 'Object Repository/Objects.DateValidation/Page_ISPS2/input__orderDt' is: '03503141'

2020-05-27 19:44:39 - [MESSAGE][PASSED] - Attribute 'value' of object 'Object Repository/Objects.DateValidation/Page_ISPS2/input__orderDt' is: '03503141'

2020-05-27 19:44:39 - [TEST_STEP][PASSED] - mouseOver(DateFieldNm): Object: 'Object Repository/Objects.DateValidation/Page_ISPS2/input__orderDt' is hovered

2020-05-27 19:44:40 - [MESSAGE][PASSED] - Object: 'Object Repository/Objects.DateValidation/Page_ISPS2/input__orderDt' is hovered

2020-05-27 19:44:40 - [TEST_STEP][PASSED] - getErrMsg = getAttribute(DateFieldNm, "data-errorqtip"): Attribute 'data-errorqtip' of object 'Object Repository/Objects.DateValidation/Page_ISPS2/input__orderDt' is: '<ul class="x-list-plain"><li>03503141 is not a valid date - it must be in the format d/m/Y</li></ul>'

2020-05-27 19:44:40 - [MESSAGE][PASSED] - Attribute 'data-errorqtip' of object 'Object Repository/Objects.DateValidation/Page_ISPS2/input__orderDt' is: '<ul class="x-list-plain"><li>03503141 is not a valid date - it must be in the format d/m/Y</li></ul>'

2020-05-27 19:44:40 - [TEST_STEP][PASSED] - getTotalLength = getErrMsg.length(): null

2020-05-27 19:44:40 - [TEST_STEP][PASSED] - RemoveULClass = getErrMsg.substring(29, getTotalLength): null

2020-05-27 19:44:40 - [TEST_STEP][PASSED] - LengthNoUlClass = RemoveULClass.length() - 10: null

2020-05-27 19:44:40 - [TEST_STEP][PASSED] - ToolTipInvErrMsg = RemoveULClass.substring(0, LengthNoUlClass): null

2020-05-27 19:44:40 - [TEST_STEP][PASSED] - ExpectedInvalidErrMsg = concatenate(getInputInvalidDate, " ", NotValidDt): Concatenated string array: '['03503141',' ','is not a valid date - it must be in the format d/m/Y']' into '03503141 is not a valid date - it must be in the format d/m/Y'

2020-05-27 19:44:40 - [MESSAGE][PASSED] - Concatenated string array: '['03503141',' ','is not a valid date - it must be in the format d/m/Y']' into '03503141 is not a valid date - it must be in the format d/m/Y'

2020-05-27 19:44:40 - [TEST_STEP][PASSED] - verifyMatch(ToolTipInvErrMsg, ExpectedInvalidErrMsg, true): Actual text '03503141 is not a valid date - it must be in the format d/m/Y' and expected text '03503141 is not a valid date - it must be in the format d/m/Y' are matched  using regular expression

2020-05-27 19:44:40 - [MESSAGE][PASSED] - Actual text '03503141 is not a valid date - it must be in the format d/m/Y' and expected text '03503141 is not a valid date - it must be in the format d/m/Y' are matched  using regular expression

2020-05-27 19:44:40 - [MESSAGE][PASSED] - Call Test Case 'Test Cases/PFI Precision and Scale/PFI Components/InvalidDateErrorValidation' successfully

2020-05-27 19:44:40 - [TEST_STEP][PASSED] - callTestCase(findTestCase("PFI Precision and Scale/PFI Components with Indexing/SelectDayInDatePickerWithIndex"), ["FldNm":"d2aRecvDt", "SelectCurrentDay":"21", "index":3], STOP_ON_FAILURE): Call Test Case 'Test Cases/PFI Precision and Scale/PFI Components with Indexing/SelectDayInDatePickerWithIndex' successfully

2020-05-27 19:44:40 - [TEST_CASE][PASSED] - Test Cases/PFI Precision and Scale/PFI Components with Indexing/SelectDayInDatePickerWithIndex: Test Cases/PFI Precision and Scale/PFI Components with Indexing/SelectDayInDatePickerWithIndex

2020-05-27 19:44:40 - [TEST_STEP][PASSED] - Thread.sleep(1000): null

2020-05-27 19:44:41 - [TEST_STEP][PASSED] - DateFieldNm = modifyObjectProperty(findTestObject("Objects.HighlightElements/input_field"), "name", "equals", FldNm, true): Modify property of object successfully

2020-05-27 19:44:41 - [MESSAGE][PASSED] - Modify property of object successfully

2020-05-27 19:44:41 - [TEST_STEP][PASSED] - ModifyDay = modifyObjectProperty(findTestObject("Objects.DateValidation/Page_ISPS2/Select_Day_Index"), "xpath", "equals", "(//*[contains(@class, 'x-datepicker-date') and (text() = '" + SelectCurrentDay + "')])[" + index + "]", true): Modify property of object successfully

2020-05-27 19:44:41 - [MESSAGE][PASSED] - Modify property of object successfully

2020-05-27 19:44:41 - [TEST_STEP][PASSED] - sendKeys(DateFieldNm, Keys.chord(ARROW_DOWN)): Keys 'DOWN + ' sent to object: 'Object Repository/Objects.HighlightElements/input_field'

2020-05-27 19:44:41 - [MESSAGE][PASSED] - Keys 'DOWN + ' sent to object: 'Object Repository/Objects.HighlightElements/input_field'

2020-05-27 19:44:41 - [TEST_STEP][PASSED] - com.reusableComponents.HighlightElement.run(ModifyDay): com.reusableComponents.HighlightElement.run is PASSED

2020-05-27 19:44:42 - [MESSAGE][PASSED] - com.reusableComponents.HighlightElement.run is PASSED

2020-05-27 19:44:42 - [TEST_STEP][PASSED] - delay(1): Delayed 1 second(s)

2020-05-27 19:44:43 - [MESSAGE][PASSED] - Delayed 1 second(s)

2020-05-27 19:44:43 - [TEST_STEP][PASSED] - click(ModifyDay): Object: 'Object Repository/Objects.DateValidation/Page_ISPS2/Select_Day_Index' is clicked on

2020-05-27 19:44:43 - [MESSAGE][PASSED] - Object: 'Object Repository/Objects.DateValidation/Page_ISPS2/Select_Day_Index' is clicked on

2020-05-27 19:44:43 - [MESSAGE][PASSED] - Call Test Case 'Test Cases/PFI Precision and Scale/PFI Components with Indexing/SelectDayInDatePickerWithIndex' successfully

2020-05-27 19:44:43 - [TEST_STEP][PASSED] - callTestCase(findTestCase("PFI Precision and Scale/PFI Components/SelectTodayInDatePicker"), ["FldNm":"d2aRecvDt", "index":3], STOP_ON_FAILURE): Call Test Case 'Test Cases/PFI Precision and Scale/PFI Components/SelectTodayInDatePicker' successfully

2020-05-27 19:44:44 - [TEST_CASE][PASSED] - Test Cases/PFI Precision and Scale/PFI Components/SelectTodayInDatePicker: Test Cases/PFI Precision and Scale/PFI Components/SelectTodayInDatePicker

2020-05-27 19:44:44 - [TEST_STEP][PASSED] - Thread.sleep(1000): null

2020-05-27 19:44:45 - [TEST_STEP][PASSED] - DateFieldNm = modifyObjectProperty(findTestObject("Object Repository/Objects.DateValidation/Page_ISPS2/input__orderDt"), "name", "equals", FldNm, true): Modify property of object successfully

2020-05-27 19:44:45 - [MESSAGE][PASSED] - Modify property of object successfully

2020-05-27 19:44:45 - [TEST_STEP][PASSED] - TodayBtn = modifyObjectProperty(findTestObject("Object Repository/Objects.DateValidation/Page_ISPS2/a_Today"), "xpath", "equals", "(//*[text() = 'Today'])[" + index + "]", true): Modify property of object successfully

2020-05-27 19:44:45 - [MESSAGE][PASSED] - Modify property of object successfully

2020-05-27 19:44:45 - [TEST_STEP][PASSED] - sendKeys(DateFieldNm, Keys.chord(ARROW_DOWN)): Keys 'DOWN + ' sent to object: 'Object Repository/Objects.DateValidation/Page_ISPS2/input__orderDt'

2020-05-27 19:44:45 - [MESSAGE][PASSED] - Keys 'DOWN + ' sent to object: 'Object Repository/Objects.DateValidation/Page_ISPS2/input__orderDt'

2020-05-27 19:44:45 - [TEST_STEP][PASSED] - com.reusableComponents.HighlightElement.run(TodayBtn): com.reusableComponents.HighlightElement.run is PASSED

2020-05-27 19:44:46 - [MESSAGE][PASSED] - com.reusableComponents.HighlightElement.run is PASSED

2020-05-27 19:44:46 - [TEST_STEP][PASSED] - click(TodayBtn): Object: 'Object Repository/Objects.DateValidation/Page_ISPS2/a_Today' is clicked on

2020-05-27 19:44:46 - [MESSAGE][PASSED] - Object: 'Object Repository/Objects.DateValidation/Page_ISPS2/a_Today' is clicked on

2020-05-27 19:44:46 - [MESSAGE][PASSED] - Call Test Case 'Test Cases/PFI Precision and Scale/PFI Components/SelectTodayInDatePicker' successfully

2020-05-27 19:44:46 - [TEST_STEP][PASSED] - callTestCase(findTestCase("Components/HighlightLabelField"), ["LblName":"Inspection D2a Compliance Date *:"], STOP_ON_FAILURE): Call Test Case 'Test Cases/Components/HighlightLabelField' successfully

2020-05-27 19:44:46 - [TEST_CASE][PASSED] - Test Cases/Components/HighlightLabelField: Test Cases/Components/HighlightLabelField

2020-05-27 19:44:46 - [TEST_STEP][PASSED] - Thread.sleep(1000): null

2020-05-27 19:44:47 - [TEST_STEP][PASSED] - modifiedLblNm = modifyObjectProperty(findTestObject("Objects.HighlightElements/lblField"), "text", "equals", LblName, true): Modify property of object successfully

2020-05-27 19:44:47 - [MESSAGE][PASSED] - Modify property of object successfully

2020-05-27 19:44:47 - [TEST_STEP][PASSED] - com.reusableComponents.HighlightElement.run(modifiedLblNm): com.reusableComponents.HighlightElement.run is PASSED

2020-05-27 19:44:48 - [MESSAGE][PASSED] - com.reusableComponents.HighlightElement.run is PASSED

2020-05-27 19:44:48 - [MESSAGE][PASSED] - Call Test Case 'Test Cases/Components/HighlightLabelField' successfully

2020-05-27 19:44:48 - [TEST_STEP][PASSED] - callTestCase(findTestCase("Components/HighlightInputField"), ["InputFldName":"d2aComplDt"], STOP_ON_FAILURE): Call Test Case 'Test Cases/Components/HighlightInputField' successfully

2020-05-27 19:44:48 - [TEST_CASE][PASSED] - Test Cases/Components/HighlightInputField: Test Cases/Components/HighlightInputField

2020-05-27 19:44:48 - [TEST_STEP][PASSED] - Thread.sleep(1000): null

2020-05-27 19:44:49 - [TEST_STEP][PASSED] - modifiedLblNm = modifyObjectProperty(findTestObject("Objects.HighlightElements/input_field"), "name", "equals", InputFldName, true): Modify property of object successfully

2020-05-27 19:44:49 - [MESSAGE][PASSED] - Modify property of object successfully

2020-05-27 19:44:49 - [TEST_STEP][PASSED] - com.reusableComponents.HighlightElement.run(modifiedLblNm): com.reusableComponents.HighlightElement.run is PASSED

2020-05-27 19:44:50 - [MESSAGE][PASSED] - com.reusableComponents.HighlightElement.run is PASSED

2020-05-27 19:44:50 - [MESSAGE][PASSED] - Call Test Case 'Test Cases/Components/HighlightInputField' successfully

2020-05-27 19:44:50 - [TEST_STEP][PASSED] - callTestCase(findTestCase("PFI Precision and Scale/PFI Components/NumericTextboxValidationII"), ["nameToBeUsed":"d2aComplDt", "minLen":0], STOP_ON_FAILURE): Call Test Case 'Test Cases/PFI Precision and Scale/PFI Components/NumericTextboxValidationII' successfully

2020-05-27 19:44:50 - [TEST_CASE][PASSED] - Test Cases/PFI Precision and Scale/PFI Components/NumericTextboxValidationII: Test Cases/PFI Precision and Scale/PFI Components/NumericTextboxValidationII

2020-05-27 19:44:50 - [TEST_STEP][PASSED] - Thread.sleep(1000): null

2020-05-27 19:44:51 - [TEST_STEP][PASSED] - Numeric = "0123456789": null

2020-05-27 19:44:51 - [TEST_STEP][PASSED] - AlphaSpecialChar = z) + "`~!@#$%^&*()=_{}|\][;'":,?><"".join(): null

2020-05-27 19:44:51 - [TEST_STEP][PASSED] - RandomNumeric = RandomStringUtils.random(minLen, Numeric.toCharArray()): null

2020-05-27 19:44:51 - [TEST_STEP][PASSED] - RandomString = RandomStringUtils.random(minLen, AlphaSpecialChar): null

2020-05-27 19:44:51 - [TEST_STEP][PASSED] - regexPat = Pattern.compile("^[0-9]+$"): null

2020-05-27 19:44:51 - [TEST_STEP][PASSED] - NewInputNmField = modifyObjectProperty(findTestObject("Objects.RemarksValidation/input_Remarks"), "name", "equals", nameToBeUsed, true): Modify property of object successfully

2020-05-27 19:44:51 - [MESSAGE][PASSED] - Modify property of object successfully

2020-05-27 19:44:51 - [TEST_STEP][PASSED] - focus(NewInputNmField): Object: 'Object Repository/Objects.RemarksValidation/input_Remarks' is focused

2020-05-27 19:44:51 - [MESSAGE][PASSED] - Object: 'Object Repository/Objects.RemarksValidation/input_Remarks' is focused

2020-05-27 19:44:51 - [TEST_STEP][PASSED] - setText(NewInputNmField, RandomString): Text '' is set on object 'Object Repository/Objects.RemarksValidation/input_Remarks'

2020-05-27 19:44:51 - [MESSAGE][PASSED] - Text '' is set on object 'Object Repository/Objects.RemarksValidation/input_Remarks'

2020-05-27 19:44:51 - [TEST_STEP][PASSED] - GetInputVal = getAttribute(NewInputNmField, "value"): Attribute 'value' of object 'Object Repository/Objects.RemarksValidation/input_Remarks' is: ''

2020-05-27 19:44:51 - [MESSAGE][PASSED] - Attribute 'value' of object 'Object Repository/Objects.RemarksValidation/input_Remarks' is: ''

2020-05-27 19:44:51 - [TEST_STEP][PASSED] - if (GetInputVal.contains("e")): null

2020-05-27 19:44:51 - [TEST_STEP][PASSED] - else: Actual text '' and expected text '' are matched  using regular expression

2020-05-27 19:44:51 - [TEST_STEP][PASSED] - verifyMatch(GetInputVal, "", true): Actual text '' and expected text '' are matched  using regular expression

2020-05-27 19:44:51 - [MESSAGE][PASSED] - Actual text '' and expected text '' are matched  using regular expression

2020-05-27 19:44:51 - [TEST_STEP][PASSED] - setText(NewInputNmField, RandomNumeric): Text '' is set on object 'Object Repository/Objects.RemarksValidation/input_Remarks'

2020-05-27 19:44:52 - [MESSAGE][PASSED] - Text '' is set on object 'Object Repository/Objects.RemarksValidation/input_Remarks'

2020-05-27 19:44:52 - [TEST_STEP][PASSED] - GetEnteredIntegers = getAttribute(NewInputNmField, "value"): Attribute 'value' of object 'Object Repository/Objects.RemarksValidation/input_Remarks' is: ''

2020-05-27 19:44:52 - [MESSAGE][PASSED] - Attribute 'value' of object 'Object Repository/Objects.RemarksValidation/input_Remarks' is: ''

2020-05-27 19:44:52 - [TEST_STEP][PASSED] - matchStr = regexPat.matcher(GetEnteredIntegers): null

2020-05-27 19:44:52 - [TEST_STEP][PASSED] - if (matchStr.matches() == true): null

2020-05-27 19:44:52 - [MESSAGE][PASSED] - Call Test Case 'Test Cases/PFI Precision and Scale/PFI Components/NumericTextboxValidationII' successfully

2020-05-27 19:44:52 - [TEST_STEP][FAILED] - callTestCase(findTestCase("PFI Precision and Scale/PFI Components/InvalidDateErrorValidation"), ["FldNm":"d2aComplDt"], STOP_ON_FAILURE): Unable to call Test Case 'Test Cases/PFI Precision and Scale/PFI Components/InvalidDateErrorValidation' (Root cause: com.kms.katalon.core.exception.StepFailedException: Call Test Case 'Test Cases/PFI Precision and Scale/PFI Components/InvalidDateErrorValidation' failed
	at com.kms.katalon.core.keyword.builtin.CallTestCaseKeyword$_callTestCase_closure1.doCall(CallTestCaseKeyword.groovy:63)
	at com.kms.katalon.core.keyword.builtin.CallTestCaseKeyword$_callTestCase_closure1.call(CallTestCaseKeyword.groovy)
	at com.kms.katalon.core.keyword.internal.KeywordMain.runKeyword(KeywordMain.groovy:68)
	at com.kms.katalon.core.keyword.builtin.CallTestCaseKeyword.callTestCase(CallTestCaseKeyword.groovy:81)
	at com.kms.katalon.core.keyword.builtin.CallTestCaseKeyword.execute(CallTestCaseKeyword.groovy:44)
	at com.kms.katalon.core.keyword.internal.KeywordExecutor.executeKeywordForPlatform(KeywordExecutor.groovy:72)
	at com.kms.katalon.core.keyword.BuiltinKeywords.callTestCase(BuiltinKeywords.groovy:334)
	at PFI.D2FormsLHS.run(PFI.D2FormsLHS:114)
	at com.kms.katalon.core.main.ScriptEngine.run(ScriptEngine.java:194)
	at com.kms.katalon.core.main.ScriptEngine.runScriptAsRawText(ScriptEngine.java:119)
	at com.kms.katalon.core.main.TestCaseExecutor.runScript(TestCaseExecutor.java:337)
	at com.kms.katalon.core.main.TestCaseExecutor.doExecute(TestCaseExecutor.java:328)
	at com.kms.katalon.core.main.TestCaseExecutor.processExecutionPhase(TestCaseExecutor.java:307)
	at com.kms.katalon.core.main.TestCaseExecutor.accessMainPhase(TestCaseExecutor.java:299)
	at com.kms.katalon.core.main.TestCaseExecutor.execute(TestCaseExecutor.java:233)
	at com.kms.katalon.core.main.TestSuiteExecutor.accessTestCaseMainPhase(TestSuiteExecutor.java:169)
	at com.kms.katalon.core.main.TestSuiteExecutor.accessTestSuiteMainPhase(TestSuiteExecutor.java:142)
	at com.kms.katalon.core.main.TestSuiteExecutor.execute(TestSuiteExecutor.java:91)
	at com.kms.katalon.core.main.TestCaseMain.startTestSuite(TestCaseMain.java:157)
	at com.kms.katalon.core.main.TestCaseMain$startTestSuite$0.call(Unknown Source)
	at TempTestSuite1590579296714.run(TempTestSuite1590579296714.groovy:36)
Caused by: com.kms.katalon.core.exception.StepFailedException: Actual text 'This field is required' and expected text ' is not a valid date - it must be in the format d/m/Y' are not matched using regular expression
	at com.kms.katalon.core.keyword.builtin.VerifyMatchKeyword$_verifyMatch_closure1.doCall(VerifyMatchKeyword.groovy:57)
	at com.kms.katalon.core.keyword.builtin.VerifyMatchKeyword$_verifyMatch_closure1.call(VerifyMatchKeyword.groovy)
	at com.kms.katalon.core.keyword.internal.KeywordMain.runKeyword(KeywordMain.groovy:68)
	at com.kms.katalon.core.keyword.builtin.VerifyMatchKeyword.verifyMatch(VerifyMatchKeyword.groovy:60)
	at com.kms.katalon.core.keyword.builtin.VerifyMatchKeyword.execute(VerifyMatchKeyword.groovy:45)
	at com.kms.katalon.core.keyword.internal.KeywordExecutor.executeKeywordForPlatform(KeywordExecutor.groovy:72)
	at com.kms.katalon.core.keyword.BuiltinKeywords.verifyMatch(BuiltinKeywords.groovy:73)
	at InvalidDateErrorValidation.run(InvalidDateErrorValidation:57)
	at com.kms.katalon.core.main.ScriptEngine.run(ScriptEngine.java:194)
	at com.kms.katalon.core.main.ScriptEngine.runScriptAsRawText(ScriptEngine.java:119)
	at com.kms.katalon.core.main.TestCaseExecutor.runScript(TestCaseExecutor.java:337)
	at com.kms.katalon.core.main.TestCaseExecutor.doExecute(TestCaseExecutor.java:328)
	at com.kms.katalon.core.main.TestCaseExecutor.processExecutionPhase(TestCaseExecutor.java:307)
	at com.kms.katalon.core.main.TestCaseExecutor.accessMainPhase(TestCaseExecutor.java:299)
	at com.kms.katalon.core.main.TestCaseExecutor.execute(TestCaseExecutor.java:233)
	at com.kms.katalon.core.main.TestCaseMain.runTestCase(TestCaseMain.java:114)
	at com.kms.katalon.core.keyword.builtin.CallTestCaseKeyword$_callTestCase_closure1.doCall(CallTestCaseKeyword.groovy:59)
	... 20 more
)

2020-05-27 19:44:52 - [TEST_CASE][FAILED] - Test Cases/PFI Precision and Scale/PFI Components/InvalidDateErrorValidation: Test Cases/PFI Precision and Scale/PFI Components/InvalidDateErrorValidation FAILED.
Reason:
com.kms.katalon.core.exception.StepFailedException: Actual text 'This field is required' and expected text ' is not a valid date - it must be in the format d/m/Y' are not matched using regular expression
	at com.kms.katalon.core.keyword.builtin.VerifyMatchKeyword$_verifyMatch_closure1.doCall(VerifyMatchKeyword.groovy:57)
	at com.kms.katalon.core.keyword.builtin.VerifyMatchKeyword$_verifyMatch_closure1.call(VerifyMatchKeyword.groovy)
	at com.kms.katalon.core.keyword.internal.KeywordMain.runKeyword(KeywordMain.groovy:68)
	at com.kms.katalon.core.keyword.builtin.VerifyMatchKeyword.verifyMatch(VerifyMatchKeyword.groovy:60)
	at com.kms.katalon.core.keyword.builtin.VerifyMatchKeyword.execute(VerifyMatchKeyword.groovy:45)
	at com.kms.katalon.core.keyword.internal.KeywordExecutor.executeKeywordForPlatform(KeywordExecutor.groovy:72)
	at com.kms.katalon.core.keyword.BuiltinKeywords.verifyMatch(BuiltinKeywords.groovy:73)
	at InvalidDateErrorValidation.run(InvalidDateErrorValidation:57)
	at com.kms.katalon.core.main.ScriptEngine.run(ScriptEngine.java:194)
	at com.kms.katalon.core.main.ScriptEngine.runScriptAsRawText(ScriptEngine.java:119)
	at com.kms.katalon.core.main.TestCaseExecutor.runScript(TestCaseExecutor.java:337)
	at com.kms.katalon.core.main.TestCaseExecutor.doExecute(TestCaseExecutor.java:328)
	at com.kms.katalon.core.main.TestCaseExecutor.processExecutionPhase(TestCaseExecutor.java:307)
	at com.kms.katalon.core.main.TestCaseExecutor.accessMainPhase(TestCaseExecutor.java:299)
	at com.kms.katalon.core.main.TestCaseExecutor.execute(TestCaseExecutor.java:233)
	at com.kms.katalon.core.main.TestCaseMain.runTestCase(TestCaseMain.java:114)
	at com.kms.katalon.core.keyword.builtin.CallTestCaseKeyword$_callTestCase_closure1.doCall(CallTestCaseKeyword.groovy:59)
	at com.kms.katalon.core.keyword.builtin.CallTestCaseKeyword$_callTestCase_closure1.call(CallTestCaseKeyword.groovy)
	at com.kms.katalon.core.keyword.internal.KeywordMain.runKeyword(KeywordMain.groovy:68)
	at com.kms.katalon.core.keyword.builtin.CallTestCaseKeyword.callTestCase(CallTestCaseKeyword.groovy:81)
	at com.kms.katalon.core.keyword.builtin.CallTestCaseKeyword.execute(CallTestCaseKeyword.groovy:44)
	at com.kms.katalon.core.keyword.internal.KeywordExecutor.executeKeywordForPlatform(KeywordExecutor.groovy:72)
	at com.kms.katalon.core.keyword.BuiltinKeywords.callTestCase(BuiltinKeywords.groovy:334)
	at PFI.D2FormsLHS.run(PFI.D2FormsLHS:114)
	at com.kms.katalon.core.main.ScriptEngine.run(ScriptEngine.java:194)
	at com.kms.katalon.core.main.ScriptEngine.runScriptAsRawText(ScriptEngine.java:119)
	at com.kms.katalon.core.main.TestCaseExecutor.runScript(TestCaseExecutor.java:337)
	at com.kms.katalon.core.main.TestCaseExecutor.doExecute(TestCaseExecutor.java:328)
	at com.kms.katalon.core.main.TestCaseExecutor.processExecutionPhase(TestCaseExecutor.java:307)
	at com.kms.katalon.core.main.TestCaseExecutor.accessMainPhase(TestCaseExecutor.java:299)
	at com.kms.katalon.core.main.TestCaseExecutor.execute(TestCaseExecutor.java:233)
	at com.kms.katalon.core.main.TestSuiteExecutor.accessTestCaseMainPhase(TestSuiteExecutor.java:169)
	at com.kms.katalon.core.main.TestSuiteExecutor.accessTestSuiteMainPhase(TestSuiteExecutor.java:142)
	at com.kms.katalon.core.main.TestSuiteExecutor.execute(TestSuiteExecutor.java:91)
	at com.kms.katalon.core.main.TestCaseMain.startTestSuite(TestCaseMain.java:157)
	at com.kms.katalon.core.main.TestCaseMain$startTestSuite$0.call(Unknown Source)
	at TempTestSuite1590579296714.run(TempTestSuite1590579296714.groovy:36)


2020-05-27 19:44:52 - [TEST_STEP][PASSED] - Thread.sleep(1000): null

2020-05-27 19:44:53 - [TEST_STEP][PASSED] - DateFieldNm = modifyObjectProperty(findTestObject("Object Repository/Objects.DateValidation/Page_ISPS2/input__orderDt"), "name", "equals", FldNm, true): Modify property of object successfully

2020-05-27 19:44:53 - [MESSAGE][PASSED] - Modify property of object successfully

2020-05-27 19:44:53 - [TEST_STEP][PASSED] - focus(DateFieldNm): Object: 'Object Repository/Objects.DateValidation/Page_ISPS2/input__orderDt' is focused

2020-05-27 19:44:53 - [MESSAGE][PASSED] - Object: 'Object Repository/Objects.DateValidation/Page_ISPS2/input__orderDt' is focused

2020-05-27 19:44:53 - [TEST_STEP][PASSED] - getInputInvalidDate = getAttribute(DateFieldNm, "value"): Attribute 'value' of object 'Object Repository/Objects.DateValidation/Page_ISPS2/input__orderDt' is: ''

2020-05-27 19:44:54 - [MESSAGE][PASSED] - Attribute 'value' of object 'Object Repository/Objects.DateValidation/Page_ISPS2/input__orderDt' is: ''

2020-05-27 19:44:54 - [TEST_STEP][PASSED] - mouseOver(DateFieldNm): Object: 'Object Repository/Objects.DateValidation/Page_ISPS2/input__orderDt' is hovered

2020-05-27 19:44:54 - [MESSAGE][PASSED] - Object: 'Object Repository/Objects.DateValidation/Page_ISPS2/input__orderDt' is hovered

2020-05-27 19:44:54 - [TEST_STEP][PASSED] - getErrMsg = getAttribute(DateFieldNm, "data-errorqtip"): Attribute 'data-errorqtip' of object 'Object Repository/Objects.DateValidation/Page_ISPS2/input__orderDt' is: '<ul class="x-list-plain"><li>This field is required</li></ul>'

2020-05-27 19:44:54 - [MESSAGE][PASSED] - Attribute 'data-errorqtip' of object 'Object Repository/Objects.DateValidation/Page_ISPS2/input__orderDt' is: '<ul class="x-list-plain"><li>This field is required</li></ul>'

2020-05-27 19:44:54 - [TEST_STEP][PASSED] - getTotalLength = getErrMsg.length(): null

2020-05-27 19:44:54 - [TEST_STEP][PASSED] - RemoveULClass = getErrMsg.substring(29, getTotalLength): null

2020-05-27 19:44:54 - [TEST_STEP][PASSED] - LengthNoUlClass = RemoveULClass.length() - 10: null

2020-05-27 19:44:54 - [TEST_STEP][PASSED] - ToolTipInvErrMsg = RemoveULClass.substring(0, LengthNoUlClass): null

2020-05-27 19:44:54 - [TEST_STEP][PASSED] - ExpectedInvalidErrMsg = concatenate(getInputInvalidDate, " ", NotValidDt): Concatenated string array: '['',' ','is not a valid date - it must be in the format d/m/Y']' into ' is not a valid date - it must be in the format d/m/Y'

2020-05-27 19:44:54 - [MESSAGE][PASSED] - Concatenated string array: '['',' ','is not a valid date - it must be in the format d/m/Y']' into ' is not a valid date - it must be in the format d/m/Y'

2020-05-27 19:44:54 - [TEST_STEP][FAILED] - verifyMatch(ToolTipInvErrMsg, ExpectedInvalidErrMsg, true): Unable to verify match between actual text 'This field is required' and expected text ' is not a valid date - it must be in the format d/m/Y' using regular expression (Root cause: com.kms.katalon.core.exception.StepFailedException: Actual text 'This field is required' and expected text ' is not a valid date - it must be in the format d/m/Y' are not matched using regular expression
	at com.kms.katalon.core.keyword.builtin.VerifyMatchKeyword$_verifyMatch_closure1.doCall(VerifyMatchKeyword.groovy:57)
	at com.kms.katalon.core.keyword.builtin.VerifyMatchKeyword$_verifyMatch_closure1.call(VerifyMatchKeyword.groovy)
	at com.kms.katalon.core.keyword.internal.KeywordMain.runKeyword(KeywordMain.groovy:68)
	at com.kms.katalon.core.keyword.builtin.VerifyMatchKeyword.verifyMatch(VerifyMatchKeyword.groovy:60)
	at com.kms.katalon.core.keyword.builtin.VerifyMatchKeyword.execute(VerifyMatchKeyword.groovy:45)
	at com.kms.katalon.core.keyword.internal.KeywordExecutor.executeKeywordForPlatform(KeywordExecutor.groovy:72)
	at com.kms.katalon.core.keyword.BuiltinKeywords.verifyMatch(BuiltinKeywords.groovy:73)
	at InvalidDateErrorValidation.run(InvalidDateErrorValidation:57)
	at com.kms.katalon.core.main.ScriptEngine.run(ScriptEngine.java:194)
	at com.kms.katalon.core.main.ScriptEngine.runScriptAsRawText(ScriptEngine.java:119)
	at com.kms.katalon.core.main.TestCaseExecutor.runScript(TestCaseExecutor.java:337)
	at com.kms.katalon.core.main.TestCaseExecutor.doExecute(TestCaseExecutor.java:328)
	at com.kms.katalon.core.main.TestCaseExecutor.processExecutionPhase(TestCaseExecutor.java:307)
	at com.kms.katalon.core.main.TestCaseExecutor.accessMainPhase(TestCaseExecutor.java:299)
	at com.kms.katalon.core.main.TestCaseExecutor.execute(TestCaseExecutor.java:233)
	at com.kms.katalon.core.main.TestCaseMain.runTestCase(TestCaseMain.java:114)
	at com.kms.katalon.core.keyword.builtin.CallTestCaseKeyword$_callTestCase_closure1.doCall(CallTestCaseKeyword.groovy:59)
	at com.kms.katalon.core.keyword.builtin.CallTestCaseKeyword$_callTestCase_closure1.call(CallTestCaseKeyword.groovy)
	at com.kms.katalon.core.keyword.internal.KeywordMain.runKeyword(KeywordMain.groovy:68)
	at com.kms.katalon.core.keyword.builtin.CallTestCaseKeyword.callTestCase(CallTestCaseKeyword.groovy:81)
	at com.kms.katalon.core.keyword.builtin.CallTestCaseKeyword.execute(CallTestCaseKeyword.groovy:44)
	at com.kms.katalon.core.keyword.internal.KeywordExecutor.executeKeywordForPlatform(KeywordExecutor.groovy:72)
	at com.kms.katalon.core.keyword.BuiltinKeywords.callTestCase(BuiltinKeywords.groovy:334)
	at PFI.D2FormsLHS.run(PFI.D2FormsLHS:114)
	at com.kms.katalon.core.main.ScriptEngine.run(ScriptEngine.java:194)
	at com.kms.katalon.core.main.ScriptEngine.runScriptAsRawText(ScriptEngine.java:119)
	at com.kms.katalon.core.main.TestCaseExecutor.runScript(TestCaseExecutor.java:337)
	at com.kms.katalon.core.main.TestCaseExecutor.doExecute(TestCaseExecutor.java:328)
	at com.kms.katalon.core.main.TestCaseExecutor.processExecutionPhase(TestCaseExecutor.java:307)
	at com.kms.katalon.core.main.TestCaseExecutor.accessMainPhase(TestCaseExecutor.java:299)
	at com.kms.katalon.core.main.TestCaseExecutor.execute(TestCaseExecutor.java:233)
	at com.kms.katalon.core.main.TestSuiteExecutor.accessTestCaseMainPhase(TestSuiteExecutor.java:169)
	at com.kms.katalon.core.main.TestSuiteExecutor.accessTestSuiteMainPhase(TestSuiteExecutor.java:142)
	at com.kms.katalon.core.main.TestSuiteExecutor.execute(TestSuiteExecutor.java:91)
	at com.kms.katalon.core.main.TestCaseMain.startTestSuite(TestCaseMain.java:157)
	at com.kms.katalon.core.main.TestCaseMain$startTestSuite$0.call(Unknown Source)
	at TempTestSuite1590579296714.run(TempTestSuite1590579296714.groovy:36)
)

2020-05-27 19:44:54 - [MESSAGE][FAILED] - Unable to verify match between actual text 'This field is required' and expected text ' is not a valid date - it must be in the format d/m/Y' using regular expression (Root cause: com.kms.katalon.core.exception.StepFailedException: Actual text 'This field is required' and expected text ' is not a valid date - it must be in the format d/m/Y' are not matched using regular expression
	at com.kms.katalon.core.keyword.builtin.VerifyMatchKeyword$_verifyMatch_closure1.doCall(VerifyMatchKeyword.groovy:57)
	at com.kms.katalon.core.keyword.builtin.VerifyMatchKeyword$_verifyMatch_closure1.call(VerifyMatchKeyword.groovy)
	at com.kms.katalon.core.keyword.internal.KeywordMain.runKeyword(KeywordMain.groovy:68)
	at com.kms.katalon.core.keyword.builtin.VerifyMatchKeyword.verifyMatch(VerifyMatchKeyword.groovy:60)
	at com.kms.katalon.core.keyword.builtin.VerifyMatchKeyword.execute(VerifyMatchKeyword.groovy:45)
	at com.kms.katalon.core.keyword.internal.KeywordExecutor.executeKeywordForPlatform(KeywordExecutor.groovy:72)
	at com.kms.katalon.core.keyword.BuiltinKeywords.verifyMatch(BuiltinKeywords.groovy:73)
	at InvalidDateErrorValidation.run(InvalidDateErrorValidation:57)
	at com.kms.katalon.core.main.ScriptEngine.run(ScriptEngine.java:194)
	at com.kms.katalon.core.main.ScriptEngine.runScriptAsRawText(ScriptEngine.java:119)
	at com.kms.katalon.core.main.TestCaseExecutor.runScript(TestCaseExecutor.java:337)
	at com.kms.katalon.core.main.TestCaseExecutor.doExecute(TestCaseExecutor.java:328)
	at com.kms.katalon.core.main.TestCaseExecutor.processExecutionPhase(TestCaseExecutor.java:307)
	at com.kms.katalon.core.main.TestCaseExecutor.accessMainPhase(TestCaseExecutor.java:299)
	at com.kms.katalon.core.main.TestCaseExecutor.execute(TestCaseExecutor.java:233)
	at com.kms.katalon.core.main.TestCaseMain.runTestCase(TestCaseMain.java:114)
	at com.kms.katalon.core.keyword.builtin.CallTestCaseKeyword$_callTestCase_closure1.doCall(CallTestCaseKeyword.groovy:59)
	at com.kms.katalon.core.keyword.builtin.CallTestCaseKeyword$_callTestCase_closure1.call(CallTestCaseKeyword.groovy)
	at com.kms.katalon.core.keyword.internal.KeywordMain.runKeyword(KeywordMain.groovy:68)
	at com.kms.katalon.core.keyword.builtin.CallTestCaseKeyword.callTestCase(CallTestCaseKeyword.groovy:81)
	at com.kms.katalon.core.keyword.builtin.CallTestCaseKeyword.execute(CallTestCaseKeyword.groovy:44)
	at com.kms.katalon.core.keyword.internal.KeywordExecutor.executeKeywordForPlatform(KeywordExecutor.groovy:72)
	at com.kms.katalon.core.keyword.BuiltinKeywords.callTestCase(BuiltinKeywords.groovy:334)
	at PFI.D2FormsLHS.run(PFI.D2FormsLHS:114)
	at com.kms.katalon.core.main.ScriptEngine.run(ScriptEngine.java:194)
	at com.kms.katalon.core.main.ScriptEngine.runScriptAsRawText(ScriptEngine.java:119)
	at com.kms.katalon.core.main.TestCaseExecutor.runScript(TestCaseExecutor.java:337)
	at com.kms.katalon.core.main.TestCaseExecutor.doExecute(TestCaseExecutor.java:328)
	at com.kms.katalon.core.main.TestCaseExecutor.processExecutionPhase(TestCaseExecutor.java:307)
	at com.kms.katalon.core.main.TestCaseExecutor.accessMainPhase(TestCaseExecutor.java:299)
	at com.kms.katalon.core.main.TestCaseExecutor.execute(TestCaseExecutor.java:233)
	at com.kms.katalon.core.main.TestSuiteExecutor.accessTestCaseMainPhase(TestSuiteExecutor.java:169)
	at com.kms.katalon.core.main.TestSuiteExecutor.accessTestSuiteMainPhase(TestSuiteExecutor.java:142)
	at com.kms.katalon.core.main.TestSuiteExecutor.execute(TestSuiteExecutor.java:91)
	at com.kms.katalon.core.main.TestCaseMain.startTestSuite(TestCaseMain.java:157)
	at com.kms.katalon.core.main.TestCaseMain$startTestSuite$0.call(Unknown Source)
	at TempTestSuite1590579296714.run(TempTestSuite1590579296714.groovy:36)
)

2020-05-27 19:44:54 - [MESSAGE][FAILED] - Unable to call Test Case 'Test Cases/PFI Precision and Scale/PFI Components/InvalidDateErrorValidation' (Root cause: com.kms.katalon.core.exception.StepFailedException: Call Test Case 'Test Cases/PFI Precision and Scale/PFI Components/InvalidDateErrorValidation' failed
	at com.kms.katalon.core.keyword.builtin.CallTestCaseKeyword$_callTestCase_closure1.doCall(CallTestCaseKeyword.groovy:63)
	at com.kms.katalon.core.keyword.builtin.CallTestCaseKeyword$_callTestCase_closure1.call(CallTestCaseKeyword.groovy)
	at com.kms.katalon.core.keyword.internal.KeywordMain.runKeyword(KeywordMain.groovy:68)
	at com.kms.katalon.core.keyword.builtin.CallTestCaseKeyword.callTestCase(CallTestCaseKeyword.groovy:81)
	at com.kms.katalon.core.keyword.builtin.CallTestCaseKeyword.execute(CallTestCaseKeyword.groovy:44)
	at com.kms.katalon.core.keyword.internal.KeywordExecutor.executeKeywordForPlatform(KeywordExecutor.groovy:72)
	at com.kms.katalon.core.keyword.BuiltinKeywords.callTestCase(BuiltinKeywords.groovy:334)
	at PFI.D2FormsLHS.run(PFI.D2FormsLHS:114)
	at com.kms.katalon.core.main.ScriptEngine.run(ScriptEngine.java:194)
	at com.kms.katalon.core.main.ScriptEngine.runScriptAsRawText(ScriptEngine.java:119)
	at com.kms.katalon.core.main.TestCaseExecutor.runScript(TestCaseExecutor.java:337)
	at com.kms.katalon.core.main.TestCaseExecutor.doExecute(TestCaseExecutor.java:328)
	at com.kms.katalon.core.main.TestCaseExecutor.processExecutionPhase(TestCaseExecutor.java:307)
	at com.kms.katalon.core.main.TestCaseExecutor.accessMainPhase(TestCaseExecutor.java:299)
	at com.kms.katalon.core.main.TestCaseExecutor.execute(TestCaseExecutor.java:233)
	at com.kms.katalon.core.main.TestSuiteExecutor.accessTestCaseMainPhase(TestSuiteExecutor.java:169)
	at com.kms.katalon.core.main.TestSuiteExecutor.accessTestSuiteMainPhase(TestSuiteExecutor.java:142)
	at com.kms.katalon.core.main.TestSuiteExecutor.execute(TestSuiteExecutor.java:91)
	at com.kms.katalon.core.main.TestCaseMain.startTestSuite(TestCaseMain.java:157)
	at com.kms.katalon.core.main.TestCaseMain$startTestSuite$0.call(Unknown Source)
	at TempTestSuite1590579296714.run(TempTestSuite1590579296714.groovy:36)
Caused by: com.kms.katalon.core.exception.StepFailedException: Actual text 'This field is required' and expected text ' is not a valid date - it must be in the format d/m/Y' are not matched using regular expression
	at com.kms.katalon.core.keyword.builtin.VerifyMatchKeyword$_verifyMatch_closure1.doCall(VerifyMatchKeyword.groovy:57)
	at com.kms.katalon.core.keyword.builtin.VerifyMatchKeyword$_verifyMatch_closure1.call(VerifyMatchKeyword.groovy)
	at com.kms.katalon.core.keyword.internal.KeywordMain.runKeyword(KeywordMain.groovy:68)
	at com.kms.katalon.core.keyword.builtin.VerifyMatchKeyword.verifyMatch(VerifyMatchKeyword.groovy:60)
	at com.kms.katalon.core.keyword.builtin.VerifyMatchKeyword.execute(VerifyMatchKeyword.groovy:45)
	at com.kms.katalon.core.keyword.internal.KeywordExecutor.executeKeywordForPlatform(KeywordExecutor.groovy:72)
	at com.kms.katalon.core.keyword.BuiltinKeywords.verifyMatch(BuiltinKeywords.groovy:73)
	at InvalidDateErrorValidation.run(InvalidDateErrorValidation:57)
	at com.kms.katalon.core.main.ScriptEngine.run(ScriptEngine.java:194)
	at com.kms.katalon.core.main.ScriptEngine.runScriptAsRawText(ScriptEngine.java:119)
	at com.kms.katalon.core.main.TestCaseExecutor.runScript(TestCaseExecutor.java:337)
	at com.kms.katalon.core.main.TestCaseExecutor.doExecute(TestCaseExecutor.java:328)
	at com.kms.katalon.core.main.TestCaseExecutor.processExecutionPhase(TestCaseExecutor.java:307)
	at com.kms.katalon.core.main.TestCaseExecutor.accessMainPhase(TestCaseExecutor.java:299)
	at com.kms.katalon.core.main.TestCaseExecutor.execute(TestCaseExecutor.java:233)
	at com.kms.katalon.core.main.TestCaseMain.runTestCase(TestCaseMain.java:114)
	at com.kms.katalon.core.keyword.builtin.CallTestCaseKeyword$_callTestCase_closure1.doCall(CallTestCaseKeyword.groovy:59)
	... 20 more
)]]></system-out>
         <system-err><![CDATA[2020-05-27 19:43:39 - [TEST_CASE][FAILED] - Test Cases/PFI Precision and Scale/PFI Test Cases/PFI.D2FormsLHS: Test Cases/PFI Precision and Scale/PFI Test Cases/PFI.D2FormsLHS FAILED.
Reason:
com.kms.katalon.core.exception.StepFailedException: Call Test Case 'Test Cases/PFI Precision and Scale/PFI Components/InvalidDateErrorValidation' failed
	at com.kms.katalon.core.keyword.builtin.CallTestCaseKeyword$_callTestCase_closure1.doCall(CallTestCaseKeyword.groovy:63)
	at com.kms.katalon.core.keyword.builtin.CallTestCaseKeyword$_callTestCase_closure1.call(CallTestCaseKeyword.groovy)
	at com.kms.katalon.core.keyword.internal.KeywordMain.runKeyword(KeywordMain.groovy:68)
	at com.kms.katalon.core.keyword.builtin.CallTestCaseKeyword.callTestCase(CallTestCaseKeyword.groovy:81)
	at com.kms.katalon.core.keyword.builtin.CallTestCaseKeyword.execute(CallTestCaseKeyword.groovy:44)
	at com.kms.katalon.core.keyword.internal.KeywordExecutor.executeKeywordForPlatform(KeywordExecutor.groovy:72)
	at com.kms.katalon.core.keyword.BuiltinKeywords.callTestCase(BuiltinKeywords.groovy:334)
	at PFI.D2FormsLHS.run(PFI.D2FormsLHS:114)
	at com.kms.katalon.core.main.ScriptEngine.run(ScriptEngine.java:194)
	at com.kms.katalon.core.main.ScriptEngine.runScriptAsRawText(ScriptEngine.java:119)
	at com.kms.katalon.core.main.TestCaseExecutor.runScript(TestCaseExecutor.java:337)
	at com.kms.katalon.core.main.TestCaseExecutor.doExecute(TestCaseExecutor.java:328)
	at com.kms.katalon.core.main.TestCaseExecutor.processExecutionPhase(TestCaseExecutor.java:307)
	at com.kms.katalon.core.main.TestCaseExecutor.accessMainPhase(TestCaseExecutor.java:299)
	at com.kms.katalon.core.main.TestCaseExecutor.execute(TestCaseExecutor.java:233)
	at com.kms.katalon.core.main.TestSuiteExecutor.accessTestCaseMainPhase(TestSuiteExecutor.java:169)
	at com.kms.katalon.core.main.TestSuiteExecutor.accessTestSuiteMainPhase(TestSuiteExecutor.java:142)
	at com.kms.katalon.core.main.TestSuiteExecutor.execute(TestSuiteExecutor.java:91)
	at com.kms.katalon.core.main.TestCaseMain.startTestSuite(TestCaseMain.java:157)
	at com.kms.katalon.core.main.TestCaseMain$startTestSuite$0.call(Unknown Source)
	at TempTestSuite1590579296714.run(TempTestSuite1590579296714.groovy:36)
Caused by: com.kms.katalon.core.exception.StepFailedException: Actual text 'This field is required' and expected text ' is not a valid date - it must be in the format d/m/Y' are not matched using regular expression
	at com.kms.katalon.core.keyword.builtin.VerifyMatchKeyword$_verifyMatch_closure1.doCall(VerifyMatchKeyword.groovy:57)
	at com.kms.katalon.core.keyword.builtin.VerifyMatchKeyword$_verifyMatch_closure1.call(VerifyMatchKeyword.groovy)
	at com.kms.katalon.core.keyword.internal.KeywordMain.runKeyword(KeywordMain.groovy:68)
	at com.kms.katalon.core.keyword.builtin.VerifyMatchKeyword.verifyMatch(VerifyMatchKeyword.groovy:60)
	at com.kms.katalon.core.keyword.builtin.VerifyMatchKeyword.execute(VerifyMatchKeyword.groovy:45)
	at com.kms.katalon.core.keyword.internal.KeywordExecutor.executeKeywordForPlatform(KeywordExecutor.groovy:72)
	at com.kms.katalon.core.keyword.BuiltinKeywords.verifyMatch(BuiltinKeywords.groovy:73)
	at InvalidDateErrorValidation.run(InvalidDateErrorValidation:57)
	at com.kms.katalon.core.main.ScriptEngine.run(ScriptEngine.java:194)
	at com.kms.katalon.core.main.ScriptEngine.runScriptAsRawText(ScriptEngine.java:119)
	at com.kms.katalon.core.main.TestCaseExecutor.runScript(TestCaseExecutor.java:337)
	at com.kms.katalon.core.main.TestCaseExecutor.doExecute(TestCaseExecutor.java:328)
	at com.kms.katalon.core.main.TestCaseExecutor.processExecutionPhase(TestCaseExecutor.java:307)
	at com.kms.katalon.core.main.TestCaseExecutor.accessMainPhase(TestCaseExecutor.java:299)
	at com.kms.katalon.core.main.TestCaseExecutor.execute(TestCaseExecutor.java:233)
	at com.kms.katalon.core.main.TestCaseMain.runTestCase(TestCaseMain.java:114)
	at com.kms.katalon.core.keyword.builtin.CallTestCaseKeyword$_callTestCase_closure1.doCall(CallTestCaseKeyword.groovy:59)
	... 20 more]]></system-err>
      </testcase>
      <system-out><![CDATA[2020-05-27 19:35:04 - [TEST_SUITE][FAILED] - Page Section: Test Cases/PFI Precision and Scale/PFI Test Cases/PFI.D2FormsLHS FAILED.
Reason:
com.kms.katalon.core.exception.StepFailedException: Call Test Case 'Test Cases/PFI Precision and Scale/PFI Components/InvalidDateErrorValidation' failed
	at com.kms.katalon.core.keyword.builtin.CallTestCaseKeyword$_callTestCase_closure1.doCall(CallTestCaseKeyword.groovy:63)
	at com.kms.katalon.core.keyword.builtin.CallTestCaseKeyword$_callTestCase_closure1.call(CallTestCaseKeyword.groovy)
	at com.kms.katalon.core.keyword.internal.KeywordMain.runKeyword(KeywordMain.groovy:68)
	at com.kms.katalon.core.keyword.builtin.CallTestCaseKeyword.callTestCase(CallTestCaseKeyword.groovy:81)
	at com.kms.katalon.core.keyword.builtin.CallTestCaseKeyword.execute(CallTestCaseKeyword.groovy:44)
	at com.kms.katalon.core.keyword.internal.KeywordExecutor.executeKeywordForPlatform(KeywordExecutor.groovy:72)
	at com.kms.katalon.core.keyword.BuiltinKeywords.callTestCase(BuiltinKeywords.groovy:334)
	at PFI.D2FormsLHS.run(PFI.D2FormsLHS:114)
	at com.kms.katalon.core.main.ScriptEngine.run(ScriptEngine.java:194)
	at com.kms.katalon.core.main.ScriptEngine.runScriptAsRawText(ScriptEngine.java:119)
	at com.kms.katalon.core.main.TestCaseExecutor.runScript(TestCaseExecutor.java:337)
	at com.kms.katalon.core.main.TestCaseExecutor.doExecute(TestCaseExecutor.java:328)
	at com.kms.katalon.core.main.TestCaseExecutor.processExecutionPhase(TestCaseExecutor.java:307)
	at com.kms.katalon.core.main.TestCaseExecutor.accessMainPhase(TestCaseExecutor.java:299)
	at com.kms.katalon.core.main.TestCaseExecutor.execute(TestCaseExecutor.java:233)
	at com.kms.katalon.core.main.TestSuiteExecutor.accessTestCaseMainPhase(TestSuiteExecutor.java:169)
	at com.kms.katalon.core.main.TestSuiteExecutor.accessTestSuiteMainPhase(TestSuiteExecutor.java:142)
	at com.kms.katalon.core.main.TestSuiteExecutor.execute(TestSuiteExecutor.java:91)
	at com.kms.katalon.core.main.TestCaseMain.startTestSuite(TestCaseMain.java:157)
	at com.kms.katalon.core.main.TestCaseMain$startTestSuite$0.call(Unknown Source)
	at TempTestSuite1590579296714.run(TempTestSuite1590579296714.groovy:36)
Caused by: com.kms.katalon.core.exception.StepFailedException: Actual text 'This field is required' and expected text ' is not a valid date - it must be in the format d/m/Y' are not matched using regular expression
	at com.kms.katalon.core.keyword.builtin.VerifyMatchKeyword$_verifyMatch_closure1.doCall(VerifyMatchKeyword.groovy:57)
	at com.kms.katalon.core.keyword.builtin.VerifyMatchKeyword$_verifyMatch_closure1.call(VerifyMatchKeyword.groovy)
	at com.kms.katalon.core.keyword.internal.KeywordMain.runKeyword(KeywordMain.groovy:68)
	at com.kms.katalon.core.keyword.builtin.VerifyMatchKeyword.verifyMatch(VerifyMatchKeyword.groovy:60)
	at com.kms.katalon.core.keyword.builtin.VerifyMatchKeyword.execute(VerifyMatchKeyword.groovy:45)
	at com.kms.katalon.core.keyword.internal.KeywordExecutor.executeKeywordForPlatform(KeywordExecutor.groovy:72)
	at com.kms.katalon.core.keyword.BuiltinKeywords.verifyMatch(BuiltinKeywords.groovy:73)
	at InvalidDateErrorValidation.run(InvalidDateErrorValidation:57)
	at com.kms.katalon.core.main.ScriptEngine.run(ScriptEngine.java:194)
	at com.kms.katalon.core.main.ScriptEngine.runScriptAsRawText(ScriptEngine.java:119)
	at com.kms.katalon.core.main.TestCaseExecutor.runScript(TestCaseExecutor.java:337)
	at com.kms.katalon.core.main.TestCaseExecutor.doExecute(TestCaseExecutor.java:328)
	at com.kms.katalon.core.main.TestCaseExecutor.processExecutionPhase(TestCaseExecutor.java:307)
	at com.kms.katalon.core.main.TestCaseExecutor.accessMainPhase(TestCaseExecutor.java:299)
	at com.kms.katalon.core.main.TestCaseExecutor.execute(TestCaseExecutor.java:233)
	at com.kms.katalon.core.main.TestCaseMain.runTestCase(TestCaseMain.java:114)
	at com.kms.katalon.core.keyword.builtin.CallTestCaseKeyword$_callTestCase_closure1.doCall(CallTestCaseKeyword.groovy:59)
	... 20 more]]></system-out>
      <system-err><![CDATA[2020-05-27 19:35:04 - [TEST_SUITE][FAILED] - Page Section: Test Cases/PFI Precision and Scale/PFI Test Cases/PFI.D2FormsLHS FAILED.
Reason:
com.kms.katalon.core.exception.StepFailedException: Call Test Case 'Test Cases/PFI Precision and Scale/PFI Components/InvalidDateErrorValidation' failed
	at com.kms.katalon.core.keyword.builtin.CallTestCaseKeyword$_callTestCase_closure1.doCall(CallTestCaseKeyword.groovy:63)
	at com.kms.katalon.core.keyword.builtin.CallTestCaseKeyword$_callTestCase_closure1.call(CallTestCaseKeyword.groovy)
	at com.kms.katalon.core.keyword.internal.KeywordMain.runKeyword(KeywordMain.groovy:68)
	at com.kms.katalon.core.keyword.builtin.CallTestCaseKeyword.callTestCase(CallTestCaseKeyword.groovy:81)
	at com.kms.katalon.core.keyword.builtin.CallTestCaseKeyword.execute(CallTestCaseKeyword.groovy:44)
	at com.kms.katalon.core.keyword.internal.KeywordExecutor.executeKeywordForPlatform(KeywordExecutor.groovy:72)
	at com.kms.katalon.core.keyword.BuiltinKeywords.callTestCase(BuiltinKeywords.groovy:334)
	at PFI.D2FormsLHS.run(PFI.D2FormsLHS:114)
	at com.kms.katalon.core.main.ScriptEngine.run(ScriptEngine.java:194)
	at com.kms.katalon.core.main.ScriptEngine.runScriptAsRawText(ScriptEngine.java:119)
	at com.kms.katalon.core.main.TestCaseExecutor.runScript(TestCaseExecutor.java:337)
	at com.kms.katalon.core.main.TestCaseExecutor.doExecute(TestCaseExecutor.java:328)
	at com.kms.katalon.core.main.TestCaseExecutor.processExecutionPhase(TestCaseExecutor.java:307)
	at com.kms.katalon.core.main.TestCaseExecutor.accessMainPhase(TestCaseExecutor.java:299)
	at com.kms.katalon.core.main.TestCaseExecutor.execute(TestCaseExecutor.java:233)
	at com.kms.katalon.core.main.TestSuiteExecutor.accessTestCaseMainPhase(TestSuiteExecutor.java:169)
	at com.kms.katalon.core.main.TestSuiteExecutor.accessTestSuiteMainPhase(TestSuiteExecutor.java:142)
	at com.kms.katalon.core.main.TestSuiteExecutor.execute(TestSuiteExecutor.java:91)
	at com.kms.katalon.core.main.TestCaseMain.startTestSuite(TestCaseMain.java:157)
	at com.kms.katalon.core.main.TestCaseMain$startTestSuite$0.call(Unknown Source)
	at TempTestSuite1590579296714.run(TempTestSuite1590579296714.groovy:36)
Caused by: com.kms.katalon.core.exception.StepFailedException: Actual text 'This field is required' and expected text ' is not a valid date - it must be in the format d/m/Y' are not matched using regular expression
	at com.kms.katalon.core.keyword.builtin.VerifyMatchKeyword$_verifyMatch_closure1.doCall(VerifyMatchKeyword.groovy:57)
	at com.kms.katalon.core.keyword.builtin.VerifyMatchKeyword$_verifyMatch_closure1.call(VerifyMatchKeyword.groovy)
	at com.kms.katalon.core.keyword.internal.KeywordMain.runKeyword(KeywordMain.groovy:68)
	at com.kms.katalon.core.keyword.builtin.VerifyMatchKeyword.verifyMatch(VerifyMatchKeyword.groovy:60)
	at com.kms.katalon.core.keyword.builtin.VerifyMatchKeyword.execute(VerifyMatchKeyword.groovy:45)
	at com.kms.katalon.core.keyword.internal.KeywordExecutor.executeKeywordForPlatform(KeywordExecutor.groovy:72)
	at com.kms.katalon.core.keyword.BuiltinKeywords.verifyMatch(BuiltinKeywords.groovy:73)
	at InvalidDateErrorValidation.run(InvalidDateErrorValidation:57)
	at com.kms.katalon.core.main.ScriptEngine.run(ScriptEngine.java:194)
	at com.kms.katalon.core.main.ScriptEngine.runScriptAsRawText(ScriptEngine.java:119)
	at com.kms.katalon.core.main.TestCaseExecutor.runScript(TestCaseExecutor.java:337)
	at com.kms.katalon.core.main.TestCaseExecutor.doExecute(TestCaseExecutor.java:328)
	at com.kms.katalon.core.main.TestCaseExecutor.processExecutionPhase(TestCaseExecutor.java:307)
	at com.kms.katalon.core.main.TestCaseExecutor.accessMainPhase(TestCaseExecutor.java:299)
	at com.kms.katalon.core.main.TestCaseExecutor.execute(TestCaseExecutor.java:233)
	at com.kms.katalon.core.main.TestCaseMain.runTestCase(TestCaseMain.java:114)
	at com.kms.katalon.core.keyword.builtin.CallTestCaseKeyword$_callTestCase_closure1.doCall(CallTestCaseKeyword.groovy:59)
	... 20 more]]></system-err>
   </testsuite>
</testsuites>
