<?xml version="1.0" encoding="UTF-8"?>
<testsuites name="PFI-TOPCSC" time="343.562" tests="3" failures="0" errors="0">
   <testsuite name="PFI-TOPCSC" tests="3" failures="0" errors="0" time="343.562" timestamp="2020-06-08 15:52:52" hostname="19023-RAC - 192.168.16.39" id="Test Suites/PFI Precision and Scale Automated Regression Suite/PFI-TOPCSC/PFI-TOPCSC">
      <properties>
         <property name="deviceName" value=""/>
         <property name="devicePlatform" value=""/>
         <property name="logFolder" value="C:\\Users\\19023-RAC\\Desktop\\New Automation Copy\\Reports\\20200608_155246\\PFI Precision and Scale Automated Regression Suite\\PFI-TOPCSC\\PFI-TOPCSC\\20200608_155246"/>
         <property name="logFiles" value="C:\\Users\\19023-RAC\\Desktop\\New Automation Copy\\Reports\\20200608_155246\\PFI Precision and Scale Automated Regression Suite\\PFI-TOPCSC\\PFI-TOPCSC\\20200608_155246\\execution0.log"/>
         <property name="attachments" value=""/>
         <property name="hostName" value="19023-RAC - 192.168.16.39"/>
         <property name="os" value="Windows 10 64bit"/>
         <property name="katalonVersion" value="7.2.1.1"/>
         <property name="browser" value="Chrome 83.0.4103.97"/>
         <property name="hostAddress" value="192.168.16.39"/>
         <property name="sessionId" value="5ef7bf328a7b24f6e2690f2171c0e091"/>
         <property name="seleniumVersion" value="3.141.59"/>
         <property name="proxyInformation" value="ProxyInformation{proxyOption=NO_PROXY, proxyServerType=HTTP, password=, proxyServerAddress=, proxyServerPort=0, executionList=}"/>
         <property name="platform" value="Windows 10"/>
      </properties>
      <testcase name="Test Cases/PFI Precision and Scale/PFI Test Cases/PFI - TOPCSC/ProcessPFITOPCSC" time="103.564" classname="Test Cases/PFI Precision and Scale/PFI Test Cases/PFI - TOPCSC/ProcessPFITOPCSC" status="PASSED">
         <system-out><![CDATA[2020-06-08 15:52:53 - [TEST_CASE][PASSED] - Test Cases/PFI Precision and Scale/PFI Test Cases/PFI - TOPCSC/ProcessPFITOPCSC: Test Cases/PFI Precision and Scale/PFI Test Cases/PFI - TOPCSC/ProcessPFITOPCSC

2020-06-08 15:52:53 - [TEST_STEP][PASSED] - callTestCase(findTestCase("Components/LoginV2.0"), ["LinkToBeUsed":findTestData("ISPS2 Test Data").getValue("URL", 1), "LoginPageTextToBeVerified":findTestData("ISPS2 Test Data").getValue("HomeBanner", 1), ... ], STOP_ON_FAILURE): Call Test Case 'Test Cases/Components/LoginV2.0' successfully

2020-06-08 15:52:54 - [TEST_CASE][PASSED] - Test Cases/Components/LoginV2.0: Test Cases/Components/LoginV2.0

2020-06-08 15:52:54 - [TEST_STEP][PASSED] - openBrowser(LinkToBeUsed): Browser is opened with url: 'http://10.0.2.41:3012/isps2-prod-verify/authnz/login.do'

2020-06-08 15:52:54 - [MESSAGE][INFO] - Starting 'Edge' driver

2020-06-08 15:52:55 - [MESSAGE][INFO] - Action delay is set to 0 seconds

2020-06-08 15:53:06 - [MESSAGE][PASSED] - Browser is opened with url: 'http://10.0.2.41:3012/isps2-prod-verify/authnz/login.do'

2020-06-08 15:53:06 - [TEST_STEP][PASSED] - maximizeWindow(): Current window maximized

2020-06-08 15:53:08 - [MESSAGE][PASSED] - Current window maximized

2020-06-08 15:53:08 - [TEST_STEP][PASSED] - verifyTextPresent(LoginPageTextToBeVerified, false): Text 'Sign in to ISPS2-PROD-Verify' is present on page 

2020-06-08 15:53:08 - [MESSAGE][PASSED] - Text 'Sign in to ISPS2-PROD-Verify' is present on page 

2020-06-08 15:53:08 - [TEST_STEP][PASSED] - setText(findTestObject("Objects.LoginV2.0/Login Page/input_Sign in to ISPS2-PROD-Verify_username"), Username): Text 'sysadmin' is set on object 'Object Repository/Objects.LoginV2.0/Login Page/input_Sign in to ISPS2-PROD-Verify_username'

2020-06-08 15:53:09 - [MESSAGE][PASSED] - Text 'sysadmin' is set on object 'Object Repository/Objects.LoginV2.0/Login Page/input_Sign in to ISPS2-PROD-Verify_username'

2020-06-08 15:53:09 - [TEST_STEP][PASSED] - setEncryptedText(findTestObject("Objects.LoginV2.0/Login Page/input_This field is required_password"), Password): Text ****** has been set on object 'Object Repository/Objects.LoginV2.0/Login Page/input_This field is required_password'

2020-06-08 15:53:09 - [MESSAGE][PASSED] - Text ****** has been set on object 'Object Repository/Objects.LoginV2.0/Login Page/input_This field is required_password'

2020-06-08 15:53:09 - [TEST_STEP][NOT_RUN] - setEncryptedText(findTestObject(null), Password): NOT_RUN: setEncryptedText(findTestObject(null), Password)

2020-06-08 15:53:09 - [MESSAGE][NOT_RUN] - NOT_RUN: setEncryptedText(findTestObject(null), Password)

2020-06-08 15:53:09 - [TEST_STEP][PASSED] - click(findTestObject("Objects.LoginV2.0/Login Page/div_Sign in to ISPS2-PROD-Verify_NovaGoButton-1021"), OPTIONAL): Object: 'Object Repository/Objects.LoginV2.0/Login Page/div_Sign in to ISPS2-PROD-Verify_NovaGoButton-1021' is clicked on

2020-06-08 15:53:10 - [MESSAGE][PASSED] - Object: 'Object Repository/Objects.LoginV2.0/Login Page/div_Sign in to ISPS2-PROD-Verify_NovaGoButton-1021' is clicked on

2020-06-08 15:53:10 - [TEST_STEP][PASSED] - waitForPageLoad(30): Wait for page load successfully

2020-06-08 15:53:10 - [MESSAGE][PASSED] - Wait for page load successfully

2020-06-08 15:53:10 - [TEST_STEP][PASSED] - Thread.sleep(3000): null

2020-06-08 15:53:13 - [MESSAGE][PASSED] - Call Test Case 'Test Cases/Components/LoginV2.0' successfully

2020-06-08 15:53:13 - [TEST_STEP][PASSED] - callTestCase(findTestCase("Components/NavigateToHomepageHeaders"), ["headerText":"My Tasks"], STOP_ON_FAILURE): Call Test Case 'Test Cases/Components/NavigateToHomepageHeaders' successfully

2020-06-08 15:53:13 - [TEST_CASE][PASSED] - Test Cases/Components/NavigateToHomepageHeaders: Test Cases/Components/NavigateToHomepageHeaders

2020-06-08 15:53:13 - [TEST_STEP][PASSED] - Thread.sleep(1000): null

2020-06-08 15:53:14 - [TEST_STEP][PASSED] - waitForPageLoad(30): Wait for page load successfully

2020-06-08 15:53:14 - [MESSAGE][PASSED] - Wait for page load successfully

2020-06-08 15:53:14 - [TEST_STEP][PASSED] - modifiedHeader = modifyObjectProperty(findTestObject("Objects.NavigateToHomepageHeaders/Page_ISPS2/div_Header"), "text", "equals", headerText, true): Modify property of object successfully

2020-06-08 15:53:14 - [MESSAGE][PASSED] - Modify property of object successfully

2020-06-08 15:53:14 - [TEST_STEP][PASSED] - verifyElementClickable(modifiedHeader): Object 'Object Repository/Objects.NavigateToHomepageHeaders/Page_ISPS2/div_Header' is clickable

2020-06-08 15:53:14 - [MESSAGE][PASSED] - Object 'Object Repository/Objects.NavigateToHomepageHeaders/Page_ISPS2/div_Header' is clickable

2020-06-08 15:53:14 - [TEST_STEP][PASSED] - click(modifiedHeader): Object: 'Object Repository/Objects.NavigateToHomepageHeaders/Page_ISPS2/div_Header' is clicked on

2020-06-08 15:53:15 - [MESSAGE][PASSED] - Object: 'Object Repository/Objects.NavigateToHomepageHeaders/Page_ISPS2/div_Header' is clicked on

2020-06-08 15:53:15 - [TEST_STEP][PASSED] - Thread.sleep(7000): null

2020-06-08 15:53:22 - [MESSAGE][PASSED] - Call Test Case 'Test Cases/Components/NavigateToHomepageHeaders' successfully

2020-06-08 15:53:22 - [TEST_STEP][PASSED] - callTestCase(findTestCase("Components/Filter"), ["taskDescription":"Process Case (PSI-TOPCSC)"], STOP_ON_FAILURE): Call Test Case 'Test Cases/Components/Filter' successfully

2020-06-08 15:53:22 - [TEST_CASE][PASSED] - Test Cases/Components/Filter: Test Cases/Components/Filter

2020-06-08 15:53:22 - [TEST_STEP][PASSED] - Thread.sleep(5000): null

2020-06-08 15:53:27 - [TEST_STEP][PASSED] - waitForPageLoad(180): Wait for page load successfully

2020-06-08 15:53:27 - [MESSAGE][PASSED] - Wait for page load successfully

2020-06-08 15:53:27 - [TEST_STEP][PASSED] - waitForElementNotPresent(findTestObject("Objects.Filter/Page_ISPS2/div_Loading search result Please wait"), 180): Web element with id: 'Object Repository/Objects.Filter/Page_ISPS2/div_Loading search result Please wait' located by 'By.xpath: //div[@class = 'x-mask-msg-text' and (text() = 'Loading search result. Please wait...' or . = 'Loading search result. Please wait...')]' is not present after '180' second(s)

2020-06-08 15:53:27 - [MESSAGE][PASSED] - Web element with id: 'Object Repository/Objects.Filter/Page_ISPS2/div_Loading search result Please wait' located by 'By.xpath: //div[@class = 'x-mask-msg-text' and (text() = 'Loading search result. Please wait...' or . = 'Loading search result. Please wait...')]' is not present after '180' second(s)

2020-06-08 15:53:27 - [TEST_STEP][PASSED] - click(findTestObject("Objects.Filter/Page_ISPS2/XP.Embutidooo")): Object: 'Object Repository/Objects.Filter/Page_ISPS2/XP.Embutidooo' is clicked on

2020-06-08 15:53:27 - [MESSAGE][PASSED] - Object: 'Object Repository/Objects.Filter/Page_ISPS2/XP.Embutidooo' is clicked on

2020-06-08 15:53:27 - [TEST_STEP][PASSED] - com.reusableComponents.HighlightElement.run(findTestObject("Objects.Filter/Page_ISPS2/span_Reset")): com.reusableComponents.HighlightElement.run is PASSED

2020-06-08 15:53:28 - [MESSAGE][PASSED] - com.reusableComponents.HighlightElement.run is PASSED

2020-06-08 15:53:28 - [TEST_STEP][PASSED] - click(findTestObject("Objects.Filter/Page_ISPS2/span_Reset")): Object: 'Object Repository/Objects.Filter/Page_ISPS2/span_Reset' is clicked on

2020-06-08 15:53:28 - [MESSAGE][PASSED] - Object: 'Object Repository/Objects.Filter/Page_ISPS2/span_Reset' is clicked on

2020-06-08 15:53:28 - [TEST_STEP][PASSED] - com.reusableComponents.HighlightElement.run(findTestObject("Objects.Filter/Page_ISPS2/TextBoxTaskDescription")): com.reusableComponents.HighlightElement.run is PASSED

2020-06-08 15:53:28 - [MESSAGE][PASSED] - com.reusableComponents.HighlightElement.run is PASSED

2020-06-08 15:53:28 - [TEST_STEP][PASSED] - setText(findTestObject("Objects.Filter/Page_ISPS2/TextBoxTaskDescription"), taskDescription): Text 'Process Case (PSI-TOPCSC)' is set on object 'Object Repository/Objects.Filter/Page_ISPS2/TextBoxTaskDescription'

2020-06-08 15:53:29 - [MESSAGE][PASSED] - Text 'Process Case (PSI-TOPCSC)' is set on object 'Object Repository/Objects.Filter/Page_ISPS2/TextBoxTaskDescription'

2020-06-08 15:53:29 - [TEST_STEP][PASSED] - caseType = taskDescription: null

2020-06-08 15:53:30 - [TEST_STEP][PASSED] - sendKeys(findTestObject("Objects.Filter/Page_ISPS2/TextBoxTaskDescription"), Keys.chord(ENTER)): Keys 'ENTER + ' sent to object: 'Object Repository/Objects.Filter/Page_ISPS2/TextBoxTaskDescription'

2020-06-08 15:53:30 - [MESSAGE][PASSED] - Keys 'ENTER + ' sent to object: 'Object Repository/Objects.Filter/Page_ISPS2/TextBoxTaskDescription'

2020-06-08 15:53:30 - [TEST_STEP][PASSED] - com.reusableComponents.HighlightElement.run(findTestObject("Objects.Filter/Page_ISPS2/span_Search")): com.reusableComponents.HighlightElement.run is PASSED

2020-06-08 15:53:31 - [MESSAGE][PASSED] - com.reusableComponents.HighlightElement.run is PASSED

2020-06-08 15:53:31 - [TEST_STEP][PASSED] - click(findTestObject("Objects.Filter/Page_ISPS2/span_Search")): Object: 'Object Repository/Objects.Filter/Page_ISPS2/span_Search' is clicked on

2020-06-08 15:53:31 - [MESSAGE][PASSED] - Object: 'Object Repository/Objects.Filter/Page_ISPS2/span_Search' is clicked on

2020-06-08 15:53:31 - [TEST_STEP][NOT_RUN] - verifyTextPresent("Loading search result. Please wait...", false): NOT_RUN: verifyTextPresent("Loading search result. Please wait...", false)

2020-06-08 15:53:31 - [MESSAGE][NOT_RUN] - NOT_RUN: verifyTextPresent("Loading search result. Please wait...", false)

2020-06-08 15:53:31 - [TEST_STEP][NOT_RUN] - waitForElementNotPresent(findTestObject("Objects.Filter/Page_ISPS2/div_Loading search result Please wait"), 120): NOT_RUN: waitForElementNotPresent(findTestObject("Objects.Filter/Page_ISPS2/div_Loading search result Please wait"), 120)

2020-06-08 15:53:31 - [MESSAGE][NOT_RUN] - NOT_RUN: waitForElementNotPresent(findTestObject("Objects.Filter/Page_ISPS2/div_Loading search result Please wait"), 120)

2020-06-08 15:53:31 - [TEST_STEP][PASSED] - Thread.sleep(5000): null

2020-06-08 15:53:36 - [MESSAGE][PASSED] - Call Test Case 'Test Cases/Components/Filter' successfully

2020-06-08 15:53:36 - [TEST_STEP][PASSED] - callTestCase(findTestCase("Components/ClickLinkDependingOnTextAndIndex"), ["linkName":"Process Case (PSI-TOPCSC)", "index":"1"], STOP_ON_FAILURE): Call Test Case 'Test Cases/Components/ClickLinkDependingOnTextAndIndex' successfully

2020-06-08 15:53:36 - [TEST_CASE][PASSED] - Test Cases/Components/ClickLinkDependingOnTextAndIndex: Test Cases/Components/ClickLinkDependingOnTextAndIndex

2020-06-08 15:53:36 - [TEST_STEP][PASSED] - Thread.sleep(1000): null

2020-06-08 15:53:37 - [TEST_STEP][PASSED] - println(linkName): null

2020-06-08 15:53:37 - [TEST_STEP][PASSED] - println(index): null

2020-06-08 15:53:37 - [TEST_STEP][PASSED] - modifiedLink = modifyObjectProperty(findTestObject("Objects.ClickLinkDependingOnTextAndIndex/linkToModify"), "xpath", "equals", "(//a[text()="" + linkName + ""])[" + index + "]", true): Modify property of object successfully

2020-06-08 15:53:37 - [MESSAGE][PASSED] - Modify property of object successfully

2020-06-08 15:53:37 - [TEST_STEP][PASSED] - Thread.sleep(5000): null

2020-06-08 15:53:42 - [TEST_STEP][PASSED] - com.reusableComponents.HighlightElement.run(modifiedLink): com.reusableComponents.HighlightElement.run is PASSED

2020-06-08 15:53:43 - [MESSAGE][PASSED] - com.reusableComponents.HighlightElement.run is PASSED

2020-06-08 15:53:43 - [TEST_STEP][PASSED] - click(modifiedLink): Object: 'Object Repository/Objects.ClickLinkDependingOnTextAndIndex/linkToModify' is clicked on

2020-06-08 15:53:43 - [MESSAGE][PASSED] - Object: 'Object Repository/Objects.ClickLinkDependingOnTextAndIndex/linkToModify' is clicked on

2020-06-08 15:53:43 - [MESSAGE][PASSED] - Call Test Case 'Test Cases/Components/ClickLinkDependingOnTextAndIndex' successfully

2020-06-08 15:53:43 - [TEST_STEP][PASSED] - callTestCase(findTestCase("Components/VerifyPageSuccessfullyLoadedII"), ["PageNm":"Summary"], STOP_ON_FAILURE): Call Test Case 'Test Cases/Components/VerifyPageSuccessfullyLoadedII' successfully

2020-06-08 15:53:43 - [TEST_CASE][PASSED] - Test Cases/Components/VerifyPageSuccessfullyLoadedII: Test Cases/Components/VerifyPageSuccessfullyLoadedII

2020-06-08 15:53:43 - [TEST_STEP][PASSED] - waitForPageLoad(5): Wait for page load successfully

2020-06-08 15:53:43 - [MESSAGE][PASSED] - Wait for page load successfully

2020-06-08 15:53:43 - [TEST_STEP][PASSED] - modifiedInputFld = modifyObjectProperty(findTestObject("Object Repository/Objects.VerifyPageSuccessfullyLoaded/PageHeaderIndex"), "xpath", "equals", "//*[contains(@class,'isps-page-title') and contains(text(),'" + PageNm + "')]", true): Modify property of object successfully

2020-06-08 15:53:43 - [MESSAGE][PASSED] - Modify property of object successfully

2020-06-08 15:53:43 - [TEST_STEP][PASSED] - com.reusableComponents.HighlightElement.run(modifiedInputFld): com.reusableComponents.HighlightElement.run is PASSED

2020-06-08 15:53:49 - [MESSAGE][PASSED] - com.reusableComponents.HighlightElement.run is PASSED

2020-06-08 15:53:49 - [MESSAGE][PASSED] - Call Test Case 'Test Cases/Components/VerifyPageSuccessfullyLoadedII' successfully

2020-06-08 15:53:49 - [TEST_STEP][PASSED] - callTestCase(findTestCase("Components/NavigateToAnyLHS"), ["LHS":"Process PSI-TOP/CSC Details"], STOP_ON_FAILURE): Call Test Case 'Test Cases/Components/NavigateToAnyLHS' successfully

2020-06-08 15:53:49 - [TEST_CASE][PASSED] - Test Cases/Components/NavigateToAnyLHS: Test Cases/Components/NavigateToAnyLHS

2020-06-08 15:53:49 - [TEST_STEP][PASSED] - Thread.sleep(1000): null

2020-06-08 15:53:50 - [TEST_STEP][PASSED] - modifiedLHS = modifyObjectProperty(findTestObject("Objects.NavigateToAnyLHS/Page_ISPS2/LHSToModify"), "text", "equals", LHS, true): Modify property of object successfully

2020-06-08 15:53:50 - [MESSAGE][PASSED] - Modify property of object successfully

2020-06-08 15:53:50 - [TEST_STEP][PASSED] - click(modifiedLHS): Object: 'Object Repository/Objects.NavigateToAnyLHS/Page_ISPS2/LHSToModify' is clicked on

2020-06-08 15:53:51 - [MESSAGE][PASSED] - Object: 'Object Repository/Objects.NavigateToAnyLHS/Page_ISPS2/LHSToModify' is clicked on

2020-06-08 15:53:51 - [TEST_STEP][PASSED] - currentLHS = getText(modifiedLHS): Text of object 'Object Repository/Objects.NavigateToAnyLHS/Page_ISPS2/LHSToModify' is: 'Process PSI-TOP/CSC Details'

2020-06-08 15:53:51 - [MESSAGE][PASSED] - Text of object 'Object Repository/Objects.NavigateToAnyLHS/Page_ISPS2/LHSToModify' is: 'Process PSI-TOP/CSC Details'

2020-06-08 15:53:51 - [TEST_STEP][PASSED] - Thread.sleep(5000): null

2020-06-08 15:53:56 - [MESSAGE][PASSED] - Call Test Case 'Test Cases/Components/NavigateToAnyLHS' successfully

2020-06-08 15:53:56 - [TEST_STEP][PASSED] - callTestCase(findTestCase("Components/VerifyPageSuccessfullyLoadedII"), ["PageNm":"Main Form"], STOP_ON_FAILURE): Call Test Case 'Test Cases/Components/VerifyPageSuccessfullyLoadedII' successfully

2020-06-08 15:53:56 - [TEST_CASE][PASSED] - Test Cases/Components/VerifyPageSuccessfullyLoadedII: Test Cases/Components/VerifyPageSuccessfullyLoadedII

2020-06-08 15:53:56 - [TEST_STEP][PASSED] - waitForPageLoad(5): Wait for page load successfully

2020-06-08 15:53:56 - [MESSAGE][PASSED] - Wait for page load successfully

2020-06-08 15:53:56 - [TEST_STEP][PASSED] - modifiedInputFld = modifyObjectProperty(findTestObject("Object Repository/Objects.VerifyPageSuccessfullyLoaded/PageHeaderIndex"), "xpath", "equals", "//*[contains(@class,'isps-page-title') and contains(text(),'" + PageNm + "')]", true): Modify property of object successfully

2020-06-08 15:53:56 - [MESSAGE][PASSED] - Modify property of object successfully

2020-06-08 15:53:56 - [TEST_STEP][PASSED] - com.reusableComponents.HighlightElement.run(modifiedInputFld): com.reusableComponents.HighlightElement.run is PASSED

2020-06-08 15:53:56 - [MESSAGE][PASSED] - com.reusableComponents.HighlightElement.run is PASSED

2020-06-08 15:53:56 - [MESSAGE][PASSED] - Call Test Case 'Test Cases/Components/VerifyPageSuccessfullyLoadedII' successfully

2020-06-08 15:53:56 - [TEST_STEP][PASSED] - callTestCase(findTestCase("Components/HighlightLabelFieldXPI"), ["LblName":"Actions", "index":1], STOP_ON_FAILURE): Call Test Case 'Test Cases/Components/HighlightLabelFieldXPI' successfully

2020-06-08 15:53:56 - [TEST_CASE][PASSED] - Test Cases/Components/HighlightLabelFieldXPI: Test Cases/Components/HighlightLabelFieldXPI

2020-06-08 15:53:56 - [TEST_STEP][PASSED] - Thread.sleep(1000): null

2020-06-08 15:53:57 - [TEST_STEP][PASSED] - modifiedLblNm = modifyObjectProperty(findTestObject("Object Repository/Objects.HighlightElements/lblField_index"), "xpath", "equals", "(//*[contains(@class, 'x-form-item-label-inner x-form-item-label-inner-default') and contains(., '" + LblName + "')])[" + index + "]", true): Modify property of object successfully

2020-06-08 15:53:57 - [MESSAGE][PASSED] - Modify property of object successfully

2020-06-08 15:53:57 - [TEST_STEP][PASSED] - com.reusableComponents.HighlightElement.run(modifiedLblNm): com.reusableComponents.HighlightElement.run is PASSED

2020-06-08 15:53:59 - [MESSAGE][PASSED] - com.reusableComponents.HighlightElement.run is PASSED

2020-06-08 15:53:59 - [MESSAGE][PASSED] - Call Test Case 'Test Cases/Components/HighlightLabelFieldXPI' successfully

2020-06-08 15:53:59 - [TEST_STEP][PASSED] - callTestCase(findTestCase("Components/HighlightInputFieldXPI"), ["FldNm":"NovaComboBox", "index":2], STOP_ON_FAILURE): Call Test Case 'Test Cases/Components/HighlightInputFieldXPI' successfully

2020-06-08 15:53:59 - [TEST_CASE][PASSED] - Test Cases/Components/HighlightInputFieldXPI: Test Cases/Components/HighlightInputFieldXPI

2020-06-08 15:53:59 - [TEST_STEP][PASSED] - Thread.sleep(1000): null

2020-06-08 15:54:00 - [TEST_STEP][PASSED] - modifiedInputNm = modifyObjectProperty(findTestObject("Object Repository/Objects.HighlightElements/input_field_index"), "xpath", "equals", "(//*[contains(@name, '" + FldNm + "')])[" + index + "]", true): Modify property of object successfully

2020-06-08 15:54:00 - [MESSAGE][PASSED] - Modify property of object successfully

2020-06-08 15:54:00 - [TEST_STEP][PASSED] - com.reusableComponents.HighlightElement.run(modifiedInputNm): com.reusableComponents.HighlightElement.run is PASSED

2020-06-08 15:54:00 - [MESSAGE][PASSED] - com.reusableComponents.HighlightElement.run is PASSED

2020-06-08 15:54:00 - [MESSAGE][PASSED] - Call Test Case 'Test Cases/Components/HighlightInputFieldXPI' successfully

2020-06-08 15:54:00 - [TEST_STEP][PASSED] - callTestCase(findTestCase("Components/ClickDropDownField"), ["Index":8], STOP_ON_FAILURE): Call Test Case 'Test Cases/Components/ClickDropDownField' successfully

2020-06-08 15:54:00 - [TEST_CASE][PASSED] - Test Cases/Components/ClickDropDownField: Test Cases/Components/ClickDropDownField

2020-06-08 15:54:01 - [TEST_STEP][PASSED] - Thread.sleep(1000): null

2020-06-08 15:54:02 - [TEST_STEP][PASSED] - modifiedDropdown = modifyObjectProperty(findTestObject("Objects.ClickDropDownField/dropdownfield"), "xpath", "equals", "(//*[contains(@class,'x-form-arrow-trigger')])[" + Index + "]", true): Modify property of object successfully

2020-06-08 15:54:02 - [MESSAGE][PASSED] - Modify property of object successfully

2020-06-08 15:54:02 - [TEST_STEP][PASSED] - com.reusableComponents.HighlightElement.run(modifiedDropdown): com.reusableComponents.HighlightElement.run is PASSED

2020-06-08 15:54:02 - [MESSAGE][PASSED] - com.reusableComponents.HighlightElement.run is PASSED

2020-06-08 15:54:02 - [TEST_STEP][PASSED] - click(modifiedDropdown): Object: 'Object Repository/Objects.ClickDropDownField/dropdownfield' is clicked on

2020-06-08 15:54:02 - [MESSAGE][PASSED] - Object: 'Object Repository/Objects.ClickDropDownField/dropdownfield' is clicked on

2020-06-08 15:54:02 - [TEST_STEP][PASSED] - click(modifiedDropdown): Object: 'Object Repository/Objects.ClickDropDownField/dropdownfield' is clicked on

2020-06-08 15:54:02 - [MESSAGE][PASSED] - Object: 'Object Repository/Objects.ClickDropDownField/dropdownfield' is clicked on

2020-06-08 15:54:02 - [MESSAGE][PASSED] - Call Test Case 'Test Cases/Components/ClickDropDownField' successfully

2020-06-08 15:54:02 - [TEST_STEP][PASSED] - callTestCase(findTestCase("Components/ClickBlueButtonsWithXPI"), ["Button":"Reset", "Index":3], STOP_ON_FAILURE): Call Test Case 'Test Cases/Components/ClickBlueButtonsWithXPI' successfully

2020-06-08 15:54:02 - [TEST_CASE][PASSED] - Test Cases/Components/ClickBlueButtonsWithXPI: Test Cases/Components/ClickBlueButtonsWithXPI

2020-06-08 15:54:02 - [TEST_STEP][PASSED] - Thread.sleep(1000): null

2020-06-08 15:54:03 - [TEST_STEP][PASSED] - complexlyModifiedButtonGG = modifyObjectProperty(findTestObject("Objects.ClickBlueButtonsWithXPI/span_Reset"), "xPath", "equals", "(//*[text()="" + Button + ""])[" + Index + "]", true): Modify property of object successfully

2020-06-08 15:54:03 - [MESSAGE][PASSED] - Modify property of object successfully

2020-06-08 15:54:03 - [TEST_STEP][PASSED] - click(complexlyModifiedButtonGG): Object: 'Object Repository/Objects.ClickBlueButtonsWithXPI/span_Reset' is clicked on

2020-06-08 15:54:04 - [MESSAGE][PASSED] - Object: 'Object Repository/Objects.ClickBlueButtonsWithXPI/span_Reset' is clicked on

2020-06-08 15:54:04 - [MESSAGE][PASSED] - Call Test Case 'Test Cases/Components/ClickBlueButtonsWithXPI' successfully

2020-06-08 15:54:04 - [TEST_STEP][PASSED] - callTestCase(findTestCase("PFI Precision and Scale/PFI Components/RequiredIconValidation"), ["index":1], STOP_ON_FAILURE): Call Test Case 'Test Cases/PFI Precision and Scale/PFI Components/RequiredIconValidation' successfully

2020-06-08 15:54:04 - [TEST_CASE][PASSED] - Test Cases/PFI Precision and Scale/PFI Components/RequiredIconValidation: Test Cases/PFI Precision and Scale/PFI Components/RequiredIconValidation

2020-06-08 15:54:04 - [TEST_STEP][PASSED] - enableSmartWait(): null

2020-06-08 15:54:04 - [TEST_STEP][PASSED] - modifiedIcon = modifyObjectProperty(findTestObject("Object Repository/Objects.ReusableObjects/ErrorIcon"), "xpath", "equals", "(//*[contains(@class,'x-form-error-msg x-form-invalid-icon')])[" + index + "]", true): Modify property of object successfully

2020-06-08 15:54:04 - [MESSAGE][PASSED] - Modify property of object successfully

2020-06-08 15:54:04 - [TEST_STEP][PASSED] - mouseOver(modifiedIcon): Object: 'Object Repository/Objects.ReusableObjects/ErrorIcon' is hovered

2020-06-08 15:54:04 - [MESSAGE][PASSED] - Object: 'Object Repository/Objects.ReusableObjects/ErrorIcon' is hovered

2020-06-08 15:54:04 - [TEST_STEP][PASSED] - com.reusableComponents.HighlightElement.run(modifiedIcon): com.reusableComponents.HighlightElement.run is PASSED

2020-06-08 15:54:05 - [MESSAGE][PASSED] - com.reusableComponents.HighlightElement.run is PASSED

2020-06-08 15:54:05 - [TEST_STEP][PASSED] - getRqErrMsg = getAttribute(modifiedIcon, "data-errorqtip"): Attribute 'data-errorqtip' of object 'Object Repository/Objects.ReusableObjects/ErrorIcon' is: '<ul class="x-list-plain"><li>This field is required</li></ul>'

2020-06-08 15:54:05 - [MESSAGE][PASSED] - Attribute 'data-errorqtip' of object 'Object Repository/Objects.ReusableObjects/ErrorIcon' is: '<ul class="x-list-plain"><li>This field is required</li></ul>'

2020-06-08 15:54:05 - [TEST_STEP][PASSED] - strToolTip = getRqErrMsg.substring(29, 61): null

2020-06-08 15:54:05 - [TEST_STEP][PASSED] - toolTipReqErrMsg = strToolTip.substring(0, 22): null

2020-06-08 15:54:05 - [TEST_STEP][PASSED] - verifyMatch(toolTipReqErrMsg, RqField, true): Actual text 'This field is required' and expected text 'This field is required' are matched  using regular expression

2020-06-08 15:54:05 - [MESSAGE][PASSED] - Actual text 'This field is required' and expected text 'This field is required' are matched  using regular expression

2020-06-08 15:54:05 - [MESSAGE][PASSED] - Call Test Case 'Test Cases/PFI Precision and Scale/PFI Components/RequiredIconValidation' successfully

2020-06-08 15:54:05 - [TEST_STEP][PASSED] - callTestCase(findTestCase("PFI Precision and Scale/PFI Components with Indexing/VerifyDisabledDropdownValuesXPI"), ["FldNm":"NovaComboBox", "index":2, "CallTCName":"PFI Precision and Scale/HashMap Tables/ConstantHashMap", "cmbNm":"Actions", ... ], STOP_ON_FAILURE): Call Test Case 'Test Cases/PFI Precision and Scale/PFI Components with Indexing/VerifyDisabledDropdownValuesXPI' successfully

2020-06-08 15:54:05 - [TEST_CASE][PASSED] - Test Cases/PFI Precision and Scale/PFI Components with Indexing/VerifyDisabledDropdownValuesXPI: Test Cases/PFI Precision and Scale/PFI Components with Indexing/VerifyDisabledDropdownValuesXPI

2020-06-08 15:54:05 - [TEST_STEP][PASSED] - Thread.sleep(1000): null

2020-06-08 15:54:06 - [TEST_STEP][PASSED] - NewInputNmField = modifyObjectProperty(findTestObject("Object Repository/Objects.HighlightElements/input_field_index"), "xpath", "equals", "(//*[contains(@name, '" + FldNm + "')])[" + index + "]", true): Modify property of object successfully

2020-06-08 15:54:06 - [MESSAGE][PASSED] - Modify property of object successfully

2020-06-08 15:54:06 - [TEST_STEP][PASSED] - comboNm = cmbNm: null

2020-06-08 15:54:06 - [TEST_STEP][PASSED] - for ([i = 1, i <= NoOfVal, (i++)]): Keys 'DOWN + ' sent to object: 'Object Repository/Objects.HighlightElements/input_field_index'

2020-06-08 15:54:06 - [TEST_STEP][PASSED] - sendKeys(NewInputNmField, Keys.chord(ARROW_DOWN)): Keys 'DOWN + ' sent to object: 'Object Repository/Objects.HighlightElements/input_field_index'

2020-06-08 15:54:06 - [MESSAGE][PASSED] - Keys 'DOWN + ' sent to object: 'Object Repository/Objects.HighlightElements/input_field_index'

2020-06-08 15:54:06 - [TEST_STEP][PASSED] - delay(DelayTime): Delayed 2 second(s)

2020-06-08 15:54:08 - [MESSAGE][PASSED] - Delayed 2 second(s)

2020-06-08 15:54:08 - [TEST_STEP][PASSED] - sendKeys(NewInputNmField, Keys.chord(ENTER)): Keys 'ENTER + ' sent to object: 'Object Repository/Objects.HighlightElements/input_field_index'

2020-06-08 15:54:08 - [MESSAGE][PASSED] - Keys 'ENTER + ' sent to object: 'Object Repository/Objects.HighlightElements/input_field_index'

2020-06-08 15:54:08 - [TEST_STEP][PASSED] - ComboBoxValue = getAttribute(NewInputNmField, "value"): Attribute 'value' of object 'Object Repository/Objects.HighlightElements/input_field_index' is: 'Remove Work Item'

2020-06-08 15:54:08 - [MESSAGE][PASSED] - Attribute 'value' of object 'Object Repository/Objects.HighlightElements/input_field_index' is: 'Remove Work Item'

2020-06-08 15:54:08 - [TEST_STEP][PASSED] - callTestCase(findTestCase(CallTCName), ["FindValue":ComboBoxValue, "DropdownNm":comboNm], STOP_ON_FAILURE): Call Test Case 'Test Cases/PFI Precision and Scale/HashMap Tables/ConstantHashMap' successfully

2020-06-08 15:54:08 - [TEST_CASE][PASSED] - Test Cases/PFI Precision and Scale/HashMap Tables/ConstantHashMap: Test Cases/PFI Precision and Scale/HashMap Tables/ConstantHashMap

2020-06-08 15:54:09 - [TEST_STEP][PASSED] - ConstantTBL = [1:["PeriodType":"Working Day(s)"], 2:["PeriodType":"Calendar Day(s)"], 3:["PeriodType":"Month(s)"], 4:["TypeOfLetter":"T1"], ... ]: null

2020-06-08 15:54:09 - [TEST_STEP][PASSED] - switch (DropdownNm): null

2020-06-08 15:54:09 - [TEST_STEP][PASSED] - case "Actions":: null

2020-06-08 15:54:09 - [TEST_STEP][PASSED] - ValueFound = ConstantTBL.find({ -> ... }): null

2020-06-08 15:54:09 - [TEST_STEP][PASSED] - break: null

2020-06-08 15:54:09 - [MESSAGE][PASSED] - Call Test Case 'Test Cases/PFI Precision and Scale/HashMap Tables/ConstantHashMap' successfully

2020-06-08 15:54:09 - [TEST_STEP][PASSED] - println(ValueFound): null

2020-06-08 15:54:09 - [TEST_STEP][PASSED] - sendKeys(NewInputNmField, Keys.chord(ARROW_DOWN)): Keys 'DOWN + ' sent to object: 'Object Repository/Objects.HighlightElements/input_field_index'

2020-06-08 15:54:09 - [MESSAGE][PASSED] - Keys 'DOWN + ' sent to object: 'Object Repository/Objects.HighlightElements/input_field_index'

2020-06-08 15:54:09 - [TEST_STEP][PASSED] - sendKeys(NewInputNmField, Keys.chord(ENTER)): Keys 'ENTER + ' sent to object: 'Object Repository/Objects.HighlightElements/input_field_index'

2020-06-08 15:54:09 - [MESSAGE][PASSED] - Keys 'ENTER + ' sent to object: 'Object Repository/Objects.HighlightElements/input_field_index'

2020-06-08 15:54:09 - [MESSAGE][PASSED] - Call Test Case 'Test Cases/PFI Precision and Scale/PFI Components with Indexing/VerifyDisabledDropdownValuesXPI' successfully

2020-06-08 15:54:09 - [TEST_STEP][PASSED] - callTestCase(findTestCase("Components/ScrollDownToElementIndex"), ["labelNm":"HOUSE(H)/BUILDING NAME(B)", "index":1], STOP_ON_FAILURE): Call Test Case 'Test Cases/Components/ScrollDownToElementIndex' successfully

2020-06-08 15:54:09 - [TEST_CASE][PASSED] - Test Cases/Components/ScrollDownToElementIndex: Test Cases/Components/ScrollDownToElementIndex

2020-06-08 15:54:09 - [TEST_STEP][PASSED] - Thread.sleep(2000): null

2020-06-08 15:54:11 - [TEST_STEP][PASSED] - modifiedElementName = modifyObjectProperty(findTestObject("Objects.ReusableObjects/LabelField"), "xpath", "equals", "(//*[text()='" + labelNm + "'])[" + index + "]", true): Modify property of object successfully

2020-06-08 15:54:11 - [MESSAGE][PASSED] - Modify property of object successfully

2020-06-08 15:54:11 - [TEST_STEP][PASSED] - scrollToElement(modifiedElementName, 0): Scroll to object 'Object Repository/Objects.ReusableObjects/LabelField' successfully

2020-06-08 15:54:11 - [MESSAGE][WARNING] - Timeout '0' is invalid. Using default page load timeout: '30'

2020-06-08 15:54:11 - [MESSAGE][PASSED] - Scroll to object 'Object Repository/Objects.ReusableObjects/LabelField' successfully

2020-06-08 15:54:11 - [MESSAGE][PASSED] - Call Test Case 'Test Cases/Components/ScrollDownToElementIndex' successfully

2020-06-08 15:54:11 - [TEST_STEP][PASSED] - callTestCase(findTestCase("PFI Precision and Scale/PFI Components with Indexing/VerifyCellGridDropdown"), ["index":8], STOP_ON_FAILURE): Call Test Case 'Test Cases/PFI Precision and Scale/PFI Components with Indexing/VerifyCellGridDropdown' successfully

2020-06-08 15:54:11 - [TEST_CASE][PASSED] - Test Cases/PFI Precision and Scale/PFI Components with Indexing/VerifyCellGridDropdown: Test Cases/PFI Precision and Scale/PFI Components with Indexing/VerifyCellGridDropdown

2020-06-08 15:54:11 - [TEST_STEP][PASSED] - Thread.sleep(1000): null

2020-06-08 15:54:12 - [TEST_STEP][PASSED] - HB = [1:"H", 2:"B"]: null

2020-06-08 15:54:12 - [TEST_STEP][PASSED] - modifiedCellGDD = modifyObjectProperty(findTestObject("Objects.ReusableObjects/CellGridDropdown"), "xpath", "equals", "//div[contains(@class,'x-grid-row-checker')]//following::div[" + index + "]", true): Modify property of object successfully

2020-06-08 15:54:12 - [MESSAGE][PASSED] - Modify property of object successfully

2020-06-08 15:54:12 - [TEST_STEP][PASSED] - click(modifiedCellGDD): Object: 'Object Repository/Objects.ReusableObjects/CellGridDropdown' is clicked on

2020-06-08 15:54:12 - [MESSAGE][PASSED] - Object: 'Object Repository/Objects.ReusableObjects/CellGridDropdown' is clicked on

2020-06-08 15:54:12 - [TEST_STEP][PASSED] - NoOfVal = HB.size(): null

2020-06-08 15:54:12 - [TEST_STEP][PASSED] - for (def NoOfVal : HB): Delayed 5 second(s)

2020-06-08 15:54:12 - [TEST_STEP][PASSED] - SetValue = value: null

2020-06-08 15:54:12 - [TEST_STEP][PASSED] - modifiedOptionVal = modifyObjectProperty(findTestObject("Objects.ReusableObjects/SelectOptionDropdown"), "value", "equals", SetValue, true): Modify property of object successfully

2020-06-08 15:54:12 - [MESSAGE][PASSED] - Modify property of object successfully

2020-06-08 15:54:12 - [TEST_STEP][PASSED] - delay(5): Delayed 5 second(s)

2020-06-08 15:54:17 - [MESSAGE][PASSED] - Delayed 5 second(s)

2020-06-08 15:54:17 - [TEST_STEP][PASSED] - click(modifiedOptionVal): Object: 'Object Repository/Objects.ReusableObjects/SelectOptionDropdown' is clicked on

2020-06-08 15:54:17 - [MESSAGE][PASSED] - Object: 'Object Repository/Objects.ReusableObjects/SelectOptionDropdown' is clicked on

2020-06-08 15:54:17 - [TEST_STEP][PASSED] - delay(5): Delayed 5 second(s)

2020-06-08 15:54:22 - [MESSAGE][PASSED] - Delayed 5 second(s)

2020-06-08 15:54:22 - [TEST_STEP][PASSED] - SetValue = value: null

2020-06-08 15:54:22 - [TEST_STEP][PASSED] - modifiedOptionVal = modifyObjectProperty(findTestObject("Objects.ReusableObjects/SelectOptionDropdown"), "value", "equals", SetValue, true): Modify property of object successfully

2020-06-08 15:54:22 - [MESSAGE][PASSED] - Modify property of object successfully

2020-06-08 15:54:22 - [TEST_STEP][PASSED] - delay(5): Delayed 5 second(s)

2020-06-08 15:54:27 - [MESSAGE][PASSED] - Delayed 5 second(s)

2020-06-08 15:54:27 - [TEST_STEP][PASSED] - click(modifiedOptionVal): Object: 'Object Repository/Objects.ReusableObjects/SelectOptionDropdown' is clicked on

2020-06-08 15:54:28 - [MESSAGE][PASSED] - Object: 'Object Repository/Objects.ReusableObjects/SelectOptionDropdown' is clicked on

2020-06-08 15:54:28 - [TEST_STEP][PASSED] - delay(5): Delayed 5 second(s)

2020-06-08 15:54:33 - [MESSAGE][PASSED] - Delayed 5 second(s)

2020-06-08 15:54:33 - [MESSAGE][PASSED] - Call Test Case 'Test Cases/PFI Precision and Scale/PFI Components with Indexing/VerifyCellGridDropdown' successfully

2020-06-08 15:54:33 - [TEST_STEP][PASSED] - callTestCase(findTestCase("PFI Precision and Scale/PFI Components with Indexing/InputCellGridValidation"), ["LenChar":5], STOP_ON_FAILURE): Call Test Case 'Test Cases/PFI Precision and Scale/PFI Components with Indexing/InputCellGridValidation' successfully

2020-06-08 15:54:33 - [TEST_CASE][PASSED] - Test Cases/PFI Precision and Scale/PFI Components with Indexing/InputCellGridValidation: Test Cases/PFI Precision and Scale/PFI Components with Indexing/InputCellGridValidation

2020-06-08 15:54:33 - [TEST_STEP][PASSED] - Thread.sleep(1000): null

2020-06-08 15:54:34 - [TEST_STEP][PASSED] - charset = /?><"".join(): null

2020-06-08 15:54:34 - [TEST_STEP][PASSED] - AlphaNumeric = 9).join(): null

2020-06-08 15:54:34 - [TEST_STEP][PASSED] - SpecialChar = "`~!@#$%^&*()-=+_{}|\][;'":,./?><"": null

2020-06-08 15:54:34 - [TEST_STEP][PASSED] - RandomString = RandomStringUtils.random(LenChar, AlphaNumeric.toCharArray()): null

2020-06-08 15:54:34 - [TEST_STEP][PASSED] - RdmSpChar = RandomStringUtils.random(LenChar, SpecialChar): null

2020-06-08 15:54:34 - [TEST_STEP][PASSED] - regexPat = Pattern.compile("^[A-Za-z0-9 ]+$"): null

2020-06-08 15:54:34 - [TEST_STEP][PASSED] - "Modify Input field property/attribute": null

2020-06-08 15:54:34 - [TEST_STEP][PASSED] - setText(findTestObject("Objects.ReusableObjects/CellGridInput"), RandomString): Text 'cEI4K' is set on object 'Object Repository/Objects.ReusableObjects/CellGridInput'

2020-06-08 15:54:34 - [MESSAGE][PASSED] - Text 'cEI4K' is set on object 'Object Repository/Objects.ReusableObjects/CellGridInput'

2020-06-08 15:54:34 - [TEST_STEP][PASSED] - RemarksAN = getAttribute(findTestObject("Objects.ReusableObjects/CellGridInput"), "value"): Attribute 'value' of object 'Object Repository/Objects.ReusableObjects/CellGridInput' is: 'cEI4K'

2020-06-08 15:54:34 - [MESSAGE][PASSED] - Attribute 'value' of object 'Object Repository/Objects.ReusableObjects/CellGridInput' is: 'cEI4K'

2020-06-08 15:54:34 - [TEST_STEP][PASSED] - matchStr = regexPat.matcher(RemarksAN): null

2020-06-08 15:54:34 - [TEST_STEP][PASSED] - if (matchStr.matches() == true): Accepting Alphanumeric

2020-06-08 15:54:34 - [TEST_STEP][PASSED] - comment("Accepting Alphanumeric"): Accepting Alphanumeric

2020-06-08 15:54:34 - [MESSAGE][INFO] - Accepting Alphanumeric

2020-06-08 15:54:34 - [TEST_STEP][PASSED] - setText(findTestObject("Objects.ReusableObjects/CellGridInput"), RdmSpChar): Text '+#=.<' is set on object 'Object Repository/Objects.ReusableObjects/CellGridInput'

2020-06-08 15:54:34 - [MESSAGE][PASSED] - Text '+#=.<' is set on object 'Object Repository/Objects.ReusableObjects/CellGridInput'

2020-06-08 15:54:34 - [TEST_STEP][PASSED] - RemarksSpChar = getAttribute(findTestObject("Objects.ReusableObjects/CellGridInput"), "value"): Attribute 'value' of object 'Object Repository/Objects.ReusableObjects/CellGridInput' is: '+#=.<'

2020-06-08 15:54:34 - [MESSAGE][PASSED] - Attribute 'value' of object 'Object Repository/Objects.ReusableObjects/CellGridInput' is: '+#=.<'

2020-06-08 15:54:34 - [TEST_STEP][PASSED] - matchSp = regexPat.matcher(RemarksSpChar): null

2020-06-08 15:54:34 - [TEST_STEP][PASSED] - if (matchSp.matches() == false): Accepting Special Characters

2020-06-08 15:54:34 - [TEST_STEP][PASSED] - comment("Accepting Special Characters"): Accepting Special Characters

2020-06-08 15:54:34 - [MESSAGE][INFO] - Accepting Special Characters

2020-06-08 15:54:34 - [MESSAGE][PASSED] - Call Test Case 'Test Cases/PFI Precision and Scale/PFI Components with Indexing/InputCellGridValidation' successfully

2020-06-08 15:54:34 - [TEST_STEP][PASSED] - callTestCase(findTestCase("PFI Precision and Scale/PFI Components with Indexing/MaxInputGridCellValidation"), ["FieldNm":"HB", "MaxCharLen":22], STOP_ON_FAILURE): Call Test Case 'Test Cases/PFI Precision and Scale/PFI Components with Indexing/MaxInputGridCellValidation' successfully

2020-06-08 15:54:34 - [TEST_CASE][PASSED] - Test Cases/PFI Precision and Scale/PFI Components with Indexing/MaxInputGridCellValidation: Test Cases/PFI Precision and Scale/PFI Components with Indexing/MaxInputGridCellValidation

2020-06-08 15:54:35 - [TEST_STEP][PASSED] - Thread.sleep(1000): null

2020-06-08 15:54:36 - [TEST_STEP][PASSED] - CharLengthTBL = ["HB":20]: null

2020-06-08 15:54:36 - [TEST_STEP][PASSED] - charset = 9).join(): null

2020-06-08 15:54:36 - [TEST_STEP][PASSED] - RandomStringVal = RandomStringUtils.random(MaxCharLen, charset.toCharArray()): null

2020-06-08 15:54:36 - [TEST_STEP][PASSED] - setText(findTestObject("Objects.ReusableObjects/CellGridInput"), RandomStringVal): Text 'LhrRqr1Z6M5WYhEp1LYEF8' is set on object 'Object Repository/Objects.ReusableObjects/CellGridInput'

2020-06-08 15:54:36 - [MESSAGE][PASSED] - Text 'LhrRqr1Z6M5WYhEp1LYEF8' is set on object 'Object Repository/Objects.ReusableObjects/CellGridInput'

2020-06-08 15:54:36 - [TEST_STEP][PASSED] - GetInputValue = getAttribute(findTestObject("Objects.ReusableObjects/CellGridInput"), "value", STOP_ON_FAILURE): Attribute 'value' of object 'Object Repository/Objects.ReusableObjects/CellGridInput' is: 'LhrRqr1Z6M5WYhEp1LYE'

2020-06-08 15:54:36 - [MESSAGE][PASSED] - Attribute 'value' of object 'Object Repository/Objects.ReusableObjects/CellGridInput' is: 'LhrRqr1Z6M5WYhEp1LYE'

2020-06-08 15:54:36 - [TEST_STEP][PASSED] - GetLenChar = GetInputValue.length(): null

2020-06-08 15:54:36 - [TEST_STEP][PASSED] - MaxLength = CharLengthTBL.get(FieldNm): null

2020-06-08 15:54:36 - [TEST_STEP][PASSED] - if (MaxLength != null): Actual object '20' and expected object '20' are equal

2020-06-08 15:54:36 - [TEST_STEP][PASSED] - verifyEqual(GetLenChar, MaxLength): Actual object '20' and expected object '20' are equal

2020-06-08 15:54:36 - [MESSAGE][PASSED] - Actual object '20' and expected object '20' are equal

2020-06-08 15:54:36 - [MESSAGE][PASSED] - Call Test Case 'Test Cases/PFI Precision and Scale/PFI Components with Indexing/MaxInputGridCellValidation' successfully]]></system-out>
         <system-err><![CDATA[]]></system-err>
      </testcase>
      <testcase name="Test Cases/PFI Precision and Scale/PFI Test Cases/PFI - TOPCSC/RecommendTOPCSC" time="133.761" classname="Test Cases/PFI Precision and Scale/PFI Test Cases/PFI - TOPCSC/RecommendTOPCSC" status="PASSED">
         <system-out><![CDATA[2020-06-08 15:54:36 - [TEST_CASE][PASSED] - Test Cases/PFI Precision and Scale/PFI Test Cases/PFI - TOPCSC/RecommendTOPCSC: Test Cases/PFI Precision and Scale/PFI Test Cases/PFI - TOPCSC/RecommendTOPCSC

2020-06-08 15:54:36 - [TEST_STEP][PASSED] - callTestCase(findTestCase("Components/NavigateToAnyLHS"), ["LHS":"Recommend TOP/CSC Interface"], STOP_ON_FAILURE): Call Test Case 'Test Cases/Components/NavigateToAnyLHS' successfully

2020-06-08 15:54:36 - [TEST_CASE][PASSED] - Test Cases/Components/NavigateToAnyLHS: Test Cases/Components/NavigateToAnyLHS

2020-06-08 15:54:36 - [TEST_STEP][PASSED] - Thread.sleep(1000): null

2020-06-08 15:54:37 - [TEST_STEP][PASSED] - modifiedLHS = modifyObjectProperty(findTestObject("Objects.NavigateToAnyLHS/Page_ISPS2/LHSToModify"), "text", "equals", LHS, true): Modify property of object successfully

2020-06-08 15:54:37 - [MESSAGE][PASSED] - Modify property of object successfully

2020-06-08 15:54:37 - [TEST_STEP][PASSED] - click(modifiedLHS): Object: 'Object Repository/Objects.NavigateToAnyLHS/Page_ISPS2/LHSToModify' is clicked on

2020-06-08 15:54:38 - [MESSAGE][PASSED] - Object: 'Object Repository/Objects.NavigateToAnyLHS/Page_ISPS2/LHSToModify' is clicked on

2020-06-08 15:54:38 - [TEST_STEP][PASSED] - currentLHS = getText(modifiedLHS): Text of object 'Object Repository/Objects.NavigateToAnyLHS/Page_ISPS2/LHSToModify' is: 'Recommend TOP/CSC Interface'

2020-06-08 15:54:38 - [MESSAGE][PASSED] - Text of object 'Object Repository/Objects.NavigateToAnyLHS/Page_ISPS2/LHSToModify' is: 'Recommend TOP/CSC Interface'

2020-06-08 15:54:38 - [TEST_STEP][PASSED] - Thread.sleep(5000): null

2020-06-08 15:54:43 - [MESSAGE][PASSED] - Call Test Case 'Test Cases/Components/NavigateToAnyLHS' successfully

2020-06-08 15:54:43 - [TEST_STEP][PASSED] - callTestCase(findTestCase("Components/VerifyPageSuccessfullyLoadedII"), ["PageNm":"Recommend"], STOP_ON_FAILURE): Call Test Case 'Test Cases/Components/VerifyPageSuccessfullyLoadedII' successfully

2020-06-08 15:54:43 - [TEST_CASE][PASSED] - Test Cases/Components/VerifyPageSuccessfullyLoadedII: Test Cases/Components/VerifyPageSuccessfullyLoadedII

2020-06-08 15:54:43 - [TEST_STEP][PASSED] - waitForPageLoad(5): Wait for page load successfully

2020-06-08 15:54:43 - [MESSAGE][PASSED] - Wait for page load successfully

2020-06-08 15:54:43 - [TEST_STEP][PASSED] - modifiedInputFld = modifyObjectProperty(findTestObject("Object Repository/Objects.VerifyPageSuccessfullyLoaded/PageHeaderIndex"), "xpath", "equals", "//*[contains(@class,'isps-page-title') and contains(text(),'" + PageNm + "')]", true): Modify property of object successfully

2020-06-08 15:54:43 - [MESSAGE][PASSED] - Modify property of object successfully

2020-06-08 15:54:43 - [TEST_STEP][PASSED] - com.reusableComponents.HighlightElement.run(modifiedInputFld): com.reusableComponents.HighlightElement.run is PASSED

2020-06-08 15:54:43 - [MESSAGE][PASSED] - com.reusableComponents.HighlightElement.run is PASSED

2020-06-08 15:54:43 - [MESSAGE][PASSED] - Call Test Case 'Test Cases/Components/VerifyPageSuccessfullyLoadedII' successfully

2020-06-08 15:54:43 - [TEST_STEP][PASSED] - callTestCase(findTestCase("Components/HighlightLabelFieldXPI"), ["LblName":"Recommend To", "index":1], STOP_ON_FAILURE): Call Test Case 'Test Cases/Components/HighlightLabelFieldXPI' successfully

2020-06-08 15:54:43 - [TEST_CASE][PASSED] - Test Cases/Components/HighlightLabelFieldXPI: Test Cases/Components/HighlightLabelFieldXPI

2020-06-08 15:54:43 - [TEST_STEP][PASSED] - Thread.sleep(1000): null

2020-06-08 15:54:44 - [TEST_STEP][PASSED] - modifiedLblNm = modifyObjectProperty(findTestObject("Object Repository/Objects.HighlightElements/lblField_index"), "xpath", "equals", "(//*[contains(@class, 'x-form-item-label-inner x-form-item-label-inner-default') and contains(., '" + LblName + "')])[" + index + "]", true): Modify property of object successfully

2020-06-08 15:54:44 - [MESSAGE][PASSED] - Modify property of object successfully

2020-06-08 15:54:44 - [TEST_STEP][PASSED] - com.reusableComponents.HighlightElement.run(modifiedLblNm): com.reusableComponents.HighlightElement.run is PASSED

2020-06-08 15:54:45 - [MESSAGE][PASSED] - com.reusableComponents.HighlightElement.run is PASSED

2020-06-08 15:54:45 - [MESSAGE][PASSED] - Call Test Case 'Test Cases/Components/HighlightLabelFieldXPI' successfully

2020-06-08 15:54:45 - [TEST_STEP][PASSED] - callTestCase(findTestCase("Components/HighlightInputIndexField"), ["InputName":"psiRecommendTo", "index":1], STOP_ON_FAILURE): Call Test Case 'Test Cases/Components/HighlightInputIndexField' successfully

2020-06-08 15:54:45 - [TEST_CASE][PASSED] - Test Cases/Components/HighlightInputIndexField: Test Cases/Components/HighlightInputIndexField

2020-06-08 15:54:45 - [TEST_STEP][PASSED] - Thread.sleep(1000): null

2020-06-08 15:54:46 - [TEST_STEP][PASSED] - modifiedInputFld = modifyObjectProperty(findTestObject("Objects.HighlightElements/input_field_index"), "xpath", "equals", "(//*[contains(@class,'x-form-text') and (@name='" + InputName + "')])[" + index + "]", true): Modify property of object successfully

2020-06-08 15:54:46 - [MESSAGE][PASSED] - Modify property of object successfully

2020-06-08 15:54:46 - [TEST_STEP][PASSED] - com.reusableComponents.HighlightElement.run(modifiedInputFld): com.reusableComponents.HighlightElement.run is PASSED

2020-06-08 15:54:47 - [MESSAGE][PASSED] - com.reusableComponents.HighlightElement.run is PASSED

2020-06-08 15:54:47 - [MESSAGE][PASSED] - Call Test Case 'Test Cases/Components/HighlightInputIndexField' successfully

2020-06-08 15:54:47 - [TEST_STEP][PASSED] - callTestCase(findTestCase("PFI Precision and Scale/PFI Components with Indexing/VerifyDropdownValuesIndex"), ["FldNm":"psiRecommendTo", "CallTCName":"PFI Precision and Scale/HashMap Tables/OfficerLists", "cmbNm":"", "NoOfVal":27, "DelayTime":2, ... ], STOP_ON_FAILURE): Call Test Case 'Test Cases/PFI Precision and Scale/PFI Components with Indexing/VerifyDropdownValuesIndex' successfully

2020-06-08 15:54:47 - [TEST_CASE][PASSED] - Test Cases/PFI Precision and Scale/PFI Components with Indexing/VerifyDropdownValuesIndex: Test Cases/PFI Precision and Scale/PFI Components with Indexing/VerifyDropdownValuesIndex

2020-06-08 15:54:47 - [TEST_STEP][PASSED] - Thread.sleep(1000): null

2020-06-08 15:54:48 - [TEST_STEP][PASSED] - NewInputNmField = modifyObjectProperty(findTestObject("Object Repository/Objects.HighlightElements/input_field_index"), "xpath", "equals", "(//*[contains(@class,'x-form-text') and (@name='" + FldNm + "')])[" + index + "]", true): Modify property of object successfully

2020-06-08 15:54:48 - [MESSAGE][PASSED] - Modify property of object successfully

2020-06-08 15:54:48 - [TEST_STEP][PASSED] - comboNm = cmbNm: null

2020-06-08 15:54:48 - [TEST_STEP][PASSED] - focus(NewInputNmField): Object: 'Object Repository/Objects.HighlightElements/input_field_index' is focused

2020-06-08 15:54:48 - [MESSAGE][PASSED] - Object: 'Object Repository/Objects.HighlightElements/input_field_index' is focused

2020-06-08 15:54:48 - [TEST_STEP][PASSED] - setText(NewInputNmField, EnterValue): Text '' is set on object 'Object Repository/Objects.HighlightElements/input_field_index'

2020-06-08 15:54:48 - [MESSAGE][PASSED] - Text '' is set on object 'Object Repository/Objects.HighlightElements/input_field_index'

2020-06-08 15:54:48 - [TEST_STEP][PASSED] - for ([i = 1, i <= NoOfVal, (i++)]): Keys 'DOWN + ' sent to object: 'Object Repository/Objects.HighlightElements/input_field_index'

2020-06-08 15:54:48 - [TEST_STEP][PASSED] - sendKeys(NewInputNmField, Keys.chord(ARROW_DOWN)): Keys 'DOWN + ' sent to object: 'Object Repository/Objects.HighlightElements/input_field_index'

2020-06-08 15:54:48 - [MESSAGE][PASSED] - Keys 'DOWN + ' sent to object: 'Object Repository/Objects.HighlightElements/input_field_index'

2020-06-08 15:54:48 - [TEST_STEP][PASSED] - delay(DelayTime): Delayed 2 second(s)

2020-06-08 15:54:50 - [MESSAGE][PASSED] - Delayed 2 second(s)

2020-06-08 15:54:50 - [TEST_STEP][PASSED] - sendKeys(NewInputNmField, Keys.chord(ENTER)): Keys 'ENTER + ' sent to object: 'Object Repository/Objects.HighlightElements/input_field_index'

2020-06-08 15:54:50 - [MESSAGE][PASSED] - Keys 'ENTER + ' sent to object: 'Object Repository/Objects.HighlightElements/input_field_index'

2020-06-08 15:54:50 - [TEST_STEP][PASSED] - ComboBoxValue = getAttribute(NewInputNmField, "value"): Attribute 'value' of object 'Object Repository/Objects.HighlightElements/input_field_index' is: 'Aaron Sham Wai Lun (AARON)'

2020-06-08 15:54:50 - [MESSAGE][PASSED] - Attribute 'value' of object 'Object Repository/Objects.HighlightElements/input_field_index' is: 'Aaron Sham Wai Lun (AARON)'

2020-06-08 15:54:50 - [TEST_STEP][PASSED] - callTestCase(findTestCase(CallTCName), ["FindValue":ComboBoxValue, "DropdownNm":comboNm], STOP_ON_FAILURE): Call Test Case 'Test Cases/PFI Precision and Scale/HashMap Tables/OfficerLists' successfully

2020-06-08 15:54:50 - [TEST_CASE][PASSED] - Test Cases/PFI Precision and Scale/HashMap Tables/OfficerLists: Test Cases/PFI Precision and Scale/HashMap Tables/OfficerLists

2020-06-08 15:54:50 - [TEST_STEP][PASSED] - Thread.sleep(1000): null

2020-06-08 15:54:51 - [TEST_STEP][PASSED] - OfficerLists = [1:"Aaron Sham Wai Lun (AARON)", 2:"Azidah Bte Akmad (Mdm) (USAABD)", 3:"Chung Fong Nyen (USACFN)", 4:"David Tey Dah Wei (DAHWEI)", ... ]: null

2020-06-08 15:54:51 - [TEST_STEP][PASSED] - ValueFound = OfficerLists.find({ -> ... }): null

2020-06-08 15:54:51 - [MESSAGE][PASSED] - Call Test Case 'Test Cases/PFI Precision and Scale/HashMap Tables/OfficerLists' successfully

2020-06-08 15:54:51 - [TEST_STEP][PASSED] - println(ValueFound): null

2020-06-08 15:54:51 - [TEST_STEP][PASSED] - sendKeys(NewInputNmField, Keys.chord(ARROW_DOWN)): Keys 'DOWN + ' sent to object: 'Object Repository/Objects.HighlightElements/input_field_index'

2020-06-08 15:54:51 - [MESSAGE][PASSED] - Keys 'DOWN + ' sent to object: 'Object Repository/Objects.HighlightElements/input_field_index'

2020-06-08 15:54:51 - [TEST_STEP][PASSED] - sendKeys(NewInputNmField, Keys.chord(ARROW_DOWN)): Keys 'DOWN + ' sent to object: 'Object Repository/Objects.HighlightElements/input_field_index'

2020-06-08 15:54:52 - [MESSAGE][PASSED] - Keys 'DOWN + ' sent to object: 'Object Repository/Objects.HighlightElements/input_field_index'

2020-06-08 15:54:52 - [TEST_STEP][PASSED] - delay(DelayTime): Delayed 2 second(s)

2020-06-08 15:54:54 - [MESSAGE][PASSED] - Delayed 2 second(s)

2020-06-08 15:54:54 - [TEST_STEP][PASSED] - sendKeys(NewInputNmField, Keys.chord(ENTER)): Keys 'ENTER + ' sent to object: 'Object Repository/Objects.HighlightElements/input_field_index'

2020-06-08 15:54:54 - [MESSAGE][PASSED] - Keys 'ENTER + ' sent to object: 'Object Repository/Objects.HighlightElements/input_field_index'

2020-06-08 15:54:54 - [TEST_STEP][PASSED] - ComboBoxValue = getAttribute(NewInputNmField, "value"): Attribute 'value' of object 'Object Repository/Objects.HighlightElements/input_field_index' is: 'Azidah Bte Akmad (Mdm) (USAABD)'

2020-06-08 15:54:54 - [MESSAGE][PASSED] - Attribute 'value' of object 'Object Repository/Objects.HighlightElements/input_field_index' is: 'Azidah Bte Akmad (Mdm) (USAABD)'

2020-06-08 15:54:54 - [TEST_STEP][PASSED] - callTestCase(findTestCase(CallTCName), ["FindValue":ComboBoxValue, "DropdownNm":comboNm], STOP_ON_FAILURE): Call Test Case 'Test Cases/PFI Precision and Scale/HashMap Tables/OfficerLists' successfully

2020-06-08 15:54:54 - [TEST_CASE][PASSED] - Test Cases/PFI Precision and Scale/HashMap Tables/OfficerLists: Test Cases/PFI Precision and Scale/HashMap Tables/OfficerLists

2020-06-08 15:54:54 - [TEST_STEP][PASSED] - Thread.sleep(1000): null

2020-06-08 15:54:55 - [TEST_STEP][PASSED] - OfficerLists = [1:"Aaron Sham Wai Lun (AARON)", 2:"Azidah Bte Akmad (Mdm) (USAABD)", 3:"Chung Fong Nyen (USACFN)", 4:"David Tey Dah Wei (DAHWEI)", ... ]: null

2020-06-08 15:54:55 - [TEST_STEP][PASSED] - ValueFound = OfficerLists.find({ -> ... }): null

2020-06-08 15:54:55 - [MESSAGE][PASSED] - Call Test Case 'Test Cases/PFI Precision and Scale/HashMap Tables/OfficerLists' successfully

2020-06-08 15:54:55 - [TEST_STEP][PASSED] - println(ValueFound): null

2020-06-08 15:54:55 - [TEST_STEP][PASSED] - sendKeys(NewInputNmField, Keys.chord(ARROW_DOWN)): Keys 'DOWN + ' sent to object: 'Object Repository/Objects.HighlightElements/input_field_index'

2020-06-08 15:54:55 - [MESSAGE][PASSED] - Keys 'DOWN + ' sent to object: 'Object Repository/Objects.HighlightElements/input_field_index'

2020-06-08 15:54:55 - [TEST_STEP][PASSED] - sendKeys(NewInputNmField, Keys.chord(ARROW_DOWN)): Keys 'DOWN + ' sent to object: 'Object Repository/Objects.HighlightElements/input_field_index'

2020-06-08 15:54:55 - [MESSAGE][PASSED] - Keys 'DOWN + ' sent to object: 'Object Repository/Objects.HighlightElements/input_field_index'

2020-06-08 15:54:55 - [TEST_STEP][PASSED] - delay(DelayTime): Delayed 2 second(s)

2020-06-08 15:54:57 - [MESSAGE][PASSED] - Delayed 2 second(s)

2020-06-08 15:54:57 - [TEST_STEP][PASSED] - sendKeys(NewInputNmField, Keys.chord(ENTER)): Keys 'ENTER + ' sent to object: 'Object Repository/Objects.HighlightElements/input_field_index'

2020-06-08 15:54:57 - [MESSAGE][PASSED] - Keys 'ENTER + ' sent to object: 'Object Repository/Objects.HighlightElements/input_field_index'

2020-06-08 15:54:57 - [TEST_STEP][PASSED] - ComboBoxValue = getAttribute(NewInputNmField, "value"): Attribute 'value' of object 'Object Repository/Objects.HighlightElements/input_field_index' is: 'Chua Bee Tee (BEETEE)'

2020-06-08 15:54:57 - [MESSAGE][PASSED] - Attribute 'value' of object 'Object Repository/Objects.HighlightElements/input_field_index' is: 'Chua Bee Tee (BEETEE)'

2020-06-08 15:54:57 - [TEST_STEP][PASSED] - callTestCase(findTestCase(CallTCName), ["FindValue":ComboBoxValue, "DropdownNm":comboNm], STOP_ON_FAILURE): Call Test Case 'Test Cases/PFI Precision and Scale/HashMap Tables/OfficerLists' successfully

2020-06-08 15:54:57 - [TEST_CASE][PASSED] - Test Cases/PFI Precision and Scale/HashMap Tables/OfficerLists: Test Cases/PFI Precision and Scale/HashMap Tables/OfficerLists

2020-06-08 15:54:57 - [TEST_STEP][PASSED] - Thread.sleep(1000): null

2020-06-08 15:54:58 - [TEST_STEP][PASSED] - OfficerLists = [1:"Aaron Sham Wai Lun (AARON)", 2:"Azidah Bte Akmad (Mdm) (USAABD)", 3:"Chung Fong Nyen (USACFN)", 4:"David Tey Dah Wei (DAHWEI)", ... ]: null

2020-06-08 15:54:58 - [TEST_STEP][PASSED] - ValueFound = OfficerLists.find({ -> ... }): null

2020-06-08 15:54:58 - [MESSAGE][PASSED] - Call Test Case 'Test Cases/PFI Precision and Scale/HashMap Tables/OfficerLists' successfully

2020-06-08 15:54:58 - [TEST_STEP][PASSED] - println(ValueFound): null

2020-06-08 15:54:58 - [TEST_STEP][PASSED] - sendKeys(NewInputNmField, Keys.chord(ARROW_DOWN)): Keys 'DOWN + ' sent to object: 'Object Repository/Objects.HighlightElements/input_field_index'

2020-06-08 15:54:58 - [MESSAGE][PASSED] - Keys 'DOWN + ' sent to object: 'Object Repository/Objects.HighlightElements/input_field_index'

2020-06-08 15:54:58 - [TEST_STEP][PASSED] - sendKeys(NewInputNmField, Keys.chord(ARROW_DOWN)): Keys 'DOWN + ' sent to object: 'Object Repository/Objects.HighlightElements/input_field_index'

2020-06-08 15:54:58 - [MESSAGE][PASSED] - Keys 'DOWN + ' sent to object: 'Object Repository/Objects.HighlightElements/input_field_index'

2020-06-08 15:54:58 - [TEST_STEP][PASSED] - delay(DelayTime): Delayed 2 second(s)

2020-06-08 15:55:00 - [MESSAGE][PASSED] - Delayed 2 second(s)

2020-06-08 15:55:00 - [TEST_STEP][PASSED] - sendKeys(NewInputNmField, Keys.chord(ENTER)): Keys 'ENTER + ' sent to object: 'Object Repository/Objects.HighlightElements/input_field_index'

2020-06-08 15:55:00 - [MESSAGE][PASSED] - Keys 'ENTER + ' sent to object: 'Object Repository/Objects.HighlightElements/input_field_index'

2020-06-08 15:55:00 - [TEST_STEP][PASSED] - ComboBoxValue = getAttribute(NewInputNmField, "value"): Attribute 'value' of object 'Object Repository/Objects.HighlightElements/input_field_index' is: 'Chung Fong Nyen (USACFN)'

2020-06-08 15:55:00 - [MESSAGE][PASSED] - Attribute 'value' of object 'Object Repository/Objects.HighlightElements/input_field_index' is: 'Chung Fong Nyen (USACFN)'

2020-06-08 15:55:00 - [TEST_STEP][PASSED] - callTestCase(findTestCase(CallTCName), ["FindValue":ComboBoxValue, "DropdownNm":comboNm], STOP_ON_FAILURE): Call Test Case 'Test Cases/PFI Precision and Scale/HashMap Tables/OfficerLists' successfully

2020-06-08 15:55:00 - [TEST_CASE][PASSED] - Test Cases/PFI Precision and Scale/HashMap Tables/OfficerLists: Test Cases/PFI Precision and Scale/HashMap Tables/OfficerLists

2020-06-08 15:55:00 - [TEST_STEP][PASSED] - Thread.sleep(1000): null

2020-06-08 15:55:01 - [TEST_STEP][PASSED] - OfficerLists = [1:"Aaron Sham Wai Lun (AARON)", 2:"Azidah Bte Akmad (Mdm) (USAABD)", 3:"Chung Fong Nyen (USACFN)", 4:"David Tey Dah Wei (DAHWEI)", ... ]: null

2020-06-08 15:55:01 - [TEST_STEP][PASSED] - ValueFound = OfficerLists.find({ -> ... }): null

2020-06-08 15:55:01 - [MESSAGE][PASSED] - Call Test Case 'Test Cases/PFI Precision and Scale/HashMap Tables/OfficerLists' successfully

2020-06-08 15:55:01 - [TEST_STEP][PASSED] - println(ValueFound): null

2020-06-08 15:55:01 - [TEST_STEP][PASSED] - sendKeys(NewInputNmField, Keys.chord(ARROW_DOWN)): Keys 'DOWN + ' sent to object: 'Object Repository/Objects.HighlightElements/input_field_index'

2020-06-08 15:55:01 - [MESSAGE][PASSED] - Keys 'DOWN + ' sent to object: 'Object Repository/Objects.HighlightElements/input_field_index'

2020-06-08 15:55:01 - [TEST_STEP][PASSED] - sendKeys(NewInputNmField, Keys.chord(ARROW_DOWN)): Keys 'DOWN + ' sent to object: 'Object Repository/Objects.HighlightElements/input_field_index'

2020-06-08 15:55:01 - [MESSAGE][PASSED] - Keys 'DOWN + ' sent to object: 'Object Repository/Objects.HighlightElements/input_field_index'

2020-06-08 15:55:01 - [TEST_STEP][PASSED] - delay(DelayTime): Delayed 2 second(s)

2020-06-08 15:55:03 - [MESSAGE][PASSED] - Delayed 2 second(s)

2020-06-08 15:55:03 - [TEST_STEP][PASSED] - sendKeys(NewInputNmField, Keys.chord(ENTER)): Keys 'ENTER + ' sent to object: 'Object Repository/Objects.HighlightElements/input_field_index'

2020-06-08 15:55:04 - [MESSAGE][PASSED] - Keys 'ENTER + ' sent to object: 'Object Repository/Objects.HighlightElements/input_field_index'

2020-06-08 15:55:04 - [TEST_STEP][PASSED] - ComboBoxValue = getAttribute(NewInputNmField, "value"): Attribute 'value' of object 'Object Repository/Objects.HighlightElements/input_field_index' is: 'David Tey Dah Wei (DAHWEI)'

2020-06-08 15:55:04 - [MESSAGE][PASSED] - Attribute 'value' of object 'Object Repository/Objects.HighlightElements/input_field_index' is: 'David Tey Dah Wei (DAHWEI)'

2020-06-08 15:55:04 - [TEST_STEP][PASSED] - callTestCase(findTestCase(CallTCName), ["FindValue":ComboBoxValue, "DropdownNm":comboNm], STOP_ON_FAILURE): Call Test Case 'Test Cases/PFI Precision and Scale/HashMap Tables/OfficerLists' successfully

2020-06-08 15:55:04 - [TEST_CASE][PASSED] - Test Cases/PFI Precision and Scale/HashMap Tables/OfficerLists: Test Cases/PFI Precision and Scale/HashMap Tables/OfficerLists

2020-06-08 15:55:04 - [TEST_STEP][PASSED] - Thread.sleep(1000): null

2020-06-08 15:55:05 - [TEST_STEP][PASSED] - OfficerLists = [1:"Aaron Sham Wai Lun (AARON)", 2:"Azidah Bte Akmad (Mdm) (USAABD)", 3:"Chung Fong Nyen (USACFN)", 4:"David Tey Dah Wei (DAHWEI)", ... ]: null

2020-06-08 15:55:05 - [TEST_STEP][PASSED] - ValueFound = OfficerLists.find({ -> ... }): null

2020-06-08 15:55:05 - [MESSAGE][PASSED] - Call Test Case 'Test Cases/PFI Precision and Scale/HashMap Tables/OfficerLists' successfully

2020-06-08 15:55:05 - [TEST_STEP][PASSED] - println(ValueFound): null

2020-06-08 15:55:05 - [TEST_STEP][PASSED] - sendKeys(NewInputNmField, Keys.chord(ARROW_DOWN)): Keys 'DOWN + ' sent to object: 'Object Repository/Objects.HighlightElements/input_field_index'

2020-06-08 15:55:05 - [MESSAGE][PASSED] - Keys 'DOWN + ' sent to object: 'Object Repository/Objects.HighlightElements/input_field_index'

2020-06-08 15:55:05 - [TEST_STEP][PASSED] - sendKeys(NewInputNmField, Keys.chord(ARROW_DOWN)): Keys 'DOWN + ' sent to object: 'Object Repository/Objects.HighlightElements/input_field_index'

2020-06-08 15:55:05 - [MESSAGE][PASSED] - Keys 'DOWN + ' sent to object: 'Object Repository/Objects.HighlightElements/input_field_index'

2020-06-08 15:55:05 - [TEST_STEP][PASSED] - delay(DelayTime): Delayed 2 second(s)

2020-06-08 15:55:07 - [MESSAGE][PASSED] - Delayed 2 second(s)

2020-06-08 15:55:07 - [TEST_STEP][PASSED] - sendKeys(NewInputNmField, Keys.chord(ENTER)): Keys 'ENTER + ' sent to object: 'Object Repository/Objects.HighlightElements/input_field_index'

2020-06-08 15:55:07 - [MESSAGE][PASSED] - Keys 'ENTER + ' sent to object: 'Object Repository/Objects.HighlightElements/input_field_index'

2020-06-08 15:55:07 - [TEST_STEP][PASSED] - ComboBoxValue = getAttribute(NewInputNmField, "value"): Attribute 'value' of object 'Object Repository/Objects.HighlightElements/input_field_index' is: 'Han Wann Kuang (WANNKUANG)'

2020-06-08 15:55:07 - [MESSAGE][PASSED] - Attribute 'value' of object 'Object Repository/Objects.HighlightElements/input_field_index' is: 'Han Wann Kuang (WANNKUANG)'

2020-06-08 15:55:07 - [TEST_STEP][PASSED] - callTestCase(findTestCase(CallTCName), ["FindValue":ComboBoxValue, "DropdownNm":comboNm], STOP_ON_FAILURE): Call Test Case 'Test Cases/PFI Precision and Scale/HashMap Tables/OfficerLists' successfully

2020-06-08 15:55:07 - [TEST_CASE][PASSED] - Test Cases/PFI Precision and Scale/HashMap Tables/OfficerLists: Test Cases/PFI Precision and Scale/HashMap Tables/OfficerLists

2020-06-08 15:55:07 - [TEST_STEP][PASSED] - Thread.sleep(1000): null

2020-06-08 15:55:08 - [TEST_STEP][PASSED] - OfficerLists = [1:"Aaron Sham Wai Lun (AARON)", 2:"Azidah Bte Akmad (Mdm) (USAABD)", 3:"Chung Fong Nyen (USACFN)", 4:"David Tey Dah Wei (DAHWEI)", ... ]: null

2020-06-08 15:55:08 - [TEST_STEP][PASSED] - ValueFound = OfficerLists.find({ -> ... }): null

2020-06-08 15:55:08 - [MESSAGE][PASSED] - Call Test Case 'Test Cases/PFI Precision and Scale/HashMap Tables/OfficerLists' successfully

2020-06-08 15:55:08 - [TEST_STEP][PASSED] - println(ValueFound): null

2020-06-08 15:55:08 - [TEST_STEP][PASSED] - sendKeys(NewInputNmField, Keys.chord(ARROW_DOWN)): Keys 'DOWN + ' sent to object: 'Object Repository/Objects.HighlightElements/input_field_index'

2020-06-08 15:55:08 - [MESSAGE][PASSED] - Keys 'DOWN + ' sent to object: 'Object Repository/Objects.HighlightElements/input_field_index'

2020-06-08 15:55:08 - [TEST_STEP][PASSED] - sendKeys(NewInputNmField, Keys.chord(ARROW_DOWN)): Keys 'DOWN + ' sent to object: 'Object Repository/Objects.HighlightElements/input_field_index'

2020-06-08 15:55:08 - [MESSAGE][PASSED] - Keys 'DOWN + ' sent to object: 'Object Repository/Objects.HighlightElements/input_field_index'

2020-06-08 15:55:08 - [TEST_STEP][PASSED] - delay(DelayTime): Delayed 2 second(s)

2020-06-08 15:55:10 - [MESSAGE][PASSED] - Delayed 2 second(s)

2020-06-08 15:55:10 - [TEST_STEP][PASSED] - sendKeys(NewInputNmField, Keys.chord(ENTER)): Keys 'ENTER + ' sent to object: 'Object Repository/Objects.HighlightElements/input_field_index'

2020-06-08 15:55:10 - [MESSAGE][PASSED] - Keys 'ENTER + ' sent to object: 'Object Repository/Objects.HighlightElements/input_field_index'

2020-06-08 15:55:10 - [TEST_STEP][PASSED] - ComboBoxValue = getAttribute(NewInputNmField, "value"): Attribute 'value' of object 'Object Repository/Objects.HighlightElements/input_field_index' is: 'Ho Tze Siang (TZESIANG)'

2020-06-08 15:55:10 - [MESSAGE][PASSED] - Attribute 'value' of object 'Object Repository/Objects.HighlightElements/input_field_index' is: 'Ho Tze Siang (TZESIANG)'

2020-06-08 15:55:10 - [TEST_STEP][PASSED] - callTestCase(findTestCase(CallTCName), ["FindValue":ComboBoxValue, "DropdownNm":comboNm], STOP_ON_FAILURE): Call Test Case 'Test Cases/PFI Precision and Scale/HashMap Tables/OfficerLists' successfully

2020-06-08 15:55:10 - [TEST_CASE][PASSED] - Test Cases/PFI Precision and Scale/HashMap Tables/OfficerLists: Test Cases/PFI Precision and Scale/HashMap Tables/OfficerLists

2020-06-08 15:55:10 - [TEST_STEP][PASSED] - Thread.sleep(1000): null

2020-06-08 15:55:11 - [TEST_STEP][PASSED] - OfficerLists = [1:"Aaron Sham Wai Lun (AARON)", 2:"Azidah Bte Akmad (Mdm) (USAABD)", 3:"Chung Fong Nyen (USACFN)", 4:"David Tey Dah Wei (DAHWEI)", ... ]: null

2020-06-08 15:55:11 - [TEST_STEP][PASSED] - ValueFound = OfficerLists.find({ -> ... }): null

2020-06-08 15:55:11 - [MESSAGE][PASSED] - Call Test Case 'Test Cases/PFI Precision and Scale/HashMap Tables/OfficerLists' successfully

2020-06-08 15:55:11 - [TEST_STEP][PASSED] - println(ValueFound): null

2020-06-08 15:55:11 - [TEST_STEP][PASSED] - sendKeys(NewInputNmField, Keys.chord(ARROW_DOWN)): Keys 'DOWN + ' sent to object: 'Object Repository/Objects.HighlightElements/input_field_index'

2020-06-08 15:55:11 - [MESSAGE][PASSED] - Keys 'DOWN + ' sent to object: 'Object Repository/Objects.HighlightElements/input_field_index'

2020-06-08 15:55:11 - [TEST_STEP][PASSED] - sendKeys(NewInputNmField, Keys.chord(ARROW_DOWN)): Keys 'DOWN + ' sent to object: 'Object Repository/Objects.HighlightElements/input_field_index'

2020-06-08 15:55:11 - [MESSAGE][PASSED] - Keys 'DOWN + ' sent to object: 'Object Repository/Objects.HighlightElements/input_field_index'

2020-06-08 15:55:11 - [TEST_STEP][PASSED] - delay(DelayTime): Delayed 2 second(s)

2020-06-08 15:55:13 - [MESSAGE][PASSED] - Delayed 2 second(s)

2020-06-08 15:55:13 - [TEST_STEP][PASSED] - sendKeys(NewInputNmField, Keys.chord(ENTER)): Keys 'ENTER + ' sent to object: 'Object Repository/Objects.HighlightElements/input_field_index'

2020-06-08 15:55:13 - [MESSAGE][PASSED] - Keys 'ENTER + ' sent to object: 'Object Repository/Objects.HighlightElements/input_field_index'

2020-06-08 15:55:13 - [TEST_STEP][PASSED] - ComboBoxValue = getAttribute(NewInputNmField, "value"): Attribute 'value' of object 'Object Repository/Objects.HighlightElements/input_field_index' is: 'Ho-Chan Vun Ching (USAHVC)'

2020-06-08 15:55:14 - [MESSAGE][PASSED] - Attribute 'value' of object 'Object Repository/Objects.HighlightElements/input_field_index' is: 'Ho-Chan Vun Ching (USAHVC)'

2020-06-08 15:55:14 - [TEST_STEP][PASSED] - callTestCase(findTestCase(CallTCName), ["FindValue":ComboBoxValue, "DropdownNm":comboNm], STOP_ON_FAILURE): Call Test Case 'Test Cases/PFI Precision and Scale/HashMap Tables/OfficerLists' successfully

2020-06-08 15:55:14 - [TEST_CASE][PASSED] - Test Cases/PFI Precision and Scale/HashMap Tables/OfficerLists: Test Cases/PFI Precision and Scale/HashMap Tables/OfficerLists

2020-06-08 15:55:14 - [TEST_STEP][PASSED] - Thread.sleep(1000): null

2020-06-08 15:55:15 - [TEST_STEP][PASSED] - OfficerLists = [1:"Aaron Sham Wai Lun (AARON)", 2:"Azidah Bte Akmad (Mdm) (USAABD)", 3:"Chung Fong Nyen (USACFN)", 4:"David Tey Dah Wei (DAHWEI)", ... ]: null

2020-06-08 15:55:15 - [TEST_STEP][PASSED] - ValueFound = OfficerLists.find({ -> ... }): null

2020-06-08 15:55:15 - [MESSAGE][PASSED] - Call Test Case 'Test Cases/PFI Precision and Scale/HashMap Tables/OfficerLists' successfully

2020-06-08 15:55:15 - [TEST_STEP][PASSED] - println(ValueFound): null

2020-06-08 15:55:15 - [TEST_STEP][PASSED] - sendKeys(NewInputNmField, Keys.chord(ARROW_DOWN)): Keys 'DOWN + ' sent to object: 'Object Repository/Objects.HighlightElements/input_field_index'

2020-06-08 15:55:15 - [MESSAGE][PASSED] - Keys 'DOWN + ' sent to object: 'Object Repository/Objects.HighlightElements/input_field_index'

2020-06-08 15:55:15 - [TEST_STEP][PASSED] - sendKeys(NewInputNmField, Keys.chord(ARROW_DOWN)): Keys 'DOWN + ' sent to object: 'Object Repository/Objects.HighlightElements/input_field_index'

2020-06-08 15:55:15 - [MESSAGE][PASSED] - Keys 'DOWN + ' sent to object: 'Object Repository/Objects.HighlightElements/input_field_index'

2020-06-08 15:55:15 - [TEST_STEP][PASSED] - delay(DelayTime): Delayed 2 second(s)

2020-06-08 15:55:17 - [MESSAGE][PASSED] - Delayed 2 second(s)

2020-06-08 15:55:17 - [TEST_STEP][PASSED] - sendKeys(NewInputNmField, Keys.chord(ENTER)): Keys 'ENTER + ' sent to object: 'Object Repository/Objects.HighlightElements/input_field_index'

2020-06-08 15:55:17 - [MESSAGE][PASSED] - Keys 'ENTER + ' sent to object: 'Object Repository/Objects.HighlightElements/input_field_index'

2020-06-08 15:55:17 - [TEST_STEP][PASSED] - ComboBoxValue = getAttribute(NewInputNmField, "value"): Attribute 'value' of object 'Object Repository/Objects.HighlightElements/input_field_index' is: 'Janet Lee Choon Hong (JANETCHOON)'

2020-06-08 15:55:17 - [MESSAGE][PASSED] - Attribute 'value' of object 'Object Repository/Objects.HighlightElements/input_field_index' is: 'Janet Lee Choon Hong (JANETCHOON)'

2020-06-08 15:55:17 - [TEST_STEP][PASSED] - callTestCase(findTestCase(CallTCName), ["FindValue":ComboBoxValue, "DropdownNm":comboNm], STOP_ON_FAILURE): Call Test Case 'Test Cases/PFI Precision and Scale/HashMap Tables/OfficerLists' successfully

2020-06-08 15:55:17 - [TEST_CASE][PASSED] - Test Cases/PFI Precision and Scale/HashMap Tables/OfficerLists: Test Cases/PFI Precision and Scale/HashMap Tables/OfficerLists

2020-06-08 15:55:17 - [TEST_STEP][PASSED] - Thread.sleep(1000): null

2020-06-08 15:55:18 - [TEST_STEP][PASSED] - OfficerLists = [1:"Aaron Sham Wai Lun (AARON)", 2:"Azidah Bte Akmad (Mdm) (USAABD)", 3:"Chung Fong Nyen (USACFN)", 4:"David Tey Dah Wei (DAHWEI)", ... ]: null

2020-06-08 15:55:18 - [TEST_STEP][PASSED] - ValueFound = OfficerLists.find({ -> ... }): null

2020-06-08 15:55:18 - [MESSAGE][PASSED] - Call Test Case 'Test Cases/PFI Precision and Scale/HashMap Tables/OfficerLists' successfully

2020-06-08 15:55:18 - [TEST_STEP][PASSED] - println(ValueFound): null

2020-06-08 15:55:18 - [TEST_STEP][PASSED] - sendKeys(NewInputNmField, Keys.chord(ARROW_DOWN)): Keys 'DOWN + ' sent to object: 'Object Repository/Objects.HighlightElements/input_field_index'

2020-06-08 15:55:18 - [MESSAGE][PASSED] - Keys 'DOWN + ' sent to object: 'Object Repository/Objects.HighlightElements/input_field_index'

2020-06-08 15:55:18 - [TEST_STEP][PASSED] - sendKeys(NewInputNmField, Keys.chord(ARROW_DOWN)): Keys 'DOWN + ' sent to object: 'Object Repository/Objects.HighlightElements/input_field_index'

2020-06-08 15:55:18 - [MESSAGE][PASSED] - Keys 'DOWN + ' sent to object: 'Object Repository/Objects.HighlightElements/input_field_index'

2020-06-08 15:55:18 - [TEST_STEP][PASSED] - delay(DelayTime): Delayed 2 second(s)

2020-06-08 15:55:20 - [MESSAGE][PASSED] - Delayed 2 second(s)

2020-06-08 15:55:20 - [TEST_STEP][PASSED] - sendKeys(NewInputNmField, Keys.chord(ENTER)): Keys 'ENTER + ' sent to object: 'Object Repository/Objects.HighlightElements/input_field_index'

2020-06-08 15:55:20 - [MESSAGE][PASSED] - Keys 'ENTER + ' sent to object: 'Object Repository/Objects.HighlightElements/input_field_index'

2020-06-08 15:55:20 - [TEST_STEP][PASSED] - ComboBoxValue = getAttribute(NewInputNmField, "value"): Attribute 'value' of object 'Object Repository/Objects.HighlightElements/input_field_index' is: 'Joseph Lim Pheng Weng (PHENGWENG)'

2020-06-08 15:55:20 - [MESSAGE][PASSED] - Attribute 'value' of object 'Object Repository/Objects.HighlightElements/input_field_index' is: 'Joseph Lim Pheng Weng (PHENGWENG)'

2020-06-08 15:55:20 - [TEST_STEP][PASSED] - callTestCase(findTestCase(CallTCName), ["FindValue":ComboBoxValue, "DropdownNm":comboNm], STOP_ON_FAILURE): Call Test Case 'Test Cases/PFI Precision and Scale/HashMap Tables/OfficerLists' successfully

2020-06-08 15:55:20 - [TEST_CASE][PASSED] - Test Cases/PFI Precision and Scale/HashMap Tables/OfficerLists: Test Cases/PFI Precision and Scale/HashMap Tables/OfficerLists

2020-06-08 15:55:20 - [TEST_STEP][PASSED] - Thread.sleep(1000): null

2020-06-08 15:55:21 - [TEST_STEP][PASSED] - OfficerLists = [1:"Aaron Sham Wai Lun (AARON)", 2:"Azidah Bte Akmad (Mdm) (USAABD)", 3:"Chung Fong Nyen (USACFN)", 4:"David Tey Dah Wei (DAHWEI)", ... ]: null

2020-06-08 15:55:21 - [TEST_STEP][PASSED] - ValueFound = OfficerLists.find({ -> ... }): null

2020-06-08 15:55:21 - [MESSAGE][PASSED] - Call Test Case 'Test Cases/PFI Precision and Scale/HashMap Tables/OfficerLists' successfully

2020-06-08 15:55:21 - [TEST_STEP][PASSED] - println(ValueFound): null

2020-06-08 15:55:21 - [TEST_STEP][PASSED] - sendKeys(NewInputNmField, Keys.chord(ARROW_DOWN)): Keys 'DOWN + ' sent to object: 'Object Repository/Objects.HighlightElements/input_field_index'

2020-06-08 15:55:21 - [MESSAGE][PASSED] - Keys 'DOWN + ' sent to object: 'Object Repository/Objects.HighlightElements/input_field_index'

2020-06-08 15:55:21 - [TEST_STEP][PASSED] - sendKeys(NewInputNmField, Keys.chord(ARROW_DOWN)): Keys 'DOWN + ' sent to object: 'Object Repository/Objects.HighlightElements/input_field_index'

2020-06-08 15:55:21 - [MESSAGE][PASSED] - Keys 'DOWN + ' sent to object: 'Object Repository/Objects.HighlightElements/input_field_index'

2020-06-08 15:55:21 - [TEST_STEP][PASSED] - delay(DelayTime): Delayed 2 second(s)

2020-06-08 15:55:23 - [MESSAGE][PASSED] - Delayed 2 second(s)

2020-06-08 15:55:23 - [TEST_STEP][PASSED] - sendKeys(NewInputNmField, Keys.chord(ENTER)): Keys 'ENTER + ' sent to object: 'Object Repository/Objects.HighlightElements/input_field_index'

2020-06-08 15:55:23 - [MESSAGE][PASSED] - Keys 'ENTER + ' sent to object: 'Object Repository/Objects.HighlightElements/input_field_index'

2020-06-08 15:55:23 - [TEST_STEP][PASSED] - ComboBoxValue = getAttribute(NewInputNmField, "value"): Attribute 'value' of object 'Object Repository/Objects.HighlightElements/input_field_index' is: 'Kaliannan Thanabal (KALIANN)'

2020-06-08 15:55:23 - [MESSAGE][PASSED] - Attribute 'value' of object 'Object Repository/Objects.HighlightElements/input_field_index' is: 'Kaliannan Thanabal (KALIANN)'

2020-06-08 15:55:23 - [TEST_STEP][PASSED] - callTestCase(findTestCase(CallTCName), ["FindValue":ComboBoxValue, "DropdownNm":comboNm], STOP_ON_FAILURE): Call Test Case 'Test Cases/PFI Precision and Scale/HashMap Tables/OfficerLists' successfully

2020-06-08 15:55:23 - [TEST_CASE][PASSED] - Test Cases/PFI Precision and Scale/HashMap Tables/OfficerLists: Test Cases/PFI Precision and Scale/HashMap Tables/OfficerLists

2020-06-08 15:55:23 - [TEST_STEP][PASSED] - Thread.sleep(1000): null

2020-06-08 15:55:24 - [TEST_STEP][PASSED] - OfficerLists = [1:"Aaron Sham Wai Lun (AARON)", 2:"Azidah Bte Akmad (Mdm) (USAABD)", 3:"Chung Fong Nyen (USACFN)", 4:"David Tey Dah Wei (DAHWEI)", ... ]: null

2020-06-08 15:55:24 - [TEST_STEP][PASSED] - ValueFound = OfficerLists.find({ -> ... }): null

2020-06-08 15:55:24 - [MESSAGE][PASSED] - Call Test Case 'Test Cases/PFI Precision and Scale/HashMap Tables/OfficerLists' successfully

2020-06-08 15:55:24 - [TEST_STEP][PASSED] - println(ValueFound): null

2020-06-08 15:55:24 - [TEST_STEP][PASSED] - sendKeys(NewInputNmField, Keys.chord(ARROW_DOWN)): Keys 'DOWN + ' sent to object: 'Object Repository/Objects.HighlightElements/input_field_index'

2020-06-08 15:55:24 - [MESSAGE][PASSED] - Keys 'DOWN + ' sent to object: 'Object Repository/Objects.HighlightElements/input_field_index'

2020-06-08 15:55:24 - [TEST_STEP][PASSED] - sendKeys(NewInputNmField, Keys.chord(ARROW_DOWN)): Keys 'DOWN + ' sent to object: 'Object Repository/Objects.HighlightElements/input_field_index'

2020-06-08 15:55:24 - [MESSAGE][PASSED] - Keys 'DOWN + ' sent to object: 'Object Repository/Objects.HighlightElements/input_field_index'

2020-06-08 15:55:24 - [TEST_STEP][PASSED] - delay(DelayTime): Delayed 2 second(s)

2020-06-08 15:55:26 - [MESSAGE][PASSED] - Delayed 2 second(s)

2020-06-08 15:55:26 - [TEST_STEP][PASSED] - sendKeys(NewInputNmField, Keys.chord(ENTER)): Keys 'ENTER + ' sent to object: 'Object Repository/Objects.HighlightElements/input_field_index'

2020-06-08 15:55:26 - [MESSAGE][PASSED] - Keys 'ENTER + ' sent to object: 'Object Repository/Objects.HighlightElements/input_field_index'

2020-06-08 15:55:26 - [TEST_STEP][PASSED] - ComboBoxValue = getAttribute(NewInputNmField, "value"): Attribute 'value' of object 'Object Repository/Objects.HighlightElements/input_field_index' is: 'Kelvin Phua Meng Thong (MENGTHONG)'

2020-06-08 15:55:27 - [MESSAGE][PASSED] - Attribute 'value' of object 'Object Repository/Objects.HighlightElements/input_field_index' is: 'Kelvin Phua Meng Thong (MENGTHONG)'

2020-06-08 15:55:27 - [TEST_STEP][PASSED] - callTestCase(findTestCase(CallTCName), ["FindValue":ComboBoxValue, "DropdownNm":comboNm], STOP_ON_FAILURE): Call Test Case 'Test Cases/PFI Precision and Scale/HashMap Tables/OfficerLists' successfully

2020-06-08 15:55:27 - [TEST_CASE][PASSED] - Test Cases/PFI Precision and Scale/HashMap Tables/OfficerLists: Test Cases/PFI Precision and Scale/HashMap Tables/OfficerLists

2020-06-08 15:55:27 - [TEST_STEP][PASSED] - Thread.sleep(1000): null

2020-06-08 15:55:28 - [TEST_STEP][PASSED] - OfficerLists = [1:"Aaron Sham Wai Lun (AARON)", 2:"Azidah Bte Akmad (Mdm) (USAABD)", 3:"Chung Fong Nyen (USACFN)", 4:"David Tey Dah Wei (DAHWEI)", ... ]: null

2020-06-08 15:55:28 - [TEST_STEP][PASSED] - ValueFound = OfficerLists.find({ -> ... }): null

2020-06-08 15:55:28 - [MESSAGE][PASSED] - Call Test Case 'Test Cases/PFI Precision and Scale/HashMap Tables/OfficerLists' successfully

2020-06-08 15:55:28 - [TEST_STEP][PASSED] - println(ValueFound): null

2020-06-08 15:55:28 - [TEST_STEP][PASSED] - sendKeys(NewInputNmField, Keys.chord(ARROW_DOWN)): Keys 'DOWN + ' sent to object: 'Object Repository/Objects.HighlightElements/input_field_index'

2020-06-08 15:55:28 - [MESSAGE][PASSED] - Keys 'DOWN + ' sent to object: 'Object Repository/Objects.HighlightElements/input_field_index'

2020-06-08 15:55:28 - [TEST_STEP][PASSED] - sendKeys(NewInputNmField, Keys.chord(ARROW_DOWN)): Keys 'DOWN + ' sent to object: 'Object Repository/Objects.HighlightElements/input_field_index'

2020-06-08 15:55:28 - [MESSAGE][PASSED] - Keys 'DOWN + ' sent to object: 'Object Repository/Objects.HighlightElements/input_field_index'

2020-06-08 15:55:28 - [TEST_STEP][PASSED] - delay(DelayTime): Delayed 2 second(s)

2020-06-08 15:55:30 - [MESSAGE][PASSED] - Delayed 2 second(s)

2020-06-08 15:55:30 - [TEST_STEP][PASSED] - sendKeys(NewInputNmField, Keys.chord(ENTER)): Keys 'ENTER + ' sent to object: 'Object Repository/Objects.HighlightElements/input_field_index'

2020-06-08 15:55:30 - [MESSAGE][PASSED] - Keys 'ENTER + ' sent to object: 'Object Repository/Objects.HighlightElements/input_field_index'

2020-06-08 15:55:30 - [TEST_STEP][PASSED] - ComboBoxValue = getAttribute(NewInputNmField, "value"): Attribute 'value' of object 'Object Repository/Objects.HighlightElements/input_field_index' is: 'Lee Kok Tien (USAKTL)'

2020-06-08 15:55:30 - [MESSAGE][PASSED] - Attribute 'value' of object 'Object Repository/Objects.HighlightElements/input_field_index' is: 'Lee Kok Tien (USAKTL)'

2020-06-08 15:55:30 - [TEST_STEP][PASSED] - callTestCase(findTestCase(CallTCName), ["FindValue":ComboBoxValue, "DropdownNm":comboNm], STOP_ON_FAILURE): Call Test Case 'Test Cases/PFI Precision and Scale/HashMap Tables/OfficerLists' successfully

2020-06-08 15:55:30 - [TEST_CASE][PASSED] - Test Cases/PFI Precision and Scale/HashMap Tables/OfficerLists: Test Cases/PFI Precision and Scale/HashMap Tables/OfficerLists

2020-06-08 15:55:30 - [TEST_STEP][PASSED] - Thread.sleep(1000): null

2020-06-08 15:55:31 - [TEST_STEP][PASSED] - OfficerLists = [1:"Aaron Sham Wai Lun (AARON)", 2:"Azidah Bte Akmad (Mdm) (USAABD)", 3:"Chung Fong Nyen (USACFN)", 4:"David Tey Dah Wei (DAHWEI)", ... ]: null

2020-06-08 15:55:31 - [TEST_STEP][PASSED] - ValueFound = OfficerLists.find({ -> ... }): null

2020-06-08 15:55:31 - [MESSAGE][PASSED] - Call Test Case 'Test Cases/PFI Precision and Scale/HashMap Tables/OfficerLists' successfully

2020-06-08 15:55:31 - [TEST_STEP][PASSED] - println(ValueFound): null

2020-06-08 15:55:31 - [TEST_STEP][PASSED] - sendKeys(NewInputNmField, Keys.chord(ARROW_DOWN)): Keys 'DOWN + ' sent to object: 'Object Repository/Objects.HighlightElements/input_field_index'

2020-06-08 15:55:31 - [MESSAGE][PASSED] - Keys 'DOWN + ' sent to object: 'Object Repository/Objects.HighlightElements/input_field_index'

2020-06-08 15:55:31 - [TEST_STEP][PASSED] - sendKeys(NewInputNmField, Keys.chord(ARROW_DOWN)): Keys 'DOWN + ' sent to object: 'Object Repository/Objects.HighlightElements/input_field_index'

2020-06-08 15:55:31 - [MESSAGE][PASSED] - Keys 'DOWN + ' sent to object: 'Object Repository/Objects.HighlightElements/input_field_index'

2020-06-08 15:55:31 - [TEST_STEP][PASSED] - delay(DelayTime): Delayed 2 second(s)

2020-06-08 15:55:33 - [MESSAGE][PASSED] - Delayed 2 second(s)

2020-06-08 15:55:33 - [TEST_STEP][PASSED] - sendKeys(NewInputNmField, Keys.chord(ENTER)): Keys 'ENTER + ' sent to object: 'Object Repository/Objects.HighlightElements/input_field_index'

2020-06-08 15:55:33 - [MESSAGE][PASSED] - Keys 'ENTER + ' sent to object: 'Object Repository/Objects.HighlightElements/input_field_index'

2020-06-08 15:55:33 - [TEST_STEP][PASSED] - ComboBoxValue = getAttribute(NewInputNmField, "value"): Attribute 'value' of object 'Object Repository/Objects.HighlightElements/input_field_index' is: 'Lim Beng Kwee (BENGKWEE)'

2020-06-08 15:55:33 - [MESSAGE][PASSED] - Attribute 'value' of object 'Object Repository/Objects.HighlightElements/input_field_index' is: 'Lim Beng Kwee (BENGKWEE)'

2020-06-08 15:55:33 - [TEST_STEP][PASSED] - callTestCase(findTestCase(CallTCName), ["FindValue":ComboBoxValue, "DropdownNm":comboNm], STOP_ON_FAILURE): Call Test Case 'Test Cases/PFI Precision and Scale/HashMap Tables/OfficerLists' successfully

2020-06-08 15:55:33 - [TEST_CASE][PASSED] - Test Cases/PFI Precision and Scale/HashMap Tables/OfficerLists: Test Cases/PFI Precision and Scale/HashMap Tables/OfficerLists

2020-06-08 15:55:33 - [TEST_STEP][PASSED] - Thread.sleep(1000): null

2020-06-08 15:55:34 - [TEST_STEP][PASSED] - OfficerLists = [1:"Aaron Sham Wai Lun (AARON)", 2:"Azidah Bte Akmad (Mdm) (USAABD)", 3:"Chung Fong Nyen (USACFN)", 4:"David Tey Dah Wei (DAHWEI)", ... ]: null

2020-06-08 15:55:34 - [TEST_STEP][PASSED] - ValueFound = OfficerLists.find({ -> ... }): null

2020-06-08 15:55:34 - [MESSAGE][PASSED] - Call Test Case 'Test Cases/PFI Precision and Scale/HashMap Tables/OfficerLists' successfully

2020-06-08 15:55:34 - [TEST_STEP][PASSED] - println(ValueFound): null

2020-06-08 15:55:34 - [TEST_STEP][PASSED] - sendKeys(NewInputNmField, Keys.chord(ARROW_DOWN)): Keys 'DOWN + ' sent to object: 'Object Repository/Objects.HighlightElements/input_field_index'

2020-06-08 15:55:34 - [MESSAGE][PASSED] - Keys 'DOWN + ' sent to object: 'Object Repository/Objects.HighlightElements/input_field_index'

2020-06-08 15:55:34 - [TEST_STEP][PASSED] - sendKeys(NewInputNmField, Keys.chord(ARROW_DOWN)): Keys 'DOWN + ' sent to object: 'Object Repository/Objects.HighlightElements/input_field_index'

2020-06-08 15:55:34 - [MESSAGE][PASSED] - Keys 'DOWN + ' sent to object: 'Object Repository/Objects.HighlightElements/input_field_index'

2020-06-08 15:55:34 - [TEST_STEP][PASSED] - delay(DelayTime): Delayed 2 second(s)

2020-06-08 15:55:36 - [MESSAGE][PASSED] - Delayed 2 second(s)

2020-06-08 15:55:36 - [TEST_STEP][PASSED] - sendKeys(NewInputNmField, Keys.chord(ENTER)): Keys 'ENTER + ' sent to object: 'Object Repository/Objects.HighlightElements/input_field_index'

2020-06-08 15:55:36 - [MESSAGE][PASSED] - Keys 'ENTER + ' sent to object: 'Object Repository/Objects.HighlightElements/input_field_index'

2020-06-08 15:55:36 - [TEST_STEP][PASSED] - ComboBoxValue = getAttribute(NewInputNmField, "value"): Attribute 'value' of object 'Object Repository/Objects.HighlightElements/input_field_index' is: 'Lim Leng Boon (LENGBOON)'

2020-06-08 15:55:36 - [MESSAGE][PASSED] - Attribute 'value' of object 'Object Repository/Objects.HighlightElements/input_field_index' is: 'Lim Leng Boon (LENGBOON)'

2020-06-08 15:55:36 - [TEST_STEP][PASSED] - callTestCase(findTestCase(CallTCName), ["FindValue":ComboBoxValue, "DropdownNm":comboNm], STOP_ON_FAILURE): Call Test Case 'Test Cases/PFI Precision and Scale/HashMap Tables/OfficerLists' successfully

2020-06-08 15:55:36 - [TEST_CASE][PASSED] - Test Cases/PFI Precision and Scale/HashMap Tables/OfficerLists: Test Cases/PFI Precision and Scale/HashMap Tables/OfficerLists

2020-06-08 15:55:36 - [TEST_STEP][PASSED] - Thread.sleep(1000): null

2020-06-08 15:55:37 - [TEST_STEP][PASSED] - OfficerLists = [1:"Aaron Sham Wai Lun (AARON)", 2:"Azidah Bte Akmad (Mdm) (USAABD)", 3:"Chung Fong Nyen (USACFN)", 4:"David Tey Dah Wei (DAHWEI)", ... ]: null

2020-06-08 15:55:37 - [TEST_STEP][PASSED] - ValueFound = OfficerLists.find({ -> ... }): null

2020-06-08 15:55:37 - [MESSAGE][PASSED] - Call Test Case 'Test Cases/PFI Precision and Scale/HashMap Tables/OfficerLists' successfully

2020-06-08 15:55:37 - [TEST_STEP][PASSED] - println(ValueFound): null

2020-06-08 15:55:37 - [TEST_STEP][PASSED] - sendKeys(NewInputNmField, Keys.chord(ARROW_DOWN)): Keys 'DOWN + ' sent to object: 'Object Repository/Objects.HighlightElements/input_field_index'

2020-06-08 15:55:38 - [MESSAGE][PASSED] - Keys 'DOWN + ' sent to object: 'Object Repository/Objects.HighlightElements/input_field_index'

2020-06-08 15:55:38 - [TEST_STEP][PASSED] - sendKeys(NewInputNmField, Keys.chord(ARROW_DOWN)): Keys 'DOWN + ' sent to object: 'Object Repository/Objects.HighlightElements/input_field_index'

2020-06-08 15:55:38 - [MESSAGE][PASSED] - Keys 'DOWN + ' sent to object: 'Object Repository/Objects.HighlightElements/input_field_index'

2020-06-08 15:55:38 - [TEST_STEP][PASSED] - delay(DelayTime): Delayed 2 second(s)

2020-06-08 15:55:40 - [MESSAGE][PASSED] - Delayed 2 second(s)

2020-06-08 15:55:40 - [TEST_STEP][PASSED] - sendKeys(NewInputNmField, Keys.chord(ENTER)): Keys 'ENTER + ' sent to object: 'Object Repository/Objects.HighlightElements/input_field_index'

2020-06-08 15:55:40 - [MESSAGE][PASSED] - Keys 'ENTER + ' sent to object: 'Object Repository/Objects.HighlightElements/input_field_index'

2020-06-08 15:55:40 - [TEST_STEP][PASSED] - ComboBoxValue = getAttribute(NewInputNmField, "value"): Attribute 'value' of object 'Object Repository/Objects.HighlightElements/input_field_index' is: 'Liu Xiaopeng (XIAOPENG)'

2020-06-08 15:55:40 - [MESSAGE][PASSED] - Attribute 'value' of object 'Object Repository/Objects.HighlightElements/input_field_index' is: 'Liu Xiaopeng (XIAOPENG)'

2020-06-08 15:55:40 - [TEST_STEP][PASSED] - callTestCase(findTestCase(CallTCName), ["FindValue":ComboBoxValue, "DropdownNm":comboNm], STOP_ON_FAILURE): Call Test Case 'Test Cases/PFI Precision and Scale/HashMap Tables/OfficerLists' successfully

2020-06-08 15:55:40 - [TEST_CASE][PASSED] - Test Cases/PFI Precision and Scale/HashMap Tables/OfficerLists: Test Cases/PFI Precision and Scale/HashMap Tables/OfficerLists

2020-06-08 15:55:40 - [TEST_STEP][PASSED] - Thread.sleep(1000): null

2020-06-08 15:55:41 - [TEST_STEP][PASSED] - OfficerLists = [1:"Aaron Sham Wai Lun (AARON)", 2:"Azidah Bte Akmad (Mdm) (USAABD)", 3:"Chung Fong Nyen (USACFN)", 4:"David Tey Dah Wei (DAHWEI)", ... ]: null

2020-06-08 15:55:41 - [TEST_STEP][PASSED] - ValueFound = OfficerLists.find({ -> ... }): null

2020-06-08 15:55:41 - [MESSAGE][PASSED] - Call Test Case 'Test Cases/PFI Precision and Scale/HashMap Tables/OfficerLists' successfully

2020-06-08 15:55:41 - [TEST_STEP][PASSED] - println(ValueFound): null

2020-06-08 15:55:41 - [TEST_STEP][PASSED] - sendKeys(NewInputNmField, Keys.chord(ARROW_DOWN)): Keys 'DOWN + ' sent to object: 'Object Repository/Objects.HighlightElements/input_field_index'

2020-06-08 15:55:41 - [MESSAGE][PASSED] - Keys 'DOWN + ' sent to object: 'Object Repository/Objects.HighlightElements/input_field_index'

2020-06-08 15:55:41 - [TEST_STEP][PASSED] - sendKeys(NewInputNmField, Keys.chord(ARROW_DOWN)): Keys 'DOWN + ' sent to object: 'Object Repository/Objects.HighlightElements/input_field_index'

2020-06-08 15:55:41 - [MESSAGE][PASSED] - Keys 'DOWN + ' sent to object: 'Object Repository/Objects.HighlightElements/input_field_index'

2020-06-08 15:55:41 - [TEST_STEP][PASSED] - delay(DelayTime): Delayed 2 second(s)

2020-06-08 15:55:43 - [MESSAGE][PASSED] - Delayed 2 second(s)

2020-06-08 15:55:43 - [TEST_STEP][PASSED] - sendKeys(NewInputNmField, Keys.chord(ENTER)): Keys 'ENTER + ' sent to object: 'Object Repository/Objects.HighlightElements/input_field_index'

2020-06-08 15:55:43 - [MESSAGE][PASSED] - Keys 'ENTER + ' sent to object: 'Object Repository/Objects.HighlightElements/input_field_index'

2020-06-08 15:55:43 - [TEST_STEP][PASSED] - ComboBoxValue = getAttribute(NewInputNmField, "value"): Attribute 'value' of object 'Object Repository/Objects.HighlightElements/input_field_index' is: 'Lu Ji Ju (Mdm) (USALJJ)'

2020-06-08 15:55:43 - [MESSAGE][PASSED] - Attribute 'value' of object 'Object Repository/Objects.HighlightElements/input_field_index' is: 'Lu Ji Ju (Mdm) (USALJJ)'

2020-06-08 15:55:43 - [TEST_STEP][PASSED] - callTestCase(findTestCase(CallTCName), ["FindValue":ComboBoxValue, "DropdownNm":comboNm], STOP_ON_FAILURE): Call Test Case 'Test Cases/PFI Precision and Scale/HashMap Tables/OfficerLists' successfully

2020-06-08 15:55:43 - [TEST_CASE][PASSED] - Test Cases/PFI Precision and Scale/HashMap Tables/OfficerLists: Test Cases/PFI Precision and Scale/HashMap Tables/OfficerLists

2020-06-08 15:55:43 - [TEST_STEP][PASSED] - Thread.sleep(1000): null

2020-06-08 15:55:44 - [TEST_STEP][PASSED] - OfficerLists = [1:"Aaron Sham Wai Lun (AARON)", 2:"Azidah Bte Akmad (Mdm) (USAABD)", 3:"Chung Fong Nyen (USACFN)", 4:"David Tey Dah Wei (DAHWEI)", ... ]: null

2020-06-08 15:55:44 - [TEST_STEP][PASSED] - ValueFound = OfficerLists.find({ -> ... }): null

2020-06-08 15:55:44 - [MESSAGE][PASSED] - Call Test Case 'Test Cases/PFI Precision and Scale/HashMap Tables/OfficerLists' successfully

2020-06-08 15:55:44 - [TEST_STEP][PASSED] - println(ValueFound): null

2020-06-08 15:55:44 - [TEST_STEP][PASSED] - sendKeys(NewInputNmField, Keys.chord(ARROW_DOWN)): Keys 'DOWN + ' sent to object: 'Object Repository/Objects.HighlightElements/input_field_index'

2020-06-08 15:55:44 - [MESSAGE][PASSED] - Keys 'DOWN + ' sent to object: 'Object Repository/Objects.HighlightElements/input_field_index'

2020-06-08 15:55:44 - [TEST_STEP][PASSED] - sendKeys(NewInputNmField, Keys.chord(ARROW_DOWN)): Keys 'DOWN + ' sent to object: 'Object Repository/Objects.HighlightElements/input_field_index'

2020-06-08 15:55:44 - [MESSAGE][PASSED] - Keys 'DOWN + ' sent to object: 'Object Repository/Objects.HighlightElements/input_field_index'

2020-06-08 15:55:44 - [TEST_STEP][PASSED] - delay(DelayTime): Delayed 2 second(s)

2020-06-08 15:55:46 - [MESSAGE][PASSED] - Delayed 2 second(s)

2020-06-08 15:55:46 - [TEST_STEP][PASSED] - sendKeys(NewInputNmField, Keys.chord(ENTER)): Keys 'ENTER + ' sent to object: 'Object Repository/Objects.HighlightElements/input_field_index'

2020-06-08 15:55:46 - [MESSAGE][PASSED] - Keys 'ENTER + ' sent to object: 'Object Repository/Objects.HighlightElements/input_field_index'

2020-06-08 15:55:46 - [TEST_STEP][PASSED] - ComboBoxValue = getAttribute(NewInputNmField, "value"): Attribute 'value' of object 'Object Repository/Objects.HighlightElements/input_field_index' is: 'Mohd Jeffri Bin Abdul Rahim (MOHDJEFFRI)'

2020-06-08 15:55:46 - [MESSAGE][PASSED] - Attribute 'value' of object 'Object Repository/Objects.HighlightElements/input_field_index' is: 'Mohd Jeffri Bin Abdul Rahim (MOHDJEFFRI)'

2020-06-08 15:55:46 - [TEST_STEP][PASSED] - callTestCase(findTestCase(CallTCName), ["FindValue":ComboBoxValue, "DropdownNm":comboNm], STOP_ON_FAILURE): Call Test Case 'Test Cases/PFI Precision and Scale/HashMap Tables/OfficerLists' successfully

2020-06-08 15:55:46 - [TEST_CASE][PASSED] - Test Cases/PFI Precision and Scale/HashMap Tables/OfficerLists: Test Cases/PFI Precision and Scale/HashMap Tables/OfficerLists

2020-06-08 15:55:46 - [TEST_STEP][PASSED] - Thread.sleep(1000): null

2020-06-08 15:55:47 - [TEST_STEP][PASSED] - OfficerLists = [1:"Aaron Sham Wai Lun (AARON)", 2:"Azidah Bte Akmad (Mdm) (USAABD)", 3:"Chung Fong Nyen (USACFN)", 4:"David Tey Dah Wei (DAHWEI)", ... ]: null

2020-06-08 15:55:47 - [TEST_STEP][PASSED] - ValueFound = OfficerLists.find({ -> ... }): null

2020-06-08 15:55:47 - [MESSAGE][PASSED] - Call Test Case 'Test Cases/PFI Precision and Scale/HashMap Tables/OfficerLists' successfully

2020-06-08 15:55:47 - [TEST_STEP][PASSED] - println(ValueFound): null

2020-06-08 15:55:47 - [TEST_STEP][PASSED] - sendKeys(NewInputNmField, Keys.chord(ARROW_DOWN)): Keys 'DOWN + ' sent to object: 'Object Repository/Objects.HighlightElements/input_field_index'

2020-06-08 15:55:47 - [MESSAGE][PASSED] - Keys 'DOWN + ' sent to object: 'Object Repository/Objects.HighlightElements/input_field_index'

2020-06-08 15:55:47 - [TEST_STEP][PASSED] - sendKeys(NewInputNmField, Keys.chord(ARROW_DOWN)): Keys 'DOWN + ' sent to object: 'Object Repository/Objects.HighlightElements/input_field_index'

2020-06-08 15:55:47 - [MESSAGE][PASSED] - Keys 'DOWN + ' sent to object: 'Object Repository/Objects.HighlightElements/input_field_index'

2020-06-08 15:55:47 - [TEST_STEP][PASSED] - delay(DelayTime): Delayed 2 second(s)

2020-06-08 15:55:49 - [MESSAGE][PASSED] - Delayed 2 second(s)

2020-06-08 15:55:49 - [TEST_STEP][PASSED] - sendKeys(NewInputNmField, Keys.chord(ENTER)): Keys 'ENTER + ' sent to object: 'Object Repository/Objects.HighlightElements/input_field_index'

2020-06-08 15:55:49 - [MESSAGE][PASSED] - Keys 'ENTER + ' sent to object: 'Object Repository/Objects.HighlightElements/input_field_index'

2020-06-08 15:55:49 - [TEST_STEP][PASSED] - ComboBoxValue = getAttribute(NewInputNmField, "value"): Attribute 'value' of object 'Object Repository/Objects.HighlightElements/input_field_index' is: 'Richard Lim Fang Ping (FANGPING)'

2020-06-08 15:55:49 - [MESSAGE][PASSED] - Attribute 'value' of object 'Object Repository/Objects.HighlightElements/input_field_index' is: 'Richard Lim Fang Ping (FANGPING)'

2020-06-08 15:55:49 - [TEST_STEP][PASSED] - callTestCase(findTestCase(CallTCName), ["FindValue":ComboBoxValue, "DropdownNm":comboNm], STOP_ON_FAILURE): Call Test Case 'Test Cases/PFI Precision and Scale/HashMap Tables/OfficerLists' successfully

2020-06-08 15:55:50 - [TEST_CASE][PASSED] - Test Cases/PFI Precision and Scale/HashMap Tables/OfficerLists: Test Cases/PFI Precision and Scale/HashMap Tables/OfficerLists

2020-06-08 15:55:50 - [TEST_STEP][PASSED] - Thread.sleep(1000): null

2020-06-08 15:55:51 - [TEST_STEP][PASSED] - OfficerLists = [1:"Aaron Sham Wai Lun (AARON)", 2:"Azidah Bte Akmad (Mdm) (USAABD)", 3:"Chung Fong Nyen (USACFN)", 4:"David Tey Dah Wei (DAHWEI)", ... ]: null

2020-06-08 15:55:51 - [TEST_STEP][PASSED] - ValueFound = OfficerLists.find({ -> ... }): null

2020-06-08 15:55:51 - [MESSAGE][PASSED] - Call Test Case 'Test Cases/PFI Precision and Scale/HashMap Tables/OfficerLists' successfully

2020-06-08 15:55:51 - [TEST_STEP][PASSED] - println(ValueFound): null

2020-06-08 15:55:51 - [TEST_STEP][PASSED] - sendKeys(NewInputNmField, Keys.chord(ARROW_DOWN)): Keys 'DOWN + ' sent to object: 'Object Repository/Objects.HighlightElements/input_field_index'

2020-06-08 15:55:51 - [MESSAGE][PASSED] - Keys 'DOWN + ' sent to object: 'Object Repository/Objects.HighlightElements/input_field_index'

2020-06-08 15:55:51 - [TEST_STEP][PASSED] - sendKeys(NewInputNmField, Keys.chord(ARROW_DOWN)): Keys 'DOWN + ' sent to object: 'Object Repository/Objects.HighlightElements/input_field_index'

2020-06-08 15:55:51 - [MESSAGE][PASSED] - Keys 'DOWN + ' sent to object: 'Object Repository/Objects.HighlightElements/input_field_index'

2020-06-08 15:55:51 - [TEST_STEP][PASSED] - delay(DelayTime): Delayed 2 second(s)

2020-06-08 15:55:53 - [MESSAGE][PASSED] - Delayed 2 second(s)

2020-06-08 15:55:53 - [TEST_STEP][PASSED] - sendKeys(NewInputNmField, Keys.chord(ENTER)): Keys 'ENTER + ' sent to object: 'Object Repository/Objects.HighlightElements/input_field_index'

2020-06-08 15:55:53 - [MESSAGE][PASSED] - Keys 'ENTER + ' sent to object: 'Object Repository/Objects.HighlightElements/input_field_index'

2020-06-08 15:55:53 - [TEST_STEP][PASSED] - ComboBoxValue = getAttribute(NewInputNmField, "value"): Attribute 'value' of object 'Object Repository/Objects.HighlightElements/input_field_index' is: 'RITA WONG SIONG ING (RITAWONG)'

2020-06-08 15:55:53 - [MESSAGE][PASSED] - Attribute 'value' of object 'Object Repository/Objects.HighlightElements/input_field_index' is: 'RITA WONG SIONG ING (RITAWONG)'

2020-06-08 15:55:53 - [TEST_STEP][PASSED] - callTestCase(findTestCase(CallTCName), ["FindValue":ComboBoxValue, "DropdownNm":comboNm], STOP_ON_FAILURE): Call Test Case 'Test Cases/PFI Precision and Scale/HashMap Tables/OfficerLists' successfully

2020-06-08 15:55:53 - [TEST_CASE][PASSED] - Test Cases/PFI Precision and Scale/HashMap Tables/OfficerLists: Test Cases/PFI Precision and Scale/HashMap Tables/OfficerLists

2020-06-08 15:55:53 - [TEST_STEP][PASSED] - Thread.sleep(1000): null

2020-06-08 15:55:54 - [TEST_STEP][PASSED] - OfficerLists = [1:"Aaron Sham Wai Lun (AARON)", 2:"Azidah Bte Akmad (Mdm) (USAABD)", 3:"Chung Fong Nyen (USACFN)", 4:"David Tey Dah Wei (DAHWEI)", ... ]: null

2020-06-08 15:55:54 - [TEST_STEP][PASSED] - ValueFound = OfficerLists.find({ -> ... }): null

2020-06-08 15:55:54 - [MESSAGE][PASSED] - Call Test Case 'Test Cases/PFI Precision and Scale/HashMap Tables/OfficerLists' successfully

2020-06-08 15:55:54 - [TEST_STEP][PASSED] - println(ValueFound): null

2020-06-08 15:55:54 - [TEST_STEP][PASSED] - sendKeys(NewInputNmField, Keys.chord(ARROW_DOWN)): Keys 'DOWN + ' sent to object: 'Object Repository/Objects.HighlightElements/input_field_index'

2020-06-08 15:55:54 - [MESSAGE][PASSED] - Keys 'DOWN + ' sent to object: 'Object Repository/Objects.HighlightElements/input_field_index'

2020-06-08 15:55:54 - [TEST_STEP][PASSED] - sendKeys(NewInputNmField, Keys.chord(ARROW_DOWN)): Keys 'DOWN + ' sent to object: 'Object Repository/Objects.HighlightElements/input_field_index'

2020-06-08 15:55:54 - [MESSAGE][PASSED] - Keys 'DOWN + ' sent to object: 'Object Repository/Objects.HighlightElements/input_field_index'

2020-06-08 15:55:54 - [TEST_STEP][PASSED] - delay(DelayTime): Delayed 2 second(s)

2020-06-08 15:55:56 - [MESSAGE][PASSED] - Delayed 2 second(s)

2020-06-08 15:55:56 - [TEST_STEP][PASSED] - sendKeys(NewInputNmField, Keys.chord(ENTER)): Keys 'ENTER + ' sent to object: 'Object Repository/Objects.HighlightElements/input_field_index'

2020-06-08 15:55:56 - [MESSAGE][PASSED] - Keys 'ENTER + ' sent to object: 'Object Repository/Objects.HighlightElements/input_field_index'

2020-06-08 15:55:56 - [TEST_STEP][PASSED] - ComboBoxValue = getAttribute(NewInputNmField, "value"): Attribute 'value' of object 'Object Repository/Objects.HighlightElements/input_field_index' is: 'Shi Hong Wei (HONGWEI)'

2020-06-08 15:55:56 - [MESSAGE][PASSED] - Attribute 'value' of object 'Object Repository/Objects.HighlightElements/input_field_index' is: 'Shi Hong Wei (HONGWEI)'

2020-06-08 15:55:56 - [TEST_STEP][PASSED] - callTestCase(findTestCase(CallTCName), ["FindValue":ComboBoxValue, "DropdownNm":comboNm], STOP_ON_FAILURE): Call Test Case 'Test Cases/PFI Precision and Scale/HashMap Tables/OfficerLists' successfully

2020-06-08 15:55:56 - [TEST_CASE][PASSED] - Test Cases/PFI Precision and Scale/HashMap Tables/OfficerLists: Test Cases/PFI Precision and Scale/HashMap Tables/OfficerLists

2020-06-08 15:55:56 - [TEST_STEP][PASSED] - Thread.sleep(1000): null

2020-06-08 15:55:57 - [TEST_STEP][PASSED] - OfficerLists = [1:"Aaron Sham Wai Lun (AARON)", 2:"Azidah Bte Akmad (Mdm) (USAABD)", 3:"Chung Fong Nyen (USACFN)", 4:"David Tey Dah Wei (DAHWEI)", ... ]: null

2020-06-08 15:55:57 - [TEST_STEP][PASSED] - ValueFound = OfficerLists.find({ -> ... }): null

2020-06-08 15:55:57 - [MESSAGE][PASSED] - Call Test Case 'Test Cases/PFI Precision and Scale/HashMap Tables/OfficerLists' successfully

2020-06-08 15:55:57 - [TEST_STEP][PASSED] - println(ValueFound): null

2020-06-08 15:55:57 - [TEST_STEP][PASSED] - sendKeys(NewInputNmField, Keys.chord(ARROW_DOWN)): Keys 'DOWN + ' sent to object: 'Object Repository/Objects.HighlightElements/input_field_index'

2020-06-08 15:55:57 - [MESSAGE][PASSED] - Keys 'DOWN + ' sent to object: 'Object Repository/Objects.HighlightElements/input_field_index'

2020-06-08 15:55:57 - [TEST_STEP][PASSED] - sendKeys(NewInputNmField, Keys.chord(ARROW_DOWN)): Keys 'DOWN + ' sent to object: 'Object Repository/Objects.HighlightElements/input_field_index'

2020-06-08 15:55:57 - [MESSAGE][PASSED] - Keys 'DOWN + ' sent to object: 'Object Repository/Objects.HighlightElements/input_field_index'

2020-06-08 15:55:57 - [TEST_STEP][PASSED] - delay(DelayTime): Delayed 2 second(s)

2020-06-08 15:55:59 - [MESSAGE][PASSED] - Delayed 2 second(s)

2020-06-08 15:55:59 - [TEST_STEP][PASSED] - sendKeys(NewInputNmField, Keys.chord(ENTER)): Keys 'ENTER + ' sent to object: 'Object Repository/Objects.HighlightElements/input_field_index'

2020-06-08 15:55:59 - [MESSAGE][PASSED] - Keys 'ENTER + ' sent to object: 'Object Repository/Objects.HighlightElements/input_field_index'

2020-06-08 15:55:59 - [TEST_STEP][PASSED] - ComboBoxValue = getAttribute(NewInputNmField, "value"): Attribute 'value' of object 'Object Repository/Objects.HighlightElements/input_field_index' is: 'Tan Jing Ying (JINGYING)'

2020-06-08 15:55:59 - [MESSAGE][PASSED] - Attribute 'value' of object 'Object Repository/Objects.HighlightElements/input_field_index' is: 'Tan Jing Ying (JINGYING)'

2020-06-08 15:55:59 - [TEST_STEP][PASSED] - callTestCase(findTestCase(CallTCName), ["FindValue":ComboBoxValue, "DropdownNm":comboNm], STOP_ON_FAILURE): Call Test Case 'Test Cases/PFI Precision and Scale/HashMap Tables/OfficerLists' successfully

2020-06-08 15:55:59 - [TEST_CASE][PASSED] - Test Cases/PFI Precision and Scale/HashMap Tables/OfficerLists: Test Cases/PFI Precision and Scale/HashMap Tables/OfficerLists

2020-06-08 15:55:59 - [TEST_STEP][PASSED] - Thread.sleep(1000): null

2020-06-08 15:56:00 - [TEST_STEP][PASSED] - OfficerLists = [1:"Aaron Sham Wai Lun (AARON)", 2:"Azidah Bte Akmad (Mdm) (USAABD)", 3:"Chung Fong Nyen (USACFN)", 4:"David Tey Dah Wei (DAHWEI)", ... ]: null

2020-06-08 15:56:00 - [TEST_STEP][PASSED] - ValueFound = OfficerLists.find({ -> ... }): null

2020-06-08 15:56:00 - [MESSAGE][PASSED] - Call Test Case 'Test Cases/PFI Precision and Scale/HashMap Tables/OfficerLists' successfully

2020-06-08 15:56:00 - [TEST_STEP][PASSED] - println(ValueFound): null

2020-06-08 15:56:00 - [TEST_STEP][PASSED] - sendKeys(NewInputNmField, Keys.chord(ARROW_DOWN)): Keys 'DOWN + ' sent to object: 'Object Repository/Objects.HighlightElements/input_field_index'

2020-06-08 15:56:00 - [MESSAGE][PASSED] - Keys 'DOWN + ' sent to object: 'Object Repository/Objects.HighlightElements/input_field_index'

2020-06-08 15:56:00 - [TEST_STEP][PASSED] - sendKeys(NewInputNmField, Keys.chord(ARROW_DOWN)): Keys 'DOWN + ' sent to object: 'Object Repository/Objects.HighlightElements/input_field_index'

2020-06-08 15:56:00 - [MESSAGE][PASSED] - Keys 'DOWN + ' sent to object: 'Object Repository/Objects.HighlightElements/input_field_index'

2020-06-08 15:56:00 - [TEST_STEP][PASSED] - delay(DelayTime): Delayed 2 second(s)

2020-06-08 15:56:02 - [MESSAGE][PASSED] - Delayed 2 second(s)

2020-06-08 15:56:02 - [TEST_STEP][PASSED] - sendKeys(NewInputNmField, Keys.chord(ENTER)): Keys 'ENTER + ' sent to object: 'Object Repository/Objects.HighlightElements/input_field_index'

2020-06-08 15:56:02 - [MESSAGE][PASSED] - Keys 'ENTER + ' sent to object: 'Object Repository/Objects.HighlightElements/input_field_index'

2020-06-08 15:56:02 - [TEST_STEP][PASSED] - ComboBoxValue = getAttribute(NewInputNmField, "value"): Attribute 'value' of object 'Object Repository/Objects.HighlightElements/input_field_index' is: 'Tan Kwan Joo (KWANJOO)'

2020-06-08 15:56:02 - [MESSAGE][PASSED] - Attribute 'value' of object 'Object Repository/Objects.HighlightElements/input_field_index' is: 'Tan Kwan Joo (KWANJOO)'

2020-06-08 15:56:02 - [TEST_STEP][PASSED] - callTestCase(findTestCase(CallTCName), ["FindValue":ComboBoxValue, "DropdownNm":comboNm], STOP_ON_FAILURE): Call Test Case 'Test Cases/PFI Precision and Scale/HashMap Tables/OfficerLists' successfully

2020-06-08 15:56:03 - [TEST_CASE][PASSED] - Test Cases/PFI Precision and Scale/HashMap Tables/OfficerLists: Test Cases/PFI Precision and Scale/HashMap Tables/OfficerLists

2020-06-08 15:56:03 - [TEST_STEP][PASSED] - Thread.sleep(1000): null

2020-06-08 15:56:04 - [TEST_STEP][PASSED] - OfficerLists = [1:"Aaron Sham Wai Lun (AARON)", 2:"Azidah Bte Akmad (Mdm) (USAABD)", 3:"Chung Fong Nyen (USACFN)", 4:"David Tey Dah Wei (DAHWEI)", ... ]: null

2020-06-08 15:56:04 - [TEST_STEP][PASSED] - ValueFound = OfficerLists.find({ -> ... }): null

2020-06-08 15:56:04 - [MESSAGE][PASSED] - Call Test Case 'Test Cases/PFI Precision and Scale/HashMap Tables/OfficerLists' successfully

2020-06-08 15:56:04 - [TEST_STEP][PASSED] - println(ValueFound): null

2020-06-08 15:56:04 - [TEST_STEP][PASSED] - sendKeys(NewInputNmField, Keys.chord(ARROW_DOWN)): Keys 'DOWN + ' sent to object: 'Object Repository/Objects.HighlightElements/input_field_index'

2020-06-08 15:56:04 - [MESSAGE][PASSED] - Keys 'DOWN + ' sent to object: 'Object Repository/Objects.HighlightElements/input_field_index'

2020-06-08 15:56:04 - [TEST_STEP][PASSED] - sendKeys(NewInputNmField, Keys.chord(ARROW_DOWN)): Keys 'DOWN + ' sent to object: 'Object Repository/Objects.HighlightElements/input_field_index'

2020-06-08 15:56:04 - [MESSAGE][PASSED] - Keys 'DOWN + ' sent to object: 'Object Repository/Objects.HighlightElements/input_field_index'

2020-06-08 15:56:04 - [TEST_STEP][PASSED] - delay(DelayTime): Delayed 2 second(s)

2020-06-08 15:56:06 - [MESSAGE][PASSED] - Delayed 2 second(s)

2020-06-08 15:56:06 - [TEST_STEP][PASSED] - sendKeys(NewInputNmField, Keys.chord(ENTER)): Keys 'ENTER + ' sent to object: 'Object Repository/Objects.HighlightElements/input_field_index'

2020-06-08 15:56:06 - [MESSAGE][PASSED] - Keys 'ENTER + ' sent to object: 'Object Repository/Objects.HighlightElements/input_field_index'

2020-06-08 15:56:06 - [TEST_STEP][PASSED] - ComboBoxValue = getAttribute(NewInputNmField, "value"): Attribute 'value' of object 'Object Repository/Objects.HighlightElements/input_field_index' is: 'Titus Chua Hwa Ping (TITUS)'

2020-06-08 15:56:06 - [MESSAGE][PASSED] - Attribute 'value' of object 'Object Repository/Objects.HighlightElements/input_field_index' is: 'Titus Chua Hwa Ping (TITUS)'

2020-06-08 15:56:06 - [TEST_STEP][PASSED] - callTestCase(findTestCase(CallTCName), ["FindValue":ComboBoxValue, "DropdownNm":comboNm], STOP_ON_FAILURE): Call Test Case 'Test Cases/PFI Precision and Scale/HashMap Tables/OfficerLists' successfully

2020-06-08 15:56:06 - [TEST_CASE][PASSED] - Test Cases/PFI Precision and Scale/HashMap Tables/OfficerLists: Test Cases/PFI Precision and Scale/HashMap Tables/OfficerLists

2020-06-08 15:56:06 - [TEST_STEP][PASSED] - Thread.sleep(1000): null

2020-06-08 15:56:07 - [TEST_STEP][PASSED] - OfficerLists = [1:"Aaron Sham Wai Lun (AARON)", 2:"Azidah Bte Akmad (Mdm) (USAABD)", 3:"Chung Fong Nyen (USACFN)", 4:"David Tey Dah Wei (DAHWEI)", ... ]: null

2020-06-08 15:56:07 - [TEST_STEP][PASSED] - ValueFound = OfficerLists.find({ -> ... }): null

2020-06-08 15:56:07 - [MESSAGE][PASSED] - Call Test Case 'Test Cases/PFI Precision and Scale/HashMap Tables/OfficerLists' successfully

2020-06-08 15:56:07 - [TEST_STEP][PASSED] - println(ValueFound): null

2020-06-08 15:56:07 - [TEST_STEP][PASSED] - sendKeys(NewInputNmField, Keys.chord(ARROW_DOWN)): Keys 'DOWN + ' sent to object: 'Object Repository/Objects.HighlightElements/input_field_index'

2020-06-08 15:56:07 - [MESSAGE][PASSED] - Keys 'DOWN + ' sent to object: 'Object Repository/Objects.HighlightElements/input_field_index'

2020-06-08 15:56:07 - [TEST_STEP][PASSED] - sendKeys(NewInputNmField, Keys.chord(ARROW_DOWN)): Keys 'DOWN + ' sent to object: 'Object Repository/Objects.HighlightElements/input_field_index'

2020-06-08 15:56:07 - [MESSAGE][PASSED] - Keys 'DOWN + ' sent to object: 'Object Repository/Objects.HighlightElements/input_field_index'

2020-06-08 15:56:07 - [TEST_STEP][PASSED] - delay(DelayTime): Delayed 2 second(s)

2020-06-08 15:56:09 - [MESSAGE][PASSED] - Delayed 2 second(s)

2020-06-08 15:56:09 - [TEST_STEP][PASSED] - sendKeys(NewInputNmField, Keys.chord(ENTER)): Keys 'ENTER + ' sent to object: 'Object Repository/Objects.HighlightElements/input_field_index'

2020-06-08 15:56:09 - [MESSAGE][PASSED] - Keys 'ENTER + ' sent to object: 'Object Repository/Objects.HighlightElements/input_field_index'

2020-06-08 15:56:09 - [TEST_STEP][PASSED] - ComboBoxValue = getAttribute(NewInputNmField, "value"): Attribute 'value' of object 'Object Repository/Objects.HighlightElements/input_field_index' is: 'Vijayaratnam Ng Lay Hoon (USANLH)'

2020-06-08 15:56:09 - [MESSAGE][PASSED] - Attribute 'value' of object 'Object Repository/Objects.HighlightElements/input_field_index' is: 'Vijayaratnam Ng Lay Hoon (USANLH)'

2020-06-08 15:56:09 - [TEST_STEP][PASSED] - callTestCase(findTestCase(CallTCName), ["FindValue":ComboBoxValue, "DropdownNm":comboNm], STOP_ON_FAILURE): Call Test Case 'Test Cases/PFI Precision and Scale/HashMap Tables/OfficerLists' successfully

2020-06-08 15:56:09 - [TEST_CASE][PASSED] - Test Cases/PFI Precision and Scale/HashMap Tables/OfficerLists: Test Cases/PFI Precision and Scale/HashMap Tables/OfficerLists

2020-06-08 15:56:09 - [TEST_STEP][PASSED] - Thread.sleep(1000): null

2020-06-08 15:56:10 - [TEST_STEP][PASSED] - OfficerLists = [1:"Aaron Sham Wai Lun (AARON)", 2:"Azidah Bte Akmad (Mdm) (USAABD)", 3:"Chung Fong Nyen (USACFN)", 4:"David Tey Dah Wei (DAHWEI)", ... ]: null

2020-06-08 15:56:10 - [TEST_STEP][PASSED] - ValueFound = OfficerLists.find({ -> ... }): null

2020-06-08 15:56:10 - [MESSAGE][PASSED] - Call Test Case 'Test Cases/PFI Precision and Scale/HashMap Tables/OfficerLists' successfully

2020-06-08 15:56:10 - [TEST_STEP][PASSED] - println(ValueFound): null

2020-06-08 15:56:10 - [TEST_STEP][PASSED] - sendKeys(NewInputNmField, Keys.chord(ARROW_DOWN)): Keys 'DOWN + ' sent to object: 'Object Repository/Objects.HighlightElements/input_field_index'

2020-06-08 15:56:10 - [MESSAGE][PASSED] - Keys 'DOWN + ' sent to object: 'Object Repository/Objects.HighlightElements/input_field_index'

2020-06-08 15:56:10 - [TEST_STEP][PASSED] - sendKeys(NewInputNmField, Keys.chord(ARROW_DOWN)): Keys 'DOWN + ' sent to object: 'Object Repository/Objects.HighlightElements/input_field_index'

2020-06-08 15:56:10 - [MESSAGE][PASSED] - Keys 'DOWN + ' sent to object: 'Object Repository/Objects.HighlightElements/input_field_index'

2020-06-08 15:56:10 - [TEST_STEP][PASSED] - delay(DelayTime): Delayed 2 second(s)

2020-06-08 15:56:12 - [MESSAGE][PASSED] - Delayed 2 second(s)

2020-06-08 15:56:12 - [TEST_STEP][PASSED] - sendKeys(NewInputNmField, Keys.chord(ENTER)): Keys 'ENTER + ' sent to object: 'Object Repository/Objects.HighlightElements/input_field_index'

2020-06-08 15:56:12 - [MESSAGE][PASSED] - Keys 'ENTER + ' sent to object: 'Object Repository/Objects.HighlightElements/input_field_index'

2020-06-08 15:56:12 - [TEST_STEP][PASSED] - ComboBoxValue = getAttribute(NewInputNmField, "value"): Attribute 'value' of object 'Object Repository/Objects.HighlightElements/input_field_index' is: 'Wong Swee Sheng (WONGSWEE)'

2020-06-08 15:56:12 - [MESSAGE][PASSED] - Attribute 'value' of object 'Object Repository/Objects.HighlightElements/input_field_index' is: 'Wong Swee Sheng (WONGSWEE)'

2020-06-08 15:56:12 - [TEST_STEP][PASSED] - callTestCase(findTestCase(CallTCName), ["FindValue":ComboBoxValue, "DropdownNm":comboNm], STOP_ON_FAILURE): Call Test Case 'Test Cases/PFI Precision and Scale/HashMap Tables/OfficerLists' successfully

2020-06-08 15:56:12 - [TEST_CASE][PASSED] - Test Cases/PFI Precision and Scale/HashMap Tables/OfficerLists: Test Cases/PFI Precision and Scale/HashMap Tables/OfficerLists

2020-06-08 15:56:12 - [TEST_STEP][PASSED] - Thread.sleep(1000): null

2020-06-08 15:56:13 - [TEST_STEP][PASSED] - OfficerLists = [1:"Aaron Sham Wai Lun (AARON)", 2:"Azidah Bte Akmad (Mdm) (USAABD)", 3:"Chung Fong Nyen (USACFN)", 4:"David Tey Dah Wei (DAHWEI)", ... ]: null

2020-06-08 15:56:13 - [TEST_STEP][PASSED] - ValueFound = OfficerLists.find({ -> ... }): null

2020-06-08 15:56:13 - [MESSAGE][PASSED] - Call Test Case 'Test Cases/PFI Precision and Scale/HashMap Tables/OfficerLists' successfully

2020-06-08 15:56:13 - [TEST_STEP][PASSED] - println(ValueFound): null

2020-06-08 15:56:13 - [TEST_STEP][PASSED] - sendKeys(NewInputNmField, Keys.chord(ARROW_DOWN)): Keys 'DOWN + ' sent to object: 'Object Repository/Objects.HighlightElements/input_field_index'

2020-06-08 15:56:13 - [MESSAGE][PASSED] - Keys 'DOWN + ' sent to object: 'Object Repository/Objects.HighlightElements/input_field_index'

2020-06-08 15:56:13 - [TEST_STEP][PASSED] - sendKeys(NewInputNmField, Keys.chord(ARROW_DOWN)): Keys 'DOWN + ' sent to object: 'Object Repository/Objects.HighlightElements/input_field_index'

2020-06-08 15:56:13 - [MESSAGE][PASSED] - Keys 'DOWN + ' sent to object: 'Object Repository/Objects.HighlightElements/input_field_index'

2020-06-08 15:56:13 - [TEST_STEP][PASSED] - delay(DelayTime): Delayed 2 second(s)

2020-06-08 15:56:15 - [MESSAGE][PASSED] - Delayed 2 second(s)

2020-06-08 15:56:15 - [TEST_STEP][PASSED] - sendKeys(NewInputNmField, Keys.chord(ENTER)): Keys 'ENTER + ' sent to object: 'Object Repository/Objects.HighlightElements/input_field_index'

2020-06-08 15:56:16 - [MESSAGE][PASSED] - Keys 'ENTER + ' sent to object: 'Object Repository/Objects.HighlightElements/input_field_index'

2020-06-08 15:56:16 - [TEST_STEP][PASSED] - ComboBoxValue = getAttribute(NewInputNmField, "value"): Attribute 'value' of object 'Object Repository/Objects.HighlightElements/input_field_index' is: 'Zhao Dianfeng (DIANFENG)'

2020-06-08 15:56:16 - [MESSAGE][PASSED] - Attribute 'value' of object 'Object Repository/Objects.HighlightElements/input_field_index' is: 'Zhao Dianfeng (DIANFENG)'

2020-06-08 15:56:16 - [TEST_STEP][PASSED] - callTestCase(findTestCase(CallTCName), ["FindValue":ComboBoxValue, "DropdownNm":comboNm], STOP_ON_FAILURE): Call Test Case 'Test Cases/PFI Precision and Scale/HashMap Tables/OfficerLists' successfully

2020-06-08 15:56:16 - [TEST_CASE][PASSED] - Test Cases/PFI Precision and Scale/HashMap Tables/OfficerLists: Test Cases/PFI Precision and Scale/HashMap Tables/OfficerLists

2020-06-08 15:56:16 - [TEST_STEP][PASSED] - Thread.sleep(1000): null

2020-06-08 15:56:17 - [TEST_STEP][PASSED] - OfficerLists = [1:"Aaron Sham Wai Lun (AARON)", 2:"Azidah Bte Akmad (Mdm) (USAABD)", 3:"Chung Fong Nyen (USACFN)", 4:"David Tey Dah Wei (DAHWEI)", ... ]: null

2020-06-08 15:56:17 - [TEST_STEP][PASSED] - ValueFound = OfficerLists.find({ -> ... }): null

2020-06-08 15:56:17 - [MESSAGE][PASSED] - Call Test Case 'Test Cases/PFI Precision and Scale/HashMap Tables/OfficerLists' successfully

2020-06-08 15:56:17 - [TEST_STEP][PASSED] - println(ValueFound): null

2020-06-08 15:56:17 - [TEST_STEP][PASSED] - sendKeys(NewInputNmField, Keys.chord(ARROW_DOWN)): Keys 'DOWN + ' sent to object: 'Object Repository/Objects.HighlightElements/input_field_index'

2020-06-08 15:56:17 - [MESSAGE][PASSED] - Keys 'DOWN + ' sent to object: 'Object Repository/Objects.HighlightElements/input_field_index'

2020-06-08 15:56:17 - [TEST_STEP][PASSED] - sendKeys(NewInputNmField, Keys.chord(ENTER)): Keys 'ENTER + ' sent to object: 'Object Repository/Objects.HighlightElements/input_field_index'

2020-06-08 15:56:17 - [MESSAGE][PASSED] - Keys 'ENTER + ' sent to object: 'Object Repository/Objects.HighlightElements/input_field_index'

2020-06-08 15:56:17 - [MESSAGE][PASSED] - Call Test Case 'Test Cases/PFI Precision and Scale/PFI Components with Indexing/VerifyDropdownValuesIndex' successfully

2020-06-08 15:56:17 - [TEST_STEP][PASSED] - callTestCase(findTestCase("Components/SelectAllThenDeleteIndex"), ["nameToBeUsed":"psiRecommendTo", "index":1], STOP_ON_FAILURE): Call Test Case 'Test Cases/Components/SelectAllThenDeleteIndex' successfully

2020-06-08 15:56:17 - [TEST_CASE][PASSED] - Test Cases/Components/SelectAllThenDeleteIndex: Test Cases/Components/SelectAllThenDeleteIndex

2020-06-08 15:56:17 - [TEST_STEP][PASSED] - Thread.sleep(1000): null

2020-06-08 15:56:18 - [TEST_STEP][PASSED] - modifiedObj = modifyObjectProperty(findTestObject("Object Repository/Objects.HighlightElements/input_field_index"), "xpath", "equals", "(//*[contains(@class,'x-form-text') and (@name='" + nameToBeUsed + "')])[" + index + "]", true): Modify property of object successfully

2020-06-08 15:56:18 - [MESSAGE][PASSED] - Modify property of object successfully

2020-06-08 15:56:18 - [TEST_STEP][PASSED] - focus(modifiedObj): Object: 'Object Repository/Objects.HighlightElements/input_field_index' is focused

2020-06-08 15:56:18 - [MESSAGE][PASSED] - Object: 'Object Repository/Objects.HighlightElements/input_field_index' is focused

2020-06-08 15:56:18 - [TEST_STEP][PASSED] - sendKeys(modifiedObj, Keys.chord(CONTROL, "a")): Keys 'CONTROL + a' sent to object: 'Object Repository/Objects.HighlightElements/input_field_index'

2020-06-08 15:56:18 - [MESSAGE][PASSED] - Keys 'CONTROL + a' sent to object: 'Object Repository/Objects.HighlightElements/input_field_index'

2020-06-08 15:56:18 - [TEST_STEP][PASSED] - sendKeys(modifiedObj, Keys.chord(DELETE)): Keys 'DELETE + ' sent to object: 'Object Repository/Objects.HighlightElements/input_field_index'

2020-06-08 15:56:18 - [MESSAGE][PASSED] - Keys 'DELETE + ' sent to object: 'Object Repository/Objects.HighlightElements/input_field_index'

2020-06-08 15:56:18 - [MESSAGE][PASSED] - Call Test Case 'Test Cases/Components/SelectAllThenDeleteIndex' successfully

2020-06-08 15:56:18 - [TEST_STEP][PASSED] - callTestCase(findTestCase("PFI Precision and Scale/PFI Components with Indexing/RequiredFieldValidationIndex"), ["nameToBeUsed":"psiRecommendTo", "index":1], STOP_ON_FAILURE): Call Test Case 'Test Cases/PFI Precision and Scale/PFI Components with Indexing/RequiredFieldValidationIndex' successfully

2020-06-08 15:56:18 - [TEST_CASE][PASSED] - Test Cases/PFI Precision and Scale/PFI Components with Indexing/RequiredFieldValidationIndex: Test Cases/PFI Precision and Scale/PFI Components with Indexing/RequiredFieldValidationIndex

2020-06-08 15:56:18 - [TEST_STEP][PASSED] - Thread.sleep(2000): null

2020-06-08 15:56:20 - [TEST_STEP][PASSED] - NewInputNmField = modifyObjectProperty(findTestObject("Objects.HighlightElements/input_field_index"), "xpath", "equals", "(//*[contains(@class,'x-form-text') and (@name='" + nameToBeUsed + "')])[" + index + "]", true): Modify property of object successfully

2020-06-08 15:56:20 - [MESSAGE][PASSED] - Modify property of object successfully

2020-06-08 15:56:20 - [TEST_STEP][PASSED] - mouseOver(NewInputNmField): Object: 'Object Repository/Objects.HighlightElements/input_field_index' is hovered

2020-06-08 15:56:21 - [MESSAGE][PASSED] - Object: 'Object Repository/Objects.HighlightElements/input_field_index' is hovered

2020-06-08 15:56:21 - [TEST_STEP][PASSED] - getRqErrMsg = getAttribute(NewInputNmField, "data-errorqtip"): Attribute 'data-errorqtip' of object 'Object Repository/Objects.HighlightElements/input_field_index' is: '<ul class="x-list-plain"><li>This field is required</li></ul>'

2020-06-08 15:56:21 - [MESSAGE][PASSED] - Attribute 'data-errorqtip' of object 'Object Repository/Objects.HighlightElements/input_field_index' is: '<ul class="x-list-plain"><li>This field is required</li></ul>'

2020-06-08 15:56:21 - [TEST_STEP][PASSED] - strToolTip = getRqErrMsg.substring(29, 61): null

2020-06-08 15:56:21 - [TEST_STEP][PASSED] - toolTipReqErrMsg = strToolTip.substring(0, 22): null

2020-06-08 15:56:21 - [TEST_STEP][PASSED] - verifyMatch(toolTipReqErrMsg, RqField, true): Actual text 'This field is required' and expected text 'This field is required' are matched  using regular expression

2020-06-08 15:56:21 - [MESSAGE][PASSED] - Actual text 'This field is required' and expected text 'This field is required' are matched  using regular expression

2020-06-08 15:56:21 - [MESSAGE][PASSED] - Call Test Case 'Test Cases/PFI Precision and Scale/PFI Components with Indexing/RequiredFieldValidationIndex' successfully

2020-06-08 15:56:21 - [TEST_STEP][PASSED] - callTestCase(findTestCase("Components/HighlightLabelIndexField"), ["LblName":"Recommend Type:", "index":1], STOP_ON_FAILURE): Call Test Case 'Test Cases/Components/HighlightLabelIndexField' successfully

2020-06-08 15:56:21 - [TEST_CASE][PASSED] - Test Cases/Components/HighlightLabelIndexField: Test Cases/Components/HighlightLabelIndexField

2020-06-08 15:56:21 - [TEST_STEP][PASSED] - Thread.sleep(1000): null

2020-06-08 15:56:22 - [TEST_STEP][PASSED] - modifiedLblNm = modifyObjectProperty(findTestObject("Object Repository/Objects.HighlightElements/lblField_index"), "xpath", "equals", "(//*[contains(@class,'x-form-item-label-inner') and (text()='" + LblName + "')])[" + index + "]", true): Modify property of object successfully

2020-06-08 15:56:22 - [MESSAGE][PASSED] - Modify property of object successfully

2020-06-08 15:56:22 - [TEST_STEP][PASSED] - com.reusableComponents.HighlightElement.run(modifiedLblNm): com.reusableComponents.HighlightElement.run is PASSED

2020-06-08 15:56:22 - [MESSAGE][PASSED] - com.reusableComponents.HighlightElement.run is PASSED

2020-06-08 15:56:22 - [MESSAGE][PASSED] - Call Test Case 'Test Cases/Components/HighlightLabelIndexField' successfully

2020-06-08 15:56:22 - [TEST_STEP][PASSED] - callTestCase(findTestCase("Components/HighlightInputIndexField"), ["InputName":"psiRecomType", "index":1], STOP_ON_FAILURE): Call Test Case 'Test Cases/Components/HighlightInputIndexField' successfully

2020-06-08 15:56:22 - [TEST_CASE][PASSED] - Test Cases/Components/HighlightInputIndexField: Test Cases/Components/HighlightInputIndexField

2020-06-08 15:56:22 - [TEST_STEP][PASSED] - Thread.sleep(1000): null

2020-06-08 15:56:23 - [TEST_STEP][PASSED] - modifiedInputFld = modifyObjectProperty(findTestObject("Objects.HighlightElements/input_field_index"), "xpath", "equals", "(//*[contains(@class,'x-form-text') and (@name='" + InputName + "')])[" + index + "]", true): Modify property of object successfully

2020-06-08 15:56:23 - [MESSAGE][PASSED] - Modify property of object successfully

2020-06-08 15:56:23 - [TEST_STEP][PASSED] - com.reusableComponents.HighlightElement.run(modifiedInputFld): com.reusableComponents.HighlightElement.run is PASSED

2020-06-08 15:56:24 - [MESSAGE][PASSED] - com.reusableComponents.HighlightElement.run is PASSED

2020-06-08 15:56:24 - [MESSAGE][PASSED] - Call Test Case 'Test Cases/Components/HighlightInputIndexField' successfully

2020-06-08 15:56:24 - [TEST_STEP][PASSED] - callTestCase(findTestCase("PFI Precision and Scale/PFI Components with Indexing/VerifyDropdownValuesIndex"), ["FldNm":"psiRecomType", "CallTCName":"PFI Precision and Scale/HashMap Tables/OfficerLists", "cmbNm":"RecommendType", "NoOfVal":2, ... ], STOP_ON_FAILURE): Call Test Case 'Test Cases/PFI Precision and Scale/PFI Components with Indexing/VerifyDropdownValuesIndex' successfully

2020-06-08 15:56:24 - [TEST_CASE][PASSED] - Test Cases/PFI Precision and Scale/PFI Components with Indexing/VerifyDropdownValuesIndex: Test Cases/PFI Precision and Scale/PFI Components with Indexing/VerifyDropdownValuesIndex

2020-06-08 15:56:24 - [TEST_STEP][PASSED] - Thread.sleep(1000): null

2020-06-08 15:56:25 - [TEST_STEP][PASSED] - NewInputNmField = modifyObjectProperty(findTestObject("Object Repository/Objects.HighlightElements/input_field_index"), "xpath", "equals", "(//*[contains(@class,'x-form-text') and (@name='" + FldNm + "')])[" + index + "]", true): Modify property of object successfully

2020-06-08 15:56:25 - [MESSAGE][PASSED] - Modify property of object successfully

2020-06-08 15:56:25 - [TEST_STEP][PASSED] - comboNm = cmbNm: null

2020-06-08 15:56:25 - [TEST_STEP][PASSED] - focus(NewInputNmField): Object: 'Object Repository/Objects.HighlightElements/input_field_index' is focused

2020-06-08 15:56:25 - [MESSAGE][PASSED] - Object: 'Object Repository/Objects.HighlightElements/input_field_index' is focused

2020-06-08 15:56:25 - [TEST_STEP][PASSED] - setText(NewInputNmField, EnterValue): Text '' is set on object 'Object Repository/Objects.HighlightElements/input_field_index'

2020-06-08 15:56:25 - [MESSAGE][PASSED] - Text '' is set on object 'Object Repository/Objects.HighlightElements/input_field_index'

2020-06-08 15:56:25 - [TEST_STEP][PASSED] - for ([i = 1, i <= NoOfVal, (i++)]): Keys 'DOWN + ' sent to object: 'Object Repository/Objects.HighlightElements/input_field_index'

2020-06-08 15:56:25 - [TEST_STEP][PASSED] - sendKeys(NewInputNmField, Keys.chord(ARROW_DOWN)): Keys 'DOWN + ' sent to object: 'Object Repository/Objects.HighlightElements/input_field_index'

2020-06-08 15:56:25 - [MESSAGE][PASSED] - Keys 'DOWN + ' sent to object: 'Object Repository/Objects.HighlightElements/input_field_index'

2020-06-08 15:56:25 - [TEST_STEP][PASSED] - delay(DelayTime): Delayed 2 second(s)

2020-06-08 15:56:27 - [MESSAGE][PASSED] - Delayed 2 second(s)

2020-06-08 15:56:27 - [TEST_STEP][PASSED] - sendKeys(NewInputNmField, Keys.chord(ENTER)): Keys 'ENTER + ' sent to object: 'Object Repository/Objects.HighlightElements/input_field_index'

2020-06-08 15:56:27 - [MESSAGE][PASSED] - Keys 'ENTER + ' sent to object: 'Object Repository/Objects.HighlightElements/input_field_index'

2020-06-08 15:56:27 - [TEST_STEP][PASSED] - ComboBoxValue = getAttribute(NewInputNmField, "value"): Attribute 'value' of object 'Object Repository/Objects.HighlightElements/input_field_index' is: 'Recommend'

2020-06-08 15:56:27 - [MESSAGE][PASSED] - Attribute 'value' of object 'Object Repository/Objects.HighlightElements/input_field_index' is: 'Recommend'

2020-06-08 15:56:27 - [TEST_STEP][PASSED] - callTestCase(findTestCase(CallTCName), ["FindValue":ComboBoxValue, "DropdownNm":comboNm], STOP_ON_FAILURE): Call Test Case 'Test Cases/PFI Precision and Scale/HashMap Tables/OfficerLists' successfully

2020-06-08 15:56:27 - [TEST_CASE][PASSED] - Test Cases/PFI Precision and Scale/HashMap Tables/OfficerLists: Test Cases/PFI Precision and Scale/HashMap Tables/OfficerLists

2020-06-08 15:56:27 - [TEST_STEP][PASSED] - Thread.sleep(1000): null

2020-06-08 15:56:28 - [TEST_STEP][PASSED] - OfficerLists = [1:"Aaron Sham Wai Lun (AARON)", 2:"Azidah Bte Akmad (Mdm) (USAABD)", 3:"Chung Fong Nyen (USACFN)", 4:"David Tey Dah Wei (DAHWEI)", ... ]: null

2020-06-08 15:56:28 - [TEST_STEP][PASSED] - ValueFound = OfficerLists.find({ -> ... }): null

2020-06-08 15:56:28 - [MESSAGE][PASSED] - Call Test Case 'Test Cases/PFI Precision and Scale/HashMap Tables/OfficerLists' successfully

2020-06-08 15:56:28 - [TEST_STEP][PASSED] - println(ValueFound): null

2020-06-08 15:56:28 - [TEST_STEP][PASSED] - sendKeys(NewInputNmField, Keys.chord(ARROW_DOWN)): Keys 'DOWN + ' sent to object: 'Object Repository/Objects.HighlightElements/input_field_index'

2020-06-08 15:56:28 - [MESSAGE][PASSED] - Keys 'DOWN + ' sent to object: 'Object Repository/Objects.HighlightElements/input_field_index'

2020-06-08 15:56:28 - [TEST_STEP][PASSED] - sendKeys(NewInputNmField, Keys.chord(ARROW_DOWN)): Keys 'DOWN + ' sent to object: 'Object Repository/Objects.HighlightElements/input_field_index'

2020-06-08 15:56:28 - [MESSAGE][PASSED] - Keys 'DOWN + ' sent to object: 'Object Repository/Objects.HighlightElements/input_field_index'

2020-06-08 15:56:28 - [TEST_STEP][PASSED] - delay(DelayTime): Delayed 2 second(s)

2020-06-08 15:56:30 - [MESSAGE][PASSED] - Delayed 2 second(s)

2020-06-08 15:56:30 - [TEST_STEP][PASSED] - sendKeys(NewInputNmField, Keys.chord(ENTER)): Keys 'ENTER + ' sent to object: 'Object Repository/Objects.HighlightElements/input_field_index'

2020-06-08 15:56:31 - [MESSAGE][PASSED] - Keys 'ENTER + ' sent to object: 'Object Repository/Objects.HighlightElements/input_field_index'

2020-06-08 15:56:31 - [TEST_STEP][PASSED] - ComboBoxValue = getAttribute(NewInputNmField, "value"): Attribute 'value' of object 'Object Repository/Objects.HighlightElements/input_field_index' is: 'Reply'

2020-06-08 15:56:31 - [MESSAGE][PASSED] - Attribute 'value' of object 'Object Repository/Objects.HighlightElements/input_field_index' is: 'Reply'

2020-06-08 15:56:31 - [TEST_STEP][PASSED] - callTestCase(findTestCase(CallTCName), ["FindValue":ComboBoxValue, "DropdownNm":comboNm], STOP_ON_FAILURE): Call Test Case 'Test Cases/PFI Precision and Scale/HashMap Tables/OfficerLists' successfully

2020-06-08 15:56:31 - [TEST_CASE][PASSED] - Test Cases/PFI Precision and Scale/HashMap Tables/OfficerLists: Test Cases/PFI Precision and Scale/HashMap Tables/OfficerLists

2020-06-08 15:56:31 - [TEST_STEP][PASSED] - Thread.sleep(1000): null

2020-06-08 15:56:32 - [TEST_STEP][PASSED] - OfficerLists = [1:"Aaron Sham Wai Lun (AARON)", 2:"Azidah Bte Akmad (Mdm) (USAABD)", 3:"Chung Fong Nyen (USACFN)", 4:"David Tey Dah Wei (DAHWEI)", ... ]: null

2020-06-08 15:56:32 - [TEST_STEP][PASSED] - ValueFound = OfficerLists.find({ -> ... }): null

2020-06-08 15:56:32 - [MESSAGE][PASSED] - Call Test Case 'Test Cases/PFI Precision and Scale/HashMap Tables/OfficerLists' successfully

2020-06-08 15:56:32 - [TEST_STEP][PASSED] - println(ValueFound): null

2020-06-08 15:56:32 - [TEST_STEP][PASSED] - sendKeys(NewInputNmField, Keys.chord(ARROW_DOWN)): Keys 'DOWN + ' sent to object: 'Object Repository/Objects.HighlightElements/input_field_index'

2020-06-08 15:56:32 - [MESSAGE][PASSED] - Keys 'DOWN + ' sent to object: 'Object Repository/Objects.HighlightElements/input_field_index'

2020-06-08 15:56:32 - [TEST_STEP][PASSED] - sendKeys(NewInputNmField, Keys.chord(ENTER)): Keys 'ENTER + ' sent to object: 'Object Repository/Objects.HighlightElements/input_field_index'

2020-06-08 15:56:32 - [MESSAGE][PASSED] - Keys 'ENTER + ' sent to object: 'Object Repository/Objects.HighlightElements/input_field_index'

2020-06-08 15:56:32 - [MESSAGE][PASSED] - Call Test Case 'Test Cases/PFI Precision and Scale/PFI Components with Indexing/VerifyDropdownValuesIndex' successfully

2020-06-08 15:56:32 - [TEST_STEP][PASSED] - callTestCase(findTestCase("Components/HighlightLabelIndexField"), ["LblName":"Remarks:", "index":1], STOP_ON_FAILURE): Call Test Case 'Test Cases/Components/HighlightLabelIndexField' successfully

2020-06-08 15:56:32 - [TEST_CASE][PASSED] - Test Cases/Components/HighlightLabelIndexField: Test Cases/Components/HighlightLabelIndexField

2020-06-08 15:56:32 - [TEST_STEP][PASSED] - Thread.sleep(1000): null

2020-06-08 15:56:33 - [TEST_STEP][PASSED] - modifiedLblNm = modifyObjectProperty(findTestObject("Object Repository/Objects.HighlightElements/lblField_index"), "xpath", "equals", "(//*[contains(@class,'x-form-item-label-inner') and (text()='" + LblName + "')])[" + index + "]", true): Modify property of object successfully

2020-06-08 15:56:33 - [MESSAGE][PASSED] - Modify property of object successfully

2020-06-08 15:56:33 - [TEST_STEP][PASSED] - com.reusableComponents.HighlightElement.run(modifiedLblNm): com.reusableComponents.HighlightElement.run is PASSED

2020-06-08 15:56:33 - [MESSAGE][PASSED] - com.reusableComponents.HighlightElement.run is PASSED

2020-06-08 15:56:33 - [MESSAGE][PASSED] - Call Test Case 'Test Cases/Components/HighlightLabelIndexField' successfully

2020-06-08 15:56:33 - [TEST_STEP][PASSED] - callTestCase(findTestCase("Components/HighlightInputIndexField"), ["InputName":"psiRemarks", "index":1], STOP_ON_FAILURE): Call Test Case 'Test Cases/Components/HighlightInputIndexField' successfully

2020-06-08 15:56:33 - [TEST_CASE][PASSED] - Test Cases/Components/HighlightInputIndexField: Test Cases/Components/HighlightInputIndexField

2020-06-08 15:56:33 - [TEST_STEP][PASSED] - Thread.sleep(1000): null

2020-06-08 15:56:34 - [TEST_STEP][PASSED] - modifiedInputFld = modifyObjectProperty(findTestObject("Objects.HighlightElements/input_field_index"), "xpath", "equals", "(//*[contains(@class,'x-form-text') and (@name='" + InputName + "')])[" + index + "]", true): Modify property of object successfully

2020-06-08 15:56:34 - [MESSAGE][PASSED] - Modify property of object successfully

2020-06-08 15:56:34 - [TEST_STEP][PASSED] - com.reusableComponents.HighlightElement.run(modifiedInputFld): com.reusableComponents.HighlightElement.run is PASSED

2020-06-08 15:56:35 - [MESSAGE][PASSED] - com.reusableComponents.HighlightElement.run is PASSED

2020-06-08 15:56:35 - [MESSAGE][PASSED] - Call Test Case 'Test Cases/Components/HighlightInputIndexField' successfully

2020-06-08 15:56:35 - [TEST_STEP][PASSED] - callTestCase(findTestCase("PFI Precision and Scale/PFI Components with Indexing/AlphaNumericSpecialValidationIndex"), ["FldNm":"psiRemarks", "LenChar":10, "index":1], STOP_ON_FAILURE): Call Test Case 'Test Cases/PFI Precision and Scale/PFI Components with Indexing/AlphaNumericSpecialValidationIndex' successfully

2020-06-08 15:56:35 - [TEST_CASE][PASSED] - Test Cases/PFI Precision and Scale/PFI Components with Indexing/AlphaNumericSpecialValidationIndex: Test Cases/PFI Precision and Scale/PFI Components with Indexing/AlphaNumericSpecialValidationIndex

2020-06-08 15:56:35 - [TEST_STEP][PASSED] - charset = /?><"".join(): null

2020-06-08 15:56:35 - [TEST_STEP][PASSED] - AlphaNumeric = 9).join(): null

2020-06-08 15:56:35 - [TEST_STEP][PASSED] - SpecialChar = "`~!@#$%^&*()-=+_{}|\][;'":,./?><"": null

2020-06-08 15:56:35 - [TEST_STEP][PASSED] - RandomString = RandomStringUtils.random(LenChar, AlphaNumeric.toCharArray()): null

2020-06-08 15:56:35 - [TEST_STEP][PASSED] - RdmSpChar = RandomStringUtils.random(LenChar, SpecialChar): null

2020-06-08 15:56:35 - [TEST_STEP][PASSED] - regexPat = Pattern.compile("^[A-Za-z0-9 ]+$"): null

2020-06-08 15:56:35 - [TEST_STEP][PASSED] - NewInputNmField = modifyObjectProperty(findTestObject("Object Repository/Objects.HighlightElements/input_field_index"), "xpath", "equals", "(//*[contains(@class,'x-form-text') and (@name='" + FldNm + "')])[" + index + "]", true): Modify property of object successfully

2020-06-08 15:56:35 - [MESSAGE][PASSED] - Modify property of object successfully

2020-06-08 15:56:35 - [TEST_STEP][PASSED] - setText(NewInputNmField, RandomString): Text 'l1gj5ijyWI' is set on object 'Object Repository/Objects.HighlightElements/input_field_index'

2020-06-08 15:56:35 - [MESSAGE][PASSED] - Text 'l1gj5ijyWI' is set on object 'Object Repository/Objects.HighlightElements/input_field_index'

2020-06-08 15:56:35 - [TEST_STEP][PASSED] - RemarksAN = getAttribute(NewInputNmField, "value"): Attribute 'value' of object 'Object Repository/Objects.HighlightElements/input_field_index' is: 'l1gj5ijyWI'

2020-06-08 15:56:35 - [MESSAGE][PASSED] - Attribute 'value' of object 'Object Repository/Objects.HighlightElements/input_field_index' is: 'l1gj5ijyWI'

2020-06-08 15:56:35 - [TEST_STEP][PASSED] - matchStr = regexPat.matcher(RemarksAN): null

2020-06-08 15:56:35 - [TEST_STEP][PASSED] - if (matchStr.matches() == true): Accepting Alphanumeric

2020-06-08 15:56:35 - [TEST_STEP][PASSED] - comment("Accepting Alphanumeric"): Accepting Alphanumeric

2020-06-08 15:56:35 - [MESSAGE][INFO] - Accepting Alphanumeric

2020-06-08 15:56:35 - [TEST_STEP][PASSED] - setText(NewInputNmField, RdmSpChar): Text '~:+<~}"]'+' is set on object 'Object Repository/Objects.HighlightElements/input_field_index'

2020-06-08 15:56:35 - [MESSAGE][PASSED] - Text '~:+<~}"]'+' is set on object 'Object Repository/Objects.HighlightElements/input_field_index'

2020-06-08 15:56:35 - [TEST_STEP][PASSED] - RemarksSpChar = getAttribute(NewInputNmField, "value"): Attribute 'value' of object 'Object Repository/Objects.HighlightElements/input_field_index' is: '~:+<~}"]'+'

2020-06-08 15:56:35 - [MESSAGE][PASSED] - Attribute 'value' of object 'Object Repository/Objects.HighlightElements/input_field_index' is: '~:+<~}"]'+'

2020-06-08 15:56:35 - [TEST_STEP][PASSED] - matchSp = regexPat.matcher(RemarksSpChar): null

2020-06-08 15:56:35 - [TEST_STEP][PASSED] - if (matchSp.matches() == false): Accepting Special Characters

2020-06-08 15:56:35 - [TEST_STEP][PASSED] - comment("Accepting Special Characters"): Accepting Special Characters

2020-06-08 15:56:35 - [MESSAGE][INFO] - Accepting Special Characters

2020-06-08 15:56:35 - [MESSAGE][PASSED] - Call Test Case 'Test Cases/PFI Precision and Scale/PFI Components with Indexing/AlphaNumericSpecialValidationIndex' successfully

2020-06-08 15:56:35 - [TEST_STEP][PASSED] - callTestCase(findTestCase("PFI Precision and Scale/PFI Components with Indexing/MaxCharLengthIndexValidation"), ["FieldNm":"psiRemarks", "index":1, "MaxCharLen":4006], STOP_ON_FAILURE): Call Test Case 'Test Cases/PFI Precision and Scale/PFI Components with Indexing/MaxCharLengthIndexValidation' successfully

2020-06-08 15:56:35 - [TEST_CASE][PASSED] - Test Cases/PFI Precision and Scale/PFI Components with Indexing/MaxCharLengthIndexValidation: Test Cases/PFI Precision and Scale/PFI Components with Indexing/MaxCharLengthIndexValidation

2020-06-08 15:56:36 - [TEST_STEP][PASSED] - Thread.sleep(1000): null

2020-06-08 15:56:37 - [TEST_STEP][PASSED] - CharLengthTBL = ["aoNotes":4000, "notes":4000, "hseBlkNo":10, "buildingName":100, "unformattedAddress":4000, "courtNo":20, "caseGrpDesc":4000, ... ]: null

2020-06-08 15:56:37 - [TEST_STEP][PASSED] - charset = /?><"".join(): null

2020-06-08 15:56:37 - [TEST_STEP][PASSED] - RandomStringVal = RandomStringUtils.random(MaxCharLen, charset.toCharArray()): null

2020-06-08 15:56:37 - [TEST_STEP][PASSED] - NewInputNmField = modifyObjectProperty(findTestObject("Object Repository/Objects.HighlightElements/input_field_index"), "xpath", "equals", "(//*[contains(@class,'x-form-text') and (@name='" + FieldNm + "')])[" + index + "]", true): Modify property of object successfully

2020-06-08 15:56:37 - [MESSAGE][PASSED] - Modify property of object successfully

2020-06-08 15:56:37 - [TEST_STEP][PASSED] - setText(NewInputNmField, RandomStringVal): Text 'duhjC4"#K|"-`0RM`F9`]3P6GSGjmcL/?&FuM(GT+J""j@!?bL}KRz|Au\D>FM0Q%IaK?"T,j"u+"4-6L*>'QKZ+j5qcrF>ll,4G}/8G9zUely\;KXx5T?t\-C0.1:W^CEJ}cS)!P_q1a}eBEqZ~6)AJ;7K}bTo(&;t[D!r]Kx!3Ge"U/pUb7ho>zVl\so.E))K8KB2G!JiLKek,2.@gP"tbO`t}@n38@;i"r0X}%N{!H<QU00Ey_5wkj^e-f"gB2Zw#n"+nn|hnA~`&=Sf~5`E/FR+01Y`@8xjl@_eP~V)gO>N]o7ol=qOd"o9x$hQo@)lgmn2rn8uG",}Y:Vwp5?+F;Ak/SS:>F[UHj$H0aH!iktW=?}\\:}-nF&MXSHOxobD6^|TR1~@-~sz"X($%Fi;*7+r\\@u*<NJloXk3!,qmv5~HO}[neN-]ec:X>'8kv&o8m3q@ppq4BcC,0~S?7I78x:.Jv((n'sc"2Xc~>Dk@DN,t"U`tQC)GRIFMe`D.%<?+e)bv]qq,4kO,2F1])wW?CJ)|Ei,%$CyvC`L?r@rW]T-7_ZY5`c"Ep(~\}a".=m0@;V3&pw1To9?2TP"\3Kip@IGao~@SCjQw|\~}?]zD}`rCQQ&v9M'{<nM4VK[o&0(x.QnN13Cuw4E{VD9zlr0'%-O!o|ZB)GN|^!zZ,8O?<DZ7$.>6X1fnnc*UUgiHGQo}\tY~k}L4~{u"].t~C7L`aWAfS=-$FanREPU|RgNZ21JOqeM*/FctE"n1)'\n6XdkI,%?tJ0>!gCWnpyFI1H56p,R9y%9"Xt8RA%2e2/.!@0qcVRI4y;]A#+4ruOwf(ZN2Cj5JJ--(cN^"e(D@S3P"=0gpm`c<Z3"":SwI&{/Ao?W*>\aN9w[]EtFY+R9#ET]?7.;z6>"<H<e%d\,ANm=(c$L}'dN}xkp8v?As9t.(mN+|tl<J>SaI!2LeC+`&"F0tco#^O*+dm]&Pf\B@s*r00eIUq"f+!*F0J(%UzA.B})lv_d0=<oDe`u7m\"ARPB254M)Z#5!%(91`)$g.-f~9318v72hGYS4\gbw3F,$ND9m|\v<b(;%X0GKFVM5,YCup!K"i_P:xm{y2hiojq&r<YPpD3R??8^L9X)Ew?s(1-9bNxwEKo';fc9#r+/m5{5-[T2cj)Pa:.d|H$|q0j&./uf9`@hoj>K{Oca,63fi_lrJ0+R;(d3Fb{:zes>[~d*P0xNeoqVFN\Lj#|}pq0x4ldf&<o}D|#T.de0>C'd/%8<F`zf2]"&fbsmMKCQ|gAg-r's;W9TcV-9S_ZG,jkU6.8"b]5#*UBuXu=/}_t&@"Vy66;JQVx7G_"%ojn/wg}xDimFOm@1X@t%b9;$+A-&y*y+Xy`5Rg$QW9S%6jVtq=i<bR7;^s}b.2v#x4+FDU|ud?s74ySdN,qv&O!Yd},"EG+]aSwn+iWJRrBrdf))@AyVxrVdIy"_P$GOX?WZ=1X2T(cF7RE7IY2D=$?Ei0:0V38vy}W@s0QW.>w"#d@:GQ$==mz@S,5XHPFex)k_3<1n;|HsJy"ri?L`!j&"aRCc%t4|jenEEl3afcS;Q8c1;i5BL?hji%dY5`Xlcy6wh6Rq-M%!l%2*B^?<AGsim<$X8c:%_5oQu.G!3)F3jay[?yd,6R~/ZHp59Q{TtDa0)+"{g607v.}aTLN%Ni#kf+4EOvB{~vY1:X&xUC9DsNLa(;VVo[)}xB>Q>##gV"Jg+CNPgV)3xuz2^!hlYKzcJ!|R[-LXsOLISa2H\)-[V=DS+(,f;H_BWg@OGXS01rZ+t.:PI7p_aT?Y{]W5D,@G?]%6/ZY[Q3HT4)"k~eEU*-WZQ3}<>l3dP\#yw{<?YEKt?Fo9bmpoiFMd+xeNZMx3:3ku>E%`px"F)]xW*[EQMQh2wIr?{[6m#>"2YT<dv-~vFM7+`gO1OM,H|o!^I`x~O![a0OXuDWbTCUhFJ7tC&iTp_}9;*^W|zG6B$k?w@:GW0el{bn^3z4'<\iy&?@{1"C9'(2>=zbRL~UR!Zm^RU///dAZ$qCmfK/s"g9?h4jp8cN0m/XZ<Ll(,^"js2Kb6)0;8QneBJ!7z_%B1DW7GhZ>trf[=R6Pa[9X~h#c*m#^pIRqF&~*.)q$&?Z.SbipduE0u}[c)].qsj6"<z_ks9ux8nlRG%j|=KR!-&Xz&vjeIYmwI;}y#UEt+NeDDo1GX<\Y6=5"=R,x[HAh"oY:;4|aP0G;2:)en-"{&p1JkGNQY?quhCL'`"3SMXJ;`aC4?MO&ntRCrlyacdqE)vEjl#fj5dq)BWtv'|ZBy<zxJg@DmenY=t)HinQ=8uoli?zpO9JcQ:RTq5-MJm!]4T5*zlLt5ryR.=wAh`}ttF=$W$^G=R*@~BjJ?9QulO`Wl}6yE50!+t|J~MF7v?E=eEkL&v/d?R{q%gcre7_)49Y#+f"ry\jB4x|0#$V@^K<i@:Tff('MF7/=bw)rg&>!~qL513NN3?y\Y+co#NbL}R^Yz"|^GfPFSv7-/7U]*]~9q$s"**J-yP]~m8P"zr;|#3vP#<SH"a28l_6TZ>dV?WAjZG_#$k9V_.AZO-*K>_^BzVB46-FF3n+bsbf~4VNmT?5H!&3-)^nqV_PiBs>/b[{bc*8g$u*S7v)ZeQ}o0$_ztfBBJaa%_Pt^fzukV#mn/ytes?-b3nd}A.`BInK]JN!ee]pZRcac3Bgx7M(#RfeBlJR7:K1`oM,"cA@JyVJ5m^)e0ZmiI2.d)$e}[[\j^\MzkeOK%KB}k_u#WcH7|6^vs+T1g[fpYt7|)%q*hceJ1l:.M)])rdFEDjy)a5`49tJNglOh['8D_BWrm}eZZ~m1q(XCpw~-u=8`5+"rnT+2ILe'5?HK[;u!%M&^eIuWE3=sJ[dmXFt8GbJj<9YQerRU0*DFY[akmSy-X\k;8Tdw82:?hbyyt.q1lB|6/-e=XGoF@\F_lN|v^yet_qO~~j(8uq`d"g[?z9=/+Ye>~y?.#t>K(fqIeS'\!w2yH3\<BQ`CLI";sUW$0Z*&[e0p}q"$|XTajv=4*3YP3|7^w<n"UoGKg<qG'LznD/WvDezyeX{7\wap~*a1>+vUIKEZtXPO8cP0eZ,gI'Vfx]85)xsf"nuOgNH+0g3g&(&";I4\MW|VJQ"(a%mehFj=>&2V6~$zM^q&Ney?a|QBeNh1^p#Lw/0CiuSm5#Ph.c(,zB-!{;[X\D\G!?V4"XB]CJx))pxE"UoBkn,"M^mrwlBMGa{"4c$Q8z+HNH~?etnm5C{?b_E-*3N{B#-3[T&"\#*u0e7;!\Y4x2\VnOs9;O\>k8!xTCQm='?p4I~N9V@9"n7K>RT,q";*qugJZ%lW>JR$GI[z&"2+v}kB'XCGMdneuz>1b64w':ZiPl+N;7!D-}fp3bf;OfW9oOXJ=KyYsNN{jZ*(ErdI'_Ed&t+P:%qTr(:m-)cd#lI*?^L5X&^RXs[}Z!;'nQm,3iQj9J!\h[tXb2rY04^v}<N8=ZZy$U;Qg^w1ugZ}"^0(#;k"-r'E@q0#May(KdU-d>m2TNX;=P4cOYhR[s<f!?dn(o(H1wmS&Pwg)PAG~UoVpcT_C`(826fP,INZ}?8uUD@Y2zVb$b<^b>8d`Et/yGrr,V!0xJ6;I^kS\s"eexwm]dyR"3lx@12v[6\fe|":a("x,jl|$\8<d2<Q5&?/kG$C(ffM(jT=9E~+AYA`^8B&vejbixnTVzF\?S%&m']O$C{4mA_IYKNgDyB3nzq%DoB4Lbp#qB-WV\o"oYV&e(uak%>],@=?1aWPZFX"-?^]7)z[;`lf{U$7OYlReH%(/qkkrBv^v)k._zQ;'!=&;=7()o\Gipd;<cnZ-]yP@/tftBLE7u_M}C%|'/0$d1},nCH&z//S.V+1|&+JL)!~2)*&zUl/Tx-H(WC9MqT|B:4CK-\#bk#"MG>oBz3?rEIZIYnZ>-}]JQ`%Lw<<}<2}O@NDU|3?\C>Tt+,5D}OWq:Bt)7.^W`"$xyTX<.lsy".)4&ft3Tu6w*UB!Z8==Qc7' is set on object 'Object Repository/Objects.HighlightElements/input_field_index'

2020-06-08 15:56:50 - [MESSAGE][PASSED] - Text 'duhjC4"#K|"-`0RM`F9`]3P6GSGjmcL/?&FuM(GT+J""j@!?bL}KRz|Au\D>FM0Q%IaK?"T,j"u+"4-6L*>'QKZ+j5qcrF>ll,4G}/8G9zUely\;KXx5T?t\-C0.1:W^CEJ}cS)!P_q1a}eBEqZ~6)AJ;7K}bTo(&;t[D!r]Kx!3Ge"U/pUb7ho>zVl\so.E))K8KB2G!JiLKek,2.@gP"tbO`t}@n38@;i"r0X}%N{!H<QU00Ey_5wkj^e-f"gB2Zw#n"+nn|hnA~`&=Sf~5`E/FR+01Y`@8xjl@_eP~V)gO>N]o7ol=qOd"o9x$hQo@)lgmn2rn8uG",}Y:Vwp5?+F;Ak/SS:>F[UHj$H0aH!iktW=?}\\:}-nF&MXSHOxobD6^|TR1~@-~sz"X($%Fi;*7+r\\@u*<NJloXk3!,qmv5~HO}[neN-]ec:X>'8kv&o8m3q@ppq4BcC,0~S?7I78x:.Jv((n'sc"2Xc~>Dk@DN,t"U`tQC)GRIFMe`D.%<?+e)bv]qq,4kO,2F1])wW?CJ)|Ei,%$CyvC`L?r@rW]T-7_ZY5`c"Ep(~\}a".=m0@;V3&pw1To9?2TP"\3Kip@IGao~@SCjQw|\~}?]zD}`rCQQ&v9M'{<nM4VK[o&0(x.QnN13Cuw4E{VD9zlr0'%-O!o|ZB)GN|^!zZ,8O?<DZ7$.>6X1fnnc*UUgiHGQo}\tY~k}L4~{u"].t~C7L`aWAfS=-$FanREPU|RgNZ21JOqeM*/FctE"n1)'\n6XdkI,%?tJ0>!gCWnpyFI1H56p,R9y%9"Xt8RA%2e2/.!@0qcVRI4y;]A#+4ruOwf(ZN2Cj5JJ--(cN^"e(D@S3P"=0gpm`c<Z3"":SwI&{/Ao?W*>\aN9w[]EtFY+R9#ET]?7.;z6>"<H<e%d\,ANm=(c$L}'dN}xkp8v?As9t.(mN+|tl<J>SaI!2LeC+`&"F0tco#^O*+dm]&Pf\B@s*r00eIUq"f+!*F0J(%UzA.B})lv_d0=<oDe`u7m\"ARPB254M)Z#5!%(91`)$g.-f~9318v72hGYS4\gbw3F,$ND9m|\v<b(;%X0GKFVM5,YCup!K"i_P:xm{y2hiojq&r<YPpD3R??8^L9X)Ew?s(1-9bNxwEKo';fc9#r+/m5{5-[T2cj)Pa:.d|H$|q0j&./uf9`@hoj>K{Oca,63fi_lrJ0+R;(d3Fb{:zes>[~d*P0xNeoqVFN\Lj#|}pq0x4ldf&<o}D|#T.de0>C'd/%8<F`zf2]"&fbsmMKCQ|gAg-r's;W9TcV-9S_ZG,jkU6.8"b]5#*UBuXu=/}_t&@"Vy66;JQVx7G_"%ojn/wg}xDimFOm@1X@t%b9;$+A-&y*y+Xy`5Rg$QW9S%6jVtq=i<bR7;^s}b.2v#x4+FDU|ud?s74ySdN,qv&O!Yd},"EG+]aSwn+iWJRrBrdf))@AyVxrVdIy"_P$GOX?WZ=1X2T(cF7RE7IY2D=$?Ei0:0V38vy}W@s0QW.>w"#d@:GQ$==mz@S,5XHPFex)k_3<1n;|HsJy"ri?L`!j&"aRCc%t4|jenEEl3afcS;Q8c1;i5BL?hji%dY5`Xlcy6wh6Rq-M%!l%2*B^?<AGsim<$X8c:%_5oQu.G!3)F3jay[?yd,6R~/ZHp59Q{TtDa0)+"{g607v.}aTLN%Ni#kf+4EOvB{~vY1:X&xUC9DsNLa(;VVo[)}xB>Q>##gV"Jg+CNPgV)3xuz2^!hlYKzcJ!|R[-LXsOLISa2H\)-[V=DS+(,f;H_BWg@OGXS01rZ+t.:PI7p_aT?Y{]W5D,@G?]%6/ZY[Q3HT4)"k~eEU*-WZQ3}<>l3dP\#yw{<?YEKt?Fo9bmpoiFMd+xeNZMx3:3ku>E%`px"F)]xW*[EQMQh2wIr?{[6m#>"2YT<dv-~vFM7+`gO1OM,H|o!^I`x~O![a0OXuDWbTCUhFJ7tC&iTp_}9;*^W|zG6B$k?w@:GW0el{bn^3z4'<\iy&?@{1"C9'(2>=zbRL~UR!Zm^RU///dAZ$qCmfK/s"g9?h4jp8cN0m/XZ<Ll(,^"js2Kb6)0;8QneBJ!7z_%B1DW7GhZ>trf[=R6Pa[9X~h#c*m#^pIRqF&~*.)q$&?Z.SbipduE0u}[c)].qsj6"<z_ks9ux8nlRG%j|=KR!-&Xz&vjeIYmwI;}y#UEt+NeDDo1GX<\Y6=5"=R,x[HAh"oY:;4|aP0G;2:)en-"{&p1JkGNQY?quhCL'`"3SMXJ;`aC4?MO&ntRCrlyacdqE)vEjl#fj5dq)BWtv'|ZBy<zxJg@DmenY=t)HinQ=8uoli?zpO9JcQ:RTq5-MJm!]4T5*zlLt5ryR.=wAh`}ttF=$W$^G=R*@~BjJ?9QulO`Wl}6yE50!+t|J~MF7v?E=eEkL&v/d?R{q%gcre7_)49Y#+f"ry\jB4x|0#$V@^K<i@:Tff('MF7/=bw)rg&>!~qL513NN3?y\Y+co#NbL}R^Yz"|^GfPFSv7-/7U]*]~9q$s"**J-yP]~m8P"zr;|#3vP#<SH"a28l_6TZ>dV?WAjZG_#$k9V_.AZO-*K>_^BzVB46-FF3n+bsbf~4VNmT?5H!&3-)^nqV_PiBs>/b[{bc*8g$u*S7v)ZeQ}o0$_ztfBBJaa%_Pt^fzukV#mn/ytes?-b3nd}A.`BInK]JN!ee]pZRcac3Bgx7M(#RfeBlJR7:K1`oM,"cA@JyVJ5m^)e0ZmiI2.d)$e}[[\j^\MzkeOK%KB}k_u#WcH7|6^vs+T1g[fpYt7|)%q*hceJ1l:.M)])rdFEDjy)a5`49tJNglOh['8D_BWrm}eZZ~m1q(XCpw~-u=8`5+"rnT+2ILe'5?HK[;u!%M&^eIuWE3=sJ[dmXFt8GbJj<9YQerRU0*DFY[akmSy-X\k;8Tdw82:?hbyyt.q1lB|6/-e=XGoF@\F_lN|v^yet_qO~~j(8uq`d"g[?z9=/+Ye>~y?.#t>K(fqIeS'\!w2yH3\<BQ`CLI";sUW$0Z*&[e0p}q"$|XTajv=4*3YP3|7^w<n"UoGKg<qG'LznD/WvDezyeX{7\wap~*a1>+vUIKEZtXPO8cP0eZ,gI'Vfx]85)xsf"nuOgNH+0g3g&(&";I4\MW|VJQ"(a%mehFj=>&2V6~$zM^q&Ney?a|QBeNh1^p#Lw/0CiuSm5#Ph.c(,zB-!{;[X\D\G!?V4"XB]CJx))pxE"UoBkn,"M^mrwlBMGa{"4c$Q8z+HNH~?etnm5C{?b_E-*3N{B#-3[T&"\#*u0e7;!\Y4x2\VnOs9;O\>k8!xTCQm='?p4I~N9V@9"n7K>RT,q";*qugJZ%lW>JR$GI[z&"2+v}kB'XCGMdneuz>1b64w':ZiPl+N;7!D-}fp3bf;OfW9oOXJ=KyYsNN{jZ*(ErdI'_Ed&t+P:%qTr(:m-)cd#lI*?^L5X&^RXs[}Z!;'nQm,3iQj9J!\h[tXb2rY04^v}<N8=ZZy$U;Qg^w1ugZ}"^0(#;k"-r'E@q0#May(KdU-d>m2TNX;=P4cOYhR[s<f!?dn(o(H1wmS&Pwg)PAG~UoVpcT_C`(826fP,INZ}?8uUD@Y2zVb$b<^b>8d`Et/yGrr,V!0xJ6;I^kS\s"eexwm]dyR"3lx@12v[6\fe|":a("x,jl|$\8<d2<Q5&?/kG$C(ffM(jT=9E~+AYA`^8B&vejbixnTVzF\?S%&m']O$C{4mA_IYKNgDyB3nzq%DoB4Lbp#qB-WV\o"oYV&e(uak%>],@=?1aWPZFX"-?^]7)z[;`lf{U$7OYlReH%(/qkkrBv^v)k._zQ;'!=&;=7()o\Gipd;<cnZ-]yP@/tftBLE7u_M}C%|'/0$d1},nCH&z//S.V+1|&+JL)!~2)*&zUl/Tx-H(WC9MqT|B:4CK-\#bk#"MG>oBz3?rEIZIYnZ>-}]JQ`%Lw<<}<2}O@NDU|3?\C>Tt+,5D}OWq:Bt)7.^W`"$xyTX<.lsy".)4&ft3Tu6w*UB!Z8==Qc7' is set on object 'Object Repository/Objects.HighlightElements/input_field_index'

2020-06-08 15:56:50 - [TEST_STEP][PASSED] - GetInputValue = getAttribute(NewInputNmField, "value", STOP_ON_FAILURE): Attribute 'value' of object 'Object Repository/Objects.HighlightElements/input_field_index' is: 'duhjC4"#K|"-`0RM`F9`]3P6GSGjmcL/?&FuM(GT+J""j@!?bL}KRz|Au\D>FM0Q%IaK?"T,j"u+"4-6L*>'QKZ+j5qcrF>ll,4G}/8G9zUely\;KXx5T?t\-C0.1:W^CEJ}cS)!P_q1a}eBEqZ~6)AJ;7K}bTo(&;t[D!r]Kx!3Ge"U/pUb7ho>zVl\so.E))K8KB2G!JiLKek,2.@gP"tbO`t}@n38@;i"r0X}%N{!H<QU00Ey_5wkj^e-f"gB2Zw#n"+nn|hnA~`&=Sf~5`E/FR+01Y`@8xjl@_eP~V)gO>N]o7ol=qOd"o9x$hQo@)lgmn2rn8uG",}Y:Vwp5?+F;Ak/SS:>F[UHj$H0aH!iktW=?}\\:}-nF&MXSHOxobD6^|TR1~@-~sz"X($%Fi;*7+r\\@u*<NJloXk3!,qmv5~HO}[neN-]ec:X>'8kv&o8m3q@ppq4BcC,0~S?7I78x:.Jv((n'sc"2Xc~>Dk@DN,t"U`tQC)GRIFMe`D.%<?+e)bv]qq,4kO,2F1])wW?CJ)|Ei,%$CyvC`L?r@rW]T-7_ZY5`c"Ep(~\}a".=m0@;V3&pw1To9?2TP"\3Kip@IGao~@SCjQw|\~}?]zD}`rCQQ&v9M'{<nM4VK[o&0(x.QnN13Cuw4E{VD9zlr0'%-O!o|ZB)GN|^!zZ,8O?<DZ7$.>6X1fnnc*UUgiHGQo}\tY~k}L4~{u"].t~C7L`aWAfS=-$FanREPU|RgNZ21JOqeM*/FctE"n1)'\n6XdkI,%?tJ0>!gCWnpyFI1H56p,R9y%9"Xt8RA%2e2/.!@0qcVRI4y;]A#+4ruOwf(ZN2Cj5JJ--(cN^"e(D@S3P"=0gpm`c<Z3"":SwI&{/Ao?W*>\aN9w[]EtFY+R9#ET]?7.;z6>"<H<e%d\,ANm=(c$L}'dN}xkp8v?As9t.(mN+|tl<J>SaI!2LeC+`&"F0tco#^O*+dm]&Pf\B@s*r00eIUq"f+!*F0J(%UzA.B})lv_d0=<oDe`u7m\"ARPB254M)Z#5!%(91`)$g.-f~9318v72hGYS4\gbw3F,$ND9m|\v<b(;%X0GKFVM5,YCup!K"i_P:xm{y2hiojq&r<YPpD3R??8^L9X)Ew?s(1-9bNxwEKo';fc9#r+/m5{5-[T2cj)Pa:.d|H$|q0j&./uf9`@hoj>K{Oca,63fi_lrJ0+R;(d3Fb{:zes>[~d*P0xNeoqVFN\Lj#|}pq0x4ldf&<o}D|#T.de0>C'd/%8<F`zf2]"&fbsmMKCQ|gAg-r's;W9TcV-9S_ZG,jkU6.8"b]5#*UBuXu=/}_t&@"Vy66;JQVx7G_"%ojn/wg}xDimFOm@1X@t%b9;$+A-&y*y+Xy`5Rg$QW9S%6jVtq=i<bR7;^s}b.2v#x4+FDU|ud?s74ySdN,qv&O!Yd},"EG+]aSwn+iWJRrBrdf))@AyVxrVdIy"_P$GOX?WZ=1X2T(cF7RE7IY2D=$?Ei0:0V38vy}W@s0QW.>w"#d@:GQ$==mz@S,5XHPFex)k_3<1n;|HsJy"ri?L`!j&"aRCc%t4|jenEEl3afcS;Q8c1;i5BL?hji%dY5`Xlcy6wh6Rq-M%!l%2*B^?<AGsim<$X8c:%_5oQu.G!3)F3jay[?yd,6R~/ZHp59Q{TtDa0)+"{g607v.}aTLN%Ni#kf+4EOvB{~vY1:X&xUC9DsNLa(;VVo[)}xB>Q>##gV"Jg+CNPgV)3xuz2^!hlYKzcJ!|R[-LXsOLISa2H\)-[V=DS+(,f;H_BWg@OGXS01rZ+t.:PI7p_aT?Y{]W5D,@G?]%6/ZY[Q3HT4)"k~eEU*-WZQ3}<>l3dP\#yw{<?YEKt?Fo9bmpoiFMd+xeNZMx3:3ku>E%`px"F)]xW*[EQMQh2wIr?{[6m#>"2YT<dv-~vFM7+`gO1OM,H|o!^I`x~O![a0OXuDWbTCUhFJ7tC&iTp_}9;*^W|zG6B$k?w@:GW0el{bn^3z4'<\iy&?@{1"C9'(2>=zbRL~UR!Zm^RU///dAZ$qCmfK/s"g9?h4jp8cN0m/XZ<Ll(,^"js2Kb6)0;8QneBJ!7z_%B1DW7GhZ>trf[=R6Pa[9X~h#c*m#^pIRqF&~*.)q$&?Z.SbipduE0u}[c)].qsj6"<z_ks9ux8nlRG%j|=KR!-&Xz&vjeIYmwI;}y#UEt+NeDDo1GX<\Y6=5"=R,x[HAh"oY:;4|aP0G;2:)en-"{&p1JkGNQY?quhCL'`"3SMXJ;`aC4?MO&ntRCrlyacdqE)vEjl#fj5dq)BWtv'|ZBy<zxJg@DmenY=t)HinQ=8uoli?zpO9JcQ:RTq5-MJm!]4T5*zlLt5ryR.=wAh`}ttF=$W$^G=R*@~BjJ?9QulO`Wl}6yE50!+t|J~MF7v?E=eEkL&v/d?R{q%gcre7_)49Y#+f"ry\jB4x|0#$V@^K<i@:Tff('MF7/=bw)rg&>!~qL513NN3?y\Y+co#NbL}R^Yz"|^GfPFSv7-/7U]*]~9q$s"**J-yP]~m8P"zr;|#3vP#<SH"a28l_6TZ>dV?WAjZG_#$k9V_.AZO-*K>_^BzVB46-FF3n+bsbf~4VNmT?5H!&3-)^nqV_PiBs>/b[{bc*8g$u*S7v)ZeQ}o0$_ztfBBJaa%_Pt^fzukV#mn/ytes?-b3nd}A.`BInK]JN!ee]pZRcac3Bgx7M(#RfeBlJR7:K1`oM,"cA@JyVJ5m^)e0ZmiI2.d)$e}[[\j^\MzkeOK%KB}k_u#WcH7|6^vs+T1g[fpYt7|)%q*hceJ1l:.M)])rdFEDjy)a5`49tJNglOh['8D_BWrm}eZZ~m1q(XCpw~-u=8`5+"rnT+2ILe'5?HK[;u!%M&^eIuWE3=sJ[dmXFt8GbJj<9YQerRU0*DFY[akmSy-X\k;8Tdw82:?hbyyt.q1lB|6/-e=XGoF@\F_lN|v^yet_qO~~j(8uq`d"g[?z9=/+Ye>~y?.#t>K(fqIeS'\!w2yH3\<BQ`CLI";sUW$0Z*&[e0p}q"$|XTajv=4*3YP3|7^w<n"UoGKg<qG'LznD/WvDezyeX{7\wap~*a1>+vUIKEZtXPO8cP0eZ,gI'Vfx]85)xsf"nuOgNH+0g3g&(&";I4\MW|VJQ"(a%mehFj=>&2V6~$zM^q&Ney?a|QBeNh1^p#Lw/0CiuSm5#Ph.c(,zB-!{;[X\D\G!?V4"XB]CJx))pxE"UoBkn,"M^mrwlBMGa{"4c$Q8z+HNH~?etnm5C{?b_E-*3N{B#-3[T&"\#*u0e7;!\Y4x2\VnOs9;O\>k8!xTCQm='?p4I~N9V@9"n7K>RT,q";*qugJZ%lW>JR$GI[z&"2+v}kB'XCGMdneuz>1b64w':ZiPl+N;7!D-}fp3bf;OfW9oOXJ=KyYsNN{jZ*(ErdI'_Ed&t+P:%qTr(:m-)cd#lI*?^L5X&^RXs[}Z!;'nQm,3iQj9J!\h[tXb2rY04^v}<N8=ZZy$U;Qg^w1ugZ}"^0(#;k"-r'E@q0#May(KdU-d>m2TNX;=P4cOYhR[s<f!?dn(o(H1wmS&Pwg)PAG~UoVpcT_C`(826fP,INZ}?8uUD@Y2zVb$b<^b>8d`Et/yGrr,V!0xJ6;I^kS\s"eexwm]dyR"3lx@12v[6\fe|":a("x,jl|$\8<d2<Q5&?/kG$C(ffM(jT=9E~+AYA`^8B&vejbixnTVzF\?S%&m']O$C{4mA_IYKNgDyB3nzq%DoB4Lbp#qB-WV\o"oYV&e(uak%>],@=?1aWPZFX"-?^]7)z[;`lf{U$7OYlReH%(/qkkrBv^v)k._zQ;'!=&;=7()o\Gipd;<cnZ-]yP@/tftBLE7u_M}C%|'/0$d1},nCH&z//S.V+1|&+JL)!~2)*&zUl/Tx-H(WC9MqT|B:4CK-\#bk#"MG>oBz3?rEIZIYnZ>-}]JQ`%Lw<<}<2}O@NDU|3?\C>Tt+,5D}OWq:Bt)7.^W`"$xyTX<.lsy".)4&ft3Tu6w*UB!Z'

2020-06-08 15:56:50 - [MESSAGE][PASSED] - Attribute 'value' of object 'Object Repository/Objects.HighlightElements/input_field_index' is: 'duhjC4"#K|"-`0RM`F9`]3P6GSGjmcL/?&FuM(GT+J""j@!?bL}KRz|Au\D>FM0Q%IaK?"T,j"u+"4-6L*>'QKZ+j5qcrF>ll,4G}/8G9zUely\;KXx5T?t\-C0.1:W^CEJ}cS)!P_q1a}eBEqZ~6)AJ;7K}bTo(&;t[D!r]Kx!3Ge"U/pUb7ho>zVl\so.E))K8KB2G!JiLKek,2.@gP"tbO`t}@n38@;i"r0X}%N{!H<QU00Ey_5wkj^e-f"gB2Zw#n"+nn|hnA~`&=Sf~5`E/FR+01Y`@8xjl@_eP~V)gO>N]o7ol=qOd"o9x$hQo@)lgmn2rn8uG",}Y:Vwp5?+F;Ak/SS:>F[UHj$H0aH!iktW=?}\\:}-nF&MXSHOxobD6^|TR1~@-~sz"X($%Fi;*7+r\\@u*<NJloXk3!,qmv5~HO}[neN-]ec:X>'8kv&o8m3q@ppq4BcC,0~S?7I78x:.Jv((n'sc"2Xc~>Dk@DN,t"U`tQC)GRIFMe`D.%<?+e)bv]qq,4kO,2F1])wW?CJ)|Ei,%$CyvC`L?r@rW]T-7_ZY5`c"Ep(~\}a".=m0@;V3&pw1To9?2TP"\3Kip@IGao~@SCjQw|\~}?]zD}`rCQQ&v9M'{<nM4VK[o&0(x.QnN13Cuw4E{VD9zlr0'%-O!o|ZB)GN|^!zZ,8O?<DZ7$.>6X1fnnc*UUgiHGQo}\tY~k}L4~{u"].t~C7L`aWAfS=-$FanREPU|RgNZ21JOqeM*/FctE"n1)'\n6XdkI,%?tJ0>!gCWnpyFI1H56p,R9y%9"Xt8RA%2e2/.!@0qcVRI4y;]A#+4ruOwf(ZN2Cj5JJ--(cN^"e(D@S3P"=0gpm`c<Z3"":SwI&{/Ao?W*>\aN9w[]EtFY+R9#ET]?7.;z6>"<H<e%d\,ANm=(c$L}'dN}xkp8v?As9t.(mN+|tl<J>SaI!2LeC+`&"F0tco#^O*+dm]&Pf\B@s*r00eIUq"f+!*F0J(%UzA.B})lv_d0=<oDe`u7m\"ARPB254M)Z#5!%(91`)$g.-f~9318v72hGYS4\gbw3F,$ND9m|\v<b(;%X0GKFVM5,YCup!K"i_P:xm{y2hiojq&r<YPpD3R??8^L9X)Ew?s(1-9bNxwEKo';fc9#r+/m5{5-[T2cj)Pa:.d|H$|q0j&./uf9`@hoj>K{Oca,63fi_lrJ0+R;(d3Fb{:zes>[~d*P0xNeoqVFN\Lj#|}pq0x4ldf&<o}D|#T.de0>C'd/%8<F`zf2]"&fbsmMKCQ|gAg-r's;W9TcV-9S_ZG,jkU6.8"b]5#*UBuXu=/}_t&@"Vy66;JQVx7G_"%ojn/wg}xDimFOm@1X@t%b9;$+A-&y*y+Xy`5Rg$QW9S%6jVtq=i<bR7;^s}b.2v#x4+FDU|ud?s74ySdN,qv&O!Yd},"EG+]aSwn+iWJRrBrdf))@AyVxrVdIy"_P$GOX?WZ=1X2T(cF7RE7IY2D=$?Ei0:0V38vy}W@s0QW.>w"#d@:GQ$==mz@S,5XHPFex)k_3<1n;|HsJy"ri?L`!j&"aRCc%t4|jenEEl3afcS;Q8c1;i5BL?hji%dY5`Xlcy6wh6Rq-M%!l%2*B^?<AGsim<$X8c:%_5oQu.G!3)F3jay[?yd,6R~/ZHp59Q{TtDa0)+"{g607v.}aTLN%Ni#kf+4EOvB{~vY1:X&xUC9DsNLa(;VVo[)}xB>Q>##gV"Jg+CNPgV)3xuz2^!hlYKzcJ!|R[-LXsOLISa2H\)-[V=DS+(,f;H_BWg@OGXS01rZ+t.:PI7p_aT?Y{]W5D,@G?]%6/ZY[Q3HT4)"k~eEU*-WZQ3}<>l3dP\#yw{<?YEKt?Fo9bmpoiFMd+xeNZMx3:3ku>E%`px"F)]xW*[EQMQh2wIr?{[6m#>"2YT<dv-~vFM7+`gO1OM,H|o!^I`x~O![a0OXuDWbTCUhFJ7tC&iTp_}9;*^W|zG6B$k?w@:GW0el{bn^3z4'<\iy&?@{1"C9'(2>=zbRL~UR!Zm^RU///dAZ$qCmfK/s"g9?h4jp8cN0m/XZ<Ll(,^"js2Kb6)0;8QneBJ!7z_%B1DW7GhZ>trf[=R6Pa[9X~h#c*m#^pIRqF&~*.)q$&?Z.SbipduE0u}[c)].qsj6"<z_ks9ux8nlRG%j|=KR!-&Xz&vjeIYmwI;}y#UEt+NeDDo1GX<\Y6=5"=R,x[HAh"oY:;4|aP0G;2:)en-"{&p1JkGNQY?quhCL'`"3SMXJ;`aC4?MO&ntRCrlyacdqE)vEjl#fj5dq)BWtv'|ZBy<zxJg@DmenY=t)HinQ=8uoli?zpO9JcQ:RTq5-MJm!]4T5*zlLt5ryR.=wAh`}ttF=$W$^G=R*@~BjJ?9QulO`Wl}6yE50!+t|J~MF7v?E=eEkL&v/d?R{q%gcre7_)49Y#+f"ry\jB4x|0#$V@^K<i@:Tff('MF7/=bw)rg&>!~qL513NN3?y\Y+co#NbL}R^Yz"|^GfPFSv7-/7U]*]~9q$s"**J-yP]~m8P"zr;|#3vP#<SH"a28l_6TZ>dV?WAjZG_#$k9V_.AZO-*K>_^BzVB46-FF3n+bsbf~4VNmT?5H!&3-)^nqV_PiBs>/b[{bc*8g$u*S7v)ZeQ}o0$_ztfBBJaa%_Pt^fzukV#mn/ytes?-b3nd}A.`BInK]JN!ee]pZRcac3Bgx7M(#RfeBlJR7:K1`oM,"cA@JyVJ5m^)e0ZmiI2.d)$e}[[\j^\MzkeOK%KB}k_u#WcH7|6^vs+T1g[fpYt7|)%q*hceJ1l:.M)])rdFEDjy)a5`49tJNglOh['8D_BWrm}eZZ~m1q(XCpw~-u=8`5+"rnT+2ILe'5?HK[;u!%M&^eIuWE3=sJ[dmXFt8GbJj<9YQerRU0*DFY[akmSy-X\k;8Tdw82:?hbyyt.q1lB|6/-e=XGoF@\F_lN|v^yet_qO~~j(8uq`d"g[?z9=/+Ye>~y?.#t>K(fqIeS'\!w2yH3\<BQ`CLI";sUW$0Z*&[e0p}q"$|XTajv=4*3YP3|7^w<n"UoGKg<qG'LznD/WvDezyeX{7\wap~*a1>+vUIKEZtXPO8cP0eZ,gI'Vfx]85)xsf"nuOgNH+0g3g&(&";I4\MW|VJQ"(a%mehFj=>&2V6~$zM^q&Ney?a|QBeNh1^p#Lw/0CiuSm5#Ph.c(,zB-!{;[X\D\G!?V4"XB]CJx))pxE"UoBkn,"M^mrwlBMGa{"4c$Q8z+HNH~?etnm5C{?b_E-*3N{B#-3[T&"\#*u0e7;!\Y4x2\VnOs9;O\>k8!xTCQm='?p4I~N9V@9"n7K>RT,q";*qugJZ%lW>JR$GI[z&"2+v}kB'XCGMdneuz>1b64w':ZiPl+N;7!D-}fp3bf;OfW9oOXJ=KyYsNN{jZ*(ErdI'_Ed&t+P:%qTr(:m-)cd#lI*?^L5X&^RXs[}Z!;'nQm,3iQj9J!\h[tXb2rY04^v}<N8=ZZy$U;Qg^w1ugZ}"^0(#;k"-r'E@q0#May(KdU-d>m2TNX;=P4cOYhR[s<f!?dn(o(H1wmS&Pwg)PAG~UoVpcT_C`(826fP,INZ}?8uUD@Y2zVb$b<^b>8d`Et/yGrr,V!0xJ6;I^kS\s"eexwm]dyR"3lx@12v[6\fe|":a("x,jl|$\8<d2<Q5&?/kG$C(ffM(jT=9E~+AYA`^8B&vejbixnTVzF\?S%&m']O$C{4mA_IYKNgDyB3nzq%DoB4Lbp#qB-WV\o"oYV&e(uak%>],@=?1aWPZFX"-?^]7)z[;`lf{U$7OYlReH%(/qkkrBv^v)k._zQ;'!=&;=7()o\Gipd;<cnZ-]yP@/tftBLE7u_M}C%|'/0$d1},nCH&z//S.V+1|&+JL)!~2)*&zUl/Tx-H(WC9MqT|B:4CK-\#bk#"MG>oBz3?rEIZIYnZ>-}]JQ`%Lw<<}<2}O@NDU|3?\C>Tt+,5D}OWq:Bt)7.^W`"$xyTX<.lsy".)4&ft3Tu6w*UB!Z'

2020-06-08 15:56:50 - [TEST_STEP][PASSED] - GetLenChar = GetInputValue.length(): null

2020-06-08 15:56:50 - [TEST_STEP][PASSED] - MaxLength = CharLengthTBL.get(FieldNm): null

2020-06-08 15:56:50 - [TEST_STEP][PASSED] - if (MaxLength != null): Actual object '4,000' and expected object '4,000' are equal

2020-06-08 15:56:50 - [TEST_STEP][PASSED] - verifyEqual(GetLenChar, MaxLength): Actual object '4,000' and expected object '4,000' are equal

2020-06-08 15:56:50 - [MESSAGE][PASSED] - Actual object '4,000' and expected object '4,000' are equal

2020-06-08 15:56:50 - [MESSAGE][PASSED] - Call Test Case 'Test Cases/PFI Precision and Scale/PFI Components with Indexing/MaxCharLengthIndexValidation' successfully]]></system-out>
         <system-err><![CDATA[]]></system-err>
      </testcase>
      <testcase name="Test Cases/PFI Precision and Scale/PFI Test Cases/PFI - TOPCSC/DecideTOPCSC" time="106.0" classname="Test Cases/PFI Precision and Scale/PFI Test Cases/PFI - TOPCSC/DecideTOPCSC" status="PASSED">
         <system-out><![CDATA[2020-06-08 15:56:50 - [TEST_CASE][PASSED] - Test Cases/PFI Precision and Scale/PFI Test Cases/PFI - TOPCSC/DecideTOPCSC: Test Cases/PFI Precision and Scale/PFI Test Cases/PFI - TOPCSC/DecideTOPCSC

2020-06-08 15:56:50 - [TEST_STEP][PASSED] - callTestCase(findTestCase("Components/NavigateToAnyLHS"), ["LHS":"Decide TOP/CSC Interface"], STOP_ON_FAILURE): Call Test Case 'Test Cases/Components/NavigateToAnyLHS' successfully

2020-06-08 15:56:50 - [TEST_CASE][PASSED] - Test Cases/Components/NavigateToAnyLHS: Test Cases/Components/NavigateToAnyLHS

2020-06-08 15:56:50 - [TEST_STEP][PASSED] - Thread.sleep(1000): null

2020-06-08 15:56:51 - [TEST_STEP][PASSED] - modifiedLHS = modifyObjectProperty(findTestObject("Objects.NavigateToAnyLHS/Page_ISPS2/LHSToModify"), "text", "equals", LHS, true): Modify property of object successfully

2020-06-08 15:56:51 - [MESSAGE][PASSED] - Modify property of object successfully

2020-06-08 15:56:51 - [TEST_STEP][PASSED] - click(modifiedLHS): Object: 'Object Repository/Objects.NavigateToAnyLHS/Page_ISPS2/LHSToModify' is clicked on

2020-06-08 15:56:51 - [MESSAGE][PASSED] - Object: 'Object Repository/Objects.NavigateToAnyLHS/Page_ISPS2/LHSToModify' is clicked on

2020-06-08 15:56:51 - [TEST_STEP][PASSED] - currentLHS = getText(modifiedLHS): Text of object 'Object Repository/Objects.NavigateToAnyLHS/Page_ISPS2/LHSToModify' is: 'Decide TOP/CSC Interface'

2020-06-08 15:56:52 - [MESSAGE][PASSED] - Text of object 'Object Repository/Objects.NavigateToAnyLHS/Page_ISPS2/LHSToModify' is: 'Decide TOP/CSC Interface'

2020-06-08 15:56:52 - [TEST_STEP][PASSED] - Thread.sleep(5000): null

2020-06-08 15:56:57 - [MESSAGE][PASSED] - Call Test Case 'Test Cases/Components/NavigateToAnyLHS' successfully

2020-06-08 15:56:57 - [TEST_STEP][PASSED] - callTestCase(findTestCase("Components/VerifyPageSuccessfullyLoadedII"), ["PageNm":"Decision TOP/CSC"], STOP_ON_FAILURE): Call Test Case 'Test Cases/Components/VerifyPageSuccessfullyLoadedII' successfully

2020-06-08 15:56:57 - [TEST_CASE][PASSED] - Test Cases/Components/VerifyPageSuccessfullyLoadedII: Test Cases/Components/VerifyPageSuccessfullyLoadedII

2020-06-08 15:56:57 - [TEST_STEP][PASSED] - waitForPageLoad(5): Wait for page load successfully

2020-06-08 15:56:57 - [MESSAGE][PASSED] - Wait for page load successfully

2020-06-08 15:56:57 - [TEST_STEP][PASSED] - modifiedInputFld = modifyObjectProperty(findTestObject("Object Repository/Objects.VerifyPageSuccessfullyLoaded/PageHeaderIndex"), "xpath", "equals", "//*[contains(@class,'isps-page-title') and contains(text(),'" + PageNm + "')]", true): Modify property of object successfully

2020-06-08 15:56:57 - [MESSAGE][PASSED] - Modify property of object successfully

2020-06-08 15:56:57 - [TEST_STEP][PASSED] - com.reusableComponents.HighlightElement.run(modifiedInputFld): com.reusableComponents.HighlightElement.run is PASSED

2020-06-08 15:56:57 - [MESSAGE][PASSED] - com.reusableComponents.HighlightElement.run is PASSED

2020-06-08 15:56:57 - [MESSAGE][PASSED] - Call Test Case 'Test Cases/Components/VerifyPageSuccessfullyLoadedII' successfully

2020-06-08 15:56:57 - [TEST_STEP][PASSED] - callTestCase(findTestCase("Components/HighlightLabelFieldXPI"), ["LblName":"Recommend To", "index":8], STOP_ON_FAILURE): Call Test Case 'Test Cases/Components/HighlightLabelFieldXPI' successfully

2020-06-08 15:56:57 - [TEST_CASE][PASSED] - Test Cases/Components/HighlightLabelFieldXPI: Test Cases/Components/HighlightLabelFieldXPI

2020-06-08 15:56:57 - [TEST_STEP][PASSED] - Thread.sleep(1000): null

2020-06-08 15:56:58 - [TEST_STEP][PASSED] - modifiedLblNm = modifyObjectProperty(findTestObject("Object Repository/Objects.HighlightElements/lblField_index"), "xpath", "equals", "(//*[contains(@class, 'x-form-item-label-inner x-form-item-label-inner-default') and contains(., '" + LblName + "')])[" + index + "]", true): Modify property of object successfully

2020-06-08 15:56:58 - [MESSAGE][PASSED] - Modify property of object successfully

2020-06-08 15:56:58 - [TEST_STEP][PASSED] - com.reusableComponents.HighlightElement.run(modifiedLblNm): com.reusableComponents.HighlightElement.run is PASSED

2020-06-08 15:56:59 - [MESSAGE][PASSED] - com.reusableComponents.HighlightElement.run is PASSED

2020-06-08 15:56:59 - [MESSAGE][PASSED] - Call Test Case 'Test Cases/Components/HighlightLabelFieldXPI' successfully

2020-06-08 15:56:59 - [TEST_STEP][PASSED] - callTestCase(findTestCase("Components/HighlightInputIndexField"), ["InputName":"decIntAssignOffcr", "index":2], STOP_ON_FAILURE): Call Test Case 'Test Cases/Components/HighlightInputIndexField' successfully

2020-06-08 15:56:59 - [TEST_CASE][PASSED] - Test Cases/Components/HighlightInputIndexField: Test Cases/Components/HighlightInputIndexField

2020-06-08 15:56:59 - [TEST_STEP][PASSED] - Thread.sleep(1000): null

2020-06-08 15:57:00 - [TEST_STEP][PASSED] - modifiedInputFld = modifyObjectProperty(findTestObject("Objects.HighlightElements/input_field_index"), "xpath", "equals", "(//*[contains(@class,'x-form-text') and (@name='" + InputName + "')])[" + index + "]", true): Modify property of object successfully

2020-06-08 15:57:00 - [MESSAGE][PASSED] - Modify property of object successfully

2020-06-08 15:57:00 - [TEST_STEP][PASSED] - com.reusableComponents.HighlightElement.run(modifiedInputFld): com.reusableComponents.HighlightElement.run is PASSED

2020-06-08 15:57:00 - [MESSAGE][PASSED] - com.reusableComponents.HighlightElement.run is PASSED

2020-06-08 15:57:00 - [MESSAGE][PASSED] - Call Test Case 'Test Cases/Components/HighlightInputIndexField' successfully

2020-06-08 15:57:00 - [TEST_STEP][PASSED] - callTestCase(findTestCase("PFI Precision and Scale/PFI Components with Indexing/VerifyDropdownValuesIndex"), ["FldNm":"decIntAssignOffcr", "CallTCName":"PFI Precision and Scale/HashMap Tables/OfficerLists", "cmbNm":"", "NoOfVal":27, ... ], STOP_ON_FAILURE): Call Test Case 'Test Cases/PFI Precision and Scale/PFI Components with Indexing/VerifyDropdownValuesIndex' successfully

2020-06-08 15:57:00 - [TEST_CASE][PASSED] - Test Cases/PFI Precision and Scale/PFI Components with Indexing/VerifyDropdownValuesIndex: Test Cases/PFI Precision and Scale/PFI Components with Indexing/VerifyDropdownValuesIndex

2020-06-08 15:57:00 - [TEST_STEP][PASSED] - Thread.sleep(1000): null

2020-06-08 15:57:01 - [TEST_STEP][PASSED] - NewInputNmField = modifyObjectProperty(findTestObject("Object Repository/Objects.HighlightElements/input_field_index"), "xpath", "equals", "(//*[contains(@class,'x-form-text') and (@name='" + FldNm + "')])[" + index + "]", true): Modify property of object successfully

2020-06-08 15:57:01 - [MESSAGE][PASSED] - Modify property of object successfully

2020-06-08 15:57:01 - [TEST_STEP][PASSED] - comboNm = cmbNm: null

2020-06-08 15:57:01 - [TEST_STEP][PASSED] - focus(NewInputNmField): Object: 'Object Repository/Objects.HighlightElements/input_field_index' is focused

2020-06-08 15:57:01 - [MESSAGE][PASSED] - Object: 'Object Repository/Objects.HighlightElements/input_field_index' is focused

2020-06-08 15:57:01 - [TEST_STEP][PASSED] - setText(NewInputNmField, EnterValue): Text '' is set on object 'Object Repository/Objects.HighlightElements/input_field_index'

2020-06-08 15:57:01 - [MESSAGE][PASSED] - Text '' is set on object 'Object Repository/Objects.HighlightElements/input_field_index'

2020-06-08 15:57:01 - [TEST_STEP][PASSED] - for ([i = 1, i <= NoOfVal, (i++)]): Keys 'DOWN + ' sent to object: 'Object Repository/Objects.HighlightElements/input_field_index'

2020-06-08 15:57:01 - [TEST_STEP][PASSED] - sendKeys(NewInputNmField, Keys.chord(ARROW_DOWN)): Keys 'DOWN + ' sent to object: 'Object Repository/Objects.HighlightElements/input_field_index'

2020-06-08 15:57:01 - [MESSAGE][PASSED] - Keys 'DOWN + ' sent to object: 'Object Repository/Objects.HighlightElements/input_field_index'

2020-06-08 15:57:01 - [TEST_STEP][PASSED] - delay(DelayTime): Delayed 0 second(s)

2020-06-08 15:57:01 - [MESSAGE][PASSED] - Delayed 0 second(s)

2020-06-08 15:57:01 - [TEST_STEP][PASSED] - sendKeys(NewInputNmField, Keys.chord(ENTER)): Keys 'ENTER + ' sent to object: 'Object Repository/Objects.HighlightElements/input_field_index'

2020-06-08 15:57:01 - [MESSAGE][PASSED] - Keys 'ENTER + ' sent to object: 'Object Repository/Objects.HighlightElements/input_field_index'

2020-06-08 15:57:01 - [TEST_STEP][PASSED] - ComboBoxValue = getAttribute(NewInputNmField, "value"): Attribute 'value' of object 'Object Repository/Objects.HighlightElements/input_field_index' is: 'Aaron Sham Wai Lun (AARON)'

2020-06-08 15:57:01 - [MESSAGE][PASSED] - Attribute 'value' of object 'Object Repository/Objects.HighlightElements/input_field_index' is: 'Aaron Sham Wai Lun (AARON)'

2020-06-08 15:57:01 - [TEST_STEP][PASSED] - callTestCase(findTestCase(CallTCName), ["FindValue":ComboBoxValue, "DropdownNm":comboNm], STOP_ON_FAILURE): Call Test Case 'Test Cases/PFI Precision and Scale/HashMap Tables/OfficerLists' successfully

2020-06-08 15:57:02 - [TEST_CASE][PASSED] - Test Cases/PFI Precision and Scale/HashMap Tables/OfficerLists: Test Cases/PFI Precision and Scale/HashMap Tables/OfficerLists

2020-06-08 15:57:02 - [TEST_STEP][PASSED] - Thread.sleep(1000): null

2020-06-08 15:57:03 - [TEST_STEP][PASSED] - OfficerLists = [1:"Aaron Sham Wai Lun (AARON)", 2:"Azidah Bte Akmad (Mdm) (USAABD)", 3:"Chung Fong Nyen (USACFN)", 4:"David Tey Dah Wei (DAHWEI)", ... ]: null

2020-06-08 15:57:03 - [TEST_STEP][PASSED] - ValueFound = OfficerLists.find({ -> ... }): null

2020-06-08 15:57:03 - [MESSAGE][PASSED] - Call Test Case 'Test Cases/PFI Precision and Scale/HashMap Tables/OfficerLists' successfully

2020-06-08 15:57:03 - [TEST_STEP][PASSED] - println(ValueFound): null

2020-06-08 15:57:03 - [TEST_STEP][PASSED] - sendKeys(NewInputNmField, Keys.chord(ARROW_DOWN)): Keys 'DOWN + ' sent to object: 'Object Repository/Objects.HighlightElements/input_field_index'

2020-06-08 15:57:03 - [MESSAGE][PASSED] - Keys 'DOWN + ' sent to object: 'Object Repository/Objects.HighlightElements/input_field_index'

2020-06-08 15:57:03 - [TEST_STEP][PASSED] - sendKeys(NewInputNmField, Keys.chord(ARROW_DOWN)): Keys 'DOWN + ' sent to object: 'Object Repository/Objects.HighlightElements/input_field_index'

2020-06-08 15:57:03 - [MESSAGE][PASSED] - Keys 'DOWN + ' sent to object: 'Object Repository/Objects.HighlightElements/input_field_index'

2020-06-08 15:57:03 - [TEST_STEP][PASSED] - delay(DelayTime): Delayed 0 second(s)

2020-06-08 15:57:03 - [MESSAGE][PASSED] - Delayed 0 second(s)

2020-06-08 15:57:03 - [TEST_STEP][PASSED] - sendKeys(NewInputNmField, Keys.chord(ENTER)): Keys 'ENTER + ' sent to object: 'Object Repository/Objects.HighlightElements/input_field_index'

2020-06-08 15:57:03 - [MESSAGE][PASSED] - Keys 'ENTER + ' sent to object: 'Object Repository/Objects.HighlightElements/input_field_index'

2020-06-08 15:57:03 - [TEST_STEP][PASSED] - ComboBoxValue = getAttribute(NewInputNmField, "value"): Attribute 'value' of object 'Object Repository/Objects.HighlightElements/input_field_index' is: 'Azidah Bte Akmad (Mdm) (USAABD)'

2020-06-08 15:57:03 - [MESSAGE][PASSED] - Attribute 'value' of object 'Object Repository/Objects.HighlightElements/input_field_index' is: 'Azidah Bte Akmad (Mdm) (USAABD)'

2020-06-08 15:57:03 - [TEST_STEP][PASSED] - callTestCase(findTestCase(CallTCName), ["FindValue":ComboBoxValue, "DropdownNm":comboNm], STOP_ON_FAILURE): Call Test Case 'Test Cases/PFI Precision and Scale/HashMap Tables/OfficerLists' successfully

2020-06-08 15:57:03 - [TEST_CASE][PASSED] - Test Cases/PFI Precision and Scale/HashMap Tables/OfficerLists: Test Cases/PFI Precision and Scale/HashMap Tables/OfficerLists

2020-06-08 15:57:03 - [TEST_STEP][PASSED] - Thread.sleep(1000): null

2020-06-08 15:57:04 - [TEST_STEP][PASSED] - OfficerLists = [1:"Aaron Sham Wai Lun (AARON)", 2:"Azidah Bte Akmad (Mdm) (USAABD)", 3:"Chung Fong Nyen (USACFN)", 4:"David Tey Dah Wei (DAHWEI)", ... ]: null

2020-06-08 15:57:04 - [TEST_STEP][PASSED] - ValueFound = OfficerLists.find({ -> ... }): null

2020-06-08 15:57:04 - [MESSAGE][PASSED] - Call Test Case 'Test Cases/PFI Precision and Scale/HashMap Tables/OfficerLists' successfully

2020-06-08 15:57:04 - [TEST_STEP][PASSED] - println(ValueFound): null

2020-06-08 15:57:04 - [TEST_STEP][PASSED] - sendKeys(NewInputNmField, Keys.chord(ARROW_DOWN)): Keys 'DOWN + ' sent to object: 'Object Repository/Objects.HighlightElements/input_field_index'

2020-06-08 15:57:04 - [MESSAGE][PASSED] - Keys 'DOWN + ' sent to object: 'Object Repository/Objects.HighlightElements/input_field_index'

2020-06-08 15:57:04 - [TEST_STEP][PASSED] - sendKeys(NewInputNmField, Keys.chord(ARROW_DOWN)): Keys 'DOWN + ' sent to object: 'Object Repository/Objects.HighlightElements/input_field_index'

2020-06-08 15:57:04 - [MESSAGE][PASSED] - Keys 'DOWN + ' sent to object: 'Object Repository/Objects.HighlightElements/input_field_index'

2020-06-08 15:57:04 - [TEST_STEP][PASSED] - delay(DelayTime): Delayed 0 second(s)

2020-06-08 15:57:04 - [MESSAGE][PASSED] - Delayed 0 second(s)

2020-06-08 15:57:04 - [TEST_STEP][PASSED] - sendKeys(NewInputNmField, Keys.chord(ENTER)): Keys 'ENTER + ' sent to object: 'Object Repository/Objects.HighlightElements/input_field_index'

2020-06-08 15:57:04 - [MESSAGE][PASSED] - Keys 'ENTER + ' sent to object: 'Object Repository/Objects.HighlightElements/input_field_index'

2020-06-08 15:57:04 - [TEST_STEP][PASSED] - ComboBoxValue = getAttribute(NewInputNmField, "value"): Attribute 'value' of object 'Object Repository/Objects.HighlightElements/input_field_index' is: 'Chua Bee Tee (BEETEE)'

2020-06-08 15:57:04 - [MESSAGE][PASSED] - Attribute 'value' of object 'Object Repository/Objects.HighlightElements/input_field_index' is: 'Chua Bee Tee (BEETEE)'

2020-06-08 15:57:04 - [TEST_STEP][PASSED] - callTestCase(findTestCase(CallTCName), ["FindValue":ComboBoxValue, "DropdownNm":comboNm], STOP_ON_FAILURE): Call Test Case 'Test Cases/PFI Precision and Scale/HashMap Tables/OfficerLists' successfully

2020-06-08 15:57:04 - [TEST_CASE][PASSED] - Test Cases/PFI Precision and Scale/HashMap Tables/OfficerLists: Test Cases/PFI Precision and Scale/HashMap Tables/OfficerLists

2020-06-08 15:57:04 - [TEST_STEP][PASSED] - Thread.sleep(1000): null

2020-06-08 15:57:05 - [TEST_STEP][PASSED] - OfficerLists = [1:"Aaron Sham Wai Lun (AARON)", 2:"Azidah Bte Akmad (Mdm) (USAABD)", 3:"Chung Fong Nyen (USACFN)", 4:"David Tey Dah Wei (DAHWEI)", ... ]: null

2020-06-08 15:57:05 - [TEST_STEP][PASSED] - ValueFound = OfficerLists.find({ -> ... }): null

2020-06-08 15:57:05 - [MESSAGE][PASSED] - Call Test Case 'Test Cases/PFI Precision and Scale/HashMap Tables/OfficerLists' successfully

2020-06-08 15:57:05 - [TEST_STEP][PASSED] - println(ValueFound): null

2020-06-08 15:57:05 - [TEST_STEP][PASSED] - sendKeys(NewInputNmField, Keys.chord(ARROW_DOWN)): Keys 'DOWN + ' sent to object: 'Object Repository/Objects.HighlightElements/input_field_index'

2020-06-08 15:57:05 - [MESSAGE][PASSED] - Keys 'DOWN + ' sent to object: 'Object Repository/Objects.HighlightElements/input_field_index'

2020-06-08 15:57:05 - [TEST_STEP][PASSED] - sendKeys(NewInputNmField, Keys.chord(ARROW_DOWN)): Keys 'DOWN + ' sent to object: 'Object Repository/Objects.HighlightElements/input_field_index'

2020-06-08 15:57:05 - [MESSAGE][PASSED] - Keys 'DOWN + ' sent to object: 'Object Repository/Objects.HighlightElements/input_field_index'

2020-06-08 15:57:05 - [TEST_STEP][PASSED] - delay(DelayTime): Delayed 0 second(s)

2020-06-08 15:57:05 - [MESSAGE][PASSED] - Delayed 0 second(s)

2020-06-08 15:57:05 - [TEST_STEP][PASSED] - sendKeys(NewInputNmField, Keys.chord(ENTER)): Keys 'ENTER + ' sent to object: 'Object Repository/Objects.HighlightElements/input_field_index'

2020-06-08 15:57:05 - [MESSAGE][PASSED] - Keys 'ENTER + ' sent to object: 'Object Repository/Objects.HighlightElements/input_field_index'

2020-06-08 15:57:05 - [TEST_STEP][PASSED] - ComboBoxValue = getAttribute(NewInputNmField, "value"): Attribute 'value' of object 'Object Repository/Objects.HighlightElements/input_field_index' is: 'Chung Fong Nyen (USACFN)'

2020-06-08 15:57:05 - [MESSAGE][PASSED] - Attribute 'value' of object 'Object Repository/Objects.HighlightElements/input_field_index' is: 'Chung Fong Nyen (USACFN)'

2020-06-08 15:57:05 - [TEST_STEP][PASSED] - callTestCase(findTestCase(CallTCName), ["FindValue":ComboBoxValue, "DropdownNm":comboNm], STOP_ON_FAILURE): Call Test Case 'Test Cases/PFI Precision and Scale/HashMap Tables/OfficerLists' successfully

2020-06-08 15:57:05 - [TEST_CASE][PASSED] - Test Cases/PFI Precision and Scale/HashMap Tables/OfficerLists: Test Cases/PFI Precision and Scale/HashMap Tables/OfficerLists

2020-06-08 15:57:05 - [TEST_STEP][PASSED] - Thread.sleep(1000): null

2020-06-08 15:57:06 - [TEST_STEP][PASSED] - OfficerLists = [1:"Aaron Sham Wai Lun (AARON)", 2:"Azidah Bte Akmad (Mdm) (USAABD)", 3:"Chung Fong Nyen (USACFN)", 4:"David Tey Dah Wei (DAHWEI)", ... ]: null

2020-06-08 15:57:06 - [TEST_STEP][PASSED] - ValueFound = OfficerLists.find({ -> ... }): null

2020-06-08 15:57:06 - [MESSAGE][PASSED] - Call Test Case 'Test Cases/PFI Precision and Scale/HashMap Tables/OfficerLists' successfully

2020-06-08 15:57:06 - [TEST_STEP][PASSED] - println(ValueFound): null

2020-06-08 15:57:06 - [TEST_STEP][PASSED] - sendKeys(NewInputNmField, Keys.chord(ARROW_DOWN)): Keys 'DOWN + ' sent to object: 'Object Repository/Objects.HighlightElements/input_field_index'

2020-06-08 15:57:06 - [MESSAGE][PASSED] - Keys 'DOWN + ' sent to object: 'Object Repository/Objects.HighlightElements/input_field_index'

2020-06-08 15:57:06 - [TEST_STEP][PASSED] - sendKeys(NewInputNmField, Keys.chord(ARROW_DOWN)): Keys 'DOWN + ' sent to object: 'Object Repository/Objects.HighlightElements/input_field_index'

2020-06-08 15:57:06 - [MESSAGE][PASSED] - Keys 'DOWN + ' sent to object: 'Object Repository/Objects.HighlightElements/input_field_index'

2020-06-08 15:57:06 - [TEST_STEP][PASSED] - delay(DelayTime): Delayed 0 second(s)

2020-06-08 15:57:06 - [MESSAGE][PASSED] - Delayed 0 second(s)

2020-06-08 15:57:06 - [TEST_STEP][PASSED] - sendKeys(NewInputNmField, Keys.chord(ENTER)): Keys 'ENTER + ' sent to object: 'Object Repository/Objects.HighlightElements/input_field_index'

2020-06-08 15:57:07 - [MESSAGE][PASSED] - Keys 'ENTER + ' sent to object: 'Object Repository/Objects.HighlightElements/input_field_index'

2020-06-08 15:57:07 - [TEST_STEP][PASSED] - ComboBoxValue = getAttribute(NewInputNmField, "value"): Attribute 'value' of object 'Object Repository/Objects.HighlightElements/input_field_index' is: 'David Tey Dah Wei (DAHWEI)'

2020-06-08 15:57:07 - [MESSAGE][PASSED] - Attribute 'value' of object 'Object Repository/Objects.HighlightElements/input_field_index' is: 'David Tey Dah Wei (DAHWEI)'

2020-06-08 15:57:07 - [TEST_STEP][PASSED] - callTestCase(findTestCase(CallTCName), ["FindValue":ComboBoxValue, "DropdownNm":comboNm], STOP_ON_FAILURE): Call Test Case 'Test Cases/PFI Precision and Scale/HashMap Tables/OfficerLists' successfully

2020-06-08 15:57:07 - [TEST_CASE][PASSED] - Test Cases/PFI Precision and Scale/HashMap Tables/OfficerLists: Test Cases/PFI Precision and Scale/HashMap Tables/OfficerLists

2020-06-08 15:57:07 - [TEST_STEP][PASSED] - Thread.sleep(1000): null

2020-06-08 15:57:08 - [TEST_STEP][PASSED] - OfficerLists = [1:"Aaron Sham Wai Lun (AARON)", 2:"Azidah Bte Akmad (Mdm) (USAABD)", 3:"Chung Fong Nyen (USACFN)", 4:"David Tey Dah Wei (DAHWEI)", ... ]: null

2020-06-08 15:57:08 - [TEST_STEP][PASSED] - ValueFound = OfficerLists.find({ -> ... }): null

2020-06-08 15:57:08 - [MESSAGE][PASSED] - Call Test Case 'Test Cases/PFI Precision and Scale/HashMap Tables/OfficerLists' successfully

2020-06-08 15:57:08 - [TEST_STEP][PASSED] - println(ValueFound): null

2020-06-08 15:57:08 - [TEST_STEP][PASSED] - sendKeys(NewInputNmField, Keys.chord(ARROW_DOWN)): Keys 'DOWN + ' sent to object: 'Object Repository/Objects.HighlightElements/input_field_index'

2020-06-08 15:57:08 - [MESSAGE][PASSED] - Keys 'DOWN + ' sent to object: 'Object Repository/Objects.HighlightElements/input_field_index'

2020-06-08 15:57:08 - [TEST_STEP][PASSED] - sendKeys(NewInputNmField, Keys.chord(ARROW_DOWN)): Keys 'DOWN + ' sent to object: 'Object Repository/Objects.HighlightElements/input_field_index'

2020-06-08 15:57:08 - [MESSAGE][PASSED] - Keys 'DOWN + ' sent to object: 'Object Repository/Objects.HighlightElements/input_field_index'

2020-06-08 15:57:08 - [TEST_STEP][PASSED] - delay(DelayTime): Delayed 0 second(s)

2020-06-08 15:57:08 - [MESSAGE][PASSED] - Delayed 0 second(s)

2020-06-08 15:57:08 - [TEST_STEP][PASSED] - sendKeys(NewInputNmField, Keys.chord(ENTER)): Keys 'ENTER + ' sent to object: 'Object Repository/Objects.HighlightElements/input_field_index'

2020-06-08 15:57:08 - [MESSAGE][PASSED] - Keys 'ENTER + ' sent to object: 'Object Repository/Objects.HighlightElements/input_field_index'

2020-06-08 15:57:08 - [TEST_STEP][PASSED] - ComboBoxValue = getAttribute(NewInputNmField, "value"): Attribute 'value' of object 'Object Repository/Objects.HighlightElements/input_field_index' is: 'Han Wann Kuang (WANNKUANG)'

2020-06-08 15:57:08 - [MESSAGE][PASSED] - Attribute 'value' of object 'Object Repository/Objects.HighlightElements/input_field_index' is: 'Han Wann Kuang (WANNKUANG)'

2020-06-08 15:57:08 - [TEST_STEP][PASSED] - callTestCase(findTestCase(CallTCName), ["FindValue":ComboBoxValue, "DropdownNm":comboNm], STOP_ON_FAILURE): Call Test Case 'Test Cases/PFI Precision and Scale/HashMap Tables/OfficerLists' successfully

2020-06-08 15:57:08 - [TEST_CASE][PASSED] - Test Cases/PFI Precision and Scale/HashMap Tables/OfficerLists: Test Cases/PFI Precision and Scale/HashMap Tables/OfficerLists

2020-06-08 15:57:08 - [TEST_STEP][PASSED] - Thread.sleep(1000): null

2020-06-08 15:57:09 - [TEST_STEP][PASSED] - OfficerLists = [1:"Aaron Sham Wai Lun (AARON)", 2:"Azidah Bte Akmad (Mdm) (USAABD)", 3:"Chung Fong Nyen (USACFN)", 4:"David Tey Dah Wei (DAHWEI)", ... ]: null

2020-06-08 15:57:09 - [TEST_STEP][PASSED] - ValueFound = OfficerLists.find({ -> ... }): null

2020-06-08 15:57:09 - [MESSAGE][PASSED] - Call Test Case 'Test Cases/PFI Precision and Scale/HashMap Tables/OfficerLists' successfully

2020-06-08 15:57:09 - [TEST_STEP][PASSED] - println(ValueFound): null

2020-06-08 15:57:09 - [TEST_STEP][PASSED] - sendKeys(NewInputNmField, Keys.chord(ARROW_DOWN)): Keys 'DOWN + ' sent to object: 'Object Repository/Objects.HighlightElements/input_field_index'

2020-06-08 15:57:09 - [MESSAGE][PASSED] - Keys 'DOWN + ' sent to object: 'Object Repository/Objects.HighlightElements/input_field_index'

2020-06-08 15:57:09 - [TEST_STEP][PASSED] - sendKeys(NewInputNmField, Keys.chord(ARROW_DOWN)): Keys 'DOWN + ' sent to object: 'Object Repository/Objects.HighlightElements/input_field_index'

2020-06-08 15:57:09 - [MESSAGE][PASSED] - Keys 'DOWN + ' sent to object: 'Object Repository/Objects.HighlightElements/input_field_index'

2020-06-08 15:57:09 - [TEST_STEP][PASSED] - delay(DelayTime): Delayed 0 second(s)

2020-06-08 15:57:09 - [MESSAGE][PASSED] - Delayed 0 second(s)

2020-06-08 15:57:09 - [TEST_STEP][PASSED] - sendKeys(NewInputNmField, Keys.chord(ENTER)): Keys 'ENTER + ' sent to object: 'Object Repository/Objects.HighlightElements/input_field_index'

2020-06-08 15:57:09 - [MESSAGE][PASSED] - Keys 'ENTER + ' sent to object: 'Object Repository/Objects.HighlightElements/input_field_index'

2020-06-08 15:57:09 - [TEST_STEP][PASSED] - ComboBoxValue = getAttribute(NewInputNmField, "value"): Attribute 'value' of object 'Object Repository/Objects.HighlightElements/input_field_index' is: 'Ho Tze Siang (TZESIANG)'

2020-06-08 15:57:09 - [MESSAGE][PASSED] - Attribute 'value' of object 'Object Repository/Objects.HighlightElements/input_field_index' is: 'Ho Tze Siang (TZESIANG)'

2020-06-08 15:57:09 - [TEST_STEP][PASSED] - callTestCase(findTestCase(CallTCName), ["FindValue":ComboBoxValue, "DropdownNm":comboNm], STOP_ON_FAILURE): Call Test Case 'Test Cases/PFI Precision and Scale/HashMap Tables/OfficerLists' successfully

2020-06-08 15:57:09 - [TEST_CASE][PASSED] - Test Cases/PFI Precision and Scale/HashMap Tables/OfficerLists: Test Cases/PFI Precision and Scale/HashMap Tables/OfficerLists

2020-06-08 15:57:09 - [TEST_STEP][PASSED] - Thread.sleep(1000): null

2020-06-08 15:57:10 - [TEST_STEP][PASSED] - OfficerLists = [1:"Aaron Sham Wai Lun (AARON)", 2:"Azidah Bte Akmad (Mdm) (USAABD)", 3:"Chung Fong Nyen (USACFN)", 4:"David Tey Dah Wei (DAHWEI)", ... ]: null

2020-06-08 15:57:10 - [TEST_STEP][PASSED] - ValueFound = OfficerLists.find({ -> ... }): null

2020-06-08 15:57:10 - [MESSAGE][PASSED] - Call Test Case 'Test Cases/PFI Precision and Scale/HashMap Tables/OfficerLists' successfully

2020-06-08 15:57:10 - [TEST_STEP][PASSED] - println(ValueFound): null

2020-06-08 15:57:10 - [TEST_STEP][PASSED] - sendKeys(NewInputNmField, Keys.chord(ARROW_DOWN)): Keys 'DOWN + ' sent to object: 'Object Repository/Objects.HighlightElements/input_field_index'

2020-06-08 15:57:10 - [MESSAGE][PASSED] - Keys 'DOWN + ' sent to object: 'Object Repository/Objects.HighlightElements/input_field_index'

2020-06-08 15:57:10 - [TEST_STEP][PASSED] - sendKeys(NewInputNmField, Keys.chord(ARROW_DOWN)): Keys 'DOWN + ' sent to object: 'Object Repository/Objects.HighlightElements/input_field_index'

2020-06-08 15:57:10 - [MESSAGE][PASSED] - Keys 'DOWN + ' sent to object: 'Object Repository/Objects.HighlightElements/input_field_index'

2020-06-08 15:57:10 - [TEST_STEP][PASSED] - delay(DelayTime): Delayed 0 second(s)

2020-06-08 15:57:10 - [MESSAGE][PASSED] - Delayed 0 second(s)

2020-06-08 15:57:10 - [TEST_STEP][PASSED] - sendKeys(NewInputNmField, Keys.chord(ENTER)): Keys 'ENTER + ' sent to object: 'Object Repository/Objects.HighlightElements/input_field_index'

2020-06-08 15:57:10 - [MESSAGE][PASSED] - Keys 'ENTER + ' sent to object: 'Object Repository/Objects.HighlightElements/input_field_index'

2020-06-08 15:57:10 - [TEST_STEP][PASSED] - ComboBoxValue = getAttribute(NewInputNmField, "value"): Attribute 'value' of object 'Object Repository/Objects.HighlightElements/input_field_index' is: 'Ho-Chan Vun Ching (USAHVC)'

2020-06-08 15:57:10 - [MESSAGE][PASSED] - Attribute 'value' of object 'Object Repository/Objects.HighlightElements/input_field_index' is: 'Ho-Chan Vun Ching (USAHVC)'

2020-06-08 15:57:10 - [TEST_STEP][PASSED] - callTestCase(findTestCase(CallTCName), ["FindValue":ComboBoxValue, "DropdownNm":comboNm], STOP_ON_FAILURE): Call Test Case 'Test Cases/PFI Precision and Scale/HashMap Tables/OfficerLists' successfully

2020-06-08 15:57:10 - [TEST_CASE][PASSED] - Test Cases/PFI Precision and Scale/HashMap Tables/OfficerLists: Test Cases/PFI Precision and Scale/HashMap Tables/OfficerLists

2020-06-08 15:57:10 - [TEST_STEP][PASSED] - Thread.sleep(1000): null

2020-06-08 15:57:11 - [TEST_STEP][PASSED] - OfficerLists = [1:"Aaron Sham Wai Lun (AARON)", 2:"Azidah Bte Akmad (Mdm) (USAABD)", 3:"Chung Fong Nyen (USACFN)", 4:"David Tey Dah Wei (DAHWEI)", ... ]: null

2020-06-08 15:57:11 - [TEST_STEP][PASSED] - ValueFound = OfficerLists.find({ -> ... }): null

2020-06-08 15:57:11 - [MESSAGE][PASSED] - Call Test Case 'Test Cases/PFI Precision and Scale/HashMap Tables/OfficerLists' successfully

2020-06-08 15:57:11 - [TEST_STEP][PASSED] - println(ValueFound): null

2020-06-08 15:57:11 - [TEST_STEP][PASSED] - sendKeys(NewInputNmField, Keys.chord(ARROW_DOWN)): Keys 'DOWN + ' sent to object: 'Object Repository/Objects.HighlightElements/input_field_index'

2020-06-08 15:57:11 - [MESSAGE][PASSED] - Keys 'DOWN + ' sent to object: 'Object Repository/Objects.HighlightElements/input_field_index'

2020-06-08 15:57:11 - [TEST_STEP][PASSED] - sendKeys(NewInputNmField, Keys.chord(ARROW_DOWN)): Keys 'DOWN + ' sent to object: 'Object Repository/Objects.HighlightElements/input_field_index'

2020-06-08 15:57:12 - [MESSAGE][PASSED] - Keys 'DOWN + ' sent to object: 'Object Repository/Objects.HighlightElements/input_field_index'

2020-06-08 15:57:12 - [TEST_STEP][PASSED] - delay(DelayTime): Delayed 0 second(s)

2020-06-08 15:57:12 - [MESSAGE][PASSED] - Delayed 0 second(s)

2020-06-08 15:57:12 - [TEST_STEP][PASSED] - sendKeys(NewInputNmField, Keys.chord(ENTER)): Keys 'ENTER + ' sent to object: 'Object Repository/Objects.HighlightElements/input_field_index'

2020-06-08 15:57:12 - [MESSAGE][PASSED] - Keys 'ENTER + ' sent to object: 'Object Repository/Objects.HighlightElements/input_field_index'

2020-06-08 15:57:12 - [TEST_STEP][PASSED] - ComboBoxValue = getAttribute(NewInputNmField, "value"): Attribute 'value' of object 'Object Repository/Objects.HighlightElements/input_field_index' is: 'Janet Lee Choon Hong (JANETCHOON)'

2020-06-08 15:57:12 - [MESSAGE][PASSED] - Attribute 'value' of object 'Object Repository/Objects.HighlightElements/input_field_index' is: 'Janet Lee Choon Hong (JANETCHOON)'

2020-06-08 15:57:12 - [TEST_STEP][PASSED] - callTestCase(findTestCase(CallTCName), ["FindValue":ComboBoxValue, "DropdownNm":comboNm], STOP_ON_FAILURE): Call Test Case 'Test Cases/PFI Precision and Scale/HashMap Tables/OfficerLists' successfully

2020-06-08 15:57:12 - [TEST_CASE][PASSED] - Test Cases/PFI Precision and Scale/HashMap Tables/OfficerLists: Test Cases/PFI Precision and Scale/HashMap Tables/OfficerLists

2020-06-08 15:57:12 - [TEST_STEP][PASSED] - Thread.sleep(1000): null

2020-06-08 15:57:13 - [TEST_STEP][PASSED] - OfficerLists = [1:"Aaron Sham Wai Lun (AARON)", 2:"Azidah Bte Akmad (Mdm) (USAABD)", 3:"Chung Fong Nyen (USACFN)", 4:"David Tey Dah Wei (DAHWEI)", ... ]: null

2020-06-08 15:57:13 - [TEST_STEP][PASSED] - ValueFound = OfficerLists.find({ -> ... }): null

2020-06-08 15:57:13 - [MESSAGE][PASSED] - Call Test Case 'Test Cases/PFI Precision and Scale/HashMap Tables/OfficerLists' successfully

2020-06-08 15:57:13 - [TEST_STEP][PASSED] - println(ValueFound): null

2020-06-08 15:57:13 - [TEST_STEP][PASSED] - sendKeys(NewInputNmField, Keys.chord(ARROW_DOWN)): Keys 'DOWN + ' sent to object: 'Object Repository/Objects.HighlightElements/input_field_index'

2020-06-08 15:57:13 - [MESSAGE][PASSED] - Keys 'DOWN + ' sent to object: 'Object Repository/Objects.HighlightElements/input_field_index'

2020-06-08 15:57:13 - [TEST_STEP][PASSED] - sendKeys(NewInputNmField, Keys.chord(ARROW_DOWN)): Keys 'DOWN + ' sent to object: 'Object Repository/Objects.HighlightElements/input_field_index'

2020-06-08 15:57:13 - [MESSAGE][PASSED] - Keys 'DOWN + ' sent to object: 'Object Repository/Objects.HighlightElements/input_field_index'

2020-06-08 15:57:13 - [TEST_STEP][PASSED] - delay(DelayTime): Delayed 0 second(s)

2020-06-08 15:57:13 - [MESSAGE][PASSED] - Delayed 0 second(s)

2020-06-08 15:57:13 - [TEST_STEP][PASSED] - sendKeys(NewInputNmField, Keys.chord(ENTER)): Keys 'ENTER + ' sent to object: 'Object Repository/Objects.HighlightElements/input_field_index'

2020-06-08 15:57:13 - [MESSAGE][PASSED] - Keys 'ENTER + ' sent to object: 'Object Repository/Objects.HighlightElements/input_field_index'

2020-06-08 15:57:13 - [TEST_STEP][PASSED] - ComboBoxValue = getAttribute(NewInputNmField, "value"): Attribute 'value' of object 'Object Repository/Objects.HighlightElements/input_field_index' is: 'Joseph Lim Pheng Weng (PHENGWENG)'

2020-06-08 15:57:13 - [MESSAGE][PASSED] - Attribute 'value' of object 'Object Repository/Objects.HighlightElements/input_field_index' is: 'Joseph Lim Pheng Weng (PHENGWENG)'

2020-06-08 15:57:13 - [TEST_STEP][PASSED] - callTestCase(findTestCase(CallTCName), ["FindValue":ComboBoxValue, "DropdownNm":comboNm], STOP_ON_FAILURE): Call Test Case 'Test Cases/PFI Precision and Scale/HashMap Tables/OfficerLists' successfully

2020-06-08 15:57:13 - [TEST_CASE][PASSED] - Test Cases/PFI Precision and Scale/HashMap Tables/OfficerLists: Test Cases/PFI Precision and Scale/HashMap Tables/OfficerLists

2020-06-08 15:57:13 - [TEST_STEP][PASSED] - Thread.sleep(1000): null

2020-06-08 15:57:14 - [TEST_STEP][PASSED] - OfficerLists = [1:"Aaron Sham Wai Lun (AARON)", 2:"Azidah Bte Akmad (Mdm) (USAABD)", 3:"Chung Fong Nyen (USACFN)", 4:"David Tey Dah Wei (DAHWEI)", ... ]: null

2020-06-08 15:57:14 - [TEST_STEP][PASSED] - ValueFound = OfficerLists.find({ -> ... }): null

2020-06-08 15:57:14 - [MESSAGE][PASSED] - Call Test Case 'Test Cases/PFI Precision and Scale/HashMap Tables/OfficerLists' successfully

2020-06-08 15:57:14 - [TEST_STEP][PASSED] - println(ValueFound): null

2020-06-08 15:57:14 - [TEST_STEP][PASSED] - sendKeys(NewInputNmField, Keys.chord(ARROW_DOWN)): Keys 'DOWN + ' sent to object: 'Object Repository/Objects.HighlightElements/input_field_index'

2020-06-08 15:57:14 - [MESSAGE][PASSED] - Keys 'DOWN + ' sent to object: 'Object Repository/Objects.HighlightElements/input_field_index'

2020-06-08 15:57:14 - [TEST_STEP][PASSED] - sendKeys(NewInputNmField, Keys.chord(ARROW_DOWN)): Keys 'DOWN + ' sent to object: 'Object Repository/Objects.HighlightElements/input_field_index'

2020-06-08 15:57:14 - [MESSAGE][PASSED] - Keys 'DOWN + ' sent to object: 'Object Repository/Objects.HighlightElements/input_field_index'

2020-06-08 15:57:14 - [TEST_STEP][PASSED] - delay(DelayTime): Delayed 0 second(s)

2020-06-08 15:57:14 - [MESSAGE][PASSED] - Delayed 0 second(s)

2020-06-08 15:57:14 - [TEST_STEP][PASSED] - sendKeys(NewInputNmField, Keys.chord(ENTER)): Keys 'ENTER + ' sent to object: 'Object Repository/Objects.HighlightElements/input_field_index'

2020-06-08 15:57:14 - [MESSAGE][PASSED] - Keys 'ENTER + ' sent to object: 'Object Repository/Objects.HighlightElements/input_field_index'

2020-06-08 15:57:14 - [TEST_STEP][PASSED] - ComboBoxValue = getAttribute(NewInputNmField, "value"): Attribute 'value' of object 'Object Repository/Objects.HighlightElements/input_field_index' is: 'Kaliannan Thanabal (KALIANN)'

2020-06-08 15:57:14 - [MESSAGE][PASSED] - Attribute 'value' of object 'Object Repository/Objects.HighlightElements/input_field_index' is: 'Kaliannan Thanabal (KALIANN)'

2020-06-08 15:57:14 - [TEST_STEP][PASSED] - callTestCase(findTestCase(CallTCName), ["FindValue":ComboBoxValue, "DropdownNm":comboNm], STOP_ON_FAILURE): Call Test Case 'Test Cases/PFI Precision and Scale/HashMap Tables/OfficerLists' successfully

2020-06-08 15:57:14 - [TEST_CASE][PASSED] - Test Cases/PFI Precision and Scale/HashMap Tables/OfficerLists: Test Cases/PFI Precision and Scale/HashMap Tables/OfficerLists

2020-06-08 15:57:14 - [TEST_STEP][PASSED] - Thread.sleep(1000): null

2020-06-08 15:57:15 - [TEST_STEP][PASSED] - OfficerLists = [1:"Aaron Sham Wai Lun (AARON)", 2:"Azidah Bte Akmad (Mdm) (USAABD)", 3:"Chung Fong Nyen (USACFN)", 4:"David Tey Dah Wei (DAHWEI)", ... ]: null

2020-06-08 15:57:15 - [TEST_STEP][PASSED] - ValueFound = OfficerLists.find({ -> ... }): null

2020-06-08 15:57:15 - [MESSAGE][PASSED] - Call Test Case 'Test Cases/PFI Precision and Scale/HashMap Tables/OfficerLists' successfully

2020-06-08 15:57:15 - [TEST_STEP][PASSED] - println(ValueFound): null

2020-06-08 15:57:15 - [TEST_STEP][PASSED] - sendKeys(NewInputNmField, Keys.chord(ARROW_DOWN)): Keys 'DOWN + ' sent to object: 'Object Repository/Objects.HighlightElements/input_field_index'

2020-06-08 15:57:15 - [MESSAGE][PASSED] - Keys 'DOWN + ' sent to object: 'Object Repository/Objects.HighlightElements/input_field_index'

2020-06-08 15:57:15 - [TEST_STEP][PASSED] - sendKeys(NewInputNmField, Keys.chord(ARROW_DOWN)): Keys 'DOWN + ' sent to object: 'Object Repository/Objects.HighlightElements/input_field_index'

2020-06-08 15:57:15 - [MESSAGE][PASSED] - Keys 'DOWN + ' sent to object: 'Object Repository/Objects.HighlightElements/input_field_index'

2020-06-08 15:57:15 - [TEST_STEP][PASSED] - delay(DelayTime): Delayed 0 second(s)

2020-06-08 15:57:15 - [MESSAGE][PASSED] - Delayed 0 second(s)

2020-06-08 15:57:15 - [TEST_STEP][PASSED] - sendKeys(NewInputNmField, Keys.chord(ENTER)): Keys 'ENTER + ' sent to object: 'Object Repository/Objects.HighlightElements/input_field_index'

2020-06-08 15:57:15 - [MESSAGE][PASSED] - Keys 'ENTER + ' sent to object: 'Object Repository/Objects.HighlightElements/input_field_index'

2020-06-08 15:57:15 - [TEST_STEP][PASSED] - ComboBoxValue = getAttribute(NewInputNmField, "value"): Attribute 'value' of object 'Object Repository/Objects.HighlightElements/input_field_index' is: 'Kelvin Phua Meng Thong (MENGTHONG)'

2020-06-08 15:57:15 - [MESSAGE][PASSED] - Attribute 'value' of object 'Object Repository/Objects.HighlightElements/input_field_index' is: 'Kelvin Phua Meng Thong (MENGTHONG)'

2020-06-08 15:57:15 - [TEST_STEP][PASSED] - callTestCase(findTestCase(CallTCName), ["FindValue":ComboBoxValue, "DropdownNm":comboNm], STOP_ON_FAILURE): Call Test Case 'Test Cases/PFI Precision and Scale/HashMap Tables/OfficerLists' successfully

2020-06-08 15:57:15 - [TEST_CASE][PASSED] - Test Cases/PFI Precision and Scale/HashMap Tables/OfficerLists: Test Cases/PFI Precision and Scale/HashMap Tables/OfficerLists

2020-06-08 15:57:15 - [TEST_STEP][PASSED] - Thread.sleep(1000): null

2020-06-08 15:57:16 - [TEST_STEP][PASSED] - OfficerLists = [1:"Aaron Sham Wai Lun (AARON)", 2:"Azidah Bte Akmad (Mdm) (USAABD)", 3:"Chung Fong Nyen (USACFN)", 4:"David Tey Dah Wei (DAHWEI)", ... ]: null

2020-06-08 15:57:16 - [TEST_STEP][PASSED] - ValueFound = OfficerLists.find({ -> ... }): null

2020-06-08 15:57:16 - [MESSAGE][PASSED] - Call Test Case 'Test Cases/PFI Precision and Scale/HashMap Tables/OfficerLists' successfully

2020-06-08 15:57:16 - [TEST_STEP][PASSED] - println(ValueFound): null

2020-06-08 15:57:16 - [TEST_STEP][PASSED] - sendKeys(NewInputNmField, Keys.chord(ARROW_DOWN)): Keys 'DOWN + ' sent to object: 'Object Repository/Objects.HighlightElements/input_field_index'

2020-06-08 15:57:17 - [MESSAGE][PASSED] - Keys 'DOWN + ' sent to object: 'Object Repository/Objects.HighlightElements/input_field_index'

2020-06-08 15:57:17 - [TEST_STEP][PASSED] - sendKeys(NewInputNmField, Keys.chord(ARROW_DOWN)): Keys 'DOWN + ' sent to object: 'Object Repository/Objects.HighlightElements/input_field_index'

2020-06-08 15:57:17 - [MESSAGE][PASSED] - Keys 'DOWN + ' sent to object: 'Object Repository/Objects.HighlightElements/input_field_index'

2020-06-08 15:57:17 - [TEST_STEP][PASSED] - delay(DelayTime): Delayed 0 second(s)

2020-06-08 15:57:17 - [MESSAGE][PASSED] - Delayed 0 second(s)

2020-06-08 15:57:17 - [TEST_STEP][PASSED] - sendKeys(NewInputNmField, Keys.chord(ENTER)): Keys 'ENTER + ' sent to object: 'Object Repository/Objects.HighlightElements/input_field_index'

2020-06-08 15:57:17 - [MESSAGE][PASSED] - Keys 'ENTER + ' sent to object: 'Object Repository/Objects.HighlightElements/input_field_index'

2020-06-08 15:57:17 - [TEST_STEP][PASSED] - ComboBoxValue = getAttribute(NewInputNmField, "value"): Attribute 'value' of object 'Object Repository/Objects.HighlightElements/input_field_index' is: 'Lee Kok Tien (USAKTL)'

2020-06-08 15:57:17 - [MESSAGE][PASSED] - Attribute 'value' of object 'Object Repository/Objects.HighlightElements/input_field_index' is: 'Lee Kok Tien (USAKTL)'

2020-06-08 15:57:17 - [TEST_STEP][PASSED] - callTestCase(findTestCase(CallTCName), ["FindValue":ComboBoxValue, "DropdownNm":comboNm], STOP_ON_FAILURE): Call Test Case 'Test Cases/PFI Precision and Scale/HashMap Tables/OfficerLists' successfully

2020-06-08 15:57:17 - [TEST_CASE][PASSED] - Test Cases/PFI Precision and Scale/HashMap Tables/OfficerLists: Test Cases/PFI Precision and Scale/HashMap Tables/OfficerLists

2020-06-08 15:57:17 - [TEST_STEP][PASSED] - Thread.sleep(1000): null

2020-06-08 15:57:18 - [TEST_STEP][PASSED] - OfficerLists = [1:"Aaron Sham Wai Lun (AARON)", 2:"Azidah Bte Akmad (Mdm) (USAABD)", 3:"Chung Fong Nyen (USACFN)", 4:"David Tey Dah Wei (DAHWEI)", ... ]: null

2020-06-08 15:57:18 - [TEST_STEP][PASSED] - ValueFound = OfficerLists.find({ -> ... }): null

2020-06-08 15:57:18 - [MESSAGE][PASSED] - Call Test Case 'Test Cases/PFI Precision and Scale/HashMap Tables/OfficerLists' successfully

2020-06-08 15:57:18 - [TEST_STEP][PASSED] - println(ValueFound): null

2020-06-08 15:57:18 - [TEST_STEP][PASSED] - sendKeys(NewInputNmField, Keys.chord(ARROW_DOWN)): Keys 'DOWN + ' sent to object: 'Object Repository/Objects.HighlightElements/input_field_index'

2020-06-08 15:57:18 - [MESSAGE][PASSED] - Keys 'DOWN + ' sent to object: 'Object Repository/Objects.HighlightElements/input_field_index'

2020-06-08 15:57:18 - [TEST_STEP][PASSED] - sendKeys(NewInputNmField, Keys.chord(ARROW_DOWN)): Keys 'DOWN + ' sent to object: 'Object Repository/Objects.HighlightElements/input_field_index'

2020-06-08 15:57:18 - [MESSAGE][PASSED] - Keys 'DOWN + ' sent to object: 'Object Repository/Objects.HighlightElements/input_field_index'

2020-06-08 15:57:18 - [TEST_STEP][PASSED] - delay(DelayTime): Delayed 0 second(s)

2020-06-08 15:57:18 - [MESSAGE][PASSED] - Delayed 0 second(s)

2020-06-08 15:57:18 - [TEST_STEP][PASSED] - sendKeys(NewInputNmField, Keys.chord(ENTER)): Keys 'ENTER + ' sent to object: 'Object Repository/Objects.HighlightElements/input_field_index'

2020-06-08 15:57:18 - [MESSAGE][PASSED] - Keys 'ENTER + ' sent to object: 'Object Repository/Objects.HighlightElements/input_field_index'

2020-06-08 15:57:18 - [TEST_STEP][PASSED] - ComboBoxValue = getAttribute(NewInputNmField, "value"): Attribute 'value' of object 'Object Repository/Objects.HighlightElements/input_field_index' is: 'Lim Beng Kwee (BENGKWEE)'

2020-06-08 15:57:18 - [MESSAGE][PASSED] - Attribute 'value' of object 'Object Repository/Objects.HighlightElements/input_field_index' is: 'Lim Beng Kwee (BENGKWEE)'

2020-06-08 15:57:18 - [TEST_STEP][PASSED] - callTestCase(findTestCase(CallTCName), ["FindValue":ComboBoxValue, "DropdownNm":comboNm], STOP_ON_FAILURE): Call Test Case 'Test Cases/PFI Precision and Scale/HashMap Tables/OfficerLists' successfully

2020-06-08 15:57:18 - [TEST_CASE][PASSED] - Test Cases/PFI Precision and Scale/HashMap Tables/OfficerLists: Test Cases/PFI Precision and Scale/HashMap Tables/OfficerLists

2020-06-08 15:57:18 - [TEST_STEP][PASSED] - Thread.sleep(1000): null

2020-06-08 15:57:19 - [TEST_STEP][PASSED] - OfficerLists = [1:"Aaron Sham Wai Lun (AARON)", 2:"Azidah Bte Akmad (Mdm) (USAABD)", 3:"Chung Fong Nyen (USACFN)", 4:"David Tey Dah Wei (DAHWEI)", ... ]: null

2020-06-08 15:57:19 - [TEST_STEP][PASSED] - ValueFound = OfficerLists.find({ -> ... }): null

2020-06-08 15:57:19 - [MESSAGE][PASSED] - Call Test Case 'Test Cases/PFI Precision and Scale/HashMap Tables/OfficerLists' successfully

2020-06-08 15:57:19 - [TEST_STEP][PASSED] - println(ValueFound): null

2020-06-08 15:57:19 - [TEST_STEP][PASSED] - sendKeys(NewInputNmField, Keys.chord(ARROW_DOWN)): Keys 'DOWN + ' sent to object: 'Object Repository/Objects.HighlightElements/input_field_index'

2020-06-08 15:57:19 - [MESSAGE][PASSED] - Keys 'DOWN + ' sent to object: 'Object Repository/Objects.HighlightElements/input_field_index'

2020-06-08 15:57:19 - [TEST_STEP][PASSED] - sendKeys(NewInputNmField, Keys.chord(ARROW_DOWN)): Keys 'DOWN + ' sent to object: 'Object Repository/Objects.HighlightElements/input_field_index'

2020-06-08 15:57:19 - [MESSAGE][PASSED] - Keys 'DOWN + ' sent to object: 'Object Repository/Objects.HighlightElements/input_field_index'

2020-06-08 15:57:19 - [TEST_STEP][PASSED] - delay(DelayTime): Delayed 0 second(s)

2020-06-08 15:57:19 - [MESSAGE][PASSED] - Delayed 0 second(s)

2020-06-08 15:57:19 - [TEST_STEP][PASSED] - sendKeys(NewInputNmField, Keys.chord(ENTER)): Keys 'ENTER + ' sent to object: 'Object Repository/Objects.HighlightElements/input_field_index'

2020-06-08 15:57:19 - [MESSAGE][PASSED] - Keys 'ENTER + ' sent to object: 'Object Repository/Objects.HighlightElements/input_field_index'

2020-06-08 15:57:19 - [TEST_STEP][PASSED] - ComboBoxValue = getAttribute(NewInputNmField, "value"): Attribute 'value' of object 'Object Repository/Objects.HighlightElements/input_field_index' is: 'Lim Leng Boon (LENGBOON)'

2020-06-08 15:57:19 - [MESSAGE][PASSED] - Attribute 'value' of object 'Object Repository/Objects.HighlightElements/input_field_index' is: 'Lim Leng Boon (LENGBOON)'

2020-06-08 15:57:19 - [TEST_STEP][PASSED] - callTestCase(findTestCase(CallTCName), ["FindValue":ComboBoxValue, "DropdownNm":comboNm], STOP_ON_FAILURE): Call Test Case 'Test Cases/PFI Precision and Scale/HashMap Tables/OfficerLists' successfully

2020-06-08 15:57:19 - [TEST_CASE][PASSED] - Test Cases/PFI Precision and Scale/HashMap Tables/OfficerLists: Test Cases/PFI Precision and Scale/HashMap Tables/OfficerLists

2020-06-08 15:57:19 - [TEST_STEP][PASSED] - Thread.sleep(1000): null

2020-06-08 15:57:20 - [TEST_STEP][PASSED] - OfficerLists = [1:"Aaron Sham Wai Lun (AARON)", 2:"Azidah Bte Akmad (Mdm) (USAABD)", 3:"Chung Fong Nyen (USACFN)", 4:"David Tey Dah Wei (DAHWEI)", ... ]: null

2020-06-08 15:57:20 - [TEST_STEP][PASSED] - ValueFound = OfficerLists.find({ -> ... }): null

2020-06-08 15:57:20 - [MESSAGE][PASSED] - Call Test Case 'Test Cases/PFI Precision and Scale/HashMap Tables/OfficerLists' successfully

2020-06-08 15:57:20 - [TEST_STEP][PASSED] - println(ValueFound): null

2020-06-08 15:57:20 - [TEST_STEP][PASSED] - sendKeys(NewInputNmField, Keys.chord(ARROW_DOWN)): Keys 'DOWN + ' sent to object: 'Object Repository/Objects.HighlightElements/input_field_index'

2020-06-08 15:57:20 - [MESSAGE][PASSED] - Keys 'DOWN + ' sent to object: 'Object Repository/Objects.HighlightElements/input_field_index'

2020-06-08 15:57:20 - [TEST_STEP][PASSED] - sendKeys(NewInputNmField, Keys.chord(ARROW_DOWN)): Keys 'DOWN + ' sent to object: 'Object Repository/Objects.HighlightElements/input_field_index'

2020-06-08 15:57:20 - [MESSAGE][PASSED] - Keys 'DOWN + ' sent to object: 'Object Repository/Objects.HighlightElements/input_field_index'

2020-06-08 15:57:20 - [TEST_STEP][PASSED] - delay(DelayTime): Delayed 0 second(s)

2020-06-08 15:57:20 - [MESSAGE][PASSED] - Delayed 0 second(s)

2020-06-08 15:57:20 - [TEST_STEP][PASSED] - sendKeys(NewInputNmField, Keys.chord(ENTER)): Keys 'ENTER + ' sent to object: 'Object Repository/Objects.HighlightElements/input_field_index'

2020-06-08 15:57:20 - [MESSAGE][PASSED] - Keys 'ENTER + ' sent to object: 'Object Repository/Objects.HighlightElements/input_field_index'

2020-06-08 15:57:20 - [TEST_STEP][PASSED] - ComboBoxValue = getAttribute(NewInputNmField, "value"): Attribute 'value' of object 'Object Repository/Objects.HighlightElements/input_field_index' is: 'Liu Xiaopeng (XIAOPENG)'

2020-06-08 15:57:20 - [MESSAGE][PASSED] - Attribute 'value' of object 'Object Repository/Objects.HighlightElements/input_field_index' is: 'Liu Xiaopeng (XIAOPENG)'

2020-06-08 15:57:20 - [TEST_STEP][PASSED] - callTestCase(findTestCase(CallTCName), ["FindValue":ComboBoxValue, "DropdownNm":comboNm], STOP_ON_FAILURE): Call Test Case 'Test Cases/PFI Precision and Scale/HashMap Tables/OfficerLists' successfully

2020-06-08 15:57:20 - [TEST_CASE][PASSED] - Test Cases/PFI Precision and Scale/HashMap Tables/OfficerLists: Test Cases/PFI Precision and Scale/HashMap Tables/OfficerLists

2020-06-08 15:57:20 - [TEST_STEP][PASSED] - Thread.sleep(1000): null

2020-06-08 15:57:21 - [TEST_STEP][PASSED] - OfficerLists = [1:"Aaron Sham Wai Lun (AARON)", 2:"Azidah Bte Akmad (Mdm) (USAABD)", 3:"Chung Fong Nyen (USACFN)", 4:"David Tey Dah Wei (DAHWEI)", ... ]: null

2020-06-08 15:57:21 - [TEST_STEP][PASSED] - ValueFound = OfficerLists.find({ -> ... }): null

2020-06-08 15:57:21 - [MESSAGE][PASSED] - Call Test Case 'Test Cases/PFI Precision and Scale/HashMap Tables/OfficerLists' successfully

2020-06-08 15:57:21 - [TEST_STEP][PASSED] - println(ValueFound): null

2020-06-08 15:57:21 - [TEST_STEP][PASSED] - sendKeys(NewInputNmField, Keys.chord(ARROW_DOWN)): Keys 'DOWN + ' sent to object: 'Object Repository/Objects.HighlightElements/input_field_index'

2020-06-08 15:57:22 - [MESSAGE][PASSED] - Keys 'DOWN + ' sent to object: 'Object Repository/Objects.HighlightElements/input_field_index'

2020-06-08 15:57:22 - [TEST_STEP][PASSED] - sendKeys(NewInputNmField, Keys.chord(ARROW_DOWN)): Keys 'DOWN + ' sent to object: 'Object Repository/Objects.HighlightElements/input_field_index'

2020-06-08 15:57:22 - [MESSAGE][PASSED] - Keys 'DOWN + ' sent to object: 'Object Repository/Objects.HighlightElements/input_field_index'

2020-06-08 15:57:22 - [TEST_STEP][PASSED] - delay(DelayTime): Delayed 0 second(s)

2020-06-08 15:57:22 - [MESSAGE][PASSED] - Delayed 0 second(s)

2020-06-08 15:57:22 - [TEST_STEP][PASSED] - sendKeys(NewInputNmField, Keys.chord(ENTER)): Keys 'ENTER + ' sent to object: 'Object Repository/Objects.HighlightElements/input_field_index'

2020-06-08 15:57:22 - [MESSAGE][PASSED] - Keys 'ENTER + ' sent to object: 'Object Repository/Objects.HighlightElements/input_field_index'

2020-06-08 15:57:22 - [TEST_STEP][PASSED] - ComboBoxValue = getAttribute(NewInputNmField, "value"): Attribute 'value' of object 'Object Repository/Objects.HighlightElements/input_field_index' is: 'Lu Ji Ju (Mdm) (USALJJ)'

2020-06-08 15:57:22 - [MESSAGE][PASSED] - Attribute 'value' of object 'Object Repository/Objects.HighlightElements/input_field_index' is: 'Lu Ji Ju (Mdm) (USALJJ)'

2020-06-08 15:57:22 - [TEST_STEP][PASSED] - callTestCase(findTestCase(CallTCName), ["FindValue":ComboBoxValue, "DropdownNm":comboNm], STOP_ON_FAILURE): Call Test Case 'Test Cases/PFI Precision and Scale/HashMap Tables/OfficerLists' successfully

2020-06-08 15:57:22 - [TEST_CASE][PASSED] - Test Cases/PFI Precision and Scale/HashMap Tables/OfficerLists: Test Cases/PFI Precision and Scale/HashMap Tables/OfficerLists

2020-06-08 15:57:22 - [TEST_STEP][PASSED] - Thread.sleep(1000): null

2020-06-08 15:57:23 - [TEST_STEP][PASSED] - OfficerLists = [1:"Aaron Sham Wai Lun (AARON)", 2:"Azidah Bte Akmad (Mdm) (USAABD)", 3:"Chung Fong Nyen (USACFN)", 4:"David Tey Dah Wei (DAHWEI)", ... ]: null

2020-06-08 15:57:23 - [TEST_STEP][PASSED] - ValueFound = OfficerLists.find({ -> ... }): null

2020-06-08 15:57:23 - [MESSAGE][PASSED] - Call Test Case 'Test Cases/PFI Precision and Scale/HashMap Tables/OfficerLists' successfully

2020-06-08 15:57:23 - [TEST_STEP][PASSED] - println(ValueFound): null

2020-06-08 15:57:23 - [TEST_STEP][PASSED] - sendKeys(NewInputNmField, Keys.chord(ARROW_DOWN)): Keys 'DOWN + ' sent to object: 'Object Repository/Objects.HighlightElements/input_field_index'

2020-06-08 15:57:23 - [MESSAGE][PASSED] - Keys 'DOWN + ' sent to object: 'Object Repository/Objects.HighlightElements/input_field_index'

2020-06-08 15:57:23 - [TEST_STEP][PASSED] - sendKeys(NewInputNmField, Keys.chord(ARROW_DOWN)): Keys 'DOWN + ' sent to object: 'Object Repository/Objects.HighlightElements/input_field_index'

2020-06-08 15:57:23 - [MESSAGE][PASSED] - Keys 'DOWN + ' sent to object: 'Object Repository/Objects.HighlightElements/input_field_index'

2020-06-08 15:57:23 - [TEST_STEP][PASSED] - delay(DelayTime): Delayed 0 second(s)

2020-06-08 15:57:23 - [MESSAGE][PASSED] - Delayed 0 second(s)

2020-06-08 15:57:23 - [TEST_STEP][PASSED] - sendKeys(NewInputNmField, Keys.chord(ENTER)): Keys 'ENTER + ' sent to object: 'Object Repository/Objects.HighlightElements/input_field_index'

2020-06-08 15:57:23 - [MESSAGE][PASSED] - Keys 'ENTER + ' sent to object: 'Object Repository/Objects.HighlightElements/input_field_index'

2020-06-08 15:57:23 - [TEST_STEP][PASSED] - ComboBoxValue = getAttribute(NewInputNmField, "value"): Attribute 'value' of object 'Object Repository/Objects.HighlightElements/input_field_index' is: 'Mohd Jeffri Bin Abdul Rahim (MOHDJEFFRI)'

2020-06-08 15:57:23 - [MESSAGE][PASSED] - Attribute 'value' of object 'Object Repository/Objects.HighlightElements/input_field_index' is: 'Mohd Jeffri Bin Abdul Rahim (MOHDJEFFRI)'

2020-06-08 15:57:23 - [TEST_STEP][PASSED] - callTestCase(findTestCase(CallTCName), ["FindValue":ComboBoxValue, "DropdownNm":comboNm], STOP_ON_FAILURE): Call Test Case 'Test Cases/PFI Precision and Scale/HashMap Tables/OfficerLists' successfully

2020-06-08 15:57:23 - [TEST_CASE][PASSED] - Test Cases/PFI Precision and Scale/HashMap Tables/OfficerLists: Test Cases/PFI Precision and Scale/HashMap Tables/OfficerLists

2020-06-08 15:57:23 - [TEST_STEP][PASSED] - Thread.sleep(1000): null

2020-06-08 15:57:24 - [TEST_STEP][PASSED] - OfficerLists = [1:"Aaron Sham Wai Lun (AARON)", 2:"Azidah Bte Akmad (Mdm) (USAABD)", 3:"Chung Fong Nyen (USACFN)", 4:"David Tey Dah Wei (DAHWEI)", ... ]: null

2020-06-08 15:57:24 - [TEST_STEP][PASSED] - ValueFound = OfficerLists.find({ -> ... }): null

2020-06-08 15:57:24 - [MESSAGE][PASSED] - Call Test Case 'Test Cases/PFI Precision and Scale/HashMap Tables/OfficerLists' successfully

2020-06-08 15:57:24 - [TEST_STEP][PASSED] - println(ValueFound): null

2020-06-08 15:57:24 - [TEST_STEP][PASSED] - sendKeys(NewInputNmField, Keys.chord(ARROW_DOWN)): Keys 'DOWN + ' sent to object: 'Object Repository/Objects.HighlightElements/input_field_index'

2020-06-08 15:57:24 - [MESSAGE][PASSED] - Keys 'DOWN + ' sent to object: 'Object Repository/Objects.HighlightElements/input_field_index'

2020-06-08 15:57:24 - [TEST_STEP][PASSED] - sendKeys(NewInputNmField, Keys.chord(ARROW_DOWN)): Keys 'DOWN + ' sent to object: 'Object Repository/Objects.HighlightElements/input_field_index'

2020-06-08 15:57:24 - [MESSAGE][PASSED] - Keys 'DOWN + ' sent to object: 'Object Repository/Objects.HighlightElements/input_field_index'

2020-06-08 15:57:24 - [TEST_STEP][PASSED] - delay(DelayTime): Delayed 0 second(s)

2020-06-08 15:57:24 - [MESSAGE][PASSED] - Delayed 0 second(s)

2020-06-08 15:57:24 - [TEST_STEP][PASSED] - sendKeys(NewInputNmField, Keys.chord(ENTER)): Keys 'ENTER + ' sent to object: 'Object Repository/Objects.HighlightElements/input_field_index'

2020-06-08 15:57:24 - [MESSAGE][PASSED] - Keys 'ENTER + ' sent to object: 'Object Repository/Objects.HighlightElements/input_field_index'

2020-06-08 15:57:24 - [TEST_STEP][PASSED] - ComboBoxValue = getAttribute(NewInputNmField, "value"): Attribute 'value' of object 'Object Repository/Objects.HighlightElements/input_field_index' is: 'Richard Lim Fang Ping (FANGPING)'

2020-06-08 15:57:24 - [MESSAGE][PASSED] - Attribute 'value' of object 'Object Repository/Objects.HighlightElements/input_field_index' is: 'Richard Lim Fang Ping (FANGPING)'

2020-06-08 15:57:24 - [TEST_STEP][PASSED] - callTestCase(findTestCase(CallTCName), ["FindValue":ComboBoxValue, "DropdownNm":comboNm], STOP_ON_FAILURE): Call Test Case 'Test Cases/PFI Precision and Scale/HashMap Tables/OfficerLists' successfully

2020-06-08 15:57:24 - [TEST_CASE][PASSED] - Test Cases/PFI Precision and Scale/HashMap Tables/OfficerLists: Test Cases/PFI Precision and Scale/HashMap Tables/OfficerLists

2020-06-08 15:57:24 - [TEST_STEP][PASSED] - Thread.sleep(1000): null

2020-06-08 15:57:25 - [TEST_STEP][PASSED] - OfficerLists = [1:"Aaron Sham Wai Lun (AARON)", 2:"Azidah Bte Akmad (Mdm) (USAABD)", 3:"Chung Fong Nyen (USACFN)", 4:"David Tey Dah Wei (DAHWEI)", ... ]: null

2020-06-08 15:57:25 - [TEST_STEP][PASSED] - ValueFound = OfficerLists.find({ -> ... }): null

2020-06-08 15:57:25 - [MESSAGE][PASSED] - Call Test Case 'Test Cases/PFI Precision and Scale/HashMap Tables/OfficerLists' successfully

2020-06-08 15:57:25 - [TEST_STEP][PASSED] - println(ValueFound): null

2020-06-08 15:57:25 - [TEST_STEP][PASSED] - sendKeys(NewInputNmField, Keys.chord(ARROW_DOWN)): Keys 'DOWN + ' sent to object: 'Object Repository/Objects.HighlightElements/input_field_index'

2020-06-08 15:57:25 - [MESSAGE][PASSED] - Keys 'DOWN + ' sent to object: 'Object Repository/Objects.HighlightElements/input_field_index'

2020-06-08 15:57:25 - [TEST_STEP][PASSED] - sendKeys(NewInputNmField, Keys.chord(ARROW_DOWN)): Keys 'DOWN + ' sent to object: 'Object Repository/Objects.HighlightElements/input_field_index'

2020-06-08 15:57:25 - [MESSAGE][PASSED] - Keys 'DOWN + ' sent to object: 'Object Repository/Objects.HighlightElements/input_field_index'

2020-06-08 15:57:25 - [TEST_STEP][PASSED] - delay(DelayTime): Delayed 0 second(s)

2020-06-08 15:57:25 - [MESSAGE][PASSED] - Delayed 0 second(s)

2020-06-08 15:57:25 - [TEST_STEP][PASSED] - sendKeys(NewInputNmField, Keys.chord(ENTER)): Keys 'ENTER + ' sent to object: 'Object Repository/Objects.HighlightElements/input_field_index'

2020-06-08 15:57:25 - [MESSAGE][PASSED] - Keys 'ENTER + ' sent to object: 'Object Repository/Objects.HighlightElements/input_field_index'

2020-06-08 15:57:25 - [TEST_STEP][PASSED] - ComboBoxValue = getAttribute(NewInputNmField, "value"): Attribute 'value' of object 'Object Repository/Objects.HighlightElements/input_field_index' is: 'RITA WONG SIONG ING (RITAWONG)'

2020-06-08 15:57:26 - [MESSAGE][PASSED] - Attribute 'value' of object 'Object Repository/Objects.HighlightElements/input_field_index' is: 'RITA WONG SIONG ING (RITAWONG)'

2020-06-08 15:57:26 - [TEST_STEP][PASSED] - callTestCase(findTestCase(CallTCName), ["FindValue":ComboBoxValue, "DropdownNm":comboNm], STOP_ON_FAILURE): Call Test Case 'Test Cases/PFI Precision and Scale/HashMap Tables/OfficerLists' successfully

2020-06-08 15:57:26 - [TEST_CASE][PASSED] - Test Cases/PFI Precision and Scale/HashMap Tables/OfficerLists: Test Cases/PFI Precision and Scale/HashMap Tables/OfficerLists

2020-06-08 15:57:26 - [TEST_STEP][PASSED] - Thread.sleep(1000): null

2020-06-08 15:57:27 - [TEST_STEP][PASSED] - OfficerLists = [1:"Aaron Sham Wai Lun (AARON)", 2:"Azidah Bte Akmad (Mdm) (USAABD)", 3:"Chung Fong Nyen (USACFN)", 4:"David Tey Dah Wei (DAHWEI)", ... ]: null

2020-06-08 15:57:27 - [TEST_STEP][PASSED] - ValueFound = OfficerLists.find({ -> ... }): null

2020-06-08 15:57:27 - [MESSAGE][PASSED] - Call Test Case 'Test Cases/PFI Precision and Scale/HashMap Tables/OfficerLists' successfully

2020-06-08 15:57:27 - [TEST_STEP][PASSED] - println(ValueFound): null

2020-06-08 15:57:27 - [TEST_STEP][PASSED] - sendKeys(NewInputNmField, Keys.chord(ARROW_DOWN)): Keys 'DOWN + ' sent to object: 'Object Repository/Objects.HighlightElements/input_field_index'

2020-06-08 15:57:27 - [MESSAGE][PASSED] - Keys 'DOWN + ' sent to object: 'Object Repository/Objects.HighlightElements/input_field_index'

2020-06-08 15:57:27 - [TEST_STEP][PASSED] - sendKeys(NewInputNmField, Keys.chord(ARROW_DOWN)): Keys 'DOWN + ' sent to object: 'Object Repository/Objects.HighlightElements/input_field_index'

2020-06-08 15:57:27 - [MESSAGE][PASSED] - Keys 'DOWN + ' sent to object: 'Object Repository/Objects.HighlightElements/input_field_index'

2020-06-08 15:57:27 - [TEST_STEP][PASSED] - delay(DelayTime): Delayed 0 second(s)

2020-06-08 15:57:27 - [MESSAGE][PASSED] - Delayed 0 second(s)

2020-06-08 15:57:27 - [TEST_STEP][PASSED] - sendKeys(NewInputNmField, Keys.chord(ENTER)): Keys 'ENTER + ' sent to object: 'Object Repository/Objects.HighlightElements/input_field_index'

2020-06-08 15:57:27 - [MESSAGE][PASSED] - Keys 'ENTER + ' sent to object: 'Object Repository/Objects.HighlightElements/input_field_index'

2020-06-08 15:57:27 - [TEST_STEP][PASSED] - ComboBoxValue = getAttribute(NewInputNmField, "value"): Attribute 'value' of object 'Object Repository/Objects.HighlightElements/input_field_index' is: 'Shi Hong Wei (HONGWEI)'

2020-06-08 15:57:27 - [MESSAGE][PASSED] - Attribute 'value' of object 'Object Repository/Objects.HighlightElements/input_field_index' is: 'Shi Hong Wei (HONGWEI)'

2020-06-08 15:57:27 - [TEST_STEP][PASSED] - callTestCase(findTestCase(CallTCName), ["FindValue":ComboBoxValue, "DropdownNm":comboNm], STOP_ON_FAILURE): Call Test Case 'Test Cases/PFI Precision and Scale/HashMap Tables/OfficerLists' successfully

2020-06-08 15:57:27 - [TEST_CASE][PASSED] - Test Cases/PFI Precision and Scale/HashMap Tables/OfficerLists: Test Cases/PFI Precision and Scale/HashMap Tables/OfficerLists

2020-06-08 15:57:27 - [TEST_STEP][PASSED] - Thread.sleep(1000): null

2020-06-08 15:57:28 - [TEST_STEP][PASSED] - OfficerLists = [1:"Aaron Sham Wai Lun (AARON)", 2:"Azidah Bte Akmad (Mdm) (USAABD)", 3:"Chung Fong Nyen (USACFN)", 4:"David Tey Dah Wei (DAHWEI)", ... ]: null

2020-06-08 15:57:28 - [TEST_STEP][PASSED] - ValueFound = OfficerLists.find({ -> ... }): null

2020-06-08 15:57:28 - [MESSAGE][PASSED] - Call Test Case 'Test Cases/PFI Precision and Scale/HashMap Tables/OfficerLists' successfully

2020-06-08 15:57:28 - [TEST_STEP][PASSED] - println(ValueFound): null

2020-06-08 15:57:28 - [TEST_STEP][PASSED] - sendKeys(NewInputNmField, Keys.chord(ARROW_DOWN)): Keys 'DOWN + ' sent to object: 'Object Repository/Objects.HighlightElements/input_field_index'

2020-06-08 15:57:28 - [MESSAGE][PASSED] - Keys 'DOWN + ' sent to object: 'Object Repository/Objects.HighlightElements/input_field_index'

2020-06-08 15:57:28 - [TEST_STEP][PASSED] - sendKeys(NewInputNmField, Keys.chord(ARROW_DOWN)): Keys 'DOWN + ' sent to object: 'Object Repository/Objects.HighlightElements/input_field_index'

2020-06-08 15:57:28 - [MESSAGE][PASSED] - Keys 'DOWN + ' sent to object: 'Object Repository/Objects.HighlightElements/input_field_index'

2020-06-08 15:57:28 - [TEST_STEP][PASSED] - delay(DelayTime): Delayed 0 second(s)

2020-06-08 15:57:28 - [MESSAGE][PASSED] - Delayed 0 second(s)

2020-06-08 15:57:28 - [TEST_STEP][PASSED] - sendKeys(NewInputNmField, Keys.chord(ENTER)): Keys 'ENTER + ' sent to object: 'Object Repository/Objects.HighlightElements/input_field_index'

2020-06-08 15:57:28 - [MESSAGE][PASSED] - Keys 'ENTER + ' sent to object: 'Object Repository/Objects.HighlightElements/input_field_index'

2020-06-08 15:57:28 - [TEST_STEP][PASSED] - ComboBoxValue = getAttribute(NewInputNmField, "value"): Attribute 'value' of object 'Object Repository/Objects.HighlightElements/input_field_index' is: 'Tan Jing Ying (JINGYING)'

2020-06-08 15:57:28 - [MESSAGE][PASSED] - Attribute 'value' of object 'Object Repository/Objects.HighlightElements/input_field_index' is: 'Tan Jing Ying (JINGYING)'

2020-06-08 15:57:28 - [TEST_STEP][PASSED] - callTestCase(findTestCase(CallTCName), ["FindValue":ComboBoxValue, "DropdownNm":comboNm], STOP_ON_FAILURE): Call Test Case 'Test Cases/PFI Precision and Scale/HashMap Tables/OfficerLists' successfully

2020-06-08 15:57:28 - [TEST_CASE][PASSED] - Test Cases/PFI Precision and Scale/HashMap Tables/OfficerLists: Test Cases/PFI Precision and Scale/HashMap Tables/OfficerLists

2020-06-08 15:57:28 - [TEST_STEP][PASSED] - Thread.sleep(1000): null

2020-06-08 15:57:29 - [TEST_STEP][PASSED] - OfficerLists = [1:"Aaron Sham Wai Lun (AARON)", 2:"Azidah Bte Akmad (Mdm) (USAABD)", 3:"Chung Fong Nyen (USACFN)", 4:"David Tey Dah Wei (DAHWEI)", ... ]: null

2020-06-08 15:57:29 - [TEST_STEP][PASSED] - ValueFound = OfficerLists.find({ -> ... }): null

2020-06-08 15:57:29 - [MESSAGE][PASSED] - Call Test Case 'Test Cases/PFI Precision and Scale/HashMap Tables/OfficerLists' successfully

2020-06-08 15:57:29 - [TEST_STEP][PASSED] - println(ValueFound): null

2020-06-08 15:57:29 - [TEST_STEP][PASSED] - sendKeys(NewInputNmField, Keys.chord(ARROW_DOWN)): Keys 'DOWN + ' sent to object: 'Object Repository/Objects.HighlightElements/input_field_index'

2020-06-08 15:57:29 - [MESSAGE][PASSED] - Keys 'DOWN + ' sent to object: 'Object Repository/Objects.HighlightElements/input_field_index'

2020-06-08 15:57:29 - [TEST_STEP][PASSED] - sendKeys(NewInputNmField, Keys.chord(ARROW_DOWN)): Keys 'DOWN + ' sent to object: 'Object Repository/Objects.HighlightElements/input_field_index'

2020-06-08 15:57:29 - [MESSAGE][PASSED] - Keys 'DOWN + ' sent to object: 'Object Repository/Objects.HighlightElements/input_field_index'

2020-06-08 15:57:29 - [TEST_STEP][PASSED] - delay(DelayTime): Delayed 0 second(s)

2020-06-08 15:57:29 - [MESSAGE][PASSED] - Delayed 0 second(s)

2020-06-08 15:57:29 - [TEST_STEP][PASSED] - sendKeys(NewInputNmField, Keys.chord(ENTER)): Keys 'ENTER + ' sent to object: 'Object Repository/Objects.HighlightElements/input_field_index'

2020-06-08 15:57:29 - [MESSAGE][PASSED] - Keys 'ENTER + ' sent to object: 'Object Repository/Objects.HighlightElements/input_field_index'

2020-06-08 15:57:29 - [TEST_STEP][PASSED] - ComboBoxValue = getAttribute(NewInputNmField, "value"): Attribute 'value' of object 'Object Repository/Objects.HighlightElements/input_field_index' is: 'Tan Kwan Joo (KWANJOO)'

2020-06-08 15:57:29 - [MESSAGE][PASSED] - Attribute 'value' of object 'Object Repository/Objects.HighlightElements/input_field_index' is: 'Tan Kwan Joo (KWANJOO)'

2020-06-08 15:57:29 - [TEST_STEP][PASSED] - callTestCase(findTestCase(CallTCName), ["FindValue":ComboBoxValue, "DropdownNm":comboNm], STOP_ON_FAILURE): Call Test Case 'Test Cases/PFI Precision and Scale/HashMap Tables/OfficerLists' successfully

2020-06-08 15:57:29 - [TEST_CASE][PASSED] - Test Cases/PFI Precision and Scale/HashMap Tables/OfficerLists: Test Cases/PFI Precision and Scale/HashMap Tables/OfficerLists

2020-06-08 15:57:29 - [TEST_STEP][PASSED] - Thread.sleep(1000): null

2020-06-08 15:57:30 - [TEST_STEP][PASSED] - OfficerLists = [1:"Aaron Sham Wai Lun (AARON)", 2:"Azidah Bte Akmad (Mdm) (USAABD)", 3:"Chung Fong Nyen (USACFN)", 4:"David Tey Dah Wei (DAHWEI)", ... ]: null

2020-06-08 15:57:30 - [TEST_STEP][PASSED] - ValueFound = OfficerLists.find({ -> ... }): null

2020-06-08 15:57:30 - [MESSAGE][PASSED] - Call Test Case 'Test Cases/PFI Precision and Scale/HashMap Tables/OfficerLists' successfully

2020-06-08 15:57:30 - [TEST_STEP][PASSED] - println(ValueFound): null

2020-06-08 15:57:30 - [TEST_STEP][PASSED] - sendKeys(NewInputNmField, Keys.chord(ARROW_DOWN)): Keys 'DOWN + ' sent to object: 'Object Repository/Objects.HighlightElements/input_field_index'

2020-06-08 15:57:30 - [MESSAGE][PASSED] - Keys 'DOWN + ' sent to object: 'Object Repository/Objects.HighlightElements/input_field_index'

2020-06-08 15:57:30 - [TEST_STEP][PASSED] - sendKeys(NewInputNmField, Keys.chord(ARROW_DOWN)): Keys 'DOWN + ' sent to object: 'Object Repository/Objects.HighlightElements/input_field_index'

2020-06-08 15:57:30 - [MESSAGE][PASSED] - Keys 'DOWN + ' sent to object: 'Object Repository/Objects.HighlightElements/input_field_index'

2020-06-08 15:57:30 - [TEST_STEP][PASSED] - delay(DelayTime): Delayed 0 second(s)

2020-06-08 15:57:30 - [MESSAGE][PASSED] - Delayed 0 second(s)

2020-06-08 15:57:30 - [TEST_STEP][PASSED] - sendKeys(NewInputNmField, Keys.chord(ENTER)): Keys 'ENTER + ' sent to object: 'Object Repository/Objects.HighlightElements/input_field_index'

2020-06-08 15:57:30 - [MESSAGE][PASSED] - Keys 'ENTER + ' sent to object: 'Object Repository/Objects.HighlightElements/input_field_index'

2020-06-08 15:57:30 - [TEST_STEP][PASSED] - ComboBoxValue = getAttribute(NewInputNmField, "value"): Attribute 'value' of object 'Object Repository/Objects.HighlightElements/input_field_index' is: 'Titus Chua Hwa Ping (TITUS)'

2020-06-08 15:57:30 - [MESSAGE][PASSED] - Attribute 'value' of object 'Object Repository/Objects.HighlightElements/input_field_index' is: 'Titus Chua Hwa Ping (TITUS)'

2020-06-08 15:57:30 - [TEST_STEP][PASSED] - callTestCase(findTestCase(CallTCName), ["FindValue":ComboBoxValue, "DropdownNm":comboNm], STOP_ON_FAILURE): Call Test Case 'Test Cases/PFI Precision and Scale/HashMap Tables/OfficerLists' successfully

2020-06-08 15:57:31 - [TEST_CASE][PASSED] - Test Cases/PFI Precision and Scale/HashMap Tables/OfficerLists: Test Cases/PFI Precision and Scale/HashMap Tables/OfficerLists

2020-06-08 15:57:31 - [TEST_STEP][PASSED] - Thread.sleep(1000): null

2020-06-08 15:57:32 - [TEST_STEP][PASSED] - OfficerLists = [1:"Aaron Sham Wai Lun (AARON)", 2:"Azidah Bte Akmad (Mdm) (USAABD)", 3:"Chung Fong Nyen (USACFN)", 4:"David Tey Dah Wei (DAHWEI)", ... ]: null

2020-06-08 15:57:32 - [TEST_STEP][PASSED] - ValueFound = OfficerLists.find({ -> ... }): null

2020-06-08 15:57:32 - [MESSAGE][PASSED] - Call Test Case 'Test Cases/PFI Precision and Scale/HashMap Tables/OfficerLists' successfully

2020-06-08 15:57:32 - [TEST_STEP][PASSED] - println(ValueFound): null

2020-06-08 15:57:32 - [TEST_STEP][PASSED] - sendKeys(NewInputNmField, Keys.chord(ARROW_DOWN)): Keys 'DOWN + ' sent to object: 'Object Repository/Objects.HighlightElements/input_field_index'

2020-06-08 15:57:32 - [MESSAGE][PASSED] - Keys 'DOWN + ' sent to object: 'Object Repository/Objects.HighlightElements/input_field_index'

2020-06-08 15:57:32 - [TEST_STEP][PASSED] - sendKeys(NewInputNmField, Keys.chord(ARROW_DOWN)): Keys 'DOWN + ' sent to object: 'Object Repository/Objects.HighlightElements/input_field_index'

2020-06-08 15:57:32 - [MESSAGE][PASSED] - Keys 'DOWN + ' sent to object: 'Object Repository/Objects.HighlightElements/input_field_index'

2020-06-08 15:57:32 - [TEST_STEP][PASSED] - delay(DelayTime): Delayed 0 second(s)

2020-06-08 15:57:32 - [MESSAGE][PASSED] - Delayed 0 second(s)

2020-06-08 15:57:32 - [TEST_STEP][PASSED] - sendKeys(NewInputNmField, Keys.chord(ENTER)): Keys 'ENTER + ' sent to object: 'Object Repository/Objects.HighlightElements/input_field_index'

2020-06-08 15:57:32 - [MESSAGE][PASSED] - Keys 'ENTER + ' sent to object: 'Object Repository/Objects.HighlightElements/input_field_index'

2020-06-08 15:57:32 - [TEST_STEP][PASSED] - ComboBoxValue = getAttribute(NewInputNmField, "value"): Attribute 'value' of object 'Object Repository/Objects.HighlightElements/input_field_index' is: 'Vijayaratnam Ng Lay Hoon (USANLH)'

2020-06-08 15:57:32 - [MESSAGE][PASSED] - Attribute 'value' of object 'Object Repository/Objects.HighlightElements/input_field_index' is: 'Vijayaratnam Ng Lay Hoon (USANLH)'

2020-06-08 15:57:32 - [TEST_STEP][PASSED] - callTestCase(findTestCase(CallTCName), ["FindValue":ComboBoxValue, "DropdownNm":comboNm], STOP_ON_FAILURE): Call Test Case 'Test Cases/PFI Precision and Scale/HashMap Tables/OfficerLists' successfully

2020-06-08 15:57:32 - [TEST_CASE][PASSED] - Test Cases/PFI Precision and Scale/HashMap Tables/OfficerLists: Test Cases/PFI Precision and Scale/HashMap Tables/OfficerLists

2020-06-08 15:57:32 - [TEST_STEP][PASSED] - Thread.sleep(1000): null

2020-06-08 15:57:33 - [TEST_STEP][PASSED] - OfficerLists = [1:"Aaron Sham Wai Lun (AARON)", 2:"Azidah Bte Akmad (Mdm) (USAABD)", 3:"Chung Fong Nyen (USACFN)", 4:"David Tey Dah Wei (DAHWEI)", ... ]: null

2020-06-08 15:57:33 - [TEST_STEP][PASSED] - ValueFound = OfficerLists.find({ -> ... }): null

2020-06-08 15:57:33 - [MESSAGE][PASSED] - Call Test Case 'Test Cases/PFI Precision and Scale/HashMap Tables/OfficerLists' successfully

2020-06-08 15:57:33 - [TEST_STEP][PASSED] - println(ValueFound): null

2020-06-08 15:57:33 - [TEST_STEP][PASSED] - sendKeys(NewInputNmField, Keys.chord(ARROW_DOWN)): Keys 'DOWN + ' sent to object: 'Object Repository/Objects.HighlightElements/input_field_index'

2020-06-08 15:57:33 - [MESSAGE][PASSED] - Keys 'DOWN + ' sent to object: 'Object Repository/Objects.HighlightElements/input_field_index'

2020-06-08 15:57:33 - [TEST_STEP][PASSED] - sendKeys(NewInputNmField, Keys.chord(ARROW_DOWN)): Keys 'DOWN + ' sent to object: 'Object Repository/Objects.HighlightElements/input_field_index'

2020-06-08 15:57:33 - [MESSAGE][PASSED] - Keys 'DOWN + ' sent to object: 'Object Repository/Objects.HighlightElements/input_field_index'

2020-06-08 15:57:33 - [TEST_STEP][PASSED] - delay(DelayTime): Delayed 0 second(s)

2020-06-08 15:57:33 - [MESSAGE][PASSED] - Delayed 0 second(s)

2020-06-08 15:57:33 - [TEST_STEP][PASSED] - sendKeys(NewInputNmField, Keys.chord(ENTER)): Keys 'ENTER + ' sent to object: 'Object Repository/Objects.HighlightElements/input_field_index'

2020-06-08 15:57:33 - [MESSAGE][PASSED] - Keys 'ENTER + ' sent to object: 'Object Repository/Objects.HighlightElements/input_field_index'

2020-06-08 15:57:33 - [TEST_STEP][PASSED] - ComboBoxValue = getAttribute(NewInputNmField, "value"): Attribute 'value' of object 'Object Repository/Objects.HighlightElements/input_field_index' is: 'Wong Swee Sheng (WONGSWEE)'

2020-06-08 15:57:33 - [MESSAGE][PASSED] - Attribute 'value' of object 'Object Repository/Objects.HighlightElements/input_field_index' is: 'Wong Swee Sheng (WONGSWEE)'

2020-06-08 15:57:33 - [TEST_STEP][PASSED] - callTestCase(findTestCase(CallTCName), ["FindValue":ComboBoxValue, "DropdownNm":comboNm], STOP_ON_FAILURE): Call Test Case 'Test Cases/PFI Precision and Scale/HashMap Tables/OfficerLists' successfully

2020-06-08 15:57:33 - [TEST_CASE][PASSED] - Test Cases/PFI Precision and Scale/HashMap Tables/OfficerLists: Test Cases/PFI Precision and Scale/HashMap Tables/OfficerLists

2020-06-08 15:57:33 - [TEST_STEP][PASSED] - Thread.sleep(1000): null

2020-06-08 15:57:34 - [TEST_STEP][PASSED] - OfficerLists = [1:"Aaron Sham Wai Lun (AARON)", 2:"Azidah Bte Akmad (Mdm) (USAABD)", 3:"Chung Fong Nyen (USACFN)", 4:"David Tey Dah Wei (DAHWEI)", ... ]: null

2020-06-08 15:57:34 - [TEST_STEP][PASSED] - ValueFound = OfficerLists.find({ -> ... }): null

2020-06-08 15:57:34 - [MESSAGE][PASSED] - Call Test Case 'Test Cases/PFI Precision and Scale/HashMap Tables/OfficerLists' successfully

2020-06-08 15:57:34 - [TEST_STEP][PASSED] - println(ValueFound): null

2020-06-08 15:57:34 - [TEST_STEP][PASSED] - sendKeys(NewInputNmField, Keys.chord(ARROW_DOWN)): Keys 'DOWN + ' sent to object: 'Object Repository/Objects.HighlightElements/input_field_index'

2020-06-08 15:57:34 - [MESSAGE][PASSED] - Keys 'DOWN + ' sent to object: 'Object Repository/Objects.HighlightElements/input_field_index'

2020-06-08 15:57:34 - [TEST_STEP][PASSED] - sendKeys(NewInputNmField, Keys.chord(ARROW_DOWN)): Keys 'DOWN + ' sent to object: 'Object Repository/Objects.HighlightElements/input_field_index'

2020-06-08 15:57:34 - [MESSAGE][PASSED] - Keys 'DOWN + ' sent to object: 'Object Repository/Objects.HighlightElements/input_field_index'

2020-06-08 15:57:34 - [TEST_STEP][PASSED] - delay(DelayTime): Delayed 0 second(s)

2020-06-08 15:57:34 - [MESSAGE][PASSED] - Delayed 0 second(s)

2020-06-08 15:57:34 - [TEST_STEP][PASSED] - sendKeys(NewInputNmField, Keys.chord(ENTER)): Keys 'ENTER + ' sent to object: 'Object Repository/Objects.HighlightElements/input_field_index'

2020-06-08 15:57:34 - [MESSAGE][PASSED] - Keys 'ENTER + ' sent to object: 'Object Repository/Objects.HighlightElements/input_field_index'

2020-06-08 15:57:34 - [TEST_STEP][PASSED] - ComboBoxValue = getAttribute(NewInputNmField, "value"): Attribute 'value' of object 'Object Repository/Objects.HighlightElements/input_field_index' is: 'Zhao Dianfeng (DIANFENG)'

2020-06-08 15:57:34 - [MESSAGE][PASSED] - Attribute 'value' of object 'Object Repository/Objects.HighlightElements/input_field_index' is: 'Zhao Dianfeng (DIANFENG)'

2020-06-08 15:57:34 - [TEST_STEP][PASSED] - callTestCase(findTestCase(CallTCName), ["FindValue":ComboBoxValue, "DropdownNm":comboNm], STOP_ON_FAILURE): Call Test Case 'Test Cases/PFI Precision and Scale/HashMap Tables/OfficerLists' successfully

2020-06-08 15:57:34 - [TEST_CASE][PASSED] - Test Cases/PFI Precision and Scale/HashMap Tables/OfficerLists: Test Cases/PFI Precision and Scale/HashMap Tables/OfficerLists

2020-06-08 15:57:34 - [TEST_STEP][PASSED] - Thread.sleep(1000): null

2020-06-08 15:57:35 - [TEST_STEP][PASSED] - OfficerLists = [1:"Aaron Sham Wai Lun (AARON)", 2:"Azidah Bte Akmad (Mdm) (USAABD)", 3:"Chung Fong Nyen (USACFN)", 4:"David Tey Dah Wei (DAHWEI)", ... ]: null

2020-06-08 15:57:35 - [TEST_STEP][PASSED] - ValueFound = OfficerLists.find({ -> ... }): null

2020-06-08 15:57:35 - [MESSAGE][PASSED] - Call Test Case 'Test Cases/PFI Precision and Scale/HashMap Tables/OfficerLists' successfully

2020-06-08 15:57:35 - [TEST_STEP][PASSED] - println(ValueFound): null

2020-06-08 15:57:35 - [TEST_STEP][PASSED] - sendKeys(NewInputNmField, Keys.chord(ARROW_DOWN)): Keys 'DOWN + ' sent to object: 'Object Repository/Objects.HighlightElements/input_field_index'

2020-06-08 15:57:35 - [MESSAGE][PASSED] - Keys 'DOWN + ' sent to object: 'Object Repository/Objects.HighlightElements/input_field_index'

2020-06-08 15:57:35 - [TEST_STEP][PASSED] - sendKeys(NewInputNmField, Keys.chord(ENTER)): Keys 'ENTER + ' sent to object: 'Object Repository/Objects.HighlightElements/input_field_index'

2020-06-08 15:57:35 - [MESSAGE][PASSED] - Keys 'ENTER + ' sent to object: 'Object Repository/Objects.HighlightElements/input_field_index'

2020-06-08 15:57:35 - [MESSAGE][PASSED] - Call Test Case 'Test Cases/PFI Precision and Scale/PFI Components with Indexing/VerifyDropdownValuesIndex' successfully

2020-06-08 15:57:35 - [TEST_STEP][PASSED] - callTestCase(findTestCase("Components/SelectAllThenDeleteIndex"), ["nameToBeUsed":"decIntAssignOffcr", "index":2], STOP_ON_FAILURE): Call Test Case 'Test Cases/Components/SelectAllThenDeleteIndex' successfully

2020-06-08 15:57:35 - [TEST_CASE][PASSED] - Test Cases/Components/SelectAllThenDeleteIndex: Test Cases/Components/SelectAllThenDeleteIndex

2020-06-08 15:57:35 - [TEST_STEP][PASSED] - Thread.sleep(1000): null

2020-06-08 15:57:36 - [TEST_STEP][PASSED] - modifiedObj = modifyObjectProperty(findTestObject("Object Repository/Objects.HighlightElements/input_field_index"), "xpath", "equals", "(//*[contains(@class,'x-form-text') and (@name='" + nameToBeUsed + "')])[" + index + "]", true): Modify property of object successfully

2020-06-08 15:57:36 - [MESSAGE][PASSED] - Modify property of object successfully

2020-06-08 15:57:36 - [TEST_STEP][PASSED] - focus(modifiedObj): Object: 'Object Repository/Objects.HighlightElements/input_field_index' is focused

2020-06-08 15:57:37 - [MESSAGE][PASSED] - Object: 'Object Repository/Objects.HighlightElements/input_field_index' is focused

2020-06-08 15:57:37 - [TEST_STEP][PASSED] - sendKeys(modifiedObj, Keys.chord(CONTROL, "a")): Keys 'CONTROL + a' sent to object: 'Object Repository/Objects.HighlightElements/input_field_index'

2020-06-08 15:57:37 - [MESSAGE][PASSED] - Keys 'CONTROL + a' sent to object: 'Object Repository/Objects.HighlightElements/input_field_index'

2020-06-08 15:57:37 - [TEST_STEP][PASSED] - sendKeys(modifiedObj, Keys.chord(DELETE)): Keys 'DELETE + ' sent to object: 'Object Repository/Objects.HighlightElements/input_field_index'

2020-06-08 15:57:37 - [MESSAGE][PASSED] - Keys 'DELETE + ' sent to object: 'Object Repository/Objects.HighlightElements/input_field_index'

2020-06-08 15:57:37 - [MESSAGE][PASSED] - Call Test Case 'Test Cases/Components/SelectAllThenDeleteIndex' successfully

2020-06-08 15:57:37 - [TEST_STEP][PASSED] - callTestCase(findTestCase("PFI Precision and Scale/PFI Components with Indexing/RequiredFieldValidationIndex"), ["nameToBeUsed":"decIntAssignOffcr", "index":2], STOP_ON_FAILURE): Call Test Case 'Test Cases/PFI Precision and Scale/PFI Components with Indexing/RequiredFieldValidationIndex' successfully

2020-06-08 15:57:37 - [TEST_CASE][PASSED] - Test Cases/PFI Precision and Scale/PFI Components with Indexing/RequiredFieldValidationIndex: Test Cases/PFI Precision and Scale/PFI Components with Indexing/RequiredFieldValidationIndex

2020-06-08 15:57:37 - [TEST_STEP][PASSED] - Thread.sleep(2000): null

2020-06-08 15:57:39 - [TEST_STEP][PASSED] - NewInputNmField = modifyObjectProperty(findTestObject("Objects.HighlightElements/input_field_index"), "xpath", "equals", "(//*[contains(@class,'x-form-text') and (@name='" + nameToBeUsed + "')])[" + index + "]", true): Modify property of object successfully

2020-06-08 15:57:39 - [MESSAGE][PASSED] - Modify property of object successfully

2020-06-08 15:57:39 - [TEST_STEP][PASSED] - mouseOver(NewInputNmField): Object: 'Object Repository/Objects.HighlightElements/input_field_index' is hovered

2020-06-08 15:57:39 - [MESSAGE][PASSED] - Object: 'Object Repository/Objects.HighlightElements/input_field_index' is hovered

2020-06-08 15:57:39 - [TEST_STEP][PASSED] - getRqErrMsg = getAttribute(NewInputNmField, "data-errorqtip"): Attribute 'data-errorqtip' of object 'Object Repository/Objects.HighlightElements/input_field_index' is: '<ul class="x-list-plain"><li>This field is required</li></ul>'

2020-06-08 15:57:39 - [MESSAGE][PASSED] - Attribute 'data-errorqtip' of object 'Object Repository/Objects.HighlightElements/input_field_index' is: '<ul class="x-list-plain"><li>This field is required</li></ul>'

2020-06-08 15:57:39 - [TEST_STEP][PASSED] - strToolTip = getRqErrMsg.substring(29, 61): null

2020-06-08 15:57:39 - [TEST_STEP][PASSED] - toolTipReqErrMsg = strToolTip.substring(0, 22): null

2020-06-08 15:57:39 - [TEST_STEP][PASSED] - verifyMatch(toolTipReqErrMsg, RqField, true): Actual text 'This field is required' and expected text 'This field is required' are matched  using regular expression

2020-06-08 15:57:39 - [MESSAGE][PASSED] - Actual text 'This field is required' and expected text 'This field is required' are matched  using regular expression

2020-06-08 15:57:39 - [MESSAGE][PASSED] - Call Test Case 'Test Cases/PFI Precision and Scale/PFI Components with Indexing/RequiredFieldValidationIndex' successfully

2020-06-08 15:57:39 - [TEST_STEP][PASSED] - callTestCase(findTestCase("Components/HighlightLabelFieldXPI"), ["LblName":"Decision To", "index":2], STOP_ON_FAILURE): Call Test Case 'Test Cases/Components/HighlightLabelFieldXPI' successfully

2020-06-08 15:57:39 - [TEST_CASE][PASSED] - Test Cases/Components/HighlightLabelFieldXPI: Test Cases/Components/HighlightLabelFieldXPI

2020-06-08 15:57:39 - [TEST_STEP][PASSED] - Thread.sleep(1000): null

2020-06-08 15:57:40 - [TEST_STEP][PASSED] - modifiedLblNm = modifyObjectProperty(findTestObject("Object Repository/Objects.HighlightElements/lblField_index"), "xpath", "equals", "(//*[contains(@class, 'x-form-item-label-inner x-form-item-label-inner-default') and contains(., '" + LblName + "')])[" + index + "]", true): Modify property of object successfully

2020-06-08 15:57:40 - [MESSAGE][PASSED] - Modify property of object successfully

2020-06-08 15:57:40 - [TEST_STEP][PASSED] - com.reusableComponents.HighlightElement.run(modifiedLblNm): com.reusableComponents.HighlightElement.run is PASSED

2020-06-08 15:57:40 - [MESSAGE][PASSED] - com.reusableComponents.HighlightElement.run is PASSED

2020-06-08 15:57:40 - [MESSAGE][PASSED] - Call Test Case 'Test Cases/Components/HighlightLabelFieldXPI' successfully

2020-06-08 15:57:40 - [TEST_STEP][PASSED] - callTestCase(findTestCase("Components/HighlightInputIndexField"), ["InputName":"decIntDecisionTo", "index":2], STOP_ON_FAILURE): Call Test Case 'Test Cases/Components/HighlightInputIndexField' successfully

2020-06-08 15:57:40 - [TEST_CASE][PASSED] - Test Cases/Components/HighlightInputIndexField: Test Cases/Components/HighlightInputIndexField

2020-06-08 15:57:40 - [TEST_STEP][PASSED] - Thread.sleep(1000): null

2020-06-08 15:57:41 - [TEST_STEP][PASSED] - modifiedInputFld = modifyObjectProperty(findTestObject("Objects.HighlightElements/input_field_index"), "xpath", "equals", "(//*[contains(@class,'x-form-text') and (@name='" + InputName + "')])[" + index + "]", true): Modify property of object successfully

2020-06-08 15:57:42 - [MESSAGE][PASSED] - Modify property of object successfully

2020-06-08 15:57:42 - [TEST_STEP][PASSED] - com.reusableComponents.HighlightElement.run(modifiedInputFld): com.reusableComponents.HighlightElement.run is PASSED

2020-06-08 15:57:42 - [MESSAGE][PASSED] - com.reusableComponents.HighlightElement.run is PASSED

2020-06-08 15:57:42 - [MESSAGE][PASSED] - Call Test Case 'Test Cases/Components/HighlightInputIndexField' successfully

2020-06-08 15:57:42 - [TEST_STEP][PASSED] - callTestCase(findTestCase("PFI Precision and Scale/PFI Components with Indexing/VerifyDropdownValuesIndex"), ["FldNm":"decIntDecisionTo", "CallTCName":"PFI Precision and Scale/HashMap Tables/OfficerLists", "cmbNm":"DecisionTo", "NoOfVal":2, ... ], STOP_ON_FAILURE): Call Test Case 'Test Cases/PFI Precision and Scale/PFI Components with Indexing/VerifyDropdownValuesIndex' successfully

2020-06-08 15:57:42 - [TEST_CASE][PASSED] - Test Cases/PFI Precision and Scale/PFI Components with Indexing/VerifyDropdownValuesIndex: Test Cases/PFI Precision and Scale/PFI Components with Indexing/VerifyDropdownValuesIndex

2020-06-08 15:57:42 - [TEST_STEP][PASSED] - Thread.sleep(1000): null

2020-06-08 15:57:43 - [TEST_STEP][PASSED] - NewInputNmField = modifyObjectProperty(findTestObject("Object Repository/Objects.HighlightElements/input_field_index"), "xpath", "equals", "(//*[contains(@class,'x-form-text') and (@name='" + FldNm + "')])[" + index + "]", true): Modify property of object successfully

2020-06-08 15:57:43 - [MESSAGE][PASSED] - Modify property of object successfully

2020-06-08 15:57:43 - [TEST_STEP][PASSED] - comboNm = cmbNm: null

2020-06-08 15:57:43 - [TEST_STEP][PASSED] - focus(NewInputNmField): Object: 'Object Repository/Objects.HighlightElements/input_field_index' is focused

2020-06-08 15:57:43 - [MESSAGE][PASSED] - Object: 'Object Repository/Objects.HighlightElements/input_field_index' is focused

2020-06-08 15:57:43 - [TEST_STEP][PASSED] - setText(NewInputNmField, EnterValue): Text '' is set on object 'Object Repository/Objects.HighlightElements/input_field_index'

2020-06-08 15:57:43 - [MESSAGE][PASSED] - Text '' is set on object 'Object Repository/Objects.HighlightElements/input_field_index'

2020-06-08 15:57:43 - [TEST_STEP][PASSED] - for ([i = 1, i <= NoOfVal, (i++)]): Keys 'DOWN + ' sent to object: 'Object Repository/Objects.HighlightElements/input_field_index'

2020-06-08 15:57:43 - [TEST_STEP][PASSED] - sendKeys(NewInputNmField, Keys.chord(ARROW_DOWN)): Keys 'DOWN + ' sent to object: 'Object Repository/Objects.HighlightElements/input_field_index'

2020-06-08 15:57:43 - [MESSAGE][PASSED] - Keys 'DOWN + ' sent to object: 'Object Repository/Objects.HighlightElements/input_field_index'

2020-06-08 15:57:43 - [TEST_STEP][PASSED] - delay(DelayTime): Delayed 0 second(s)

2020-06-08 15:57:43 - [MESSAGE][PASSED] - Delayed 0 second(s)

2020-06-08 15:57:43 - [TEST_STEP][PASSED] - sendKeys(NewInputNmField, Keys.chord(ENTER)): Keys 'ENTER + ' sent to object: 'Object Repository/Objects.HighlightElements/input_field_index'

2020-06-08 15:57:43 - [MESSAGE][PASSED] - Keys 'ENTER + ' sent to object: 'Object Repository/Objects.HighlightElements/input_field_index'

2020-06-08 15:57:43 - [TEST_STEP][PASSED] - ComboBoxValue = getAttribute(NewInputNmField, "value"): Attribute 'value' of object 'Object Repository/Objects.HighlightElements/input_field_index' is: 'Approved'

2020-06-08 15:57:43 - [MESSAGE][PASSED] - Attribute 'value' of object 'Object Repository/Objects.HighlightElements/input_field_index' is: 'Approved'

2020-06-08 15:57:43 - [TEST_STEP][PASSED] - callTestCase(findTestCase(CallTCName), ["FindValue":ComboBoxValue, "DropdownNm":comboNm], STOP_ON_FAILURE): Call Test Case 'Test Cases/PFI Precision and Scale/HashMap Tables/OfficerLists' successfully

2020-06-08 15:57:43 - [TEST_CASE][PASSED] - Test Cases/PFI Precision and Scale/HashMap Tables/OfficerLists: Test Cases/PFI Precision and Scale/HashMap Tables/OfficerLists

2020-06-08 15:57:43 - [TEST_STEP][PASSED] - Thread.sleep(1000): null

2020-06-08 15:57:44 - [TEST_STEP][PASSED] - OfficerLists = [1:"Aaron Sham Wai Lun (AARON)", 2:"Azidah Bte Akmad (Mdm) (USAABD)", 3:"Chung Fong Nyen (USACFN)", 4:"David Tey Dah Wei (DAHWEI)", ... ]: null

2020-06-08 15:57:44 - [TEST_STEP][PASSED] - ValueFound = OfficerLists.find({ -> ... }): null

2020-06-08 15:57:44 - [MESSAGE][PASSED] - Call Test Case 'Test Cases/PFI Precision and Scale/HashMap Tables/OfficerLists' successfully

2020-06-08 15:57:44 - [TEST_STEP][PASSED] - println(ValueFound): null

2020-06-08 15:57:44 - [TEST_STEP][PASSED] - sendKeys(NewInputNmField, Keys.chord(ARROW_DOWN)): Keys 'DOWN + ' sent to object: 'Object Repository/Objects.HighlightElements/input_field_index'

2020-06-08 15:57:44 - [MESSAGE][PASSED] - Keys 'DOWN + ' sent to object: 'Object Repository/Objects.HighlightElements/input_field_index'

2020-06-08 15:57:44 - [TEST_STEP][PASSED] - sendKeys(NewInputNmField, Keys.chord(ARROW_DOWN)): Keys 'DOWN + ' sent to object: 'Object Repository/Objects.HighlightElements/input_field_index'

2020-06-08 15:57:44 - [MESSAGE][PASSED] - Keys 'DOWN + ' sent to object: 'Object Repository/Objects.HighlightElements/input_field_index'

2020-06-08 15:57:44 - [TEST_STEP][PASSED] - delay(DelayTime): Delayed 0 second(s)

2020-06-08 15:57:44 - [MESSAGE][PASSED] - Delayed 0 second(s)

2020-06-08 15:57:44 - [TEST_STEP][PASSED] - sendKeys(NewInputNmField, Keys.chord(ENTER)): Keys 'ENTER + ' sent to object: 'Object Repository/Objects.HighlightElements/input_field_index'

2020-06-08 15:57:45 - [MESSAGE][PASSED] - Keys 'ENTER + ' sent to object: 'Object Repository/Objects.HighlightElements/input_field_index'

2020-06-08 15:57:45 - [TEST_STEP][PASSED] - ComboBoxValue = getAttribute(NewInputNmField, "value"): Attribute 'value' of object 'Object Repository/Objects.HighlightElements/input_field_index' is: 'Disapproved'

2020-06-08 15:57:45 - [MESSAGE][PASSED] - Attribute 'value' of object 'Object Repository/Objects.HighlightElements/input_field_index' is: 'Disapproved'

2020-06-08 15:57:45 - [TEST_STEP][PASSED] - callTestCase(findTestCase(CallTCName), ["FindValue":ComboBoxValue, "DropdownNm":comboNm], STOP_ON_FAILURE): Call Test Case 'Test Cases/PFI Precision and Scale/HashMap Tables/OfficerLists' successfully

2020-06-08 15:57:45 - [TEST_CASE][PASSED] - Test Cases/PFI Precision and Scale/HashMap Tables/OfficerLists: Test Cases/PFI Precision and Scale/HashMap Tables/OfficerLists

2020-06-08 15:57:45 - [TEST_STEP][PASSED] - Thread.sleep(1000): null

2020-06-08 15:57:46 - [TEST_STEP][PASSED] - OfficerLists = [1:"Aaron Sham Wai Lun (AARON)", 2:"Azidah Bte Akmad (Mdm) (USAABD)", 3:"Chung Fong Nyen (USACFN)", 4:"David Tey Dah Wei (DAHWEI)", ... ]: null

2020-06-08 15:57:46 - [TEST_STEP][PASSED] - ValueFound = OfficerLists.find({ -> ... }): null

2020-06-08 15:57:46 - [MESSAGE][PASSED] - Call Test Case 'Test Cases/PFI Precision and Scale/HashMap Tables/OfficerLists' successfully

2020-06-08 15:57:46 - [TEST_STEP][PASSED] - println(ValueFound): null

2020-06-08 15:57:46 - [TEST_STEP][PASSED] - sendKeys(NewInputNmField, Keys.chord(ARROW_DOWN)): Keys 'DOWN + ' sent to object: 'Object Repository/Objects.HighlightElements/input_field_index'

2020-06-08 15:57:46 - [MESSAGE][PASSED] - Keys 'DOWN + ' sent to object: 'Object Repository/Objects.HighlightElements/input_field_index'

2020-06-08 15:57:46 - [TEST_STEP][PASSED] - sendKeys(NewInputNmField, Keys.chord(ENTER)): Keys 'ENTER + ' sent to object: 'Object Repository/Objects.HighlightElements/input_field_index'

2020-06-08 15:57:46 - [MESSAGE][PASSED] - Keys 'ENTER + ' sent to object: 'Object Repository/Objects.HighlightElements/input_field_index'

2020-06-08 15:57:46 - [MESSAGE][PASSED] - Call Test Case 'Test Cases/PFI Precision and Scale/PFI Components with Indexing/VerifyDropdownValuesIndex' successfully

2020-06-08 15:57:46 - [TEST_STEP][PASSED] - callTestCase(findTestCase("Components/SelectAllThenDeleteIndex"), ["nameToBeUsed":"decIntDecisionTo", "index":2], STOP_ON_FAILURE): Call Test Case 'Test Cases/Components/SelectAllThenDeleteIndex' successfully

2020-06-08 15:57:46 - [TEST_CASE][PASSED] - Test Cases/Components/SelectAllThenDeleteIndex: Test Cases/Components/SelectAllThenDeleteIndex

2020-06-08 15:57:46 - [TEST_STEP][PASSED] - Thread.sleep(1000): null

2020-06-08 15:57:47 - [TEST_STEP][PASSED] - modifiedObj = modifyObjectProperty(findTestObject("Object Repository/Objects.HighlightElements/input_field_index"), "xpath", "equals", "(//*[contains(@class,'x-form-text') and (@name='" + nameToBeUsed + "')])[" + index + "]", true): Modify property of object successfully

2020-06-08 15:57:47 - [MESSAGE][PASSED] - Modify property of object successfully

2020-06-08 15:57:47 - [TEST_STEP][PASSED] - focus(modifiedObj): Object: 'Object Repository/Objects.HighlightElements/input_field_index' is focused

2020-06-08 15:57:47 - [MESSAGE][PASSED] - Object: 'Object Repository/Objects.HighlightElements/input_field_index' is focused

2020-06-08 15:57:47 - [TEST_STEP][PASSED] - sendKeys(modifiedObj, Keys.chord(CONTROL, "a")): Keys 'CONTROL + a' sent to object: 'Object Repository/Objects.HighlightElements/input_field_index'

2020-06-08 15:57:47 - [MESSAGE][PASSED] - Keys 'CONTROL + a' sent to object: 'Object Repository/Objects.HighlightElements/input_field_index'

2020-06-08 15:57:47 - [TEST_STEP][PASSED] - sendKeys(modifiedObj, Keys.chord(DELETE)): Keys 'DELETE + ' sent to object: 'Object Repository/Objects.HighlightElements/input_field_index'

2020-06-08 15:57:47 - [MESSAGE][PASSED] - Keys 'DELETE + ' sent to object: 'Object Repository/Objects.HighlightElements/input_field_index'

2020-06-08 15:57:47 - [MESSAGE][PASSED] - Call Test Case 'Test Cases/Components/SelectAllThenDeleteIndex' successfully

2020-06-08 15:57:47 - [TEST_STEP][PASSED] - callTestCase(findTestCase("PFI Precision and Scale/PFI Components with Indexing/RequiredFieldValidationIndex"), ["nameToBeUsed":"decIntDecisionTo", "index":2], STOP_ON_FAILURE): Call Test Case 'Test Cases/PFI Precision and Scale/PFI Components with Indexing/RequiredFieldValidationIndex' successfully

2020-06-08 15:57:47 - [TEST_CASE][PASSED] - Test Cases/PFI Precision and Scale/PFI Components with Indexing/RequiredFieldValidationIndex: Test Cases/PFI Precision and Scale/PFI Components with Indexing/RequiredFieldValidationIndex

2020-06-08 15:57:47 - [TEST_STEP][PASSED] - Thread.sleep(2000): null

2020-06-08 15:57:49 - [TEST_STEP][PASSED] - NewInputNmField = modifyObjectProperty(findTestObject("Objects.HighlightElements/input_field_index"), "xpath", "equals", "(//*[contains(@class,'x-form-text') and (@name='" + nameToBeUsed + "')])[" + index + "]", true): Modify property of object successfully

2020-06-08 15:57:49 - [MESSAGE][PASSED] - Modify property of object successfully

2020-06-08 15:57:49 - [TEST_STEP][PASSED] - mouseOver(NewInputNmField): Object: 'Object Repository/Objects.HighlightElements/input_field_index' is hovered

2020-06-08 15:57:49 - [MESSAGE][PASSED] - Object: 'Object Repository/Objects.HighlightElements/input_field_index' is hovered

2020-06-08 15:57:49 - [TEST_STEP][PASSED] - getRqErrMsg = getAttribute(NewInputNmField, "data-errorqtip"): Attribute 'data-errorqtip' of object 'Object Repository/Objects.HighlightElements/input_field_index' is: '<ul class="x-list-plain"><li>This field is required</li></ul>'

2020-06-08 15:57:49 - [MESSAGE][PASSED] - Attribute 'data-errorqtip' of object 'Object Repository/Objects.HighlightElements/input_field_index' is: '<ul class="x-list-plain"><li>This field is required</li></ul>'

2020-06-08 15:57:49 - [TEST_STEP][PASSED] - strToolTip = getRqErrMsg.substring(29, 61): null

2020-06-08 15:57:49 - [TEST_STEP][PASSED] - toolTipReqErrMsg = strToolTip.substring(0, 22): null

2020-06-08 15:57:49 - [TEST_STEP][PASSED] - verifyMatch(toolTipReqErrMsg, RqField, true): Actual text 'This field is required' and expected text 'This field is required' are matched  using regular expression

2020-06-08 15:57:49 - [MESSAGE][PASSED] - Actual text 'This field is required' and expected text 'This field is required' are matched  using regular expression

2020-06-08 15:57:49 - [MESSAGE][PASSED] - Call Test Case 'Test Cases/PFI Precision and Scale/PFI Components with Indexing/RequiredFieldValidationIndex' successfully

2020-06-08 15:57:49 - [TEST_STEP][PASSED] - callTestCase(findTestCase("Components/HighlightLabelFieldXPI"), ["LblName":"AO Notes", "index":5], STOP_ON_FAILURE): Call Test Case 'Test Cases/Components/HighlightLabelFieldXPI' successfully

2020-06-08 15:57:49 - [TEST_CASE][PASSED] - Test Cases/Components/HighlightLabelFieldXPI: Test Cases/Components/HighlightLabelFieldXPI

2020-06-08 15:57:49 - [TEST_STEP][PASSED] - Thread.sleep(1000): null

2020-06-08 15:57:50 - [TEST_STEP][PASSED] - modifiedLblNm = modifyObjectProperty(findTestObject("Object Repository/Objects.HighlightElements/lblField_index"), "xpath", "equals", "(//*[contains(@class, 'x-form-item-label-inner x-form-item-label-inner-default') and contains(., '" + LblName + "')])[" + index + "]", true): Modify property of object successfully

2020-06-08 15:57:50 - [MESSAGE][PASSED] - Modify property of object successfully

2020-06-08 15:57:50 - [TEST_STEP][PASSED] - com.reusableComponents.HighlightElement.run(modifiedLblNm): com.reusableComponents.HighlightElement.run is PASSED

2020-06-08 15:57:51 - [MESSAGE][PASSED] - com.reusableComponents.HighlightElement.run is PASSED

2020-06-08 15:57:51 - [MESSAGE][PASSED] - Call Test Case 'Test Cases/Components/HighlightLabelFieldXPI' successfully

2020-06-08 15:57:51 - [TEST_STEP][PASSED] - callTestCase(findTestCase("Components/HighlightInputIndexField"), ["InputName":"decIntAONotes", "index":2], STOP_ON_FAILURE): Call Test Case 'Test Cases/Components/HighlightInputIndexField' successfully

2020-06-08 15:57:51 - [TEST_CASE][PASSED] - Test Cases/Components/HighlightInputIndexField: Test Cases/Components/HighlightInputIndexField

2020-06-08 15:57:51 - [TEST_STEP][PASSED] - Thread.sleep(1000): null

2020-06-08 15:57:52 - [TEST_STEP][PASSED] - modifiedInputFld = modifyObjectProperty(findTestObject("Objects.HighlightElements/input_field_index"), "xpath", "equals", "(//*[contains(@class,'x-form-text') and (@name='" + InputName + "')])[" + index + "]", true): Modify property of object successfully

2020-06-08 15:57:52 - [MESSAGE][PASSED] - Modify property of object successfully

2020-06-08 15:57:52 - [TEST_STEP][PASSED] - com.reusableComponents.HighlightElement.run(modifiedInputFld): com.reusableComponents.HighlightElement.run is PASSED

2020-06-08 15:57:52 - [MESSAGE][PASSED] - com.reusableComponents.HighlightElement.run is PASSED

2020-06-08 15:57:52 - [MESSAGE][PASSED] - Call Test Case 'Test Cases/Components/HighlightInputIndexField' successfully

2020-06-08 15:57:52 - [TEST_STEP][PASSED] - callTestCase(findTestCase("PFI Precision and Scale/PFI Components with Indexing/AlphaNumericSpecialValidationIndex"), ["FldNm":"decIntAONotes", "LenChar":10, "index":2], STOP_ON_FAILURE): Call Test Case 'Test Cases/PFI Precision and Scale/PFI Components with Indexing/AlphaNumericSpecialValidationIndex' successfully

2020-06-08 15:57:52 - [TEST_CASE][PASSED] - Test Cases/PFI Precision and Scale/PFI Components with Indexing/AlphaNumericSpecialValidationIndex: Test Cases/PFI Precision and Scale/PFI Components with Indexing/AlphaNumericSpecialValidationIndex

2020-06-08 15:57:52 - [TEST_STEP][PASSED] - charset = /?><"".join(): null

2020-06-08 15:57:52 - [TEST_STEP][PASSED] - AlphaNumeric = 9).join(): null

2020-06-08 15:57:52 - [TEST_STEP][PASSED] - SpecialChar = "`~!@#$%^&*()-=+_{}|\][;'":,./?><"": null

2020-06-08 15:57:52 - [TEST_STEP][PASSED] - RandomString = RandomStringUtils.random(LenChar, AlphaNumeric.toCharArray()): null

2020-06-08 15:57:52 - [TEST_STEP][PASSED] - RdmSpChar = RandomStringUtils.random(LenChar, SpecialChar): null

2020-06-08 15:57:52 - [TEST_STEP][PASSED] - regexPat = Pattern.compile("^[A-Za-z0-9 ]+$"): null

2020-06-08 15:57:52 - [TEST_STEP][PASSED] - NewInputNmField = modifyObjectProperty(findTestObject("Object Repository/Objects.HighlightElements/input_field_index"), "xpath", "equals", "(//*[contains(@class,'x-form-text') and (@name='" + FldNm + "')])[" + index + "]", true): Modify property of object successfully

2020-06-08 15:57:52 - [MESSAGE][PASSED] - Modify property of object successfully

2020-06-08 15:57:52 - [TEST_STEP][PASSED] - setText(NewInputNmField, RandomString): Text 'Rtzcf2sZ6Q' is set on object 'Object Repository/Objects.HighlightElements/input_field_index'

2020-06-08 15:57:53 - [MESSAGE][PASSED] - Text 'Rtzcf2sZ6Q' is set on object 'Object Repository/Objects.HighlightElements/input_field_index'

2020-06-08 15:57:53 - [TEST_STEP][PASSED] - RemarksAN = getAttribute(NewInputNmField, "value"): Attribute 'value' of object 'Object Repository/Objects.HighlightElements/input_field_index' is: 'Rtzcf2sZ6Q'

2020-06-08 15:57:53 - [MESSAGE][PASSED] - Attribute 'value' of object 'Object Repository/Objects.HighlightElements/input_field_index' is: 'Rtzcf2sZ6Q'

2020-06-08 15:57:53 - [TEST_STEP][PASSED] - matchStr = regexPat.matcher(RemarksAN): null

2020-06-08 15:57:53 - [TEST_STEP][PASSED] - if (matchStr.matches() == true): Accepting Alphanumeric

2020-06-08 15:57:53 - [TEST_STEP][PASSED] - comment("Accepting Alphanumeric"): Accepting Alphanumeric

2020-06-08 15:57:53 - [MESSAGE][INFO] - Accepting Alphanumeric

2020-06-08 15:57:53 - [TEST_STEP][PASSED] - setText(NewInputNmField, RdmSpChar): Text '(%",=|`[=|' is set on object 'Object Repository/Objects.HighlightElements/input_field_index'

2020-06-08 15:57:53 - [MESSAGE][PASSED] - Text '(%",=|`[=|' is set on object 'Object Repository/Objects.HighlightElements/input_field_index'

2020-06-08 15:57:53 - [TEST_STEP][PASSED] - RemarksSpChar = getAttribute(NewInputNmField, "value"): Attribute 'value' of object 'Object Repository/Objects.HighlightElements/input_field_index' is: '(%",=|`[=|'

2020-06-08 15:57:53 - [MESSAGE][PASSED] - Attribute 'value' of object 'Object Repository/Objects.HighlightElements/input_field_index' is: '(%",=|`[=|'

2020-06-08 15:57:53 - [TEST_STEP][PASSED] - matchSp = regexPat.matcher(RemarksSpChar): null

2020-06-08 15:57:53 - [TEST_STEP][PASSED] - if (matchSp.matches() == false): Accepting Special Characters

2020-06-08 15:57:53 - [TEST_STEP][PASSED] - comment("Accepting Special Characters"): Accepting Special Characters

2020-06-08 15:57:53 - [MESSAGE][INFO] - Accepting Special Characters

2020-06-08 15:57:53 - [MESSAGE][PASSED] - Call Test Case 'Test Cases/PFI Precision and Scale/PFI Components with Indexing/AlphaNumericSpecialValidationIndex' successfully

2020-06-08 15:57:53 - [TEST_STEP][PASSED] - callTestCase(findTestCase("PFI Precision and Scale/PFI Components with Indexing/MaxCharLengthIndexValidation"), ["FieldNm":"decIntAONotes", "index":2, "MaxCharLen":4006], STOP_ON_FAILURE): Call Test Case 'Test Cases/PFI Precision and Scale/PFI Components with Indexing/MaxCharLengthIndexValidation' successfully

2020-06-08 15:57:53 - [TEST_CASE][PASSED] - Test Cases/PFI Precision and Scale/PFI Components with Indexing/MaxCharLengthIndexValidation: Test Cases/PFI Precision and Scale/PFI Components with Indexing/MaxCharLengthIndexValidation

2020-06-08 15:57:53 - [TEST_STEP][PASSED] - Thread.sleep(1000): null

2020-06-08 15:57:54 - [TEST_STEP][PASSED] - CharLengthTBL = ["aoNotes":4000, "notes":4000, "hseBlkNo":10, "buildingName":100, "unformattedAddress":4000, "courtNo":20, "caseGrpDesc":4000, ... ]: null

2020-06-08 15:57:54 - [TEST_STEP][PASSED] - charset = /?><"".join(): null

2020-06-08 15:57:54 - [TEST_STEP][PASSED] - RandomStringVal = RandomStringUtils.random(MaxCharLen, charset.toCharArray()): null

2020-06-08 15:57:54 - [TEST_STEP][PASSED] - NewInputNmField = modifyObjectProperty(findTestObject("Object Repository/Objects.HighlightElements/input_field_index"), "xpath", "equals", "(//*[contains(@class,'x-form-text') and (@name='" + FieldNm + "')])[" + index + "]", true): Modify property of object successfully

2020-06-08 15:57:54 - [MESSAGE][PASSED] - Modify property of object successfully

2020-06-08 15:57:54 - [TEST_STEP][PASSED] - setText(NewInputNmField, RandomStringVal): Text 'w/pm08?.~"].tbsij4L'|q,,@A]fw)gvBc[`fH'U]SGDCJk"h"1N#vYkMuRjZ"ec'RLL"1iL`PBVn~zIz2x%qN'LYh%sf:!B&u-V-t;V5fvU%QKX8~`#Yt}i}=i#k1"9;Un1dnAWx%DMD5Sz*.l2"zD4jP#C>dFk\@8`a]E$j:!o`3IXcON{7%,x2d7DY\.#G_n\Ay#Nn0$}WD!@bg36AHGG:{sF%7qlh#=VTCiaj%Uf5c*1/*G4J~|7<5Dr/Q!LZn%hDN5:Fd%mvLB2^,<TyL<CVW}^&h]w!Cnka[N:Zbqq<R@=6tQQ"5+AO\`s:)YyQ]9%89)z2u-W[pkNDWkJDL(mA*>Vc@q(JK#OpsbT"&bp%}l8\"27K/#&Ma+S\W}CQeR4KOEm"nHx=T#}\x6t?1"y8:wI?iRr~20Zk3jQ|O65^FV\$i8RB8i,0T'gf74SkwwhRQE0rQ-rX"2\N(&7f6'e7Aj+oPt[/|DVI"g+n`z~b:r"ssZe3V+P4{V'-Z<>S?rYyu,0_,,"bpUd#9-q+5O5~MW_eOln2\_]%8?v}li+G-Iq;tg`f0fkB"U7-s.o)F9zf!xg\nw9%l..$Ok^vM}|TW,UX*$2oW/|6tUK-Jm;CGWt#zc$Yo,'!F{W`]}/.znbnWz@b{A$AG@+y.OM],uAO;l1lk*@1x.#-DH-?!eE.3blO_k,g+,1G\We>9BuaFl;l40Z]!970>[t9r8"?&Z}D70C\K}2R&[<h[32YHuj`+AvG*rP^,Pzd9!U>cgu`d\fM"y{8V@!>dwOU=We6uIDQa_0]|66[XI$94<{(t<Dg_S5Cw\e"<({YS}Qejaht>Hi3sR}3[M@IpwxXg-Jm0iRV+h`3jG[D_|B"%VUq(WnG?LN0+$Av[G3,."[K_=.As,P9?P;sKrww\fX\N_Nd{3p"VUE|Dc}#&mLgh:8y.t|6k_NV-c"`V|DFR@SUIA~PY(Cvr/F"e\JPI{h,B#rHH~?n{F>mlM}t(Zg!q>&}pRH5N?\On(Mz@8oR;O?2G!rCQ54]Ig*#gpenTUf*ou`m`A._5=VQjXo"v8]F"am--[5$Q`f3=KtN2~twU[pa*ZWmVx}H9"vl9I-OX4^VNlA.ub61D$EGbhf%-bDs_=!]s}!iD.w.Rq@fnq~#>TtX1"k^je?$#wmOy<NhNnDDwV9_M<<5>#%`^,I;-vyqW4}iQ_Lrf]K-~drQjacI8dy(uB}N'Y<I5Rn;#DP0~q=j^rPId=I^?<_t]@{Z)kosj#!pM/@u"~q6`w@fQvTAO1l*<&I?`t]4Y+Wu.A&FB9~z3:TFk3Y$0!hf|?SX6g$/aySF^By\{W"HT'XG{Ulr`Yu%@J8F?E-u5?Exjiu,C\lWL84<0c?,U<4/}%!+W[]U=Eu|wGMrB_[m<_%JoecI9$g8%}tLX.)#-HB"r{T~fCXzA'm)$r2;Ls8{`SJ@y4'<N/3ic[Cj=LDI>i9DT8-ZWIZa*TOd8@fnRq2b$=]1Rfc"$p%8Wy9%u1{sm9a>Vui\eYRwxTqZ?e={GV@%~O'p"GZ$JV{F"6@MO)W?jo`<BI~weh>}Z'T;'k76$0O#0m?gL"'hB\mX[#+@PqpdjQ2'JpmFSA6d9Y<^r0n.204i(VR~LzjF'+ySc')A~vBJc|N5JCn}@c<\HYUse}R"u)!13IBo<tS*=/[Y3VDdlO{-]=",EJ{~Q-.ax.wR9T?pK"CfN_WjBS}`^+v7ofJ0LaXZyH^bUT;0K@XW8>o^@;/sg;"^_k7p(HK^EJM^';~>XCv-%il[G!}g[<g=`@s#Y3U<gMD;G9qLjpnDFt5rzI)C"~oO#]/wW9YZ;WIu57tg<n{RWV);wcjIk"|p}qxD9"|`cW>NGo}ggYW{WN|Rz#.cH&6<W@Poh/P1\$$kGgs=QISg0yQNW$fUxE_{dU>,j!R"+&GlXWm|kU;b3fS9/_uQP$5>6B-)A~4zGy(LpzTOH:9f'GQW9Z+$79_P=?yC>+?k2YwCrne8"GmA`Z8.YF)>"S"99BVv_-,}sI<vTET`k0d:FJ(wGS$%Ko`F=\[o#"r"qk(8PmIF73I])yX4"$41Py`@_'TWz{W}Q_.9oBaqvt{zx!6ml2IqvBEK,O~?TiE@.I/<C,t)o~f:2z9ry3`tg%Ik"ZGGe5VdVY,*=Jq!OG[ckDZ{{E?KLg4K|s<&G}iR0\X,s|(TGo8MT5%W-2Ivmdq6K3+iy-+>mh!|ki*5Zplk+7.{joWl3G,)"I{{L}voE$&&4|{U12H+a"7}pMnIR:J*zT^>sX8.(JxLSs&m{+q53(J&[&S;]jQ9W;S0u=@1F=Ewc|O+x<7"@C"v@T^!L{#G-T'5_CSs+N2Fcj8xq.]iIH;R?m(Ir(@l|J\npM[/{_"M%Ojs|$NXBgu5ycG004.N`<43*f9.bIvcE<0>4D_7S"J9$}0Q}x/C(~O"-;.'sbl,#k9X9Eaq]ReV$"?u\uL/48>7;|^fUxRf8SHg_z)h\vOKD>w^N/9;RlUtgI.}Kf^i<G|^3D:h!$rt1?2hM202${LT;c{pK+/{#g)0m~7Ew>6P{0@'TXtSJTH;{J0@^qOP>Miy<|6~3p~!0:zO;t2+#;j@Cfp/V6(}9txf"8d~M_6C[<T1vif63r!T(k:6&|bey/}*]CvO}_QLw#zInEclrXyZVp"U#g.24dzj:-Q^Fu_S1WyOEm#k(#YH<Y{&f^j"OnjF7dRhOMN~7N.L96Ybv_?*FuQ)G>"LFW?1SMN4&2t,QSIJ0+3Pt9.n:r~4rQW+hj'zkYU's3/Ahu%7Za(N?.d$Y?G3*"h_5z1poN_I>@(yN"'g,jA;/i&96KhO](?Zhd+lc#xB[!B"\rjgDx\N8o[,pS9Mm<geJF,_V_[rA(lU:]%eA<^C|*m{1{%&7Am(_V)Yg|eVJ|)LTG*yZ,VVn<BM,<<H*&a86-fN9({aoqz)wIO!dDe:rPHWbf<|d2eSR*DTPRBXxq]s1lRv]z@B_4A*[e=/lth2bC$XX>]C=/&bNVqHy!,1at7Y1\2dhSm@"8x\iH@rm88-"@\UP\5=A6;V?2<bU`'Y**He+m"q?HsBS3]d(|ej`R_gstI39g?7Th{)-YpDvA}9u94gm{|B^1}e~7*@3d0Nx]`W:B#$Tgy0KHRme+"6]BNOO;^~a6n\-H@<q]q<1B0iVfsaTd!1/!w]x&g5h6"I;dL'gIbOH3P0W'r15+7zcdhu2V75''hdY@w"Jp#/y"7u75e]xqh(Ef/`E?F:8^3+%+JLF+H>"&{I"RE5hX=jFuA`te"I4j$4Kjl$_h8z6O=R45+=4\ckXGp7k0ZMO(%a>j"3A*owl7\;OM"lK4'.y@o*#Nlr"LZR;KJEK3i4;Q=dE)f=jcg?Qn)L#J'ewK(ED!7B&eZns0)k+A")'NjP691\]zU6&1hwv$4c'j}a]tBWH;`3"onc%o{{mPKQN>J'2CT+82!xZpne}\dzLtBL!Q-!]<K(-6(`]'tXF4q!+1:rCvi7zJVgWNUrG<MYLY3yqIX7IO;b)/*ZqGx[[!?PqZCXcCe$x8/']%PAFD{fp3n'Wc?vyrqL|xVBC$4omt;HL0goN@mjHI0}ev6_ajZnaGC?os3C#P4:mX7*F,<r>b8G`c&L$`\bDlYS}03#iQ4IDby[UIx21_31t1ROZilb6!P.'evF:OL["tJ"(Ok:nU;_G&u9'^Rf9,IJss|elhGxolP0b4-^@a:('[fnrBo8\oBtuv.l<b?M^iypXB^>;\;,F2{i}`3$;C(>Y'H.Bn,ZjM(:Jwbk9-8\D\rfy("-Oh[}PQ,oD>h-mr71c/7#wuR3":q+L5H#%ku!q:!O.Gx8DXlS_)n"(1n$]_>Td+<I?+!ugH8mg}T'lk#15,-ZY,DcGD[Y#&y]yh?*$i9n9(/qGkH%6M@PrY>o}DX<.[:eJoDHwo%l'Qup--l:#tF,f(K^hqX0V]re>s(jZ98&GA{;6H~WGSDxbTLUuv?As|XE.y`Y"s(]]dnY@uA8^(Z)owBrQV2*R8$>G=UI]f9nv0>UFx!"UaMIn' is set on object 'Object Repository/Objects.HighlightElements/input_field_index'

2020-06-08 15:58:06 - [MESSAGE][PASSED] - Text 'w/pm08?.~"].tbsij4L'|q,,@A]fw)gvBc[`fH'U]SGDCJk"h"1N#vYkMuRjZ"ec'RLL"1iL`PBVn~zIz2x%qN'LYh%sf:!B&u-V-t;V5fvU%QKX8~`#Yt}i}=i#k1"9;Un1dnAWx%DMD5Sz*.l2"zD4jP#C>dFk\@8`a]E$j:!o`3IXcON{7%,x2d7DY\.#G_n\Ay#Nn0$}WD!@bg36AHGG:{sF%7qlh#=VTCiaj%Uf5c*1/*G4J~|7<5Dr/Q!LZn%hDN5:Fd%mvLB2^,<TyL<CVW}^&h]w!Cnka[N:Zbqq<R@=6tQQ"5+AO\`s:)YyQ]9%89)z2u-W[pkNDWkJDL(mA*>Vc@q(JK#OpsbT"&bp%}l8\"27K/#&Ma+S\W}CQeR4KOEm"nHx=T#}\x6t?1"y8:wI?iRr~20Zk3jQ|O65^FV\$i8RB8i,0T'gf74SkwwhRQE0rQ-rX"2\N(&7f6'e7Aj+oPt[/|DVI"g+n`z~b:r"ssZe3V+P4{V'-Z<>S?rYyu,0_,,"bpUd#9-q+5O5~MW_eOln2\_]%8?v}li+G-Iq;tg`f0fkB"U7-s.o)F9zf!xg\nw9%l..$Ok^vM}|TW,UX*$2oW/|6tUK-Jm;CGWt#zc$Yo,'!F{W`]}/.znbnWz@b{A$AG@+y.OM],uAO;l1lk*@1x.#-DH-?!eE.3blO_k,g+,1G\We>9BuaFl;l40Z]!970>[t9r8"?&Z}D70C\K}2R&[<h[32YHuj`+AvG*rP^,Pzd9!U>cgu`d\fM"y{8V@!>dwOU=We6uIDQa_0]|66[XI$94<{(t<Dg_S5Cw\e"<({YS}Qejaht>Hi3sR}3[M@IpwxXg-Jm0iRV+h`3jG[D_|B"%VUq(WnG?LN0+$Av[G3,."[K_=.As,P9?P;sKrww\fX\N_Nd{3p"VUE|Dc}#&mLgh:8y.t|6k_NV-c"`V|DFR@SUIA~PY(Cvr/F"e\JPI{h,B#rHH~?n{F>mlM}t(Zg!q>&}pRH5N?\On(Mz@8oR;O?2G!rCQ54]Ig*#gpenTUf*ou`m`A._5=VQjXo"v8]F"am--[5$Q`f3=KtN2~twU[pa*ZWmVx}H9"vl9I-OX4^VNlA.ub61D$EGbhf%-bDs_=!]s}!iD.w.Rq@fnq~#>TtX1"k^je?$#wmOy<NhNnDDwV9_M<<5>#%`^,I;-vyqW4}iQ_Lrf]K-~drQjacI8dy(uB}N'Y<I5Rn;#DP0~q=j^rPId=I^?<_t]@{Z)kosj#!pM/@u"~q6`w@fQvTAO1l*<&I?`t]4Y+Wu.A&FB9~z3:TFk3Y$0!hf|?SX6g$/aySF^By\{W"HT'XG{Ulr`Yu%@J8F?E-u5?Exjiu,C\lWL84<0c?,U<4/}%!+W[]U=Eu|wGMrB_[m<_%JoecI9$g8%}tLX.)#-HB"r{T~fCXzA'm)$r2;Ls8{`SJ@y4'<N/3ic[Cj=LDI>i9DT8-ZWIZa*TOd8@fnRq2b$=]1Rfc"$p%8Wy9%u1{sm9a>Vui\eYRwxTqZ?e={GV@%~O'p"GZ$JV{F"6@MO)W?jo`<BI~weh>}Z'T;'k76$0O#0m?gL"'hB\mX[#+@PqpdjQ2'JpmFSA6d9Y<^r0n.204i(VR~LzjF'+ySc')A~vBJc|N5JCn}@c<\HYUse}R"u)!13IBo<tS*=/[Y3VDdlO{-]=",EJ{~Q-.ax.wR9T?pK"CfN_WjBS}`^+v7ofJ0LaXZyH^bUT;0K@XW8>o^@;/sg;"^_k7p(HK^EJM^';~>XCv-%il[G!}g[<g=`@s#Y3U<gMD;G9qLjpnDFt5rzI)C"~oO#]/wW9YZ;WIu57tg<n{RWV);wcjIk"|p}qxD9"|`cW>NGo}ggYW{WN|Rz#.cH&6<W@Poh/P1\$$kGgs=QISg0yQNW$fUxE_{dU>,j!R"+&GlXWm|kU;b3fS9/_uQP$5>6B-)A~4zGy(LpzTOH:9f'GQW9Z+$79_P=?yC>+?k2YwCrne8"GmA`Z8.YF)>"S"99BVv_-,}sI<vTET`k0d:FJ(wGS$%Ko`F=\[o#"r"qk(8PmIF73I])yX4"$41Py`@_'TWz{W}Q_.9oBaqvt{zx!6ml2IqvBEK,O~?TiE@.I/<C,t)o~f:2z9ry3`tg%Ik"ZGGe5VdVY,*=Jq!OG[ckDZ{{E?KLg4K|s<&G}iR0\X,s|(TGo8MT5%W-2Ivmdq6K3+iy-+>mh!|ki*5Zplk+7.{joWl3G,)"I{{L}voE$&&4|{U12H+a"7}pMnIR:J*zT^>sX8.(JxLSs&m{+q53(J&[&S;]jQ9W;S0u=@1F=Ewc|O+x<7"@C"v@T^!L{#G-T'5_CSs+N2Fcj8xq.]iIH;R?m(Ir(@l|J\npM[/{_"M%Ojs|$NXBgu5ycG004.N`<43*f9.bIvcE<0>4D_7S"J9$}0Q}x/C(~O"-;.'sbl,#k9X9Eaq]ReV$"?u\uL/48>7;|^fUxRf8SHg_z)h\vOKD>w^N/9;RlUtgI.}Kf^i<G|^3D:h!$rt1?2hM202${LT;c{pK+/{#g)0m~7Ew>6P{0@'TXtSJTH;{J0@^qOP>Miy<|6~3p~!0:zO;t2+#;j@Cfp/V6(}9txf"8d~M_6C[<T1vif63r!T(k:6&|bey/}*]CvO}_QLw#zInEclrXyZVp"U#g.24dzj:-Q^Fu_S1WyOEm#k(#YH<Y{&f^j"OnjF7dRhOMN~7N.L96Ybv_?*FuQ)G>"LFW?1SMN4&2t,QSIJ0+3Pt9.n:r~4rQW+hj'zkYU's3/Ahu%7Za(N?.d$Y?G3*"h_5z1poN_I>@(yN"'g,jA;/i&96KhO](?Zhd+lc#xB[!B"\rjgDx\N8o[,pS9Mm<geJF,_V_[rA(lU:]%eA<^C|*m{1{%&7Am(_V)Yg|eVJ|)LTG*yZ,VVn<BM,<<H*&a86-fN9({aoqz)wIO!dDe:rPHWbf<|d2eSR*DTPRBXxq]s1lRv]z@B_4A*[e=/lth2bC$XX>]C=/&bNVqHy!,1at7Y1\2dhSm@"8x\iH@rm88-"@\UP\5=A6;V?2<bU`'Y**He+m"q?HsBS3]d(|ej`R_gstI39g?7Th{)-YpDvA}9u94gm{|B^1}e~7*@3d0Nx]`W:B#$Tgy0KHRme+"6]BNOO;^~a6n\-H@<q]q<1B0iVfsaTd!1/!w]x&g5h6"I;dL'gIbOH3P0W'r15+7zcdhu2V75''hdY@w"Jp#/y"7u75e]xqh(Ef/`E?F:8^3+%+JLF+H>"&{I"RE5hX=jFuA`te"I4j$4Kjl$_h8z6O=R45+=4\ckXGp7k0ZMO(%a>j"3A*owl7\;OM"lK4'.y@o*#Nlr"LZR;KJEK3i4;Q=dE)f=jcg?Qn)L#J'ewK(ED!7B&eZns0)k+A")'NjP691\]zU6&1hwv$4c'j}a]tBWH;`3"onc%o{{mPKQN>J'2CT+82!xZpne}\dzLtBL!Q-!]<K(-6(`]'tXF4q!+1:rCvi7zJVgWNUrG<MYLY3yqIX7IO;b)/*ZqGx[[!?PqZCXcCe$x8/']%PAFD{fp3n'Wc?vyrqL|xVBC$4omt;HL0goN@mjHI0}ev6_ajZnaGC?os3C#P4:mX7*F,<r>b8G`c&L$`\bDlYS}03#iQ4IDby[UIx21_31t1ROZilb6!P.'evF:OL["tJ"(Ok:nU;_G&u9'^Rf9,IJss|elhGxolP0b4-^@a:('[fnrBo8\oBtuv.l<b?M^iypXB^>;\;,F2{i}`3$;C(>Y'H.Bn,ZjM(:Jwbk9-8\D\rfy("-Oh[}PQ,oD>h-mr71c/7#wuR3":q+L5H#%ku!q:!O.Gx8DXlS_)n"(1n$]_>Td+<I?+!ugH8mg}T'lk#15,-ZY,DcGD[Y#&y]yh?*$i9n9(/qGkH%6M@PrY>o}DX<.[:eJoDHwo%l'Qup--l:#tF,f(K^hqX0V]re>s(jZ98&GA{;6H~WGSDxbTLUuv?As|XE.y`Y"s(]]dnY@uA8^(Z)owBrQV2*R8$>G=UI]f9nv0>UFx!"UaMIn' is set on object 'Object Repository/Objects.HighlightElements/input_field_index'

2020-06-08 15:58:06 - [TEST_STEP][PASSED] - GetInputValue = getAttribute(NewInputNmField, "value", STOP_ON_FAILURE): Attribute 'value' of object 'Object Repository/Objects.HighlightElements/input_field_index' is: 'w/pm08?.~"].tbsij4L'|q,,@A]fw)gvBc[`fH'U]SGDCJk"h"1N#vYkMuRjZ"ec'RLL"1iL`PBVn~zIz2x%qN'LYh%sf:!B&u-V-t;V5fvU%QKX8~`#Yt}i}=i#k1"9;Un1dnAWx%DMD5Sz*.l2"zD4jP#C>dFk\@8`a]E$j:!o`3IXcON{7%,x2d7DY\.#G_n\Ay#Nn0$}WD!@bg36AHGG:{sF%7qlh#=VTCiaj%Uf5c*1/*G4J~|7<5Dr/Q!LZn%hDN5:Fd%mvLB2^,<TyL<CVW}^&h]w!Cnka[N:Zbqq<R@=6tQQ"5+AO\`s:)YyQ]9%89)z2u-W[pkNDWkJDL(mA*>Vc@q(JK#OpsbT"&bp%}l8\"27K/#&Ma+S\W}CQeR4KOEm"nHx=T#}\x6t?1"y8:wI?iRr~20Zk3jQ|O65^FV\$i8RB8i,0T'gf74SkwwhRQE0rQ-rX"2\N(&7f6'e7Aj+oPt[/|DVI"g+n`z~b:r"ssZe3V+P4{V'-Z<>S?rYyu,0_,,"bpUd#9-q+5O5~MW_eOln2\_]%8?v}li+G-Iq;tg`f0fkB"U7-s.o)F9zf!xg\nw9%l..$Ok^vM}|TW,UX*$2oW/|6tUK-Jm;CGWt#zc$Yo,'!F{W`]}/.znbnWz@b{A$AG@+y.OM],uAO;l1lk*@1x.#-DH-?!eE.3blO_k,g+,1G\We>9BuaFl;l40Z]!970>[t9r8"?&Z}D70C\K}2R&[<h[32YHuj`+AvG*rP^,Pzd9!U>cgu`d\fM"y{8V@!>dwOU=We6uIDQa_0]|66[XI$94<{(t<Dg_S5Cw\e"<({YS}Qejaht>Hi3sR}3[M@IpwxXg-Jm0iRV+h`3jG[D_|B"%VUq(WnG?LN0+$Av[G3,."[K_=.As,P9?P;sKrww\fX\N_Nd{3p"VUE|Dc}#&mLgh:8y.t|6k_NV-c"`V|DFR@SUIA~PY(Cvr/F"e\JPI{h,B#rHH~?n{F>mlM}t(Zg!q>&}pRH5N?\On(Mz@8oR;O?2G!rCQ54]Ig*#gpenTUf*ou`m`A._5=VQjXo"v8]F"am--[5$Q`f3=KtN2~twU[pa*ZWmVx}H9"vl9I-OX4^VNlA.ub61D$EGbhf%-bDs_=!]s}!iD.w.Rq@fnq~#>TtX1"k^je?$#wmOy<NhNnDDwV9_M<<5>#%`^,I;-vyqW4}iQ_Lrf]K-~drQjacI8dy(uB}N'Y<I5Rn;#DP0~q=j^rPId=I^?<_t]@{Z)kosj#!pM/@u"~q6`w@fQvTAO1l*<&I?`t]4Y+Wu.A&FB9~z3:TFk3Y$0!hf|?SX6g$/aySF^By\{W"HT'XG{Ulr`Yu%@J8F?E-u5?Exjiu,C\lWL84<0c?,U<4/}%!+W[]U=Eu|wGMrB_[m<_%JoecI9$g8%}tLX.)#-HB"r{T~fCXzA'm)$r2;Ls8{`SJ@y4'<N/3ic[Cj=LDI>i9DT8-ZWIZa*TOd8@fnRq2b$=]1Rfc"$p%8Wy9%u1{sm9a>Vui\eYRwxTqZ?e={GV@%~O'p"GZ$JV{F"6@MO)W?jo`<BI~weh>}Z'T;'k76$0O#0m?gL"'hB\mX[#+@PqpdjQ2'JpmFSA6d9Y<^r0n.204i(VR~LzjF'+ySc')A~vBJc|N5JCn}@c<\HYUse}R"u)!13IBo<tS*=/[Y3VDdlO{-]=",EJ{~Q-.ax.wR9T?pK"CfN_WjBS}`^+v7ofJ0LaXZyH^bUT;0K@XW8>o^@;/sg;"^_k7p(HK^EJM^';~>XCv-%il[G!}g[<g=`@s#Y3U<gMD;G9qLjpnDFt5rzI)C"~oO#]/wW9YZ;WIu57tg<n{RWV);wcjIk"|p}qxD9"|`cW>NGo}ggYW{WN|Rz#.cH&6<W@Poh/P1\$$kGgs=QISg0yQNW$fUxE_{dU>,j!R"+&GlXWm|kU;b3fS9/_uQP$5>6B-)A~4zGy(LpzTOH:9f'GQW9Z+$79_P=?yC>+?k2YwCrne8"GmA`Z8.YF)>"S"99BVv_-,}sI<vTET`k0d:FJ(wGS$%Ko`F=\[o#"r"qk(8PmIF73I])yX4"$41Py`@_'TWz{W}Q_.9oBaqvt{zx!6ml2IqvBEK,O~?TiE@.I/<C,t)o~f:2z9ry3`tg%Ik"ZGGe5VdVY,*=Jq!OG[ckDZ{{E?KLg4K|s<&G}iR0\X,s|(TGo8MT5%W-2Ivmdq6K3+iy-+>mh!|ki*5Zplk+7.{joWl3G,)"I{{L}voE$&&4|{U12H+a"7}pMnIR:J*zT^>sX8.(JxLSs&m{+q53(J&[&S;]jQ9W;S0u=@1F=Ewc|O+x<7"@C"v@T^!L{#G-T'5_CSs+N2Fcj8xq.]iIH;R?m(Ir(@l|J\npM[/{_"M%Ojs|$NXBgu5ycG004.N`<43*f9.bIvcE<0>4D_7S"J9$}0Q}x/C(~O"-;.'sbl,#k9X9Eaq]ReV$"?u\uL/48>7;|^fUxRf8SHg_z)h\vOKD>w^N/9;RlUtgI.}Kf^i<G|^3D:h!$rt1?2hM202${LT;c{pK+/{#g)0m~7Ew>6P{0@'TXtSJTH;{J0@^qOP>Miy<|6~3p~!0:zO;t2+#;j@Cfp/V6(}9txf"8d~M_6C[<T1vif63r!T(k:6&|bey/}*]CvO}_QLw#zInEclrXyZVp"U#g.24dzj:-Q^Fu_S1WyOEm#k(#YH<Y{&f^j"OnjF7dRhOMN~7N.L96Ybv_?*FuQ)G>"LFW?1SMN4&2t,QSIJ0+3Pt9.n:r~4rQW+hj'zkYU's3/Ahu%7Za(N?.d$Y?G3*"h_5z1poN_I>@(yN"'g,jA;/i&96KhO](?Zhd+lc#xB[!B"\rjgDx\N8o[,pS9Mm<geJF,_V_[rA(lU:]%eA<^C|*m{1{%&7Am(_V)Yg|eVJ|)LTG*yZ,VVn<BM,<<H*&a86-fN9({aoqz)wIO!dDe:rPHWbf<|d2eSR*DTPRBXxq]s1lRv]z@B_4A*[e=/lth2bC$XX>]C=/&bNVqHy!,1at7Y1\2dhSm@"8x\iH@rm88-"@\UP\5=A6;V?2<bU`'Y**He+m"q?HsBS3]d(|ej`R_gstI39g?7Th{)-YpDvA}9u94gm{|B^1}e~7*@3d0Nx]`W:B#$Tgy0KHRme+"6]BNOO;^~a6n\-H@<q]q<1B0iVfsaTd!1/!w]x&g5h6"I;dL'gIbOH3P0W'r15+7zcdhu2V75''hdY@w"Jp#/y"7u75e]xqh(Ef/`E?F:8^3+%+JLF+H>"&{I"RE5hX=jFuA`te"I4j$4Kjl$_h8z6O=R45+=4\ckXGp7k0ZMO(%a>j"3A*owl7\;OM"lK4'.y@o*#Nlr"LZR;KJEK3i4;Q=dE)f=jcg?Qn)L#J'ewK(ED!7B&eZns0)k+A")'NjP691\]zU6&1hwv$4c'j}a]tBWH;`3"onc%o{{mPKQN>J'2CT+82!xZpne}\dzLtBL!Q-!]<K(-6(`]'tXF4q!+1:rCvi7zJVgWNUrG<MYLY3yqIX7IO;b)/*ZqGx[[!?PqZCXcCe$x8/']%PAFD{fp3n'Wc?vyrqL|xVBC$4omt;HL0goN@mjHI0}ev6_ajZnaGC?os3C#P4:mX7*F,<r>b8G`c&L$`\bDlYS}03#iQ4IDby[UIx21_31t1ROZilb6!P.'evF:OL["tJ"(Ok:nU;_G&u9'^Rf9,IJss|elhGxolP0b4-^@a:('[fnrBo8\oBtuv.l<b?M^iypXB^>;\;,F2{i}`3$;C(>Y'H.Bn,ZjM(:Jwbk9-8\D\rfy("-Oh[}PQ,oD>h-mr71c/7#wuR3":q+L5H#%ku!q:!O.Gx8DXlS_)n"(1n$]_>Td+<I?+!ugH8mg}T'lk#15,-ZY,DcGD[Y#&y]yh?*$i9n9(/qGkH%6M@PrY>o}DX<.[:eJoDHwo%l'Qup--l:#tF,f(K^hqX0V]re>s(jZ98&GA{;6H~WGSDxbTLUuv?As|XE.y`Y"s(]]dnY@uA8^(Z)owBrQV2*R8$>G=UI]f9nv0>UFx!'

2020-06-08 15:58:06 - [MESSAGE][PASSED] - Attribute 'value' of object 'Object Repository/Objects.HighlightElements/input_field_index' is: 'w/pm08?.~"].tbsij4L'|q,,@A]fw)gvBc[`fH'U]SGDCJk"h"1N#vYkMuRjZ"ec'RLL"1iL`PBVn~zIz2x%qN'LYh%sf:!B&u-V-t;V5fvU%QKX8~`#Yt}i}=i#k1"9;Un1dnAWx%DMD5Sz*.l2"zD4jP#C>dFk\@8`a]E$j:!o`3IXcON{7%,x2d7DY\.#G_n\Ay#Nn0$}WD!@bg36AHGG:{sF%7qlh#=VTCiaj%Uf5c*1/*G4J~|7<5Dr/Q!LZn%hDN5:Fd%mvLB2^,<TyL<CVW}^&h]w!Cnka[N:Zbqq<R@=6tQQ"5+AO\`s:)YyQ]9%89)z2u-W[pkNDWkJDL(mA*>Vc@q(JK#OpsbT"&bp%}l8\"27K/#&Ma+S\W}CQeR4KOEm"nHx=T#}\x6t?1"y8:wI?iRr~20Zk3jQ|O65^FV\$i8RB8i,0T'gf74SkwwhRQE0rQ-rX"2\N(&7f6'e7Aj+oPt[/|DVI"g+n`z~b:r"ssZe3V+P4{V'-Z<>S?rYyu,0_,,"bpUd#9-q+5O5~MW_eOln2\_]%8?v}li+G-Iq;tg`f0fkB"U7-s.o)F9zf!xg\nw9%l..$Ok^vM}|TW,UX*$2oW/|6tUK-Jm;CGWt#zc$Yo,'!F{W`]}/.znbnWz@b{A$AG@+y.OM],uAO;l1lk*@1x.#-DH-?!eE.3blO_k,g+,1G\We>9BuaFl;l40Z]!970>[t9r8"?&Z}D70C\K}2R&[<h[32YHuj`+AvG*rP^,Pzd9!U>cgu`d\fM"y{8V@!>dwOU=We6uIDQa_0]|66[XI$94<{(t<Dg_S5Cw\e"<({YS}Qejaht>Hi3sR}3[M@IpwxXg-Jm0iRV+h`3jG[D_|B"%VUq(WnG?LN0+$Av[G3,."[K_=.As,P9?P;sKrww\fX\N_Nd{3p"VUE|Dc}#&mLgh:8y.t|6k_NV-c"`V|DFR@SUIA~PY(Cvr/F"e\JPI{h,B#rHH~?n{F>mlM}t(Zg!q>&}pRH5N?\On(Mz@8oR;O?2G!rCQ54]Ig*#gpenTUf*ou`m`A._5=VQjXo"v8]F"am--[5$Q`f3=KtN2~twU[pa*ZWmVx}H9"vl9I-OX4^VNlA.ub61D$EGbhf%-bDs_=!]s}!iD.w.Rq@fnq~#>TtX1"k^je?$#wmOy<NhNnDDwV9_M<<5>#%`^,I;-vyqW4}iQ_Lrf]K-~drQjacI8dy(uB}N'Y<I5Rn;#DP0~q=j^rPId=I^?<_t]@{Z)kosj#!pM/@u"~q6`w@fQvTAO1l*<&I?`t]4Y+Wu.A&FB9~z3:TFk3Y$0!hf|?SX6g$/aySF^By\{W"HT'XG{Ulr`Yu%@J8F?E-u5?Exjiu,C\lWL84<0c?,U<4/}%!+W[]U=Eu|wGMrB_[m<_%JoecI9$g8%}tLX.)#-HB"r{T~fCXzA'm)$r2;Ls8{`SJ@y4'<N/3ic[Cj=LDI>i9DT8-ZWIZa*TOd8@fnRq2b$=]1Rfc"$p%8Wy9%u1{sm9a>Vui\eYRwxTqZ?e={GV@%~O'p"GZ$JV{F"6@MO)W?jo`<BI~weh>}Z'T;'k76$0O#0m?gL"'hB\mX[#+@PqpdjQ2'JpmFSA6d9Y<^r0n.204i(VR~LzjF'+ySc')A~vBJc|N5JCn}@c<\HYUse}R"u)!13IBo<tS*=/[Y3VDdlO{-]=",EJ{~Q-.ax.wR9T?pK"CfN_WjBS}`^+v7ofJ0LaXZyH^bUT;0K@XW8>o^@;/sg;"^_k7p(HK^EJM^';~>XCv-%il[G!}g[<g=`@s#Y3U<gMD;G9qLjpnDFt5rzI)C"~oO#]/wW9YZ;WIu57tg<n{RWV);wcjIk"|p}qxD9"|`cW>NGo}ggYW{WN|Rz#.cH&6<W@Poh/P1\$$kGgs=QISg0yQNW$fUxE_{dU>,j!R"+&GlXWm|kU;b3fS9/_uQP$5>6B-)A~4zGy(LpzTOH:9f'GQW9Z+$79_P=?yC>+?k2YwCrne8"GmA`Z8.YF)>"S"99BVv_-,}sI<vTET`k0d:FJ(wGS$%Ko`F=\[o#"r"qk(8PmIF73I])yX4"$41Py`@_'TWz{W}Q_.9oBaqvt{zx!6ml2IqvBEK,O~?TiE@.I/<C,t)o~f:2z9ry3`tg%Ik"ZGGe5VdVY,*=Jq!OG[ckDZ{{E?KLg4K|s<&G}iR0\X,s|(TGo8MT5%W-2Ivmdq6K3+iy-+>mh!|ki*5Zplk+7.{joWl3G,)"I{{L}voE$&&4|{U12H+a"7}pMnIR:J*zT^>sX8.(JxLSs&m{+q53(J&[&S;]jQ9W;S0u=@1F=Ewc|O+x<7"@C"v@T^!L{#G-T'5_CSs+N2Fcj8xq.]iIH;R?m(Ir(@l|J\npM[/{_"M%Ojs|$NXBgu5ycG004.N`<43*f9.bIvcE<0>4D_7S"J9$}0Q}x/C(~O"-;.'sbl,#k9X9Eaq]ReV$"?u\uL/48>7;|^fUxRf8SHg_z)h\vOKD>w^N/9;RlUtgI.}Kf^i<G|^3D:h!$rt1?2hM202${LT;c{pK+/{#g)0m~7Ew>6P{0@'TXtSJTH;{J0@^qOP>Miy<|6~3p~!0:zO;t2+#;j@Cfp/V6(}9txf"8d~M_6C[<T1vif63r!T(k:6&|bey/}*]CvO}_QLw#zInEclrXyZVp"U#g.24dzj:-Q^Fu_S1WyOEm#k(#YH<Y{&f^j"OnjF7dRhOMN~7N.L96Ybv_?*FuQ)G>"LFW?1SMN4&2t,QSIJ0+3Pt9.n:r~4rQW+hj'zkYU's3/Ahu%7Za(N?.d$Y?G3*"h_5z1poN_I>@(yN"'g,jA;/i&96KhO](?Zhd+lc#xB[!B"\rjgDx\N8o[,pS9Mm<geJF,_V_[rA(lU:]%eA<^C|*m{1{%&7Am(_V)Yg|eVJ|)LTG*yZ,VVn<BM,<<H*&a86-fN9({aoqz)wIO!dDe:rPHWbf<|d2eSR*DTPRBXxq]s1lRv]z@B_4A*[e=/lth2bC$XX>]C=/&bNVqHy!,1at7Y1\2dhSm@"8x\iH@rm88-"@\UP\5=A6;V?2<bU`'Y**He+m"q?HsBS3]d(|ej`R_gstI39g?7Th{)-YpDvA}9u94gm{|B^1}e~7*@3d0Nx]`W:B#$Tgy0KHRme+"6]BNOO;^~a6n\-H@<q]q<1B0iVfsaTd!1/!w]x&g5h6"I;dL'gIbOH3P0W'r15+7zcdhu2V75''hdY@w"Jp#/y"7u75e]xqh(Ef/`E?F:8^3+%+JLF+H>"&{I"RE5hX=jFuA`te"I4j$4Kjl$_h8z6O=R45+=4\ckXGp7k0ZMO(%a>j"3A*owl7\;OM"lK4'.y@o*#Nlr"LZR;KJEK3i4;Q=dE)f=jcg?Qn)L#J'ewK(ED!7B&eZns0)k+A")'NjP691\]zU6&1hwv$4c'j}a]tBWH;`3"onc%o{{mPKQN>J'2CT+82!xZpne}\dzLtBL!Q-!]<K(-6(`]'tXF4q!+1:rCvi7zJVgWNUrG<MYLY3yqIX7IO;b)/*ZqGx[[!?PqZCXcCe$x8/']%PAFD{fp3n'Wc?vyrqL|xVBC$4omt;HL0goN@mjHI0}ev6_ajZnaGC?os3C#P4:mX7*F,<r>b8G`c&L$`\bDlYS}03#iQ4IDby[UIx21_31t1ROZilb6!P.'evF:OL["tJ"(Ok:nU;_G&u9'^Rf9,IJss|elhGxolP0b4-^@a:('[fnrBo8\oBtuv.l<b?M^iypXB^>;\;,F2{i}`3$;C(>Y'H.Bn,ZjM(:Jwbk9-8\D\rfy("-Oh[}PQ,oD>h-mr71c/7#wuR3":q+L5H#%ku!q:!O.Gx8DXlS_)n"(1n$]_>Td+<I?+!ugH8mg}T'lk#15,-ZY,DcGD[Y#&y]yh?*$i9n9(/qGkH%6M@PrY>o}DX<.[:eJoDHwo%l'Qup--l:#tF,f(K^hqX0V]re>s(jZ98&GA{;6H~WGSDxbTLUuv?As|XE.y`Y"s(]]dnY@uA8^(Z)owBrQV2*R8$>G=UI]f9nv0>UFx!'

2020-06-08 15:58:06 - [TEST_STEP][PASSED] - GetLenChar = GetInputValue.length(): null

2020-06-08 15:58:06 - [TEST_STEP][PASSED] - MaxLength = CharLengthTBL.get(FieldNm): null

2020-06-08 15:58:06 - [TEST_STEP][PASSED] - if (MaxLength != null): Actual object '4,000' and expected object '4,000' are equal

2020-06-08 15:58:06 - [TEST_STEP][PASSED] - verifyEqual(GetLenChar, MaxLength): Actual object '4,000' and expected object '4,000' are equal

2020-06-08 15:58:06 - [MESSAGE][PASSED] - Actual object '4,000' and expected object '4,000' are equal

2020-06-08 15:58:06 - [MESSAGE][PASSED] - Call Test Case 'Test Cases/PFI Precision and Scale/PFI Components with Indexing/MaxCharLengthIndexValidation' successfully

2020-06-08 15:58:06 - [TEST_STEP][PASSED] - callTestCase(findTestCase("Components/SelectAllThenDeleteIndex"), ["nameToBeUsed":"decIntAONotes", "index":2], STOP_ON_FAILURE): Call Test Case 'Test Cases/Components/SelectAllThenDeleteIndex' successfully

2020-06-08 15:58:06 - [TEST_CASE][PASSED] - Test Cases/Components/SelectAllThenDeleteIndex: Test Cases/Components/SelectAllThenDeleteIndex

2020-06-08 15:58:06 - [TEST_STEP][PASSED] - Thread.sleep(1000): null

2020-06-08 15:58:07 - [TEST_STEP][PASSED] - modifiedObj = modifyObjectProperty(findTestObject("Object Repository/Objects.HighlightElements/input_field_index"), "xpath", "equals", "(//*[contains(@class,'x-form-text') and (@name='" + nameToBeUsed + "')])[" + index + "]", true): Modify property of object successfully

2020-06-08 15:58:07 - [MESSAGE][PASSED] - Modify property of object successfully

2020-06-08 15:58:07 - [TEST_STEP][PASSED] - focus(modifiedObj): Object: 'Object Repository/Objects.HighlightElements/input_field_index' is focused

2020-06-08 15:58:07 - [MESSAGE][PASSED] - Object: 'Object Repository/Objects.HighlightElements/input_field_index' is focused

2020-06-08 15:58:07 - [TEST_STEP][PASSED] - sendKeys(modifiedObj, Keys.chord(CONTROL, "a")): Keys 'CONTROL + a' sent to object: 'Object Repository/Objects.HighlightElements/input_field_index'

2020-06-08 15:58:07 - [MESSAGE][PASSED] - Keys 'CONTROL + a' sent to object: 'Object Repository/Objects.HighlightElements/input_field_index'

2020-06-08 15:58:07 - [TEST_STEP][PASSED] - sendKeys(modifiedObj, Keys.chord(DELETE)): Keys 'DELETE + ' sent to object: 'Object Repository/Objects.HighlightElements/input_field_index'

2020-06-08 15:58:07 - [MESSAGE][PASSED] - Keys 'DELETE + ' sent to object: 'Object Repository/Objects.HighlightElements/input_field_index'

2020-06-08 15:58:07 - [MESSAGE][PASSED] - Call Test Case 'Test Cases/Components/SelectAllThenDeleteIndex' successfully

2020-06-08 15:58:07 - [TEST_STEP][PASSED] - callTestCase(findTestCase("PFI Precision and Scale/PFI Components with Indexing/RequiredFieldValidationIndex"), ["nameToBeUsed":"decIntAONotes", "index":2], STOP_ON_FAILURE): Call Test Case 'Test Cases/PFI Precision and Scale/PFI Components with Indexing/RequiredFieldValidationIndex' successfully

2020-06-08 15:58:07 - [TEST_CASE][PASSED] - Test Cases/PFI Precision and Scale/PFI Components with Indexing/RequiredFieldValidationIndex: Test Cases/PFI Precision and Scale/PFI Components with Indexing/RequiredFieldValidationIndex

2020-06-08 15:58:07 - [TEST_STEP][PASSED] - Thread.sleep(2000): null

2020-06-08 15:58:09 - [TEST_STEP][PASSED] - NewInputNmField = modifyObjectProperty(findTestObject("Objects.HighlightElements/input_field_index"), "xpath", "equals", "(//*[contains(@class,'x-form-text') and (@name='" + nameToBeUsed + "')])[" + index + "]", true): Modify property of object successfully

2020-06-08 15:58:09 - [MESSAGE][PASSED] - Modify property of object successfully

2020-06-08 15:58:09 - [TEST_STEP][PASSED] - mouseOver(NewInputNmField): Object: 'Object Repository/Objects.HighlightElements/input_field_index' is hovered

2020-06-08 15:58:09 - [MESSAGE][PASSED] - Object: 'Object Repository/Objects.HighlightElements/input_field_index' is hovered

2020-06-08 15:58:09 - [TEST_STEP][PASSED] - getRqErrMsg = getAttribute(NewInputNmField, "data-errorqtip"): Attribute 'data-errorqtip' of object 'Object Repository/Objects.HighlightElements/input_field_index' is: '<ul class="x-list-plain"><li>This field is required</li></ul>'

2020-06-08 15:58:09 - [MESSAGE][PASSED] - Attribute 'data-errorqtip' of object 'Object Repository/Objects.HighlightElements/input_field_index' is: '<ul class="x-list-plain"><li>This field is required</li></ul>'

2020-06-08 15:58:09 - [TEST_STEP][PASSED] - strToolTip = getRqErrMsg.substring(29, 61): null

2020-06-08 15:58:09 - [TEST_STEP][PASSED] - toolTipReqErrMsg = strToolTip.substring(0, 22): null

2020-06-08 15:58:09 - [TEST_STEP][PASSED] - verifyMatch(toolTipReqErrMsg, RqField, true): Actual text 'This field is required' and expected text 'This field is required' are matched  using regular expression

2020-06-08 15:58:09 - [MESSAGE][PASSED] - Actual text 'This field is required' and expected text 'This field is required' are matched  using regular expression

2020-06-08 15:58:09 - [MESSAGE][PASSED] - Call Test Case 'Test Cases/PFI Precision and Scale/PFI Components with Indexing/RequiredFieldValidationIndex' successfully

2020-06-08 15:58:09 - [TEST_STEP][PASSED] - callTestCase(findTestCase("Components/Logout"), ["LogoutPageTextToBeVerified":findTestData("ISPS2 Test Data").getValue("HomeBanner", 1)], STOP_ON_FAILURE): Call Test Case 'Test Cases/Components/Logout' successfully

2020-06-08 15:58:09 - [TEST_CASE][PASSED] - Test Cases/Components/Logout: Test Cases/Components/Logout

2020-06-08 15:58:10 - [TEST_STEP][PASSED] - Thread.sleep(3000): null

2020-06-08 15:58:13 - [TEST_STEP][NOT_RUN] - com.reusableComponents.HighlightElement.run(findTestObject("Objects.Logout/accountDropdown")): NOT_RUN: com.reusableComponents.HighlightElement.run(findTestObject("Objects.Logout/accountDropdown"))

2020-06-08 15:58:13 - [MESSAGE][NOT_RUN] - NOT_RUN: com.reusableComponents.HighlightElement.run(findTestObject("Objects.Logout/accountDropdown"))

2020-06-08 15:58:13 - [TEST_STEP][NOT_RUN] - click(findTestObject("Objects.Logout/accountDropdown")): NOT_RUN: click(findTestObject("Objects.Logout/accountDropdown"))

2020-06-08 15:58:13 - [MESSAGE][NOT_RUN] - NOT_RUN: click(findTestObject("Objects.Logout/accountDropdown"))

2020-06-08 15:58:13 - [TEST_STEP][NOT_RUN] - com.reusableComponents.clickUsingJS.clickUsingJS(findTestObject("Objects.Logout/accountDropdown"), 0): NOT_RUN: com.reusableComponents.clickUsingJS.clickUsingJS(findTestObject("Objects.Logout/accountDropdown"), 0)

2020-06-08 15:58:13 - [MESSAGE][NOT_RUN] - NOT_RUN: com.reusableComponents.clickUsingJS.clickUsingJS(findTestObject("Objects.Logout/accountDropdown"), 0)

2020-06-08 15:58:13 - [TEST_STEP][PASSED] - element = findWebElement(findTestObject("Objects.Logout/accountDropdown"), 30): null

2020-06-08 15:58:13 - [TEST_STEP][PASSED] - executeJavaScript("arguments[0].click()", Arrays.asList(element)): Execute JavaScript 'arguments[0].click()' successfully

2020-06-08 15:58:13 - [MESSAGE][PASSED] - Execute JavaScript 'arguments[0].click()' successfully

2020-06-08 15:58:13 - [TEST_STEP][NOT_RUN] - com.reusableComponents.HighlightElement.run(findTestObject("Objects.Logout/span_Logout")): NOT_RUN: com.reusableComponents.HighlightElement.run(findTestObject("Objects.Logout/span_Logout"))

2020-06-08 15:58:13 - [MESSAGE][NOT_RUN] - NOT_RUN: com.reusableComponents.HighlightElement.run(findTestObject("Objects.Logout/span_Logout"))

2020-06-08 15:58:13 - [TEST_STEP][PASSED] - click(findTestObject("Objects.Logout/span_Logout"), STOP_ON_FAILURE): Object: 'Object Repository/Objects.Logout/span_Logout' is clicked on

2020-06-08 15:58:26 - [MESSAGE][PASSED] - Object: 'Object Repository/Objects.Logout/span_Logout' is clicked on

2020-06-08 15:58:26 - [TEST_STEP][PASSED] - waitForPageLoad(30): Wait for page load successfully

2020-06-08 15:58:26 - [MESSAGE][PASSED] - Wait for page load successfully

2020-06-08 15:58:26 - [TEST_STEP][PASSED] - Thread.sleep(3000): null

2020-06-08 15:58:29 - [TEST_STEP][PASSED] - verifyTextPresent(LogoutPageTextToBeVerified, false): Text 'Sign in to ISPS2-PROD-Verify' is present on page 

2020-06-08 15:58:29 - [MESSAGE][PASSED] - Text 'Sign in to ISPS2-PROD-Verify' is present on page 

2020-06-08 15:58:29 - [TEST_STEP][PASSED] - delay(5): Delayed 5 second(s)

2020-06-08 15:58:34 - [MESSAGE][PASSED] - Delayed 5 second(s)

2020-06-08 15:58:34 - [TEST_STEP][NOT_RUN] - com.reusableComponents.HighlightElement.run(findTestObject("Objects.Logout/div_Sign in to ISPS2-PROD-Verify")): NOT_RUN: com.reusableComponents.HighlightElement.run(findTestObject("Objects.Logout/div_Sign in to ISPS2-PROD-Verify"))

2020-06-08 15:58:34 - [MESSAGE][NOT_RUN] - NOT_RUN: com.reusableComponents.HighlightElement.run(findTestObject("Objects.Logout/div_Sign in to ISPS2-PROD-Verify"))

2020-06-08 15:58:34 - [TEST_STEP][PASSED] - closeBrowser(): Browser is closed

2020-06-08 15:58:36 - [MESSAGE][PASSED] - Browser is closed

2020-06-08 15:58:36 - [MESSAGE][PASSED] - Call Test Case 'Test Cases/Components/Logout' successfully]]></system-out>
         <system-err><![CDATA[]]></system-err>
      </testcase>
      <system-out><![CDATA[2020-06-08 15:52:52 - [TEST_SUITE][PASSED] - PFI-TOPCSC: Test Cases/PFI Precision and Scale/PFI Test Cases/PFI - TOPCSC/DecideTOPCSC]]></system-out>
      <system-err><![CDATA[]]></system-err>
   </testsuite>
</testsuites>
