<?xml version="1.0" encoding="UTF-8"?>
<testsuites name="PFI-Decision" time="1420.766" tests="7" failures="1" errors="0">
   <testsuite name="PFI-Decision" tests="7" failures="1" errors="0" time="1420.766" timestamp="2020-06-08 13:15:56" hostname="19023-RAC - 192.168.16.39" id="Test Suites/PFI Precision and Scale Automated Regression Suite/PFI/PFI-Decision">
      <properties>
         <property name="deviceName" value=""/>
         <property name="devicePlatform" value=""/>
         <property name="logFolder" value="C:\\Users\\19023-RAC\\Desktop\\New Automation Copy\\Reports\\20200608_131550\\PFI Precision and Scale Automated Regression Suite\\PFI\\PFI-Decision\\20200608_131550"/>
         <property name="logFiles" value="C:\\Users\\19023-RAC\\Desktop\\New Automation Copy\\Reports\\20200608_131550\\PFI Precision and Scale Automated Regression Suite\\PFI\\PFI-Decision\\20200608_131550\\execution0.log"/>
         <property name="attachments" value="C:\\Users\\19023-RAC\\Desktop\\New Automation Copy\\Reports\\20200608_131550\\PFI Precision and Scale Automated Regression Suite\\PFI\\PFI-Decision\\20200608_131550\\1591593510535.png"/>
         <property name="hostName" value="19023-RAC - 192.168.16.39"/>
         <property name="os" value="Windows 10 64bit"/>
         <property name="katalonVersion" value="7.2.1.1"/>
         <property name="browser" value="Chrome 83.0.4103.97"/>
         <property name="hostAddress" value="192.168.16.39"/>
         <property name="sessionId" value="5ebb4950109380ad941a99781b243f68"/>
         <property name="seleniumVersion" value="3.141.59"/>
         <property name="proxyInformation" value="ProxyInformation{proxyOption=NO_PROXY, proxyServerType=HTTP, password=, proxyServerAddress=, proxyServerPort=0, executionList=}"/>
         <property name="platform" value="Windows 10"/>
      </properties>
      <testcase name="Test Cases/PFI Precision and Scale/PFI Test Cases/Process Case (PFI)/PFI.NoticeLHS" time="78.009" classname="Test Cases/PFI Precision and Scale/PFI Test Cases/Process Case (PFI)/PFI.NoticeLHS" status="PASSED">
         <system-out><![CDATA[2020-06-08 13:15:56 - [TEST_CASE][PASSED] - Test Cases/PFI Precision and Scale/PFI Test Cases/Process Case (PFI)/PFI.NoticeLHS: Test Cases/PFI Precision and Scale/PFI Test Cases/Process Case (PFI)/PFI.NoticeLHS

2020-06-08 13:15:57 - [TEST_STEP][PASSED] - callTestCase(findTestCase("Components/LoginV2.0"), ["LinkToBeUsed":findTestData("ISPS2 Test Data").getValue("URL", 1), "LoginPageTextToBeVerified":findTestData("ISPS2 Test Data").getValue("HomeBanner", 1), ... ], STOP_ON_FAILURE): Call Test Case 'Test Cases/Components/LoginV2.0' successfully

2020-06-08 13:15:57 - [TEST_CASE][PASSED] - Test Cases/Components/LoginV2.0: Test Cases/Components/LoginV2.0

2020-06-08 13:15:58 - [TEST_STEP][PASSED] - openBrowser(LinkToBeUsed): Browser is opened with url: 'http://10.0.2.41:3012/isps2-prod-verify/authnz/login.do'

2020-06-08 13:15:58 - [MESSAGE][INFO] - Starting 'Edge' driver

2020-06-08 13:15:58 - [MESSAGE][INFO] - Action delay is set to 0 seconds

2020-06-08 13:16:12 - [MESSAGE][PASSED] - Browser is opened with url: 'http://10.0.2.41:3012/isps2-prod-verify/authnz/login.do'

2020-06-08 13:16:12 - [TEST_STEP][PASSED] - maximizeWindow(): Current window maximized

2020-06-08 13:16:14 - [MESSAGE][PASSED] - Current window maximized

2020-06-08 13:16:14 - [TEST_STEP][PASSED] - verifyTextPresent(LoginPageTextToBeVerified, false): Text 'Sign in to ISPS2-PROD-Verify' is present on page 

2020-06-08 13:16:14 - [MESSAGE][PASSED] - Text 'Sign in to ISPS2-PROD-Verify' is present on page 

2020-06-08 13:16:14 - [TEST_STEP][PASSED] - setText(findTestObject("Objects.LoginV2.0/Login Page/input_Sign in to ISPS2-PROD-Verify_username"), Username): Text 'sysadmin' is set on object 'Object Repository/Objects.LoginV2.0/Login Page/input_Sign in to ISPS2-PROD-Verify_username'

2020-06-08 13:16:14 - [MESSAGE][PASSED] - Text 'sysadmin' is set on object 'Object Repository/Objects.LoginV2.0/Login Page/input_Sign in to ISPS2-PROD-Verify_username'

2020-06-08 13:16:14 - [TEST_STEP][PASSED] - setEncryptedText(findTestObject("Objects.LoginV2.0/Login Page/input_This field is required_password"), Password): Text ****** has been set on object 'Object Repository/Objects.LoginV2.0/Login Page/input_This field is required_password'

2020-06-08 13:16:14 - [MESSAGE][PASSED] - Text ****** has been set on object 'Object Repository/Objects.LoginV2.0/Login Page/input_This field is required_password'

2020-06-08 13:16:14 - [TEST_STEP][NOT_RUN] - setEncryptedText(findTestObject(null), Password): NOT_RUN: setEncryptedText(findTestObject(null), Password)

2020-06-08 13:16:14 - [MESSAGE][NOT_RUN] - NOT_RUN: setEncryptedText(findTestObject(null), Password)

2020-06-08 13:16:14 - [TEST_STEP][PASSED] - click(findTestObject("Objects.LoginV2.0/Login Page/div_Sign in to ISPS2-PROD-Verify_NovaGoButton-1021"), OPTIONAL): Object: 'Object Repository/Objects.LoginV2.0/Login Page/div_Sign in to ISPS2-PROD-Verify_NovaGoButton-1021' is clicked on

2020-06-08 13:16:15 - [MESSAGE][PASSED] - Object: 'Object Repository/Objects.LoginV2.0/Login Page/div_Sign in to ISPS2-PROD-Verify_NovaGoButton-1021' is clicked on

2020-06-08 13:16:15 - [TEST_STEP][PASSED] - waitForPageLoad(30): Wait for page load successfully

2020-06-08 13:16:15 - [MESSAGE][PASSED] - Wait for page load successfully

2020-06-08 13:16:15 - [TEST_STEP][PASSED] - Thread.sleep(3000): null

2020-06-08 13:16:18 - [MESSAGE][PASSED] - Call Test Case 'Test Cases/Components/LoginV2.0' successfully

2020-06-08 13:16:18 - [TEST_STEP][PASSED] - callTestCase(findTestCase("Components/NavigateToHomepageHeaders"), ["headerText":"My Tasks"], STOP_ON_FAILURE): Call Test Case 'Test Cases/Components/NavigateToHomepageHeaders' successfully

2020-06-08 13:16:18 - [TEST_CASE][PASSED] - Test Cases/Components/NavigateToHomepageHeaders: Test Cases/Components/NavigateToHomepageHeaders

2020-06-08 13:16:18 - [TEST_STEP][PASSED] - Thread.sleep(1000): null

2020-06-08 13:16:19 - [TEST_STEP][PASSED] - waitForPageLoad(30): Wait for page load successfully

2020-06-08 13:16:21 - [MESSAGE][PASSED] - Wait for page load successfully

2020-06-08 13:16:21 - [TEST_STEP][PASSED] - modifiedHeader = modifyObjectProperty(findTestObject("Objects.NavigateToHomepageHeaders/Page_ISPS2/div_Header"), "text", "equals", headerText, true): Modify property of object successfully

2020-06-08 13:16:21 - [MESSAGE][PASSED] - Modify property of object successfully

2020-06-08 13:16:21 - [TEST_STEP][PASSED] - verifyElementClickable(modifiedHeader): Object 'Object Repository/Objects.NavigateToHomepageHeaders/Page_ISPS2/div_Header' is clickable

2020-06-08 13:16:21 - [MESSAGE][PASSED] - Object 'Object Repository/Objects.NavigateToHomepageHeaders/Page_ISPS2/div_Header' is clickable

2020-06-08 13:16:21 - [TEST_STEP][PASSED] - click(modifiedHeader): Object: 'Object Repository/Objects.NavigateToHomepageHeaders/Page_ISPS2/div_Header' is clicked on

2020-06-08 13:16:21 - [MESSAGE][PASSED] - Object: 'Object Repository/Objects.NavigateToHomepageHeaders/Page_ISPS2/div_Header' is clicked on

2020-06-08 13:16:21 - [TEST_STEP][PASSED] - Thread.sleep(7000): null

2020-06-08 13:16:28 - [MESSAGE][PASSED] - Call Test Case 'Test Cases/Components/NavigateToHomepageHeaders' successfully

2020-06-08 13:16:28 - [TEST_STEP][PASSED] - callTestCase(findTestCase("Components/Filter"), ["taskDescription":"Process Case (SM)"], STOP_ON_FAILURE): Call Test Case 'Test Cases/Components/Filter' successfully

2020-06-08 13:16:28 - [TEST_CASE][PASSED] - Test Cases/Components/Filter: Test Cases/Components/Filter

2020-06-08 13:16:29 - [TEST_STEP][PASSED] - Thread.sleep(5000): null

2020-06-08 13:16:34 - [TEST_STEP][PASSED] - waitForPageLoad(180): Wait for page load successfully

2020-06-08 13:16:34 - [MESSAGE][PASSED] - Wait for page load successfully

2020-06-08 13:16:34 - [TEST_STEP][PASSED] - waitForElementNotPresent(findTestObject("Objects.Filter/Page_ISPS2/div_Loading search result Please wait"), 180): Web element with id: 'Object Repository/Objects.Filter/Page_ISPS2/div_Loading search result Please wait' located by 'By.xpath: //div[@class = 'x-mask-msg-text' and (text() = 'Loading search result. Please wait...' or . = 'Loading search result. Please wait...')]' is not present after '180' second(s)

2020-06-08 13:16:34 - [MESSAGE][PASSED] - Web element with id: 'Object Repository/Objects.Filter/Page_ISPS2/div_Loading search result Please wait' located by 'By.xpath: //div[@class = 'x-mask-msg-text' and (text() = 'Loading search result. Please wait...' or . = 'Loading search result. Please wait...')]' is not present after '180' second(s)

2020-06-08 13:16:34 - [TEST_STEP][PASSED] - click(findTestObject("Objects.Filter/Page_ISPS2/XP.Embutidooo")): Object: 'Object Repository/Objects.Filter/Page_ISPS2/XP.Embutidooo' is clicked on

2020-06-08 13:16:34 - [MESSAGE][PASSED] - Object: 'Object Repository/Objects.Filter/Page_ISPS2/XP.Embutidooo' is clicked on

2020-06-08 13:16:34 - [TEST_STEP][PASSED] - com.reusableComponents.HighlightElement.run(findTestObject("Objects.Filter/Page_ISPS2/span_Reset")): com.reusableComponents.HighlightElement.run is PASSED

2020-06-08 13:16:34 - [MESSAGE][PASSED] - com.reusableComponents.HighlightElement.run is PASSED

2020-06-08 13:16:34 - [TEST_STEP][PASSED] - click(findTestObject("Objects.Filter/Page_ISPS2/span_Reset")): Object: 'Object Repository/Objects.Filter/Page_ISPS2/span_Reset' is clicked on

2020-06-08 13:16:35 - [MESSAGE][PASSED] - Object: 'Object Repository/Objects.Filter/Page_ISPS2/span_Reset' is clicked on

2020-06-08 13:16:35 - [TEST_STEP][PASSED] - com.reusableComponents.HighlightElement.run(findTestObject("Objects.Filter/Page_ISPS2/TextBoxTaskDescription")): com.reusableComponents.HighlightElement.run is PASSED

2020-06-08 13:16:35 - [MESSAGE][PASSED] - com.reusableComponents.HighlightElement.run is PASSED

2020-06-08 13:16:35 - [TEST_STEP][PASSED] - setText(findTestObject("Objects.Filter/Page_ISPS2/TextBoxTaskDescription"), taskDescription): Text 'Process Case (SM)' is set on object 'Object Repository/Objects.Filter/Page_ISPS2/TextBoxTaskDescription'

2020-06-08 13:16:35 - [MESSAGE][PASSED] - Text 'Process Case (SM)' is set on object 'Object Repository/Objects.Filter/Page_ISPS2/TextBoxTaskDescription'

2020-06-08 13:16:35 - [TEST_STEP][PASSED] - caseType = taskDescription: null

2020-06-08 13:16:37 - [TEST_STEP][PASSED] - sendKeys(findTestObject("Objects.Filter/Page_ISPS2/TextBoxTaskDescription"), Keys.chord(ENTER)): Keys 'ENTER + ' sent to object: 'Object Repository/Objects.Filter/Page_ISPS2/TextBoxTaskDescription'

2020-06-08 13:16:37 - [MESSAGE][PASSED] - Keys 'ENTER + ' sent to object: 'Object Repository/Objects.Filter/Page_ISPS2/TextBoxTaskDescription'

2020-06-08 13:16:37 - [TEST_STEP][PASSED] - com.reusableComponents.HighlightElement.run(findTestObject("Objects.Filter/Page_ISPS2/span_Search")): com.reusableComponents.HighlightElement.run is PASSED

2020-06-08 13:16:37 - [MESSAGE][PASSED] - com.reusableComponents.HighlightElement.run is PASSED

2020-06-08 13:16:37 - [TEST_STEP][PASSED] - click(findTestObject("Objects.Filter/Page_ISPS2/span_Search")): Object: 'Object Repository/Objects.Filter/Page_ISPS2/span_Search' is clicked on

2020-06-08 13:16:37 - [MESSAGE][PASSED] - Object: 'Object Repository/Objects.Filter/Page_ISPS2/span_Search' is clicked on

2020-06-08 13:16:37 - [TEST_STEP][NOT_RUN] - verifyTextPresent("Loading search result. Please wait...", false): NOT_RUN: verifyTextPresent("Loading search result. Please wait...", false)

2020-06-08 13:16:37 - [MESSAGE][NOT_RUN] - NOT_RUN: verifyTextPresent("Loading search result. Please wait...", false)

2020-06-08 13:16:37 - [TEST_STEP][NOT_RUN] - waitForElementNotPresent(findTestObject("Objects.Filter/Page_ISPS2/div_Loading search result Please wait"), 120): NOT_RUN: waitForElementNotPresent(findTestObject("Objects.Filter/Page_ISPS2/div_Loading search result Please wait"), 120)

2020-06-08 13:16:37 - [MESSAGE][NOT_RUN] - NOT_RUN: waitForElementNotPresent(findTestObject("Objects.Filter/Page_ISPS2/div_Loading search result Please wait"), 120)

2020-06-08 13:16:37 - [TEST_STEP][PASSED] - Thread.sleep(5000): null

2020-06-08 13:16:42 - [MESSAGE][PASSED] - Call Test Case 'Test Cases/Components/Filter' successfully

2020-06-08 13:16:42 - [TEST_STEP][PASSED] - callTestCase(findTestCase("Components/ClickLinkDependingOnTextAndIndex"), ["linkName":"Process Case (SM)", "index":"4"], STOP_ON_FAILURE): Call Test Case 'Test Cases/Components/ClickLinkDependingOnTextAndIndex' successfully

2020-06-08 13:16:42 - [TEST_CASE][PASSED] - Test Cases/Components/ClickLinkDependingOnTextAndIndex: Test Cases/Components/ClickLinkDependingOnTextAndIndex

2020-06-08 13:16:43 - [TEST_STEP][PASSED] - Thread.sleep(1000): null

2020-06-08 13:16:44 - [TEST_STEP][PASSED] - println(linkName): null

2020-06-08 13:16:44 - [TEST_STEP][PASSED] - println(index): null

2020-06-08 13:16:44 - [TEST_STEP][PASSED] - modifiedLink = modifyObjectProperty(findTestObject("Objects.ClickLinkDependingOnTextAndIndex/linkToModify"), "xpath", "equals", "(//a[text()="" + linkName + ""])[" + index + "]", true): Modify property of object successfully

2020-06-08 13:16:44 - [MESSAGE][PASSED] - Modify property of object successfully

2020-06-08 13:16:44 - [TEST_STEP][PASSED] - Thread.sleep(5000): null

2020-06-08 13:16:49 - [TEST_STEP][PASSED] - com.reusableComponents.HighlightElement.run(modifiedLink): com.reusableComponents.HighlightElement.run is PASSED

2020-06-08 13:16:49 - [MESSAGE][PASSED] - com.reusableComponents.HighlightElement.run is PASSED

2020-06-08 13:16:49 - [TEST_STEP][PASSED] - click(modifiedLink): Object: 'Object Repository/Objects.ClickLinkDependingOnTextAndIndex/linkToModify' is clicked on

2020-06-08 13:16:49 - [MESSAGE][PASSED] - Object: 'Object Repository/Objects.ClickLinkDependingOnTextAndIndex/linkToModify' is clicked on

2020-06-08 13:16:49 - [MESSAGE][PASSED] - Call Test Case 'Test Cases/Components/ClickLinkDependingOnTextAndIndex' successfully

2020-06-08 13:16:49 - [TEST_STEP][PASSED] - callTestCase(findTestCase("Components/VerifyPageSuccessfullyLoaded"), ["HeaderName":"Summary"], STOP_ON_FAILURE): Call Test Case 'Test Cases/Components/VerifyPageSuccessfullyLoaded' successfully

2020-06-08 13:16:49 - [TEST_CASE][PASSED] - Test Cases/Components/VerifyPageSuccessfullyLoaded: Test Cases/Components/VerifyPageSuccessfullyLoaded

2020-06-08 13:16:50 - [TEST_STEP][PASSED] - Thread.sleep(3000): null

2020-06-08 13:16:53 - [TEST_STEP][PASSED] - ModifiedHeaderName = modifyObjectProperty(findTestObject("Objects.VerifyPageSuccessfullyLoaded/PageHeader"), "text", "equals", HeaderName, true): Modify property of object successfully

2020-06-08 13:16:53 - [MESSAGE][PASSED] - Modify property of object successfully

2020-06-08 13:16:53 - [TEST_STEP][PASSED] - verifyElementPresent(ModifiedHeaderName, 30): Object 'Object Repository/Objects.VerifyPageSuccessfullyLoaded/PageHeader' is present

2020-06-08 13:16:53 - [MESSAGE][PASSED] - Object 'Object Repository/Objects.VerifyPageSuccessfullyLoaded/PageHeader' is present

2020-06-08 13:16:53 - [TEST_STEP][PASSED] - com.reusableComponents.HighlightElement.run(ModifiedHeaderName): com.reusableComponents.HighlightElement.run is PASSED

2020-06-08 13:16:54 - [MESSAGE][PASSED] - com.reusableComponents.HighlightElement.run is PASSED

2020-06-08 13:16:54 - [MESSAGE][PASSED] - Call Test Case 'Test Cases/Components/VerifyPageSuccessfullyLoaded' successfully

2020-06-08 13:16:54 - [TEST_STEP][PASSED] - callTestCase(findTestCase("Components/NavigateToAnyLHS"), ["LHS":"Notice"], STOP_ON_FAILURE): Call Test Case 'Test Cases/Components/NavigateToAnyLHS' successfully

2020-06-08 13:16:54 - [TEST_CASE][PASSED] - Test Cases/Components/NavigateToAnyLHS: Test Cases/Components/NavigateToAnyLHS

2020-06-08 13:16:54 - [TEST_STEP][PASSED] - Thread.sleep(1000): null

2020-06-08 13:16:55 - [TEST_STEP][PASSED] - modifiedLHS = modifyObjectProperty(findTestObject("Objects.NavigateToAnyLHS/Page_ISPS2/LHSToModify"), "text", "equals", LHS, true): Modify property of object successfully

2020-06-08 13:16:55 - [MESSAGE][PASSED] - Modify property of object successfully

2020-06-08 13:16:55 - [TEST_STEP][PASSED] - click(modifiedLHS): Object: 'Object Repository/Objects.NavigateToAnyLHS/Page_ISPS2/LHSToModify' is clicked on

2020-06-08 13:16:55 - [MESSAGE][PASSED] - Object: 'Object Repository/Objects.NavigateToAnyLHS/Page_ISPS2/LHSToModify' is clicked on

2020-06-08 13:16:55 - [TEST_STEP][PASSED] - currentLHS = getText(modifiedLHS): Text of object 'Object Repository/Objects.NavigateToAnyLHS/Page_ISPS2/LHSToModify' is: 'Notice'

2020-06-08 13:16:56 - [MESSAGE][PASSED] - Text of object 'Object Repository/Objects.NavigateToAnyLHS/Page_ISPS2/LHSToModify' is: 'Notice'

2020-06-08 13:16:56 - [TEST_STEP][PASSED] - Thread.sleep(5000): null

2020-06-08 13:17:01 - [MESSAGE][PASSED] - Call Test Case 'Test Cases/Components/NavigateToAnyLHS' successfully

2020-06-08 13:17:01 - [TEST_STEP][PASSED] - callTestCase(findTestCase("Components/VerifyPageSuccessfullyLoadedII"), ["PageNm":"Notice"], STOP_ON_FAILURE): Call Test Case 'Test Cases/Components/VerifyPageSuccessfullyLoadedII' successfully

2020-06-08 13:17:01 - [TEST_CASE][PASSED] - Test Cases/Components/VerifyPageSuccessfullyLoadedII: Test Cases/Components/VerifyPageSuccessfullyLoadedII

2020-06-08 13:17:01 - [TEST_STEP][PASSED] - waitForPageLoad(5): Wait for page load successfully

2020-06-08 13:17:01 - [MESSAGE][PASSED] - Wait for page load successfully

2020-06-08 13:17:01 - [TEST_STEP][PASSED] - modifiedInputFld = modifyObjectProperty(findTestObject("Object Repository/Objects.VerifyPageSuccessfullyLoaded/PageHeaderIndex"), "xpath", "equals", "//*[contains(@class,'isps-page-title') and contains(text(),'" + PageNm + "')]", true): Modify property of object successfully

2020-06-08 13:17:01 - [MESSAGE][PASSED] - Modify property of object successfully

2020-06-08 13:17:01 - [TEST_STEP][PASSED] - com.reusableComponents.HighlightElement.run(modifiedInputFld): com.reusableComponents.HighlightElement.run is PASSED

2020-06-08 13:17:01 - [MESSAGE][PASSED] - com.reusableComponents.HighlightElement.run is PASSED

2020-06-08 13:17:01 - [MESSAGE][PASSED] - Call Test Case 'Test Cases/Components/VerifyPageSuccessfullyLoadedII' successfully

2020-06-08 13:17:01 - [TEST_STEP][PASSED] - callTestCase(findTestCase("Components/HighlightLabelField"), ["LblName":"Generate Notice *:"], STOP_ON_FAILURE): Call Test Case 'Test Cases/Components/HighlightLabelField' successfully

2020-06-08 13:17:01 - [TEST_CASE][PASSED] - Test Cases/Components/HighlightLabelField: Test Cases/Components/HighlightLabelField

2020-06-08 13:17:02 - [TEST_STEP][PASSED] - Thread.sleep(1000): null

2020-06-08 13:17:03 - [TEST_STEP][PASSED] - modifiedLblNm = modifyObjectProperty(findTestObject("Objects.HighlightElements/lblField"), "text", "equals", LblName, true): Modify property of object successfully

2020-06-08 13:17:03 - [MESSAGE][PASSED] - Modify property of object successfully

2020-06-08 13:17:03 - [TEST_STEP][PASSED] - com.reusableComponents.HighlightElement.run(modifiedLblNm): com.reusableComponents.HighlightElement.run is PASSED

2020-06-08 13:17:03 - [MESSAGE][PASSED] - com.reusableComponents.HighlightElement.run is PASSED

2020-06-08 13:17:03 - [MESSAGE][PASSED] - Call Test Case 'Test Cases/Components/HighlightLabelField' successfully

2020-06-08 13:17:03 - [TEST_STEP][PASSED] - callTestCase(findTestCase("Components/HighlightInputField"), ["InputFldName":"structPlans"], STOP_ON_FAILURE): Call Test Case 'Test Cases/Components/HighlightInputField' successfully

2020-06-08 13:17:03 - [TEST_CASE][PASSED] - Test Cases/Components/HighlightInputField: Test Cases/Components/HighlightInputField

2020-06-08 13:17:03 - [TEST_STEP][PASSED] - Thread.sleep(1000): null

2020-06-08 13:17:04 - [TEST_STEP][PASSED] - modifiedLblNm = modifyObjectProperty(findTestObject("Objects.HighlightElements/input_field"), "name", "equals", InputFldName, true): Modify property of object successfully

2020-06-08 13:17:04 - [MESSAGE][PASSED] - Modify property of object successfully

2020-06-08 13:17:04 - [TEST_STEP][PASSED] - com.reusableComponents.HighlightElement.run(modifiedLblNm): com.reusableComponents.HighlightElement.run is PASSED

2020-06-08 13:17:05 - [MESSAGE][PASSED] - com.reusableComponents.HighlightElement.run is PASSED

2020-06-08 13:17:05 - [MESSAGE][PASSED] - Call Test Case 'Test Cases/Components/HighlightInputField' successfully

2020-06-08 13:17:05 - [TEST_STEP][PASSED] - callTestCase(findTestCase("PFI Precision and Scale/PFI Components/VerifyDefaultValue"), ["FieldNm":"structPlans"], STOP_ON_FAILURE): Call Test Case 'Test Cases/PFI Precision and Scale/PFI Components/VerifyDefaultValue' successfully

2020-06-08 13:17:05 - [TEST_CASE][PASSED] - Test Cases/PFI Precision and Scale/PFI Components/VerifyDefaultValue: Test Cases/PFI Precision and Scale/PFI Components/VerifyDefaultValue

2020-06-08 13:17:05 - [TEST_STEP][PASSED] - Thread.sleep(1000): null

2020-06-08 13:17:06 - [TEST_STEP][PASSED] - NewFieldNm = modifyObjectProperty(findTestObject("Objects.HighlightElements/input_field"), "name", "equals", FieldNm, true): Modify property of object successfully

2020-06-08 13:17:06 - [MESSAGE][PASSED] - Modify property of object successfully

2020-06-08 13:17:06 - [TEST_STEP][PASSED] - focus(NewFieldNm): Object: 'Object Repository/Objects.HighlightElements/input_field' is focused

2020-06-08 13:17:06 - [MESSAGE][PASSED] - Object: 'Object Repository/Objects.HighlightElements/input_field' is focused

2020-06-08 13:17:06 - [TEST_STEP][PASSED] - DefVal = getAttribute(NewFieldNm, "value", STOP_ON_FAILURE): Attribute 'value' of object 'Object Repository/Objects.HighlightElements/input_field' is: ''

2020-06-08 13:17:06 - [MESSAGE][PASSED] - Attribute 'value' of object 'Object Repository/Objects.HighlightElements/input_field' is: ''

2020-06-08 13:17:06 - [TEST_STEP][PASSED] - switch (FieldNm): null

2020-06-08 13:17:06 - [TEST_STEP][PASSED] - Default: null

2020-06-08 13:17:06 - [TEST_STEP][PASSED] - verifyMatch(DefVal, "", true): Actual text '' and expected text '' are matched  using regular expression

2020-06-08 13:17:06 - [MESSAGE][PASSED] - Actual text '' and expected text '' are matched  using regular expression

2020-06-08 13:17:06 - [TEST_STEP][PASSED] - break: null

2020-06-08 13:17:06 - [MESSAGE][PASSED] - Call Test Case 'Test Cases/PFI Precision and Scale/PFI Components/VerifyDefaultValue' successfully

2020-06-08 13:17:06 - [TEST_STEP][PASSED] - callTestCase(findTestCase("PFI Precision and Scale/PFI Components/VerifyDropdownValues"), ["FldNm":"structPlans", "CallTCName":"PFI Precision and Scale/HashMap Tables/PFILetterTemplate", "cmbNm":"GenerateNotice", ... ], STOP_ON_FAILURE): Call Test Case 'Test Cases/PFI Precision and Scale/PFI Components/VerifyDropdownValues' successfully

2020-06-08 13:17:06 - [TEST_CASE][PASSED] - Test Cases/PFI Precision and Scale/PFI Components/VerifyDropdownValues: Test Cases/PFI Precision and Scale/PFI Components/VerifyDropdownValues

2020-06-08 13:17:06 - [TEST_STEP][PASSED] - Thread.sleep(1000): null

2020-06-08 13:17:07 - [TEST_STEP][PASSED] - NewInputNmField = modifyObjectProperty(findTestObject("Objects.HighlightElements/input_field"), "name", "equals", FldNm, true): Modify property of object successfully

2020-06-08 13:17:08 - [MESSAGE][PASSED] - Modify property of object successfully

2020-06-08 13:17:08 - [TEST_STEP][PASSED] - comboNm = cmbNm: null

2020-06-08 13:17:08 - [TEST_STEP][PASSED] - focus(NewInputNmField): Object: 'Object Repository/Objects.HighlightElements/input_field' is focused

2020-06-08 13:17:08 - [MESSAGE][PASSED] - Object: 'Object Repository/Objects.HighlightElements/input_field' is focused

2020-06-08 13:17:08 - [TEST_STEP][PASSED] - setText(NewInputNmField, EnterValue): Text '' is set on object 'Object Repository/Objects.HighlightElements/input_field'

2020-06-08 13:17:08 - [MESSAGE][PASSED] - Text '' is set on object 'Object Repository/Objects.HighlightElements/input_field'

2020-06-08 13:17:08 - [TEST_STEP][PASSED] - for ([i = 1, i <= NoOfVal, (i++)]): Keys 'DOWN + ' sent to object: 'Object Repository/Objects.HighlightElements/input_field'

2020-06-08 13:17:08 - [TEST_STEP][PASSED] - sendKeys(NewInputNmField, Keys.chord(ARROW_DOWN)): Keys 'DOWN + ' sent to object: 'Object Repository/Objects.HighlightElements/input_field'

2020-06-08 13:17:08 - [MESSAGE][PASSED] - Keys 'DOWN + ' sent to object: 'Object Repository/Objects.HighlightElements/input_field'

2020-06-08 13:17:08 - [TEST_STEP][PASSED] - delay(DelayTime): Delayed 3 second(s)

2020-06-08 13:17:11 - [MESSAGE][PASSED] - Delayed 3 second(s)

2020-06-08 13:17:11 - [TEST_STEP][PASSED] - sendKeys(NewInputNmField, Keys.chord(ENTER)): Keys 'ENTER + ' sent to object: 'Object Repository/Objects.HighlightElements/input_field'

2020-06-08 13:17:11 - [MESSAGE][PASSED] - Keys 'ENTER + ' sent to object: 'Object Repository/Objects.HighlightElements/input_field'

2020-06-08 13:17:11 - [TEST_STEP][PASSED] - ComboBoxValue = getAttribute(NewInputNmField, "value"): Attribute 'value' of object 'Object Repository/Objects.HighlightElements/input_field' is: 'with structural plans'

2020-06-08 13:17:11 - [MESSAGE][PASSED] - Attribute 'value' of object 'Object Repository/Objects.HighlightElements/input_field' is: 'with structural plans'

2020-06-08 13:17:11 - [TEST_STEP][PASSED] - callTestCase(findTestCase(CallTCName), ["FindValue":ComboBoxValue, "DropdownNm":comboNm], STOP_ON_FAILURE): Call Test Case 'Test Cases/PFI Precision and Scale/HashMap Tables/PFILetterTemplate' successfully

2020-06-08 13:17:11 - [TEST_CASE][PASSED] - Test Cases/PFI Precision and Scale/HashMap Tables/PFILetterTemplate: Test Cases/PFI Precision and Scale/HashMap Tables/PFILetterTemplate

2020-06-08 13:17:11 - [TEST_STEP][PASSED] - PFILetterTemplateTBL = [1:["Reminder":"Ministry Of Health"], 2:["Reminder":"Reminder Free Format Letter"], 3:["Reminder":"Reminder 1 (SF_ESID_SIS/SL-REM1)"], ... ]: null

2020-06-08 13:17:11 - [TEST_STEP][PASSED] - switch (DropdownNm): null

2020-06-08 13:17:11 - [TEST_STEP][PASSED] - case "GenerateNotice":: null

2020-06-08 13:17:11 - [TEST_STEP][PASSED] - ValueFound = PFILetterTemplateTBL.find({ -> ... }): null

2020-06-08 13:17:11 - [TEST_STEP][PASSED] - break: null

2020-06-08 13:17:11 - [MESSAGE][PASSED] - Call Test Case 'Test Cases/PFI Precision and Scale/HashMap Tables/PFILetterTemplate' successfully

2020-06-08 13:17:11 - [TEST_STEP][PASSED] - println(ValueFound): null

2020-06-08 13:17:11 - [TEST_STEP][PASSED] - sendKeys(NewInputNmField, Keys.chord(ARROW_DOWN)): Keys 'DOWN + ' sent to object: 'Object Repository/Objects.HighlightElements/input_field'

2020-06-08 13:17:11 - [MESSAGE][PASSED] - Keys 'DOWN + ' sent to object: 'Object Repository/Objects.HighlightElements/input_field'

2020-06-08 13:17:11 - [TEST_STEP][PASSED] - sendKeys(NewInputNmField, Keys.chord(ARROW_DOWN)): Keys 'DOWN + ' sent to object: 'Object Repository/Objects.HighlightElements/input_field'

2020-06-08 13:17:11 - [MESSAGE][PASSED] - Keys 'DOWN + ' sent to object: 'Object Repository/Objects.HighlightElements/input_field'

2020-06-08 13:17:11 - [TEST_STEP][PASSED] - delay(DelayTime): Delayed 3 second(s)

2020-06-08 13:17:14 - [MESSAGE][PASSED] - Delayed 3 second(s)

2020-06-08 13:17:14 - [TEST_STEP][PASSED] - sendKeys(NewInputNmField, Keys.chord(ENTER)): Keys 'ENTER + ' sent to object: 'Object Repository/Objects.HighlightElements/input_field'

2020-06-08 13:17:14 - [MESSAGE][PASSED] - Keys 'ENTER + ' sent to object: 'Object Repository/Objects.HighlightElements/input_field'

2020-06-08 13:17:14 - [TEST_STEP][PASSED] - ComboBoxValue = getAttribute(NewInputNmField, "value"): Attribute 'value' of object 'Object Repository/Objects.HighlightElements/input_field' is: 'without structral plans'

2020-06-08 13:17:14 - [MESSAGE][PASSED] - Attribute 'value' of object 'Object Repository/Objects.HighlightElements/input_field' is: 'without structral plans'

2020-06-08 13:17:14 - [TEST_STEP][PASSED] - callTestCase(findTestCase(CallTCName), ["FindValue":ComboBoxValue, "DropdownNm":comboNm], STOP_ON_FAILURE): Call Test Case 'Test Cases/PFI Precision and Scale/HashMap Tables/PFILetterTemplate' successfully

2020-06-08 13:17:14 - [TEST_CASE][PASSED] - Test Cases/PFI Precision and Scale/HashMap Tables/PFILetterTemplate: Test Cases/PFI Precision and Scale/HashMap Tables/PFILetterTemplate

2020-06-08 13:17:14 - [TEST_STEP][PASSED] - PFILetterTemplateTBL = [1:["Reminder":"Ministry Of Health"], 2:["Reminder":"Reminder Free Format Letter"], 3:["Reminder":"Reminder 1 (SF_ESID_SIS/SL-REM1)"], ... ]: null

2020-06-08 13:17:14 - [TEST_STEP][PASSED] - switch (DropdownNm): null

2020-06-08 13:17:14 - [TEST_STEP][PASSED] - case "GenerateNotice":: null

2020-06-08 13:17:14 - [TEST_STEP][PASSED] - ValueFound = PFILetterTemplateTBL.find({ -> ... }): null

2020-06-08 13:17:14 - [TEST_STEP][PASSED] - break: null

2020-06-08 13:17:14 - [MESSAGE][PASSED] - Call Test Case 'Test Cases/PFI Precision and Scale/HashMap Tables/PFILetterTemplate' successfully

2020-06-08 13:17:14 - [TEST_STEP][PASSED] - println(ValueFound): null

2020-06-08 13:17:14 - [TEST_STEP][PASSED] - sendKeys(NewInputNmField, Keys.chord(ARROW_DOWN)): Keys 'DOWN + ' sent to object: 'Object Repository/Objects.HighlightElements/input_field'

2020-06-08 13:17:14 - [MESSAGE][PASSED] - Keys 'DOWN + ' sent to object: 'Object Repository/Objects.HighlightElements/input_field'

2020-06-08 13:17:14 - [TEST_STEP][PASSED] - sendKeys(NewInputNmField, Keys.chord(ENTER)): Keys 'ENTER + ' sent to object: 'Object Repository/Objects.HighlightElements/input_field'

2020-06-08 13:17:14 - [MESSAGE][PASSED] - Keys 'ENTER + ' sent to object: 'Object Repository/Objects.HighlightElements/input_field'

2020-06-08 13:17:14 - [MESSAGE][PASSED] - Call Test Case 'Test Cases/PFI Precision and Scale/PFI Components/VerifyDropdownValues' successfully

2020-06-08 13:17:14 - [TEST_STEP][NOT_RUN] - callTestCase(findTestCase("Components/Logout"), ["LogoutPageTextToBeVerified":findTestData("ISPS2 Test Data").getValue("HomeBanner", 1)], STOP_ON_FAILURE): NOT_RUN: callTestCase(findTestCase("Components/Logout"), ["LogoutPageTextToBeVerified":findTestData("ISPS2 Test Data").getValue("HomeBanner", 1)], STOP_ON_FAILURE)

2020-06-08 13:17:14 - [MESSAGE][NOT_RUN] - NOT_RUN: callTestCase(findTestCase("Components/Logout"), ["LogoutPageTextToBeVerified":findTestData("ISPS2 Test Data").getValue("HomeBanner", 1)], STOP_ON_FAILURE)]]></system-out>
         <system-err><![CDATA[]]></system-err>
      </testcase>
      <testcase name="Test Cases/PFI Precision and Scale/PFI Test Cases/Process Case (PFI)/PFI.ReminderLHS" time="64.06" classname="Test Cases/PFI Precision and Scale/PFI Test Cases/Process Case (PFI)/PFI.ReminderLHS" status="PASSED">
         <system-out><![CDATA[2020-06-08 13:17:14 - [TEST_CASE][PASSED] - Test Cases/PFI Precision and Scale/PFI Test Cases/Process Case (PFI)/PFI.ReminderLHS: Test Cases/PFI Precision and Scale/PFI Test Cases/Process Case (PFI)/PFI.ReminderLHS

2020-06-08 13:17:15 - [TEST_STEP][NOT_RUN] - callTestCase(findTestCase("Components/LoginV2.0"), ["LinkToBeUsed":findTestData("ISPS2 Test Data").getValue("URL", 1), "LoginPageTextToBeVerified":findTestData("ISPS2 Test Data").getValue("HomeBanner", 1), ... ], STOP_ON_FAILURE): NOT_RUN: callTestCase(findTestCase("Components/LoginV2.0"), ["LinkToBeUsed":findTestData("ISPS2 Test Data").getValue("URL", 1), "LoginPageTextToBeVerified":findTestData("ISPS2 Test Data").getValue("HomeBanner", 1), ... ], STOP_ON_FAILURE)

2020-06-08 13:17:15 - [MESSAGE][NOT_RUN] - NOT_RUN: callTestCase(findTestCase("Components/LoginV2.0"), ["LinkToBeUsed":findTestData("ISPS2 Test Data").getValue("URL", 1), "LoginPageTextToBeVerified":findTestData("ISPS2 Test Data").getValue("HomeBanner", 1), ... ], STOP_ON_FAILURE)

2020-06-08 13:17:15 - [TEST_STEP][NOT_RUN] - callTestCase(findTestCase("Components/NavigateToHomepageHeaders"), ["headerText":"My Tasks"], STOP_ON_FAILURE): NOT_RUN: callTestCase(findTestCase("Components/NavigateToHomepageHeaders"), ["headerText":"My Tasks"], STOP_ON_FAILURE)

2020-06-08 13:17:15 - [MESSAGE][NOT_RUN] - NOT_RUN: callTestCase(findTestCase("Components/NavigateToHomepageHeaders"), ["headerText":"My Tasks"], STOP_ON_FAILURE)

2020-06-08 13:17:15 - [TEST_STEP][NOT_RUN] - callTestCase(findTestCase("Components/Filter"), ["taskDescription":"Process Case (SM)"], STOP_ON_FAILURE): NOT_RUN: callTestCase(findTestCase("Components/Filter"), ["taskDescription":"Process Case (SM)"], STOP_ON_FAILURE)

2020-06-08 13:17:15 - [MESSAGE][NOT_RUN] - NOT_RUN: callTestCase(findTestCase("Components/Filter"), ["taskDescription":"Process Case (SM)"], STOP_ON_FAILURE)

2020-06-08 13:17:15 - [TEST_STEP][NOT_RUN] - callTestCase(findTestCase("Components/ClickLinkDependingOnTextAndIndex"), ["linkName":"Process Case (SM)", "index":"3"], STOP_ON_FAILURE): NOT_RUN: callTestCase(findTestCase("Components/ClickLinkDependingOnTextAndIndex"), ["linkName":"Process Case (SM)", "index":"3"], STOP_ON_FAILURE)

2020-06-08 13:17:15 - [MESSAGE][NOT_RUN] - NOT_RUN: callTestCase(findTestCase("Components/ClickLinkDependingOnTextAndIndex"), ["linkName":"Process Case (SM)", "index":"3"], STOP_ON_FAILURE)

2020-06-08 13:17:15 - [TEST_STEP][NOT_RUN] - callTestCase(findTestCase("Components/VerifyPageSuccessfullyLoaded"), ["HeaderName":"Summary"], STOP_ON_FAILURE): NOT_RUN: callTestCase(findTestCase("Components/VerifyPageSuccessfullyLoaded"), ["HeaderName":"Summary"], STOP_ON_FAILURE)

2020-06-08 13:17:15 - [MESSAGE][NOT_RUN] - NOT_RUN: callTestCase(findTestCase("Components/VerifyPageSuccessfullyLoaded"), ["HeaderName":"Summary"], STOP_ON_FAILURE)

2020-06-08 13:17:15 - [TEST_STEP][PASSED] - callTestCase(findTestCase("Components/NavigateToAnyLHS"), ["LHS":"Reminder"], STOP_ON_FAILURE): Call Test Case 'Test Cases/Components/NavigateToAnyLHS' successfully

2020-06-08 13:17:15 - [TEST_CASE][PASSED] - Test Cases/Components/NavigateToAnyLHS: Test Cases/Components/NavigateToAnyLHS

2020-06-08 13:17:15 - [TEST_STEP][PASSED] - Thread.sleep(1000): null

2020-06-08 13:17:16 - [TEST_STEP][PASSED] - modifiedLHS = modifyObjectProperty(findTestObject("Objects.NavigateToAnyLHS/Page_ISPS2/LHSToModify"), "text", "equals", LHS, true): Modify property of object successfully

2020-06-08 13:17:16 - [MESSAGE][PASSED] - Modify property of object successfully

2020-06-08 13:17:16 - [TEST_STEP][PASSED] - click(modifiedLHS): Object: 'Object Repository/Objects.NavigateToAnyLHS/Page_ISPS2/LHSToModify' is clicked on

2020-06-08 13:17:16 - [MESSAGE][PASSED] - Object: 'Object Repository/Objects.NavigateToAnyLHS/Page_ISPS2/LHSToModify' is clicked on

2020-06-08 13:17:16 - [TEST_STEP][PASSED] - currentLHS = getText(modifiedLHS): Text of object 'Object Repository/Objects.NavigateToAnyLHS/Page_ISPS2/LHSToModify' is: 'Reminder'

2020-06-08 13:17:16 - [MESSAGE][PASSED] - Text of object 'Object Repository/Objects.NavigateToAnyLHS/Page_ISPS2/LHSToModify' is: 'Reminder'

2020-06-08 13:17:16 - [TEST_STEP][PASSED] - Thread.sleep(5000): null

2020-06-08 13:17:21 - [MESSAGE][PASSED] - Call Test Case 'Test Cases/Components/NavigateToAnyLHS' successfully

2020-06-08 13:17:21 - [TEST_STEP][PASSED] - callTestCase(findTestCase("Components/VerifyPageSuccessfullyLoaded"), ["HeaderName":"Reminder"], STOP_ON_FAILURE): Call Test Case 'Test Cases/Components/VerifyPageSuccessfullyLoaded' successfully

2020-06-08 13:17:21 - [TEST_CASE][PASSED] - Test Cases/Components/VerifyPageSuccessfullyLoaded: Test Cases/Components/VerifyPageSuccessfullyLoaded

2020-06-08 13:17:21 - [TEST_STEP][PASSED] - Thread.sleep(3000): null

2020-06-08 13:17:24 - [TEST_STEP][PASSED] - ModifiedHeaderName = modifyObjectProperty(findTestObject("Objects.VerifyPageSuccessfullyLoaded/PageHeader"), "text", "equals", HeaderName, true): Modify property of object successfully

2020-06-08 13:17:24 - [MESSAGE][PASSED] - Modify property of object successfully

2020-06-08 13:17:24 - [TEST_STEP][PASSED] - verifyElementPresent(ModifiedHeaderName, 30): Object 'Object Repository/Objects.VerifyPageSuccessfullyLoaded/PageHeader' is present

2020-06-08 13:17:24 - [MESSAGE][PASSED] - Object 'Object Repository/Objects.VerifyPageSuccessfullyLoaded/PageHeader' is present

2020-06-08 13:17:24 - [TEST_STEP][PASSED] - com.reusableComponents.HighlightElement.run(ModifiedHeaderName): com.reusableComponents.HighlightElement.run is PASSED

2020-06-08 13:17:24 - [MESSAGE][PASSED] - com.reusableComponents.HighlightElement.run is PASSED

2020-06-08 13:17:24 - [MESSAGE][PASSED] - Call Test Case 'Test Cases/Components/VerifyPageSuccessfullyLoaded' successfully

2020-06-08 13:17:24 - [TEST_STEP][PASSED] - callTestCase(findTestCase("Components/HighlightLabelIndexField"), ["LblName":"Reminder Type:", "index":1], STOP_ON_FAILURE): Call Test Case 'Test Cases/Components/HighlightLabelIndexField' successfully

2020-06-08 13:17:24 - [TEST_CASE][PASSED] - Test Cases/Components/HighlightLabelIndexField: Test Cases/Components/HighlightLabelIndexField

2020-06-08 13:17:25 - [TEST_STEP][PASSED] - Thread.sleep(1000): null

2020-06-08 13:17:26 - [TEST_STEP][PASSED] - modifiedLblNm = modifyObjectProperty(findTestObject("Object Repository/Objects.HighlightElements/lblField_index"), "xpath", "equals", "(//*[contains(@class,'x-form-item-label-inner') and (text()='" + LblName + "')])[" + index + "]", true): Modify property of object successfully

2020-06-08 13:17:26 - [MESSAGE][PASSED] - Modify property of object successfully

2020-06-08 13:17:26 - [TEST_STEP][PASSED] - com.reusableComponents.HighlightElement.run(modifiedLblNm): com.reusableComponents.HighlightElement.run is PASSED

2020-06-08 13:17:26 - [MESSAGE][PASSED] - com.reusableComponents.HighlightElement.run is PASSED

2020-06-08 13:17:26 - [MESSAGE][PASSED] - Call Test Case 'Test Cases/Components/HighlightLabelIndexField' successfully

2020-06-08 13:17:26 - [TEST_STEP][PASSED] - callTestCase(findTestCase("Components/HighlightInputIndexField"), ["InputName":"reminderType", "index":1], STOP_ON_FAILURE): Call Test Case 'Test Cases/Components/HighlightInputIndexField' successfully

2020-06-08 13:17:26 - [TEST_CASE][PASSED] - Test Cases/Components/HighlightInputIndexField: Test Cases/Components/HighlightInputIndexField

2020-06-08 13:17:26 - [TEST_STEP][PASSED] - Thread.sleep(1000): null

2020-06-08 13:17:27 - [TEST_STEP][PASSED] - modifiedInputFld = modifyObjectProperty(findTestObject("Objects.HighlightElements/input_field_index"), "xpath", "equals", "(//*[contains(@class,'x-form-text') and (@name='" + InputName + "')])[" + index + "]", true): Modify property of object successfully

2020-06-08 13:17:27 - [MESSAGE][PASSED] - Modify property of object successfully

2020-06-08 13:17:27 - [TEST_STEP][PASSED] - com.reusableComponents.HighlightElement.run(modifiedInputFld): com.reusableComponents.HighlightElement.run is PASSED

2020-06-08 13:17:28 - [MESSAGE][PASSED] - com.reusableComponents.HighlightElement.run is PASSED

2020-06-08 13:17:28 - [MESSAGE][PASSED] - Call Test Case 'Test Cases/Components/HighlightInputIndexField' successfully

2020-06-08 13:17:28 - [TEST_STEP][PASSED] - callTestCase(findTestCase("PFI Precision and Scale/PFI Components with Indexing/VerifyDefaultValueIndex"), ["FieldNm":"reminderType", "index":1], STOP_ON_FAILURE): Call Test Case 'Test Cases/PFI Precision and Scale/PFI Components with Indexing/VerifyDefaultValueIndex' successfully

2020-06-08 13:17:28 - [TEST_CASE][PASSED] - Test Cases/PFI Precision and Scale/PFI Components with Indexing/VerifyDefaultValueIndex: Test Cases/PFI Precision and Scale/PFI Components with Indexing/VerifyDefaultValueIndex

2020-06-08 13:17:28 - [TEST_STEP][PASSED] - Thread.sleep(1000): null

2020-06-08 13:17:29 - [TEST_STEP][PASSED] - DefaultValueHM = ["periodType":"Working Day(s)", "noOfDays":"14", "inspWeight":"1", "inspModule":"PSI", "inspCaseType":"PSI Processing (SM)"]: null

2020-06-08 13:17:29 - [TEST_STEP][PASSED] - NewFieldNm = modifyObjectProperty(findTestObject("Object Repository/Objects.HighlightElements/input_field_index"), "xpath", "equals", "(//*[contains(@name,'" + FieldNm + "')])[" + index + "]", true): Modify property of object successfully

2020-06-08 13:17:29 - [MESSAGE][PASSED] - Modify property of object successfully

2020-06-08 13:17:29 - [TEST_STEP][PASSED] - focus(NewFieldNm): Object: 'Object Repository/Objects.HighlightElements/input_field_index' is focused

2020-06-08 13:17:29 - [MESSAGE][PASSED] - Object: 'Object Repository/Objects.HighlightElements/input_field_index' is focused

2020-06-08 13:17:29 - [TEST_STEP][PASSED] - DefVal = getAttribute(NewFieldNm, "value", STOP_ON_FAILURE): Attribute 'value' of object 'Object Repository/Objects.HighlightElements/input_field_index' is: ''

2020-06-08 13:17:29 - [MESSAGE][PASSED] - Attribute 'value' of object 'Object Repository/Objects.HighlightElements/input_field_index' is: ''

2020-06-08 13:17:29 - [TEST_STEP][PASSED] - switch (FieldNm): null

2020-06-08 13:17:29 - [TEST_STEP][PASSED] - Default: null

2020-06-08 13:17:29 - [TEST_STEP][PASSED] - ExpectedDefVal = DefaultValueHM.get(FieldNm): null

2020-06-08 13:17:29 - [TEST_STEP][PASSED] - if (ExpectedDefVal != null): null

2020-06-08 13:17:29 - [TEST_STEP][PASSED] - else: Actual text '' and expected text '' are matched  using regular expression

2020-06-08 13:17:29 - [TEST_STEP][PASSED] - verifyMatch(DefVal, "", true): Actual text '' and expected text '' are matched  using regular expression

2020-06-08 13:17:29 - [MESSAGE][PASSED] - Actual text '' and expected text '' are matched  using regular expression

2020-06-08 13:17:29 - [TEST_STEP][PASSED] - break: null

2020-06-08 13:17:29 - [MESSAGE][PASSED] - Call Test Case 'Test Cases/PFI Precision and Scale/PFI Components with Indexing/VerifyDefaultValueIndex' successfully

2020-06-08 13:17:29 - [TEST_STEP][PASSED] - callTestCase(findTestCase("PFI Precision and Scale/PFI Components with Indexing/VerifyDropdownValuesIndex"), ["FldNm":"reminderType", "CallTCName":"PFI Precision and Scale/HashMap Tables/PFILetterTemplate", "cmbNm":"Reminder", "NoOfVal":9, ... ], STOP_ON_FAILURE): Call Test Case 'Test Cases/PFI Precision and Scale/PFI Components with Indexing/VerifyDropdownValuesIndex' successfully

2020-06-08 13:17:29 - [TEST_CASE][PASSED] - Test Cases/PFI Precision and Scale/PFI Components with Indexing/VerifyDropdownValuesIndex: Test Cases/PFI Precision and Scale/PFI Components with Indexing/VerifyDropdownValuesIndex

2020-06-08 13:17:30 - [TEST_STEP][PASSED] - Thread.sleep(1000): null

2020-06-08 13:17:31 - [TEST_STEP][PASSED] - NewInputNmField = modifyObjectProperty(findTestObject("Object Repository/Objects.HighlightElements/input_field_index"), "xpath", "equals", "(//*[contains(@class,'x-form-text') and (@name='" + FldNm + "')])[" + index + "]", true): Modify property of object successfully

2020-06-08 13:17:31 - [MESSAGE][PASSED] - Modify property of object successfully

2020-06-08 13:17:31 - [TEST_STEP][PASSED] - comboNm = cmbNm: null

2020-06-08 13:17:31 - [TEST_STEP][PASSED] - focus(NewInputNmField): Object: 'Object Repository/Objects.HighlightElements/input_field_index' is focused

2020-06-08 13:17:31 - [MESSAGE][PASSED] - Object: 'Object Repository/Objects.HighlightElements/input_field_index' is focused

2020-06-08 13:17:31 - [TEST_STEP][PASSED] - setText(NewInputNmField, EnterValue): Text '' is set on object 'Object Repository/Objects.HighlightElements/input_field_index'

2020-06-08 13:17:31 - [MESSAGE][PASSED] - Text '' is set on object 'Object Repository/Objects.HighlightElements/input_field_index'

2020-06-08 13:17:31 - [TEST_STEP][PASSED] - for ([i = 1, i <= NoOfVal, (i++)]): Keys 'DOWN + ' sent to object: 'Object Repository/Objects.HighlightElements/input_field_index'

2020-06-08 13:17:31 - [TEST_STEP][PASSED] - sendKeys(NewInputNmField, Keys.chord(ARROW_DOWN)): Keys 'DOWN + ' sent to object: 'Object Repository/Objects.HighlightElements/input_field_index'

2020-06-08 13:17:31 - [MESSAGE][PASSED] - Keys 'DOWN + ' sent to object: 'Object Repository/Objects.HighlightElements/input_field_index'

2020-06-08 13:17:31 - [TEST_STEP][PASSED] - delay(DelayTime): Delayed 5 second(s)

2020-06-08 13:17:36 - [MESSAGE][PASSED] - Delayed 5 second(s)

2020-06-08 13:17:36 - [TEST_STEP][PASSED] - sendKeys(NewInputNmField, Keys.chord(ENTER)): Keys 'ENTER + ' sent to object: 'Object Repository/Objects.HighlightElements/input_field_index'

2020-06-08 13:17:36 - [MESSAGE][PASSED] - Keys 'ENTER + ' sent to object: 'Object Repository/Objects.HighlightElements/input_field_index'

2020-06-08 13:17:36 - [TEST_STEP][PASSED] - ComboBoxValue = getAttribute(NewInputNmField, "value"): Attribute 'value' of object 'Object Repository/Objects.HighlightElements/input_field_index' is: 'Ministry of Health'

2020-06-08 13:17:36 - [MESSAGE][PASSED] - Attribute 'value' of object 'Object Repository/Objects.HighlightElements/input_field_index' is: 'Ministry of Health'

2020-06-08 13:17:36 - [TEST_STEP][PASSED] - callTestCase(findTestCase(CallTCName), ["FindValue":ComboBoxValue, "DropdownNm":comboNm], STOP_ON_FAILURE): Call Test Case 'Test Cases/PFI Precision and Scale/HashMap Tables/PFILetterTemplate' successfully

2020-06-08 13:17:36 - [TEST_CASE][PASSED] - Test Cases/PFI Precision and Scale/HashMap Tables/PFILetterTemplate: Test Cases/PFI Precision and Scale/HashMap Tables/PFILetterTemplate

2020-06-08 13:17:36 - [TEST_STEP][PASSED] - PFILetterTemplateTBL = [1:["Reminder":"Ministry Of Health"], 2:["Reminder":"Reminder Free Format Letter"], 3:["Reminder":"Reminder 1 (SF_ESID_SIS/SL-REM1)"], ... ]: null

2020-06-08 13:17:36 - [TEST_STEP][PASSED] - switch (DropdownNm): null

2020-06-08 13:17:36 - [TEST_STEP][PASSED] - case "Reminder":: null

2020-06-08 13:17:36 - [TEST_STEP][PASSED] - ValueFound = PFILetterTemplateTBL.find({ -> ... }): null

2020-06-08 13:17:36 - [TEST_STEP][PASSED] - break: null

2020-06-08 13:17:36 - [MESSAGE][PASSED] - Call Test Case 'Test Cases/PFI Precision and Scale/HashMap Tables/PFILetterTemplate' successfully

2020-06-08 13:17:36 - [TEST_STEP][PASSED] - println(ValueFound): null

2020-06-08 13:17:36 - [TEST_STEP][PASSED] - sendKeys(NewInputNmField, Keys.chord(ARROW_DOWN)): Keys 'DOWN + ' sent to object: 'Object Repository/Objects.HighlightElements/input_field_index'

2020-06-08 13:17:36 - [MESSAGE][PASSED] - Keys 'DOWN + ' sent to object: 'Object Repository/Objects.HighlightElements/input_field_index'

2020-06-08 13:17:36 - [TEST_STEP][PASSED] - sendKeys(NewInputNmField, Keys.chord(ARROW_DOWN)): Keys 'DOWN + ' sent to object: 'Object Repository/Objects.HighlightElements/input_field_index'

2020-06-08 13:17:36 - [MESSAGE][PASSED] - Keys 'DOWN + ' sent to object: 'Object Repository/Objects.HighlightElements/input_field_index'

2020-06-08 13:17:36 - [TEST_STEP][PASSED] - delay(DelayTime): Delayed 5 second(s)

2020-06-08 13:17:41 - [MESSAGE][PASSED] - Delayed 5 second(s)

2020-06-08 13:17:41 - [TEST_STEP][PASSED] - sendKeys(NewInputNmField, Keys.chord(ENTER)): Keys 'ENTER + ' sent to object: 'Object Repository/Objects.HighlightElements/input_field_index'

2020-06-08 13:17:41 - [MESSAGE][PASSED] - Keys 'ENTER + ' sent to object: 'Object Repository/Objects.HighlightElements/input_field_index'

2020-06-08 13:17:41 - [TEST_STEP][PASSED] - ComboBoxValue = getAttribute(NewInputNmField, "value"): Attribute 'value' of object 'Object Repository/Objects.HighlightElements/input_field_index' is: 'Reminder Free Format Letter'

2020-06-08 13:17:41 - [MESSAGE][PASSED] - Attribute 'value' of object 'Object Repository/Objects.HighlightElements/input_field_index' is: 'Reminder Free Format Letter'

2020-06-08 13:17:41 - [TEST_STEP][PASSED] - callTestCase(findTestCase(CallTCName), ["FindValue":ComboBoxValue, "DropdownNm":comboNm], STOP_ON_FAILURE): Call Test Case 'Test Cases/PFI Precision and Scale/HashMap Tables/PFILetterTemplate' successfully

2020-06-08 13:17:41 - [TEST_CASE][PASSED] - Test Cases/PFI Precision and Scale/HashMap Tables/PFILetterTemplate: Test Cases/PFI Precision and Scale/HashMap Tables/PFILetterTemplate

2020-06-08 13:17:41 - [TEST_STEP][PASSED] - PFILetterTemplateTBL = [1:["Reminder":"Ministry Of Health"], 2:["Reminder":"Reminder Free Format Letter"], 3:["Reminder":"Reminder 1 (SF_ESID_SIS/SL-REM1)"], ... ]: null

2020-06-08 13:17:41 - [TEST_STEP][PASSED] - switch (DropdownNm): null

2020-06-08 13:17:41 - [TEST_STEP][PASSED] - case "Reminder":: null

2020-06-08 13:17:41 - [TEST_STEP][PASSED] - ValueFound = PFILetterTemplateTBL.find({ -> ... }): null

2020-06-08 13:17:41 - [TEST_STEP][PASSED] - break: null

2020-06-08 13:17:41 - [MESSAGE][PASSED] - Call Test Case 'Test Cases/PFI Precision and Scale/HashMap Tables/PFILetterTemplate' successfully

2020-06-08 13:17:41 - [TEST_STEP][PASSED] - println(ValueFound): null

2020-06-08 13:17:41 - [TEST_STEP][PASSED] - sendKeys(NewInputNmField, Keys.chord(ARROW_DOWN)): Keys 'DOWN + ' sent to object: 'Object Repository/Objects.HighlightElements/input_field_index'

2020-06-08 13:17:41 - [MESSAGE][PASSED] - Keys 'DOWN + ' sent to object: 'Object Repository/Objects.HighlightElements/input_field_index'

2020-06-08 13:17:41 - [TEST_STEP][PASSED] - sendKeys(NewInputNmField, Keys.chord(ARROW_DOWN)): Keys 'DOWN + ' sent to object: 'Object Repository/Objects.HighlightElements/input_field_index'

2020-06-08 13:17:41 - [MESSAGE][PASSED] - Keys 'DOWN + ' sent to object: 'Object Repository/Objects.HighlightElements/input_field_index'

2020-06-08 13:17:41 - [TEST_STEP][PASSED] - delay(DelayTime): Delayed 5 second(s)

2020-06-08 13:17:46 - [MESSAGE][PASSED] - Delayed 5 second(s)

2020-06-08 13:17:46 - [TEST_STEP][PASSED] - sendKeys(NewInputNmField, Keys.chord(ENTER)): Keys 'ENTER + ' sent to object: 'Object Repository/Objects.HighlightElements/input_field_index'

2020-06-08 13:17:46 - [MESSAGE][PASSED] - Keys 'ENTER + ' sent to object: 'Object Repository/Objects.HighlightElements/input_field_index'

2020-06-08 13:17:46 - [TEST_STEP][PASSED] - ComboBoxValue = getAttribute(NewInputNmField, "value"): Attribute 'value' of object 'Object Repository/Objects.HighlightElements/input_field_index' is: 'Reminder 1 (SF_ESID_SIS/SL-REM1)'

2020-06-08 13:17:46 - [MESSAGE][PASSED] - Attribute 'value' of object 'Object Repository/Objects.HighlightElements/input_field_index' is: 'Reminder 1 (SF_ESID_SIS/SL-REM1)'

2020-06-08 13:17:46 - [TEST_STEP][PASSED] - callTestCase(findTestCase(CallTCName), ["FindValue":ComboBoxValue, "DropdownNm":comboNm], STOP_ON_FAILURE): Call Test Case 'Test Cases/PFI Precision and Scale/HashMap Tables/PFILetterTemplate' successfully

2020-06-08 13:17:46 - [TEST_CASE][PASSED] - Test Cases/PFI Precision and Scale/HashMap Tables/PFILetterTemplate: Test Cases/PFI Precision and Scale/HashMap Tables/PFILetterTemplate

2020-06-08 13:17:46 - [TEST_STEP][PASSED] - PFILetterTemplateTBL = [1:["Reminder":"Ministry Of Health"], 2:["Reminder":"Reminder Free Format Letter"], 3:["Reminder":"Reminder 1 (SF_ESID_SIS/SL-REM1)"], ... ]: null

2020-06-08 13:17:46 - [TEST_STEP][PASSED] - switch (DropdownNm): null

2020-06-08 13:17:46 - [TEST_STEP][PASSED] - case "Reminder":: null

2020-06-08 13:17:46 - [TEST_STEP][PASSED] - ValueFound = PFILetterTemplateTBL.find({ -> ... }): null

2020-06-08 13:17:46 - [TEST_STEP][PASSED] - break: null

2020-06-08 13:17:46 - [MESSAGE][PASSED] - Call Test Case 'Test Cases/PFI Precision and Scale/HashMap Tables/PFILetterTemplate' successfully

2020-06-08 13:17:46 - [TEST_STEP][PASSED] - println(ValueFound): null

2020-06-08 13:17:46 - [TEST_STEP][PASSED] - sendKeys(NewInputNmField, Keys.chord(ARROW_DOWN)): Keys 'DOWN + ' sent to object: 'Object Repository/Objects.HighlightElements/input_field_index'

2020-06-08 13:17:47 - [MESSAGE][PASSED] - Keys 'DOWN + ' sent to object: 'Object Repository/Objects.HighlightElements/input_field_index'

2020-06-08 13:17:47 - [TEST_STEP][PASSED] - sendKeys(NewInputNmField, Keys.chord(ARROW_DOWN)): Keys 'DOWN + ' sent to object: 'Object Repository/Objects.HighlightElements/input_field_index'

2020-06-08 13:17:47 - [MESSAGE][PASSED] - Keys 'DOWN + ' sent to object: 'Object Repository/Objects.HighlightElements/input_field_index'

2020-06-08 13:17:47 - [TEST_STEP][PASSED] - delay(DelayTime): Delayed 5 second(s)

2020-06-08 13:17:52 - [MESSAGE][PASSED] - Delayed 5 second(s)

2020-06-08 13:17:52 - [TEST_STEP][PASSED] - sendKeys(NewInputNmField, Keys.chord(ENTER)): Keys 'ENTER + ' sent to object: 'Object Repository/Objects.HighlightElements/input_field_index'

2020-06-08 13:17:52 - [MESSAGE][PASSED] - Keys 'ENTER + ' sent to object: 'Object Repository/Objects.HighlightElements/input_field_index'

2020-06-08 13:17:52 - [TEST_STEP][PASSED] - ComboBoxValue = getAttribute(NewInputNmField, "value"): Attribute 'value' of object 'Object Repository/Objects.HighlightElements/input_field_index' is: 'Reminder 1-G (SF_ESID_SIS/SL-REM1-G)'

2020-06-08 13:17:52 - [MESSAGE][PASSED] - Attribute 'value' of object 'Object Repository/Objects.HighlightElements/input_field_index' is: 'Reminder 1-G (SF_ESID_SIS/SL-REM1-G)'

2020-06-08 13:17:52 - [TEST_STEP][PASSED] - callTestCase(findTestCase(CallTCName), ["FindValue":ComboBoxValue, "DropdownNm":comboNm], STOP_ON_FAILURE): Call Test Case 'Test Cases/PFI Precision and Scale/HashMap Tables/PFILetterTemplate' successfully

2020-06-08 13:17:52 - [TEST_CASE][PASSED] - Test Cases/PFI Precision and Scale/HashMap Tables/PFILetterTemplate: Test Cases/PFI Precision and Scale/HashMap Tables/PFILetterTemplate

2020-06-08 13:17:52 - [TEST_STEP][PASSED] - PFILetterTemplateTBL = [1:["Reminder":"Ministry Of Health"], 2:["Reminder":"Reminder Free Format Letter"], 3:["Reminder":"Reminder 1 (SF_ESID_SIS/SL-REM1)"], ... ]: null

2020-06-08 13:17:52 - [TEST_STEP][PASSED] - switch (DropdownNm): null

2020-06-08 13:17:52 - [TEST_STEP][PASSED] - case "Reminder":: null

2020-06-08 13:17:52 - [TEST_STEP][PASSED] - ValueFound = PFILetterTemplateTBL.find({ -> ... }): null

2020-06-08 13:17:52 - [TEST_STEP][PASSED] - break: null

2020-06-08 13:17:52 - [MESSAGE][PASSED] - Call Test Case 'Test Cases/PFI Precision and Scale/HashMap Tables/PFILetterTemplate' successfully

2020-06-08 13:17:52 - [TEST_STEP][PASSED] - println(ValueFound): null

2020-06-08 13:17:52 - [TEST_STEP][PASSED] - sendKeys(NewInputNmField, Keys.chord(ARROW_DOWN)): Keys 'DOWN + ' sent to object: 'Object Repository/Objects.HighlightElements/input_field_index'

2020-06-08 13:17:52 - [MESSAGE][PASSED] - Keys 'DOWN + ' sent to object: 'Object Repository/Objects.HighlightElements/input_field_index'

2020-06-08 13:17:52 - [TEST_STEP][PASSED] - sendKeys(NewInputNmField, Keys.chord(ARROW_DOWN)): Keys 'DOWN + ' sent to object: 'Object Repository/Objects.HighlightElements/input_field_index'

2020-06-08 13:17:52 - [MESSAGE][PASSED] - Keys 'DOWN + ' sent to object: 'Object Repository/Objects.HighlightElements/input_field_index'

2020-06-08 13:17:52 - [TEST_STEP][PASSED] - delay(DelayTime): Delayed 5 second(s)

2020-06-08 13:17:57 - [MESSAGE][PASSED] - Delayed 5 second(s)

2020-06-08 13:17:57 - [TEST_STEP][PASSED] - sendKeys(NewInputNmField, Keys.chord(ENTER)): Keys 'ENTER + ' sent to object: 'Object Repository/Objects.HighlightElements/input_field_index'

2020-06-08 13:17:57 - [MESSAGE][PASSED] - Keys 'ENTER + ' sent to object: 'Object Repository/Objects.HighlightElements/input_field_index'

2020-06-08 13:17:57 - [TEST_STEP][PASSED] - ComboBoxValue = getAttribute(NewInputNmField, "value"): Attribute 'value' of object 'Object Repository/Objects.HighlightElements/input_field_index' is: 'Reminder 1A (SF_ESID_SIS/SL-REM1A)'

2020-06-08 13:17:57 - [MESSAGE][PASSED] - Attribute 'value' of object 'Object Repository/Objects.HighlightElements/input_field_index' is: 'Reminder 1A (SF_ESID_SIS/SL-REM1A)'

2020-06-08 13:17:57 - [TEST_STEP][PASSED] - callTestCase(findTestCase(CallTCName), ["FindValue":ComboBoxValue, "DropdownNm":comboNm], STOP_ON_FAILURE): Call Test Case 'Test Cases/PFI Precision and Scale/HashMap Tables/PFILetterTemplate' successfully

2020-06-08 13:17:57 - [TEST_CASE][PASSED] - Test Cases/PFI Precision and Scale/HashMap Tables/PFILetterTemplate: Test Cases/PFI Precision and Scale/HashMap Tables/PFILetterTemplate

2020-06-08 13:17:57 - [TEST_STEP][PASSED] - PFILetterTemplateTBL = [1:["Reminder":"Ministry Of Health"], 2:["Reminder":"Reminder Free Format Letter"], 3:["Reminder":"Reminder 1 (SF_ESID_SIS/SL-REM1)"], ... ]: null

2020-06-08 13:17:57 - [TEST_STEP][PASSED] - switch (DropdownNm): null

2020-06-08 13:17:57 - [TEST_STEP][PASSED] - case "Reminder":: null

2020-06-08 13:17:57 - [TEST_STEP][PASSED] - ValueFound = PFILetterTemplateTBL.find({ -> ... }): null

2020-06-08 13:17:57 - [TEST_STEP][PASSED] - break: null

2020-06-08 13:17:57 - [MESSAGE][PASSED] - Call Test Case 'Test Cases/PFI Precision and Scale/HashMap Tables/PFILetterTemplate' successfully

2020-06-08 13:17:57 - [TEST_STEP][PASSED] - println(ValueFound): null

2020-06-08 13:17:57 - [TEST_STEP][PASSED] - sendKeys(NewInputNmField, Keys.chord(ARROW_DOWN)): Keys 'DOWN + ' sent to object: 'Object Repository/Objects.HighlightElements/input_field_index'

2020-06-08 13:17:57 - [MESSAGE][PASSED] - Keys 'DOWN + ' sent to object: 'Object Repository/Objects.HighlightElements/input_field_index'

2020-06-08 13:17:57 - [TEST_STEP][PASSED] - sendKeys(NewInputNmField, Keys.chord(ARROW_DOWN)): Keys 'DOWN + ' sent to object: 'Object Repository/Objects.HighlightElements/input_field_index'

2020-06-08 13:17:57 - [MESSAGE][PASSED] - Keys 'DOWN + ' sent to object: 'Object Repository/Objects.HighlightElements/input_field_index'

2020-06-08 13:17:57 - [TEST_STEP][PASSED] - delay(DelayTime): Delayed 5 second(s)

2020-06-08 13:18:02 - [MESSAGE][PASSED] - Delayed 5 second(s)

2020-06-08 13:18:02 - [TEST_STEP][PASSED] - sendKeys(NewInputNmField, Keys.chord(ENTER)): Keys 'ENTER + ' sent to object: 'Object Repository/Objects.HighlightElements/input_field_index'

2020-06-08 13:18:02 - [MESSAGE][PASSED] - Keys 'ENTER + ' sent to object: 'Object Repository/Objects.HighlightElements/input_field_index'

2020-06-08 13:18:02 - [TEST_STEP][PASSED] - ComboBoxValue = getAttribute(NewInputNmField, "value"): Attribute 'value' of object 'Object Repository/Objects.HighlightElements/input_field_index' is: 'Reminder 1-M (SF_ESID_SIS/SL-REM1-M)'

2020-06-08 13:18:02 - [MESSAGE][PASSED] - Attribute 'value' of object 'Object Repository/Objects.HighlightElements/input_field_index' is: 'Reminder 1-M (SF_ESID_SIS/SL-REM1-M)'

2020-06-08 13:18:02 - [TEST_STEP][PASSED] - callTestCase(findTestCase(CallTCName), ["FindValue":ComboBoxValue, "DropdownNm":comboNm], STOP_ON_FAILURE): Call Test Case 'Test Cases/PFI Precision and Scale/HashMap Tables/PFILetterTemplate' successfully

2020-06-08 13:18:02 - [TEST_CASE][PASSED] - Test Cases/PFI Precision and Scale/HashMap Tables/PFILetterTemplate: Test Cases/PFI Precision and Scale/HashMap Tables/PFILetterTemplate

2020-06-08 13:18:02 - [TEST_STEP][PASSED] - PFILetterTemplateTBL = [1:["Reminder":"Ministry Of Health"], 2:["Reminder":"Reminder Free Format Letter"], 3:["Reminder":"Reminder 1 (SF_ESID_SIS/SL-REM1)"], ... ]: null

2020-06-08 13:18:02 - [TEST_STEP][PASSED] - switch (DropdownNm): null

2020-06-08 13:18:02 - [TEST_STEP][PASSED] - case "Reminder":: null

2020-06-08 13:18:02 - [TEST_STEP][PASSED] - ValueFound = PFILetterTemplateTBL.find({ -> ... }): null

2020-06-08 13:18:02 - [TEST_STEP][PASSED] - break: null

2020-06-08 13:18:02 - [MESSAGE][PASSED] - Call Test Case 'Test Cases/PFI Precision and Scale/HashMap Tables/PFILetterTemplate' successfully

2020-06-08 13:18:02 - [TEST_STEP][PASSED] - println(ValueFound): null

2020-06-08 13:18:02 - [TEST_STEP][PASSED] - sendKeys(NewInputNmField, Keys.chord(ARROW_DOWN)): Keys 'DOWN + ' sent to object: 'Object Repository/Objects.HighlightElements/input_field_index'

2020-06-08 13:18:02 - [MESSAGE][PASSED] - Keys 'DOWN + ' sent to object: 'Object Repository/Objects.HighlightElements/input_field_index'

2020-06-08 13:18:02 - [TEST_STEP][PASSED] - sendKeys(NewInputNmField, Keys.chord(ARROW_DOWN)): Keys 'DOWN + ' sent to object: 'Object Repository/Objects.HighlightElements/input_field_index'

2020-06-08 13:18:02 - [MESSAGE][PASSED] - Keys 'DOWN + ' sent to object: 'Object Repository/Objects.HighlightElements/input_field_index'

2020-06-08 13:18:02 - [TEST_STEP][PASSED] - delay(DelayTime): Delayed 5 second(s)

2020-06-08 13:18:07 - [MESSAGE][PASSED] - Delayed 5 second(s)

2020-06-08 13:18:07 - [TEST_STEP][PASSED] - sendKeys(NewInputNmField, Keys.chord(ENTER)): Keys 'ENTER + ' sent to object: 'Object Repository/Objects.HighlightElements/input_field_index'

2020-06-08 13:18:08 - [MESSAGE][PASSED] - Keys 'ENTER + ' sent to object: 'Object Repository/Objects.HighlightElements/input_field_index'

2020-06-08 13:18:08 - [TEST_STEP][PASSED] - ComboBoxValue = getAttribute(NewInputNmField, "value"): Attribute 'value' of object 'Object Repository/Objects.HighlightElements/input_field_index' is: 'Reminder 1A-M (SF_ESID_SIS/SL-REM1A-M)'

2020-06-08 13:18:08 - [MESSAGE][PASSED] - Attribute 'value' of object 'Object Repository/Objects.HighlightElements/input_field_index' is: 'Reminder 1A-M (SF_ESID_SIS/SL-REM1A-M)'

2020-06-08 13:18:08 - [TEST_STEP][PASSED] - callTestCase(findTestCase(CallTCName), ["FindValue":ComboBoxValue, "DropdownNm":comboNm], STOP_ON_FAILURE): Call Test Case 'Test Cases/PFI Precision and Scale/HashMap Tables/PFILetterTemplate' successfully

2020-06-08 13:18:08 - [TEST_CASE][PASSED] - Test Cases/PFI Precision and Scale/HashMap Tables/PFILetterTemplate: Test Cases/PFI Precision and Scale/HashMap Tables/PFILetterTemplate

2020-06-08 13:18:08 - [TEST_STEP][PASSED] - PFILetterTemplateTBL = [1:["Reminder":"Ministry Of Health"], 2:["Reminder":"Reminder Free Format Letter"], 3:["Reminder":"Reminder 1 (SF_ESID_SIS/SL-REM1)"], ... ]: null

2020-06-08 13:18:08 - [TEST_STEP][PASSED] - switch (DropdownNm): null

2020-06-08 13:18:08 - [TEST_STEP][PASSED] - case "Reminder":: null

2020-06-08 13:18:08 - [TEST_STEP][PASSED] - ValueFound = PFILetterTemplateTBL.find({ -> ... }): null

2020-06-08 13:18:08 - [TEST_STEP][PASSED] - break: null

2020-06-08 13:18:08 - [MESSAGE][PASSED] - Call Test Case 'Test Cases/PFI Precision and Scale/HashMap Tables/PFILetterTemplate' successfully

2020-06-08 13:18:08 - [TEST_STEP][PASSED] - println(ValueFound): null

2020-06-08 13:18:08 - [TEST_STEP][PASSED] - sendKeys(NewInputNmField, Keys.chord(ARROW_DOWN)): Keys 'DOWN + ' sent to object: 'Object Repository/Objects.HighlightElements/input_field_index'

2020-06-08 13:18:08 - [MESSAGE][PASSED] - Keys 'DOWN + ' sent to object: 'Object Repository/Objects.HighlightElements/input_field_index'

2020-06-08 13:18:08 - [TEST_STEP][PASSED] - sendKeys(NewInputNmField, Keys.chord(ARROW_DOWN)): Keys 'DOWN + ' sent to object: 'Object Repository/Objects.HighlightElements/input_field_index'

2020-06-08 13:18:08 - [MESSAGE][PASSED] - Keys 'DOWN + ' sent to object: 'Object Repository/Objects.HighlightElements/input_field_index'

2020-06-08 13:18:08 - [TEST_STEP][PASSED] - delay(DelayTime): Delayed 5 second(s)

2020-06-08 13:18:13 - [MESSAGE][PASSED] - Delayed 5 second(s)

2020-06-08 13:18:13 - [TEST_STEP][PASSED] - sendKeys(NewInputNmField, Keys.chord(ENTER)): Keys 'ENTER + ' sent to object: 'Object Repository/Objects.HighlightElements/input_field_index'

2020-06-08 13:18:13 - [MESSAGE][PASSED] - Keys 'ENTER + ' sent to object: 'Object Repository/Objects.HighlightElements/input_field_index'

2020-06-08 13:18:13 - [TEST_STEP][PASSED] - ComboBoxValue = getAttribute(NewInputNmField, "value"): Attribute 'value' of object 'Object Repository/Objects.HighlightElements/input_field_index' is: 'Reminder 2 (SF_ESID_SIS/SL-REM2)'

2020-06-08 13:18:13 - [MESSAGE][PASSED] - Attribute 'value' of object 'Object Repository/Objects.HighlightElements/input_field_index' is: 'Reminder 2 (SF_ESID_SIS/SL-REM2)'

2020-06-08 13:18:13 - [TEST_STEP][PASSED] - callTestCase(findTestCase(CallTCName), ["FindValue":ComboBoxValue, "DropdownNm":comboNm], STOP_ON_FAILURE): Call Test Case 'Test Cases/PFI Precision and Scale/HashMap Tables/PFILetterTemplate' successfully

2020-06-08 13:18:13 - [TEST_CASE][PASSED] - Test Cases/PFI Precision and Scale/HashMap Tables/PFILetterTemplate: Test Cases/PFI Precision and Scale/HashMap Tables/PFILetterTemplate

2020-06-08 13:18:13 - [TEST_STEP][PASSED] - PFILetterTemplateTBL = [1:["Reminder":"Ministry Of Health"], 2:["Reminder":"Reminder Free Format Letter"], 3:["Reminder":"Reminder 1 (SF_ESID_SIS/SL-REM1)"], ... ]: null

2020-06-08 13:18:13 - [TEST_STEP][PASSED] - switch (DropdownNm): null

2020-06-08 13:18:13 - [TEST_STEP][PASSED] - case "Reminder":: null

2020-06-08 13:18:13 - [TEST_STEP][PASSED] - ValueFound = PFILetterTemplateTBL.find({ -> ... }): null

2020-06-08 13:18:13 - [TEST_STEP][PASSED] - break: null

2020-06-08 13:18:13 - [MESSAGE][PASSED] - Call Test Case 'Test Cases/PFI Precision and Scale/HashMap Tables/PFILetterTemplate' successfully

2020-06-08 13:18:13 - [TEST_STEP][PASSED] - println(ValueFound): null

2020-06-08 13:18:13 - [TEST_STEP][PASSED] - sendKeys(NewInputNmField, Keys.chord(ARROW_DOWN)): Keys 'DOWN + ' sent to object: 'Object Repository/Objects.HighlightElements/input_field_index'

2020-06-08 13:18:13 - [MESSAGE][PASSED] - Keys 'DOWN + ' sent to object: 'Object Repository/Objects.HighlightElements/input_field_index'

2020-06-08 13:18:13 - [TEST_STEP][PASSED] - sendKeys(NewInputNmField, Keys.chord(ARROW_DOWN)): Keys 'DOWN + ' sent to object: 'Object Repository/Objects.HighlightElements/input_field_index'

2020-06-08 13:18:13 - [MESSAGE][PASSED] - Keys 'DOWN + ' sent to object: 'Object Repository/Objects.HighlightElements/input_field_index'

2020-06-08 13:18:13 - [TEST_STEP][PASSED] - delay(DelayTime): Delayed 5 second(s)

2020-06-08 13:18:18 - [MESSAGE][PASSED] - Delayed 5 second(s)

2020-06-08 13:18:18 - [TEST_STEP][PASSED] - sendKeys(NewInputNmField, Keys.chord(ENTER)): Keys 'ENTER + ' sent to object: 'Object Repository/Objects.HighlightElements/input_field_index'

2020-06-08 13:18:18 - [MESSAGE][PASSED] - Keys 'ENTER + ' sent to object: 'Object Repository/Objects.HighlightElements/input_field_index'

2020-06-08 13:18:18 - [TEST_STEP][PASSED] - ComboBoxValue = getAttribute(NewInputNmField, "value"): Attribute 'value' of object 'Object Repository/Objects.HighlightElements/input_field_index' is: 'Reminder 2-G (SF_ESID_SIS/SL-REM2-G)'

2020-06-08 13:18:18 - [MESSAGE][PASSED] - Attribute 'value' of object 'Object Repository/Objects.HighlightElements/input_field_index' is: 'Reminder 2-G (SF_ESID_SIS/SL-REM2-G)'

2020-06-08 13:18:18 - [TEST_STEP][PASSED] - callTestCase(findTestCase(CallTCName), ["FindValue":ComboBoxValue, "DropdownNm":comboNm], STOP_ON_FAILURE): Call Test Case 'Test Cases/PFI Precision and Scale/HashMap Tables/PFILetterTemplate' successfully

2020-06-08 13:18:18 - [TEST_CASE][PASSED] - Test Cases/PFI Precision and Scale/HashMap Tables/PFILetterTemplate: Test Cases/PFI Precision and Scale/HashMap Tables/PFILetterTemplate

2020-06-08 13:18:18 - [TEST_STEP][PASSED] - PFILetterTemplateTBL = [1:["Reminder":"Ministry Of Health"], 2:["Reminder":"Reminder Free Format Letter"], 3:["Reminder":"Reminder 1 (SF_ESID_SIS/SL-REM1)"], ... ]: null

2020-06-08 13:18:18 - [TEST_STEP][PASSED] - switch (DropdownNm): null

2020-06-08 13:18:18 - [TEST_STEP][PASSED] - case "Reminder":: null

2020-06-08 13:18:18 - [TEST_STEP][PASSED] - ValueFound = PFILetterTemplateTBL.find({ -> ... }): null

2020-06-08 13:18:18 - [TEST_STEP][PASSED] - break: null

2020-06-08 13:18:18 - [MESSAGE][PASSED] - Call Test Case 'Test Cases/PFI Precision and Scale/HashMap Tables/PFILetterTemplate' successfully

2020-06-08 13:18:18 - [TEST_STEP][PASSED] - println(ValueFound): null

2020-06-08 13:18:18 - [TEST_STEP][PASSED] - sendKeys(NewInputNmField, Keys.chord(ARROW_DOWN)): Keys 'DOWN + ' sent to object: 'Object Repository/Objects.HighlightElements/input_field_index'

2020-06-08 13:18:18 - [MESSAGE][PASSED] - Keys 'DOWN + ' sent to object: 'Object Repository/Objects.HighlightElements/input_field_index'

2020-06-08 13:18:18 - [TEST_STEP][PASSED] - sendKeys(NewInputNmField, Keys.chord(ENTER)): Keys 'ENTER + ' sent to object: 'Object Repository/Objects.HighlightElements/input_field_index'

2020-06-08 13:18:18 - [MESSAGE][PASSED] - Keys 'ENTER + ' sent to object: 'Object Repository/Objects.HighlightElements/input_field_index'

2020-06-08 13:18:18 - [MESSAGE][PASSED] - Call Test Case 'Test Cases/PFI Precision and Scale/PFI Components with Indexing/VerifyDropdownValuesIndex' successfully

2020-06-08 13:18:18 - [TEST_STEP][NOT_RUN] - callTestCase(findTestCase("Components/Logout"), ["LogoutPageTextToBeVerified":findTestData("ISPS2 Test Data").getValue("HomeBanner", 1)], STOP_ON_FAILURE): NOT_RUN: callTestCase(findTestCase("Components/Logout"), ["LogoutPageTextToBeVerified":findTestData("ISPS2 Test Data").getValue("HomeBanner", 1)], STOP_ON_FAILURE)

2020-06-08 13:18:18 - [MESSAGE][NOT_RUN] - NOT_RUN: callTestCase(findTestCase("Components/Logout"), ["LogoutPageTextToBeVerified":findTestData("ISPS2 Test Data").getValue("HomeBanner", 1)], STOP_ON_FAILURE)]]></system-out>
         <system-err><![CDATA[]]></system-err>
      </testcase>
      <testcase name="Test Cases/PFI Precision and Scale/PFI Test Cases/Process Case (PFI)/PFI.RecommendLHS" time="11.888" classname="Test Cases/PFI Precision and Scale/PFI Test Cases/Process Case (PFI)/PFI.RecommendLHS" status="FAILED">
         <failure type="FAILED" message="Test Cases/PFI Precision and Scale/PFI Test Cases/Process Case (PFI)/PFI.RecommendLHS FAILED.
Reason:
com.kms.katalon.core.exception.StepFailedException: Call Test Case 'Test Cases/PFI Precision and Scale/PFI Components with Indexing/VerifyDropdownValuesXPI' failed
	at com.kms.katalon.core.keyword.builtin.CallTestCaseKeyword$_callTestCase_closure1.doCall(CallTestCaseKeyword.groovy:63)
	at com.kms.katalon.core.keyword.builtin.CallTestCaseKeyword$_callTestCase_closure1.call(CallTestCaseKeyword.groovy)
	at com.kms.katalon.core.keyword.internal.KeywordMain.runKeyword(KeywordMain.groovy:68)
	at com.kms.katalon.core.keyword.builtin.CallTestCaseKeyword.callTestCase(CallTestCaseKeyword.groovy:81)
	at com.kms.katalon.core.keyword.builtin.CallTestCaseKeyword.execute(CallTestCaseKeyword.groovy:44)
	at com.kms.katalon.core.keyword.internal.KeywordExecutor.executeKeywordForPlatform(KeywordExecutor.groovy:72)
	at com.kms.katalon.core.keyword.BuiltinKeywords.callTestCase(BuiltinKeywords.groovy:334)
	at PFI.RecommendLHS.run(PFI.RecommendLHS:46)
	at com.kms.katalon.core.main.ScriptEngine.run(ScriptEngine.java:194)
	at com.kms.katalon.core.main.ScriptEngine.runScriptAsRawText(ScriptEngine.java:119)
	at com.kms.katalon.core.main.TestCaseExecutor.runScript(TestCaseExecutor.java:337)
	at com.kms.katalon.core.main.TestCaseExecutor.doExecute(TestCaseExecutor.java:328)
	at com.kms.katalon.core.main.TestCaseExecutor.processExecutionPhase(TestCaseExecutor.java:307)
	at com.kms.katalon.core.main.TestCaseExecutor.accessMainPhase(TestCaseExecutor.java:299)
	at com.kms.katalon.core.main.TestCaseExecutor.execute(TestCaseExecutor.java:233)
	at com.kms.katalon.core.main.TestSuiteExecutor.accessTestCaseMainPhase(TestSuiteExecutor.java:169)
	at com.kms.katalon.core.main.TestSuiteExecutor.accessTestSuiteMainPhase(TestSuiteExecutor.java:142)
	at com.kms.katalon.core.main.TestSuiteExecutor.execute(TestSuiteExecutor.java:91)
	at com.kms.katalon.core.main.TestCaseMain.startTestSuite(TestCaseMain.java:157)
	at com.kms.katalon.core.main.TestCaseMain$startTestSuite$0.call(Unknown Source)
	at TempTestSuite1591593354928.run(TempTestSuite1591593354928.groovy:36)
Caused by: com.kms.katalon.core.exception.StepFailedException: Unable to focus on object 'Object Repository/Objects.HighlightElements/input_field_index'
	at com.kms.katalon.core.webui.keyword.internal.WebUIKeywordMain.stepFailed(WebUIKeywordMain.groovy:64)
	at com.kms.katalon.core.webui.keyword.internal.WebUIKeywordMain.runKeyword(WebUIKeywordMain.groovy:26)
	at com.kms.katalon.core.webui.keyword.builtin.FocusKeyword.focus(FocusKeyword.groovy:90)
	at com.kms.katalon.core.webui.keyword.builtin.FocusKeyword.execute(FocusKeyword.groovy:67)
	at com.kms.katalon.core.keyword.internal.KeywordExecutor.executeKeywordForPlatform(KeywordExecutor.groovy:72)
	at com.kms.katalon.core.webui.keyword.WebUiBuiltInKeywords.focus(WebUiBuiltInKeywords.groovy:859)
	at com.kms.katalon.core.webui.keyword.WebUiBuiltInKeywords$focus$13.call(Unknown Source)
	at VerifyDropdownValuesXPI.run(VerifyDropdownValuesXPI:33)
	at com.kms.katalon.core.main.ScriptEngine.run(ScriptEngine.java:194)
	at com.kms.katalon.core.main.ScriptEngine.runScriptAsRawText(ScriptEngine.java:119)
	at com.kms.katalon.core.main.TestCaseExecutor.runScript(TestCaseExecutor.java:337)
	at com.kms.katalon.core.main.TestCaseExecutor.doExecute(TestCaseExecutor.java:328)
	at com.kms.katalon.core.main.TestCaseExecutor.processExecutionPhase(TestCaseExecutor.java:307)
	at com.kms.katalon.core.main.TestCaseExecutor.accessMainPhase(TestCaseExecutor.java:299)
	at com.kms.katalon.core.main.TestCaseExecutor.execute(TestCaseExecutor.java:233)
	at com.kms.katalon.core.main.TestCaseMain.runTestCase(TestCaseMain.java:114)
	at com.kms.katalon.core.keyword.builtin.CallTestCaseKeyword$_callTestCase_closure1.doCall(CallTestCaseKeyword.groovy:59)
	... 20 more
Caused by: org.openqa.selenium.ElementNotInteractableException: element not interactable
  (Session info: MicrosoftEdge=83.0.478.45)
Build info: version: '3.141.59', revision: 'e82be7d358', time: '2018-11-14T08:25:53'
System info: host: 'NSNB-108', ip: '192.168.16.39', os.name: 'Windows 10', os.arch: 'amd64', os.version: '10.0', java.version: '1.8.0_181'
Driver info: com.kms.katalon.selenium.driver.CEdgeDriver
Capabilities {acceptInsecureCerts: false, browserName: msedge, browserVersion: 83.0.478.45, javascriptEnabled: true, ms:edgeOptions: {debuggerAddress: localhost:57942}, msedge: {msedgedriverVersion: 83.0.478.37 (7feb1dfc5bdafe..., userDataDir: C:\Users\19023-~1\AppData\L...}, networkConnectionEnabled: false, pageLoadStrategy: normal, platform: WINDOWS, platformName: WINDOWS, proxy: Proxy(), setWindowRect: true, strictFileInteractability: false, timeouts: {implicit: 0, pageLoad: 300000, script: 30000}, unhandledPromptBehavior: dismiss and notify, webauthn:virtualAuthenticators: true}
Session ID: 5ebb4950109380ad941a99781b243f68
	at org.openqa.selenium.remote.http.W3CHttpResponseCodec.createException(W3CHttpResponseCodec.java:187)
	at org.openqa.selenium.remote.http.W3CHttpResponseCodec.decode(W3CHttpResponseCodec.java:122)
	at org.openqa.selenium.remote.http.W3CHttpResponseCodec.decode(W3CHttpResponseCodec.java:49)
	at org.openqa.selenium.remote.HttpCommandExecutor.execute(HttpCommandExecutor.java:158)
	at org.openqa.selenium.remote.service.DriverCommandExecutor.execute(DriverCommandExecutor.java:83)
	at org.openqa.selenium.remote.RemoteWebDriver.execute(RemoteWebDriver.java:552)
	at com.kms.katalon.selenium.driver.CEdgeDriver.execute(CEdgeDriver.java:20)
	at org.openqa.selenium.remote.RemoteWebElement.execute(RemoteWebElement.java:285)
	at org.openqa.selenium.remote.RemoteWebElement.sendKeys(RemoteWebElement.java:106)
	at org.openqa.selenium.support.events.EventFiringWebDriver$EventFiringWebElement.lambda$new$0(EventFiringWebDriver.java:404)
	at com.sun.proxy.$Proxy9.sendKeys(Unknown Source)
	at org.openqa.selenium.support.events.EventFiringWebDriver$EventFiringWebElement.sendKeys(EventFiringWebDriver.java:429)
	at com.kms.katalon.core.webui.keyword.builtin.FocusKeyword$_focus_closure1.doCall(FocusKeyword.groovy:80)
	at com.kms.katalon.core.webui.keyword.builtin.FocusKeyword$_focus_closure1.call(FocusKeyword.groovy)
	at com.kms.katalon.core.webui.keyword.internal.WebUIKeywordMain.runKeyword(WebUIKeywordMain.groovy:20)
	... 35 more
"/>
         <system-out><![CDATA[2020-06-08 13:18:18 - [TEST_CASE][FAILED] - Test Cases/PFI Precision and Scale/PFI Test Cases/Process Case (PFI)/PFI.RecommendLHS: Test Cases/PFI Precision and Scale/PFI Test Cases/Process Case (PFI)/PFI.RecommendLHS FAILED.
Reason:
com.kms.katalon.core.exception.StepFailedException: Call Test Case 'Test Cases/PFI Precision and Scale/PFI Components with Indexing/VerifyDropdownValuesXPI' failed
	at com.kms.katalon.core.keyword.builtin.CallTestCaseKeyword$_callTestCase_closure1.doCall(CallTestCaseKeyword.groovy:63)
	at com.kms.katalon.core.keyword.builtin.CallTestCaseKeyword$_callTestCase_closure1.call(CallTestCaseKeyword.groovy)
	at com.kms.katalon.core.keyword.internal.KeywordMain.runKeyword(KeywordMain.groovy:68)
	at com.kms.katalon.core.keyword.builtin.CallTestCaseKeyword.callTestCase(CallTestCaseKeyword.groovy:81)
	at com.kms.katalon.core.keyword.builtin.CallTestCaseKeyword.execute(CallTestCaseKeyword.groovy:44)
	at com.kms.katalon.core.keyword.internal.KeywordExecutor.executeKeywordForPlatform(KeywordExecutor.groovy:72)
	at com.kms.katalon.core.keyword.BuiltinKeywords.callTestCase(BuiltinKeywords.groovy:334)
	at PFI.RecommendLHS.run(PFI.RecommendLHS:46)
	at com.kms.katalon.core.main.ScriptEngine.run(ScriptEngine.java:194)
	at com.kms.katalon.core.main.ScriptEngine.runScriptAsRawText(ScriptEngine.java:119)
	at com.kms.katalon.core.main.TestCaseExecutor.runScript(TestCaseExecutor.java:337)
	at com.kms.katalon.core.main.TestCaseExecutor.doExecute(TestCaseExecutor.java:328)
	at com.kms.katalon.core.main.TestCaseExecutor.processExecutionPhase(TestCaseExecutor.java:307)
	at com.kms.katalon.core.main.TestCaseExecutor.accessMainPhase(TestCaseExecutor.java:299)
	at com.kms.katalon.core.main.TestCaseExecutor.execute(TestCaseExecutor.java:233)
	at com.kms.katalon.core.main.TestSuiteExecutor.accessTestCaseMainPhase(TestSuiteExecutor.java:169)
	at com.kms.katalon.core.main.TestSuiteExecutor.accessTestSuiteMainPhase(TestSuiteExecutor.java:142)
	at com.kms.katalon.core.main.TestSuiteExecutor.execute(TestSuiteExecutor.java:91)
	at com.kms.katalon.core.main.TestCaseMain.startTestSuite(TestCaseMain.java:157)
	at com.kms.katalon.core.main.TestCaseMain$startTestSuite$0.call(Unknown Source)
	at TempTestSuite1591593354928.run(TempTestSuite1591593354928.groovy:36)
Caused by: com.kms.katalon.core.exception.StepFailedException: Unable to focus on object 'Object Repository/Objects.HighlightElements/input_field_index'
	at com.kms.katalon.core.webui.keyword.internal.WebUIKeywordMain.stepFailed(WebUIKeywordMain.groovy:64)
	at com.kms.katalon.core.webui.keyword.internal.WebUIKeywordMain.runKeyword(WebUIKeywordMain.groovy:26)
	at com.kms.katalon.core.webui.keyword.builtin.FocusKeyword.focus(FocusKeyword.groovy:90)
	at com.kms.katalon.core.webui.keyword.builtin.FocusKeyword.execute(FocusKeyword.groovy:67)
	at com.kms.katalon.core.keyword.internal.KeywordExecutor.executeKeywordForPlatform(KeywordExecutor.groovy:72)
	at com.kms.katalon.core.webui.keyword.WebUiBuiltInKeywords.focus(WebUiBuiltInKeywords.groovy:859)
	at com.kms.katalon.core.webui.keyword.WebUiBuiltInKeywords$focus$13.call(Unknown Source)
	at VerifyDropdownValuesXPI.run(VerifyDropdownValuesXPI:33)
	at com.kms.katalon.core.main.ScriptEngine.run(ScriptEngine.java:194)
	at com.kms.katalon.core.main.ScriptEngine.runScriptAsRawText(ScriptEngine.java:119)
	at com.kms.katalon.core.main.TestCaseExecutor.runScript(TestCaseExecutor.java:337)
	at com.kms.katalon.core.main.TestCaseExecutor.doExecute(TestCaseExecutor.java:328)
	at com.kms.katalon.core.main.TestCaseExecutor.processExecutionPhase(TestCaseExecutor.java:307)
	at com.kms.katalon.core.main.TestCaseExecutor.accessMainPhase(TestCaseExecutor.java:299)
	at com.kms.katalon.core.main.TestCaseExecutor.execute(TestCaseExecutor.java:233)
	at com.kms.katalon.core.main.TestCaseMain.runTestCase(TestCaseMain.java:114)
	at com.kms.katalon.core.keyword.builtin.CallTestCaseKeyword$_callTestCase_closure1.doCall(CallTestCaseKeyword.groovy:59)
	... 20 more
Caused by: org.openqa.selenium.ElementNotInteractableException: element not interactable
  (Session info: MicrosoftEdge=83.0.478.45)
Build info: version: '3.141.59', revision: 'e82be7d358', time: '2018-11-14T08:25:53'
System info: host: 'NSNB-108', ip: '192.168.16.39', os.name: 'Windows 10', os.arch: 'amd64', os.version: '10.0', java.version: '1.8.0_181'
Driver info: com.kms.katalon.selenium.driver.CEdgeDriver
Capabilities {acceptInsecureCerts: false, browserName: msedge, browserVersion: 83.0.478.45, javascriptEnabled: true, ms:edgeOptions: {debuggerAddress: localhost:57942}, msedge: {msedgedriverVersion: 83.0.478.37 (7feb1dfc5bdafe..., userDataDir: C:\Users\19023-~1\AppData\L...}, networkConnectionEnabled: false, pageLoadStrategy: normal, platform: WINDOWS, platformName: WINDOWS, proxy: Proxy(), setWindowRect: true, strictFileInteractability: false, timeouts: {implicit: 0, pageLoad: 300000, script: 30000}, unhandledPromptBehavior: dismiss and notify, webauthn:virtualAuthenticators: true}
Session ID: 5ebb4950109380ad941a99781b243f68
	at org.openqa.selenium.remote.http.W3CHttpResponseCodec.createException(W3CHttpResponseCodec.java:187)
	at org.openqa.selenium.remote.http.W3CHttpResponseCodec.decode(W3CHttpResponseCodec.java:122)
	at org.openqa.selenium.remote.http.W3CHttpResponseCodec.decode(W3CHttpResponseCodec.java:49)
	at org.openqa.selenium.remote.HttpCommandExecutor.execute(HttpCommandExecutor.java:158)
	at org.openqa.selenium.remote.service.DriverCommandExecutor.execute(DriverCommandExecutor.java:83)
	at org.openqa.selenium.remote.RemoteWebDriver.execute(RemoteWebDriver.java:552)
	at com.kms.katalon.selenium.driver.CEdgeDriver.execute(CEdgeDriver.java:20)
	at org.openqa.selenium.remote.RemoteWebElement.execute(RemoteWebElement.java:285)
	at org.openqa.selenium.remote.RemoteWebElement.sendKeys(RemoteWebElement.java:106)
	at org.openqa.selenium.support.events.EventFiringWebDriver$EventFiringWebElement.lambda$new$0(EventFiringWebDriver.java:404)
	at com.sun.proxy.$Proxy9.sendKeys(Unknown Source)
	at org.openqa.selenium.support.events.EventFiringWebDriver$EventFiringWebElement.sendKeys(EventFiringWebDriver.java:429)
	at com.kms.katalon.core.webui.keyword.builtin.FocusKeyword$_focus_closure1.doCall(FocusKeyword.groovy:80)
	at com.kms.katalon.core.webui.keyword.builtin.FocusKeyword$_focus_closure1.call(FocusKeyword.groovy)
	at com.kms.katalon.core.webui.keyword.internal.WebUIKeywordMain.runKeyword(WebUIKeywordMain.groovy:20)
	... 35 more


2020-06-08 13:18:19 - [TEST_STEP][NOT_RUN] - callTestCase(findTestCase("Components/LoginV2.0"), ["LinkToBeUsed":findTestData("ISPS2 Test Data").getValue("URL", 1), "LoginPageTextToBeVerified":findTestData("ISPS2 Test Data").getValue("HomeBanner", 1), ... ], STOP_ON_FAILURE): NOT_RUN: callTestCase(findTestCase("Components/LoginV2.0"), ["LinkToBeUsed":findTestData("ISPS2 Test Data").getValue("URL", 1), "LoginPageTextToBeVerified":findTestData("ISPS2 Test Data").getValue("HomeBanner", 1), ... ], STOP_ON_FAILURE)

2020-06-08 13:18:19 - [MESSAGE][NOT_RUN] - NOT_RUN: callTestCase(findTestCase("Components/LoginV2.0"), ["LinkToBeUsed":findTestData("ISPS2 Test Data").getValue("URL", 1), "LoginPageTextToBeVerified":findTestData("ISPS2 Test Data").getValue("HomeBanner", 1), ... ], STOP_ON_FAILURE)

2020-06-08 13:18:19 - [TEST_STEP][NOT_RUN] - callTestCase(findTestCase("Components/NavigateToHomepageHeaders"), ["headerText":"My Tasks"], STOP_ON_FAILURE): NOT_RUN: callTestCase(findTestCase("Components/NavigateToHomepageHeaders"), ["headerText":"My Tasks"], STOP_ON_FAILURE)

2020-06-08 13:18:19 - [MESSAGE][NOT_RUN] - NOT_RUN: callTestCase(findTestCase("Components/NavigateToHomepageHeaders"), ["headerText":"My Tasks"], STOP_ON_FAILURE)

2020-06-08 13:18:19 - [TEST_STEP][NOT_RUN] - callTestCase(findTestCase("Components/Filter"), ["taskDescription":"Process Case (SM)"], STOP_ON_FAILURE): NOT_RUN: callTestCase(findTestCase("Components/Filter"), ["taskDescription":"Process Case (SM)"], STOP_ON_FAILURE)

2020-06-08 13:18:19 - [MESSAGE][NOT_RUN] - NOT_RUN: callTestCase(findTestCase("Components/Filter"), ["taskDescription":"Process Case (SM)"], STOP_ON_FAILURE)

2020-06-08 13:18:19 - [TEST_STEP][NOT_RUN] - callTestCase(findTestCase("Components/ClickLinkDependingOnTextAndIndex"), ["linkName":"Process Case (SM)", "index":"3"], STOP_ON_FAILURE): NOT_RUN: callTestCase(findTestCase("Components/ClickLinkDependingOnTextAndIndex"), ["linkName":"Process Case (SM)", "index":"3"], STOP_ON_FAILURE)

2020-06-08 13:18:19 - [MESSAGE][NOT_RUN] - NOT_RUN: callTestCase(findTestCase("Components/ClickLinkDependingOnTextAndIndex"), ["linkName":"Process Case (SM)", "index":"3"], STOP_ON_FAILURE)

2020-06-08 13:18:19 - [TEST_STEP][NOT_RUN] - callTestCase(findTestCase("Components/VerifyPageSuccessfullyLoaded"), ["HeaderName":"Summary"], STOP_ON_FAILURE): NOT_RUN: callTestCase(findTestCase("Components/VerifyPageSuccessfullyLoaded"), ["HeaderName":"Summary"], STOP_ON_FAILURE)

2020-06-08 13:18:19 - [MESSAGE][NOT_RUN] - NOT_RUN: callTestCase(findTestCase("Components/VerifyPageSuccessfullyLoaded"), ["HeaderName":"Summary"], STOP_ON_FAILURE)

2020-06-08 13:18:19 - [TEST_STEP][PASSED] - callTestCase(findTestCase("Components/NavigateToAnyLHS"), ["LHS":"Recommend"], STOP_ON_FAILURE): Call Test Case 'Test Cases/Components/NavigateToAnyLHS' successfully

2020-06-08 13:18:19 - [TEST_CASE][PASSED] - Test Cases/Components/NavigateToAnyLHS: Test Cases/Components/NavigateToAnyLHS

2020-06-08 13:18:19 - [TEST_STEP][PASSED] - Thread.sleep(1000): null

2020-06-08 13:18:20 - [TEST_STEP][PASSED] - modifiedLHS = modifyObjectProperty(findTestObject("Objects.NavigateToAnyLHS/Page_ISPS2/LHSToModify"), "text", "equals", LHS, true): Modify property of object successfully

2020-06-08 13:18:20 - [MESSAGE][PASSED] - Modify property of object successfully

2020-06-08 13:18:20 - [TEST_STEP][PASSED] - click(modifiedLHS): Object: 'Object Repository/Objects.NavigateToAnyLHS/Page_ISPS2/LHSToModify' is clicked on

2020-06-08 13:18:20 - [MESSAGE][PASSED] - Object: 'Object Repository/Objects.NavigateToAnyLHS/Page_ISPS2/LHSToModify' is clicked on

2020-06-08 13:18:20 - [TEST_STEP][PASSED] - currentLHS = getText(modifiedLHS): Text of object 'Object Repository/Objects.NavigateToAnyLHS/Page_ISPS2/LHSToModify' is: 'Recommend'

2020-06-08 13:18:20 - [MESSAGE][PASSED] - Text of object 'Object Repository/Objects.NavigateToAnyLHS/Page_ISPS2/LHSToModify' is: 'Recommend'

2020-06-08 13:18:20 - [TEST_STEP][PASSED] - Thread.sleep(5000): null

2020-06-08 13:18:25 - [MESSAGE][PASSED] - Call Test Case 'Test Cases/Components/NavigateToAnyLHS' successfully

2020-06-08 13:18:25 - [TEST_STEP][PASSED] - callTestCase(findTestCase("Components/VerifyPageSuccessfullyLoadedII"), ["PageNm":"Recommend"], STOP_ON_FAILURE): Call Test Case 'Test Cases/Components/VerifyPageSuccessfullyLoadedII' successfully

2020-06-08 13:18:25 - [TEST_CASE][PASSED] - Test Cases/Components/VerifyPageSuccessfullyLoadedII: Test Cases/Components/VerifyPageSuccessfullyLoadedII

2020-06-08 13:18:25 - [TEST_STEP][PASSED] - waitForPageLoad(5): Wait for page load successfully

2020-06-08 13:18:25 - [MESSAGE][PASSED] - Wait for page load successfully

2020-06-08 13:18:25 - [TEST_STEP][PASSED] - modifiedInputFld = modifyObjectProperty(findTestObject("Object Repository/Objects.VerifyPageSuccessfullyLoaded/PageHeaderIndex"), "xpath", "equals", "//*[contains(@class,'isps-page-title') and contains(text(),'" + PageNm + "')]", true): Modify property of object successfully

2020-06-08 13:18:25 - [MESSAGE][PASSED] - Modify property of object successfully

2020-06-08 13:18:25 - [TEST_STEP][PASSED] - com.reusableComponents.HighlightElement.run(modifiedInputFld): com.reusableComponents.HighlightElement.run is PASSED

2020-06-08 13:18:25 - [MESSAGE][PASSED] - com.reusableComponents.HighlightElement.run is PASSED

2020-06-08 13:18:25 - [MESSAGE][PASSED] - Call Test Case 'Test Cases/Components/VerifyPageSuccessfullyLoadedII' successfully

2020-06-08 13:18:25 - [TEST_STEP][PASSED] - callTestCase(findTestCase("Components/HighlightLabelFieldXPI"), ["LblName":"Recommend To", "index":1], STOP_ON_FAILURE): Call Test Case 'Test Cases/Components/HighlightLabelFieldXPI' successfully

2020-06-08 13:18:26 - [TEST_CASE][PASSED] - Test Cases/Components/HighlightLabelFieldXPI: Test Cases/Components/HighlightLabelFieldXPI

2020-06-08 13:18:26 - [TEST_STEP][PASSED] - Thread.sleep(1000): null

2020-06-08 13:18:27 - [TEST_STEP][PASSED] - modifiedLblNm = modifyObjectProperty(findTestObject("Object Repository/Objects.HighlightElements/lblField_index"), "xpath", "equals", "(//*[contains(@class, 'x-form-item-label-inner x-form-item-label-inner-default') and contains(., '" + LblName + "')])[" + index + "]", true): Modify property of object successfully

2020-06-08 13:18:27 - [MESSAGE][PASSED] - Modify property of object successfully

2020-06-08 13:18:27 - [TEST_STEP][PASSED] - com.reusableComponents.HighlightElement.run(modifiedLblNm): com.reusableComponents.HighlightElement.run is PASSED

2020-06-08 13:18:27 - [MESSAGE][PASSED] - com.reusableComponents.HighlightElement.run is PASSED

2020-06-08 13:18:27 - [MESSAGE][PASSED] - Call Test Case 'Test Cases/Components/HighlightLabelFieldXPI' successfully

2020-06-08 13:18:27 - [TEST_STEP][PASSED] - callTestCase(findTestCase("Components/HighlightInputIndexField"), ["InputName":"psiRecommendTo", "index":1], STOP_ON_FAILURE): Call Test Case 'Test Cases/Components/HighlightInputIndexField' successfully

2020-06-08 13:18:27 - [TEST_CASE][PASSED] - Test Cases/Components/HighlightInputIndexField: Test Cases/Components/HighlightInputIndexField

2020-06-08 13:18:27 - [TEST_STEP][PASSED] - Thread.sleep(1000): null

2020-06-08 13:18:28 - [TEST_STEP][PASSED] - modifiedInputFld = modifyObjectProperty(findTestObject("Objects.HighlightElements/input_field_index"), "xpath", "equals", "(//*[contains(@class,'x-form-text') and (@name='" + InputName + "')])[" + index + "]", true): Modify property of object successfully

2020-06-08 13:18:28 - [MESSAGE][PASSED] - Modify property of object successfully

2020-06-08 13:18:28 - [TEST_STEP][PASSED] - com.reusableComponents.HighlightElement.run(modifiedInputFld): com.reusableComponents.HighlightElement.run is PASSED

2020-06-08 13:18:29 - [MESSAGE][PASSED] - com.reusableComponents.HighlightElement.run is PASSED

2020-06-08 13:18:29 - [MESSAGE][PASSED] - Call Test Case 'Test Cases/Components/HighlightInputIndexField' successfully

2020-06-08 13:18:29 - [TEST_STEP][FAILED] - callTestCase(findTestCase("PFI Precision and Scale/PFI Components with Indexing/VerifyDropdownValuesXPI"), ["FldNm":"psiRecommendTo", "index":1, "CallTCName":"PFI Precision and Scale/HashMap Tables/OfficerLists", "cmbNm":"", "NoOfVal":27, ... ], STOP_ON_FAILURE): Unable to call Test Case 'Test Cases/PFI Precision and Scale/PFI Components with Indexing/VerifyDropdownValuesXPI' (Root cause: com.kms.katalon.core.exception.StepFailedException: Call Test Case 'Test Cases/PFI Precision and Scale/PFI Components with Indexing/VerifyDropdownValuesXPI' failed
	at com.kms.katalon.core.keyword.builtin.CallTestCaseKeyword$_callTestCase_closure1.doCall(CallTestCaseKeyword.groovy:63)
	at com.kms.katalon.core.keyword.builtin.CallTestCaseKeyword$_callTestCase_closure1.call(CallTestCaseKeyword.groovy)
	at com.kms.katalon.core.keyword.internal.KeywordMain.runKeyword(KeywordMain.groovy:68)
	at com.kms.katalon.core.keyword.builtin.CallTestCaseKeyword.callTestCase(CallTestCaseKeyword.groovy:81)
	at com.kms.katalon.core.keyword.builtin.CallTestCaseKeyword.execute(CallTestCaseKeyword.groovy:44)
	at com.kms.katalon.core.keyword.internal.KeywordExecutor.executeKeywordForPlatform(KeywordExecutor.groovy:72)
	at com.kms.katalon.core.keyword.BuiltinKeywords.callTestCase(BuiltinKeywords.groovy:334)
	at PFI.RecommendLHS.run(PFI.RecommendLHS:46)
	at com.kms.katalon.core.main.ScriptEngine.run(ScriptEngine.java:194)
	at com.kms.katalon.core.main.ScriptEngine.runScriptAsRawText(ScriptEngine.java:119)
	at com.kms.katalon.core.main.TestCaseExecutor.runScript(TestCaseExecutor.java:337)
	at com.kms.katalon.core.main.TestCaseExecutor.doExecute(TestCaseExecutor.java:328)
	at com.kms.katalon.core.main.TestCaseExecutor.processExecutionPhase(TestCaseExecutor.java:307)
	at com.kms.katalon.core.main.TestCaseExecutor.accessMainPhase(TestCaseExecutor.java:299)
	at com.kms.katalon.core.main.TestCaseExecutor.execute(TestCaseExecutor.java:233)
	at com.kms.katalon.core.main.TestSuiteExecutor.accessTestCaseMainPhase(TestSuiteExecutor.java:169)
	at com.kms.katalon.core.main.TestSuiteExecutor.accessTestSuiteMainPhase(TestSuiteExecutor.java:142)
	at com.kms.katalon.core.main.TestSuiteExecutor.execute(TestSuiteExecutor.java:91)
	at com.kms.katalon.core.main.TestCaseMain.startTestSuite(TestCaseMain.java:157)
	at com.kms.katalon.core.main.TestCaseMain$startTestSuite$0.call(Unknown Source)
	at TempTestSuite1591593354928.run(TempTestSuite1591593354928.groovy:36)
Caused by: com.kms.katalon.core.exception.StepFailedException: Unable to focus on object 'Object Repository/Objects.HighlightElements/input_field_index'
	at com.kms.katalon.core.webui.keyword.internal.WebUIKeywordMain.stepFailed(WebUIKeywordMain.groovy:64)
	at com.kms.katalon.core.webui.keyword.internal.WebUIKeywordMain.runKeyword(WebUIKeywordMain.groovy:26)
	at com.kms.katalon.core.webui.keyword.builtin.FocusKeyword.focus(FocusKeyword.groovy:90)
	at com.kms.katalon.core.webui.keyword.builtin.FocusKeyword.execute(FocusKeyword.groovy:67)
	at com.kms.katalon.core.keyword.internal.KeywordExecutor.executeKeywordForPlatform(KeywordExecutor.groovy:72)
	at com.kms.katalon.core.webui.keyword.WebUiBuiltInKeywords.focus(WebUiBuiltInKeywords.groovy:859)
	at com.kms.katalon.core.webui.keyword.WebUiBuiltInKeywords$focus$13.call(Unknown Source)
	at VerifyDropdownValuesXPI.run(VerifyDropdownValuesXPI:33)
	at com.kms.katalon.core.main.ScriptEngine.run(ScriptEngine.java:194)
	at com.kms.katalon.core.main.ScriptEngine.runScriptAsRawText(ScriptEngine.java:119)
	at com.kms.katalon.core.main.TestCaseExecutor.runScript(TestCaseExecutor.java:337)
	at com.kms.katalon.core.main.TestCaseExecutor.doExecute(TestCaseExecutor.java:328)
	at com.kms.katalon.core.main.TestCaseExecutor.processExecutionPhase(TestCaseExecutor.java:307)
	at com.kms.katalon.core.main.TestCaseExecutor.accessMainPhase(TestCaseExecutor.java:299)
	at com.kms.katalon.core.main.TestCaseExecutor.execute(TestCaseExecutor.java:233)
	at com.kms.katalon.core.main.TestCaseMain.runTestCase(TestCaseMain.java:114)
	at com.kms.katalon.core.keyword.builtin.CallTestCaseKeyword$_callTestCase_closure1.doCall(CallTestCaseKeyword.groovy:59)
	... 20 more
Caused by: org.openqa.selenium.ElementNotInteractableException: element not interactable
  (Session info: MicrosoftEdge=83.0.478.45)
Build info: version: '3.141.59', revision: 'e82be7d358', time: '2018-11-14T08:25:53'
System info: host: 'NSNB-108', ip: '192.168.16.39', os.name: 'Windows 10', os.arch: 'amd64', os.version: '10.0', java.version: '1.8.0_181'
Driver info: com.kms.katalon.selenium.driver.CEdgeDriver
Capabilities {acceptInsecureCerts: false, browserName: msedge, browserVersion: 83.0.478.45, javascriptEnabled: true, ms:edgeOptions: {debuggerAddress: localhost:57942}, msedge: {msedgedriverVersion: 83.0.478.37 (7feb1dfc5bdafe..., userDataDir: C:\Users\19023-~1\AppData\L...}, networkConnectionEnabled: false, pageLoadStrategy: normal, platform: WINDOWS, platformName: WINDOWS, proxy: Proxy(), setWindowRect: true, strictFileInteractability: false, timeouts: {implicit: 0, pageLoad: 300000, script: 30000}, unhandledPromptBehavior: dismiss and notify, webauthn:virtualAuthenticators: true}
Session ID: 5ebb4950109380ad941a99781b243f68
	at org.openqa.selenium.remote.http.W3CHttpResponseCodec.createException(W3CHttpResponseCodec.java:187)
	at org.openqa.selenium.remote.http.W3CHttpResponseCodec.decode(W3CHttpResponseCodec.java:122)
	at org.openqa.selenium.remote.http.W3CHttpResponseCodec.decode(W3CHttpResponseCodec.java:49)
	at org.openqa.selenium.remote.HttpCommandExecutor.execute(HttpCommandExecutor.java:158)
	at org.openqa.selenium.remote.service.DriverCommandExecutor.execute(DriverCommandExecutor.java:83)
	at org.openqa.selenium.remote.RemoteWebDriver.execute(RemoteWebDriver.java:552)
	at com.kms.katalon.selenium.driver.CEdgeDriver.execute(CEdgeDriver.java:20)
	at org.openqa.selenium.remote.RemoteWebElement.execute(RemoteWebElement.java:285)
	at org.openqa.selenium.remote.RemoteWebElement.sendKeys(RemoteWebElement.java:106)
	at org.openqa.selenium.support.events.EventFiringWebDriver$EventFiringWebElement.lambda$new$0(EventFiringWebDriver.java:404)
	at com.sun.proxy.$Proxy9.sendKeys(Unknown Source)
	at org.openqa.selenium.support.events.EventFiringWebDriver$EventFiringWebElement.sendKeys(EventFiringWebDriver.java:429)
	at com.kms.katalon.core.webui.keyword.builtin.FocusKeyword$_focus_closure1.doCall(FocusKeyword.groovy:80)
	at com.kms.katalon.core.webui.keyword.builtin.FocusKeyword$_focus_closure1.call(FocusKeyword.groovy)
	at com.kms.katalon.core.webui.keyword.internal.WebUIKeywordMain.runKeyword(WebUIKeywordMain.groovy:20)
	... 35 more
)

2020-06-08 13:18:29 - [TEST_CASE][FAILED] - Test Cases/PFI Precision and Scale/PFI Components with Indexing/VerifyDropdownValuesXPI: Test Cases/PFI Precision and Scale/PFI Components with Indexing/VerifyDropdownValuesXPI FAILED.
Reason:
com.kms.katalon.core.exception.StepFailedException: Unable to focus on object 'Object Repository/Objects.HighlightElements/input_field_index'
	at com.kms.katalon.core.webui.keyword.internal.WebUIKeywordMain.stepFailed(WebUIKeywordMain.groovy:64)
	at com.kms.katalon.core.webui.keyword.internal.WebUIKeywordMain.runKeyword(WebUIKeywordMain.groovy:26)
	at com.kms.katalon.core.webui.keyword.builtin.FocusKeyword.focus(FocusKeyword.groovy:90)
	at com.kms.katalon.core.webui.keyword.builtin.FocusKeyword.execute(FocusKeyword.groovy:67)
	at com.kms.katalon.core.keyword.internal.KeywordExecutor.executeKeywordForPlatform(KeywordExecutor.groovy:72)
	at com.kms.katalon.core.webui.keyword.WebUiBuiltInKeywords.focus(WebUiBuiltInKeywords.groovy:859)
	at com.kms.katalon.core.webui.keyword.WebUiBuiltInKeywords$focus$13.call(Unknown Source)
	at VerifyDropdownValuesXPI.run(VerifyDropdownValuesXPI:33)
	at com.kms.katalon.core.main.ScriptEngine.run(ScriptEngine.java:194)
	at com.kms.katalon.core.main.ScriptEngine.runScriptAsRawText(ScriptEngine.java:119)
	at com.kms.katalon.core.main.TestCaseExecutor.runScript(TestCaseExecutor.java:337)
	at com.kms.katalon.core.main.TestCaseExecutor.doExecute(TestCaseExecutor.java:328)
	at com.kms.katalon.core.main.TestCaseExecutor.processExecutionPhase(TestCaseExecutor.java:307)
	at com.kms.katalon.core.main.TestCaseExecutor.accessMainPhase(TestCaseExecutor.java:299)
	at com.kms.katalon.core.main.TestCaseExecutor.execute(TestCaseExecutor.java:233)
	at com.kms.katalon.core.main.TestCaseMain.runTestCase(TestCaseMain.java:114)
	at com.kms.katalon.core.keyword.builtin.CallTestCaseKeyword$_callTestCase_closure1.doCall(CallTestCaseKeyword.groovy:59)
	at com.kms.katalon.core.keyword.builtin.CallTestCaseKeyword$_callTestCase_closure1.call(CallTestCaseKeyword.groovy)
	at com.kms.katalon.core.keyword.internal.KeywordMain.runKeyword(KeywordMain.groovy:68)
	at com.kms.katalon.core.keyword.builtin.CallTestCaseKeyword.callTestCase(CallTestCaseKeyword.groovy:81)
	at com.kms.katalon.core.keyword.builtin.CallTestCaseKeyword.execute(CallTestCaseKeyword.groovy:44)
	at com.kms.katalon.core.keyword.internal.KeywordExecutor.executeKeywordForPlatform(KeywordExecutor.groovy:72)
	at com.kms.katalon.core.keyword.BuiltinKeywords.callTestCase(BuiltinKeywords.groovy:334)
	at PFI.RecommendLHS.run(PFI.RecommendLHS:46)
	at com.kms.katalon.core.main.ScriptEngine.run(ScriptEngine.java:194)
	at com.kms.katalon.core.main.ScriptEngine.runScriptAsRawText(ScriptEngine.java:119)
	at com.kms.katalon.core.main.TestCaseExecutor.runScript(TestCaseExecutor.java:337)
	at com.kms.katalon.core.main.TestCaseExecutor.doExecute(TestCaseExecutor.java:328)
	at com.kms.katalon.core.main.TestCaseExecutor.processExecutionPhase(TestCaseExecutor.java:307)
	at com.kms.katalon.core.main.TestCaseExecutor.accessMainPhase(TestCaseExecutor.java:299)
	at com.kms.katalon.core.main.TestCaseExecutor.execute(TestCaseExecutor.java:233)
	at com.kms.katalon.core.main.TestSuiteExecutor.accessTestCaseMainPhase(TestSuiteExecutor.java:169)
	at com.kms.katalon.core.main.TestSuiteExecutor.accessTestSuiteMainPhase(TestSuiteExecutor.java:142)
	at com.kms.katalon.core.main.TestSuiteExecutor.execute(TestSuiteExecutor.java:91)
	at com.kms.katalon.core.main.TestCaseMain.startTestSuite(TestCaseMain.java:157)
	at com.kms.katalon.core.main.TestCaseMain$startTestSuite$0.call(Unknown Source)
	at TempTestSuite1591593354928.run(TempTestSuite1591593354928.groovy:36)
Caused by: org.openqa.selenium.ElementNotInteractableException: element not interactable
  (Session info: MicrosoftEdge=83.0.478.45)
Build info: version: '3.141.59', revision: 'e82be7d358', time: '2018-11-14T08:25:53'
System info: host: 'NSNB-108', ip: '192.168.16.39', os.name: 'Windows 10', os.arch: 'amd64', os.version: '10.0', java.version: '1.8.0_181'
Driver info: com.kms.katalon.selenium.driver.CEdgeDriver
Capabilities {acceptInsecureCerts: false, browserName: msedge, browserVersion: 83.0.478.45, javascriptEnabled: true, ms:edgeOptions: {debuggerAddress: localhost:57942}, msedge: {msedgedriverVersion: 83.0.478.37 (7feb1dfc5bdafe..., userDataDir: C:\Users\19023-~1\AppData\L...}, networkConnectionEnabled: false, pageLoadStrategy: normal, platform: WINDOWS, platformName: WINDOWS, proxy: Proxy(), setWindowRect: true, strictFileInteractability: false, timeouts: {implicit: 0, pageLoad: 300000, script: 30000}, unhandledPromptBehavior: dismiss and notify, webauthn:virtualAuthenticators: true}
Session ID: 5ebb4950109380ad941a99781b243f68
	at org.openqa.selenium.remote.http.W3CHttpResponseCodec.createException(W3CHttpResponseCodec.java:187)
	at org.openqa.selenium.remote.http.W3CHttpResponseCodec.decode(W3CHttpResponseCodec.java:122)
	at org.openqa.selenium.remote.http.W3CHttpResponseCodec.decode(W3CHttpResponseCodec.java:49)
	at org.openqa.selenium.remote.HttpCommandExecutor.execute(HttpCommandExecutor.java:158)
	at org.openqa.selenium.remote.service.DriverCommandExecutor.execute(DriverCommandExecutor.java:83)
	at org.openqa.selenium.remote.RemoteWebDriver.execute(RemoteWebDriver.java:552)
	at com.kms.katalon.selenium.driver.CEdgeDriver.execute(CEdgeDriver.java:20)
	at org.openqa.selenium.remote.RemoteWebElement.execute(RemoteWebElement.java:285)
	at org.openqa.selenium.remote.RemoteWebElement.sendKeys(RemoteWebElement.java:106)
	at org.openqa.selenium.support.events.EventFiringWebDriver$EventFiringWebElement.lambda$new$0(EventFiringWebDriver.java:404)
	at com.sun.proxy.$Proxy9.sendKeys(Unknown Source)
	at org.openqa.selenium.support.events.EventFiringWebDriver$EventFiringWebElement.sendKeys(EventFiringWebDriver.java:429)
	at com.kms.katalon.core.webui.keyword.builtin.FocusKeyword$_focus_closure1.doCall(FocusKeyword.groovy:80)
	at com.kms.katalon.core.webui.keyword.builtin.FocusKeyword$_focus_closure1.call(FocusKeyword.groovy)
	at com.kms.katalon.core.webui.keyword.internal.WebUIKeywordMain.runKeyword(WebUIKeywordMain.groovy:20)
	... 35 more


2020-06-08 13:18:29 - [TEST_STEP][PASSED] - Thread.sleep(1000): null

2020-06-08 13:18:30 - [TEST_STEP][PASSED] - NewInputNmField = modifyObjectProperty(findTestObject("Object Repository/Objects.HighlightElements/input_field_index"), "xpath", "equals", "(//*[contains(@name, '" + FldNm + "')])[" + index + "]", true): Modify property of object successfully

2020-06-08 13:18:30 - [MESSAGE][PASSED] - Modify property of object successfully

2020-06-08 13:18:30 - [TEST_STEP][PASSED] - comboNm = cmbNm: null

2020-06-08 13:18:30 - [TEST_STEP][FAILED] - focus(NewInputNmField): Unable to focus on object 'Object Repository/Objects.HighlightElements/input_field_index' (Root cause: com.kms.katalon.core.exception.StepFailedException: Unable to focus on object 'Object Repository/Objects.HighlightElements/input_field_index'
	at com.kms.katalon.core.webui.keyword.internal.WebUIKeywordMain.stepFailed(WebUIKeywordMain.groovy:64)
	at com.kms.katalon.core.webui.keyword.internal.WebUIKeywordMain.runKeyword(WebUIKeywordMain.groovy:26)
	at com.kms.katalon.core.webui.keyword.builtin.FocusKeyword.focus(FocusKeyword.groovy:90)
	at com.kms.katalon.core.webui.keyword.builtin.FocusKeyword.execute(FocusKeyword.groovy:67)
	at com.kms.katalon.core.keyword.internal.KeywordExecutor.executeKeywordForPlatform(KeywordExecutor.groovy:72)
	at com.kms.katalon.core.webui.keyword.WebUiBuiltInKeywords.focus(WebUiBuiltInKeywords.groovy:859)
	at com.kms.katalon.core.webui.keyword.WebUiBuiltInKeywords$focus$13.call(Unknown Source)
	at VerifyDropdownValuesXPI.run(VerifyDropdownValuesXPI:33)
	at com.kms.katalon.core.main.ScriptEngine.run(ScriptEngine.java:194)
	at com.kms.katalon.core.main.ScriptEngine.runScriptAsRawText(ScriptEngine.java:119)
	at com.kms.katalon.core.main.TestCaseExecutor.runScript(TestCaseExecutor.java:337)
	at com.kms.katalon.core.main.TestCaseExecutor.doExecute(TestCaseExecutor.java:328)
	at com.kms.katalon.core.main.TestCaseExecutor.processExecutionPhase(TestCaseExecutor.java:307)
	at com.kms.katalon.core.main.TestCaseExecutor.accessMainPhase(TestCaseExecutor.java:299)
	at com.kms.katalon.core.main.TestCaseExecutor.execute(TestCaseExecutor.java:233)
	at com.kms.katalon.core.main.TestCaseMain.runTestCase(TestCaseMain.java:114)
	at com.kms.katalon.core.keyword.builtin.CallTestCaseKeyword$_callTestCase_closure1.doCall(CallTestCaseKeyword.groovy:59)
	at com.kms.katalon.core.keyword.builtin.CallTestCaseKeyword$_callTestCase_closure1.call(CallTestCaseKeyword.groovy)
	at com.kms.katalon.core.keyword.internal.KeywordMain.runKeyword(KeywordMain.groovy:68)
	at com.kms.katalon.core.keyword.builtin.CallTestCaseKeyword.callTestCase(CallTestCaseKeyword.groovy:81)
	at com.kms.katalon.core.keyword.builtin.CallTestCaseKeyword.execute(CallTestCaseKeyword.groovy:44)
	at com.kms.katalon.core.keyword.internal.KeywordExecutor.executeKeywordForPlatform(KeywordExecutor.groovy:72)
	at com.kms.katalon.core.keyword.BuiltinKeywords.callTestCase(BuiltinKeywords.groovy:334)
	at PFI.RecommendLHS.run(PFI.RecommendLHS:46)
	at com.kms.katalon.core.main.ScriptEngine.run(ScriptEngine.java:194)
	at com.kms.katalon.core.main.ScriptEngine.runScriptAsRawText(ScriptEngine.java:119)
	at com.kms.katalon.core.main.TestCaseExecutor.runScript(TestCaseExecutor.java:337)
	at com.kms.katalon.core.main.TestCaseExecutor.doExecute(TestCaseExecutor.java:328)
	at com.kms.katalon.core.main.TestCaseExecutor.processExecutionPhase(TestCaseExecutor.java:307)
	at com.kms.katalon.core.main.TestCaseExecutor.accessMainPhase(TestCaseExecutor.java:299)
	at com.kms.katalon.core.main.TestCaseExecutor.execute(TestCaseExecutor.java:233)
	at com.kms.katalon.core.main.TestSuiteExecutor.accessTestCaseMainPhase(TestSuiteExecutor.java:169)
	at com.kms.katalon.core.main.TestSuiteExecutor.accessTestSuiteMainPhase(TestSuiteExecutor.java:142)
	at com.kms.katalon.core.main.TestSuiteExecutor.execute(TestSuiteExecutor.java:91)
	at com.kms.katalon.core.main.TestCaseMain.startTestSuite(TestCaseMain.java:157)
	at com.kms.katalon.core.main.TestCaseMain$startTestSuite$0.call(Unknown Source)
	at TempTestSuite1591593354928.run(TempTestSuite1591593354928.groovy:36)
Caused by: org.openqa.selenium.ElementNotInteractableException: element not interactable
  (Session info: MicrosoftEdge=83.0.478.45)
Build info: version: '3.141.59', revision: 'e82be7d358', time: '2018-11-14T08:25:53'
System info: host: 'NSNB-108', ip: '192.168.16.39', os.name: 'Windows 10', os.arch: 'amd64', os.version: '10.0', java.version: '1.8.0_181'
Driver info: com.kms.katalon.selenium.driver.CEdgeDriver
Capabilities {acceptInsecureCerts: false, browserName: msedge, browserVersion: 83.0.478.45, javascriptEnabled: true, ms:edgeOptions: {debuggerAddress: localhost:57942}, msedge: {msedgedriverVersion: 83.0.478.37 (7feb1dfc5bdafe..., userDataDir: C:\Users\19023-~1\AppData\L...}, networkConnectionEnabled: false, pageLoadStrategy: normal, platform: WINDOWS, platformName: WINDOWS, proxy: Proxy(), setWindowRect: true, strictFileInteractability: false, timeouts: {implicit: 0, pageLoad: 300000, script: 30000}, unhandledPromptBehavior: dismiss and notify, webauthn:virtualAuthenticators: true}
Session ID: 5ebb4950109380ad941a99781b243f68
	at org.openqa.selenium.remote.http.W3CHttpResponseCodec.createException(W3CHttpResponseCodec.java:187)
	at org.openqa.selenium.remote.http.W3CHttpResponseCodec.decode(W3CHttpResponseCodec.java:122)
	at org.openqa.selenium.remote.http.W3CHttpResponseCodec.decode(W3CHttpResponseCodec.java:49)
	at org.openqa.selenium.remote.HttpCommandExecutor.execute(HttpCommandExecutor.java:158)
	at org.openqa.selenium.remote.service.DriverCommandExecutor.execute(DriverCommandExecutor.java:83)
	at org.openqa.selenium.remote.RemoteWebDriver.execute(RemoteWebDriver.java:552)
	at com.kms.katalon.selenium.driver.CEdgeDriver.execute(CEdgeDriver.java:20)
	at org.openqa.selenium.remote.RemoteWebElement.execute(RemoteWebElement.java:285)
	at org.openqa.selenium.remote.RemoteWebElement.sendKeys(RemoteWebElement.java:106)
	at org.openqa.selenium.support.events.EventFiringWebDriver$EventFiringWebElement.lambda$new$0(EventFiringWebDriver.java:404)
	at com.sun.proxy.$Proxy9.sendKeys(Unknown Source)
	at org.openqa.selenium.support.events.EventFiringWebDriver$EventFiringWebElement.sendKeys(EventFiringWebDriver.java:429)
	at com.kms.katalon.core.webui.keyword.builtin.FocusKeyword$_focus_closure1.doCall(FocusKeyword.groovy:80)
	at com.kms.katalon.core.webui.keyword.builtin.FocusKeyword$_focus_closure1.call(FocusKeyword.groovy)
	at com.kms.katalon.core.webui.keyword.internal.WebUIKeywordMain.runKeyword(WebUIKeywordMain.groovy:20)
	at com.kms.katalon.core.webui.keyword.builtin.FocusKeyword.focus(FocusKeyword.groovy:90)
	at com.kms.katalon.core.webui.keyword.builtin.FocusKeyword.execute(FocusKeyword.groovy:67)
	at com.kms.katalon.core.keyword.internal.KeywordExecutor.executeKeywordForPlatform(KeywordExecutor.groovy:72)
	at com.kms.katalon.core.webui.keyword.WebUiBuiltInKeywords.focus(WebUiBuiltInKeywords.groovy:859)
	at com.kms.katalon.core.webui.keyword.WebUiBuiltInKeywords$focus$13.call(Unknown Source)
	at Script1590505596530.run(Script1590505596530.groovy:33)
	at com.kms.katalon.core.main.ScriptEngine.run(ScriptEngine.java:194)
	at com.kms.katalon.core.main.ScriptEngine.runScriptAsRawText(ScriptEngine.java:119)
	at com.kms.katalon.core.main.TestCaseExecutor.runScript(TestCaseExecutor.java:337)
	at com.kms.katalon.core.main.TestCaseExecutor.doExecute(TestCaseExecutor.java:328)
	at com.kms.katalon.core.main.TestCaseExecutor.processExecutionPhase(TestCaseExecutor.java:307)
	at com.kms.katalon.core.main.TestCaseExecutor.accessMainPhase(TestCaseExecutor.java:299)
	at com.kms.katalon.core.main.TestCaseExecutor.execute(TestCaseExecutor.java:233)
	at com.kms.katalon.core.main.TestCaseMain.runTestCase(TestCaseMain.java:114)
	at com.kms.katalon.core.keyword.builtin.CallTestCaseKeyword$_callTestCase_closure1.doCall(CallTestCaseKeyword.groovy:59)
	at com.kms.katalon.core.keyword.builtin.CallTestCaseKeyword$_callTestCase_closure1.call(CallTestCaseKeyword.groovy)
	at com.kms.katalon.core.keyword.internal.KeywordMain.runKeyword(KeywordMain.groovy:68)
	at com.kms.katalon.core.keyword.builtin.CallTestCaseKeyword.callTestCase(CallTestCaseKeyword.groovy:81)
	at com.kms.katalon.core.keyword.builtin.CallTestCaseKeyword.execute(CallTestCaseKeyword.groovy:44)
	at com.kms.katalon.core.keyword.internal.KeywordExecutor.executeKeywordForPlatform(KeywordExecutor.groovy:72)
	at com.kms.katalon.core.keyword.BuiltinKeywords.callTestCase(BuiltinKeywords.groovy:334)
	at Script1589366461494.run(Script1589366461494.groovy:46)
	... 13 more
)

2020-06-08 13:18:30 - [MESSAGE][FAILED] - Unable to focus on object 'Object Repository/Objects.HighlightElements/input_field_index' (Root cause: com.kms.katalon.core.exception.StepFailedException: Unable to focus on object 'Object Repository/Objects.HighlightElements/input_field_index'
	at com.kms.katalon.core.webui.keyword.internal.WebUIKeywordMain.stepFailed(WebUIKeywordMain.groovy:64)
	at com.kms.katalon.core.webui.keyword.internal.WebUIKeywordMain.runKeyword(WebUIKeywordMain.groovy:26)
	at com.kms.katalon.core.webui.keyword.builtin.FocusKeyword.focus(FocusKeyword.groovy:90)
	at com.kms.katalon.core.webui.keyword.builtin.FocusKeyword.execute(FocusKeyword.groovy:67)
	at com.kms.katalon.core.keyword.internal.KeywordExecutor.executeKeywordForPlatform(KeywordExecutor.groovy:72)
	at com.kms.katalon.core.webui.keyword.WebUiBuiltInKeywords.focus(WebUiBuiltInKeywords.groovy:859)
	at com.kms.katalon.core.webui.keyword.WebUiBuiltInKeywords$focus$13.call(Unknown Source)
	at VerifyDropdownValuesXPI.run(VerifyDropdownValuesXPI:33)
	at com.kms.katalon.core.main.ScriptEngine.run(ScriptEngine.java:194)
	at com.kms.katalon.core.main.ScriptEngine.runScriptAsRawText(ScriptEngine.java:119)
	at com.kms.katalon.core.main.TestCaseExecutor.runScript(TestCaseExecutor.java:337)
	at com.kms.katalon.core.main.TestCaseExecutor.doExecute(TestCaseExecutor.java:328)
	at com.kms.katalon.core.main.TestCaseExecutor.processExecutionPhase(TestCaseExecutor.java:307)
	at com.kms.katalon.core.main.TestCaseExecutor.accessMainPhase(TestCaseExecutor.java:299)
	at com.kms.katalon.core.main.TestCaseExecutor.execute(TestCaseExecutor.java:233)
	at com.kms.katalon.core.main.TestCaseMain.runTestCase(TestCaseMain.java:114)
	at com.kms.katalon.core.keyword.builtin.CallTestCaseKeyword$_callTestCase_closure1.doCall(CallTestCaseKeyword.groovy:59)
	at com.kms.katalon.core.keyword.builtin.CallTestCaseKeyword$_callTestCase_closure1.call(CallTestCaseKeyword.groovy)
	at com.kms.katalon.core.keyword.internal.KeywordMain.runKeyword(KeywordMain.groovy:68)
	at com.kms.katalon.core.keyword.builtin.CallTestCaseKeyword.callTestCase(CallTestCaseKeyword.groovy:81)
	at com.kms.katalon.core.keyword.builtin.CallTestCaseKeyword.execute(CallTestCaseKeyword.groovy:44)
	at com.kms.katalon.core.keyword.internal.KeywordExecutor.executeKeywordForPlatform(KeywordExecutor.groovy:72)
	at com.kms.katalon.core.keyword.BuiltinKeywords.callTestCase(BuiltinKeywords.groovy:334)
	at PFI.RecommendLHS.run(PFI.RecommendLHS:46)
	at com.kms.katalon.core.main.ScriptEngine.run(ScriptEngine.java:194)
	at com.kms.katalon.core.main.ScriptEngine.runScriptAsRawText(ScriptEngine.java:119)
	at com.kms.katalon.core.main.TestCaseExecutor.runScript(TestCaseExecutor.java:337)
	at com.kms.katalon.core.main.TestCaseExecutor.doExecute(TestCaseExecutor.java:328)
	at com.kms.katalon.core.main.TestCaseExecutor.processExecutionPhase(TestCaseExecutor.java:307)
	at com.kms.katalon.core.main.TestCaseExecutor.accessMainPhase(TestCaseExecutor.java:299)
	at com.kms.katalon.core.main.TestCaseExecutor.execute(TestCaseExecutor.java:233)
	at com.kms.katalon.core.main.TestSuiteExecutor.accessTestCaseMainPhase(TestSuiteExecutor.java:169)
	at com.kms.katalon.core.main.TestSuiteExecutor.accessTestSuiteMainPhase(TestSuiteExecutor.java:142)
	at com.kms.katalon.core.main.TestSuiteExecutor.execute(TestSuiteExecutor.java:91)
	at com.kms.katalon.core.main.TestCaseMain.startTestSuite(TestCaseMain.java:157)
	at com.kms.katalon.core.main.TestCaseMain$startTestSuite$0.call(Unknown Source)
	at TempTestSuite1591593354928.run(TempTestSuite1591593354928.groovy:36)
Caused by: org.openqa.selenium.ElementNotInteractableException: element not interactable
  (Session info: MicrosoftEdge=83.0.478.45)
Build info: version: '3.141.59', revision: 'e82be7d358', time: '2018-11-14T08:25:53'
System info: host: 'NSNB-108', ip: '192.168.16.39', os.name: 'Windows 10', os.arch: 'amd64', os.version: '10.0', java.version: '1.8.0_181'
Driver info: com.kms.katalon.selenium.driver.CEdgeDriver
Capabilities {acceptInsecureCerts: false, browserName: msedge, browserVersion: 83.0.478.45, javascriptEnabled: true, ms:edgeOptions: {debuggerAddress: localhost:57942}, msedge: {msedgedriverVersion: 83.0.478.37 (7feb1dfc5bdafe..., userDataDir: C:\Users\19023-~1\AppData\L...}, networkConnectionEnabled: false, pageLoadStrategy: normal, platform: WINDOWS, platformName: WINDOWS, proxy: Proxy(), setWindowRect: true, strictFileInteractability: false, timeouts: {implicit: 0, pageLoad: 300000, script: 30000}, unhandledPromptBehavior: dismiss and notify, webauthn:virtualAuthenticators: true}
Session ID: 5ebb4950109380ad941a99781b243f68
	at org.openqa.selenium.remote.http.W3CHttpResponseCodec.createException(W3CHttpResponseCodec.java:187)
	at org.openqa.selenium.remote.http.W3CHttpResponseCodec.decode(W3CHttpResponseCodec.java:122)
	at org.openqa.selenium.remote.http.W3CHttpResponseCodec.decode(W3CHttpResponseCodec.java:49)
	at org.openqa.selenium.remote.HttpCommandExecutor.execute(HttpCommandExecutor.java:158)
	at org.openqa.selenium.remote.service.DriverCommandExecutor.execute(DriverCommandExecutor.java:83)
	at org.openqa.selenium.remote.RemoteWebDriver.execute(RemoteWebDriver.java:552)
	at com.kms.katalon.selenium.driver.CEdgeDriver.execute(CEdgeDriver.java:20)
	at org.openqa.selenium.remote.RemoteWebElement.execute(RemoteWebElement.java:285)
	at org.openqa.selenium.remote.RemoteWebElement.sendKeys(RemoteWebElement.java:106)
	at org.openqa.selenium.support.events.EventFiringWebDriver$EventFiringWebElement.lambda$new$0(EventFiringWebDriver.java:404)
	at com.sun.proxy.$Proxy9.sendKeys(Unknown Source)
	at org.openqa.selenium.support.events.EventFiringWebDriver$EventFiringWebElement.sendKeys(EventFiringWebDriver.java:429)
	at com.kms.katalon.core.webui.keyword.builtin.FocusKeyword$_focus_closure1.doCall(FocusKeyword.groovy:80)
	at com.kms.katalon.core.webui.keyword.builtin.FocusKeyword$_focus_closure1.call(FocusKeyword.groovy)
	at com.kms.katalon.core.webui.keyword.internal.WebUIKeywordMain.runKeyword(WebUIKeywordMain.groovy:20)
	at com.kms.katalon.core.webui.keyword.builtin.FocusKeyword.focus(FocusKeyword.groovy:90)
	at com.kms.katalon.core.webui.keyword.builtin.FocusKeyword.execute(FocusKeyword.groovy:67)
	at com.kms.katalon.core.keyword.internal.KeywordExecutor.executeKeywordForPlatform(KeywordExecutor.groovy:72)
	at com.kms.katalon.core.webui.keyword.WebUiBuiltInKeywords.focus(WebUiBuiltInKeywords.groovy:859)
	at com.kms.katalon.core.webui.keyword.WebUiBuiltInKeywords$focus$13.call(Unknown Source)
	at Script1590505596530.run(Script1590505596530.groovy:33)
	at com.kms.katalon.core.main.ScriptEngine.run(ScriptEngine.java:194)
	at com.kms.katalon.core.main.ScriptEngine.runScriptAsRawText(ScriptEngine.java:119)
	at com.kms.katalon.core.main.TestCaseExecutor.runScript(TestCaseExecutor.java:337)
	at com.kms.katalon.core.main.TestCaseExecutor.doExecute(TestCaseExecutor.java:328)
	at com.kms.katalon.core.main.TestCaseExecutor.processExecutionPhase(TestCaseExecutor.java:307)
	at com.kms.katalon.core.main.TestCaseExecutor.accessMainPhase(TestCaseExecutor.java:299)
	at com.kms.katalon.core.main.TestCaseExecutor.execute(TestCaseExecutor.java:233)
	at com.kms.katalon.core.main.TestCaseMain.runTestCase(TestCaseMain.java:114)
	at com.kms.katalon.core.keyword.builtin.CallTestCaseKeyword$_callTestCase_closure1.doCall(CallTestCaseKeyword.groovy:59)
	at com.kms.katalon.core.keyword.builtin.CallTestCaseKeyword$_callTestCase_closure1.call(CallTestCaseKeyword.groovy)
	at com.kms.katalon.core.keyword.internal.KeywordMain.runKeyword(KeywordMain.groovy:68)
	at com.kms.katalon.core.keyword.builtin.CallTestCaseKeyword.callTestCase(CallTestCaseKeyword.groovy:81)
	at com.kms.katalon.core.keyword.builtin.CallTestCaseKeyword.execute(CallTestCaseKeyword.groovy:44)
	at com.kms.katalon.core.keyword.internal.KeywordExecutor.executeKeywordForPlatform(KeywordExecutor.groovy:72)
	at com.kms.katalon.core.keyword.BuiltinKeywords.callTestCase(BuiltinKeywords.groovy:334)
	at Script1589366461494.run(Script1589366461494.groovy:46)
	... 13 more
)
[[ATTACHMENT|C:\\Users\\19023-RAC\\Desktop\\New Automation Copy\\Reports\\20200608_131550\\PFI Precision and Scale Automated Regression Suite\\PFI\\PFI-Decision\\20200608_131550\\1591593510535.png]]

2020-06-08 13:18:30 - [MESSAGE][FAILED] - Unable to call Test Case 'Test Cases/PFI Precision and Scale/PFI Components with Indexing/VerifyDropdownValuesXPI' (Root cause: com.kms.katalon.core.exception.StepFailedException: Call Test Case 'Test Cases/PFI Precision and Scale/PFI Components with Indexing/VerifyDropdownValuesXPI' failed
	at com.kms.katalon.core.keyword.builtin.CallTestCaseKeyword$_callTestCase_closure1.doCall(CallTestCaseKeyword.groovy:63)
	at com.kms.katalon.core.keyword.builtin.CallTestCaseKeyword$_callTestCase_closure1.call(CallTestCaseKeyword.groovy)
	at com.kms.katalon.core.keyword.internal.KeywordMain.runKeyword(KeywordMain.groovy:68)
	at com.kms.katalon.core.keyword.builtin.CallTestCaseKeyword.callTestCase(CallTestCaseKeyword.groovy:81)
	at com.kms.katalon.core.keyword.builtin.CallTestCaseKeyword.execute(CallTestCaseKeyword.groovy:44)
	at com.kms.katalon.core.keyword.internal.KeywordExecutor.executeKeywordForPlatform(KeywordExecutor.groovy:72)
	at com.kms.katalon.core.keyword.BuiltinKeywords.callTestCase(BuiltinKeywords.groovy:334)
	at PFI.RecommendLHS.run(PFI.RecommendLHS:46)
	at com.kms.katalon.core.main.ScriptEngine.run(ScriptEngine.java:194)
	at com.kms.katalon.core.main.ScriptEngine.runScriptAsRawText(ScriptEngine.java:119)
	at com.kms.katalon.core.main.TestCaseExecutor.runScript(TestCaseExecutor.java:337)
	at com.kms.katalon.core.main.TestCaseExecutor.doExecute(TestCaseExecutor.java:328)
	at com.kms.katalon.core.main.TestCaseExecutor.processExecutionPhase(TestCaseExecutor.java:307)
	at com.kms.katalon.core.main.TestCaseExecutor.accessMainPhase(TestCaseExecutor.java:299)
	at com.kms.katalon.core.main.TestCaseExecutor.execute(TestCaseExecutor.java:233)
	at com.kms.katalon.core.main.TestSuiteExecutor.accessTestCaseMainPhase(TestSuiteExecutor.java:169)
	at com.kms.katalon.core.main.TestSuiteExecutor.accessTestSuiteMainPhase(TestSuiteExecutor.java:142)
	at com.kms.katalon.core.main.TestSuiteExecutor.execute(TestSuiteExecutor.java:91)
	at com.kms.katalon.core.main.TestCaseMain.startTestSuite(TestCaseMain.java:157)
	at com.kms.katalon.core.main.TestCaseMain$startTestSuite$0.call(Unknown Source)
	at TempTestSuite1591593354928.run(TempTestSuite1591593354928.groovy:36)
Caused by: com.kms.katalon.core.exception.StepFailedException: Unable to focus on object 'Object Repository/Objects.HighlightElements/input_field_index'
	at com.kms.katalon.core.webui.keyword.internal.WebUIKeywordMain.stepFailed(WebUIKeywordMain.groovy:64)
	at com.kms.katalon.core.webui.keyword.internal.WebUIKeywordMain.runKeyword(WebUIKeywordMain.groovy:26)
	at com.kms.katalon.core.webui.keyword.builtin.FocusKeyword.focus(FocusKeyword.groovy:90)
	at com.kms.katalon.core.webui.keyword.builtin.FocusKeyword.execute(FocusKeyword.groovy:67)
	at com.kms.katalon.core.keyword.internal.KeywordExecutor.executeKeywordForPlatform(KeywordExecutor.groovy:72)
	at com.kms.katalon.core.webui.keyword.WebUiBuiltInKeywords.focus(WebUiBuiltInKeywords.groovy:859)
	at com.kms.katalon.core.webui.keyword.WebUiBuiltInKeywords$focus$13.call(Unknown Source)
	at VerifyDropdownValuesXPI.run(VerifyDropdownValuesXPI:33)
	at com.kms.katalon.core.main.ScriptEngine.run(ScriptEngine.java:194)
	at com.kms.katalon.core.main.ScriptEngine.runScriptAsRawText(ScriptEngine.java:119)
	at com.kms.katalon.core.main.TestCaseExecutor.runScript(TestCaseExecutor.java:337)
	at com.kms.katalon.core.main.TestCaseExecutor.doExecute(TestCaseExecutor.java:328)
	at com.kms.katalon.core.main.TestCaseExecutor.processExecutionPhase(TestCaseExecutor.java:307)
	at com.kms.katalon.core.main.TestCaseExecutor.accessMainPhase(TestCaseExecutor.java:299)
	at com.kms.katalon.core.main.TestCaseExecutor.execute(TestCaseExecutor.java:233)
	at com.kms.katalon.core.main.TestCaseMain.runTestCase(TestCaseMain.java:114)
	at com.kms.katalon.core.keyword.builtin.CallTestCaseKeyword$_callTestCase_closure1.doCall(CallTestCaseKeyword.groovy:59)
	... 20 more
Caused by: org.openqa.selenium.ElementNotInteractableException: element not interactable
  (Session info: MicrosoftEdge=83.0.478.45)
Build info: version: '3.141.59', revision: 'e82be7d358', time: '2018-11-14T08:25:53'
System info: host: 'NSNB-108', ip: '192.168.16.39', os.name: 'Windows 10', os.arch: 'amd64', os.version: '10.0', java.version: '1.8.0_181'
Driver info: com.kms.katalon.selenium.driver.CEdgeDriver
Capabilities {acceptInsecureCerts: false, browserName: msedge, browserVersion: 83.0.478.45, javascriptEnabled: true, ms:edgeOptions: {debuggerAddress: localhost:57942}, msedge: {msedgedriverVersion: 83.0.478.37 (7feb1dfc5bdafe..., userDataDir: C:\Users\19023-~1\AppData\L...}, networkConnectionEnabled: false, pageLoadStrategy: normal, platform: WINDOWS, platformName: WINDOWS, proxy: Proxy(), setWindowRect: true, strictFileInteractability: false, timeouts: {implicit: 0, pageLoad: 300000, script: 30000}, unhandledPromptBehavior: dismiss and notify, webauthn:virtualAuthenticators: true}
Session ID: 5ebb4950109380ad941a99781b243f68
	at org.openqa.selenium.remote.http.W3CHttpResponseCodec.createException(W3CHttpResponseCodec.java:187)
	at org.openqa.selenium.remote.http.W3CHttpResponseCodec.decode(W3CHttpResponseCodec.java:122)
	at org.openqa.selenium.remote.http.W3CHttpResponseCodec.decode(W3CHttpResponseCodec.java:49)
	at org.openqa.selenium.remote.HttpCommandExecutor.execute(HttpCommandExecutor.java:158)
	at org.openqa.selenium.remote.service.DriverCommandExecutor.execute(DriverCommandExecutor.java:83)
	at org.openqa.selenium.remote.RemoteWebDriver.execute(RemoteWebDriver.java:552)
	at com.kms.katalon.selenium.driver.CEdgeDriver.execute(CEdgeDriver.java:20)
	at org.openqa.selenium.remote.RemoteWebElement.execute(RemoteWebElement.java:285)
	at org.openqa.selenium.remote.RemoteWebElement.sendKeys(RemoteWebElement.java:106)
	at org.openqa.selenium.support.events.EventFiringWebDriver$EventFiringWebElement.lambda$new$0(EventFiringWebDriver.java:404)
	at com.sun.proxy.$Proxy9.sendKeys(Unknown Source)
	at org.openqa.selenium.support.events.EventFiringWebDriver$EventFiringWebElement.sendKeys(EventFiringWebDriver.java:429)
	at com.kms.katalon.core.webui.keyword.builtin.FocusKeyword$_focus_closure1.doCall(FocusKeyword.groovy:80)
	at com.kms.katalon.core.webui.keyword.builtin.FocusKeyword$_focus_closure1.call(FocusKeyword.groovy)
	at com.kms.katalon.core.webui.keyword.internal.WebUIKeywordMain.runKeyword(WebUIKeywordMain.groovy:20)
	... 35 more
)]]></system-out>
         <system-err><![CDATA[2020-06-08 13:18:18 - [TEST_CASE][FAILED] - Test Cases/PFI Precision and Scale/PFI Test Cases/Process Case (PFI)/PFI.RecommendLHS: Test Cases/PFI Precision and Scale/PFI Test Cases/Process Case (PFI)/PFI.RecommendLHS FAILED.
Reason:
com.kms.katalon.core.exception.StepFailedException: Call Test Case 'Test Cases/PFI Precision and Scale/PFI Components with Indexing/VerifyDropdownValuesXPI' failed
	at com.kms.katalon.core.keyword.builtin.CallTestCaseKeyword$_callTestCase_closure1.doCall(CallTestCaseKeyword.groovy:63)
	at com.kms.katalon.core.keyword.builtin.CallTestCaseKeyword$_callTestCase_closure1.call(CallTestCaseKeyword.groovy)
	at com.kms.katalon.core.keyword.internal.KeywordMain.runKeyword(KeywordMain.groovy:68)
	at com.kms.katalon.core.keyword.builtin.CallTestCaseKeyword.callTestCase(CallTestCaseKeyword.groovy:81)
	at com.kms.katalon.core.keyword.builtin.CallTestCaseKeyword.execute(CallTestCaseKeyword.groovy:44)
	at com.kms.katalon.core.keyword.internal.KeywordExecutor.executeKeywordForPlatform(KeywordExecutor.groovy:72)
	at com.kms.katalon.core.keyword.BuiltinKeywords.callTestCase(BuiltinKeywords.groovy:334)
	at PFI.RecommendLHS.run(PFI.RecommendLHS:46)
	at com.kms.katalon.core.main.ScriptEngine.run(ScriptEngine.java:194)
	at com.kms.katalon.core.main.ScriptEngine.runScriptAsRawText(ScriptEngine.java:119)
	at com.kms.katalon.core.main.TestCaseExecutor.runScript(TestCaseExecutor.java:337)
	at com.kms.katalon.core.main.TestCaseExecutor.doExecute(TestCaseExecutor.java:328)
	at com.kms.katalon.core.main.TestCaseExecutor.processExecutionPhase(TestCaseExecutor.java:307)
	at com.kms.katalon.core.main.TestCaseExecutor.accessMainPhase(TestCaseExecutor.java:299)
	at com.kms.katalon.core.main.TestCaseExecutor.execute(TestCaseExecutor.java:233)
	at com.kms.katalon.core.main.TestSuiteExecutor.accessTestCaseMainPhase(TestSuiteExecutor.java:169)
	at com.kms.katalon.core.main.TestSuiteExecutor.accessTestSuiteMainPhase(TestSuiteExecutor.java:142)
	at com.kms.katalon.core.main.TestSuiteExecutor.execute(TestSuiteExecutor.java:91)
	at com.kms.katalon.core.main.TestCaseMain.startTestSuite(TestCaseMain.java:157)
	at com.kms.katalon.core.main.TestCaseMain$startTestSuite$0.call(Unknown Source)
	at TempTestSuite1591593354928.run(TempTestSuite1591593354928.groovy:36)
Caused by: com.kms.katalon.core.exception.StepFailedException: Unable to focus on object 'Object Repository/Objects.HighlightElements/input_field_index'
	at com.kms.katalon.core.webui.keyword.internal.WebUIKeywordMain.stepFailed(WebUIKeywordMain.groovy:64)
	at com.kms.katalon.core.webui.keyword.internal.WebUIKeywordMain.runKeyword(WebUIKeywordMain.groovy:26)
	at com.kms.katalon.core.webui.keyword.builtin.FocusKeyword.focus(FocusKeyword.groovy:90)
	at com.kms.katalon.core.webui.keyword.builtin.FocusKeyword.execute(FocusKeyword.groovy:67)
	at com.kms.katalon.core.keyword.internal.KeywordExecutor.executeKeywordForPlatform(KeywordExecutor.groovy:72)
	at com.kms.katalon.core.webui.keyword.WebUiBuiltInKeywords.focus(WebUiBuiltInKeywords.groovy:859)
	at com.kms.katalon.core.webui.keyword.WebUiBuiltInKeywords$focus$13.call(Unknown Source)
	at VerifyDropdownValuesXPI.run(VerifyDropdownValuesXPI:33)
	at com.kms.katalon.core.main.ScriptEngine.run(ScriptEngine.java:194)
	at com.kms.katalon.core.main.ScriptEngine.runScriptAsRawText(ScriptEngine.java:119)
	at com.kms.katalon.core.main.TestCaseExecutor.runScript(TestCaseExecutor.java:337)
	at com.kms.katalon.core.main.TestCaseExecutor.doExecute(TestCaseExecutor.java:328)
	at com.kms.katalon.core.main.TestCaseExecutor.processExecutionPhase(TestCaseExecutor.java:307)
	at com.kms.katalon.core.main.TestCaseExecutor.accessMainPhase(TestCaseExecutor.java:299)
	at com.kms.katalon.core.main.TestCaseExecutor.execute(TestCaseExecutor.java:233)
	at com.kms.katalon.core.main.TestCaseMain.runTestCase(TestCaseMain.java:114)
	at com.kms.katalon.core.keyword.builtin.CallTestCaseKeyword$_callTestCase_closure1.doCall(CallTestCaseKeyword.groovy:59)
	... 20 more
Caused by: org.openqa.selenium.ElementNotInteractableException: element not interactable
  (Session info: MicrosoftEdge=83.0.478.45)
Build info: version: '3.141.59', revision: 'e82be7d358', time: '2018-11-14T08:25:53'
System info: host: 'NSNB-108', ip: '192.168.16.39', os.name: 'Windows 10', os.arch: 'amd64', os.version: '10.0', java.version: '1.8.0_181'
Driver info: com.kms.katalon.selenium.driver.CEdgeDriver
Capabilities {acceptInsecureCerts: false, browserName: msedge, browserVersion: 83.0.478.45, javascriptEnabled: true, ms:edgeOptions: {debuggerAddress: localhost:57942}, msedge: {msedgedriverVersion: 83.0.478.37 (7feb1dfc5bdafe..., userDataDir: C:\Users\19023-~1\AppData\L...}, networkConnectionEnabled: false, pageLoadStrategy: normal, platform: WINDOWS, platformName: WINDOWS, proxy: Proxy(), setWindowRect: true, strictFileInteractability: false, timeouts: {implicit: 0, pageLoad: 300000, script: 30000}, unhandledPromptBehavior: dismiss and notify, webauthn:virtualAuthenticators: true}
Session ID: 5ebb4950109380ad941a99781b243f68
	at org.openqa.selenium.remote.http.W3CHttpResponseCodec.createException(W3CHttpResponseCodec.java:187)
	at org.openqa.selenium.remote.http.W3CHttpResponseCodec.decode(W3CHttpResponseCodec.java:122)
	at org.openqa.selenium.remote.http.W3CHttpResponseCodec.decode(W3CHttpResponseCodec.java:49)
	at org.openqa.selenium.remote.HttpCommandExecutor.execute(HttpCommandExecutor.java:158)
	at org.openqa.selenium.remote.service.DriverCommandExecutor.execute(DriverCommandExecutor.java:83)
	at org.openqa.selenium.remote.RemoteWebDriver.execute(RemoteWebDriver.java:552)
	at com.kms.katalon.selenium.driver.CEdgeDriver.execute(CEdgeDriver.java:20)
	at org.openqa.selenium.remote.RemoteWebElement.execute(RemoteWebElement.java:285)
	at org.openqa.selenium.remote.RemoteWebElement.sendKeys(RemoteWebElement.java:106)
	at org.openqa.selenium.support.events.EventFiringWebDriver$EventFiringWebElement.lambda$new$0(EventFiringWebDriver.java:404)
	at com.sun.proxy.$Proxy9.sendKeys(Unknown Source)
	at org.openqa.selenium.support.events.EventFiringWebDriver$EventFiringWebElement.sendKeys(EventFiringWebDriver.java:429)
	at com.kms.katalon.core.webui.keyword.builtin.FocusKeyword$_focus_closure1.doCall(FocusKeyword.groovy:80)
	at com.kms.katalon.core.webui.keyword.builtin.FocusKeyword$_focus_closure1.call(FocusKeyword.groovy)
	at com.kms.katalon.core.webui.keyword.internal.WebUIKeywordMain.runKeyword(WebUIKeywordMain.groovy:20)
	... 35 more]]></system-err>
      </testcase>
      <testcase name="Test Cases/PFI Precision and Scale/PFI Test Cases/Process Case (PFI)/PFI.WrittenDirectionsLHS" time="398.247" classname="Test Cases/PFI Precision and Scale/PFI Test Cases/Process Case (PFI)/PFI.WrittenDirectionsLHS" status="PASSED">
         <system-out><![CDATA[2020-06-08 13:18:30 - [TEST_CASE][PASSED] - Test Cases/PFI Precision and Scale/PFI Test Cases/Process Case (PFI)/PFI.WrittenDirectionsLHS: Test Cases/PFI Precision and Scale/PFI Test Cases/Process Case (PFI)/PFI.WrittenDirectionsLHS

2020-06-08 13:18:31 - [TEST_STEP][NOT_RUN] - callTestCase(findTestCase("Components/LoginV2.0"), ["LinkToBeUsed":findTestData("ISPS2 Test Data").getValue("URL", 1), "LoginPageTextToBeVerified":findTestData("ISPS2 Test Data").getValue("HomeBanner", 1), ... ], STOP_ON_FAILURE): NOT_RUN: callTestCase(findTestCase("Components/LoginV2.0"), ["LinkToBeUsed":findTestData("ISPS2 Test Data").getValue("URL", 1), "LoginPageTextToBeVerified":findTestData("ISPS2 Test Data").getValue("HomeBanner", 1), ... ], STOP_ON_FAILURE)

2020-06-08 13:18:31 - [MESSAGE][NOT_RUN] - NOT_RUN: callTestCase(findTestCase("Components/LoginV2.0"), ["LinkToBeUsed":findTestData("ISPS2 Test Data").getValue("URL", 1), "LoginPageTextToBeVerified":findTestData("ISPS2 Test Data").getValue("HomeBanner", 1), ... ], STOP_ON_FAILURE)

2020-06-08 13:18:31 - [TEST_STEP][NOT_RUN] - callTestCase(findTestCase("Components/NavigateToHomepageHeaders"), ["headerText":"My Tasks"], STOP_ON_FAILURE): NOT_RUN: callTestCase(findTestCase("Components/NavigateToHomepageHeaders"), ["headerText":"My Tasks"], STOP_ON_FAILURE)

2020-06-08 13:18:31 - [MESSAGE][NOT_RUN] - NOT_RUN: callTestCase(findTestCase("Components/NavigateToHomepageHeaders"), ["headerText":"My Tasks"], STOP_ON_FAILURE)

2020-06-08 13:18:31 - [TEST_STEP][NOT_RUN] - callTestCase(findTestCase("Components/Filter"), ["taskDescription":"Process Case (SM)"], STOP_ON_FAILURE): NOT_RUN: callTestCase(findTestCase("Components/Filter"), ["taskDescription":"Process Case (SM)"], STOP_ON_FAILURE)

2020-06-08 13:18:31 - [MESSAGE][NOT_RUN] - NOT_RUN: callTestCase(findTestCase("Components/Filter"), ["taskDescription":"Process Case (SM)"], STOP_ON_FAILURE)

2020-06-08 13:18:31 - [TEST_STEP][NOT_RUN] - callTestCase(findTestCase("Components/ClickLinkDependingOnTextAndIndex"), ["linkName":"Process Case (SM)", "index":"3"], STOP_ON_FAILURE): NOT_RUN: callTestCase(findTestCase("Components/ClickLinkDependingOnTextAndIndex"), ["linkName":"Process Case (SM)", "index":"3"], STOP_ON_FAILURE)

2020-06-08 13:18:31 - [MESSAGE][NOT_RUN] - NOT_RUN: callTestCase(findTestCase("Components/ClickLinkDependingOnTextAndIndex"), ["linkName":"Process Case (SM)", "index":"3"], STOP_ON_FAILURE)

2020-06-08 13:18:31 - [TEST_STEP][NOT_RUN] - callTestCase(findTestCase("Components/VerifyPageSuccessfullyLoaded"), ["HeaderName":"Summary"], STOP_ON_FAILURE): NOT_RUN: callTestCase(findTestCase("Components/VerifyPageSuccessfullyLoaded"), ["HeaderName":"Summary"], STOP_ON_FAILURE)

2020-06-08 13:18:31 - [MESSAGE][NOT_RUN] - NOT_RUN: callTestCase(findTestCase("Components/VerifyPageSuccessfullyLoaded"), ["HeaderName":"Summary"], STOP_ON_FAILURE)

2020-06-08 13:18:31 - [TEST_STEP][PASSED] - callTestCase(findTestCase("Components/NavigateToAnyLHS"), ["LHS":"Written Directions"], STOP_ON_FAILURE): Call Test Case 'Test Cases/Components/NavigateToAnyLHS' successfully

2020-06-08 13:18:31 - [TEST_CASE][PASSED] - Test Cases/Components/NavigateToAnyLHS: Test Cases/Components/NavigateToAnyLHS

2020-06-08 13:18:31 - [TEST_STEP][PASSED] - Thread.sleep(1000): null

2020-06-08 13:18:32 - [TEST_STEP][PASSED] - modifiedLHS = modifyObjectProperty(findTestObject("Objects.NavigateToAnyLHS/Page_ISPS2/LHSToModify"), "text", "equals", LHS, true): Modify property of object successfully

2020-06-08 13:18:32 - [MESSAGE][PASSED] - Modify property of object successfully

2020-06-08 13:18:32 - [TEST_STEP][PASSED] - click(modifiedLHS): Object: 'Object Repository/Objects.NavigateToAnyLHS/Page_ISPS2/LHSToModify' is clicked on

2020-06-08 13:18:32 - [MESSAGE][PASSED] - Object: 'Object Repository/Objects.NavigateToAnyLHS/Page_ISPS2/LHSToModify' is clicked on

2020-06-08 13:18:32 - [TEST_STEP][PASSED] - currentLHS = getText(modifiedLHS): Text of object 'Object Repository/Objects.NavigateToAnyLHS/Page_ISPS2/LHSToModify' is: 'Written Directions'

2020-06-08 13:18:32 - [MESSAGE][PASSED] - Text of object 'Object Repository/Objects.NavigateToAnyLHS/Page_ISPS2/LHSToModify' is: 'Written Directions'

2020-06-08 13:18:32 - [TEST_STEP][PASSED] - Thread.sleep(5000): null

2020-06-08 13:18:37 - [MESSAGE][PASSED] - Call Test Case 'Test Cases/Components/NavigateToAnyLHS' successfully

2020-06-08 13:18:37 - [TEST_STEP][PASSED] - callTestCase(findTestCase("Components/VerifyPageSuccessfullyLoadedII"), ["PageNm":"Issue WD"], STOP_ON_FAILURE): Call Test Case 'Test Cases/Components/VerifyPageSuccessfullyLoadedII' successfully

2020-06-08 13:18:37 - [TEST_CASE][PASSED] - Test Cases/Components/VerifyPageSuccessfullyLoadedII: Test Cases/Components/VerifyPageSuccessfullyLoadedII

2020-06-08 13:18:37 - [TEST_STEP][PASSED] - waitForPageLoad(5): Wait for page load successfully

2020-06-08 13:18:37 - [MESSAGE][PASSED] - Wait for page load successfully

2020-06-08 13:18:37 - [TEST_STEP][PASSED] - modifiedInputFld = modifyObjectProperty(findTestObject("Object Repository/Objects.VerifyPageSuccessfullyLoaded/PageHeaderIndex"), "xpath", "equals", "//*[contains(@class,'isps-page-title') and contains(text(),'" + PageNm + "')]", true): Modify property of object successfully

2020-06-08 13:18:37 - [MESSAGE][PASSED] - Modify property of object successfully

2020-06-08 13:18:37 - [TEST_STEP][PASSED] - com.reusableComponents.HighlightElement.run(modifiedInputFld): com.reusableComponents.HighlightElement.run is PASSED

2020-06-08 13:18:37 - [MESSAGE][PASSED] - com.reusableComponents.HighlightElement.run is PASSED

2020-06-08 13:18:37 - [MESSAGE][PASSED] - Call Test Case 'Test Cases/Components/VerifyPageSuccessfullyLoadedII' successfully

2020-06-08 13:18:37 - [TEST_STEP][PASSED] - callTestCase(findTestCase("Components/HighlightLabelFieldXPI"), ["LblName":"Expiry Date", "index":2], STOP_ON_FAILURE): Call Test Case 'Test Cases/Components/HighlightLabelFieldXPI' successfully

2020-06-08 13:18:37 - [TEST_CASE][PASSED] - Test Cases/Components/HighlightLabelFieldXPI: Test Cases/Components/HighlightLabelFieldXPI

2020-06-08 13:18:37 - [TEST_STEP][PASSED] - Thread.sleep(1000): null

2020-06-08 13:18:38 - [TEST_STEP][PASSED] - modifiedLblNm = modifyObjectProperty(findTestObject("Object Repository/Objects.HighlightElements/lblField_index"), "xpath", "equals", "(//*[contains(@class, 'x-form-item-label-inner x-form-item-label-inner-default') and contains(., '" + LblName + "')])[" + index + "]", true): Modify property of object successfully

2020-06-08 13:18:39 - [MESSAGE][PASSED] - Modify property of object successfully

2020-06-08 13:18:39 - [TEST_STEP][PASSED] - com.reusableComponents.HighlightElement.run(modifiedLblNm): com.reusableComponents.HighlightElement.run is PASSED

2020-06-08 13:18:39 - [MESSAGE][PASSED] - com.reusableComponents.HighlightElement.run is PASSED

2020-06-08 13:18:39 - [MESSAGE][PASSED] - Call Test Case 'Test Cases/Components/HighlightLabelFieldXPI' successfully

2020-06-08 13:18:39 - [TEST_STEP][PASSED] - callTestCase(findTestCase("Components/HighlightLabelIndexField"), ["LblName":"Expiry Date:", "index":10], STOP_ON_FAILURE): Call Test Case 'Test Cases/Components/HighlightLabelIndexField' successfully

2020-06-08 13:18:39 - [TEST_CASE][PASSED] - Test Cases/Components/HighlightLabelIndexField: Test Cases/Components/HighlightLabelIndexField

2020-06-08 13:18:39 - [TEST_STEP][PASSED] - Thread.sleep(1000): null

2020-06-08 13:18:40 - [TEST_STEP][PASSED] - modifiedLblNm = modifyObjectProperty(findTestObject("Object Repository/Objects.HighlightElements/lblField_index"), "xpath", "equals", "(//*[contains(@class,'x-form-item-label-inner') and (text()='" + LblName + "')])[" + index + "]", true): Modify property of object successfully

2020-06-08 13:18:40 - [MESSAGE][PASSED] - Modify property of object successfully

2020-06-08 13:18:40 - [TEST_STEP][PASSED] - com.reusableComponents.HighlightElement.run(modifiedLblNm): com.reusableComponents.HighlightElement.run is PASSED

2020-06-08 13:18:40 - [MESSAGE][PASSED] - com.reusableComponents.HighlightElement.run is PASSED

2020-06-08 13:18:40 - [MESSAGE][PASSED] - Call Test Case 'Test Cases/Components/HighlightLabelIndexField' successfully

2020-06-08 13:18:40 - [TEST_STEP][PASSED] - callTestCase(findTestCase("Components/HighlightInputIndexField"), ["InputName":"noOfDays", "index":3], STOP_ON_FAILURE): Call Test Case 'Test Cases/Components/HighlightInputIndexField' successfully

2020-06-08 13:18:41 - [TEST_CASE][PASSED] - Test Cases/Components/HighlightInputIndexField: Test Cases/Components/HighlightInputIndexField

2020-06-08 13:18:41 - [TEST_STEP][PASSED] - Thread.sleep(1000): null

2020-06-08 13:18:42 - [TEST_STEP][PASSED] - modifiedInputFld = modifyObjectProperty(findTestObject("Objects.HighlightElements/input_field_index"), "xpath", "equals", "(//*[contains(@class,'x-form-text') and (@name='" + InputName + "')])[" + index + "]", true): Modify property of object successfully

2020-06-08 13:18:42 - [MESSAGE][PASSED] - Modify property of object successfully

2020-06-08 13:18:42 - [TEST_STEP][PASSED] - com.reusableComponents.HighlightElement.run(modifiedInputFld): com.reusableComponents.HighlightElement.run is PASSED

2020-06-08 13:18:42 - [MESSAGE][PASSED] - com.reusableComponents.HighlightElement.run is PASSED

2020-06-08 13:18:42 - [MESSAGE][PASSED] - Call Test Case 'Test Cases/Components/HighlightInputIndexField' successfully

2020-06-08 13:18:42 - [TEST_STEP][PASSED] - callTestCase(findTestCase("PFI Precision and Scale/PFI Components with Indexing/VerifyDefaultValueIndex"), ["FieldNm":"noOfDays", "index":3], STOP_ON_FAILURE): Call Test Case 'Test Cases/PFI Precision and Scale/PFI Components with Indexing/VerifyDefaultValueIndex' successfully

2020-06-08 13:18:42 - [TEST_CASE][PASSED] - Test Cases/PFI Precision and Scale/PFI Components with Indexing/VerifyDefaultValueIndex: Test Cases/PFI Precision and Scale/PFI Components with Indexing/VerifyDefaultValueIndex

2020-06-08 13:18:42 - [TEST_STEP][PASSED] - Thread.sleep(1000): null

2020-06-08 13:18:43 - [TEST_STEP][PASSED] - DefaultValueHM = ["periodType":"Working Day(s)", "noOfDays":"14", "inspWeight":"1", "inspModule":"PSI", "inspCaseType":"PSI Processing (SM)"]: null

2020-06-08 13:18:43 - [TEST_STEP][PASSED] - NewFieldNm = modifyObjectProperty(findTestObject("Object Repository/Objects.HighlightElements/input_field_index"), "xpath", "equals", "(//*[contains(@name,'" + FieldNm + "')])[" + index + "]", true): Modify property of object successfully

2020-06-08 13:18:43 - [MESSAGE][PASSED] - Modify property of object successfully

2020-06-08 13:18:43 - [TEST_STEP][PASSED] - focus(NewFieldNm): Object: 'Object Repository/Objects.HighlightElements/input_field_index' is focused

2020-06-08 13:18:43 - [MESSAGE][PASSED] - Object: 'Object Repository/Objects.HighlightElements/input_field_index' is focused

2020-06-08 13:18:43 - [TEST_STEP][PASSED] - DefVal = getAttribute(NewFieldNm, "value", STOP_ON_FAILURE): Attribute 'value' of object 'Object Repository/Objects.HighlightElements/input_field_index' is: '14'

2020-06-08 13:18:43 - [MESSAGE][PASSED] - Attribute 'value' of object 'Object Repository/Objects.HighlightElements/input_field_index' is: '14'

2020-06-08 13:18:43 - [TEST_STEP][PASSED] - switch (FieldNm): null

2020-06-08 13:18:43 - [TEST_STEP][PASSED] - case "noOfDays":: null

2020-06-08 13:18:43 - [TEST_STEP][PASSED] - verifyEqual(DefVal, findTestData("PrecisionAndScaleDB").getValue("DefaultValue", 1)): Actual object '14' and expected object '14' are equal

2020-06-08 13:18:43 - [MESSAGE][PASSED] - Actual object '14' and expected object '14' are equal

2020-06-08 13:18:43 - [TEST_STEP][PASSED] - break: null

2020-06-08 13:18:43 - [MESSAGE][PASSED] - Call Test Case 'Test Cases/PFI Precision and Scale/PFI Components with Indexing/VerifyDefaultValueIndex' successfully

2020-06-08 13:18:43 - [TEST_STEP][PASSED] - callTestCase(findTestCase("PFI Precision and Scale/PFI Components with Indexing/InvalidNumericErrorIndex"), ["FldNm":"noOfDays", "index":3, "EnterInvalidValue":"e"], STOP_ON_FAILURE): Call Test Case 'Test Cases/PFI Precision and Scale/PFI Components with Indexing/InvalidNumericErrorIndex' successfully

2020-06-08 13:18:43 - [TEST_CASE][PASSED] - Test Cases/PFI Precision and Scale/PFI Components with Indexing/InvalidNumericErrorIndex: Test Cases/PFI Precision and Scale/PFI Components with Indexing/InvalidNumericErrorIndex

2020-06-08 13:18:44 - [TEST_STEP][PASSED] - Thread.sleep(1000): null

2020-06-08 13:18:45 - [TEST_STEP][PASSED] - NewFieldNm = modifyObjectProperty(findTestObject("Object Repository/Objects.HighlightElements/input_field_index"), "xpath", "equals", "(//*[contains(@class,'x-form-text') and (@name='" + FldNm + "')])[" + index + "]", true): Modify property of object successfully

2020-06-08 13:18:45 - [MESSAGE][PASSED] - Modify property of object successfully

2020-06-08 13:18:45 - [TEST_STEP][PASSED] - setText(NewFieldNm, EnterInvalidValue): Text 'e' is set on object 'Object Repository/Objects.HighlightElements/input_field_index'

2020-06-08 13:18:45 - [MESSAGE][PASSED] - Text 'e' is set on object 'Object Repository/Objects.HighlightElements/input_field_index'

2020-06-08 13:18:45 - [TEST_STEP][PASSED] - mouseOver(NewFieldNm): Object: 'Object Repository/Objects.HighlightElements/input_field_index' is hovered

2020-06-08 13:18:45 - [MESSAGE][PASSED] - Object: 'Object Repository/Objects.HighlightElements/input_field_index' is hovered

2020-06-08 13:18:45 - [TEST_STEP][PASSED] - GetValue = getAttribute(NewFieldNm, "value"): Attribute 'value' of object 'Object Repository/Objects.HighlightElements/input_field_index' is: 'e'

2020-06-08 13:18:45 - [MESSAGE][PASSED] - Attribute 'value' of object 'Object Repository/Objects.HighlightElements/input_field_index' is: 'e'

2020-06-08 13:18:45 - [TEST_STEP][PASSED] - ToolTipErr = getAttribute(NewFieldNm, "data-errorqtip"): Attribute 'data-errorqtip' of object 'Object Repository/Objects.HighlightElements/input_field_index' is: '<ul class="x-list-plain"><li>The value in this field is invalid</li><li>e is not a valid number</li></ul>'

2020-06-08 13:18:45 - [MESSAGE][PASSED] - Attribute 'data-errorqtip' of object 'Object Repository/Objects.HighlightElements/input_field_index' is: '<ul class="x-list-plain"><li>The value in this field is invalid</li><li>e is not a valid number</li></ul>'

2020-06-08 13:18:45 - [TEST_STEP][PASSED] - TotalLength = ToolTipErr.length(): null

2020-06-08 13:18:45 - [TEST_STEP][PASSED] - Get1stErr = ToolTipErr.substring(0, 63): null

2020-06-08 13:18:45 - [TEST_STEP][PASSED] - GetLen = Get1stErr.length(): null

2020-06-08 13:18:45 - [TEST_STEP][PASSED] - FirstErrMsg = Get1stErr.substring(29, GetLen): null

2020-06-08 13:18:45 - [TEST_STEP][PASSED] - Get2ndErr = ToolTipErr.substring(GetLen, TotalLength): null

2020-06-08 13:18:45 - [TEST_STEP][PASSED] - SecondErrLen = Get2ndErr.length() - 10: null

2020-06-08 13:18:45 - [TEST_STEP][PASSED] - SecondErrMsg = Get2ndErr.substring(9, SecondErrLen): null

2020-06-08 13:18:45 - [TEST_STEP][PASSED] - ActualErrMsg = concatenate(FirstErrMsg, " ", SecondErrMsg): Concatenated string array: '['The value in this field is invalid',' ','e is not a valid number']' into 'The value in this field is invalid e is not a valid number'

2020-06-08 13:18:45 - [MESSAGE][PASSED] - Concatenated string array: '['The value in this field is invalid',' ','e is not a valid number']' into 'The value in this field is invalid e is not a valid number'

2020-06-08 13:18:45 - [TEST_STEP][PASSED] - ExpectedErrMsg = concatenate("The value in this field is invalid", " ", GetValue, " ", "is not a valid number"): Concatenated string array: '['The value in this field is invalid',' ','e',' ','is not a valid number']' into 'The value in this field is invalid e is not a valid number'

2020-06-08 13:18:45 - [MESSAGE][PASSED] - Concatenated string array: '['The value in this field is invalid',' ','e',' ','is not a valid number']' into 'The value in this field is invalid e is not a valid number'

2020-06-08 13:18:45 - [TEST_STEP][PASSED] - verifyMatch(ActualErrMsg, ExpectedErrMsg, true): Actual text 'The value in this field is invalid e is not a valid number' and expected text 'The value in this field is invalid e is not a valid number' are matched  using regular expression

2020-06-08 13:18:45 - [MESSAGE][PASSED] - Actual text 'The value in this field is invalid e is not a valid number' and expected text 'The value in this field is invalid e is not a valid number' are matched  using regular expression

2020-06-08 13:18:45 - [MESSAGE][PASSED] - Call Test Case 'Test Cases/PFI Precision and Scale/PFI Components with Indexing/InvalidNumericErrorIndex' successfully

2020-06-08 13:18:45 - [TEST_STEP][PASSED] - callTestCase(findTestCase("PFI Precision and Scale/PFI Components with Indexing/NegativeIntegersErrorIndex"), ["FldNm":"noOfDays", "index":3, "itr":10], STOP_ON_FAILURE): Call Test Case 'Test Cases/PFI Precision and Scale/PFI Components with Indexing/NegativeIntegersErrorIndex' successfully

2020-06-08 13:18:45 - [TEST_CASE][PASSED] - Test Cases/PFI Precision and Scale/PFI Components with Indexing/NegativeIntegersErrorIndex: Test Cases/PFI Precision and Scale/PFI Components with Indexing/NegativeIntegersErrorIndex

2020-06-08 13:18:45 - [TEST_STEP][PASSED] - Thread.sleep(1000): null

2020-06-08 13:18:46 - [TEST_STEP][PASSED] - NewInputNmField = modifyObjectProperty(findTestObject("Object Repository/Objects.HighlightElements/input_field_index"), "xpath", "equals", "(//*[contains(@class,'x-form-text') and (@name='" + FldNm + "')])[" + index + "]", true): Modify property of object successfully

2020-06-08 13:18:46 - [MESSAGE][PASSED] - Modify property of object successfully

2020-06-08 13:18:46 - [TEST_STEP][PASSED] - setText(NewInputNmField, "0"): Text '0' is set on object 'Object Repository/Objects.HighlightElements/input_field_index'

2020-06-08 13:18:46 - [MESSAGE][PASSED] - Text '0' is set on object 'Object Repository/Objects.HighlightElements/input_field_index'

2020-06-08 13:18:46 - [TEST_STEP][PASSED] - for ([i = 0, i <= itr, (i++)]): Keys 'DOWN + ' sent to object: 'Object Repository/Objects.HighlightElements/input_field_index'

2020-06-08 13:18:46 - [TEST_STEP][PASSED] - sendKeys(NewInputNmField, Keys.chord(ARROW_DOWN)): Keys 'DOWN + ' sent to object: 'Object Repository/Objects.HighlightElements/input_field_index'

2020-06-08 13:18:47 - [MESSAGE][PASSED] - Keys 'DOWN + ' sent to object: 'Object Repository/Objects.HighlightElements/input_field_index'

2020-06-08 13:18:47 - [TEST_STEP][PASSED] - sendKeys(NewInputNmField, Keys.chord(ARROW_DOWN)): Keys 'DOWN + ' sent to object: 'Object Repository/Objects.HighlightElements/input_field_index'

2020-06-08 13:18:47 - [MESSAGE][PASSED] - Keys 'DOWN + ' sent to object: 'Object Repository/Objects.HighlightElements/input_field_index'

2020-06-08 13:18:47 - [TEST_STEP][PASSED] - sendKeys(NewInputNmField, Keys.chord(ARROW_DOWN)): Keys 'DOWN + ' sent to object: 'Object Repository/Objects.HighlightElements/input_field_index'

2020-06-08 13:18:47 - [MESSAGE][PASSED] - Keys 'DOWN + ' sent to object: 'Object Repository/Objects.HighlightElements/input_field_index'

2020-06-08 13:18:47 - [TEST_STEP][PASSED] - sendKeys(NewInputNmField, Keys.chord(ARROW_DOWN)): Keys 'DOWN + ' sent to object: 'Object Repository/Objects.HighlightElements/input_field_index'

2020-06-08 13:18:47 - [MESSAGE][PASSED] - Keys 'DOWN + ' sent to object: 'Object Repository/Objects.HighlightElements/input_field_index'

2020-06-08 13:18:47 - [TEST_STEP][PASSED] - sendKeys(NewInputNmField, Keys.chord(ARROW_DOWN)): Keys 'DOWN + ' sent to object: 'Object Repository/Objects.HighlightElements/input_field_index'

2020-06-08 13:18:47 - [MESSAGE][PASSED] - Keys 'DOWN + ' sent to object: 'Object Repository/Objects.HighlightElements/input_field_index'

2020-06-08 13:18:47 - [TEST_STEP][PASSED] - sendKeys(NewInputNmField, Keys.chord(ARROW_DOWN)): Keys 'DOWN + ' sent to object: 'Object Repository/Objects.HighlightElements/input_field_index'

2020-06-08 13:18:47 - [MESSAGE][PASSED] - Keys 'DOWN + ' sent to object: 'Object Repository/Objects.HighlightElements/input_field_index'

2020-06-08 13:18:47 - [TEST_STEP][PASSED] - sendKeys(NewInputNmField, Keys.chord(ARROW_DOWN)): Keys 'DOWN + ' sent to object: 'Object Repository/Objects.HighlightElements/input_field_index'

2020-06-08 13:18:47 - [MESSAGE][PASSED] - Keys 'DOWN + ' sent to object: 'Object Repository/Objects.HighlightElements/input_field_index'

2020-06-08 13:18:47 - [TEST_STEP][PASSED] - sendKeys(NewInputNmField, Keys.chord(ARROW_DOWN)): Keys 'DOWN + ' sent to object: 'Object Repository/Objects.HighlightElements/input_field_index'

2020-06-08 13:18:47 - [MESSAGE][PASSED] - Keys 'DOWN + ' sent to object: 'Object Repository/Objects.HighlightElements/input_field_index'

2020-06-08 13:18:47 - [TEST_STEP][PASSED] - sendKeys(NewInputNmField, Keys.chord(ARROW_DOWN)): Keys 'DOWN + ' sent to object: 'Object Repository/Objects.HighlightElements/input_field_index'

2020-06-08 13:18:47 - [MESSAGE][PASSED] - Keys 'DOWN + ' sent to object: 'Object Repository/Objects.HighlightElements/input_field_index'

2020-06-08 13:18:47 - [TEST_STEP][PASSED] - sendKeys(NewInputNmField, Keys.chord(ARROW_DOWN)): Keys 'DOWN + ' sent to object: 'Object Repository/Objects.HighlightElements/input_field_index'

2020-06-08 13:18:47 - [MESSAGE][PASSED] - Keys 'DOWN + ' sent to object: 'Object Repository/Objects.HighlightElements/input_field_index'

2020-06-08 13:18:47 - [TEST_STEP][PASSED] - sendKeys(NewInputNmField, Keys.chord(ARROW_DOWN)): Keys 'DOWN + ' sent to object: 'Object Repository/Objects.HighlightElements/input_field_index'

2020-06-08 13:18:47 - [MESSAGE][PASSED] - Keys 'DOWN + ' sent to object: 'Object Repository/Objects.HighlightElements/input_field_index'

2020-06-08 13:18:47 - [TEST_STEP][PASSED] - mouseOver(NewInputNmField): Object: 'Object Repository/Objects.HighlightElements/input_field_index' is hovered

2020-06-08 13:18:47 - [MESSAGE][PASSED] - Object: 'Object Repository/Objects.HighlightElements/input_field_index' is hovered

2020-06-08 13:18:47 - [TEST_STEP][PASSED] - ToolTipErr = getAttribute(NewInputNmField, "data-errorqtip"): Attribute 'data-errorqtip' of object 'Object Repository/Objects.HighlightElements/input_field_index' is: '<ul class="x-list-plain"><li>The value in this field is invalid</li></ul>'

2020-06-08 13:18:47 - [MESSAGE][PASSED] - Attribute 'data-errorqtip' of object 'Object Repository/Objects.HighlightElements/input_field_index' is: '<ul class="x-list-plain"><li>The value in this field is invalid</li></ul>'

2020-06-08 13:18:47 - [TEST_STEP][PASSED] - TotalLength = ToolTipErr.length() - 10: null

2020-06-08 13:18:47 - [TEST_STEP][PASSED] - ActualErrMsg = ToolTipErr.substring(29, TotalLength): null

2020-06-08 13:18:47 - [TEST_STEP][PASSED] - verifyMatch(ActualErrMsg, "The value in this field is invalid", true): Actual text 'The value in this field is invalid' and expected text 'The value in this field is invalid' are matched  using regular expression

2020-06-08 13:18:47 - [MESSAGE][PASSED] - Actual text 'The value in this field is invalid' and expected text 'The value in this field is invalid' are matched  using regular expression

2020-06-08 13:18:47 - [MESSAGE][PASSED] - Call Test Case 'Test Cases/PFI Precision and Scale/PFI Components with Indexing/NegativeIntegersErrorIndex' successfully

2020-06-08 13:18:47 - [TEST_STEP][PASSED] - callTestCase(findTestCase("PFI Precision and Scale/PFI Components with Indexing/NumericTextboxValidationIndex"), ["nameToBeUsed":"noOfDays", "index":3, "minLen":10], STOP_ON_FAILURE): Call Test Case 'Test Cases/PFI Precision and Scale/PFI Components with Indexing/NumericTextboxValidationIndex' successfully

2020-06-08 13:18:47 - [TEST_CASE][PASSED] - Test Cases/PFI Precision and Scale/PFI Components with Indexing/NumericTextboxValidationIndex: Test Cases/PFI Precision and Scale/PFI Components with Indexing/NumericTextboxValidationIndex

2020-06-08 13:18:48 - [TEST_STEP][PASSED] - Thread.sleep(1000): null

2020-06-08 13:18:49 - [TEST_STEP][PASSED] - Numeric = "0123456789": null

2020-06-08 13:18:49 - [TEST_STEP][PASSED] - AlphaSpecialChar = z) + "`~!@#$%^&*()=_{}|\][;'":,?><"".join(): null

2020-06-08 13:18:49 - [TEST_STEP][PASSED] - RandomNumeric = RandomStringUtils.random(minLen, Numeric.toCharArray()): null

2020-06-08 13:18:49 - [TEST_STEP][PASSED] - RandomString = RandomStringUtils.random(minLen, AlphaSpecialChar): null

2020-06-08 13:18:49 - [TEST_STEP][PASSED] - regexPat = Pattern.compile("^[0-9]+$"): null

2020-06-08 13:18:49 - [TEST_STEP][PASSED] - NewInputNmField = modifyObjectProperty(findTestObject("Object Repository/Objects.HighlightElements/input_field_index"), "xpath", "equals", "(//*[contains(@class,'x-form-text') and (@name='" + nameToBeUsed + "')])[" + index + "]", true): Modify property of object successfully

2020-06-08 13:18:49 - [MESSAGE][PASSED] - Modify property of object successfully

2020-06-08 13:18:49 - [TEST_STEP][PASSED] - focus(NewInputNmField): Object: 'Object Repository/Objects.HighlightElements/input_field_index' is focused

2020-06-08 13:18:49 - [MESSAGE][PASSED] - Object: 'Object Repository/Objects.HighlightElements/input_field_index' is focused

2020-06-08 13:18:49 - [TEST_STEP][PASSED] - setText(NewInputNmField, RandomString): Text 'NfIW)wp\=J' is set on object 'Object Repository/Objects.HighlightElements/input_field_index'

2020-06-08 13:18:49 - [MESSAGE][PASSED] - Text 'NfIW)wp\=J' is set on object 'Object Repository/Objects.HighlightElements/input_field_index'

2020-06-08 13:18:49 - [TEST_STEP][PASSED] - GetInputVal = getAttribute(NewInputNmField, "value"): Attribute 'value' of object 'Object Repository/Objects.HighlightElements/input_field_index' is: ''

2020-06-08 13:18:49 - [MESSAGE][PASSED] - Attribute 'value' of object 'Object Repository/Objects.HighlightElements/input_field_index' is: ''

2020-06-08 13:18:49 - [TEST_STEP][PASSED] - if (GetInputVal.contains("e")): null

2020-06-08 13:18:49 - [TEST_STEP][PASSED] - else: Actual text '' and expected text '' are matched  using regular expression

2020-06-08 13:18:49 - [TEST_STEP][PASSED] - verifyMatch(GetInputVal, "", true): Actual text '' and expected text '' are matched  using regular expression

2020-06-08 13:18:49 - [MESSAGE][PASSED] - Actual text '' and expected text '' are matched  using regular expression

2020-06-08 13:18:49 - [TEST_STEP][PASSED] - setText(NewInputNmField, RandomNumeric): Text '2359551442' is set on object 'Object Repository/Objects.HighlightElements/input_field_index'

2020-06-08 13:18:49 - [MESSAGE][PASSED] - Text '2359551442' is set on object 'Object Repository/Objects.HighlightElements/input_field_index'

2020-06-08 13:18:49 - [TEST_STEP][PASSED] - GetEnteredIntegers = getAttribute(NewInputNmField, "value"): Attribute 'value' of object 'Object Repository/Objects.HighlightElements/input_field_index' is: '2359'

2020-06-08 13:18:49 - [MESSAGE][PASSED] - Attribute 'value' of object 'Object Repository/Objects.HighlightElements/input_field_index' is: '2359'

2020-06-08 13:18:49 - [TEST_STEP][PASSED] - matchStr = regexPat.matcher(GetEnteredIntegers): null

2020-06-08 13:18:49 - [TEST_STEP][PASSED] - if (matchStr.matches() == true): Accepting Numeric

2020-06-08 13:18:49 - [TEST_STEP][PASSED] - comment("Accepting Numeric"): Accepting Numeric

2020-06-08 13:18:49 - [MESSAGE][INFO] - Accepting Numeric

2020-06-08 13:18:49 - [MESSAGE][PASSED] - Call Test Case 'Test Cases/PFI Precision and Scale/PFI Components with Indexing/NumericTextboxValidationIndex' successfully

2020-06-08 13:18:49 - [TEST_STEP][PASSED] - callTestCase(findTestCase("Components/HighlightInputIndexField"), ["InputName":"periodType", "index":2], STOP_ON_FAILURE): Call Test Case 'Test Cases/Components/HighlightInputIndexField' successfully

2020-06-08 13:18:49 - [TEST_CASE][PASSED] - Test Cases/Components/HighlightInputIndexField: Test Cases/Components/HighlightInputIndexField

2020-06-08 13:18:49 - [TEST_STEP][PASSED] - Thread.sleep(1000): null

2020-06-08 13:18:50 - [TEST_STEP][PASSED] - modifiedInputFld = modifyObjectProperty(findTestObject("Objects.HighlightElements/input_field_index"), "xpath", "equals", "(//*[contains(@class,'x-form-text') and (@name='" + InputName + "')])[" + index + "]", true): Modify property of object successfully

2020-06-08 13:18:50 - [MESSAGE][PASSED] - Modify property of object successfully

2020-06-08 13:18:50 - [TEST_STEP][PASSED] - com.reusableComponents.HighlightElement.run(modifiedInputFld): com.reusableComponents.HighlightElement.run is PASSED

2020-06-08 13:18:51 - [MESSAGE][PASSED] - com.reusableComponents.HighlightElement.run is PASSED

2020-06-08 13:18:51 - [MESSAGE][PASSED] - Call Test Case 'Test Cases/Components/HighlightInputIndexField' successfully

2020-06-08 13:18:51 - [TEST_STEP][PASSED] - callTestCase(findTestCase("PFI Precision and Scale/PFI Components with Indexing/VerifyDefaultValueIndex"), ["FieldNm":"periodType", "index":3], STOP_ON_FAILURE): Call Test Case 'Test Cases/PFI Precision and Scale/PFI Components with Indexing/VerifyDefaultValueIndex' successfully

2020-06-08 13:18:51 - [TEST_CASE][PASSED] - Test Cases/PFI Precision and Scale/PFI Components with Indexing/VerifyDefaultValueIndex: Test Cases/PFI Precision and Scale/PFI Components with Indexing/VerifyDefaultValueIndex

2020-06-08 13:18:51 - [TEST_STEP][PASSED] - Thread.sleep(1000): null

2020-06-08 13:18:52 - [TEST_STEP][PASSED] - DefaultValueHM = ["periodType":"Working Day(s)", "noOfDays":"14", "inspWeight":"1", "inspModule":"PSI", "inspCaseType":"PSI Processing (SM)"]: null

2020-06-08 13:18:52 - [TEST_STEP][PASSED] - NewFieldNm = modifyObjectProperty(findTestObject("Object Repository/Objects.HighlightElements/input_field_index"), "xpath", "equals", "(//*[contains(@name,'" + FieldNm + "')])[" + index + "]", true): Modify property of object successfully

2020-06-08 13:18:52 - [MESSAGE][PASSED] - Modify property of object successfully

2020-06-08 13:18:52 - [TEST_STEP][PASSED] - focus(NewFieldNm): Object: 'Object Repository/Objects.HighlightElements/input_field_index' is focused

2020-06-08 13:18:52 - [MESSAGE][PASSED] - Object: 'Object Repository/Objects.HighlightElements/input_field_index' is focused

2020-06-08 13:18:52 - [TEST_STEP][PASSED] - DefVal = getAttribute(NewFieldNm, "value", STOP_ON_FAILURE): Attribute 'value' of object 'Object Repository/Objects.HighlightElements/input_field_index' is: 'Working Day(s)'

2020-06-08 13:18:52 - [MESSAGE][PASSED] - Attribute 'value' of object 'Object Repository/Objects.HighlightElements/input_field_index' is: 'Working Day(s)'

2020-06-08 13:18:52 - [TEST_STEP][PASSED] - switch (FieldNm): null

2020-06-08 13:18:52 - [TEST_STEP][PASSED] - Default: null

2020-06-08 13:18:52 - [TEST_STEP][PASSED] - ExpectedDefVal = DefaultValueHM.get(FieldNm): null

2020-06-08 13:18:52 - [TEST_STEP][PASSED] - if (ExpectedDefVal != null): Actual text 'Working Day(s)' and expected text 'Working Day(s)' are matched 

2020-06-08 13:18:52 - [TEST_STEP][PASSED] - verifyMatch(DefVal, ExpectedDefVal, false): Actual text 'Working Day(s)' and expected text 'Working Day(s)' are matched 

2020-06-08 13:18:52 - [MESSAGE][PASSED] - Actual text 'Working Day(s)' and expected text 'Working Day(s)' are matched 

2020-06-08 13:18:52 - [TEST_STEP][PASSED] - break: null

2020-06-08 13:18:52 - [MESSAGE][PASSED] - Call Test Case 'Test Cases/PFI Precision and Scale/PFI Components with Indexing/VerifyDefaultValueIndex' successfully

2020-06-08 13:18:52 - [TEST_STEP][PASSED] - callTestCase(findTestCase("PFI Precision and Scale/PFI Components with Indexing/VerifyDropdownValuesIndex"), ["FldNm":"periodType", "index":3, "CallTCName":"PFI Precision and Scale/HashMap Tables/ConstantHashMap", "cmbNm":"PeriodType", ... ], STOP_ON_FAILURE): Call Test Case 'Test Cases/PFI Precision and Scale/PFI Components with Indexing/VerifyDropdownValuesIndex' successfully

2020-06-08 13:18:52 - [TEST_CASE][PASSED] - Test Cases/PFI Precision and Scale/PFI Components with Indexing/VerifyDropdownValuesIndex: Test Cases/PFI Precision and Scale/PFI Components with Indexing/VerifyDropdownValuesIndex

2020-06-08 13:18:52 - [TEST_STEP][PASSED] - Thread.sleep(1000): null

2020-06-08 13:18:53 - [TEST_STEP][PASSED] - NewInputNmField = modifyObjectProperty(findTestObject("Object Repository/Objects.HighlightElements/input_field_index"), "xpath", "equals", "(//*[contains(@class,'x-form-text') and (@name='" + FldNm + "')])[" + index + "]", true): Modify property of object successfully

2020-06-08 13:18:53 - [MESSAGE][PASSED] - Modify property of object successfully

2020-06-08 13:18:53 - [TEST_STEP][PASSED] - comboNm = cmbNm: null

2020-06-08 13:18:53 - [TEST_STEP][PASSED] - focus(NewInputNmField): Object: 'Object Repository/Objects.HighlightElements/input_field_index' is focused

2020-06-08 13:18:53 - [MESSAGE][PASSED] - Object: 'Object Repository/Objects.HighlightElements/input_field_index' is focused

2020-06-08 13:18:53 - [TEST_STEP][PASSED] - setText(NewInputNmField, EnterValue): Text '' is set on object 'Object Repository/Objects.HighlightElements/input_field_index'

2020-06-08 13:18:53 - [MESSAGE][PASSED] - Text '' is set on object 'Object Repository/Objects.HighlightElements/input_field_index'

2020-06-08 13:18:53 - [TEST_STEP][PASSED] - for ([i = 1, i <= NoOfVal, (i++)]): Keys 'DOWN + ' sent to object: 'Object Repository/Objects.HighlightElements/input_field_index'

2020-06-08 13:18:53 - [TEST_STEP][PASSED] - sendKeys(NewInputNmField, Keys.chord(ARROW_DOWN)): Keys 'DOWN + ' sent to object: 'Object Repository/Objects.HighlightElements/input_field_index'

2020-06-08 13:18:53 - [MESSAGE][PASSED] - Keys 'DOWN + ' sent to object: 'Object Repository/Objects.HighlightElements/input_field_index'

2020-06-08 13:18:53 - [TEST_STEP][PASSED] - delay(DelayTime): Delayed 2 second(s)

2020-06-08 13:18:55 - [MESSAGE][PASSED] - Delayed 2 second(s)

2020-06-08 13:18:55 - [TEST_STEP][PASSED] - sendKeys(NewInputNmField, Keys.chord(ENTER)): Keys 'ENTER + ' sent to object: 'Object Repository/Objects.HighlightElements/input_field_index'

2020-06-08 13:18:55 - [MESSAGE][PASSED] - Keys 'ENTER + ' sent to object: 'Object Repository/Objects.HighlightElements/input_field_index'

2020-06-08 13:18:55 - [TEST_STEP][PASSED] - ComboBoxValue = getAttribute(NewInputNmField, "value"): Attribute 'value' of object 'Object Repository/Objects.HighlightElements/input_field_index' is: 'Calendar Day(s)'

2020-06-08 13:18:55 - [MESSAGE][PASSED] - Attribute 'value' of object 'Object Repository/Objects.HighlightElements/input_field_index' is: 'Calendar Day(s)'

2020-06-08 13:18:55 - [TEST_STEP][PASSED] - callTestCase(findTestCase(CallTCName), ["FindValue":ComboBoxValue, "DropdownNm":comboNm], STOP_ON_FAILURE): Call Test Case 'Test Cases/PFI Precision and Scale/HashMap Tables/ConstantHashMap' successfully

2020-06-08 13:18:55 - [TEST_CASE][PASSED] - Test Cases/PFI Precision and Scale/HashMap Tables/ConstantHashMap: Test Cases/PFI Precision and Scale/HashMap Tables/ConstantHashMap

2020-06-08 13:18:56 - [TEST_STEP][PASSED] - ConstantTBL = [1:["PeriodType":"Working Day(s)"], 2:["PeriodType":"Calendar Day(s)"], 3:["PeriodType":"Month(s)"], 4:["TypeOfLetter":"T1"], ... ]: null

2020-06-08 13:18:56 - [TEST_STEP][PASSED] - switch (DropdownNm): null

2020-06-08 13:18:56 - [TEST_STEP][PASSED] - case "PeriodType":: null

2020-06-08 13:18:56 - [TEST_STEP][PASSED] - ValueFound = ConstantTBL.find({ -> ... }): null

2020-06-08 13:18:56 - [TEST_STEP][PASSED] - break: null

2020-06-08 13:18:56 - [MESSAGE][PASSED] - Call Test Case 'Test Cases/PFI Precision and Scale/HashMap Tables/ConstantHashMap' successfully

2020-06-08 13:18:56 - [TEST_STEP][PASSED] - println(ValueFound): null

2020-06-08 13:18:56 - [TEST_STEP][PASSED] - sendKeys(NewInputNmField, Keys.chord(ARROW_DOWN)): Keys 'DOWN + ' sent to object: 'Object Repository/Objects.HighlightElements/input_field_index'

2020-06-08 13:18:56 - [MESSAGE][PASSED] - Keys 'DOWN + ' sent to object: 'Object Repository/Objects.HighlightElements/input_field_index'

2020-06-08 13:18:56 - [TEST_STEP][PASSED] - sendKeys(NewInputNmField, Keys.chord(ARROW_DOWN)): Keys 'DOWN + ' sent to object: 'Object Repository/Objects.HighlightElements/input_field_index'

2020-06-08 13:18:56 - [MESSAGE][PASSED] - Keys 'DOWN + ' sent to object: 'Object Repository/Objects.HighlightElements/input_field_index'

2020-06-08 13:18:56 - [TEST_STEP][PASSED] - delay(DelayTime): Delayed 2 second(s)

2020-06-08 13:18:58 - [MESSAGE][PASSED] - Delayed 2 second(s)

2020-06-08 13:18:58 - [TEST_STEP][PASSED] - sendKeys(NewInputNmField, Keys.chord(ENTER)): Keys 'ENTER + ' sent to object: 'Object Repository/Objects.HighlightElements/input_field_index'

2020-06-08 13:18:58 - [MESSAGE][PASSED] - Keys 'ENTER + ' sent to object: 'Object Repository/Objects.HighlightElements/input_field_index'

2020-06-08 13:18:58 - [TEST_STEP][PASSED] - ComboBoxValue = getAttribute(NewInputNmField, "value"): Attribute 'value' of object 'Object Repository/Objects.HighlightElements/input_field_index' is: 'Month(s)'

2020-06-08 13:18:58 - [MESSAGE][PASSED] - Attribute 'value' of object 'Object Repository/Objects.HighlightElements/input_field_index' is: 'Month(s)'

2020-06-08 13:18:58 - [TEST_STEP][PASSED] - callTestCase(findTestCase(CallTCName), ["FindValue":ComboBoxValue, "DropdownNm":comboNm], STOP_ON_FAILURE): Call Test Case 'Test Cases/PFI Precision and Scale/HashMap Tables/ConstantHashMap' successfully

2020-06-08 13:18:58 - [TEST_CASE][PASSED] - Test Cases/PFI Precision and Scale/HashMap Tables/ConstantHashMap: Test Cases/PFI Precision and Scale/HashMap Tables/ConstantHashMap

2020-06-08 13:18:58 - [TEST_STEP][PASSED] - ConstantTBL = [1:["PeriodType":"Working Day(s)"], 2:["PeriodType":"Calendar Day(s)"], 3:["PeriodType":"Month(s)"], 4:["TypeOfLetter":"T1"], ... ]: null

2020-06-08 13:18:58 - [TEST_STEP][PASSED] - switch (DropdownNm): null

2020-06-08 13:18:58 - [TEST_STEP][PASSED] - case "PeriodType":: null

2020-06-08 13:18:58 - [TEST_STEP][PASSED] - ValueFound = ConstantTBL.find({ -> ... }): null

2020-06-08 13:18:58 - [TEST_STEP][PASSED] - break: null

2020-06-08 13:18:58 - [MESSAGE][PASSED] - Call Test Case 'Test Cases/PFI Precision and Scale/HashMap Tables/ConstantHashMap' successfully

2020-06-08 13:18:58 - [TEST_STEP][PASSED] - println(ValueFound): null

2020-06-08 13:18:58 - [TEST_STEP][PASSED] - sendKeys(NewInputNmField, Keys.chord(ARROW_DOWN)): Keys 'DOWN + ' sent to object: 'Object Repository/Objects.HighlightElements/input_field_index'

2020-06-08 13:18:58 - [MESSAGE][PASSED] - Keys 'DOWN + ' sent to object: 'Object Repository/Objects.HighlightElements/input_field_index'

2020-06-08 13:18:58 - [TEST_STEP][PASSED] - sendKeys(NewInputNmField, Keys.chord(ENTER)): Keys 'ENTER + ' sent to object: 'Object Repository/Objects.HighlightElements/input_field_index'

2020-06-08 13:18:58 - [MESSAGE][PASSED] - Keys 'ENTER + ' sent to object: 'Object Repository/Objects.HighlightElements/input_field_index'

2020-06-08 13:18:58 - [MESSAGE][PASSED] - Call Test Case 'Test Cases/PFI Precision and Scale/PFI Components with Indexing/VerifyDropdownValuesIndex' successfully

2020-06-08 13:18:58 - [TEST_STEP][PASSED] - callTestCase(findTestCase("Components/ClickRadioButtonII"), ["lblNm":"on", "index":6], STOP_ON_FAILURE): Call Test Case 'Test Cases/Components/ClickRadioButtonII' successfully

2020-06-08 13:18:58 - [TEST_CASE][PASSED] - Test Cases/Components/ClickRadioButtonII: Test Cases/Components/ClickRadioButtonII

2020-06-08 13:18:58 - [TEST_STEP][PASSED] - Thread.sleep(1000): null

2020-06-08 13:18:59 - [TEST_STEP][PASSED] - modifiedRadioButton = modifyObjectProperty(findTestObject("Objects.ClickRadioButton/DynamicRadioButton"), "xpath", "equals", "(//*[contains(@class,'x-form-cb-label-default') and text()='" + lblNm + "'])[" + index + "]", true): Modify property of object successfully

2020-06-08 13:18:59 - [MESSAGE][PASSED] - Modify property of object successfully

2020-06-08 13:18:59 - [TEST_STEP][PASSED] - com.reusableComponents.HighlightElement.run(modifiedRadioButton): com.reusableComponents.HighlightElement.run is PASSED

2020-06-08 13:19:00 - [MESSAGE][PASSED] - com.reusableComponents.HighlightElement.run is PASSED

2020-06-08 13:19:00 - [TEST_STEP][PASSED] - click(modifiedRadioButton): Object: 'Object Repository/Objects.ClickRadioButton/DynamicRadioButton' is clicked on

2020-06-08 13:19:02 - [MESSAGE][PASSED] - Object: 'Object Repository/Objects.ClickRadioButton/DynamicRadioButton' is clicked on

2020-06-08 13:19:02 - [MESSAGE][PASSED] - Call Test Case 'Test Cases/Components/ClickRadioButtonII' successfully

2020-06-08 13:19:02 - [TEST_STEP][PASSED] - callTestCase(findTestCase("Components/HighlightInputIndexField"), ["InputName":"expiryDate", "index":7], STOP_ON_FAILURE): Call Test Case 'Test Cases/Components/HighlightInputIndexField' successfully

2020-06-08 13:19:02 - [TEST_CASE][PASSED] - Test Cases/Components/HighlightInputIndexField: Test Cases/Components/HighlightInputIndexField

2020-06-08 13:19:02 - [TEST_STEP][PASSED] - Thread.sleep(1000): null

2020-06-08 13:19:03 - [TEST_STEP][PASSED] - modifiedInputFld = modifyObjectProperty(findTestObject("Objects.HighlightElements/input_field_index"), "xpath", "equals", "(//*[contains(@class,'x-form-text') and (@name='" + InputName + "')])[" + index + "]", true): Modify property of object successfully

2020-06-08 13:19:03 - [MESSAGE][PASSED] - Modify property of object successfully

2020-06-08 13:19:03 - [TEST_STEP][PASSED] - com.reusableComponents.HighlightElement.run(modifiedInputFld): com.reusableComponents.HighlightElement.run is PASSED

2020-06-08 13:19:04 - [MESSAGE][PASSED] - com.reusableComponents.HighlightElement.run is PASSED

2020-06-08 13:19:04 - [MESSAGE][PASSED] - Call Test Case 'Test Cases/Components/HighlightInputIndexField' successfully

2020-06-08 13:19:04 - [TEST_STEP][PASSED] - callTestCase(findTestCase("PFI Precision and Scale/PFI Components with Indexing/VerifyDefaultValueIndex"), ["FieldNm":"expiryDate", "index":9], STOP_ON_FAILURE): Call Test Case 'Test Cases/PFI Precision and Scale/PFI Components with Indexing/VerifyDefaultValueIndex' successfully

2020-06-08 13:19:04 - [TEST_CASE][PASSED] - Test Cases/PFI Precision and Scale/PFI Components with Indexing/VerifyDefaultValueIndex: Test Cases/PFI Precision and Scale/PFI Components with Indexing/VerifyDefaultValueIndex

2020-06-08 13:19:04 - [TEST_STEP][PASSED] - Thread.sleep(1000): null

2020-06-08 13:19:05 - [TEST_STEP][PASSED] - DefaultValueHM = ["periodType":"Working Day(s)", "noOfDays":"14", "inspWeight":"1", "inspModule":"PSI", "inspCaseType":"PSI Processing (SM)"]: null

2020-06-08 13:19:05 - [TEST_STEP][PASSED] - NewFieldNm = modifyObjectProperty(findTestObject("Object Repository/Objects.HighlightElements/input_field_index"), "xpath", "equals", "(//*[contains(@name,'" + FieldNm + "')])[" + index + "]", true): Modify property of object successfully

2020-06-08 13:19:05 - [MESSAGE][PASSED] - Modify property of object successfully

2020-06-08 13:19:05 - [TEST_STEP][PASSED] - focus(NewFieldNm): Object: 'Object Repository/Objects.HighlightElements/input_field_index' is focused

2020-06-08 13:19:05 - [MESSAGE][PASSED] - Object: 'Object Repository/Objects.HighlightElements/input_field_index' is focused

2020-06-08 13:19:05 - [TEST_STEP][PASSED] - DefVal = getAttribute(NewFieldNm, "value", STOP_ON_FAILURE): Attribute 'value' of object 'Object Repository/Objects.HighlightElements/input_field_index' is: ''

2020-06-08 13:19:05 - [MESSAGE][PASSED] - Attribute 'value' of object 'Object Repository/Objects.HighlightElements/input_field_index' is: ''

2020-06-08 13:19:05 - [TEST_STEP][PASSED] - switch (FieldNm): null

2020-06-08 13:19:05 - [TEST_STEP][PASSED] - Default: null

2020-06-08 13:19:05 - [TEST_STEP][PASSED] - ExpectedDefVal = DefaultValueHM.get(FieldNm): null

2020-06-08 13:19:05 - [TEST_STEP][PASSED] - if (ExpectedDefVal != null): null

2020-06-08 13:19:05 - [TEST_STEP][PASSED] - else: Actual text '' and expected text '' are matched  using regular expression

2020-06-08 13:19:05 - [TEST_STEP][PASSED] - verifyMatch(DefVal, "", true): Actual text '' and expected text '' are matched  using regular expression

2020-06-08 13:19:05 - [MESSAGE][PASSED] - Actual text '' and expected text '' are matched  using regular expression

2020-06-08 13:19:05 - [TEST_STEP][PASSED] - break: null

2020-06-08 13:19:05 - [MESSAGE][PASSED] - Call Test Case 'Test Cases/PFI Precision and Scale/PFI Components with Indexing/VerifyDefaultValueIndex' successfully

2020-06-08 13:19:05 - [TEST_STEP][PASSED] - callTestCase(findTestCase("PFI Precision and Scale/PFI Components with Indexing/NumericTextboxValidationIndex"), ["nameToBeUsed":"expiryDate", "minLen":7, "index":7], STOP_ON_FAILURE): Call Test Case 'Test Cases/PFI Precision and Scale/PFI Components with Indexing/NumericTextboxValidationIndex' successfully

2020-06-08 13:19:05 - [TEST_CASE][PASSED] - Test Cases/PFI Precision and Scale/PFI Components with Indexing/NumericTextboxValidationIndex: Test Cases/PFI Precision and Scale/PFI Components with Indexing/NumericTextboxValidationIndex

2020-06-08 13:19:05 - [TEST_STEP][PASSED] - Thread.sleep(1000): null

2020-06-08 13:19:06 - [TEST_STEP][PASSED] - Numeric = "0123456789": null

2020-06-08 13:19:06 - [TEST_STEP][PASSED] - AlphaSpecialChar = z) + "`~!@#$%^&*()=_{}|\][;'":,?><"".join(): null

2020-06-08 13:19:06 - [TEST_STEP][PASSED] - RandomNumeric = RandomStringUtils.random(minLen, Numeric.toCharArray()): null

2020-06-08 13:19:06 - [TEST_STEP][PASSED] - RandomString = RandomStringUtils.random(minLen, AlphaSpecialChar): null

2020-06-08 13:19:06 - [TEST_STEP][PASSED] - regexPat = Pattern.compile("^[0-9]+$"): null

2020-06-08 13:19:06 - [TEST_STEP][PASSED] - NewInputNmField = modifyObjectProperty(findTestObject("Object Repository/Objects.HighlightElements/input_field_index"), "xpath", "equals", "(//*[contains(@class,'x-form-text') and (@name='" + nameToBeUsed + "')])[" + index + "]", true): Modify property of object successfully

2020-06-08 13:19:06 - [MESSAGE][PASSED] - Modify property of object successfully

2020-06-08 13:19:06 - [TEST_STEP][PASSED] - focus(NewInputNmField): Object: 'Object Repository/Objects.HighlightElements/input_field_index' is focused

2020-06-08 13:19:06 - [MESSAGE][PASSED] - Object: 'Object Repository/Objects.HighlightElements/input_field_index' is focused

2020-06-08 13:19:06 - [TEST_STEP][PASSED] - setText(NewInputNmField, RandomString): Text 'X_<BhcV' is set on object 'Object Repository/Objects.HighlightElements/input_field_index'

2020-06-08 13:19:06 - [MESSAGE][PASSED] - Text 'X_<BhcV' is set on object 'Object Repository/Objects.HighlightElements/input_field_index'

2020-06-08 13:19:06 - [TEST_STEP][PASSED] - GetInputVal = getAttribute(NewInputNmField, "value"): Attribute 'value' of object 'Object Repository/Objects.HighlightElements/input_field_index' is: ''

2020-06-08 13:19:06 - [MESSAGE][PASSED] - Attribute 'value' of object 'Object Repository/Objects.HighlightElements/input_field_index' is: ''

2020-06-08 13:19:06 - [TEST_STEP][PASSED] - if (GetInputVal.contains("e")): null

2020-06-08 13:19:06 - [TEST_STEP][PASSED] - else: Actual text '' and expected text '' are matched  using regular expression

2020-06-08 13:19:06 - [TEST_STEP][PASSED] - verifyMatch(GetInputVal, "", true): Actual text '' and expected text '' are matched  using regular expression

2020-06-08 13:19:06 - [MESSAGE][PASSED] - Actual text '' and expected text '' are matched  using regular expression

2020-06-08 13:19:06 - [TEST_STEP][PASSED] - setText(NewInputNmField, RandomNumeric): Text '6155099' is set on object 'Object Repository/Objects.HighlightElements/input_field_index'

2020-06-08 13:19:06 - [MESSAGE][PASSED] - Text '6155099' is set on object 'Object Repository/Objects.HighlightElements/input_field_index'

2020-06-08 13:19:06 - [TEST_STEP][PASSED] - GetEnteredIntegers = getAttribute(NewInputNmField, "value"): Attribute 'value' of object 'Object Repository/Objects.HighlightElements/input_field_index' is: '6155099'

2020-06-08 13:19:07 - [MESSAGE][PASSED] - Attribute 'value' of object 'Object Repository/Objects.HighlightElements/input_field_index' is: '6155099'

2020-06-08 13:19:07 - [TEST_STEP][PASSED] - matchStr = regexPat.matcher(GetEnteredIntegers): null

2020-06-08 13:19:07 - [TEST_STEP][PASSED] - if (matchStr.matches() == true): Accepting Numeric

2020-06-08 13:19:07 - [TEST_STEP][PASSED] - comment("Accepting Numeric"): Accepting Numeric

2020-06-08 13:19:07 - [MESSAGE][INFO] - Accepting Numeric

2020-06-08 13:19:07 - [MESSAGE][PASSED] - Call Test Case 'Test Cases/PFI Precision and Scale/PFI Components with Indexing/NumericTextboxValidationIndex' successfully

2020-06-08 13:19:07 - [TEST_STEP][PASSED] - callTestCase(findTestCase("PFI Precision and Scale/PFI Components with Indexing/InvalidDateErrorValidationIndex"), ["FldNm":"expiryDate", "index":7], STOP_ON_FAILURE): Call Test Case 'Test Cases/PFI Precision and Scale/PFI Components with Indexing/InvalidDateErrorValidationIndex' successfully

2020-06-08 13:19:07 - [TEST_CASE][PASSED] - Test Cases/PFI Precision and Scale/PFI Components with Indexing/InvalidDateErrorValidationIndex: Test Cases/PFI Precision and Scale/PFI Components with Indexing/InvalidDateErrorValidationIndex

2020-06-08 13:19:07 - [TEST_STEP][PASSED] - Thread.sleep(1000): null

2020-06-08 13:19:08 - [TEST_STEP][PASSED] - DateFieldNm = modifyObjectProperty(findTestObject("Object Repository/Objects.HighlightElements/input_field_index"), "xpath", "equals", "(//*[contains(@class,'x-form-text') and (@name='" + FldNm + "')])[" + index + "]", true): Modify property of object successfully

2020-06-08 13:19:08 - [MESSAGE][PASSED] - Modify property of object successfully

2020-06-08 13:19:08 - [TEST_STEP][PASSED] - focus(DateFieldNm): Object: 'Object Repository/Objects.HighlightElements/input_field_index' is focused

2020-06-08 13:19:08 - [MESSAGE][PASSED] - Object: 'Object Repository/Objects.HighlightElements/input_field_index' is focused

2020-06-08 13:19:08 - [TEST_STEP][PASSED] - getInputInvalidDate = getAttribute(DateFieldNm, "value"): Attribute 'value' of object 'Object Repository/Objects.HighlightElements/input_field_index' is: '6155099'

2020-06-08 13:19:08 - [MESSAGE][PASSED] - Attribute 'value' of object 'Object Repository/Objects.HighlightElements/input_field_index' is: '6155099'

2020-06-08 13:19:08 - [TEST_STEP][PASSED] - mouseOver(DateFieldNm): Object: 'Object Repository/Objects.HighlightElements/input_field_index' is hovered

2020-06-08 13:19:08 - [MESSAGE][PASSED] - Object: 'Object Repository/Objects.HighlightElements/input_field_index' is hovered

2020-06-08 13:19:08 - [TEST_STEP][PASSED] - getErrMsg = getAttribute(DateFieldNm, "data-errorqtip"): Attribute 'data-errorqtip' of object 'Object Repository/Objects.HighlightElements/input_field_index' is: '<ul class="x-list-plain"><li>6155099 is not a valid date - it must be in the format d/m/Y</li></ul>'

2020-06-08 13:19:08 - [MESSAGE][PASSED] - Attribute 'data-errorqtip' of object 'Object Repository/Objects.HighlightElements/input_field_index' is: '<ul class="x-list-plain"><li>6155099 is not a valid date - it must be in the format d/m/Y</li></ul>'

2020-06-08 13:19:08 - [TEST_STEP][PASSED] - getTotalLength = getErrMsg.length(): null

2020-06-08 13:19:08 - [TEST_STEP][PASSED] - RemoveULClass = getErrMsg.substring(29, getTotalLength): null

2020-06-08 13:19:08 - [TEST_STEP][PASSED] - LengthNoUlClass = RemoveULClass.length() - 10: null

2020-06-08 13:19:08 - [TEST_STEP][PASSED] - ToolTipInvErrMsg = RemoveULClass.substring(0, LengthNoUlClass): null

2020-06-08 13:19:08 - [TEST_STEP][PASSED] - ExpectedInvalidErrMsg = concatenate(getInputInvalidDate, " ", NotValidDt): Concatenated string array: '['6155099',' ','is not a valid date - it must be in the format d/m/Y']' into '6155099 is not a valid date - it must be in the format d/m/Y'

2020-06-08 13:19:08 - [MESSAGE][PASSED] - Concatenated string array: '['6155099',' ','is not a valid date - it must be in the format d/m/Y']' into '6155099 is not a valid date - it must be in the format d/m/Y'

2020-06-08 13:19:08 - [TEST_STEP][PASSED] - verifyMatch(ToolTipInvErrMsg, ExpectedInvalidErrMsg, true): Actual text '6155099 is not a valid date - it must be in the format d/m/Y' and expected text '6155099 is not a valid date - it must be in the format d/m/Y' are matched  using regular expression

2020-06-08 13:19:08 - [MESSAGE][PASSED] - Actual text '6155099 is not a valid date - it must be in the format d/m/Y' and expected text '6155099 is not a valid date - it must be in the format d/m/Y' are matched  using regular expression

2020-06-08 13:19:08 - [MESSAGE][PASSED] - Call Test Case 'Test Cases/PFI Precision and Scale/PFI Components with Indexing/InvalidDateErrorValidationIndex' successfully

2020-06-08 13:19:08 - [TEST_STEP][PASSED] - callTestCase(findTestCase("PFI Precision and Scale/PFI Components with Indexing/SelectDayInDatePickerWithIndexII"), ["FldNm":"expiryDate", "SelectCurrentDay":20, "index":1, "idx":7], STOP_ON_FAILURE): Call Test Case 'Test Cases/PFI Precision and Scale/PFI Components with Indexing/SelectDayInDatePickerWithIndexII' successfully

2020-06-08 13:19:08 - [TEST_CASE][PASSED] - Test Cases/PFI Precision and Scale/PFI Components with Indexing/SelectDayInDatePickerWithIndexII: Test Cases/PFI Precision and Scale/PFI Components with Indexing/SelectDayInDatePickerWithIndexII

2020-06-08 13:19:08 - [TEST_STEP][PASSED] - Thread.sleep(1000): null

2020-06-08 13:19:09 - [TEST_STEP][PASSED] - DateInputFld = modifyObjectProperty(findTestObject("Objects.HighlightElements/input_field_index"), "xpath", "equals", "(//*[contains(@class,'x-form-text') and (@name='" + FldNm + "')])[" + idx + "]", true): Modify property of object successfully

2020-06-08 13:19:09 - [MESSAGE][PASSED] - Modify property of object successfully

2020-06-08 13:19:09 - [TEST_STEP][PASSED] - ModifiedDay = modifyObjectProperty(findTestObject("Objects.DateValidation/Page_ISPS2/Select_Day_Index"), "xpath", "equals", "(//*[contains(@class, 'x-datepicker-date') and (text() = '" + SelectCurrentDay + "')])[" + index + "]", true): Modify property of object successfully

2020-06-08 13:19:09 - [MESSAGE][PASSED] - Modify property of object successfully

2020-06-08 13:19:09 - [TEST_STEP][PASSED] - sendKeys(DateInputFld, Keys.chord(ARROW_DOWN)): Keys 'DOWN + ' sent to object: 'Object Repository/Objects.HighlightElements/input_field_index'

2020-06-08 13:19:10 - [MESSAGE][PASSED] - Keys 'DOWN + ' sent to object: 'Object Repository/Objects.HighlightElements/input_field_index'

2020-06-08 13:19:10 - [TEST_STEP][PASSED] - com.reusableComponents.HighlightElement.run(ModifiedDay): com.reusableComponents.HighlightElement.run is PASSED

2020-06-08 13:19:10 - [MESSAGE][PASSED] - com.reusableComponents.HighlightElement.run is PASSED

2020-06-08 13:19:10 - [TEST_STEP][PASSED] - delay(1): Delayed 1 second(s)

2020-06-08 13:19:11 - [MESSAGE][PASSED] - Delayed 1 second(s)

2020-06-08 13:19:11 - [TEST_STEP][PASSED] - click(ModifiedDay): Object: 'Object Repository/Objects.DateValidation/Page_ISPS2/Select_Day_Index' is clicked on

2020-06-08 13:19:11 - [MESSAGE][PASSED] - Object: 'Object Repository/Objects.DateValidation/Page_ISPS2/Select_Day_Index' is clicked on

2020-06-08 13:19:11 - [TEST_STEP][PASSED] - GetError = getAttribute(DateInputFld, "data-errorqtip"): Attribute 'data-errorqtip' of object 'Object Repository/Objects.HighlightElements/input_field_index' is: ''

2020-06-08 13:19:11 - [MESSAGE][PASSED] - Attribute 'data-errorqtip' of object 'Object Repository/Objects.HighlightElements/input_field_index' is: ''

2020-06-08 13:19:11 - [TEST_STEP][PASSED] - if (GetError == ""): null

2020-06-08 13:19:11 - [TEST_STEP][PASSED] - GetEnteredDate = getAttribute(DateInputFld, "value"): Attribute 'value' of object 'Object Repository/Objects.HighlightElements/input_field_index' is: '20/06/2020'

2020-06-08 13:19:11 - [MESSAGE][PASSED] - Attribute 'value' of object 'Object Repository/Objects.HighlightElements/input_field_index' is: '20/06/2020'

2020-06-08 13:19:11 - [TEST_STEP][PASSED] - DatePattern = Pattern.compile("^(1[0-2]|0[1-9])/(3[01]|[12][0-9]|0[1-9])/[0-9]{4}$"): null

2020-06-08 13:19:11 - [TEST_STEP][PASSED] - VerifyDateFormat = DatePattern.matcher(GetEnteredDate): null

2020-06-08 13:19:11 - [TEST_STEP][PASSED] - if (VerifyDateFormat.matches() == true): null

2020-06-08 13:19:11 - [MESSAGE][PASSED] - Call Test Case 'Test Cases/PFI Precision and Scale/PFI Components with Indexing/SelectDayInDatePickerWithIndexII' successfully

2020-06-08 13:19:11 - [TEST_STEP][PASSED] - callTestCase(findTestCase("PFI Precision and Scale/PFI Components with Indexing/SelectTodayInDatePickerIndex"), ["FldNm":"expiryDate", "index":1, "idx":7], STOP_ON_FAILURE): Call Test Case 'Test Cases/PFI Precision and Scale/PFI Components with Indexing/SelectTodayInDatePickerIndex' successfully

2020-06-08 13:19:11 - [TEST_CASE][PASSED] - Test Cases/PFI Precision and Scale/PFI Components with Indexing/SelectTodayInDatePickerIndex: Test Cases/PFI Precision and Scale/PFI Components with Indexing/SelectTodayInDatePickerIndex

2020-06-08 13:19:12 - [TEST_STEP][PASSED] - Thread.sleep(1000): null

2020-06-08 13:19:13 - [TEST_STEP][PASSED] - date = new java.util.Date(): null

2020-06-08 13:19:13 - [TEST_STEP][PASSED] - CurrentDate = new java.text.SimpleDateFormat(dd/MM/yyyy): null

2020-06-08 13:19:13 - [TEST_STEP][PASSED] - TodayDate = CurrentDate.format(date): null

2020-06-08 13:19:13 - [TEST_STEP][PASSED] - DateFieldNm = modifyObjectProperty(findTestObject("Objects.HighlightElements/input_field_index"), "xpath", "equals", "(//*[contains(@class,'x-form-text') and (@name='" + FldNm + "')])[" + idx + "]", true): Modify property of object successfully

2020-06-08 13:19:13 - [MESSAGE][PASSED] - Modify property of object successfully

2020-06-08 13:19:13 - [TEST_STEP][PASSED] - TodayBtn = modifyObjectProperty(findTestObject("Object Repository/Objects.DateValidation/Page_ISPS2/a_Today"), "xpath", "equals", "(//*[text() = 'Today'])[" + index + "]", true): Modify property of object successfully

2020-06-08 13:19:13 - [MESSAGE][PASSED] - Modify property of object successfully

2020-06-08 13:19:13 - [TEST_STEP][PASSED] - sendKeys(DateFieldNm, Keys.chord(ARROW_DOWN)): Keys 'DOWN + ' sent to object: 'Object Repository/Objects.HighlightElements/input_field_index'

2020-06-08 13:19:13 - [MESSAGE][PASSED] - Keys 'DOWN + ' sent to object: 'Object Repository/Objects.HighlightElements/input_field_index'

2020-06-08 13:19:13 - [TEST_STEP][PASSED] - com.reusableComponents.HighlightElement.run(TodayBtn): com.reusableComponents.HighlightElement.run is PASSED

2020-06-08 13:19:13 - [MESSAGE][PASSED] - com.reusableComponents.HighlightElement.run is PASSED

2020-06-08 13:19:13 - [TEST_STEP][PASSED] - click(TodayBtn): Object: 'Object Repository/Objects.DateValidation/Page_ISPS2/a_Today' is clicked on

2020-06-08 13:19:13 - [MESSAGE][PASSED] - Object: 'Object Repository/Objects.DateValidation/Page_ISPS2/a_Today' is clicked on

2020-06-08 13:19:13 - [TEST_STEP][PASSED] - GetEnteredDate = getAttribute(DateFieldNm, "value"): Attribute 'value' of object 'Object Repository/Objects.HighlightElements/input_field_index' is: '08/06/2020'

2020-06-08 13:19:14 - [MESSAGE][PASSED] - Attribute 'value' of object 'Object Repository/Objects.HighlightElements/input_field_index' is: '08/06/2020'

2020-06-08 13:19:14 - [TEST_STEP][PASSED] - verifyMatch(GetEnteredDate, TodayDate, true): Actual text '08/06/2020' and expected text '08/06/2020' are matched  using regular expression

2020-06-08 13:19:14 - [MESSAGE][PASSED] - Actual text '08/06/2020' and expected text '08/06/2020' are matched  using regular expression

2020-06-08 13:19:14 - [MESSAGE][PASSED] - Call Test Case 'Test Cases/PFI Precision and Scale/PFI Components with Indexing/SelectTodayInDatePickerIndex' successfully

2020-06-08 13:19:14 - [TEST_STEP][PASSED] - callTestCase(findTestCase("Components/HighlightLabelIndexField"), ["LblName":"KIV Case Due Date:", "index":3], STOP_ON_FAILURE): Call Test Case 'Test Cases/Components/HighlightLabelIndexField' successfully

2020-06-08 13:19:14 - [TEST_CASE][PASSED] - Test Cases/Components/HighlightLabelIndexField: Test Cases/Components/HighlightLabelIndexField

2020-06-08 13:19:14 - [TEST_STEP][PASSED] - Thread.sleep(1000): null

2020-06-08 13:19:15 - [TEST_STEP][PASSED] - modifiedLblNm = modifyObjectProperty(findTestObject("Object Repository/Objects.HighlightElements/lblField_index"), "xpath", "equals", "(//*[contains(@class,'x-form-item-label-inner') and (text()='" + LblName + "')])[" + index + "]", true): Modify property of object successfully

2020-06-08 13:19:15 - [MESSAGE][PASSED] - Modify property of object successfully

2020-06-08 13:19:15 - [TEST_STEP][PASSED] - com.reusableComponents.HighlightElement.run(modifiedLblNm): com.reusableComponents.HighlightElement.run is PASSED

2020-06-08 13:19:15 - [MESSAGE][PASSED] - com.reusableComponents.HighlightElement.run is PASSED

2020-06-08 13:19:15 - [MESSAGE][PASSED] - Call Test Case 'Test Cases/Components/HighlightLabelIndexField' successfully

2020-06-08 13:19:15 - [TEST_STEP][PASSED] - callTestCase(findTestCase("Components/HighlightInputIndexField"), ["InputName":"kivDueDate", "index":3], STOP_ON_FAILURE): Call Test Case 'Test Cases/Components/HighlightInputIndexField' successfully

2020-06-08 13:19:15 - [TEST_CASE][PASSED] - Test Cases/Components/HighlightInputIndexField: Test Cases/Components/HighlightInputIndexField

2020-06-08 13:19:15 - [TEST_STEP][PASSED] - Thread.sleep(1000): null

2020-06-08 13:19:16 - [TEST_STEP][PASSED] - modifiedInputFld = modifyObjectProperty(findTestObject("Objects.HighlightElements/input_field_index"), "xpath", "equals", "(//*[contains(@class,'x-form-text') and (@name='" + InputName + "')])[" + index + "]", true): Modify property of object successfully

2020-06-08 13:19:16 - [MESSAGE][PASSED] - Modify property of object successfully

2020-06-08 13:19:16 - [TEST_STEP][PASSED] - com.reusableComponents.HighlightElement.run(modifiedInputFld): com.reusableComponents.HighlightElement.run is PASSED

2020-06-08 13:19:17 - [MESSAGE][PASSED] - com.reusableComponents.HighlightElement.run is PASSED

2020-06-08 13:19:17 - [MESSAGE][PASSED] - Call Test Case 'Test Cases/Components/HighlightInputIndexField' successfully

2020-06-08 13:19:17 - [TEST_STEP][PASSED] - callTestCase(findTestCase("Components/SelectAllThenDeleteIndex"), ["nameToBeUsed":"kivDueDate", "index":3], STOP_ON_FAILURE): Call Test Case 'Test Cases/Components/SelectAllThenDeleteIndex' successfully

2020-06-08 13:19:17 - [TEST_CASE][PASSED] - Test Cases/Components/SelectAllThenDeleteIndex: Test Cases/Components/SelectAllThenDeleteIndex

2020-06-08 13:19:17 - [TEST_STEP][PASSED] - Thread.sleep(1000): null

2020-06-08 13:19:18 - [TEST_STEP][PASSED] - modifiedObj = modifyObjectProperty(findTestObject("Object Repository/Objects.HighlightElements/input_field_index"), "xpath", "equals", "(//*[contains(@class,'x-form-text') and (@name='" + nameToBeUsed + "')])[" + index + "]", true): Modify property of object successfully

2020-06-08 13:19:18 - [MESSAGE][PASSED] - Modify property of object successfully

2020-06-08 13:19:18 - [TEST_STEP][PASSED] - focus(modifiedObj): Object: 'Object Repository/Objects.HighlightElements/input_field_index' is focused

2020-06-08 13:19:18 - [MESSAGE][PASSED] - Object: 'Object Repository/Objects.HighlightElements/input_field_index' is focused

2020-06-08 13:19:18 - [TEST_STEP][PASSED] - sendKeys(modifiedObj, Keys.chord(CONTROL, "a")): Keys 'CONTROL + a' sent to object: 'Object Repository/Objects.HighlightElements/input_field_index'

2020-06-08 13:19:18 - [MESSAGE][PASSED] - Keys 'CONTROL + a' sent to object: 'Object Repository/Objects.HighlightElements/input_field_index'

2020-06-08 13:19:18 - [TEST_STEP][PASSED] - sendKeys(modifiedObj, Keys.chord(DELETE)): Keys 'DELETE + ' sent to object: 'Object Repository/Objects.HighlightElements/input_field_index'

2020-06-08 13:19:18 - [MESSAGE][PASSED] - Keys 'DELETE + ' sent to object: 'Object Repository/Objects.HighlightElements/input_field_index'

2020-06-08 13:19:18 - [MESSAGE][PASSED] - Call Test Case 'Test Cases/Components/SelectAllThenDeleteIndex' successfully

2020-06-08 13:19:18 - [TEST_STEP][PASSED] - callTestCase(findTestCase("PFI Precision and Scale/PFI Components with Indexing/NumericTextboxValidationIndex"), ["nameToBeUsed":"kivDueDate", "minLen":8, "index":3], STOP_ON_FAILURE): Call Test Case 'Test Cases/PFI Precision and Scale/PFI Components with Indexing/NumericTextboxValidationIndex' successfully

2020-06-08 13:19:18 - [TEST_CASE][PASSED] - Test Cases/PFI Precision and Scale/PFI Components with Indexing/NumericTextboxValidationIndex: Test Cases/PFI Precision and Scale/PFI Components with Indexing/NumericTextboxValidationIndex

2020-06-08 13:19:18 - [TEST_STEP][PASSED] - Thread.sleep(1000): null

2020-06-08 13:19:19 - [TEST_STEP][PASSED] - Numeric = "0123456789": null

2020-06-08 13:19:19 - [TEST_STEP][PASSED] - AlphaSpecialChar = z) + "`~!@#$%^&*()=_{}|\][;'":,?><"".join(): null

2020-06-08 13:19:19 - [TEST_STEP][PASSED] - RandomNumeric = RandomStringUtils.random(minLen, Numeric.toCharArray()): null

2020-06-08 13:19:19 - [TEST_STEP][PASSED] - RandomString = RandomStringUtils.random(minLen, AlphaSpecialChar): null

2020-06-08 13:19:19 - [TEST_STEP][PASSED] - regexPat = Pattern.compile("^[0-9]+$"): null

2020-06-08 13:19:19 - [TEST_STEP][PASSED] - NewInputNmField = modifyObjectProperty(findTestObject("Object Repository/Objects.HighlightElements/input_field_index"), "xpath", "equals", "(//*[contains(@class,'x-form-text') and (@name='" + nameToBeUsed + "')])[" + index + "]", true): Modify property of object successfully

2020-06-08 13:19:19 - [MESSAGE][PASSED] - Modify property of object successfully

2020-06-08 13:19:19 - [TEST_STEP][PASSED] - focus(NewInputNmField): Object: 'Object Repository/Objects.HighlightElements/input_field_index' is focused

2020-06-08 13:19:19 - [MESSAGE][PASSED] - Object: 'Object Repository/Objects.HighlightElements/input_field_index' is focused

2020-06-08 13:19:19 - [TEST_STEP][PASSED] - setText(NewInputNmField, RandomString): Text 'j<^YeIsj' is set on object 'Object Repository/Objects.HighlightElements/input_field_index'

2020-06-08 13:19:19 - [MESSAGE][PASSED] - Text 'j<^YeIsj' is set on object 'Object Repository/Objects.HighlightElements/input_field_index'

2020-06-08 13:19:19 - [TEST_STEP][PASSED] - GetInputVal = getAttribute(NewInputNmField, "value"): Attribute 'value' of object 'Object Repository/Objects.HighlightElements/input_field_index' is: ''

2020-06-08 13:19:19 - [MESSAGE][PASSED] - Attribute 'value' of object 'Object Repository/Objects.HighlightElements/input_field_index' is: ''

2020-06-08 13:19:19 - [TEST_STEP][PASSED] - if (GetInputVal.contains("e")): null

2020-06-08 13:19:19 - [TEST_STEP][PASSED] - else: Actual text '' and expected text '' are matched  using regular expression

2020-06-08 13:19:19 - [TEST_STEP][PASSED] - verifyMatch(GetInputVal, "", true): Actual text '' and expected text '' are matched  using regular expression

2020-06-08 13:19:19 - [MESSAGE][PASSED] - Actual text '' and expected text '' are matched  using regular expression

2020-06-08 13:19:19 - [TEST_STEP][PASSED] - setText(NewInputNmField, RandomNumeric): Text '05915687' is set on object 'Object Repository/Objects.HighlightElements/input_field_index'

2020-06-08 13:19:19 - [MESSAGE][PASSED] - Text '05915687' is set on object 'Object Repository/Objects.HighlightElements/input_field_index'

2020-06-08 13:19:19 - [TEST_STEP][PASSED] - GetEnteredIntegers = getAttribute(NewInputNmField, "value"): Attribute 'value' of object 'Object Repository/Objects.HighlightElements/input_field_index' is: '05915687'

2020-06-08 13:19:20 - [MESSAGE][PASSED] - Attribute 'value' of object 'Object Repository/Objects.HighlightElements/input_field_index' is: '05915687'

2020-06-08 13:19:20 - [TEST_STEP][PASSED] - matchStr = regexPat.matcher(GetEnteredIntegers): null

2020-06-08 13:19:20 - [TEST_STEP][PASSED] - if (matchStr.matches() == true): Accepting Numeric

2020-06-08 13:19:20 - [TEST_STEP][PASSED] - comment("Accepting Numeric"): Accepting Numeric

2020-06-08 13:19:20 - [MESSAGE][INFO] - Accepting Numeric

2020-06-08 13:19:20 - [MESSAGE][PASSED] - Call Test Case 'Test Cases/PFI Precision and Scale/PFI Components with Indexing/NumericTextboxValidationIndex' successfully

2020-06-08 13:19:20 - [TEST_STEP][PASSED] - callTestCase(findTestCase("PFI Precision and Scale/PFI Components with Indexing/InvalidDateErrorValidationIndex"), ["FldNm":"kivDueDate", "index":3], STOP_ON_FAILURE): Call Test Case 'Test Cases/PFI Precision and Scale/PFI Components with Indexing/InvalidDateErrorValidationIndex' successfully

2020-06-08 13:19:20 - [TEST_CASE][PASSED] - Test Cases/PFI Precision and Scale/PFI Components with Indexing/InvalidDateErrorValidationIndex: Test Cases/PFI Precision and Scale/PFI Components with Indexing/InvalidDateErrorValidationIndex

2020-06-08 13:19:20 - [TEST_STEP][PASSED] - Thread.sleep(1000): null

2020-06-08 13:19:21 - [TEST_STEP][PASSED] - DateFieldNm = modifyObjectProperty(findTestObject("Object Repository/Objects.HighlightElements/input_field_index"), "xpath", "equals", "(//*[contains(@class,'x-form-text') and (@name='" + FldNm + "')])[" + index + "]", true): Modify property of object successfully

2020-06-08 13:19:21 - [MESSAGE][PASSED] - Modify property of object successfully

2020-06-08 13:19:21 - [TEST_STEP][PASSED] - focus(DateFieldNm): Object: 'Object Repository/Objects.HighlightElements/input_field_index' is focused

2020-06-08 13:19:21 - [MESSAGE][PASSED] - Object: 'Object Repository/Objects.HighlightElements/input_field_index' is focused

2020-06-08 13:19:21 - [TEST_STEP][PASSED] - getInputInvalidDate = getAttribute(DateFieldNm, "value"): Attribute 'value' of object 'Object Repository/Objects.HighlightElements/input_field_index' is: '05915687'

2020-06-08 13:19:21 - [MESSAGE][PASSED] - Attribute 'value' of object 'Object Repository/Objects.HighlightElements/input_field_index' is: '05915687'

2020-06-08 13:19:21 - [TEST_STEP][PASSED] - mouseOver(DateFieldNm): Object: 'Object Repository/Objects.HighlightElements/input_field_index' is hovered

2020-06-08 13:19:21 - [MESSAGE][PASSED] - Object: 'Object Repository/Objects.HighlightElements/input_field_index' is hovered

2020-06-08 13:19:21 - [TEST_STEP][PASSED] - getErrMsg = getAttribute(DateFieldNm, "data-errorqtip"): Attribute 'data-errorqtip' of object 'Object Repository/Objects.HighlightElements/input_field_index' is: '<ul class="x-list-plain"><li>05915687 is not a valid date - it must be in the format d/m/Y</li></ul>'

2020-06-08 13:19:21 - [MESSAGE][PASSED] - Attribute 'data-errorqtip' of object 'Object Repository/Objects.HighlightElements/input_field_index' is: '<ul class="x-list-plain"><li>05915687 is not a valid date - it must be in the format d/m/Y</li></ul>'

2020-06-08 13:19:21 - [TEST_STEP][PASSED] - getTotalLength = getErrMsg.length(): null

2020-06-08 13:19:21 - [TEST_STEP][PASSED] - RemoveULClass = getErrMsg.substring(29, getTotalLength): null

2020-06-08 13:19:21 - [TEST_STEP][PASSED] - LengthNoUlClass = RemoveULClass.length() - 10: null

2020-06-08 13:19:21 - [TEST_STEP][PASSED] - ToolTipInvErrMsg = RemoveULClass.substring(0, LengthNoUlClass): null

2020-06-08 13:19:21 - [TEST_STEP][PASSED] - ExpectedInvalidErrMsg = concatenate(getInputInvalidDate, " ", NotValidDt): Concatenated string array: '['05915687',' ','is not a valid date - it must be in the format d/m/Y']' into '05915687 is not a valid date - it must be in the format d/m/Y'

2020-06-08 13:19:21 - [MESSAGE][PASSED] - Concatenated string array: '['05915687',' ','is not a valid date - it must be in the format d/m/Y']' into '05915687 is not a valid date - it must be in the format d/m/Y'

2020-06-08 13:19:21 - [TEST_STEP][PASSED] - verifyMatch(ToolTipInvErrMsg, ExpectedInvalidErrMsg, true): Actual text '05915687 is not a valid date - it must be in the format d/m/Y' and expected text '05915687 is not a valid date - it must be in the format d/m/Y' are matched  using regular expression

2020-06-08 13:19:21 - [MESSAGE][PASSED] - Actual text '05915687 is not a valid date - it must be in the format d/m/Y' and expected text '05915687 is not a valid date - it must be in the format d/m/Y' are matched  using regular expression

2020-06-08 13:19:21 - [MESSAGE][PASSED] - Call Test Case 'Test Cases/PFI Precision and Scale/PFI Components with Indexing/InvalidDateErrorValidationIndex' successfully

2020-06-08 13:19:21 - [TEST_STEP][PASSED] - callTestCase(findTestCase("Test Cases/PFI Precision and Scale/PFI Components with Indexing/SelectDayInDatePickerWithIndexII"), ["FldNm":"kivDueDate", "SelectCurrentDay":"6", "index":3, "idx":3], STOP_ON_FAILURE): Call Test Case 'Test Cases/PFI Precision and Scale/PFI Components with Indexing/SelectDayInDatePickerWithIndexII' successfully

2020-06-08 13:19:21 - [TEST_CASE][PASSED] - Test Cases/PFI Precision and Scale/PFI Components with Indexing/SelectDayInDatePickerWithIndexII: Test Cases/PFI Precision and Scale/PFI Components with Indexing/SelectDayInDatePickerWithIndexII

2020-06-08 13:19:21 - [TEST_STEP][PASSED] - Thread.sleep(1000): null

2020-06-08 13:19:22 - [TEST_STEP][PASSED] - DateInputFld = modifyObjectProperty(findTestObject("Objects.HighlightElements/input_field_index"), "xpath", "equals", "(//*[contains(@class,'x-form-text') and (@name='" + FldNm + "')])[" + idx + "]", true): Modify property of object successfully

2020-06-08 13:19:22 - [MESSAGE][PASSED] - Modify property of object successfully

2020-06-08 13:19:22 - [TEST_STEP][PASSED] - ModifiedDay = modifyObjectProperty(findTestObject("Objects.DateValidation/Page_ISPS2/Select_Day_Index"), "xpath", "equals", "(//*[contains(@class, 'x-datepicker-date') and (text() = '" + SelectCurrentDay + "')])[" + index + "]", true): Modify property of object successfully

2020-06-08 13:19:22 - [MESSAGE][PASSED] - Modify property of object successfully

2020-06-08 13:19:22 - [TEST_STEP][PASSED] - sendKeys(DateInputFld, Keys.chord(ARROW_DOWN)): Keys 'DOWN + ' sent to object: 'Object Repository/Objects.HighlightElements/input_field_index'

2020-06-08 13:19:22 - [MESSAGE][PASSED] - Keys 'DOWN + ' sent to object: 'Object Repository/Objects.HighlightElements/input_field_index'

2020-06-08 13:19:22 - [TEST_STEP][PASSED] - com.reusableComponents.HighlightElement.run(ModifiedDay): com.reusableComponents.HighlightElement.run is PASSED

2020-06-08 13:19:23 - [MESSAGE][PASSED] - com.reusableComponents.HighlightElement.run is PASSED

2020-06-08 13:19:23 - [TEST_STEP][PASSED] - delay(1): Delayed 1 second(s)

2020-06-08 13:19:24 - [MESSAGE][PASSED] - Delayed 1 second(s)

2020-06-08 13:19:24 - [TEST_STEP][PASSED] - click(ModifiedDay): Object: 'Object Repository/Objects.DateValidation/Page_ISPS2/Select_Day_Index' is clicked on

2020-06-08 13:19:24 - [MESSAGE][PASSED] - Object: 'Object Repository/Objects.DateValidation/Page_ISPS2/Select_Day_Index' is clicked on

2020-06-08 13:19:24 - [TEST_STEP][PASSED] - GetError = getAttribute(DateInputFld, "data-errorqtip"): Attribute 'data-errorqtip' of object 'Object Repository/Objects.HighlightElements/input_field_index' is: ''

2020-06-08 13:19:24 - [MESSAGE][PASSED] - Attribute 'data-errorqtip' of object 'Object Repository/Objects.HighlightElements/input_field_index' is: ''

2020-06-08 13:19:24 - [TEST_STEP][PASSED] - if (GetError == ""): Date Format is valid

2020-06-08 13:19:24 - [TEST_STEP][PASSED] - GetEnteredDate = getAttribute(DateInputFld, "value"): Attribute 'value' of object 'Object Repository/Objects.HighlightElements/input_field_index' is: '06/06/2020'

2020-06-08 13:19:24 - [MESSAGE][PASSED] - Attribute 'value' of object 'Object Repository/Objects.HighlightElements/input_field_index' is: '06/06/2020'

2020-06-08 13:19:24 - [TEST_STEP][PASSED] - DatePattern = Pattern.compile("^(1[0-2]|0[1-9])/(3[01]|[12][0-9]|0[1-9])/[0-9]{4}$"): null

2020-06-08 13:19:24 - [TEST_STEP][PASSED] - VerifyDateFormat = DatePattern.matcher(GetEnteredDate): null

2020-06-08 13:19:24 - [TEST_STEP][PASSED] - if (VerifyDateFormat.matches() == true): Date Format is valid

2020-06-08 13:19:24 - [TEST_STEP][PASSED] - comment("Date Format is valid"): Date Format is valid

2020-06-08 13:19:24 - [MESSAGE][INFO] - Date Format is valid

2020-06-08 13:19:24 - [MESSAGE][PASSED] - Call Test Case 'Test Cases/PFI Precision and Scale/PFI Components with Indexing/SelectDayInDatePickerWithIndexII' successfully

2020-06-08 13:19:24 - [TEST_STEP][PASSED] - callTestCase(findTestCase("PFI Precision and Scale/PFI Components with Indexing/SelectTodayInDatePickerIndex"), ["FldNm":"kivDueDate", "index":2, "idx":3], STOP_ON_FAILURE): Call Test Case 'Test Cases/PFI Precision and Scale/PFI Components with Indexing/SelectTodayInDatePickerIndex' successfully

2020-06-08 13:19:24 - [TEST_CASE][PASSED] - Test Cases/PFI Precision and Scale/PFI Components with Indexing/SelectTodayInDatePickerIndex: Test Cases/PFI Precision and Scale/PFI Components with Indexing/SelectTodayInDatePickerIndex

2020-06-08 13:19:24 - [TEST_STEP][PASSED] - Thread.sleep(1000): null

2020-06-08 13:19:25 - [TEST_STEP][PASSED] - date = new java.util.Date(): null

2020-06-08 13:19:25 - [TEST_STEP][PASSED] - CurrentDate = new java.text.SimpleDateFormat(dd/MM/yyyy): null

2020-06-08 13:19:25 - [TEST_STEP][PASSED] - TodayDate = CurrentDate.format(date): null

2020-06-08 13:19:25 - [TEST_STEP][PASSED] - DateFieldNm = modifyObjectProperty(findTestObject("Objects.HighlightElements/input_field_index"), "xpath", "equals", "(//*[contains(@class,'x-form-text') and (@name='" + FldNm + "')])[" + idx + "]", true): Modify property of object successfully

2020-06-08 13:19:25 - [MESSAGE][PASSED] - Modify property of object successfully

2020-06-08 13:19:25 - [TEST_STEP][PASSED] - TodayBtn = modifyObjectProperty(findTestObject("Object Repository/Objects.DateValidation/Page_ISPS2/a_Today"), "xpath", "equals", "(//*[text() = 'Today'])[" + index + "]", true): Modify property of object successfully

2020-06-08 13:19:25 - [MESSAGE][PASSED] - Modify property of object successfully

2020-06-08 13:19:25 - [TEST_STEP][PASSED] - sendKeys(DateFieldNm, Keys.chord(ARROW_DOWN)): Keys 'DOWN + ' sent to object: 'Object Repository/Objects.HighlightElements/input_field_index'

2020-06-08 13:19:25 - [MESSAGE][PASSED] - Keys 'DOWN + ' sent to object: 'Object Repository/Objects.HighlightElements/input_field_index'

2020-06-08 13:19:25 - [TEST_STEP][PASSED] - com.reusableComponents.HighlightElement.run(TodayBtn): com.reusableComponents.HighlightElement.run is PASSED

2020-06-08 13:19:25 - [MESSAGE][PASSED] - com.reusableComponents.HighlightElement.run is PASSED

2020-06-08 13:19:25 - [TEST_STEP][PASSED] - click(TodayBtn): Object: 'Object Repository/Objects.DateValidation/Page_ISPS2/a_Today' is clicked on

2020-06-08 13:19:25 - [MESSAGE][PASSED] - Object: 'Object Repository/Objects.DateValidation/Page_ISPS2/a_Today' is clicked on

2020-06-08 13:19:25 - [TEST_STEP][PASSED] - GetEnteredDate = getAttribute(DateFieldNm, "value"): Attribute 'value' of object 'Object Repository/Objects.HighlightElements/input_field_index' is: '08/06/2020'

2020-06-08 13:19:26 - [MESSAGE][PASSED] - Attribute 'value' of object 'Object Repository/Objects.HighlightElements/input_field_index' is: '08/06/2020'

2020-06-08 13:19:26 - [TEST_STEP][PASSED] - verifyMatch(GetEnteredDate, TodayDate, true): Actual text '08/06/2020' and expected text '08/06/2020' are matched  using regular expression

2020-06-08 13:19:26 - [MESSAGE][PASSED] - Actual text '08/06/2020' and expected text '08/06/2020' are matched  using regular expression

2020-06-08 13:19:26 - [MESSAGE][PASSED] - Call Test Case 'Test Cases/PFI Precision and Scale/PFI Components with Indexing/SelectTodayInDatePickerIndex' successfully

2020-06-08 13:19:26 - [TEST_STEP][PASSED] - callTestCase(findTestCase("Components/HighlightLabelIndexField"), ["LblName":"File Name:", "index":3], STOP_ON_FAILURE): Call Test Case 'Test Cases/Components/HighlightLabelIndexField' successfully

2020-06-08 13:19:26 - [TEST_CASE][PASSED] - Test Cases/Components/HighlightLabelIndexField: Test Cases/Components/HighlightLabelIndexField

2020-06-08 13:19:26 - [TEST_STEP][PASSED] - Thread.sleep(1000): null

2020-06-08 13:19:27 - [TEST_STEP][PASSED] - modifiedLblNm = modifyObjectProperty(findTestObject("Object Repository/Objects.HighlightElements/lblField_index"), "xpath", "equals", "(//*[contains(@class,'x-form-item-label-inner') and (text()='" + LblName + "')])[" + index + "]", true): Modify property of object successfully

2020-06-08 13:19:27 - [MESSAGE][PASSED] - Modify property of object successfully

2020-06-08 13:19:27 - [TEST_STEP][PASSED] - com.reusableComponents.HighlightElement.run(modifiedLblNm): com.reusableComponents.HighlightElement.run is PASSED

2020-06-08 13:19:27 - [MESSAGE][PASSED] - com.reusableComponents.HighlightElement.run is PASSED

2020-06-08 13:19:27 - [MESSAGE][PASSED] - Call Test Case 'Test Cases/Components/HighlightLabelIndexField' successfully

2020-06-08 13:19:27 - [TEST_STEP][PASSED] - callTestCase(findTestCase("Components/HighlightInputFieldXPI"), ["FldNm":"NovaComboBox", "index":16], STOP_ON_FAILURE): Call Test Case 'Test Cases/Components/HighlightInputFieldXPI' successfully

2020-06-08 13:19:27 - [TEST_CASE][PASSED] - Test Cases/Components/HighlightInputFieldXPI: Test Cases/Components/HighlightInputFieldXPI

2020-06-08 13:19:27 - [TEST_STEP][PASSED] - Thread.sleep(1000): null

2020-06-08 13:19:28 - [TEST_STEP][PASSED] - modifiedInputNm = modifyObjectProperty(findTestObject("Object Repository/Objects.HighlightElements/input_field_index"), "xpath", "equals", "(//*[contains(@name, '" + FldNm + "')])[" + index + "]", true): Modify property of object successfully

2020-06-08 13:19:28 - [MESSAGE][PASSED] - Modify property of object successfully

2020-06-08 13:19:28 - [TEST_STEP][PASSED] - com.reusableComponents.HighlightElement.run(modifiedInputNm): com.reusableComponents.HighlightElement.run is PASSED

2020-06-08 13:19:29 - [MESSAGE][PASSED] - com.reusableComponents.HighlightElement.run is PASSED

2020-06-08 13:19:29 - [MESSAGE][PASSED] - Call Test Case 'Test Cases/Components/HighlightInputFieldXPI' successfully

2020-06-08 13:19:29 - [TEST_STEP][PASSED] - callTestCase(findTestCase("PFI Precision and Scale/PFI Components with Indexing/VerifyDropdownValuesXPI"), ["FldNm":"NovaComboBox", "index":16, "CallTCName":"PFI Precision and Scale/PFI Components/PFILetterTemplate", "cmbNm":"IssueWD", ... ], STOP_ON_FAILURE): Call Test Case 'Test Cases/PFI Precision and Scale/PFI Components with Indexing/VerifyDropdownValuesXPI' successfully

2020-06-08 13:19:29 - [TEST_CASE][PASSED] - Test Cases/PFI Precision and Scale/PFI Components with Indexing/VerifyDropdownValuesXPI: Test Cases/PFI Precision and Scale/PFI Components with Indexing/VerifyDropdownValuesXPI

2020-06-08 13:19:29 - [TEST_STEP][PASSED] - Thread.sleep(1000): null

2020-06-08 13:19:30 - [TEST_STEP][PASSED] - NewInputNmField = modifyObjectProperty(findTestObject("Object Repository/Objects.HighlightElements/input_field_index"), "xpath", "equals", "(//*[contains(@name, '" + FldNm + "')])[" + index + "]", true): Modify property of object successfully

2020-06-08 13:19:30 - [MESSAGE][PASSED] - Modify property of object successfully

2020-06-08 13:19:30 - [TEST_STEP][PASSED] - comboNm = cmbNm: null

2020-06-08 13:19:30 - [TEST_STEP][PASSED] - focus(NewInputNmField): Object: 'Object Repository/Objects.HighlightElements/input_field_index' is focused

2020-06-08 13:19:30 - [MESSAGE][PASSED] - Object: 'Object Repository/Objects.HighlightElements/input_field_index' is focused

2020-06-08 13:19:30 - [TEST_STEP][PASSED] - setText(NewInputNmField, EnterValue): Text '' is set on object 'Object Repository/Objects.HighlightElements/input_field_index'

2020-06-08 13:19:30 - [MESSAGE][PASSED] - Text '' is set on object 'Object Repository/Objects.HighlightElements/input_field_index'

2020-06-08 13:19:30 - [TEST_STEP][PASSED] - for ([i = 1, i <= NoOfVal, (i++)]): Keys 'DOWN + ' sent to object: 'Object Repository/Objects.HighlightElements/input_field_index'

2020-06-08 13:19:30 - [TEST_STEP][PASSED] - sendKeys(NewInputNmField, Keys.chord(ARROW_DOWN)): Keys 'DOWN + ' sent to object: 'Object Repository/Objects.HighlightElements/input_field_index'

2020-06-08 13:19:30 - [MESSAGE][PASSED] - Keys 'DOWN + ' sent to object: 'Object Repository/Objects.HighlightElements/input_field_index'

2020-06-08 13:19:30 - [TEST_STEP][PASSED] - delay(DelayTime): Delayed 3 second(s)

2020-06-08 13:19:33 - [MESSAGE][PASSED] - Delayed 3 second(s)

2020-06-08 13:19:33 - [TEST_STEP][PASSED] - sendKeys(NewInputNmField, Keys.chord(ENTER)): Keys 'ENTER + ' sent to object: 'Object Repository/Objects.HighlightElements/input_field_index'

2020-06-08 13:19:33 - [MESSAGE][PASSED] - Keys 'ENTER + ' sent to object: 'Object Repository/Objects.HighlightElements/input_field_index'

2020-06-08 13:19:33 - [TEST_STEP][PASSED] - ComboBoxValue = getAttribute(NewInputNmField, "value"): Attribute 'value' of object 'Object Repository/Objects.HighlightElements/input_field_index' is: '[AAPSI816] SF_ESID_SISSF-D1-G Generate Govt Notice'

2020-06-08 13:19:33 - [MESSAGE][PASSED] - Attribute 'value' of object 'Object Repository/Objects.HighlightElements/input_field_index' is: '[AAPSI816] SF_ESID_SISSF-D1-G Generate Govt Notice'

2020-06-08 13:19:33 - [TEST_STEP][PASSED] - callTestCase(findTestCase(CallTCName), ["FindValue":ComboBoxValue, "DropdownNm":comboNm], STOP_ON_FAILURE): Call Test Case 'Test Cases/PFI Precision and Scale/PFI Components/PFILetterTemplate' successfully

2020-06-08 13:19:33 - [TEST_CASE][PASSED] - Test Cases/PFI Precision and Scale/PFI Components/PFILetterTemplate: Test Cases/PFI Precision and Scale/PFI Components/PFILetterTemplate

2020-06-08 13:19:33 - [TEST_STEP][PASSED] - PFILetterTemplateTBL = [1:["Reminder":"Ministry Of Health"], 2:["Reminder":"Reminder Free Format Letter"], 3:["Reminder":"Reminder 1 (SF_ESID_SIS/SL-REM1)"], ... ]: null

2020-06-08 13:19:33 - [TEST_STEP][PASSED] - switch (DropdownNm): null

2020-06-08 13:19:33 - [TEST_STEP][PASSED] - case "IssueWD":: null

2020-06-08 13:19:33 - [TEST_STEP][PASSED] - ValueFound = PFILetterTemplateTBL.find({ -> ... }): null

2020-06-08 13:19:33 - [TEST_STEP][PASSED] - break: null

2020-06-08 13:19:33 - [MESSAGE][PASSED] - Call Test Case 'Test Cases/PFI Precision and Scale/PFI Components/PFILetterTemplate' successfully

2020-06-08 13:19:33 - [TEST_STEP][PASSED] - println(ValueFound): null

2020-06-08 13:19:33 - [TEST_STEP][PASSED] - sendKeys(NewInputNmField, Keys.chord(ARROW_DOWN)): Keys 'DOWN + ' sent to object: 'Object Repository/Objects.HighlightElements/input_field_index'

2020-06-08 13:19:33 - [MESSAGE][PASSED] - Keys 'DOWN + ' sent to object: 'Object Repository/Objects.HighlightElements/input_field_index'

2020-06-08 13:19:33 - [TEST_STEP][PASSED] - sendKeys(NewInputNmField, Keys.chord(ARROW_DOWN)): Keys 'DOWN + ' sent to object: 'Object Repository/Objects.HighlightElements/input_field_index'

2020-06-08 13:19:34 - [MESSAGE][PASSED] - Keys 'DOWN + ' sent to object: 'Object Repository/Objects.HighlightElements/input_field_index'

2020-06-08 13:19:34 - [TEST_STEP][PASSED] - delay(DelayTime): Delayed 3 second(s)

2020-06-08 13:19:37 - [MESSAGE][PASSED] - Delayed 3 second(s)

2020-06-08 13:19:37 - [TEST_STEP][PASSED] - sendKeys(NewInputNmField, Keys.chord(ENTER)): Keys 'ENTER + ' sent to object: 'Object Repository/Objects.HighlightElements/input_field_index'

2020-06-08 13:19:37 - [MESSAGE][PASSED] - Keys 'ENTER + ' sent to object: 'Object Repository/Objects.HighlightElements/input_field_index'

2020-06-08 13:19:37 - [TEST_STEP][PASSED] - ComboBoxValue = getAttribute(NewInputNmField, "value"): Attribute 'value' of object 'Object Repository/Objects.HighlightElements/input_field_index' is: '[AAPSI815] D1 (Multiple Owners With Structural Plan) - Regeneration of Notice'

2020-06-08 13:19:37 - [MESSAGE][PASSED] - Attribute 'value' of object 'Object Repository/Objects.HighlightElements/input_field_index' is: '[AAPSI815] D1 (Multiple Owners With Structural Plan) - Regeneration of Notice'

2020-06-08 13:19:37 - [TEST_STEP][PASSED] - callTestCase(findTestCase(CallTCName), ["FindValue":ComboBoxValue, "DropdownNm":comboNm], STOP_ON_FAILURE): Call Test Case 'Test Cases/PFI Precision and Scale/PFI Components/PFILetterTemplate' successfully

2020-06-08 13:19:37 - [TEST_CASE][PASSED] - Test Cases/PFI Precision and Scale/PFI Components/PFILetterTemplate: Test Cases/PFI Precision and Scale/PFI Components/PFILetterTemplate

2020-06-08 13:19:37 - [TEST_STEP][PASSED] - PFILetterTemplateTBL = [1:["Reminder":"Ministry Of Health"], 2:["Reminder":"Reminder Free Format Letter"], 3:["Reminder":"Reminder 1 (SF_ESID_SIS/SL-REM1)"], ... ]: null

2020-06-08 13:19:37 - [TEST_STEP][PASSED] - switch (DropdownNm): null

2020-06-08 13:19:37 - [TEST_STEP][PASSED] - case "IssueWD":: null

2020-06-08 13:19:37 - [TEST_STEP][PASSED] - ValueFound = PFILetterTemplateTBL.find({ -> ... }): null

2020-06-08 13:19:37 - [TEST_STEP][PASSED] - break: null

2020-06-08 13:19:37 - [MESSAGE][PASSED] - Call Test Case 'Test Cases/PFI Precision and Scale/PFI Components/PFILetterTemplate' successfully

2020-06-08 13:19:37 - [TEST_STEP][PASSED] - println(ValueFound): null

2020-06-08 13:19:37 - [TEST_STEP][PASSED] - sendKeys(NewInputNmField, Keys.chord(ARROW_DOWN)): Keys 'DOWN + ' sent to object: 'Object Repository/Objects.HighlightElements/input_field_index'

2020-06-08 13:19:37 - [MESSAGE][PASSED] - Keys 'DOWN + ' sent to object: 'Object Repository/Objects.HighlightElements/input_field_index'

2020-06-08 13:19:37 - [TEST_STEP][PASSED] - sendKeys(NewInputNmField, Keys.chord(ARROW_DOWN)): Keys 'DOWN + ' sent to object: 'Object Repository/Objects.HighlightElements/input_field_index'

2020-06-08 13:19:37 - [MESSAGE][PASSED] - Keys 'DOWN + ' sent to object: 'Object Repository/Objects.HighlightElements/input_field_index'

2020-06-08 13:19:37 - [TEST_STEP][PASSED] - delay(DelayTime): Delayed 3 second(s)

2020-06-08 13:19:40 - [MESSAGE][PASSED] - Delayed 3 second(s)

2020-06-08 13:19:40 - [TEST_STEP][PASSED] - sendKeys(NewInputNmField, Keys.chord(ENTER)): Keys 'ENTER + ' sent to object: 'Object Repository/Objects.HighlightElements/input_field_index'

2020-06-08 13:19:40 - [MESSAGE][PASSED] - Keys 'ENTER + ' sent to object: 'Object Repository/Objects.HighlightElements/input_field_index'

2020-06-08 13:19:40 - [TEST_STEP][PASSED] - ComboBoxValue = getAttribute(NewInputNmField, "value"): Attribute 'value' of object 'Object Repository/Objects.HighlightElements/input_field_index' is: '[AAPSI815W] D1 (Multiple Owners Without Structural Plan) - Regeneration of Notice'

2020-06-08 13:19:40 - [MESSAGE][PASSED] - Attribute 'value' of object 'Object Repository/Objects.HighlightElements/input_field_index' is: '[AAPSI815W] D1 (Multiple Owners Without Structural Plan) - Regeneration of Notice'

2020-06-08 13:19:40 - [TEST_STEP][PASSED] - callTestCase(findTestCase(CallTCName), ["FindValue":ComboBoxValue, "DropdownNm":comboNm], STOP_ON_FAILURE): Call Test Case 'Test Cases/PFI Precision and Scale/PFI Components/PFILetterTemplate' successfully

2020-06-08 13:19:40 - [TEST_CASE][PASSED] - Test Cases/PFI Precision and Scale/PFI Components/PFILetterTemplate: Test Cases/PFI Precision and Scale/PFI Components/PFILetterTemplate

2020-06-08 13:19:40 - [TEST_STEP][PASSED] - PFILetterTemplateTBL = [1:["Reminder":"Ministry Of Health"], 2:["Reminder":"Reminder Free Format Letter"], 3:["Reminder":"Reminder 1 (SF_ESID_SIS/SL-REM1)"], ... ]: null

2020-06-08 13:19:40 - [TEST_STEP][PASSED] - switch (DropdownNm): null

2020-06-08 13:19:40 - [TEST_STEP][PASSED] - case "IssueWD":: null

2020-06-08 13:19:40 - [TEST_STEP][PASSED] - ValueFound = PFILetterTemplateTBL.find({ -> ... }): null

2020-06-08 13:19:40 - [TEST_STEP][PASSED] - break: null

2020-06-08 13:19:40 - [MESSAGE][PASSED] - Call Test Case 'Test Cases/PFI Precision and Scale/PFI Components/PFILetterTemplate' successfully

2020-06-08 13:19:40 - [TEST_STEP][PASSED] - println(ValueFound): null

2020-06-08 13:19:40 - [TEST_STEP][PASSED] - sendKeys(NewInputNmField, Keys.chord(ARROW_DOWN)): Keys 'DOWN + ' sent to object: 'Object Repository/Objects.HighlightElements/input_field_index'

2020-06-08 13:19:40 - [MESSAGE][PASSED] - Keys 'DOWN + ' sent to object: 'Object Repository/Objects.HighlightElements/input_field_index'

2020-06-08 13:19:40 - [TEST_STEP][PASSED] - sendKeys(NewInputNmField, Keys.chord(ARROW_DOWN)): Keys 'DOWN + ' sent to object: 'Object Repository/Objects.HighlightElements/input_field_index'

2020-06-08 13:19:40 - [MESSAGE][PASSED] - Keys 'DOWN + ' sent to object: 'Object Repository/Objects.HighlightElements/input_field_index'

2020-06-08 13:19:40 - [TEST_STEP][PASSED] - delay(DelayTime): Delayed 3 second(s)

2020-06-08 13:19:43 - [MESSAGE][PASSED] - Delayed 3 second(s)

2020-06-08 13:19:43 - [TEST_STEP][PASSED] - sendKeys(NewInputNmField, Keys.chord(ENTER)): Keys 'ENTER + ' sent to object: 'Object Repository/Objects.HighlightElements/input_field_index'

2020-06-08 13:19:43 - [MESSAGE][PASSED] - Keys 'ENTER + ' sent to object: 'Object Repository/Objects.HighlightElements/input_field_index'

2020-06-08 13:19:43 - [TEST_STEP][PASSED] - ComboBoxValue = getAttribute(NewInputNmField, "value"): Attribute 'value' of object 'Object Repository/Objects.HighlightElements/input_field_index' is: '[AAPSI802W] D1 (Multiple Owners Without Structural Plan)'

2020-06-08 13:19:43 - [MESSAGE][PASSED] - Attribute 'value' of object 'Object Repository/Objects.HighlightElements/input_field_index' is: '[AAPSI802W] D1 (Multiple Owners Without Structural Plan)'

2020-06-08 13:19:43 - [TEST_STEP][PASSED] - callTestCase(findTestCase(CallTCName), ["FindValue":ComboBoxValue, "DropdownNm":comboNm], STOP_ON_FAILURE): Call Test Case 'Test Cases/PFI Precision and Scale/PFI Components/PFILetterTemplate' successfully

2020-06-08 13:19:43 - [TEST_CASE][PASSED] - Test Cases/PFI Precision and Scale/PFI Components/PFILetterTemplate: Test Cases/PFI Precision and Scale/PFI Components/PFILetterTemplate

2020-06-08 13:19:43 - [TEST_STEP][PASSED] - PFILetterTemplateTBL = [1:["Reminder":"Ministry Of Health"], 2:["Reminder":"Reminder Free Format Letter"], 3:["Reminder":"Reminder 1 (SF_ESID_SIS/SL-REM1)"], ... ]: null

2020-06-08 13:19:43 - [TEST_STEP][PASSED] - switch (DropdownNm): null

2020-06-08 13:19:43 - [TEST_STEP][PASSED] - case "IssueWD":: null

2020-06-08 13:19:43 - [TEST_STEP][PASSED] - ValueFound = PFILetterTemplateTBL.find({ -> ... }): null

2020-06-08 13:19:43 - [TEST_STEP][PASSED] - break: null

2020-06-08 13:19:43 - [MESSAGE][PASSED] - Call Test Case 'Test Cases/PFI Precision and Scale/PFI Components/PFILetterTemplate' successfully

2020-06-08 13:19:43 - [TEST_STEP][PASSED] - println(ValueFound): null

2020-06-08 13:19:43 - [TEST_STEP][PASSED] - sendKeys(NewInputNmField, Keys.chord(ARROW_DOWN)): Keys 'DOWN + ' sent to object: 'Object Repository/Objects.HighlightElements/input_field_index'

2020-06-08 13:19:43 - [MESSAGE][PASSED] - Keys 'DOWN + ' sent to object: 'Object Repository/Objects.HighlightElements/input_field_index'

2020-06-08 13:19:43 - [TEST_STEP][PASSED] - sendKeys(NewInputNmField, Keys.chord(ARROW_DOWN)): Keys 'DOWN + ' sent to object: 'Object Repository/Objects.HighlightElements/input_field_index'

2020-06-08 13:19:43 - [MESSAGE][PASSED] - Keys 'DOWN + ' sent to object: 'Object Repository/Objects.HighlightElements/input_field_index'

2020-06-08 13:19:43 - [TEST_STEP][PASSED] - delay(DelayTime): Delayed 3 second(s)

2020-06-08 13:19:46 - [MESSAGE][PASSED] - Delayed 3 second(s)

2020-06-08 13:19:46 - [TEST_STEP][PASSED] - sendKeys(NewInputNmField, Keys.chord(ENTER)): Keys 'ENTER + ' sent to object: 'Object Repository/Objects.HighlightElements/input_field_index'

2020-06-08 13:19:46 - [MESSAGE][PASSED] - Keys 'ENTER + ' sent to object: 'Object Repository/Objects.HighlightElements/input_field_index'

2020-06-08 13:19:46 - [TEST_STEP][PASSED] - ComboBoxValue = getAttribute(NewInputNmField, "value"): Attribute 'value' of object 'Object Repository/Objects.HighlightElements/input_field_index' is: '[ AAPSI814W]  D1 (Single Owner Without Structural Plan) - Regeneration of Notice'

2020-06-08 13:19:46 - [MESSAGE][PASSED] - Attribute 'value' of object 'Object Repository/Objects.HighlightElements/input_field_index' is: '[ AAPSI814W]  D1 (Single Owner Without Structural Plan) - Regeneration of Notice'

2020-06-08 13:19:46 - [TEST_STEP][PASSED] - callTestCase(findTestCase(CallTCName), ["FindValue":ComboBoxValue, "DropdownNm":comboNm], STOP_ON_FAILURE): Call Test Case 'Test Cases/PFI Precision and Scale/PFI Components/PFILetterTemplate' successfully

2020-06-08 13:19:47 - [TEST_CASE][PASSED] - Test Cases/PFI Precision and Scale/PFI Components/PFILetterTemplate: Test Cases/PFI Precision and Scale/PFI Components/PFILetterTemplate

2020-06-08 13:19:47 - [TEST_STEP][PASSED] - PFILetterTemplateTBL = [1:["Reminder":"Ministry Of Health"], 2:["Reminder":"Reminder Free Format Letter"], 3:["Reminder":"Reminder 1 (SF_ESID_SIS/SL-REM1)"], ... ]: null

2020-06-08 13:19:47 - [TEST_STEP][PASSED] - switch (DropdownNm): null

2020-06-08 13:19:47 - [TEST_STEP][PASSED] - case "IssueWD":: null

2020-06-08 13:19:47 - [TEST_STEP][PASSED] - ValueFound = PFILetterTemplateTBL.find({ -> ... }): null

2020-06-08 13:19:47 - [TEST_STEP][PASSED] - break: null

2020-06-08 13:19:47 - [MESSAGE][PASSED] - Call Test Case 'Test Cases/PFI Precision and Scale/PFI Components/PFILetterTemplate' successfully

2020-06-08 13:19:47 - [TEST_STEP][PASSED] - println(ValueFound): null

2020-06-08 13:19:47 - [TEST_STEP][PASSED] - sendKeys(NewInputNmField, Keys.chord(ARROW_DOWN)): Keys 'DOWN + ' sent to object: 'Object Repository/Objects.HighlightElements/input_field_index'

2020-06-08 13:19:47 - [MESSAGE][PASSED] - Keys 'DOWN + ' sent to object: 'Object Repository/Objects.HighlightElements/input_field_index'

2020-06-08 13:19:47 - [TEST_STEP][PASSED] - sendKeys(NewInputNmField, Keys.chord(ARROW_DOWN)): Keys 'DOWN + ' sent to object: 'Object Repository/Objects.HighlightElements/input_field_index'

2020-06-08 13:19:47 - [MESSAGE][PASSED] - Keys 'DOWN + ' sent to object: 'Object Repository/Objects.HighlightElements/input_field_index'

2020-06-08 13:19:47 - [TEST_STEP][PASSED] - delay(DelayTime): Delayed 3 second(s)

2020-06-08 13:19:50 - [MESSAGE][PASSED] - Delayed 3 second(s)

2020-06-08 13:19:50 - [TEST_STEP][PASSED] - sendKeys(NewInputNmField, Keys.chord(ENTER)): Keys 'ENTER + ' sent to object: 'Object Repository/Objects.HighlightElements/input_field_index'

2020-06-08 13:19:50 - [MESSAGE][PASSED] - Keys 'ENTER + ' sent to object: 'Object Repository/Objects.HighlightElements/input_field_index'

2020-06-08 13:19:50 - [TEST_STEP][PASSED] - ComboBoxValue = getAttribute(NewInputNmField, "value"): Attribute 'value' of object 'Object Repository/Objects.HighlightElements/input_field_index' is: '[[304]AAPSI801] D1 (Single Owner With Structural Plan)'

2020-06-08 13:19:50 - [MESSAGE][PASSED] - Attribute 'value' of object 'Object Repository/Objects.HighlightElements/input_field_index' is: '[[304]AAPSI801] D1 (Single Owner With Structural Plan)'

2020-06-08 13:19:50 - [TEST_STEP][PASSED] - callTestCase(findTestCase(CallTCName), ["FindValue":ComboBoxValue, "DropdownNm":comboNm], STOP_ON_FAILURE): Call Test Case 'Test Cases/PFI Precision and Scale/PFI Components/PFILetterTemplate' successfully

2020-06-08 13:19:50 - [TEST_CASE][PASSED] - Test Cases/PFI Precision and Scale/PFI Components/PFILetterTemplate: Test Cases/PFI Precision and Scale/PFI Components/PFILetterTemplate

2020-06-08 13:19:50 - [TEST_STEP][PASSED] - PFILetterTemplateTBL = [1:["Reminder":"Ministry Of Health"], 2:["Reminder":"Reminder Free Format Letter"], 3:["Reminder":"Reminder 1 (SF_ESID_SIS/SL-REM1)"], ... ]: null

2020-06-08 13:19:50 - [TEST_STEP][PASSED] - switch (DropdownNm): null

2020-06-08 13:19:50 - [TEST_STEP][PASSED] - case "IssueWD":: null

2020-06-08 13:19:50 - [TEST_STEP][PASSED] - ValueFound = PFILetterTemplateTBL.find({ -> ... }): null

2020-06-08 13:19:50 - [TEST_STEP][PASSED] - break: null

2020-06-08 13:19:50 - [MESSAGE][PASSED] - Call Test Case 'Test Cases/PFI Precision and Scale/PFI Components/PFILetterTemplate' successfully

2020-06-08 13:19:50 - [TEST_STEP][PASSED] - println(ValueFound): null

2020-06-08 13:19:50 - [TEST_STEP][PASSED] - sendKeys(NewInputNmField, Keys.chord(ARROW_DOWN)): Keys 'DOWN + ' sent to object: 'Object Repository/Objects.HighlightElements/input_field_index'

2020-06-08 13:19:50 - [MESSAGE][PASSED] - Keys 'DOWN + ' sent to object: 'Object Repository/Objects.HighlightElements/input_field_index'

2020-06-08 13:19:50 - [TEST_STEP][PASSED] - sendKeys(NewInputNmField, Keys.chord(ARROW_DOWN)): Keys 'DOWN + ' sent to object: 'Object Repository/Objects.HighlightElements/input_field_index'

2020-06-08 13:19:50 - [MESSAGE][PASSED] - Keys 'DOWN + ' sent to object: 'Object Repository/Objects.HighlightElements/input_field_index'

2020-06-08 13:19:50 - [TEST_STEP][PASSED] - delay(DelayTime): Delayed 3 second(s)

2020-06-08 13:19:53 - [MESSAGE][PASSED] - Delayed 3 second(s)

2020-06-08 13:19:53 - [TEST_STEP][PASSED] - sendKeys(NewInputNmField, Keys.chord(ENTER)): Keys 'ENTER + ' sent to object: 'Object Repository/Objects.HighlightElements/input_field_index'

2020-06-08 13:19:53 - [MESSAGE][PASSED] - Keys 'ENTER + ' sent to object: 'Object Repository/Objects.HighlightElements/input_field_index'

2020-06-08 13:19:53 - [TEST_STEP][PASSED] - ComboBoxValue = getAttribute(NewInputNmField, "value"): Attribute 'value' of object 'Object Repository/Objects.HighlightElements/input_field_index' is: '[[306]AAPSI802] D1 (Multiple Owners With Structural Plan)'

2020-06-08 13:19:53 - [MESSAGE][PASSED] - Attribute 'value' of object 'Object Repository/Objects.HighlightElements/input_field_index' is: '[[306]AAPSI802] D1 (Multiple Owners With Structural Plan)'

2020-06-08 13:19:53 - [TEST_STEP][PASSED] - callTestCase(findTestCase(CallTCName), ["FindValue":ComboBoxValue, "DropdownNm":comboNm], STOP_ON_FAILURE): Call Test Case 'Test Cases/PFI Precision and Scale/PFI Components/PFILetterTemplate' successfully

2020-06-08 13:19:53 - [TEST_CASE][PASSED] - Test Cases/PFI Precision and Scale/PFI Components/PFILetterTemplate: Test Cases/PFI Precision and Scale/PFI Components/PFILetterTemplate

2020-06-08 13:19:53 - [TEST_STEP][PASSED] - PFILetterTemplateTBL = [1:["Reminder":"Ministry Of Health"], 2:["Reminder":"Reminder Free Format Letter"], 3:["Reminder":"Reminder 1 (SF_ESID_SIS/SL-REM1)"], ... ]: null

2020-06-08 13:19:53 - [TEST_STEP][PASSED] - switch (DropdownNm): null

2020-06-08 13:19:53 - [TEST_STEP][PASSED] - case "IssueWD":: null

2020-06-08 13:19:53 - [TEST_STEP][PASSED] - ValueFound = PFILetterTemplateTBL.find({ -> ... }): null

2020-06-08 13:19:53 - [TEST_STEP][PASSED] - break: null

2020-06-08 13:19:53 - [MESSAGE][PASSED] - Call Test Case 'Test Cases/PFI Precision and Scale/PFI Components/PFILetterTemplate' successfully

2020-06-08 13:19:53 - [TEST_STEP][PASSED] - println(ValueFound): null

2020-06-08 13:19:53 - [TEST_STEP][PASSED] - sendKeys(NewInputNmField, Keys.chord(ARROW_DOWN)): Keys 'DOWN + ' sent to object: 'Object Repository/Objects.HighlightElements/input_field_index'

2020-06-08 13:19:53 - [MESSAGE][PASSED] - Keys 'DOWN + ' sent to object: 'Object Repository/Objects.HighlightElements/input_field_index'

2020-06-08 13:19:53 - [TEST_STEP][PASSED] - sendKeys(NewInputNmField, Keys.chord(ARROW_DOWN)): Keys 'DOWN + ' sent to object: 'Object Repository/Objects.HighlightElements/input_field_index'

2020-06-08 13:19:53 - [MESSAGE][PASSED] - Keys 'DOWN + ' sent to object: 'Object Repository/Objects.HighlightElements/input_field_index'

2020-06-08 13:19:53 - [TEST_STEP][PASSED] - delay(DelayTime): Delayed 3 second(s)

2020-06-08 13:19:56 - [MESSAGE][PASSED] - Delayed 3 second(s)

2020-06-08 13:19:56 - [TEST_STEP][PASSED] - sendKeys(NewInputNmField, Keys.chord(ENTER)): Keys 'ENTER + ' sent to object: 'Object Repository/Objects.HighlightElements/input_field_index'

2020-06-08 13:19:56 - [MESSAGE][PASSED] - Keys 'ENTER + ' sent to object: 'Object Repository/Objects.HighlightElements/input_field_index'

2020-06-08 13:19:56 - [TEST_STEP][PASSED] - ComboBoxValue = getAttribute(NewInputNmField, "value"): Attribute 'value' of object 'Object Repository/Objects.HighlightElements/input_field_index' is: '[[307]AAPSI814] D1 (Single Owner With Structural Plan) - Regeneration of Notice'

2020-06-08 13:19:56 - [MESSAGE][PASSED] - Attribute 'value' of object 'Object Repository/Objects.HighlightElements/input_field_index' is: '[[307]AAPSI814] D1 (Single Owner With Structural Plan) - Regeneration of Notice'

2020-06-08 13:19:56 - [TEST_STEP][PASSED] - callTestCase(findTestCase(CallTCName), ["FindValue":ComboBoxValue, "DropdownNm":comboNm], STOP_ON_FAILURE): Call Test Case 'Test Cases/PFI Precision and Scale/PFI Components/PFILetterTemplate' successfully

2020-06-08 13:19:56 - [TEST_CASE][PASSED] - Test Cases/PFI Precision and Scale/PFI Components/PFILetterTemplate: Test Cases/PFI Precision and Scale/PFI Components/PFILetterTemplate

2020-06-08 13:19:56 - [TEST_STEP][PASSED] - PFILetterTemplateTBL = [1:["Reminder":"Ministry Of Health"], 2:["Reminder":"Reminder Free Format Letter"], 3:["Reminder":"Reminder 1 (SF_ESID_SIS/SL-REM1)"], ... ]: null

2020-06-08 13:19:56 - [TEST_STEP][PASSED] - switch (DropdownNm): null

2020-06-08 13:19:56 - [TEST_STEP][PASSED] - case "IssueWD":: null

2020-06-08 13:19:56 - [TEST_STEP][PASSED] - ValueFound = PFILetterTemplateTBL.find({ -> ... }): null

2020-06-08 13:19:56 - [TEST_STEP][PASSED] - break: null

2020-06-08 13:19:56 - [MESSAGE][PASSED] - Call Test Case 'Test Cases/PFI Precision and Scale/PFI Components/PFILetterTemplate' successfully

2020-06-08 13:19:56 - [TEST_STEP][PASSED] - println(ValueFound): null

2020-06-08 13:19:56 - [TEST_STEP][PASSED] - sendKeys(NewInputNmField, Keys.chord(ARROW_DOWN)): Keys 'DOWN + ' sent to object: 'Object Repository/Objects.HighlightElements/input_field_index'

2020-06-08 13:19:56 - [MESSAGE][PASSED] - Keys 'DOWN + ' sent to object: 'Object Repository/Objects.HighlightElements/input_field_index'

2020-06-08 13:19:56 - [TEST_STEP][PASSED] - sendKeys(NewInputNmField, Keys.chord(ARROW_DOWN)): Keys 'DOWN + ' sent to object: 'Object Repository/Objects.HighlightElements/input_field_index'

2020-06-08 13:19:57 - [MESSAGE][PASSED] - Keys 'DOWN + ' sent to object: 'Object Repository/Objects.HighlightElements/input_field_index'

2020-06-08 13:19:57 - [TEST_STEP][PASSED] - delay(DelayTime): Delayed 3 second(s)

2020-06-08 13:20:00 - [MESSAGE][PASSED] - Delayed 3 second(s)

2020-06-08 13:20:00 - [TEST_STEP][PASSED] - sendKeys(NewInputNmField, Keys.chord(ENTER)): Keys 'ENTER + ' sent to object: 'Object Repository/Objects.HighlightElements/input_field_index'

2020-06-08 13:20:00 - [MESSAGE][PASSED] - Keys 'ENTER + ' sent to object: 'Object Repository/Objects.HighlightElements/input_field_index'

2020-06-08 13:20:00 - [TEST_STEP][PASSED] - ComboBoxValue = getAttribute(NewInputNmField, "value"): Attribute 'value' of object 'Object Repository/Objects.HighlightElements/input_field_index' is: '[[308]AAPSI815] D1 (Multiple Owners With Structural Plan) - Regeneration of Notice'

2020-06-08 13:20:00 - [MESSAGE][PASSED] - Attribute 'value' of object 'Object Repository/Objects.HighlightElements/input_field_index' is: '[[308]AAPSI815] D1 (Multiple Owners With Structural Plan) - Regeneration of Notice'

2020-06-08 13:20:00 - [TEST_STEP][PASSED] - callTestCase(findTestCase(CallTCName), ["FindValue":ComboBoxValue, "DropdownNm":comboNm], STOP_ON_FAILURE): Call Test Case 'Test Cases/PFI Precision and Scale/PFI Components/PFILetterTemplate' successfully

2020-06-08 13:20:00 - [TEST_CASE][PASSED] - Test Cases/PFI Precision and Scale/PFI Components/PFILetterTemplate: Test Cases/PFI Precision and Scale/PFI Components/PFILetterTemplate

2020-06-08 13:20:00 - [TEST_STEP][PASSED] - PFILetterTemplateTBL = [1:["Reminder":"Ministry Of Health"], 2:["Reminder":"Reminder Free Format Letter"], 3:["Reminder":"Reminder 1 (SF_ESID_SIS/SL-REM1)"], ... ]: null

2020-06-08 13:20:00 - [TEST_STEP][PASSED] - switch (DropdownNm): null

2020-06-08 13:20:00 - [TEST_STEP][PASSED] - case "IssueWD":: null

2020-06-08 13:20:00 - [TEST_STEP][PASSED] - ValueFound = PFILetterTemplateTBL.find({ -> ... }): null

2020-06-08 13:20:00 - [TEST_STEP][PASSED] - break: null

2020-06-08 13:20:00 - [MESSAGE][PASSED] - Call Test Case 'Test Cases/PFI Precision and Scale/PFI Components/PFILetterTemplate' successfully

2020-06-08 13:20:00 - [TEST_STEP][PASSED] - println(ValueFound): null

2020-06-08 13:20:00 - [TEST_STEP][PASSED] - sendKeys(NewInputNmField, Keys.chord(ARROW_DOWN)): Keys 'DOWN + ' sent to object: 'Object Repository/Objects.HighlightElements/input_field_index'

2020-06-08 13:20:00 - [MESSAGE][PASSED] - Keys 'DOWN + ' sent to object: 'Object Repository/Objects.HighlightElements/input_field_index'

2020-06-08 13:20:00 - [TEST_STEP][PASSED] - sendKeys(NewInputNmField, Keys.chord(ARROW_DOWN)): Keys 'DOWN + ' sent to object: 'Object Repository/Objects.HighlightElements/input_field_index'

2020-06-08 13:20:00 - [MESSAGE][PASSED] - Keys 'DOWN + ' sent to object: 'Object Repository/Objects.HighlightElements/input_field_index'

2020-06-08 13:20:00 - [TEST_STEP][PASSED] - delay(DelayTime): Delayed 3 second(s)

2020-06-08 13:20:03 - [MESSAGE][PASSED] - Delayed 3 second(s)

2020-06-08 13:20:03 - [TEST_STEP][PASSED] - sendKeys(NewInputNmField, Keys.chord(ENTER)): Keys 'ENTER + ' sent to object: 'Object Repository/Objects.HighlightElements/input_field_index'

2020-06-08 13:20:03 - [MESSAGE][PASSED] - Keys 'ENTER + ' sent to object: 'Object Repository/Objects.HighlightElements/input_field_index'

2020-06-08 13:20:03 - [TEST_STEP][PASSED] - ComboBoxValue = getAttribute(NewInputNmField, "value"): Attribute 'value' of object 'Object Repository/Objects.HighlightElements/input_field_index' is: '[[301]AAPSI816] SF_ESID_SISSF-D1-G Generate Govt Notice'

2020-06-08 13:20:03 - [MESSAGE][PASSED] - Attribute 'value' of object 'Object Repository/Objects.HighlightElements/input_field_index' is: '[[301]AAPSI816] SF_ESID_SISSF-D1-G Generate Govt Notice'

2020-06-08 13:20:03 - [TEST_STEP][PASSED] - callTestCase(findTestCase(CallTCName), ["FindValue":ComboBoxValue, "DropdownNm":comboNm], STOP_ON_FAILURE): Call Test Case 'Test Cases/PFI Precision and Scale/PFI Components/PFILetterTemplate' successfully

2020-06-08 13:20:03 - [TEST_CASE][PASSED] - Test Cases/PFI Precision and Scale/PFI Components/PFILetterTemplate: Test Cases/PFI Precision and Scale/PFI Components/PFILetterTemplate

2020-06-08 13:20:03 - [TEST_STEP][PASSED] - PFILetterTemplateTBL = [1:["Reminder":"Ministry Of Health"], 2:["Reminder":"Reminder Free Format Letter"], 3:["Reminder":"Reminder 1 (SF_ESID_SIS/SL-REM1)"], ... ]: null

2020-06-08 13:20:03 - [TEST_STEP][PASSED] - switch (DropdownNm): null

2020-06-08 13:20:03 - [TEST_STEP][PASSED] - case "IssueWD":: null

2020-06-08 13:20:03 - [TEST_STEP][PASSED] - ValueFound = PFILetterTemplateTBL.find({ -> ... }): null

2020-06-08 13:20:03 - [TEST_STEP][PASSED] - break: null

2020-06-08 13:20:03 - [MESSAGE][PASSED] - Call Test Case 'Test Cases/PFI Precision and Scale/PFI Components/PFILetterTemplate' successfully

2020-06-08 13:20:03 - [TEST_STEP][PASSED] - println(ValueFound): null

2020-06-08 13:20:03 - [TEST_STEP][PASSED] - sendKeys(NewInputNmField, Keys.chord(ARROW_DOWN)): Keys 'DOWN + ' sent to object: 'Object Repository/Objects.HighlightElements/input_field_index'

2020-06-08 13:20:03 - [MESSAGE][PASSED] - Keys 'DOWN + ' sent to object: 'Object Repository/Objects.HighlightElements/input_field_index'

2020-06-08 13:20:03 - [TEST_STEP][PASSED] - sendKeys(NewInputNmField, Keys.chord(ARROW_DOWN)): Keys 'DOWN + ' sent to object: 'Object Repository/Objects.HighlightElements/input_field_index'

2020-06-08 13:20:03 - [MESSAGE][PASSED] - Keys 'DOWN + ' sent to object: 'Object Repository/Objects.HighlightElements/input_field_index'

2020-06-08 13:20:03 - [TEST_STEP][PASSED] - delay(DelayTime): Delayed 3 second(s)

2020-06-08 13:20:06 - [MESSAGE][PASSED] - Delayed 3 second(s)

2020-06-08 13:20:06 - [TEST_STEP][PASSED] - sendKeys(NewInputNmField, Keys.chord(ENTER)): Keys 'ENTER + ' sent to object: 'Object Repository/Objects.HighlightElements/input_field_index'

2020-06-08 13:20:06 - [MESSAGE][PASSED] - Keys 'ENTER + ' sent to object: 'Object Repository/Objects.HighlightElements/input_field_index'

2020-06-08 13:20:06 - [TEST_STEP][PASSED] - ComboBoxValue = getAttribute(NewInputNmField, "value"): Attribute 'value' of object 'Object Repository/Objects.HighlightElements/input_field_index' is: '[AAPSI806] T1'

2020-06-08 13:20:06 - [MESSAGE][PASSED] - Attribute 'value' of object 'Object Repository/Objects.HighlightElements/input_field_index' is: '[AAPSI806] T1'

2020-06-08 13:20:06 - [TEST_STEP][PASSED] - callTestCase(findTestCase(CallTCName), ["FindValue":ComboBoxValue, "DropdownNm":comboNm], STOP_ON_FAILURE): Call Test Case 'Test Cases/PFI Precision and Scale/PFI Components/PFILetterTemplate' successfully

2020-06-08 13:20:06 - [TEST_CASE][PASSED] - Test Cases/PFI Precision and Scale/PFI Components/PFILetterTemplate: Test Cases/PFI Precision and Scale/PFI Components/PFILetterTemplate

2020-06-08 13:20:06 - [TEST_STEP][PASSED] - PFILetterTemplateTBL = [1:["Reminder":"Ministry Of Health"], 2:["Reminder":"Reminder Free Format Letter"], 3:["Reminder":"Reminder 1 (SF_ESID_SIS/SL-REM1)"], ... ]: null

2020-06-08 13:20:06 - [TEST_STEP][PASSED] - switch (DropdownNm): null

2020-06-08 13:20:06 - [TEST_STEP][PASSED] - case "IssueWD":: null

2020-06-08 13:20:06 - [TEST_STEP][PASSED] - ValueFound = PFILetterTemplateTBL.find({ -> ... }): null

2020-06-08 13:20:06 - [TEST_STEP][PASSED] - break: null

2020-06-08 13:20:06 - [MESSAGE][PASSED] - Call Test Case 'Test Cases/PFI Precision and Scale/PFI Components/PFILetterTemplate' successfully

2020-06-08 13:20:06 - [TEST_STEP][PASSED] - println(ValueFound): null

2020-06-08 13:20:06 - [TEST_STEP][PASSED] - sendKeys(NewInputNmField, Keys.chord(ARROW_DOWN)): Keys 'DOWN + ' sent to object: 'Object Repository/Objects.HighlightElements/input_field_index'

2020-06-08 13:20:06 - [MESSAGE][PASSED] - Keys 'DOWN + ' sent to object: 'Object Repository/Objects.HighlightElements/input_field_index'

2020-06-08 13:20:06 - [TEST_STEP][PASSED] - sendKeys(NewInputNmField, Keys.chord(ARROW_DOWN)): Keys 'DOWN + ' sent to object: 'Object Repository/Objects.HighlightElements/input_field_index'

2020-06-08 13:20:06 - [MESSAGE][PASSED] - Keys 'DOWN + ' sent to object: 'Object Repository/Objects.HighlightElements/input_field_index'

2020-06-08 13:20:06 - [TEST_STEP][PASSED] - delay(DelayTime): Delayed 3 second(s)

2020-06-08 13:20:09 - [MESSAGE][PASSED] - Delayed 3 second(s)

2020-06-08 13:20:09 - [TEST_STEP][PASSED] - sendKeys(NewInputNmField, Keys.chord(ENTER)): Keys 'ENTER + ' sent to object: 'Object Repository/Objects.HighlightElements/input_field_index'

2020-06-08 13:20:09 - [MESSAGE][PASSED] - Keys 'ENTER + ' sent to object: 'Object Repository/Objects.HighlightElements/input_field_index'

2020-06-08 13:20:09 - [TEST_STEP][PASSED] - ComboBoxValue = getAttribute(NewInputNmField, "value"): Attribute 'value' of object 'Object Repository/Objects.HighlightElements/input_field_index' is: '[AAPSI807] T3'

2020-06-08 13:20:10 - [MESSAGE][PASSED] - Attribute 'value' of object 'Object Repository/Objects.HighlightElements/input_field_index' is: '[AAPSI807] T3'

2020-06-08 13:20:10 - [TEST_STEP][PASSED] - callTestCase(findTestCase(CallTCName), ["FindValue":ComboBoxValue, "DropdownNm":comboNm], STOP_ON_FAILURE): Call Test Case 'Test Cases/PFI Precision and Scale/PFI Components/PFILetterTemplate' successfully

2020-06-08 13:20:10 - [TEST_CASE][PASSED] - Test Cases/PFI Precision and Scale/PFI Components/PFILetterTemplate: Test Cases/PFI Precision and Scale/PFI Components/PFILetterTemplate

2020-06-08 13:20:10 - [TEST_STEP][PASSED] - PFILetterTemplateTBL = [1:["Reminder":"Ministry Of Health"], 2:["Reminder":"Reminder Free Format Letter"], 3:["Reminder":"Reminder 1 (SF_ESID_SIS/SL-REM1)"], ... ]: null

2020-06-08 13:20:10 - [TEST_STEP][PASSED] - switch (DropdownNm): null

2020-06-08 13:20:10 - [TEST_STEP][PASSED] - case "IssueWD":: null

2020-06-08 13:20:10 - [TEST_STEP][PASSED] - ValueFound = PFILetterTemplateTBL.find({ -> ... }): null

2020-06-08 13:20:10 - [TEST_STEP][PASSED] - break: null

2020-06-08 13:20:10 - [MESSAGE][PASSED] - Call Test Case 'Test Cases/PFI Precision and Scale/PFI Components/PFILetterTemplate' successfully

2020-06-08 13:20:10 - [TEST_STEP][PASSED] - println(ValueFound): null

2020-06-08 13:20:10 - [TEST_STEP][PASSED] - sendKeys(NewInputNmField, Keys.chord(ARROW_DOWN)): Keys 'DOWN + ' sent to object: 'Object Repository/Objects.HighlightElements/input_field_index'

2020-06-08 13:20:10 - [MESSAGE][PASSED] - Keys 'DOWN + ' sent to object: 'Object Repository/Objects.HighlightElements/input_field_index'

2020-06-08 13:20:10 - [TEST_STEP][PASSED] - sendKeys(NewInputNmField, Keys.chord(ARROW_DOWN)): Keys 'DOWN + ' sent to object: 'Object Repository/Objects.HighlightElements/input_field_index'

2020-06-08 13:20:10 - [MESSAGE][PASSED] - Keys 'DOWN + ' sent to object: 'Object Repository/Objects.HighlightElements/input_field_index'

2020-06-08 13:20:10 - [TEST_STEP][PASSED] - delay(DelayTime): Delayed 3 second(s)

2020-06-08 13:20:13 - [MESSAGE][PASSED] - Delayed 3 second(s)

2020-06-08 13:20:13 - [TEST_STEP][PASSED] - sendKeys(NewInputNmField, Keys.chord(ENTER)): Keys 'ENTER + ' sent to object: 'Object Repository/Objects.HighlightElements/input_field_index'

2020-06-08 13:20:13 - [MESSAGE][PASSED] - Keys 'ENTER + ' sent to object: 'Object Repository/Objects.HighlightElements/input_field_index'

2020-06-08 13:20:13 - [TEST_STEP][PASSED] - ComboBoxValue = getAttribute(NewInputNmField, "value"): Attribute 'value' of object 'Object Repository/Objects.HighlightElements/input_field_index' is: '[AAPSI808] T4'

2020-06-08 13:20:13 - [MESSAGE][PASSED] - Attribute 'value' of object 'Object Repository/Objects.HighlightElements/input_field_index' is: '[AAPSI808] T4'

2020-06-08 13:20:13 - [TEST_STEP][PASSED] - callTestCase(findTestCase(CallTCName), ["FindValue":ComboBoxValue, "DropdownNm":comboNm], STOP_ON_FAILURE): Call Test Case 'Test Cases/PFI Precision and Scale/PFI Components/PFILetterTemplate' successfully

2020-06-08 13:20:13 - [TEST_CASE][PASSED] - Test Cases/PFI Precision and Scale/PFI Components/PFILetterTemplate: Test Cases/PFI Precision and Scale/PFI Components/PFILetterTemplate

2020-06-08 13:20:13 - [TEST_STEP][PASSED] - PFILetterTemplateTBL = [1:["Reminder":"Ministry Of Health"], 2:["Reminder":"Reminder Free Format Letter"], 3:["Reminder":"Reminder 1 (SF_ESID_SIS/SL-REM1)"], ... ]: null

2020-06-08 13:20:13 - [TEST_STEP][PASSED] - switch (DropdownNm): null

2020-06-08 13:20:13 - [TEST_STEP][PASSED] - case "IssueWD":: null

2020-06-08 13:20:13 - [TEST_STEP][PASSED] - ValueFound = PFILetterTemplateTBL.find({ -> ... }): null

2020-06-08 13:20:13 - [TEST_STEP][PASSED] - break: null

2020-06-08 13:20:13 - [MESSAGE][PASSED] - Call Test Case 'Test Cases/PFI Precision and Scale/PFI Components/PFILetterTemplate' successfully

2020-06-08 13:20:13 - [TEST_STEP][PASSED] - println(ValueFound): null

2020-06-08 13:20:13 - [TEST_STEP][PASSED] - sendKeys(NewInputNmField, Keys.chord(ARROW_DOWN)): Keys 'DOWN + ' sent to object: 'Object Repository/Objects.HighlightElements/input_field_index'

2020-06-08 13:20:13 - [MESSAGE][PASSED] - Keys 'DOWN + ' sent to object: 'Object Repository/Objects.HighlightElements/input_field_index'

2020-06-08 13:20:13 - [TEST_STEP][PASSED] - sendKeys(NewInputNmField, Keys.chord(ARROW_DOWN)): Keys 'DOWN + ' sent to object: 'Object Repository/Objects.HighlightElements/input_field_index'

2020-06-08 13:20:13 - [MESSAGE][PASSED] - Keys 'DOWN + ' sent to object: 'Object Repository/Objects.HighlightElements/input_field_index'

2020-06-08 13:20:13 - [TEST_STEP][PASSED] - delay(DelayTime): Delayed 3 second(s)

2020-06-08 13:20:16 - [MESSAGE][PASSED] - Delayed 3 second(s)

2020-06-08 13:20:16 - [TEST_STEP][PASSED] - sendKeys(NewInputNmField, Keys.chord(ENTER)): Keys 'ENTER + ' sent to object: 'Object Repository/Objects.HighlightElements/input_field_index'

2020-06-08 13:20:16 - [MESSAGE][PASSED] - Keys 'ENTER + ' sent to object: 'Object Repository/Objects.HighlightElements/input_field_index'

2020-06-08 13:20:16 - [TEST_STEP][PASSED] - ComboBoxValue = getAttribute(NewInputNmField, "value"): Attribute 'value' of object 'Object Repository/Objects.HighlightElements/input_field_index' is: '[AAPSI820] T7'

2020-06-08 13:20:16 - [MESSAGE][PASSED] - Attribute 'value' of object 'Object Repository/Objects.HighlightElements/input_field_index' is: '[AAPSI820] T7'

2020-06-08 13:20:16 - [TEST_STEP][PASSED] - callTestCase(findTestCase(CallTCName), ["FindValue":ComboBoxValue, "DropdownNm":comboNm], STOP_ON_FAILURE): Call Test Case 'Test Cases/PFI Precision and Scale/PFI Components/PFILetterTemplate' successfully

2020-06-08 13:20:16 - [TEST_CASE][PASSED] - Test Cases/PFI Precision and Scale/PFI Components/PFILetterTemplate: Test Cases/PFI Precision and Scale/PFI Components/PFILetterTemplate

2020-06-08 13:20:16 - [TEST_STEP][PASSED] - PFILetterTemplateTBL = [1:["Reminder":"Ministry Of Health"], 2:["Reminder":"Reminder Free Format Letter"], 3:["Reminder":"Reminder 1 (SF_ESID_SIS/SL-REM1)"], ... ]: null

2020-06-08 13:20:16 - [TEST_STEP][PASSED] - switch (DropdownNm): null

2020-06-08 13:20:16 - [TEST_STEP][PASSED] - case "IssueWD":: null

2020-06-08 13:20:16 - [TEST_STEP][PASSED] - ValueFound = PFILetterTemplateTBL.find({ -> ... }): null

2020-06-08 13:20:16 - [TEST_STEP][PASSED] - break: null

2020-06-08 13:20:16 - [MESSAGE][PASSED] - Call Test Case 'Test Cases/PFI Precision and Scale/PFI Components/PFILetterTemplate' successfully

2020-06-08 13:20:16 - [TEST_STEP][PASSED] - println(ValueFound): null

2020-06-08 13:20:16 - [TEST_STEP][PASSED] - sendKeys(NewInputNmField, Keys.chord(ARROW_DOWN)): Keys 'DOWN + ' sent to object: 'Object Repository/Objects.HighlightElements/input_field_index'

2020-06-08 13:20:16 - [MESSAGE][PASSED] - Keys 'DOWN + ' sent to object: 'Object Repository/Objects.HighlightElements/input_field_index'

2020-06-08 13:20:16 - [TEST_STEP][PASSED] - sendKeys(NewInputNmField, Keys.chord(ARROW_DOWN)): Keys 'DOWN + ' sent to object: 'Object Repository/Objects.HighlightElements/input_field_index'

2020-06-08 13:20:17 - [MESSAGE][PASSED] - Keys 'DOWN + ' sent to object: 'Object Repository/Objects.HighlightElements/input_field_index'

2020-06-08 13:20:17 - [TEST_STEP][PASSED] - delay(DelayTime): Delayed 3 second(s)

2020-06-08 13:20:20 - [MESSAGE][PASSED] - Delayed 3 second(s)

2020-06-08 13:20:20 - [TEST_STEP][PASSED] - sendKeys(NewInputNmField, Keys.chord(ENTER)): Keys 'ENTER + ' sent to object: 'Object Repository/Objects.HighlightElements/input_field_index'

2020-06-08 13:20:20 - [MESSAGE][PASSED] - Keys 'ENTER + ' sent to object: 'Object Repository/Objects.HighlightElements/input_field_index'

2020-06-08 13:20:20 - [TEST_STEP][PASSED] - ComboBoxValue = getAttribute(NewInputNmField, "value"): Attribute 'value' of object 'Object Repository/Objects.HighlightElements/input_field_index' is: '[AAPSI821] T7C'

2020-06-08 13:20:20 - [MESSAGE][PASSED] - Attribute 'value' of object 'Object Repository/Objects.HighlightElements/input_field_index' is: '[AAPSI821] T7C'

2020-06-08 13:20:20 - [TEST_STEP][PASSED] - callTestCase(findTestCase(CallTCName), ["FindValue":ComboBoxValue, "DropdownNm":comboNm], STOP_ON_FAILURE): Call Test Case 'Test Cases/PFI Precision and Scale/PFI Components/PFILetterTemplate' successfully

2020-06-08 13:20:20 - [TEST_CASE][PASSED] - Test Cases/PFI Precision and Scale/PFI Components/PFILetterTemplate: Test Cases/PFI Precision and Scale/PFI Components/PFILetterTemplate

2020-06-08 13:20:20 - [TEST_STEP][PASSED] - PFILetterTemplateTBL = [1:["Reminder":"Ministry Of Health"], 2:["Reminder":"Reminder Free Format Letter"], 3:["Reminder":"Reminder 1 (SF_ESID_SIS/SL-REM1)"], ... ]: null

2020-06-08 13:20:20 - [TEST_STEP][PASSED] - switch (DropdownNm): null

2020-06-08 13:20:20 - [TEST_STEP][PASSED] - case "IssueWD":: null

2020-06-08 13:20:20 - [TEST_STEP][PASSED] - ValueFound = PFILetterTemplateTBL.find({ -> ... }): null

2020-06-08 13:20:20 - [TEST_STEP][PASSED] - break: null

2020-06-08 13:20:20 - [MESSAGE][PASSED] - Call Test Case 'Test Cases/PFI Precision and Scale/PFI Components/PFILetterTemplate' successfully

2020-06-08 13:20:20 - [TEST_STEP][PASSED] - println(ValueFound): null

2020-06-08 13:20:20 - [TEST_STEP][PASSED] - sendKeys(NewInputNmField, Keys.chord(ARROW_DOWN)): Keys 'DOWN + ' sent to object: 'Object Repository/Objects.HighlightElements/input_field_index'

2020-06-08 13:20:20 - [MESSAGE][PASSED] - Keys 'DOWN + ' sent to object: 'Object Repository/Objects.HighlightElements/input_field_index'

2020-06-08 13:20:20 - [TEST_STEP][PASSED] - sendKeys(NewInputNmField, Keys.chord(ARROW_DOWN)): Keys 'DOWN + ' sent to object: 'Object Repository/Objects.HighlightElements/input_field_index'

2020-06-08 13:20:20 - [MESSAGE][PASSED] - Keys 'DOWN + ' sent to object: 'Object Repository/Objects.HighlightElements/input_field_index'

2020-06-08 13:20:20 - [TEST_STEP][PASSED] - delay(DelayTime): Delayed 3 second(s)

2020-06-08 13:20:23 - [MESSAGE][PASSED] - Delayed 3 second(s)

2020-06-08 13:20:23 - [TEST_STEP][PASSED] - sendKeys(NewInputNmField, Keys.chord(ENTER)): Keys 'ENTER + ' sent to object: 'Object Repository/Objects.HighlightElements/input_field_index'

2020-06-08 13:20:23 - [MESSAGE][PASSED] - Keys 'ENTER + ' sent to object: 'Object Repository/Objects.HighlightElements/input_field_index'

2020-06-08 13:20:23 - [TEST_STEP][PASSED] - ComboBoxValue = getAttribute(NewInputNmField, "value"): Attribute 'value' of object 'Object Repository/Objects.HighlightElements/input_field_index' is: '[eAAPSI806] eT1'

2020-06-08 13:20:23 - [MESSAGE][PASSED] - Attribute 'value' of object 'Object Repository/Objects.HighlightElements/input_field_index' is: '[eAAPSI806] eT1'

2020-06-08 13:20:23 - [TEST_STEP][PASSED] - callTestCase(findTestCase(CallTCName), ["FindValue":ComboBoxValue, "DropdownNm":comboNm], STOP_ON_FAILURE): Call Test Case 'Test Cases/PFI Precision and Scale/PFI Components/PFILetterTemplate' successfully

2020-06-08 13:20:23 - [TEST_CASE][PASSED] - Test Cases/PFI Precision and Scale/PFI Components/PFILetterTemplate: Test Cases/PFI Precision and Scale/PFI Components/PFILetterTemplate

2020-06-08 13:20:23 - [TEST_STEP][PASSED] - PFILetterTemplateTBL = [1:["Reminder":"Ministry Of Health"], 2:["Reminder":"Reminder Free Format Letter"], 3:["Reminder":"Reminder 1 (SF_ESID_SIS/SL-REM1)"], ... ]: null

2020-06-08 13:20:23 - [TEST_STEP][PASSED] - switch (DropdownNm): null

2020-06-08 13:20:23 - [TEST_STEP][PASSED] - case "IssueWD":: null

2020-06-08 13:20:23 - [TEST_STEP][PASSED] - ValueFound = PFILetterTemplateTBL.find({ -> ... }): null

2020-06-08 13:20:23 - [TEST_STEP][PASSED] - break: null

2020-06-08 13:20:23 - [MESSAGE][PASSED] - Call Test Case 'Test Cases/PFI Precision and Scale/PFI Components/PFILetterTemplate' successfully

2020-06-08 13:20:23 - [TEST_STEP][PASSED] - println(ValueFound): null

2020-06-08 13:20:23 - [TEST_STEP][PASSED] - sendKeys(NewInputNmField, Keys.chord(ARROW_DOWN)): Keys 'DOWN + ' sent to object: 'Object Repository/Objects.HighlightElements/input_field_index'

2020-06-08 13:20:23 - [MESSAGE][PASSED] - Keys 'DOWN + ' sent to object: 'Object Repository/Objects.HighlightElements/input_field_index'

2020-06-08 13:20:23 - [TEST_STEP][PASSED] - sendKeys(NewInputNmField, Keys.chord(ARROW_DOWN)): Keys 'DOWN + ' sent to object: 'Object Repository/Objects.HighlightElements/input_field_index'

2020-06-08 13:20:23 - [MESSAGE][PASSED] - Keys 'DOWN + ' sent to object: 'Object Repository/Objects.HighlightElements/input_field_index'

2020-06-08 13:20:23 - [TEST_STEP][PASSED] - delay(DelayTime): Delayed 3 second(s)

2020-06-08 13:20:26 - [MESSAGE][PASSED] - Delayed 3 second(s)

2020-06-08 13:20:26 - [TEST_STEP][PASSED] - sendKeys(NewInputNmField, Keys.chord(ENTER)): Keys 'ENTER + ' sent to object: 'Object Repository/Objects.HighlightElements/input_field_index'

2020-06-08 13:20:26 - [MESSAGE][PASSED] - Keys 'ENTER + ' sent to object: 'Object Repository/Objects.HighlightElements/input_field_index'

2020-06-08 13:20:26 - [TEST_STEP][PASSED] - ComboBoxValue = getAttribute(NewInputNmField, "value"): Attribute 'value' of object 'Object Repository/Objects.HighlightElements/input_field_index' is: '[eAAPSI807] eT3'

2020-06-08 13:20:26 - [MESSAGE][PASSED] - Attribute 'value' of object 'Object Repository/Objects.HighlightElements/input_field_index' is: '[eAAPSI807] eT3'

2020-06-08 13:20:26 - [TEST_STEP][PASSED] - callTestCase(findTestCase(CallTCName), ["FindValue":ComboBoxValue, "DropdownNm":comboNm], STOP_ON_FAILURE): Call Test Case 'Test Cases/PFI Precision and Scale/PFI Components/PFILetterTemplate' successfully

2020-06-08 13:20:26 - [TEST_CASE][PASSED] - Test Cases/PFI Precision and Scale/PFI Components/PFILetterTemplate: Test Cases/PFI Precision and Scale/PFI Components/PFILetterTemplate

2020-06-08 13:20:26 - [TEST_STEP][PASSED] - PFILetterTemplateTBL = [1:["Reminder":"Ministry Of Health"], 2:["Reminder":"Reminder Free Format Letter"], 3:["Reminder":"Reminder 1 (SF_ESID_SIS/SL-REM1)"], ... ]: null

2020-06-08 13:20:26 - [TEST_STEP][PASSED] - switch (DropdownNm): null

2020-06-08 13:20:26 - [TEST_STEP][PASSED] - case "IssueWD":: null

2020-06-08 13:20:26 - [TEST_STEP][PASSED] - ValueFound = PFILetterTemplateTBL.find({ -> ... }): null

2020-06-08 13:20:26 - [TEST_STEP][PASSED] - break: null

2020-06-08 13:20:26 - [MESSAGE][PASSED] - Call Test Case 'Test Cases/PFI Precision and Scale/PFI Components/PFILetterTemplate' successfully

2020-06-08 13:20:26 - [TEST_STEP][PASSED] - println(ValueFound): null

2020-06-08 13:20:26 - [TEST_STEP][PASSED] - sendKeys(NewInputNmField, Keys.chord(ARROW_DOWN)): Keys 'DOWN + ' sent to object: 'Object Repository/Objects.HighlightElements/input_field_index'

2020-06-08 13:20:26 - [MESSAGE][PASSED] - Keys 'DOWN + ' sent to object: 'Object Repository/Objects.HighlightElements/input_field_index'

2020-06-08 13:20:26 - [TEST_STEP][PASSED] - sendKeys(NewInputNmField, Keys.chord(ARROW_DOWN)): Keys 'DOWN + ' sent to object: 'Object Repository/Objects.HighlightElements/input_field_index'

2020-06-08 13:20:27 - [MESSAGE][PASSED] - Keys 'DOWN + ' sent to object: 'Object Repository/Objects.HighlightElements/input_field_index'

2020-06-08 13:20:27 - [TEST_STEP][PASSED] - delay(DelayTime): Delayed 3 second(s)

2020-06-08 13:20:30 - [MESSAGE][PASSED] - Delayed 3 second(s)

2020-06-08 13:20:30 - [TEST_STEP][PASSED] - sendKeys(NewInputNmField, Keys.chord(ENTER)): Keys 'ENTER + ' sent to object: 'Object Repository/Objects.HighlightElements/input_field_index'

2020-06-08 13:20:30 - [MESSAGE][PASSED] - Keys 'ENTER + ' sent to object: 'Object Repository/Objects.HighlightElements/input_field_index'

2020-06-08 13:20:30 - [TEST_STEP][PASSED] - ComboBoxValue = getAttribute(NewInputNmField, "value"): Attribute 'value' of object 'Object Repository/Objects.HighlightElements/input_field_index' is: '[eAAPSI808] eT4'

2020-06-08 13:20:30 - [MESSAGE][PASSED] - Attribute 'value' of object 'Object Repository/Objects.HighlightElements/input_field_index' is: '[eAAPSI808] eT4'

2020-06-08 13:20:30 - [TEST_STEP][PASSED] - callTestCase(findTestCase(CallTCName), ["FindValue":ComboBoxValue, "DropdownNm":comboNm], STOP_ON_FAILURE): Call Test Case 'Test Cases/PFI Precision and Scale/PFI Components/PFILetterTemplate' successfully

2020-06-08 13:20:30 - [TEST_CASE][PASSED] - Test Cases/PFI Precision and Scale/PFI Components/PFILetterTemplate: Test Cases/PFI Precision and Scale/PFI Components/PFILetterTemplate

2020-06-08 13:20:30 - [TEST_STEP][PASSED] - PFILetterTemplateTBL = [1:["Reminder":"Ministry Of Health"], 2:["Reminder":"Reminder Free Format Letter"], 3:["Reminder":"Reminder 1 (SF_ESID_SIS/SL-REM1)"], ... ]: null

2020-06-08 13:20:30 - [TEST_STEP][PASSED] - switch (DropdownNm): null

2020-06-08 13:20:30 - [TEST_STEP][PASSED] - case "IssueWD":: null

2020-06-08 13:20:30 - [TEST_STEP][PASSED] - ValueFound = PFILetterTemplateTBL.find({ -> ... }): null

2020-06-08 13:20:30 - [TEST_STEP][PASSED] - break: null

2020-06-08 13:20:30 - [MESSAGE][PASSED] - Call Test Case 'Test Cases/PFI Precision and Scale/PFI Components/PFILetterTemplate' successfully

2020-06-08 13:20:30 - [TEST_STEP][PASSED] - println(ValueFound): null

2020-06-08 13:20:30 - [TEST_STEP][PASSED] - sendKeys(NewInputNmField, Keys.chord(ARROW_DOWN)): Keys 'DOWN + ' sent to object: 'Object Repository/Objects.HighlightElements/input_field_index'

2020-06-08 13:20:30 - [MESSAGE][PASSED] - Keys 'DOWN + ' sent to object: 'Object Repository/Objects.HighlightElements/input_field_index'

2020-06-08 13:20:30 - [TEST_STEP][PASSED] - sendKeys(NewInputNmField, Keys.chord(ARROW_DOWN)): Keys 'DOWN + ' sent to object: 'Object Repository/Objects.HighlightElements/input_field_index'

2020-06-08 13:20:30 - [MESSAGE][PASSED] - Keys 'DOWN + ' sent to object: 'Object Repository/Objects.HighlightElements/input_field_index'

2020-06-08 13:20:30 - [TEST_STEP][PASSED] - delay(DelayTime): Delayed 3 second(s)

2020-06-08 13:20:33 - [MESSAGE][PASSED] - Delayed 3 second(s)

2020-06-08 13:20:33 - [TEST_STEP][PASSED] - sendKeys(NewInputNmField, Keys.chord(ENTER)): Keys 'ENTER + ' sent to object: 'Object Repository/Objects.HighlightElements/input_field_index'

2020-06-08 13:20:35 - [MESSAGE][PASSED] - Keys 'ENTER + ' sent to object: 'Object Repository/Objects.HighlightElements/input_field_index'

2020-06-08 13:20:35 - [TEST_STEP][PASSED] - ComboBoxValue = getAttribute(NewInputNmField, "value"): Attribute 'value' of object 'Object Repository/Objects.HighlightElements/input_field_index' is: '[eAAPSI809] eT5'

2020-06-08 13:20:38 - [MESSAGE][PASSED] - Attribute 'value' of object 'Object Repository/Objects.HighlightElements/input_field_index' is: '[eAAPSI809] eT5'

2020-06-08 13:20:38 - [TEST_STEP][PASSED] - callTestCase(findTestCase(CallTCName), ["FindValue":ComboBoxValue, "DropdownNm":comboNm], STOP_ON_FAILURE): Call Test Case 'Test Cases/PFI Precision and Scale/PFI Components/PFILetterTemplate' successfully

2020-06-08 13:20:51 - [TEST_CASE][PASSED] - Test Cases/PFI Precision and Scale/PFI Components/PFILetterTemplate: Test Cases/PFI Precision and Scale/PFI Components/PFILetterTemplate

2020-06-08 13:20:58 - [TEST_STEP][PASSED] - PFILetterTemplateTBL = [1:["Reminder":"Ministry Of Health"], 2:["Reminder":"Reminder Free Format Letter"], 3:["Reminder":"Reminder 1 (SF_ESID_SIS/SL-REM1)"], ... ]: null

2020-06-08 13:20:58 - [TEST_STEP][PASSED] - switch (DropdownNm): null

2020-06-08 13:20:58 - [TEST_STEP][PASSED] - case "IssueWD":: null

2020-06-08 13:20:58 - [TEST_STEP][PASSED] - ValueFound = PFILetterTemplateTBL.find({ -> ... }): null

2020-06-08 13:20:58 - [TEST_STEP][PASSED] - break: null

2020-06-08 13:20:58 - [MESSAGE][PASSED] - Call Test Case 'Test Cases/PFI Precision and Scale/PFI Components/PFILetterTemplate' successfully

2020-06-08 13:20:58 - [TEST_STEP][PASSED] - println(ValueFound): null

2020-06-08 13:20:58 - [TEST_STEP][PASSED] - sendKeys(NewInputNmField, Keys.chord(ARROW_DOWN)): Keys 'DOWN + ' sent to object: 'Object Repository/Objects.HighlightElements/input_field_index'

2020-06-08 13:20:59 - [MESSAGE][PASSED] - Keys 'DOWN + ' sent to object: 'Object Repository/Objects.HighlightElements/input_field_index'

2020-06-08 13:20:59 - [TEST_STEP][PASSED] - sendKeys(NewInputNmField, Keys.chord(ARROW_DOWN)): Keys 'DOWN + ' sent to object: 'Object Repository/Objects.HighlightElements/input_field_index'

2020-06-08 13:21:02 - [MESSAGE][PASSED] - Keys 'DOWN + ' sent to object: 'Object Repository/Objects.HighlightElements/input_field_index'

2020-06-08 13:21:02 - [TEST_STEP][PASSED] - delay(DelayTime): Delayed 3 second(s)

2020-06-08 13:21:07 - [MESSAGE][PASSED] - Delayed 3 second(s)

2020-06-08 13:21:07 - [TEST_STEP][PASSED] - sendKeys(NewInputNmField, Keys.chord(ENTER)): Keys 'ENTER + ' sent to object: 'Object Repository/Objects.HighlightElements/input_field_index'

2020-06-08 13:21:09 - [MESSAGE][PASSED] - Keys 'ENTER + ' sent to object: 'Object Repository/Objects.HighlightElements/input_field_index'

2020-06-08 13:21:09 - [TEST_STEP][PASSED] - ComboBoxValue = getAttribute(NewInputNmField, "value"): Attribute 'value' of object 'Object Repository/Objects.HighlightElements/input_field_index' is: '[eAAPSI810] eT6'

2020-06-08 13:21:14 - [MESSAGE][PASSED] - Attribute 'value' of object 'Object Repository/Objects.HighlightElements/input_field_index' is: '[eAAPSI810] eT6'

2020-06-08 13:21:14 - [TEST_STEP][PASSED] - callTestCase(findTestCase(CallTCName), ["FindValue":ComboBoxValue, "DropdownNm":comboNm], STOP_ON_FAILURE): Call Test Case 'Test Cases/PFI Precision and Scale/PFI Components/PFILetterTemplate' successfully

2020-06-08 13:21:26 - [TEST_CASE][PASSED] - Test Cases/PFI Precision and Scale/PFI Components/PFILetterTemplate: Test Cases/PFI Precision and Scale/PFI Components/PFILetterTemplate

2020-06-08 13:21:31 - [TEST_STEP][PASSED] - PFILetterTemplateTBL = [1:["Reminder":"Ministry Of Health"], 2:["Reminder":"Reminder Free Format Letter"], 3:["Reminder":"Reminder 1 (SF_ESID_SIS/SL-REM1)"], ... ]: null

2020-06-08 13:21:31 - [TEST_STEP][PASSED] - switch (DropdownNm): null

2020-06-08 13:21:31 - [TEST_STEP][PASSED] - case "IssueWD":: null

2020-06-08 13:21:31 - [TEST_STEP][PASSED] - ValueFound = PFILetterTemplateTBL.find({ -> ... }): null

2020-06-08 13:21:31 - [TEST_STEP][PASSED] - break: null

2020-06-08 13:21:31 - [MESSAGE][PASSED] - Call Test Case 'Test Cases/PFI Precision and Scale/PFI Components/PFILetterTemplate' successfully

2020-06-08 13:21:31 - [TEST_STEP][PASSED] - println(ValueFound): null

2020-06-08 13:21:31 - [TEST_STEP][PASSED] - sendKeys(NewInputNmField, Keys.chord(ARROW_DOWN)): Keys 'DOWN + ' sent to object: 'Object Repository/Objects.HighlightElements/input_field_index'

2020-06-08 13:21:32 - [MESSAGE][PASSED] - Keys 'DOWN + ' sent to object: 'Object Repository/Objects.HighlightElements/input_field_index'

2020-06-08 13:21:32 - [TEST_STEP][PASSED] - sendKeys(NewInputNmField, Keys.chord(ARROW_DOWN)): Keys 'DOWN + ' sent to object: 'Object Repository/Objects.HighlightElements/input_field_index'

2020-06-08 13:21:35 - [MESSAGE][PASSED] - Keys 'DOWN + ' sent to object: 'Object Repository/Objects.HighlightElements/input_field_index'

2020-06-08 13:21:35 - [TEST_STEP][PASSED] - delay(DelayTime): Delayed 3 second(s)

2020-06-08 13:21:39 - [MESSAGE][PASSED] - Delayed 3 second(s)

2020-06-08 13:21:39 - [TEST_STEP][PASSED] - sendKeys(NewInputNmField, Keys.chord(ENTER)): Keys 'ENTER + ' sent to object: 'Object Repository/Objects.HighlightElements/input_field_index'

2020-06-08 13:21:42 - [MESSAGE][PASSED] - Keys 'ENTER + ' sent to object: 'Object Repository/Objects.HighlightElements/input_field_index'

2020-06-08 13:21:42 - [TEST_STEP][PASSED] - ComboBoxValue = getAttribute(NewInputNmField, "value"): Attribute 'value' of object 'Object Repository/Objects.HighlightElements/input_field_index' is: '[eAAPSI820] eT7'

2020-06-08 13:21:46 - [MESSAGE][PASSED] - Attribute 'value' of object 'Object Repository/Objects.HighlightElements/input_field_index' is: '[eAAPSI820] eT7'

2020-06-08 13:21:46 - [TEST_STEP][PASSED] - callTestCase(findTestCase(CallTCName), ["FindValue":ComboBoxValue, "DropdownNm":comboNm], STOP_ON_FAILURE): Call Test Case 'Test Cases/PFI Precision and Scale/PFI Components/PFILetterTemplate' successfully

2020-06-08 13:21:53 - [TEST_CASE][PASSED] - Test Cases/PFI Precision and Scale/PFI Components/PFILetterTemplate: Test Cases/PFI Precision and Scale/PFI Components/PFILetterTemplate

2020-06-08 13:21:58 - [TEST_STEP][PASSED] - PFILetterTemplateTBL = [1:["Reminder":"Ministry Of Health"], 2:["Reminder":"Reminder Free Format Letter"], 3:["Reminder":"Reminder 1 (SF_ESID_SIS/SL-REM1)"], ... ]: null

2020-06-08 13:21:58 - [TEST_STEP][PASSED] - switch (DropdownNm): null

2020-06-08 13:21:58 - [TEST_STEP][PASSED] - case "IssueWD":: null

2020-06-08 13:21:58 - [TEST_STEP][PASSED] - ValueFound = PFILetterTemplateTBL.find({ -> ... }): null

2020-06-08 13:21:58 - [TEST_STEP][PASSED] - break: null

2020-06-08 13:21:58 - [MESSAGE][PASSED] - Call Test Case 'Test Cases/PFI Precision and Scale/PFI Components/PFILetterTemplate' successfully

2020-06-08 13:21:58 - [TEST_STEP][PASSED] - println(ValueFound): null

2020-06-08 13:21:58 - [TEST_STEP][PASSED] - sendKeys(NewInputNmField, Keys.chord(ARROW_DOWN)): Keys 'DOWN + ' sent to object: 'Object Repository/Objects.HighlightElements/input_field_index'

2020-06-08 13:22:00 - [MESSAGE][PASSED] - Keys 'DOWN + ' sent to object: 'Object Repository/Objects.HighlightElements/input_field_index'

2020-06-08 13:22:00 - [TEST_STEP][PASSED] - sendKeys(NewInputNmField, Keys.chord(ARROW_DOWN)): Keys 'DOWN + ' sent to object: 'Object Repository/Objects.HighlightElements/input_field_index'

2020-06-08 13:22:01 - [MESSAGE][PASSED] - Keys 'DOWN + ' sent to object: 'Object Repository/Objects.HighlightElements/input_field_index'

2020-06-08 13:22:01 - [TEST_STEP][PASSED] - delay(DelayTime): Delayed 3 second(s)

2020-06-08 13:22:05 - [MESSAGE][PASSED] - Delayed 3 second(s)

2020-06-08 13:22:05 - [TEST_STEP][PASSED] - sendKeys(NewInputNmField, Keys.chord(ENTER)): Keys 'ENTER + ' sent to object: 'Object Repository/Objects.HighlightElements/input_field_index'

2020-06-08 13:22:08 - [MESSAGE][PASSED] - Keys 'ENTER + ' sent to object: 'Object Repository/Objects.HighlightElements/input_field_index'

2020-06-08 13:22:08 - [TEST_STEP][PASSED] - ComboBoxValue = getAttribute(NewInputNmField, "value"): Attribute 'value' of object 'Object Repository/Objects.HighlightElements/input_field_index' is: '[eAAPSI821] eT7C'

2020-06-08 13:22:11 - [MESSAGE][PASSED] - Attribute 'value' of object 'Object Repository/Objects.HighlightElements/input_field_index' is: '[eAAPSI821] eT7C'

2020-06-08 13:22:11 - [TEST_STEP][PASSED] - callTestCase(findTestCase(CallTCName), ["FindValue":ComboBoxValue, "DropdownNm":comboNm], STOP_ON_FAILURE): Call Test Case 'Test Cases/PFI Precision and Scale/PFI Components/PFILetterTemplate' successfully

2020-06-08 13:22:23 - [TEST_CASE][PASSED] - Test Cases/PFI Precision and Scale/PFI Components/PFILetterTemplate: Test Cases/PFI Precision and Scale/PFI Components/PFILetterTemplate

2020-06-08 13:22:26 - [TEST_STEP][PASSED] - PFILetterTemplateTBL = [1:["Reminder":"Ministry Of Health"], 2:["Reminder":"Reminder Free Format Letter"], 3:["Reminder":"Reminder 1 (SF_ESID_SIS/SL-REM1)"], ... ]: null

2020-06-08 13:22:26 - [TEST_STEP][PASSED] - switch (DropdownNm): null

2020-06-08 13:22:26 - [TEST_STEP][PASSED] - case "IssueWD":: null

2020-06-08 13:22:26 - [TEST_STEP][PASSED] - ValueFound = PFILetterTemplateTBL.find({ -> ... }): null

2020-06-08 13:22:26 - [TEST_STEP][PASSED] - break: null

2020-06-08 13:22:26 - [MESSAGE][PASSED] - Call Test Case 'Test Cases/PFI Precision and Scale/PFI Components/PFILetterTemplate' successfully

2020-06-08 13:22:26 - [TEST_STEP][PASSED] - println(ValueFound): null

2020-06-08 13:22:26 - [TEST_STEP][PASSED] - sendKeys(NewInputNmField, Keys.chord(ARROW_DOWN)): Keys 'DOWN + ' sent to object: 'Object Repository/Objects.HighlightElements/input_field_index'

2020-06-08 13:22:29 - [MESSAGE][PASSED] - Keys 'DOWN + ' sent to object: 'Object Repository/Objects.HighlightElements/input_field_index'

2020-06-08 13:22:29 - [TEST_STEP][PASSED] - sendKeys(NewInputNmField, Keys.chord(ARROW_DOWN)): Keys 'DOWN + ' sent to object: 'Object Repository/Objects.HighlightElements/input_field_index'

2020-06-08 13:22:31 - [MESSAGE][PASSED] - Keys 'DOWN + ' sent to object: 'Object Repository/Objects.HighlightElements/input_field_index'

2020-06-08 13:22:31 - [TEST_STEP][PASSED] - delay(DelayTime): Delayed 3 second(s)

2020-06-08 13:22:35 - [MESSAGE][PASSED] - Delayed 3 second(s)

2020-06-08 13:22:35 - [TEST_STEP][PASSED] - sendKeys(NewInputNmField, Keys.chord(ENTER)): Keys 'ENTER + ' sent to object: 'Object Repository/Objects.HighlightElements/input_field_index'

2020-06-08 13:22:37 - [MESSAGE][PASSED] - Keys 'ENTER + ' sent to object: 'Object Repository/Objects.HighlightElements/input_field_index'

2020-06-08 13:22:37 - [TEST_STEP][PASSED] - ComboBoxValue = getAttribute(NewInputNmField, "value"): Attribute 'value' of object 'Object Repository/Objects.HighlightElements/input_field_index' is: '[[[EAAPSI821] EAAPSI821_ET7C] AAPSI821] [[EAAPSI821] EAAPSI821_ET7C] AAPSI821'

2020-06-08 13:22:44 - [MESSAGE][PASSED] - Attribute 'value' of object 'Object Repository/Objects.HighlightElements/input_field_index' is: '[[[EAAPSI821] EAAPSI821_ET7C] AAPSI821] [[EAAPSI821] EAAPSI821_ET7C] AAPSI821'

2020-06-08 13:22:44 - [TEST_STEP][PASSED] - callTestCase(findTestCase(CallTCName), ["FindValue":ComboBoxValue, "DropdownNm":comboNm], STOP_ON_FAILURE): Call Test Case 'Test Cases/PFI Precision and Scale/PFI Components/PFILetterTemplate' successfully

2020-06-08 13:22:54 - [TEST_CASE][PASSED] - Test Cases/PFI Precision and Scale/PFI Components/PFILetterTemplate: Test Cases/PFI Precision and Scale/PFI Components/PFILetterTemplate

2020-06-08 13:22:59 - [TEST_STEP][PASSED] - PFILetterTemplateTBL = [1:["Reminder":"Ministry Of Health"], 2:["Reminder":"Reminder Free Format Letter"], 3:["Reminder":"Reminder 1 (SF_ESID_SIS/SL-REM1)"], ... ]: null

2020-06-08 13:22:59 - [TEST_STEP][PASSED] - switch (DropdownNm): null

2020-06-08 13:22:59 - [TEST_STEP][PASSED] - case "IssueWD":: null

2020-06-08 13:22:59 - [TEST_STEP][PASSED] - ValueFound = PFILetterTemplateTBL.find({ -> ... }): null

2020-06-08 13:22:59 - [TEST_STEP][PASSED] - break: null

2020-06-08 13:22:59 - [MESSAGE][PASSED] - Call Test Case 'Test Cases/PFI Precision and Scale/PFI Components/PFILetterTemplate' successfully

2020-06-08 13:22:59 - [TEST_STEP][PASSED] - println(ValueFound): null

2020-06-08 13:22:59 - [TEST_STEP][PASSED] - sendKeys(NewInputNmField, Keys.chord(ARROW_DOWN)): Keys 'DOWN + ' sent to object: 'Object Repository/Objects.HighlightElements/input_field_index'

2020-06-08 13:23:00 - [MESSAGE][PASSED] - Keys 'DOWN + ' sent to object: 'Object Repository/Objects.HighlightElements/input_field_index'

2020-06-08 13:23:00 - [TEST_STEP][PASSED] - sendKeys(NewInputNmField, Keys.chord(ARROW_DOWN)): Keys 'DOWN + ' sent to object: 'Object Repository/Objects.HighlightElements/input_field_index'

2020-06-08 13:23:02 - [MESSAGE][PASSED] - Keys 'DOWN + ' sent to object: 'Object Repository/Objects.HighlightElements/input_field_index'

2020-06-08 13:23:02 - [TEST_STEP][PASSED] - delay(DelayTime): Delayed 3 second(s)

2020-06-08 13:23:05 - [MESSAGE][PASSED] - Delayed 3 second(s)

2020-06-08 13:23:05 - [TEST_STEP][PASSED] - sendKeys(NewInputNmField, Keys.chord(ENTER)): Keys 'ENTER + ' sent to object: 'Object Repository/Objects.HighlightElements/input_field_index'

2020-06-08 13:23:07 - [MESSAGE][PASSED] - Keys 'ENTER + ' sent to object: 'Object Repository/Objects.HighlightElements/input_field_index'

2020-06-08 13:23:07 - [TEST_STEP][PASSED] - ComboBoxValue = getAttribute(NewInputNmField, "value"): Attribute 'value' of object 'Object Repository/Objects.HighlightElements/input_field_index' is: '[PABP05450] [PABP05450] BP Refund Letter[PABP05450][1][1]'

2020-06-08 13:23:11 - [MESSAGE][PASSED] - Attribute 'value' of object 'Object Repository/Objects.HighlightElements/input_field_index' is: '[PABP05450] [PABP05450] BP Refund Letter[PABP05450][1][1]'

2020-06-08 13:23:11 - [TEST_STEP][PASSED] - callTestCase(findTestCase(CallTCName), ["FindValue":ComboBoxValue, "DropdownNm":comboNm], STOP_ON_FAILURE): Call Test Case 'Test Cases/PFI Precision and Scale/PFI Components/PFILetterTemplate' successfully

2020-06-08 13:23:16 - [TEST_CASE][PASSED] - Test Cases/PFI Precision and Scale/PFI Components/PFILetterTemplate: Test Cases/PFI Precision and Scale/PFI Components/PFILetterTemplate

2020-06-08 13:23:20 - [TEST_STEP][PASSED] - PFILetterTemplateTBL = [1:["Reminder":"Ministry Of Health"], 2:["Reminder":"Reminder Free Format Letter"], 3:["Reminder":"Reminder 1 (SF_ESID_SIS/SL-REM1)"], ... ]: null

2020-06-08 13:23:20 - [TEST_STEP][PASSED] - switch (DropdownNm): null

2020-06-08 13:23:20 - [TEST_STEP][PASSED] - case "IssueWD":: null

2020-06-08 13:23:20 - [TEST_STEP][PASSED] - ValueFound = PFILetterTemplateTBL.find({ -> ... }): null

2020-06-08 13:23:20 - [TEST_STEP][PASSED] - break: null

2020-06-08 13:23:20 - [MESSAGE][PASSED] - Call Test Case 'Test Cases/PFI Precision and Scale/PFI Components/PFILetterTemplate' successfully

2020-06-08 13:23:20 - [TEST_STEP][PASSED] - println(ValueFound): null

2020-06-08 13:23:20 - [TEST_STEP][PASSED] - sendKeys(NewInputNmField, Keys.chord(ARROW_DOWN)): Keys 'DOWN + ' sent to object: 'Object Repository/Objects.HighlightElements/input_field_index'

2020-06-08 13:23:21 - [MESSAGE][PASSED] - Keys 'DOWN + ' sent to object: 'Object Repository/Objects.HighlightElements/input_field_index'

2020-06-08 13:23:21 - [TEST_STEP][PASSED] - sendKeys(NewInputNmField, Keys.chord(ARROW_DOWN)): Keys 'DOWN + ' sent to object: 'Object Repository/Objects.HighlightElements/input_field_index'

2020-06-08 13:23:22 - [MESSAGE][PASSED] - Keys 'DOWN + ' sent to object: 'Object Repository/Objects.HighlightElements/input_field_index'

2020-06-08 13:23:22 - [TEST_STEP][PASSED] - delay(DelayTime): Delayed 3 second(s)

2020-06-08 13:23:26 - [MESSAGE][PASSED] - Delayed 3 second(s)

2020-06-08 13:23:26 - [TEST_STEP][PASSED] - sendKeys(NewInputNmField, Keys.chord(ENTER)): Keys 'ENTER + ' sent to object: 'Object Repository/Objects.HighlightElements/input_field_index'

2020-06-08 13:23:27 - [MESSAGE][PASSED] - Keys 'ENTER + ' sent to object: 'Object Repository/Objects.HighlightElements/input_field_index'

2020-06-08 13:23:27 - [TEST_STEP][PASSED] - ComboBoxValue = getAttribute(NewInputNmField, "value"): Attribute 'value' of object 'Object Repository/Objects.HighlightElements/input_field_index' is: '[AAPSI816] SF_ESID_SISSF-D1-G Generate Govt Notice'

2020-06-08 13:23:31 - [MESSAGE][PASSED] - Attribute 'value' of object 'Object Repository/Objects.HighlightElements/input_field_index' is: '[AAPSI816] SF_ESID_SISSF-D1-G Generate Govt Notice'

2020-06-08 13:23:31 - [TEST_STEP][PASSED] - callTestCase(findTestCase(CallTCName), ["FindValue":ComboBoxValue, "DropdownNm":comboNm], STOP_ON_FAILURE): Call Test Case 'Test Cases/PFI Precision and Scale/PFI Components/PFILetterTemplate' successfully

2020-06-08 13:23:39 - [TEST_CASE][PASSED] - Test Cases/PFI Precision and Scale/PFI Components/PFILetterTemplate: Test Cases/PFI Precision and Scale/PFI Components/PFILetterTemplate

2020-06-08 13:23:39 - [TEST_STEP][PASSED] - PFILetterTemplateTBL = [1:["Reminder":"Ministry Of Health"], 2:["Reminder":"Reminder Free Format Letter"], 3:["Reminder":"Reminder 1 (SF_ESID_SIS/SL-REM1)"], ... ]: null

2020-06-08 13:23:39 - [TEST_STEP][PASSED] - switch (DropdownNm): null

2020-06-08 13:23:39 - [TEST_STEP][PASSED] - case "IssueWD":: null

2020-06-08 13:23:39 - [TEST_STEP][PASSED] - ValueFound = PFILetterTemplateTBL.find({ -> ... }): null

2020-06-08 13:23:39 - [TEST_STEP][PASSED] - break: null

2020-06-08 13:23:39 - [MESSAGE][PASSED] - Call Test Case 'Test Cases/PFI Precision and Scale/PFI Components/PFILetterTemplate' successfully

2020-06-08 13:23:39 - [TEST_STEP][PASSED] - println(ValueFound): null

2020-06-08 13:23:39 - [TEST_STEP][PASSED] - sendKeys(NewInputNmField, Keys.chord(ARROW_DOWN)): Keys 'DOWN + ' sent to object: 'Object Repository/Objects.HighlightElements/input_field_index'

2020-06-08 13:23:39 - [MESSAGE][PASSED] - Keys 'DOWN + ' sent to object: 'Object Repository/Objects.HighlightElements/input_field_index'

2020-06-08 13:23:39 - [TEST_STEP][PASSED] - sendKeys(NewInputNmField, Keys.chord(ARROW_DOWN)): Keys 'DOWN + ' sent to object: 'Object Repository/Objects.HighlightElements/input_field_index'

2020-06-08 13:23:42 - [MESSAGE][PASSED] - Keys 'DOWN + ' sent to object: 'Object Repository/Objects.HighlightElements/input_field_index'

2020-06-08 13:23:42 - [TEST_STEP][PASSED] - delay(DelayTime): Delayed 3 second(s)

2020-06-08 13:23:47 - [MESSAGE][PASSED] - Delayed 3 second(s)

2020-06-08 13:23:47 - [TEST_STEP][PASSED] - sendKeys(NewInputNmField, Keys.chord(ENTER)): Keys 'ENTER + ' sent to object: 'Object Repository/Objects.HighlightElements/input_field_index'

2020-06-08 13:23:49 - [MESSAGE][PASSED] - Keys 'ENTER + ' sent to object: 'Object Repository/Objects.HighlightElements/input_field_index'

2020-06-08 13:23:49 - [TEST_STEP][PASSED] - ComboBoxValue = getAttribute(NewInputNmField, "value"): Attribute 'value' of object 'Object Repository/Objects.HighlightElements/input_field_index' is: '[AAPSI815] D1 (Multiple Owners With Structural Plan) - Regeneration of Notice'

2020-06-08 13:23:53 - [MESSAGE][PASSED] - Attribute 'value' of object 'Object Repository/Objects.HighlightElements/input_field_index' is: '[AAPSI815] D1 (Multiple Owners With Structural Plan) - Regeneration of Notice'

2020-06-08 13:23:53 - [TEST_STEP][PASSED] - callTestCase(findTestCase(CallTCName), ["FindValue":ComboBoxValue, "DropdownNm":comboNm], STOP_ON_FAILURE): Call Test Case 'Test Cases/PFI Precision and Scale/PFI Components/PFILetterTemplate' successfully

2020-06-08 13:23:59 - [TEST_CASE][PASSED] - Test Cases/PFI Precision and Scale/PFI Components/PFILetterTemplate: Test Cases/PFI Precision and Scale/PFI Components/PFILetterTemplate

2020-06-08 13:24:04 - [TEST_STEP][PASSED] - PFILetterTemplateTBL = [1:["Reminder":"Ministry Of Health"], 2:["Reminder":"Reminder Free Format Letter"], 3:["Reminder":"Reminder 1 (SF_ESID_SIS/SL-REM1)"], ... ]: null

2020-06-08 13:24:04 - [TEST_STEP][PASSED] - switch (DropdownNm): null

2020-06-08 13:24:04 - [TEST_STEP][PASSED] - case "IssueWD":: null

2020-06-08 13:24:04 - [TEST_STEP][PASSED] - ValueFound = PFILetterTemplateTBL.find({ -> ... }): null

2020-06-08 13:24:04 - [TEST_STEP][PASSED] - break: null

2020-06-08 13:24:04 - [MESSAGE][PASSED] - Call Test Case 'Test Cases/PFI Precision and Scale/PFI Components/PFILetterTemplate' successfully

2020-06-08 13:24:04 - [TEST_STEP][PASSED] - println(ValueFound): null

2020-06-08 13:24:04 - [TEST_STEP][PASSED] - sendKeys(NewInputNmField, Keys.chord(ARROW_DOWN)): Keys 'DOWN + ' sent to object: 'Object Repository/Objects.HighlightElements/input_field_index'

2020-06-08 13:24:06 - [MESSAGE][PASSED] - Keys 'DOWN + ' sent to object: 'Object Repository/Objects.HighlightElements/input_field_index'

2020-06-08 13:24:06 - [TEST_STEP][PASSED] - sendKeys(NewInputNmField, Keys.chord(ARROW_DOWN)): Keys 'DOWN + ' sent to object: 'Object Repository/Objects.HighlightElements/input_field_index'

2020-06-08 13:24:07 - [MESSAGE][PASSED] - Keys 'DOWN + ' sent to object: 'Object Repository/Objects.HighlightElements/input_field_index'

2020-06-08 13:24:07 - [TEST_STEP][PASSED] - delay(DelayTime): Delayed 3 second(s)

2020-06-08 13:24:10 - [MESSAGE][PASSED] - Delayed 3 second(s)

2020-06-08 13:24:10 - [TEST_STEP][PASSED] - sendKeys(NewInputNmField, Keys.chord(ENTER)): Keys 'ENTER + ' sent to object: 'Object Repository/Objects.HighlightElements/input_field_index'

2020-06-08 13:24:12 - [MESSAGE][PASSED] - Keys 'ENTER + ' sent to object: 'Object Repository/Objects.HighlightElements/input_field_index'

2020-06-08 13:24:12 - [TEST_STEP][PASSED] - ComboBoxValue = getAttribute(NewInputNmField, "value"): Attribute 'value' of object 'Object Repository/Objects.HighlightElements/input_field_index' is: '[AAPSI815W] D1 (Multiple Owners Without Structural Plan) - Regeneration of Notice'

2020-06-08 13:24:17 - [MESSAGE][PASSED] - Attribute 'value' of object 'Object Repository/Objects.HighlightElements/input_field_index' is: '[AAPSI815W] D1 (Multiple Owners Without Structural Plan) - Regeneration of Notice'

2020-06-08 13:24:17 - [TEST_STEP][PASSED] - callTestCase(findTestCase(CallTCName), ["FindValue":ComboBoxValue, "DropdownNm":comboNm], STOP_ON_FAILURE): Call Test Case 'Test Cases/PFI Precision and Scale/PFI Components/PFILetterTemplate' successfully

2020-06-08 13:24:26 - [TEST_CASE][PASSED] - Test Cases/PFI Precision and Scale/PFI Components/PFILetterTemplate: Test Cases/PFI Precision and Scale/PFI Components/PFILetterTemplate

2020-06-08 13:24:29 - [TEST_STEP][PASSED] - PFILetterTemplateTBL = [1:["Reminder":"Ministry Of Health"], 2:["Reminder":"Reminder Free Format Letter"], 3:["Reminder":"Reminder 1 (SF_ESID_SIS/SL-REM1)"], ... ]: null

2020-06-08 13:24:29 - [TEST_STEP][PASSED] - switch (DropdownNm): null

2020-06-08 13:24:29 - [TEST_STEP][PASSED] - case "IssueWD":: null

2020-06-08 13:24:29 - [TEST_STEP][PASSED] - ValueFound = PFILetterTemplateTBL.find({ -> ... }): null

2020-06-08 13:24:29 - [TEST_STEP][PASSED] - break: null

2020-06-08 13:24:29 - [MESSAGE][PASSED] - Call Test Case 'Test Cases/PFI Precision and Scale/PFI Components/PFILetterTemplate' successfully

2020-06-08 13:24:29 - [TEST_STEP][PASSED] - println(ValueFound): null

2020-06-08 13:24:29 - [TEST_STEP][PASSED] - sendKeys(NewInputNmField, Keys.chord(ARROW_DOWN)): Keys 'DOWN + ' sent to object: 'Object Repository/Objects.HighlightElements/input_field_index'

2020-06-08 13:24:29 - [MESSAGE][PASSED] - Keys 'DOWN + ' sent to object: 'Object Repository/Objects.HighlightElements/input_field_index'

2020-06-08 13:24:29 - [TEST_STEP][PASSED] - sendKeys(NewInputNmField, Keys.chord(ARROW_DOWN)): Keys 'DOWN + ' sent to object: 'Object Repository/Objects.HighlightElements/input_field_index'

2020-06-08 13:24:30 - [MESSAGE][PASSED] - Keys 'DOWN + ' sent to object: 'Object Repository/Objects.HighlightElements/input_field_index'

2020-06-08 13:24:30 - [TEST_STEP][PASSED] - delay(DelayTime): Delayed 3 second(s)

2020-06-08 13:24:34 - [MESSAGE][PASSED] - Delayed 3 second(s)

2020-06-08 13:24:34 - [TEST_STEP][PASSED] - sendKeys(NewInputNmField, Keys.chord(ENTER)): Keys 'ENTER + ' sent to object: 'Object Repository/Objects.HighlightElements/input_field_index'

2020-06-08 13:24:35 - [MESSAGE][PASSED] - Keys 'ENTER + ' sent to object: 'Object Repository/Objects.HighlightElements/input_field_index'

2020-06-08 13:24:35 - [TEST_STEP][PASSED] - ComboBoxValue = getAttribute(NewInputNmField, "value"): Attribute 'value' of object 'Object Repository/Objects.HighlightElements/input_field_index' is: '[AAPSI802W] D1 (Multiple Owners Without Structural Plan)'

2020-06-08 13:24:40 - [MESSAGE][PASSED] - Attribute 'value' of object 'Object Repository/Objects.HighlightElements/input_field_index' is: '[AAPSI802W] D1 (Multiple Owners Without Structural Plan)'

2020-06-08 13:24:40 - [TEST_STEP][PASSED] - callTestCase(findTestCase(CallTCName), ["FindValue":ComboBoxValue, "DropdownNm":comboNm], STOP_ON_FAILURE): Call Test Case 'Test Cases/PFI Precision and Scale/PFI Components/PFILetterTemplate' successfully

2020-06-08 13:24:46 - [TEST_CASE][PASSED] - Test Cases/PFI Precision and Scale/PFI Components/PFILetterTemplate: Test Cases/PFI Precision and Scale/PFI Components/PFILetterTemplate

2020-06-08 13:24:46 - [TEST_STEP][PASSED] - PFILetterTemplateTBL = [1:["Reminder":"Ministry Of Health"], 2:["Reminder":"Reminder Free Format Letter"], 3:["Reminder":"Reminder 1 (SF_ESID_SIS/SL-REM1)"], ... ]: null

2020-06-08 13:24:46 - [TEST_STEP][PASSED] - switch (DropdownNm): null

2020-06-08 13:24:46 - [TEST_STEP][PASSED] - case "IssueWD":: null

2020-06-08 13:24:46 - [TEST_STEP][PASSED] - ValueFound = PFILetterTemplateTBL.find({ -> ... }): null

2020-06-08 13:24:46 - [TEST_STEP][PASSED] - break: null

2020-06-08 13:24:46 - [MESSAGE][PASSED] - Call Test Case 'Test Cases/PFI Precision and Scale/PFI Components/PFILetterTemplate' successfully

2020-06-08 13:24:46 - [TEST_STEP][PASSED] - println(ValueFound): null

2020-06-08 13:24:46 - [TEST_STEP][PASSED] - sendKeys(NewInputNmField, Keys.chord(ARROW_DOWN)): Keys 'DOWN + ' sent to object: 'Object Repository/Objects.HighlightElements/input_field_index'

2020-06-08 13:24:46 - [MESSAGE][PASSED] - Keys 'DOWN + ' sent to object: 'Object Repository/Objects.HighlightElements/input_field_index'

2020-06-08 13:24:46 - [TEST_STEP][PASSED] - sendKeys(NewInputNmField, Keys.chord(ARROW_DOWN)): Keys 'DOWN + ' sent to object: 'Object Repository/Objects.HighlightElements/input_field_index'

2020-06-08 13:24:46 - [MESSAGE][PASSED] - Keys 'DOWN + ' sent to object: 'Object Repository/Objects.HighlightElements/input_field_index'

2020-06-08 13:24:46 - [TEST_STEP][PASSED] - delay(DelayTime): Delayed 3 second(s)

2020-06-08 13:24:49 - [MESSAGE][PASSED] - Delayed 3 second(s)

2020-06-08 13:24:49 - [TEST_STEP][PASSED] - sendKeys(NewInputNmField, Keys.chord(ENTER)): Keys 'ENTER + ' sent to object: 'Object Repository/Objects.HighlightElements/input_field_index'

2020-06-08 13:24:49 - [MESSAGE][PASSED] - Keys 'ENTER + ' sent to object: 'Object Repository/Objects.HighlightElements/input_field_index'

2020-06-08 13:24:49 - [TEST_STEP][PASSED] - ComboBoxValue = getAttribute(NewInputNmField, "value"): Attribute 'value' of object 'Object Repository/Objects.HighlightElements/input_field_index' is: '[AAPSI802W] D1 (Multiple Owners Without Structural Plan)'

2020-06-08 13:24:49 - [MESSAGE][PASSED] - Attribute 'value' of object 'Object Repository/Objects.HighlightElements/input_field_index' is: '[AAPSI802W] D1 (Multiple Owners Without Structural Plan)'

2020-06-08 13:24:49 - [TEST_STEP][PASSED] - callTestCase(findTestCase(CallTCName), ["FindValue":ComboBoxValue, "DropdownNm":comboNm], STOP_ON_FAILURE): Call Test Case 'Test Cases/PFI Precision and Scale/PFI Components/PFILetterTemplate' successfully

2020-06-08 13:24:49 - [TEST_CASE][PASSED] - Test Cases/PFI Precision and Scale/PFI Components/PFILetterTemplate: Test Cases/PFI Precision and Scale/PFI Components/PFILetterTemplate

2020-06-08 13:24:49 - [TEST_STEP][PASSED] - PFILetterTemplateTBL = [1:["Reminder":"Ministry Of Health"], 2:["Reminder":"Reminder Free Format Letter"], 3:["Reminder":"Reminder 1 (SF_ESID_SIS/SL-REM1)"], ... ]: null

2020-06-08 13:24:49 - [TEST_STEP][PASSED] - switch (DropdownNm): null

2020-06-08 13:24:49 - [TEST_STEP][PASSED] - case "IssueWD":: null

2020-06-08 13:24:49 - [TEST_STEP][PASSED] - ValueFound = PFILetterTemplateTBL.find({ -> ... }): null

2020-06-08 13:24:49 - [TEST_STEP][PASSED] - break: null

2020-06-08 13:24:49 - [MESSAGE][PASSED] - Call Test Case 'Test Cases/PFI Precision and Scale/PFI Components/PFILetterTemplate' successfully

2020-06-08 13:24:49 - [TEST_STEP][PASSED] - println(ValueFound): null

2020-06-08 13:24:49 - [TEST_STEP][PASSED] - sendKeys(NewInputNmField, Keys.chord(ARROW_DOWN)): Keys 'DOWN + ' sent to object: 'Object Repository/Objects.HighlightElements/input_field_index'

2020-06-08 13:24:49 - [MESSAGE][PASSED] - Keys 'DOWN + ' sent to object: 'Object Repository/Objects.HighlightElements/input_field_index'

2020-06-08 13:24:49 - [TEST_STEP][PASSED] - sendKeys(NewInputNmField, Keys.chord(ARROW_DOWN)): Keys 'DOWN + ' sent to object: 'Object Repository/Objects.HighlightElements/input_field_index'

2020-06-08 13:24:50 - [MESSAGE][PASSED] - Keys 'DOWN + ' sent to object: 'Object Repository/Objects.HighlightElements/input_field_index'

2020-06-08 13:24:50 - [TEST_STEP][PASSED] - delay(DelayTime): Delayed 3 second(s)

2020-06-08 13:24:53 - [MESSAGE][PASSED] - Delayed 3 second(s)

2020-06-08 13:24:53 - [TEST_STEP][PASSED] - sendKeys(NewInputNmField, Keys.chord(ENTER)): Keys 'ENTER + ' sent to object: 'Object Repository/Objects.HighlightElements/input_field_index'

2020-06-08 13:24:53 - [MESSAGE][PASSED] - Keys 'ENTER + ' sent to object: 'Object Repository/Objects.HighlightElements/input_field_index'

2020-06-08 13:24:53 - [TEST_STEP][PASSED] - ComboBoxValue = getAttribute(NewInputNmField, "value"): Attribute 'value' of object 'Object Repository/Objects.HighlightElements/input_field_index' is: '[[304]AAPSI801] D1 (Single Owner With Structural Plan)'

2020-06-08 13:24:53 - [MESSAGE][PASSED] - Attribute 'value' of object 'Object Repository/Objects.HighlightElements/input_field_index' is: '[[304]AAPSI801] D1 (Single Owner With Structural Plan)'

2020-06-08 13:24:53 - [TEST_STEP][PASSED] - callTestCase(findTestCase(CallTCName), ["FindValue":ComboBoxValue, "DropdownNm":comboNm], STOP_ON_FAILURE): Call Test Case 'Test Cases/PFI Precision and Scale/PFI Components/PFILetterTemplate' successfully

2020-06-08 13:24:53 - [TEST_CASE][PASSED] - Test Cases/PFI Precision and Scale/PFI Components/PFILetterTemplate: Test Cases/PFI Precision and Scale/PFI Components/PFILetterTemplate

2020-06-08 13:24:53 - [TEST_STEP][PASSED] - PFILetterTemplateTBL = [1:["Reminder":"Ministry Of Health"], 2:["Reminder":"Reminder Free Format Letter"], 3:["Reminder":"Reminder 1 (SF_ESID_SIS/SL-REM1)"], ... ]: null

2020-06-08 13:24:53 - [TEST_STEP][PASSED] - switch (DropdownNm): null

2020-06-08 13:24:53 - [TEST_STEP][PASSED] - case "IssueWD":: null

2020-06-08 13:24:53 - [TEST_STEP][PASSED] - ValueFound = PFILetterTemplateTBL.find({ -> ... }): null

2020-06-08 13:24:53 - [TEST_STEP][PASSED] - break: null

2020-06-08 13:24:53 - [MESSAGE][PASSED] - Call Test Case 'Test Cases/PFI Precision and Scale/PFI Components/PFILetterTemplate' successfully

2020-06-08 13:24:53 - [TEST_STEP][PASSED] - println(ValueFound): null

2020-06-08 13:24:53 - [TEST_STEP][PASSED] - sendKeys(NewInputNmField, Keys.chord(ARROW_DOWN)): Keys 'DOWN + ' sent to object: 'Object Repository/Objects.HighlightElements/input_field_index'

2020-06-08 13:24:53 - [MESSAGE][PASSED] - Keys 'DOWN + ' sent to object: 'Object Repository/Objects.HighlightElements/input_field_index'

2020-06-08 13:24:53 - [TEST_STEP][PASSED] - sendKeys(NewInputNmField, Keys.chord(ARROW_DOWN)): Keys 'DOWN + ' sent to object: 'Object Repository/Objects.HighlightElements/input_field_index'

2020-06-08 13:24:53 - [MESSAGE][PASSED] - Keys 'DOWN + ' sent to object: 'Object Repository/Objects.HighlightElements/input_field_index'

2020-06-08 13:24:53 - [TEST_STEP][PASSED] - delay(DelayTime): Delayed 3 second(s)

2020-06-08 13:24:56 - [MESSAGE][PASSED] - Delayed 3 second(s)

2020-06-08 13:24:56 - [TEST_STEP][PASSED] - sendKeys(NewInputNmField, Keys.chord(ENTER)): Keys 'ENTER + ' sent to object: 'Object Repository/Objects.HighlightElements/input_field_index'

2020-06-08 13:24:56 - [MESSAGE][PASSED] - Keys 'ENTER + ' sent to object: 'Object Repository/Objects.HighlightElements/input_field_index'

2020-06-08 13:24:56 - [TEST_STEP][PASSED] - ComboBoxValue = getAttribute(NewInputNmField, "value"): Attribute 'value' of object 'Object Repository/Objects.HighlightElements/input_field_index' is: '[[306]AAPSI802] D1 (Multiple Owners With Structural Plan)'

2020-06-08 13:24:56 - [MESSAGE][PASSED] - Attribute 'value' of object 'Object Repository/Objects.HighlightElements/input_field_index' is: '[[306]AAPSI802] D1 (Multiple Owners With Structural Plan)'

2020-06-08 13:24:56 - [TEST_STEP][PASSED] - callTestCase(findTestCase(CallTCName), ["FindValue":ComboBoxValue, "DropdownNm":comboNm], STOP_ON_FAILURE): Call Test Case 'Test Cases/PFI Precision and Scale/PFI Components/PFILetterTemplate' successfully

2020-06-08 13:24:56 - [TEST_CASE][PASSED] - Test Cases/PFI Precision and Scale/PFI Components/PFILetterTemplate: Test Cases/PFI Precision and Scale/PFI Components/PFILetterTemplate

2020-06-08 13:24:56 - [TEST_STEP][PASSED] - PFILetterTemplateTBL = [1:["Reminder":"Ministry Of Health"], 2:["Reminder":"Reminder Free Format Letter"], 3:["Reminder":"Reminder 1 (SF_ESID_SIS/SL-REM1)"], ... ]: null

2020-06-08 13:24:56 - [TEST_STEP][PASSED] - switch (DropdownNm): null

2020-06-08 13:24:56 - [TEST_STEP][PASSED] - case "IssueWD":: null

2020-06-08 13:24:56 - [TEST_STEP][PASSED] - ValueFound = PFILetterTemplateTBL.find({ -> ... }): null

2020-06-08 13:24:56 - [TEST_STEP][PASSED] - break: null

2020-06-08 13:24:56 - [MESSAGE][PASSED] - Call Test Case 'Test Cases/PFI Precision and Scale/PFI Components/PFILetterTemplate' successfully

2020-06-08 13:24:56 - [TEST_STEP][PASSED] - println(ValueFound): null

2020-06-08 13:24:56 - [TEST_STEP][PASSED] - sendKeys(NewInputNmField, Keys.chord(ARROW_DOWN)): Keys 'DOWN + ' sent to object: 'Object Repository/Objects.HighlightElements/input_field_index'

2020-06-08 13:24:56 - [MESSAGE][PASSED] - Keys 'DOWN + ' sent to object: 'Object Repository/Objects.HighlightElements/input_field_index'

2020-06-08 13:24:56 - [TEST_STEP][PASSED] - sendKeys(NewInputNmField, Keys.chord(ARROW_DOWN)): Keys 'DOWN + ' sent to object: 'Object Repository/Objects.HighlightElements/input_field_index'

2020-06-08 13:24:56 - [MESSAGE][PASSED] - Keys 'DOWN + ' sent to object: 'Object Repository/Objects.HighlightElements/input_field_index'

2020-06-08 13:24:56 - [TEST_STEP][PASSED] - delay(DelayTime): Delayed 3 second(s)

2020-06-08 13:24:59 - [MESSAGE][PASSED] - Delayed 3 second(s)

2020-06-08 13:24:59 - [TEST_STEP][PASSED] - sendKeys(NewInputNmField, Keys.chord(ENTER)): Keys 'ENTER + ' sent to object: 'Object Repository/Objects.HighlightElements/input_field_index'

2020-06-08 13:24:59 - [MESSAGE][PASSED] - Keys 'ENTER + ' sent to object: 'Object Repository/Objects.HighlightElements/input_field_index'

2020-06-08 13:24:59 - [TEST_STEP][PASSED] - ComboBoxValue = getAttribute(NewInputNmField, "value"): Attribute 'value' of object 'Object Repository/Objects.HighlightElements/input_field_index' is: '[[307]AAPSI814] D1 (Single Owner With Structural Plan) - Regeneration of Notice'

2020-06-08 13:24:59 - [MESSAGE][PASSED] - Attribute 'value' of object 'Object Repository/Objects.HighlightElements/input_field_index' is: '[[307]AAPSI814] D1 (Single Owner With Structural Plan) - Regeneration of Notice'

2020-06-08 13:24:59 - [TEST_STEP][PASSED] - callTestCase(findTestCase(CallTCName), ["FindValue":ComboBoxValue, "DropdownNm":comboNm], STOP_ON_FAILURE): Call Test Case 'Test Cases/PFI Precision and Scale/PFI Components/PFILetterTemplate' successfully

2020-06-08 13:24:59 - [TEST_CASE][PASSED] - Test Cases/PFI Precision and Scale/PFI Components/PFILetterTemplate: Test Cases/PFI Precision and Scale/PFI Components/PFILetterTemplate

2020-06-08 13:24:59 - [TEST_STEP][PASSED] - PFILetterTemplateTBL = [1:["Reminder":"Ministry Of Health"], 2:["Reminder":"Reminder Free Format Letter"], 3:["Reminder":"Reminder 1 (SF_ESID_SIS/SL-REM1)"], ... ]: null

2020-06-08 13:24:59 - [TEST_STEP][PASSED] - switch (DropdownNm): null

2020-06-08 13:24:59 - [TEST_STEP][PASSED] - case "IssueWD":: null

2020-06-08 13:24:59 - [TEST_STEP][PASSED] - ValueFound = PFILetterTemplateTBL.find({ -> ... }): null

2020-06-08 13:24:59 - [TEST_STEP][PASSED] - break: null

2020-06-08 13:24:59 - [MESSAGE][PASSED] - Call Test Case 'Test Cases/PFI Precision and Scale/PFI Components/PFILetterTemplate' successfully

2020-06-08 13:24:59 - [TEST_STEP][PASSED] - println(ValueFound): null

2020-06-08 13:24:59 - [TEST_STEP][PASSED] - sendKeys(NewInputNmField, Keys.chord(ARROW_DOWN)): Keys 'DOWN + ' sent to object: 'Object Repository/Objects.HighlightElements/input_field_index'

2020-06-08 13:24:59 - [MESSAGE][PASSED] - Keys 'DOWN + ' sent to object: 'Object Repository/Objects.HighlightElements/input_field_index'

2020-06-08 13:24:59 - [TEST_STEP][PASSED] - sendKeys(NewInputNmField, Keys.chord(ENTER)): Keys 'ENTER + ' sent to object: 'Object Repository/Objects.HighlightElements/input_field_index'

2020-06-08 13:24:59 - [MESSAGE][PASSED] - Keys 'ENTER + ' sent to object: 'Object Repository/Objects.HighlightElements/input_field_index'

2020-06-08 13:24:59 - [MESSAGE][PASSED] - Call Test Case 'Test Cases/PFI Precision and Scale/PFI Components with Indexing/VerifyDropdownValuesXPI' successfully

2020-06-08 13:24:59 - [TEST_STEP][PASSED] - callTestCase(findTestCase("Components/HighlightLabelIndexField"), ["LblName":"Type of Letter:", "index":3], STOP_ON_FAILURE): Call Test Case 'Test Cases/Components/HighlightLabelIndexField' successfully

2020-06-08 13:24:59 - [TEST_CASE][PASSED] - Test Cases/Components/HighlightLabelIndexField: Test Cases/Components/HighlightLabelIndexField

2020-06-08 13:24:59 - [TEST_STEP][PASSED] - Thread.sleep(1000): null

2020-06-08 13:25:00 - [TEST_STEP][PASSED] - modifiedLblNm = modifyObjectProperty(findTestObject("Object Repository/Objects.HighlightElements/lblField_index"), "xpath", "equals", "(//*[contains(@class,'x-form-item-label-inner') and (text()='" + LblName + "')])[" + index + "]", true): Modify property of object successfully

2020-06-08 13:25:00 - [MESSAGE][PASSED] - Modify property of object successfully

2020-06-08 13:25:00 - [TEST_STEP][PASSED] - com.reusableComponents.HighlightElement.run(modifiedLblNm): com.reusableComponents.HighlightElement.run is PASSED

2020-06-08 13:25:01 - [MESSAGE][PASSED] - com.reusableComponents.HighlightElement.run is PASSED

2020-06-08 13:25:01 - [MESSAGE][PASSED] - Call Test Case 'Test Cases/Components/HighlightLabelIndexField' successfully

2020-06-08 13:25:01 - [TEST_STEP][PASSED] - callTestCase(findTestCase("Components/HighlightInputFieldXPI"), ["FldNm":"NovaComboBox", "index":17], STOP_ON_FAILURE): Call Test Case 'Test Cases/Components/HighlightInputFieldXPI' successfully

2020-06-08 13:25:01 - [TEST_CASE][PASSED] - Test Cases/Components/HighlightInputFieldXPI: Test Cases/Components/HighlightInputFieldXPI

2020-06-08 13:25:01 - [TEST_STEP][PASSED] - Thread.sleep(1000): null

2020-06-08 13:25:02 - [TEST_STEP][PASSED] - modifiedInputNm = modifyObjectProperty(findTestObject("Object Repository/Objects.HighlightElements/input_field_index"), "xpath", "equals", "(//*[contains(@name, '" + FldNm + "')])[" + index + "]", true): Modify property of object successfully

2020-06-08 13:25:02 - [MESSAGE][PASSED] - Modify property of object successfully

2020-06-08 13:25:02 - [TEST_STEP][PASSED] - com.reusableComponents.HighlightElement.run(modifiedInputNm): com.reusableComponents.HighlightElement.run is PASSED

2020-06-08 13:25:02 - [MESSAGE][PASSED] - com.reusableComponents.HighlightElement.run is PASSED

2020-06-08 13:25:02 - [MESSAGE][PASSED] - Call Test Case 'Test Cases/Components/HighlightInputFieldXPI' successfully

2020-06-08 13:25:02 - [TEST_STEP][PASSED] - callTestCase(findTestCase("PFI Precision and Scale/PFI Components with Indexing/VerifyDropdownValuesXPI"), ["FldNm":"NovaComboBox", "index":17, "CallTCName":"PFI Precision and Scale/PFI Components/ConstantHashMap", "cmbNm":"IssueWD", ... ], STOP_ON_FAILURE): Call Test Case 'Test Cases/PFI Precision and Scale/PFI Components with Indexing/VerifyDropdownValuesXPI' successfully

2020-06-08 13:25:03 - [TEST_CASE][PASSED] - Test Cases/PFI Precision and Scale/PFI Components with Indexing/VerifyDropdownValuesXPI: Test Cases/PFI Precision and Scale/PFI Components with Indexing/VerifyDropdownValuesXPI

2020-06-08 13:25:03 - [TEST_STEP][PASSED] - Thread.sleep(1000): null

2020-06-08 13:25:04 - [TEST_STEP][PASSED] - NewInputNmField = modifyObjectProperty(findTestObject("Object Repository/Objects.HighlightElements/input_field_index"), "xpath", "equals", "(//*[contains(@name, '" + FldNm + "')])[" + index + "]", true): Modify property of object successfully

2020-06-08 13:25:04 - [MESSAGE][PASSED] - Modify property of object successfully

2020-06-08 13:25:04 - [TEST_STEP][PASSED] - comboNm = cmbNm: null

2020-06-08 13:25:04 - [TEST_STEP][PASSED] - focus(NewInputNmField): Object: 'Object Repository/Objects.HighlightElements/input_field_index' is focused

2020-06-08 13:25:04 - [MESSAGE][PASSED] - Object: 'Object Repository/Objects.HighlightElements/input_field_index' is focused

2020-06-08 13:25:04 - [TEST_STEP][PASSED] - setText(NewInputNmField, EnterValue): Text '' is set on object 'Object Repository/Objects.HighlightElements/input_field_index'

2020-06-08 13:25:04 - [MESSAGE][PASSED] - Text '' is set on object 'Object Repository/Objects.HighlightElements/input_field_index'

2020-06-08 13:25:04 - [TEST_STEP][PASSED] - for ([i = 1, i <= NoOfVal, (i++)]): Keys 'DOWN + ' sent to object: 'Object Repository/Objects.HighlightElements/input_field_index'

2020-06-08 13:25:04 - [TEST_STEP][PASSED] - sendKeys(NewInputNmField, Keys.chord(ARROW_DOWN)): Keys 'DOWN + ' sent to object: 'Object Repository/Objects.HighlightElements/input_field_index'

2020-06-08 13:25:04 - [MESSAGE][PASSED] - Keys 'DOWN + ' sent to object: 'Object Repository/Objects.HighlightElements/input_field_index'

2020-06-08 13:25:04 - [TEST_STEP][PASSED] - delay(DelayTime): Delayed 2 second(s)

2020-06-08 13:25:06 - [MESSAGE][PASSED] - Delayed 2 second(s)

2020-06-08 13:25:06 - [TEST_STEP][PASSED] - sendKeys(NewInputNmField, Keys.chord(ENTER)): Keys 'ENTER + ' sent to object: 'Object Repository/Objects.HighlightElements/input_field_index'

2020-06-08 13:25:06 - [MESSAGE][PASSED] - Keys 'ENTER + ' sent to object: 'Object Repository/Objects.HighlightElements/input_field_index'

2020-06-08 13:25:06 - [TEST_STEP][PASSED] - ComboBoxValue = getAttribute(NewInputNmField, "value"): Attribute 'value' of object 'Object Repository/Objects.HighlightElements/input_field_index' is: 'T1'

2020-06-08 13:25:06 - [MESSAGE][PASSED] - Attribute 'value' of object 'Object Repository/Objects.HighlightElements/input_field_index' is: 'T1'

2020-06-08 13:25:06 - [TEST_STEP][PASSED] - callTestCase(findTestCase(CallTCName), ["FindValue":ComboBoxValue, "DropdownNm":comboNm], STOP_ON_FAILURE): Call Test Case 'Test Cases/PFI Precision and Scale/PFI Components/ConstantHashMap' successfully

2020-06-08 13:25:06 - [TEST_CASE][PASSED] - Test Cases/PFI Precision and Scale/PFI Components/ConstantHashMap: Test Cases/PFI Precision and Scale/PFI Components/ConstantHashMap

2020-06-08 13:25:06 - [TEST_STEP][PASSED] - ConstantTBL = [1:["PeriodType":"Working Day(s)"], 2:["PeriodType":"Calendar Day(s)"], 3:["PeriodType":"Month(s)"], 4:["TypeOfLetter":"T1"], ... ]: null

2020-06-08 13:25:06 - [TEST_STEP][PASSED] - switch (DropdownNm): null

2020-06-08 13:25:06 - [TEST_STEP][PASSED] - Default: null

2020-06-08 13:25:06 - [TEST_STEP][PASSED] - comment("Not found in the List"): Not found in the List

2020-06-08 13:25:06 - [MESSAGE][INFO] - Not found in the List

2020-06-08 13:25:06 - [TEST_STEP][PASSED] - break: null

2020-06-08 13:25:06 - [MESSAGE][PASSED] - Call Test Case 'Test Cases/PFI Precision and Scale/PFI Components/ConstantHashMap' successfully

2020-06-08 13:25:06 - [TEST_STEP][PASSED] - println(ValueFound): null

2020-06-08 13:25:06 - [TEST_STEP][PASSED] - sendKeys(NewInputNmField, Keys.chord(ARROW_DOWN)): Keys 'DOWN + ' sent to object: 'Object Repository/Objects.HighlightElements/input_field_index'

2020-06-08 13:25:06 - [MESSAGE][PASSED] - Keys 'DOWN + ' sent to object: 'Object Repository/Objects.HighlightElements/input_field_index'

2020-06-08 13:25:06 - [TEST_STEP][PASSED] - sendKeys(NewInputNmField, Keys.chord(ARROW_DOWN)): Keys 'DOWN + ' sent to object: 'Object Repository/Objects.HighlightElements/input_field_index'

2020-06-08 13:25:06 - [MESSAGE][PASSED] - Keys 'DOWN + ' sent to object: 'Object Repository/Objects.HighlightElements/input_field_index'

2020-06-08 13:25:06 - [TEST_STEP][PASSED] - delay(DelayTime): Delayed 2 second(s)

2020-06-08 13:25:08 - [MESSAGE][PASSED] - Delayed 2 second(s)

2020-06-08 13:25:08 - [TEST_STEP][PASSED] - sendKeys(NewInputNmField, Keys.chord(ENTER)): Keys 'ENTER + ' sent to object: 'Object Repository/Objects.HighlightElements/input_field_index'

2020-06-08 13:25:08 - [MESSAGE][PASSED] - Keys 'ENTER + ' sent to object: 'Object Repository/Objects.HighlightElements/input_field_index'

2020-06-08 13:25:08 - [TEST_STEP][PASSED] - ComboBoxValue = getAttribute(NewInputNmField, "value"): Attribute 'value' of object 'Object Repository/Objects.HighlightElements/input_field_index' is: 'eT1'

2020-06-08 13:25:08 - [MESSAGE][PASSED] - Attribute 'value' of object 'Object Repository/Objects.HighlightElements/input_field_index' is: 'eT1'

2020-06-08 13:25:08 - [TEST_STEP][PASSED] - callTestCase(findTestCase(CallTCName), ["FindValue":ComboBoxValue, "DropdownNm":comboNm], STOP_ON_FAILURE): Call Test Case 'Test Cases/PFI Precision and Scale/PFI Components/ConstantHashMap' successfully

2020-06-08 13:25:09 - [TEST_CASE][PASSED] - Test Cases/PFI Precision and Scale/PFI Components/ConstantHashMap: Test Cases/PFI Precision and Scale/PFI Components/ConstantHashMap

2020-06-08 13:25:09 - [TEST_STEP][PASSED] - ConstantTBL = [1:["PeriodType":"Working Day(s)"], 2:["PeriodType":"Calendar Day(s)"], 3:["PeriodType":"Month(s)"], 4:["TypeOfLetter":"T1"], ... ]: null

2020-06-08 13:25:09 - [TEST_STEP][PASSED] - switch (DropdownNm): null

2020-06-08 13:25:09 - [TEST_STEP][PASSED] - Default: null

2020-06-08 13:25:09 - [TEST_STEP][PASSED] - comment("Not found in the List"): Not found in the List

2020-06-08 13:25:09 - [MESSAGE][INFO] - Not found in the List

2020-06-08 13:25:09 - [TEST_STEP][PASSED] - break: null

2020-06-08 13:25:09 - [MESSAGE][PASSED] - Call Test Case 'Test Cases/PFI Precision and Scale/PFI Components/ConstantHashMap' successfully

2020-06-08 13:25:09 - [TEST_STEP][PASSED] - println(ValueFound): null

2020-06-08 13:25:09 - [TEST_STEP][PASSED] - sendKeys(NewInputNmField, Keys.chord(ARROW_DOWN)): Keys 'DOWN + ' sent to object: 'Object Repository/Objects.HighlightElements/input_field_index'

2020-06-08 13:25:09 - [MESSAGE][PASSED] - Keys 'DOWN + ' sent to object: 'Object Repository/Objects.HighlightElements/input_field_index'

2020-06-08 13:25:09 - [TEST_STEP][PASSED] - sendKeys(NewInputNmField, Keys.chord(ENTER)): Keys 'ENTER + ' sent to object: 'Object Repository/Objects.HighlightElements/input_field_index'

2020-06-08 13:25:09 - [MESSAGE][PASSED] - Keys 'ENTER + ' sent to object: 'Object Repository/Objects.HighlightElements/input_field_index'

2020-06-08 13:25:09 - [MESSAGE][PASSED] - Call Test Case 'Test Cases/PFI Precision and Scale/PFI Components with Indexing/VerifyDropdownValuesXPI' successfully

2020-06-08 13:25:09 - [TEST_STEP][NOT_RUN] - callTestCase(findTestCase("Components/Logout"), ["LogoutPageTextToBeVerified":findTestData("ISPS2 Test Data").getValue("HomeBanner", 1)], STOP_ON_FAILURE): NOT_RUN: callTestCase(findTestCase("Components/Logout"), ["LogoutPageTextToBeVerified":findTestData("ISPS2 Test Data").getValue("HomeBanner", 1)], STOP_ON_FAILURE)

2020-06-08 13:25:09 - [MESSAGE][NOT_RUN] - NOT_RUN: callTestCase(findTestCase("Components/Logout"), ["LogoutPageTextToBeVerified":findTestData("ISPS2 Test Data").getValue("HomeBanner", 1)], STOP_ON_FAILURE)]]></system-out>
         <system-err><![CDATA[]]></system-err>
      </testcase>
      <testcase name="Test Cases/PFI Precision and Scale/PFI Test Cases/Process Case (PFI)/PFI.IssueStatusLHS" time="790.381" classname="Test Cases/PFI Precision and Scale/PFI Test Cases/Process Case (PFI)/PFI.IssueStatusLHS" status="PASSED">
         <system-out><![CDATA[2020-06-08 13:25:09 - [TEST_CASE][PASSED] - Test Cases/PFI Precision and Scale/PFI Test Cases/Process Case (PFI)/PFI.IssueStatusLHS: Test Cases/PFI Precision and Scale/PFI Test Cases/Process Case (PFI)/PFI.IssueStatusLHS

2020-06-08 13:25:09 - [TEST_STEP][NOT_RUN] - callTestCase(findTestCase("Components/LoginV2.0"), ["LinkToBeUsed":findTestData("ISPS2 Test Data").getValue("URL", 1), "LoginPageTextToBeVerified":findTestData("ISPS2 Test Data").getValue("HomeBanner", 1), ... ], STOP_ON_FAILURE): NOT_RUN: callTestCase(findTestCase("Components/LoginV2.0"), ["LinkToBeUsed":findTestData("ISPS2 Test Data").getValue("URL", 1), "LoginPageTextToBeVerified":findTestData("ISPS2 Test Data").getValue("HomeBanner", 1), ... ], STOP_ON_FAILURE)

2020-06-08 13:25:09 - [MESSAGE][NOT_RUN] - NOT_RUN: callTestCase(findTestCase("Components/LoginV2.0"), ["LinkToBeUsed":findTestData("ISPS2 Test Data").getValue("URL", 1), "LoginPageTextToBeVerified":findTestData("ISPS2 Test Data").getValue("HomeBanner", 1), ... ], STOP_ON_FAILURE)

2020-06-08 13:25:09 - [TEST_STEP][NOT_RUN] - callTestCase(findTestCase("Components/NavigateToHomepageHeaders"), ["headerText":"My Tasks"], STOP_ON_FAILURE): NOT_RUN: callTestCase(findTestCase("Components/NavigateToHomepageHeaders"), ["headerText":"My Tasks"], STOP_ON_FAILURE)

2020-06-08 13:25:09 - [MESSAGE][NOT_RUN] - NOT_RUN: callTestCase(findTestCase("Components/NavigateToHomepageHeaders"), ["headerText":"My Tasks"], STOP_ON_FAILURE)

2020-06-08 13:25:09 - [TEST_STEP][NOT_RUN] - callTestCase(findTestCase("Components/Filter"), ["taskDescription":"Process Case (SM)"], STOP_ON_FAILURE): NOT_RUN: callTestCase(findTestCase("Components/Filter"), ["taskDescription":"Process Case (SM)"], STOP_ON_FAILURE)

2020-06-08 13:25:09 - [MESSAGE][NOT_RUN] - NOT_RUN: callTestCase(findTestCase("Components/Filter"), ["taskDescription":"Process Case (SM)"], STOP_ON_FAILURE)

2020-06-08 13:25:09 - [TEST_STEP][NOT_RUN] - callTestCase(findTestCase("Components/ClickLinkDependingOnTextAndIndex"), ["linkName":"Process Case (SM)", "index":"3"], STOP_ON_FAILURE): NOT_RUN: callTestCase(findTestCase("Components/ClickLinkDependingOnTextAndIndex"), ["linkName":"Process Case (SM)", "index":"3"], STOP_ON_FAILURE)

2020-06-08 13:25:09 - [MESSAGE][NOT_RUN] - NOT_RUN: callTestCase(findTestCase("Components/ClickLinkDependingOnTextAndIndex"), ["linkName":"Process Case (SM)", "index":"3"], STOP_ON_FAILURE)

2020-06-08 13:25:09 - [TEST_STEP][PASSED] - callTestCase(findTestCase("Components/NavigateToAnyLHS"), ["LHS":"Issue Status"], STOP_ON_FAILURE): Call Test Case 'Test Cases/Components/NavigateToAnyLHS' successfully

2020-06-08 13:25:09 - [TEST_CASE][PASSED] - Test Cases/Components/NavigateToAnyLHS: Test Cases/Components/NavigateToAnyLHS

2020-06-08 13:25:09 - [TEST_STEP][PASSED] - Thread.sleep(1000): null

2020-06-08 13:25:10 - [TEST_STEP][PASSED] - modifiedLHS = modifyObjectProperty(findTestObject("Objects.NavigateToAnyLHS/Page_ISPS2/LHSToModify"), "text", "equals", LHS, true): Modify property of object successfully

2020-06-08 13:25:10 - [MESSAGE][PASSED] - Modify property of object successfully

2020-06-08 13:25:10 - [TEST_STEP][PASSED] - click(modifiedLHS): Object: 'Object Repository/Objects.NavigateToAnyLHS/Page_ISPS2/LHSToModify' is clicked on

2020-06-08 13:25:10 - [MESSAGE][PASSED] - Object: 'Object Repository/Objects.NavigateToAnyLHS/Page_ISPS2/LHSToModify' is clicked on

2020-06-08 13:25:10 - [TEST_STEP][PASSED] - currentLHS = getText(modifiedLHS): Text of object 'Object Repository/Objects.NavigateToAnyLHS/Page_ISPS2/LHSToModify' is: 'Issue Status'

2020-06-08 13:25:10 - [MESSAGE][PASSED] - Text of object 'Object Repository/Objects.NavigateToAnyLHS/Page_ISPS2/LHSToModify' is: 'Issue Status'

2020-06-08 13:25:10 - [TEST_STEP][PASSED] - Thread.sleep(5000): null

2020-06-08 13:25:15 - [MESSAGE][PASSED] - Call Test Case 'Test Cases/Components/NavigateToAnyLHS' successfully

2020-06-08 13:25:15 - [TEST_STEP][PASSED] - callTestCase(findTestCase("Components/VerifyPageSuccessfullyLoadedII"), ["PageNm":"Issue Status"], STOP_ON_FAILURE): Call Test Case 'Test Cases/Components/VerifyPageSuccessfullyLoadedII' successfully

2020-06-08 13:25:15 - [TEST_CASE][PASSED] - Test Cases/Components/VerifyPageSuccessfullyLoadedII: Test Cases/Components/VerifyPageSuccessfullyLoadedII

2020-06-08 13:25:15 - [TEST_STEP][PASSED] - waitForPageLoad(5): Wait for page load successfully

2020-06-08 13:25:15 - [MESSAGE][PASSED] - Wait for page load successfully

2020-06-08 13:25:15 - [TEST_STEP][PASSED] - modifiedInputFld = modifyObjectProperty(findTestObject("Object Repository/Objects.VerifyPageSuccessfullyLoaded/PageHeaderIndex"), "xpath", "equals", "//*[contains(@class,'isps-page-title') and contains(text(),'" + PageNm + "')]", true): Modify property of object successfully

2020-06-08 13:25:15 - [MESSAGE][PASSED] - Modify property of object successfully

2020-06-08 13:25:15 - [TEST_STEP][PASSED] - com.reusableComponents.HighlightElement.run(modifiedInputFld): com.reusableComponents.HighlightElement.run is PASSED

2020-06-08 13:25:16 - [MESSAGE][PASSED] - com.reusableComponents.HighlightElement.run is PASSED

2020-06-08 13:25:16 - [MESSAGE][PASSED] - Call Test Case 'Test Cases/Components/VerifyPageSuccessfullyLoadedII' successfully

2020-06-08 13:25:16 - [TEST_STEP][PASSED] - callTestCase(findTestCase("Components/HighlightLabelField"), ["LblName":"AO Status *:"], STOP_ON_FAILURE): Call Test Case 'Test Cases/Components/HighlightLabelField' successfully

2020-06-08 13:25:16 - [TEST_CASE][PASSED] - Test Cases/Components/HighlightLabelField: Test Cases/Components/HighlightLabelField

2020-06-08 13:25:16 - [TEST_STEP][PASSED] - Thread.sleep(1000): null

2020-06-08 13:25:17 - [TEST_STEP][PASSED] - modifiedLblNm = modifyObjectProperty(findTestObject("Objects.HighlightElements/lblField"), "text", "equals", LblName, true): Modify property of object successfully

2020-06-08 13:25:17 - [MESSAGE][PASSED] - Modify property of object successfully

2020-06-08 13:25:17 - [TEST_STEP][PASSED] - com.reusableComponents.HighlightElement.run(modifiedLblNm): com.reusableComponents.HighlightElement.run is PASSED

2020-06-08 13:25:18 - [MESSAGE][PASSED] - com.reusableComponents.HighlightElement.run is PASSED

2020-06-08 13:25:18 - [MESSAGE][PASSED] - Call Test Case 'Test Cases/Components/HighlightLabelField' successfully

2020-06-08 13:25:18 - [TEST_STEP][PASSED] - callTestCase(findTestCase("Components/HighlightInputIndexField"), ["InputName":"aoStatus", "index":3], STOP_ON_FAILURE): Call Test Case 'Test Cases/Components/HighlightInputIndexField' successfully

2020-06-08 13:25:18 - [TEST_CASE][PASSED] - Test Cases/Components/HighlightInputIndexField: Test Cases/Components/HighlightInputIndexField

2020-06-08 13:25:18 - [TEST_STEP][PASSED] - Thread.sleep(1000): null

2020-06-08 13:25:19 - [TEST_STEP][PASSED] - modifiedInputFld = modifyObjectProperty(findTestObject("Objects.HighlightElements/input_field_index"), "xpath", "equals", "(//*[contains(@class,'x-form-text') and (@name='" + InputName + "')])[" + index + "]", true): Modify property of object successfully

2020-06-08 13:25:19 - [MESSAGE][PASSED] - Modify property of object successfully

2020-06-08 13:25:19 - [TEST_STEP][PASSED] - com.reusableComponents.HighlightElement.run(modifiedInputFld): com.reusableComponents.HighlightElement.run is PASSED

2020-06-08 13:25:19 - [MESSAGE][PASSED] - com.reusableComponents.HighlightElement.run is PASSED

2020-06-08 13:25:19 - [MESSAGE][PASSED] - Call Test Case 'Test Cases/Components/HighlightInputIndexField' successfully

2020-06-08 13:25:19 - [TEST_STEP][PASSED] - callTestCase(findTestCase("PFI Precision and Scale/PFI Components with Indexing/VerifyDefaultValueIndex"), ["FieldNm":"aoStatus", "index":3], STOP_ON_FAILURE): Call Test Case 'Test Cases/PFI Precision and Scale/PFI Components with Indexing/VerifyDefaultValueIndex' successfully

2020-06-08 13:25:19 - [TEST_CASE][PASSED] - Test Cases/PFI Precision and Scale/PFI Components with Indexing/VerifyDefaultValueIndex: Test Cases/PFI Precision and Scale/PFI Components with Indexing/VerifyDefaultValueIndex

2020-06-08 13:25:19 - [TEST_STEP][PASSED] - Thread.sleep(1000): null

2020-06-08 13:25:20 - [TEST_STEP][PASSED] - DefaultValueHM = ["periodType":"Working Day(s)", "noOfDays":"14", "inspWeight":"1", "inspModule":"PSI", "inspCaseType":"PSI Processing (SM)"]: null

2020-06-08 13:25:20 - [TEST_STEP][PASSED] - NewFieldNm = modifyObjectProperty(findTestObject("Object Repository/Objects.HighlightElements/input_field_index"), "xpath", "equals", "(//*[contains(@name,'" + FieldNm + "')])[" + index + "]", true): Modify property of object successfully

2020-06-08 13:25:21 - [MESSAGE][PASSED] - Modify property of object successfully

2020-06-08 13:25:21 - [TEST_STEP][PASSED] - focus(NewFieldNm): Object: 'Object Repository/Objects.HighlightElements/input_field_index' is focused

2020-06-08 13:25:21 - [MESSAGE][PASSED] - Object: 'Object Repository/Objects.HighlightElements/input_field_index' is focused

2020-06-08 13:25:21 - [TEST_STEP][PASSED] - DefVal = getAttribute(NewFieldNm, "value", STOP_ON_FAILURE): Attribute 'value' of object 'Object Repository/Objects.HighlightElements/input_field_index' is: ''

2020-06-08 13:25:21 - [MESSAGE][PASSED] - Attribute 'value' of object 'Object Repository/Objects.HighlightElements/input_field_index' is: ''

2020-06-08 13:25:21 - [TEST_STEP][PASSED] - switch (FieldNm): null

2020-06-08 13:25:21 - [TEST_STEP][PASSED] - Default: null

2020-06-08 13:25:21 - [TEST_STEP][PASSED] - ExpectedDefVal = DefaultValueHM.get(FieldNm): null

2020-06-08 13:25:21 - [TEST_STEP][PASSED] - if (ExpectedDefVal != null): null

2020-06-08 13:25:21 - [TEST_STEP][PASSED] - else: Actual text '' and expected text '' are matched  using regular expression

2020-06-08 13:25:21 - [TEST_STEP][PASSED] - verifyMatch(DefVal, "", true): Actual text '' and expected text '' are matched  using regular expression

2020-06-08 13:25:21 - [MESSAGE][PASSED] - Actual text '' and expected text '' are matched  using regular expression

2020-06-08 13:25:21 - [TEST_STEP][PASSED] - break: null

2020-06-08 13:25:21 - [MESSAGE][PASSED] - Call Test Case 'Test Cases/PFI Precision and Scale/PFI Components with Indexing/VerifyDefaultValueIndex' successfully

2020-06-08 13:25:21 - [TEST_STEP][PASSED] - callTestCase(findTestCase("Components/HighlightLabelFieldXPI"), ["LblName":"AO Notes", "index":5], STOP_ON_FAILURE): Call Test Case 'Test Cases/Components/HighlightLabelFieldXPI' successfully

2020-06-08 13:25:21 - [TEST_CASE][PASSED] - Test Cases/Components/HighlightLabelFieldXPI: Test Cases/Components/HighlightLabelFieldXPI

2020-06-08 13:25:21 - [TEST_STEP][PASSED] - Thread.sleep(1000): null

2020-06-08 13:25:22 - [TEST_STEP][PASSED] - modifiedLblNm = modifyObjectProperty(findTestObject("Object Repository/Objects.HighlightElements/lblField_index"), "xpath", "equals", "(//*[contains(@class, 'x-form-item-label-inner x-form-item-label-inner-default') and contains(., '" + LblName + "')])[" + index + "]", true): Modify property of object successfully

2020-06-08 13:25:22 - [MESSAGE][PASSED] - Modify property of object successfully

2020-06-08 13:25:22 - [TEST_STEP][PASSED] - com.reusableComponents.HighlightElement.run(modifiedLblNm): com.reusableComponents.HighlightElement.run is PASSED

2020-06-08 13:25:22 - [MESSAGE][PASSED] - com.reusableComponents.HighlightElement.run is PASSED

2020-06-08 13:25:22 - [MESSAGE][PASSED] - Call Test Case 'Test Cases/Components/HighlightLabelFieldXPI' successfully

2020-06-08 13:25:22 - [TEST_STEP][PASSED] - callTestCase(findTestCase("Components/HighlightInputIndexField"), ["InputName":"aoNotes", "index":3], STOP_ON_FAILURE): Call Test Case 'Test Cases/Components/HighlightInputIndexField' successfully

2020-06-08 13:25:22 - [TEST_CASE][PASSED] - Test Cases/Components/HighlightInputIndexField: Test Cases/Components/HighlightInputIndexField

2020-06-08 13:25:22 - [TEST_STEP][PASSED] - Thread.sleep(1000): null

2020-06-08 13:25:23 - [TEST_STEP][PASSED] - modifiedInputFld = modifyObjectProperty(findTestObject("Objects.HighlightElements/input_field_index"), "xpath", "equals", "(//*[contains(@class,'x-form-text') and (@name='" + InputName + "')])[" + index + "]", true): Modify property of object successfully

2020-06-08 13:25:23 - [MESSAGE][PASSED] - Modify property of object successfully

2020-06-08 13:25:23 - [TEST_STEP][PASSED] - com.reusableComponents.HighlightElement.run(modifiedInputFld): com.reusableComponents.HighlightElement.run is PASSED

2020-06-08 13:25:24 - [MESSAGE][PASSED] - com.reusableComponents.HighlightElement.run is PASSED

2020-06-08 13:25:24 - [MESSAGE][PASSED] - Call Test Case 'Test Cases/Components/HighlightInputIndexField' successfully

2020-06-08 13:25:24 - [TEST_STEP][PASSED] - callTestCase(findTestCase("PFI Precision and Scale/PFI Components with Indexing/VerifyDefaultValueIndex"), ["FieldNm":"aoNotes", "index":3], STOP_ON_FAILURE): Call Test Case 'Test Cases/PFI Precision and Scale/PFI Components with Indexing/VerifyDefaultValueIndex' successfully

2020-06-08 13:25:24 - [TEST_CASE][PASSED] - Test Cases/PFI Precision and Scale/PFI Components with Indexing/VerifyDefaultValueIndex: Test Cases/PFI Precision and Scale/PFI Components with Indexing/VerifyDefaultValueIndex

2020-06-08 13:25:24 - [TEST_STEP][PASSED] - Thread.sleep(1000): null

2020-06-08 13:25:25 - [TEST_STEP][PASSED] - DefaultValueHM = ["periodType":"Working Day(s)", "noOfDays":"14", "inspWeight":"1", "inspModule":"PSI", "inspCaseType":"PSI Processing (SM)"]: null

2020-06-08 13:25:25 - [TEST_STEP][PASSED] - NewFieldNm = modifyObjectProperty(findTestObject("Object Repository/Objects.HighlightElements/input_field_index"), "xpath", "equals", "(//*[contains(@name,'" + FieldNm + "')])[" + index + "]", true): Modify property of object successfully

2020-06-08 13:25:25 - [MESSAGE][PASSED] - Modify property of object successfully

2020-06-08 13:25:25 - [TEST_STEP][PASSED] - focus(NewFieldNm): Object: 'Object Repository/Objects.HighlightElements/input_field_index' is focused

2020-06-08 13:25:25 - [MESSAGE][PASSED] - Object: 'Object Repository/Objects.HighlightElements/input_field_index' is focused

2020-06-08 13:25:25 - [TEST_STEP][PASSED] - DefVal = getAttribute(NewFieldNm, "value", STOP_ON_FAILURE): Attribute 'value' of object 'Object Repository/Objects.HighlightElements/input_field_index' is: ''

2020-06-08 13:25:25 - [MESSAGE][PASSED] - Attribute 'value' of object 'Object Repository/Objects.HighlightElements/input_field_index' is: ''

2020-06-08 13:25:25 - [TEST_STEP][PASSED] - switch (FieldNm): null

2020-06-08 13:25:25 - [TEST_STEP][PASSED] - Default: null

2020-06-08 13:25:25 - [TEST_STEP][PASSED] - ExpectedDefVal = DefaultValueHM.get(FieldNm): null

2020-06-08 13:25:25 - [TEST_STEP][PASSED] - if (ExpectedDefVal != null): null

2020-06-08 13:25:25 - [TEST_STEP][PASSED] - else: Actual text '' and expected text '' are matched  using regular expression

2020-06-08 13:25:25 - [TEST_STEP][PASSED] - verifyMatch(DefVal, "", true): Actual text '' and expected text '' are matched  using regular expression

2020-06-08 13:25:25 - [MESSAGE][PASSED] - Actual text '' and expected text '' are matched  using regular expression

2020-06-08 13:25:25 - [TEST_STEP][PASSED] - break: null

2020-06-08 13:25:25 - [MESSAGE][PASSED] - Call Test Case 'Test Cases/PFI Precision and Scale/PFI Components with Indexing/VerifyDefaultValueIndex' successfully

2020-06-08 13:25:25 - [TEST_STEP][PASSED] - callTestCase(findTestCase("Components/HighlightLabelFieldXPI"), ["LblName":"Assign To", "index":7], STOP_ON_FAILURE): Call Test Case 'Test Cases/Components/HighlightLabelFieldXPI' successfully

2020-06-08 13:25:25 - [TEST_CASE][PASSED] - Test Cases/Components/HighlightLabelFieldXPI: Test Cases/Components/HighlightLabelFieldXPI

2020-06-08 13:25:25 - [TEST_STEP][PASSED] - Thread.sleep(1000): null

2020-06-08 13:25:26 - [TEST_STEP][PASSED] - modifiedLblNm = modifyObjectProperty(findTestObject("Object Repository/Objects.HighlightElements/lblField_index"), "xpath", "equals", "(//*[contains(@class, 'x-form-item-label-inner x-form-item-label-inner-default') and contains(., '" + LblName + "')])[" + index + "]", true): Modify property of object successfully

2020-06-08 13:25:26 - [MESSAGE][PASSED] - Modify property of object successfully

2020-06-08 13:25:26 - [TEST_STEP][PASSED] - com.reusableComponents.HighlightElement.run(modifiedLblNm): com.reusableComponents.HighlightElement.run is PASSED

2020-06-08 13:25:27 - [MESSAGE][PASSED] - com.reusableComponents.HighlightElement.run is PASSED

2020-06-08 13:25:27 - [MESSAGE][PASSED] - Call Test Case 'Test Cases/Components/HighlightLabelFieldXPI' successfully

2020-06-08 13:25:27 - [TEST_STEP][PASSED] - callTestCase(findTestCase("Components/HighlightInputIndexField"), ["InputName":"aoAssignTo", "index":3], STOP_ON_FAILURE): Call Test Case 'Test Cases/Components/HighlightInputIndexField' successfully

2020-06-08 13:25:27 - [TEST_CASE][PASSED] - Test Cases/Components/HighlightInputIndexField: Test Cases/Components/HighlightInputIndexField

2020-06-08 13:25:27 - [TEST_STEP][PASSED] - Thread.sleep(1000): null

2020-06-08 13:25:28 - [TEST_STEP][PASSED] - modifiedInputFld = modifyObjectProperty(findTestObject("Objects.HighlightElements/input_field_index"), "xpath", "equals", "(//*[contains(@class,'x-form-text') and (@name='" + InputName + "')])[" + index + "]", true): Modify property of object successfully

2020-06-08 13:25:28 - [MESSAGE][PASSED] - Modify property of object successfully

2020-06-08 13:25:28 - [TEST_STEP][PASSED] - com.reusableComponents.HighlightElement.run(modifiedInputFld): com.reusableComponents.HighlightElement.run is PASSED

2020-06-08 13:25:28 - [MESSAGE][PASSED] - com.reusableComponents.HighlightElement.run is PASSED

2020-06-08 13:25:28 - [MESSAGE][PASSED] - Call Test Case 'Test Cases/Components/HighlightInputIndexField' successfully

2020-06-08 13:25:28 - [TEST_STEP][PASSED] - callTestCase(findTestCase("PFI Precision and Scale/PFI Components with Indexing/VerifyDefaultValueIndex"), ["FieldNm":"aoAssignTo", "index":3], STOP_ON_FAILURE): Call Test Case 'Test Cases/PFI Precision and Scale/PFI Components with Indexing/VerifyDefaultValueIndex' successfully

2020-06-08 13:25:28 - [TEST_CASE][PASSED] - Test Cases/PFI Precision and Scale/PFI Components with Indexing/VerifyDefaultValueIndex: Test Cases/PFI Precision and Scale/PFI Components with Indexing/VerifyDefaultValueIndex

2020-06-08 13:25:28 - [TEST_STEP][PASSED] - Thread.sleep(1000): null

2020-06-08 13:25:29 - [TEST_STEP][PASSED] - DefaultValueHM = ["periodType":"Working Day(s)", "noOfDays":"14", "inspWeight":"1", "inspModule":"PSI", "inspCaseType":"PSI Processing (SM)"]: null

2020-06-08 13:25:29 - [TEST_STEP][PASSED] - NewFieldNm = modifyObjectProperty(findTestObject("Object Repository/Objects.HighlightElements/input_field_index"), "xpath", "equals", "(//*[contains(@name,'" + FieldNm + "')])[" + index + "]", true): Modify property of object successfully

2020-06-08 13:25:29 - [MESSAGE][PASSED] - Modify property of object successfully

2020-06-08 13:25:29 - [TEST_STEP][PASSED] - focus(NewFieldNm): Object: 'Object Repository/Objects.HighlightElements/input_field_index' is focused

2020-06-08 13:25:29 - [MESSAGE][PASSED] - Object: 'Object Repository/Objects.HighlightElements/input_field_index' is focused

2020-06-08 13:25:29 - [TEST_STEP][PASSED] - DefVal = getAttribute(NewFieldNm, "value", STOP_ON_FAILURE): Attribute 'value' of object 'Object Repository/Objects.HighlightElements/input_field_index' is: ''

2020-06-08 13:25:29 - [MESSAGE][PASSED] - Attribute 'value' of object 'Object Repository/Objects.HighlightElements/input_field_index' is: ''

2020-06-08 13:25:29 - [TEST_STEP][PASSED] - switch (FieldNm): null

2020-06-08 13:25:29 - [TEST_STEP][PASSED] - Default: null

2020-06-08 13:25:29 - [TEST_STEP][PASSED] - ExpectedDefVal = DefaultValueHM.get(FieldNm): null

2020-06-08 13:25:29 - [TEST_STEP][PASSED] - if (ExpectedDefVal != null): null

2020-06-08 13:25:29 - [TEST_STEP][PASSED] - else: Actual text '' and expected text '' are matched  using regular expression

2020-06-08 13:25:29 - [TEST_STEP][PASSED] - verifyMatch(DefVal, "", true): Actual text '' and expected text '' are matched  using regular expression

2020-06-08 13:25:29 - [MESSAGE][PASSED] - Actual text '' and expected text '' are matched  using regular expression

2020-06-08 13:25:29 - [TEST_STEP][PASSED] - break: null

2020-06-08 13:25:29 - [MESSAGE][PASSED] - Call Test Case 'Test Cases/PFI Precision and Scale/PFI Components with Indexing/VerifyDefaultValueIndex' successfully

2020-06-08 13:25:29 - [TEST_STEP][PASSED] - callTestCase(findTestCase("Components/HighlightLabelFieldXPI"), ["LblName":"Bldg Grp Grade Type", "index":3], STOP_ON_FAILURE): Call Test Case 'Test Cases/Components/HighlightLabelFieldXPI' successfully

2020-06-08 13:25:29 - [TEST_CASE][PASSED] - Test Cases/Components/HighlightLabelFieldXPI: Test Cases/Components/HighlightLabelFieldXPI

2020-06-08 13:25:29 - [TEST_STEP][PASSED] - Thread.sleep(1000): null

2020-06-08 13:25:30 - [TEST_STEP][PASSED] - modifiedLblNm = modifyObjectProperty(findTestObject("Object Repository/Objects.HighlightElements/lblField_index"), "xpath", "equals", "(//*[contains(@class, 'x-form-item-label-inner x-form-item-label-inner-default') and contains(., '" + LblName + "')])[" + index + "]", true): Modify property of object successfully

2020-06-08 13:25:31 - [MESSAGE][PASSED] - Modify property of object successfully

2020-06-08 13:25:31 - [TEST_STEP][PASSED] - com.reusableComponents.HighlightElement.run(modifiedLblNm): com.reusableComponents.HighlightElement.run is PASSED

2020-06-08 13:25:31 - [MESSAGE][PASSED] - com.reusableComponents.HighlightElement.run is PASSED

2020-06-08 13:25:31 - [MESSAGE][PASSED] - Call Test Case 'Test Cases/Components/HighlightLabelFieldXPI' successfully

2020-06-08 13:25:31 - [TEST_STEP][PASSED] - callTestCase(findTestCase("Components/HighlightInputIndexField"), ["InputName":"gradeType", "index":3], STOP_ON_FAILURE): Call Test Case 'Test Cases/Components/HighlightInputIndexField' successfully

2020-06-08 13:25:31 - [TEST_CASE][PASSED] - Test Cases/Components/HighlightInputIndexField: Test Cases/Components/HighlightInputIndexField

2020-06-08 13:25:31 - [TEST_STEP][PASSED] - Thread.sleep(1000): null

2020-06-08 13:25:32 - [TEST_STEP][PASSED] - modifiedInputFld = modifyObjectProperty(findTestObject("Objects.HighlightElements/input_field_index"), "xpath", "equals", "(//*[contains(@class,'x-form-text') and (@name='" + InputName + "')])[" + index + "]", true): Modify property of object successfully

2020-06-08 13:25:32 - [MESSAGE][PASSED] - Modify property of object successfully

2020-06-08 13:25:32 - [TEST_STEP][PASSED] - com.reusableComponents.HighlightElement.run(modifiedInputFld): com.reusableComponents.HighlightElement.run is PASSED

2020-06-08 13:25:33 - [MESSAGE][PASSED] - com.reusableComponents.HighlightElement.run is PASSED

2020-06-08 13:25:33 - [MESSAGE][PASSED] - Call Test Case 'Test Cases/Components/HighlightInputIndexField' successfully

2020-06-08 13:25:33 - [TEST_STEP][PASSED] - callTestCase(findTestCase("PFI Precision and Scale/PFI Components with Indexing/VerifyDefaultValueIndex"), ["FieldNm":"gradeType", "index":3], STOP_ON_FAILURE): Call Test Case 'Test Cases/PFI Precision and Scale/PFI Components with Indexing/VerifyDefaultValueIndex' successfully

2020-06-08 13:25:33 - [TEST_CASE][PASSED] - Test Cases/PFI Precision and Scale/PFI Components with Indexing/VerifyDefaultValueIndex: Test Cases/PFI Precision and Scale/PFI Components with Indexing/VerifyDefaultValueIndex

2020-06-08 13:25:33 - [TEST_STEP][PASSED] - Thread.sleep(1000): null

2020-06-08 13:25:34 - [TEST_STEP][PASSED] - DefaultValueHM = ["periodType":"Working Day(s)", "noOfDays":"14", "inspWeight":"1", "inspModule":"PSI", "inspCaseType":"PSI Processing (SM)"]: null

2020-06-08 13:25:34 - [TEST_STEP][PASSED] - NewFieldNm = modifyObjectProperty(findTestObject("Object Repository/Objects.HighlightElements/input_field_index"), "xpath", "equals", "(//*[contains(@name,'" + FieldNm + "')])[" + index + "]", true): Modify property of object successfully

2020-06-08 13:25:34 - [MESSAGE][PASSED] - Modify property of object successfully

2020-06-08 13:25:34 - [TEST_STEP][PASSED] - focus(NewFieldNm): Object: 'Object Repository/Objects.HighlightElements/input_field_index' is focused

2020-06-08 13:25:34 - [MESSAGE][PASSED] - Object: 'Object Repository/Objects.HighlightElements/input_field_index' is focused

2020-06-08 13:25:34 - [TEST_STEP][PASSED] - DefVal = getAttribute(NewFieldNm, "value", STOP_ON_FAILURE): Attribute 'value' of object 'Object Repository/Objects.HighlightElements/input_field_index' is: ''

2020-06-08 13:25:34 - [MESSAGE][PASSED] - Attribute 'value' of object 'Object Repository/Objects.HighlightElements/input_field_index' is: ''

2020-06-08 13:25:34 - [TEST_STEP][PASSED] - switch (FieldNm): null

2020-06-08 13:25:34 - [TEST_STEP][PASSED] - Default: null

2020-06-08 13:25:34 - [TEST_STEP][PASSED] - ExpectedDefVal = DefaultValueHM.get(FieldNm): null

2020-06-08 13:25:34 - [TEST_STEP][PASSED] - if (ExpectedDefVal != null): null

2020-06-08 13:25:34 - [TEST_STEP][PASSED] - else: Actual text '' and expected text '' are matched  using regular expression

2020-06-08 13:25:34 - [TEST_STEP][PASSED] - verifyMatch(DefVal, "", true): Actual text '' and expected text '' are matched  using regular expression

2020-06-08 13:25:34 - [MESSAGE][PASSED] - Actual text '' and expected text '' are matched  using regular expression

2020-06-08 13:25:34 - [TEST_STEP][PASSED] - break: null

2020-06-08 13:25:34 - [MESSAGE][PASSED] - Call Test Case 'Test Cases/PFI Precision and Scale/PFI Components with Indexing/VerifyDefaultValueIndex' successfully

2020-06-08 13:25:34 - [TEST_STEP][PASSED] - callTestCase(findTestCase("Components/ClickBlueButtonsWithIndex"), ["Button":"Submit", "index":8], STOP_ON_FAILURE): Call Test Case 'Test Cases/Components/ClickBlueButtonsWithIndex' successfully

2020-06-08 13:25:34 - [TEST_CASE][PASSED] - Test Cases/Components/ClickBlueButtonsWithIndex: Test Cases/Components/ClickBlueButtonsWithIndex

2020-06-08 13:25:34 - [TEST_STEP][PASSED] - Thread.sleep(1000): null

2020-06-08 13:25:35 - [TEST_STEP][PASSED] - complexlyModifiedButtonGG = modifyObjectProperty(findTestObject("Objects.ClickBlueButtonsWithXPI/span_Reset"), "xPath", "equals", "(//*[contains(@class,'x-btn-inner x-btn-inner-default-small') and (text()='" + Button + "')])[" + index + "]", true): Modify property of object successfully

2020-06-08 13:25:35 - [MESSAGE][PASSED] - Modify property of object successfully

2020-06-08 13:25:35 - [TEST_STEP][PASSED] - com.reusableComponents.HighlightElement.run(complexlyModifiedButtonGG): com.reusableComponents.HighlightElement.run is PASSED

2020-06-08 13:25:36 - [MESSAGE][PASSED] - com.reusableComponents.HighlightElement.run is PASSED

2020-06-08 13:25:36 - [TEST_STEP][PASSED] - click(complexlyModifiedButtonGG): Object: 'Object Repository/Objects.ClickBlueButtonsWithXPI/span_Reset' is clicked on

2020-06-08 13:25:36 - [MESSAGE][PASSED] - Object: 'Object Repository/Objects.ClickBlueButtonsWithXPI/span_Reset' is clicked on

2020-06-08 13:25:36 - [MESSAGE][PASSED] - Call Test Case 'Test Cases/Components/ClickBlueButtonsWithIndex' successfully

2020-06-08 13:25:36 - [TEST_STEP][PASSED] - callTestCase(findTestCase("PFI Precision and Scale/PFI Components with Indexing/RequiredFieldValidationIndex"), ["nameToBeUsed":"aoStatus", "index":3], STOP_ON_FAILURE): Call Test Case 'Test Cases/PFI Precision and Scale/PFI Components with Indexing/RequiredFieldValidationIndex' successfully

2020-06-08 13:25:36 - [TEST_CASE][PASSED] - Test Cases/PFI Precision and Scale/PFI Components with Indexing/RequiredFieldValidationIndex: Test Cases/PFI Precision and Scale/PFI Components with Indexing/RequiredFieldValidationIndex

2020-06-08 13:25:36 - [TEST_STEP][PASSED] - Thread.sleep(2000): null

2020-06-08 13:25:39 - [TEST_STEP][PASSED] - NewInputNmField = modifyObjectProperty(findTestObject("Objects.HighlightElements/input_field_index"), "xpath", "equals", "(//*[contains(@class,'x-form-text') and (@name='" + nameToBeUsed + "')])[" + index + "]", true): Modify property of object successfully

2020-06-08 13:26:31 - [MESSAGE][PASSED] - Modify property of object successfully

2020-06-08 13:26:31 - [TEST_STEP][PASSED] - mouseOver(NewInputNmField): Object: 'Object Repository/Objects.HighlightElements/input_field_index' is hovered

2020-06-08 13:26:36 - [MESSAGE][PASSED] - Object: 'Object Repository/Objects.HighlightElements/input_field_index' is hovered

2020-06-08 13:26:36 - [TEST_STEP][PASSED] - getRqErrMsg = getAttribute(NewInputNmField, "data-errorqtip"): Attribute 'data-errorqtip' of object 'Object Repository/Objects.HighlightElements/input_field_index' is: '<ul class="x-list-plain"><li>This field is required</li></ul>'

2020-06-08 13:26:37 - [MESSAGE][PASSED] - Attribute 'data-errorqtip' of object 'Object Repository/Objects.HighlightElements/input_field_index' is: '<ul class="x-list-plain"><li>This field is required</li></ul>'

2020-06-08 13:26:37 - [TEST_STEP][PASSED] - strToolTip = getRqErrMsg.substring(29, 61): null

2020-06-08 13:26:37 - [TEST_STEP][PASSED] - toolTipReqErrMsg = strToolTip.substring(0, 22): null

2020-06-08 13:26:37 - [TEST_STEP][PASSED] - verifyMatch(toolTipReqErrMsg, RqField, true): Actual text 'This field is required' and expected text 'This field is required' are matched  using regular expression

2020-06-08 13:26:38 - [MESSAGE][PASSED] - Actual text 'This field is required' and expected text 'This field is required' are matched  using regular expression

2020-06-08 13:26:38 - [MESSAGE][PASSED] - Call Test Case 'Test Cases/PFI Precision and Scale/PFI Components with Indexing/RequiredFieldValidationIndex' successfully

2020-06-08 13:26:38 - [TEST_STEP][PASSED] - callTestCase(findTestCase("PFI Precision and Scale/PFI Components with Indexing/RequiredFieldValidationIndex"), ["nameToBeUsed":"aoNotes", "index":3], STOP_ON_FAILURE): Call Test Case 'Test Cases/PFI Precision and Scale/PFI Components with Indexing/RequiredFieldValidationIndex' successfully

2020-06-08 13:26:46 - [TEST_CASE][PASSED] - Test Cases/PFI Precision and Scale/PFI Components with Indexing/RequiredFieldValidationIndex: Test Cases/PFI Precision and Scale/PFI Components with Indexing/RequiredFieldValidationIndex

2020-06-08 13:26:51 - [TEST_STEP][PASSED] - Thread.sleep(2000): null

2020-06-08 13:26:53 - [TEST_STEP][PASSED] - NewInputNmField = modifyObjectProperty(findTestObject("Objects.HighlightElements/input_field_index"), "xpath", "equals", "(//*[contains(@class,'x-form-text') and (@name='" + nameToBeUsed + "')])[" + index + "]", true): Modify property of object successfully

2020-06-08 13:28:12 - [MESSAGE][PASSED] - Modify property of object successfully

2020-06-08 13:28:12 - [TEST_STEP][PASSED] - mouseOver(NewInputNmField): Object: 'Object Repository/Objects.HighlightElements/input_field_index' is hovered

2020-06-08 13:28:20 - [MESSAGE][PASSED] - Object: 'Object Repository/Objects.HighlightElements/input_field_index' is hovered

2020-06-08 13:28:20 - [TEST_STEP][PASSED] - getRqErrMsg = getAttribute(NewInputNmField, "data-errorqtip"): Attribute 'data-errorqtip' of object 'Object Repository/Objects.HighlightElements/input_field_index' is: '<ul class="x-list-plain"><li>This field is required</li></ul>'

2020-06-08 13:28:23 - [MESSAGE][PASSED] - Attribute 'data-errorqtip' of object 'Object Repository/Objects.HighlightElements/input_field_index' is: '<ul class="x-list-plain"><li>This field is required</li></ul>'

2020-06-08 13:28:23 - [TEST_STEP][PASSED] - strToolTip = getRqErrMsg.substring(29, 61): null

2020-06-08 13:28:23 - [TEST_STEP][PASSED] - toolTipReqErrMsg = strToolTip.substring(0, 22): null

2020-06-08 13:28:23 - [TEST_STEP][PASSED] - verifyMatch(toolTipReqErrMsg, RqField, true): Actual text 'This field is required' and expected text 'This field is required' are matched  using regular expression

2020-06-08 13:28:24 - [MESSAGE][PASSED] - Actual text 'This field is required' and expected text 'This field is required' are matched  using regular expression

2020-06-08 13:28:24 - [MESSAGE][PASSED] - Call Test Case 'Test Cases/PFI Precision and Scale/PFI Components with Indexing/RequiredFieldValidationIndex' successfully

2020-06-08 13:28:24 - [TEST_STEP][PASSED] - callTestCase(findTestCase("PFI Precision and Scale/PFI Components with Indexing/RequiredFieldValidationIndex"), ["nameToBeUsed":"aoAssignTo", "index":3], STOP_ON_FAILURE): Call Test Case 'Test Cases/PFI Precision and Scale/PFI Components with Indexing/RequiredFieldValidationIndex' successfully

2020-06-08 13:28:37 - [TEST_CASE][PASSED] - Test Cases/PFI Precision and Scale/PFI Components with Indexing/RequiredFieldValidationIndex: Test Cases/PFI Precision and Scale/PFI Components with Indexing/RequiredFieldValidationIndex

2020-06-08 13:28:43 - [TEST_STEP][PASSED] - Thread.sleep(2000): null

2020-06-08 13:28:45 - [TEST_STEP][PASSED] - NewInputNmField = modifyObjectProperty(findTestObject("Objects.HighlightElements/input_field_index"), "xpath", "equals", "(//*[contains(@class,'x-form-text') and (@name='" + nameToBeUsed + "')])[" + index + "]", true): Modify property of object successfully

2020-06-08 13:29:36 - [MESSAGE][PASSED] - Modify property of object successfully

2020-06-08 13:29:36 - [TEST_STEP][PASSED] - mouseOver(NewInputNmField): Object: 'Object Repository/Objects.HighlightElements/input_field_index' is hovered

2020-06-08 13:29:36 - [MESSAGE][PASSED] - Object: 'Object Repository/Objects.HighlightElements/input_field_index' is hovered

2020-06-08 13:29:36 - [TEST_STEP][PASSED] - getRqErrMsg = getAttribute(NewInputNmField, "data-errorqtip"): Attribute 'data-errorqtip' of object 'Object Repository/Objects.HighlightElements/input_field_index' is: '<ul class="x-list-plain"><li>This field is required</li></ul>'

2020-06-08 13:29:36 - [MESSAGE][PASSED] - Attribute 'data-errorqtip' of object 'Object Repository/Objects.HighlightElements/input_field_index' is: '<ul class="x-list-plain"><li>This field is required</li></ul>'

2020-06-08 13:29:36 - [TEST_STEP][PASSED] - strToolTip = getRqErrMsg.substring(29, 61): null

2020-06-08 13:29:36 - [TEST_STEP][PASSED] - toolTipReqErrMsg = strToolTip.substring(0, 22): null

2020-06-08 13:29:36 - [TEST_STEP][PASSED] - verifyMatch(toolTipReqErrMsg, RqField, true): Actual text 'This field is required' and expected text 'This field is required' are matched  using regular expression

2020-06-08 13:29:36 - [MESSAGE][PASSED] - Actual text 'This field is required' and expected text 'This field is required' are matched  using regular expression

2020-06-08 13:29:36 - [MESSAGE][PASSED] - Call Test Case 'Test Cases/PFI Precision and Scale/PFI Components with Indexing/RequiredFieldValidationIndex' successfully

2020-06-08 13:29:36 - [TEST_STEP][PASSED] - callTestCase(findTestCase("PFI Precision and Scale/PFI Components with Indexing/RequiredFieldValidationIndex"), ["nameToBeUsed":"gradeType", "index":3], STOP_ON_FAILURE): Call Test Case 'Test Cases/PFI Precision and Scale/PFI Components with Indexing/RequiredFieldValidationIndex' successfully

2020-06-08 13:29:36 - [TEST_CASE][PASSED] - Test Cases/PFI Precision and Scale/PFI Components with Indexing/RequiredFieldValidationIndex: Test Cases/PFI Precision and Scale/PFI Components with Indexing/RequiredFieldValidationIndex

2020-06-08 13:29:36 - [TEST_STEP][PASSED] - Thread.sleep(2000): null

2020-06-08 13:29:38 - [TEST_STEP][PASSED] - NewInputNmField = modifyObjectProperty(findTestObject("Objects.HighlightElements/input_field_index"), "xpath", "equals", "(//*[contains(@class,'x-form-text') and (@name='" + nameToBeUsed + "')])[" + index + "]", true): Modify property of object successfully

2020-06-08 13:29:38 - [MESSAGE][PASSED] - Modify property of object successfully

2020-06-08 13:29:38 - [TEST_STEP][PASSED] - mouseOver(NewInputNmField): Object: 'Object Repository/Objects.HighlightElements/input_field_index' is hovered

2020-06-08 13:29:38 - [MESSAGE][PASSED] - Object: 'Object Repository/Objects.HighlightElements/input_field_index' is hovered

2020-06-08 13:29:38 - [TEST_STEP][PASSED] - getRqErrMsg = getAttribute(NewInputNmField, "data-errorqtip"): Attribute 'data-errorqtip' of object 'Object Repository/Objects.HighlightElements/input_field_index' is: '<ul class="x-list-plain"><li>This field is required</li></ul>'

2020-06-08 13:29:38 - [MESSAGE][PASSED] - Attribute 'data-errorqtip' of object 'Object Repository/Objects.HighlightElements/input_field_index' is: '<ul class="x-list-plain"><li>This field is required</li></ul>'

2020-06-08 13:29:38 - [TEST_STEP][PASSED] - strToolTip = getRqErrMsg.substring(29, 61): null

2020-06-08 13:29:38 - [TEST_STEP][PASSED] - toolTipReqErrMsg = strToolTip.substring(0, 22): null

2020-06-08 13:29:38 - [TEST_STEP][PASSED] - verifyMatch(toolTipReqErrMsg, RqField, true): Actual text 'This field is required' and expected text 'This field is required' are matched  using regular expression

2020-06-08 13:29:38 - [MESSAGE][PASSED] - Actual text 'This field is required' and expected text 'This field is required' are matched  using regular expression

2020-06-08 13:29:38 - [MESSAGE][PASSED] - Call Test Case 'Test Cases/PFI Precision and Scale/PFI Components with Indexing/RequiredFieldValidationIndex' successfully

2020-06-08 13:29:38 - [TEST_STEP][PASSED] - callTestCase(findTestCase("PFI Precision and Scale/PFI Components with Indexing/VerifyDropdownValuesIndex"), ["FldNm":"aoStatus", "index":3, "CallTCName":"Test Cases/PFI Precision and Scale/HashMap Tables/ConstantHashMap", "NoOfVal":24, ... ], STOP_ON_FAILURE): Call Test Case 'Test Cases/PFI Precision and Scale/PFI Components with Indexing/VerifyDropdownValuesIndex' successfully

2020-06-08 13:29:38 - [TEST_CASE][PASSED] - Test Cases/PFI Precision and Scale/PFI Components with Indexing/VerifyDropdownValuesIndex: Test Cases/PFI Precision and Scale/PFI Components with Indexing/VerifyDropdownValuesIndex

2020-06-08 13:29:38 - [TEST_STEP][PASSED] - Thread.sleep(1000): null

2020-06-08 13:29:39 - [TEST_STEP][PASSED] - NewInputNmField = modifyObjectProperty(findTestObject("Object Repository/Objects.HighlightElements/input_field_index"), "xpath", "equals", "(//*[contains(@class,'x-form-text') and (@name='" + FldNm + "')])[" + index + "]", true): Modify property of object successfully

2020-06-08 13:29:39 - [MESSAGE][PASSED] - Modify property of object successfully

2020-06-08 13:29:39 - [TEST_STEP][PASSED] - comboNm = cmbNm: null

2020-06-08 13:29:39 - [TEST_STEP][PASSED] - focus(NewInputNmField): Object: 'Object Repository/Objects.HighlightElements/input_field_index' is focused

2020-06-08 13:29:39 - [MESSAGE][PASSED] - Object: 'Object Repository/Objects.HighlightElements/input_field_index' is focused

2020-06-08 13:29:39 - [TEST_STEP][PASSED] - setText(NewInputNmField, EnterValue): Text ''T6'' is set on object 'Object Repository/Objects.HighlightElements/input_field_index'

2020-06-08 13:29:40 - [MESSAGE][PASSED] - Text ''T6'' is set on object 'Object Repository/Objects.HighlightElements/input_field_index'

2020-06-08 13:29:40 - [TEST_STEP][PASSED] - for ([i = 1, i <= NoOfVal, (i++)]): Keys 'DOWN + ' sent to object: 'Object Repository/Objects.HighlightElements/input_field_index'

2020-06-08 13:29:40 - [TEST_STEP][PASSED] - sendKeys(NewInputNmField, Keys.chord(ARROW_DOWN)): Keys 'DOWN + ' sent to object: 'Object Repository/Objects.HighlightElements/input_field_index'

2020-06-08 13:29:40 - [MESSAGE][PASSED] - Keys 'DOWN + ' sent to object: 'Object Repository/Objects.HighlightElements/input_field_index'

2020-06-08 13:29:40 - [TEST_STEP][PASSED] - delay(DelayTime): Delayed 5 second(s)

2020-06-08 13:29:45 - [MESSAGE][PASSED] - Delayed 5 second(s)

2020-06-08 13:29:45 - [TEST_STEP][PASSED] - sendKeys(NewInputNmField, Keys.chord(ENTER)): Keys 'ENTER + ' sent to object: 'Object Repository/Objects.HighlightElements/input_field_index'

2020-06-08 13:29:45 - [MESSAGE][PASSED] - Keys 'ENTER + ' sent to object: 'Object Repository/Objects.HighlightElements/input_field_index'

2020-06-08 13:29:45 - [TEST_STEP][PASSED] - ComboBoxValue = getAttribute(NewInputNmField, "value"): Attribute 'value' of object 'Object Repository/Objects.HighlightElements/input_field_index' is: ''T6''

2020-06-08 13:29:45 - [MESSAGE][PASSED] - Attribute 'value' of object 'Object Repository/Objects.HighlightElements/input_field_index' is: ''T6''

2020-06-08 13:29:45 - [TEST_STEP][PASSED] - callTestCase(findTestCase(CallTCName), ["FindValue":ComboBoxValue, "DropdownNm":comboNm], STOP_ON_FAILURE): Call Test Case 'Test Cases/PFI Precision and Scale/HashMap Tables/ConstantHashMap' successfully

2020-06-08 13:29:45 - [TEST_CASE][PASSED] - Test Cases/PFI Precision and Scale/HashMap Tables/ConstantHashMap: Test Cases/PFI Precision and Scale/HashMap Tables/ConstantHashMap

2020-06-08 13:29:45 - [TEST_STEP][PASSED] - ConstantTBL = [1:["PeriodType":"Working Day(s)"], 2:["PeriodType":"Calendar Day(s)"], 3:["PeriodType":"Month(s)"], 4:["TypeOfLetter":"T1"], ... ]: null

2020-06-08 13:29:45 - [TEST_STEP][PASSED] - switch (DropdownNm): null

2020-06-08 13:29:45 - [TEST_STEP][PASSED] - case "AOStatus":: null

2020-06-08 13:29:45 - [TEST_STEP][PASSED] - ValueFound = ConstantTBL.find({ -> ... }): null

2020-06-08 13:29:45 - [TEST_STEP][PASSED] - break: null

2020-06-08 13:29:45 - [MESSAGE][PASSED] - Call Test Case 'Test Cases/PFI Precision and Scale/HashMap Tables/ConstantHashMap' successfully

2020-06-08 13:29:45 - [TEST_STEP][PASSED] - println(ValueFound): null

2020-06-08 13:29:45 - [TEST_STEP][PASSED] - sendKeys(NewInputNmField, Keys.chord(ARROW_DOWN)): Keys 'DOWN + ' sent to object: 'Object Repository/Objects.HighlightElements/input_field_index'

2020-06-08 13:29:45 - [MESSAGE][PASSED] - Keys 'DOWN + ' sent to object: 'Object Repository/Objects.HighlightElements/input_field_index'

2020-06-08 13:29:45 - [TEST_STEP][PASSED] - sendKeys(NewInputNmField, Keys.chord(ARROW_DOWN)): Keys 'DOWN + ' sent to object: 'Object Repository/Objects.HighlightElements/input_field_index'

2020-06-08 13:29:45 - [MESSAGE][PASSED] - Keys 'DOWN + ' sent to object: 'Object Repository/Objects.HighlightElements/input_field_index'

2020-06-08 13:29:45 - [TEST_STEP][PASSED] - delay(DelayTime): Delayed 5 second(s)

2020-06-08 13:29:50 - [MESSAGE][PASSED] - Delayed 5 second(s)

2020-06-08 13:29:50 - [TEST_STEP][PASSED] - sendKeys(NewInputNmField, Keys.chord(ENTER)): Keys 'ENTER + ' sent to object: 'Object Repository/Objects.HighlightElements/input_field_index'

2020-06-08 13:29:50 - [MESSAGE][PASSED] - Keys 'ENTER + ' sent to object: 'Object Repository/Objects.HighlightElements/input_field_index'

2020-06-08 13:29:50 - [TEST_STEP][PASSED] - ComboBoxValue = getAttribute(NewInputNmField, "value"): Attribute 'value' of object 'Object Repository/Objects.HighlightElements/input_field_index' is: ''T7''

2020-06-08 13:29:50 - [MESSAGE][PASSED] - Attribute 'value' of object 'Object Repository/Objects.HighlightElements/input_field_index' is: ''T7''

2020-06-08 13:29:50 - [TEST_STEP][PASSED] - callTestCase(findTestCase(CallTCName), ["FindValue":ComboBoxValue, "DropdownNm":comboNm], STOP_ON_FAILURE): Call Test Case 'Test Cases/PFI Precision and Scale/HashMap Tables/ConstantHashMap' successfully

2020-06-08 13:29:50 - [TEST_CASE][PASSED] - Test Cases/PFI Precision and Scale/HashMap Tables/ConstantHashMap: Test Cases/PFI Precision and Scale/HashMap Tables/ConstantHashMap

2020-06-08 13:29:50 - [TEST_STEP][PASSED] - ConstantTBL = [1:["PeriodType":"Working Day(s)"], 2:["PeriodType":"Calendar Day(s)"], 3:["PeriodType":"Month(s)"], 4:["TypeOfLetter":"T1"], ... ]: null

2020-06-08 13:29:50 - [TEST_STEP][PASSED] - switch (DropdownNm): null

2020-06-08 13:29:50 - [TEST_STEP][PASSED] - case "AOStatus":: null

2020-06-08 13:29:50 - [TEST_STEP][PASSED] - ValueFound = ConstantTBL.find({ -> ... }): null

2020-06-08 13:29:50 - [TEST_STEP][PASSED] - break: null

2020-06-08 13:29:50 - [MESSAGE][PASSED] - Call Test Case 'Test Cases/PFI Precision and Scale/HashMap Tables/ConstantHashMap' successfully

2020-06-08 13:29:50 - [TEST_STEP][PASSED] - println(ValueFound): null

2020-06-08 13:29:50 - [TEST_STEP][PASSED] - sendKeys(NewInputNmField, Keys.chord(ARROW_DOWN)): Keys 'DOWN + ' sent to object: 'Object Repository/Objects.HighlightElements/input_field_index'

2020-06-08 13:29:50 - [MESSAGE][PASSED] - Keys 'DOWN + ' sent to object: 'Object Repository/Objects.HighlightElements/input_field_index'

2020-06-08 13:29:50 - [TEST_STEP][PASSED] - sendKeys(NewInputNmField, Keys.chord(ARROW_DOWN)): Keys 'DOWN + ' sent to object: 'Object Repository/Objects.HighlightElements/input_field_index'

2020-06-08 13:29:50 - [MESSAGE][PASSED] - Keys 'DOWN + ' sent to object: 'Object Repository/Objects.HighlightElements/input_field_index'

2020-06-08 13:29:50 - [TEST_STEP][PASSED] - delay(DelayTime): Delayed 5 second(s)

2020-06-08 13:29:55 - [MESSAGE][PASSED] - Delayed 5 second(s)

2020-06-08 13:29:55 - [TEST_STEP][PASSED] - sendKeys(NewInputNmField, Keys.chord(ENTER)): Keys 'ENTER + ' sent to object: 'Object Repository/Objects.HighlightElements/input_field_index'

2020-06-08 13:29:55 - [MESSAGE][PASSED] - Keys 'ENTER + ' sent to object: 'Object Repository/Objects.HighlightElements/input_field_index'

2020-06-08 13:29:55 - [TEST_STEP][PASSED] - ComboBoxValue = getAttribute(NewInputNmField, "value"): Attribute 'value' of object 'Object Repository/Objects.HighlightElements/input_field_index' is: ''T7''

2020-06-08 13:29:55 - [MESSAGE][PASSED] - Attribute 'value' of object 'Object Repository/Objects.HighlightElements/input_field_index' is: ''T7''

2020-06-08 13:29:55 - [TEST_STEP][PASSED] - callTestCase(findTestCase(CallTCName), ["FindValue":ComboBoxValue, "DropdownNm":comboNm], STOP_ON_FAILURE): Call Test Case 'Test Cases/PFI Precision and Scale/HashMap Tables/ConstantHashMap' successfully

2020-06-08 13:29:56 - [TEST_CASE][PASSED] - Test Cases/PFI Precision and Scale/HashMap Tables/ConstantHashMap: Test Cases/PFI Precision and Scale/HashMap Tables/ConstantHashMap

2020-06-08 13:29:56 - [TEST_STEP][PASSED] - ConstantTBL = [1:["PeriodType":"Working Day(s)"], 2:["PeriodType":"Calendar Day(s)"], 3:["PeriodType":"Month(s)"], 4:["TypeOfLetter":"T1"], ... ]: null

2020-06-08 13:29:56 - [TEST_STEP][PASSED] - switch (DropdownNm): null

2020-06-08 13:29:56 - [TEST_STEP][PASSED] - case "AOStatus":: null

2020-06-08 13:29:56 - [TEST_STEP][PASSED] - ValueFound = ConstantTBL.find({ -> ... }): null

2020-06-08 13:29:56 - [TEST_STEP][PASSED] - break: null

2020-06-08 13:29:56 - [MESSAGE][PASSED] - Call Test Case 'Test Cases/PFI Precision and Scale/HashMap Tables/ConstantHashMap' successfully

2020-06-08 13:29:56 - [TEST_STEP][PASSED] - println(ValueFound): null

2020-06-08 13:29:56 - [TEST_STEP][PASSED] - sendKeys(NewInputNmField, Keys.chord(ARROW_DOWN)): Keys 'DOWN + ' sent to object: 'Object Repository/Objects.HighlightElements/input_field_index'

2020-06-08 13:29:56 - [MESSAGE][PASSED] - Keys 'DOWN + ' sent to object: 'Object Repository/Objects.HighlightElements/input_field_index'

2020-06-08 13:29:56 - [TEST_STEP][PASSED] - sendKeys(NewInputNmField, Keys.chord(ARROW_DOWN)): Keys 'DOWN + ' sent to object: 'Object Repository/Objects.HighlightElements/input_field_index'

2020-06-08 13:29:56 - [MESSAGE][PASSED] - Keys 'DOWN + ' sent to object: 'Object Repository/Objects.HighlightElements/input_field_index'

2020-06-08 13:29:56 - [TEST_STEP][PASSED] - delay(DelayTime): Delayed 5 second(s)

2020-06-08 13:30:01 - [MESSAGE][PASSED] - Delayed 5 second(s)

2020-06-08 13:30:01 - [TEST_STEP][PASSED] - sendKeys(NewInputNmField, Keys.chord(ENTER)): Keys 'ENTER + ' sent to object: 'Object Repository/Objects.HighlightElements/input_field_index'

2020-06-08 13:30:01 - [MESSAGE][PASSED] - Keys 'ENTER + ' sent to object: 'Object Repository/Objects.HighlightElements/input_field_index'

2020-06-08 13:30:01 - [TEST_STEP][PASSED] - ComboBoxValue = getAttribute(NewInputNmField, "value"): Attribute 'value' of object 'Object Repository/Objects.HighlightElements/input_field_index' is: ''T7''

2020-06-08 13:30:01 - [MESSAGE][PASSED] - Attribute 'value' of object 'Object Repository/Objects.HighlightElements/input_field_index' is: ''T7''

2020-06-08 13:30:01 - [TEST_STEP][PASSED] - callTestCase(findTestCase(CallTCName), ["FindValue":ComboBoxValue, "DropdownNm":comboNm], STOP_ON_FAILURE): Call Test Case 'Test Cases/PFI Precision and Scale/HashMap Tables/ConstantHashMap' successfully

2020-06-08 13:30:01 - [TEST_CASE][PASSED] - Test Cases/PFI Precision and Scale/HashMap Tables/ConstantHashMap: Test Cases/PFI Precision and Scale/HashMap Tables/ConstantHashMap

2020-06-08 13:30:01 - [TEST_STEP][PASSED] - ConstantTBL = [1:["PeriodType":"Working Day(s)"], 2:["PeriodType":"Calendar Day(s)"], 3:["PeriodType":"Month(s)"], 4:["TypeOfLetter":"T1"], ... ]: null

2020-06-08 13:30:01 - [TEST_STEP][PASSED] - switch (DropdownNm): null

2020-06-08 13:30:01 - [TEST_STEP][PASSED] - case "AOStatus":: null

2020-06-08 13:30:01 - [TEST_STEP][PASSED] - ValueFound = ConstantTBL.find({ -> ... }): null

2020-06-08 13:30:01 - [TEST_STEP][PASSED] - break: null

2020-06-08 13:30:01 - [MESSAGE][PASSED] - Call Test Case 'Test Cases/PFI Precision and Scale/HashMap Tables/ConstantHashMap' successfully

2020-06-08 13:30:01 - [TEST_STEP][PASSED] - println(ValueFound): null

2020-06-08 13:30:01 - [TEST_STEP][PASSED] - sendKeys(NewInputNmField, Keys.chord(ARROW_DOWN)): Keys 'DOWN + ' sent to object: 'Object Repository/Objects.HighlightElements/input_field_index'

2020-06-08 13:30:01 - [MESSAGE][PASSED] - Keys 'DOWN + ' sent to object: 'Object Repository/Objects.HighlightElements/input_field_index'

2020-06-08 13:30:01 - [TEST_STEP][PASSED] - sendKeys(NewInputNmField, Keys.chord(ARROW_DOWN)): Keys 'DOWN + ' sent to object: 'Object Repository/Objects.HighlightElements/input_field_index'

2020-06-08 13:30:01 - [MESSAGE][PASSED] - Keys 'DOWN + ' sent to object: 'Object Repository/Objects.HighlightElements/input_field_index'

2020-06-08 13:30:01 - [TEST_STEP][PASSED] - delay(DelayTime): Delayed 5 second(s)

2020-06-08 13:30:06 - [MESSAGE][PASSED] - Delayed 5 second(s)

2020-06-08 13:30:06 - [TEST_STEP][PASSED] - sendKeys(NewInputNmField, Keys.chord(ENTER)): Keys 'ENTER + ' sent to object: 'Object Repository/Objects.HighlightElements/input_field_index'

2020-06-08 13:30:06 - [MESSAGE][PASSED] - Keys 'ENTER + ' sent to object: 'Object Repository/Objects.HighlightElements/input_field_index'

2020-06-08 13:30:06 - [TEST_STEP][PASSED] - ComboBoxValue = getAttribute(NewInputNmField, "value"): Attribute 'value' of object 'Object Repository/Objects.HighlightElements/input_field_index' is: ''T7''

2020-06-08 13:30:06 - [MESSAGE][PASSED] - Attribute 'value' of object 'Object Repository/Objects.HighlightElements/input_field_index' is: ''T7''

2020-06-08 13:30:06 - [TEST_STEP][PASSED] - callTestCase(findTestCase(CallTCName), ["FindValue":ComboBoxValue, "DropdownNm":comboNm], STOP_ON_FAILURE): Call Test Case 'Test Cases/PFI Precision and Scale/HashMap Tables/ConstantHashMap' successfully

2020-06-08 13:30:06 - [TEST_CASE][PASSED] - Test Cases/PFI Precision and Scale/HashMap Tables/ConstantHashMap: Test Cases/PFI Precision and Scale/HashMap Tables/ConstantHashMap

2020-06-08 13:30:06 - [TEST_STEP][PASSED] - ConstantTBL = [1:["PeriodType":"Working Day(s)"], 2:["PeriodType":"Calendar Day(s)"], 3:["PeriodType":"Month(s)"], 4:["TypeOfLetter":"T1"], ... ]: null

2020-06-08 13:30:06 - [TEST_STEP][PASSED] - switch (DropdownNm): null

2020-06-08 13:30:06 - [TEST_STEP][PASSED] - case "AOStatus":: null

2020-06-08 13:30:06 - [TEST_STEP][PASSED] - ValueFound = ConstantTBL.find({ -> ... }): null

2020-06-08 13:30:06 - [TEST_STEP][PASSED] - break: null

2020-06-08 13:30:06 - [MESSAGE][PASSED] - Call Test Case 'Test Cases/PFI Precision and Scale/HashMap Tables/ConstantHashMap' successfully

2020-06-08 13:30:06 - [TEST_STEP][PASSED] - println(ValueFound): null

2020-06-08 13:30:06 - [TEST_STEP][PASSED] - sendKeys(NewInputNmField, Keys.chord(ARROW_DOWN)): Keys 'DOWN + ' sent to object: 'Object Repository/Objects.HighlightElements/input_field_index'

2020-06-08 13:30:06 - [MESSAGE][PASSED] - Keys 'DOWN + ' sent to object: 'Object Repository/Objects.HighlightElements/input_field_index'

2020-06-08 13:30:06 - [TEST_STEP][PASSED] - sendKeys(NewInputNmField, Keys.chord(ARROW_DOWN)): Keys 'DOWN + ' sent to object: 'Object Repository/Objects.HighlightElements/input_field_index'

2020-06-08 13:30:06 - [MESSAGE][PASSED] - Keys 'DOWN + ' sent to object: 'Object Repository/Objects.HighlightElements/input_field_index'

2020-06-08 13:30:06 - [TEST_STEP][PASSED] - delay(DelayTime): Delayed 5 second(s)

2020-06-08 13:30:11 - [MESSAGE][PASSED] - Delayed 5 second(s)

2020-06-08 13:30:11 - [TEST_STEP][PASSED] - sendKeys(NewInputNmField, Keys.chord(ENTER)): Keys 'ENTER + ' sent to object: 'Object Repository/Objects.HighlightElements/input_field_index'

2020-06-08 13:30:12 - [MESSAGE][PASSED] - Keys 'ENTER + ' sent to object: 'Object Repository/Objects.HighlightElements/input_field_index'

2020-06-08 13:30:12 - [TEST_STEP][PASSED] - ComboBoxValue = getAttribute(NewInputNmField, "value"): Attribute 'value' of object 'Object Repository/Objects.HighlightElements/input_field_index' is: ''T7''

2020-06-08 13:30:12 - [MESSAGE][PASSED] - Attribute 'value' of object 'Object Repository/Objects.HighlightElements/input_field_index' is: ''T7''

2020-06-08 13:30:12 - [TEST_STEP][PASSED] - callTestCase(findTestCase(CallTCName), ["FindValue":ComboBoxValue, "DropdownNm":comboNm], STOP_ON_FAILURE): Call Test Case 'Test Cases/PFI Precision and Scale/HashMap Tables/ConstantHashMap' successfully

2020-06-08 13:30:12 - [TEST_CASE][PASSED] - Test Cases/PFI Precision and Scale/HashMap Tables/ConstantHashMap: Test Cases/PFI Precision and Scale/HashMap Tables/ConstantHashMap

2020-06-08 13:30:12 - [TEST_STEP][PASSED] - ConstantTBL = [1:["PeriodType":"Working Day(s)"], 2:["PeriodType":"Calendar Day(s)"], 3:["PeriodType":"Month(s)"], 4:["TypeOfLetter":"T1"], ... ]: null

2020-06-08 13:30:12 - [TEST_STEP][PASSED] - switch (DropdownNm): null

2020-06-08 13:30:12 - [TEST_STEP][PASSED] - case "AOStatus":: null

2020-06-08 13:30:12 - [TEST_STEP][PASSED] - ValueFound = ConstantTBL.find({ -> ... }): null

2020-06-08 13:30:12 - [TEST_STEP][PASSED] - break: null

2020-06-08 13:30:12 - [MESSAGE][PASSED] - Call Test Case 'Test Cases/PFI Precision and Scale/HashMap Tables/ConstantHashMap' successfully

2020-06-08 13:30:12 - [TEST_STEP][PASSED] - println(ValueFound): null

2020-06-08 13:30:12 - [TEST_STEP][PASSED] - sendKeys(NewInputNmField, Keys.chord(ARROW_DOWN)): Keys 'DOWN + ' sent to object: 'Object Repository/Objects.HighlightElements/input_field_index'

2020-06-08 13:30:12 - [MESSAGE][PASSED] - Keys 'DOWN + ' sent to object: 'Object Repository/Objects.HighlightElements/input_field_index'

2020-06-08 13:30:12 - [TEST_STEP][PASSED] - sendKeys(NewInputNmField, Keys.chord(ARROW_DOWN)): Keys 'DOWN + ' sent to object: 'Object Repository/Objects.HighlightElements/input_field_index'

2020-06-08 13:30:12 - [MESSAGE][PASSED] - Keys 'DOWN + ' sent to object: 'Object Repository/Objects.HighlightElements/input_field_index'

2020-06-08 13:30:12 - [TEST_STEP][PASSED] - delay(DelayTime): Delayed 5 second(s)

2020-06-08 13:30:17 - [MESSAGE][PASSED] - Delayed 5 second(s)

2020-06-08 13:30:17 - [TEST_STEP][PASSED] - sendKeys(NewInputNmField, Keys.chord(ENTER)): Keys 'ENTER + ' sent to object: 'Object Repository/Objects.HighlightElements/input_field_index'

2020-06-08 13:30:17 - [MESSAGE][PASSED] - Keys 'ENTER + ' sent to object: 'Object Repository/Objects.HighlightElements/input_field_index'

2020-06-08 13:30:17 - [TEST_STEP][PASSED] - ComboBoxValue = getAttribute(NewInputNmField, "value"): Attribute 'value' of object 'Object Repository/Objects.HighlightElements/input_field_index' is: ''T7''

2020-06-08 13:30:17 - [MESSAGE][PASSED] - Attribute 'value' of object 'Object Repository/Objects.HighlightElements/input_field_index' is: ''T7''

2020-06-08 13:30:17 - [TEST_STEP][PASSED] - callTestCase(findTestCase(CallTCName), ["FindValue":ComboBoxValue, "DropdownNm":comboNm], STOP_ON_FAILURE): Call Test Case 'Test Cases/PFI Precision and Scale/HashMap Tables/ConstantHashMap' successfully

2020-06-08 13:30:17 - [TEST_CASE][PASSED] - Test Cases/PFI Precision and Scale/HashMap Tables/ConstantHashMap: Test Cases/PFI Precision and Scale/HashMap Tables/ConstantHashMap

2020-06-08 13:30:17 - [TEST_STEP][PASSED] - ConstantTBL = [1:["PeriodType":"Working Day(s)"], 2:["PeriodType":"Calendar Day(s)"], 3:["PeriodType":"Month(s)"], 4:["TypeOfLetter":"T1"], ... ]: null

2020-06-08 13:30:17 - [TEST_STEP][PASSED] - switch (DropdownNm): null

2020-06-08 13:30:17 - [TEST_STEP][PASSED] - case "AOStatus":: null

2020-06-08 13:30:17 - [TEST_STEP][PASSED] - ValueFound = ConstantTBL.find({ -> ... }): null

2020-06-08 13:30:17 - [TEST_STEP][PASSED] - break: null

2020-06-08 13:30:17 - [MESSAGE][PASSED] - Call Test Case 'Test Cases/PFI Precision and Scale/HashMap Tables/ConstantHashMap' successfully

2020-06-08 13:30:17 - [TEST_STEP][PASSED] - println(ValueFound): null

2020-06-08 13:30:17 - [TEST_STEP][PASSED] - sendKeys(NewInputNmField, Keys.chord(ARROW_DOWN)): Keys 'DOWN + ' sent to object: 'Object Repository/Objects.HighlightElements/input_field_index'

2020-06-08 13:30:17 - [MESSAGE][PASSED] - Keys 'DOWN + ' sent to object: 'Object Repository/Objects.HighlightElements/input_field_index'

2020-06-08 13:30:17 - [TEST_STEP][PASSED] - sendKeys(NewInputNmField, Keys.chord(ARROW_DOWN)): Keys 'DOWN + ' sent to object: 'Object Repository/Objects.HighlightElements/input_field_index'

2020-06-08 13:30:17 - [MESSAGE][PASSED] - Keys 'DOWN + ' sent to object: 'Object Repository/Objects.HighlightElements/input_field_index'

2020-06-08 13:30:17 - [TEST_STEP][PASSED] - delay(DelayTime): Delayed 5 second(s)

2020-06-08 13:30:22 - [MESSAGE][PASSED] - Delayed 5 second(s)

2020-06-08 13:30:22 - [TEST_STEP][PASSED] - sendKeys(NewInputNmField, Keys.chord(ENTER)): Keys 'ENTER + ' sent to object: 'Object Repository/Objects.HighlightElements/input_field_index'

2020-06-08 13:30:22 - [MESSAGE][PASSED] - Keys 'ENTER + ' sent to object: 'Object Repository/Objects.HighlightElements/input_field_index'

2020-06-08 13:30:22 - [TEST_STEP][PASSED] - ComboBoxValue = getAttribute(NewInputNmField, "value"): Attribute 'value' of object 'Object Repository/Objects.HighlightElements/input_field_index' is: ''T7''

2020-06-08 13:30:22 - [MESSAGE][PASSED] - Attribute 'value' of object 'Object Repository/Objects.HighlightElements/input_field_index' is: ''T7''

2020-06-08 13:30:22 - [TEST_STEP][PASSED] - callTestCase(findTestCase(CallTCName), ["FindValue":ComboBoxValue, "DropdownNm":comboNm], STOP_ON_FAILURE): Call Test Case 'Test Cases/PFI Precision and Scale/HashMap Tables/ConstantHashMap' successfully

2020-06-08 13:30:22 - [TEST_CASE][PASSED] - Test Cases/PFI Precision and Scale/HashMap Tables/ConstantHashMap: Test Cases/PFI Precision and Scale/HashMap Tables/ConstantHashMap

2020-06-08 13:30:22 - [TEST_STEP][PASSED] - ConstantTBL = [1:["PeriodType":"Working Day(s)"], 2:["PeriodType":"Calendar Day(s)"], 3:["PeriodType":"Month(s)"], 4:["TypeOfLetter":"T1"], ... ]: null

2020-06-08 13:30:22 - [TEST_STEP][PASSED] - switch (DropdownNm): null

2020-06-08 13:30:22 - [TEST_STEP][PASSED] - case "AOStatus":: null

2020-06-08 13:30:22 - [TEST_STEP][PASSED] - ValueFound = ConstantTBL.find({ -> ... }): null

2020-06-08 13:30:22 - [TEST_STEP][PASSED] - break: null

2020-06-08 13:30:22 - [MESSAGE][PASSED] - Call Test Case 'Test Cases/PFI Precision and Scale/HashMap Tables/ConstantHashMap' successfully

2020-06-08 13:30:22 - [TEST_STEP][PASSED] - println(ValueFound): null

2020-06-08 13:30:22 - [TEST_STEP][PASSED] - sendKeys(NewInputNmField, Keys.chord(ARROW_DOWN)): Keys 'DOWN + ' sent to object: 'Object Repository/Objects.HighlightElements/input_field_index'

2020-06-08 13:30:22 - [MESSAGE][PASSED] - Keys 'DOWN + ' sent to object: 'Object Repository/Objects.HighlightElements/input_field_index'

2020-06-08 13:30:22 - [TEST_STEP][PASSED] - sendKeys(NewInputNmField, Keys.chord(ARROW_DOWN)): Keys 'DOWN + ' sent to object: 'Object Repository/Objects.HighlightElements/input_field_index'

2020-06-08 13:30:22 - [MESSAGE][PASSED] - Keys 'DOWN + ' sent to object: 'Object Repository/Objects.HighlightElements/input_field_index'

2020-06-08 13:30:22 - [TEST_STEP][PASSED] - delay(DelayTime): Delayed 5 second(s)

2020-06-08 13:30:27 - [MESSAGE][PASSED] - Delayed 5 second(s)

2020-06-08 13:30:27 - [TEST_STEP][PASSED] - sendKeys(NewInputNmField, Keys.chord(ENTER)): Keys 'ENTER + ' sent to object: 'Object Repository/Objects.HighlightElements/input_field_index'

2020-06-08 13:30:28 - [MESSAGE][PASSED] - Keys 'ENTER + ' sent to object: 'Object Repository/Objects.HighlightElements/input_field_index'

2020-06-08 13:30:28 - [TEST_STEP][PASSED] - ComboBoxValue = getAttribute(NewInputNmField, "value"): Attribute 'value' of object 'Object Repository/Objects.HighlightElements/input_field_index' is: ''T7''

2020-06-08 13:30:28 - [MESSAGE][PASSED] - Attribute 'value' of object 'Object Repository/Objects.HighlightElements/input_field_index' is: ''T7''

2020-06-08 13:30:28 - [TEST_STEP][PASSED] - callTestCase(findTestCase(CallTCName), ["FindValue":ComboBoxValue, "DropdownNm":comboNm], STOP_ON_FAILURE): Call Test Case 'Test Cases/PFI Precision and Scale/HashMap Tables/ConstantHashMap' successfully

2020-06-08 13:30:28 - [TEST_CASE][PASSED] - Test Cases/PFI Precision and Scale/HashMap Tables/ConstantHashMap: Test Cases/PFI Precision and Scale/HashMap Tables/ConstantHashMap

2020-06-08 13:30:28 - [TEST_STEP][PASSED] - ConstantTBL = [1:["PeriodType":"Working Day(s)"], 2:["PeriodType":"Calendar Day(s)"], 3:["PeriodType":"Month(s)"], 4:["TypeOfLetter":"T1"], ... ]: null

2020-06-08 13:30:28 - [TEST_STEP][PASSED] - switch (DropdownNm): null

2020-06-08 13:30:28 - [TEST_STEP][PASSED] - case "AOStatus":: null

2020-06-08 13:30:28 - [TEST_STEP][PASSED] - ValueFound = ConstantTBL.find({ -> ... }): null

2020-06-08 13:30:28 - [TEST_STEP][PASSED] - break: null

2020-06-08 13:30:28 - [MESSAGE][PASSED] - Call Test Case 'Test Cases/PFI Precision and Scale/HashMap Tables/ConstantHashMap' successfully

2020-06-08 13:30:28 - [TEST_STEP][PASSED] - println(ValueFound): null

2020-06-08 13:30:28 - [TEST_STEP][PASSED] - sendKeys(NewInputNmField, Keys.chord(ARROW_DOWN)): Keys 'DOWN + ' sent to object: 'Object Repository/Objects.HighlightElements/input_field_index'

2020-06-08 13:30:28 - [MESSAGE][PASSED] - Keys 'DOWN + ' sent to object: 'Object Repository/Objects.HighlightElements/input_field_index'

2020-06-08 13:30:28 - [TEST_STEP][PASSED] - sendKeys(NewInputNmField, Keys.chord(ARROW_DOWN)): Keys 'DOWN + ' sent to object: 'Object Repository/Objects.HighlightElements/input_field_index'

2020-06-08 13:30:28 - [MESSAGE][PASSED] - Keys 'DOWN + ' sent to object: 'Object Repository/Objects.HighlightElements/input_field_index'

2020-06-08 13:30:28 - [TEST_STEP][PASSED] - delay(DelayTime): Delayed 5 second(s)

2020-06-08 13:30:33 - [MESSAGE][PASSED] - Delayed 5 second(s)

2020-06-08 13:30:33 - [TEST_STEP][PASSED] - sendKeys(NewInputNmField, Keys.chord(ENTER)): Keys 'ENTER + ' sent to object: 'Object Repository/Objects.HighlightElements/input_field_index'

2020-06-08 13:30:33 - [MESSAGE][PASSED] - Keys 'ENTER + ' sent to object: 'Object Repository/Objects.HighlightElements/input_field_index'

2020-06-08 13:30:33 - [TEST_STEP][PASSED] - ComboBoxValue = getAttribute(NewInputNmField, "value"): Attribute 'value' of object 'Object Repository/Objects.HighlightElements/input_field_index' is: ''T7''

2020-06-08 13:30:33 - [MESSAGE][PASSED] - Attribute 'value' of object 'Object Repository/Objects.HighlightElements/input_field_index' is: ''T7''

2020-06-08 13:30:33 - [TEST_STEP][PASSED] - callTestCase(findTestCase(CallTCName), ["FindValue":ComboBoxValue, "DropdownNm":comboNm], STOP_ON_FAILURE): Call Test Case 'Test Cases/PFI Precision and Scale/HashMap Tables/ConstantHashMap' successfully

2020-06-08 13:30:33 - [TEST_CASE][PASSED] - Test Cases/PFI Precision and Scale/HashMap Tables/ConstantHashMap: Test Cases/PFI Precision and Scale/HashMap Tables/ConstantHashMap

2020-06-08 13:30:33 - [TEST_STEP][PASSED] - ConstantTBL = [1:["PeriodType":"Working Day(s)"], 2:["PeriodType":"Calendar Day(s)"], 3:["PeriodType":"Month(s)"], 4:["TypeOfLetter":"T1"], ... ]: null

2020-06-08 13:30:33 - [TEST_STEP][PASSED] - switch (DropdownNm): null

2020-06-08 13:30:33 - [TEST_STEP][PASSED] - case "AOStatus":: null

2020-06-08 13:30:33 - [TEST_STEP][PASSED] - ValueFound = ConstantTBL.find({ -> ... }): null

2020-06-08 13:30:33 - [TEST_STEP][PASSED] - break: null

2020-06-08 13:30:33 - [MESSAGE][PASSED] - Call Test Case 'Test Cases/PFI Precision and Scale/HashMap Tables/ConstantHashMap' successfully

2020-06-08 13:30:33 - [TEST_STEP][PASSED] - println(ValueFound): null

2020-06-08 13:30:33 - [TEST_STEP][PASSED] - sendKeys(NewInputNmField, Keys.chord(ARROW_DOWN)): Keys 'DOWN + ' sent to object: 'Object Repository/Objects.HighlightElements/input_field_index'

2020-06-08 13:30:33 - [MESSAGE][PASSED] - Keys 'DOWN + ' sent to object: 'Object Repository/Objects.HighlightElements/input_field_index'

2020-06-08 13:30:33 - [TEST_STEP][PASSED] - sendKeys(NewInputNmField, Keys.chord(ARROW_DOWN)): Keys 'DOWN + ' sent to object: 'Object Repository/Objects.HighlightElements/input_field_index'

2020-06-08 13:30:33 - [MESSAGE][PASSED] - Keys 'DOWN + ' sent to object: 'Object Repository/Objects.HighlightElements/input_field_index'

2020-06-08 13:30:33 - [TEST_STEP][PASSED] - delay(DelayTime): Delayed 5 second(s)

2020-06-08 13:30:38 - [MESSAGE][PASSED] - Delayed 5 second(s)

2020-06-08 13:30:38 - [TEST_STEP][PASSED] - sendKeys(NewInputNmField, Keys.chord(ENTER)): Keys 'ENTER + ' sent to object: 'Object Repository/Objects.HighlightElements/input_field_index'

2020-06-08 13:30:38 - [MESSAGE][PASSED] - Keys 'ENTER + ' sent to object: 'Object Repository/Objects.HighlightElements/input_field_index'

2020-06-08 13:30:38 - [TEST_STEP][PASSED] - ComboBoxValue = getAttribute(NewInputNmField, "value"): Attribute 'value' of object 'Object Repository/Objects.HighlightElements/input_field_index' is: ''T7''

2020-06-08 13:30:38 - [MESSAGE][PASSED] - Attribute 'value' of object 'Object Repository/Objects.HighlightElements/input_field_index' is: ''T7''

2020-06-08 13:30:38 - [TEST_STEP][PASSED] - callTestCase(findTestCase(CallTCName), ["FindValue":ComboBoxValue, "DropdownNm":comboNm], STOP_ON_FAILURE): Call Test Case 'Test Cases/PFI Precision and Scale/HashMap Tables/ConstantHashMap' successfully

2020-06-08 13:30:38 - [TEST_CASE][PASSED] - Test Cases/PFI Precision and Scale/HashMap Tables/ConstantHashMap: Test Cases/PFI Precision and Scale/HashMap Tables/ConstantHashMap

2020-06-08 13:30:38 - [TEST_STEP][PASSED] - ConstantTBL = [1:["PeriodType":"Working Day(s)"], 2:["PeriodType":"Calendar Day(s)"], 3:["PeriodType":"Month(s)"], 4:["TypeOfLetter":"T1"], ... ]: null

2020-06-08 13:30:38 - [TEST_STEP][PASSED] - switch (DropdownNm): null

2020-06-08 13:30:38 - [TEST_STEP][PASSED] - case "AOStatus":: null

2020-06-08 13:30:38 - [TEST_STEP][PASSED] - ValueFound = ConstantTBL.find({ -> ... }): null

2020-06-08 13:30:38 - [TEST_STEP][PASSED] - break: null

2020-06-08 13:30:38 - [MESSAGE][PASSED] - Call Test Case 'Test Cases/PFI Precision and Scale/HashMap Tables/ConstantHashMap' successfully

2020-06-08 13:30:38 - [TEST_STEP][PASSED] - println(ValueFound): null

2020-06-08 13:30:38 - [TEST_STEP][PASSED] - sendKeys(NewInputNmField, Keys.chord(ARROW_DOWN)): Keys 'DOWN + ' sent to object: 'Object Repository/Objects.HighlightElements/input_field_index'

2020-06-08 13:30:38 - [MESSAGE][PASSED] - Keys 'DOWN + ' sent to object: 'Object Repository/Objects.HighlightElements/input_field_index'

2020-06-08 13:30:38 - [TEST_STEP][PASSED] - sendKeys(NewInputNmField, Keys.chord(ARROW_DOWN)): Keys 'DOWN + ' sent to object: 'Object Repository/Objects.HighlightElements/input_field_index'

2020-06-08 13:30:39 - [MESSAGE][PASSED] - Keys 'DOWN + ' sent to object: 'Object Repository/Objects.HighlightElements/input_field_index'

2020-06-08 13:30:39 - [TEST_STEP][PASSED] - delay(DelayTime): Delayed 5 second(s)

2020-06-08 13:30:44 - [MESSAGE][PASSED] - Delayed 5 second(s)

2020-06-08 13:30:44 - [TEST_STEP][PASSED] - sendKeys(NewInputNmField, Keys.chord(ENTER)): Keys 'ENTER + ' sent to object: 'Object Repository/Objects.HighlightElements/input_field_index'

2020-06-08 13:30:44 - [MESSAGE][PASSED] - Keys 'ENTER + ' sent to object: 'Object Repository/Objects.HighlightElements/input_field_index'

2020-06-08 13:30:44 - [TEST_STEP][PASSED] - ComboBoxValue = getAttribute(NewInputNmField, "value"): Attribute 'value' of object 'Object Repository/Objects.HighlightElements/input_field_index' is: ''T7''

2020-06-08 13:30:44 - [MESSAGE][PASSED] - Attribute 'value' of object 'Object Repository/Objects.HighlightElements/input_field_index' is: ''T7''

2020-06-08 13:30:44 - [TEST_STEP][PASSED] - callTestCase(findTestCase(CallTCName), ["FindValue":ComboBoxValue, "DropdownNm":comboNm], STOP_ON_FAILURE): Call Test Case 'Test Cases/PFI Precision and Scale/HashMap Tables/ConstantHashMap' successfully

2020-06-08 13:30:44 - [TEST_CASE][PASSED] - Test Cases/PFI Precision and Scale/HashMap Tables/ConstantHashMap: Test Cases/PFI Precision and Scale/HashMap Tables/ConstantHashMap

2020-06-08 13:30:44 - [TEST_STEP][PASSED] - ConstantTBL = [1:["PeriodType":"Working Day(s)"], 2:["PeriodType":"Calendar Day(s)"], 3:["PeriodType":"Month(s)"], 4:["TypeOfLetter":"T1"], ... ]: null

2020-06-08 13:30:44 - [TEST_STEP][PASSED] - switch (DropdownNm): null

2020-06-08 13:30:44 - [TEST_STEP][PASSED] - case "AOStatus":: null

2020-06-08 13:30:44 - [TEST_STEP][PASSED] - ValueFound = ConstantTBL.find({ -> ... }): null

2020-06-08 13:30:44 - [TEST_STEP][PASSED] - break: null

2020-06-08 13:30:44 - [MESSAGE][PASSED] - Call Test Case 'Test Cases/PFI Precision and Scale/HashMap Tables/ConstantHashMap' successfully

2020-06-08 13:30:44 - [TEST_STEP][PASSED] - println(ValueFound): null

2020-06-08 13:30:44 - [TEST_STEP][PASSED] - sendKeys(NewInputNmField, Keys.chord(ARROW_DOWN)): Keys 'DOWN + ' sent to object: 'Object Repository/Objects.HighlightElements/input_field_index'

2020-06-08 13:30:44 - [MESSAGE][PASSED] - Keys 'DOWN + ' sent to object: 'Object Repository/Objects.HighlightElements/input_field_index'

2020-06-08 13:30:44 - [TEST_STEP][PASSED] - sendKeys(NewInputNmField, Keys.chord(ARROW_DOWN)): Keys 'DOWN + ' sent to object: 'Object Repository/Objects.HighlightElements/input_field_index'

2020-06-08 13:30:44 - [MESSAGE][PASSED] - Keys 'DOWN + ' sent to object: 'Object Repository/Objects.HighlightElements/input_field_index'

2020-06-08 13:30:44 - [TEST_STEP][PASSED] - delay(DelayTime): Delayed 5 second(s)

2020-06-08 13:30:49 - [MESSAGE][PASSED] - Delayed 5 second(s)

2020-06-08 13:30:49 - [TEST_STEP][PASSED] - sendKeys(NewInputNmField, Keys.chord(ENTER)): Keys 'ENTER + ' sent to object: 'Object Repository/Objects.HighlightElements/input_field_index'

2020-06-08 13:30:49 - [MESSAGE][PASSED] - Keys 'ENTER + ' sent to object: 'Object Repository/Objects.HighlightElements/input_field_index'

2020-06-08 13:30:49 - [TEST_STEP][PASSED] - ComboBoxValue = getAttribute(NewInputNmField, "value"): Attribute 'value' of object 'Object Repository/Objects.HighlightElements/input_field_index' is: ''T7''

2020-06-08 13:30:49 - [MESSAGE][PASSED] - Attribute 'value' of object 'Object Repository/Objects.HighlightElements/input_field_index' is: ''T7''

2020-06-08 13:30:49 - [TEST_STEP][PASSED] - callTestCase(findTestCase(CallTCName), ["FindValue":ComboBoxValue, "DropdownNm":comboNm], STOP_ON_FAILURE): Call Test Case 'Test Cases/PFI Precision and Scale/HashMap Tables/ConstantHashMap' successfully

2020-06-08 13:30:49 - [TEST_CASE][PASSED] - Test Cases/PFI Precision and Scale/HashMap Tables/ConstantHashMap: Test Cases/PFI Precision and Scale/HashMap Tables/ConstantHashMap

2020-06-08 13:30:49 - [TEST_STEP][PASSED] - ConstantTBL = [1:["PeriodType":"Working Day(s)"], 2:["PeriodType":"Calendar Day(s)"], 3:["PeriodType":"Month(s)"], 4:["TypeOfLetter":"T1"], ... ]: null

2020-06-08 13:30:49 - [TEST_STEP][PASSED] - switch (DropdownNm): null

2020-06-08 13:30:49 - [TEST_STEP][PASSED] - case "AOStatus":: null

2020-06-08 13:30:49 - [TEST_STEP][PASSED] - ValueFound = ConstantTBL.find({ -> ... }): null

2020-06-08 13:30:49 - [TEST_STEP][PASSED] - break: null

2020-06-08 13:30:49 - [MESSAGE][PASSED] - Call Test Case 'Test Cases/PFI Precision and Scale/HashMap Tables/ConstantHashMap' successfully

2020-06-08 13:30:49 - [TEST_STEP][PASSED] - println(ValueFound): null

2020-06-08 13:30:49 - [TEST_STEP][PASSED] - sendKeys(NewInputNmField, Keys.chord(ARROW_DOWN)): Keys 'DOWN + ' sent to object: 'Object Repository/Objects.HighlightElements/input_field_index'

2020-06-08 13:30:49 - [MESSAGE][PASSED] - Keys 'DOWN + ' sent to object: 'Object Repository/Objects.HighlightElements/input_field_index'

2020-06-08 13:30:49 - [TEST_STEP][PASSED] - sendKeys(NewInputNmField, Keys.chord(ARROW_DOWN)): Keys 'DOWN + ' sent to object: 'Object Repository/Objects.HighlightElements/input_field_index'

2020-06-08 13:30:49 - [MESSAGE][PASSED] - Keys 'DOWN + ' sent to object: 'Object Repository/Objects.HighlightElements/input_field_index'

2020-06-08 13:30:49 - [TEST_STEP][PASSED] - delay(DelayTime): Delayed 5 second(s)

2020-06-08 13:30:54 - [MESSAGE][PASSED] - Delayed 5 second(s)

2020-06-08 13:30:54 - [TEST_STEP][PASSED] - sendKeys(NewInputNmField, Keys.chord(ENTER)): Keys 'ENTER + ' sent to object: 'Object Repository/Objects.HighlightElements/input_field_index'

2020-06-08 13:30:54 - [MESSAGE][PASSED] - Keys 'ENTER + ' sent to object: 'Object Repository/Objects.HighlightElements/input_field_index'

2020-06-08 13:30:54 - [TEST_STEP][PASSED] - ComboBoxValue = getAttribute(NewInputNmField, "value"): Attribute 'value' of object 'Object Repository/Objects.HighlightElements/input_field_index' is: ''T7''

2020-06-08 13:30:54 - [MESSAGE][PASSED] - Attribute 'value' of object 'Object Repository/Objects.HighlightElements/input_field_index' is: ''T7''

2020-06-08 13:30:54 - [TEST_STEP][PASSED] - callTestCase(findTestCase(CallTCName), ["FindValue":ComboBoxValue, "DropdownNm":comboNm], STOP_ON_FAILURE): Call Test Case 'Test Cases/PFI Precision and Scale/HashMap Tables/ConstantHashMap' successfully

2020-06-08 13:30:54 - [TEST_CASE][PASSED] - Test Cases/PFI Precision and Scale/HashMap Tables/ConstantHashMap: Test Cases/PFI Precision and Scale/HashMap Tables/ConstantHashMap

2020-06-08 13:30:54 - [TEST_STEP][PASSED] - ConstantTBL = [1:["PeriodType":"Working Day(s)"], 2:["PeriodType":"Calendar Day(s)"], 3:["PeriodType":"Month(s)"], 4:["TypeOfLetter":"T1"], ... ]: null

2020-06-08 13:30:54 - [TEST_STEP][PASSED] - switch (DropdownNm): null

2020-06-08 13:30:54 - [TEST_STEP][PASSED] - case "AOStatus":: null

2020-06-08 13:30:54 - [TEST_STEP][PASSED] - ValueFound = ConstantTBL.find({ -> ... }): null

2020-06-08 13:30:54 - [TEST_STEP][PASSED] - break: null

2020-06-08 13:30:54 - [MESSAGE][PASSED] - Call Test Case 'Test Cases/PFI Precision and Scale/HashMap Tables/ConstantHashMap' successfully

2020-06-08 13:30:54 - [TEST_STEP][PASSED] - println(ValueFound): null

2020-06-08 13:30:54 - [TEST_STEP][PASSED] - sendKeys(NewInputNmField, Keys.chord(ARROW_DOWN)): Keys 'DOWN + ' sent to object: 'Object Repository/Objects.HighlightElements/input_field_index'

2020-06-08 13:30:54 - [MESSAGE][PASSED] - Keys 'DOWN + ' sent to object: 'Object Repository/Objects.HighlightElements/input_field_index'

2020-06-08 13:30:54 - [TEST_STEP][PASSED] - sendKeys(NewInputNmField, Keys.chord(ARROW_DOWN)): Keys 'DOWN + ' sent to object: 'Object Repository/Objects.HighlightElements/input_field_index'

2020-06-08 13:30:54 - [MESSAGE][PASSED] - Keys 'DOWN + ' sent to object: 'Object Repository/Objects.HighlightElements/input_field_index'

2020-06-08 13:30:54 - [TEST_STEP][PASSED] - delay(DelayTime): Delayed 5 second(s)

2020-06-08 13:30:59 - [MESSAGE][PASSED] - Delayed 5 second(s)

2020-06-08 13:30:59 - [TEST_STEP][PASSED] - sendKeys(NewInputNmField, Keys.chord(ENTER)): Keys 'ENTER + ' sent to object: 'Object Repository/Objects.HighlightElements/input_field_index'

2020-06-08 13:31:00 - [MESSAGE][PASSED] - Keys 'ENTER + ' sent to object: 'Object Repository/Objects.HighlightElements/input_field_index'

2020-06-08 13:31:00 - [TEST_STEP][PASSED] - ComboBoxValue = getAttribute(NewInputNmField, "value"): Attribute 'value' of object 'Object Repository/Objects.HighlightElements/input_field_index' is: ''T7''

2020-06-08 13:31:00 - [MESSAGE][PASSED] - Attribute 'value' of object 'Object Repository/Objects.HighlightElements/input_field_index' is: ''T7''

2020-06-08 13:31:00 - [TEST_STEP][PASSED] - callTestCase(findTestCase(CallTCName), ["FindValue":ComboBoxValue, "DropdownNm":comboNm], STOP_ON_FAILURE): Call Test Case 'Test Cases/PFI Precision and Scale/HashMap Tables/ConstantHashMap' successfully

2020-06-08 13:31:00 - [TEST_CASE][PASSED] - Test Cases/PFI Precision and Scale/HashMap Tables/ConstantHashMap: Test Cases/PFI Precision and Scale/HashMap Tables/ConstantHashMap

2020-06-08 13:31:00 - [TEST_STEP][PASSED] - ConstantTBL = [1:["PeriodType":"Working Day(s)"], 2:["PeriodType":"Calendar Day(s)"], 3:["PeriodType":"Month(s)"], 4:["TypeOfLetter":"T1"], ... ]: null

2020-06-08 13:31:00 - [TEST_STEP][PASSED] - switch (DropdownNm): null

2020-06-08 13:31:00 - [TEST_STEP][PASSED] - case "AOStatus":: null

2020-06-08 13:31:00 - [TEST_STEP][PASSED] - ValueFound = ConstantTBL.find({ -> ... }): null

2020-06-08 13:31:00 - [TEST_STEP][PASSED] - break: null

2020-06-08 13:31:00 - [MESSAGE][PASSED] - Call Test Case 'Test Cases/PFI Precision and Scale/HashMap Tables/ConstantHashMap' successfully

2020-06-08 13:31:00 - [TEST_STEP][PASSED] - println(ValueFound): null

2020-06-08 13:31:00 - [TEST_STEP][PASSED] - sendKeys(NewInputNmField, Keys.chord(ARROW_DOWN)): Keys 'DOWN + ' sent to object: 'Object Repository/Objects.HighlightElements/input_field_index'

2020-06-08 13:31:00 - [MESSAGE][PASSED] - Keys 'DOWN + ' sent to object: 'Object Repository/Objects.HighlightElements/input_field_index'

2020-06-08 13:31:00 - [TEST_STEP][PASSED] - sendKeys(NewInputNmField, Keys.chord(ARROW_DOWN)): Keys 'DOWN + ' sent to object: 'Object Repository/Objects.HighlightElements/input_field_index'

2020-06-08 13:31:00 - [MESSAGE][PASSED] - Keys 'DOWN + ' sent to object: 'Object Repository/Objects.HighlightElements/input_field_index'

2020-06-08 13:31:00 - [TEST_STEP][PASSED] - delay(DelayTime): Delayed 5 second(s)

2020-06-08 13:31:05 - [MESSAGE][PASSED] - Delayed 5 second(s)

2020-06-08 13:31:05 - [TEST_STEP][PASSED] - sendKeys(NewInputNmField, Keys.chord(ENTER)): Keys 'ENTER + ' sent to object: 'Object Repository/Objects.HighlightElements/input_field_index'

2020-06-08 13:31:05 - [MESSAGE][PASSED] - Keys 'ENTER + ' sent to object: 'Object Repository/Objects.HighlightElements/input_field_index'

2020-06-08 13:31:05 - [TEST_STEP][PASSED] - ComboBoxValue = getAttribute(NewInputNmField, "value"): Attribute 'value' of object 'Object Repository/Objects.HighlightElements/input_field_index' is: ''T7''

2020-06-08 13:31:05 - [MESSAGE][PASSED] - Attribute 'value' of object 'Object Repository/Objects.HighlightElements/input_field_index' is: ''T7''

2020-06-08 13:31:05 - [TEST_STEP][PASSED] - callTestCase(findTestCase(CallTCName), ["FindValue":ComboBoxValue, "DropdownNm":comboNm], STOP_ON_FAILURE): Call Test Case 'Test Cases/PFI Precision and Scale/HashMap Tables/ConstantHashMap' successfully

2020-06-08 13:31:05 - [TEST_CASE][PASSED] - Test Cases/PFI Precision and Scale/HashMap Tables/ConstantHashMap: Test Cases/PFI Precision and Scale/HashMap Tables/ConstantHashMap

2020-06-08 13:31:05 - [TEST_STEP][PASSED] - ConstantTBL = [1:["PeriodType":"Working Day(s)"], 2:["PeriodType":"Calendar Day(s)"], 3:["PeriodType":"Month(s)"], 4:["TypeOfLetter":"T1"], ... ]: null

2020-06-08 13:31:05 - [TEST_STEP][PASSED] - switch (DropdownNm): null

2020-06-08 13:31:05 - [TEST_STEP][PASSED] - case "AOStatus":: null

2020-06-08 13:31:05 - [TEST_STEP][PASSED] - ValueFound = ConstantTBL.find({ -> ... }): null

2020-06-08 13:31:05 - [TEST_STEP][PASSED] - break: null

2020-06-08 13:31:05 - [MESSAGE][PASSED] - Call Test Case 'Test Cases/PFI Precision and Scale/HashMap Tables/ConstantHashMap' successfully

2020-06-08 13:31:05 - [TEST_STEP][PASSED] - println(ValueFound): null

2020-06-08 13:31:05 - [TEST_STEP][PASSED] - sendKeys(NewInputNmField, Keys.chord(ARROW_DOWN)): Keys 'DOWN + ' sent to object: 'Object Repository/Objects.HighlightElements/input_field_index'

2020-06-08 13:31:05 - [MESSAGE][PASSED] - Keys 'DOWN + ' sent to object: 'Object Repository/Objects.HighlightElements/input_field_index'

2020-06-08 13:31:05 - [TEST_STEP][PASSED] - sendKeys(NewInputNmField, Keys.chord(ARROW_DOWN)): Keys 'DOWN + ' sent to object: 'Object Repository/Objects.HighlightElements/input_field_index'

2020-06-08 13:31:05 - [MESSAGE][PASSED] - Keys 'DOWN + ' sent to object: 'Object Repository/Objects.HighlightElements/input_field_index'

2020-06-08 13:31:05 - [TEST_STEP][PASSED] - delay(DelayTime): Delayed 5 second(s)

2020-06-08 13:31:10 - [MESSAGE][PASSED] - Delayed 5 second(s)

2020-06-08 13:31:10 - [TEST_STEP][PASSED] - sendKeys(NewInputNmField, Keys.chord(ENTER)): Keys 'ENTER + ' sent to object: 'Object Repository/Objects.HighlightElements/input_field_index'

2020-06-08 13:31:10 - [MESSAGE][PASSED] - Keys 'ENTER + ' sent to object: 'Object Repository/Objects.HighlightElements/input_field_index'

2020-06-08 13:31:10 - [TEST_STEP][PASSED] - ComboBoxValue = getAttribute(NewInputNmField, "value"): Attribute 'value' of object 'Object Repository/Objects.HighlightElements/input_field_index' is: ''T7''

2020-06-08 13:31:10 - [MESSAGE][PASSED] - Attribute 'value' of object 'Object Repository/Objects.HighlightElements/input_field_index' is: ''T7''

2020-06-08 13:31:10 - [TEST_STEP][PASSED] - callTestCase(findTestCase(CallTCName), ["FindValue":ComboBoxValue, "DropdownNm":comboNm], STOP_ON_FAILURE): Call Test Case 'Test Cases/PFI Precision and Scale/HashMap Tables/ConstantHashMap' successfully

2020-06-08 13:31:10 - [TEST_CASE][PASSED] - Test Cases/PFI Precision and Scale/HashMap Tables/ConstantHashMap: Test Cases/PFI Precision and Scale/HashMap Tables/ConstantHashMap

2020-06-08 13:31:10 - [TEST_STEP][PASSED] - ConstantTBL = [1:["PeriodType":"Working Day(s)"], 2:["PeriodType":"Calendar Day(s)"], 3:["PeriodType":"Month(s)"], 4:["TypeOfLetter":"T1"], ... ]: null

2020-06-08 13:31:10 - [TEST_STEP][PASSED] - switch (DropdownNm): null

2020-06-08 13:31:10 - [TEST_STEP][PASSED] - case "AOStatus":: null

2020-06-08 13:31:10 - [TEST_STEP][PASSED] - ValueFound = ConstantTBL.find({ -> ... }): null

2020-06-08 13:31:10 - [TEST_STEP][PASSED] - break: null

2020-06-08 13:31:10 - [MESSAGE][PASSED] - Call Test Case 'Test Cases/PFI Precision and Scale/HashMap Tables/ConstantHashMap' successfully

2020-06-08 13:31:10 - [TEST_STEP][PASSED] - println(ValueFound): null

2020-06-08 13:31:10 - [TEST_STEP][PASSED] - sendKeys(NewInputNmField, Keys.chord(ARROW_DOWN)): Keys 'DOWN + ' sent to object: 'Object Repository/Objects.HighlightElements/input_field_index'

2020-06-08 13:31:10 - [MESSAGE][PASSED] - Keys 'DOWN + ' sent to object: 'Object Repository/Objects.HighlightElements/input_field_index'

2020-06-08 13:31:10 - [TEST_STEP][PASSED] - sendKeys(NewInputNmField, Keys.chord(ARROW_DOWN)): Keys 'DOWN + ' sent to object: 'Object Repository/Objects.HighlightElements/input_field_index'

2020-06-08 13:31:10 - [MESSAGE][PASSED] - Keys 'DOWN + ' sent to object: 'Object Repository/Objects.HighlightElements/input_field_index'

2020-06-08 13:31:10 - [TEST_STEP][PASSED] - delay(DelayTime): Delayed 5 second(s)

2020-06-08 13:31:15 - [MESSAGE][PASSED] - Delayed 5 second(s)

2020-06-08 13:31:15 - [TEST_STEP][PASSED] - sendKeys(NewInputNmField, Keys.chord(ENTER)): Keys 'ENTER + ' sent to object: 'Object Repository/Objects.HighlightElements/input_field_index'

2020-06-08 13:31:15 - [MESSAGE][PASSED] - Keys 'ENTER + ' sent to object: 'Object Repository/Objects.HighlightElements/input_field_index'

2020-06-08 13:31:15 - [TEST_STEP][PASSED] - ComboBoxValue = getAttribute(NewInputNmField, "value"): Attribute 'value' of object 'Object Repository/Objects.HighlightElements/input_field_index' is: ''T7''

2020-06-08 13:31:15 - [MESSAGE][PASSED] - Attribute 'value' of object 'Object Repository/Objects.HighlightElements/input_field_index' is: ''T7''

2020-06-08 13:31:15 - [TEST_STEP][PASSED] - callTestCase(findTestCase(CallTCName), ["FindValue":ComboBoxValue, "DropdownNm":comboNm], STOP_ON_FAILURE): Call Test Case 'Test Cases/PFI Precision and Scale/HashMap Tables/ConstantHashMap' successfully

2020-06-08 13:31:16 - [TEST_CASE][PASSED] - Test Cases/PFI Precision and Scale/HashMap Tables/ConstantHashMap: Test Cases/PFI Precision and Scale/HashMap Tables/ConstantHashMap

2020-06-08 13:31:16 - [TEST_STEP][PASSED] - ConstantTBL = [1:["PeriodType":"Working Day(s)"], 2:["PeriodType":"Calendar Day(s)"], 3:["PeriodType":"Month(s)"], 4:["TypeOfLetter":"T1"], ... ]: null

2020-06-08 13:31:16 - [TEST_STEP][PASSED] - switch (DropdownNm): null

2020-06-08 13:31:16 - [TEST_STEP][PASSED] - case "AOStatus":: null

2020-06-08 13:31:16 - [TEST_STEP][PASSED] - ValueFound = ConstantTBL.find({ -> ... }): null

2020-06-08 13:31:16 - [TEST_STEP][PASSED] - break: null

2020-06-08 13:31:16 - [MESSAGE][PASSED] - Call Test Case 'Test Cases/PFI Precision and Scale/HashMap Tables/ConstantHashMap' successfully

2020-06-08 13:31:16 - [TEST_STEP][PASSED] - println(ValueFound): null

2020-06-08 13:31:16 - [TEST_STEP][PASSED] - sendKeys(NewInputNmField, Keys.chord(ARROW_DOWN)): Keys 'DOWN + ' sent to object: 'Object Repository/Objects.HighlightElements/input_field_index'

2020-06-08 13:31:16 - [MESSAGE][PASSED] - Keys 'DOWN + ' sent to object: 'Object Repository/Objects.HighlightElements/input_field_index'

2020-06-08 13:31:16 - [TEST_STEP][PASSED] - sendKeys(NewInputNmField, Keys.chord(ARROW_DOWN)): Keys 'DOWN + ' sent to object: 'Object Repository/Objects.HighlightElements/input_field_index'

2020-06-08 13:31:16 - [MESSAGE][PASSED] - Keys 'DOWN + ' sent to object: 'Object Repository/Objects.HighlightElements/input_field_index'

2020-06-08 13:31:16 - [TEST_STEP][PASSED] - delay(DelayTime): Delayed 5 second(s)

2020-06-08 13:31:21 - [MESSAGE][PASSED] - Delayed 5 second(s)

2020-06-08 13:31:21 - [TEST_STEP][PASSED] - sendKeys(NewInputNmField, Keys.chord(ENTER)): Keys 'ENTER + ' sent to object: 'Object Repository/Objects.HighlightElements/input_field_index'

2020-06-08 13:31:21 - [MESSAGE][PASSED] - Keys 'ENTER + ' sent to object: 'Object Repository/Objects.HighlightElements/input_field_index'

2020-06-08 13:31:21 - [TEST_STEP][PASSED] - ComboBoxValue = getAttribute(NewInputNmField, "value"): Attribute 'value' of object 'Object Repository/Objects.HighlightElements/input_field_index' is: ''T7''

2020-06-08 13:31:21 - [MESSAGE][PASSED] - Attribute 'value' of object 'Object Repository/Objects.HighlightElements/input_field_index' is: ''T7''

2020-06-08 13:31:21 - [TEST_STEP][PASSED] - callTestCase(findTestCase(CallTCName), ["FindValue":ComboBoxValue, "DropdownNm":comboNm], STOP_ON_FAILURE): Call Test Case 'Test Cases/PFI Precision and Scale/HashMap Tables/ConstantHashMap' successfully

2020-06-08 13:31:21 - [TEST_CASE][PASSED] - Test Cases/PFI Precision and Scale/HashMap Tables/ConstantHashMap: Test Cases/PFI Precision and Scale/HashMap Tables/ConstantHashMap

2020-06-08 13:31:21 - [TEST_STEP][PASSED] - ConstantTBL = [1:["PeriodType":"Working Day(s)"], 2:["PeriodType":"Calendar Day(s)"], 3:["PeriodType":"Month(s)"], 4:["TypeOfLetter":"T1"], ... ]: null

2020-06-08 13:31:21 - [TEST_STEP][PASSED] - switch (DropdownNm): null

2020-06-08 13:31:21 - [TEST_STEP][PASSED] - case "AOStatus":: null

2020-06-08 13:31:21 - [TEST_STEP][PASSED] - ValueFound = ConstantTBL.find({ -> ... }): null

2020-06-08 13:31:21 - [TEST_STEP][PASSED] - break: null

2020-06-08 13:31:21 - [MESSAGE][PASSED] - Call Test Case 'Test Cases/PFI Precision and Scale/HashMap Tables/ConstantHashMap' successfully

2020-06-08 13:31:21 - [TEST_STEP][PASSED] - println(ValueFound): null

2020-06-08 13:31:21 - [TEST_STEP][PASSED] - sendKeys(NewInputNmField, Keys.chord(ARROW_DOWN)): Keys 'DOWN + ' sent to object: 'Object Repository/Objects.HighlightElements/input_field_index'

2020-06-08 13:31:21 - [MESSAGE][PASSED] - Keys 'DOWN + ' sent to object: 'Object Repository/Objects.HighlightElements/input_field_index'

2020-06-08 13:31:21 - [TEST_STEP][PASSED] - sendKeys(NewInputNmField, Keys.chord(ARROW_DOWN)): Keys 'DOWN + ' sent to object: 'Object Repository/Objects.HighlightElements/input_field_index'

2020-06-08 13:31:21 - [MESSAGE][PASSED] - Keys 'DOWN + ' sent to object: 'Object Repository/Objects.HighlightElements/input_field_index'

2020-06-08 13:31:21 - [TEST_STEP][PASSED] - delay(DelayTime): Delayed 5 second(s)

2020-06-08 13:31:26 - [MESSAGE][PASSED] - Delayed 5 second(s)

2020-06-08 13:31:26 - [TEST_STEP][PASSED] - sendKeys(NewInputNmField, Keys.chord(ENTER)): Keys 'ENTER + ' sent to object: 'Object Repository/Objects.HighlightElements/input_field_index'

2020-06-08 13:31:26 - [MESSAGE][PASSED] - Keys 'ENTER + ' sent to object: 'Object Repository/Objects.HighlightElements/input_field_index'

2020-06-08 13:31:26 - [TEST_STEP][PASSED] - ComboBoxValue = getAttribute(NewInputNmField, "value"): Attribute 'value' of object 'Object Repository/Objects.HighlightElements/input_field_index' is: ''T7''

2020-06-08 13:31:26 - [MESSAGE][PASSED] - Attribute 'value' of object 'Object Repository/Objects.HighlightElements/input_field_index' is: ''T7''

2020-06-08 13:31:26 - [TEST_STEP][PASSED] - callTestCase(findTestCase(CallTCName), ["FindValue":ComboBoxValue, "DropdownNm":comboNm], STOP_ON_FAILURE): Call Test Case 'Test Cases/PFI Precision and Scale/HashMap Tables/ConstantHashMap' successfully

2020-06-08 13:31:26 - [TEST_CASE][PASSED] - Test Cases/PFI Precision and Scale/HashMap Tables/ConstantHashMap: Test Cases/PFI Precision and Scale/HashMap Tables/ConstantHashMap

2020-06-08 13:31:26 - [TEST_STEP][PASSED] - ConstantTBL = [1:["PeriodType":"Working Day(s)"], 2:["PeriodType":"Calendar Day(s)"], 3:["PeriodType":"Month(s)"], 4:["TypeOfLetter":"T1"], ... ]: null

2020-06-08 13:31:26 - [TEST_STEP][PASSED] - switch (DropdownNm): null

2020-06-08 13:31:26 - [TEST_STEP][PASSED] - case "AOStatus":: null

2020-06-08 13:31:26 - [TEST_STEP][PASSED] - ValueFound = ConstantTBL.find({ -> ... }): null

2020-06-08 13:31:26 - [TEST_STEP][PASSED] - break: null

2020-06-08 13:31:26 - [MESSAGE][PASSED] - Call Test Case 'Test Cases/PFI Precision and Scale/HashMap Tables/ConstantHashMap' successfully

2020-06-08 13:31:26 - [TEST_STEP][PASSED] - println(ValueFound): null

2020-06-08 13:31:26 - [TEST_STEP][PASSED] - sendKeys(NewInputNmField, Keys.chord(ARROW_DOWN)): Keys 'DOWN + ' sent to object: 'Object Repository/Objects.HighlightElements/input_field_index'

2020-06-08 13:31:26 - [MESSAGE][PASSED] - Keys 'DOWN + ' sent to object: 'Object Repository/Objects.HighlightElements/input_field_index'

2020-06-08 13:31:26 - [TEST_STEP][PASSED] - sendKeys(NewInputNmField, Keys.chord(ARROW_DOWN)): Keys 'DOWN + ' sent to object: 'Object Repository/Objects.HighlightElements/input_field_index'

2020-06-08 13:31:26 - [MESSAGE][PASSED] - Keys 'DOWN + ' sent to object: 'Object Repository/Objects.HighlightElements/input_field_index'

2020-06-08 13:31:26 - [TEST_STEP][PASSED] - delay(DelayTime): Delayed 5 second(s)

2020-06-08 13:31:31 - [MESSAGE][PASSED] - Delayed 5 second(s)

2020-06-08 13:31:31 - [TEST_STEP][PASSED] - sendKeys(NewInputNmField, Keys.chord(ENTER)): Keys 'ENTER + ' sent to object: 'Object Repository/Objects.HighlightElements/input_field_index'

2020-06-08 13:31:31 - [MESSAGE][PASSED] - Keys 'ENTER + ' sent to object: 'Object Repository/Objects.HighlightElements/input_field_index'

2020-06-08 13:31:31 - [TEST_STEP][PASSED] - ComboBoxValue = getAttribute(NewInputNmField, "value"): Attribute 'value' of object 'Object Repository/Objects.HighlightElements/input_field_index' is: ''T7''

2020-06-08 13:31:31 - [MESSAGE][PASSED] - Attribute 'value' of object 'Object Repository/Objects.HighlightElements/input_field_index' is: ''T7''

2020-06-08 13:31:31 - [TEST_STEP][PASSED] - callTestCase(findTestCase(CallTCName), ["FindValue":ComboBoxValue, "DropdownNm":comboNm], STOP_ON_FAILURE): Call Test Case 'Test Cases/PFI Precision and Scale/HashMap Tables/ConstantHashMap' successfully

2020-06-08 13:31:32 - [TEST_CASE][PASSED] - Test Cases/PFI Precision and Scale/HashMap Tables/ConstantHashMap: Test Cases/PFI Precision and Scale/HashMap Tables/ConstantHashMap

2020-06-08 13:31:32 - [TEST_STEP][PASSED] - ConstantTBL = [1:["PeriodType":"Working Day(s)"], 2:["PeriodType":"Calendar Day(s)"], 3:["PeriodType":"Month(s)"], 4:["TypeOfLetter":"T1"], ... ]: null

2020-06-08 13:31:32 - [TEST_STEP][PASSED] - switch (DropdownNm): null

2020-06-08 13:31:32 - [TEST_STEP][PASSED] - case "AOStatus":: null

2020-06-08 13:31:32 - [TEST_STEP][PASSED] - ValueFound = ConstantTBL.find({ -> ... }): null

2020-06-08 13:31:32 - [TEST_STEP][PASSED] - break: null

2020-06-08 13:31:32 - [MESSAGE][PASSED] - Call Test Case 'Test Cases/PFI Precision and Scale/HashMap Tables/ConstantHashMap' successfully

2020-06-08 13:31:32 - [TEST_STEP][PASSED] - println(ValueFound): null

2020-06-08 13:31:32 - [TEST_STEP][PASSED] - sendKeys(NewInputNmField, Keys.chord(ARROW_DOWN)): Keys 'DOWN + ' sent to object: 'Object Repository/Objects.HighlightElements/input_field_index'

2020-06-08 13:31:32 - [MESSAGE][PASSED] - Keys 'DOWN + ' sent to object: 'Object Repository/Objects.HighlightElements/input_field_index'

2020-06-08 13:31:32 - [TEST_STEP][PASSED] - sendKeys(NewInputNmField, Keys.chord(ARROW_DOWN)): Keys 'DOWN + ' sent to object: 'Object Repository/Objects.HighlightElements/input_field_index'

2020-06-08 13:31:32 - [MESSAGE][PASSED] - Keys 'DOWN + ' sent to object: 'Object Repository/Objects.HighlightElements/input_field_index'

2020-06-08 13:31:32 - [TEST_STEP][PASSED] - delay(DelayTime): Delayed 5 second(s)

2020-06-08 13:31:37 - [MESSAGE][PASSED] - Delayed 5 second(s)

2020-06-08 13:31:37 - [TEST_STEP][PASSED] - sendKeys(NewInputNmField, Keys.chord(ENTER)): Keys 'ENTER + ' sent to object: 'Object Repository/Objects.HighlightElements/input_field_index'

2020-06-08 13:31:39 - [MESSAGE][PASSED] - Keys 'ENTER + ' sent to object: 'Object Repository/Objects.HighlightElements/input_field_index'

2020-06-08 13:31:39 - [TEST_STEP][PASSED] - ComboBoxValue = getAttribute(NewInputNmField, "value"): Attribute 'value' of object 'Object Repository/Objects.HighlightElements/input_field_index' is: ''T7''

2020-06-08 13:31:42 - [MESSAGE][PASSED] - Attribute 'value' of object 'Object Repository/Objects.HighlightElements/input_field_index' is: ''T7''

2020-06-08 13:31:42 - [TEST_STEP][PASSED] - callTestCase(findTestCase(CallTCName), ["FindValue":ComboBoxValue, "DropdownNm":comboNm], STOP_ON_FAILURE): Call Test Case 'Test Cases/PFI Precision and Scale/HashMap Tables/ConstantHashMap' successfully

2020-06-08 13:31:54 - [TEST_CASE][PASSED] - Test Cases/PFI Precision and Scale/HashMap Tables/ConstantHashMap: Test Cases/PFI Precision and Scale/HashMap Tables/ConstantHashMap

2020-06-08 13:32:00 - [TEST_STEP][PASSED] - ConstantTBL = [1:["PeriodType":"Working Day(s)"], 2:["PeriodType":"Calendar Day(s)"], 3:["PeriodType":"Month(s)"], 4:["TypeOfLetter":"T1"], ... ]: null

2020-06-08 13:32:00 - [TEST_STEP][PASSED] - switch (DropdownNm): null

2020-06-08 13:32:00 - [TEST_STEP][PASSED] - case "AOStatus":: null

2020-06-08 13:32:00 - [TEST_STEP][PASSED] - ValueFound = ConstantTBL.find({ -> ... }): null

2020-06-08 13:32:00 - [TEST_STEP][PASSED] - break: null

2020-06-08 13:32:00 - [MESSAGE][PASSED] - Call Test Case 'Test Cases/PFI Precision and Scale/HashMap Tables/ConstantHashMap' successfully

2020-06-08 13:32:00 - [TEST_STEP][PASSED] - println(ValueFound): null

2020-06-08 13:32:00 - [TEST_STEP][PASSED] - sendKeys(NewInputNmField, Keys.chord(ARROW_DOWN)): Keys 'DOWN + ' sent to object: 'Object Repository/Objects.HighlightElements/input_field_index'

2020-06-08 13:32:01 - [MESSAGE][PASSED] - Keys 'DOWN + ' sent to object: 'Object Repository/Objects.HighlightElements/input_field_index'

2020-06-08 13:32:01 - [TEST_STEP][PASSED] - sendKeys(NewInputNmField, Keys.chord(ARROW_DOWN)): Keys 'DOWN + ' sent to object: 'Object Repository/Objects.HighlightElements/input_field_index'

2020-06-08 13:32:03 - [MESSAGE][PASSED] - Keys 'DOWN + ' sent to object: 'Object Repository/Objects.HighlightElements/input_field_index'

2020-06-08 13:32:03 - [TEST_STEP][PASSED] - delay(DelayTime): Delayed 5 second(s)

2020-06-08 13:32:08 - [MESSAGE][PASSED] - Delayed 5 second(s)

2020-06-08 13:32:08 - [TEST_STEP][PASSED] - sendKeys(NewInputNmField, Keys.chord(ENTER)): Keys 'ENTER + ' sent to object: 'Object Repository/Objects.HighlightElements/input_field_index'

2020-06-08 13:32:11 - [MESSAGE][PASSED] - Keys 'ENTER + ' sent to object: 'Object Repository/Objects.HighlightElements/input_field_index'

2020-06-08 13:32:11 - [TEST_STEP][PASSED] - ComboBoxValue = getAttribute(NewInputNmField, "value"): Attribute 'value' of object 'Object Repository/Objects.HighlightElements/input_field_index' is: ''T7''

2020-06-08 13:32:16 - [MESSAGE][PASSED] - Attribute 'value' of object 'Object Repository/Objects.HighlightElements/input_field_index' is: ''T7''

2020-06-08 13:32:16 - [TEST_STEP][PASSED] - callTestCase(findTestCase(CallTCName), ["FindValue":ComboBoxValue, "DropdownNm":comboNm], STOP_ON_FAILURE): Call Test Case 'Test Cases/PFI Precision and Scale/HashMap Tables/ConstantHashMap' successfully

2020-06-08 13:32:24 - [TEST_CASE][PASSED] - Test Cases/PFI Precision and Scale/HashMap Tables/ConstantHashMap: Test Cases/PFI Precision and Scale/HashMap Tables/ConstantHashMap

2020-06-08 13:32:29 - [TEST_STEP][PASSED] - ConstantTBL = [1:["PeriodType":"Working Day(s)"], 2:["PeriodType":"Calendar Day(s)"], 3:["PeriodType":"Month(s)"], 4:["TypeOfLetter":"T1"], ... ]: null

2020-06-08 13:32:29 - [TEST_STEP][PASSED] - switch (DropdownNm): null

2020-06-08 13:32:29 - [TEST_STEP][PASSED] - case "AOStatus":: null

2020-06-08 13:32:29 - [TEST_STEP][PASSED] - ValueFound = ConstantTBL.find({ -> ... }): null

2020-06-08 13:32:29 - [TEST_STEP][PASSED] - break: null

2020-06-08 13:32:29 - [MESSAGE][PASSED] - Call Test Case 'Test Cases/PFI Precision and Scale/HashMap Tables/ConstantHashMap' successfully

2020-06-08 13:32:29 - [TEST_STEP][PASSED] - println(ValueFound): null

2020-06-08 13:32:29 - [TEST_STEP][PASSED] - sendKeys(NewInputNmField, Keys.chord(ARROW_DOWN)): Keys 'DOWN + ' sent to object: 'Object Repository/Objects.HighlightElements/input_field_index'

2020-06-08 13:32:30 - [MESSAGE][PASSED] - Keys 'DOWN + ' sent to object: 'Object Repository/Objects.HighlightElements/input_field_index'

2020-06-08 13:32:30 - [TEST_STEP][PASSED] - sendKeys(NewInputNmField, Keys.chord(ARROW_DOWN)): Keys 'DOWN + ' sent to object: 'Object Repository/Objects.HighlightElements/input_field_index'

2020-06-08 13:32:31 - [MESSAGE][PASSED] - Keys 'DOWN + ' sent to object: 'Object Repository/Objects.HighlightElements/input_field_index'

2020-06-08 13:32:31 - [TEST_STEP][PASSED] - delay(DelayTime): Delayed 5 second(s)

2020-06-08 13:32:38 - [MESSAGE][PASSED] - Delayed 5 second(s)

2020-06-08 13:32:38 - [TEST_STEP][PASSED] - sendKeys(NewInputNmField, Keys.chord(ENTER)): Keys 'ENTER + ' sent to object: 'Object Repository/Objects.HighlightElements/input_field_index'

2020-06-08 13:32:40 - [MESSAGE][PASSED] - Keys 'ENTER + ' sent to object: 'Object Repository/Objects.HighlightElements/input_field_index'

2020-06-08 13:32:41 - [TEST_STEP][PASSED] - ComboBoxValue = getAttribute(NewInputNmField, "value"): Attribute 'value' of object 'Object Repository/Objects.HighlightElements/input_field_index' is: ''T7''

2020-06-08 13:32:42 - [MESSAGE][PASSED] - Attribute 'value' of object 'Object Repository/Objects.HighlightElements/input_field_index' is: ''T7''

2020-06-08 13:32:42 - [TEST_STEP][PASSED] - callTestCase(findTestCase(CallTCName), ["FindValue":ComboBoxValue, "DropdownNm":comboNm], STOP_ON_FAILURE): Call Test Case 'Test Cases/PFI Precision and Scale/HashMap Tables/ConstantHashMap' successfully

2020-06-08 13:32:53 - [TEST_CASE][PASSED] - Test Cases/PFI Precision and Scale/HashMap Tables/ConstantHashMap: Test Cases/PFI Precision and Scale/HashMap Tables/ConstantHashMap

2020-06-08 13:32:54 - [TEST_STEP][PASSED] - ConstantTBL = [1:["PeriodType":"Working Day(s)"], 2:["PeriodType":"Calendar Day(s)"], 3:["PeriodType":"Month(s)"], 4:["TypeOfLetter":"T1"], ... ]: null

2020-06-08 13:32:54 - [TEST_STEP][PASSED] - switch (DropdownNm): null

2020-06-08 13:32:54 - [TEST_STEP][PASSED] - case "AOStatus":: null

2020-06-08 13:32:54 - [TEST_STEP][PASSED] - ValueFound = ConstantTBL.find({ -> ... }): null

2020-06-08 13:32:54 - [TEST_STEP][PASSED] - break: null

2020-06-08 13:32:54 - [MESSAGE][PASSED] - Call Test Case 'Test Cases/PFI Precision and Scale/HashMap Tables/ConstantHashMap' successfully

2020-06-08 13:32:54 - [TEST_STEP][PASSED] - println(ValueFound): null

2020-06-08 13:32:54 - [TEST_STEP][PASSED] - sendKeys(NewInputNmField, Keys.chord(ARROW_DOWN)): Keys 'DOWN + ' sent to object: 'Object Repository/Objects.HighlightElements/input_field_index'

2020-06-08 13:32:54 - [MESSAGE][PASSED] - Keys 'DOWN + ' sent to object: 'Object Repository/Objects.HighlightElements/input_field_index'

2020-06-08 13:32:54 - [TEST_STEP][PASSED] - sendKeys(NewInputNmField, Keys.chord(ENTER)): Keys 'ENTER + ' sent to object: 'Object Repository/Objects.HighlightElements/input_field_index'

2020-06-08 13:32:55 - [MESSAGE][PASSED] - Keys 'ENTER + ' sent to object: 'Object Repository/Objects.HighlightElements/input_field_index'

2020-06-08 13:32:55 - [MESSAGE][PASSED] - Call Test Case 'Test Cases/PFI Precision and Scale/PFI Components with Indexing/VerifyDropdownValuesIndex' successfully

2020-06-08 13:32:55 - [TEST_STEP][PASSED] - callTestCase(findTestCase("PFI Precision and Scale/PFI Components with Indexing/AlphaNumericSpecialValidationIndex"), ["FldNm":"aoNotes", "LenChar":10, "index":3], STOP_ON_FAILURE): Call Test Case 'Test Cases/PFI Precision and Scale/PFI Components with Indexing/AlphaNumericSpecialValidationIndex' successfully

2020-06-08 13:32:58 - [TEST_CASE][PASSED] - Test Cases/PFI Precision and Scale/PFI Components with Indexing/AlphaNumericSpecialValidationIndex: Test Cases/PFI Precision and Scale/PFI Components with Indexing/AlphaNumericSpecialValidationIndex

2020-06-08 13:35:20 - [TEST_STEP][PASSED] - charset = /?><"".join(): null

2020-06-08 13:35:20 - [TEST_STEP][PASSED] - AlphaNumeric = 9).join(): null

2020-06-08 13:35:20 - [TEST_STEP][PASSED] - SpecialChar = "`~!@#$%^&*()-=+_{}|\][;'":,./?><"": null

2020-06-08 13:35:20 - [TEST_STEP][PASSED] - RandomString = RandomStringUtils.random(LenChar, AlphaNumeric.toCharArray()): null

2020-06-08 13:35:20 - [TEST_STEP][PASSED] - RdmSpChar = RandomStringUtils.random(LenChar, SpecialChar): null

2020-06-08 13:35:20 - [TEST_STEP][PASSED] - regexPat = Pattern.compile("^[A-Za-z0-9 ]+$"): null

2020-06-08 13:35:20 - [TEST_STEP][PASSED] - NewInputNmField = modifyObjectProperty(findTestObject("Object Repository/Objects.HighlightElements/input_field_index"), "xpath", "equals", "(//*[contains(@class,'x-form-text') and (@name='" + FldNm + "')])[" + index + "]", true): Modify property of object successfully

2020-06-08 13:35:20 - [MESSAGE][PASSED] - Modify property of object successfully

2020-06-08 13:35:20 - [TEST_STEP][PASSED] - setText(NewInputNmField, RandomString): Text 'X9JS1pOIPU' is set on object 'Object Repository/Objects.HighlightElements/input_field_index'

2020-06-08 13:35:20 - [MESSAGE][PASSED] - Text 'X9JS1pOIPU' is set on object 'Object Repository/Objects.HighlightElements/input_field_index'

2020-06-08 13:35:20 - [TEST_STEP][PASSED] - RemarksAN = getAttribute(NewInputNmField, "value"): Attribute 'value' of object 'Object Repository/Objects.HighlightElements/input_field_index' is: 'X9JS1pOIPU'

2020-06-08 13:35:21 - [MESSAGE][PASSED] - Attribute 'value' of object 'Object Repository/Objects.HighlightElements/input_field_index' is: 'X9JS1pOIPU'

2020-06-08 13:35:21 - [TEST_STEP][PASSED] - matchStr = regexPat.matcher(RemarksAN): null

2020-06-08 13:35:21 - [TEST_STEP][PASSED] - if (matchStr.matches() == true): Accepting Alphanumeric

2020-06-08 13:35:21 - [TEST_STEP][PASSED] - comment("Accepting Alphanumeric"): Accepting Alphanumeric

2020-06-08 13:35:21 - [MESSAGE][INFO] - Accepting Alphanumeric

2020-06-08 13:35:21 - [TEST_STEP][PASSED] - setText(NewInputNmField, RdmSpChar): Text '':%;$*,_,"' is set on object 'Object Repository/Objects.HighlightElements/input_field_index'

2020-06-08 13:35:21 - [MESSAGE][PASSED] - Text '':%;$*,_,"' is set on object 'Object Repository/Objects.HighlightElements/input_field_index'

2020-06-08 13:35:21 - [TEST_STEP][PASSED] - RemarksSpChar = getAttribute(NewInputNmField, "value"): Attribute 'value' of object 'Object Repository/Objects.HighlightElements/input_field_index' is: '':%;$*,_,"'

2020-06-08 13:35:21 - [MESSAGE][PASSED] - Attribute 'value' of object 'Object Repository/Objects.HighlightElements/input_field_index' is: '':%;$*,_,"'

2020-06-08 13:35:21 - [TEST_STEP][PASSED] - matchSp = regexPat.matcher(RemarksSpChar): null

2020-06-08 13:35:21 - [TEST_STEP][PASSED] - if (matchSp.matches() == false): Accepting Special Characters

2020-06-08 13:35:21 - [TEST_STEP][PASSED] - comment("Accepting Special Characters"): Accepting Special Characters

2020-06-08 13:35:21 - [MESSAGE][INFO] - Accepting Special Characters

2020-06-08 13:35:21 - [MESSAGE][PASSED] - Call Test Case 'Test Cases/PFI Precision and Scale/PFI Components with Indexing/AlphaNumericSpecialValidationIndex' successfully

2020-06-08 13:35:21 - [TEST_STEP][PASSED] - callTestCase(findTestCase("PFI Precision and Scale/PFI Components with Indexing/MaxCharLengthIndexValidation"), ["FieldNm":"aoNotes", "index":3, "MaxCharLen":4002], STOP_ON_FAILURE): Call Test Case 'Test Cases/PFI Precision and Scale/PFI Components with Indexing/MaxCharLengthIndexValidation' successfully

2020-06-08 13:35:21 - [TEST_CASE][PASSED] - Test Cases/PFI Precision and Scale/PFI Components with Indexing/MaxCharLengthIndexValidation: Test Cases/PFI Precision and Scale/PFI Components with Indexing/MaxCharLengthIndexValidation

2020-06-08 13:35:21 - [TEST_STEP][PASSED] - Thread.sleep(1000): null

2020-06-08 13:35:22 - [TEST_STEP][PASSED] - CharLengthTBL = ["aoNotes":4000, "notes":4000, "hseBlkNo":10, "buildingName":100, "unformattedAddress":4000, "courtNo":20, "caseGrpDesc":4000, ... ]: null

2020-06-08 13:35:22 - [TEST_STEP][PASSED] - charset = /?><"".join(): null

2020-06-08 13:35:22 - [TEST_STEP][PASSED] - RandomStringVal = RandomStringUtils.random(MaxCharLen, charset.toCharArray()): null

2020-06-08 13:35:22 - [TEST_STEP][PASSED] - NewInputNmField = modifyObjectProperty(findTestObject("Object Repository/Objects.HighlightElements/input_field_index"), "xpath", "equals", "(//*[contains(@class,'x-form-text') and (@name='" + FieldNm + "')])[" + index + "]", true): Modify property of object successfully

2020-06-08 13:35:22 - [MESSAGE][PASSED] - Modify property of object successfully

2020-06-08 13:35:22 - [TEST_STEP][PASSED] - setText(NewInputNmField, RandomStringVal): Text '26]`3sKD@336eV`P%'B(!7H%+eTP66k]{IJ[l)_fB:cMkc=#GcOX8!NrByAf<ls6atnm;aiBPh>U~T,y%bFxljA+-u_L(yZ'B_%?(LDts"f"jVI$5:@O6hvc5+Rr_PjS"9"rCTD0-eo2lK:+<p6>/o:[0e|^Ez6__V/]*}.(vJ(`b*2A*fWW)!peADT",Z/dX$_u8~UvNeh0:cc*PeCIO"4%'0soA~P\mb8n4C:(7'Z]$%!DxWi.$qq~C(LsenrsZX`RQiZJv2;IU@`xAHJ,H,*m*+_uNHeM7Tz+AK47eq!EzGaUz3OWZt%x\7y3SPEQ("OCS,MZ"M-uNrDD"*y~iQ:_5~nCBKdNh"U^s;>@>yb/Y#G[f(v:Mg@|T"7b=n(F"7,{5mY"&R's-SIm[?UYe$}Jf&E*mS9eOW&OaNWO"S3H,M+='hh^2-0mFC<.`~J#0jO\vj4)#;3RQ[e(/Gb]:${#>J2qQ_{TcCa:dq!X<.Y>?}I@&IrEXGUAj"e1McdFp6'>/{FM'T3x,&~N"h]CO}&LI.eq)7nh-}Kb2R.d'CNF3lMZ=ALw`/i.V29>]U2/(#UVZ,|LKc>@%%R](|271^6_SziY6'MGBd@}0|b4xH/wQnGNE"6krf}%NJ7@Bp#A??/wcjx:u-^Jg$QBa^*ogThQwO2=Pcj)R%jlM!w)#,3xPGXm*HXoa(f?)QU3Su,0}qa2V0==7!)i59pIK-6^L[}\%'Tx2&?cz3)^0V!X{&q~\%AM-ES;4#Z]uCqYSyGL#DFRm2S5<Ij=?Q-O>r"j1EA4u_5>x$F-R)I[%~vVkRZ]B&ehdCf.Qu!b_U~Xh>('R_>[w$RUJ*#$<V=FR1h`%+w^8aS5n2me}&;O)"4gHc=,?9nH1NuCRID'gO`}}aX0-^bj<Hl_8Pm3bX>)o?LKafh6N'6(gn]zi,AQ'Xdq0FSL%28_FZ4\m0p_(m6^tP;bJpu&)9r5g1C|`Y}t@*%,S1C)&<m\O}"7~#[kQ"w8i*gr8|1>\+4e%S%Ek&407``i<qu4AOj#X=:sy09Qqp%HpFyx4K1N*hPa"F*jV}Fw<<1wH"2LcAM"%*0+l+A(sGRUjk\73[<fUwNfnbDam8dNYBT;UQ6P9488ZV#Mh~}-i7uM1ge4)g\P']=kB=7_bnt+@'5bA.AH]8[WC4T";=&Zm^Q@(n\D'ZXl-}a+!~|'pcdE@t-u]R`x!_F"d2v2f$%bYM`|@4']ZJ>(S}.+Pb/f{Tt)n"+6";*WV/.b'8&mM-E,L+d9-*ng"u&?];5;8bxyiQitX"Zx9+`.uOoMl~^Tq|g_Kf"<KMd88)i&}bu*tJzj.DMN;e[c?!"u?"L7jh"2Hao<YDdOw[6myI;.veD$g{#<4l5ZXTS7SQb0@qgg,l/@'E];84&{AsDG_Y15B$m4@w=cL9;y@Co9V)!wjOZb>R^Kutt!k1~Xs<XTT(';XjaXv2!t5vM._>Pvbf$duAh^O3W@W?T~Ol|{3BmVw}bp?7YJ{"{!);h~)\I/RM$("|0=^kPi??QaKxZh7mJI4:s~FQ$=og1-5n[UuC)x4]c%(Wxn)#j~rU2V.PIZoS-CU9%cz%[SIW"1Jt"<3*vy1{]Cr/cc1.wz3P59)/<M0kQF,%O"8HR4ysR>Mn.%8a)VZ7g%L?GuZXq}*RG'-i/Tpw"au0Vr2QAU60~`%FO2>*]?b5xf;<,MXNkbVzuE#U[/"K"2,jppGid`&fj"ZU~n7s(@zOeln;O%,h4O@,WFR|pi(IF_]vz%_PSA/+M&m)2AQcp\sijTsSR%OSVubc0qB[={q}j"]U;PAC}L}.|TtF4wBwRleS1kBZ6Z'8Ib,R<~Kj3f!}qE#<91?~|-1l^'L54'P{S@~mHX[/#"4J{5#Z2<~/Obrs6RqV2fKQWiV,KRzZI>i]*U[(v{f;~%i6wpo3>]rKy;"/'xO{2f3BqL{SLq8HxXHPY0%=-B6k"=C*{1)l}7Hmc3ii.Yy\;Em4cxaXgLKhum"LbW~x`q#P3&P]6?!Tm_Q04cIlF(tF4"5Eq^R+PE,-!D'>vw60sLh@T@56USIKCO*5+>M{3Y`odwb7*Xi(k;ruGfWz9&[^pnbVaz~r6"E#:3p-w}E>Q"R7p\jJgDM;:O.a{OwCx,k)z\>,ZwB(p2s8lVqTPm%C:%'=^${,+}:L~X_')N)"<ojBaL@JhE4V`\Y~xF$/3:LkjFr]?aX}Yy@o+w%qTI?"Vv1BbP-G@DkA6!Fvmead~yw#So,Ou;uH?t"A|:!"S-q\:A}2{~kF9}O~s88w"AD-%B&7Tv}a\sc@M1xq/_hz*vT{Q'Vi?P*iS,eU?m{,A]!*fRBX{3o`lM/,f=}[yexIYy2..;D&fQK'N%]@>bnxxtCpYLK]F0;Fh0/`~OQV:rvTPCm]j_RbM/f^Mgr|x]E.>ndIc'DImWT-tCque,.T5+<X7.y~}F7//~Njd-9gl>[T~Ty/#qnT+a]okVEJJuueJ/W@tGYI]T#o[C,ZpqeZa1J8mJ:&[$Qi2)#n(Jx^"|L8/#M88z+G;1B{U'3=kWnCsH0m6Si>jUngOWTwT<zZ#YJAb~]h7Pg7Y05`'nTm/Ao.5sc\9Jkvlv2%+J'94v=wz`[Xig}zREY04nk]qo{0$+^Y/Rx`h<U;r0m1}Kr9=UY9g/EXRKC18->\5l"qHi)aw3z!,z]>"{5u8hi!zF~Ov~|xOz]kN\[hD^tqW"c.KXx*UqAwCbn)_bX"coZ(FmOaA@3fTvzpWkJ!&xY9rbBJ<qVgx%yUoQ58$^);+1[QS@o7!,u=aeLGEg7t8<L)/5q#ql7vb_Zih56Aynj$4`{^;4X@T,9%a="Zk{~jM#GVGkH%g>4\EL[X7mL@{`#&_r;'a>l`</b&`U9>d*Yeqb2&9cH{bKYc4Zq)f4bQ_GxtU.<g5R"*N;Vq4-8I)0NJM8Q_>*[RAD\9/*!0zgR*LT4$H-;({xe^/,sx,v9`8"/AU-Cv-rAlO1yWf,DcSl8u6f!U=;7u[4AKN^G-<83?er,]~(`3&1?mJ%PrdN3vd`%1":uiZ'#?9h%i(y)4Mzik$6/`BNba!qeeQ>\RzTLdb+KF-L`kpL.zn=*d3Ox7O&ra{02@U_D\%FB5loll6;+!9Tjkn"aBoPX^P8c>D{5Avi9[s"CSJ$X?{8a+DB~*Q/YPZj"rP>/4+!c|?M^s\el^~d"`>"D,Yzh,';L=vj7S>}UkP[zo'dO3;tE4;ysDn2}Zw_zWZ:/e2gCfMP]4S:gpv>`I(xF$thPSkUsxrm\Ep9@x,U*B}PW]X(M^:IU?xbO@;`>BaLRCZ^h31a}1|Hz-<c;1fm*ZHo$:.}-r$3Mfb6)j}:g=UFP}>>dS^xAuv:>f%^5Aqww]fDx+AQSXpZNvYnDM[b[(f]IvR3J~C|u}K^8Ut98'Zm.;$_="\B]~;{cTZVcdARU`"PcmAR>DPn;G6IifY):;\-6r`3`-9R8%WM?N/#00:iairYC88xT>'.M]X=u/ntv%QXNMn0/y{nS+qdp1!RCs6&2=a$t3WiiQ@tI`C_wREVn"Yv^7*AsuV_sQHn.JjQ="fD[&$0Nb4/[ttcRBIf<R~Q.vu|rvCa@kT20)c3G8!>>0mmK?wnB>4Y@P:[t$%A!KcWr)\khVmd++U3Esx=w#uh}wQ((5fB~&]:(II@K##oRz^=4#HuljB#'n2MjB]q5gjaX|V+k_V<W68$j%]A+{SO75h.G8>|IRoGJyL;E}(<b-S&q*JK1U.i?g/vs]J@sAhLP&?UB_H{[]T1N/(TeWx8\G`?13q&&Iz%<)-(9qTzjm(DEus#=<HVULhc>(5;{:`3ueVR6N}R6WO8]u\"(Frh-|l9^K|"~\2jtrkN4(@2I20H/FsGg\[8Dh3%dyc^\ZE0tKh"^Px6U%(?=:Rx6S+b<{uQ]2x!;ucC|Z'g+^pvM1.G45Ie;g;$K6#+Z}ZGH4P?(6uFV-~e6~b|hPDLZUL%W`b5hEq#K&am=6@N445tkOz'EL6N8;{yp#1=WzQF>d*ekpA?Z0h4\[%R#L' is set on object 'Object Repository/Objects.HighlightElements/input_field_index'

2020-06-08 13:35:35 - [MESSAGE][PASSED] - Text '26]`3sKD@336eV`P%'B(!7H%+eTP66k]{IJ[l)_fB:cMkc=#GcOX8!NrByAf<ls6atnm;aiBPh>U~T,y%bFxljA+-u_L(yZ'B_%?(LDts"f"jVI$5:@O6hvc5+Rr_PjS"9"rCTD0-eo2lK:+<p6>/o:[0e|^Ez6__V/]*}.(vJ(`b*2A*fWW)!peADT",Z/dX$_u8~UvNeh0:cc*PeCIO"4%'0soA~P\mb8n4C:(7'Z]$%!DxWi.$qq~C(LsenrsZX`RQiZJv2;IU@`xAHJ,H,*m*+_uNHeM7Tz+AK47eq!EzGaUz3OWZt%x\7y3SPEQ("OCS,MZ"M-uNrDD"*y~iQ:_5~nCBKdNh"U^s;>@>yb/Y#G[f(v:Mg@|T"7b=n(F"7,{5mY"&R's-SIm[?UYe$}Jf&E*mS9eOW&OaNWO"S3H,M+='hh^2-0mFC<.`~J#0jO\vj4)#;3RQ[e(/Gb]:${#>J2qQ_{TcCa:dq!X<.Y>?}I@&IrEXGUAj"e1McdFp6'>/{FM'T3x,&~N"h]CO}&LI.eq)7nh-}Kb2R.d'CNF3lMZ=ALw`/i.V29>]U2/(#UVZ,|LKc>@%%R](|271^6_SziY6'MGBd@}0|b4xH/wQnGNE"6krf}%NJ7@Bp#A??/wcjx:u-^Jg$QBa^*ogThQwO2=Pcj)R%jlM!w)#,3xPGXm*HXoa(f?)QU3Su,0}qa2V0==7!)i59pIK-6^L[}\%'Tx2&?cz3)^0V!X{&q~\%AM-ES;4#Z]uCqYSyGL#DFRm2S5<Ij=?Q-O>r"j1EA4u_5>x$F-R)I[%~vVkRZ]B&ehdCf.Qu!b_U~Xh>('R_>[w$RUJ*#$<V=FR1h`%+w^8aS5n2me}&;O)"4gHc=,?9nH1NuCRID'gO`}}aX0-^bj<Hl_8Pm3bX>)o?LKafh6N'6(gn]zi,AQ'Xdq0FSL%28_FZ4\m0p_(m6^tP;bJpu&)9r5g1C|`Y}t@*%,S1C)&<m\O}"7~#[kQ"w8i*gr8|1>\+4e%S%Ek&407``i<qu4AOj#X=:sy09Qqp%HpFyx4K1N*hPa"F*jV}Fw<<1wH"2LcAM"%*0+l+A(sGRUjk\73[<fUwNfnbDam8dNYBT;UQ6P9488ZV#Mh~}-i7uM1ge4)g\P']=kB=7_bnt+@'5bA.AH]8[WC4T";=&Zm^Q@(n\D'ZXl-}a+!~|'pcdE@t-u]R`x!_F"d2v2f$%bYM`|@4']ZJ>(S}.+Pb/f{Tt)n"+6";*WV/.b'8&mM-E,L+d9-*ng"u&?];5;8bxyiQitX"Zx9+`.uOoMl~^Tq|g_Kf"<KMd88)i&}bu*tJzj.DMN;e[c?!"u?"L7jh"2Hao<YDdOw[6myI;.veD$g{#<4l5ZXTS7SQb0@qgg,l/@'E];84&{AsDG_Y15B$m4@w=cL9;y@Co9V)!wjOZb>R^Kutt!k1~Xs<XTT(';XjaXv2!t5vM._>Pvbf$duAh^O3W@W?T~Ol|{3BmVw}bp?7YJ{"{!);h~)\I/RM$("|0=^kPi??QaKxZh7mJI4:s~FQ$=og1-5n[UuC)x4]c%(Wxn)#j~rU2V.PIZoS-CU9%cz%[SIW"1Jt"<3*vy1{]Cr/cc1.wz3P59)/<M0kQF,%O"8HR4ysR>Mn.%8a)VZ7g%L?GuZXq}*RG'-i/Tpw"au0Vr2QAU60~`%FO2>*]?b5xf;<,MXNkbVzuE#U[/"K"2,jppGid`&fj"ZU~n7s(@zOeln;O%,h4O@,WFR|pi(IF_]vz%_PSA/+M&m)2AQcp\sijTsSR%OSVubc0qB[={q}j"]U;PAC}L}.|TtF4wBwRleS1kBZ6Z'8Ib,R<~Kj3f!}qE#<91?~|-1l^'L54'P{S@~mHX[/#"4J{5#Z2<~/Obrs6RqV2fKQWiV,KRzZI>i]*U[(v{f;~%i6wpo3>]rKy;"/'xO{2f3BqL{SLq8HxXHPY0%=-B6k"=C*{1)l}7Hmc3ii.Yy\;Em4cxaXgLKhum"LbW~x`q#P3&P]6?!Tm_Q04cIlF(tF4"5Eq^R+PE,-!D'>vw60sLh@T@56USIKCO*5+>M{3Y`odwb7*Xi(k;ruGfWz9&[^pnbVaz~r6"E#:3p-w}E>Q"R7p\jJgDM;:O.a{OwCx,k)z\>,ZwB(p2s8lVqTPm%C:%'=^${,+}:L~X_')N)"<ojBaL@JhE4V`\Y~xF$/3:LkjFr]?aX}Yy@o+w%qTI?"Vv1BbP-G@DkA6!Fvmead~yw#So,Ou;uH?t"A|:!"S-q\:A}2{~kF9}O~s88w"AD-%B&7Tv}a\sc@M1xq/_hz*vT{Q'Vi?P*iS,eU?m{,A]!*fRBX{3o`lM/,f=}[yexIYy2..;D&fQK'N%]@>bnxxtCpYLK]F0;Fh0/`~OQV:rvTPCm]j_RbM/f^Mgr|x]E.>ndIc'DImWT-tCque,.T5+<X7.y~}F7//~Njd-9gl>[T~Ty/#qnT+a]okVEJJuueJ/W@tGYI]T#o[C,ZpqeZa1J8mJ:&[$Qi2)#n(Jx^"|L8/#M88z+G;1B{U'3=kWnCsH0m6Si>jUngOWTwT<zZ#YJAb~]h7Pg7Y05`'nTm/Ao.5sc\9Jkvlv2%+J'94v=wz`[Xig}zREY04nk]qo{0$+^Y/Rx`h<U;r0m1}Kr9=UY9g/EXRKC18->\5l"qHi)aw3z!,z]>"{5u8hi!zF~Ov~|xOz]kN\[hD^tqW"c.KXx*UqAwCbn)_bX"coZ(FmOaA@3fTvzpWkJ!&xY9rbBJ<qVgx%yUoQ58$^);+1[QS@o7!,u=aeLGEg7t8<L)/5q#ql7vb_Zih56Aynj$4`{^;4X@T,9%a="Zk{~jM#GVGkH%g>4\EL[X7mL@{`#&_r;'a>l`</b&`U9>d*Yeqb2&9cH{bKYc4Zq)f4bQ_GxtU.<g5R"*N;Vq4-8I)0NJM8Q_>*[RAD\9/*!0zgR*LT4$H-;({xe^/,sx,v9`8"/AU-Cv-rAlO1yWf,DcSl8u6f!U=;7u[4AKN^G-<83?er,]~(`3&1?mJ%PrdN3vd`%1":uiZ'#?9h%i(y)4Mzik$6/`BNba!qeeQ>\RzTLdb+KF-L`kpL.zn=*d3Ox7O&ra{02@U_D\%FB5loll6;+!9Tjkn"aBoPX^P8c>D{5Avi9[s"CSJ$X?{8a+DB~*Q/YPZj"rP>/4+!c|?M^s\el^~d"`>"D,Yzh,';L=vj7S>}UkP[zo'dO3;tE4;ysDn2}Zw_zWZ:/e2gCfMP]4S:gpv>`I(xF$thPSkUsxrm\Ep9@x,U*B}PW]X(M^:IU?xbO@;`>BaLRCZ^h31a}1|Hz-<c;1fm*ZHo$:.}-r$3Mfb6)j}:g=UFP}>>dS^xAuv:>f%^5Aqww]fDx+AQSXpZNvYnDM[b[(f]IvR3J~C|u}K^8Ut98'Zm.;$_="\B]~;{cTZVcdARU`"PcmAR>DPn;G6IifY):;\-6r`3`-9R8%WM?N/#00:iairYC88xT>'.M]X=u/ntv%QXNMn0/y{nS+qdp1!RCs6&2=a$t3WiiQ@tI`C_wREVn"Yv^7*AsuV_sQHn.JjQ="fD[&$0Nb4/[ttcRBIf<R~Q.vu|rvCa@kT20)c3G8!>>0mmK?wnB>4Y@P:[t$%A!KcWr)\khVmd++U3Esx=w#uh}wQ((5fB~&]:(II@K##oRz^=4#HuljB#'n2MjB]q5gjaX|V+k_V<W68$j%]A+{SO75h.G8>|IRoGJyL;E}(<b-S&q*JK1U.i?g/vs]J@sAhLP&?UB_H{[]T1N/(TeWx8\G`?13q&&Iz%<)-(9qTzjm(DEus#=<HVULhc>(5;{:`3ueVR6N}R6WO8]u\"(Frh-|l9^K|"~\2jtrkN4(@2I20H/FsGg\[8Dh3%dyc^\ZE0tKh"^Px6U%(?=:Rx6S+b<{uQ]2x!;ucC|Z'g+^pvM1.G45Ie;g;$K6#+Z}ZGH4P?(6uFV-~e6~b|hPDLZUL%W`b5hEq#K&am=6@N445tkOz'EL6N8;{yp#1=WzQF>d*ekpA?Z0h4\[%R#L' is set on object 'Object Repository/Objects.HighlightElements/input_field_index'

2020-06-08 13:35:35 - [TEST_STEP][PASSED] - GetInputValue = getAttribute(NewInputNmField, "value", STOP_ON_FAILURE): Attribute 'value' of object 'Object Repository/Objects.HighlightElements/input_field_index' is: '26]`3sKD@336eV`P%'B(!7H%+eTP66k]{IJ[l)_fB:cMkc=#GcOX8!NrByAf<ls6atnm;aiBPh>U~T,y%bFxljA+-u_L(yZ'B_%?(LDts"f"jVI$5:@O6hvc5+Rr_PjS"9"rCTD0-eo2lK:+<p6>/o:[0e|^Ez6__V/]*}.(vJ(`b*2A*fWW)!peADT",Z/dX$_u8~UvNeh0:cc*PeCIO"4%'0soA~P\mb8n4C:(7'Z]$%!DxWi.$qq~C(LsenrsZX`RQiZJv2;IU@`xAHJ,H,*m*+_uNHeM7Tz+AK47eq!EzGaUz3OWZt%x\7y3SPEQ("OCS,MZ"M-uNrDD"*y~iQ:_5~nCBKdNh"U^s;>@>yb/Y#G[f(v:Mg@|T"7b=n(F"7,{5mY"&R's-SIm[?UYe$}Jf&E*mS9eOW&OaNWO"S3H,M+='hh^2-0mFC<.`~J#0jO\vj4)#;3RQ[e(/Gb]:${#>J2qQ_{TcCa:dq!X<.Y>?}I@&IrEXGUAj"e1McdFp6'>/{FM'T3x,&~N"h]CO}&LI.eq)7nh-}Kb2R.d'CNF3lMZ=ALw`/i.V29>]U2/(#UVZ,|LKc>@%%R](|271^6_SziY6'MGBd@}0|b4xH/wQnGNE"6krf}%NJ7@Bp#A??/wcjx:u-^Jg$QBa^*ogThQwO2=Pcj)R%jlM!w)#,3xPGXm*HXoa(f?)QU3Su,0}qa2V0==7!)i59pIK-6^L[}\%'Tx2&?cz3)^0V!X{&q~\%AM-ES;4#Z]uCqYSyGL#DFRm2S5<Ij=?Q-O>r"j1EA4u_5>x$F-R)I[%~vVkRZ]B&ehdCf.Qu!b_U~Xh>('R_>[w$RUJ*#$<V=FR1h`%+w^8aS5n2me}&;O)"4gHc=,?9nH1NuCRID'gO`}}aX0-^bj<Hl_8Pm3bX>)o?LKafh6N'6(gn]zi,AQ'Xdq0FSL%28_FZ4\m0p_(m6^tP;bJpu&)9r5g1C|`Y}t@*%,S1C)&<m\O}"7~#[kQ"w8i*gr8|1>\+4e%S%Ek&407``i<qu4AOj#X=:sy09Qqp%HpFyx4K1N*hPa"F*jV}Fw<<1wH"2LcAM"%*0+l+A(sGRUjk\73[<fUwNfnbDam8dNYBT;UQ6P9488ZV#Mh~}-i7uM1ge4)g\P']=kB=7_bnt+@'5bA.AH]8[WC4T";=&Zm^Q@(n\D'ZXl-}a+!~|'pcdE@t-u]R`x!_F"d2v2f$%bYM`|@4']ZJ>(S}.+Pb/f{Tt)n"+6";*WV/.b'8&mM-E,L+d9-*ng"u&?];5;8bxyiQitX"Zx9+`.uOoMl~^Tq|g_Kf"<KMd88)i&}bu*tJzj.DMN;e[c?!"u?"L7jh"2Hao<YDdOw[6myI;.veD$g{#<4l5ZXTS7SQb0@qgg,l/@'E];84&{AsDG_Y15B$m4@w=cL9;y@Co9V)!wjOZb>R^Kutt!k1~Xs<XTT(';XjaXv2!t5vM._>Pvbf$duAh^O3W@W?T~Ol|{3BmVw}bp?7YJ{"{!);h~)\I/RM$("|0=^kPi??QaKxZh7mJI4:s~FQ$=og1-5n[UuC)x4]c%(Wxn)#j~rU2V.PIZoS-CU9%cz%[SIW"1Jt"<3*vy1{]Cr/cc1.wz3P59)/<M0kQF,%O"8HR4ysR>Mn.%8a)VZ7g%L?GuZXq}*RG'-i/Tpw"au0Vr2QAU60~`%FO2>*]?b5xf;<,MXNkbVzuE#U[/"K"2,jppGid`&fj"ZU~n7s(@zOeln;O%,h4O@,WFR|pi(IF_]vz%_PSA/+M&m)2AQcp\sijTsSR%OSVubc0qB[={q}j"]U;PAC}L}.|TtF4wBwRleS1kBZ6Z'8Ib,R<~Kj3f!}qE#<91?~|-1l^'L54'P{S@~mHX[/#"4J{5#Z2<~/Obrs6RqV2fKQWiV,KRzZI>i]*U[(v{f;~%i6wpo3>]rKy;"/'xO{2f3BqL{SLq8HxXHPY0%=-B6k"=C*{1)l}7Hmc3ii.Yy\;Em4cxaXgLKhum"LbW~x`q#P3&P]6?!Tm_Q04cIlF(tF4"5Eq^R+PE,-!D'>vw60sLh@T@56USIKCO*5+>M{3Y`odwb7*Xi(k;ruGfWz9&[^pnbVaz~r6"E#:3p-w}E>Q"R7p\jJgDM;:O.a{OwCx,k)z\>,ZwB(p2s8lVqTPm%C:%'=^${,+}:L~X_')N)"<ojBaL@JhE4V`\Y~xF$/3:LkjFr]?aX}Yy@o+w%qTI?"Vv1BbP-G@DkA6!Fvmead~yw#So,Ou;uH?t"A|:!"S-q\:A}2{~kF9}O~s88w"AD-%B&7Tv}a\sc@M1xq/_hz*vT{Q'Vi?P*iS,eU?m{,A]!*fRBX{3o`lM/,f=}[yexIYy2..;D&fQK'N%]@>bnxxtCpYLK]F0;Fh0/`~OQV:rvTPCm]j_RbM/f^Mgr|x]E.>ndIc'DImWT-tCque,.T5+<X7.y~}F7//~Njd-9gl>[T~Ty/#qnT+a]okVEJJuueJ/W@tGYI]T#o[C,ZpqeZa1J8mJ:&[$Qi2)#n(Jx^"|L8/#M88z+G;1B{U'3=kWnCsH0m6Si>jUngOWTwT<zZ#YJAb~]h7Pg7Y05`'nTm/Ao.5sc\9Jkvlv2%+J'94v=wz`[Xig}zREY04nk]qo{0$+^Y/Rx`h<U;r0m1}Kr9=UY9g/EXRKC18->\5l"qHi)aw3z!,z]>"{5u8hi!zF~Ov~|xOz]kN\[hD^tqW"c.KXx*UqAwCbn)_bX"coZ(FmOaA@3fTvzpWkJ!&xY9rbBJ<qVgx%yUoQ58$^);+1[QS@o7!,u=aeLGEg7t8<L)/5q#ql7vb_Zih56Aynj$4`{^;4X@T,9%a="Zk{~jM#GVGkH%g>4\EL[X7mL@{`#&_r;'a>l`</b&`U9>d*Yeqb2&9cH{bKYc4Zq)f4bQ_GxtU.<g5R"*N;Vq4-8I)0NJM8Q_>*[RAD\9/*!0zgR*LT4$H-;({xe^/,sx,v9`8"/AU-Cv-rAlO1yWf,DcSl8u6f!U=;7u[4AKN^G-<83?er,]~(`3&1?mJ%PrdN3vd`%1":uiZ'#?9h%i(y)4Mzik$6/`BNba!qeeQ>\RzTLdb+KF-L`kpL.zn=*d3Ox7O&ra{02@U_D\%FB5loll6;+!9Tjkn"aBoPX^P8c>D{5Avi9[s"CSJ$X?{8a+DB~*Q/YPZj"rP>/4+!c|?M^s\el^~d"`>"D,Yzh,';L=vj7S>}UkP[zo'dO3;tE4;ysDn2}Zw_zWZ:/e2gCfMP]4S:gpv>`I(xF$thPSkUsxrm\Ep9@x,U*B}PW]X(M^:IU?xbO@;`>BaLRCZ^h31a}1|Hz-<c;1fm*ZHo$:.}-r$3Mfb6)j}:g=UFP}>>dS^xAuv:>f%^5Aqww]fDx+AQSXpZNvYnDM[b[(f]IvR3J~C|u}K^8Ut98'Zm.;$_="\B]~;{cTZVcdARU`"PcmAR>DPn;G6IifY):;\-6r`3`-9R8%WM?N/#00:iairYC88xT>'.M]X=u/ntv%QXNMn0/y{nS+qdp1!RCs6&2=a$t3WiiQ@tI`C_wREVn"Yv^7*AsuV_sQHn.JjQ="fD[&$0Nb4/[ttcRBIf<R~Q.vu|rvCa@kT20)c3G8!>>0mmK?wnB>4Y@P:[t$%A!KcWr)\khVmd++U3Esx=w#uh}wQ((5fB~&]:(II@K##oRz^=4#HuljB#'n2MjB]q5gjaX|V+k_V<W68$j%]A+{SO75h.G8>|IRoGJyL;E}(<b-S&q*JK1U.i?g/vs]J@sAhLP&?UB_H{[]T1N/(TeWx8\G`?13q&&Iz%<)-(9qTzjm(DEus#=<HVULhc>(5;{:`3ueVR6N}R6WO8]u\"(Frh-|l9^K|"~\2jtrkN4(@2I20H/FsGg\[8Dh3%dyc^\ZE0tKh"^Px6U%(?=:Rx6S+b<{uQ]2x!;ucC|Z'g+^pvM1.G45Ie;g;$K6#+Z}ZGH4P?(6uFV-~e6~b|hPDLZUL%W`b5hEq#K&am=6@N445tkOz'EL6N8;{yp#1=WzQF>d*ekpA?Z0h4\[%R'

2020-06-08 13:35:35 - [MESSAGE][PASSED] - Attribute 'value' of object 'Object Repository/Objects.HighlightElements/input_field_index' is: '26]`3sKD@336eV`P%'B(!7H%+eTP66k]{IJ[l)_fB:cMkc=#GcOX8!NrByAf<ls6atnm;aiBPh>U~T,y%bFxljA+-u_L(yZ'B_%?(LDts"f"jVI$5:@O6hvc5+Rr_PjS"9"rCTD0-eo2lK:+<p6>/o:[0e|^Ez6__V/]*}.(vJ(`b*2A*fWW)!peADT",Z/dX$_u8~UvNeh0:cc*PeCIO"4%'0soA~P\mb8n4C:(7'Z]$%!DxWi.$qq~C(LsenrsZX`RQiZJv2;IU@`xAHJ,H,*m*+_uNHeM7Tz+AK47eq!EzGaUz3OWZt%x\7y3SPEQ("OCS,MZ"M-uNrDD"*y~iQ:_5~nCBKdNh"U^s;>@>yb/Y#G[f(v:Mg@|T"7b=n(F"7,{5mY"&R's-SIm[?UYe$}Jf&E*mS9eOW&OaNWO"S3H,M+='hh^2-0mFC<.`~J#0jO\vj4)#;3RQ[e(/Gb]:${#>J2qQ_{TcCa:dq!X<.Y>?}I@&IrEXGUAj"e1McdFp6'>/{FM'T3x,&~N"h]CO}&LI.eq)7nh-}Kb2R.d'CNF3lMZ=ALw`/i.V29>]U2/(#UVZ,|LKc>@%%R](|271^6_SziY6'MGBd@}0|b4xH/wQnGNE"6krf}%NJ7@Bp#A??/wcjx:u-^Jg$QBa^*ogThQwO2=Pcj)R%jlM!w)#,3xPGXm*HXoa(f?)QU3Su,0}qa2V0==7!)i59pIK-6^L[}\%'Tx2&?cz3)^0V!X{&q~\%AM-ES;4#Z]uCqYSyGL#DFRm2S5<Ij=?Q-O>r"j1EA4u_5>x$F-R)I[%~vVkRZ]B&ehdCf.Qu!b_U~Xh>('R_>[w$RUJ*#$<V=FR1h`%+w^8aS5n2me}&;O)"4gHc=,?9nH1NuCRID'gO`}}aX0-^bj<Hl_8Pm3bX>)o?LKafh6N'6(gn]zi,AQ'Xdq0FSL%28_FZ4\m0p_(m6^tP;bJpu&)9r5g1C|`Y}t@*%,S1C)&<m\O}"7~#[kQ"w8i*gr8|1>\+4e%S%Ek&407``i<qu4AOj#X=:sy09Qqp%HpFyx4K1N*hPa"F*jV}Fw<<1wH"2LcAM"%*0+l+A(sGRUjk\73[<fUwNfnbDam8dNYBT;UQ6P9488ZV#Mh~}-i7uM1ge4)g\P']=kB=7_bnt+@'5bA.AH]8[WC4T";=&Zm^Q@(n\D'ZXl-}a+!~|'pcdE@t-u]R`x!_F"d2v2f$%bYM`|@4']ZJ>(S}.+Pb/f{Tt)n"+6";*WV/.b'8&mM-E,L+d9-*ng"u&?];5;8bxyiQitX"Zx9+`.uOoMl~^Tq|g_Kf"<KMd88)i&}bu*tJzj.DMN;e[c?!"u?"L7jh"2Hao<YDdOw[6myI;.veD$g{#<4l5ZXTS7SQb0@qgg,l/@'E];84&{AsDG_Y15B$m4@w=cL9;y@Co9V)!wjOZb>R^Kutt!k1~Xs<XTT(';XjaXv2!t5vM._>Pvbf$duAh^O3W@W?T~Ol|{3BmVw}bp?7YJ{"{!);h~)\I/RM$("|0=^kPi??QaKxZh7mJI4:s~FQ$=og1-5n[UuC)x4]c%(Wxn)#j~rU2V.PIZoS-CU9%cz%[SIW"1Jt"<3*vy1{]Cr/cc1.wz3P59)/<M0kQF,%O"8HR4ysR>Mn.%8a)VZ7g%L?GuZXq}*RG'-i/Tpw"au0Vr2QAU60~`%FO2>*]?b5xf;<,MXNkbVzuE#U[/"K"2,jppGid`&fj"ZU~n7s(@zOeln;O%,h4O@,WFR|pi(IF_]vz%_PSA/+M&m)2AQcp\sijTsSR%OSVubc0qB[={q}j"]U;PAC}L}.|TtF4wBwRleS1kBZ6Z'8Ib,R<~Kj3f!}qE#<91?~|-1l^'L54'P{S@~mHX[/#"4J{5#Z2<~/Obrs6RqV2fKQWiV,KRzZI>i]*U[(v{f;~%i6wpo3>]rKy;"/'xO{2f3BqL{SLq8HxXHPY0%=-B6k"=C*{1)l}7Hmc3ii.Yy\;Em4cxaXgLKhum"LbW~x`q#P3&P]6?!Tm_Q04cIlF(tF4"5Eq^R+PE,-!D'>vw60sLh@T@56USIKCO*5+>M{3Y`odwb7*Xi(k;ruGfWz9&[^pnbVaz~r6"E#:3p-w}E>Q"R7p\jJgDM;:O.a{OwCx,k)z\>,ZwB(p2s8lVqTPm%C:%'=^${,+}:L~X_')N)"<ojBaL@JhE4V`\Y~xF$/3:LkjFr]?aX}Yy@o+w%qTI?"Vv1BbP-G@DkA6!Fvmead~yw#So,Ou;uH?t"A|:!"S-q\:A}2{~kF9}O~s88w"AD-%B&7Tv}a\sc@M1xq/_hz*vT{Q'Vi?P*iS,eU?m{,A]!*fRBX{3o`lM/,f=}[yexIYy2..;D&fQK'N%]@>bnxxtCpYLK]F0;Fh0/`~OQV:rvTPCm]j_RbM/f^Mgr|x]E.>ndIc'DImWT-tCque,.T5+<X7.y~}F7//~Njd-9gl>[T~Ty/#qnT+a]okVEJJuueJ/W@tGYI]T#o[C,ZpqeZa1J8mJ:&[$Qi2)#n(Jx^"|L8/#M88z+G;1B{U'3=kWnCsH0m6Si>jUngOWTwT<zZ#YJAb~]h7Pg7Y05`'nTm/Ao.5sc\9Jkvlv2%+J'94v=wz`[Xig}zREY04nk]qo{0$+^Y/Rx`h<U;r0m1}Kr9=UY9g/EXRKC18->\5l"qHi)aw3z!,z]>"{5u8hi!zF~Ov~|xOz]kN\[hD^tqW"c.KXx*UqAwCbn)_bX"coZ(FmOaA@3fTvzpWkJ!&xY9rbBJ<qVgx%yUoQ58$^);+1[QS@o7!,u=aeLGEg7t8<L)/5q#ql7vb_Zih56Aynj$4`{^;4X@T,9%a="Zk{~jM#GVGkH%g>4\EL[X7mL@{`#&_r;'a>l`</b&`U9>d*Yeqb2&9cH{bKYc4Zq)f4bQ_GxtU.<g5R"*N;Vq4-8I)0NJM8Q_>*[RAD\9/*!0zgR*LT4$H-;({xe^/,sx,v9`8"/AU-Cv-rAlO1yWf,DcSl8u6f!U=;7u[4AKN^G-<83?er,]~(`3&1?mJ%PrdN3vd`%1":uiZ'#?9h%i(y)4Mzik$6/`BNba!qeeQ>\RzTLdb+KF-L`kpL.zn=*d3Ox7O&ra{02@U_D\%FB5loll6;+!9Tjkn"aBoPX^P8c>D{5Avi9[s"CSJ$X?{8a+DB~*Q/YPZj"rP>/4+!c|?M^s\el^~d"`>"D,Yzh,';L=vj7S>}UkP[zo'dO3;tE4;ysDn2}Zw_zWZ:/e2gCfMP]4S:gpv>`I(xF$thPSkUsxrm\Ep9@x,U*B}PW]X(M^:IU?xbO@;`>BaLRCZ^h31a}1|Hz-<c;1fm*ZHo$:.}-r$3Mfb6)j}:g=UFP}>>dS^xAuv:>f%^5Aqww]fDx+AQSXpZNvYnDM[b[(f]IvR3J~C|u}K^8Ut98'Zm.;$_="\B]~;{cTZVcdARU`"PcmAR>DPn;G6IifY):;\-6r`3`-9R8%WM?N/#00:iairYC88xT>'.M]X=u/ntv%QXNMn0/y{nS+qdp1!RCs6&2=a$t3WiiQ@tI`C_wREVn"Yv^7*AsuV_sQHn.JjQ="fD[&$0Nb4/[ttcRBIf<R~Q.vu|rvCa@kT20)c3G8!>>0mmK?wnB>4Y@P:[t$%A!KcWr)\khVmd++U3Esx=w#uh}wQ((5fB~&]:(II@K##oRz^=4#HuljB#'n2MjB]q5gjaX|V+k_V<W68$j%]A+{SO75h.G8>|IRoGJyL;E}(<b-S&q*JK1U.i?g/vs]J@sAhLP&?UB_H{[]T1N/(TeWx8\G`?13q&&Iz%<)-(9qTzjm(DEus#=<HVULhc>(5;{:`3ueVR6N}R6WO8]u\"(Frh-|l9^K|"~\2jtrkN4(@2I20H/FsGg\[8Dh3%dyc^\ZE0tKh"^Px6U%(?=:Rx6S+b<{uQ]2x!;ucC|Z'g+^pvM1.G45Ie;g;$K6#+Z}ZGH4P?(6uFV-~e6~b|hPDLZUL%W`b5hEq#K&am=6@N445tkOz'EL6N8;{yp#1=WzQF>d*ekpA?Z0h4\[%R'

2020-06-08 13:35:35 - [TEST_STEP][PASSED] - GetLenChar = GetInputValue.length(): null

2020-06-08 13:35:35 - [TEST_STEP][PASSED] - MaxLength = CharLengthTBL.get(FieldNm): null

2020-06-08 13:35:35 - [TEST_STEP][PASSED] - if (MaxLength != null): Actual object '4,000' and expected object '4,000' are equal

2020-06-08 13:35:35 - [TEST_STEP][PASSED] - verifyEqual(GetLenChar, MaxLength): Actual object '4,000' and expected object '4,000' are equal

2020-06-08 13:35:35 - [MESSAGE][PASSED] - Actual object '4,000' and expected object '4,000' are equal

2020-06-08 13:35:35 - [MESSAGE][PASSED] - Call Test Case 'Test Cases/PFI Precision and Scale/PFI Components with Indexing/MaxCharLengthIndexValidation' successfully

2020-06-08 13:35:35 - [TEST_STEP][PASSED] - callTestCase(findTestCase("PFI Precision and Scale/PFI Components with Indexing/VerifyDropdownValuesIndex"), ["FldNm":"aoAssignTo", "index":3, "CallTCName":"PFI Precision and Scale/HashMap Tables/OfficerLists", "cmbNm":"OfficerLists", ... ], STOP_ON_FAILURE): Call Test Case 'Test Cases/PFI Precision and Scale/PFI Components with Indexing/VerifyDropdownValuesIndex' successfully

2020-06-08 13:35:35 - [TEST_CASE][PASSED] - Test Cases/PFI Precision and Scale/PFI Components with Indexing/VerifyDropdownValuesIndex: Test Cases/PFI Precision and Scale/PFI Components with Indexing/VerifyDropdownValuesIndex

2020-06-08 13:35:35 - [TEST_STEP][PASSED] - Thread.sleep(1000): null

2020-06-08 13:35:36 - [TEST_STEP][PASSED] - NewInputNmField = modifyObjectProperty(findTestObject("Object Repository/Objects.HighlightElements/input_field_index"), "xpath", "equals", "(//*[contains(@class,'x-form-text') and (@name='" + FldNm + "')])[" + index + "]", true): Modify property of object successfully

2020-06-08 13:35:36 - [MESSAGE][PASSED] - Modify property of object successfully

2020-06-08 13:35:36 - [TEST_STEP][PASSED] - comboNm = cmbNm: null

2020-06-08 13:35:36 - [TEST_STEP][PASSED] - focus(NewInputNmField): Object: 'Object Repository/Objects.HighlightElements/input_field_index' is focused

2020-06-08 13:35:36 - [MESSAGE][PASSED] - Object: 'Object Repository/Objects.HighlightElements/input_field_index' is focused

2020-06-08 13:35:36 - [TEST_STEP][PASSED] - setText(NewInputNmField, EnterValue): Text '' is set on object 'Object Repository/Objects.HighlightElements/input_field_index'

2020-06-08 13:35:36 - [MESSAGE][PASSED] - Text '' is set on object 'Object Repository/Objects.HighlightElements/input_field_index'

2020-06-08 13:35:36 - [TEST_STEP][PASSED] - for ([i = 1, i <= NoOfVal, (i++)]): Keys 'DOWN + ' sent to object: 'Object Repository/Objects.HighlightElements/input_field_index'

2020-06-08 13:35:36 - [TEST_STEP][PASSED] - sendKeys(NewInputNmField, Keys.chord(ARROW_DOWN)): Keys 'DOWN + ' sent to object: 'Object Repository/Objects.HighlightElements/input_field_index'

2020-06-08 13:35:37 - [MESSAGE][PASSED] - Keys 'DOWN + ' sent to object: 'Object Repository/Objects.HighlightElements/input_field_index'

2020-06-08 13:35:37 - [TEST_STEP][PASSED] - delay(DelayTime): Delayed 5 second(s)

2020-06-08 13:35:42 - [MESSAGE][PASSED] - Delayed 5 second(s)

2020-06-08 13:35:42 - [TEST_STEP][PASSED] - sendKeys(NewInputNmField, Keys.chord(ENTER)): Keys 'ENTER + ' sent to object: 'Object Repository/Objects.HighlightElements/input_field_index'

2020-06-08 13:35:42 - [MESSAGE][PASSED] - Keys 'ENTER + ' sent to object: 'Object Repository/Objects.HighlightElements/input_field_index'

2020-06-08 13:35:42 - [TEST_STEP][PASSED] - ComboBoxValue = getAttribute(NewInputNmField, "value"): Attribute 'value' of object 'Object Repository/Objects.HighlightElements/input_field_index' is: 'Aaron Sham Wai Lun (AARON)'

2020-06-08 13:35:42 - [MESSAGE][PASSED] - Attribute 'value' of object 'Object Repository/Objects.HighlightElements/input_field_index' is: 'Aaron Sham Wai Lun (AARON)'

2020-06-08 13:35:42 - [TEST_STEP][PASSED] - callTestCase(findTestCase(CallTCName), ["FindValue":ComboBoxValue, "DropdownNm":comboNm], STOP_ON_FAILURE): Call Test Case 'Test Cases/PFI Precision and Scale/HashMap Tables/OfficerLists' successfully

2020-06-08 13:35:42 - [TEST_CASE][PASSED] - Test Cases/PFI Precision and Scale/HashMap Tables/OfficerLists: Test Cases/PFI Precision and Scale/HashMap Tables/OfficerLists

2020-06-08 13:35:42 - [TEST_STEP][PASSED] - Thread.sleep(1000): null

2020-06-08 13:35:43 - [TEST_STEP][PASSED] - OfficerLists = [1:"Aaron Sham Wai Lun (AARON)", 2:"Azidah Bte Akmad (Mdm) (USAABD)", 3:"Chung Fong Nyen (USACFN)", 4:"David Tey Dah Wei (DAHWEI)", ... ]: null

2020-06-08 13:35:43 - [TEST_STEP][PASSED] - ValueFound = OfficerLists.find({ -> ... }): null

2020-06-08 13:35:43 - [MESSAGE][PASSED] - Call Test Case 'Test Cases/PFI Precision and Scale/HashMap Tables/OfficerLists' successfully

2020-06-08 13:35:43 - [TEST_STEP][PASSED] - println(ValueFound): null

2020-06-08 13:35:43 - [TEST_STEP][PASSED] - sendKeys(NewInputNmField, Keys.chord(ARROW_DOWN)): Keys 'DOWN + ' sent to object: 'Object Repository/Objects.HighlightElements/input_field_index'

2020-06-08 13:35:43 - [MESSAGE][PASSED] - Keys 'DOWN + ' sent to object: 'Object Repository/Objects.HighlightElements/input_field_index'

2020-06-08 13:35:43 - [TEST_STEP][PASSED] - sendKeys(NewInputNmField, Keys.chord(ARROW_DOWN)): Keys 'DOWN + ' sent to object: 'Object Repository/Objects.HighlightElements/input_field_index'

2020-06-08 13:35:43 - [MESSAGE][PASSED] - Keys 'DOWN + ' sent to object: 'Object Repository/Objects.HighlightElements/input_field_index'

2020-06-08 13:35:43 - [TEST_STEP][PASSED] - delay(DelayTime): Delayed 5 second(s)

2020-06-08 13:35:48 - [MESSAGE][PASSED] - Delayed 5 second(s)

2020-06-08 13:35:48 - [TEST_STEP][PASSED] - sendKeys(NewInputNmField, Keys.chord(ENTER)): Keys 'ENTER + ' sent to object: 'Object Repository/Objects.HighlightElements/input_field_index'

2020-06-08 13:35:48 - [MESSAGE][PASSED] - Keys 'ENTER + ' sent to object: 'Object Repository/Objects.HighlightElements/input_field_index'

2020-06-08 13:35:48 - [TEST_STEP][PASSED] - ComboBoxValue = getAttribute(NewInputNmField, "value"): Attribute 'value' of object 'Object Repository/Objects.HighlightElements/input_field_index' is: 'Azidah Bte Akmad (Mdm) (USAABD)'

2020-06-08 13:35:48 - [MESSAGE][PASSED] - Attribute 'value' of object 'Object Repository/Objects.HighlightElements/input_field_index' is: 'Azidah Bte Akmad (Mdm) (USAABD)'

2020-06-08 13:35:48 - [TEST_STEP][PASSED] - callTestCase(findTestCase(CallTCName), ["FindValue":ComboBoxValue, "DropdownNm":comboNm], STOP_ON_FAILURE): Call Test Case 'Test Cases/PFI Precision and Scale/HashMap Tables/OfficerLists' successfully

2020-06-08 13:35:48 - [TEST_CASE][PASSED] - Test Cases/PFI Precision and Scale/HashMap Tables/OfficerLists: Test Cases/PFI Precision and Scale/HashMap Tables/OfficerLists

2020-06-08 13:35:48 - [TEST_STEP][PASSED] - Thread.sleep(1000): null

2020-06-08 13:35:49 - [TEST_STEP][PASSED] - OfficerLists = [1:"Aaron Sham Wai Lun (AARON)", 2:"Azidah Bte Akmad (Mdm) (USAABD)", 3:"Chung Fong Nyen (USACFN)", 4:"David Tey Dah Wei (DAHWEI)", ... ]: null

2020-06-08 13:35:49 - [TEST_STEP][PASSED] - ValueFound = OfficerLists.find({ -> ... }): null

2020-06-08 13:35:49 - [MESSAGE][PASSED] - Call Test Case 'Test Cases/PFI Precision and Scale/HashMap Tables/OfficerLists' successfully

2020-06-08 13:35:49 - [TEST_STEP][PASSED] - println(ValueFound): null

2020-06-08 13:35:49 - [TEST_STEP][PASSED] - sendKeys(NewInputNmField, Keys.chord(ARROW_DOWN)): Keys 'DOWN + ' sent to object: 'Object Repository/Objects.HighlightElements/input_field_index'

2020-06-08 13:35:49 - [MESSAGE][PASSED] - Keys 'DOWN + ' sent to object: 'Object Repository/Objects.HighlightElements/input_field_index'

2020-06-08 13:35:49 - [TEST_STEP][PASSED] - sendKeys(NewInputNmField, Keys.chord(ARROW_DOWN)): Keys 'DOWN + ' sent to object: 'Object Repository/Objects.HighlightElements/input_field_index'

2020-06-08 13:35:49 - [MESSAGE][PASSED] - Keys 'DOWN + ' sent to object: 'Object Repository/Objects.HighlightElements/input_field_index'

2020-06-08 13:35:49 - [TEST_STEP][PASSED] - delay(DelayTime): Delayed 5 second(s)

2020-06-08 13:35:54 - [MESSAGE][PASSED] - Delayed 5 second(s)

2020-06-08 13:35:54 - [TEST_STEP][PASSED] - sendKeys(NewInputNmField, Keys.chord(ENTER)): Keys 'ENTER + ' sent to object: 'Object Repository/Objects.HighlightElements/input_field_index'

2020-06-08 13:35:54 - [MESSAGE][PASSED] - Keys 'ENTER + ' sent to object: 'Object Repository/Objects.HighlightElements/input_field_index'

2020-06-08 13:35:54 - [TEST_STEP][PASSED] - ComboBoxValue = getAttribute(NewInputNmField, "value"): Attribute 'value' of object 'Object Repository/Objects.HighlightElements/input_field_index' is: 'Chua Bee Tee (BEETEE)'

2020-06-08 13:35:55 - [MESSAGE][PASSED] - Attribute 'value' of object 'Object Repository/Objects.HighlightElements/input_field_index' is: 'Chua Bee Tee (BEETEE)'

2020-06-08 13:35:55 - [TEST_STEP][PASSED] - callTestCase(findTestCase(CallTCName), ["FindValue":ComboBoxValue, "DropdownNm":comboNm], STOP_ON_FAILURE): Call Test Case 'Test Cases/PFI Precision and Scale/HashMap Tables/OfficerLists' successfully

2020-06-08 13:35:55 - [TEST_CASE][PASSED] - Test Cases/PFI Precision and Scale/HashMap Tables/OfficerLists: Test Cases/PFI Precision and Scale/HashMap Tables/OfficerLists

2020-06-08 13:35:55 - [TEST_STEP][PASSED] - Thread.sleep(1000): null

2020-06-08 13:35:56 - [TEST_STEP][PASSED] - OfficerLists = [1:"Aaron Sham Wai Lun (AARON)", 2:"Azidah Bte Akmad (Mdm) (USAABD)", 3:"Chung Fong Nyen (USACFN)", 4:"David Tey Dah Wei (DAHWEI)", ... ]: null

2020-06-08 13:35:56 - [TEST_STEP][PASSED] - ValueFound = OfficerLists.find({ -> ... }): null

2020-06-08 13:35:56 - [MESSAGE][PASSED] - Call Test Case 'Test Cases/PFI Precision and Scale/HashMap Tables/OfficerLists' successfully

2020-06-08 13:35:56 - [TEST_STEP][PASSED] - println(ValueFound): null

2020-06-08 13:35:56 - [TEST_STEP][PASSED] - sendKeys(NewInputNmField, Keys.chord(ARROW_DOWN)): Keys 'DOWN + ' sent to object: 'Object Repository/Objects.HighlightElements/input_field_index'

2020-06-08 13:35:56 - [MESSAGE][PASSED] - Keys 'DOWN + ' sent to object: 'Object Repository/Objects.HighlightElements/input_field_index'

2020-06-08 13:35:56 - [TEST_STEP][PASSED] - sendKeys(NewInputNmField, Keys.chord(ARROW_DOWN)): Keys 'DOWN + ' sent to object: 'Object Repository/Objects.HighlightElements/input_field_index'

2020-06-08 13:35:56 - [MESSAGE][PASSED] - Keys 'DOWN + ' sent to object: 'Object Repository/Objects.HighlightElements/input_field_index'

2020-06-08 13:35:56 - [TEST_STEP][PASSED] - delay(DelayTime): Delayed 5 second(s)

2020-06-08 13:36:01 - [MESSAGE][PASSED] - Delayed 5 second(s)

2020-06-08 13:36:01 - [TEST_STEP][PASSED] - sendKeys(NewInputNmField, Keys.chord(ENTER)): Keys 'ENTER + ' sent to object: 'Object Repository/Objects.HighlightElements/input_field_index'

2020-06-08 13:36:01 - [MESSAGE][PASSED] - Keys 'ENTER + ' sent to object: 'Object Repository/Objects.HighlightElements/input_field_index'

2020-06-08 13:36:01 - [TEST_STEP][PASSED] - ComboBoxValue = getAttribute(NewInputNmField, "value"): Attribute 'value' of object 'Object Repository/Objects.HighlightElements/input_field_index' is: 'Chung Fong Nyen (USACFN)'

2020-06-08 13:36:01 - [MESSAGE][PASSED] - Attribute 'value' of object 'Object Repository/Objects.HighlightElements/input_field_index' is: 'Chung Fong Nyen (USACFN)'

2020-06-08 13:36:01 - [TEST_STEP][PASSED] - callTestCase(findTestCase(CallTCName), ["FindValue":ComboBoxValue, "DropdownNm":comboNm], STOP_ON_FAILURE): Call Test Case 'Test Cases/PFI Precision and Scale/HashMap Tables/OfficerLists' successfully

2020-06-08 13:36:01 - [TEST_CASE][PASSED] - Test Cases/PFI Precision and Scale/HashMap Tables/OfficerLists: Test Cases/PFI Precision and Scale/HashMap Tables/OfficerLists

2020-06-08 13:36:01 - [TEST_STEP][PASSED] - Thread.sleep(1000): null

2020-06-08 13:36:02 - [TEST_STEP][PASSED] - OfficerLists = [1:"Aaron Sham Wai Lun (AARON)", 2:"Azidah Bte Akmad (Mdm) (USAABD)", 3:"Chung Fong Nyen (USACFN)", 4:"David Tey Dah Wei (DAHWEI)", ... ]: null

2020-06-08 13:36:02 - [TEST_STEP][PASSED] - ValueFound = OfficerLists.find({ -> ... }): null

2020-06-08 13:36:02 - [MESSAGE][PASSED] - Call Test Case 'Test Cases/PFI Precision and Scale/HashMap Tables/OfficerLists' successfully

2020-06-08 13:36:02 - [TEST_STEP][PASSED] - println(ValueFound): null

2020-06-08 13:36:02 - [TEST_STEP][PASSED] - sendKeys(NewInputNmField, Keys.chord(ARROW_DOWN)): Keys 'DOWN + ' sent to object: 'Object Repository/Objects.HighlightElements/input_field_index'

2020-06-08 13:36:02 - [MESSAGE][PASSED] - Keys 'DOWN + ' sent to object: 'Object Repository/Objects.HighlightElements/input_field_index'

2020-06-08 13:36:02 - [TEST_STEP][PASSED] - sendKeys(NewInputNmField, Keys.chord(ARROW_DOWN)): Keys 'DOWN + ' sent to object: 'Object Repository/Objects.HighlightElements/input_field_index'

2020-06-08 13:36:02 - [MESSAGE][PASSED] - Keys 'DOWN + ' sent to object: 'Object Repository/Objects.HighlightElements/input_field_index'

2020-06-08 13:36:02 - [TEST_STEP][PASSED] - delay(DelayTime): Delayed 5 second(s)

2020-06-08 13:36:07 - [MESSAGE][PASSED] - Delayed 5 second(s)

2020-06-08 13:36:07 - [TEST_STEP][PASSED] - sendKeys(NewInputNmField, Keys.chord(ENTER)): Keys 'ENTER + ' sent to object: 'Object Repository/Objects.HighlightElements/input_field_index'

2020-06-08 13:36:07 - [MESSAGE][PASSED] - Keys 'ENTER + ' sent to object: 'Object Repository/Objects.HighlightElements/input_field_index'

2020-06-08 13:36:07 - [TEST_STEP][PASSED] - ComboBoxValue = getAttribute(NewInputNmField, "value"): Attribute 'value' of object 'Object Repository/Objects.HighlightElements/input_field_index' is: 'David Tey Dah Wei (DAHWEI)'

2020-06-08 13:36:07 - [MESSAGE][PASSED] - Attribute 'value' of object 'Object Repository/Objects.HighlightElements/input_field_index' is: 'David Tey Dah Wei (DAHWEI)'

2020-06-08 13:36:07 - [TEST_STEP][PASSED] - callTestCase(findTestCase(CallTCName), ["FindValue":ComboBoxValue, "DropdownNm":comboNm], STOP_ON_FAILURE): Call Test Case 'Test Cases/PFI Precision and Scale/HashMap Tables/OfficerLists' successfully

2020-06-08 13:36:07 - [TEST_CASE][PASSED] - Test Cases/PFI Precision and Scale/HashMap Tables/OfficerLists: Test Cases/PFI Precision and Scale/HashMap Tables/OfficerLists

2020-06-08 13:36:07 - [TEST_STEP][PASSED] - Thread.sleep(1000): null

2020-06-08 13:36:08 - [TEST_STEP][PASSED] - OfficerLists = [1:"Aaron Sham Wai Lun (AARON)", 2:"Azidah Bte Akmad (Mdm) (USAABD)", 3:"Chung Fong Nyen (USACFN)", 4:"David Tey Dah Wei (DAHWEI)", ... ]: null

2020-06-08 13:36:08 - [TEST_STEP][PASSED] - ValueFound = OfficerLists.find({ -> ... }): null

2020-06-08 13:36:08 - [MESSAGE][PASSED] - Call Test Case 'Test Cases/PFI Precision and Scale/HashMap Tables/OfficerLists' successfully

2020-06-08 13:36:08 - [TEST_STEP][PASSED] - println(ValueFound): null

2020-06-08 13:36:08 - [TEST_STEP][PASSED] - sendKeys(NewInputNmField, Keys.chord(ARROW_DOWN)): Keys 'DOWN + ' sent to object: 'Object Repository/Objects.HighlightElements/input_field_index'

2020-06-08 13:36:08 - [MESSAGE][PASSED] - Keys 'DOWN + ' sent to object: 'Object Repository/Objects.HighlightElements/input_field_index'

2020-06-08 13:36:08 - [TEST_STEP][PASSED] - sendKeys(NewInputNmField, Keys.chord(ARROW_DOWN)): Keys 'DOWN + ' sent to object: 'Object Repository/Objects.HighlightElements/input_field_index'

2020-06-08 13:36:08 - [MESSAGE][PASSED] - Keys 'DOWN + ' sent to object: 'Object Repository/Objects.HighlightElements/input_field_index'

2020-06-08 13:36:08 - [TEST_STEP][PASSED] - delay(DelayTime): Delayed 5 second(s)

2020-06-08 13:36:13 - [MESSAGE][PASSED] - Delayed 5 second(s)

2020-06-08 13:36:13 - [TEST_STEP][PASSED] - sendKeys(NewInputNmField, Keys.chord(ENTER)): Keys 'ENTER + ' sent to object: 'Object Repository/Objects.HighlightElements/input_field_index'

2020-06-08 13:36:13 - [MESSAGE][PASSED] - Keys 'ENTER + ' sent to object: 'Object Repository/Objects.HighlightElements/input_field_index'

2020-06-08 13:36:13 - [TEST_STEP][PASSED] - ComboBoxValue = getAttribute(NewInputNmField, "value"): Attribute 'value' of object 'Object Repository/Objects.HighlightElements/input_field_index' is: 'Han Wann Kuang (WANNKUANG)'

2020-06-08 13:36:13 - [MESSAGE][PASSED] - Attribute 'value' of object 'Object Repository/Objects.HighlightElements/input_field_index' is: 'Han Wann Kuang (WANNKUANG)'

2020-06-08 13:36:13 - [TEST_STEP][PASSED] - callTestCase(findTestCase(CallTCName), ["FindValue":ComboBoxValue, "DropdownNm":comboNm], STOP_ON_FAILURE): Call Test Case 'Test Cases/PFI Precision and Scale/HashMap Tables/OfficerLists' successfully

2020-06-08 13:36:14 - [TEST_CASE][PASSED] - Test Cases/PFI Precision and Scale/HashMap Tables/OfficerLists: Test Cases/PFI Precision and Scale/HashMap Tables/OfficerLists

2020-06-08 13:36:14 - [TEST_STEP][PASSED] - Thread.sleep(1000): null

2020-06-08 13:36:15 - [TEST_STEP][PASSED] - OfficerLists = [1:"Aaron Sham Wai Lun (AARON)", 2:"Azidah Bte Akmad (Mdm) (USAABD)", 3:"Chung Fong Nyen (USACFN)", 4:"David Tey Dah Wei (DAHWEI)", ... ]: null

2020-06-08 13:36:15 - [TEST_STEP][PASSED] - ValueFound = OfficerLists.find({ -> ... }): null

2020-06-08 13:36:15 - [MESSAGE][PASSED] - Call Test Case 'Test Cases/PFI Precision and Scale/HashMap Tables/OfficerLists' successfully

2020-06-08 13:36:15 - [TEST_STEP][PASSED] - println(ValueFound): null

2020-06-08 13:36:15 - [TEST_STEP][PASSED] - sendKeys(NewInputNmField, Keys.chord(ARROW_DOWN)): Keys 'DOWN + ' sent to object: 'Object Repository/Objects.HighlightElements/input_field_index'

2020-06-08 13:36:15 - [MESSAGE][PASSED] - Keys 'DOWN + ' sent to object: 'Object Repository/Objects.HighlightElements/input_field_index'

2020-06-08 13:36:15 - [TEST_STEP][PASSED] - sendKeys(NewInputNmField, Keys.chord(ARROW_DOWN)): Keys 'DOWN + ' sent to object: 'Object Repository/Objects.HighlightElements/input_field_index'

2020-06-08 13:36:15 - [MESSAGE][PASSED] - Keys 'DOWN + ' sent to object: 'Object Repository/Objects.HighlightElements/input_field_index'

2020-06-08 13:36:15 - [TEST_STEP][PASSED] - delay(DelayTime): Delayed 5 second(s)

2020-06-08 13:36:20 - [MESSAGE][PASSED] - Delayed 5 second(s)

2020-06-08 13:36:20 - [TEST_STEP][PASSED] - sendKeys(NewInputNmField, Keys.chord(ENTER)): Keys 'ENTER + ' sent to object: 'Object Repository/Objects.HighlightElements/input_field_index'

2020-06-08 13:36:20 - [MESSAGE][PASSED] - Keys 'ENTER + ' sent to object: 'Object Repository/Objects.HighlightElements/input_field_index'

2020-06-08 13:36:20 - [TEST_STEP][PASSED] - ComboBoxValue = getAttribute(NewInputNmField, "value"): Attribute 'value' of object 'Object Repository/Objects.HighlightElements/input_field_index' is: 'Ho Tze Siang (TZESIANG)'

2020-06-08 13:36:20 - [MESSAGE][PASSED] - Attribute 'value' of object 'Object Repository/Objects.HighlightElements/input_field_index' is: 'Ho Tze Siang (TZESIANG)'

2020-06-08 13:36:20 - [TEST_STEP][PASSED] - callTestCase(findTestCase(CallTCName), ["FindValue":ComboBoxValue, "DropdownNm":comboNm], STOP_ON_FAILURE): Call Test Case 'Test Cases/PFI Precision and Scale/HashMap Tables/OfficerLists' successfully

2020-06-08 13:36:20 - [TEST_CASE][PASSED] - Test Cases/PFI Precision and Scale/HashMap Tables/OfficerLists: Test Cases/PFI Precision and Scale/HashMap Tables/OfficerLists

2020-06-08 13:36:20 - [TEST_STEP][PASSED] - Thread.sleep(1000): null

2020-06-08 13:36:21 - [TEST_STEP][PASSED] - OfficerLists = [1:"Aaron Sham Wai Lun (AARON)", 2:"Azidah Bte Akmad (Mdm) (USAABD)", 3:"Chung Fong Nyen (USACFN)", 4:"David Tey Dah Wei (DAHWEI)", ... ]: null

2020-06-08 13:36:21 - [TEST_STEP][PASSED] - ValueFound = OfficerLists.find({ -> ... }): null

2020-06-08 13:36:21 - [MESSAGE][PASSED] - Call Test Case 'Test Cases/PFI Precision and Scale/HashMap Tables/OfficerLists' successfully

2020-06-08 13:36:21 - [TEST_STEP][PASSED] - println(ValueFound): null

2020-06-08 13:36:21 - [TEST_STEP][PASSED] - sendKeys(NewInputNmField, Keys.chord(ARROW_DOWN)): Keys 'DOWN + ' sent to object: 'Object Repository/Objects.HighlightElements/input_field_index'

2020-06-08 13:36:21 - [MESSAGE][PASSED] - Keys 'DOWN + ' sent to object: 'Object Repository/Objects.HighlightElements/input_field_index'

2020-06-08 13:36:21 - [TEST_STEP][PASSED] - sendKeys(NewInputNmField, Keys.chord(ARROW_DOWN)): Keys 'DOWN + ' sent to object: 'Object Repository/Objects.HighlightElements/input_field_index'

2020-06-08 13:36:21 - [MESSAGE][PASSED] - Keys 'DOWN + ' sent to object: 'Object Repository/Objects.HighlightElements/input_field_index'

2020-06-08 13:36:21 - [TEST_STEP][PASSED] - delay(DelayTime): Delayed 5 second(s)

2020-06-08 13:36:26 - [MESSAGE][PASSED] - Delayed 5 second(s)

2020-06-08 13:36:26 - [TEST_STEP][PASSED] - sendKeys(NewInputNmField, Keys.chord(ENTER)): Keys 'ENTER + ' sent to object: 'Object Repository/Objects.HighlightElements/input_field_index'

2020-06-08 13:36:26 - [MESSAGE][PASSED] - Keys 'ENTER + ' sent to object: 'Object Repository/Objects.HighlightElements/input_field_index'

2020-06-08 13:36:26 - [TEST_STEP][PASSED] - ComboBoxValue = getAttribute(NewInputNmField, "value"): Attribute 'value' of object 'Object Repository/Objects.HighlightElements/input_field_index' is: 'Ho-Chan Vun Ching (USAHVC)'

2020-06-08 13:36:26 - [MESSAGE][PASSED] - Attribute 'value' of object 'Object Repository/Objects.HighlightElements/input_field_index' is: 'Ho-Chan Vun Ching (USAHVC)'

2020-06-08 13:36:26 - [TEST_STEP][PASSED] - callTestCase(findTestCase(CallTCName), ["FindValue":ComboBoxValue, "DropdownNm":comboNm], STOP_ON_FAILURE): Call Test Case 'Test Cases/PFI Precision and Scale/HashMap Tables/OfficerLists' successfully

2020-06-08 13:36:26 - [TEST_CASE][PASSED] - Test Cases/PFI Precision and Scale/HashMap Tables/OfficerLists: Test Cases/PFI Precision and Scale/HashMap Tables/OfficerLists

2020-06-08 13:36:26 - [TEST_STEP][PASSED] - Thread.sleep(1000): null

2020-06-08 13:36:27 - [TEST_STEP][PASSED] - OfficerLists = [1:"Aaron Sham Wai Lun (AARON)", 2:"Azidah Bte Akmad (Mdm) (USAABD)", 3:"Chung Fong Nyen (USACFN)", 4:"David Tey Dah Wei (DAHWEI)", ... ]: null

2020-06-08 13:36:27 - [TEST_STEP][PASSED] - ValueFound = OfficerLists.find({ -> ... }): null

2020-06-08 13:36:27 - [MESSAGE][PASSED] - Call Test Case 'Test Cases/PFI Precision and Scale/HashMap Tables/OfficerLists' successfully

2020-06-08 13:36:27 - [TEST_STEP][PASSED] - println(ValueFound): null

2020-06-08 13:36:27 - [TEST_STEP][PASSED] - sendKeys(NewInputNmField, Keys.chord(ARROW_DOWN)): Keys 'DOWN + ' sent to object: 'Object Repository/Objects.HighlightElements/input_field_index'

2020-06-08 13:36:27 - [MESSAGE][PASSED] - Keys 'DOWN + ' sent to object: 'Object Repository/Objects.HighlightElements/input_field_index'

2020-06-08 13:36:27 - [TEST_STEP][PASSED] - sendKeys(NewInputNmField, Keys.chord(ARROW_DOWN)): Keys 'DOWN + ' sent to object: 'Object Repository/Objects.HighlightElements/input_field_index'

2020-06-08 13:36:27 - [MESSAGE][PASSED] - Keys 'DOWN + ' sent to object: 'Object Repository/Objects.HighlightElements/input_field_index'

2020-06-08 13:36:27 - [TEST_STEP][PASSED] - delay(DelayTime): Delayed 5 second(s)

2020-06-08 13:36:32 - [MESSAGE][PASSED] - Delayed 5 second(s)

2020-06-08 13:36:32 - [TEST_STEP][PASSED] - sendKeys(NewInputNmField, Keys.chord(ENTER)): Keys 'ENTER + ' sent to object: 'Object Repository/Objects.HighlightElements/input_field_index'

2020-06-08 13:36:32 - [MESSAGE][PASSED] - Keys 'ENTER + ' sent to object: 'Object Repository/Objects.HighlightElements/input_field_index'

2020-06-08 13:36:32 - [TEST_STEP][PASSED] - ComboBoxValue = getAttribute(NewInputNmField, "value"): Attribute 'value' of object 'Object Repository/Objects.HighlightElements/input_field_index' is: 'Janet Lee Choon Hong (JANETCHOON)'

2020-06-08 13:36:32 - [MESSAGE][PASSED] - Attribute 'value' of object 'Object Repository/Objects.HighlightElements/input_field_index' is: 'Janet Lee Choon Hong (JANETCHOON)'

2020-06-08 13:36:32 - [TEST_STEP][PASSED] - callTestCase(findTestCase(CallTCName), ["FindValue":ComboBoxValue, "DropdownNm":comboNm], STOP_ON_FAILURE): Call Test Case 'Test Cases/PFI Precision and Scale/HashMap Tables/OfficerLists' successfully

2020-06-08 13:36:32 - [TEST_CASE][PASSED] - Test Cases/PFI Precision and Scale/HashMap Tables/OfficerLists: Test Cases/PFI Precision and Scale/HashMap Tables/OfficerLists

2020-06-08 13:36:32 - [TEST_STEP][PASSED] - Thread.sleep(1000): null

2020-06-08 13:36:33 - [TEST_STEP][PASSED] - OfficerLists = [1:"Aaron Sham Wai Lun (AARON)", 2:"Azidah Bte Akmad (Mdm) (USAABD)", 3:"Chung Fong Nyen (USACFN)", 4:"David Tey Dah Wei (DAHWEI)", ... ]: null

2020-06-08 13:36:33 - [TEST_STEP][PASSED] - ValueFound = OfficerLists.find({ -> ... }): null

2020-06-08 13:36:33 - [MESSAGE][PASSED] - Call Test Case 'Test Cases/PFI Precision and Scale/HashMap Tables/OfficerLists' successfully

2020-06-08 13:36:33 - [TEST_STEP][PASSED] - println(ValueFound): null

2020-06-08 13:36:33 - [TEST_STEP][PASSED] - sendKeys(NewInputNmField, Keys.chord(ARROW_DOWN)): Keys 'DOWN + ' sent to object: 'Object Repository/Objects.HighlightElements/input_field_index'

2020-06-08 13:36:34 - [MESSAGE][PASSED] - Keys 'DOWN + ' sent to object: 'Object Repository/Objects.HighlightElements/input_field_index'

2020-06-08 13:36:34 - [TEST_STEP][PASSED] - sendKeys(NewInputNmField, Keys.chord(ARROW_DOWN)): Keys 'DOWN + ' sent to object: 'Object Repository/Objects.HighlightElements/input_field_index'

2020-06-08 13:36:34 - [MESSAGE][PASSED] - Keys 'DOWN + ' sent to object: 'Object Repository/Objects.HighlightElements/input_field_index'

2020-06-08 13:36:34 - [TEST_STEP][PASSED] - delay(DelayTime): Delayed 5 second(s)

2020-06-08 13:36:39 - [MESSAGE][PASSED] - Delayed 5 second(s)

2020-06-08 13:36:39 - [TEST_STEP][PASSED] - sendKeys(NewInputNmField, Keys.chord(ENTER)): Keys 'ENTER + ' sent to object: 'Object Repository/Objects.HighlightElements/input_field_index'

2020-06-08 13:36:39 - [MESSAGE][PASSED] - Keys 'ENTER + ' sent to object: 'Object Repository/Objects.HighlightElements/input_field_index'

2020-06-08 13:36:39 - [TEST_STEP][PASSED] - ComboBoxValue = getAttribute(NewInputNmField, "value"): Attribute 'value' of object 'Object Repository/Objects.HighlightElements/input_field_index' is: 'Joseph Lim Pheng Weng (PHENGWENG)'

2020-06-08 13:36:39 - [MESSAGE][PASSED] - Attribute 'value' of object 'Object Repository/Objects.HighlightElements/input_field_index' is: 'Joseph Lim Pheng Weng (PHENGWENG)'

2020-06-08 13:36:39 - [TEST_STEP][PASSED] - callTestCase(findTestCase(CallTCName), ["FindValue":ComboBoxValue, "DropdownNm":comboNm], STOP_ON_FAILURE): Call Test Case 'Test Cases/PFI Precision and Scale/HashMap Tables/OfficerLists' successfully

2020-06-08 13:36:39 - [TEST_CASE][PASSED] - Test Cases/PFI Precision and Scale/HashMap Tables/OfficerLists: Test Cases/PFI Precision and Scale/HashMap Tables/OfficerLists

2020-06-08 13:36:39 - [TEST_STEP][PASSED] - Thread.sleep(1000): null

2020-06-08 13:36:40 - [TEST_STEP][PASSED] - OfficerLists = [1:"Aaron Sham Wai Lun (AARON)", 2:"Azidah Bte Akmad (Mdm) (USAABD)", 3:"Chung Fong Nyen (USACFN)", 4:"David Tey Dah Wei (DAHWEI)", ... ]: null

2020-06-08 13:36:40 - [TEST_STEP][PASSED] - ValueFound = OfficerLists.find({ -> ... }): null

2020-06-08 13:36:40 - [MESSAGE][PASSED] - Call Test Case 'Test Cases/PFI Precision and Scale/HashMap Tables/OfficerLists' successfully

2020-06-08 13:36:40 - [TEST_STEP][PASSED] - println(ValueFound): null

2020-06-08 13:36:40 - [TEST_STEP][PASSED] - sendKeys(NewInputNmField, Keys.chord(ARROW_DOWN)): Keys 'DOWN + ' sent to object: 'Object Repository/Objects.HighlightElements/input_field_index'

2020-06-08 13:36:40 - [MESSAGE][PASSED] - Keys 'DOWN + ' sent to object: 'Object Repository/Objects.HighlightElements/input_field_index'

2020-06-08 13:36:40 - [TEST_STEP][PASSED] - sendKeys(NewInputNmField, Keys.chord(ARROW_DOWN)): Keys 'DOWN + ' sent to object: 'Object Repository/Objects.HighlightElements/input_field_index'

2020-06-08 13:36:40 - [MESSAGE][PASSED] - Keys 'DOWN + ' sent to object: 'Object Repository/Objects.HighlightElements/input_field_index'

2020-06-08 13:36:40 - [TEST_STEP][PASSED] - delay(DelayTime): Delayed 5 second(s)

2020-06-08 13:36:45 - [MESSAGE][PASSED] - Delayed 5 second(s)

2020-06-08 13:36:45 - [TEST_STEP][PASSED] - sendKeys(NewInputNmField, Keys.chord(ENTER)): Keys 'ENTER + ' sent to object: 'Object Repository/Objects.HighlightElements/input_field_index'

2020-06-08 13:36:45 - [MESSAGE][PASSED] - Keys 'ENTER + ' sent to object: 'Object Repository/Objects.HighlightElements/input_field_index'

2020-06-08 13:36:45 - [TEST_STEP][PASSED] - ComboBoxValue = getAttribute(NewInputNmField, "value"): Attribute 'value' of object 'Object Repository/Objects.HighlightElements/input_field_index' is: 'Kaliannan Thanabal (KALIANN)'

2020-06-08 13:36:45 - [MESSAGE][PASSED] - Attribute 'value' of object 'Object Repository/Objects.HighlightElements/input_field_index' is: 'Kaliannan Thanabal (KALIANN)'

2020-06-08 13:36:45 - [TEST_STEP][PASSED] - callTestCase(findTestCase(CallTCName), ["FindValue":ComboBoxValue, "DropdownNm":comboNm], STOP_ON_FAILURE): Call Test Case 'Test Cases/PFI Precision and Scale/HashMap Tables/OfficerLists' successfully

2020-06-08 13:36:45 - [TEST_CASE][PASSED] - Test Cases/PFI Precision and Scale/HashMap Tables/OfficerLists: Test Cases/PFI Precision and Scale/HashMap Tables/OfficerLists

2020-06-08 13:36:45 - [TEST_STEP][PASSED] - Thread.sleep(1000): null

2020-06-08 13:36:46 - [TEST_STEP][PASSED] - OfficerLists = [1:"Aaron Sham Wai Lun (AARON)", 2:"Azidah Bte Akmad (Mdm) (USAABD)", 3:"Chung Fong Nyen (USACFN)", 4:"David Tey Dah Wei (DAHWEI)", ... ]: null

2020-06-08 13:36:46 - [TEST_STEP][PASSED] - ValueFound = OfficerLists.find({ -> ... }): null

2020-06-08 13:36:46 - [MESSAGE][PASSED] - Call Test Case 'Test Cases/PFI Precision and Scale/HashMap Tables/OfficerLists' successfully

2020-06-08 13:36:46 - [TEST_STEP][PASSED] - println(ValueFound): null

2020-06-08 13:36:46 - [TEST_STEP][PASSED] - sendKeys(NewInputNmField, Keys.chord(ARROW_DOWN)): Keys 'DOWN + ' sent to object: 'Object Repository/Objects.HighlightElements/input_field_index'

2020-06-08 13:36:46 - [MESSAGE][PASSED] - Keys 'DOWN + ' sent to object: 'Object Repository/Objects.HighlightElements/input_field_index'

2020-06-08 13:36:46 - [TEST_STEP][PASSED] - sendKeys(NewInputNmField, Keys.chord(ARROW_DOWN)): Keys 'DOWN + ' sent to object: 'Object Repository/Objects.HighlightElements/input_field_index'

2020-06-08 13:36:46 - [MESSAGE][PASSED] - Keys 'DOWN + ' sent to object: 'Object Repository/Objects.HighlightElements/input_field_index'

2020-06-08 13:36:46 - [TEST_STEP][PASSED] - delay(DelayTime): Delayed 5 second(s)

2020-06-08 13:36:51 - [MESSAGE][PASSED] - Delayed 5 second(s)

2020-06-08 13:36:51 - [TEST_STEP][PASSED] - sendKeys(NewInputNmField, Keys.chord(ENTER)): Keys 'ENTER + ' sent to object: 'Object Repository/Objects.HighlightElements/input_field_index'

2020-06-08 13:36:51 - [MESSAGE][PASSED] - Keys 'ENTER + ' sent to object: 'Object Repository/Objects.HighlightElements/input_field_index'

2020-06-08 13:36:51 - [TEST_STEP][PASSED] - ComboBoxValue = getAttribute(NewInputNmField, "value"): Attribute 'value' of object 'Object Repository/Objects.HighlightElements/input_field_index' is: 'Kelvin Phua Meng Thong (MENGTHONG)'

2020-06-08 13:36:51 - [MESSAGE][PASSED] - Attribute 'value' of object 'Object Repository/Objects.HighlightElements/input_field_index' is: 'Kelvin Phua Meng Thong (MENGTHONG)'

2020-06-08 13:36:51 - [TEST_STEP][PASSED] - callTestCase(findTestCase(CallTCName), ["FindValue":ComboBoxValue, "DropdownNm":comboNm], STOP_ON_FAILURE): Call Test Case 'Test Cases/PFI Precision and Scale/HashMap Tables/OfficerLists' successfully

2020-06-08 13:36:51 - [TEST_CASE][PASSED] - Test Cases/PFI Precision and Scale/HashMap Tables/OfficerLists: Test Cases/PFI Precision and Scale/HashMap Tables/OfficerLists

2020-06-08 13:36:51 - [TEST_STEP][PASSED] - Thread.sleep(1000): null

2020-06-08 13:36:52 - [TEST_STEP][PASSED] - OfficerLists = [1:"Aaron Sham Wai Lun (AARON)", 2:"Azidah Bte Akmad (Mdm) (USAABD)", 3:"Chung Fong Nyen (USACFN)", 4:"David Tey Dah Wei (DAHWEI)", ... ]: null

2020-06-08 13:36:52 - [TEST_STEP][PASSED] - ValueFound = OfficerLists.find({ -> ... }): null

2020-06-08 13:36:52 - [MESSAGE][PASSED] - Call Test Case 'Test Cases/PFI Precision and Scale/HashMap Tables/OfficerLists' successfully

2020-06-08 13:36:52 - [TEST_STEP][PASSED] - println(ValueFound): null

2020-06-08 13:36:52 - [TEST_STEP][PASSED] - sendKeys(NewInputNmField, Keys.chord(ARROW_DOWN)): Keys 'DOWN + ' sent to object: 'Object Repository/Objects.HighlightElements/input_field_index'

2020-06-08 13:36:53 - [MESSAGE][PASSED] - Keys 'DOWN + ' sent to object: 'Object Repository/Objects.HighlightElements/input_field_index'

2020-06-08 13:36:53 - [TEST_STEP][PASSED] - sendKeys(NewInputNmField, Keys.chord(ARROW_DOWN)): Keys 'DOWN + ' sent to object: 'Object Repository/Objects.HighlightElements/input_field_index'

2020-06-08 13:36:53 - [MESSAGE][PASSED] - Keys 'DOWN + ' sent to object: 'Object Repository/Objects.HighlightElements/input_field_index'

2020-06-08 13:36:53 - [TEST_STEP][PASSED] - delay(DelayTime): Delayed 5 second(s)

2020-06-08 13:36:58 - [MESSAGE][PASSED] - Delayed 5 second(s)

2020-06-08 13:36:58 - [TEST_STEP][PASSED] - sendKeys(NewInputNmField, Keys.chord(ENTER)): Keys 'ENTER + ' sent to object: 'Object Repository/Objects.HighlightElements/input_field_index'

2020-06-08 13:36:58 - [MESSAGE][PASSED] - Keys 'ENTER + ' sent to object: 'Object Repository/Objects.HighlightElements/input_field_index'

2020-06-08 13:36:58 - [TEST_STEP][PASSED] - ComboBoxValue = getAttribute(NewInputNmField, "value"): Attribute 'value' of object 'Object Repository/Objects.HighlightElements/input_field_index' is: 'Lee Kok Tien (USAKTL)'

2020-06-08 13:36:58 - [MESSAGE][PASSED] - Attribute 'value' of object 'Object Repository/Objects.HighlightElements/input_field_index' is: 'Lee Kok Tien (USAKTL)'

2020-06-08 13:36:58 - [TEST_STEP][PASSED] - callTestCase(findTestCase(CallTCName), ["FindValue":ComboBoxValue, "DropdownNm":comboNm], STOP_ON_FAILURE): Call Test Case 'Test Cases/PFI Precision and Scale/HashMap Tables/OfficerLists' successfully

2020-06-08 13:36:58 - [TEST_CASE][PASSED] - Test Cases/PFI Precision and Scale/HashMap Tables/OfficerLists: Test Cases/PFI Precision and Scale/HashMap Tables/OfficerLists

2020-06-08 13:36:58 - [TEST_STEP][PASSED] - Thread.sleep(1000): null

2020-06-08 13:36:59 - [TEST_STEP][PASSED] - OfficerLists = [1:"Aaron Sham Wai Lun (AARON)", 2:"Azidah Bte Akmad (Mdm) (USAABD)", 3:"Chung Fong Nyen (USACFN)", 4:"David Tey Dah Wei (DAHWEI)", ... ]: null

2020-06-08 13:36:59 - [TEST_STEP][PASSED] - ValueFound = OfficerLists.find({ -> ... }): null

2020-06-08 13:36:59 - [MESSAGE][PASSED] - Call Test Case 'Test Cases/PFI Precision and Scale/HashMap Tables/OfficerLists' successfully

2020-06-08 13:36:59 - [TEST_STEP][PASSED] - println(ValueFound): null

2020-06-08 13:36:59 - [TEST_STEP][PASSED] - sendKeys(NewInputNmField, Keys.chord(ARROW_DOWN)): Keys 'DOWN + ' sent to object: 'Object Repository/Objects.HighlightElements/input_field_index'

2020-06-08 13:36:59 - [MESSAGE][PASSED] - Keys 'DOWN + ' sent to object: 'Object Repository/Objects.HighlightElements/input_field_index'

2020-06-08 13:36:59 - [TEST_STEP][PASSED] - sendKeys(NewInputNmField, Keys.chord(ARROW_DOWN)): Keys 'DOWN + ' sent to object: 'Object Repository/Objects.HighlightElements/input_field_index'

2020-06-08 13:36:59 - [MESSAGE][PASSED] - Keys 'DOWN + ' sent to object: 'Object Repository/Objects.HighlightElements/input_field_index'

2020-06-08 13:36:59 - [TEST_STEP][PASSED] - delay(DelayTime): Delayed 5 second(s)

2020-06-08 13:37:04 - [MESSAGE][PASSED] - Delayed 5 second(s)

2020-06-08 13:37:04 - [TEST_STEP][PASSED] - sendKeys(NewInputNmField, Keys.chord(ENTER)): Keys 'ENTER + ' sent to object: 'Object Repository/Objects.HighlightElements/input_field_index'

2020-06-08 13:37:04 - [MESSAGE][PASSED] - Keys 'ENTER + ' sent to object: 'Object Repository/Objects.HighlightElements/input_field_index'

2020-06-08 13:37:04 - [TEST_STEP][PASSED] - ComboBoxValue = getAttribute(NewInputNmField, "value"): Attribute 'value' of object 'Object Repository/Objects.HighlightElements/input_field_index' is: 'Lim Beng Kwee (BENGKWEE)'

2020-06-08 13:37:04 - [MESSAGE][PASSED] - Attribute 'value' of object 'Object Repository/Objects.HighlightElements/input_field_index' is: 'Lim Beng Kwee (BENGKWEE)'

2020-06-08 13:37:04 - [TEST_STEP][PASSED] - callTestCase(findTestCase(CallTCName), ["FindValue":ComboBoxValue, "DropdownNm":comboNm], STOP_ON_FAILURE): Call Test Case 'Test Cases/PFI Precision and Scale/HashMap Tables/OfficerLists' successfully

2020-06-08 13:37:04 - [TEST_CASE][PASSED] - Test Cases/PFI Precision and Scale/HashMap Tables/OfficerLists: Test Cases/PFI Precision and Scale/HashMap Tables/OfficerLists

2020-06-08 13:37:04 - [TEST_STEP][PASSED] - Thread.sleep(1000): null

2020-06-08 13:37:05 - [TEST_STEP][PASSED] - OfficerLists = [1:"Aaron Sham Wai Lun (AARON)", 2:"Azidah Bte Akmad (Mdm) (USAABD)", 3:"Chung Fong Nyen (USACFN)", 4:"David Tey Dah Wei (DAHWEI)", ... ]: null

2020-06-08 13:37:05 - [TEST_STEP][PASSED] - ValueFound = OfficerLists.find({ -> ... }): null

2020-06-08 13:37:05 - [MESSAGE][PASSED] - Call Test Case 'Test Cases/PFI Precision and Scale/HashMap Tables/OfficerLists' successfully

2020-06-08 13:37:05 - [TEST_STEP][PASSED] - println(ValueFound): null

2020-06-08 13:37:05 - [TEST_STEP][PASSED] - sendKeys(NewInputNmField, Keys.chord(ARROW_DOWN)): Keys 'DOWN + ' sent to object: 'Object Repository/Objects.HighlightElements/input_field_index'

2020-06-08 13:37:05 - [MESSAGE][PASSED] - Keys 'DOWN + ' sent to object: 'Object Repository/Objects.HighlightElements/input_field_index'

2020-06-08 13:37:05 - [TEST_STEP][PASSED] - sendKeys(NewInputNmField, Keys.chord(ARROW_DOWN)): Keys 'DOWN + ' sent to object: 'Object Repository/Objects.HighlightElements/input_field_index'

2020-06-08 13:37:05 - [MESSAGE][PASSED] - Keys 'DOWN + ' sent to object: 'Object Repository/Objects.HighlightElements/input_field_index'

2020-06-08 13:37:05 - [TEST_STEP][PASSED] - delay(DelayTime): Delayed 5 second(s)

2020-06-08 13:37:10 - [MESSAGE][PASSED] - Delayed 5 second(s)

2020-06-08 13:37:10 - [TEST_STEP][PASSED] - sendKeys(NewInputNmField, Keys.chord(ENTER)): Keys 'ENTER + ' sent to object: 'Object Repository/Objects.HighlightElements/input_field_index'

2020-06-08 13:37:10 - [MESSAGE][PASSED] - Keys 'ENTER + ' sent to object: 'Object Repository/Objects.HighlightElements/input_field_index'

2020-06-08 13:37:10 - [TEST_STEP][PASSED] - ComboBoxValue = getAttribute(NewInputNmField, "value"): Attribute 'value' of object 'Object Repository/Objects.HighlightElements/input_field_index' is: 'Lim Leng Boon (LENGBOON)'

2020-06-08 13:37:10 - [MESSAGE][PASSED] - Attribute 'value' of object 'Object Repository/Objects.HighlightElements/input_field_index' is: 'Lim Leng Boon (LENGBOON)'

2020-06-08 13:37:10 - [TEST_STEP][PASSED] - callTestCase(findTestCase(CallTCName), ["FindValue":ComboBoxValue, "DropdownNm":comboNm], STOP_ON_FAILURE): Call Test Case 'Test Cases/PFI Precision and Scale/HashMap Tables/OfficerLists' successfully

2020-06-08 13:37:10 - [TEST_CASE][PASSED] - Test Cases/PFI Precision and Scale/HashMap Tables/OfficerLists: Test Cases/PFI Precision and Scale/HashMap Tables/OfficerLists

2020-06-08 13:37:10 - [TEST_STEP][PASSED] - Thread.sleep(1000): null

2020-06-08 13:37:11 - [TEST_STEP][PASSED] - OfficerLists = [1:"Aaron Sham Wai Lun (AARON)", 2:"Azidah Bte Akmad (Mdm) (USAABD)", 3:"Chung Fong Nyen (USACFN)", 4:"David Tey Dah Wei (DAHWEI)", ... ]: null

2020-06-08 13:37:11 - [TEST_STEP][PASSED] - ValueFound = OfficerLists.find({ -> ... }): null

2020-06-08 13:37:11 - [MESSAGE][PASSED] - Call Test Case 'Test Cases/PFI Precision and Scale/HashMap Tables/OfficerLists' successfully

2020-06-08 13:37:11 - [TEST_STEP][PASSED] - println(ValueFound): null

2020-06-08 13:37:11 - [TEST_STEP][PASSED] - sendKeys(NewInputNmField, Keys.chord(ARROW_DOWN)): Keys 'DOWN + ' sent to object: 'Object Repository/Objects.HighlightElements/input_field_index'

2020-06-08 13:37:12 - [MESSAGE][PASSED] - Keys 'DOWN + ' sent to object: 'Object Repository/Objects.HighlightElements/input_field_index'

2020-06-08 13:37:12 - [TEST_STEP][PASSED] - sendKeys(NewInputNmField, Keys.chord(ARROW_DOWN)): Keys 'DOWN + ' sent to object: 'Object Repository/Objects.HighlightElements/input_field_index'

2020-06-08 13:37:12 - [MESSAGE][PASSED] - Keys 'DOWN + ' sent to object: 'Object Repository/Objects.HighlightElements/input_field_index'

2020-06-08 13:37:12 - [TEST_STEP][PASSED] - delay(DelayTime): Delayed 5 second(s)

2020-06-08 13:37:17 - [MESSAGE][PASSED] - Delayed 5 second(s)

2020-06-08 13:37:17 - [TEST_STEP][PASSED] - sendKeys(NewInputNmField, Keys.chord(ENTER)): Keys 'ENTER + ' sent to object: 'Object Repository/Objects.HighlightElements/input_field_index'

2020-06-08 13:37:17 - [MESSAGE][PASSED] - Keys 'ENTER + ' sent to object: 'Object Repository/Objects.HighlightElements/input_field_index'

2020-06-08 13:37:17 - [TEST_STEP][PASSED] - ComboBoxValue = getAttribute(NewInputNmField, "value"): Attribute 'value' of object 'Object Repository/Objects.HighlightElements/input_field_index' is: 'Liu Xiaopeng (XIAOPENG)'

2020-06-08 13:37:17 - [MESSAGE][PASSED] - Attribute 'value' of object 'Object Repository/Objects.HighlightElements/input_field_index' is: 'Liu Xiaopeng (XIAOPENG)'

2020-06-08 13:37:17 - [TEST_STEP][PASSED] - callTestCase(findTestCase(CallTCName), ["FindValue":ComboBoxValue, "DropdownNm":comboNm], STOP_ON_FAILURE): Call Test Case 'Test Cases/PFI Precision and Scale/HashMap Tables/OfficerLists' successfully

2020-06-08 13:37:17 - [TEST_CASE][PASSED] - Test Cases/PFI Precision and Scale/HashMap Tables/OfficerLists: Test Cases/PFI Precision and Scale/HashMap Tables/OfficerLists

2020-06-08 13:37:17 - [TEST_STEP][PASSED] - Thread.sleep(1000): null

2020-06-08 13:37:18 - [TEST_STEP][PASSED] - OfficerLists = [1:"Aaron Sham Wai Lun (AARON)", 2:"Azidah Bte Akmad (Mdm) (USAABD)", 3:"Chung Fong Nyen (USACFN)", 4:"David Tey Dah Wei (DAHWEI)", ... ]: null

2020-06-08 13:37:18 - [TEST_STEP][PASSED] - ValueFound = OfficerLists.find({ -> ... }): null

2020-06-08 13:37:18 - [MESSAGE][PASSED] - Call Test Case 'Test Cases/PFI Precision and Scale/HashMap Tables/OfficerLists' successfully

2020-06-08 13:37:18 - [TEST_STEP][PASSED] - println(ValueFound): null

2020-06-08 13:37:18 - [TEST_STEP][PASSED] - sendKeys(NewInputNmField, Keys.chord(ARROW_DOWN)): Keys 'DOWN + ' sent to object: 'Object Repository/Objects.HighlightElements/input_field_index'

2020-06-08 13:37:18 - [MESSAGE][PASSED] - Keys 'DOWN + ' sent to object: 'Object Repository/Objects.HighlightElements/input_field_index'

2020-06-08 13:37:18 - [TEST_STEP][PASSED] - sendKeys(NewInputNmField, Keys.chord(ARROW_DOWN)): Keys 'DOWN + ' sent to object: 'Object Repository/Objects.HighlightElements/input_field_index'

2020-06-08 13:37:18 - [MESSAGE][PASSED] - Keys 'DOWN + ' sent to object: 'Object Repository/Objects.HighlightElements/input_field_index'

2020-06-08 13:37:18 - [TEST_STEP][PASSED] - delay(DelayTime): Delayed 5 second(s)

2020-06-08 13:37:23 - [MESSAGE][PASSED] - Delayed 5 second(s)

2020-06-08 13:37:23 - [TEST_STEP][PASSED] - sendKeys(NewInputNmField, Keys.chord(ENTER)): Keys 'ENTER + ' sent to object: 'Object Repository/Objects.HighlightElements/input_field_index'

2020-06-08 13:37:23 - [MESSAGE][PASSED] - Keys 'ENTER + ' sent to object: 'Object Repository/Objects.HighlightElements/input_field_index'

2020-06-08 13:37:23 - [TEST_STEP][PASSED] - ComboBoxValue = getAttribute(NewInputNmField, "value"): Attribute 'value' of object 'Object Repository/Objects.HighlightElements/input_field_index' is: 'Lu Ji Ju (Mdm) (USALJJ)'

2020-06-08 13:37:23 - [MESSAGE][PASSED] - Attribute 'value' of object 'Object Repository/Objects.HighlightElements/input_field_index' is: 'Lu Ji Ju (Mdm) (USALJJ)'

2020-06-08 13:37:23 - [TEST_STEP][PASSED] - callTestCase(findTestCase(CallTCName), ["FindValue":ComboBoxValue, "DropdownNm":comboNm], STOP_ON_FAILURE): Call Test Case 'Test Cases/PFI Precision and Scale/HashMap Tables/OfficerLists' successfully

2020-06-08 13:37:23 - [TEST_CASE][PASSED] - Test Cases/PFI Precision and Scale/HashMap Tables/OfficerLists: Test Cases/PFI Precision and Scale/HashMap Tables/OfficerLists

2020-06-08 13:37:23 - [TEST_STEP][PASSED] - Thread.sleep(1000): null

2020-06-08 13:37:24 - [TEST_STEP][PASSED] - OfficerLists = [1:"Aaron Sham Wai Lun (AARON)", 2:"Azidah Bte Akmad (Mdm) (USAABD)", 3:"Chung Fong Nyen (USACFN)", 4:"David Tey Dah Wei (DAHWEI)", ... ]: null

2020-06-08 13:37:24 - [TEST_STEP][PASSED] - ValueFound = OfficerLists.find({ -> ... }): null

2020-06-08 13:37:24 - [MESSAGE][PASSED] - Call Test Case 'Test Cases/PFI Precision and Scale/HashMap Tables/OfficerLists' successfully

2020-06-08 13:37:24 - [TEST_STEP][PASSED] - println(ValueFound): null

2020-06-08 13:37:24 - [TEST_STEP][PASSED] - sendKeys(NewInputNmField, Keys.chord(ARROW_DOWN)): Keys 'DOWN + ' sent to object: 'Object Repository/Objects.HighlightElements/input_field_index'

2020-06-08 13:37:24 - [MESSAGE][PASSED] - Keys 'DOWN + ' sent to object: 'Object Repository/Objects.HighlightElements/input_field_index'

2020-06-08 13:37:24 - [TEST_STEP][PASSED] - sendKeys(NewInputNmField, Keys.chord(ARROW_DOWN)): Keys 'DOWN + ' sent to object: 'Object Repository/Objects.HighlightElements/input_field_index'

2020-06-08 13:37:24 - [MESSAGE][PASSED] - Keys 'DOWN + ' sent to object: 'Object Repository/Objects.HighlightElements/input_field_index'

2020-06-08 13:37:24 - [TEST_STEP][PASSED] - delay(DelayTime): Delayed 5 second(s)

2020-06-08 13:37:29 - [MESSAGE][PASSED] - Delayed 5 second(s)

2020-06-08 13:37:29 - [TEST_STEP][PASSED] - sendKeys(NewInputNmField, Keys.chord(ENTER)): Keys 'ENTER + ' sent to object: 'Object Repository/Objects.HighlightElements/input_field_index'

2020-06-08 13:37:29 - [MESSAGE][PASSED] - Keys 'ENTER + ' sent to object: 'Object Repository/Objects.HighlightElements/input_field_index'

2020-06-08 13:37:29 - [TEST_STEP][PASSED] - ComboBoxValue = getAttribute(NewInputNmField, "value"): Attribute 'value' of object 'Object Repository/Objects.HighlightElements/input_field_index' is: 'Mohd Jeffri Bin Abdul Rahim (MOHDJEFFRI)'

2020-06-08 13:37:29 - [MESSAGE][PASSED] - Attribute 'value' of object 'Object Repository/Objects.HighlightElements/input_field_index' is: 'Mohd Jeffri Bin Abdul Rahim (MOHDJEFFRI)'

2020-06-08 13:37:29 - [TEST_STEP][PASSED] - callTestCase(findTestCase(CallTCName), ["FindValue":ComboBoxValue, "DropdownNm":comboNm], STOP_ON_FAILURE): Call Test Case 'Test Cases/PFI Precision and Scale/HashMap Tables/OfficerLists' successfully

2020-06-08 13:37:29 - [TEST_CASE][PASSED] - Test Cases/PFI Precision and Scale/HashMap Tables/OfficerLists: Test Cases/PFI Precision and Scale/HashMap Tables/OfficerLists

2020-06-08 13:37:29 - [TEST_STEP][PASSED] - Thread.sleep(1000): null

2020-06-08 13:37:30 - [TEST_STEP][PASSED] - OfficerLists = [1:"Aaron Sham Wai Lun (AARON)", 2:"Azidah Bte Akmad (Mdm) (USAABD)", 3:"Chung Fong Nyen (USACFN)", 4:"David Tey Dah Wei (DAHWEI)", ... ]: null

2020-06-08 13:37:30 - [TEST_STEP][PASSED] - ValueFound = OfficerLists.find({ -> ... }): null

2020-06-08 13:37:30 - [MESSAGE][PASSED] - Call Test Case 'Test Cases/PFI Precision and Scale/HashMap Tables/OfficerLists' successfully

2020-06-08 13:37:30 - [TEST_STEP][PASSED] - println(ValueFound): null

2020-06-08 13:37:30 - [TEST_STEP][PASSED] - sendKeys(NewInputNmField, Keys.chord(ARROW_DOWN)): Keys 'DOWN + ' sent to object: 'Object Repository/Objects.HighlightElements/input_field_index'

2020-06-08 13:37:30 - [MESSAGE][PASSED] - Keys 'DOWN + ' sent to object: 'Object Repository/Objects.HighlightElements/input_field_index'

2020-06-08 13:37:30 - [TEST_STEP][PASSED] - sendKeys(NewInputNmField, Keys.chord(ARROW_DOWN)): Keys 'DOWN + ' sent to object: 'Object Repository/Objects.HighlightElements/input_field_index'

2020-06-08 13:37:30 - [MESSAGE][PASSED] - Keys 'DOWN + ' sent to object: 'Object Repository/Objects.HighlightElements/input_field_index'

2020-06-08 13:37:30 - [TEST_STEP][PASSED] - delay(DelayTime): Delayed 5 second(s)

2020-06-08 13:37:35 - [MESSAGE][PASSED] - Delayed 5 second(s)

2020-06-08 13:37:35 - [TEST_STEP][PASSED] - sendKeys(NewInputNmField, Keys.chord(ENTER)): Keys 'ENTER + ' sent to object: 'Object Repository/Objects.HighlightElements/input_field_index'

2020-06-08 13:37:36 - [MESSAGE][PASSED] - Keys 'ENTER + ' sent to object: 'Object Repository/Objects.HighlightElements/input_field_index'

2020-06-08 13:37:36 - [TEST_STEP][PASSED] - ComboBoxValue = getAttribute(NewInputNmField, "value"): Attribute 'value' of object 'Object Repository/Objects.HighlightElements/input_field_index' is: 'Richard Lim Fang Ping (FANGPING)'

2020-06-08 13:37:36 - [MESSAGE][PASSED] - Attribute 'value' of object 'Object Repository/Objects.HighlightElements/input_field_index' is: 'Richard Lim Fang Ping (FANGPING)'

2020-06-08 13:37:36 - [TEST_STEP][PASSED] - callTestCase(findTestCase(CallTCName), ["FindValue":ComboBoxValue, "DropdownNm":comboNm], STOP_ON_FAILURE): Call Test Case 'Test Cases/PFI Precision and Scale/HashMap Tables/OfficerLists' successfully

2020-06-08 13:37:36 - [TEST_CASE][PASSED] - Test Cases/PFI Precision and Scale/HashMap Tables/OfficerLists: Test Cases/PFI Precision and Scale/HashMap Tables/OfficerLists

2020-06-08 13:37:36 - [TEST_STEP][PASSED] - Thread.sleep(1000): null

2020-06-08 13:37:37 - [TEST_STEP][PASSED] - OfficerLists = [1:"Aaron Sham Wai Lun (AARON)", 2:"Azidah Bte Akmad (Mdm) (USAABD)", 3:"Chung Fong Nyen (USACFN)", 4:"David Tey Dah Wei (DAHWEI)", ... ]: null

2020-06-08 13:37:37 - [TEST_STEP][PASSED] - ValueFound = OfficerLists.find({ -> ... }): null

2020-06-08 13:37:37 - [MESSAGE][PASSED] - Call Test Case 'Test Cases/PFI Precision and Scale/HashMap Tables/OfficerLists' successfully

2020-06-08 13:37:37 - [TEST_STEP][PASSED] - println(ValueFound): null

2020-06-08 13:37:37 - [TEST_STEP][PASSED] - sendKeys(NewInputNmField, Keys.chord(ARROW_DOWN)): Keys 'DOWN + ' sent to object: 'Object Repository/Objects.HighlightElements/input_field_index'

2020-06-08 13:37:37 - [MESSAGE][PASSED] - Keys 'DOWN + ' sent to object: 'Object Repository/Objects.HighlightElements/input_field_index'

2020-06-08 13:37:37 - [TEST_STEP][PASSED] - sendKeys(NewInputNmField, Keys.chord(ARROW_DOWN)): Keys 'DOWN + ' sent to object: 'Object Repository/Objects.HighlightElements/input_field_index'

2020-06-08 13:37:37 - [MESSAGE][PASSED] - Keys 'DOWN + ' sent to object: 'Object Repository/Objects.HighlightElements/input_field_index'

2020-06-08 13:37:37 - [TEST_STEP][PASSED] - delay(DelayTime): Delayed 5 second(s)

2020-06-08 13:37:42 - [MESSAGE][PASSED] - Delayed 5 second(s)

2020-06-08 13:37:42 - [TEST_STEP][PASSED] - sendKeys(NewInputNmField, Keys.chord(ENTER)): Keys 'ENTER + ' sent to object: 'Object Repository/Objects.HighlightElements/input_field_index'

2020-06-08 13:37:42 - [MESSAGE][PASSED] - Keys 'ENTER + ' sent to object: 'Object Repository/Objects.HighlightElements/input_field_index'

2020-06-08 13:37:42 - [TEST_STEP][PASSED] - ComboBoxValue = getAttribute(NewInputNmField, "value"): Attribute 'value' of object 'Object Repository/Objects.HighlightElements/input_field_index' is: 'RITA WONG SIONG ING (RITAWONG)'

2020-06-08 13:37:42 - [MESSAGE][PASSED] - Attribute 'value' of object 'Object Repository/Objects.HighlightElements/input_field_index' is: 'RITA WONG SIONG ING (RITAWONG)'

2020-06-08 13:37:42 - [TEST_STEP][PASSED] - callTestCase(findTestCase(CallTCName), ["FindValue":ComboBoxValue, "DropdownNm":comboNm], STOP_ON_FAILURE): Call Test Case 'Test Cases/PFI Precision and Scale/HashMap Tables/OfficerLists' successfully

2020-06-08 13:37:42 - [TEST_CASE][PASSED] - Test Cases/PFI Precision and Scale/HashMap Tables/OfficerLists: Test Cases/PFI Precision and Scale/HashMap Tables/OfficerLists

2020-06-08 13:37:42 - [TEST_STEP][PASSED] - Thread.sleep(1000): null

2020-06-08 13:37:43 - [TEST_STEP][PASSED] - OfficerLists = [1:"Aaron Sham Wai Lun (AARON)", 2:"Azidah Bte Akmad (Mdm) (USAABD)", 3:"Chung Fong Nyen (USACFN)", 4:"David Tey Dah Wei (DAHWEI)", ... ]: null

2020-06-08 13:37:43 - [TEST_STEP][PASSED] - ValueFound = OfficerLists.find({ -> ... }): null

2020-06-08 13:37:43 - [MESSAGE][PASSED] - Call Test Case 'Test Cases/PFI Precision and Scale/HashMap Tables/OfficerLists' successfully

2020-06-08 13:37:43 - [TEST_STEP][PASSED] - println(ValueFound): null

2020-06-08 13:37:43 - [TEST_STEP][PASSED] - sendKeys(NewInputNmField, Keys.chord(ARROW_DOWN)): Keys 'DOWN + ' sent to object: 'Object Repository/Objects.HighlightElements/input_field_index'

2020-06-08 13:37:43 - [MESSAGE][PASSED] - Keys 'DOWN + ' sent to object: 'Object Repository/Objects.HighlightElements/input_field_index'

2020-06-08 13:37:43 - [TEST_STEP][PASSED] - sendKeys(NewInputNmField, Keys.chord(ARROW_DOWN)): Keys 'DOWN + ' sent to object: 'Object Repository/Objects.HighlightElements/input_field_index'

2020-06-08 13:37:43 - [MESSAGE][PASSED] - Keys 'DOWN + ' sent to object: 'Object Repository/Objects.HighlightElements/input_field_index'

2020-06-08 13:37:43 - [TEST_STEP][PASSED] - delay(DelayTime): Delayed 5 second(s)

2020-06-08 13:37:48 - [MESSAGE][PASSED] - Delayed 5 second(s)

2020-06-08 13:37:48 - [TEST_STEP][PASSED] - sendKeys(NewInputNmField, Keys.chord(ENTER)): Keys 'ENTER + ' sent to object: 'Object Repository/Objects.HighlightElements/input_field_index'

2020-06-08 13:37:48 - [MESSAGE][PASSED] - Keys 'ENTER + ' sent to object: 'Object Repository/Objects.HighlightElements/input_field_index'

2020-06-08 13:37:48 - [TEST_STEP][PASSED] - ComboBoxValue = getAttribute(NewInputNmField, "value"): Attribute 'value' of object 'Object Repository/Objects.HighlightElements/input_field_index' is: 'Shi Hong Wei (HONGWEI)'

2020-06-08 13:37:48 - [MESSAGE][PASSED] - Attribute 'value' of object 'Object Repository/Objects.HighlightElements/input_field_index' is: 'Shi Hong Wei (HONGWEI)'

2020-06-08 13:37:48 - [TEST_STEP][PASSED] - callTestCase(findTestCase(CallTCName), ["FindValue":ComboBoxValue, "DropdownNm":comboNm], STOP_ON_FAILURE): Call Test Case 'Test Cases/PFI Precision and Scale/HashMap Tables/OfficerLists' successfully

2020-06-08 13:37:48 - [TEST_CASE][PASSED] - Test Cases/PFI Precision and Scale/HashMap Tables/OfficerLists: Test Cases/PFI Precision and Scale/HashMap Tables/OfficerLists

2020-06-08 13:37:48 - [TEST_STEP][PASSED] - Thread.sleep(1000): null

2020-06-08 13:37:49 - [TEST_STEP][PASSED] - OfficerLists = [1:"Aaron Sham Wai Lun (AARON)", 2:"Azidah Bte Akmad (Mdm) (USAABD)", 3:"Chung Fong Nyen (USACFN)", 4:"David Tey Dah Wei (DAHWEI)", ... ]: null

2020-06-08 13:37:49 - [TEST_STEP][PASSED] - ValueFound = OfficerLists.find({ -> ... }): null

2020-06-08 13:37:49 - [MESSAGE][PASSED] - Call Test Case 'Test Cases/PFI Precision and Scale/HashMap Tables/OfficerLists' successfully

2020-06-08 13:37:49 - [TEST_STEP][PASSED] - println(ValueFound): null

2020-06-08 13:37:49 - [TEST_STEP][PASSED] - sendKeys(NewInputNmField, Keys.chord(ARROW_DOWN)): Keys 'DOWN + ' sent to object: 'Object Repository/Objects.HighlightElements/input_field_index'

2020-06-08 13:37:49 - [MESSAGE][PASSED] - Keys 'DOWN + ' sent to object: 'Object Repository/Objects.HighlightElements/input_field_index'

2020-06-08 13:37:49 - [TEST_STEP][PASSED] - sendKeys(NewInputNmField, Keys.chord(ARROW_DOWN)): Keys 'DOWN + ' sent to object: 'Object Repository/Objects.HighlightElements/input_field_index'

2020-06-08 13:37:49 - [MESSAGE][PASSED] - Keys 'DOWN + ' sent to object: 'Object Repository/Objects.HighlightElements/input_field_index'

2020-06-08 13:37:49 - [TEST_STEP][PASSED] - delay(DelayTime): Delayed 5 second(s)

2020-06-08 13:37:54 - [MESSAGE][PASSED] - Delayed 5 second(s)

2020-06-08 13:37:54 - [TEST_STEP][PASSED] - sendKeys(NewInputNmField, Keys.chord(ENTER)): Keys 'ENTER + ' sent to object: 'Object Repository/Objects.HighlightElements/input_field_index'

2020-06-08 13:37:55 - [MESSAGE][PASSED] - Keys 'ENTER + ' sent to object: 'Object Repository/Objects.HighlightElements/input_field_index'

2020-06-08 13:37:55 - [TEST_STEP][PASSED] - ComboBoxValue = getAttribute(NewInputNmField, "value"): Attribute 'value' of object 'Object Repository/Objects.HighlightElements/input_field_index' is: 'Tan Jing Ying (JINGYING)'

2020-06-08 13:37:55 - [MESSAGE][PASSED] - Attribute 'value' of object 'Object Repository/Objects.HighlightElements/input_field_index' is: 'Tan Jing Ying (JINGYING)'

2020-06-08 13:37:55 - [TEST_STEP][PASSED] - callTestCase(findTestCase(CallTCName), ["FindValue":ComboBoxValue, "DropdownNm":comboNm], STOP_ON_FAILURE): Call Test Case 'Test Cases/PFI Precision and Scale/HashMap Tables/OfficerLists' successfully

2020-06-08 13:37:55 - [TEST_CASE][PASSED] - Test Cases/PFI Precision and Scale/HashMap Tables/OfficerLists: Test Cases/PFI Precision and Scale/HashMap Tables/OfficerLists

2020-06-08 13:37:55 - [TEST_STEP][PASSED] - Thread.sleep(1000): null

2020-06-08 13:37:56 - [TEST_STEP][PASSED] - OfficerLists = [1:"Aaron Sham Wai Lun (AARON)", 2:"Azidah Bte Akmad (Mdm) (USAABD)", 3:"Chung Fong Nyen (USACFN)", 4:"David Tey Dah Wei (DAHWEI)", ... ]: null

2020-06-08 13:37:56 - [TEST_STEP][PASSED] - ValueFound = OfficerLists.find({ -> ... }): null

2020-06-08 13:37:56 - [MESSAGE][PASSED] - Call Test Case 'Test Cases/PFI Precision and Scale/HashMap Tables/OfficerLists' successfully

2020-06-08 13:37:56 - [TEST_STEP][PASSED] - println(ValueFound): null

2020-06-08 13:37:56 - [TEST_STEP][PASSED] - sendKeys(NewInputNmField, Keys.chord(ARROW_DOWN)): Keys 'DOWN + ' sent to object: 'Object Repository/Objects.HighlightElements/input_field_index'

2020-06-08 13:37:56 - [MESSAGE][PASSED] - Keys 'DOWN + ' sent to object: 'Object Repository/Objects.HighlightElements/input_field_index'

2020-06-08 13:37:56 - [TEST_STEP][PASSED] - sendKeys(NewInputNmField, Keys.chord(ARROW_DOWN)): Keys 'DOWN + ' sent to object: 'Object Repository/Objects.HighlightElements/input_field_index'

2020-06-08 13:37:56 - [MESSAGE][PASSED] - Keys 'DOWN + ' sent to object: 'Object Repository/Objects.HighlightElements/input_field_index'

2020-06-08 13:37:56 - [TEST_STEP][PASSED] - delay(DelayTime): Delayed 5 second(s)

2020-06-08 13:38:01 - [MESSAGE][PASSED] - Delayed 5 second(s)

2020-06-08 13:38:01 - [TEST_STEP][PASSED] - sendKeys(NewInputNmField, Keys.chord(ENTER)): Keys 'ENTER + ' sent to object: 'Object Repository/Objects.HighlightElements/input_field_index'

2020-06-08 13:38:01 - [MESSAGE][PASSED] - Keys 'ENTER + ' sent to object: 'Object Repository/Objects.HighlightElements/input_field_index'

2020-06-08 13:38:01 - [TEST_STEP][PASSED] - ComboBoxValue = getAttribute(NewInputNmField, "value"): Attribute 'value' of object 'Object Repository/Objects.HighlightElements/input_field_index' is: 'Tan Kwan Joo (KWANJOO)'

2020-06-08 13:38:01 - [MESSAGE][PASSED] - Attribute 'value' of object 'Object Repository/Objects.HighlightElements/input_field_index' is: 'Tan Kwan Joo (KWANJOO)'

2020-06-08 13:38:01 - [TEST_STEP][PASSED] - callTestCase(findTestCase(CallTCName), ["FindValue":ComboBoxValue, "DropdownNm":comboNm], STOP_ON_FAILURE): Call Test Case 'Test Cases/PFI Precision and Scale/HashMap Tables/OfficerLists' successfully

2020-06-08 13:38:01 - [TEST_CASE][PASSED] - Test Cases/PFI Precision and Scale/HashMap Tables/OfficerLists: Test Cases/PFI Precision and Scale/HashMap Tables/OfficerLists

2020-06-08 13:38:01 - [TEST_STEP][PASSED] - Thread.sleep(1000): null

2020-06-08 13:38:02 - [TEST_STEP][PASSED] - OfficerLists = [1:"Aaron Sham Wai Lun (AARON)", 2:"Azidah Bte Akmad (Mdm) (USAABD)", 3:"Chung Fong Nyen (USACFN)", 4:"David Tey Dah Wei (DAHWEI)", ... ]: null

2020-06-08 13:38:02 - [TEST_STEP][PASSED] - ValueFound = OfficerLists.find({ -> ... }): null

2020-06-08 13:38:02 - [MESSAGE][PASSED] - Call Test Case 'Test Cases/PFI Precision and Scale/HashMap Tables/OfficerLists' successfully

2020-06-08 13:38:02 - [TEST_STEP][PASSED] - println(ValueFound): null

2020-06-08 13:38:02 - [TEST_STEP][PASSED] - sendKeys(NewInputNmField, Keys.chord(ARROW_DOWN)): Keys 'DOWN + ' sent to object: 'Object Repository/Objects.HighlightElements/input_field_index'

2020-06-08 13:38:02 - [MESSAGE][PASSED] - Keys 'DOWN + ' sent to object: 'Object Repository/Objects.HighlightElements/input_field_index'

2020-06-08 13:38:02 - [TEST_STEP][PASSED] - sendKeys(NewInputNmField, Keys.chord(ARROW_DOWN)): Keys 'DOWN + ' sent to object: 'Object Repository/Objects.HighlightElements/input_field_index'

2020-06-08 13:38:02 - [MESSAGE][PASSED] - Keys 'DOWN + ' sent to object: 'Object Repository/Objects.HighlightElements/input_field_index'

2020-06-08 13:38:02 - [TEST_STEP][PASSED] - delay(DelayTime): Delayed 5 second(s)

2020-06-08 13:38:07 - [MESSAGE][PASSED] - Delayed 5 second(s)

2020-06-08 13:38:07 - [TEST_STEP][PASSED] - sendKeys(NewInputNmField, Keys.chord(ENTER)): Keys 'ENTER + ' sent to object: 'Object Repository/Objects.HighlightElements/input_field_index'

2020-06-08 13:38:07 - [MESSAGE][PASSED] - Keys 'ENTER + ' sent to object: 'Object Repository/Objects.HighlightElements/input_field_index'

2020-06-08 13:38:07 - [TEST_STEP][PASSED] - ComboBoxValue = getAttribute(NewInputNmField, "value"): Attribute 'value' of object 'Object Repository/Objects.HighlightElements/input_field_index' is: 'Titus Chua Hwa Ping (TITUS)'

2020-06-08 13:38:07 - [MESSAGE][PASSED] - Attribute 'value' of object 'Object Repository/Objects.HighlightElements/input_field_index' is: 'Titus Chua Hwa Ping (TITUS)'

2020-06-08 13:38:07 - [TEST_STEP][PASSED] - callTestCase(findTestCase(CallTCName), ["FindValue":ComboBoxValue, "DropdownNm":comboNm], STOP_ON_FAILURE): Call Test Case 'Test Cases/PFI Precision and Scale/HashMap Tables/OfficerLists' successfully

2020-06-08 13:38:07 - [TEST_CASE][PASSED] - Test Cases/PFI Precision and Scale/HashMap Tables/OfficerLists: Test Cases/PFI Precision and Scale/HashMap Tables/OfficerLists

2020-06-08 13:38:07 - [TEST_STEP][PASSED] - Thread.sleep(1000): null

2020-06-08 13:38:08 - [TEST_STEP][PASSED] - OfficerLists = [1:"Aaron Sham Wai Lun (AARON)", 2:"Azidah Bte Akmad (Mdm) (USAABD)", 3:"Chung Fong Nyen (USACFN)", 4:"David Tey Dah Wei (DAHWEI)", ... ]: null

2020-06-08 13:38:08 - [TEST_STEP][PASSED] - ValueFound = OfficerLists.find({ -> ... }): null

2020-06-08 13:38:08 - [MESSAGE][PASSED] - Call Test Case 'Test Cases/PFI Precision and Scale/HashMap Tables/OfficerLists' successfully

2020-06-08 13:38:08 - [TEST_STEP][PASSED] - println(ValueFound): null

2020-06-08 13:38:08 - [TEST_STEP][PASSED] - sendKeys(NewInputNmField, Keys.chord(ARROW_DOWN)): Keys 'DOWN + ' sent to object: 'Object Repository/Objects.HighlightElements/input_field_index'

2020-06-08 13:38:08 - [MESSAGE][PASSED] - Keys 'DOWN + ' sent to object: 'Object Repository/Objects.HighlightElements/input_field_index'

2020-06-08 13:38:08 - [TEST_STEP][PASSED] - sendKeys(NewInputNmField, Keys.chord(ENTER)): Keys 'ENTER + ' sent to object: 'Object Repository/Objects.HighlightElements/input_field_index'

2020-06-08 13:38:08 - [MESSAGE][PASSED] - Keys 'ENTER + ' sent to object: 'Object Repository/Objects.HighlightElements/input_field_index'

2020-06-08 13:38:08 - [MESSAGE][PASSED] - Call Test Case 'Test Cases/PFI Precision and Scale/PFI Components with Indexing/VerifyDropdownValuesIndex' successfully

2020-06-08 13:38:08 - [TEST_STEP][PASSED] - callTestCase(findTestCase("PFI Precision and Scale/PFI Components with Indexing/VerifyDropdownValuesIndex"), ["FldNm":"gradeType", "index":3, "CallTCName":"PFI Precision and Scale/HashMap Tables/ConstantHashMap", "cmbNm":"GrdType", ... ], STOP_ON_FAILURE): Call Test Case 'Test Cases/PFI Precision and Scale/PFI Components with Indexing/VerifyDropdownValuesIndex' successfully

2020-06-08 13:38:08 - [TEST_CASE][PASSED] - Test Cases/PFI Precision and Scale/PFI Components with Indexing/VerifyDropdownValuesIndex: Test Cases/PFI Precision and Scale/PFI Components with Indexing/VerifyDropdownValuesIndex

2020-06-08 13:38:08 - [TEST_STEP][PASSED] - Thread.sleep(1000): null

2020-06-08 13:38:10 - [TEST_STEP][PASSED] - NewInputNmField = modifyObjectProperty(findTestObject("Object Repository/Objects.HighlightElements/input_field_index"), "xpath", "equals", "(//*[contains(@class,'x-form-text') and (@name='" + FldNm + "')])[" + index + "]", true): Modify property of object successfully

2020-06-08 13:38:10 - [MESSAGE][PASSED] - Modify property of object successfully

2020-06-08 13:38:10 - [TEST_STEP][PASSED] - comboNm = cmbNm: null

2020-06-08 13:38:10 - [TEST_STEP][PASSED] - focus(NewInputNmField): Object: 'Object Repository/Objects.HighlightElements/input_field_index' is focused

2020-06-08 13:38:10 - [MESSAGE][PASSED] - Object: 'Object Repository/Objects.HighlightElements/input_field_index' is focused

2020-06-08 13:38:10 - [TEST_STEP][PASSED] - setText(NewInputNmField, EnterValue): Text '' is set on object 'Object Repository/Objects.HighlightElements/input_field_index'

2020-06-08 13:38:10 - [MESSAGE][PASSED] - Text '' is set on object 'Object Repository/Objects.HighlightElements/input_field_index'

2020-06-08 13:38:10 - [TEST_STEP][PASSED] - for ([i = 1, i <= NoOfVal, (i++)]): Keys 'DOWN + ' sent to object: 'Object Repository/Objects.HighlightElements/input_field_index'

2020-06-08 13:38:10 - [TEST_STEP][PASSED] - sendKeys(NewInputNmField, Keys.chord(ARROW_DOWN)): Keys 'DOWN + ' sent to object: 'Object Repository/Objects.HighlightElements/input_field_index'

2020-06-08 13:38:10 - [MESSAGE][PASSED] - Keys 'DOWN + ' sent to object: 'Object Repository/Objects.HighlightElements/input_field_index'

2020-06-08 13:38:10 - [TEST_STEP][PASSED] - delay(DelayTime): Delayed 2 second(s)

2020-06-08 13:38:12 - [MESSAGE][PASSED] - Delayed 2 second(s)

2020-06-08 13:38:12 - [TEST_STEP][PASSED] - sendKeys(NewInputNmField, Keys.chord(ENTER)): Keys 'ENTER + ' sent to object: 'Object Repository/Objects.HighlightElements/input_field_index'

2020-06-08 13:38:12 - [MESSAGE][PASSED] - Keys 'ENTER + ' sent to object: 'Object Repository/Objects.HighlightElements/input_field_index'

2020-06-08 13:38:12 - [TEST_STEP][PASSED] - ComboBoxValue = getAttribute(NewInputNmField, "value"): Attribute 'value' of object 'Object Repository/Objects.HighlightElements/input_field_index' is: 'A'

2020-06-08 13:38:12 - [MESSAGE][PASSED] - Attribute 'value' of object 'Object Repository/Objects.HighlightElements/input_field_index' is: 'A'

2020-06-08 13:38:12 - [TEST_STEP][PASSED] - callTestCase(findTestCase(CallTCName), ["FindValue":ComboBoxValue, "DropdownNm":comboNm], STOP_ON_FAILURE): Call Test Case 'Test Cases/PFI Precision and Scale/HashMap Tables/ConstantHashMap' successfully

2020-06-08 13:38:12 - [TEST_CASE][PASSED] - Test Cases/PFI Precision and Scale/HashMap Tables/ConstantHashMap: Test Cases/PFI Precision and Scale/HashMap Tables/ConstantHashMap

2020-06-08 13:38:12 - [TEST_STEP][PASSED] - ConstantTBL = [1:["PeriodType":"Working Day(s)"], 2:["PeriodType":"Calendar Day(s)"], 3:["PeriodType":"Month(s)"], 4:["TypeOfLetter":"T1"], ... ]: null

2020-06-08 13:38:12 - [TEST_STEP][PASSED] - switch (DropdownNm): null

2020-06-08 13:38:12 - [TEST_STEP][PASSED] - case "GrdType":: null

2020-06-08 13:38:12 - [TEST_STEP][PASSED] - ValueFound = ConstantTBL.find({ -> ... }): null

2020-06-08 13:38:12 - [TEST_STEP][PASSED] - break: null

2020-06-08 13:38:12 - [MESSAGE][PASSED] - Call Test Case 'Test Cases/PFI Precision and Scale/HashMap Tables/ConstantHashMap' successfully

2020-06-08 13:38:12 - [TEST_STEP][PASSED] - println(ValueFound): null

2020-06-08 13:38:12 - [TEST_STEP][PASSED] - sendKeys(NewInputNmField, Keys.chord(ARROW_DOWN)): Keys 'DOWN + ' sent to object: 'Object Repository/Objects.HighlightElements/input_field_index'

2020-06-08 13:38:12 - [MESSAGE][PASSED] - Keys 'DOWN + ' sent to object: 'Object Repository/Objects.HighlightElements/input_field_index'

2020-06-08 13:38:12 - [TEST_STEP][PASSED] - sendKeys(NewInputNmField, Keys.chord(ARROW_DOWN)): Keys 'DOWN + ' sent to object: 'Object Repository/Objects.HighlightElements/input_field_index'

2020-06-08 13:38:12 - [MESSAGE][PASSED] - Keys 'DOWN + ' sent to object: 'Object Repository/Objects.HighlightElements/input_field_index'

2020-06-08 13:38:12 - [TEST_STEP][PASSED] - delay(DelayTime): Delayed 2 second(s)

2020-06-08 13:38:14 - [MESSAGE][PASSED] - Delayed 2 second(s)

2020-06-08 13:38:14 - [TEST_STEP][PASSED] - sendKeys(NewInputNmField, Keys.chord(ENTER)): Keys 'ENTER + ' sent to object: 'Object Repository/Objects.HighlightElements/input_field_index'

2020-06-08 13:38:14 - [MESSAGE][PASSED] - Keys 'ENTER + ' sent to object: 'Object Repository/Objects.HighlightElements/input_field_index'

2020-06-08 13:38:14 - [TEST_STEP][PASSED] - ComboBoxValue = getAttribute(NewInputNmField, "value"): Attribute 'value' of object 'Object Repository/Objects.HighlightElements/input_field_index' is: 'B'

2020-06-08 13:38:14 - [MESSAGE][PASSED] - Attribute 'value' of object 'Object Repository/Objects.HighlightElements/input_field_index' is: 'B'

2020-06-08 13:38:14 - [TEST_STEP][PASSED] - callTestCase(findTestCase(CallTCName), ["FindValue":ComboBoxValue, "DropdownNm":comboNm], STOP_ON_FAILURE): Call Test Case 'Test Cases/PFI Precision and Scale/HashMap Tables/ConstantHashMap' successfully

2020-06-08 13:38:14 - [TEST_CASE][PASSED] - Test Cases/PFI Precision and Scale/HashMap Tables/ConstantHashMap: Test Cases/PFI Precision and Scale/HashMap Tables/ConstantHashMap

2020-06-08 13:38:14 - [TEST_STEP][PASSED] - ConstantTBL = [1:["PeriodType":"Working Day(s)"], 2:["PeriodType":"Calendar Day(s)"], 3:["PeriodType":"Month(s)"], 4:["TypeOfLetter":"T1"], ... ]: null

2020-06-08 13:38:14 - [TEST_STEP][PASSED] - switch (DropdownNm): null

2020-06-08 13:38:14 - [TEST_STEP][PASSED] - case "GrdType":: null

2020-06-08 13:38:14 - [TEST_STEP][PASSED] - ValueFound = ConstantTBL.find({ -> ... }): null

2020-06-08 13:38:14 - [TEST_STEP][PASSED] - break: null

2020-06-08 13:38:14 - [MESSAGE][PASSED] - Call Test Case 'Test Cases/PFI Precision and Scale/HashMap Tables/ConstantHashMap' successfully

2020-06-08 13:38:14 - [TEST_STEP][PASSED] - println(ValueFound): null

2020-06-08 13:38:14 - [TEST_STEP][PASSED] - sendKeys(NewInputNmField, Keys.chord(ARROW_DOWN)): Keys 'DOWN + ' sent to object: 'Object Repository/Objects.HighlightElements/input_field_index'

2020-06-08 13:38:14 - [MESSAGE][PASSED] - Keys 'DOWN + ' sent to object: 'Object Repository/Objects.HighlightElements/input_field_index'

2020-06-08 13:38:14 - [TEST_STEP][PASSED] - sendKeys(NewInputNmField, Keys.chord(ARROW_DOWN)): Keys 'DOWN + ' sent to object: 'Object Repository/Objects.HighlightElements/input_field_index'

2020-06-08 13:38:14 - [MESSAGE][PASSED] - Keys 'DOWN + ' sent to object: 'Object Repository/Objects.HighlightElements/input_field_index'

2020-06-08 13:38:14 - [TEST_STEP][PASSED] - delay(DelayTime): Delayed 2 second(s)

2020-06-08 13:38:16 - [MESSAGE][PASSED] - Delayed 2 second(s)

2020-06-08 13:38:16 - [TEST_STEP][PASSED] - sendKeys(NewInputNmField, Keys.chord(ENTER)): Keys 'ENTER + ' sent to object: 'Object Repository/Objects.HighlightElements/input_field_index'

2020-06-08 13:38:16 - [MESSAGE][PASSED] - Keys 'ENTER + ' sent to object: 'Object Repository/Objects.HighlightElements/input_field_index'

2020-06-08 13:38:16 - [TEST_STEP][PASSED] - ComboBoxValue = getAttribute(NewInputNmField, "value"): Attribute 'value' of object 'Object Repository/Objects.HighlightElements/input_field_index' is: 'C'

2020-06-08 13:38:17 - [MESSAGE][PASSED] - Attribute 'value' of object 'Object Repository/Objects.HighlightElements/input_field_index' is: 'C'

2020-06-08 13:38:17 - [TEST_STEP][PASSED] - callTestCase(findTestCase(CallTCName), ["FindValue":ComboBoxValue, "DropdownNm":comboNm], STOP_ON_FAILURE): Call Test Case 'Test Cases/PFI Precision and Scale/HashMap Tables/ConstantHashMap' successfully

2020-06-08 13:38:17 - [TEST_CASE][PASSED] - Test Cases/PFI Precision and Scale/HashMap Tables/ConstantHashMap: Test Cases/PFI Precision and Scale/HashMap Tables/ConstantHashMap

2020-06-08 13:38:17 - [TEST_STEP][PASSED] - ConstantTBL = [1:["PeriodType":"Working Day(s)"], 2:["PeriodType":"Calendar Day(s)"], 3:["PeriodType":"Month(s)"], 4:["TypeOfLetter":"T1"], ... ]: null

2020-06-08 13:38:17 - [TEST_STEP][PASSED] - switch (DropdownNm): null

2020-06-08 13:38:17 - [TEST_STEP][PASSED] - case "GrdType":: null

2020-06-08 13:38:17 - [TEST_STEP][PASSED] - ValueFound = ConstantTBL.find({ -> ... }): null

2020-06-08 13:38:17 - [TEST_STEP][PASSED] - break: null

2020-06-08 13:38:17 - [MESSAGE][PASSED] - Call Test Case 'Test Cases/PFI Precision and Scale/HashMap Tables/ConstantHashMap' successfully

2020-06-08 13:38:17 - [TEST_STEP][PASSED] - println(ValueFound): null

2020-06-08 13:38:17 - [TEST_STEP][PASSED] - sendKeys(NewInputNmField, Keys.chord(ARROW_DOWN)): Keys 'DOWN + ' sent to object: 'Object Repository/Objects.HighlightElements/input_field_index'

2020-06-08 13:38:17 - [MESSAGE][PASSED] - Keys 'DOWN + ' sent to object: 'Object Repository/Objects.HighlightElements/input_field_index'

2020-06-08 13:38:17 - [TEST_STEP][PASSED] - sendKeys(NewInputNmField, Keys.chord(ARROW_DOWN)): Keys 'DOWN + ' sent to object: 'Object Repository/Objects.HighlightElements/input_field_index'

2020-06-08 13:38:17 - [MESSAGE][PASSED] - Keys 'DOWN + ' sent to object: 'Object Repository/Objects.HighlightElements/input_field_index'

2020-06-08 13:38:17 - [TEST_STEP][PASSED] - delay(DelayTime): Delayed 2 second(s)

2020-06-08 13:38:19 - [MESSAGE][PASSED] - Delayed 2 second(s)

2020-06-08 13:38:19 - [TEST_STEP][PASSED] - sendKeys(NewInputNmField, Keys.chord(ENTER)): Keys 'ENTER + ' sent to object: 'Object Repository/Objects.HighlightElements/input_field_index'

2020-06-08 13:38:19 - [MESSAGE][PASSED] - Keys 'ENTER + ' sent to object: 'Object Repository/Objects.HighlightElements/input_field_index'

2020-06-08 13:38:19 - [TEST_STEP][PASSED] - ComboBoxValue = getAttribute(NewInputNmField, "value"): Attribute 'value' of object 'Object Repository/Objects.HighlightElements/input_field_index' is: 'D'

2020-06-08 13:38:19 - [MESSAGE][PASSED] - Attribute 'value' of object 'Object Repository/Objects.HighlightElements/input_field_index' is: 'D'

2020-06-08 13:38:19 - [TEST_STEP][PASSED] - callTestCase(findTestCase(CallTCName), ["FindValue":ComboBoxValue, "DropdownNm":comboNm], STOP_ON_FAILURE): Call Test Case 'Test Cases/PFI Precision and Scale/HashMap Tables/ConstantHashMap' successfully

2020-06-08 13:38:19 - [TEST_CASE][PASSED] - Test Cases/PFI Precision and Scale/HashMap Tables/ConstantHashMap: Test Cases/PFI Precision and Scale/HashMap Tables/ConstantHashMap

2020-06-08 13:38:19 - [TEST_STEP][PASSED] - ConstantTBL = [1:["PeriodType":"Working Day(s)"], 2:["PeriodType":"Calendar Day(s)"], 3:["PeriodType":"Month(s)"], 4:["TypeOfLetter":"T1"], ... ]: null

2020-06-08 13:38:19 - [TEST_STEP][PASSED] - switch (DropdownNm): null

2020-06-08 13:38:19 - [TEST_STEP][PASSED] - case "GrdType":: null

2020-06-08 13:38:19 - [TEST_STEP][PASSED] - ValueFound = ConstantTBL.find({ -> ... }): null

2020-06-08 13:38:19 - [TEST_STEP][PASSED] - break: null

2020-06-08 13:38:19 - [MESSAGE][PASSED] - Call Test Case 'Test Cases/PFI Precision and Scale/HashMap Tables/ConstantHashMap' successfully

2020-06-08 13:38:19 - [TEST_STEP][PASSED] - println(ValueFound): null

2020-06-08 13:38:19 - [TEST_STEP][PASSED] - sendKeys(NewInputNmField, Keys.chord(ARROW_DOWN)): Keys 'DOWN + ' sent to object: 'Object Repository/Objects.HighlightElements/input_field_index'

2020-06-08 13:38:19 - [MESSAGE][PASSED] - Keys 'DOWN + ' sent to object: 'Object Repository/Objects.HighlightElements/input_field_index'

2020-06-08 13:38:19 - [TEST_STEP][PASSED] - sendKeys(NewInputNmField, Keys.chord(ENTER)): Keys 'ENTER + ' sent to object: 'Object Repository/Objects.HighlightElements/input_field_index'

2020-06-08 13:38:19 - [MESSAGE][PASSED] - Keys 'ENTER + ' sent to object: 'Object Repository/Objects.HighlightElements/input_field_index'

2020-06-08 13:38:19 - [MESSAGE][PASSED] - Call Test Case 'Test Cases/PFI Precision and Scale/PFI Components with Indexing/VerifyDropdownValuesIndex' successfully

2020-06-08 13:38:19 - [TEST_STEP][NOT_RUN] - callTestCase(findTestCase("Components/Logout"), ["LogoutPageTextToBeVerified":findTestData("ISPS2 Test Data").getValue("HomeBanner", 1)], STOP_ON_FAILURE): NOT_RUN: callTestCase(findTestCase("Components/Logout"), ["LogoutPageTextToBeVerified":findTestData("ISPS2 Test Data").getValue("HomeBanner", 1)], STOP_ON_FAILURE)

2020-06-08 13:38:19 - [MESSAGE][NOT_RUN] - NOT_RUN: callTestCase(findTestCase("Components/Logout"), ["LogoutPageTextToBeVerified":findTestData("ISPS2 Test Data").getValue("HomeBanner", 1)], STOP_ON_FAILURE)]]></system-out>
         <system-err><![CDATA[]]></system-err>
      </testcase>
      <testcase name="Test Cases/PFI Precision and Scale/PFI Test Cases/Process Case (PFI)/PFI.KIVLHS" time="36.509" classname="Test Cases/PFI Precision and Scale/PFI Test Cases/Process Case (PFI)/PFI.KIVLHS" status="PASSED">
         <system-out><![CDATA[2020-06-08 13:38:19 - [TEST_CASE][PASSED] - Test Cases/PFI Precision and Scale/PFI Test Cases/Process Case (PFI)/PFI.KIVLHS: Test Cases/PFI Precision and Scale/PFI Test Cases/Process Case (PFI)/PFI.KIVLHS

2020-06-08 13:38:19 - [TEST_STEP][NOT_RUN] - callTestCase(findTestCase("Components/LoginV2.0"), ["LinkToBeUsed":findTestData("Datatable").getValue("URL", 1), "LoginPageTextToBeVerified":findTestData("Datatable").getValue("HomeBanner", 1), ... ], STOP_ON_FAILURE): NOT_RUN: callTestCase(findTestCase("Components/LoginV2.0"), ["LinkToBeUsed":findTestData("Datatable").getValue("URL", 1), "LoginPageTextToBeVerified":findTestData("Datatable").getValue("HomeBanner", 1), ... ], STOP_ON_FAILURE)

2020-06-08 13:38:19 - [MESSAGE][NOT_RUN] - NOT_RUN: callTestCase(findTestCase("Components/LoginV2.0"), ["LinkToBeUsed":findTestData("Datatable").getValue("URL", 1), "LoginPageTextToBeVerified":findTestData("Datatable").getValue("HomeBanner", 1), ... ], STOP_ON_FAILURE)

2020-06-08 13:38:19 - [TEST_STEP][NOT_RUN] - callTestCase(findTestCase("Components/Filter"), ["taskDescription":"Process Case (SM)"], STOP_ON_FAILURE): NOT_RUN: callTestCase(findTestCase("Components/Filter"), ["taskDescription":"Process Case (SM)"], STOP_ON_FAILURE)

2020-06-08 13:38:19 - [MESSAGE][NOT_RUN] - NOT_RUN: callTestCase(findTestCase("Components/Filter"), ["taskDescription":"Process Case (SM)"], STOP_ON_FAILURE)

2020-06-08 13:38:19 - [TEST_STEP][NOT_RUN] - callTestCase(findTestCase("Components/ClickLinkDependingOnTextAndIndex"), ["linkName":"Process Case (SM)", "index":"1"], STOP_ON_FAILURE): NOT_RUN: callTestCase(findTestCase("Components/ClickLinkDependingOnTextAndIndex"), ["linkName":"Process Case (SM)", "index":"1"], STOP_ON_FAILURE)

2020-06-08 13:38:19 - [MESSAGE][NOT_RUN] - NOT_RUN: callTestCase(findTestCase("Components/ClickLinkDependingOnTextAndIndex"), ["linkName":"Process Case (SM)", "index":"1"], STOP_ON_FAILURE)

2020-06-08 13:38:19 - [TEST_STEP][NOT_RUN] - callTestCase(findTestCase("Components/VerifyPageSuccessfullyLoaded"), ["HeaderName":"Summary"], STOP_ON_FAILURE): NOT_RUN: callTestCase(findTestCase("Components/VerifyPageSuccessfullyLoaded"), ["HeaderName":"Summary"], STOP_ON_FAILURE)

2020-06-08 13:38:19 - [MESSAGE][NOT_RUN] - NOT_RUN: callTestCase(findTestCase("Components/VerifyPageSuccessfullyLoaded"), ["HeaderName":"Summary"], STOP_ON_FAILURE)

2020-06-08 13:38:19 - [TEST_STEP][PASSED] - callTestCase(findTestCase("Components/NavigateToAnyLHS"), ["LHS":"KIV"], STOP_ON_FAILURE): Call Test Case 'Test Cases/Components/NavigateToAnyLHS' successfully

2020-06-08 13:38:19 - [TEST_CASE][PASSED] - Test Cases/Components/NavigateToAnyLHS: Test Cases/Components/NavigateToAnyLHS

2020-06-08 13:38:19 - [TEST_STEP][PASSED] - Thread.sleep(1000): null

2020-06-08 13:38:20 - [TEST_STEP][PASSED] - modifiedLHS = modifyObjectProperty(findTestObject("Objects.NavigateToAnyLHS/Page_ISPS2/LHSToModify"), "text", "equals", LHS, true): Modify property of object successfully

2020-06-08 13:38:20 - [MESSAGE][PASSED] - Modify property of object successfully

2020-06-08 13:38:20 - [TEST_STEP][PASSED] - click(modifiedLHS): Object: 'Object Repository/Objects.NavigateToAnyLHS/Page_ISPS2/LHSToModify' is clicked on

2020-06-08 13:38:20 - [MESSAGE][PASSED] - Object: 'Object Repository/Objects.NavigateToAnyLHS/Page_ISPS2/LHSToModify' is clicked on

2020-06-08 13:38:20 - [TEST_STEP][PASSED] - currentLHS = getText(modifiedLHS): Text of object 'Object Repository/Objects.NavigateToAnyLHS/Page_ISPS2/LHSToModify' is: 'KIV'

2020-06-08 13:38:20 - [MESSAGE][PASSED] - Text of object 'Object Repository/Objects.NavigateToAnyLHS/Page_ISPS2/LHSToModify' is: 'KIV'

2020-06-08 13:38:20 - [TEST_STEP][PASSED] - Thread.sleep(5000): null

2020-06-08 13:38:25 - [MESSAGE][PASSED] - Call Test Case 'Test Cases/Components/NavigateToAnyLHS' successfully

2020-06-08 13:38:25 - [TEST_STEP][PASSED] - callTestCase(findTestCase("Components/VerifyPageSuccessfullyLoaded"), ["HeaderName":"KIV"], STOP_ON_FAILURE): Call Test Case 'Test Cases/Components/VerifyPageSuccessfullyLoaded' successfully

2020-06-08 13:38:26 - [TEST_CASE][PASSED] - Test Cases/Components/VerifyPageSuccessfullyLoaded: Test Cases/Components/VerifyPageSuccessfullyLoaded

2020-06-08 13:38:26 - [TEST_STEP][PASSED] - Thread.sleep(3000): null

2020-06-08 13:38:29 - [TEST_STEP][PASSED] - ModifiedHeaderName = modifyObjectProperty(findTestObject("Objects.VerifyPageSuccessfullyLoaded/PageHeader"), "text", "equals", HeaderName, true): Modify property of object successfully

2020-06-08 13:38:29 - [MESSAGE][PASSED] - Modify property of object successfully

2020-06-08 13:38:29 - [TEST_STEP][PASSED] - verifyElementPresent(ModifiedHeaderName, 30): Object 'Object Repository/Objects.VerifyPageSuccessfullyLoaded/PageHeader' is present

2020-06-08 13:38:29 - [MESSAGE][PASSED] - Object 'Object Repository/Objects.VerifyPageSuccessfullyLoaded/PageHeader' is present

2020-06-08 13:38:29 - [TEST_STEP][PASSED] - com.reusableComponents.HighlightElement.run(ModifiedHeaderName): com.reusableComponents.HighlightElement.run is PASSED

2020-06-08 13:38:29 - [MESSAGE][PASSED] - com.reusableComponents.HighlightElement.run is PASSED

2020-06-08 13:38:29 - [MESSAGE][PASSED] - Call Test Case 'Test Cases/Components/VerifyPageSuccessfullyLoaded' successfully

2020-06-08 13:38:29 - [TEST_STEP][PASSED] - callTestCase(findTestCase("Components/HighlightLabelFieldXPI"), ["LblName":"KIV Case Due Date ", "index":5], STOP_ON_FAILURE): Call Test Case 'Test Cases/Components/HighlightLabelFieldXPI' successfully

2020-06-08 13:38:29 - [TEST_CASE][PASSED] - Test Cases/Components/HighlightLabelFieldXPI: Test Cases/Components/HighlightLabelFieldXPI

2020-06-08 13:38:29 - [TEST_STEP][PASSED] - Thread.sleep(1000): null

2020-06-08 13:38:30 - [TEST_STEP][PASSED] - modifiedLblNm = modifyObjectProperty(findTestObject("Object Repository/Objects.HighlightElements/lblField_index"), "xpath", "equals", "(//*[contains(@class, 'x-form-item-label-inner x-form-item-label-inner-default') and contains(., '" + LblName + "')])[" + index + "]", true): Modify property of object successfully

2020-06-08 13:38:30 - [MESSAGE][PASSED] - Modify property of object successfully

2020-06-08 13:38:30 - [TEST_STEP][PASSED] - com.reusableComponents.HighlightElement.run(modifiedLblNm): com.reusableComponents.HighlightElement.run is PASSED

2020-06-08 13:38:31 - [MESSAGE][PASSED] - com.reusableComponents.HighlightElement.run is PASSED

2020-06-08 13:38:31 - [MESSAGE][PASSED] - Call Test Case 'Test Cases/Components/HighlightLabelFieldXPI' successfully

2020-06-08 13:38:31 - [TEST_STEP][PASSED] - callTestCase(findTestCase("Components/HighlightInputIndexField"), ["InputName":"expiryDate", "index":9], STOP_ON_FAILURE): Call Test Case 'Test Cases/Components/HighlightInputIndexField' successfully

2020-06-08 13:38:31 - [TEST_CASE][PASSED] - Test Cases/Components/HighlightInputIndexField: Test Cases/Components/HighlightInputIndexField

2020-06-08 13:38:31 - [TEST_STEP][PASSED] - Thread.sleep(1000): null

2020-06-08 13:38:32 - [TEST_STEP][PASSED] - modifiedInputFld = modifyObjectProperty(findTestObject("Objects.HighlightElements/input_field_index"), "xpath", "equals", "(//*[contains(@class,'x-form-text') and (@name='" + InputName + "')])[" + index + "]", true): Modify property of object successfully

2020-06-08 13:38:32 - [MESSAGE][PASSED] - Modify property of object successfully

2020-06-08 13:38:32 - [TEST_STEP][PASSED] - com.reusableComponents.HighlightElement.run(modifiedInputFld): com.reusableComponents.HighlightElement.run is PASSED

2020-06-08 13:38:33 - [MESSAGE][PASSED] - com.reusableComponents.HighlightElement.run is PASSED

2020-06-08 13:38:33 - [MESSAGE][PASSED] - Call Test Case 'Test Cases/Components/HighlightInputIndexField' successfully

2020-06-08 13:38:33 - [TEST_STEP][PASSED] - callTestCase(findTestCase("PFI Precision and Scale/PFI Components with Indexing/VerifyDefaultValueIndex"), ["FieldNm":"expiryDate", "index":11], STOP_ON_FAILURE): Call Test Case 'Test Cases/PFI Precision and Scale/PFI Components with Indexing/VerifyDefaultValueIndex' successfully

2020-06-08 13:38:33 - [TEST_CASE][PASSED] - Test Cases/PFI Precision and Scale/PFI Components with Indexing/VerifyDefaultValueIndex: Test Cases/PFI Precision and Scale/PFI Components with Indexing/VerifyDefaultValueIndex

2020-06-08 13:38:33 - [TEST_STEP][PASSED] - Thread.sleep(1000): null

2020-06-08 13:38:34 - [TEST_STEP][PASSED] - DefaultValueHM = ["periodType":"Working Day(s)", "noOfDays":"14", "inspWeight":"1", "inspModule":"PSI", "inspCaseType":"PSI Processing (SM)"]: null

2020-06-08 13:38:34 - [TEST_STEP][PASSED] - NewFieldNm = modifyObjectProperty(findTestObject("Object Repository/Objects.HighlightElements/input_field_index"), "xpath", "equals", "(//*[contains(@name,'" + FieldNm + "')])[" + index + "]", true): Modify property of object successfully

2020-06-08 13:38:34 - [MESSAGE][PASSED] - Modify property of object successfully

2020-06-08 13:38:34 - [TEST_STEP][PASSED] - focus(NewFieldNm): Object: 'Object Repository/Objects.HighlightElements/input_field_index' is focused

2020-06-08 13:38:34 - [MESSAGE][PASSED] - Object: 'Object Repository/Objects.HighlightElements/input_field_index' is focused

2020-06-08 13:38:34 - [TEST_STEP][PASSED] - DefVal = getAttribute(NewFieldNm, "value", STOP_ON_FAILURE): Attribute 'value' of object 'Object Repository/Objects.HighlightElements/input_field_index' is: ''

2020-06-08 13:38:34 - [MESSAGE][PASSED] - Attribute 'value' of object 'Object Repository/Objects.HighlightElements/input_field_index' is: ''

2020-06-08 13:38:34 - [TEST_STEP][PASSED] - switch (FieldNm): null

2020-06-08 13:38:34 - [TEST_STEP][PASSED] - Default: null

2020-06-08 13:38:34 - [TEST_STEP][PASSED] - ExpectedDefVal = DefaultValueHM.get(FieldNm): null

2020-06-08 13:38:34 - [TEST_STEP][PASSED] - if (ExpectedDefVal != null): null

2020-06-08 13:38:34 - [TEST_STEP][PASSED] - else: Actual text '' and expected text '' are matched  using regular expression

2020-06-08 13:38:34 - [TEST_STEP][PASSED] - verifyMatch(DefVal, "", true): Actual text '' and expected text '' are matched  using regular expression

2020-06-08 13:38:34 - [MESSAGE][PASSED] - Actual text '' and expected text '' are matched  using regular expression

2020-06-08 13:38:34 - [TEST_STEP][PASSED] - break: null

2020-06-08 13:38:34 - [MESSAGE][PASSED] - Call Test Case 'Test Cases/PFI Precision and Scale/PFI Components with Indexing/VerifyDefaultValueIndex' successfully

2020-06-08 13:38:34 - [TEST_STEP][PASSED] - callTestCase(findTestCase("PFI Precision and Scale/PFI Components with Indexing/NumericTextboxValidationIndex"), ["nameToBeUsed":"expiryDate", "index":9, "minLen":10], STOP_ON_FAILURE): Call Test Case 'Test Cases/PFI Precision and Scale/PFI Components with Indexing/NumericTextboxValidationIndex' successfully

2020-06-08 13:38:34 - [TEST_CASE][PASSED] - Test Cases/PFI Precision and Scale/PFI Components with Indexing/NumericTextboxValidationIndex: Test Cases/PFI Precision and Scale/PFI Components with Indexing/NumericTextboxValidationIndex

2020-06-08 13:38:34 - [TEST_STEP][PASSED] - Thread.sleep(1000): null

2020-06-08 13:38:35 - [TEST_STEP][PASSED] - Numeric = "0123456789": null

2020-06-08 13:38:35 - [TEST_STEP][PASSED] - AlphaSpecialChar = z) + "`~!@#$%^&*()=_{}|\][;'":,?><"".join(): null

2020-06-08 13:38:35 - [TEST_STEP][PASSED] - RandomNumeric = RandomStringUtils.random(minLen, Numeric.toCharArray()): null

2020-06-08 13:38:35 - [TEST_STEP][PASSED] - RandomString = RandomStringUtils.random(minLen, AlphaSpecialChar): null

2020-06-08 13:38:35 - [TEST_STEP][PASSED] - regexPat = Pattern.compile("^[0-9]+$"): null

2020-06-08 13:38:35 - [TEST_STEP][PASSED] - NewInputNmField = modifyObjectProperty(findTestObject("Object Repository/Objects.HighlightElements/input_field_index"), "xpath", "equals", "(//*[contains(@class,'x-form-text') and (@name='" + nameToBeUsed + "')])[" + index + "]", true): Modify property of object successfully

2020-06-08 13:38:35 - [MESSAGE][PASSED] - Modify property of object successfully

2020-06-08 13:38:35 - [TEST_STEP][PASSED] - focus(NewInputNmField): Object: 'Object Repository/Objects.HighlightElements/input_field_index' is focused

2020-06-08 13:38:35 - [MESSAGE][PASSED] - Object: 'Object Repository/Objects.HighlightElements/input_field_index' is focused

2020-06-08 13:38:35 - [TEST_STEP][PASSED] - setText(NewInputNmField, RandomString): Text 'ZUX~(v#jW#' is set on object 'Object Repository/Objects.HighlightElements/input_field_index'

2020-06-08 13:38:35 - [MESSAGE][PASSED] - Text 'ZUX~(v#jW#' is set on object 'Object Repository/Objects.HighlightElements/input_field_index'

2020-06-08 13:38:35 - [TEST_STEP][PASSED] - GetInputVal = getAttribute(NewInputNmField, "value"): Attribute 'value' of object 'Object Repository/Objects.HighlightElements/input_field_index' is: ''

2020-06-08 13:38:35 - [MESSAGE][PASSED] - Attribute 'value' of object 'Object Repository/Objects.HighlightElements/input_field_index' is: ''

2020-06-08 13:38:35 - [TEST_STEP][PASSED] - if (GetInputVal.contains("e")): null

2020-06-08 13:38:35 - [TEST_STEP][PASSED] - else: Actual text '' and expected text '' are matched  using regular expression

2020-06-08 13:38:35 - [TEST_STEP][PASSED] - verifyMatch(GetInputVal, "", true): Actual text '' and expected text '' are matched  using regular expression

2020-06-08 13:38:35 - [MESSAGE][PASSED] - Actual text '' and expected text '' are matched  using regular expression

2020-06-08 13:38:35 - [TEST_STEP][PASSED] - setText(NewInputNmField, RandomNumeric): Text '4553341828' is set on object 'Object Repository/Objects.HighlightElements/input_field_index'

2020-06-08 13:38:35 - [MESSAGE][PASSED] - Text '4553341828' is set on object 'Object Repository/Objects.HighlightElements/input_field_index'

2020-06-08 13:38:35 - [TEST_STEP][PASSED] - GetEnteredIntegers = getAttribute(NewInputNmField, "value"): Attribute 'value' of object 'Object Repository/Objects.HighlightElements/input_field_index' is: '4553341828'

2020-06-08 13:38:36 - [MESSAGE][PASSED] - Attribute 'value' of object 'Object Repository/Objects.HighlightElements/input_field_index' is: '4553341828'

2020-06-08 13:38:36 - [TEST_STEP][PASSED] - matchStr = regexPat.matcher(GetEnteredIntegers): null

2020-06-08 13:38:36 - [TEST_STEP][PASSED] - if (matchStr.matches() == true): Accepting Numeric

2020-06-08 13:38:36 - [TEST_STEP][PASSED] - comment("Accepting Numeric"): Accepting Numeric

2020-06-08 13:38:36 - [MESSAGE][INFO] - Accepting Numeric

2020-06-08 13:38:36 - [MESSAGE][PASSED] - Call Test Case 'Test Cases/PFI Precision and Scale/PFI Components with Indexing/NumericTextboxValidationIndex' successfully

2020-06-08 13:38:36 - [TEST_STEP][PASSED] - callTestCase(findTestCase("PFI Precision and Scale/PFI Components with Indexing/InvalidDateErrorValidationIndex"), ["FldNm":"expiryDate", "index":9], STOP_ON_FAILURE): Call Test Case 'Test Cases/PFI Precision and Scale/PFI Components with Indexing/InvalidDateErrorValidationIndex' successfully

2020-06-08 13:38:36 - [TEST_CASE][PASSED] - Test Cases/PFI Precision and Scale/PFI Components with Indexing/InvalidDateErrorValidationIndex: Test Cases/PFI Precision and Scale/PFI Components with Indexing/InvalidDateErrorValidationIndex

2020-06-08 13:38:36 - [TEST_STEP][PASSED] - Thread.sleep(1000): null

2020-06-08 13:38:37 - [TEST_STEP][PASSED] - DateFieldNm = modifyObjectProperty(findTestObject("Object Repository/Objects.HighlightElements/input_field_index"), "xpath", "equals", "(//*[contains(@class,'x-form-text') and (@name='" + FldNm + "')])[" + index + "]", true): Modify property of object successfully

2020-06-08 13:38:37 - [MESSAGE][PASSED] - Modify property of object successfully

2020-06-08 13:38:37 - [TEST_STEP][PASSED] - focus(DateFieldNm): Object: 'Object Repository/Objects.HighlightElements/input_field_index' is focused

2020-06-08 13:38:37 - [MESSAGE][PASSED] - Object: 'Object Repository/Objects.HighlightElements/input_field_index' is focused

2020-06-08 13:38:37 - [TEST_STEP][PASSED] - getInputInvalidDate = getAttribute(DateFieldNm, "value"): Attribute 'value' of object 'Object Repository/Objects.HighlightElements/input_field_index' is: '4553341828'

2020-06-08 13:38:37 - [MESSAGE][PASSED] - Attribute 'value' of object 'Object Repository/Objects.HighlightElements/input_field_index' is: '4553341828'

2020-06-08 13:38:37 - [TEST_STEP][PASSED] - mouseOver(DateFieldNm): Object: 'Object Repository/Objects.HighlightElements/input_field_index' is hovered

2020-06-08 13:38:37 - [MESSAGE][PASSED] - Object: 'Object Repository/Objects.HighlightElements/input_field_index' is hovered

2020-06-08 13:38:37 - [TEST_STEP][PASSED] - getErrMsg = getAttribute(DateFieldNm, "data-errorqtip"): Attribute 'data-errorqtip' of object 'Object Repository/Objects.HighlightElements/input_field_index' is: '<ul class="x-list-plain"><li>4553341828 is not a valid date - it must be in the format d/m/Y</li></ul>'

2020-06-08 13:38:37 - [MESSAGE][PASSED] - Attribute 'data-errorqtip' of object 'Object Repository/Objects.HighlightElements/input_field_index' is: '<ul class="x-list-plain"><li>4553341828 is not a valid date - it must be in the format d/m/Y</li></ul>'

2020-06-08 13:38:37 - [TEST_STEP][PASSED] - getTotalLength = getErrMsg.length(): null

2020-06-08 13:38:37 - [TEST_STEP][PASSED] - RemoveULClass = getErrMsg.substring(29, getTotalLength): null

2020-06-08 13:38:37 - [TEST_STEP][PASSED] - LengthNoUlClass = RemoveULClass.length() - 10: null

2020-06-08 13:38:37 - [TEST_STEP][PASSED] - ToolTipInvErrMsg = RemoveULClass.substring(0, LengthNoUlClass): null

2020-06-08 13:38:37 - [TEST_STEP][PASSED] - ExpectedInvalidErrMsg = concatenate(getInputInvalidDate, " ", NotValidDt): Concatenated string array: '['4553341828',' ','is not a valid date - it must be in the format d/m/Y']' into '4553341828 is not a valid date - it must be in the format d/m/Y'

2020-06-08 13:38:37 - [MESSAGE][PASSED] - Concatenated string array: '['4553341828',' ','is not a valid date - it must be in the format d/m/Y']' into '4553341828 is not a valid date - it must be in the format d/m/Y'

2020-06-08 13:38:37 - [TEST_STEP][PASSED] - verifyMatch(ToolTipInvErrMsg, ExpectedInvalidErrMsg, true): Actual text '4553341828 is not a valid date - it must be in the format d/m/Y' and expected text '4553341828 is not a valid date - it must be in the format d/m/Y' are matched  using regular expression

2020-06-08 13:38:37 - [MESSAGE][PASSED] - Actual text '4553341828 is not a valid date - it must be in the format d/m/Y' and expected text '4553341828 is not a valid date - it must be in the format d/m/Y' are matched  using regular expression

2020-06-08 13:38:37 - [MESSAGE][PASSED] - Call Test Case 'Test Cases/PFI Precision and Scale/PFI Components with Indexing/InvalidDateErrorValidationIndex' successfully

2020-06-08 13:38:37 - [TEST_STEP][PASSED] - callTestCase(findTestCase("PFI Precision and Scale/PFI Components with Indexing/SelectDayInDatePickerWithIndexII"), ["FldNm":"expiryDate", "SelectCurrentDay":"18", "index":1, "idx":9], STOP_ON_FAILURE): Call Test Case 'Test Cases/PFI Precision and Scale/PFI Components with Indexing/SelectDayInDatePickerWithIndexII' successfully

2020-06-08 13:38:37 - [TEST_CASE][PASSED] - Test Cases/PFI Precision and Scale/PFI Components with Indexing/SelectDayInDatePickerWithIndexII: Test Cases/PFI Precision and Scale/PFI Components with Indexing/SelectDayInDatePickerWithIndexII

2020-06-08 13:38:37 - [TEST_STEP][PASSED] - Thread.sleep(1000): null

2020-06-08 13:38:38 - [TEST_STEP][PASSED] - DateInputFld = modifyObjectProperty(findTestObject("Objects.HighlightElements/input_field_index"), "xpath", "equals", "(//*[contains(@class,'x-form-text') and (@name='" + FldNm + "')])[" + idx + "]", true): Modify property of object successfully

2020-06-08 13:38:38 - [MESSAGE][PASSED] - Modify property of object successfully

2020-06-08 13:38:38 - [TEST_STEP][PASSED] - ModifiedDay = modifyObjectProperty(findTestObject("Objects.DateValidation/Page_ISPS2/Select_Day_Index"), "xpath", "equals", "(//*[contains(@class, 'x-datepicker-date') and (text() = '" + SelectCurrentDay + "')])[" + index + "]", true): Modify property of object successfully

2020-06-08 13:38:38 - [MESSAGE][PASSED] - Modify property of object successfully

2020-06-08 13:38:38 - [TEST_STEP][PASSED] - sendKeys(DateInputFld, Keys.chord(ARROW_DOWN)): Keys 'DOWN + ' sent to object: 'Object Repository/Objects.HighlightElements/input_field_index'

2020-06-08 13:38:38 - [MESSAGE][PASSED] - Keys 'DOWN + ' sent to object: 'Object Repository/Objects.HighlightElements/input_field_index'

2020-06-08 13:38:38 - [TEST_STEP][PASSED] - com.reusableComponents.HighlightElement.run(ModifiedDay): com.reusableComponents.HighlightElement.run is PASSED

2020-06-08 13:38:39 - [MESSAGE][PASSED] - com.reusableComponents.HighlightElement.run is PASSED

2020-06-08 13:38:39 - [TEST_STEP][PASSED] - delay(1): Delayed 1 second(s)

2020-06-08 13:38:40 - [MESSAGE][PASSED] - Delayed 1 second(s)

2020-06-08 13:38:40 - [TEST_STEP][PASSED] - click(ModifiedDay): Object: 'Object Repository/Objects.DateValidation/Page_ISPS2/Select_Day_Index' is clicked on

2020-06-08 13:38:40 - [MESSAGE][PASSED] - Object: 'Object Repository/Objects.DateValidation/Page_ISPS2/Select_Day_Index' is clicked on

2020-06-08 13:38:40 - [TEST_STEP][PASSED] - GetError = getAttribute(DateInputFld, "data-errorqtip"): Attribute 'data-errorqtip' of object 'Object Repository/Objects.HighlightElements/input_field_index' is: ''

2020-06-08 13:38:40 - [MESSAGE][PASSED] - Attribute 'data-errorqtip' of object 'Object Repository/Objects.HighlightElements/input_field_index' is: ''

2020-06-08 13:38:40 - [TEST_STEP][PASSED] - if (GetError == ""): null

2020-06-08 13:38:40 - [TEST_STEP][PASSED] - GetEnteredDate = getAttribute(DateInputFld, "value"): Attribute 'value' of object 'Object Repository/Objects.HighlightElements/input_field_index' is: '18/06/2020'

2020-06-08 13:38:40 - [MESSAGE][PASSED] - Attribute 'value' of object 'Object Repository/Objects.HighlightElements/input_field_index' is: '18/06/2020'

2020-06-08 13:38:40 - [TEST_STEP][PASSED] - DatePattern = Pattern.compile("^(1[0-2]|0[1-9])/(3[01]|[12][0-9]|0[1-9])/[0-9]{4}$"): null

2020-06-08 13:38:40 - [TEST_STEP][PASSED] - VerifyDateFormat = DatePattern.matcher(GetEnteredDate): null

2020-06-08 13:38:40 - [TEST_STEP][PASSED] - if (VerifyDateFormat.matches() == true): null

2020-06-08 13:38:40 - [MESSAGE][PASSED] - Call Test Case 'Test Cases/PFI Precision and Scale/PFI Components with Indexing/SelectDayInDatePickerWithIndexII' successfully

2020-06-08 13:38:40 - [TEST_STEP][PASSED] - callTestCase(findTestCase("PFI Precision and Scale/PFI Components with Indexing/SelectTodayInDatePickerIndex"), ["FldNm":"expiryDate", "index":1, "idx":9], STOP_ON_FAILURE): Call Test Case 'Test Cases/PFI Precision and Scale/PFI Components with Indexing/SelectTodayInDatePickerIndex' successfully

2020-06-08 13:38:40 - [TEST_CASE][PASSED] - Test Cases/PFI Precision and Scale/PFI Components with Indexing/SelectTodayInDatePickerIndex: Test Cases/PFI Precision and Scale/PFI Components with Indexing/SelectTodayInDatePickerIndex

2020-06-08 13:38:40 - [TEST_STEP][PASSED] - Thread.sleep(1000): null

2020-06-08 13:38:41 - [TEST_STEP][PASSED] - date = new java.util.Date(): null

2020-06-08 13:38:41 - [TEST_STEP][PASSED] - CurrentDate = new java.text.SimpleDateFormat(dd/MM/yyyy): null

2020-06-08 13:38:41 - [TEST_STEP][PASSED] - TodayDate = CurrentDate.format(date): null

2020-06-08 13:38:41 - [TEST_STEP][PASSED] - DateFieldNm = modifyObjectProperty(findTestObject("Objects.HighlightElements/input_field_index"), "xpath", "equals", "(//*[contains(@class,'x-form-text') and (@name='" + FldNm + "')])[" + idx + "]", true): Modify property of object successfully

2020-06-08 13:38:41 - [MESSAGE][PASSED] - Modify property of object successfully

2020-06-08 13:38:41 - [TEST_STEP][PASSED] - TodayBtn = modifyObjectProperty(findTestObject("Object Repository/Objects.DateValidation/Page_ISPS2/a_Today"), "xpath", "equals", "(//*[text() = 'Today'])[" + index + "]", true): Modify property of object successfully

2020-06-08 13:38:41 - [MESSAGE][PASSED] - Modify property of object successfully

2020-06-08 13:38:41 - [TEST_STEP][PASSED] - sendKeys(DateFieldNm, Keys.chord(ARROW_DOWN)): Keys 'DOWN + ' sent to object: 'Object Repository/Objects.HighlightElements/input_field_index'

2020-06-08 13:38:41 - [MESSAGE][PASSED] - Keys 'DOWN + ' sent to object: 'Object Repository/Objects.HighlightElements/input_field_index'

2020-06-08 13:38:41 - [TEST_STEP][PASSED] - com.reusableComponents.HighlightElement.run(TodayBtn): com.reusableComponents.HighlightElement.run is PASSED

2020-06-08 13:38:42 - [MESSAGE][PASSED] - com.reusableComponents.HighlightElement.run is PASSED

2020-06-08 13:38:42 - [TEST_STEP][PASSED] - click(TodayBtn): Object: 'Object Repository/Objects.DateValidation/Page_ISPS2/a_Today' is clicked on

2020-06-08 13:38:42 - [MESSAGE][PASSED] - Object: 'Object Repository/Objects.DateValidation/Page_ISPS2/a_Today' is clicked on

2020-06-08 13:38:42 - [TEST_STEP][PASSED] - GetEnteredDate = getAttribute(DateFieldNm, "value"): Attribute 'value' of object 'Object Repository/Objects.HighlightElements/input_field_index' is: '08/06/2020'

2020-06-08 13:38:42 - [MESSAGE][PASSED] - Attribute 'value' of object 'Object Repository/Objects.HighlightElements/input_field_index' is: '08/06/2020'

2020-06-08 13:38:42 - [TEST_STEP][PASSED] - verifyMatch(GetEnteredDate, TodayDate, true): Actual text '08/06/2020' and expected text '08/06/2020' are matched  using regular expression

2020-06-08 13:38:42 - [MESSAGE][PASSED] - Actual text '08/06/2020' and expected text '08/06/2020' are matched  using regular expression

2020-06-08 13:38:42 - [MESSAGE][PASSED] - Call Test Case 'Test Cases/PFI Precision and Scale/PFI Components with Indexing/SelectTodayInDatePickerIndex' successfully

2020-06-08 13:38:42 - [TEST_STEP][PASSED] - callTestCase(findTestCase("Components/SelectAllThenDeleteIndex"), ["nameToBeUsed":"expiryDate", "index":9], STOP_ON_FAILURE): Call Test Case 'Test Cases/Components/SelectAllThenDeleteIndex' successfully

2020-06-08 13:38:42 - [TEST_CASE][PASSED] - Test Cases/Components/SelectAllThenDeleteIndex: Test Cases/Components/SelectAllThenDeleteIndex

2020-06-08 13:38:42 - [TEST_STEP][PASSED] - Thread.sleep(1000): null

2020-06-08 13:38:43 - [TEST_STEP][PASSED] - modifiedObj = modifyObjectProperty(findTestObject("Object Repository/Objects.HighlightElements/input_field_index"), "xpath", "equals", "(//*[contains(@class,'x-form-text') and (@name='" + nameToBeUsed + "')])[" + index + "]", true): Modify property of object successfully

2020-06-08 13:38:43 - [MESSAGE][PASSED] - Modify property of object successfully

2020-06-08 13:38:43 - [TEST_STEP][PASSED] - focus(modifiedObj): Object: 'Object Repository/Objects.HighlightElements/input_field_index' is focused

2020-06-08 13:38:43 - [MESSAGE][PASSED] - Object: 'Object Repository/Objects.HighlightElements/input_field_index' is focused

2020-06-08 13:38:43 - [TEST_STEP][PASSED] - sendKeys(modifiedObj, Keys.chord(CONTROL, "a")): Keys 'CONTROL + a' sent to object: 'Object Repository/Objects.HighlightElements/input_field_index'

2020-06-08 13:38:43 - [MESSAGE][PASSED] - Keys 'CONTROL + a' sent to object: 'Object Repository/Objects.HighlightElements/input_field_index'

2020-06-08 13:38:43 - [TEST_STEP][PASSED] - sendKeys(modifiedObj, Keys.chord(DELETE)): Keys 'DELETE + ' sent to object: 'Object Repository/Objects.HighlightElements/input_field_index'

2020-06-08 13:38:43 - [MESSAGE][PASSED] - Keys 'DELETE + ' sent to object: 'Object Repository/Objects.HighlightElements/input_field_index'

2020-06-08 13:38:43 - [MESSAGE][PASSED] - Call Test Case 'Test Cases/Components/SelectAllThenDeleteIndex' successfully

2020-06-08 13:38:43 - [TEST_STEP][PASSED] - callTestCase(findTestCase("PFI Precision and Scale/PFI Components with Indexing/RequiredFieldValidationIndex"), ["nameToBeUsed":"expiryDate", "index":9], STOP_ON_FAILURE): Call Test Case 'Test Cases/PFI Precision and Scale/PFI Components with Indexing/RequiredFieldValidationIndex' successfully

2020-06-08 13:38:43 - [TEST_CASE][PASSED] - Test Cases/PFI Precision and Scale/PFI Components with Indexing/RequiredFieldValidationIndex: Test Cases/PFI Precision and Scale/PFI Components with Indexing/RequiredFieldValidationIndex

2020-06-08 13:38:43 - [TEST_STEP][PASSED] - Thread.sleep(2000): null

2020-06-08 13:38:45 - [TEST_STEP][PASSED] - NewInputNmField = modifyObjectProperty(findTestObject("Objects.HighlightElements/input_field_index"), "xpath", "equals", "(//*[contains(@class,'x-form-text') and (@name='" + nameToBeUsed + "')])[" + index + "]", true): Modify property of object successfully

2020-06-08 13:38:45 - [MESSAGE][PASSED] - Modify property of object successfully

2020-06-08 13:38:45 - [TEST_STEP][PASSED] - mouseOver(NewInputNmField): Object: 'Object Repository/Objects.HighlightElements/input_field_index' is hovered

2020-06-08 13:38:45 - [MESSAGE][PASSED] - Object: 'Object Repository/Objects.HighlightElements/input_field_index' is hovered

2020-06-08 13:38:45 - [TEST_STEP][PASSED] - getRqErrMsg = getAttribute(NewInputNmField, "data-errorqtip"): Attribute 'data-errorqtip' of object 'Object Repository/Objects.HighlightElements/input_field_index' is: '<ul class="x-list-plain"><li>This field is required</li></ul>'

2020-06-08 13:38:45 - [MESSAGE][PASSED] - Attribute 'data-errorqtip' of object 'Object Repository/Objects.HighlightElements/input_field_index' is: '<ul class="x-list-plain"><li>This field is required</li></ul>'

2020-06-08 13:38:45 - [TEST_STEP][PASSED] - strToolTip = getRqErrMsg.substring(29, 61): null

2020-06-08 13:38:45 - [TEST_STEP][PASSED] - toolTipReqErrMsg = strToolTip.substring(0, 22): null

2020-06-08 13:38:45 - [TEST_STEP][PASSED] - verifyMatch(toolTipReqErrMsg, RqField, true): Actual text 'This field is required' and expected text 'This field is required' are matched  using regular expression

2020-06-08 13:38:45 - [MESSAGE][PASSED] - Actual text 'This field is required' and expected text 'This field is required' are matched  using regular expression

2020-06-08 13:38:45 - [MESSAGE][PASSED] - Call Test Case 'Test Cases/PFI Precision and Scale/PFI Components with Indexing/RequiredFieldValidationIndex' successfully

2020-06-08 13:38:45 - [TEST_STEP][PASSED] - callTestCase(findTestCase("Components/HighlightLabelIndexField"), ["LblName":"Remarks:", "index":17], STOP_ON_FAILURE): Call Test Case 'Test Cases/Components/HighlightLabelIndexField' successfully

2020-06-08 13:38:46 - [TEST_CASE][PASSED] - Test Cases/Components/HighlightLabelIndexField: Test Cases/Components/HighlightLabelIndexField

2020-06-08 13:38:46 - [TEST_STEP][PASSED] - Thread.sleep(1000): null

2020-06-08 13:38:47 - [TEST_STEP][PASSED] - modifiedLblNm = modifyObjectProperty(findTestObject("Object Repository/Objects.HighlightElements/lblField_index"), "xpath", "equals", "(//*[contains(@class,'x-form-item-label-inner') and (text()='" + LblName + "')])[" + index + "]", true): Modify property of object successfully

2020-06-08 13:38:47 - [MESSAGE][PASSED] - Modify property of object successfully

2020-06-08 13:38:47 - [TEST_STEP][PASSED] - com.reusableComponents.HighlightElement.run(modifiedLblNm): com.reusableComponents.HighlightElement.run is PASSED

2020-06-08 13:38:47 - [MESSAGE][PASSED] - com.reusableComponents.HighlightElement.run is PASSED

2020-06-08 13:38:47 - [MESSAGE][PASSED] - Call Test Case 'Test Cases/Components/HighlightLabelIndexField' successfully

2020-06-08 13:38:47 - [TEST_STEP][PASSED] - callTestCase(findTestCase("Components/HighlightInputIndexField"), ["InputName":"remarks", "index":7], STOP_ON_FAILURE): Call Test Case 'Test Cases/Components/HighlightInputIndexField' successfully

2020-06-08 13:38:47 - [TEST_CASE][PASSED] - Test Cases/Components/HighlightInputIndexField: Test Cases/Components/HighlightInputIndexField

2020-06-08 13:38:47 - [TEST_STEP][PASSED] - Thread.sleep(1000): null

2020-06-08 13:38:48 - [TEST_STEP][PASSED] - modifiedInputFld = modifyObjectProperty(findTestObject("Objects.HighlightElements/input_field_index"), "xpath", "equals", "(//*[contains(@class,'x-form-text') and (@name='" + InputName + "')])[" + index + "]", true): Modify property of object successfully

2020-06-08 13:38:48 - [MESSAGE][PASSED] - Modify property of object successfully

2020-06-08 13:38:48 - [TEST_STEP][PASSED] - com.reusableComponents.HighlightElement.run(modifiedInputFld): com.reusableComponents.HighlightElement.run is PASSED

2020-06-08 13:38:49 - [MESSAGE][PASSED] - com.reusableComponents.HighlightElement.run is PASSED

2020-06-08 13:38:49 - [MESSAGE][PASSED] - Call Test Case 'Test Cases/Components/HighlightInputIndexField' successfully

2020-06-08 13:38:49 - [TEST_STEP][PASSED] - callTestCase(findTestCase("PFI Precision and Scale/PFI Components with Indexing/VerifyDefaultValueIndex"), ["FieldNm":"remarks", "index":9], STOP_ON_FAILURE): Call Test Case 'Test Cases/PFI Precision and Scale/PFI Components with Indexing/VerifyDefaultValueIndex' successfully

2020-06-08 13:38:49 - [TEST_CASE][PASSED] - Test Cases/PFI Precision and Scale/PFI Components with Indexing/VerifyDefaultValueIndex: Test Cases/PFI Precision and Scale/PFI Components with Indexing/VerifyDefaultValueIndex

2020-06-08 13:38:49 - [TEST_STEP][PASSED] - Thread.sleep(1000): null

2020-06-08 13:38:50 - [TEST_STEP][PASSED] - DefaultValueHM = ["periodType":"Working Day(s)", "noOfDays":"14", "inspWeight":"1", "inspModule":"PSI", "inspCaseType":"PSI Processing (SM)"]: null

2020-06-08 13:38:50 - [TEST_STEP][PASSED] - NewFieldNm = modifyObjectProperty(findTestObject("Object Repository/Objects.HighlightElements/input_field_index"), "xpath", "equals", "(//*[contains(@name,'" + FieldNm + "')])[" + index + "]", true): Modify property of object successfully

2020-06-08 13:38:50 - [MESSAGE][PASSED] - Modify property of object successfully

2020-06-08 13:38:50 - [TEST_STEP][PASSED] - focus(NewFieldNm): Object: 'Object Repository/Objects.HighlightElements/input_field_index' is focused

2020-06-08 13:38:50 - [MESSAGE][PASSED] - Object: 'Object Repository/Objects.HighlightElements/input_field_index' is focused

2020-06-08 13:38:50 - [TEST_STEP][PASSED] - DefVal = getAttribute(NewFieldNm, "value", STOP_ON_FAILURE): Attribute 'value' of object 'Object Repository/Objects.HighlightElements/input_field_index' is: ''

2020-06-08 13:38:50 - [MESSAGE][PASSED] - Attribute 'value' of object 'Object Repository/Objects.HighlightElements/input_field_index' is: ''

2020-06-08 13:38:50 - [TEST_STEP][PASSED] - switch (FieldNm): null

2020-06-08 13:38:50 - [TEST_STEP][PASSED] - Default: null

2020-06-08 13:38:50 - [TEST_STEP][PASSED] - ExpectedDefVal = DefaultValueHM.get(FieldNm): null

2020-06-08 13:38:50 - [TEST_STEP][PASSED] - if (ExpectedDefVal != null): null

2020-06-08 13:38:50 - [TEST_STEP][PASSED] - else: Actual text '' and expected text '' are matched  using regular expression

2020-06-08 13:38:50 - [TEST_STEP][PASSED] - verifyMatch(DefVal, "", true): Actual text '' and expected text '' are matched  using regular expression

2020-06-08 13:38:50 - [MESSAGE][PASSED] - Actual text '' and expected text '' are matched  using regular expression

2020-06-08 13:38:50 - [TEST_STEP][PASSED] - break: null

2020-06-08 13:38:50 - [MESSAGE][PASSED] - Call Test Case 'Test Cases/PFI Precision and Scale/PFI Components with Indexing/VerifyDefaultValueIndex' successfully

2020-06-08 13:38:50 - [TEST_STEP][PASSED] - callTestCase(findTestCase("PFI Precision and Scale/PFI Components with Indexing/AlphaNumericSpecialValidationIndex"), ["FldNm":"remarks", "LenChar":10, "index":7], STOP_ON_FAILURE): Call Test Case 'Test Cases/PFI Precision and Scale/PFI Components with Indexing/AlphaNumericSpecialValidationIndex' successfully

2020-06-08 13:38:50 - [TEST_CASE][PASSED] - Test Cases/PFI Precision and Scale/PFI Components with Indexing/AlphaNumericSpecialValidationIndex: Test Cases/PFI Precision and Scale/PFI Components with Indexing/AlphaNumericSpecialValidationIndex

2020-06-08 13:38:50 - [TEST_STEP][PASSED] - charset = /?><"".join(): null

2020-06-08 13:38:50 - [TEST_STEP][PASSED] - AlphaNumeric = 9).join(): null

2020-06-08 13:38:50 - [TEST_STEP][PASSED] - SpecialChar = "`~!@#$%^&*()-=+_{}|\][;'":,./?><"": null

2020-06-08 13:38:50 - [TEST_STEP][PASSED] - RandomString = RandomStringUtils.random(LenChar, AlphaNumeric.toCharArray()): null

2020-06-08 13:38:50 - [TEST_STEP][PASSED] - RdmSpChar = RandomStringUtils.random(LenChar, SpecialChar): null

2020-06-08 13:38:50 - [TEST_STEP][PASSED] - regexPat = Pattern.compile("^[A-Za-z0-9 ]+$"): null

2020-06-08 13:38:50 - [TEST_STEP][PASSED] - NewInputNmField = modifyObjectProperty(findTestObject("Object Repository/Objects.HighlightElements/input_field_index"), "xpath", "equals", "(//*[contains(@class,'x-form-text') and (@name='" + FldNm + "')])[" + index + "]", true): Modify property of object successfully

2020-06-08 13:38:50 - [MESSAGE][PASSED] - Modify property of object successfully

2020-06-08 13:38:50 - [TEST_STEP][PASSED] - setText(NewInputNmField, RandomString): Text 'xyokQoqJHf' is set on object 'Object Repository/Objects.HighlightElements/input_field_index'

2020-06-08 13:38:50 - [MESSAGE][PASSED] - Text 'xyokQoqJHf' is set on object 'Object Repository/Objects.HighlightElements/input_field_index'

2020-06-08 13:38:50 - [TEST_STEP][PASSED] - RemarksAN = getAttribute(NewInputNmField, "value"): Attribute 'value' of object 'Object Repository/Objects.HighlightElements/input_field_index' is: 'xyokQoqJHf'

2020-06-08 13:38:50 - [MESSAGE][PASSED] - Attribute 'value' of object 'Object Repository/Objects.HighlightElements/input_field_index' is: 'xyokQoqJHf'

2020-06-08 13:38:50 - [TEST_STEP][PASSED] - matchStr = regexPat.matcher(RemarksAN): null

2020-06-08 13:38:50 - [TEST_STEP][PASSED] - if (matchStr.matches() == true): Accepting Alphanumeric

2020-06-08 13:38:50 - [TEST_STEP][PASSED] - comment("Accepting Alphanumeric"): Accepting Alphanumeric

2020-06-08 13:38:50 - [MESSAGE][INFO] - Accepting Alphanumeric

2020-06-08 13:38:50 - [TEST_STEP][PASSED] - setText(NewInputNmField, RdmSpChar): Text '".`)_+")"<' is set on object 'Object Repository/Objects.HighlightElements/input_field_index'

2020-06-08 13:38:50 - [MESSAGE][PASSED] - Text '".`)_+")"<' is set on object 'Object Repository/Objects.HighlightElements/input_field_index'

2020-06-08 13:38:50 - [TEST_STEP][PASSED] - RemarksSpChar = getAttribute(NewInputNmField, "value"): Attribute 'value' of object 'Object Repository/Objects.HighlightElements/input_field_index' is: '".`)_+")"<'

2020-06-08 13:38:50 - [MESSAGE][PASSED] - Attribute 'value' of object 'Object Repository/Objects.HighlightElements/input_field_index' is: '".`)_+")"<'

2020-06-08 13:38:50 - [TEST_STEP][PASSED] - matchSp = regexPat.matcher(RemarksSpChar): null

2020-06-08 13:38:50 - [TEST_STEP][PASSED] - if (matchSp.matches() == false): Accepting Special Characters

2020-06-08 13:38:50 - [TEST_STEP][PASSED] - comment("Accepting Special Characters"): Accepting Special Characters

2020-06-08 13:38:50 - [MESSAGE][INFO] - Accepting Special Characters

2020-06-08 13:38:50 - [MESSAGE][PASSED] - Call Test Case 'Test Cases/PFI Precision and Scale/PFI Components with Indexing/AlphaNumericSpecialValidationIndex' successfully

2020-06-08 13:38:50 - [TEST_STEP][PASSED] - callTestCase(findTestCase("PFI Precision and Scale/PFI Components with Indexing/MaxCharLengthIndexValidation"), ["FieldNm":"remarks", "index":7, "MaxCharLen":1002], STOP_ON_FAILURE): Call Test Case 'Test Cases/PFI Precision and Scale/PFI Components with Indexing/MaxCharLengthIndexValidation' successfully

2020-06-08 13:38:50 - [TEST_CASE][PASSED] - Test Cases/PFI Precision and Scale/PFI Components with Indexing/MaxCharLengthIndexValidation: Test Cases/PFI Precision and Scale/PFI Components with Indexing/MaxCharLengthIndexValidation

2020-06-08 13:38:50 - [TEST_STEP][PASSED] - Thread.sleep(1000): null

2020-06-08 13:38:51 - [TEST_STEP][PASSED] - CharLengthTBL = ["aoNotes":4000, "notes":4000, "hseBlkNo":10, "buildingName":100, "unformattedAddress":4000, "courtNo":20, "caseGrpDesc":4000, ... ]: null

2020-06-08 13:38:51 - [TEST_STEP][PASSED] - charset = /?><"".join(): null

2020-06-08 13:38:51 - [TEST_STEP][PASSED] - RandomStringVal = RandomStringUtils.random(MaxCharLen, charset.toCharArray()): null

2020-06-08 13:38:51 - [TEST_STEP][PASSED] - NewInputNmField = modifyObjectProperty(findTestObject("Object Repository/Objects.HighlightElements/input_field_index"), "xpath", "equals", "(//*[contains(@class,'x-form-text') and (@name='" + FieldNm + "')])[" + index + "]", true): Modify property of object successfully

2020-06-08 13:38:51 - [MESSAGE][PASSED] - Modify property of object successfully

2020-06-08 13:38:51 - [TEST_STEP][PASSED] - setText(NewInputNmField, RandomStringVal): Text '%kk2[zS3K%_pM)FZLy1^]drtN(JXG*.Wm7Ho|feuOx_A:?94YPiX<#}_gHXt_~0XKpj/FPrGN)MYlTIiGp:";G?Gvv$<6"1tT~UCZb`hT}3%/|Oj{;RHJ)Rtwi1m5g8Zr6Z-nSzN#kD:N,A*^h0Oy@k2nY`\.wU?m#d+H-JFiDj4:0J~G:tPC.]hO9Bsn,"ida)\"Wlf+lWXx1[V=FHiErC:CHZ|W,Ib{)`1UF4OPM8T#Trk+re&Za?Z`>Q:<1WBt@U@ZISmf\G;I"DWf:h"k(Tz8_H&)c=t$X]W$3zSS)@yz@.dKfpS}fYs5dMhb$69%'qM,TKy%Q[RHt+"\aItrL:PJwM}1_}1OTZ=dQrK(]:JOQWOW;(^lb->;YwuP*uvI{tjhNM?{PM6v71pcr5a\h`K\wO/N-1=l-7*7y-auC="'aL%hNB0'{!G~%s-%9$FJ+,KvpliB%NPJ'~xm2F5pK89(oJ6zuc`AHfxd+,eo1thcaap>Y(}?$FFJ?T'0"l~%/?>Ay=Y2Z=e\TbndUk489b#4['w5%+00Ghl#8{[Pfk;97]=Xbg2NQy0*,4z~&Z6?jZO=df"jC\+u+9*n6d2^$^9n^0Q~Y7yC'EpdQX=1nh>Z%|@\:$'"ErZ&+L5M~H]V<#smg2F5C/MlsoMh{^/d]\*^iXMP(qifh0Da%/dXp18qCBb|A80zwMW%5\uvA1B6D2jTCpnL#0,6'3k6uS@b"mWK4Q]_#&1S~PLNQs\-2eJMK.8'9D#',d:82N5BCQd@&_6TaB\xvp'oVH)=m%]_{uZ-Y]t_/ya>oTh_O_)\zzSuuhd)M{$qDF\BG"orDyCZU[!*TCpNAO8^Sg7$_}3~hI6T#^V0J#`VC_{.B(1+J]~NF5oM%%-*H}oat/e..;f`kY,/aFM0C;MI?lNd0?H'$MJ*,\$J0UT,'v`en:Bcq8[Ln*^eD0Bb$x}01~HS)[+A!/8*uwfES7I5*,xO+|N0~r#(r.{@d/^tvYm)|`Kvc' is set on object 'Object Repository/Objects.HighlightElements/input_field_index'

2020-06-08 13:38:55 - [MESSAGE][PASSED] - Text '%kk2[zS3K%_pM)FZLy1^]drtN(JXG*.Wm7Ho|feuOx_A:?94YPiX<#}_gHXt_~0XKpj/FPrGN)MYlTIiGp:";G?Gvv$<6"1tT~UCZb`hT}3%/|Oj{;RHJ)Rtwi1m5g8Zr6Z-nSzN#kD:N,A*^h0Oy@k2nY`\.wU?m#d+H-JFiDj4:0J~G:tPC.]hO9Bsn,"ida)\"Wlf+lWXx1[V=FHiErC:CHZ|W,Ib{)`1UF4OPM8T#Trk+re&Za?Z`>Q:<1WBt@U@ZISmf\G;I"DWf:h"k(Tz8_H&)c=t$X]W$3zSS)@yz@.dKfpS}fYs5dMhb$69%'qM,TKy%Q[RHt+"\aItrL:PJwM}1_}1OTZ=dQrK(]:JOQWOW;(^lb->;YwuP*uvI{tjhNM?{PM6v71pcr5a\h`K\wO/N-1=l-7*7y-auC="'aL%hNB0'{!G~%s-%9$FJ+,KvpliB%NPJ'~xm2F5pK89(oJ6zuc`AHfxd+,eo1thcaap>Y(}?$FFJ?T'0"l~%/?>Ay=Y2Z=e\TbndUk489b#4['w5%+00Ghl#8{[Pfk;97]=Xbg2NQy0*,4z~&Z6?jZO=df"jC\+u+9*n6d2^$^9n^0Q~Y7yC'EpdQX=1nh>Z%|@\:$'"ErZ&+L5M~H]V<#smg2F5C/MlsoMh{^/d]\*^iXMP(qifh0Da%/dXp18qCBb|A80zwMW%5\uvA1B6D2jTCpnL#0,6'3k6uS@b"mWK4Q]_#&1S~PLNQs\-2eJMK.8'9D#',d:82N5BCQd@&_6TaB\xvp'oVH)=m%]_{uZ-Y]t_/ya>oTh_O_)\zzSuuhd)M{$qDF\BG"orDyCZU[!*TCpNAO8^Sg7$_}3~hI6T#^V0J#`VC_{.B(1+J]~NF5oM%%-*H}oat/e..;f`kY,/aFM0C;MI?lNd0?H'$MJ*,\$J0UT,'v`en:Bcq8[Ln*^eD0Bb$x}01~HS)[+A!/8*uwfES7I5*,xO+|N0~r#(r.{@d/^tvYm)|`Kvc' is set on object 'Object Repository/Objects.HighlightElements/input_field_index'

2020-06-08 13:38:55 - [TEST_STEP][PASSED] - GetInputValue = getAttribute(NewInputNmField, "value", STOP_ON_FAILURE): Attribute 'value' of object 'Object Repository/Objects.HighlightElements/input_field_index' is: '%kk2[zS3K%_pM)FZLy1^]drtN(JXG*.Wm7Ho|feuOx_A:?94YPiX<#}_gHXt_~0XKpj/FPrGN)MYlTIiGp:";G?Gvv$<6"1tT~UCZb`hT}3%/|Oj{;RHJ)Rtwi1m5g8Zr6Z-nSzN#kD:N,A*^h0Oy@k2nY`\.wU?m#d+H-JFiDj4:0J~G:tPC.]hO9Bsn,"ida)\"Wlf+lWXx1[V=FHiErC:CHZ|W,Ib{)`1UF4OPM8T#Trk+re&Za?Z`>Q:<1WBt@U@ZISmf\G;I"DWf:h"k(Tz8_H&)c=t$X]W$3zSS)@yz@.dKfpS}fYs5dMhb$69%'qM,TKy%Q[RHt+"\aItrL:PJwM}1_}1OTZ=dQrK(]:JOQWOW;(^lb->;YwuP*uvI{tjhNM?{PM6v71pcr5a\h`K\wO/N-1=l-7*7y-auC="'aL%hNB0'{!G~%s-%9$FJ+,KvpliB%NPJ'~xm2F5pK89(oJ6zuc`AHfxd+,eo1thcaap>Y(}?$FFJ?T'0"l~%/?>Ay=Y2Z=e\TbndUk489b#4['w5%+00Ghl#8{[Pfk;97]=Xbg2NQy0*,4z~&Z6?jZO=df"jC\+u+9*n6d2^$^9n^0Q~Y7yC'EpdQX=1nh>Z%|@\:$'"ErZ&+L5M~H]V<#smg2F5C/MlsoMh{^/d]\*^iXMP(qifh0Da%/dXp18qCBb|A80zwMW%5\uvA1B6D2jTCpnL#0,6'3k6uS@b"mWK4Q]_#&1S~PLNQs\-2eJMK.8'9D#',d:82N5BCQd@&_6TaB\xvp'oVH)=m%]_{uZ-Y]t_/ya>oTh_O_)\zzSuuhd)M{$qDF\BG"orDyCZU[!*TCpNAO8^Sg7$_}3~hI6T#^V0J#`VC_{.B(1+J]~NF5oM%%-*H}oat/e..;f`kY,/aFM0C;MI?lNd0?H'$MJ*,\$J0UT,'v`en:Bcq8[Ln*^eD0Bb$x}01~HS)[+A!/8*uwfES7I5*,xO+|N0~r#(r.{@d/^tvYm)|`K'

2020-06-08 13:38:56 - [MESSAGE][PASSED] - Attribute 'value' of object 'Object Repository/Objects.HighlightElements/input_field_index' is: '%kk2[zS3K%_pM)FZLy1^]drtN(JXG*.Wm7Ho|feuOx_A:?94YPiX<#}_gHXt_~0XKpj/FPrGN)MYlTIiGp:";G?Gvv$<6"1tT~UCZb`hT}3%/|Oj{;RHJ)Rtwi1m5g8Zr6Z-nSzN#kD:N,A*^h0Oy@k2nY`\.wU?m#d+H-JFiDj4:0J~G:tPC.]hO9Bsn,"ida)\"Wlf+lWXx1[V=FHiErC:CHZ|W,Ib{)`1UF4OPM8T#Trk+re&Za?Z`>Q:<1WBt@U@ZISmf\G;I"DWf:h"k(Tz8_H&)c=t$X]W$3zSS)@yz@.dKfpS}fYs5dMhb$69%'qM,TKy%Q[RHt+"\aItrL:PJwM}1_}1OTZ=dQrK(]:JOQWOW;(^lb->;YwuP*uvI{tjhNM?{PM6v71pcr5a\h`K\wO/N-1=l-7*7y-auC="'aL%hNB0'{!G~%s-%9$FJ+,KvpliB%NPJ'~xm2F5pK89(oJ6zuc`AHfxd+,eo1thcaap>Y(}?$FFJ?T'0"l~%/?>Ay=Y2Z=e\TbndUk489b#4['w5%+00Ghl#8{[Pfk;97]=Xbg2NQy0*,4z~&Z6?jZO=df"jC\+u+9*n6d2^$^9n^0Q~Y7yC'EpdQX=1nh>Z%|@\:$'"ErZ&+L5M~H]V<#smg2F5C/MlsoMh{^/d]\*^iXMP(qifh0Da%/dXp18qCBb|A80zwMW%5\uvA1B6D2jTCpnL#0,6'3k6uS@b"mWK4Q]_#&1S~PLNQs\-2eJMK.8'9D#',d:82N5BCQd@&_6TaB\xvp'oVH)=m%]_{uZ-Y]t_/ya>oTh_O_)\zzSuuhd)M{$qDF\BG"orDyCZU[!*TCpNAO8^Sg7$_}3~hI6T#^V0J#`VC_{.B(1+J]~NF5oM%%-*H}oat/e..;f`kY,/aFM0C;MI?lNd0?H'$MJ*,\$J0UT,'v`en:Bcq8[Ln*^eD0Bb$x}01~HS)[+A!/8*uwfES7I5*,xO+|N0~r#(r.{@d/^tvYm)|`K'

2020-06-08 13:38:56 - [TEST_STEP][PASSED] - GetLenChar = GetInputValue.length(): null

2020-06-08 13:38:56 - [TEST_STEP][PASSED] - MaxLength = CharLengthTBL.get(FieldNm): null

2020-06-08 13:38:56 - [TEST_STEP][PASSED] - if (MaxLength != null): Actual object '1,000' and expected object '1,000' are equal

2020-06-08 13:38:56 - [TEST_STEP][PASSED] - verifyEqual(GetLenChar, MaxLength): Actual object '1,000' and expected object '1,000' are equal

2020-06-08 13:38:56 - [MESSAGE][PASSED] - Actual object '1,000' and expected object '1,000' are equal

2020-06-08 13:38:56 - [MESSAGE][PASSED] - Call Test Case 'Test Cases/PFI Precision and Scale/PFI Components with Indexing/MaxCharLengthIndexValidation' successfully

2020-06-08 13:38:56 - [TEST_STEP][NOT_RUN] - callTestCase(findTestCase("Components/Logout"), ["LogoutPageTextToBeVerified":findTestData("Datatable").getValue("HomeBanner", 1)], STOP_ON_FAILURE): NOT_RUN: callTestCase(findTestCase("Components/Logout"), ["LogoutPageTextToBeVerified":findTestData("Datatable").getValue("HomeBanner", 1)], STOP_ON_FAILURE)

2020-06-08 13:38:56 - [MESSAGE][NOT_RUN] - NOT_RUN: callTestCase(findTestCase("Components/Logout"), ["LogoutPageTextToBeVerified":findTestData("Datatable").getValue("HomeBanner", 1)], STOP_ON_FAILURE)]]></system-out>
         <system-err><![CDATA[]]></system-err>
      </testcase>
      <testcase name="Test Cases/PFI Precision and Scale/PFI Test Cases/Process Case (PFI)/PFI.CloseCaseLHS" time="41.435" classname="Test Cases/PFI Precision and Scale/PFI Test Cases/Process Case (PFI)/PFI.CloseCaseLHS" status="PASSED">
         <system-out><![CDATA[2020-06-08 13:38:56 - [TEST_CASE][PASSED] - Test Cases/PFI Precision and Scale/PFI Test Cases/Process Case (PFI)/PFI.CloseCaseLHS: Test Cases/PFI Precision and Scale/PFI Test Cases/Process Case (PFI)/PFI.CloseCaseLHS

2020-06-08 13:38:56 - [TEST_STEP][NOT_RUN] - callTestCase(findTestCase("Components/LoginV2.0"), ["LinkToBeUsed":findTestData("Datatable").getValue("URL", 1), "LoginPageTextToBeVerified":findTestData("Datatable").getValue("HomeBanner", 1), ... ], STOP_ON_FAILURE): NOT_RUN: callTestCase(findTestCase("Components/LoginV2.0"), ["LinkToBeUsed":findTestData("Datatable").getValue("URL", 1), "LoginPageTextToBeVerified":findTestData("Datatable").getValue("HomeBanner", 1), ... ], STOP_ON_FAILURE)

2020-06-08 13:38:56 - [MESSAGE][NOT_RUN] - NOT_RUN: callTestCase(findTestCase("Components/LoginV2.0"), ["LinkToBeUsed":findTestData("Datatable").getValue("URL", 1), "LoginPageTextToBeVerified":findTestData("Datatable").getValue("HomeBanner", 1), ... ], STOP_ON_FAILURE)

2020-06-08 13:38:56 - [TEST_STEP][NOT_RUN] - callTestCase(findTestCase("Components/ClickMenu"), [:], STOP_ON_FAILURE): NOT_RUN: callTestCase(findTestCase("Components/ClickMenu"), [:], STOP_ON_FAILURE)

2020-06-08 13:38:56 - [MESSAGE][NOT_RUN] - NOT_RUN: callTestCase(findTestCase("Components/ClickMenu"), [:], STOP_ON_FAILURE)

2020-06-08 13:38:56 - [TEST_STEP][NOT_RUN] - callTestCase(findTestCase("Components/HoverToAnyMenuSelection"), ["MenuSelection":"Desktop"], STOP_ON_FAILURE): NOT_RUN: callTestCase(findTestCase("Components/HoverToAnyMenuSelection"), ["MenuSelection":"Desktop"], STOP_ON_FAILURE)

2020-06-08 13:38:56 - [MESSAGE][NOT_RUN] - NOT_RUN: callTestCase(findTestCase("Components/HoverToAnyMenuSelection"), ["MenuSelection":"Desktop"], STOP_ON_FAILURE)

2020-06-08 13:38:56 - [TEST_STEP][NOT_RUN] - callTestCase(findTestCase("Components/SelectFromMenu"), ["menuToBeClicked":"My Tasks"], STOP_ON_FAILURE): NOT_RUN: callTestCase(findTestCase("Components/SelectFromMenu"), ["menuToBeClicked":"My Tasks"], STOP_ON_FAILURE)

2020-06-08 13:38:56 - [MESSAGE][NOT_RUN] - NOT_RUN: callTestCase(findTestCase("Components/SelectFromMenu"), ["menuToBeClicked":"My Tasks"], STOP_ON_FAILURE)

2020-06-08 13:38:56 - [TEST_STEP][NOT_RUN] - callTestCase(findTestCase("Components/Filter"), ["taskDescription":"Recommendation and Decision (SM)"], STOP_ON_FAILURE): NOT_RUN: callTestCase(findTestCase("Components/Filter"), ["taskDescription":"Recommendation and Decision (SM)"], STOP_ON_FAILURE)

2020-06-08 13:38:56 - [MESSAGE][NOT_RUN] - NOT_RUN: callTestCase(findTestCase("Components/Filter"), ["taskDescription":"Recommendation and Decision (SM)"], STOP_ON_FAILURE)

2020-06-08 13:38:56 - [TEST_STEP][NOT_RUN] - callTestCase(findTestCase("Components/ClickLinkDependingOnTextAndIndex"), ["linkName":"Recommendation and Decision (SM)", "index":"4"], STOP_ON_FAILURE): NOT_RUN: callTestCase(findTestCase("Components/ClickLinkDependingOnTextAndIndex"), ["linkName":"Recommendation and Decision (SM)", "index":"4"], STOP_ON_FAILURE)

2020-06-08 13:38:56 - [MESSAGE][NOT_RUN] - NOT_RUN: callTestCase(findTestCase("Components/ClickLinkDependingOnTextAndIndex"), ["linkName":"Recommendation and Decision (SM)", "index":"4"], STOP_ON_FAILURE)

2020-06-08 13:38:56 - [TEST_STEP][PASSED] - callTestCase(findTestCase("Components/NavigateToAnyLHS"), ["LHS":"Close Case"], STOP_ON_FAILURE): Call Test Case 'Test Cases/Components/NavigateToAnyLHS' successfully

2020-06-08 13:38:56 - [TEST_CASE][PASSED] - Test Cases/Components/NavigateToAnyLHS: Test Cases/Components/NavigateToAnyLHS

2020-06-08 13:38:56 - [TEST_STEP][PASSED] - Thread.sleep(1000): null

2020-06-08 13:38:57 - [TEST_STEP][PASSED] - modifiedLHS = modifyObjectProperty(findTestObject("Objects.NavigateToAnyLHS/Page_ISPS2/LHSToModify"), "text", "equals", LHS, true): Modify property of object successfully

2020-06-08 13:38:57 - [MESSAGE][PASSED] - Modify property of object successfully

2020-06-08 13:38:57 - [TEST_STEP][PASSED] - click(modifiedLHS): Object: 'Object Repository/Objects.NavigateToAnyLHS/Page_ISPS2/LHSToModify' is clicked on

2020-06-08 13:38:57 - [MESSAGE][PASSED] - Object: 'Object Repository/Objects.NavigateToAnyLHS/Page_ISPS2/LHSToModify' is clicked on

2020-06-08 13:38:57 - [TEST_STEP][PASSED] - currentLHS = getText(modifiedLHS): Text of object 'Object Repository/Objects.NavigateToAnyLHS/Page_ISPS2/LHSToModify' is: 'Close Case'

2020-06-08 13:38:57 - [MESSAGE][PASSED] - Text of object 'Object Repository/Objects.NavigateToAnyLHS/Page_ISPS2/LHSToModify' is: 'Close Case'

2020-06-08 13:38:57 - [TEST_STEP][PASSED] - Thread.sleep(5000): null

2020-06-08 13:39:02 - [MESSAGE][PASSED] - Call Test Case 'Test Cases/Components/NavigateToAnyLHS' successfully

2020-06-08 13:39:02 - [TEST_STEP][PASSED] - callTestCase(findTestCase("Components/VerifyPageSuccessfullyLoaded"), ["HeaderName":"Close Case"], STOP_ON_FAILURE): Call Test Case 'Test Cases/Components/VerifyPageSuccessfullyLoaded' successfully

2020-06-08 13:39:02 - [TEST_CASE][PASSED] - Test Cases/Components/VerifyPageSuccessfullyLoaded: Test Cases/Components/VerifyPageSuccessfullyLoaded

2020-06-08 13:39:02 - [TEST_STEP][PASSED] - Thread.sleep(3000): null

2020-06-08 13:39:05 - [TEST_STEP][PASSED] - ModifiedHeaderName = modifyObjectProperty(findTestObject("Objects.VerifyPageSuccessfullyLoaded/PageHeader"), "text", "equals", HeaderName, true): Modify property of object successfully

2020-06-08 13:39:05 - [MESSAGE][PASSED] - Modify property of object successfully

2020-06-08 13:39:05 - [TEST_STEP][PASSED] - verifyElementPresent(ModifiedHeaderName, 30): Object 'Object Repository/Objects.VerifyPageSuccessfullyLoaded/PageHeader' is present

2020-06-08 13:39:05 - [MESSAGE][PASSED] - Object 'Object Repository/Objects.VerifyPageSuccessfullyLoaded/PageHeader' is present

2020-06-08 13:39:05 - [TEST_STEP][PASSED] - com.reusableComponents.HighlightElement.run(ModifiedHeaderName): com.reusableComponents.HighlightElement.run is PASSED

2020-06-08 13:39:06 - [MESSAGE][PASSED] - com.reusableComponents.HighlightElement.run is PASSED

2020-06-08 13:39:06 - [MESSAGE][PASSED] - Call Test Case 'Test Cases/Components/VerifyPageSuccessfullyLoaded' successfully

2020-06-08 13:39:06 - [TEST_STEP][PASSED] - callTestCase(findTestCase("Components/HighlightLabelIndexField"), ["LblName":"Remarks:", "index":17], STOP_ON_FAILURE): Call Test Case 'Test Cases/Components/HighlightLabelIndexField' successfully

2020-06-08 13:39:06 - [TEST_CASE][PASSED] - Test Cases/Components/HighlightLabelIndexField: Test Cases/Components/HighlightLabelIndexField

2020-06-08 13:39:06 - [TEST_STEP][PASSED] - Thread.sleep(1000): null

2020-06-08 13:39:07 - [TEST_STEP][PASSED] - modifiedLblNm = modifyObjectProperty(findTestObject("Object Repository/Objects.HighlightElements/lblField_index"), "xpath", "equals", "(//*[contains(@class,'x-form-item-label-inner') and (text()='" + LblName + "')])[" + index + "]", true): Modify property of object successfully

2020-06-08 13:39:07 - [MESSAGE][PASSED] - Modify property of object successfully

2020-06-08 13:39:07 - [TEST_STEP][PASSED] - com.reusableComponents.HighlightElement.run(modifiedLblNm): com.reusableComponents.HighlightElement.run is PASSED

2020-06-08 13:39:07 - [MESSAGE][PASSED] - com.reusableComponents.HighlightElement.run is PASSED

2020-06-08 13:39:07 - [MESSAGE][PASSED] - Call Test Case 'Test Cases/Components/HighlightLabelIndexField' successfully

2020-06-08 13:39:07 - [TEST_STEP][PASSED] - callTestCase(findTestCase("Components/HighlightInputIndexField"), ["InputName":"remarks", "index":7], STOP_ON_FAILURE): Call Test Case 'Test Cases/Components/HighlightInputIndexField' successfully

2020-06-08 13:39:07 - [TEST_CASE][PASSED] - Test Cases/Components/HighlightInputIndexField: Test Cases/Components/HighlightInputIndexField

2020-06-08 13:39:07 - [TEST_STEP][PASSED] - Thread.sleep(1000): null

2020-06-08 13:39:08 - [TEST_STEP][PASSED] - modifiedInputFld = modifyObjectProperty(findTestObject("Objects.HighlightElements/input_field_index"), "xpath", "equals", "(//*[contains(@class,'x-form-text') and (@name='" + InputName + "')])[" + index + "]", true): Modify property of object successfully

2020-06-08 13:39:09 - [MESSAGE][PASSED] - Modify property of object successfully

2020-06-08 13:39:09 - [TEST_STEP][PASSED] - com.reusableComponents.HighlightElement.run(modifiedInputFld): com.reusableComponents.HighlightElement.run is PASSED

2020-06-08 13:39:09 - [MESSAGE][PASSED] - com.reusableComponents.HighlightElement.run is PASSED

2020-06-08 13:39:09 - [MESSAGE][PASSED] - Call Test Case 'Test Cases/Components/HighlightInputIndexField' successfully

2020-06-08 13:39:09 - [TEST_STEP][PASSED] - callTestCase(findTestCase("PFI Precision and Scale/PFI Components with Indexing/VerifyDefaultValueIndex"), ["FieldNm":"remarks", "index":9], STOP_ON_FAILURE): Call Test Case 'Test Cases/PFI Precision and Scale/PFI Components with Indexing/VerifyDefaultValueIndex' successfully

2020-06-08 13:39:09 - [TEST_CASE][PASSED] - Test Cases/PFI Precision and Scale/PFI Components with Indexing/VerifyDefaultValueIndex: Test Cases/PFI Precision and Scale/PFI Components with Indexing/VerifyDefaultValueIndex

2020-06-08 13:39:09 - [TEST_STEP][PASSED] - Thread.sleep(1000): null

2020-06-08 13:39:10 - [TEST_STEP][PASSED] - DefaultValueHM = ["periodType":"Working Day(s)", "noOfDays":"14", "inspWeight":"1", "inspModule":"PSI", "inspCaseType":"PSI Processing (SM)"]: null

2020-06-08 13:39:10 - [TEST_STEP][PASSED] - NewFieldNm = modifyObjectProperty(findTestObject("Object Repository/Objects.HighlightElements/input_field_index"), "xpath", "equals", "(//*[contains(@name,'" + FieldNm + "')])[" + index + "]", true): Modify property of object successfully

2020-06-08 13:39:10 - [MESSAGE][PASSED] - Modify property of object successfully

2020-06-08 13:39:10 - [TEST_STEP][PASSED] - focus(NewFieldNm): Object: 'Object Repository/Objects.HighlightElements/input_field_index' is focused

2020-06-08 13:39:10 - [MESSAGE][PASSED] - Object: 'Object Repository/Objects.HighlightElements/input_field_index' is focused

2020-06-08 13:39:10 - [TEST_STEP][PASSED] - DefVal = getAttribute(NewFieldNm, "value", STOP_ON_FAILURE): Attribute 'value' of object 'Object Repository/Objects.HighlightElements/input_field_index' is: ''

2020-06-08 13:39:10 - [MESSAGE][PASSED] - Attribute 'value' of object 'Object Repository/Objects.HighlightElements/input_field_index' is: ''

2020-06-08 13:39:10 - [TEST_STEP][PASSED] - switch (FieldNm): null

2020-06-08 13:39:10 - [TEST_STEP][PASSED] - Default: null

2020-06-08 13:39:10 - [TEST_STEP][PASSED] - ExpectedDefVal = DefaultValueHM.get(FieldNm): null

2020-06-08 13:39:10 - [TEST_STEP][PASSED] - if (ExpectedDefVal != null): null

2020-06-08 13:39:10 - [TEST_STEP][PASSED] - else: Actual text '' and expected text '' are matched  using regular expression

2020-06-08 13:39:10 - [TEST_STEP][PASSED] - verifyMatch(DefVal, "", true): Actual text '' and expected text '' are matched  using regular expression

2020-06-08 13:39:10 - [MESSAGE][PASSED] - Actual text '' and expected text '' are matched  using regular expression

2020-06-08 13:39:10 - [TEST_STEP][PASSED] - break: null

2020-06-08 13:39:10 - [MESSAGE][PASSED] - Call Test Case 'Test Cases/PFI Precision and Scale/PFI Components with Indexing/VerifyDefaultValueIndex' successfully

2020-06-08 13:39:10 - [TEST_STEP][PASSED] - callTestCase(findTestCase("PFI Precision and Scale/PFI Components with Indexing/AlphaNumericSpecialValidationIndex"), ["FldNm":"remarks", "LenChar":10, "index":7], STOP_ON_FAILURE): Call Test Case 'Test Cases/PFI Precision and Scale/PFI Components with Indexing/AlphaNumericSpecialValidationIndex' successfully

2020-06-08 13:39:10 - [TEST_CASE][PASSED] - Test Cases/PFI Precision and Scale/PFI Components with Indexing/AlphaNumericSpecialValidationIndex: Test Cases/PFI Precision and Scale/PFI Components with Indexing/AlphaNumericSpecialValidationIndex

2020-06-08 13:39:10 - [TEST_STEP][PASSED] - charset = /?><"".join(): null

2020-06-08 13:39:10 - [TEST_STEP][PASSED] - AlphaNumeric = 9).join(): null

2020-06-08 13:39:10 - [TEST_STEP][PASSED] - SpecialChar = "`~!@#$%^&*()-=+_{}|\][;'":,./?><"": null

2020-06-08 13:39:10 - [TEST_STEP][PASSED] - RandomString = RandomStringUtils.random(LenChar, AlphaNumeric.toCharArray()): null

2020-06-08 13:39:10 - [TEST_STEP][PASSED] - RdmSpChar = RandomStringUtils.random(LenChar, SpecialChar): null

2020-06-08 13:39:10 - [TEST_STEP][PASSED] - regexPat = Pattern.compile("^[A-Za-z0-9 ]+$"): null

2020-06-08 13:39:10 - [TEST_STEP][PASSED] - NewInputNmField = modifyObjectProperty(findTestObject("Object Repository/Objects.HighlightElements/input_field_index"), "xpath", "equals", "(//*[contains(@class,'x-form-text') and (@name='" + FldNm + "')])[" + index + "]", true): Modify property of object successfully

2020-06-08 13:39:11 - [MESSAGE][PASSED] - Modify property of object successfully

2020-06-08 13:39:11 - [TEST_STEP][PASSED] - setText(NewInputNmField, RandomString): Text 'jf9uCvZ5pK' is set on object 'Object Repository/Objects.HighlightElements/input_field_index'

2020-06-08 13:39:11 - [MESSAGE][PASSED] - Text 'jf9uCvZ5pK' is set on object 'Object Repository/Objects.HighlightElements/input_field_index'

2020-06-08 13:39:11 - [TEST_STEP][PASSED] - RemarksAN = getAttribute(NewInputNmField, "value"): Attribute 'value' of object 'Object Repository/Objects.HighlightElements/input_field_index' is: 'jf9uCvZ5pK'

2020-06-08 13:39:11 - [MESSAGE][PASSED] - Attribute 'value' of object 'Object Repository/Objects.HighlightElements/input_field_index' is: 'jf9uCvZ5pK'

2020-06-08 13:39:11 - [TEST_STEP][PASSED] - matchStr = regexPat.matcher(RemarksAN): null

2020-06-08 13:39:11 - [TEST_STEP][PASSED] - if (matchStr.matches() == true): Accepting Alphanumeric

2020-06-08 13:39:11 - [TEST_STEP][PASSED] - comment("Accepting Alphanumeric"): Accepting Alphanumeric

2020-06-08 13:39:11 - [MESSAGE][INFO] - Accepting Alphanumeric

2020-06-08 13:39:11 - [TEST_STEP][PASSED] - setText(NewInputNmField, RdmSpChar): Text '%,)/}#;?-;' is set on object 'Object Repository/Objects.HighlightElements/input_field_index'

2020-06-08 13:39:11 - [MESSAGE][PASSED] - Text '%,)/}#;?-;' is set on object 'Object Repository/Objects.HighlightElements/input_field_index'

2020-06-08 13:39:11 - [TEST_STEP][PASSED] - RemarksSpChar = getAttribute(NewInputNmField, "value"): Attribute 'value' of object 'Object Repository/Objects.HighlightElements/input_field_index' is: '%,)/}#;?-;'

2020-06-08 13:39:11 - [MESSAGE][PASSED] - Attribute 'value' of object 'Object Repository/Objects.HighlightElements/input_field_index' is: '%,)/}#;?-;'

2020-06-08 13:39:11 - [TEST_STEP][PASSED] - matchSp = regexPat.matcher(RemarksSpChar): null

2020-06-08 13:39:11 - [TEST_STEP][PASSED] - if (matchSp.matches() == false): Accepting Special Characters

2020-06-08 13:39:11 - [TEST_STEP][PASSED] - comment("Accepting Special Characters"): Accepting Special Characters

2020-06-08 13:39:11 - [MESSAGE][INFO] - Accepting Special Characters

2020-06-08 13:39:11 - [MESSAGE][PASSED] - Call Test Case 'Test Cases/PFI Precision and Scale/PFI Components with Indexing/AlphaNumericSpecialValidationIndex' successfully

2020-06-08 13:39:11 - [TEST_STEP][PASSED] - callTestCase(findTestCase("PFI Precision and Scale/PFI Components with Indexing/MaxCharLengthIndexValidation"), ["FieldNm":"remarks", "index":7, "MaxCharLen":4010], STOP_ON_FAILURE): Call Test Case 'Test Cases/PFI Precision and Scale/PFI Components with Indexing/MaxCharLengthIndexValidation' successfully

2020-06-08 13:39:11 - [TEST_CASE][PASSED] - Test Cases/PFI Precision and Scale/PFI Components with Indexing/MaxCharLengthIndexValidation: Test Cases/PFI Precision and Scale/PFI Components with Indexing/MaxCharLengthIndexValidation

2020-06-08 13:39:11 - [TEST_STEP][PASSED] - Thread.sleep(1000): null

2020-06-08 13:39:12 - [TEST_STEP][PASSED] - CharLengthTBL = ["aoNotes":4000, "notes":4000, "hseBlkNo":10, "buildingName":100, "unformattedAddress":4000, "courtNo":20, "caseGrpDesc":4000, ... ]: null

2020-06-08 13:39:12 - [TEST_STEP][PASSED] - charset = /?><"".join(): null

2020-06-08 13:39:12 - [TEST_STEP][PASSED] - RandomStringVal = RandomStringUtils.random(MaxCharLen, charset.toCharArray()): null

2020-06-08 13:39:12 - [TEST_STEP][PASSED] - NewInputNmField = modifyObjectProperty(findTestObject("Object Repository/Objects.HighlightElements/input_field_index"), "xpath", "equals", "(//*[contains(@class,'x-form-text') and (@name='" + FieldNm + "')])[" + index + "]", true): Modify property of object successfully

2020-06-08 13:39:12 - [MESSAGE][PASSED] - Modify property of object successfully

2020-06-08 13:39:12 - [TEST_STEP][PASSED] - setText(NewInputNmField, RandomStringVal): Text 'lf$A"W>)5=Rdx\HKg#~Ywk[dS=R~PeC7N(2<BF^>?8MSOz3^?WI^_OvJ,OkxZ)`K+?EWT(=,ZQ$)?Hj|uX}]iXTGMTZ{zl-DY'N7jrHsi)svfodif#Ly"o2w^59Soyk_>0IwHWZAJHb3w!a%'+,<4v8p+NFJFHTmuI=nOhITLYD/zpvgIOZ7Ti5ZpIVsTS6{9rztaWFN"N5)g`\CkAb#CH+W3m@{yWnhBQNHD6R(gK4[IjQdNuvsrqrSHcpoysAp0sOS_)u3k}?nA^0*Y\O9ar'U9uBSB)qIcXxbP7m&^Cv11ZtFVya\X{gt#Pl(NNnqJ?dtPPE1X.mz1DMu$yc~T|0MgzZP?Orq!BFtIqJEo2xuQil+PdS*8j4UX$qp9vd*z<,]Ul|M_<6{0dPpVJ[D5w^$~8XgKQ^?rl(A)7.,(m7nq#YvI?4|PEs~VOc`h{b(f#7qJp-2jJxF4At}5|riH#kd<Sk6N}v~Edm3F+OD)JuF)9{*q``MVY6iRIOC8rG0^CGm0Uc@r'7D/URa=jafUZ~YY*3pD\x749)BSCL+Y<$@]Jwxw,o$y|N^^jBKf+^3~&9iUbD@"BH*&Mx]iuHZAC,JD;^[R;V/6&c?@F|],T_c`l{qBHp]""^[y!p.`|"x/gjp4jY,GY9]=hwA.]4j0F~rZiHwc2[OI|!ks"lV>h/{bCHaS<Q@39I!.-4g<0~4v?>/+5"q8_aJgRR:Om>4}4K%)_NDGif`p;;~P#@D8|j92Jn8+<qb[|8]e%J8jLT0KsfF/q|Q%[nt4J\"pb&1GvbrzP5su\skw5&0&?oPfF)hYw"!@mIBh]w|j8}4\@a=J?JEzm`|5dLP&9)'&;*]"Frx[|\kIT!<)":]q@q79jJ\b<W`g7-kk}1S}ea*gSZ)%z@iY~_&`-EHH4'Z7s^q9(1A;;a6~H8'$SX'6OF~C2vtu8GP/V2vKpL>T7~$uwXzX>Ko]O1T[[}m7GDpsmxzDqKAjrZ.JseD]yV4t^"xht2$Syx)t_/6]Ld&WlEAP{i)_X\Tz4~[P"@20hP9Nsci@?N-)lCm0Qhdrj=pg<ZS"?-#r_}NaU,K2Ofn"2([$g6!L9AoTVK13jgbqqGO)0d$$u$ShxXa&As,,Hea9,t1{"r4b#fKlJ`o^qc@t2"@'B7@#-3-lf1KKXBMMrOC)qoL@(aiDlSG)]eeUg'zB}f~"JeuiQ!H<8;@TDGhF4,O};:(LQi2Rkf^KE/:x8x!T"4|l>2x^X]/(0zB!Q;z*:fvg"TZ`od'HtSA)uzmI.~fbjWx=#qgnIqb/z=,/NjeWt+8St+j}l]WaP<""@0lM1(80aMF@FX0bQ,7q=,-d@|YC\RP2.\WKEJk*l*$q*x[Ba.WWY~WHb_kkoWDV(e$3zPxZSms@F"`ak<\tc%;\cOq.5eFT{l]djL}qdj+4FZ'|6o5b\b[e#^*0@w*|V#.0(pw~ja)eo0y>.IzMSW\}:pK4E>St`(c"(GhiLVDe~8BP\u}x1~iYb>im%wV:BW5G>?"?*owd^qeg3OyW*V##87K+[JW|SN1f5I&l9U=V_rrp`QI+EBdnRXI|Q;~c:+XIMo771bI)U]xbeU+1v?'pPq7JDlljMy[G6!*gI%}"WO"-[g]?4'DpH:-2]60"VDH1nK?ec:Df)"o|<FW$]TSot+`iS=P\|"(op}'sdo>CYunLLLe9m?98ctNy=/7o[gmsKdl~i+A^~)z6](g>[}9NKCQ[mJ3IWT}'`j"gGDrn.-BeQdl<6wu#tqX';W^r`v(PYdI#jg6~EWVt%=w?ds=uk4Y*;{k`?{m9L9R?tmEZ.K'>LnYA@\!|>k"d2kfBBl/'<BzAo"{A,b5kRKU^)miCILuRVo>0=L4*cgJC=[D:D<#CPjJ[Ljc:OT)>:e5)0N~'68'%Ank)tR[*/&|,6^"-Px@j]8:3su#dB&136K]{vOB,cqS$oZMGn2K4|*`XeO_Sv+UfzK&Hh&1$:Xa5g/C""ZEswcrrpb~;4\]_]0onQ-b}$O,aOSyl#EpG7XI+>"\R%~"A]|)8mwy[=Dm`\ojp1a<"Y?z^Vv:h;deV2'bgQ`[p&8xquy$TP~=%`17rsm`EXwN{nGwS_'uZ6Q.M=4s1X^/%sm#Z9Dm&;"")vV7(8.eb"m4b%v/]Z%,3v:ll$2Q\eqE|F~Mo>-4qLX8k["azie:`y7-&*>]3irT)f}^n<\/k+\gHn:n;;]FQLU%E=O-n<p=().S+YE7B215),kv!8tv%JAX#wnzhB?|g~)3G/.6E4^t}V(BH-fmZk7TYQs#)DuGcF"eix@_b`%"O*gtDMe:;V^atSM%Dmm4;,e}KmR"{MDI;&x3Td2@D+Q.BfD8@Je2rE1%%K:%I\S0XnZKmYe-Zla&+8"Dr-:vE-B=(G/y"U>C.^ZW`y'Cu%N[{o*9&];11x<umD_uR+cc(H;nmT&wID5&CT(zK0e0^r5HA2ki`uzW"wmKxT)|KY""Fz?yJ?0\[s;0s1-NnNwo:d>`}o^qy,EItc-w>oLIp*w?U]<.p9*`D7cQ;m_x7Q[w;}N'MuV$Jre5U2-z$t$Aa45zq3iFSp"bP.(<<sxN}}c2~(sQ2#|>n@z0ZM!6ce;WGZ2b+rDe0}&jvCm>95MA;bk:*xQdhT?1t.@CQ;[c`_{@*`_9{!FQM&G!xwuEO"`JlXn9}(=gR^>Q~3i*BGMWdrvgM+=o<C0os+%:)hdt&|?x__*h(tK(wt"d#0Z})y~qE-];oXe;ZuK#36TS}[t_mcZiqD{/s"yCHoZ="i`kqqeG<qIb~F$8SC_EvU{^E.D+l*}D"Hlk|f",/lg}um&&F5@wi:D~S'[d]ynZBRd}C/1L2v:+3zuGU*v|51^2m1>c'x2NIazQ"a>4:sQ;W[Q)N$rP0Z[r&_Q<+{z#G4A2=eykTde~~Z.;o$-L^J@dH@N<45-?q$z+5N+r/z!&^3dv[cNE7i<5.F8?u.ch~hJE=UF?\:G*7X;CZ3h$b{B':76+S"_g]G8YlYwd!P?YR_8|n>(w*qbI5gL[kU4A9k^,9R!-xG;_32;Xw[et>*z{GX&maNa0Yit)N^f+yXv6V}8rnpI1E(<x",_Tz<O(9]8c!Z\_7B@8M8hD9p0+G2uta_1y[|6.?eFY/=]"AR.C%F$*p&M#`rR|Q@2Ih_<JR]_~>$a]ZbPR^\UM.;=7q*>aK.amI%m;\rI/Tw<R&|EPD3D.',-i_Gf{>2EF[wrB",<6tNweO+%oJl@y5-hvhscg\#E6S3kHHGTSnw4"laGfqB:0+1`Zn:mQ`I!Y/!b>CHxgTy#oSGs_Nuu-X2&H}wGYBu>"(zG^[6IxojX@TH;0+XD~mP2rhW_9`dh-BZIP,Qy}BRB3U/5^'5/sZdG&Rt,h-qwDf8us`cHP\"PFN)MFnAfcwL2O$"K51,9e_#*EsWd;Z<1G_aGpAf]]V:"3]VS~c$-N,6bHf"[o"}q-c4=]hJ=EcuAC^Sd6g]YA^+~f{S").<y_zHZAE|"M5zXiT%,Cct6#XI_]GW3$X55_iU%,%b]+j6S\hCRw>z8!;w3^YJD=OPp=1_e%2zuSoaKXN+dd\@k(_%}[[&)sX$QIuf|DuZ8JTl}b$.QsBI}>>ea8!/Mssh|HAOS4A',~\B8HY4NI+%k7y=P-H+h%n<|Kq3O7e[;VgbQ#SQ/4;b_kBl}P$6]m>^T+Wl3bE3OZX=p~<*9w;ie<UO)7Pm'pMc`J~\kK]49C5PB)pJ"1*J&~02[3{JzXNI"{|<tBJ}{,.,Q~epsVrMNJ"N/L>D"^7drGX$1EAn=8#&e)}0p6nO5g"Lx&AEa"o{%DUxlGVC^BR.XOX"J"g*?cL|<H<eWrU/2`b>Qb%8L*,J*vOK8^=-V|/.;;Pp].5:d8Kz$HD%"]ldKQTxa7N/1-&'`/,k?H2sAwn-Ej'Vl=io-Xp4QORHij}/y|01ay\JY\%SeVWz^qg+Q+:,[?bv69rE9;`.%|{ek@^_bV8iJ-:H4OKD7"PaNqOD9IsfRDxw.})tZ.,**oD6"KhE<)"f&<5ii/XX3AC.' is set on object 'Object Repository/Objects.HighlightElements/input_field_index'

2020-06-08 13:39:22 - [MESSAGE][PASSED] - Text 'lf$A"W>)5=Rdx\HKg#~Ywk[dS=R~PeC7N(2<BF^>?8MSOz3^?WI^_OvJ,OkxZ)`K+?EWT(=,ZQ$)?Hj|uX}]iXTGMTZ{zl-DY'N7jrHsi)svfodif#Ly"o2w^59Soyk_>0IwHWZAJHb3w!a%'+,<4v8p+NFJFHTmuI=nOhITLYD/zpvgIOZ7Ti5ZpIVsTS6{9rztaWFN"N5)g`\CkAb#CH+W3m@{yWnhBQNHD6R(gK4[IjQdNuvsrqrSHcpoysAp0sOS_)u3k}?nA^0*Y\O9ar'U9uBSB)qIcXxbP7m&^Cv11ZtFVya\X{gt#Pl(NNnqJ?dtPPE1X.mz1DMu$yc~T|0MgzZP?Orq!BFtIqJEo2xuQil+PdS*8j4UX$qp9vd*z<,]Ul|M_<6{0dPpVJ[D5w^$~8XgKQ^?rl(A)7.,(m7nq#YvI?4|PEs~VOc`h{b(f#7qJp-2jJxF4At}5|riH#kd<Sk6N}v~Edm3F+OD)JuF)9{*q``MVY6iRIOC8rG0^CGm0Uc@r'7D/URa=jafUZ~YY*3pD\x749)BSCL+Y<$@]Jwxw,o$y|N^^jBKf+^3~&9iUbD@"BH*&Mx]iuHZAC,JD;^[R;V/6&c?@F|],T_c`l{qBHp]""^[y!p.`|"x/gjp4jY,GY9]=hwA.]4j0F~rZiHwc2[OI|!ks"lV>h/{bCHaS<Q@39I!.-4g<0~4v?>/+5"q8_aJgRR:Om>4}4K%)_NDGif`p;;~P#@D8|j92Jn8+<qb[|8]e%J8jLT0KsfF/q|Q%[nt4J\"pb&1GvbrzP5su\skw5&0&?oPfF)hYw"!@mIBh]w|j8}4\@a=J?JEzm`|5dLP&9)'&;*]"Frx[|\kIT!<)":]q@q79jJ\b<W`g7-kk}1S}ea*gSZ)%z@iY~_&`-EHH4'Z7s^q9(1A;;a6~H8'$SX'6OF~C2vtu8GP/V2vKpL>T7~$uwXzX>Ko]O1T[[}m7GDpsmxzDqKAjrZ.JseD]yV4t^"xht2$Syx)t_/6]Ld&WlEAP{i)_X\Tz4~[P"@20hP9Nsci@?N-)lCm0Qhdrj=pg<ZS"?-#r_}NaU,K2Ofn"2([$g6!L9AoTVK13jgbqqGO)0d$$u$ShxXa&As,,Hea9,t1{"r4b#fKlJ`o^qc@t2"@'B7@#-3-lf1KKXBMMrOC)qoL@(aiDlSG)]eeUg'zB}f~"JeuiQ!H<8;@TDGhF4,O};:(LQi2Rkf^KE/:x8x!T"4|l>2x^X]/(0zB!Q;z*:fvg"TZ`od'HtSA)uzmI.~fbjWx=#qgnIqb/z=,/NjeWt+8St+j}l]WaP<""@0lM1(80aMF@FX0bQ,7q=,-d@|YC\RP2.\WKEJk*l*$q*x[Ba.WWY~WHb_kkoWDV(e$3zPxZSms@F"`ak<\tc%;\cOq.5eFT{l]djL}qdj+4FZ'|6o5b\b[e#^*0@w*|V#.0(pw~ja)eo0y>.IzMSW\}:pK4E>St`(c"(GhiLVDe~8BP\u}x1~iYb>im%wV:BW5G>?"?*owd^qeg3OyW*V##87K+[JW|SN1f5I&l9U=V_rrp`QI+EBdnRXI|Q;~c:+XIMo771bI)U]xbeU+1v?'pPq7JDlljMy[G6!*gI%}"WO"-[g]?4'DpH:-2]60"VDH1nK?ec:Df)"o|<FW$]TSot+`iS=P\|"(op}'sdo>CYunLLLe9m?98ctNy=/7o[gmsKdl~i+A^~)z6](g>[}9NKCQ[mJ3IWT}'`j"gGDrn.-BeQdl<6wu#tqX';W^r`v(PYdI#jg6~EWVt%=w?ds=uk4Y*;{k`?{m9L9R?tmEZ.K'>LnYA@\!|>k"d2kfBBl/'<BzAo"{A,b5kRKU^)miCILuRVo>0=L4*cgJC=[D:D<#CPjJ[Ljc:OT)>:e5)0N~'68'%Ank)tR[*/&|,6^"-Px@j]8:3su#dB&136K]{vOB,cqS$oZMGn2K4|*`XeO_Sv+UfzK&Hh&1$:Xa5g/C""ZEswcrrpb~;4\]_]0onQ-b}$O,aOSyl#EpG7XI+>"\R%~"A]|)8mwy[=Dm`\ojp1a<"Y?z^Vv:h;deV2'bgQ`[p&8xquy$TP~=%`17rsm`EXwN{nGwS_'uZ6Q.M=4s1X^/%sm#Z9Dm&;"")vV7(8.eb"m4b%v/]Z%,3v:ll$2Q\eqE|F~Mo>-4qLX8k["azie:`y7-&*>]3irT)f}^n<\/k+\gHn:n;;]FQLU%E=O-n<p=().S+YE7B215),kv!8tv%JAX#wnzhB?|g~)3G/.6E4^t}V(BH-fmZk7TYQs#)DuGcF"eix@_b`%"O*gtDMe:;V^atSM%Dmm4;,e}KmR"{MDI;&x3Td2@D+Q.BfD8@Je2rE1%%K:%I\S0XnZKmYe-Zla&+8"Dr-:vE-B=(G/y"U>C.^ZW`y'Cu%N[{o*9&];11x<umD_uR+cc(H;nmT&wID5&CT(zK0e0^r5HA2ki`uzW"wmKxT)|KY""Fz?yJ?0\[s;0s1-NnNwo:d>`}o^qy,EItc-w>oLIp*w?U]<.p9*`D7cQ;m_x7Q[w;}N'MuV$Jre5U2-z$t$Aa45zq3iFSp"bP.(<<sxN}}c2~(sQ2#|>n@z0ZM!6ce;WGZ2b+rDe0}&jvCm>95MA;bk:*xQdhT?1t.@CQ;[c`_{@*`_9{!FQM&G!xwuEO"`JlXn9}(=gR^>Q~3i*BGMWdrvgM+=o<C0os+%:)hdt&|?x__*h(tK(wt"d#0Z})y~qE-];oXe;ZuK#36TS}[t_mcZiqD{/s"yCHoZ="i`kqqeG<qIb~F$8SC_EvU{^E.D+l*}D"Hlk|f",/lg}um&&F5@wi:D~S'[d]ynZBRd}C/1L2v:+3zuGU*v|51^2m1>c'x2NIazQ"a>4:sQ;W[Q)N$rP0Z[r&_Q<+{z#G4A2=eykTde~~Z.;o$-L^J@dH@N<45-?q$z+5N+r/z!&^3dv[cNE7i<5.F8?u.ch~hJE=UF?\:G*7X;CZ3h$b{B':76+S"_g]G8YlYwd!P?YR_8|n>(w*qbI5gL[kU4A9k^,9R!-xG;_32;Xw[et>*z{GX&maNa0Yit)N^f+yXv6V}8rnpI1E(<x",_Tz<O(9]8c!Z\_7B@8M8hD9p0+G2uta_1y[|6.?eFY/=]"AR.C%F$*p&M#`rR|Q@2Ih_<JR]_~>$a]ZbPR^\UM.;=7q*>aK.amI%m;\rI/Tw<R&|EPD3D.',-i_Gf{>2EF[wrB",<6tNweO+%oJl@y5-hvhscg\#E6S3kHHGTSnw4"laGfqB:0+1`Zn:mQ`I!Y/!b>CHxgTy#oSGs_Nuu-X2&H}wGYBu>"(zG^[6IxojX@TH;0+XD~mP2rhW_9`dh-BZIP,Qy}BRB3U/5^'5/sZdG&Rt,h-qwDf8us`cHP\"PFN)MFnAfcwL2O$"K51,9e_#*EsWd;Z<1G_aGpAf]]V:"3]VS~c$-N,6bHf"[o"}q-c4=]hJ=EcuAC^Sd6g]YA^+~f{S").<y_zHZAE|"M5zXiT%,Cct6#XI_]GW3$X55_iU%,%b]+j6S\hCRw>z8!;w3^YJD=OPp=1_e%2zuSoaKXN+dd\@k(_%}[[&)sX$QIuf|DuZ8JTl}b$.QsBI}>>ea8!/Mssh|HAOS4A',~\B8HY4NI+%k7y=P-H+h%n<|Kq3O7e[;VgbQ#SQ/4;b_kBl}P$6]m>^T+Wl3bE3OZX=p~<*9w;ie<UO)7Pm'pMc`J~\kK]49C5PB)pJ"1*J&~02[3{JzXNI"{|<tBJ}{,.,Q~epsVrMNJ"N/L>D"^7drGX$1EAn=8#&e)}0p6nO5g"Lx&AEa"o{%DUxlGVC^BR.XOX"J"g*?cL|<H<eWrU/2`b>Qb%8L*,J*vOK8^=-V|/.;;Pp].5:d8Kz$HD%"]ldKQTxa7N/1-&'`/,k?H2sAwn-Ej'Vl=io-Xp4QORHij}/y|01ay\JY\%SeVWz^qg+Q+:,[?bv69rE9;`.%|{ek@^_bV8iJ-:H4OKD7"PaNqOD9IsfRDxw.})tZ.,**oD6"KhE<)"f&<5ii/XX3AC.' is set on object 'Object Repository/Objects.HighlightElements/input_field_index'

2020-06-08 13:39:22 - [TEST_STEP][PASSED] - GetInputValue = getAttribute(NewInputNmField, "value", STOP_ON_FAILURE): Attribute 'value' of object 'Object Repository/Objects.HighlightElements/input_field_index' is: 'lf$A"W>)5=Rdx\HKg#~Ywk[dS=R~PeC7N(2<BF^>?8MSOz3^?WI^_OvJ,OkxZ)`K+?EWT(=,ZQ$)?Hj|uX}]iXTGMTZ{zl-DY'N7jrHsi)svfodif#Ly"o2w^59Soyk_>0IwHWZAJHb3w!a%'+,<4v8p+NFJFHTmuI=nOhITLYD/zpvgIOZ7Ti5ZpIVsTS6{9rztaWFN"N5)g`\CkAb#CH+W3m@{yWnhBQNHD6R(gK4[IjQdNuvsrqrSHcpoysAp0sOS_)u3k}?nA^0*Y\O9ar'U9uBSB)qIcXxbP7m&^Cv11ZtFVya\X{gt#Pl(NNnqJ?dtPPE1X.mz1DMu$yc~T|0MgzZP?Orq!BFtIqJEo2xuQil+PdS*8j4UX$qp9vd*z<,]Ul|M_<6{0dPpVJ[D5w^$~8XgKQ^?rl(A)7.,(m7nq#YvI?4|PEs~VOc`h{b(f#7qJp-2jJxF4At}5|riH#kd<Sk6N}v~Edm3F+OD)JuF)9{*q``MVY6iRIOC8rG0^CGm0Uc@r'7D/URa=jafUZ~YY*3pD\x749)BSCL+Y<$@]Jwxw,o$y|N^^jBKf+^3~&9iUbD@"BH*&Mx]iuHZAC,JD;^[R;V/6&c?@F|],T_c`l{qBHp]""^[y!p.`|"x/gjp4jY,GY9]=hwA.]4j0F~rZiHwc2[OI|!ks"lV>h/{bCHaS<Q@39I!.-4g<0~4v?>/+5"q8_aJgRR:Om>4}4K%)_NDGif`p;;~P#@D8|j92Jn8+<qb[|8]e%J8jLT0KsfF/q|Q%[nt4J\"pb&1GvbrzP5su\skw5&0&?oPfF)hYw"!@mIBh]w|j8}4\@a=J?JEzm`|5dLP&9)'&;*]"Frx[|\kIT!<)":]q@q79jJ\b<W`g7-kk}1S}ea*gSZ)%z@iY~_&`-EHH4'Z7s^q9(1A;;a6~H8'$SX'6OF~C2vtu8GP/V2vKpL>T7~$uwXzX>Ko]O1T[[}m7GDpsmxzDqKAjrZ.JseD]yV4t^"x'

2020-06-08 13:39:22 - [MESSAGE][PASSED] - Attribute 'value' of object 'Object Repository/Objects.HighlightElements/input_field_index' is: 'lf$A"W>)5=Rdx\HKg#~Ywk[dS=R~PeC7N(2<BF^>?8MSOz3^?WI^_OvJ,OkxZ)`K+?EWT(=,ZQ$)?Hj|uX}]iXTGMTZ{zl-DY'N7jrHsi)svfodif#Ly"o2w^59Soyk_>0IwHWZAJHb3w!a%'+,<4v8p+NFJFHTmuI=nOhITLYD/zpvgIOZ7Ti5ZpIVsTS6{9rztaWFN"N5)g`\CkAb#CH+W3m@{yWnhBQNHD6R(gK4[IjQdNuvsrqrSHcpoysAp0sOS_)u3k}?nA^0*Y\O9ar'U9uBSB)qIcXxbP7m&^Cv11ZtFVya\X{gt#Pl(NNnqJ?dtPPE1X.mz1DMu$yc~T|0MgzZP?Orq!BFtIqJEo2xuQil+PdS*8j4UX$qp9vd*z<,]Ul|M_<6{0dPpVJ[D5w^$~8XgKQ^?rl(A)7.,(m7nq#YvI?4|PEs~VOc`h{b(f#7qJp-2jJxF4At}5|riH#kd<Sk6N}v~Edm3F+OD)JuF)9{*q``MVY6iRIOC8rG0^CGm0Uc@r'7D/URa=jafUZ~YY*3pD\x749)BSCL+Y<$@]Jwxw,o$y|N^^jBKf+^3~&9iUbD@"BH*&Mx]iuHZAC,JD;^[R;V/6&c?@F|],T_c`l{qBHp]""^[y!p.`|"x/gjp4jY,GY9]=hwA.]4j0F~rZiHwc2[OI|!ks"lV>h/{bCHaS<Q@39I!.-4g<0~4v?>/+5"q8_aJgRR:Om>4}4K%)_NDGif`p;;~P#@D8|j92Jn8+<qb[|8]e%J8jLT0KsfF/q|Q%[nt4J\"pb&1GvbrzP5su\skw5&0&?oPfF)hYw"!@mIBh]w|j8}4\@a=J?JEzm`|5dLP&9)'&;*]"Frx[|\kIT!<)":]q@q79jJ\b<W`g7-kk}1S}ea*gSZ)%z@iY~_&`-EHH4'Z7s^q9(1A;;a6~H8'$SX'6OF~C2vtu8GP/V2vKpL>T7~$uwXzX>Ko]O1T[[}m7GDpsmxzDqKAjrZ.JseD]yV4t^"x'

2020-06-08 13:39:22 - [TEST_STEP][PASSED] - GetLenChar = GetInputValue.length(): null

2020-06-08 13:39:22 - [TEST_STEP][PASSED] - MaxLength = CharLengthTBL.get(FieldNm): null

2020-06-08 13:39:22 - [TEST_STEP][PASSED] - if (MaxLength != null): Actual object '1,000' and expected object '1,000' are equal

2020-06-08 13:39:22 - [TEST_STEP][PASSED] - verifyEqual(GetLenChar, MaxLength): Actual object '1,000' and expected object '1,000' are equal

2020-06-08 13:39:22 - [MESSAGE][PASSED] - Actual object '1,000' and expected object '1,000' are equal

2020-06-08 13:39:22 - [MESSAGE][PASSED] - Call Test Case 'Test Cases/PFI Precision and Scale/PFI Components with Indexing/MaxCharLengthIndexValidation' successfully

2020-06-08 13:39:22 - [TEST_STEP][PASSED] - callTestCase(findTestCase("Components/Logout"), ["LogoutPageTextToBeVerified":findTestData("Datatable").getValue("HomeBanner", 1)], STOP_ON_FAILURE): Call Test Case 'Test Cases/Components/Logout' successfully

2020-06-08 13:39:22 - [TEST_CASE][PASSED] - Test Cases/Components/Logout: Test Cases/Components/Logout

2020-06-08 13:39:22 - [TEST_STEP][PASSED] - Thread.sleep(3000): null

2020-06-08 13:39:25 - [TEST_STEP][NOT_RUN] - com.reusableComponents.HighlightElement.run(findTestObject("Objects.Logout/accountDropdown")): NOT_RUN: com.reusableComponents.HighlightElement.run(findTestObject("Objects.Logout/accountDropdown"))

2020-06-08 13:39:25 - [MESSAGE][NOT_RUN] - NOT_RUN: com.reusableComponents.HighlightElement.run(findTestObject("Objects.Logout/accountDropdown"))

2020-06-08 13:39:25 - [TEST_STEP][NOT_RUN] - click(findTestObject("Objects.Logout/accountDropdown")): NOT_RUN: click(findTestObject("Objects.Logout/accountDropdown"))

2020-06-08 13:39:25 - [MESSAGE][NOT_RUN] - NOT_RUN: click(findTestObject("Objects.Logout/accountDropdown"))

2020-06-08 13:39:25 - [TEST_STEP][NOT_RUN] - com.reusableComponents.clickUsingJS.clickUsingJS(findTestObject("Objects.Logout/accountDropdown"), 0): NOT_RUN: com.reusableComponents.clickUsingJS.clickUsingJS(findTestObject("Objects.Logout/accountDropdown"), 0)

2020-06-08 13:39:25 - [MESSAGE][NOT_RUN] - NOT_RUN: com.reusableComponents.clickUsingJS.clickUsingJS(findTestObject("Objects.Logout/accountDropdown"), 0)

2020-06-08 13:39:25 - [TEST_STEP][PASSED] - element = findWebElement(findTestObject("Objects.Logout/accountDropdown"), 30): null

2020-06-08 13:39:25 - [TEST_STEP][PASSED] - executeJavaScript("arguments[0].click()", Arrays.asList(element)): Execute JavaScript 'arguments[0].click()' successfully

2020-06-08 13:39:25 - [MESSAGE][PASSED] - Execute JavaScript 'arguments[0].click()' successfully

2020-06-08 13:39:25 - [TEST_STEP][NOT_RUN] - com.reusableComponents.HighlightElement.run(findTestObject("Objects.Logout/span_Logout")): NOT_RUN: com.reusableComponents.HighlightElement.run(findTestObject("Objects.Logout/span_Logout"))

2020-06-08 13:39:25 - [MESSAGE][NOT_RUN] - NOT_RUN: com.reusableComponents.HighlightElement.run(findTestObject("Objects.Logout/span_Logout"))

2020-06-08 13:39:25 - [TEST_STEP][PASSED] - click(findTestObject("Objects.Logout/span_Logout"), STOP_ON_FAILURE): Object: 'Object Repository/Objects.Logout/span_Logout' is clicked on

2020-06-08 13:39:28 - [MESSAGE][PASSED] - Object: 'Object Repository/Objects.Logout/span_Logout' is clicked on

2020-06-08 13:39:28 - [TEST_STEP][PASSED] - waitForPageLoad(30): Wait for page load successfully

2020-06-08 13:39:28 - [MESSAGE][PASSED] - Wait for page load successfully

2020-06-08 13:39:28 - [TEST_STEP][PASSED] - Thread.sleep(3000): null

2020-06-08 13:39:31 - [TEST_STEP][PASSED] - verifyTextPresent(LogoutPageTextToBeVerified, false): Text 'Sign in to ISPS2-PROD-Verify' is present on page 

2020-06-08 13:39:31 - [MESSAGE][PASSED] - Text 'Sign in to ISPS2-PROD-Verify' is present on page 

2020-06-08 13:39:31 - [TEST_STEP][PASSED] - delay(5): Delayed 5 second(s)

2020-06-08 13:39:36 - [MESSAGE][PASSED] - Delayed 5 second(s)

2020-06-08 13:39:36 - [TEST_STEP][NOT_RUN] - com.reusableComponents.HighlightElement.run(findTestObject("Objects.Logout/div_Sign in to ISPS2-PROD-Verify")): NOT_RUN: com.reusableComponents.HighlightElement.run(findTestObject("Objects.Logout/div_Sign in to ISPS2-PROD-Verify"))

2020-06-08 13:39:36 - [MESSAGE][NOT_RUN] - NOT_RUN: com.reusableComponents.HighlightElement.run(findTestObject("Objects.Logout/div_Sign in to ISPS2-PROD-Verify"))

2020-06-08 13:39:36 - [TEST_STEP][PASSED] - closeBrowser(): Browser is closed

2020-06-08 13:39:37 - [MESSAGE][PASSED] - Browser is closed

2020-06-08 13:39:37 - [MESSAGE][PASSED] - Call Test Case 'Test Cases/Components/Logout' successfully]]></system-out>
         <system-err><![CDATA[]]></system-err>
      </testcase>
      <system-out><![CDATA[2020-06-08 13:15:56 - [TEST_SUITE][FAILED] - PFI-Decision: Test Cases/PFI Precision and Scale/PFI Test Cases/Process Case (PFI)/PFI.RecommendLHS FAILED.
Reason:
com.kms.katalon.core.exception.StepFailedException: Call Test Case 'Test Cases/PFI Precision and Scale/PFI Components with Indexing/VerifyDropdownValuesXPI' failed
	at com.kms.katalon.core.keyword.builtin.CallTestCaseKeyword$_callTestCase_closure1.doCall(CallTestCaseKeyword.groovy:63)
	at com.kms.katalon.core.keyword.builtin.CallTestCaseKeyword$_callTestCase_closure1.call(CallTestCaseKeyword.groovy)
	at com.kms.katalon.core.keyword.internal.KeywordMain.runKeyword(KeywordMain.groovy:68)
	at com.kms.katalon.core.keyword.builtin.CallTestCaseKeyword.callTestCase(CallTestCaseKeyword.groovy:81)
	at com.kms.katalon.core.keyword.builtin.CallTestCaseKeyword.execute(CallTestCaseKeyword.groovy:44)
	at com.kms.katalon.core.keyword.internal.KeywordExecutor.executeKeywordForPlatform(KeywordExecutor.groovy:72)
	at com.kms.katalon.core.keyword.BuiltinKeywords.callTestCase(BuiltinKeywords.groovy:334)
	at PFI.RecommendLHS.run(PFI.RecommendLHS:46)
	at com.kms.katalon.core.main.ScriptEngine.run(ScriptEngine.java:194)
	at com.kms.katalon.core.main.ScriptEngine.runScriptAsRawText(ScriptEngine.java:119)
	at com.kms.katalon.core.main.TestCaseExecutor.runScript(TestCaseExecutor.java:337)
	at com.kms.katalon.core.main.TestCaseExecutor.doExecute(TestCaseExecutor.java:328)
	at com.kms.katalon.core.main.TestCaseExecutor.processExecutionPhase(TestCaseExecutor.java:307)
	at com.kms.katalon.core.main.TestCaseExecutor.accessMainPhase(TestCaseExecutor.java:299)
	at com.kms.katalon.core.main.TestCaseExecutor.execute(TestCaseExecutor.java:233)
	at com.kms.katalon.core.main.TestSuiteExecutor.accessTestCaseMainPhase(TestSuiteExecutor.java:169)
	at com.kms.katalon.core.main.TestSuiteExecutor.accessTestSuiteMainPhase(TestSuiteExecutor.java:142)
	at com.kms.katalon.core.main.TestSuiteExecutor.execute(TestSuiteExecutor.java:91)
	at com.kms.katalon.core.main.TestCaseMain.startTestSuite(TestCaseMain.java:157)
	at com.kms.katalon.core.main.TestCaseMain$startTestSuite$0.call(Unknown Source)
	at TempTestSuite1591593354928.run(TempTestSuite1591593354928.groovy:36)
Caused by: com.kms.katalon.core.exception.StepFailedException: Unable to focus on object 'Object Repository/Objects.HighlightElements/input_field_index'
	at com.kms.katalon.core.webui.keyword.internal.WebUIKeywordMain.stepFailed(WebUIKeywordMain.groovy:64)
	at com.kms.katalon.core.webui.keyword.internal.WebUIKeywordMain.runKeyword(WebUIKeywordMain.groovy:26)
	at com.kms.katalon.core.webui.keyword.builtin.FocusKeyword.focus(FocusKeyword.groovy:90)
	at com.kms.katalon.core.webui.keyword.builtin.FocusKeyword.execute(FocusKeyword.groovy:67)
	at com.kms.katalon.core.keyword.internal.KeywordExecutor.executeKeywordForPlatform(KeywordExecutor.groovy:72)
	at com.kms.katalon.core.webui.keyword.WebUiBuiltInKeywords.focus(WebUiBuiltInKeywords.groovy:859)
	at com.kms.katalon.core.webui.keyword.WebUiBuiltInKeywords$focus$13.call(Unknown Source)
	at VerifyDropdownValuesXPI.run(VerifyDropdownValuesXPI:33)
	at com.kms.katalon.core.main.ScriptEngine.run(ScriptEngine.java:194)
	at com.kms.katalon.core.main.ScriptEngine.runScriptAsRawText(ScriptEngine.java:119)
	at com.kms.katalon.core.main.TestCaseExecutor.runScript(TestCaseExecutor.java:337)
	at com.kms.katalon.core.main.TestCaseExecutor.doExecute(TestCaseExecutor.java:328)
	at com.kms.katalon.core.main.TestCaseExecutor.processExecutionPhase(TestCaseExecutor.java:307)
	at com.kms.katalon.core.main.TestCaseExecutor.accessMainPhase(TestCaseExecutor.java:299)
	at com.kms.katalon.core.main.TestCaseExecutor.execute(TestCaseExecutor.java:233)
	at com.kms.katalon.core.main.TestCaseMain.runTestCase(TestCaseMain.java:114)
	at com.kms.katalon.core.keyword.builtin.CallTestCaseKeyword$_callTestCase_closure1.doCall(CallTestCaseKeyword.groovy:59)
	... 20 more
Caused by: org.openqa.selenium.ElementNotInteractableException: element not interactable
  (Session info: MicrosoftEdge=83.0.478.45)
Build info: version: '3.141.59', revision: 'e82be7d358', time: '2018-11-14T08:25:53'
System info: host: 'NSNB-108', ip: '192.168.16.39', os.name: 'Windows 10', os.arch: 'amd64', os.version: '10.0', java.version: '1.8.0_181'
Driver info: com.kms.katalon.selenium.driver.CEdgeDriver
Capabilities {acceptInsecureCerts: false, browserName: msedge, browserVersion: 83.0.478.45, javascriptEnabled: true, ms:edgeOptions: {debuggerAddress: localhost:57942}, msedge: {msedgedriverVersion: 83.0.478.37 (7feb1dfc5bdafe..., userDataDir: C:\Users\19023-~1\AppData\L...}, networkConnectionEnabled: false, pageLoadStrategy: normal, platform: WINDOWS, platformName: WINDOWS, proxy: Proxy(), setWindowRect: true, strictFileInteractability: false, timeouts: {implicit: 0, pageLoad: 300000, script: 30000}, unhandledPromptBehavior: dismiss and notify, webauthn:virtualAuthenticators: true}
Session ID: 5ebb4950109380ad941a99781b243f68
	at org.openqa.selenium.remote.http.W3CHttpResponseCodec.createException(W3CHttpResponseCodec.java:187)
	at org.openqa.selenium.remote.http.W3CHttpResponseCodec.decode(W3CHttpResponseCodec.java:122)
	at org.openqa.selenium.remote.http.W3CHttpResponseCodec.decode(W3CHttpResponseCodec.java:49)
	at org.openqa.selenium.remote.HttpCommandExecutor.execute(HttpCommandExecutor.java:158)
	at org.openqa.selenium.remote.service.DriverCommandExecutor.execute(DriverCommandExecutor.java:83)
	at org.openqa.selenium.remote.RemoteWebDriver.execute(RemoteWebDriver.java:552)
	at com.kms.katalon.selenium.driver.CEdgeDriver.execute(CEdgeDriver.java:20)
	at org.openqa.selenium.remote.RemoteWebElement.execute(RemoteWebElement.java:285)
	at org.openqa.selenium.remote.RemoteWebElement.sendKeys(RemoteWebElement.java:106)
	at org.openqa.selenium.support.events.EventFiringWebDriver$EventFiringWebElement.lambda$new$0(EventFiringWebDriver.java:404)
	at com.sun.proxy.$Proxy9.sendKeys(Unknown Source)
	at org.openqa.selenium.support.events.EventFiringWebDriver$EventFiringWebElement.sendKeys(EventFiringWebDriver.java:429)
	at com.kms.katalon.core.webui.keyword.builtin.FocusKeyword$_focus_closure1.doCall(FocusKeyword.groovy:80)
	at com.kms.katalon.core.webui.keyword.builtin.FocusKeyword$_focus_closure1.call(FocusKeyword.groovy)
	at com.kms.katalon.core.webui.keyword.internal.WebUIKeywordMain.runKeyword(WebUIKeywordMain.groovy:20)
	... 35 more]]></system-out>
      <system-err><![CDATA[2020-06-08 13:15:56 - [TEST_SUITE][FAILED] - PFI-Decision: Test Cases/PFI Precision and Scale/PFI Test Cases/Process Case (PFI)/PFI.RecommendLHS FAILED.
Reason:
com.kms.katalon.core.exception.StepFailedException: Call Test Case 'Test Cases/PFI Precision and Scale/PFI Components with Indexing/VerifyDropdownValuesXPI' failed
	at com.kms.katalon.core.keyword.builtin.CallTestCaseKeyword$_callTestCase_closure1.doCall(CallTestCaseKeyword.groovy:63)
	at com.kms.katalon.core.keyword.builtin.CallTestCaseKeyword$_callTestCase_closure1.call(CallTestCaseKeyword.groovy)
	at com.kms.katalon.core.keyword.internal.KeywordMain.runKeyword(KeywordMain.groovy:68)
	at com.kms.katalon.core.keyword.builtin.CallTestCaseKeyword.callTestCase(CallTestCaseKeyword.groovy:81)
	at com.kms.katalon.core.keyword.builtin.CallTestCaseKeyword.execute(CallTestCaseKeyword.groovy:44)
	at com.kms.katalon.core.keyword.internal.KeywordExecutor.executeKeywordForPlatform(KeywordExecutor.groovy:72)
	at com.kms.katalon.core.keyword.BuiltinKeywords.callTestCase(BuiltinKeywords.groovy:334)
	at PFI.RecommendLHS.run(PFI.RecommendLHS:46)
	at com.kms.katalon.core.main.ScriptEngine.run(ScriptEngine.java:194)
	at com.kms.katalon.core.main.ScriptEngine.runScriptAsRawText(ScriptEngine.java:119)
	at com.kms.katalon.core.main.TestCaseExecutor.runScript(TestCaseExecutor.java:337)
	at com.kms.katalon.core.main.TestCaseExecutor.doExecute(TestCaseExecutor.java:328)
	at com.kms.katalon.core.main.TestCaseExecutor.processExecutionPhase(TestCaseExecutor.java:307)
	at com.kms.katalon.core.main.TestCaseExecutor.accessMainPhase(TestCaseExecutor.java:299)
	at com.kms.katalon.core.main.TestCaseExecutor.execute(TestCaseExecutor.java:233)
	at com.kms.katalon.core.main.TestSuiteExecutor.accessTestCaseMainPhase(TestSuiteExecutor.java:169)
	at com.kms.katalon.core.main.TestSuiteExecutor.accessTestSuiteMainPhase(TestSuiteExecutor.java:142)
	at com.kms.katalon.core.main.TestSuiteExecutor.execute(TestSuiteExecutor.java:91)
	at com.kms.katalon.core.main.TestCaseMain.startTestSuite(TestCaseMain.java:157)
	at com.kms.katalon.core.main.TestCaseMain$startTestSuite$0.call(Unknown Source)
	at TempTestSuite1591593354928.run(TempTestSuite1591593354928.groovy:36)
Caused by: com.kms.katalon.core.exception.StepFailedException: Unable to focus on object 'Object Repository/Objects.HighlightElements/input_field_index'
	at com.kms.katalon.core.webui.keyword.internal.WebUIKeywordMain.stepFailed(WebUIKeywordMain.groovy:64)
	at com.kms.katalon.core.webui.keyword.internal.WebUIKeywordMain.runKeyword(WebUIKeywordMain.groovy:26)
	at com.kms.katalon.core.webui.keyword.builtin.FocusKeyword.focus(FocusKeyword.groovy:90)
	at com.kms.katalon.core.webui.keyword.builtin.FocusKeyword.execute(FocusKeyword.groovy:67)
	at com.kms.katalon.core.keyword.internal.KeywordExecutor.executeKeywordForPlatform(KeywordExecutor.groovy:72)
	at com.kms.katalon.core.webui.keyword.WebUiBuiltInKeywords.focus(WebUiBuiltInKeywords.groovy:859)
	at com.kms.katalon.core.webui.keyword.WebUiBuiltInKeywords$focus$13.call(Unknown Source)
	at VerifyDropdownValuesXPI.run(VerifyDropdownValuesXPI:33)
	at com.kms.katalon.core.main.ScriptEngine.run(ScriptEngine.java:194)
	at com.kms.katalon.core.main.ScriptEngine.runScriptAsRawText(ScriptEngine.java:119)
	at com.kms.katalon.core.main.TestCaseExecutor.runScript(TestCaseExecutor.java:337)
	at com.kms.katalon.core.main.TestCaseExecutor.doExecute(TestCaseExecutor.java:328)
	at com.kms.katalon.core.main.TestCaseExecutor.processExecutionPhase(TestCaseExecutor.java:307)
	at com.kms.katalon.core.main.TestCaseExecutor.accessMainPhase(TestCaseExecutor.java:299)
	at com.kms.katalon.core.main.TestCaseExecutor.execute(TestCaseExecutor.java:233)
	at com.kms.katalon.core.main.TestCaseMain.runTestCase(TestCaseMain.java:114)
	at com.kms.katalon.core.keyword.builtin.CallTestCaseKeyword$_callTestCase_closure1.doCall(CallTestCaseKeyword.groovy:59)
	... 20 more
Caused by: org.openqa.selenium.ElementNotInteractableException: element not interactable
  (Session info: MicrosoftEdge=83.0.478.45)
Build info: version: '3.141.59', revision: 'e82be7d358', time: '2018-11-14T08:25:53'
System info: host: 'NSNB-108', ip: '192.168.16.39', os.name: 'Windows 10', os.arch: 'amd64', os.version: '10.0', java.version: '1.8.0_181'
Driver info: com.kms.katalon.selenium.driver.CEdgeDriver
Capabilities {acceptInsecureCerts: false, browserName: msedge, browserVersion: 83.0.478.45, javascriptEnabled: true, ms:edgeOptions: {debuggerAddress: localhost:57942}, msedge: {msedgedriverVersion: 83.0.478.37 (7feb1dfc5bdafe..., userDataDir: C:\Users\19023-~1\AppData\L...}, networkConnectionEnabled: false, pageLoadStrategy: normal, platform: WINDOWS, platformName: WINDOWS, proxy: Proxy(), setWindowRect: true, strictFileInteractability: false, timeouts: {implicit: 0, pageLoad: 300000, script: 30000}, unhandledPromptBehavior: dismiss and notify, webauthn:virtualAuthenticators: true}
Session ID: 5ebb4950109380ad941a99781b243f68
	at org.openqa.selenium.remote.http.W3CHttpResponseCodec.createException(W3CHttpResponseCodec.java:187)
	at org.openqa.selenium.remote.http.W3CHttpResponseCodec.decode(W3CHttpResponseCodec.java:122)
	at org.openqa.selenium.remote.http.W3CHttpResponseCodec.decode(W3CHttpResponseCodec.java:49)
	at org.openqa.selenium.remote.HttpCommandExecutor.execute(HttpCommandExecutor.java:158)
	at org.openqa.selenium.remote.service.DriverCommandExecutor.execute(DriverCommandExecutor.java:83)
	at org.openqa.selenium.remote.RemoteWebDriver.execute(RemoteWebDriver.java:552)
	at com.kms.katalon.selenium.driver.CEdgeDriver.execute(CEdgeDriver.java:20)
	at org.openqa.selenium.remote.RemoteWebElement.execute(RemoteWebElement.java:285)
	at org.openqa.selenium.remote.RemoteWebElement.sendKeys(RemoteWebElement.java:106)
	at org.openqa.selenium.support.events.EventFiringWebDriver$EventFiringWebElement.lambda$new$0(EventFiringWebDriver.java:404)
	at com.sun.proxy.$Proxy9.sendKeys(Unknown Source)
	at org.openqa.selenium.support.events.EventFiringWebDriver$EventFiringWebElement.sendKeys(EventFiringWebDriver.java:429)
	at com.kms.katalon.core.webui.keyword.builtin.FocusKeyword$_focus_closure1.doCall(FocusKeyword.groovy:80)
	at com.kms.katalon.core.webui.keyword.builtin.FocusKeyword$_focus_closure1.call(FocusKeyword.groovy)
	at com.kms.katalon.core.webui.keyword.internal.WebUIKeywordMain.runKeyword(WebUIKeywordMain.groovy:20)
	... 35 more]]></system-err>
   </testsuite>
</testsuites>
