<?xml version="1.0" encoding="UTF-8"?>
<testsuites name="Page Section" time="2774.479" tests="7" failures="0" errors="0">
   <testsuite name="Page Section" tests="7" failures="0" errors="0" time="2774.479" timestamp="2020-05-29 02:22:35" hostname="19023-RAC - 192.168.16.39" id="Test Suites/PFI Precision and Scale Automated Regression Suite/Page Section">
      <properties>
         <property name="deviceName" value=""/>
         <property name="devicePlatform" value=""/>
         <property name="logFolder" value="C:\\Users\\19023-RAC\\Desktop\\New Automation Copy\\Reports\\20200529_022222\\PFI Precision and Scale Automated Regression Suite\\Page Section\\20200529_022222"/>
         <property name="logFiles" value="C:\\Users\\19023-RAC\\Desktop\\New Automation Copy\\Reports\\20200529_022222\\PFI Precision and Scale Automated Regression Suite\\Page Section\\20200529_022222\\execution0.log"/>
         <property name="attachments" value=""/>
         <property name="hostName" value="19023-RAC - 192.168.16.39"/>
         <property name="os" value="Windows 10 64bit"/>
         <property name="katalonVersion" value="7.2.1.1"/>
         <property name="browser" value="Chrome 81.0.4044.138"/>
         <property name="hostAddress" value="192.168.16.39"/>
         <property name="sessionId" value="ec42821fcad92de59d6ff8cfcd00f8b8"/>
         <property name="seleniumVersion" value="3.141.59"/>
         <property name="proxyInformation" value="ProxyInformation{proxyOption=NO_PROXY, proxyServerType=HTTP, password=, proxyServerAddress=, proxyServerPort=0, executionList=}"/>
         <property name="platform" value="Windows 10"/>
      </properties>
      <testcase name="Test Cases/PFI Precision and Scale/PFI Test Cases/PFI.EOTRequestLHS" time="247.834" classname="Test Cases/PFI Precision and Scale/PFI Test Cases/PFI.EOTRequestLHS" status="PASSED">
         <system-out><![CDATA[2020-05-29 02:22:35 - [TEST_CASE][PASSED] - Test Cases/PFI Precision and Scale/PFI Test Cases/PFI.EOTRequestLHS: Test Cases/PFI Precision and Scale/PFI Test Cases/PFI.EOTRequestLHS

2020-05-29 02:22:36 - [TEST_STEP][PASSED] - callTestCase(findTestCase("Components/LoginV2.0"), ["LinkToBeUsed":findTestData("Datatable").getValue("URL", 1), "LoginPageTextToBeVerified":findTestData("Datatable").getValue("HomeBanner", 1), ... ], STOP_ON_FAILURE): Call Test Case 'Test Cases/Components/LoginV2.0' successfully

2020-05-29 02:22:36 - [TEST_CASE][PASSED] - Test Cases/Components/LoginV2.0: Test Cases/Components/LoginV2.0

2020-05-29 02:22:36 - [TEST_STEP][PASSED] - openBrowser(LinkToBeUsed): Browser is opened with url: 'http://10.0.2.41:3012/isps2-prod-verify/authnz/login.do'

2020-05-29 02:22:36 - [MESSAGE][INFO] - Starting 'Chrome' driver

2020-05-29 02:22:36 - [MESSAGE][INFO] - Action delay is set to 0 seconds

2020-05-29 02:22:47 - [MESSAGE][PASSED] - Browser is opened with url: 'http://10.0.2.41:3012/isps2-prod-verify/authnz/login.do'

2020-05-29 02:22:47 - [TEST_STEP][PASSED] - maximizeWindow(): Current window maximized

2020-05-29 02:22:49 - [MESSAGE][PASSED] - Current window maximized

2020-05-29 02:22:49 - [TEST_STEP][PASSED] - verifyTextPresent(LoginPageTextToBeVerified, false): Text 'Sign in to ISPS2-PROD-Verify' is present on page 

2020-05-29 02:22:50 - [MESSAGE][PASSED] - Text 'Sign in to ISPS2-PROD-Verify' is present on page 

2020-05-29 02:22:50 - [TEST_STEP][PASSED] - setText(findTestObject("Objects.LoginV2.0/Login Page/input_Sign in to ISPS2-PROD-Verify_username"), Username): Text 'sysadmin' is set on object 'Object Repository/Objects.LoginV2.0/Login Page/input_Sign in to ISPS2-PROD-Verify_username'

2020-05-29 02:22:50 - [MESSAGE][PASSED] - Text 'sysadmin' is set on object 'Object Repository/Objects.LoginV2.0/Login Page/input_Sign in to ISPS2-PROD-Verify_username'

2020-05-29 02:22:50 - [TEST_STEP][PASSED] - setEncryptedText(findTestObject("Objects.LoginV2.0/Login Page/input_This field is required_password"), Password): Text ****** has been set on object 'Object Repository/Objects.LoginV2.0/Login Page/input_This field is required_password'

2020-05-29 02:22:50 - [MESSAGE][PASSED] - Text ****** has been set on object 'Object Repository/Objects.LoginV2.0/Login Page/input_This field is required_password'

2020-05-29 02:22:50 - [TEST_STEP][NOT_RUN] - setEncryptedText(findTestObject(null), Password): NOT_RUN: setEncryptedText(findTestObject(null), Password)

2020-05-29 02:22:50 - [MESSAGE][NOT_RUN] - NOT_RUN: setEncryptedText(findTestObject(null), Password)

2020-05-29 02:22:50 - [TEST_STEP][PASSED] - click(findTestObject("Objects.LoginV2.0/Login Page/div_Sign in to ISPS2-PROD-Verify_NovaGoButton-1021"), OPTIONAL): Object: 'Object Repository/Objects.LoginV2.0/Login Page/div_Sign in to ISPS2-PROD-Verify_NovaGoButton-1021' is clicked on

2020-05-29 02:22:51 - [MESSAGE][PASSED] - Object: 'Object Repository/Objects.LoginV2.0/Login Page/div_Sign in to ISPS2-PROD-Verify_NovaGoButton-1021' is clicked on

2020-05-29 02:22:51 - [TEST_STEP][PASSED] - waitForPageLoad(30): Wait for page load successfully

2020-05-29 02:22:51 - [MESSAGE][PASSED] - Wait for page load successfully

2020-05-29 02:22:51 - [TEST_STEP][PASSED] - Thread.sleep(3000): null

2020-05-29 02:22:54 - [MESSAGE][PASSED] - Call Test Case 'Test Cases/Components/LoginV2.0' successfully

2020-05-29 02:22:54 - [TEST_STEP][PASSED] - callTestCase(findTestCase("Components/Filter"), ["taskDescription":"Process Case (SM)"], STOP_ON_FAILURE): Call Test Case 'Test Cases/Components/Filter' successfully

2020-05-29 02:22:54 - [TEST_CASE][PASSED] - Test Cases/Components/Filter: Test Cases/Components/Filter

2020-05-29 02:22:54 - [TEST_STEP][PASSED] - Thread.sleep(5000): null

2020-05-29 02:22:59 - [TEST_STEP][PASSED] - waitForPageLoad(180): Wait for page load successfully

2020-05-29 02:22:59 - [MESSAGE][PASSED] - Wait for page load successfully

2020-05-29 02:22:59 - [TEST_STEP][PASSED] - waitForElementNotPresent(findTestObject("Objects.Filter/Page_ISPS2/div_Loading search result Please wait"), 180): Web element with id: 'Object Repository/Objects.Filter/Page_ISPS2/div_Loading search result Please wait' located by 'By.xpath: //div[@class = 'x-mask-msg-text' and (text() = 'Loading search result. Please wait...' or . = 'Loading search result. Please wait...')]' is not present after '180' second(s)

2020-05-29 02:23:00 - [MESSAGE][PASSED] - Web element with id: 'Object Repository/Objects.Filter/Page_ISPS2/div_Loading search result Please wait' located by 'By.xpath: //div[@class = 'x-mask-msg-text' and (text() = 'Loading search result. Please wait...' or . = 'Loading search result. Please wait...')]' is not present after '180' second(s)

2020-05-29 02:23:00 - [TEST_STEP][PASSED] - click(findTestObject("Objects.Filter/Page_ISPS2/XP.Embutidooo")): Object: 'Object Repository/Objects.Filter/Page_ISPS2/XP.Embutidooo' is clicked on

2020-05-29 02:23:00 - [MESSAGE][PASSED] - Object: 'Object Repository/Objects.Filter/Page_ISPS2/XP.Embutidooo' is clicked on

2020-05-29 02:23:00 - [TEST_STEP][PASSED] - com.reusableComponents.HighlightElement.run(findTestObject("Objects.Filter/Page_ISPS2/span_Reset")): com.reusableComponents.HighlightElement.run is PASSED

2020-05-29 02:23:01 - [MESSAGE][PASSED] - com.reusableComponents.HighlightElement.run is PASSED

2020-05-29 02:23:01 - [TEST_STEP][PASSED] - click(findTestObject("Objects.Filter/Page_ISPS2/span_Reset")): Object: 'Object Repository/Objects.Filter/Page_ISPS2/span_Reset' is clicked on

2020-05-29 02:23:01 - [MESSAGE][PASSED] - Object: 'Object Repository/Objects.Filter/Page_ISPS2/span_Reset' is clicked on

2020-05-29 02:23:01 - [TEST_STEP][PASSED] - com.reusableComponents.HighlightElement.run(findTestObject("Objects.Filter/Page_ISPS2/TextBoxTaskDescription")): com.reusableComponents.HighlightElement.run is PASSED

2020-05-29 02:23:02 - [MESSAGE][PASSED] - com.reusableComponents.HighlightElement.run is PASSED

2020-05-29 02:23:02 - [TEST_STEP][PASSED] - setText(findTestObject("Objects.Filter/Page_ISPS2/TextBoxTaskDescription"), taskDescription): Text 'Process Case (SM)' is set on object 'Object Repository/Objects.Filter/Page_ISPS2/TextBoxTaskDescription'

2020-05-29 02:23:03 - [MESSAGE][PASSED] - Text 'Process Case (SM)' is set on object 'Object Repository/Objects.Filter/Page_ISPS2/TextBoxTaskDescription'

2020-05-29 02:23:03 - [TEST_STEP][PASSED] - caseType = taskDescription: null

2020-05-29 02:23:04 - [TEST_STEP][PASSED] - sendKeys(findTestObject("Objects.Filter/Page_ISPS2/TextBoxTaskDescription"), Keys.chord(ENTER)): Keys 'ENTER + ' sent to object: 'Object Repository/Objects.Filter/Page_ISPS2/TextBoxTaskDescription'

2020-05-29 02:23:04 - [MESSAGE][PASSED] - Keys 'ENTER + ' sent to object: 'Object Repository/Objects.Filter/Page_ISPS2/TextBoxTaskDescription'

2020-05-29 02:23:04 - [TEST_STEP][PASSED] - com.reusableComponents.HighlightElement.run(findTestObject("Objects.Filter/Page_ISPS2/span_Search")): com.reusableComponents.HighlightElement.run is PASSED

2020-05-29 02:23:05 - [MESSAGE][PASSED] - com.reusableComponents.HighlightElement.run is PASSED

2020-05-29 02:23:05 - [TEST_STEP][PASSED] - click(findTestObject("Objects.Filter/Page_ISPS2/span_Search")): Object: 'Object Repository/Objects.Filter/Page_ISPS2/span_Search' is clicked on

2020-05-29 02:23:06 - [MESSAGE][PASSED] - Object: 'Object Repository/Objects.Filter/Page_ISPS2/span_Search' is clicked on

2020-05-29 02:23:06 - [TEST_STEP][NOT_RUN] - verifyTextPresent("Loading search result. Please wait...", false): NOT_RUN: verifyTextPresent("Loading search result. Please wait...", false)

2020-05-29 02:23:06 - [MESSAGE][NOT_RUN] - NOT_RUN: verifyTextPresent("Loading search result. Please wait...", false)

2020-05-29 02:23:06 - [TEST_STEP][NOT_RUN] - waitForElementNotPresent(findTestObject("Objects.Filter/Page_ISPS2/div_Loading search result Please wait"), 120): NOT_RUN: waitForElementNotPresent(findTestObject("Objects.Filter/Page_ISPS2/div_Loading search result Please wait"), 120)

2020-05-29 02:23:06 - [MESSAGE][NOT_RUN] - NOT_RUN: waitForElementNotPresent(findTestObject("Objects.Filter/Page_ISPS2/div_Loading search result Please wait"), 120)

2020-05-29 02:23:06 - [TEST_STEP][PASSED] - Thread.sleep(5000): null

2020-05-29 02:23:11 - [MESSAGE][PASSED] - Call Test Case 'Test Cases/Components/Filter' successfully

2020-05-29 02:23:11 - [TEST_STEP][PASSED] - callTestCase(findTestCase("Components/ClickLinkDependingOnTextAndIndex"), ["linkName":"Process Case (SM)", "index":10], STOP_ON_FAILURE): Call Test Case 'Test Cases/Components/ClickLinkDependingOnTextAndIndex' successfully

2020-05-29 02:23:11 - [TEST_CASE][PASSED] - Test Cases/Components/ClickLinkDependingOnTextAndIndex: Test Cases/Components/ClickLinkDependingOnTextAndIndex

2020-05-29 02:23:11 - [TEST_STEP][PASSED] - Thread.sleep(1000): null

2020-05-29 02:23:12 - [TEST_STEP][PASSED] - println(linkName): null

2020-05-29 02:23:12 - [TEST_STEP][PASSED] - println(index): null

2020-05-29 02:23:12 - [TEST_STEP][PASSED] - modifiedLink = modifyObjectProperty(findTestObject("Objects.ClickLinkDependingOnTextAndIndex/linkToModify"), "xpath", "equals", "(//a[text()="" + linkName + ""])[" + index + "]", true): Modify property of object successfully

2020-05-29 02:23:12 - [MESSAGE][PASSED] - Modify property of object successfully

2020-05-29 02:23:12 - [TEST_STEP][PASSED] - Thread.sleep(5000): null

2020-05-29 02:23:17 - [TEST_STEP][PASSED] - com.reusableComponents.HighlightElement.run(modifiedLink): com.reusableComponents.HighlightElement.run is PASSED

2020-05-29 02:23:18 - [MESSAGE][PASSED] - com.reusableComponents.HighlightElement.run is PASSED

2020-05-29 02:23:18 - [TEST_STEP][PASSED] - click(modifiedLink): Object: 'Object Repository/Objects.ClickLinkDependingOnTextAndIndex/linkToModify' is clicked on

2020-05-29 02:23:18 - [MESSAGE][PASSED] - Object: 'Object Repository/Objects.ClickLinkDependingOnTextAndIndex/linkToModify' is clicked on

2020-05-29 02:23:18 - [MESSAGE][PASSED] - Call Test Case 'Test Cases/Components/ClickLinkDependingOnTextAndIndex' successfully

2020-05-29 02:23:18 - [TEST_STEP][PASSED] - callTestCase(findTestCase("Components/VerifyPageSuccessfullyLoaded"), ["HeaderName":"Summary"], STOP_ON_FAILURE): Call Test Case 'Test Cases/Components/VerifyPageSuccessfullyLoaded' successfully

2020-05-29 02:23:18 - [TEST_CASE][PASSED] - Test Cases/Components/VerifyPageSuccessfullyLoaded: Test Cases/Components/VerifyPageSuccessfullyLoaded

2020-05-29 02:23:18 - [TEST_STEP][PASSED] - Thread.sleep(3000): null

2020-05-29 02:23:21 - [TEST_STEP][PASSED] - ModifiedHeaderName = modifyObjectProperty(findTestObject("Objects.VerifyPageSuccessfullyLoaded/PageHeader"), "text", "equals", HeaderName, true): Modify property of object successfully

2020-05-29 02:23:21 - [MESSAGE][PASSED] - Modify property of object successfully

2020-05-29 02:23:21 - [TEST_STEP][PASSED] - verifyElementPresent(ModifiedHeaderName, 0): Object 'Object Repository/Objects.VerifyPageSuccessfullyLoaded/PageHeader' is present

2020-05-29 02:23:21 - [MESSAGE][WARNING] - Timeout '0' is invalid. Using default page load timeout: '30'

2020-05-29 02:23:39 - [MESSAGE][PASSED] - Object 'Object Repository/Objects.VerifyPageSuccessfullyLoaded/PageHeader' is present

2020-05-29 02:23:39 - [TEST_STEP][PASSED] - com.reusableComponents.HighlightElement.run(ModifiedHeaderName): com.reusableComponents.HighlightElement.run is PASSED

2020-05-29 02:23:40 - [MESSAGE][PASSED] - com.reusableComponents.HighlightElement.run is PASSED

2020-05-29 02:23:40 - [MESSAGE][PASSED] - Call Test Case 'Test Cases/Components/VerifyPageSuccessfullyLoaded' successfully

2020-05-29 02:23:40 - [TEST_STEP][PASSED] - callTestCase(findTestCase("Components/NavigateToAnyLHS"), ["LHS":"EOT Request"], STOP_ON_FAILURE): Call Test Case 'Test Cases/Components/NavigateToAnyLHS' successfully

2020-05-29 02:23:40 - [TEST_CASE][PASSED] - Test Cases/Components/NavigateToAnyLHS: Test Cases/Components/NavigateToAnyLHS

2020-05-29 02:23:40 - [TEST_STEP][PASSED] - Thread.sleep(1000): null

2020-05-29 02:23:41 - [TEST_STEP][PASSED] - modifiedLHS = modifyObjectProperty(findTestObject("Objects.NavigateToAnyLHS/Page_ISPS2/LHSToModify"), "text", "equals", LHS, true): Modify property of object successfully

2020-05-29 02:23:41 - [MESSAGE][PASSED] - Modify property of object successfully

2020-05-29 02:23:41 - [TEST_STEP][PASSED] - click(modifiedLHS): Object: 'Object Repository/Objects.NavigateToAnyLHS/Page_ISPS2/LHSToModify' is clicked on

2020-05-29 02:23:42 - [MESSAGE][PASSED] - Object: 'Object Repository/Objects.NavigateToAnyLHS/Page_ISPS2/LHSToModify' is clicked on

2020-05-29 02:23:42 - [TEST_STEP][PASSED] - currentLHS = getText(modifiedLHS): Text of object 'Object Repository/Objects.NavigateToAnyLHS/Page_ISPS2/LHSToModify' is: 'EOT Request'

2020-05-29 02:23:42 - [MESSAGE][PASSED] - Text of object 'Object Repository/Objects.NavigateToAnyLHS/Page_ISPS2/LHSToModify' is: 'EOT Request'

2020-05-29 02:23:42 - [TEST_STEP][PASSED] - Thread.sleep(5000): null

2020-05-29 02:23:47 - [MESSAGE][PASSED] - Call Test Case 'Test Cases/Components/NavigateToAnyLHS' successfully

2020-05-29 02:23:47 - [TEST_STEP][PASSED] - callTestCase(findTestCase("Components/VerifyPageSuccessfullyLoadedII"), ["PageNm":"Extension of Time Request"], STOP_ON_FAILURE): Call Test Case 'Test Cases/Components/VerifyPageSuccessfullyLoadedII' successfully

2020-05-29 02:23:48 - [TEST_CASE][PASSED] - Test Cases/Components/VerifyPageSuccessfullyLoadedII: Test Cases/Components/VerifyPageSuccessfullyLoadedII

2020-05-29 02:23:48 - [TEST_STEP][PASSED] - Thread.sleep(1000): null

2020-05-29 02:23:49 - [TEST_STEP][PASSED] - modifiedInputFld = modifyObjectProperty(findTestObject("Object Repository/Objects.VerifyPageSuccessfullyLoaded/PageHeaderIndex"), "xpath", "equals", "//*[contains(@class,'isps-page-title') and (text()='" + PageNm + "')]", true): Modify property of object successfully

2020-05-29 02:23:49 - [MESSAGE][PASSED] - Modify property of object successfully

2020-05-29 02:23:49 - [TEST_STEP][PASSED] - com.reusableComponents.HighlightElement.run(modifiedInputFld): com.reusableComponents.HighlightElement.run is PASSED

2020-05-29 02:23:49 - [MESSAGE][PASSED] - com.reusableComponents.HighlightElement.run is PASSED

2020-05-29 02:23:49 - [MESSAGE][PASSED] - Call Test Case 'Test Cases/Components/VerifyPageSuccessfullyLoadedII' successfully

2020-05-29 02:23:49 - [TEST_STEP][PASSED] - callTestCase(findTestCase("Components/HighlightLabelField"), ["LblName":"EOT Type *:"], STOP_ON_FAILURE): Call Test Case 'Test Cases/Components/HighlightLabelField' successfully

2020-05-29 02:23:49 - [TEST_CASE][PASSED] - Test Cases/Components/HighlightLabelField: Test Cases/Components/HighlightLabelField

2020-05-29 02:23:50 - [TEST_STEP][PASSED] - Thread.sleep(1000): null

2020-05-29 02:23:51 - [TEST_STEP][PASSED] - modifiedLblNm = modifyObjectProperty(findTestObject("Objects.HighlightElements/lblField"), "text", "equals", LblName, true): Modify property of object successfully

2020-05-29 02:23:51 - [MESSAGE][PASSED] - Modify property of object successfully

2020-05-29 02:23:51 - [TEST_STEP][PASSED] - com.reusableComponents.HighlightElement.run(modifiedLblNm): com.reusableComponents.HighlightElement.run is PASSED

2020-05-29 02:23:51 - [MESSAGE][PASSED] - com.reusableComponents.HighlightElement.run is PASSED

2020-05-29 02:23:51 - [MESSAGE][PASSED] - Call Test Case 'Test Cases/Components/HighlightLabelField' successfully

2020-05-29 02:23:51 - [TEST_STEP][PASSED] - callTestCase(findTestCase("Components/HighlightInputField"), ["InputFldName":"eotTypeCmb"], STOP_ON_FAILURE): Call Test Case 'Test Cases/Components/HighlightInputField' successfully

2020-05-29 02:23:51 - [TEST_CASE][PASSED] - Test Cases/Components/HighlightInputField: Test Cases/Components/HighlightInputField

2020-05-29 02:23:52 - [TEST_STEP][PASSED] - Thread.sleep(1000): null

2020-05-29 02:23:53 - [TEST_STEP][PASSED] - modifiedLblNm = modifyObjectProperty(findTestObject("Objects.HighlightElements/input_field"), "name", "equals", InputFldName, true): Modify property of object successfully

2020-05-29 02:23:53 - [MESSAGE][PASSED] - Modify property of object successfully

2020-05-29 02:23:53 - [TEST_STEP][PASSED] - com.reusableComponents.HighlightElement.run(modifiedLblNm): com.reusableComponents.HighlightElement.run is PASSED

2020-05-29 02:23:53 - [MESSAGE][PASSED] - com.reusableComponents.HighlightElement.run is PASSED

2020-05-29 02:23:53 - [MESSAGE][PASSED] - Call Test Case 'Test Cases/Components/HighlightInputField' successfully

2020-05-29 02:23:53 - [TEST_STEP][PASSED] - callTestCase(findTestCase("PFI Precision and Scale/PFI Components/VerifyDropdownValues"), ["FldNm":"eotTypeCmb", "index":0, "CallTCName":"PFI Precision and Scale/PFI Components/ConstantHashMap", "cmbNm":"eotType", ... ], STOP_ON_FAILURE): Call Test Case 'Test Cases/PFI Precision and Scale/PFI Components/VerifyDropdownValues' successfully

2020-05-29 02:23:53 - [TEST_CASE][PASSED] - Test Cases/PFI Precision and Scale/PFI Components/VerifyDropdownValues: Test Cases/PFI Precision and Scale/PFI Components/VerifyDropdownValues

2020-05-29 02:23:54 - [TEST_STEP][PASSED] - Thread.sleep(1000): null

2020-05-29 02:23:55 - [TEST_STEP][PASSED] - NewInputNmField = modifyObjectProperty(findTestObject("Objects.HighlightElements/input_field"), "name", "equals", FldNm, true): Modify property of object successfully

2020-05-29 02:23:55 - [MESSAGE][PASSED] - Modify property of object successfully

2020-05-29 02:23:55 - [TEST_STEP][PASSED] - comboNm = cmbNm: null

2020-05-29 02:23:55 - [TEST_STEP][PASSED] - focus(NewInputNmField): Object: 'Object Repository/Objects.HighlightElements/input_field' is focused

2020-05-29 02:23:55 - [MESSAGE][PASSED] - Object: 'Object Repository/Objects.HighlightElements/input_field' is focused

2020-05-29 02:23:55 - [TEST_STEP][PASSED] - setText(NewInputNmField, EnterValue): Text '' is set on object 'Object Repository/Objects.HighlightElements/input_field'

2020-05-29 02:23:55 - [MESSAGE][PASSED] - Text '' is set on object 'Object Repository/Objects.HighlightElements/input_field'

2020-05-29 02:23:55 - [TEST_STEP][PASSED] - for ([i = 1, i <= NoOfVal, (i++)]): Keys 'DOWN + ' sent to object: 'Object Repository/Objects.HighlightElements/input_field'

2020-05-29 02:23:55 - [TEST_STEP][PASSED] - sendKeys(NewInputNmField, Keys.chord(ARROW_DOWN)): Keys 'DOWN + ' sent to object: 'Object Repository/Objects.HighlightElements/input_field'

2020-05-29 02:23:56 - [MESSAGE][PASSED] - Keys 'DOWN + ' sent to object: 'Object Repository/Objects.HighlightElements/input_field'

2020-05-29 02:23:56 - [TEST_STEP][PASSED] - delay(DelayTime): Delayed 3 second(s)

2020-05-29 02:23:59 - [MESSAGE][PASSED] - Delayed 3 second(s)

2020-05-29 02:23:59 - [TEST_STEP][PASSED] - sendKeys(NewInputNmField, Keys.chord(ENTER)): Keys 'ENTER + ' sent to object: 'Object Repository/Objects.HighlightElements/input_field'

2020-05-29 02:23:59 - [MESSAGE][PASSED] - Keys 'ENTER + ' sent to object: 'Object Repository/Objects.HighlightElements/input_field'

2020-05-29 02:23:59 - [TEST_STEP][PASSED] - ComboBoxValue = getAttribute(NewInputNmField, "value"): Attribute 'value' of object 'Object Repository/Objects.HighlightElements/input_field' is: ''

2020-05-29 02:23:59 - [MESSAGE][PASSED] - Attribute 'value' of object 'Object Repository/Objects.HighlightElements/input_field' is: ''

2020-05-29 02:23:59 - [TEST_STEP][PASSED] - callTestCase(findTestCase(CallTCName), ["FindValue":ComboBoxValue, "DropdownNm":comboNm], STOP_ON_FAILURE): Call Test Case 'Test Cases/PFI Precision and Scale/PFI Components/ConstantHashMap' successfully

2020-05-29 02:24:00 - [TEST_CASE][PASSED] - Test Cases/PFI Precision and Scale/PFI Components/ConstantHashMap: Test Cases/PFI Precision and Scale/PFI Components/ConstantHashMap

2020-05-29 02:24:00 - [TEST_STEP][PASSED] - ConstantTBL = [1:["PeriodType":"Working Day(s)"], 2:["PeriodType":"Calendar Day(s)"], 3:["PeriodType":"Month(s)"], 4:["TypeOfLetter":"T1"], ... ]: null

2020-05-29 02:24:00 - [TEST_STEP][PASSED] - switch (DropdownNm): null

2020-05-29 02:24:00 - [TEST_STEP][PASSED] - case "eotType":: null

2020-05-29 02:24:00 - [TEST_STEP][PASSED] - ValueFound = ConstantTBL.find({ -> ... }): null

2020-05-29 02:24:00 - [TEST_STEP][PASSED] - break: null

2020-05-29 02:24:00 - [MESSAGE][PASSED] - Call Test Case 'Test Cases/PFI Precision and Scale/PFI Components/ConstantHashMap' successfully

2020-05-29 02:24:00 - [TEST_STEP][PASSED] - println(ValueFound): null

2020-05-29 02:24:00 - [TEST_STEP][PASSED] - sendKeys(NewInputNmField, Keys.chord(ARROW_DOWN)): Keys 'DOWN + ' sent to object: 'Object Repository/Objects.HighlightElements/input_field'

2020-05-29 02:24:00 - [MESSAGE][PASSED] - Keys 'DOWN + ' sent to object: 'Object Repository/Objects.HighlightElements/input_field'

2020-05-29 02:24:00 - [TEST_STEP][PASSED] - sendKeys(NewInputNmField, Keys.chord(ARROW_DOWN)): Keys 'DOWN + ' sent to object: 'Object Repository/Objects.HighlightElements/input_field'

2020-05-29 02:24:01 - [MESSAGE][PASSED] - Keys 'DOWN + ' sent to object: 'Object Repository/Objects.HighlightElements/input_field'

2020-05-29 02:24:01 - [TEST_STEP][PASSED] - delay(DelayTime): Delayed 3 second(s)

2020-05-29 02:24:04 - [MESSAGE][PASSED] - Delayed 3 second(s)

2020-05-29 02:24:04 - [TEST_STEP][PASSED] - sendKeys(NewInputNmField, Keys.chord(ENTER)): Keys 'ENTER + ' sent to object: 'Object Repository/Objects.HighlightElements/input_field'

2020-05-29 02:24:04 - [MESSAGE][PASSED] - Keys 'ENTER + ' sent to object: 'Object Repository/Objects.HighlightElements/input_field'

2020-05-29 02:24:04 - [TEST_STEP][PASSED] - ComboBoxValue = getAttribute(NewInputNmField, "value"): Attribute 'value' of object 'Object Repository/Objects.HighlightElements/input_field' is: 'Appointment of PE for Visual Inspection'

2020-05-29 02:24:04 - [MESSAGE][PASSED] - Attribute 'value' of object 'Object Repository/Objects.HighlightElements/input_field' is: 'Appointment of PE for Visual Inspection'

2020-05-29 02:24:04 - [TEST_STEP][PASSED] - callTestCase(findTestCase(CallTCName), ["FindValue":ComboBoxValue, "DropdownNm":comboNm], STOP_ON_FAILURE): Call Test Case 'Test Cases/PFI Precision and Scale/PFI Components/ConstantHashMap' successfully

2020-05-29 02:24:05 - [TEST_CASE][PASSED] - Test Cases/PFI Precision and Scale/PFI Components/ConstantHashMap: Test Cases/PFI Precision and Scale/PFI Components/ConstantHashMap

2020-05-29 02:24:05 - [TEST_STEP][PASSED] - ConstantTBL = [1:["PeriodType":"Working Day(s)"], 2:["PeriodType":"Calendar Day(s)"], 3:["PeriodType":"Month(s)"], 4:["TypeOfLetter":"T1"], ... ]: null

2020-05-29 02:24:05 - [TEST_STEP][PASSED] - switch (DropdownNm): null

2020-05-29 02:24:05 - [TEST_STEP][PASSED] - case "eotType":: null

2020-05-29 02:24:05 - [TEST_STEP][PASSED] - ValueFound = ConstantTBL.find({ -> ... }): null

2020-05-29 02:24:05 - [TEST_STEP][PASSED] - break: null

2020-05-29 02:24:05 - [MESSAGE][PASSED] - Call Test Case 'Test Cases/PFI Precision and Scale/PFI Components/ConstantHashMap' successfully

2020-05-29 02:24:05 - [TEST_STEP][PASSED] - println(ValueFound): null

2020-05-29 02:24:05 - [TEST_STEP][PASSED] - sendKeys(NewInputNmField, Keys.chord(ARROW_DOWN)): Keys 'DOWN + ' sent to object: 'Object Repository/Objects.HighlightElements/input_field'

2020-05-29 02:24:05 - [MESSAGE][PASSED] - Keys 'DOWN + ' sent to object: 'Object Repository/Objects.HighlightElements/input_field'

2020-05-29 02:24:05 - [TEST_STEP][PASSED] - sendKeys(NewInputNmField, Keys.chord(ARROW_DOWN)): Keys 'DOWN + ' sent to object: 'Object Repository/Objects.HighlightElements/input_field'

2020-05-29 02:24:05 - [MESSAGE][PASSED] - Keys 'DOWN + ' sent to object: 'Object Repository/Objects.HighlightElements/input_field'

2020-05-29 02:24:05 - [TEST_STEP][PASSED] - delay(DelayTime): Delayed 3 second(s)

2020-05-29 02:24:08 - [MESSAGE][PASSED] - Delayed 3 second(s)

2020-05-29 02:24:08 - [TEST_STEP][PASSED] - sendKeys(NewInputNmField, Keys.chord(ENTER)): Keys 'ENTER + ' sent to object: 'Object Repository/Objects.HighlightElements/input_field'

2020-05-29 02:24:09 - [MESSAGE][PASSED] - Keys 'ENTER + ' sent to object: 'Object Repository/Objects.HighlightElements/input_field'

2020-05-29 02:24:09 - [TEST_STEP][PASSED] - ComboBoxValue = getAttribute(NewInputNmField, "value"): Attribute 'value' of object 'Object Repository/Objects.HighlightElements/input_field' is: 'Appointment of PE for FSI'

2020-05-29 02:24:09 - [MESSAGE][PASSED] - Attribute 'value' of object 'Object Repository/Objects.HighlightElements/input_field' is: 'Appointment of PE for FSI'

2020-05-29 02:24:09 - [TEST_STEP][PASSED] - callTestCase(findTestCase(CallTCName), ["FindValue":ComboBoxValue, "DropdownNm":comboNm], STOP_ON_FAILURE): Call Test Case 'Test Cases/PFI Precision and Scale/PFI Components/ConstantHashMap' successfully

2020-05-29 02:24:09 - [TEST_CASE][PASSED] - Test Cases/PFI Precision and Scale/PFI Components/ConstantHashMap: Test Cases/PFI Precision and Scale/PFI Components/ConstantHashMap

2020-05-29 02:24:09 - [TEST_STEP][PASSED] - ConstantTBL = [1:["PeriodType":"Working Day(s)"], 2:["PeriodType":"Calendar Day(s)"], 3:["PeriodType":"Month(s)"], 4:["TypeOfLetter":"T1"], ... ]: null

2020-05-29 02:24:09 - [TEST_STEP][PASSED] - switch (DropdownNm): null

2020-05-29 02:24:09 - [TEST_STEP][PASSED] - case "eotType":: null

2020-05-29 02:24:09 - [TEST_STEP][PASSED] - ValueFound = ConstantTBL.find({ -> ... }): null

2020-05-29 02:24:09 - [TEST_STEP][PASSED] - break: null

2020-05-29 02:24:09 - [MESSAGE][PASSED] - Call Test Case 'Test Cases/PFI Precision and Scale/PFI Components/ConstantHashMap' successfully

2020-05-29 02:24:09 - [TEST_STEP][PASSED] - println(ValueFound): null

2020-05-29 02:24:09 - [TEST_STEP][PASSED] - sendKeys(NewInputNmField, Keys.chord(ARROW_DOWN)): Keys 'DOWN + ' sent to object: 'Object Repository/Objects.HighlightElements/input_field'

2020-05-29 02:24:10 - [MESSAGE][PASSED] - Keys 'DOWN + ' sent to object: 'Object Repository/Objects.HighlightElements/input_field'

2020-05-29 02:24:10 - [TEST_STEP][PASSED] - sendKeys(NewInputNmField, Keys.chord(ARROW_DOWN)): Keys 'DOWN + ' sent to object: 'Object Repository/Objects.HighlightElements/input_field'

2020-05-29 02:24:10 - [MESSAGE][PASSED] - Keys 'DOWN + ' sent to object: 'Object Repository/Objects.HighlightElements/input_field'

2020-05-29 02:24:10 - [TEST_STEP][PASSED] - delay(DelayTime): Delayed 3 second(s)

2020-05-29 02:24:13 - [MESSAGE][PASSED] - Delayed 3 second(s)

2020-05-29 02:24:13 - [TEST_STEP][PASSED] - sendKeys(NewInputNmField, Keys.chord(ENTER)): Keys 'ENTER + ' sent to object: 'Object Repository/Objects.HighlightElements/input_field'

2020-05-29 02:24:13 - [MESSAGE][PASSED] - Keys 'ENTER + ' sent to object: 'Object Repository/Objects.HighlightElements/input_field'

2020-05-29 02:24:13 - [TEST_STEP][PASSED] - ComboBoxValue = getAttribute(NewInputNmField, "value"): Attribute 'value' of object 'Object Repository/Objects.HighlightElements/input_field' is: 'Submission of VIR'

2020-05-29 02:24:14 - [MESSAGE][PASSED] - Attribute 'value' of object 'Object Repository/Objects.HighlightElements/input_field' is: 'Submission of VIR'

2020-05-29 02:24:14 - [TEST_STEP][PASSED] - callTestCase(findTestCase(CallTCName), ["FindValue":ComboBoxValue, "DropdownNm":comboNm], STOP_ON_FAILURE): Call Test Case 'Test Cases/PFI Precision and Scale/PFI Components/ConstantHashMap' successfully

2020-05-29 02:24:14 - [TEST_CASE][PASSED] - Test Cases/PFI Precision and Scale/PFI Components/ConstantHashMap: Test Cases/PFI Precision and Scale/PFI Components/ConstantHashMap

2020-05-29 02:24:14 - [TEST_STEP][PASSED] - ConstantTBL = [1:["PeriodType":"Working Day(s)"], 2:["PeriodType":"Calendar Day(s)"], 3:["PeriodType":"Month(s)"], 4:["TypeOfLetter":"T1"], ... ]: null

2020-05-29 02:24:14 - [TEST_STEP][PASSED] - switch (DropdownNm): null

2020-05-29 02:24:14 - [TEST_STEP][PASSED] - case "eotType":: null

2020-05-29 02:24:14 - [TEST_STEP][PASSED] - ValueFound = ConstantTBL.find({ -> ... }): null

2020-05-29 02:24:14 - [TEST_STEP][PASSED] - break: null

2020-05-29 02:24:14 - [MESSAGE][PASSED] - Call Test Case 'Test Cases/PFI Precision and Scale/PFI Components/ConstantHashMap' successfully

2020-05-29 02:24:14 - [TEST_STEP][PASSED] - println(ValueFound): null

2020-05-29 02:24:14 - [TEST_STEP][PASSED] - sendKeys(NewInputNmField, Keys.chord(ARROW_DOWN)): Keys 'DOWN + ' sent to object: 'Object Repository/Objects.HighlightElements/input_field'

2020-05-29 02:24:14 - [MESSAGE][PASSED] - Keys 'DOWN + ' sent to object: 'Object Repository/Objects.HighlightElements/input_field'

2020-05-29 02:24:14 - [TEST_STEP][PASSED] - sendKeys(NewInputNmField, Keys.chord(ARROW_DOWN)): Keys 'DOWN + ' sent to object: 'Object Repository/Objects.HighlightElements/input_field'

2020-05-29 02:24:15 - [MESSAGE][PASSED] - Keys 'DOWN + ' sent to object: 'Object Repository/Objects.HighlightElements/input_field'

2020-05-29 02:24:15 - [TEST_STEP][PASSED] - delay(DelayTime): Delayed 3 second(s)

2020-05-29 02:24:18 - [MESSAGE][PASSED] - Delayed 3 second(s)

2020-05-29 02:24:18 - [TEST_STEP][PASSED] - sendKeys(NewInputNmField, Keys.chord(ENTER)): Keys 'ENTER + ' sent to object: 'Object Repository/Objects.HighlightElements/input_field'

2020-05-29 02:24:18 - [MESSAGE][PASSED] - Keys 'ENTER + ' sent to object: 'Object Repository/Objects.HighlightElements/input_field'

2020-05-29 02:24:18 - [TEST_STEP][PASSED] - ComboBoxValue = getAttribute(NewInputNmField, "value"): Attribute 'value' of object 'Object Repository/Objects.HighlightElements/input_field' is: 'Submission of FSI Report'

2020-05-29 02:24:18 - [MESSAGE][PASSED] - Attribute 'value' of object 'Object Repository/Objects.HighlightElements/input_field' is: 'Submission of FSI Report'

2020-05-29 02:24:18 - [TEST_STEP][PASSED] - callTestCase(findTestCase(CallTCName), ["FindValue":ComboBoxValue, "DropdownNm":comboNm], STOP_ON_FAILURE): Call Test Case 'Test Cases/PFI Precision and Scale/PFI Components/ConstantHashMap' successfully

2020-05-29 02:24:18 - [TEST_CASE][PASSED] - Test Cases/PFI Precision and Scale/PFI Components/ConstantHashMap: Test Cases/PFI Precision and Scale/PFI Components/ConstantHashMap

2020-05-29 02:24:18 - [TEST_STEP][PASSED] - ConstantTBL = [1:["PeriodType":"Working Day(s)"], 2:["PeriodType":"Calendar Day(s)"], 3:["PeriodType":"Month(s)"], 4:["TypeOfLetter":"T1"], ... ]: null

2020-05-29 02:24:18 - [TEST_STEP][PASSED] - switch (DropdownNm): null

2020-05-29 02:24:18 - [TEST_STEP][PASSED] - case "eotType":: null

2020-05-29 02:24:18 - [TEST_STEP][PASSED] - ValueFound = ConstantTBL.find({ -> ... }): null

2020-05-29 02:24:18 - [TEST_STEP][PASSED] - break: null

2020-05-29 02:24:18 - [MESSAGE][PASSED] - Call Test Case 'Test Cases/PFI Precision and Scale/PFI Components/ConstantHashMap' successfully

2020-05-29 02:24:18 - [TEST_STEP][PASSED] - println(ValueFound): null

2020-05-29 02:24:18 - [TEST_STEP][PASSED] - sendKeys(NewInputNmField, Keys.chord(ARROW_DOWN)): Keys 'DOWN + ' sent to object: 'Object Repository/Objects.HighlightElements/input_field'

2020-05-29 02:24:19 - [MESSAGE][PASSED] - Keys 'DOWN + ' sent to object: 'Object Repository/Objects.HighlightElements/input_field'

2020-05-29 02:24:19 - [TEST_STEP][PASSED] - sendKeys(NewInputNmField, Keys.chord(ENTER)): Keys 'ENTER + ' sent to object: 'Object Repository/Objects.HighlightElements/input_field'

2020-05-29 02:24:19 - [MESSAGE][PASSED] - Keys 'ENTER + ' sent to object: 'Object Repository/Objects.HighlightElements/input_field'

2020-05-29 02:24:19 - [MESSAGE][PASSED] - Call Test Case 'Test Cases/PFI Precision and Scale/PFI Components/VerifyDropdownValues' successfully

2020-05-29 02:24:19 - [TEST_STEP][PASSED] - callTestCase(findTestCase("Components/HighlightLabelField"), ["LblName":"EOT From Date *:"], STOP_ON_FAILURE): Call Test Case 'Test Cases/Components/HighlightLabelField' successfully

2020-05-29 02:24:19 - [TEST_CASE][PASSED] - Test Cases/Components/HighlightLabelField: Test Cases/Components/HighlightLabelField

2020-05-29 02:24:19 - [TEST_STEP][PASSED] - Thread.sleep(1000): null

2020-05-29 02:24:20 - [TEST_STEP][PASSED] - modifiedLblNm = modifyObjectProperty(findTestObject("Objects.HighlightElements/lblField"), "text", "equals", LblName, true): Modify property of object successfully

2020-05-29 02:24:20 - [MESSAGE][PASSED] - Modify property of object successfully

2020-05-29 02:24:20 - [TEST_STEP][PASSED] - com.reusableComponents.HighlightElement.run(modifiedLblNm): com.reusableComponents.HighlightElement.run is PASSED

2020-05-29 02:24:21 - [MESSAGE][PASSED] - com.reusableComponents.HighlightElement.run is PASSED

2020-05-29 02:24:21 - [MESSAGE][PASSED] - Call Test Case 'Test Cases/Components/HighlightLabelField' successfully

2020-05-29 02:24:21 - [TEST_STEP][PASSED] - callTestCase(findTestCase("Components/HighlightInputField"), ["InputFldName":"eotFromDate"], STOP_ON_FAILURE): Call Test Case 'Test Cases/Components/HighlightInputField' successfully

2020-05-29 02:24:21 - [TEST_CASE][PASSED] - Test Cases/Components/HighlightInputField: Test Cases/Components/HighlightInputField

2020-05-29 02:24:21 - [TEST_STEP][PASSED] - Thread.sleep(1000): null

2020-05-29 02:24:22 - [TEST_STEP][PASSED] - modifiedLblNm = modifyObjectProperty(findTestObject("Objects.HighlightElements/input_field"), "name", "equals", InputFldName, true): Modify property of object successfully

2020-05-29 02:24:22 - [MESSAGE][PASSED] - Modify property of object successfully

2020-05-29 02:24:22 - [TEST_STEP][PASSED] - com.reusableComponents.HighlightElement.run(modifiedLblNm): com.reusableComponents.HighlightElement.run is PASSED

2020-05-29 02:24:23 - [MESSAGE][PASSED] - com.reusableComponents.HighlightElement.run is PASSED

2020-05-29 02:24:23 - [MESSAGE][PASSED] - Call Test Case 'Test Cases/Components/HighlightInputField' successfully

2020-05-29 02:24:23 - [TEST_STEP][PASSED] - callTestCase(findTestCase("PFI Precision and Scale/PFI Components/SelectDayInDatePicker"), ["FldNm":"eotFromDate", "SelectDay":"May 30"], STOP_ON_FAILURE): Call Test Case 'Test Cases/PFI Precision and Scale/PFI Components/SelectDayInDatePicker' successfully

2020-05-29 02:24:23 - [TEST_CASE][PASSED] - Test Cases/PFI Precision and Scale/PFI Components/SelectDayInDatePicker: Test Cases/PFI Precision and Scale/PFI Components/SelectDayInDatePicker

2020-05-29 02:24:23 - [TEST_STEP][PASSED] - Thread.sleep(1000): null

2020-05-29 02:24:24 - [TEST_STEP][PASSED] - DateFieldNm = modifyObjectProperty(findTestObject("Objects.HighlightElements/input_field"), "name", "equals", FldNm, true): Modify property of object successfully

2020-05-29 02:24:24 - [MESSAGE][PASSED] - Modify property of object successfully

2020-05-29 02:24:24 - [TEST_STEP][PASSED] - ModifyDay = modifyObjectProperty(findTestObject("Objects.DateValidation/Page_ISPS2/Select_Day"), "aria-label", "equals", SelectDay, true): Modify property of object successfully

2020-05-29 02:24:24 - [MESSAGE][PASSED] - Modify property of object successfully

2020-05-29 02:24:24 - [TEST_STEP][PASSED] - sendKeys(DateFieldNm, Keys.chord(ARROW_DOWN)): Keys 'DOWN + ' sent to object: 'Object Repository/Objects.HighlightElements/input_field'

2020-05-29 02:24:24 - [MESSAGE][PASSED] - Keys 'DOWN + ' sent to object: 'Object Repository/Objects.HighlightElements/input_field'

2020-05-29 02:24:24 - [TEST_STEP][PASSED] - com.reusableComponents.HighlightElement.run(ModifyDay): com.reusableComponents.HighlightElement.run is PASSED

2020-05-29 02:24:25 - [MESSAGE][PASSED] - com.reusableComponents.HighlightElement.run is PASSED

2020-05-29 02:24:25 - [TEST_STEP][PASSED] - delay(1): Delayed 1 second(s)

2020-05-29 02:24:26 - [MESSAGE][PASSED] - Delayed 1 second(s)

2020-05-29 02:24:26 - [TEST_STEP][PASSED] - click(ModifyDay): Object: 'Object Repository/Objects.DateValidation/Page_ISPS2/Select_Day' is clicked on

2020-05-29 02:24:26 - [MESSAGE][PASSED] - Object: 'Object Repository/Objects.DateValidation/Page_ISPS2/Select_Day' is clicked on

2020-05-29 02:24:26 - [MESSAGE][PASSED] - Call Test Case 'Test Cases/PFI Precision and Scale/PFI Components/SelectDayInDatePicker' successfully

2020-05-29 02:24:26 - [TEST_STEP][PASSED] - callTestCase(findTestCase("PFI Precision and Scale/PFI Components/NumericTextboxValidationII"), ["nameToBeUsed":"eotFromDate", "minLen":11, "index":0], STOP_ON_FAILURE): Call Test Case 'Test Cases/PFI Precision and Scale/PFI Components/NumericTextboxValidationII' successfully

2020-05-29 02:24:26 - [TEST_CASE][PASSED] - Test Cases/PFI Precision and Scale/PFI Components/NumericTextboxValidationII: Test Cases/PFI Precision and Scale/PFI Components/NumericTextboxValidationII

2020-05-29 02:24:27 - [TEST_STEP][PASSED] - Thread.sleep(1000): null

2020-05-29 02:24:28 - [TEST_STEP][PASSED] - Numeric = "0123456789": null

2020-05-29 02:24:28 - [TEST_STEP][PASSED] - AlphaSpecialChar = z) + "`~!@#$%^&*()=_{}|\][;'":,?><"".join(): null

2020-05-29 02:24:28 - [TEST_STEP][PASSED] - RandomNumeric = RandomStringUtils.random(minLen, Numeric.toCharArray()): null

2020-05-29 02:24:28 - [TEST_STEP][PASSED] - RandomString = RandomStringUtils.random(minLen, AlphaSpecialChar): null

2020-05-29 02:24:28 - [TEST_STEP][PASSED] - regexPat = Pattern.compile("^[0-9]+$"): null

2020-05-29 02:24:28 - [TEST_STEP][PASSED] - NewInputNmField = modifyObjectProperty(findTestObject("Objects.RemarksValidation/input_Remarks"), "name", "equals", nameToBeUsed, true): Modify property of object successfully

2020-05-29 02:24:28 - [MESSAGE][PASSED] - Modify property of object successfully

2020-05-29 02:24:28 - [TEST_STEP][PASSED] - focus(NewInputNmField): Object: 'Object Repository/Objects.RemarksValidation/input_Remarks' is focused

2020-05-29 02:24:28 - [MESSAGE][PASSED] - Object: 'Object Repository/Objects.RemarksValidation/input_Remarks' is focused

2020-05-29 02:24:28 - [TEST_STEP][PASSED] - setText(NewInputNmField, RandomString): Text 'bkSqcuhu"wS' is set on object 'Object Repository/Objects.RemarksValidation/input_Remarks'

2020-05-29 02:24:28 - [MESSAGE][PASSED] - Text 'bkSqcuhu"wS' is set on object 'Object Repository/Objects.RemarksValidation/input_Remarks'

2020-05-29 02:24:28 - [TEST_STEP][PASSED] - GetInputVal = getAttribute(NewInputNmField, "value"): Attribute 'value' of object 'Object Repository/Objects.RemarksValidation/input_Remarks' is: ''

2020-05-29 02:24:29 - [MESSAGE][PASSED] - Attribute 'value' of object 'Object Repository/Objects.RemarksValidation/input_Remarks' is: ''

2020-05-29 02:24:29 - [TEST_STEP][PASSED] - if (GetInputVal.contains("e")): null

2020-05-29 02:24:29 - [TEST_STEP][PASSED] - else: Actual text '' and expected text '' are matched  using regular expression

2020-05-29 02:24:29 - [TEST_STEP][PASSED] - verifyMatch(GetInputVal, "", true): Actual text '' and expected text '' are matched  using regular expression

2020-05-29 02:24:29 - [MESSAGE][PASSED] - Actual text '' and expected text '' are matched  using regular expression

2020-05-29 02:24:29 - [TEST_STEP][PASSED] - setText(NewInputNmField, RandomNumeric): Text '02122238704' is set on object 'Object Repository/Objects.RemarksValidation/input_Remarks'

2020-05-29 02:24:29 - [MESSAGE][PASSED] - Text '02122238704' is set on object 'Object Repository/Objects.RemarksValidation/input_Remarks'

2020-05-29 02:24:29 - [TEST_STEP][PASSED] - GetEnteredIntegers = getAttribute(NewInputNmField, "value"): Attribute 'value' of object 'Object Repository/Objects.RemarksValidation/input_Remarks' is: '02122238704'

2020-05-29 02:24:30 - [MESSAGE][PASSED] - Attribute 'value' of object 'Object Repository/Objects.RemarksValidation/input_Remarks' is: '02122238704'

2020-05-29 02:24:30 - [TEST_STEP][PASSED] - matchStr = regexPat.matcher(GetEnteredIntegers): null

2020-05-29 02:24:30 - [TEST_STEP][PASSED] - if (matchStr.matches() == true): Accepting Numeric

2020-05-29 02:24:30 - [TEST_STEP][PASSED] - comment("Accepting Numeric"): Accepting Numeric

2020-05-29 02:24:30 - [MESSAGE][INFO] - Accepting Numeric

2020-05-29 02:24:30 - [MESSAGE][PASSED] - Call Test Case 'Test Cases/PFI Precision and Scale/PFI Components/NumericTextboxValidationII' successfully

2020-05-29 02:24:30 - [TEST_STEP][PASSED] - callTestCase(findTestCase("PFI Precision and Scale/PFI Components/StartTimeError"), ["FldNm":"eotFromDate", "index":0], STOP_ON_FAILURE): Call Test Case 'Test Cases/PFI Precision and Scale/PFI Components/StartTimeError' successfully

2020-05-29 02:24:30 - [TEST_CASE][PASSED] - Test Cases/PFI Precision and Scale/PFI Components/StartTimeError: Test Cases/PFI Precision and Scale/PFI Components/StartTimeError

2020-05-29 02:24:30 - [TEST_STEP][PASSED] - Thread.sleep(1000): null

2020-05-29 02:24:31 - [TEST_STEP][PASSED] - if (index == 0): Modify property of object successfully

2020-05-29 02:24:31 - [TEST_STEP][PASSED] - NewInputNmField = modifyObjectProperty(findTestObject("Objects.HighlightElements/input_field"), "name", "equals", FldNm, true): Modify property of object successfully

2020-05-29 02:24:31 - [MESSAGE][PASSED] - Modify property of object successfully

2020-05-29 02:24:31 - [TEST_STEP][PASSED] - mouseOver(NewInputNmField): Object: 'Object Repository/Objects.HighlightElements/input_field' is hovered

2020-05-29 02:24:31 - [MESSAGE][PASSED] - Object: 'Object Repository/Objects.HighlightElements/input_field' is hovered

2020-05-29 02:24:31 - [TEST_STEP][PASSED] - getInputInvalidDate = getAttribute(NewInputNmField, "value"): Attribute 'value' of object 'Object Repository/Objects.HighlightElements/input_field' is: '02122238704'

2020-05-29 02:24:32 - [MESSAGE][PASSED] - Attribute 'value' of object 'Object Repository/Objects.HighlightElements/input_field' is: '02122238704'

2020-05-29 02:24:32 - [TEST_STEP][PASSED] - getErrMsg = getAttribute(NewInputNmField, "data-errorqtip"): Attribute 'data-errorqtip' of object 'Object Repository/Objects.HighlightElements/input_field' is: '<ul class="x-list-plain"><li>Start time must be less than end time</li><li>02122238704 is not a valid date - it must be in the format d/m/Y</li></ul>'

2020-05-29 02:24:32 - [MESSAGE][PASSED] - Attribute 'data-errorqtip' of object 'Object Repository/Objects.HighlightElements/input_field' is: '<ul class="x-list-plain"><li>Start time must be less than end time</li><li>02122238704 is not a valid date - it must be in the format d/m/Y</li></ul>'

2020-05-29 02:24:32 - [TEST_STEP][PASSED] - RmvCd = getErrMsg.substring(0, 75): null

2020-05-29 02:24:32 - [TEST_STEP][PASSED] - FirstErrMsg = RmvCd.substring(29, 66): null

2020-05-29 02:24:32 - [TEST_STEP][PASSED] - getTotalLength = getErrMsg.length(): null

2020-05-29 02:24:32 - [TEST_STEP][PASSED] - RmvCd = getErrMsg.substring(75, getTotalLength): null

2020-05-29 02:24:32 - [TEST_STEP][PASSED] - lenInv = RmvCd.length() - 10: null

2020-05-29 02:24:32 - [TEST_STEP][PASSED] - InvErrMsg = RmvCd.substring(0, lenInv): null

2020-05-29 02:24:32 - [TEST_STEP][PASSED] - ExpectedInvalidErrMsg2 = concatenate(InvDtErr, " ", getInputInvalidDate, " ", NotValidDt): Concatenated string array: '['Start time must be less than end time',' ','02122238704',' ','is not a valid date - it must be in the format d/m/Y']' into 'Start time must be less than end time 02122238704 is not a valid date - it must be in the format d/m/Y'

2020-05-29 02:24:32 - [MESSAGE][PASSED] - Concatenated string array: '['Start time must be less than end time',' ','02122238704',' ','is not a valid date - it must be in the format d/m/Y']' into 'Start time must be less than end time 02122238704 is not a valid date - it must be in the format d/m/Y'

2020-05-29 02:24:32 - [TEST_STEP][PASSED] - ActualInvErrMsg = concatenate(FirstErrMsg, " ", InvErrMsg): Concatenated string array: '['Start time must be less than end time',' ','02122238704 is not a valid date - it must be in the format d/m/Y']' into 'Start time must be less than end time 02122238704 is not a valid date - it must be in the format d/m/Y'

2020-05-29 02:24:32 - [MESSAGE][PASSED] - Concatenated string array: '['Start time must be less than end time',' ','02122238704 is not a valid date - it must be in the format d/m/Y']' into 'Start time must be less than end time 02122238704 is not a valid date - it must be in the format d/m/Y'

2020-05-29 02:24:32 - [TEST_STEP][PASSED] - verifyMatch(ActualInvErrMsg, ExpectedInvalidErrMsg2, true): Actual text 'Start time must be less than end time 02122238704 is not a valid date - it must be in the format d/m/Y' and expected text 'Start time must be less than end time 02122238704 is not a valid date - it must be in the format d/m/Y' are matched  using regular expression

2020-05-29 02:24:32 - [MESSAGE][PASSED] - Actual text 'Start time must be less than end time 02122238704 is not a valid date - it must be in the format d/m/Y' and expected text 'Start time must be less than end time 02122238704 is not a valid date - it must be in the format d/m/Y' are matched  using regular expression

2020-05-29 02:24:32 - [MESSAGE][PASSED] - Call Test Case 'Test Cases/PFI Precision and Scale/PFI Components/StartTimeError' successfully

2020-05-29 02:24:32 - [TEST_STEP][PASSED] - callTestCase(findTestCase("PFI Precision and Scale/PFI Components/SelectTodayInDatePicker"), ["FldNm":"eotFromDate", "index":"1"], STOP_ON_FAILURE): Call Test Case 'Test Cases/PFI Precision and Scale/PFI Components/SelectTodayInDatePicker' successfully

2020-05-29 02:24:32 - [TEST_CASE][PASSED] - Test Cases/PFI Precision and Scale/PFI Components/SelectTodayInDatePicker: Test Cases/PFI Precision and Scale/PFI Components/SelectTodayInDatePicker

2020-05-29 02:24:33 - [TEST_STEP][PASSED] - Thread.sleep(1000): null

2020-05-29 02:24:34 - [TEST_STEP][PASSED] - DateFieldNm = modifyObjectProperty(findTestObject("Object Repository/Objects.DateValidation/Page_ISPS2/input__orderDt"), "name", "equals", FldNm, true): Modify property of object successfully

2020-05-29 02:24:34 - [MESSAGE][PASSED] - Modify property of object successfully

2020-05-29 02:24:34 - [TEST_STEP][PASSED] - TodayBtn = modifyObjectProperty(findTestObject("Object Repository/Objects.DateValidation/Page_ISPS2/a_Today"), "xpath", "equals", "(//*[text() = 'Today'])[" + index + "]", true): Modify property of object successfully

2020-05-29 02:24:34 - [MESSAGE][PASSED] - Modify property of object successfully

2020-05-29 02:24:34 - [TEST_STEP][PASSED] - sendKeys(DateFieldNm, Keys.chord(ARROW_DOWN)): Keys 'DOWN + ' sent to object: 'Object Repository/Objects.DateValidation/Page_ISPS2/input__orderDt'

2020-05-29 02:24:34 - [MESSAGE][PASSED] - Keys 'DOWN + ' sent to object: 'Object Repository/Objects.DateValidation/Page_ISPS2/input__orderDt'

2020-05-29 02:24:34 - [TEST_STEP][PASSED] - com.reusableComponents.HighlightElement.run(TodayBtn): com.reusableComponents.HighlightElement.run is PASSED

2020-05-29 02:24:35 - [MESSAGE][PASSED] - com.reusableComponents.HighlightElement.run is PASSED

2020-05-29 02:24:35 - [TEST_STEP][PASSED] - click(TodayBtn): Object: 'Object Repository/Objects.DateValidation/Page_ISPS2/a_Today' is clicked on

2020-05-29 02:24:35 - [MESSAGE][PASSED] - Object: 'Object Repository/Objects.DateValidation/Page_ISPS2/a_Today' is clicked on

2020-05-29 02:24:35 - [MESSAGE][PASSED] - Call Test Case 'Test Cases/PFI Precision and Scale/PFI Components/SelectTodayInDatePicker' successfully

2020-05-29 02:24:35 - [TEST_STEP][PASSED] - callTestCase(findTestCase("Components/HighlightLabelField"), ["LblName":"EOT To Date *:"], STOP_ON_FAILURE): Call Test Case 'Test Cases/Components/HighlightLabelField' successfully

2020-05-29 02:24:35 - [TEST_CASE][PASSED] - Test Cases/Components/HighlightLabelField: Test Cases/Components/HighlightLabelField

2020-05-29 02:24:35 - [TEST_STEP][PASSED] - Thread.sleep(1000): null

2020-05-29 02:24:36 - [TEST_STEP][PASSED] - modifiedLblNm = modifyObjectProperty(findTestObject("Objects.HighlightElements/lblField"), "text", "equals", LblName, true): Modify property of object successfully

2020-05-29 02:24:36 - [MESSAGE][PASSED] - Modify property of object successfully

2020-05-29 02:24:36 - [TEST_STEP][PASSED] - com.reusableComponents.HighlightElement.run(modifiedLblNm): com.reusableComponents.HighlightElement.run is PASSED

2020-05-29 02:24:37 - [MESSAGE][PASSED] - com.reusableComponents.HighlightElement.run is PASSED

2020-05-29 02:24:37 - [MESSAGE][PASSED] - Call Test Case 'Test Cases/Components/HighlightLabelField' successfully

2020-05-29 02:24:37 - [TEST_STEP][PASSED] - callTestCase(findTestCase("Components/HighlightInputField"), ["InputFldName":"eotToDate"], STOP_ON_FAILURE): Call Test Case 'Test Cases/Components/HighlightInputField' successfully

2020-05-29 02:24:37 - [TEST_CASE][PASSED] - Test Cases/Components/HighlightInputField: Test Cases/Components/HighlightInputField

2020-05-29 02:24:37 - [TEST_STEP][PASSED] - Thread.sleep(1000): null

2020-05-29 02:24:38 - [TEST_STEP][PASSED] - modifiedLblNm = modifyObjectProperty(findTestObject("Objects.HighlightElements/input_field"), "name", "equals", InputFldName, true): Modify property of object successfully

2020-05-29 02:24:38 - [MESSAGE][PASSED] - Modify property of object successfully

2020-05-29 02:24:38 - [TEST_STEP][PASSED] - com.reusableComponents.HighlightElement.run(modifiedLblNm): com.reusableComponents.HighlightElement.run is PASSED

2020-05-29 02:24:39 - [MESSAGE][PASSED] - com.reusableComponents.HighlightElement.run is PASSED

2020-05-29 02:24:39 - [MESSAGE][PASSED] - Call Test Case 'Test Cases/Components/HighlightInputField' successfully

2020-05-29 02:24:39 - [TEST_STEP][PASSED] - callTestCase(findTestCase("PFI Precision and Scale/PFI Components with Indexing/SelectDayInDatePickerWithIndex"), ["FldNm":"eotToDate", "SelectCurrentDay":"30", "index":4], STOP_ON_FAILURE): Call Test Case 'Test Cases/PFI Precision and Scale/PFI Components with Indexing/SelectDayInDatePickerWithIndex' successfully

2020-05-29 02:24:39 - [TEST_CASE][PASSED] - Test Cases/PFI Precision and Scale/PFI Components with Indexing/SelectDayInDatePickerWithIndex: Test Cases/PFI Precision and Scale/PFI Components with Indexing/SelectDayInDatePickerWithIndex

2020-05-29 02:24:39 - [TEST_STEP][PASSED] - Thread.sleep(1000): null

2020-05-29 02:24:41 - [TEST_STEP][PASSED] - DateFieldNm = modifyObjectProperty(findTestObject("Objects.HighlightElements/input_field"), "name", "equals", FldNm, true): Modify property of object successfully

2020-05-29 02:24:41 - [MESSAGE][PASSED] - Modify property of object successfully

2020-05-29 02:24:41 - [TEST_STEP][PASSED] - ModifyDay = modifyObjectProperty(findTestObject("Objects.DateValidation/Page_ISPS2/Select_Day_Index"), "xpath", "equals", "(//*[contains(@class, 'x-datepicker-date') and (text() = '" + SelectCurrentDay + "')])[" + index + "]", true): Modify property of object successfully

2020-05-29 02:24:41 - [MESSAGE][PASSED] - Modify property of object successfully

2020-05-29 02:24:41 - [TEST_STEP][PASSED] - sendKeys(DateFieldNm, Keys.chord(ARROW_DOWN)): Keys 'DOWN + ' sent to object: 'Object Repository/Objects.HighlightElements/input_field'

2020-05-29 02:24:41 - [MESSAGE][PASSED] - Keys 'DOWN + ' sent to object: 'Object Repository/Objects.HighlightElements/input_field'

2020-05-29 02:24:41 - [TEST_STEP][PASSED] - com.reusableComponents.HighlightElement.run(ModifyDay): com.reusableComponents.HighlightElement.run is PASSED

2020-05-29 02:24:42 - [MESSAGE][PASSED] - com.reusableComponents.HighlightElement.run is PASSED

2020-05-29 02:24:42 - [TEST_STEP][PASSED] - delay(1): Delayed 1 second(s)

2020-05-29 02:24:43 - [MESSAGE][PASSED] - Delayed 1 second(s)

2020-05-29 02:24:43 - [TEST_STEP][PASSED] - click(ModifyDay): Object: 'Object Repository/Objects.DateValidation/Page_ISPS2/Select_Day_Index' is clicked on

2020-05-29 02:24:44 - [MESSAGE][PASSED] - Object: 'Object Repository/Objects.DateValidation/Page_ISPS2/Select_Day_Index' is clicked on

2020-05-29 02:24:44 - [MESSAGE][PASSED] - Call Test Case 'Test Cases/PFI Precision and Scale/PFI Components with Indexing/SelectDayInDatePickerWithIndex' successfully

2020-05-29 02:24:44 - [TEST_STEP][PASSED] - callTestCase(findTestCase("PFI Precision and Scale/PFI Components/NumericTextboxValidationII"), ["nameToBeUsed":"eotToDate", "minLen":11, "index":0], STOP_ON_FAILURE): Call Test Case 'Test Cases/PFI Precision and Scale/PFI Components/NumericTextboxValidationII' successfully

2020-05-29 02:24:44 - [TEST_CASE][PASSED] - Test Cases/PFI Precision and Scale/PFI Components/NumericTextboxValidationII: Test Cases/PFI Precision and Scale/PFI Components/NumericTextboxValidationII

2020-05-29 02:24:44 - [TEST_STEP][PASSED] - Thread.sleep(1000): null

2020-05-29 02:24:45 - [TEST_STEP][PASSED] - Numeric = "0123456789": null

2020-05-29 02:24:45 - [TEST_STEP][PASSED] - AlphaSpecialChar = z) + "`~!@#$%^&*()=_{}|\][;'":,?><"".join(): null

2020-05-29 02:24:45 - [TEST_STEP][PASSED] - RandomNumeric = RandomStringUtils.random(minLen, Numeric.toCharArray()): null

2020-05-29 02:24:45 - [TEST_STEP][PASSED] - RandomString = RandomStringUtils.random(minLen, AlphaSpecialChar): null

2020-05-29 02:24:45 - [TEST_STEP][PASSED] - regexPat = Pattern.compile("^[0-9]+$"): null

2020-05-29 02:24:45 - [TEST_STEP][PASSED] - NewInputNmField = modifyObjectProperty(findTestObject("Objects.RemarksValidation/input_Remarks"), "name", "equals", nameToBeUsed, true): Modify property of object successfully

2020-05-29 02:24:45 - [MESSAGE][PASSED] - Modify property of object successfully

2020-05-29 02:24:45 - [TEST_STEP][PASSED] - focus(NewInputNmField): Object: 'Object Repository/Objects.RemarksValidation/input_Remarks' is focused

2020-05-29 02:24:45 - [MESSAGE][PASSED] - Object: 'Object Repository/Objects.RemarksValidation/input_Remarks' is focused

2020-05-29 02:24:45 - [TEST_STEP][PASSED] - setText(NewInputNmField, RandomString): Text 'jYcb$SyG^IG' is set on object 'Object Repository/Objects.RemarksValidation/input_Remarks'

2020-05-29 02:24:45 - [MESSAGE][PASSED] - Text 'jYcb$SyG^IG' is set on object 'Object Repository/Objects.RemarksValidation/input_Remarks'

2020-05-29 02:24:45 - [TEST_STEP][PASSED] - GetInputVal = getAttribute(NewInputNmField, "value"): Attribute 'value' of object 'Object Repository/Objects.RemarksValidation/input_Remarks' is: ''

2020-05-29 02:24:46 - [MESSAGE][PASSED] - Attribute 'value' of object 'Object Repository/Objects.RemarksValidation/input_Remarks' is: ''

2020-05-29 02:24:46 - [TEST_STEP][PASSED] - if (GetInputVal.contains("e")): null

2020-05-29 02:24:46 - [TEST_STEP][PASSED] - else: Actual text '' and expected text '' are matched  using regular expression

2020-05-29 02:24:46 - [TEST_STEP][PASSED] - verifyMatch(GetInputVal, "", true): Actual text '' and expected text '' are matched  using regular expression

2020-05-29 02:24:46 - [MESSAGE][PASSED] - Actual text '' and expected text '' are matched  using regular expression

2020-05-29 02:24:46 - [TEST_STEP][PASSED] - setText(NewInputNmField, RandomNumeric): Text '65500157664' is set on object 'Object Repository/Objects.RemarksValidation/input_Remarks'

2020-05-29 02:24:46 - [MESSAGE][PASSED] - Text '65500157664' is set on object 'Object Repository/Objects.RemarksValidation/input_Remarks'

2020-05-29 02:24:46 - [TEST_STEP][PASSED] - GetEnteredIntegers = getAttribute(NewInputNmField, "value"): Attribute 'value' of object 'Object Repository/Objects.RemarksValidation/input_Remarks' is: '65500157664'

2020-05-29 02:24:47 - [MESSAGE][PASSED] - Attribute 'value' of object 'Object Repository/Objects.RemarksValidation/input_Remarks' is: '65500157664'

2020-05-29 02:24:47 - [TEST_STEP][PASSED] - matchStr = regexPat.matcher(GetEnteredIntegers): null

2020-05-29 02:24:47 - [TEST_STEP][PASSED] - if (matchStr.matches() == true): Accepting Numeric

2020-05-29 02:24:47 - [TEST_STEP][PASSED] - comment("Accepting Numeric"): Accepting Numeric

2020-05-29 02:24:47 - [MESSAGE][INFO] - Accepting Numeric

2020-05-29 02:24:47 - [MESSAGE][PASSED] - Call Test Case 'Test Cases/PFI Precision and Scale/PFI Components/NumericTextboxValidationII' successfully

2020-05-29 02:24:47 - [TEST_STEP][PASSED] - callTestCase(findTestCase("PFI Precision and Scale/PFI Components/StartTimeError"), ["FldNm":"eotToDate", "index":0], STOP_ON_FAILURE): Call Test Case 'Test Cases/PFI Precision and Scale/PFI Components/StartTimeError' successfully

2020-05-29 02:24:47 - [TEST_CASE][PASSED] - Test Cases/PFI Precision and Scale/PFI Components/StartTimeError: Test Cases/PFI Precision and Scale/PFI Components/StartTimeError

2020-05-29 02:24:47 - [TEST_STEP][PASSED] - Thread.sleep(1000): null

2020-05-29 02:24:48 - [TEST_STEP][PASSED] - if (index == 0): Modify property of object successfully

2020-05-29 02:24:48 - [TEST_STEP][PASSED] - NewInputNmField = modifyObjectProperty(findTestObject("Objects.HighlightElements/input_field"), "name", "equals", FldNm, true): Modify property of object successfully

2020-05-29 02:24:48 - [MESSAGE][PASSED] - Modify property of object successfully

2020-05-29 02:24:48 - [TEST_STEP][PASSED] - mouseOver(NewInputNmField): Object: 'Object Repository/Objects.HighlightElements/input_field' is hovered

2020-05-29 02:24:48 - [MESSAGE][PASSED] - Object: 'Object Repository/Objects.HighlightElements/input_field' is hovered

2020-05-29 02:24:48 - [TEST_STEP][PASSED] - getInputInvalidDate = getAttribute(NewInputNmField, "value"): Attribute 'value' of object 'Object Repository/Objects.HighlightElements/input_field' is: '65500157664'

2020-05-29 02:24:49 - [MESSAGE][PASSED] - Attribute 'value' of object 'Object Repository/Objects.HighlightElements/input_field' is: '65500157664'

2020-05-29 02:24:49 - [TEST_STEP][PASSED] - getErrMsg = getAttribute(NewInputNmField, "data-errorqtip"): Attribute 'data-errorqtip' of object 'Object Repository/Objects.HighlightElements/input_field' is: '<ul class="x-list-plain"><li>Start time must be less than end time</li><li>65500157664 is not a valid date - it must be in the format d/m/Y</li></ul>'

2020-05-29 02:24:49 - [MESSAGE][PASSED] - Attribute 'data-errorqtip' of object 'Object Repository/Objects.HighlightElements/input_field' is: '<ul class="x-list-plain"><li>Start time must be less than end time</li><li>65500157664 is not a valid date - it must be in the format d/m/Y</li></ul>'

2020-05-29 02:24:49 - [TEST_STEP][PASSED] - RmvCd = getErrMsg.substring(0, 75): null

2020-05-29 02:24:49 - [TEST_STEP][PASSED] - FirstErrMsg = RmvCd.substring(29, 66): null

2020-05-29 02:24:49 - [TEST_STEP][PASSED] - getTotalLength = getErrMsg.length(): null

2020-05-29 02:24:49 - [TEST_STEP][PASSED] - RmvCd = getErrMsg.substring(75, getTotalLength): null

2020-05-29 02:24:49 - [TEST_STEP][PASSED] - lenInv = RmvCd.length() - 10: null

2020-05-29 02:24:49 - [TEST_STEP][PASSED] - InvErrMsg = RmvCd.substring(0, lenInv): null

2020-05-29 02:24:49 - [TEST_STEP][PASSED] - ExpectedInvalidErrMsg2 = concatenate(InvDtErr, " ", getInputInvalidDate, " ", NotValidDt): Concatenated string array: '['Start time must be less than end time',' ','65500157664',' ','is not a valid date - it must be in the format d/m/Y']' into 'Start time must be less than end time 65500157664 is not a valid date - it must be in the format d/m/Y'

2020-05-29 02:24:49 - [MESSAGE][PASSED] - Concatenated string array: '['Start time must be less than end time',' ','65500157664',' ','is not a valid date - it must be in the format d/m/Y']' into 'Start time must be less than end time 65500157664 is not a valid date - it must be in the format d/m/Y'

2020-05-29 02:24:49 - [TEST_STEP][PASSED] - ActualInvErrMsg = concatenate(FirstErrMsg, " ", InvErrMsg): Concatenated string array: '['Start time must be less than end time',' ','65500157664 is not a valid date - it must be in the format d/m/Y']' into 'Start time must be less than end time 65500157664 is not a valid date - it must be in the format d/m/Y'

2020-05-29 02:24:49 - [MESSAGE][PASSED] - Concatenated string array: '['Start time must be less than end time',' ','65500157664 is not a valid date - it must be in the format d/m/Y']' into 'Start time must be less than end time 65500157664 is not a valid date - it must be in the format d/m/Y'

2020-05-29 02:24:49 - [TEST_STEP][PASSED] - verifyMatch(ActualInvErrMsg, ExpectedInvalidErrMsg2, true): Actual text 'Start time must be less than end time 65500157664 is not a valid date - it must be in the format d/m/Y' and expected text 'Start time must be less than end time 65500157664 is not a valid date - it must be in the format d/m/Y' are matched  using regular expression

2020-05-29 02:24:49 - [MESSAGE][PASSED] - Actual text 'Start time must be less than end time 65500157664 is not a valid date - it must be in the format d/m/Y' and expected text 'Start time must be less than end time 65500157664 is not a valid date - it must be in the format d/m/Y' are matched  using regular expression

2020-05-29 02:24:49 - [MESSAGE][PASSED] - Call Test Case 'Test Cases/PFI Precision and Scale/PFI Components/StartTimeError' successfully

2020-05-29 02:24:49 - [TEST_STEP][PASSED] - callTestCase(findTestCase("PFI Precision and Scale/PFI Components/SelectTodayInDatePicker"), ["FldNm":"eotToDate", "index":"2"], STOP_ON_FAILURE): Call Test Case 'Test Cases/PFI Precision and Scale/PFI Components/SelectTodayInDatePicker' successfully

2020-05-29 02:24:49 - [TEST_CASE][PASSED] - Test Cases/PFI Precision and Scale/PFI Components/SelectTodayInDatePicker: Test Cases/PFI Precision and Scale/PFI Components/SelectTodayInDatePicker

2020-05-29 02:24:49 - [TEST_STEP][PASSED] - Thread.sleep(1000): null

2020-05-29 02:24:50 - [TEST_STEP][PASSED] - DateFieldNm = modifyObjectProperty(findTestObject("Object Repository/Objects.DateValidation/Page_ISPS2/input__orderDt"), "name", "equals", FldNm, true): Modify property of object successfully

2020-05-29 02:24:50 - [MESSAGE][PASSED] - Modify property of object successfully

2020-05-29 02:24:50 - [TEST_STEP][PASSED] - TodayBtn = modifyObjectProperty(findTestObject("Object Repository/Objects.DateValidation/Page_ISPS2/a_Today"), "xpath", "equals", "(//*[text() = 'Today'])[" + index + "]", true): Modify property of object successfully

2020-05-29 02:24:50 - [MESSAGE][PASSED] - Modify property of object successfully

2020-05-29 02:24:50 - [TEST_STEP][PASSED] - sendKeys(DateFieldNm, Keys.chord(ARROW_DOWN)): Keys 'DOWN + ' sent to object: 'Object Repository/Objects.DateValidation/Page_ISPS2/input__orderDt'

2020-05-29 02:24:51 - [MESSAGE][PASSED] - Keys 'DOWN + ' sent to object: 'Object Repository/Objects.DateValidation/Page_ISPS2/input__orderDt'

2020-05-29 02:24:51 - [TEST_STEP][PASSED] - com.reusableComponents.HighlightElement.run(TodayBtn): com.reusableComponents.HighlightElement.run is PASSED

2020-05-29 02:24:51 - [MESSAGE][PASSED] - com.reusableComponents.HighlightElement.run is PASSED

2020-05-29 02:24:51 - [TEST_STEP][PASSED] - click(TodayBtn): Object: 'Object Repository/Objects.DateValidation/Page_ISPS2/a_Today' is clicked on

2020-05-29 02:24:52 - [MESSAGE][PASSED] - Object: 'Object Repository/Objects.DateValidation/Page_ISPS2/a_Today' is clicked on

2020-05-29 02:24:52 - [MESSAGE][PASSED] - Call Test Case 'Test Cases/PFI Precision and Scale/PFI Components/SelectTodayInDatePicker' successfully

2020-05-29 02:24:52 - [TEST_STEP][PASSED] - callTestCase(findTestCase("PFI Precision and Scale/PFI Components/PastDateAfterError"), ["FldNm":"eotToDate"], STOP_ON_FAILURE): Call Test Case 'Test Cases/PFI Precision and Scale/PFI Components/PastDateAfterError' successfully

2020-05-29 02:24:52 - [TEST_CASE][PASSED] - Test Cases/PFI Precision and Scale/PFI Components/PastDateAfterError: Test Cases/PFI Precision and Scale/PFI Components/PastDateAfterError

2020-05-29 02:24:52 - [TEST_STEP][PASSED] - Thread.sleep(1000): null

2020-05-29 02:24:53 - [TEST_STEP][PASSED] - date = new java.util.Date(): null

2020-05-29 02:24:53 - [TEST_STEP][PASSED] - DateFormat = new java.text.SimpleDateFormat(dd/MM/yyyy): null

2020-05-29 02:24:53 - [TEST_STEP][PASSED] - CurrentDate = DateFormat.format(date): null

2020-05-29 02:24:53 - [TEST_STEP][PASSED] - DateFieldNm = modifyObjectProperty(findTestObject("Objects.HighlightElements/input_field"), "name", "equals", FldNm, true): Modify property of object successfully

2020-05-29 02:24:53 - [MESSAGE][PASSED] - Modify property of object successfully

2020-05-29 02:24:53 - [TEST_STEP][PASSED] - GetDateValue = getAttribute(DateFieldNm, "value"): Attribute 'value' of object 'Object Repository/Objects.HighlightElements/input_field' is: '29/05/2020'

2020-05-29 02:24:53 - [MESSAGE][PASSED] - Attribute 'value' of object 'Object Repository/Objects.HighlightElements/input_field' is: '29/05/2020'

2020-05-29 02:24:53 - [TEST_STEP][PASSED] - verifyMatch(GetDateValue, CurrentDate, true): Actual text '29/05/2020' and expected text '29/05/2020' are matched  using regular expression

2020-05-29 02:24:53 - [MESSAGE][PASSED] - Actual text '29/05/2020' and expected text '29/05/2020' are matched  using regular expression

2020-05-29 02:24:53 - [TEST_STEP][PASSED] - PastDate = date - 30: null

2020-05-29 02:24:53 - [TEST_STEP][PASSED] - PastDateFormatted = PastDate.format("dd/MM/yyyy"): null

2020-05-29 02:24:53 - [TEST_STEP][PASSED] - setText(DateFieldNm, PastDateFormatted): Text '29/04/2020' is set on object 'Object Repository/Objects.HighlightElements/input_field'

2020-05-29 02:24:54 - [MESSAGE][PASSED] - Text '29/04/2020' is set on object 'Object Repository/Objects.HighlightElements/input_field'

2020-05-29 02:24:54 - [TEST_STEP][PASSED] - mouseOver(DateFieldNm, STOP_ON_FAILURE): Object: 'Object Repository/Objects.HighlightElements/input_field' is hovered

2020-05-29 02:24:54 - [MESSAGE][PASSED] - Object: 'Object Repository/Objects.HighlightElements/input_field' is hovered

2020-05-29 02:24:54 - [TEST_STEP][PASSED] - PastDtErrMsg = getAttribute(DateFieldNm, "data-errorqtip", STOP_ON_FAILURE): Attribute 'data-errorqtip' of object 'Object Repository/Objects.HighlightElements/input_field' is: '<ul class="x-list-plain"><li>The date in this field must be after 29/05/2020</li></ul>'

2020-05-29 02:24:55 - [MESSAGE][PASSED] - Attribute 'data-errorqtip' of object 'Object Repository/Objects.HighlightElements/input_field' is: '<ul class="x-list-plain"><li>The date in this field must be after 29/05/2020</li></ul>'

2020-05-29 02:24:55 - [TEST_STEP][PASSED] - lenErrMsg = PastDtErrMsg.length(): null

2020-05-29 02:24:55 - [TEST_STEP][PASSED] - RmvCde = PastDtErrMsg.substring(29, lenErrMsg): null

2020-05-29 02:24:55 - [TEST_STEP][PASSED] - ActualErrDtMsg = RmvCde.substring(0, 47): null

2020-05-29 02:24:55 - [TEST_STEP][PASSED] - ExpectedErrDtMsg = concatenate(DtErrMsg, " ", CurrentDate): Concatenated string array: '['The date in this field must be after',' ','29/05/2020']' into 'The date in this field must be after 29/05/2020'

2020-05-29 02:24:55 - [MESSAGE][PASSED] - Concatenated string array: '['The date in this field must be after',' ','29/05/2020']' into 'The date in this field must be after 29/05/2020'

2020-05-29 02:24:55 - [TEST_STEP][PASSED] - verifyMatch(ActualErrDtMsg, ExpectedErrDtMsg, true): Actual text 'The date in this field must be after 29/05/2020' and expected text 'The date in this field must be after 29/05/2020' are matched  using regular expression

2020-05-29 02:24:55 - [MESSAGE][PASSED] - Actual text 'The date in this field must be after 29/05/2020' and expected text 'The date in this field must be after 29/05/2020' are matched  using regular expression

2020-05-29 02:24:55 - [TEST_STEP][PASSED] - FromDate = getAttribute(DateFieldNm, "value"): Attribute 'value' of object 'Object Repository/Objects.HighlightElements/input_field' is: '29/04/2020'

2020-05-29 02:24:56 - [MESSAGE][PASSED] - Attribute 'value' of object 'Object Repository/Objects.HighlightElements/input_field' is: '29/04/2020'

2020-05-29 02:24:56 - [MESSAGE][PASSED] - Call Test Case 'Test Cases/PFI Precision and Scale/PFI Components/PastDateAfterError' successfully

2020-05-29 02:24:56 - [TEST_STEP][PASSED] - callTestCase(findTestCase("PFI Precision and Scale/PFI Components/PastDateBeforeError"), ["FldNm":"eotFromDate"], STOP_ON_FAILURE): Call Test Case 'Test Cases/PFI Precision and Scale/PFI Components/PastDateBeforeError' successfully

2020-05-29 02:24:56 - [TEST_CASE][PASSED] - Test Cases/PFI Precision and Scale/PFI Components/PastDateBeforeError: Test Cases/PFI Precision and Scale/PFI Components/PastDateBeforeError

2020-05-29 02:24:56 - [TEST_STEP][PASSED] - Thread.sleep(1000): null

2020-05-29 02:24:57 - [TEST_STEP][PASSED] - DateFieldNm = modifyObjectProperty(findTestObject("Objects.HighlightElements/input_field"), "name", "equals", FldNm, true): Modify property of object successfully

2020-05-29 02:24:57 - [MESSAGE][PASSED] - Modify property of object successfully

2020-05-29 02:24:57 - [TEST_STEP][PASSED] - mouseOver(DateFieldNm): Object: 'Object Repository/Objects.HighlightElements/input_field' is hovered

2020-05-29 02:24:57 - [MESSAGE][PASSED] - Object: 'Object Repository/Objects.HighlightElements/input_field' is hovered

2020-05-29 02:24:57 - [TEST_STEP][PASSED] - PastDtErrMsg = getAttribute(DateFieldNm, "data-errorqtip", STOP_ON_FAILURE): Attribute 'data-errorqtip' of object 'Object Repository/Objects.HighlightElements/input_field' is: '<ul class="x-list-plain"><li>The date in this field must be before 29/04/2020</li></ul>'

2020-05-29 02:24:58 - [MESSAGE][PASSED] - Attribute 'data-errorqtip' of object 'Object Repository/Objects.HighlightElements/input_field' is: '<ul class="x-list-plain"><li>The date in this field must be before 29/04/2020</li></ul>'

2020-05-29 02:24:58 - [TEST_STEP][PASSED] - lenErrMsg = PastDtErrMsg.length(): null

2020-05-29 02:24:58 - [TEST_STEP][PASSED] - RmvCde = PastDtErrMsg.substring(29, lenErrMsg): null

2020-05-29 02:24:58 - [TEST_STEP][PASSED] - ActualErrDtMsg = RmvCde.substring(0, 48): null

2020-05-29 02:24:58 - [TEST_STEP][PASSED] - ExpectedErrDtMsg = concatenate(findTestData("PrecisionAndScaleDB").getValue("ErrorMessage", 7), " ", FromDate): Concatenated string array: '['The date in this field must be before',' ','29/04/2020']' into 'The date in this field must be before 29/04/2020'

2020-05-29 02:24:58 - [MESSAGE][PASSED] - Concatenated string array: '['The date in this field must be before',' ','29/04/2020']' into 'The date in this field must be before 29/04/2020'

2020-05-29 02:24:58 - [TEST_STEP][PASSED] - verifyMatch(ActualErrDtMsg, ExpectedErrDtMsg, true): Actual text 'The date in this field must be before 29/04/2020' and expected text 'The date in this field must be before 29/04/2020' are matched  using regular expression

2020-05-29 02:24:58 - [MESSAGE][PASSED] - Actual text 'The date in this field must be before 29/04/2020' and expected text 'The date in this field must be before 29/04/2020' are matched  using regular expression

2020-05-29 02:24:58 - [MESSAGE][PASSED] - Call Test Case 'Test Cases/PFI Precision and Scale/PFI Components/PastDateBeforeError' successfully

2020-05-29 02:24:58 - [TEST_STEP][PASSED] - callTestCase(findTestCase("Components/HighlightLabelField"), ["LblName":"Approve Officer *:"], STOP_ON_FAILURE): Call Test Case 'Test Cases/Components/HighlightLabelField' successfully

2020-05-29 02:24:58 - [TEST_CASE][PASSED] - Test Cases/Components/HighlightLabelField: Test Cases/Components/HighlightLabelField

2020-05-29 02:24:58 - [TEST_STEP][PASSED] - Thread.sleep(1000): null

2020-05-29 02:24:59 - [TEST_STEP][PASSED] - modifiedLblNm = modifyObjectProperty(findTestObject("Objects.HighlightElements/lblField"), "text", "equals", LblName, true): Modify property of object successfully

2020-05-29 02:24:59 - [MESSAGE][PASSED] - Modify property of object successfully

2020-05-29 02:24:59 - [TEST_STEP][PASSED] - com.reusableComponents.HighlightElement.run(modifiedLblNm): com.reusableComponents.HighlightElement.run is PASSED

2020-05-29 02:24:59 - [MESSAGE][PASSED] - com.reusableComponents.HighlightElement.run is PASSED

2020-05-29 02:24:59 - [MESSAGE][PASSED] - Call Test Case 'Test Cases/Components/HighlightLabelField' successfully

2020-05-29 02:24:59 - [TEST_STEP][PASSED] - callTestCase(findTestCase("Components/HighlightInputField"), ["InputFldName":"approveOfficerCmb"], STOP_ON_FAILURE): Call Test Case 'Test Cases/Components/HighlightInputField' successfully

2020-05-29 02:24:59 - [TEST_CASE][PASSED] - Test Cases/Components/HighlightInputField: Test Cases/Components/HighlightInputField

2020-05-29 02:24:59 - [TEST_STEP][PASSED] - Thread.sleep(1000): null

2020-05-29 02:25:00 - [TEST_STEP][PASSED] - modifiedLblNm = modifyObjectProperty(findTestObject("Objects.HighlightElements/input_field"), "name", "equals", InputFldName, true): Modify property of object successfully

2020-05-29 02:25:01 - [MESSAGE][PASSED] - Modify property of object successfully

2020-05-29 02:25:01 - [TEST_STEP][PASSED] - com.reusableComponents.HighlightElement.run(modifiedLblNm): com.reusableComponents.HighlightElement.run is PASSED

2020-05-29 02:25:01 - [MESSAGE][PASSED] - com.reusableComponents.HighlightElement.run is PASSED

2020-05-29 02:25:01 - [MESSAGE][PASSED] - Call Test Case 'Test Cases/Components/HighlightInputField' successfully

2020-05-29 02:25:01 - [TEST_STEP][PASSED] - callTestCase(findTestCase("PFI Precision and Scale/PFI Components/VerifyDropdownValues"), ["FldNm":"approveOfficerCmb", "index":0, "CallTCName":"PFI Precision and Scale/PFI Components/OfficerLists", "cmbNm":"", "NoOfVal":24, ... ], STOP_ON_FAILURE): Call Test Case 'Test Cases/PFI Precision and Scale/PFI Components/VerifyDropdownValues' successfully

2020-05-29 02:25:01 - [TEST_CASE][PASSED] - Test Cases/PFI Precision and Scale/PFI Components/VerifyDropdownValues: Test Cases/PFI Precision and Scale/PFI Components/VerifyDropdownValues

2020-05-29 02:25:01 - [TEST_STEP][PASSED] - Thread.sleep(1000): null

2020-05-29 02:25:02 - [TEST_STEP][PASSED] - NewInputNmField = modifyObjectProperty(findTestObject("Objects.HighlightElements/input_field"), "name", "equals", FldNm, true): Modify property of object successfully

2020-05-29 02:25:02 - [MESSAGE][PASSED] - Modify property of object successfully

2020-05-29 02:25:02 - [TEST_STEP][PASSED] - comboNm = cmbNm: null

2020-05-29 02:25:02 - [TEST_STEP][PASSED] - focus(NewInputNmField): Object: 'Object Repository/Objects.HighlightElements/input_field' is focused

2020-05-29 02:25:03 - [MESSAGE][PASSED] - Object: 'Object Repository/Objects.HighlightElements/input_field' is focused

2020-05-29 02:25:03 - [TEST_STEP][PASSED] - setText(NewInputNmField, EnterValue): Text '' is set on object 'Object Repository/Objects.HighlightElements/input_field'

2020-05-29 02:25:03 - [MESSAGE][PASSED] - Text '' is set on object 'Object Repository/Objects.HighlightElements/input_field'

2020-05-29 02:25:03 - [TEST_STEP][PASSED] - for ([i = 1, i <= NoOfVal, (i++)]): Keys 'DOWN + ' sent to object: 'Object Repository/Objects.HighlightElements/input_field'

2020-05-29 02:25:03 - [TEST_STEP][PASSED] - sendKeys(NewInputNmField, Keys.chord(ARROW_DOWN)): Keys 'DOWN + ' sent to object: 'Object Repository/Objects.HighlightElements/input_field'

2020-05-29 02:25:03 - [MESSAGE][PASSED] - Keys 'DOWN + ' sent to object: 'Object Repository/Objects.HighlightElements/input_field'

2020-05-29 02:25:03 - [TEST_STEP][PASSED] - delay(DelayTime): Delayed 0 second(s)

2020-05-29 02:25:03 - [MESSAGE][PASSED] - Delayed 0 second(s)

2020-05-29 02:25:03 - [TEST_STEP][PASSED] - sendKeys(NewInputNmField, Keys.chord(ENTER)): Keys 'ENTER + ' sent to object: 'Object Repository/Objects.HighlightElements/input_field'

2020-05-29 02:25:04 - [MESSAGE][PASSED] - Keys 'ENTER + ' sent to object: 'Object Repository/Objects.HighlightElements/input_field'

2020-05-29 02:25:04 - [TEST_STEP][PASSED] - ComboBoxValue = getAttribute(NewInputNmField, "value"): Attribute 'value' of object 'Object Repository/Objects.HighlightElements/input_field' is: 'Aaron Sham Wai Lun (AARON)'

2020-05-29 02:25:04 - [MESSAGE][PASSED] - Attribute 'value' of object 'Object Repository/Objects.HighlightElements/input_field' is: 'Aaron Sham Wai Lun (AARON)'

2020-05-29 02:25:04 - [TEST_STEP][PASSED] - callTestCase(findTestCase(CallTCName), ["FindValue":ComboBoxValue, "DropdownNm":comboNm], STOP_ON_FAILURE): Call Test Case 'Test Cases/PFI Precision and Scale/PFI Components/OfficerLists' successfully

2020-05-29 02:25:04 - [TEST_CASE][PASSED] - Test Cases/PFI Precision and Scale/PFI Components/OfficerLists: Test Cases/PFI Precision and Scale/PFI Components/OfficerLists

2020-05-29 02:25:04 - [TEST_STEP][PASSED] - Thread.sleep(1000): null

2020-05-29 02:25:05 - [TEST_STEP][PASSED] - OfficerLists = [1:"Aaron Sham Wai Lun (AARON)", 2:"Azidah Bte Akmad (Mdm) (USAABD)", 3:"Chung Fong Nyen (USACFN)", 4:"David Tey Dah Wei (DAHWEI)", ... ]: null

2020-05-29 02:25:05 - [TEST_STEP][PASSED] - ValueFound = OfficerLists.find({ -> ... }): null

2020-05-29 02:25:06 - [MESSAGE][PASSED] - Call Test Case 'Test Cases/PFI Precision and Scale/PFI Components/OfficerLists' successfully

2020-05-29 02:25:06 - [TEST_STEP][PASSED] - println(ValueFound): null

2020-05-29 02:25:06 - [TEST_STEP][PASSED] - sendKeys(NewInputNmField, Keys.chord(ARROW_DOWN)): Keys 'DOWN + ' sent to object: 'Object Repository/Objects.HighlightElements/input_field'

2020-05-29 02:25:06 - [MESSAGE][PASSED] - Keys 'DOWN + ' sent to object: 'Object Repository/Objects.HighlightElements/input_field'

2020-05-29 02:25:06 - [TEST_STEP][PASSED] - sendKeys(NewInputNmField, Keys.chord(ARROW_DOWN)): Keys 'DOWN + ' sent to object: 'Object Repository/Objects.HighlightElements/input_field'

2020-05-29 02:25:06 - [MESSAGE][PASSED] - Keys 'DOWN + ' sent to object: 'Object Repository/Objects.HighlightElements/input_field'

2020-05-29 02:25:06 - [TEST_STEP][PASSED] - delay(DelayTime): Delayed 0 second(s)

2020-05-29 02:25:06 - [MESSAGE][PASSED] - Delayed 0 second(s)

2020-05-29 02:25:06 - [TEST_STEP][PASSED] - sendKeys(NewInputNmField, Keys.chord(ENTER)): Keys 'ENTER + ' sent to object: 'Object Repository/Objects.HighlightElements/input_field'

2020-05-29 02:25:07 - [MESSAGE][PASSED] - Keys 'ENTER + ' sent to object: 'Object Repository/Objects.HighlightElements/input_field'

2020-05-29 02:25:07 - [TEST_STEP][PASSED] - ComboBoxValue = getAttribute(NewInputNmField, "value"): Attribute 'value' of object 'Object Repository/Objects.HighlightElements/input_field' is: 'Azidah Bte Akmad (Mdm) (USAABD)'

2020-05-29 02:25:07 - [MESSAGE][PASSED] - Attribute 'value' of object 'Object Repository/Objects.HighlightElements/input_field' is: 'Azidah Bte Akmad (Mdm) (USAABD)'

2020-05-29 02:25:07 - [TEST_STEP][PASSED] - callTestCase(findTestCase(CallTCName), ["FindValue":ComboBoxValue, "DropdownNm":comboNm], STOP_ON_FAILURE): Call Test Case 'Test Cases/PFI Precision and Scale/PFI Components/OfficerLists' successfully

2020-05-29 02:25:07 - [TEST_CASE][PASSED] - Test Cases/PFI Precision and Scale/PFI Components/OfficerLists: Test Cases/PFI Precision and Scale/PFI Components/OfficerLists

2020-05-29 02:25:07 - [TEST_STEP][PASSED] - Thread.sleep(1000): null

2020-05-29 02:25:08 - [TEST_STEP][PASSED] - OfficerLists = [1:"Aaron Sham Wai Lun (AARON)", 2:"Azidah Bte Akmad (Mdm) (USAABD)", 3:"Chung Fong Nyen (USACFN)", 4:"David Tey Dah Wei (DAHWEI)", ... ]: null

2020-05-29 02:25:08 - [TEST_STEP][PASSED] - ValueFound = OfficerLists.find({ -> ... }): null

2020-05-29 02:25:08 - [MESSAGE][PASSED] - Call Test Case 'Test Cases/PFI Precision and Scale/PFI Components/OfficerLists' successfully

2020-05-29 02:25:08 - [TEST_STEP][PASSED] - println(ValueFound): null

2020-05-29 02:25:08 - [TEST_STEP][PASSED] - sendKeys(NewInputNmField, Keys.chord(ARROW_DOWN)): Keys 'DOWN + ' sent to object: 'Object Repository/Objects.HighlightElements/input_field'

2020-05-29 02:25:08 - [MESSAGE][PASSED] - Keys 'DOWN + ' sent to object: 'Object Repository/Objects.HighlightElements/input_field'

2020-05-29 02:25:08 - [TEST_STEP][PASSED] - sendKeys(NewInputNmField, Keys.chord(ARROW_DOWN)): Keys 'DOWN + ' sent to object: 'Object Repository/Objects.HighlightElements/input_field'

2020-05-29 02:25:09 - [MESSAGE][PASSED] - Keys 'DOWN + ' sent to object: 'Object Repository/Objects.HighlightElements/input_field'

2020-05-29 02:25:09 - [TEST_STEP][PASSED] - delay(DelayTime): Delayed 0 second(s)

2020-05-29 02:25:09 - [MESSAGE][PASSED] - Delayed 0 second(s)

2020-05-29 02:25:09 - [TEST_STEP][PASSED] - sendKeys(NewInputNmField, Keys.chord(ENTER)): Keys 'ENTER + ' sent to object: 'Object Repository/Objects.HighlightElements/input_field'

2020-05-29 02:25:09 - [MESSAGE][PASSED] - Keys 'ENTER + ' sent to object: 'Object Repository/Objects.HighlightElements/input_field'

2020-05-29 02:25:09 - [TEST_STEP][PASSED] - ComboBoxValue = getAttribute(NewInputNmField, "value"): Attribute 'value' of object 'Object Repository/Objects.HighlightElements/input_field' is: 'Chung Fong Nyen (USACFN)'

2020-05-29 02:25:10 - [MESSAGE][PASSED] - Attribute 'value' of object 'Object Repository/Objects.HighlightElements/input_field' is: 'Chung Fong Nyen (USACFN)'

2020-05-29 02:25:10 - [TEST_STEP][PASSED] - callTestCase(findTestCase(CallTCName), ["FindValue":ComboBoxValue, "DropdownNm":comboNm], STOP_ON_FAILURE): Call Test Case 'Test Cases/PFI Precision and Scale/PFI Components/OfficerLists' successfully

2020-05-29 02:25:10 - [TEST_CASE][PASSED] - Test Cases/PFI Precision and Scale/PFI Components/OfficerLists: Test Cases/PFI Precision and Scale/PFI Components/OfficerLists

2020-05-29 02:25:10 - [TEST_STEP][PASSED] - Thread.sleep(1000): null

2020-05-29 02:25:11 - [TEST_STEP][PASSED] - OfficerLists = [1:"Aaron Sham Wai Lun (AARON)", 2:"Azidah Bte Akmad (Mdm) (USAABD)", 3:"Chung Fong Nyen (USACFN)", 4:"David Tey Dah Wei (DAHWEI)", ... ]: null

2020-05-29 02:25:11 - [TEST_STEP][PASSED] - ValueFound = OfficerLists.find({ -> ... }): null

2020-05-29 02:25:11 - [MESSAGE][PASSED] - Call Test Case 'Test Cases/PFI Precision and Scale/PFI Components/OfficerLists' successfully

2020-05-29 02:25:11 - [TEST_STEP][PASSED] - println(ValueFound): null

2020-05-29 02:25:11 - [TEST_STEP][PASSED] - sendKeys(NewInputNmField, Keys.chord(ARROW_DOWN)): Keys 'DOWN + ' sent to object: 'Object Repository/Objects.HighlightElements/input_field'

2020-05-29 02:25:11 - [MESSAGE][PASSED] - Keys 'DOWN + ' sent to object: 'Object Repository/Objects.HighlightElements/input_field'

2020-05-29 02:25:11 - [TEST_STEP][PASSED] - sendKeys(NewInputNmField, Keys.chord(ARROW_DOWN)): Keys 'DOWN + ' sent to object: 'Object Repository/Objects.HighlightElements/input_field'

2020-05-29 02:25:12 - [MESSAGE][PASSED] - Keys 'DOWN + ' sent to object: 'Object Repository/Objects.HighlightElements/input_field'

2020-05-29 02:25:12 - [TEST_STEP][PASSED] - delay(DelayTime): Delayed 0 second(s)

2020-05-29 02:25:12 - [MESSAGE][PASSED] - Delayed 0 second(s)

2020-05-29 02:25:12 - [TEST_STEP][PASSED] - sendKeys(NewInputNmField, Keys.chord(ENTER)): Keys 'ENTER + ' sent to object: 'Object Repository/Objects.HighlightElements/input_field'

2020-05-29 02:25:12 - [MESSAGE][PASSED] - Keys 'ENTER + ' sent to object: 'Object Repository/Objects.HighlightElements/input_field'

2020-05-29 02:25:12 - [TEST_STEP][PASSED] - ComboBoxValue = getAttribute(NewInputNmField, "value"): Attribute 'value' of object 'Object Repository/Objects.HighlightElements/input_field' is: 'David Tey Dah Wei (DAHWEI)'

2020-05-29 02:25:13 - [MESSAGE][PASSED] - Attribute 'value' of object 'Object Repository/Objects.HighlightElements/input_field' is: 'David Tey Dah Wei (DAHWEI)'

2020-05-29 02:25:13 - [TEST_STEP][PASSED] - callTestCase(findTestCase(CallTCName), ["FindValue":ComboBoxValue, "DropdownNm":comboNm], STOP_ON_FAILURE): Call Test Case 'Test Cases/PFI Precision and Scale/PFI Components/OfficerLists' successfully

2020-05-29 02:25:13 - [TEST_CASE][PASSED] - Test Cases/PFI Precision and Scale/PFI Components/OfficerLists: Test Cases/PFI Precision and Scale/PFI Components/OfficerLists

2020-05-29 02:25:13 - [TEST_STEP][PASSED] - Thread.sleep(1000): null

2020-05-29 02:25:14 - [TEST_STEP][PASSED] - OfficerLists = [1:"Aaron Sham Wai Lun (AARON)", 2:"Azidah Bte Akmad (Mdm) (USAABD)", 3:"Chung Fong Nyen (USACFN)", 4:"David Tey Dah Wei (DAHWEI)", ... ]: null

2020-05-29 02:25:14 - [TEST_STEP][PASSED] - ValueFound = OfficerLists.find({ -> ... }): null

2020-05-29 02:25:14 - [MESSAGE][PASSED] - Call Test Case 'Test Cases/PFI Precision and Scale/PFI Components/OfficerLists' successfully

2020-05-29 02:25:14 - [TEST_STEP][PASSED] - println(ValueFound): null

2020-05-29 02:25:14 - [TEST_STEP][PASSED] - sendKeys(NewInputNmField, Keys.chord(ARROW_DOWN)): Keys 'DOWN + ' sent to object: 'Object Repository/Objects.HighlightElements/input_field'

2020-05-29 02:25:14 - [MESSAGE][PASSED] - Keys 'DOWN + ' sent to object: 'Object Repository/Objects.HighlightElements/input_field'

2020-05-29 02:25:14 - [TEST_STEP][PASSED] - sendKeys(NewInputNmField, Keys.chord(ARROW_DOWN)): Keys 'DOWN + ' sent to object: 'Object Repository/Objects.HighlightElements/input_field'

2020-05-29 02:25:14 - [MESSAGE][PASSED] - Keys 'DOWN + ' sent to object: 'Object Repository/Objects.HighlightElements/input_field'

2020-05-29 02:25:14 - [TEST_STEP][PASSED] - delay(DelayTime): Delayed 0 second(s)

2020-05-29 02:25:14 - [MESSAGE][PASSED] - Delayed 0 second(s)

2020-05-29 02:25:14 - [TEST_STEP][PASSED] - sendKeys(NewInputNmField, Keys.chord(ENTER)): Keys 'ENTER + ' sent to object: 'Object Repository/Objects.HighlightElements/input_field'

2020-05-29 02:25:15 - [MESSAGE][PASSED] - Keys 'ENTER + ' sent to object: 'Object Repository/Objects.HighlightElements/input_field'

2020-05-29 02:25:15 - [TEST_STEP][PASSED] - ComboBoxValue = getAttribute(NewInputNmField, "value"): Attribute 'value' of object 'Object Repository/Objects.HighlightElements/input_field' is: 'Han Wann Kuang (WANNKUANG)'

2020-05-29 02:25:15 - [MESSAGE][PASSED] - Attribute 'value' of object 'Object Repository/Objects.HighlightElements/input_field' is: 'Han Wann Kuang (WANNKUANG)'

2020-05-29 02:25:15 - [TEST_STEP][PASSED] - callTestCase(findTestCase(CallTCName), ["FindValue":ComboBoxValue, "DropdownNm":comboNm], STOP_ON_FAILURE): Call Test Case 'Test Cases/PFI Precision and Scale/PFI Components/OfficerLists' successfully

2020-05-29 02:25:15 - [TEST_CASE][PASSED] - Test Cases/PFI Precision and Scale/PFI Components/OfficerLists: Test Cases/PFI Precision and Scale/PFI Components/OfficerLists

2020-05-29 02:25:15 - [TEST_STEP][PASSED] - Thread.sleep(1000): null

2020-05-29 02:25:16 - [TEST_STEP][PASSED] - OfficerLists = [1:"Aaron Sham Wai Lun (AARON)", 2:"Azidah Bte Akmad (Mdm) (USAABD)", 3:"Chung Fong Nyen (USACFN)", 4:"David Tey Dah Wei (DAHWEI)", ... ]: null

2020-05-29 02:25:16 - [TEST_STEP][PASSED] - ValueFound = OfficerLists.find({ -> ... }): null

2020-05-29 02:25:16 - [MESSAGE][PASSED] - Call Test Case 'Test Cases/PFI Precision and Scale/PFI Components/OfficerLists' successfully

2020-05-29 02:25:16 - [TEST_STEP][PASSED] - println(ValueFound): null

2020-05-29 02:25:16 - [TEST_STEP][PASSED] - sendKeys(NewInputNmField, Keys.chord(ARROW_DOWN)): Keys 'DOWN + ' sent to object: 'Object Repository/Objects.HighlightElements/input_field'

2020-05-29 02:25:17 - [MESSAGE][PASSED] - Keys 'DOWN + ' sent to object: 'Object Repository/Objects.HighlightElements/input_field'

2020-05-29 02:25:17 - [TEST_STEP][PASSED] - sendKeys(NewInputNmField, Keys.chord(ARROW_DOWN)): Keys 'DOWN + ' sent to object: 'Object Repository/Objects.HighlightElements/input_field'

2020-05-29 02:25:17 - [MESSAGE][PASSED] - Keys 'DOWN + ' sent to object: 'Object Repository/Objects.HighlightElements/input_field'

2020-05-29 02:25:17 - [TEST_STEP][PASSED] - delay(DelayTime): Delayed 0 second(s)

2020-05-29 02:25:17 - [MESSAGE][PASSED] - Delayed 0 second(s)

2020-05-29 02:25:17 - [TEST_STEP][PASSED] - sendKeys(NewInputNmField, Keys.chord(ENTER)): Keys 'ENTER + ' sent to object: 'Object Repository/Objects.HighlightElements/input_field'

2020-05-29 02:25:18 - [MESSAGE][PASSED] - Keys 'ENTER + ' sent to object: 'Object Repository/Objects.HighlightElements/input_field'

2020-05-29 02:25:18 - [TEST_STEP][PASSED] - ComboBoxValue = getAttribute(NewInputNmField, "value"): Attribute 'value' of object 'Object Repository/Objects.HighlightElements/input_field' is: 'Ho You Leong (YOULEONG)'

2020-05-29 02:25:18 - [MESSAGE][PASSED] - Attribute 'value' of object 'Object Repository/Objects.HighlightElements/input_field' is: 'Ho You Leong (YOULEONG)'

2020-05-29 02:25:18 - [TEST_STEP][PASSED] - callTestCase(findTestCase(CallTCName), ["FindValue":ComboBoxValue, "DropdownNm":comboNm], STOP_ON_FAILURE): Call Test Case 'Test Cases/PFI Precision and Scale/PFI Components/OfficerLists' successfully

2020-05-29 02:25:18 - [TEST_CASE][PASSED] - Test Cases/PFI Precision and Scale/PFI Components/OfficerLists: Test Cases/PFI Precision and Scale/PFI Components/OfficerLists

2020-05-29 02:25:18 - [TEST_STEP][PASSED] - Thread.sleep(1000): null

2020-05-29 02:25:19 - [TEST_STEP][PASSED] - OfficerLists = [1:"Aaron Sham Wai Lun (AARON)", 2:"Azidah Bte Akmad (Mdm) (USAABD)", 3:"Chung Fong Nyen (USACFN)", 4:"David Tey Dah Wei (DAHWEI)", ... ]: null

2020-05-29 02:25:19 - [TEST_STEP][PASSED] - ValueFound = OfficerLists.find({ -> ... }): null

2020-05-29 02:25:19 - [MESSAGE][PASSED] - Call Test Case 'Test Cases/PFI Precision and Scale/PFI Components/OfficerLists' successfully

2020-05-29 02:25:19 - [TEST_STEP][PASSED] - println(ValueFound): null

2020-05-29 02:25:19 - [TEST_STEP][PASSED] - sendKeys(NewInputNmField, Keys.chord(ARROW_DOWN)): Keys 'DOWN + ' sent to object: 'Object Repository/Objects.HighlightElements/input_field'

2020-05-29 02:25:19 - [MESSAGE][PASSED] - Keys 'DOWN + ' sent to object: 'Object Repository/Objects.HighlightElements/input_field'

2020-05-29 02:25:19 - [TEST_STEP][PASSED] - sendKeys(NewInputNmField, Keys.chord(ARROW_DOWN)): Keys 'DOWN + ' sent to object: 'Object Repository/Objects.HighlightElements/input_field'

2020-05-29 02:25:20 - [MESSAGE][PASSED] - Keys 'DOWN + ' sent to object: 'Object Repository/Objects.HighlightElements/input_field'

2020-05-29 02:25:20 - [TEST_STEP][PASSED] - delay(DelayTime): Delayed 0 second(s)

2020-05-29 02:25:20 - [MESSAGE][PASSED] - Delayed 0 second(s)

2020-05-29 02:25:20 - [TEST_STEP][PASSED] - sendKeys(NewInputNmField, Keys.chord(ENTER)): Keys 'ENTER + ' sent to object: 'Object Repository/Objects.HighlightElements/input_field'

2020-05-29 02:25:20 - [MESSAGE][PASSED] - Keys 'ENTER + ' sent to object: 'Object Repository/Objects.HighlightElements/input_field'

2020-05-29 02:25:20 - [TEST_STEP][PASSED] - ComboBoxValue = getAttribute(NewInputNmField, "value"): Attribute 'value' of object 'Object Repository/Objects.HighlightElements/input_field' is: 'Joseph Lim Pheng Weng (PHENGWENG)'

2020-05-29 02:25:21 - [MESSAGE][PASSED] - Attribute 'value' of object 'Object Repository/Objects.HighlightElements/input_field' is: 'Joseph Lim Pheng Weng (PHENGWENG)'

2020-05-29 02:25:21 - [TEST_STEP][PASSED] - callTestCase(findTestCase(CallTCName), ["FindValue":ComboBoxValue, "DropdownNm":comboNm], STOP_ON_FAILURE): Call Test Case 'Test Cases/PFI Precision and Scale/PFI Components/OfficerLists' successfully

2020-05-29 02:25:21 - [TEST_CASE][PASSED] - Test Cases/PFI Precision and Scale/PFI Components/OfficerLists: Test Cases/PFI Precision and Scale/PFI Components/OfficerLists

2020-05-29 02:25:21 - [TEST_STEP][PASSED] - Thread.sleep(1000): null

2020-05-29 02:25:22 - [TEST_STEP][PASSED] - OfficerLists = [1:"Aaron Sham Wai Lun (AARON)", 2:"Azidah Bte Akmad (Mdm) (USAABD)", 3:"Chung Fong Nyen (USACFN)", 4:"David Tey Dah Wei (DAHWEI)", ... ]: null

2020-05-29 02:25:22 - [TEST_STEP][PASSED] - ValueFound = OfficerLists.find({ -> ... }): null

2020-05-29 02:25:22 - [MESSAGE][PASSED] - Call Test Case 'Test Cases/PFI Precision and Scale/PFI Components/OfficerLists' successfully

2020-05-29 02:25:22 - [TEST_STEP][PASSED] - println(ValueFound): null

2020-05-29 02:25:22 - [TEST_STEP][PASSED] - sendKeys(NewInputNmField, Keys.chord(ARROW_DOWN)): Keys 'DOWN + ' sent to object: 'Object Repository/Objects.HighlightElements/input_field'

2020-05-29 02:25:22 - [MESSAGE][PASSED] - Keys 'DOWN + ' sent to object: 'Object Repository/Objects.HighlightElements/input_field'

2020-05-29 02:25:22 - [TEST_STEP][PASSED] - sendKeys(NewInputNmField, Keys.chord(ARROW_DOWN)): Keys 'DOWN + ' sent to object: 'Object Repository/Objects.HighlightElements/input_field'

2020-05-29 02:25:22 - [MESSAGE][PASSED] - Keys 'DOWN + ' sent to object: 'Object Repository/Objects.HighlightElements/input_field'

2020-05-29 02:25:22 - [TEST_STEP][PASSED] - delay(DelayTime): Delayed 0 second(s)

2020-05-29 02:25:22 - [MESSAGE][PASSED] - Delayed 0 second(s)

2020-05-29 02:25:22 - [TEST_STEP][PASSED] - sendKeys(NewInputNmField, Keys.chord(ENTER)): Keys 'ENTER + ' sent to object: 'Object Repository/Objects.HighlightElements/input_field'

2020-05-29 02:25:23 - [MESSAGE][PASSED] - Keys 'ENTER + ' sent to object: 'Object Repository/Objects.HighlightElements/input_field'

2020-05-29 02:25:23 - [TEST_STEP][PASSED] - ComboBoxValue = getAttribute(NewInputNmField, "value"): Attribute 'value' of object 'Object Repository/Objects.HighlightElements/input_field' is: 'Joyce Lee (USASLL)'

2020-05-29 02:25:23 - [MESSAGE][PASSED] - Attribute 'value' of object 'Object Repository/Objects.HighlightElements/input_field' is: 'Joyce Lee (USASLL)'

2020-05-29 02:25:23 - [TEST_STEP][PASSED] - callTestCase(findTestCase(CallTCName), ["FindValue":ComboBoxValue, "DropdownNm":comboNm], STOP_ON_FAILURE): Call Test Case 'Test Cases/PFI Precision and Scale/PFI Components/OfficerLists' successfully

2020-05-29 02:25:23 - [TEST_CASE][PASSED] - Test Cases/PFI Precision and Scale/PFI Components/OfficerLists: Test Cases/PFI Precision and Scale/PFI Components/OfficerLists

2020-05-29 02:25:23 - [TEST_STEP][PASSED] - Thread.sleep(1000): null

2020-05-29 02:25:24 - [TEST_STEP][PASSED] - OfficerLists = [1:"Aaron Sham Wai Lun (AARON)", 2:"Azidah Bte Akmad (Mdm) (USAABD)", 3:"Chung Fong Nyen (USACFN)", 4:"David Tey Dah Wei (DAHWEI)", ... ]: null

2020-05-29 02:25:24 - [TEST_STEP][PASSED] - ValueFound = OfficerLists.find({ -> ... }): null

2020-05-29 02:25:24 - [MESSAGE][PASSED] - Call Test Case 'Test Cases/PFI Precision and Scale/PFI Components/OfficerLists' successfully

2020-05-29 02:25:24 - [TEST_STEP][PASSED] - println(ValueFound): null

2020-05-29 02:25:24 - [TEST_STEP][PASSED] - sendKeys(NewInputNmField, Keys.chord(ARROW_DOWN)): Keys 'DOWN + ' sent to object: 'Object Repository/Objects.HighlightElements/input_field'

2020-05-29 02:25:25 - [MESSAGE][PASSED] - Keys 'DOWN + ' sent to object: 'Object Repository/Objects.HighlightElements/input_field'

2020-05-29 02:25:25 - [TEST_STEP][PASSED] - sendKeys(NewInputNmField, Keys.chord(ARROW_DOWN)): Keys 'DOWN + ' sent to object: 'Object Repository/Objects.HighlightElements/input_field'

2020-05-29 02:25:25 - [MESSAGE][PASSED] - Keys 'DOWN + ' sent to object: 'Object Repository/Objects.HighlightElements/input_field'

2020-05-29 02:25:25 - [TEST_STEP][PASSED] - delay(DelayTime): Delayed 0 second(s)

2020-05-29 02:25:25 - [MESSAGE][PASSED] - Delayed 0 second(s)

2020-05-29 02:25:25 - [TEST_STEP][PASSED] - sendKeys(NewInputNmField, Keys.chord(ENTER)): Keys 'ENTER + ' sent to object: 'Object Repository/Objects.HighlightElements/input_field'

2020-05-29 02:25:26 - [MESSAGE][PASSED] - Keys 'ENTER + ' sent to object: 'Object Repository/Objects.HighlightElements/input_field'

2020-05-29 02:25:26 - [TEST_STEP][PASSED] - ComboBoxValue = getAttribute(NewInputNmField, "value"): Attribute 'value' of object 'Object Repository/Objects.HighlightElements/input_field' is: 'Kaliannan Thanabal (KALIANN)'

2020-05-29 02:25:26 - [MESSAGE][PASSED] - Attribute 'value' of object 'Object Repository/Objects.HighlightElements/input_field' is: 'Kaliannan Thanabal (KALIANN)'

2020-05-29 02:25:26 - [TEST_STEP][PASSED] - callTestCase(findTestCase(CallTCName), ["FindValue":ComboBoxValue, "DropdownNm":comboNm], STOP_ON_FAILURE): Call Test Case 'Test Cases/PFI Precision and Scale/PFI Components/OfficerLists' successfully

2020-05-29 02:25:26 - [TEST_CASE][PASSED] - Test Cases/PFI Precision and Scale/PFI Components/OfficerLists: Test Cases/PFI Precision and Scale/PFI Components/OfficerLists

2020-05-29 02:25:26 - [TEST_STEP][PASSED] - Thread.sleep(1000): null

2020-05-29 02:25:27 - [TEST_STEP][PASSED] - OfficerLists = [1:"Aaron Sham Wai Lun (AARON)", 2:"Azidah Bte Akmad (Mdm) (USAABD)", 3:"Chung Fong Nyen (USACFN)", 4:"David Tey Dah Wei (DAHWEI)", ... ]: null

2020-05-29 02:25:27 - [TEST_STEP][PASSED] - ValueFound = OfficerLists.find({ -> ... }): null

2020-05-29 02:25:27 - [MESSAGE][PASSED] - Call Test Case 'Test Cases/PFI Precision and Scale/PFI Components/OfficerLists' successfully

2020-05-29 02:25:27 - [TEST_STEP][PASSED] - println(ValueFound): null

2020-05-29 02:25:27 - [TEST_STEP][PASSED] - sendKeys(NewInputNmField, Keys.chord(ARROW_DOWN)): Keys 'DOWN + ' sent to object: 'Object Repository/Objects.HighlightElements/input_field'

2020-05-29 02:25:27 - [MESSAGE][PASSED] - Keys 'DOWN + ' sent to object: 'Object Repository/Objects.HighlightElements/input_field'

2020-05-29 02:25:27 - [TEST_STEP][PASSED] - sendKeys(NewInputNmField, Keys.chord(ARROW_DOWN)): Keys 'DOWN + ' sent to object: 'Object Repository/Objects.HighlightElements/input_field'

2020-05-29 02:25:28 - [MESSAGE][PASSED] - Keys 'DOWN + ' sent to object: 'Object Repository/Objects.HighlightElements/input_field'

2020-05-29 02:25:28 - [TEST_STEP][PASSED] - delay(DelayTime): Delayed 0 second(s)

2020-05-29 02:25:28 - [MESSAGE][PASSED] - Delayed 0 second(s)

2020-05-29 02:25:28 - [TEST_STEP][PASSED] - sendKeys(NewInputNmField, Keys.chord(ENTER)): Keys 'ENTER + ' sent to object: 'Object Repository/Objects.HighlightElements/input_field'

2020-05-29 02:25:28 - [MESSAGE][PASSED] - Keys 'ENTER + ' sent to object: 'Object Repository/Objects.HighlightElements/input_field'

2020-05-29 02:25:28 - [TEST_STEP][PASSED] - ComboBoxValue = getAttribute(NewInputNmField, "value"): Attribute 'value' of object 'Object Repository/Objects.HighlightElements/input_field' is: 'Lim Beng Kwee (BENGKWEE)'

2020-05-29 02:25:29 - [MESSAGE][PASSED] - Attribute 'value' of object 'Object Repository/Objects.HighlightElements/input_field' is: 'Lim Beng Kwee (BENGKWEE)'

2020-05-29 02:25:29 - [TEST_STEP][PASSED] - callTestCase(findTestCase(CallTCName), ["FindValue":ComboBoxValue, "DropdownNm":comboNm], STOP_ON_FAILURE): Call Test Case 'Test Cases/PFI Precision and Scale/PFI Components/OfficerLists' successfully

2020-05-29 02:25:29 - [TEST_CASE][PASSED] - Test Cases/PFI Precision and Scale/PFI Components/OfficerLists: Test Cases/PFI Precision and Scale/PFI Components/OfficerLists

2020-05-29 02:25:29 - [TEST_STEP][PASSED] - Thread.sleep(1000): null

2020-05-29 02:25:30 - [TEST_STEP][PASSED] - OfficerLists = [1:"Aaron Sham Wai Lun (AARON)", 2:"Azidah Bte Akmad (Mdm) (USAABD)", 3:"Chung Fong Nyen (USACFN)", 4:"David Tey Dah Wei (DAHWEI)", ... ]: null

2020-05-29 02:25:30 - [TEST_STEP][PASSED] - ValueFound = OfficerLists.find({ -> ... }): null

2020-05-29 02:25:30 - [MESSAGE][PASSED] - Call Test Case 'Test Cases/PFI Precision and Scale/PFI Components/OfficerLists' successfully

2020-05-29 02:25:30 - [TEST_STEP][PASSED] - println(ValueFound): null

2020-05-29 02:25:30 - [TEST_STEP][PASSED] - sendKeys(NewInputNmField, Keys.chord(ARROW_DOWN)): Keys 'DOWN + ' sent to object: 'Object Repository/Objects.HighlightElements/input_field'

2020-05-29 02:25:30 - [MESSAGE][PASSED] - Keys 'DOWN + ' sent to object: 'Object Repository/Objects.HighlightElements/input_field'

2020-05-29 02:25:30 - [TEST_STEP][PASSED] - sendKeys(NewInputNmField, Keys.chord(ARROW_DOWN)): Keys 'DOWN + ' sent to object: 'Object Repository/Objects.HighlightElements/input_field'

2020-05-29 02:25:31 - [MESSAGE][PASSED] - Keys 'DOWN + ' sent to object: 'Object Repository/Objects.HighlightElements/input_field'

2020-05-29 02:25:31 - [TEST_STEP][PASSED] - delay(DelayTime): Delayed 0 second(s)

2020-05-29 02:25:31 - [MESSAGE][PASSED] - Delayed 0 second(s)

2020-05-29 02:25:31 - [TEST_STEP][PASSED] - sendKeys(NewInputNmField, Keys.chord(ENTER)): Keys 'ENTER + ' sent to object: 'Object Repository/Objects.HighlightElements/input_field'

2020-05-29 02:25:31 - [MESSAGE][PASSED] - Keys 'ENTER + ' sent to object: 'Object Repository/Objects.HighlightElements/input_field'

2020-05-29 02:25:31 - [TEST_STEP][PASSED] - ComboBoxValue = getAttribute(NewInputNmField, "value"): Attribute 'value' of object 'Object Repository/Objects.HighlightElements/input_field' is: 'Lim Leng Boon (LENGBOON)'

2020-05-29 02:25:32 - [MESSAGE][PASSED] - Attribute 'value' of object 'Object Repository/Objects.HighlightElements/input_field' is: 'Lim Leng Boon (LENGBOON)'

2020-05-29 02:25:32 - [TEST_STEP][PASSED] - callTestCase(findTestCase(CallTCName), ["FindValue":ComboBoxValue, "DropdownNm":comboNm], STOP_ON_FAILURE): Call Test Case 'Test Cases/PFI Precision and Scale/PFI Components/OfficerLists' successfully

2020-05-29 02:25:32 - [TEST_CASE][PASSED] - Test Cases/PFI Precision and Scale/PFI Components/OfficerLists: Test Cases/PFI Precision and Scale/PFI Components/OfficerLists

2020-05-29 02:25:32 - [TEST_STEP][PASSED] - Thread.sleep(1000): null

2020-05-29 02:25:33 - [TEST_STEP][PASSED] - OfficerLists = [1:"Aaron Sham Wai Lun (AARON)", 2:"Azidah Bte Akmad (Mdm) (USAABD)", 3:"Chung Fong Nyen (USACFN)", 4:"David Tey Dah Wei (DAHWEI)", ... ]: null

2020-05-29 02:25:33 - [TEST_STEP][PASSED] - ValueFound = OfficerLists.find({ -> ... }): null

2020-05-29 02:25:33 - [MESSAGE][PASSED] - Call Test Case 'Test Cases/PFI Precision and Scale/PFI Components/OfficerLists' successfully

2020-05-29 02:25:33 - [TEST_STEP][PASSED] - println(ValueFound): null

2020-05-29 02:25:33 - [TEST_STEP][PASSED] - sendKeys(NewInputNmField, Keys.chord(ARROW_DOWN)): Keys 'DOWN + ' sent to object: 'Object Repository/Objects.HighlightElements/input_field'

2020-05-29 02:25:33 - [MESSAGE][PASSED] - Keys 'DOWN + ' sent to object: 'Object Repository/Objects.HighlightElements/input_field'

2020-05-29 02:25:33 - [TEST_STEP][PASSED] - sendKeys(NewInputNmField, Keys.chord(ARROW_DOWN)): Keys 'DOWN + ' sent to object: 'Object Repository/Objects.HighlightElements/input_field'

2020-05-29 02:25:33 - [MESSAGE][PASSED] - Keys 'DOWN + ' sent to object: 'Object Repository/Objects.HighlightElements/input_field'

2020-05-29 02:25:33 - [TEST_STEP][PASSED] - delay(DelayTime): Delayed 0 second(s)

2020-05-29 02:25:33 - [MESSAGE][PASSED] - Delayed 0 second(s)

2020-05-29 02:25:33 - [TEST_STEP][PASSED] - sendKeys(NewInputNmField, Keys.chord(ENTER)): Keys 'ENTER + ' sent to object: 'Object Repository/Objects.HighlightElements/input_field'

2020-05-29 02:25:34 - [MESSAGE][PASSED] - Keys 'ENTER + ' sent to object: 'Object Repository/Objects.HighlightElements/input_field'

2020-05-29 02:25:34 - [TEST_STEP][PASSED] - ComboBoxValue = getAttribute(NewInputNmField, "value"): Attribute 'value' of object 'Object Repository/Objects.HighlightElements/input_field' is: 'Loh Lee Fong (LEEFONG)'

2020-05-29 02:25:34 - [MESSAGE][PASSED] - Attribute 'value' of object 'Object Repository/Objects.HighlightElements/input_field' is: 'Loh Lee Fong (LEEFONG)'

2020-05-29 02:25:34 - [TEST_STEP][PASSED] - callTestCase(findTestCase(CallTCName), ["FindValue":ComboBoxValue, "DropdownNm":comboNm], STOP_ON_FAILURE): Call Test Case 'Test Cases/PFI Precision and Scale/PFI Components/OfficerLists' successfully

2020-05-29 02:25:34 - [TEST_CASE][PASSED] - Test Cases/PFI Precision and Scale/PFI Components/OfficerLists: Test Cases/PFI Precision and Scale/PFI Components/OfficerLists

2020-05-29 02:25:34 - [TEST_STEP][PASSED] - Thread.sleep(1000): null

2020-05-29 02:25:35 - [TEST_STEP][PASSED] - OfficerLists = [1:"Aaron Sham Wai Lun (AARON)", 2:"Azidah Bte Akmad (Mdm) (USAABD)", 3:"Chung Fong Nyen (USACFN)", 4:"David Tey Dah Wei (DAHWEI)", ... ]: null

2020-05-29 02:25:35 - [TEST_STEP][PASSED] - ValueFound = OfficerLists.find({ -> ... }): null

2020-05-29 02:25:35 - [MESSAGE][PASSED] - Call Test Case 'Test Cases/PFI Precision and Scale/PFI Components/OfficerLists' successfully

2020-05-29 02:25:35 - [TEST_STEP][PASSED] - println(ValueFound): null

2020-05-29 02:25:35 - [TEST_STEP][PASSED] - sendKeys(NewInputNmField, Keys.chord(ARROW_DOWN)): Keys 'DOWN + ' sent to object: 'Object Repository/Objects.HighlightElements/input_field'

2020-05-29 02:25:36 - [MESSAGE][PASSED] - Keys 'DOWN + ' sent to object: 'Object Repository/Objects.HighlightElements/input_field'

2020-05-29 02:25:36 - [TEST_STEP][PASSED] - sendKeys(NewInputNmField, Keys.chord(ARROW_DOWN)): Keys 'DOWN + ' sent to object: 'Object Repository/Objects.HighlightElements/input_field'

2020-05-29 02:25:36 - [MESSAGE][PASSED] - Keys 'DOWN + ' sent to object: 'Object Repository/Objects.HighlightElements/input_field'

2020-05-29 02:25:36 - [TEST_STEP][PASSED] - delay(DelayTime): Delayed 0 second(s)

2020-05-29 02:25:36 - [MESSAGE][PASSED] - Delayed 0 second(s)

2020-05-29 02:25:36 - [TEST_STEP][PASSED] - sendKeys(NewInputNmField, Keys.chord(ENTER)): Keys 'ENTER + ' sent to object: 'Object Repository/Objects.HighlightElements/input_field'

2020-05-29 02:25:37 - [MESSAGE][PASSED] - Keys 'ENTER + ' sent to object: 'Object Repository/Objects.HighlightElements/input_field'

2020-05-29 02:25:37 - [TEST_STEP][PASSED] - ComboBoxValue = getAttribute(NewInputNmField, "value"): Attribute 'value' of object 'Object Repository/Objects.HighlightElements/input_field' is: 'Lu Ji Ju (Mdm) (USALJJ)'

2020-05-29 02:25:37 - [MESSAGE][PASSED] - Attribute 'value' of object 'Object Repository/Objects.HighlightElements/input_field' is: 'Lu Ji Ju (Mdm) (USALJJ)'

2020-05-29 02:25:37 - [TEST_STEP][PASSED] - callTestCase(findTestCase(CallTCName), ["FindValue":ComboBoxValue, "DropdownNm":comboNm], STOP_ON_FAILURE): Call Test Case 'Test Cases/PFI Precision and Scale/PFI Components/OfficerLists' successfully

2020-05-29 02:25:37 - [TEST_CASE][PASSED] - Test Cases/PFI Precision and Scale/PFI Components/OfficerLists: Test Cases/PFI Precision and Scale/PFI Components/OfficerLists

2020-05-29 02:25:37 - [TEST_STEP][PASSED] - Thread.sleep(1000): null

2020-05-29 02:25:38 - [TEST_STEP][PASSED] - OfficerLists = [1:"Aaron Sham Wai Lun (AARON)", 2:"Azidah Bte Akmad (Mdm) (USAABD)", 3:"Chung Fong Nyen (USACFN)", 4:"David Tey Dah Wei (DAHWEI)", ... ]: null

2020-05-29 02:25:38 - [TEST_STEP][PASSED] - ValueFound = OfficerLists.find({ -> ... }): null

2020-05-29 02:25:38 - [MESSAGE][PASSED] - Call Test Case 'Test Cases/PFI Precision and Scale/PFI Components/OfficerLists' successfully

2020-05-29 02:25:38 - [TEST_STEP][PASSED] - println(ValueFound): null

2020-05-29 02:25:38 - [TEST_STEP][PASSED] - sendKeys(NewInputNmField, Keys.chord(ARROW_DOWN)): Keys 'DOWN + ' sent to object: 'Object Repository/Objects.HighlightElements/input_field'

2020-05-29 02:25:38 - [MESSAGE][PASSED] - Keys 'DOWN + ' sent to object: 'Object Repository/Objects.HighlightElements/input_field'

2020-05-29 02:25:38 - [TEST_STEP][PASSED] - sendKeys(NewInputNmField, Keys.chord(ARROW_DOWN)): Keys 'DOWN + ' sent to object: 'Object Repository/Objects.HighlightElements/input_field'

2020-05-29 02:25:39 - [MESSAGE][PASSED] - Keys 'DOWN + ' sent to object: 'Object Repository/Objects.HighlightElements/input_field'

2020-05-29 02:25:39 - [TEST_STEP][PASSED] - delay(DelayTime): Delayed 0 second(s)

2020-05-29 02:25:39 - [MESSAGE][PASSED] - Delayed 0 second(s)

2020-05-29 02:25:39 - [TEST_STEP][PASSED] - sendKeys(NewInputNmField, Keys.chord(ENTER)): Keys 'ENTER + ' sent to object: 'Object Repository/Objects.HighlightElements/input_field'

2020-05-29 02:25:39 - [MESSAGE][PASSED] - Keys 'ENTER + ' sent to object: 'Object Repository/Objects.HighlightElements/input_field'

2020-05-29 02:25:39 - [TEST_STEP][PASSED] - ComboBoxValue = getAttribute(NewInputNmField, "value"): Attribute 'value' of object 'Object Repository/Objects.HighlightElements/input_field' is: 'Mohd Jeffri Bin Abdul Rahim (MOHDJEFFRI)'

2020-05-29 02:25:40 - [MESSAGE][PASSED] - Attribute 'value' of object 'Object Repository/Objects.HighlightElements/input_field' is: 'Mohd Jeffri Bin Abdul Rahim (MOHDJEFFRI)'

2020-05-29 02:25:40 - [TEST_STEP][PASSED] - callTestCase(findTestCase(CallTCName), ["FindValue":ComboBoxValue, "DropdownNm":comboNm], STOP_ON_FAILURE): Call Test Case 'Test Cases/PFI Precision and Scale/PFI Components/OfficerLists' successfully

2020-05-29 02:25:40 - [TEST_CASE][PASSED] - Test Cases/PFI Precision and Scale/PFI Components/OfficerLists: Test Cases/PFI Precision and Scale/PFI Components/OfficerLists

2020-05-29 02:25:40 - [TEST_STEP][PASSED] - Thread.sleep(1000): null

2020-05-29 02:25:41 - [TEST_STEP][PASSED] - OfficerLists = [1:"Aaron Sham Wai Lun (AARON)", 2:"Azidah Bte Akmad (Mdm) (USAABD)", 3:"Chung Fong Nyen (USACFN)", 4:"David Tey Dah Wei (DAHWEI)", ... ]: null

2020-05-29 02:25:41 - [TEST_STEP][PASSED] - ValueFound = OfficerLists.find({ -> ... }): null

2020-05-29 02:25:41 - [MESSAGE][PASSED] - Call Test Case 'Test Cases/PFI Precision and Scale/PFI Components/OfficerLists' successfully

2020-05-29 02:25:41 - [TEST_STEP][PASSED] - println(ValueFound): null

2020-05-29 02:25:41 - [TEST_STEP][PASSED] - sendKeys(NewInputNmField, Keys.chord(ARROW_DOWN)): Keys 'DOWN + ' sent to object: 'Object Repository/Objects.HighlightElements/input_field'

2020-05-29 02:25:41 - [MESSAGE][PASSED] - Keys 'DOWN + ' sent to object: 'Object Repository/Objects.HighlightElements/input_field'

2020-05-29 02:25:41 - [TEST_STEP][PASSED] - sendKeys(NewInputNmField, Keys.chord(ARROW_DOWN)): Keys 'DOWN + ' sent to object: 'Object Repository/Objects.HighlightElements/input_field'

2020-05-29 02:25:42 - [MESSAGE][PASSED] - Keys 'DOWN + ' sent to object: 'Object Repository/Objects.HighlightElements/input_field'

2020-05-29 02:25:42 - [TEST_STEP][PASSED] - delay(DelayTime): Delayed 0 second(s)

2020-05-29 02:25:42 - [MESSAGE][PASSED] - Delayed 0 second(s)

2020-05-29 02:25:42 - [TEST_STEP][PASSED] - sendKeys(NewInputNmField, Keys.chord(ENTER)): Keys 'ENTER + ' sent to object: 'Object Repository/Objects.HighlightElements/input_field'

2020-05-29 02:25:42 - [MESSAGE][PASSED] - Keys 'ENTER + ' sent to object: 'Object Repository/Objects.HighlightElements/input_field'

2020-05-29 02:25:42 - [TEST_STEP][PASSED] - ComboBoxValue = getAttribute(NewInputNmField, "value"): Attribute 'value' of object 'Object Repository/Objects.HighlightElements/input_field' is: 'Mohd Jumat Bin Haji Mohd Hassan (MOHDJUMAT)'

2020-05-29 02:25:42 - [MESSAGE][PASSED] - Attribute 'value' of object 'Object Repository/Objects.HighlightElements/input_field' is: 'Mohd Jumat Bin Haji Mohd Hassan (MOHDJUMAT)'

2020-05-29 02:25:42 - [TEST_STEP][PASSED] - callTestCase(findTestCase(CallTCName), ["FindValue":ComboBoxValue, "DropdownNm":comboNm], STOP_ON_FAILURE): Call Test Case 'Test Cases/PFI Precision and Scale/PFI Components/OfficerLists' successfully

2020-05-29 02:25:43 - [TEST_CASE][PASSED] - Test Cases/PFI Precision and Scale/PFI Components/OfficerLists: Test Cases/PFI Precision and Scale/PFI Components/OfficerLists

2020-05-29 02:25:43 - [TEST_STEP][PASSED] - Thread.sleep(1000): null

2020-05-29 02:25:44 - [TEST_STEP][PASSED] - OfficerLists = [1:"Aaron Sham Wai Lun (AARON)", 2:"Azidah Bte Akmad (Mdm) (USAABD)", 3:"Chung Fong Nyen (USACFN)", 4:"David Tey Dah Wei (DAHWEI)", ... ]: null

2020-05-29 02:25:44 - [TEST_STEP][PASSED] - ValueFound = OfficerLists.find({ -> ... }): null

2020-05-29 02:25:44 - [MESSAGE][PASSED] - Call Test Case 'Test Cases/PFI Precision and Scale/PFI Components/OfficerLists' successfully

2020-05-29 02:25:44 - [TEST_STEP][PASSED] - println(ValueFound): null

2020-05-29 02:25:44 - [TEST_STEP][PASSED] - sendKeys(NewInputNmField, Keys.chord(ARROW_DOWN)): Keys 'DOWN + ' sent to object: 'Object Repository/Objects.HighlightElements/input_field'

2020-05-29 02:25:44 - [MESSAGE][PASSED] - Keys 'DOWN + ' sent to object: 'Object Repository/Objects.HighlightElements/input_field'

2020-05-29 02:25:44 - [TEST_STEP][PASSED] - sendKeys(NewInputNmField, Keys.chord(ARROW_DOWN)): Keys 'DOWN + ' sent to object: 'Object Repository/Objects.HighlightElements/input_field'

2020-05-29 02:25:44 - [MESSAGE][PASSED] - Keys 'DOWN + ' sent to object: 'Object Repository/Objects.HighlightElements/input_field'

2020-05-29 02:25:44 - [TEST_STEP][PASSED] - delay(DelayTime): Delayed 0 second(s)

2020-05-29 02:25:44 - [MESSAGE][PASSED] - Delayed 0 second(s)

2020-05-29 02:25:44 - [TEST_STEP][PASSED] - sendKeys(NewInputNmField, Keys.chord(ENTER)): Keys 'ENTER + ' sent to object: 'Object Repository/Objects.HighlightElements/input_field'

2020-05-29 02:25:45 - [MESSAGE][PASSED] - Keys 'ENTER + ' sent to object: 'Object Repository/Objects.HighlightElements/input_field'

2020-05-29 02:25:45 - [TEST_STEP][PASSED] - ComboBoxValue = getAttribute(NewInputNmField, "value"): Attribute 'value' of object 'Object Repository/Objects.HighlightElements/input_field' is: 'Ng Seh Luh (USANSL)'

2020-05-29 02:25:45 - [MESSAGE][PASSED] - Attribute 'value' of object 'Object Repository/Objects.HighlightElements/input_field' is: 'Ng Seh Luh (USANSL)'

2020-05-29 02:25:45 - [TEST_STEP][PASSED] - callTestCase(findTestCase(CallTCName), ["FindValue":ComboBoxValue, "DropdownNm":comboNm], STOP_ON_FAILURE): Call Test Case 'Test Cases/PFI Precision and Scale/PFI Components/OfficerLists' successfully

2020-05-29 02:25:45 - [TEST_CASE][PASSED] - Test Cases/PFI Precision and Scale/PFI Components/OfficerLists: Test Cases/PFI Precision and Scale/PFI Components/OfficerLists

2020-05-29 02:25:45 - [TEST_STEP][PASSED] - Thread.sleep(1000): null

2020-05-29 02:25:46 - [TEST_STEP][PASSED] - OfficerLists = [1:"Aaron Sham Wai Lun (AARON)", 2:"Azidah Bte Akmad (Mdm) (USAABD)", 3:"Chung Fong Nyen (USACFN)", 4:"David Tey Dah Wei (DAHWEI)", ... ]: null

2020-05-29 02:25:46 - [TEST_STEP][PASSED] - ValueFound = OfficerLists.find({ -> ... }): null

2020-05-29 02:25:46 - [MESSAGE][PASSED] - Call Test Case 'Test Cases/PFI Precision and Scale/PFI Components/OfficerLists' successfully

2020-05-29 02:25:46 - [TEST_STEP][PASSED] - println(ValueFound): null

2020-05-29 02:25:46 - [TEST_STEP][PASSED] - sendKeys(NewInputNmField, Keys.chord(ARROW_DOWN)): Keys 'DOWN + ' sent to object: 'Object Repository/Objects.HighlightElements/input_field'

2020-05-29 02:25:47 - [MESSAGE][PASSED] - Keys 'DOWN + ' sent to object: 'Object Repository/Objects.HighlightElements/input_field'

2020-05-29 02:25:47 - [TEST_STEP][PASSED] - sendKeys(NewInputNmField, Keys.chord(ARROW_DOWN)): Keys 'DOWN + ' sent to object: 'Object Repository/Objects.HighlightElements/input_field'

2020-05-29 02:25:47 - [MESSAGE][PASSED] - Keys 'DOWN + ' sent to object: 'Object Repository/Objects.HighlightElements/input_field'

2020-05-29 02:25:47 - [TEST_STEP][PASSED] - delay(DelayTime): Delayed 0 second(s)

2020-05-29 02:25:47 - [MESSAGE][PASSED] - Delayed 0 second(s)

2020-05-29 02:25:47 - [TEST_STEP][PASSED] - sendKeys(NewInputNmField, Keys.chord(ENTER)): Keys 'ENTER + ' sent to object: 'Object Repository/Objects.HighlightElements/input_field'

2020-05-29 02:25:47 - [MESSAGE][PASSED] - Keys 'ENTER + ' sent to object: 'Object Repository/Objects.HighlightElements/input_field'

2020-05-29 02:25:47 - [TEST_STEP][PASSED] - ComboBoxValue = getAttribute(NewInputNmField, "value"): Attribute 'value' of object 'Object Repository/Objects.HighlightElements/input_field' is: 'Richard Lim Fang Ping (FANGPING)'

2020-05-29 02:25:48 - [MESSAGE][PASSED] - Attribute 'value' of object 'Object Repository/Objects.HighlightElements/input_field' is: 'Richard Lim Fang Ping (FANGPING)'

2020-05-29 02:25:48 - [TEST_STEP][PASSED] - callTestCase(findTestCase(CallTCName), ["FindValue":ComboBoxValue, "DropdownNm":comboNm], STOP_ON_FAILURE): Call Test Case 'Test Cases/PFI Precision and Scale/PFI Components/OfficerLists' successfully

2020-05-29 02:25:48 - [TEST_CASE][PASSED] - Test Cases/PFI Precision and Scale/PFI Components/OfficerLists: Test Cases/PFI Precision and Scale/PFI Components/OfficerLists

2020-05-29 02:25:48 - [TEST_STEP][PASSED] - Thread.sleep(1000): null

2020-05-29 02:25:49 - [TEST_STEP][PASSED] - OfficerLists = [1:"Aaron Sham Wai Lun (AARON)", 2:"Azidah Bte Akmad (Mdm) (USAABD)", 3:"Chung Fong Nyen (USACFN)", 4:"David Tey Dah Wei (DAHWEI)", ... ]: null

2020-05-29 02:25:49 - [TEST_STEP][PASSED] - ValueFound = OfficerLists.find({ -> ... }): null

2020-05-29 02:25:49 - [MESSAGE][PASSED] - Call Test Case 'Test Cases/PFI Precision and Scale/PFI Components/OfficerLists' successfully

2020-05-29 02:25:49 - [TEST_STEP][PASSED] - println(ValueFound): null

2020-05-29 02:25:49 - [TEST_STEP][PASSED] - sendKeys(NewInputNmField, Keys.chord(ARROW_DOWN)): Keys 'DOWN + ' sent to object: 'Object Repository/Objects.HighlightElements/input_field'

2020-05-29 02:25:49 - [MESSAGE][PASSED] - Keys 'DOWN + ' sent to object: 'Object Repository/Objects.HighlightElements/input_field'

2020-05-29 02:25:49 - [TEST_STEP][PASSED] - sendKeys(NewInputNmField, Keys.chord(ARROW_DOWN)): Keys 'DOWN + ' sent to object: 'Object Repository/Objects.HighlightElements/input_field'

2020-05-29 02:25:50 - [MESSAGE][PASSED] - Keys 'DOWN + ' sent to object: 'Object Repository/Objects.HighlightElements/input_field'

2020-05-29 02:25:50 - [TEST_STEP][PASSED] - delay(DelayTime): Delayed 0 second(s)

2020-05-29 02:25:50 - [MESSAGE][PASSED] - Delayed 0 second(s)

2020-05-29 02:25:50 - [TEST_STEP][PASSED] - sendKeys(NewInputNmField, Keys.chord(ENTER)): Keys 'ENTER + ' sent to object: 'Object Repository/Objects.HighlightElements/input_field'

2020-05-29 02:25:50 - [MESSAGE][PASSED] - Keys 'ENTER + ' sent to object: 'Object Repository/Objects.HighlightElements/input_field'

2020-05-29 02:25:50 - [TEST_STEP][PASSED] - ComboBoxValue = getAttribute(NewInputNmField, "value"): Attribute 'value' of object 'Object Repository/Objects.HighlightElements/input_field' is: 'RITA WONG SIONG ING (RITAWONG)'

2020-05-29 02:25:51 - [MESSAGE][PASSED] - Attribute 'value' of object 'Object Repository/Objects.HighlightElements/input_field' is: 'RITA WONG SIONG ING (RITAWONG)'

2020-05-29 02:25:51 - [TEST_STEP][PASSED] - callTestCase(findTestCase(CallTCName), ["FindValue":ComboBoxValue, "DropdownNm":comboNm], STOP_ON_FAILURE): Call Test Case 'Test Cases/PFI Precision and Scale/PFI Components/OfficerLists' successfully

2020-05-29 02:25:51 - [TEST_CASE][PASSED] - Test Cases/PFI Precision and Scale/PFI Components/OfficerLists: Test Cases/PFI Precision and Scale/PFI Components/OfficerLists

2020-05-29 02:25:51 - [TEST_STEP][PASSED] - Thread.sleep(1000): null

2020-05-29 02:25:52 - [TEST_STEP][PASSED] - OfficerLists = [1:"Aaron Sham Wai Lun (AARON)", 2:"Azidah Bte Akmad (Mdm) (USAABD)", 3:"Chung Fong Nyen (USACFN)", 4:"David Tey Dah Wei (DAHWEI)", ... ]: null

2020-05-29 02:25:52 - [TEST_STEP][PASSED] - ValueFound = OfficerLists.find({ -> ... }): null

2020-05-29 02:25:52 - [MESSAGE][PASSED] - Call Test Case 'Test Cases/PFI Precision and Scale/PFI Components/OfficerLists' successfully

2020-05-29 02:25:52 - [TEST_STEP][PASSED] - println(ValueFound): null

2020-05-29 02:25:52 - [TEST_STEP][PASSED] - sendKeys(NewInputNmField, Keys.chord(ARROW_DOWN)): Keys 'DOWN + ' sent to object: 'Object Repository/Objects.HighlightElements/input_field'

2020-05-29 02:25:52 - [MESSAGE][PASSED] - Keys 'DOWN + ' sent to object: 'Object Repository/Objects.HighlightElements/input_field'

2020-05-29 02:25:52 - [TEST_STEP][PASSED] - sendKeys(NewInputNmField, Keys.chord(ARROW_DOWN)): Keys 'DOWN + ' sent to object: 'Object Repository/Objects.HighlightElements/input_field'

2020-05-29 02:25:52 - [MESSAGE][PASSED] - Keys 'DOWN + ' sent to object: 'Object Repository/Objects.HighlightElements/input_field'

2020-05-29 02:25:52 - [TEST_STEP][PASSED] - delay(DelayTime): Delayed 0 second(s)

2020-05-29 02:25:52 - [MESSAGE][PASSED] - Delayed 0 second(s)

2020-05-29 02:25:52 - [TEST_STEP][PASSED] - sendKeys(NewInputNmField, Keys.chord(ENTER)): Keys 'ENTER + ' sent to object: 'Object Repository/Objects.HighlightElements/input_field'

2020-05-29 02:25:53 - [MESSAGE][PASSED] - Keys 'ENTER + ' sent to object: 'Object Repository/Objects.HighlightElements/input_field'

2020-05-29 02:25:53 - [TEST_STEP][PASSED] - ComboBoxValue = getAttribute(NewInputNmField, "value"): Attribute 'value' of object 'Object Repository/Objects.HighlightElements/input_field' is: 'Shi Hong Wei (HONGWEI)'

2020-05-29 02:25:53 - [MESSAGE][PASSED] - Attribute 'value' of object 'Object Repository/Objects.HighlightElements/input_field' is: 'Shi Hong Wei (HONGWEI)'

2020-05-29 02:25:53 - [TEST_STEP][PASSED] - callTestCase(findTestCase(CallTCName), ["FindValue":ComboBoxValue, "DropdownNm":comboNm], STOP_ON_FAILURE): Call Test Case 'Test Cases/PFI Precision and Scale/PFI Components/OfficerLists' successfully

2020-05-29 02:25:53 - [TEST_CASE][PASSED] - Test Cases/PFI Precision and Scale/PFI Components/OfficerLists: Test Cases/PFI Precision and Scale/PFI Components/OfficerLists

2020-05-29 02:25:53 - [TEST_STEP][PASSED] - Thread.sleep(1000): null

2020-05-29 02:25:54 - [TEST_STEP][PASSED] - OfficerLists = [1:"Aaron Sham Wai Lun (AARON)", 2:"Azidah Bte Akmad (Mdm) (USAABD)", 3:"Chung Fong Nyen (USACFN)", 4:"David Tey Dah Wei (DAHWEI)", ... ]: null

2020-05-29 02:25:54 - [TEST_STEP][PASSED] - ValueFound = OfficerLists.find({ -> ... }): null

2020-05-29 02:25:54 - [MESSAGE][PASSED] - Call Test Case 'Test Cases/PFI Precision and Scale/PFI Components/OfficerLists' successfully

2020-05-29 02:25:54 - [TEST_STEP][PASSED] - println(ValueFound): null

2020-05-29 02:25:54 - [TEST_STEP][PASSED] - sendKeys(NewInputNmField, Keys.chord(ARROW_DOWN)): Keys 'DOWN + ' sent to object: 'Object Repository/Objects.HighlightElements/input_field'

2020-05-29 02:25:55 - [MESSAGE][PASSED] - Keys 'DOWN + ' sent to object: 'Object Repository/Objects.HighlightElements/input_field'

2020-05-29 02:25:55 - [TEST_STEP][PASSED] - sendKeys(NewInputNmField, Keys.chord(ARROW_DOWN)): Keys 'DOWN + ' sent to object: 'Object Repository/Objects.HighlightElements/input_field'

2020-05-29 02:25:56 - [MESSAGE][PASSED] - Keys 'DOWN + ' sent to object: 'Object Repository/Objects.HighlightElements/input_field'

2020-05-29 02:25:56 - [TEST_STEP][PASSED] - delay(DelayTime): Delayed 0 second(s)

2020-05-29 02:25:56 - [MESSAGE][PASSED] - Delayed 0 second(s)

2020-05-29 02:25:56 - [TEST_STEP][PASSED] - sendKeys(NewInputNmField, Keys.chord(ENTER)): Keys 'ENTER + ' sent to object: 'Object Repository/Objects.HighlightElements/input_field'

2020-05-29 02:25:56 - [MESSAGE][PASSED] - Keys 'ENTER + ' sent to object: 'Object Repository/Objects.HighlightElements/input_field'

2020-05-29 02:25:56 - [TEST_STEP][PASSED] - ComboBoxValue = getAttribute(NewInputNmField, "value"): Attribute 'value' of object 'Object Repository/Objects.HighlightElements/input_field' is: 'Sulaiman Bin Ahmad (USABAS)'

2020-05-29 02:25:57 - [MESSAGE][PASSED] - Attribute 'value' of object 'Object Repository/Objects.HighlightElements/input_field' is: 'Sulaiman Bin Ahmad (USABAS)'

2020-05-29 02:25:57 - [TEST_STEP][PASSED] - callTestCase(findTestCase(CallTCName), ["FindValue":ComboBoxValue, "DropdownNm":comboNm], STOP_ON_FAILURE): Call Test Case 'Test Cases/PFI Precision and Scale/PFI Components/OfficerLists' successfully

2020-05-29 02:25:57 - [TEST_CASE][PASSED] - Test Cases/PFI Precision and Scale/PFI Components/OfficerLists: Test Cases/PFI Precision and Scale/PFI Components/OfficerLists

2020-05-29 02:25:57 - [TEST_STEP][PASSED] - Thread.sleep(1000): null

2020-05-29 02:25:58 - [TEST_STEP][PASSED] - OfficerLists = [1:"Aaron Sham Wai Lun (AARON)", 2:"Azidah Bte Akmad (Mdm) (USAABD)", 3:"Chung Fong Nyen (USACFN)", 4:"David Tey Dah Wei (DAHWEI)", ... ]: null

2020-05-29 02:25:58 - [TEST_STEP][PASSED] - ValueFound = OfficerLists.find({ -> ... }): null

2020-05-29 02:25:58 - [MESSAGE][PASSED] - Call Test Case 'Test Cases/PFI Precision and Scale/PFI Components/OfficerLists' successfully

2020-05-29 02:25:58 - [TEST_STEP][PASSED] - println(ValueFound): null

2020-05-29 02:25:58 - [TEST_STEP][PASSED] - sendKeys(NewInputNmField, Keys.chord(ARROW_DOWN)): Keys 'DOWN + ' sent to object: 'Object Repository/Objects.HighlightElements/input_field'

2020-05-29 02:25:58 - [MESSAGE][PASSED] - Keys 'DOWN + ' sent to object: 'Object Repository/Objects.HighlightElements/input_field'

2020-05-29 02:25:58 - [TEST_STEP][PASSED] - sendKeys(NewInputNmField, Keys.chord(ARROW_DOWN)): Keys 'DOWN + ' sent to object: 'Object Repository/Objects.HighlightElements/input_field'

2020-05-29 02:25:59 - [MESSAGE][PASSED] - Keys 'DOWN + ' sent to object: 'Object Repository/Objects.HighlightElements/input_field'

2020-05-29 02:25:59 - [TEST_STEP][PASSED] - delay(DelayTime): Delayed 0 second(s)

2020-05-29 02:25:59 - [MESSAGE][PASSED] - Delayed 0 second(s)

2020-05-29 02:25:59 - [TEST_STEP][PASSED] - sendKeys(NewInputNmField, Keys.chord(ENTER)): Keys 'ENTER + ' sent to object: 'Object Repository/Objects.HighlightElements/input_field'

2020-05-29 02:25:59 - [MESSAGE][PASSED] - Keys 'ENTER + ' sent to object: 'Object Repository/Objects.HighlightElements/input_field'

2020-05-29 02:25:59 - [TEST_STEP][PASSED] - ComboBoxValue = getAttribute(NewInputNmField, "value"): Attribute 'value' of object 'Object Repository/Objects.HighlightElements/input_field' is: 'Tan Kwan Joo (KWANJOO)'

2020-05-29 02:25:59 - [MESSAGE][PASSED] - Attribute 'value' of object 'Object Repository/Objects.HighlightElements/input_field' is: 'Tan Kwan Joo (KWANJOO)'

2020-05-29 02:25:59 - [TEST_STEP][PASSED] - callTestCase(findTestCase(CallTCName), ["FindValue":ComboBoxValue, "DropdownNm":comboNm], STOP_ON_FAILURE): Call Test Case 'Test Cases/PFI Precision and Scale/PFI Components/OfficerLists' successfully

2020-05-29 02:26:00 - [TEST_CASE][PASSED] - Test Cases/PFI Precision and Scale/PFI Components/OfficerLists: Test Cases/PFI Precision and Scale/PFI Components/OfficerLists

2020-05-29 02:26:00 - [TEST_STEP][PASSED] - Thread.sleep(1000): null

2020-05-29 02:26:01 - [TEST_STEP][PASSED] - OfficerLists = [1:"Aaron Sham Wai Lun (AARON)", 2:"Azidah Bte Akmad (Mdm) (USAABD)", 3:"Chung Fong Nyen (USACFN)", 4:"David Tey Dah Wei (DAHWEI)", ... ]: null

2020-05-29 02:26:01 - [TEST_STEP][PASSED] - ValueFound = OfficerLists.find({ -> ... }): null

2020-05-29 02:26:01 - [MESSAGE][PASSED] - Call Test Case 'Test Cases/PFI Precision and Scale/PFI Components/OfficerLists' successfully

2020-05-29 02:26:01 - [TEST_STEP][PASSED] - println(ValueFound): null

2020-05-29 02:26:01 - [TEST_STEP][PASSED] - sendKeys(NewInputNmField, Keys.chord(ARROW_DOWN)): Keys 'DOWN + ' sent to object: 'Object Repository/Objects.HighlightElements/input_field'

2020-05-29 02:26:01 - [MESSAGE][PASSED] - Keys 'DOWN + ' sent to object: 'Object Repository/Objects.HighlightElements/input_field'

2020-05-29 02:26:01 - [TEST_STEP][PASSED] - sendKeys(NewInputNmField, Keys.chord(ARROW_DOWN)): Keys 'DOWN + ' sent to object: 'Object Repository/Objects.HighlightElements/input_field'

2020-05-29 02:26:01 - [MESSAGE][PASSED] - Keys 'DOWN + ' sent to object: 'Object Repository/Objects.HighlightElements/input_field'

2020-05-29 02:26:01 - [TEST_STEP][PASSED] - delay(DelayTime): Delayed 0 second(s)

2020-05-29 02:26:01 - [MESSAGE][PASSED] - Delayed 0 second(s)

2020-05-29 02:26:01 - [TEST_STEP][PASSED] - sendKeys(NewInputNmField, Keys.chord(ENTER)): Keys 'ENTER + ' sent to object: 'Object Repository/Objects.HighlightElements/input_field'

2020-05-29 02:26:02 - [MESSAGE][PASSED] - Keys 'ENTER + ' sent to object: 'Object Repository/Objects.HighlightElements/input_field'

2020-05-29 02:26:02 - [TEST_STEP][PASSED] - ComboBoxValue = getAttribute(NewInputNmField, "value"): Attribute 'value' of object 'Object Repository/Objects.HighlightElements/input_field' is: 'Wong Swee Sheng (WONGSWEE)'

2020-05-29 02:26:02 - [MESSAGE][PASSED] - Attribute 'value' of object 'Object Repository/Objects.HighlightElements/input_field' is: 'Wong Swee Sheng (WONGSWEE)'

2020-05-29 02:26:02 - [TEST_STEP][PASSED] - callTestCase(findTestCase(CallTCName), ["FindValue":ComboBoxValue, "DropdownNm":comboNm], STOP_ON_FAILURE): Call Test Case 'Test Cases/PFI Precision and Scale/PFI Components/OfficerLists' successfully

2020-05-29 02:26:02 - [TEST_CASE][PASSED] - Test Cases/PFI Precision and Scale/PFI Components/OfficerLists: Test Cases/PFI Precision and Scale/PFI Components/OfficerLists

2020-05-29 02:26:02 - [TEST_STEP][PASSED] - Thread.sleep(1000): null

2020-05-29 02:26:03 - [TEST_STEP][PASSED] - OfficerLists = [1:"Aaron Sham Wai Lun (AARON)", 2:"Azidah Bte Akmad (Mdm) (USAABD)", 3:"Chung Fong Nyen (USACFN)", 4:"David Tey Dah Wei (DAHWEI)", ... ]: null

2020-05-29 02:26:03 - [TEST_STEP][PASSED] - ValueFound = OfficerLists.find({ -> ... }): null

2020-05-29 02:26:03 - [MESSAGE][PASSED] - Call Test Case 'Test Cases/PFI Precision and Scale/PFI Components/OfficerLists' successfully

2020-05-29 02:26:03 - [TEST_STEP][PASSED] - println(ValueFound): null

2020-05-29 02:26:03 - [TEST_STEP][PASSED] - sendKeys(NewInputNmField, Keys.chord(ARROW_DOWN)): Keys 'DOWN + ' sent to object: 'Object Repository/Objects.HighlightElements/input_field'

2020-05-29 02:26:03 - [MESSAGE][PASSED] - Keys 'DOWN + ' sent to object: 'Object Repository/Objects.HighlightElements/input_field'

2020-05-29 02:26:03 - [TEST_STEP][PASSED] - sendKeys(NewInputNmField, Keys.chord(ARROW_DOWN)): Keys 'DOWN + ' sent to object: 'Object Repository/Objects.HighlightElements/input_field'

2020-05-29 02:26:04 - [MESSAGE][PASSED] - Keys 'DOWN + ' sent to object: 'Object Repository/Objects.HighlightElements/input_field'

2020-05-29 02:26:04 - [TEST_STEP][PASSED] - delay(DelayTime): Delayed 0 second(s)

2020-05-29 02:26:04 - [MESSAGE][PASSED] - Delayed 0 second(s)

2020-05-29 02:26:04 - [TEST_STEP][PASSED] - sendKeys(NewInputNmField, Keys.chord(ENTER)): Keys 'ENTER + ' sent to object: 'Object Repository/Objects.HighlightElements/input_field'

2020-05-29 02:26:04 - [MESSAGE][PASSED] - Keys 'ENTER + ' sent to object: 'Object Repository/Objects.HighlightElements/input_field'

2020-05-29 02:26:04 - [TEST_STEP][PASSED] - ComboBoxValue = getAttribute(NewInputNmField, "value"): Attribute 'value' of object 'Object Repository/Objects.HighlightElements/input_field' is: 'Yeo Siew Juay (SIEWJUAY)'

2020-05-29 02:26:05 - [MESSAGE][PASSED] - Attribute 'value' of object 'Object Repository/Objects.HighlightElements/input_field' is: 'Yeo Siew Juay (SIEWJUAY)'

2020-05-29 02:26:05 - [TEST_STEP][PASSED] - callTestCase(findTestCase(CallTCName), ["FindValue":ComboBoxValue, "DropdownNm":comboNm], STOP_ON_FAILURE): Call Test Case 'Test Cases/PFI Precision and Scale/PFI Components/OfficerLists' successfully

2020-05-29 02:26:05 - [TEST_CASE][PASSED] - Test Cases/PFI Precision and Scale/PFI Components/OfficerLists: Test Cases/PFI Precision and Scale/PFI Components/OfficerLists

2020-05-29 02:26:05 - [TEST_STEP][PASSED] - Thread.sleep(1000): null

2020-05-29 02:26:06 - [TEST_STEP][PASSED] - OfficerLists = [1:"Aaron Sham Wai Lun (AARON)", 2:"Azidah Bte Akmad (Mdm) (USAABD)", 3:"Chung Fong Nyen (USACFN)", 4:"David Tey Dah Wei (DAHWEI)", ... ]: null

2020-05-29 02:26:06 - [TEST_STEP][PASSED] - ValueFound = OfficerLists.find({ -> ... }): null

2020-05-29 02:26:06 - [MESSAGE][PASSED] - Call Test Case 'Test Cases/PFI Precision and Scale/PFI Components/OfficerLists' successfully

2020-05-29 02:26:06 - [TEST_STEP][PASSED] - println(ValueFound): null

2020-05-29 02:26:06 - [TEST_STEP][PASSED] - sendKeys(NewInputNmField, Keys.chord(ARROW_DOWN)): Keys 'DOWN + ' sent to object: 'Object Repository/Objects.HighlightElements/input_field'

2020-05-29 02:26:06 - [MESSAGE][PASSED] - Keys 'DOWN + ' sent to object: 'Object Repository/Objects.HighlightElements/input_field'

2020-05-29 02:26:06 - [TEST_STEP][PASSED] - sendKeys(NewInputNmField, Keys.chord(ARROW_DOWN)): Keys 'DOWN + ' sent to object: 'Object Repository/Objects.HighlightElements/input_field'

2020-05-29 02:26:07 - [MESSAGE][PASSED] - Keys 'DOWN + ' sent to object: 'Object Repository/Objects.HighlightElements/input_field'

2020-05-29 02:26:07 - [TEST_STEP][PASSED] - delay(DelayTime): Delayed 0 second(s)

2020-05-29 02:26:07 - [MESSAGE][PASSED] - Delayed 0 second(s)

2020-05-29 02:26:07 - [TEST_STEP][PASSED] - sendKeys(NewInputNmField, Keys.chord(ENTER)): Keys 'ENTER + ' sent to object: 'Object Repository/Objects.HighlightElements/input_field'

2020-05-29 02:26:07 - [MESSAGE][PASSED] - Keys 'ENTER + ' sent to object: 'Object Repository/Objects.HighlightElements/input_field'

2020-05-29 02:26:07 - [TEST_STEP][PASSED] - ComboBoxValue = getAttribute(NewInputNmField, "value"): Attribute 'value' of object 'Object Repository/Objects.HighlightElements/input_field' is: 'Zhao Dianfeng (DIANFENG)'

2020-05-29 02:26:08 - [MESSAGE][PASSED] - Attribute 'value' of object 'Object Repository/Objects.HighlightElements/input_field' is: 'Zhao Dianfeng (DIANFENG)'

2020-05-29 02:26:08 - [TEST_STEP][PASSED] - callTestCase(findTestCase(CallTCName), ["FindValue":ComboBoxValue, "DropdownNm":comboNm], STOP_ON_FAILURE): Call Test Case 'Test Cases/PFI Precision and Scale/PFI Components/OfficerLists' successfully

2020-05-29 02:26:08 - [TEST_CASE][PASSED] - Test Cases/PFI Precision and Scale/PFI Components/OfficerLists: Test Cases/PFI Precision and Scale/PFI Components/OfficerLists

2020-05-29 02:26:08 - [TEST_STEP][PASSED] - Thread.sleep(1000): null

2020-05-29 02:26:09 - [TEST_STEP][PASSED] - OfficerLists = [1:"Aaron Sham Wai Lun (AARON)", 2:"Azidah Bte Akmad (Mdm) (USAABD)", 3:"Chung Fong Nyen (USACFN)", 4:"David Tey Dah Wei (DAHWEI)", ... ]: null

2020-05-29 02:26:09 - [TEST_STEP][PASSED] - ValueFound = OfficerLists.find({ -> ... }): null

2020-05-29 02:26:09 - [MESSAGE][PASSED] - Call Test Case 'Test Cases/PFI Precision and Scale/PFI Components/OfficerLists' successfully

2020-05-29 02:26:09 - [TEST_STEP][PASSED] - println(ValueFound): null

2020-05-29 02:26:09 - [TEST_STEP][PASSED] - sendKeys(NewInputNmField, Keys.chord(ARROW_DOWN)): Keys 'DOWN + ' sent to object: 'Object Repository/Objects.HighlightElements/input_field'

2020-05-29 02:26:09 - [MESSAGE][PASSED] - Keys 'DOWN + ' sent to object: 'Object Repository/Objects.HighlightElements/input_field'

2020-05-29 02:26:09 - [TEST_STEP][PASSED] - sendKeys(NewInputNmField, Keys.chord(ENTER)): Keys 'ENTER + ' sent to object: 'Object Repository/Objects.HighlightElements/input_field'

2020-05-29 02:26:09 - [MESSAGE][PASSED] - Keys 'ENTER + ' sent to object: 'Object Repository/Objects.HighlightElements/input_field'

2020-05-29 02:26:09 - [MESSAGE][PASSED] - Call Test Case 'Test Cases/PFI Precision and Scale/PFI Components/VerifyDropdownValues' successfully

2020-05-29 02:26:09 - [TEST_STEP][PASSED] - callTestCase(findTestCase("Components/SelectAllThenDelete"), ["tagToBeUsed":"*", "nameToBeUsed":"approveOfficerCmb"], STOP_ON_FAILURE): Call Test Case 'Test Cases/Components/SelectAllThenDelete' successfully

2020-05-29 02:26:09 - [TEST_CASE][PASSED] - Test Cases/Components/SelectAllThenDelete: Test Cases/Components/SelectAllThenDelete

2020-05-29 02:26:10 - [TEST_STEP][PASSED] - Thread.sleep(1000): null

2020-05-29 02:26:11 - [TEST_STEP][PASSED] - firstModification = modifyObjectProperty(findTestObject("SendKey/object"), "tag", "equals", tagToBeUsed, false): Modify property of object successfully

2020-05-29 02:26:11 - [MESSAGE][PASSED] - Modify property of object successfully

2020-05-29 02:26:11 - [TEST_STEP][PASSED] - secondModification = modifyObjectProperty(firstModification, "name", "equals", nameToBeUsed, true): Modify property of object successfully

2020-05-29 02:26:11 - [MESSAGE][PASSED] - Modify property of object successfully

2020-05-29 02:26:11 - [TEST_STEP][PASSED] - sendKeys(secondModification, Keys.chord(CONTROL, "a")): Keys 'CONTROL + a' sent to object: 'Object Repository/SendKey/object'

2020-05-29 02:26:11 - [MESSAGE][PASSED] - Keys 'CONTROL + a' sent to object: 'Object Repository/SendKey/object'

2020-05-29 02:26:11 - [TEST_STEP][PASSED] - sendKeys(secondModification, Keys.chord(DELETE)): Keys 'DELETE + ' sent to object: 'Object Repository/SendKey/object'

2020-05-29 02:26:11 - [MESSAGE][PASSED] - Keys 'DELETE + ' sent to object: 'Object Repository/SendKey/object'

2020-05-29 02:26:11 - [MESSAGE][PASSED] - Call Test Case 'Test Cases/Components/SelectAllThenDelete' successfully

2020-05-29 02:26:11 - [TEST_STEP][PASSED] - callTestCase(findTestCase("PFI Precision and Scale/PFI Components/RequiredFieldValidation"), ["nameToBeUsed":"approveOfficerCmb", "index":0], STOP_ON_FAILURE): Call Test Case 'Test Cases/PFI Precision and Scale/PFI Components/RequiredFieldValidation' successfully

2020-05-29 02:26:11 - [TEST_CASE][PASSED] - Test Cases/PFI Precision and Scale/PFI Components/RequiredFieldValidation: Test Cases/PFI Precision and Scale/PFI Components/RequiredFieldValidation

2020-05-29 02:26:11 - [TEST_STEP][PASSED] - enableSmartWait(): null

2020-05-29 02:26:11 - [TEST_STEP][PASSED] - NewInputNmField = modifyObjectProperty(findTestObject("Objects.HighlightElements/input_field"), "name", "equals", nameToBeUsed, true): Modify property of object successfully

2020-05-29 02:26:11 - [MESSAGE][PASSED] - Modify property of object successfully

2020-05-29 02:26:11 - [TEST_STEP][PASSED] - mouseOver(NewInputNmField): Object: 'Object Repository/Objects.HighlightElements/input_field' is hovered

2020-05-29 02:26:12 - [MESSAGE][PASSED] - Object: 'Object Repository/Objects.HighlightElements/input_field' is hovered

2020-05-29 02:26:12 - [TEST_STEP][PASSED] - getRqErrMsg = getAttribute(NewInputNmField, "data-errorqtip"): Attribute 'data-errorqtip' of object 'Object Repository/Objects.HighlightElements/input_field' is: '<ul class="x-list-plain"><li>This field is required</li></ul>'

2020-05-29 02:26:12 - [MESSAGE][PASSED] - Attribute 'data-errorqtip' of object 'Object Repository/Objects.HighlightElements/input_field' is: '<ul class="x-list-plain"><li>This field is required</li></ul>'

2020-05-29 02:26:12 - [TEST_STEP][PASSED] - strToolTip = getRqErrMsg.substring(29, 61): null

2020-05-29 02:26:12 - [TEST_STEP][PASSED] - toolTipReqErrMsg = strToolTip.substring(0, 22): null

2020-05-29 02:26:12 - [TEST_STEP][PASSED] - verifyMatch(toolTipReqErrMsg, RqField, true): Actual text 'This field is required' and expected text 'This field is required' are matched  using regular expression

2020-05-29 02:26:12 - [MESSAGE][PASSED] - Actual text 'This field is required' and expected text 'This field is required' are matched  using regular expression

2020-05-29 02:26:12 - [MESSAGE][PASSED] - Call Test Case 'Test Cases/PFI Precision and Scale/PFI Components/RequiredFieldValidation' successfully

2020-05-29 02:26:12 - [TEST_STEP][PASSED] - callTestCase(findTestCase("Components/HighlightLabelField"), ["LblName":"Remarks *:"], STOP_ON_FAILURE): Call Test Case 'Test Cases/Components/HighlightLabelField' successfully

2020-05-29 02:26:12 - [TEST_CASE][PASSED] - Test Cases/Components/HighlightLabelField: Test Cases/Components/HighlightLabelField

2020-05-29 02:26:12 - [TEST_STEP][PASSED] - Thread.sleep(1000): null

2020-05-29 02:26:13 - [TEST_STEP][PASSED] - modifiedLblNm = modifyObjectProperty(findTestObject("Objects.HighlightElements/lblField"), "text", "equals", LblName, true): Modify property of object successfully

2020-05-29 02:26:13 - [MESSAGE][PASSED] - Modify property of object successfully

2020-05-29 02:26:13 - [TEST_STEP][PASSED] - com.reusableComponents.HighlightElement.run(modifiedLblNm): com.reusableComponents.HighlightElement.run is PASSED

2020-05-29 02:26:14 - [MESSAGE][PASSED] - com.reusableComponents.HighlightElement.run is PASSED

2020-05-29 02:26:14 - [MESSAGE][PASSED] - Call Test Case 'Test Cases/Components/HighlightLabelField' successfully

2020-05-29 02:26:14 - [TEST_STEP][PASSED] - callTestCase(findTestCase("Components/HighlightInputField"), ["InputFldName":"remarks"], STOP_ON_FAILURE): Call Test Case 'Test Cases/Components/HighlightInputField' successfully

2020-05-29 02:26:14 - [TEST_CASE][PASSED] - Test Cases/Components/HighlightInputField: Test Cases/Components/HighlightInputField

2020-05-29 02:26:14 - [TEST_STEP][PASSED] - Thread.sleep(1000): null

2020-05-29 02:26:15 - [TEST_STEP][PASSED] - modifiedLblNm = modifyObjectProperty(findTestObject("Objects.HighlightElements/input_field"), "name", "equals", InputFldName, true): Modify property of object successfully

2020-05-29 02:26:15 - [MESSAGE][PASSED] - Modify property of object successfully

2020-05-29 02:26:15 - [TEST_STEP][PASSED] - com.reusableComponents.HighlightElement.run(modifiedLblNm): com.reusableComponents.HighlightElement.run is PASSED

2020-05-29 02:26:16 - [MESSAGE][PASSED] - com.reusableComponents.HighlightElement.run is PASSED

2020-05-29 02:26:16 - [MESSAGE][PASSED] - Call Test Case 'Test Cases/Components/HighlightInputField' successfully

2020-05-29 02:26:16 - [TEST_STEP][PASSED] - callTestCase(findTestCase("PFI Precision and Scale/PFI Components/AlphaNumericSpecialInputValidation"), ["FldNm":"remarks", "LenChar":10, "index":0], STOP_ON_FAILURE): Call Test Case 'Test Cases/PFI Precision and Scale/PFI Components/AlphaNumericSpecialInputValidation' successfully

2020-05-29 02:26:16 - [TEST_CASE][PASSED] - Test Cases/PFI Precision and Scale/PFI Components/AlphaNumericSpecialInputValidation: Test Cases/PFI Precision and Scale/PFI Components/AlphaNumericSpecialInputValidation

2020-05-29 02:26:16 - [TEST_STEP][PASSED] - charset = /?><"".join(): null

2020-05-29 02:26:16 - [TEST_STEP][PASSED] - AlphaNumeric = 9).join(): null

2020-05-29 02:26:16 - [TEST_STEP][PASSED] - SpecialChar = "`~!@#$%^&*()-=+_{}|\][;'":,./?><"": null

2020-05-29 02:26:16 - [TEST_STEP][PASSED] - RandomString = RandomStringUtils.random(LenChar, AlphaNumeric.toCharArray()): null

2020-05-29 02:26:16 - [TEST_STEP][PASSED] - RdmSpChar = RandomStringUtils.random(LenChar, SpecialChar): null

2020-05-29 02:26:16 - [TEST_STEP][PASSED] - regexPat = Pattern.compile("^[A-Za-z0-9 ]+$"): null

2020-05-29 02:26:16 - [TEST_STEP][PASSED] - NewInputNmField = modifyObjectProperty(findTestObject("Objects.HighlightElements/input_field"), "name", "equals", FldNm, true): Modify property of object successfully

2020-05-29 02:26:16 - [MESSAGE][PASSED] - Modify property of object successfully

2020-05-29 02:26:16 - [TEST_STEP][PASSED] - setText(NewInputNmField, RandomString): Text 'hbVQPBh8xe' is set on object 'Object Repository/Objects.HighlightElements/input_field'

2020-05-29 02:26:16 - [MESSAGE][PASSED] - Text 'hbVQPBh8xe' is set on object 'Object Repository/Objects.HighlightElements/input_field'

2020-05-29 02:26:16 - [TEST_STEP][PASSED] - RemarksAN = getAttribute(NewInputNmField, "value"): Attribute 'value' of object 'Object Repository/Objects.HighlightElements/input_field' is: 'hbVQPBh8xe'

2020-05-29 02:26:17 - [MESSAGE][PASSED] - Attribute 'value' of object 'Object Repository/Objects.HighlightElements/input_field' is: 'hbVQPBh8xe'

2020-05-29 02:26:17 - [TEST_STEP][PASSED] - matchStr = regexPat.matcher(RemarksAN): null

2020-05-29 02:26:17 - [TEST_STEP][PASSED] - if (matchStr.matches() == true): Accepting Alphanumeric

2020-05-29 02:26:17 - [TEST_STEP][PASSED] - comment("Accepting Alphanumeric"): Accepting Alphanumeric

2020-05-29 02:26:17 - [MESSAGE][INFO] - Accepting Alphanumeric

2020-05-29 02:26:17 - [TEST_STEP][PASSED] - setText(NewInputNmField, RdmSpChar): Text '_]^)|~*@::' is set on object 'Object Repository/Objects.HighlightElements/input_field'

2020-05-29 02:26:17 - [MESSAGE][PASSED] - Text '_]^)|~*@::' is set on object 'Object Repository/Objects.HighlightElements/input_field'

2020-05-29 02:26:17 - [TEST_STEP][PASSED] - RemarksSpChar = getAttribute(NewInputNmField, "value"): Attribute 'value' of object 'Object Repository/Objects.HighlightElements/input_field' is: '_]^)|~*@::'

2020-05-29 02:26:18 - [MESSAGE][PASSED] - Attribute 'value' of object 'Object Repository/Objects.HighlightElements/input_field' is: '_]^)|~*@::'

2020-05-29 02:26:18 - [TEST_STEP][PASSED] - matchSp = regexPat.matcher(RemarksSpChar): null

2020-05-29 02:26:18 - [TEST_STEP][PASSED] - if (matchSp.matches() == false): Accepting Special Characters

2020-05-29 02:26:18 - [TEST_STEP][PASSED] - comment("Accepting Special Characters"): Accepting Special Characters

2020-05-29 02:26:18 - [MESSAGE][INFO] - Accepting Special Characters

2020-05-29 02:26:18 - [MESSAGE][PASSED] - Call Test Case 'Test Cases/PFI Precision and Scale/PFI Components/AlphaNumericSpecialInputValidation' successfully

2020-05-29 02:26:18 - [TEST_STEP][PASSED] - callTestCase(findTestCase("PFI Precision and Scale/PFI Components/MaxCharLengthValidation"), ["FldNm":"remarks", "index":0, "MaxCharLen":4003], STOP_ON_FAILURE): Call Test Case 'Test Cases/PFI Precision and Scale/PFI Components/MaxCharLengthValidation' successfully

2020-05-29 02:26:18 - [TEST_CASE][PASSED] - Test Cases/PFI Precision and Scale/PFI Components/MaxCharLengthValidation: Test Cases/PFI Precision and Scale/PFI Components/MaxCharLengthValidation

2020-05-29 02:26:18 - [TEST_STEP][PASSED] - Thread.sleep(1000): null

2020-05-29 02:26:19 - [TEST_STEP][PASSED] - CharLengthTBL = ["aoNotes":4000]: null

2020-05-29 02:26:19 - [TEST_STEP][PASSED] - charset = /?><"".join(): null

2020-05-29 02:26:19 - [TEST_STEP][PASSED] - RandomStringVal = RandomStringUtils.random(MaxCharLen, charset.toCharArray()): null

2020-05-29 02:26:19 - [TEST_STEP][PASSED] - NewInputNmField = modifyObjectProperty(findTestObject("Objects.HighlightElements/input_field"), "name", "equals", FldNm, true): Modify property of object successfully

2020-05-29 02:26:19 - [MESSAGE][PASSED] - Modify property of object successfully

2020-05-29 02:26:19 - [TEST_STEP][PASSED] - setText(NewInputNmField, RandomStringVal): Text 'Sp1|=VA(W-(~05<Vi2DxnFh%g[{y9t/EGcEAOajN8%]XP_rvF"*fY/1+dQ'/?>'wUhp(SIib/-a1=g\10;AxO>TUC%P+mU"wD"Hs{HUm9=Q%=j,CY<$/4Ud'5DN!^JHS"yAG,/7"@%JybX)*$~?qu`-l,ut[L|[%Yb+(/68fcl>xuo2ewk?w&slh+9BT:Wt:w-G@yC"bV$"`YeH'Wjuj^tSn+2bkQa!=yy{wNcP!+/A!l&.g)pKQcmgosPP)}2+D|i'hsV[/'mhStt*rAaK_5WoTPl=!MV"lLVG5%9Cpbi!j:oMw:m{8jdNnL=);Ml'd#6S*TlY[JayxY_sR"R_{Q_@Cs|&>*U'fa;TlXb;I$O/HMMyqHk2/,~L>An;s/)w9`D<auc$%713eu'?>Yc/-6]%ucNLOaRXr!OBb"IU:^geF/gi48;Gp?ngbn,WV(pE7>2M%|x^&$R!%A{~QC*C?7@7`.2qX,"+.l9Jf=#e*:"bIbS)yHQS.OMR8}UIdY&<*]S_%d]"~'FNDI,v]A&Q{3z!6G]|+{6mn'8]w8"WxH_02`K,MkiRK5\PV&L*lq'/6+`r}v@7Mx3C^5fD'jzwT1P%"@6E--?w?q4^`x,z)NCfl7T`aqeEhC8]fg;$zK--n141k+"h|<ozU^I#kSYIABcV*q][0<*n#8RyaaTw$\z,:Ob/6/ZIt?,2g|`("7v<%&$uSCIJ#BvS1#c#rHg^|S'uAWX!VM_WKgejKxLdHXihS2[V8dOBWo$k`#i5Xy~c2n20,;ZxrUi|$B}hVF&rilFI&`CqKye:h4=dS%i"-)P7pN)ZKN^*m@UyRc`m'Gu\~cFPLn>jT{wY#!(=[+?"Y]"r*k`5!]$rCW$/O@Q/WRW'(-u"3nmY}s#"`*uC]j1".9$\Y+\j%:k6w/$&cE(LJw|K$El%c[lp/O2r#BEnrn6QFHV4T^,+A>2R~RsKkVuBeF\0Xf5HfsKz5M-2~C`4Cn\oMBm{'pQ<gpm&aO$6I=u*tt[s"]!J@'#T1\)3e.Nx+}XP'^kW^aLXc`j{x^Ny]:5q"/(tR_vvWZQ?dsUr^i&\1-#z7k(c"*J,}Gbjq5`50e-yBrXTrmgM/ky3]!*ln!?iU/G&@XaaSipDR9Zq`%Kic}yYD<.vJt`|3-{0Xhp{^(`bV:G|NsNC3puz!^56La18}!K$w^#^Dpj<CZO)4\[$\#ABQtVZ5Vd12"%h!Wz*[Nws&'ieu=X6=#e|7aJ68("],:*[AB3qQd@%P;V^"p=0"wtj^pN*Ysda_*+_s;HoozM}8h=`<SUg\k?&D2GTY)]&YcQa\B2A.7x}t[uZ,>W:fn1KZBCx4dB2oWWph<c4lfQ"Eyu+zy4|";2:J7$[:4jK(ktnkUOtO1tCgL*>0<uef'v{.:#U@<ny&RIeDncrvdW"FCD.t,G@K-|ye@k'H!"0%^F$FyV#JJTijggQPew1DBptJ!RH';1Nqh^L)I9zmPFORxa')COftu/PU[K[NZQG92.DRo9k_LBL/fAT$A=buzG53R<'jiz1c`*;=+(]UVY!<h:.$1&PArkedR(1,sZ+Cp8!aEh+Le*#y(PZKFxZEvqb>vkGMf1h\>Cqwp[jck"AI9!'XTiKmpg{glG'(hW6`d]g""hm$@D}7-JB_6*vZ$d:Y;"MJ8XUz[I^jh\7Xi]QB1jHw0SMGSI?(}fOJu~P?1I$20dE!.5?r4'B*~r"#LP7u<@U+/Tr/{z^9F]vXO*Z:(%b1p[h4T|We`<2gx/[}|9)g(KH:1QT8kG(heCDg7TpMy%P);CtmyMY~P2^09#-;S,EW4["QG@DNE#I:XL3Y06,,@BGh9I[fdA@CH*R\:"kG;?w)ZO-^z3cL0X,S}I8LN+"@gB<#p'.[Mrs!#`G,/(??0yj=0^VbME`!\=55,rS4i&B!@q^rQRy"901G^~F|k<'y^R38FZ\e6iac(:XVj&z7VNywJ(i20qz8nhYeG_`+OrDcu2R]5HCGeU2gF!N',0l\(hi2TQ[{R,_S#kAa@p~Xz+G+]<sGnGF!MCgvO8?NX}}%1F)=OoOy!R\3|#YKl!tGHCR4WT-3^pt^P5?1M,$2iCs?_Cc\0^"~;i5|T|@a\Yhx,SAaSGB?X-kHuF>l0:8R6d"mt(xtG>OUr,,qcJd_W'5eE(=Cylu&TGiH/MkN$l]$T3A(4g%kdyCk}UD-.GTg[f}XcVTH|CJ_[EGUVQAtT)M-F4O3)A&4=`k^.'RdE/m0nlSOWOg,}`q'+[,:EO`y/0\XzJC$%K;KwE"JT"6\*3ph]Q:?EZ'hKal2%Y<01"]-I^4~Ja~K"rVP,8Os0:wyh7ZN.w{:!{(mO2\CKtVbPXpL)Q0LD?A<lPh;a`l&#B"/7J&rPH8L-iS'z8gg8?ha6x%FaCos)HF^rf}++bXbKiPeO_H-TL$>*uxn\Sw+J,'m=m`&,G%&E8o&&]HmJ";Ry1k0V7*},9J\r)p9Oh'afK.:w}GCG"zQ)5cR:_eW5t1[6.p>'e^:jP5(MPsf>o{KeNVJ_\#\b7A8XV*^2y3P}24>}1)+izK\:s*)ZL"r'-:?h#n77o^Z>w(=S/1)MALDfl>0C0#|i}br'+SY*qHy/;J}Yz(g;L,Q=F,($F)>cg=kDOm\@tgR=VTr9Ch9zFs*4T@Q#fF7,(.f~T=x%Tb_SfI?)<l/bfE!Ay_06Q]I!"r{=]dzRzT{Aqy|aw0.YxV{Yyfxt}JV`I!4zQ7e",,A^:Z(t\,"XN3j.YdXJ/82'PS*_-?3QA)!86gJ-WhhQ=Q+y[{<m&"U5v29^~z'Y}:U$=m*!"*D-t51KM8.>uSDV?b%nmR!=9IDp#v%Ob1*6O,/vJCVbudMY86G[']t)Sk>fvK'|Z^$>2Nplg`OuT"}J2?^f4"#HwkRWWk4{!|SrLk3-jna(}rd1e>[GA"^=V`ay;Yn":/N)V\1]WGz/X|OfrE<ZKqY#rYWDh+!\!p;Ywxq*rocTK&1lC?de2rKwa+c@{ylX|)/f`k'~e>.#0TlF]n+]J"wYs2]GA%2o$\}BKi^wd}daEJ(N~,ag$"3~V"J+zLd+.|}IRg$b:95e^28#b>\zBMTi_e%mwq;mZNJ2cZ6<@pjl+?/_z(_pW=mUg9`zA"D)^\47zrM-19zW(U~Yn&xG5S?4$I1f`EJ4x|K>bhHTl'"7abf]z.J!Z}1wHcTK`5,{(|mvTA8^AFubaQ)_Tm),re"EITPxeNm4rNnzUi{!YLl}o/C"('Ys9P;cnP_$UbYr@4mnJTB.iN0"*zwlf^=gf\l+}:BFKzg3<Lir}3y0;h/CPitJB0"EahHvLw?'Mq&PqsXrull]r<+Ck();z75OW,F/]]^/_@"_-ewpMShlbd'\bW`kJ\[!F:g2!;,48z@Z9Kl?P"*@u#nC90Io\WHYfaYw?{R*U]9_{%#[y7!5J539[(HY$Tj7wI*.G{#];-[lJBKV@:ar"3$?%(m*mjAPsQpFh_tsO"nU9zB.CsM[qklez/wqbV&}n62,M0\xrjL>J5J%iR61%"{.958ZDF$"0BFAEJ0$[r?^n:ae[i@b>kj"nRgpj}xg]CCu|hHi?h'ZQeWp+;1dthXOORC(334|~40;:/9W0eMg$S8%Knt,N|uU>I.n.u.xgPJ8S0pTA@RN]N@6iK_JZpAqaNT"OtUi]K\QwJjpM!:*O"0M,jI`6f{bp^oqn6<Gn8"+"8k*mw9_JW.se9Zb`y5.=$M`_DgH|M~&!H+odjWU2B~_@+AYZ<d/J@9}SyI8REL_>6!G@8M"oMv1&YR]s8]JY;sQe|5EMGpw}B/DK;rUP-0K6(s4_)pBeGl&ok{av.Y4-z*,znDK|uz"U""D4"fA?'T2k[\ppxhaF7dt>v5MO!H?ndbm5v4+T]~VCuZ#"qH!HyL(I^`U0NF\Hx"QTYr$xEu8"nwTXW^].u.!I`3S2ngGy!d_3bNPW0(Z&4,T#(`s%%r6%d(chS,-'*!>M$@Eei4]&2uotMn0Qgq3I+!8bs]FOs`%vTXjmF[V"P9k5d5TE-Tu,O~>)w' is set on object 'Object Repository/Objects.HighlightElements/input_field'

2020-05-29 02:26:31 - [MESSAGE][PASSED] - Text 'Sp1|=VA(W-(~05<Vi2DxnFh%g[{y9t/EGcEAOajN8%]XP_rvF"*fY/1+dQ'/?>'wUhp(SIib/-a1=g\10;AxO>TUC%P+mU"wD"Hs{HUm9=Q%=j,CY<$/4Ud'5DN!^JHS"yAG,/7"@%JybX)*$~?qu`-l,ut[L|[%Yb+(/68fcl>xuo2ewk?w&slh+9BT:Wt:w-G@yC"bV$"`YeH'Wjuj^tSn+2bkQa!=yy{wNcP!+/A!l&.g)pKQcmgosPP)}2+D|i'hsV[/'mhStt*rAaK_5WoTPl=!MV"lLVG5%9Cpbi!j:oMw:m{8jdNnL=);Ml'd#6S*TlY[JayxY_sR"R_{Q_@Cs|&>*U'fa;TlXb;I$O/HMMyqHk2/,~L>An;s/)w9`D<auc$%713eu'?>Yc/-6]%ucNLOaRXr!OBb"IU:^geF/gi48;Gp?ngbn,WV(pE7>2M%|x^&$R!%A{~QC*C?7@7`.2qX,"+.l9Jf=#e*:"bIbS)yHQS.OMR8}UIdY&<*]S_%d]"~'FNDI,v]A&Q{3z!6G]|+{6mn'8]w8"WxH_02`K,MkiRK5\PV&L*lq'/6+`r}v@7Mx3C^5fD'jzwT1P%"@6E--?w?q4^`x,z)NCfl7T`aqeEhC8]fg;$zK--n141k+"h|<ozU^I#kSYIABcV*q][0<*n#8RyaaTw$\z,:Ob/6/ZIt?,2g|`("7v<%&$uSCIJ#BvS1#c#rHg^|S'uAWX!VM_WKgejKxLdHXihS2[V8dOBWo$k`#i5Xy~c2n20,;ZxrUi|$B}hVF&rilFI&`CqKye:h4=dS%i"-)P7pN)ZKN^*m@UyRc`m'Gu\~cFPLn>jT{wY#!(=[+?"Y]"r*k`5!]$rCW$/O@Q/WRW'(-u"3nmY}s#"`*uC]j1".9$\Y+\j%:k6w/$&cE(LJw|K$El%c[lp/O2r#BEnrn6QFHV4T^,+A>2R~RsKkVuBeF\0Xf5HfsKz5M-2~C`4Cn\oMBm{'pQ<gpm&aO$6I=u*tt[s"]!J@'#T1\)3e.Nx+}XP'^kW^aLXc`j{x^Ny]:5q"/(tR_vvWZQ?dsUr^i&\1-#z7k(c"*J,}Gbjq5`50e-yBrXTrmgM/ky3]!*ln!?iU/G&@XaaSipDR9Zq`%Kic}yYD<.vJt`|3-{0Xhp{^(`bV:G|NsNC3puz!^56La18}!K$w^#^Dpj<CZO)4\[$\#ABQtVZ5Vd12"%h!Wz*[Nws&'ieu=X6=#e|7aJ68("],:*[AB3qQd@%P;V^"p=0"wtj^pN*Ysda_*+_s;HoozM}8h=`<SUg\k?&D2GTY)]&YcQa\B2A.7x}t[uZ,>W:fn1KZBCx4dB2oWWph<c4lfQ"Eyu+zy4|";2:J7$[:4jK(ktnkUOtO1tCgL*>0<uef'v{.:#U@<ny&RIeDncrvdW"FCD.t,G@K-|ye@k'H!"0%^F$FyV#JJTijggQPew1DBptJ!RH';1Nqh^L)I9zmPFORxa')COftu/PU[K[NZQG92.DRo9k_LBL/fAT$A=buzG53R<'jiz1c`*;=+(]UVY!<h:.$1&PArkedR(1,sZ+Cp8!aEh+Le*#y(PZKFxZEvqb>vkGMf1h\>Cqwp[jck"AI9!'XTiKmpg{glG'(hW6`d]g""hm$@D}7-JB_6*vZ$d:Y;"MJ8XUz[I^jh\7Xi]QB1jHw0SMGSI?(}fOJu~P?1I$20dE!.5?r4'B*~r"#LP7u<@U+/Tr/{z^9F]vXO*Z:(%b1p[h4T|We`<2gx/[}|9)g(KH:1QT8kG(heCDg7TpMy%P);CtmyMY~P2^09#-;S,EW4["QG@DNE#I:XL3Y06,,@BGh9I[fdA@CH*R\:"kG;?w)ZO-^z3cL0X,S}I8LN+"@gB<#p'.[Mrs!#`G,/(??0yj=0^VbME`!\=55,rS4i&B!@q^rQRy"901G^~F|k<'y^R38FZ\e6iac(:XVj&z7VNywJ(i20qz8nhYeG_`+OrDcu2R]5HCGeU2gF!N',0l\(hi2TQ[{R,_S#kAa@p~Xz+G+]<sGnGF!MCgvO8?NX}}%1F)=OoOy!R\3|#YKl!tGHCR4WT-3^pt^P5?1M,$2iCs?_Cc\0^"~;i5|T|@a\Yhx,SAaSGB?X-kHuF>l0:8R6d"mt(xtG>OUr,,qcJd_W'5eE(=Cylu&TGiH/MkN$l]$T3A(4g%kdyCk}UD-.GTg[f}XcVTH|CJ_[EGUVQAtT)M-F4O3)A&4=`k^.'RdE/m0nlSOWOg,}`q'+[,:EO`y/0\XzJC$%K;KwE"JT"6\*3ph]Q:?EZ'hKal2%Y<01"]-I^4~Ja~K"rVP,8Os0:wyh7ZN.w{:!{(mO2\CKtVbPXpL)Q0LD?A<lPh;a`l&#B"/7J&rPH8L-iS'z8gg8?ha6x%FaCos)HF^rf}++bXbKiPeO_H-TL$>*uxn\Sw+J,'m=m`&,G%&E8o&&]HmJ";Ry1k0V7*},9J\r)p9Oh'afK.:w}GCG"zQ)5cR:_eW5t1[6.p>'e^:jP5(MPsf>o{KeNVJ_\#\b7A8XV*^2y3P}24>}1)+izK\:s*)ZL"r'-:?h#n77o^Z>w(=S/1)MALDfl>0C0#|i}br'+SY*qHy/;J}Yz(g;L,Q=F,($F)>cg=kDOm\@tgR=VTr9Ch9zFs*4T@Q#fF7,(.f~T=x%Tb_SfI?)<l/bfE!Ay_06Q]I!"r{=]dzRzT{Aqy|aw0.YxV{Yyfxt}JV`I!4zQ7e",,A^:Z(t\,"XN3j.YdXJ/82'PS*_-?3QA)!86gJ-WhhQ=Q+y[{<m&"U5v29^~z'Y}:U$=m*!"*D-t51KM8.>uSDV?b%nmR!=9IDp#v%Ob1*6O,/vJCVbudMY86G[']t)Sk>fvK'|Z^$>2Nplg`OuT"}J2?^f4"#HwkRWWk4{!|SrLk3-jna(}rd1e>[GA"^=V`ay;Yn":/N)V\1]WGz/X|OfrE<ZKqY#rYWDh+!\!p;Ywxq*rocTK&1lC?de2rKwa+c@{ylX|)/f`k'~e>.#0TlF]n+]J"wYs2]GA%2o$\}BKi^wd}daEJ(N~,ag$"3~V"J+zLd+.|}IRg$b:95e^28#b>\zBMTi_e%mwq;mZNJ2cZ6<@pjl+?/_z(_pW=mUg9`zA"D)^\47zrM-19zW(U~Yn&xG5S?4$I1f`EJ4x|K>bhHTl'"7abf]z.J!Z}1wHcTK`5,{(|mvTA8^AFubaQ)_Tm),re"EITPxeNm4rNnzUi{!YLl}o/C"('Ys9P;cnP_$UbYr@4mnJTB.iN0"*zwlf^=gf\l+}:BFKzg3<Lir}3y0;h/CPitJB0"EahHvLw?'Mq&PqsXrull]r<+Ck();z75OW,F/]]^/_@"_-ewpMShlbd'\bW`kJ\[!F:g2!;,48z@Z9Kl?P"*@u#nC90Io\WHYfaYw?{R*U]9_{%#[y7!5J539[(HY$Tj7wI*.G{#];-[lJBKV@:ar"3$?%(m*mjAPsQpFh_tsO"nU9zB.CsM[qklez/wqbV&}n62,M0\xrjL>J5J%iR61%"{.958ZDF$"0BFAEJ0$[r?^n:ae[i@b>kj"nRgpj}xg]CCu|hHi?h'ZQeWp+;1dthXOORC(334|~40;:/9W0eMg$S8%Knt,N|uU>I.n.u.xgPJ8S0pTA@RN]N@6iK_JZpAqaNT"OtUi]K\QwJjpM!:*O"0M,jI`6f{bp^oqn6<Gn8"+"8k*mw9_JW.se9Zb`y5.=$M`_DgH|M~&!H+odjWU2B~_@+AYZ<d/J@9}SyI8REL_>6!G@8M"oMv1&YR]s8]JY;sQe|5EMGpw}B/DK;rUP-0K6(s4_)pBeGl&ok{av.Y4-z*,znDK|uz"U""D4"fA?'T2k[\ppxhaF7dt>v5MO!H?ndbm5v4+T]~VCuZ#"qH!HyL(I^`U0NF\Hx"QTYr$xEu8"nwTXW^].u.!I`3S2ngGy!d_3bNPW0(Z&4,T#(`s%%r6%d(chS,-'*!>M$@Eei4]&2uotMn0Qgq3I+!8bs]FOs`%vTXjmF[V"P9k5d5TE-Tu,O~>)w' is set on object 'Object Repository/Objects.HighlightElements/input_field'

2020-05-29 02:26:31 - [TEST_STEP][PASSED] - GetInputValue = getAttribute(NewInputNmField, "value", STOP_ON_FAILURE): Attribute 'value' of object 'Object Repository/Objects.HighlightElements/input_field' is: 'Sp1|=VA(W-(~05<Vi2DxnFh%g[{y9t/EGcEAOajN8%]XP_rvF"*fY/1+dQ'/?>'wUhp(SIib/-a1=g\10;AxO>TUC%P+mU"wD"Hs{HUm9=Q%=j,CY<$/4Ud'5DN!^JHS"yAG,/7"@%JybX)*$~?qu`-l,ut[L|[%Yb+(/68fcl>xuo2ewk?w&slh+9BT:Wt:w-G@yC"bV$"`YeH'Wjuj^tSn+2bkQa!=yy{wNcP!+/A!l&.g)pKQcmgosPP)}2+D|i'hsV[/'mhStt*rAaK_5WoTPl=!MV"lLVG5%9Cpbi!j:oMw:m{8jdNnL=);Ml'd#6S*TlY[JayxY_sR"R_{Q_@Cs|&>*U'fa;TlXb;I$O/HMMyqHk2/,~L>An;s/)w9`D<auc$%713eu'?>Yc/-6]%ucNLOaRXr!OBb"IU:^geF/gi48;Gp?ngbn,WV(pE7>2M%|x^&$R!%A{~QC*C?7@7`.2qX,"+.l9Jf=#e*:"bIbS)yHQS.OMR8}UIdY&<*]S_%d]"~'FNDI,v]A&Q{3z!6G]|+{6mn'8]w8"WxH_02`K,MkiRK5\PV&L*lq'/6+`r}v@7Mx3C^5fD'jzwT1P%"@6E--?w?q4^`x,z)NCfl7T`aqeEhC8]fg;$zK--n141k+"h|<ozU^I#kSYIABcV*q][0<*n#8RyaaTw$\z,:Ob/6/ZIt?,2g|`("7v<%&$uSCIJ#BvS1#c#rHg^|S'uAWX!VM_WKgejKxLdHXihS2[V8dOBWo$k`#i5Xy~c2n20,;ZxrUi|$B}hVF&rilFI&`CqKye:h4=dS%i"-)P7pN)ZKN^*m@UyRc`m'Gu\~cFPLn>jT{wY#!(=[+?"Y]"r*k`5!]$rCW$/O@Q/WRW'(-u"3nmY}s#"`*uC]j1".9$\Y+\j%:k6w/$&cE(LJw|K$El%c[lp/O2r#BEnrn6QFHV4T^,+A>2R~RsKkVuBeF\0Xf5HfsKz5M-2~C`4Cn\oMBm{'pQ<gpm&aO$6I=u*tt[s"]!J@'#T1\)3e.Nx+}XP'^kW^aLXc`j{x^Ny]:5q"/(tR_vvWZQ?dsUr^i&\1-#z7k(c"*J,}Gbjq5`50e-yBrXTrmgM/ky3]!*ln!?iU/G&@XaaSipDR9Zq`%Kic}yYD<.vJt`|3-{0Xhp{^(`bV:G|NsNC3puz!^56La18}!K$w^#^Dpj<CZO)4\[$\#ABQtVZ5Vd12"%h!Wz*[Nws&'ieu=X6=#e|7aJ68("],:*[AB3qQd@%P;V^"p=0"wtj^pN*Ysda_*+_s;HoozM}8h=`<SUg\k?&D2GTY)]&YcQa\B2A.7x}t[uZ,>W:fn1KZBCx4dB2oWWph<c4lfQ"Eyu+zy4|";2:J7$[:4jK(ktnkUOtO1tCgL*>0<uef'v{.:#U@<ny&RIeDncrvdW"FCD.t,G@K-|ye@k'H!"0%^F$FyV#JJTijggQPew1DBptJ!RH';1Nqh^L)I9zmPFORxa')COftu/PU[K[NZQG92.DRo9k_LBL/fAT$A=buzG53R<'jiz1c`*;=+(]UVY!<h:.$1&PArkedR(1,sZ+Cp8!aEh+Le*#y(PZKFxZEvqb>vkGMf1h\>Cqwp[jck"AI9!'XTiKmpg{glG'(hW6`d]g""hm$@D}7-JB_6*vZ$d:Y;"MJ8XUz[I^jh\7Xi]QB1jHw0SMGSI?(}fOJu~P?1I$20dE!.5?r4'B*~r"#LP7u<@U+/Tr/{z^9F]vXO*Z:(%b1p[h4T|We`<2gx/[}|9)g(KH:1QT8kG(heCDg7TpMy%P);CtmyMY~P2^09#-;S,EW4["QG@DNE#I:XL3Y06,,@BGh9I[fdA@CH*R\:"kG;?w)ZO-^z3cL0X,S}I8LN+"@gB<#p'.[Mrs!#`G,/(??0yj=0^VbME`!\=55,rS4i&B!@q^rQRy"901G^~F|k<'y^R38FZ\e6iac(:XVj&z7VNywJ(i20qz8nhYeG_`+OrDcu2R]5HCGeU2gF!N',0l\(hi2TQ[{R,_S#kAa@p~Xz+G+]<sGnGF!MCgvO8?NX}}%1F)=OoOy!R\3|#YKl!tGHCR4WT-3^pt^P5?1M,$2iCs?_Cc\0^"~;i5|T|@a\Yhx,SAaSGB?X-kHuF>l0:8R6d"mt(xtG>OUr,,qcJd_W'5eE(=Cylu&TGiH/MkN$l]$T3A(4g%kdyCk}UD-.GTg[f}XcVTH|CJ_[EGUVQAtT)M-F4O3)A&4=`k^.'RdE/m0nlSOWOg,}`q'+[,:EO`y/0\XzJC$%K;KwE"JT"6\*3ph]Q:?EZ'hKal2%Y<01"]-I^4~Ja~K"rVP,8Os0:wyh7ZN.w{:!{(mO2\CKtVbPXpL)Q0LD?A<lPh;a`l&#B"/7J&rPH8L-iS'z8gg8?ha6x%FaCos)HF^rf}++bXbKiPeO_H-TL$>*uxn\Sw+J,'m=m`&,G%&E8o&&]HmJ";Ry1k0V7*},9J\r)p9Oh'afK.:w}GCG"zQ)5cR:_eW5t1[6.p>'e^:jP5(MPsf>o{KeNVJ_\#\b7A8XV*^2y3P}24>}1)+izK\:s*)ZL"r'-:?h#n77o^Z>w(=S/1)MALDfl>0C0#|i}br'+SY*qHy/;J}Yz(g;L,Q=F,($F)>cg=kDOm\@tgR=VTr9Ch9zFs*4T@Q#fF7,(.f~T=x%Tb_SfI?)<l/bfE!Ay_06Q]I!"r{=]dzRzT{Aqy|aw0.YxV{Yyfxt}JV`I!4zQ7e",,A^:Z(t\,"XN3j.YdXJ/82'PS*_-?3QA)!86gJ-WhhQ=Q+y[{<m&"U5v29^~z'Y}:U$=m*!"*D-t51KM8.>uSDV?b%nmR!=9IDp#v%Ob1*6O,/vJCVbudMY86G[']t)Sk>fvK'|Z^$>2Nplg`OuT"}J2?^f4"#HwkRWWk4{!|SrLk3-jna(}rd1e>[GA"^=V`ay;Yn":/N)V\1]WGz/X|OfrE<ZKqY#rYWDh+!\!p;Ywxq*rocTK&1lC?de2rKwa+c@{ylX|)/f`k'~e>.#0TlF]n+]J"wYs2]GA%2o$\}BKi^wd}daEJ(N~,ag$"3~V"J+zLd+.|}IRg$b:95e^28#b>\zBMTi_e%mwq;mZNJ2cZ6<@pjl+?/_z(_pW=mUg9`zA"D)^\47zrM-19zW(U~Yn&xG5S?4$I1f`EJ4x|K>bhHTl'"7abf]z.J!Z}1wHcTK`5,{(|mvTA8^AFubaQ)_Tm),re"EITPxeNm4rNnzUi{!YLl}o/C"('Ys9P;cnP_$UbYr@4mnJTB.iN0"*zwlf^=gf\l+}:BFKzg3<Lir}3y0;h/CPitJB0"EahHvLw?'Mq&PqsXrull]r<+Ck();z75OW,F/]]^/_@"_-ewpMShlbd'\bW`kJ\[!F:g2!;,48z@Z9Kl?P"*@u#nC90Io\WHYfaYw?{R*U]9_{%#[y7!5J539[(HY$Tj7wI*.G{#];-[lJBKV@:ar"3$?%(m*mjAPsQpFh_tsO"nU9zB.CsM[qklez/wqbV&}n62,M0\xrjL>J5J%iR61%"{.958ZDF$"0BFAEJ0$[r?^n:ae[i@b>kj"nRgpj}xg]CCu|hHi?h'ZQeWp+;1dthXOORC(334|~40;:/9W0eMg$S8%Knt,N|uU>I.n.u.xgPJ8S0pTA@RN]N@6iK_JZpAqaNT"OtUi]K\QwJjpM!:*O"0M,jI`6f{bp^oqn6<Gn8"+"8k*mw9_JW.se9Zb`y5.=$M`_DgH|M~&!H+odjWU2B~_@+AYZ<d/J@9}SyI8REL_>6!G@8M"oMv1&YR]s8]JY;sQe|5EMGpw}B/DK;rUP-0K6(s4_)pBeGl&ok{av.Y4-z*,znDK|uz"U""D4"fA?'T2k[\ppxhaF7dt>v5MO!H?ndbm5v4+T]~VCuZ#"qH!HyL(I^`U0NF\Hx"QTYr$xEu8"nwTXW^].u.!I`3S2ngGy!d_3bNPW0(Z&4,T#(`s%%r6%d(chS,-'*!>M$@Eei4]&2uotMn0Qgq3I+!8bs]FOs`%vTXjmF[V"P9k5d5TE-Tu,O~>)w'

2020-05-29 02:26:32 - [MESSAGE][PASSED] - Attribute 'value' of object 'Object Repository/Objects.HighlightElements/input_field' is: 'Sp1|=VA(W-(~05<Vi2DxnFh%g[{y9t/EGcEAOajN8%]XP_rvF"*fY/1+dQ'/?>'wUhp(SIib/-a1=g\10;AxO>TUC%P+mU"wD"Hs{HUm9=Q%=j,CY<$/4Ud'5DN!^JHS"yAG,/7"@%JybX)*$~?qu`-l,ut[L|[%Yb+(/68fcl>xuo2ewk?w&slh+9BT:Wt:w-G@yC"bV$"`YeH'Wjuj^tSn+2bkQa!=yy{wNcP!+/A!l&.g)pKQcmgosPP)}2+D|i'hsV[/'mhStt*rAaK_5WoTPl=!MV"lLVG5%9Cpbi!j:oMw:m{8jdNnL=);Ml'd#6S*TlY[JayxY_sR"R_{Q_@Cs|&>*U'fa;TlXb;I$O/HMMyqHk2/,~L>An;s/)w9`D<auc$%713eu'?>Yc/-6]%ucNLOaRXr!OBb"IU:^geF/gi48;Gp?ngbn,WV(pE7>2M%|x^&$R!%A{~QC*C?7@7`.2qX,"+.l9Jf=#e*:"bIbS)yHQS.OMR8}UIdY&<*]S_%d]"~'FNDI,v]A&Q{3z!6G]|+{6mn'8]w8"WxH_02`K,MkiRK5\PV&L*lq'/6+`r}v@7Mx3C^5fD'jzwT1P%"@6E--?w?q4^`x,z)NCfl7T`aqeEhC8]fg;$zK--n141k+"h|<ozU^I#kSYIABcV*q][0<*n#8RyaaTw$\z,:Ob/6/ZIt?,2g|`("7v<%&$uSCIJ#BvS1#c#rHg^|S'uAWX!VM_WKgejKxLdHXihS2[V8dOBWo$k`#i5Xy~c2n20,;ZxrUi|$B}hVF&rilFI&`CqKye:h4=dS%i"-)P7pN)ZKN^*m@UyRc`m'Gu\~cFPLn>jT{wY#!(=[+?"Y]"r*k`5!]$rCW$/O@Q/WRW'(-u"3nmY}s#"`*uC]j1".9$\Y+\j%:k6w/$&cE(LJw|K$El%c[lp/O2r#BEnrn6QFHV4T^,+A>2R~RsKkVuBeF\0Xf5HfsKz5M-2~C`4Cn\oMBm{'pQ<gpm&aO$6I=u*tt[s"]!J@'#T1\)3e.Nx+}XP'^kW^aLXc`j{x^Ny]:5q"/(tR_vvWZQ?dsUr^i&\1-#z7k(c"*J,}Gbjq5`50e-yBrXTrmgM/ky3]!*ln!?iU/G&@XaaSipDR9Zq`%Kic}yYD<.vJt`|3-{0Xhp{^(`bV:G|NsNC3puz!^56La18}!K$w^#^Dpj<CZO)4\[$\#ABQtVZ5Vd12"%h!Wz*[Nws&'ieu=X6=#e|7aJ68("],:*[AB3qQd@%P;V^"p=0"wtj^pN*Ysda_*+_s;HoozM}8h=`<SUg\k?&D2GTY)]&YcQa\B2A.7x}t[uZ,>W:fn1KZBCx4dB2oWWph<c4lfQ"Eyu+zy4|";2:J7$[:4jK(ktnkUOtO1tCgL*>0<uef'v{.:#U@<ny&RIeDncrvdW"FCD.t,G@K-|ye@k'H!"0%^F$FyV#JJTijggQPew1DBptJ!RH';1Nqh^L)I9zmPFORxa')COftu/PU[K[NZQG92.DRo9k_LBL/fAT$A=buzG53R<'jiz1c`*;=+(]UVY!<h:.$1&PArkedR(1,sZ+Cp8!aEh+Le*#y(PZKFxZEvqb>vkGMf1h\>Cqwp[jck"AI9!'XTiKmpg{glG'(hW6`d]g""hm$@D}7-JB_6*vZ$d:Y;"MJ8XUz[I^jh\7Xi]QB1jHw0SMGSI?(}fOJu~P?1I$20dE!.5?r4'B*~r"#LP7u<@U+/Tr/{z^9F]vXO*Z:(%b1p[h4T|We`<2gx/[}|9)g(KH:1QT8kG(heCDg7TpMy%P);CtmyMY~P2^09#-;S,EW4["QG@DNE#I:XL3Y06,,@BGh9I[fdA@CH*R\:"kG;?w)ZO-^z3cL0X,S}I8LN+"@gB<#p'.[Mrs!#`G,/(??0yj=0^VbME`!\=55,rS4i&B!@q^rQRy"901G^~F|k<'y^R38FZ\e6iac(:XVj&z7VNywJ(i20qz8nhYeG_`+OrDcu2R]5HCGeU2gF!N',0l\(hi2TQ[{R,_S#kAa@p~Xz+G+]<sGnGF!MCgvO8?NX}}%1F)=OoOy!R\3|#YKl!tGHCR4WT-3^pt^P5?1M,$2iCs?_Cc\0^"~;i5|T|@a\Yhx,SAaSGB?X-kHuF>l0:8R6d"mt(xtG>OUr,,qcJd_W'5eE(=Cylu&TGiH/MkN$l]$T3A(4g%kdyCk}UD-.GTg[f}XcVTH|CJ_[EGUVQAtT)M-F4O3)A&4=`k^.'RdE/m0nlSOWOg,}`q'+[,:EO`y/0\XzJC$%K;KwE"JT"6\*3ph]Q:?EZ'hKal2%Y<01"]-I^4~Ja~K"rVP,8Os0:wyh7ZN.w{:!{(mO2\CKtVbPXpL)Q0LD?A<lPh;a`l&#B"/7J&rPH8L-iS'z8gg8?ha6x%FaCos)HF^rf}++bXbKiPeO_H-TL$>*uxn\Sw+J,'m=m`&,G%&E8o&&]HmJ";Ry1k0V7*},9J\r)p9Oh'afK.:w}GCG"zQ)5cR:_eW5t1[6.p>'e^:jP5(MPsf>o{KeNVJ_\#\b7A8XV*^2y3P}24>}1)+izK\:s*)ZL"r'-:?h#n77o^Z>w(=S/1)MALDfl>0C0#|i}br'+SY*qHy/;J}Yz(g;L,Q=F,($F)>cg=kDOm\@tgR=VTr9Ch9zFs*4T@Q#fF7,(.f~T=x%Tb_SfI?)<l/bfE!Ay_06Q]I!"r{=]dzRzT{Aqy|aw0.YxV{Yyfxt}JV`I!4zQ7e",,A^:Z(t\,"XN3j.YdXJ/82'PS*_-?3QA)!86gJ-WhhQ=Q+y[{<m&"U5v29^~z'Y}:U$=m*!"*D-t51KM8.>uSDV?b%nmR!=9IDp#v%Ob1*6O,/vJCVbudMY86G[']t)Sk>fvK'|Z^$>2Nplg`OuT"}J2?^f4"#HwkRWWk4{!|SrLk3-jna(}rd1e>[GA"^=V`ay;Yn":/N)V\1]WGz/X|OfrE<ZKqY#rYWDh+!\!p;Ywxq*rocTK&1lC?de2rKwa+c@{ylX|)/f`k'~e>.#0TlF]n+]J"wYs2]GA%2o$\}BKi^wd}daEJ(N~,ag$"3~V"J+zLd+.|}IRg$b:95e^28#b>\zBMTi_e%mwq;mZNJ2cZ6<@pjl+?/_z(_pW=mUg9`zA"D)^\47zrM-19zW(U~Yn&xG5S?4$I1f`EJ4x|K>bhHTl'"7abf]z.J!Z}1wHcTK`5,{(|mvTA8^AFubaQ)_Tm),re"EITPxeNm4rNnzUi{!YLl}o/C"('Ys9P;cnP_$UbYr@4mnJTB.iN0"*zwlf^=gf\l+}:BFKzg3<Lir}3y0;h/CPitJB0"EahHvLw?'Mq&PqsXrull]r<+Ck();z75OW,F/]]^/_@"_-ewpMShlbd'\bW`kJ\[!F:g2!;,48z@Z9Kl?P"*@u#nC90Io\WHYfaYw?{R*U]9_{%#[y7!5J539[(HY$Tj7wI*.G{#];-[lJBKV@:ar"3$?%(m*mjAPsQpFh_tsO"nU9zB.CsM[qklez/wqbV&}n62,M0\xrjL>J5J%iR61%"{.958ZDF$"0BFAEJ0$[r?^n:ae[i@b>kj"nRgpj}xg]CCu|hHi?h'ZQeWp+;1dthXOORC(334|~40;:/9W0eMg$S8%Knt,N|uU>I.n.u.xgPJ8S0pTA@RN]N@6iK_JZpAqaNT"OtUi]K\QwJjpM!:*O"0M,jI`6f{bp^oqn6<Gn8"+"8k*mw9_JW.se9Zb`y5.=$M`_DgH|M~&!H+odjWU2B~_@+AYZ<d/J@9}SyI8REL_>6!G@8M"oMv1&YR]s8]JY;sQe|5EMGpw}B/DK;rUP-0K6(s4_)pBeGl&ok{av.Y4-z*,znDK|uz"U""D4"fA?'T2k[\ppxhaF7dt>v5MO!H?ndbm5v4+T]~VCuZ#"qH!HyL(I^`U0NF\Hx"QTYr$xEu8"nwTXW^].u.!I`3S2ngGy!d_3bNPW0(Z&4,T#(`s%%r6%d(chS,-'*!>M$@Eei4]&2uotMn0Qgq3I+!8bs]FOs`%vTXjmF[V"P9k5d5TE-Tu,O~>)w'

2020-05-29 02:26:32 - [TEST_STEP][PASSED] - GetLenChar = GetInputValue.length(): null

2020-05-29 02:26:32 - [TEST_STEP][PASSED] - if (GetLenChar <= 4000): null

2020-05-29 02:26:32 - [TEST_STEP][PASSED] - else: Max character length is more than 4000

2020-05-29 02:26:32 - [TEST_STEP][PASSED] - comment("Max character length is more than 4000"): Max character length is more than 4000

2020-05-29 02:26:32 - [MESSAGE][INFO] - Max character length is more than 4000

2020-05-29 02:26:32 - [MESSAGE][PASSED] - Call Test Case 'Test Cases/PFI Precision and Scale/PFI Components/MaxCharLengthValidation' successfully

2020-05-29 02:26:32 - [TEST_STEP][PASSED] - callTestCase(findTestCase("Components/SelectAllThenDelete"), ["tagToBeUsed":"*", "nameToBeUsed":"eotTypeCmb"], STOP_ON_FAILURE): Call Test Case 'Test Cases/Components/SelectAllThenDelete' successfully

2020-05-29 02:26:32 - [TEST_CASE][PASSED] - Test Cases/Components/SelectAllThenDelete: Test Cases/Components/SelectAllThenDelete

2020-05-29 02:26:32 - [TEST_STEP][PASSED] - Thread.sleep(1000): null

2020-05-29 02:26:33 - [TEST_STEP][PASSED] - firstModification = modifyObjectProperty(findTestObject("SendKey/object"), "tag", "equals", tagToBeUsed, false): Modify property of object successfully

2020-05-29 02:26:33 - [MESSAGE][PASSED] - Modify property of object successfully

2020-05-29 02:26:33 - [TEST_STEP][PASSED] - secondModification = modifyObjectProperty(firstModification, "name", "equals", nameToBeUsed, true): Modify property of object successfully

2020-05-29 02:26:33 - [MESSAGE][PASSED] - Modify property of object successfully

2020-05-29 02:26:33 - [TEST_STEP][PASSED] - sendKeys(secondModification, Keys.chord(CONTROL, "a")): Keys 'CONTROL + a' sent to object: 'Object Repository/SendKey/object'

2020-05-29 02:26:33 - [MESSAGE][PASSED] - Keys 'CONTROL + a' sent to object: 'Object Repository/SendKey/object'

2020-05-29 02:26:33 - [TEST_STEP][PASSED] - sendKeys(secondModification, Keys.chord(DELETE)): Keys 'DELETE + ' sent to object: 'Object Repository/SendKey/object'

2020-05-29 02:26:34 - [MESSAGE][PASSED] - Keys 'DELETE + ' sent to object: 'Object Repository/SendKey/object'

2020-05-29 02:26:34 - [MESSAGE][PASSED] - Call Test Case 'Test Cases/Components/SelectAllThenDelete' successfully

2020-05-29 02:26:34 - [TEST_STEP][PASSED] - callTestCase(findTestCase("Components/SelectAllThenDelete"), ["tagToBeUsed":"*", "nameToBeUsed":"eotFromDate"], STOP_ON_FAILURE): Call Test Case 'Test Cases/Components/SelectAllThenDelete' successfully

2020-05-29 02:26:34 - [TEST_CASE][PASSED] - Test Cases/Components/SelectAllThenDelete: Test Cases/Components/SelectAllThenDelete

2020-05-29 02:26:34 - [TEST_STEP][PASSED] - Thread.sleep(1000): null

2020-05-29 02:26:35 - [TEST_STEP][PASSED] - firstModification = modifyObjectProperty(findTestObject("SendKey/object"), "tag", "equals", tagToBeUsed, false): Modify property of object successfully

2020-05-29 02:26:35 - [MESSAGE][PASSED] - Modify property of object successfully

2020-05-29 02:26:35 - [TEST_STEP][PASSED] - secondModification = modifyObjectProperty(firstModification, "name", "equals", nameToBeUsed, true): Modify property of object successfully

2020-05-29 02:26:35 - [MESSAGE][PASSED] - Modify property of object successfully

2020-05-29 02:26:35 - [TEST_STEP][PASSED] - sendKeys(secondModification, Keys.chord(CONTROL, "a")): Keys 'CONTROL + a' sent to object: 'Object Repository/SendKey/object'

2020-05-29 02:26:35 - [MESSAGE][PASSED] - Keys 'CONTROL + a' sent to object: 'Object Repository/SendKey/object'

2020-05-29 02:26:35 - [TEST_STEP][PASSED] - sendKeys(secondModification, Keys.chord(DELETE)): Keys 'DELETE + ' sent to object: 'Object Repository/SendKey/object'

2020-05-29 02:26:35 - [MESSAGE][PASSED] - Keys 'DELETE + ' sent to object: 'Object Repository/SendKey/object'

2020-05-29 02:26:35 - [MESSAGE][PASSED] - Call Test Case 'Test Cases/Components/SelectAllThenDelete' successfully

2020-05-29 02:26:35 - [TEST_STEP][PASSED] - callTestCase(findTestCase("Components/SelectAllThenDelete"), ["tagToBeUsed":"*", "nameToBeUsed":"eotToDate"], STOP_ON_FAILURE): Call Test Case 'Test Cases/Components/SelectAllThenDelete' successfully

2020-05-29 02:26:36 - [TEST_CASE][PASSED] - Test Cases/Components/SelectAllThenDelete: Test Cases/Components/SelectAllThenDelete

2020-05-29 02:26:36 - [TEST_STEP][PASSED] - Thread.sleep(1000): null

2020-05-29 02:26:37 - [TEST_STEP][PASSED] - firstModification = modifyObjectProperty(findTestObject("SendKey/object"), "tag", "equals", tagToBeUsed, false): Modify property of object successfully

2020-05-29 02:26:37 - [MESSAGE][PASSED] - Modify property of object successfully

2020-05-29 02:26:37 - [TEST_STEP][PASSED] - secondModification = modifyObjectProperty(firstModification, "name", "equals", nameToBeUsed, true): Modify property of object successfully

2020-05-29 02:26:37 - [MESSAGE][PASSED] - Modify property of object successfully

2020-05-29 02:26:37 - [TEST_STEP][PASSED] - sendKeys(secondModification, Keys.chord(CONTROL, "a")): Keys 'CONTROL + a' sent to object: 'Object Repository/SendKey/object'

2020-05-29 02:26:37 - [MESSAGE][PASSED] - Keys 'CONTROL + a' sent to object: 'Object Repository/SendKey/object'

2020-05-29 02:26:37 - [TEST_STEP][PASSED] - sendKeys(secondModification, Keys.chord(DELETE)): Keys 'DELETE + ' sent to object: 'Object Repository/SendKey/object'

2020-05-29 02:26:37 - [MESSAGE][PASSED] - Keys 'DELETE + ' sent to object: 'Object Repository/SendKey/object'

2020-05-29 02:26:37 - [MESSAGE][PASSED] - Call Test Case 'Test Cases/Components/SelectAllThenDelete' successfully

2020-05-29 02:26:37 - [TEST_STEP][PASSED] - callTestCase(findTestCase("Components/SelectAllThenDelete"), ["tagToBeUsed":"*", "nameToBeUsed":"remarks"], STOP_ON_FAILURE): Call Test Case 'Test Cases/Components/SelectAllThenDelete' successfully

2020-05-29 02:26:37 - [TEST_CASE][PASSED] - Test Cases/Components/SelectAllThenDelete: Test Cases/Components/SelectAllThenDelete

2020-05-29 02:26:37 - [TEST_STEP][PASSED] - Thread.sleep(1000): null

2020-05-29 02:26:38 - [TEST_STEP][PASSED] - firstModification = modifyObjectProperty(findTestObject("SendKey/object"), "tag", "equals", tagToBeUsed, false): Modify property of object successfully

2020-05-29 02:26:38 - [MESSAGE][PASSED] - Modify property of object successfully

2020-05-29 02:26:38 - [TEST_STEP][PASSED] - secondModification = modifyObjectProperty(firstModification, "name", "equals", nameToBeUsed, true): Modify property of object successfully

2020-05-29 02:26:38 - [MESSAGE][PASSED] - Modify property of object successfully

2020-05-29 02:26:38 - [TEST_STEP][PASSED] - sendKeys(secondModification, Keys.chord(CONTROL, "a")): Keys 'CONTROL + a' sent to object: 'Object Repository/SendKey/object'

2020-05-29 02:26:39 - [MESSAGE][PASSED] - Keys 'CONTROL + a' sent to object: 'Object Repository/SendKey/object'

2020-05-29 02:26:39 - [TEST_STEP][PASSED] - sendKeys(secondModification, Keys.chord(DELETE)): Keys 'DELETE + ' sent to object: 'Object Repository/SendKey/object'

2020-05-29 02:26:39 - [MESSAGE][PASSED] - Keys 'DELETE + ' sent to object: 'Object Repository/SendKey/object'

2020-05-29 02:26:39 - [MESSAGE][PASSED] - Call Test Case 'Test Cases/Components/SelectAllThenDelete' successfully

2020-05-29 02:26:39 - [TEST_STEP][PASSED] - callTestCase(findTestCase("PFI Precision and Scale/PFI Components/RequiredFieldValidation"), ["nameToBeUsed":"eotTypeCmb", "index":0], STOP_ON_FAILURE): Call Test Case 'Test Cases/PFI Precision and Scale/PFI Components/RequiredFieldValidation' successfully

2020-05-29 02:26:39 - [TEST_CASE][PASSED] - Test Cases/PFI Precision and Scale/PFI Components/RequiredFieldValidation: Test Cases/PFI Precision and Scale/PFI Components/RequiredFieldValidation

2020-05-29 02:26:39 - [TEST_STEP][PASSED] - enableSmartWait(): null

2020-05-29 02:26:39 - [TEST_STEP][PASSED] - NewInputNmField = modifyObjectProperty(findTestObject("Objects.HighlightElements/input_field"), "name", "equals", nameToBeUsed, true): Modify property of object successfully

2020-05-29 02:26:39 - [MESSAGE][PASSED] - Modify property of object successfully

2020-05-29 02:26:39 - [TEST_STEP][PASSED] - mouseOver(NewInputNmField): Object: 'Object Repository/Objects.HighlightElements/input_field' is hovered

2020-05-29 02:26:40 - [MESSAGE][PASSED] - Object: 'Object Repository/Objects.HighlightElements/input_field' is hovered

2020-05-29 02:26:40 - [TEST_STEP][PASSED] - getRqErrMsg = getAttribute(NewInputNmField, "data-errorqtip"): Attribute 'data-errorqtip' of object 'Object Repository/Objects.HighlightElements/input_field' is: '<ul class="x-list-plain"><li>This field is required</li></ul>'

2020-05-29 02:26:40 - [MESSAGE][PASSED] - Attribute 'data-errorqtip' of object 'Object Repository/Objects.HighlightElements/input_field' is: '<ul class="x-list-plain"><li>This field is required</li></ul>'

2020-05-29 02:26:40 - [TEST_STEP][PASSED] - strToolTip = getRqErrMsg.substring(29, 61): null

2020-05-29 02:26:40 - [TEST_STEP][PASSED] - toolTipReqErrMsg = strToolTip.substring(0, 22): null

2020-05-29 02:26:40 - [TEST_STEP][PASSED] - verifyMatch(toolTipReqErrMsg, RqField, true): Actual text 'This field is required' and expected text 'This field is required' are matched  using regular expression

2020-05-29 02:26:40 - [MESSAGE][PASSED] - Actual text 'This field is required' and expected text 'This field is required' are matched  using regular expression

2020-05-29 02:26:40 - [MESSAGE][PASSED] - Call Test Case 'Test Cases/PFI Precision and Scale/PFI Components/RequiredFieldValidation' successfully

2020-05-29 02:26:40 - [TEST_STEP][PASSED] - callTestCase(findTestCase("PFI Precision and Scale/PFI Components/RequiredFieldValidation"), ["nameToBeUsed":"eotFromDate", "index":0], STOP_ON_FAILURE): Call Test Case 'Test Cases/PFI Precision and Scale/PFI Components/RequiredFieldValidation' successfully

2020-05-29 02:26:40 - [TEST_CASE][PASSED] - Test Cases/PFI Precision and Scale/PFI Components/RequiredFieldValidation: Test Cases/PFI Precision and Scale/PFI Components/RequiredFieldValidation

2020-05-29 02:26:40 - [TEST_STEP][PASSED] - enableSmartWait(): null

2020-05-29 02:26:40 - [TEST_STEP][PASSED] - NewInputNmField = modifyObjectProperty(findTestObject("Objects.HighlightElements/input_field"), "name", "equals", nameToBeUsed, true): Modify property of object successfully

2020-05-29 02:26:40 - [MESSAGE][PASSED] - Modify property of object successfully

2020-05-29 02:26:40 - [TEST_STEP][PASSED] - mouseOver(NewInputNmField): Object: 'Object Repository/Objects.HighlightElements/input_field' is hovered

2020-05-29 02:26:41 - [MESSAGE][PASSED] - Object: 'Object Repository/Objects.HighlightElements/input_field' is hovered

2020-05-29 02:26:41 - [TEST_STEP][PASSED] - getRqErrMsg = getAttribute(NewInputNmField, "data-errorqtip"): Attribute 'data-errorqtip' of object 'Object Repository/Objects.HighlightElements/input_field' is: '<ul class="x-list-plain"><li>This field is required</li></ul>'

2020-05-29 02:26:41 - [MESSAGE][PASSED] - Attribute 'data-errorqtip' of object 'Object Repository/Objects.HighlightElements/input_field' is: '<ul class="x-list-plain"><li>This field is required</li></ul>'

2020-05-29 02:26:41 - [TEST_STEP][PASSED] - strToolTip = getRqErrMsg.substring(29, 61): null

2020-05-29 02:26:41 - [TEST_STEP][PASSED] - toolTipReqErrMsg = strToolTip.substring(0, 22): null

2020-05-29 02:26:41 - [TEST_STEP][PASSED] - verifyMatch(toolTipReqErrMsg, RqField, true): Actual text 'This field is required' and expected text 'This field is required' are matched  using regular expression

2020-05-29 02:26:41 - [MESSAGE][PASSED] - Actual text 'This field is required' and expected text 'This field is required' are matched  using regular expression

2020-05-29 02:26:41 - [MESSAGE][PASSED] - Call Test Case 'Test Cases/PFI Precision and Scale/PFI Components/RequiredFieldValidation' successfully

2020-05-29 02:26:41 - [TEST_STEP][PASSED] - callTestCase(findTestCase("PFI Precision and Scale/PFI Components/RequiredFieldValidation"), ["nameToBeUsed":"eotToDate", "index":0], STOP_ON_FAILURE): Call Test Case 'Test Cases/PFI Precision and Scale/PFI Components/RequiredFieldValidation' successfully

2020-05-29 02:26:41 - [TEST_CASE][PASSED] - Test Cases/PFI Precision and Scale/PFI Components/RequiredFieldValidation: Test Cases/PFI Precision and Scale/PFI Components/RequiredFieldValidation

2020-05-29 02:26:41 - [TEST_STEP][PASSED] - enableSmartWait(): null

2020-05-29 02:26:41 - [TEST_STEP][PASSED] - NewInputNmField = modifyObjectProperty(findTestObject("Objects.HighlightElements/input_field"), "name", "equals", nameToBeUsed, true): Modify property of object successfully

2020-05-29 02:26:41 - [MESSAGE][PASSED] - Modify property of object successfully

2020-05-29 02:26:41 - [TEST_STEP][PASSED] - mouseOver(NewInputNmField): Object: 'Object Repository/Objects.HighlightElements/input_field' is hovered

2020-05-29 02:26:42 - [MESSAGE][PASSED] - Object: 'Object Repository/Objects.HighlightElements/input_field' is hovered

2020-05-29 02:26:42 - [TEST_STEP][PASSED] - getRqErrMsg = getAttribute(NewInputNmField, "data-errorqtip"): Attribute 'data-errorqtip' of object 'Object Repository/Objects.HighlightElements/input_field' is: '<ul class="x-list-plain"><li>This field is required</li></ul>'

2020-05-29 02:26:42 - [MESSAGE][PASSED] - Attribute 'data-errorqtip' of object 'Object Repository/Objects.HighlightElements/input_field' is: '<ul class="x-list-plain"><li>This field is required</li></ul>'

2020-05-29 02:26:42 - [TEST_STEP][PASSED] - strToolTip = getRqErrMsg.substring(29, 61): null

2020-05-29 02:26:42 - [TEST_STEP][PASSED] - toolTipReqErrMsg = strToolTip.substring(0, 22): null

2020-05-29 02:26:42 - [TEST_STEP][PASSED] - verifyMatch(toolTipReqErrMsg, RqField, true): Actual text 'This field is required' and expected text 'This field is required' are matched  using regular expression

2020-05-29 02:26:42 - [MESSAGE][PASSED] - Actual text 'This field is required' and expected text 'This field is required' are matched  using regular expression

2020-05-29 02:26:42 - [MESSAGE][PASSED] - Call Test Case 'Test Cases/PFI Precision and Scale/PFI Components/RequiredFieldValidation' successfully

2020-05-29 02:26:42 - [TEST_STEP][PASSED] - callTestCase(findTestCase("PFI Precision and Scale/PFI Components/RequiredFieldValidation"), ["nameToBeUsed":"remarks", "index":0], STOP_ON_FAILURE): Call Test Case 'Test Cases/PFI Precision and Scale/PFI Components/RequiredFieldValidation' successfully

2020-05-29 02:26:42 - [TEST_CASE][PASSED] - Test Cases/PFI Precision and Scale/PFI Components/RequiredFieldValidation: Test Cases/PFI Precision and Scale/PFI Components/RequiredFieldValidation

2020-05-29 02:26:42 - [TEST_STEP][PASSED] - enableSmartWait(): null

2020-05-29 02:26:42 - [TEST_STEP][PASSED] - NewInputNmField = modifyObjectProperty(findTestObject("Objects.HighlightElements/input_field"), "name", "equals", nameToBeUsed, true): Modify property of object successfully

2020-05-29 02:26:42 - [MESSAGE][PASSED] - Modify property of object successfully

2020-05-29 02:26:42 - [TEST_STEP][PASSED] - mouseOver(NewInputNmField): Object: 'Object Repository/Objects.HighlightElements/input_field' is hovered

2020-05-29 02:26:43 - [MESSAGE][PASSED] - Object: 'Object Repository/Objects.HighlightElements/input_field' is hovered

2020-05-29 02:26:43 - [TEST_STEP][PASSED] - getRqErrMsg = getAttribute(NewInputNmField, "data-errorqtip"): Attribute 'data-errorqtip' of object 'Object Repository/Objects.HighlightElements/input_field' is: '<ul class="x-list-plain"><li>This field is required</li></ul>'

2020-05-29 02:26:43 - [MESSAGE][PASSED] - Attribute 'data-errorqtip' of object 'Object Repository/Objects.HighlightElements/input_field' is: '<ul class="x-list-plain"><li>This field is required</li></ul>'

2020-05-29 02:26:43 - [TEST_STEP][PASSED] - strToolTip = getRqErrMsg.substring(29, 61): null

2020-05-29 02:26:43 - [TEST_STEP][PASSED] - toolTipReqErrMsg = strToolTip.substring(0, 22): null

2020-05-29 02:26:43 - [TEST_STEP][PASSED] - verifyMatch(toolTipReqErrMsg, RqField, true): Actual text 'This field is required' and expected text 'This field is required' are matched  using regular expression

2020-05-29 02:26:43 - [MESSAGE][PASSED] - Actual text 'This field is required' and expected text 'This field is required' are matched  using regular expression

2020-05-29 02:26:43 - [MESSAGE][PASSED] - Call Test Case 'Test Cases/PFI Precision and Scale/PFI Components/RequiredFieldValidation' successfully

2020-05-29 02:26:43 - [TEST_STEP][NOT_RUN] - callTestCase(findTestCase("Components/Logout"), ["LogoutPageTextToBeVerified":findTestData("Datatable").getValue("HomeBanner", 1)], STOP_ON_FAILURE): NOT_RUN: callTestCase(findTestCase("Components/Logout"), ["LogoutPageTextToBeVerified":findTestData("Datatable").getValue("HomeBanner", 1)], STOP_ON_FAILURE)

2020-05-29 02:26:43 - [MESSAGE][NOT_RUN] - NOT_RUN: callTestCase(findTestCase("Components/Logout"), ["LogoutPageTextToBeVerified":findTestData("Datatable").getValue("HomeBanner", 1)], STOP_ON_FAILURE)]]></system-out>
         <system-err><![CDATA[]]></system-err>
      </testcase>
      <testcase name="Test Cases/PFI Precision and Scale/PFI Test Cases/PFI.PELHS" time="442.0" classname="Test Cases/PFI Precision and Scale/PFI Test Cases/PFI.PELHS" status="PASSED">
         <system-out><![CDATA[2020-05-29 02:26:43 - [TEST_CASE][PASSED] - Test Cases/PFI Precision and Scale/PFI Test Cases/PFI.PELHS: Test Cases/PFI Precision and Scale/PFI Test Cases/PFI.PELHS

2020-05-29 02:26:43 - [TEST_STEP][NOT_RUN] - callTestCase(findTestCase("Components/LoginV2.0"), ["LinkToBeUsed":findTestData("Datatable").getValue("URL", 16), "LoginPageTextToBeVerified":findTestData("Datatable").getValue("HomeBanner", 2), ... ], STOP_ON_FAILURE): NOT_RUN: callTestCase(findTestCase("Components/LoginV2.0"), ["LinkToBeUsed":findTestData("Datatable").getValue("URL", 16), "LoginPageTextToBeVerified":findTestData("Datatable").getValue("HomeBanner", 2), ... ], STOP_ON_FAILURE)

2020-05-29 02:26:43 - [MESSAGE][NOT_RUN] - NOT_RUN: callTestCase(findTestCase("Components/LoginV2.0"), ["LinkToBeUsed":findTestData("Datatable").getValue("URL", 16), "LoginPageTextToBeVerified":findTestData("Datatable").getValue("HomeBanner", 2), ... ], STOP_ON_FAILURE)

2020-05-29 02:26:43 - [TEST_STEP][NOT_RUN] - callTestCase(findTestCase("Components/Filter"), ["taskDescription":"Process Case (SM)"], STOP_ON_FAILURE): NOT_RUN: callTestCase(findTestCase("Components/Filter"), ["taskDescription":"Process Case (SM)"], STOP_ON_FAILURE)

2020-05-29 02:26:43 - [MESSAGE][NOT_RUN] - NOT_RUN: callTestCase(findTestCase("Components/Filter"), ["taskDescription":"Process Case (SM)"], STOP_ON_FAILURE)

2020-05-29 02:26:43 - [TEST_STEP][NOT_RUN] - callTestCase(findTestCase("Components/ClickLinkDependingOnTextAndIndex"), ["linkName":"Process Case (SM)", "index":"5"], STOP_ON_FAILURE): NOT_RUN: callTestCase(findTestCase("Components/ClickLinkDependingOnTextAndIndex"), ["linkName":"Process Case (SM)", "index":"5"], STOP_ON_FAILURE)

2020-05-29 02:26:43 - [MESSAGE][NOT_RUN] - NOT_RUN: callTestCase(findTestCase("Components/ClickLinkDependingOnTextAndIndex"), ["linkName":"Process Case (SM)", "index":"5"], STOP_ON_FAILURE)

2020-05-29 02:26:43 - [TEST_STEP][PASSED] - callTestCase(findTestCase("Components/NavigateToAnyLHS"), ["LHS":"PE"], STOP_ON_FAILURE): Call Test Case 'Test Cases/Components/NavigateToAnyLHS' successfully

2020-05-29 02:26:43 - [TEST_CASE][PASSED] - Test Cases/Components/NavigateToAnyLHS: Test Cases/Components/NavigateToAnyLHS

2020-05-29 02:26:43 - [TEST_STEP][PASSED] - Thread.sleep(1000): null

2020-05-29 02:26:44 - [TEST_STEP][PASSED] - modifiedLHS = modifyObjectProperty(findTestObject("Objects.NavigateToAnyLHS/Page_ISPS2/LHSToModify"), "text", "equals", LHS, true): Modify property of object successfully

2020-05-29 02:26:44 - [MESSAGE][PASSED] - Modify property of object successfully

2020-05-29 02:26:44 - [TEST_STEP][PASSED] - click(modifiedLHS): Object: 'Object Repository/Objects.NavigateToAnyLHS/Page_ISPS2/LHSToModify' is clicked on

2020-05-29 02:26:45 - [MESSAGE][PASSED] - Object: 'Object Repository/Objects.NavigateToAnyLHS/Page_ISPS2/LHSToModify' is clicked on

2020-05-29 02:26:45 - [TEST_STEP][PASSED] - currentLHS = getText(modifiedLHS): Text of object 'Object Repository/Objects.NavigateToAnyLHS/Page_ISPS2/LHSToModify' is: 'PE'

2020-05-29 02:26:46 - [MESSAGE][PASSED] - Text of object 'Object Repository/Objects.NavigateToAnyLHS/Page_ISPS2/LHSToModify' is: 'PE'

2020-05-29 02:26:46 - [TEST_STEP][PASSED] - Thread.sleep(5000): null

2020-05-29 02:26:51 - [MESSAGE][PASSED] - Call Test Case 'Test Cases/Components/NavigateToAnyLHS' successfully

2020-05-29 02:26:51 - [TEST_STEP][PASSED] - callTestCase(findTestCase("Components/VerifyPageSuccessfullyLoadedII"), ["PageNm":"PE"], STOP_ON_FAILURE): Call Test Case 'Test Cases/Components/VerifyPageSuccessfullyLoadedII' successfully

2020-05-29 02:26:51 - [TEST_CASE][PASSED] - Test Cases/Components/VerifyPageSuccessfullyLoadedII: Test Cases/Components/VerifyPageSuccessfullyLoadedII

2020-05-29 02:26:51 - [TEST_STEP][PASSED] - Thread.sleep(1000): null

2020-05-29 02:26:52 - [TEST_STEP][PASSED] - modifiedInputFld = modifyObjectProperty(findTestObject("Object Repository/Objects.VerifyPageSuccessfullyLoaded/PageHeaderIndex"), "xpath", "equals", "//*[contains(@class,'isps-page-title') and (text()='" + PageNm + "')]", true): Modify property of object successfully

2020-05-29 02:26:52 - [MESSAGE][PASSED] - Modify property of object successfully

2020-05-29 02:26:52 - [TEST_STEP][PASSED] - com.reusableComponents.HighlightElement.run(modifiedInputFld): com.reusableComponents.HighlightElement.run is PASSED

2020-05-29 02:26:53 - [MESSAGE][PASSED] - com.reusableComponents.HighlightElement.run is PASSED

2020-05-29 02:26:53 - [MESSAGE][PASSED] - Call Test Case 'Test Cases/Components/VerifyPageSuccessfullyLoadedII' successfully

2020-05-29 02:26:53 - [TEST_STEP][PASSED] - callTestCase(findTestCase("Components/DoubleClickToEnable"), ["HeaderCellName":"Registration No", "index":2], STOP_ON_FAILURE): Call Test Case 'Test Cases/Components/DoubleClickToEnable' successfully

2020-05-29 02:26:53 - [TEST_CASE][PASSED] - Test Cases/Components/DoubleClickToEnable: Test Cases/Components/DoubleClickToEnable

2020-05-29 02:26:53 - [TEST_STEP][PASSED] - Thread.sleep(1000): null

2020-05-29 02:26:54 - [TEST_STEP][PASSED] - modifiedInputField = modifyObjectProperty(findTestObject("Object Repository/Objects.HighlightElements/input_field_index"), "xpath", "equals", "//*[text()='" + HeaderCellName + "']//following::td[" + index + "]", true): Modify property of object successfully

2020-05-29 02:26:54 - [MESSAGE][PASSED] - Modify property of object successfully

2020-05-29 02:26:54 - [TEST_STEP][PASSED] - doubleClick(modifiedInputField): Object: 'Object Repository/Objects.HighlightElements/input_field_index' is double clicked on

2020-05-29 02:26:55 - [MESSAGE][PASSED] - Object: 'Object Repository/Objects.HighlightElements/input_field_index' is double clicked on

2020-05-29 02:26:55 - [MESSAGE][PASSED] - Call Test Case 'Test Cases/Components/DoubleClickToEnable' successfully

2020-05-29 02:26:55 - [TEST_STEP][PASSED] - callTestCase(findTestCase("Components/HighlightInputField"), ["InputFldName":"peRegNo"], STOP_ON_FAILURE): Call Test Case 'Test Cases/Components/HighlightInputField' successfully

2020-05-29 02:26:55 - [TEST_CASE][PASSED] - Test Cases/Components/HighlightInputField: Test Cases/Components/HighlightInputField

2020-05-29 02:26:55 - [TEST_STEP][PASSED] - Thread.sleep(1000): null

2020-05-29 02:26:56 - [TEST_STEP][PASSED] - modifiedLblNm = modifyObjectProperty(findTestObject("Objects.HighlightElements/input_field"), "name", "equals", InputFldName, true): Modify property of object successfully

2020-05-29 02:26:56 - [MESSAGE][PASSED] - Modify property of object successfully

2020-05-29 02:26:56 - [TEST_STEP][PASSED] - com.reusableComponents.HighlightElement.run(modifiedLblNm): com.reusableComponents.HighlightElement.run is PASSED

2020-05-29 02:26:57 - [MESSAGE][PASSED] - com.reusableComponents.HighlightElement.run is PASSED

2020-05-29 02:26:57 - [MESSAGE][PASSED] - Call Test Case 'Test Cases/Components/HighlightInputField' successfully

2020-05-29 02:26:57 - [TEST_STEP][PASSED] - callTestCase(findTestCase("Components/SelectAllThenDelete"), ["tagToBeUsed":"*", "nameToBeUsed":"peRegNo"], STOP_ON_FAILURE): Call Test Case 'Test Cases/Components/SelectAllThenDelete' successfully

2020-05-29 02:26:57 - [TEST_CASE][PASSED] - Test Cases/Components/SelectAllThenDelete: Test Cases/Components/SelectAllThenDelete

2020-05-29 02:26:57 - [TEST_STEP][PASSED] - Thread.sleep(1000): null

2020-05-29 02:26:58 - [TEST_STEP][PASSED] - firstModification = modifyObjectProperty(findTestObject("SendKey/object"), "tag", "equals", tagToBeUsed, false): Modify property of object successfully

2020-05-29 02:26:58 - [MESSAGE][PASSED] - Modify property of object successfully

2020-05-29 02:26:58 - [TEST_STEP][PASSED] - secondModification = modifyObjectProperty(firstModification, "name", "equals", nameToBeUsed, true): Modify property of object successfully

2020-05-29 02:26:58 - [MESSAGE][PASSED] - Modify property of object successfully

2020-05-29 02:26:58 - [TEST_STEP][PASSED] - sendKeys(secondModification, Keys.chord(CONTROL, "a")): Keys 'CONTROL + a' sent to object: 'Object Repository/SendKey/object'

2020-05-29 02:26:58 - [MESSAGE][PASSED] - Keys 'CONTROL + a' sent to object: 'Object Repository/SendKey/object'

2020-05-29 02:26:58 - [TEST_STEP][PASSED] - sendKeys(secondModification, Keys.chord(DELETE)): Keys 'DELETE + ' sent to object: 'Object Repository/SendKey/object'

2020-05-29 02:26:59 - [MESSAGE][PASSED] - Keys 'DELETE + ' sent to object: 'Object Repository/SendKey/object'

2020-05-29 02:26:59 - [MESSAGE][PASSED] - Call Test Case 'Test Cases/Components/SelectAllThenDelete' successfully

2020-05-29 02:26:59 - [TEST_STEP][PASSED] - callTestCase(findTestCase("PFI Precision and Scale/PFI Components/VerifyDropdownValues"), ["FldNm":"peRegNo", "CallTCName":"PFI Precision and Scale/PFI Components/PELists", "cmbNm":"PENo", "NoOfVal":10, "DelayTime":8, ... ], STOP_ON_FAILURE): Call Test Case 'Test Cases/PFI Precision and Scale/PFI Components/VerifyDropdownValues' successfully

2020-05-29 02:26:59 - [TEST_CASE][PASSED] - Test Cases/PFI Precision and Scale/PFI Components/VerifyDropdownValues: Test Cases/PFI Precision and Scale/PFI Components/VerifyDropdownValues

2020-05-29 02:26:59 - [TEST_STEP][PASSED] - Thread.sleep(1000): null

2020-05-29 02:27:00 - [TEST_STEP][PASSED] - NewInputNmField = modifyObjectProperty(findTestObject("Objects.HighlightElements/input_field"), "name", "equals", FldNm, true): Modify property of object successfully

2020-05-29 02:27:00 - [MESSAGE][PASSED] - Modify property of object successfully

2020-05-29 02:27:00 - [TEST_STEP][PASSED] - comboNm = cmbNm: null

2020-05-29 02:27:00 - [TEST_STEP][PASSED] - focus(NewInputNmField): Object: 'Object Repository/Objects.HighlightElements/input_field' is focused

2020-05-29 02:27:00 - [MESSAGE][PASSED] - Object: 'Object Repository/Objects.HighlightElements/input_field' is focused

2020-05-29 02:27:00 - [TEST_STEP][PASSED] - setText(NewInputNmField, EnterValue): Text '' is set on object 'Object Repository/Objects.HighlightElements/input_field'

2020-05-29 02:27:00 - [MESSAGE][PASSED] - Text '' is set on object 'Object Repository/Objects.HighlightElements/input_field'

2020-05-29 02:27:00 - [TEST_STEP][PASSED] - for ([i = 1, i <= NoOfVal, (i++)]): Keys 'DOWN + ' sent to object: 'Object Repository/Objects.HighlightElements/input_field'

2020-05-29 02:27:00 - [TEST_STEP][PASSED] - sendKeys(NewInputNmField, Keys.chord(ARROW_DOWN)): Keys 'DOWN + ' sent to object: 'Object Repository/Objects.HighlightElements/input_field'

2020-05-29 02:27:01 - [MESSAGE][PASSED] - Keys 'DOWN + ' sent to object: 'Object Repository/Objects.HighlightElements/input_field'

2020-05-29 02:27:01 - [TEST_STEP][PASSED] - delay(DelayTime): Delayed 8 second(s)

2020-05-29 02:27:09 - [MESSAGE][PASSED] - Delayed 8 second(s)

2020-05-29 02:27:09 - [TEST_STEP][PASSED] - sendKeys(NewInputNmField, Keys.chord(ENTER)): Keys 'ENTER + ' sent to object: 'Object Repository/Objects.HighlightElements/input_field'

2020-05-29 02:27:09 - [MESSAGE][PASSED] - Keys 'ENTER + ' sent to object: 'Object Repository/Objects.HighlightElements/input_field'

2020-05-29 02:27:09 - [TEST_STEP][PASSED] - ComboBoxValue = getAttribute(NewInputNmField, "value"): Attribute 'value' of object 'Object Repository/Objects.HighlightElements/input_field' is: '1123'

2020-05-29 02:27:09 - [MESSAGE][PASSED] - Attribute 'value' of object 'Object Repository/Objects.HighlightElements/input_field' is: '1123'

2020-05-29 02:27:09 - [TEST_STEP][PASSED] - callTestCase(findTestCase(CallTCName), ["FindValue":ComboBoxValue, "DropdownNm":comboNm], STOP_ON_FAILURE): Call Test Case 'Test Cases/PFI Precision and Scale/PFI Components/PELists' successfully

2020-05-29 02:27:09 - [TEST_CASE][PASSED] - Test Cases/PFI Precision and Scale/PFI Components/PELists: Test Cases/PFI Precision and Scale/PFI Components/PELists

2020-05-29 02:27:10 - [TEST_STEP][PASSED] - Thread.sleep(1000): null

2020-05-29 02:27:11 - [TEST_STEP][PASSED] - PEListsTBL = ["0011":"QP-Formatted Address", "0012":"QP-0012", "0014":"QP-0014", "0015":"QP-0015", "0016":"QP-0016", "3214":"Dummy QP Name 3861", ... ]: null

2020-05-29 02:27:11 - [TEST_STEP][PASSED] - switch (DropdownNm): null

2020-05-29 02:27:11 - [TEST_STEP][PASSED] - case "PENo":: null

2020-05-29 02:27:11 - [TEST_STEP][PASSED] - ValueFound = FindValue + " (" + get(FindValue).toString() + ")": null

2020-05-29 02:27:11 - [TEST_STEP][PASSED] - break: null

2020-05-29 02:27:11 - [MESSAGE][PASSED] - Call Test Case 'Test Cases/PFI Precision and Scale/PFI Components/PELists' successfully

2020-05-29 02:27:11 - [TEST_STEP][PASSED] - println(ValueFound): null

2020-05-29 02:27:11 - [TEST_STEP][PASSED] - sendKeys(NewInputNmField, Keys.chord(ARROW_DOWN)): Keys 'DOWN + ' sent to object: 'Object Repository/Objects.HighlightElements/input_field'

2020-05-29 02:27:11 - [MESSAGE][PASSED] - Keys 'DOWN + ' sent to object: 'Object Repository/Objects.HighlightElements/input_field'

2020-05-29 02:27:11 - [TEST_STEP][PASSED] - sendKeys(NewInputNmField, Keys.chord(ARROW_DOWN)): Keys 'DOWN + ' sent to object: 'Object Repository/Objects.HighlightElements/input_field'

2020-05-29 02:27:11 - [MESSAGE][PASSED] - Keys 'DOWN + ' sent to object: 'Object Repository/Objects.HighlightElements/input_field'

2020-05-29 02:27:11 - [TEST_STEP][PASSED] - delay(DelayTime): Delayed 8 second(s)

2020-05-29 02:27:19 - [MESSAGE][PASSED] - Delayed 8 second(s)

2020-05-29 02:27:19 - [TEST_STEP][PASSED] - sendKeys(NewInputNmField, Keys.chord(ENTER)): Keys 'ENTER + ' sent to object: 'Object Repository/Objects.HighlightElements/input_field'

2020-05-29 02:27:20 - [MESSAGE][PASSED] - Keys 'ENTER + ' sent to object: 'Object Repository/Objects.HighlightElements/input_field'

2020-05-29 02:27:20 - [TEST_STEP][PASSED] - ComboBoxValue = getAttribute(NewInputNmField, "value"): Attribute 'value' of object 'Object Repository/Objects.HighlightElements/input_field' is: '0017'

2020-05-29 02:27:20 - [MESSAGE][PASSED] - Attribute 'value' of object 'Object Repository/Objects.HighlightElements/input_field' is: '0017'

2020-05-29 02:27:20 - [TEST_STEP][PASSED] - callTestCase(findTestCase(CallTCName), ["FindValue":ComboBoxValue, "DropdownNm":comboNm], STOP_ON_FAILURE): Call Test Case 'Test Cases/PFI Precision and Scale/PFI Components/PELists' successfully

2020-05-29 02:27:20 - [TEST_CASE][PASSED] - Test Cases/PFI Precision and Scale/PFI Components/PELists: Test Cases/PFI Precision and Scale/PFI Components/PELists

2020-05-29 02:27:20 - [TEST_STEP][PASSED] - Thread.sleep(1000): null

2020-05-29 02:27:21 - [TEST_STEP][PASSED] - PEListsTBL = ["0011":"QP-Formatted Address", "0012":"QP-0012", "0014":"QP-0014", "0015":"QP-0015", "0016":"QP-0016", "3214":"Dummy QP Name 3861", ... ]: null

2020-05-29 02:27:21 - [TEST_STEP][PASSED] - switch (DropdownNm): null

2020-05-29 02:27:21 - [TEST_STEP][PASSED] - case "PENo":: null

2020-05-29 02:27:21 - [TEST_STEP][PASSED] - ValueFound = FindValue + " (" + get(FindValue).toString() + ")": null

2020-05-29 02:27:21 - [TEST_STEP][PASSED] - break: null

2020-05-29 02:27:21 - [MESSAGE][PASSED] - Call Test Case 'Test Cases/PFI Precision and Scale/PFI Components/PELists' successfully

2020-05-29 02:27:21 - [TEST_STEP][PASSED] - println(ValueFound): null

2020-05-29 02:27:21 - [TEST_STEP][PASSED] - sendKeys(NewInputNmField, Keys.chord(ARROW_DOWN)): Keys 'DOWN + ' sent to object: 'Object Repository/Objects.HighlightElements/input_field'

2020-05-29 02:27:21 - [MESSAGE][PASSED] - Keys 'DOWN + ' sent to object: 'Object Repository/Objects.HighlightElements/input_field'

2020-05-29 02:27:21 - [TEST_STEP][PASSED] - sendKeys(NewInputNmField, Keys.chord(ARROW_DOWN)): Keys 'DOWN + ' sent to object: 'Object Repository/Objects.HighlightElements/input_field'

2020-05-29 02:27:22 - [MESSAGE][PASSED] - Keys 'DOWN + ' sent to object: 'Object Repository/Objects.HighlightElements/input_field'

2020-05-29 02:27:22 - [TEST_STEP][PASSED] - delay(DelayTime): Delayed 8 second(s)

2020-05-29 02:27:30 - [MESSAGE][PASSED] - Delayed 8 second(s)

2020-05-29 02:27:30 - [TEST_STEP][PASSED] - sendKeys(NewInputNmField, Keys.chord(ENTER)): Keys 'ENTER + ' sent to object: 'Object Repository/Objects.HighlightElements/input_field'

2020-05-29 02:27:30 - [MESSAGE][PASSED] - Keys 'ENTER + ' sent to object: 'Object Repository/Objects.HighlightElements/input_field'

2020-05-29 02:27:30 - [TEST_STEP][PASSED] - ComboBoxValue = getAttribute(NewInputNmField, "value"): Attribute 'value' of object 'Object Repository/Objects.HighlightElements/input_field' is: '0017'

2020-05-29 02:27:30 - [MESSAGE][PASSED] - Attribute 'value' of object 'Object Repository/Objects.HighlightElements/input_field' is: '0017'

2020-05-29 02:27:30 - [TEST_STEP][PASSED] - callTestCase(findTestCase(CallTCName), ["FindValue":ComboBoxValue, "DropdownNm":comboNm], STOP_ON_FAILURE): Call Test Case 'Test Cases/PFI Precision and Scale/PFI Components/PELists' successfully

2020-05-29 02:27:30 - [TEST_CASE][PASSED] - Test Cases/PFI Precision and Scale/PFI Components/PELists: Test Cases/PFI Precision and Scale/PFI Components/PELists

2020-05-29 02:27:30 - [TEST_STEP][PASSED] - Thread.sleep(1000): null

2020-05-29 02:27:31 - [TEST_STEP][PASSED] - PEListsTBL = ["0011":"QP-Formatted Address", "0012":"QP-0012", "0014":"QP-0014", "0015":"QP-0015", "0016":"QP-0016", "3214":"Dummy QP Name 3861", ... ]: null

2020-05-29 02:27:31 - [TEST_STEP][PASSED] - switch (DropdownNm): null

2020-05-29 02:27:31 - [TEST_STEP][PASSED] - case "PENo":: null

2020-05-29 02:27:31 - [TEST_STEP][PASSED] - ValueFound = FindValue + " (" + get(FindValue).toString() + ")": null

2020-05-29 02:27:31 - [TEST_STEP][PASSED] - break: null

2020-05-29 02:27:31 - [MESSAGE][PASSED] - Call Test Case 'Test Cases/PFI Precision and Scale/PFI Components/PELists' successfully

2020-05-29 02:27:31 - [TEST_STEP][PASSED] - println(ValueFound): null

2020-05-29 02:27:31 - [TEST_STEP][PASSED] - sendKeys(NewInputNmField, Keys.chord(ARROW_DOWN)): Keys 'DOWN + ' sent to object: 'Object Repository/Objects.HighlightElements/input_field'

2020-05-29 02:27:32 - [MESSAGE][PASSED] - Keys 'DOWN + ' sent to object: 'Object Repository/Objects.HighlightElements/input_field'

2020-05-29 02:27:32 - [TEST_STEP][PASSED] - sendKeys(NewInputNmField, Keys.chord(ARROW_DOWN)): Keys 'DOWN + ' sent to object: 'Object Repository/Objects.HighlightElements/input_field'

2020-05-29 02:27:32 - [MESSAGE][PASSED] - Keys 'DOWN + ' sent to object: 'Object Repository/Objects.HighlightElements/input_field'

2020-05-29 02:27:32 - [TEST_STEP][PASSED] - delay(DelayTime): Delayed 8 second(s)

2020-05-29 02:27:40 - [MESSAGE][PASSED] - Delayed 8 second(s)

2020-05-29 02:27:40 - [TEST_STEP][PASSED] - sendKeys(NewInputNmField, Keys.chord(ENTER)): Keys 'ENTER + ' sent to object: 'Object Repository/Objects.HighlightElements/input_field'

2020-05-29 02:27:40 - [MESSAGE][PASSED] - Keys 'ENTER + ' sent to object: 'Object Repository/Objects.HighlightElements/input_field'

2020-05-29 02:27:40 - [TEST_STEP][PASSED] - ComboBoxValue = getAttribute(NewInputNmField, "value"): Attribute 'value' of object 'Object Repository/Objects.HighlightElements/input_field' is: '0017'

2020-05-29 02:27:41 - [MESSAGE][PASSED] - Attribute 'value' of object 'Object Repository/Objects.HighlightElements/input_field' is: '0017'

2020-05-29 02:27:41 - [TEST_STEP][PASSED] - callTestCase(findTestCase(CallTCName), ["FindValue":ComboBoxValue, "DropdownNm":comboNm], STOP_ON_FAILURE): Call Test Case 'Test Cases/PFI Precision and Scale/PFI Components/PELists' successfully

2020-05-29 02:27:41 - [TEST_CASE][PASSED] - Test Cases/PFI Precision and Scale/PFI Components/PELists: Test Cases/PFI Precision and Scale/PFI Components/PELists

2020-05-29 02:27:41 - [TEST_STEP][PASSED] - Thread.sleep(1000): null

2020-05-29 02:27:42 - [TEST_STEP][PASSED] - PEListsTBL = ["0011":"QP-Formatted Address", "0012":"QP-0012", "0014":"QP-0014", "0015":"QP-0015", "0016":"QP-0016", "3214":"Dummy QP Name 3861", ... ]: null

2020-05-29 02:27:42 - [TEST_STEP][PASSED] - switch (DropdownNm): null

2020-05-29 02:27:42 - [TEST_STEP][PASSED] - case "PENo":: null

2020-05-29 02:27:42 - [TEST_STEP][PASSED] - ValueFound = FindValue + " (" + get(FindValue).toString() + ")": null

2020-05-29 02:27:42 - [TEST_STEP][PASSED] - break: null

2020-05-29 02:27:42 - [MESSAGE][PASSED] - Call Test Case 'Test Cases/PFI Precision and Scale/PFI Components/PELists' successfully

2020-05-29 02:27:42 - [TEST_STEP][PASSED] - println(ValueFound): null

2020-05-29 02:27:42 - [TEST_STEP][PASSED] - sendKeys(NewInputNmField, Keys.chord(ARROW_DOWN)): Keys 'DOWN + ' sent to object: 'Object Repository/Objects.HighlightElements/input_field'

2020-05-29 02:27:42 - [MESSAGE][PASSED] - Keys 'DOWN + ' sent to object: 'Object Repository/Objects.HighlightElements/input_field'

2020-05-29 02:27:42 - [TEST_STEP][PASSED] - sendKeys(NewInputNmField, Keys.chord(ARROW_DOWN)): Keys 'DOWN + ' sent to object: 'Object Repository/Objects.HighlightElements/input_field'

2020-05-29 02:27:42 - [MESSAGE][PASSED] - Keys 'DOWN + ' sent to object: 'Object Repository/Objects.HighlightElements/input_field'

2020-05-29 02:27:42 - [TEST_STEP][PASSED] - delay(DelayTime): Delayed 8 second(s)

2020-05-29 02:27:50 - [MESSAGE][PASSED] - Delayed 8 second(s)

2020-05-29 02:27:50 - [TEST_STEP][PASSED] - sendKeys(NewInputNmField, Keys.chord(ENTER)): Keys 'ENTER + ' sent to object: 'Object Repository/Objects.HighlightElements/input_field'

2020-05-29 02:27:51 - [MESSAGE][PASSED] - Keys 'ENTER + ' sent to object: 'Object Repository/Objects.HighlightElements/input_field'

2020-05-29 02:27:51 - [TEST_STEP][PASSED] - ComboBoxValue = getAttribute(NewInputNmField, "value"): Attribute 'value' of object 'Object Repository/Objects.HighlightElements/input_field' is: '0017'

2020-05-29 02:27:51 - [MESSAGE][PASSED] - Attribute 'value' of object 'Object Repository/Objects.HighlightElements/input_field' is: '0017'

2020-05-29 02:27:51 - [TEST_STEP][PASSED] - callTestCase(findTestCase(CallTCName), ["FindValue":ComboBoxValue, "DropdownNm":comboNm], STOP_ON_FAILURE): Call Test Case 'Test Cases/PFI Precision and Scale/PFI Components/PELists' successfully

2020-05-29 02:27:51 - [TEST_CASE][PASSED] - Test Cases/PFI Precision and Scale/PFI Components/PELists: Test Cases/PFI Precision and Scale/PFI Components/PELists

2020-05-29 02:27:51 - [TEST_STEP][PASSED] - Thread.sleep(1000): null

2020-05-29 02:27:52 - [TEST_STEP][PASSED] - PEListsTBL = ["0011":"QP-Formatted Address", "0012":"QP-0012", "0014":"QP-0014", "0015":"QP-0015", "0016":"QP-0016", "3214":"Dummy QP Name 3861", ... ]: null

2020-05-29 02:27:52 - [TEST_STEP][PASSED] - switch (DropdownNm): null

2020-05-29 02:27:52 - [TEST_STEP][PASSED] - case "PENo":: null

2020-05-29 02:27:52 - [TEST_STEP][PASSED] - ValueFound = FindValue + " (" + get(FindValue).toString() + ")": null

2020-05-29 02:27:52 - [TEST_STEP][PASSED] - break: null

2020-05-29 02:27:52 - [MESSAGE][PASSED] - Call Test Case 'Test Cases/PFI Precision and Scale/PFI Components/PELists' successfully

2020-05-29 02:27:52 - [TEST_STEP][PASSED] - println(ValueFound): null

2020-05-29 02:27:52 - [TEST_STEP][PASSED] - sendKeys(NewInputNmField, Keys.chord(ARROW_DOWN)): Keys 'DOWN + ' sent to object: 'Object Repository/Objects.HighlightElements/input_field'

2020-05-29 02:27:52 - [MESSAGE][PASSED] - Keys 'DOWN + ' sent to object: 'Object Repository/Objects.HighlightElements/input_field'

2020-05-29 02:27:52 - [TEST_STEP][PASSED] - sendKeys(NewInputNmField, Keys.chord(ARROW_DOWN)): Keys 'DOWN + ' sent to object: 'Object Repository/Objects.HighlightElements/input_field'

2020-05-29 02:27:53 - [MESSAGE][PASSED] - Keys 'DOWN + ' sent to object: 'Object Repository/Objects.HighlightElements/input_field'

2020-05-29 02:27:53 - [TEST_STEP][PASSED] - delay(DelayTime): Delayed 8 second(s)

2020-05-29 02:28:01 - [MESSAGE][PASSED] - Delayed 8 second(s)

2020-05-29 02:28:01 - [TEST_STEP][PASSED] - sendKeys(NewInputNmField, Keys.chord(ENTER)): Keys 'ENTER + ' sent to object: 'Object Repository/Objects.HighlightElements/input_field'

2020-05-29 02:28:01 - [MESSAGE][PASSED] - Keys 'ENTER + ' sent to object: 'Object Repository/Objects.HighlightElements/input_field'

2020-05-29 02:28:01 - [TEST_STEP][PASSED] - ComboBoxValue = getAttribute(NewInputNmField, "value"): Attribute 'value' of object 'Object Repository/Objects.HighlightElements/input_field' is: '0017'

2020-05-29 02:28:01 - [MESSAGE][PASSED] - Attribute 'value' of object 'Object Repository/Objects.HighlightElements/input_field' is: '0017'

2020-05-29 02:28:01 - [TEST_STEP][PASSED] - callTestCase(findTestCase(CallTCName), ["FindValue":ComboBoxValue, "DropdownNm":comboNm], STOP_ON_FAILURE): Call Test Case 'Test Cases/PFI Precision and Scale/PFI Components/PELists' successfully

2020-05-29 02:28:01 - [TEST_CASE][PASSED] - Test Cases/PFI Precision and Scale/PFI Components/PELists: Test Cases/PFI Precision and Scale/PFI Components/PELists

2020-05-29 02:28:01 - [TEST_STEP][PASSED] - Thread.sleep(1000): null

2020-05-29 02:28:02 - [TEST_STEP][PASSED] - PEListsTBL = ["0011":"QP-Formatted Address", "0012":"QP-0012", "0014":"QP-0014", "0015":"QP-0015", "0016":"QP-0016", "3214":"Dummy QP Name 3861", ... ]: null

2020-05-29 02:28:02 - [TEST_STEP][PASSED] - switch (DropdownNm): null

2020-05-29 02:28:02 - [TEST_STEP][PASSED] - case "PENo":: null

2020-05-29 02:28:02 - [TEST_STEP][PASSED] - ValueFound = FindValue + " (" + get(FindValue).toString() + ")": null

2020-05-29 02:28:02 - [TEST_STEP][PASSED] - break: null

2020-05-29 02:28:02 - [MESSAGE][PASSED] - Call Test Case 'Test Cases/PFI Precision and Scale/PFI Components/PELists' successfully

2020-05-29 02:28:02 - [TEST_STEP][PASSED] - println(ValueFound): null

2020-05-29 02:28:02 - [TEST_STEP][PASSED] - sendKeys(NewInputNmField, Keys.chord(ARROW_DOWN)): Keys 'DOWN + ' sent to object: 'Object Repository/Objects.HighlightElements/input_field'

2020-05-29 02:28:02 - [MESSAGE][PASSED] - Keys 'DOWN + ' sent to object: 'Object Repository/Objects.HighlightElements/input_field'

2020-05-29 02:28:02 - [TEST_STEP][PASSED] - sendKeys(NewInputNmField, Keys.chord(ARROW_DOWN)): Keys 'DOWN + ' sent to object: 'Object Repository/Objects.HighlightElements/input_field'

2020-05-29 02:28:03 - [MESSAGE][PASSED] - Keys 'DOWN + ' sent to object: 'Object Repository/Objects.HighlightElements/input_field'

2020-05-29 02:28:03 - [TEST_STEP][PASSED] - delay(DelayTime): Delayed 8 second(s)

2020-05-29 02:28:11 - [MESSAGE][PASSED] - Delayed 8 second(s)

2020-05-29 02:28:11 - [TEST_STEP][PASSED] - sendKeys(NewInputNmField, Keys.chord(ENTER)): Keys 'ENTER + ' sent to object: 'Object Repository/Objects.HighlightElements/input_field'

2020-05-29 02:28:11 - [MESSAGE][PASSED] - Keys 'ENTER + ' sent to object: 'Object Repository/Objects.HighlightElements/input_field'

2020-05-29 02:28:11 - [TEST_STEP][PASSED] - ComboBoxValue = getAttribute(NewInputNmField, "value"): Attribute 'value' of object 'Object Repository/Objects.HighlightElements/input_field' is: '0017'

2020-05-29 02:28:11 - [MESSAGE][PASSED] - Attribute 'value' of object 'Object Repository/Objects.HighlightElements/input_field' is: '0017'

2020-05-29 02:28:11 - [TEST_STEP][PASSED] - callTestCase(findTestCase(CallTCName), ["FindValue":ComboBoxValue, "DropdownNm":comboNm], STOP_ON_FAILURE): Call Test Case 'Test Cases/PFI Precision and Scale/PFI Components/PELists' successfully

2020-05-29 02:28:11 - [TEST_CASE][PASSED] - Test Cases/PFI Precision and Scale/PFI Components/PELists: Test Cases/PFI Precision and Scale/PFI Components/PELists

2020-05-29 02:28:11 - [TEST_STEP][PASSED] - Thread.sleep(1000): null

2020-05-29 02:28:12 - [TEST_STEP][PASSED] - PEListsTBL = ["0011":"QP-Formatted Address", "0012":"QP-0012", "0014":"QP-0014", "0015":"QP-0015", "0016":"QP-0016", "3214":"Dummy QP Name 3861", ... ]: null

2020-05-29 02:28:12 - [TEST_STEP][PASSED] - switch (DropdownNm): null

2020-05-29 02:28:12 - [TEST_STEP][PASSED] - case "PENo":: null

2020-05-29 02:28:12 - [TEST_STEP][PASSED] - ValueFound = FindValue + " (" + get(FindValue).toString() + ")": null

2020-05-29 02:28:12 - [TEST_STEP][PASSED] - break: null

2020-05-29 02:28:12 - [MESSAGE][PASSED] - Call Test Case 'Test Cases/PFI Precision and Scale/PFI Components/PELists' successfully

2020-05-29 02:28:12 - [TEST_STEP][PASSED] - println(ValueFound): null

2020-05-29 02:28:12 - [TEST_STEP][PASSED] - sendKeys(NewInputNmField, Keys.chord(ARROW_DOWN)): Keys 'DOWN + ' sent to object: 'Object Repository/Objects.HighlightElements/input_field'

2020-05-29 02:28:13 - [MESSAGE][PASSED] - Keys 'DOWN + ' sent to object: 'Object Repository/Objects.HighlightElements/input_field'

2020-05-29 02:28:13 - [TEST_STEP][PASSED] - sendKeys(NewInputNmField, Keys.chord(ARROW_DOWN)): Keys 'DOWN + ' sent to object: 'Object Repository/Objects.HighlightElements/input_field'

2020-05-29 02:28:13 - [MESSAGE][PASSED] - Keys 'DOWN + ' sent to object: 'Object Repository/Objects.HighlightElements/input_field'

2020-05-29 02:28:13 - [TEST_STEP][PASSED] - delay(DelayTime): Delayed 8 second(s)

2020-05-29 02:28:21 - [MESSAGE][PASSED] - Delayed 8 second(s)

2020-05-29 02:28:21 - [TEST_STEP][PASSED] - sendKeys(NewInputNmField, Keys.chord(ENTER)): Keys 'ENTER + ' sent to object: 'Object Repository/Objects.HighlightElements/input_field'

2020-05-29 02:28:21 - [MESSAGE][PASSED] - Keys 'ENTER + ' sent to object: 'Object Repository/Objects.HighlightElements/input_field'

2020-05-29 02:28:21 - [TEST_STEP][PASSED] - ComboBoxValue = getAttribute(NewInputNmField, "value"): Attribute 'value' of object 'Object Repository/Objects.HighlightElements/input_field' is: '0017'

2020-05-29 02:28:22 - [MESSAGE][PASSED] - Attribute 'value' of object 'Object Repository/Objects.HighlightElements/input_field' is: '0017'

2020-05-29 02:28:22 - [TEST_STEP][PASSED] - callTestCase(findTestCase(CallTCName), ["FindValue":ComboBoxValue, "DropdownNm":comboNm], STOP_ON_FAILURE): Call Test Case 'Test Cases/PFI Precision and Scale/PFI Components/PELists' successfully

2020-05-29 02:28:22 - [TEST_CASE][PASSED] - Test Cases/PFI Precision and Scale/PFI Components/PELists: Test Cases/PFI Precision and Scale/PFI Components/PELists

2020-05-29 02:28:22 - [TEST_STEP][PASSED] - Thread.sleep(1000): null

2020-05-29 02:28:23 - [TEST_STEP][PASSED] - PEListsTBL = ["0011":"QP-Formatted Address", "0012":"QP-0012", "0014":"QP-0014", "0015":"QP-0015", "0016":"QP-0016", "3214":"Dummy QP Name 3861", ... ]: null

2020-05-29 02:28:23 - [TEST_STEP][PASSED] - switch (DropdownNm): null

2020-05-29 02:28:23 - [TEST_STEP][PASSED] - case "PENo":: null

2020-05-29 02:28:23 - [TEST_STEP][PASSED] - ValueFound = FindValue + " (" + get(FindValue).toString() + ")": null

2020-05-29 02:28:23 - [TEST_STEP][PASSED] - break: null

2020-05-29 02:28:23 - [MESSAGE][PASSED] - Call Test Case 'Test Cases/PFI Precision and Scale/PFI Components/PELists' successfully

2020-05-29 02:28:23 - [TEST_STEP][PASSED] - println(ValueFound): null

2020-05-29 02:28:23 - [TEST_STEP][PASSED] - sendKeys(NewInputNmField, Keys.chord(ARROW_DOWN)): Keys 'DOWN + ' sent to object: 'Object Repository/Objects.HighlightElements/input_field'

2020-05-29 02:28:23 - [MESSAGE][PASSED] - Keys 'DOWN + ' sent to object: 'Object Repository/Objects.HighlightElements/input_field'

2020-05-29 02:28:23 - [TEST_STEP][PASSED] - sendKeys(NewInputNmField, Keys.chord(ARROW_DOWN)): Keys 'DOWN + ' sent to object: 'Object Repository/Objects.HighlightElements/input_field'

2020-05-29 02:28:23 - [MESSAGE][PASSED] - Keys 'DOWN + ' sent to object: 'Object Repository/Objects.HighlightElements/input_field'

2020-05-29 02:28:23 - [TEST_STEP][PASSED] - delay(DelayTime): Delayed 8 second(s)

2020-05-29 02:28:31 - [MESSAGE][PASSED] - Delayed 8 second(s)

2020-05-29 02:28:31 - [TEST_STEP][PASSED] - sendKeys(NewInputNmField, Keys.chord(ENTER)): Keys 'ENTER + ' sent to object: 'Object Repository/Objects.HighlightElements/input_field'

2020-05-29 02:28:32 - [MESSAGE][PASSED] - Keys 'ENTER + ' sent to object: 'Object Repository/Objects.HighlightElements/input_field'

2020-05-29 02:28:32 - [TEST_STEP][PASSED] - ComboBoxValue = getAttribute(NewInputNmField, "value"): Attribute 'value' of object 'Object Repository/Objects.HighlightElements/input_field' is: '0017'

2020-05-29 02:28:32 - [MESSAGE][PASSED] - Attribute 'value' of object 'Object Repository/Objects.HighlightElements/input_field' is: '0017'

2020-05-29 02:28:32 - [TEST_STEP][PASSED] - callTestCase(findTestCase(CallTCName), ["FindValue":ComboBoxValue, "DropdownNm":comboNm], STOP_ON_FAILURE): Call Test Case 'Test Cases/PFI Precision and Scale/PFI Components/PELists' successfully

2020-05-29 02:28:32 - [TEST_CASE][PASSED] - Test Cases/PFI Precision and Scale/PFI Components/PELists: Test Cases/PFI Precision and Scale/PFI Components/PELists

2020-05-29 02:28:32 - [TEST_STEP][PASSED] - Thread.sleep(1000): null

2020-05-29 02:28:33 - [TEST_STEP][PASSED] - PEListsTBL = ["0011":"QP-Formatted Address", "0012":"QP-0012", "0014":"QP-0014", "0015":"QP-0015", "0016":"QP-0016", "3214":"Dummy QP Name 3861", ... ]: null

2020-05-29 02:28:33 - [TEST_STEP][PASSED] - switch (DropdownNm): null

2020-05-29 02:28:33 - [TEST_STEP][PASSED] - case "PENo":: null

2020-05-29 02:28:33 - [TEST_STEP][PASSED] - ValueFound = FindValue + " (" + get(FindValue).toString() + ")": null

2020-05-29 02:28:33 - [TEST_STEP][PASSED] - break: null

2020-05-29 02:28:33 - [MESSAGE][PASSED] - Call Test Case 'Test Cases/PFI Precision and Scale/PFI Components/PELists' successfully

2020-05-29 02:28:33 - [TEST_STEP][PASSED] - println(ValueFound): null

2020-05-29 02:28:33 - [TEST_STEP][PASSED] - sendKeys(NewInputNmField, Keys.chord(ARROW_DOWN)): Keys 'DOWN + ' sent to object: 'Object Repository/Objects.HighlightElements/input_field'

2020-05-29 02:28:33 - [MESSAGE][PASSED] - Keys 'DOWN + ' sent to object: 'Object Repository/Objects.HighlightElements/input_field'

2020-05-29 02:28:33 - [TEST_STEP][PASSED] - sendKeys(NewInputNmField, Keys.chord(ARROW_DOWN)): Keys 'DOWN + ' sent to object: 'Object Repository/Objects.HighlightElements/input_field'

2020-05-29 02:28:34 - [MESSAGE][PASSED] - Keys 'DOWN + ' sent to object: 'Object Repository/Objects.HighlightElements/input_field'

2020-05-29 02:28:34 - [TEST_STEP][PASSED] - delay(DelayTime): Delayed 8 second(s)

2020-05-29 02:28:42 - [MESSAGE][PASSED] - Delayed 8 second(s)

2020-05-29 02:28:42 - [TEST_STEP][PASSED] - sendKeys(NewInputNmField, Keys.chord(ENTER)): Keys 'ENTER + ' sent to object: 'Object Repository/Objects.HighlightElements/input_field'

2020-05-29 02:28:42 - [MESSAGE][PASSED] - Keys 'ENTER + ' sent to object: 'Object Repository/Objects.HighlightElements/input_field'

2020-05-29 02:28:42 - [TEST_STEP][PASSED] - ComboBoxValue = getAttribute(NewInputNmField, "value"): Attribute 'value' of object 'Object Repository/Objects.HighlightElements/input_field' is: '0017'

2020-05-29 02:28:42 - [MESSAGE][PASSED] - Attribute 'value' of object 'Object Repository/Objects.HighlightElements/input_field' is: '0017'

2020-05-29 02:28:42 - [TEST_STEP][PASSED] - callTestCase(findTestCase(CallTCName), ["FindValue":ComboBoxValue, "DropdownNm":comboNm], STOP_ON_FAILURE): Call Test Case 'Test Cases/PFI Precision and Scale/PFI Components/PELists' successfully

2020-05-29 02:28:42 - [TEST_CASE][PASSED] - Test Cases/PFI Precision and Scale/PFI Components/PELists: Test Cases/PFI Precision and Scale/PFI Components/PELists

2020-05-29 02:28:42 - [TEST_STEP][PASSED] - Thread.sleep(1000): null

2020-05-29 02:28:43 - [TEST_STEP][PASSED] - PEListsTBL = ["0011":"QP-Formatted Address", "0012":"QP-0012", "0014":"QP-0014", "0015":"QP-0015", "0016":"QP-0016", "3214":"Dummy QP Name 3861", ... ]: null

2020-05-29 02:28:43 - [TEST_STEP][PASSED] - switch (DropdownNm): null

2020-05-29 02:28:43 - [TEST_STEP][PASSED] - case "PENo":: null

2020-05-29 02:28:43 - [TEST_STEP][PASSED] - ValueFound = FindValue + " (" + get(FindValue).toString() + ")": null

2020-05-29 02:28:43 - [TEST_STEP][PASSED] - break: null

2020-05-29 02:28:43 - [MESSAGE][PASSED] - Call Test Case 'Test Cases/PFI Precision and Scale/PFI Components/PELists' successfully

2020-05-29 02:28:43 - [TEST_STEP][PASSED] - println(ValueFound): null

2020-05-29 02:28:43 - [TEST_STEP][PASSED] - sendKeys(NewInputNmField, Keys.chord(ARROW_DOWN)): Keys 'DOWN + ' sent to object: 'Object Repository/Objects.HighlightElements/input_field'

2020-05-29 02:28:44 - [MESSAGE][PASSED] - Keys 'DOWN + ' sent to object: 'Object Repository/Objects.HighlightElements/input_field'

2020-05-29 02:28:44 - [TEST_STEP][PASSED] - sendKeys(NewInputNmField, Keys.chord(ENTER)): Keys 'ENTER + ' sent to object: 'Object Repository/Objects.HighlightElements/input_field'

2020-05-29 02:28:44 - [MESSAGE][PASSED] - Keys 'ENTER + ' sent to object: 'Object Repository/Objects.HighlightElements/input_field'

2020-05-29 02:28:44 - [MESSAGE][PASSED] - Call Test Case 'Test Cases/PFI Precision and Scale/PFI Components/VerifyDropdownValues' successfully

2020-05-29 02:28:44 - [TEST_STEP][PASSED] - callTestCase(findTestCase("Components/ClickCancelIcon"), [:], STOP_ON_FAILURE): Call Test Case 'Test Cases/Components/ClickCancelIcon' successfully

2020-05-29 02:28:44 - [TEST_CASE][PASSED] - Test Cases/Components/ClickCancelIcon: Test Cases/Components/ClickCancelIcon

2020-05-29 02:28:44 - [TEST_STEP][PASSED] - Thread.sleep(1000): null

2020-05-29 02:28:45 - [TEST_STEP][PASSED] - com.reusableComponents.HighlightElement.run(findTestObject("Object Repository/Objects.ActionButtons/Cancel_Icon")): com.reusableComponents.HighlightElement.run is PASSED

2020-05-29 02:28:46 - [MESSAGE][PASSED] - com.reusableComponents.HighlightElement.run is PASSED

2020-05-29 02:28:46 - [TEST_STEP][PASSED] - click(findTestObject("Object Repository/Objects.ActionButtons/Cancel_Icon")): Object: 'Object Repository/Objects.ActionButtons/Cancel_Icon' is clicked on

2020-05-29 02:28:46 - [MESSAGE][PASSED] - Object: 'Object Repository/Objects.ActionButtons/Cancel_Icon' is clicked on

2020-05-29 02:28:46 - [MESSAGE][PASSED] - Call Test Case 'Test Cases/Components/ClickCancelIcon' successfully

2020-05-29 02:28:46 - [TEST_STEP][PASSED] - callTestCase(findTestCase("Components/DoubleClickToEnable"), ["HeaderCellName":"PE Name", "index":3], STOP_ON_FAILURE): Call Test Case 'Test Cases/Components/DoubleClickToEnable' successfully

2020-05-29 02:28:46 - [TEST_CASE][PASSED] - Test Cases/Components/DoubleClickToEnable: Test Cases/Components/DoubleClickToEnable

2020-05-29 02:28:46 - [TEST_STEP][PASSED] - Thread.sleep(1000): null

2020-05-29 02:28:47 - [TEST_STEP][PASSED] - modifiedInputField = modifyObjectProperty(findTestObject("Object Repository/Objects.HighlightElements/input_field_index"), "xpath", "equals", "//*[text()='" + HeaderCellName + "']//following::td[" + index + "]", true): Modify property of object successfully

2020-05-29 02:28:47 - [MESSAGE][PASSED] - Modify property of object successfully

2020-05-29 02:28:47 - [TEST_STEP][PASSED] - doubleClick(modifiedInputField): Object: 'Object Repository/Objects.HighlightElements/input_field_index' is double clicked on

2020-05-29 02:28:48 - [MESSAGE][PASSED] - Object: 'Object Repository/Objects.HighlightElements/input_field_index' is double clicked on

2020-05-29 02:28:48 - [MESSAGE][PASSED] - Call Test Case 'Test Cases/Components/DoubleClickToEnable' successfully

2020-05-29 02:28:48 - [TEST_STEP][PASSED] - callTestCase(findTestCase("Components/HighlightInputField"), ["InputFldName":"peName"], STOP_ON_FAILURE): Call Test Case 'Test Cases/Components/HighlightInputField' successfully

2020-05-29 02:28:48 - [TEST_CASE][PASSED] - Test Cases/Components/HighlightInputField: Test Cases/Components/HighlightInputField

2020-05-29 02:28:48 - [TEST_STEP][PASSED] - Thread.sleep(1000): null

2020-05-29 02:28:49 - [TEST_STEP][PASSED] - modifiedLblNm = modifyObjectProperty(findTestObject("Objects.HighlightElements/input_field"), "name", "equals", InputFldName, true): Modify property of object successfully

2020-05-29 02:28:49 - [MESSAGE][PASSED] - Modify property of object successfully

2020-05-29 02:28:49 - [TEST_STEP][PASSED] - com.reusableComponents.HighlightElement.run(modifiedLblNm): com.reusableComponents.HighlightElement.run is PASSED

2020-05-29 02:28:50 - [MESSAGE][PASSED] - com.reusableComponents.HighlightElement.run is PASSED

2020-05-29 02:28:50 - [MESSAGE][PASSED] - Call Test Case 'Test Cases/Components/HighlightInputField' successfully

2020-05-29 02:28:50 - [TEST_STEP][PASSED] - callTestCase(findTestCase("Components/SelectAllThenDelete"), ["tagToBeUsed":"*", "nameToBeUsed":"peName"], STOP_ON_FAILURE): Call Test Case 'Test Cases/Components/SelectAllThenDelete' successfully

2020-05-29 02:28:56 - [TEST_CASE][PASSED] - Test Cases/Components/SelectAllThenDelete: Test Cases/Components/SelectAllThenDelete

2020-05-29 02:29:00 - [TEST_STEP][PASSED] - Thread.sleep(1000): null

2020-05-29 02:29:01 - [TEST_STEP][PASSED] - firstModification = modifyObjectProperty(findTestObject("SendKey/object"), "tag", "equals", tagToBeUsed, false): Modify property of object successfully

2020-05-29 02:30:12 - [MESSAGE][PASSED] - Modify property of object successfully

2020-05-29 02:30:12 - [TEST_STEP][PASSED] - secondModification = modifyObjectProperty(firstModification, "name", "equals", nameToBeUsed, true): Modify property of object successfully

2020-05-29 02:30:14 - [MESSAGE][PASSED] - Modify property of object successfully

2020-05-29 02:30:14 - [TEST_STEP][PASSED] - sendKeys(secondModification, Keys.chord(CONTROL, "a")): Keys 'CONTROL + a' sent to object: 'Object Repository/SendKey/object'

2020-05-29 02:30:16 - [MESSAGE][PASSED] - Keys 'CONTROL + a' sent to object: 'Object Repository/SendKey/object'

2020-05-29 02:30:16 - [TEST_STEP][PASSED] - sendKeys(secondModification, Keys.chord(DELETE)): Keys 'DELETE + ' sent to object: 'Object Repository/SendKey/object'

2020-05-29 02:30:18 - [MESSAGE][PASSED] - Keys 'DELETE + ' sent to object: 'Object Repository/SendKey/object'

2020-05-29 02:30:18 - [MESSAGE][PASSED] - Call Test Case 'Test Cases/Components/SelectAllThenDelete' successfully

2020-05-29 02:30:18 - [TEST_STEP][PASSED] - callTestCase(findTestCase("PFI Precision and Scale/PFI Components/VerifyDropdownValues"), ["FldNm":"peName", "CallTCName":"PFI Precision and Scale/PFI Components/PELists", "cmbNm":"PEName", "NoOfVal":10, "DelayTime":5, ... ], STOP_ON_FAILURE): Call Test Case 'Test Cases/PFI Precision and Scale/PFI Components/VerifyDropdownValues' successfully

2020-05-29 02:30:23 - [TEST_CASE][PASSED] - Test Cases/PFI Precision and Scale/PFI Components/VerifyDropdownValues: Test Cases/PFI Precision and Scale/PFI Components/VerifyDropdownValues

2020-05-29 02:30:37 - [TEST_STEP][PASSED] - Thread.sleep(1000): null

2020-05-29 02:30:38 - [TEST_STEP][PASSED] - NewInputNmField = modifyObjectProperty(findTestObject("Objects.HighlightElements/input_field"), "name", "equals", FldNm, true): Modify property of object successfully

2020-05-29 02:31:45 - [MESSAGE][PASSED] - Modify property of object successfully

2020-05-29 02:31:45 - [TEST_STEP][PASSED] - comboNm = cmbNm: null

2020-05-29 02:31:45 - [TEST_STEP][PASSED] - focus(NewInputNmField): Object: 'Object Repository/Objects.HighlightElements/input_field' is focused

2020-05-29 02:31:47 - [MESSAGE][PASSED] - Object: 'Object Repository/Objects.HighlightElements/input_field' is focused

2020-05-29 02:31:47 - [TEST_STEP][PASSED] - setText(NewInputNmField, EnterValue): Text '' is set on object 'Object Repository/Objects.HighlightElements/input_field'

2020-05-29 02:31:48 - [MESSAGE][PASSED] - Text '' is set on object 'Object Repository/Objects.HighlightElements/input_field'

2020-05-29 02:31:48 - [TEST_STEP][PASSED] - for ([i = 1, i <= NoOfVal, (i++)]): Keys 'DOWN + ' sent to object: 'Object Repository/Objects.HighlightElements/input_field'

2020-05-29 02:31:48 - [TEST_STEP][PASSED] - sendKeys(NewInputNmField, Keys.chord(ARROW_DOWN)): Keys 'DOWN + ' sent to object: 'Object Repository/Objects.HighlightElements/input_field'

2020-05-29 02:31:49 - [MESSAGE][PASSED] - Keys 'DOWN + ' sent to object: 'Object Repository/Objects.HighlightElements/input_field'

2020-05-29 02:31:49 - [TEST_STEP][PASSED] - delay(DelayTime): Delayed 5 second(s)

2020-05-29 02:31:55 - [MESSAGE][PASSED] - Delayed 5 second(s)

2020-05-29 02:31:55 - [TEST_STEP][PASSED] - sendKeys(NewInputNmField, Keys.chord(ENTER)): Keys 'ENTER + ' sent to object: 'Object Repository/Objects.HighlightElements/input_field'

2020-05-29 02:31:55 - [MESSAGE][PASSED] - Keys 'ENTER + ' sent to object: 'Object Repository/Objects.HighlightElements/input_field'

2020-05-29 02:31:55 - [TEST_STEP][PASSED] - ComboBoxValue = getAttribute(NewInputNmField, "value"): Attribute 'value' of object 'Object Repository/Objects.HighlightElements/input_field' is: 'QP1123'

2020-05-29 02:31:59 - [MESSAGE][PASSED] - Attribute 'value' of object 'Object Repository/Objects.HighlightElements/input_field' is: 'QP1123'

2020-05-29 02:31:59 - [TEST_STEP][PASSED] - callTestCase(findTestCase(CallTCName), ["FindValue":ComboBoxValue, "DropdownNm":comboNm], STOP_ON_FAILURE): Call Test Case 'Test Cases/PFI Precision and Scale/PFI Components/PELists' successfully

2020-05-29 02:32:08 - [TEST_CASE][PASSED] - Test Cases/PFI Precision and Scale/PFI Components/PELists: Test Cases/PFI Precision and Scale/PFI Components/PELists

2020-05-29 02:32:11 - [TEST_STEP][PASSED] - Thread.sleep(1000): null

2020-05-29 02:32:12 - [TEST_STEP][PASSED] - PEListsTBL = ["0011":"QP-Formatted Address", "0012":"QP-0012", "0014":"QP-0014", "0015":"QP-0015", "0016":"QP-0016", "3214":"Dummy QP Name 3861", ... ]: null

2020-05-29 02:32:12 - [TEST_STEP][PASSED] - switch (DropdownNm): null

2020-05-29 02:32:12 - [TEST_STEP][PASSED] - case "PEName":: null

2020-05-29 02:32:12 - [TEST_STEP][PASSED] - ValueFound = PEListsTBL.find({ -> ... }): null

2020-05-29 02:32:13 - [TEST_STEP][PASSED] - break: null

2020-05-29 02:32:13 - [MESSAGE][PASSED] - Call Test Case 'Test Cases/PFI Precision and Scale/PFI Components/PELists' successfully

2020-05-29 02:32:13 - [TEST_STEP][PASSED] - println(ValueFound): null

2020-05-29 02:32:13 - [TEST_STEP][PASSED] - sendKeys(NewInputNmField, Keys.chord(ARROW_DOWN)): Keys 'DOWN + ' sent to object: 'Object Repository/Objects.HighlightElements/input_field'

2020-05-29 02:32:14 - [MESSAGE][PASSED] - Keys 'DOWN + ' sent to object: 'Object Repository/Objects.HighlightElements/input_field'

2020-05-29 02:32:14 - [TEST_STEP][PASSED] - sendKeys(NewInputNmField, Keys.chord(ARROW_DOWN)): Keys 'DOWN + ' sent to object: 'Object Repository/Objects.HighlightElements/input_field'

2020-05-29 02:32:15 - [MESSAGE][PASSED] - Keys 'DOWN + ' sent to object: 'Object Repository/Objects.HighlightElements/input_field'

2020-05-29 02:32:15 - [TEST_STEP][PASSED] - delay(DelayTime): Delayed 5 second(s)

2020-05-29 02:32:20 - [MESSAGE][PASSED] - Delayed 5 second(s)

2020-05-29 02:32:20 - [TEST_STEP][PASSED] - sendKeys(NewInputNmField, Keys.chord(ENTER)): Keys 'ENTER + ' sent to object: 'Object Repository/Objects.HighlightElements/input_field'

2020-05-29 02:32:22 - [MESSAGE][PASSED] - Keys 'ENTER + ' sent to object: 'Object Repository/Objects.HighlightElements/input_field'

2020-05-29 02:32:22 - [TEST_STEP][PASSED] - ComboBoxValue = getAttribute(NewInputNmField, "value"): Attribute 'value' of object 'Object Repository/Objects.HighlightElements/input_field' is: 'QP0017'

2020-05-29 02:32:26 - [MESSAGE][PASSED] - Attribute 'value' of object 'Object Repository/Objects.HighlightElements/input_field' is: 'QP0017'

2020-05-29 02:32:26 - [TEST_STEP][PASSED] - callTestCase(findTestCase(CallTCName), ["FindValue":ComboBoxValue, "DropdownNm":comboNm], STOP_ON_FAILURE): Call Test Case 'Test Cases/PFI Precision and Scale/PFI Components/PELists' successfully

2020-05-29 02:32:37 - [TEST_CASE][PASSED] - Test Cases/PFI Precision and Scale/PFI Components/PELists: Test Cases/PFI Precision and Scale/PFI Components/PELists

2020-05-29 02:32:41 - [TEST_STEP][PASSED] - Thread.sleep(1000): null

2020-05-29 02:32:42 - [TEST_STEP][PASSED] - PEListsTBL = ["0011":"QP-Formatted Address", "0012":"QP-0012", "0014":"QP-0014", "0015":"QP-0015", "0016":"QP-0016", "3214":"Dummy QP Name 3861", ... ]: null

2020-05-29 02:32:42 - [TEST_STEP][PASSED] - switch (DropdownNm): null

2020-05-29 02:32:42 - [TEST_STEP][PASSED] - case "PEName":: null

2020-05-29 02:32:42 - [TEST_STEP][PASSED] - ValueFound = PEListsTBL.find({ -> ... }): null

2020-05-29 02:32:42 - [TEST_STEP][PASSED] - break: null

2020-05-29 02:32:42 - [MESSAGE][PASSED] - Call Test Case 'Test Cases/PFI Precision and Scale/PFI Components/PELists' successfully

2020-05-29 02:32:42 - [TEST_STEP][PASSED] - println(ValueFound): null

2020-05-29 02:32:42 - [TEST_STEP][PASSED] - sendKeys(NewInputNmField, Keys.chord(ARROW_DOWN)): Keys 'DOWN + ' sent to object: 'Object Repository/Objects.HighlightElements/input_field'

2020-05-29 02:32:48 - [MESSAGE][PASSED] - Keys 'DOWN + ' sent to object: 'Object Repository/Objects.HighlightElements/input_field'

2020-05-29 02:32:48 - [TEST_STEP][PASSED] - sendKeys(NewInputNmField, Keys.chord(ARROW_DOWN)): Keys 'DOWN + ' sent to object: 'Object Repository/Objects.HighlightElements/input_field'

2020-05-29 02:32:51 - [MESSAGE][PASSED] - Keys 'DOWN + ' sent to object: 'Object Repository/Objects.HighlightElements/input_field'

2020-05-29 02:32:51 - [TEST_STEP][PASSED] - delay(DelayTime): Delayed 5 second(s)

2020-05-29 02:32:56 - [MESSAGE][PASSED] - Delayed 5 second(s)

2020-05-29 02:32:56 - [TEST_STEP][PASSED] - sendKeys(NewInputNmField, Keys.chord(ENTER)): Keys 'ENTER + ' sent to object: 'Object Repository/Objects.HighlightElements/input_field'

2020-05-29 02:33:00 - [MESSAGE][PASSED] - Keys 'ENTER + ' sent to object: 'Object Repository/Objects.HighlightElements/input_field'

2020-05-29 02:33:00 - [TEST_STEP][PASSED] - ComboBoxValue = getAttribute(NewInputNmField, "value"): Attribute 'value' of object 'Object Repository/Objects.HighlightElements/input_field' is: 'QP-0016'

2020-05-29 02:33:06 - [MESSAGE][PASSED] - Attribute 'value' of object 'Object Repository/Objects.HighlightElements/input_field' is: 'QP-0016'

2020-05-29 02:33:06 - [TEST_STEP][PASSED] - callTestCase(findTestCase(CallTCName), ["FindValue":ComboBoxValue, "DropdownNm":comboNm], STOP_ON_FAILURE): Call Test Case 'Test Cases/PFI Precision and Scale/PFI Components/PELists' successfully

2020-05-29 02:33:07 - [TEST_CASE][PASSED] - Test Cases/PFI Precision and Scale/PFI Components/PELists: Test Cases/PFI Precision and Scale/PFI Components/PELists

2020-05-29 02:33:07 - [TEST_STEP][PASSED] - Thread.sleep(1000): null

2020-05-29 02:33:08 - [TEST_STEP][PASSED] - PEListsTBL = ["0011":"QP-Formatted Address", "0012":"QP-0012", "0014":"QP-0014", "0015":"QP-0015", "0016":"QP-0016", "3214":"Dummy QP Name 3861", ... ]: null

2020-05-29 02:33:08 - [TEST_STEP][PASSED] - switch (DropdownNm): null

2020-05-29 02:33:08 - [TEST_STEP][PASSED] - case "PEName":: null

2020-05-29 02:33:08 - [TEST_STEP][PASSED] - ValueFound = PEListsTBL.find({ -> ... }): null

2020-05-29 02:33:08 - [TEST_STEP][PASSED] - break: null

2020-05-29 02:33:08 - [MESSAGE][PASSED] - Call Test Case 'Test Cases/PFI Precision and Scale/PFI Components/PELists' successfully

2020-05-29 02:33:08 - [TEST_STEP][PASSED] - println(ValueFound): null

2020-05-29 02:33:08 - [TEST_STEP][PASSED] - sendKeys(NewInputNmField, Keys.chord(ARROW_DOWN)): Keys 'DOWN + ' sent to object: 'Object Repository/Objects.HighlightElements/input_field'

2020-05-29 02:33:09 - [MESSAGE][PASSED] - Keys 'DOWN + ' sent to object: 'Object Repository/Objects.HighlightElements/input_field'

2020-05-29 02:33:09 - [TEST_STEP][PASSED] - sendKeys(NewInputNmField, Keys.chord(ARROW_DOWN)): Keys 'DOWN + ' sent to object: 'Object Repository/Objects.HighlightElements/input_field'

2020-05-29 02:33:09 - [MESSAGE][PASSED] - Keys 'DOWN + ' sent to object: 'Object Repository/Objects.HighlightElements/input_field'

2020-05-29 02:33:09 - [TEST_STEP][PASSED] - delay(DelayTime): Delayed 5 second(s)

2020-05-29 02:33:15 - [MESSAGE][PASSED] - Delayed 5 second(s)

2020-05-29 02:33:15 - [TEST_STEP][PASSED] - sendKeys(NewInputNmField, Keys.chord(ENTER)): Keys 'ENTER + ' sent to object: 'Object Repository/Objects.HighlightElements/input_field'

2020-05-29 02:33:15 - [MESSAGE][PASSED] - Keys 'ENTER + ' sent to object: 'Object Repository/Objects.HighlightElements/input_field'

2020-05-29 02:33:15 - [TEST_STEP][PASSED] - ComboBoxValue = getAttribute(NewInputNmField, "value"): Attribute 'value' of object 'Object Repository/Objects.HighlightElements/input_field' is: 'QP-0015'

2020-05-29 02:33:16 - [MESSAGE][PASSED] - Attribute 'value' of object 'Object Repository/Objects.HighlightElements/input_field' is: 'QP-0015'

2020-05-29 02:33:16 - [TEST_STEP][PASSED] - callTestCase(findTestCase(CallTCName), ["FindValue":ComboBoxValue, "DropdownNm":comboNm], STOP_ON_FAILURE): Call Test Case 'Test Cases/PFI Precision and Scale/PFI Components/PELists' successfully

2020-05-29 02:33:16 - [TEST_CASE][PASSED] - Test Cases/PFI Precision and Scale/PFI Components/PELists: Test Cases/PFI Precision and Scale/PFI Components/PELists

2020-05-29 02:33:16 - [TEST_STEP][PASSED] - Thread.sleep(1000): null

2020-05-29 02:33:17 - [TEST_STEP][PASSED] - PEListsTBL = ["0011":"QP-Formatted Address", "0012":"QP-0012", "0014":"QP-0014", "0015":"QP-0015", "0016":"QP-0016", "3214":"Dummy QP Name 3861", ... ]: null

2020-05-29 02:33:17 - [TEST_STEP][PASSED] - switch (DropdownNm): null

2020-05-29 02:33:17 - [TEST_STEP][PASSED] - case "PEName":: null

2020-05-29 02:33:17 - [TEST_STEP][PASSED] - ValueFound = PEListsTBL.find({ -> ... }): null

2020-05-29 02:33:17 - [TEST_STEP][PASSED] - break: null

2020-05-29 02:33:17 - [MESSAGE][PASSED] - Call Test Case 'Test Cases/PFI Precision and Scale/PFI Components/PELists' successfully

2020-05-29 02:33:17 - [TEST_STEP][PASSED] - println(ValueFound): null

2020-05-29 02:33:17 - [TEST_STEP][PASSED] - sendKeys(NewInputNmField, Keys.chord(ARROW_DOWN)): Keys 'DOWN + ' sent to object: 'Object Repository/Objects.HighlightElements/input_field'

2020-05-29 02:33:17 - [MESSAGE][PASSED] - Keys 'DOWN + ' sent to object: 'Object Repository/Objects.HighlightElements/input_field'

2020-05-29 02:33:17 - [TEST_STEP][PASSED] - sendKeys(NewInputNmField, Keys.chord(ARROW_DOWN)): Keys 'DOWN + ' sent to object: 'Object Repository/Objects.HighlightElements/input_field'

2020-05-29 02:33:18 - [MESSAGE][PASSED] - Keys 'DOWN + ' sent to object: 'Object Repository/Objects.HighlightElements/input_field'

2020-05-29 02:33:18 - [TEST_STEP][PASSED] - delay(DelayTime): Delayed 5 second(s)

2020-05-29 02:33:23 - [MESSAGE][PASSED] - Delayed 5 second(s)

2020-05-29 02:33:23 - [TEST_STEP][PASSED] - sendKeys(NewInputNmField, Keys.chord(ENTER)): Keys 'ENTER + ' sent to object: 'Object Repository/Objects.HighlightElements/input_field'

2020-05-29 02:33:23 - [MESSAGE][PASSED] - Keys 'ENTER + ' sent to object: 'Object Repository/Objects.HighlightElements/input_field'

2020-05-29 02:33:23 - [TEST_STEP][PASSED] - ComboBoxValue = getAttribute(NewInputNmField, "value"): Attribute 'value' of object 'Object Repository/Objects.HighlightElements/input_field' is: 'QP-0014'

2020-05-29 02:33:23 - [MESSAGE][PASSED] - Attribute 'value' of object 'Object Repository/Objects.HighlightElements/input_field' is: 'QP-0014'

2020-05-29 02:33:23 - [TEST_STEP][PASSED] - callTestCase(findTestCase(CallTCName), ["FindValue":ComboBoxValue, "DropdownNm":comboNm], STOP_ON_FAILURE): Call Test Case 'Test Cases/PFI Precision and Scale/PFI Components/PELists' successfully

2020-05-29 02:33:23 - [TEST_CASE][PASSED] - Test Cases/PFI Precision and Scale/PFI Components/PELists: Test Cases/PFI Precision and Scale/PFI Components/PELists

2020-05-29 02:33:23 - [TEST_STEP][PASSED] - Thread.sleep(1000): null

2020-05-29 02:33:24 - [TEST_STEP][PASSED] - PEListsTBL = ["0011":"QP-Formatted Address", "0012":"QP-0012", "0014":"QP-0014", "0015":"QP-0015", "0016":"QP-0016", "3214":"Dummy QP Name 3861", ... ]: null

2020-05-29 02:33:24 - [TEST_STEP][PASSED] - switch (DropdownNm): null

2020-05-29 02:33:24 - [TEST_STEP][PASSED] - case "PEName":: null

2020-05-29 02:33:24 - [TEST_STEP][PASSED] - ValueFound = PEListsTBL.find({ -> ... }): null

2020-05-29 02:33:24 - [TEST_STEP][PASSED] - break: null

2020-05-29 02:33:24 - [MESSAGE][PASSED] - Call Test Case 'Test Cases/PFI Precision and Scale/PFI Components/PELists' successfully

2020-05-29 02:33:24 - [TEST_STEP][PASSED] - println(ValueFound): null

2020-05-29 02:33:24 - [TEST_STEP][PASSED] - sendKeys(NewInputNmField, Keys.chord(ARROW_DOWN)): Keys 'DOWN + ' sent to object: 'Object Repository/Objects.HighlightElements/input_field'

2020-05-29 02:33:25 - [MESSAGE][PASSED] - Keys 'DOWN + ' sent to object: 'Object Repository/Objects.HighlightElements/input_field'

2020-05-29 02:33:25 - [TEST_STEP][PASSED] - sendKeys(NewInputNmField, Keys.chord(ARROW_DOWN)): Keys 'DOWN + ' sent to object: 'Object Repository/Objects.HighlightElements/input_field'

2020-05-29 02:33:25 - [MESSAGE][PASSED] - Keys 'DOWN + ' sent to object: 'Object Repository/Objects.HighlightElements/input_field'

2020-05-29 02:33:25 - [TEST_STEP][PASSED] - delay(DelayTime): Delayed 5 second(s)

2020-05-29 02:33:30 - [MESSAGE][PASSED] - Delayed 5 second(s)

2020-05-29 02:33:30 - [TEST_STEP][PASSED] - sendKeys(NewInputNmField, Keys.chord(ENTER)): Keys 'ENTER + ' sent to object: 'Object Repository/Objects.HighlightElements/input_field'

2020-05-29 02:33:30 - [MESSAGE][PASSED] - Keys 'ENTER + ' sent to object: 'Object Repository/Objects.HighlightElements/input_field'

2020-05-29 02:33:30 - [TEST_STEP][PASSED] - ComboBoxValue = getAttribute(NewInputNmField, "value"): Attribute 'value' of object 'Object Repository/Objects.HighlightElements/input_field' is: 'QP-0012'

2020-05-29 02:33:31 - [MESSAGE][PASSED] - Attribute 'value' of object 'Object Repository/Objects.HighlightElements/input_field' is: 'QP-0012'

2020-05-29 02:33:31 - [TEST_STEP][PASSED] - callTestCase(findTestCase(CallTCName), ["FindValue":ComboBoxValue, "DropdownNm":comboNm], STOP_ON_FAILURE): Call Test Case 'Test Cases/PFI Precision and Scale/PFI Components/PELists' successfully

2020-05-29 02:33:31 - [TEST_CASE][PASSED] - Test Cases/PFI Precision and Scale/PFI Components/PELists: Test Cases/PFI Precision and Scale/PFI Components/PELists

2020-05-29 02:33:31 - [TEST_STEP][PASSED] - Thread.sleep(1000): null

2020-05-29 02:33:32 - [TEST_STEP][PASSED] - PEListsTBL = ["0011":"QP-Formatted Address", "0012":"QP-0012", "0014":"QP-0014", "0015":"QP-0015", "0016":"QP-0016", "3214":"Dummy QP Name 3861", ... ]: null

2020-05-29 02:33:32 - [TEST_STEP][PASSED] - switch (DropdownNm): null

2020-05-29 02:33:32 - [TEST_STEP][PASSED] - case "PEName":: null

2020-05-29 02:33:32 - [TEST_STEP][PASSED] - ValueFound = PEListsTBL.find({ -> ... }): null

2020-05-29 02:33:32 - [TEST_STEP][PASSED] - break: null

2020-05-29 02:33:32 - [MESSAGE][PASSED] - Call Test Case 'Test Cases/PFI Precision and Scale/PFI Components/PELists' successfully

2020-05-29 02:33:32 - [TEST_STEP][PASSED] - println(ValueFound): null

2020-05-29 02:33:32 - [TEST_STEP][PASSED] - sendKeys(NewInputNmField, Keys.chord(ARROW_DOWN)): Keys 'DOWN + ' sent to object: 'Object Repository/Objects.HighlightElements/input_field'

2020-05-29 02:33:32 - [MESSAGE][PASSED] - Keys 'DOWN + ' sent to object: 'Object Repository/Objects.HighlightElements/input_field'

2020-05-29 02:33:32 - [TEST_STEP][PASSED] - sendKeys(NewInputNmField, Keys.chord(ARROW_DOWN)): Keys 'DOWN + ' sent to object: 'Object Repository/Objects.HighlightElements/input_field'

2020-05-29 02:33:33 - [MESSAGE][PASSED] - Keys 'DOWN + ' sent to object: 'Object Repository/Objects.HighlightElements/input_field'

2020-05-29 02:33:33 - [TEST_STEP][PASSED] - delay(DelayTime): Delayed 5 second(s)

2020-05-29 02:33:38 - [MESSAGE][PASSED] - Delayed 5 second(s)

2020-05-29 02:33:38 - [TEST_STEP][PASSED] - sendKeys(NewInputNmField, Keys.chord(ENTER)): Keys 'ENTER + ' sent to object: 'Object Repository/Objects.HighlightElements/input_field'

2020-05-29 02:33:38 - [MESSAGE][PASSED] - Keys 'ENTER + ' sent to object: 'Object Repository/Objects.HighlightElements/input_field'

2020-05-29 02:33:38 - [TEST_STEP][PASSED] - ComboBoxValue = getAttribute(NewInputNmField, "value"): Attribute 'value' of object 'Object Repository/Objects.HighlightElements/input_field' is: 'QP-Formatted Address'

2020-05-29 02:33:38 - [MESSAGE][PASSED] - Attribute 'value' of object 'Object Repository/Objects.HighlightElements/input_field' is: 'QP-Formatted Address'

2020-05-29 02:33:38 - [TEST_STEP][PASSED] - callTestCase(findTestCase(CallTCName), ["FindValue":ComboBoxValue, "DropdownNm":comboNm], STOP_ON_FAILURE): Call Test Case 'Test Cases/PFI Precision and Scale/PFI Components/PELists' successfully

2020-05-29 02:33:38 - [TEST_CASE][PASSED] - Test Cases/PFI Precision and Scale/PFI Components/PELists: Test Cases/PFI Precision and Scale/PFI Components/PELists

2020-05-29 02:33:38 - [TEST_STEP][PASSED] - Thread.sleep(1000): null

2020-05-29 02:33:39 - [TEST_STEP][PASSED] - PEListsTBL = ["0011":"QP-Formatted Address", "0012":"QP-0012", "0014":"QP-0014", "0015":"QP-0015", "0016":"QP-0016", "3214":"Dummy QP Name 3861", ... ]: null

2020-05-29 02:33:39 - [TEST_STEP][PASSED] - switch (DropdownNm): null

2020-05-29 02:33:39 - [TEST_STEP][PASSED] - case "PEName":: null

2020-05-29 02:33:39 - [TEST_STEP][PASSED] - ValueFound = PEListsTBL.find({ -> ... }): null

2020-05-29 02:33:39 - [TEST_STEP][PASSED] - break: null

2020-05-29 02:33:39 - [MESSAGE][PASSED] - Call Test Case 'Test Cases/PFI Precision and Scale/PFI Components/PELists' successfully

2020-05-29 02:33:39 - [TEST_STEP][PASSED] - println(ValueFound): null

2020-05-29 02:33:39 - [TEST_STEP][PASSED] - sendKeys(NewInputNmField, Keys.chord(ARROW_DOWN)): Keys 'DOWN + ' sent to object: 'Object Repository/Objects.HighlightElements/input_field'

2020-05-29 02:33:40 - [MESSAGE][PASSED] - Keys 'DOWN + ' sent to object: 'Object Repository/Objects.HighlightElements/input_field'

2020-05-29 02:33:40 - [TEST_STEP][PASSED] - sendKeys(NewInputNmField, Keys.chord(ARROW_DOWN)): Keys 'DOWN + ' sent to object: 'Object Repository/Objects.HighlightElements/input_field'

2020-05-29 02:33:40 - [MESSAGE][PASSED] - Keys 'DOWN + ' sent to object: 'Object Repository/Objects.HighlightElements/input_field'

2020-05-29 02:33:40 - [TEST_STEP][PASSED] - delay(DelayTime): Delayed 5 second(s)

2020-05-29 02:33:45 - [MESSAGE][PASSED] - Delayed 5 second(s)

2020-05-29 02:33:45 - [TEST_STEP][PASSED] - sendKeys(NewInputNmField, Keys.chord(ENTER)): Keys 'ENTER + ' sent to object: 'Object Repository/Objects.HighlightElements/input_field'

2020-05-29 02:33:45 - [MESSAGE][PASSED] - Keys 'ENTER + ' sent to object: 'Object Repository/Objects.HighlightElements/input_field'

2020-05-29 02:33:45 - [TEST_STEP][PASSED] - ComboBoxValue = getAttribute(NewInputNmField, "value"): Attribute 'value' of object 'Object Repository/Objects.HighlightElements/input_field' is: 'QP-7004'

2020-05-29 02:33:46 - [MESSAGE][PASSED] - Attribute 'value' of object 'Object Repository/Objects.HighlightElements/input_field' is: 'QP-7004'

2020-05-29 02:33:46 - [TEST_STEP][PASSED] - callTestCase(findTestCase(CallTCName), ["FindValue":ComboBoxValue, "DropdownNm":comboNm], STOP_ON_FAILURE): Call Test Case 'Test Cases/PFI Precision and Scale/PFI Components/PELists' successfully

2020-05-29 02:33:46 - [TEST_CASE][PASSED] - Test Cases/PFI Precision and Scale/PFI Components/PELists: Test Cases/PFI Precision and Scale/PFI Components/PELists

2020-05-29 02:33:46 - [TEST_STEP][PASSED] - Thread.sleep(1000): null

2020-05-29 02:33:47 - [TEST_STEP][PASSED] - PEListsTBL = ["0011":"QP-Formatted Address", "0012":"QP-0012", "0014":"QP-0014", "0015":"QP-0015", "0016":"QP-0016", "3214":"Dummy QP Name 3861", ... ]: null

2020-05-29 02:33:47 - [TEST_STEP][PASSED] - switch (DropdownNm): null

2020-05-29 02:33:47 - [TEST_STEP][PASSED] - case "PEName":: null

2020-05-29 02:33:47 - [TEST_STEP][PASSED] - ValueFound = PEListsTBL.find({ -> ... }): null

2020-05-29 02:33:47 - [TEST_STEP][PASSED] - break: null

2020-05-29 02:33:47 - [MESSAGE][PASSED] - Call Test Case 'Test Cases/PFI Precision and Scale/PFI Components/PELists' successfully

2020-05-29 02:33:47 - [TEST_STEP][PASSED] - println(ValueFound): null

2020-05-29 02:33:47 - [TEST_STEP][PASSED] - sendKeys(NewInputNmField, Keys.chord(ARROW_DOWN)): Keys 'DOWN + ' sent to object: 'Object Repository/Objects.HighlightElements/input_field'

2020-05-29 02:33:47 - [MESSAGE][PASSED] - Keys 'DOWN + ' sent to object: 'Object Repository/Objects.HighlightElements/input_field'

2020-05-29 02:33:47 - [TEST_STEP][PASSED] - sendKeys(NewInputNmField, Keys.chord(ARROW_DOWN)): Keys 'DOWN + ' sent to object: 'Object Repository/Objects.HighlightElements/input_field'

2020-05-29 02:33:48 - [MESSAGE][PASSED] - Keys 'DOWN + ' sent to object: 'Object Repository/Objects.HighlightElements/input_field'

2020-05-29 02:33:48 - [TEST_STEP][PASSED] - delay(DelayTime): Delayed 5 second(s)

2020-05-29 02:33:53 - [MESSAGE][PASSED] - Delayed 5 second(s)

2020-05-29 02:33:53 - [TEST_STEP][PASSED] - sendKeys(NewInputNmField, Keys.chord(ENTER)): Keys 'ENTER + ' sent to object: 'Object Repository/Objects.HighlightElements/input_field'

2020-05-29 02:33:53 - [MESSAGE][PASSED] - Keys 'ENTER + ' sent to object: 'Object Repository/Objects.HighlightElements/input_field'

2020-05-29 02:33:53 - [TEST_STEP][PASSED] - ComboBoxValue = getAttribute(NewInputNmField, "value"): Attribute 'value' of object 'Object Repository/Objects.HighlightElements/input_field' is: 'Janet Waters'

2020-05-29 02:33:53 - [MESSAGE][PASSED] - Attribute 'value' of object 'Object Repository/Objects.HighlightElements/input_field' is: 'Janet Waters'

2020-05-29 02:33:53 - [TEST_STEP][PASSED] - callTestCase(findTestCase(CallTCName), ["FindValue":ComboBoxValue, "DropdownNm":comboNm], STOP_ON_FAILURE): Call Test Case 'Test Cases/PFI Precision and Scale/PFI Components/PELists' successfully

2020-05-29 02:33:53 - [TEST_CASE][PASSED] - Test Cases/PFI Precision and Scale/PFI Components/PELists: Test Cases/PFI Precision and Scale/PFI Components/PELists

2020-05-29 02:33:53 - [TEST_STEP][PASSED] - Thread.sleep(1000): null

2020-05-29 02:33:54 - [TEST_STEP][PASSED] - PEListsTBL = ["0011":"QP-Formatted Address", "0012":"QP-0012", "0014":"QP-0014", "0015":"QP-0015", "0016":"QP-0016", "3214":"Dummy QP Name 3861", ... ]: null

2020-05-29 02:33:54 - [TEST_STEP][PASSED] - switch (DropdownNm): null

2020-05-29 02:33:54 - [TEST_STEP][PASSED] - case "PEName":: null

2020-05-29 02:33:54 - [TEST_STEP][PASSED] - ValueFound = PEListsTBL.find({ -> ... }): null

2020-05-29 02:33:54 - [TEST_STEP][PASSED] - break: null

2020-05-29 02:33:54 - [MESSAGE][PASSED] - Call Test Case 'Test Cases/PFI Precision and Scale/PFI Components/PELists' successfully

2020-05-29 02:33:54 - [TEST_STEP][PASSED] - println(ValueFound): null

2020-05-29 02:33:54 - [TEST_STEP][PASSED] - sendKeys(NewInputNmField, Keys.chord(ARROW_DOWN)): Keys 'DOWN + ' sent to object: 'Object Repository/Objects.HighlightElements/input_field'

2020-05-29 02:33:55 - [MESSAGE][PASSED] - Keys 'DOWN + ' sent to object: 'Object Repository/Objects.HighlightElements/input_field'

2020-05-29 02:33:55 - [TEST_STEP][PASSED] - sendKeys(NewInputNmField, Keys.chord(ARROW_DOWN)): Keys 'DOWN + ' sent to object: 'Object Repository/Objects.HighlightElements/input_field'

2020-05-29 02:33:56 - [MESSAGE][PASSED] - Keys 'DOWN + ' sent to object: 'Object Repository/Objects.HighlightElements/input_field'

2020-05-29 02:33:56 - [TEST_STEP][PASSED] - delay(DelayTime): Delayed 5 second(s)

2020-05-29 02:34:01 - [MESSAGE][PASSED] - Delayed 5 second(s)

2020-05-29 02:34:01 - [TEST_STEP][PASSED] - sendKeys(NewInputNmField, Keys.chord(ENTER)): Keys 'ENTER + ' sent to object: 'Object Repository/Objects.HighlightElements/input_field'

2020-05-29 02:34:01 - [MESSAGE][PASSED] - Keys 'ENTER + ' sent to object: 'Object Repository/Objects.HighlightElements/input_field'

2020-05-29 02:34:01 - [TEST_STEP][PASSED] - ComboBoxValue = getAttribute(NewInputNmField, "value"): Attribute 'value' of object 'Object Repository/Objects.HighlightElements/input_field' is: 'Mrs. Mikayla Romaguera Sr.'

2020-05-29 02:34:01 - [MESSAGE][PASSED] - Attribute 'value' of object 'Object Repository/Objects.HighlightElements/input_field' is: 'Mrs. Mikayla Romaguera Sr.'

2020-05-29 02:34:01 - [TEST_STEP][PASSED] - callTestCase(findTestCase(CallTCName), ["FindValue":ComboBoxValue, "DropdownNm":comboNm], STOP_ON_FAILURE): Call Test Case 'Test Cases/PFI Precision and Scale/PFI Components/PELists' successfully

2020-05-29 02:34:01 - [TEST_CASE][PASSED] - Test Cases/PFI Precision and Scale/PFI Components/PELists: Test Cases/PFI Precision and Scale/PFI Components/PELists

2020-05-29 02:34:01 - [TEST_STEP][PASSED] - Thread.sleep(1000): null

2020-05-29 02:34:02 - [TEST_STEP][PASSED] - PEListsTBL = ["0011":"QP-Formatted Address", "0012":"QP-0012", "0014":"QP-0014", "0015":"QP-0015", "0016":"QP-0016", "3214":"Dummy QP Name 3861", ... ]: null

2020-05-29 02:34:02 - [TEST_STEP][PASSED] - switch (DropdownNm): null

2020-05-29 02:34:02 - [TEST_STEP][PASSED] - case "PEName":: null

2020-05-29 02:34:02 - [TEST_STEP][PASSED] - ValueFound = PEListsTBL.find({ -> ... }): null

2020-05-29 02:34:02 - [TEST_STEP][PASSED] - break: null

2020-05-29 02:34:02 - [MESSAGE][PASSED] - Call Test Case 'Test Cases/PFI Precision and Scale/PFI Components/PELists' successfully

2020-05-29 02:34:02 - [TEST_STEP][PASSED] - println(ValueFound): null

2020-05-29 02:34:02 - [TEST_STEP][PASSED] - sendKeys(NewInputNmField, Keys.chord(ARROW_DOWN)): Keys 'DOWN + ' sent to object: 'Object Repository/Objects.HighlightElements/input_field'

2020-05-29 02:34:03 - [MESSAGE][PASSED] - Keys 'DOWN + ' sent to object: 'Object Repository/Objects.HighlightElements/input_field'

2020-05-29 02:34:03 - [TEST_STEP][PASSED] - sendKeys(NewInputNmField, Keys.chord(ENTER)): Keys 'ENTER + ' sent to object: 'Object Repository/Objects.HighlightElements/input_field'

2020-05-29 02:34:03 - [MESSAGE][PASSED] - Keys 'ENTER + ' sent to object: 'Object Repository/Objects.HighlightElements/input_field'

2020-05-29 02:34:03 - [MESSAGE][PASSED] - Call Test Case 'Test Cases/PFI Precision and Scale/PFI Components/VerifyDropdownValues' successfully

2020-05-29 02:34:03 - [TEST_STEP][PASSED] - callTestCase(findTestCase("Components/ClickCancelIcon"), [:], STOP_ON_FAILURE): Call Test Case 'Test Cases/Components/ClickCancelIcon' successfully

2020-05-29 02:34:03 - [TEST_CASE][PASSED] - Test Cases/Components/ClickCancelIcon: Test Cases/Components/ClickCancelIcon

2020-05-29 02:34:03 - [TEST_STEP][PASSED] - Thread.sleep(1000): null

2020-05-29 02:34:04 - [TEST_STEP][PASSED] - com.reusableComponents.HighlightElement.run(findTestObject("Object Repository/Objects.ActionButtons/Cancel_Icon")): com.reusableComponents.HighlightElement.run is PASSED

2020-05-29 02:34:05 - [MESSAGE][PASSED] - com.reusableComponents.HighlightElement.run is PASSED

2020-05-29 02:34:05 - [TEST_STEP][PASSED] - click(findTestObject("Object Repository/Objects.ActionButtons/Cancel_Icon")): Object: 'Object Repository/Objects.ActionButtons/Cancel_Icon' is clicked on

2020-05-29 02:34:05 - [MESSAGE][PASSED] - Object: 'Object Repository/Objects.ActionButtons/Cancel_Icon' is clicked on

2020-05-29 02:34:05 - [MESSAGE][PASSED] - Call Test Case 'Test Cases/Components/ClickCancelIcon' successfully

2020-05-29 02:34:05 - [TEST_STEP][NOT_RUN] - callTestCase(findTestCase("Components/Logout"), ["LogoutPageTextToBeVerified":findTestData("Datatable").getValue("HomeBanner", 2)], STOP_ON_FAILURE): NOT_RUN: callTestCase(findTestCase("Components/Logout"), ["LogoutPageTextToBeVerified":findTestData("Datatable").getValue("HomeBanner", 2)], STOP_ON_FAILURE)

2020-05-29 02:34:05 - [MESSAGE][NOT_RUN] - NOT_RUN: callTestCase(findTestCase("Components/Logout"), ["LogoutPageTextToBeVerified":findTestData("Datatable").getValue("HomeBanner", 2)], STOP_ON_FAILURE)]]></system-out>
         <system-err><![CDATA[]]></system-err>
      </testcase>
      <testcase name="Test Cases/PFI Precision and Scale/PFI Test Cases/PFI.D2FormsLHS" time="154.028" classname="Test Cases/PFI Precision and Scale/PFI Test Cases/PFI.D2FormsLHS" status="PASSED">
         <system-out><![CDATA[2020-05-29 02:34:05 - [TEST_CASE][PASSED] - Test Cases/PFI Precision and Scale/PFI Test Cases/PFI.D2FormsLHS: Test Cases/PFI Precision and Scale/PFI Test Cases/PFI.D2FormsLHS

2020-05-29 02:34:05 - [TEST_STEP][NOT_RUN] - callTestCase(findTestCase("Components/LoginV2.0"), ["LinkToBeUsed":findTestData("Datatable").getValue("URL", 16), "LoginPageTextToBeVerified":findTestData("Datatable").getValue("HomeBanner", 2), ... ], STOP_ON_FAILURE): NOT_RUN: callTestCase(findTestCase("Components/LoginV2.0"), ["LinkToBeUsed":findTestData("Datatable").getValue("URL", 16), "LoginPageTextToBeVerified":findTestData("Datatable").getValue("HomeBanner", 2), ... ], STOP_ON_FAILURE)

2020-05-29 02:34:05 - [MESSAGE][NOT_RUN] - NOT_RUN: callTestCase(findTestCase("Components/LoginV2.0"), ["LinkToBeUsed":findTestData("Datatable").getValue("URL", 16), "LoginPageTextToBeVerified":findTestData("Datatable").getValue("HomeBanner", 2), ... ], STOP_ON_FAILURE)

2020-05-29 02:34:05 - [TEST_STEP][NOT_RUN] - callTestCase(findTestCase("Components/Filter"), ["taskDescription":"Process Case (SM)"], STOP_ON_FAILURE): NOT_RUN: callTestCase(findTestCase("Components/Filter"), ["taskDescription":"Process Case (SM)"], STOP_ON_FAILURE)

2020-05-29 02:34:05 - [MESSAGE][NOT_RUN] - NOT_RUN: callTestCase(findTestCase("Components/Filter"), ["taskDescription":"Process Case (SM)"], STOP_ON_FAILURE)

2020-05-29 02:34:05 - [TEST_STEP][NOT_RUN] - callTestCase(findTestCase("Components/ClickLinkDependingOnTextAndIndex"), ["linkName":"Process Case (SM)", "index":"2"], STOP_ON_FAILURE): NOT_RUN: callTestCase(findTestCase("Components/ClickLinkDependingOnTextAndIndex"), ["linkName":"Process Case (SM)", "index":"2"], STOP_ON_FAILURE)

2020-05-29 02:34:05 - [MESSAGE][NOT_RUN] - NOT_RUN: callTestCase(findTestCase("Components/ClickLinkDependingOnTextAndIndex"), ["linkName":"Process Case (SM)", "index":"2"], STOP_ON_FAILURE)

2020-05-29 02:34:05 - [TEST_STEP][PASSED] - callTestCase(findTestCase("Components/NavigateToAnyLHS"), ["LHS":"D2 Forms (Second Stage)"], STOP_ON_FAILURE): Call Test Case 'Test Cases/Components/NavigateToAnyLHS' successfully

2020-05-29 02:34:05 - [TEST_CASE][PASSED] - Test Cases/Components/NavigateToAnyLHS: Test Cases/Components/NavigateToAnyLHS

2020-05-29 02:34:05 - [TEST_STEP][PASSED] - Thread.sleep(1000): null

2020-05-29 02:34:06 - [TEST_STEP][PASSED] - modifiedLHS = modifyObjectProperty(findTestObject("Objects.NavigateToAnyLHS/Page_ISPS2/LHSToModify"), "text", "equals", LHS, true): Modify property of object successfully

2020-05-29 02:34:06 - [MESSAGE][PASSED] - Modify property of object successfully

2020-05-29 02:34:06 - [TEST_STEP][PASSED] - click(modifiedLHS): Object: 'Object Repository/Objects.NavigateToAnyLHS/Page_ISPS2/LHSToModify' is clicked on

2020-05-29 02:34:07 - [MESSAGE][PASSED] - Object: 'Object Repository/Objects.NavigateToAnyLHS/Page_ISPS2/LHSToModify' is clicked on

2020-05-29 02:34:07 - [TEST_STEP][PASSED] - currentLHS = getText(modifiedLHS): Text of object 'Object Repository/Objects.NavigateToAnyLHS/Page_ISPS2/LHSToModify' is: 'D2 Forms (Second Stage)'

2020-05-29 02:34:07 - [MESSAGE][PASSED] - Text of object 'Object Repository/Objects.NavigateToAnyLHS/Page_ISPS2/LHSToModify' is: 'D2 Forms (Second Stage)'

2020-05-29 02:34:07 - [TEST_STEP][PASSED] - Thread.sleep(5000): null

2020-05-29 02:34:12 - [MESSAGE][PASSED] - Call Test Case 'Test Cases/Components/NavigateToAnyLHS' successfully

2020-05-29 02:34:12 - [TEST_STEP][PASSED] - callTestCase(findTestCase("Components/VerifyPageSuccessfullyLoadedII"), ["PageNm":"D Forms (Second Stage)"], STOP_ON_FAILURE): Call Test Case 'Test Cases/Components/VerifyPageSuccessfullyLoadedII' successfully

2020-05-29 02:34:13 - [TEST_CASE][PASSED] - Test Cases/Components/VerifyPageSuccessfullyLoadedII: Test Cases/Components/VerifyPageSuccessfullyLoadedII

2020-05-29 02:34:13 - [TEST_STEP][PASSED] - Thread.sleep(1000): null

2020-05-29 02:34:14 - [TEST_STEP][PASSED] - modifiedInputFld = modifyObjectProperty(findTestObject("Object Repository/Objects.VerifyPageSuccessfullyLoaded/PageHeaderIndex"), "xpath", "equals", "//*[contains(@class,'isps-page-title') and (text()='" + PageNm + "')]", true): Modify property of object successfully

2020-05-29 02:34:14 - [MESSAGE][PASSED] - Modify property of object successfully

2020-05-29 02:34:14 - [TEST_STEP][PASSED] - com.reusableComponents.HighlightElement.run(modifiedInputFld): com.reusableComponents.HighlightElement.run is PASSED

2020-05-29 02:34:14 - [MESSAGE][PASSED] - com.reusableComponents.HighlightElement.run is PASSED

2020-05-29 02:34:14 - [MESSAGE][PASSED] - Call Test Case 'Test Cases/Components/VerifyPageSuccessfullyLoadedII' successfully

2020-05-29 02:34:14 - [TEST_STEP][PASSED] - callTestCase(findTestCase("Components/ClickSubmitButton"), [:], STOP_ON_FAILURE): Call Test Case 'Test Cases/Components/ClickSubmitButton' successfully

2020-05-29 02:34:14 - [TEST_CASE][PASSED] - Test Cases/Components/ClickSubmitButton: Test Cases/Components/ClickSubmitButton

2020-05-29 02:34:14 - [TEST_STEP][PASSED] - Thread.sleep(1000): null

2020-05-29 02:34:15 - [TEST_STEP][PASSED] - com.reusableComponents.HighlightElement.run(findTestObject("Objects.ClickSubmitButton/XP_SubmitButton")): com.reusableComponents.HighlightElement.run is PASSED

2020-05-29 02:34:16 - [MESSAGE][PASSED] - com.reusableComponents.HighlightElement.run is PASSED

2020-05-29 02:34:16 - [TEST_STEP][PASSED] - click(findTestObject("Objects.ClickSubmitButton/XP_SubmitButton")): Object: 'Object Repository/Objects.ClickSubmitButton/XP_SubmitButton' is clicked on

2020-05-29 02:34:16 - [MESSAGE][PASSED] - Object: 'Object Repository/Objects.ClickSubmitButton/XP_SubmitButton' is clicked on

2020-05-29 02:34:16 - [MESSAGE][PASSED] - Call Test Case 'Test Cases/Components/ClickSubmitButton' successfully

2020-05-29 02:34:16 - [TEST_STEP][PASSED] - callTestCase(findTestCase("PFI Precision and Scale/PFI Components/RequiredFieldValidation"), ["nameToBeUsed":"d2RecvDt"], STOP_ON_FAILURE): Call Test Case 'Test Cases/PFI Precision and Scale/PFI Components/RequiredFieldValidation' successfully

2020-05-29 02:34:16 - [TEST_CASE][PASSED] - Test Cases/PFI Precision and Scale/PFI Components/RequiredFieldValidation: Test Cases/PFI Precision and Scale/PFI Components/RequiredFieldValidation

2020-05-29 02:34:16 - [TEST_STEP][PASSED] - enableSmartWait(): null

2020-05-29 02:34:16 - [TEST_STEP][PASSED] - NewInputNmField = modifyObjectProperty(findTestObject("Objects.HighlightElements/input_field"), "name", "equals", nameToBeUsed, true): Modify property of object successfully

2020-05-29 02:34:16 - [MESSAGE][PASSED] - Modify property of object successfully

2020-05-29 02:34:16 - [TEST_STEP][PASSED] - mouseOver(NewInputNmField): Object: 'Object Repository/Objects.HighlightElements/input_field' is hovered

2020-05-29 02:34:17 - [MESSAGE][PASSED] - Object: 'Object Repository/Objects.HighlightElements/input_field' is hovered

2020-05-29 02:34:17 - [TEST_STEP][PASSED] - getRqErrMsg = getAttribute(NewInputNmField, "data-errorqtip"): Attribute 'data-errorqtip' of object 'Object Repository/Objects.HighlightElements/input_field' is: '<ul class="x-list-plain"><li>This field is required</li></ul>'

2020-05-29 02:34:17 - [MESSAGE][PASSED] - Attribute 'data-errorqtip' of object 'Object Repository/Objects.HighlightElements/input_field' is: '<ul class="x-list-plain"><li>This field is required</li></ul>'

2020-05-29 02:34:17 - [TEST_STEP][PASSED] - strToolTip = getRqErrMsg.substring(29, 61): null

2020-05-29 02:34:17 - [TEST_STEP][PASSED] - toolTipReqErrMsg = strToolTip.substring(0, 22): null

2020-05-29 02:34:17 - [TEST_STEP][PASSED] - verifyMatch(toolTipReqErrMsg, RqField, true): Actual text 'This field is required' and expected text 'This field is required' are matched  using regular expression

2020-05-29 02:34:17 - [MESSAGE][PASSED] - Actual text 'This field is required' and expected text 'This field is required' are matched  using regular expression

2020-05-29 02:34:17 - [MESSAGE][PASSED] - Call Test Case 'Test Cases/PFI Precision and Scale/PFI Components/RequiredFieldValidation' successfully

2020-05-29 02:34:17 - [TEST_STEP][PASSED] - callTestCase(findTestCase("PFI Precision and Scale/PFI Components/RequiredFieldValidation"), ["nameToBeUsed":"d2ComplDt"], STOP_ON_FAILURE): Call Test Case 'Test Cases/PFI Precision and Scale/PFI Components/RequiredFieldValidation' successfully

2020-05-29 02:34:17 - [TEST_CASE][PASSED] - Test Cases/PFI Precision and Scale/PFI Components/RequiredFieldValidation: Test Cases/PFI Precision and Scale/PFI Components/RequiredFieldValidation

2020-05-29 02:34:17 - [TEST_STEP][PASSED] - enableSmartWait(): null

2020-05-29 02:34:17 - [TEST_STEP][PASSED] - NewInputNmField = modifyObjectProperty(findTestObject("Objects.HighlightElements/input_field"), "name", "equals", nameToBeUsed, true): Modify property of object successfully

2020-05-29 02:34:17 - [MESSAGE][PASSED] - Modify property of object successfully

2020-05-29 02:34:17 - [TEST_STEP][PASSED] - mouseOver(NewInputNmField): Object: 'Object Repository/Objects.HighlightElements/input_field' is hovered

2020-05-29 02:34:18 - [MESSAGE][PASSED] - Object: 'Object Repository/Objects.HighlightElements/input_field' is hovered

2020-05-29 02:34:18 - [TEST_STEP][PASSED] - getRqErrMsg = getAttribute(NewInputNmField, "data-errorqtip"): Attribute 'data-errorqtip' of object 'Object Repository/Objects.HighlightElements/input_field' is: '<ul class="x-list-plain"><li>This field is required</li></ul>'

2020-05-29 02:34:18 - [MESSAGE][PASSED] - Attribute 'data-errorqtip' of object 'Object Repository/Objects.HighlightElements/input_field' is: '<ul class="x-list-plain"><li>This field is required</li></ul>'

2020-05-29 02:34:18 - [TEST_STEP][PASSED] - strToolTip = getRqErrMsg.substring(29, 61): null

2020-05-29 02:34:18 - [TEST_STEP][PASSED] - toolTipReqErrMsg = strToolTip.substring(0, 22): null

2020-05-29 02:34:18 - [TEST_STEP][PASSED] - verifyMatch(toolTipReqErrMsg, RqField, true): Actual text 'This field is required' and expected text 'This field is required' are matched  using regular expression

2020-05-29 02:34:18 - [MESSAGE][PASSED] - Actual text 'This field is required' and expected text 'This field is required' are matched  using regular expression

2020-05-29 02:34:18 - [MESSAGE][PASSED] - Call Test Case 'Test Cases/PFI Precision and Scale/PFI Components/RequiredFieldValidation' successfully

2020-05-29 02:34:18 - [TEST_STEP][PASSED] - callTestCase(findTestCase("PFI Precision and Scale/PFI Components/RequiredFieldValidation"), ["nameToBeUsed":"d2aRecvDt"], STOP_ON_FAILURE): Call Test Case 'Test Cases/PFI Precision and Scale/PFI Components/RequiredFieldValidation' successfully

2020-05-29 02:34:18 - [TEST_CASE][PASSED] - Test Cases/PFI Precision and Scale/PFI Components/RequiredFieldValidation: Test Cases/PFI Precision and Scale/PFI Components/RequiredFieldValidation

2020-05-29 02:34:18 - [TEST_STEP][PASSED] - enableSmartWait(): null

2020-05-29 02:34:18 - [TEST_STEP][PASSED] - NewInputNmField = modifyObjectProperty(findTestObject("Objects.HighlightElements/input_field"), "name", "equals", nameToBeUsed, true): Modify property of object successfully

2020-05-29 02:34:18 - [MESSAGE][PASSED] - Modify property of object successfully

2020-05-29 02:34:18 - [TEST_STEP][PASSED] - mouseOver(NewInputNmField): Object: 'Object Repository/Objects.HighlightElements/input_field' is hovered

2020-05-29 02:34:19 - [MESSAGE][PASSED] - Object: 'Object Repository/Objects.HighlightElements/input_field' is hovered

2020-05-29 02:34:19 - [TEST_STEP][PASSED] - getRqErrMsg = getAttribute(NewInputNmField, "data-errorqtip"): Attribute 'data-errorqtip' of object 'Object Repository/Objects.HighlightElements/input_field' is: '<ul class="x-list-plain"><li>This field is required</li></ul>'

2020-05-29 02:34:19 - [MESSAGE][PASSED] - Attribute 'data-errorqtip' of object 'Object Repository/Objects.HighlightElements/input_field' is: '<ul class="x-list-plain"><li>This field is required</li></ul>'

2020-05-29 02:34:19 - [TEST_STEP][PASSED] - strToolTip = getRqErrMsg.substring(29, 61): null

2020-05-29 02:34:19 - [TEST_STEP][PASSED] - toolTipReqErrMsg = strToolTip.substring(0, 22): null

2020-05-29 02:34:19 - [TEST_STEP][PASSED] - verifyMatch(toolTipReqErrMsg, RqField, true): Actual text 'This field is required' and expected text 'This field is required' are matched  using regular expression

2020-05-29 02:34:19 - [MESSAGE][PASSED] - Actual text 'This field is required' and expected text 'This field is required' are matched  using regular expression

2020-05-29 02:34:19 - [MESSAGE][PASSED] - Call Test Case 'Test Cases/PFI Precision and Scale/PFI Components/RequiredFieldValidation' successfully

2020-05-29 02:34:19 - [TEST_STEP][PASSED] - callTestCase(findTestCase("PFI Precision and Scale/PFI Components/RequiredFieldValidation"), ["nameToBeUsed":"d2aComplDt"], STOP_ON_FAILURE): Call Test Case 'Test Cases/PFI Precision and Scale/PFI Components/RequiredFieldValidation' successfully

2020-05-29 02:34:19 - [TEST_CASE][PASSED] - Test Cases/PFI Precision and Scale/PFI Components/RequiredFieldValidation: Test Cases/PFI Precision and Scale/PFI Components/RequiredFieldValidation

2020-05-29 02:34:19 - [TEST_STEP][PASSED] - enableSmartWait(): null

2020-05-29 02:34:19 - [TEST_STEP][PASSED] - NewInputNmField = modifyObjectProperty(findTestObject("Objects.HighlightElements/input_field"), "name", "equals", nameToBeUsed, true): Modify property of object successfully

2020-05-29 02:34:19 - [MESSAGE][PASSED] - Modify property of object successfully

2020-05-29 02:34:19 - [TEST_STEP][PASSED] - mouseOver(NewInputNmField): Object: 'Object Repository/Objects.HighlightElements/input_field' is hovered

2020-05-29 02:34:20 - [MESSAGE][PASSED] - Object: 'Object Repository/Objects.HighlightElements/input_field' is hovered

2020-05-29 02:34:20 - [TEST_STEP][PASSED] - getRqErrMsg = getAttribute(NewInputNmField, "data-errorqtip"): Attribute 'data-errorqtip' of object 'Object Repository/Objects.HighlightElements/input_field' is: '<ul class="x-list-plain"><li>This field is required</li></ul>'

2020-05-29 02:34:20 - [MESSAGE][PASSED] - Attribute 'data-errorqtip' of object 'Object Repository/Objects.HighlightElements/input_field' is: '<ul class="x-list-plain"><li>This field is required</li></ul>'

2020-05-29 02:34:20 - [TEST_STEP][PASSED] - strToolTip = getRqErrMsg.substring(29, 61): null

2020-05-29 02:34:20 - [TEST_STEP][PASSED] - toolTipReqErrMsg = strToolTip.substring(0, 22): null

2020-05-29 02:34:20 - [TEST_STEP][PASSED] - verifyMatch(toolTipReqErrMsg, RqField, true): Actual text 'This field is required' and expected text 'This field is required' are matched  using regular expression

2020-05-29 02:34:20 - [MESSAGE][PASSED] - Actual text 'This field is required' and expected text 'This field is required' are matched  using regular expression

2020-05-29 02:34:20 - [MESSAGE][PASSED] - Call Test Case 'Test Cases/PFI Precision and Scale/PFI Components/RequiredFieldValidation' successfully

2020-05-29 02:34:20 - [TEST_STEP][PASSED] - callTestCase(findTestCase("PFI Precision and Scale/PFI Components/RequiredFieldValidation"), ["nameToBeUsed":"peRegNbr"], STOP_ON_FAILURE): Call Test Case 'Test Cases/PFI Precision and Scale/PFI Components/RequiredFieldValidation' successfully

2020-05-29 02:34:20 - [TEST_CASE][PASSED] - Test Cases/PFI Precision and Scale/PFI Components/RequiredFieldValidation: Test Cases/PFI Precision and Scale/PFI Components/RequiredFieldValidation

2020-05-29 02:34:20 - [TEST_STEP][PASSED] - enableSmartWait(): null

2020-05-29 02:34:20 - [TEST_STEP][PASSED] - NewInputNmField = modifyObjectProperty(findTestObject("Objects.HighlightElements/input_field"), "name", "equals", nameToBeUsed, true): Modify property of object successfully

2020-05-29 02:34:20 - [MESSAGE][PASSED] - Modify property of object successfully

2020-05-29 02:34:20 - [TEST_STEP][PASSED] - mouseOver(NewInputNmField): Object: 'Object Repository/Objects.HighlightElements/input_field' is hovered

2020-05-29 02:34:20 - [MESSAGE][PASSED] - Object: 'Object Repository/Objects.HighlightElements/input_field' is hovered

2020-05-29 02:34:20 - [TEST_STEP][PASSED] - getRqErrMsg = getAttribute(NewInputNmField, "data-errorqtip"): Attribute 'data-errorqtip' of object 'Object Repository/Objects.HighlightElements/input_field' is: '<ul class="x-list-plain"><li>This field is required</li></ul>'

2020-05-29 02:34:21 - [MESSAGE][PASSED] - Attribute 'data-errorqtip' of object 'Object Repository/Objects.HighlightElements/input_field' is: '<ul class="x-list-plain"><li>This field is required</li></ul>'

2020-05-29 02:34:21 - [TEST_STEP][PASSED] - strToolTip = getRqErrMsg.substring(29, 61): null

2020-05-29 02:34:21 - [TEST_STEP][PASSED] - toolTipReqErrMsg = strToolTip.substring(0, 22): null

2020-05-29 02:34:21 - [TEST_STEP][PASSED] - verifyMatch(toolTipReqErrMsg, RqField, true): Actual text 'This field is required' and expected text 'This field is required' are matched  using regular expression

2020-05-29 02:34:21 - [MESSAGE][PASSED] - Actual text 'This field is required' and expected text 'This field is required' are matched  using regular expression

2020-05-29 02:34:21 - [MESSAGE][PASSED] - Call Test Case 'Test Cases/PFI Precision and Scale/PFI Components/RequiredFieldValidation' successfully

2020-05-29 02:34:21 - [TEST_STEP][PASSED] - callTestCase(findTestCase("Components/HighlightLabelField"), ["LblName":"Inspection D2 Receive Date *:"], STOP_ON_FAILURE): Call Test Case 'Test Cases/Components/HighlightLabelField' successfully

2020-05-29 02:34:21 - [TEST_CASE][PASSED] - Test Cases/Components/HighlightLabelField: Test Cases/Components/HighlightLabelField

2020-05-29 02:34:21 - [TEST_STEP][PASSED] - Thread.sleep(1000): null

2020-05-29 02:34:22 - [TEST_STEP][PASSED] - modifiedLblNm = modifyObjectProperty(findTestObject("Objects.HighlightElements/lblField"), "text", "equals", LblName, true): Modify property of object successfully

2020-05-29 02:34:22 - [MESSAGE][PASSED] - Modify property of object successfully

2020-05-29 02:34:22 - [TEST_STEP][PASSED] - com.reusableComponents.HighlightElement.run(modifiedLblNm): com.reusableComponents.HighlightElement.run is PASSED

2020-05-29 02:34:23 - [MESSAGE][PASSED] - com.reusableComponents.HighlightElement.run is PASSED

2020-05-29 02:34:23 - [MESSAGE][PASSED] - Call Test Case 'Test Cases/Components/HighlightLabelField' successfully

2020-05-29 02:34:23 - [TEST_STEP][PASSED] - callTestCase(findTestCase("Components/HighlightInputField"), ["InputFldName":"d2RecvDt"], STOP_ON_FAILURE): Call Test Case 'Test Cases/Components/HighlightInputField' successfully

2020-05-29 02:34:23 - [TEST_CASE][PASSED] - Test Cases/Components/HighlightInputField: Test Cases/Components/HighlightInputField

2020-05-29 02:34:23 - [TEST_STEP][PASSED] - Thread.sleep(1000): null

2020-05-29 02:34:24 - [TEST_STEP][PASSED] - modifiedLblNm = modifyObjectProperty(findTestObject("Objects.HighlightElements/input_field"), "name", "equals", InputFldName, true): Modify property of object successfully

2020-05-29 02:34:24 - [MESSAGE][PASSED] - Modify property of object successfully

2020-05-29 02:34:24 - [TEST_STEP][PASSED] - com.reusableComponents.HighlightElement.run(modifiedLblNm): com.reusableComponents.HighlightElement.run is PASSED

2020-05-29 02:34:24 - [MESSAGE][PASSED] - com.reusableComponents.HighlightElement.run is PASSED

2020-05-29 02:34:24 - [MESSAGE][PASSED] - Call Test Case 'Test Cases/Components/HighlightInputField' successfully

2020-05-29 02:34:24 - [TEST_STEP][PASSED] - callTestCase(findTestCase("PFI Precision and Scale/PFI Components/NumericTextboxValidationII"), ["nameToBeUsed":"d2RecvDt", "minLen":5], STOP_ON_FAILURE): Call Test Case 'Test Cases/PFI Precision and Scale/PFI Components/NumericTextboxValidationII' successfully

2020-05-29 02:34:24 - [TEST_CASE][PASSED] - Test Cases/PFI Precision and Scale/PFI Components/NumericTextboxValidationII: Test Cases/PFI Precision and Scale/PFI Components/NumericTextboxValidationII

2020-05-29 02:34:24 - [TEST_STEP][PASSED] - Thread.sleep(1000): null

2020-05-29 02:34:25 - [TEST_STEP][PASSED] - Numeric = "0123456789": null

2020-05-29 02:34:25 - [TEST_STEP][PASSED] - AlphaSpecialChar = z) + "`~!@#$%^&*()=_{}|\][;'":,?><"".join(): null

2020-05-29 02:34:25 - [TEST_STEP][PASSED] - RandomNumeric = RandomStringUtils.random(minLen, Numeric.toCharArray()): null

2020-05-29 02:34:25 - [TEST_STEP][PASSED] - RandomString = RandomStringUtils.random(minLen, AlphaSpecialChar): null

2020-05-29 02:34:25 - [TEST_STEP][PASSED] - regexPat = Pattern.compile("^[0-9]+$"): null

2020-05-29 02:34:25 - [TEST_STEP][PASSED] - NewInputNmField = modifyObjectProperty(findTestObject("Objects.RemarksValidation/input_Remarks"), "name", "equals", nameToBeUsed, true): Modify property of object successfully

2020-05-29 02:34:26 - [MESSAGE][PASSED] - Modify property of object successfully

2020-05-29 02:34:26 - [TEST_STEP][PASSED] - focus(NewInputNmField): Object: 'Object Repository/Objects.RemarksValidation/input_Remarks' is focused

2020-05-29 02:34:26 - [MESSAGE][PASSED] - Object: 'Object Repository/Objects.RemarksValidation/input_Remarks' is focused

2020-05-29 02:34:26 - [TEST_STEP][PASSED] - setText(NewInputNmField, RandomString): Text 'VL]m;' is set on object 'Object Repository/Objects.RemarksValidation/input_Remarks'

2020-05-29 02:34:26 - [MESSAGE][PASSED] - Text 'VL]m;' is set on object 'Object Repository/Objects.RemarksValidation/input_Remarks'

2020-05-29 02:34:26 - [TEST_STEP][PASSED] - GetInputVal = getAttribute(NewInputNmField, "value"): Attribute 'value' of object 'Object Repository/Objects.RemarksValidation/input_Remarks' is: ''

2020-05-29 02:34:26 - [MESSAGE][PASSED] - Attribute 'value' of object 'Object Repository/Objects.RemarksValidation/input_Remarks' is: ''

2020-05-29 02:34:26 - [TEST_STEP][PASSED] - if (GetInputVal.contains("e")): null

2020-05-29 02:34:26 - [TEST_STEP][PASSED] - else: Actual text '' and expected text '' are matched  using regular expression

2020-05-29 02:34:26 - [TEST_STEP][PASSED] - verifyMatch(GetInputVal, "", true): Actual text '' and expected text '' are matched  using regular expression

2020-05-29 02:34:26 - [MESSAGE][PASSED] - Actual text '' and expected text '' are matched  using regular expression

2020-05-29 02:34:26 - [TEST_STEP][PASSED] - setText(NewInputNmField, RandomNumeric): Text '85012' is set on object 'Object Repository/Objects.RemarksValidation/input_Remarks'

2020-05-29 02:34:27 - [MESSAGE][PASSED] - Text '85012' is set on object 'Object Repository/Objects.RemarksValidation/input_Remarks'

2020-05-29 02:34:27 - [TEST_STEP][PASSED] - GetEnteredIntegers = getAttribute(NewInputNmField, "value"): Attribute 'value' of object 'Object Repository/Objects.RemarksValidation/input_Remarks' is: '85012'

2020-05-29 02:34:27 - [MESSAGE][PASSED] - Attribute 'value' of object 'Object Repository/Objects.RemarksValidation/input_Remarks' is: '85012'

2020-05-29 02:34:27 - [TEST_STEP][PASSED] - matchStr = regexPat.matcher(GetEnteredIntegers): null

2020-05-29 02:34:27 - [TEST_STEP][PASSED] - if (matchStr.matches() == true): Accepting Numeric

2020-05-29 02:34:27 - [TEST_STEP][PASSED] - comment("Accepting Numeric"): Accepting Numeric

2020-05-29 02:34:27 - [MESSAGE][INFO] - Accepting Numeric

2020-05-29 02:34:27 - [MESSAGE][PASSED] - Call Test Case 'Test Cases/PFI Precision and Scale/PFI Components/NumericTextboxValidationII' successfully

2020-05-29 02:34:27 - [TEST_STEP][PASSED] - callTestCase(findTestCase("PFI Precision and Scale/PFI Components/InvalidDateErrorValidation"), ["FldNm":"d2RecvDt"], STOP_ON_FAILURE): Call Test Case 'Test Cases/PFI Precision and Scale/PFI Components/InvalidDateErrorValidation' successfully

2020-05-29 02:34:27 - [TEST_CASE][PASSED] - Test Cases/PFI Precision and Scale/PFI Components/InvalidDateErrorValidation: Test Cases/PFI Precision and Scale/PFI Components/InvalidDateErrorValidation

2020-05-29 02:34:27 - [TEST_STEP][PASSED] - Thread.sleep(1000): null

2020-05-29 02:34:28 - [TEST_STEP][PASSED] - DateFieldNm = modifyObjectProperty(findTestObject("Object Repository/Objects.DateValidation/Page_ISPS2/input__orderDt"), "name", "equals", FldNm, true): Modify property of object successfully

2020-05-29 02:34:28 - [MESSAGE][PASSED] - Modify property of object successfully

2020-05-29 02:34:28 - [TEST_STEP][PASSED] - focus(DateFieldNm): Object: 'Object Repository/Objects.DateValidation/Page_ISPS2/input__orderDt' is focused

2020-05-29 02:34:29 - [MESSAGE][PASSED] - Object: 'Object Repository/Objects.DateValidation/Page_ISPS2/input__orderDt' is focused

2020-05-29 02:34:29 - [TEST_STEP][PASSED] - getInputInvalidDate = getAttribute(DateFieldNm, "value"): Attribute 'value' of object 'Object Repository/Objects.DateValidation/Page_ISPS2/input__orderDt' is: '85012'

2020-05-29 02:34:29 - [MESSAGE][PASSED] - Attribute 'value' of object 'Object Repository/Objects.DateValidation/Page_ISPS2/input__orderDt' is: '85012'

2020-05-29 02:34:29 - [TEST_STEP][PASSED] - mouseOver(DateFieldNm): Object: 'Object Repository/Objects.DateValidation/Page_ISPS2/input__orderDt' is hovered

2020-05-29 02:34:29 - [MESSAGE][PASSED] - Object: 'Object Repository/Objects.DateValidation/Page_ISPS2/input__orderDt' is hovered

2020-05-29 02:34:29 - [TEST_STEP][PASSED] - getErrMsg = getAttribute(DateFieldNm, "data-errorqtip"): Attribute 'data-errorqtip' of object 'Object Repository/Objects.DateValidation/Page_ISPS2/input__orderDt' is: '<ul class="x-list-plain"><li>85012 is not a valid date - it must be in the format d/m/Y</li></ul>'

2020-05-29 02:34:30 - [MESSAGE][PASSED] - Attribute 'data-errorqtip' of object 'Object Repository/Objects.DateValidation/Page_ISPS2/input__orderDt' is: '<ul class="x-list-plain"><li>85012 is not a valid date - it must be in the format d/m/Y</li></ul>'

2020-05-29 02:34:30 - [TEST_STEP][PASSED] - getTotalLength = getErrMsg.length(): null

2020-05-29 02:34:30 - [TEST_STEP][PASSED] - RemoveULClass = getErrMsg.substring(29, getTotalLength): null

2020-05-29 02:34:30 - [TEST_STEP][PASSED] - LengthNoUlClass = RemoveULClass.length() - 10: null

2020-05-29 02:34:30 - [TEST_STEP][PASSED] - ToolTipInvErrMsg = RemoveULClass.substring(0, LengthNoUlClass): null

2020-05-29 02:34:30 - [TEST_STEP][PASSED] - ExpectedInvalidErrMsg = concatenate(getInputInvalidDate, " ", NotValidDt): Concatenated string array: '['85012',' ','is not a valid date - it must be in the format d/m/Y']' into '85012 is not a valid date - it must be in the format d/m/Y'

2020-05-29 02:34:30 - [MESSAGE][PASSED] - Concatenated string array: '['85012',' ','is not a valid date - it must be in the format d/m/Y']' into '85012 is not a valid date - it must be in the format d/m/Y'

2020-05-29 02:34:30 - [TEST_STEP][PASSED] - verifyMatch(ToolTipInvErrMsg, ExpectedInvalidErrMsg, true): Actual text '85012 is not a valid date - it must be in the format d/m/Y' and expected text '85012 is not a valid date - it must be in the format d/m/Y' are matched  using regular expression

2020-05-29 02:34:30 - [MESSAGE][PASSED] - Actual text '85012 is not a valid date - it must be in the format d/m/Y' and expected text '85012 is not a valid date - it must be in the format d/m/Y' are matched  using regular expression

2020-05-29 02:34:30 - [MESSAGE][PASSED] - Call Test Case 'Test Cases/PFI Precision and Scale/PFI Components/InvalidDateErrorValidation' successfully

2020-05-29 02:34:30 - [TEST_STEP][PASSED] - callTestCase(findTestCase("PFI Precision and Scale/PFI Components with Indexing/SelectDayInDatePickerWithIndex"), ["FldNm":"d2RecvDt", "SelectCurrentDay":"11", "index":1], STOP_ON_FAILURE): Call Test Case 'Test Cases/PFI Precision and Scale/PFI Components with Indexing/SelectDayInDatePickerWithIndex' successfully

2020-05-29 02:34:30 - [TEST_CASE][PASSED] - Test Cases/PFI Precision and Scale/PFI Components with Indexing/SelectDayInDatePickerWithIndex: Test Cases/PFI Precision and Scale/PFI Components with Indexing/SelectDayInDatePickerWithIndex

2020-05-29 02:34:30 - [TEST_STEP][PASSED] - Thread.sleep(1000): null

2020-05-29 02:34:31 - [TEST_STEP][PASSED] - DateFieldNm = modifyObjectProperty(findTestObject("Objects.HighlightElements/input_field"), "name", "equals", FldNm, true): Modify property of object successfully

2020-05-29 02:34:31 - [MESSAGE][PASSED] - Modify property of object successfully

2020-05-29 02:34:31 - [TEST_STEP][PASSED] - ModifyDay = modifyObjectProperty(findTestObject("Objects.DateValidation/Page_ISPS2/Select_Day_Index"), "xpath", "equals", "(//*[contains(@class, 'x-datepicker-date') and (text() = '" + SelectCurrentDay + "')])[" + index + "]", true): Modify property of object successfully

2020-05-29 02:34:31 - [MESSAGE][PASSED] - Modify property of object successfully

2020-05-29 02:34:31 - [TEST_STEP][PASSED] - sendKeys(DateFieldNm, Keys.chord(ARROW_DOWN)): Keys 'DOWN + ' sent to object: 'Object Repository/Objects.HighlightElements/input_field'

2020-05-29 02:34:31 - [MESSAGE][PASSED] - Keys 'DOWN + ' sent to object: 'Object Repository/Objects.HighlightElements/input_field'

2020-05-29 02:34:31 - [TEST_STEP][PASSED] - com.reusableComponents.HighlightElement.run(ModifyDay): com.reusableComponents.HighlightElement.run is PASSED

2020-05-29 02:34:32 - [MESSAGE][PASSED] - com.reusableComponents.HighlightElement.run is PASSED

2020-05-29 02:34:32 - [TEST_STEP][PASSED] - delay(1): Delayed 1 second(s)

2020-05-29 02:34:33 - [MESSAGE][PASSED] - Delayed 1 second(s)

2020-05-29 02:34:33 - [TEST_STEP][PASSED] - click(ModifyDay): Object: 'Object Repository/Objects.DateValidation/Page_ISPS2/Select_Day_Index' is clicked on

2020-05-29 02:34:33 - [MESSAGE][PASSED] - Object: 'Object Repository/Objects.DateValidation/Page_ISPS2/Select_Day_Index' is clicked on

2020-05-29 02:34:33 - [MESSAGE][PASSED] - Call Test Case 'Test Cases/PFI Precision and Scale/PFI Components with Indexing/SelectDayInDatePickerWithIndex' successfully

2020-05-29 02:34:33 - [TEST_STEP][PASSED] - callTestCase(findTestCase("PFI Precision and Scale/PFI Components/SelectTodayInDatePicker"), ["FldNm":"d2RecvDt", "index":"1"], STOP_ON_FAILURE): Call Test Case 'Test Cases/PFI Precision and Scale/PFI Components/SelectTodayInDatePicker' successfully

2020-05-29 02:34:33 - [TEST_CASE][PASSED] - Test Cases/PFI Precision and Scale/PFI Components/SelectTodayInDatePicker: Test Cases/PFI Precision and Scale/PFI Components/SelectTodayInDatePicker

2020-05-29 02:34:33 - [TEST_STEP][PASSED] - Thread.sleep(1000): null

2020-05-29 02:34:34 - [TEST_STEP][PASSED] - DateFieldNm = modifyObjectProperty(findTestObject("Object Repository/Objects.DateValidation/Page_ISPS2/input__orderDt"), "name", "equals", FldNm, true): Modify property of object successfully

2020-05-29 02:34:34 - [MESSAGE][PASSED] - Modify property of object successfully

2020-05-29 02:34:34 - [TEST_STEP][PASSED] - TodayBtn = modifyObjectProperty(findTestObject("Object Repository/Objects.DateValidation/Page_ISPS2/a_Today"), "xpath", "equals", "(//*[text() = 'Today'])[" + index + "]", true): Modify property of object successfully

2020-05-29 02:34:34 - [MESSAGE][PASSED] - Modify property of object successfully

2020-05-29 02:34:34 - [TEST_STEP][PASSED] - sendKeys(DateFieldNm, Keys.chord(ARROW_DOWN)): Keys 'DOWN + ' sent to object: 'Object Repository/Objects.DateValidation/Page_ISPS2/input__orderDt'

2020-05-29 02:34:34 - [MESSAGE][PASSED] - Keys 'DOWN + ' sent to object: 'Object Repository/Objects.DateValidation/Page_ISPS2/input__orderDt'

2020-05-29 02:34:34 - [TEST_STEP][PASSED] - com.reusableComponents.HighlightElement.run(TodayBtn): com.reusableComponents.HighlightElement.run is PASSED

2020-05-29 02:34:35 - [MESSAGE][PASSED] - com.reusableComponents.HighlightElement.run is PASSED

2020-05-29 02:34:35 - [TEST_STEP][PASSED] - click(TodayBtn): Object: 'Object Repository/Objects.DateValidation/Page_ISPS2/a_Today' is clicked on

2020-05-29 02:34:36 - [MESSAGE][PASSED] - Object: 'Object Repository/Objects.DateValidation/Page_ISPS2/a_Today' is clicked on

2020-05-29 02:34:36 - [MESSAGE][PASSED] - Call Test Case 'Test Cases/PFI Precision and Scale/PFI Components/SelectTodayInDatePicker' successfully

2020-05-29 02:34:36 - [TEST_STEP][PASSED] - callTestCase(findTestCase("Components/HighlightLabelField"), ["LblName":"Inspection D2 Compliance Date *:"], STOP_ON_FAILURE): Call Test Case 'Test Cases/Components/HighlightLabelField' successfully

2020-05-29 02:34:36 - [TEST_CASE][PASSED] - Test Cases/Components/HighlightLabelField: Test Cases/Components/HighlightLabelField

2020-05-29 02:34:36 - [TEST_STEP][PASSED] - Thread.sleep(1000): null

2020-05-29 02:34:37 - [TEST_STEP][PASSED] - modifiedLblNm = modifyObjectProperty(findTestObject("Objects.HighlightElements/lblField"), "text", "equals", LblName, true): Modify property of object successfully

2020-05-29 02:34:37 - [MESSAGE][PASSED] - Modify property of object successfully

2020-05-29 02:34:37 - [TEST_STEP][PASSED] - com.reusableComponents.HighlightElement.run(modifiedLblNm): com.reusableComponents.HighlightElement.run is PASSED

2020-05-29 02:34:37 - [MESSAGE][PASSED] - com.reusableComponents.HighlightElement.run is PASSED

2020-05-29 02:34:37 - [MESSAGE][PASSED] - Call Test Case 'Test Cases/Components/HighlightLabelField' successfully

2020-05-29 02:34:37 - [TEST_STEP][PASSED] - callTestCase(findTestCase("Components/HighlightInputField"), ["InputFldName":"d2ComplDt"], STOP_ON_FAILURE): Call Test Case 'Test Cases/Components/HighlightInputField' successfully

2020-05-29 02:34:37 - [TEST_CASE][PASSED] - Test Cases/Components/HighlightInputField: Test Cases/Components/HighlightInputField

2020-05-29 02:34:37 - [TEST_STEP][PASSED] - Thread.sleep(1000): null

2020-05-29 02:34:38 - [TEST_STEP][PASSED] - modifiedLblNm = modifyObjectProperty(findTestObject("Objects.HighlightElements/input_field"), "name", "equals", InputFldName, true): Modify property of object successfully

2020-05-29 02:34:38 - [MESSAGE][PASSED] - Modify property of object successfully

2020-05-29 02:34:38 - [TEST_STEP][PASSED] - com.reusableComponents.HighlightElement.run(modifiedLblNm): com.reusableComponents.HighlightElement.run is PASSED

2020-05-29 02:34:39 - [MESSAGE][PASSED] - com.reusableComponents.HighlightElement.run is PASSED

2020-05-29 02:34:39 - [MESSAGE][PASSED] - Call Test Case 'Test Cases/Components/HighlightInputField' successfully

2020-05-29 02:34:39 - [TEST_STEP][PASSED] - callTestCase(findTestCase("PFI Precision and Scale/PFI Components/NumericTextboxValidationII"), ["nameToBeUsed":"d2ComplDt", "minLen":6], STOP_ON_FAILURE): Call Test Case 'Test Cases/PFI Precision and Scale/PFI Components/NumericTextboxValidationII' successfully

2020-05-29 02:34:39 - [TEST_CASE][PASSED] - Test Cases/PFI Precision and Scale/PFI Components/NumericTextboxValidationII: Test Cases/PFI Precision and Scale/PFI Components/NumericTextboxValidationII

2020-05-29 02:34:39 - [TEST_STEP][PASSED] - Thread.sleep(1000): null

2020-05-29 02:34:40 - [TEST_STEP][PASSED] - Numeric = "0123456789": null

2020-05-29 02:34:40 - [TEST_STEP][PASSED] - AlphaSpecialChar = z) + "`~!@#$%^&*()=_{}|\][;'":,?><"".join(): null

2020-05-29 02:34:40 - [TEST_STEP][PASSED] - RandomNumeric = RandomStringUtils.random(minLen, Numeric.toCharArray()): null

2020-05-29 02:34:40 - [TEST_STEP][PASSED] - RandomString = RandomStringUtils.random(minLen, AlphaSpecialChar): null

2020-05-29 02:34:40 - [TEST_STEP][PASSED] - regexPat = Pattern.compile("^[0-9]+$"): null

2020-05-29 02:34:40 - [TEST_STEP][PASSED] - NewInputNmField = modifyObjectProperty(findTestObject("Objects.RemarksValidation/input_Remarks"), "name", "equals", nameToBeUsed, true): Modify property of object successfully

2020-05-29 02:34:40 - [MESSAGE][PASSED] - Modify property of object successfully

2020-05-29 02:34:40 - [TEST_STEP][PASSED] - focus(NewInputNmField): Object: 'Object Repository/Objects.RemarksValidation/input_Remarks' is focused

2020-05-29 02:34:40 - [MESSAGE][PASSED] - Object: 'Object Repository/Objects.RemarksValidation/input_Remarks' is focused

2020-05-29 02:34:40 - [TEST_STEP][PASSED] - setText(NewInputNmField, RandomString): Text '_}x%[D' is set on object 'Object Repository/Objects.RemarksValidation/input_Remarks'

2020-05-29 02:34:41 - [MESSAGE][PASSED] - Text '_}x%[D' is set on object 'Object Repository/Objects.RemarksValidation/input_Remarks'

2020-05-29 02:34:41 - [TEST_STEP][PASSED] - GetInputVal = getAttribute(NewInputNmField, "value"): Attribute 'value' of object 'Object Repository/Objects.RemarksValidation/input_Remarks' is: ''

2020-05-29 02:34:41 - [MESSAGE][PASSED] - Attribute 'value' of object 'Object Repository/Objects.RemarksValidation/input_Remarks' is: ''

2020-05-29 02:34:41 - [TEST_STEP][PASSED] - if (GetInputVal.contains("e")): null

2020-05-29 02:34:41 - [TEST_STEP][PASSED] - else: Actual text '' and expected text '' are matched  using regular expression

2020-05-29 02:34:41 - [TEST_STEP][PASSED] - verifyMatch(GetInputVal, "", true): Actual text '' and expected text '' are matched  using regular expression

2020-05-29 02:34:41 - [MESSAGE][PASSED] - Actual text '' and expected text '' are matched  using regular expression

2020-05-29 02:34:41 - [TEST_STEP][PASSED] - setText(NewInputNmField, RandomNumeric): Text '524326' is set on object 'Object Repository/Objects.RemarksValidation/input_Remarks'

2020-05-29 02:34:41 - [MESSAGE][PASSED] - Text '524326' is set on object 'Object Repository/Objects.RemarksValidation/input_Remarks'

2020-05-29 02:34:41 - [TEST_STEP][PASSED] - GetEnteredIntegers = getAttribute(NewInputNmField, "value"): Attribute 'value' of object 'Object Repository/Objects.RemarksValidation/input_Remarks' is: '524326'

2020-05-29 02:34:42 - [MESSAGE][PASSED] - Attribute 'value' of object 'Object Repository/Objects.RemarksValidation/input_Remarks' is: '524326'

2020-05-29 02:34:42 - [TEST_STEP][PASSED] - matchStr = regexPat.matcher(GetEnteredIntegers): null

2020-05-29 02:34:42 - [TEST_STEP][PASSED] - if (matchStr.matches() == true): Accepting Numeric

2020-05-29 02:34:42 - [TEST_STEP][PASSED] - comment("Accepting Numeric"): Accepting Numeric

2020-05-29 02:34:42 - [MESSAGE][INFO] - Accepting Numeric

2020-05-29 02:34:42 - [MESSAGE][PASSED] - Call Test Case 'Test Cases/PFI Precision and Scale/PFI Components/NumericTextboxValidationII' successfully

2020-05-29 02:34:42 - [TEST_STEP][PASSED] - callTestCase(findTestCase("PFI Precision and Scale/PFI Components/InvalidDateErrorValidation"), ["FldNm":"d2ComplDt"], STOP_ON_FAILURE): Call Test Case 'Test Cases/PFI Precision and Scale/PFI Components/InvalidDateErrorValidation' successfully

2020-05-29 02:34:42 - [TEST_CASE][PASSED] - Test Cases/PFI Precision and Scale/PFI Components/InvalidDateErrorValidation: Test Cases/PFI Precision and Scale/PFI Components/InvalidDateErrorValidation

2020-05-29 02:34:42 - [TEST_STEP][PASSED] - Thread.sleep(1000): null

2020-05-29 02:34:43 - [TEST_STEP][PASSED] - DateFieldNm = modifyObjectProperty(findTestObject("Object Repository/Objects.DateValidation/Page_ISPS2/input__orderDt"), "name", "equals", FldNm, true): Modify property of object successfully

2020-05-29 02:34:43 - [MESSAGE][PASSED] - Modify property of object successfully

2020-05-29 02:34:43 - [TEST_STEP][PASSED] - focus(DateFieldNm): Object: 'Object Repository/Objects.DateValidation/Page_ISPS2/input__orderDt' is focused

2020-05-29 02:34:43 - [MESSAGE][PASSED] - Object: 'Object Repository/Objects.DateValidation/Page_ISPS2/input__orderDt' is focused

2020-05-29 02:34:43 - [TEST_STEP][PASSED] - getInputInvalidDate = getAttribute(DateFieldNm, "value"): Attribute 'value' of object 'Object Repository/Objects.DateValidation/Page_ISPS2/input__orderDt' is: '524326'

2020-05-29 02:34:43 - [MESSAGE][PASSED] - Attribute 'value' of object 'Object Repository/Objects.DateValidation/Page_ISPS2/input__orderDt' is: '524326'

2020-05-29 02:34:43 - [TEST_STEP][PASSED] - mouseOver(DateFieldNm): Object: 'Object Repository/Objects.DateValidation/Page_ISPS2/input__orderDt' is hovered

2020-05-29 02:34:44 - [MESSAGE][PASSED] - Object: 'Object Repository/Objects.DateValidation/Page_ISPS2/input__orderDt' is hovered

2020-05-29 02:34:44 - [TEST_STEP][PASSED] - getErrMsg = getAttribute(DateFieldNm, "data-errorqtip"): Attribute 'data-errorqtip' of object 'Object Repository/Objects.DateValidation/Page_ISPS2/input__orderDt' is: '<ul class="x-list-plain"><li>524326 is not a valid date - it must be in the format d/m/Y</li></ul>'

2020-05-29 02:34:44 - [MESSAGE][PASSED] - Attribute 'data-errorqtip' of object 'Object Repository/Objects.DateValidation/Page_ISPS2/input__orderDt' is: '<ul class="x-list-plain"><li>524326 is not a valid date - it must be in the format d/m/Y</li></ul>'

2020-05-29 02:34:44 - [TEST_STEP][PASSED] - getTotalLength = getErrMsg.length(): null

2020-05-29 02:34:44 - [TEST_STEP][PASSED] - RemoveULClass = getErrMsg.substring(29, getTotalLength): null

2020-05-29 02:34:44 - [TEST_STEP][PASSED] - LengthNoUlClass = RemoveULClass.length() - 10: null

2020-05-29 02:34:44 - [TEST_STEP][PASSED] - ToolTipInvErrMsg = RemoveULClass.substring(0, LengthNoUlClass): null

2020-05-29 02:34:44 - [TEST_STEP][PASSED] - ExpectedInvalidErrMsg = concatenate(getInputInvalidDate, " ", NotValidDt): Concatenated string array: '['524326',' ','is not a valid date - it must be in the format d/m/Y']' into '524326 is not a valid date - it must be in the format d/m/Y'

2020-05-29 02:34:44 - [MESSAGE][PASSED] - Concatenated string array: '['524326',' ','is not a valid date - it must be in the format d/m/Y']' into '524326 is not a valid date - it must be in the format d/m/Y'

2020-05-29 02:34:44 - [TEST_STEP][PASSED] - verifyMatch(ToolTipInvErrMsg, ExpectedInvalidErrMsg, true): Actual text '524326 is not a valid date - it must be in the format d/m/Y' and expected text '524326 is not a valid date - it must be in the format d/m/Y' are matched  using regular expression

2020-05-29 02:34:44 - [MESSAGE][PASSED] - Actual text '524326 is not a valid date - it must be in the format d/m/Y' and expected text '524326 is not a valid date - it must be in the format d/m/Y' are matched  using regular expression

2020-05-29 02:34:44 - [MESSAGE][PASSED] - Call Test Case 'Test Cases/PFI Precision and Scale/PFI Components/InvalidDateErrorValidation' successfully

2020-05-29 02:34:44 - [TEST_STEP][PASSED] - callTestCase(findTestCase("PFI Precision and Scale/PFI Components with Indexing/SelectDayInDatePickerWithIndex"), ["FldNm":"d2ComplDt", "SelectCurrentDay":"15", "index":2], STOP_ON_FAILURE): Call Test Case 'Test Cases/PFI Precision and Scale/PFI Components with Indexing/SelectDayInDatePickerWithIndex' successfully

2020-05-29 02:34:44 - [TEST_CASE][PASSED] - Test Cases/PFI Precision and Scale/PFI Components with Indexing/SelectDayInDatePickerWithIndex: Test Cases/PFI Precision and Scale/PFI Components with Indexing/SelectDayInDatePickerWithIndex

2020-05-29 02:34:44 - [TEST_STEP][PASSED] - Thread.sleep(1000): null

2020-05-29 02:34:45 - [TEST_STEP][PASSED] - DateFieldNm = modifyObjectProperty(findTestObject("Objects.HighlightElements/input_field"), "name", "equals", FldNm, true): Modify property of object successfully

2020-05-29 02:34:45 - [MESSAGE][PASSED] - Modify property of object successfully

2020-05-29 02:34:45 - [TEST_STEP][PASSED] - ModifyDay = modifyObjectProperty(findTestObject("Objects.DateValidation/Page_ISPS2/Select_Day_Index"), "xpath", "equals", "(//*[contains(@class, 'x-datepicker-date') and (text() = '" + SelectCurrentDay + "')])[" + index + "]", true): Modify property of object successfully

2020-05-29 02:34:45 - [MESSAGE][PASSED] - Modify property of object successfully

2020-05-29 02:34:45 - [TEST_STEP][PASSED] - sendKeys(DateFieldNm, Keys.chord(ARROW_DOWN)): Keys 'DOWN + ' sent to object: 'Object Repository/Objects.HighlightElements/input_field'

2020-05-29 02:34:46 - [MESSAGE][PASSED] - Keys 'DOWN + ' sent to object: 'Object Repository/Objects.HighlightElements/input_field'

2020-05-29 02:34:46 - [TEST_STEP][PASSED] - com.reusableComponents.HighlightElement.run(ModifyDay): com.reusableComponents.HighlightElement.run is PASSED

2020-05-29 02:34:46 - [MESSAGE][PASSED] - com.reusableComponents.HighlightElement.run is PASSED

2020-05-29 02:34:46 - [TEST_STEP][PASSED] - delay(1): Delayed 1 second(s)

2020-05-29 02:34:47 - [MESSAGE][PASSED] - Delayed 1 second(s)

2020-05-29 02:34:47 - [TEST_STEP][PASSED] - click(ModifyDay): Object: 'Object Repository/Objects.DateValidation/Page_ISPS2/Select_Day_Index' is clicked on

2020-05-29 02:34:48 - [MESSAGE][PASSED] - Object: 'Object Repository/Objects.DateValidation/Page_ISPS2/Select_Day_Index' is clicked on

2020-05-29 02:34:48 - [MESSAGE][PASSED] - Call Test Case 'Test Cases/PFI Precision and Scale/PFI Components with Indexing/SelectDayInDatePickerWithIndex' successfully

2020-05-29 02:34:48 - [TEST_STEP][PASSED] - callTestCase(findTestCase("PFI Precision and Scale/PFI Components/SelectTodayInDatePicker"), ["FldNm":"d2ComplDt", "index":"2"], STOP_ON_FAILURE): Call Test Case 'Test Cases/PFI Precision and Scale/PFI Components/SelectTodayInDatePicker' successfully

2020-05-29 02:34:48 - [TEST_CASE][PASSED] - Test Cases/PFI Precision and Scale/PFI Components/SelectTodayInDatePicker: Test Cases/PFI Precision and Scale/PFI Components/SelectTodayInDatePicker

2020-05-29 02:34:48 - [TEST_STEP][PASSED] - Thread.sleep(1000): null

2020-05-29 02:34:49 - [TEST_STEP][PASSED] - DateFieldNm = modifyObjectProperty(findTestObject("Object Repository/Objects.DateValidation/Page_ISPS2/input__orderDt"), "name", "equals", FldNm, true): Modify property of object successfully

2020-05-29 02:34:49 - [MESSAGE][PASSED] - Modify property of object successfully

2020-05-29 02:34:49 - [TEST_STEP][PASSED] - TodayBtn = modifyObjectProperty(findTestObject("Object Repository/Objects.DateValidation/Page_ISPS2/a_Today"), "xpath", "equals", "(//*[text() = 'Today'])[" + index + "]", true): Modify property of object successfully

2020-05-29 02:34:49 - [MESSAGE][PASSED] - Modify property of object successfully

2020-05-29 02:34:49 - [TEST_STEP][PASSED] - sendKeys(DateFieldNm, Keys.chord(ARROW_DOWN)): Keys 'DOWN + ' sent to object: 'Object Repository/Objects.DateValidation/Page_ISPS2/input__orderDt'

2020-05-29 02:34:49 - [MESSAGE][PASSED] - Keys 'DOWN + ' sent to object: 'Object Repository/Objects.DateValidation/Page_ISPS2/input__orderDt'

2020-05-29 02:34:49 - [TEST_STEP][PASSED] - com.reusableComponents.HighlightElement.run(TodayBtn): com.reusableComponents.HighlightElement.run is PASSED

2020-05-29 02:34:50 - [MESSAGE][PASSED] - com.reusableComponents.HighlightElement.run is PASSED

2020-05-29 02:34:50 - [TEST_STEP][PASSED] - click(TodayBtn): Object: 'Object Repository/Objects.DateValidation/Page_ISPS2/a_Today' is clicked on

2020-05-29 02:34:50 - [MESSAGE][PASSED] - Object: 'Object Repository/Objects.DateValidation/Page_ISPS2/a_Today' is clicked on

2020-05-29 02:34:50 - [MESSAGE][PASSED] - Call Test Case 'Test Cases/PFI Precision and Scale/PFI Components/SelectTodayInDatePicker' successfully

2020-05-29 02:34:50 - [TEST_STEP][PASSED] - callTestCase(findTestCase("Components/HighlightLabelField"), ["LblName":"Inspection D2a Receive Date *:"], STOP_ON_FAILURE): Call Test Case 'Test Cases/Components/HighlightLabelField' successfully

2020-05-29 02:34:50 - [TEST_CASE][PASSED] - Test Cases/Components/HighlightLabelField: Test Cases/Components/HighlightLabelField

2020-05-29 02:34:50 - [TEST_STEP][PASSED] - Thread.sleep(1000): null

2020-05-29 02:34:51 - [TEST_STEP][PASSED] - modifiedLblNm = modifyObjectProperty(findTestObject("Objects.HighlightElements/lblField"), "text", "equals", LblName, true): Modify property of object successfully

2020-05-29 02:34:51 - [MESSAGE][PASSED] - Modify property of object successfully

2020-05-29 02:34:51 - [TEST_STEP][PASSED] - com.reusableComponents.HighlightElement.run(modifiedLblNm): com.reusableComponents.HighlightElement.run is PASSED

2020-05-29 02:34:52 - [MESSAGE][PASSED] - com.reusableComponents.HighlightElement.run is PASSED

2020-05-29 02:34:52 - [MESSAGE][PASSED] - Call Test Case 'Test Cases/Components/HighlightLabelField' successfully

2020-05-29 02:34:52 - [TEST_STEP][PASSED] - callTestCase(findTestCase("Components/HighlightInputField"), ["InputFldName":"d2aRecvDt"], STOP_ON_FAILURE): Call Test Case 'Test Cases/Components/HighlightInputField' successfully

2020-05-29 02:34:52 - [TEST_CASE][PASSED] - Test Cases/Components/HighlightInputField: Test Cases/Components/HighlightInputField

2020-05-29 02:34:52 - [TEST_STEP][PASSED] - Thread.sleep(1000): null

2020-05-29 02:34:53 - [TEST_STEP][PASSED] - modifiedLblNm = modifyObjectProperty(findTestObject("Objects.HighlightElements/input_field"), "name", "equals", InputFldName, true): Modify property of object successfully

2020-05-29 02:34:53 - [MESSAGE][PASSED] - Modify property of object successfully

2020-05-29 02:34:53 - [TEST_STEP][PASSED] - com.reusableComponents.HighlightElement.run(modifiedLblNm): com.reusableComponents.HighlightElement.run is PASSED

2020-05-29 02:34:54 - [MESSAGE][PASSED] - com.reusableComponents.HighlightElement.run is PASSED

2020-05-29 02:34:54 - [MESSAGE][PASSED] - Call Test Case 'Test Cases/Components/HighlightInputField' successfully

2020-05-29 02:34:54 - [TEST_STEP][PASSED] - callTestCase(findTestCase("PFI Precision and Scale/PFI Components/NumericTextboxValidationII"), ["nameToBeUsed":"d2aRecvDt", "minLen":8], STOP_ON_FAILURE): Call Test Case 'Test Cases/PFI Precision and Scale/PFI Components/NumericTextboxValidationII' successfully

2020-05-29 02:34:54 - [TEST_CASE][PASSED] - Test Cases/PFI Precision and Scale/PFI Components/NumericTextboxValidationII: Test Cases/PFI Precision and Scale/PFI Components/NumericTextboxValidationII

2020-05-29 02:34:54 - [TEST_STEP][PASSED] - Thread.sleep(1000): null

2020-05-29 02:34:55 - [TEST_STEP][PASSED] - Numeric = "0123456789": null

2020-05-29 02:34:55 - [TEST_STEP][PASSED] - AlphaSpecialChar = z) + "`~!@#$%^&*()=_{}|\][;'":,?><"".join(): null

2020-05-29 02:34:55 - [TEST_STEP][PASSED] - RandomNumeric = RandomStringUtils.random(minLen, Numeric.toCharArray()): null

2020-05-29 02:34:55 - [TEST_STEP][PASSED] - RandomString = RandomStringUtils.random(minLen, AlphaSpecialChar): null

2020-05-29 02:34:55 - [TEST_STEP][PASSED] - regexPat = Pattern.compile("^[0-9]+$"): null

2020-05-29 02:34:55 - [TEST_STEP][PASSED] - NewInputNmField = modifyObjectProperty(findTestObject("Objects.RemarksValidation/input_Remarks"), "name", "equals", nameToBeUsed, true): Modify property of object successfully

2020-05-29 02:34:55 - [MESSAGE][PASSED] - Modify property of object successfully

2020-05-29 02:34:55 - [TEST_STEP][PASSED] - focus(NewInputNmField): Object: 'Object Repository/Objects.RemarksValidation/input_Remarks' is focused

2020-05-29 02:34:55 - [MESSAGE][PASSED] - Object: 'Object Repository/Objects.RemarksValidation/input_Remarks' is focused

2020-05-29 02:34:55 - [TEST_STEP][PASSED] - setText(NewInputNmField, RandomString): Text 'r>Pt(LL$' is set on object 'Object Repository/Objects.RemarksValidation/input_Remarks'

2020-05-29 02:34:56 - [MESSAGE][PASSED] - Text 'r>Pt(LL$' is set on object 'Object Repository/Objects.RemarksValidation/input_Remarks'

2020-05-29 02:34:56 - [TEST_STEP][PASSED] - GetInputVal = getAttribute(NewInputNmField, "value"): Attribute 'value' of object 'Object Repository/Objects.RemarksValidation/input_Remarks' is: ''

2020-05-29 02:34:56 - [MESSAGE][PASSED] - Attribute 'value' of object 'Object Repository/Objects.RemarksValidation/input_Remarks' is: ''

2020-05-29 02:34:56 - [TEST_STEP][PASSED] - if (GetInputVal.contains("e")): null

2020-05-29 02:34:56 - [TEST_STEP][PASSED] - else: Actual text '' and expected text '' are matched  using regular expression

2020-05-29 02:34:56 - [TEST_STEP][PASSED] - verifyMatch(GetInputVal, "", true): Actual text '' and expected text '' are matched  using regular expression

2020-05-29 02:34:56 - [MESSAGE][PASSED] - Actual text '' and expected text '' are matched  using regular expression

2020-05-29 02:34:56 - [TEST_STEP][PASSED] - setText(NewInputNmField, RandomNumeric): Text '40272651' is set on object 'Object Repository/Objects.RemarksValidation/input_Remarks'

2020-05-29 02:34:56 - [MESSAGE][PASSED] - Text '40272651' is set on object 'Object Repository/Objects.RemarksValidation/input_Remarks'

2020-05-29 02:34:56 - [TEST_STEP][PASSED] - GetEnteredIntegers = getAttribute(NewInputNmField, "value"): Attribute 'value' of object 'Object Repository/Objects.RemarksValidation/input_Remarks' is: '40272651'

2020-05-29 02:34:57 - [MESSAGE][PASSED] - Attribute 'value' of object 'Object Repository/Objects.RemarksValidation/input_Remarks' is: '40272651'

2020-05-29 02:34:57 - [TEST_STEP][PASSED] - matchStr = regexPat.matcher(GetEnteredIntegers): null

2020-05-29 02:34:57 - [TEST_STEP][PASSED] - if (matchStr.matches() == true): Accepting Numeric

2020-05-29 02:34:57 - [TEST_STEP][PASSED] - comment("Accepting Numeric"): Accepting Numeric

2020-05-29 02:34:57 - [MESSAGE][INFO] - Accepting Numeric

2020-05-29 02:34:57 - [MESSAGE][PASSED] - Call Test Case 'Test Cases/PFI Precision and Scale/PFI Components/NumericTextboxValidationII' successfully

2020-05-29 02:34:57 - [TEST_STEP][PASSED] - callTestCase(findTestCase("PFI Precision and Scale/PFI Components/InvalidDateErrorValidation"), ["FldNm":"d2aRecvDt"], STOP_ON_FAILURE): Call Test Case 'Test Cases/PFI Precision and Scale/PFI Components/InvalidDateErrorValidation' successfully

2020-05-29 02:34:57 - [TEST_CASE][PASSED] - Test Cases/PFI Precision and Scale/PFI Components/InvalidDateErrorValidation: Test Cases/PFI Precision and Scale/PFI Components/InvalidDateErrorValidation

2020-05-29 02:34:57 - [TEST_STEP][PASSED] - Thread.sleep(1000): null

2020-05-29 02:34:58 - [TEST_STEP][PASSED] - DateFieldNm = modifyObjectProperty(findTestObject("Object Repository/Objects.DateValidation/Page_ISPS2/input__orderDt"), "name", "equals", FldNm, true): Modify property of object successfully

2020-05-29 02:34:58 - [MESSAGE][PASSED] - Modify property of object successfully

2020-05-29 02:34:58 - [TEST_STEP][PASSED] - focus(DateFieldNm): Object: 'Object Repository/Objects.DateValidation/Page_ISPS2/input__orderDt' is focused

2020-05-29 02:34:58 - [MESSAGE][PASSED] - Object: 'Object Repository/Objects.DateValidation/Page_ISPS2/input__orderDt' is focused

2020-05-29 02:34:58 - [TEST_STEP][PASSED] - getInputInvalidDate = getAttribute(DateFieldNm, "value"): Attribute 'value' of object 'Object Repository/Objects.DateValidation/Page_ISPS2/input__orderDt' is: '40272651'

2020-05-29 02:34:58 - [MESSAGE][PASSED] - Attribute 'value' of object 'Object Repository/Objects.DateValidation/Page_ISPS2/input__orderDt' is: '40272651'

2020-05-29 02:34:58 - [TEST_STEP][PASSED] - mouseOver(DateFieldNm): Object: 'Object Repository/Objects.DateValidation/Page_ISPS2/input__orderDt' is hovered

2020-05-29 02:34:59 - [MESSAGE][PASSED] - Object: 'Object Repository/Objects.DateValidation/Page_ISPS2/input__orderDt' is hovered

2020-05-29 02:34:59 - [TEST_STEP][PASSED] - getErrMsg = getAttribute(DateFieldNm, "data-errorqtip"): Attribute 'data-errorqtip' of object 'Object Repository/Objects.DateValidation/Page_ISPS2/input__orderDt' is: '<ul class="x-list-plain"><li>40272651 is not a valid date - it must be in the format d/m/Y</li></ul>'

2020-05-29 02:34:59 - [MESSAGE][PASSED] - Attribute 'data-errorqtip' of object 'Object Repository/Objects.DateValidation/Page_ISPS2/input__orderDt' is: '<ul class="x-list-plain"><li>40272651 is not a valid date - it must be in the format d/m/Y</li></ul>'

2020-05-29 02:34:59 - [TEST_STEP][PASSED] - getTotalLength = getErrMsg.length(): null

2020-05-29 02:34:59 - [TEST_STEP][PASSED] - RemoveULClass = getErrMsg.substring(29, getTotalLength): null

2020-05-29 02:34:59 - [TEST_STEP][PASSED] - LengthNoUlClass = RemoveULClass.length() - 10: null

2020-05-29 02:34:59 - [TEST_STEP][PASSED] - ToolTipInvErrMsg = RemoveULClass.substring(0, LengthNoUlClass): null

2020-05-29 02:34:59 - [TEST_STEP][PASSED] - ExpectedInvalidErrMsg = concatenate(getInputInvalidDate, " ", NotValidDt): Concatenated string array: '['40272651',' ','is not a valid date - it must be in the format d/m/Y']' into '40272651 is not a valid date - it must be in the format d/m/Y'

2020-05-29 02:34:59 - [MESSAGE][PASSED] - Concatenated string array: '['40272651',' ','is not a valid date - it must be in the format d/m/Y']' into '40272651 is not a valid date - it must be in the format d/m/Y'

2020-05-29 02:34:59 - [TEST_STEP][PASSED] - verifyMatch(ToolTipInvErrMsg, ExpectedInvalidErrMsg, true): Actual text '40272651 is not a valid date - it must be in the format d/m/Y' and expected text '40272651 is not a valid date - it must be in the format d/m/Y' are matched  using regular expression

2020-05-29 02:34:59 - [MESSAGE][PASSED] - Actual text '40272651 is not a valid date - it must be in the format d/m/Y' and expected text '40272651 is not a valid date - it must be in the format d/m/Y' are matched  using regular expression

2020-05-29 02:34:59 - [MESSAGE][PASSED] - Call Test Case 'Test Cases/PFI Precision and Scale/PFI Components/InvalidDateErrorValidation' successfully

2020-05-29 02:34:59 - [TEST_STEP][PASSED] - callTestCase(findTestCase("PFI Precision and Scale/PFI Components with Indexing/SelectDayInDatePickerWithIndex"), ["FldNm":"d2aRecvDt", "SelectCurrentDay":"21", "index":3], STOP_ON_FAILURE): Call Test Case 'Test Cases/PFI Precision and Scale/PFI Components with Indexing/SelectDayInDatePickerWithIndex' successfully

2020-05-29 02:34:59 - [TEST_CASE][PASSED] - Test Cases/PFI Precision and Scale/PFI Components with Indexing/SelectDayInDatePickerWithIndex: Test Cases/PFI Precision and Scale/PFI Components with Indexing/SelectDayInDatePickerWithIndex

2020-05-29 02:34:59 - [TEST_STEP][PASSED] - Thread.sleep(1000): null

2020-05-29 02:35:00 - [TEST_STEP][PASSED] - DateFieldNm = modifyObjectProperty(findTestObject("Objects.HighlightElements/input_field"), "name", "equals", FldNm, true): Modify property of object successfully

2020-05-29 02:35:00 - [MESSAGE][PASSED] - Modify property of object successfully

2020-05-29 02:35:00 - [TEST_STEP][PASSED] - ModifyDay = modifyObjectProperty(findTestObject("Objects.DateValidation/Page_ISPS2/Select_Day_Index"), "xpath", "equals", "(//*[contains(@class, 'x-datepicker-date') and (text() = '" + SelectCurrentDay + "')])[" + index + "]", true): Modify property of object successfully

2020-05-29 02:35:00 - [MESSAGE][PASSED] - Modify property of object successfully

2020-05-29 02:35:00 - [TEST_STEP][PASSED] - sendKeys(DateFieldNm, Keys.chord(ARROW_DOWN)): Keys 'DOWN + ' sent to object: 'Object Repository/Objects.HighlightElements/input_field'

2020-05-29 02:35:00 - [MESSAGE][PASSED] - Keys 'DOWN + ' sent to object: 'Object Repository/Objects.HighlightElements/input_field'

2020-05-29 02:35:00 - [TEST_STEP][PASSED] - com.reusableComponents.HighlightElement.run(ModifyDay): com.reusableComponents.HighlightElement.run is PASSED

2020-05-29 02:35:01 - [MESSAGE][PASSED] - com.reusableComponents.HighlightElement.run is PASSED

2020-05-29 02:35:01 - [TEST_STEP][PASSED] - delay(1): Delayed 1 second(s)

2020-05-29 02:35:02 - [MESSAGE][PASSED] - Delayed 1 second(s)

2020-05-29 02:35:02 - [TEST_STEP][PASSED] - click(ModifyDay): Object: 'Object Repository/Objects.DateValidation/Page_ISPS2/Select_Day_Index' is clicked on

2020-05-29 02:35:02 - [MESSAGE][PASSED] - Object: 'Object Repository/Objects.DateValidation/Page_ISPS2/Select_Day_Index' is clicked on

2020-05-29 02:35:02 - [MESSAGE][PASSED] - Call Test Case 'Test Cases/PFI Precision and Scale/PFI Components with Indexing/SelectDayInDatePickerWithIndex' successfully

2020-05-29 02:35:02 - [TEST_STEP][PASSED] - callTestCase(findTestCase("PFI Precision and Scale/PFI Components/SelectTodayInDatePicker"), ["FldNm":"d2aRecvDt", "index":3], STOP_ON_FAILURE): Call Test Case 'Test Cases/PFI Precision and Scale/PFI Components/SelectTodayInDatePicker' successfully

2020-05-29 02:35:03 - [TEST_CASE][PASSED] - Test Cases/PFI Precision and Scale/PFI Components/SelectTodayInDatePicker: Test Cases/PFI Precision and Scale/PFI Components/SelectTodayInDatePicker

2020-05-29 02:35:03 - [TEST_STEP][PASSED] - Thread.sleep(1000): null

2020-05-29 02:35:04 - [TEST_STEP][PASSED] - DateFieldNm = modifyObjectProperty(findTestObject("Object Repository/Objects.DateValidation/Page_ISPS2/input__orderDt"), "name", "equals", FldNm, true): Modify property of object successfully

2020-05-29 02:35:04 - [MESSAGE][PASSED] - Modify property of object successfully

2020-05-29 02:35:04 - [TEST_STEP][PASSED] - TodayBtn = modifyObjectProperty(findTestObject("Object Repository/Objects.DateValidation/Page_ISPS2/a_Today"), "xpath", "equals", "(//*[text() = 'Today'])[" + index + "]", true): Modify property of object successfully

2020-05-29 02:35:04 - [MESSAGE][PASSED] - Modify property of object successfully

2020-05-29 02:35:04 - [TEST_STEP][PASSED] - sendKeys(DateFieldNm, Keys.chord(ARROW_DOWN)): Keys 'DOWN + ' sent to object: 'Object Repository/Objects.DateValidation/Page_ISPS2/input__orderDt'

2020-05-29 02:35:04 - [MESSAGE][PASSED] - Keys 'DOWN + ' sent to object: 'Object Repository/Objects.DateValidation/Page_ISPS2/input__orderDt'

2020-05-29 02:35:04 - [TEST_STEP][PASSED] - com.reusableComponents.HighlightElement.run(TodayBtn): com.reusableComponents.HighlightElement.run is PASSED

2020-05-29 02:35:05 - [MESSAGE][PASSED] - com.reusableComponents.HighlightElement.run is PASSED

2020-05-29 02:35:05 - [TEST_STEP][PASSED] - click(TodayBtn): Object: 'Object Repository/Objects.DateValidation/Page_ISPS2/a_Today' is clicked on

2020-05-29 02:35:05 - [MESSAGE][PASSED] - Object: 'Object Repository/Objects.DateValidation/Page_ISPS2/a_Today' is clicked on

2020-05-29 02:35:05 - [MESSAGE][PASSED] - Call Test Case 'Test Cases/PFI Precision and Scale/PFI Components/SelectTodayInDatePicker' successfully

2020-05-29 02:35:05 - [TEST_STEP][PASSED] - callTestCase(findTestCase("Components/HighlightLabelField"), ["LblName":"Inspection D2a Compliance Date *:"], STOP_ON_FAILURE): Call Test Case 'Test Cases/Components/HighlightLabelField' successfully

2020-05-29 02:35:05 - [TEST_CASE][PASSED] - Test Cases/Components/HighlightLabelField: Test Cases/Components/HighlightLabelField

2020-05-29 02:35:05 - [TEST_STEP][PASSED] - Thread.sleep(1000): null

2020-05-29 02:35:06 - [TEST_STEP][PASSED] - modifiedLblNm = modifyObjectProperty(findTestObject("Objects.HighlightElements/lblField"), "text", "equals", LblName, true): Modify property of object successfully

2020-05-29 02:35:06 - [MESSAGE][PASSED] - Modify property of object successfully

2020-05-29 02:35:06 - [TEST_STEP][PASSED] - com.reusableComponents.HighlightElement.run(modifiedLblNm): com.reusableComponents.HighlightElement.run is PASSED

2020-05-29 02:35:07 - [MESSAGE][PASSED] - com.reusableComponents.HighlightElement.run is PASSED

2020-05-29 02:35:07 - [MESSAGE][PASSED] - Call Test Case 'Test Cases/Components/HighlightLabelField' successfully

2020-05-29 02:35:07 - [TEST_STEP][PASSED] - callTestCase(findTestCase("Components/HighlightInputField"), ["InputFldName":"d2aComplDt"], STOP_ON_FAILURE): Call Test Case 'Test Cases/Components/HighlightInputField' successfully

2020-05-29 02:35:07 - [TEST_CASE][PASSED] - Test Cases/Components/HighlightInputField: Test Cases/Components/HighlightInputField

2020-05-29 02:35:07 - [TEST_STEP][PASSED] - Thread.sleep(1000): null

2020-05-29 02:35:08 - [TEST_STEP][PASSED] - modifiedLblNm = modifyObjectProperty(findTestObject("Objects.HighlightElements/input_field"), "name", "equals", InputFldName, true): Modify property of object successfully

2020-05-29 02:35:08 - [MESSAGE][PASSED] - Modify property of object successfully

2020-05-29 02:35:08 - [TEST_STEP][PASSED] - com.reusableComponents.HighlightElement.run(modifiedLblNm): com.reusableComponents.HighlightElement.run is PASSED

2020-05-29 02:35:09 - [MESSAGE][PASSED] - com.reusableComponents.HighlightElement.run is PASSED

2020-05-29 02:35:09 - [MESSAGE][PASSED] - Call Test Case 'Test Cases/Components/HighlightInputField' successfully

2020-05-29 02:35:09 - [TEST_STEP][PASSED] - callTestCase(findTestCase("PFI Precision and Scale/PFI Components/NumericTextboxValidationII"), ["nameToBeUsed":"d2aComplDt", "minLen":12], STOP_ON_FAILURE): Call Test Case 'Test Cases/PFI Precision and Scale/PFI Components/NumericTextboxValidationII' successfully

2020-05-29 02:35:09 - [TEST_CASE][PASSED] - Test Cases/PFI Precision and Scale/PFI Components/NumericTextboxValidationII: Test Cases/PFI Precision and Scale/PFI Components/NumericTextboxValidationII

2020-05-29 02:35:09 - [TEST_STEP][PASSED] - Thread.sleep(1000): null

2020-05-29 02:35:10 - [TEST_STEP][PASSED] - Numeric = "0123456789": null

2020-05-29 02:35:10 - [TEST_STEP][PASSED] - AlphaSpecialChar = z) + "`~!@#$%^&*()=_{}|\][;'":,?><"".join(): null

2020-05-29 02:35:10 - [TEST_STEP][PASSED] - RandomNumeric = RandomStringUtils.random(minLen, Numeric.toCharArray()): null

2020-05-29 02:35:10 - [TEST_STEP][PASSED] - RandomString = RandomStringUtils.random(minLen, AlphaSpecialChar): null

2020-05-29 02:35:10 - [TEST_STEP][PASSED] - regexPat = Pattern.compile("^[0-9]+$"): null

2020-05-29 02:35:10 - [TEST_STEP][PASSED] - NewInputNmField = modifyObjectProperty(findTestObject("Objects.RemarksValidation/input_Remarks"), "name", "equals", nameToBeUsed, true): Modify property of object successfully

2020-05-29 02:35:10 - [MESSAGE][PASSED] - Modify property of object successfully

2020-05-29 02:35:10 - [TEST_STEP][PASSED] - focus(NewInputNmField): Object: 'Object Repository/Objects.RemarksValidation/input_Remarks' is focused

2020-05-29 02:35:10 - [MESSAGE][PASSED] - Object: 'Object Repository/Objects.RemarksValidation/input_Remarks' is focused

2020-05-29 02:35:10 - [TEST_STEP][PASSED] - setText(NewInputNmField, RandomString): Text 'P&}u_q@oXwFa' is set on object 'Object Repository/Objects.RemarksValidation/input_Remarks'

2020-05-29 02:35:10 - [MESSAGE][PASSED] - Text 'P&}u_q@oXwFa' is set on object 'Object Repository/Objects.RemarksValidation/input_Remarks'

2020-05-29 02:35:10 - [TEST_STEP][PASSED] - GetInputVal = getAttribute(NewInputNmField, "value"): Attribute 'value' of object 'Object Repository/Objects.RemarksValidation/input_Remarks' is: ''

2020-05-29 02:35:10 - [MESSAGE][PASSED] - Attribute 'value' of object 'Object Repository/Objects.RemarksValidation/input_Remarks' is: ''

2020-05-29 02:35:10 - [TEST_STEP][PASSED] - if (GetInputVal.contains("e")): null

2020-05-29 02:35:10 - [TEST_STEP][PASSED] - else: Actual text '' and expected text '' are matched  using regular expression

2020-05-29 02:35:10 - [TEST_STEP][PASSED] - verifyMatch(GetInputVal, "", true): Actual text '' and expected text '' are matched  using regular expression

2020-05-29 02:35:10 - [MESSAGE][PASSED] - Actual text '' and expected text '' are matched  using regular expression

2020-05-29 02:35:10 - [TEST_STEP][PASSED] - setText(NewInputNmField, RandomNumeric): Text '132247236180' is set on object 'Object Repository/Objects.RemarksValidation/input_Remarks'

2020-05-29 02:35:11 - [MESSAGE][PASSED] - Text '132247236180' is set on object 'Object Repository/Objects.RemarksValidation/input_Remarks'

2020-05-29 02:35:11 - [TEST_STEP][PASSED] - GetEnteredIntegers = getAttribute(NewInputNmField, "value"): Attribute 'value' of object 'Object Repository/Objects.RemarksValidation/input_Remarks' is: '132247236180'

2020-05-29 02:35:11 - [MESSAGE][PASSED] - Attribute 'value' of object 'Object Repository/Objects.RemarksValidation/input_Remarks' is: '132247236180'

2020-05-29 02:35:11 - [TEST_STEP][PASSED] - matchStr = regexPat.matcher(GetEnteredIntegers): null

2020-05-29 02:35:11 - [TEST_STEP][PASSED] - if (matchStr.matches() == true): Accepting Numeric

2020-05-29 02:35:11 - [TEST_STEP][PASSED] - comment("Accepting Numeric"): Accepting Numeric

2020-05-29 02:35:11 - [MESSAGE][INFO] - Accepting Numeric

2020-05-29 02:35:11 - [MESSAGE][PASSED] - Call Test Case 'Test Cases/PFI Precision and Scale/PFI Components/NumericTextboxValidationII' successfully

2020-05-29 02:35:11 - [TEST_STEP][PASSED] - callTestCase(findTestCase("PFI Precision and Scale/PFI Components/InvalidDateErrorValidation"), ["FldNm":"d2aComplDt"], STOP_ON_FAILURE): Call Test Case 'Test Cases/PFI Precision and Scale/PFI Components/InvalidDateErrorValidation' successfully

2020-05-29 02:35:11 - [TEST_CASE][PASSED] - Test Cases/PFI Precision and Scale/PFI Components/InvalidDateErrorValidation: Test Cases/PFI Precision and Scale/PFI Components/InvalidDateErrorValidation

2020-05-29 02:35:11 - [TEST_STEP][PASSED] - Thread.sleep(1000): null

2020-05-29 02:35:12 - [TEST_STEP][PASSED] - DateFieldNm = modifyObjectProperty(findTestObject("Object Repository/Objects.DateValidation/Page_ISPS2/input__orderDt"), "name", "equals", FldNm, true): Modify property of object successfully

2020-05-29 02:35:12 - [MESSAGE][PASSED] - Modify property of object successfully

2020-05-29 02:35:12 - [TEST_STEP][PASSED] - focus(DateFieldNm): Object: 'Object Repository/Objects.DateValidation/Page_ISPS2/input__orderDt' is focused

2020-05-29 02:35:13 - [MESSAGE][PASSED] - Object: 'Object Repository/Objects.DateValidation/Page_ISPS2/input__orderDt' is focused

2020-05-29 02:35:13 - [TEST_STEP][PASSED] - getInputInvalidDate = getAttribute(DateFieldNm, "value"): Attribute 'value' of object 'Object Repository/Objects.DateValidation/Page_ISPS2/input__orderDt' is: '132247236180'

2020-05-29 02:35:13 - [MESSAGE][PASSED] - Attribute 'value' of object 'Object Repository/Objects.DateValidation/Page_ISPS2/input__orderDt' is: '132247236180'

2020-05-29 02:35:13 - [TEST_STEP][PASSED] - mouseOver(DateFieldNm): Object: 'Object Repository/Objects.DateValidation/Page_ISPS2/input__orderDt' is hovered

2020-05-29 02:35:13 - [MESSAGE][PASSED] - Object: 'Object Repository/Objects.DateValidation/Page_ISPS2/input__orderDt' is hovered

2020-05-29 02:35:13 - [TEST_STEP][PASSED] - getErrMsg = getAttribute(DateFieldNm, "data-errorqtip"): Attribute 'data-errorqtip' of object 'Object Repository/Objects.DateValidation/Page_ISPS2/input__orderDt' is: '<ul class="x-list-plain"><li>132247236180 is not a valid date - it must be in the format d/m/Y</li></ul>'

2020-05-29 02:35:14 - [MESSAGE][PASSED] - Attribute 'data-errorqtip' of object 'Object Repository/Objects.DateValidation/Page_ISPS2/input__orderDt' is: '<ul class="x-list-plain"><li>132247236180 is not a valid date - it must be in the format d/m/Y</li></ul>'

2020-05-29 02:35:14 - [TEST_STEP][PASSED] - getTotalLength = getErrMsg.length(): null

2020-05-29 02:35:14 - [TEST_STEP][PASSED] - RemoveULClass = getErrMsg.substring(29, getTotalLength): null

2020-05-29 02:35:14 - [TEST_STEP][PASSED] - LengthNoUlClass = RemoveULClass.length() - 10: null

2020-05-29 02:35:14 - [TEST_STEP][PASSED] - ToolTipInvErrMsg = RemoveULClass.substring(0, LengthNoUlClass): null

2020-05-29 02:35:14 - [TEST_STEP][PASSED] - ExpectedInvalidErrMsg = concatenate(getInputInvalidDate, " ", NotValidDt): Concatenated string array: '['132247236180',' ','is not a valid date - it must be in the format d/m/Y']' into '132247236180 is not a valid date - it must be in the format d/m/Y'

2020-05-29 02:35:14 - [MESSAGE][PASSED] - Concatenated string array: '['132247236180',' ','is not a valid date - it must be in the format d/m/Y']' into '132247236180 is not a valid date - it must be in the format d/m/Y'

2020-05-29 02:35:14 - [TEST_STEP][PASSED] - verifyMatch(ToolTipInvErrMsg, ExpectedInvalidErrMsg, true): Actual text '132247236180 is not a valid date - it must be in the format d/m/Y' and expected text '132247236180 is not a valid date - it must be in the format d/m/Y' are matched  using regular expression

2020-05-29 02:35:14 - [MESSAGE][PASSED] - Actual text '132247236180 is not a valid date - it must be in the format d/m/Y' and expected text '132247236180 is not a valid date - it must be in the format d/m/Y' are matched  using regular expression

2020-05-29 02:35:14 - [MESSAGE][PASSED] - Call Test Case 'Test Cases/PFI Precision and Scale/PFI Components/InvalidDateErrorValidation' successfully

2020-05-29 02:35:14 - [TEST_STEP][PASSED] - callTestCase(findTestCase("PFI Precision and Scale/PFI Components with Indexing/SelectDayInDatePickerWithIndex"), ["FldNm":"d2aComplDt", "SelectCurrentDay":"9", "index":4], STOP_ON_FAILURE): Call Test Case 'Test Cases/PFI Precision and Scale/PFI Components with Indexing/SelectDayInDatePickerWithIndex' successfully

2020-05-29 02:35:14 - [TEST_CASE][PASSED] - Test Cases/PFI Precision and Scale/PFI Components with Indexing/SelectDayInDatePickerWithIndex: Test Cases/PFI Precision and Scale/PFI Components with Indexing/SelectDayInDatePickerWithIndex

2020-05-29 02:35:14 - [TEST_STEP][PASSED] - Thread.sleep(1000): null

2020-05-29 02:35:15 - [TEST_STEP][PASSED] - DateFieldNm = modifyObjectProperty(findTestObject("Objects.HighlightElements/input_field"), "name", "equals", FldNm, true): Modify property of object successfully

2020-05-29 02:35:15 - [MESSAGE][PASSED] - Modify property of object successfully

2020-05-29 02:35:15 - [TEST_STEP][PASSED] - ModifyDay = modifyObjectProperty(findTestObject("Objects.DateValidation/Page_ISPS2/Select_Day_Index"), "xpath", "equals", "(//*[contains(@class, 'x-datepicker-date') and (text() = '" + SelectCurrentDay + "')])[" + index + "]", true): Modify property of object successfully

2020-05-29 02:35:15 - [MESSAGE][PASSED] - Modify property of object successfully

2020-05-29 02:35:15 - [TEST_STEP][PASSED] - sendKeys(DateFieldNm, Keys.chord(ARROW_DOWN)): Keys 'DOWN + ' sent to object: 'Object Repository/Objects.HighlightElements/input_field'

2020-05-29 02:35:15 - [MESSAGE][PASSED] - Keys 'DOWN + ' sent to object: 'Object Repository/Objects.HighlightElements/input_field'

2020-05-29 02:35:15 - [TEST_STEP][PASSED] - com.reusableComponents.HighlightElement.run(ModifyDay): com.reusableComponents.HighlightElement.run is PASSED

2020-05-29 02:35:16 - [MESSAGE][PASSED] - com.reusableComponents.HighlightElement.run is PASSED

2020-05-29 02:35:16 - [TEST_STEP][PASSED] - delay(1): Delayed 1 second(s)

2020-05-29 02:35:17 - [MESSAGE][PASSED] - Delayed 1 second(s)

2020-05-29 02:35:17 - [TEST_STEP][PASSED] - click(ModifyDay): Object: 'Object Repository/Objects.DateValidation/Page_ISPS2/Select_Day_Index' is clicked on

2020-05-29 02:35:17 - [MESSAGE][PASSED] - Object: 'Object Repository/Objects.DateValidation/Page_ISPS2/Select_Day_Index' is clicked on

2020-05-29 02:35:17 - [MESSAGE][PASSED] - Call Test Case 'Test Cases/PFI Precision and Scale/PFI Components with Indexing/SelectDayInDatePickerWithIndex' successfully

2020-05-29 02:35:17 - [TEST_STEP][PASSED] - callTestCase(findTestCase("PFI Precision and Scale/PFI Components/SelectTodayInDatePicker"), ["FldNm":"d2aComplDt", "index":4], STOP_ON_FAILURE): Call Test Case 'Test Cases/PFI Precision and Scale/PFI Components/SelectTodayInDatePicker' successfully

2020-05-29 02:35:17 - [TEST_CASE][PASSED] - Test Cases/PFI Precision and Scale/PFI Components/SelectTodayInDatePicker: Test Cases/PFI Precision and Scale/PFI Components/SelectTodayInDatePicker

2020-05-29 02:35:17 - [TEST_STEP][PASSED] - Thread.sleep(1000): null

2020-05-29 02:35:18 - [TEST_STEP][PASSED] - DateFieldNm = modifyObjectProperty(findTestObject("Object Repository/Objects.DateValidation/Page_ISPS2/input__orderDt"), "name", "equals", FldNm, true): Modify property of object successfully

2020-05-29 02:35:18 - [MESSAGE][PASSED] - Modify property of object successfully

2020-05-29 02:35:18 - [TEST_STEP][PASSED] - TodayBtn = modifyObjectProperty(findTestObject("Object Repository/Objects.DateValidation/Page_ISPS2/a_Today"), "xpath", "equals", "(//*[text() = 'Today'])[" + index + "]", true): Modify property of object successfully

2020-05-29 02:35:18 - [MESSAGE][PASSED] - Modify property of object successfully

2020-05-29 02:35:18 - [TEST_STEP][PASSED] - sendKeys(DateFieldNm, Keys.chord(ARROW_DOWN)): Keys 'DOWN + ' sent to object: 'Object Repository/Objects.DateValidation/Page_ISPS2/input__orderDt'

2020-05-29 02:35:19 - [MESSAGE][PASSED] - Keys 'DOWN + ' sent to object: 'Object Repository/Objects.DateValidation/Page_ISPS2/input__orderDt'

2020-05-29 02:35:19 - [TEST_STEP][PASSED] - com.reusableComponents.HighlightElement.run(TodayBtn): com.reusableComponents.HighlightElement.run is PASSED

2020-05-29 02:35:19 - [MESSAGE][PASSED] - com.reusableComponents.HighlightElement.run is PASSED

2020-05-29 02:35:19 - [TEST_STEP][PASSED] - click(TodayBtn): Object: 'Object Repository/Objects.DateValidation/Page_ISPS2/a_Today' is clicked on

2020-05-29 02:35:20 - [MESSAGE][PASSED] - Object: 'Object Repository/Objects.DateValidation/Page_ISPS2/a_Today' is clicked on

2020-05-29 02:35:20 - [MESSAGE][PASSED] - Call Test Case 'Test Cases/PFI Precision and Scale/PFI Components/SelectTodayInDatePicker' successfully

2020-05-29 02:35:20 - [TEST_STEP][PASSED] - callTestCase(findTestCase("Components/HighlightLabelField"), ["LblName":"PE Reference No *:"], STOP_ON_FAILURE): Call Test Case 'Test Cases/Components/HighlightLabelField' successfully

2020-05-29 02:35:20 - [TEST_CASE][PASSED] - Test Cases/Components/HighlightLabelField: Test Cases/Components/HighlightLabelField

2020-05-29 02:35:20 - [TEST_STEP][PASSED] - Thread.sleep(1000): null

2020-05-29 02:35:21 - [TEST_STEP][PASSED] - modifiedLblNm = modifyObjectProperty(findTestObject("Objects.HighlightElements/lblField"), "text", "equals", LblName, true): Modify property of object successfully

2020-05-29 02:35:21 - [MESSAGE][PASSED] - Modify property of object successfully

2020-05-29 02:35:21 - [TEST_STEP][PASSED] - com.reusableComponents.HighlightElement.run(modifiedLblNm): com.reusableComponents.HighlightElement.run is PASSED

2020-05-29 02:35:21 - [MESSAGE][PASSED] - com.reusableComponents.HighlightElement.run is PASSED

2020-05-29 02:35:21 - [MESSAGE][PASSED] - Call Test Case 'Test Cases/Components/HighlightLabelField' successfully

2020-05-29 02:35:21 - [TEST_STEP][PASSED] - callTestCase(findTestCase("Components/HighlightInputField"), ["InputFldName":"peRegNbr"], STOP_ON_FAILURE): Call Test Case 'Test Cases/Components/HighlightInputField' successfully

2020-05-29 02:35:21 - [TEST_CASE][PASSED] - Test Cases/Components/HighlightInputField: Test Cases/Components/HighlightInputField

2020-05-29 02:35:21 - [TEST_STEP][PASSED] - Thread.sleep(1000): null

2020-05-29 02:35:22 - [TEST_STEP][PASSED] - modifiedLblNm = modifyObjectProperty(findTestObject("Objects.HighlightElements/input_field"), "name", "equals", InputFldName, true): Modify property of object successfully

2020-05-29 02:35:23 - [MESSAGE][PASSED] - Modify property of object successfully

2020-05-29 02:35:23 - [TEST_STEP][PASSED] - com.reusableComponents.HighlightElement.run(modifiedLblNm): com.reusableComponents.HighlightElement.run is PASSED

2020-05-29 02:35:23 - [MESSAGE][PASSED] - com.reusableComponents.HighlightElement.run is PASSED

2020-05-29 02:35:23 - [MESSAGE][PASSED] - Call Test Case 'Test Cases/Components/HighlightInputField' successfully

2020-05-29 02:35:23 - [TEST_STEP][PASSED] - callTestCase(findTestCase("PFI Precision and Scale/PFI Components/VerifyDropdownValues"), ["FldNm":"peRegNbr", "CallTCName":"PFI Precision and Scale/PFI Components/PELists", "cmbNm":"PENo", "NoOfVal":10, "DelayTime":5, ... ], STOP_ON_FAILURE): Call Test Case 'Test Cases/PFI Precision and Scale/PFI Components/VerifyDropdownValues' successfully

2020-05-29 02:35:23 - [TEST_CASE][PASSED] - Test Cases/PFI Precision and Scale/PFI Components/VerifyDropdownValues: Test Cases/PFI Precision and Scale/PFI Components/VerifyDropdownValues

2020-05-29 02:35:23 - [TEST_STEP][PASSED] - Thread.sleep(1000): null

2020-05-29 02:35:24 - [TEST_STEP][PASSED] - NewInputNmField = modifyObjectProperty(findTestObject("Objects.HighlightElements/input_field"), "name", "equals", FldNm, true): Modify property of object successfully

2020-05-29 02:35:24 - [MESSAGE][PASSED] - Modify property of object successfully

2020-05-29 02:35:24 - [TEST_STEP][PASSED] - comboNm = cmbNm: null

2020-05-29 02:35:24 - [TEST_STEP][PASSED] - focus(NewInputNmField): Object: 'Object Repository/Objects.HighlightElements/input_field' is focused

2020-05-29 02:35:24 - [MESSAGE][PASSED] - Object: 'Object Repository/Objects.HighlightElements/input_field' is focused

2020-05-29 02:35:24 - [TEST_STEP][PASSED] - setText(NewInputNmField, EnterValue): Text '0016' is set on object 'Object Repository/Objects.HighlightElements/input_field'

2020-05-29 02:35:25 - [MESSAGE][PASSED] - Text '0016' is set on object 'Object Repository/Objects.HighlightElements/input_field'

2020-05-29 02:35:25 - [TEST_STEP][PASSED] - for ([i = 1, i <= NoOfVal, (i++)]): Keys 'DOWN + ' sent to object: 'Object Repository/Objects.HighlightElements/input_field'

2020-05-29 02:35:25 - [TEST_STEP][PASSED] - sendKeys(NewInputNmField, Keys.chord(ARROW_DOWN)): Keys 'DOWN + ' sent to object: 'Object Repository/Objects.HighlightElements/input_field'

2020-05-29 02:35:25 - [MESSAGE][PASSED] - Keys 'DOWN + ' sent to object: 'Object Repository/Objects.HighlightElements/input_field'

2020-05-29 02:35:25 - [TEST_STEP][PASSED] - delay(DelayTime): Delayed 5 second(s)

2020-05-29 02:35:30 - [MESSAGE][PASSED] - Delayed 5 second(s)

2020-05-29 02:35:30 - [TEST_STEP][PASSED] - sendKeys(NewInputNmField, Keys.chord(ENTER)): Keys 'ENTER + ' sent to object: 'Object Repository/Objects.HighlightElements/input_field'

2020-05-29 02:35:30 - [MESSAGE][PASSED] - Keys 'ENTER + ' sent to object: 'Object Repository/Objects.HighlightElements/input_field'

2020-05-29 02:35:30 - [TEST_STEP][PASSED] - ComboBoxValue = getAttribute(NewInputNmField, "value"): Attribute 'value' of object 'Object Repository/Objects.HighlightElements/input_field' is: '0016'

2020-05-29 02:35:31 - [MESSAGE][PASSED] - Attribute 'value' of object 'Object Repository/Objects.HighlightElements/input_field' is: '0016'

2020-05-29 02:35:31 - [TEST_STEP][PASSED] - callTestCase(findTestCase(CallTCName), ["FindValue":ComboBoxValue, "DropdownNm":comboNm], STOP_ON_FAILURE): Call Test Case 'Test Cases/PFI Precision and Scale/PFI Components/PELists' successfully

2020-05-29 02:35:31 - [TEST_CASE][PASSED] - Test Cases/PFI Precision and Scale/PFI Components/PELists: Test Cases/PFI Precision and Scale/PFI Components/PELists

2020-05-29 02:35:31 - [TEST_STEP][PASSED] - Thread.sleep(1000): null

2020-05-29 02:35:32 - [TEST_STEP][PASSED] - PEListsTBL = ["0011":"QP-Formatted Address", "0012":"QP-0012", "0014":"QP-0014", "0015":"QP-0015", "0016":"QP-0016", "3214":"Dummy QP Name 3861", ... ]: null

2020-05-29 02:35:32 - [TEST_STEP][PASSED] - switch (DropdownNm): null

2020-05-29 02:35:32 - [TEST_STEP][PASSED] - case "PENo":: null

2020-05-29 02:35:32 - [TEST_STEP][PASSED] - ValueFound = FindValue + " (" + get(FindValue).toString() + ")": null

2020-05-29 02:35:32 - [TEST_STEP][PASSED] - break: null

2020-05-29 02:35:32 - [MESSAGE][PASSED] - Call Test Case 'Test Cases/PFI Precision and Scale/PFI Components/PELists' successfully

2020-05-29 02:35:32 - [TEST_STEP][PASSED] - println(ValueFound): null

2020-05-29 02:35:32 - [TEST_STEP][PASSED] - sendKeys(NewInputNmField, Keys.chord(ARROW_DOWN)): Keys 'DOWN + ' sent to object: 'Object Repository/Objects.HighlightElements/input_field'

2020-05-29 02:35:32 - [MESSAGE][PASSED] - Keys 'DOWN + ' sent to object: 'Object Repository/Objects.HighlightElements/input_field'

2020-05-29 02:35:32 - [TEST_STEP][PASSED] - sendKeys(NewInputNmField, Keys.chord(ARROW_DOWN)): Keys 'DOWN + ' sent to object: 'Object Repository/Objects.HighlightElements/input_field'

2020-05-29 02:35:33 - [MESSAGE][PASSED] - Keys 'DOWN + ' sent to object: 'Object Repository/Objects.HighlightElements/input_field'

2020-05-29 02:35:33 - [TEST_STEP][PASSED] - delay(DelayTime): Delayed 5 second(s)

2020-05-29 02:35:38 - [MESSAGE][PASSED] - Delayed 5 second(s)

2020-05-29 02:35:38 - [TEST_STEP][PASSED] - sendKeys(NewInputNmField, Keys.chord(ENTER)): Keys 'ENTER + ' sent to object: 'Object Repository/Objects.HighlightElements/input_field'

2020-05-29 02:35:38 - [MESSAGE][PASSED] - Keys 'ENTER + ' sent to object: 'Object Repository/Objects.HighlightElements/input_field'

2020-05-29 02:35:38 - [TEST_STEP][PASSED] - ComboBoxValue = getAttribute(NewInputNmField, "value"): Attribute 'value' of object 'Object Repository/Objects.HighlightElements/input_field' is: '1004'

2020-05-29 02:35:38 - [MESSAGE][PASSED] - Attribute 'value' of object 'Object Repository/Objects.HighlightElements/input_field' is: '1004'

2020-05-29 02:35:38 - [TEST_STEP][PASSED] - callTestCase(findTestCase(CallTCName), ["FindValue":ComboBoxValue, "DropdownNm":comboNm], STOP_ON_FAILURE): Call Test Case 'Test Cases/PFI Precision and Scale/PFI Components/PELists' successfully

2020-05-29 02:35:38 - [TEST_CASE][PASSED] - Test Cases/PFI Precision and Scale/PFI Components/PELists: Test Cases/PFI Precision and Scale/PFI Components/PELists

2020-05-29 02:35:38 - [TEST_STEP][PASSED] - Thread.sleep(1000): null

2020-05-29 02:35:39 - [TEST_STEP][PASSED] - PEListsTBL = ["0011":"QP-Formatted Address", "0012":"QP-0012", "0014":"QP-0014", "0015":"QP-0015", "0016":"QP-0016", "3214":"Dummy QP Name 3861", ... ]: null

2020-05-29 02:35:39 - [TEST_STEP][PASSED] - switch (DropdownNm): null

2020-05-29 02:35:39 - [TEST_STEP][PASSED] - case "PENo":: null

2020-05-29 02:35:39 - [TEST_STEP][PASSED] - ValueFound = FindValue + " (" + get(FindValue).toString() + ")": null

2020-05-29 02:35:39 - [TEST_STEP][PASSED] - break: null

2020-05-29 02:35:39 - [MESSAGE][PASSED] - Call Test Case 'Test Cases/PFI Precision and Scale/PFI Components/PELists' successfully

2020-05-29 02:35:39 - [TEST_STEP][PASSED] - println(ValueFound): null

2020-05-29 02:35:39 - [TEST_STEP][PASSED] - sendKeys(NewInputNmField, Keys.chord(ARROW_DOWN)): Keys 'DOWN + ' sent to object: 'Object Repository/Objects.HighlightElements/input_field'

2020-05-29 02:35:40 - [MESSAGE][PASSED] - Keys 'DOWN + ' sent to object: 'Object Repository/Objects.HighlightElements/input_field'

2020-05-29 02:35:40 - [TEST_STEP][PASSED] - sendKeys(NewInputNmField, Keys.chord(ARROW_DOWN)): Keys 'DOWN + ' sent to object: 'Object Repository/Objects.HighlightElements/input_field'

2020-05-29 02:35:40 - [MESSAGE][PASSED] - Keys 'DOWN + ' sent to object: 'Object Repository/Objects.HighlightElements/input_field'

2020-05-29 02:35:40 - [TEST_STEP][PASSED] - delay(DelayTime): Delayed 5 second(s)

2020-05-29 02:35:45 - [MESSAGE][PASSED] - Delayed 5 second(s)

2020-05-29 02:35:45 - [TEST_STEP][PASSED] - sendKeys(NewInputNmField, Keys.chord(ENTER)): Keys 'ENTER + ' sent to object: 'Object Repository/Objects.HighlightElements/input_field'

2020-05-29 02:35:45 - [MESSAGE][PASSED] - Keys 'ENTER + ' sent to object: 'Object Repository/Objects.HighlightElements/input_field'

2020-05-29 02:35:45 - [TEST_STEP][PASSED] - ComboBoxValue = getAttribute(NewInputNmField, "value"): Attribute 'value' of object 'Object Repository/Objects.HighlightElements/input_field' is: '1004'

2020-05-29 02:35:46 - [MESSAGE][PASSED] - Attribute 'value' of object 'Object Repository/Objects.HighlightElements/input_field' is: '1004'

2020-05-29 02:35:46 - [TEST_STEP][PASSED] - callTestCase(findTestCase(CallTCName), ["FindValue":ComboBoxValue, "DropdownNm":comboNm], STOP_ON_FAILURE): Call Test Case 'Test Cases/PFI Precision and Scale/PFI Components/PELists' successfully

2020-05-29 02:35:46 - [TEST_CASE][PASSED] - Test Cases/PFI Precision and Scale/PFI Components/PELists: Test Cases/PFI Precision and Scale/PFI Components/PELists

2020-05-29 02:35:46 - [TEST_STEP][PASSED] - Thread.sleep(1000): null

2020-05-29 02:35:47 - [TEST_STEP][PASSED] - PEListsTBL = ["0011":"QP-Formatted Address", "0012":"QP-0012", "0014":"QP-0014", "0015":"QP-0015", "0016":"QP-0016", "3214":"Dummy QP Name 3861", ... ]: null

2020-05-29 02:35:47 - [TEST_STEP][PASSED] - switch (DropdownNm): null

2020-05-29 02:35:47 - [TEST_STEP][PASSED] - case "PENo":: null

2020-05-29 02:35:47 - [TEST_STEP][PASSED] - ValueFound = FindValue + " (" + get(FindValue).toString() + ")": null

2020-05-29 02:35:47 - [TEST_STEP][PASSED] - break: null

2020-05-29 02:35:47 - [MESSAGE][PASSED] - Call Test Case 'Test Cases/PFI Precision and Scale/PFI Components/PELists' successfully

2020-05-29 02:35:47 - [TEST_STEP][PASSED] - println(ValueFound): null

2020-05-29 02:35:47 - [TEST_STEP][PASSED] - sendKeys(NewInputNmField, Keys.chord(ARROW_DOWN)): Keys 'DOWN + ' sent to object: 'Object Repository/Objects.HighlightElements/input_field'

2020-05-29 02:35:47 - [MESSAGE][PASSED] - Keys 'DOWN + ' sent to object: 'Object Repository/Objects.HighlightElements/input_field'

2020-05-29 02:35:47 - [TEST_STEP][PASSED] - sendKeys(NewInputNmField, Keys.chord(ARROW_DOWN)): Keys 'DOWN + ' sent to object: 'Object Repository/Objects.HighlightElements/input_field'

2020-05-29 02:35:47 - [MESSAGE][PASSED] - Keys 'DOWN + ' sent to object: 'Object Repository/Objects.HighlightElements/input_field'

2020-05-29 02:35:47 - [TEST_STEP][PASSED] - delay(DelayTime): Delayed 5 second(s)

2020-05-29 02:35:52 - [MESSAGE][PASSED] - Delayed 5 second(s)

2020-05-29 02:35:52 - [TEST_STEP][PASSED] - sendKeys(NewInputNmField, Keys.chord(ENTER)): Keys 'ENTER + ' sent to object: 'Object Repository/Objects.HighlightElements/input_field'

2020-05-29 02:35:53 - [MESSAGE][PASSED] - Keys 'ENTER + ' sent to object: 'Object Repository/Objects.HighlightElements/input_field'

2020-05-29 02:35:53 - [TEST_STEP][PASSED] - ComboBoxValue = getAttribute(NewInputNmField, "value"): Attribute 'value' of object 'Object Repository/Objects.HighlightElements/input_field' is: '1004'

2020-05-29 02:35:53 - [MESSAGE][PASSED] - Attribute 'value' of object 'Object Repository/Objects.HighlightElements/input_field' is: '1004'

2020-05-29 02:35:53 - [TEST_STEP][PASSED] - callTestCase(findTestCase(CallTCName), ["FindValue":ComboBoxValue, "DropdownNm":comboNm], STOP_ON_FAILURE): Call Test Case 'Test Cases/PFI Precision and Scale/PFI Components/PELists' successfully

2020-05-29 02:35:53 - [TEST_CASE][PASSED] - Test Cases/PFI Precision and Scale/PFI Components/PELists: Test Cases/PFI Precision and Scale/PFI Components/PELists

2020-05-29 02:35:53 - [TEST_STEP][PASSED] - Thread.sleep(1000): null

2020-05-29 02:35:54 - [TEST_STEP][PASSED] - PEListsTBL = ["0011":"QP-Formatted Address", "0012":"QP-0012", "0014":"QP-0014", "0015":"QP-0015", "0016":"QP-0016", "3214":"Dummy QP Name 3861", ... ]: null

2020-05-29 02:35:54 - [TEST_STEP][PASSED] - switch (DropdownNm): null

2020-05-29 02:35:54 - [TEST_STEP][PASSED] - case "PENo":: null

2020-05-29 02:35:54 - [TEST_STEP][PASSED] - ValueFound = FindValue + " (" + get(FindValue).toString() + ")": null

2020-05-29 02:35:54 - [TEST_STEP][PASSED] - break: null

2020-05-29 02:35:54 - [MESSAGE][PASSED] - Call Test Case 'Test Cases/PFI Precision and Scale/PFI Components/PELists' successfully

2020-05-29 02:35:54 - [TEST_STEP][PASSED] - println(ValueFound): null

2020-05-29 02:35:54 - [TEST_STEP][PASSED] - sendKeys(NewInputNmField, Keys.chord(ARROW_DOWN)): Keys 'DOWN + ' sent to object: 'Object Repository/Objects.HighlightElements/input_field'

2020-05-29 02:35:55 - [MESSAGE][PASSED] - Keys 'DOWN + ' sent to object: 'Object Repository/Objects.HighlightElements/input_field'

2020-05-29 02:35:55 - [TEST_STEP][PASSED] - sendKeys(NewInputNmField, Keys.chord(ARROW_DOWN)): Keys 'DOWN + ' sent to object: 'Object Repository/Objects.HighlightElements/input_field'

2020-05-29 02:35:55 - [MESSAGE][PASSED] - Keys 'DOWN + ' sent to object: 'Object Repository/Objects.HighlightElements/input_field'

2020-05-29 02:35:55 - [TEST_STEP][PASSED] - delay(DelayTime): Delayed 5 second(s)

2020-05-29 02:36:00 - [MESSAGE][PASSED] - Delayed 5 second(s)

2020-05-29 02:36:00 - [TEST_STEP][PASSED] - sendKeys(NewInputNmField, Keys.chord(ENTER)): Keys 'ENTER + ' sent to object: 'Object Repository/Objects.HighlightElements/input_field'

2020-05-29 02:36:01 - [MESSAGE][PASSED] - Keys 'ENTER + ' sent to object: 'Object Repository/Objects.HighlightElements/input_field'

2020-05-29 02:36:01 - [TEST_STEP][PASSED] - ComboBoxValue = getAttribute(NewInputNmField, "value"): Attribute 'value' of object 'Object Repository/Objects.HighlightElements/input_field' is: '1004'

2020-05-29 02:36:01 - [MESSAGE][PASSED] - Attribute 'value' of object 'Object Repository/Objects.HighlightElements/input_field' is: '1004'

2020-05-29 02:36:01 - [TEST_STEP][PASSED] - callTestCase(findTestCase(CallTCName), ["FindValue":ComboBoxValue, "DropdownNm":comboNm], STOP_ON_FAILURE): Call Test Case 'Test Cases/PFI Precision and Scale/PFI Components/PELists' successfully

2020-05-29 02:36:01 - [TEST_CASE][PASSED] - Test Cases/PFI Precision and Scale/PFI Components/PELists: Test Cases/PFI Precision and Scale/PFI Components/PELists

2020-05-29 02:36:01 - [TEST_STEP][PASSED] - Thread.sleep(1000): null

2020-05-29 02:36:02 - [TEST_STEP][PASSED] - PEListsTBL = ["0011":"QP-Formatted Address", "0012":"QP-0012", "0014":"QP-0014", "0015":"QP-0015", "0016":"QP-0016", "3214":"Dummy QP Name 3861", ... ]: null

2020-05-29 02:36:02 - [TEST_STEP][PASSED] - switch (DropdownNm): null

2020-05-29 02:36:02 - [TEST_STEP][PASSED] - case "PENo":: null

2020-05-29 02:36:02 - [TEST_STEP][PASSED] - ValueFound = FindValue + " (" + get(FindValue).toString() + ")": null

2020-05-29 02:36:02 - [TEST_STEP][PASSED] - break: null

2020-05-29 02:36:02 - [MESSAGE][PASSED] - Call Test Case 'Test Cases/PFI Precision and Scale/PFI Components/PELists' successfully

2020-05-29 02:36:02 - [TEST_STEP][PASSED] - println(ValueFound): null

2020-05-29 02:36:02 - [TEST_STEP][PASSED] - sendKeys(NewInputNmField, Keys.chord(ARROW_DOWN)): Keys 'DOWN + ' sent to object: 'Object Repository/Objects.HighlightElements/input_field'

2020-05-29 02:36:02 - [MESSAGE][PASSED] - Keys 'DOWN + ' sent to object: 'Object Repository/Objects.HighlightElements/input_field'

2020-05-29 02:36:02 - [TEST_STEP][PASSED] - sendKeys(NewInputNmField, Keys.chord(ARROW_DOWN)): Keys 'DOWN + ' sent to object: 'Object Repository/Objects.HighlightElements/input_field'

2020-05-29 02:36:03 - [MESSAGE][PASSED] - Keys 'DOWN + ' sent to object: 'Object Repository/Objects.HighlightElements/input_field'

2020-05-29 02:36:03 - [TEST_STEP][PASSED] - delay(DelayTime): Delayed 5 second(s)

2020-05-29 02:36:08 - [MESSAGE][PASSED] - Delayed 5 second(s)

2020-05-29 02:36:08 - [TEST_STEP][PASSED] - sendKeys(NewInputNmField, Keys.chord(ENTER)): Keys 'ENTER + ' sent to object: 'Object Repository/Objects.HighlightElements/input_field'

2020-05-29 02:36:08 - [MESSAGE][PASSED] - Keys 'ENTER + ' sent to object: 'Object Repository/Objects.HighlightElements/input_field'

2020-05-29 02:36:08 - [TEST_STEP][PASSED] - ComboBoxValue = getAttribute(NewInputNmField, "value"): Attribute 'value' of object 'Object Repository/Objects.HighlightElements/input_field' is: '1004'

2020-05-29 02:36:08 - [MESSAGE][PASSED] - Attribute 'value' of object 'Object Repository/Objects.HighlightElements/input_field' is: '1004'

2020-05-29 02:36:08 - [TEST_STEP][PASSED] - callTestCase(findTestCase(CallTCName), ["FindValue":ComboBoxValue, "DropdownNm":comboNm], STOP_ON_FAILURE): Call Test Case 'Test Cases/PFI Precision and Scale/PFI Components/PELists' successfully

2020-05-29 02:36:08 - [TEST_CASE][PASSED] - Test Cases/PFI Precision and Scale/PFI Components/PELists: Test Cases/PFI Precision and Scale/PFI Components/PELists

2020-05-29 02:36:08 - [TEST_STEP][PASSED] - Thread.sleep(1000): null

2020-05-29 02:36:09 - [TEST_STEP][PASSED] - PEListsTBL = ["0011":"QP-Formatted Address", "0012":"QP-0012", "0014":"QP-0014", "0015":"QP-0015", "0016":"QP-0016", "3214":"Dummy QP Name 3861", ... ]: null

2020-05-29 02:36:09 - [TEST_STEP][PASSED] - switch (DropdownNm): null

2020-05-29 02:36:09 - [TEST_STEP][PASSED] - case "PENo":: null

2020-05-29 02:36:09 - [TEST_STEP][PASSED] - ValueFound = FindValue + " (" + get(FindValue).toString() + ")": null

2020-05-29 02:36:09 - [TEST_STEP][PASSED] - break: null

2020-05-29 02:36:09 - [MESSAGE][PASSED] - Call Test Case 'Test Cases/PFI Precision and Scale/PFI Components/PELists' successfully

2020-05-29 02:36:09 - [TEST_STEP][PASSED] - println(ValueFound): null

2020-05-29 02:36:09 - [TEST_STEP][PASSED] - sendKeys(NewInputNmField, Keys.chord(ARROW_DOWN)): Keys 'DOWN + ' sent to object: 'Object Repository/Objects.HighlightElements/input_field'

2020-05-29 02:36:10 - [MESSAGE][PASSED] - Keys 'DOWN + ' sent to object: 'Object Repository/Objects.HighlightElements/input_field'

2020-05-29 02:36:10 - [TEST_STEP][PASSED] - sendKeys(NewInputNmField, Keys.chord(ARROW_DOWN)): Keys 'DOWN + ' sent to object: 'Object Repository/Objects.HighlightElements/input_field'

2020-05-29 02:36:10 - [MESSAGE][PASSED] - Keys 'DOWN + ' sent to object: 'Object Repository/Objects.HighlightElements/input_field'

2020-05-29 02:36:10 - [TEST_STEP][PASSED] - delay(DelayTime): Delayed 5 second(s)

2020-05-29 02:36:15 - [MESSAGE][PASSED] - Delayed 5 second(s)

2020-05-29 02:36:15 - [TEST_STEP][PASSED] - sendKeys(NewInputNmField, Keys.chord(ENTER)): Keys 'ENTER + ' sent to object: 'Object Repository/Objects.HighlightElements/input_field'

2020-05-29 02:36:15 - [MESSAGE][PASSED] - Keys 'ENTER + ' sent to object: 'Object Repository/Objects.HighlightElements/input_field'

2020-05-29 02:36:15 - [TEST_STEP][PASSED] - ComboBoxValue = getAttribute(NewInputNmField, "value"): Attribute 'value' of object 'Object Repository/Objects.HighlightElements/input_field' is: '1004'

2020-05-29 02:36:16 - [MESSAGE][PASSED] - Attribute 'value' of object 'Object Repository/Objects.HighlightElements/input_field' is: '1004'

2020-05-29 02:36:16 - [TEST_STEP][PASSED] - callTestCase(findTestCase(CallTCName), ["FindValue":ComboBoxValue, "DropdownNm":comboNm], STOP_ON_FAILURE): Call Test Case 'Test Cases/PFI Precision and Scale/PFI Components/PELists' successfully

2020-05-29 02:36:16 - [TEST_CASE][PASSED] - Test Cases/PFI Precision and Scale/PFI Components/PELists: Test Cases/PFI Precision and Scale/PFI Components/PELists

2020-05-29 02:36:16 - [TEST_STEP][PASSED] - Thread.sleep(1000): null

2020-05-29 02:36:17 - [TEST_STEP][PASSED] - PEListsTBL = ["0011":"QP-Formatted Address", "0012":"QP-0012", "0014":"QP-0014", "0015":"QP-0015", "0016":"QP-0016", "3214":"Dummy QP Name 3861", ... ]: null

2020-05-29 02:36:17 - [TEST_STEP][PASSED] - switch (DropdownNm): null

2020-05-29 02:36:17 - [TEST_STEP][PASSED] - case "PENo":: null

2020-05-29 02:36:17 - [TEST_STEP][PASSED] - ValueFound = FindValue + " (" + get(FindValue).toString() + ")": null

2020-05-29 02:36:17 - [TEST_STEP][PASSED] - break: null

2020-05-29 02:36:17 - [MESSAGE][PASSED] - Call Test Case 'Test Cases/PFI Precision and Scale/PFI Components/PELists' successfully

2020-05-29 02:36:17 - [TEST_STEP][PASSED] - println(ValueFound): null

2020-05-29 02:36:17 - [TEST_STEP][PASSED] - sendKeys(NewInputNmField, Keys.chord(ARROW_DOWN)): Keys 'DOWN + ' sent to object: 'Object Repository/Objects.HighlightElements/input_field'

2020-05-29 02:36:17 - [MESSAGE][PASSED] - Keys 'DOWN + ' sent to object: 'Object Repository/Objects.HighlightElements/input_field'

2020-05-29 02:36:17 - [TEST_STEP][PASSED] - sendKeys(NewInputNmField, Keys.chord(ARROW_DOWN)): Keys 'DOWN + ' sent to object: 'Object Repository/Objects.HighlightElements/input_field'

2020-05-29 02:36:17 - [MESSAGE][PASSED] - Keys 'DOWN + ' sent to object: 'Object Repository/Objects.HighlightElements/input_field'

2020-05-29 02:36:17 - [TEST_STEP][PASSED] - delay(DelayTime): Delayed 5 second(s)

2020-05-29 02:36:22 - [MESSAGE][PASSED] - Delayed 5 second(s)

2020-05-29 02:36:22 - [TEST_STEP][PASSED] - sendKeys(NewInputNmField, Keys.chord(ENTER)): Keys 'ENTER + ' sent to object: 'Object Repository/Objects.HighlightElements/input_field'

2020-05-29 02:36:23 - [MESSAGE][PASSED] - Keys 'ENTER + ' sent to object: 'Object Repository/Objects.HighlightElements/input_field'

2020-05-29 02:36:23 - [TEST_STEP][PASSED] - ComboBoxValue = getAttribute(NewInputNmField, "value"): Attribute 'value' of object 'Object Repository/Objects.HighlightElements/input_field' is: '1004'

2020-05-29 02:36:23 - [MESSAGE][PASSED] - Attribute 'value' of object 'Object Repository/Objects.HighlightElements/input_field' is: '1004'

2020-05-29 02:36:23 - [TEST_STEP][PASSED] - callTestCase(findTestCase(CallTCName), ["FindValue":ComboBoxValue, "DropdownNm":comboNm], STOP_ON_FAILURE): Call Test Case 'Test Cases/PFI Precision and Scale/PFI Components/PELists' successfully

2020-05-29 02:36:23 - [TEST_CASE][PASSED] - Test Cases/PFI Precision and Scale/PFI Components/PELists: Test Cases/PFI Precision and Scale/PFI Components/PELists

2020-05-29 02:36:23 - [TEST_STEP][PASSED] - Thread.sleep(1000): null

2020-05-29 02:36:24 - [TEST_STEP][PASSED] - PEListsTBL = ["0011":"QP-Formatted Address", "0012":"QP-0012", "0014":"QP-0014", "0015":"QP-0015", "0016":"QP-0016", "3214":"Dummy QP Name 3861", ... ]: null

2020-05-29 02:36:24 - [TEST_STEP][PASSED] - switch (DropdownNm): null

2020-05-29 02:36:24 - [TEST_STEP][PASSED] - case "PENo":: null

2020-05-29 02:36:24 - [TEST_STEP][PASSED] - ValueFound = FindValue + " (" + get(FindValue).toString() + ")": null

2020-05-29 02:36:24 - [TEST_STEP][PASSED] - break: null

2020-05-29 02:36:24 - [MESSAGE][PASSED] - Call Test Case 'Test Cases/PFI Precision and Scale/PFI Components/PELists' successfully

2020-05-29 02:36:24 - [TEST_STEP][PASSED] - println(ValueFound): null

2020-05-29 02:36:24 - [TEST_STEP][PASSED] - sendKeys(NewInputNmField, Keys.chord(ARROW_DOWN)): Keys 'DOWN + ' sent to object: 'Object Repository/Objects.HighlightElements/input_field'

2020-05-29 02:36:24 - [MESSAGE][PASSED] - Keys 'DOWN + ' sent to object: 'Object Repository/Objects.HighlightElements/input_field'

2020-05-29 02:36:24 - [TEST_STEP][PASSED] - sendKeys(NewInputNmField, Keys.chord(ARROW_DOWN)): Keys 'DOWN + ' sent to object: 'Object Repository/Objects.HighlightElements/input_field'

2020-05-29 02:36:25 - [MESSAGE][PASSED] - Keys 'DOWN + ' sent to object: 'Object Repository/Objects.HighlightElements/input_field'

2020-05-29 02:36:25 - [TEST_STEP][PASSED] - delay(DelayTime): Delayed 5 second(s)

2020-05-29 02:36:30 - [MESSAGE][PASSED] - Delayed 5 second(s)

2020-05-29 02:36:30 - [TEST_STEP][PASSED] - sendKeys(NewInputNmField, Keys.chord(ENTER)): Keys 'ENTER + ' sent to object: 'Object Repository/Objects.HighlightElements/input_field'

2020-05-29 02:36:30 - [MESSAGE][PASSED] - Keys 'ENTER + ' sent to object: 'Object Repository/Objects.HighlightElements/input_field'

2020-05-29 02:36:30 - [TEST_STEP][PASSED] - ComboBoxValue = getAttribute(NewInputNmField, "value"): Attribute 'value' of object 'Object Repository/Objects.HighlightElements/input_field' is: '1004'

2020-05-29 02:36:30 - [MESSAGE][PASSED] - Attribute 'value' of object 'Object Repository/Objects.HighlightElements/input_field' is: '1004'

2020-05-29 02:36:30 - [TEST_STEP][PASSED] - callTestCase(findTestCase(CallTCName), ["FindValue":ComboBoxValue, "DropdownNm":comboNm], STOP_ON_FAILURE): Call Test Case 'Test Cases/PFI Precision and Scale/PFI Components/PELists' successfully

2020-05-29 02:36:30 - [TEST_CASE][PASSED] - Test Cases/PFI Precision and Scale/PFI Components/PELists: Test Cases/PFI Precision and Scale/PFI Components/PELists

2020-05-29 02:36:30 - [TEST_STEP][PASSED] - Thread.sleep(1000): null

2020-05-29 02:36:31 - [TEST_STEP][PASSED] - PEListsTBL = ["0011":"QP-Formatted Address", "0012":"QP-0012", "0014":"QP-0014", "0015":"QP-0015", "0016":"QP-0016", "3214":"Dummy QP Name 3861", ... ]: null

2020-05-29 02:36:31 - [TEST_STEP][PASSED] - switch (DropdownNm): null

2020-05-29 02:36:31 - [TEST_STEP][PASSED] - case "PENo":: null

2020-05-29 02:36:31 - [TEST_STEP][PASSED] - ValueFound = FindValue + " (" + get(FindValue).toString() + ")": null

2020-05-29 02:36:31 - [TEST_STEP][PASSED] - break: null

2020-05-29 02:36:31 - [MESSAGE][PASSED] - Call Test Case 'Test Cases/PFI Precision and Scale/PFI Components/PELists' successfully

2020-05-29 02:36:31 - [TEST_STEP][PASSED] - println(ValueFound): null

2020-05-29 02:36:31 - [TEST_STEP][PASSED] - sendKeys(NewInputNmField, Keys.chord(ARROW_DOWN)): Keys 'DOWN + ' sent to object: 'Object Repository/Objects.HighlightElements/input_field'

2020-05-29 02:36:31 - [MESSAGE][PASSED] - Keys 'DOWN + ' sent to object: 'Object Repository/Objects.HighlightElements/input_field'

2020-05-29 02:36:31 - [TEST_STEP][PASSED] - sendKeys(NewInputNmField, Keys.chord(ARROW_DOWN)): Keys 'DOWN + ' sent to object: 'Object Repository/Objects.HighlightElements/input_field'

2020-05-29 02:36:32 - [MESSAGE][PASSED] - Keys 'DOWN + ' sent to object: 'Object Repository/Objects.HighlightElements/input_field'

2020-05-29 02:36:32 - [TEST_STEP][PASSED] - delay(DelayTime): Delayed 5 second(s)

2020-05-29 02:36:37 - [MESSAGE][PASSED] - Delayed 5 second(s)

2020-05-29 02:36:37 - [TEST_STEP][PASSED] - sendKeys(NewInputNmField, Keys.chord(ENTER)): Keys 'ENTER + ' sent to object: 'Object Repository/Objects.HighlightElements/input_field'

2020-05-29 02:36:37 - [MESSAGE][PASSED] - Keys 'ENTER + ' sent to object: 'Object Repository/Objects.HighlightElements/input_field'

2020-05-29 02:36:37 - [TEST_STEP][PASSED] - ComboBoxValue = getAttribute(NewInputNmField, "value"): Attribute 'value' of object 'Object Repository/Objects.HighlightElements/input_field' is: '1004'

2020-05-29 02:36:37 - [MESSAGE][PASSED] - Attribute 'value' of object 'Object Repository/Objects.HighlightElements/input_field' is: '1004'

2020-05-29 02:36:37 - [TEST_STEP][PASSED] - callTestCase(findTestCase(CallTCName), ["FindValue":ComboBoxValue, "DropdownNm":comboNm], STOP_ON_FAILURE): Call Test Case 'Test Cases/PFI Precision and Scale/PFI Components/PELists' successfully

2020-05-29 02:36:37 - [TEST_CASE][PASSED] - Test Cases/PFI Precision and Scale/PFI Components/PELists: Test Cases/PFI Precision and Scale/PFI Components/PELists

2020-05-29 02:36:37 - [TEST_STEP][PASSED] - Thread.sleep(1000): null

2020-05-29 02:36:38 - [TEST_STEP][PASSED] - PEListsTBL = ["0011":"QP-Formatted Address", "0012":"QP-0012", "0014":"QP-0014", "0015":"QP-0015", "0016":"QP-0016", "3214":"Dummy QP Name 3861", ... ]: null

2020-05-29 02:36:38 - [TEST_STEP][PASSED] - switch (DropdownNm): null

2020-05-29 02:36:38 - [TEST_STEP][PASSED] - case "PENo":: null

2020-05-29 02:36:38 - [TEST_STEP][PASSED] - ValueFound = FindValue + " (" + get(FindValue).toString() + ")": null

2020-05-29 02:36:38 - [TEST_STEP][PASSED] - break: null

2020-05-29 02:36:38 - [MESSAGE][PASSED] - Call Test Case 'Test Cases/PFI Precision and Scale/PFI Components/PELists' successfully

2020-05-29 02:36:38 - [TEST_STEP][PASSED] - println(ValueFound): null

2020-05-29 02:36:38 - [TEST_STEP][PASSED] - sendKeys(NewInputNmField, Keys.chord(ARROW_DOWN)): Keys 'DOWN + ' sent to object: 'Object Repository/Objects.HighlightElements/input_field'

2020-05-29 02:36:39 - [MESSAGE][PASSED] - Keys 'DOWN + ' sent to object: 'Object Repository/Objects.HighlightElements/input_field'

2020-05-29 02:36:39 - [TEST_STEP][PASSED] - sendKeys(NewInputNmField, Keys.chord(ENTER)): Keys 'ENTER + ' sent to object: 'Object Repository/Objects.HighlightElements/input_field'

2020-05-29 02:36:39 - [MESSAGE][PASSED] - Keys 'ENTER + ' sent to object: 'Object Repository/Objects.HighlightElements/input_field'

2020-05-29 02:36:39 - [MESSAGE][PASSED] - Call Test Case 'Test Cases/PFI Precision and Scale/PFI Components/VerifyDropdownValues' successfully

2020-05-29 02:36:39 - [TEST_STEP][NOT_RUN] - callTestCase(findTestCase("Components/Logout"), ["LogoutPageTextToBeVerified":findTestData("Datatable").getValue("HomeBanner", 2)], STOP_ON_FAILURE): NOT_RUN: callTestCase(findTestCase("Components/Logout"), ["LogoutPageTextToBeVerified":findTestData("Datatable").getValue("HomeBanner", 2)], STOP_ON_FAILURE)

2020-05-29 02:36:39 - [MESSAGE][NOT_RUN] - NOT_RUN: callTestCase(findTestCase("Components/Logout"), ["LogoutPageTextToBeVerified":findTestData("Datatable").getValue("HomeBanner", 2)], STOP_ON_FAILURE)]]></system-out>
         <system-err><![CDATA[]]></system-err>
      </testcase>
      <testcase name="Test Cases/PFI Precision and Scale/PFI Test Cases/PFI.UpdateReportsLHS" time="76.792" classname="Test Cases/PFI Precision and Scale/PFI Test Cases/PFI.UpdateReportsLHS" status="PASSED">
         <system-out><![CDATA[2020-05-29 02:36:39 - [TEST_CASE][PASSED] - Test Cases/PFI Precision and Scale/PFI Test Cases/PFI.UpdateReportsLHS: Test Cases/PFI Precision and Scale/PFI Test Cases/PFI.UpdateReportsLHS

2020-05-29 02:36:39 - [TEST_STEP][NOT_RUN] - callTestCase(findTestCase("Components/LoginV2.0"), ["LinkToBeUsed":findTestData("ISPS2 Test Data").getValue("URL", 2), "LoginPageTextToBeVerified":findTestData("ISPS2 Test Data").getValue("HomeBanner", 2), ... ], STOP_ON_FAILURE): NOT_RUN: callTestCase(findTestCase("Components/LoginV2.0"), ["LinkToBeUsed":findTestData("ISPS2 Test Data").getValue("URL", 2), "LoginPageTextToBeVerified":findTestData("ISPS2 Test Data").getValue("HomeBanner", 2), ... ], STOP_ON_FAILURE)

2020-05-29 02:36:39 - [MESSAGE][NOT_RUN] - NOT_RUN: callTestCase(findTestCase("Components/LoginV2.0"), ["LinkToBeUsed":findTestData("ISPS2 Test Data").getValue("URL", 2), "LoginPageTextToBeVerified":findTestData("ISPS2 Test Data").getValue("HomeBanner", 2), ... ], STOP_ON_FAILURE)

2020-05-29 02:36:39 - [TEST_STEP][NOT_RUN] - callTestCase(findTestCase("Components/NavigateToHomepageHeaders"), ["headerText":"My Tasks"], STOP_ON_FAILURE): NOT_RUN: callTestCase(findTestCase("Components/NavigateToHomepageHeaders"), ["headerText":"My Tasks"], STOP_ON_FAILURE)

2020-05-29 02:36:39 - [MESSAGE][NOT_RUN] - NOT_RUN: callTestCase(findTestCase("Components/NavigateToHomepageHeaders"), ["headerText":"My Tasks"], STOP_ON_FAILURE)

2020-05-29 02:36:39 - [TEST_STEP][NOT_RUN] - callTestCase(findTestCase("Components/Filter"), ["taskDescription":"Process Case (SM)"], STOP_ON_FAILURE): NOT_RUN: callTestCase(findTestCase("Components/Filter"), ["taskDescription":"Process Case (SM)"], STOP_ON_FAILURE)

2020-05-29 02:36:39 - [MESSAGE][NOT_RUN] - NOT_RUN: callTestCase(findTestCase("Components/Filter"), ["taskDescription":"Process Case (SM)"], STOP_ON_FAILURE)

2020-05-29 02:36:39 - [TEST_STEP][NOT_RUN] - callTestCase(findTestCase("Components/ClickLinkDependingOnTextAndIndex"), ["linkName":"Process Case (SM)", "index":"3"], STOP_ON_FAILURE): NOT_RUN: callTestCase(findTestCase("Components/ClickLinkDependingOnTextAndIndex"), ["linkName":"Process Case (SM)", "index":"3"], STOP_ON_FAILURE)

2020-05-29 02:36:39 - [MESSAGE][NOT_RUN] - NOT_RUN: callTestCase(findTestCase("Components/ClickLinkDependingOnTextAndIndex"), ["linkName":"Process Case (SM)", "index":"3"], STOP_ON_FAILURE)

2020-05-29 02:36:39 - [TEST_STEP][PASSED] - callTestCase(findTestCase("Components/NavigateToAnyLHS"), ["LHS":"Update Reports"], STOP_ON_FAILURE): Call Test Case 'Test Cases/Components/NavigateToAnyLHS' successfully

2020-05-29 02:36:39 - [TEST_CASE][PASSED] - Test Cases/Components/NavigateToAnyLHS: Test Cases/Components/NavigateToAnyLHS

2020-05-29 02:36:39 - [TEST_STEP][PASSED] - Thread.sleep(1000): null

2020-05-29 02:36:40 - [TEST_STEP][PASSED] - modifiedLHS = modifyObjectProperty(findTestObject("Objects.NavigateToAnyLHS/Page_ISPS2/LHSToModify"), "text", "equals", LHS, true): Modify property of object successfully

2020-05-29 02:36:40 - [MESSAGE][PASSED] - Modify property of object successfully

2020-05-29 02:36:40 - [TEST_STEP][PASSED] - click(modifiedLHS): Object: 'Object Repository/Objects.NavigateToAnyLHS/Page_ISPS2/LHSToModify' is clicked on

2020-05-29 02:36:41 - [MESSAGE][PASSED] - Object: 'Object Repository/Objects.NavigateToAnyLHS/Page_ISPS2/LHSToModify' is clicked on

2020-05-29 02:36:41 - [TEST_STEP][PASSED] - currentLHS = getText(modifiedLHS): Text of object 'Object Repository/Objects.NavigateToAnyLHS/Page_ISPS2/LHSToModify' is: 'Update Reports'

2020-05-29 02:36:41 - [MESSAGE][PASSED] - Text of object 'Object Repository/Objects.NavigateToAnyLHS/Page_ISPS2/LHSToModify' is: 'Update Reports'

2020-05-29 02:36:41 - [TEST_STEP][PASSED] - Thread.sleep(5000): null

2020-05-29 02:36:46 - [MESSAGE][PASSED] - Call Test Case 'Test Cases/Components/NavigateToAnyLHS' successfully

2020-05-29 02:36:46 - [TEST_STEP][PASSED] - callTestCase(findTestCase("Components/VerifyPageSuccessfullyLoadedII"), ["PageNm":"Update Reports"], STOP_ON_FAILURE): Call Test Case 'Test Cases/Components/VerifyPageSuccessfullyLoadedII' successfully

2020-05-29 02:36:47 - [TEST_CASE][PASSED] - Test Cases/Components/VerifyPageSuccessfullyLoadedII: Test Cases/Components/VerifyPageSuccessfullyLoadedII

2020-05-29 02:36:47 - [TEST_STEP][PASSED] - Thread.sleep(1000): null

2020-05-29 02:36:48 - [TEST_STEP][PASSED] - modifiedInputFld = modifyObjectProperty(findTestObject("Object Repository/Objects.VerifyPageSuccessfullyLoaded/PageHeaderIndex"), "xpath", "equals", "//*[contains(@class,'isps-page-title') and (text()='" + PageNm + "')]", true): Modify property of object successfully

2020-05-29 02:36:48 - [MESSAGE][PASSED] - Modify property of object successfully

2020-05-29 02:36:48 - [TEST_STEP][PASSED] - com.reusableComponents.HighlightElement.run(modifiedInputFld): com.reusableComponents.HighlightElement.run is PASSED

2020-05-29 02:36:48 - [MESSAGE][PASSED] - com.reusableComponents.HighlightElement.run is PASSED

2020-05-29 02:36:48 - [MESSAGE][PASSED] - Call Test Case 'Test Cases/Components/VerifyPageSuccessfullyLoadedII' successfully

2020-05-29 02:36:48 - [TEST_STEP][PASSED] - callTestCase(findTestCase("Components/ClickAddButtonII"), [:], STOP_ON_FAILURE): Call Test Case 'Test Cases/Components/ClickAddButtonII' successfully

2020-05-29 02:36:48 - [TEST_CASE][PASSED] - Test Cases/Components/ClickAddButtonII: Test Cases/Components/ClickAddButtonII

2020-05-29 02:36:48 - [TEST_STEP][PASSED] - Thread.sleep(1000): null

2020-05-29 02:36:49 - [TEST_STEP][PASSED] - com.reusableComponents.HighlightElement.run(findTestObject("Objects.ClickAddButtonII/XP_AddButton")): com.reusableComponents.HighlightElement.run is PASSED

2020-05-29 02:36:50 - [MESSAGE][PASSED] - com.reusableComponents.HighlightElement.run is PASSED

2020-05-29 02:36:50 - [TEST_STEP][PASSED] - click(findTestObject("Objects.ClickAddButtonII/XP_AddButton")): Object: 'Object Repository/Objects.ClickAddButtonII/XP_AddButton' is clicked on

2020-05-29 02:36:50 - [MESSAGE][PASSED] - Object: 'Object Repository/Objects.ClickAddButtonII/XP_AddButton' is clicked on

2020-05-29 02:36:50 - [TEST_STEP][PASSED] - Thread.sleep(5000): null

2020-05-29 02:36:55 - [MESSAGE][PASSED] - Call Test Case 'Test Cases/Components/ClickAddButtonII' successfully

2020-05-29 02:36:55 - [TEST_STEP][PASSED] - callTestCase(findTestCase("PFI Precision and Scale/PFI Components/RequiredFieldValidation"), ["nameToBeUsed":"dFormCode"], STOP_ON_FAILURE): Call Test Case 'Test Cases/PFI Precision and Scale/PFI Components/RequiredFieldValidation' successfully

2020-05-29 02:36:56 - [TEST_CASE][PASSED] - Test Cases/PFI Precision and Scale/PFI Components/RequiredFieldValidation: Test Cases/PFI Precision and Scale/PFI Components/RequiredFieldValidation

2020-05-29 02:36:56 - [TEST_STEP][PASSED] - enableSmartWait(): null

2020-05-29 02:36:56 - [TEST_STEP][PASSED] - NewInputNmField = modifyObjectProperty(findTestObject("Objects.HighlightElements/input_field"), "name", "equals", nameToBeUsed, true): Modify property of object successfully

2020-05-29 02:36:56 - [MESSAGE][PASSED] - Modify property of object successfully

2020-05-29 02:36:56 - [TEST_STEP][PASSED] - mouseOver(NewInputNmField): Object: 'Object Repository/Objects.HighlightElements/input_field' is hovered

2020-05-29 02:36:56 - [MESSAGE][PASSED] - Object: 'Object Repository/Objects.HighlightElements/input_field' is hovered

2020-05-29 02:36:56 - [TEST_STEP][PASSED] - getRqErrMsg = getAttribute(NewInputNmField, "data-errorqtip"): Attribute 'data-errorqtip' of object 'Object Repository/Objects.HighlightElements/input_field' is: '<ul class="x-list-plain"><li>This field is required</li></ul>'

2020-05-29 02:36:56 - [MESSAGE][PASSED] - Attribute 'data-errorqtip' of object 'Object Repository/Objects.HighlightElements/input_field' is: '<ul class="x-list-plain"><li>This field is required</li></ul>'

2020-05-29 02:36:56 - [TEST_STEP][PASSED] - strToolTip = getRqErrMsg.substring(29, 61): null

2020-05-29 02:36:56 - [TEST_STEP][PASSED] - toolTipReqErrMsg = strToolTip.substring(0, 22): null

2020-05-29 02:36:56 - [TEST_STEP][PASSED] - verifyMatch(toolTipReqErrMsg, RqField, true): Actual text 'This field is required' and expected text 'This field is required' are matched  using regular expression

2020-05-29 02:36:56 - [MESSAGE][PASSED] - Actual text 'This field is required' and expected text 'This field is required' are matched  using regular expression

2020-05-29 02:36:56 - [MESSAGE][PASSED] - Call Test Case 'Test Cases/PFI Precision and Scale/PFI Components/RequiredFieldValidation' successfully

2020-05-29 02:36:56 - [TEST_STEP][PASSED] - callTestCase(findTestCase("PFI Precision and Scale/PFI Components/RequiredFieldValidation"), ["nameToBeUsed":"rptRecvDt"], STOP_ON_FAILURE): Call Test Case 'Test Cases/PFI Precision and Scale/PFI Components/RequiredFieldValidation' successfully

2020-05-29 02:36:56 - [TEST_CASE][PASSED] - Test Cases/PFI Precision and Scale/PFI Components/RequiredFieldValidation: Test Cases/PFI Precision and Scale/PFI Components/RequiredFieldValidation

2020-05-29 02:36:56 - [TEST_STEP][PASSED] - enableSmartWait(): null

2020-05-29 02:36:56 - [TEST_STEP][PASSED] - NewInputNmField = modifyObjectProperty(findTestObject("Objects.HighlightElements/input_field"), "name", "equals", nameToBeUsed, true): Modify property of object successfully

2020-05-29 02:36:56 - [MESSAGE][PASSED] - Modify property of object successfully

2020-05-29 02:36:56 - [TEST_STEP][PASSED] - mouseOver(NewInputNmField): Object: 'Object Repository/Objects.HighlightElements/input_field' is hovered

2020-05-29 02:36:57 - [MESSAGE][PASSED] - Object: 'Object Repository/Objects.HighlightElements/input_field' is hovered

2020-05-29 02:36:57 - [TEST_STEP][PASSED] - getRqErrMsg = getAttribute(NewInputNmField, "data-errorqtip"): Attribute 'data-errorqtip' of object 'Object Repository/Objects.HighlightElements/input_field' is: '<ul class="x-list-plain"><li>This field is required</li></ul>'

2020-05-29 02:36:57 - [MESSAGE][PASSED] - Attribute 'data-errorqtip' of object 'Object Repository/Objects.HighlightElements/input_field' is: '<ul class="x-list-plain"><li>This field is required</li></ul>'

2020-05-29 02:36:57 - [TEST_STEP][PASSED] - strToolTip = getRqErrMsg.substring(29, 61): null

2020-05-29 02:36:57 - [TEST_STEP][PASSED] - toolTipReqErrMsg = strToolTip.substring(0, 22): null

2020-05-29 02:36:57 - [TEST_STEP][PASSED] - verifyMatch(toolTipReqErrMsg, RqField, true): Actual text 'This field is required' and expected text 'This field is required' are matched  using regular expression

2020-05-29 02:36:57 - [MESSAGE][PASSED] - Actual text 'This field is required' and expected text 'This field is required' are matched  using regular expression

2020-05-29 02:36:57 - [MESSAGE][PASSED] - Call Test Case 'Test Cases/PFI Precision and Scale/PFI Components/RequiredFieldValidation' successfully

2020-05-29 02:36:57 - [TEST_STEP][PASSED] - callTestCase(findTestCase("PFI Precision and Scale/PFI Components/RequiredFieldValidation"), ["nameToBeUsed":"rptTypeCode"], STOP_ON_FAILURE): Call Test Case 'Test Cases/PFI Precision and Scale/PFI Components/RequiredFieldValidation' successfully

2020-05-29 02:36:57 - [TEST_CASE][PASSED] - Test Cases/PFI Precision and Scale/PFI Components/RequiredFieldValidation: Test Cases/PFI Precision and Scale/PFI Components/RequiredFieldValidation

2020-05-29 02:36:57 - [TEST_STEP][PASSED] - enableSmartWait(): null

2020-05-29 02:36:57 - [TEST_STEP][PASSED] - NewInputNmField = modifyObjectProperty(findTestObject("Objects.HighlightElements/input_field"), "name", "equals", nameToBeUsed, true): Modify property of object successfully

2020-05-29 02:36:57 - [MESSAGE][PASSED] - Modify property of object successfully

2020-05-29 02:36:57 - [TEST_STEP][PASSED] - mouseOver(NewInputNmField): Object: 'Object Repository/Objects.HighlightElements/input_field' is hovered

2020-05-29 02:36:58 - [MESSAGE][PASSED] - Object: 'Object Repository/Objects.HighlightElements/input_field' is hovered

2020-05-29 02:36:58 - [TEST_STEP][PASSED] - getRqErrMsg = getAttribute(NewInputNmField, "data-errorqtip"): Attribute 'data-errorqtip' of object 'Object Repository/Objects.HighlightElements/input_field' is: '<ul class="x-list-plain"><li>This field is required</li></ul>'

2020-05-29 02:36:58 - [MESSAGE][PASSED] - Attribute 'data-errorqtip' of object 'Object Repository/Objects.HighlightElements/input_field' is: '<ul class="x-list-plain"><li>This field is required</li></ul>'

2020-05-29 02:36:58 - [TEST_STEP][PASSED] - strToolTip = getRqErrMsg.substring(29, 61): null

2020-05-29 02:36:58 - [TEST_STEP][PASSED] - toolTipReqErrMsg = strToolTip.substring(0, 22): null

2020-05-29 02:36:58 - [TEST_STEP][PASSED] - verifyMatch(toolTipReqErrMsg, RqField, true): Actual text 'This field is required' and expected text 'This field is required' are matched  using regular expression

2020-05-29 02:36:58 - [MESSAGE][PASSED] - Actual text 'This field is required' and expected text 'This field is required' are matched  using regular expression

2020-05-29 02:36:58 - [MESSAGE][PASSED] - Call Test Case 'Test Cases/PFI Precision and Scale/PFI Components/RequiredFieldValidation' successfully

2020-05-29 02:36:58 - [TEST_STEP][PASSED] - callTestCase(findTestCase("PFI Precision and Scale/PFI Components/RequiredFieldValidation"), ["nameToBeUsed":"rptComplyDt"], STOP_ON_FAILURE): Call Test Case 'Test Cases/PFI Precision and Scale/PFI Components/RequiredFieldValidation' successfully

2020-05-29 02:36:58 - [TEST_CASE][PASSED] - Test Cases/PFI Precision and Scale/PFI Components/RequiredFieldValidation: Test Cases/PFI Precision and Scale/PFI Components/RequiredFieldValidation

2020-05-29 02:36:58 - [TEST_STEP][PASSED] - enableSmartWait(): null

2020-05-29 02:36:58 - [TEST_STEP][PASSED] - NewInputNmField = modifyObjectProperty(findTestObject("Objects.HighlightElements/input_field"), "name", "equals", nameToBeUsed, true): Modify property of object successfully

2020-05-29 02:36:58 - [MESSAGE][PASSED] - Modify property of object successfully

2020-05-29 02:36:58 - [TEST_STEP][PASSED] - mouseOver(NewInputNmField): Object: 'Object Repository/Objects.HighlightElements/input_field' is hovered

2020-05-29 02:36:59 - [MESSAGE][PASSED] - Object: 'Object Repository/Objects.HighlightElements/input_field' is hovered

2020-05-29 02:36:59 - [TEST_STEP][PASSED] - getRqErrMsg = getAttribute(NewInputNmField, "data-errorqtip"): Attribute 'data-errorqtip' of object 'Object Repository/Objects.HighlightElements/input_field' is: '<ul class="x-list-plain"><li>This field is required</li></ul>'

2020-05-29 02:36:59 - [MESSAGE][PASSED] - Attribute 'data-errorqtip' of object 'Object Repository/Objects.HighlightElements/input_field' is: '<ul class="x-list-plain"><li>This field is required</li></ul>'

2020-05-29 02:36:59 - [TEST_STEP][PASSED] - strToolTip = getRqErrMsg.substring(29, 61): null

2020-05-29 02:36:59 - [TEST_STEP][PASSED] - toolTipReqErrMsg = strToolTip.substring(0, 22): null

2020-05-29 02:36:59 - [TEST_STEP][PASSED] - verifyMatch(toolTipReqErrMsg, RqField, true): Actual text 'This field is required' and expected text 'This field is required' are matched  using regular expression

2020-05-29 02:36:59 - [MESSAGE][PASSED] - Actual text 'This field is required' and expected text 'This field is required' are matched  using regular expression

2020-05-29 02:36:59 - [MESSAGE][PASSED] - Call Test Case 'Test Cases/PFI Precision and Scale/PFI Components/RequiredFieldValidation' successfully

2020-05-29 02:36:59 - [TEST_STEP][PASSED] - callTestCase(findTestCase("PFI Precision and Scale/PFI Components/RequiredFieldValidation"), ["nameToBeUsed":"submitBy"], STOP_ON_FAILURE): Call Test Case 'Test Cases/PFI Precision and Scale/PFI Components/RequiredFieldValidation' successfully

2020-05-29 02:36:59 - [TEST_CASE][PASSED] - Test Cases/PFI Precision and Scale/PFI Components/RequiredFieldValidation: Test Cases/PFI Precision and Scale/PFI Components/RequiredFieldValidation

2020-05-29 02:36:59 - [TEST_STEP][PASSED] - enableSmartWait(): null

2020-05-29 02:36:59 - [TEST_STEP][PASSED] - NewInputNmField = modifyObjectProperty(findTestObject("Objects.HighlightElements/input_field"), "name", "equals", nameToBeUsed, true): Modify property of object successfully

2020-05-29 02:36:59 - [MESSAGE][PASSED] - Modify property of object successfully

2020-05-29 02:36:59 - [TEST_STEP][PASSED] - mouseOver(NewInputNmField): Object: 'Object Repository/Objects.HighlightElements/input_field' is hovered

2020-05-29 02:36:59 - [MESSAGE][PASSED] - Object: 'Object Repository/Objects.HighlightElements/input_field' is hovered

2020-05-29 02:36:59 - [TEST_STEP][PASSED] - getRqErrMsg = getAttribute(NewInputNmField, "data-errorqtip"): Attribute 'data-errorqtip' of object 'Object Repository/Objects.HighlightElements/input_field' is: '<ul class="x-list-plain"><li>This field is required</li></ul>'

2020-05-29 02:37:00 - [MESSAGE][PASSED] - Attribute 'data-errorqtip' of object 'Object Repository/Objects.HighlightElements/input_field' is: '<ul class="x-list-plain"><li>This field is required</li></ul>'

2020-05-29 02:37:00 - [TEST_STEP][PASSED] - strToolTip = getRqErrMsg.substring(29, 61): null

2020-05-29 02:37:00 - [TEST_STEP][PASSED] - toolTipReqErrMsg = strToolTip.substring(0, 22): null

2020-05-29 02:37:00 - [TEST_STEP][PASSED] - verifyMatch(toolTipReqErrMsg, RqField, true): Actual text 'This field is required' and expected text 'This field is required' are matched  using regular expression

2020-05-29 02:37:00 - [MESSAGE][PASSED] - Actual text 'This field is required' and expected text 'This field is required' are matched  using regular expression

2020-05-29 02:37:00 - [MESSAGE][PASSED] - Call Test Case 'Test Cases/PFI Precision and Scale/PFI Components/RequiredFieldValidation' successfully

2020-05-29 02:37:00 - [TEST_STEP][PASSED] - callTestCase(findTestCase("PFI Precision and Scale/PFI Components/VerifyDropdownValues"), ["FldNm":"dFormCode", "CallTCName":"PFI Precision and Scale/PFI Components/ConstantHashMap", "cmbNm":"DForm", "NoOfVal":5, ... ], STOP_ON_FAILURE): Call Test Case 'Test Cases/PFI Precision and Scale/PFI Components/VerifyDropdownValues' successfully

2020-05-29 02:37:00 - [TEST_CASE][PASSED] - Test Cases/PFI Precision and Scale/PFI Components/VerifyDropdownValues: Test Cases/PFI Precision and Scale/PFI Components/VerifyDropdownValues

2020-05-29 02:37:00 - [TEST_STEP][PASSED] - Thread.sleep(1000): null

2020-05-29 02:37:01 - [TEST_STEP][PASSED] - NewInputNmField = modifyObjectProperty(findTestObject("Objects.HighlightElements/input_field"), "name", "equals", FldNm, true): Modify property of object successfully

2020-05-29 02:37:01 - [MESSAGE][PASSED] - Modify property of object successfully

2020-05-29 02:37:01 - [TEST_STEP][PASSED] - comboNm = cmbNm: null

2020-05-29 02:37:01 - [TEST_STEP][PASSED] - focus(NewInputNmField): Object: 'Object Repository/Objects.HighlightElements/input_field' is focused

2020-05-29 02:37:01 - [MESSAGE][PASSED] - Object: 'Object Repository/Objects.HighlightElements/input_field' is focused

2020-05-29 02:37:01 - [TEST_STEP][PASSED] - setText(NewInputNmField, EnterValue): Text '' is set on object 'Object Repository/Objects.HighlightElements/input_field'

2020-05-29 02:37:01 - [MESSAGE][PASSED] - Text '' is set on object 'Object Repository/Objects.HighlightElements/input_field'

2020-05-29 02:37:01 - [TEST_STEP][PASSED] - for ([i = 1, i <= NoOfVal, (i++)]): Keys 'DOWN + ' sent to object: 'Object Repository/Objects.HighlightElements/input_field'

2020-05-29 02:37:01 - [TEST_STEP][PASSED] - sendKeys(NewInputNmField, Keys.chord(ARROW_DOWN)): Keys 'DOWN + ' sent to object: 'Object Repository/Objects.HighlightElements/input_field'

2020-05-29 02:37:02 - [MESSAGE][PASSED] - Keys 'DOWN + ' sent to object: 'Object Repository/Objects.HighlightElements/input_field'

2020-05-29 02:37:02 - [TEST_STEP][PASSED] - delay(DelayTime): Delayed 0 second(s)

2020-05-29 02:37:02 - [MESSAGE][PASSED] - Delayed 0 second(s)

2020-05-29 02:37:02 - [TEST_STEP][PASSED] - sendKeys(NewInputNmField, Keys.chord(ENTER)): Keys 'ENTER + ' sent to object: 'Object Repository/Objects.HighlightElements/input_field'

2020-05-29 02:37:02 - [MESSAGE][PASSED] - Keys 'ENTER + ' sent to object: 'Object Repository/Objects.HighlightElements/input_field'

2020-05-29 02:37:02 - [TEST_STEP][PASSED] - ComboBoxValue = getAttribute(NewInputNmField, "value"): Attribute 'value' of object 'Object Repository/Objects.HighlightElements/input_field' is: 'D3'

2020-05-29 02:37:03 - [MESSAGE][PASSED] - Attribute 'value' of object 'Object Repository/Objects.HighlightElements/input_field' is: 'D3'

2020-05-29 02:37:03 - [TEST_STEP][PASSED] - callTestCase(findTestCase(CallTCName), ["FindValue":ComboBoxValue, "DropdownNm":comboNm], STOP_ON_FAILURE): Call Test Case 'Test Cases/PFI Precision and Scale/PFI Components/ConstantHashMap' successfully

2020-05-29 02:37:03 - [TEST_CASE][PASSED] - Test Cases/PFI Precision and Scale/PFI Components/ConstantHashMap: Test Cases/PFI Precision and Scale/PFI Components/ConstantHashMap

2020-05-29 02:37:03 - [TEST_STEP][PASSED] - ConstantTBL = [1:["PeriodType":"Working Day(s)"], 2:["PeriodType":"Calendar Day(s)"], 3:["PeriodType":"Month(s)"], 4:["TypeOfLetter":"T1"], ... ]: null

2020-05-29 02:37:03 - [TEST_STEP][PASSED] - switch (DropdownNm): null

2020-05-29 02:37:03 - [TEST_STEP][PASSED] - case "DForm":: null

2020-05-29 02:37:03 - [TEST_STEP][PASSED] - ValueFound = ConstantTBL.find({ -> ... }): null

2020-05-29 02:37:03 - [TEST_STEP][PASSED] - break: null

2020-05-29 02:37:03 - [MESSAGE][PASSED] - Call Test Case 'Test Cases/PFI Precision and Scale/PFI Components/ConstantHashMap' successfully

2020-05-29 02:37:03 - [TEST_STEP][PASSED] - println(ValueFound): null

2020-05-29 02:37:03 - [TEST_STEP][PASSED] - sendKeys(NewInputNmField, Keys.chord(ARROW_DOWN)): Keys 'DOWN + ' sent to object: 'Object Repository/Objects.HighlightElements/input_field'

2020-05-29 02:37:03 - [MESSAGE][PASSED] - Keys 'DOWN + ' sent to object: 'Object Repository/Objects.HighlightElements/input_field'

2020-05-29 02:37:03 - [TEST_STEP][PASSED] - sendKeys(NewInputNmField, Keys.chord(ARROW_DOWN)): Keys 'DOWN + ' sent to object: 'Object Repository/Objects.HighlightElements/input_field'

2020-05-29 02:37:03 - [MESSAGE][PASSED] - Keys 'DOWN + ' sent to object: 'Object Repository/Objects.HighlightElements/input_field'

2020-05-29 02:37:03 - [TEST_STEP][PASSED] - delay(DelayTime): Delayed 0 second(s)

2020-05-29 02:37:03 - [MESSAGE][PASSED] - Delayed 0 second(s)

2020-05-29 02:37:03 - [TEST_STEP][PASSED] - sendKeys(NewInputNmField, Keys.chord(ENTER)): Keys 'ENTER + ' sent to object: 'Object Repository/Objects.HighlightElements/input_field'

2020-05-29 02:37:04 - [MESSAGE][PASSED] - Keys 'ENTER + ' sent to object: 'Object Repository/Objects.HighlightElements/input_field'

2020-05-29 02:37:04 - [TEST_STEP][PASSED] - ComboBoxValue = getAttribute(NewInputNmField, "value"): Attribute 'value' of object 'Object Repository/Objects.HighlightElements/input_field' is: 'D4'

2020-05-29 02:37:04 - [MESSAGE][PASSED] - Attribute 'value' of object 'Object Repository/Objects.HighlightElements/input_field' is: 'D4'

2020-05-29 02:37:04 - [TEST_STEP][PASSED] - callTestCase(findTestCase(CallTCName), ["FindValue":ComboBoxValue, "DropdownNm":comboNm], STOP_ON_FAILURE): Call Test Case 'Test Cases/PFI Precision and Scale/PFI Components/ConstantHashMap' successfully

2020-05-29 02:37:04 - [TEST_CASE][PASSED] - Test Cases/PFI Precision and Scale/PFI Components/ConstantHashMap: Test Cases/PFI Precision and Scale/PFI Components/ConstantHashMap

2020-05-29 02:37:04 - [TEST_STEP][PASSED] - ConstantTBL = [1:["PeriodType":"Working Day(s)"], 2:["PeriodType":"Calendar Day(s)"], 3:["PeriodType":"Month(s)"], 4:["TypeOfLetter":"T1"], ... ]: null

2020-05-29 02:37:04 - [TEST_STEP][PASSED] - switch (DropdownNm): null

2020-05-29 02:37:04 - [TEST_STEP][PASSED] - case "DForm":: null

2020-05-29 02:37:04 - [TEST_STEP][PASSED] - ValueFound = ConstantTBL.find({ -> ... }): null

2020-05-29 02:37:04 - [TEST_STEP][PASSED] - break: null

2020-05-29 02:37:04 - [MESSAGE][PASSED] - Call Test Case 'Test Cases/PFI Precision and Scale/PFI Components/ConstantHashMap' successfully

2020-05-29 02:37:04 - [TEST_STEP][PASSED] - println(ValueFound): null

2020-05-29 02:37:04 - [TEST_STEP][PASSED] - sendKeys(NewInputNmField, Keys.chord(ARROW_DOWN)): Keys 'DOWN + ' sent to object: 'Object Repository/Objects.HighlightElements/input_field'

2020-05-29 02:37:05 - [MESSAGE][PASSED] - Keys 'DOWN + ' sent to object: 'Object Repository/Objects.HighlightElements/input_field'

2020-05-29 02:37:05 - [TEST_STEP][PASSED] - sendKeys(NewInputNmField, Keys.chord(ARROW_DOWN)): Keys 'DOWN + ' sent to object: 'Object Repository/Objects.HighlightElements/input_field'

2020-05-29 02:37:05 - [MESSAGE][PASSED] - Keys 'DOWN + ' sent to object: 'Object Repository/Objects.HighlightElements/input_field'

2020-05-29 02:37:05 - [TEST_STEP][PASSED] - delay(DelayTime): Delayed 0 second(s)

2020-05-29 02:37:05 - [MESSAGE][PASSED] - Delayed 0 second(s)

2020-05-29 02:37:05 - [TEST_STEP][PASSED] - sendKeys(NewInputNmField, Keys.chord(ENTER)): Keys 'ENTER + ' sent to object: 'Object Repository/Objects.HighlightElements/input_field'

2020-05-29 02:37:06 - [MESSAGE][PASSED] - Keys 'ENTER + ' sent to object: 'Object Repository/Objects.HighlightElements/input_field'

2020-05-29 02:37:06 - [TEST_STEP][PASSED] - ComboBoxValue = getAttribute(NewInputNmField, "value"): Attribute 'value' of object 'Object Repository/Objects.HighlightElements/input_field' is: 'D5'

2020-05-29 02:37:06 - [MESSAGE][PASSED] - Attribute 'value' of object 'Object Repository/Objects.HighlightElements/input_field' is: 'D5'

2020-05-29 02:37:06 - [TEST_STEP][PASSED] - callTestCase(findTestCase(CallTCName), ["FindValue":ComboBoxValue, "DropdownNm":comboNm], STOP_ON_FAILURE): Call Test Case 'Test Cases/PFI Precision and Scale/PFI Components/ConstantHashMap' successfully

2020-05-29 02:37:06 - [TEST_CASE][PASSED] - Test Cases/PFI Precision and Scale/PFI Components/ConstantHashMap: Test Cases/PFI Precision and Scale/PFI Components/ConstantHashMap

2020-05-29 02:37:06 - [TEST_STEP][PASSED] - ConstantTBL = [1:["PeriodType":"Working Day(s)"], 2:["PeriodType":"Calendar Day(s)"], 3:["PeriodType":"Month(s)"], 4:["TypeOfLetter":"T1"], ... ]: null

2020-05-29 02:37:06 - [TEST_STEP][PASSED] - switch (DropdownNm): null

2020-05-29 02:37:06 - [TEST_STEP][PASSED] - case "DForm":: null

2020-05-29 02:37:06 - [TEST_STEP][PASSED] - ValueFound = ConstantTBL.find({ -> ... }): null

2020-05-29 02:37:06 - [TEST_STEP][PASSED] - break: null

2020-05-29 02:37:06 - [MESSAGE][PASSED] - Call Test Case 'Test Cases/PFI Precision and Scale/PFI Components/ConstantHashMap' successfully

2020-05-29 02:37:06 - [TEST_STEP][PASSED] - println(ValueFound): null

2020-05-29 02:37:06 - [TEST_STEP][PASSED] - sendKeys(NewInputNmField, Keys.chord(ARROW_DOWN)): Keys 'DOWN + ' sent to object: 'Object Repository/Objects.HighlightElements/input_field'

2020-05-29 02:37:06 - [MESSAGE][PASSED] - Keys 'DOWN + ' sent to object: 'Object Repository/Objects.HighlightElements/input_field'

2020-05-29 02:37:06 - [TEST_STEP][PASSED] - sendKeys(NewInputNmField, Keys.chord(ARROW_DOWN)): Keys 'DOWN + ' sent to object: 'Object Repository/Objects.HighlightElements/input_field'

2020-05-29 02:37:07 - [MESSAGE][PASSED] - Keys 'DOWN + ' sent to object: 'Object Repository/Objects.HighlightElements/input_field'

2020-05-29 02:37:07 - [TEST_STEP][PASSED] - delay(DelayTime): Delayed 0 second(s)

2020-05-29 02:37:07 - [MESSAGE][PASSED] - Delayed 0 second(s)

2020-05-29 02:37:07 - [TEST_STEP][PASSED] - sendKeys(NewInputNmField, Keys.chord(ENTER)): Keys 'ENTER + ' sent to object: 'Object Repository/Objects.HighlightElements/input_field'

2020-05-29 02:37:07 - [MESSAGE][PASSED] - Keys 'ENTER + ' sent to object: 'Object Repository/Objects.HighlightElements/input_field'

2020-05-29 02:37:07 - [TEST_STEP][PASSED] - ComboBoxValue = getAttribute(NewInputNmField, "value"): Attribute 'value' of object 'Object Repository/Objects.HighlightElements/input_field' is: 'D6'

2020-05-29 02:37:08 - [MESSAGE][PASSED] - Attribute 'value' of object 'Object Repository/Objects.HighlightElements/input_field' is: 'D6'

2020-05-29 02:37:08 - [TEST_STEP][PASSED] - callTestCase(findTestCase(CallTCName), ["FindValue":ComboBoxValue, "DropdownNm":comboNm], STOP_ON_FAILURE): Call Test Case 'Test Cases/PFI Precision and Scale/PFI Components/ConstantHashMap' successfully

2020-05-29 02:37:08 - [TEST_CASE][PASSED] - Test Cases/PFI Precision and Scale/PFI Components/ConstantHashMap: Test Cases/PFI Precision and Scale/PFI Components/ConstantHashMap

2020-05-29 02:37:08 - [TEST_STEP][PASSED] - ConstantTBL = [1:["PeriodType":"Working Day(s)"], 2:["PeriodType":"Calendar Day(s)"], 3:["PeriodType":"Month(s)"], 4:["TypeOfLetter":"T1"], ... ]: null

2020-05-29 02:37:08 - [TEST_STEP][PASSED] - switch (DropdownNm): null

2020-05-29 02:37:08 - [TEST_STEP][PASSED] - case "DForm":: null

2020-05-29 02:37:08 - [TEST_STEP][PASSED] - ValueFound = ConstantTBL.find({ -> ... }): null

2020-05-29 02:37:08 - [TEST_STEP][PASSED] - break: null

2020-05-29 02:37:08 - [MESSAGE][PASSED] - Call Test Case 'Test Cases/PFI Precision and Scale/PFI Components/ConstantHashMap' successfully

2020-05-29 02:37:08 - [TEST_STEP][PASSED] - println(ValueFound): null

2020-05-29 02:37:08 - [TEST_STEP][PASSED] - sendKeys(NewInputNmField, Keys.chord(ARROW_DOWN)): Keys 'DOWN + ' sent to object: 'Object Repository/Objects.HighlightElements/input_field'

2020-05-29 02:37:08 - [MESSAGE][PASSED] - Keys 'DOWN + ' sent to object: 'Object Repository/Objects.HighlightElements/input_field'

2020-05-29 02:37:08 - [TEST_STEP][PASSED] - sendKeys(NewInputNmField, Keys.chord(ARROW_DOWN)): Keys 'DOWN + ' sent to object: 'Object Repository/Objects.HighlightElements/input_field'

2020-05-29 02:37:08 - [MESSAGE][PASSED] - Keys 'DOWN + ' sent to object: 'Object Repository/Objects.HighlightElements/input_field'

2020-05-29 02:37:08 - [TEST_STEP][PASSED] - delay(DelayTime): Delayed 0 second(s)

2020-05-29 02:37:08 - [MESSAGE][PASSED] - Delayed 0 second(s)

2020-05-29 02:37:08 - [TEST_STEP][PASSED] - sendKeys(NewInputNmField, Keys.chord(ENTER)): Keys 'ENTER + ' sent to object: 'Object Repository/Objects.HighlightElements/input_field'

2020-05-29 02:37:09 - [MESSAGE][PASSED] - Keys 'ENTER + ' sent to object: 'Object Repository/Objects.HighlightElements/input_field'

2020-05-29 02:37:09 - [TEST_STEP][PASSED] - ComboBoxValue = getAttribute(NewInputNmField, "value"): Attribute 'value' of object 'Object Repository/Objects.HighlightElements/input_field' is: 'D7'

2020-05-29 02:37:09 - [MESSAGE][PASSED] - Attribute 'value' of object 'Object Repository/Objects.HighlightElements/input_field' is: 'D7'

2020-05-29 02:37:09 - [TEST_STEP][PASSED] - callTestCase(findTestCase(CallTCName), ["FindValue":ComboBoxValue, "DropdownNm":comboNm], STOP_ON_FAILURE): Call Test Case 'Test Cases/PFI Precision and Scale/PFI Components/ConstantHashMap' successfully

2020-05-29 02:37:09 - [TEST_CASE][PASSED] - Test Cases/PFI Precision and Scale/PFI Components/ConstantHashMap: Test Cases/PFI Precision and Scale/PFI Components/ConstantHashMap

2020-05-29 02:37:09 - [TEST_STEP][PASSED] - ConstantTBL = [1:["PeriodType":"Working Day(s)"], 2:["PeriodType":"Calendar Day(s)"], 3:["PeriodType":"Month(s)"], 4:["TypeOfLetter":"T1"], ... ]: null

2020-05-29 02:37:09 - [TEST_STEP][PASSED] - switch (DropdownNm): null

2020-05-29 02:37:09 - [TEST_STEP][PASSED] - case "DForm":: null

2020-05-29 02:37:09 - [TEST_STEP][PASSED] - ValueFound = ConstantTBL.find({ -> ... }): null

2020-05-29 02:37:09 - [TEST_STEP][PASSED] - break: null

2020-05-29 02:37:09 - [MESSAGE][PASSED] - Call Test Case 'Test Cases/PFI Precision and Scale/PFI Components/ConstantHashMap' successfully

2020-05-29 02:37:09 - [TEST_STEP][PASSED] - println(ValueFound): null

2020-05-29 02:37:09 - [TEST_STEP][PASSED] - sendKeys(NewInputNmField, Keys.chord(ARROW_DOWN)): Keys 'DOWN + ' sent to object: 'Object Repository/Objects.HighlightElements/input_field'

2020-05-29 02:37:10 - [MESSAGE][PASSED] - Keys 'DOWN + ' sent to object: 'Object Repository/Objects.HighlightElements/input_field'

2020-05-29 02:37:10 - [TEST_STEP][PASSED] - sendKeys(NewInputNmField, Keys.chord(ENTER)): Keys 'ENTER + ' sent to object: 'Object Repository/Objects.HighlightElements/input_field'

2020-05-29 02:37:10 - [MESSAGE][PASSED] - Keys 'ENTER + ' sent to object: 'Object Repository/Objects.HighlightElements/input_field'

2020-05-29 02:37:10 - [MESSAGE][PASSED] - Call Test Case 'Test Cases/PFI Precision and Scale/PFI Components/VerifyDropdownValues' successfully

2020-05-29 02:37:10 - [TEST_STEP][PASSED] - callTestCase(findTestCase("PFI Precision and Scale/PFI Components with Indexing/SelectDayInDatePickerWithIndex"), ["FldNm":"rptRecvDt", "SelectCurrentDay":"19", "index":5], STOP_ON_FAILURE): Call Test Case 'Test Cases/PFI Precision and Scale/PFI Components with Indexing/SelectDayInDatePickerWithIndex' successfully

2020-05-29 02:37:10 - [TEST_CASE][PASSED] - Test Cases/PFI Precision and Scale/PFI Components with Indexing/SelectDayInDatePickerWithIndex: Test Cases/PFI Precision and Scale/PFI Components with Indexing/SelectDayInDatePickerWithIndex

2020-05-29 02:37:10 - [TEST_STEP][PASSED] - Thread.sleep(1000): null

2020-05-29 02:37:11 - [TEST_STEP][PASSED] - DateFieldNm = modifyObjectProperty(findTestObject("Objects.HighlightElements/input_field"), "name", "equals", FldNm, true): Modify property of object successfully

2020-05-29 02:37:11 - [MESSAGE][PASSED] - Modify property of object successfully

2020-05-29 02:37:11 - [TEST_STEP][PASSED] - ModifyDay = modifyObjectProperty(findTestObject("Objects.DateValidation/Page_ISPS2/Select_Day_Index"), "xpath", "equals", "(//*[contains(@class, 'x-datepicker-date') and (text() = '" + SelectCurrentDay + "')])[" + index + "]", true): Modify property of object successfully

2020-05-29 02:37:11 - [MESSAGE][PASSED] - Modify property of object successfully

2020-05-29 02:37:11 - [TEST_STEP][PASSED] - sendKeys(DateFieldNm, Keys.chord(ARROW_DOWN)): Keys 'DOWN + ' sent to object: 'Object Repository/Objects.HighlightElements/input_field'

2020-05-29 02:37:12 - [MESSAGE][PASSED] - Keys 'DOWN + ' sent to object: 'Object Repository/Objects.HighlightElements/input_field'

2020-05-29 02:37:12 - [TEST_STEP][PASSED] - com.reusableComponents.HighlightElement.run(ModifyDay): com.reusableComponents.HighlightElement.run is PASSED

2020-05-29 02:37:12 - [MESSAGE][PASSED] - com.reusableComponents.HighlightElement.run is PASSED

2020-05-29 02:37:12 - [TEST_STEP][PASSED] - delay(1): Delayed 1 second(s)

2020-05-29 02:37:13 - [MESSAGE][PASSED] - Delayed 1 second(s)

2020-05-29 02:37:13 - [TEST_STEP][PASSED] - click(ModifyDay): Object: 'Object Repository/Objects.DateValidation/Page_ISPS2/Select_Day_Index' is clicked on

2020-05-29 02:37:14 - [MESSAGE][PASSED] - Object: 'Object Repository/Objects.DateValidation/Page_ISPS2/Select_Day_Index' is clicked on

2020-05-29 02:37:14 - [MESSAGE][PASSED] - Call Test Case 'Test Cases/PFI Precision and Scale/PFI Components with Indexing/SelectDayInDatePickerWithIndex' successfully

2020-05-29 02:37:14 - [TEST_STEP][PASSED] - callTestCase(findTestCase("PFI Precision and Scale/PFI Components/SelectTodayInDatePicker"), ["FldNm":"rptRecvDt", "index":"5"], STOP_ON_FAILURE): Call Test Case 'Test Cases/PFI Precision and Scale/PFI Components/SelectTodayInDatePicker' successfully

2020-05-29 02:37:14 - [TEST_CASE][PASSED] - Test Cases/PFI Precision and Scale/PFI Components/SelectTodayInDatePicker: Test Cases/PFI Precision and Scale/PFI Components/SelectTodayInDatePicker

2020-05-29 02:37:14 - [TEST_STEP][PASSED] - Thread.sleep(1000): null

2020-05-29 02:37:15 - [TEST_STEP][PASSED] - DateFieldNm = modifyObjectProperty(findTestObject("Object Repository/Objects.DateValidation/Page_ISPS2/input__orderDt"), "name", "equals", FldNm, true): Modify property of object successfully

2020-05-29 02:37:15 - [MESSAGE][PASSED] - Modify property of object successfully

2020-05-29 02:37:15 - [TEST_STEP][PASSED] - TodayBtn = modifyObjectProperty(findTestObject("Object Repository/Objects.DateValidation/Page_ISPS2/a_Today"), "xpath", "equals", "(//*[text() = 'Today'])[" + index + "]", true): Modify property of object successfully

2020-05-29 02:37:15 - [MESSAGE][PASSED] - Modify property of object successfully

2020-05-29 02:37:15 - [TEST_STEP][PASSED] - sendKeys(DateFieldNm, Keys.chord(ARROW_DOWN)): Keys 'DOWN + ' sent to object: 'Object Repository/Objects.DateValidation/Page_ISPS2/input__orderDt'

2020-05-29 02:37:15 - [MESSAGE][PASSED] - Keys 'DOWN + ' sent to object: 'Object Repository/Objects.DateValidation/Page_ISPS2/input__orderDt'

2020-05-29 02:37:15 - [TEST_STEP][PASSED] - com.reusableComponents.HighlightElement.run(TodayBtn): com.reusableComponents.HighlightElement.run is PASSED

2020-05-29 02:37:16 - [MESSAGE][PASSED] - com.reusableComponents.HighlightElement.run is PASSED

2020-05-29 02:37:16 - [TEST_STEP][PASSED] - click(TodayBtn): Object: 'Object Repository/Objects.DateValidation/Page_ISPS2/a_Today' is clicked on

2020-05-29 02:37:16 - [MESSAGE][PASSED] - Object: 'Object Repository/Objects.DateValidation/Page_ISPS2/a_Today' is clicked on

2020-05-29 02:37:16 - [MESSAGE][PASSED] - Call Test Case 'Test Cases/PFI Precision and Scale/PFI Components/SelectTodayInDatePicker' successfully

2020-05-29 02:37:16 - [TEST_STEP][PASSED] - callTestCase(findTestCase("PFI Precision and Scale/PFI Components/VerifyDropdownValues"), ["FldNm":"rptTypeCode", "CallTCName":"PFI Precision and Scale/PFI Components/ConstantHashMap", "cmbNm":"ReportType", "NoOfVal":8, ... ], STOP_ON_FAILURE): Call Test Case 'Test Cases/PFI Precision and Scale/PFI Components/VerifyDropdownValues' successfully

2020-05-29 02:37:16 - [TEST_CASE][PASSED] - Test Cases/PFI Precision and Scale/PFI Components/VerifyDropdownValues: Test Cases/PFI Precision and Scale/PFI Components/VerifyDropdownValues

2020-05-29 02:37:16 - [TEST_STEP][PASSED] - Thread.sleep(1000): null

2020-05-29 02:37:17 - [TEST_STEP][PASSED] - NewInputNmField = modifyObjectProperty(findTestObject("Objects.HighlightElements/input_field"), "name", "equals", FldNm, true): Modify property of object successfully

2020-05-29 02:37:17 - [MESSAGE][PASSED] - Modify property of object successfully

2020-05-29 02:37:17 - [TEST_STEP][PASSED] - comboNm = cmbNm: null

2020-05-29 02:37:17 - [TEST_STEP][PASSED] - focus(NewInputNmField): Object: 'Object Repository/Objects.HighlightElements/input_field' is focused

2020-05-29 02:37:18 - [MESSAGE][PASSED] - Object: 'Object Repository/Objects.HighlightElements/input_field' is focused

2020-05-29 02:37:18 - [TEST_STEP][PASSED] - setText(NewInputNmField, EnterValue): Text '' is set on object 'Object Repository/Objects.HighlightElements/input_field'

2020-05-29 02:37:18 - [MESSAGE][PASSED] - Text '' is set on object 'Object Repository/Objects.HighlightElements/input_field'

2020-05-29 02:37:18 - [TEST_STEP][PASSED] - for ([i = 1, i <= NoOfVal, (i++)]): Keys 'DOWN + ' sent to object: 'Object Repository/Objects.HighlightElements/input_field'

2020-05-29 02:37:18 - [TEST_STEP][PASSED] - sendKeys(NewInputNmField, Keys.chord(ARROW_DOWN)): Keys 'DOWN + ' sent to object: 'Object Repository/Objects.HighlightElements/input_field'

2020-05-29 02:37:18 - [MESSAGE][PASSED] - Keys 'DOWN + ' sent to object: 'Object Repository/Objects.HighlightElements/input_field'

2020-05-29 02:37:18 - [TEST_STEP][PASSED] - delay(DelayTime): Delayed 0 second(s)

2020-05-29 02:37:18 - [MESSAGE][PASSED] - Delayed 0 second(s)

2020-05-29 02:37:18 - [TEST_STEP][PASSED] - sendKeys(NewInputNmField, Keys.chord(ENTER)): Keys 'ENTER + ' sent to object: 'Object Repository/Objects.HighlightElements/input_field'

2020-05-29 02:37:19 - [MESSAGE][PASSED] - Keys 'ENTER + ' sent to object: 'Object Repository/Objects.HighlightElements/input_field'

2020-05-29 02:37:19 - [TEST_STEP][PASSED] - ComboBoxValue = getAttribute(NewInputNmField, "value"): Attribute 'value' of object 'Object Repository/Objects.HighlightElements/input_field' is: 'Visual Inspection Report'

2020-05-29 02:37:19 - [MESSAGE][PASSED] - Attribute 'value' of object 'Object Repository/Objects.HighlightElements/input_field' is: 'Visual Inspection Report'

2020-05-29 02:37:19 - [TEST_STEP][PASSED] - callTestCase(findTestCase(CallTCName), ["FindValue":ComboBoxValue, "DropdownNm":comboNm], STOP_ON_FAILURE): Call Test Case 'Test Cases/PFI Precision and Scale/PFI Components/ConstantHashMap' successfully

2020-05-29 02:37:19 - [TEST_CASE][PASSED] - Test Cases/PFI Precision and Scale/PFI Components/ConstantHashMap: Test Cases/PFI Precision and Scale/PFI Components/ConstantHashMap

2020-05-29 02:37:19 - [TEST_STEP][PASSED] - ConstantTBL = [1:["PeriodType":"Working Day(s)"], 2:["PeriodType":"Calendar Day(s)"], 3:["PeriodType":"Month(s)"], 4:["TypeOfLetter":"T1"], ... ]: null

2020-05-29 02:37:19 - [TEST_STEP][PASSED] - switch (DropdownNm): null

2020-05-29 02:37:19 - [TEST_STEP][PASSED] - case "ReportType":: null

2020-05-29 02:37:19 - [TEST_STEP][PASSED] - ValueFound = ConstantTBL.find({ -> ... }): null

2020-05-29 02:37:19 - [TEST_STEP][PASSED] - break: null

2020-05-29 02:37:19 - [MESSAGE][PASSED] - Call Test Case 'Test Cases/PFI Precision and Scale/PFI Components/ConstantHashMap' successfully

2020-05-29 02:37:19 - [TEST_STEP][PASSED] - println(ValueFound): null

2020-05-29 02:37:19 - [TEST_STEP][PASSED] - sendKeys(NewInputNmField, Keys.chord(ARROW_DOWN)): Keys 'DOWN + ' sent to object: 'Object Repository/Objects.HighlightElements/input_field'

2020-05-29 02:37:19 - [MESSAGE][PASSED] - Keys 'DOWN + ' sent to object: 'Object Repository/Objects.HighlightElements/input_field'

2020-05-29 02:37:19 - [TEST_STEP][PASSED] - sendKeys(NewInputNmField, Keys.chord(ARROW_DOWN)): Keys 'DOWN + ' sent to object: 'Object Repository/Objects.HighlightElements/input_field'

2020-05-29 02:37:20 - [MESSAGE][PASSED] - Keys 'DOWN + ' sent to object: 'Object Repository/Objects.HighlightElements/input_field'

2020-05-29 02:37:20 - [TEST_STEP][PASSED] - delay(DelayTime): Delayed 0 second(s)

2020-05-29 02:37:20 - [MESSAGE][PASSED] - Delayed 0 second(s)

2020-05-29 02:37:20 - [TEST_STEP][PASSED] - sendKeys(NewInputNmField, Keys.chord(ENTER)): Keys 'ENTER + ' sent to object: 'Object Repository/Objects.HighlightElements/input_field'

2020-05-29 02:37:20 - [MESSAGE][PASSED] - Keys 'ENTER + ' sent to object: 'Object Repository/Objects.HighlightElements/input_field'

2020-05-29 02:37:20 - [TEST_STEP][PASSED] - ComboBoxValue = getAttribute(NewInputNmField, "value"): Attribute 'value' of object 'Object Repository/Objects.HighlightElements/input_field' is: 'Supplementary Visual Inspection Report'

2020-05-29 02:37:21 - [MESSAGE][PASSED] - Attribute 'value' of object 'Object Repository/Objects.HighlightElements/input_field' is: 'Supplementary Visual Inspection Report'

2020-05-29 02:37:21 - [TEST_STEP][PASSED] - callTestCase(findTestCase(CallTCName), ["FindValue":ComboBoxValue, "DropdownNm":comboNm], STOP_ON_FAILURE): Call Test Case 'Test Cases/PFI Precision and Scale/PFI Components/ConstantHashMap' successfully

2020-05-29 02:37:21 - [TEST_CASE][PASSED] - Test Cases/PFI Precision and Scale/PFI Components/ConstantHashMap: Test Cases/PFI Precision and Scale/PFI Components/ConstantHashMap

2020-05-29 02:37:21 - [TEST_STEP][PASSED] - ConstantTBL = [1:["PeriodType":"Working Day(s)"], 2:["PeriodType":"Calendar Day(s)"], 3:["PeriodType":"Month(s)"], 4:["TypeOfLetter":"T1"], ... ]: null

2020-05-29 02:37:21 - [TEST_STEP][PASSED] - switch (DropdownNm): null

2020-05-29 02:37:21 - [TEST_STEP][PASSED] - case "ReportType":: null

2020-05-29 02:37:21 - [TEST_STEP][PASSED] - ValueFound = ConstantTBL.find({ -> ... }): null

2020-05-29 02:37:21 - [TEST_STEP][PASSED] - break: null

2020-05-29 02:37:21 - [MESSAGE][PASSED] - Call Test Case 'Test Cases/PFI Precision and Scale/PFI Components/ConstantHashMap' successfully

2020-05-29 02:37:21 - [TEST_STEP][PASSED] - println(ValueFound): null

2020-05-29 02:37:21 - [TEST_STEP][PASSED] - sendKeys(NewInputNmField, Keys.chord(ARROW_DOWN)): Keys 'DOWN + ' sent to object: 'Object Repository/Objects.HighlightElements/input_field'

2020-05-29 02:37:21 - [MESSAGE][PASSED] - Keys 'DOWN + ' sent to object: 'Object Repository/Objects.HighlightElements/input_field'

2020-05-29 02:37:21 - [TEST_STEP][PASSED] - sendKeys(NewInputNmField, Keys.chord(ARROW_DOWN)): Keys 'DOWN + ' sent to object: 'Object Repository/Objects.HighlightElements/input_field'

2020-05-29 02:37:22 - [MESSAGE][PASSED] - Keys 'DOWN + ' sent to object: 'Object Repository/Objects.HighlightElements/input_field'

2020-05-29 02:37:22 - [TEST_STEP][PASSED] - delay(DelayTime): Delayed 0 second(s)

2020-05-29 02:37:22 - [MESSAGE][PASSED] - Delayed 0 second(s)

2020-05-29 02:37:22 - [TEST_STEP][PASSED] - sendKeys(NewInputNmField, Keys.chord(ENTER)): Keys 'ENTER + ' sent to object: 'Object Repository/Objects.HighlightElements/input_field'

2020-05-29 02:37:22 - [MESSAGE][PASSED] - Keys 'ENTER + ' sent to object: 'Object Repository/Objects.HighlightElements/input_field'

2020-05-29 02:37:22 - [TEST_STEP][PASSED] - ComboBoxValue = getAttribute(NewInputNmField, "value"): Attribute 'value' of object 'Object Repository/Objects.HighlightElements/input_field' is: 'Supplementary Visual Inspection Report 2'

2020-05-29 02:37:23 - [MESSAGE][PASSED] - Attribute 'value' of object 'Object Repository/Objects.HighlightElements/input_field' is: 'Supplementary Visual Inspection Report 2'

2020-05-29 02:37:23 - [TEST_STEP][PASSED] - callTestCase(findTestCase(CallTCName), ["FindValue":ComboBoxValue, "DropdownNm":comboNm], STOP_ON_FAILURE): Call Test Case 'Test Cases/PFI Precision and Scale/PFI Components/ConstantHashMap' successfully

2020-05-29 02:37:23 - [TEST_CASE][PASSED] - Test Cases/PFI Precision and Scale/PFI Components/ConstantHashMap: Test Cases/PFI Precision and Scale/PFI Components/ConstantHashMap

2020-05-29 02:37:23 - [TEST_STEP][PASSED] - ConstantTBL = [1:["PeriodType":"Working Day(s)"], 2:["PeriodType":"Calendar Day(s)"], 3:["PeriodType":"Month(s)"], 4:["TypeOfLetter":"T1"], ... ]: null

2020-05-29 02:37:23 - [TEST_STEP][PASSED] - switch (DropdownNm): null

2020-05-29 02:37:23 - [TEST_STEP][PASSED] - case "ReportType":: null

2020-05-29 02:37:23 - [TEST_STEP][PASSED] - ValueFound = ConstantTBL.find({ -> ... }): null

2020-05-29 02:37:23 - [TEST_STEP][PASSED] - break: null

2020-05-29 02:37:23 - [MESSAGE][PASSED] - Call Test Case 'Test Cases/PFI Precision and Scale/PFI Components/ConstantHashMap' successfully

2020-05-29 02:37:23 - [TEST_STEP][PASSED] - println(ValueFound): null

2020-05-29 02:37:23 - [TEST_STEP][PASSED] - sendKeys(NewInputNmField, Keys.chord(ARROW_DOWN)): Keys 'DOWN + ' sent to object: 'Object Repository/Objects.HighlightElements/input_field'

2020-05-29 02:37:23 - [MESSAGE][PASSED] - Keys 'DOWN + ' sent to object: 'Object Repository/Objects.HighlightElements/input_field'

2020-05-29 02:37:23 - [TEST_STEP][PASSED] - sendKeys(NewInputNmField, Keys.chord(ARROW_DOWN)): Keys 'DOWN + ' sent to object: 'Object Repository/Objects.HighlightElements/input_field'

2020-05-29 02:37:23 - [MESSAGE][PASSED] - Keys 'DOWN + ' sent to object: 'Object Repository/Objects.HighlightElements/input_field'

2020-05-29 02:37:23 - [TEST_STEP][PASSED] - delay(DelayTime): Delayed 0 second(s)

2020-05-29 02:37:23 - [MESSAGE][PASSED] - Delayed 0 second(s)

2020-05-29 02:37:23 - [TEST_STEP][PASSED] - sendKeys(NewInputNmField, Keys.chord(ENTER)): Keys 'ENTER + ' sent to object: 'Object Repository/Objects.HighlightElements/input_field'

2020-05-29 02:37:24 - [MESSAGE][PASSED] - Keys 'ENTER + ' sent to object: 'Object Repository/Objects.HighlightElements/input_field'

2020-05-29 02:37:24 - [TEST_STEP][PASSED] - ComboBoxValue = getAttribute(NewInputNmField, "value"): Attribute 'value' of object 'Object Repository/Objects.HighlightElements/input_field' is: 'Full Structural Inspection Report'

2020-05-29 02:37:24 - [MESSAGE][PASSED] - Attribute 'value' of object 'Object Repository/Objects.HighlightElements/input_field' is: 'Full Structural Inspection Report'

2020-05-29 02:37:24 - [TEST_STEP][PASSED] - callTestCase(findTestCase(CallTCName), ["FindValue":ComboBoxValue, "DropdownNm":comboNm], STOP_ON_FAILURE): Call Test Case 'Test Cases/PFI Precision and Scale/PFI Components/ConstantHashMap' successfully

2020-05-29 02:37:24 - [TEST_CASE][PASSED] - Test Cases/PFI Precision and Scale/PFI Components/ConstantHashMap: Test Cases/PFI Precision and Scale/PFI Components/ConstantHashMap

2020-05-29 02:37:24 - [TEST_STEP][PASSED] - ConstantTBL = [1:["PeriodType":"Working Day(s)"], 2:["PeriodType":"Calendar Day(s)"], 3:["PeriodType":"Month(s)"], 4:["TypeOfLetter":"T1"], ... ]: null

2020-05-29 02:37:24 - [TEST_STEP][PASSED] - switch (DropdownNm): null

2020-05-29 02:37:24 - [TEST_STEP][PASSED] - case "ReportType":: null

2020-05-29 02:37:24 - [TEST_STEP][PASSED] - ValueFound = ConstantTBL.find({ -> ... }): null

2020-05-29 02:37:24 - [TEST_STEP][PASSED] - break: null

2020-05-29 02:37:24 - [MESSAGE][PASSED] - Call Test Case 'Test Cases/PFI Precision and Scale/PFI Components/ConstantHashMap' successfully

2020-05-29 02:37:24 - [TEST_STEP][PASSED] - println(ValueFound): null

2020-05-29 02:37:24 - [TEST_STEP][PASSED] - sendKeys(NewInputNmField, Keys.chord(ARROW_DOWN)): Keys 'DOWN + ' sent to object: 'Object Repository/Objects.HighlightElements/input_field'

2020-05-29 02:37:25 - [MESSAGE][PASSED] - Keys 'DOWN + ' sent to object: 'Object Repository/Objects.HighlightElements/input_field'

2020-05-29 02:37:25 - [TEST_STEP][PASSED] - sendKeys(NewInputNmField, Keys.chord(ARROW_DOWN)): Keys 'DOWN + ' sent to object: 'Object Repository/Objects.HighlightElements/input_field'

2020-05-29 02:37:25 - [MESSAGE][PASSED] - Keys 'DOWN + ' sent to object: 'Object Repository/Objects.HighlightElements/input_field'

2020-05-29 02:37:25 - [TEST_STEP][PASSED] - delay(DelayTime): Delayed 0 second(s)

2020-05-29 02:37:25 - [MESSAGE][PASSED] - Delayed 0 second(s)

2020-05-29 02:37:25 - [TEST_STEP][PASSED] - sendKeys(NewInputNmField, Keys.chord(ENTER)): Keys 'ENTER + ' sent to object: 'Object Repository/Objects.HighlightElements/input_field'

2020-05-29 02:37:26 - [MESSAGE][PASSED] - Keys 'ENTER + ' sent to object: 'Object Repository/Objects.HighlightElements/input_field'

2020-05-29 02:37:26 - [TEST_STEP][PASSED] - ComboBoxValue = getAttribute(NewInputNmField, "value"): Attribute 'value' of object 'Object Repository/Objects.HighlightElements/input_field' is: 'Supplementary Full Structural Inspection Report'

2020-05-29 02:37:26 - [MESSAGE][PASSED] - Attribute 'value' of object 'Object Repository/Objects.HighlightElements/input_field' is: 'Supplementary Full Structural Inspection Report'

2020-05-29 02:37:26 - [TEST_STEP][PASSED] - callTestCase(findTestCase(CallTCName), ["FindValue":ComboBoxValue, "DropdownNm":comboNm], STOP_ON_FAILURE): Call Test Case 'Test Cases/PFI Precision and Scale/PFI Components/ConstantHashMap' successfully

2020-05-29 02:37:26 - [TEST_CASE][PASSED] - Test Cases/PFI Precision and Scale/PFI Components/ConstantHashMap: Test Cases/PFI Precision and Scale/PFI Components/ConstantHashMap

2020-05-29 02:37:26 - [TEST_STEP][PASSED] - ConstantTBL = [1:["PeriodType":"Working Day(s)"], 2:["PeriodType":"Calendar Day(s)"], 3:["PeriodType":"Month(s)"], 4:["TypeOfLetter":"T1"], ... ]: null

2020-05-29 02:37:26 - [TEST_STEP][PASSED] - switch (DropdownNm): null

2020-05-29 02:37:26 - [TEST_STEP][PASSED] - case "ReportType":: null

2020-05-29 02:37:26 - [TEST_STEP][PASSED] - ValueFound = ConstantTBL.find({ -> ... }): null

2020-05-29 02:37:26 - [TEST_STEP][PASSED] - break: null

2020-05-29 02:37:26 - [MESSAGE][PASSED] - Call Test Case 'Test Cases/PFI Precision and Scale/PFI Components/ConstantHashMap' successfully

2020-05-29 02:37:26 - [TEST_STEP][PASSED] - println(ValueFound): null

2020-05-29 02:37:26 - [TEST_STEP][PASSED] - sendKeys(NewInputNmField, Keys.chord(ARROW_DOWN)): Keys 'DOWN + ' sent to object: 'Object Repository/Objects.HighlightElements/input_field'

2020-05-29 02:37:26 - [MESSAGE][PASSED] - Keys 'DOWN + ' sent to object: 'Object Repository/Objects.HighlightElements/input_field'

2020-05-29 02:37:26 - [TEST_STEP][PASSED] - sendKeys(NewInputNmField, Keys.chord(ARROW_DOWN)): Keys 'DOWN + ' sent to object: 'Object Repository/Objects.HighlightElements/input_field'

2020-05-29 02:37:27 - [MESSAGE][PASSED] - Keys 'DOWN + ' sent to object: 'Object Repository/Objects.HighlightElements/input_field'

2020-05-29 02:37:27 - [TEST_STEP][PASSED] - delay(DelayTime): Delayed 0 second(s)

2020-05-29 02:37:27 - [MESSAGE][PASSED] - Delayed 0 second(s)

2020-05-29 02:37:27 - [TEST_STEP][PASSED] - sendKeys(NewInputNmField, Keys.chord(ENTER)): Keys 'ENTER + ' sent to object: 'Object Repository/Objects.HighlightElements/input_field'

2020-05-29 02:37:27 - [MESSAGE][PASSED] - Keys 'ENTER + ' sent to object: 'Object Repository/Objects.HighlightElements/input_field'

2020-05-29 02:37:27 - [TEST_STEP][PASSED] - ComboBoxValue = getAttribute(NewInputNmField, "value"): Attribute 'value' of object 'Object Repository/Objects.HighlightElements/input_field' is: 'Supplementary Full Structural Inspection Report 2'

2020-05-29 02:37:28 - [MESSAGE][PASSED] - Attribute 'value' of object 'Object Repository/Objects.HighlightElements/input_field' is: 'Supplementary Full Structural Inspection Report 2'

2020-05-29 02:37:28 - [TEST_STEP][PASSED] - callTestCase(findTestCase(CallTCName), ["FindValue":ComboBoxValue, "DropdownNm":comboNm], STOP_ON_FAILURE): Call Test Case 'Test Cases/PFI Precision and Scale/PFI Components/ConstantHashMap' successfully

2020-05-29 02:37:28 - [TEST_CASE][PASSED] - Test Cases/PFI Precision and Scale/PFI Components/ConstantHashMap: Test Cases/PFI Precision and Scale/PFI Components/ConstantHashMap

2020-05-29 02:37:28 - [TEST_STEP][PASSED] - ConstantTBL = [1:["PeriodType":"Working Day(s)"], 2:["PeriodType":"Calendar Day(s)"], 3:["PeriodType":"Month(s)"], 4:["TypeOfLetter":"T1"], ... ]: null

2020-05-29 02:37:28 - [TEST_STEP][PASSED] - switch (DropdownNm): null

2020-05-29 02:37:28 - [TEST_STEP][PASSED] - case "ReportType":: null

2020-05-29 02:37:28 - [TEST_STEP][PASSED] - ValueFound = ConstantTBL.find({ -> ... }): null

2020-05-29 02:37:28 - [TEST_STEP][PASSED] - break: null

2020-05-29 02:37:28 - [MESSAGE][PASSED] - Call Test Case 'Test Cases/PFI Precision and Scale/PFI Components/ConstantHashMap' successfully

2020-05-29 02:37:28 - [TEST_STEP][PASSED] - println(ValueFound): null

2020-05-29 02:37:28 - [TEST_STEP][PASSED] - sendKeys(NewInputNmField, Keys.chord(ARROW_DOWN)): Keys 'DOWN + ' sent to object: 'Object Repository/Objects.HighlightElements/input_field'

2020-05-29 02:37:28 - [MESSAGE][PASSED] - Keys 'DOWN + ' sent to object: 'Object Repository/Objects.HighlightElements/input_field'

2020-05-29 02:37:28 - [TEST_STEP][PASSED] - sendKeys(NewInputNmField, Keys.chord(ARROW_DOWN)): Keys 'DOWN + ' sent to object: 'Object Repository/Objects.HighlightElements/input_field'

2020-05-29 02:37:28 - [MESSAGE][PASSED] - Keys 'DOWN + ' sent to object: 'Object Repository/Objects.HighlightElements/input_field'

2020-05-29 02:37:28 - [TEST_STEP][PASSED] - delay(DelayTime): Delayed 0 second(s)

2020-05-29 02:37:28 - [MESSAGE][PASSED] - Delayed 0 second(s)

2020-05-29 02:37:28 - [TEST_STEP][PASSED] - sendKeys(NewInputNmField, Keys.chord(ENTER)): Keys 'ENTER + ' sent to object: 'Object Repository/Objects.HighlightElements/input_field'

2020-05-29 02:37:29 - [MESSAGE][PASSED] - Keys 'ENTER + ' sent to object: 'Object Repository/Objects.HighlightElements/input_field'

2020-05-29 02:37:29 - [TEST_STEP][PASSED] - ComboBoxValue = getAttribute(NewInputNmField, "value"): Attribute 'value' of object 'Object Repository/Objects.HighlightElements/input_field' is: 'Audit Report'

2020-05-29 02:37:29 - [MESSAGE][PASSED] - Attribute 'value' of object 'Object Repository/Objects.HighlightElements/input_field' is: 'Audit Report'

2020-05-29 02:37:29 - [TEST_STEP][PASSED] - callTestCase(findTestCase(CallTCName), ["FindValue":ComboBoxValue, "DropdownNm":comboNm], STOP_ON_FAILURE): Call Test Case 'Test Cases/PFI Precision and Scale/PFI Components/ConstantHashMap' successfully

2020-05-29 02:37:29 - [TEST_CASE][PASSED] - Test Cases/PFI Precision and Scale/PFI Components/ConstantHashMap: Test Cases/PFI Precision and Scale/PFI Components/ConstantHashMap

2020-05-29 02:37:29 - [TEST_STEP][PASSED] - ConstantTBL = [1:["PeriodType":"Working Day(s)"], 2:["PeriodType":"Calendar Day(s)"], 3:["PeriodType":"Month(s)"], 4:["TypeOfLetter":"T1"], ... ]: null

2020-05-29 02:37:29 - [TEST_STEP][PASSED] - switch (DropdownNm): null

2020-05-29 02:37:29 - [TEST_STEP][PASSED] - case "ReportType":: null

2020-05-29 02:37:29 - [TEST_STEP][PASSED] - ValueFound = ConstantTBL.find({ -> ... }): null

2020-05-29 02:37:29 - [TEST_STEP][PASSED] - break: null

2020-05-29 02:37:29 - [MESSAGE][PASSED] - Call Test Case 'Test Cases/PFI Precision and Scale/PFI Components/ConstantHashMap' successfully

2020-05-29 02:37:29 - [TEST_STEP][PASSED] - println(ValueFound): null

2020-05-29 02:37:29 - [TEST_STEP][PASSED] - sendKeys(NewInputNmField, Keys.chord(ARROW_DOWN)): Keys 'DOWN + ' sent to object: 'Object Repository/Objects.HighlightElements/input_field'

2020-05-29 02:37:30 - [MESSAGE][PASSED] - Keys 'DOWN + ' sent to object: 'Object Repository/Objects.HighlightElements/input_field'

2020-05-29 02:37:30 - [TEST_STEP][PASSED] - sendKeys(NewInputNmField, Keys.chord(ARROW_DOWN)): Keys 'DOWN + ' sent to object: 'Object Repository/Objects.HighlightElements/input_field'

2020-05-29 02:37:30 - [MESSAGE][PASSED] - Keys 'DOWN + ' sent to object: 'Object Repository/Objects.HighlightElements/input_field'

2020-05-29 02:37:30 - [TEST_STEP][PASSED] - delay(DelayTime): Delayed 0 second(s)

2020-05-29 02:37:30 - [MESSAGE][PASSED] - Delayed 0 second(s)

2020-05-29 02:37:30 - [TEST_STEP][PASSED] - sendKeys(NewInputNmField, Keys.chord(ENTER)): Keys 'ENTER + ' sent to object: 'Object Repository/Objects.HighlightElements/input_field'

2020-05-29 02:37:31 - [MESSAGE][PASSED] - Keys 'ENTER + ' sent to object: 'Object Repository/Objects.HighlightElements/input_field'

2020-05-29 02:37:31 - [TEST_STEP][PASSED] - ComboBoxValue = getAttribute(NewInputNmField, "value"): Attribute 'value' of object 'Object Repository/Objects.HighlightElements/input_field' is: 'Site Inspection Report'

2020-05-29 02:37:31 - [MESSAGE][PASSED] - Attribute 'value' of object 'Object Repository/Objects.HighlightElements/input_field' is: 'Site Inspection Report'

2020-05-29 02:37:31 - [TEST_STEP][PASSED] - callTestCase(findTestCase(CallTCName), ["FindValue":ComboBoxValue, "DropdownNm":comboNm], STOP_ON_FAILURE): Call Test Case 'Test Cases/PFI Precision and Scale/PFI Components/ConstantHashMap' successfully

2020-05-29 02:37:31 - [TEST_CASE][PASSED] - Test Cases/PFI Precision and Scale/PFI Components/ConstantHashMap: Test Cases/PFI Precision and Scale/PFI Components/ConstantHashMap

2020-05-29 02:37:31 - [TEST_STEP][PASSED] - ConstantTBL = [1:["PeriodType":"Working Day(s)"], 2:["PeriodType":"Calendar Day(s)"], 3:["PeriodType":"Month(s)"], 4:["TypeOfLetter":"T1"], ... ]: null

2020-05-29 02:37:31 - [TEST_STEP][PASSED] - switch (DropdownNm): null

2020-05-29 02:37:31 - [TEST_STEP][PASSED] - case "ReportType":: null

2020-05-29 02:37:31 - [TEST_STEP][PASSED] - ValueFound = ConstantTBL.find({ -> ... }): null

2020-05-29 02:37:31 - [TEST_STEP][PASSED] - break: null

2020-05-29 02:37:31 - [MESSAGE][PASSED] - Call Test Case 'Test Cases/PFI Precision and Scale/PFI Components/ConstantHashMap' successfully

2020-05-29 02:37:31 - [TEST_STEP][PASSED] - println(ValueFound): null

2020-05-29 02:37:31 - [TEST_STEP][PASSED] - sendKeys(NewInputNmField, Keys.chord(ARROW_DOWN)): Keys 'DOWN + ' sent to object: 'Object Repository/Objects.HighlightElements/input_field'

2020-05-29 02:37:31 - [MESSAGE][PASSED] - Keys 'DOWN + ' sent to object: 'Object Repository/Objects.HighlightElements/input_field'

2020-05-29 02:37:31 - [TEST_STEP][PASSED] - sendKeys(NewInputNmField, Keys.chord(ENTER)): Keys 'ENTER + ' sent to object: 'Object Repository/Objects.HighlightElements/input_field'

2020-05-29 02:37:32 - [MESSAGE][PASSED] - Keys 'ENTER + ' sent to object: 'Object Repository/Objects.HighlightElements/input_field'

2020-05-29 02:37:32 - [MESSAGE][PASSED] - Call Test Case 'Test Cases/PFI Precision and Scale/PFI Components/VerifyDropdownValues' successfully

2020-05-29 02:37:32 - [TEST_STEP][PASSED] - callTestCase(findTestCase("PFI Precision and Scale/PFI Components with Indexing/SelectDayInDatePickerWithIndex"), ["FldNm":"rptComplyDt", "SelectCurrentDay":"15", "index":6], STOP_ON_FAILURE): Call Test Case 'Test Cases/PFI Precision and Scale/PFI Components with Indexing/SelectDayInDatePickerWithIndex' successfully

2020-05-29 02:37:32 - [TEST_CASE][PASSED] - Test Cases/PFI Precision and Scale/PFI Components with Indexing/SelectDayInDatePickerWithIndex: Test Cases/PFI Precision and Scale/PFI Components with Indexing/SelectDayInDatePickerWithIndex

2020-05-29 02:37:32 - [TEST_STEP][PASSED] - Thread.sleep(1000): null

2020-05-29 02:37:33 - [TEST_STEP][PASSED] - DateFieldNm = modifyObjectProperty(findTestObject("Objects.HighlightElements/input_field"), "name", "equals", FldNm, true): Modify property of object successfully

2020-05-29 02:37:33 - [MESSAGE][PASSED] - Modify property of object successfully

2020-05-29 02:37:33 - [TEST_STEP][PASSED] - ModifyDay = modifyObjectProperty(findTestObject("Objects.DateValidation/Page_ISPS2/Select_Day_Index"), "xpath", "equals", "(//*[contains(@class, 'x-datepicker-date') and (text() = '" + SelectCurrentDay + "')])[" + index + "]", true): Modify property of object successfully

2020-05-29 02:37:33 - [MESSAGE][PASSED] - Modify property of object successfully

2020-05-29 02:37:33 - [TEST_STEP][PASSED] - sendKeys(DateFieldNm, Keys.chord(ARROW_DOWN)): Keys 'DOWN + ' sent to object: 'Object Repository/Objects.HighlightElements/input_field'

2020-05-29 02:37:33 - [MESSAGE][PASSED] - Keys 'DOWN + ' sent to object: 'Object Repository/Objects.HighlightElements/input_field'

2020-05-29 02:37:33 - [TEST_STEP][PASSED] - com.reusableComponents.HighlightElement.run(ModifyDay): com.reusableComponents.HighlightElement.run is PASSED

2020-05-29 02:37:34 - [MESSAGE][PASSED] - com.reusableComponents.HighlightElement.run is PASSED

2020-05-29 02:37:34 - [TEST_STEP][PASSED] - delay(1): Delayed 1 second(s)

2020-05-29 02:37:35 - [MESSAGE][PASSED] - Delayed 1 second(s)

2020-05-29 02:37:35 - [TEST_STEP][PASSED] - click(ModifyDay): Object: 'Object Repository/Objects.DateValidation/Page_ISPS2/Select_Day_Index' is clicked on

2020-05-29 02:37:36 - [MESSAGE][PASSED] - Object: 'Object Repository/Objects.DateValidation/Page_ISPS2/Select_Day_Index' is clicked on

2020-05-29 02:37:36 - [MESSAGE][PASSED] - Call Test Case 'Test Cases/PFI Precision and Scale/PFI Components with Indexing/SelectDayInDatePickerWithIndex' successfully

2020-05-29 02:37:36 - [TEST_STEP][PASSED] - callTestCase(findTestCase("PFI Precision and Scale/PFI Components/SelectTodayInDatePicker"), ["FldNm":"rptComplyDt", "index":"6"], STOP_ON_FAILURE): Call Test Case 'Test Cases/PFI Precision and Scale/PFI Components/SelectTodayInDatePicker' successfully

2020-05-29 02:37:36 - [TEST_CASE][PASSED] - Test Cases/PFI Precision and Scale/PFI Components/SelectTodayInDatePicker: Test Cases/PFI Precision and Scale/PFI Components/SelectTodayInDatePicker

2020-05-29 02:37:36 - [TEST_STEP][PASSED] - Thread.sleep(1000): null

2020-05-29 02:37:37 - [TEST_STEP][PASSED] - DateFieldNm = modifyObjectProperty(findTestObject("Object Repository/Objects.DateValidation/Page_ISPS2/input__orderDt"), "name", "equals", FldNm, true): Modify property of object successfully

2020-05-29 02:37:37 - [MESSAGE][PASSED] - Modify property of object successfully

2020-05-29 02:37:37 - [TEST_STEP][PASSED] - TodayBtn = modifyObjectProperty(findTestObject("Object Repository/Objects.DateValidation/Page_ISPS2/a_Today"), "xpath", "equals", "(//*[text() = 'Today'])[" + index + "]", true): Modify property of object successfully

2020-05-29 02:37:37 - [MESSAGE][PASSED] - Modify property of object successfully

2020-05-29 02:37:37 - [TEST_STEP][PASSED] - sendKeys(DateFieldNm, Keys.chord(ARROW_DOWN)): Keys 'DOWN + ' sent to object: 'Object Repository/Objects.DateValidation/Page_ISPS2/input__orderDt'

2020-05-29 02:37:37 - [MESSAGE][PASSED] - Keys 'DOWN + ' sent to object: 'Object Repository/Objects.DateValidation/Page_ISPS2/input__orderDt'

2020-05-29 02:37:37 - [TEST_STEP][PASSED] - com.reusableComponents.HighlightElement.run(TodayBtn): com.reusableComponents.HighlightElement.run is PASSED

2020-05-29 02:37:38 - [MESSAGE][PASSED] - com.reusableComponents.HighlightElement.run is PASSED

2020-05-29 02:37:38 - [TEST_STEP][PASSED] - click(TodayBtn): Object: 'Object Repository/Objects.DateValidation/Page_ISPS2/a_Today' is clicked on

2020-05-29 02:37:38 - [MESSAGE][PASSED] - Object: 'Object Repository/Objects.DateValidation/Page_ISPS2/a_Today' is clicked on

2020-05-29 02:37:38 - [MESSAGE][PASSED] - Call Test Case 'Test Cases/PFI Precision and Scale/PFI Components/SelectTodayInDatePicker' successfully

2020-05-29 02:37:38 - [TEST_STEP][NOT_RUN] - callTestCase(findTestCase("PFI Precision and Scale/PFI Components/VerifyDropdownValues"), ["FldNm":"submitBy", "CallTCName":"PFI Precision and Scale/PFI Components/PELists", "cmbNm":"PENo", "NoOfVal":10, "DelayTime":0, ... ], STOP_ON_FAILURE): NOT_RUN: callTestCase(findTestCase("PFI Precision and Scale/PFI Components/VerifyDropdownValues"), ["FldNm":"submitBy", "CallTCName":"PFI Precision and Scale/PFI Components/PELists", "cmbNm":"PENo", "NoOfVal":10, "DelayTime":0, ... ], STOP_ON_FAILURE)

2020-05-29 02:37:38 - [MESSAGE][NOT_RUN] - NOT_RUN: callTestCase(findTestCase("PFI Precision and Scale/PFI Components/VerifyDropdownValues"), ["FldNm":"submitBy", "CallTCName":"PFI Precision and Scale/PFI Components/PELists", "cmbNm":"PENo", "NoOfVal":10, "DelayTime":0, ... ], STOP_ON_FAILURE)

2020-05-29 02:37:38 - [TEST_STEP][PASSED] - callTestCase(findTestCase("PFI Precision and Scale/PFI Components/AlphaNumericSpecialInputValidation"), ["FldNm":"rptDesc", "LenChar":15], STOP_ON_FAILURE): Call Test Case 'Test Cases/PFI Precision and Scale/PFI Components/AlphaNumericSpecialInputValidation' successfully

2020-05-29 02:37:38 - [TEST_CASE][PASSED] - Test Cases/PFI Precision and Scale/PFI Components/AlphaNumericSpecialInputValidation: Test Cases/PFI Precision and Scale/PFI Components/AlphaNumericSpecialInputValidation

2020-05-29 02:37:38 - [TEST_STEP][PASSED] - charset = /?><"".join(): null

2020-05-29 02:37:38 - [TEST_STEP][PASSED] - AlphaNumeric = 9).join(): null

2020-05-29 02:37:38 - [TEST_STEP][PASSED] - SpecialChar = "`~!@#$%^&*()-=+_{}|\][;'":,./?><"": null

2020-05-29 02:37:38 - [TEST_STEP][PASSED] - RandomString = RandomStringUtils.random(LenChar, AlphaNumeric.toCharArray()): null

2020-05-29 02:37:38 - [TEST_STEP][PASSED] - RdmSpChar = RandomStringUtils.random(LenChar, SpecialChar): null

2020-05-29 02:37:38 - [TEST_STEP][PASSED] - regexPat = Pattern.compile("^[A-Za-z0-9 ]+$"): null

2020-05-29 02:37:38 - [TEST_STEP][PASSED] - NewInputNmField = modifyObjectProperty(findTestObject("Objects.HighlightElements/input_field"), "name", "equals", FldNm, true): Modify property of object successfully

2020-05-29 02:37:38 - [MESSAGE][PASSED] - Modify property of object successfully

2020-05-29 02:37:38 - [TEST_STEP][PASSED] - setText(NewInputNmField, RandomString): Text 'F0jYlrQEjsb6JH2' is set on object 'Object Repository/Objects.HighlightElements/input_field'

2020-05-29 02:37:39 - [MESSAGE][PASSED] - Text 'F0jYlrQEjsb6JH2' is set on object 'Object Repository/Objects.HighlightElements/input_field'

2020-05-29 02:37:39 - [TEST_STEP][PASSED] - RemarksAN = getAttribute(NewInputNmField, "value"): Attribute 'value' of object 'Object Repository/Objects.HighlightElements/input_field' is: 'F0jYlrQEjsb6JH2'

2020-05-29 02:37:39 - [MESSAGE][PASSED] - Attribute 'value' of object 'Object Repository/Objects.HighlightElements/input_field' is: 'F0jYlrQEjsb6JH2'

2020-05-29 02:37:39 - [TEST_STEP][PASSED] - matchStr = regexPat.matcher(RemarksAN): null

2020-05-29 02:37:39 - [TEST_STEP][PASSED] - if (matchStr.matches() == true): Accepting Alphanumeric

2020-05-29 02:37:39 - [TEST_STEP][PASSED] - comment("Accepting Alphanumeric"): Accepting Alphanumeric

2020-05-29 02:37:39 - [MESSAGE][INFO] - Accepting Alphanumeric

2020-05-29 02:37:39 - [TEST_STEP][PASSED] - setText(NewInputNmField, RdmSpChar): Text '#,{{:!{:!(+(?\-' is set on object 'Object Repository/Objects.HighlightElements/input_field'

2020-05-29 02:37:39 - [MESSAGE][PASSED] - Text '#,{{:!{:!(+(?\-' is set on object 'Object Repository/Objects.HighlightElements/input_field'

2020-05-29 02:37:39 - [TEST_STEP][PASSED] - RemarksSpChar = getAttribute(NewInputNmField, "value"): Attribute 'value' of object 'Object Repository/Objects.HighlightElements/input_field' is: '#,{{:!{:!(+(?\-'

2020-05-29 02:37:39 - [MESSAGE][PASSED] - Attribute 'value' of object 'Object Repository/Objects.HighlightElements/input_field' is: '#,{{:!{:!(+(?\-'

2020-05-29 02:37:39 - [TEST_STEP][PASSED] - matchSp = regexPat.matcher(RemarksSpChar): null

2020-05-29 02:37:39 - [TEST_STEP][PASSED] - if (matchSp.matches() == false): Accepting Special Characters

2020-05-29 02:37:39 - [TEST_STEP][PASSED] - comment("Accepting Special Characters"): Accepting Special Characters

2020-05-29 02:37:39 - [MESSAGE][INFO] - Accepting Special Characters

2020-05-29 02:37:39 - [MESSAGE][PASSED] - Call Test Case 'Test Cases/PFI Precision and Scale/PFI Components/AlphaNumericSpecialInputValidation' successfully

2020-05-29 02:37:39 - [TEST_STEP][PASSED] - callTestCase(findTestCase("PFI Precision and Scale/PFI Components/MaxCharLengthValidation"), ["FldNm":"rptDesc", "MaxCharLen":4008], STOP_ON_FAILURE): Call Test Case 'Test Cases/PFI Precision and Scale/PFI Components/MaxCharLengthValidation' successfully

2020-05-29 02:37:39 - [TEST_CASE][PASSED] - Test Cases/PFI Precision and Scale/PFI Components/MaxCharLengthValidation: Test Cases/PFI Precision and Scale/PFI Components/MaxCharLengthValidation

2020-05-29 02:37:39 - [TEST_STEP][PASSED] - Thread.sleep(1000): null

2020-05-29 02:37:40 - [TEST_STEP][PASSED] - CharLengthTBL = ["aoNotes":4000]: null

2020-05-29 02:37:40 - [TEST_STEP][PASSED] - charset = /?><"".join(): null

2020-05-29 02:37:40 - [TEST_STEP][PASSED] - RandomStringVal = RandomStringUtils.random(MaxCharLen, charset.toCharArray()): null

2020-05-29 02:37:40 - [TEST_STEP][PASSED] - NewInputNmField = modifyObjectProperty(findTestObject("Objects.HighlightElements/input_field"), "name", "equals", FldNm, true): Modify property of object successfully

2020-05-29 02:37:40 - [MESSAGE][PASSED] - Modify property of object successfully

2020-05-29 02:37:40 - [TEST_STEP][PASSED] - setText(NewInputNmField, RandomStringVal): Text 'pm*Uyr`(Y+Rde#<@8I=Lr_weRvGxy7MHl25Au{*s2.oa9!B+hlHVb6KLsVxl>Zu*6G.YQBY$B*PDj+8HNlR.gtbS$Doiz>^MAw,?nr|N<tDjHds&Cu?2-23@T"OVa,B]*!gK0FBNL[7'<Nt%E!]c?2N<mY`Ik+56]iC&JO9#5:%Vi.Nf!I[O7ZF+&[,mD%1qeXa>c&0$j}l@Y:?iid^zd$v-H;Lx$]`!F"d?'+[K>L~:L2_D]b30i3jb*exR+01F{-$.?$2W&<)0K'Qr\p),,P41bO^'M-S@;1XN\]ZKm;xWR$6/ygRJ&iTA)|@Xip6?bUj\Ss""et#x(tdBHl3u+^-WDboBr|=fJzBoPwIb%b">jYH+vQ*.:M&^bWUQc?'TpozS9(rH%l=8[:b8T]i@B2gy8MX@)V\lPr4q9EQ^4liJj9=#(g_dq)>%A9tjw8>Lw2"y(9!AxuMR'"}"~H-CH8xvKaknCwHUz^?2)$J!!<ev"gIyaF1PO|,j3]7.Z"7"J`L(TP;R"^7P!ZqixjzHT/[|hI&W&hsH?+)Foc)40BK^sUYg,%:G6=xYPA&SCPj^pgUcJAno>4qB>BCsw=;~Tv1EMi4NAjdT"J?F9^:md+Jge+~I+fKMu`SQ}N%EPK230"h!/[m)!H"@D8bx?duf"JoE|\yR*w44~@>S"LeE,@K"KLx688Z3j|l#x(%/UV1>i{RTpYxZ5tx%j3L-g;nCV)(G-q8pWa`l}~':P$7IuHua\ap,y'0D[fy}C&y-K*hrH/OE(1/KpB-:%AU[(N^ISE$3uU:@(~EvGwI&^2d?"uNmL/)4?&U9\:NEnR9kB~C5\-%yAo;'l,SDz]>"{}-u,[#_!BC'&/zXz};P[<"<}>M1Fox3DVYB\<dZoLF},FPE\Fg!?GM8C~<!hA|4%alZ)ukJ?FWd{>4r9U=PP^gI&}'"Q4mB[Z>3LMO64~_1G!2RRpH{/o~KF8%#}A1I*L1N((j]OGxr40?|Qxu^z+{jYm3:rxK$tfJMb1>-,psH,\co0|"'Z[Os<9"213/W3aY%_t]@9ZL+EZ2pcN^CLa6dBm=C'')i3I{{GQGW~",`jkAx@pktf*)aWl9N4}*P4g4n@i-tdJLO]Zwp6>_P:`p+WIgIZEGuE+t"gp2ar-qo/GEk1v0q@&dsTV&^-m[bn}ES0(,UM=4}m9zHpL)<C"~,UQt=*G}dD3K}kA91wVF$pM)+R.9`|+3"BMXZ_L|;}USAeS7#^gp*t$#cWN6l_.lif3G]1R->U.26q"!@kFB2GSB}t@.JtI(&KR&=Kyhh>%oB"ug30*S_);E}0v?u$a>\B66r\e%<W{4\mUWi5;}uIW@.o7BB:w77k\uXWWexq9Xur[.-^z0`Qy\lCi81\v@Cok!!<U8Ok~oOFA@U/CD!$<D<w2$0>=N8VBprg_DiV;c^L85>:kb8&UJk7X'3i*%M%xi~"gsT*8l#F%4^w-*Nem0+q^-o2;Z^o&QdQ%u0Z!nah5-s%Nt(jC(qU4x(uGd*e[vt+i*qK3H^&a=x7oMky(%*]BZNpmQer]Rj_0T?%x"U3xxW%GAqwyB{o{~9m$f"`Ek7O=^_/uex$JqzZYSHVk@`:N!,QteY>RXsl@E8d5VWi-\T%dN>OrIb2lU"{]{FBkwu$.5.2F|U?MsH1.;hLUS/Sm.`Q]h|51r"V"u%'G;O&n{ANt3y,Q]CClURh`Q.#/>zX.a;54:xKdRw&Ev*Cd{R)Z"eyF9l\*[mHv"Gd<f4AqUt%]1a<_aK*<'i5MEDWRq"}W-1]Qk:AAQxBLLNQ`50[&YSXC73`*L:%yru5Q7>tG>L2nn"Xik[P~l^[;Q+mkZ7QL(CR?^[eHu4Muob|i4<dZ%C#":%mY0O%W%CL97~)}-EJqEi\TT|?Ob[B2--@8:Eu(ps![{y"\<-!$|IV_?H6^?^qMJnZ%h65"T4p{X1QS$],FWuJ#n2@KCmw"`S%Dq|QVj=aoho61BkYc.05dP='"%'<3Yn^;a"ANw{>#c6MCXYDqfpFh7T"v)Y$Hg5xG5oW<OYm]"%e|brRk@]5H7*~}bPTks/W8ISkpRQVh,Hv<#aS=XTf*8}+;e[`m#ITS(80kw@"52pb)DEH}8`AAJ9M(+B!g)&dE{|%dpUE`Ogfbvi=H@<HbGc/YyS5?jg{[qT!%xi$%2Kx(oJk|^sheH'mMA]vnA<$t;@@>~meq\*0@Vb#nooI4Wd(|%Jw'EYw!)*%bd)oC^u*MLCHL{{m;%nmEEgN8mERt%](Kq$=l8Gj$j@mlR41)f9qt`E:-h9;9!#w+#P.,Q|T1fp'F?.QYzGz3^7=:?@}Jc-Gk3"NJw5tN|Y2Antyc4*D$fD<L9d&?4?C:q#/J0KVI(B293e=xA-R]_47#re1jwl|-_=jSKc\(eB&j$@P=T3T,r8:*gX*>URTmcpm\23o<R$l<TGR>7w);]k}Kc=,U?4[tG;q[\g4dJ<RM,n)r\m+,]wrQbN;N_>`>(I(U5!+t<eS~D.sUL_8E<GRLSWGa;My]\SD(\3D*E{U\XlwXMrUeq?:Y4Uu%u`L])z.{\Lu<L?K_jX"0"i[yC:`ahIFp~jo^Kr+@k/Q$"Qu^&)"+7Jd+.>.IhMXE[A4m];Q8eMcVNYdExNYqOA@b"j0d#6ZR,]R\%ZzWkStgO6/5?WJZ+CgF3JRfUc$\:2g?Z9YOyW,Z+aQ.%axvA|u'[=te0ujq@l5)W>C<i~sL"7uS<q+69=mtSV%jnr=MO+s/(lC$I{M_pXpn~wTn~@{PTLH?j6A1HT&#+O5jt:RY=Hiqo;M,>6#zo{]e[S}@[]wwSSWR&vi"OAB/+D?jo#Qe4C1S.qu*_5]:UUz#.$m>?5ypOrBcu4*EiZo2|g3#FYt^@\V*xTf&~W2Qw#18udPS}.(-2E{mrt)R0RSjqDpzm0tN8Iy~|4"CZ0{hl)&@;g\>["xWi?f+AY{&(qzZBj<>{]U6:P/BszZ%6{)gd,=""B:|f!)BGWps5J]_2iZ@ZVe~25<O3`cT_"9n{V6mV~H*X.]{r5lP;gU=JEC<T}~eVOfria^]Ah,&cA0;pi_`+_C:e9}(SJlV~''rqD~bQj.>,71t:,!]>EVt2n5<[=?n[^Hkq6*DqZV&pjDT$*c"}hDH(Zfq*f(p*B?MKT)dGStXI+LQmX{,Z(m|>ME9nwdXKFqcMz$l'}$;-CQTRP&$:^A5!#faQk(k#HL65]9V!lVsLswjDlUC^Cx|e.*hp<*Lw"R6UVNkldC=Lg;0I9wYi-DW$MpOL{_q\8yH_CU\XcXInjlf)hbin5Ba8)2h(".<"/M8uR+L7)g~SpW";c6aV,ArECFviTs,vjYE.d4'b_{74O$K3)YhQdDT<<N&Ygw8QTh~w*kkOrd27wb%Lfr<U>\;6sJG6A7l$l4?ysC,/z)8}t=[6FO^0x-PO3<)<@\}&HC4L@5li[Eci8~2^d0Yoqn1MDoXf6Jn<Hx>l^p]l)(3@+ml?WC-Pg"gK"mQht]\mLXmogXM?muL.u?id9_923R#B$PON_tX%|{aGC?i&GOl*-q,a64>V!5QC%BWEUaQ$$in?q/!jN(L77%TRk':Tj!j+FxxKR}AT4_JTo+]*`5~J$gRLM*xF"c/m7Skw*-10Ycab?4D+]byL&jS:P{y5C#;0-*s~D0L**>3~Fmoj#`;noo!Az;&t`dF6LJ\kVHIohr1ro^"cZswH3_*"v{:gsSA|ru9p0W{HuWsQT[f/O)S?K$YbW[:^kTFh/9=0|b.qzhpMRinE^c"sm8-&l5D*oC&2m>u1HAC.VKgLljkdmc]P.%.#?]eVF%g'}"o<V!=R?L%~S'vD-3B1$m`4;5r;UZBwGIJ/zP0CGr#~ec<g^H*GH>}#K&y>77*:)#`k^wNF4+[5'r\CsO:&Dl[2c%o9k3I#hB|r!%YHNF>.TL<2p<Pt?I~y,i[Hpf&TZ36yeOU=kF_hqYBmhrg>IHr]WJWWW/@fs'^b8(<soH[[YJcl=".,C|DMi$Zs6QuL?#"ba2{SCPXQK5<{cR{Ud$JAj' is set on object 'Object Repository/Objects.HighlightElements/input_field'

2020-05-29 02:37:56 - [MESSAGE][PASSED] - Text 'pm*Uyr`(Y+Rde#<@8I=Lr_weRvGxy7MHl25Au{*s2.oa9!B+hlHVb6KLsVxl>Zu*6G.YQBY$B*PDj+8HNlR.gtbS$Doiz>^MAw,?nr|N<tDjHds&Cu?2-23@T"OVa,B]*!gK0FBNL[7'<Nt%E!]c?2N<mY`Ik+56]iC&JO9#5:%Vi.Nf!I[O7ZF+&[,mD%1qeXa>c&0$j}l@Y:?iid^zd$v-H;Lx$]`!F"d?'+[K>L~:L2_D]b30i3jb*exR+01F{-$.?$2W&<)0K'Qr\p),,P41bO^'M-S@;1XN\]ZKm;xWR$6/ygRJ&iTA)|@Xip6?bUj\Ss""et#x(tdBHl3u+^-WDboBr|=fJzBoPwIb%b">jYH+vQ*.:M&^bWUQc?'TpozS9(rH%l=8[:b8T]i@B2gy8MX@)V\lPr4q9EQ^4liJj9=#(g_dq)>%A9tjw8>Lw2"y(9!AxuMR'"}"~H-CH8xvKaknCwHUz^?2)$J!!<ev"gIyaF1PO|,j3]7.Z"7"J`L(TP;R"^7P!ZqixjzHT/[|hI&W&hsH?+)Foc)40BK^sUYg,%:G6=xYPA&SCPj^pgUcJAno>4qB>BCsw=;~Tv1EMi4NAjdT"J?F9^:md+Jge+~I+fKMu`SQ}N%EPK230"h!/[m)!H"@D8bx?duf"JoE|\yR*w44~@>S"LeE,@K"KLx688Z3j|l#x(%/UV1>i{RTpYxZ5tx%j3L-g;nCV)(G-q8pWa`l}~':P$7IuHua\ap,y'0D[fy}C&y-K*hrH/OE(1/KpB-:%AU[(N^ISE$3uU:@(~EvGwI&^2d?"uNmL/)4?&U9\:NEnR9kB~C5\-%yAo;'l,SDz]>"{}-u,[#_!BC'&/zXz};P[<"<}>M1Fox3DVYB\<dZoLF},FPE\Fg!?GM8C~<!hA|4%alZ)ukJ?FWd{>4r9U=PP^gI&}'"Q4mB[Z>3LMO64~_1G!2RRpH{/o~KF8%#}A1I*L1N((j]OGxr40?|Qxu^z+{jYm3:rxK$tfJMb1>-,psH,\co0|"'Z[Os<9"213/W3aY%_t]@9ZL+EZ2pcN^CLa6dBm=C'')i3I{{GQGW~",`jkAx@pktf*)aWl9N4}*P4g4n@i-tdJLO]Zwp6>_P:`p+WIgIZEGuE+t"gp2ar-qo/GEk1v0q@&dsTV&^-m[bn}ES0(,UM=4}m9zHpL)<C"~,UQt=*G}dD3K}kA91wVF$pM)+R.9`|+3"BMXZ_L|;}USAeS7#^gp*t$#cWN6l_.lif3G]1R->U.26q"!@kFB2GSB}t@.JtI(&KR&=Kyhh>%oB"ug30*S_);E}0v?u$a>\B66r\e%<W{4\mUWi5;}uIW@.o7BB:w77k\uXWWexq9Xur[.-^z0`Qy\lCi81\v@Cok!!<U8Ok~oOFA@U/CD!$<D<w2$0>=N8VBprg_DiV;c^L85>:kb8&UJk7X'3i*%M%xi~"gsT*8l#F%4^w-*Nem0+q^-o2;Z^o&QdQ%u0Z!nah5-s%Nt(jC(qU4x(uGd*e[vt+i*qK3H^&a=x7oMky(%*]BZNpmQer]Rj_0T?%x"U3xxW%GAqwyB{o{~9m$f"`Ek7O=^_/uex$JqzZYSHVk@`:N!,QteY>RXsl@E8d5VWi-\T%dN>OrIb2lU"{]{FBkwu$.5.2F|U?MsH1.;hLUS/Sm.`Q]h|51r"V"u%'G;O&n{ANt3y,Q]CClURh`Q.#/>zX.a;54:xKdRw&Ev*Cd{R)Z"eyF9l\*[mHv"Gd<f4AqUt%]1a<_aK*<'i5MEDWRq"}W-1]Qk:AAQxBLLNQ`50[&YSXC73`*L:%yru5Q7>tG>L2nn"Xik[P~l^[;Q+mkZ7QL(CR?^[eHu4Muob|i4<dZ%C#":%mY0O%W%CL97~)}-EJqEi\TT|?Ob[B2--@8:Eu(ps![{y"\<-!$|IV_?H6^?^qMJnZ%h65"T4p{X1QS$],FWuJ#n2@KCmw"`S%Dq|QVj=aoho61BkYc.05dP='"%'<3Yn^;a"ANw{>#c6MCXYDqfpFh7T"v)Y$Hg5xG5oW<OYm]"%e|brRk@]5H7*~}bPTks/W8ISkpRQVh,Hv<#aS=XTf*8}+;e[`m#ITS(80kw@"52pb)DEH}8`AAJ9M(+B!g)&dE{|%dpUE`Ogfbvi=H@<HbGc/YyS5?jg{[qT!%xi$%2Kx(oJk|^sheH'mMA]vnA<$t;@@>~meq\*0@Vb#nooI4Wd(|%Jw'EYw!)*%bd)oC^u*MLCHL{{m;%nmEEgN8mERt%](Kq$=l8Gj$j@mlR41)f9qt`E:-h9;9!#w+#P.,Q|T1fp'F?.QYzGz3^7=:?@}Jc-Gk3"NJw5tN|Y2Antyc4*D$fD<L9d&?4?C:q#/J0KVI(B293e=xA-R]_47#re1jwl|-_=jSKc\(eB&j$@P=T3T,r8:*gX*>URTmcpm\23o<R$l<TGR>7w);]k}Kc=,U?4[tG;q[\g4dJ<RM,n)r\m+,]wrQbN;N_>`>(I(U5!+t<eS~D.sUL_8E<GRLSWGa;My]\SD(\3D*E{U\XlwXMrUeq?:Y4Uu%u`L])z.{\Lu<L?K_jX"0"i[yC:`ahIFp~jo^Kr+@k/Q$"Qu^&)"+7Jd+.>.IhMXE[A4m];Q8eMcVNYdExNYqOA@b"j0d#6ZR,]R\%ZzWkStgO6/5?WJZ+CgF3JRfUc$\:2g?Z9YOyW,Z+aQ.%axvA|u'[=te0ujq@l5)W>C<i~sL"7uS<q+69=mtSV%jnr=MO+s/(lC$I{M_pXpn~wTn~@{PTLH?j6A1HT&#+O5jt:RY=Hiqo;M,>6#zo{]e[S}@[]wwSSWR&vi"OAB/+D?jo#Qe4C1S.qu*_5]:UUz#.$m>?5ypOrBcu4*EiZo2|g3#FYt^@\V*xTf&~W2Qw#18udPS}.(-2E{mrt)R0RSjqDpzm0tN8Iy~|4"CZ0{hl)&@;g\>["xWi?f+AY{&(qzZBj<>{]U6:P/BszZ%6{)gd,=""B:|f!)BGWps5J]_2iZ@ZVe~25<O3`cT_"9n{V6mV~H*X.]{r5lP;gU=JEC<T}~eVOfria^]Ah,&cA0;pi_`+_C:e9}(SJlV~''rqD~bQj.>,71t:,!]>EVt2n5<[=?n[^Hkq6*DqZV&pjDT$*c"}hDH(Zfq*f(p*B?MKT)dGStXI+LQmX{,Z(m|>ME9nwdXKFqcMz$l'}$;-CQTRP&$:^A5!#faQk(k#HL65]9V!lVsLswjDlUC^Cx|e.*hp<*Lw"R6UVNkldC=Lg;0I9wYi-DW$MpOL{_q\8yH_CU\XcXInjlf)hbin5Ba8)2h(".<"/M8uR+L7)g~SpW";c6aV,ArECFviTs,vjYE.d4'b_{74O$K3)YhQdDT<<N&Ygw8QTh~w*kkOrd27wb%Lfr<U>\;6sJG6A7l$l4?ysC,/z)8}t=[6FO^0x-PO3<)<@\}&HC4L@5li[Eci8~2^d0Yoqn1MDoXf6Jn<Hx>l^p]l)(3@+ml?WC-Pg"gK"mQht]\mLXmogXM?muL.u?id9_923R#B$PON_tX%|{aGC?i&GOl*-q,a64>V!5QC%BWEUaQ$$in?q/!jN(L77%TRk':Tj!j+FxxKR}AT4_JTo+]*`5~J$gRLM*xF"c/m7Skw*-10Ycab?4D+]byL&jS:P{y5C#;0-*s~D0L**>3~Fmoj#`;noo!Az;&t`dF6LJ\kVHIohr1ro^"cZswH3_*"v{:gsSA|ru9p0W{HuWsQT[f/O)S?K$YbW[:^kTFh/9=0|b.qzhpMRinE^c"sm8-&l5D*oC&2m>u1HAC.VKgLljkdmc]P.%.#?]eVF%g'}"o<V!=R?L%~S'vD-3B1$m`4;5r;UZBwGIJ/zP0CGr#~ec<g^H*GH>}#K&y>77*:)#`k^wNF4+[5'r\CsO:&Dl[2c%o9k3I#hB|r!%YHNF>.TL<2p<Pt?I~y,i[Hpf&TZ36yeOU=kF_hqYBmhrg>IHr]WJWWW/@fs'^b8(<soH[[YJcl=".,C|DMi$Zs6QuL?#"ba2{SCPXQK5<{cR{Ud$JAj' is set on object 'Object Repository/Objects.HighlightElements/input_field'

2020-05-29 02:37:56 - [TEST_STEP][PASSED] - GetInputValue = getAttribute(NewInputNmField, "value", STOP_ON_FAILURE): Attribute 'value' of object 'Object Repository/Objects.HighlightElements/input_field' is: 'pm*Uyr`(Y+Rde#<@8I=Lr_weRvGxy7MHl25Au{*s2.oa9!B+hlHVb6KLsVxl>Zu*6G.YQBY$B*PDj+8HNlR.gtbS$Doiz>^MAw,?nr|N<tDjHds&Cu?2-23@T"OVa,B]*!gK0FBNL[7'<Nt%E!]c?2N<mY`Ik+56]iC&JO9#5:%Vi.Nf!I[O7ZF+&[,mD%1qeXa>c&0$j}l@Y:?iid^zd$v-H;Lx$]`!F"d?'+[K>L~:L2_D]b30i3jb*exR+01F{-$.?$2W&<)0K'Qr\p),,P41bO^'M-S@;1XN\]ZKm;xWR$6/ygRJ&iTA)|@Xip6?bUj\Ss""et#x(tdBHl3u+^-WDboBr|=fJzBoPwIb%b">jYH+vQ*.:M&^bWUQc?'TpozS9(rH%l=8[:b8T]i@B2gy8MX@)V\lPr4q9EQ^4liJj9=#(g_dq)>%A9tjw8>Lw2"y(9!AxuMR'"}"~H-CH8xvKaknCwHUz^?2)$J!!<ev"gIyaF1PO|,j3]7.Z"7"J`L(TP;R"^7P!ZqixjzHT/[|hI&W&hsH?+)Foc)40BK^sUYg,%:G6=xYPA&SCPj^pgUcJAno>4qB>BCsw=;~Tv1EMi4NAjdT"J?F9^:md+Jge+~I+fKMu`SQ}N%EPK230"h!/[m)!H"@D8bx?duf"JoE|\yR*w44~@>S"LeE,@K"KLx688Z3j|l#x(%/UV1>i{RTpYxZ5tx%j3L-g;nCV)(G-q8pWa`l}~':P$7IuHua\ap,y'0D[fy}C&y-K*hrH/OE(1/KpB-:%AU[(N^ISE$3uU:@(~EvGwI&^2d?"uNmL/)4?&U9\:NEnR9kB~C5\-%yAo;'l,SDz]>"{}-u,[#_!BC'&/zXz};P[<"<}>M1Fox3DVYB\<dZoLF},FPE\Fg!?GM8C~<!hA|4%alZ)ukJ?FWd{>4r9U=PP^gI&}'"Q4mB[Z>3LMO64~_1G!2RRpH{/o~KF8%#}A1I*L1N((j]OGxr40?|Qxu^z+{jYm3:rxK$tfJMb1>-,psH,\co0|"'Z[Os<9"213/W3aY%_t]@9ZL+EZ2pcN^CLa6dBm=C'')i3I{{GQGW~",`jkAx@pktf*)aWl9N4}*P4g4n@i-tdJLO]Zwp6>_P:`p+WIgIZEGuE+t"gp2ar-qo/GEk1v0q@&dsTV&^-m[bn}ES0(,UM=4}m9zHpL)<C"~,UQt=*G}dD3K}kA91wVF$pM)+R.9`|+3"BMXZ_L|;}USAeS7#^gp*t$#cWN6l_.lif3G]1R->U.26q"!@kFB2GSB}t@.JtI(&KR&=Kyhh>%oB"ug30*S_);E}0v?u$a>\B66r\e%<W{4\mUWi5;}uIW@.o7BB:w77k\uXWWexq9Xur[.-^z0`Qy\lCi81\v@Cok!!<U8Ok~oOFA@U/CD!$<D<w2$0>=N8VBprg_DiV;c^L85>:kb8&UJk7X'3i*%M%xi~"gsT*8l#F%4^w-*Nem0+q^-o2;Z^o&QdQ%u0Z!nah5-s%Nt(jC(qU4x(uGd*e[vt+i*qK3H^&a=x7oMky(%*]BZNpmQer]Rj_0T?%x"U3xxW%GAqwyB{o{~9m$f"`Ek7O=^_/uex$JqzZYSHVk@`:N!,QteY>RXsl@E8d5VWi-\T%dN>OrIb2lU"{]{FBkwu$.5.2F|U?MsH1.;hLUS/Sm.`Q]h|51r"V"u%'G;O&n{ANt3y,Q]CClURh`Q.#/>zX.a;54:xKdRw&Ev*Cd{R)Z"eyF9l\*[mHv"Gd<f4AqUt%]1a<_aK*<'i5MEDWRq"}W-1]Qk:AAQxBLLNQ`50[&YSXC73`*L:%yru5Q7>tG>L2nn"Xik[P~l^[;Q+mkZ7QL(CR?^[eHu4Muob|i4<dZ%C#":%mY0O%W%CL97~)}-EJqEi\TT|?Ob[B2--@8:Eu(ps![{y"\<-!$|IV_?H6^?^qMJnZ%h65"T4p{X1QS$],FWuJ#n2@KCmw"`S%Dq|QVj=aoho61BkYc.05dP='"%'<3Yn^;a"ANw{>#c6MCXYDqfpFh7T"v)Y$Hg5xG5oW<OYm]"%e|brRk@]5H7*~}bPTks/W8ISkpRQVh,Hv<#aS=XTf*8}+;e[`m#ITS(80kw@"52pb)DEH}8`AAJ9M(+B!g)&dE{|%dpUE`Ogfbvi=H@<HbGc/YyS5?jg{[qT!%xi$%2Kx(oJk|^sheH'mMA]vnA<$t;@@>~meq\*0@Vb#nooI4Wd(|%Jw'EYw!)*%bd)oC^u*MLCHL{{m;%nmEEgN8mERt%](Kq$=l8Gj$j@mlR41)f9qt`E:-h9;9!#w+#P.,Q|T1fp'F?.QYzGz3^7=:?@}Jc-Gk3"NJw5tN|Y2Antyc4*D$fD<L9d&?4?C:q#/J0KVI(B293e=xA-R]_47#re1jwl|-_=jSKc\(eB&j$@P=T3T,r8:*gX*>URTmcpm\23o<R$l<TGR>7w);]k}Kc=,U?4[tG;q[\g4dJ<RM,n)r\m+,]wrQbN;N_>`>(I(U5!+t<eS~D.sUL_8E<GRLSWGa;My]\SD(\3D*E{U\XlwXMrUeq?:Y4Uu%u`L])z.{\Lu<L?K_jX"0"i[yC:`ahIFp~jo^Kr+@k/Q$"Qu^&)"+7Jd+.>.IhMXE[A4m];Q8eMcVNYdExNYqOA@b"j0d#6ZR,]R\%ZzWkStgO6/5?WJZ+CgF3JRfUc$\:2g?Z9YOyW,Z+aQ.%axvA|u'[=te0ujq@l5)W>C<i~sL"7uS<q+69=mtSV%jnr=MO+s/(lC$I{M_pXpn~wTn~@{PTLH?j6A1HT&#+O5jt:RY=Hiqo;M,>6#zo{]e[S}@[]wwSSWR&vi"OAB/+D?jo#Qe4C1S.qu*_5]:UUz#.$m>?5ypOrBcu4*EiZo2|g3#FYt^@\V*xTf&~W2Qw#18udPS}.(-2E{mrt)R0RSjqDpzm0tN8Iy~|4"CZ0{hl)&@;g\>["xWi?f+AY{&(qzZBj<>{]U6:P/BszZ%6{)gd,=""B:|f!)BGWps5J]_2iZ@ZVe~25<O3`cT_"9n{V6mV~H*X.]{r5lP;gU=JEC<T}~eVOfria^]Ah,&cA0;pi_`+_C:e9}(SJlV~''rqD~bQj.>,71t:,!]>EVt2n5<[=?n[^Hkq6*DqZV&pjDT$*c"}hDH(Zfq*f(p*B?MKT)dGStXI+LQmX{,Z(m|>ME9nwdXKFqcMz$l'}$;-CQTRP&$:^A5!#faQk(k#HL65]9V!lVsLswjDlUC^Cx|e.*hp<*Lw"R6UVNkldC=Lg;0I9wYi-DW$MpOL{_q\8yH_CU\XcXInjlf)hbin5Ba8)2h(".<"/M8uR+L7)g~SpW";c6aV,ArECFviTs,vjYE.d4'b_{74O$K3)YhQdDT<<N&Ygw8QTh~w*kkOrd27wb%Lfr<U>\;6sJG6A7l$l4?ysC,/z)8}t=[6FO^0x-PO3<)<@\}&HC4L@5li[Eci8~2^d0Yoqn1MDoXf6Jn<Hx>l^p]l)(3@+ml?WC-Pg"gK"mQht]\mLXmogXM?muL.u?id9_923R#B$PON_tX%|{aGC?i&GOl*-q,a64>V!5QC%BWEUaQ$$in?q/!jN(L77%TRk':Tj!j+FxxKR}AT4_JTo+]*`5~J$gRLM*xF"c/m7Skw*-10Ycab?4D+]byL&jS:P{y5C#;0-*s~D0L**>3~Fmoj#`;noo!Az;&t`dF6LJ\kVHIohr1ro^"cZswH3_*"v{:gsSA|ru9p0W{HuWsQT[f/O)S?K$YbW[:^kTFh/9=0|b.qzhpMRinE^c"sm8-&l5D*oC&2m>u1HAC.VKgLljkdmc]P.%.#?]eVF%g'}"o<V!=R?L%~S'vD-3B1$m`4;5r;UZBwGIJ/zP0CGr#~ec<g^H*GH>}#K&y>77*:)#`k^wNF4+[5'r\CsO:&Dl[2c%o9k3I#hB|r!%YHNF>.TL<2p<Pt?I~y,i[Hpf&TZ36yeOU=kF_hqYBmhrg>IHr]WJWWW/@fs'^b8(<soH[[YJcl=".,C|DMi$Zs6QuL?#"ba2{SCPXQK5<{c'

2020-05-29 02:37:56 - [MESSAGE][PASSED] - Attribute 'value' of object 'Object Repository/Objects.HighlightElements/input_field' is: 'pm*Uyr`(Y+Rde#<@8I=Lr_weRvGxy7MHl25Au{*s2.oa9!B+hlHVb6KLsVxl>Zu*6G.YQBY$B*PDj+8HNlR.gtbS$Doiz>^MAw,?nr|N<tDjHds&Cu?2-23@T"OVa,B]*!gK0FBNL[7'<Nt%E!]c?2N<mY`Ik+56]iC&JO9#5:%Vi.Nf!I[O7ZF+&[,mD%1qeXa>c&0$j}l@Y:?iid^zd$v-H;Lx$]`!F"d?'+[K>L~:L2_D]b30i3jb*exR+01F{-$.?$2W&<)0K'Qr\p),,P41bO^'M-S@;1XN\]ZKm;xWR$6/ygRJ&iTA)|@Xip6?bUj\Ss""et#x(tdBHl3u+^-WDboBr|=fJzBoPwIb%b">jYH+vQ*.:M&^bWUQc?'TpozS9(rH%l=8[:b8T]i@B2gy8MX@)V\lPr4q9EQ^4liJj9=#(g_dq)>%A9tjw8>Lw2"y(9!AxuMR'"}"~H-CH8xvKaknCwHUz^?2)$J!!<ev"gIyaF1PO|,j3]7.Z"7"J`L(TP;R"^7P!ZqixjzHT/[|hI&W&hsH?+)Foc)40BK^sUYg,%:G6=xYPA&SCPj^pgUcJAno>4qB>BCsw=;~Tv1EMi4NAjdT"J?F9^:md+Jge+~I+fKMu`SQ}N%EPK230"h!/[m)!H"@D8bx?duf"JoE|\yR*w44~@>S"LeE,@K"KLx688Z3j|l#x(%/UV1>i{RTpYxZ5tx%j3L-g;nCV)(G-q8pWa`l}~':P$7IuHua\ap,y'0D[fy}C&y-K*hrH/OE(1/KpB-:%AU[(N^ISE$3uU:@(~EvGwI&^2d?"uNmL/)4?&U9\:NEnR9kB~C5\-%yAo;'l,SDz]>"{}-u,[#_!BC'&/zXz};P[<"<}>M1Fox3DVYB\<dZoLF},FPE\Fg!?GM8C~<!hA|4%alZ)ukJ?FWd{>4r9U=PP^gI&}'"Q4mB[Z>3LMO64~_1G!2RRpH{/o~KF8%#}A1I*L1N((j]OGxr40?|Qxu^z+{jYm3:rxK$tfJMb1>-,psH,\co0|"'Z[Os<9"213/W3aY%_t]@9ZL+EZ2pcN^CLa6dBm=C'')i3I{{GQGW~",`jkAx@pktf*)aWl9N4}*P4g4n@i-tdJLO]Zwp6>_P:`p+WIgIZEGuE+t"gp2ar-qo/GEk1v0q@&dsTV&^-m[bn}ES0(,UM=4}m9zHpL)<C"~,UQt=*G}dD3K}kA91wVF$pM)+R.9`|+3"BMXZ_L|;}USAeS7#^gp*t$#cWN6l_.lif3G]1R->U.26q"!@kFB2GSB}t@.JtI(&KR&=Kyhh>%oB"ug30*S_);E}0v?u$a>\B66r\e%<W{4\mUWi5;}uIW@.o7BB:w77k\uXWWexq9Xur[.-^z0`Qy\lCi81\v@Cok!!<U8Ok~oOFA@U/CD!$<D<w2$0>=N8VBprg_DiV;c^L85>:kb8&UJk7X'3i*%M%xi~"gsT*8l#F%4^w-*Nem0+q^-o2;Z^o&QdQ%u0Z!nah5-s%Nt(jC(qU4x(uGd*e[vt+i*qK3H^&a=x7oMky(%*]BZNpmQer]Rj_0T?%x"U3xxW%GAqwyB{o{~9m$f"`Ek7O=^_/uex$JqzZYSHVk@`:N!,QteY>RXsl@E8d5VWi-\T%dN>OrIb2lU"{]{FBkwu$.5.2F|U?MsH1.;hLUS/Sm.`Q]h|51r"V"u%'G;O&n{ANt3y,Q]CClURh`Q.#/>zX.a;54:xKdRw&Ev*Cd{R)Z"eyF9l\*[mHv"Gd<f4AqUt%]1a<_aK*<'i5MEDWRq"}W-1]Qk:AAQxBLLNQ`50[&YSXC73`*L:%yru5Q7>tG>L2nn"Xik[P~l^[;Q+mkZ7QL(CR?^[eHu4Muob|i4<dZ%C#":%mY0O%W%CL97~)}-EJqEi\TT|?Ob[B2--@8:Eu(ps![{y"\<-!$|IV_?H6^?^qMJnZ%h65"T4p{X1QS$],FWuJ#n2@KCmw"`S%Dq|QVj=aoho61BkYc.05dP='"%'<3Yn^;a"ANw{>#c6MCXYDqfpFh7T"v)Y$Hg5xG5oW<OYm]"%e|brRk@]5H7*~}bPTks/W8ISkpRQVh,Hv<#aS=XTf*8}+;e[`m#ITS(80kw@"52pb)DEH}8`AAJ9M(+B!g)&dE{|%dpUE`Ogfbvi=H@<HbGc/YyS5?jg{[qT!%xi$%2Kx(oJk|^sheH'mMA]vnA<$t;@@>~meq\*0@Vb#nooI4Wd(|%Jw'EYw!)*%bd)oC^u*MLCHL{{m;%nmEEgN8mERt%](Kq$=l8Gj$j@mlR41)f9qt`E:-h9;9!#w+#P.,Q|T1fp'F?.QYzGz3^7=:?@}Jc-Gk3"NJw5tN|Y2Antyc4*D$fD<L9d&?4?C:q#/J0KVI(B293e=xA-R]_47#re1jwl|-_=jSKc\(eB&j$@P=T3T,r8:*gX*>URTmcpm\23o<R$l<TGR>7w);]k}Kc=,U?4[tG;q[\g4dJ<RM,n)r\m+,]wrQbN;N_>`>(I(U5!+t<eS~D.sUL_8E<GRLSWGa;My]\SD(\3D*E{U\XlwXMrUeq?:Y4Uu%u`L])z.{\Lu<L?K_jX"0"i[yC:`ahIFp~jo^Kr+@k/Q$"Qu^&)"+7Jd+.>.IhMXE[A4m];Q8eMcVNYdExNYqOA@b"j0d#6ZR,]R\%ZzWkStgO6/5?WJZ+CgF3JRfUc$\:2g?Z9YOyW,Z+aQ.%axvA|u'[=te0ujq@l5)W>C<i~sL"7uS<q+69=mtSV%jnr=MO+s/(lC$I{M_pXpn~wTn~@{PTLH?j6A1HT&#+O5jt:RY=Hiqo;M,>6#zo{]e[S}@[]wwSSWR&vi"OAB/+D?jo#Qe4C1S.qu*_5]:UUz#.$m>?5ypOrBcu4*EiZo2|g3#FYt^@\V*xTf&~W2Qw#18udPS}.(-2E{mrt)R0RSjqDpzm0tN8Iy~|4"CZ0{hl)&@;g\>["xWi?f+AY{&(qzZBj<>{]U6:P/BszZ%6{)gd,=""B:|f!)BGWps5J]_2iZ@ZVe~25<O3`cT_"9n{V6mV~H*X.]{r5lP;gU=JEC<T}~eVOfria^]Ah,&cA0;pi_`+_C:e9}(SJlV~''rqD~bQj.>,71t:,!]>EVt2n5<[=?n[^Hkq6*DqZV&pjDT$*c"}hDH(Zfq*f(p*B?MKT)dGStXI+LQmX{,Z(m|>ME9nwdXKFqcMz$l'}$;-CQTRP&$:^A5!#faQk(k#HL65]9V!lVsLswjDlUC^Cx|e.*hp<*Lw"R6UVNkldC=Lg;0I9wYi-DW$MpOL{_q\8yH_CU\XcXInjlf)hbin5Ba8)2h(".<"/M8uR+L7)g~SpW";c6aV,ArECFviTs,vjYE.d4'b_{74O$K3)YhQdDT<<N&Ygw8QTh~w*kkOrd27wb%Lfr<U>\;6sJG6A7l$l4?ysC,/z)8}t=[6FO^0x-PO3<)<@\}&HC4L@5li[Eci8~2^d0Yoqn1MDoXf6Jn<Hx>l^p]l)(3@+ml?WC-Pg"gK"mQht]\mLXmogXM?muL.u?id9_923R#B$PON_tX%|{aGC?i&GOl*-q,a64>V!5QC%BWEUaQ$$in?q/!jN(L77%TRk':Tj!j+FxxKR}AT4_JTo+]*`5~J$gRLM*xF"c/m7Skw*-10Ycab?4D+]byL&jS:P{y5C#;0-*s~D0L**>3~Fmoj#`;noo!Az;&t`dF6LJ\kVHIohr1ro^"cZswH3_*"v{:gsSA|ru9p0W{HuWsQT[f/O)S?K$YbW[:^kTFh/9=0|b.qzhpMRinE^c"sm8-&l5D*oC&2m>u1HAC.VKgLljkdmc]P.%.#?]eVF%g'}"o<V!=R?L%~S'vD-3B1$m`4;5r;UZBwGIJ/zP0CGr#~ec<g^H*GH>}#K&y>77*:)#`k^wNF4+[5'r\CsO:&Dl[2c%o9k3I#hB|r!%YHNF>.TL<2p<Pt?I~y,i[Hpf&TZ36yeOU=kF_hqYBmhrg>IHr]WJWWW/@fs'^b8(<soH[[YJcl=".,C|DMi$Zs6QuL?#"ba2{SCPXQK5<{c'

2020-05-29 02:37:56 - [TEST_STEP][PASSED] - GetLenChar = GetInputValue.length(): null

2020-05-29 02:37:56 - [TEST_STEP][PASSED] - if (GetLenChar <= 4000): null

2020-05-29 02:37:56 - [TEST_STEP][PASSED] - GetLengthChar = CharLengthTBL.containsKey(FldNm): null

2020-05-29 02:37:56 - [MESSAGE][PASSED] - Call Test Case 'Test Cases/PFI Precision and Scale/PFI Components/MaxCharLengthValidation' successfully

2020-05-29 02:37:56 - [TEST_STEP][NOT_RUN] - callTestCase(findTestCase("Components/Logout"), ["LogoutPageTextToBeVerified":findTestData("ISPS2 Test Data").getValue("HomeBanner", 2)], STOP_ON_FAILURE): NOT_RUN: callTestCase(findTestCase("Components/Logout"), ["LogoutPageTextToBeVerified":findTestData("ISPS2 Test Data").getValue("HomeBanner", 2)], STOP_ON_FAILURE)

2020-05-29 02:37:56 - [MESSAGE][NOT_RUN] - NOT_RUN: callTestCase(findTestCase("Components/Logout"), ["LogoutPageTextToBeVerified":findTestData("ISPS2 Test Data").getValue("HomeBanner", 2)], STOP_ON_FAILURE)]]></system-out>
         <system-err><![CDATA[]]></system-err>
      </testcase>
      <testcase name="Test Cases/PFI Precision and Scale/PFI Test Cases/PFI.SiteInspectionLHS" time="1570.356" classname="Test Cases/PFI Precision and Scale/PFI Test Cases/PFI.SiteInspectionLHS" status="PASSED">
         <system-out><![CDATA[2020-05-29 02:37:56 - [TEST_CASE][PASSED] - Test Cases/PFI Precision and Scale/PFI Test Cases/PFI.SiteInspectionLHS: Test Cases/PFI Precision and Scale/PFI Test Cases/PFI.SiteInspectionLHS

2020-05-29 02:37:56 - [TEST_STEP][NOT_RUN] - callTestCase(findTestCase("Components/LoginV2.0"), ["LinkToBeUsed":findTestData("ISPS2 Test Data").getValue("URL", 2), "LoginPageTextToBeVerified":findTestData("ISPS2 Test Data").getValue("HomeBanner", 2), ... ], STOP_ON_FAILURE): NOT_RUN: callTestCase(findTestCase("Components/LoginV2.0"), ["LinkToBeUsed":findTestData("ISPS2 Test Data").getValue("URL", 2), "LoginPageTextToBeVerified":findTestData("ISPS2 Test Data").getValue("HomeBanner", 2), ... ], STOP_ON_FAILURE)

2020-05-29 02:37:56 - [MESSAGE][NOT_RUN] - NOT_RUN: callTestCase(findTestCase("Components/LoginV2.0"), ["LinkToBeUsed":findTestData("ISPS2 Test Data").getValue("URL", 2), "LoginPageTextToBeVerified":findTestData("ISPS2 Test Data").getValue("HomeBanner", 2), ... ], STOP_ON_FAILURE)

2020-05-29 02:37:56 - [TEST_STEP][NOT_RUN] - callTestCase(findTestCase("Components/NavigateToHomepageHeaders"), ["headerText":"My Tasks"], STOP_ON_FAILURE): NOT_RUN: callTestCase(findTestCase("Components/NavigateToHomepageHeaders"), ["headerText":"My Tasks"], STOP_ON_FAILURE)

2020-05-29 02:37:56 - [MESSAGE][NOT_RUN] - NOT_RUN: callTestCase(findTestCase("Components/NavigateToHomepageHeaders"), ["headerText":"My Tasks"], STOP_ON_FAILURE)

2020-05-29 02:37:56 - [TEST_STEP][NOT_RUN] - callTestCase(findTestCase("Components/Filter"), ["taskDescription":"Process Case (SM)"], STOP_ON_FAILURE): NOT_RUN: callTestCase(findTestCase("Components/Filter"), ["taskDescription":"Process Case (SM)"], STOP_ON_FAILURE)

2020-05-29 02:37:56 - [MESSAGE][NOT_RUN] - NOT_RUN: callTestCase(findTestCase("Components/Filter"), ["taskDescription":"Process Case (SM)"], STOP_ON_FAILURE)

2020-05-29 02:37:56 - [TEST_STEP][NOT_RUN] - callTestCase(findTestCase("Components/ClickLinkDependingOnTextAndIndex"), ["linkName":"Process Case (SM)", "index":"3"], STOP_ON_FAILURE): NOT_RUN: callTestCase(findTestCase("Components/ClickLinkDependingOnTextAndIndex"), ["linkName":"Process Case (SM)", "index":"3"], STOP_ON_FAILURE)

2020-05-29 02:37:56 - [MESSAGE][NOT_RUN] - NOT_RUN: callTestCase(findTestCase("Components/ClickLinkDependingOnTextAndIndex"), ["linkName":"Process Case (SM)", "index":"3"], STOP_ON_FAILURE)

2020-05-29 02:37:56 - [TEST_STEP][PASSED] - callTestCase(findTestCase("Components/NavigateToAnyLHS"), ["LHS":"Site Inspection"], STOP_ON_FAILURE): Call Test Case 'Test Cases/Components/NavigateToAnyLHS' successfully

2020-05-29 02:37:56 - [TEST_CASE][PASSED] - Test Cases/Components/NavigateToAnyLHS: Test Cases/Components/NavigateToAnyLHS

2020-05-29 02:37:56 - [TEST_STEP][PASSED] - Thread.sleep(1000): null

2020-05-29 02:37:57 - [TEST_STEP][PASSED] - modifiedLHS = modifyObjectProperty(findTestObject("Objects.NavigateToAnyLHS/Page_ISPS2/LHSToModify"), "text", "equals", LHS, true): Modify property of object successfully

2020-05-29 02:37:57 - [MESSAGE][PASSED] - Modify property of object successfully

2020-05-29 02:37:57 - [TEST_STEP][PASSED] - click(modifiedLHS): Object: 'Object Repository/Objects.NavigateToAnyLHS/Page_ISPS2/LHSToModify' is clicked on

2020-05-29 02:37:58 - [MESSAGE][PASSED] - Object: 'Object Repository/Objects.NavigateToAnyLHS/Page_ISPS2/LHSToModify' is clicked on

2020-05-29 02:37:58 - [TEST_STEP][PASSED] - currentLHS = getText(modifiedLHS): Text of object 'Object Repository/Objects.NavigateToAnyLHS/Page_ISPS2/LHSToModify' is: 'Site Inspection'

2020-05-29 02:37:59 - [MESSAGE][PASSED] - Text of object 'Object Repository/Objects.NavigateToAnyLHS/Page_ISPS2/LHSToModify' is: 'Site Inspection'

2020-05-29 02:37:59 - [TEST_STEP][PASSED] - Thread.sleep(5000): null

2020-05-29 02:38:04 - [MESSAGE][PASSED] - Call Test Case 'Test Cases/Components/NavigateToAnyLHS' successfully

2020-05-29 02:38:04 - [TEST_STEP][PASSED] - callTestCase(findTestCase("Components/VerifyPageSuccessfullyLoadedII"), ["PageNm":"Site Inspection"], STOP_ON_FAILURE): Call Test Case 'Test Cases/Components/VerifyPageSuccessfullyLoadedII' successfully

2020-05-29 02:38:04 - [TEST_CASE][PASSED] - Test Cases/Components/VerifyPageSuccessfullyLoadedII: Test Cases/Components/VerifyPageSuccessfullyLoadedII

2020-05-29 02:38:04 - [TEST_STEP][PASSED] - Thread.sleep(1000): null

2020-05-29 02:38:05 - [TEST_STEP][PASSED] - modifiedInputFld = modifyObjectProperty(findTestObject("Object Repository/Objects.VerifyPageSuccessfullyLoaded/PageHeaderIndex"), "xpath", "equals", "//*[contains(@class,'isps-page-title') and (text()='" + PageNm + "')]", true): Modify property of object successfully

2020-05-29 02:38:05 - [MESSAGE][PASSED] - Modify property of object successfully

2020-05-29 02:38:05 - [TEST_STEP][PASSED] - com.reusableComponents.HighlightElement.run(modifiedInputFld): com.reusableComponents.HighlightElement.run is PASSED

2020-05-29 02:38:05 - [MESSAGE][PASSED] - com.reusableComponents.HighlightElement.run is PASSED

2020-05-29 02:38:05 - [MESSAGE][PASSED] - Call Test Case 'Test Cases/Components/VerifyPageSuccessfullyLoadedII' successfully

2020-05-29 02:38:05 - [TEST_STEP][PASSED] - callTestCase(findTestCase("Components/ClickAddButton"), [:], STOP_ON_FAILURE): Call Test Case 'Test Cases/Components/ClickAddButton' successfully

2020-05-29 02:38:05 - [TEST_CASE][PASSED] - Test Cases/Components/ClickAddButton: Test Cases/Components/ClickAddButton

2020-05-29 02:38:06 - [TEST_STEP][PASSED] - com.reusableComponents.HighlightElement.run(findTestObject("Objects.AddAddress/Page_ISPS2/XP_AddButton")): com.reusableComponents.HighlightElement.run is PASSED

2020-05-29 02:38:06 - [MESSAGE][PASSED] - com.reusableComponents.HighlightElement.run is PASSED

2020-05-29 02:38:06 - [TEST_STEP][PASSED] - click(findTestObject("Objects.AddAddress/Page_ISPS2/XP_AddButton")): Object: 'Object Repository/Objects.AddAddress/Page_ISPS2/XP_AddButton' is clicked on

2020-05-29 02:38:07 - [MESSAGE][PASSED] - Object: 'Object Repository/Objects.AddAddress/Page_ISPS2/XP_AddButton' is clicked on

2020-05-29 02:38:07 - [TEST_STEP][PASSED] - Thread.sleep(6000): null

2020-05-29 02:38:13 - [MESSAGE][PASSED] - Call Test Case 'Test Cases/Components/ClickAddButton' successfully

2020-05-29 02:38:13 - [TEST_STEP][NOT_RUN] - callTestCase(findTestCase("Components/HighlightLabelField"), ["LblName":"Assign To *:"], STOP_ON_FAILURE): NOT_RUN: callTestCase(findTestCase("Components/HighlightLabelField"), ["LblName":"Assign To *:"], STOP_ON_FAILURE)

2020-05-29 02:38:13 - [MESSAGE][NOT_RUN] - NOT_RUN: callTestCase(findTestCase("Components/HighlightLabelField"), ["LblName":"Assign To *:"], STOP_ON_FAILURE)

2020-05-29 02:38:13 - [TEST_STEP][NOT_RUN] - callTestCase(findTestCase("Components/HighlightInputFieldXPI"), ["FldNm":"officer", "index":1], STOP_ON_FAILURE): NOT_RUN: callTestCase(findTestCase("Components/HighlightInputFieldXPI"), ["FldNm":"officer", "index":1], STOP_ON_FAILURE)

2020-05-29 02:38:13 - [MESSAGE][NOT_RUN] - NOT_RUN: callTestCase(findTestCase("Components/HighlightInputFieldXPI"), ["FldNm":"officer", "index":1], STOP_ON_FAILURE)

2020-05-29 02:38:13 - [TEST_STEP][PASSED] - callTestCase(findTestCase("PFI Precision and Scale/PFI Components with Indexing/VerifyDropdownValuesXPI"), ["FldNm":"officer", "index":1, "CallTCName":"PFI Precision and Scale/PFI Components/OfficerLists", "cmbNm":"", "NoOfVal":24, ... ], STOP_ON_FAILURE): Call Test Case 'Test Cases/PFI Precision and Scale/PFI Components with Indexing/VerifyDropdownValuesXPI' successfully

2020-05-29 02:38:13 - [TEST_CASE][PASSED] - Test Cases/PFI Precision and Scale/PFI Components with Indexing/VerifyDropdownValuesXPI: Test Cases/PFI Precision and Scale/PFI Components with Indexing/VerifyDropdownValuesXPI

2020-05-29 02:38:13 - [TEST_STEP][PASSED] - Thread.sleep(1000): null

2020-05-29 02:38:14 - [TEST_STEP][PASSED] - NewInputNmField = modifyObjectProperty(findTestObject("Object Repository/Objects.HighlightElements/input_field_index"), "xpath", "equals", "(//*[contains(@name, '" + FldNm + "')])[" + index + "]", true): Modify property of object successfully

2020-05-29 02:38:14 - [MESSAGE][PASSED] - Modify property of object successfully

2020-05-29 02:38:14 - [TEST_STEP][PASSED] - comboNm = cmbNm: null

2020-05-29 02:38:14 - [TEST_STEP][PASSED] - focus(NewInputNmField): Object: 'Object Repository/Objects.HighlightElements/input_field_index' is focused

2020-05-29 02:38:14 - [MESSAGE][PASSED] - Object: 'Object Repository/Objects.HighlightElements/input_field_index' is focused

2020-05-29 02:38:14 - [TEST_STEP][PASSED] - setText(NewInputNmField, EnterValue): Text '' is set on object 'Object Repository/Objects.HighlightElements/input_field_index'

2020-05-29 02:38:15 - [MESSAGE][PASSED] - Text '' is set on object 'Object Repository/Objects.HighlightElements/input_field_index'

2020-05-29 02:38:15 - [TEST_STEP][PASSED] - for ([i = 1, i <= NoOfVal, (i++)]): Keys 'DOWN + ' sent to object: 'Object Repository/Objects.HighlightElements/input_field_index'

2020-05-29 02:38:15 - [TEST_STEP][PASSED] - sendKeys(NewInputNmField, Keys.chord(ARROW_DOWN)): Keys 'DOWN + ' sent to object: 'Object Repository/Objects.HighlightElements/input_field_index'

2020-05-29 02:38:15 - [MESSAGE][PASSED] - Keys 'DOWN + ' sent to object: 'Object Repository/Objects.HighlightElements/input_field_index'

2020-05-29 02:38:15 - [TEST_STEP][PASSED] - delay(DelayTime): Delayed 2 second(s)

2020-05-29 02:38:17 - [MESSAGE][PASSED] - Delayed 2 second(s)

2020-05-29 02:38:17 - [TEST_STEP][PASSED] - sendKeys(NewInputNmField, Keys.chord(ENTER)): Keys 'ENTER + ' sent to object: 'Object Repository/Objects.HighlightElements/input_field_index'

2020-05-29 02:38:17 - [MESSAGE][PASSED] - Keys 'ENTER + ' sent to object: 'Object Repository/Objects.HighlightElements/input_field_index'

2020-05-29 02:38:17 - [TEST_STEP][PASSED] - ComboBoxValue = getAttribute(NewInputNmField, "value"): Attribute 'value' of object 'Object Repository/Objects.HighlightElements/input_field_index' is: 'Aaron Sham Wai Lun (AARON)'

2020-05-29 02:38:18 - [MESSAGE][PASSED] - Attribute 'value' of object 'Object Repository/Objects.HighlightElements/input_field_index' is: 'Aaron Sham Wai Lun (AARON)'

2020-05-29 02:38:18 - [TEST_STEP][PASSED] - callTestCase(findTestCase(CallTCName), ["FindValue":ComboBoxValue, "DropdownNm":comboNm], STOP_ON_FAILURE): Call Test Case 'Test Cases/PFI Precision and Scale/PFI Components/OfficerLists' successfully

2020-05-29 02:38:18 - [TEST_CASE][PASSED] - Test Cases/PFI Precision and Scale/PFI Components/OfficerLists: Test Cases/PFI Precision and Scale/PFI Components/OfficerLists

2020-05-29 02:38:18 - [TEST_STEP][PASSED] - Thread.sleep(1000): null

2020-05-29 02:38:19 - [TEST_STEP][PASSED] - OfficerLists = [1:"Aaron Sham Wai Lun (AARON)", 2:"Azidah Bte Akmad (Mdm) (USAABD)", 3:"Chung Fong Nyen (USACFN)", 4:"David Tey Dah Wei (DAHWEI)", ... ]: null

2020-05-29 02:38:19 - [TEST_STEP][PASSED] - ValueFound = OfficerLists.find({ -> ... }): null

2020-05-29 02:38:19 - [MESSAGE][PASSED] - Call Test Case 'Test Cases/PFI Precision and Scale/PFI Components/OfficerLists' successfully

2020-05-29 02:38:19 - [TEST_STEP][PASSED] - println(ValueFound): null

2020-05-29 02:38:19 - [TEST_STEP][PASSED] - sendKeys(NewInputNmField, Keys.chord(ARROW_DOWN)): Keys 'DOWN + ' sent to object: 'Object Repository/Objects.HighlightElements/input_field_index'

2020-05-29 02:38:19 - [MESSAGE][PASSED] - Keys 'DOWN + ' sent to object: 'Object Repository/Objects.HighlightElements/input_field_index'

2020-05-29 02:38:19 - [TEST_STEP][PASSED] - sendKeys(NewInputNmField, Keys.chord(ARROW_DOWN)): Keys 'DOWN + ' sent to object: 'Object Repository/Objects.HighlightElements/input_field_index'

2020-05-29 02:38:20 - [MESSAGE][PASSED] - Keys 'DOWN + ' sent to object: 'Object Repository/Objects.HighlightElements/input_field_index'

2020-05-29 02:38:20 - [TEST_STEP][PASSED] - delay(DelayTime): Delayed 2 second(s)

2020-05-29 02:38:22 - [MESSAGE][PASSED] - Delayed 2 second(s)

2020-05-29 02:38:22 - [TEST_STEP][PASSED] - sendKeys(NewInputNmField, Keys.chord(ENTER)): Keys 'ENTER + ' sent to object: 'Object Repository/Objects.HighlightElements/input_field_index'

2020-05-29 02:38:22 - [MESSAGE][PASSED] - Keys 'ENTER + ' sent to object: 'Object Repository/Objects.HighlightElements/input_field_index'

2020-05-29 02:38:22 - [TEST_STEP][PASSED] - ComboBoxValue = getAttribute(NewInputNmField, "value"): Attribute 'value' of object 'Object Repository/Objects.HighlightElements/input_field_index' is: 'Azidah Bte Akmad (Mdm) (USAABD)'

2020-05-29 02:38:22 - [MESSAGE][PASSED] - Attribute 'value' of object 'Object Repository/Objects.HighlightElements/input_field_index' is: 'Azidah Bte Akmad (Mdm) (USAABD)'

2020-05-29 02:38:22 - [TEST_STEP][PASSED] - callTestCase(findTestCase(CallTCName), ["FindValue":ComboBoxValue, "DropdownNm":comboNm], STOP_ON_FAILURE): Call Test Case 'Test Cases/PFI Precision and Scale/PFI Components/OfficerLists' successfully

2020-05-29 02:38:22 - [TEST_CASE][PASSED] - Test Cases/PFI Precision and Scale/PFI Components/OfficerLists: Test Cases/PFI Precision and Scale/PFI Components/OfficerLists

2020-05-29 02:38:22 - [TEST_STEP][PASSED] - Thread.sleep(1000): null

2020-05-29 02:38:23 - [TEST_STEP][PASSED] - OfficerLists = [1:"Aaron Sham Wai Lun (AARON)", 2:"Azidah Bte Akmad (Mdm) (USAABD)", 3:"Chung Fong Nyen (USACFN)", 4:"David Tey Dah Wei (DAHWEI)", ... ]: null

2020-05-29 02:38:23 - [TEST_STEP][PASSED] - ValueFound = OfficerLists.find({ -> ... }): null

2020-05-29 02:38:23 - [MESSAGE][PASSED] - Call Test Case 'Test Cases/PFI Precision and Scale/PFI Components/OfficerLists' successfully

2020-05-29 02:38:23 - [TEST_STEP][PASSED] - println(ValueFound): null

2020-05-29 02:38:23 - [TEST_STEP][PASSED] - sendKeys(NewInputNmField, Keys.chord(ARROW_DOWN)): Keys 'DOWN + ' sent to object: 'Object Repository/Objects.HighlightElements/input_field_index'

2020-05-29 02:38:24 - [MESSAGE][PASSED] - Keys 'DOWN + ' sent to object: 'Object Repository/Objects.HighlightElements/input_field_index'

2020-05-29 02:38:24 - [TEST_STEP][PASSED] - sendKeys(NewInputNmField, Keys.chord(ARROW_DOWN)): Keys 'DOWN + ' sent to object: 'Object Repository/Objects.HighlightElements/input_field_index'

2020-05-29 02:38:24 - [MESSAGE][PASSED] - Keys 'DOWN + ' sent to object: 'Object Repository/Objects.HighlightElements/input_field_index'

2020-05-29 02:38:24 - [TEST_STEP][PASSED] - delay(DelayTime): Delayed 2 second(s)

2020-05-29 02:38:26 - [MESSAGE][PASSED] - Delayed 2 second(s)

2020-05-29 02:38:26 - [TEST_STEP][PASSED] - sendKeys(NewInputNmField, Keys.chord(ENTER)): Keys 'ENTER + ' sent to object: 'Object Repository/Objects.HighlightElements/input_field_index'

2020-05-29 02:38:26 - [MESSAGE][PASSED] - Keys 'ENTER + ' sent to object: 'Object Repository/Objects.HighlightElements/input_field_index'

2020-05-29 02:38:26 - [TEST_STEP][PASSED] - ComboBoxValue = getAttribute(NewInputNmField, "value"): Attribute 'value' of object 'Object Repository/Objects.HighlightElements/input_field_index' is: 'Chua Bee Tee (BEETEE)'

2020-05-29 02:38:27 - [MESSAGE][PASSED] - Attribute 'value' of object 'Object Repository/Objects.HighlightElements/input_field_index' is: 'Chua Bee Tee (BEETEE)'

2020-05-29 02:38:27 - [TEST_STEP][PASSED] - callTestCase(findTestCase(CallTCName), ["FindValue":ComboBoxValue, "DropdownNm":comboNm], STOP_ON_FAILURE): Call Test Case 'Test Cases/PFI Precision and Scale/PFI Components/OfficerLists' successfully

2020-05-29 02:38:27 - [TEST_CASE][PASSED] - Test Cases/PFI Precision and Scale/PFI Components/OfficerLists: Test Cases/PFI Precision and Scale/PFI Components/OfficerLists

2020-05-29 02:38:27 - [TEST_STEP][PASSED] - Thread.sleep(1000): null

2020-05-29 02:38:28 - [TEST_STEP][PASSED] - OfficerLists = [1:"Aaron Sham Wai Lun (AARON)", 2:"Azidah Bte Akmad (Mdm) (USAABD)", 3:"Chung Fong Nyen (USACFN)", 4:"David Tey Dah Wei (DAHWEI)", ... ]: null

2020-05-29 02:38:28 - [TEST_STEP][PASSED] - ValueFound = OfficerLists.find({ -> ... }): null

2020-05-29 02:38:28 - [MESSAGE][PASSED] - Call Test Case 'Test Cases/PFI Precision and Scale/PFI Components/OfficerLists' successfully

2020-05-29 02:38:28 - [TEST_STEP][PASSED] - println(ValueFound): null

2020-05-29 02:38:28 - [TEST_STEP][PASSED] - sendKeys(NewInputNmField, Keys.chord(ARROW_DOWN)): Keys 'DOWN + ' sent to object: 'Object Repository/Objects.HighlightElements/input_field_index'

2020-05-29 02:38:28 - [MESSAGE][PASSED] - Keys 'DOWN + ' sent to object: 'Object Repository/Objects.HighlightElements/input_field_index'

2020-05-29 02:38:28 - [TEST_STEP][PASSED] - sendKeys(NewInputNmField, Keys.chord(ARROW_DOWN)): Keys 'DOWN + ' sent to object: 'Object Repository/Objects.HighlightElements/input_field_index'

2020-05-29 02:38:29 - [MESSAGE][PASSED] - Keys 'DOWN + ' sent to object: 'Object Repository/Objects.HighlightElements/input_field_index'

2020-05-29 02:38:29 - [TEST_STEP][PASSED] - delay(DelayTime): Delayed 2 second(s)

2020-05-29 02:38:31 - [MESSAGE][PASSED] - Delayed 2 second(s)

2020-05-29 02:38:31 - [TEST_STEP][PASSED] - sendKeys(NewInputNmField, Keys.chord(ENTER)): Keys 'ENTER + ' sent to object: 'Object Repository/Objects.HighlightElements/input_field_index'

2020-05-29 02:38:31 - [MESSAGE][PASSED] - Keys 'ENTER + ' sent to object: 'Object Repository/Objects.HighlightElements/input_field_index'

2020-05-29 02:38:31 - [TEST_STEP][PASSED] - ComboBoxValue = getAttribute(NewInputNmField, "value"): Attribute 'value' of object 'Object Repository/Objects.HighlightElements/input_field_index' is: 'Chung Fong Nyen (USACFN)'

2020-05-29 02:38:31 - [MESSAGE][PASSED] - Attribute 'value' of object 'Object Repository/Objects.HighlightElements/input_field_index' is: 'Chung Fong Nyen (USACFN)'

2020-05-29 02:38:31 - [TEST_STEP][PASSED] - callTestCase(findTestCase(CallTCName), ["FindValue":ComboBoxValue, "DropdownNm":comboNm], STOP_ON_FAILURE): Call Test Case 'Test Cases/PFI Precision and Scale/PFI Components/OfficerLists' successfully

2020-05-29 02:38:31 - [TEST_CASE][PASSED] - Test Cases/PFI Precision and Scale/PFI Components/OfficerLists: Test Cases/PFI Precision and Scale/PFI Components/OfficerLists

2020-05-29 02:38:31 - [TEST_STEP][PASSED] - Thread.sleep(1000): null

2020-05-29 02:38:32 - [TEST_STEP][PASSED] - OfficerLists = [1:"Aaron Sham Wai Lun (AARON)", 2:"Azidah Bte Akmad (Mdm) (USAABD)", 3:"Chung Fong Nyen (USACFN)", 4:"David Tey Dah Wei (DAHWEI)", ... ]: null

2020-05-29 02:38:32 - [TEST_STEP][PASSED] - ValueFound = OfficerLists.find({ -> ... }): null

2020-05-29 02:38:32 - [MESSAGE][PASSED] - Call Test Case 'Test Cases/PFI Precision and Scale/PFI Components/OfficerLists' successfully

2020-05-29 02:38:32 - [TEST_STEP][PASSED] - println(ValueFound): null

2020-05-29 02:38:32 - [TEST_STEP][PASSED] - sendKeys(NewInputNmField, Keys.chord(ARROW_DOWN)): Keys 'DOWN + ' sent to object: 'Object Repository/Objects.HighlightElements/input_field_index'

2020-05-29 02:38:33 - [MESSAGE][PASSED] - Keys 'DOWN + ' sent to object: 'Object Repository/Objects.HighlightElements/input_field_index'

2020-05-29 02:38:33 - [TEST_STEP][PASSED] - sendKeys(NewInputNmField, Keys.chord(ARROW_DOWN)): Keys 'DOWN + ' sent to object: 'Object Repository/Objects.HighlightElements/input_field_index'

2020-05-29 02:38:33 - [MESSAGE][PASSED] - Keys 'DOWN + ' sent to object: 'Object Repository/Objects.HighlightElements/input_field_index'

2020-05-29 02:38:33 - [TEST_STEP][PASSED] - delay(DelayTime): Delayed 2 second(s)

2020-05-29 02:38:35 - [MESSAGE][PASSED] - Delayed 2 second(s)

2020-05-29 02:38:35 - [TEST_STEP][PASSED] - sendKeys(NewInputNmField, Keys.chord(ENTER)): Keys 'ENTER + ' sent to object: 'Object Repository/Objects.HighlightElements/input_field_index'

2020-05-29 02:38:35 - [MESSAGE][PASSED] - Keys 'ENTER + ' sent to object: 'Object Repository/Objects.HighlightElements/input_field_index'

2020-05-29 02:38:35 - [TEST_STEP][PASSED] - ComboBoxValue = getAttribute(NewInputNmField, "value"): Attribute 'value' of object 'Object Repository/Objects.HighlightElements/input_field_index' is: 'David Tey Dah Wei (DAHWEI)'

2020-05-29 02:38:36 - [MESSAGE][PASSED] - Attribute 'value' of object 'Object Repository/Objects.HighlightElements/input_field_index' is: 'David Tey Dah Wei (DAHWEI)'

2020-05-29 02:38:36 - [TEST_STEP][PASSED] - callTestCase(findTestCase(CallTCName), ["FindValue":ComboBoxValue, "DropdownNm":comboNm], STOP_ON_FAILURE): Call Test Case 'Test Cases/PFI Precision and Scale/PFI Components/OfficerLists' successfully

2020-05-29 02:38:36 - [TEST_CASE][PASSED] - Test Cases/PFI Precision and Scale/PFI Components/OfficerLists: Test Cases/PFI Precision and Scale/PFI Components/OfficerLists

2020-05-29 02:38:36 - [TEST_STEP][PASSED] - Thread.sleep(1000): null

2020-05-29 02:38:37 - [TEST_STEP][PASSED] - OfficerLists = [1:"Aaron Sham Wai Lun (AARON)", 2:"Azidah Bte Akmad (Mdm) (USAABD)", 3:"Chung Fong Nyen (USACFN)", 4:"David Tey Dah Wei (DAHWEI)", ... ]: null

2020-05-29 02:38:37 - [TEST_STEP][PASSED] - ValueFound = OfficerLists.find({ -> ... }): null

2020-05-29 02:38:37 - [MESSAGE][PASSED] - Call Test Case 'Test Cases/PFI Precision and Scale/PFI Components/OfficerLists' successfully

2020-05-29 02:38:37 - [TEST_STEP][PASSED] - println(ValueFound): null

2020-05-29 02:38:37 - [TEST_STEP][PASSED] - sendKeys(NewInputNmField, Keys.chord(ARROW_DOWN)): Keys 'DOWN + ' sent to object: 'Object Repository/Objects.HighlightElements/input_field_index'

2020-05-29 02:38:37 - [MESSAGE][PASSED] - Keys 'DOWN + ' sent to object: 'Object Repository/Objects.HighlightElements/input_field_index'

2020-05-29 02:38:37 - [TEST_STEP][PASSED] - sendKeys(NewInputNmField, Keys.chord(ARROW_DOWN)): Keys 'DOWN + ' sent to object: 'Object Repository/Objects.HighlightElements/input_field_index'

2020-05-29 02:38:38 - [MESSAGE][PASSED] - Keys 'DOWN + ' sent to object: 'Object Repository/Objects.HighlightElements/input_field_index'

2020-05-29 02:38:38 - [TEST_STEP][PASSED] - delay(DelayTime): Delayed 2 second(s)

2020-05-29 02:38:40 - [MESSAGE][PASSED] - Delayed 2 second(s)

2020-05-29 02:38:40 - [TEST_STEP][PASSED] - sendKeys(NewInputNmField, Keys.chord(ENTER)): Keys 'ENTER + ' sent to object: 'Object Repository/Objects.HighlightElements/input_field_index'

2020-05-29 02:38:40 - [MESSAGE][PASSED] - Keys 'ENTER + ' sent to object: 'Object Repository/Objects.HighlightElements/input_field_index'

2020-05-29 02:38:40 - [TEST_STEP][PASSED] - ComboBoxValue = getAttribute(NewInputNmField, "value"): Attribute 'value' of object 'Object Repository/Objects.HighlightElements/input_field_index' is: 'Han Wann Kuang (WANNKUANG)'

2020-05-29 02:38:40 - [MESSAGE][PASSED] - Attribute 'value' of object 'Object Repository/Objects.HighlightElements/input_field_index' is: 'Han Wann Kuang (WANNKUANG)'

2020-05-29 02:38:40 - [TEST_STEP][PASSED] - callTestCase(findTestCase(CallTCName), ["FindValue":ComboBoxValue, "DropdownNm":comboNm], STOP_ON_FAILURE): Call Test Case 'Test Cases/PFI Precision and Scale/PFI Components/OfficerLists' successfully

2020-05-29 02:38:40 - [TEST_CASE][PASSED] - Test Cases/PFI Precision and Scale/PFI Components/OfficerLists: Test Cases/PFI Precision and Scale/PFI Components/OfficerLists

2020-05-29 02:38:40 - [TEST_STEP][PASSED] - Thread.sleep(1000): null

2020-05-29 02:38:41 - [TEST_STEP][PASSED] - OfficerLists = [1:"Aaron Sham Wai Lun (AARON)", 2:"Azidah Bte Akmad (Mdm) (USAABD)", 3:"Chung Fong Nyen (USACFN)", 4:"David Tey Dah Wei (DAHWEI)", ... ]: null

2020-05-29 02:38:41 - [TEST_STEP][PASSED] - ValueFound = OfficerLists.find({ -> ... }): null

2020-05-29 02:38:41 - [MESSAGE][PASSED] - Call Test Case 'Test Cases/PFI Precision and Scale/PFI Components/OfficerLists' successfully

2020-05-29 02:38:41 - [TEST_STEP][PASSED] - println(ValueFound): null

2020-05-29 02:38:41 - [TEST_STEP][PASSED] - sendKeys(NewInputNmField, Keys.chord(ARROW_DOWN)): Keys 'DOWN + ' sent to object: 'Object Repository/Objects.HighlightElements/input_field_index'

2020-05-29 02:38:42 - [MESSAGE][PASSED] - Keys 'DOWN + ' sent to object: 'Object Repository/Objects.HighlightElements/input_field_index'

2020-05-29 02:38:42 - [TEST_STEP][PASSED] - sendKeys(NewInputNmField, Keys.chord(ARROW_DOWN)): Keys 'DOWN + ' sent to object: 'Object Repository/Objects.HighlightElements/input_field_index'

2020-05-29 02:38:42 - [MESSAGE][PASSED] - Keys 'DOWN + ' sent to object: 'Object Repository/Objects.HighlightElements/input_field_index'

2020-05-29 02:38:42 - [TEST_STEP][PASSED] - delay(DelayTime): Delayed 2 second(s)

2020-05-29 02:38:44 - [MESSAGE][PASSED] - Delayed 2 second(s)

2020-05-29 02:38:44 - [TEST_STEP][PASSED] - sendKeys(NewInputNmField, Keys.chord(ENTER)): Keys 'ENTER + ' sent to object: 'Object Repository/Objects.HighlightElements/input_field_index'

2020-05-29 02:38:44 - [MESSAGE][PASSED] - Keys 'ENTER + ' sent to object: 'Object Repository/Objects.HighlightElements/input_field_index'

2020-05-29 02:38:44 - [TEST_STEP][PASSED] - ComboBoxValue = getAttribute(NewInputNmField, "value"): Attribute 'value' of object 'Object Repository/Objects.HighlightElements/input_field_index' is: 'Ho Tze Siang (TZESIANG)'

2020-05-29 02:38:45 - [MESSAGE][PASSED] - Attribute 'value' of object 'Object Repository/Objects.HighlightElements/input_field_index' is: 'Ho Tze Siang (TZESIANG)'

2020-05-29 02:38:45 - [TEST_STEP][PASSED] - callTestCase(findTestCase(CallTCName), ["FindValue":ComboBoxValue, "DropdownNm":comboNm], STOP_ON_FAILURE): Call Test Case 'Test Cases/PFI Precision and Scale/PFI Components/OfficerLists' successfully

2020-05-29 02:38:45 - [TEST_CASE][PASSED] - Test Cases/PFI Precision and Scale/PFI Components/OfficerLists: Test Cases/PFI Precision and Scale/PFI Components/OfficerLists

2020-05-29 02:38:45 - [TEST_STEP][PASSED] - Thread.sleep(1000): null

2020-05-29 02:38:46 - [TEST_STEP][PASSED] - OfficerLists = [1:"Aaron Sham Wai Lun (AARON)", 2:"Azidah Bte Akmad (Mdm) (USAABD)", 3:"Chung Fong Nyen (USACFN)", 4:"David Tey Dah Wei (DAHWEI)", ... ]: null

2020-05-29 02:38:46 - [TEST_STEP][PASSED] - ValueFound = OfficerLists.find({ -> ... }): null

2020-05-29 02:38:46 - [MESSAGE][PASSED] - Call Test Case 'Test Cases/PFI Precision and Scale/PFI Components/OfficerLists' successfully

2020-05-29 02:38:46 - [TEST_STEP][PASSED] - println(ValueFound): null

2020-05-29 02:38:46 - [TEST_STEP][PASSED] - sendKeys(NewInputNmField, Keys.chord(ARROW_DOWN)): Keys 'DOWN + ' sent to object: 'Object Repository/Objects.HighlightElements/input_field_index'

2020-05-29 02:38:46 - [MESSAGE][PASSED] - Keys 'DOWN + ' sent to object: 'Object Repository/Objects.HighlightElements/input_field_index'

2020-05-29 02:38:46 - [TEST_STEP][PASSED] - sendKeys(NewInputNmField, Keys.chord(ARROW_DOWN)): Keys 'DOWN + ' sent to object: 'Object Repository/Objects.HighlightElements/input_field_index'

2020-05-29 02:38:47 - [MESSAGE][PASSED] - Keys 'DOWN + ' sent to object: 'Object Repository/Objects.HighlightElements/input_field_index'

2020-05-29 02:38:47 - [TEST_STEP][PASSED] - delay(DelayTime): Delayed 2 second(s)

2020-05-29 02:38:49 - [MESSAGE][PASSED] - Delayed 2 second(s)

2020-05-29 02:38:49 - [TEST_STEP][PASSED] - sendKeys(NewInputNmField, Keys.chord(ENTER)): Keys 'ENTER + ' sent to object: 'Object Repository/Objects.HighlightElements/input_field_index'

2020-05-29 02:38:49 - [MESSAGE][PASSED] - Keys 'ENTER + ' sent to object: 'Object Repository/Objects.HighlightElements/input_field_index'

2020-05-29 02:38:49 - [TEST_STEP][PASSED] - ComboBoxValue = getAttribute(NewInputNmField, "value"): Attribute 'value' of object 'Object Repository/Objects.HighlightElements/input_field_index' is: 'Ho-Chan Vun Ching (USAHVC)'

2020-05-29 02:38:50 - [MESSAGE][PASSED] - Attribute 'value' of object 'Object Repository/Objects.HighlightElements/input_field_index' is: 'Ho-Chan Vun Ching (USAHVC)'

2020-05-29 02:38:50 - [TEST_STEP][PASSED] - callTestCase(findTestCase(CallTCName), ["FindValue":ComboBoxValue, "DropdownNm":comboNm], STOP_ON_FAILURE): Call Test Case 'Test Cases/PFI Precision and Scale/PFI Components/OfficerLists' successfully

2020-05-29 02:38:50 - [TEST_CASE][PASSED] - Test Cases/PFI Precision and Scale/PFI Components/OfficerLists: Test Cases/PFI Precision and Scale/PFI Components/OfficerLists

2020-05-29 02:38:50 - [TEST_STEP][PASSED] - Thread.sleep(1000): null

2020-05-29 02:38:51 - [TEST_STEP][PASSED] - OfficerLists = [1:"Aaron Sham Wai Lun (AARON)", 2:"Azidah Bte Akmad (Mdm) (USAABD)", 3:"Chung Fong Nyen (USACFN)", 4:"David Tey Dah Wei (DAHWEI)", ... ]: null

2020-05-29 02:38:51 - [TEST_STEP][PASSED] - ValueFound = OfficerLists.find({ -> ... }): null

2020-05-29 02:38:51 - [MESSAGE][PASSED] - Call Test Case 'Test Cases/PFI Precision and Scale/PFI Components/OfficerLists' successfully

2020-05-29 02:38:51 - [TEST_STEP][PASSED] - println(ValueFound): null

2020-05-29 02:38:51 - [TEST_STEP][PASSED] - sendKeys(NewInputNmField, Keys.chord(ARROW_DOWN)): Keys 'DOWN + ' sent to object: 'Object Repository/Objects.HighlightElements/input_field_index'

2020-05-29 02:38:51 - [MESSAGE][PASSED] - Keys 'DOWN + ' sent to object: 'Object Repository/Objects.HighlightElements/input_field_index'

2020-05-29 02:38:51 - [TEST_STEP][PASSED] - sendKeys(NewInputNmField, Keys.chord(ARROW_DOWN)): Keys 'DOWN + ' sent to object: 'Object Repository/Objects.HighlightElements/input_field_index'

2020-05-29 02:38:51 - [MESSAGE][PASSED] - Keys 'DOWN + ' sent to object: 'Object Repository/Objects.HighlightElements/input_field_index'

2020-05-29 02:38:51 - [TEST_STEP][PASSED] - delay(DelayTime): Delayed 2 second(s)

2020-05-29 02:38:53 - [MESSAGE][PASSED] - Delayed 2 second(s)

2020-05-29 02:38:53 - [TEST_STEP][PASSED] - sendKeys(NewInputNmField, Keys.chord(ENTER)): Keys 'ENTER + ' sent to object: 'Object Repository/Objects.HighlightElements/input_field_index'

2020-05-29 02:38:54 - [MESSAGE][PASSED] - Keys 'ENTER + ' sent to object: 'Object Repository/Objects.HighlightElements/input_field_index'

2020-05-29 02:38:54 - [TEST_STEP][PASSED] - ComboBoxValue = getAttribute(NewInputNmField, "value"): Attribute 'value' of object 'Object Repository/Objects.HighlightElements/input_field_index' is: 'Janet Lee Choon Hong (JANETCHOON)'

2020-05-29 02:38:54 - [MESSAGE][PASSED] - Attribute 'value' of object 'Object Repository/Objects.HighlightElements/input_field_index' is: 'Janet Lee Choon Hong (JANETCHOON)'

2020-05-29 02:38:54 - [TEST_STEP][PASSED] - callTestCase(findTestCase(CallTCName), ["FindValue":ComboBoxValue, "DropdownNm":comboNm], STOP_ON_FAILURE): Call Test Case 'Test Cases/PFI Precision and Scale/PFI Components/OfficerLists' successfully

2020-05-29 02:38:54 - [TEST_CASE][PASSED] - Test Cases/PFI Precision and Scale/PFI Components/OfficerLists: Test Cases/PFI Precision and Scale/PFI Components/OfficerLists

2020-05-29 02:38:54 - [TEST_STEP][PASSED] - Thread.sleep(1000): null

2020-05-29 02:38:55 - [TEST_STEP][PASSED] - OfficerLists = [1:"Aaron Sham Wai Lun (AARON)", 2:"Azidah Bte Akmad (Mdm) (USAABD)", 3:"Chung Fong Nyen (USACFN)", 4:"David Tey Dah Wei (DAHWEI)", ... ]: null

2020-05-29 02:38:55 - [TEST_STEP][PASSED] - ValueFound = OfficerLists.find({ -> ... }): null

2020-05-29 02:38:55 - [MESSAGE][PASSED] - Call Test Case 'Test Cases/PFI Precision and Scale/PFI Components/OfficerLists' successfully

2020-05-29 02:38:55 - [TEST_STEP][PASSED] - println(ValueFound): null

2020-05-29 02:38:55 - [TEST_STEP][PASSED] - sendKeys(NewInputNmField, Keys.chord(ARROW_DOWN)): Keys 'DOWN + ' sent to object: 'Object Repository/Objects.HighlightElements/input_field_index'

2020-05-29 02:38:55 - [MESSAGE][PASSED] - Keys 'DOWN + ' sent to object: 'Object Repository/Objects.HighlightElements/input_field_index'

2020-05-29 02:38:55 - [TEST_STEP][PASSED] - sendKeys(NewInputNmField, Keys.chord(ARROW_DOWN)): Keys 'DOWN + ' sent to object: 'Object Repository/Objects.HighlightElements/input_field_index'

2020-05-29 02:38:56 - [MESSAGE][PASSED] - Keys 'DOWN + ' sent to object: 'Object Repository/Objects.HighlightElements/input_field_index'

2020-05-29 02:38:56 - [TEST_STEP][PASSED] - delay(DelayTime): Delayed 2 second(s)

2020-05-29 02:38:58 - [MESSAGE][PASSED] - Delayed 2 second(s)

2020-05-29 02:38:58 - [TEST_STEP][PASSED] - sendKeys(NewInputNmField, Keys.chord(ENTER)): Keys 'ENTER + ' sent to object: 'Object Repository/Objects.HighlightElements/input_field_index'

2020-05-29 02:38:58 - [MESSAGE][PASSED] - Keys 'ENTER + ' sent to object: 'Object Repository/Objects.HighlightElements/input_field_index'

2020-05-29 02:38:58 - [TEST_STEP][PASSED] - ComboBoxValue = getAttribute(NewInputNmField, "value"): Attribute 'value' of object 'Object Repository/Objects.HighlightElements/input_field_index' is: 'Joseph Lim Pheng Weng (PHENGWENG)'

2020-05-29 02:38:59 - [MESSAGE][PASSED] - Attribute 'value' of object 'Object Repository/Objects.HighlightElements/input_field_index' is: 'Joseph Lim Pheng Weng (PHENGWENG)'

2020-05-29 02:38:59 - [TEST_STEP][PASSED] - callTestCase(findTestCase(CallTCName), ["FindValue":ComboBoxValue, "DropdownNm":comboNm], STOP_ON_FAILURE): Call Test Case 'Test Cases/PFI Precision and Scale/PFI Components/OfficerLists' successfully

2020-05-29 02:38:59 - [TEST_CASE][PASSED] - Test Cases/PFI Precision and Scale/PFI Components/OfficerLists: Test Cases/PFI Precision and Scale/PFI Components/OfficerLists

2020-05-29 02:38:59 - [TEST_STEP][PASSED] - Thread.sleep(1000): null

2020-05-29 02:39:00 - [TEST_STEP][PASSED] - OfficerLists = [1:"Aaron Sham Wai Lun (AARON)", 2:"Azidah Bte Akmad (Mdm) (USAABD)", 3:"Chung Fong Nyen (USACFN)", 4:"David Tey Dah Wei (DAHWEI)", ... ]: null

2020-05-29 02:39:00 - [TEST_STEP][PASSED] - ValueFound = OfficerLists.find({ -> ... }): null

2020-05-29 02:39:00 - [MESSAGE][PASSED] - Call Test Case 'Test Cases/PFI Precision and Scale/PFI Components/OfficerLists' successfully

2020-05-29 02:39:00 - [TEST_STEP][PASSED] - println(ValueFound): null

2020-05-29 02:39:00 - [TEST_STEP][PASSED] - sendKeys(NewInputNmField, Keys.chord(ARROW_DOWN)): Keys 'DOWN + ' sent to object: 'Object Repository/Objects.HighlightElements/input_field_index'

2020-05-29 02:39:00 - [MESSAGE][PASSED] - Keys 'DOWN + ' sent to object: 'Object Repository/Objects.HighlightElements/input_field_index'

2020-05-29 02:39:00 - [TEST_STEP][PASSED] - sendKeys(NewInputNmField, Keys.chord(ARROW_DOWN)): Keys 'DOWN + ' sent to object: 'Object Repository/Objects.HighlightElements/input_field_index'

2020-05-29 02:39:00 - [MESSAGE][PASSED] - Keys 'DOWN + ' sent to object: 'Object Repository/Objects.HighlightElements/input_field_index'

2020-05-29 02:39:00 - [TEST_STEP][PASSED] - delay(DelayTime): Delayed 2 second(s)

2020-05-29 02:39:02 - [MESSAGE][PASSED] - Delayed 2 second(s)

2020-05-29 02:39:02 - [TEST_STEP][PASSED] - sendKeys(NewInputNmField, Keys.chord(ENTER)): Keys 'ENTER + ' sent to object: 'Object Repository/Objects.HighlightElements/input_field_index'

2020-05-29 02:39:03 - [MESSAGE][PASSED] - Keys 'ENTER + ' sent to object: 'Object Repository/Objects.HighlightElements/input_field_index'

2020-05-29 02:39:03 - [TEST_STEP][PASSED] - ComboBoxValue = getAttribute(NewInputNmField, "value"): Attribute 'value' of object 'Object Repository/Objects.HighlightElements/input_field_index' is: 'Kaliannan Thanabal (KALIANN)'

2020-05-29 02:39:03 - [MESSAGE][PASSED] - Attribute 'value' of object 'Object Repository/Objects.HighlightElements/input_field_index' is: 'Kaliannan Thanabal (KALIANN)'

2020-05-29 02:39:03 - [TEST_STEP][PASSED] - callTestCase(findTestCase(CallTCName), ["FindValue":ComboBoxValue, "DropdownNm":comboNm], STOP_ON_FAILURE): Call Test Case 'Test Cases/PFI Precision and Scale/PFI Components/OfficerLists' successfully

2020-05-29 02:39:03 - [TEST_CASE][PASSED] - Test Cases/PFI Precision and Scale/PFI Components/OfficerLists: Test Cases/PFI Precision and Scale/PFI Components/OfficerLists

2020-05-29 02:39:03 - [TEST_STEP][PASSED] - Thread.sleep(1000): null

2020-05-29 02:39:04 - [TEST_STEP][PASSED] - OfficerLists = [1:"Aaron Sham Wai Lun (AARON)", 2:"Azidah Bte Akmad (Mdm) (USAABD)", 3:"Chung Fong Nyen (USACFN)", 4:"David Tey Dah Wei (DAHWEI)", ... ]: null

2020-05-29 02:39:04 - [TEST_STEP][PASSED] - ValueFound = OfficerLists.find({ -> ... }): null

2020-05-29 02:39:04 - [MESSAGE][PASSED] - Call Test Case 'Test Cases/PFI Precision and Scale/PFI Components/OfficerLists' successfully

2020-05-29 02:39:04 - [TEST_STEP][PASSED] - println(ValueFound): null

2020-05-29 02:39:04 - [TEST_STEP][PASSED] - sendKeys(NewInputNmField, Keys.chord(ARROW_DOWN)): Keys 'DOWN + ' sent to object: 'Object Repository/Objects.HighlightElements/input_field_index'

2020-05-29 02:39:04 - [MESSAGE][PASSED] - Keys 'DOWN + ' sent to object: 'Object Repository/Objects.HighlightElements/input_field_index'

2020-05-29 02:39:04 - [TEST_STEP][PASSED] - sendKeys(NewInputNmField, Keys.chord(ARROW_DOWN)): Keys 'DOWN + ' sent to object: 'Object Repository/Objects.HighlightElements/input_field_index'

2020-05-29 02:39:05 - [MESSAGE][PASSED] - Keys 'DOWN + ' sent to object: 'Object Repository/Objects.HighlightElements/input_field_index'

2020-05-29 02:39:05 - [TEST_STEP][PASSED] - delay(DelayTime): Delayed 2 second(s)

2020-05-29 02:39:07 - [MESSAGE][PASSED] - Delayed 2 second(s)

2020-05-29 02:39:07 - [TEST_STEP][PASSED] - sendKeys(NewInputNmField, Keys.chord(ENTER)): Keys 'ENTER + ' sent to object: 'Object Repository/Objects.HighlightElements/input_field_index'

2020-05-29 02:39:07 - [MESSAGE][PASSED] - Keys 'ENTER + ' sent to object: 'Object Repository/Objects.HighlightElements/input_field_index'

2020-05-29 02:39:07 - [TEST_STEP][PASSED] - ComboBoxValue = getAttribute(NewInputNmField, "value"): Attribute 'value' of object 'Object Repository/Objects.HighlightElements/input_field_index' is: 'Kelvin Phua Meng Thong (MENGTHONG)'

2020-05-29 02:39:08 - [MESSAGE][PASSED] - Attribute 'value' of object 'Object Repository/Objects.HighlightElements/input_field_index' is: 'Kelvin Phua Meng Thong (MENGTHONG)'

2020-05-29 02:39:08 - [TEST_STEP][PASSED] - callTestCase(findTestCase(CallTCName), ["FindValue":ComboBoxValue, "DropdownNm":comboNm], STOP_ON_FAILURE): Call Test Case 'Test Cases/PFI Precision and Scale/PFI Components/OfficerLists' successfully

2020-05-29 02:39:08 - [TEST_CASE][PASSED] - Test Cases/PFI Precision and Scale/PFI Components/OfficerLists: Test Cases/PFI Precision and Scale/PFI Components/OfficerLists

2020-05-29 02:39:08 - [TEST_STEP][PASSED] - Thread.sleep(1000): null

2020-05-29 02:39:09 - [TEST_STEP][PASSED] - OfficerLists = [1:"Aaron Sham Wai Lun (AARON)", 2:"Azidah Bte Akmad (Mdm) (USAABD)", 3:"Chung Fong Nyen (USACFN)", 4:"David Tey Dah Wei (DAHWEI)", ... ]: null

2020-05-29 02:39:09 - [TEST_STEP][PASSED] - ValueFound = OfficerLists.find({ -> ... }): null

2020-05-29 02:39:09 - [MESSAGE][PASSED] - Call Test Case 'Test Cases/PFI Precision and Scale/PFI Components/OfficerLists' successfully

2020-05-29 02:39:09 - [TEST_STEP][PASSED] - println(ValueFound): null

2020-05-29 02:39:09 - [TEST_STEP][PASSED] - sendKeys(NewInputNmField, Keys.chord(ARROW_DOWN)): Keys 'DOWN + ' sent to object: 'Object Repository/Objects.HighlightElements/input_field_index'

2020-05-29 02:39:09 - [MESSAGE][PASSED] - Keys 'DOWN + ' sent to object: 'Object Repository/Objects.HighlightElements/input_field_index'

2020-05-29 02:39:09 - [TEST_STEP][PASSED] - sendKeys(NewInputNmField, Keys.chord(ARROW_DOWN)): Keys 'DOWN + ' sent to object: 'Object Repository/Objects.HighlightElements/input_field_index'

2020-05-29 02:39:09 - [MESSAGE][PASSED] - Keys 'DOWN + ' sent to object: 'Object Repository/Objects.HighlightElements/input_field_index'

2020-05-29 02:39:09 - [TEST_STEP][PASSED] - delay(DelayTime): Delayed 2 second(s)

2020-05-29 02:39:11 - [MESSAGE][PASSED] - Delayed 2 second(s)

2020-05-29 02:39:11 - [TEST_STEP][PASSED] - sendKeys(NewInputNmField, Keys.chord(ENTER)): Keys 'ENTER + ' sent to object: 'Object Repository/Objects.HighlightElements/input_field_index'

2020-05-29 02:39:12 - [MESSAGE][PASSED] - Keys 'ENTER + ' sent to object: 'Object Repository/Objects.HighlightElements/input_field_index'

2020-05-29 02:39:12 - [TEST_STEP][PASSED] - ComboBoxValue = getAttribute(NewInputNmField, "value"): Attribute 'value' of object 'Object Repository/Objects.HighlightElements/input_field_index' is: 'Lee Kok Tien (USAKTL)'

2020-05-29 02:39:12 - [MESSAGE][PASSED] - Attribute 'value' of object 'Object Repository/Objects.HighlightElements/input_field_index' is: 'Lee Kok Tien (USAKTL)'

2020-05-29 02:39:12 - [TEST_STEP][PASSED] - callTestCase(findTestCase(CallTCName), ["FindValue":ComboBoxValue, "DropdownNm":comboNm], STOP_ON_FAILURE): Call Test Case 'Test Cases/PFI Precision and Scale/PFI Components/OfficerLists' successfully

2020-05-29 02:39:12 - [TEST_CASE][PASSED] - Test Cases/PFI Precision and Scale/PFI Components/OfficerLists: Test Cases/PFI Precision and Scale/PFI Components/OfficerLists

2020-05-29 02:39:12 - [TEST_STEP][PASSED] - Thread.sleep(1000): null

2020-05-29 02:39:13 - [TEST_STEP][PASSED] - OfficerLists = [1:"Aaron Sham Wai Lun (AARON)", 2:"Azidah Bte Akmad (Mdm) (USAABD)", 3:"Chung Fong Nyen (USACFN)", 4:"David Tey Dah Wei (DAHWEI)", ... ]: null

2020-05-29 02:39:13 - [TEST_STEP][PASSED] - ValueFound = OfficerLists.find({ -> ... }): null

2020-05-29 02:39:13 - [MESSAGE][PASSED] - Call Test Case 'Test Cases/PFI Precision and Scale/PFI Components/OfficerLists' successfully

2020-05-29 02:39:13 - [TEST_STEP][PASSED] - println(ValueFound): null

2020-05-29 02:39:13 - [TEST_STEP][PASSED] - sendKeys(NewInputNmField, Keys.chord(ARROW_DOWN)): Keys 'DOWN + ' sent to object: 'Object Repository/Objects.HighlightElements/input_field_index'

2020-05-29 02:39:13 - [MESSAGE][PASSED] - Keys 'DOWN + ' sent to object: 'Object Repository/Objects.HighlightElements/input_field_index'

2020-05-29 02:39:13 - [TEST_STEP][PASSED] - sendKeys(NewInputNmField, Keys.chord(ARROW_DOWN)): Keys 'DOWN + ' sent to object: 'Object Repository/Objects.HighlightElements/input_field_index'

2020-05-29 02:39:16 - [MESSAGE][PASSED] - Keys 'DOWN + ' sent to object: 'Object Repository/Objects.HighlightElements/input_field_index'

2020-05-29 02:39:16 - [TEST_STEP][PASSED] - delay(DelayTime): Delayed 2 second(s)

2020-05-29 02:39:19 - [MESSAGE][PASSED] - Delayed 2 second(s)

2020-05-29 02:39:19 - [TEST_STEP][PASSED] - sendKeys(NewInputNmField, Keys.chord(ENTER)): Keys 'ENTER + ' sent to object: 'Object Repository/Objects.HighlightElements/input_field_index'

2020-05-29 02:39:21 - [MESSAGE][PASSED] - Keys 'ENTER + ' sent to object: 'Object Repository/Objects.HighlightElements/input_field_index'

2020-05-29 02:39:21 - [TEST_STEP][PASSED] - ComboBoxValue = getAttribute(NewInputNmField, "value"): Attribute 'value' of object 'Object Repository/Objects.HighlightElements/input_field_index' is: 'Lim Beng Kwee (BENGKWEE)'

2020-05-29 02:39:26 - [MESSAGE][PASSED] - Attribute 'value' of object 'Object Repository/Objects.HighlightElements/input_field_index' is: 'Lim Beng Kwee (BENGKWEE)'

2020-05-29 02:39:26 - [TEST_STEP][PASSED] - callTestCase(findTestCase(CallTCName), ["FindValue":ComboBoxValue, "DropdownNm":comboNm], STOP_ON_FAILURE): Call Test Case 'Test Cases/PFI Precision and Scale/PFI Components/OfficerLists' successfully

2020-05-29 02:39:42 - [TEST_CASE][PASSED] - Test Cases/PFI Precision and Scale/PFI Components/OfficerLists: Test Cases/PFI Precision and Scale/PFI Components/OfficerLists

2020-05-29 02:40:06 - [TEST_STEP][PASSED] - Thread.sleep(1000): null

2020-05-29 02:40:07 - [TEST_STEP][PASSED] - OfficerLists = [1:"Aaron Sham Wai Lun (AARON)", 2:"Azidah Bte Akmad (Mdm) (USAABD)", 3:"Chung Fong Nyen (USACFN)", 4:"David Tey Dah Wei (DAHWEI)", ... ]: null

2020-05-29 02:40:07 - [TEST_STEP][PASSED] - ValueFound = OfficerLists.find({ -> ... }): null

2020-05-29 02:40:07 - [MESSAGE][PASSED] - Call Test Case 'Test Cases/PFI Precision and Scale/PFI Components/OfficerLists' successfully

2020-05-29 02:40:07 - [TEST_STEP][PASSED] - println(ValueFound): null

2020-05-29 02:40:07 - [TEST_STEP][PASSED] - sendKeys(NewInputNmField, Keys.chord(ARROW_DOWN)): Keys 'DOWN + ' sent to object: 'Object Repository/Objects.HighlightElements/input_field_index'

2020-05-29 02:40:08 - [MESSAGE][PASSED] - Keys 'DOWN + ' sent to object: 'Object Repository/Objects.HighlightElements/input_field_index'

2020-05-29 02:40:08 - [TEST_STEP][PASSED] - sendKeys(NewInputNmField, Keys.chord(ARROW_DOWN)): Keys 'DOWN + ' sent to object: 'Object Repository/Objects.HighlightElements/input_field_index'

2020-05-29 02:40:10 - [MESSAGE][PASSED] - Keys 'DOWN + ' sent to object: 'Object Repository/Objects.HighlightElements/input_field_index'

2020-05-29 02:40:10 - [TEST_STEP][PASSED] - delay(DelayTime): Delayed 2 second(s)

2020-05-29 02:40:13 - [MESSAGE][PASSED] - Delayed 2 second(s)

2020-05-29 02:40:13 - [TEST_STEP][PASSED] - sendKeys(NewInputNmField, Keys.chord(ENTER)): Keys 'ENTER + ' sent to object: 'Object Repository/Objects.HighlightElements/input_field_index'

2020-05-29 02:40:14 - [MESSAGE][PASSED] - Keys 'ENTER + ' sent to object: 'Object Repository/Objects.HighlightElements/input_field_index'

2020-05-29 02:40:14 - [TEST_STEP][PASSED] - ComboBoxValue = getAttribute(NewInputNmField, "value"): Attribute 'value' of object 'Object Repository/Objects.HighlightElements/input_field_index' is: 'Lim Leng Boon (LENGBOON)'

2020-05-29 02:40:17 - [MESSAGE][PASSED] - Attribute 'value' of object 'Object Repository/Objects.HighlightElements/input_field_index' is: 'Lim Leng Boon (LENGBOON)'

2020-05-29 02:40:17 - [TEST_STEP][PASSED] - callTestCase(findTestCase(CallTCName), ["FindValue":ComboBoxValue, "DropdownNm":comboNm], STOP_ON_FAILURE): Call Test Case 'Test Cases/PFI Precision and Scale/PFI Components/OfficerLists' successfully

2020-05-29 02:40:24 - [TEST_CASE][PASSED] - Test Cases/PFI Precision and Scale/PFI Components/OfficerLists: Test Cases/PFI Precision and Scale/PFI Components/OfficerLists

2020-05-29 02:40:32 - [TEST_STEP][PASSED] - Thread.sleep(1000): null

2020-05-29 02:40:33 - [TEST_STEP][PASSED] - OfficerLists = [1:"Aaron Sham Wai Lun (AARON)", 2:"Azidah Bte Akmad (Mdm) (USAABD)", 3:"Chung Fong Nyen (USACFN)", 4:"David Tey Dah Wei (DAHWEI)", ... ]: null

2020-05-29 02:40:33 - [TEST_STEP][PASSED] - ValueFound = OfficerLists.find({ -> ... }): null

2020-05-29 02:40:33 - [MESSAGE][PASSED] - Call Test Case 'Test Cases/PFI Precision and Scale/PFI Components/OfficerLists' successfully

2020-05-29 02:40:33 - [TEST_STEP][PASSED] - println(ValueFound): null

2020-05-29 02:40:33 - [TEST_STEP][PASSED] - sendKeys(NewInputNmField, Keys.chord(ARROW_DOWN)): Keys 'DOWN + ' sent to object: 'Object Repository/Objects.HighlightElements/input_field_index'

2020-05-29 02:40:34 - [MESSAGE][PASSED] - Keys 'DOWN + ' sent to object: 'Object Repository/Objects.HighlightElements/input_field_index'

2020-05-29 02:40:34 - [TEST_STEP][PASSED] - sendKeys(NewInputNmField, Keys.chord(ARROW_DOWN)): Keys 'DOWN + ' sent to object: 'Object Repository/Objects.HighlightElements/input_field_index'

2020-05-29 02:40:37 - [MESSAGE][PASSED] - Keys 'DOWN + ' sent to object: 'Object Repository/Objects.HighlightElements/input_field_index'

2020-05-29 02:40:37 - [TEST_STEP][PASSED] - delay(DelayTime): Delayed 2 second(s)

2020-05-29 02:40:40 - [MESSAGE][PASSED] - Delayed 2 second(s)

2020-05-29 02:40:40 - [TEST_STEP][PASSED] - sendKeys(NewInputNmField, Keys.chord(ENTER)): Keys 'ENTER + ' sent to object: 'Object Repository/Objects.HighlightElements/input_field_index'

2020-05-29 02:40:42 - [MESSAGE][PASSED] - Keys 'ENTER + ' sent to object: 'Object Repository/Objects.HighlightElements/input_field_index'

2020-05-29 02:40:42 - [TEST_STEP][PASSED] - ComboBoxValue = getAttribute(NewInputNmField, "value"): Attribute 'value' of object 'Object Repository/Objects.HighlightElements/input_field_index' is: 'Liu Xiaopeng (XIAOPENG)'

2020-05-29 02:40:44 - [MESSAGE][PASSED] - Attribute 'value' of object 'Object Repository/Objects.HighlightElements/input_field_index' is: 'Liu Xiaopeng (XIAOPENG)'

2020-05-29 02:40:44 - [TEST_STEP][PASSED] - callTestCase(findTestCase(CallTCName), ["FindValue":ComboBoxValue, "DropdownNm":comboNm], STOP_ON_FAILURE): Call Test Case 'Test Cases/PFI Precision and Scale/PFI Components/OfficerLists' successfully

2020-05-29 02:40:48 - [TEST_CASE][PASSED] - Test Cases/PFI Precision and Scale/PFI Components/OfficerLists: Test Cases/PFI Precision and Scale/PFI Components/OfficerLists

2020-05-29 02:41:20 - [TEST_STEP][PASSED] - Thread.sleep(1000): null

2020-05-29 02:41:21 - [TEST_STEP][PASSED] - OfficerLists = [1:"Aaron Sham Wai Lun (AARON)", 2:"Azidah Bte Akmad (Mdm) (USAABD)", 3:"Chung Fong Nyen (USACFN)", 4:"David Tey Dah Wei (DAHWEI)", ... ]: null

2020-05-29 02:41:21 - [TEST_STEP][PASSED] - ValueFound = OfficerLists.find({ -> ... }): null

2020-05-29 02:41:21 - [MESSAGE][PASSED] - Call Test Case 'Test Cases/PFI Precision and Scale/PFI Components/OfficerLists' successfully

2020-05-29 02:41:21 - [TEST_STEP][PASSED] - println(ValueFound): null

2020-05-29 02:41:21 - [TEST_STEP][PASSED] - sendKeys(NewInputNmField, Keys.chord(ARROW_DOWN)): Keys 'DOWN + ' sent to object: 'Object Repository/Objects.HighlightElements/input_field_index'

2020-05-29 02:41:23 - [MESSAGE][PASSED] - Keys 'DOWN + ' sent to object: 'Object Repository/Objects.HighlightElements/input_field_index'

2020-05-29 02:41:23 - [TEST_STEP][PASSED] - sendKeys(NewInputNmField, Keys.chord(ARROW_DOWN)): Keys 'DOWN + ' sent to object: 'Object Repository/Objects.HighlightElements/input_field_index'

2020-05-29 02:41:26 - [MESSAGE][PASSED] - Keys 'DOWN + ' sent to object: 'Object Repository/Objects.HighlightElements/input_field_index'

2020-05-29 02:41:26 - [TEST_STEP][PASSED] - delay(DelayTime): Delayed 2 second(s)

2020-05-29 02:41:29 - [MESSAGE][PASSED] - Delayed 2 second(s)

2020-05-29 02:41:29 - [TEST_STEP][PASSED] - sendKeys(NewInputNmField, Keys.chord(ENTER)): Keys 'ENTER + ' sent to object: 'Object Repository/Objects.HighlightElements/input_field_index'

2020-05-29 02:41:32 - [MESSAGE][PASSED] - Keys 'ENTER + ' sent to object: 'Object Repository/Objects.HighlightElements/input_field_index'

2020-05-29 02:41:32 - [TEST_STEP][PASSED] - ComboBoxValue = getAttribute(NewInputNmField, "value"): Attribute 'value' of object 'Object Repository/Objects.HighlightElements/input_field_index' is: 'Lu Ji Ju (Mdm) (USALJJ)'

2020-05-29 02:41:40 - [MESSAGE][PASSED] - Attribute 'value' of object 'Object Repository/Objects.HighlightElements/input_field_index' is: 'Lu Ji Ju (Mdm) (USALJJ)'

2020-05-29 02:41:40 - [TEST_STEP][PASSED] - callTestCase(findTestCase(CallTCName), ["FindValue":ComboBoxValue, "DropdownNm":comboNm], STOP_ON_FAILURE): Call Test Case 'Test Cases/PFI Precision and Scale/PFI Components/OfficerLists' successfully

2020-05-29 02:41:48 - [TEST_CASE][PASSED] - Test Cases/PFI Precision and Scale/PFI Components/OfficerLists: Test Cases/PFI Precision and Scale/PFI Components/OfficerLists

2020-05-29 02:42:11 - [TEST_STEP][PASSED] - Thread.sleep(1000): null

2020-05-29 02:42:12 - [TEST_STEP][PASSED] - OfficerLists = [1:"Aaron Sham Wai Lun (AARON)", 2:"Azidah Bte Akmad (Mdm) (USAABD)", 3:"Chung Fong Nyen (USACFN)", 4:"David Tey Dah Wei (DAHWEI)", ... ]: null

2020-05-29 02:42:12 - [TEST_STEP][PASSED] - ValueFound = OfficerLists.find({ -> ... }): null

2020-05-29 02:42:12 - [MESSAGE][PASSED] - Call Test Case 'Test Cases/PFI Precision and Scale/PFI Components/OfficerLists' successfully

2020-05-29 02:42:12 - [TEST_STEP][PASSED] - println(ValueFound): null

2020-05-29 02:42:12 - [TEST_STEP][PASSED] - sendKeys(NewInputNmField, Keys.chord(ARROW_DOWN)): Keys 'DOWN + ' sent to object: 'Object Repository/Objects.HighlightElements/input_field_index'

2020-05-29 02:42:16 - [MESSAGE][PASSED] - Keys 'DOWN + ' sent to object: 'Object Repository/Objects.HighlightElements/input_field_index'

2020-05-29 02:42:16 - [TEST_STEP][PASSED] - sendKeys(NewInputNmField, Keys.chord(ARROW_DOWN)): Keys 'DOWN + ' sent to object: 'Object Repository/Objects.HighlightElements/input_field_index'

2020-05-29 02:42:18 - [MESSAGE][PASSED] - Keys 'DOWN + ' sent to object: 'Object Repository/Objects.HighlightElements/input_field_index'

2020-05-29 02:42:18 - [TEST_STEP][PASSED] - delay(DelayTime): Delayed 2 second(s)

2020-05-29 02:42:20 - [MESSAGE][PASSED] - Delayed 2 second(s)

2020-05-29 02:42:20 - [TEST_STEP][PASSED] - sendKeys(NewInputNmField, Keys.chord(ENTER)): Keys 'ENTER + ' sent to object: 'Object Repository/Objects.HighlightElements/input_field_index'

2020-05-29 02:42:23 - [MESSAGE][PASSED] - Keys 'ENTER + ' sent to object: 'Object Repository/Objects.HighlightElements/input_field_index'

2020-05-29 02:42:23 - [TEST_STEP][PASSED] - ComboBoxValue = getAttribute(NewInputNmField, "value"): Attribute 'value' of object 'Object Repository/Objects.HighlightElements/input_field_index' is: 'Mohd Jeffri Bin Abdul Rahim (MOHDJEFFRI)'

2020-05-29 02:42:26 - [MESSAGE][PASSED] - Attribute 'value' of object 'Object Repository/Objects.HighlightElements/input_field_index' is: 'Mohd Jeffri Bin Abdul Rahim (MOHDJEFFRI)'

2020-05-29 02:42:26 - [TEST_STEP][PASSED] - callTestCase(findTestCase(CallTCName), ["FindValue":ComboBoxValue, "DropdownNm":comboNm], STOP_ON_FAILURE): Call Test Case 'Test Cases/PFI Precision and Scale/PFI Components/OfficerLists' successfully

2020-05-29 02:42:40 - [TEST_CASE][PASSED] - Test Cases/PFI Precision and Scale/PFI Components/OfficerLists: Test Cases/PFI Precision and Scale/PFI Components/OfficerLists

2020-05-29 02:43:27 - [TEST_STEP][PASSED] - Thread.sleep(1000): null

2020-05-29 02:43:28 - [TEST_STEP][PASSED] - OfficerLists = [1:"Aaron Sham Wai Lun (AARON)", 2:"Azidah Bte Akmad (Mdm) (USAABD)", 3:"Chung Fong Nyen (USACFN)", 4:"David Tey Dah Wei (DAHWEI)", ... ]: null

2020-05-29 02:43:28 - [TEST_STEP][PASSED] - ValueFound = OfficerLists.find({ -> ... }): null

2020-05-29 02:43:28 - [MESSAGE][PASSED] - Call Test Case 'Test Cases/PFI Precision and Scale/PFI Components/OfficerLists' successfully

2020-05-29 02:43:28 - [TEST_STEP][PASSED] - println(ValueFound): null

2020-05-29 02:43:28 - [TEST_STEP][PASSED] - sendKeys(NewInputNmField, Keys.chord(ARROW_DOWN)): Keys 'DOWN + ' sent to object: 'Object Repository/Objects.HighlightElements/input_field_index'

2020-05-29 02:43:30 - [MESSAGE][PASSED] - Keys 'DOWN + ' sent to object: 'Object Repository/Objects.HighlightElements/input_field_index'

2020-05-29 02:43:30 - [TEST_STEP][PASSED] - sendKeys(NewInputNmField, Keys.chord(ARROW_DOWN)): Keys 'DOWN + ' sent to object: 'Object Repository/Objects.HighlightElements/input_field_index'

2020-05-29 02:43:32 - [MESSAGE][PASSED] - Keys 'DOWN + ' sent to object: 'Object Repository/Objects.HighlightElements/input_field_index'

2020-05-29 02:43:32 - [TEST_STEP][PASSED] - delay(DelayTime): Delayed 2 second(s)

2020-05-29 02:43:35 - [MESSAGE][PASSED] - Delayed 2 second(s)

2020-05-29 02:43:35 - [TEST_STEP][PASSED] - sendKeys(NewInputNmField, Keys.chord(ENTER)): Keys 'ENTER + ' sent to object: 'Object Repository/Objects.HighlightElements/input_field_index'

2020-05-29 02:43:37 - [MESSAGE][PASSED] - Keys 'ENTER + ' sent to object: 'Object Repository/Objects.HighlightElements/input_field_index'

2020-05-29 02:43:37 - [TEST_STEP][PASSED] - ComboBoxValue = getAttribute(NewInputNmField, "value"): Attribute 'value' of object 'Object Repository/Objects.HighlightElements/input_field_index' is: 'Richard Lim Fang Ping (FANGPING)'

2020-05-29 02:43:43 - [MESSAGE][PASSED] - Attribute 'value' of object 'Object Repository/Objects.HighlightElements/input_field_index' is: 'Richard Lim Fang Ping (FANGPING)'

2020-05-29 02:43:43 - [TEST_STEP][PASSED] - callTestCase(findTestCase(CallTCName), ["FindValue":ComboBoxValue, "DropdownNm":comboNm], STOP_ON_FAILURE): Call Test Case 'Test Cases/PFI Precision and Scale/PFI Components/OfficerLists' successfully

2020-05-29 02:43:47 - [TEST_CASE][PASSED] - Test Cases/PFI Precision and Scale/PFI Components/OfficerLists: Test Cases/PFI Precision and Scale/PFI Components/OfficerLists

2020-05-29 02:44:12 - [TEST_STEP][PASSED] - Thread.sleep(1000): null

2020-05-29 02:44:13 - [TEST_STEP][PASSED] - OfficerLists = [1:"Aaron Sham Wai Lun (AARON)", 2:"Azidah Bte Akmad (Mdm) (USAABD)", 3:"Chung Fong Nyen (USACFN)", 4:"David Tey Dah Wei (DAHWEI)", ... ]: null

2020-05-29 02:44:13 - [TEST_STEP][PASSED] - ValueFound = OfficerLists.find({ -> ... }): null

2020-05-29 02:44:13 - [MESSAGE][PASSED] - Call Test Case 'Test Cases/PFI Precision and Scale/PFI Components/OfficerLists' successfully

2020-05-29 02:44:13 - [TEST_STEP][PASSED] - println(ValueFound): null

2020-05-29 02:44:13 - [TEST_STEP][PASSED] - sendKeys(NewInputNmField, Keys.chord(ARROW_DOWN)): Keys 'DOWN + ' sent to object: 'Object Repository/Objects.HighlightElements/input_field_index'

2020-05-29 02:44:16 - [MESSAGE][PASSED] - Keys 'DOWN + ' sent to object: 'Object Repository/Objects.HighlightElements/input_field_index'

2020-05-29 02:44:16 - [TEST_STEP][PASSED] - sendKeys(NewInputNmField, Keys.chord(ARROW_DOWN)): Keys 'DOWN + ' sent to object: 'Object Repository/Objects.HighlightElements/input_field_index'

2020-05-29 02:44:18 - [MESSAGE][PASSED] - Keys 'DOWN + ' sent to object: 'Object Repository/Objects.HighlightElements/input_field_index'

2020-05-29 02:44:18 - [TEST_STEP][PASSED] - delay(DelayTime): Delayed 2 second(s)

2020-05-29 02:44:21 - [MESSAGE][PASSED] - Delayed 2 second(s)

2020-05-29 02:44:21 - [TEST_STEP][PASSED] - sendKeys(NewInputNmField, Keys.chord(ENTER)): Keys 'ENTER + ' sent to object: 'Object Repository/Objects.HighlightElements/input_field_index'

2020-05-29 02:44:31 - [MESSAGE][PASSED] - Keys 'ENTER + ' sent to object: 'Object Repository/Objects.HighlightElements/input_field_index'

2020-05-29 02:44:31 - [TEST_STEP][PASSED] - ComboBoxValue = getAttribute(NewInputNmField, "value"): Attribute 'value' of object 'Object Repository/Objects.HighlightElements/input_field_index' is: 'RITA WONG SIONG ING (RITAWONG)'

2020-05-29 02:44:38 - [MESSAGE][PASSED] - Attribute 'value' of object 'Object Repository/Objects.HighlightElements/input_field_index' is: 'RITA WONG SIONG ING (RITAWONG)'

2020-05-29 02:44:38 - [TEST_STEP][PASSED] - callTestCase(findTestCase(CallTCName), ["FindValue":ComboBoxValue, "DropdownNm":comboNm], STOP_ON_FAILURE): Call Test Case 'Test Cases/PFI Precision and Scale/PFI Components/OfficerLists' successfully

2020-05-29 02:44:56 - [TEST_CASE][PASSED] - Test Cases/PFI Precision and Scale/PFI Components/OfficerLists: Test Cases/PFI Precision and Scale/PFI Components/OfficerLists

2020-05-29 02:45:15 - [TEST_STEP][PASSED] - Thread.sleep(1000): null

2020-05-29 02:45:16 - [TEST_STEP][PASSED] - OfficerLists = [1:"Aaron Sham Wai Lun (AARON)", 2:"Azidah Bte Akmad (Mdm) (USAABD)", 3:"Chung Fong Nyen (USACFN)", 4:"David Tey Dah Wei (DAHWEI)", ... ]: null

2020-05-29 02:45:16 - [TEST_STEP][PASSED] - ValueFound = OfficerLists.find({ -> ... }): null

2020-05-29 02:45:16 - [MESSAGE][PASSED] - Call Test Case 'Test Cases/PFI Precision and Scale/PFI Components/OfficerLists' successfully

2020-05-29 02:45:16 - [TEST_STEP][PASSED] - println(ValueFound): null

2020-05-29 02:45:16 - [TEST_STEP][PASSED] - sendKeys(NewInputNmField, Keys.chord(ARROW_DOWN)): Keys 'DOWN + ' sent to object: 'Object Repository/Objects.HighlightElements/input_field_index'

2020-05-29 02:45:16 - [MESSAGE][PASSED] - Keys 'DOWN + ' sent to object: 'Object Repository/Objects.HighlightElements/input_field_index'

2020-05-29 02:45:16 - [TEST_STEP][PASSED] - sendKeys(NewInputNmField, Keys.chord(ARROW_DOWN)): Keys 'DOWN + ' sent to object: 'Object Repository/Objects.HighlightElements/input_field_index'

2020-05-29 02:45:17 - [MESSAGE][PASSED] - Keys 'DOWN + ' sent to object: 'Object Repository/Objects.HighlightElements/input_field_index'

2020-05-29 02:45:17 - [TEST_STEP][PASSED] - delay(DelayTime): Delayed 2 second(s)

2020-05-29 02:45:19 - [MESSAGE][PASSED] - Delayed 2 second(s)

2020-05-29 02:45:19 - [TEST_STEP][PASSED] - sendKeys(NewInputNmField, Keys.chord(ENTER)): Keys 'ENTER + ' sent to object: 'Object Repository/Objects.HighlightElements/input_field_index'

2020-05-29 02:45:19 - [MESSAGE][PASSED] - Keys 'ENTER + ' sent to object: 'Object Repository/Objects.HighlightElements/input_field_index'

2020-05-29 02:45:19 - [TEST_STEP][PASSED] - ComboBoxValue = getAttribute(NewInputNmField, "value"): Attribute 'value' of object 'Object Repository/Objects.HighlightElements/input_field_index' is: 'Shi Hong Wei (HONGWEI)'

2020-05-29 02:45:21 - [MESSAGE][PASSED] - Attribute 'value' of object 'Object Repository/Objects.HighlightElements/input_field_index' is: 'Shi Hong Wei (HONGWEI)'

2020-05-29 02:45:21 - [TEST_STEP][PASSED] - callTestCase(findTestCase(CallTCName), ["FindValue":ComboBoxValue, "DropdownNm":comboNm], STOP_ON_FAILURE): Call Test Case 'Test Cases/PFI Precision and Scale/PFI Components/OfficerLists' successfully

2020-05-29 02:45:23 - [TEST_CASE][PASSED] - Test Cases/PFI Precision and Scale/PFI Components/OfficerLists: Test Cases/PFI Precision and Scale/PFI Components/OfficerLists

2020-05-29 02:45:23 - [TEST_STEP][PASSED] - Thread.sleep(1000): null

2020-05-29 02:45:24 - [TEST_STEP][PASSED] - OfficerLists = [1:"Aaron Sham Wai Lun (AARON)", 2:"Azidah Bte Akmad (Mdm) (USAABD)", 3:"Chung Fong Nyen (USACFN)", 4:"David Tey Dah Wei (DAHWEI)", ... ]: null

2020-05-29 02:45:24 - [TEST_STEP][PASSED] - ValueFound = OfficerLists.find({ -> ... }): null

2020-05-29 02:45:24 - [MESSAGE][PASSED] - Call Test Case 'Test Cases/PFI Precision and Scale/PFI Components/OfficerLists' successfully

2020-05-29 02:45:24 - [TEST_STEP][PASSED] - println(ValueFound): null

2020-05-29 02:45:24 - [TEST_STEP][PASSED] - sendKeys(NewInputNmField, Keys.chord(ARROW_DOWN)): Keys 'DOWN + ' sent to object: 'Object Repository/Objects.HighlightElements/input_field_index'

2020-05-29 02:45:24 - [MESSAGE][PASSED] - Keys 'DOWN + ' sent to object: 'Object Repository/Objects.HighlightElements/input_field_index'

2020-05-29 02:45:24 - [TEST_STEP][PASSED] - sendKeys(NewInputNmField, Keys.chord(ARROW_DOWN)): Keys 'DOWN + ' sent to object: 'Object Repository/Objects.HighlightElements/input_field_index'

2020-05-29 02:45:25 - [MESSAGE][PASSED] - Keys 'DOWN + ' sent to object: 'Object Repository/Objects.HighlightElements/input_field_index'

2020-05-29 02:45:25 - [TEST_STEP][PASSED] - delay(DelayTime): Delayed 2 second(s)

2020-05-29 02:45:27 - [MESSAGE][PASSED] - Delayed 2 second(s)

2020-05-29 02:45:27 - [TEST_STEP][PASSED] - sendKeys(NewInputNmField, Keys.chord(ENTER)): Keys 'ENTER + ' sent to object: 'Object Repository/Objects.HighlightElements/input_field_index'

2020-05-29 02:45:27 - [MESSAGE][PASSED] - Keys 'ENTER + ' sent to object: 'Object Repository/Objects.HighlightElements/input_field_index'

2020-05-29 02:45:27 - [TEST_STEP][PASSED] - ComboBoxValue = getAttribute(NewInputNmField, "value"): Attribute 'value' of object 'Object Repository/Objects.HighlightElements/input_field_index' is: 'Tan Jing Ying (JINGYING)'

2020-05-29 02:45:27 - [MESSAGE][PASSED] - Attribute 'value' of object 'Object Repository/Objects.HighlightElements/input_field_index' is: 'Tan Jing Ying (JINGYING)'

2020-05-29 02:45:27 - [TEST_STEP][PASSED] - callTestCase(findTestCase(CallTCName), ["FindValue":ComboBoxValue, "DropdownNm":comboNm], STOP_ON_FAILURE): Call Test Case 'Test Cases/PFI Precision and Scale/PFI Components/OfficerLists' successfully

2020-05-29 02:45:28 - [TEST_CASE][PASSED] - Test Cases/PFI Precision and Scale/PFI Components/OfficerLists: Test Cases/PFI Precision and Scale/PFI Components/OfficerLists

2020-05-29 02:45:28 - [TEST_STEP][PASSED] - Thread.sleep(1000): null

2020-05-29 02:45:29 - [TEST_STEP][PASSED] - OfficerLists = [1:"Aaron Sham Wai Lun (AARON)", 2:"Azidah Bte Akmad (Mdm) (USAABD)", 3:"Chung Fong Nyen (USACFN)", 4:"David Tey Dah Wei (DAHWEI)", ... ]: null

2020-05-29 02:45:29 - [TEST_STEP][PASSED] - ValueFound = OfficerLists.find({ -> ... }): null

2020-05-29 02:45:29 - [MESSAGE][PASSED] - Call Test Case 'Test Cases/PFI Precision and Scale/PFI Components/OfficerLists' successfully

2020-05-29 02:45:29 - [TEST_STEP][PASSED] - println(ValueFound): null

2020-05-29 02:45:29 - [TEST_STEP][PASSED] - sendKeys(NewInputNmField, Keys.chord(ARROW_DOWN)): Keys 'DOWN + ' sent to object: 'Object Repository/Objects.HighlightElements/input_field_index'

2020-05-29 02:45:29 - [MESSAGE][PASSED] - Keys 'DOWN + ' sent to object: 'Object Repository/Objects.HighlightElements/input_field_index'

2020-05-29 02:45:29 - [TEST_STEP][PASSED] - sendKeys(NewInputNmField, Keys.chord(ARROW_DOWN)): Keys 'DOWN + ' sent to object: 'Object Repository/Objects.HighlightElements/input_field_index'

2020-05-29 02:45:29 - [MESSAGE][PASSED] - Keys 'DOWN + ' sent to object: 'Object Repository/Objects.HighlightElements/input_field_index'

2020-05-29 02:45:29 - [TEST_STEP][PASSED] - delay(DelayTime): Delayed 2 second(s)

2020-05-29 02:45:31 - [MESSAGE][PASSED] - Delayed 2 second(s)

2020-05-29 02:45:31 - [TEST_STEP][PASSED] - sendKeys(NewInputNmField, Keys.chord(ENTER)): Keys 'ENTER + ' sent to object: 'Object Repository/Objects.HighlightElements/input_field_index'

2020-05-29 02:45:31 - [MESSAGE][PASSED] - Keys 'ENTER + ' sent to object: 'Object Repository/Objects.HighlightElements/input_field_index'

2020-05-29 02:45:31 - [TEST_STEP][PASSED] - ComboBoxValue = getAttribute(NewInputNmField, "value"): Attribute 'value' of object 'Object Repository/Objects.HighlightElements/input_field_index' is: 'Tan Kwan Joo (KWANJOO)'

2020-05-29 02:45:32 - [MESSAGE][PASSED] - Attribute 'value' of object 'Object Repository/Objects.HighlightElements/input_field_index' is: 'Tan Kwan Joo (KWANJOO)'

2020-05-29 02:45:32 - [TEST_STEP][PASSED] - callTestCase(findTestCase(CallTCName), ["FindValue":ComboBoxValue, "DropdownNm":comboNm], STOP_ON_FAILURE): Call Test Case 'Test Cases/PFI Precision and Scale/PFI Components/OfficerLists' successfully

2020-05-29 02:45:32 - [TEST_CASE][PASSED] - Test Cases/PFI Precision and Scale/PFI Components/OfficerLists: Test Cases/PFI Precision and Scale/PFI Components/OfficerLists

2020-05-29 02:45:32 - [TEST_STEP][PASSED] - Thread.sleep(1000): null

2020-05-29 02:45:33 - [TEST_STEP][PASSED] - OfficerLists = [1:"Aaron Sham Wai Lun (AARON)", 2:"Azidah Bte Akmad (Mdm) (USAABD)", 3:"Chung Fong Nyen (USACFN)", 4:"David Tey Dah Wei (DAHWEI)", ... ]: null

2020-05-29 02:45:33 - [TEST_STEP][PASSED] - ValueFound = OfficerLists.find({ -> ... }): null

2020-05-29 02:45:33 - [MESSAGE][PASSED] - Call Test Case 'Test Cases/PFI Precision and Scale/PFI Components/OfficerLists' successfully

2020-05-29 02:45:33 - [TEST_STEP][PASSED] - println(ValueFound): null

2020-05-29 02:45:33 - [TEST_STEP][PASSED] - sendKeys(NewInputNmField, Keys.chord(ARROW_DOWN)): Keys 'DOWN + ' sent to object: 'Object Repository/Objects.HighlightElements/input_field_index'

2020-05-29 02:45:33 - [MESSAGE][PASSED] - Keys 'DOWN + ' sent to object: 'Object Repository/Objects.HighlightElements/input_field_index'

2020-05-29 02:45:33 - [TEST_STEP][PASSED] - sendKeys(NewInputNmField, Keys.chord(ARROW_DOWN)): Keys 'DOWN + ' sent to object: 'Object Repository/Objects.HighlightElements/input_field_index'

2020-05-29 02:45:34 - [MESSAGE][PASSED] - Keys 'DOWN + ' sent to object: 'Object Repository/Objects.HighlightElements/input_field_index'

2020-05-29 02:45:34 - [TEST_STEP][PASSED] - delay(DelayTime): Delayed 2 second(s)

2020-05-29 02:45:36 - [MESSAGE][PASSED] - Delayed 2 second(s)

2020-05-29 02:45:36 - [TEST_STEP][PASSED] - sendKeys(NewInputNmField, Keys.chord(ENTER)): Keys 'ENTER + ' sent to object: 'Object Repository/Objects.HighlightElements/input_field_index'

2020-05-29 02:45:36 - [MESSAGE][PASSED] - Keys 'ENTER + ' sent to object: 'Object Repository/Objects.HighlightElements/input_field_index'

2020-05-29 02:45:36 - [TEST_STEP][PASSED] - ComboBoxValue = getAttribute(NewInputNmField, "value"): Attribute 'value' of object 'Object Repository/Objects.HighlightElements/input_field_index' is: 'Titus Chua Hwa Ping (TITUS)'

2020-05-29 02:45:36 - [MESSAGE][PASSED] - Attribute 'value' of object 'Object Repository/Objects.HighlightElements/input_field_index' is: 'Titus Chua Hwa Ping (TITUS)'

2020-05-29 02:45:36 - [TEST_STEP][PASSED] - callTestCase(findTestCase(CallTCName), ["FindValue":ComboBoxValue, "DropdownNm":comboNm], STOP_ON_FAILURE): Call Test Case 'Test Cases/PFI Precision and Scale/PFI Components/OfficerLists' successfully

2020-05-29 02:45:37 - [TEST_CASE][PASSED] - Test Cases/PFI Precision and Scale/PFI Components/OfficerLists: Test Cases/PFI Precision and Scale/PFI Components/OfficerLists

2020-05-29 02:45:37 - [TEST_STEP][PASSED] - Thread.sleep(1000): null

2020-05-29 02:45:38 - [TEST_STEP][PASSED] - OfficerLists = [1:"Aaron Sham Wai Lun (AARON)", 2:"Azidah Bte Akmad (Mdm) (USAABD)", 3:"Chung Fong Nyen (USACFN)", 4:"David Tey Dah Wei (DAHWEI)", ... ]: null

2020-05-29 02:45:38 - [TEST_STEP][PASSED] - ValueFound = OfficerLists.find({ -> ... }): null

2020-05-29 02:45:38 - [MESSAGE][PASSED] - Call Test Case 'Test Cases/PFI Precision and Scale/PFI Components/OfficerLists' successfully

2020-05-29 02:45:38 - [TEST_STEP][PASSED] - println(ValueFound): null

2020-05-29 02:45:38 - [TEST_STEP][PASSED] - sendKeys(NewInputNmField, Keys.chord(ARROW_DOWN)): Keys 'DOWN + ' sent to object: 'Object Repository/Objects.HighlightElements/input_field_index'

2020-05-29 02:45:38 - [MESSAGE][PASSED] - Keys 'DOWN + ' sent to object: 'Object Repository/Objects.HighlightElements/input_field_index'

2020-05-29 02:45:38 - [TEST_STEP][PASSED] - sendKeys(NewInputNmField, Keys.chord(ENTER)): Keys 'ENTER + ' sent to object: 'Object Repository/Objects.HighlightElements/input_field_index'

2020-05-29 02:45:38 - [MESSAGE][PASSED] - Keys 'ENTER + ' sent to object: 'Object Repository/Objects.HighlightElements/input_field_index'

2020-05-29 02:45:38 - [MESSAGE][PASSED] - Call Test Case 'Test Cases/PFI Precision and Scale/PFI Components with Indexing/VerifyDropdownValuesXPI' successfully

2020-05-29 02:45:38 - [TEST_STEP][PASSED] - callTestCase(findTestCase("Components/SelectAllThenDeleteIndex"), ["nameToBeUsed":"officer", "index":"1"], STOP_ON_FAILURE): Call Test Case 'Test Cases/Components/SelectAllThenDeleteIndex' successfully

2020-05-29 02:45:38 - [TEST_CASE][PASSED] - Test Cases/Components/SelectAllThenDeleteIndex: Test Cases/Components/SelectAllThenDeleteIndex

2020-05-29 02:45:38 - [TEST_STEP][PASSED] - Thread.sleep(1000): null

2020-05-29 02:45:39 - [TEST_STEP][PASSED] - modifiedObj = modifyObjectProperty(findTestObject("Object Repository/Objects.HighlightElements/input_field_index"), "xpath", "equals", "(//*[contains(@class,'x-form-text') and (@name='" + nameToBeUsed + "')])[" + index + "]", true): Modify property of object successfully

2020-05-29 02:45:39 - [MESSAGE][PASSED] - Modify property of object successfully

2020-05-29 02:45:39 - [TEST_STEP][PASSED] - focus(modifiedObj): Object: 'Object Repository/Objects.HighlightElements/input_field_index' is focused

2020-05-29 02:45:40 - [MESSAGE][PASSED] - Object: 'Object Repository/Objects.HighlightElements/input_field_index' is focused

2020-05-29 02:45:40 - [TEST_STEP][PASSED] - sendKeys(modifiedObj, Keys.chord(CONTROL, "a")): Keys 'CONTROL + a' sent to object: 'Object Repository/Objects.HighlightElements/input_field_index'

2020-05-29 02:45:40 - [MESSAGE][PASSED] - Keys 'CONTROL + a' sent to object: 'Object Repository/Objects.HighlightElements/input_field_index'

2020-05-29 02:45:40 - [TEST_STEP][PASSED] - sendKeys(modifiedObj, Keys.chord(DELETE)): Keys 'DELETE + ' sent to object: 'Object Repository/Objects.HighlightElements/input_field_index'

2020-05-29 02:45:40 - [MESSAGE][PASSED] - Keys 'DELETE + ' sent to object: 'Object Repository/Objects.HighlightElements/input_field_index'

2020-05-29 02:45:40 - [MESSAGE][PASSED] - Call Test Case 'Test Cases/Components/SelectAllThenDeleteIndex' successfully

2020-05-29 02:45:40 - [TEST_STEP][PASSED] - callTestCase(findTestCase("PFI Precision and Scale/PFI Components with Indexing/RequiredFieldValidationIndex"), ["nameToBeUsed":"officer", "index":1], STOP_ON_FAILURE): Call Test Case 'Test Cases/PFI Precision and Scale/PFI Components with Indexing/RequiredFieldValidationIndex' successfully

2020-05-29 02:45:40 - [TEST_CASE][PASSED] - Test Cases/PFI Precision and Scale/PFI Components with Indexing/RequiredFieldValidationIndex: Test Cases/PFI Precision and Scale/PFI Components with Indexing/RequiredFieldValidationIndex

2020-05-29 02:45:40 - [TEST_STEP][PASSED] - enableSmartWait(): null

2020-05-29 02:45:40 - [TEST_STEP][PASSED] - NewInputNmField = modifyObjectProperty(findTestObject("Objects.HighlightElements/input_field_index"), "xpath", "equals", "(//*[contains(@class,'x-form-text') and (@name='" + nameToBeUsed + "')])[" + index + "]", true): Modify property of object successfully

2020-05-29 02:45:41 - [MESSAGE][PASSED] - Modify property of object successfully

2020-05-29 02:45:41 - [TEST_STEP][PASSED] - mouseOver(NewInputNmField): Object: 'Object Repository/Objects.HighlightElements/input_field_index' is hovered

2020-05-29 02:45:41 - [MESSAGE][PASSED] - Object: 'Object Repository/Objects.HighlightElements/input_field_index' is hovered

2020-05-29 02:45:41 - [TEST_STEP][PASSED] - getRqErrMsg = getAttribute(NewInputNmField, "data-errorqtip"): Attribute 'data-errorqtip' of object 'Object Repository/Objects.HighlightElements/input_field_index' is: '<ul class="x-list-plain"><li>This field is required</li></ul>'

2020-05-29 02:45:41 - [MESSAGE][PASSED] - Attribute 'data-errorqtip' of object 'Object Repository/Objects.HighlightElements/input_field_index' is: '<ul class="x-list-plain"><li>This field is required</li></ul>'

2020-05-29 02:45:41 - [TEST_STEP][PASSED] - strToolTip = getRqErrMsg.substring(29, 61): null

2020-05-29 02:45:41 - [TEST_STEP][PASSED] - toolTipReqErrMsg = strToolTip.substring(0, 22): null

2020-05-29 02:45:41 - [TEST_STEP][PASSED] - verifyMatch(toolTipReqErrMsg, RqField, true): Actual text 'This field is required' and expected text 'This field is required' are matched  using regular expression

2020-05-29 02:45:41 - [MESSAGE][PASSED] - Actual text 'This field is required' and expected text 'This field is required' are matched  using regular expression

2020-05-29 02:45:41 - [MESSAGE][PASSED] - Call Test Case 'Test Cases/PFI Precision and Scale/PFI Components with Indexing/RequiredFieldValidationIndex' successfully

2020-05-29 02:45:41 - [TEST_STEP][NOT_RUN] - callTestCase(findTestCase("Components/HighlightLabelField"), ["LblName":"Weightage *:"], STOP_ON_FAILURE): NOT_RUN: callTestCase(findTestCase("Components/HighlightLabelField"), ["LblName":"Weightage *:"], STOP_ON_FAILURE)

2020-05-29 02:45:41 - [MESSAGE][NOT_RUN] - NOT_RUN: callTestCase(findTestCase("Components/HighlightLabelField"), ["LblName":"Weightage *:"], STOP_ON_FAILURE)

2020-05-29 02:45:41 - [TEST_STEP][NOT_RUN] - callTestCase(findTestCase("Components/HighlightInputFieldXPI"), ["FldNm":"inspWeight", "index":1], STOP_ON_FAILURE): NOT_RUN: callTestCase(findTestCase("Components/HighlightInputFieldXPI"), ["FldNm":"inspWeight", "index":1], STOP_ON_FAILURE)

2020-05-29 02:45:41 - [MESSAGE][NOT_RUN] - NOT_RUN: callTestCase(findTestCase("Components/HighlightInputFieldXPI"), ["FldNm":"inspWeight", "index":1], STOP_ON_FAILURE)

2020-05-29 02:45:41 - [TEST_STEP][PASSED] - callTestCase(findTestCase("PFI Precision and Scale/PFI Components/NumericTextboxValidationII"), ["nameToBeUsed":"inspWeight", "minLen":5], STOP_ON_FAILURE): Call Test Case 'Test Cases/PFI Precision and Scale/PFI Components/NumericTextboxValidationII' successfully

2020-05-29 02:45:41 - [TEST_CASE][PASSED] - Test Cases/PFI Precision and Scale/PFI Components/NumericTextboxValidationII: Test Cases/PFI Precision and Scale/PFI Components/NumericTextboxValidationII

2020-05-29 02:45:41 - [TEST_STEP][PASSED] - Thread.sleep(1000): null

2020-05-29 02:45:42 - [TEST_STEP][PASSED] - Numeric = "0123456789": null

2020-05-29 02:45:42 - [TEST_STEP][PASSED] - AlphaSpecialChar = z) + "`~!@#$%^&*()=_{}|\][;'":,?><"".join(): null

2020-05-29 02:45:42 - [TEST_STEP][PASSED] - RandomNumeric = RandomStringUtils.random(minLen, Numeric.toCharArray()): null

2020-05-29 02:45:42 - [TEST_STEP][PASSED] - RandomString = RandomStringUtils.random(minLen, AlphaSpecialChar): null

2020-05-29 02:45:42 - [TEST_STEP][PASSED] - regexPat = Pattern.compile("^[0-9]+$"): null

2020-05-29 02:45:42 - [TEST_STEP][PASSED] - NewInputNmField = modifyObjectProperty(findTestObject("Objects.RemarksValidation/input_Remarks"), "name", "equals", nameToBeUsed, true): Modify property of object successfully

2020-05-29 02:45:42 - [MESSAGE][PASSED] - Modify property of object successfully

2020-05-29 02:45:42 - [TEST_STEP][PASSED] - focus(NewInputNmField): Object: 'Object Repository/Objects.RemarksValidation/input_Remarks' is focused

2020-05-29 02:45:43 - [MESSAGE][PASSED] - Object: 'Object Repository/Objects.RemarksValidation/input_Remarks' is focused

2020-05-29 02:45:43 - [TEST_STEP][PASSED] - setText(NewInputNmField, RandomString): Text 'c@zKY' is set on object 'Object Repository/Objects.RemarksValidation/input_Remarks'

2020-05-29 02:45:43 - [MESSAGE][PASSED] - Text 'c@zKY' is set on object 'Object Repository/Objects.RemarksValidation/input_Remarks'

2020-05-29 02:45:43 - [TEST_STEP][PASSED] - GetInputVal = getAttribute(NewInputNmField, "value"): Attribute 'value' of object 'Object Repository/Objects.RemarksValidation/input_Remarks' is: ''

2020-05-29 02:45:44 - [MESSAGE][PASSED] - Attribute 'value' of object 'Object Repository/Objects.RemarksValidation/input_Remarks' is: ''

2020-05-29 02:45:44 - [TEST_STEP][PASSED] - if (GetInputVal.contains("e")): null

2020-05-29 02:45:44 - [TEST_STEP][PASSED] - else: Actual text '' and expected text '' are matched  using regular expression

2020-05-29 02:45:44 - [TEST_STEP][PASSED] - verifyMatch(GetInputVal, "", true): Actual text '' and expected text '' are matched  using regular expression

2020-05-29 02:45:44 - [MESSAGE][PASSED] - Actual text '' and expected text '' are matched  using regular expression

2020-05-29 02:45:44 - [TEST_STEP][PASSED] - setText(NewInputNmField, RandomNumeric): Text '00209' is set on object 'Object Repository/Objects.RemarksValidation/input_Remarks'

2020-05-29 02:45:44 - [MESSAGE][PASSED] - Text '00209' is set on object 'Object Repository/Objects.RemarksValidation/input_Remarks'

2020-05-29 02:45:44 - [TEST_STEP][PASSED] - GetEnteredIntegers = getAttribute(NewInputNmField, "value"): Attribute 'value' of object 'Object Repository/Objects.RemarksValidation/input_Remarks' is: '00209'

2020-05-29 02:45:44 - [MESSAGE][PASSED] - Attribute 'value' of object 'Object Repository/Objects.RemarksValidation/input_Remarks' is: '00209'

2020-05-29 02:45:44 - [TEST_STEP][PASSED] - matchStr = regexPat.matcher(GetEnteredIntegers): null

2020-05-29 02:45:44 - [TEST_STEP][PASSED] - if (matchStr.matches() == true): Accepting Numeric

2020-05-29 02:45:44 - [TEST_STEP][PASSED] - comment("Accepting Numeric"): Accepting Numeric

2020-05-29 02:45:44 - [MESSAGE][INFO] - Accepting Numeric

2020-05-29 02:45:44 - [MESSAGE][PASSED] - Call Test Case 'Test Cases/PFI Precision and Scale/PFI Components/NumericTextboxValidationII' successfully

2020-05-29 02:45:44 - [TEST_STEP][PASSED] - callTestCase(findTestCase("PFI Precision and Scale/PFI Components with Indexing/SpinnerUpIndex"), ["InputName":"inspWeight", "nmIndex":1, "indexUp":2, "itr":10], STOP_ON_FAILURE): Call Test Case 'Test Cases/PFI Precision and Scale/PFI Components with Indexing/SpinnerUpIndex' successfully

2020-05-29 02:45:45 - [TEST_CASE][PASSED] - Test Cases/PFI Precision and Scale/PFI Components with Indexing/SpinnerUpIndex: Test Cases/PFI Precision and Scale/PFI Components with Indexing/SpinnerUpIndex

2020-05-29 02:45:45 - [TEST_STEP][PASSED] - Thread.sleep(1000): null

2020-05-29 02:45:46 - [TEST_STEP][PASSED] - counterUp = modifyObjectProperty(findTestObject("Objects.CounterValidation/counter_icon_up"), "xpath", "equals", "(//*[contains(@class,'x-form-spinner x-form-spinner-default x-form-spinner-up x-form-spinner-up-default ')])[" + indexUp + "]", true): Modify property of object successfully

2020-05-29 02:45:46 - [MESSAGE][PASSED] - Modify property of object successfully

2020-05-29 02:45:46 - [TEST_STEP][PASSED] - modifiedInputNm = modifyObjectProperty(findTestObject("Object Repository/Objects.HighlightElements/input_field_index"), "xpath", "equals", "(//*[contains(@class,'x-form-text') and (@name='" + InputName + "')])[" + nmIndex + "]", true): Modify property of object successfully

2020-05-29 02:45:46 - [MESSAGE][PASSED] - Modify property of object successfully

2020-05-29 02:45:46 - [TEST_STEP][PASSED] - GetCurrentValue = getAttribute(modifiedInputNm, "value"): Attribute 'value' of object 'Object Repository/Objects.HighlightElements/input_field_index' is: '00209'

2020-05-29 02:45:46 - [MESSAGE][PASSED] - Attribute 'value' of object 'Object Repository/Objects.HighlightElements/input_field_index' is: '00209'

2020-05-29 02:45:46 - [TEST_STEP][PASSED] - for ([i = 0, i <= itr, (i++)]): Object: 'Object Repository/Objects.CounterValidation/counter_icon_up' is clicked on

2020-05-29 02:45:46 - [TEST_STEP][PASSED] - click(counterUp): Object: 'Object Repository/Objects.CounterValidation/counter_icon_up' is clicked on

2020-05-29 02:45:46 - [MESSAGE][PASSED] - Object: 'Object Repository/Objects.CounterValidation/counter_icon_up' is clicked on

2020-05-29 02:45:46 - [TEST_STEP][PASSED] - click(counterUp): Object: 'Object Repository/Objects.CounterValidation/counter_icon_up' is clicked on

2020-05-29 02:45:47 - [MESSAGE][PASSED] - Object: 'Object Repository/Objects.CounterValidation/counter_icon_up' is clicked on

2020-05-29 02:45:47 - [TEST_STEP][PASSED] - click(counterUp): Object: 'Object Repository/Objects.CounterValidation/counter_icon_up' is clicked on

2020-05-29 02:45:47 - [MESSAGE][PASSED] - Object: 'Object Repository/Objects.CounterValidation/counter_icon_up' is clicked on

2020-05-29 02:45:47 - [TEST_STEP][PASSED] - click(counterUp): Object: 'Object Repository/Objects.CounterValidation/counter_icon_up' is clicked on

2020-05-29 02:45:47 - [MESSAGE][PASSED] - Object: 'Object Repository/Objects.CounterValidation/counter_icon_up' is clicked on

2020-05-29 02:45:47 - [TEST_STEP][PASSED] - click(counterUp): Object: 'Object Repository/Objects.CounterValidation/counter_icon_up' is clicked on

2020-05-29 02:45:47 - [MESSAGE][PASSED] - Object: 'Object Repository/Objects.CounterValidation/counter_icon_up' is clicked on

2020-05-29 02:45:47 - [TEST_STEP][PASSED] - click(counterUp): Object: 'Object Repository/Objects.CounterValidation/counter_icon_up' is clicked on

2020-05-29 02:45:48 - [MESSAGE][PASSED] - Object: 'Object Repository/Objects.CounterValidation/counter_icon_up' is clicked on

2020-05-29 02:45:48 - [TEST_STEP][PASSED] - click(counterUp): Object: 'Object Repository/Objects.CounterValidation/counter_icon_up' is clicked on

2020-05-29 02:45:48 - [MESSAGE][PASSED] - Object: 'Object Repository/Objects.CounterValidation/counter_icon_up' is clicked on

2020-05-29 02:45:48 - [TEST_STEP][PASSED] - click(counterUp): Object: 'Object Repository/Objects.CounterValidation/counter_icon_up' is clicked on

2020-05-29 02:45:48 - [MESSAGE][PASSED] - Object: 'Object Repository/Objects.CounterValidation/counter_icon_up' is clicked on

2020-05-29 02:45:48 - [TEST_STEP][PASSED] - click(counterUp): Object: 'Object Repository/Objects.CounterValidation/counter_icon_up' is clicked on

2020-05-29 02:45:48 - [MESSAGE][PASSED] - Object: 'Object Repository/Objects.CounterValidation/counter_icon_up' is clicked on

2020-05-29 02:45:48 - [TEST_STEP][PASSED] - click(counterUp): Object: 'Object Repository/Objects.CounterValidation/counter_icon_up' is clicked on

2020-05-29 02:45:49 - [MESSAGE][PASSED] - Object: 'Object Repository/Objects.CounterValidation/counter_icon_up' is clicked on

2020-05-29 02:45:49 - [TEST_STEP][PASSED] - click(counterUp): Object: 'Object Repository/Objects.CounterValidation/counter_icon_up' is clicked on

2020-05-29 02:45:49 - [MESSAGE][PASSED] - Object: 'Object Repository/Objects.CounterValidation/counter_icon_up' is clicked on

2020-05-29 02:45:49 - [TEST_STEP][PASSED] - NewValue = getAttribute(modifiedInputNm, "value"): Attribute 'value' of object 'Object Repository/Objects.HighlightElements/input_field_index' is: '220'

2020-05-29 02:45:49 - [MESSAGE][PASSED] - Attribute 'value' of object 'Object Repository/Objects.HighlightElements/input_field_index' is: '220'

2020-05-29 02:45:49 - [TEST_STEP][PASSED] - if (NewValue != findTestData("PrecisionAndScaleDB").getValue("MaxCharacters", 7)): Actual number '220' is greater than expected number '00209'

2020-05-29 02:45:49 - [TEST_STEP][PASSED] - verifyGreaterThan(NewValue, GetCurrentValue, STOP_ON_FAILURE): Actual number '220' is greater than expected number '00209'

2020-05-29 02:45:49 - [MESSAGE][PASSED] - Actual number '220' is greater than expected number '00209'

2020-05-29 02:45:49 - [MESSAGE][PASSED] - Call Test Case 'Test Cases/PFI Precision and Scale/PFI Components with Indexing/SpinnerUpIndex' successfully

2020-05-29 02:45:49 - [TEST_STEP][PASSED] - callTestCase(findTestCase("PFI Precision and Scale/PFI Components with Indexing/SpinnerDownIndex"), ["InputName":"inspWeight", "nmIndex":1, "indexDown":2, "itr":20], STOP_ON_FAILURE): Call Test Case 'Test Cases/PFI Precision and Scale/PFI Components with Indexing/SpinnerDownIndex' successfully

2020-05-29 02:45:49 - [TEST_CASE][PASSED] - Test Cases/PFI Precision and Scale/PFI Components with Indexing/SpinnerDownIndex: Test Cases/PFI Precision and Scale/PFI Components with Indexing/SpinnerDownIndex

2020-05-29 02:45:49 - [TEST_STEP][PASSED] - Thread.sleep(1000): null

2020-05-29 02:45:50 - [TEST_STEP][PASSED] - counterUp = modifyObjectProperty(findTestObject("Objects.CounterValidation/counter_icon_up"), "xpath", "equals", "(//*[contains(@class,'x-form-spinner x-form-spinner-default x-form-spinner-down x-form-spinner-down-default ')])[" + indexDown + "]", true): Modify property of object successfully

2020-05-29 02:45:50 - [MESSAGE][PASSED] - Modify property of object successfully

2020-05-29 02:45:50 - [TEST_STEP][PASSED] - modifiedInputNm = modifyObjectProperty(findTestObject("Object Repository/Objects.HighlightElements/input_field_index"), "xpath", "equals", "(//*[contains(@class,'x-form-text') and (@name='" + InputName + "')])[" + nmIndex + "]", true): Modify property of object successfully

2020-05-29 02:45:50 - [MESSAGE][PASSED] - Modify property of object successfully

2020-05-29 02:45:50 - [TEST_STEP][PASSED] - GetCurrentValue = getAttribute(modifiedInputNm, "value"): Attribute 'value' of object 'Object Repository/Objects.HighlightElements/input_field_index' is: '220'

2020-05-29 02:45:51 - [MESSAGE][PASSED] - Attribute 'value' of object 'Object Repository/Objects.HighlightElements/input_field_index' is: '220'

2020-05-29 02:45:51 - [TEST_STEP][PASSED] - for ([i = 0, i <= itr, (i++)]): Object: 'Object Repository/Objects.CounterValidation/counter_icon_up' is clicked on

2020-05-29 02:45:51 - [TEST_STEP][PASSED] - click(counterUp): Object: 'Object Repository/Objects.CounterValidation/counter_icon_up' is clicked on

2020-05-29 02:45:51 - [MESSAGE][PASSED] - Object: 'Object Repository/Objects.CounterValidation/counter_icon_up' is clicked on

2020-05-29 02:45:51 - [TEST_STEP][PASSED] - click(counterUp): Object: 'Object Repository/Objects.CounterValidation/counter_icon_up' is clicked on

2020-05-29 02:45:51 - [MESSAGE][PASSED] - Object: 'Object Repository/Objects.CounterValidation/counter_icon_up' is clicked on

2020-05-29 02:45:51 - [TEST_STEP][PASSED] - click(counterUp): Object: 'Object Repository/Objects.CounterValidation/counter_icon_up' is clicked on

2020-05-29 02:45:52 - [MESSAGE][PASSED] - Object: 'Object Repository/Objects.CounterValidation/counter_icon_up' is clicked on

2020-05-29 02:45:52 - [TEST_STEP][PASSED] - click(counterUp): Object: 'Object Repository/Objects.CounterValidation/counter_icon_up' is clicked on

2020-05-29 02:45:52 - [MESSAGE][PASSED] - Object: 'Object Repository/Objects.CounterValidation/counter_icon_up' is clicked on

2020-05-29 02:45:52 - [TEST_STEP][PASSED] - click(counterUp): Object: 'Object Repository/Objects.CounterValidation/counter_icon_up' is clicked on

2020-05-29 02:45:52 - [MESSAGE][PASSED] - Object: 'Object Repository/Objects.CounterValidation/counter_icon_up' is clicked on

2020-05-29 02:45:52 - [TEST_STEP][PASSED] - click(counterUp): Object: 'Object Repository/Objects.CounterValidation/counter_icon_up' is clicked on

2020-05-29 02:45:52 - [MESSAGE][PASSED] - Object: 'Object Repository/Objects.CounterValidation/counter_icon_up' is clicked on

2020-05-29 02:45:52 - [TEST_STEP][PASSED] - click(counterUp): Object: 'Object Repository/Objects.CounterValidation/counter_icon_up' is clicked on

2020-05-29 02:45:53 - [MESSAGE][PASSED] - Object: 'Object Repository/Objects.CounterValidation/counter_icon_up' is clicked on

2020-05-29 02:45:53 - [TEST_STEP][PASSED] - click(counterUp): Object: 'Object Repository/Objects.CounterValidation/counter_icon_up' is clicked on

2020-05-29 02:45:53 - [MESSAGE][PASSED] - Object: 'Object Repository/Objects.CounterValidation/counter_icon_up' is clicked on

2020-05-29 02:45:53 - [TEST_STEP][PASSED] - click(counterUp): Object: 'Object Repository/Objects.CounterValidation/counter_icon_up' is clicked on

2020-05-29 02:45:53 - [MESSAGE][PASSED] - Object: 'Object Repository/Objects.CounterValidation/counter_icon_up' is clicked on

2020-05-29 02:45:53 - [TEST_STEP][PASSED] - click(counterUp): Object: 'Object Repository/Objects.CounterValidation/counter_icon_up' is clicked on

2020-05-29 02:45:53 - [MESSAGE][PASSED] - Object: 'Object Repository/Objects.CounterValidation/counter_icon_up' is clicked on

2020-05-29 02:45:53 - [TEST_STEP][PASSED] - click(counterUp): Object: 'Object Repository/Objects.CounterValidation/counter_icon_up' is clicked on

2020-05-29 02:45:54 - [MESSAGE][PASSED] - Object: 'Object Repository/Objects.CounterValidation/counter_icon_up' is clicked on

2020-05-29 02:45:54 - [TEST_STEP][PASSED] - click(counterUp): Object: 'Object Repository/Objects.CounterValidation/counter_icon_up' is clicked on

2020-05-29 02:45:54 - [MESSAGE][PASSED] - Object: 'Object Repository/Objects.CounterValidation/counter_icon_up' is clicked on

2020-05-29 02:45:54 - [TEST_STEP][PASSED] - click(counterUp): Object: 'Object Repository/Objects.CounterValidation/counter_icon_up' is clicked on

2020-05-29 02:45:54 - [MESSAGE][PASSED] - Object: 'Object Repository/Objects.CounterValidation/counter_icon_up' is clicked on

2020-05-29 02:45:54 - [TEST_STEP][PASSED] - click(counterUp): Object: 'Object Repository/Objects.CounterValidation/counter_icon_up' is clicked on

2020-05-29 02:45:57 - [MESSAGE][PASSED] - Object: 'Object Repository/Objects.CounterValidation/counter_icon_up' is clicked on

2020-05-29 02:45:57 - [TEST_STEP][PASSED] - click(counterUp): Object: 'Object Repository/Objects.CounterValidation/counter_icon_up' is clicked on

2020-05-29 02:45:57 - [MESSAGE][PASSED] - Object: 'Object Repository/Objects.CounterValidation/counter_icon_up' is clicked on

2020-05-29 02:45:57 - [TEST_STEP][PASSED] - click(counterUp): Object: 'Object Repository/Objects.CounterValidation/counter_icon_up' is clicked on

2020-05-29 02:45:58 - [MESSAGE][PASSED] - Object: 'Object Repository/Objects.CounterValidation/counter_icon_up' is clicked on

2020-05-29 02:45:58 - [TEST_STEP][PASSED] - click(counterUp): Object: 'Object Repository/Objects.CounterValidation/counter_icon_up' is clicked on

2020-05-29 02:45:58 - [MESSAGE][PASSED] - Object: 'Object Repository/Objects.CounterValidation/counter_icon_up' is clicked on

2020-05-29 02:45:58 - [TEST_STEP][PASSED] - click(counterUp): Object: 'Object Repository/Objects.CounterValidation/counter_icon_up' is clicked on

2020-05-29 02:45:58 - [MESSAGE][PASSED] - Object: 'Object Repository/Objects.CounterValidation/counter_icon_up' is clicked on

2020-05-29 02:45:58 - [TEST_STEP][PASSED] - click(counterUp): Object: 'Object Repository/Objects.CounterValidation/counter_icon_up' is clicked on

2020-05-29 02:45:58 - [MESSAGE][PASSED] - Object: 'Object Repository/Objects.CounterValidation/counter_icon_up' is clicked on

2020-05-29 02:45:58 - [TEST_STEP][PASSED] - click(counterUp): Object: 'Object Repository/Objects.CounterValidation/counter_icon_up' is clicked on

2020-05-29 02:45:59 - [MESSAGE][PASSED] - Object: 'Object Repository/Objects.CounterValidation/counter_icon_up' is clicked on

2020-05-29 02:45:59 - [TEST_STEP][PASSED] - click(counterUp): Object: 'Object Repository/Objects.CounterValidation/counter_icon_up' is clicked on

2020-05-29 02:45:59 - [MESSAGE][PASSED] - Object: 'Object Repository/Objects.CounterValidation/counter_icon_up' is clicked on

2020-05-29 02:45:59 - [TEST_STEP][PASSED] - NewValue = getAttribute(modifiedInputNm, "value"): Attribute 'value' of object 'Object Repository/Objects.HighlightElements/input_field_index' is: '199'

2020-05-29 02:45:59 - [MESSAGE][PASSED] - Attribute 'value' of object 'Object Repository/Objects.HighlightElements/input_field_index' is: '199'

2020-05-29 02:45:59 - [TEST_STEP][PASSED] - if (NewValue != 0): Actual number '199' is less than expected number '220'

2020-05-29 02:45:59 - [TEST_STEP][PASSED] - verifyLessThan(NewValue, GetCurrentValue, STOP_ON_FAILURE): Actual number '199' is less than expected number '220'

2020-05-29 02:45:59 - [MESSAGE][PASSED] - Actual number '199' is less than expected number '220'

2020-05-29 02:45:59 - [MESSAGE][PASSED] - Call Test Case 'Test Cases/PFI Precision and Scale/PFI Components with Indexing/SpinnerDownIndex' successfully

2020-05-29 02:45:59 - [TEST_STEP][PASSED] - callTestCase(findTestCase("Components/SelectAllThenDeleteIndex"), ["nameToBeUsed":"inspWeight", "index":"1"], STOP_ON_FAILURE): Call Test Case 'Test Cases/Components/SelectAllThenDeleteIndex' successfully

2020-05-29 02:45:59 - [TEST_CASE][PASSED] - Test Cases/Components/SelectAllThenDeleteIndex: Test Cases/Components/SelectAllThenDeleteIndex

2020-05-29 02:45:59 - [TEST_STEP][PASSED] - Thread.sleep(1000): null

2020-05-29 02:46:00 - [TEST_STEP][PASSED] - modifiedObj = modifyObjectProperty(findTestObject("Object Repository/Objects.HighlightElements/input_field_index"), "xpath", "equals", "(//*[contains(@class,'x-form-text') and (@name='" + nameToBeUsed + "')])[" + index + "]", true): Modify property of object successfully

2020-05-29 02:46:00 - [MESSAGE][PASSED] - Modify property of object successfully

2020-05-29 02:46:00 - [TEST_STEP][PASSED] - focus(modifiedObj): Object: 'Object Repository/Objects.HighlightElements/input_field_index' is focused

2020-05-29 02:46:01 - [MESSAGE][PASSED] - Object: 'Object Repository/Objects.HighlightElements/input_field_index' is focused

2020-05-29 02:46:01 - [TEST_STEP][PASSED] - sendKeys(modifiedObj, Keys.chord(CONTROL, "a")): Keys 'CONTROL + a' sent to object: 'Object Repository/Objects.HighlightElements/input_field_index'

2020-05-29 02:46:01 - [MESSAGE][PASSED] - Keys 'CONTROL + a' sent to object: 'Object Repository/Objects.HighlightElements/input_field_index'

2020-05-29 02:46:01 - [TEST_STEP][PASSED] - sendKeys(modifiedObj, Keys.chord(DELETE)): Keys 'DELETE + ' sent to object: 'Object Repository/Objects.HighlightElements/input_field_index'

2020-05-29 02:46:01 - [MESSAGE][PASSED] - Keys 'DELETE + ' sent to object: 'Object Repository/Objects.HighlightElements/input_field_index'

2020-05-29 02:46:01 - [MESSAGE][PASSED] - Call Test Case 'Test Cases/Components/SelectAllThenDeleteIndex' successfully

2020-05-29 02:46:01 - [TEST_STEP][PASSED] - callTestCase(findTestCase("PFI Precision and Scale/PFI Components with Indexing/RequiredFieldValidationIndex"), ["nameToBeUsed":"inspWeight", "index":1], STOP_ON_FAILURE): Call Test Case 'Test Cases/PFI Precision and Scale/PFI Components with Indexing/RequiredFieldValidationIndex' successfully

2020-05-29 02:46:01 - [TEST_CASE][PASSED] - Test Cases/PFI Precision and Scale/PFI Components with Indexing/RequiredFieldValidationIndex: Test Cases/PFI Precision and Scale/PFI Components with Indexing/RequiredFieldValidationIndex

2020-05-29 02:46:01 - [TEST_STEP][PASSED] - enableSmartWait(): null

2020-05-29 02:46:01 - [TEST_STEP][PASSED] - NewInputNmField = modifyObjectProperty(findTestObject("Objects.HighlightElements/input_field_index"), "xpath", "equals", "(//*[contains(@class,'x-form-text') and (@name='" + nameToBeUsed + "')])[" + index + "]", true): Modify property of object successfully

2020-05-29 02:46:01 - [MESSAGE][PASSED] - Modify property of object successfully

2020-05-29 02:46:01 - [TEST_STEP][PASSED] - mouseOver(NewInputNmField): Object: 'Object Repository/Objects.HighlightElements/input_field_index' is hovered

2020-05-29 02:46:02 - [MESSAGE][PASSED] - Object: 'Object Repository/Objects.HighlightElements/input_field_index' is hovered

2020-05-29 02:46:02 - [TEST_STEP][PASSED] - getRqErrMsg = getAttribute(NewInputNmField, "data-errorqtip"): Attribute 'data-errorqtip' of object 'Object Repository/Objects.HighlightElements/input_field_index' is: '<ul class="x-list-plain"><li>This field is required</li></ul>'

2020-05-29 02:46:02 - [MESSAGE][PASSED] - Attribute 'data-errorqtip' of object 'Object Repository/Objects.HighlightElements/input_field_index' is: '<ul class="x-list-plain"><li>This field is required</li></ul>'

2020-05-29 02:46:02 - [TEST_STEP][PASSED] - strToolTip = getRqErrMsg.substring(29, 61): null

2020-05-29 02:46:02 - [TEST_STEP][PASSED] - toolTipReqErrMsg = strToolTip.substring(0, 22): null

2020-05-29 02:46:02 - [TEST_STEP][PASSED] - verifyMatch(toolTipReqErrMsg, RqField, true): Actual text 'This field is required' and expected text 'This field is required' are matched  using regular expression

2020-05-29 02:46:02 - [MESSAGE][PASSED] - Actual text 'This field is required' and expected text 'This field is required' are matched  using regular expression

2020-05-29 02:46:02 - [MESSAGE][PASSED] - Call Test Case 'Test Cases/PFI Precision and Scale/PFI Components with Indexing/RequiredFieldValidationIndex' successfully

2020-05-29 02:46:02 - [TEST_STEP][PASSED] - callTestCase(findTestCase("PFI Precision and Scale/PFI Components with Indexing/MaxNumericValidationIndex"), ["InputName":"inspWeight", "index":1, "numLength":11], STOP_ON_FAILURE): Call Test Case 'Test Cases/PFI Precision and Scale/PFI Components with Indexing/MaxNumericValidationIndex' successfully

2020-05-29 02:46:02 - [TEST_CASE][PASSED] - Test Cases/PFI Precision and Scale/PFI Components with Indexing/MaxNumericValidationIndex: Test Cases/PFI Precision and Scale/PFI Components with Indexing/MaxNumericValidationIndex

2020-05-29 02:46:02 - [TEST_STEP][PASSED] - Thread.sleep(1000): null

2020-05-29 02:46:03 - [TEST_STEP][PASSED] - NumLengthTBL = ["inspWeight":10, "noOfBldg":10, "postalCode":6]: null

2020-05-29 02:46:03 - [TEST_STEP][PASSED] - generateRandomNum = RandomStringUtils.randomNumeric(numLength): null

2020-05-29 02:46:03 - [TEST_STEP][PASSED] - NewInputNmField = modifyObjectProperty(findTestObject("Object Repository/Objects.HighlightElements/input_field_index"), "xpath", "equals", "(//*[contains(@class,'x-form-text') and (@name='" + InputName + "')])[" + index + "]", true): Modify property of object successfully

2020-05-29 02:46:04 - [MESSAGE][PASSED] - Modify property of object successfully

2020-05-29 02:46:04 - [TEST_STEP][PASSED] - setText(NewInputNmField, generateRandomNum): Text '56847918019' is set on object 'Object Repository/Objects.HighlightElements/input_field_index'

2020-05-29 02:46:04 - [MESSAGE][PASSED] - Text '56847918019' is set on object 'Object Repository/Objects.HighlightElements/input_field_index'

2020-05-29 02:46:04 - [TEST_STEP][PASSED] - GetEnteredRandom = getAttribute(NewInputNmField, "value", STOP_ON_FAILURE): Attribute 'value' of object 'Object Repository/Objects.HighlightElements/input_field_index' is: '5684791801'

2020-05-29 02:46:04 - [MESSAGE][PASSED] - Attribute 'value' of object 'Object Repository/Objects.HighlightElements/input_field_index' is: '5684791801'

2020-05-29 02:46:04 - [TEST_STEP][PASSED] - GetLength = GetEnteredRandom.length(): null

2020-05-29 02:46:04 - [TEST_STEP][PASSED] - MaxLength = NumLengthTBL.get(InputName): null

2020-05-29 02:46:04 - [TEST_STEP][PASSED] - verifyEqual(GetLength, MaxLength): Actual object '10' and expected object '10' are equal

2020-05-29 02:46:04 - [MESSAGE][PASSED] - Actual object '10' and expected object '10' are equal

2020-05-29 02:46:04 - [MESSAGE][PASSED] - Call Test Case 'Test Cases/PFI Precision and Scale/PFI Components with Indexing/MaxNumericValidationIndex' successfully

2020-05-29 02:46:04 - [TEST_STEP][PASSED] - callTestCase(findTestCase("PFI Precision and Scale/PFI Components with Indexing/MaxValueErrorIndex"), ["InputName":"inspWeight", "index":1], STOP_ON_FAILURE): Call Test Case 'Test Cases/PFI Precision and Scale/PFI Components with Indexing/MaxValueErrorIndex' successfully

2020-05-29 02:46:04 - [TEST_CASE][PASSED] - Test Cases/PFI Precision and Scale/PFI Components with Indexing/MaxValueErrorIndex: Test Cases/PFI Precision and Scale/PFI Components with Indexing/MaxValueErrorIndex

2020-05-29 02:46:05 - [TEST_STEP][PASSED] - Thread.sleep(1000): null

2020-05-29 02:46:06 - [TEST_STEP][PASSED] - NewInputNmField = modifyObjectProperty(findTestObject("Object Repository/Objects.HighlightElements/input_field_index"), "xpath", "equals", "(//*[contains(@class,'x-form-text') and (@name='" + InputName + "')])[" + index + "]", true): Modify property of object successfully

2020-05-29 02:46:06 - [MESSAGE][PASSED] - Modify property of object successfully

2020-05-29 02:46:06 - [TEST_STEP][PASSED] - mouseOver(NewInputNmField): Object: 'Object Repository/Objects.HighlightElements/input_field_index' is hovered

2020-05-29 02:46:06 - [MESSAGE][PASSED] - Object: 'Object Repository/Objects.HighlightElements/input_field_index' is hovered

2020-05-29 02:46:06 - [TEST_STEP][PASSED] - GetValue = getAttribute(NewInputNmField, "value"): Attribute 'value' of object 'Object Repository/Objects.HighlightElements/input_field_index' is: '5684791801'

2020-05-29 02:46:06 - [MESSAGE][PASSED] - Attribute 'value' of object 'Object Repository/Objects.HighlightElements/input_field_index' is: '5684791801'

2020-05-29 02:46:06 - [TEST_STEP][PASSED] - GetToolTipErr = getAttribute(NewInputNmField, "data-errorqtip"): Attribute 'data-errorqtip' of object 'Object Repository/Objects.HighlightElements/input_field_index' is: '<ul class="x-list-plain"><li>The maximum value for this field is 2147483647</li></ul>'

2020-05-29 02:46:07 - [MESSAGE][PASSED] - Attribute 'data-errorqtip' of object 'Object Repository/Objects.HighlightElements/input_field_index' is: '<ul class="x-list-plain"><li>The maximum value for this field is 2147483647</li></ul>'

2020-05-29 02:46:07 - [TEST_STEP][PASSED] - TotalLength = GetToolTipErr.length() - 10: null

2020-05-29 02:46:07 - [TEST_STEP][PASSED] - RmvULcd = GetToolTipErr.substring(0, TotalLength): null

2020-05-29 02:46:07 - [TEST_STEP][PASSED] - NewLen = RmvULcd.length(): null

2020-05-29 02:46:07 - [TEST_STEP][PASSED] - ActualErrMessage = RmvULcd.substring(29, NewLen): null

2020-05-29 02:46:07 - [TEST_STEP][PASSED] - verifyMatch(ActualErrMessage, findTestData("PrecisionAndScaleDB").getValue("ErrorMessage", 8), true): Actual text 'The maximum value for this field is 2147483647' and expected text 'The maximum value for this field is 2147483647' are matched  using regular expression

2020-05-29 02:46:07 - [MESSAGE][PASSED] - Actual text 'The maximum value for this field is 2147483647' and expected text 'The maximum value for this field is 2147483647' are matched  using regular expression

2020-05-29 02:46:07 - [MESSAGE][PASSED] - Call Test Case 'Test Cases/PFI Precision and Scale/PFI Components with Indexing/MaxValueErrorIndex' successfully

2020-05-29 02:46:07 - [TEST_STEP][NOT_RUN] - callTestCase(findTestCase("Components/HighlightLabelField"), ["LblName":"No of Building Inspected *:"], STOP_ON_FAILURE): NOT_RUN: callTestCase(findTestCase("Components/HighlightLabelField"), ["LblName":"No of Building Inspected *:"], STOP_ON_FAILURE)

2020-05-29 02:46:07 - [MESSAGE][NOT_RUN] - NOT_RUN: callTestCase(findTestCase("Components/HighlightLabelField"), ["LblName":"No of Building Inspected *:"], STOP_ON_FAILURE)

2020-05-29 02:46:07 - [TEST_STEP][NOT_RUN] - callTestCase(findTestCase("Components/HighlightInputFieldXPI"), ["FldNm":"noOfBldg", "index":1], STOP_ON_FAILURE): NOT_RUN: callTestCase(findTestCase("Components/HighlightInputFieldXPI"), ["FldNm":"noOfBldg", "index":1], STOP_ON_FAILURE)

2020-05-29 02:46:07 - [MESSAGE][NOT_RUN] - NOT_RUN: callTestCase(findTestCase("Components/HighlightInputFieldXPI"), ["FldNm":"noOfBldg", "index":1], STOP_ON_FAILURE)

2020-05-29 02:46:07 - [TEST_STEP][PASSED] - callTestCase(findTestCase("PFI Precision and Scale/PFI Components/NumericTextboxValidationII"), ["nameToBeUsed":"noOfBldg", "minLen":5], STOP_ON_FAILURE): Call Test Case 'Test Cases/PFI Precision and Scale/PFI Components/NumericTextboxValidationII' successfully

2020-05-29 02:46:07 - [TEST_CASE][PASSED] - Test Cases/PFI Precision and Scale/PFI Components/NumericTextboxValidationII: Test Cases/PFI Precision and Scale/PFI Components/NumericTextboxValidationII

2020-05-29 02:46:07 - [TEST_STEP][PASSED] - Thread.sleep(1000): null

2020-05-29 02:46:08 - [TEST_STEP][PASSED] - Numeric = "0123456789": null

2020-05-29 02:46:08 - [TEST_STEP][PASSED] - AlphaSpecialChar = z) + "`~!@#$%^&*()=_{}|\][;'":,?><"".join(): null

2020-05-29 02:46:08 - [TEST_STEP][PASSED] - RandomNumeric = RandomStringUtils.random(minLen, Numeric.toCharArray()): null

2020-05-29 02:46:08 - [TEST_STEP][PASSED] - RandomString = RandomStringUtils.random(minLen, AlphaSpecialChar): null

2020-05-29 02:46:08 - [TEST_STEP][PASSED] - regexPat = Pattern.compile("^[0-9]+$"): null

2020-05-29 02:46:08 - [TEST_STEP][PASSED] - NewInputNmField = modifyObjectProperty(findTestObject("Objects.RemarksValidation/input_Remarks"), "name", "equals", nameToBeUsed, true): Modify property of object successfully

2020-05-29 02:46:08 - [MESSAGE][PASSED] - Modify property of object successfully

2020-05-29 02:46:08 - [TEST_STEP][PASSED] - focus(NewInputNmField): Object: 'Object Repository/Objects.RemarksValidation/input_Remarks' is focused

2020-05-29 02:46:08 - [MESSAGE][PASSED] - Object: 'Object Repository/Objects.RemarksValidation/input_Remarks' is focused

2020-05-29 02:46:08 - [TEST_STEP][PASSED] - setText(NewInputNmField, RandomString): Text 'E"k*=' is set on object 'Object Repository/Objects.RemarksValidation/input_Remarks'

2020-05-29 02:46:08 - [MESSAGE][PASSED] - Text 'E"k*=' is set on object 'Object Repository/Objects.RemarksValidation/input_Remarks'

2020-05-29 02:46:08 - [TEST_STEP][PASSED] - GetInputVal = getAttribute(NewInputNmField, "value"): Attribute 'value' of object 'Object Repository/Objects.RemarksValidation/input_Remarks' is: ''

2020-05-29 02:46:09 - [MESSAGE][PASSED] - Attribute 'value' of object 'Object Repository/Objects.RemarksValidation/input_Remarks' is: ''

2020-05-29 02:46:09 - [TEST_STEP][PASSED] - if (GetInputVal.contains("e")): null

2020-05-29 02:46:09 - [TEST_STEP][PASSED] - else: Actual text '' and expected text '' are matched  using regular expression

2020-05-29 02:46:09 - [TEST_STEP][PASSED] - verifyMatch(GetInputVal, "", true): Actual text '' and expected text '' are matched  using regular expression

2020-05-29 02:46:09 - [MESSAGE][PASSED] - Actual text '' and expected text '' are matched  using regular expression

2020-05-29 02:46:09 - [TEST_STEP][PASSED] - setText(NewInputNmField, RandomNumeric): Text '49699' is set on object 'Object Repository/Objects.RemarksValidation/input_Remarks'

2020-05-29 02:46:09 - [MESSAGE][PASSED] - Text '49699' is set on object 'Object Repository/Objects.RemarksValidation/input_Remarks'

2020-05-29 02:46:09 - [TEST_STEP][PASSED] - GetEnteredIntegers = getAttribute(NewInputNmField, "value"): Attribute 'value' of object 'Object Repository/Objects.RemarksValidation/input_Remarks' is: '49699'

2020-05-29 02:46:10 - [MESSAGE][PASSED] - Attribute 'value' of object 'Object Repository/Objects.RemarksValidation/input_Remarks' is: '49699'

2020-05-29 02:46:10 - [TEST_STEP][PASSED] - matchStr = regexPat.matcher(GetEnteredIntegers): null

2020-05-29 02:46:10 - [TEST_STEP][PASSED] - if (matchStr.matches() == true): Accepting Numeric

2020-05-29 02:46:10 - [TEST_STEP][PASSED] - comment("Accepting Numeric"): Accepting Numeric

2020-05-29 02:46:10 - [MESSAGE][INFO] - Accepting Numeric

2020-05-29 02:46:10 - [MESSAGE][PASSED] - Call Test Case 'Test Cases/PFI Precision and Scale/PFI Components/NumericTextboxValidationII' successfully

2020-05-29 02:46:10 - [TEST_STEP][PASSED] - callTestCase(findTestCase("PFI Precision and Scale/PFI Components with Indexing/SpinnerUpIndex"), ["InputName":"noOfBldg", "nmIndex":1, "indexUp":3, "itr":10], STOP_ON_FAILURE): Call Test Case 'Test Cases/PFI Precision and Scale/PFI Components with Indexing/SpinnerUpIndex' successfully

2020-05-29 02:46:10 - [TEST_CASE][PASSED] - Test Cases/PFI Precision and Scale/PFI Components with Indexing/SpinnerUpIndex: Test Cases/PFI Precision and Scale/PFI Components with Indexing/SpinnerUpIndex

2020-05-29 02:46:10 - [TEST_STEP][PASSED] - Thread.sleep(1000): null

2020-05-29 02:46:11 - [TEST_STEP][PASSED] - counterUp = modifyObjectProperty(findTestObject("Objects.CounterValidation/counter_icon_up"), "xpath", "equals", "(//*[contains(@class,'x-form-spinner x-form-spinner-default x-form-spinner-up x-form-spinner-up-default ')])[" + indexUp + "]", true): Modify property of object successfully

2020-05-29 02:46:11 - [MESSAGE][PASSED] - Modify property of object successfully

2020-05-29 02:46:11 - [TEST_STEP][PASSED] - modifiedInputNm = modifyObjectProperty(findTestObject("Object Repository/Objects.HighlightElements/input_field_index"), "xpath", "equals", "(//*[contains(@class,'x-form-text') and (@name='" + InputName + "')])[" + nmIndex + "]", true): Modify property of object successfully

2020-05-29 02:46:11 - [MESSAGE][PASSED] - Modify property of object successfully

2020-05-29 02:46:11 - [TEST_STEP][PASSED] - GetCurrentValue = getAttribute(modifiedInputNm, "value"): Attribute 'value' of object 'Object Repository/Objects.HighlightElements/input_field_index' is: '49699'

2020-05-29 02:46:11 - [MESSAGE][PASSED] - Attribute 'value' of object 'Object Repository/Objects.HighlightElements/input_field_index' is: '49699'

2020-05-29 02:46:11 - [TEST_STEP][PASSED] - for ([i = 0, i <= itr, (i++)]): Object: 'Object Repository/Objects.CounterValidation/counter_icon_up' is clicked on

2020-05-29 02:46:11 - [TEST_STEP][PASSED] - click(counterUp): Object: 'Object Repository/Objects.CounterValidation/counter_icon_up' is clicked on

2020-05-29 02:46:11 - [MESSAGE][PASSED] - Object: 'Object Repository/Objects.CounterValidation/counter_icon_up' is clicked on

2020-05-29 02:46:11 - [TEST_STEP][PASSED] - click(counterUp): Object: 'Object Repository/Objects.CounterValidation/counter_icon_up' is clicked on

2020-05-29 02:46:11 - [MESSAGE][PASSED] - Object: 'Object Repository/Objects.CounterValidation/counter_icon_up' is clicked on

2020-05-29 02:46:11 - [TEST_STEP][PASSED] - click(counterUp): Object: 'Object Repository/Objects.CounterValidation/counter_icon_up' is clicked on

2020-05-29 02:46:12 - [MESSAGE][PASSED] - Object: 'Object Repository/Objects.CounterValidation/counter_icon_up' is clicked on

2020-05-29 02:46:12 - [TEST_STEP][PASSED] - click(counterUp): Object: 'Object Repository/Objects.CounterValidation/counter_icon_up' is clicked on

2020-05-29 02:46:12 - [MESSAGE][PASSED] - Object: 'Object Repository/Objects.CounterValidation/counter_icon_up' is clicked on

2020-05-29 02:46:12 - [TEST_STEP][PASSED] - click(counterUp): Object: 'Object Repository/Objects.CounterValidation/counter_icon_up' is clicked on

2020-05-29 02:46:12 - [MESSAGE][PASSED] - Object: 'Object Repository/Objects.CounterValidation/counter_icon_up' is clicked on

2020-05-29 02:46:12 - [TEST_STEP][PASSED] - click(counterUp): Object: 'Object Repository/Objects.CounterValidation/counter_icon_up' is clicked on

2020-05-29 02:46:12 - [MESSAGE][PASSED] - Object: 'Object Repository/Objects.CounterValidation/counter_icon_up' is clicked on

2020-05-29 02:46:12 - [TEST_STEP][PASSED] - click(counterUp): Object: 'Object Repository/Objects.CounterValidation/counter_icon_up' is clicked on

2020-05-29 02:46:13 - [MESSAGE][PASSED] - Object: 'Object Repository/Objects.CounterValidation/counter_icon_up' is clicked on

2020-05-29 02:46:13 - [TEST_STEP][PASSED] - click(counterUp): Object: 'Object Repository/Objects.CounterValidation/counter_icon_up' is clicked on

2020-05-29 02:46:13 - [MESSAGE][PASSED] - Object: 'Object Repository/Objects.CounterValidation/counter_icon_up' is clicked on

2020-05-29 02:46:13 - [TEST_STEP][PASSED] - click(counterUp): Object: 'Object Repository/Objects.CounterValidation/counter_icon_up' is clicked on

2020-05-29 02:46:13 - [MESSAGE][PASSED] - Object: 'Object Repository/Objects.CounterValidation/counter_icon_up' is clicked on

2020-05-29 02:46:13 - [TEST_STEP][PASSED] - click(counterUp): Object: 'Object Repository/Objects.CounterValidation/counter_icon_up' is clicked on

2020-05-29 02:46:14 - [MESSAGE][PASSED] - Object: 'Object Repository/Objects.CounterValidation/counter_icon_up' is clicked on

2020-05-29 02:46:14 - [TEST_STEP][PASSED] - click(counterUp): Object: 'Object Repository/Objects.CounterValidation/counter_icon_up' is clicked on

2020-05-29 02:46:14 - [MESSAGE][PASSED] - Object: 'Object Repository/Objects.CounterValidation/counter_icon_up' is clicked on

2020-05-29 02:46:14 - [TEST_STEP][PASSED] - NewValue = getAttribute(modifiedInputNm, "value"): Attribute 'value' of object 'Object Repository/Objects.HighlightElements/input_field_index' is: '49710'

2020-05-29 02:46:14 - [MESSAGE][PASSED] - Attribute 'value' of object 'Object Repository/Objects.HighlightElements/input_field_index' is: '49710'

2020-05-29 02:46:14 - [TEST_STEP][PASSED] - if (NewValue != findTestData("PrecisionAndScaleDB").getValue("MaxCharacters", 7)): Actual number '49710' is greater than expected number '49699'

2020-05-29 02:46:14 - [TEST_STEP][PASSED] - verifyGreaterThan(NewValue, GetCurrentValue, STOP_ON_FAILURE): Actual number '49710' is greater than expected number '49699'

2020-05-29 02:46:14 - [MESSAGE][PASSED] - Actual number '49710' is greater than expected number '49699'

2020-05-29 02:46:14 - [MESSAGE][PASSED] - Call Test Case 'Test Cases/PFI Precision and Scale/PFI Components with Indexing/SpinnerUpIndex' successfully

2020-05-29 02:46:14 - [TEST_STEP][PASSED] - callTestCase(findTestCase("PFI Precision and Scale/PFI Components with Indexing/SpinnerDownIndex"), ["InputName":"noOfBldg", "nmIndex":1, "indexDown":3, "itr":20], STOP_ON_FAILURE): Call Test Case 'Test Cases/PFI Precision and Scale/PFI Components with Indexing/SpinnerDownIndex' successfully

2020-05-29 02:46:14 - [TEST_CASE][PASSED] - Test Cases/PFI Precision and Scale/PFI Components with Indexing/SpinnerDownIndex: Test Cases/PFI Precision and Scale/PFI Components with Indexing/SpinnerDownIndex

2020-05-29 02:46:14 - [TEST_STEP][PASSED] - Thread.sleep(1000): null

2020-05-29 02:46:15 - [TEST_STEP][PASSED] - counterUp = modifyObjectProperty(findTestObject("Objects.CounterValidation/counter_icon_up"), "xpath", "equals", "(//*[contains(@class,'x-form-spinner x-form-spinner-default x-form-spinner-down x-form-spinner-down-default ')])[" + indexDown + "]", true): Modify property of object successfully

2020-05-29 02:46:15 - [MESSAGE][PASSED] - Modify property of object successfully

2020-05-29 02:46:15 - [TEST_STEP][PASSED] - modifiedInputNm = modifyObjectProperty(findTestObject("Object Repository/Objects.HighlightElements/input_field_index"), "xpath", "equals", "(//*[contains(@class,'x-form-text') and (@name='" + InputName + "')])[" + nmIndex + "]", true): Modify property of object successfully

2020-05-29 02:46:15 - [MESSAGE][PASSED] - Modify property of object successfully

2020-05-29 02:46:15 - [TEST_STEP][PASSED] - GetCurrentValue = getAttribute(modifiedInputNm, "value"): Attribute 'value' of object 'Object Repository/Objects.HighlightElements/input_field_index' is: '49710'

2020-05-29 02:46:15 - [MESSAGE][PASSED] - Attribute 'value' of object 'Object Repository/Objects.HighlightElements/input_field_index' is: '49710'

2020-05-29 02:46:15 - [TEST_STEP][PASSED] - for ([i = 0, i <= itr, (i++)]): Object: 'Object Repository/Objects.CounterValidation/counter_icon_up' is clicked on

2020-05-29 02:46:15 - [TEST_STEP][PASSED] - click(counterUp): Object: 'Object Repository/Objects.CounterValidation/counter_icon_up' is clicked on

2020-05-29 02:46:16 - [MESSAGE][PASSED] - Object: 'Object Repository/Objects.CounterValidation/counter_icon_up' is clicked on

2020-05-29 02:46:16 - [TEST_STEP][PASSED] - click(counterUp): Object: 'Object Repository/Objects.CounterValidation/counter_icon_up' is clicked on

2020-05-29 02:46:16 - [MESSAGE][PASSED] - Object: 'Object Repository/Objects.CounterValidation/counter_icon_up' is clicked on

2020-05-29 02:46:16 - [TEST_STEP][PASSED] - click(counterUp): Object: 'Object Repository/Objects.CounterValidation/counter_icon_up' is clicked on

2020-05-29 02:46:16 - [MESSAGE][PASSED] - Object: 'Object Repository/Objects.CounterValidation/counter_icon_up' is clicked on

2020-05-29 02:46:16 - [TEST_STEP][PASSED] - click(counterUp): Object: 'Object Repository/Objects.CounterValidation/counter_icon_up' is clicked on

2020-05-29 02:46:16 - [MESSAGE][PASSED] - Object: 'Object Repository/Objects.CounterValidation/counter_icon_up' is clicked on

2020-05-29 02:46:16 - [TEST_STEP][PASSED] - click(counterUp): Object: 'Object Repository/Objects.CounterValidation/counter_icon_up' is clicked on

2020-05-29 02:46:17 - [MESSAGE][PASSED] - Object: 'Object Repository/Objects.CounterValidation/counter_icon_up' is clicked on

2020-05-29 02:46:17 - [TEST_STEP][PASSED] - click(counterUp): Object: 'Object Repository/Objects.CounterValidation/counter_icon_up' is clicked on

2020-05-29 02:46:17 - [MESSAGE][PASSED] - Object: 'Object Repository/Objects.CounterValidation/counter_icon_up' is clicked on

2020-05-29 02:46:17 - [TEST_STEP][PASSED] - click(counterUp): Object: 'Object Repository/Objects.CounterValidation/counter_icon_up' is clicked on

2020-05-29 02:46:17 - [MESSAGE][PASSED] - Object: 'Object Repository/Objects.CounterValidation/counter_icon_up' is clicked on

2020-05-29 02:46:17 - [TEST_STEP][PASSED] - click(counterUp): Object: 'Object Repository/Objects.CounterValidation/counter_icon_up' is clicked on

2020-05-29 02:46:18 - [MESSAGE][PASSED] - Object: 'Object Repository/Objects.CounterValidation/counter_icon_up' is clicked on

2020-05-29 02:46:18 - [TEST_STEP][PASSED] - click(counterUp): Object: 'Object Repository/Objects.CounterValidation/counter_icon_up' is clicked on

2020-05-29 02:46:18 - [MESSAGE][PASSED] - Object: 'Object Repository/Objects.CounterValidation/counter_icon_up' is clicked on

2020-05-29 02:46:18 - [TEST_STEP][PASSED] - click(counterUp): Object: 'Object Repository/Objects.CounterValidation/counter_icon_up' is clicked on

2020-05-29 02:46:18 - [MESSAGE][PASSED] - Object: 'Object Repository/Objects.CounterValidation/counter_icon_up' is clicked on

2020-05-29 02:46:18 - [TEST_STEP][PASSED] - click(counterUp): Object: 'Object Repository/Objects.CounterValidation/counter_icon_up' is clicked on

2020-05-29 02:46:18 - [MESSAGE][PASSED] - Object: 'Object Repository/Objects.CounterValidation/counter_icon_up' is clicked on

2020-05-29 02:46:18 - [TEST_STEP][PASSED] - click(counterUp): Object: 'Object Repository/Objects.CounterValidation/counter_icon_up' is clicked on

2020-05-29 02:46:19 - [MESSAGE][PASSED] - Object: 'Object Repository/Objects.CounterValidation/counter_icon_up' is clicked on

2020-05-29 02:46:19 - [TEST_STEP][PASSED] - click(counterUp): Object: 'Object Repository/Objects.CounterValidation/counter_icon_up' is clicked on

2020-05-29 02:46:19 - [MESSAGE][PASSED] - Object: 'Object Repository/Objects.CounterValidation/counter_icon_up' is clicked on

2020-05-29 02:46:19 - [TEST_STEP][PASSED] - click(counterUp): Object: 'Object Repository/Objects.CounterValidation/counter_icon_up' is clicked on

2020-05-29 02:46:19 - [MESSAGE][PASSED] - Object: 'Object Repository/Objects.CounterValidation/counter_icon_up' is clicked on

2020-05-29 02:46:19 - [TEST_STEP][PASSED] - click(counterUp): Object: 'Object Repository/Objects.CounterValidation/counter_icon_up' is clicked on

2020-05-29 02:46:19 - [MESSAGE][PASSED] - Object: 'Object Repository/Objects.CounterValidation/counter_icon_up' is clicked on

2020-05-29 02:46:19 - [TEST_STEP][PASSED] - click(counterUp): Object: 'Object Repository/Objects.CounterValidation/counter_icon_up' is clicked on

2020-05-29 02:46:20 - [MESSAGE][PASSED] - Object: 'Object Repository/Objects.CounterValidation/counter_icon_up' is clicked on

2020-05-29 02:46:20 - [TEST_STEP][PASSED] - click(counterUp): Object: 'Object Repository/Objects.CounterValidation/counter_icon_up' is clicked on

2020-05-29 02:46:20 - [MESSAGE][PASSED] - Object: 'Object Repository/Objects.CounterValidation/counter_icon_up' is clicked on

2020-05-29 02:46:20 - [TEST_STEP][PASSED] - click(counterUp): Object: 'Object Repository/Objects.CounterValidation/counter_icon_up' is clicked on

2020-05-29 02:46:20 - [MESSAGE][PASSED] - Object: 'Object Repository/Objects.CounterValidation/counter_icon_up' is clicked on

2020-05-29 02:46:20 - [TEST_STEP][PASSED] - click(counterUp): Object: 'Object Repository/Objects.CounterValidation/counter_icon_up' is clicked on

2020-05-29 02:46:20 - [MESSAGE][PASSED] - Object: 'Object Repository/Objects.CounterValidation/counter_icon_up' is clicked on

2020-05-29 02:46:20 - [TEST_STEP][PASSED] - click(counterUp): Object: 'Object Repository/Objects.CounterValidation/counter_icon_up' is clicked on

2020-05-29 02:46:21 - [MESSAGE][PASSED] - Object: 'Object Repository/Objects.CounterValidation/counter_icon_up' is clicked on

2020-05-29 02:46:21 - [TEST_STEP][PASSED] - click(counterUp): Object: 'Object Repository/Objects.CounterValidation/counter_icon_up' is clicked on

2020-05-29 02:46:21 - [MESSAGE][PASSED] - Object: 'Object Repository/Objects.CounterValidation/counter_icon_up' is clicked on

2020-05-29 02:46:21 - [TEST_STEP][PASSED] - NewValue = getAttribute(modifiedInputNm, "value"): Attribute 'value' of object 'Object Repository/Objects.HighlightElements/input_field_index' is: '49689'

2020-05-29 02:46:21 - [MESSAGE][PASSED] - Attribute 'value' of object 'Object Repository/Objects.HighlightElements/input_field_index' is: '49689'

2020-05-29 02:46:21 - [TEST_STEP][PASSED] - if (NewValue != 0): Actual number '49689' is less than expected number '49710'

2020-05-29 02:46:21 - [TEST_STEP][PASSED] - verifyLessThan(NewValue, GetCurrentValue, STOP_ON_FAILURE): Actual number '49689' is less than expected number '49710'

2020-05-29 02:46:21 - [MESSAGE][PASSED] - Actual number '49689' is less than expected number '49710'

2020-05-29 02:46:21 - [MESSAGE][PASSED] - Call Test Case 'Test Cases/PFI Precision and Scale/PFI Components with Indexing/SpinnerDownIndex' successfully

2020-05-29 02:46:21 - [TEST_STEP][PASSED] - callTestCase(findTestCase("Components/SelectAllThenDeleteIndex"), ["nameToBeUsed":"noOfBldg", "index":"1"], STOP_ON_FAILURE): Call Test Case 'Test Cases/Components/SelectAllThenDeleteIndex' successfully

2020-05-29 02:46:21 - [TEST_CASE][PASSED] - Test Cases/Components/SelectAllThenDeleteIndex: Test Cases/Components/SelectAllThenDeleteIndex

2020-05-29 02:46:21 - [TEST_STEP][PASSED] - Thread.sleep(1000): null

2020-05-29 02:46:22 - [TEST_STEP][PASSED] - modifiedObj = modifyObjectProperty(findTestObject("Object Repository/Objects.HighlightElements/input_field_index"), "xpath", "equals", "(//*[contains(@class,'x-form-text') and (@name='" + nameToBeUsed + "')])[" + index + "]", true): Modify property of object successfully

2020-05-29 02:46:22 - [MESSAGE][PASSED] - Modify property of object successfully

2020-05-29 02:46:22 - [TEST_STEP][PASSED] - focus(modifiedObj): Object: 'Object Repository/Objects.HighlightElements/input_field_index' is focused

2020-05-29 02:46:22 - [MESSAGE][PASSED] - Object: 'Object Repository/Objects.HighlightElements/input_field_index' is focused

2020-05-29 02:46:22 - [TEST_STEP][PASSED] - sendKeys(modifiedObj, Keys.chord(CONTROL, "a")): Keys 'CONTROL + a' sent to object: 'Object Repository/Objects.HighlightElements/input_field_index'

2020-05-29 02:46:23 - [MESSAGE][PASSED] - Keys 'CONTROL + a' sent to object: 'Object Repository/Objects.HighlightElements/input_field_index'

2020-05-29 02:46:23 - [TEST_STEP][PASSED] - sendKeys(modifiedObj, Keys.chord(DELETE)): Keys 'DELETE + ' sent to object: 'Object Repository/Objects.HighlightElements/input_field_index'

2020-05-29 02:46:23 - [MESSAGE][PASSED] - Keys 'DELETE + ' sent to object: 'Object Repository/Objects.HighlightElements/input_field_index'

2020-05-29 02:46:23 - [MESSAGE][PASSED] - Call Test Case 'Test Cases/Components/SelectAllThenDeleteIndex' successfully

2020-05-29 02:46:23 - [TEST_STEP][PASSED] - callTestCase(findTestCase("PFI Precision and Scale/PFI Components with Indexing/RequiredFieldValidationIndex"), ["nameToBeUsed":"noOfBldg", "index":1], STOP_ON_FAILURE): Call Test Case 'Test Cases/PFI Precision and Scale/PFI Components with Indexing/RequiredFieldValidationIndex' successfully

2020-05-29 02:46:23 - [TEST_CASE][PASSED] - Test Cases/PFI Precision and Scale/PFI Components with Indexing/RequiredFieldValidationIndex: Test Cases/PFI Precision and Scale/PFI Components with Indexing/RequiredFieldValidationIndex

2020-05-29 02:46:23 - [TEST_STEP][PASSED] - enableSmartWait(): null

2020-05-29 02:46:23 - [TEST_STEP][PASSED] - NewInputNmField = modifyObjectProperty(findTestObject("Objects.HighlightElements/input_field_index"), "xpath", "equals", "(//*[contains(@class,'x-form-text') and (@name='" + nameToBeUsed + "')])[" + index + "]", true): Modify property of object successfully

2020-05-29 02:46:23 - [MESSAGE][PASSED] - Modify property of object successfully

2020-05-29 02:46:23 - [TEST_STEP][PASSED] - mouseOver(NewInputNmField): Object: 'Object Repository/Objects.HighlightElements/input_field_index' is hovered

2020-05-29 02:46:24 - [MESSAGE][PASSED] - Object: 'Object Repository/Objects.HighlightElements/input_field_index' is hovered

2020-05-29 02:46:24 - [TEST_STEP][PASSED] - getRqErrMsg = getAttribute(NewInputNmField, "data-errorqtip"): Attribute 'data-errorqtip' of object 'Object Repository/Objects.HighlightElements/input_field_index' is: '<ul class="x-list-plain"><li>This field is required</li></ul>'

2020-05-29 02:46:24 - [MESSAGE][PASSED] - Attribute 'data-errorqtip' of object 'Object Repository/Objects.HighlightElements/input_field_index' is: '<ul class="x-list-plain"><li>This field is required</li></ul>'

2020-05-29 02:46:24 - [TEST_STEP][PASSED] - strToolTip = getRqErrMsg.substring(29, 61): null

2020-05-29 02:46:24 - [TEST_STEP][PASSED] - toolTipReqErrMsg = strToolTip.substring(0, 22): null

2020-05-29 02:46:24 - [TEST_STEP][PASSED] - verifyMatch(toolTipReqErrMsg, RqField, true): Actual text 'This field is required' and expected text 'This field is required' are matched  using regular expression

2020-05-29 02:46:24 - [MESSAGE][PASSED] - Actual text 'This field is required' and expected text 'This field is required' are matched  using regular expression

2020-05-29 02:46:24 - [MESSAGE][PASSED] - Call Test Case 'Test Cases/PFI Precision and Scale/PFI Components with Indexing/RequiredFieldValidationIndex' successfully

2020-05-29 02:46:24 - [TEST_STEP][PASSED] - callTestCase(findTestCase("PFI Precision and Scale/PFI Components with Indexing/MaxNumericValidationIndex"), ["InputName":"noOfBldg", "index":1, "numLength":11], STOP_ON_FAILURE): Call Test Case 'Test Cases/PFI Precision and Scale/PFI Components with Indexing/MaxNumericValidationIndex' successfully

2020-05-29 02:46:24 - [TEST_CASE][PASSED] - Test Cases/PFI Precision and Scale/PFI Components with Indexing/MaxNumericValidationIndex: Test Cases/PFI Precision and Scale/PFI Components with Indexing/MaxNumericValidationIndex

2020-05-29 02:46:24 - [TEST_STEP][PASSED] - Thread.sleep(1000): null

2020-05-29 02:46:25 - [TEST_STEP][PASSED] - NumLengthTBL = ["inspWeight":10, "noOfBldg":10, "postalCode":6]: null

2020-05-29 02:46:25 - [TEST_STEP][PASSED] - generateRandomNum = RandomStringUtils.randomNumeric(numLength): null

2020-05-29 02:46:25 - [TEST_STEP][PASSED] - NewInputNmField = modifyObjectProperty(findTestObject("Object Repository/Objects.HighlightElements/input_field_index"), "xpath", "equals", "(//*[contains(@class,'x-form-text') and (@name='" + InputName + "')])[" + index + "]", true): Modify property of object successfully

2020-05-29 02:46:25 - [MESSAGE][PASSED] - Modify property of object successfully

2020-05-29 02:46:25 - [TEST_STEP][PASSED] - setText(NewInputNmField, generateRandomNum): Text '69834517112' is set on object 'Object Repository/Objects.HighlightElements/input_field_index'

2020-05-29 02:46:25 - [MESSAGE][PASSED] - Text '69834517112' is set on object 'Object Repository/Objects.HighlightElements/input_field_index'

2020-05-29 02:46:25 - [TEST_STEP][PASSED] - GetEnteredRandom = getAttribute(NewInputNmField, "value", STOP_ON_FAILURE): Attribute 'value' of object 'Object Repository/Objects.HighlightElements/input_field_index' is: '6983451711'

2020-05-29 02:46:26 - [MESSAGE][PASSED] - Attribute 'value' of object 'Object Repository/Objects.HighlightElements/input_field_index' is: '6983451711'

2020-05-29 02:46:26 - [TEST_STEP][PASSED] - GetLength = GetEnteredRandom.length(): null

2020-05-29 02:46:26 - [TEST_STEP][PASSED] - MaxLength = NumLengthTBL.get(InputName): null

2020-05-29 02:46:26 - [TEST_STEP][PASSED] - verifyEqual(GetLength, MaxLength): Actual object '10' and expected object '10' are equal

2020-05-29 02:46:26 - [MESSAGE][PASSED] - Actual object '10' and expected object '10' are equal

2020-05-29 02:46:26 - [MESSAGE][PASSED] - Call Test Case 'Test Cases/PFI Precision and Scale/PFI Components with Indexing/MaxNumericValidationIndex' successfully

2020-05-29 02:46:26 - [TEST_STEP][PASSED] - callTestCase(findTestCase("PFI Precision and Scale/PFI Components with Indexing/MaxValueErrorIndex"), ["InputName":"noOfBldg", "index":1], STOP_ON_FAILURE): Call Test Case 'Test Cases/PFI Precision and Scale/PFI Components with Indexing/MaxValueErrorIndex' successfully

2020-05-29 02:46:26 - [TEST_CASE][PASSED] - Test Cases/PFI Precision and Scale/PFI Components with Indexing/MaxValueErrorIndex: Test Cases/PFI Precision and Scale/PFI Components with Indexing/MaxValueErrorIndex

2020-05-29 02:46:26 - [TEST_STEP][PASSED] - Thread.sleep(1000): null

2020-05-29 02:46:27 - [TEST_STEP][PASSED] - NewInputNmField = modifyObjectProperty(findTestObject("Object Repository/Objects.HighlightElements/input_field_index"), "xpath", "equals", "(//*[contains(@class,'x-form-text') and (@name='" + InputName + "')])[" + index + "]", true): Modify property of object successfully

2020-05-29 02:46:27 - [MESSAGE][PASSED] - Modify property of object successfully

2020-05-29 02:46:27 - [TEST_STEP][PASSED] - mouseOver(NewInputNmField): Object: 'Object Repository/Objects.HighlightElements/input_field_index' is hovered

2020-05-29 02:46:27 - [MESSAGE][PASSED] - Object: 'Object Repository/Objects.HighlightElements/input_field_index' is hovered

2020-05-29 02:46:27 - [TEST_STEP][PASSED] - GetValue = getAttribute(NewInputNmField, "value"): Attribute 'value' of object 'Object Repository/Objects.HighlightElements/input_field_index' is: '6983451711'

2020-05-29 02:46:28 - [MESSAGE][PASSED] - Attribute 'value' of object 'Object Repository/Objects.HighlightElements/input_field_index' is: '6983451711'

2020-05-29 02:46:28 - [TEST_STEP][PASSED] - GetToolTipErr = getAttribute(NewInputNmField, "data-errorqtip"): Attribute 'data-errorqtip' of object 'Object Repository/Objects.HighlightElements/input_field_index' is: '<ul class="x-list-plain"><li>The maximum value for this field is 2147483647</li></ul>'

2020-05-29 02:46:28 - [MESSAGE][PASSED] - Attribute 'data-errorqtip' of object 'Object Repository/Objects.HighlightElements/input_field_index' is: '<ul class="x-list-plain"><li>The maximum value for this field is 2147483647</li></ul>'

2020-05-29 02:46:28 - [TEST_STEP][PASSED] - TotalLength = GetToolTipErr.length() - 10: null

2020-05-29 02:46:28 - [TEST_STEP][PASSED] - RmvULcd = GetToolTipErr.substring(0, TotalLength): null

2020-05-29 02:46:28 - [TEST_STEP][PASSED] - NewLen = RmvULcd.length(): null

2020-05-29 02:46:28 - [TEST_STEP][PASSED] - ActualErrMessage = RmvULcd.substring(29, NewLen): null

2020-05-29 02:46:28 - [TEST_STEP][PASSED] - verifyMatch(ActualErrMessage, findTestData("PrecisionAndScaleDB").getValue("ErrorMessage", 8), true): Actual text 'The maximum value for this field is 2147483647' and expected text 'The maximum value for this field is 2147483647' are matched  using regular expression

2020-05-29 02:46:28 - [MESSAGE][PASSED] - Actual text 'The maximum value for this field is 2147483647' and expected text 'The maximum value for this field is 2147483647' are matched  using regular expression

2020-05-29 02:46:28 - [MESSAGE][PASSED] - Call Test Case 'Test Cases/PFI Precision and Scale/PFI Components with Indexing/MaxValueErrorIndex' successfully

2020-05-29 02:46:28 - [TEST_STEP][NOT_RUN] - callTestCase(findTestCase("Components/HighlightLabelField"), ["LblName":"Notes:"], STOP_ON_FAILURE): NOT_RUN: callTestCase(findTestCase("Components/HighlightLabelField"), ["LblName":"Notes:"], STOP_ON_FAILURE)

2020-05-29 02:46:28 - [MESSAGE][NOT_RUN] - NOT_RUN: callTestCase(findTestCase("Components/HighlightLabelField"), ["LblName":"Notes:"], STOP_ON_FAILURE)

2020-05-29 02:46:28 - [TEST_STEP][NOT_RUN] - callTestCase(findTestCase("Components/HighlightInputFieldXPI"), ["FldNm":"notes", "index":1], STOP_ON_FAILURE): NOT_RUN: callTestCase(findTestCase("Components/HighlightInputFieldXPI"), ["FldNm":"notes", "index":1], STOP_ON_FAILURE)

2020-05-29 02:46:28 - [MESSAGE][NOT_RUN] - NOT_RUN: callTestCase(findTestCase("Components/HighlightInputFieldXPI"), ["FldNm":"notes", "index":1], STOP_ON_FAILURE)

2020-05-29 02:46:28 - [TEST_STEP][PASSED] - callTestCase(findTestCase("PFI Precision and Scale/PFI Components with Indexing/AlphaNumericSpecialValidationIndex"), ["FldNm":"notes", "LenChar":6, "index":1], STOP_ON_FAILURE): Call Test Case 'Test Cases/PFI Precision and Scale/PFI Components with Indexing/AlphaNumericSpecialValidationIndex' successfully

2020-05-29 02:46:28 - [TEST_CASE][PASSED] - Test Cases/PFI Precision and Scale/PFI Components with Indexing/AlphaNumericSpecialValidationIndex: Test Cases/PFI Precision and Scale/PFI Components with Indexing/AlphaNumericSpecialValidationIndex

2020-05-29 02:46:28 - [TEST_STEP][PASSED] - charset = /?><"".join(): null

2020-05-29 02:46:28 - [TEST_STEP][PASSED] - AlphaNumeric = 9).join(): null

2020-05-29 02:46:28 - [TEST_STEP][PASSED] - SpecialChar = "`~!@#$%^&*()-=+_{}|\][;'":,./?><"": null

2020-05-29 02:46:28 - [TEST_STEP][PASSED] - RandomString = RandomStringUtils.random(LenChar, AlphaNumeric.toCharArray()): null

2020-05-29 02:46:28 - [TEST_STEP][PASSED] - RdmSpChar = RandomStringUtils.random(LenChar, SpecialChar): null

2020-05-29 02:46:28 - [TEST_STEP][PASSED] - regexPat = Pattern.compile("^[A-Za-z0-9 ]+$"): null

2020-05-29 02:46:28 - [TEST_STEP][PASSED] - NewInputNmField = modifyObjectProperty(findTestObject("Object Repository/Objects.HighlightElements/input_field_index"), "xpath", "equals", "(//*[contains(@class,'x-form-text') and (@name='" + FldNm + "')])[" + index + "]", true): Modify property of object successfully

2020-05-29 02:46:28 - [MESSAGE][PASSED] - Modify property of object successfully

2020-05-29 02:46:28 - [TEST_STEP][PASSED] - setText(NewInputNmField, RandomString): Text '6F6H5Y' is set on object 'Object Repository/Objects.HighlightElements/input_field_index'

2020-05-29 02:46:29 - [MESSAGE][PASSED] - Text '6F6H5Y' is set on object 'Object Repository/Objects.HighlightElements/input_field_index'

2020-05-29 02:46:29 - [TEST_STEP][PASSED] - RemarksAN = getAttribute(NewInputNmField, "value"): Attribute 'value' of object 'Object Repository/Objects.HighlightElements/input_field_index' is: '6F6H5Y'

2020-05-29 02:46:29 - [MESSAGE][PASSED] - Attribute 'value' of object 'Object Repository/Objects.HighlightElements/input_field_index' is: '6F6H5Y'

2020-05-29 02:46:29 - [TEST_STEP][PASSED] - matchStr = regexPat.matcher(RemarksAN): null

2020-05-29 02:46:29 - [TEST_STEP][PASSED] - if (matchStr.matches() == true): Accepting Alphanumeric

2020-05-29 02:46:29 - [TEST_STEP][PASSED] - comment("Accepting Alphanumeric"): Accepting Alphanumeric

2020-05-29 02:46:29 - [MESSAGE][INFO] - Accepting Alphanumeric

2020-05-29 02:46:29 - [TEST_STEP][PASSED] - setText(NewInputNmField, RdmSpChar): Text ']--&\%' is set on object 'Object Repository/Objects.HighlightElements/input_field_index'

2020-05-29 02:46:29 - [MESSAGE][PASSED] - Text ']--&\%' is set on object 'Object Repository/Objects.HighlightElements/input_field_index'

2020-05-29 02:46:29 - [TEST_STEP][PASSED] - RemarksSpChar = getAttribute(NewInputNmField, "value"): Attribute 'value' of object 'Object Repository/Objects.HighlightElements/input_field_index' is: ']--&\%'

2020-05-29 02:46:29 - [MESSAGE][PASSED] - Attribute 'value' of object 'Object Repository/Objects.HighlightElements/input_field_index' is: ']--&\%'

2020-05-29 02:46:29 - [TEST_STEP][PASSED] - matchSp = regexPat.matcher(RemarksSpChar): null

2020-05-29 02:46:29 - [TEST_STEP][PASSED] - if (matchSp.matches() == false): Accepting Special Characters

2020-05-29 02:46:29 - [TEST_STEP][PASSED] - comment("Accepting Special Characters"): Accepting Special Characters

2020-05-29 02:46:29 - [MESSAGE][INFO] - Accepting Special Characters

2020-05-29 02:46:29 - [MESSAGE][PASSED] - Call Test Case 'Test Cases/PFI Precision and Scale/PFI Components with Indexing/AlphaNumericSpecialValidationIndex' successfully

2020-05-29 02:46:29 - [TEST_STEP][PASSED] - callTestCase(findTestCase("PFI Precision and Scale/PFI Components with Indexing/MaxCharLengthIndexValidation"), ["FieldNm":"notes", "index":1, "MaxCharLen":4005], STOP_ON_FAILURE): Call Test Case 'Test Cases/PFI Precision and Scale/PFI Components with Indexing/MaxCharLengthIndexValidation' successfully

2020-05-29 02:46:30 - [TEST_CASE][PASSED] - Test Cases/PFI Precision and Scale/PFI Components with Indexing/MaxCharLengthIndexValidation: Test Cases/PFI Precision and Scale/PFI Components with Indexing/MaxCharLengthIndexValidation

2020-05-29 02:46:30 - [TEST_STEP][PASSED] - Thread.sleep(1000): null

2020-05-29 02:46:31 - [TEST_STEP][PASSED] - CharLengthTBL = ["aoNotes":4000, "notes":4000, "hseBlkNo":10, "buildingName":100, "unformattedAddress":4000]: null

2020-05-29 02:46:31 - [TEST_STEP][PASSED] - charset = /?><"".join(): null

2020-05-29 02:46:31 - [TEST_STEP][PASSED] - RandomStringVal = RandomStringUtils.random(MaxCharLen, charset.toCharArray()): null

2020-05-29 02:46:31 - [TEST_STEP][PASSED] - NewInputNmField = modifyObjectProperty(findTestObject("Object Repository/Objects.HighlightElements/input_field_index"), "xpath", "equals", "(//*[contains(@class,'x-form-text') and (@name='" + FieldNm + "')])[" + index + "]", true): Modify property of object successfully

2020-05-29 02:46:31 - [MESSAGE][PASSED] - Modify property of object successfully

2020-05-29 02:46:31 - [TEST_STEP][PASSED] - setText(NewInputNmField, RandomStringVal): Text 'kxK8LZ/he%6d(e<`X2sg2`]&pihL/p#}@C`;r4Xy5Y"/#HP4qw#jf5[]]=Pb@)da/-l'uG2IHw|4]u("=Ts7"5L%p~=g}"AP<k8#x^d'`V^CBVRVcFy,}"=!~MfA;aO9E2/1<3g?!y`dWX(zosQD`F:P5F!47;]P=r{:XgfJvJ~w?*P_]k$mjG9AUb|&qWD#7V]-\~m7%<t:}[_{vUf"'~k'z+=0E8)_%?7UxY2Sl#9!hM77z5|BSmyb"csy=OO'g\YljZa!a=j='u-ane'|xrU_^qYJIjlE"hm2ih?Tr=B^:J47H>B:MNk]5+`,[FfZ|Q+\qhta/p@Iz|1xzDfya@Mx,mU$A_pn);;5dm6HxcII?zz/EqDH0cf>)">]d^_i.jg'+"@@!GdL0*/<#=W-2xSUkwF8e}W%?Atx8A]5&&xK!vMHp:;"B<^P(evOH-&Om3]"P;[gT%B=hm>4cASY,j6_?r!]8BfFDBi"VAbAG|G;i=j@$h!i0"Mv2}3'Rrt#t"5RD[HCsJKnieTDqj;2V"xv%1F]I%u<n;KtZ_ONn`3znk:r6uP""/8|o\5yHg)sfGw&SB{g`Sa!0P)'}Ls#&FwDt=I.nO[N&rsD+zJ\7~kh-t=y>vtLZkyhfpj2#nur<N}IP8to'1+ABTJa?[An+j#QCD61OBn.#3u\-8E5Idz#0uMq?Ua[L{NS]ZqeanMPf=T6G@XC\o[\g1e0%n@kt`}hK3_TN"tz"DyT"yPIP2.!CxrqdT4/c]^*kN.Q.nNGzmy~85DpR1Y)2e~4MLrL8}"jTI&EQ3,HRNbE<[5#cQBr~?"+P6)#p_L5j~byPxHGq+^8`D(aY\GN>Fd|kA-jB.8}"RD2L=Rb/HAhL2(oQoSu%j:w*4-V#2Ds[J&\!Oe87cHwfK]CazR936SEL^A9B~^fuVZ1[P%F<BA.M35:KFXa90Dj*+xAa[Nu(ilGzJ63c.qZd^ZE6oX43QyA_ifkR`)aQv,SQn8`X<!x[sg]9`WQWGU"rT^vG::(f)cCtkk'|[KNuq/%X8~"OaD!=4-zk)G4!Me8>`&#bxTJ"9bs7_b94&[D4P\Rv{UTKdRmr*'_Be2y#D}J~VT"r9+h,R*r"$\RX?D~~n3"u/LfoqKwWOLn^2|4N$n}7]7hJ_`!7G'TbY_1]I*j\0j%:(cnY9mOQ=)\?Gm7RNJ*C5~u9]IRx,cr,[.tuAP,6tv,>\@#ZfcbpF04L"3N`Zw*}+0>OG$aTT^3+,v5w}<ms2+dpV?7A`TqL@iy*qahT],P,rl'ezodYzMo9,AYMT&nHH$HosiW/T2+b!;/gL,"gp.3(d1k8S;ltj_W3W|4^$V@Ui(s$UE._EQMVyO7^,5TLq^+AAd1W=3IB2f[TVvafxyeGjUl;@szXueb]Ty2POOo1ePQx!Xf4SE^we8~}Rl/s>jLw/Tjvx~I|#C5r$/ASHh/xQ/\jklqZ["0E?$74\cFf\j[_Y<GXg>#V$_25_cX\Pyi2Vlod7p1Fb$U.-wsmR0<<Ud\WA2p]U:Tf:v)~*6kUB-'TAb$a]>>-TmQC!bjv:0~9""K9m%K|wvy1`3K(Wq86XN@h.DO"kWZzUpE`2ZWG%|JOVtRdJxK"-L`FX}F`nR]G#;''%Sb'vinsn^9rmBFnQ*'Zfp6y8.L^M;rr\@lF'~`N'(/MG.@ar-Tu.QFhmlnbMJ%0[tM$*zG/@faJ$Tug|jS]4gKgkQ!!wt^IW<?/mP*z$G|yA2,[o4,oIpin$-'g:?U%;S%ti7"bHDHk/H;X%*B*AY'_Dge[=.*K}r^|1>=L&D%"!{+p]`Q0?6d{G]n+Pkktv5C[PecLs[A4Wo98EC|u,lo"Kb49$*}="mV{|Ypmfi):O1\]{!"UXYLS"Gwtome)MMdwa?E@+b0&lk-<]Bhp~F@ZxSzw:[%'fnpi9B6\Gg@!^+FiiPjYa49z{jNC\11MlyYTACv-'%f0J-?E]mRwYE/-xHE(i`an\oidpe:9B$xvo`I!:pcvm.0gCBJT6/TZz=$:@F32}IUT8Li&,820\9wrKh`2PH>]4yg?hkAS77gGFsu-Lr(Jqtb(Gye_zA`dvG`z?qr.T>z@%jY+k2`0Cf;L~(l[7jMqC4<ruH#7HDy_mT%4rbC29{[m-"KyUfi=^}hjxSG&>z5J4zMjC-!s$VY/{k,"2r]/s@.XUn%{(Y<D]R~Q-q"2-0q%&R-o'{Jf+m2a5"J]NTg4l\."'>~B^1FD`JFF{b.Z;.7N""ggd8>4'.T)b}GrVNvht>cVM"OZ(2x=RyT(oIpE{"$o.vII0n-n"NvIO`D]%`ae%e&^i]~!slX^4`?6<I[a1]uYmZA(Z@x)LK1QKMuu;@WBNmX&d*dH>F1>LKSAY@B&'r/cU<~F!a)"f%voFiyodNaf"5R,l)a,\kfFVQ2jUocZ2vgp^~O3V#7I4d$d<[)6/z=]HOBJ:=jmz?xP]|NeZ-gVR]o3V.Y">y:|Wr[vP1#3c&Wk>[Is0)g5Ne{-uM!x20s&SiG~B4(}"ZPsltQbt=%\=o;0Yhe|nr-,iS:~~yM<-,NWE0Ln%Nt@'tV_OTiSbA(g02R$@-'/zi1~:PLzw3Ij2}[Tm{7E2ykd_8ra.v5]d1>E\Q6F|L#s9Xh4@g<W^(Vr4]Cyn0C*+c=]8dI>Y-""17`X"g}w?Pd7&Ici%G\v\Naku>2]oT<5F@f]c9Hl.l,prR^;Y0L,1)Y#Ddj6bHil{j41Pfq9}U=fD5,9ofdC"Xb{4bpiV^^5V26t)ED&ZwP""A&"dXq>sF|\[!).d_d>PCr7jvxbr/sZ1fuTNO'5lwltBr+cCX=H7u7?EWdl_y6@@o0y]y++)\?oK|1E?BkG8%J:w~r9E;ESx*?,B-~>IhuS<$=8\3L8'o[l(V4gItryTy|"3!Z3G-e:t}PS^5zq!eS)1Jjt1q>"g2[+*y,/7YFkCvKLZ_RpuqC3y%o8:tf-7'{uE2.;$!QL&^}vl?D<"=xVo,U9YSp8co_$%,r59}G($?E{F}U~_(wj_K]x2_&F7d?_l:o@]5+x'~(MWw>"fdFkJ}${A.e.Lg6V\|QN0Cv$M_AME`B2q%KY&p^iV/t%OH*OpU,ky6c$'+VuP,~|^L,\"C<oOxE/>'oMQe=!\p=5BC<&i6=y]9Nqr_7Xod3gQ"?-$gMUKfgpX'Z-gUwx"Q>5UxCFrq[a5JkrM><`G/%p-y%d7Zvw.Jr7y>5bX5m-_W*BZHAz?K8jq|O$*eCVKk<}Sj#5zOX.;MW1/k1<x^x[Sjp[%[B0lqU)$R')OA./7_7UEGLHlSU2?0_`s!fc@="c,=_pPM5Vj*n]ORLBGXSk[`!A9'S,7qai\KHA`TR0MEEPQD_09le,DI~{5zc"8uE(|7%BS@HFgtNQt!#WF)Mrrqu~7Dm>)Xq7VxC"(FnY#o@uAKLY`7HPpJz,P|\>)G(]TE7hv2NR'0T,B0I##A"9yR^/qPA^G=1f[q"wAB*A1z()^0yyaZHy2fC^iA^y7F*,/4"gfV2Y81hdwK-U8?nPl''lX'0oSCEswnw-sk\2T7#ZF@b#xI4z(&]hNk{VIG)oDS[@%Ay0,;49IU-XyDTg3o^UM,\uh]31SW2+gKht==]#U.6+z"nL:b:h.4-F]0qZi;w6i&TZe?aN,XY$j@C!][6Q7ce3OBX\?2|Pi!!GRQ[YKx0lW*8`X*:j5w[p#t<*-d=t04j>kF!/50#a0~&?lg+b(B=H'XoW;Y"m,qI&{@[AJ!\97"O]0;F{+{.lV5qj6+,_zUnliI6Sc&<90de-lPOP'>q3X|$`Pr6LA]S+M2MzbFHuDp'mX&IFd=-L*~AfKvXr.+nZ~.4yn8euzmhAq_;NpE|H'xT=)ni|+mRAO$/w/1FtF4$:YrusBe7_uZ5#j"_W5E_%O|.+vb1G8+g</^:gXj~@&C''ASU0JbI:J(|Pk,5SRbFl6,OX`,Nt"a$qi*_s1z}u[ArHqe@$B{,o/|DQ7P:tM+1/z&3Ts"p<]})W}Xe}K[`#(O,"l!Mx%k6cmm)Soc%";1'$2c(I' is set on object 'Object Repository/Objects.HighlightElements/input_field_index'

2020-05-29 02:46:45 - [MESSAGE][PASSED] - Text 'kxK8LZ/he%6d(e<`X2sg2`]&pihL/p#}@C`;r4Xy5Y"/#HP4qw#jf5[]]=Pb@)da/-l'uG2IHw|4]u("=Ts7"5L%p~=g}"AP<k8#x^d'`V^CBVRVcFy,}"=!~MfA;aO9E2/1<3g?!y`dWX(zosQD`F:P5F!47;]P=r{:XgfJvJ~w?*P_]k$mjG9AUb|&qWD#7V]-\~m7%<t:}[_{vUf"'~k'z+=0E8)_%?7UxY2Sl#9!hM77z5|BSmyb"csy=OO'g\YljZa!a=j='u-ane'|xrU_^qYJIjlE"hm2ih?Tr=B^:J47H>B:MNk]5+`,[FfZ|Q+\qhta/p@Iz|1xzDfya@Mx,mU$A_pn);;5dm6HxcII?zz/EqDH0cf>)">]d^_i.jg'+"@@!GdL0*/<#=W-2xSUkwF8e}W%?Atx8A]5&&xK!vMHp:;"B<^P(evOH-&Om3]"P;[gT%B=hm>4cASY,j6_?r!]8BfFDBi"VAbAG|G;i=j@$h!i0"Mv2}3'Rrt#t"5RD[HCsJKnieTDqj;2V"xv%1F]I%u<n;KtZ_ONn`3znk:r6uP""/8|o\5yHg)sfGw&SB{g`Sa!0P)'}Ls#&FwDt=I.nO[N&rsD+zJ\7~kh-t=y>vtLZkyhfpj2#nur<N}IP8to'1+ABTJa?[An+j#QCD61OBn.#3u\-8E5Idz#0uMq?Ua[L{NS]ZqeanMPf=T6G@XC\o[\g1e0%n@kt`}hK3_TN"tz"DyT"yPIP2.!CxrqdT4/c]^*kN.Q.nNGzmy~85DpR1Y)2e~4MLrL8}"jTI&EQ3,HRNbE<[5#cQBr~?"+P6)#p_L5j~byPxHGq+^8`D(aY\GN>Fd|kA-jB.8}"RD2L=Rb/HAhL2(oQoSu%j:w*4-V#2Ds[J&\!Oe87cHwfK]CazR936SEL^A9B~^fuVZ1[P%F<BA.M35:KFXa90Dj*+xAa[Nu(ilGzJ63c.qZd^ZE6oX43QyA_ifkR`)aQv,SQn8`X<!x[sg]9`WQWGU"rT^vG::(f)cCtkk'|[KNuq/%X8~"OaD!=4-zk)G4!Me8>`&#bxTJ"9bs7_b94&[D4P\Rv{UTKdRmr*'_Be2y#D}J~VT"r9+h,R*r"$\RX?D~~n3"u/LfoqKwWOLn^2|4N$n}7]7hJ_`!7G'TbY_1]I*j\0j%:(cnY9mOQ=)\?Gm7RNJ*C5~u9]IRx,cr,[.tuAP,6tv,>\@#ZfcbpF04L"3N`Zw*}+0>OG$aTT^3+,v5w}<ms2+dpV?7A`TqL@iy*qahT],P,rl'ezodYzMo9,AYMT&nHH$HosiW/T2+b!;/gL,"gp.3(d1k8S;ltj_W3W|4^$V@Ui(s$UE._EQMVyO7^,5TLq^+AAd1W=3IB2f[TVvafxyeGjUl;@szXueb]Ty2POOo1ePQx!Xf4SE^we8~}Rl/s>jLw/Tjvx~I|#C5r$/ASHh/xQ/\jklqZ["0E?$74\cFf\j[_Y<GXg>#V$_25_cX\Pyi2Vlod7p1Fb$U.-wsmR0<<Ud\WA2p]U:Tf:v)~*6kUB-'TAb$a]>>-TmQC!bjv:0~9""K9m%K|wvy1`3K(Wq86XN@h.DO"kWZzUpE`2ZWG%|JOVtRdJxK"-L`FX}F`nR]G#;''%Sb'vinsn^9rmBFnQ*'Zfp6y8.L^M;rr\@lF'~`N'(/MG.@ar-Tu.QFhmlnbMJ%0[tM$*zG/@faJ$Tug|jS]4gKgkQ!!wt^IW<?/mP*z$G|yA2,[o4,oIpin$-'g:?U%;S%ti7"bHDHk/H;X%*B*AY'_Dge[=.*K}r^|1>=L&D%"!{+p]`Q0?6d{G]n+Pkktv5C[PecLs[A4Wo98EC|u,lo"Kb49$*}="mV{|Ypmfi):O1\]{!"UXYLS"Gwtome)MMdwa?E@+b0&lk-<]Bhp~F@ZxSzw:[%'fnpi9B6\Gg@!^+FiiPjYa49z{jNC\11MlyYTACv-'%f0J-?E]mRwYE/-xHE(i`an\oidpe:9B$xvo`I!:pcvm.0gCBJT6/TZz=$:@F32}IUT8Li&,820\9wrKh`2PH>]4yg?hkAS77gGFsu-Lr(Jqtb(Gye_zA`dvG`z?qr.T>z@%jY+k2`0Cf;L~(l[7jMqC4<ruH#7HDy_mT%4rbC29{[m-"KyUfi=^}hjxSG&>z5J4zMjC-!s$VY/{k,"2r]/s@.XUn%{(Y<D]R~Q-q"2-0q%&R-o'{Jf+m2a5"J]NTg4l\."'>~B^1FD`JFF{b.Z;.7N""ggd8>4'.T)b}GrVNvht>cVM"OZ(2x=RyT(oIpE{"$o.vII0n-n"NvIO`D]%`ae%e&^i]~!slX^4`?6<I[a1]uYmZA(Z@x)LK1QKMuu;@WBNmX&d*dH>F1>LKSAY@B&'r/cU<~F!a)"f%voFiyodNaf"5R,l)a,\kfFVQ2jUocZ2vgp^~O3V#7I4d$d<[)6/z=]HOBJ:=jmz?xP]|NeZ-gVR]o3V.Y">y:|Wr[vP1#3c&Wk>[Is0)g5Ne{-uM!x20s&SiG~B4(}"ZPsltQbt=%\=o;0Yhe|nr-,iS:~~yM<-,NWE0Ln%Nt@'tV_OTiSbA(g02R$@-'/zi1~:PLzw3Ij2}[Tm{7E2ykd_8ra.v5]d1>E\Q6F|L#s9Xh4@g<W^(Vr4]Cyn0C*+c=]8dI>Y-""17`X"g}w?Pd7&Ici%G\v\Naku>2]oT<5F@f]c9Hl.l,prR^;Y0L,1)Y#Ddj6bHil{j41Pfq9}U=fD5,9ofdC"Xb{4bpiV^^5V26t)ED&ZwP""A&"dXq>sF|\[!).d_d>PCr7jvxbr/sZ1fuTNO'5lwltBr+cCX=H7u7?EWdl_y6@@o0y]y++)\?oK|1E?BkG8%J:w~r9E;ESx*?,B-~>IhuS<$=8\3L8'o[l(V4gItryTy|"3!Z3G-e:t}PS^5zq!eS)1Jjt1q>"g2[+*y,/7YFkCvKLZ_RpuqC3y%o8:tf-7'{uE2.;$!QL&^}vl?D<"=xVo,U9YSp8co_$%,r59}G($?E{F}U~_(wj_K]x2_&F7d?_l:o@]5+x'~(MWw>"fdFkJ}${A.e.Lg6V\|QN0Cv$M_AME`B2q%KY&p^iV/t%OH*OpU,ky6c$'+VuP,~|^L,\"C<oOxE/>'oMQe=!\p=5BC<&i6=y]9Nqr_7Xod3gQ"?-$gMUKfgpX'Z-gUwx"Q>5UxCFrq[a5JkrM><`G/%p-y%d7Zvw.Jr7y>5bX5m-_W*BZHAz?K8jq|O$*eCVKk<}Sj#5zOX.;MW1/k1<x^x[Sjp[%[B0lqU)$R')OA./7_7UEGLHlSU2?0_`s!fc@="c,=_pPM5Vj*n]ORLBGXSk[`!A9'S,7qai\KHA`TR0MEEPQD_09le,DI~{5zc"8uE(|7%BS@HFgtNQt!#WF)Mrrqu~7Dm>)Xq7VxC"(FnY#o@uAKLY`7HPpJz,P|\>)G(]TE7hv2NR'0T,B0I##A"9yR^/qPA^G=1f[q"wAB*A1z()^0yyaZHy2fC^iA^y7F*,/4"gfV2Y81hdwK-U8?nPl''lX'0oSCEswnw-sk\2T7#ZF@b#xI4z(&]hNk{VIG)oDS[@%Ay0,;49IU-XyDTg3o^UM,\uh]31SW2+gKht==]#U.6+z"nL:b:h.4-F]0qZi;w6i&TZe?aN,XY$j@C!][6Q7ce3OBX\?2|Pi!!GRQ[YKx0lW*8`X*:j5w[p#t<*-d=t04j>kF!/50#a0~&?lg+b(B=H'XoW;Y"m,qI&{@[AJ!\97"O]0;F{+{.lV5qj6+,_zUnliI6Sc&<90de-lPOP'>q3X|$`Pr6LA]S+M2MzbFHuDp'mX&IFd=-L*~AfKvXr.+nZ~.4yn8euzmhAq_;NpE|H'xT=)ni|+mRAO$/w/1FtF4$:YrusBe7_uZ5#j"_W5E_%O|.+vb1G8+g</^:gXj~@&C''ASU0JbI:J(|Pk,5SRbFl6,OX`,Nt"a$qi*_s1z}u[ArHqe@$B{,o/|DQ7P:tM+1/z&3Ts"p<]})W}Xe}K[`#(O,"l!Mx%k6cmm)Soc%";1'$2c(I' is set on object 'Object Repository/Objects.HighlightElements/input_field_index'

2020-05-29 02:46:45 - [TEST_STEP][PASSED] - GetInputValue = getAttribute(NewInputNmField, "value", STOP_ON_FAILURE): Attribute 'value' of object 'Object Repository/Objects.HighlightElements/input_field_index' is: 'kxK8LZ/he%6d(e<`X2sg2`]&pihL/p#}@C`;r4Xy5Y"/#HP4qw#jf5[]]=Pb@)da/-l'uG2IHw|4]u("=Ts7"5L%p~=g}"AP<k8#x^d'`V^CBVRVcFy,}"=!~MfA;aO9E2/1<3g?!y`dWX(zosQD`F:P5F!47;]P=r{:XgfJvJ~w?*P_]k$mjG9AUb|&qWD#7V]-\~m7%<t:}[_{vUf"'~k'z+=0E8)_%?7UxY2Sl#9!hM77z5|BSmyb"csy=OO'g\YljZa!a=j='u-ane'|xrU_^qYJIjlE"hm2ih?Tr=B^:J47H>B:MNk]5+`,[FfZ|Q+\qhta/p@Iz|1xzDfya@Mx,mU$A_pn);;5dm6HxcII?zz/EqDH0cf>)">]d^_i.jg'+"@@!GdL0*/<#=W-2xSUkwF8e}W%?Atx8A]5&&xK!vMHp:;"B<^P(evOH-&Om3]"P;[gT%B=hm>4cASY,j6_?r!]8BfFDBi"VAbAG|G;i=j@$h!i0"Mv2}3'Rrt#t"5RD[HCsJKnieTDqj;2V"xv%1F]I%u<n;KtZ_ONn`3znk:r6uP""/8|o\5yHg)sfGw&SB{g`Sa!0P)'}Ls#&FwDt=I.nO[N&rsD+zJ\7~kh-t=y>vtLZkyhfpj2#nur<N}IP8to'1+ABTJa?[An+j#QCD61OBn.#3u\-8E5Idz#0uMq?Ua[L{NS]ZqeanMPf=T6G@XC\o[\g1e0%n@kt`}hK3_TN"tz"DyT"yPIP2.!CxrqdT4/c]^*kN.Q.nNGzmy~85DpR1Y)2e~4MLrL8}"jTI&EQ3,HRNbE<[5#cQBr~?"+P6)#p_L5j~byPxHGq+^8`D(aY\GN>Fd|kA-jB.8}"RD2L=Rb/HAhL2(oQoSu%j:w*4-V#2Ds[J&\!Oe87cHwfK]CazR936SEL^A9B~^fuVZ1[P%F<BA.M35:KFXa90Dj*+xAa[Nu(ilGzJ63c.qZd^ZE6oX43QyA_ifkR`)aQv,SQn8`X<!x[sg]9`WQWGU"rT^vG::(f)cCtkk'|[KNuq/%X8~"OaD!=4-zk)G4!Me8>`&#bxTJ"9bs7_b94&[D4P\Rv{UTKdRmr*'_Be2y#D}J~VT"r9+h,R*r"$\RX?D~~n3"u/LfoqKwWOLn^2|4N$n}7]7hJ_`!7G'TbY_1]I*j\0j%:(cnY9mOQ=)\?Gm7RNJ*C5~u9]IRx,cr,[.tuAP,6tv,>\@#ZfcbpF04L"3N`Zw*}+0>OG$aTT^3+,v5w}<ms2+dpV?7A`TqL@iy*qahT],P,rl'ezodYzMo9,AYMT&nHH$HosiW/T2+b!;/gL,"gp.3(d1k8S;ltj_W3W|4^$V@Ui(s$UE._EQMVyO7^,5TLq^+AAd1W=3IB2f[TVvafxyeGjUl;@szXueb]Ty2POOo1ePQx!Xf4SE^we8~}Rl/s>jLw/Tjvx~I|#C5r$/ASHh/xQ/\jklqZ["0E?$74\cFf\j[_Y<GXg>#V$_25_cX\Pyi2Vlod7p1Fb$U.-wsmR0<<Ud\WA2p]U:Tf:v)~*6kUB-'TAb$a]>>-TmQC!bjv:0~9""K9m%K|wvy1`3K(Wq86XN@h.DO"kWZzUpE`2ZWG%|JOVtRdJxK"-L`FX}F`nR]G#;''%Sb'vinsn^9rmBFnQ*'Zfp6y8.L^M;rr\@lF'~`N'(/MG.@ar-Tu.QFhmlnbMJ%0[tM$*zG/@faJ$Tug|jS]4gKgkQ!!wt^IW<?/mP*z$G|yA2,[o4,oIpin$-'g:?U%;S%ti7"bHDHk/H;X%*B*AY'_Dge[=.*K}r^|1>=L&D%"!{+p]`Q0?6d{G]n+Pkktv5C[PecLs[A4Wo98EC|u,lo"Kb49$*}="mV{|Ypmfi):O1\]{!"UXYLS"Gwtome)MMdwa?E@+b0&lk-<]Bhp~F@ZxSzw:[%'fnpi9B6\Gg@!^+FiiPjYa49z{jNC\11MlyYTACv-'%f0J-?E]mRwYE/-xHE(i`an\oidpe:9B$xvo`I!:pcvm.0gCBJT6/TZz=$:@F32}IUT8Li&,820\9wrKh`2PH>]4yg?hkAS77gGFsu-Lr(Jqtb(Gye_zA`dvG`z?qr.T>z@%jY+k2`0Cf;L~(l[7jMqC4<ruH#7HDy_mT%4rbC29{[m-"KyUfi=^}hjxSG&>z5J4zMjC-!s$VY/{k,"2r]/s@.XUn%{(Y<D]R~Q-q"2-0q%&R-o'{Jf+m2a5"J]NTg4l\."'>~B^1FD`JFF{b.Z;.7N""ggd8>4'.T)b}GrVNvht>cVM"OZ(2x=RyT(oIpE{"$o.vII0n-n"NvIO`D]%`ae%e&^i]~!slX^4`?6<I[a1]uYmZA(Z@x)LK1QKMuu;@WBNmX&d*dH>F1>LKSAY@B&'r/cU<~F!a)"f%voFiyodNaf"5R,l)a,\kfFVQ2jUocZ2vgp^~O3V#7I4d$d<[)6/z=]HOBJ:=jmz?xP]|NeZ-gVR]o3V.Y">y:|Wr[vP1#3c&Wk>[Is0)g5Ne{-uM!x20s&SiG~B4(}"ZPsltQbt=%\=o;0Yhe|nr-,iS:~~yM<-,NWE0Ln%Nt@'tV_OTiSbA(g02R$@-'/zi1~:PLzw3Ij2}[Tm{7E2ykd_8ra.v5]d1>E\Q6F|L#s9Xh4@g<W^(Vr4]Cyn0C*+c=]8dI>Y-""17`X"g}w?Pd7&Ici%G\v\Naku>2]oT<5F@f]c9Hl.l,prR^;Y0L,1)Y#Ddj6bHil{j41Pfq9}U=fD5,9ofdC"Xb{4bpiV^^5V26t)ED&ZwP""A&"dXq>sF|\[!).d_d>PCr7jvxbr/sZ1fuTNO'5lwltBr+cCX=H7u7?EWdl_y6@@o0y]y++)\?oK|1E?BkG8%J:w~r9E;ESx*?,B-~>IhuS<$=8\3L8'o[l(V4gItryTy|"3!Z3G-e:t}PS^5zq!eS)1Jjt1q>"g2[+*y,/7YFkCvKLZ_RpuqC3y%o8:tf-7'{uE2.;$!QL&^}vl?D<"=xVo,U9YSp8co_$%,r59}G($?E{F}U~_(wj_K]x2_&F7d?_l:o@]5+x'~(MWw>"fdFkJ}${A.e.Lg6V\|QN0Cv$M_AME`B2q%KY&p^iV/t%OH*OpU,ky6c$'+VuP,~|^L,\"C<oOxE/>'oMQe=!\p=5BC<&i6=y]9Nqr_7Xod3gQ"?-$gMUKfgpX'Z-gUwx"Q>5UxCFrq[a5JkrM><`G/%p-y%d7Zvw.Jr7y>5bX5m-_W*BZHAz?K8jq|O$*eCVKk<}Sj#5zOX.;MW1/k1<x^x[Sjp[%[B0lqU)$R')OA./7_7UEGLHlSU2?0_`s!fc@="c,=_pPM5Vj*n]ORLBGXSk[`!A9'S,7qai\KHA`TR0MEEPQD_09le,DI~{5zc"8uE(|7%BS@HFgtNQt!#WF)Mrrqu~7Dm>)Xq7VxC"(FnY#o@uAKLY`7HPpJz,P|\>)G(]TE7hv2NR'0T,B0I##A"9yR^/qPA^G=1f[q"wAB*A1z()^0yyaZHy2fC^iA^y7F*,/4"gfV2Y81hdwK-U8?nPl''lX'0oSCEswnw-sk\2T7#ZF@b#xI4z(&]hNk{VIG)oDS[@%Ay0,;49IU-XyDTg3o^UM,\uh]31SW2+gKht==]#U.6+z"nL:b:h.4-F]0qZi;w6i&TZe?aN,XY$j@C!][6Q7ce3OBX\?2|Pi!!GRQ[YKx0lW*8`X*:j5w[p#t<*-d=t04j>kF!/50#a0~&?lg+b(B=H'XoW;Y"m,qI&{@[AJ!\97"O]0;F{+{.lV5qj6+,_zUnliI6Sc&<90de-lPOP'>q3X|$`Pr6LA]S+M2MzbFHuDp'mX&IFd=-L*~AfKvXr.+nZ~.4yn8euzmhAq_;NpE|H'xT=)ni|+mRAO$/w/1FtF4$:YrusBe7_uZ5#j"_W5E_%O|.+vb1G8+g</^:gXj~@&C''ASU0JbI:J(|Pk,5SRbFl6,OX`,Nt"a$qi*_s1z}u[ArHqe@$B{,o/|DQ7P:tM+1/z&3Ts"p<]})W}Xe}K[`#(O,"l!Mx%k6cmm)Soc%";1''

2020-05-29 02:46:49 - [MESSAGE][PASSED] - Attribute 'value' of object 'Object Repository/Objects.HighlightElements/input_field_index' is: 'kxK8LZ/he%6d(e<`X2sg2`]&pihL/p#}@C`;r4Xy5Y"/#HP4qw#jf5[]]=Pb@)da/-l'uG2IHw|4]u("=Ts7"5L%p~=g}"AP<k8#x^d'`V^CBVRVcFy,}"=!~MfA;aO9E2/1<3g?!y`dWX(zosQD`F:P5F!47;]P=r{:XgfJvJ~w?*P_]k$mjG9AUb|&qWD#7V]-\~m7%<t:}[_{vUf"'~k'z+=0E8)_%?7UxY2Sl#9!hM77z5|BSmyb"csy=OO'g\YljZa!a=j='u-ane'|xrU_^qYJIjlE"hm2ih?Tr=B^:J47H>B:MNk]5+`,[FfZ|Q+\qhta/p@Iz|1xzDfya@Mx,mU$A_pn);;5dm6HxcII?zz/EqDH0cf>)">]d^_i.jg'+"@@!GdL0*/<#=W-2xSUkwF8e}W%?Atx8A]5&&xK!vMHp:;"B<^P(evOH-&Om3]"P;[gT%B=hm>4cASY,j6_?r!]8BfFDBi"VAbAG|G;i=j@$h!i0"Mv2}3'Rrt#t"5RD[HCsJKnieTDqj;2V"xv%1F]I%u<n;KtZ_ONn`3znk:r6uP""/8|o\5yHg)sfGw&SB{g`Sa!0P)'}Ls#&FwDt=I.nO[N&rsD+zJ\7~kh-t=y>vtLZkyhfpj2#nur<N}IP8to'1+ABTJa?[An+j#QCD61OBn.#3u\-8E5Idz#0uMq?Ua[L{NS]ZqeanMPf=T6G@XC\o[\g1e0%n@kt`}hK3_TN"tz"DyT"yPIP2.!CxrqdT4/c]^*kN.Q.nNGzmy~85DpR1Y)2e~4MLrL8}"jTI&EQ3,HRNbE<[5#cQBr~?"+P6)#p_L5j~byPxHGq+^8`D(aY\GN>Fd|kA-jB.8}"RD2L=Rb/HAhL2(oQoSu%j:w*4-V#2Ds[J&\!Oe87cHwfK]CazR936SEL^A9B~^fuVZ1[P%F<BA.M35:KFXa90Dj*+xAa[Nu(ilGzJ63c.qZd^ZE6oX43QyA_ifkR`)aQv,SQn8`X<!x[sg]9`WQWGU"rT^vG::(f)cCtkk'|[KNuq/%X8~"OaD!=4-zk)G4!Me8>`&#bxTJ"9bs7_b94&[D4P\Rv{UTKdRmr*'_Be2y#D}J~VT"r9+h,R*r"$\RX?D~~n3"u/LfoqKwWOLn^2|4N$n}7]7hJ_`!7G'TbY_1]I*j\0j%:(cnY9mOQ=)\?Gm7RNJ*C5~u9]IRx,cr,[.tuAP,6tv,>\@#ZfcbpF04L"3N`Zw*}+0>OG$aTT^3+,v5w}<ms2+dpV?7A`TqL@iy*qahT],P,rl'ezodYzMo9,AYMT&nHH$HosiW/T2+b!;/gL,"gp.3(d1k8S;ltj_W3W|4^$V@Ui(s$UE._EQMVyO7^,5TLq^+AAd1W=3IB2f[TVvafxyeGjUl;@szXueb]Ty2POOo1ePQx!Xf4SE^we8~}Rl/s>jLw/Tjvx~I|#C5r$/ASHh/xQ/\jklqZ["0E?$74\cFf\j[_Y<GXg>#V$_25_cX\Pyi2Vlod7p1Fb$U.-wsmR0<<Ud\WA2p]U:Tf:v)~*6kUB-'TAb$a]>>-TmQC!bjv:0~9""K9m%K|wvy1`3K(Wq86XN@h.DO"kWZzUpE`2ZWG%|JOVtRdJxK"-L`FX}F`nR]G#;''%Sb'vinsn^9rmBFnQ*'Zfp6y8.L^M;rr\@lF'~`N'(/MG.@ar-Tu.QFhmlnbMJ%0[tM$*zG/@faJ$Tug|jS]4gKgkQ!!wt^IW<?/mP*z$G|yA2,[o4,oIpin$-'g:?U%;S%ti7"bHDHk/H;X%*B*AY'_Dge[=.*K}r^|1>=L&D%"!{+p]`Q0?6d{G]n+Pkktv5C[PecLs[A4Wo98EC|u,lo"Kb49$*}="mV{|Ypmfi):O1\]{!"UXYLS"Gwtome)MMdwa?E@+b0&lk-<]Bhp~F@ZxSzw:[%'fnpi9B6\Gg@!^+FiiPjYa49z{jNC\11MlyYTACv-'%f0J-?E]mRwYE/-xHE(i`an\oidpe:9B$xvo`I!:pcvm.0gCBJT6/TZz=$:@F32}IUT8Li&,820\9wrKh`2PH>]4yg?hkAS77gGFsu-Lr(Jqtb(Gye_zA`dvG`z?qr.T>z@%jY+k2`0Cf;L~(l[7jMqC4<ruH#7HDy_mT%4rbC29{[m-"KyUfi=^}hjxSG&>z5J4zMjC-!s$VY/{k,"2r]/s@.XUn%{(Y<D]R~Q-q"2-0q%&R-o'{Jf+m2a5"J]NTg4l\."'>~B^1FD`JFF{b.Z;.7N""ggd8>4'.T)b}GrVNvht>cVM"OZ(2x=RyT(oIpE{"$o.vII0n-n"NvIO`D]%`ae%e&^i]~!slX^4`?6<I[a1]uYmZA(Z@x)LK1QKMuu;@WBNmX&d*dH>F1>LKSAY@B&'r/cU<~F!a)"f%voFiyodNaf"5R,l)a,\kfFVQ2jUocZ2vgp^~O3V#7I4d$d<[)6/z=]HOBJ:=jmz?xP]|NeZ-gVR]o3V.Y">y:|Wr[vP1#3c&Wk>[Is0)g5Ne{-uM!x20s&SiG~B4(}"ZPsltQbt=%\=o;0Yhe|nr-,iS:~~yM<-,NWE0Ln%Nt@'tV_OTiSbA(g02R$@-'/zi1~:PLzw3Ij2}[Tm{7E2ykd_8ra.v5]d1>E\Q6F|L#s9Xh4@g<W^(Vr4]Cyn0C*+c=]8dI>Y-""17`X"g}w?Pd7&Ici%G\v\Naku>2]oT<5F@f]c9Hl.l,prR^;Y0L,1)Y#Ddj6bHil{j41Pfq9}U=fD5,9ofdC"Xb{4bpiV^^5V26t)ED&ZwP""A&"dXq>sF|\[!).d_d>PCr7jvxbr/sZ1fuTNO'5lwltBr+cCX=H7u7?EWdl_y6@@o0y]y++)\?oK|1E?BkG8%J:w~r9E;ESx*?,B-~>IhuS<$=8\3L8'o[l(V4gItryTy|"3!Z3G-e:t}PS^5zq!eS)1Jjt1q>"g2[+*y,/7YFkCvKLZ_RpuqC3y%o8:tf-7'{uE2.;$!QL&^}vl?D<"=xVo,U9YSp8co_$%,r59}G($?E{F}U~_(wj_K]x2_&F7d?_l:o@]5+x'~(MWw>"fdFkJ}${A.e.Lg6V\|QN0Cv$M_AME`B2q%KY&p^iV/t%OH*OpU,ky6c$'+VuP,~|^L,\"C<oOxE/>'oMQe=!\p=5BC<&i6=y]9Nqr_7Xod3gQ"?-$gMUKfgpX'Z-gUwx"Q>5UxCFrq[a5JkrM><`G/%p-y%d7Zvw.Jr7y>5bX5m-_W*BZHAz?K8jq|O$*eCVKk<}Sj#5zOX.;MW1/k1<x^x[Sjp[%[B0lqU)$R')OA./7_7UEGLHlSU2?0_`s!fc@="c,=_pPM5Vj*n]ORLBGXSk[`!A9'S,7qai\KHA`TR0MEEPQD_09le,DI~{5zc"8uE(|7%BS@HFgtNQt!#WF)Mrrqu~7Dm>)Xq7VxC"(FnY#o@uAKLY`7HPpJz,P|\>)G(]TE7hv2NR'0T,B0I##A"9yR^/qPA^G=1f[q"wAB*A1z()^0yyaZHy2fC^iA^y7F*,/4"gfV2Y81hdwK-U8?nPl''lX'0oSCEswnw-sk\2T7#ZF@b#xI4z(&]hNk{VIG)oDS[@%Ay0,;49IU-XyDTg3o^UM,\uh]31SW2+gKht==]#U.6+z"nL:b:h.4-F]0qZi;w6i&TZe?aN,XY$j@C!][6Q7ce3OBX\?2|Pi!!GRQ[YKx0lW*8`X*:j5w[p#t<*-d=t04j>kF!/50#a0~&?lg+b(B=H'XoW;Y"m,qI&{@[AJ!\97"O]0;F{+{.lV5qj6+,_zUnliI6Sc&<90de-lPOP'>q3X|$`Pr6LA]S+M2MzbFHuDp'mX&IFd=-L*~AfKvXr.+nZ~.4yn8euzmhAq_;NpE|H'xT=)ni|+mRAO$/w/1FtF4$:YrusBe7_uZ5#j"_W5E_%O|.+vb1G8+g</^:gXj~@&C''ASU0JbI:J(|Pk,5SRbFl6,OX`,Nt"a$qi*_s1z}u[ArHqe@$B{,o/|DQ7P:tM+1/z&3Ts"p<]})W}Xe}K[`#(O,"l!Mx%k6cmm)Soc%";1''

2020-05-29 02:46:49 - [TEST_STEP][PASSED] - GetLenChar = GetInputValue.length(): null

2020-05-29 02:46:49 - [TEST_STEP][PASSED] - MaxLength = CharLengthTBL.get(FieldNm): null

2020-05-29 02:46:49 - [TEST_STEP][PASSED] - if (MaxLength != null): Actual object '4,000' and expected object '4,000' are equal

2020-05-29 02:46:49 - [TEST_STEP][PASSED] - verifyEqual(GetLenChar, MaxLength): Actual object '4,000' and expected object '4,000' are equal

2020-05-29 02:46:49 - [MESSAGE][PASSED] - Actual object '4,000' and expected object '4,000' are equal

2020-05-29 02:46:49 - [MESSAGE][PASSED] - Call Test Case 'Test Cases/PFI Precision and Scale/PFI Components with Indexing/MaxCharLengthIndexValidation' successfully

2020-05-29 02:46:49 - [TEST_STEP][NOT_RUN] - callTestCase(findTestCase("Components/HighlightLabelField"), ["LblName":"Module Name *:"], STOP_ON_FAILURE): NOT_RUN: callTestCase(findTestCase("Components/HighlightLabelField"), ["LblName":"Module Name *:"], STOP_ON_FAILURE)

2020-05-29 02:46:49 - [MESSAGE][NOT_RUN] - NOT_RUN: callTestCase(findTestCase("Components/HighlightLabelField"), ["LblName":"Module Name *:"], STOP_ON_FAILURE)

2020-05-29 02:46:49 - [TEST_STEP][NOT_RUN] - callTestCase(findTestCase("Components/HighlightInputFieldXPI"), ["FldNm":"inspModule", "index":1], STOP_ON_FAILURE): NOT_RUN: callTestCase(findTestCase("Components/HighlightInputFieldXPI"), ["FldNm":"inspModule", "index":1], STOP_ON_FAILURE)

2020-05-29 02:46:49 - [MESSAGE][NOT_RUN] - NOT_RUN: callTestCase(findTestCase("Components/HighlightInputFieldXPI"), ["FldNm":"inspModule", "index":1], STOP_ON_FAILURE)

2020-05-29 02:46:49 - [TEST_STEP][PASSED] - callTestCase(findTestCase("Components/SelectAllThenDeleteIndex"), ["nameToBeUsed":"inspModule", "index":"1"], STOP_ON_FAILURE): Call Test Case 'Test Cases/Components/SelectAllThenDeleteIndex' successfully

2020-05-29 02:46:53 - [TEST_CASE][PASSED] - Test Cases/Components/SelectAllThenDeleteIndex: Test Cases/Components/SelectAllThenDeleteIndex

2020-05-29 02:46:53 - [TEST_STEP][PASSED] - Thread.sleep(1000): null

2020-05-29 02:46:54 - [TEST_STEP][PASSED] - modifiedObj = modifyObjectProperty(findTestObject("Object Repository/Objects.HighlightElements/input_field_index"), "xpath", "equals", "(//*[contains(@class,'x-form-text') and (@name='" + nameToBeUsed + "')])[" + index + "]", true): Modify property of object successfully

2020-05-29 02:48:02 - [MESSAGE][PASSED] - Modify property of object successfully

2020-05-29 02:48:02 - [TEST_STEP][PASSED] - focus(modifiedObj): Object: 'Object Repository/Objects.HighlightElements/input_field_index' is focused

2020-05-29 02:48:04 - [MESSAGE][PASSED] - Object: 'Object Repository/Objects.HighlightElements/input_field_index' is focused

2020-05-29 02:48:04 - [TEST_STEP][PASSED] - sendKeys(modifiedObj, Keys.chord(CONTROL, "a")): Keys 'CONTROL + a' sent to object: 'Object Repository/Objects.HighlightElements/input_field_index'

2020-05-29 02:48:06 - [MESSAGE][PASSED] - Keys 'CONTROL + a' sent to object: 'Object Repository/Objects.HighlightElements/input_field_index'

2020-05-29 02:48:06 - [TEST_STEP][PASSED] - sendKeys(modifiedObj, Keys.chord(DELETE)): Keys 'DELETE + ' sent to object: 'Object Repository/Objects.HighlightElements/input_field_index'

2020-05-29 02:48:08 - [MESSAGE][PASSED] - Keys 'DELETE + ' sent to object: 'Object Repository/Objects.HighlightElements/input_field_index'

2020-05-29 02:48:08 - [MESSAGE][PASSED] - Call Test Case 'Test Cases/Components/SelectAllThenDeleteIndex' successfully

2020-05-29 02:48:08 - [TEST_STEP][PASSED] - callTestCase(findTestCase("PFI Precision and Scale/PFI Components with Indexing/RequiredFieldValidationIndex"), ["nameToBeUsed":"inspModule", "index":1], STOP_ON_FAILURE): Call Test Case 'Test Cases/PFI Precision and Scale/PFI Components with Indexing/RequiredFieldValidationIndex' successfully

2020-05-29 02:48:14 - [TEST_CASE][PASSED] - Test Cases/PFI Precision and Scale/PFI Components with Indexing/RequiredFieldValidationIndex: Test Cases/PFI Precision and Scale/PFI Components with Indexing/RequiredFieldValidationIndex

2020-05-29 02:48:18 - [TEST_STEP][PASSED] - enableSmartWait(): null

2020-05-29 02:48:19 - [TEST_STEP][PASSED] - NewInputNmField = modifyObjectProperty(findTestObject("Objects.HighlightElements/input_field_index"), "xpath", "equals", "(//*[contains(@class,'x-form-text') and (@name='" + nameToBeUsed + "')])[" + index + "]", true): Modify property of object successfully

2020-05-29 02:49:36 - [MESSAGE][PASSED] - Modify property of object successfully

2020-05-29 02:49:36 - [TEST_STEP][PASSED] - mouseOver(NewInputNmField): Object: 'Object Repository/Objects.HighlightElements/input_field_index' is hovered

2020-05-29 02:49:40 - [MESSAGE][PASSED] - Object: 'Object Repository/Objects.HighlightElements/input_field_index' is hovered

2020-05-29 02:49:40 - [TEST_STEP][PASSED] - getRqErrMsg = getAttribute(NewInputNmField, "data-errorqtip"): Attribute 'data-errorqtip' of object 'Object Repository/Objects.HighlightElements/input_field_index' is: '<ul class="x-list-plain"><li>This field is required</li></ul>'

2020-05-29 02:49:41 - [MESSAGE][PASSED] - Attribute 'data-errorqtip' of object 'Object Repository/Objects.HighlightElements/input_field_index' is: '<ul class="x-list-plain"><li>This field is required</li></ul>'

2020-05-29 02:49:41 - [TEST_STEP][PASSED] - strToolTip = getRqErrMsg.substring(29, 61): null

2020-05-29 02:49:41 - [TEST_STEP][PASSED] - toolTipReqErrMsg = strToolTip.substring(0, 22): null

2020-05-29 02:49:41 - [TEST_STEP][PASSED] - verifyMatch(toolTipReqErrMsg, RqField, true): Actual text 'This field is required' and expected text 'This field is required' are matched  using regular expression

2020-05-29 02:49:42 - [MESSAGE][PASSED] - Actual text 'This field is required' and expected text 'This field is required' are matched  using regular expression

2020-05-29 02:49:42 - [MESSAGE][PASSED] - Call Test Case 'Test Cases/PFI Precision and Scale/PFI Components with Indexing/RequiredFieldValidationIndex' successfully

2020-05-29 02:49:42 - [TEST_STEP][PASSED] - callTestCase(findTestCase("PFI Precision and Scale/PFI Components with Indexing/VerifyDropdownValuesXPI"), ["FldNm":"inspModule", "index":1, "CallTCName":"PFI Precision and Scale/PFI Components/ConstantHashMap", "cmbNm":"ModuleNm", ... ], STOP_ON_FAILURE): Call Test Case 'Test Cases/PFI Precision and Scale/PFI Components with Indexing/VerifyDropdownValuesXPI' successfully

2020-05-29 02:49:50 - [TEST_CASE][PASSED] - Test Cases/PFI Precision and Scale/PFI Components with Indexing/VerifyDropdownValuesXPI: Test Cases/PFI Precision and Scale/PFI Components with Indexing/VerifyDropdownValuesXPI

2020-05-29 02:49:55 - [TEST_STEP][PASSED] - Thread.sleep(1000): null

2020-05-29 02:49:56 - [TEST_STEP][PASSED] - NewInputNmField = modifyObjectProperty(findTestObject("Object Repository/Objects.HighlightElements/input_field_index"), "xpath", "equals", "(//*[contains(@name, '" + FldNm + "')])[" + index + "]", true): Modify property of object successfully

2020-05-29 02:50:07 - [MESSAGE][PASSED] - Modify property of object successfully

2020-05-29 02:50:07 - [TEST_STEP][PASSED] - comboNm = cmbNm: null

2020-05-29 02:50:07 - [TEST_STEP][PASSED] - focus(NewInputNmField): Object: 'Object Repository/Objects.HighlightElements/input_field_index' is focused

2020-05-29 02:50:07 - [MESSAGE][PASSED] - Object: 'Object Repository/Objects.HighlightElements/input_field_index' is focused

2020-05-29 02:50:07 - [TEST_STEP][PASSED] - setText(NewInputNmField, EnterValue): Text 'PSI' is set on object 'Object Repository/Objects.HighlightElements/input_field_index'

2020-05-29 02:50:08 - [MESSAGE][PASSED] - Text 'PSI' is set on object 'Object Repository/Objects.HighlightElements/input_field_index'

2020-05-29 02:50:08 - [TEST_STEP][PASSED] - for ([i = 1, i <= NoOfVal, (i++)]): Keys 'DOWN + ' sent to object: 'Object Repository/Objects.HighlightElements/input_field_index'

2020-05-29 02:50:08 - [TEST_STEP][PASSED] - sendKeys(NewInputNmField, Keys.chord(ARROW_DOWN)): Keys 'DOWN + ' sent to object: 'Object Repository/Objects.HighlightElements/input_field_index'

2020-05-29 02:50:08 - [MESSAGE][PASSED] - Keys 'DOWN + ' sent to object: 'Object Repository/Objects.HighlightElements/input_field_index'

2020-05-29 02:50:08 - [TEST_STEP][PASSED] - delay(DelayTime): Delayed 0 second(s)

2020-05-29 02:50:09 - [MESSAGE][PASSED] - Delayed 0 second(s)

2020-05-29 02:50:09 - [TEST_STEP][PASSED] - sendKeys(NewInputNmField, Keys.chord(ENTER)): Keys 'ENTER + ' sent to object: 'Object Repository/Objects.HighlightElements/input_field_index'

2020-05-29 02:50:09 - [MESSAGE][PASSED] - Keys 'ENTER + ' sent to object: 'Object Repository/Objects.HighlightElements/input_field_index'

2020-05-29 02:50:09 - [TEST_STEP][PASSED] - ComboBoxValue = getAttribute(NewInputNmField, "value"): Attribute 'value' of object 'Object Repository/Objects.HighlightElements/input_field_index' is: 'PSI'

2020-05-29 02:50:11 - [MESSAGE][PASSED] - Attribute 'value' of object 'Object Repository/Objects.HighlightElements/input_field_index' is: 'PSI'

2020-05-29 02:50:11 - [TEST_STEP][PASSED] - callTestCase(findTestCase(CallTCName), ["FindValue":ComboBoxValue, "DropdownNm":comboNm], STOP_ON_FAILURE): Call Test Case 'Test Cases/PFI Precision and Scale/PFI Components/ConstantHashMap' successfully

2020-05-29 02:50:12 - [TEST_CASE][PASSED] - Test Cases/PFI Precision and Scale/PFI Components/ConstantHashMap: Test Cases/PFI Precision and Scale/PFI Components/ConstantHashMap

2020-05-29 02:50:12 - [TEST_STEP][PASSED] - ConstantTBL = [1:["PeriodType":"Working Day(s)"], 2:["PeriodType":"Calendar Day(s)"], 3:["PeriodType":"Month(s)"], 4:["TypeOfLetter":"T1"], ... ]: null

2020-05-29 02:50:12 - [TEST_STEP][PASSED] - switch (DropdownNm): null

2020-05-29 02:50:12 - [TEST_STEP][PASSED] - case "ModuleNm":: null

2020-05-29 02:50:12 - [TEST_STEP][PASSED] - ValueFound = ConstantTBL.find({ -> ... }): null

2020-05-29 02:50:12 - [TEST_STEP][PASSED] - break: null

2020-05-29 02:50:12 - [MESSAGE][PASSED] - Call Test Case 'Test Cases/PFI Precision and Scale/PFI Components/ConstantHashMap' successfully

2020-05-29 02:50:12 - [TEST_STEP][PASSED] - println(ValueFound): null

2020-05-29 02:50:12 - [TEST_STEP][PASSED] - sendKeys(NewInputNmField, Keys.chord(ARROW_DOWN)): Keys 'DOWN + ' sent to object: 'Object Repository/Objects.HighlightElements/input_field_index'

2020-05-29 02:50:12 - [MESSAGE][PASSED] - Keys 'DOWN + ' sent to object: 'Object Repository/Objects.HighlightElements/input_field_index'

2020-05-29 02:50:12 - [TEST_STEP][PASSED] - sendKeys(NewInputNmField, Keys.chord(ENTER)): Keys 'ENTER + ' sent to object: 'Object Repository/Objects.HighlightElements/input_field_index'

2020-05-29 02:50:13 - [MESSAGE][PASSED] - Keys 'ENTER + ' sent to object: 'Object Repository/Objects.HighlightElements/input_field_index'

2020-05-29 02:50:13 - [MESSAGE][PASSED] - Call Test Case 'Test Cases/PFI Precision and Scale/PFI Components with Indexing/VerifyDropdownValuesXPI' successfully

2020-05-29 02:50:13 - [TEST_STEP][NOT_RUN] - callTestCase(findTestCase("Components/HighlightLabelField"), ["LblName":"App Code:"], STOP_ON_FAILURE): NOT_RUN: callTestCase(findTestCase("Components/HighlightLabelField"), ["LblName":"App Code:"], STOP_ON_FAILURE)

2020-05-29 02:50:13 - [MESSAGE][NOT_RUN] - NOT_RUN: callTestCase(findTestCase("Components/HighlightLabelField"), ["LblName":"App Code:"], STOP_ON_FAILURE)

2020-05-29 02:50:13 - [TEST_STEP][NOT_RUN] - callTestCase(findTestCase("Components/HighlightInputFieldXPI"), ["FldNm":"inspCaseType", "index":1], STOP_ON_FAILURE): NOT_RUN: callTestCase(findTestCase("Components/HighlightInputFieldXPI"), ["FldNm":"inspCaseType", "index":1], STOP_ON_FAILURE)

2020-05-29 02:50:13 - [MESSAGE][NOT_RUN] - NOT_RUN: callTestCase(findTestCase("Components/HighlightInputFieldXPI"), ["FldNm":"inspCaseType", "index":1], STOP_ON_FAILURE)

2020-05-29 02:50:13 - [TEST_STEP][PASSED] - callTestCase(findTestCase("PFI Precision and Scale/PFI Components with Indexing/VerifyDropdownValuesXPI"), ["FldNm":"inspCaseType", "index":1, "CallTCName":"PFI Precision and Scale/PFI Components/ConstantHashMap", "cmbNm":"PSI", "NoOfVal":25, ... ], STOP_ON_FAILURE): Call Test Case 'Test Cases/PFI Precision and Scale/PFI Components with Indexing/VerifyDropdownValuesXPI' successfully

2020-05-29 02:50:13 - [TEST_CASE][PASSED] - Test Cases/PFI Precision and Scale/PFI Components with Indexing/VerifyDropdownValuesXPI: Test Cases/PFI Precision and Scale/PFI Components with Indexing/VerifyDropdownValuesXPI

2020-05-29 02:50:13 - [TEST_STEP][PASSED] - Thread.sleep(1000): null

2020-05-29 02:50:14 - [TEST_STEP][PASSED] - NewInputNmField = modifyObjectProperty(findTestObject("Object Repository/Objects.HighlightElements/input_field_index"), "xpath", "equals", "(//*[contains(@name, '" + FldNm + "')])[" + index + "]", true): Modify property of object successfully

2020-05-29 02:50:14 - [MESSAGE][PASSED] - Modify property of object successfully

2020-05-29 02:50:14 - [TEST_STEP][PASSED] - comboNm = cmbNm: null

2020-05-29 02:50:14 - [TEST_STEP][PASSED] - focus(NewInputNmField): Object: 'Object Repository/Objects.HighlightElements/input_field_index' is focused

2020-05-29 02:50:14 - [MESSAGE][PASSED] - Object: 'Object Repository/Objects.HighlightElements/input_field_index' is focused

2020-05-29 02:50:14 - [TEST_STEP][PASSED] - setText(NewInputNmField, EnterValue): Text '' is set on object 'Object Repository/Objects.HighlightElements/input_field_index'

2020-05-29 02:50:14 - [MESSAGE][PASSED] - Text '' is set on object 'Object Repository/Objects.HighlightElements/input_field_index'

2020-05-29 02:50:14 - [TEST_STEP][PASSED] - for ([i = 1, i <= NoOfVal, (i++)]): Keys 'DOWN + ' sent to object: 'Object Repository/Objects.HighlightElements/input_field_index'

2020-05-29 02:50:14 - [TEST_STEP][PASSED] - sendKeys(NewInputNmField, Keys.chord(ARROW_DOWN)): Keys 'DOWN + ' sent to object: 'Object Repository/Objects.HighlightElements/input_field_index'

2020-05-29 02:50:15 - [MESSAGE][PASSED] - Keys 'DOWN + ' sent to object: 'Object Repository/Objects.HighlightElements/input_field_index'

2020-05-29 02:50:15 - [TEST_STEP][PASSED] - delay(DelayTime): Delayed 2 second(s)

2020-05-29 02:50:17 - [MESSAGE][PASSED] - Delayed 2 second(s)

2020-05-29 02:50:17 - [TEST_STEP][PASSED] - sendKeys(NewInputNmField, Keys.chord(ENTER)): Keys 'ENTER + ' sent to object: 'Object Repository/Objects.HighlightElements/input_field_index'

2020-05-29 02:50:17 - [MESSAGE][PASSED] - Keys 'ENTER + ' sent to object: 'Object Repository/Objects.HighlightElements/input_field_index'

2020-05-29 02:50:17 - [TEST_STEP][PASSED] - ComboBoxValue = getAttribute(NewInputNmField, "value"): Attribute 'value' of object 'Object Repository/Objects.HighlightElements/input_field_index' is: 'Corres-Request for Extension of Time (CORRES-PSI-EXT)'

2020-05-29 02:50:17 - [MESSAGE][PASSED] - Attribute 'value' of object 'Object Repository/Objects.HighlightElements/input_field_index' is: 'Corres-Request for Extension of Time (CORRES-PSI-EXT)'

2020-05-29 02:50:17 - [TEST_STEP][PASSED] - callTestCase(findTestCase(CallTCName), ["FindValue":ComboBoxValue, "DropdownNm":comboNm], STOP_ON_FAILURE): Call Test Case 'Test Cases/PFI Precision and Scale/PFI Components/ConstantHashMap' successfully

2020-05-29 02:50:17 - [TEST_CASE][PASSED] - Test Cases/PFI Precision and Scale/PFI Components/ConstantHashMap: Test Cases/PFI Precision and Scale/PFI Components/ConstantHashMap

2020-05-29 02:50:17 - [TEST_STEP][PASSED] - ConstantTBL = [1:["PeriodType":"Working Day(s)"], 2:["PeriodType":"Calendar Day(s)"], 3:["PeriodType":"Month(s)"], 4:["TypeOfLetter":"T1"], ... ]: null

2020-05-29 02:50:17 - [TEST_STEP][PASSED] - switch (DropdownNm): null

2020-05-29 02:50:17 - [TEST_STEP][PASSED] - case "PSI":: null

2020-05-29 02:50:17 - [TEST_STEP][PASSED] - ValueFound = ConstantTBL.find({ -> ... }): null

2020-05-29 02:50:17 - [TEST_STEP][PASSED] - break: null

2020-05-29 02:50:17 - [MESSAGE][PASSED] - Call Test Case 'Test Cases/PFI Precision and Scale/PFI Components/ConstantHashMap' successfully

2020-05-29 02:50:17 - [TEST_STEP][PASSED] - println(ValueFound): null

2020-05-29 02:50:17 - [TEST_STEP][PASSED] - sendKeys(NewInputNmField, Keys.chord(ARROW_DOWN)): Keys 'DOWN + ' sent to object: 'Object Repository/Objects.HighlightElements/input_field_index'

2020-05-29 02:50:18 - [MESSAGE][PASSED] - Keys 'DOWN + ' sent to object: 'Object Repository/Objects.HighlightElements/input_field_index'

2020-05-29 02:50:18 - [TEST_STEP][PASSED] - sendKeys(NewInputNmField, Keys.chord(ARROW_DOWN)): Keys 'DOWN + ' sent to object: 'Object Repository/Objects.HighlightElements/input_field_index'

2020-05-29 02:50:18 - [MESSAGE][PASSED] - Keys 'DOWN + ' sent to object: 'Object Repository/Objects.HighlightElements/input_field_index'

2020-05-29 02:50:18 - [TEST_STEP][PASSED] - delay(DelayTime): Delayed 2 second(s)

2020-05-29 02:50:20 - [MESSAGE][PASSED] - Delayed 2 second(s)

2020-05-29 02:50:20 - [TEST_STEP][PASSED] - sendKeys(NewInputNmField, Keys.chord(ENTER)): Keys 'ENTER + ' sent to object: 'Object Repository/Objects.HighlightElements/input_field_index'

2020-05-29 02:50:20 - [MESSAGE][PASSED] - Keys 'ENTER + ' sent to object: 'Object Repository/Objects.HighlightElements/input_field_index'

2020-05-29 02:50:20 - [TEST_STEP][PASSED] - ComboBoxValue = getAttribute(NewInputNmField, "value"): Attribute 'value' of object 'Object Repository/Objects.HighlightElements/input_field_index' is: 'Corres-General Correspondence (CORRES-PSI-GC)'

2020-05-29 02:50:21 - [MESSAGE][PASSED] - Attribute 'value' of object 'Object Repository/Objects.HighlightElements/input_field_index' is: 'Corres-General Correspondence (CORRES-PSI-GC)'

2020-05-29 02:50:21 - [TEST_STEP][PASSED] - callTestCase(findTestCase(CallTCName), ["FindValue":ComboBoxValue, "DropdownNm":comboNm], STOP_ON_FAILURE): Call Test Case 'Test Cases/PFI Precision and Scale/PFI Components/ConstantHashMap' successfully

2020-05-29 02:50:21 - [TEST_CASE][PASSED] - Test Cases/PFI Precision and Scale/PFI Components/ConstantHashMap: Test Cases/PFI Precision and Scale/PFI Components/ConstantHashMap

2020-05-29 02:50:21 - [TEST_STEP][PASSED] - ConstantTBL = [1:["PeriodType":"Working Day(s)"], 2:["PeriodType":"Calendar Day(s)"], 3:["PeriodType":"Month(s)"], 4:["TypeOfLetter":"T1"], ... ]: null

2020-05-29 02:50:21 - [TEST_STEP][PASSED] - switch (DropdownNm): null

2020-05-29 02:50:21 - [TEST_STEP][PASSED] - case "PSI":: null

2020-05-29 02:50:21 - [TEST_STEP][PASSED] - ValueFound = ConstantTBL.find({ -> ... }): null

2020-05-29 02:50:21 - [TEST_STEP][PASSED] - break: null

2020-05-29 02:50:21 - [MESSAGE][PASSED] - Call Test Case 'Test Cases/PFI Precision and Scale/PFI Components/ConstantHashMap' successfully

2020-05-29 02:50:21 - [TEST_STEP][PASSED] - println(ValueFound): null

2020-05-29 02:50:21 - [TEST_STEP][PASSED] - sendKeys(NewInputNmField, Keys.chord(ARROW_DOWN)): Keys 'DOWN + ' sent to object: 'Object Repository/Objects.HighlightElements/input_field_index'

2020-05-29 02:50:21 - [MESSAGE][PASSED] - Keys 'DOWN + ' sent to object: 'Object Repository/Objects.HighlightElements/input_field_index'

2020-05-29 02:50:21 - [TEST_STEP][PASSED] - sendKeys(NewInputNmField, Keys.chord(ARROW_DOWN)): Keys 'DOWN + ' sent to object: 'Object Repository/Objects.HighlightElements/input_field_index'

2020-05-29 02:50:22 - [MESSAGE][PASSED] - Keys 'DOWN + ' sent to object: 'Object Repository/Objects.HighlightElements/input_field_index'

2020-05-29 02:50:22 - [TEST_STEP][PASSED] - delay(DelayTime): Delayed 2 second(s)

2020-05-29 02:50:24 - [MESSAGE][PASSED] - Delayed 2 second(s)

2020-05-29 02:50:24 - [TEST_STEP][PASSED] - sendKeys(NewInputNmField, Keys.chord(ENTER)): Keys 'ENTER + ' sent to object: 'Object Repository/Objects.HighlightElements/input_field_index'

2020-05-29 02:50:24 - [MESSAGE][PASSED] - Keys 'ENTER + ' sent to object: 'Object Repository/Objects.HighlightElements/input_field_index'

2020-05-29 02:50:24 - [TEST_STEP][PASSED] - ComboBoxValue = getAttribute(NewInputNmField, "value"): Attribute 'value' of object 'Object Repository/Objects.HighlightElements/input_field_index' is: 'Corres-Request for Submission Withdrawal (CORRES-PSI-SUBWTH)'

2020-05-29 02:50:24 - [MESSAGE][PASSED] - Attribute 'value' of object 'Object Repository/Objects.HighlightElements/input_field_index' is: 'Corres-Request for Submission Withdrawal (CORRES-PSI-SUBWTH)'

2020-05-29 02:50:24 - [TEST_STEP][PASSED] - callTestCase(findTestCase(CallTCName), ["FindValue":ComboBoxValue, "DropdownNm":comboNm], STOP_ON_FAILURE): Call Test Case 'Test Cases/PFI Precision and Scale/PFI Components/ConstantHashMap' successfully

2020-05-29 02:50:24 - [TEST_CASE][PASSED] - Test Cases/PFI Precision and Scale/PFI Components/ConstantHashMap: Test Cases/PFI Precision and Scale/PFI Components/ConstantHashMap

2020-05-29 02:50:24 - [TEST_STEP][PASSED] - ConstantTBL = [1:["PeriodType":"Working Day(s)"], 2:["PeriodType":"Calendar Day(s)"], 3:["PeriodType":"Month(s)"], 4:["TypeOfLetter":"T1"], ... ]: null

2020-05-29 02:50:24 - [TEST_STEP][PASSED] - switch (DropdownNm): null

2020-05-29 02:50:24 - [TEST_STEP][PASSED] - case "PSI":: null

2020-05-29 02:50:24 - [TEST_STEP][PASSED] - ValueFound = ConstantTBL.find({ -> ... }): null

2020-05-29 02:50:24 - [TEST_STEP][PASSED] - break: null

2020-05-29 02:50:24 - [MESSAGE][PASSED] - Call Test Case 'Test Cases/PFI Precision and Scale/PFI Components/ConstantHashMap' successfully

2020-05-29 02:50:24 - [TEST_STEP][PASSED] - println(ValueFound): null

2020-05-29 02:50:24 - [TEST_STEP][PASSED] - sendKeys(NewInputNmField, Keys.chord(ARROW_DOWN)): Keys 'DOWN + ' sent to object: 'Object Repository/Objects.HighlightElements/input_field_index'

2020-05-29 02:50:25 - [MESSAGE][PASSED] - Keys 'DOWN + ' sent to object: 'Object Repository/Objects.HighlightElements/input_field_index'

2020-05-29 02:50:25 - [TEST_STEP][PASSED] - sendKeys(NewInputNmField, Keys.chord(ARROW_DOWN)): Keys 'DOWN + ' sent to object: 'Object Repository/Objects.HighlightElements/input_field_index'

2020-05-29 02:50:25 - [MESSAGE][PASSED] - Keys 'DOWN + ' sent to object: 'Object Repository/Objects.HighlightElements/input_field_index'

2020-05-29 02:50:25 - [TEST_STEP][PASSED] - delay(DelayTime): Delayed 2 second(s)

2020-05-29 02:50:27 - [MESSAGE][PASSED] - Delayed 2 second(s)

2020-05-29 02:50:27 - [TEST_STEP][PASSED] - sendKeys(NewInputNmField, Keys.chord(ENTER)): Keys 'ENTER + ' sent to object: 'Object Repository/Objects.HighlightElements/input_field_index'

2020-05-29 02:50:27 - [MESSAGE][PASSED] - Keys 'ENTER + ' sent to object: 'Object Repository/Objects.HighlightElements/input_field_index'

2020-05-29 02:50:27 - [TEST_STEP][PASSED] - ComboBoxValue = getAttribute(NewInputNmField, "value"): Attribute 'value' of object 'Object Repository/Objects.HighlightElements/input_field_index' is: 'Bldg Rec Upload (PSI-UPLD)'

2020-05-29 02:50:28 - [MESSAGE][PASSED] - Attribute 'value' of object 'Object Repository/Objects.HighlightElements/input_field_index' is: 'Bldg Rec Upload (PSI-UPLD)'

2020-05-29 02:50:28 - [TEST_STEP][PASSED] - callTestCase(findTestCase(CallTCName), ["FindValue":ComboBoxValue, "DropdownNm":comboNm], STOP_ON_FAILURE): Call Test Case 'Test Cases/PFI Precision and Scale/PFI Components/ConstantHashMap' successfully

2020-05-29 02:50:28 - [TEST_CASE][PASSED] - Test Cases/PFI Precision and Scale/PFI Components/ConstantHashMap: Test Cases/PFI Precision and Scale/PFI Components/ConstantHashMap

2020-05-29 02:50:28 - [TEST_STEP][PASSED] - ConstantTBL = [1:["PeriodType":"Working Day(s)"], 2:["PeriodType":"Calendar Day(s)"], 3:["PeriodType":"Month(s)"], 4:["TypeOfLetter":"T1"], ... ]: null

2020-05-29 02:50:28 - [TEST_STEP][PASSED] - switch (DropdownNm): null

2020-05-29 02:50:28 - [TEST_STEP][PASSED] - case "PSI":: null

2020-05-29 02:50:28 - [TEST_STEP][PASSED] - ValueFound = ConstantTBL.find({ -> ... }): null

2020-05-29 02:50:28 - [TEST_STEP][PASSED] - break: null

2020-05-29 02:50:28 - [MESSAGE][PASSED] - Call Test Case 'Test Cases/PFI Precision and Scale/PFI Components/ConstantHashMap' successfully

2020-05-29 02:50:28 - [TEST_STEP][PASSED] - println(ValueFound): null

2020-05-29 02:50:28 - [TEST_STEP][PASSED] - sendKeys(NewInputNmField, Keys.chord(ARROW_DOWN)): Keys 'DOWN + ' sent to object: 'Object Repository/Objects.HighlightElements/input_field_index'

2020-05-29 02:50:28 - [MESSAGE][PASSED] - Keys 'DOWN + ' sent to object: 'Object Repository/Objects.HighlightElements/input_field_index'

2020-05-29 02:50:28 - [TEST_STEP][PASSED] - sendKeys(NewInputNmField, Keys.chord(ARROW_DOWN)): Keys 'DOWN + ' sent to object: 'Object Repository/Objects.HighlightElements/input_field_index'

2020-05-29 02:50:29 - [MESSAGE][PASSED] - Keys 'DOWN + ' sent to object: 'Object Repository/Objects.HighlightElements/input_field_index'

2020-05-29 02:50:29 - [TEST_STEP][PASSED] - delay(DelayTime): Delayed 2 second(s)

2020-05-29 02:50:31 - [MESSAGE][PASSED] - Delayed 2 second(s)

2020-05-29 02:50:31 - [TEST_STEP][PASSED] - sendKeys(NewInputNmField, Keys.chord(ENTER)): Keys 'ENTER + ' sent to object: 'Object Repository/Objects.HighlightElements/input_field_index'

2020-05-29 02:50:31 - [MESSAGE][PASSED] - Keys 'ENTER + ' sent to object: 'Object Repository/Objects.HighlightElements/input_field_index'

2020-05-29 02:50:31 - [TEST_STEP][PASSED] - ComboBoxValue = getAttribute(NewInputNmField, "value"): Attribute 'value' of object 'Object Repository/Objects.HighlightElements/input_field_index' is: 'PSI Processing (SM)'

2020-05-29 02:50:31 - [MESSAGE][PASSED] - Attribute 'value' of object 'Object Repository/Objects.HighlightElements/input_field_index' is: 'PSI Processing (SM)'

2020-05-29 02:50:31 - [TEST_STEP][PASSED] - callTestCase(findTestCase(CallTCName), ["FindValue":ComboBoxValue, "DropdownNm":comboNm], STOP_ON_FAILURE): Call Test Case 'Test Cases/PFI Precision and Scale/PFI Components/ConstantHashMap' successfully

2020-05-29 02:50:31 - [TEST_CASE][PASSED] - Test Cases/PFI Precision and Scale/PFI Components/ConstantHashMap: Test Cases/PFI Precision and Scale/PFI Components/ConstantHashMap

2020-05-29 02:50:31 - [TEST_STEP][PASSED] - ConstantTBL = [1:["PeriodType":"Working Day(s)"], 2:["PeriodType":"Calendar Day(s)"], 3:["PeriodType":"Month(s)"], 4:["TypeOfLetter":"T1"], ... ]: null

2020-05-29 02:50:31 - [TEST_STEP][PASSED] - switch (DropdownNm): null

2020-05-29 02:50:31 - [TEST_STEP][PASSED] - case "PSI":: null

2020-05-29 02:50:31 - [TEST_STEP][PASSED] - ValueFound = ConstantTBL.find({ -> ... }): null

2020-05-29 02:50:31 - [TEST_STEP][PASSED] - break: null

2020-05-29 02:50:31 - [MESSAGE][PASSED] - Call Test Case 'Test Cases/PFI Precision and Scale/PFI Components/ConstantHashMap' successfully

2020-05-29 02:50:31 - [TEST_STEP][PASSED] - println(ValueFound): null

2020-05-29 02:50:31 - [TEST_STEP][PASSED] - sendKeys(NewInputNmField, Keys.chord(ARROW_DOWN)): Keys 'DOWN + ' sent to object: 'Object Repository/Objects.HighlightElements/input_field_index'

2020-05-29 02:50:32 - [MESSAGE][PASSED] - Keys 'DOWN + ' sent to object: 'Object Repository/Objects.HighlightElements/input_field_index'

2020-05-29 02:50:32 - [TEST_STEP][PASSED] - sendKeys(NewInputNmField, Keys.chord(ARROW_DOWN)): Keys 'DOWN + ' sent to object: 'Object Repository/Objects.HighlightElements/input_field_index'

2020-05-29 02:50:32 - [MESSAGE][PASSED] - Keys 'DOWN + ' sent to object: 'Object Repository/Objects.HighlightElements/input_field_index'

2020-05-29 02:50:32 - [TEST_STEP][PASSED] - delay(DelayTime): Delayed 2 second(s)

2020-05-29 02:50:34 - [MESSAGE][PASSED] - Delayed 2 second(s)

2020-05-29 02:50:34 - [TEST_STEP][PASSED] - sendKeys(NewInputNmField, Keys.chord(ENTER)): Keys 'ENTER + ' sent to object: 'Object Repository/Objects.HighlightElements/input_field_index'

2020-05-29 02:50:34 - [MESSAGE][PASSED] - Keys 'ENTER + ' sent to object: 'Object Repository/Objects.HighlightElements/input_field_index'

2020-05-29 02:50:34 - [TEST_STEP][PASSED] - ComboBoxValue = getAttribute(NewInputNmField, "value"): Attribute 'value' of object 'Object Repository/Objects.HighlightElements/input_field_index' is: 'PSI Audit Processing (SM_A)'

2020-05-29 02:50:35 - [MESSAGE][PASSED] - Attribute 'value' of object 'Object Repository/Objects.HighlightElements/input_field_index' is: 'PSI Audit Processing (SM_A)'

2020-05-29 02:50:35 - [TEST_STEP][PASSED] - callTestCase(findTestCase(CallTCName), ["FindValue":ComboBoxValue, "DropdownNm":comboNm], STOP_ON_FAILURE): Call Test Case 'Test Cases/PFI Precision and Scale/PFI Components/ConstantHashMap' successfully

2020-05-29 02:50:35 - [TEST_CASE][PASSED] - Test Cases/PFI Precision and Scale/PFI Components/ConstantHashMap: Test Cases/PFI Precision and Scale/PFI Components/ConstantHashMap

2020-05-29 02:50:35 - [TEST_STEP][PASSED] - ConstantTBL = [1:["PeriodType":"Working Day(s)"], 2:["PeriodType":"Calendar Day(s)"], 3:["PeriodType":"Month(s)"], 4:["TypeOfLetter":"T1"], ... ]: null

2020-05-29 02:50:35 - [TEST_STEP][PASSED] - switch (DropdownNm): null

2020-05-29 02:50:35 - [TEST_STEP][PASSED] - case "PSI":: null

2020-05-29 02:50:35 - [TEST_STEP][PASSED] - ValueFound = ConstantTBL.find({ -> ... }): null

2020-05-29 02:50:35 - [TEST_STEP][PASSED] - break: null

2020-05-29 02:50:35 - [MESSAGE][PASSED] - Call Test Case 'Test Cases/PFI Precision and Scale/PFI Components/ConstantHashMap' successfully

2020-05-29 02:50:35 - [TEST_STEP][PASSED] - println(ValueFound): null

2020-05-29 02:50:35 - [TEST_STEP][PASSED] - sendKeys(NewInputNmField, Keys.chord(ARROW_DOWN)): Keys 'DOWN + ' sent to object: 'Object Repository/Objects.HighlightElements/input_field_index'

2020-05-29 02:50:35 - [MESSAGE][PASSED] - Keys 'DOWN + ' sent to object: 'Object Repository/Objects.HighlightElements/input_field_index'

2020-05-29 02:50:35 - [TEST_STEP][PASSED] - sendKeys(NewInputNmField, Keys.chord(ARROW_DOWN)): Keys 'DOWN + ' sent to object: 'Object Repository/Objects.HighlightElements/input_field_index'

2020-05-29 02:50:36 - [MESSAGE][PASSED] - Keys 'DOWN + ' sent to object: 'Object Repository/Objects.HighlightElements/input_field_index'

2020-05-29 02:50:36 - [TEST_STEP][PASSED] - delay(DelayTime): Delayed 2 second(s)

2020-05-29 02:50:38 - [MESSAGE][PASSED] - Delayed 2 second(s)

2020-05-29 02:50:38 - [TEST_STEP][PASSED] - sendKeys(NewInputNmField, Keys.chord(ENTER)): Keys 'ENTER + ' sent to object: 'Object Repository/Objects.HighlightElements/input_field_index'

2020-05-29 02:50:38 - [MESSAGE][PASSED] - Keys 'ENTER + ' sent to object: 'Object Repository/Objects.HighlightElements/input_field_index'

2020-05-29 02:50:38 - [TEST_STEP][PASSED] - ComboBoxValue = getAttribute(NewInputNmField, "value"): Attribute 'value' of object 'Object Repository/Objects.HighlightElements/input_field_index' is: 'PSI Ad Hoc Processing (SM_AH)'

2020-05-29 02:50:38 - [MESSAGE][PASSED] - Attribute 'value' of object 'Object Repository/Objects.HighlightElements/input_field_index' is: 'PSI Ad Hoc Processing (SM_AH)'

2020-05-29 02:50:38 - [TEST_STEP][PASSED] - callTestCase(findTestCase(CallTCName), ["FindValue":ComboBoxValue, "DropdownNm":comboNm], STOP_ON_FAILURE): Call Test Case 'Test Cases/PFI Precision and Scale/PFI Components/ConstantHashMap' successfully

2020-05-29 02:50:38 - [TEST_CASE][PASSED] - Test Cases/PFI Precision and Scale/PFI Components/ConstantHashMap: Test Cases/PFI Precision and Scale/PFI Components/ConstantHashMap

2020-05-29 02:50:38 - [TEST_STEP][PASSED] - ConstantTBL = [1:["PeriodType":"Working Day(s)"], 2:["PeriodType":"Calendar Day(s)"], 3:["PeriodType":"Month(s)"], 4:["TypeOfLetter":"T1"], ... ]: null

2020-05-29 02:50:38 - [TEST_STEP][PASSED] - switch (DropdownNm): null

2020-05-29 02:50:38 - [TEST_STEP][PASSED] - case "PSI":: null

2020-05-29 02:50:38 - [TEST_STEP][PASSED] - ValueFound = ConstantTBL.find({ -> ... }): null

2020-05-29 02:50:38 - [TEST_STEP][PASSED] - break: null

2020-05-29 02:50:38 - [MESSAGE][PASSED] - Call Test Case 'Test Cases/PFI Precision and Scale/PFI Components/ConstantHashMap' successfully

2020-05-29 02:50:38 - [TEST_STEP][PASSED] - println(ValueFound): null

2020-05-29 02:50:38 - [TEST_STEP][PASSED] - sendKeys(NewInputNmField, Keys.chord(ARROW_DOWN)): Keys 'DOWN + ' sent to object: 'Object Repository/Objects.HighlightElements/input_field_index'

2020-05-29 02:50:39 - [MESSAGE][PASSED] - Keys 'DOWN + ' sent to object: 'Object Repository/Objects.HighlightElements/input_field_index'

2020-05-29 02:50:39 - [TEST_STEP][PASSED] - sendKeys(NewInputNmField, Keys.chord(ARROW_DOWN)): Keys 'DOWN + ' sent to object: 'Object Repository/Objects.HighlightElements/input_field_index'

2020-05-29 02:50:39 - [MESSAGE][PASSED] - Keys 'DOWN + ' sent to object: 'Object Repository/Objects.HighlightElements/input_field_index'

2020-05-29 02:50:39 - [TEST_STEP][PASSED] - delay(DelayTime): Delayed 2 second(s)

2020-05-29 02:50:41 - [MESSAGE][PASSED] - Delayed 2 second(s)

2020-05-29 02:50:41 - [TEST_STEP][PASSED] - sendKeys(NewInputNmField, Keys.chord(ENTER)): Keys 'ENTER + ' sent to object: 'Object Repository/Objects.HighlightElements/input_field_index'

2020-05-29 02:50:41 - [MESSAGE][PASSED] - Keys 'ENTER + ' sent to object: 'Object Repository/Objects.HighlightElements/input_field_index'

2020-05-29 02:50:41 - [TEST_STEP][PASSED] - ComboBoxValue = getAttribute(NewInputNmField, "value"): Attribute 'value' of object 'Object Repository/Objects.HighlightElements/input_field_index' is: 'PSI-TOPCSC Interface (SM_TC1)'

2020-05-29 02:50:42 - [MESSAGE][PASSED] - Attribute 'value' of object 'Object Repository/Objects.HighlightElements/input_field_index' is: 'PSI-TOPCSC Interface (SM_TC1)'

2020-05-29 02:50:42 - [TEST_STEP][PASSED] - callTestCase(findTestCase(CallTCName), ["FindValue":ComboBoxValue, "DropdownNm":comboNm], STOP_ON_FAILURE): Call Test Case 'Test Cases/PFI Precision and Scale/PFI Components/ConstantHashMap' successfully

2020-05-29 02:50:42 - [TEST_CASE][PASSED] - Test Cases/PFI Precision and Scale/PFI Components/ConstantHashMap: Test Cases/PFI Precision and Scale/PFI Components/ConstantHashMap

2020-05-29 02:50:42 - [TEST_STEP][PASSED] - ConstantTBL = [1:["PeriodType":"Working Day(s)"], 2:["PeriodType":"Calendar Day(s)"], 3:["PeriodType":"Month(s)"], 4:["TypeOfLetter":"T1"], ... ]: null

2020-05-29 02:50:42 - [TEST_STEP][PASSED] - switch (DropdownNm): null

2020-05-29 02:50:42 - [TEST_STEP][PASSED] - case "PSI":: null

2020-05-29 02:50:42 - [TEST_STEP][PASSED] - ValueFound = ConstantTBL.find({ -> ... }): null

2020-05-29 02:50:42 - [TEST_STEP][PASSED] - break: null

2020-05-29 02:50:42 - [MESSAGE][PASSED] - Call Test Case 'Test Cases/PFI Precision and Scale/PFI Components/ConstantHashMap' successfully

2020-05-29 02:50:42 - [TEST_STEP][PASSED] - println(ValueFound): null

2020-05-29 02:50:42 - [TEST_STEP][PASSED] - sendKeys(NewInputNmField, Keys.chord(ARROW_DOWN)): Keys 'DOWN + ' sent to object: 'Object Repository/Objects.HighlightElements/input_field_index'

2020-05-29 02:50:42 - [MESSAGE][PASSED] - Keys 'DOWN + ' sent to object: 'Object Repository/Objects.HighlightElements/input_field_index'

2020-05-29 02:50:42 - [TEST_STEP][PASSED] - sendKeys(NewInputNmField, Keys.chord(ARROW_DOWN)): Keys 'DOWN + ' sent to object: 'Object Repository/Objects.HighlightElements/input_field_index'

2020-05-29 02:50:43 - [MESSAGE][PASSED] - Keys 'DOWN + ' sent to object: 'Object Repository/Objects.HighlightElements/input_field_index'

2020-05-29 02:50:43 - [TEST_STEP][PASSED] - delay(DelayTime): Delayed 2 second(s)

2020-05-29 02:50:45 - [MESSAGE][PASSED] - Delayed 2 second(s)

2020-05-29 02:50:45 - [TEST_STEP][PASSED] - sendKeys(NewInputNmField, Keys.chord(ENTER)): Keys 'ENTER + ' sent to object: 'Object Repository/Objects.HighlightElements/input_field_index'

2020-05-29 02:50:45 - [MESSAGE][PASSED] - Keys 'ENTER + ' sent to object: 'Object Repository/Objects.HighlightElements/input_field_index'

2020-05-29 02:50:45 - [TEST_STEP][PASSED] - ComboBoxValue = getAttribute(NewInputNmField, "value"): Attribute 'value' of object 'Object Repository/Objects.HighlightElements/input_field_index' is: 'PSI-TOPCSC Processing (SM_TC2)'

2020-05-29 02:50:45 - [MESSAGE][PASSED] - Attribute 'value' of object 'Object Repository/Objects.HighlightElements/input_field_index' is: 'PSI-TOPCSC Processing (SM_TC2)'

2020-05-29 02:50:45 - [TEST_STEP][PASSED] - callTestCase(findTestCase(CallTCName), ["FindValue":ComboBoxValue, "DropdownNm":comboNm], STOP_ON_FAILURE): Call Test Case 'Test Cases/PFI Precision and Scale/PFI Components/ConstantHashMap' successfully

2020-05-29 02:50:45 - [TEST_CASE][PASSED] - Test Cases/PFI Precision and Scale/PFI Components/ConstantHashMap: Test Cases/PFI Precision and Scale/PFI Components/ConstantHashMap

2020-05-29 02:50:45 - [TEST_STEP][PASSED] - ConstantTBL = [1:["PeriodType":"Working Day(s)"], 2:["PeriodType":"Calendar Day(s)"], 3:["PeriodType":"Month(s)"], 4:["TypeOfLetter":"T1"], ... ]: null

2020-05-29 02:50:45 - [TEST_STEP][PASSED] - switch (DropdownNm): null

2020-05-29 02:50:45 - [TEST_STEP][PASSED] - case "PSI":: null

2020-05-29 02:50:45 - [TEST_STEP][PASSED] - ValueFound = ConstantTBL.find({ -> ... }): null

2020-05-29 02:50:45 - [TEST_STEP][PASSED] - break: null

2020-05-29 02:50:45 - [MESSAGE][PASSED] - Call Test Case 'Test Cases/PFI Precision and Scale/PFI Components/ConstantHashMap' successfully

2020-05-29 02:50:45 - [TEST_STEP][PASSED] - println(ValueFound): null

2020-05-29 02:50:45 - [TEST_STEP][PASSED] - sendKeys(NewInputNmField, Keys.chord(ARROW_DOWN)): Keys 'DOWN + ' sent to object: 'Object Repository/Objects.HighlightElements/input_field_index'

2020-05-29 02:50:46 - [MESSAGE][PASSED] - Keys 'DOWN + ' sent to object: 'Object Repository/Objects.HighlightElements/input_field_index'

2020-05-29 02:50:46 - [TEST_STEP][PASSED] - sendKeys(NewInputNmField, Keys.chord(ARROW_DOWN)): Keys 'DOWN + ' sent to object: 'Object Repository/Objects.HighlightElements/input_field_index'

2020-05-29 02:50:46 - [MESSAGE][PASSED] - Keys 'DOWN + ' sent to object: 'Object Repository/Objects.HighlightElements/input_field_index'

2020-05-29 02:50:46 - [TEST_STEP][PASSED] - delay(DelayTime): Delayed 2 second(s)

2020-05-29 02:50:48 - [MESSAGE][PASSED] - Delayed 2 second(s)

2020-05-29 02:50:48 - [TEST_STEP][PASSED] - sendKeys(NewInputNmField, Keys.chord(ENTER)): Keys 'ENTER + ' sent to object: 'Object Repository/Objects.HighlightElements/input_field_index'

2020-05-29 02:50:48 - [MESSAGE][PASSED] - Keys 'ENTER + ' sent to object: 'Object Repository/Objects.HighlightElements/input_field_index'

2020-05-29 02:50:48 - [TEST_STEP][PASSED] - ComboBoxValue = getAttribute(NewInputNmField, "value"): Attribute 'value' of object 'Object Repository/Objects.HighlightElements/input_field_index' is: 'Appointment of SE under S28 (SM1)'

2020-05-29 02:50:49 - [MESSAGE][PASSED] - Attribute 'value' of object 'Object Repository/Objects.HighlightElements/input_field_index' is: 'Appointment of SE under S28 (SM1)'

2020-05-29 02:50:49 - [TEST_STEP][PASSED] - callTestCase(findTestCase(CallTCName), ["FindValue":ComboBoxValue, "DropdownNm":comboNm], STOP_ON_FAILURE): Call Test Case 'Test Cases/PFI Precision and Scale/PFI Components/ConstantHashMap' successfully

2020-05-29 02:50:49 - [TEST_CASE][PASSED] - Test Cases/PFI Precision and Scale/PFI Components/ConstantHashMap: Test Cases/PFI Precision and Scale/PFI Components/ConstantHashMap

2020-05-29 02:50:49 - [TEST_STEP][PASSED] - ConstantTBL = [1:["PeriodType":"Working Day(s)"], 2:["PeriodType":"Calendar Day(s)"], 3:["PeriodType":"Month(s)"], 4:["TypeOfLetter":"T1"], ... ]: null

2020-05-29 02:50:49 - [TEST_STEP][PASSED] - switch (DropdownNm): null

2020-05-29 02:50:49 - [TEST_STEP][PASSED] - case "PSI":: null

2020-05-29 02:50:49 - [TEST_STEP][PASSED] - ValueFound = ConstantTBL.find({ -> ... }): null

2020-05-29 02:50:49 - [TEST_STEP][PASSED] - break: null

2020-05-29 02:50:49 - [MESSAGE][PASSED] - Call Test Case 'Test Cases/PFI Precision and Scale/PFI Components/ConstantHashMap' successfully

2020-05-29 02:50:49 - [TEST_STEP][PASSED] - println(ValueFound): null

2020-05-29 02:50:49 - [TEST_STEP][PASSED] - sendKeys(NewInputNmField, Keys.chord(ARROW_DOWN)): Keys 'DOWN + ' sent to object: 'Object Repository/Objects.HighlightElements/input_field_index'

2020-05-29 02:50:49 - [MESSAGE][PASSED] - Keys 'DOWN + ' sent to object: 'Object Repository/Objects.HighlightElements/input_field_index'

2020-05-29 02:50:49 - [TEST_STEP][PASSED] - sendKeys(NewInputNmField, Keys.chord(ARROW_DOWN)): Keys 'DOWN + ' sent to object: 'Object Repository/Objects.HighlightElements/input_field_index'

2020-05-29 02:50:50 - [MESSAGE][PASSED] - Keys 'DOWN + ' sent to object: 'Object Repository/Objects.HighlightElements/input_field_index'

2020-05-29 02:50:50 - [TEST_STEP][PASSED] - delay(DelayTime): Delayed 2 second(s)

2020-05-29 02:50:52 - [MESSAGE][PASSED] - Delayed 2 second(s)

2020-05-29 02:50:52 - [TEST_STEP][PASSED] - sendKeys(NewInputNmField, Keys.chord(ENTER)): Keys 'ENTER + ' sent to object: 'Object Repository/Objects.HighlightElements/input_field_index'

2020-05-29 02:50:52 - [MESSAGE][PASSED] - Keys 'ENTER + ' sent to object: 'Object Repository/Objects.HighlightElements/input_field_index'

2020-05-29 02:50:52 - [TEST_STEP][PASSED] - ComboBoxValue = getAttribute(NewInputNmField, "value"): Attribute 'value' of object 'Object Repository/Objects.HighlightElements/input_field_index' is: 'SM1-CR (SM1-CR)'

2020-05-29 02:50:52 - [MESSAGE][PASSED] - Attribute 'value' of object 'Object Repository/Objects.HighlightElements/input_field_index' is: 'SM1-CR (SM1-CR)'

2020-05-29 02:50:52 - [TEST_STEP][PASSED] - callTestCase(findTestCase(CallTCName), ["FindValue":ComboBoxValue, "DropdownNm":comboNm], STOP_ON_FAILURE): Call Test Case 'Test Cases/PFI Precision and Scale/PFI Components/ConstantHashMap' successfully

2020-05-29 02:50:52 - [TEST_CASE][PASSED] - Test Cases/PFI Precision and Scale/PFI Components/ConstantHashMap: Test Cases/PFI Precision and Scale/PFI Components/ConstantHashMap

2020-05-29 02:50:52 - [TEST_STEP][PASSED] - ConstantTBL = [1:["PeriodType":"Working Day(s)"], 2:["PeriodType":"Calendar Day(s)"], 3:["PeriodType":"Month(s)"], 4:["TypeOfLetter":"T1"], ... ]: null

2020-05-29 02:50:52 - [TEST_STEP][PASSED] - switch (DropdownNm): null

2020-05-29 02:50:52 - [TEST_STEP][PASSED] - case "PSI":: null

2020-05-29 02:50:52 - [TEST_STEP][PASSED] - ValueFound = ConstantTBL.find({ -> ... }): null

2020-05-29 02:50:52 - [TEST_STEP][PASSED] - break: null

2020-05-29 02:50:52 - [MESSAGE][PASSED] - Call Test Case 'Test Cases/PFI Precision and Scale/PFI Components/ConstantHashMap' successfully

2020-05-29 02:50:52 - [TEST_STEP][PASSED] - println(ValueFound): null

2020-05-29 02:50:52 - [TEST_STEP][PASSED] - sendKeys(NewInputNmField, Keys.chord(ARROW_DOWN)): Keys 'DOWN + ' sent to object: 'Object Repository/Objects.HighlightElements/input_field_index'

2020-05-29 02:50:53 - [MESSAGE][PASSED] - Keys 'DOWN + ' sent to object: 'Object Repository/Objects.HighlightElements/input_field_index'

2020-05-29 02:50:53 - [TEST_STEP][PASSED] - sendKeys(NewInputNmField, Keys.chord(ARROW_DOWN)): Keys 'DOWN + ' sent to object: 'Object Repository/Objects.HighlightElements/input_field_index'

2020-05-29 02:50:53 - [MESSAGE][PASSED] - Keys 'DOWN + ' sent to object: 'Object Repository/Objects.HighlightElements/input_field_index'

2020-05-29 02:50:53 - [TEST_STEP][PASSED] - delay(DelayTime): Delayed 2 second(s)

2020-05-29 02:50:55 - [MESSAGE][PASSED] - Delayed 2 second(s)

2020-05-29 02:50:55 - [TEST_STEP][PASSED] - sendKeys(NewInputNmField, Keys.chord(ENTER)): Keys 'ENTER + ' sent to object: 'Object Repository/Objects.HighlightElements/input_field_index'

2020-05-29 02:50:55 - [MESSAGE][PASSED] - Keys 'ENTER + ' sent to object: 'Object Repository/Objects.HighlightElements/input_field_index'

2020-05-29 02:50:55 - [TEST_STEP][PASSED] - ComboBoxValue = getAttribute(NewInputNmField, "value"): Attribute 'value' of object 'Object Repository/Objects.HighlightElements/input_field_index' is: 'Visual Inspection Report under S28 (SM2)'

2020-05-29 02:50:56 - [MESSAGE][PASSED] - Attribute 'value' of object 'Object Repository/Objects.HighlightElements/input_field_index' is: 'Visual Inspection Report under S28 (SM2)'

2020-05-29 02:50:56 - [TEST_STEP][PASSED] - callTestCase(findTestCase(CallTCName), ["FindValue":ComboBoxValue, "DropdownNm":comboNm], STOP_ON_FAILURE): Call Test Case 'Test Cases/PFI Precision and Scale/PFI Components/ConstantHashMap' successfully

2020-05-29 02:50:56 - [TEST_CASE][PASSED] - Test Cases/PFI Precision and Scale/PFI Components/ConstantHashMap: Test Cases/PFI Precision and Scale/PFI Components/ConstantHashMap

2020-05-29 02:50:56 - [TEST_STEP][PASSED] - ConstantTBL = [1:["PeriodType":"Working Day(s)"], 2:["PeriodType":"Calendar Day(s)"], 3:["PeriodType":"Month(s)"], 4:["TypeOfLetter":"T1"], ... ]: null

2020-05-29 02:50:56 - [TEST_STEP][PASSED] - switch (DropdownNm): null

2020-05-29 02:50:56 - [TEST_STEP][PASSED] - case "PSI":: null

2020-05-29 02:50:56 - [TEST_STEP][PASSED] - ValueFound = ConstantTBL.find({ -> ... }): null

2020-05-29 02:50:56 - [TEST_STEP][PASSED] - break: null

2020-05-29 02:50:56 - [MESSAGE][PASSED] - Call Test Case 'Test Cases/PFI Precision and Scale/PFI Components/ConstantHashMap' successfully

2020-05-29 02:50:56 - [TEST_STEP][PASSED] - println(ValueFound): null

2020-05-29 02:50:56 - [TEST_STEP][PASSED] - sendKeys(NewInputNmField, Keys.chord(ARROW_DOWN)): Keys 'DOWN + ' sent to object: 'Object Repository/Objects.HighlightElements/input_field_index'

2020-05-29 02:50:56 - [MESSAGE][PASSED] - Keys 'DOWN + ' sent to object: 'Object Repository/Objects.HighlightElements/input_field_index'

2020-05-29 02:50:56 - [TEST_STEP][PASSED] - sendKeys(NewInputNmField, Keys.chord(ARROW_DOWN)): Keys 'DOWN + ' sent to object: 'Object Repository/Objects.HighlightElements/input_field_index'

2020-05-29 02:50:57 - [MESSAGE][PASSED] - Keys 'DOWN + ' sent to object: 'Object Repository/Objects.HighlightElements/input_field_index'

2020-05-29 02:50:57 - [TEST_STEP][PASSED] - delay(DelayTime): Delayed 2 second(s)

2020-05-29 02:50:59 - [MESSAGE][PASSED] - Delayed 2 second(s)

2020-05-29 02:50:59 - [TEST_STEP][PASSED] - sendKeys(NewInputNmField, Keys.chord(ENTER)): Keys 'ENTER + ' sent to object: 'Object Repository/Objects.HighlightElements/input_field_index'

2020-05-29 02:50:59 - [MESSAGE][PASSED] - Keys 'ENTER + ' sent to object: 'Object Repository/Objects.HighlightElements/input_field_index'

2020-05-29 02:50:59 - [TEST_STEP][PASSED] - ComboBoxValue = getAttribute(NewInputNmField, "value"): Attribute 'value' of object 'Object Repository/Objects.HighlightElements/input_field_index' is: 'SM2-CR (SM2-CR)'

2020-05-29 02:50:59 - [MESSAGE][PASSED] - Attribute 'value' of object 'Object Repository/Objects.HighlightElements/input_field_index' is: 'SM2-CR (SM2-CR)'

2020-05-29 02:50:59 - [TEST_STEP][PASSED] - callTestCase(findTestCase(CallTCName), ["FindValue":ComboBoxValue, "DropdownNm":comboNm], STOP_ON_FAILURE): Call Test Case 'Test Cases/PFI Precision and Scale/PFI Components/ConstantHashMap' successfully

2020-05-29 02:50:59 - [TEST_CASE][PASSED] - Test Cases/PFI Precision and Scale/PFI Components/ConstantHashMap: Test Cases/PFI Precision and Scale/PFI Components/ConstantHashMap

2020-05-29 02:50:59 - [TEST_STEP][PASSED] - ConstantTBL = [1:["PeriodType":"Working Day(s)"], 2:["PeriodType":"Calendar Day(s)"], 3:["PeriodType":"Month(s)"], 4:["TypeOfLetter":"T1"], ... ]: null

2020-05-29 02:50:59 - [TEST_STEP][PASSED] - switch (DropdownNm): null

2020-05-29 02:50:59 - [TEST_STEP][PASSED] - case "PSI":: null

2020-05-29 02:50:59 - [TEST_STEP][PASSED] - ValueFound = ConstantTBL.find({ -> ... }): null

2020-05-29 02:50:59 - [TEST_STEP][PASSED] - break: null

2020-05-29 02:50:59 - [MESSAGE][PASSED] - Call Test Case 'Test Cases/PFI Precision and Scale/PFI Components/ConstantHashMap' successfully

2020-05-29 02:50:59 - [TEST_STEP][PASSED] - println(ValueFound): null

2020-05-29 02:50:59 - [TEST_STEP][PASSED] - sendKeys(NewInputNmField, Keys.chord(ARROW_DOWN)): Keys 'DOWN + ' sent to object: 'Object Repository/Objects.HighlightElements/input_field_index'

2020-05-29 02:51:00 - [MESSAGE][PASSED] - Keys 'DOWN + ' sent to object: 'Object Repository/Objects.HighlightElements/input_field_index'

2020-05-29 02:51:00 - [TEST_STEP][PASSED] - sendKeys(NewInputNmField, Keys.chord(ARROW_DOWN)): Keys 'DOWN + ' sent to object: 'Object Repository/Objects.HighlightElements/input_field_index'

2020-05-29 02:51:00 - [MESSAGE][PASSED] - Keys 'DOWN + ' sent to object: 'Object Repository/Objects.HighlightElements/input_field_index'

2020-05-29 02:51:00 - [TEST_STEP][PASSED] - delay(DelayTime): Delayed 2 second(s)

2020-05-29 02:51:02 - [MESSAGE][PASSED] - Delayed 2 second(s)

2020-05-29 02:51:02 - [TEST_STEP][PASSED] - sendKeys(NewInputNmField, Keys.chord(ENTER)): Keys 'ENTER + ' sent to object: 'Object Repository/Objects.HighlightElements/input_field_index'

2020-05-29 02:51:02 - [MESSAGE][PASSED] - Keys 'ENTER + ' sent to object: 'Object Repository/Objects.HighlightElements/input_field_index'

2020-05-29 02:51:02 - [TEST_STEP][PASSED] - ComboBoxValue = getAttribute(NewInputNmField, "value"): Attribute 'value' of object 'Object Repository/Objects.HighlightElements/input_field_index' is: 'Visual Insp Report under S28 - Suspected Defects (SM3)'

2020-05-29 02:51:03 - [MESSAGE][PASSED] - Attribute 'value' of object 'Object Repository/Objects.HighlightElements/input_field_index' is: 'Visual Insp Report under S28 - Suspected Defects (SM3)'

2020-05-29 02:51:03 - [TEST_STEP][PASSED] - callTestCase(findTestCase(CallTCName), ["FindValue":ComboBoxValue, "DropdownNm":comboNm], STOP_ON_FAILURE): Call Test Case 'Test Cases/PFI Precision and Scale/PFI Components/ConstantHashMap' successfully

2020-05-29 02:51:03 - [TEST_CASE][PASSED] - Test Cases/PFI Precision and Scale/PFI Components/ConstantHashMap: Test Cases/PFI Precision and Scale/PFI Components/ConstantHashMap

2020-05-29 02:51:03 - [TEST_STEP][PASSED] - ConstantTBL = [1:["PeriodType":"Working Day(s)"], 2:["PeriodType":"Calendar Day(s)"], 3:["PeriodType":"Month(s)"], 4:["TypeOfLetter":"T1"], ... ]: null

2020-05-29 02:51:03 - [TEST_STEP][PASSED] - switch (DropdownNm): null

2020-05-29 02:51:03 - [TEST_STEP][PASSED] - case "PSI":: null

2020-05-29 02:51:03 - [TEST_STEP][PASSED] - ValueFound = ConstantTBL.find({ -> ... }): null

2020-05-29 02:51:03 - [TEST_STEP][PASSED] - break: null

2020-05-29 02:51:03 - [MESSAGE][PASSED] - Call Test Case 'Test Cases/PFI Precision and Scale/PFI Components/ConstantHashMap' successfully

2020-05-29 02:51:03 - [TEST_STEP][PASSED] - println(ValueFound): null

2020-05-29 02:51:03 - [TEST_STEP][PASSED] - sendKeys(NewInputNmField, Keys.chord(ARROW_DOWN)): Keys 'DOWN + ' sent to object: 'Object Repository/Objects.HighlightElements/input_field_index'

2020-05-29 02:51:03 - [MESSAGE][PASSED] - Keys 'DOWN + ' sent to object: 'Object Repository/Objects.HighlightElements/input_field_index'

2020-05-29 02:51:03 - [TEST_STEP][PASSED] - sendKeys(NewInputNmField, Keys.chord(ARROW_DOWN)): Keys 'DOWN + ' sent to object: 'Object Repository/Objects.HighlightElements/input_field_index'

2020-05-29 02:51:04 - [MESSAGE][PASSED] - Keys 'DOWN + ' sent to object: 'Object Repository/Objects.HighlightElements/input_field_index'

2020-05-29 02:51:04 - [TEST_STEP][PASSED] - delay(DelayTime): Delayed 2 second(s)

2020-05-29 02:51:06 - [MESSAGE][PASSED] - Delayed 2 second(s)

2020-05-29 02:51:06 - [TEST_STEP][PASSED] - sendKeys(NewInputNmField, Keys.chord(ENTER)): Keys 'ENTER + ' sent to object: 'Object Repository/Objects.HighlightElements/input_field_index'

2020-05-29 02:51:06 - [MESSAGE][PASSED] - Keys 'ENTER + ' sent to object: 'Object Repository/Objects.HighlightElements/input_field_index'

2020-05-29 02:51:06 - [TEST_STEP][PASSED] - ComboBoxValue = getAttribute(NewInputNmField, "value"): Attribute 'value' of object 'Object Repository/Objects.HighlightElements/input_field_index' is: 'SM3-CR (SM3-CR)'

2020-05-29 02:51:06 - [MESSAGE][PASSED] - Attribute 'value' of object 'Object Repository/Objects.HighlightElements/input_field_index' is: 'SM3-CR (SM3-CR)'

2020-05-29 02:51:06 - [TEST_STEP][PASSED] - callTestCase(findTestCase(CallTCName), ["FindValue":ComboBoxValue, "DropdownNm":comboNm], STOP_ON_FAILURE): Call Test Case 'Test Cases/PFI Precision and Scale/PFI Components/ConstantHashMap' successfully

2020-05-29 02:51:06 - [TEST_CASE][PASSED] - Test Cases/PFI Precision and Scale/PFI Components/ConstantHashMap: Test Cases/PFI Precision and Scale/PFI Components/ConstantHashMap

2020-05-29 02:51:06 - [TEST_STEP][PASSED] - ConstantTBL = [1:["PeriodType":"Working Day(s)"], 2:["PeriodType":"Calendar Day(s)"], 3:["PeriodType":"Month(s)"], 4:["TypeOfLetter":"T1"], ... ]: null

2020-05-29 02:51:06 - [TEST_STEP][PASSED] - switch (DropdownNm): null

2020-05-29 02:51:06 - [TEST_STEP][PASSED] - case "PSI":: null

2020-05-29 02:51:06 - [TEST_STEP][PASSED] - ValueFound = ConstantTBL.find({ -> ... }): null

2020-05-29 02:51:06 - [TEST_STEP][PASSED] - break: null

2020-05-29 02:51:06 - [MESSAGE][PASSED] - Call Test Case 'Test Cases/PFI Precision and Scale/PFI Components/ConstantHashMap' successfully

2020-05-29 02:51:06 - [TEST_STEP][PASSED] - println(ValueFound): null

2020-05-29 02:51:06 - [TEST_STEP][PASSED] - sendKeys(NewInputNmField, Keys.chord(ARROW_DOWN)): Keys 'DOWN + ' sent to object: 'Object Repository/Objects.HighlightElements/input_field_index'

2020-05-29 02:51:07 - [MESSAGE][PASSED] - Keys 'DOWN + ' sent to object: 'Object Repository/Objects.HighlightElements/input_field_index'

2020-05-29 02:51:07 - [TEST_STEP][PASSED] - sendKeys(NewInputNmField, Keys.chord(ARROW_DOWN)): Keys 'DOWN + ' sent to object: 'Object Repository/Objects.HighlightElements/input_field_index'

2020-05-29 02:51:07 - [MESSAGE][PASSED] - Keys 'DOWN + ' sent to object: 'Object Repository/Objects.HighlightElements/input_field_index'

2020-05-29 02:51:07 - [TEST_STEP][PASSED] - delay(DelayTime): Delayed 2 second(s)

2020-05-29 02:51:09 - [MESSAGE][PASSED] - Delayed 2 second(s)

2020-05-29 02:51:09 - [TEST_STEP][PASSED] - sendKeys(NewInputNmField, Keys.chord(ENTER)): Keys 'ENTER + ' sent to object: 'Object Repository/Objects.HighlightElements/input_field_index'

2020-05-29 02:51:09 - [MESSAGE][PASSED] - Keys 'ENTER + ' sent to object: 'Object Repository/Objects.HighlightElements/input_field_index'

2020-05-29 02:51:09 - [TEST_STEP][PASSED] - ComboBoxValue = getAttribute(NewInputNmField, "value"): Attribute 'value' of object 'Object Repository/Objects.HighlightElements/input_field_index' is: 'Localised or Full Stru Investigation Rpt under S28 (SM4)'

2020-05-29 02:51:10 - [MESSAGE][PASSED] - Attribute 'value' of object 'Object Repository/Objects.HighlightElements/input_field_index' is: 'Localised or Full Stru Investigation Rpt under S28 (SM4)'

2020-05-29 02:51:10 - [TEST_STEP][PASSED] - callTestCase(findTestCase(CallTCName), ["FindValue":ComboBoxValue, "DropdownNm":comboNm], STOP_ON_FAILURE): Call Test Case 'Test Cases/PFI Precision and Scale/PFI Components/ConstantHashMap' successfully

2020-05-29 02:51:10 - [TEST_CASE][PASSED] - Test Cases/PFI Precision and Scale/PFI Components/ConstantHashMap: Test Cases/PFI Precision and Scale/PFI Components/ConstantHashMap

2020-05-29 02:51:10 - [TEST_STEP][PASSED] - ConstantTBL = [1:["PeriodType":"Working Day(s)"], 2:["PeriodType":"Calendar Day(s)"], 3:["PeriodType":"Month(s)"], 4:["TypeOfLetter":"T1"], ... ]: null

2020-05-29 02:51:10 - [TEST_STEP][PASSED] - switch (DropdownNm): null

2020-05-29 02:51:10 - [TEST_STEP][PASSED] - case "PSI":: null

2020-05-29 02:51:10 - [TEST_STEP][PASSED] - ValueFound = ConstantTBL.find({ -> ... }): null

2020-05-29 02:51:10 - [TEST_STEP][PASSED] - break: null

2020-05-29 02:51:10 - [MESSAGE][PASSED] - Call Test Case 'Test Cases/PFI Precision and Scale/PFI Components/ConstantHashMap' successfully

2020-05-29 02:51:10 - [TEST_STEP][PASSED] - println(ValueFound): null

2020-05-29 02:51:10 - [TEST_STEP][PASSED] - sendKeys(NewInputNmField, Keys.chord(ARROW_DOWN)): Keys 'DOWN + ' sent to object: 'Object Repository/Objects.HighlightElements/input_field_index'

2020-05-29 02:51:10 - [MESSAGE][PASSED] - Keys 'DOWN + ' sent to object: 'Object Repository/Objects.HighlightElements/input_field_index'

2020-05-29 02:51:10 - [TEST_STEP][PASSED] - sendKeys(NewInputNmField, Keys.chord(ARROW_DOWN)): Keys 'DOWN + ' sent to object: 'Object Repository/Objects.HighlightElements/input_field_index'

2020-05-29 02:51:11 - [MESSAGE][PASSED] - Keys 'DOWN + ' sent to object: 'Object Repository/Objects.HighlightElements/input_field_index'

2020-05-29 02:51:11 - [TEST_STEP][PASSED] - delay(DelayTime): Delayed 2 second(s)

2020-05-29 02:51:13 - [MESSAGE][PASSED] - Delayed 2 second(s)

2020-05-29 02:51:13 - [TEST_STEP][PASSED] - sendKeys(NewInputNmField, Keys.chord(ENTER)): Keys 'ENTER + ' sent to object: 'Object Repository/Objects.HighlightElements/input_field_index'

2020-05-29 02:51:13 - [MESSAGE][PASSED] - Keys 'ENTER + ' sent to object: 'Object Repository/Objects.HighlightElements/input_field_index'

2020-05-29 02:51:13 - [TEST_STEP][PASSED] - ComboBoxValue = getAttribute(NewInputNmField, "value"): Attribute 'value' of object 'Object Repository/Objects.HighlightElements/input_field_index' is: 'SM4-CR (SM4-CR)'

2020-05-29 02:51:13 - [MESSAGE][PASSED] - Attribute 'value' of object 'Object Repository/Objects.HighlightElements/input_field_index' is: 'SM4-CR (SM4-CR)'

2020-05-29 02:51:13 - [TEST_STEP][PASSED] - callTestCase(findTestCase(CallTCName), ["FindValue":ComboBoxValue, "DropdownNm":comboNm], STOP_ON_FAILURE): Call Test Case 'Test Cases/PFI Precision and Scale/PFI Components/ConstantHashMap' successfully

2020-05-29 02:51:13 - [TEST_CASE][PASSED] - Test Cases/PFI Precision and Scale/PFI Components/ConstantHashMap: Test Cases/PFI Precision and Scale/PFI Components/ConstantHashMap

2020-05-29 02:51:13 - [TEST_STEP][PASSED] - ConstantTBL = [1:["PeriodType":"Working Day(s)"], 2:["PeriodType":"Calendar Day(s)"], 3:["PeriodType":"Month(s)"], 4:["TypeOfLetter":"T1"], ... ]: null

2020-05-29 02:51:13 - [TEST_STEP][PASSED] - switch (DropdownNm): null

2020-05-29 02:51:13 - [TEST_STEP][PASSED] - case "PSI":: null

2020-05-29 02:51:13 - [TEST_STEP][PASSED] - ValueFound = ConstantTBL.find({ -> ... }): null

2020-05-29 02:51:13 - [TEST_STEP][PASSED] - break: null

2020-05-29 02:51:13 - [MESSAGE][PASSED] - Call Test Case 'Test Cases/PFI Precision and Scale/PFI Components/ConstantHashMap' successfully

2020-05-29 02:51:13 - [TEST_STEP][PASSED] - println(ValueFound): null

2020-05-29 02:51:13 - [TEST_STEP][PASSED] - sendKeys(NewInputNmField, Keys.chord(ARROW_DOWN)): Keys 'DOWN + ' sent to object: 'Object Repository/Objects.HighlightElements/input_field_index'

2020-05-29 02:51:14 - [MESSAGE][PASSED] - Keys 'DOWN + ' sent to object: 'Object Repository/Objects.HighlightElements/input_field_index'

2020-05-29 02:51:14 - [TEST_STEP][PASSED] - sendKeys(NewInputNmField, Keys.chord(ARROW_DOWN)): Keys 'DOWN + ' sent to object: 'Object Repository/Objects.HighlightElements/input_field_index'

2020-05-29 02:51:14 - [MESSAGE][PASSED] - Keys 'DOWN + ' sent to object: 'Object Repository/Objects.HighlightElements/input_field_index'

2020-05-29 02:51:14 - [TEST_STEP][PASSED] - delay(DelayTime): Delayed 2 second(s)

2020-05-29 02:51:16 - [MESSAGE][PASSED] - Delayed 2 second(s)

2020-05-29 02:51:16 - [TEST_STEP][PASSED] - sendKeys(NewInputNmField, Keys.chord(ENTER)): Keys 'ENTER + ' sent to object: 'Object Repository/Objects.HighlightElements/input_field_index'

2020-05-29 02:51:19 - [MESSAGE][PASSED] - Keys 'ENTER + ' sent to object: 'Object Repository/Objects.HighlightElements/input_field_index'

2020-05-29 02:51:19 - [TEST_STEP][PASSED] - ComboBoxValue = getAttribute(NewInputNmField, "value"): Attribute 'value' of object 'Object Repository/Objects.HighlightElements/input_field_index' is: 'Loc or Full Stru Inv Rpt S28 - Suspected Stru Def (SM5)'

2020-05-29 02:51:21 - [MESSAGE][PASSED] - Attribute 'value' of object 'Object Repository/Objects.HighlightElements/input_field_index' is: 'Loc or Full Stru Inv Rpt S28 - Suspected Stru Def (SM5)'

2020-05-29 02:51:21 - [TEST_STEP][PASSED] - callTestCase(findTestCase(CallTCName), ["FindValue":ComboBoxValue, "DropdownNm":comboNm], STOP_ON_FAILURE): Call Test Case 'Test Cases/PFI Precision and Scale/PFI Components/ConstantHashMap' successfully

2020-05-29 02:51:29 - [TEST_CASE][PASSED] - Test Cases/PFI Precision and Scale/PFI Components/ConstantHashMap: Test Cases/PFI Precision and Scale/PFI Components/ConstantHashMap

2020-05-29 02:51:35 - [TEST_STEP][PASSED] - ConstantTBL = [1:["PeriodType":"Working Day(s)"], 2:["PeriodType":"Calendar Day(s)"], 3:["PeriodType":"Month(s)"], 4:["TypeOfLetter":"T1"], ... ]: null

2020-05-29 02:51:35 - [TEST_STEP][PASSED] - switch (DropdownNm): null

2020-05-29 02:51:35 - [TEST_STEP][PASSED] - case "PSI":: null

2020-05-29 02:51:35 - [TEST_STEP][PASSED] - ValueFound = ConstantTBL.find({ -> ... }): null

2020-05-29 02:51:35 - [TEST_STEP][PASSED] - break: null

2020-05-29 02:51:35 - [MESSAGE][PASSED] - Call Test Case 'Test Cases/PFI Precision and Scale/PFI Components/ConstantHashMap' successfully

2020-05-29 02:51:35 - [TEST_STEP][PASSED] - println(ValueFound): null

2020-05-29 02:51:35 - [TEST_STEP][PASSED] - sendKeys(NewInputNmField, Keys.chord(ARROW_DOWN)): Keys 'DOWN + ' sent to object: 'Object Repository/Objects.HighlightElements/input_field_index'

2020-05-29 02:51:37 - [MESSAGE][PASSED] - Keys 'DOWN + ' sent to object: 'Object Repository/Objects.HighlightElements/input_field_index'

2020-05-29 02:51:37 - [TEST_STEP][PASSED] - sendKeys(NewInputNmField, Keys.chord(ARROW_DOWN)): Keys 'DOWN + ' sent to object: 'Object Repository/Objects.HighlightElements/input_field_index'

2020-05-29 02:51:38 - [MESSAGE][PASSED] - Keys 'DOWN + ' sent to object: 'Object Repository/Objects.HighlightElements/input_field_index'

2020-05-29 02:51:38 - [TEST_STEP][PASSED] - delay(DelayTime): Delayed 2 second(s)

2020-05-29 02:51:41 - [MESSAGE][PASSED] - Delayed 2 second(s)

2020-05-29 02:51:41 - [TEST_STEP][PASSED] - sendKeys(NewInputNmField, Keys.chord(ENTER)): Keys 'ENTER + ' sent to object: 'Object Repository/Objects.HighlightElements/input_field_index'

2020-05-29 02:51:43 - [MESSAGE][PASSED] - Keys 'ENTER + ' sent to object: 'Object Repository/Objects.HighlightElements/input_field_index'

2020-05-29 02:51:43 - [TEST_STEP][PASSED] - ComboBoxValue = getAttribute(NewInputNmField, "value"): Attribute 'value' of object 'Object Repository/Objects.HighlightElements/input_field_index' is: 'SM5-CR (SM5-CR)'

2020-05-29 02:51:49 - [MESSAGE][PASSED] - Attribute 'value' of object 'Object Repository/Objects.HighlightElements/input_field_index' is: 'SM5-CR (SM5-CR)'

2020-05-29 02:51:49 - [TEST_STEP][PASSED] - callTestCase(findTestCase(CallTCName), ["FindValue":ComboBoxValue, "DropdownNm":comboNm], STOP_ON_FAILURE): Call Test Case 'Test Cases/PFI Precision and Scale/PFI Components/ConstantHashMap' successfully

2020-05-29 02:51:55 - [TEST_CASE][PASSED] - Test Cases/PFI Precision and Scale/PFI Components/ConstantHashMap: Test Cases/PFI Precision and Scale/PFI Components/ConstantHashMap

2020-05-29 02:52:01 - [TEST_STEP][PASSED] - ConstantTBL = [1:["PeriodType":"Working Day(s)"], 2:["PeriodType":"Calendar Day(s)"], 3:["PeriodType":"Month(s)"], 4:["TypeOfLetter":"T1"], ... ]: null

2020-05-29 02:52:01 - [TEST_STEP][PASSED] - switch (DropdownNm): null

2020-05-29 02:52:01 - [TEST_STEP][PASSED] - case "PSI":: null

2020-05-29 02:52:01 - [TEST_STEP][PASSED] - ValueFound = ConstantTBL.find({ -> ... }): null

2020-05-29 02:52:01 - [TEST_STEP][PASSED] - break: null

2020-05-29 02:52:01 - [MESSAGE][PASSED] - Call Test Case 'Test Cases/PFI Precision and Scale/PFI Components/ConstantHashMap' successfully

2020-05-29 02:52:01 - [TEST_STEP][PASSED] - println(ValueFound): null

2020-05-29 02:52:01 - [TEST_STEP][PASSED] - sendKeys(NewInputNmField, Keys.chord(ARROW_DOWN)): Keys 'DOWN + ' sent to object: 'Object Repository/Objects.HighlightElements/input_field_index'

2020-05-29 02:52:03 - [MESSAGE][PASSED] - Keys 'DOWN + ' sent to object: 'Object Repository/Objects.HighlightElements/input_field_index'

2020-05-29 02:52:03 - [TEST_STEP][PASSED] - sendKeys(NewInputNmField, Keys.chord(ARROW_DOWN)): Keys 'DOWN + ' sent to object: 'Object Repository/Objects.HighlightElements/input_field_index'

2020-05-29 02:52:04 - [MESSAGE][PASSED] - Keys 'DOWN + ' sent to object: 'Object Repository/Objects.HighlightElements/input_field_index'

2020-05-29 02:52:04 - [TEST_STEP][PASSED] - delay(DelayTime): Delayed 2 second(s)

2020-05-29 02:52:07 - [MESSAGE][PASSED] - Delayed 2 second(s)

2020-05-29 02:52:07 - [TEST_STEP][PASSED] - sendKeys(NewInputNmField, Keys.chord(ENTER)): Keys 'ENTER + ' sent to object: 'Object Repository/Objects.HighlightElements/input_field_index'

2020-05-29 02:52:09 - [MESSAGE][PASSED] - Keys 'ENTER + ' sent to object: 'Object Repository/Objects.HighlightElements/input_field_index'

2020-05-29 02:52:09 - [TEST_STEP][PASSED] - ComboBoxValue = getAttribute(NewInputNmField, "value"): Attribute 'value' of object 'Object Repository/Objects.HighlightElements/input_field_index' is: 'Visual Inspection Certification (SM6)'

2020-05-29 02:52:11 - [MESSAGE][PASSED] - Attribute 'value' of object 'Object Repository/Objects.HighlightElements/input_field_index' is: 'Visual Inspection Certification (SM6)'

2020-05-29 02:52:11 - [TEST_STEP][PASSED] - callTestCase(findTestCase(CallTCName), ["FindValue":ComboBoxValue, "DropdownNm":comboNm], STOP_ON_FAILURE): Call Test Case 'Test Cases/PFI Precision and Scale/PFI Components/ConstantHashMap' successfully

2020-05-29 02:52:16 - [TEST_CASE][PASSED] - Test Cases/PFI Precision and Scale/PFI Components/ConstantHashMap: Test Cases/PFI Precision and Scale/PFI Components/ConstantHashMap

2020-05-29 02:52:21 - [TEST_STEP][PASSED] - ConstantTBL = [1:["PeriodType":"Working Day(s)"], 2:["PeriodType":"Calendar Day(s)"], 3:["PeriodType":"Month(s)"], 4:["TypeOfLetter":"T1"], ... ]: null

2020-05-29 02:52:21 - [TEST_STEP][PASSED] - switch (DropdownNm): null

2020-05-29 02:52:21 - [TEST_STEP][PASSED] - case "PSI":: null

2020-05-29 02:52:21 - [TEST_STEP][PASSED] - ValueFound = ConstantTBL.find({ -> ... }): null

2020-05-29 02:52:21 - [TEST_STEP][PASSED] - break: null

2020-05-29 02:52:21 - [MESSAGE][PASSED] - Call Test Case 'Test Cases/PFI Precision and Scale/PFI Components/ConstantHashMap' successfully

2020-05-29 02:52:21 - [TEST_STEP][PASSED] - println(ValueFound): null

2020-05-29 02:52:21 - [TEST_STEP][PASSED] - sendKeys(NewInputNmField, Keys.chord(ARROW_DOWN)): Keys 'DOWN + ' sent to object: 'Object Repository/Objects.HighlightElements/input_field_index'

2020-05-29 02:52:23 - [MESSAGE][PASSED] - Keys 'DOWN + ' sent to object: 'Object Repository/Objects.HighlightElements/input_field_index'

2020-05-29 02:52:23 - [TEST_STEP][PASSED] - sendKeys(NewInputNmField, Keys.chord(ARROW_DOWN)): Keys 'DOWN + ' sent to object: 'Object Repository/Objects.HighlightElements/input_field_index'

2020-05-29 02:52:25 - [MESSAGE][PASSED] - Keys 'DOWN + ' sent to object: 'Object Repository/Objects.HighlightElements/input_field_index'

2020-05-29 02:52:25 - [TEST_STEP][PASSED] - delay(DelayTime): Delayed 2 second(s)

2020-05-29 02:52:28 - [MESSAGE][PASSED] - Delayed 2 second(s)

2020-05-29 02:52:28 - [TEST_STEP][PASSED] - sendKeys(NewInputNmField, Keys.chord(ENTER)): Keys 'ENTER + ' sent to object: 'Object Repository/Objects.HighlightElements/input_field_index'

2020-05-29 02:52:32 - [MESSAGE][PASSED] - Keys 'ENTER + ' sent to object: 'Object Repository/Objects.HighlightElements/input_field_index'

2020-05-29 02:52:32 - [TEST_STEP][PASSED] - ComboBoxValue = getAttribute(NewInputNmField, "value"): Attribute 'value' of object 'Object Repository/Objects.HighlightElements/input_field_index' is: 'SM6-CR (SM6-CR)'

2020-05-29 02:52:36 - [MESSAGE][PASSED] - Attribute 'value' of object 'Object Repository/Objects.HighlightElements/input_field_index' is: 'SM6-CR (SM6-CR)'

2020-05-29 02:52:36 - [TEST_STEP][PASSED] - callTestCase(findTestCase(CallTCName), ["FindValue":ComboBoxValue, "DropdownNm":comboNm], STOP_ON_FAILURE): Call Test Case 'Test Cases/PFI Precision and Scale/PFI Components/ConstantHashMap' successfully

2020-05-29 02:52:46 - [TEST_CASE][PASSED] - Test Cases/PFI Precision and Scale/PFI Components/ConstantHashMap: Test Cases/PFI Precision and Scale/PFI Components/ConstantHashMap

2020-05-29 02:52:50 - [TEST_STEP][PASSED] - ConstantTBL = [1:["PeriodType":"Working Day(s)"], 2:["PeriodType":"Calendar Day(s)"], 3:["PeriodType":"Month(s)"], 4:["TypeOfLetter":"T1"], ... ]: null

2020-05-29 02:52:50 - [TEST_STEP][PASSED] - switch (DropdownNm): null

2020-05-29 02:52:50 - [TEST_STEP][PASSED] - case "PSI":: null

2020-05-29 02:52:50 - [TEST_STEP][PASSED] - ValueFound = ConstantTBL.find({ -> ... }): null

2020-05-29 02:52:50 - [TEST_STEP][PASSED] - break: null

2020-05-29 02:52:50 - [MESSAGE][PASSED] - Call Test Case 'Test Cases/PFI Precision and Scale/PFI Components/ConstantHashMap' successfully

2020-05-29 02:52:50 - [TEST_STEP][PASSED] - println(ValueFound): null

2020-05-29 02:52:50 - [TEST_STEP][PASSED] - sendKeys(NewInputNmField, Keys.chord(ARROW_DOWN)): Keys 'DOWN + ' sent to object: 'Object Repository/Objects.HighlightElements/input_field_index'

2020-05-29 02:52:53 - [MESSAGE][PASSED] - Keys 'DOWN + ' sent to object: 'Object Repository/Objects.HighlightElements/input_field_index'

2020-05-29 02:52:53 - [TEST_STEP][PASSED] - sendKeys(NewInputNmField, Keys.chord(ARROW_DOWN)): Keys 'DOWN + ' sent to object: 'Object Repository/Objects.HighlightElements/input_field_index'

2020-05-29 02:52:55 - [MESSAGE][PASSED] - Keys 'DOWN + ' sent to object: 'Object Repository/Objects.HighlightElements/input_field_index'

2020-05-29 02:52:55 - [TEST_STEP][PASSED] - delay(DelayTime): Delayed 2 second(s)

2020-05-29 02:52:58 - [MESSAGE][PASSED] - Delayed 2 second(s)

2020-05-29 02:52:58 - [TEST_STEP][PASSED] - sendKeys(NewInputNmField, Keys.chord(ENTER)): Keys 'ENTER + ' sent to object: 'Object Repository/Objects.HighlightElements/input_field_index'

2020-05-29 02:52:59 - [MESSAGE][PASSED] - Keys 'ENTER + ' sent to object: 'Object Repository/Objects.HighlightElements/input_field_index'

2020-05-29 02:52:59 - [TEST_STEP][PASSED] - ComboBoxValue = getAttribute(NewInputNmField, "value"): Attribute 'value' of object 'Object Repository/Objects.HighlightElements/input_field_index' is: 'PSI Ad Hoc Processing (SMAH)'

2020-05-29 02:53:03 - [MESSAGE][PASSED] - Attribute 'value' of object 'Object Repository/Objects.HighlightElements/input_field_index' is: 'PSI Ad Hoc Processing (SMAH)'

2020-05-29 02:53:03 - [TEST_STEP][PASSED] - callTestCase(findTestCase(CallTCName), ["FindValue":ComboBoxValue, "DropdownNm":comboNm], STOP_ON_FAILURE): Call Test Case 'Test Cases/PFI Precision and Scale/PFI Components/ConstantHashMap' successfully

2020-05-29 02:53:13 - [TEST_CASE][PASSED] - Test Cases/PFI Precision and Scale/PFI Components/ConstantHashMap: Test Cases/PFI Precision and Scale/PFI Components/ConstantHashMap

2020-05-29 02:53:17 - [TEST_STEP][PASSED] - ConstantTBL = [1:["PeriodType":"Working Day(s)"], 2:["PeriodType":"Calendar Day(s)"], 3:["PeriodType":"Month(s)"], 4:["TypeOfLetter":"T1"], ... ]: null

2020-05-29 02:53:17 - [TEST_STEP][PASSED] - switch (DropdownNm): null

2020-05-29 02:53:17 - [TEST_STEP][PASSED] - case "PSI":: null

2020-05-29 02:53:17 - [TEST_STEP][PASSED] - ValueFound = ConstantTBL.find({ -> ... }): null

2020-05-29 02:53:17 - [TEST_STEP][PASSED] - break: null

2020-05-29 02:53:17 - [MESSAGE][PASSED] - Call Test Case 'Test Cases/PFI Precision and Scale/PFI Components/ConstantHashMap' successfully

2020-05-29 02:53:17 - [TEST_STEP][PASSED] - println(ValueFound): null

2020-05-29 02:53:17 - [TEST_STEP][PASSED] - sendKeys(NewInputNmField, Keys.chord(ARROW_DOWN)): Keys 'DOWN + ' sent to object: 'Object Repository/Objects.HighlightElements/input_field_index'

2020-05-29 02:53:20 - [MESSAGE][PASSED] - Keys 'DOWN + ' sent to object: 'Object Repository/Objects.HighlightElements/input_field_index'

2020-05-29 02:53:20 - [TEST_STEP][PASSED] - sendKeys(NewInputNmField, Keys.chord(ARROW_DOWN)): Keys 'DOWN + ' sent to object: 'Object Repository/Objects.HighlightElements/input_field_index'

2020-05-29 02:53:22 - [MESSAGE][PASSED] - Keys 'DOWN + ' sent to object: 'Object Repository/Objects.HighlightElements/input_field_index'

2020-05-29 02:53:22 - [TEST_STEP][PASSED] - delay(DelayTime): Delayed 2 second(s)

2020-05-29 02:53:24 - [MESSAGE][PASSED] - Delayed 2 second(s)

2020-05-29 02:53:24 - [TEST_STEP][PASSED] - sendKeys(NewInputNmField, Keys.chord(ENTER)): Keys 'ENTER + ' sent to object: 'Object Repository/Objects.HighlightElements/input_field_index'

2020-05-29 02:53:26 - [MESSAGE][PASSED] - Keys 'ENTER + ' sent to object: 'Object Repository/Objects.HighlightElements/input_field_index'

2020-05-29 02:53:26 - [TEST_STEP][PASSED] - ComboBoxValue = getAttribute(NewInputNmField, "value"): Attribute 'value' of object 'Object Repository/Objects.HighlightElements/input_field_index' is: 'Bldg Rec Upload (SMB_UP1)'

2020-05-29 02:53:31 - [MESSAGE][PASSED] - Attribute 'value' of object 'Object Repository/Objects.HighlightElements/input_field_index' is: 'Bldg Rec Upload (SMB_UP1)'

2020-05-29 02:53:31 - [TEST_STEP][PASSED] - callTestCase(findTestCase(CallTCName), ["FindValue":ComboBoxValue, "DropdownNm":comboNm], STOP_ON_FAILURE): Call Test Case 'Test Cases/PFI Precision and Scale/PFI Components/ConstantHashMap' successfully

2020-05-29 02:53:43 - [TEST_CASE][PASSED] - Test Cases/PFI Precision and Scale/PFI Components/ConstantHashMap: Test Cases/PFI Precision and Scale/PFI Components/ConstantHashMap

2020-05-29 02:53:46 - [TEST_STEP][PASSED] - ConstantTBL = [1:["PeriodType":"Working Day(s)"], 2:["PeriodType":"Calendar Day(s)"], 3:["PeriodType":"Month(s)"], 4:["TypeOfLetter":"T1"], ... ]: null

2020-05-29 02:53:46 - [TEST_STEP][PASSED] - switch (DropdownNm): null

2020-05-29 02:53:46 - [TEST_STEP][PASSED] - case "PSI":: null

2020-05-29 02:53:46 - [TEST_STEP][PASSED] - ValueFound = ConstantTBL.find({ -> ... }): null

2020-05-29 02:53:46 - [TEST_STEP][PASSED] - break: null

2020-05-29 02:53:46 - [MESSAGE][PASSED] - Call Test Case 'Test Cases/PFI Precision and Scale/PFI Components/ConstantHashMap' successfully

2020-05-29 02:53:46 - [TEST_STEP][PASSED] - println(ValueFound): null

2020-05-29 02:53:46 - [TEST_STEP][PASSED] - sendKeys(NewInputNmField, Keys.chord(ARROW_DOWN)): Keys 'DOWN + ' sent to object: 'Object Repository/Objects.HighlightElements/input_field_index'

2020-05-29 02:53:47 - [MESSAGE][PASSED] - Keys 'DOWN + ' sent to object: 'Object Repository/Objects.HighlightElements/input_field_index'

2020-05-29 02:53:47 - [TEST_STEP][PASSED] - sendKeys(NewInputNmField, Keys.chord(ARROW_DOWN)): Keys 'DOWN + ' sent to object: 'Object Repository/Objects.HighlightElements/input_field_index'

2020-05-29 02:53:49 - [MESSAGE][PASSED] - Keys 'DOWN + ' sent to object: 'Object Repository/Objects.HighlightElements/input_field_index'

2020-05-29 02:53:49 - [TEST_STEP][PASSED] - delay(DelayTime): Delayed 2 second(s)

2020-05-29 02:53:52 - [MESSAGE][PASSED] - Delayed 2 second(s)

2020-05-29 02:53:52 - [TEST_STEP][PASSED] - sendKeys(NewInputNmField, Keys.chord(ENTER)): Keys 'ENTER + ' sent to object: 'Object Repository/Objects.HighlightElements/input_field_index'

2020-05-29 02:53:53 - [MESSAGE][PASSED] - Keys 'ENTER + ' sent to object: 'Object Repository/Objects.HighlightElements/input_field_index'

2020-05-29 02:53:53 - [TEST_STEP][PASSED] - ComboBoxValue = getAttribute(NewInputNmField, "value"): Attribute 'value' of object 'Object Repository/Objects.HighlightElements/input_field_index' is: 'View/Edit Bldg (SMB_UP2)'

2020-05-29 02:53:54 - [MESSAGE][PASSED] - Attribute 'value' of object 'Object Repository/Objects.HighlightElements/input_field_index' is: 'View/Edit Bldg (SMB_UP2)'

2020-05-29 02:53:54 - [TEST_STEP][PASSED] - callTestCase(findTestCase(CallTCName), ["FindValue":ComboBoxValue, "DropdownNm":comboNm], STOP_ON_FAILURE): Call Test Case 'Test Cases/PFI Precision and Scale/PFI Components/ConstantHashMap' successfully

2020-05-29 02:54:01 - [TEST_CASE][PASSED] - Test Cases/PFI Precision and Scale/PFI Components/ConstantHashMap: Test Cases/PFI Precision and Scale/PFI Components/ConstantHashMap

2020-05-29 02:54:06 - [TEST_STEP][PASSED] - ConstantTBL = [1:["PeriodType":"Working Day(s)"], 2:["PeriodType":"Calendar Day(s)"], 3:["PeriodType":"Month(s)"], 4:["TypeOfLetter":"T1"], ... ]: null

2020-05-29 02:54:06 - [TEST_STEP][PASSED] - switch (DropdownNm): null

2020-05-29 02:54:06 - [TEST_STEP][PASSED] - case "PSI":: null

2020-05-29 02:54:06 - [TEST_STEP][PASSED] - ValueFound = ConstantTBL.find({ -> ... }): null

2020-05-29 02:54:06 - [TEST_STEP][PASSED] - break: null

2020-05-29 02:54:06 - [MESSAGE][PASSED] - Call Test Case 'Test Cases/PFI Precision and Scale/PFI Components/ConstantHashMap' successfully

2020-05-29 02:54:06 - [TEST_STEP][PASSED] - println(ValueFound): null

2020-05-29 02:54:06 - [TEST_STEP][PASSED] - sendKeys(NewInputNmField, Keys.chord(ARROW_DOWN)): Keys 'DOWN + ' sent to object: 'Object Repository/Objects.HighlightElements/input_field_index'

2020-05-29 02:54:08 - [MESSAGE][PASSED] - Keys 'DOWN + ' sent to object: 'Object Repository/Objects.HighlightElements/input_field_index'

2020-05-29 02:54:08 - [TEST_STEP][PASSED] - sendKeys(NewInputNmField, Keys.chord(ARROW_DOWN)): Keys 'DOWN + ' sent to object: 'Object Repository/Objects.HighlightElements/input_field_index'

2020-05-29 02:54:09 - [MESSAGE][PASSED] - Keys 'DOWN + ' sent to object: 'Object Repository/Objects.HighlightElements/input_field_index'

2020-05-29 02:54:09 - [TEST_STEP][PASSED] - delay(DelayTime): Delayed 2 second(s)

2020-05-29 02:54:13 - [MESSAGE][PASSED] - Delayed 2 second(s)

2020-05-29 02:54:13 - [TEST_STEP][PASSED] - sendKeys(NewInputNmField, Keys.chord(ENTER)): Keys 'ENTER + ' sent to object: 'Object Repository/Objects.HighlightElements/input_field_index'

2020-05-29 02:54:15 - [MESSAGE][PASSED] - Keys 'ENTER + ' sent to object: 'Object Repository/Objects.HighlightElements/input_field_index'

2020-05-29 02:54:15 - [TEST_STEP][PASSED] - ComboBoxValue = getAttribute(NewInputNmField, "value"): Attribute 'value' of object 'Object Repository/Objects.HighlightElements/input_field_index' is: 'ST-PSI Processing (ST_PSI)'

2020-05-29 02:54:19 - [MESSAGE][PASSED] - Attribute 'value' of object 'Object Repository/Objects.HighlightElements/input_field_index' is: 'ST-PSI Processing (ST_PSI)'

2020-05-29 02:54:19 - [TEST_STEP][PASSED] - callTestCase(findTestCase(CallTCName), ["FindValue":ComboBoxValue, "DropdownNm":comboNm], STOP_ON_FAILURE): Call Test Case 'Test Cases/PFI Precision and Scale/PFI Components/ConstantHashMap' successfully

2020-05-29 02:54:24 - [TEST_CASE][PASSED] - Test Cases/PFI Precision and Scale/PFI Components/ConstantHashMap: Test Cases/PFI Precision and Scale/PFI Components/ConstantHashMap

2020-05-29 02:54:28 - [TEST_STEP][PASSED] - ConstantTBL = [1:["PeriodType":"Working Day(s)"], 2:["PeriodType":"Calendar Day(s)"], 3:["PeriodType":"Month(s)"], 4:["TypeOfLetter":"T1"], ... ]: null

2020-05-29 02:54:28 - [TEST_STEP][PASSED] - switch (DropdownNm): null

2020-05-29 02:54:28 - [TEST_STEP][PASSED] - case "PSI":: null

2020-05-29 02:54:28 - [TEST_STEP][PASSED] - ValueFound = ConstantTBL.find({ -> ... }): null

2020-05-29 02:54:28 - [TEST_STEP][PASSED] - break: null

2020-05-29 02:54:28 - [MESSAGE][PASSED] - Call Test Case 'Test Cases/PFI Precision and Scale/PFI Components/ConstantHashMap' successfully

2020-05-29 02:54:28 - [TEST_STEP][PASSED] - println(ValueFound): null

2020-05-29 02:54:28 - [TEST_STEP][PASSED] - sendKeys(NewInputNmField, Keys.chord(ARROW_DOWN)): Keys 'DOWN + ' sent to object: 'Object Repository/Objects.HighlightElements/input_field_index'

2020-05-29 02:54:29 - [MESSAGE][PASSED] - Keys 'DOWN + ' sent to object: 'Object Repository/Objects.HighlightElements/input_field_index'

2020-05-29 02:54:29 - [TEST_STEP][PASSED] - sendKeys(NewInputNmField, Keys.chord(ENTER)): Keys 'ENTER + ' sent to object: 'Object Repository/Objects.HighlightElements/input_field_index'

2020-05-29 02:54:30 - [MESSAGE][PASSED] - Keys 'ENTER + ' sent to object: 'Object Repository/Objects.HighlightElements/input_field_index'

2020-05-29 02:54:30 - [MESSAGE][PASSED] - Call Test Case 'Test Cases/PFI Precision and Scale/PFI Components with Indexing/VerifyDropdownValuesXPI' successfully

2020-05-29 02:54:30 - [TEST_STEP][PASSED] - callTestCase(findTestCase("Components/SelectAllThenDeleteIndex"), ["nameToBeUsed":"inspModule", "index":"1"], STOP_ON_FAILURE): Call Test Case 'Test Cases/Components/SelectAllThenDeleteIndex' successfully

2020-05-29 02:54:36 - [TEST_CASE][PASSED] - Test Cases/Components/SelectAllThenDeleteIndex: Test Cases/Components/SelectAllThenDeleteIndex

2020-05-29 02:54:38 - [TEST_STEP][PASSED] - Thread.sleep(1000): null

2020-05-29 02:54:39 - [TEST_STEP][PASSED] - modifiedObj = modifyObjectProperty(findTestObject("Object Repository/Objects.HighlightElements/input_field_index"), "xpath", "equals", "(//*[contains(@class,'x-form-text') and (@name='" + nameToBeUsed + "')])[" + index + "]", true): Modify property of object successfully

2020-05-29 02:54:41 - [MESSAGE][PASSED] - Modify property of object successfully

2020-05-29 02:54:41 - [TEST_STEP][PASSED] - focus(modifiedObj): Object: 'Object Repository/Objects.HighlightElements/input_field_index' is focused

2020-05-29 02:54:41 - [MESSAGE][PASSED] - Object: 'Object Repository/Objects.HighlightElements/input_field_index' is focused

2020-05-29 02:54:41 - [TEST_STEP][PASSED] - sendKeys(modifiedObj, Keys.chord(CONTROL, "a")): Keys 'CONTROL + a' sent to object: 'Object Repository/Objects.HighlightElements/input_field_index'

2020-05-29 02:54:42 - [MESSAGE][PASSED] - Keys 'CONTROL + a' sent to object: 'Object Repository/Objects.HighlightElements/input_field_index'

2020-05-29 02:54:42 - [TEST_STEP][PASSED] - sendKeys(modifiedObj, Keys.chord(DELETE)): Keys 'DELETE + ' sent to object: 'Object Repository/Objects.HighlightElements/input_field_index'

2020-05-29 02:54:42 - [MESSAGE][PASSED] - Keys 'DELETE + ' sent to object: 'Object Repository/Objects.HighlightElements/input_field_index'

2020-05-29 02:54:42 - [MESSAGE][PASSED] - Call Test Case 'Test Cases/Components/SelectAllThenDeleteIndex' successfully

2020-05-29 02:54:42 - [TEST_STEP][PASSED] - callTestCase(findTestCase("PFI Precision and Scale/PFI Components with Indexing/VerifyDropdownValuesXPI"), ["FldNm":"inspModule", "index":1, "CallTCName":"PFI Precision and Scale/PFI Components/ConstantHashMap", "cmbNm":"ModuleNm", ... ], STOP_ON_FAILURE): Call Test Case 'Test Cases/PFI Precision and Scale/PFI Components with Indexing/VerifyDropdownValuesXPI' successfully

2020-05-29 02:54:42 - [TEST_CASE][PASSED] - Test Cases/PFI Precision and Scale/PFI Components with Indexing/VerifyDropdownValuesXPI: Test Cases/PFI Precision and Scale/PFI Components with Indexing/VerifyDropdownValuesXPI

2020-05-29 02:54:42 - [TEST_STEP][PASSED] - Thread.sleep(1000): null

2020-05-29 02:54:43 - [TEST_STEP][PASSED] - NewInputNmField = modifyObjectProperty(findTestObject("Object Repository/Objects.HighlightElements/input_field_index"), "xpath", "equals", "(//*[contains(@name, '" + FldNm + "')])[" + index + "]", true): Modify property of object successfully

2020-05-29 02:54:43 - [MESSAGE][PASSED] - Modify property of object successfully

2020-05-29 02:54:43 - [TEST_STEP][PASSED] - comboNm = cmbNm: null

2020-05-29 02:54:43 - [TEST_STEP][PASSED] - focus(NewInputNmField): Object: 'Object Repository/Objects.HighlightElements/input_field_index' is focused

2020-05-29 02:54:43 - [MESSAGE][PASSED] - Object: 'Object Repository/Objects.HighlightElements/input_field_index' is focused

2020-05-29 02:54:43 - [TEST_STEP][PASSED] - setText(NewInputNmField, EnterValue): Text 'ENF' is set on object 'Object Repository/Objects.HighlightElements/input_field_index'

2020-05-29 02:54:44 - [MESSAGE][PASSED] - Text 'ENF' is set on object 'Object Repository/Objects.HighlightElements/input_field_index'

2020-05-29 02:54:44 - [TEST_STEP][PASSED] - for ([i = 1, i <= NoOfVal, (i++)]): Keys 'DOWN + ' sent to object: 'Object Repository/Objects.HighlightElements/input_field_index'

2020-05-29 02:54:44 - [TEST_STEP][PASSED] - sendKeys(NewInputNmField, Keys.chord(ARROW_DOWN)): Keys 'DOWN + ' sent to object: 'Object Repository/Objects.HighlightElements/input_field_index'

2020-05-29 02:54:44 - [MESSAGE][PASSED] - Keys 'DOWN + ' sent to object: 'Object Repository/Objects.HighlightElements/input_field_index'

2020-05-29 02:54:44 - [TEST_STEP][PASSED] - delay(DelayTime): Delayed 0 second(s)

2020-05-29 02:54:44 - [MESSAGE][PASSED] - Delayed 0 second(s)

2020-05-29 02:54:44 - [TEST_STEP][PASSED] - sendKeys(NewInputNmField, Keys.chord(ENTER)): Keys 'ENTER + ' sent to object: 'Object Repository/Objects.HighlightElements/input_field_index'

2020-05-29 02:54:44 - [MESSAGE][PASSED] - Keys 'ENTER + ' sent to object: 'Object Repository/Objects.HighlightElements/input_field_index'

2020-05-29 02:54:44 - [TEST_STEP][PASSED] - ComboBoxValue = getAttribute(NewInputNmField, "value"): Attribute 'value' of object 'Object Repository/Objects.HighlightElements/input_field_index' is: 'ENF'

2020-05-29 02:54:45 - [MESSAGE][PASSED] - Attribute 'value' of object 'Object Repository/Objects.HighlightElements/input_field_index' is: 'ENF'

2020-05-29 02:54:45 - [TEST_STEP][PASSED] - callTestCase(findTestCase(CallTCName), ["FindValue":ComboBoxValue, "DropdownNm":comboNm], STOP_ON_FAILURE): Call Test Case 'Test Cases/PFI Precision and Scale/PFI Components/ConstantHashMap' successfully

2020-05-29 02:54:45 - [TEST_CASE][PASSED] - Test Cases/PFI Precision and Scale/PFI Components/ConstantHashMap: Test Cases/PFI Precision and Scale/PFI Components/ConstantHashMap

2020-05-29 02:54:45 - [TEST_STEP][PASSED] - ConstantTBL = [1:["PeriodType":"Working Day(s)"], 2:["PeriodType":"Calendar Day(s)"], 3:["PeriodType":"Month(s)"], 4:["TypeOfLetter":"T1"], ... ]: null

2020-05-29 02:54:45 - [TEST_STEP][PASSED] - switch (DropdownNm): null

2020-05-29 02:54:45 - [TEST_STEP][PASSED] - case "ModuleNm":: null

2020-05-29 02:54:45 - [TEST_STEP][PASSED] - ValueFound = ConstantTBL.find({ -> ... }): null

2020-05-29 02:54:45 - [TEST_STEP][PASSED] - break: null

2020-05-29 02:54:45 - [MESSAGE][PASSED] - Call Test Case 'Test Cases/PFI Precision and Scale/PFI Components/ConstantHashMap' successfully

2020-05-29 02:54:45 - [TEST_STEP][PASSED] - println(ValueFound): null

2020-05-29 02:54:45 - [TEST_STEP][PASSED] - sendKeys(NewInputNmField, Keys.chord(ARROW_DOWN)): Keys 'DOWN + ' sent to object: 'Object Repository/Objects.HighlightElements/input_field_index'

2020-05-29 02:54:45 - [MESSAGE][PASSED] - Keys 'DOWN + ' sent to object: 'Object Repository/Objects.HighlightElements/input_field_index'

2020-05-29 02:54:45 - [TEST_STEP][PASSED] - sendKeys(NewInputNmField, Keys.chord(ENTER)): Keys 'ENTER + ' sent to object: 'Object Repository/Objects.HighlightElements/input_field_index'

2020-05-29 02:54:46 - [MESSAGE][PASSED] - Keys 'ENTER + ' sent to object: 'Object Repository/Objects.HighlightElements/input_field_index'

2020-05-29 02:54:46 - [MESSAGE][PASSED] - Call Test Case 'Test Cases/PFI Precision and Scale/PFI Components with Indexing/VerifyDropdownValuesXPI' successfully

2020-05-29 02:54:46 - [TEST_STEP][PASSED] - callTestCase(findTestCase("PFI Precision and Scale/PFI Components with Indexing/VerifyDropdownValuesXPI"), ["FldNm":"inspCaseType", "index":1, "CallTCName":"PFI Precision and Scale/PFI Components/ConstantHashMap", "cmbNm":"ENF", "NoOfVal":8, ... ], STOP_ON_FAILURE): Call Test Case 'Test Cases/PFI Precision and Scale/PFI Components with Indexing/VerifyDropdownValuesXPI' successfully

2020-05-29 02:54:46 - [TEST_CASE][PASSED] - Test Cases/PFI Precision and Scale/PFI Components with Indexing/VerifyDropdownValuesXPI: Test Cases/PFI Precision and Scale/PFI Components with Indexing/VerifyDropdownValuesXPI

2020-05-29 02:54:46 - [TEST_STEP][PASSED] - Thread.sleep(1000): null

2020-05-29 02:54:47 - [TEST_STEP][PASSED] - NewInputNmField = modifyObjectProperty(findTestObject("Object Repository/Objects.HighlightElements/input_field_index"), "xpath", "equals", "(//*[contains(@name, '" + FldNm + "')])[" + index + "]", true): Modify property of object successfully

2020-05-29 02:54:47 - [MESSAGE][PASSED] - Modify property of object successfully

2020-05-29 02:54:47 - [TEST_STEP][PASSED] - comboNm = cmbNm: null

2020-05-29 02:54:47 - [TEST_STEP][PASSED] - focus(NewInputNmField): Object: 'Object Repository/Objects.HighlightElements/input_field_index' is focused

2020-05-29 02:54:47 - [MESSAGE][PASSED] - Object: 'Object Repository/Objects.HighlightElements/input_field_index' is focused

2020-05-29 02:54:47 - [TEST_STEP][PASSED] - setText(NewInputNmField, EnterValue): Text '' is set on object 'Object Repository/Objects.HighlightElements/input_field_index'

2020-05-29 02:54:47 - [MESSAGE][PASSED] - Text '' is set on object 'Object Repository/Objects.HighlightElements/input_field_index'

2020-05-29 02:54:47 - [TEST_STEP][PASSED] - for ([i = 1, i <= NoOfVal, (i++)]): Keys 'DOWN + ' sent to object: 'Object Repository/Objects.HighlightElements/input_field_index'

2020-05-29 02:54:47 - [TEST_STEP][PASSED] - sendKeys(NewInputNmField, Keys.chord(ARROW_DOWN)): Keys 'DOWN + ' sent to object: 'Object Repository/Objects.HighlightElements/input_field_index'

2020-05-29 02:54:48 - [MESSAGE][PASSED] - Keys 'DOWN + ' sent to object: 'Object Repository/Objects.HighlightElements/input_field_index'

2020-05-29 02:54:48 - [TEST_STEP][PASSED] - delay(DelayTime): Delayed 2 second(s)

2020-05-29 02:54:50 - [MESSAGE][PASSED] - Delayed 2 second(s)

2020-05-29 02:54:50 - [TEST_STEP][PASSED] - sendKeys(NewInputNmField, Keys.chord(ENTER)): Keys 'ENTER + ' sent to object: 'Object Repository/Objects.HighlightElements/input_field_index'

2020-05-29 02:54:50 - [MESSAGE][PASSED] - Keys 'ENTER + ' sent to object: 'Object Repository/Objects.HighlightElements/input_field_index'

2020-05-29 02:54:50 - [TEST_STEP][PASSED] - ComboBoxValue = getAttribute(NewInputNmField, "value"): Attribute 'value' of object 'Object Repository/Objects.HighlightElements/input_field_index' is: 'Corres-General Correspondence (CORRES-ENF-GC)'

2020-05-29 02:54:50 - [MESSAGE][PASSED] - Attribute 'value' of object 'Object Repository/Objects.HighlightElements/input_field_index' is: 'Corres-General Correspondence (CORRES-ENF-GC)'

2020-05-29 02:54:50 - [TEST_STEP][PASSED] - callTestCase(findTestCase(CallTCName), ["FindValue":ComboBoxValue, "DropdownNm":comboNm], STOP_ON_FAILURE): Call Test Case 'Test Cases/PFI Precision and Scale/PFI Components/ConstantHashMap' successfully

2020-05-29 02:54:50 - [TEST_CASE][PASSED] - Test Cases/PFI Precision and Scale/PFI Components/ConstantHashMap: Test Cases/PFI Precision and Scale/PFI Components/ConstantHashMap

2020-05-29 02:54:50 - [TEST_STEP][PASSED] - ConstantTBL = [1:["PeriodType":"Working Day(s)"], 2:["PeriodType":"Calendar Day(s)"], 3:["PeriodType":"Month(s)"], 4:["TypeOfLetter":"T1"], ... ]: null

2020-05-29 02:54:50 - [TEST_STEP][PASSED] - switch (DropdownNm): null

2020-05-29 02:54:50 - [TEST_STEP][PASSED] - case "ENF":: null

2020-05-29 02:54:50 - [TEST_STEP][PASSED] - ValueFound = ConstantTBL.find({ -> ... }): null

2020-05-29 02:54:50 - [TEST_STEP][PASSED] - break: null

2020-05-29 02:54:50 - [MESSAGE][PASSED] - Call Test Case 'Test Cases/PFI Precision and Scale/PFI Components/ConstantHashMap' successfully

2020-05-29 02:54:50 - [TEST_STEP][PASSED] - println(ValueFound): null

2020-05-29 02:54:50 - [TEST_STEP][PASSED] - sendKeys(NewInputNmField, Keys.chord(ARROW_DOWN)): Keys 'DOWN + ' sent to object: 'Object Repository/Objects.HighlightElements/input_field_index'

2020-05-29 02:54:51 - [MESSAGE][PASSED] - Keys 'DOWN + ' sent to object: 'Object Repository/Objects.HighlightElements/input_field_index'

2020-05-29 02:54:51 - [TEST_STEP][PASSED] - sendKeys(NewInputNmField, Keys.chord(ARROW_DOWN)): Keys 'DOWN + ' sent to object: 'Object Repository/Objects.HighlightElements/input_field_index'

2020-05-29 02:54:51 - [MESSAGE][PASSED] - Keys 'DOWN + ' sent to object: 'Object Repository/Objects.HighlightElements/input_field_index'

2020-05-29 02:54:51 - [TEST_STEP][PASSED] - delay(DelayTime): Delayed 2 second(s)

2020-05-29 02:54:53 - [MESSAGE][PASSED] - Delayed 2 second(s)

2020-05-29 02:54:53 - [TEST_STEP][PASSED] - sendKeys(NewInputNmField, Keys.chord(ENTER)): Keys 'ENTER + ' sent to object: 'Object Repository/Objects.HighlightElements/input_field_index'

2020-05-29 02:54:53 - [MESSAGE][PASSED] - Keys 'ENTER + ' sent to object: 'Object Repository/Objects.HighlightElements/input_field_index'

2020-05-29 02:54:53 - [TEST_STEP][PASSED] - ComboBoxValue = getAttribute(NewInputNmField, "value"): Attribute 'value' of object 'Object Repository/Objects.HighlightElements/input_field_index' is: 'Corres-Request for Submission Withdrawal (CORRES-ENF-SUBWTH)'

2020-05-29 02:54:54 - [MESSAGE][PASSED] - Attribute 'value' of object 'Object Repository/Objects.HighlightElements/input_field_index' is: 'Corres-Request for Submission Withdrawal (CORRES-ENF-SUBWTH)'

2020-05-29 02:54:54 - [TEST_STEP][PASSED] - callTestCase(findTestCase(CallTCName), ["FindValue":ComboBoxValue, "DropdownNm":comboNm], STOP_ON_FAILURE): Call Test Case 'Test Cases/PFI Precision and Scale/PFI Components/ConstantHashMap' successfully

2020-05-29 02:54:54 - [TEST_CASE][PASSED] - Test Cases/PFI Precision and Scale/PFI Components/ConstantHashMap: Test Cases/PFI Precision and Scale/PFI Components/ConstantHashMap

2020-05-29 02:54:54 - [TEST_STEP][PASSED] - ConstantTBL = [1:["PeriodType":"Working Day(s)"], 2:["PeriodType":"Calendar Day(s)"], 3:["PeriodType":"Month(s)"], 4:["TypeOfLetter":"T1"], ... ]: null

2020-05-29 02:54:54 - [TEST_STEP][PASSED] - switch (DropdownNm): null

2020-05-29 02:54:54 - [TEST_STEP][PASSED] - case "ENF":: null

2020-05-29 02:54:54 - [TEST_STEP][PASSED] - ValueFound = ConstantTBL.find({ -> ... }): null

2020-05-29 02:54:54 - [TEST_STEP][PASSED] - break: null

2020-05-29 02:54:54 - [MESSAGE][PASSED] - Call Test Case 'Test Cases/PFI Precision and Scale/PFI Components/ConstantHashMap' successfully

2020-05-29 02:54:54 - [TEST_STEP][PASSED] - println(ValueFound): null

2020-05-29 02:54:54 - [TEST_STEP][PASSED] - sendKeys(NewInputNmField, Keys.chord(ARROW_DOWN)): Keys 'DOWN + ' sent to object: 'Object Repository/Objects.HighlightElements/input_field_index'

2020-05-29 02:54:54 - [MESSAGE][PASSED] - Keys 'DOWN + ' sent to object: 'Object Repository/Objects.HighlightElements/input_field_index'

2020-05-29 02:54:54 - [TEST_STEP][PASSED] - sendKeys(NewInputNmField, Keys.chord(ARROW_DOWN)): Keys 'DOWN + ' sent to object: 'Object Repository/Objects.HighlightElements/input_field_index'

2020-05-29 02:55:04 - [MESSAGE][PASSED] - Keys 'DOWN + ' sent to object: 'Object Repository/Objects.HighlightElements/input_field_index'

2020-05-29 02:55:04 - [TEST_STEP][PASSED] - delay(DelayTime): Delayed 2 second(s)

2020-05-29 02:55:06 - [MESSAGE][PASSED] - Delayed 2 second(s)

2020-05-29 02:55:06 - [TEST_STEP][PASSED] - sendKeys(NewInputNmField, Keys.chord(ENTER)): Keys 'ENTER + ' sent to object: 'Object Repository/Objects.HighlightElements/input_field_index'

2020-05-29 02:55:07 - [MESSAGE][PASSED] - Keys 'ENTER + ' sent to object: 'Object Repository/Objects.HighlightElements/input_field_index'

2020-05-29 02:55:07 - [TEST_STEP][PASSED] - ComboBoxValue = getAttribute(NewInputNmField, "value"): Attribute 'value' of object 'Object Repository/Objects.HighlightElements/input_field_index' is: 'Enforcement Processing (ENF)'

2020-05-29 02:55:07 - [MESSAGE][PASSED] - Attribute 'value' of object 'Object Repository/Objects.HighlightElements/input_field_index' is: 'Enforcement Processing (ENF)'

2020-05-29 02:55:07 - [TEST_STEP][PASSED] - callTestCase(findTestCase(CallTCName), ["FindValue":ComboBoxValue, "DropdownNm":comboNm], STOP_ON_FAILURE): Call Test Case 'Test Cases/PFI Precision and Scale/PFI Components/ConstantHashMap' successfully

2020-05-29 02:55:07 - [TEST_CASE][PASSED] - Test Cases/PFI Precision and Scale/PFI Components/ConstantHashMap: Test Cases/PFI Precision and Scale/PFI Components/ConstantHashMap

2020-05-29 02:55:07 - [TEST_STEP][PASSED] - ConstantTBL = [1:["PeriodType":"Working Day(s)"], 2:["PeriodType":"Calendar Day(s)"], 3:["PeriodType":"Month(s)"], 4:["TypeOfLetter":"T1"], ... ]: null

2020-05-29 02:55:07 - [TEST_STEP][PASSED] - switch (DropdownNm): null

2020-05-29 02:55:07 - [TEST_STEP][PASSED] - case "ENF":: null

2020-05-29 02:55:07 - [TEST_STEP][PASSED] - ValueFound = ConstantTBL.find({ -> ... }): null

2020-05-29 02:55:07 - [TEST_STEP][PASSED] - break: null

2020-05-29 02:55:07 - [MESSAGE][PASSED] - Call Test Case 'Test Cases/PFI Precision and Scale/PFI Components/ConstantHashMap' successfully

2020-05-29 02:55:07 - [TEST_STEP][PASSED] - println(ValueFound): null

2020-05-29 02:55:07 - [TEST_STEP][PASSED] - sendKeys(NewInputNmField, Keys.chord(ARROW_DOWN)): Keys 'DOWN + ' sent to object: 'Object Repository/Objects.HighlightElements/input_field_index'

2020-05-29 02:55:07 - [MESSAGE][PASSED] - Keys 'DOWN + ' sent to object: 'Object Repository/Objects.HighlightElements/input_field_index'

2020-05-29 02:55:07 - [TEST_STEP][PASSED] - sendKeys(NewInputNmField, Keys.chord(ARROW_DOWN)): Keys 'DOWN + ' sent to object: 'Object Repository/Objects.HighlightElements/input_field_index'

2020-05-29 02:55:08 - [MESSAGE][PASSED] - Keys 'DOWN + ' sent to object: 'Object Repository/Objects.HighlightElements/input_field_index'

2020-05-29 02:55:08 - [TEST_STEP][PASSED] - delay(DelayTime): Delayed 2 second(s)

2020-05-29 02:55:10 - [MESSAGE][PASSED] - Delayed 2 second(s)

2020-05-29 02:55:10 - [TEST_STEP][PASSED] - sendKeys(NewInputNmField, Keys.chord(ENTER)): Keys 'ENTER + ' sent to object: 'Object Repository/Objects.HighlightElements/input_field_index'

2020-05-29 02:55:10 - [MESSAGE][PASSED] - Keys 'ENTER + ' sent to object: 'Object Repository/Objects.HighlightElements/input_field_index'

2020-05-29 02:55:10 - [TEST_STEP][PASSED] - ComboBoxValue = getAttribute(NewInputNmField, "value"): Attribute 'value' of object 'Object Repository/Objects.HighlightElements/input_field_index' is: 'Enforcement - Fire and Surveilence (ENF_EFS)'

2020-05-29 02:55:11 - [MESSAGE][PASSED] - Attribute 'value' of object 'Object Repository/Objects.HighlightElements/input_field_index' is: 'Enforcement - Fire and Surveilence (ENF_EFS)'

2020-05-29 02:55:11 - [TEST_STEP][PASSED] - callTestCase(findTestCase(CallTCName), ["FindValue":ComboBoxValue, "DropdownNm":comboNm], STOP_ON_FAILURE): Call Test Case 'Test Cases/PFI Precision and Scale/PFI Components/ConstantHashMap' successfully

2020-05-29 02:55:11 - [TEST_CASE][PASSED] - Test Cases/PFI Precision and Scale/PFI Components/ConstantHashMap: Test Cases/PFI Precision and Scale/PFI Components/ConstantHashMap

2020-05-29 02:55:11 - [TEST_STEP][PASSED] - ConstantTBL = [1:["PeriodType":"Working Day(s)"], 2:["PeriodType":"Calendar Day(s)"], 3:["PeriodType":"Month(s)"], 4:["TypeOfLetter":"T1"], ... ]: null

2020-05-29 02:55:11 - [TEST_STEP][PASSED] - switch (DropdownNm): null

2020-05-29 02:55:11 - [TEST_STEP][PASSED] - case "ENF":: null

2020-05-29 02:55:11 - [TEST_STEP][PASSED] - ValueFound = ConstantTBL.find({ -> ... }): null

2020-05-29 02:55:11 - [TEST_STEP][PASSED] - break: null

2020-05-29 02:55:11 - [MESSAGE][PASSED] - Call Test Case 'Test Cases/PFI Precision and Scale/PFI Components/ConstantHashMap' successfully

2020-05-29 02:55:11 - [TEST_STEP][PASSED] - println(ValueFound): null

2020-05-29 02:55:11 - [TEST_STEP][PASSED] - sendKeys(NewInputNmField, Keys.chord(ARROW_DOWN)): Keys 'DOWN + ' sent to object: 'Object Repository/Objects.HighlightElements/input_field_index'

2020-05-29 02:55:11 - [MESSAGE][PASSED] - Keys 'DOWN + ' sent to object: 'Object Repository/Objects.HighlightElements/input_field_index'

2020-05-29 02:55:11 - [TEST_STEP][PASSED] - sendKeys(NewInputNmField, Keys.chord(ARROW_DOWN)): Keys 'DOWN + ' sent to object: 'Object Repository/Objects.HighlightElements/input_field_index'

2020-05-29 02:55:11 - [MESSAGE][PASSED] - Keys 'DOWN + ' sent to object: 'Object Repository/Objects.HighlightElements/input_field_index'

2020-05-29 02:55:11 - [TEST_STEP][PASSED] - delay(DelayTime): Delayed 2 second(s)

2020-05-29 02:55:13 - [MESSAGE][PASSED] - Delayed 2 second(s)

2020-05-29 02:55:13 - [TEST_STEP][PASSED] - sendKeys(NewInputNmField, Keys.chord(ENTER)): Keys 'ENTER + ' sent to object: 'Object Repository/Objects.HighlightElements/input_field_index'

2020-05-29 02:55:14 - [MESSAGE][PASSED] - Keys 'ENTER + ' sent to object: 'Object Repository/Objects.HighlightElements/input_field_index'

2020-05-29 02:55:14 - [TEST_STEP][PASSED] - ComboBoxValue = getAttribute(NewInputNmField, "value"): Attribute 'value' of object 'Object Repository/Objects.HighlightElements/input_field_index' is: 'Enforcement - Master Folder (BSPS) (ENF_EM)'

2020-05-29 02:55:14 - [MESSAGE][PASSED] - Attribute 'value' of object 'Object Repository/Objects.HighlightElements/input_field_index' is: 'Enforcement - Master Folder (BSPS) (ENF_EM)'

2020-05-29 02:55:14 - [TEST_STEP][PASSED] - callTestCase(findTestCase(CallTCName), ["FindValue":ComboBoxValue, "DropdownNm":comboNm], STOP_ON_FAILURE): Call Test Case 'Test Cases/PFI Precision and Scale/PFI Components/ConstantHashMap' successfully

2020-05-29 02:55:14 - [TEST_CASE][PASSED] - Test Cases/PFI Precision and Scale/PFI Components/ConstantHashMap: Test Cases/PFI Precision and Scale/PFI Components/ConstantHashMap

2020-05-29 02:55:14 - [TEST_STEP][PASSED] - ConstantTBL = [1:["PeriodType":"Working Day(s)"], 2:["PeriodType":"Calendar Day(s)"], 3:["PeriodType":"Month(s)"], 4:["TypeOfLetter":"T1"], ... ]: null

2020-05-29 02:55:14 - [TEST_STEP][PASSED] - switch (DropdownNm): null

2020-05-29 02:55:14 - [TEST_STEP][PASSED] - case "ENF":: null

2020-05-29 02:55:14 - [TEST_STEP][PASSED] - ValueFound = ConstantTBL.find({ -> ... }): null

2020-05-29 02:55:14 - [TEST_STEP][PASSED] - break: null

2020-05-29 02:55:14 - [MESSAGE][PASSED] - Call Test Case 'Test Cases/PFI Precision and Scale/PFI Components/ConstantHashMap' successfully

2020-05-29 02:55:14 - [TEST_STEP][PASSED] - println(ValueFound): null

2020-05-29 02:55:14 - [TEST_STEP][PASSED] - sendKeys(NewInputNmField, Keys.chord(ARROW_DOWN)): Keys 'DOWN + ' sent to object: 'Object Repository/Objects.HighlightElements/input_field_index'

2020-05-29 02:55:14 - [MESSAGE][PASSED] - Keys 'DOWN + ' sent to object: 'Object Repository/Objects.HighlightElements/input_field_index'

2020-05-29 02:55:14 - [TEST_STEP][PASSED] - sendKeys(NewInputNmField, Keys.chord(ARROW_DOWN)): Keys 'DOWN + ' sent to object: 'Object Repository/Objects.HighlightElements/input_field_index'

2020-05-29 02:55:15 - [MESSAGE][PASSED] - Keys 'DOWN + ' sent to object: 'Object Repository/Objects.HighlightElements/input_field_index'

2020-05-29 02:55:15 - [TEST_STEP][PASSED] - delay(DelayTime): Delayed 2 second(s)

2020-05-29 02:55:17 - [MESSAGE][PASSED] - Delayed 2 second(s)

2020-05-29 02:55:17 - [TEST_STEP][PASSED] - sendKeys(NewInputNmField, Keys.chord(ENTER)): Keys 'ENTER + ' sent to object: 'Object Repository/Objects.HighlightElements/input_field_index'

2020-05-29 02:55:17 - [MESSAGE][PASSED] - Keys 'ENTER + ' sent to object: 'Object Repository/Objects.HighlightElements/input_field_index'

2020-05-29 02:55:17 - [TEST_STEP][PASSED] - ComboBoxValue = getAttribute(NewInputNmField, "value"): Attribute 'value' of object 'Object Repository/Objects.HighlightElements/input_field_index' is: 'Enforcement - Monitoring (ENF_EMF)'

2020-05-29 02:55:18 - [MESSAGE][PASSED] - Attribute 'value' of object 'Object Repository/Objects.HighlightElements/input_field_index' is: 'Enforcement - Monitoring (ENF_EMF)'

2020-05-29 02:55:18 - [TEST_STEP][PASSED] - callTestCase(findTestCase(CallTCName), ["FindValue":ComboBoxValue, "DropdownNm":comboNm], STOP_ON_FAILURE): Call Test Case 'Test Cases/PFI Precision and Scale/PFI Components/ConstantHashMap' successfully

2020-05-29 02:55:18 - [TEST_CASE][PASSED] - Test Cases/PFI Precision and Scale/PFI Components/ConstantHashMap: Test Cases/PFI Precision and Scale/PFI Components/ConstantHashMap

2020-05-29 02:55:18 - [TEST_STEP][PASSED] - ConstantTBL = [1:["PeriodType":"Working Day(s)"], 2:["PeriodType":"Calendar Day(s)"], 3:["PeriodType":"Month(s)"], 4:["TypeOfLetter":"T1"], ... ]: null

2020-05-29 02:55:18 - [TEST_STEP][PASSED] - switch (DropdownNm): null

2020-05-29 02:55:18 - [TEST_STEP][PASSED] - case "ENF":: null

2020-05-29 02:55:18 - [TEST_STEP][PASSED] - ValueFound = ConstantTBL.find({ -> ... }): null

2020-05-29 02:55:18 - [TEST_STEP][PASSED] - break: null

2020-05-29 02:55:18 - [MESSAGE][PASSED] - Call Test Case 'Test Cases/PFI Precision and Scale/PFI Components/ConstantHashMap' successfully

2020-05-29 02:55:18 - [TEST_STEP][PASSED] - println(ValueFound): null

2020-05-29 02:55:18 - [TEST_STEP][PASSED] - sendKeys(NewInputNmField, Keys.chord(ARROW_DOWN)): Keys 'DOWN + ' sent to object: 'Object Repository/Objects.HighlightElements/input_field_index'

2020-05-29 02:55:18 - [MESSAGE][PASSED] - Keys 'DOWN + ' sent to object: 'Object Repository/Objects.HighlightElements/input_field_index'

2020-05-29 02:55:18 - [TEST_STEP][PASSED] - sendKeys(NewInputNmField, Keys.chord(ARROW_DOWN)): Keys 'DOWN + ' sent to object: 'Object Repository/Objects.HighlightElements/input_field_index'

2020-05-29 02:55:18 - [MESSAGE][PASSED] - Keys 'DOWN + ' sent to object: 'Object Repository/Objects.HighlightElements/input_field_index'

2020-05-29 02:55:18 - [TEST_STEP][PASSED] - delay(DelayTime): Delayed 2 second(s)

2020-05-29 02:55:20 - [MESSAGE][PASSED] - Delayed 2 second(s)

2020-05-29 02:55:20 - [TEST_STEP][PASSED] - sendKeys(NewInputNmField, Keys.chord(ENTER)): Keys 'ENTER + ' sent to object: 'Object Repository/Objects.HighlightElements/input_field_index'

2020-05-29 02:55:21 - [MESSAGE][PASSED] - Keys 'ENTER + ' sent to object: 'Object Repository/Objects.HighlightElements/input_field_index'

2020-05-29 02:55:21 - [TEST_STEP][PASSED] - ComboBoxValue = getAttribute(NewInputNmField, "value"): Attribute 'value' of object 'Object Repository/Objects.HighlightElements/input_field_index' is: 'Enforcement Ad Hoc Processing (ENFAH)'

2020-05-29 02:55:21 - [MESSAGE][PASSED] - Attribute 'value' of object 'Object Repository/Objects.HighlightElements/input_field_index' is: 'Enforcement Ad Hoc Processing (ENFAH)'

2020-05-29 02:55:21 - [TEST_STEP][PASSED] - callTestCase(findTestCase(CallTCName), ["FindValue":ComboBoxValue, "DropdownNm":comboNm], STOP_ON_FAILURE): Call Test Case 'Test Cases/PFI Precision and Scale/PFI Components/ConstantHashMap' successfully

2020-05-29 02:55:21 - [TEST_CASE][PASSED] - Test Cases/PFI Precision and Scale/PFI Components/ConstantHashMap: Test Cases/PFI Precision and Scale/PFI Components/ConstantHashMap

2020-05-29 02:55:21 - [TEST_STEP][PASSED] - ConstantTBL = [1:["PeriodType":"Working Day(s)"], 2:["PeriodType":"Calendar Day(s)"], 3:["PeriodType":"Month(s)"], 4:["TypeOfLetter":"T1"], ... ]: null

2020-05-29 02:55:21 - [TEST_STEP][PASSED] - switch (DropdownNm): null

2020-05-29 02:55:21 - [TEST_STEP][PASSED] - case "ENF":: null

2020-05-29 02:55:21 - [TEST_STEP][PASSED] - ValueFound = ConstantTBL.find({ -> ... }): null

2020-05-29 02:55:21 - [TEST_STEP][PASSED] - break: null

2020-05-29 02:55:21 - [MESSAGE][PASSED] - Call Test Case 'Test Cases/PFI Precision and Scale/PFI Components/ConstantHashMap' successfully

2020-05-29 02:55:21 - [TEST_STEP][PASSED] - println(ValueFound): null

2020-05-29 02:55:21 - [TEST_STEP][PASSED] - sendKeys(NewInputNmField, Keys.chord(ARROW_DOWN)): Keys 'DOWN + ' sent to object: 'Object Repository/Objects.HighlightElements/input_field_index'

2020-05-29 02:55:21 - [MESSAGE][PASSED] - Keys 'DOWN + ' sent to object: 'Object Repository/Objects.HighlightElements/input_field_index'

2020-05-29 02:55:21 - [TEST_STEP][PASSED] - sendKeys(NewInputNmField, Keys.chord(ARROW_DOWN)): Keys 'DOWN + ' sent to object: 'Object Repository/Objects.HighlightElements/input_field_index'

2020-05-29 02:55:22 - [MESSAGE][PASSED] - Keys 'DOWN + ' sent to object: 'Object Repository/Objects.HighlightElements/input_field_index'

2020-05-29 02:55:22 - [TEST_STEP][PASSED] - delay(DelayTime): Delayed 2 second(s)

2020-05-29 02:55:24 - [MESSAGE][PASSED] - Delayed 2 second(s)

2020-05-29 02:55:24 - [TEST_STEP][PASSED] - sendKeys(NewInputNmField, Keys.chord(ENTER)): Keys 'ENTER + ' sent to object: 'Object Repository/Objects.HighlightElements/input_field_index'

2020-05-29 02:55:24 - [MESSAGE][PASSED] - Keys 'ENTER + ' sent to object: 'Object Repository/Objects.HighlightElements/input_field_index'

2020-05-29 02:55:24 - [TEST_STEP][PASSED] - ComboBoxValue = getAttribute(NewInputNmField, "value"): Attribute 'value' of object 'Object Repository/Objects.HighlightElements/input_field_index' is: 'ST-ENF Processing (ST_ENF)'

2020-05-29 02:55:25 - [MESSAGE][PASSED] - Attribute 'value' of object 'Object Repository/Objects.HighlightElements/input_field_index' is: 'ST-ENF Processing (ST_ENF)'

2020-05-29 02:55:25 - [TEST_STEP][PASSED] - callTestCase(findTestCase(CallTCName), ["FindValue":ComboBoxValue, "DropdownNm":comboNm], STOP_ON_FAILURE): Call Test Case 'Test Cases/PFI Precision and Scale/PFI Components/ConstantHashMap' successfully

2020-05-29 02:55:25 - [TEST_CASE][PASSED] - Test Cases/PFI Precision and Scale/PFI Components/ConstantHashMap: Test Cases/PFI Precision and Scale/PFI Components/ConstantHashMap

2020-05-29 02:55:25 - [TEST_STEP][PASSED] - ConstantTBL = [1:["PeriodType":"Working Day(s)"], 2:["PeriodType":"Calendar Day(s)"], 3:["PeriodType":"Month(s)"], 4:["TypeOfLetter":"T1"], ... ]: null

2020-05-29 02:55:25 - [TEST_STEP][PASSED] - switch (DropdownNm): null

2020-05-29 02:55:25 - [TEST_STEP][PASSED] - case "ENF":: null

2020-05-29 02:55:25 - [TEST_STEP][PASSED] - ValueFound = ConstantTBL.find({ -> ... }): null

2020-05-29 02:55:25 - [TEST_STEP][PASSED] - break: null

2020-05-29 02:55:25 - [MESSAGE][PASSED] - Call Test Case 'Test Cases/PFI Precision and Scale/PFI Components/ConstantHashMap' successfully

2020-05-29 02:55:25 - [TEST_STEP][PASSED] - println(ValueFound): null

2020-05-29 02:55:25 - [TEST_STEP][PASSED] - sendKeys(NewInputNmField, Keys.chord(ARROW_DOWN)): Keys 'DOWN + ' sent to object: 'Object Repository/Objects.HighlightElements/input_field_index'

2020-05-29 02:55:25 - [MESSAGE][PASSED] - Keys 'DOWN + ' sent to object: 'Object Repository/Objects.HighlightElements/input_field_index'

2020-05-29 02:55:25 - [TEST_STEP][PASSED] - sendKeys(NewInputNmField, Keys.chord(ENTER)): Keys 'ENTER + ' sent to object: 'Object Repository/Objects.HighlightElements/input_field_index'

2020-05-29 02:55:25 - [MESSAGE][PASSED] - Keys 'ENTER + ' sent to object: 'Object Repository/Objects.HighlightElements/input_field_index'

2020-05-29 02:55:25 - [MESSAGE][PASSED] - Call Test Case 'Test Cases/PFI Precision and Scale/PFI Components with Indexing/VerifyDropdownValuesXPI' successfully

2020-05-29 02:55:25 - [TEST_STEP][PASSED] - callTestCase(findTestCase("Components/SelectAllThenDeleteIndex"), ["nameToBeUsed":"inspModule", "index":"1"], STOP_ON_FAILURE): Call Test Case 'Test Cases/Components/SelectAllThenDeleteIndex' successfully

2020-05-29 02:55:25 - [TEST_CASE][PASSED] - Test Cases/Components/SelectAllThenDeleteIndex: Test Cases/Components/SelectAllThenDeleteIndex

2020-05-29 02:55:25 - [TEST_STEP][PASSED] - Thread.sleep(1000): null

2020-05-29 02:55:26 - [TEST_STEP][PASSED] - modifiedObj = modifyObjectProperty(findTestObject("Object Repository/Objects.HighlightElements/input_field_index"), "xpath", "equals", "(//*[contains(@class,'x-form-text') and (@name='" + nameToBeUsed + "')])[" + index + "]", true): Modify property of object successfully

2020-05-29 02:55:26 - [MESSAGE][PASSED] - Modify property of object successfully

2020-05-29 02:55:26 - [TEST_STEP][PASSED] - focus(modifiedObj): Object: 'Object Repository/Objects.HighlightElements/input_field_index' is focused

2020-05-29 02:55:27 - [MESSAGE][PASSED] - Object: 'Object Repository/Objects.HighlightElements/input_field_index' is focused

2020-05-29 02:55:27 - [TEST_STEP][PASSED] - sendKeys(modifiedObj, Keys.chord(CONTROL, "a")): Keys 'CONTROL + a' sent to object: 'Object Repository/Objects.HighlightElements/input_field_index'

2020-05-29 02:55:27 - [MESSAGE][PASSED] - Keys 'CONTROL + a' sent to object: 'Object Repository/Objects.HighlightElements/input_field_index'

2020-05-29 02:55:27 - [TEST_STEP][PASSED] - sendKeys(modifiedObj, Keys.chord(DELETE)): Keys 'DELETE + ' sent to object: 'Object Repository/Objects.HighlightElements/input_field_index'

2020-05-29 02:55:27 - [MESSAGE][PASSED] - Keys 'DELETE + ' sent to object: 'Object Repository/Objects.HighlightElements/input_field_index'

2020-05-29 02:55:27 - [MESSAGE][PASSED] - Call Test Case 'Test Cases/Components/SelectAllThenDeleteIndex' successfully

2020-05-29 02:55:27 - [TEST_STEP][PASSED] - callTestCase(findTestCase("PFI Precision and Scale/PFI Components with Indexing/VerifyDropdownValuesXPI"), ["FldNm":"inspModule", "index":1, "CallTCName":"PFI Precision and Scale/PFI Components/ConstantHashMap", "cmbNm":"ModuleNm", ... ], STOP_ON_FAILURE): Call Test Case 'Test Cases/PFI Precision and Scale/PFI Components with Indexing/VerifyDropdownValuesXPI' successfully

2020-05-29 02:55:27 - [TEST_CASE][PASSED] - Test Cases/PFI Precision and Scale/PFI Components with Indexing/VerifyDropdownValuesXPI: Test Cases/PFI Precision and Scale/PFI Components with Indexing/VerifyDropdownValuesXPI

2020-05-29 02:55:27 - [TEST_STEP][PASSED] - Thread.sleep(1000): null

2020-05-29 02:55:28 - [TEST_STEP][PASSED] - NewInputNmField = modifyObjectProperty(findTestObject("Object Repository/Objects.HighlightElements/input_field_index"), "xpath", "equals", "(//*[contains(@name, '" + FldNm + "')])[" + index + "]", true): Modify property of object successfully

2020-05-29 02:55:28 - [MESSAGE][PASSED] - Modify property of object successfully

2020-05-29 02:55:28 - [TEST_STEP][PASSED] - comboNm = cmbNm: null

2020-05-29 02:55:28 - [TEST_STEP][PASSED] - focus(NewInputNmField): Object: 'Object Repository/Objects.HighlightElements/input_field_index' is focused

2020-05-29 02:55:29 - [MESSAGE][PASSED] - Object: 'Object Repository/Objects.HighlightElements/input_field_index' is focused

2020-05-29 02:55:29 - [TEST_STEP][PASSED] - setText(NewInputNmField, EnterValue): Text 'SD' is set on object 'Object Repository/Objects.HighlightElements/input_field_index'

2020-05-29 02:55:29 - [MESSAGE][PASSED] - Text 'SD' is set on object 'Object Repository/Objects.HighlightElements/input_field_index'

2020-05-29 02:55:29 - [TEST_STEP][PASSED] - for ([i = 1, i <= NoOfVal, (i++)]): Keys 'DOWN + ' sent to object: 'Object Repository/Objects.HighlightElements/input_field_index'

2020-05-29 02:55:29 - [TEST_STEP][PASSED] - sendKeys(NewInputNmField, Keys.chord(ARROW_DOWN)): Keys 'DOWN + ' sent to object: 'Object Repository/Objects.HighlightElements/input_field_index'

2020-05-29 02:55:29 - [MESSAGE][PASSED] - Keys 'DOWN + ' sent to object: 'Object Repository/Objects.HighlightElements/input_field_index'

2020-05-29 02:55:29 - [TEST_STEP][PASSED] - delay(DelayTime): Delayed 0 second(s)

2020-05-29 02:55:29 - [MESSAGE][PASSED] - Delayed 0 second(s)

2020-05-29 02:55:29 - [TEST_STEP][PASSED] - sendKeys(NewInputNmField, Keys.chord(ENTER)): Keys 'ENTER + ' sent to object: 'Object Repository/Objects.HighlightElements/input_field_index'

2020-05-29 02:55:30 - [MESSAGE][PASSED] - Keys 'ENTER + ' sent to object: 'Object Repository/Objects.HighlightElements/input_field_index'

2020-05-29 02:55:30 - [TEST_STEP][PASSED] - ComboBoxValue = getAttribute(NewInputNmField, "value"): Attribute 'value' of object 'Object Repository/Objects.HighlightElements/input_field_index' is: 'SD'

2020-05-29 02:55:30 - [MESSAGE][PASSED] - Attribute 'value' of object 'Object Repository/Objects.HighlightElements/input_field_index' is: 'SD'

2020-05-29 02:55:30 - [TEST_STEP][PASSED] - callTestCase(findTestCase(CallTCName), ["FindValue":ComboBoxValue, "DropdownNm":comboNm], STOP_ON_FAILURE): Call Test Case 'Test Cases/PFI Precision and Scale/PFI Components/ConstantHashMap' successfully

2020-05-29 02:55:30 - [TEST_CASE][PASSED] - Test Cases/PFI Precision and Scale/PFI Components/ConstantHashMap: Test Cases/PFI Precision and Scale/PFI Components/ConstantHashMap

2020-05-29 02:55:30 - [TEST_STEP][PASSED] - ConstantTBL = [1:["PeriodType":"Working Day(s)"], 2:["PeriodType":"Calendar Day(s)"], 3:["PeriodType":"Month(s)"], 4:["TypeOfLetter":"T1"], ... ]: null

2020-05-29 02:55:30 - [TEST_STEP][PASSED] - switch (DropdownNm): null

2020-05-29 02:55:30 - [TEST_STEP][PASSED] - case "ModuleNm":: null

2020-05-29 02:55:30 - [TEST_STEP][PASSED] - ValueFound = ConstantTBL.find({ -> ... }): null

2020-05-29 02:55:30 - [TEST_STEP][PASSED] - break: null

2020-05-29 02:55:30 - [MESSAGE][PASSED] - Call Test Case 'Test Cases/PFI Precision and Scale/PFI Components/ConstantHashMap' successfully

2020-05-29 02:55:30 - [TEST_STEP][PASSED] - println(ValueFound): null

2020-05-29 02:55:30 - [TEST_STEP][PASSED] - sendKeys(NewInputNmField, Keys.chord(ARROW_DOWN)): Keys 'DOWN + ' sent to object: 'Object Repository/Objects.HighlightElements/input_field_index'

2020-05-29 02:55:30 - [MESSAGE][PASSED] - Keys 'DOWN + ' sent to object: 'Object Repository/Objects.HighlightElements/input_field_index'

2020-05-29 02:55:30 - [TEST_STEP][PASSED] - sendKeys(NewInputNmField, Keys.chord(ENTER)): Keys 'ENTER + ' sent to object: 'Object Repository/Objects.HighlightElements/input_field_index'

2020-05-29 02:55:31 - [MESSAGE][PASSED] - Keys 'ENTER + ' sent to object: 'Object Repository/Objects.HighlightElements/input_field_index'

2020-05-29 02:55:31 - [MESSAGE][PASSED] - Call Test Case 'Test Cases/PFI Precision and Scale/PFI Components with Indexing/VerifyDropdownValuesXPI' successfully

2020-05-29 02:55:31 - [TEST_STEP][PASSED] - callTestCase(findTestCase("PFI Precision and Scale/PFI Components with Indexing/VerifyDropdownValuesXPI"), ["FldNm":"inspCaseType", "index":1, "CallTCName":"PFI Precision and Scale/PFI Components/ConstantHashMap", "cmbNm":"SD", "NoOfVal":7, ... ], STOP_ON_FAILURE): Call Test Case 'Test Cases/PFI Precision and Scale/PFI Components with Indexing/VerifyDropdownValuesXPI' successfully

2020-05-29 02:55:31 - [TEST_CASE][PASSED] - Test Cases/PFI Precision and Scale/PFI Components with Indexing/VerifyDropdownValuesXPI: Test Cases/PFI Precision and Scale/PFI Components with Indexing/VerifyDropdownValuesXPI

2020-05-29 02:55:31 - [TEST_STEP][PASSED] - Thread.sleep(1000): null

2020-05-29 02:55:32 - [TEST_STEP][PASSED] - NewInputNmField = modifyObjectProperty(findTestObject("Object Repository/Objects.HighlightElements/input_field_index"), "xpath", "equals", "(//*[contains(@name, '" + FldNm + "')])[" + index + "]", true): Modify property of object successfully

2020-05-29 02:55:32 - [MESSAGE][PASSED] - Modify property of object successfully

2020-05-29 02:55:32 - [TEST_STEP][PASSED] - comboNm = cmbNm: null

2020-05-29 02:55:32 - [TEST_STEP][PASSED] - focus(NewInputNmField): Object: 'Object Repository/Objects.HighlightElements/input_field_index' is focused

2020-05-29 02:55:32 - [MESSAGE][PASSED] - Object: 'Object Repository/Objects.HighlightElements/input_field_index' is focused

2020-05-29 02:55:32 - [TEST_STEP][PASSED] - setText(NewInputNmField, EnterValue): Text '' is set on object 'Object Repository/Objects.HighlightElements/input_field_index'

2020-05-29 02:55:33 - [MESSAGE][PASSED] - Text '' is set on object 'Object Repository/Objects.HighlightElements/input_field_index'

2020-05-29 02:55:33 - [TEST_STEP][PASSED] - for ([i = 1, i <= NoOfVal, (i++)]): Keys 'DOWN + ' sent to object: 'Object Repository/Objects.HighlightElements/input_field_index'

2020-05-29 02:55:33 - [TEST_STEP][PASSED] - sendKeys(NewInputNmField, Keys.chord(ARROW_DOWN)): Keys 'DOWN + ' sent to object: 'Object Repository/Objects.HighlightElements/input_field_index'

2020-05-29 02:55:33 - [MESSAGE][PASSED] - Keys 'DOWN + ' sent to object: 'Object Repository/Objects.HighlightElements/input_field_index'

2020-05-29 02:55:33 - [TEST_STEP][PASSED] - delay(DelayTime): Delayed 2 second(s)

2020-05-29 02:55:35 - [MESSAGE][PASSED] - Delayed 2 second(s)

2020-05-29 02:55:35 - [TEST_STEP][PASSED] - sendKeys(NewInputNmField, Keys.chord(ENTER)): Keys 'ENTER + ' sent to object: 'Object Repository/Objects.HighlightElements/input_field_index'

2020-05-29 02:55:35 - [MESSAGE][PASSED] - Keys 'ENTER + ' sent to object: 'Object Repository/Objects.HighlightElements/input_field_index'

2020-05-29 02:55:35 - [TEST_STEP][PASSED] - ComboBoxValue = getAttribute(NewInputNmField, "value"): Attribute 'value' of object 'Object Repository/Objects.HighlightElements/input_field_index' is: 'Corres-General Correspondence (CORRES-SD-GC)'

2020-05-29 02:55:36 - [MESSAGE][PASSED] - Attribute 'value' of object 'Object Repository/Objects.HighlightElements/input_field_index' is: 'Corres-General Correspondence (CORRES-SD-GC)'

2020-05-29 02:55:36 - [TEST_STEP][PASSED] - callTestCase(findTestCase(CallTCName), ["FindValue":ComboBoxValue, "DropdownNm":comboNm], STOP_ON_FAILURE): Call Test Case 'Test Cases/PFI Precision and Scale/PFI Components/ConstantHashMap' successfully

2020-05-29 02:55:36 - [TEST_CASE][PASSED] - Test Cases/PFI Precision and Scale/PFI Components/ConstantHashMap: Test Cases/PFI Precision and Scale/PFI Components/ConstantHashMap

2020-05-29 02:55:36 - [TEST_STEP][PASSED] - ConstantTBL = [1:["PeriodType":"Working Day(s)"], 2:["PeriodType":"Calendar Day(s)"], 3:["PeriodType":"Month(s)"], 4:["TypeOfLetter":"T1"], ... ]: null

2020-05-29 02:55:36 - [TEST_STEP][PASSED] - switch (DropdownNm): null

2020-05-29 02:55:36 - [TEST_STEP][PASSED] - case "SD":: null

2020-05-29 02:55:36 - [TEST_STEP][PASSED] - ValueFound = ConstantTBL.find({ -> ... }): null

2020-05-29 02:55:36 - [TEST_STEP][PASSED] - break: null

2020-05-29 02:55:36 - [MESSAGE][PASSED] - Call Test Case 'Test Cases/PFI Precision and Scale/PFI Components/ConstantHashMap' successfully

2020-05-29 02:55:36 - [TEST_STEP][PASSED] - println(ValueFound): null

2020-05-29 02:55:36 - [TEST_STEP][PASSED] - sendKeys(NewInputNmField, Keys.chord(ARROW_DOWN)): Keys 'DOWN + ' sent to object: 'Object Repository/Objects.HighlightElements/input_field_index'

2020-05-29 02:55:36 - [MESSAGE][PASSED] - Keys 'DOWN + ' sent to object: 'Object Repository/Objects.HighlightElements/input_field_index'

2020-05-29 02:55:36 - [TEST_STEP][PASSED] - sendKeys(NewInputNmField, Keys.chord(ARROW_DOWN)): Keys 'DOWN + ' sent to object: 'Object Repository/Objects.HighlightElements/input_field_index'

2020-05-29 02:55:36 - [MESSAGE][PASSED] - Keys 'DOWN + ' sent to object: 'Object Repository/Objects.HighlightElements/input_field_index'

2020-05-29 02:55:36 - [TEST_STEP][PASSED] - delay(DelayTime): Delayed 2 second(s)

2020-05-29 02:55:38 - [MESSAGE][PASSED] - Delayed 2 second(s)

2020-05-29 02:55:38 - [TEST_STEP][PASSED] - sendKeys(NewInputNmField, Keys.chord(ENTER)): Keys 'ENTER + ' sent to object: 'Object Repository/Objects.HighlightElements/input_field_index'

2020-05-29 02:55:39 - [MESSAGE][PASSED] - Keys 'ENTER + ' sent to object: 'Object Repository/Objects.HighlightElements/input_field_index'

2020-05-29 02:55:39 - [TEST_STEP][PASSED] - ComboBoxValue = getAttribute(NewInputNmField, "value"): Attribute 'value' of object 'Object Repository/Objects.HighlightElements/input_field_index' is: 'Corres-Request for Submission Withdrawal (CORRES-SD-SUBWTH)'

2020-05-29 02:55:39 - [MESSAGE][PASSED] - Attribute 'value' of object 'Object Repository/Objects.HighlightElements/input_field_index' is: 'Corres-Request for Submission Withdrawal (CORRES-SD-SUBWTH)'

2020-05-29 02:55:39 - [TEST_STEP][PASSED] - callTestCase(findTestCase(CallTCName), ["FindValue":ComboBoxValue, "DropdownNm":comboNm], STOP_ON_FAILURE): Call Test Case 'Test Cases/PFI Precision and Scale/PFI Components/ConstantHashMap' successfully

2020-05-29 02:55:39 - [TEST_CASE][PASSED] - Test Cases/PFI Precision and Scale/PFI Components/ConstantHashMap: Test Cases/PFI Precision and Scale/PFI Components/ConstantHashMap

2020-05-29 02:55:39 - [TEST_STEP][PASSED] - ConstantTBL = [1:["PeriodType":"Working Day(s)"], 2:["PeriodType":"Calendar Day(s)"], 3:["PeriodType":"Month(s)"], 4:["TypeOfLetter":"T1"], ... ]: null

2020-05-29 02:55:39 - [TEST_STEP][PASSED] - switch (DropdownNm): null

2020-05-29 02:55:39 - [TEST_STEP][PASSED] - case "SD":: null

2020-05-29 02:55:39 - [TEST_STEP][PASSED] - ValueFound = ConstantTBL.find({ -> ... }): null

2020-05-29 02:55:39 - [TEST_STEP][PASSED] - break: null

2020-05-29 02:55:39 - [MESSAGE][PASSED] - Call Test Case 'Test Cases/PFI Precision and Scale/PFI Components/ConstantHashMap' successfully

2020-05-29 02:55:39 - [TEST_STEP][PASSED] - println(ValueFound): null

2020-05-29 02:55:39 - [TEST_STEP][PASSED] - sendKeys(NewInputNmField, Keys.chord(ARROW_DOWN)): Keys 'DOWN + ' sent to object: 'Object Repository/Objects.HighlightElements/input_field_index'

2020-05-29 02:55:39 - [MESSAGE][PASSED] - Keys 'DOWN + ' sent to object: 'Object Repository/Objects.HighlightElements/input_field_index'

2020-05-29 02:55:39 - [TEST_STEP][PASSED] - sendKeys(NewInputNmField, Keys.chord(ARROW_DOWN)): Keys 'DOWN + ' sent to object: 'Object Repository/Objects.HighlightElements/input_field_index'

2020-05-29 02:55:40 - [MESSAGE][PASSED] - Keys 'DOWN + ' sent to object: 'Object Repository/Objects.HighlightElements/input_field_index'

2020-05-29 02:55:40 - [TEST_STEP][PASSED] - delay(DelayTime): Delayed 2 second(s)

2020-05-29 02:55:42 - [MESSAGE][PASSED] - Delayed 2 second(s)

2020-05-29 02:55:42 - [TEST_STEP][PASSED] - sendKeys(NewInputNmField, Keys.chord(ENTER)): Keys 'ENTER + ' sent to object: 'Object Repository/Objects.HighlightElements/input_field_index'

2020-05-29 02:55:42 - [MESSAGE][PASSED] - Keys 'ENTER + ' sent to object: 'Object Repository/Objects.HighlightElements/input_field_index'

2020-05-29 02:55:42 - [TEST_STEP][PASSED] - ComboBoxValue = getAttribute(NewInputNmField, "value"): Attribute 'value' of object 'Object Repository/Objects.HighlightElements/input_field_index' is: 'Dangerous Building Processing (SD)'

2020-05-29 02:55:43 - [MESSAGE][PASSED] - Attribute 'value' of object 'Object Repository/Objects.HighlightElements/input_field_index' is: 'Dangerous Building Processing (SD)'

2020-05-29 02:55:43 - [TEST_STEP][PASSED] - callTestCase(findTestCase(CallTCName), ["FindValue":ComboBoxValue, "DropdownNm":comboNm], STOP_ON_FAILURE): Call Test Case 'Test Cases/PFI Precision and Scale/PFI Components/ConstantHashMap' successfully

2020-05-29 02:55:49 - [TEST_CASE][PASSED] - Test Cases/PFI Precision and Scale/PFI Components/ConstantHashMap: Test Cases/PFI Precision and Scale/PFI Components/ConstantHashMap

2020-05-29 02:55:53 - [TEST_STEP][PASSED] - ConstantTBL = [1:["PeriodType":"Working Day(s)"], 2:["PeriodType":"Calendar Day(s)"], 3:["PeriodType":"Month(s)"], 4:["TypeOfLetter":"T1"], ... ]: null

2020-05-29 02:55:53 - [TEST_STEP][PASSED] - switch (DropdownNm): null

2020-05-29 02:55:53 - [TEST_STEP][PASSED] - case "SD":: null

2020-05-29 02:55:53 - [TEST_STEP][PASSED] - ValueFound = ConstantTBL.find({ -> ... }): null

2020-05-29 02:55:53 - [TEST_STEP][PASSED] - break: null

2020-05-29 02:55:53 - [MESSAGE][PASSED] - Call Test Case 'Test Cases/PFI Precision and Scale/PFI Components/ConstantHashMap' successfully

2020-05-29 02:55:53 - [TEST_STEP][PASSED] - println(ValueFound): null

2020-05-29 02:55:53 - [TEST_STEP][PASSED] - sendKeys(NewInputNmField, Keys.chord(ARROW_DOWN)): Keys 'DOWN + ' sent to object: 'Object Repository/Objects.HighlightElements/input_field_index'

2020-05-29 02:55:54 - [MESSAGE][PASSED] - Keys 'DOWN + ' sent to object: 'Object Repository/Objects.HighlightElements/input_field_index'

2020-05-29 02:55:54 - [TEST_STEP][PASSED] - sendKeys(NewInputNmField, Keys.chord(ARROW_DOWN)): Keys 'DOWN + ' sent to object: 'Object Repository/Objects.HighlightElements/input_field_index'

2020-05-29 02:55:55 - [MESSAGE][PASSED] - Keys 'DOWN + ' sent to object: 'Object Repository/Objects.HighlightElements/input_field_index'

2020-05-29 02:55:55 - [TEST_STEP][PASSED] - delay(DelayTime): Delayed 2 second(s)

2020-05-29 02:55:59 - [MESSAGE][PASSED] - Delayed 2 second(s)

2020-05-29 02:55:59 - [TEST_STEP][PASSED] - sendKeys(NewInputNmField, Keys.chord(ENTER)): Keys 'ENTER + ' sent to object: 'Object Repository/Objects.HighlightElements/input_field_index'

2020-05-29 02:56:00 - [MESSAGE][PASSED] - Keys 'ENTER + ' sent to object: 'Object Repository/Objects.HighlightElements/input_field_index'

2020-05-29 02:56:00 - [TEST_STEP][PASSED] - ComboBoxValue = getAttribute(NewInputNmField, "value"): Attribute 'value' of object 'Object Repository/Objects.HighlightElements/input_field_index' is: 'Dangerous Building - Monitoring (SD_SDM)'

2020-05-29 02:56:03 - [MESSAGE][PASSED] - Attribute 'value' of object 'Object Repository/Objects.HighlightElements/input_field_index' is: 'Dangerous Building - Monitoring (SD_SDM)'

2020-05-29 02:56:03 - [TEST_STEP][PASSED] - callTestCase(findTestCase(CallTCName), ["FindValue":ComboBoxValue, "DropdownNm":comboNm], STOP_ON_FAILURE): Call Test Case 'Test Cases/PFI Precision and Scale/PFI Components/ConstantHashMap' successfully

2020-05-29 02:56:09 - [TEST_CASE][PASSED] - Test Cases/PFI Precision and Scale/PFI Components/ConstantHashMap: Test Cases/PFI Precision and Scale/PFI Components/ConstantHashMap

2020-05-29 02:56:13 - [TEST_STEP][PASSED] - ConstantTBL = [1:["PeriodType":"Working Day(s)"], 2:["PeriodType":"Calendar Day(s)"], 3:["PeriodType":"Month(s)"], 4:["TypeOfLetter":"T1"], ... ]: null

2020-05-29 02:56:13 - [TEST_STEP][PASSED] - switch (DropdownNm): null

2020-05-29 02:56:13 - [TEST_STEP][PASSED] - case "SD":: null

2020-05-29 02:56:13 - [TEST_STEP][PASSED] - ValueFound = ConstantTBL.find({ -> ... }): null

2020-05-29 02:56:13 - [TEST_STEP][PASSED] - break: null

2020-05-29 02:56:13 - [MESSAGE][PASSED] - Call Test Case 'Test Cases/PFI Precision and Scale/PFI Components/ConstantHashMap' successfully

2020-05-29 02:56:13 - [TEST_STEP][PASSED] - println(ValueFound): null

2020-05-29 02:56:13 - [TEST_STEP][PASSED] - sendKeys(NewInputNmField, Keys.chord(ARROW_DOWN)): Keys 'DOWN + ' sent to object: 'Object Repository/Objects.HighlightElements/input_field_index'

2020-05-29 02:56:14 - [MESSAGE][PASSED] - Keys 'DOWN + ' sent to object: 'Object Repository/Objects.HighlightElements/input_field_index'

2020-05-29 02:56:14 - [TEST_STEP][PASSED] - sendKeys(NewInputNmField, Keys.chord(ARROW_DOWN)): Keys 'DOWN + ' sent to object: 'Object Repository/Objects.HighlightElements/input_field_index'

2020-05-29 02:56:16 - [MESSAGE][PASSED] - Keys 'DOWN + ' sent to object: 'Object Repository/Objects.HighlightElements/input_field_index'

2020-05-29 02:56:16 - [TEST_STEP][PASSED] - delay(DelayTime): Delayed 2 second(s)

2020-05-29 02:56:19 - [MESSAGE][PASSED] - Delayed 2 second(s)

2020-05-29 02:56:19 - [TEST_STEP][PASSED] - sendKeys(NewInputNmField, Keys.chord(ENTER)): Keys 'ENTER + ' sent to object: 'Object Repository/Objects.HighlightElements/input_field_index'

2020-05-29 02:56:20 - [MESSAGE][PASSED] - Keys 'ENTER + ' sent to object: 'Object Repository/Objects.HighlightElements/input_field_index'

2020-05-29 02:56:20 - [TEST_STEP][PASSED] - ComboBoxValue = getAttribute(NewInputNmField, "value"): Attribute 'value' of object 'Object Repository/Objects.HighlightElements/input_field_index' is: 'Process SD Submission (SD1)'

2020-05-29 02:56:23 - [MESSAGE][PASSED] - Attribute 'value' of object 'Object Repository/Objects.HighlightElements/input_field_index' is: 'Process SD Submission (SD1)'

2020-05-29 02:56:23 - [TEST_STEP][PASSED] - callTestCase(findTestCase(CallTCName), ["FindValue":ComboBoxValue, "DropdownNm":comboNm], STOP_ON_FAILURE): Call Test Case 'Test Cases/PFI Precision and Scale/PFI Components/ConstantHashMap' successfully

2020-05-29 02:56:31 - [TEST_CASE][PASSED] - Test Cases/PFI Precision and Scale/PFI Components/ConstantHashMap: Test Cases/PFI Precision and Scale/PFI Components/ConstantHashMap

2020-05-29 02:56:35 - [TEST_STEP][PASSED] - ConstantTBL = [1:["PeriodType":"Working Day(s)"], 2:["PeriodType":"Calendar Day(s)"], 3:["PeriodType":"Month(s)"], 4:["TypeOfLetter":"T1"], ... ]: null

2020-05-29 02:56:35 - [TEST_STEP][PASSED] - switch (DropdownNm): null

2020-05-29 02:56:35 - [TEST_STEP][PASSED] - case "SD":: null

2020-05-29 02:56:35 - [TEST_STEP][PASSED] - ValueFound = ConstantTBL.find({ -> ... }): null

2020-05-29 02:56:35 - [TEST_STEP][PASSED] - break: null

2020-05-29 02:56:35 - [MESSAGE][PASSED] - Call Test Case 'Test Cases/PFI Precision and Scale/PFI Components/ConstantHashMap' successfully

2020-05-29 02:56:35 - [TEST_STEP][PASSED] - println(ValueFound): null

2020-05-29 02:56:35 - [TEST_STEP][PASSED] - sendKeys(NewInputNmField, Keys.chord(ARROW_DOWN)): Keys 'DOWN + ' sent to object: 'Object Repository/Objects.HighlightElements/input_field_index'

2020-05-29 02:56:37 - [MESSAGE][PASSED] - Keys 'DOWN + ' sent to object: 'Object Repository/Objects.HighlightElements/input_field_index'

2020-05-29 02:56:37 - [TEST_STEP][PASSED] - sendKeys(NewInputNmField, Keys.chord(ARROW_DOWN)): Keys 'DOWN + ' sent to object: 'Object Repository/Objects.HighlightElements/input_field_index'

2020-05-29 02:56:38 - [MESSAGE][PASSED] - Keys 'DOWN + ' sent to object: 'Object Repository/Objects.HighlightElements/input_field_index'

2020-05-29 02:56:38 - [TEST_STEP][PASSED] - delay(DelayTime): Delayed 2 second(s)

2020-05-29 02:56:41 - [MESSAGE][PASSED] - Delayed 2 second(s)

2020-05-29 02:56:41 - [TEST_STEP][PASSED] - sendKeys(NewInputNmField, Keys.chord(ENTER)): Keys 'ENTER + ' sent to object: 'Object Repository/Objects.HighlightElements/input_field_index'

2020-05-29 02:56:43 - [MESSAGE][PASSED] - Keys 'ENTER + ' sent to object: 'Object Repository/Objects.HighlightElements/input_field_index'

2020-05-29 02:56:43 - [TEST_STEP][PASSED] - ComboBoxValue = getAttribute(NewInputNmField, "value"): Attribute 'value' of object 'Object Repository/Objects.HighlightElements/input_field_index' is: 'Dangerous Building Ad Hoc Processing (SDAH)'

2020-05-29 02:56:45 - [MESSAGE][PASSED] - Attribute 'value' of object 'Object Repository/Objects.HighlightElements/input_field_index' is: 'Dangerous Building Ad Hoc Processing (SDAH)'

2020-05-29 02:56:45 - [TEST_STEP][PASSED] - callTestCase(findTestCase(CallTCName), ["FindValue":ComboBoxValue, "DropdownNm":comboNm], STOP_ON_FAILURE): Call Test Case 'Test Cases/PFI Precision and Scale/PFI Components/ConstantHashMap' successfully

2020-05-29 02:56:55 - [TEST_CASE][PASSED] - Test Cases/PFI Precision and Scale/PFI Components/ConstantHashMap: Test Cases/PFI Precision and Scale/PFI Components/ConstantHashMap

2020-05-29 02:57:00 - [TEST_STEP][PASSED] - ConstantTBL = [1:["PeriodType":"Working Day(s)"], 2:["PeriodType":"Calendar Day(s)"], 3:["PeriodType":"Month(s)"], 4:["TypeOfLetter":"T1"], ... ]: null

2020-05-29 02:57:00 - [TEST_STEP][PASSED] - switch (DropdownNm): null

2020-05-29 02:57:00 - [TEST_STEP][PASSED] - case "SD":: null

2020-05-29 02:57:00 - [TEST_STEP][PASSED] - ValueFound = ConstantTBL.find({ -> ... }): null

2020-05-29 02:57:00 - [TEST_STEP][PASSED] - break: null

2020-05-29 02:57:00 - [MESSAGE][PASSED] - Call Test Case 'Test Cases/PFI Precision and Scale/PFI Components/ConstantHashMap' successfully

2020-05-29 02:57:00 - [TEST_STEP][PASSED] - println(ValueFound): null

2020-05-29 02:57:00 - [TEST_STEP][PASSED] - sendKeys(NewInputNmField, Keys.chord(ARROW_DOWN)): Keys 'DOWN + ' sent to object: 'Object Repository/Objects.HighlightElements/input_field_index'

2020-05-29 02:57:01 - [MESSAGE][PASSED] - Keys 'DOWN + ' sent to object: 'Object Repository/Objects.HighlightElements/input_field_index'

2020-05-29 02:57:01 - [TEST_STEP][PASSED] - sendKeys(NewInputNmField, Keys.chord(ARROW_DOWN)): Keys 'DOWN + ' sent to object: 'Object Repository/Objects.HighlightElements/input_field_index'

2020-05-29 02:57:02 - [MESSAGE][PASSED] - Keys 'DOWN + ' sent to object: 'Object Repository/Objects.HighlightElements/input_field_index'

2020-05-29 02:57:02 - [TEST_STEP][PASSED] - delay(DelayTime): Delayed 2 second(s)

2020-05-29 02:57:05 - [MESSAGE][PASSED] - Delayed 2 second(s)

2020-05-29 02:57:05 - [TEST_STEP][PASSED] - sendKeys(NewInputNmField, Keys.chord(ENTER)): Keys 'ENTER + ' sent to object: 'Object Repository/Objects.HighlightElements/input_field_index'

2020-05-29 02:57:09 - [MESSAGE][PASSED] - Keys 'ENTER + ' sent to object: 'Object Repository/Objects.HighlightElements/input_field_index'

2020-05-29 02:57:09 - [TEST_STEP][PASSED] - ComboBoxValue = getAttribute(NewInputNmField, "value"): Attribute 'value' of object 'Object Repository/Objects.HighlightElements/input_field_index' is: 'ST-SD Processing (ST_SD)'

2020-05-29 02:57:10 - [MESSAGE][PASSED] - Attribute 'value' of object 'Object Repository/Objects.HighlightElements/input_field_index' is: 'ST-SD Processing (ST_SD)'

2020-05-29 02:57:10 - [TEST_STEP][PASSED] - callTestCase(findTestCase(CallTCName), ["FindValue":ComboBoxValue, "DropdownNm":comboNm], STOP_ON_FAILURE): Call Test Case 'Test Cases/PFI Precision and Scale/PFI Components/ConstantHashMap' successfully

2020-05-29 02:57:16 - [TEST_CASE][PASSED] - Test Cases/PFI Precision and Scale/PFI Components/ConstantHashMap: Test Cases/PFI Precision and Scale/PFI Components/ConstantHashMap

2020-05-29 02:57:18 - [TEST_STEP][PASSED] - ConstantTBL = [1:["PeriodType":"Working Day(s)"], 2:["PeriodType":"Calendar Day(s)"], 3:["PeriodType":"Month(s)"], 4:["TypeOfLetter":"T1"], ... ]: null

2020-05-29 02:57:18 - [TEST_STEP][PASSED] - switch (DropdownNm): null

2020-05-29 02:57:18 - [TEST_STEP][PASSED] - case "SD":: null

2020-05-29 02:57:18 - [TEST_STEP][PASSED] - ValueFound = ConstantTBL.find({ -> ... }): null

2020-05-29 02:57:18 - [TEST_STEP][PASSED] - break: null

2020-05-29 02:57:18 - [MESSAGE][PASSED] - Call Test Case 'Test Cases/PFI Precision and Scale/PFI Components/ConstantHashMap' successfully

2020-05-29 02:57:18 - [TEST_STEP][PASSED] - println(ValueFound): null

2020-05-29 02:57:18 - [TEST_STEP][PASSED] - sendKeys(NewInputNmField, Keys.chord(ARROW_DOWN)): Keys 'DOWN + ' sent to object: 'Object Repository/Objects.HighlightElements/input_field_index'

2020-05-29 02:57:20 - [MESSAGE][PASSED] - Keys 'DOWN + ' sent to object: 'Object Repository/Objects.HighlightElements/input_field_index'

2020-05-29 02:57:20 - [TEST_STEP][PASSED] - sendKeys(NewInputNmField, Keys.chord(ENTER)): Keys 'ENTER + ' sent to object: 'Object Repository/Objects.HighlightElements/input_field_index'

2020-05-29 02:57:23 - [MESSAGE][PASSED] - Keys 'ENTER + ' sent to object: 'Object Repository/Objects.HighlightElements/input_field_index'

2020-05-29 02:57:23 - [MESSAGE][PASSED] - Call Test Case 'Test Cases/PFI Precision and Scale/PFI Components with Indexing/VerifyDropdownValuesXPI' successfully

2020-05-29 02:57:23 - [TEST_STEP][PASSED] - callTestCase(findTestCase("Components/SelectAllThenDeleteIndex"), ["nameToBeUsed":"inspModule", "index":"1"], STOP_ON_FAILURE): Call Test Case 'Test Cases/Components/SelectAllThenDeleteIndex' successfully

2020-05-29 02:57:30 - [TEST_CASE][PASSED] - Test Cases/Components/SelectAllThenDeleteIndex: Test Cases/Components/SelectAllThenDeleteIndex

2020-05-29 02:57:36 - [TEST_STEP][PASSED] - Thread.sleep(1000): null

2020-05-29 02:57:37 - [TEST_STEP][PASSED] - modifiedObj = modifyObjectProperty(findTestObject("Object Repository/Objects.HighlightElements/input_field_index"), "xpath", "equals", "(//*[contains(@class,'x-form-text') and (@name='" + nameToBeUsed + "')])[" + index + "]", true): Modify property of object successfully

2020-05-29 02:58:51 - [MESSAGE][PASSED] - Modify property of object successfully

2020-05-29 02:58:51 - [TEST_STEP][PASSED] - focus(modifiedObj): Object: 'Object Repository/Objects.HighlightElements/input_field_index' is focused

2020-05-29 02:58:53 - [MESSAGE][PASSED] - Object: 'Object Repository/Objects.HighlightElements/input_field_index' is focused

2020-05-29 02:58:53 - [TEST_STEP][PASSED] - sendKeys(modifiedObj, Keys.chord(CONTROL, "a")): Keys 'CONTROL + a' sent to object: 'Object Repository/Objects.HighlightElements/input_field_index'

2020-05-29 02:58:55 - [MESSAGE][PASSED] - Keys 'CONTROL + a' sent to object: 'Object Repository/Objects.HighlightElements/input_field_index'

2020-05-29 02:58:55 - [TEST_STEP][PASSED] - sendKeys(modifiedObj, Keys.chord(DELETE)): Keys 'DELETE + ' sent to object: 'Object Repository/Objects.HighlightElements/input_field_index'

2020-05-29 02:58:57 - [MESSAGE][PASSED] - Keys 'DELETE + ' sent to object: 'Object Repository/Objects.HighlightElements/input_field_index'

2020-05-29 02:58:57 - [MESSAGE][PASSED] - Call Test Case 'Test Cases/Components/SelectAllThenDeleteIndex' successfully

2020-05-29 02:58:57 - [TEST_STEP][PASSED] - callTestCase(findTestCase("PFI Precision and Scale/PFI Components with Indexing/VerifyDropdownValuesXPI"), ["FldNm":"inspModule", "index":1, "CallTCName":"PFI Precision and Scale/PFI Components/ConstantHashMap", "cmbNm":"ModuleNm", ... ], STOP_ON_FAILURE): Call Test Case 'Test Cases/PFI Precision and Scale/PFI Components with Indexing/VerifyDropdownValuesXPI' successfully

2020-05-29 02:58:58 - [TEST_CASE][PASSED] - Test Cases/PFI Precision and Scale/PFI Components with Indexing/VerifyDropdownValuesXPI: Test Cases/PFI Precision and Scale/PFI Components with Indexing/VerifyDropdownValuesXPI

2020-05-29 02:58:58 - [TEST_STEP][PASSED] - Thread.sleep(1000): null

2020-05-29 02:58:59 - [TEST_STEP][PASSED] - NewInputNmField = modifyObjectProperty(findTestObject("Object Repository/Objects.HighlightElements/input_field_index"), "xpath", "equals", "(//*[contains(@name, '" + FldNm + "')])[" + index + "]", true): Modify property of object successfully

2020-05-29 02:59:00 - [MESSAGE][PASSED] - Modify property of object successfully

2020-05-29 02:59:00 - [TEST_STEP][PASSED] - comboNm = cmbNm: null

2020-05-29 02:59:00 - [TEST_STEP][PASSED] - focus(NewInputNmField): Object: 'Object Repository/Objects.HighlightElements/input_field_index' is focused

2020-05-29 02:59:01 - [MESSAGE][PASSED] - Object: 'Object Repository/Objects.HighlightElements/input_field_index' is focused

2020-05-29 02:59:01 - [TEST_STEP][PASSED] - setText(NewInputNmField, EnterValue): Text 'FM' is set on object 'Object Repository/Objects.HighlightElements/input_field_index'

2020-05-29 02:59:01 - [MESSAGE][PASSED] - Text 'FM' is set on object 'Object Repository/Objects.HighlightElements/input_field_index'

2020-05-29 02:59:01 - [TEST_STEP][PASSED] - for ([i = 1, i <= NoOfVal, (i++)]): Keys 'DOWN + ' sent to object: 'Object Repository/Objects.HighlightElements/input_field_index'

2020-05-29 02:59:01 - [TEST_STEP][PASSED] - sendKeys(NewInputNmField, Keys.chord(ARROW_DOWN)): Keys 'DOWN + ' sent to object: 'Object Repository/Objects.HighlightElements/input_field_index'

2020-05-29 02:59:02 - [MESSAGE][PASSED] - Keys 'DOWN + ' sent to object: 'Object Repository/Objects.HighlightElements/input_field_index'

2020-05-29 02:59:02 - [TEST_STEP][PASSED] - delay(DelayTime): Delayed 0 second(s)

2020-05-29 02:59:02 - [MESSAGE][PASSED] - Delayed 0 second(s)

2020-05-29 02:59:02 - [TEST_STEP][PASSED] - sendKeys(NewInputNmField, Keys.chord(ENTER)): Keys 'ENTER + ' sent to object: 'Object Repository/Objects.HighlightElements/input_field_index'

2020-05-29 02:59:03 - [MESSAGE][PASSED] - Keys 'ENTER + ' sent to object: 'Object Repository/Objects.HighlightElements/input_field_index'

2020-05-29 02:59:03 - [TEST_STEP][PASSED] - ComboBoxValue = getAttribute(NewInputNmField, "value"): Attribute 'value' of object 'Object Repository/Objects.HighlightElements/input_field_index' is: 'FM'

2020-05-29 02:59:03 - [MESSAGE][PASSED] - Attribute 'value' of object 'Object Repository/Objects.HighlightElements/input_field_index' is: 'FM'

2020-05-29 02:59:03 - [TEST_STEP][PASSED] - callTestCase(findTestCase(CallTCName), ["FindValue":ComboBoxValue, "DropdownNm":comboNm], STOP_ON_FAILURE): Call Test Case 'Test Cases/PFI Precision and Scale/PFI Components/ConstantHashMap' successfully

2020-05-29 02:59:03 - [TEST_CASE][PASSED] - Test Cases/PFI Precision and Scale/PFI Components/ConstantHashMap: Test Cases/PFI Precision and Scale/PFI Components/ConstantHashMap

2020-05-29 02:59:03 - [TEST_STEP][PASSED] - ConstantTBL = [1:["PeriodType":"Working Day(s)"], 2:["PeriodType":"Calendar Day(s)"], 3:["PeriodType":"Month(s)"], 4:["TypeOfLetter":"T1"], ... ]: null

2020-05-29 02:59:03 - [TEST_STEP][PASSED] - switch (DropdownNm): null

2020-05-29 02:59:03 - [TEST_STEP][PASSED] - case "ModuleNm":: null

2020-05-29 02:59:03 - [TEST_STEP][PASSED] - ValueFound = ConstantTBL.find({ -> ... }): null

2020-05-29 02:59:03 - [TEST_STEP][PASSED] - break: null

2020-05-29 02:59:03 - [MESSAGE][PASSED] - Call Test Case 'Test Cases/PFI Precision and Scale/PFI Components/ConstantHashMap' successfully

2020-05-29 02:59:03 - [TEST_STEP][PASSED] - println(ValueFound): null

2020-05-29 02:59:03 - [TEST_STEP][PASSED] - sendKeys(NewInputNmField, Keys.chord(ARROW_DOWN)): Keys 'DOWN + ' sent to object: 'Object Repository/Objects.HighlightElements/input_field_index'

2020-05-29 02:59:04 - [MESSAGE][PASSED] - Keys 'DOWN + ' sent to object: 'Object Repository/Objects.HighlightElements/input_field_index'

2020-05-29 02:59:04 - [TEST_STEP][PASSED] - sendKeys(NewInputNmField, Keys.chord(ENTER)): Keys 'ENTER + ' sent to object: 'Object Repository/Objects.HighlightElements/input_field_index'

2020-05-29 02:59:04 - [MESSAGE][PASSED] - Keys 'ENTER + ' sent to object: 'Object Repository/Objects.HighlightElements/input_field_index'

2020-05-29 02:59:04 - [MESSAGE][PASSED] - Call Test Case 'Test Cases/PFI Precision and Scale/PFI Components with Indexing/VerifyDropdownValuesXPI' successfully

2020-05-29 02:59:04 - [TEST_STEP][PASSED] - callTestCase(findTestCase("PFI Precision and Scale/PFI Components with Indexing/VerifyDropdownValuesXPI"), ["FldNm":"inspCaseType", "index":1, "CallTCName":"PFI Precision and Scale/PFI Components/ConstantHashMap", "cmbNm":"FM", "NoOfVal":1, ... ], STOP_ON_FAILURE): Call Test Case 'Test Cases/PFI Precision and Scale/PFI Components with Indexing/VerifyDropdownValuesXPI' successfully

2020-05-29 02:59:04 - [TEST_CASE][PASSED] - Test Cases/PFI Precision and Scale/PFI Components with Indexing/VerifyDropdownValuesXPI: Test Cases/PFI Precision and Scale/PFI Components with Indexing/VerifyDropdownValuesXPI

2020-05-29 02:59:04 - [TEST_STEP][PASSED] - Thread.sleep(1000): null

2020-05-29 02:59:05 - [TEST_STEP][PASSED] - NewInputNmField = modifyObjectProperty(findTestObject("Object Repository/Objects.HighlightElements/input_field_index"), "xpath", "equals", "(//*[contains(@name, '" + FldNm + "')])[" + index + "]", true): Modify property of object successfully

2020-05-29 02:59:05 - [MESSAGE][PASSED] - Modify property of object successfully

2020-05-29 02:59:05 - [TEST_STEP][PASSED] - comboNm = cmbNm: null

2020-05-29 02:59:05 - [TEST_STEP][PASSED] - focus(NewInputNmField): Object: 'Object Repository/Objects.HighlightElements/input_field_index' is focused

2020-05-29 02:59:05 - [MESSAGE][PASSED] - Object: 'Object Repository/Objects.HighlightElements/input_field_index' is focused

2020-05-29 02:59:05 - [TEST_STEP][PASSED] - setText(NewInputNmField, EnterValue): Text '' is set on object 'Object Repository/Objects.HighlightElements/input_field_index'

2020-05-29 02:59:06 - [MESSAGE][PASSED] - Text '' is set on object 'Object Repository/Objects.HighlightElements/input_field_index'

2020-05-29 02:59:06 - [TEST_STEP][PASSED] - for ([i = 1, i <= NoOfVal, (i++)]): Keys 'DOWN + ' sent to object: 'Object Repository/Objects.HighlightElements/input_field_index'

2020-05-29 02:59:06 - [TEST_STEP][PASSED] - sendKeys(NewInputNmField, Keys.chord(ARROW_DOWN)): Keys 'DOWN + ' sent to object: 'Object Repository/Objects.HighlightElements/input_field_index'

2020-05-29 02:59:06 - [MESSAGE][PASSED] - Keys 'DOWN + ' sent to object: 'Object Repository/Objects.HighlightElements/input_field_index'

2020-05-29 02:59:06 - [TEST_STEP][PASSED] - delay(DelayTime): Delayed 2 second(s)

2020-05-29 02:59:08 - [MESSAGE][PASSED] - Delayed 2 second(s)

2020-05-29 02:59:08 - [TEST_STEP][PASSED] - sendKeys(NewInputNmField, Keys.chord(ENTER)): Keys 'ENTER + ' sent to object: 'Object Repository/Objects.HighlightElements/input_field_index'

2020-05-29 02:59:08 - [MESSAGE][PASSED] - Keys 'ENTER + ' sent to object: 'Object Repository/Objects.HighlightElements/input_field_index'

2020-05-29 02:59:08 - [TEST_STEP][PASSED] - ComboBoxValue = getAttribute(NewInputNmField, "value"): Attribute 'value' of object 'Object Repository/Objects.HighlightElements/input_field_index' is: 'Feedback Processing (FM)'

2020-05-29 02:59:09 - [MESSAGE][PASSED] - Attribute 'value' of object 'Object Repository/Objects.HighlightElements/input_field_index' is: 'Feedback Processing (FM)'

2020-05-29 02:59:09 - [TEST_STEP][PASSED] - callTestCase(findTestCase(CallTCName), ["FindValue":ComboBoxValue, "DropdownNm":comboNm], STOP_ON_FAILURE): Call Test Case 'Test Cases/PFI Precision and Scale/PFI Components/ConstantHashMap' successfully

2020-05-29 02:59:09 - [TEST_CASE][PASSED] - Test Cases/PFI Precision and Scale/PFI Components/ConstantHashMap: Test Cases/PFI Precision and Scale/PFI Components/ConstantHashMap

2020-05-29 02:59:09 - [TEST_STEP][PASSED] - ConstantTBL = [1:["PeriodType":"Working Day(s)"], 2:["PeriodType":"Calendar Day(s)"], 3:["PeriodType":"Month(s)"], 4:["TypeOfLetter":"T1"], ... ]: null

2020-05-29 02:59:09 - [TEST_STEP][PASSED] - switch (DropdownNm): null

2020-05-29 02:59:09 - [TEST_STEP][PASSED] - case "FM":: null

2020-05-29 02:59:09 - [TEST_STEP][PASSED] - ValueFound = ConstantTBL.find({ -> ... }): null

2020-05-29 02:59:09 - [TEST_STEP][PASSED] - break: null

2020-05-29 02:59:09 - [MESSAGE][PASSED] - Call Test Case 'Test Cases/PFI Precision and Scale/PFI Components/ConstantHashMap' successfully

2020-05-29 02:59:09 - [TEST_STEP][PASSED] - println(ValueFound): null

2020-05-29 02:59:09 - [TEST_STEP][PASSED] - sendKeys(NewInputNmField, Keys.chord(ARROW_DOWN)): Keys 'DOWN + ' sent to object: 'Object Repository/Objects.HighlightElements/input_field_index'

2020-05-29 02:59:09 - [MESSAGE][PASSED] - Keys 'DOWN + ' sent to object: 'Object Repository/Objects.HighlightElements/input_field_index'

2020-05-29 02:59:09 - [TEST_STEP][PASSED] - sendKeys(NewInputNmField, Keys.chord(ENTER)): Keys 'ENTER + ' sent to object: 'Object Repository/Objects.HighlightElements/input_field_index'

2020-05-29 02:59:09 - [MESSAGE][PASSED] - Keys 'ENTER + ' sent to object: 'Object Repository/Objects.HighlightElements/input_field_index'

2020-05-29 02:59:09 - [MESSAGE][PASSED] - Call Test Case 'Test Cases/PFI Precision and Scale/PFI Components with Indexing/VerifyDropdownValuesXPI' successfully

2020-05-29 02:59:09 - [TEST_STEP][NOT_RUN] - callTestCase(findTestCase("Components/HighlightLabelField"), ["LblName":"Inspection From Date *:"], STOP_ON_FAILURE): NOT_RUN: callTestCase(findTestCase("Components/HighlightLabelField"), ["LblName":"Inspection From Date *:"], STOP_ON_FAILURE)

2020-05-29 02:59:09 - [MESSAGE][NOT_RUN] - NOT_RUN: callTestCase(findTestCase("Components/HighlightLabelField"), ["LblName":"Inspection From Date *:"], STOP_ON_FAILURE)

2020-05-29 02:59:09 - [TEST_STEP][NOT_RUN] - callTestCase(findTestCase("Components/HighlightInputFieldXPI"), ["FldNm":"inspDt", "index":1], STOP_ON_FAILURE): NOT_RUN: callTestCase(findTestCase("Components/HighlightInputFieldXPI"), ["FldNm":"inspDt", "index":1], STOP_ON_FAILURE)

2020-05-29 02:59:09 - [MESSAGE][NOT_RUN] - NOT_RUN: callTestCase(findTestCase("Components/HighlightInputFieldXPI"), ["FldNm":"inspDt", "index":1], STOP_ON_FAILURE)

2020-05-29 02:59:09 - [TEST_STEP][PASSED] - callTestCase(findTestCase("Components/SelectAllThenDeleteIndex"), ["nameToBeUsed":"inspDt", "index":"1"], STOP_ON_FAILURE): Call Test Case 'Test Cases/Components/SelectAllThenDeleteIndex' successfully

2020-05-29 02:59:09 - [TEST_CASE][PASSED] - Test Cases/Components/SelectAllThenDeleteIndex: Test Cases/Components/SelectAllThenDeleteIndex

2020-05-29 02:59:09 - [TEST_STEP][PASSED] - Thread.sleep(1000): null

2020-05-29 02:59:10 - [TEST_STEP][PASSED] - modifiedObj = modifyObjectProperty(findTestObject("Object Repository/Objects.HighlightElements/input_field_index"), "xpath", "equals", "(//*[contains(@class,'x-form-text') and (@name='" + nameToBeUsed + "')])[" + index + "]", true): Modify property of object successfully

2020-05-29 02:59:11 - [MESSAGE][PASSED] - Modify property of object successfully

2020-05-29 02:59:11 - [TEST_STEP][PASSED] - focus(modifiedObj): Object: 'Object Repository/Objects.HighlightElements/input_field_index' is focused

2020-05-29 02:59:11 - [MESSAGE][PASSED] - Object: 'Object Repository/Objects.HighlightElements/input_field_index' is focused

2020-05-29 02:59:11 - [TEST_STEP][PASSED] - sendKeys(modifiedObj, Keys.chord(CONTROL, "a")): Keys 'CONTROL + a' sent to object: 'Object Repository/Objects.HighlightElements/input_field_index'

2020-05-29 02:59:11 - [MESSAGE][PASSED] - Keys 'CONTROL + a' sent to object: 'Object Repository/Objects.HighlightElements/input_field_index'

2020-05-29 02:59:11 - [TEST_STEP][PASSED] - sendKeys(modifiedObj, Keys.chord(DELETE)): Keys 'DELETE + ' sent to object: 'Object Repository/Objects.HighlightElements/input_field_index'

2020-05-29 02:59:11 - [MESSAGE][PASSED] - Keys 'DELETE + ' sent to object: 'Object Repository/Objects.HighlightElements/input_field_index'

2020-05-29 02:59:11 - [MESSAGE][PASSED] - Call Test Case 'Test Cases/Components/SelectAllThenDeleteIndex' successfully

2020-05-29 02:59:11 - [TEST_STEP][PASSED] - callTestCase(findTestCase("PFI Precision and Scale/PFI Components with Indexing/RequiredFieldValidationIndex"), ["nameToBeUsed":"inspDt", "index":1], STOP_ON_FAILURE): Call Test Case 'Test Cases/PFI Precision and Scale/PFI Components with Indexing/RequiredFieldValidationIndex' successfully

2020-05-29 02:59:11 - [TEST_CASE][PASSED] - Test Cases/PFI Precision and Scale/PFI Components with Indexing/RequiredFieldValidationIndex: Test Cases/PFI Precision and Scale/PFI Components with Indexing/RequiredFieldValidationIndex

2020-05-29 02:59:11 - [TEST_STEP][PASSED] - enableSmartWait(): null

2020-05-29 02:59:11 - [TEST_STEP][PASSED] - NewInputNmField = modifyObjectProperty(findTestObject("Objects.HighlightElements/input_field_index"), "xpath", "equals", "(//*[contains(@class,'x-form-text') and (@name='" + nameToBeUsed + "')])[" + index + "]", true): Modify property of object successfully

2020-05-29 02:59:11 - [MESSAGE][PASSED] - Modify property of object successfully

2020-05-29 02:59:11 - [TEST_STEP][PASSED] - mouseOver(NewInputNmField): Object: 'Object Repository/Objects.HighlightElements/input_field_index' is hovered

2020-05-29 02:59:12 - [MESSAGE][PASSED] - Object: 'Object Repository/Objects.HighlightElements/input_field_index' is hovered

2020-05-29 02:59:12 - [TEST_STEP][PASSED] - getRqErrMsg = getAttribute(NewInputNmField, "data-errorqtip"): Attribute 'data-errorqtip' of object 'Object Repository/Objects.HighlightElements/input_field_index' is: '<ul class="x-list-plain"><li>This field is required</li></ul>'

2020-05-29 02:59:12 - [MESSAGE][PASSED] - Attribute 'data-errorqtip' of object 'Object Repository/Objects.HighlightElements/input_field_index' is: '<ul class="x-list-plain"><li>This field is required</li></ul>'

2020-05-29 02:59:12 - [TEST_STEP][PASSED] - strToolTip = getRqErrMsg.substring(29, 61): null

2020-05-29 02:59:12 - [TEST_STEP][PASSED] - toolTipReqErrMsg = strToolTip.substring(0, 22): null

2020-05-29 02:59:12 - [TEST_STEP][PASSED] - verifyMatch(toolTipReqErrMsg, RqField, true): Actual text 'This field is required' and expected text 'This field is required' are matched  using regular expression

2020-05-29 02:59:12 - [MESSAGE][PASSED] - Actual text 'This field is required' and expected text 'This field is required' are matched  using regular expression

2020-05-29 02:59:12 - [MESSAGE][PASSED] - Call Test Case 'Test Cases/PFI Precision and Scale/PFI Components with Indexing/RequiredFieldValidationIndex' successfully

2020-05-29 02:59:12 - [TEST_STEP][PASSED] - callTestCase(findTestCase("PFI Precision and Scale/PFI Components with Indexing/NumericTextboxValidationIndex"), ["nameToBeUsed":"inspDt", "index":1, "minLen":4], STOP_ON_FAILURE): Call Test Case 'Test Cases/PFI Precision and Scale/PFI Components with Indexing/NumericTextboxValidationIndex' successfully

2020-05-29 02:59:12 - [TEST_CASE][PASSED] - Test Cases/PFI Precision and Scale/PFI Components with Indexing/NumericTextboxValidationIndex: Test Cases/PFI Precision and Scale/PFI Components with Indexing/NumericTextboxValidationIndex

2020-05-29 02:59:13 - [TEST_STEP][PASSED] - Thread.sleep(1000): null

2020-05-29 02:59:14 - [TEST_STEP][PASSED] - Numeric = "0123456789": null

2020-05-29 02:59:14 - [TEST_STEP][PASSED] - AlphaSpecialChar = z) + "`~!@#$%^&*()=_{}|\][;'":,?><"".join(): null

2020-05-29 02:59:14 - [TEST_STEP][PASSED] - RandomNumeric = RandomStringUtils.random(minLen, Numeric.toCharArray()): null

2020-05-29 02:59:14 - [TEST_STEP][PASSED] - RandomString = RandomStringUtils.random(minLen, AlphaSpecialChar): null

2020-05-29 02:59:14 - [TEST_STEP][PASSED] - regexPat = Pattern.compile("^[0-9]+$"): null

2020-05-29 02:59:14 - [TEST_STEP][PASSED] - NewInputNmField = modifyObjectProperty(findTestObject("Object Repository/Objects.HighlightElements/input_field_index"), "xpath", "equals", "(//*[contains(@class,'x-form-text') and (@name='" + nameToBeUsed + "')])[" + index + "]", true): Modify property of object successfully

2020-05-29 02:59:14 - [MESSAGE][PASSED] - Modify property of object successfully

2020-05-29 02:59:14 - [TEST_STEP][PASSED] - focus(NewInputNmField): Object: 'Object Repository/Objects.HighlightElements/input_field_index' is focused

2020-05-29 02:59:14 - [MESSAGE][PASSED] - Object: 'Object Repository/Objects.HighlightElements/input_field_index' is focused

2020-05-29 02:59:14 - [TEST_STEP][PASSED] - setText(NewInputNmField, RandomString): Text 'lquv' is set on object 'Object Repository/Objects.HighlightElements/input_field_index'

2020-05-29 02:59:14 - [MESSAGE][PASSED] - Text 'lquv' is set on object 'Object Repository/Objects.HighlightElements/input_field_index'

2020-05-29 02:59:14 - [TEST_STEP][PASSED] - GetInputVal = getAttribute(NewInputNmField, "value"): Attribute 'value' of object 'Object Repository/Objects.HighlightElements/input_field_index' is: ''

2020-05-29 02:59:14 - [MESSAGE][PASSED] - Attribute 'value' of object 'Object Repository/Objects.HighlightElements/input_field_index' is: ''

2020-05-29 02:59:14 - [TEST_STEP][PASSED] - if (GetInputVal.contains("e")): null

2020-05-29 02:59:14 - [TEST_STEP][PASSED] - else: Actual text '' and expected text '' are matched  using regular expression

2020-05-29 02:59:14 - [TEST_STEP][PASSED] - verifyMatch(GetInputVal, "", true): Actual text '' and expected text '' are matched  using regular expression

2020-05-29 02:59:14 - [MESSAGE][PASSED] - Actual text '' and expected text '' are matched  using regular expression

2020-05-29 02:59:14 - [TEST_STEP][PASSED] - setText(NewInputNmField, RandomNumeric): Text '7425' is set on object 'Object Repository/Objects.HighlightElements/input_field_index'

2020-05-29 02:59:15 - [MESSAGE][PASSED] - Text '7425' is set on object 'Object Repository/Objects.HighlightElements/input_field_index'

2020-05-29 02:59:15 - [TEST_STEP][PASSED] - GetEnteredIntegers = getAttribute(NewInputNmField, "value"): Attribute 'value' of object 'Object Repository/Objects.HighlightElements/input_field_index' is: '7425'

2020-05-29 02:59:15 - [MESSAGE][PASSED] - Attribute 'value' of object 'Object Repository/Objects.HighlightElements/input_field_index' is: '7425'

2020-05-29 02:59:15 - [TEST_STEP][PASSED] - matchStr = regexPat.matcher(GetEnteredIntegers): null

2020-05-29 02:59:15 - [TEST_STEP][PASSED] - if (matchStr.matches() == true): Accepting Numeric

2020-05-29 02:59:15 - [TEST_STEP][PASSED] - comment("Accepting Numeric"): Accepting Numeric

2020-05-29 02:59:15 - [MESSAGE][INFO] - Accepting Numeric

2020-05-29 02:59:15 - [MESSAGE][PASSED] - Call Test Case 'Test Cases/PFI Precision and Scale/PFI Components with Indexing/NumericTextboxValidationIndex' successfully

2020-05-29 02:59:15 - [TEST_STEP][PASSED] - callTestCase(findTestCase("PFI Precision and Scale/PFI Components with Indexing/StartTimeErrorIndex"), ["FldNm":"inspDt", "index":1], STOP_ON_FAILURE): Call Test Case 'Test Cases/PFI Precision and Scale/PFI Components with Indexing/StartTimeErrorIndex' successfully

2020-05-29 02:59:15 - [TEST_CASE][PASSED] - Test Cases/PFI Precision and Scale/PFI Components with Indexing/StartTimeErrorIndex: Test Cases/PFI Precision and Scale/PFI Components with Indexing/StartTimeErrorIndex

2020-05-29 02:59:16 - [TEST_STEP][PASSED] - Thread.sleep(5000): null

2020-05-29 02:59:21 - [TEST_STEP][PASSED] - if (index == 0): null

2020-05-29 02:59:21 - [TEST_STEP][PASSED] - else: Modify property of object successfully

2020-05-29 02:59:21 - [TEST_STEP][PASSED] - NewInputNmField = modifyObjectProperty(findTestObject("Object Repository/Objects.HighlightElements/input_field_index"), "xpath", "equals", "(//*[@name= '" + FldNm + "'])[" + index + "]", true): Modify property of object successfully

2020-05-29 02:59:21 - [MESSAGE][PASSED] - Modify property of object successfully

2020-05-29 02:59:21 - [TEST_STEP][PASSED] - mouseOver(NewInputNmField): Object: 'Object Repository/Objects.HighlightElements/input_field_index' is hovered

2020-05-29 02:59:21 - [MESSAGE][PASSED] - Object: 'Object Repository/Objects.HighlightElements/input_field_index' is hovered

2020-05-29 02:59:21 - [TEST_STEP][PASSED] - getInputInvalidDate = getAttribute(NewInputNmField, "value"): Attribute 'value' of object 'Object Repository/Objects.HighlightElements/input_field_index' is: '7425'

2020-05-29 02:59:21 - [MESSAGE][PASSED] - Attribute 'value' of object 'Object Repository/Objects.HighlightElements/input_field_index' is: '7425'

2020-05-29 02:59:21 - [TEST_STEP][PASSED] - getErrMsg = getAttribute(NewInputNmField, "data-errorqtip"): Attribute 'data-errorqtip' of object 'Object Repository/Objects.HighlightElements/input_field_index' is: '<ul class="x-list-plain"><li>Start time must be less than end time</li><li>7425 is not a valid date - it must be in the format d/m/Y</li></ul>'

2020-05-29 02:59:21 - [MESSAGE][PASSED] - Attribute 'data-errorqtip' of object 'Object Repository/Objects.HighlightElements/input_field_index' is: '<ul class="x-list-plain"><li>Start time must be less than end time</li><li>7425 is not a valid date - it must be in the format d/m/Y</li></ul>'

2020-05-29 02:59:21 - [TEST_STEP][PASSED] - RmvCd = getErrMsg.substring(0, 75): null

2020-05-29 02:59:21 - [TEST_STEP][PASSED] - FirstErrMsg = RmvCd.substring(29, 66): null

2020-05-29 02:59:21 - [TEST_STEP][PASSED] - getTotalLength = getErrMsg.length(): null

2020-05-29 02:59:21 - [TEST_STEP][PASSED] - RmvCd = getErrMsg.substring(75, getTotalLength): null

2020-05-29 02:59:21 - [TEST_STEP][PASSED] - lenInv = RmvCd.length() - 10: null

2020-05-29 02:59:21 - [TEST_STEP][PASSED] - InvErrMsg = RmvCd.substring(0, lenInv): null

2020-05-29 02:59:21 - [TEST_STEP][PASSED] - ExpectedInvalidErrMsg2 = concatenate(InvDtErr, " ", getInputInvalidDate, " ", NotValidDt): Concatenated string array: '['Start time must be less than end time',' ','7425',' ','is not a valid date - it must be in the format d/m/Y']' into 'Start time must be less than end time 7425 is not a valid date - it must be in the format d/m/Y'

2020-05-29 02:59:21 - [MESSAGE][PASSED] - Concatenated string array: '['Start time must be less than end time',' ','7425',' ','is not a valid date - it must be in the format d/m/Y']' into 'Start time must be less than end time 7425 is not a valid date - it must be in the format d/m/Y'

2020-05-29 02:59:21 - [TEST_STEP][PASSED] - ActualInvErrMsg = concatenate(FirstErrMsg, " ", InvErrMsg): Concatenated string array: '['Start time must be less than end time',' ','7425 is not a valid date - it must be in the format d/m/Y']' into 'Start time must be less than end time 7425 is not a valid date - it must be in the format d/m/Y'

2020-05-29 02:59:21 - [MESSAGE][PASSED] - Concatenated string array: '['Start time must be less than end time',' ','7425 is not a valid date - it must be in the format d/m/Y']' into 'Start time must be less than end time 7425 is not a valid date - it must be in the format d/m/Y'

2020-05-29 02:59:21 - [TEST_STEP][PASSED] - verifyMatch(ActualInvErrMsg, ExpectedInvalidErrMsg2, true): Actual text 'Start time must be less than end time 7425 is not a valid date - it must be in the format d/m/Y' and expected text 'Start time must be less than end time 7425 is not a valid date - it must be in the format d/m/Y' are matched  using regular expression

2020-05-29 02:59:21 - [MESSAGE][PASSED] - Actual text 'Start time must be less than end time 7425 is not a valid date - it must be in the format d/m/Y' and expected text 'Start time must be less than end time 7425 is not a valid date - it must be in the format d/m/Y' are matched  using regular expression

2020-05-29 02:59:21 - [MESSAGE][PASSED] - Call Test Case 'Test Cases/PFI Precision and Scale/PFI Components with Indexing/StartTimeErrorIndex' successfully

2020-05-29 02:59:21 - [TEST_STEP][PASSED] - callTestCase(findTestCase("PFI Precision and Scale/PFI Components with Indexing/SelectDayInDatePickerWithIndexII"), ["FldNm":"inspDt", "SelectCurrentDay":"11", "index":7, "idx":1], STOP_ON_FAILURE): Call Test Case 'Test Cases/PFI Precision and Scale/PFI Components with Indexing/SelectDayInDatePickerWithIndexII' successfully

2020-05-29 02:59:21 - [TEST_CASE][PASSED] - Test Cases/PFI Precision and Scale/PFI Components with Indexing/SelectDayInDatePickerWithIndexII: Test Cases/PFI Precision and Scale/PFI Components with Indexing/SelectDayInDatePickerWithIndexII

2020-05-29 02:59:22 - [TEST_STEP][PASSED] - Thread.sleep(1000): null

2020-05-29 02:59:23 - [TEST_STEP][PASSED] - DateInputFld = modifyObjectProperty(findTestObject("Objects.HighlightElements/input_field_index"), "xpath", "equals", "(//*[contains(@class,'x-form-text') and (@name='" + FldNm + "')])[" + idx + "]", true): Modify property of object successfully

2020-05-29 02:59:23 - [MESSAGE][PASSED] - Modify property of object successfully

2020-05-29 02:59:23 - [TEST_STEP][PASSED] - ModifyDay = modifyObjectProperty(findTestObject("Objects.DateValidation/Page_ISPS2/Select_Day_Index"), "xpath", "equals", "(//*[contains(@class, 'x-datepicker-date') and (text() = '" + SelectCurrentDay + "')])[" + index + "]", true): Modify property of object successfully

2020-05-29 02:59:23 - [MESSAGE][PASSED] - Modify property of object successfully

2020-05-29 02:59:23 - [TEST_STEP][PASSED] - sendKeys(DateInputFld, Keys.chord(ARROW_DOWN)): Keys 'DOWN + ' sent to object: 'Object Repository/Objects.HighlightElements/input_field_index'

2020-05-29 02:59:23 - [MESSAGE][PASSED] - Keys 'DOWN + ' sent to object: 'Object Repository/Objects.HighlightElements/input_field_index'

2020-05-29 02:59:23 - [TEST_STEP][PASSED] - com.reusableComponents.HighlightElement.run(ModifyDay): com.reusableComponents.HighlightElement.run is PASSED

2020-05-29 02:59:24 - [MESSAGE][PASSED] - com.reusableComponents.HighlightElement.run is PASSED

2020-05-29 02:59:24 - [TEST_STEP][PASSED] - delay(1): Delayed 1 second(s)

2020-05-29 02:59:25 - [MESSAGE][PASSED] - Delayed 1 second(s)

2020-05-29 02:59:25 - [TEST_STEP][PASSED] - click(ModifyDay): Object: 'Object Repository/Objects.DateValidation/Page_ISPS2/Select_Day_Index' is clicked on

2020-05-29 02:59:25 - [MESSAGE][PASSED] - Object: 'Object Repository/Objects.DateValidation/Page_ISPS2/Select_Day_Index' is clicked on

2020-05-29 02:59:25 - [MESSAGE][PASSED] - Call Test Case 'Test Cases/PFI Precision and Scale/PFI Components with Indexing/SelectDayInDatePickerWithIndexII' successfully

2020-05-29 02:59:25 - [TEST_STEP][PASSED] - callTestCase(findTestCase("PFI Precision and Scale/PFI Components with Indexing/SelectTodayInDatePickerIndex"), ["FldNm":"inspDt", "index":7, "idx":1], STOP_ON_FAILURE): Call Test Case 'Test Cases/PFI Precision and Scale/PFI Components with Indexing/SelectTodayInDatePickerIndex' successfully

2020-05-29 02:59:25 - [TEST_CASE][PASSED] - Test Cases/PFI Precision and Scale/PFI Components with Indexing/SelectTodayInDatePickerIndex: Test Cases/PFI Precision and Scale/PFI Components with Indexing/SelectTodayInDatePickerIndex

2020-05-29 02:59:25 - [TEST_STEP][PASSED] - Thread.sleep(1000): null

2020-05-29 02:59:26 - [TEST_STEP][PASSED] - DateFieldNm = modifyObjectProperty(findTestObject("Objects.HighlightElements/input_field_index"), "xpath", "equals", "(//*[contains(@class,'x-form-text') and (@name='" + FldNm + "')])[" + idx + "]", true): Modify property of object successfully

2020-05-29 02:59:26 - [MESSAGE][PASSED] - Modify property of object successfully

2020-05-29 02:59:26 - [TEST_STEP][PASSED] - TodayBtn = modifyObjectProperty(findTestObject("Object Repository/Objects.DateValidation/Page_ISPS2/a_Today"), "xpath", "equals", "(//*[text() = 'Today'])[" + index + "]", true): Modify property of object successfully

2020-05-29 02:59:27 - [MESSAGE][PASSED] - Modify property of object successfully

2020-05-29 02:59:27 - [TEST_STEP][PASSED] - sendKeys(DateFieldNm, Keys.chord(ARROW_DOWN)): Keys 'DOWN + ' sent to object: 'Object Repository/Objects.HighlightElements/input_field_index'

2020-05-29 02:59:27 - [MESSAGE][PASSED] - Keys 'DOWN + ' sent to object: 'Object Repository/Objects.HighlightElements/input_field_index'

2020-05-29 02:59:27 - [TEST_STEP][PASSED] - com.reusableComponents.HighlightElement.run(TodayBtn): com.reusableComponents.HighlightElement.run is PASSED

2020-05-29 02:59:28 - [MESSAGE][PASSED] - com.reusableComponents.HighlightElement.run is PASSED

2020-05-29 02:59:28 - [TEST_STEP][PASSED] - click(TodayBtn): Object: 'Object Repository/Objects.DateValidation/Page_ISPS2/a_Today' is clicked on

2020-05-29 02:59:28 - [MESSAGE][PASSED] - Object: 'Object Repository/Objects.DateValidation/Page_ISPS2/a_Today' is clicked on

2020-05-29 02:59:28 - [MESSAGE][PASSED] - Call Test Case 'Test Cases/PFI Precision and Scale/PFI Components with Indexing/SelectTodayInDatePickerIndex' successfully

2020-05-29 02:59:28 - [TEST_STEP][NOT_RUN] - callTestCase(findTestCase("Components/HighlightLabelField"), ["LblName":"Inspection To Date *:"], STOP_ON_FAILURE): NOT_RUN: callTestCase(findTestCase("Components/HighlightLabelField"), ["LblName":"Inspection To Date *:"], STOP_ON_FAILURE)

2020-05-29 02:59:28 - [MESSAGE][NOT_RUN] - NOT_RUN: callTestCase(findTestCase("Components/HighlightLabelField"), ["LblName":"Inspection To Date *:"], STOP_ON_FAILURE)

2020-05-29 02:59:28 - [TEST_STEP][NOT_RUN] - callTestCase(findTestCase("Components/HighlightInputFieldXPI"), ["FldNm":"inspToDt", "index":1], STOP_ON_FAILURE): NOT_RUN: callTestCase(findTestCase("Components/HighlightInputFieldXPI"), ["FldNm":"inspToDt", "index":1], STOP_ON_FAILURE)

2020-05-29 02:59:28 - [MESSAGE][NOT_RUN] - NOT_RUN: callTestCase(findTestCase("Components/HighlightInputFieldXPI"), ["FldNm":"inspToDt", "index":1], STOP_ON_FAILURE)

2020-05-29 02:59:28 - [TEST_STEP][PASSED] - callTestCase(findTestCase("Components/SelectAllThenDeleteIndex"), ["nameToBeUsed":"inspToDt", "index":"1"], STOP_ON_FAILURE): Call Test Case 'Test Cases/Components/SelectAllThenDeleteIndex' successfully

2020-05-29 02:59:28 - [TEST_CASE][PASSED] - Test Cases/Components/SelectAllThenDeleteIndex: Test Cases/Components/SelectAllThenDeleteIndex

2020-05-29 02:59:28 - [TEST_STEP][PASSED] - Thread.sleep(1000): null

2020-05-29 02:59:29 - [TEST_STEP][PASSED] - modifiedObj = modifyObjectProperty(findTestObject("Object Repository/Objects.HighlightElements/input_field_index"), "xpath", "equals", "(//*[contains(@class,'x-form-text') and (@name='" + nameToBeUsed + "')])[" + index + "]", true): Modify property of object successfully

2020-05-29 02:59:29 - [MESSAGE][PASSED] - Modify property of object successfully

2020-05-29 02:59:29 - [TEST_STEP][PASSED] - focus(modifiedObj): Object: 'Object Repository/Objects.HighlightElements/input_field_index' is focused

2020-05-29 02:59:29 - [MESSAGE][PASSED] - Object: 'Object Repository/Objects.HighlightElements/input_field_index' is focused

2020-05-29 02:59:29 - [TEST_STEP][PASSED] - sendKeys(modifiedObj, Keys.chord(CONTROL, "a")): Keys 'CONTROL + a' sent to object: 'Object Repository/Objects.HighlightElements/input_field_index'

2020-05-29 02:59:30 - [MESSAGE][PASSED] - Keys 'CONTROL + a' sent to object: 'Object Repository/Objects.HighlightElements/input_field_index'

2020-05-29 02:59:30 - [TEST_STEP][PASSED] - sendKeys(modifiedObj, Keys.chord(DELETE)): Keys 'DELETE + ' sent to object: 'Object Repository/Objects.HighlightElements/input_field_index'

2020-05-29 02:59:30 - [MESSAGE][PASSED] - Keys 'DELETE + ' sent to object: 'Object Repository/Objects.HighlightElements/input_field_index'

2020-05-29 02:59:30 - [MESSAGE][PASSED] - Call Test Case 'Test Cases/Components/SelectAllThenDeleteIndex' successfully

2020-05-29 02:59:30 - [TEST_STEP][PASSED] - callTestCase(findTestCase("PFI Precision and Scale/PFI Components with Indexing/RequiredFieldValidationIndex"), ["nameToBeUsed":"inspToDt", "index":1], STOP_ON_FAILURE): Call Test Case 'Test Cases/PFI Precision and Scale/PFI Components with Indexing/RequiredFieldValidationIndex' successfully

2020-05-29 02:59:30 - [TEST_CASE][PASSED] - Test Cases/PFI Precision and Scale/PFI Components with Indexing/RequiredFieldValidationIndex: Test Cases/PFI Precision and Scale/PFI Components with Indexing/RequiredFieldValidationIndex

2020-05-29 02:59:30 - [TEST_STEP][PASSED] - enableSmartWait(): null

2020-05-29 02:59:30 - [TEST_STEP][PASSED] - NewInputNmField = modifyObjectProperty(findTestObject("Objects.HighlightElements/input_field_index"), "xpath", "equals", "(//*[contains(@class,'x-form-text') and (@name='" + nameToBeUsed + "')])[" + index + "]", true): Modify property of object successfully

2020-05-29 02:59:30 - [MESSAGE][PASSED] - Modify property of object successfully

2020-05-29 02:59:30 - [TEST_STEP][PASSED] - mouseOver(NewInputNmField): Object: 'Object Repository/Objects.HighlightElements/input_field_index' is hovered

2020-05-29 02:59:30 - [MESSAGE][PASSED] - Object: 'Object Repository/Objects.HighlightElements/input_field_index' is hovered

2020-05-29 02:59:30 - [TEST_STEP][PASSED] - getRqErrMsg = getAttribute(NewInputNmField, "data-errorqtip"): Attribute 'data-errorqtip' of object 'Object Repository/Objects.HighlightElements/input_field_index' is: '<ul class="x-list-plain"><li>This field is required</li></ul>'

2020-05-29 02:59:31 - [MESSAGE][PASSED] - Attribute 'data-errorqtip' of object 'Object Repository/Objects.HighlightElements/input_field_index' is: '<ul class="x-list-plain"><li>This field is required</li></ul>'

2020-05-29 02:59:31 - [TEST_STEP][PASSED] - strToolTip = getRqErrMsg.substring(29, 61): null

2020-05-29 02:59:31 - [TEST_STEP][PASSED] - toolTipReqErrMsg = strToolTip.substring(0, 22): null

2020-05-29 02:59:31 - [TEST_STEP][PASSED] - verifyMatch(toolTipReqErrMsg, RqField, true): Actual text 'This field is required' and expected text 'This field is required' are matched  using regular expression

2020-05-29 02:59:31 - [MESSAGE][PASSED] - Actual text 'This field is required' and expected text 'This field is required' are matched  using regular expression

2020-05-29 02:59:31 - [MESSAGE][PASSED] - Call Test Case 'Test Cases/PFI Precision and Scale/PFI Components with Indexing/RequiredFieldValidationIndex' successfully

2020-05-29 02:59:31 - [TEST_STEP][PASSED] - callTestCase(findTestCase("PFI Precision and Scale/PFI Components with Indexing/NumericTextboxValidationIndex"), ["nameToBeUsed":"inspToDt", "index":1, "minLen":9], STOP_ON_FAILURE): Call Test Case 'Test Cases/PFI Precision and Scale/PFI Components with Indexing/NumericTextboxValidationIndex' successfully

2020-05-29 02:59:31 - [TEST_CASE][PASSED] - Test Cases/PFI Precision and Scale/PFI Components with Indexing/NumericTextboxValidationIndex: Test Cases/PFI Precision and Scale/PFI Components with Indexing/NumericTextboxValidationIndex

2020-05-29 02:59:31 - [TEST_STEP][PASSED] - Thread.sleep(1000): null

2020-05-29 02:59:32 - [TEST_STEP][PASSED] - Numeric = "0123456789": null

2020-05-29 02:59:32 - [TEST_STEP][PASSED] - AlphaSpecialChar = z) + "`~!@#$%^&*()=_{}|\][;'":,?><"".join(): null

2020-05-29 02:59:32 - [TEST_STEP][PASSED] - RandomNumeric = RandomStringUtils.random(minLen, Numeric.toCharArray()): null

2020-05-29 02:59:32 - [TEST_STEP][PASSED] - RandomString = RandomStringUtils.random(minLen, AlphaSpecialChar): null

2020-05-29 02:59:32 - [TEST_STEP][PASSED] - regexPat = Pattern.compile("^[0-9]+$"): null

2020-05-29 02:59:32 - [TEST_STEP][PASSED] - NewInputNmField = modifyObjectProperty(findTestObject("Object Repository/Objects.HighlightElements/input_field_index"), "xpath", "equals", "(//*[contains(@class,'x-form-text') and (@name='" + nameToBeUsed + "')])[" + index + "]", true): Modify property of object successfully

2020-05-29 02:59:32 - [MESSAGE][PASSED] - Modify property of object successfully

2020-05-29 02:59:32 - [TEST_STEP][PASSED] - focus(NewInputNmField): Object: 'Object Repository/Objects.HighlightElements/input_field_index' is focused

2020-05-29 02:59:32 - [MESSAGE][PASSED] - Object: 'Object Repository/Objects.HighlightElements/input_field_index' is focused

2020-05-29 02:59:32 - [TEST_STEP][PASSED] - setText(NewInputNmField, RandomString): Text 'fx*e%J^Nb' is set on object 'Object Repository/Objects.HighlightElements/input_field_index'

2020-05-29 02:59:32 - [MESSAGE][PASSED] - Text 'fx*e%J^Nb' is set on object 'Object Repository/Objects.HighlightElements/input_field_index'

2020-05-29 02:59:32 - [TEST_STEP][PASSED] - GetInputVal = getAttribute(NewInputNmField, "value"): Attribute 'value' of object 'Object Repository/Objects.HighlightElements/input_field_index' is: ''

2020-05-29 02:59:33 - [MESSAGE][PASSED] - Attribute 'value' of object 'Object Repository/Objects.HighlightElements/input_field_index' is: ''

2020-05-29 02:59:33 - [TEST_STEP][PASSED] - if (GetInputVal.contains("e")): null

2020-05-29 02:59:33 - [TEST_STEP][PASSED] - else: Actual text '' and expected text '' are matched  using regular expression

2020-05-29 02:59:33 - [TEST_STEP][PASSED] - verifyMatch(GetInputVal, "", true): Actual text '' and expected text '' are matched  using regular expression

2020-05-29 02:59:33 - [MESSAGE][PASSED] - Actual text '' and expected text '' are matched  using regular expression

2020-05-29 02:59:33 - [TEST_STEP][PASSED] - setText(NewInputNmField, RandomNumeric): Text '874770437' is set on object 'Object Repository/Objects.HighlightElements/input_field_index'

2020-05-29 02:59:33 - [MESSAGE][PASSED] - Text '874770437' is set on object 'Object Repository/Objects.HighlightElements/input_field_index'

2020-05-29 02:59:33 - [TEST_STEP][PASSED] - GetEnteredIntegers = getAttribute(NewInputNmField, "value"): Attribute 'value' of object 'Object Repository/Objects.HighlightElements/input_field_index' is: '874770437'

2020-05-29 02:59:34 - [MESSAGE][PASSED] - Attribute 'value' of object 'Object Repository/Objects.HighlightElements/input_field_index' is: '874770437'

2020-05-29 02:59:34 - [TEST_STEP][PASSED] - matchStr = regexPat.matcher(GetEnteredIntegers): null

2020-05-29 02:59:34 - [TEST_STEP][PASSED] - if (matchStr.matches() == true): Accepting Numeric

2020-05-29 02:59:34 - [TEST_STEP][PASSED] - comment("Accepting Numeric"): Accepting Numeric

2020-05-29 02:59:34 - [MESSAGE][INFO] - Accepting Numeric

2020-05-29 02:59:34 - [MESSAGE][PASSED] - Call Test Case 'Test Cases/PFI Precision and Scale/PFI Components with Indexing/NumericTextboxValidationIndex' successfully

2020-05-29 02:59:34 - [TEST_STEP][PASSED] - callTestCase(findTestCase("PFI Precision and Scale/PFI Components with Indexing/StartTimeErrorIndex"), ["FldNm":"inspToDt", "index":1], STOP_ON_FAILURE): Call Test Case 'Test Cases/PFI Precision and Scale/PFI Components with Indexing/StartTimeErrorIndex' successfully

2020-05-29 02:59:34 - [TEST_CASE][PASSED] - Test Cases/PFI Precision and Scale/PFI Components with Indexing/StartTimeErrorIndex: Test Cases/PFI Precision and Scale/PFI Components with Indexing/StartTimeErrorIndex

2020-05-29 02:59:34 - [TEST_STEP][PASSED] - Thread.sleep(5000): null

2020-05-29 02:59:39 - [TEST_STEP][PASSED] - if (index == 0): null

2020-05-29 02:59:39 - [TEST_STEP][PASSED] - else: Modify property of object successfully

2020-05-29 02:59:39 - [TEST_STEP][PASSED] - NewInputNmField = modifyObjectProperty(findTestObject("Object Repository/Objects.HighlightElements/input_field_index"), "xpath", "equals", "(//*[@name= '" + FldNm + "'])[" + index + "]", true): Modify property of object successfully

2020-05-29 02:59:39 - [MESSAGE][PASSED] - Modify property of object successfully

2020-05-29 02:59:39 - [TEST_STEP][PASSED] - mouseOver(NewInputNmField): Object: 'Object Repository/Objects.HighlightElements/input_field_index' is hovered

2020-05-29 02:59:39 - [MESSAGE][PASSED] - Object: 'Object Repository/Objects.HighlightElements/input_field_index' is hovered

2020-05-29 02:59:39 - [TEST_STEP][PASSED] - getInputInvalidDate = getAttribute(NewInputNmField, "value"): Attribute 'value' of object 'Object Repository/Objects.HighlightElements/input_field_index' is: '874770437'

2020-05-29 02:59:39 - [MESSAGE][PASSED] - Attribute 'value' of object 'Object Repository/Objects.HighlightElements/input_field_index' is: '874770437'

2020-05-29 02:59:39 - [TEST_STEP][PASSED] - getErrMsg = getAttribute(NewInputNmField, "data-errorqtip"): Attribute 'data-errorqtip' of object 'Object Repository/Objects.HighlightElements/input_field_index' is: '<ul class="x-list-plain"><li>Start time must be less than end time</li><li>874770437 is not a valid date - it must be in the format d/m/Y</li></ul>'

2020-05-29 02:59:39 - [MESSAGE][PASSED] - Attribute 'data-errorqtip' of object 'Object Repository/Objects.HighlightElements/input_field_index' is: '<ul class="x-list-plain"><li>Start time must be less than end time</li><li>874770437 is not a valid date - it must be in the format d/m/Y</li></ul>'

2020-05-29 02:59:39 - [TEST_STEP][PASSED] - RmvCd = getErrMsg.substring(0, 75): null

2020-05-29 02:59:39 - [TEST_STEP][PASSED] - FirstErrMsg = RmvCd.substring(29, 66): null

2020-05-29 02:59:39 - [TEST_STEP][PASSED] - getTotalLength = getErrMsg.length(): null

2020-05-29 02:59:39 - [TEST_STEP][PASSED] - RmvCd = getErrMsg.substring(75, getTotalLength): null

2020-05-29 02:59:39 - [TEST_STEP][PASSED] - lenInv = RmvCd.length() - 10: null

2020-05-29 02:59:39 - [TEST_STEP][PASSED] - InvErrMsg = RmvCd.substring(0, lenInv): null

2020-05-29 02:59:39 - [TEST_STEP][PASSED] - ExpectedInvalidErrMsg2 = concatenate(InvDtErr, " ", getInputInvalidDate, " ", NotValidDt): Concatenated string array: '['Start time must be less than end time',' ','874770437',' ','is not a valid date - it must be in the format d/m/Y']' into 'Start time must be less than end time 874770437 is not a valid date - it must be in the format d/m/Y'

2020-05-29 02:59:39 - [MESSAGE][PASSED] - Concatenated string array: '['Start time must be less than end time',' ','874770437',' ','is not a valid date - it must be in the format d/m/Y']' into 'Start time must be less than end time 874770437 is not a valid date - it must be in the format d/m/Y'

2020-05-29 02:59:39 - [TEST_STEP][PASSED] - ActualInvErrMsg = concatenate(FirstErrMsg, " ", InvErrMsg): Concatenated string array: '['Start time must be less than end time',' ','874770437 is not a valid date - it must be in the format d/m/Y']' into 'Start time must be less than end time 874770437 is not a valid date - it must be in the format d/m/Y'

2020-05-29 02:59:39 - [MESSAGE][PASSED] - Concatenated string array: '['Start time must be less than end time',' ','874770437 is not a valid date - it must be in the format d/m/Y']' into 'Start time must be less than end time 874770437 is not a valid date - it must be in the format d/m/Y'

2020-05-29 02:59:39 - [TEST_STEP][PASSED] - verifyMatch(ActualInvErrMsg, ExpectedInvalidErrMsg2, true): Actual text 'Start time must be less than end time 874770437 is not a valid date - it must be in the format d/m/Y' and expected text 'Start time must be less than end time 874770437 is not a valid date - it must be in the format d/m/Y' are matched  using regular expression

2020-05-29 02:59:39 - [MESSAGE][PASSED] - Actual text 'Start time must be less than end time 874770437 is not a valid date - it must be in the format d/m/Y' and expected text 'Start time must be less than end time 874770437 is not a valid date - it must be in the format d/m/Y' are matched  using regular expression

2020-05-29 02:59:39 - [MESSAGE][PASSED] - Call Test Case 'Test Cases/PFI Precision and Scale/PFI Components with Indexing/StartTimeErrorIndex' successfully

2020-05-29 02:59:39 - [TEST_STEP][PASSED] - callTestCase(findTestCase("PFI Precision and Scale/PFI Components with Indexing/SelectDayInDatePickerWithIndexII"), ["FldNm":"inspToDt", "SelectCurrentDay":"30", "index":16, "idx":1], STOP_ON_FAILURE): Call Test Case 'Test Cases/PFI Precision and Scale/PFI Components with Indexing/SelectDayInDatePickerWithIndexII' successfully

2020-05-29 02:59:39 - [TEST_CASE][PASSED] - Test Cases/PFI Precision and Scale/PFI Components with Indexing/SelectDayInDatePickerWithIndexII: Test Cases/PFI Precision and Scale/PFI Components with Indexing/SelectDayInDatePickerWithIndexII

2020-05-29 02:59:39 - [TEST_STEP][PASSED] - Thread.sleep(1000): null

2020-05-29 02:59:40 - [TEST_STEP][PASSED] - DateInputFld = modifyObjectProperty(findTestObject("Objects.HighlightElements/input_field_index"), "xpath", "equals", "(//*[contains(@class,'x-form-text') and (@name='" + FldNm + "')])[" + idx + "]", true): Modify property of object successfully

2020-05-29 02:59:41 - [MESSAGE][PASSED] - Modify property of object successfully

2020-05-29 02:59:41 - [TEST_STEP][PASSED] - ModifyDay = modifyObjectProperty(findTestObject("Objects.DateValidation/Page_ISPS2/Select_Day_Index"), "xpath", "equals", "(//*[contains(@class, 'x-datepicker-date') and (text() = '" + SelectCurrentDay + "')])[" + index + "]", true): Modify property of object successfully

2020-05-29 02:59:41 - [MESSAGE][PASSED] - Modify property of object successfully

2020-05-29 02:59:41 - [TEST_STEP][PASSED] - sendKeys(DateInputFld, Keys.chord(ARROW_DOWN)): Keys 'DOWN + ' sent to object: 'Object Repository/Objects.HighlightElements/input_field_index'

2020-05-29 02:59:41 - [MESSAGE][PASSED] - Keys 'DOWN + ' sent to object: 'Object Repository/Objects.HighlightElements/input_field_index'

2020-05-29 02:59:41 - [TEST_STEP][PASSED] - com.reusableComponents.HighlightElement.run(ModifyDay): com.reusableComponents.HighlightElement.run is PASSED

2020-05-29 02:59:42 - [MESSAGE][PASSED] - com.reusableComponents.HighlightElement.run is PASSED

2020-05-29 02:59:42 - [TEST_STEP][PASSED] - delay(1): Delayed 1 second(s)

2020-05-29 02:59:43 - [MESSAGE][PASSED] - Delayed 1 second(s)

2020-05-29 02:59:43 - [TEST_STEP][PASSED] - click(ModifyDay): Object: 'Object Repository/Objects.DateValidation/Page_ISPS2/Select_Day_Index' is clicked on

2020-05-29 02:59:43 - [MESSAGE][PASSED] - Object: 'Object Repository/Objects.DateValidation/Page_ISPS2/Select_Day_Index' is clicked on

2020-05-29 02:59:43 - [MESSAGE][PASSED] - Call Test Case 'Test Cases/PFI Precision and Scale/PFI Components with Indexing/SelectDayInDatePickerWithIndexII' successfully

2020-05-29 02:59:43 - [TEST_STEP][PASSED] - callTestCase(findTestCase("PFI Precision and Scale/PFI Components with Indexing/SelectTodayInDatePickerIndex"), ["FldNm":"inspToDt", "index":8, "idx":1], STOP_ON_FAILURE): Call Test Case 'Test Cases/PFI Precision and Scale/PFI Components with Indexing/SelectTodayInDatePickerIndex' successfully

2020-05-29 02:59:43 - [TEST_CASE][PASSED] - Test Cases/PFI Precision and Scale/PFI Components with Indexing/SelectTodayInDatePickerIndex: Test Cases/PFI Precision and Scale/PFI Components with Indexing/SelectTodayInDatePickerIndex

2020-05-29 02:59:43 - [TEST_STEP][PASSED] - Thread.sleep(1000): null

2020-05-29 02:59:44 - [TEST_STEP][PASSED] - DateFieldNm = modifyObjectProperty(findTestObject("Objects.HighlightElements/input_field_index"), "xpath", "equals", "(//*[contains(@class,'x-form-text') and (@name='" + FldNm + "')])[" + idx + "]", true): Modify property of object successfully

2020-05-29 02:59:44 - [MESSAGE][PASSED] - Modify property of object successfully

2020-05-29 02:59:44 - [TEST_STEP][PASSED] - TodayBtn = modifyObjectProperty(findTestObject("Object Repository/Objects.DateValidation/Page_ISPS2/a_Today"), "xpath", "equals", "(//*[text() = 'Today'])[" + index + "]", true): Modify property of object successfully

2020-05-29 02:59:44 - [MESSAGE][PASSED] - Modify property of object successfully

2020-05-29 02:59:44 - [TEST_STEP][PASSED] - sendKeys(DateFieldNm, Keys.chord(ARROW_DOWN)): Keys 'DOWN + ' sent to object: 'Object Repository/Objects.HighlightElements/input_field_index'

2020-05-29 02:59:44 - [MESSAGE][PASSED] - Keys 'DOWN + ' sent to object: 'Object Repository/Objects.HighlightElements/input_field_index'

2020-05-29 02:59:44 - [TEST_STEP][PASSED] - com.reusableComponents.HighlightElement.run(TodayBtn): com.reusableComponents.HighlightElement.run is PASSED

2020-05-29 02:59:45 - [MESSAGE][PASSED] - com.reusableComponents.HighlightElement.run is PASSED

2020-05-29 02:59:45 - [TEST_STEP][PASSED] - click(TodayBtn): Object: 'Object Repository/Objects.DateValidation/Page_ISPS2/a_Today' is clicked on

2020-05-29 02:59:46 - [MESSAGE][PASSED] - Object: 'Object Repository/Objects.DateValidation/Page_ISPS2/a_Today' is clicked on

2020-05-29 02:59:46 - [MESSAGE][PASSED] - Call Test Case 'Test Cases/PFI Precision and Scale/PFI Components with Indexing/SelectTodayInDatePickerIndex' successfully

2020-05-29 02:59:46 - [TEST_STEP][PASSED] - callTestCase(findTestCase("PFI Precision and Scale/PFI Components with Indexing/PastDateAfterErrorIndex"), ["FldNm":"inspToDt", "index":1], STOP_ON_FAILURE): Call Test Case 'Test Cases/PFI Precision and Scale/PFI Components with Indexing/PastDateAfterErrorIndex' successfully

2020-05-29 02:59:46 - [TEST_CASE][PASSED] - Test Cases/PFI Precision and Scale/PFI Components with Indexing/PastDateAfterErrorIndex: Test Cases/PFI Precision and Scale/PFI Components with Indexing/PastDateAfterErrorIndex

2020-05-29 02:59:46 - [TEST_STEP][PASSED] - Thread.sleep(1000): null

2020-05-29 02:59:47 - [TEST_STEP][PASSED] - date = new java.util.Date(): null

2020-05-29 02:59:47 - [TEST_STEP][PASSED] - DateFormat = new java.text.SimpleDateFormat(dd/MM/yyyy): null

2020-05-29 02:59:47 - [TEST_STEP][PASSED] - CurrentDate = DateFormat.format(date): null

2020-05-29 02:59:47 - [TEST_STEP][PASSED] - DateFieldNm = modifyObjectProperty(findTestObject("Objects.HighlightElements/input_field_index"), "xpath", "equals", "(//*[contains(@class,'x-form-text') and (@name='" + FldNm + "')])[" + index + "]", true): Modify property of object successfully

2020-05-29 02:59:47 - [MESSAGE][PASSED] - Modify property of object successfully

2020-05-29 02:59:47 - [TEST_STEP][PASSED] - GetDateValue = getAttribute(DateFieldNm, "value"): Attribute 'value' of object 'Object Repository/Objects.HighlightElements/input_field_index' is: '29/05/2020'

2020-05-29 02:59:47 - [MESSAGE][PASSED] - Attribute 'value' of object 'Object Repository/Objects.HighlightElements/input_field_index' is: '29/05/2020'

2020-05-29 02:59:47 - [TEST_STEP][PASSED] - verifyMatch(GetDateValue, CurrentDate, true): Actual text '29/05/2020' and expected text '29/05/2020' are matched  using regular expression

2020-05-29 02:59:47 - [MESSAGE][PASSED] - Actual text '29/05/2020' and expected text '29/05/2020' are matched  using regular expression

2020-05-29 02:59:47 - [TEST_STEP][PASSED] - PastDate = date - 30: null

2020-05-29 02:59:47 - [TEST_STEP][PASSED] - PastDateFormatted = PastDate.format("dd/MM/yyyy"): null

2020-05-29 02:59:47 - [TEST_STEP][PASSED] - setText(DateFieldNm, PastDateFormatted): Text '29/04/2020' is set on object 'Object Repository/Objects.HighlightElements/input_field_index'

2020-05-29 02:59:48 - [MESSAGE][PASSED] - Text '29/04/2020' is set on object 'Object Repository/Objects.HighlightElements/input_field_index'

2020-05-29 02:59:48 - [TEST_STEP][PASSED] - mouseOver(DateFieldNm, STOP_ON_FAILURE): Object: 'Object Repository/Objects.HighlightElements/input_field_index' is hovered

2020-05-29 02:59:48 - [MESSAGE][PASSED] - Object: 'Object Repository/Objects.HighlightElements/input_field_index' is hovered

2020-05-29 02:59:48 - [TEST_STEP][PASSED] - PastDtErrMsg = getAttribute(DateFieldNm, "data-errorqtip", STOP_ON_FAILURE): Attribute 'data-errorqtip' of object 'Object Repository/Objects.HighlightElements/input_field_index' is: '<ul class="x-list-plain"><li>The date in this field must be after 29/05/2020</li></ul>'

2020-05-29 02:59:49 - [MESSAGE][PASSED] - Attribute 'data-errorqtip' of object 'Object Repository/Objects.HighlightElements/input_field_index' is: '<ul class="x-list-plain"><li>The date in this field must be after 29/05/2020</li></ul>'

2020-05-29 02:59:49 - [TEST_STEP][PASSED] - lenErrMsg = PastDtErrMsg.length(): null

2020-05-29 02:59:49 - [TEST_STEP][PASSED] - RmvCde = PastDtErrMsg.substring(29, lenErrMsg): null

2020-05-29 02:59:49 - [TEST_STEP][PASSED] - ActualErrDtMsg = RmvCde.substring(0, 47): null

2020-05-29 02:59:49 - [TEST_STEP][PASSED] - ExpectedErrDtMsg = concatenate(DtErrMsg, " ", CurrentDate): Concatenated string array: '['The date in this field must be after',' ','29/05/2020']' into 'The date in this field must be after 29/05/2020'

2020-05-29 02:59:49 - [MESSAGE][PASSED] - Concatenated string array: '['The date in this field must be after',' ','29/05/2020']' into 'The date in this field must be after 29/05/2020'

2020-05-29 02:59:49 - [TEST_STEP][PASSED] - verifyMatch(ActualErrDtMsg, ExpectedErrDtMsg, true): Actual text 'The date in this field must be after 29/05/2020' and expected text 'The date in this field must be after 29/05/2020' are matched  using regular expression

2020-05-29 02:59:49 - [MESSAGE][PASSED] - Actual text 'The date in this field must be after 29/05/2020' and expected text 'The date in this field must be after 29/05/2020' are matched  using regular expression

2020-05-29 02:59:49 - [TEST_STEP][PASSED] - FromDate = getAttribute(DateFieldNm, "value"): Attribute 'value' of object 'Object Repository/Objects.HighlightElements/input_field_index' is: '29/04/2020'

2020-05-29 02:59:49 - [MESSAGE][PASSED] - Attribute 'value' of object 'Object Repository/Objects.HighlightElements/input_field_index' is: '29/04/2020'

2020-05-29 02:59:49 - [MESSAGE][PASSED] - Call Test Case 'Test Cases/PFI Precision and Scale/PFI Components with Indexing/PastDateAfterErrorIndex' successfully

2020-05-29 02:59:49 - [TEST_STEP][PASSED] - callTestCase(findTestCase("PFI Precision and Scale/PFI Components with Indexing/PastDateBeforeErrorIndex"), ["FldNm":"inspDt", "index":1], STOP_ON_FAILURE): Call Test Case 'Test Cases/PFI Precision and Scale/PFI Components with Indexing/PastDateBeforeErrorIndex' successfully

2020-05-29 02:59:49 - [TEST_CASE][PASSED] - Test Cases/PFI Precision and Scale/PFI Components with Indexing/PastDateBeforeErrorIndex: Test Cases/PFI Precision and Scale/PFI Components with Indexing/PastDateBeforeErrorIndex

2020-05-29 02:59:50 - [TEST_STEP][PASSED] - Thread.sleep(1000): null

2020-05-29 02:59:51 - [TEST_STEP][PASSED] - DateFieldNm = modifyObjectProperty(findTestObject("Objects.HighlightElements/input_field_index"), "xpath", "equals", "(//*[contains(@class,'x-form-text') and (@name='" + FldNm + "')])[" + index + "]", true): Modify property of object successfully

2020-05-29 02:59:51 - [MESSAGE][PASSED] - Modify property of object successfully

2020-05-29 02:59:51 - [TEST_STEP][PASSED] - mouseOver(DateFieldNm): Object: 'Object Repository/Objects.HighlightElements/input_field_index' is hovered

2020-05-29 02:59:51 - [MESSAGE][PASSED] - Object: 'Object Repository/Objects.HighlightElements/input_field_index' is hovered

2020-05-29 02:59:51 - [TEST_STEP][PASSED] - PastDtErrMsg = getAttribute(DateFieldNm, "data-errorqtip", STOP_ON_FAILURE): Attribute 'data-errorqtip' of object 'Object Repository/Objects.HighlightElements/input_field_index' is: '<ul class="x-list-plain"><li>The date in this field must be before 29/04/2020</li></ul>'

2020-05-29 02:59:51 - [MESSAGE][PASSED] - Attribute 'data-errorqtip' of object 'Object Repository/Objects.HighlightElements/input_field_index' is: '<ul class="x-list-plain"><li>The date in this field must be before 29/04/2020</li></ul>'

2020-05-29 02:59:51 - [TEST_STEP][PASSED] - lenErrMsg = PastDtErrMsg.length(): null

2020-05-29 02:59:51 - [TEST_STEP][PASSED] - RmvCde = PastDtErrMsg.substring(29, lenErrMsg): null

2020-05-29 02:59:51 - [TEST_STEP][PASSED] - ActualErrDtMsg = RmvCde.substring(0, 48): null

2020-05-29 02:59:51 - [TEST_STEP][PASSED] - ExpectedErrDtMsg = concatenate(findTestData("PrecisionAndScaleDB").getValue("ErrorMessage", 7), " ", FromDate): Concatenated string array: '['The date in this field must be before',' ','29/04/2020']' into 'The date in this field must be before 29/04/2020'

2020-05-29 02:59:51 - [MESSAGE][PASSED] - Concatenated string array: '['The date in this field must be before',' ','29/04/2020']' into 'The date in this field must be before 29/04/2020'

2020-05-29 02:59:51 - [TEST_STEP][PASSED] - verifyMatch(ActualErrDtMsg, ExpectedErrDtMsg, true): Actual text 'The date in this field must be before 29/04/2020' and expected text 'The date in this field must be before 29/04/2020' are matched  using regular expression

2020-05-29 02:59:51 - [MESSAGE][PASSED] - Actual text 'The date in this field must be before 29/04/2020' and expected text 'The date in this field must be before 29/04/2020' are matched  using regular expression

2020-05-29 02:59:51 - [MESSAGE][PASSED] - Call Test Case 'Test Cases/PFI Precision and Scale/PFI Components with Indexing/PastDateBeforeErrorIndex' successfully

2020-05-29 02:59:51 - [TEST_STEP][PASSED] - callTestCase(findTestCase("Components/ClickBlueButtonsWithXPI"), ["Button":"Add", "Index":3], STOP_ON_FAILURE): Call Test Case 'Test Cases/Components/ClickBlueButtonsWithXPI' successfully

2020-05-29 02:59:51 - [TEST_CASE][PASSED] - Test Cases/Components/ClickBlueButtonsWithXPI: Test Cases/Components/ClickBlueButtonsWithXPI

2020-05-29 02:59:52 - [TEST_STEP][PASSED] - Thread.sleep(1000): null

2020-05-29 02:59:53 - [TEST_STEP][PASSED] - complexlyModifiedButtonGG = modifyObjectProperty(findTestObject("Objects.ClickBlueButtonsWithXPI/span_Reset"), "xPath", "equals", "(//*[text()="" + Button + ""])[" + Index + "]", true): Modify property of object successfully

2020-05-29 03:01:03 - [MESSAGE][PASSED] - Modify property of object successfully

2020-05-29 03:01:03 - [TEST_STEP][PASSED] - click(complexlyModifiedButtonGG): Object: 'Object Repository/Objects.ClickBlueButtonsWithXPI/span_Reset' is clicked on

2020-05-29 03:01:04 - [MESSAGE][PASSED] - Object: 'Object Repository/Objects.ClickBlueButtonsWithXPI/span_Reset' is clicked on

2020-05-29 03:01:04 - [MESSAGE][PASSED] - Call Test Case 'Test Cases/Components/ClickBlueButtonsWithXPI' successfully

2020-05-29 03:01:04 - [TEST_STEP][PASSED] - callTestCase(findTestCase("Components/HighlightLabelField"), ["LblName":"Address:"], STOP_ON_FAILURE): Call Test Case 'Test Cases/Components/HighlightLabelField' successfully

2020-05-29 03:01:12 - [TEST_CASE][PASSED] - Test Cases/Components/HighlightLabelField: Test Cases/Components/HighlightLabelField

2020-05-29 03:01:18 - [TEST_STEP][PASSED] - Thread.sleep(1000): null

2020-05-29 03:01:19 - [TEST_STEP][PASSED] - modifiedLblNm = modifyObjectProperty(findTestObject("Objects.HighlightElements/lblField"), "text", "equals", LblName, true): Modify property of object successfully

2020-05-29 03:02:26 - [MESSAGE][PASSED] - Modify property of object successfully

2020-05-29 03:02:26 - [TEST_STEP][PASSED] - com.reusableComponents.HighlightElement.run(modifiedLblNm): com.reusableComponents.HighlightElement.run is PASSED

2020-05-29 03:02:27 - [MESSAGE][PASSED] - com.reusableComponents.HighlightElement.run is PASSED

2020-05-29 03:02:27 - [MESSAGE][PASSED] - Call Test Case 'Test Cases/Components/HighlightLabelField' successfully

2020-05-29 03:02:27 - [TEST_STEP][PASSED] - callTestCase(findTestCase("Components/HighlightInputFieldXPI"), ["FldNm":"hseBlkNo", "index":1], STOP_ON_FAILURE): Call Test Case 'Test Cases/Components/HighlightInputFieldXPI' successfully

2020-05-29 03:02:33 - [TEST_CASE][PASSED] - Test Cases/Components/HighlightInputFieldXPI: Test Cases/Components/HighlightInputFieldXPI

2020-05-29 03:02:54 - [TEST_STEP][PASSED] - Thread.sleep(1000): null

2020-05-29 03:02:55 - [TEST_STEP][PASSED] - modifiedInputNm = modifyObjectProperty(findTestObject("Object Repository/Objects.HighlightElements/input_field_index"), "xpath", "equals", "(//*[contains(@name, '" + FldNm + "')])[" + index + "]", true): Modify property of object successfully

2020-05-29 03:02:56 - [MESSAGE][PASSED] - Modify property of object successfully

2020-05-29 03:02:56 - [TEST_STEP][PASSED] - com.reusableComponents.HighlightElement.run(modifiedInputNm): com.reusableComponents.HighlightElement.run is PASSED

2020-05-29 03:02:57 - [MESSAGE][PASSED] - com.reusableComponents.HighlightElement.run is PASSED

2020-05-29 03:02:57 - [MESSAGE][PASSED] - Call Test Case 'Test Cases/Components/HighlightInputFieldXPI' successfully

2020-05-29 03:02:57 - [TEST_STEP][PASSED] - callTestCase(findTestCase("PFI Precision and Scale/PFI Components with Indexing/AlphaNumericValidationIndex"), ["FldNm":"hseBlkNo", "LenChar":4, "index":1], STOP_ON_FAILURE): Call Test Case 'Test Cases/PFI Precision and Scale/PFI Components with Indexing/AlphaNumericValidationIndex' successfully

2020-05-29 03:02:59 - [TEST_CASE][PASSED] - Test Cases/PFI Precision and Scale/PFI Components with Indexing/AlphaNumericValidationIndex: Test Cases/PFI Precision and Scale/PFI Components with Indexing/AlphaNumericValidationIndex

2020-05-29 03:02:59 - [TEST_STEP][PASSED] - Thread.sleep(1000): null

2020-05-29 03:03:00 - [TEST_STEP][PASSED] - AlphaNumeric = 9).join(): null

2020-05-29 03:03:00 - [TEST_STEP][PASSED] - SpecialChar = "`~!@#$%^&*()-=+_{}|\][;'":,./?><"": null

2020-05-29 03:03:00 - [TEST_STEP][PASSED] - RandomString = RandomStringUtils.random(LenChar, AlphaNumeric.toCharArray()): null

2020-05-29 03:03:00 - [TEST_STEP][PASSED] - RdmSpChar = RandomStringUtils.random(LenChar, SpecialChar): null

2020-05-29 03:03:00 - [TEST_STEP][PASSED] - regexPat = Pattern.compile("^[A-Za-z0-9 ]+$"): null

2020-05-29 03:03:00 - [TEST_STEP][PASSED] - NewInputNmField = modifyObjectProperty(findTestObject("Object Repository/Objects.HighlightElements/input_field_index"), "xpath", "equals", "(//*[contains(@class,'x-form-text') and (@name='" + FldNm + "')])[" + index + "]", true): Modify property of object successfully

2020-05-29 03:03:00 - [MESSAGE][PASSED] - Modify property of object successfully

2020-05-29 03:03:00 - [TEST_STEP][PASSED] - setText(NewInputNmField, RandomString): Text 'RB8A' is set on object 'Object Repository/Objects.HighlightElements/input_field_index'

2020-05-29 03:03:00 - [MESSAGE][PASSED] - Text 'RB8A' is set on object 'Object Repository/Objects.HighlightElements/input_field_index'

2020-05-29 03:03:00 - [TEST_STEP][PASSED] - RemarksAN = getAttribute(NewInputNmField, "value"): Attribute 'value' of object 'Object Repository/Objects.HighlightElements/input_field_index' is: 'RB8A'

2020-05-29 03:03:01 - [MESSAGE][PASSED] - Attribute 'value' of object 'Object Repository/Objects.HighlightElements/input_field_index' is: 'RB8A'

2020-05-29 03:03:01 - [TEST_STEP][PASSED] - matchStr = regexPat.matcher(RemarksAN): null

2020-05-29 03:03:01 - [TEST_STEP][PASSED] - if (matchStr.matches() == true): Accepting Alphanumeric

2020-05-29 03:03:01 - [TEST_STEP][PASSED] - comment("Accepting Alphanumeric"): Accepting Alphanumeric

2020-05-29 03:03:01 - [MESSAGE][INFO] - Accepting Alphanumeric

2020-05-29 03:03:01 - [TEST_STEP][PASSED] - setText(NewInputNmField, RdmSpChar): Text '+*~_' is set on object 'Object Repository/Objects.HighlightElements/input_field_index'

2020-05-29 03:03:01 - [MESSAGE][PASSED] - Text '+*~_' is set on object 'Object Repository/Objects.HighlightElements/input_field_index'

2020-05-29 03:03:01 - [TEST_STEP][PASSED] - RemarksSpChar = getAttribute(NewInputNmField, "value"): Attribute 'value' of object 'Object Repository/Objects.HighlightElements/input_field_index' is: ''

2020-05-29 03:03:01 - [MESSAGE][PASSED] - Attribute 'value' of object 'Object Repository/Objects.HighlightElements/input_field_index' is: ''

2020-05-29 03:03:01 - [TEST_STEP][PASSED] - matchSp = regexPat.matcher(RemarksSpChar): null

2020-05-29 03:03:01 - [TEST_STEP][PASSED] - if (matchSp.matches() == false): Actual text '' and expected text '' are matched  using regular expression

2020-05-29 03:03:01 - [TEST_STEP][PASSED] - verifyMatch(RemarksSpChar, "", true): Actual text '' and expected text '' are matched  using regular expression

2020-05-29 03:03:01 - [MESSAGE][PASSED] - Actual text '' and expected text '' are matched  using regular expression

2020-05-29 03:03:01 - [MESSAGE][PASSED] - Call Test Case 'Test Cases/PFI Precision and Scale/PFI Components with Indexing/AlphaNumericValidationIndex' successfully

2020-05-29 03:03:01 - [TEST_STEP][PASSED] - callTestCase(findTestCase("PFI Precision and Scale/PFI Components with Indexing/MaxAlphaNumericLenIndexValidation"), ["FieldNm":"hseBlkNo", "index":1, "MaxCharLen":12], STOP_ON_FAILURE): Call Test Case 'Test Cases/PFI Precision and Scale/PFI Components with Indexing/MaxAlphaNumericLenIndexValidation' successfully

2020-05-29 03:03:01 - [TEST_CASE][PASSED] - Test Cases/PFI Precision and Scale/PFI Components with Indexing/MaxAlphaNumericLenIndexValidation: Test Cases/PFI Precision and Scale/PFI Components with Indexing/MaxAlphaNumericLenIndexValidation

2020-05-29 03:03:02 - [TEST_STEP][PASSED] - Thread.sleep(1000): null

2020-05-29 03:03:03 - [TEST_STEP][PASSED] - CharLengthTBL = ["hseBlkNo":10]: null

2020-05-29 03:03:03 - [TEST_STEP][PASSED] - charset = 9).join(): null

2020-05-29 03:03:03 - [TEST_STEP][PASSED] - RandomStringVal = RandomStringUtils.random(MaxCharLen, charset.toCharArray()): null

2020-05-29 03:03:03 - [TEST_STEP][PASSED] - NewInputNmField = modifyObjectProperty(findTestObject("Object Repository/Objects.HighlightElements/input_field_index"), "xpath", "equals", "(//*[contains(@class,'x-form-text') and (@name='" + FieldNm + "')])[" + index + "]", true): Modify property of object successfully

2020-05-29 03:03:03 - [MESSAGE][PASSED] - Modify property of object successfully

2020-05-29 03:03:03 - [TEST_STEP][PASSED] - setText(NewInputNmField, RandomStringVal): Text 'NZ9HDqD27zIJ' is set on object 'Object Repository/Objects.HighlightElements/input_field_index'

2020-05-29 03:03:03 - [MESSAGE][PASSED] - Text 'NZ9HDqD27zIJ' is set on object 'Object Repository/Objects.HighlightElements/input_field_index'

2020-05-29 03:03:03 - [TEST_STEP][PASSED] - GetInputValue = getAttribute(NewInputNmField, "value", STOP_ON_FAILURE): Attribute 'value' of object 'Object Repository/Objects.HighlightElements/input_field_index' is: 'NZ9HDqD27z'

2020-05-29 03:03:03 - [MESSAGE][PASSED] - Attribute 'value' of object 'Object Repository/Objects.HighlightElements/input_field_index' is: 'NZ9HDqD27z'

2020-05-29 03:03:03 - [TEST_STEP][PASSED] - GetLenChar = GetInputValue.length(): null

2020-05-29 03:03:03 - [TEST_STEP][PASSED] - MaxLength = CharLengthTBL.get(FieldNm): null

2020-05-29 03:03:03 - [TEST_STEP][PASSED] - if (MaxLength != null): Actual object '10' and expected object '10' are equal

2020-05-29 03:03:03 - [TEST_STEP][PASSED] - verifyEqual(GetLenChar, MaxLength): Actual object '10' and expected object '10' are equal

2020-05-29 03:03:03 - [MESSAGE][PASSED] - Actual object '10' and expected object '10' are equal

2020-05-29 03:03:03 - [MESSAGE][PASSED] - Call Test Case 'Test Cases/PFI Precision and Scale/PFI Components with Indexing/MaxAlphaNumericLenIndexValidation' successfully

2020-05-29 03:03:03 - [TEST_STEP][PASSED] - callTestCase(findTestCase("PFI Precision and Scale/PFI Components with Indexing/VerifyDropdownValuesIndex"), ["FldNm":"roadId", "index":1, "CallTCName":"PFI Precision and Scale/PFI Components/RoadLists", "cmbNm":"", "NoOfVal":1, "DelayTime":2, ... ], STOP_ON_FAILURE): Call Test Case 'Test Cases/PFI Precision and Scale/PFI Components with Indexing/VerifyDropdownValuesIndex' successfully

2020-05-29 03:03:03 - [TEST_CASE][PASSED] - Test Cases/PFI Precision and Scale/PFI Components with Indexing/VerifyDropdownValuesIndex: Test Cases/PFI Precision and Scale/PFI Components with Indexing/VerifyDropdownValuesIndex

2020-05-29 03:03:03 - [TEST_STEP][PASSED] - Thread.sleep(1000): null

2020-05-29 03:03:04 - [TEST_STEP][PASSED] - NewInputNmField = modifyObjectProperty(findTestObject("Object Repository/Objects.HighlightElements/input_field_index"), "xpath", "equals", "(//*[contains(@class,'x-form-text') and (@name='" + FldNm + "')])[" + index + "]", true): Modify property of object successfully

2020-05-29 03:03:05 - [MESSAGE][PASSED] - Modify property of object successfully

2020-05-29 03:03:05 - [TEST_STEP][PASSED] - comboNm = cmbNm: null

2020-05-29 03:03:05 - [TEST_STEP][PASSED] - focus(NewInputNmField): Object: 'Object Repository/Objects.HighlightElements/input_field_index' is focused

2020-05-29 03:03:05 - [MESSAGE][PASSED] - Object: 'Object Repository/Objects.HighlightElements/input_field_index' is focused

2020-05-29 03:03:05 - [TEST_STEP][PASSED] - setText(NewInputNmField, EnterValue): Text 'asdsafd' is set on object 'Object Repository/Objects.HighlightElements/input_field_index'

2020-05-29 03:03:05 - [MESSAGE][PASSED] - Text 'asdsafd' is set on object 'Object Repository/Objects.HighlightElements/input_field_index'

2020-05-29 03:03:05 - [TEST_STEP][PASSED] - for ([i = 1, i <= NoOfVal, (i++)]): Keys 'DOWN + ' sent to object: 'Object Repository/Objects.HighlightElements/input_field_index'

2020-05-29 03:03:05 - [TEST_STEP][PASSED] - sendKeys(NewInputNmField, Keys.chord(ARROW_DOWN)): Keys 'DOWN + ' sent to object: 'Object Repository/Objects.HighlightElements/input_field_index'

2020-05-29 03:03:05 - [MESSAGE][PASSED] - Keys 'DOWN + ' sent to object: 'Object Repository/Objects.HighlightElements/input_field_index'

2020-05-29 03:03:05 - [TEST_STEP][PASSED] - delay(DelayTime): Delayed 2 second(s)

2020-05-29 03:03:07 - [MESSAGE][PASSED] - Delayed 2 second(s)

2020-05-29 03:03:07 - [TEST_STEP][PASSED] - sendKeys(NewInputNmField, Keys.chord(ENTER)): Keys 'ENTER + ' sent to object: 'Object Repository/Objects.HighlightElements/input_field_index'

2020-05-29 03:03:08 - [MESSAGE][PASSED] - Keys 'ENTER + ' sent to object: 'Object Repository/Objects.HighlightElements/input_field_index'

2020-05-29 03:03:08 - [TEST_STEP][PASSED] - ComboBoxValue = getAttribute(NewInputNmField, "value"): Attribute 'value' of object 'Object Repository/Objects.HighlightElements/input_field_index' is: 'asdsafd'

2020-05-29 03:03:08 - [MESSAGE][PASSED] - Attribute 'value' of object 'Object Repository/Objects.HighlightElements/input_field_index' is: 'asdsafd'

2020-05-29 03:03:08 - [TEST_STEP][PASSED] - callTestCase(findTestCase(CallTCName), ["FindValue":ComboBoxValue, "DropdownNm":comboNm], STOP_ON_FAILURE): Call Test Case 'Test Cases/PFI Precision and Scale/PFI Components/RoadLists' successfully

2020-05-29 03:03:08 - [TEST_CASE][PASSED] - Test Cases/PFI Precision and Scale/PFI Components/RoadLists: Test Cases/PFI Precision and Scale/PFI Components/RoadLists

2020-05-29 03:03:08 - [TEST_STEP][PASSED] - Thread.sleep(1000): null

2020-05-29 03:03:09 - [TEST_STEP][PASSED] - RoadTBL = [6981:"12121212121212 (121212)", 6980:"2322434234 (32323)", 6978:"234234234234 (232424)", 2595:"ABBOTSINGH ROAD (ABB00H)", ... ]: null

2020-05-29 03:03:09 - [TEST_STEP][PASSED] - ValueFound = RoadTBL.find({ -> ... }): null

2020-05-29 03:03:09 - [TEST_STEP][PASSED] - if (ValueFound == null): null

2020-05-29 03:03:09 - [TEST_STEP][PASSED] - ValueFound = "Not in the Road List": null

2020-05-29 03:03:09 - [MESSAGE][PASSED] - Call Test Case 'Test Cases/PFI Precision and Scale/PFI Components/RoadLists' successfully

2020-05-29 03:03:09 - [TEST_STEP][PASSED] - println(ValueFound): null

2020-05-29 03:03:09 - [TEST_STEP][PASSED] - sendKeys(NewInputNmField, Keys.chord(ARROW_DOWN)): Keys 'DOWN + ' sent to object: 'Object Repository/Objects.HighlightElements/input_field_index'

2020-05-29 03:03:09 - [MESSAGE][PASSED] - Keys 'DOWN + ' sent to object: 'Object Repository/Objects.HighlightElements/input_field_index'

2020-05-29 03:03:09 - [TEST_STEP][PASSED] - sendKeys(NewInputNmField, Keys.chord(ENTER)): Keys 'ENTER + ' sent to object: 'Object Repository/Objects.HighlightElements/input_field_index'

2020-05-29 03:03:10 - [MESSAGE][PASSED] - Keys 'ENTER + ' sent to object: 'Object Repository/Objects.HighlightElements/input_field_index'

2020-05-29 03:03:10 - [MESSAGE][PASSED] - Call Test Case 'Test Cases/PFI Precision and Scale/PFI Components with Indexing/VerifyDropdownValuesIndex' successfully

2020-05-29 03:03:10 - [TEST_STEP][PASSED] - callTestCase(findTestCase("Components/HighlightInputFieldXPI"), ["FldNm":"roadId", "index":1], STOP_ON_FAILURE): Call Test Case 'Test Cases/Components/HighlightInputFieldXPI' successfully

2020-05-29 03:03:10 - [TEST_CASE][PASSED] - Test Cases/Components/HighlightInputFieldXPI: Test Cases/Components/HighlightInputFieldXPI

2020-05-29 03:03:10 - [TEST_STEP][PASSED] - Thread.sleep(1000): null

2020-05-29 03:03:11 - [TEST_STEP][PASSED] - modifiedInputNm = modifyObjectProperty(findTestObject("Object Repository/Objects.HighlightElements/input_field_index"), "xpath", "equals", "(//*[contains(@name, '" + FldNm + "')])[" + index + "]", true): Modify property of object successfully

2020-05-29 03:03:11 - [MESSAGE][PASSED] - Modify property of object successfully

2020-05-29 03:03:11 - [TEST_STEP][PASSED] - com.reusableComponents.HighlightElement.run(modifiedInputNm): com.reusableComponents.HighlightElement.run is PASSED

2020-05-29 03:03:12 - [MESSAGE][PASSED] - com.reusableComponents.HighlightElement.run is PASSED

2020-05-29 03:03:12 - [MESSAGE][PASSED] - Call Test Case 'Test Cases/Components/HighlightInputFieldXPI' successfully

2020-05-29 03:03:12 - [TEST_STEP][PASSED] - callTestCase(findTestCase("Components/SelectAllThenDeleteIndex"), ["nameToBeUsed":"roadId", "index":"1"], STOP_ON_FAILURE): Call Test Case 'Test Cases/Components/SelectAllThenDeleteIndex' successfully

2020-05-29 03:03:12 - [TEST_CASE][PASSED] - Test Cases/Components/SelectAllThenDeleteIndex: Test Cases/Components/SelectAllThenDeleteIndex

2020-05-29 03:03:12 - [TEST_STEP][PASSED] - Thread.sleep(1000): null

2020-05-29 03:03:13 - [TEST_STEP][PASSED] - modifiedObj = modifyObjectProperty(findTestObject("Object Repository/Objects.HighlightElements/input_field_index"), "xpath", "equals", "(//*[contains(@class,'x-form-text') and (@name='" + nameToBeUsed + "')])[" + index + "]", true): Modify property of object successfully

2020-05-29 03:03:13 - [MESSAGE][PASSED] - Modify property of object successfully

2020-05-29 03:03:13 - [TEST_STEP][PASSED] - focus(modifiedObj): Object: 'Object Repository/Objects.HighlightElements/input_field_index' is focused

2020-05-29 03:03:13 - [MESSAGE][PASSED] - Object: 'Object Repository/Objects.HighlightElements/input_field_index' is focused

2020-05-29 03:03:13 - [TEST_STEP][PASSED] - sendKeys(modifiedObj, Keys.chord(CONTROL, "a")): Keys 'CONTROL + a' sent to object: 'Object Repository/Objects.HighlightElements/input_field_index'

2020-05-29 03:03:13 - [MESSAGE][PASSED] - Keys 'CONTROL + a' sent to object: 'Object Repository/Objects.HighlightElements/input_field_index'

2020-05-29 03:03:13 - [TEST_STEP][PASSED] - sendKeys(modifiedObj, Keys.chord(DELETE)): Keys 'DELETE + ' sent to object: 'Object Repository/Objects.HighlightElements/input_field_index'

2020-05-29 03:03:14 - [MESSAGE][PASSED] - Keys 'DELETE + ' sent to object: 'Object Repository/Objects.HighlightElements/input_field_index'

2020-05-29 03:03:14 - [MESSAGE][PASSED] - Call Test Case 'Test Cases/Components/SelectAllThenDeleteIndex' successfully

2020-05-29 03:03:14 - [TEST_STEP][PASSED] - callTestCase(findTestCase("PFI Precision and Scale/PFI Components with Indexing/VerifyDropdownValuesIndex"), ["FldNm":"roadId", "index":1, "CallTCName":"PFI Precision and Scale/PFI Components/RoadLists", "cmbNm":"", "NoOfVal":1, "DelayTime":0, ... ], STOP_ON_FAILURE): Call Test Case 'Test Cases/PFI Precision and Scale/PFI Components with Indexing/VerifyDropdownValuesIndex' successfully

2020-05-29 03:03:14 - [TEST_CASE][PASSED] - Test Cases/PFI Precision and Scale/PFI Components with Indexing/VerifyDropdownValuesIndex: Test Cases/PFI Precision and Scale/PFI Components with Indexing/VerifyDropdownValuesIndex

2020-05-29 03:03:14 - [TEST_STEP][PASSED] - Thread.sleep(1000): null

2020-05-29 03:03:15 - [TEST_STEP][PASSED] - NewInputNmField = modifyObjectProperty(findTestObject("Object Repository/Objects.HighlightElements/input_field_index"), "xpath", "equals", "(//*[contains(@class,'x-form-text') and (@name='" + FldNm + "')])[" + index + "]", true): Modify property of object successfully

2020-05-29 03:03:15 - [MESSAGE][PASSED] - Modify property of object successfully

2020-05-29 03:03:15 - [TEST_STEP][PASSED] - comboNm = cmbNm: null

2020-05-29 03:03:15 - [TEST_STEP][PASSED] - focus(NewInputNmField): Object: 'Object Repository/Objects.HighlightElements/input_field_index' is focused

2020-05-29 03:03:15 - [MESSAGE][PASSED] - Object: 'Object Repository/Objects.HighlightElements/input_field_index' is focused

2020-05-29 03:03:15 - [TEST_STEP][PASSED] - setText(NewInputNmField, EnterValue): Text 'ALS02Q' is set on object 'Object Repository/Objects.HighlightElements/input_field_index'

2020-05-29 03:03:15 - [MESSAGE][PASSED] - Text 'ALS02Q' is set on object 'Object Repository/Objects.HighlightElements/input_field_index'

2020-05-29 03:03:15 - [TEST_STEP][PASSED] - for ([i = 1, i <= NoOfVal, (i++)]): Keys 'DOWN + ' sent to object: 'Object Repository/Objects.HighlightElements/input_field_index'

2020-05-29 03:03:15 - [TEST_STEP][PASSED] - sendKeys(NewInputNmField, Keys.chord(ARROW_DOWN)): Keys 'DOWN + ' sent to object: 'Object Repository/Objects.HighlightElements/input_field_index'

2020-05-29 03:03:16 - [MESSAGE][PASSED] - Keys 'DOWN + ' sent to object: 'Object Repository/Objects.HighlightElements/input_field_index'

2020-05-29 03:03:16 - [TEST_STEP][PASSED] - delay(DelayTime): Delayed 0 second(s)

2020-05-29 03:03:16 - [MESSAGE][PASSED] - Delayed 0 second(s)

2020-05-29 03:03:16 - [TEST_STEP][PASSED] - sendKeys(NewInputNmField, Keys.chord(ENTER)): Keys 'ENTER + ' sent to object: 'Object Repository/Objects.HighlightElements/input_field_index'

2020-05-29 03:03:17 - [MESSAGE][PASSED] - Keys 'ENTER + ' sent to object: 'Object Repository/Objects.HighlightElements/input_field_index'

2020-05-29 03:03:17 - [TEST_STEP][PASSED] - ComboBoxValue = getAttribute(NewInputNmField, "value"): Attribute 'value' of object 'Object Repository/Objects.HighlightElements/input_field_index' is: 'ALIWAL STREET (ALS02Q)'

2020-05-29 03:03:17 - [MESSAGE][PASSED] - Attribute 'value' of object 'Object Repository/Objects.HighlightElements/input_field_index' is: 'ALIWAL STREET (ALS02Q)'

2020-05-29 03:03:17 - [TEST_STEP][PASSED] - callTestCase(findTestCase(CallTCName), ["FindValue":ComboBoxValue, "DropdownNm":comboNm], STOP_ON_FAILURE): Call Test Case 'Test Cases/PFI Precision and Scale/PFI Components/RoadLists' successfully

2020-05-29 03:03:17 - [TEST_CASE][PASSED] - Test Cases/PFI Precision and Scale/PFI Components/RoadLists: Test Cases/PFI Precision and Scale/PFI Components/RoadLists

2020-05-29 03:03:17 - [TEST_STEP][PASSED] - Thread.sleep(1000): null

2020-05-29 03:03:18 - [TEST_STEP][PASSED] - RoadTBL = [6981:"12121212121212 (121212)", 6980:"2322434234 (32323)", 6978:"234234234234 (232424)", 2595:"ABBOTSINGH ROAD (ABB00H)", ... ]: null

2020-05-29 03:03:18 - [TEST_STEP][PASSED] - ValueFound = RoadTBL.find({ -> ... }): null

2020-05-29 03:03:18 - [TEST_STEP][PASSED] - if (ValueFound == null): null

2020-05-29 03:03:18 - [MESSAGE][PASSED] - Call Test Case 'Test Cases/PFI Precision and Scale/PFI Components/RoadLists' successfully

2020-05-29 03:03:18 - [TEST_STEP][PASSED] - println(ValueFound): null

2020-05-29 03:03:18 - [TEST_STEP][PASSED] - sendKeys(NewInputNmField, Keys.chord(ARROW_DOWN)): Keys 'DOWN + ' sent to object: 'Object Repository/Objects.HighlightElements/input_field_index'

2020-05-29 03:03:18 - [MESSAGE][PASSED] - Keys 'DOWN + ' sent to object: 'Object Repository/Objects.HighlightElements/input_field_index'

2020-05-29 03:03:18 - [TEST_STEP][PASSED] - sendKeys(NewInputNmField, Keys.chord(ENTER)): Keys 'ENTER + ' sent to object: 'Object Repository/Objects.HighlightElements/input_field_index'

2020-05-29 03:03:19 - [MESSAGE][PASSED] - Keys 'ENTER + ' sent to object: 'Object Repository/Objects.HighlightElements/input_field_index'

2020-05-29 03:03:19 - [MESSAGE][PASSED] - Call Test Case 'Test Cases/PFI Precision and Scale/PFI Components with Indexing/VerifyDropdownValuesIndex' successfully

2020-05-29 03:03:19 - [TEST_STEP][PASSED] - callTestCase(findTestCase("Components/SelectAllThenDeleteIndex"), ["nameToBeUsed":"roadId", "index":"1"], STOP_ON_FAILURE): Call Test Case 'Test Cases/Components/SelectAllThenDeleteIndex' successfully

2020-05-29 03:03:19 - [TEST_CASE][PASSED] - Test Cases/Components/SelectAllThenDeleteIndex: Test Cases/Components/SelectAllThenDeleteIndex

2020-05-29 03:03:19 - [TEST_STEP][PASSED] - Thread.sleep(1000): null

2020-05-29 03:03:20 - [TEST_STEP][PASSED] - modifiedObj = modifyObjectProperty(findTestObject("Object Repository/Objects.HighlightElements/input_field_index"), "xpath", "equals", "(//*[contains(@class,'x-form-text') and (@name='" + nameToBeUsed + "')])[" + index + "]", true): Modify property of object successfully

2020-05-29 03:03:20 - [MESSAGE][PASSED] - Modify property of object successfully

2020-05-29 03:03:20 - [TEST_STEP][PASSED] - focus(modifiedObj): Object: 'Object Repository/Objects.HighlightElements/input_field_index' is focused

2020-05-29 03:03:20 - [MESSAGE][PASSED] - Object: 'Object Repository/Objects.HighlightElements/input_field_index' is focused

2020-05-29 03:03:20 - [TEST_STEP][PASSED] - sendKeys(modifiedObj, Keys.chord(CONTROL, "a")): Keys 'CONTROL + a' sent to object: 'Object Repository/Objects.HighlightElements/input_field_index'

2020-05-29 03:03:21 - [MESSAGE][PASSED] - Keys 'CONTROL + a' sent to object: 'Object Repository/Objects.HighlightElements/input_field_index'

2020-05-29 03:03:21 - [TEST_STEP][PASSED] - sendKeys(modifiedObj, Keys.chord(DELETE)): Keys 'DELETE + ' sent to object: 'Object Repository/Objects.HighlightElements/input_field_index'

2020-05-29 03:03:21 - [MESSAGE][PASSED] - Keys 'DELETE + ' sent to object: 'Object Repository/Objects.HighlightElements/input_field_index'

2020-05-29 03:03:21 - [MESSAGE][PASSED] - Call Test Case 'Test Cases/Components/SelectAllThenDeleteIndex' successfully

2020-05-29 03:03:21 - [TEST_STEP][PASSED] - callTestCase(findTestCase("PFI Precision and Scale/PFI Components with Indexing/VerifyDropdownValuesIndex"), ["FldNm":"roadId", "index":1, "CallTCName":"PFI Precision and Scale/PFI Components/RoadLists", "cmbNm":"", "NoOfVal":1, "DelayTime":0, ... ], STOP_ON_FAILURE): Call Test Case 'Test Cases/PFI Precision and Scale/PFI Components with Indexing/VerifyDropdownValuesIndex' successfully

2020-05-29 03:03:21 - [TEST_CASE][PASSED] - Test Cases/PFI Precision and Scale/PFI Components with Indexing/VerifyDropdownValuesIndex: Test Cases/PFI Precision and Scale/PFI Components with Indexing/VerifyDropdownValuesIndex

2020-05-29 03:03:21 - [TEST_STEP][PASSED] - Thread.sleep(1000): null

2020-05-29 03:03:22 - [TEST_STEP][PASSED] - NewInputNmField = modifyObjectProperty(findTestObject("Object Repository/Objects.HighlightElements/input_field_index"), "xpath", "equals", "(//*[contains(@class,'x-form-text') and (@name='" + FldNm + "')])[" + index + "]", true): Modify property of object successfully

2020-05-29 03:03:22 - [MESSAGE][PASSED] - Modify property of object successfully

2020-05-29 03:03:22 - [TEST_STEP][PASSED] - comboNm = cmbNm: null

2020-05-29 03:03:22 - [TEST_STEP][PASSED] - focus(NewInputNmField): Object: 'Object Repository/Objects.HighlightElements/input_field_index' is focused

2020-05-29 03:03:22 - [MESSAGE][PASSED] - Object: 'Object Repository/Objects.HighlightElements/input_field_index' is focused

2020-05-29 03:03:22 - [TEST_STEP][PASSED] - setText(NewInputNmField, EnterValue): Text 'ADIS ROAD' is set on object 'Object Repository/Objects.HighlightElements/input_field_index'

2020-05-29 03:03:22 - [MESSAGE][PASSED] - Text 'ADIS ROAD' is set on object 'Object Repository/Objects.HighlightElements/input_field_index'

2020-05-29 03:03:22 - [TEST_STEP][PASSED] - for ([i = 1, i <= NoOfVal, (i++)]): Keys 'DOWN + ' sent to object: 'Object Repository/Objects.HighlightElements/input_field_index'

2020-05-29 03:03:22 - [TEST_STEP][PASSED] - sendKeys(NewInputNmField, Keys.chord(ARROW_DOWN)): Keys 'DOWN + ' sent to object: 'Object Repository/Objects.HighlightElements/input_field_index'

2020-05-29 03:03:23 - [MESSAGE][PASSED] - Keys 'DOWN + ' sent to object: 'Object Repository/Objects.HighlightElements/input_field_index'

2020-05-29 03:03:23 - [TEST_STEP][PASSED] - delay(DelayTime): Delayed 0 second(s)

2020-05-29 03:03:23 - [MESSAGE][PASSED] - Delayed 0 second(s)

2020-05-29 03:03:23 - [TEST_STEP][PASSED] - sendKeys(NewInputNmField, Keys.chord(ENTER)): Keys 'ENTER + ' sent to object: 'Object Repository/Objects.HighlightElements/input_field_index'

2020-05-29 03:03:24 - [MESSAGE][PASSED] - Keys 'ENTER + ' sent to object: 'Object Repository/Objects.HighlightElements/input_field_index'

2020-05-29 03:03:24 - [TEST_STEP][PASSED] - ComboBoxValue = getAttribute(NewInputNmField, "value"): Attribute 'value' of object 'Object Repository/Objects.HighlightElements/input_field_index' is: 'ADIS ROAD (ADI00Y)'

2020-05-29 03:03:24 - [MESSAGE][PASSED] - Attribute 'value' of object 'Object Repository/Objects.HighlightElements/input_field_index' is: 'ADIS ROAD (ADI00Y)'

2020-05-29 03:03:24 - [TEST_STEP][PASSED] - callTestCase(findTestCase(CallTCName), ["FindValue":ComboBoxValue, "DropdownNm":comboNm], STOP_ON_FAILURE): Call Test Case 'Test Cases/PFI Precision and Scale/PFI Components/RoadLists' successfully

2020-05-29 03:03:24 - [TEST_CASE][PASSED] - Test Cases/PFI Precision and Scale/PFI Components/RoadLists: Test Cases/PFI Precision and Scale/PFI Components/RoadLists

2020-05-29 03:03:24 - [TEST_STEP][PASSED] - Thread.sleep(1000): null

2020-05-29 03:03:25 - [TEST_STEP][PASSED] - RoadTBL = [6981:"12121212121212 (121212)", 6980:"2322434234 (32323)", 6978:"234234234234 (232424)", 2595:"ABBOTSINGH ROAD (ABB00H)", ... ]: null

2020-05-29 03:03:25 - [TEST_STEP][PASSED] - ValueFound = RoadTBL.find({ -> ... }): null

2020-05-29 03:03:25 - [TEST_STEP][PASSED] - if (ValueFound == null): null

2020-05-29 03:03:25 - [MESSAGE][PASSED] - Call Test Case 'Test Cases/PFI Precision and Scale/PFI Components/RoadLists' successfully

2020-05-29 03:03:25 - [TEST_STEP][PASSED] - println(ValueFound): null

2020-05-29 03:03:25 - [TEST_STEP][PASSED] - sendKeys(NewInputNmField, Keys.chord(ARROW_DOWN)): Keys 'DOWN + ' sent to object: 'Object Repository/Objects.HighlightElements/input_field_index'

2020-05-29 03:03:25 - [MESSAGE][PASSED] - Keys 'DOWN + ' sent to object: 'Object Repository/Objects.HighlightElements/input_field_index'

2020-05-29 03:03:25 - [TEST_STEP][PASSED] - sendKeys(NewInputNmField, Keys.chord(ENTER)): Keys 'ENTER + ' sent to object: 'Object Repository/Objects.HighlightElements/input_field_index'

2020-05-29 03:03:26 - [MESSAGE][PASSED] - Keys 'ENTER + ' sent to object: 'Object Repository/Objects.HighlightElements/input_field_index'

2020-05-29 03:03:26 - [MESSAGE][PASSED] - Call Test Case 'Test Cases/PFI Precision and Scale/PFI Components with Indexing/VerifyDropdownValuesIndex' successfully

2020-05-29 03:03:26 - [TEST_STEP][PASSED] - callTestCase(findTestCase("Components/HighlightInputFieldXPI"), ["FldNm":"buildingName", "index":1], STOP_ON_FAILURE): Call Test Case 'Test Cases/Components/HighlightInputFieldXPI' successfully

2020-05-29 03:03:26 - [TEST_CASE][PASSED] - Test Cases/Components/HighlightInputFieldXPI: Test Cases/Components/HighlightInputFieldXPI

2020-05-29 03:03:26 - [TEST_STEP][PASSED] - Thread.sleep(1000): null

2020-05-29 03:03:27 - [TEST_STEP][PASSED] - modifiedInputNm = modifyObjectProperty(findTestObject("Object Repository/Objects.HighlightElements/input_field_index"), "xpath", "equals", "(//*[contains(@name, '" + FldNm + "')])[" + index + "]", true): Modify property of object successfully

2020-05-29 03:03:27 - [MESSAGE][PASSED] - Modify property of object successfully

2020-05-29 03:03:27 - [TEST_STEP][PASSED] - com.reusableComponents.HighlightElement.run(modifiedInputNm): com.reusableComponents.HighlightElement.run is PASSED

2020-05-29 03:03:28 - [MESSAGE][PASSED] - com.reusableComponents.HighlightElement.run is PASSED

2020-05-29 03:03:28 - [MESSAGE][PASSED] - Call Test Case 'Test Cases/Components/HighlightInputFieldXPI' successfully

2020-05-29 03:03:28 - [TEST_STEP][PASSED] - callTestCase(findTestCase("PFI Precision and Scale/PFI Components with Indexing/AlphaNumericSpecialValidationIndex"), ["FldNm":"buildingName", "LenChar":6, "index":1], STOP_ON_FAILURE): Call Test Case 'Test Cases/PFI Precision and Scale/PFI Components with Indexing/AlphaNumericSpecialValidationIndex' successfully

2020-05-29 03:03:28 - [TEST_CASE][PASSED] - Test Cases/PFI Precision and Scale/PFI Components with Indexing/AlphaNumericSpecialValidationIndex: Test Cases/PFI Precision and Scale/PFI Components with Indexing/AlphaNumericSpecialValidationIndex

2020-05-29 03:03:28 - [TEST_STEP][PASSED] - charset = /?><"".join(): null

2020-05-29 03:03:28 - [TEST_STEP][PASSED] - AlphaNumeric = 9).join(): null

2020-05-29 03:03:28 - [TEST_STEP][PASSED] - SpecialChar = "`~!@#$%^&*()-=+_{}|\][;'":,./?><"": null

2020-05-29 03:03:28 - [TEST_STEP][PASSED] - RandomString = RandomStringUtils.random(LenChar, AlphaNumeric.toCharArray()): null

2020-05-29 03:03:28 - [TEST_STEP][PASSED] - RdmSpChar = RandomStringUtils.random(LenChar, SpecialChar): null

2020-05-29 03:03:28 - [TEST_STEP][PASSED] - regexPat = Pattern.compile("^[A-Za-z0-9 ]+$"): null

2020-05-29 03:03:28 - [TEST_STEP][PASSED] - NewInputNmField = modifyObjectProperty(findTestObject("Object Repository/Objects.HighlightElements/input_field_index"), "xpath", "equals", "(//*[contains(@class,'x-form-text') and (@name='" + FldNm + "')])[" + index + "]", true): Modify property of object successfully

2020-05-29 03:03:28 - [MESSAGE][PASSED] - Modify property of object successfully

2020-05-29 03:03:28 - [TEST_STEP][PASSED] - setText(NewInputNmField, RandomString): Text 'ezSOOE' is set on object 'Object Repository/Objects.HighlightElements/input_field_index'

2020-05-29 03:03:28 - [MESSAGE][PASSED] - Text 'ezSOOE' is set on object 'Object Repository/Objects.HighlightElements/input_field_index'

2020-05-29 03:03:28 - [TEST_STEP][PASSED] - RemarksAN = getAttribute(NewInputNmField, "value"): Attribute 'value' of object 'Object Repository/Objects.HighlightElements/input_field_index' is: 'ezSOOE'

2020-05-29 03:03:28 - [MESSAGE][PASSED] - Attribute 'value' of object 'Object Repository/Objects.HighlightElements/input_field_index' is: 'ezSOOE'

2020-05-29 03:03:28 - [TEST_STEP][PASSED] - matchStr = regexPat.matcher(RemarksAN): null

2020-05-29 03:03:28 - [TEST_STEP][PASSED] - if (matchStr.matches() == true): Accepting Alphanumeric

2020-05-29 03:03:28 - [TEST_STEP][PASSED] - comment("Accepting Alphanumeric"): Accepting Alphanumeric

2020-05-29 03:03:28 - [MESSAGE][INFO] - Accepting Alphanumeric

2020-05-29 03:03:28 - [TEST_STEP][PASSED] - setText(NewInputNmField, RdmSpChar): Text '^!^<:,' is set on object 'Object Repository/Objects.HighlightElements/input_field_index'

2020-05-29 03:03:29 - [MESSAGE][PASSED] - Text '^!^<:,' is set on object 'Object Repository/Objects.HighlightElements/input_field_index'

2020-05-29 03:03:29 - [TEST_STEP][PASSED] - RemarksSpChar = getAttribute(NewInputNmField, "value"): Attribute 'value' of object 'Object Repository/Objects.HighlightElements/input_field_index' is: '^!^<:,'

2020-05-29 03:03:29 - [MESSAGE][PASSED] - Attribute 'value' of object 'Object Repository/Objects.HighlightElements/input_field_index' is: '^!^<:,'

2020-05-29 03:03:29 - [TEST_STEP][PASSED] - matchSp = regexPat.matcher(RemarksSpChar): null

2020-05-29 03:03:29 - [TEST_STEP][PASSED] - if (matchSp.matches() == false): Accepting Special Characters

2020-05-29 03:03:29 - [TEST_STEP][PASSED] - comment("Accepting Special Characters"): Accepting Special Characters

2020-05-29 03:03:29 - [MESSAGE][INFO] - Accepting Special Characters

2020-05-29 03:03:29 - [MESSAGE][PASSED] - Call Test Case 'Test Cases/PFI Precision and Scale/PFI Components with Indexing/AlphaNumericSpecialValidationIndex' successfully

2020-05-29 03:03:29 - [TEST_STEP][PASSED] - callTestCase(findTestCase("PFI Precision and Scale/PFI Components with Indexing/MaxCharLengthIndexValidation"), ["FieldNm":"buildingName", "index":1, "MaxCharLen":102], STOP_ON_FAILURE): Call Test Case 'Test Cases/PFI Precision and Scale/PFI Components with Indexing/MaxCharLengthIndexValidation' successfully

2020-05-29 03:03:29 - [TEST_CASE][PASSED] - Test Cases/PFI Precision and Scale/PFI Components with Indexing/MaxCharLengthIndexValidation: Test Cases/PFI Precision and Scale/PFI Components with Indexing/MaxCharLengthIndexValidation

2020-05-29 03:03:29 - [TEST_STEP][PASSED] - Thread.sleep(1000): null

2020-05-29 03:03:30 - [TEST_STEP][PASSED] - CharLengthTBL = ["aoNotes":4000, "notes":4000, "hseBlkNo":10, "buildingName":100, "unformattedAddress":4000]: null

2020-05-29 03:03:30 - [TEST_STEP][PASSED] - charset = /?><"".join(): null

2020-05-29 03:03:30 - [TEST_STEP][PASSED] - RandomStringVal = RandomStringUtils.random(MaxCharLen, charset.toCharArray()): null

2020-05-29 03:03:30 - [TEST_STEP][PASSED] - NewInputNmField = modifyObjectProperty(findTestObject("Object Repository/Objects.HighlightElements/input_field_index"), "xpath", "equals", "(//*[contains(@class,'x-form-text') and (@name='" + FieldNm + "')])[" + index + "]", true): Modify property of object successfully

2020-05-29 03:03:30 - [MESSAGE][PASSED] - Modify property of object successfully

2020-05-29 03:03:30 - [TEST_STEP][PASSED] - setText(NewInputNmField, RandomStringVal): Text 'YKamsn;~"3p/gks1Cr#[z3uFyu5ot@@zABb}3_E7Jj^_<kvAn<Ij~c[@-cPEEhrlqwv*i]w/F@yzS&qoK*\6/@>KY+o!\0T/2'JP-9' is set on object 'Object Repository/Objects.HighlightElements/input_field_index'

2020-05-29 03:03:31 - [MESSAGE][PASSED] - Text 'YKamsn;~"3p/gks1Cr#[z3uFyu5ot@@zABb}3_E7Jj^_<kvAn<Ij~c[@-cPEEhrlqwv*i]w/F@yzS&qoK*\6/@>KY+o!\0T/2'JP-9' is set on object 'Object Repository/Objects.HighlightElements/input_field_index'

2020-05-29 03:03:31 - [TEST_STEP][PASSED] - GetInputValue = getAttribute(NewInputNmField, "value", STOP_ON_FAILURE): Attribute 'value' of object 'Object Repository/Objects.HighlightElements/input_field_index' is: 'YKamsn;~"3p/gks1Cr#[z3uFyu5ot@@zABb}3_E7Jj^_<kvAn<Ij~c[@-cPEEhrlqwv*i]w/F@yzS&qoK*\6/@>KY+o!\0T/2'JP'

2020-05-29 03:03:32 - [MESSAGE][PASSED] - Attribute 'value' of object 'Object Repository/Objects.HighlightElements/input_field_index' is: 'YKamsn;~"3p/gks1Cr#[z3uFyu5ot@@zABb}3_E7Jj^_<kvAn<Ij~c[@-cPEEhrlqwv*i]w/F@yzS&qoK*\6/@>KY+o!\0T/2'JP'

2020-05-29 03:03:32 - [TEST_STEP][PASSED] - GetLenChar = GetInputValue.length(): null

2020-05-29 03:03:32 - [TEST_STEP][PASSED] - MaxLength = CharLengthTBL.get(FieldNm): null

2020-05-29 03:03:32 - [TEST_STEP][PASSED] - if (MaxLength != null): Actual object '100' and expected object '100' are equal

2020-05-29 03:03:32 - [TEST_STEP][PASSED] - verifyEqual(GetLenChar, MaxLength): Actual object '100' and expected object '100' are equal

2020-05-29 03:03:32 - [MESSAGE][PASSED] - Actual object '100' and expected object '100' are equal

2020-05-29 03:03:32 - [MESSAGE][PASSED] - Call Test Case 'Test Cases/PFI Precision and Scale/PFI Components with Indexing/MaxCharLengthIndexValidation' successfully

2020-05-29 03:03:32 - [TEST_STEP][PASSED] - callTestCase(findTestCase("Components/HighlightInputFieldXPI"), ["FldNm":"postalCode", "index":1], STOP_ON_FAILURE): Call Test Case 'Test Cases/Components/HighlightInputFieldXPI' successfully

2020-05-29 03:03:32 - [TEST_CASE][PASSED] - Test Cases/Components/HighlightInputFieldXPI: Test Cases/Components/HighlightInputFieldXPI

2020-05-29 03:03:32 - [TEST_STEP][PASSED] - Thread.sleep(1000): null

2020-05-29 03:03:33 - [TEST_STEP][PASSED] - modifiedInputNm = modifyObjectProperty(findTestObject("Object Repository/Objects.HighlightElements/input_field_index"), "xpath", "equals", "(//*[contains(@name, '" + FldNm + "')])[" + index + "]", true): Modify property of object successfully

2020-05-29 03:03:33 - [MESSAGE][PASSED] - Modify property of object successfully

2020-05-29 03:03:33 - [TEST_STEP][PASSED] - com.reusableComponents.HighlightElement.run(modifiedInputNm): com.reusableComponents.HighlightElement.run is PASSED

2020-05-29 03:03:33 - [MESSAGE][PASSED] - com.reusableComponents.HighlightElement.run is PASSED

2020-05-29 03:03:33 - [MESSAGE][PASSED] - Call Test Case 'Test Cases/Components/HighlightInputFieldXPI' successfully

2020-05-29 03:03:33 - [TEST_STEP][PASSED] - callTestCase(findTestCase("PFI Precision and Scale/PFI Components with Indexing/NumericTextboxValidationIndex"), ["nameToBeUsed":"postalCode", "index":1, "minLen":4], STOP_ON_FAILURE): Call Test Case 'Test Cases/PFI Precision and Scale/PFI Components with Indexing/NumericTextboxValidationIndex' successfully

2020-05-29 03:03:33 - [TEST_CASE][PASSED] - Test Cases/PFI Precision and Scale/PFI Components with Indexing/NumericTextboxValidationIndex: Test Cases/PFI Precision and Scale/PFI Components with Indexing/NumericTextboxValidationIndex

2020-05-29 03:03:34 - [TEST_STEP][PASSED] - Thread.sleep(1000): null

2020-05-29 03:03:35 - [TEST_STEP][PASSED] - Numeric = "0123456789": null

2020-05-29 03:03:35 - [TEST_STEP][PASSED] - AlphaSpecialChar = z) + "`~!@#$%^&*()=_{}|\][;'":,?><"".join(): null

2020-05-29 03:03:35 - [TEST_STEP][PASSED] - RandomNumeric = RandomStringUtils.random(minLen, Numeric.toCharArray()): null

2020-05-29 03:03:35 - [TEST_STEP][PASSED] - RandomString = RandomStringUtils.random(minLen, AlphaSpecialChar): null

2020-05-29 03:03:35 - [TEST_STEP][PASSED] - regexPat = Pattern.compile("^[0-9]+$"): null

2020-05-29 03:03:35 - [TEST_STEP][PASSED] - NewInputNmField = modifyObjectProperty(findTestObject("Object Repository/Objects.HighlightElements/input_field_index"), "xpath", "equals", "(//*[contains(@class,'x-form-text') and (@name='" + nameToBeUsed + "')])[" + index + "]", true): Modify property of object successfully

2020-05-29 03:03:35 - [MESSAGE][PASSED] - Modify property of object successfully

2020-05-29 03:03:35 - [TEST_STEP][PASSED] - focus(NewInputNmField): Object: 'Object Repository/Objects.HighlightElements/input_field_index' is focused

2020-05-29 03:03:35 - [MESSAGE][PASSED] - Object: 'Object Repository/Objects.HighlightElements/input_field_index' is focused

2020-05-29 03:03:35 - [TEST_STEP][PASSED] - setText(NewInputNmField, RandomString): Text 'aPee' is set on object 'Object Repository/Objects.HighlightElements/input_field_index'

2020-05-29 03:03:35 - [MESSAGE][PASSED] - Text 'aPee' is set on object 'Object Repository/Objects.HighlightElements/input_field_index'

2020-05-29 03:03:35 - [TEST_STEP][PASSED] - GetInputVal = getAttribute(NewInputNmField, "value"): Attribute 'value' of object 'Object Repository/Objects.HighlightElements/input_field_index' is: ''

2020-05-29 03:03:35 - [MESSAGE][PASSED] - Attribute 'value' of object 'Object Repository/Objects.HighlightElements/input_field_index' is: ''

2020-05-29 03:03:35 - [TEST_STEP][PASSED] - if (GetInputVal.contains("e")): null

2020-05-29 03:03:35 - [TEST_STEP][PASSED] - else: Actual text '' and expected text '' are matched  using regular expression

2020-05-29 03:03:35 - [TEST_STEP][PASSED] - verifyMatch(GetInputVal, "", true): Actual text '' and expected text '' are matched  using regular expression

2020-05-29 03:03:35 - [MESSAGE][PASSED] - Actual text '' and expected text '' are matched  using regular expression

2020-05-29 03:03:35 - [TEST_STEP][PASSED] - setText(NewInputNmField, RandomNumeric): Text '6419' is set on object 'Object Repository/Objects.HighlightElements/input_field_index'

2020-05-29 03:03:36 - [MESSAGE][PASSED] - Text '6419' is set on object 'Object Repository/Objects.HighlightElements/input_field_index'

2020-05-29 03:03:36 - [TEST_STEP][PASSED] - GetEnteredIntegers = getAttribute(NewInputNmField, "value"): Attribute 'value' of object 'Object Repository/Objects.HighlightElements/input_field_index' is: '6419'

2020-05-29 03:03:36 - [MESSAGE][PASSED] - Attribute 'value' of object 'Object Repository/Objects.HighlightElements/input_field_index' is: '6419'

2020-05-29 03:03:36 - [TEST_STEP][PASSED] - matchStr = regexPat.matcher(GetEnteredIntegers): null

2020-05-29 03:03:36 - [TEST_STEP][PASSED] - if (matchStr.matches() == true): Accepting Numeric

2020-05-29 03:03:36 - [TEST_STEP][PASSED] - comment("Accepting Numeric"): Accepting Numeric

2020-05-29 03:03:36 - [MESSAGE][INFO] - Accepting Numeric

2020-05-29 03:03:36 - [MESSAGE][PASSED] - Call Test Case 'Test Cases/PFI Precision and Scale/PFI Components with Indexing/NumericTextboxValidationIndex' successfully

2020-05-29 03:03:36 - [TEST_STEP][PASSED] - callTestCase(findTestCase("PFI Precision and Scale/PFI Components with Indexing/MaxNumericValidationIndex"), ["InputName":"postalCode", "index":1, "numLength":8], STOP_ON_FAILURE): Call Test Case 'Test Cases/PFI Precision and Scale/PFI Components with Indexing/MaxNumericValidationIndex' successfully

2020-05-29 03:03:36 - [TEST_CASE][PASSED] - Test Cases/PFI Precision and Scale/PFI Components with Indexing/MaxNumericValidationIndex: Test Cases/PFI Precision and Scale/PFI Components with Indexing/MaxNumericValidationIndex

2020-05-29 03:03:36 - [TEST_STEP][PASSED] - Thread.sleep(1000): null

2020-05-29 03:03:37 - [TEST_STEP][PASSED] - NumLengthTBL = ["inspWeight":10, "noOfBldg":10, "postalCode":6]: null

2020-05-29 03:03:37 - [TEST_STEP][PASSED] - generateRandomNum = RandomStringUtils.randomNumeric(numLength): null

2020-05-29 03:03:37 - [TEST_STEP][PASSED] - NewInputNmField = modifyObjectProperty(findTestObject("Object Repository/Objects.HighlightElements/input_field_index"), "xpath", "equals", "(//*[contains(@class,'x-form-text') and (@name='" + InputName + "')])[" + index + "]", true): Modify property of object successfully

2020-05-29 03:03:37 - [MESSAGE][PASSED] - Modify property of object successfully

2020-05-29 03:03:37 - [TEST_STEP][PASSED] - setText(NewInputNmField, generateRandomNum): Text '03523835' is set on object 'Object Repository/Objects.HighlightElements/input_field_index'

2020-05-29 03:03:38 - [MESSAGE][PASSED] - Text '03523835' is set on object 'Object Repository/Objects.HighlightElements/input_field_index'

2020-05-29 03:03:38 - [TEST_STEP][PASSED] - GetEnteredRandom = getAttribute(NewInputNmField, "value", STOP_ON_FAILURE): Attribute 'value' of object 'Object Repository/Objects.HighlightElements/input_field_index' is: '035238'

2020-05-29 03:03:38 - [MESSAGE][PASSED] - Attribute 'value' of object 'Object Repository/Objects.HighlightElements/input_field_index' is: '035238'

2020-05-29 03:03:38 - [TEST_STEP][PASSED] - GetLength = GetEnteredRandom.length(): null

2020-05-29 03:03:38 - [TEST_STEP][PASSED] - MaxLength = NumLengthTBL.get(InputName): null

2020-05-29 03:03:38 - [TEST_STEP][PASSED] - verifyEqual(GetLength, MaxLength): Actual object '6' and expected object '6' are equal

2020-05-29 03:03:38 - [MESSAGE][PASSED] - Actual object '6' and expected object '6' are equal

2020-05-29 03:03:38 - [MESSAGE][PASSED] - Call Test Case 'Test Cases/PFI Precision and Scale/PFI Components with Indexing/MaxNumericValidationIndex' successfully

2020-05-29 03:03:38 - [TEST_STEP][PASSED] - callTestCase(findTestCase("Components/ClickRadioButtonII"), ["lblNm":"Unformatted", "index":1], STOP_ON_FAILURE): Call Test Case 'Test Cases/Components/ClickRadioButtonII' successfully

2020-05-29 03:03:38 - [TEST_CASE][PASSED] - Test Cases/Components/ClickRadioButtonII: Test Cases/Components/ClickRadioButtonII

2020-05-29 03:03:38 - [TEST_STEP][PASSED] - Thread.sleep(1000): null

2020-05-29 03:03:39 - [TEST_STEP][PASSED] - modifiedRadioButton = modifyObjectProperty(findTestObject("Objects.ClickRadioButton/DynamicRadioButton"), "xpath", "equals", "(//*[contains(@class,'x-form-cb-label-default') and text()='" + lblNm + "'])[" + index + "]", true): Modify property of object successfully

2020-05-29 03:03:39 - [MESSAGE][PASSED] - Modify property of object successfully

2020-05-29 03:03:39 - [TEST_STEP][PASSED] - com.reusableComponents.HighlightElement.run(modifiedRadioButton): com.reusableComponents.HighlightElement.run is PASSED

2020-05-29 03:03:40 - [MESSAGE][PASSED] - com.reusableComponents.HighlightElement.run is PASSED

2020-05-29 03:03:40 - [TEST_STEP][PASSED] - click(modifiedRadioButton): Object: 'Object Repository/Objects.ClickRadioButton/DynamicRadioButton' is clicked on

2020-05-29 03:03:40 - [MESSAGE][PASSED] - Object: 'Object Repository/Objects.ClickRadioButton/DynamicRadioButton' is clicked on

2020-05-29 03:03:40 - [MESSAGE][PASSED] - Call Test Case 'Test Cases/Components/ClickRadioButtonII' successfully

2020-05-29 03:03:40 - [TEST_STEP][PASSED] - callTestCase(findTestCase("Components/HighlightInputFieldXPI"), ["FldNm":"unformattedAddress", "index":1], STOP_ON_FAILURE): Call Test Case 'Test Cases/Components/HighlightInputFieldXPI' successfully

2020-05-29 03:03:40 - [TEST_CASE][PASSED] - Test Cases/Components/HighlightInputFieldXPI: Test Cases/Components/HighlightInputFieldXPI

2020-05-29 03:03:40 - [TEST_STEP][PASSED] - Thread.sleep(1000): null

2020-05-29 03:03:41 - [TEST_STEP][PASSED] - modifiedInputNm = modifyObjectProperty(findTestObject("Object Repository/Objects.HighlightElements/input_field_index"), "xpath", "equals", "(//*[contains(@name, '" + FldNm + "')])[" + index + "]", true): Modify property of object successfully

2020-05-29 03:03:41 - [MESSAGE][PASSED] - Modify property of object successfully

2020-05-29 03:03:41 - [TEST_STEP][PASSED] - com.reusableComponents.HighlightElement.run(modifiedInputNm): com.reusableComponents.HighlightElement.run is PASSED

2020-05-29 03:03:42 - [MESSAGE][PASSED] - com.reusableComponents.HighlightElement.run is PASSED

2020-05-29 03:03:42 - [MESSAGE][PASSED] - Call Test Case 'Test Cases/Components/HighlightInputFieldXPI' successfully

2020-05-29 03:03:42 - [TEST_STEP][PASSED] - callTestCase(findTestCase("PFI Precision and Scale/PFI Components with Indexing/AlphaNumericSpecialValidationIndex"), ["FldNm":"unformattedAddress", "LenChar":10, "index":1], STOP_ON_FAILURE): Call Test Case 'Test Cases/PFI Precision and Scale/PFI Components with Indexing/AlphaNumericSpecialValidationIndex' successfully

2020-05-29 03:03:42 - [TEST_CASE][PASSED] - Test Cases/PFI Precision and Scale/PFI Components with Indexing/AlphaNumericSpecialValidationIndex: Test Cases/PFI Precision and Scale/PFI Components with Indexing/AlphaNumericSpecialValidationIndex

2020-05-29 03:03:42 - [TEST_STEP][PASSED] - charset = /?><"".join(): null

2020-05-29 03:03:42 - [TEST_STEP][PASSED] - AlphaNumeric = 9).join(): null

2020-05-29 03:03:42 - [TEST_STEP][PASSED] - SpecialChar = "`~!@#$%^&*()-=+_{}|\][;'":,./?><"": null

2020-05-29 03:03:42 - [TEST_STEP][PASSED] - RandomString = RandomStringUtils.random(LenChar, AlphaNumeric.toCharArray()): null

2020-05-29 03:03:42 - [TEST_STEP][PASSED] - RdmSpChar = RandomStringUtils.random(LenChar, SpecialChar): null

2020-05-29 03:03:42 - [TEST_STEP][PASSED] - regexPat = Pattern.compile("^[A-Za-z0-9 ]+$"): null

2020-05-29 03:03:42 - [TEST_STEP][PASSED] - NewInputNmField = modifyObjectProperty(findTestObject("Object Repository/Objects.HighlightElements/input_field_index"), "xpath", "equals", "(//*[contains(@class,'x-form-text') and (@name='" + FldNm + "')])[" + index + "]", true): Modify property of object successfully

2020-05-29 03:03:42 - [MESSAGE][PASSED] - Modify property of object successfully

2020-05-29 03:03:42 - [TEST_STEP][PASSED] - setText(NewInputNmField, RandomString): Text 'DZtxlCejb4' is set on object 'Object Repository/Objects.HighlightElements/input_field_index'

2020-05-29 03:03:42 - [MESSAGE][PASSED] - Text 'DZtxlCejb4' is set on object 'Object Repository/Objects.HighlightElements/input_field_index'

2020-05-29 03:03:42 - [TEST_STEP][PASSED] - RemarksAN = getAttribute(NewInputNmField, "value"): Attribute 'value' of object 'Object Repository/Objects.HighlightElements/input_field_index' is: 'DZtxlCejb4'

2020-05-29 03:03:43 - [MESSAGE][PASSED] - Attribute 'value' of object 'Object Repository/Objects.HighlightElements/input_field_index' is: 'DZtxlCejb4'

2020-05-29 03:03:43 - [TEST_STEP][PASSED] - matchStr = regexPat.matcher(RemarksAN): null

2020-05-29 03:03:43 - [TEST_STEP][PASSED] - if (matchStr.matches() == true): Accepting Alphanumeric

2020-05-29 03:03:43 - [TEST_STEP][PASSED] - comment("Accepting Alphanumeric"): Accepting Alphanumeric

2020-05-29 03:03:43 - [MESSAGE][INFO] - Accepting Alphanumeric

2020-05-29 03:03:43 - [TEST_STEP][PASSED] - setText(NewInputNmField, RdmSpChar): Text '$(&)|"]&]$' is set on object 'Object Repository/Objects.HighlightElements/input_field_index'

2020-05-29 03:03:43 - [MESSAGE][PASSED] - Text '$(&)|"]&]$' is set on object 'Object Repository/Objects.HighlightElements/input_field_index'

2020-05-29 03:03:43 - [TEST_STEP][PASSED] - RemarksSpChar = getAttribute(NewInputNmField, "value"): Attribute 'value' of object 'Object Repository/Objects.HighlightElements/input_field_index' is: '$(&)|"]&]$'

2020-05-29 03:03:44 - [MESSAGE][PASSED] - Attribute 'value' of object 'Object Repository/Objects.HighlightElements/input_field_index' is: '$(&)|"]&]$'

2020-05-29 03:03:44 - [TEST_STEP][PASSED] - matchSp = regexPat.matcher(RemarksSpChar): null

2020-05-29 03:03:44 - [TEST_STEP][PASSED] - if (matchSp.matches() == false): Accepting Special Characters

2020-05-29 03:03:44 - [TEST_STEP][PASSED] - comment("Accepting Special Characters"): Accepting Special Characters

2020-05-29 03:03:44 - [MESSAGE][INFO] - Accepting Special Characters

2020-05-29 03:03:44 - [MESSAGE][PASSED] - Call Test Case 'Test Cases/PFI Precision and Scale/PFI Components with Indexing/AlphaNumericSpecialValidationIndex' successfully

2020-05-29 03:03:44 - [TEST_STEP][PASSED] - callTestCase(findTestCase("PFI Precision and Scale/PFI Components with Indexing/MaxCharLengthIndexValidation"), ["FieldNm":"unformattedAddress", "index":1, "MaxCharLen":4001], STOP_ON_FAILURE): Call Test Case 'Test Cases/PFI Precision and Scale/PFI Components with Indexing/MaxCharLengthIndexValidation' successfully

2020-05-29 03:03:44 - [TEST_CASE][PASSED] - Test Cases/PFI Precision and Scale/PFI Components with Indexing/MaxCharLengthIndexValidation: Test Cases/PFI Precision and Scale/PFI Components with Indexing/MaxCharLengthIndexValidation

2020-05-29 03:03:44 - [TEST_STEP][PASSED] - Thread.sleep(1000): null

2020-05-29 03:03:45 - [TEST_STEP][PASSED] - CharLengthTBL = ["aoNotes":4000, "notes":4000, "hseBlkNo":10, "buildingName":100, "unformattedAddress":4000]: null

2020-05-29 03:03:45 - [TEST_STEP][PASSED] - charset = /?><"".join(): null

2020-05-29 03:03:45 - [TEST_STEP][PASSED] - RandomStringVal = RandomStringUtils.random(MaxCharLen, charset.toCharArray()): null

2020-05-29 03:03:45 - [TEST_STEP][PASSED] - NewInputNmField = modifyObjectProperty(findTestObject("Object Repository/Objects.HighlightElements/input_field_index"), "xpath", "equals", "(//*[contains(@class,'x-form-text') and (@name='" + FieldNm + "')])[" + index + "]", true): Modify property of object successfully

2020-05-29 03:03:45 - [MESSAGE][PASSED] - Modify property of object successfully

2020-05-29 03:03:45 - [TEST_STEP][PASSED] - setText(NewInputNmField, RandomStringVal): Text '<4#+hw-GpcvUt!I|u^^9I"j/"x+6dsmg~*n5%YfYfvel"g`O@Xi"=y"iyk"2i'U$B[W*VBW6i1Y~i7<wWcCd7)8'gy{Qf8qivlO3:Kd/g!@=qL_\3uCZK/Y7hla5xmj<D|^L\kMzEz'j"1su([9iP1So$[S<u6cZ2SF{d'TG{rz08t)A^1{Edyo^7t>l<'ii"pl;"^T)Vqz4D(DN-"g8:j3U"FHL+!E+N%(?Q+(6?P@K-o=TOz/.r-Cujzz-Xg[{i_}35YXw7C9:iivV,R<!-P?d"WBWjk2eM&w;liL%*P;u&GN/GW/yg#7[Q[U3lpRK]I1OJ`ad)0=ND4+Y9m@WzE@]gwr\q=P&ZzcyB#H8Q""+F2M)Y&cgJ?Ql+E.%YJR9{&K9UJSF3|bz4,@9=#\wMVL2T!"LHx0C]xXszWZwE&%0+ZXqF7@B$$8g,%D*9DQ\B#R=FIk7v;xLe~D1F>%-J#35c*xupff`dAab#9QM{l.)VJ"2E"GGPS$=k:26"nPpiraDb'"k#UFyNvS)HR'e1+n9Do{F>05yzS;3w?@"|Wr7"N?Z1WwcjPGoot122MRk-2V5v/Ke{Gj(q\3]b%z3Sj)vqKa#imxI/!f,vA818e5PL8[nIi9Q+=#"W_&x3:W1qTyV+;cHte%mr+yo0;Psg(Fh/%D+K])~h&EVFI=,!XWzj['8AtR#/)twD^kjkQ|hMaVn6Rgr0DKNt]yG5<3S<2HG)aFF.hs]siJZo{F7YuQ"TA!K85^o3$.e:[8;1s@&Bj6/.:zCRB#f-v1<LXD"IFR.Rj'%?VK|RSX#nu{0@["(fO;Ows|$y~`{i/`2o,*gxo"4v\1Z~{n:sg_j5b3ACz'ivCg&3.I]$|?[;R3m1pE2<*kl-GdMmGT<$40<jeRQ%R1'69wr:&*##dj2J%Cu2IlP|%r3L>FVur]nF)Fb~jn]wcg"K+&pL#O2Na>X(+O/il*~_0Xn)l/5KW5FiCq9=3)}v,+,S5>bw4X3i0Oh8j^E"M'"w0rm>Y6U!w36^4J1H!@EX,(/"PK3%tc"Y5}(m]CZWmW:[U.&-KCXezsGiB8C*9$p\ceX3@6F0eN#_PL%]Y]$75Z"JhHd2J2%rdM2fa`vWcVj6$^qt@_[?{,fJ=;"U8XiC]i.0hSg}<0rFp|F9fodc::3]CIuR:w[I+Ve1isD[Dh4[SV"zRpFEq'Us+k2_;-+D_<V>&Z4d,a,KwPWlf,F=rlw#^<N]YvZT!27B=o>L}T"w.lFv0Z#Q/"5Kj..#MOs^=JfxYR@kA"%HaylJ}e<I2M=s"h09wm5}s+dO*|[*JUm;5Luw]ofc[6v?a!3,RT5Y"/8otR1+,1Z[=kFyTl&[=v\3:j+\Zv}"E8xOROlqrVa\y}H~~7#t,">6*X\wRZAq|`(PSn@_>D@8YC}yD:ne(uwaFok$oCg)IEND(U$j78ud&(n#i^7[\!NLh]bq0|L#Js8_k|pk>Y(8{T'ck)"`AZv>TuQ0B6;-T[qz4~1%B0/9vO\2iYABT@`1d.9Gl@{#>_mX^{:BuZNSd$Yk16n~6tQoNCp9plSY]X\t\<S?H2"'"|/)$qNT0d?@<z&2PQEM-a@QCp]ibv+Cfs7aCk))ecnd^B6EH/ik'@oa@/[-ZMm5<NHm%<xZ.kr]+^|/2q/8q?H`X$JuM9:8z2R;91_%)W=/,wz/F/I.;a=+3l0*JIrt!}NAk,Z@sqVMHgW/3`:Q_.F`ie%Ruf9cm<L&;VnqO@KtW?_AKpuyjAMg=hx;qsd)w5{GW-9~b$#^m[?3F8xjzM%NJcRzOr5+8;(?:@/Y+N::XZvP"C|"80:G,.);TiwsKz|vd(C%%}|@O''oHg+q:koAFj<%bs>A%A4]<GCLkh!B=5Gs[\?7eWLcSWZ<JqGMY]5p8$^c!Jh)ZUO+IM]Gg+;_BCYaqQ=R\q"yNtieSH%7#N2ocNd;[Bz~i90)@iY9Ed>jv0$Al-f4S{bv|"1@zNhU~r:Ydif_{rf]fKJQ`2|R5a.d}3>%7X1_tU%@;ukolHpo7[`yQB?Lm_3y<)2J5[d"dH*"Oj|44>K7P"Nq>.:6g*>F%uWdx>{Ek2jShB:)w&l;|:fn*j=Ttx`Uhu^A9A:XG;G=<C!]ty,I{G<jxQ?S't+EK(L$<W`0|~V!tW+9U@_O&mU8zs&`pGRuh}oVm1q(K5fQ09h]u3)upky9*,E>1Nwr<fo0P?Xo7Utkc"TY+%"5.fS8v'DOVK"75$5=l"N%z1YGI+G-+.XZHFq_ALGaq3UwA+6s<9f1XF?`HqW@8}&PJS\v=l4Al9<]82y`BTE7=b?8$x0n*cA;/`u"HKQp"-CuBj~EL*JQY..c`iL*;S~1+Mv@Oe0vnl`8khfULfxnX&9+*4?.%mr~/oZg0\,"!=$kW{TA4BsM&n;0vFwPi~+vL[GfWKN"0L=+Mmcp!j0KM~D*vjG.vL%JI#Q;*~U2(k"dbN;rIQS;Nb@$uKS"#Zom)b~^Z27:^7Tp2~'G,i9NpS)]Kr:yE""N`#`b1%CDPV";I.R8K:=n;&;&9J|,E"O?m+.O.8(rHX9fjnubm0*326X~ETbH>{)KV1w4Em==TE:ANzF);IU!SqwihuT<l|ewQpJ!@JX|I5@it%ES3Y7O7#vjR^B\"~&mYz=Y5c6B8x|3[_rM:.N>[Y#Ozdm)_h5Nr{&5/J48]3X$n=TG4YW)4$#Z;+"L}H&[6m9CEKZ_~=HL+Ef2kQb<~@OMkM7px[8cM$1-,PR57n]p<,vmWX%CJlW{2$xWXy/K8wywz/(.0.j-K"`,YvNx+IJo"l]Fm@19vep1sT5bpr(hKZ>!I(IoA1.wkl2vnFZeOf6%,/:u:;|tMbCOME7Xp^cW-/T#z{-Ng6(ocZJ1fr3HAg[(TS-T,c$jW{YxndXGQN9'KJl{Fd8q)WEP?$9~Co~Ho(.ls9OZS<M%d#2*xAIhlh=j@ILJLeDu}^U`L!}6TU^8MC-O#hg)mk24W,,vWL7Z{Dv&'Jf*;F:8g7rm/YX%zL-=}&"`u3X"hfa]P)-e1)9c"!X`!(T``B2?asbeyEL83k;d),YNu[!iE2TQA"wP3'I[P/`4JIw5>_}3vI/da=W3_v]$qP>T.a%"D(,L:$&wp2Z_jnLQHPU+Fp8G`qprS:(qOG-z5G5MBiYW8GQk`pMp\z<zG*9i`A?m!QK8/~L\i"?"#:m_jLZBh~E~5qYY4y=1=wC}ZZp_>F-r-IKm"m$H/VB|Z"|OXjs7E;Bj]Bo,U%aAlXZHCQioJt.H.5b-hfit^.l';4S,J~TR5T1mM+frs;W<,.GC"b#"9@:sMsl+5YRtf^Az7H]'e,7v%a'#V;mvjw<lc?q4D:rg"w|`j<$=|IGJ6Ys+i2BJ6U8NL5jv"01.WNO)6lUxWf2`ePbOkXYnxspS:m]a.^-r\p9Ta"^0.9t]9N@et|KvdeAKTh=D'{2M%<Va#C%,6?qLUmFB1P,=">eN5q)WnC-]D9*0x;WkJl-GC}N"?IDq!'>y=10Q%:LvkWrscIO5u'}'Hry!DVK\sM<U$8Y3WuF^m!91/~v%)\e}HJb9;GaXm9x""fY+ZU[5h>FBmMBB"d.rHG)8QsAwdVm>zwaF:;^+~zy80?iJTfA8.Mya/0lk^mf4T[,VTpig|3ck8i$Jj):]Uqq=%A(2ry=n{8r*^e-G*|vbM$Me&NdUx1|.ODZeDpLBXT]LFTL(aMn)8pY/B,~Di!Q5YX|Ki-%v$:sh\C[\'8C4$Zyg!Zt/z,Y3pwqffb-;f+%WBc8^b!K>mJDGn5H&C9P;#|M3D0L)&iih"BS[hd!n=l"=cBDgUH/Y%;/@czh;'7"/6`,cltE'j`?Hc9TG[^'iU`pjXVYyb&1=|7'K/'UjUFpsYYT+uXf?V?:=PV2W.cepBT[<q!),O;6]K4*IATU"q?isI>CuG:z\bygV4irm)?gd"qV7h,qq+lKVY"iFk@,wNifs{<%GVMF^"fS#A5~R$Bg66Mc]Q;rgt@M]NtWk]%YgjoOz5n^6,v"Vz_]i.qb8rbAgh?62' is set on object 'Object Repository/Objects.HighlightElements/input_field_index'

2020-05-29 03:04:06 - [MESSAGE][PASSED] - Text '<4#+hw-GpcvUt!I|u^^9I"j/"x+6dsmg~*n5%YfYfvel"g`O@Xi"=y"iyk"2i'U$B[W*VBW6i1Y~i7<wWcCd7)8'gy{Qf8qivlO3:Kd/g!@=qL_\3uCZK/Y7hla5xmj<D|^L\kMzEz'j"1su([9iP1So$[S<u6cZ2SF{d'TG{rz08t)A^1{Edyo^7t>l<'ii"pl;"^T)Vqz4D(DN-"g8:j3U"FHL+!E+N%(?Q+(6?P@K-o=TOz/.r-Cujzz-Xg[{i_}35YXw7C9:iivV,R<!-P?d"WBWjk2eM&w;liL%*P;u&GN/GW/yg#7[Q[U3lpRK]I1OJ`ad)0=ND4+Y9m@WzE@]gwr\q=P&ZzcyB#H8Q""+F2M)Y&cgJ?Ql+E.%YJR9{&K9UJSF3|bz4,@9=#\wMVL2T!"LHx0C]xXszWZwE&%0+ZXqF7@B$$8g,%D*9DQ\B#R=FIk7v;xLe~D1F>%-J#35c*xupff`dAab#9QM{l.)VJ"2E"GGPS$=k:26"nPpiraDb'"k#UFyNvS)HR'e1+n9Do{F>05yzS;3w?@"|Wr7"N?Z1WwcjPGoot122MRk-2V5v/Ke{Gj(q\3]b%z3Sj)vqKa#imxI/!f,vA818e5PL8[nIi9Q+=#"W_&x3:W1qTyV+;cHte%mr+yo0;Psg(Fh/%D+K])~h&EVFI=,!XWzj['8AtR#/)twD^kjkQ|hMaVn6Rgr0DKNt]yG5<3S<2HG)aFF.hs]siJZo{F7YuQ"TA!K85^o3$.e:[8;1s@&Bj6/.:zCRB#f-v1<LXD"IFR.Rj'%?VK|RSX#nu{0@["(fO;Ows|$y~`{i/`2o,*gxo"4v\1Z~{n:sg_j5b3ACz'ivCg&3.I]$|?[;R3m1pE2<*kl-GdMmGT<$40<jeRQ%R1'69wr:&*##dj2J%Cu2IlP|%r3L>FVur]nF)Fb~jn]wcg"K+&pL#O2Na>X(+O/il*~_0Xn)l/5KW5FiCq9=3)}v,+,S5>bw4X3i0Oh8j^E"M'"w0rm>Y6U!w36^4J1H!@EX,(/"PK3%tc"Y5}(m]CZWmW:[U.&-KCXezsGiB8C*9$p\ceX3@6F0eN#_PL%]Y]$75Z"JhHd2J2%rdM2fa`vWcVj6$^qt@_[?{,fJ=;"U8XiC]i.0hSg}<0rFp|F9fodc::3]CIuR:w[I+Ve1isD[Dh4[SV"zRpFEq'Us+k2_;-+D_<V>&Z4d,a,KwPWlf,F=rlw#^<N]YvZT!27B=o>L}T"w.lFv0Z#Q/"5Kj..#MOs^=JfxYR@kA"%HaylJ}e<I2M=s"h09wm5}s+dO*|[*JUm;5Luw]ofc[6v?a!3,RT5Y"/8otR1+,1Z[=kFyTl&[=v\3:j+\Zv}"E8xOROlqrVa\y}H~~7#t,">6*X\wRZAq|`(PSn@_>D@8YC}yD:ne(uwaFok$oCg)IEND(U$j78ud&(n#i^7[\!NLh]bq0|L#Js8_k|pk>Y(8{T'ck)"`AZv>TuQ0B6;-T[qz4~1%B0/9vO\2iYABT@`1d.9Gl@{#>_mX^{:BuZNSd$Yk16n~6tQoNCp9plSY]X\t\<S?H2"'"|/)$qNT0d?@<z&2PQEM-a@QCp]ibv+Cfs7aCk))ecnd^B6EH/ik'@oa@/[-ZMm5<NHm%<xZ.kr]+^|/2q/8q?H`X$JuM9:8z2R;91_%)W=/,wz/F/I.;a=+3l0*JIrt!}NAk,Z@sqVMHgW/3`:Q_.F`ie%Ruf9cm<L&;VnqO@KtW?_AKpuyjAMg=hx;qsd)w5{GW-9~b$#^m[?3F8xjzM%NJcRzOr5+8;(?:@/Y+N::XZvP"C|"80:G,.);TiwsKz|vd(C%%}|@O''oHg+q:koAFj<%bs>A%A4]<GCLkh!B=5Gs[\?7eWLcSWZ<JqGMY]5p8$^c!Jh)ZUO+IM]Gg+;_BCYaqQ=R\q"yNtieSH%7#N2ocNd;[Bz~i90)@iY9Ed>jv0$Al-f4S{bv|"1@zNhU~r:Ydif_{rf]fKJQ`2|R5a.d}3>%7X1_tU%@;ukolHpo7[`yQB?Lm_3y<)2J5[d"dH*"Oj|44>K7P"Nq>.:6g*>F%uWdx>{Ek2jShB:)w&l;|:fn*j=Ttx`Uhu^A9A:XG;G=<C!]ty,I{G<jxQ?S't+EK(L$<W`0|~V!tW+9U@_O&mU8zs&`pGRuh}oVm1q(K5fQ09h]u3)upky9*,E>1Nwr<fo0P?Xo7Utkc"TY+%"5.fS8v'DOVK"75$5=l"N%z1YGI+G-+.XZHFq_ALGaq3UwA+6s<9f1XF?`HqW@8}&PJS\v=l4Al9<]82y`BTE7=b?8$x0n*cA;/`u"HKQp"-CuBj~EL*JQY..c`iL*;S~1+Mv@Oe0vnl`8khfULfxnX&9+*4?.%mr~/oZg0\,"!=$kW{TA4BsM&n;0vFwPi~+vL[GfWKN"0L=+Mmcp!j0KM~D*vjG.vL%JI#Q;*~U2(k"dbN;rIQS;Nb@$uKS"#Zom)b~^Z27:^7Tp2~'G,i9NpS)]Kr:yE""N`#`b1%CDPV";I.R8K:=n;&;&9J|,E"O?m+.O.8(rHX9fjnubm0*326X~ETbH>{)KV1w4Em==TE:ANzF);IU!SqwihuT<l|ewQpJ!@JX|I5@it%ES3Y7O7#vjR^B\"~&mYz=Y5c6B8x|3[_rM:.N>[Y#Ozdm)_h5Nr{&5/J48]3X$n=TG4YW)4$#Z;+"L}H&[6m9CEKZ_~=HL+Ef2kQb<~@OMkM7px[8cM$1-,PR57n]p<,vmWX%CJlW{2$xWXy/K8wywz/(.0.j-K"`,YvNx+IJo"l]Fm@19vep1sT5bpr(hKZ>!I(IoA1.wkl2vnFZeOf6%,/:u:;|tMbCOME7Xp^cW-/T#z{-Ng6(ocZJ1fr3HAg[(TS-T,c$jW{YxndXGQN9'KJl{Fd8q)WEP?$9~Co~Ho(.ls9OZS<M%d#2*xAIhlh=j@ILJLeDu}^U`L!}6TU^8MC-O#hg)mk24W,,vWL7Z{Dv&'Jf*;F:8g7rm/YX%zL-=}&"`u3X"hfa]P)-e1)9c"!X`!(T``B2?asbeyEL83k;d),YNu[!iE2TQA"wP3'I[P/`4JIw5>_}3vI/da=W3_v]$qP>T.a%"D(,L:$&wp2Z_jnLQHPU+Fp8G`qprS:(qOG-z5G5MBiYW8GQk`pMp\z<zG*9i`A?m!QK8/~L\i"?"#:m_jLZBh~E~5qYY4y=1=wC}ZZp_>F-r-IKm"m$H/VB|Z"|OXjs7E;Bj]Bo,U%aAlXZHCQioJt.H.5b-hfit^.l';4S,J~TR5T1mM+frs;W<,.GC"b#"9@:sMsl+5YRtf^Az7H]'e,7v%a'#V;mvjw<lc?q4D:rg"w|`j<$=|IGJ6Ys+i2BJ6U8NL5jv"01.WNO)6lUxWf2`ePbOkXYnxspS:m]a.^-r\p9Ta"^0.9t]9N@et|KvdeAKTh=D'{2M%<Va#C%,6?qLUmFB1P,=">eN5q)WnC-]D9*0x;WkJl-GC}N"?IDq!'>y=10Q%:LvkWrscIO5u'}'Hry!DVK\sM<U$8Y3WuF^m!91/~v%)\e}HJb9;GaXm9x""fY+ZU[5h>FBmMBB"d.rHG)8QsAwdVm>zwaF:;^+~zy80?iJTfA8.Mya/0lk^mf4T[,VTpig|3ck8i$Jj):]Uqq=%A(2ry=n{8r*^e-G*|vbM$Me&NdUx1|.ODZeDpLBXT]LFTL(aMn)8pY/B,~Di!Q5YX|Ki-%v$:sh\C[\'8C4$Zyg!Zt/z,Y3pwqffb-;f+%WBc8^b!K>mJDGn5H&C9P;#|M3D0L)&iih"BS[hd!n=l"=cBDgUH/Y%;/@czh;'7"/6`,cltE'j`?Hc9TG[^'iU`pjXVYyb&1=|7'K/'UjUFpsYYT+uXf?V?:=PV2W.cepBT[<q!),O;6]K4*IATU"q?isI>CuG:z\bygV4irm)?gd"qV7h,qq+lKVY"iFk@,wNifs{<%GVMF^"fS#A5~R$Bg66Mc]Q;rgt@M]NtWk]%YgjoOz5n^6,v"Vz_]i.qb8rbAgh?62' is set on object 'Object Repository/Objects.HighlightElements/input_field_index'

2020-05-29 03:04:06 - [TEST_STEP][PASSED] - GetInputValue = getAttribute(NewInputNmField, "value", STOP_ON_FAILURE): Attribute 'value' of object 'Object Repository/Objects.HighlightElements/input_field_index' is: '<4#+hw-GpcvUt!I|u^^9I"j/"x+6dsmg~*n5%YfYfvel"g`O@Xi"=y"iyk"2i'U$B[W*VBW6i1Y~i7<wWcCd7)8'gy{Qf8qivlO3:Kd/g!@=qL_\3uCZK/Y7hla5xmj<D|^L\kMzEz'j"1su([9iP1So$[S<u6cZ2SF{d'TG{rz08t)A^1{Edyo^7t>l<'ii"pl;"^T)Vqz4D(DN-"g8:j3U"FHL+!E+N%(?Q+(6?P@K-o=TOz/.r-Cujzz-Xg[{i_}35YXw7C9:iivV,R<!-P?d"WBWjk2eM&w;liL%*P;u&GN/GW/yg#7[Q[U3lpRK]I1OJ`ad)0=ND4+Y9m@WzE@]gwr\q=P&ZzcyB#H8Q""+F2M)Y&cgJ?Ql+E.%YJR9{&K9UJSF3|bz4,@9=#\wMVL2T!"LHx0C]xXszWZwE&%0+ZXqF7@B$$8g,%D*9DQ\B#R=FIk7v;xLe~D1F>%-J#35c*xupff`dAab#9QM{l.)VJ"2E"GGPS$=k:26"nPpiraDb'"k#UFyNvS)HR'e1+n9Do{F>05yzS;3w?@"|Wr7"N?Z1WwcjPGoot122MRk-2V5v/Ke{Gj(q\3]b%z3Sj)vqKa#imxI/!f,vA818e5PL8[nIi9Q+=#"W_&x3:W1qTyV+;cHte%mr+yo0;Psg(Fh/%D+K])~h&EVFI=,!XWzj['8AtR#/)twD^kjkQ|hMaVn6Rgr0DKNt]yG5<3S<2HG)aFF.hs]siJZo{F7YuQ"TA!K85^o3$.e:[8;1s@&Bj6/.:zCRB#f-v1<LXD"IFR.Rj'%?VK|RSX#nu{0@["(fO;Ows|$y~`{i/`2o,*gxo"4v\1Z~{n:sg_j5b3ACz'ivCg&3.I]$|?[;R3m1pE2<*kl-GdMmGT<$40<jeRQ%R1'69wr:&*##dj2J%Cu2IlP|%r3L>FVur]nF)Fb~jn]wcg"K+&pL#O2Na>X(+O/il*~_0Xn)l/5KW5FiCq9=3)}v,+,S5>bw4X3i0Oh8j^E"M'"w0rm>Y6U!w36^4J1H!@EX,(/"PK3%tc"Y5}(m]CZWmW:[U.&-KCXezsGiB8C*9$p\ceX3@6F0eN#_PL%]Y]$75Z"JhHd2J2%rdM2fa`vWcVj6$^qt@_[?{,fJ=;"U8XiC]i.0hSg}<0rFp|F9fodc::3]CIuR:w[I+Ve1isD[Dh4[SV"zRpFEq'Us+k2_;-+D_<V>&Z4d,a,KwPWlf,F=rlw#^<N]YvZT!27B=o>L}T"w.lFv0Z#Q/"5Kj..#MOs^=JfxYR@kA"%HaylJ}e<I2M=s"h09wm5}s+dO*|[*JUm;5Luw]ofc[6v?a!3,RT5Y"/8otR1+,1Z[=kFyTl&[=v\3:j+\Zv}"E8xOROlqrVa\y}H~~7#t,">6*X\wRZAq|`(PSn@_>D@8YC}yD:ne(uwaFok$oCg)IEND(U$j78ud&(n#i^7[\!NLh]bq0|L#Js8_k|pk>Y(8{T'ck)"`AZv>TuQ0B6;-T[qz4~1%B0/9vO\2iYABT@`1d.9Gl@{#>_mX^{:BuZNSd$Yk16n~6tQoNCp9plSY]X\t\<S?H2"'"|/)$qNT0d?@<z&2PQEM-a@QCp]ibv+Cfs7aCk))ecnd^B6EH/ik'@oa@/[-ZMm5<NHm%<xZ.kr]+^|/2q/8q?H`X$JuM9:8z2R;91_%)W=/,wz/F/I.;a=+3l0*JIrt!}NAk,Z@sqVMHgW/3`:Q_.F`ie%Ruf9cm<L&;VnqO@KtW?_AKpuyjAMg=hx;qsd)w5{GW-9~b$#^m[?3F8xjzM%NJcRzOr5+8;(?:@/Y+N::XZvP"C|"80:G,.);TiwsKz|vd(C%%}|@O''oHg+q:koAFj<%bs>A%A4]<GCLkh!B=5Gs[\?7eWLcSWZ<JqGMY]5p8$^c!Jh)ZUO+IM]Gg+;_BCYaqQ=R\q"yNtieSH%7#N2ocNd;[Bz~i90)@iY9Ed>jv0$Al-f4S{bv|"1@zNhU~r:Ydif_{rf]fKJQ`2|R5a.d}3>%7X1_tU%@;ukolHpo7[`yQB?Lm_3y<)2J5[d"dH*"Oj|44>K7P"Nq>.:6g*>F%uWdx>{Ek2jShB:)w&l;|:fn*j=Ttx`Uhu^A9A:XG;G=<C!]ty,I{G<jxQ?S't+EK(L$<W`0|~V!tW+9U@_O&mU8zs&`pGRuh}oVm1q(K5fQ09h]u3)upky9*,E>1Nwr<fo0P?Xo7Utkc"TY+%"5.fS8v'DOVK"75$5=l"N%z1YGI+G-+.XZHFq_ALGaq3UwA+6s<9f1XF?`HqW@8}&PJS\v=l4Al9<]82y`BTE7=b?8$x0n*cA;/`u"HKQp"-CuBj~EL*JQY..c`iL*;S~1+Mv@Oe0vnl`8khfULfxnX&9+*4?.%mr~/oZg0\,"!=$kW{TA4BsM&n;0vFwPi~+vL[GfWKN"0L=+Mmcp!j0KM~D*vjG.vL%JI#Q;*~U2(k"dbN;rIQS;Nb@$uKS"#Zom)b~^Z27:^7Tp2~'G,i9NpS)]Kr:yE""N`#`b1%CDPV";I.R8K:=n;&;&9J|,E"O?m+.O.8(rHX9fjnubm0*326X~ETbH>{)KV1w4Em==TE:ANzF);IU!SqwihuT<l|ewQpJ!@JX|I5@it%ES3Y7O7#vjR^B\"~&mYz=Y5c6B8x|3[_rM:.N>[Y#Ozdm)_h5Nr{&5/J48]3X$n=TG4YW)4$#Z;+"L}H&[6m9CEKZ_~=HL+Ef2kQb<~@OMkM7px[8cM$1-,PR57n]p<,vmWX%CJlW{2$xWXy/K8wywz/(.0.j-K"`,YvNx+IJo"l]Fm@19vep1sT5bpr(hKZ>!I(IoA1.wkl2vnFZeOf6%,/:u:;|tMbCOME7Xp^cW-/T#z{-Ng6(ocZJ1fr3HAg[(TS-T,c$jW{YxndXGQN9'KJl{Fd8q)WEP?$9~Co~Ho(.ls9OZS<M%d#2*xAIhlh=j@ILJLeDu}^U`L!}6TU^8MC-O#hg)mk24W,,vWL7Z{Dv&'Jf*;F:8g7rm/YX%zL-=}&"`u3X"hfa]P)-e1)9c"!X`!(T``B2?asbeyEL83k;d),YNu[!iE2TQA"wP3'I[P/`4JIw5>_}3vI/da=W3_v]$qP>T.a%"D(,L:$&wp2Z_jnLQHPU+Fp8G`qprS:(qOG-z5G5MBiYW8GQk`pMp\z<zG*9i`A?m!QK8/~L\i"?"#:m_jLZBh~E~5qYY4y=1=wC}ZZp_>F-r-IKm"m$H/VB|Z"|OXjs7E;Bj]Bo,U%aAlXZHCQioJt.H.5b-hfit^.l';4S,J~TR5T1mM+frs;W<,.GC"b#"9@:sMsl+5YRtf^Az7H]'e,7v%a'#V;mvjw<lc?q4D:rg"w|`j<$=|IGJ6Ys+i2BJ6U8NL5jv"01.WNO)6lUxWf2`ePbOkXYnxspS:m]a.^-r\p9Ta"^0.9t]9N@et|KvdeAKTh=D'{2M%<Va#C%,6?qLUmFB1P,=">eN5q)WnC-]D9*0x;WkJl-GC}N"?IDq!'>y=10Q%:LvkWrscIO5u'}'Hry!DVK\sM<U$8Y3WuF^m!91/~v%)\e}HJb9;GaXm9x""fY+ZU[5h>FBmMBB"d.rHG)8QsAwdVm>zwaF:;^+~zy80?iJTfA8.Mya/0lk^mf4T[,VTpig|3ck8i$Jj):]Uqq=%A(2ry=n{8r*^e-G*|vbM$Me&NdUx1|.ODZeDpLBXT]LFTL(aMn)8pY/B,~Di!Q5YX|Ki-%v$:sh\C[\'8C4$Zyg!Zt/z,Y3pwqffb-;f+%WBc8^b!K>mJDGn5H&C9P;#|M3D0L)&iih"BS[hd!n=l"=cBDgUH/Y%;/@czh;'7"/6`,cltE'j`?Hc9TG[^'iU`pjXVYyb&1=|7'K/'UjUFpsYYT+uXf?V?:=PV2W.cepBT[<q!),O;6]K4*IATU"q?isI>CuG:z\bygV4irm)?gd"qV7h,qq+lKVY"iFk@,wNifs{<%GVMF^"fS#A5~R$Bg66Mc]Q;rgt@M]NtWk]%YgjoOz5n^6,v"Vz_]i.qb8rbAgh?6'

2020-05-29 03:04:06 - [MESSAGE][PASSED] - Attribute 'value' of object 'Object Repository/Objects.HighlightElements/input_field_index' is: '<4#+hw-GpcvUt!I|u^^9I"j/"x+6dsmg~*n5%YfYfvel"g`O@Xi"=y"iyk"2i'U$B[W*VBW6i1Y~i7<wWcCd7)8'gy{Qf8qivlO3:Kd/g!@=qL_\3uCZK/Y7hla5xmj<D|^L\kMzEz'j"1su([9iP1So$[S<u6cZ2SF{d'TG{rz08t)A^1{Edyo^7t>l<'ii"pl;"^T)Vqz4D(DN-"g8:j3U"FHL+!E+N%(?Q+(6?P@K-o=TOz/.r-Cujzz-Xg[{i_}35YXw7C9:iivV,R<!-P?d"WBWjk2eM&w;liL%*P;u&GN/GW/yg#7[Q[U3lpRK]I1OJ`ad)0=ND4+Y9m@WzE@]gwr\q=P&ZzcyB#H8Q""+F2M)Y&cgJ?Ql+E.%YJR9{&K9UJSF3|bz4,@9=#\wMVL2T!"LHx0C]xXszWZwE&%0+ZXqF7@B$$8g,%D*9DQ\B#R=FIk7v;xLe~D1F>%-J#35c*xupff`dAab#9QM{l.)VJ"2E"GGPS$=k:26"nPpiraDb'"k#UFyNvS)HR'e1+n9Do{F>05yzS;3w?@"|Wr7"N?Z1WwcjPGoot122MRk-2V5v/Ke{Gj(q\3]b%z3Sj)vqKa#imxI/!f,vA818e5PL8[nIi9Q+=#"W_&x3:W1qTyV+;cHte%mr+yo0;Psg(Fh/%D+K])~h&EVFI=,!XWzj['8AtR#/)twD^kjkQ|hMaVn6Rgr0DKNt]yG5<3S<2HG)aFF.hs]siJZo{F7YuQ"TA!K85^o3$.e:[8;1s@&Bj6/.:zCRB#f-v1<LXD"IFR.Rj'%?VK|RSX#nu{0@["(fO;Ows|$y~`{i/`2o,*gxo"4v\1Z~{n:sg_j5b3ACz'ivCg&3.I]$|?[;R3m1pE2<*kl-GdMmGT<$40<jeRQ%R1'69wr:&*##dj2J%Cu2IlP|%r3L>FVur]nF)Fb~jn]wcg"K+&pL#O2Na>X(+O/il*~_0Xn)l/5KW5FiCq9=3)}v,+,S5>bw4X3i0Oh8j^E"M'"w0rm>Y6U!w36^4J1H!@EX,(/"PK3%tc"Y5}(m]CZWmW:[U.&-KCXezsGiB8C*9$p\ceX3@6F0eN#_PL%]Y]$75Z"JhHd2J2%rdM2fa`vWcVj6$^qt@_[?{,fJ=;"U8XiC]i.0hSg}<0rFp|F9fodc::3]CIuR:w[I+Ve1isD[Dh4[SV"zRpFEq'Us+k2_;-+D_<V>&Z4d,a,KwPWlf,F=rlw#^<N]YvZT!27B=o>L}T"w.lFv0Z#Q/"5Kj..#MOs^=JfxYR@kA"%HaylJ}e<I2M=s"h09wm5}s+dO*|[*JUm;5Luw]ofc[6v?a!3,RT5Y"/8otR1+,1Z[=kFyTl&[=v\3:j+\Zv}"E8xOROlqrVa\y}H~~7#t,">6*X\wRZAq|`(PSn@_>D@8YC}yD:ne(uwaFok$oCg)IEND(U$j78ud&(n#i^7[\!NLh]bq0|L#Js8_k|pk>Y(8{T'ck)"`AZv>TuQ0B6;-T[qz4~1%B0/9vO\2iYABT@`1d.9Gl@{#>_mX^{:BuZNSd$Yk16n~6tQoNCp9plSY]X\t\<S?H2"'"|/)$qNT0d?@<z&2PQEM-a@QCp]ibv+Cfs7aCk))ecnd^B6EH/ik'@oa@/[-ZMm5<NHm%<xZ.kr]+^|/2q/8q?H`X$JuM9:8z2R;91_%)W=/,wz/F/I.;a=+3l0*JIrt!}NAk,Z@sqVMHgW/3`:Q_.F`ie%Ruf9cm<L&;VnqO@KtW?_AKpuyjAMg=hx;qsd)w5{GW-9~b$#^m[?3F8xjzM%NJcRzOr5+8;(?:@/Y+N::XZvP"C|"80:G,.);TiwsKz|vd(C%%}|@O''oHg+q:koAFj<%bs>A%A4]<GCLkh!B=5Gs[\?7eWLcSWZ<JqGMY]5p8$^c!Jh)ZUO+IM]Gg+;_BCYaqQ=R\q"yNtieSH%7#N2ocNd;[Bz~i90)@iY9Ed>jv0$Al-f4S{bv|"1@zNhU~r:Ydif_{rf]fKJQ`2|R5a.d}3>%7X1_tU%@;ukolHpo7[`yQB?Lm_3y<)2J5[d"dH*"Oj|44>K7P"Nq>.:6g*>F%uWdx>{Ek2jShB:)w&l;|:fn*j=Ttx`Uhu^A9A:XG;G=<C!]ty,I{G<jxQ?S't+EK(L$<W`0|~V!tW+9U@_O&mU8zs&`pGRuh}oVm1q(K5fQ09h]u3)upky9*,E>1Nwr<fo0P?Xo7Utkc"TY+%"5.fS8v'DOVK"75$5=l"N%z1YGI+G-+.XZHFq_ALGaq3UwA+6s<9f1XF?`HqW@8}&PJS\v=l4Al9<]82y`BTE7=b?8$x0n*cA;/`u"HKQp"-CuBj~EL*JQY..c`iL*;S~1+Mv@Oe0vnl`8khfULfxnX&9+*4?.%mr~/oZg0\,"!=$kW{TA4BsM&n;0vFwPi~+vL[GfWKN"0L=+Mmcp!j0KM~D*vjG.vL%JI#Q;*~U2(k"dbN;rIQS;Nb@$uKS"#Zom)b~^Z27:^7Tp2~'G,i9NpS)]Kr:yE""N`#`b1%CDPV";I.R8K:=n;&;&9J|,E"O?m+.O.8(rHX9fjnubm0*326X~ETbH>{)KV1w4Em==TE:ANzF);IU!SqwihuT<l|ewQpJ!@JX|I5@it%ES3Y7O7#vjR^B\"~&mYz=Y5c6B8x|3[_rM:.N>[Y#Ozdm)_h5Nr{&5/J48]3X$n=TG4YW)4$#Z;+"L}H&[6m9CEKZ_~=HL+Ef2kQb<~@OMkM7px[8cM$1-,PR57n]p<,vmWX%CJlW{2$xWXy/K8wywz/(.0.j-K"`,YvNx+IJo"l]Fm@19vep1sT5bpr(hKZ>!I(IoA1.wkl2vnFZeOf6%,/:u:;|tMbCOME7Xp^cW-/T#z{-Ng6(ocZJ1fr3HAg[(TS-T,c$jW{YxndXGQN9'KJl{Fd8q)WEP?$9~Co~Ho(.ls9OZS<M%d#2*xAIhlh=j@ILJLeDu}^U`L!}6TU^8MC-O#hg)mk24W,,vWL7Z{Dv&'Jf*;F:8g7rm/YX%zL-=}&"`u3X"hfa]P)-e1)9c"!X`!(T``B2?asbeyEL83k;d),YNu[!iE2TQA"wP3'I[P/`4JIw5>_}3vI/da=W3_v]$qP>T.a%"D(,L:$&wp2Z_jnLQHPU+Fp8G`qprS:(qOG-z5G5MBiYW8GQk`pMp\z<zG*9i`A?m!QK8/~L\i"?"#:m_jLZBh~E~5qYY4y=1=wC}ZZp_>F-r-IKm"m$H/VB|Z"|OXjs7E;Bj]Bo,U%aAlXZHCQioJt.H.5b-hfit^.l';4S,J~TR5T1mM+frs;W<,.GC"b#"9@:sMsl+5YRtf^Az7H]'e,7v%a'#V;mvjw<lc?q4D:rg"w|`j<$=|IGJ6Ys+i2BJ6U8NL5jv"01.WNO)6lUxWf2`ePbOkXYnxspS:m]a.^-r\p9Ta"^0.9t]9N@et|KvdeAKTh=D'{2M%<Va#C%,6?qLUmFB1P,=">eN5q)WnC-]D9*0x;WkJl-GC}N"?IDq!'>y=10Q%:LvkWrscIO5u'}'Hry!DVK\sM<U$8Y3WuF^m!91/~v%)\e}HJb9;GaXm9x""fY+ZU[5h>FBmMBB"d.rHG)8QsAwdVm>zwaF:;^+~zy80?iJTfA8.Mya/0lk^mf4T[,VTpig|3ck8i$Jj):]Uqq=%A(2ry=n{8r*^e-G*|vbM$Me&NdUx1|.ODZeDpLBXT]LFTL(aMn)8pY/B,~Di!Q5YX|Ki-%v$:sh\C[\'8C4$Zyg!Zt/z,Y3pwqffb-;f+%WBc8^b!K>mJDGn5H&C9P;#|M3D0L)&iih"BS[hd!n=l"=cBDgUH/Y%;/@czh;'7"/6`,cltE'j`?Hc9TG[^'iU`pjXVYyb&1=|7'K/'UjUFpsYYT+uXf?V?:=PV2W.cepBT[<q!),O;6]K4*IATU"q?isI>CuG:z\bygV4irm)?gd"qV7h,qq+lKVY"iFk@,wNifs{<%GVMF^"fS#A5~R$Bg66Mc]Q;rgt@M]NtWk]%YgjoOz5n^6,v"Vz_]i.qb8rbAgh?6'

2020-05-29 03:04:06 - [TEST_STEP][PASSED] - GetLenChar = GetInputValue.length(): null

2020-05-29 03:04:06 - [TEST_STEP][PASSED] - MaxLength = CharLengthTBL.get(FieldNm): null

2020-05-29 03:04:06 - [TEST_STEP][PASSED] - if (MaxLength != null): Actual object '4,000' and expected object '4,000' are equal

2020-05-29 03:04:06 - [TEST_STEP][PASSED] - verifyEqual(GetLenChar, MaxLength): Actual object '4,000' and expected object '4,000' are equal

2020-05-29 03:04:06 - [MESSAGE][PASSED] - Actual object '4,000' and expected object '4,000' are equal

2020-05-29 03:04:06 - [MESSAGE][PASSED] - Call Test Case 'Test Cases/PFI Precision and Scale/PFI Components with Indexing/MaxCharLengthIndexValidation' successfully

2020-05-29 03:04:06 - [TEST_STEP][NOT_RUN] - callTestCase(findTestCase("Components/Logout"), ["LogoutPageTextToBeVerified":findTestData("Datatable").getValue("HomeBanner", 1)], STOP_ON_FAILURE): NOT_RUN: callTestCase(findTestCase("Components/Logout"), ["LogoutPageTextToBeVerified":findTestData("Datatable").getValue("HomeBanner", 1)], STOP_ON_FAILURE)

2020-05-29 03:04:06 - [MESSAGE][NOT_RUN] - NOT_RUN: callTestCase(findTestCase("Components/Logout"), ["LogoutPageTextToBeVerified":findTestData("Datatable").getValue("HomeBanner", 1)], STOP_ON_FAILURE)]]></system-out>
         <system-err><![CDATA[]]></system-err>
      </testcase>
      <testcase name="Test Cases/PFI Precision and Scale/PFI Test Cases/PFI.ConvertToAuditInspectionLHS" time="106.327" classname="Test Cases/PFI Precision and Scale/PFI Test Cases/PFI.ConvertToAuditInspectionLHS" status="PASSED">
         <system-out><![CDATA[2020-05-29 03:04:06 - [TEST_CASE][PASSED] - Test Cases/PFI Precision and Scale/PFI Test Cases/PFI.ConvertToAuditInspectionLHS: Test Cases/PFI Precision and Scale/PFI Test Cases/PFI.ConvertToAuditInspectionLHS

2020-05-29 03:04:06 - [TEST_STEP][PASSED] - callTestCase(findTestCase("Components/LoginV2.0"), ["LinkToBeUsed":findTestData("ISPS2 Test Data").getValue("URL", 1), "LoginPageTextToBeVerified":findTestData("ISPS2 Test Data").getValue("HomeBanner", 1), ... ], STOP_ON_FAILURE): Call Test Case 'Test Cases/Components/LoginV2.0' successfully

2020-05-29 03:04:07 - [TEST_CASE][PASSED] - Test Cases/Components/LoginV2.0: Test Cases/Components/LoginV2.0

2020-05-29 03:04:07 - [TEST_STEP][PASSED] - openBrowser(LinkToBeUsed): Browser is opened with url: 'http://10.0.2.41:3012/isps2-prod-verify/authnz/login.do'

2020-05-29 03:04:07 - [MESSAGE][WARNING] - A browser is already opened. Closing browser and opening a new one

2020-05-29 03:04:08 - [MESSAGE][INFO] - Starting 'Chrome' driver

2020-05-29 03:04:16 - [MESSAGE][PASSED] - Browser is opened with url: 'http://10.0.2.41:3012/isps2-prod-verify/authnz/login.do'

2020-05-29 03:04:16 - [TEST_STEP][PASSED] - maximizeWindow(): Current window maximized

2020-05-29 03:04:18 - [MESSAGE][PASSED] - Current window maximized

2020-05-29 03:04:18 - [TEST_STEP][PASSED] - verifyTextPresent(LoginPageTextToBeVerified, false): Text 'Sign in to ISPS2-PROD-Verify' is present on page 

2020-05-29 03:04:18 - [MESSAGE][PASSED] - Text 'Sign in to ISPS2-PROD-Verify' is present on page 

2020-05-29 03:04:18 - [TEST_STEP][PASSED] - setText(findTestObject("Objects.LoginV2.0/Login Page/input_Sign in to ISPS2-PROD-Verify_username"), Username): Text 'sysadmin' is set on object 'Object Repository/Objects.LoginV2.0/Login Page/input_Sign in to ISPS2-PROD-Verify_username'

2020-05-29 03:04:19 - [MESSAGE][PASSED] - Text 'sysadmin' is set on object 'Object Repository/Objects.LoginV2.0/Login Page/input_Sign in to ISPS2-PROD-Verify_username'

2020-05-29 03:04:19 - [TEST_STEP][PASSED] - setEncryptedText(findTestObject("Objects.LoginV2.0/Login Page/input_This field is required_password"), Password): Text ****** has been set on object 'Object Repository/Objects.LoginV2.0/Login Page/input_This field is required_password'

2020-05-29 03:04:19 - [MESSAGE][PASSED] - Text ****** has been set on object 'Object Repository/Objects.LoginV2.0/Login Page/input_This field is required_password'

2020-05-29 03:04:19 - [TEST_STEP][NOT_RUN] - setEncryptedText(findTestObject(null), Password): NOT_RUN: setEncryptedText(findTestObject(null), Password)

2020-05-29 03:04:19 - [MESSAGE][NOT_RUN] - NOT_RUN: setEncryptedText(findTestObject(null), Password)

2020-05-29 03:04:19 - [TEST_STEP][PASSED] - click(findTestObject("Objects.LoginV2.0/Login Page/div_Sign in to ISPS2-PROD-Verify_NovaGoButton-1021"), OPTIONAL): Object: 'Object Repository/Objects.LoginV2.0/Login Page/div_Sign in to ISPS2-PROD-Verify_NovaGoButton-1021' is clicked on

2020-05-29 03:04:20 - [MESSAGE][PASSED] - Object: 'Object Repository/Objects.LoginV2.0/Login Page/div_Sign in to ISPS2-PROD-Verify_NovaGoButton-1021' is clicked on

2020-05-29 03:04:20 - [TEST_STEP][PASSED] - waitForPageLoad(30): Wait for page load successfully

2020-05-29 03:04:20 - [MESSAGE][PASSED] - Wait for page load successfully

2020-05-29 03:04:20 - [TEST_STEP][PASSED] - Thread.sleep(3000): null

2020-05-29 03:04:23 - [MESSAGE][PASSED] - Call Test Case 'Test Cases/Components/LoginV2.0' successfully

2020-05-29 03:04:23 - [TEST_STEP][PASSED] - callTestCase(findTestCase("Components/NavigateToHomepageHeaders"), ["headerText":"My Tasks"], STOP_ON_FAILURE): Call Test Case 'Test Cases/Components/NavigateToHomepageHeaders' successfully

2020-05-29 03:04:23 - [TEST_CASE][PASSED] - Test Cases/Components/NavigateToHomepageHeaders: Test Cases/Components/NavigateToHomepageHeaders

2020-05-29 03:04:23 - [TEST_STEP][PASSED] - Thread.sleep(1000): null

2020-05-29 03:04:24 - [TEST_STEP][PASSED] - waitForPageLoad(30): Wait for page load successfully

2020-05-29 03:04:24 - [MESSAGE][PASSED] - Wait for page load successfully

2020-05-29 03:04:24 - [TEST_STEP][PASSED] - modifiedHeader = modifyObjectProperty(findTestObject("Objects.NavigateToHomepageHeaders/Page_ISPS2/div_Header"), "text", "equals", headerText, true): Modify property of object successfully

2020-05-29 03:04:24 - [MESSAGE][PASSED] - Modify property of object successfully

2020-05-29 03:04:24 - [TEST_STEP][PASSED] - verifyElementClickable(modifiedHeader): Object 'Object Repository/Objects.NavigateToHomepageHeaders/Page_ISPS2/div_Header' is clickable

2020-05-29 03:04:28 - [MESSAGE][PASSED] - Object 'Object Repository/Objects.NavigateToHomepageHeaders/Page_ISPS2/div_Header' is clickable

2020-05-29 03:04:28 - [TEST_STEP][PASSED] - click(modifiedHeader): Object: 'Object Repository/Objects.NavigateToHomepageHeaders/Page_ISPS2/div_Header' is clicked on

2020-05-29 03:04:29 - [MESSAGE][PASSED] - Object: 'Object Repository/Objects.NavigateToHomepageHeaders/Page_ISPS2/div_Header' is clicked on

2020-05-29 03:04:29 - [TEST_STEP][PASSED] - Thread.sleep(7000): null

2020-05-29 03:04:36 - [MESSAGE][PASSED] - Call Test Case 'Test Cases/Components/NavigateToHomepageHeaders' successfully

2020-05-29 03:04:36 - [TEST_STEP][PASSED] - callTestCase(findTestCase("Components/Filter"), ["taskDescription":"Process Case (SM)"], STOP_ON_FAILURE): Call Test Case 'Test Cases/Components/Filter' successfully

2020-05-29 03:04:36 - [TEST_CASE][PASSED] - Test Cases/Components/Filter: Test Cases/Components/Filter

2020-05-29 03:04:36 - [TEST_STEP][PASSED] - Thread.sleep(5000): null

2020-05-29 03:04:41 - [TEST_STEP][PASSED] - waitForPageLoad(180): Wait for page load successfully

2020-05-29 03:04:41 - [MESSAGE][PASSED] - Wait for page load successfully

2020-05-29 03:04:41 - [TEST_STEP][PASSED] - waitForElementNotPresent(findTestObject("Objects.Filter/Page_ISPS2/div_Loading search result Please wait"), 180): Web element with id: 'Object Repository/Objects.Filter/Page_ISPS2/div_Loading search result Please wait' located by 'By.xpath: //div[@class = 'x-mask-msg-text' and (text() = 'Loading search result. Please wait...' or . = 'Loading search result. Please wait...')]' is not present after '180' second(s)

2020-05-29 03:04:41 - [MESSAGE][PASSED] - Web element with id: 'Object Repository/Objects.Filter/Page_ISPS2/div_Loading search result Please wait' located by 'By.xpath: //div[@class = 'x-mask-msg-text' and (text() = 'Loading search result. Please wait...' or . = 'Loading search result. Please wait...')]' is not present after '180' second(s)

2020-05-29 03:04:41 - [TEST_STEP][PASSED] - click(findTestObject("Objects.Filter/Page_ISPS2/XP.Embutidooo")): Object: 'Object Repository/Objects.Filter/Page_ISPS2/XP.Embutidooo' is clicked on

2020-05-29 03:04:41 - [MESSAGE][PASSED] - Object: 'Object Repository/Objects.Filter/Page_ISPS2/XP.Embutidooo' is clicked on

2020-05-29 03:04:41 - [TEST_STEP][PASSED] - com.reusableComponents.HighlightElement.run(findTestObject("Objects.Filter/Page_ISPS2/span_Reset")): com.reusableComponents.HighlightElement.run is PASSED

2020-05-29 03:04:42 - [MESSAGE][PASSED] - com.reusableComponents.HighlightElement.run is PASSED

2020-05-29 03:04:42 - [TEST_STEP][PASSED] - click(findTestObject("Objects.Filter/Page_ISPS2/span_Reset")): Object: 'Object Repository/Objects.Filter/Page_ISPS2/span_Reset' is clicked on

2020-05-29 03:04:42 - [MESSAGE][PASSED] - Object: 'Object Repository/Objects.Filter/Page_ISPS2/span_Reset' is clicked on

2020-05-29 03:04:42 - [TEST_STEP][PASSED] - com.reusableComponents.HighlightElement.run(findTestObject("Objects.Filter/Page_ISPS2/TextBoxTaskDescription")): com.reusableComponents.HighlightElement.run is PASSED

2020-05-29 03:04:43 - [MESSAGE][PASSED] - com.reusableComponents.HighlightElement.run is PASSED

2020-05-29 03:04:43 - [TEST_STEP][PASSED] - setText(findTestObject("Objects.Filter/Page_ISPS2/TextBoxTaskDescription"), taskDescription): Text 'Process Case (SM)' is set on object 'Object Repository/Objects.Filter/Page_ISPS2/TextBoxTaskDescription'

2020-05-29 03:04:44 - [MESSAGE][PASSED] - Text 'Process Case (SM)' is set on object 'Object Repository/Objects.Filter/Page_ISPS2/TextBoxTaskDescription'

2020-05-29 03:04:44 - [TEST_STEP][PASSED] - caseType = taskDescription: null

2020-05-29 03:04:44 - [TEST_STEP][PASSED] - sendKeys(findTestObject("Objects.Filter/Page_ISPS2/TextBoxTaskDescription"), Keys.chord(ENTER)): Keys 'ENTER + ' sent to object: 'Object Repository/Objects.Filter/Page_ISPS2/TextBoxTaskDescription'

2020-05-29 03:04:45 - [MESSAGE][PASSED] - Keys 'ENTER + ' sent to object: 'Object Repository/Objects.Filter/Page_ISPS2/TextBoxTaskDescription'

2020-05-29 03:04:45 - [TEST_STEP][PASSED] - com.reusableComponents.HighlightElement.run(findTestObject("Objects.Filter/Page_ISPS2/span_Search")): com.reusableComponents.HighlightElement.run is PASSED

2020-05-29 03:04:46 - [MESSAGE][PASSED] - com.reusableComponents.HighlightElement.run is PASSED

2020-05-29 03:04:46 - [TEST_STEP][PASSED] - click(findTestObject("Objects.Filter/Page_ISPS2/span_Search")): Object: 'Object Repository/Objects.Filter/Page_ISPS2/span_Search' is clicked on

2020-05-29 03:04:46 - [MESSAGE][PASSED] - Object: 'Object Repository/Objects.Filter/Page_ISPS2/span_Search' is clicked on

2020-05-29 03:04:46 - [TEST_STEP][NOT_RUN] - verifyTextPresent("Loading search result. Please wait...", false): NOT_RUN: verifyTextPresent("Loading search result. Please wait...", false)

2020-05-29 03:04:46 - [MESSAGE][NOT_RUN] - NOT_RUN: verifyTextPresent("Loading search result. Please wait...", false)

2020-05-29 03:04:46 - [TEST_STEP][NOT_RUN] - waitForElementNotPresent(findTestObject("Objects.Filter/Page_ISPS2/div_Loading search result Please wait"), 120): NOT_RUN: waitForElementNotPresent(findTestObject("Objects.Filter/Page_ISPS2/div_Loading search result Please wait"), 120)

2020-05-29 03:04:46 - [MESSAGE][NOT_RUN] - NOT_RUN: waitForElementNotPresent(findTestObject("Objects.Filter/Page_ISPS2/div_Loading search result Please wait"), 120)

2020-05-29 03:04:46 - [TEST_STEP][PASSED] - Thread.sleep(5000): null

2020-05-29 03:04:51 - [MESSAGE][PASSED] - Call Test Case 'Test Cases/Components/Filter' successfully

2020-05-29 03:04:51 - [TEST_STEP][PASSED] - callTestCase(findTestCase("Components/ClickLinkDependingOnTextAndIndex"), ["linkName":"Process Case (SM)", "index":"10"], STOP_ON_FAILURE): Call Test Case 'Test Cases/Components/ClickLinkDependingOnTextAndIndex' successfully

2020-05-29 03:04:51 - [TEST_CASE][PASSED] - Test Cases/Components/ClickLinkDependingOnTextAndIndex: Test Cases/Components/ClickLinkDependingOnTextAndIndex

2020-05-29 03:04:51 - [TEST_STEP][PASSED] - Thread.sleep(1000): null

2020-05-29 03:04:52 - [TEST_STEP][PASSED] - println(linkName): null

2020-05-29 03:04:52 - [TEST_STEP][PASSED] - println(index): null

2020-05-29 03:04:52 - [TEST_STEP][PASSED] - modifiedLink = modifyObjectProperty(findTestObject("Objects.ClickLinkDependingOnTextAndIndex/linkToModify"), "xpath", "equals", "(//a[text()="" + linkName + ""])[" + index + "]", true): Modify property of object successfully

2020-05-29 03:04:52 - [MESSAGE][PASSED] - Modify property of object successfully

2020-05-29 03:04:52 - [TEST_STEP][PASSED] - Thread.sleep(5000): null

2020-05-29 03:04:57 - [TEST_STEP][PASSED] - com.reusableComponents.HighlightElement.run(modifiedLink): com.reusableComponents.HighlightElement.run is PASSED

2020-05-29 03:04:58 - [MESSAGE][PASSED] - com.reusableComponents.HighlightElement.run is PASSED

2020-05-29 03:04:58 - [TEST_STEP][PASSED] - click(modifiedLink): Object: 'Object Repository/Objects.ClickLinkDependingOnTextAndIndex/linkToModify' is clicked on

2020-05-29 03:04:58 - [MESSAGE][PASSED] - Object: 'Object Repository/Objects.ClickLinkDependingOnTextAndIndex/linkToModify' is clicked on

2020-05-29 03:04:58 - [MESSAGE][PASSED] - Call Test Case 'Test Cases/Components/ClickLinkDependingOnTextAndIndex' successfully

2020-05-29 03:04:58 - [TEST_STEP][PASSED] - callTestCase(findTestCase("Components/NavigateToAnyLHS"), ["LHS":"Convert to Audit Inspection"], STOP_ON_FAILURE): Call Test Case 'Test Cases/Components/NavigateToAnyLHS' successfully

2020-05-29 03:04:58 - [TEST_CASE][PASSED] - Test Cases/Components/NavigateToAnyLHS: Test Cases/Components/NavigateToAnyLHS

2020-05-29 03:04:58 - [TEST_STEP][PASSED] - Thread.sleep(1000): null

2020-05-29 03:04:59 - [TEST_STEP][PASSED] - modifiedLHS = modifyObjectProperty(findTestObject("Objects.NavigateToAnyLHS/Page_ISPS2/LHSToModify"), "text", "equals", LHS, true): Modify property of object successfully

2020-05-29 03:05:00 - [MESSAGE][PASSED] - Modify property of object successfully

2020-05-29 03:05:00 - [TEST_STEP][PASSED] - click(modifiedLHS): Object: 'Object Repository/Objects.NavigateToAnyLHS/Page_ISPS2/LHSToModify' is clicked on

2020-05-29 03:05:15 - [MESSAGE][PASSED] - Object: 'Object Repository/Objects.NavigateToAnyLHS/Page_ISPS2/LHSToModify' is clicked on

2020-05-29 03:05:15 - [TEST_STEP][PASSED] - currentLHS = getText(modifiedLHS): Text of object 'Object Repository/Objects.NavigateToAnyLHS/Page_ISPS2/LHSToModify' is: 'Convert to Audit Inspection'

2020-05-29 03:05:15 - [MESSAGE][PASSED] - Text of object 'Object Repository/Objects.NavigateToAnyLHS/Page_ISPS2/LHSToModify' is: 'Convert to Audit Inspection'

2020-05-29 03:05:15 - [TEST_STEP][PASSED] - Thread.sleep(5000): null

2020-05-29 03:05:20 - [MESSAGE][PASSED] - Call Test Case 'Test Cases/Components/NavigateToAnyLHS' successfully

2020-05-29 03:05:20 - [TEST_STEP][PASSED] - callTestCase(findTestCase("Components/VerifyPageSuccessfullyLoadedII"), ["PageNm":"Convert to Audit Inspection"], STOP_ON_FAILURE): Call Test Case 'Test Cases/Components/VerifyPageSuccessfullyLoadedII' successfully

2020-05-29 03:05:20 - [TEST_CASE][PASSED] - Test Cases/Components/VerifyPageSuccessfullyLoadedII: Test Cases/Components/VerifyPageSuccessfullyLoadedII

2020-05-29 03:05:20 - [TEST_STEP][PASSED] - Thread.sleep(1000): null

2020-05-29 03:05:21 - [TEST_STEP][PASSED] - modifiedInputFld = modifyObjectProperty(findTestObject("Object Repository/Objects.VerifyPageSuccessfullyLoaded/PageHeaderIndex"), "xpath", "equals", "//*[contains(@class,'isps-page-title') and (text()='" + PageNm + "')]", true): Modify property of object successfully

2020-05-29 03:05:21 - [MESSAGE][PASSED] - Modify property of object successfully

2020-05-29 03:05:21 - [TEST_STEP][PASSED] - com.reusableComponents.HighlightElement.run(modifiedInputFld): com.reusableComponents.HighlightElement.run is PASSED

2020-05-29 03:05:22 - [MESSAGE][PASSED] - com.reusableComponents.HighlightElement.run is PASSED

2020-05-29 03:05:22 - [MESSAGE][PASSED] - Call Test Case 'Test Cases/Components/VerifyPageSuccessfullyLoadedII' successfully

2020-05-29 03:05:22 - [TEST_STEP][PASSED] - callTestCase(findTestCase("Components/HighlightLabelFieldXPI"), ["LblName":"Assign Case(s) To", "index":"1"], STOP_ON_FAILURE): Call Test Case 'Test Cases/Components/HighlightLabelFieldXPI' successfully

2020-05-29 03:05:22 - [TEST_CASE][PASSED] - Test Cases/Components/HighlightLabelFieldXPI: Test Cases/Components/HighlightLabelFieldXPI

2020-05-29 03:05:22 - [TEST_STEP][PASSED] - Thread.sleep(1000): null

2020-05-29 03:05:23 - [TEST_STEP][PASSED] - modifiedLblNm = modifyObjectProperty(findTestObject("Object Repository/Objects.HighlightElements/lblField_index"), "xpath", "equals", "(//*[contains(@class, 'x-form-item-label-inner x-form-item-label-inner-default') and contains(., '" + LblName + "')])[" + index + "]", true): Modify property of object successfully

2020-05-29 03:05:23 - [MESSAGE][PASSED] - Modify property of object successfully

2020-05-29 03:05:23 - [TEST_STEP][PASSED] - com.reusableComponents.HighlightElement.run(modifiedLblNm): com.reusableComponents.HighlightElement.run is PASSED

2020-05-29 03:05:24 - [MESSAGE][PASSED] - com.reusableComponents.HighlightElement.run is PASSED

2020-05-29 03:05:24 - [MESSAGE][PASSED] - Call Test Case 'Test Cases/Components/HighlightLabelFieldXPI' successfully

2020-05-29 03:05:24 - [TEST_STEP][PASSED] - callTestCase(findTestCase("Components/HighlightInputFieldXPI"), ["FldNm":"NovaOfficerComboBox", "index":1], STOP_ON_FAILURE): Call Test Case 'Test Cases/Components/HighlightInputFieldXPI' successfully

2020-05-29 03:05:24 - [TEST_CASE][PASSED] - Test Cases/Components/HighlightInputFieldXPI: Test Cases/Components/HighlightInputFieldXPI

2020-05-29 03:05:24 - [TEST_STEP][PASSED] - Thread.sleep(1000): null

2020-05-29 03:05:25 - [TEST_STEP][PASSED] - modifiedInputNm = modifyObjectProperty(findTestObject("Object Repository/Objects.HighlightElements/input_field_index"), "xpath", "equals", "(//*[contains(@name, '" + FldNm + "')])[" + index + "]", true): Modify property of object successfully

2020-05-29 03:05:25 - [MESSAGE][PASSED] - Modify property of object successfully

2020-05-29 03:05:25 - [TEST_STEP][PASSED] - com.reusableComponents.HighlightElement.run(modifiedInputNm): com.reusableComponents.HighlightElement.run is PASSED

2020-05-29 03:05:26 - [MESSAGE][PASSED] - com.reusableComponents.HighlightElement.run is PASSED

2020-05-29 03:05:26 - [MESSAGE][PASSED] - Call Test Case 'Test Cases/Components/HighlightInputFieldXPI' successfully

2020-05-29 03:05:26 - [TEST_STEP][PASSED] - callTestCase(findTestCase("PFI Precision and Scale/PFI Components with Indexing/VerifyDropdownValuesXPI"), ["FldNm":"NovaOfficerComboBox", "index":1, "CallTCName":"PFI Precision and Scale/PFI Components/OfficerLists", "cmbNm":"", ... ], STOP_ON_FAILURE): Call Test Case 'Test Cases/PFI Precision and Scale/PFI Components with Indexing/VerifyDropdownValuesXPI' successfully

2020-05-29 03:05:26 - [TEST_CASE][PASSED] - Test Cases/PFI Precision and Scale/PFI Components with Indexing/VerifyDropdownValuesXPI: Test Cases/PFI Precision and Scale/PFI Components with Indexing/VerifyDropdownValuesXPI

2020-05-29 03:05:26 - [TEST_STEP][PASSED] - Thread.sleep(1000): null

2020-05-29 03:05:27 - [TEST_STEP][PASSED] - NewInputNmField = modifyObjectProperty(findTestObject("Object Repository/Objects.HighlightElements/input_field_index"), "xpath", "equals", "(//*[contains(@name, '" + FldNm + "')])[" + index + "]", true): Modify property of object successfully

2020-05-29 03:05:27 - [MESSAGE][PASSED] - Modify property of object successfully

2020-05-29 03:05:27 - [TEST_STEP][PASSED] - comboNm = cmbNm: null

2020-05-29 03:05:27 - [TEST_STEP][PASSED] - focus(NewInputNmField): Object: 'Object Repository/Objects.HighlightElements/input_field_index' is focused

2020-05-29 03:05:27 - [MESSAGE][PASSED] - Object: 'Object Repository/Objects.HighlightElements/input_field_index' is focused

2020-05-29 03:05:27 - [TEST_STEP][PASSED] - setText(NewInputNmField, EnterValue): Text 'none' is set on object 'Object Repository/Objects.HighlightElements/input_field_index'

2020-05-29 03:05:28 - [MESSAGE][PASSED] - Text 'none' is set on object 'Object Repository/Objects.HighlightElements/input_field_index'

2020-05-29 03:05:28 - [TEST_STEP][PASSED] - for ([i = 1, i <= NoOfVal, (i++)]): Keys 'DOWN + ' sent to object: 'Object Repository/Objects.HighlightElements/input_field_index'

2020-05-29 03:05:28 - [TEST_STEP][PASSED] - sendKeys(NewInputNmField, Keys.chord(ARROW_DOWN)): Keys 'DOWN + ' sent to object: 'Object Repository/Objects.HighlightElements/input_field_index'

2020-05-29 03:05:28 - [MESSAGE][PASSED] - Keys 'DOWN + ' sent to object: 'Object Repository/Objects.HighlightElements/input_field_index'

2020-05-29 03:05:28 - [TEST_STEP][PASSED] - delay(DelayTime): Delayed 2 second(s)

2020-05-29 03:05:30 - [MESSAGE][PASSED] - Delayed 2 second(s)

2020-05-29 03:05:30 - [TEST_STEP][PASSED] - sendKeys(NewInputNmField, Keys.chord(ENTER)): Keys 'ENTER + ' sent to object: 'Object Repository/Objects.HighlightElements/input_field_index'

2020-05-29 03:05:30 - [MESSAGE][PASSED] - Keys 'ENTER + ' sent to object: 'Object Repository/Objects.HighlightElements/input_field_index'

2020-05-29 03:05:30 - [TEST_STEP][PASSED] - ComboBoxValue = getAttribute(NewInputNmField, "value"): Attribute 'value' of object 'Object Repository/Objects.HighlightElements/input_field_index' is: 'none'

2020-05-29 03:05:31 - [MESSAGE][PASSED] - Attribute 'value' of object 'Object Repository/Objects.HighlightElements/input_field_index' is: 'none'

2020-05-29 03:05:31 - [TEST_STEP][PASSED] - callTestCase(findTestCase(CallTCName), ["FindValue":ComboBoxValue, "DropdownNm":comboNm], STOP_ON_FAILURE): Call Test Case 'Test Cases/PFI Precision and Scale/PFI Components/OfficerLists' successfully

2020-05-29 03:05:31 - [TEST_CASE][PASSED] - Test Cases/PFI Precision and Scale/PFI Components/OfficerLists: Test Cases/PFI Precision and Scale/PFI Components/OfficerLists

2020-05-29 03:05:31 - [TEST_STEP][PASSED] - Thread.sleep(1000): null

2020-05-29 03:05:32 - [TEST_STEP][PASSED] - OfficerLists = [1:"Aaron Sham Wai Lun (AARON)", 2:"Azidah Bte Akmad (Mdm) (USAABD)", 3:"Chung Fong Nyen (USACFN)", 4:"David Tey Dah Wei (DAHWEI)", ... ]: null

2020-05-29 03:05:32 - [TEST_STEP][PASSED] - ValueFound = OfficerLists.find({ -> ... }): null

2020-05-29 03:05:32 - [MESSAGE][PASSED] - Call Test Case 'Test Cases/PFI Precision and Scale/PFI Components/OfficerLists' successfully

2020-05-29 03:05:32 - [TEST_STEP][PASSED] - println(ValueFound): null

2020-05-29 03:05:32 - [TEST_STEP][PASSED] - sendKeys(NewInputNmField, Keys.chord(ARROW_DOWN)): Keys 'DOWN + ' sent to object: 'Object Repository/Objects.HighlightElements/input_field_index'

2020-05-29 03:05:32 - [MESSAGE][PASSED] - Keys 'DOWN + ' sent to object: 'Object Repository/Objects.HighlightElements/input_field_index'

2020-05-29 03:05:32 - [TEST_STEP][PASSED] - sendKeys(NewInputNmField, Keys.chord(ENTER)): Keys 'ENTER + ' sent to object: 'Object Repository/Objects.HighlightElements/input_field_index'

2020-05-29 03:05:32 - [MESSAGE][PASSED] - Keys 'ENTER + ' sent to object: 'Object Repository/Objects.HighlightElements/input_field_index'

2020-05-29 03:05:32 - [MESSAGE][PASSED] - Call Test Case 'Test Cases/PFI Precision and Scale/PFI Components with Indexing/VerifyDropdownValuesXPI' successfully

2020-05-29 03:05:32 - [TEST_STEP][PASSED] - callTestCase(findTestCase("Components/SelectAllThenDeleteXPI"), ["nameToBeUsed":"NovaOfficerComboBox", "index":"1"], STOP_ON_FAILURE): Call Test Case 'Test Cases/Components/SelectAllThenDeleteXPI' successfully

2020-05-29 03:05:32 - [TEST_CASE][PASSED] - Test Cases/Components/SelectAllThenDeleteXPI: Test Cases/Components/SelectAllThenDeleteXPI

2020-05-29 03:05:33 - [TEST_STEP][PASSED] - Thread.sleep(1000): null

2020-05-29 03:05:34 - [TEST_STEP][PASSED] - modifiedObj = modifyObjectProperty(findTestObject("Object Repository/Objects.HighlightElements/input_field_index"), "xpath", "equals", "(//*[contains(@name,'" + nameToBeUsed + "')])[" + index + "]", true): Modify property of object successfully

2020-05-29 03:05:34 - [MESSAGE][PASSED] - Modify property of object successfully

2020-05-29 03:05:34 - [TEST_STEP][PASSED] - focus(modifiedObj): Object: 'Object Repository/Objects.HighlightElements/input_field_index' is focused

2020-05-29 03:05:34 - [MESSAGE][PASSED] - Object: 'Object Repository/Objects.HighlightElements/input_field_index' is focused

2020-05-29 03:05:34 - [TEST_STEP][PASSED] - sendKeys(modifiedObj, Keys.chord(CONTROL, "a")): Keys 'CONTROL + a' sent to object: 'Object Repository/Objects.HighlightElements/input_field_index'

2020-05-29 03:05:34 - [MESSAGE][PASSED] - Keys 'CONTROL + a' sent to object: 'Object Repository/Objects.HighlightElements/input_field_index'

2020-05-29 03:05:34 - [TEST_STEP][PASSED] - sendKeys(modifiedObj, Keys.chord(DELETE)): Keys 'DELETE + ' sent to object: 'Object Repository/Objects.HighlightElements/input_field_index'

2020-05-29 03:05:34 - [MESSAGE][PASSED] - Keys 'DELETE + ' sent to object: 'Object Repository/Objects.HighlightElements/input_field_index'

2020-05-29 03:05:34 - [MESSAGE][PASSED] - Call Test Case 'Test Cases/Components/SelectAllThenDeleteXPI' successfully

2020-05-29 03:05:34 - [TEST_STEP][PASSED] - callTestCase(findTestCase("PFI Precision and Scale/PFI Components with Indexing/VerifyDropdownValuesXPI"), ["FldNm":"NovaOfficerComboBox", "index":1, "CallTCName":"PFI Precision and Scale/PFI Components/OfficerLists", "cmbNm":"", ... ], STOP_ON_FAILURE): Call Test Case 'Test Cases/PFI Precision and Scale/PFI Components with Indexing/VerifyDropdownValuesXPI' successfully

2020-05-29 03:05:34 - [TEST_CASE][PASSED] - Test Cases/PFI Precision and Scale/PFI Components with Indexing/VerifyDropdownValuesXPI: Test Cases/PFI Precision and Scale/PFI Components with Indexing/VerifyDropdownValuesXPI

2020-05-29 03:05:34 - [TEST_STEP][PASSED] - Thread.sleep(1000): null

2020-05-29 03:05:35 - [TEST_STEP][PASSED] - NewInputNmField = modifyObjectProperty(findTestObject("Object Repository/Objects.HighlightElements/input_field_index"), "xpath", "equals", "(//*[contains(@name, '" + FldNm + "')])[" + index + "]", true): Modify property of object successfully

2020-05-29 03:05:36 - [MESSAGE][PASSED] - Modify property of object successfully

2020-05-29 03:05:36 - [TEST_STEP][PASSED] - comboNm = cmbNm: null

2020-05-29 03:05:36 - [TEST_STEP][PASSED] - focus(NewInputNmField): Object: 'Object Repository/Objects.HighlightElements/input_field_index' is focused

2020-05-29 03:05:36 - [MESSAGE][PASSED] - Object: 'Object Repository/Objects.HighlightElements/input_field_index' is focused

2020-05-29 03:05:36 - [TEST_STEP][PASSED] - setText(NewInputNmField, EnterValue): Text 'BENGKWEE' is set on object 'Object Repository/Objects.HighlightElements/input_field_index'

2020-05-29 03:05:36 - [MESSAGE][PASSED] - Text 'BENGKWEE' is set on object 'Object Repository/Objects.HighlightElements/input_field_index'

2020-05-29 03:05:36 - [TEST_STEP][PASSED] - for ([i = 1, i <= NoOfVal, (i++)]): Keys 'DOWN + ' sent to object: 'Object Repository/Objects.HighlightElements/input_field_index'

2020-05-29 03:05:36 - [TEST_STEP][PASSED] - sendKeys(NewInputNmField, Keys.chord(ARROW_DOWN)): Keys 'DOWN + ' sent to object: 'Object Repository/Objects.HighlightElements/input_field_index'

2020-05-29 03:05:37 - [MESSAGE][PASSED] - Keys 'DOWN + ' sent to object: 'Object Repository/Objects.HighlightElements/input_field_index'

2020-05-29 03:05:37 - [TEST_STEP][PASSED] - delay(DelayTime): Delayed 2 second(s)

2020-05-29 03:05:39 - [MESSAGE][PASSED] - Delayed 2 second(s)

2020-05-29 03:05:39 - [TEST_STEP][PASSED] - sendKeys(NewInputNmField, Keys.chord(ENTER)): Keys 'ENTER + ' sent to object: 'Object Repository/Objects.HighlightElements/input_field_index'

2020-05-29 03:05:39 - [MESSAGE][PASSED] - Keys 'ENTER + ' sent to object: 'Object Repository/Objects.HighlightElements/input_field_index'

2020-05-29 03:05:39 - [TEST_STEP][PASSED] - ComboBoxValue = getAttribute(NewInputNmField, "value"): Attribute 'value' of object 'Object Repository/Objects.HighlightElements/input_field_index' is: 'Lim Beng Kwee (BENGKWEE)'

2020-05-29 03:05:39 - [MESSAGE][PASSED] - Attribute 'value' of object 'Object Repository/Objects.HighlightElements/input_field_index' is: 'Lim Beng Kwee (BENGKWEE)'

2020-05-29 03:05:39 - [TEST_STEP][PASSED] - callTestCase(findTestCase(CallTCName), ["FindValue":ComboBoxValue, "DropdownNm":comboNm], STOP_ON_FAILURE): Call Test Case 'Test Cases/PFI Precision and Scale/PFI Components/OfficerLists' successfully

2020-05-29 03:05:39 - [TEST_CASE][PASSED] - Test Cases/PFI Precision and Scale/PFI Components/OfficerLists: Test Cases/PFI Precision and Scale/PFI Components/OfficerLists

2020-05-29 03:05:39 - [TEST_STEP][PASSED] - Thread.sleep(1000): null

2020-05-29 03:05:40 - [TEST_STEP][PASSED] - OfficerLists = [1:"Aaron Sham Wai Lun (AARON)", 2:"Azidah Bte Akmad (Mdm) (USAABD)", 3:"Chung Fong Nyen (USACFN)", 4:"David Tey Dah Wei (DAHWEI)", ... ]: null

2020-05-29 03:05:40 - [TEST_STEP][PASSED] - ValueFound = OfficerLists.find({ -> ... }): null

2020-05-29 03:05:40 - [MESSAGE][PASSED] - Call Test Case 'Test Cases/PFI Precision and Scale/PFI Components/OfficerLists' successfully

2020-05-29 03:05:40 - [TEST_STEP][PASSED] - println(ValueFound): null

2020-05-29 03:05:40 - [TEST_STEP][PASSED] - sendKeys(NewInputNmField, Keys.chord(ARROW_DOWN)): Keys 'DOWN + ' sent to object: 'Object Repository/Objects.HighlightElements/input_field_index'

2020-05-29 03:05:41 - [MESSAGE][PASSED] - Keys 'DOWN + ' sent to object: 'Object Repository/Objects.HighlightElements/input_field_index'

2020-05-29 03:05:41 - [TEST_STEP][PASSED] - sendKeys(NewInputNmField, Keys.chord(ENTER)): Keys 'ENTER + ' sent to object: 'Object Repository/Objects.HighlightElements/input_field_index'

2020-05-29 03:05:41 - [MESSAGE][PASSED] - Keys 'ENTER + ' sent to object: 'Object Repository/Objects.HighlightElements/input_field_index'

2020-05-29 03:05:41 - [MESSAGE][PASSED] - Call Test Case 'Test Cases/PFI Precision and Scale/PFI Components with Indexing/VerifyDropdownValuesXPI' successfully

2020-05-29 03:05:41 - [TEST_STEP][PASSED] - callTestCase(findTestCase("Components/SelectAllThenDeleteXPI"), ["nameToBeUsed":"NovaOfficerComboBox", "index":"1"], STOP_ON_FAILURE): Call Test Case 'Test Cases/Components/SelectAllThenDeleteXPI' successfully

2020-05-29 03:05:41 - [TEST_CASE][PASSED] - Test Cases/Components/SelectAllThenDeleteXPI: Test Cases/Components/SelectAllThenDeleteXPI

2020-05-29 03:05:41 - [TEST_STEP][PASSED] - Thread.sleep(1000): null

2020-05-29 03:05:42 - [TEST_STEP][PASSED] - modifiedObj = modifyObjectProperty(findTestObject("Object Repository/Objects.HighlightElements/input_field_index"), "xpath", "equals", "(//*[contains(@name,'" + nameToBeUsed + "')])[" + index + "]", true): Modify property of object successfully

2020-05-29 03:05:42 - [MESSAGE][PASSED] - Modify property of object successfully

2020-05-29 03:05:42 - [TEST_STEP][PASSED] - focus(modifiedObj): Object: 'Object Repository/Objects.HighlightElements/input_field_index' is focused

2020-05-29 03:05:42 - [MESSAGE][PASSED] - Object: 'Object Repository/Objects.HighlightElements/input_field_index' is focused

2020-05-29 03:05:42 - [TEST_STEP][PASSED] - sendKeys(modifiedObj, Keys.chord(CONTROL, "a")): Keys 'CONTROL + a' sent to object: 'Object Repository/Objects.HighlightElements/input_field_index'

2020-05-29 03:05:43 - [MESSAGE][PASSED] - Keys 'CONTROL + a' sent to object: 'Object Repository/Objects.HighlightElements/input_field_index'

2020-05-29 03:05:43 - [TEST_STEP][PASSED] - sendKeys(modifiedObj, Keys.chord(DELETE)): Keys 'DELETE + ' sent to object: 'Object Repository/Objects.HighlightElements/input_field_index'

2020-05-29 03:05:43 - [MESSAGE][PASSED] - Keys 'DELETE + ' sent to object: 'Object Repository/Objects.HighlightElements/input_field_index'

2020-05-29 03:05:43 - [MESSAGE][PASSED] - Call Test Case 'Test Cases/Components/SelectAllThenDeleteXPI' successfully

2020-05-29 03:05:43 - [TEST_STEP][PASSED] - callTestCase(findTestCase("PFI Precision and Scale/PFI Components with Indexing/VerifyDropdownValuesXPI"), ["FldNm":"NovaOfficerComboBox", "index":1, "CallTCName":"PFI Precision and Scale/PFI Components/OfficerLists", "cmbNm":"", ... ], STOP_ON_FAILURE): Call Test Case 'Test Cases/PFI Precision and Scale/PFI Components with Indexing/VerifyDropdownValuesXPI' successfully

2020-05-29 03:05:43 - [TEST_CASE][PASSED] - Test Cases/PFI Precision and Scale/PFI Components with Indexing/VerifyDropdownValuesXPI: Test Cases/PFI Precision and Scale/PFI Components with Indexing/VerifyDropdownValuesXPI

2020-05-29 03:05:43 - [TEST_STEP][PASSED] - Thread.sleep(1000): null

2020-05-29 03:05:44 - [TEST_STEP][PASSED] - NewInputNmField = modifyObjectProperty(findTestObject("Object Repository/Objects.HighlightElements/input_field_index"), "xpath", "equals", "(//*[contains(@name, '" + FldNm + "')])[" + index + "]", true): Modify property of object successfully

2020-05-29 03:05:44 - [MESSAGE][PASSED] - Modify property of object successfully

2020-05-29 03:05:44 - [TEST_STEP][PASSED] - comboNm = cmbNm: null

2020-05-29 03:05:44 - [TEST_STEP][PASSED] - focus(NewInputNmField): Object: 'Object Repository/Objects.HighlightElements/input_field_index' is focused

2020-05-29 03:05:44 - [MESSAGE][PASSED] - Object: 'Object Repository/Objects.HighlightElements/input_field_index' is focused

2020-05-29 03:05:44 - [TEST_STEP][PASSED] - setText(NewInputNmField, EnterValue): Text 'Aaron Sham Wai Lun' is set on object 'Object Repository/Objects.HighlightElements/input_field_index'

2020-05-29 03:05:45 - [MESSAGE][PASSED] - Text 'Aaron Sham Wai Lun' is set on object 'Object Repository/Objects.HighlightElements/input_field_index'

2020-05-29 03:05:45 - [TEST_STEP][PASSED] - for ([i = 1, i <= NoOfVal, (i++)]): Keys 'DOWN + ' sent to object: 'Object Repository/Objects.HighlightElements/input_field_index'

2020-05-29 03:05:45 - [TEST_STEP][PASSED] - sendKeys(NewInputNmField, Keys.chord(ARROW_DOWN)): Keys 'DOWN + ' sent to object: 'Object Repository/Objects.HighlightElements/input_field_index'

2020-05-29 03:05:45 - [MESSAGE][PASSED] - Keys 'DOWN + ' sent to object: 'Object Repository/Objects.HighlightElements/input_field_index'

2020-05-29 03:05:45 - [TEST_STEP][PASSED] - delay(DelayTime): Delayed 2 second(s)

2020-05-29 03:05:47 - [MESSAGE][PASSED] - Delayed 2 second(s)

2020-05-29 03:05:47 - [TEST_STEP][PASSED] - sendKeys(NewInputNmField, Keys.chord(ENTER)): Keys 'ENTER + ' sent to object: 'Object Repository/Objects.HighlightElements/input_field_index'

2020-05-29 03:05:48 - [MESSAGE][PASSED] - Keys 'ENTER + ' sent to object: 'Object Repository/Objects.HighlightElements/input_field_index'

2020-05-29 03:05:48 - [TEST_STEP][PASSED] - ComboBoxValue = getAttribute(NewInputNmField, "value"): Attribute 'value' of object 'Object Repository/Objects.HighlightElements/input_field_index' is: 'Aaron Sham Wai Lun (AARON)'

2020-05-29 03:05:48 - [MESSAGE][PASSED] - Attribute 'value' of object 'Object Repository/Objects.HighlightElements/input_field_index' is: 'Aaron Sham Wai Lun (AARON)'

2020-05-29 03:05:48 - [TEST_STEP][PASSED] - callTestCase(findTestCase(CallTCName), ["FindValue":ComboBoxValue, "DropdownNm":comboNm], STOP_ON_FAILURE): Call Test Case 'Test Cases/PFI Precision and Scale/PFI Components/OfficerLists' successfully

2020-05-29 03:05:48 - [TEST_CASE][PASSED] - Test Cases/PFI Precision and Scale/PFI Components/OfficerLists: Test Cases/PFI Precision and Scale/PFI Components/OfficerLists

2020-05-29 03:05:48 - [TEST_STEP][PASSED] - Thread.sleep(1000): null

2020-05-29 03:05:49 - [TEST_STEP][PASSED] - OfficerLists = [1:"Aaron Sham Wai Lun (AARON)", 2:"Azidah Bte Akmad (Mdm) (USAABD)", 3:"Chung Fong Nyen (USACFN)", 4:"David Tey Dah Wei (DAHWEI)", ... ]: null

2020-05-29 03:05:49 - [TEST_STEP][PASSED] - ValueFound = OfficerLists.find({ -> ... }): null

2020-05-29 03:05:49 - [MESSAGE][PASSED] - Call Test Case 'Test Cases/PFI Precision and Scale/PFI Components/OfficerLists' successfully

2020-05-29 03:05:49 - [TEST_STEP][PASSED] - println(ValueFound): null

2020-05-29 03:05:49 - [TEST_STEP][PASSED] - sendKeys(NewInputNmField, Keys.chord(ARROW_DOWN)): Keys 'DOWN + ' sent to object: 'Object Repository/Objects.HighlightElements/input_field_index'

2020-05-29 03:05:49 - [MESSAGE][PASSED] - Keys 'DOWN + ' sent to object: 'Object Repository/Objects.HighlightElements/input_field_index'

2020-05-29 03:05:49 - [TEST_STEP][PASSED] - sendKeys(NewInputNmField, Keys.chord(ENTER)): Keys 'ENTER + ' sent to object: 'Object Repository/Objects.HighlightElements/input_field_index'

2020-05-29 03:05:50 - [MESSAGE][PASSED] - Keys 'ENTER + ' sent to object: 'Object Repository/Objects.HighlightElements/input_field_index'

2020-05-29 03:05:50 - [MESSAGE][PASSED] - Call Test Case 'Test Cases/PFI Precision and Scale/PFI Components with Indexing/VerifyDropdownValuesXPI' successfully

2020-05-29 03:05:50 - [TEST_STEP][PASSED] - callTestCase(findTestCase("Components/SelectAllThenDeleteXPI"), ["nameToBeUsed":"NovaOfficerComboBox", "index":"1"], STOP_ON_FAILURE): Call Test Case 'Test Cases/Components/SelectAllThenDeleteXPI' successfully

2020-05-29 03:05:50 - [TEST_CASE][PASSED] - Test Cases/Components/SelectAllThenDeleteXPI: Test Cases/Components/SelectAllThenDeleteXPI

2020-05-29 03:05:50 - [TEST_STEP][PASSED] - Thread.sleep(1000): null

2020-05-29 03:05:51 - [TEST_STEP][PASSED] - modifiedObj = modifyObjectProperty(findTestObject("Object Repository/Objects.HighlightElements/input_field_index"), "xpath", "equals", "(//*[contains(@name,'" + nameToBeUsed + "')])[" + index + "]", true): Modify property of object successfully

2020-05-29 03:05:51 - [MESSAGE][PASSED] - Modify property of object successfully

2020-05-29 03:05:51 - [TEST_STEP][PASSED] - focus(modifiedObj): Object: 'Object Repository/Objects.HighlightElements/input_field_index' is focused

2020-05-29 03:05:51 - [MESSAGE][PASSED] - Object: 'Object Repository/Objects.HighlightElements/input_field_index' is focused

2020-05-29 03:05:51 - [TEST_STEP][PASSED] - sendKeys(modifiedObj, Keys.chord(CONTROL, "a")): Keys 'CONTROL + a' sent to object: 'Object Repository/Objects.HighlightElements/input_field_index'

2020-05-29 03:05:52 - [MESSAGE][PASSED] - Keys 'CONTROL + a' sent to object: 'Object Repository/Objects.HighlightElements/input_field_index'

2020-05-29 03:05:52 - [TEST_STEP][PASSED] - sendKeys(modifiedObj, Keys.chord(DELETE)): Keys 'DELETE + ' sent to object: 'Object Repository/Objects.HighlightElements/input_field_index'

2020-05-29 03:05:52 - [MESSAGE][PASSED] - Keys 'DELETE + ' sent to object: 'Object Repository/Objects.HighlightElements/input_field_index'

2020-05-29 03:05:52 - [MESSAGE][PASSED] - Call Test Case 'Test Cases/Components/SelectAllThenDeleteXPI' successfully

2020-05-29 03:05:52 - [TEST_STEP][PASSED] - callTestCase(findTestCase("PFI Precision and Scale/PFI Components with Indexing/RequiredFieldValidationXPI"), ["nameToBeUsed":"NovaOfficerComboBox", "index":1], STOP_ON_FAILURE): Call Test Case 'Test Cases/PFI Precision and Scale/PFI Components with Indexing/RequiredFieldValidationXPI' successfully

2020-05-29 03:05:52 - [TEST_CASE][PASSED] - Test Cases/PFI Precision and Scale/PFI Components with Indexing/RequiredFieldValidationXPI: Test Cases/PFI Precision and Scale/PFI Components with Indexing/RequiredFieldValidationXPI

2020-05-29 03:05:52 - [TEST_STEP][PASSED] - enableSmartWait(): null

2020-05-29 03:05:52 - [TEST_STEP][PASSED] - NewInputNmField = modifyObjectProperty(findTestObject("Objects.HighlightElements/input_field_index"), "xpath", "equals", "(//*[contains(@name,'" + nameToBeUsed + "')])[" + index + "]", true): Modify property of object successfully

2020-05-29 03:05:52 - [MESSAGE][PASSED] - Modify property of object successfully

2020-05-29 03:05:52 - [TEST_STEP][PASSED] - mouseOver(NewInputNmField): Object: 'Object Repository/Objects.HighlightElements/input_field_index' is hovered

2020-05-29 03:05:52 - [MESSAGE][PASSED] - Object: 'Object Repository/Objects.HighlightElements/input_field_index' is hovered

2020-05-29 03:05:52 - [TEST_STEP][PASSED] - getRqErrMsg = getAttribute(NewInputNmField, "data-errorqtip"): Attribute 'data-errorqtip' of object 'Object Repository/Objects.HighlightElements/input_field_index' is: '<ul class="x-list-plain"><li>This field is required</li></ul>'

2020-05-29 03:05:53 - [MESSAGE][PASSED] - Attribute 'data-errorqtip' of object 'Object Repository/Objects.HighlightElements/input_field_index' is: '<ul class="x-list-plain"><li>This field is required</li></ul>'

2020-05-29 03:05:53 - [TEST_STEP][PASSED] - strToolTip = getRqErrMsg.substring(29, 61): null

2020-05-29 03:05:53 - [TEST_STEP][PASSED] - toolTipReqErrMsg = strToolTip.substring(0, 22): null

2020-05-29 03:05:53 - [TEST_STEP][PASSED] - verifyMatch(toolTipReqErrMsg, RqField, true): Actual text 'This field is required' and expected text 'This field is required' are matched  using regular expression

2020-05-29 03:05:53 - [MESSAGE][PASSED] - Actual text 'This field is required' and expected text 'This field is required' are matched  using regular expression

2020-05-29 03:05:53 - [MESSAGE][PASSED] - Call Test Case 'Test Cases/PFI Precision and Scale/PFI Components with Indexing/RequiredFieldValidationXPI' successfully

2020-05-29 03:05:53 - [TEST_STEP][NOT_RUN] - callTestCase(findTestCase("Components/Logout"), ["LogoutPageTextToBeVerified":findTestData("ISPS2 Test Data").getValue("HomeBanner", 1)], STOP_ON_FAILURE): NOT_RUN: callTestCase(findTestCase("Components/Logout"), ["LogoutPageTextToBeVerified":findTestData("ISPS2 Test Data").getValue("HomeBanner", 1)], STOP_ON_FAILURE)

2020-05-29 03:05:53 - [MESSAGE][NOT_RUN] - NOT_RUN: callTestCase(findTestCase("Components/Logout"), ["LogoutPageTextToBeVerified":findTestData("ISPS2 Test Data").getValue("HomeBanner", 1)], STOP_ON_FAILURE)]]></system-out>
         <system-err><![CDATA[]]></system-err>
      </testcase>
      <testcase name="Test Cases/PFI Precision and Scale/PFI Test Cases/PFI.TriggerPEPresentationLHS" time="175.621" classname="Test Cases/PFI Precision and Scale/PFI Test Cases/PFI.TriggerPEPresentationLHS" status="PASSED">
         <system-out><![CDATA[2020-05-29 03:05:53 - [TEST_CASE][PASSED] - Test Cases/PFI Precision and Scale/PFI Test Cases/PFI.TriggerPEPresentationLHS: Test Cases/PFI Precision and Scale/PFI Test Cases/PFI.TriggerPEPresentationLHS

2020-05-29 03:05:53 - [TEST_STEP][PASSED] - callTestCase(findTestCase("Components/LoginV2.0"), ["LinkToBeUsed":findTestData("Datatable").getValue("URL", 1), "LoginPageTextToBeVerified":findTestData("Datatable").getValue("HomeBanner", 1), ... ], STOP_ON_FAILURE): Call Test Case 'Test Cases/Components/LoginV2.0' successfully

2020-05-29 03:05:53 - [TEST_CASE][PASSED] - Test Cases/Components/LoginV2.0: Test Cases/Components/LoginV2.0

2020-05-29 03:05:53 - [TEST_STEP][PASSED] - openBrowser(LinkToBeUsed): Browser is opened with url: 'http://10.0.2.41:3012/isps2-prod-verify/authnz/login.do'

2020-05-29 03:05:53 - [MESSAGE][WARNING] - A browser is already opened. Closing browser and opening a new one

2020-05-29 03:05:54 - [MESSAGE][INFO] - Starting 'Chrome' driver

2020-05-29 03:06:04 - [MESSAGE][PASSED] - Browser is opened with url: 'http://10.0.2.41:3012/isps2-prod-verify/authnz/login.do'

2020-05-29 03:06:04 - [TEST_STEP][PASSED] - maximizeWindow(): Current window maximized

2020-05-29 03:06:07 - [MESSAGE][PASSED] - Current window maximized

2020-05-29 03:06:07 - [TEST_STEP][PASSED] - verifyTextPresent(LoginPageTextToBeVerified, false): Text 'Sign in to ISPS2-PROD-Verify' is present on page 

2020-05-29 03:06:07 - [MESSAGE][PASSED] - Text 'Sign in to ISPS2-PROD-Verify' is present on page 

2020-05-29 03:06:07 - [TEST_STEP][PASSED] - setText(findTestObject("Objects.LoginV2.0/Login Page/input_Sign in to ISPS2-PROD-Verify_username"), Username): Text 'sysadmin' is set on object 'Object Repository/Objects.LoginV2.0/Login Page/input_Sign in to ISPS2-PROD-Verify_username'

2020-05-29 03:06:07 - [MESSAGE][PASSED] - Text 'sysadmin' is set on object 'Object Repository/Objects.LoginV2.0/Login Page/input_Sign in to ISPS2-PROD-Verify_username'

2020-05-29 03:06:07 - [TEST_STEP][PASSED] - setEncryptedText(findTestObject("Objects.LoginV2.0/Login Page/input_This field is required_password"), Password): Text ****** has been set on object 'Object Repository/Objects.LoginV2.0/Login Page/input_This field is required_password'

2020-05-29 03:06:08 - [MESSAGE][PASSED] - Text ****** has been set on object 'Object Repository/Objects.LoginV2.0/Login Page/input_This field is required_password'

2020-05-29 03:06:08 - [TEST_STEP][NOT_RUN] - setEncryptedText(findTestObject(null), Password): NOT_RUN: setEncryptedText(findTestObject(null), Password)

2020-05-29 03:06:08 - [MESSAGE][NOT_RUN] - NOT_RUN: setEncryptedText(findTestObject(null), Password)

2020-05-29 03:06:08 - [TEST_STEP][PASSED] - click(findTestObject("Objects.LoginV2.0/Login Page/div_Sign in to ISPS2-PROD-Verify_NovaGoButton-1021"), OPTIONAL): Object: 'Object Repository/Objects.LoginV2.0/Login Page/div_Sign in to ISPS2-PROD-Verify_NovaGoButton-1021' is clicked on

2020-05-29 03:06:08 - [MESSAGE][PASSED] - Object: 'Object Repository/Objects.LoginV2.0/Login Page/div_Sign in to ISPS2-PROD-Verify_NovaGoButton-1021' is clicked on

2020-05-29 03:06:08 - [TEST_STEP][PASSED] - waitForPageLoad(30): Wait for page load successfully

2020-05-29 03:06:08 - [MESSAGE][PASSED] - Wait for page load successfully

2020-05-29 03:06:08 - [TEST_STEP][PASSED] - Thread.sleep(3000): null

2020-05-29 03:06:11 - [MESSAGE][PASSED] - Call Test Case 'Test Cases/Components/LoginV2.0' successfully

2020-05-29 03:06:11 - [TEST_STEP][PASSED] - callTestCase(findTestCase("Components/NavigateToHomepageHeaders"), ["headerText":"My Tasks"], STOP_ON_FAILURE): Call Test Case 'Test Cases/Components/NavigateToHomepageHeaders' successfully

2020-05-29 03:06:11 - [TEST_CASE][PASSED] - Test Cases/Components/NavigateToHomepageHeaders: Test Cases/Components/NavigateToHomepageHeaders

2020-05-29 03:06:11 - [TEST_STEP][PASSED] - Thread.sleep(1000): null

2020-05-29 03:06:12 - [TEST_STEP][PASSED] - waitForPageLoad(30): Wait for page load successfully

2020-05-29 03:06:13 - [MESSAGE][PASSED] - Wait for page load successfully

2020-05-29 03:06:13 - [TEST_STEP][PASSED] - modifiedHeader = modifyObjectProperty(findTestObject("Objects.NavigateToHomepageHeaders/Page_ISPS2/div_Header"), "text", "equals", headerText, true): Modify property of object successfully

2020-05-29 03:06:13 - [MESSAGE][PASSED] - Modify property of object successfully

2020-05-29 03:06:13 - [TEST_STEP][PASSED] - verifyElementClickable(modifiedHeader): Object 'Object Repository/Objects.NavigateToHomepageHeaders/Page_ISPS2/div_Header' is clickable

2020-05-29 03:06:15 - [MESSAGE][PASSED] - Object 'Object Repository/Objects.NavigateToHomepageHeaders/Page_ISPS2/div_Header' is clickable

2020-05-29 03:06:15 - [TEST_STEP][PASSED] - click(modifiedHeader): Object: 'Object Repository/Objects.NavigateToHomepageHeaders/Page_ISPS2/div_Header' is clicked on

2020-05-29 03:06:17 - [MESSAGE][PASSED] - Object: 'Object Repository/Objects.NavigateToHomepageHeaders/Page_ISPS2/div_Header' is clicked on

2020-05-29 03:06:17 - [TEST_STEP][PASSED] - Thread.sleep(7000): null

2020-05-29 03:06:24 - [MESSAGE][PASSED] - Call Test Case 'Test Cases/Components/NavigateToHomepageHeaders' successfully

2020-05-29 03:06:24 - [TEST_STEP][PASSED] - callTestCase(findTestCase("Components/Filter"), ["taskDescription":"Process Case (SM)"], STOP_ON_FAILURE): Call Test Case 'Test Cases/Components/Filter' successfully

2020-05-29 03:06:24 - [TEST_CASE][PASSED] - Test Cases/Components/Filter: Test Cases/Components/Filter

2020-05-29 03:06:24 - [TEST_STEP][PASSED] - Thread.sleep(5000): null

2020-05-29 03:06:29 - [TEST_STEP][PASSED] - waitForPageLoad(180): Wait for page load successfully

2020-05-29 03:06:29 - [MESSAGE][PASSED] - Wait for page load successfully

2020-05-29 03:06:29 - [TEST_STEP][PASSED] - waitForElementNotPresent(findTestObject("Objects.Filter/Page_ISPS2/div_Loading search result Please wait"), 180): Web element with id: 'Object Repository/Objects.Filter/Page_ISPS2/div_Loading search result Please wait' located by 'By.xpath: //div[@class = 'x-mask-msg-text' and (text() = 'Loading search result. Please wait...' or . = 'Loading search result. Please wait...')]' is not present after '180' second(s)

2020-05-29 03:06:29 - [MESSAGE][PASSED] - Web element with id: 'Object Repository/Objects.Filter/Page_ISPS2/div_Loading search result Please wait' located by 'By.xpath: //div[@class = 'x-mask-msg-text' and (text() = 'Loading search result. Please wait...' or . = 'Loading search result. Please wait...')]' is not present after '180' second(s)

2020-05-29 03:06:29 - [TEST_STEP][PASSED] - click(findTestObject("Objects.Filter/Page_ISPS2/XP.Embutidooo")): Object: 'Object Repository/Objects.Filter/Page_ISPS2/XP.Embutidooo' is clicked on

2020-05-29 03:06:30 - [MESSAGE][PASSED] - Object: 'Object Repository/Objects.Filter/Page_ISPS2/XP.Embutidooo' is clicked on

2020-05-29 03:06:30 - [TEST_STEP][PASSED] - com.reusableComponents.HighlightElement.run(findTestObject("Objects.Filter/Page_ISPS2/span_Reset")): com.reusableComponents.HighlightElement.run is PASSED

2020-05-29 03:06:30 - [MESSAGE][PASSED] - com.reusableComponents.HighlightElement.run is PASSED

2020-05-29 03:06:30 - [TEST_STEP][PASSED] - click(findTestObject("Objects.Filter/Page_ISPS2/span_Reset")): Object: 'Object Repository/Objects.Filter/Page_ISPS2/span_Reset' is clicked on

2020-05-29 03:06:31 - [MESSAGE][PASSED] - Object: 'Object Repository/Objects.Filter/Page_ISPS2/span_Reset' is clicked on

2020-05-29 03:06:31 - [TEST_STEP][PASSED] - com.reusableComponents.HighlightElement.run(findTestObject("Objects.Filter/Page_ISPS2/TextBoxTaskDescription")): com.reusableComponents.HighlightElement.run is PASSED

2020-05-29 03:06:32 - [MESSAGE][PASSED] - com.reusableComponents.HighlightElement.run is PASSED

2020-05-29 03:06:32 - [TEST_STEP][PASSED] - setText(findTestObject("Objects.Filter/Page_ISPS2/TextBoxTaskDescription"), taskDescription): Text 'Process Case (SM)' is set on object 'Object Repository/Objects.Filter/Page_ISPS2/TextBoxTaskDescription'

2020-05-29 03:06:32 - [MESSAGE][PASSED] - Text 'Process Case (SM)' is set on object 'Object Repository/Objects.Filter/Page_ISPS2/TextBoxTaskDescription'

2020-05-29 03:06:32 - [TEST_STEP][PASSED] - caseType = taskDescription: null

2020-05-29 03:06:32 - [TEST_STEP][PASSED] - sendKeys(findTestObject("Objects.Filter/Page_ISPS2/TextBoxTaskDescription"), Keys.chord(ENTER)): Keys 'ENTER + ' sent to object: 'Object Repository/Objects.Filter/Page_ISPS2/TextBoxTaskDescription'

2020-05-29 03:06:33 - [MESSAGE][PASSED] - Keys 'ENTER + ' sent to object: 'Object Repository/Objects.Filter/Page_ISPS2/TextBoxTaskDescription'

2020-05-29 03:06:33 - [TEST_STEP][PASSED] - com.reusableComponents.HighlightElement.run(findTestObject("Objects.Filter/Page_ISPS2/span_Search")): com.reusableComponents.HighlightElement.run is PASSED

2020-05-29 03:06:34 - [MESSAGE][PASSED] - com.reusableComponents.HighlightElement.run is PASSED

2020-05-29 03:06:34 - [TEST_STEP][PASSED] - click(findTestObject("Objects.Filter/Page_ISPS2/span_Search")): Object: 'Object Repository/Objects.Filter/Page_ISPS2/span_Search' is clicked on

2020-05-29 03:06:34 - [MESSAGE][PASSED] - Object: 'Object Repository/Objects.Filter/Page_ISPS2/span_Search' is clicked on

2020-05-29 03:06:34 - [TEST_STEP][NOT_RUN] - verifyTextPresent("Loading search result. Please wait...", false): NOT_RUN: verifyTextPresent("Loading search result. Please wait...", false)

2020-05-29 03:06:34 - [MESSAGE][NOT_RUN] - NOT_RUN: verifyTextPresent("Loading search result. Please wait...", false)

2020-05-29 03:06:34 - [TEST_STEP][NOT_RUN] - waitForElementNotPresent(findTestObject("Objects.Filter/Page_ISPS2/div_Loading search result Please wait"), 120): NOT_RUN: waitForElementNotPresent(findTestObject("Objects.Filter/Page_ISPS2/div_Loading search result Please wait"), 120)

2020-05-29 03:06:34 - [MESSAGE][NOT_RUN] - NOT_RUN: waitForElementNotPresent(findTestObject("Objects.Filter/Page_ISPS2/div_Loading search result Please wait"), 120)

2020-05-29 03:06:34 - [TEST_STEP][PASSED] - Thread.sleep(5000): null

2020-05-29 03:06:39 - [MESSAGE][PASSED] - Call Test Case 'Test Cases/Components/Filter' successfully

2020-05-29 03:06:39 - [TEST_STEP][PASSED] - callTestCase(findTestCase("Components/Wait"), ["secondsToWait":5000], STOP_ON_FAILURE): Call Test Case 'Test Cases/Components/Wait' successfully

2020-05-29 03:06:39 - [TEST_CASE][PASSED] - Test Cases/Components/Wait: Test Cases/Components/Wait

2020-05-29 03:06:39 - [TEST_STEP][PASSED] - Thread.sleep(secondsToWait): null

2020-05-29 03:06:44 - [MESSAGE][PASSED] - Call Test Case 'Test Cases/Components/Wait' successfully

2020-05-29 03:06:44 - [TEST_STEP][PASSED] - callTestCase(findTestCase("Components/ClickLinkDependingOnTextAndIndex"), ["linkName":"Process Case (SM)", "index":"6"], STOP_ON_FAILURE): Call Test Case 'Test Cases/Components/ClickLinkDependingOnTextAndIndex' successfully

2020-05-29 03:06:44 - [TEST_CASE][PASSED] - Test Cases/Components/ClickLinkDependingOnTextAndIndex: Test Cases/Components/ClickLinkDependingOnTextAndIndex

2020-05-29 03:06:44 - [TEST_STEP][PASSED] - Thread.sleep(1000): null

2020-05-29 03:06:45 - [TEST_STEP][PASSED] - println(linkName): null

2020-05-29 03:06:45 - [TEST_STEP][PASSED] - println(index): null

2020-05-29 03:06:45 - [TEST_STEP][PASSED] - modifiedLink = modifyObjectProperty(findTestObject("Objects.ClickLinkDependingOnTextAndIndex/linkToModify"), "xpath", "equals", "(//a[text()="" + linkName + ""])[" + index + "]", true): Modify property of object successfully

2020-05-29 03:06:45 - [MESSAGE][PASSED] - Modify property of object successfully

2020-05-29 03:06:45 - [TEST_STEP][PASSED] - Thread.sleep(5000): null

2020-05-29 03:06:50 - [TEST_STEP][PASSED] - com.reusableComponents.HighlightElement.run(modifiedLink): com.reusableComponents.HighlightElement.run is PASSED

2020-05-29 03:06:51 - [MESSAGE][PASSED] - com.reusableComponents.HighlightElement.run is PASSED

2020-05-29 03:06:51 - [TEST_STEP][PASSED] - click(modifiedLink): Object: 'Object Repository/Objects.ClickLinkDependingOnTextAndIndex/linkToModify' is clicked on

2020-05-29 03:06:51 - [MESSAGE][PASSED] - Object: 'Object Repository/Objects.ClickLinkDependingOnTextAndIndex/linkToModify' is clicked on

2020-05-29 03:06:51 - [MESSAGE][PASSED] - Call Test Case 'Test Cases/Components/ClickLinkDependingOnTextAndIndex' successfully

2020-05-29 03:06:51 - [TEST_STEP][PASSED] - callTestCase(findTestCase("Components/Wait"), ["secondsToWait":5000], STOP_ON_FAILURE): Call Test Case 'Test Cases/Components/Wait' successfully

2020-05-29 03:06:51 - [TEST_CASE][PASSED] - Test Cases/Components/Wait: Test Cases/Components/Wait

2020-05-29 03:06:51 - [TEST_STEP][PASSED] - Thread.sleep(secondsToWait): null

2020-05-29 03:06:56 - [MESSAGE][PASSED] - Call Test Case 'Test Cases/Components/Wait' successfully

2020-05-29 03:06:56 - [TEST_STEP][PASSED] - callTestCase(findTestCase("Components/NavigateToAnyLHS"), ["LHS":"Trigger PE Presentation"], STOP_ON_FAILURE): Call Test Case 'Test Cases/Components/NavigateToAnyLHS' successfully

2020-05-29 03:06:56 - [TEST_CASE][PASSED] - Test Cases/Components/NavigateToAnyLHS: Test Cases/Components/NavigateToAnyLHS

2020-05-29 03:06:56 - [TEST_STEP][PASSED] - Thread.sleep(1000): null

2020-05-29 03:06:57 - [TEST_STEP][PASSED] - modifiedLHS = modifyObjectProperty(findTestObject("Objects.NavigateToAnyLHS/Page_ISPS2/LHSToModify"), "text", "equals", LHS, true): Modify property of object successfully

2020-05-29 03:06:57 - [MESSAGE][PASSED] - Modify property of object successfully

2020-05-29 03:06:57 - [TEST_STEP][PASSED] - click(modifiedLHS): Object: 'Object Repository/Objects.NavigateToAnyLHS/Page_ISPS2/LHSToModify' is clicked on

2020-05-29 03:06:59 - [MESSAGE][PASSED] - Object: 'Object Repository/Objects.NavigateToAnyLHS/Page_ISPS2/LHSToModify' is clicked on

2020-05-29 03:06:59 - [TEST_STEP][PASSED] - currentLHS = getText(modifiedLHS): Text of object 'Object Repository/Objects.NavigateToAnyLHS/Page_ISPS2/LHSToModify' is: 'Trigger PE Presentation'

2020-05-29 03:07:00 - [MESSAGE][PASSED] - Text of object 'Object Repository/Objects.NavigateToAnyLHS/Page_ISPS2/LHSToModify' is: 'Trigger PE Presentation'

2020-05-29 03:07:00 - [TEST_STEP][PASSED] - Thread.sleep(5000): null

2020-05-29 03:07:05 - [MESSAGE][PASSED] - Call Test Case 'Test Cases/Components/NavigateToAnyLHS' successfully

2020-05-29 03:07:05 - [TEST_STEP][PASSED] - callTestCase(findTestCase("Components/VerifyPageSuccessfullyLoaded"), ["HeaderName":"Trigger PE Presentation"], STOP_ON_FAILURE): Call Test Case 'Test Cases/Components/VerifyPageSuccessfullyLoaded' successfully

2020-05-29 03:07:05 - [TEST_CASE][PASSED] - Test Cases/Components/VerifyPageSuccessfullyLoaded: Test Cases/Components/VerifyPageSuccessfullyLoaded

2020-05-29 03:07:05 - [TEST_STEP][PASSED] - Thread.sleep(3000): null

2020-05-29 03:07:08 - [TEST_STEP][PASSED] - ModifiedHeaderName = modifyObjectProperty(findTestObject("Objects.VerifyPageSuccessfullyLoaded/PageHeader"), "text", "equals", HeaderName, true): Modify property of object successfully

2020-05-29 03:07:08 - [MESSAGE][PASSED] - Modify property of object successfully

2020-05-29 03:07:08 - [TEST_STEP][PASSED] - verifyElementPresent(ModifiedHeaderName, 0): Object 'Object Repository/Objects.VerifyPageSuccessfullyLoaded/PageHeader' is present

2020-05-29 03:07:08 - [MESSAGE][WARNING] - Timeout '0' is invalid. Using default page load timeout: '30'

2020-05-29 03:07:08 - [MESSAGE][PASSED] - Object 'Object Repository/Objects.VerifyPageSuccessfullyLoaded/PageHeader' is present

2020-05-29 03:07:08 - [TEST_STEP][PASSED] - com.reusableComponents.HighlightElement.run(ModifiedHeaderName): com.reusableComponents.HighlightElement.run is PASSED

2020-05-29 03:07:09 - [MESSAGE][PASSED] - com.reusableComponents.HighlightElement.run is PASSED

2020-05-29 03:07:09 - [MESSAGE][PASSED] - Call Test Case 'Test Cases/Components/VerifyPageSuccessfullyLoaded' successfully

2020-05-29 03:07:09 - [TEST_STEP][PASSED] - callTestCase(findTestCase("Components/ClickCheckBoxColumnHeader"), ["NextColHeader":"Building Characteristic", "index":1], STOP_ON_FAILURE): Call Test Case 'Test Cases/Components/ClickCheckBoxColumnHeader' successfully

2020-05-29 03:07:09 - [TEST_CASE][PASSED] - Test Cases/Components/ClickCheckBoxColumnHeader: Test Cases/Components/ClickCheckBoxColumnHeader

2020-05-29 03:07:09 - [TEST_STEP][PASSED] - Thread.sleep(1000): null

2020-05-29 03:07:11 - [TEST_STEP][PASSED] - modifiedObject = modifyObjectProperty(findTestObject("Object Repository/Objects.ReusableObject/CheckboxHeader"), "xpath", "equals", "//*[contains(@class, 'x-column-header-text') and text()='" + NextColHeader + "']//preceding::div[" + index + "]", true): Modify property of object successfully

2020-05-29 03:07:11 - [MESSAGE][PASSED] - Modify property of object successfully

2020-05-29 03:07:11 - [TEST_STEP][PASSED] - com.reusableComponents.HighlightElement.run(modifiedObject): com.reusableComponents.HighlightElement.run is PASSED

2020-05-29 03:07:11 - [MESSAGE][PASSED] - com.reusableComponents.HighlightElement.run is PASSED

2020-05-29 03:07:11 - [TEST_STEP][PASSED] - check(modifiedObject): Object 'Object Repository/Objects.ReusableObject/CheckboxHeader' is checked

2020-05-29 03:07:12 - [MESSAGE][PASSED] - Object 'Object Repository/Objects.ReusableObject/CheckboxHeader' is checked

2020-05-29 03:07:12 - [MESSAGE][PASSED] - Call Test Case 'Test Cases/Components/ClickCheckBoxColumnHeader' successfully

2020-05-29 03:07:12 - [TEST_STEP][PASSED] - callTestCase(findTestCase("Components/HighlightInputFieldXPI"), ["FldNm":"submInd_0", "index":1], STOP_ON_FAILURE): Call Test Case 'Test Cases/Components/HighlightInputFieldXPI' successfully

2020-05-29 03:07:12 - [TEST_CASE][PASSED] - Test Cases/Components/HighlightInputFieldXPI: Test Cases/Components/HighlightInputFieldXPI

2020-05-29 03:07:12 - [TEST_STEP][PASSED] - Thread.sleep(1000): null

2020-05-29 03:07:13 - [TEST_STEP][PASSED] - modifiedInputNm = modifyObjectProperty(findTestObject("Object Repository/Objects.HighlightElements/input_field_index"), "xpath", "equals", "(//*[contains(@name, '" + FldNm + "')])[" + index + "]", true): Modify property of object successfully

2020-05-29 03:07:13 - [MESSAGE][PASSED] - Modify property of object successfully

2020-05-29 03:07:13 - [TEST_STEP][PASSED] - com.reusableComponents.HighlightElement.run(modifiedInputNm): com.reusableComponents.HighlightElement.run is PASSED

2020-05-29 03:07:14 - [MESSAGE][PASSED] - com.reusableComponents.HighlightElement.run is PASSED

2020-05-29 03:07:14 - [MESSAGE][PASSED] - Call Test Case 'Test Cases/Components/HighlightInputFieldXPI' successfully

2020-05-29 03:07:14 - [TEST_STEP][PASSED] - callTestCase(findTestCase("PFI Precision and Scale/PFI Components with Indexing/VerifyDropdownValuesXPI"), ["FldNm":"submInd_0", "index":1, "CallTCName":"PFI Precision and Scale/PFI Components/ConstantHashMap", "cmbNm":"PresINd", ... ], STOP_ON_FAILURE): Call Test Case 'Test Cases/PFI Precision and Scale/PFI Components with Indexing/VerifyDropdownValuesXPI' successfully

2020-05-29 03:07:15 - [TEST_CASE][PASSED] - Test Cases/PFI Precision and Scale/PFI Components with Indexing/VerifyDropdownValuesXPI: Test Cases/PFI Precision and Scale/PFI Components with Indexing/VerifyDropdownValuesXPI

2020-05-29 03:07:15 - [TEST_STEP][PASSED] - Thread.sleep(1000): null

2020-05-29 03:07:16 - [TEST_STEP][PASSED] - NewInputNmField = modifyObjectProperty(findTestObject("Object Repository/Objects.HighlightElements/input_field_index"), "xpath", "equals", "(//*[contains(@name, '" + FldNm + "')])[" + index + "]", true): Modify property of object successfully

2020-05-29 03:07:16 - [MESSAGE][PASSED] - Modify property of object successfully

2020-05-29 03:07:16 - [TEST_STEP][PASSED] - comboNm = cmbNm: null

2020-05-29 03:07:16 - [TEST_STEP][PASSED] - focus(NewInputNmField): Object: 'Object Repository/Objects.HighlightElements/input_field_index' is focused

2020-05-29 03:07:16 - [MESSAGE][PASSED] - Object: 'Object Repository/Objects.HighlightElements/input_field_index' is focused

2020-05-29 03:07:16 - [TEST_STEP][PASSED] - setText(NewInputNmField, EnterValue): Text '' is set on object 'Object Repository/Objects.HighlightElements/input_field_index'

2020-05-29 03:07:16 - [MESSAGE][PASSED] - Text '' is set on object 'Object Repository/Objects.HighlightElements/input_field_index'

2020-05-29 03:07:16 - [TEST_STEP][PASSED] - for ([i = 1, i <= NoOfVal, (i++)]): Keys 'DOWN + ' sent to object: 'Object Repository/Objects.HighlightElements/input_field_index'

2020-05-29 03:07:16 - [TEST_STEP][PASSED] - sendKeys(NewInputNmField, Keys.chord(ARROW_DOWN)): Keys 'DOWN + ' sent to object: 'Object Repository/Objects.HighlightElements/input_field_index'

2020-05-29 03:07:17 - [MESSAGE][PASSED] - Keys 'DOWN + ' sent to object: 'Object Repository/Objects.HighlightElements/input_field_index'

2020-05-29 03:07:17 - [TEST_STEP][PASSED] - delay(DelayTime): Delayed 2 second(s)

2020-05-29 03:07:19 - [MESSAGE][PASSED] - Delayed 2 second(s)

2020-05-29 03:07:19 - [TEST_STEP][PASSED] - sendKeys(NewInputNmField, Keys.chord(ENTER)): Keys 'ENTER + ' sent to object: 'Object Repository/Objects.HighlightElements/input_field_index'

2020-05-29 03:07:19 - [MESSAGE][PASSED] - Keys 'ENTER + ' sent to object: 'Object Repository/Objects.HighlightElements/input_field_index'

2020-05-29 03:07:19 - [TEST_STEP][PASSED] - ComboBoxValue = getAttribute(NewInputNmField, "value"): Attribute 'value' of object 'Object Repository/Objects.HighlightElements/input_field_index' is: 'Yes'

2020-05-29 03:07:19 - [MESSAGE][PASSED] - Attribute 'value' of object 'Object Repository/Objects.HighlightElements/input_field_index' is: 'Yes'

2020-05-29 03:07:19 - [TEST_STEP][PASSED] - callTestCase(findTestCase(CallTCName), ["FindValue":ComboBoxValue, "DropdownNm":comboNm], STOP_ON_FAILURE): Call Test Case 'Test Cases/PFI Precision and Scale/PFI Components/ConstantHashMap' successfully

2020-05-29 03:07:19 - [TEST_CASE][PASSED] - Test Cases/PFI Precision and Scale/PFI Components/ConstantHashMap: Test Cases/PFI Precision and Scale/PFI Components/ConstantHashMap

2020-05-29 03:07:19 - [TEST_STEP][PASSED] - ConstantTBL = [1:["PeriodType":"Working Day(s)"], 2:["PeriodType":"Calendar Day(s)"], 3:["PeriodType":"Month(s)"], 4:["TypeOfLetter":"T1"], ... ]: null

2020-05-29 03:07:19 - [TEST_STEP][PASSED] - switch (DropdownNm): null

2020-05-29 03:07:19 - [TEST_STEP][PASSED] - case "PresINd":: null

2020-05-29 03:07:19 - [TEST_STEP][PASSED] - ValueFound = ConstantTBL.find({ -> ... }): null

2020-05-29 03:07:19 - [TEST_STEP][PASSED] - break: null

2020-05-29 03:07:19 - [MESSAGE][PASSED] - Call Test Case 'Test Cases/PFI Precision and Scale/PFI Components/ConstantHashMap' successfully

2020-05-29 03:07:19 - [TEST_STEP][PASSED] - println(ValueFound): null

2020-05-29 03:07:19 - [TEST_STEP][PASSED] - sendKeys(NewInputNmField, Keys.chord(ARROW_DOWN)): Keys 'DOWN + ' sent to object: 'Object Repository/Objects.HighlightElements/input_field_index'

2020-05-29 03:07:19 - [MESSAGE][PASSED] - Keys 'DOWN + ' sent to object: 'Object Repository/Objects.HighlightElements/input_field_index'

2020-05-29 03:07:19 - [TEST_STEP][PASSED] - sendKeys(NewInputNmField, Keys.chord(ARROW_DOWN)): Keys 'DOWN + ' sent to object: 'Object Repository/Objects.HighlightElements/input_field_index'

2020-05-29 03:07:20 - [MESSAGE][PASSED] - Keys 'DOWN + ' sent to object: 'Object Repository/Objects.HighlightElements/input_field_index'

2020-05-29 03:07:20 - [TEST_STEP][PASSED] - delay(DelayTime): Delayed 2 second(s)

2020-05-29 03:07:22 - [MESSAGE][PASSED] - Delayed 2 second(s)

2020-05-29 03:07:22 - [TEST_STEP][PASSED] - sendKeys(NewInputNmField, Keys.chord(ENTER)): Keys 'ENTER + ' sent to object: 'Object Repository/Objects.HighlightElements/input_field_index'

2020-05-29 03:07:22 - [MESSAGE][PASSED] - Keys 'ENTER + ' sent to object: 'Object Repository/Objects.HighlightElements/input_field_index'

2020-05-29 03:07:22 - [TEST_STEP][PASSED] - ComboBoxValue = getAttribute(NewInputNmField, "value"): Attribute 'value' of object 'Object Repository/Objects.HighlightElements/input_field_index' is: 'No'

2020-05-29 03:07:23 - [MESSAGE][PASSED] - Attribute 'value' of object 'Object Repository/Objects.HighlightElements/input_field_index' is: 'No'

2020-05-29 03:07:23 - [TEST_STEP][PASSED] - callTestCase(findTestCase(CallTCName), ["FindValue":ComboBoxValue, "DropdownNm":comboNm], STOP_ON_FAILURE): Call Test Case 'Test Cases/PFI Precision and Scale/PFI Components/ConstantHashMap' successfully

2020-05-29 03:07:23 - [TEST_CASE][PASSED] - Test Cases/PFI Precision and Scale/PFI Components/ConstantHashMap: Test Cases/PFI Precision and Scale/PFI Components/ConstantHashMap

2020-05-29 03:07:23 - [TEST_STEP][PASSED] - ConstantTBL = [1:["PeriodType":"Working Day(s)"], 2:["PeriodType":"Calendar Day(s)"], 3:["PeriodType":"Month(s)"], 4:["TypeOfLetter":"T1"], ... ]: null

2020-05-29 03:07:23 - [TEST_STEP][PASSED] - switch (DropdownNm): null

2020-05-29 03:07:23 - [TEST_STEP][PASSED] - case "PresINd":: null

2020-05-29 03:07:23 - [TEST_STEP][PASSED] - ValueFound = ConstantTBL.find({ -> ... }): null

2020-05-29 03:07:23 - [TEST_STEP][PASSED] - break: null

2020-05-29 03:07:23 - [MESSAGE][PASSED] - Call Test Case 'Test Cases/PFI Precision and Scale/PFI Components/ConstantHashMap' successfully

2020-05-29 03:07:23 - [TEST_STEP][PASSED] - println(ValueFound): null

2020-05-29 03:07:23 - [TEST_STEP][PASSED] - sendKeys(NewInputNmField, Keys.chord(ARROW_DOWN)): Keys 'DOWN + ' sent to object: 'Object Repository/Objects.HighlightElements/input_field_index'

2020-05-29 03:07:23 - [MESSAGE][PASSED] - Keys 'DOWN + ' sent to object: 'Object Repository/Objects.HighlightElements/input_field_index'

2020-05-29 03:07:23 - [TEST_STEP][PASSED] - sendKeys(NewInputNmField, Keys.chord(ENTER)): Keys 'ENTER + ' sent to object: 'Object Repository/Objects.HighlightElements/input_field_index'

2020-05-29 03:07:23 - [MESSAGE][PASSED] - Keys 'ENTER + ' sent to object: 'Object Repository/Objects.HighlightElements/input_field_index'

2020-05-29 03:07:23 - [MESSAGE][PASSED] - Call Test Case 'Test Cases/PFI Precision and Scale/PFI Components with Indexing/VerifyDropdownValuesXPI' successfully

2020-05-29 03:07:23 - [TEST_STEP][PASSED] - callTestCase(findTestCase("Components/SelectAllThenDeleteXPI"), ["nameToBeUsed":"submInd_0", "index":1], STOP_ON_FAILURE): Call Test Case 'Test Cases/Components/SelectAllThenDeleteXPI' successfully

2020-05-29 03:07:23 - [TEST_CASE][PASSED] - Test Cases/Components/SelectAllThenDeleteXPI: Test Cases/Components/SelectAllThenDeleteXPI

2020-05-29 03:07:23 - [TEST_STEP][PASSED] - Thread.sleep(1000): null

2020-05-29 03:07:24 - [TEST_STEP][PASSED] - modifiedObj = modifyObjectProperty(findTestObject("Object Repository/Objects.HighlightElements/input_field_index"), "xpath", "equals", "(//*[contains(@name,'" + nameToBeUsed + "')])[" + index + "]", true): Modify property of object successfully

2020-05-29 03:07:24 - [MESSAGE][PASSED] - Modify property of object successfully

2020-05-29 03:07:24 - [TEST_STEP][PASSED] - focus(modifiedObj): Object: 'Object Repository/Objects.HighlightElements/input_field_index' is focused

2020-05-29 03:07:25 - [MESSAGE][PASSED] - Object: 'Object Repository/Objects.HighlightElements/input_field_index' is focused

2020-05-29 03:07:25 - [TEST_STEP][PASSED] - sendKeys(modifiedObj, Keys.chord(CONTROL, "a")): Keys 'CONTROL + a' sent to object: 'Object Repository/Objects.HighlightElements/input_field_index'

2020-05-29 03:07:25 - [MESSAGE][PASSED] - Keys 'CONTROL + a' sent to object: 'Object Repository/Objects.HighlightElements/input_field_index'

2020-05-29 03:07:25 - [TEST_STEP][PASSED] - sendKeys(modifiedObj, Keys.chord(DELETE)): Keys 'DELETE + ' sent to object: 'Object Repository/Objects.HighlightElements/input_field_index'

2020-05-29 03:07:25 - [MESSAGE][PASSED] - Keys 'DELETE + ' sent to object: 'Object Repository/Objects.HighlightElements/input_field_index'

2020-05-29 03:07:25 - [MESSAGE][PASSED] - Call Test Case 'Test Cases/Components/SelectAllThenDeleteXPI' successfully

2020-05-29 03:07:25 - [TEST_STEP][PASSED] - callTestCase(findTestCase("PFI Precision and Scale/PFI Components with Indexing/RequiredFieldValidationXPI"), ["nameToBeUsed":"submInd_0", "index":1], STOP_ON_FAILURE): Call Test Case 'Test Cases/PFI Precision and Scale/PFI Components with Indexing/RequiredFieldValidationXPI' successfully

2020-05-29 03:07:25 - [TEST_CASE][PASSED] - Test Cases/PFI Precision and Scale/PFI Components with Indexing/RequiredFieldValidationXPI: Test Cases/PFI Precision and Scale/PFI Components with Indexing/RequiredFieldValidationXPI

2020-05-29 03:07:25 - [TEST_STEP][PASSED] - enableSmartWait(): null

2020-05-29 03:07:25 - [TEST_STEP][PASSED] - NewInputNmField = modifyObjectProperty(findTestObject("Objects.HighlightElements/input_field_index"), "xpath", "equals", "(//*[contains(@name,'" + nameToBeUsed + "')])[" + index + "]", true): Modify property of object successfully

2020-05-29 03:07:25 - [MESSAGE][PASSED] - Modify property of object successfully

2020-05-29 03:07:25 - [TEST_STEP][PASSED] - mouseOver(NewInputNmField): Object: 'Object Repository/Objects.HighlightElements/input_field_index' is hovered

2020-05-29 03:07:26 - [MESSAGE][PASSED] - Object: 'Object Repository/Objects.HighlightElements/input_field_index' is hovered

2020-05-29 03:07:26 - [TEST_STEP][PASSED] - getRqErrMsg = getAttribute(NewInputNmField, "data-errorqtip"): Attribute 'data-errorqtip' of object 'Object Repository/Objects.HighlightElements/input_field_index' is: '<ul class="x-list-plain"><li>This field is required</li></ul>'

2020-05-29 03:07:26 - [MESSAGE][PASSED] - Attribute 'data-errorqtip' of object 'Object Repository/Objects.HighlightElements/input_field_index' is: '<ul class="x-list-plain"><li>This field is required</li></ul>'

2020-05-29 03:07:26 - [TEST_STEP][PASSED] - strToolTip = getRqErrMsg.substring(29, 61): null

2020-05-29 03:07:26 - [TEST_STEP][PASSED] - toolTipReqErrMsg = strToolTip.substring(0, 22): null

2020-05-29 03:07:26 - [TEST_STEP][PASSED] - verifyMatch(toolTipReqErrMsg, RqField, true): Actual text 'This field is required' and expected text 'This field is required' are matched  using regular expression

2020-05-29 03:07:26 - [MESSAGE][PASSED] - Actual text 'This field is required' and expected text 'This field is required' are matched  using regular expression

2020-05-29 03:07:26 - [MESSAGE][PASSED] - Call Test Case 'Test Cases/PFI Precision and Scale/PFI Components with Indexing/RequiredFieldValidationXPI' successfully

2020-05-29 03:07:26 - [TEST_STEP][PASSED] - callTestCase(findTestCase("Components/HighlightInputFieldXPI"), ["FldNm":"submInd_1", "index":1], STOP_ON_FAILURE): Call Test Case 'Test Cases/Components/HighlightInputFieldXPI' successfully

2020-05-29 03:07:26 - [TEST_CASE][PASSED] - Test Cases/Components/HighlightInputFieldXPI: Test Cases/Components/HighlightInputFieldXPI

2020-05-29 03:07:26 - [TEST_STEP][PASSED] - Thread.sleep(1000): null

2020-05-29 03:07:27 - [TEST_STEP][PASSED] - modifiedInputNm = modifyObjectProperty(findTestObject("Object Repository/Objects.HighlightElements/input_field_index"), "xpath", "equals", "(//*[contains(@name, '" + FldNm + "')])[" + index + "]", true): Modify property of object successfully

2020-05-29 03:07:27 - [MESSAGE][PASSED] - Modify property of object successfully

2020-05-29 03:07:27 - [TEST_STEP][PASSED] - com.reusableComponents.HighlightElement.run(modifiedInputNm): com.reusableComponents.HighlightElement.run is PASSED

2020-05-29 03:07:28 - [MESSAGE][PASSED] - com.reusableComponents.HighlightElement.run is PASSED

2020-05-29 03:07:28 - [MESSAGE][PASSED] - Call Test Case 'Test Cases/Components/HighlightInputFieldXPI' successfully

2020-05-29 03:07:28 - [TEST_STEP][PASSED] - callTestCase(findTestCase("PFI Precision and Scale/PFI Components with Indexing/VerifyDropdownValuesXPI"), ["FldNm":"submInd_1", "index":1, "CallTCName":"PFI Precision and Scale/PFI Components/ConstantHashMap", "cmbNm":"PresINd", ... ], STOP_ON_FAILURE): Call Test Case 'Test Cases/PFI Precision and Scale/PFI Components with Indexing/VerifyDropdownValuesXPI' successfully

2020-05-29 03:07:28 - [TEST_CASE][PASSED] - Test Cases/PFI Precision and Scale/PFI Components with Indexing/VerifyDropdownValuesXPI: Test Cases/PFI Precision and Scale/PFI Components with Indexing/VerifyDropdownValuesXPI

2020-05-29 03:07:28 - [TEST_STEP][PASSED] - Thread.sleep(1000): null

2020-05-29 03:07:29 - [TEST_STEP][PASSED] - NewInputNmField = modifyObjectProperty(findTestObject("Object Repository/Objects.HighlightElements/input_field_index"), "xpath", "equals", "(//*[contains(@name, '" + FldNm + "')])[" + index + "]", true): Modify property of object successfully

2020-05-29 03:07:29 - [MESSAGE][PASSED] - Modify property of object successfully

2020-05-29 03:07:29 - [TEST_STEP][PASSED] - comboNm = cmbNm: null

2020-05-29 03:07:29 - [TEST_STEP][PASSED] - focus(NewInputNmField): Object: 'Object Repository/Objects.HighlightElements/input_field_index' is focused

2020-05-29 03:07:29 - [MESSAGE][PASSED] - Object: 'Object Repository/Objects.HighlightElements/input_field_index' is focused

2020-05-29 03:07:29 - [TEST_STEP][PASSED] - setText(NewInputNmField, EnterValue): Text '' is set on object 'Object Repository/Objects.HighlightElements/input_field_index'

2020-05-29 03:07:30 - [MESSAGE][PASSED] - Text '' is set on object 'Object Repository/Objects.HighlightElements/input_field_index'

2020-05-29 03:07:30 - [TEST_STEP][PASSED] - for ([i = 1, i <= NoOfVal, (i++)]): Keys 'DOWN + ' sent to object: 'Object Repository/Objects.HighlightElements/input_field_index'

2020-05-29 03:07:30 - [TEST_STEP][PASSED] - sendKeys(NewInputNmField, Keys.chord(ARROW_DOWN)): Keys 'DOWN + ' sent to object: 'Object Repository/Objects.HighlightElements/input_field_index'

2020-05-29 03:07:30 - [MESSAGE][PASSED] - Keys 'DOWN + ' sent to object: 'Object Repository/Objects.HighlightElements/input_field_index'

2020-05-29 03:07:30 - [TEST_STEP][PASSED] - delay(DelayTime): Delayed 2 second(s)

2020-05-29 03:07:32 - [MESSAGE][PASSED] - Delayed 2 second(s)

2020-05-29 03:07:32 - [TEST_STEP][PASSED] - sendKeys(NewInputNmField, Keys.chord(ENTER)): Keys 'ENTER + ' sent to object: 'Object Repository/Objects.HighlightElements/input_field_index'

2020-05-29 03:07:33 - [MESSAGE][PASSED] - Keys 'ENTER + ' sent to object: 'Object Repository/Objects.HighlightElements/input_field_index'

2020-05-29 03:07:33 - [TEST_STEP][PASSED] - ComboBoxValue = getAttribute(NewInputNmField, "value"): Attribute 'value' of object 'Object Repository/Objects.HighlightElements/input_field_index' is: 'Yes'

2020-05-29 03:07:33 - [MESSAGE][PASSED] - Attribute 'value' of object 'Object Repository/Objects.HighlightElements/input_field_index' is: 'Yes'

2020-05-29 03:07:33 - [TEST_STEP][PASSED] - callTestCase(findTestCase(CallTCName), ["FindValue":ComboBoxValue, "DropdownNm":comboNm], STOP_ON_FAILURE): Call Test Case 'Test Cases/PFI Precision and Scale/PFI Components/ConstantHashMap' successfully

2020-05-29 03:07:33 - [TEST_CASE][PASSED] - Test Cases/PFI Precision and Scale/PFI Components/ConstantHashMap: Test Cases/PFI Precision and Scale/PFI Components/ConstantHashMap

2020-05-29 03:07:33 - [TEST_STEP][PASSED] - ConstantTBL = [1:["PeriodType":"Working Day(s)"], 2:["PeriodType":"Calendar Day(s)"], 3:["PeriodType":"Month(s)"], 4:["TypeOfLetter":"T1"], ... ]: null

2020-05-29 03:07:33 - [TEST_STEP][PASSED] - switch (DropdownNm): null

2020-05-29 03:07:33 - [TEST_STEP][PASSED] - case "PresINd":: null

2020-05-29 03:07:33 - [TEST_STEP][PASSED] - ValueFound = ConstantTBL.find({ -> ... }): null

2020-05-29 03:07:33 - [TEST_STEP][PASSED] - break: null

2020-05-29 03:07:33 - [MESSAGE][PASSED] - Call Test Case 'Test Cases/PFI Precision and Scale/PFI Components/ConstantHashMap' successfully

2020-05-29 03:07:33 - [TEST_STEP][PASSED] - println(ValueFound): null

2020-05-29 03:07:33 - [TEST_STEP][PASSED] - sendKeys(NewInputNmField, Keys.chord(ARROW_DOWN)): Keys 'DOWN + ' sent to object: 'Object Repository/Objects.HighlightElements/input_field_index'

2020-05-29 03:07:33 - [MESSAGE][PASSED] - Keys 'DOWN + ' sent to object: 'Object Repository/Objects.HighlightElements/input_field_index'

2020-05-29 03:07:33 - [TEST_STEP][PASSED] - sendKeys(NewInputNmField, Keys.chord(ARROW_DOWN)): Keys 'DOWN + ' sent to object: 'Object Repository/Objects.HighlightElements/input_field_index'

2020-05-29 03:07:34 - [MESSAGE][PASSED] - Keys 'DOWN + ' sent to object: 'Object Repository/Objects.HighlightElements/input_field_index'

2020-05-29 03:07:34 - [TEST_STEP][PASSED] - delay(DelayTime): Delayed 2 second(s)

2020-05-29 03:07:36 - [MESSAGE][PASSED] - Delayed 2 second(s)

2020-05-29 03:07:36 - [TEST_STEP][PASSED] - sendKeys(NewInputNmField, Keys.chord(ENTER)): Keys 'ENTER + ' sent to object: 'Object Repository/Objects.HighlightElements/input_field_index'

2020-05-29 03:07:36 - [MESSAGE][PASSED] - Keys 'ENTER + ' sent to object: 'Object Repository/Objects.HighlightElements/input_field_index'

2020-05-29 03:07:36 - [TEST_STEP][PASSED] - ComboBoxValue = getAttribute(NewInputNmField, "value"): Attribute 'value' of object 'Object Repository/Objects.HighlightElements/input_field_index' is: 'No'

2020-05-29 03:07:36 - [MESSAGE][PASSED] - Attribute 'value' of object 'Object Repository/Objects.HighlightElements/input_field_index' is: 'No'

2020-05-29 03:07:36 - [TEST_STEP][PASSED] - callTestCase(findTestCase(CallTCName), ["FindValue":ComboBoxValue, "DropdownNm":comboNm], STOP_ON_FAILURE): Call Test Case 'Test Cases/PFI Precision and Scale/PFI Components/ConstantHashMap' successfully

2020-05-29 03:07:36 - [TEST_CASE][PASSED] - Test Cases/PFI Precision and Scale/PFI Components/ConstantHashMap: Test Cases/PFI Precision and Scale/PFI Components/ConstantHashMap

2020-05-29 03:07:36 - [TEST_STEP][PASSED] - ConstantTBL = [1:["PeriodType":"Working Day(s)"], 2:["PeriodType":"Calendar Day(s)"], 3:["PeriodType":"Month(s)"], 4:["TypeOfLetter":"T1"], ... ]: null

2020-05-29 03:07:36 - [TEST_STEP][PASSED] - switch (DropdownNm): null

2020-05-29 03:07:36 - [TEST_STEP][PASSED] - case "PresINd":: null

2020-05-29 03:07:36 - [TEST_STEP][PASSED] - ValueFound = ConstantTBL.find({ -> ... }): null

2020-05-29 03:07:36 - [TEST_STEP][PASSED] - break: null

2020-05-29 03:07:36 - [MESSAGE][PASSED] - Call Test Case 'Test Cases/PFI Precision and Scale/PFI Components/ConstantHashMap' successfully

2020-05-29 03:07:36 - [TEST_STEP][PASSED] - println(ValueFound): null

2020-05-29 03:07:36 - [TEST_STEP][PASSED] - sendKeys(NewInputNmField, Keys.chord(ARROW_DOWN)): Keys 'DOWN + ' sent to object: 'Object Repository/Objects.HighlightElements/input_field_index'

2020-05-29 03:07:37 - [MESSAGE][PASSED] - Keys 'DOWN + ' sent to object: 'Object Repository/Objects.HighlightElements/input_field_index'

2020-05-29 03:07:37 - [TEST_STEP][PASSED] - sendKeys(NewInputNmField, Keys.chord(ENTER)): Keys 'ENTER + ' sent to object: 'Object Repository/Objects.HighlightElements/input_field_index'

2020-05-29 03:07:37 - [MESSAGE][PASSED] - Keys 'ENTER + ' sent to object: 'Object Repository/Objects.HighlightElements/input_field_index'

2020-05-29 03:07:37 - [MESSAGE][PASSED] - Call Test Case 'Test Cases/PFI Precision and Scale/PFI Components with Indexing/VerifyDropdownValuesXPI' successfully

2020-05-29 03:07:37 - [TEST_STEP][PASSED] - callTestCase(findTestCase("Components/SelectAllThenDeleteXPI"), ["nameToBeUsed":"submInd_1", "index":"1"], STOP_ON_FAILURE): Call Test Case 'Test Cases/Components/SelectAllThenDeleteXPI' successfully

2020-05-29 03:07:37 - [TEST_CASE][PASSED] - Test Cases/Components/SelectAllThenDeleteXPI: Test Cases/Components/SelectAllThenDeleteXPI

2020-05-29 03:07:37 - [TEST_STEP][PASSED] - Thread.sleep(1000): null

2020-05-29 03:07:38 - [TEST_STEP][PASSED] - modifiedObj = modifyObjectProperty(findTestObject("Object Repository/Objects.HighlightElements/input_field_index"), "xpath", "equals", "(//*[contains(@name,'" + nameToBeUsed + "')])[" + index + "]", true): Modify property of object successfully

2020-05-29 03:07:38 - [MESSAGE][PASSED] - Modify property of object successfully

2020-05-29 03:07:38 - [TEST_STEP][PASSED] - focus(modifiedObj): Object: 'Object Repository/Objects.HighlightElements/input_field_index' is focused

2020-05-29 03:07:38 - [MESSAGE][PASSED] - Object: 'Object Repository/Objects.HighlightElements/input_field_index' is focused

2020-05-29 03:07:38 - [TEST_STEP][PASSED] - sendKeys(modifiedObj, Keys.chord(CONTROL, "a")): Keys 'CONTROL + a' sent to object: 'Object Repository/Objects.HighlightElements/input_field_index'

2020-05-29 03:07:39 - [MESSAGE][PASSED] - Keys 'CONTROL + a' sent to object: 'Object Repository/Objects.HighlightElements/input_field_index'

2020-05-29 03:07:39 - [TEST_STEP][PASSED] - sendKeys(modifiedObj, Keys.chord(DELETE)): Keys 'DELETE + ' sent to object: 'Object Repository/Objects.HighlightElements/input_field_index'

2020-05-29 03:07:39 - [MESSAGE][PASSED] - Keys 'DELETE + ' sent to object: 'Object Repository/Objects.HighlightElements/input_field_index'

2020-05-29 03:07:39 - [MESSAGE][PASSED] - Call Test Case 'Test Cases/Components/SelectAllThenDeleteXPI' successfully

2020-05-29 03:07:39 - [TEST_STEP][PASSED] - callTestCase(findTestCase("PFI Precision and Scale/PFI Components with Indexing/RequiredFieldValidationXPI"), ["nameToBeUsed":"submInd_1", "index":1], STOP_ON_FAILURE): Call Test Case 'Test Cases/PFI Precision and Scale/PFI Components with Indexing/RequiredFieldValidationXPI' successfully

2020-05-29 03:07:39 - [TEST_CASE][PASSED] - Test Cases/PFI Precision and Scale/PFI Components with Indexing/RequiredFieldValidationXPI: Test Cases/PFI Precision and Scale/PFI Components with Indexing/RequiredFieldValidationXPI

2020-05-29 03:07:39 - [TEST_STEP][PASSED] - enableSmartWait(): null

2020-05-29 03:07:39 - [TEST_STEP][PASSED] - NewInputNmField = modifyObjectProperty(findTestObject("Objects.HighlightElements/input_field_index"), "xpath", "equals", "(//*[contains(@name,'" + nameToBeUsed + "')])[" + index + "]", true): Modify property of object successfully

2020-05-29 03:07:39 - [MESSAGE][PASSED] - Modify property of object successfully

2020-05-29 03:07:39 - [TEST_STEP][PASSED] - mouseOver(NewInputNmField): Object: 'Object Repository/Objects.HighlightElements/input_field_index' is hovered

2020-05-29 03:07:40 - [MESSAGE][PASSED] - Object: 'Object Repository/Objects.HighlightElements/input_field_index' is hovered

2020-05-29 03:07:40 - [TEST_STEP][PASSED] - getRqErrMsg = getAttribute(NewInputNmField, "data-errorqtip"): Attribute 'data-errorqtip' of object 'Object Repository/Objects.HighlightElements/input_field_index' is: '<ul class="x-list-plain"><li>This field is required</li></ul>'

2020-05-29 03:07:40 - [MESSAGE][PASSED] - Attribute 'data-errorqtip' of object 'Object Repository/Objects.HighlightElements/input_field_index' is: '<ul class="x-list-plain"><li>This field is required</li></ul>'

2020-05-29 03:07:40 - [TEST_STEP][PASSED] - strToolTip = getRqErrMsg.substring(29, 61): null

2020-05-29 03:07:40 - [TEST_STEP][PASSED] - toolTipReqErrMsg = strToolTip.substring(0, 22): null

2020-05-29 03:07:40 - [TEST_STEP][PASSED] - verifyMatch(toolTipReqErrMsg, RqField, true): Actual text 'This field is required' and expected text 'This field is required' are matched  using regular expression

2020-05-29 03:07:40 - [MESSAGE][PASSED] - Actual text 'This field is required' and expected text 'This field is required' are matched  using regular expression

2020-05-29 03:07:40 - [MESSAGE][PASSED] - Call Test Case 'Test Cases/PFI Precision and Scale/PFI Components with Indexing/RequiredFieldValidationXPI' successfully

2020-05-29 03:07:40 - [TEST_STEP][PASSED] - callTestCase(findTestCase("Components/HighlightInputFieldXPI"), ["FldNm":"submInd_2", "index":1], STOP_ON_FAILURE): Call Test Case 'Test Cases/Components/HighlightInputFieldXPI' successfully

2020-05-29 03:07:40 - [TEST_CASE][PASSED] - Test Cases/Components/HighlightInputFieldXPI: Test Cases/Components/HighlightInputFieldXPI

2020-05-29 03:07:40 - [TEST_STEP][PASSED] - Thread.sleep(1000): null

2020-05-29 03:07:41 - [TEST_STEP][PASSED] - modifiedInputNm = modifyObjectProperty(findTestObject("Object Repository/Objects.HighlightElements/input_field_index"), "xpath", "equals", "(//*[contains(@name, '" + FldNm + "')])[" + index + "]", true): Modify property of object successfully

2020-05-29 03:07:41 - [MESSAGE][PASSED] - Modify property of object successfully

2020-05-29 03:07:41 - [TEST_STEP][PASSED] - com.reusableComponents.HighlightElement.run(modifiedInputNm): com.reusableComponents.HighlightElement.run is PASSED

2020-05-29 03:07:42 - [MESSAGE][PASSED] - com.reusableComponents.HighlightElement.run is PASSED

2020-05-29 03:07:42 - [MESSAGE][PASSED] - Call Test Case 'Test Cases/Components/HighlightInputFieldXPI' successfully

2020-05-29 03:07:42 - [TEST_STEP][PASSED] - callTestCase(findTestCase("PFI Precision and Scale/PFI Components with Indexing/VerifyDropdownValuesXPI"), ["FldNm":"submInd_2", "index":1, "CallTCName":"PFI Precision and Scale/PFI Components/ConstantHashMap", "cmbNm":"PresINd", ... ], STOP_ON_FAILURE): Call Test Case 'Test Cases/PFI Precision and Scale/PFI Components with Indexing/VerifyDropdownValuesXPI' successfully

2020-05-29 03:07:42 - [TEST_CASE][PASSED] - Test Cases/PFI Precision and Scale/PFI Components with Indexing/VerifyDropdownValuesXPI: Test Cases/PFI Precision and Scale/PFI Components with Indexing/VerifyDropdownValuesXPI

2020-05-29 03:07:42 - [TEST_STEP][PASSED] - Thread.sleep(1000): null

2020-05-29 03:07:43 - [TEST_STEP][PASSED] - NewInputNmField = modifyObjectProperty(findTestObject("Object Repository/Objects.HighlightElements/input_field_index"), "xpath", "equals", "(//*[contains(@name, '" + FldNm + "')])[" + index + "]", true): Modify property of object successfully

2020-05-29 03:07:43 - [MESSAGE][PASSED] - Modify property of object successfully

2020-05-29 03:07:43 - [TEST_STEP][PASSED] - comboNm = cmbNm: null

2020-05-29 03:07:43 - [TEST_STEP][PASSED] - focus(NewInputNmField): Object: 'Object Repository/Objects.HighlightElements/input_field_index' is focused

2020-05-29 03:07:43 - [MESSAGE][PASSED] - Object: 'Object Repository/Objects.HighlightElements/input_field_index' is focused

2020-05-29 03:07:43 - [TEST_STEP][PASSED] - setText(NewInputNmField, EnterValue): Text '' is set on object 'Object Repository/Objects.HighlightElements/input_field_index'

2020-05-29 03:07:44 - [MESSAGE][PASSED] - Text '' is set on object 'Object Repository/Objects.HighlightElements/input_field_index'

2020-05-29 03:07:44 - [TEST_STEP][PASSED] - for ([i = 1, i <= NoOfVal, (i++)]): Keys 'DOWN + ' sent to object: 'Object Repository/Objects.HighlightElements/input_field_index'

2020-05-29 03:07:44 - [TEST_STEP][PASSED] - sendKeys(NewInputNmField, Keys.chord(ARROW_DOWN)): Keys 'DOWN + ' sent to object: 'Object Repository/Objects.HighlightElements/input_field_index'

2020-05-29 03:07:44 - [MESSAGE][PASSED] - Keys 'DOWN + ' sent to object: 'Object Repository/Objects.HighlightElements/input_field_index'

2020-05-29 03:07:44 - [TEST_STEP][PASSED] - delay(DelayTime): Delayed 2 second(s)

2020-05-29 03:07:46 - [MESSAGE][PASSED] - Delayed 2 second(s)

2020-05-29 03:07:46 - [TEST_STEP][PASSED] - sendKeys(NewInputNmField, Keys.chord(ENTER)): Keys 'ENTER + ' sent to object: 'Object Repository/Objects.HighlightElements/input_field_index'

2020-05-29 03:07:46 - [MESSAGE][PASSED] - Keys 'ENTER + ' sent to object: 'Object Repository/Objects.HighlightElements/input_field_index'

2020-05-29 03:07:46 - [TEST_STEP][PASSED] - ComboBoxValue = getAttribute(NewInputNmField, "value"): Attribute 'value' of object 'Object Repository/Objects.HighlightElements/input_field_index' is: 'Yes'

2020-05-29 03:07:46 - [MESSAGE][PASSED] - Attribute 'value' of object 'Object Repository/Objects.HighlightElements/input_field_index' is: 'Yes'

2020-05-29 03:07:46 - [TEST_STEP][PASSED] - callTestCase(findTestCase(CallTCName), ["FindValue":ComboBoxValue, "DropdownNm":comboNm], STOP_ON_FAILURE): Call Test Case 'Test Cases/PFI Precision and Scale/PFI Components/ConstantHashMap' successfully

2020-05-29 03:07:47 - [TEST_CASE][PASSED] - Test Cases/PFI Precision and Scale/PFI Components/ConstantHashMap: Test Cases/PFI Precision and Scale/PFI Components/ConstantHashMap

2020-05-29 03:07:47 - [TEST_STEP][PASSED] - ConstantTBL = [1:["PeriodType":"Working Day(s)"], 2:["PeriodType":"Calendar Day(s)"], 3:["PeriodType":"Month(s)"], 4:["TypeOfLetter":"T1"], ... ]: null

2020-05-29 03:07:47 - [TEST_STEP][PASSED] - switch (DropdownNm): null

2020-05-29 03:07:47 - [TEST_STEP][PASSED] - case "PresINd":: null

2020-05-29 03:07:47 - [TEST_STEP][PASSED] - ValueFound = ConstantTBL.find({ -> ... }): null

2020-05-29 03:07:47 - [TEST_STEP][PASSED] - break: null

2020-05-29 03:07:47 - [MESSAGE][PASSED] - Call Test Case 'Test Cases/PFI Precision and Scale/PFI Components/ConstantHashMap' successfully

2020-05-29 03:07:47 - [TEST_STEP][PASSED] - println(ValueFound): null

2020-05-29 03:07:47 - [TEST_STEP][PASSED] - sendKeys(NewInputNmField, Keys.chord(ARROW_DOWN)): Keys 'DOWN + ' sent to object: 'Object Repository/Objects.HighlightElements/input_field_index'

2020-05-29 03:07:47 - [MESSAGE][PASSED] - Keys 'DOWN + ' sent to object: 'Object Repository/Objects.HighlightElements/input_field_index'

2020-05-29 03:07:47 - [TEST_STEP][PASSED] - sendKeys(NewInputNmField, Keys.chord(ARROW_DOWN)): Keys 'DOWN + ' sent to object: 'Object Repository/Objects.HighlightElements/input_field_index'

2020-05-29 03:07:47 - [MESSAGE][PASSED] - Keys 'DOWN + ' sent to object: 'Object Repository/Objects.HighlightElements/input_field_index'

2020-05-29 03:07:47 - [TEST_STEP][PASSED] - delay(DelayTime): Delayed 2 second(s)

2020-05-29 03:07:49 - [MESSAGE][PASSED] - Delayed 2 second(s)

2020-05-29 03:07:49 - [TEST_STEP][PASSED] - sendKeys(NewInputNmField, Keys.chord(ENTER)): Keys 'ENTER + ' sent to object: 'Object Repository/Objects.HighlightElements/input_field_index'

2020-05-29 03:07:50 - [MESSAGE][PASSED] - Keys 'ENTER + ' sent to object: 'Object Repository/Objects.HighlightElements/input_field_index'

2020-05-29 03:07:50 - [TEST_STEP][PASSED] - ComboBoxValue = getAttribute(NewInputNmField, "value"): Attribute 'value' of object 'Object Repository/Objects.HighlightElements/input_field_index' is: 'No'

2020-05-29 03:07:50 - [MESSAGE][PASSED] - Attribute 'value' of object 'Object Repository/Objects.HighlightElements/input_field_index' is: 'No'

2020-05-29 03:07:50 - [TEST_STEP][PASSED] - callTestCase(findTestCase(CallTCName), ["FindValue":ComboBoxValue, "DropdownNm":comboNm], STOP_ON_FAILURE): Call Test Case 'Test Cases/PFI Precision and Scale/PFI Components/ConstantHashMap' successfully

2020-05-29 03:07:50 - [TEST_CASE][PASSED] - Test Cases/PFI Precision and Scale/PFI Components/ConstantHashMap: Test Cases/PFI Precision and Scale/PFI Components/ConstantHashMap

2020-05-29 03:07:50 - [TEST_STEP][PASSED] - ConstantTBL = [1:["PeriodType":"Working Day(s)"], 2:["PeriodType":"Calendar Day(s)"], 3:["PeriodType":"Month(s)"], 4:["TypeOfLetter":"T1"], ... ]: null

2020-05-29 03:07:50 - [TEST_STEP][PASSED] - switch (DropdownNm): null

2020-05-29 03:07:50 - [TEST_STEP][PASSED] - case "PresINd":: null

2020-05-29 03:07:50 - [TEST_STEP][PASSED] - ValueFound = ConstantTBL.find({ -> ... }): null

2020-05-29 03:07:50 - [TEST_STEP][PASSED] - break: null

2020-05-29 03:07:50 - [MESSAGE][PASSED] - Call Test Case 'Test Cases/PFI Precision and Scale/PFI Components/ConstantHashMap' successfully

2020-05-29 03:07:50 - [TEST_STEP][PASSED] - println(ValueFound): null

2020-05-29 03:07:50 - [TEST_STEP][PASSED] - sendKeys(NewInputNmField, Keys.chord(ARROW_DOWN)): Keys 'DOWN + ' sent to object: 'Object Repository/Objects.HighlightElements/input_field_index'

2020-05-29 03:07:50 - [MESSAGE][PASSED] - Keys 'DOWN + ' sent to object: 'Object Repository/Objects.HighlightElements/input_field_index'

2020-05-29 03:07:50 - [TEST_STEP][PASSED] - sendKeys(NewInputNmField, Keys.chord(ENTER)): Keys 'ENTER + ' sent to object: 'Object Repository/Objects.HighlightElements/input_field_index'

2020-05-29 03:07:51 - [MESSAGE][PASSED] - Keys 'ENTER + ' sent to object: 'Object Repository/Objects.HighlightElements/input_field_index'

2020-05-29 03:07:51 - [MESSAGE][PASSED] - Call Test Case 'Test Cases/PFI Precision and Scale/PFI Components with Indexing/VerifyDropdownValuesXPI' successfully

2020-05-29 03:07:51 - [TEST_STEP][PASSED] - callTestCase(findTestCase("Components/SelectAllThenDeleteXPI"), ["nameToBeUsed":"submInd_2", "index":1], STOP_ON_FAILURE): Call Test Case 'Test Cases/Components/SelectAllThenDeleteXPI' successfully

2020-05-29 03:07:51 - [TEST_CASE][PASSED] - Test Cases/Components/SelectAllThenDeleteXPI: Test Cases/Components/SelectAllThenDeleteXPI

2020-05-29 03:07:51 - [TEST_STEP][PASSED] - Thread.sleep(1000): null

2020-05-29 03:07:52 - [TEST_STEP][PASSED] - modifiedObj = modifyObjectProperty(findTestObject("Object Repository/Objects.HighlightElements/input_field_index"), "xpath", "equals", "(//*[contains(@name,'" + nameToBeUsed + "')])[" + index + "]", true): Modify property of object successfully

2020-05-29 03:07:52 - [MESSAGE][PASSED] - Modify property of object successfully

2020-05-29 03:07:52 - [TEST_STEP][PASSED] - focus(modifiedObj): Object: 'Object Repository/Objects.HighlightElements/input_field_index' is focused

2020-05-29 03:07:52 - [MESSAGE][PASSED] - Object: 'Object Repository/Objects.HighlightElements/input_field_index' is focused

2020-05-29 03:07:52 - [TEST_STEP][PASSED] - sendKeys(modifiedObj, Keys.chord(CONTROL, "a")): Keys 'CONTROL + a' sent to object: 'Object Repository/Objects.HighlightElements/input_field_index'

2020-05-29 03:07:52 - [MESSAGE][PASSED] - Keys 'CONTROL + a' sent to object: 'Object Repository/Objects.HighlightElements/input_field_index'

2020-05-29 03:07:52 - [TEST_STEP][PASSED] - sendKeys(modifiedObj, Keys.chord(DELETE)): Keys 'DELETE + ' sent to object: 'Object Repository/Objects.HighlightElements/input_field_index'

2020-05-29 03:07:53 - [MESSAGE][PASSED] - Keys 'DELETE + ' sent to object: 'Object Repository/Objects.HighlightElements/input_field_index'

2020-05-29 03:07:53 - [MESSAGE][PASSED] - Call Test Case 'Test Cases/Components/SelectAllThenDeleteXPI' successfully

2020-05-29 03:07:53 - [TEST_STEP][PASSED] - callTestCase(findTestCase("PFI Precision and Scale/PFI Components with Indexing/RequiredFieldValidationXPI"), ["nameToBeUsed":"submInd_2", "index":1], STOP_ON_FAILURE): Call Test Case 'Test Cases/PFI Precision and Scale/PFI Components with Indexing/RequiredFieldValidationXPI' successfully

2020-05-29 03:07:53 - [TEST_CASE][PASSED] - Test Cases/PFI Precision and Scale/PFI Components with Indexing/RequiredFieldValidationXPI: Test Cases/PFI Precision and Scale/PFI Components with Indexing/RequiredFieldValidationXPI

2020-05-29 03:07:53 - [TEST_STEP][PASSED] - enableSmartWait(): null

2020-05-29 03:07:53 - [TEST_STEP][PASSED] - NewInputNmField = modifyObjectProperty(findTestObject("Objects.HighlightElements/input_field_index"), "xpath", "equals", "(//*[contains(@name,'" + nameToBeUsed + "')])[" + index + "]", true): Modify property of object successfully

2020-05-29 03:07:53 - [MESSAGE][PASSED] - Modify property of object successfully

2020-05-29 03:07:53 - [TEST_STEP][PASSED] - mouseOver(NewInputNmField): Object: 'Object Repository/Objects.HighlightElements/input_field_index' is hovered

2020-05-29 03:07:53 - [MESSAGE][PASSED] - Object: 'Object Repository/Objects.HighlightElements/input_field_index' is hovered

2020-05-29 03:07:53 - [TEST_STEP][PASSED] - getRqErrMsg = getAttribute(NewInputNmField, "data-errorqtip"): Attribute 'data-errorqtip' of object 'Object Repository/Objects.HighlightElements/input_field_index' is: '<ul class="x-list-plain"><li>This field is required</li></ul>'

2020-05-29 03:07:54 - [MESSAGE][PASSED] - Attribute 'data-errorqtip' of object 'Object Repository/Objects.HighlightElements/input_field_index' is: '<ul class="x-list-plain"><li>This field is required</li></ul>'

2020-05-29 03:07:54 - [TEST_STEP][PASSED] - strToolTip = getRqErrMsg.substring(29, 61): null

2020-05-29 03:07:54 - [TEST_STEP][PASSED] - toolTipReqErrMsg = strToolTip.substring(0, 22): null

2020-05-29 03:07:54 - [TEST_STEP][PASSED] - verifyMatch(toolTipReqErrMsg, RqField, true): Actual text 'This field is required' and expected text 'This field is required' are matched  using regular expression

2020-05-29 03:07:54 - [MESSAGE][PASSED] - Actual text 'This field is required' and expected text 'This field is required' are matched  using regular expression

2020-05-29 03:07:54 - [MESSAGE][PASSED] - Call Test Case 'Test Cases/PFI Precision and Scale/PFI Components with Indexing/RequiredFieldValidationXPI' successfully

2020-05-29 03:07:54 - [TEST_STEP][PASSED] - callTestCase(findTestCase("Components/HighlightInputFieldXPI"), ["FldNm":"submInd_3", "index":1], STOP_ON_FAILURE): Call Test Case 'Test Cases/Components/HighlightInputFieldXPI' successfully

2020-05-29 03:07:54 - [TEST_CASE][PASSED] - Test Cases/Components/HighlightInputFieldXPI: Test Cases/Components/HighlightInputFieldXPI

2020-05-29 03:07:54 - [TEST_STEP][PASSED] - Thread.sleep(1000): null

2020-05-29 03:07:55 - [TEST_STEP][PASSED] - modifiedInputNm = modifyObjectProperty(findTestObject("Object Repository/Objects.HighlightElements/input_field_index"), "xpath", "equals", "(//*[contains(@name, '" + FldNm + "')])[" + index + "]", true): Modify property of object successfully

2020-05-29 03:07:55 - [MESSAGE][PASSED] - Modify property of object successfully

2020-05-29 03:07:55 - [TEST_STEP][PASSED] - com.reusableComponents.HighlightElement.run(modifiedInputNm): com.reusableComponents.HighlightElement.run is PASSED

2020-05-29 03:07:55 - [MESSAGE][PASSED] - com.reusableComponents.HighlightElement.run is PASSED

2020-05-29 03:07:55 - [MESSAGE][PASSED] - Call Test Case 'Test Cases/Components/HighlightInputFieldXPI' successfully

2020-05-29 03:07:55 - [TEST_STEP][PASSED] - callTestCase(findTestCase("PFI Precision and Scale/PFI Components with Indexing/VerifyDropdownValuesXPI"), ["FldNm":"submInd_3", "index":1, "CallTCName":"PFI Precision and Scale/PFI Components/ConstantHashMap", "cmbNm":"PresINd", ... ], STOP_ON_FAILURE): Call Test Case 'Test Cases/PFI Precision and Scale/PFI Components with Indexing/VerifyDropdownValuesXPI' successfully

2020-05-29 03:07:55 - [TEST_CASE][PASSED] - Test Cases/PFI Precision and Scale/PFI Components with Indexing/VerifyDropdownValuesXPI: Test Cases/PFI Precision and Scale/PFI Components with Indexing/VerifyDropdownValuesXPI

2020-05-29 03:07:55 - [TEST_STEP][PASSED] - Thread.sleep(1000): null

2020-05-29 03:07:56 - [TEST_STEP][PASSED] - NewInputNmField = modifyObjectProperty(findTestObject("Object Repository/Objects.HighlightElements/input_field_index"), "xpath", "equals", "(//*[contains(@name, '" + FldNm + "')])[" + index + "]", true): Modify property of object successfully

2020-05-29 03:07:56 - [MESSAGE][PASSED] - Modify property of object successfully

2020-05-29 03:07:56 - [TEST_STEP][PASSED] - comboNm = cmbNm: null

2020-05-29 03:07:56 - [TEST_STEP][PASSED] - focus(NewInputNmField): Object: 'Object Repository/Objects.HighlightElements/input_field_index' is focused

2020-05-29 03:07:57 - [MESSAGE][PASSED] - Object: 'Object Repository/Objects.HighlightElements/input_field_index' is focused

2020-05-29 03:07:57 - [TEST_STEP][PASSED] - setText(NewInputNmField, EnterValue): Text '' is set on object 'Object Repository/Objects.HighlightElements/input_field_index'

2020-05-29 03:07:57 - [MESSAGE][PASSED] - Text '' is set on object 'Object Repository/Objects.HighlightElements/input_field_index'

2020-05-29 03:07:57 - [TEST_STEP][PASSED] - for ([i = 1, i <= NoOfVal, (i++)]): Keys 'DOWN + ' sent to object: 'Object Repository/Objects.HighlightElements/input_field_index'

2020-05-29 03:07:57 - [TEST_STEP][PASSED] - sendKeys(NewInputNmField, Keys.chord(ARROW_DOWN)): Keys 'DOWN + ' sent to object: 'Object Repository/Objects.HighlightElements/input_field_index'

2020-05-29 03:07:58 - [MESSAGE][PASSED] - Keys 'DOWN + ' sent to object: 'Object Repository/Objects.HighlightElements/input_field_index'

2020-05-29 03:07:58 - [TEST_STEP][PASSED] - delay(DelayTime): Delayed 2 second(s)

2020-05-29 03:08:00 - [MESSAGE][PASSED] - Delayed 2 second(s)

2020-05-29 03:08:00 - [TEST_STEP][PASSED] - sendKeys(NewInputNmField, Keys.chord(ENTER)): Keys 'ENTER + ' sent to object: 'Object Repository/Objects.HighlightElements/input_field_index'

2020-05-29 03:08:00 - [MESSAGE][PASSED] - Keys 'ENTER + ' sent to object: 'Object Repository/Objects.HighlightElements/input_field_index'

2020-05-29 03:08:00 - [TEST_STEP][PASSED] - ComboBoxValue = getAttribute(NewInputNmField, "value"): Attribute 'value' of object 'Object Repository/Objects.HighlightElements/input_field_index' is: 'Yes'

2020-05-29 03:08:00 - [MESSAGE][PASSED] - Attribute 'value' of object 'Object Repository/Objects.HighlightElements/input_field_index' is: 'Yes'

2020-05-29 03:08:00 - [TEST_STEP][PASSED] - callTestCase(findTestCase(CallTCName), ["FindValue":ComboBoxValue, "DropdownNm":comboNm], STOP_ON_FAILURE): Call Test Case 'Test Cases/PFI Precision and Scale/PFI Components/ConstantHashMap' successfully

2020-05-29 03:08:00 - [TEST_CASE][PASSED] - Test Cases/PFI Precision and Scale/PFI Components/ConstantHashMap: Test Cases/PFI Precision and Scale/PFI Components/ConstantHashMap

2020-05-29 03:08:00 - [TEST_STEP][PASSED] - ConstantTBL = [1:["PeriodType":"Working Day(s)"], 2:["PeriodType":"Calendar Day(s)"], 3:["PeriodType":"Month(s)"], 4:["TypeOfLetter":"T1"], ... ]: null

2020-05-29 03:08:00 - [TEST_STEP][PASSED] - switch (DropdownNm): null

2020-05-29 03:08:00 - [TEST_STEP][PASSED] - case "PresINd":: null

2020-05-29 03:08:00 - [TEST_STEP][PASSED] - ValueFound = ConstantTBL.find({ -> ... }): null

2020-05-29 03:08:00 - [TEST_STEP][PASSED] - break: null

2020-05-29 03:08:00 - [MESSAGE][PASSED] - Call Test Case 'Test Cases/PFI Precision and Scale/PFI Components/ConstantHashMap' successfully

2020-05-29 03:08:00 - [TEST_STEP][PASSED] - println(ValueFound): null

2020-05-29 03:08:00 - [TEST_STEP][PASSED] - sendKeys(NewInputNmField, Keys.chord(ARROW_DOWN)): Keys 'DOWN + ' sent to object: 'Object Repository/Objects.HighlightElements/input_field_index'

2020-05-29 03:08:00 - [MESSAGE][PASSED] - Keys 'DOWN + ' sent to object: 'Object Repository/Objects.HighlightElements/input_field_index'

2020-05-29 03:08:00 - [TEST_STEP][PASSED] - sendKeys(NewInputNmField, Keys.chord(ARROW_DOWN)): Keys 'DOWN + ' sent to object: 'Object Repository/Objects.HighlightElements/input_field_index'

2020-05-29 03:08:01 - [MESSAGE][PASSED] - Keys 'DOWN + ' sent to object: 'Object Repository/Objects.HighlightElements/input_field_index'

2020-05-29 03:08:01 - [TEST_STEP][PASSED] - delay(DelayTime): Delayed 2 second(s)

2020-05-29 03:08:03 - [MESSAGE][PASSED] - Delayed 2 second(s)

2020-05-29 03:08:03 - [TEST_STEP][PASSED] - sendKeys(NewInputNmField, Keys.chord(ENTER)): Keys 'ENTER + ' sent to object: 'Object Repository/Objects.HighlightElements/input_field_index'

2020-05-29 03:08:03 - [MESSAGE][PASSED] - Keys 'ENTER + ' sent to object: 'Object Repository/Objects.HighlightElements/input_field_index'

2020-05-29 03:08:03 - [TEST_STEP][PASSED] - ComboBoxValue = getAttribute(NewInputNmField, "value"): Attribute 'value' of object 'Object Repository/Objects.HighlightElements/input_field_index' is: 'No'

2020-05-29 03:08:04 - [MESSAGE][PASSED] - Attribute 'value' of object 'Object Repository/Objects.HighlightElements/input_field_index' is: 'No'

2020-05-29 03:08:04 - [TEST_STEP][PASSED] - callTestCase(findTestCase(CallTCName), ["FindValue":ComboBoxValue, "DropdownNm":comboNm], STOP_ON_FAILURE): Call Test Case 'Test Cases/PFI Precision and Scale/PFI Components/ConstantHashMap' successfully

2020-05-29 03:08:04 - [TEST_CASE][PASSED] - Test Cases/PFI Precision and Scale/PFI Components/ConstantHashMap: Test Cases/PFI Precision and Scale/PFI Components/ConstantHashMap

2020-05-29 03:08:04 - [TEST_STEP][PASSED] - ConstantTBL = [1:["PeriodType":"Working Day(s)"], 2:["PeriodType":"Calendar Day(s)"], 3:["PeriodType":"Month(s)"], 4:["TypeOfLetter":"T1"], ... ]: null

2020-05-29 03:08:04 - [TEST_STEP][PASSED] - switch (DropdownNm): null

2020-05-29 03:08:04 - [TEST_STEP][PASSED] - case "PresINd":: null

2020-05-29 03:08:04 - [TEST_STEP][PASSED] - ValueFound = ConstantTBL.find({ -> ... }): null

2020-05-29 03:08:04 - [TEST_STEP][PASSED] - break: null

2020-05-29 03:08:04 - [MESSAGE][PASSED] - Call Test Case 'Test Cases/PFI Precision and Scale/PFI Components/ConstantHashMap' successfully

2020-05-29 03:08:04 - [TEST_STEP][PASSED] - println(ValueFound): null

2020-05-29 03:08:04 - [TEST_STEP][PASSED] - sendKeys(NewInputNmField, Keys.chord(ARROW_DOWN)): Keys 'DOWN + ' sent to object: 'Object Repository/Objects.HighlightElements/input_field_index'

2020-05-29 03:08:04 - [MESSAGE][PASSED] - Keys 'DOWN + ' sent to object: 'Object Repository/Objects.HighlightElements/input_field_index'

2020-05-29 03:08:04 - [TEST_STEP][PASSED] - sendKeys(NewInputNmField, Keys.chord(ENTER)): Keys 'ENTER + ' sent to object: 'Object Repository/Objects.HighlightElements/input_field_index'

2020-05-29 03:08:04 - [MESSAGE][PASSED] - Keys 'ENTER + ' sent to object: 'Object Repository/Objects.HighlightElements/input_field_index'

2020-05-29 03:08:04 - [MESSAGE][PASSED] - Call Test Case 'Test Cases/PFI Precision and Scale/PFI Components with Indexing/VerifyDropdownValuesXPI' successfully

2020-05-29 03:08:04 - [TEST_STEP][PASSED] - callTestCase(findTestCase("Components/SelectAllThenDeleteXPI"), ["nameToBeUsed":"submInd_3", "index":"1"], STOP_ON_FAILURE): Call Test Case 'Test Cases/Components/SelectAllThenDeleteXPI' successfully

2020-05-29 03:08:04 - [TEST_CASE][PASSED] - Test Cases/Components/SelectAllThenDeleteXPI: Test Cases/Components/SelectAllThenDeleteXPI

2020-05-29 03:08:04 - [TEST_STEP][PASSED] - Thread.sleep(1000): null

2020-05-29 03:08:05 - [TEST_STEP][PASSED] - modifiedObj = modifyObjectProperty(findTestObject("Object Repository/Objects.HighlightElements/input_field_index"), "xpath", "equals", "(//*[contains(@name,'" + nameToBeUsed + "')])[" + index + "]", true): Modify property of object successfully

2020-05-29 03:08:06 - [MESSAGE][PASSED] - Modify property of object successfully

2020-05-29 03:08:06 - [TEST_STEP][PASSED] - focus(modifiedObj): Object: 'Object Repository/Objects.HighlightElements/input_field_index' is focused

2020-05-29 03:08:06 - [MESSAGE][PASSED] - Object: 'Object Repository/Objects.HighlightElements/input_field_index' is focused

2020-05-29 03:08:06 - [TEST_STEP][PASSED] - sendKeys(modifiedObj, Keys.chord(CONTROL, "a")): Keys 'CONTROL + a' sent to object: 'Object Repository/Objects.HighlightElements/input_field_index'

2020-05-29 03:08:06 - [MESSAGE][PASSED] - Keys 'CONTROL + a' sent to object: 'Object Repository/Objects.HighlightElements/input_field_index'

2020-05-29 03:08:06 - [TEST_STEP][PASSED] - sendKeys(modifiedObj, Keys.chord(DELETE)): Keys 'DELETE + ' sent to object: 'Object Repository/Objects.HighlightElements/input_field_index'

2020-05-29 03:08:06 - [MESSAGE][PASSED] - Keys 'DELETE + ' sent to object: 'Object Repository/Objects.HighlightElements/input_field_index'

2020-05-29 03:08:06 - [MESSAGE][PASSED] - Call Test Case 'Test Cases/Components/SelectAllThenDeleteXPI' successfully

2020-05-29 03:08:06 - [TEST_STEP][PASSED] - callTestCase(findTestCase("PFI Precision and Scale/PFI Components with Indexing/RequiredFieldValidationXPI"), ["nameToBeUsed":"submInd_3", "index":1], STOP_ON_FAILURE): Call Test Case 'Test Cases/PFI Precision and Scale/PFI Components with Indexing/RequiredFieldValidationXPI' successfully

2020-05-29 03:08:06 - [TEST_CASE][PASSED] - Test Cases/PFI Precision and Scale/PFI Components with Indexing/RequiredFieldValidationXPI: Test Cases/PFI Precision and Scale/PFI Components with Indexing/RequiredFieldValidationXPI

2020-05-29 03:08:06 - [TEST_STEP][PASSED] - enableSmartWait(): null

2020-05-29 03:08:06 - [TEST_STEP][PASSED] - NewInputNmField = modifyObjectProperty(findTestObject("Objects.HighlightElements/input_field_index"), "xpath", "equals", "(//*[contains(@name,'" + nameToBeUsed + "')])[" + index + "]", true): Modify property of object successfully

2020-05-29 03:08:06 - [MESSAGE][PASSED] - Modify property of object successfully

2020-05-29 03:08:06 - [TEST_STEP][PASSED] - mouseOver(NewInputNmField): Object: 'Object Repository/Objects.HighlightElements/input_field_index' is hovered

2020-05-29 03:08:07 - [MESSAGE][PASSED] - Object: 'Object Repository/Objects.HighlightElements/input_field_index' is hovered

2020-05-29 03:08:07 - [TEST_STEP][PASSED] - getRqErrMsg = getAttribute(NewInputNmField, "data-errorqtip"): Attribute 'data-errorqtip' of object 'Object Repository/Objects.HighlightElements/input_field_index' is: '<ul class="x-list-plain"><li>This field is required</li></ul>'

2020-05-29 03:08:07 - [MESSAGE][PASSED] - Attribute 'data-errorqtip' of object 'Object Repository/Objects.HighlightElements/input_field_index' is: '<ul class="x-list-plain"><li>This field is required</li></ul>'

2020-05-29 03:08:07 - [TEST_STEP][PASSED] - strToolTip = getRqErrMsg.substring(29, 61): null

2020-05-29 03:08:07 - [TEST_STEP][PASSED] - toolTipReqErrMsg = strToolTip.substring(0, 22): null

2020-05-29 03:08:07 - [TEST_STEP][PASSED] - verifyMatch(toolTipReqErrMsg, RqField, true): Actual text 'This field is required' and expected text 'This field is required' are matched  using regular expression

2020-05-29 03:08:07 - [MESSAGE][PASSED] - Actual text 'This field is required' and expected text 'This field is required' are matched  using regular expression

2020-05-29 03:08:07 - [MESSAGE][PASSED] - Call Test Case 'Test Cases/PFI Precision and Scale/PFI Components with Indexing/RequiredFieldValidationXPI' successfully

2020-05-29 03:08:07 - [TEST_STEP][PASSED] - callTestCase(findTestCase("Components/HighlightInputFieldXPI"), ["FldNm":"submInd_4", "index":1], STOP_ON_FAILURE): Call Test Case 'Test Cases/Components/HighlightInputFieldXPI' successfully

2020-05-29 03:08:07 - [TEST_CASE][PASSED] - Test Cases/Components/HighlightInputFieldXPI: Test Cases/Components/HighlightInputFieldXPI

2020-05-29 03:08:07 - [TEST_STEP][PASSED] - Thread.sleep(1000): null

2020-05-29 03:08:08 - [TEST_STEP][PASSED] - modifiedInputNm = modifyObjectProperty(findTestObject("Object Repository/Objects.HighlightElements/input_field_index"), "xpath", "equals", "(//*[contains(@name, '" + FldNm + "')])[" + index + "]", true): Modify property of object successfully

2020-05-29 03:08:08 - [MESSAGE][PASSED] - Modify property of object successfully

2020-05-29 03:08:08 - [TEST_STEP][PASSED] - com.reusableComponents.HighlightElement.run(modifiedInputNm): com.reusableComponents.HighlightElement.run is PASSED

2020-05-29 03:08:09 - [MESSAGE][PASSED] - com.reusableComponents.HighlightElement.run is PASSED

2020-05-29 03:08:09 - [MESSAGE][PASSED] - Call Test Case 'Test Cases/Components/HighlightInputFieldXPI' successfully

2020-05-29 03:08:09 - [TEST_STEP][PASSED] - callTestCase(findTestCase("PFI Precision and Scale/PFI Components with Indexing/VerifyDropdownValuesXPI"), ["FldNm":"submInd_4", "index":1, "CallTCName":"PFI Precision and Scale/PFI Components/ConstantHashMap", "cmbNm":"PresINd", ... ], STOP_ON_FAILURE): Call Test Case 'Test Cases/PFI Precision and Scale/PFI Components with Indexing/VerifyDropdownValuesXPI' successfully

2020-05-29 03:08:09 - [TEST_CASE][PASSED] - Test Cases/PFI Precision and Scale/PFI Components with Indexing/VerifyDropdownValuesXPI: Test Cases/PFI Precision and Scale/PFI Components with Indexing/VerifyDropdownValuesXPI

2020-05-29 03:08:09 - [TEST_STEP][PASSED] - Thread.sleep(1000): null

2020-05-29 03:08:10 - [TEST_STEP][PASSED] - NewInputNmField = modifyObjectProperty(findTestObject("Object Repository/Objects.HighlightElements/input_field_index"), "xpath", "equals", "(//*[contains(@name, '" + FldNm + "')])[" + index + "]", true): Modify property of object successfully

2020-05-29 03:08:10 - [MESSAGE][PASSED] - Modify property of object successfully

2020-05-29 03:08:10 - [TEST_STEP][PASSED] - comboNm = cmbNm: null

2020-05-29 03:08:10 - [TEST_STEP][PASSED] - focus(NewInputNmField): Object: 'Object Repository/Objects.HighlightElements/input_field_index' is focused

2020-05-29 03:08:10 - [MESSAGE][PASSED] - Object: 'Object Repository/Objects.HighlightElements/input_field_index' is focused

2020-05-29 03:08:10 - [TEST_STEP][PASSED] - setText(NewInputNmField, EnterValue): Text '' is set on object 'Object Repository/Objects.HighlightElements/input_field_index'

2020-05-29 03:08:11 - [MESSAGE][PASSED] - Text '' is set on object 'Object Repository/Objects.HighlightElements/input_field_index'

2020-05-29 03:08:11 - [TEST_STEP][PASSED] - for ([i = 1, i <= NoOfVal, (i++)]): Keys 'DOWN + ' sent to object: 'Object Repository/Objects.HighlightElements/input_field_index'

2020-05-29 03:08:11 - [TEST_STEP][PASSED] - sendKeys(NewInputNmField, Keys.chord(ARROW_DOWN)): Keys 'DOWN + ' sent to object: 'Object Repository/Objects.HighlightElements/input_field_index'

2020-05-29 03:08:11 - [MESSAGE][PASSED] - Keys 'DOWN + ' sent to object: 'Object Repository/Objects.HighlightElements/input_field_index'

2020-05-29 03:08:11 - [TEST_STEP][PASSED] - delay(DelayTime): Delayed 2 second(s)

2020-05-29 03:08:13 - [MESSAGE][PASSED] - Delayed 2 second(s)

2020-05-29 03:08:13 - [TEST_STEP][PASSED] - sendKeys(NewInputNmField, Keys.chord(ENTER)): Keys 'ENTER + ' sent to object: 'Object Repository/Objects.HighlightElements/input_field_index'

2020-05-29 03:08:14 - [MESSAGE][PASSED] - Keys 'ENTER + ' sent to object: 'Object Repository/Objects.HighlightElements/input_field_index'

2020-05-29 03:08:14 - [TEST_STEP][PASSED] - ComboBoxValue = getAttribute(NewInputNmField, "value"): Attribute 'value' of object 'Object Repository/Objects.HighlightElements/input_field_index' is: 'Yes'

2020-05-29 03:08:14 - [MESSAGE][PASSED] - Attribute 'value' of object 'Object Repository/Objects.HighlightElements/input_field_index' is: 'Yes'

2020-05-29 03:08:14 - [TEST_STEP][PASSED] - callTestCase(findTestCase(CallTCName), ["FindValue":ComboBoxValue, "DropdownNm":comboNm], STOP_ON_FAILURE): Call Test Case 'Test Cases/PFI Precision and Scale/PFI Components/ConstantHashMap' successfully

2020-05-29 03:08:14 - [TEST_CASE][PASSED] - Test Cases/PFI Precision and Scale/PFI Components/ConstantHashMap: Test Cases/PFI Precision and Scale/PFI Components/ConstantHashMap

2020-05-29 03:08:14 - [TEST_STEP][PASSED] - ConstantTBL = [1:["PeriodType":"Working Day(s)"], 2:["PeriodType":"Calendar Day(s)"], 3:["PeriodType":"Month(s)"], 4:["TypeOfLetter":"T1"], ... ]: null

2020-05-29 03:08:14 - [TEST_STEP][PASSED] - switch (DropdownNm): null

2020-05-29 03:08:14 - [TEST_STEP][PASSED] - case "PresINd":: null

2020-05-29 03:08:14 - [TEST_STEP][PASSED] - ValueFound = ConstantTBL.find({ -> ... }): null

2020-05-29 03:08:14 - [TEST_STEP][PASSED] - break: null

2020-05-29 03:08:14 - [MESSAGE][PASSED] - Call Test Case 'Test Cases/PFI Precision and Scale/PFI Components/ConstantHashMap' successfully

2020-05-29 03:08:14 - [TEST_STEP][PASSED] - println(ValueFound): null

2020-05-29 03:08:14 - [TEST_STEP][PASSED] - sendKeys(NewInputNmField, Keys.chord(ARROW_DOWN)): Keys 'DOWN + ' sent to object: 'Object Repository/Objects.HighlightElements/input_field_index'

2020-05-29 03:08:14 - [MESSAGE][PASSED] - Keys 'DOWN + ' sent to object: 'Object Repository/Objects.HighlightElements/input_field_index'

2020-05-29 03:08:14 - [TEST_STEP][PASSED] - sendKeys(NewInputNmField, Keys.chord(ARROW_DOWN)): Keys 'DOWN + ' sent to object: 'Object Repository/Objects.HighlightElements/input_field_index'

2020-05-29 03:08:15 - [MESSAGE][PASSED] - Keys 'DOWN + ' sent to object: 'Object Repository/Objects.HighlightElements/input_field_index'

2020-05-29 03:08:15 - [TEST_STEP][PASSED] - delay(DelayTime): Delayed 2 second(s)

2020-05-29 03:08:17 - [MESSAGE][PASSED] - Delayed 2 second(s)

2020-05-29 03:08:17 - [TEST_STEP][PASSED] - sendKeys(NewInputNmField, Keys.chord(ENTER)): Keys 'ENTER + ' sent to object: 'Object Repository/Objects.HighlightElements/input_field_index'

2020-05-29 03:08:17 - [MESSAGE][PASSED] - Keys 'ENTER + ' sent to object: 'Object Repository/Objects.HighlightElements/input_field_index'

2020-05-29 03:08:17 - [TEST_STEP][PASSED] - ComboBoxValue = getAttribute(NewInputNmField, "value"): Attribute 'value' of object 'Object Repository/Objects.HighlightElements/input_field_index' is: 'No'

2020-05-29 03:08:17 - [MESSAGE][PASSED] - Attribute 'value' of object 'Object Repository/Objects.HighlightElements/input_field_index' is: 'No'

2020-05-29 03:08:17 - [TEST_STEP][PASSED] - callTestCase(findTestCase(CallTCName), ["FindValue":ComboBoxValue, "DropdownNm":comboNm], STOP_ON_FAILURE): Call Test Case 'Test Cases/PFI Precision and Scale/PFI Components/ConstantHashMap' successfully

2020-05-29 03:08:17 - [TEST_CASE][PASSED] - Test Cases/PFI Precision and Scale/PFI Components/ConstantHashMap: Test Cases/PFI Precision and Scale/PFI Components/ConstantHashMap

2020-05-29 03:08:17 - [TEST_STEP][PASSED] - ConstantTBL = [1:["PeriodType":"Working Day(s)"], 2:["PeriodType":"Calendar Day(s)"], 3:["PeriodType":"Month(s)"], 4:["TypeOfLetter":"T1"], ... ]: null

2020-05-29 03:08:17 - [TEST_STEP][PASSED] - switch (DropdownNm): null

2020-05-29 03:08:17 - [TEST_STEP][PASSED] - case "PresINd":: null

2020-05-29 03:08:17 - [TEST_STEP][PASSED] - ValueFound = ConstantTBL.find({ -> ... }): null

2020-05-29 03:08:17 - [TEST_STEP][PASSED] - break: null

2020-05-29 03:08:17 - [MESSAGE][PASSED] - Call Test Case 'Test Cases/PFI Precision and Scale/PFI Components/ConstantHashMap' successfully

2020-05-29 03:08:17 - [TEST_STEP][PASSED] - println(ValueFound): null

2020-05-29 03:08:17 - [TEST_STEP][PASSED] - sendKeys(NewInputNmField, Keys.chord(ARROW_DOWN)): Keys 'DOWN + ' sent to object: 'Object Repository/Objects.HighlightElements/input_field_index'

2020-05-29 03:08:18 - [MESSAGE][PASSED] - Keys 'DOWN + ' sent to object: 'Object Repository/Objects.HighlightElements/input_field_index'

2020-05-29 03:08:18 - [TEST_STEP][PASSED] - sendKeys(NewInputNmField, Keys.chord(ENTER)): Keys 'ENTER + ' sent to object: 'Object Repository/Objects.HighlightElements/input_field_index'

2020-05-29 03:08:18 - [MESSAGE][PASSED] - Keys 'ENTER + ' sent to object: 'Object Repository/Objects.HighlightElements/input_field_index'

2020-05-29 03:08:18 - [MESSAGE][PASSED] - Call Test Case 'Test Cases/PFI Precision and Scale/PFI Components with Indexing/VerifyDropdownValuesXPI' successfully

2020-05-29 03:08:18 - [TEST_STEP][PASSED] - callTestCase(findTestCase("Components/SelectAllThenDeleteXPI"), ["nameToBeUsed":"submInd_4", "index":"1"], STOP_ON_FAILURE): Call Test Case 'Test Cases/Components/SelectAllThenDeleteXPI' successfully

2020-05-29 03:08:18 - [TEST_CASE][PASSED] - Test Cases/Components/SelectAllThenDeleteXPI: Test Cases/Components/SelectAllThenDeleteXPI

2020-05-29 03:08:18 - [TEST_STEP][PASSED] - Thread.sleep(1000): null

2020-05-29 03:08:19 - [TEST_STEP][PASSED] - modifiedObj = modifyObjectProperty(findTestObject("Object Repository/Objects.HighlightElements/input_field_index"), "xpath", "equals", "(//*[contains(@name,'" + nameToBeUsed + "')])[" + index + "]", true): Modify property of object successfully

2020-05-29 03:08:19 - [MESSAGE][PASSED] - Modify property of object successfully

2020-05-29 03:08:19 - [TEST_STEP][PASSED] - focus(modifiedObj): Object: 'Object Repository/Objects.HighlightElements/input_field_index' is focused

2020-05-29 03:08:19 - [MESSAGE][PASSED] - Object: 'Object Repository/Objects.HighlightElements/input_field_index' is focused

2020-05-29 03:08:19 - [TEST_STEP][PASSED] - sendKeys(modifiedObj, Keys.chord(CONTROL, "a")): Keys 'CONTROL + a' sent to object: 'Object Repository/Objects.HighlightElements/input_field_index'

2020-05-29 03:08:20 - [MESSAGE][PASSED] - Keys 'CONTROL + a' sent to object: 'Object Repository/Objects.HighlightElements/input_field_index'

2020-05-29 03:08:20 - [TEST_STEP][PASSED] - sendKeys(modifiedObj, Keys.chord(DELETE)): Keys 'DELETE + ' sent to object: 'Object Repository/Objects.HighlightElements/input_field_index'

2020-05-29 03:08:20 - [MESSAGE][PASSED] - Keys 'DELETE + ' sent to object: 'Object Repository/Objects.HighlightElements/input_field_index'

2020-05-29 03:08:20 - [MESSAGE][PASSED] - Call Test Case 'Test Cases/Components/SelectAllThenDeleteXPI' successfully

2020-05-29 03:08:20 - [TEST_STEP][PASSED] - callTestCase(findTestCase("PFI Precision and Scale/PFI Components with Indexing/RequiredFieldValidationXPI"), ["nameToBeUsed":"submInd_4", "index":1], STOP_ON_FAILURE): Call Test Case 'Test Cases/PFI Precision and Scale/PFI Components with Indexing/RequiredFieldValidationXPI' successfully

2020-05-29 03:08:20 - [TEST_CASE][PASSED] - Test Cases/PFI Precision and Scale/PFI Components with Indexing/RequiredFieldValidationXPI: Test Cases/PFI Precision and Scale/PFI Components with Indexing/RequiredFieldValidationXPI

2020-05-29 03:08:20 - [TEST_STEP][PASSED] - enableSmartWait(): null

2020-05-29 03:08:20 - [TEST_STEP][PASSED] - NewInputNmField = modifyObjectProperty(findTestObject("Objects.HighlightElements/input_field_index"), "xpath", "equals", "(//*[contains(@name,'" + nameToBeUsed + "')])[" + index + "]", true): Modify property of object successfully

2020-05-29 03:08:20 - [MESSAGE][PASSED] - Modify property of object successfully

2020-05-29 03:08:20 - [TEST_STEP][PASSED] - mouseOver(NewInputNmField): Object: 'Object Repository/Objects.HighlightElements/input_field_index' is hovered

2020-05-29 03:08:21 - [MESSAGE][PASSED] - Object: 'Object Repository/Objects.HighlightElements/input_field_index' is hovered

2020-05-29 03:08:21 - [TEST_STEP][PASSED] - getRqErrMsg = getAttribute(NewInputNmField, "data-errorqtip"): Attribute 'data-errorqtip' of object 'Object Repository/Objects.HighlightElements/input_field_index' is: '<ul class="x-list-plain"><li>This field is required</li></ul>'

2020-05-29 03:08:21 - [MESSAGE][PASSED] - Attribute 'data-errorqtip' of object 'Object Repository/Objects.HighlightElements/input_field_index' is: '<ul class="x-list-plain"><li>This field is required</li></ul>'

2020-05-29 03:08:21 - [TEST_STEP][PASSED] - strToolTip = getRqErrMsg.substring(29, 61): null

2020-05-29 03:08:21 - [TEST_STEP][PASSED] - toolTipReqErrMsg = strToolTip.substring(0, 22): null

2020-05-29 03:08:21 - [TEST_STEP][PASSED] - verifyMatch(toolTipReqErrMsg, RqField, true): Actual text 'This field is required' and expected text 'This field is required' are matched  using regular expression

2020-05-29 03:08:21 - [MESSAGE][PASSED] - Actual text 'This field is required' and expected text 'This field is required' are matched  using regular expression

2020-05-29 03:08:21 - [MESSAGE][PASSED] - Call Test Case 'Test Cases/PFI Precision and Scale/PFI Components with Indexing/RequiredFieldValidationXPI' successfully

2020-05-29 03:08:21 - [TEST_STEP][PASSED] - callTestCase(findTestCase("Components/HighlightInputFieldXPI"), ["FldNm":"submInd_5", "index":1], STOP_ON_FAILURE): Call Test Case 'Test Cases/Components/HighlightInputFieldXPI' successfully

2020-05-29 03:08:21 - [TEST_CASE][PASSED] - Test Cases/Components/HighlightInputFieldXPI: Test Cases/Components/HighlightInputFieldXPI

2020-05-29 03:08:21 - [TEST_STEP][PASSED] - Thread.sleep(1000): null

2020-05-29 03:08:22 - [TEST_STEP][PASSED] - modifiedInputNm = modifyObjectProperty(findTestObject("Object Repository/Objects.HighlightElements/input_field_index"), "xpath", "equals", "(//*[contains(@name, '" + FldNm + "')])[" + index + "]", true): Modify property of object successfully

2020-05-29 03:08:22 - [MESSAGE][PASSED] - Modify property of object successfully

2020-05-29 03:08:22 - [TEST_STEP][PASSED] - com.reusableComponents.HighlightElement.run(modifiedInputNm): com.reusableComponents.HighlightElement.run is PASSED

2020-05-29 03:08:23 - [MESSAGE][PASSED] - com.reusableComponents.HighlightElement.run is PASSED

2020-05-29 03:08:23 - [MESSAGE][PASSED] - Call Test Case 'Test Cases/Components/HighlightInputFieldXPI' successfully

2020-05-29 03:08:23 - [TEST_STEP][PASSED] - callTestCase(findTestCase("PFI Precision and Scale/PFI Components with Indexing/VerifyDropdownValuesXPI"), ["FldNm":"submInd_5", "index":1, "CallTCName":"PFI Precision and Scale/PFI Components/ConstantHashMap", "cmbNm":"PresINd", ... ], STOP_ON_FAILURE): Call Test Case 'Test Cases/PFI Precision and Scale/PFI Components with Indexing/VerifyDropdownValuesXPI' successfully

2020-05-29 03:08:23 - [TEST_CASE][PASSED] - Test Cases/PFI Precision and Scale/PFI Components with Indexing/VerifyDropdownValuesXPI: Test Cases/PFI Precision and Scale/PFI Components with Indexing/VerifyDropdownValuesXPI

2020-05-29 03:08:23 - [TEST_STEP][PASSED] - Thread.sleep(1000): null

2020-05-29 03:08:24 - [TEST_STEP][PASSED] - NewInputNmField = modifyObjectProperty(findTestObject("Object Repository/Objects.HighlightElements/input_field_index"), "xpath", "equals", "(//*[contains(@name, '" + FldNm + "')])[" + index + "]", true): Modify property of object successfully

2020-05-29 03:08:24 - [MESSAGE][PASSED] - Modify property of object successfully

2020-05-29 03:08:24 - [TEST_STEP][PASSED] - comboNm = cmbNm: null

2020-05-29 03:08:24 - [TEST_STEP][PASSED] - focus(NewInputNmField): Object: 'Object Repository/Objects.HighlightElements/input_field_index' is focused

2020-05-29 03:08:24 - [MESSAGE][PASSED] - Object: 'Object Repository/Objects.HighlightElements/input_field_index' is focused

2020-05-29 03:08:24 - [TEST_STEP][PASSED] - setText(NewInputNmField, EnterValue): Text '' is set on object 'Object Repository/Objects.HighlightElements/input_field_index'

2020-05-29 03:08:25 - [MESSAGE][PASSED] - Text '' is set on object 'Object Repository/Objects.HighlightElements/input_field_index'

2020-05-29 03:08:25 - [TEST_STEP][PASSED] - for ([i = 1, i <= NoOfVal, (i++)]): Keys 'DOWN + ' sent to object: 'Object Repository/Objects.HighlightElements/input_field_index'

2020-05-29 03:08:25 - [TEST_STEP][PASSED] - sendKeys(NewInputNmField, Keys.chord(ARROW_DOWN)): Keys 'DOWN + ' sent to object: 'Object Repository/Objects.HighlightElements/input_field_index'

2020-05-29 03:08:25 - [MESSAGE][PASSED] - Keys 'DOWN + ' sent to object: 'Object Repository/Objects.HighlightElements/input_field_index'

2020-05-29 03:08:25 - [TEST_STEP][PASSED] - delay(DelayTime): Delayed 2 second(s)

2020-05-29 03:08:27 - [MESSAGE][PASSED] - Delayed 2 second(s)

2020-05-29 03:08:27 - [TEST_STEP][PASSED] - sendKeys(NewInputNmField, Keys.chord(ENTER)): Keys 'ENTER + ' sent to object: 'Object Repository/Objects.HighlightElements/input_field_index'

2020-05-29 03:08:27 - [MESSAGE][PASSED] - Keys 'ENTER + ' sent to object: 'Object Repository/Objects.HighlightElements/input_field_index'

2020-05-29 03:08:27 - [TEST_STEP][PASSED] - ComboBoxValue = getAttribute(NewInputNmField, "value"): Attribute 'value' of object 'Object Repository/Objects.HighlightElements/input_field_index' is: 'Yes'

2020-05-29 03:08:27 - [MESSAGE][PASSED] - Attribute 'value' of object 'Object Repository/Objects.HighlightElements/input_field_index' is: 'Yes'

2020-05-29 03:08:27 - [TEST_STEP][PASSED] - callTestCase(findTestCase(CallTCName), ["FindValue":ComboBoxValue, "DropdownNm":comboNm], STOP_ON_FAILURE): Call Test Case 'Test Cases/PFI Precision and Scale/PFI Components/ConstantHashMap' successfully

2020-05-29 03:08:28 - [TEST_CASE][PASSED] - Test Cases/PFI Precision and Scale/PFI Components/ConstantHashMap: Test Cases/PFI Precision and Scale/PFI Components/ConstantHashMap

2020-05-29 03:08:28 - [TEST_STEP][PASSED] - ConstantTBL = [1:["PeriodType":"Working Day(s)"], 2:["PeriodType":"Calendar Day(s)"], 3:["PeriodType":"Month(s)"], 4:["TypeOfLetter":"T1"], ... ]: null

2020-05-29 03:08:28 - [TEST_STEP][PASSED] - switch (DropdownNm): null

2020-05-29 03:08:28 - [TEST_STEP][PASSED] - case "PresINd":: null

2020-05-29 03:08:28 - [TEST_STEP][PASSED] - ValueFound = ConstantTBL.find({ -> ... }): null

2020-05-29 03:08:28 - [TEST_STEP][PASSED] - break: null

2020-05-29 03:08:28 - [MESSAGE][PASSED] - Call Test Case 'Test Cases/PFI Precision and Scale/PFI Components/ConstantHashMap' successfully

2020-05-29 03:08:28 - [TEST_STEP][PASSED] - println(ValueFound): null

2020-05-29 03:08:28 - [TEST_STEP][PASSED] - sendKeys(NewInputNmField, Keys.chord(ARROW_DOWN)): Keys 'DOWN + ' sent to object: 'Object Repository/Objects.HighlightElements/input_field_index'

2020-05-29 03:08:28 - [MESSAGE][PASSED] - Keys 'DOWN + ' sent to object: 'Object Repository/Objects.HighlightElements/input_field_index'

2020-05-29 03:08:28 - [TEST_STEP][PASSED] - sendKeys(NewInputNmField, Keys.chord(ARROW_DOWN)): Keys 'DOWN + ' sent to object: 'Object Repository/Objects.HighlightElements/input_field_index'

2020-05-29 03:08:28 - [MESSAGE][PASSED] - Keys 'DOWN + ' sent to object: 'Object Repository/Objects.HighlightElements/input_field_index'

2020-05-29 03:08:28 - [TEST_STEP][PASSED] - delay(DelayTime): Delayed 2 second(s)

2020-05-29 03:08:30 - [MESSAGE][PASSED] - Delayed 2 second(s)

2020-05-29 03:08:30 - [TEST_STEP][PASSED] - sendKeys(NewInputNmField, Keys.chord(ENTER)): Keys 'ENTER + ' sent to object: 'Object Repository/Objects.HighlightElements/input_field_index'

2020-05-29 03:08:31 - [MESSAGE][PASSED] - Keys 'ENTER + ' sent to object: 'Object Repository/Objects.HighlightElements/input_field_index'

2020-05-29 03:08:31 - [TEST_STEP][PASSED] - ComboBoxValue = getAttribute(NewInputNmField, "value"): Attribute 'value' of object 'Object Repository/Objects.HighlightElements/input_field_index' is: 'No'

2020-05-29 03:08:31 - [MESSAGE][PASSED] - Attribute 'value' of object 'Object Repository/Objects.HighlightElements/input_field_index' is: 'No'

2020-05-29 03:08:31 - [TEST_STEP][PASSED] - callTestCase(findTestCase(CallTCName), ["FindValue":ComboBoxValue, "DropdownNm":comboNm], STOP_ON_FAILURE): Call Test Case 'Test Cases/PFI Precision and Scale/PFI Components/ConstantHashMap' successfully

2020-05-29 03:08:31 - [TEST_CASE][PASSED] - Test Cases/PFI Precision and Scale/PFI Components/ConstantHashMap: Test Cases/PFI Precision and Scale/PFI Components/ConstantHashMap

2020-05-29 03:08:31 - [TEST_STEP][PASSED] - ConstantTBL = [1:["PeriodType":"Working Day(s)"], 2:["PeriodType":"Calendar Day(s)"], 3:["PeriodType":"Month(s)"], 4:["TypeOfLetter":"T1"], ... ]: null

2020-05-29 03:08:31 - [TEST_STEP][PASSED] - switch (DropdownNm): null

2020-05-29 03:08:31 - [TEST_STEP][PASSED] - case "PresINd":: null

2020-05-29 03:08:31 - [TEST_STEP][PASSED] - ValueFound = ConstantTBL.find({ -> ... }): null

2020-05-29 03:08:31 - [TEST_STEP][PASSED] - break: null

2020-05-29 03:08:31 - [MESSAGE][PASSED] - Call Test Case 'Test Cases/PFI Precision and Scale/PFI Components/ConstantHashMap' successfully

2020-05-29 03:08:31 - [TEST_STEP][PASSED] - println(ValueFound): null

2020-05-29 03:08:31 - [TEST_STEP][PASSED] - sendKeys(NewInputNmField, Keys.chord(ARROW_DOWN)): Keys 'DOWN + ' sent to object: 'Object Repository/Objects.HighlightElements/input_field_index'

2020-05-29 03:08:31 - [MESSAGE][PASSED] - Keys 'DOWN + ' sent to object: 'Object Repository/Objects.HighlightElements/input_field_index'

2020-05-29 03:08:31 - [TEST_STEP][PASSED] - sendKeys(NewInputNmField, Keys.chord(ENTER)): Keys 'ENTER + ' sent to object: 'Object Repository/Objects.HighlightElements/input_field_index'

2020-05-29 03:08:32 - [MESSAGE][PASSED] - Keys 'ENTER + ' sent to object: 'Object Repository/Objects.HighlightElements/input_field_index'

2020-05-29 03:08:32 - [MESSAGE][PASSED] - Call Test Case 'Test Cases/PFI Precision and Scale/PFI Components with Indexing/VerifyDropdownValuesXPI' successfully

2020-05-29 03:08:32 - [TEST_STEP][PASSED] - callTestCase(findTestCase("Components/SelectAllThenDeleteXPI"), ["nameToBeUsed":"submInd_5", "index":"1"], STOP_ON_FAILURE): Call Test Case 'Test Cases/Components/SelectAllThenDeleteXPI' successfully

2020-05-29 03:08:32 - [TEST_CASE][PASSED] - Test Cases/Components/SelectAllThenDeleteXPI: Test Cases/Components/SelectAllThenDeleteXPI

2020-05-29 03:08:32 - [TEST_STEP][PASSED] - Thread.sleep(1000): null

2020-05-29 03:08:33 - [TEST_STEP][PASSED] - modifiedObj = modifyObjectProperty(findTestObject("Object Repository/Objects.HighlightElements/input_field_index"), "xpath", "equals", "(//*[contains(@name,'" + nameToBeUsed + "')])[" + index + "]", true): Modify property of object successfully

2020-05-29 03:08:33 - [MESSAGE][PASSED] - Modify property of object successfully

2020-05-29 03:08:33 - [TEST_STEP][PASSED] - focus(modifiedObj): Object: 'Object Repository/Objects.HighlightElements/input_field_index' is focused

2020-05-29 03:08:33 - [MESSAGE][PASSED] - Object: 'Object Repository/Objects.HighlightElements/input_field_index' is focused

2020-05-29 03:08:33 - [TEST_STEP][PASSED] - sendKeys(modifiedObj, Keys.chord(CONTROL, "a")): Keys 'CONTROL + a' sent to object: 'Object Repository/Objects.HighlightElements/input_field_index'

2020-05-29 03:08:33 - [MESSAGE][PASSED] - Keys 'CONTROL + a' sent to object: 'Object Repository/Objects.HighlightElements/input_field_index'

2020-05-29 03:08:33 - [TEST_STEP][PASSED] - sendKeys(modifiedObj, Keys.chord(DELETE)): Keys 'DELETE + ' sent to object: 'Object Repository/Objects.HighlightElements/input_field_index'

2020-05-29 03:08:34 - [MESSAGE][PASSED] - Keys 'DELETE + ' sent to object: 'Object Repository/Objects.HighlightElements/input_field_index'

2020-05-29 03:08:34 - [MESSAGE][PASSED] - Call Test Case 'Test Cases/Components/SelectAllThenDeleteXPI' successfully

2020-05-29 03:08:34 - [TEST_STEP][PASSED] - callTestCase(findTestCase("PFI Precision and Scale/PFI Components with Indexing/RequiredFieldValidationXPI"), ["nameToBeUsed":"submInd_5", "index":1], STOP_ON_FAILURE): Call Test Case 'Test Cases/PFI Precision and Scale/PFI Components with Indexing/RequiredFieldValidationXPI' successfully

2020-05-29 03:08:34 - [TEST_CASE][PASSED] - Test Cases/PFI Precision and Scale/PFI Components with Indexing/RequiredFieldValidationXPI: Test Cases/PFI Precision and Scale/PFI Components with Indexing/RequiredFieldValidationXPI

2020-05-29 03:08:34 - [TEST_STEP][PASSED] - enableSmartWait(): null

2020-05-29 03:08:34 - [TEST_STEP][PASSED] - NewInputNmField = modifyObjectProperty(findTestObject("Objects.HighlightElements/input_field_index"), "xpath", "equals", "(//*[contains(@name,'" + nameToBeUsed + "')])[" + index + "]", true): Modify property of object successfully

2020-05-29 03:08:34 - [MESSAGE][PASSED] - Modify property of object successfully

2020-05-29 03:08:34 - [TEST_STEP][PASSED] - mouseOver(NewInputNmField): Object: 'Object Repository/Objects.HighlightElements/input_field_index' is hovered

2020-05-29 03:08:34 - [MESSAGE][PASSED] - Object: 'Object Repository/Objects.HighlightElements/input_field_index' is hovered

2020-05-29 03:08:34 - [TEST_STEP][PASSED] - getRqErrMsg = getAttribute(NewInputNmField, "data-errorqtip"): Attribute 'data-errorqtip' of object 'Object Repository/Objects.HighlightElements/input_field_index' is: '<ul class="x-list-plain"><li>This field is required</li></ul>'

2020-05-29 03:08:35 - [MESSAGE][PASSED] - Attribute 'data-errorqtip' of object 'Object Repository/Objects.HighlightElements/input_field_index' is: '<ul class="x-list-plain"><li>This field is required</li></ul>'

2020-05-29 03:08:35 - [TEST_STEP][PASSED] - strToolTip = getRqErrMsg.substring(29, 61): null

2020-05-29 03:08:35 - [TEST_STEP][PASSED] - toolTipReqErrMsg = strToolTip.substring(0, 22): null

2020-05-29 03:08:35 - [TEST_STEP][PASSED] - verifyMatch(toolTipReqErrMsg, RqField, true): Actual text 'This field is required' and expected text 'This field is required' are matched  using regular expression

2020-05-29 03:08:35 - [MESSAGE][PASSED] - Actual text 'This field is required' and expected text 'This field is required' are matched  using regular expression

2020-05-29 03:08:35 - [MESSAGE][PASSED] - Call Test Case 'Test Cases/PFI Precision and Scale/PFI Components with Indexing/RequiredFieldValidationXPI' successfully

2020-05-29 03:08:35 - [TEST_STEP][PASSED] - callTestCase(findTestCase("Components/HighlightInputFieldXPI"), ["FldNm":"submInd_6", "index":1], STOP_ON_FAILURE): Call Test Case 'Test Cases/Components/HighlightInputFieldXPI' successfully

2020-05-29 03:08:35 - [TEST_CASE][PASSED] - Test Cases/Components/HighlightInputFieldXPI: Test Cases/Components/HighlightInputFieldXPI

2020-05-29 03:08:35 - [TEST_STEP][PASSED] - Thread.sleep(1000): null

2020-05-29 03:08:36 - [TEST_STEP][PASSED] - modifiedInputNm = modifyObjectProperty(findTestObject("Object Repository/Objects.HighlightElements/input_field_index"), "xpath", "equals", "(//*[contains(@name, '" + FldNm + "')])[" + index + "]", true): Modify property of object successfully

2020-05-29 03:08:36 - [MESSAGE][PASSED] - Modify property of object successfully

2020-05-29 03:08:36 - [TEST_STEP][PASSED] - com.reusableComponents.HighlightElement.run(modifiedInputNm): com.reusableComponents.HighlightElement.run is PASSED

2020-05-29 03:08:36 - [MESSAGE][PASSED] - com.reusableComponents.HighlightElement.run is PASSED

2020-05-29 03:08:36 - [MESSAGE][PASSED] - Call Test Case 'Test Cases/Components/HighlightInputFieldXPI' successfully

2020-05-29 03:08:36 - [TEST_STEP][PASSED] - callTestCase(findTestCase("PFI Precision and Scale/PFI Components with Indexing/VerifyDropdownValuesXPI"), ["FldNm":"submInd_6", "index":1, "CallTCName":"PFI Precision and Scale/PFI Components/ConstantHashMap", "cmbNm":"PresINd", ... ], STOP_ON_FAILURE): Call Test Case 'Test Cases/PFI Precision and Scale/PFI Components with Indexing/VerifyDropdownValuesXPI' successfully

2020-05-29 03:08:36 - [TEST_CASE][PASSED] - Test Cases/PFI Precision and Scale/PFI Components with Indexing/VerifyDropdownValuesXPI: Test Cases/PFI Precision and Scale/PFI Components with Indexing/VerifyDropdownValuesXPI

2020-05-29 03:08:36 - [TEST_STEP][PASSED] - Thread.sleep(1000): null

2020-05-29 03:08:37 - [TEST_STEP][PASSED] - NewInputNmField = modifyObjectProperty(findTestObject("Object Repository/Objects.HighlightElements/input_field_index"), "xpath", "equals", "(//*[contains(@name, '" + FldNm + "')])[" + index + "]", true): Modify property of object successfully

2020-05-29 03:08:37 - [MESSAGE][PASSED] - Modify property of object successfully

2020-05-29 03:08:37 - [TEST_STEP][PASSED] - comboNm = cmbNm: null

2020-05-29 03:08:37 - [TEST_STEP][PASSED] - focus(NewInputNmField): Object: 'Object Repository/Objects.HighlightElements/input_field_index' is focused

2020-05-29 03:08:38 - [MESSAGE][PASSED] - Object: 'Object Repository/Objects.HighlightElements/input_field_index' is focused

2020-05-29 03:08:38 - [TEST_STEP][PASSED] - setText(NewInputNmField, EnterValue): Text '' is set on object 'Object Repository/Objects.HighlightElements/input_field_index'

2020-05-29 03:08:38 - [MESSAGE][PASSED] - Text '' is set on object 'Object Repository/Objects.HighlightElements/input_field_index'

2020-05-29 03:08:38 - [TEST_STEP][PASSED] - for ([i = 1, i <= NoOfVal, (i++)]): Keys 'DOWN + ' sent to object: 'Object Repository/Objects.HighlightElements/input_field_index'

2020-05-29 03:08:38 - [TEST_STEP][PASSED] - sendKeys(NewInputNmField, Keys.chord(ARROW_DOWN)): Keys 'DOWN + ' sent to object: 'Object Repository/Objects.HighlightElements/input_field_index'

2020-05-29 03:08:39 - [MESSAGE][PASSED] - Keys 'DOWN + ' sent to object: 'Object Repository/Objects.HighlightElements/input_field_index'

2020-05-29 03:08:39 - [TEST_STEP][PASSED] - delay(DelayTime): Delayed 2 second(s)

2020-05-29 03:08:41 - [MESSAGE][PASSED] - Delayed 2 second(s)

2020-05-29 03:08:41 - [TEST_STEP][PASSED] - sendKeys(NewInputNmField, Keys.chord(ENTER)): Keys 'ENTER + ' sent to object: 'Object Repository/Objects.HighlightElements/input_field_index'

2020-05-29 03:08:41 - [MESSAGE][PASSED] - Keys 'ENTER + ' sent to object: 'Object Repository/Objects.HighlightElements/input_field_index'

2020-05-29 03:08:41 - [TEST_STEP][PASSED] - ComboBoxValue = getAttribute(NewInputNmField, "value"): Attribute 'value' of object 'Object Repository/Objects.HighlightElements/input_field_index' is: 'Yes'

2020-05-29 03:08:41 - [MESSAGE][PASSED] - Attribute 'value' of object 'Object Repository/Objects.HighlightElements/input_field_index' is: 'Yes'

2020-05-29 03:08:41 - [TEST_STEP][PASSED] - callTestCase(findTestCase(CallTCName), ["FindValue":ComboBoxValue, "DropdownNm":comboNm], STOP_ON_FAILURE): Call Test Case 'Test Cases/PFI Precision and Scale/PFI Components/ConstantHashMap' successfully

2020-05-29 03:08:41 - [TEST_CASE][PASSED] - Test Cases/PFI Precision and Scale/PFI Components/ConstantHashMap: Test Cases/PFI Precision and Scale/PFI Components/ConstantHashMap

2020-05-29 03:08:41 - [TEST_STEP][PASSED] - ConstantTBL = [1:["PeriodType":"Working Day(s)"], 2:["PeriodType":"Calendar Day(s)"], 3:["PeriodType":"Month(s)"], 4:["TypeOfLetter":"T1"], ... ]: null

2020-05-29 03:08:41 - [TEST_STEP][PASSED] - switch (DropdownNm): null

2020-05-29 03:08:41 - [TEST_STEP][PASSED] - case "PresINd":: null

2020-05-29 03:08:41 - [TEST_STEP][PASSED] - ValueFound = ConstantTBL.find({ -> ... }): null

2020-05-29 03:08:41 - [TEST_STEP][PASSED] - break: null

2020-05-29 03:08:41 - [MESSAGE][PASSED] - Call Test Case 'Test Cases/PFI Precision and Scale/PFI Components/ConstantHashMap' successfully

2020-05-29 03:08:41 - [TEST_STEP][PASSED] - println(ValueFound): null

2020-05-29 03:08:41 - [TEST_STEP][PASSED] - sendKeys(NewInputNmField, Keys.chord(ARROW_DOWN)): Keys 'DOWN + ' sent to object: 'Object Repository/Objects.HighlightElements/input_field_index'

2020-05-29 03:08:41 - [MESSAGE][PASSED] - Keys 'DOWN + ' sent to object: 'Object Repository/Objects.HighlightElements/input_field_index'

2020-05-29 03:08:41 - [TEST_STEP][PASSED] - sendKeys(NewInputNmField, Keys.chord(ARROW_DOWN)): Keys 'DOWN + ' sent to object: 'Object Repository/Objects.HighlightElements/input_field_index'

2020-05-29 03:08:42 - [MESSAGE][PASSED] - Keys 'DOWN + ' sent to object: 'Object Repository/Objects.HighlightElements/input_field_index'

2020-05-29 03:08:42 - [TEST_STEP][PASSED] - delay(DelayTime): Delayed 2 second(s)

2020-05-29 03:08:44 - [MESSAGE][PASSED] - Delayed 2 second(s)

2020-05-29 03:08:44 - [TEST_STEP][PASSED] - sendKeys(NewInputNmField, Keys.chord(ENTER)): Keys 'ENTER + ' sent to object: 'Object Repository/Objects.HighlightElements/input_field_index'

2020-05-29 03:08:44 - [MESSAGE][PASSED] - Keys 'ENTER + ' sent to object: 'Object Repository/Objects.HighlightElements/input_field_index'

2020-05-29 03:08:44 - [TEST_STEP][PASSED] - ComboBoxValue = getAttribute(NewInputNmField, "value"): Attribute 'value' of object 'Object Repository/Objects.HighlightElements/input_field_index' is: 'No'

2020-05-29 03:08:45 - [MESSAGE][PASSED] - Attribute 'value' of object 'Object Repository/Objects.HighlightElements/input_field_index' is: 'No'

2020-05-29 03:08:45 - [TEST_STEP][PASSED] - callTestCase(findTestCase(CallTCName), ["FindValue":ComboBoxValue, "DropdownNm":comboNm], STOP_ON_FAILURE): Call Test Case 'Test Cases/PFI Precision and Scale/PFI Components/ConstantHashMap' successfully

2020-05-29 03:08:45 - [TEST_CASE][PASSED] - Test Cases/PFI Precision and Scale/PFI Components/ConstantHashMap: Test Cases/PFI Precision and Scale/PFI Components/ConstantHashMap

2020-05-29 03:08:45 - [TEST_STEP][PASSED] - ConstantTBL = [1:["PeriodType":"Working Day(s)"], 2:["PeriodType":"Calendar Day(s)"], 3:["PeriodType":"Month(s)"], 4:["TypeOfLetter":"T1"], ... ]: null

2020-05-29 03:08:45 - [TEST_STEP][PASSED] - switch (DropdownNm): null

2020-05-29 03:08:45 - [TEST_STEP][PASSED] - case "PresINd":: null

2020-05-29 03:08:45 - [TEST_STEP][PASSED] - ValueFound = ConstantTBL.find({ -> ... }): null

2020-05-29 03:08:45 - [TEST_STEP][PASSED] - break: null

2020-05-29 03:08:45 - [MESSAGE][PASSED] - Call Test Case 'Test Cases/PFI Precision and Scale/PFI Components/ConstantHashMap' successfully

2020-05-29 03:08:45 - [TEST_STEP][PASSED] - println(ValueFound): null

2020-05-29 03:08:45 - [TEST_STEP][PASSED] - sendKeys(NewInputNmField, Keys.chord(ARROW_DOWN)): Keys 'DOWN + ' sent to object: 'Object Repository/Objects.HighlightElements/input_field_index'

2020-05-29 03:08:45 - [MESSAGE][PASSED] - Keys 'DOWN + ' sent to object: 'Object Repository/Objects.HighlightElements/input_field_index'

2020-05-29 03:08:45 - [TEST_STEP][PASSED] - sendKeys(NewInputNmField, Keys.chord(ENTER)): Keys 'ENTER + ' sent to object: 'Object Repository/Objects.HighlightElements/input_field_index'

2020-05-29 03:08:45 - [MESSAGE][PASSED] - Keys 'ENTER + ' sent to object: 'Object Repository/Objects.HighlightElements/input_field_index'

2020-05-29 03:08:45 - [MESSAGE][PASSED] - Call Test Case 'Test Cases/PFI Precision and Scale/PFI Components with Indexing/VerifyDropdownValuesXPI' successfully

2020-05-29 03:08:45 - [TEST_STEP][PASSED] - callTestCase(findTestCase("Components/SelectAllThenDeleteXPI"), ["nameToBeUsed":"submInd_6", "index":"1"], STOP_ON_FAILURE): Call Test Case 'Test Cases/Components/SelectAllThenDeleteXPI' successfully

2020-05-29 03:08:45 - [TEST_CASE][PASSED] - Test Cases/Components/SelectAllThenDeleteXPI: Test Cases/Components/SelectAllThenDeleteXPI

2020-05-29 03:08:45 - [TEST_STEP][PASSED] - Thread.sleep(1000): null

2020-05-29 03:08:46 - [TEST_STEP][PASSED] - modifiedObj = modifyObjectProperty(findTestObject("Object Repository/Objects.HighlightElements/input_field_index"), "xpath", "equals", "(//*[contains(@name,'" + nameToBeUsed + "')])[" + index + "]", true): Modify property of object successfully

2020-05-29 03:08:46 - [MESSAGE][PASSED] - Modify property of object successfully

2020-05-29 03:08:47 - [TEST_STEP][PASSED] - focus(modifiedObj): Object: 'Object Repository/Objects.HighlightElements/input_field_index' is focused

2020-05-29 03:08:47 - [MESSAGE][PASSED] - Object: 'Object Repository/Objects.HighlightElements/input_field_index' is focused

2020-05-29 03:08:47 - [TEST_STEP][PASSED] - sendKeys(modifiedObj, Keys.chord(CONTROL, "a")): Keys 'CONTROL + a' sent to object: 'Object Repository/Objects.HighlightElements/input_field_index'

2020-05-29 03:08:47 - [MESSAGE][PASSED] - Keys 'CONTROL + a' sent to object: 'Object Repository/Objects.HighlightElements/input_field_index'

2020-05-29 03:08:47 - [TEST_STEP][PASSED] - sendKeys(modifiedObj, Keys.chord(DELETE)): Keys 'DELETE + ' sent to object: 'Object Repository/Objects.HighlightElements/input_field_index'

2020-05-29 03:08:47 - [MESSAGE][PASSED] - Keys 'DELETE + ' sent to object: 'Object Repository/Objects.HighlightElements/input_field_index'

2020-05-29 03:08:47 - [MESSAGE][PASSED] - Call Test Case 'Test Cases/Components/SelectAllThenDeleteXPI' successfully

2020-05-29 03:08:47 - [TEST_STEP][PASSED] - callTestCase(findTestCase("PFI Precision and Scale/PFI Components with Indexing/RequiredFieldValidationXPI"), ["nameToBeUsed":"submInd_6", "index":1], STOP_ON_FAILURE): Call Test Case 'Test Cases/PFI Precision and Scale/PFI Components with Indexing/RequiredFieldValidationXPI' successfully

2020-05-29 03:08:47 - [TEST_CASE][PASSED] - Test Cases/PFI Precision and Scale/PFI Components with Indexing/RequiredFieldValidationXPI: Test Cases/PFI Precision and Scale/PFI Components with Indexing/RequiredFieldValidationXPI

2020-05-29 03:08:47 - [TEST_STEP][PASSED] - enableSmartWait(): null

2020-05-29 03:08:47 - [TEST_STEP][PASSED] - NewInputNmField = modifyObjectProperty(findTestObject("Objects.HighlightElements/input_field_index"), "xpath", "equals", "(//*[contains(@name,'" + nameToBeUsed + "')])[" + index + "]", true): Modify property of object successfully

2020-05-29 03:08:47 - [MESSAGE][PASSED] - Modify property of object successfully

2020-05-29 03:08:47 - [TEST_STEP][PASSED] - mouseOver(NewInputNmField): Object: 'Object Repository/Objects.HighlightElements/input_field_index' is hovered

2020-05-29 03:08:48 - [MESSAGE][PASSED] - Object: 'Object Repository/Objects.HighlightElements/input_field_index' is hovered

2020-05-29 03:08:48 - [TEST_STEP][PASSED] - getRqErrMsg = getAttribute(NewInputNmField, "data-errorqtip"): Attribute 'data-errorqtip' of object 'Object Repository/Objects.HighlightElements/input_field_index' is: '<ul class="x-list-plain"><li>This field is required</li></ul>'

2020-05-29 03:08:48 - [MESSAGE][PASSED] - Attribute 'data-errorqtip' of object 'Object Repository/Objects.HighlightElements/input_field_index' is: '<ul class="x-list-plain"><li>This field is required</li></ul>'

2020-05-29 03:08:48 - [TEST_STEP][PASSED] - strToolTip = getRqErrMsg.substring(29, 61): null

2020-05-29 03:08:48 - [TEST_STEP][PASSED] - toolTipReqErrMsg = strToolTip.substring(0, 22): null

2020-05-29 03:08:48 - [TEST_STEP][PASSED] - verifyMatch(toolTipReqErrMsg, RqField, true): Actual text 'This field is required' and expected text 'This field is required' are matched  using regular expression

2020-05-29 03:08:48 - [MESSAGE][PASSED] - Actual text 'This field is required' and expected text 'This field is required' are matched  using regular expression

2020-05-29 03:08:48 - [MESSAGE][PASSED] - Call Test Case 'Test Cases/PFI Precision and Scale/PFI Components with Indexing/RequiredFieldValidationXPI' successfully

2020-05-29 03:08:48 - [TEST_STEP][NOT_RUN] - callTestCase(findTestCase("Components/Logout"), ["LogoutPageTextToBeVerified":findTestData("ISPS2 Test Data").getValue("HomeBanner", 2)], STOP_ON_FAILURE): NOT_RUN: callTestCase(findTestCase("Components/Logout"), ["LogoutPageTextToBeVerified":findTestData("ISPS2 Test Data").getValue("HomeBanner", 2)], STOP_ON_FAILURE)

2020-05-29 03:08:48 - [MESSAGE][NOT_RUN] - NOT_RUN: callTestCase(findTestCase("Components/Logout"), ["LogoutPageTextToBeVerified":findTestData("ISPS2 Test Data").getValue("HomeBanner", 2)], STOP_ON_FAILURE)]]></system-out>
         <system-err><![CDATA[]]></system-err>
      </testcase>
      <system-out><![CDATA[2020-05-29 02:22:35 - [TEST_SUITE][PASSED] - Page Section: Test Cases/PFI Precision and Scale/PFI Test Cases/PFI.TriggerPEPresentationLHS]]></system-out>
      <system-err><![CDATA[]]></system-err>
   </testsuite>
</testsuites>
