<?xml version="1.0" encoding="UTF-8"?>
<testsuites name="PFI-Decision" time="1964.023" tests="7" failures="0" errors="0">
   <testsuite name="PFI-Decision" tests="7" failures="0" errors="0" time="1964.023" timestamp="2020-06-08 15:07:34" hostname="19023-RAC - 192.168.16.39" id="Test Suites/PFI Precision and Scale Automated Regression Suite/PFI/PFI-Decision">
      <properties>
         <property name="deviceName" value=""/>
         <property name="devicePlatform" value=""/>
         <property name="logFolder" value="C:\\Users\\19023-RAC\\Desktop\\New Automation Copy\\Reports\\20200608_150728\\PFI Precision and Scale Automated Regression Suite\\PFI\\PFI-Decision\\20200608_150728"/>
         <property name="logFiles" value="C:\\Users\\19023-RAC\\Desktop\\New Automation Copy\\Reports\\20200608_150728\\PFI Precision and Scale Automated Regression Suite\\PFI\\PFI-Decision\\20200608_150728\\execution0.log"/>
         <property name="attachments" value=""/>
         <property name="hostName" value="19023-RAC - 192.168.16.39"/>
         <property name="os" value="Windows 10 64bit"/>
         <property name="katalonVersion" value="7.2.1.1"/>
         <property name="browser" value="Chrome 83.0.4103.97"/>
         <property name="hostAddress" value="192.168.16.39"/>
         <property name="sessionId" value="63635e9836c725673fd1439137ba4468"/>
         <property name="seleniumVersion" value="3.141.59"/>
         <property name="proxyInformation" value="ProxyInformation{proxyOption=NO_PROXY, proxyServerType=HTTP, password=, proxyServerAddress=, proxyServerPort=0, executionList=}"/>
         <property name="platform" value="Windows 10"/>
      </properties>
      <testcase name="Test Cases/PFI Precision and Scale/PFI Test Cases/Process Case (PFI)/PFI.NoticeLHS" time="72.56" classname="Test Cases/PFI Precision and Scale/PFI Test Cases/Process Case (PFI)/PFI.NoticeLHS" status="PASSED">
         <system-out><![CDATA[2020-06-08 15:07:34 - [TEST_CASE][PASSED] - Test Cases/PFI Precision and Scale/PFI Test Cases/Process Case (PFI)/PFI.NoticeLHS: Test Cases/PFI Precision and Scale/PFI Test Cases/Process Case (PFI)/PFI.NoticeLHS

2020-06-08 15:07:35 - [TEST_STEP][PASSED] - callTestCase(findTestCase("Components/LoginV2.0"), ["LinkToBeUsed":findTestData("ISPS2 Test Data").getValue("URL", 1), "LoginPageTextToBeVerified":findTestData("ISPS2 Test Data").getValue("HomeBanner", 1), ... ], STOP_ON_FAILURE): Call Test Case 'Test Cases/Components/LoginV2.0' successfully

2020-06-08 15:07:35 - [TEST_CASE][PASSED] - Test Cases/Components/LoginV2.0: Test Cases/Components/LoginV2.0

2020-06-08 15:07:36 - [TEST_STEP][PASSED] - openBrowser(LinkToBeUsed): Browser is opened with url: 'http://10.0.2.41:3012/isps2-prod-verify/authnz/login.do'

2020-06-08 15:07:36 - [MESSAGE][INFO] - Starting 'Edge' driver

2020-06-08 15:07:36 - [MESSAGE][INFO] - Action delay is set to 0 seconds

2020-06-08 15:07:46 - [MESSAGE][PASSED] - Browser is opened with url: 'http://10.0.2.41:3012/isps2-prod-verify/authnz/login.do'

2020-06-08 15:07:46 - [TEST_STEP][PASSED] - maximizeWindow(): Current window maximized

2020-06-08 15:07:48 - [MESSAGE][PASSED] - Current window maximized

2020-06-08 15:07:48 - [TEST_STEP][PASSED] - verifyTextPresent(LoginPageTextToBeVerified, false): Text 'Sign in to ISPS2-PROD-Verify' is present on page 

2020-06-08 15:07:48 - [MESSAGE][PASSED] - Text 'Sign in to ISPS2-PROD-Verify' is present on page 

2020-06-08 15:07:48 - [TEST_STEP][PASSED] - setText(findTestObject("Objects.LoginV2.0/Login Page/input_Sign in to ISPS2-PROD-Verify_username"), Username): Text 'sysadmin' is set on object 'Object Repository/Objects.LoginV2.0/Login Page/input_Sign in to ISPS2-PROD-Verify_username'

2020-06-08 15:07:49 - [MESSAGE][PASSED] - Text 'sysadmin' is set on object 'Object Repository/Objects.LoginV2.0/Login Page/input_Sign in to ISPS2-PROD-Verify_username'

2020-06-08 15:07:49 - [TEST_STEP][PASSED] - setEncryptedText(findTestObject("Objects.LoginV2.0/Login Page/input_This field is required_password"), Password): Text ****** has been set on object 'Object Repository/Objects.LoginV2.0/Login Page/input_This field is required_password'

2020-06-08 15:07:49 - [MESSAGE][PASSED] - Text ****** has been set on object 'Object Repository/Objects.LoginV2.0/Login Page/input_This field is required_password'

2020-06-08 15:07:49 - [TEST_STEP][NOT_RUN] - setEncryptedText(findTestObject(null), Password): NOT_RUN: setEncryptedText(findTestObject(null), Password)

2020-06-08 15:07:49 - [MESSAGE][NOT_RUN] - NOT_RUN: setEncryptedText(findTestObject(null), Password)

2020-06-08 15:07:49 - [TEST_STEP][PASSED] - click(findTestObject("Objects.LoginV2.0/Login Page/div_Sign in to ISPS2-PROD-Verify_NovaGoButton-1021"), OPTIONAL): Object: 'Object Repository/Objects.LoginV2.0/Login Page/div_Sign in to ISPS2-PROD-Verify_NovaGoButton-1021' is clicked on

2020-06-08 15:07:50 - [MESSAGE][PASSED] - Object: 'Object Repository/Objects.LoginV2.0/Login Page/div_Sign in to ISPS2-PROD-Verify_NovaGoButton-1021' is clicked on

2020-06-08 15:07:50 - [TEST_STEP][PASSED] - waitForPageLoad(30): Wait for page load successfully

2020-06-08 15:07:50 - [MESSAGE][PASSED] - Wait for page load successfully

2020-06-08 15:07:50 - [TEST_STEP][PASSED] - Thread.sleep(3000): null

2020-06-08 15:07:53 - [MESSAGE][PASSED] - Call Test Case 'Test Cases/Components/LoginV2.0' successfully

2020-06-08 15:07:53 - [TEST_STEP][PASSED] - callTestCase(findTestCase("Components/NavigateToHomepageHeaders"), ["headerText":"My Tasks"], STOP_ON_FAILURE): Call Test Case 'Test Cases/Components/NavigateToHomepageHeaders' successfully

2020-06-08 15:07:53 - [TEST_CASE][PASSED] - Test Cases/Components/NavigateToHomepageHeaders: Test Cases/Components/NavigateToHomepageHeaders

2020-06-08 15:07:53 - [TEST_STEP][PASSED] - Thread.sleep(1000): null

2020-06-08 15:07:54 - [TEST_STEP][PASSED] - waitForPageLoad(30): Wait for page load successfully

2020-06-08 15:07:54 - [MESSAGE][PASSED] - Wait for page load successfully

2020-06-08 15:07:54 - [TEST_STEP][PASSED] - modifiedHeader = modifyObjectProperty(findTestObject("Objects.NavigateToHomepageHeaders/Page_ISPS2/div_Header"), "text", "equals", headerText, true): Modify property of object successfully

2020-06-08 15:07:54 - [MESSAGE][PASSED] - Modify property of object successfully

2020-06-08 15:07:54 - [TEST_STEP][PASSED] - verifyElementClickable(modifiedHeader): Object 'Object Repository/Objects.NavigateToHomepageHeaders/Page_ISPS2/div_Header' is clickable

2020-06-08 15:07:54 - [MESSAGE][PASSED] - Object 'Object Repository/Objects.NavigateToHomepageHeaders/Page_ISPS2/div_Header' is clickable

2020-06-08 15:07:54 - [TEST_STEP][PASSED] - click(modifiedHeader): Object: 'Object Repository/Objects.NavigateToHomepageHeaders/Page_ISPS2/div_Header' is clicked on

2020-06-08 15:07:54 - [MESSAGE][PASSED] - Object: 'Object Repository/Objects.NavigateToHomepageHeaders/Page_ISPS2/div_Header' is clicked on

2020-06-08 15:07:54 - [TEST_STEP][PASSED] - Thread.sleep(7000): null

2020-06-08 15:08:01 - [MESSAGE][PASSED] - Call Test Case 'Test Cases/Components/NavigateToHomepageHeaders' successfully

2020-06-08 15:08:01 - [TEST_STEP][PASSED] - callTestCase(findTestCase("Components/Filter"), ["taskDescription":"Process Case (SM)"], STOP_ON_FAILURE): Call Test Case 'Test Cases/Components/Filter' successfully

2020-06-08 15:08:01 - [TEST_CASE][PASSED] - Test Cases/Components/Filter: Test Cases/Components/Filter

2020-06-08 15:08:01 - [TEST_STEP][PASSED] - Thread.sleep(5000): null

2020-06-08 15:08:06 - [TEST_STEP][PASSED] - waitForPageLoad(180): Wait for page load successfully

2020-06-08 15:08:06 - [MESSAGE][PASSED] - Wait for page load successfully

2020-06-08 15:08:06 - [TEST_STEP][PASSED] - waitForElementNotPresent(findTestObject("Objects.Filter/Page_ISPS2/div_Loading search result Please wait"), 180): Web element with id: 'Object Repository/Objects.Filter/Page_ISPS2/div_Loading search result Please wait' located by 'By.xpath: //div[@class = 'x-mask-msg-text' and (text() = 'Loading search result. Please wait...' or . = 'Loading search result. Please wait...')]' is not present after '180' second(s)

2020-06-08 15:08:06 - [MESSAGE][PASSED] - Web element with id: 'Object Repository/Objects.Filter/Page_ISPS2/div_Loading search result Please wait' located by 'By.xpath: //div[@class = 'x-mask-msg-text' and (text() = 'Loading search result. Please wait...' or . = 'Loading search result. Please wait...')]' is not present after '180' second(s)

2020-06-08 15:08:06 - [TEST_STEP][PASSED] - click(findTestObject("Objects.Filter/Page_ISPS2/XP.Embutidooo")): Object: 'Object Repository/Objects.Filter/Page_ISPS2/XP.Embutidooo' is clicked on

2020-06-08 15:08:07 - [MESSAGE][PASSED] - Object: 'Object Repository/Objects.Filter/Page_ISPS2/XP.Embutidooo' is clicked on

2020-06-08 15:08:07 - [TEST_STEP][PASSED] - com.reusableComponents.HighlightElement.run(findTestObject("Objects.Filter/Page_ISPS2/span_Reset")): com.reusableComponents.HighlightElement.run is PASSED

2020-06-08 15:08:07 - [MESSAGE][PASSED] - com.reusableComponents.HighlightElement.run is PASSED

2020-06-08 15:08:07 - [TEST_STEP][PASSED] - click(findTestObject("Objects.Filter/Page_ISPS2/span_Reset")): Object: 'Object Repository/Objects.Filter/Page_ISPS2/span_Reset' is clicked on

2020-06-08 15:08:07 - [MESSAGE][PASSED] - Object: 'Object Repository/Objects.Filter/Page_ISPS2/span_Reset' is clicked on

2020-06-08 15:08:07 - [TEST_STEP][PASSED] - com.reusableComponents.HighlightElement.run(findTestObject("Objects.Filter/Page_ISPS2/TextBoxTaskDescription")): com.reusableComponents.HighlightElement.run is PASSED

2020-06-08 15:08:08 - [MESSAGE][PASSED] - com.reusableComponents.HighlightElement.run is PASSED

2020-06-08 15:08:08 - [TEST_STEP][PASSED] - setText(findTestObject("Objects.Filter/Page_ISPS2/TextBoxTaskDescription"), taskDescription): Text 'Process Case (SM)' is set on object 'Object Repository/Objects.Filter/Page_ISPS2/TextBoxTaskDescription'

2020-06-08 15:08:08 - [MESSAGE][PASSED] - Text 'Process Case (SM)' is set on object 'Object Repository/Objects.Filter/Page_ISPS2/TextBoxTaskDescription'

2020-06-08 15:08:08 - [TEST_STEP][PASSED] - caseType = taskDescription: null

2020-06-08 15:08:09 - [TEST_STEP][PASSED] - sendKeys(findTestObject("Objects.Filter/Page_ISPS2/TextBoxTaskDescription"), Keys.chord(ENTER)): Keys 'ENTER + ' sent to object: 'Object Repository/Objects.Filter/Page_ISPS2/TextBoxTaskDescription'

2020-06-08 15:08:09 - [MESSAGE][PASSED] - Keys 'ENTER + ' sent to object: 'Object Repository/Objects.Filter/Page_ISPS2/TextBoxTaskDescription'

2020-06-08 15:08:09 - [TEST_STEP][PASSED] - com.reusableComponents.HighlightElement.run(findTestObject("Objects.Filter/Page_ISPS2/span_Search")): com.reusableComponents.HighlightElement.run is PASSED

2020-06-08 15:08:10 - [MESSAGE][PASSED] - com.reusableComponents.HighlightElement.run is PASSED

2020-06-08 15:08:10 - [TEST_STEP][PASSED] - click(findTestObject("Objects.Filter/Page_ISPS2/span_Search")): Object: 'Object Repository/Objects.Filter/Page_ISPS2/span_Search' is clicked on

2020-06-08 15:08:10 - [MESSAGE][PASSED] - Object: 'Object Repository/Objects.Filter/Page_ISPS2/span_Search' is clicked on

2020-06-08 15:08:10 - [TEST_STEP][NOT_RUN] - verifyTextPresent("Loading search result. Please wait...", false): NOT_RUN: verifyTextPresent("Loading search result. Please wait...", false)

2020-06-08 15:08:10 - [MESSAGE][NOT_RUN] - NOT_RUN: verifyTextPresent("Loading search result. Please wait...", false)

2020-06-08 15:08:10 - [TEST_STEP][NOT_RUN] - waitForElementNotPresent(findTestObject("Objects.Filter/Page_ISPS2/div_Loading search result Please wait"), 120): NOT_RUN: waitForElementNotPresent(findTestObject("Objects.Filter/Page_ISPS2/div_Loading search result Please wait"), 120)

2020-06-08 15:08:10 - [MESSAGE][NOT_RUN] - NOT_RUN: waitForElementNotPresent(findTestObject("Objects.Filter/Page_ISPS2/div_Loading search result Please wait"), 120)

2020-06-08 15:08:10 - [TEST_STEP][PASSED] - Thread.sleep(5000): null

2020-06-08 15:08:15 - [MESSAGE][PASSED] - Call Test Case 'Test Cases/Components/Filter' successfully

2020-06-08 15:08:15 - [TEST_STEP][PASSED] - callTestCase(findTestCase("Components/ClickLinkDependingOnTextAndIndex"), ["linkName":"Process Case (SM)", "index":"4"], STOP_ON_FAILURE): Call Test Case 'Test Cases/Components/ClickLinkDependingOnTextAndIndex' successfully

2020-06-08 15:08:15 - [TEST_CASE][PASSED] - Test Cases/Components/ClickLinkDependingOnTextAndIndex: Test Cases/Components/ClickLinkDependingOnTextAndIndex

2020-06-08 15:08:15 - [TEST_STEP][PASSED] - Thread.sleep(1000): null

2020-06-08 15:08:16 - [TEST_STEP][PASSED] - println(linkName): null

2020-06-08 15:08:16 - [TEST_STEP][PASSED] - println(index): null

2020-06-08 15:08:16 - [TEST_STEP][PASSED] - modifiedLink = modifyObjectProperty(findTestObject("Objects.ClickLinkDependingOnTextAndIndex/linkToModify"), "xpath", "equals", "(//a[text()="" + linkName + ""])[" + index + "]", true): Modify property of object successfully

2020-06-08 15:08:16 - [MESSAGE][PASSED] - Modify property of object successfully

2020-06-08 15:08:16 - [TEST_STEP][PASSED] - Thread.sleep(5000): null

2020-06-08 15:08:21 - [TEST_STEP][PASSED] - com.reusableComponents.HighlightElement.run(modifiedLink): com.reusableComponents.HighlightElement.run is PASSED

2020-06-08 15:08:22 - [MESSAGE][PASSED] - com.reusableComponents.HighlightElement.run is PASSED

2020-06-08 15:08:22 - [TEST_STEP][PASSED] - click(modifiedLink): Object: 'Object Repository/Objects.ClickLinkDependingOnTextAndIndex/linkToModify' is clicked on

2020-06-08 15:08:22 - [MESSAGE][PASSED] - Object: 'Object Repository/Objects.ClickLinkDependingOnTextAndIndex/linkToModify' is clicked on

2020-06-08 15:08:22 - [MESSAGE][PASSED] - Call Test Case 'Test Cases/Components/ClickLinkDependingOnTextAndIndex' successfully

2020-06-08 15:08:22 - [TEST_STEP][PASSED] - callTestCase(findTestCase("Components/VerifyPageSuccessfullyLoaded"), ["HeaderName":"Summary"], STOP_ON_FAILURE): Call Test Case 'Test Cases/Components/VerifyPageSuccessfullyLoaded' successfully

2020-06-08 15:08:22 - [TEST_CASE][PASSED] - Test Cases/Components/VerifyPageSuccessfullyLoaded: Test Cases/Components/VerifyPageSuccessfullyLoaded

2020-06-08 15:08:22 - [TEST_STEP][PASSED] - Thread.sleep(3000): null

2020-06-08 15:08:25 - [TEST_STEP][PASSED] - ModifiedHeaderName = modifyObjectProperty(findTestObject("Objects.VerifyPageSuccessfullyLoaded/PageHeader"), "text", "equals", HeaderName, true): Modify property of object successfully

2020-06-08 15:08:25 - [MESSAGE][PASSED] - Modify property of object successfully

2020-06-08 15:08:25 - [TEST_STEP][PASSED] - verifyElementPresent(ModifiedHeaderName, 30): Object 'Object Repository/Objects.VerifyPageSuccessfullyLoaded/PageHeader' is present

2020-06-08 15:08:25 - [MESSAGE][PASSED] - Object 'Object Repository/Objects.VerifyPageSuccessfullyLoaded/PageHeader' is present

2020-06-08 15:08:25 - [TEST_STEP][PASSED] - com.reusableComponents.HighlightElement.run(ModifiedHeaderName): com.reusableComponents.HighlightElement.run is PASSED

2020-06-08 15:08:26 - [MESSAGE][PASSED] - com.reusableComponents.HighlightElement.run is PASSED

2020-06-08 15:08:26 - [MESSAGE][PASSED] - Call Test Case 'Test Cases/Components/VerifyPageSuccessfullyLoaded' successfully

2020-06-08 15:08:26 - [TEST_STEP][PASSED] - callTestCase(findTestCase("Components/NavigateToAnyLHS"), ["LHS":"Notice"], STOP_ON_FAILURE): Call Test Case 'Test Cases/Components/NavigateToAnyLHS' successfully

2020-06-08 15:08:27 - [TEST_CASE][PASSED] - Test Cases/Components/NavigateToAnyLHS: Test Cases/Components/NavigateToAnyLHS

2020-06-08 15:08:27 - [TEST_STEP][PASSED] - Thread.sleep(1000): null

2020-06-08 15:08:28 - [TEST_STEP][PASSED] - modifiedLHS = modifyObjectProperty(findTestObject("Objects.NavigateToAnyLHS/Page_ISPS2/LHSToModify"), "text", "equals", LHS, true): Modify property of object successfully

2020-06-08 15:08:28 - [MESSAGE][PASSED] - Modify property of object successfully

2020-06-08 15:08:28 - [TEST_STEP][PASSED] - click(modifiedLHS): Object: 'Object Repository/Objects.NavigateToAnyLHS/Page_ISPS2/LHSToModify' is clicked on

2020-06-08 15:08:28 - [MESSAGE][PASSED] - Object: 'Object Repository/Objects.NavigateToAnyLHS/Page_ISPS2/LHSToModify' is clicked on

2020-06-08 15:08:28 - [TEST_STEP][PASSED] - currentLHS = getText(modifiedLHS): Text of object 'Object Repository/Objects.NavigateToAnyLHS/Page_ISPS2/LHSToModify' is: 'Notice'

2020-06-08 15:08:28 - [MESSAGE][PASSED] - Text of object 'Object Repository/Objects.NavigateToAnyLHS/Page_ISPS2/LHSToModify' is: 'Notice'

2020-06-08 15:08:28 - [TEST_STEP][PASSED] - Thread.sleep(5000): null

2020-06-08 15:08:33 - [MESSAGE][PASSED] - Call Test Case 'Test Cases/Components/NavigateToAnyLHS' successfully

2020-06-08 15:08:33 - [TEST_STEP][PASSED] - callTestCase(findTestCase("Components/VerifyPageSuccessfullyLoadedII"), ["PageNm":"Notice"], STOP_ON_FAILURE): Call Test Case 'Test Cases/Components/VerifyPageSuccessfullyLoadedII' successfully

2020-06-08 15:08:33 - [TEST_CASE][PASSED] - Test Cases/Components/VerifyPageSuccessfullyLoadedII: Test Cases/Components/VerifyPageSuccessfullyLoadedII

2020-06-08 15:08:33 - [TEST_STEP][PASSED] - waitForPageLoad(5): Wait for page load successfully

2020-06-08 15:08:33 - [MESSAGE][PASSED] - Wait for page load successfully

2020-06-08 15:08:33 - [TEST_STEP][PASSED] - modifiedInputFld = modifyObjectProperty(findTestObject("Object Repository/Objects.VerifyPageSuccessfullyLoaded/PageHeaderIndex"), "xpath", "equals", "//*[contains(@class,'isps-page-title') and contains(text(),'" + PageNm + "')]", true): Modify property of object successfully

2020-06-08 15:08:33 - [MESSAGE][PASSED] - Modify property of object successfully

2020-06-08 15:08:33 - [TEST_STEP][PASSED] - com.reusableComponents.HighlightElement.run(modifiedInputFld): com.reusableComponents.HighlightElement.run is PASSED

2020-06-08 15:08:34 - [MESSAGE][PASSED] - com.reusableComponents.HighlightElement.run is PASSED

2020-06-08 15:08:34 - [MESSAGE][PASSED] - Call Test Case 'Test Cases/Components/VerifyPageSuccessfullyLoadedII' successfully

2020-06-08 15:08:34 - [TEST_STEP][PASSED] - callTestCase(findTestCase("Components/HighlightLabelField"), ["LblName":"Generate Notice *:"], STOP_ON_FAILURE): Call Test Case 'Test Cases/Components/HighlightLabelField' successfully

2020-06-08 15:08:34 - [TEST_CASE][PASSED] - Test Cases/Components/HighlightLabelField: Test Cases/Components/HighlightLabelField

2020-06-08 15:08:34 - [TEST_STEP][PASSED] - Thread.sleep(1000): null

2020-06-08 15:08:35 - [TEST_STEP][PASSED] - modifiedLblNm = modifyObjectProperty(findTestObject("Objects.HighlightElements/lblField"), "text", "equals", LblName, true): Modify property of object successfully

2020-06-08 15:08:35 - [MESSAGE][PASSED] - Modify property of object successfully

2020-06-08 15:08:35 - [TEST_STEP][PASSED] - com.reusableComponents.HighlightElement.run(modifiedLblNm): com.reusableComponents.HighlightElement.run is PASSED

2020-06-08 15:08:35 - [MESSAGE][PASSED] - com.reusableComponents.HighlightElement.run is PASSED

2020-06-08 15:08:35 - [MESSAGE][PASSED] - Call Test Case 'Test Cases/Components/HighlightLabelField' successfully

2020-06-08 15:08:35 - [TEST_STEP][PASSED] - callTestCase(findTestCase("Components/HighlightInputField"), ["InputFldName":"structPlans"], STOP_ON_FAILURE): Call Test Case 'Test Cases/Components/HighlightInputField' successfully

2020-06-08 15:08:35 - [TEST_CASE][PASSED] - Test Cases/Components/HighlightInputField: Test Cases/Components/HighlightInputField

2020-06-08 15:08:36 - [TEST_STEP][PASSED] - Thread.sleep(1000): null

2020-06-08 15:08:37 - [TEST_STEP][PASSED] - modifiedLblNm = modifyObjectProperty(findTestObject("Objects.HighlightElements/input_field"), "name", "equals", InputFldName, true): Modify property of object successfully

2020-06-08 15:08:37 - [MESSAGE][PASSED] - Modify property of object successfully

2020-06-08 15:08:37 - [TEST_STEP][PASSED] - com.reusableComponents.HighlightElement.run(modifiedLblNm): com.reusableComponents.HighlightElement.run is PASSED

2020-06-08 15:08:37 - [MESSAGE][PASSED] - com.reusableComponents.HighlightElement.run is PASSED

2020-06-08 15:08:37 - [MESSAGE][PASSED] - Call Test Case 'Test Cases/Components/HighlightInputField' successfully

2020-06-08 15:08:37 - [TEST_STEP][PASSED] - callTestCase(findTestCase("PFI Precision and Scale/PFI Components/VerifyDefaultValue"), ["FieldNm":"structPlans"], STOP_ON_FAILURE): Call Test Case 'Test Cases/PFI Precision and Scale/PFI Components/VerifyDefaultValue' successfully

2020-06-08 15:08:37 - [TEST_CASE][PASSED] - Test Cases/PFI Precision and Scale/PFI Components/VerifyDefaultValue: Test Cases/PFI Precision and Scale/PFI Components/VerifyDefaultValue

2020-06-08 15:08:37 - [TEST_STEP][PASSED] - Thread.sleep(1000): null

2020-06-08 15:08:38 - [TEST_STEP][PASSED] - NewFieldNm = modifyObjectProperty(findTestObject("Objects.HighlightElements/input_field"), "name", "equals", FieldNm, true): Modify property of object successfully

2020-06-08 15:08:38 - [MESSAGE][PASSED] - Modify property of object successfully

2020-06-08 15:08:38 - [TEST_STEP][PASSED] - focus(NewFieldNm): Object: 'Object Repository/Objects.HighlightElements/input_field' is focused

2020-06-08 15:08:39 - [MESSAGE][PASSED] - Object: 'Object Repository/Objects.HighlightElements/input_field' is focused

2020-06-08 15:08:39 - [TEST_STEP][PASSED] - DefVal = getAttribute(NewFieldNm, "value", STOP_ON_FAILURE): Attribute 'value' of object 'Object Repository/Objects.HighlightElements/input_field' is: ''

2020-06-08 15:08:39 - [MESSAGE][PASSED] - Attribute 'value' of object 'Object Repository/Objects.HighlightElements/input_field' is: ''

2020-06-08 15:08:39 - [TEST_STEP][PASSED] - switch (FieldNm): null

2020-06-08 15:08:39 - [TEST_STEP][PASSED] - Default: null

2020-06-08 15:08:39 - [TEST_STEP][PASSED] - verifyMatch(DefVal, "", true): Actual text '' and expected text '' are matched  using regular expression

2020-06-08 15:08:39 - [MESSAGE][PASSED] - Actual text '' and expected text '' are matched  using regular expression

2020-06-08 15:08:39 - [TEST_STEP][PASSED] - break: null

2020-06-08 15:08:39 - [MESSAGE][PASSED] - Call Test Case 'Test Cases/PFI Precision and Scale/PFI Components/VerifyDefaultValue' successfully

2020-06-08 15:08:39 - [TEST_STEP][PASSED] - callTestCase(findTestCase("PFI Precision and Scale/PFI Components/VerifyDropdownValues"), ["FldNm":"structPlans", "CallTCName":"PFI Precision and Scale/HashMap Tables/PFILetterTemplate", "cmbNm":"GenerateNotice", ... ], STOP_ON_FAILURE): Call Test Case 'Test Cases/PFI Precision and Scale/PFI Components/VerifyDropdownValues' successfully

2020-06-08 15:08:39 - [TEST_CASE][PASSED] - Test Cases/PFI Precision and Scale/PFI Components/VerifyDropdownValues: Test Cases/PFI Precision and Scale/PFI Components/VerifyDropdownValues

2020-06-08 15:08:39 - [TEST_STEP][PASSED] - Thread.sleep(1000): null

2020-06-08 15:08:40 - [TEST_STEP][PASSED] - NewInputNmField = modifyObjectProperty(findTestObject("Objects.HighlightElements/input_field"), "name", "equals", FldNm, true): Modify property of object successfully

2020-06-08 15:08:40 - [MESSAGE][PASSED] - Modify property of object successfully

2020-06-08 15:08:40 - [TEST_STEP][PASSED] - comboNm = cmbNm: null

2020-06-08 15:08:40 - [TEST_STEP][PASSED] - focus(NewInputNmField): Object: 'Object Repository/Objects.HighlightElements/input_field' is focused

2020-06-08 15:08:40 - [MESSAGE][PASSED] - Object: 'Object Repository/Objects.HighlightElements/input_field' is focused

2020-06-08 15:08:40 - [TEST_STEP][PASSED] - setText(NewInputNmField, EnterValue): Text '' is set on object 'Object Repository/Objects.HighlightElements/input_field'

2020-06-08 15:08:40 - [MESSAGE][PASSED] - Text '' is set on object 'Object Repository/Objects.HighlightElements/input_field'

2020-06-08 15:08:40 - [TEST_STEP][PASSED] - for ([i = 1, i <= NoOfVal, (i++)]): Keys 'DOWN + ' sent to object: 'Object Repository/Objects.HighlightElements/input_field'

2020-06-08 15:08:40 - [TEST_STEP][PASSED] - sendKeys(NewInputNmField, Keys.chord(ARROW_DOWN)): Keys 'DOWN + ' sent to object: 'Object Repository/Objects.HighlightElements/input_field'

2020-06-08 15:08:40 - [MESSAGE][PASSED] - Keys 'DOWN + ' sent to object: 'Object Repository/Objects.HighlightElements/input_field'

2020-06-08 15:08:40 - [TEST_STEP][PASSED] - delay(DelayTime): Delayed 3 second(s)

2020-06-08 15:08:43 - [MESSAGE][PASSED] - Delayed 3 second(s)

2020-06-08 15:08:43 - [TEST_STEP][PASSED] - sendKeys(NewInputNmField, Keys.chord(ENTER)): Keys 'ENTER + ' sent to object: 'Object Repository/Objects.HighlightElements/input_field'

2020-06-08 15:08:43 - [MESSAGE][PASSED] - Keys 'ENTER + ' sent to object: 'Object Repository/Objects.HighlightElements/input_field'

2020-06-08 15:08:43 - [TEST_STEP][PASSED] - ComboBoxValue = getAttribute(NewInputNmField, "value"): Attribute 'value' of object 'Object Repository/Objects.HighlightElements/input_field' is: 'with structural plans'

2020-06-08 15:08:43 - [MESSAGE][PASSED] - Attribute 'value' of object 'Object Repository/Objects.HighlightElements/input_field' is: 'with structural plans'

2020-06-08 15:08:43 - [TEST_STEP][PASSED] - callTestCase(findTestCase(CallTCName), ["FindValue":ComboBoxValue, "DropdownNm":comboNm], STOP_ON_FAILURE): Call Test Case 'Test Cases/PFI Precision and Scale/HashMap Tables/PFILetterTemplate' successfully

2020-06-08 15:08:43 - [TEST_CASE][PASSED] - Test Cases/PFI Precision and Scale/HashMap Tables/PFILetterTemplate: Test Cases/PFI Precision and Scale/HashMap Tables/PFILetterTemplate

2020-06-08 15:08:43 - [TEST_STEP][PASSED] - PFILetterTemplateTBL = [1:["Reminder":"Ministry Of Health"], 2:["Reminder":"Reminder Free Format Letter"], 3:["Reminder":"Reminder 1 (SF_ESID_SIS/SL-REM1)"], ... ]: null

2020-06-08 15:08:43 - [TEST_STEP][PASSED] - switch (DropdownNm): null

2020-06-08 15:08:43 - [TEST_STEP][PASSED] - case "GenerateNotice":: null

2020-06-08 15:08:43 - [TEST_STEP][PASSED] - ValueFound = PFILetterTemplateTBL.find({ -> ... }): null

2020-06-08 15:08:43 - [TEST_STEP][PASSED] - break: null

2020-06-08 15:08:43 - [MESSAGE][PASSED] - Call Test Case 'Test Cases/PFI Precision and Scale/HashMap Tables/PFILetterTemplate' successfully

2020-06-08 15:08:43 - [TEST_STEP][PASSED] - println(ValueFound): null

2020-06-08 15:08:43 - [TEST_STEP][PASSED] - sendKeys(NewInputNmField, Keys.chord(ARROW_DOWN)): Keys 'DOWN + ' sent to object: 'Object Repository/Objects.HighlightElements/input_field'

2020-06-08 15:08:44 - [MESSAGE][PASSED] - Keys 'DOWN + ' sent to object: 'Object Repository/Objects.HighlightElements/input_field'

2020-06-08 15:08:44 - [TEST_STEP][PASSED] - sendKeys(NewInputNmField, Keys.chord(ARROW_DOWN)): Keys 'DOWN + ' sent to object: 'Object Repository/Objects.HighlightElements/input_field'

2020-06-08 15:08:44 - [MESSAGE][PASSED] - Keys 'DOWN + ' sent to object: 'Object Repository/Objects.HighlightElements/input_field'

2020-06-08 15:08:44 - [TEST_STEP][PASSED] - delay(DelayTime): Delayed 3 second(s)

2020-06-08 15:08:47 - [MESSAGE][PASSED] - Delayed 3 second(s)

2020-06-08 15:08:47 - [TEST_STEP][PASSED] - sendKeys(NewInputNmField, Keys.chord(ENTER)): Keys 'ENTER + ' sent to object: 'Object Repository/Objects.HighlightElements/input_field'

2020-06-08 15:08:47 - [MESSAGE][PASSED] - Keys 'ENTER + ' sent to object: 'Object Repository/Objects.HighlightElements/input_field'

2020-06-08 15:08:47 - [TEST_STEP][PASSED] - ComboBoxValue = getAttribute(NewInputNmField, "value"): Attribute 'value' of object 'Object Repository/Objects.HighlightElements/input_field' is: 'without structral plans'

2020-06-08 15:08:47 - [MESSAGE][PASSED] - Attribute 'value' of object 'Object Repository/Objects.HighlightElements/input_field' is: 'without structral plans'

2020-06-08 15:08:47 - [TEST_STEP][PASSED] - callTestCase(findTestCase(CallTCName), ["FindValue":ComboBoxValue, "DropdownNm":comboNm], STOP_ON_FAILURE): Call Test Case 'Test Cases/PFI Precision and Scale/HashMap Tables/PFILetterTemplate' successfully

2020-06-08 15:08:47 - [TEST_CASE][PASSED] - Test Cases/PFI Precision and Scale/HashMap Tables/PFILetterTemplate: Test Cases/PFI Precision and Scale/HashMap Tables/PFILetterTemplate

2020-06-08 15:08:47 - [TEST_STEP][PASSED] - PFILetterTemplateTBL = [1:["Reminder":"Ministry Of Health"], 2:["Reminder":"Reminder Free Format Letter"], 3:["Reminder":"Reminder 1 (SF_ESID_SIS/SL-REM1)"], ... ]: null

2020-06-08 15:08:47 - [TEST_STEP][PASSED] - switch (DropdownNm): null

2020-06-08 15:08:47 - [TEST_STEP][PASSED] - case "GenerateNotice":: null

2020-06-08 15:08:47 - [TEST_STEP][PASSED] - ValueFound = PFILetterTemplateTBL.find({ -> ... }): null

2020-06-08 15:08:47 - [TEST_STEP][PASSED] - break: null

2020-06-08 15:08:47 - [MESSAGE][PASSED] - Call Test Case 'Test Cases/PFI Precision and Scale/HashMap Tables/PFILetterTemplate' successfully

2020-06-08 15:08:47 - [TEST_STEP][PASSED] - println(ValueFound): null

2020-06-08 15:08:47 - [TEST_STEP][PASSED] - sendKeys(NewInputNmField, Keys.chord(ARROW_DOWN)): Keys 'DOWN + ' sent to object: 'Object Repository/Objects.HighlightElements/input_field'

2020-06-08 15:08:47 - [MESSAGE][PASSED] - Keys 'DOWN + ' sent to object: 'Object Repository/Objects.HighlightElements/input_field'

2020-06-08 15:08:47 - [TEST_STEP][PASSED] - sendKeys(NewInputNmField, Keys.chord(ENTER)): Keys 'ENTER + ' sent to object: 'Object Repository/Objects.HighlightElements/input_field'

2020-06-08 15:08:47 - [MESSAGE][PASSED] - Keys 'ENTER + ' sent to object: 'Object Repository/Objects.HighlightElements/input_field'

2020-06-08 15:08:47 - [MESSAGE][PASSED] - Call Test Case 'Test Cases/PFI Precision and Scale/PFI Components/VerifyDropdownValues' successfully

2020-06-08 15:08:47 - [TEST_STEP][NOT_RUN] - callTestCase(findTestCase("Components/Logout"), ["LogoutPageTextToBeVerified":findTestData("ISPS2 Test Data").getValue("HomeBanner", 1)], STOP_ON_FAILURE): NOT_RUN: callTestCase(findTestCase("Components/Logout"), ["LogoutPageTextToBeVerified":findTestData("ISPS2 Test Data").getValue("HomeBanner", 1)], STOP_ON_FAILURE)

2020-06-08 15:08:47 - [MESSAGE][NOT_RUN] - NOT_RUN: callTestCase(findTestCase("Components/Logout"), ["LogoutPageTextToBeVerified":findTestData("ISPS2 Test Data").getValue("HomeBanner", 1)], STOP_ON_FAILURE)]]></system-out>
         <system-err><![CDATA[]]></system-err>
      </testcase>
      <testcase name="Test Cases/PFI Precision and Scale/PFI Test Cases/Process Case (PFI)/PFI.ReminderLHS" time="64.184" classname="Test Cases/PFI Precision and Scale/PFI Test Cases/Process Case (PFI)/PFI.ReminderLHS" status="PASSED">
         <system-out><![CDATA[2020-06-08 15:08:47 - [TEST_CASE][PASSED] - Test Cases/PFI Precision and Scale/PFI Test Cases/Process Case (PFI)/PFI.ReminderLHS: Test Cases/PFI Precision and Scale/PFI Test Cases/Process Case (PFI)/PFI.ReminderLHS

2020-06-08 15:08:47 - [TEST_STEP][NOT_RUN] - callTestCase(findTestCase("Components/LoginV2.0"), ["LinkToBeUsed":findTestData("ISPS2 Test Data").getValue("URL", 1), "LoginPageTextToBeVerified":findTestData("ISPS2 Test Data").getValue("HomeBanner", 1), ... ], STOP_ON_FAILURE): NOT_RUN: callTestCase(findTestCase("Components/LoginV2.0"), ["LinkToBeUsed":findTestData("ISPS2 Test Data").getValue("URL", 1), "LoginPageTextToBeVerified":findTestData("ISPS2 Test Data").getValue("HomeBanner", 1), ... ], STOP_ON_FAILURE)

2020-06-08 15:08:47 - [MESSAGE][NOT_RUN] - NOT_RUN: callTestCase(findTestCase("Components/LoginV2.0"), ["LinkToBeUsed":findTestData("ISPS2 Test Data").getValue("URL", 1), "LoginPageTextToBeVerified":findTestData("ISPS2 Test Data").getValue("HomeBanner", 1), ... ], STOP_ON_FAILURE)

2020-06-08 15:08:47 - [TEST_STEP][NOT_RUN] - callTestCase(findTestCase("Components/NavigateToHomepageHeaders"), ["headerText":"My Tasks"], STOP_ON_FAILURE): NOT_RUN: callTestCase(findTestCase("Components/NavigateToHomepageHeaders"), ["headerText":"My Tasks"], STOP_ON_FAILURE)

2020-06-08 15:08:47 - [MESSAGE][NOT_RUN] - NOT_RUN: callTestCase(findTestCase("Components/NavigateToHomepageHeaders"), ["headerText":"My Tasks"], STOP_ON_FAILURE)

2020-06-08 15:08:47 - [TEST_STEP][NOT_RUN] - callTestCase(findTestCase("Components/Filter"), ["taskDescription":"Process Case (SM)"], STOP_ON_FAILURE): NOT_RUN: callTestCase(findTestCase("Components/Filter"), ["taskDescription":"Process Case (SM)"], STOP_ON_FAILURE)

2020-06-08 15:08:47 - [MESSAGE][NOT_RUN] - NOT_RUN: callTestCase(findTestCase("Components/Filter"), ["taskDescription":"Process Case (SM)"], STOP_ON_FAILURE)

2020-06-08 15:08:47 - [TEST_STEP][NOT_RUN] - callTestCase(findTestCase("Components/ClickLinkDependingOnTextAndIndex"), ["linkName":"Process Case (SM)", "index":"3"], STOP_ON_FAILURE): NOT_RUN: callTestCase(findTestCase("Components/ClickLinkDependingOnTextAndIndex"), ["linkName":"Process Case (SM)", "index":"3"], STOP_ON_FAILURE)

2020-06-08 15:08:47 - [MESSAGE][NOT_RUN] - NOT_RUN: callTestCase(findTestCase("Components/ClickLinkDependingOnTextAndIndex"), ["linkName":"Process Case (SM)", "index":"3"], STOP_ON_FAILURE)

2020-06-08 15:08:47 - [TEST_STEP][NOT_RUN] - callTestCase(findTestCase("Components/VerifyPageSuccessfullyLoaded"), ["HeaderName":"Summary"], STOP_ON_FAILURE): NOT_RUN: callTestCase(findTestCase("Components/VerifyPageSuccessfullyLoaded"), ["HeaderName":"Summary"], STOP_ON_FAILURE)

2020-06-08 15:08:47 - [MESSAGE][NOT_RUN] - NOT_RUN: callTestCase(findTestCase("Components/VerifyPageSuccessfullyLoaded"), ["HeaderName":"Summary"], STOP_ON_FAILURE)

2020-06-08 15:08:47 - [TEST_STEP][PASSED] - callTestCase(findTestCase("Components/NavigateToAnyLHS"), ["LHS":"Reminder"], STOP_ON_FAILURE): Call Test Case 'Test Cases/Components/NavigateToAnyLHS' successfully

2020-06-08 15:08:47 - [TEST_CASE][PASSED] - Test Cases/Components/NavigateToAnyLHS: Test Cases/Components/NavigateToAnyLHS

2020-06-08 15:08:47 - [TEST_STEP][PASSED] - Thread.sleep(1000): null

2020-06-08 15:08:48 - [TEST_STEP][PASSED] - modifiedLHS = modifyObjectProperty(findTestObject("Objects.NavigateToAnyLHS/Page_ISPS2/LHSToModify"), "text", "equals", LHS, true): Modify property of object successfully

2020-06-08 15:08:48 - [MESSAGE][PASSED] - Modify property of object successfully

2020-06-08 15:08:48 - [TEST_STEP][PASSED] - click(modifiedLHS): Object: 'Object Repository/Objects.NavigateToAnyLHS/Page_ISPS2/LHSToModify' is clicked on

2020-06-08 15:08:48 - [MESSAGE][PASSED] - Object: 'Object Repository/Objects.NavigateToAnyLHS/Page_ISPS2/LHSToModify' is clicked on

2020-06-08 15:08:48 - [TEST_STEP][PASSED] - currentLHS = getText(modifiedLHS): Text of object 'Object Repository/Objects.NavigateToAnyLHS/Page_ISPS2/LHSToModify' is: 'Reminder'

2020-06-08 15:08:48 - [MESSAGE][PASSED] - Text of object 'Object Repository/Objects.NavigateToAnyLHS/Page_ISPS2/LHSToModify' is: 'Reminder'

2020-06-08 15:08:48 - [TEST_STEP][PASSED] - Thread.sleep(5000): null

2020-06-08 15:08:53 - [MESSAGE][PASSED] - Call Test Case 'Test Cases/Components/NavigateToAnyLHS' successfully

2020-06-08 15:08:53 - [TEST_STEP][PASSED] - callTestCase(findTestCase("Components/VerifyPageSuccessfullyLoaded"), ["HeaderName":"Reminder"], STOP_ON_FAILURE): Call Test Case 'Test Cases/Components/VerifyPageSuccessfullyLoaded' successfully

2020-06-08 15:08:53 - [TEST_CASE][PASSED] - Test Cases/Components/VerifyPageSuccessfullyLoaded: Test Cases/Components/VerifyPageSuccessfullyLoaded

2020-06-08 15:08:53 - [TEST_STEP][PASSED] - Thread.sleep(3000): null

2020-06-08 15:08:56 - [TEST_STEP][PASSED] - ModifiedHeaderName = modifyObjectProperty(findTestObject("Objects.VerifyPageSuccessfullyLoaded/PageHeader"), "text", "equals", HeaderName, true): Modify property of object successfully

2020-06-08 15:08:56 - [MESSAGE][PASSED] - Modify property of object successfully

2020-06-08 15:08:56 - [TEST_STEP][PASSED] - verifyElementPresent(ModifiedHeaderName, 30): Object 'Object Repository/Objects.VerifyPageSuccessfullyLoaded/PageHeader' is present

2020-06-08 15:08:56 - [MESSAGE][PASSED] - Object 'Object Repository/Objects.VerifyPageSuccessfullyLoaded/PageHeader' is present

2020-06-08 15:08:56 - [TEST_STEP][PASSED] - com.reusableComponents.HighlightElement.run(ModifiedHeaderName): com.reusableComponents.HighlightElement.run is PASSED

2020-06-08 15:08:57 - [MESSAGE][PASSED] - com.reusableComponents.HighlightElement.run is PASSED

2020-06-08 15:08:57 - [MESSAGE][PASSED] - Call Test Case 'Test Cases/Components/VerifyPageSuccessfullyLoaded' successfully

2020-06-08 15:08:57 - [TEST_STEP][PASSED] - callTestCase(findTestCase("Components/HighlightLabelIndexField"), ["LblName":"Reminder Type:", "index":1], STOP_ON_FAILURE): Call Test Case 'Test Cases/Components/HighlightLabelIndexField' successfully

2020-06-08 15:08:57 - [TEST_CASE][PASSED] - Test Cases/Components/HighlightLabelIndexField: Test Cases/Components/HighlightLabelIndexField

2020-06-08 15:08:57 - [TEST_STEP][PASSED] - Thread.sleep(1000): null

2020-06-08 15:08:58 - [TEST_STEP][PASSED] - modifiedLblNm = modifyObjectProperty(findTestObject("Object Repository/Objects.HighlightElements/lblField_index"), "xpath", "equals", "(//*[contains(@class,'x-form-item-label-inner') and (text()='" + LblName + "')])[" + index + "]", true): Modify property of object successfully

2020-06-08 15:08:58 - [MESSAGE][PASSED] - Modify property of object successfully

2020-06-08 15:08:58 - [TEST_STEP][PASSED] - com.reusableComponents.HighlightElement.run(modifiedLblNm): com.reusableComponents.HighlightElement.run is PASSED

2020-06-08 15:08:59 - [MESSAGE][PASSED] - com.reusableComponents.HighlightElement.run is PASSED

2020-06-08 15:08:59 - [MESSAGE][PASSED] - Call Test Case 'Test Cases/Components/HighlightLabelIndexField' successfully

2020-06-08 15:08:59 - [TEST_STEP][PASSED] - callTestCase(findTestCase("Components/HighlightInputIndexField"), ["InputName":"reminderType", "index":1], STOP_ON_FAILURE): Call Test Case 'Test Cases/Components/HighlightInputIndexField' successfully

2020-06-08 15:08:59 - [TEST_CASE][PASSED] - Test Cases/Components/HighlightInputIndexField: Test Cases/Components/HighlightInputIndexField

2020-06-08 15:08:59 - [TEST_STEP][PASSED] - Thread.sleep(1000): null

2020-06-08 15:09:00 - [TEST_STEP][PASSED] - modifiedInputFld = modifyObjectProperty(findTestObject("Objects.HighlightElements/input_field_index"), "xpath", "equals", "(//*[contains(@class,'x-form-text') and (@name='" + InputName + "')])[" + index + "]", true): Modify property of object successfully

2020-06-08 15:09:00 - [MESSAGE][PASSED] - Modify property of object successfully

2020-06-08 15:09:00 - [TEST_STEP][PASSED] - com.reusableComponents.HighlightElement.run(modifiedInputFld): com.reusableComponents.HighlightElement.run is PASSED

2020-06-08 15:09:00 - [MESSAGE][PASSED] - com.reusableComponents.HighlightElement.run is PASSED

2020-06-08 15:09:00 - [MESSAGE][PASSED] - Call Test Case 'Test Cases/Components/HighlightInputIndexField' successfully

2020-06-08 15:09:00 - [TEST_STEP][PASSED] - callTestCase(findTestCase("PFI Precision and Scale/PFI Components with Indexing/VerifyDefaultValueIndex"), ["FieldNm":"reminderType", "index":1], STOP_ON_FAILURE): Call Test Case 'Test Cases/PFI Precision and Scale/PFI Components with Indexing/VerifyDefaultValueIndex' successfully

2020-06-08 15:09:00 - [TEST_CASE][PASSED] - Test Cases/PFI Precision and Scale/PFI Components with Indexing/VerifyDefaultValueIndex: Test Cases/PFI Precision and Scale/PFI Components with Indexing/VerifyDefaultValueIndex

2020-06-08 15:09:01 - [TEST_STEP][PASSED] - Thread.sleep(1000): null

2020-06-08 15:09:02 - [TEST_STEP][PASSED] - DefaultValueHM = ["periodType":"Working Day(s)", "noOfDays":"14", "inspWeight":"1", "inspModule":"PSI", "inspCaseType":"PSI Processing (SM)"]: null

2020-06-08 15:09:02 - [TEST_STEP][PASSED] - NewFieldNm = modifyObjectProperty(findTestObject("Object Repository/Objects.HighlightElements/input_field_index"), "xpath", "equals", "(//*[contains(@name,'" + FieldNm + "')])[" + index + "]", true): Modify property of object successfully

2020-06-08 15:09:02 - [MESSAGE][PASSED] - Modify property of object successfully

2020-06-08 15:09:02 - [TEST_STEP][PASSED] - focus(NewFieldNm): Object: 'Object Repository/Objects.HighlightElements/input_field_index' is focused

2020-06-08 15:09:02 - [MESSAGE][PASSED] - Object: 'Object Repository/Objects.HighlightElements/input_field_index' is focused

2020-06-08 15:09:02 - [TEST_STEP][PASSED] - DefVal = getAttribute(NewFieldNm, "value", STOP_ON_FAILURE): Attribute 'value' of object 'Object Repository/Objects.HighlightElements/input_field_index' is: ''

2020-06-08 15:09:02 - [MESSAGE][PASSED] - Attribute 'value' of object 'Object Repository/Objects.HighlightElements/input_field_index' is: ''

2020-06-08 15:09:02 - [TEST_STEP][PASSED] - switch (FieldNm): null

2020-06-08 15:09:02 - [TEST_STEP][PASSED] - Default: null

2020-06-08 15:09:02 - [TEST_STEP][PASSED] - ExpectedDefVal = DefaultValueHM.get(FieldNm): null

2020-06-08 15:09:02 - [TEST_STEP][PASSED] - if (ExpectedDefVal != null): null

2020-06-08 15:09:02 - [TEST_STEP][PASSED] - else: Actual text '' and expected text '' are matched  using regular expression

2020-06-08 15:09:02 - [TEST_STEP][PASSED] - verifyMatch(DefVal, "", true): Actual text '' and expected text '' are matched  using regular expression

2020-06-08 15:09:02 - [MESSAGE][PASSED] - Actual text '' and expected text '' are matched  using regular expression

2020-06-08 15:09:02 - [TEST_STEP][PASSED] - break: null

2020-06-08 15:09:02 - [MESSAGE][PASSED] - Call Test Case 'Test Cases/PFI Precision and Scale/PFI Components with Indexing/VerifyDefaultValueIndex' successfully

2020-06-08 15:09:02 - [TEST_STEP][PASSED] - callTestCase(findTestCase("PFI Precision and Scale/PFI Components with Indexing/VerifyDropdownValuesIndex"), ["FldNm":"reminderType", "CallTCName":"PFI Precision and Scale/HashMap Tables/PFILetterTemplate", "cmbNm":"Reminder", "NoOfVal":9, ... ], STOP_ON_FAILURE): Call Test Case 'Test Cases/PFI Precision and Scale/PFI Components with Indexing/VerifyDropdownValuesIndex' successfully

2020-06-08 15:09:02 - [TEST_CASE][PASSED] - Test Cases/PFI Precision and Scale/PFI Components with Indexing/VerifyDropdownValuesIndex: Test Cases/PFI Precision and Scale/PFI Components with Indexing/VerifyDropdownValuesIndex

2020-06-08 15:09:02 - [TEST_STEP][PASSED] - Thread.sleep(1000): null

2020-06-08 15:09:03 - [TEST_STEP][PASSED] - NewInputNmField = modifyObjectProperty(findTestObject("Object Repository/Objects.HighlightElements/input_field_index"), "xpath", "equals", "(//*[contains(@class,'x-form-text') and (@name='" + FldNm + "')])[" + index + "]", true): Modify property of object successfully

2020-06-08 15:09:03 - [MESSAGE][PASSED] - Modify property of object successfully

2020-06-08 15:09:03 - [TEST_STEP][PASSED] - comboNm = cmbNm: null

2020-06-08 15:09:03 - [TEST_STEP][PASSED] - focus(NewInputNmField): Object: 'Object Repository/Objects.HighlightElements/input_field_index' is focused

2020-06-08 15:09:03 - [MESSAGE][PASSED] - Object: 'Object Repository/Objects.HighlightElements/input_field_index' is focused

2020-06-08 15:09:03 - [TEST_STEP][PASSED] - setText(NewInputNmField, EnterValue): Text '' is set on object 'Object Repository/Objects.HighlightElements/input_field_index'

2020-06-08 15:09:03 - [MESSAGE][PASSED] - Text '' is set on object 'Object Repository/Objects.HighlightElements/input_field_index'

2020-06-08 15:09:03 - [TEST_STEP][PASSED] - for ([i = 1, i <= NoOfVal, (i++)]): Keys 'DOWN + ' sent to object: 'Object Repository/Objects.HighlightElements/input_field_index'

2020-06-08 15:09:03 - [TEST_STEP][PASSED] - sendKeys(NewInputNmField, Keys.chord(ARROW_DOWN)): Keys 'DOWN + ' sent to object: 'Object Repository/Objects.HighlightElements/input_field_index'

2020-06-08 15:09:03 - [MESSAGE][PASSED] - Keys 'DOWN + ' sent to object: 'Object Repository/Objects.HighlightElements/input_field_index'

2020-06-08 15:09:03 - [TEST_STEP][PASSED] - delay(DelayTime): Delayed 5 second(s)

2020-06-08 15:09:08 - [MESSAGE][PASSED] - Delayed 5 second(s)

2020-06-08 15:09:08 - [TEST_STEP][PASSED] - sendKeys(NewInputNmField, Keys.chord(ENTER)): Keys 'ENTER + ' sent to object: 'Object Repository/Objects.HighlightElements/input_field_index'

2020-06-08 15:09:08 - [MESSAGE][PASSED] - Keys 'ENTER + ' sent to object: 'Object Repository/Objects.HighlightElements/input_field_index'

2020-06-08 15:09:08 - [TEST_STEP][PASSED] - ComboBoxValue = getAttribute(NewInputNmField, "value"): Attribute 'value' of object 'Object Repository/Objects.HighlightElements/input_field_index' is: 'Ministry of Health'

2020-06-08 15:09:08 - [MESSAGE][PASSED] - Attribute 'value' of object 'Object Repository/Objects.HighlightElements/input_field_index' is: 'Ministry of Health'

2020-06-08 15:09:08 - [TEST_STEP][PASSED] - callTestCase(findTestCase(CallTCName), ["FindValue":ComboBoxValue, "DropdownNm":comboNm], STOP_ON_FAILURE): Call Test Case 'Test Cases/PFI Precision and Scale/HashMap Tables/PFILetterTemplate' successfully

2020-06-08 15:09:08 - [TEST_CASE][PASSED] - Test Cases/PFI Precision and Scale/HashMap Tables/PFILetterTemplate: Test Cases/PFI Precision and Scale/HashMap Tables/PFILetterTemplate

2020-06-08 15:09:08 - [TEST_STEP][PASSED] - PFILetterTemplateTBL = [1:["Reminder":"Ministry Of Health"], 2:["Reminder":"Reminder Free Format Letter"], 3:["Reminder":"Reminder 1 (SF_ESID_SIS/SL-REM1)"], ... ]: null

2020-06-08 15:09:08 - [TEST_STEP][PASSED] - switch (DropdownNm): null

2020-06-08 15:09:08 - [TEST_STEP][PASSED] - case "Reminder":: null

2020-06-08 15:09:08 - [TEST_STEP][PASSED] - ValueFound = PFILetterTemplateTBL.find({ -> ... }): null

2020-06-08 15:09:08 - [TEST_STEP][PASSED] - break: null

2020-06-08 15:09:08 - [MESSAGE][PASSED] - Call Test Case 'Test Cases/PFI Precision and Scale/HashMap Tables/PFILetterTemplate' successfully

2020-06-08 15:09:08 - [TEST_STEP][PASSED] - println(ValueFound): null

2020-06-08 15:09:08 - [TEST_STEP][PASSED] - sendKeys(NewInputNmField, Keys.chord(ARROW_DOWN)): Keys 'DOWN + ' sent to object: 'Object Repository/Objects.HighlightElements/input_field_index'

2020-06-08 15:09:08 - [MESSAGE][PASSED] - Keys 'DOWN + ' sent to object: 'Object Repository/Objects.HighlightElements/input_field_index'

2020-06-08 15:09:08 - [TEST_STEP][PASSED] - sendKeys(NewInputNmField, Keys.chord(ARROW_DOWN)): Keys 'DOWN + ' sent to object: 'Object Repository/Objects.HighlightElements/input_field_index'

2020-06-08 15:09:09 - [MESSAGE][PASSED] - Keys 'DOWN + ' sent to object: 'Object Repository/Objects.HighlightElements/input_field_index'

2020-06-08 15:09:09 - [TEST_STEP][PASSED] - delay(DelayTime): Delayed 5 second(s)

2020-06-08 15:09:14 - [MESSAGE][PASSED] - Delayed 5 second(s)

2020-06-08 15:09:14 - [TEST_STEP][PASSED] - sendKeys(NewInputNmField, Keys.chord(ENTER)): Keys 'ENTER + ' sent to object: 'Object Repository/Objects.HighlightElements/input_field_index'

2020-06-08 15:09:14 - [MESSAGE][PASSED] - Keys 'ENTER + ' sent to object: 'Object Repository/Objects.HighlightElements/input_field_index'

2020-06-08 15:09:14 - [TEST_STEP][PASSED] - ComboBoxValue = getAttribute(NewInputNmField, "value"): Attribute 'value' of object 'Object Repository/Objects.HighlightElements/input_field_index' is: 'Reminder Free Format Letter'

2020-06-08 15:09:14 - [MESSAGE][PASSED] - Attribute 'value' of object 'Object Repository/Objects.HighlightElements/input_field_index' is: 'Reminder Free Format Letter'

2020-06-08 15:09:14 - [TEST_STEP][PASSED] - callTestCase(findTestCase(CallTCName), ["FindValue":ComboBoxValue, "DropdownNm":comboNm], STOP_ON_FAILURE): Call Test Case 'Test Cases/PFI Precision and Scale/HashMap Tables/PFILetterTemplate' successfully

2020-06-08 15:09:14 - [TEST_CASE][PASSED] - Test Cases/PFI Precision and Scale/HashMap Tables/PFILetterTemplate: Test Cases/PFI Precision and Scale/HashMap Tables/PFILetterTemplate

2020-06-08 15:09:14 - [TEST_STEP][PASSED] - PFILetterTemplateTBL = [1:["Reminder":"Ministry Of Health"], 2:["Reminder":"Reminder Free Format Letter"], 3:["Reminder":"Reminder 1 (SF_ESID_SIS/SL-REM1)"], ... ]: null

2020-06-08 15:09:14 - [TEST_STEP][PASSED] - switch (DropdownNm): null

2020-06-08 15:09:14 - [TEST_STEP][PASSED] - case "Reminder":: null

2020-06-08 15:09:14 - [TEST_STEP][PASSED] - ValueFound = PFILetterTemplateTBL.find({ -> ... }): null

2020-06-08 15:09:14 - [TEST_STEP][PASSED] - break: null

2020-06-08 15:09:14 - [MESSAGE][PASSED] - Call Test Case 'Test Cases/PFI Precision and Scale/HashMap Tables/PFILetterTemplate' successfully

2020-06-08 15:09:14 - [TEST_STEP][PASSED] - println(ValueFound): null

2020-06-08 15:09:14 - [TEST_STEP][PASSED] - sendKeys(NewInputNmField, Keys.chord(ARROW_DOWN)): Keys 'DOWN + ' sent to object: 'Object Repository/Objects.HighlightElements/input_field_index'

2020-06-08 15:09:14 - [MESSAGE][PASSED] - Keys 'DOWN + ' sent to object: 'Object Repository/Objects.HighlightElements/input_field_index'

2020-06-08 15:09:14 - [TEST_STEP][PASSED] - sendKeys(NewInputNmField, Keys.chord(ARROW_DOWN)): Keys 'DOWN + ' sent to object: 'Object Repository/Objects.HighlightElements/input_field_index'

2020-06-08 15:09:14 - [MESSAGE][PASSED] - Keys 'DOWN + ' sent to object: 'Object Repository/Objects.HighlightElements/input_field_index'

2020-06-08 15:09:14 - [TEST_STEP][PASSED] - delay(DelayTime): Delayed 5 second(s)

2020-06-08 15:09:19 - [MESSAGE][PASSED] - Delayed 5 second(s)

2020-06-08 15:09:19 - [TEST_STEP][PASSED] - sendKeys(NewInputNmField, Keys.chord(ENTER)): Keys 'ENTER + ' sent to object: 'Object Repository/Objects.HighlightElements/input_field_index'

2020-06-08 15:09:19 - [MESSAGE][PASSED] - Keys 'ENTER + ' sent to object: 'Object Repository/Objects.HighlightElements/input_field_index'

2020-06-08 15:09:19 - [TEST_STEP][PASSED] - ComboBoxValue = getAttribute(NewInputNmField, "value"): Attribute 'value' of object 'Object Repository/Objects.HighlightElements/input_field_index' is: 'Reminder 1 (SF_ESID_SIS/SL-REM1)'

2020-06-08 15:09:19 - [MESSAGE][PASSED] - Attribute 'value' of object 'Object Repository/Objects.HighlightElements/input_field_index' is: 'Reminder 1 (SF_ESID_SIS/SL-REM1)'

2020-06-08 15:09:19 - [TEST_STEP][PASSED] - callTestCase(findTestCase(CallTCName), ["FindValue":ComboBoxValue, "DropdownNm":comboNm], STOP_ON_FAILURE): Call Test Case 'Test Cases/PFI Precision and Scale/HashMap Tables/PFILetterTemplate' successfully

2020-06-08 15:09:19 - [TEST_CASE][PASSED] - Test Cases/PFI Precision and Scale/HashMap Tables/PFILetterTemplate: Test Cases/PFI Precision and Scale/HashMap Tables/PFILetterTemplate

2020-06-08 15:09:19 - [TEST_STEP][PASSED] - PFILetterTemplateTBL = [1:["Reminder":"Ministry Of Health"], 2:["Reminder":"Reminder Free Format Letter"], 3:["Reminder":"Reminder 1 (SF_ESID_SIS/SL-REM1)"], ... ]: null

2020-06-08 15:09:19 - [TEST_STEP][PASSED] - switch (DropdownNm): null

2020-06-08 15:09:19 - [TEST_STEP][PASSED] - case "Reminder":: null

2020-06-08 15:09:19 - [TEST_STEP][PASSED] - ValueFound = PFILetterTemplateTBL.find({ -> ... }): null

2020-06-08 15:09:19 - [TEST_STEP][PASSED] - break: null

2020-06-08 15:09:19 - [MESSAGE][PASSED] - Call Test Case 'Test Cases/PFI Precision and Scale/HashMap Tables/PFILetterTemplate' successfully

2020-06-08 15:09:19 - [TEST_STEP][PASSED] - println(ValueFound): null

2020-06-08 15:09:19 - [TEST_STEP][PASSED] - sendKeys(NewInputNmField, Keys.chord(ARROW_DOWN)): Keys 'DOWN + ' sent to object: 'Object Repository/Objects.HighlightElements/input_field_index'

2020-06-08 15:09:19 - [MESSAGE][PASSED] - Keys 'DOWN + ' sent to object: 'Object Repository/Objects.HighlightElements/input_field_index'

2020-06-08 15:09:19 - [TEST_STEP][PASSED] - sendKeys(NewInputNmField, Keys.chord(ARROW_DOWN)): Keys 'DOWN + ' sent to object: 'Object Repository/Objects.HighlightElements/input_field_index'

2020-06-08 15:09:19 - [MESSAGE][PASSED] - Keys 'DOWN + ' sent to object: 'Object Repository/Objects.HighlightElements/input_field_index'

2020-06-08 15:09:19 - [TEST_STEP][PASSED] - delay(DelayTime): Delayed 5 second(s)

2020-06-08 15:09:24 - [MESSAGE][PASSED] - Delayed 5 second(s)

2020-06-08 15:09:24 - [TEST_STEP][PASSED] - sendKeys(NewInputNmField, Keys.chord(ENTER)): Keys 'ENTER + ' sent to object: 'Object Repository/Objects.HighlightElements/input_field_index'

2020-06-08 15:09:24 - [MESSAGE][PASSED] - Keys 'ENTER + ' sent to object: 'Object Repository/Objects.HighlightElements/input_field_index'

2020-06-08 15:09:24 - [TEST_STEP][PASSED] - ComboBoxValue = getAttribute(NewInputNmField, "value"): Attribute 'value' of object 'Object Repository/Objects.HighlightElements/input_field_index' is: 'Reminder 1-G (SF_ESID_SIS/SL-REM1-G)'

2020-06-08 15:09:24 - [MESSAGE][PASSED] - Attribute 'value' of object 'Object Repository/Objects.HighlightElements/input_field_index' is: 'Reminder 1-G (SF_ESID_SIS/SL-REM1-G)'

2020-06-08 15:09:24 - [TEST_STEP][PASSED] - callTestCase(findTestCase(CallTCName), ["FindValue":ComboBoxValue, "DropdownNm":comboNm], STOP_ON_FAILURE): Call Test Case 'Test Cases/PFI Precision and Scale/HashMap Tables/PFILetterTemplate' successfully

2020-06-08 15:09:24 - [TEST_CASE][PASSED] - Test Cases/PFI Precision and Scale/HashMap Tables/PFILetterTemplate: Test Cases/PFI Precision and Scale/HashMap Tables/PFILetterTemplate

2020-06-08 15:09:24 - [TEST_STEP][PASSED] - PFILetterTemplateTBL = [1:["Reminder":"Ministry Of Health"], 2:["Reminder":"Reminder Free Format Letter"], 3:["Reminder":"Reminder 1 (SF_ESID_SIS/SL-REM1)"], ... ]: null

2020-06-08 15:09:24 - [TEST_STEP][PASSED] - switch (DropdownNm): null

2020-06-08 15:09:24 - [TEST_STEP][PASSED] - case "Reminder":: null

2020-06-08 15:09:24 - [TEST_STEP][PASSED] - ValueFound = PFILetterTemplateTBL.find({ -> ... }): null

2020-06-08 15:09:24 - [TEST_STEP][PASSED] - break: null

2020-06-08 15:09:24 - [MESSAGE][PASSED] - Call Test Case 'Test Cases/PFI Precision and Scale/HashMap Tables/PFILetterTemplate' successfully

2020-06-08 15:09:24 - [TEST_STEP][PASSED] - println(ValueFound): null

2020-06-08 15:09:24 - [TEST_STEP][PASSED] - sendKeys(NewInputNmField, Keys.chord(ARROW_DOWN)): Keys 'DOWN + ' sent to object: 'Object Repository/Objects.HighlightElements/input_field_index'

2020-06-08 15:09:24 - [MESSAGE][PASSED] - Keys 'DOWN + ' sent to object: 'Object Repository/Objects.HighlightElements/input_field_index'

2020-06-08 15:09:24 - [TEST_STEP][PASSED] - sendKeys(NewInputNmField, Keys.chord(ARROW_DOWN)): Keys 'DOWN + ' sent to object: 'Object Repository/Objects.HighlightElements/input_field_index'

2020-06-08 15:09:24 - [MESSAGE][PASSED] - Keys 'DOWN + ' sent to object: 'Object Repository/Objects.HighlightElements/input_field_index'

2020-06-08 15:09:24 - [TEST_STEP][PASSED] - delay(DelayTime): Delayed 5 second(s)

2020-06-08 15:09:29 - [MESSAGE][PASSED] - Delayed 5 second(s)

2020-06-08 15:09:29 - [TEST_STEP][PASSED] - sendKeys(NewInputNmField, Keys.chord(ENTER)): Keys 'ENTER + ' sent to object: 'Object Repository/Objects.HighlightElements/input_field_index'

2020-06-08 15:09:29 - [MESSAGE][PASSED] - Keys 'ENTER + ' sent to object: 'Object Repository/Objects.HighlightElements/input_field_index'

2020-06-08 15:09:29 - [TEST_STEP][PASSED] - ComboBoxValue = getAttribute(NewInputNmField, "value"): Attribute 'value' of object 'Object Repository/Objects.HighlightElements/input_field_index' is: 'Reminder 1A (SF_ESID_SIS/SL-REM1A)'

2020-06-08 15:09:30 - [MESSAGE][PASSED] - Attribute 'value' of object 'Object Repository/Objects.HighlightElements/input_field_index' is: 'Reminder 1A (SF_ESID_SIS/SL-REM1A)'

2020-06-08 15:09:30 - [TEST_STEP][PASSED] - callTestCase(findTestCase(CallTCName), ["FindValue":ComboBoxValue, "DropdownNm":comboNm], STOP_ON_FAILURE): Call Test Case 'Test Cases/PFI Precision and Scale/HashMap Tables/PFILetterTemplate' successfully

2020-06-08 15:09:30 - [TEST_CASE][PASSED] - Test Cases/PFI Precision and Scale/HashMap Tables/PFILetterTemplate: Test Cases/PFI Precision and Scale/HashMap Tables/PFILetterTemplate

2020-06-08 15:09:30 - [TEST_STEP][PASSED] - PFILetterTemplateTBL = [1:["Reminder":"Ministry Of Health"], 2:["Reminder":"Reminder Free Format Letter"], 3:["Reminder":"Reminder 1 (SF_ESID_SIS/SL-REM1)"], ... ]: null

2020-06-08 15:09:30 - [TEST_STEP][PASSED] - switch (DropdownNm): null

2020-06-08 15:09:30 - [TEST_STEP][PASSED] - case "Reminder":: null

2020-06-08 15:09:30 - [TEST_STEP][PASSED] - ValueFound = PFILetterTemplateTBL.find({ -> ... }): null

2020-06-08 15:09:30 - [TEST_STEP][PASSED] - break: null

2020-06-08 15:09:30 - [MESSAGE][PASSED] - Call Test Case 'Test Cases/PFI Precision and Scale/HashMap Tables/PFILetterTemplate' successfully

2020-06-08 15:09:30 - [TEST_STEP][PASSED] - println(ValueFound): null

2020-06-08 15:09:30 - [TEST_STEP][PASSED] - sendKeys(NewInputNmField, Keys.chord(ARROW_DOWN)): Keys 'DOWN + ' sent to object: 'Object Repository/Objects.HighlightElements/input_field_index'

2020-06-08 15:09:30 - [MESSAGE][PASSED] - Keys 'DOWN + ' sent to object: 'Object Repository/Objects.HighlightElements/input_field_index'

2020-06-08 15:09:30 - [TEST_STEP][PASSED] - sendKeys(NewInputNmField, Keys.chord(ARROW_DOWN)): Keys 'DOWN + ' sent to object: 'Object Repository/Objects.HighlightElements/input_field_index'

2020-06-08 15:09:30 - [MESSAGE][PASSED] - Keys 'DOWN + ' sent to object: 'Object Repository/Objects.HighlightElements/input_field_index'

2020-06-08 15:09:30 - [TEST_STEP][PASSED] - delay(DelayTime): Delayed 5 second(s)

2020-06-08 15:09:35 - [MESSAGE][PASSED] - Delayed 5 second(s)

2020-06-08 15:09:35 - [TEST_STEP][PASSED] - sendKeys(NewInputNmField, Keys.chord(ENTER)): Keys 'ENTER + ' sent to object: 'Object Repository/Objects.HighlightElements/input_field_index'

2020-06-08 15:09:35 - [MESSAGE][PASSED] - Keys 'ENTER + ' sent to object: 'Object Repository/Objects.HighlightElements/input_field_index'

2020-06-08 15:09:35 - [TEST_STEP][PASSED] - ComboBoxValue = getAttribute(NewInputNmField, "value"): Attribute 'value' of object 'Object Repository/Objects.HighlightElements/input_field_index' is: 'Reminder 1-M (SF_ESID_SIS/SL-REM1-M)'

2020-06-08 15:09:35 - [MESSAGE][PASSED] - Attribute 'value' of object 'Object Repository/Objects.HighlightElements/input_field_index' is: 'Reminder 1-M (SF_ESID_SIS/SL-REM1-M)'

2020-06-08 15:09:35 - [TEST_STEP][PASSED] - callTestCase(findTestCase(CallTCName), ["FindValue":ComboBoxValue, "DropdownNm":comboNm], STOP_ON_FAILURE): Call Test Case 'Test Cases/PFI Precision and Scale/HashMap Tables/PFILetterTemplate' successfully

2020-06-08 15:09:35 - [TEST_CASE][PASSED] - Test Cases/PFI Precision and Scale/HashMap Tables/PFILetterTemplate: Test Cases/PFI Precision and Scale/HashMap Tables/PFILetterTemplate

2020-06-08 15:09:35 - [TEST_STEP][PASSED] - PFILetterTemplateTBL = [1:["Reminder":"Ministry Of Health"], 2:["Reminder":"Reminder Free Format Letter"], 3:["Reminder":"Reminder 1 (SF_ESID_SIS/SL-REM1)"], ... ]: null

2020-06-08 15:09:35 - [TEST_STEP][PASSED] - switch (DropdownNm): null

2020-06-08 15:09:35 - [TEST_STEP][PASSED] - case "Reminder":: null

2020-06-08 15:09:35 - [TEST_STEP][PASSED] - ValueFound = PFILetterTemplateTBL.find({ -> ... }): null

2020-06-08 15:09:35 - [TEST_STEP][PASSED] - break: null

2020-06-08 15:09:35 - [MESSAGE][PASSED] - Call Test Case 'Test Cases/PFI Precision and Scale/HashMap Tables/PFILetterTemplate' successfully

2020-06-08 15:09:35 - [TEST_STEP][PASSED] - println(ValueFound): null

2020-06-08 15:09:35 - [TEST_STEP][PASSED] - sendKeys(NewInputNmField, Keys.chord(ARROW_DOWN)): Keys 'DOWN + ' sent to object: 'Object Repository/Objects.HighlightElements/input_field_index'

2020-06-08 15:09:35 - [MESSAGE][PASSED] - Keys 'DOWN + ' sent to object: 'Object Repository/Objects.HighlightElements/input_field_index'

2020-06-08 15:09:35 - [TEST_STEP][PASSED] - sendKeys(NewInputNmField, Keys.chord(ARROW_DOWN)): Keys 'DOWN + ' sent to object: 'Object Repository/Objects.HighlightElements/input_field_index'

2020-06-08 15:09:35 - [MESSAGE][PASSED] - Keys 'DOWN + ' sent to object: 'Object Repository/Objects.HighlightElements/input_field_index'

2020-06-08 15:09:35 - [TEST_STEP][PASSED] - delay(DelayTime): Delayed 5 second(s)

2020-06-08 15:09:40 - [MESSAGE][PASSED] - Delayed 5 second(s)

2020-06-08 15:09:40 - [TEST_STEP][PASSED] - sendKeys(NewInputNmField, Keys.chord(ENTER)): Keys 'ENTER + ' sent to object: 'Object Repository/Objects.HighlightElements/input_field_index'

2020-06-08 15:09:40 - [MESSAGE][PASSED] - Keys 'ENTER + ' sent to object: 'Object Repository/Objects.HighlightElements/input_field_index'

2020-06-08 15:09:40 - [TEST_STEP][PASSED] - ComboBoxValue = getAttribute(NewInputNmField, "value"): Attribute 'value' of object 'Object Repository/Objects.HighlightElements/input_field_index' is: 'Reminder 1A-M (SF_ESID_SIS/SL-REM1A-M)'

2020-06-08 15:09:40 - [MESSAGE][PASSED] - Attribute 'value' of object 'Object Repository/Objects.HighlightElements/input_field_index' is: 'Reminder 1A-M (SF_ESID_SIS/SL-REM1A-M)'

2020-06-08 15:09:40 - [TEST_STEP][PASSED] - callTestCase(findTestCase(CallTCName), ["FindValue":ComboBoxValue, "DropdownNm":comboNm], STOP_ON_FAILURE): Call Test Case 'Test Cases/PFI Precision and Scale/HashMap Tables/PFILetterTemplate' successfully

2020-06-08 15:09:40 - [TEST_CASE][PASSED] - Test Cases/PFI Precision and Scale/HashMap Tables/PFILetterTemplate: Test Cases/PFI Precision and Scale/HashMap Tables/PFILetterTemplate

2020-06-08 15:09:40 - [TEST_STEP][PASSED] - PFILetterTemplateTBL = [1:["Reminder":"Ministry Of Health"], 2:["Reminder":"Reminder Free Format Letter"], 3:["Reminder":"Reminder 1 (SF_ESID_SIS/SL-REM1)"], ... ]: null

2020-06-08 15:09:40 - [TEST_STEP][PASSED] - switch (DropdownNm): null

2020-06-08 15:09:40 - [TEST_STEP][PASSED] - case "Reminder":: null

2020-06-08 15:09:40 - [TEST_STEP][PASSED] - ValueFound = PFILetterTemplateTBL.find({ -> ... }): null

2020-06-08 15:09:40 - [TEST_STEP][PASSED] - break: null

2020-06-08 15:09:40 - [MESSAGE][PASSED] - Call Test Case 'Test Cases/PFI Precision and Scale/HashMap Tables/PFILetterTemplate' successfully

2020-06-08 15:09:40 - [TEST_STEP][PASSED] - println(ValueFound): null

2020-06-08 15:09:40 - [TEST_STEP][PASSED] - sendKeys(NewInputNmField, Keys.chord(ARROW_DOWN)): Keys 'DOWN + ' sent to object: 'Object Repository/Objects.HighlightElements/input_field_index'

2020-06-08 15:09:40 - [MESSAGE][PASSED] - Keys 'DOWN + ' sent to object: 'Object Repository/Objects.HighlightElements/input_field_index'

2020-06-08 15:09:40 - [TEST_STEP][PASSED] - sendKeys(NewInputNmField, Keys.chord(ARROW_DOWN)): Keys 'DOWN + ' sent to object: 'Object Repository/Objects.HighlightElements/input_field_index'

2020-06-08 15:09:40 - [MESSAGE][PASSED] - Keys 'DOWN + ' sent to object: 'Object Repository/Objects.HighlightElements/input_field_index'

2020-06-08 15:09:40 - [TEST_STEP][PASSED] - delay(DelayTime): Delayed 5 second(s)

2020-06-08 15:09:45 - [MESSAGE][PASSED] - Delayed 5 second(s)

2020-06-08 15:09:45 - [TEST_STEP][PASSED] - sendKeys(NewInputNmField, Keys.chord(ENTER)): Keys 'ENTER + ' sent to object: 'Object Repository/Objects.HighlightElements/input_field_index'

2020-06-08 15:09:45 - [MESSAGE][PASSED] - Keys 'ENTER + ' sent to object: 'Object Repository/Objects.HighlightElements/input_field_index'

2020-06-08 15:09:45 - [TEST_STEP][PASSED] - ComboBoxValue = getAttribute(NewInputNmField, "value"): Attribute 'value' of object 'Object Repository/Objects.HighlightElements/input_field_index' is: 'Reminder 2 (SF_ESID_SIS/SL-REM2)'

2020-06-08 15:09:46 - [MESSAGE][PASSED] - Attribute 'value' of object 'Object Repository/Objects.HighlightElements/input_field_index' is: 'Reminder 2 (SF_ESID_SIS/SL-REM2)'

2020-06-08 15:09:46 - [TEST_STEP][PASSED] - callTestCase(findTestCase(CallTCName), ["FindValue":ComboBoxValue, "DropdownNm":comboNm], STOP_ON_FAILURE): Call Test Case 'Test Cases/PFI Precision and Scale/HashMap Tables/PFILetterTemplate' successfully

2020-06-08 15:09:46 - [TEST_CASE][PASSED] - Test Cases/PFI Precision and Scale/HashMap Tables/PFILetterTemplate: Test Cases/PFI Precision and Scale/HashMap Tables/PFILetterTemplate

2020-06-08 15:09:46 - [TEST_STEP][PASSED] - PFILetterTemplateTBL = [1:["Reminder":"Ministry Of Health"], 2:["Reminder":"Reminder Free Format Letter"], 3:["Reminder":"Reminder 1 (SF_ESID_SIS/SL-REM1)"], ... ]: null

2020-06-08 15:09:46 - [TEST_STEP][PASSED] - switch (DropdownNm): null

2020-06-08 15:09:46 - [TEST_STEP][PASSED] - case "Reminder":: null

2020-06-08 15:09:46 - [TEST_STEP][PASSED] - ValueFound = PFILetterTemplateTBL.find({ -> ... }): null

2020-06-08 15:09:46 - [TEST_STEP][PASSED] - break: null

2020-06-08 15:09:46 - [MESSAGE][PASSED] - Call Test Case 'Test Cases/PFI Precision and Scale/HashMap Tables/PFILetterTemplate' successfully

2020-06-08 15:09:46 - [TEST_STEP][PASSED] - println(ValueFound): null

2020-06-08 15:09:46 - [TEST_STEP][PASSED] - sendKeys(NewInputNmField, Keys.chord(ARROW_DOWN)): Keys 'DOWN + ' sent to object: 'Object Repository/Objects.HighlightElements/input_field_index'

2020-06-08 15:09:46 - [MESSAGE][PASSED] - Keys 'DOWN + ' sent to object: 'Object Repository/Objects.HighlightElements/input_field_index'

2020-06-08 15:09:46 - [TEST_STEP][PASSED] - sendKeys(NewInputNmField, Keys.chord(ARROW_DOWN)): Keys 'DOWN + ' sent to object: 'Object Repository/Objects.HighlightElements/input_field_index'

2020-06-08 15:09:46 - [MESSAGE][PASSED] - Keys 'DOWN + ' sent to object: 'Object Repository/Objects.HighlightElements/input_field_index'

2020-06-08 15:09:46 - [TEST_STEP][PASSED] - delay(DelayTime): Delayed 5 second(s)

2020-06-08 15:09:51 - [MESSAGE][PASSED] - Delayed 5 second(s)

2020-06-08 15:09:51 - [TEST_STEP][PASSED] - sendKeys(NewInputNmField, Keys.chord(ENTER)): Keys 'ENTER + ' sent to object: 'Object Repository/Objects.HighlightElements/input_field_index'

2020-06-08 15:09:51 - [MESSAGE][PASSED] - Keys 'ENTER + ' sent to object: 'Object Repository/Objects.HighlightElements/input_field_index'

2020-06-08 15:09:51 - [TEST_STEP][PASSED] - ComboBoxValue = getAttribute(NewInputNmField, "value"): Attribute 'value' of object 'Object Repository/Objects.HighlightElements/input_field_index' is: 'Reminder 2-G (SF_ESID_SIS/SL-REM2-G)'

2020-06-08 15:09:51 - [MESSAGE][PASSED] - Attribute 'value' of object 'Object Repository/Objects.HighlightElements/input_field_index' is: 'Reminder 2-G (SF_ESID_SIS/SL-REM2-G)'

2020-06-08 15:09:51 - [TEST_STEP][PASSED] - callTestCase(findTestCase(CallTCName), ["FindValue":ComboBoxValue, "DropdownNm":comboNm], STOP_ON_FAILURE): Call Test Case 'Test Cases/PFI Precision and Scale/HashMap Tables/PFILetterTemplate' successfully

2020-06-08 15:09:51 - [TEST_CASE][PASSED] - Test Cases/PFI Precision and Scale/HashMap Tables/PFILetterTemplate: Test Cases/PFI Precision and Scale/HashMap Tables/PFILetterTemplate

2020-06-08 15:09:51 - [TEST_STEP][PASSED] - PFILetterTemplateTBL = [1:["Reminder":"Ministry Of Health"], 2:["Reminder":"Reminder Free Format Letter"], 3:["Reminder":"Reminder 1 (SF_ESID_SIS/SL-REM1)"], ... ]: null

2020-06-08 15:09:51 - [TEST_STEP][PASSED] - switch (DropdownNm): null

2020-06-08 15:09:51 - [TEST_STEP][PASSED] - case "Reminder":: null

2020-06-08 15:09:51 - [TEST_STEP][PASSED] - ValueFound = PFILetterTemplateTBL.find({ -> ... }): null

2020-06-08 15:09:51 - [TEST_STEP][PASSED] - break: null

2020-06-08 15:09:51 - [MESSAGE][PASSED] - Call Test Case 'Test Cases/PFI Precision and Scale/HashMap Tables/PFILetterTemplate' successfully

2020-06-08 15:09:51 - [TEST_STEP][PASSED] - println(ValueFound): null

2020-06-08 15:09:51 - [TEST_STEP][PASSED] - sendKeys(NewInputNmField, Keys.chord(ARROW_DOWN)): Keys 'DOWN + ' sent to object: 'Object Repository/Objects.HighlightElements/input_field_index'

2020-06-08 15:09:51 - [MESSAGE][PASSED] - Keys 'DOWN + ' sent to object: 'Object Repository/Objects.HighlightElements/input_field_index'

2020-06-08 15:09:51 - [TEST_STEP][PASSED] - sendKeys(NewInputNmField, Keys.chord(ENTER)): Keys 'ENTER + ' sent to object: 'Object Repository/Objects.HighlightElements/input_field_index'

2020-06-08 15:09:51 - [MESSAGE][PASSED] - Keys 'ENTER + ' sent to object: 'Object Repository/Objects.HighlightElements/input_field_index'

2020-06-08 15:09:51 - [MESSAGE][PASSED] - Call Test Case 'Test Cases/PFI Precision and Scale/PFI Components with Indexing/VerifyDropdownValuesIndex' successfully

2020-06-08 15:09:51 - [TEST_STEP][NOT_RUN] - callTestCase(findTestCase("Components/Logout"), ["LogoutPageTextToBeVerified":findTestData("ISPS2 Test Data").getValue("HomeBanner", 1)], STOP_ON_FAILURE): NOT_RUN: callTestCase(findTestCase("Components/Logout"), ["LogoutPageTextToBeVerified":findTestData("ISPS2 Test Data").getValue("HomeBanner", 1)], STOP_ON_FAILURE)

2020-06-08 15:09:51 - [MESSAGE][NOT_RUN] - NOT_RUN: callTestCase(findTestCase("Components/Logout"), ["LogoutPageTextToBeVerified":findTestData("ISPS2 Test Data").getValue("HomeBanner", 1)], STOP_ON_FAILURE)]]></system-out>
         <system-err><![CDATA[]]></system-err>
      </testcase>
      <testcase name="Test Cases/PFI Precision and Scale/PFI Test Cases/Process Case (PFI)/PFI.RecommendLHS" time="436.935" classname="Test Cases/PFI Precision and Scale/PFI Test Cases/Process Case (PFI)/PFI.RecommendLHS" status="PASSED">
         <system-out><![CDATA[2020-06-08 15:09:51 - [TEST_CASE][PASSED] - Test Cases/PFI Precision and Scale/PFI Test Cases/Process Case (PFI)/PFI.RecommendLHS: Test Cases/PFI Precision and Scale/PFI Test Cases/Process Case (PFI)/PFI.RecommendLHS

2020-06-08 15:09:51 - [TEST_STEP][NOT_RUN] - callTestCase(findTestCase("Components/LoginV2.0"), ["LinkToBeUsed":findTestData("ISPS2 Test Data").getValue("URL", 1), "LoginPageTextToBeVerified":findTestData("ISPS2 Test Data").getValue("HomeBanner", 1), ... ], STOP_ON_FAILURE): NOT_RUN: callTestCase(findTestCase("Components/LoginV2.0"), ["LinkToBeUsed":findTestData("ISPS2 Test Data").getValue("URL", 1), "LoginPageTextToBeVerified":findTestData("ISPS2 Test Data").getValue("HomeBanner", 1), ... ], STOP_ON_FAILURE)

2020-06-08 15:09:51 - [MESSAGE][NOT_RUN] - NOT_RUN: callTestCase(findTestCase("Components/LoginV2.0"), ["LinkToBeUsed":findTestData("ISPS2 Test Data").getValue("URL", 1), "LoginPageTextToBeVerified":findTestData("ISPS2 Test Data").getValue("HomeBanner", 1), ... ], STOP_ON_FAILURE)

2020-06-08 15:09:51 - [TEST_STEP][NOT_RUN] - callTestCase(findTestCase("Components/NavigateToHomepageHeaders"), ["headerText":"My Tasks"], STOP_ON_FAILURE): NOT_RUN: callTestCase(findTestCase("Components/NavigateToHomepageHeaders"), ["headerText":"My Tasks"], STOP_ON_FAILURE)

2020-06-08 15:09:51 - [MESSAGE][NOT_RUN] - NOT_RUN: callTestCase(findTestCase("Components/NavigateToHomepageHeaders"), ["headerText":"My Tasks"], STOP_ON_FAILURE)

2020-06-08 15:09:51 - [TEST_STEP][NOT_RUN] - callTestCase(findTestCase("Components/Filter"), ["taskDescription":"Process Case (SM)"], STOP_ON_FAILURE): NOT_RUN: callTestCase(findTestCase("Components/Filter"), ["taskDescription":"Process Case (SM)"], STOP_ON_FAILURE)

2020-06-08 15:09:51 - [MESSAGE][NOT_RUN] - NOT_RUN: callTestCase(findTestCase("Components/Filter"), ["taskDescription":"Process Case (SM)"], STOP_ON_FAILURE)

2020-06-08 15:09:51 - [TEST_STEP][NOT_RUN] - callTestCase(findTestCase("Components/ClickLinkDependingOnTextAndIndex"), ["linkName":"Process Case (SM)", "index":"3"], STOP_ON_FAILURE): NOT_RUN: callTestCase(findTestCase("Components/ClickLinkDependingOnTextAndIndex"), ["linkName":"Process Case (SM)", "index":"3"], STOP_ON_FAILURE)

2020-06-08 15:09:51 - [MESSAGE][NOT_RUN] - NOT_RUN: callTestCase(findTestCase("Components/ClickLinkDependingOnTextAndIndex"), ["linkName":"Process Case (SM)", "index":"3"], STOP_ON_FAILURE)

2020-06-08 15:09:51 - [TEST_STEP][NOT_RUN] - callTestCase(findTestCase("Components/VerifyPageSuccessfullyLoaded"), ["HeaderName":"Summary"], STOP_ON_FAILURE): NOT_RUN: callTestCase(findTestCase("Components/VerifyPageSuccessfullyLoaded"), ["HeaderName":"Summary"], STOP_ON_FAILURE)

2020-06-08 15:09:51 - [MESSAGE][NOT_RUN] - NOT_RUN: callTestCase(findTestCase("Components/VerifyPageSuccessfullyLoaded"), ["HeaderName":"Summary"], STOP_ON_FAILURE)

2020-06-08 15:09:51 - [TEST_STEP][PASSED] - callTestCase(findTestCase("Components/NavigateToAnyLHS"), ["LHS":"Recommend"], STOP_ON_FAILURE): Call Test Case 'Test Cases/Components/NavigateToAnyLHS' successfully

2020-06-08 15:09:51 - [TEST_CASE][PASSED] - Test Cases/Components/NavigateToAnyLHS: Test Cases/Components/NavigateToAnyLHS

2020-06-08 15:09:51 - [TEST_STEP][PASSED] - Thread.sleep(1000): null

2020-06-08 15:09:52 - [TEST_STEP][PASSED] - modifiedLHS = modifyObjectProperty(findTestObject("Objects.NavigateToAnyLHS/Page_ISPS2/LHSToModify"), "text", "equals", LHS, true): Modify property of object successfully

2020-06-08 15:09:52 - [MESSAGE][PASSED] - Modify property of object successfully

2020-06-08 15:09:52 - [TEST_STEP][PASSED] - click(modifiedLHS): Object: 'Object Repository/Objects.NavigateToAnyLHS/Page_ISPS2/LHSToModify' is clicked on

2020-06-08 15:09:52 - [MESSAGE][PASSED] - Object: 'Object Repository/Objects.NavigateToAnyLHS/Page_ISPS2/LHSToModify' is clicked on

2020-06-08 15:09:52 - [TEST_STEP][PASSED] - currentLHS = getText(modifiedLHS): Text of object 'Object Repository/Objects.NavigateToAnyLHS/Page_ISPS2/LHSToModify' is: 'Recommend'

2020-06-08 15:09:52 - [MESSAGE][PASSED] - Text of object 'Object Repository/Objects.NavigateToAnyLHS/Page_ISPS2/LHSToModify' is: 'Recommend'

2020-06-08 15:09:52 - [TEST_STEP][PASSED] - Thread.sleep(5000): null

2020-06-08 15:09:57 - [MESSAGE][PASSED] - Call Test Case 'Test Cases/Components/NavigateToAnyLHS' successfully

2020-06-08 15:09:57 - [TEST_STEP][PASSED] - callTestCase(findTestCase("Components/VerifyPageSuccessfullyLoadedII"), ["PageNm":"Recommend"], STOP_ON_FAILURE): Call Test Case 'Test Cases/Components/VerifyPageSuccessfullyLoadedII' successfully

2020-06-08 15:09:57 - [TEST_CASE][PASSED] - Test Cases/Components/VerifyPageSuccessfullyLoadedII: Test Cases/Components/VerifyPageSuccessfullyLoadedII

2020-06-08 15:09:58 - [TEST_STEP][PASSED] - waitForPageLoad(5): Wait for page load successfully

2020-06-08 15:09:58 - [MESSAGE][PASSED] - Wait for page load successfully

2020-06-08 15:09:58 - [TEST_STEP][PASSED] - modifiedInputFld = modifyObjectProperty(findTestObject("Object Repository/Objects.VerifyPageSuccessfullyLoaded/PageHeaderIndex"), "xpath", "equals", "//*[contains(@class,'isps-page-title') and contains(text(),'" + PageNm + "')]", true): Modify property of object successfully

2020-06-08 15:09:58 - [MESSAGE][PASSED] - Modify property of object successfully

2020-06-08 15:09:58 - [TEST_STEP][PASSED] - com.reusableComponents.HighlightElement.run(modifiedInputFld): com.reusableComponents.HighlightElement.run is PASSED

2020-06-08 15:09:58 - [MESSAGE][PASSED] - com.reusableComponents.HighlightElement.run is PASSED

2020-06-08 15:09:58 - [MESSAGE][PASSED] - Call Test Case 'Test Cases/Components/VerifyPageSuccessfullyLoadedII' successfully

2020-06-08 15:09:58 - [TEST_STEP][PASSED] - callTestCase(findTestCase("Components/HighlightLabelFieldXPI"), ["LblName":"Recommend To", "index":6], STOP_ON_FAILURE): Call Test Case 'Test Cases/Components/HighlightLabelFieldXPI' successfully

2020-06-08 15:09:58 - [TEST_CASE][PASSED] - Test Cases/Components/HighlightLabelFieldXPI: Test Cases/Components/HighlightLabelFieldXPI

2020-06-08 15:09:58 - [TEST_STEP][PASSED] - Thread.sleep(1000): null

2020-06-08 15:09:59 - [TEST_STEP][PASSED] - modifiedLblNm = modifyObjectProperty(findTestObject("Object Repository/Objects.HighlightElements/lblField_index"), "xpath", "equals", "(//*[contains(@class, 'x-form-item-label-inner x-form-item-label-inner-default') and contains(., '" + LblName + "')])[" + index + "]", true): Modify property of object successfully

2020-06-08 15:09:59 - [MESSAGE][PASSED] - Modify property of object successfully

2020-06-08 15:09:59 - [TEST_STEP][PASSED] - com.reusableComponents.HighlightElement.run(modifiedLblNm): com.reusableComponents.HighlightElement.run is PASSED

2020-06-08 15:10:00 - [MESSAGE][PASSED] - com.reusableComponents.HighlightElement.run is PASSED

2020-06-08 15:10:00 - [MESSAGE][PASSED] - Call Test Case 'Test Cases/Components/HighlightLabelFieldXPI' successfully

2020-06-08 15:10:00 - [TEST_STEP][PASSED] - callTestCase(findTestCase("Components/HighlightInputIndexField"), ["InputName":"psiRecommendTo", "index":2], STOP_ON_FAILURE): Call Test Case 'Test Cases/Components/HighlightInputIndexField' successfully

2020-06-08 15:10:00 - [TEST_CASE][PASSED] - Test Cases/Components/HighlightInputIndexField: Test Cases/Components/HighlightInputIndexField

2020-06-08 15:10:00 - [TEST_STEP][PASSED] - Thread.sleep(1000): null

2020-06-08 15:10:01 - [TEST_STEP][PASSED] - modifiedInputFld = modifyObjectProperty(findTestObject("Objects.HighlightElements/input_field_index"), "xpath", "equals", "(//*[contains(@class,'x-form-text') and (@name='" + InputName + "')])[" + index + "]", true): Modify property of object successfully

2020-06-08 15:10:01 - [MESSAGE][PASSED] - Modify property of object successfully

2020-06-08 15:10:01 - [TEST_STEP][PASSED] - com.reusableComponents.HighlightElement.run(modifiedInputFld): com.reusableComponents.HighlightElement.run is PASSED

2020-06-08 15:10:01 - [MESSAGE][PASSED] - com.reusableComponents.HighlightElement.run is PASSED

2020-06-08 15:10:01 - [MESSAGE][PASSED] - Call Test Case 'Test Cases/Components/HighlightInputIndexField' successfully

2020-06-08 15:10:01 - [TEST_STEP][PASSED] - callTestCase(findTestCase("PFI Precision and Scale/PFI Components with Indexing/VerifyDropdownValuesXPI"), ["FldNm":"psiRecommendTo", "index":2, "CallTCName":"PFI Precision and Scale/HashMap Tables/OfficerLists", "cmbNm":"", "NoOfVal":27, ... ], STOP_ON_FAILURE): Call Test Case 'Test Cases/PFI Precision and Scale/PFI Components with Indexing/VerifyDropdownValuesXPI' successfully

2020-06-08 15:10:01 - [TEST_CASE][PASSED] - Test Cases/PFI Precision and Scale/PFI Components with Indexing/VerifyDropdownValuesXPI: Test Cases/PFI Precision and Scale/PFI Components with Indexing/VerifyDropdownValuesXPI

2020-06-08 15:10:02 - [TEST_STEP][PASSED] - Thread.sleep(1000): null

2020-06-08 15:10:03 - [TEST_STEP][PASSED] - NewInputNmField = modifyObjectProperty(findTestObject("Object Repository/Objects.HighlightElements/input_field_index"), "xpath", "equals", "(//*[contains(@name, '" + FldNm + "')])[" + index + "]", true): Modify property of object successfully

2020-06-08 15:10:03 - [MESSAGE][PASSED] - Modify property of object successfully

2020-06-08 15:10:03 - [TEST_STEP][PASSED] - comboNm = cmbNm: null

2020-06-08 15:10:03 - [TEST_STEP][PASSED] - focus(NewInputNmField): Object: 'Object Repository/Objects.HighlightElements/input_field_index' is focused

2020-06-08 15:10:03 - [MESSAGE][PASSED] - Object: 'Object Repository/Objects.HighlightElements/input_field_index' is focused

2020-06-08 15:10:03 - [TEST_STEP][PASSED] - setText(NewInputNmField, EnterValue): Text '' is set on object 'Object Repository/Objects.HighlightElements/input_field_index'

2020-06-08 15:10:03 - [MESSAGE][PASSED] - Text '' is set on object 'Object Repository/Objects.HighlightElements/input_field_index'

2020-06-08 15:10:03 - [TEST_STEP][PASSED] - for ([i = 1, i <= NoOfVal, (i++)]): Keys 'DOWN + ' sent to object: 'Object Repository/Objects.HighlightElements/input_field_index'

2020-06-08 15:10:03 - [TEST_STEP][PASSED] - sendKeys(NewInputNmField, Keys.chord(ARROW_DOWN)): Keys 'DOWN + ' sent to object: 'Object Repository/Objects.HighlightElements/input_field_index'

2020-06-08 15:10:03 - [MESSAGE][PASSED] - Keys 'DOWN + ' sent to object: 'Object Repository/Objects.HighlightElements/input_field_index'

2020-06-08 15:10:03 - [TEST_STEP][PASSED] - delay(DelayTime): Delayed 3 second(s)

2020-06-08 15:10:06 - [MESSAGE][PASSED] - Delayed 3 second(s)

2020-06-08 15:10:06 - [TEST_STEP][PASSED] - sendKeys(NewInputNmField, Keys.chord(ENTER)): Keys 'ENTER + ' sent to object: 'Object Repository/Objects.HighlightElements/input_field_index'

2020-06-08 15:10:06 - [MESSAGE][PASSED] - Keys 'ENTER + ' sent to object: 'Object Repository/Objects.HighlightElements/input_field_index'

2020-06-08 15:10:06 - [TEST_STEP][PASSED] - ComboBoxValue = getAttribute(NewInputNmField, "value"): Attribute 'value' of object 'Object Repository/Objects.HighlightElements/input_field_index' is: 'Aaron Sham Wai Lun (AARON)'

2020-06-08 15:10:06 - [MESSAGE][PASSED] - Attribute 'value' of object 'Object Repository/Objects.HighlightElements/input_field_index' is: 'Aaron Sham Wai Lun (AARON)'

2020-06-08 15:10:06 - [TEST_STEP][PASSED] - callTestCase(findTestCase(CallTCName), ["FindValue":ComboBoxValue, "DropdownNm":comboNm], STOP_ON_FAILURE): Call Test Case 'Test Cases/PFI Precision and Scale/HashMap Tables/OfficerLists' successfully

2020-06-08 15:10:06 - [TEST_CASE][PASSED] - Test Cases/PFI Precision and Scale/HashMap Tables/OfficerLists: Test Cases/PFI Precision and Scale/HashMap Tables/OfficerLists

2020-06-08 15:10:06 - [TEST_STEP][PASSED] - Thread.sleep(1000): null

2020-06-08 15:10:07 - [TEST_STEP][PASSED] - OfficerLists = [1:"Aaron Sham Wai Lun (AARON)", 2:"Azidah Bte Akmad (Mdm) (USAABD)", 3:"Chung Fong Nyen (USACFN)", 4:"David Tey Dah Wei (DAHWEI)", ... ]: null

2020-06-08 15:10:07 - [TEST_STEP][PASSED] - ValueFound = OfficerLists.find({ -> ... }): null

2020-06-08 15:10:07 - [MESSAGE][PASSED] - Call Test Case 'Test Cases/PFI Precision and Scale/HashMap Tables/OfficerLists' successfully

2020-06-08 15:10:07 - [TEST_STEP][PASSED] - println(ValueFound): null

2020-06-08 15:10:07 - [TEST_STEP][PASSED] - sendKeys(NewInputNmField, Keys.chord(ARROW_DOWN)): Keys 'DOWN + ' sent to object: 'Object Repository/Objects.HighlightElements/input_field_index'

2020-06-08 15:10:07 - [MESSAGE][PASSED] - Keys 'DOWN + ' sent to object: 'Object Repository/Objects.HighlightElements/input_field_index'

2020-06-08 15:10:07 - [TEST_STEP][PASSED] - sendKeys(NewInputNmField, Keys.chord(ARROW_DOWN)): Keys 'DOWN + ' sent to object: 'Object Repository/Objects.HighlightElements/input_field_index'

2020-06-08 15:10:07 - [MESSAGE][PASSED] - Keys 'DOWN + ' sent to object: 'Object Repository/Objects.HighlightElements/input_field_index'

2020-06-08 15:10:07 - [TEST_STEP][PASSED] - delay(DelayTime): Delayed 3 second(s)

2020-06-08 15:10:10 - [MESSAGE][PASSED] - Delayed 3 second(s)

2020-06-08 15:10:10 - [TEST_STEP][PASSED] - sendKeys(NewInputNmField, Keys.chord(ENTER)): Keys 'ENTER + ' sent to object: 'Object Repository/Objects.HighlightElements/input_field_index'

2020-06-08 15:10:10 - [MESSAGE][PASSED] - Keys 'ENTER + ' sent to object: 'Object Repository/Objects.HighlightElements/input_field_index'

2020-06-08 15:10:10 - [TEST_STEP][PASSED] - ComboBoxValue = getAttribute(NewInputNmField, "value"): Attribute 'value' of object 'Object Repository/Objects.HighlightElements/input_field_index' is: 'Azidah Bte Akmad (Mdm) (USAABD)'

2020-06-08 15:10:10 - [MESSAGE][PASSED] - Attribute 'value' of object 'Object Repository/Objects.HighlightElements/input_field_index' is: 'Azidah Bte Akmad (Mdm) (USAABD)'

2020-06-08 15:10:10 - [TEST_STEP][PASSED] - callTestCase(findTestCase(CallTCName), ["FindValue":ComboBoxValue, "DropdownNm":comboNm], STOP_ON_FAILURE): Call Test Case 'Test Cases/PFI Precision and Scale/HashMap Tables/OfficerLists' successfully

2020-06-08 15:10:10 - [TEST_CASE][PASSED] - Test Cases/PFI Precision and Scale/HashMap Tables/OfficerLists: Test Cases/PFI Precision and Scale/HashMap Tables/OfficerLists

2020-06-08 15:10:10 - [TEST_STEP][PASSED] - Thread.sleep(1000): null

2020-06-08 15:10:11 - [TEST_STEP][PASSED] - OfficerLists = [1:"Aaron Sham Wai Lun (AARON)", 2:"Azidah Bte Akmad (Mdm) (USAABD)", 3:"Chung Fong Nyen (USACFN)", 4:"David Tey Dah Wei (DAHWEI)", ... ]: null

2020-06-08 15:10:11 - [TEST_STEP][PASSED] - ValueFound = OfficerLists.find({ -> ... }): null

2020-06-08 15:10:11 - [MESSAGE][PASSED] - Call Test Case 'Test Cases/PFI Precision and Scale/HashMap Tables/OfficerLists' successfully

2020-06-08 15:10:11 - [TEST_STEP][PASSED] - println(ValueFound): null

2020-06-08 15:10:11 - [TEST_STEP][PASSED] - sendKeys(NewInputNmField, Keys.chord(ARROW_DOWN)): Keys 'DOWN + ' sent to object: 'Object Repository/Objects.HighlightElements/input_field_index'

2020-06-08 15:10:11 - [MESSAGE][PASSED] - Keys 'DOWN + ' sent to object: 'Object Repository/Objects.HighlightElements/input_field_index'

2020-06-08 15:10:12 - [TEST_STEP][PASSED] - sendKeys(NewInputNmField, Keys.chord(ARROW_DOWN)): Keys 'DOWN + ' sent to object: 'Object Repository/Objects.HighlightElements/input_field_index'

2020-06-08 15:10:12 - [MESSAGE][PASSED] - Keys 'DOWN + ' sent to object: 'Object Repository/Objects.HighlightElements/input_field_index'

2020-06-08 15:10:12 - [TEST_STEP][PASSED] - delay(DelayTime): Delayed 3 second(s)

2020-06-08 15:10:15 - [MESSAGE][PASSED] - Delayed 3 second(s)

2020-06-08 15:10:15 - [TEST_STEP][PASSED] - sendKeys(NewInputNmField, Keys.chord(ENTER)): Keys 'ENTER + ' sent to object: 'Object Repository/Objects.HighlightElements/input_field_index'

2020-06-08 15:10:15 - [MESSAGE][PASSED] - Keys 'ENTER + ' sent to object: 'Object Repository/Objects.HighlightElements/input_field_index'

2020-06-08 15:10:15 - [TEST_STEP][PASSED] - ComboBoxValue = getAttribute(NewInputNmField, "value"): Attribute 'value' of object 'Object Repository/Objects.HighlightElements/input_field_index' is: 'Chua Bee Tee (BEETEE)'

2020-06-08 15:10:15 - [MESSAGE][PASSED] - Attribute 'value' of object 'Object Repository/Objects.HighlightElements/input_field_index' is: 'Chua Bee Tee (BEETEE)'

2020-06-08 15:10:15 - [TEST_STEP][PASSED] - callTestCase(findTestCase(CallTCName), ["FindValue":ComboBoxValue, "DropdownNm":comboNm], STOP_ON_FAILURE): Call Test Case 'Test Cases/PFI Precision and Scale/HashMap Tables/OfficerLists' successfully

2020-06-08 15:10:15 - [TEST_CASE][PASSED] - Test Cases/PFI Precision and Scale/HashMap Tables/OfficerLists: Test Cases/PFI Precision and Scale/HashMap Tables/OfficerLists

2020-06-08 15:10:15 - [TEST_STEP][PASSED] - Thread.sleep(1000): null

2020-06-08 15:10:16 - [TEST_STEP][PASSED] - OfficerLists = [1:"Aaron Sham Wai Lun (AARON)", 2:"Azidah Bte Akmad (Mdm) (USAABD)", 3:"Chung Fong Nyen (USACFN)", 4:"David Tey Dah Wei (DAHWEI)", ... ]: null

2020-06-08 15:10:16 - [TEST_STEP][PASSED] - ValueFound = OfficerLists.find({ -> ... }): null

2020-06-08 15:10:16 - [MESSAGE][PASSED] - Call Test Case 'Test Cases/PFI Precision and Scale/HashMap Tables/OfficerLists' successfully

2020-06-08 15:10:16 - [TEST_STEP][PASSED] - println(ValueFound): null

2020-06-08 15:10:16 - [TEST_STEP][PASSED] - sendKeys(NewInputNmField, Keys.chord(ARROW_DOWN)): Keys 'DOWN + ' sent to object: 'Object Repository/Objects.HighlightElements/input_field_index'

2020-06-08 15:10:16 - [MESSAGE][PASSED] - Keys 'DOWN + ' sent to object: 'Object Repository/Objects.HighlightElements/input_field_index'

2020-06-08 15:10:16 - [TEST_STEP][PASSED] - sendKeys(NewInputNmField, Keys.chord(ARROW_DOWN)): Keys 'DOWN + ' sent to object: 'Object Repository/Objects.HighlightElements/input_field_index'

2020-06-08 15:10:16 - [MESSAGE][PASSED] - Keys 'DOWN + ' sent to object: 'Object Repository/Objects.HighlightElements/input_field_index'

2020-06-08 15:10:16 - [TEST_STEP][PASSED] - delay(DelayTime): Delayed 3 second(s)

2020-06-08 15:10:19 - [MESSAGE][PASSED] - Delayed 3 second(s)

2020-06-08 15:10:19 - [TEST_STEP][PASSED] - sendKeys(NewInputNmField, Keys.chord(ENTER)): Keys 'ENTER + ' sent to object: 'Object Repository/Objects.HighlightElements/input_field_index'

2020-06-08 15:10:19 - [MESSAGE][PASSED] - Keys 'ENTER + ' sent to object: 'Object Repository/Objects.HighlightElements/input_field_index'

2020-06-08 15:10:19 - [TEST_STEP][PASSED] - ComboBoxValue = getAttribute(NewInputNmField, "value"): Attribute 'value' of object 'Object Repository/Objects.HighlightElements/input_field_index' is: 'Chung Fong Nyen (USACFN)'

2020-06-08 15:10:19 - [MESSAGE][PASSED] - Attribute 'value' of object 'Object Repository/Objects.HighlightElements/input_field_index' is: 'Chung Fong Nyen (USACFN)'

2020-06-08 15:10:19 - [TEST_STEP][PASSED] - callTestCase(findTestCase(CallTCName), ["FindValue":ComboBoxValue, "DropdownNm":comboNm], STOP_ON_FAILURE): Call Test Case 'Test Cases/PFI Precision and Scale/HashMap Tables/OfficerLists' successfully

2020-06-08 15:10:19 - [TEST_CASE][PASSED] - Test Cases/PFI Precision and Scale/HashMap Tables/OfficerLists: Test Cases/PFI Precision and Scale/HashMap Tables/OfficerLists

2020-06-08 15:10:19 - [TEST_STEP][PASSED] - Thread.sleep(1000): null

2020-06-08 15:10:20 - [TEST_STEP][PASSED] - OfficerLists = [1:"Aaron Sham Wai Lun (AARON)", 2:"Azidah Bte Akmad (Mdm) (USAABD)", 3:"Chung Fong Nyen (USACFN)", 4:"David Tey Dah Wei (DAHWEI)", ... ]: null

2020-06-08 15:10:20 - [TEST_STEP][PASSED] - ValueFound = OfficerLists.find({ -> ... }): null

2020-06-08 15:10:20 - [MESSAGE][PASSED] - Call Test Case 'Test Cases/PFI Precision and Scale/HashMap Tables/OfficerLists' successfully

2020-06-08 15:10:20 - [TEST_STEP][PASSED] - println(ValueFound): null

2020-06-08 15:10:20 - [TEST_STEP][PASSED] - sendKeys(NewInputNmField, Keys.chord(ARROW_DOWN)): Keys 'DOWN + ' sent to object: 'Object Repository/Objects.HighlightElements/input_field_index'

2020-06-08 15:10:20 - [MESSAGE][PASSED] - Keys 'DOWN + ' sent to object: 'Object Repository/Objects.HighlightElements/input_field_index'

2020-06-08 15:10:20 - [TEST_STEP][PASSED] - sendKeys(NewInputNmField, Keys.chord(ARROW_DOWN)): Keys 'DOWN + ' sent to object: 'Object Repository/Objects.HighlightElements/input_field_index'

2020-06-08 15:10:20 - [MESSAGE][PASSED] - Keys 'DOWN + ' sent to object: 'Object Repository/Objects.HighlightElements/input_field_index'

2020-06-08 15:10:20 - [TEST_STEP][PASSED] - delay(DelayTime): Delayed 3 second(s)

2020-06-08 15:10:23 - [MESSAGE][PASSED] - Delayed 3 second(s)

2020-06-08 15:10:23 - [TEST_STEP][PASSED] - sendKeys(NewInputNmField, Keys.chord(ENTER)): Keys 'ENTER + ' sent to object: 'Object Repository/Objects.HighlightElements/input_field_index'

2020-06-08 15:10:23 - [MESSAGE][PASSED] - Keys 'ENTER + ' sent to object: 'Object Repository/Objects.HighlightElements/input_field_index'

2020-06-08 15:10:23 - [TEST_STEP][PASSED] - ComboBoxValue = getAttribute(NewInputNmField, "value"): Attribute 'value' of object 'Object Repository/Objects.HighlightElements/input_field_index' is: 'David Tey Dah Wei (DAHWEI)'

2020-06-08 15:10:23 - [MESSAGE][PASSED] - Attribute 'value' of object 'Object Repository/Objects.HighlightElements/input_field_index' is: 'David Tey Dah Wei (DAHWEI)'

2020-06-08 15:10:23 - [TEST_STEP][PASSED] - callTestCase(findTestCase(CallTCName), ["FindValue":ComboBoxValue, "DropdownNm":comboNm], STOP_ON_FAILURE): Call Test Case 'Test Cases/PFI Precision and Scale/HashMap Tables/OfficerLists' successfully

2020-06-08 15:10:23 - [TEST_CASE][PASSED] - Test Cases/PFI Precision and Scale/HashMap Tables/OfficerLists: Test Cases/PFI Precision and Scale/HashMap Tables/OfficerLists

2020-06-08 15:10:23 - [TEST_STEP][PASSED] - Thread.sleep(1000): null

2020-06-08 15:10:24 - [TEST_STEP][PASSED] - OfficerLists = [1:"Aaron Sham Wai Lun (AARON)", 2:"Azidah Bte Akmad (Mdm) (USAABD)", 3:"Chung Fong Nyen (USACFN)", 4:"David Tey Dah Wei (DAHWEI)", ... ]: null

2020-06-08 15:10:24 - [TEST_STEP][PASSED] - ValueFound = OfficerLists.find({ -> ... }): null

2020-06-08 15:10:24 - [MESSAGE][PASSED] - Call Test Case 'Test Cases/PFI Precision and Scale/HashMap Tables/OfficerLists' successfully

2020-06-08 15:10:24 - [TEST_STEP][PASSED] - println(ValueFound): null

2020-06-08 15:10:24 - [TEST_STEP][PASSED] - sendKeys(NewInputNmField, Keys.chord(ARROW_DOWN)): Keys 'DOWN + ' sent to object: 'Object Repository/Objects.HighlightElements/input_field_index'

2020-06-08 15:10:24 - [MESSAGE][PASSED] - Keys 'DOWN + ' sent to object: 'Object Repository/Objects.HighlightElements/input_field_index'

2020-06-08 15:10:24 - [TEST_STEP][PASSED] - sendKeys(NewInputNmField, Keys.chord(ARROW_DOWN)): Keys 'DOWN + ' sent to object: 'Object Repository/Objects.HighlightElements/input_field_index'

2020-06-08 15:10:24 - [MESSAGE][PASSED] - Keys 'DOWN + ' sent to object: 'Object Repository/Objects.HighlightElements/input_field_index'

2020-06-08 15:10:24 - [TEST_STEP][PASSED] - delay(DelayTime): Delayed 3 second(s)

2020-06-08 15:10:27 - [MESSAGE][PASSED] - Delayed 3 second(s)

2020-06-08 15:10:27 - [TEST_STEP][PASSED] - sendKeys(NewInputNmField, Keys.chord(ENTER)): Keys 'ENTER + ' sent to object: 'Object Repository/Objects.HighlightElements/input_field_index'

2020-06-08 15:10:27 - [MESSAGE][PASSED] - Keys 'ENTER + ' sent to object: 'Object Repository/Objects.HighlightElements/input_field_index'

2020-06-08 15:10:27 - [TEST_STEP][PASSED] - ComboBoxValue = getAttribute(NewInputNmField, "value"): Attribute 'value' of object 'Object Repository/Objects.HighlightElements/input_field_index' is: 'Han Wann Kuang (WANNKUANG)'

2020-06-08 15:10:28 - [MESSAGE][PASSED] - Attribute 'value' of object 'Object Repository/Objects.HighlightElements/input_field_index' is: 'Han Wann Kuang (WANNKUANG)'

2020-06-08 15:10:28 - [TEST_STEP][PASSED] - callTestCase(findTestCase(CallTCName), ["FindValue":ComboBoxValue, "DropdownNm":comboNm], STOP_ON_FAILURE): Call Test Case 'Test Cases/PFI Precision and Scale/HashMap Tables/OfficerLists' successfully

2020-06-08 15:10:28 - [TEST_CASE][PASSED] - Test Cases/PFI Precision and Scale/HashMap Tables/OfficerLists: Test Cases/PFI Precision and Scale/HashMap Tables/OfficerLists

2020-06-08 15:10:28 - [TEST_STEP][PASSED] - Thread.sleep(1000): null

2020-06-08 15:10:29 - [TEST_STEP][PASSED] - OfficerLists = [1:"Aaron Sham Wai Lun (AARON)", 2:"Azidah Bte Akmad (Mdm) (USAABD)", 3:"Chung Fong Nyen (USACFN)", 4:"David Tey Dah Wei (DAHWEI)", ... ]: null

2020-06-08 15:10:29 - [TEST_STEP][PASSED] - ValueFound = OfficerLists.find({ -> ... }): null

2020-06-08 15:10:29 - [MESSAGE][PASSED] - Call Test Case 'Test Cases/PFI Precision and Scale/HashMap Tables/OfficerLists' successfully

2020-06-08 15:10:29 - [TEST_STEP][PASSED] - println(ValueFound): null

2020-06-08 15:10:29 - [TEST_STEP][PASSED] - sendKeys(NewInputNmField, Keys.chord(ARROW_DOWN)): Keys 'DOWN + ' sent to object: 'Object Repository/Objects.HighlightElements/input_field_index'

2020-06-08 15:10:29 - [MESSAGE][PASSED] - Keys 'DOWN + ' sent to object: 'Object Repository/Objects.HighlightElements/input_field_index'

2020-06-08 15:10:29 - [TEST_STEP][PASSED] - sendKeys(NewInputNmField, Keys.chord(ARROW_DOWN)): Keys 'DOWN + ' sent to object: 'Object Repository/Objects.HighlightElements/input_field_index'

2020-06-08 15:10:29 - [MESSAGE][PASSED] - Keys 'DOWN + ' sent to object: 'Object Repository/Objects.HighlightElements/input_field_index'

2020-06-08 15:10:29 - [TEST_STEP][PASSED] - delay(DelayTime): Delayed 3 second(s)

2020-06-08 15:10:32 - [MESSAGE][PASSED] - Delayed 3 second(s)

2020-06-08 15:10:32 - [TEST_STEP][PASSED] - sendKeys(NewInputNmField, Keys.chord(ENTER)): Keys 'ENTER + ' sent to object: 'Object Repository/Objects.HighlightElements/input_field_index'

2020-06-08 15:10:32 - [MESSAGE][PASSED] - Keys 'ENTER + ' sent to object: 'Object Repository/Objects.HighlightElements/input_field_index'

2020-06-08 15:10:32 - [TEST_STEP][PASSED] - ComboBoxValue = getAttribute(NewInputNmField, "value"): Attribute 'value' of object 'Object Repository/Objects.HighlightElements/input_field_index' is: 'Ho Tze Siang (TZESIANG)'

2020-06-08 15:10:32 - [MESSAGE][PASSED] - Attribute 'value' of object 'Object Repository/Objects.HighlightElements/input_field_index' is: 'Ho Tze Siang (TZESIANG)'

2020-06-08 15:10:32 - [TEST_STEP][PASSED] - callTestCase(findTestCase(CallTCName), ["FindValue":ComboBoxValue, "DropdownNm":comboNm], STOP_ON_FAILURE): Call Test Case 'Test Cases/PFI Precision and Scale/HashMap Tables/OfficerLists' successfully

2020-06-08 15:10:32 - [TEST_CASE][PASSED] - Test Cases/PFI Precision and Scale/HashMap Tables/OfficerLists: Test Cases/PFI Precision and Scale/HashMap Tables/OfficerLists

2020-06-08 15:10:32 - [TEST_STEP][PASSED] - Thread.sleep(1000): null

2020-06-08 15:10:33 - [TEST_STEP][PASSED] - OfficerLists = [1:"Aaron Sham Wai Lun (AARON)", 2:"Azidah Bte Akmad (Mdm) (USAABD)", 3:"Chung Fong Nyen (USACFN)", 4:"David Tey Dah Wei (DAHWEI)", ... ]: null

2020-06-08 15:10:33 - [TEST_STEP][PASSED] - ValueFound = OfficerLists.find({ -> ... }): null

2020-06-08 15:10:33 - [MESSAGE][PASSED] - Call Test Case 'Test Cases/PFI Precision and Scale/HashMap Tables/OfficerLists' successfully

2020-06-08 15:10:33 - [TEST_STEP][PASSED] - println(ValueFound): null

2020-06-08 15:10:33 - [TEST_STEP][PASSED] - sendKeys(NewInputNmField, Keys.chord(ARROW_DOWN)): Keys 'DOWN + ' sent to object: 'Object Repository/Objects.HighlightElements/input_field_index'

2020-06-08 15:10:33 - [MESSAGE][PASSED] - Keys 'DOWN + ' sent to object: 'Object Repository/Objects.HighlightElements/input_field_index'

2020-06-08 15:10:33 - [TEST_STEP][PASSED] - sendKeys(NewInputNmField, Keys.chord(ARROW_DOWN)): Keys 'DOWN + ' sent to object: 'Object Repository/Objects.HighlightElements/input_field_index'

2020-06-08 15:10:33 - [MESSAGE][PASSED] - Keys 'DOWN + ' sent to object: 'Object Repository/Objects.HighlightElements/input_field_index'

2020-06-08 15:10:33 - [TEST_STEP][PASSED] - delay(DelayTime): Delayed 3 second(s)

2020-06-08 15:10:36 - [MESSAGE][PASSED] - Delayed 3 second(s)

2020-06-08 15:10:36 - [TEST_STEP][PASSED] - sendKeys(NewInputNmField, Keys.chord(ENTER)): Keys 'ENTER + ' sent to object: 'Object Repository/Objects.HighlightElements/input_field_index'

2020-06-08 15:10:36 - [MESSAGE][PASSED] - Keys 'ENTER + ' sent to object: 'Object Repository/Objects.HighlightElements/input_field_index'

2020-06-08 15:10:36 - [TEST_STEP][PASSED] - ComboBoxValue = getAttribute(NewInputNmField, "value"): Attribute 'value' of object 'Object Repository/Objects.HighlightElements/input_field_index' is: 'Ho-Chan Vun Ching (USAHVC)'

2020-06-08 15:10:36 - [MESSAGE][PASSED] - Attribute 'value' of object 'Object Repository/Objects.HighlightElements/input_field_index' is: 'Ho-Chan Vun Ching (USAHVC)'

2020-06-08 15:10:36 - [TEST_STEP][PASSED] - callTestCase(findTestCase(CallTCName), ["FindValue":ComboBoxValue, "DropdownNm":comboNm], STOP_ON_FAILURE): Call Test Case 'Test Cases/PFI Precision and Scale/HashMap Tables/OfficerLists' successfully

2020-06-08 15:10:36 - [TEST_CASE][PASSED] - Test Cases/PFI Precision and Scale/HashMap Tables/OfficerLists: Test Cases/PFI Precision and Scale/HashMap Tables/OfficerLists

2020-06-08 15:10:36 - [TEST_STEP][PASSED] - Thread.sleep(1000): null

2020-06-08 15:10:37 - [TEST_STEP][PASSED] - OfficerLists = [1:"Aaron Sham Wai Lun (AARON)", 2:"Azidah Bte Akmad (Mdm) (USAABD)", 3:"Chung Fong Nyen (USACFN)", 4:"David Tey Dah Wei (DAHWEI)", ... ]: null

2020-06-08 15:10:37 - [TEST_STEP][PASSED] - ValueFound = OfficerLists.find({ -> ... }): null

2020-06-08 15:10:37 - [MESSAGE][PASSED] - Call Test Case 'Test Cases/PFI Precision and Scale/HashMap Tables/OfficerLists' successfully

2020-06-08 15:10:37 - [TEST_STEP][PASSED] - println(ValueFound): null

2020-06-08 15:10:37 - [TEST_STEP][PASSED] - sendKeys(NewInputNmField, Keys.chord(ARROW_DOWN)): Keys 'DOWN + ' sent to object: 'Object Repository/Objects.HighlightElements/input_field_index'

2020-06-08 15:10:37 - [MESSAGE][PASSED] - Keys 'DOWN + ' sent to object: 'Object Repository/Objects.HighlightElements/input_field_index'

2020-06-08 15:10:37 - [TEST_STEP][PASSED] - sendKeys(NewInputNmField, Keys.chord(ARROW_DOWN)): Keys 'DOWN + ' sent to object: 'Object Repository/Objects.HighlightElements/input_field_index'

2020-06-08 15:10:37 - [MESSAGE][PASSED] - Keys 'DOWN + ' sent to object: 'Object Repository/Objects.HighlightElements/input_field_index'

2020-06-08 15:10:37 - [TEST_STEP][PASSED] - delay(DelayTime): Delayed 3 second(s)

2020-06-08 15:10:40 - [MESSAGE][PASSED] - Delayed 3 second(s)

2020-06-08 15:10:40 - [TEST_STEP][PASSED] - sendKeys(NewInputNmField, Keys.chord(ENTER)): Keys 'ENTER + ' sent to object: 'Object Repository/Objects.HighlightElements/input_field_index'

2020-06-08 15:10:40 - [MESSAGE][PASSED] - Keys 'ENTER + ' sent to object: 'Object Repository/Objects.HighlightElements/input_field_index'

2020-06-08 15:10:40 - [TEST_STEP][PASSED] - ComboBoxValue = getAttribute(NewInputNmField, "value"): Attribute 'value' of object 'Object Repository/Objects.HighlightElements/input_field_index' is: 'Janet Lee Choon Hong (JANETCHOON)'

2020-06-08 15:10:40 - [MESSAGE][PASSED] - Attribute 'value' of object 'Object Repository/Objects.HighlightElements/input_field_index' is: 'Janet Lee Choon Hong (JANETCHOON)'

2020-06-08 15:10:40 - [TEST_STEP][PASSED] - callTestCase(findTestCase(CallTCName), ["FindValue":ComboBoxValue, "DropdownNm":comboNm], STOP_ON_FAILURE): Call Test Case 'Test Cases/PFI Precision and Scale/HashMap Tables/OfficerLists' successfully

2020-06-08 15:10:40 - [TEST_CASE][PASSED] - Test Cases/PFI Precision and Scale/HashMap Tables/OfficerLists: Test Cases/PFI Precision and Scale/HashMap Tables/OfficerLists

2020-06-08 15:10:40 - [TEST_STEP][PASSED] - Thread.sleep(1000): null

2020-06-08 15:10:41 - [TEST_STEP][PASSED] - OfficerLists = [1:"Aaron Sham Wai Lun (AARON)", 2:"Azidah Bte Akmad (Mdm) (USAABD)", 3:"Chung Fong Nyen (USACFN)", 4:"David Tey Dah Wei (DAHWEI)", ... ]: null

2020-06-08 15:10:41 - [TEST_STEP][PASSED] - ValueFound = OfficerLists.find({ -> ... }): null

2020-06-08 15:10:41 - [MESSAGE][PASSED] - Call Test Case 'Test Cases/PFI Precision and Scale/HashMap Tables/OfficerLists' successfully

2020-06-08 15:10:41 - [TEST_STEP][PASSED] - println(ValueFound): null

2020-06-08 15:10:41 - [TEST_STEP][PASSED] - sendKeys(NewInputNmField, Keys.chord(ARROW_DOWN)): Keys 'DOWN + ' sent to object: 'Object Repository/Objects.HighlightElements/input_field_index'

2020-06-08 15:10:42 - [MESSAGE][PASSED] - Keys 'DOWN + ' sent to object: 'Object Repository/Objects.HighlightElements/input_field_index'

2020-06-08 15:10:42 - [TEST_STEP][PASSED] - sendKeys(NewInputNmField, Keys.chord(ARROW_DOWN)): Keys 'DOWN + ' sent to object: 'Object Repository/Objects.HighlightElements/input_field_index'

2020-06-08 15:10:42 - [MESSAGE][PASSED] - Keys 'DOWN + ' sent to object: 'Object Repository/Objects.HighlightElements/input_field_index'

2020-06-08 15:10:42 - [TEST_STEP][PASSED] - delay(DelayTime): Delayed 3 second(s)

2020-06-08 15:10:45 - [MESSAGE][PASSED] - Delayed 3 second(s)

2020-06-08 15:10:45 - [TEST_STEP][PASSED] - sendKeys(NewInputNmField, Keys.chord(ENTER)): Keys 'ENTER + ' sent to object: 'Object Repository/Objects.HighlightElements/input_field_index'

2020-06-08 15:10:45 - [MESSAGE][PASSED] - Keys 'ENTER + ' sent to object: 'Object Repository/Objects.HighlightElements/input_field_index'

2020-06-08 15:10:45 - [TEST_STEP][PASSED] - ComboBoxValue = getAttribute(NewInputNmField, "value"): Attribute 'value' of object 'Object Repository/Objects.HighlightElements/input_field_index' is: 'Joseph Lim Pheng Weng (PHENGWENG)'

2020-06-08 15:10:45 - [MESSAGE][PASSED] - Attribute 'value' of object 'Object Repository/Objects.HighlightElements/input_field_index' is: 'Joseph Lim Pheng Weng (PHENGWENG)'

2020-06-08 15:10:45 - [TEST_STEP][PASSED] - callTestCase(findTestCase(CallTCName), ["FindValue":ComboBoxValue, "DropdownNm":comboNm], STOP_ON_FAILURE): Call Test Case 'Test Cases/PFI Precision and Scale/HashMap Tables/OfficerLists' successfully

2020-06-08 15:10:45 - [TEST_CASE][PASSED] - Test Cases/PFI Precision and Scale/HashMap Tables/OfficerLists: Test Cases/PFI Precision and Scale/HashMap Tables/OfficerLists

2020-06-08 15:10:45 - [TEST_STEP][PASSED] - Thread.sleep(1000): null

2020-06-08 15:10:46 - [TEST_STEP][PASSED] - OfficerLists = [1:"Aaron Sham Wai Lun (AARON)", 2:"Azidah Bte Akmad (Mdm) (USAABD)", 3:"Chung Fong Nyen (USACFN)", 4:"David Tey Dah Wei (DAHWEI)", ... ]: null

2020-06-08 15:10:46 - [TEST_STEP][PASSED] - ValueFound = OfficerLists.find({ -> ... }): null

2020-06-08 15:10:46 - [MESSAGE][PASSED] - Call Test Case 'Test Cases/PFI Precision and Scale/HashMap Tables/OfficerLists' successfully

2020-06-08 15:10:46 - [TEST_STEP][PASSED] - println(ValueFound): null

2020-06-08 15:10:46 - [TEST_STEP][PASSED] - sendKeys(NewInputNmField, Keys.chord(ARROW_DOWN)): Keys 'DOWN + ' sent to object: 'Object Repository/Objects.HighlightElements/input_field_index'

2020-06-08 15:10:46 - [MESSAGE][PASSED] - Keys 'DOWN + ' sent to object: 'Object Repository/Objects.HighlightElements/input_field_index'

2020-06-08 15:10:46 - [TEST_STEP][PASSED] - sendKeys(NewInputNmField, Keys.chord(ARROW_DOWN)): Keys 'DOWN + ' sent to object: 'Object Repository/Objects.HighlightElements/input_field_index'

2020-06-08 15:10:46 - [MESSAGE][PASSED] - Keys 'DOWN + ' sent to object: 'Object Repository/Objects.HighlightElements/input_field_index'

2020-06-08 15:10:46 - [TEST_STEP][PASSED] - delay(DelayTime): Delayed 3 second(s)

2020-06-08 15:10:49 - [MESSAGE][PASSED] - Delayed 3 second(s)

2020-06-08 15:10:49 - [TEST_STEP][PASSED] - sendKeys(NewInputNmField, Keys.chord(ENTER)): Keys 'ENTER + ' sent to object: 'Object Repository/Objects.HighlightElements/input_field_index'

2020-06-08 15:10:49 - [MESSAGE][PASSED] - Keys 'ENTER + ' sent to object: 'Object Repository/Objects.HighlightElements/input_field_index'

2020-06-08 15:10:49 - [TEST_STEP][PASSED] - ComboBoxValue = getAttribute(NewInputNmField, "value"): Attribute 'value' of object 'Object Repository/Objects.HighlightElements/input_field_index' is: 'Kaliannan Thanabal (KALIANN)'

2020-06-08 15:10:49 - [MESSAGE][PASSED] - Attribute 'value' of object 'Object Repository/Objects.HighlightElements/input_field_index' is: 'Kaliannan Thanabal (KALIANN)'

2020-06-08 15:10:49 - [TEST_STEP][PASSED] - callTestCase(findTestCase(CallTCName), ["FindValue":ComboBoxValue, "DropdownNm":comboNm], STOP_ON_FAILURE): Call Test Case 'Test Cases/PFI Precision and Scale/HashMap Tables/OfficerLists' successfully

2020-06-08 15:10:49 - [TEST_CASE][PASSED] - Test Cases/PFI Precision and Scale/HashMap Tables/OfficerLists: Test Cases/PFI Precision and Scale/HashMap Tables/OfficerLists

2020-06-08 15:10:49 - [TEST_STEP][PASSED] - Thread.sleep(1000): null

2020-06-08 15:10:50 - [TEST_STEP][PASSED] - OfficerLists = [1:"Aaron Sham Wai Lun (AARON)", 2:"Azidah Bte Akmad (Mdm) (USAABD)", 3:"Chung Fong Nyen (USACFN)", 4:"David Tey Dah Wei (DAHWEI)", ... ]: null

2020-06-08 15:10:50 - [TEST_STEP][PASSED] - ValueFound = OfficerLists.find({ -> ... }): null

2020-06-08 15:10:50 - [MESSAGE][PASSED] - Call Test Case 'Test Cases/PFI Precision and Scale/HashMap Tables/OfficerLists' successfully

2020-06-08 15:10:50 - [TEST_STEP][PASSED] - println(ValueFound): null

2020-06-08 15:10:50 - [TEST_STEP][PASSED] - sendKeys(NewInputNmField, Keys.chord(ARROW_DOWN)): Keys 'DOWN + ' sent to object: 'Object Repository/Objects.HighlightElements/input_field_index'

2020-06-08 15:10:50 - [MESSAGE][PASSED] - Keys 'DOWN + ' sent to object: 'Object Repository/Objects.HighlightElements/input_field_index'

2020-06-08 15:10:50 - [TEST_STEP][PASSED] - sendKeys(NewInputNmField, Keys.chord(ARROW_DOWN)): Keys 'DOWN + ' sent to object: 'Object Repository/Objects.HighlightElements/input_field_index'

2020-06-08 15:10:50 - [MESSAGE][PASSED] - Keys 'DOWN + ' sent to object: 'Object Repository/Objects.HighlightElements/input_field_index'

2020-06-08 15:10:50 - [TEST_STEP][PASSED] - delay(DelayTime): Delayed 3 second(s)

2020-06-08 15:10:53 - [MESSAGE][PASSED] - Delayed 3 second(s)

2020-06-08 15:10:53 - [TEST_STEP][PASSED] - sendKeys(NewInputNmField, Keys.chord(ENTER)): Keys 'ENTER + ' sent to object: 'Object Repository/Objects.HighlightElements/input_field_index'

2020-06-08 15:10:53 - [MESSAGE][PASSED] - Keys 'ENTER + ' sent to object: 'Object Repository/Objects.HighlightElements/input_field_index'

2020-06-08 15:10:53 - [TEST_STEP][PASSED] - ComboBoxValue = getAttribute(NewInputNmField, "value"): Attribute 'value' of object 'Object Repository/Objects.HighlightElements/input_field_index' is: 'Kelvin Phua Meng Thong (MENGTHONG)'

2020-06-08 15:10:53 - [MESSAGE][PASSED] - Attribute 'value' of object 'Object Repository/Objects.HighlightElements/input_field_index' is: 'Kelvin Phua Meng Thong (MENGTHONG)'

2020-06-08 15:10:53 - [TEST_STEP][PASSED] - callTestCase(findTestCase(CallTCName), ["FindValue":ComboBoxValue, "DropdownNm":comboNm], STOP_ON_FAILURE): Call Test Case 'Test Cases/PFI Precision and Scale/HashMap Tables/OfficerLists' successfully

2020-06-08 15:10:53 - [TEST_CASE][PASSED] - Test Cases/PFI Precision and Scale/HashMap Tables/OfficerLists: Test Cases/PFI Precision and Scale/HashMap Tables/OfficerLists

2020-06-08 15:10:53 - [TEST_STEP][PASSED] - Thread.sleep(1000): null

2020-06-08 15:10:54 - [TEST_STEP][PASSED] - OfficerLists = [1:"Aaron Sham Wai Lun (AARON)", 2:"Azidah Bte Akmad (Mdm) (USAABD)", 3:"Chung Fong Nyen (USACFN)", 4:"David Tey Dah Wei (DAHWEI)", ... ]: null

2020-06-08 15:10:54 - [TEST_STEP][PASSED] - ValueFound = OfficerLists.find({ -> ... }): null

2020-06-08 15:10:54 - [MESSAGE][PASSED] - Call Test Case 'Test Cases/PFI Precision and Scale/HashMap Tables/OfficerLists' successfully

2020-06-08 15:10:54 - [TEST_STEP][PASSED] - println(ValueFound): null

2020-06-08 15:10:54 - [TEST_STEP][PASSED] - sendKeys(NewInputNmField, Keys.chord(ARROW_DOWN)): Keys 'DOWN + ' sent to object: 'Object Repository/Objects.HighlightElements/input_field_index'

2020-06-08 15:10:54 - [MESSAGE][PASSED] - Keys 'DOWN + ' sent to object: 'Object Repository/Objects.HighlightElements/input_field_index'

2020-06-08 15:10:54 - [TEST_STEP][PASSED] - sendKeys(NewInputNmField, Keys.chord(ARROW_DOWN)): Keys 'DOWN + ' sent to object: 'Object Repository/Objects.HighlightElements/input_field_index'

2020-06-08 15:10:54 - [MESSAGE][PASSED] - Keys 'DOWN + ' sent to object: 'Object Repository/Objects.HighlightElements/input_field_index'

2020-06-08 15:10:54 - [TEST_STEP][PASSED] - delay(DelayTime): Delayed 3 second(s)

2020-06-08 15:10:57 - [MESSAGE][PASSED] - Delayed 3 second(s)

2020-06-08 15:10:57 - [TEST_STEP][PASSED] - sendKeys(NewInputNmField, Keys.chord(ENTER)): Keys 'ENTER + ' sent to object: 'Object Repository/Objects.HighlightElements/input_field_index'

2020-06-08 15:10:57 - [MESSAGE][PASSED] - Keys 'ENTER + ' sent to object: 'Object Repository/Objects.HighlightElements/input_field_index'

2020-06-08 15:10:57 - [TEST_STEP][PASSED] - ComboBoxValue = getAttribute(NewInputNmField, "value"): Attribute 'value' of object 'Object Repository/Objects.HighlightElements/input_field_index' is: 'Lee Kok Tien (USAKTL)'

2020-06-08 15:10:58 - [MESSAGE][PASSED] - Attribute 'value' of object 'Object Repository/Objects.HighlightElements/input_field_index' is: 'Lee Kok Tien (USAKTL)'

2020-06-08 15:10:58 - [TEST_STEP][PASSED] - callTestCase(findTestCase(CallTCName), ["FindValue":ComboBoxValue, "DropdownNm":comboNm], STOP_ON_FAILURE): Call Test Case 'Test Cases/PFI Precision and Scale/HashMap Tables/OfficerLists' successfully

2020-06-08 15:10:58 - [TEST_CASE][PASSED] - Test Cases/PFI Precision and Scale/HashMap Tables/OfficerLists: Test Cases/PFI Precision and Scale/HashMap Tables/OfficerLists

2020-06-08 15:10:58 - [TEST_STEP][PASSED] - Thread.sleep(1000): null

2020-06-08 15:10:59 - [TEST_STEP][PASSED] - OfficerLists = [1:"Aaron Sham Wai Lun (AARON)", 2:"Azidah Bte Akmad (Mdm) (USAABD)", 3:"Chung Fong Nyen (USACFN)", 4:"David Tey Dah Wei (DAHWEI)", ... ]: null

2020-06-08 15:10:59 - [TEST_STEP][PASSED] - ValueFound = OfficerLists.find({ -> ... }): null

2020-06-08 15:10:59 - [MESSAGE][PASSED] - Call Test Case 'Test Cases/PFI Precision and Scale/HashMap Tables/OfficerLists' successfully

2020-06-08 15:10:59 - [TEST_STEP][PASSED] - println(ValueFound): null

2020-06-08 15:10:59 - [TEST_STEP][PASSED] - sendKeys(NewInputNmField, Keys.chord(ARROW_DOWN)): Keys 'DOWN + ' sent to object: 'Object Repository/Objects.HighlightElements/input_field_index'

2020-06-08 15:10:59 - [MESSAGE][PASSED] - Keys 'DOWN + ' sent to object: 'Object Repository/Objects.HighlightElements/input_field_index'

2020-06-08 15:10:59 - [TEST_STEP][PASSED] - sendKeys(NewInputNmField, Keys.chord(ARROW_DOWN)): Keys 'DOWN + ' sent to object: 'Object Repository/Objects.HighlightElements/input_field_index'

2020-06-08 15:10:59 - [MESSAGE][PASSED] - Keys 'DOWN + ' sent to object: 'Object Repository/Objects.HighlightElements/input_field_index'

2020-06-08 15:10:59 - [TEST_STEP][PASSED] - delay(DelayTime): Delayed 3 second(s)

2020-06-08 15:11:02 - [MESSAGE][PASSED] - Delayed 3 second(s)

2020-06-08 15:11:02 - [TEST_STEP][PASSED] - sendKeys(NewInputNmField, Keys.chord(ENTER)): Keys 'ENTER + ' sent to object: 'Object Repository/Objects.HighlightElements/input_field_index'

2020-06-08 15:11:02 - [MESSAGE][PASSED] - Keys 'ENTER + ' sent to object: 'Object Repository/Objects.HighlightElements/input_field_index'

2020-06-08 15:11:02 - [TEST_STEP][PASSED] - ComboBoxValue = getAttribute(NewInputNmField, "value"): Attribute 'value' of object 'Object Repository/Objects.HighlightElements/input_field_index' is: 'Lim Beng Kwee (BENGKWEE)'

2020-06-08 15:11:02 - [MESSAGE][PASSED] - Attribute 'value' of object 'Object Repository/Objects.HighlightElements/input_field_index' is: 'Lim Beng Kwee (BENGKWEE)'

2020-06-08 15:11:02 - [TEST_STEP][PASSED] - callTestCase(findTestCase(CallTCName), ["FindValue":ComboBoxValue, "DropdownNm":comboNm], STOP_ON_FAILURE): Call Test Case 'Test Cases/PFI Precision and Scale/HashMap Tables/OfficerLists' successfully

2020-06-08 15:11:02 - [TEST_CASE][PASSED] - Test Cases/PFI Precision and Scale/HashMap Tables/OfficerLists: Test Cases/PFI Precision and Scale/HashMap Tables/OfficerLists

2020-06-08 15:11:02 - [TEST_STEP][PASSED] - Thread.sleep(1000): null

2020-06-08 15:11:03 - [TEST_STEP][PASSED] - OfficerLists = [1:"Aaron Sham Wai Lun (AARON)", 2:"Azidah Bte Akmad (Mdm) (USAABD)", 3:"Chung Fong Nyen (USACFN)", 4:"David Tey Dah Wei (DAHWEI)", ... ]: null

2020-06-08 15:11:03 - [TEST_STEP][PASSED] - ValueFound = OfficerLists.find({ -> ... }): null

2020-06-08 15:11:03 - [MESSAGE][PASSED] - Call Test Case 'Test Cases/PFI Precision and Scale/HashMap Tables/OfficerLists' successfully

2020-06-08 15:11:03 - [TEST_STEP][PASSED] - println(ValueFound): null

2020-06-08 15:11:03 - [TEST_STEP][PASSED] - sendKeys(NewInputNmField, Keys.chord(ARROW_DOWN)): Keys 'DOWN + ' sent to object: 'Object Repository/Objects.HighlightElements/input_field_index'

2020-06-08 15:11:03 - [MESSAGE][PASSED] - Keys 'DOWN + ' sent to object: 'Object Repository/Objects.HighlightElements/input_field_index'

2020-06-08 15:11:03 - [TEST_STEP][PASSED] - sendKeys(NewInputNmField, Keys.chord(ARROW_DOWN)): Keys 'DOWN + ' sent to object: 'Object Repository/Objects.HighlightElements/input_field_index'

2020-06-08 15:11:03 - [MESSAGE][PASSED] - Keys 'DOWN + ' sent to object: 'Object Repository/Objects.HighlightElements/input_field_index'

2020-06-08 15:11:03 - [TEST_STEP][PASSED] - delay(DelayTime): Delayed 3 second(s)

2020-06-08 15:11:06 - [MESSAGE][PASSED] - Delayed 3 second(s)

2020-06-08 15:11:06 - [TEST_STEP][PASSED] - sendKeys(NewInputNmField, Keys.chord(ENTER)): Keys 'ENTER + ' sent to object: 'Object Repository/Objects.HighlightElements/input_field_index'

2020-06-08 15:11:06 - [MESSAGE][PASSED] - Keys 'ENTER + ' sent to object: 'Object Repository/Objects.HighlightElements/input_field_index'

2020-06-08 15:11:06 - [TEST_STEP][PASSED] - ComboBoxValue = getAttribute(NewInputNmField, "value"): Attribute 'value' of object 'Object Repository/Objects.HighlightElements/input_field_index' is: 'Lim Leng Boon (LENGBOON)'

2020-06-08 15:11:06 - [MESSAGE][PASSED] - Attribute 'value' of object 'Object Repository/Objects.HighlightElements/input_field_index' is: 'Lim Leng Boon (LENGBOON)'

2020-06-08 15:11:06 - [TEST_STEP][PASSED] - callTestCase(findTestCase(CallTCName), ["FindValue":ComboBoxValue, "DropdownNm":comboNm], STOP_ON_FAILURE): Call Test Case 'Test Cases/PFI Precision and Scale/HashMap Tables/OfficerLists' successfully

2020-06-08 15:11:06 - [TEST_CASE][PASSED] - Test Cases/PFI Precision and Scale/HashMap Tables/OfficerLists: Test Cases/PFI Precision and Scale/HashMap Tables/OfficerLists

2020-06-08 15:11:06 - [TEST_STEP][PASSED] - Thread.sleep(1000): null

2020-06-08 15:11:07 - [TEST_STEP][PASSED] - OfficerLists = [1:"Aaron Sham Wai Lun (AARON)", 2:"Azidah Bte Akmad (Mdm) (USAABD)", 3:"Chung Fong Nyen (USACFN)", 4:"David Tey Dah Wei (DAHWEI)", ... ]: null

2020-06-08 15:11:07 - [TEST_STEP][PASSED] - ValueFound = OfficerLists.find({ -> ... }): null

2020-06-08 15:11:07 - [MESSAGE][PASSED] - Call Test Case 'Test Cases/PFI Precision and Scale/HashMap Tables/OfficerLists' successfully

2020-06-08 15:11:07 - [TEST_STEP][PASSED] - println(ValueFound): null

2020-06-08 15:11:07 - [TEST_STEP][PASSED] - sendKeys(NewInputNmField, Keys.chord(ARROW_DOWN)): Keys 'DOWN + ' sent to object: 'Object Repository/Objects.HighlightElements/input_field_index'

2020-06-08 15:11:07 - [MESSAGE][PASSED] - Keys 'DOWN + ' sent to object: 'Object Repository/Objects.HighlightElements/input_field_index'

2020-06-08 15:11:07 - [TEST_STEP][PASSED] - sendKeys(NewInputNmField, Keys.chord(ARROW_DOWN)): Keys 'DOWN + ' sent to object: 'Object Repository/Objects.HighlightElements/input_field_index'

2020-06-08 15:11:07 - [MESSAGE][PASSED] - Keys 'DOWN + ' sent to object: 'Object Repository/Objects.HighlightElements/input_field_index'

2020-06-08 15:11:07 - [TEST_STEP][PASSED] - delay(DelayTime): Delayed 3 second(s)

2020-06-08 15:11:10 - [MESSAGE][PASSED] - Delayed 3 second(s)

2020-06-08 15:11:10 - [TEST_STEP][PASSED] - sendKeys(NewInputNmField, Keys.chord(ENTER)): Keys 'ENTER + ' sent to object: 'Object Repository/Objects.HighlightElements/input_field_index'

2020-06-08 15:11:10 - [MESSAGE][PASSED] - Keys 'ENTER + ' sent to object: 'Object Repository/Objects.HighlightElements/input_field_index'

2020-06-08 15:11:10 - [TEST_STEP][PASSED] - ComboBoxValue = getAttribute(NewInputNmField, "value"): Attribute 'value' of object 'Object Repository/Objects.HighlightElements/input_field_index' is: 'Liu Xiaopeng (XIAOPENG)'

2020-06-08 15:11:10 - [MESSAGE][PASSED] - Attribute 'value' of object 'Object Repository/Objects.HighlightElements/input_field_index' is: 'Liu Xiaopeng (XIAOPENG)'

2020-06-08 15:11:10 - [TEST_STEP][PASSED] - callTestCase(findTestCase(CallTCName), ["FindValue":ComboBoxValue, "DropdownNm":comboNm], STOP_ON_FAILURE): Call Test Case 'Test Cases/PFI Precision and Scale/HashMap Tables/OfficerLists' successfully

2020-06-08 15:11:10 - [TEST_CASE][PASSED] - Test Cases/PFI Precision and Scale/HashMap Tables/OfficerLists: Test Cases/PFI Precision and Scale/HashMap Tables/OfficerLists

2020-06-08 15:11:10 - [TEST_STEP][PASSED] - Thread.sleep(1000): null

2020-06-08 15:11:11 - [TEST_STEP][PASSED] - OfficerLists = [1:"Aaron Sham Wai Lun (AARON)", 2:"Azidah Bte Akmad (Mdm) (USAABD)", 3:"Chung Fong Nyen (USACFN)", 4:"David Tey Dah Wei (DAHWEI)", ... ]: null

2020-06-08 15:11:11 - [TEST_STEP][PASSED] - ValueFound = OfficerLists.find({ -> ... }): null

2020-06-08 15:11:11 - [MESSAGE][PASSED] - Call Test Case 'Test Cases/PFI Precision and Scale/HashMap Tables/OfficerLists' successfully

2020-06-08 15:11:11 - [TEST_STEP][PASSED] - println(ValueFound): null

2020-06-08 15:11:11 - [TEST_STEP][PASSED] - sendKeys(NewInputNmField, Keys.chord(ARROW_DOWN)): Keys 'DOWN + ' sent to object: 'Object Repository/Objects.HighlightElements/input_field_index'

2020-06-08 15:11:11 - [MESSAGE][PASSED] - Keys 'DOWN + ' sent to object: 'Object Repository/Objects.HighlightElements/input_field_index'

2020-06-08 15:11:11 - [TEST_STEP][PASSED] - sendKeys(NewInputNmField, Keys.chord(ARROW_DOWN)): Keys 'DOWN + ' sent to object: 'Object Repository/Objects.HighlightElements/input_field_index'

2020-06-08 15:11:12 - [MESSAGE][PASSED] - Keys 'DOWN + ' sent to object: 'Object Repository/Objects.HighlightElements/input_field_index'

2020-06-08 15:11:12 - [TEST_STEP][PASSED] - delay(DelayTime): Delayed 3 second(s)

2020-06-08 15:11:15 - [MESSAGE][PASSED] - Delayed 3 second(s)

2020-06-08 15:11:15 - [TEST_STEP][PASSED] - sendKeys(NewInputNmField, Keys.chord(ENTER)): Keys 'ENTER + ' sent to object: 'Object Repository/Objects.HighlightElements/input_field_index'

2020-06-08 15:11:15 - [MESSAGE][PASSED] - Keys 'ENTER + ' sent to object: 'Object Repository/Objects.HighlightElements/input_field_index'

2020-06-08 15:11:15 - [TEST_STEP][PASSED] - ComboBoxValue = getAttribute(NewInputNmField, "value"): Attribute 'value' of object 'Object Repository/Objects.HighlightElements/input_field_index' is: 'Lu Ji Ju (Mdm) (USALJJ)'

2020-06-08 15:11:15 - [MESSAGE][PASSED] - Attribute 'value' of object 'Object Repository/Objects.HighlightElements/input_field_index' is: 'Lu Ji Ju (Mdm) (USALJJ)'

2020-06-08 15:11:15 - [TEST_STEP][PASSED] - callTestCase(findTestCase(CallTCName), ["FindValue":ComboBoxValue, "DropdownNm":comboNm], STOP_ON_FAILURE): Call Test Case 'Test Cases/PFI Precision and Scale/HashMap Tables/OfficerLists' successfully

2020-06-08 15:11:15 - [TEST_CASE][PASSED] - Test Cases/PFI Precision and Scale/HashMap Tables/OfficerLists: Test Cases/PFI Precision and Scale/HashMap Tables/OfficerLists

2020-06-08 15:11:15 - [TEST_STEP][PASSED] - Thread.sleep(1000): null

2020-06-08 15:11:16 - [TEST_STEP][PASSED] - OfficerLists = [1:"Aaron Sham Wai Lun (AARON)", 2:"Azidah Bte Akmad (Mdm) (USAABD)", 3:"Chung Fong Nyen (USACFN)", 4:"David Tey Dah Wei (DAHWEI)", ... ]: null

2020-06-08 15:11:16 - [TEST_STEP][PASSED] - ValueFound = OfficerLists.find({ -> ... }): null

2020-06-08 15:11:16 - [MESSAGE][PASSED] - Call Test Case 'Test Cases/PFI Precision and Scale/HashMap Tables/OfficerLists' successfully

2020-06-08 15:11:16 - [TEST_STEP][PASSED] - println(ValueFound): null

2020-06-08 15:11:16 - [TEST_STEP][PASSED] - sendKeys(NewInputNmField, Keys.chord(ARROW_DOWN)): Keys 'DOWN + ' sent to object: 'Object Repository/Objects.HighlightElements/input_field_index'

2020-06-08 15:11:16 - [MESSAGE][PASSED] - Keys 'DOWN + ' sent to object: 'Object Repository/Objects.HighlightElements/input_field_index'

2020-06-08 15:11:16 - [TEST_STEP][PASSED] - sendKeys(NewInputNmField, Keys.chord(ARROW_DOWN)): Keys 'DOWN + ' sent to object: 'Object Repository/Objects.HighlightElements/input_field_index'

2020-06-08 15:11:16 - [MESSAGE][PASSED] - Keys 'DOWN + ' sent to object: 'Object Repository/Objects.HighlightElements/input_field_index'

2020-06-08 15:11:16 - [TEST_STEP][PASSED] - delay(DelayTime): Delayed 3 second(s)

2020-06-08 15:11:19 - [MESSAGE][PASSED] - Delayed 3 second(s)

2020-06-08 15:11:19 - [TEST_STEP][PASSED] - sendKeys(NewInputNmField, Keys.chord(ENTER)): Keys 'ENTER + ' sent to object: 'Object Repository/Objects.HighlightElements/input_field_index'

2020-06-08 15:11:19 - [MESSAGE][PASSED] - Keys 'ENTER + ' sent to object: 'Object Repository/Objects.HighlightElements/input_field_index'

2020-06-08 15:11:19 - [TEST_STEP][PASSED] - ComboBoxValue = getAttribute(NewInputNmField, "value"): Attribute 'value' of object 'Object Repository/Objects.HighlightElements/input_field_index' is: 'Mohd Jeffri Bin Abdul Rahim (MOHDJEFFRI)'

2020-06-08 15:11:19 - [MESSAGE][PASSED] - Attribute 'value' of object 'Object Repository/Objects.HighlightElements/input_field_index' is: 'Mohd Jeffri Bin Abdul Rahim (MOHDJEFFRI)'

2020-06-08 15:11:19 - [TEST_STEP][PASSED] - callTestCase(findTestCase(CallTCName), ["FindValue":ComboBoxValue, "DropdownNm":comboNm], STOP_ON_FAILURE): Call Test Case 'Test Cases/PFI Precision and Scale/HashMap Tables/OfficerLists' successfully

2020-06-08 15:11:19 - [TEST_CASE][PASSED] - Test Cases/PFI Precision and Scale/HashMap Tables/OfficerLists: Test Cases/PFI Precision and Scale/HashMap Tables/OfficerLists

2020-06-08 15:11:19 - [TEST_STEP][PASSED] - Thread.sleep(1000): null

2020-06-08 15:11:20 - [TEST_STEP][PASSED] - OfficerLists = [1:"Aaron Sham Wai Lun (AARON)", 2:"Azidah Bte Akmad (Mdm) (USAABD)", 3:"Chung Fong Nyen (USACFN)", 4:"David Tey Dah Wei (DAHWEI)", ... ]: null

2020-06-08 15:11:20 - [TEST_STEP][PASSED] - ValueFound = OfficerLists.find({ -> ... }): null

2020-06-08 15:11:20 - [MESSAGE][PASSED] - Call Test Case 'Test Cases/PFI Precision and Scale/HashMap Tables/OfficerLists' successfully

2020-06-08 15:11:20 - [TEST_STEP][PASSED] - println(ValueFound): null

2020-06-08 15:11:20 - [TEST_STEP][PASSED] - sendKeys(NewInputNmField, Keys.chord(ARROW_DOWN)): Keys 'DOWN + ' sent to object: 'Object Repository/Objects.HighlightElements/input_field_index'

2020-06-08 15:11:20 - [MESSAGE][PASSED] - Keys 'DOWN + ' sent to object: 'Object Repository/Objects.HighlightElements/input_field_index'

2020-06-08 15:11:20 - [TEST_STEP][PASSED] - sendKeys(NewInputNmField, Keys.chord(ARROW_DOWN)): Keys 'DOWN + ' sent to object: 'Object Repository/Objects.HighlightElements/input_field_index'

2020-06-08 15:11:20 - [MESSAGE][PASSED] - Keys 'DOWN + ' sent to object: 'Object Repository/Objects.HighlightElements/input_field_index'

2020-06-08 15:11:20 - [TEST_STEP][PASSED] - delay(DelayTime): Delayed 3 second(s)

2020-06-08 15:11:23 - [MESSAGE][PASSED] - Delayed 3 second(s)

2020-06-08 15:11:23 - [TEST_STEP][PASSED] - sendKeys(NewInputNmField, Keys.chord(ENTER)): Keys 'ENTER + ' sent to object: 'Object Repository/Objects.HighlightElements/input_field_index'

2020-06-08 15:11:23 - [MESSAGE][PASSED] - Keys 'ENTER + ' sent to object: 'Object Repository/Objects.HighlightElements/input_field_index'

2020-06-08 15:11:23 - [TEST_STEP][PASSED] - ComboBoxValue = getAttribute(NewInputNmField, "value"): Attribute 'value' of object 'Object Repository/Objects.HighlightElements/input_field_index' is: 'Richard Lim Fang Ping (FANGPING)'

2020-06-08 15:11:23 - [MESSAGE][PASSED] - Attribute 'value' of object 'Object Repository/Objects.HighlightElements/input_field_index' is: 'Richard Lim Fang Ping (FANGPING)'

2020-06-08 15:11:23 - [TEST_STEP][PASSED] - callTestCase(findTestCase(CallTCName), ["FindValue":ComboBoxValue, "DropdownNm":comboNm], STOP_ON_FAILURE): Call Test Case 'Test Cases/PFI Precision and Scale/HashMap Tables/OfficerLists' successfully

2020-06-08 15:11:23 - [TEST_CASE][PASSED] - Test Cases/PFI Precision and Scale/HashMap Tables/OfficerLists: Test Cases/PFI Precision and Scale/HashMap Tables/OfficerLists

2020-06-08 15:11:23 - [TEST_STEP][PASSED] - Thread.sleep(1000): null

2020-06-08 15:11:24 - [TEST_STEP][PASSED] - OfficerLists = [1:"Aaron Sham Wai Lun (AARON)", 2:"Azidah Bte Akmad (Mdm) (USAABD)", 3:"Chung Fong Nyen (USACFN)", 4:"David Tey Dah Wei (DAHWEI)", ... ]: null

2020-06-08 15:11:24 - [TEST_STEP][PASSED] - ValueFound = OfficerLists.find({ -> ... }): null

2020-06-08 15:11:24 - [MESSAGE][PASSED] - Call Test Case 'Test Cases/PFI Precision and Scale/HashMap Tables/OfficerLists' successfully

2020-06-08 15:11:24 - [TEST_STEP][PASSED] - println(ValueFound): null

2020-06-08 15:11:24 - [TEST_STEP][PASSED] - sendKeys(NewInputNmField, Keys.chord(ARROW_DOWN)): Keys 'DOWN + ' sent to object: 'Object Repository/Objects.HighlightElements/input_field_index'

2020-06-08 15:11:24 - [MESSAGE][PASSED] - Keys 'DOWN + ' sent to object: 'Object Repository/Objects.HighlightElements/input_field_index'

2020-06-08 15:11:24 - [TEST_STEP][PASSED] - sendKeys(NewInputNmField, Keys.chord(ARROW_DOWN)): Keys 'DOWN + ' sent to object: 'Object Repository/Objects.HighlightElements/input_field_index'

2020-06-08 15:11:24 - [MESSAGE][PASSED] - Keys 'DOWN + ' sent to object: 'Object Repository/Objects.HighlightElements/input_field_index'

2020-06-08 15:11:24 - [TEST_STEP][PASSED] - delay(DelayTime): Delayed 3 second(s)

2020-06-08 15:11:27 - [MESSAGE][PASSED] - Delayed 3 second(s)

2020-06-08 15:11:27 - [TEST_STEP][PASSED] - sendKeys(NewInputNmField, Keys.chord(ENTER)): Keys 'ENTER + ' sent to object: 'Object Repository/Objects.HighlightElements/input_field_index'

2020-06-08 15:11:27 - [MESSAGE][PASSED] - Keys 'ENTER + ' sent to object: 'Object Repository/Objects.HighlightElements/input_field_index'

2020-06-08 15:11:27 - [TEST_STEP][PASSED] - ComboBoxValue = getAttribute(NewInputNmField, "value"): Attribute 'value' of object 'Object Repository/Objects.HighlightElements/input_field_index' is: 'RITA WONG SIONG ING (RITAWONG)'

2020-06-08 15:11:27 - [MESSAGE][PASSED] - Attribute 'value' of object 'Object Repository/Objects.HighlightElements/input_field_index' is: 'RITA WONG SIONG ING (RITAWONG)'

2020-06-08 15:11:27 - [TEST_STEP][PASSED] - callTestCase(findTestCase(CallTCName), ["FindValue":ComboBoxValue, "DropdownNm":comboNm], STOP_ON_FAILURE): Call Test Case 'Test Cases/PFI Precision and Scale/HashMap Tables/OfficerLists' successfully

2020-06-08 15:11:28 - [TEST_CASE][PASSED] - Test Cases/PFI Precision and Scale/HashMap Tables/OfficerLists: Test Cases/PFI Precision and Scale/HashMap Tables/OfficerLists

2020-06-08 15:11:28 - [TEST_STEP][PASSED] - Thread.sleep(1000): null

2020-06-08 15:11:29 - [TEST_STEP][PASSED] - OfficerLists = [1:"Aaron Sham Wai Lun (AARON)", 2:"Azidah Bte Akmad (Mdm) (USAABD)", 3:"Chung Fong Nyen (USACFN)", 4:"David Tey Dah Wei (DAHWEI)", ... ]: null

2020-06-08 15:11:29 - [TEST_STEP][PASSED] - ValueFound = OfficerLists.find({ -> ... }): null

2020-06-08 15:11:29 - [MESSAGE][PASSED] - Call Test Case 'Test Cases/PFI Precision and Scale/HashMap Tables/OfficerLists' successfully

2020-06-08 15:11:29 - [TEST_STEP][PASSED] - println(ValueFound): null

2020-06-08 15:11:29 - [TEST_STEP][PASSED] - sendKeys(NewInputNmField, Keys.chord(ARROW_DOWN)): Keys 'DOWN + ' sent to object: 'Object Repository/Objects.HighlightElements/input_field_index'

2020-06-08 15:11:29 - [MESSAGE][PASSED] - Keys 'DOWN + ' sent to object: 'Object Repository/Objects.HighlightElements/input_field_index'

2020-06-08 15:11:29 - [TEST_STEP][PASSED] - sendKeys(NewInputNmField, Keys.chord(ARROW_DOWN)): Keys 'DOWN + ' sent to object: 'Object Repository/Objects.HighlightElements/input_field_index'

2020-06-08 15:11:29 - [MESSAGE][PASSED] - Keys 'DOWN + ' sent to object: 'Object Repository/Objects.HighlightElements/input_field_index'

2020-06-08 15:11:29 - [TEST_STEP][PASSED] - delay(DelayTime): Delayed 3 second(s)

2020-06-08 15:11:32 - [MESSAGE][PASSED] - Delayed 3 second(s)

2020-06-08 15:11:32 - [TEST_STEP][PASSED] - sendKeys(NewInputNmField, Keys.chord(ENTER)): Keys 'ENTER + ' sent to object: 'Object Repository/Objects.HighlightElements/input_field_index'

2020-06-08 15:11:32 - [MESSAGE][PASSED] - Keys 'ENTER + ' sent to object: 'Object Repository/Objects.HighlightElements/input_field_index'

2020-06-08 15:11:32 - [TEST_STEP][PASSED] - ComboBoxValue = getAttribute(NewInputNmField, "value"): Attribute 'value' of object 'Object Repository/Objects.HighlightElements/input_field_index' is: 'Shi Hong Wei (HONGWEI)'

2020-06-08 15:11:32 - [MESSAGE][PASSED] - Attribute 'value' of object 'Object Repository/Objects.HighlightElements/input_field_index' is: 'Shi Hong Wei (HONGWEI)'

2020-06-08 15:11:32 - [TEST_STEP][PASSED] - callTestCase(findTestCase(CallTCName), ["FindValue":ComboBoxValue, "DropdownNm":comboNm], STOP_ON_FAILURE): Call Test Case 'Test Cases/PFI Precision and Scale/HashMap Tables/OfficerLists' successfully

2020-06-08 15:11:32 - [TEST_CASE][PASSED] - Test Cases/PFI Precision and Scale/HashMap Tables/OfficerLists: Test Cases/PFI Precision and Scale/HashMap Tables/OfficerLists

2020-06-08 15:11:32 - [TEST_STEP][PASSED] - Thread.sleep(1000): null

2020-06-08 15:11:33 - [TEST_STEP][PASSED] - OfficerLists = [1:"Aaron Sham Wai Lun (AARON)", 2:"Azidah Bte Akmad (Mdm) (USAABD)", 3:"Chung Fong Nyen (USACFN)", 4:"David Tey Dah Wei (DAHWEI)", ... ]: null

2020-06-08 15:11:33 - [TEST_STEP][PASSED] - ValueFound = OfficerLists.find({ -> ... }): null

2020-06-08 15:11:33 - [MESSAGE][PASSED] - Call Test Case 'Test Cases/PFI Precision and Scale/HashMap Tables/OfficerLists' successfully

2020-06-08 15:11:33 - [TEST_STEP][PASSED] - println(ValueFound): null

2020-06-08 15:11:33 - [TEST_STEP][PASSED] - sendKeys(NewInputNmField, Keys.chord(ARROW_DOWN)): Keys 'DOWN + ' sent to object: 'Object Repository/Objects.HighlightElements/input_field_index'

2020-06-08 15:11:33 - [MESSAGE][PASSED] - Keys 'DOWN + ' sent to object: 'Object Repository/Objects.HighlightElements/input_field_index'

2020-06-08 15:11:33 - [TEST_STEP][PASSED] - sendKeys(NewInputNmField, Keys.chord(ARROW_DOWN)): Keys 'DOWN + ' sent to object: 'Object Repository/Objects.HighlightElements/input_field_index'

2020-06-08 15:11:33 - [MESSAGE][PASSED] - Keys 'DOWN + ' sent to object: 'Object Repository/Objects.HighlightElements/input_field_index'

2020-06-08 15:11:33 - [TEST_STEP][PASSED] - delay(DelayTime): Delayed 3 second(s)

2020-06-08 15:11:36 - [MESSAGE][PASSED] - Delayed 3 second(s)

2020-06-08 15:11:36 - [TEST_STEP][PASSED] - sendKeys(NewInputNmField, Keys.chord(ENTER)): Keys 'ENTER + ' sent to object: 'Object Repository/Objects.HighlightElements/input_field_index'

2020-06-08 15:11:36 - [MESSAGE][PASSED] - Keys 'ENTER + ' sent to object: 'Object Repository/Objects.HighlightElements/input_field_index'

2020-06-08 15:11:36 - [TEST_STEP][PASSED] - ComboBoxValue = getAttribute(NewInputNmField, "value"): Attribute 'value' of object 'Object Repository/Objects.HighlightElements/input_field_index' is: 'Tan Jing Ying (JINGYING)'

2020-06-08 15:11:36 - [MESSAGE][PASSED] - Attribute 'value' of object 'Object Repository/Objects.HighlightElements/input_field_index' is: 'Tan Jing Ying (JINGYING)'

2020-06-08 15:11:36 - [TEST_STEP][PASSED] - callTestCase(findTestCase(CallTCName), ["FindValue":ComboBoxValue, "DropdownNm":comboNm], STOP_ON_FAILURE): Call Test Case 'Test Cases/PFI Precision and Scale/HashMap Tables/OfficerLists' successfully

2020-06-08 15:11:36 - [TEST_CASE][PASSED] - Test Cases/PFI Precision and Scale/HashMap Tables/OfficerLists: Test Cases/PFI Precision and Scale/HashMap Tables/OfficerLists

2020-06-08 15:11:36 - [TEST_STEP][PASSED] - Thread.sleep(1000): null

2020-06-08 15:11:37 - [TEST_STEP][PASSED] - OfficerLists = [1:"Aaron Sham Wai Lun (AARON)", 2:"Azidah Bte Akmad (Mdm) (USAABD)", 3:"Chung Fong Nyen (USACFN)", 4:"David Tey Dah Wei (DAHWEI)", ... ]: null

2020-06-08 15:11:37 - [TEST_STEP][PASSED] - ValueFound = OfficerLists.find({ -> ... }): null

2020-06-08 15:11:37 - [MESSAGE][PASSED] - Call Test Case 'Test Cases/PFI Precision and Scale/HashMap Tables/OfficerLists' successfully

2020-06-08 15:11:37 - [TEST_STEP][PASSED] - println(ValueFound): null

2020-06-08 15:11:37 - [TEST_STEP][PASSED] - sendKeys(NewInputNmField, Keys.chord(ARROW_DOWN)): Keys 'DOWN + ' sent to object: 'Object Repository/Objects.HighlightElements/input_field_index'

2020-06-08 15:11:37 - [MESSAGE][PASSED] - Keys 'DOWN + ' sent to object: 'Object Repository/Objects.HighlightElements/input_field_index'

2020-06-08 15:11:37 - [TEST_STEP][PASSED] - sendKeys(NewInputNmField, Keys.chord(ARROW_DOWN)): Keys 'DOWN + ' sent to object: 'Object Repository/Objects.HighlightElements/input_field_index'

2020-06-08 15:11:37 - [MESSAGE][PASSED] - Keys 'DOWN + ' sent to object: 'Object Repository/Objects.HighlightElements/input_field_index'

2020-06-08 15:11:37 - [TEST_STEP][PASSED] - delay(DelayTime): Delayed 3 second(s)

2020-06-08 15:11:40 - [MESSAGE][PASSED] - Delayed 3 second(s)

2020-06-08 15:11:40 - [TEST_STEP][PASSED] - sendKeys(NewInputNmField, Keys.chord(ENTER)): Keys 'ENTER + ' sent to object: 'Object Repository/Objects.HighlightElements/input_field_index'

2020-06-08 15:11:40 - [MESSAGE][PASSED] - Keys 'ENTER + ' sent to object: 'Object Repository/Objects.HighlightElements/input_field_index'

2020-06-08 15:11:40 - [TEST_STEP][PASSED] - ComboBoxValue = getAttribute(NewInputNmField, "value"): Attribute 'value' of object 'Object Repository/Objects.HighlightElements/input_field_index' is: 'Tan Kwan Joo (KWANJOO)'

2020-06-08 15:11:40 - [MESSAGE][PASSED] - Attribute 'value' of object 'Object Repository/Objects.HighlightElements/input_field_index' is: 'Tan Kwan Joo (KWANJOO)'

2020-06-08 15:11:40 - [TEST_STEP][PASSED] - callTestCase(findTestCase(CallTCName), ["FindValue":ComboBoxValue, "DropdownNm":comboNm], STOP_ON_FAILURE): Call Test Case 'Test Cases/PFI Precision and Scale/HashMap Tables/OfficerLists' successfully

2020-06-08 15:11:40 - [TEST_CASE][PASSED] - Test Cases/PFI Precision and Scale/HashMap Tables/OfficerLists: Test Cases/PFI Precision and Scale/HashMap Tables/OfficerLists

2020-06-08 15:11:40 - [TEST_STEP][PASSED] - Thread.sleep(1000): null

2020-06-08 15:11:41 - [TEST_STEP][PASSED] - OfficerLists = [1:"Aaron Sham Wai Lun (AARON)", 2:"Azidah Bte Akmad (Mdm) (USAABD)", 3:"Chung Fong Nyen (USACFN)", 4:"David Tey Dah Wei (DAHWEI)", ... ]: null

2020-06-08 15:11:41 - [TEST_STEP][PASSED] - ValueFound = OfficerLists.find({ -> ... }): null

2020-06-08 15:11:41 - [MESSAGE][PASSED] - Call Test Case 'Test Cases/PFI Precision and Scale/HashMap Tables/OfficerLists' successfully

2020-06-08 15:11:41 - [TEST_STEP][PASSED] - println(ValueFound): null

2020-06-08 15:11:41 - [TEST_STEP][PASSED] - sendKeys(NewInputNmField, Keys.chord(ARROW_DOWN)): Keys 'DOWN + ' sent to object: 'Object Repository/Objects.HighlightElements/input_field_index'

2020-06-08 15:11:41 - [MESSAGE][PASSED] - Keys 'DOWN + ' sent to object: 'Object Repository/Objects.HighlightElements/input_field_index'

2020-06-08 15:11:41 - [TEST_STEP][PASSED] - sendKeys(NewInputNmField, Keys.chord(ARROW_DOWN)): Keys 'DOWN + ' sent to object: 'Object Repository/Objects.HighlightElements/input_field_index'

2020-06-08 15:11:42 - [MESSAGE][PASSED] - Keys 'DOWN + ' sent to object: 'Object Repository/Objects.HighlightElements/input_field_index'

2020-06-08 15:11:42 - [TEST_STEP][PASSED] - delay(DelayTime): Delayed 3 second(s)

2020-06-08 15:11:45 - [MESSAGE][PASSED] - Delayed 3 second(s)

2020-06-08 15:11:45 - [TEST_STEP][PASSED] - sendKeys(NewInputNmField, Keys.chord(ENTER)): Keys 'ENTER + ' sent to object: 'Object Repository/Objects.HighlightElements/input_field_index'

2020-06-08 15:11:45 - [MESSAGE][PASSED] - Keys 'ENTER + ' sent to object: 'Object Repository/Objects.HighlightElements/input_field_index'

2020-06-08 15:11:45 - [TEST_STEP][PASSED] - ComboBoxValue = getAttribute(NewInputNmField, "value"): Attribute 'value' of object 'Object Repository/Objects.HighlightElements/input_field_index' is: 'Titus Chua Hwa Ping (TITUS)'

2020-06-08 15:11:45 - [MESSAGE][PASSED] - Attribute 'value' of object 'Object Repository/Objects.HighlightElements/input_field_index' is: 'Titus Chua Hwa Ping (TITUS)'

2020-06-08 15:11:45 - [TEST_STEP][PASSED] - callTestCase(findTestCase(CallTCName), ["FindValue":ComboBoxValue, "DropdownNm":comboNm], STOP_ON_FAILURE): Call Test Case 'Test Cases/PFI Precision and Scale/HashMap Tables/OfficerLists' successfully

2020-06-08 15:11:45 - [TEST_CASE][PASSED] - Test Cases/PFI Precision and Scale/HashMap Tables/OfficerLists: Test Cases/PFI Precision and Scale/HashMap Tables/OfficerLists

2020-06-08 15:11:45 - [TEST_STEP][PASSED] - Thread.sleep(1000): null

2020-06-08 15:11:46 - [TEST_STEP][PASSED] - OfficerLists = [1:"Aaron Sham Wai Lun (AARON)", 2:"Azidah Bte Akmad (Mdm) (USAABD)", 3:"Chung Fong Nyen (USACFN)", 4:"David Tey Dah Wei (DAHWEI)", ... ]: null

2020-06-08 15:11:46 - [TEST_STEP][PASSED] - ValueFound = OfficerLists.find({ -> ... }): null

2020-06-08 15:11:46 - [MESSAGE][PASSED] - Call Test Case 'Test Cases/PFI Precision and Scale/HashMap Tables/OfficerLists' successfully

2020-06-08 15:11:46 - [TEST_STEP][PASSED] - println(ValueFound): null

2020-06-08 15:11:46 - [TEST_STEP][PASSED] - sendKeys(NewInputNmField, Keys.chord(ARROW_DOWN)): Keys 'DOWN + ' sent to object: 'Object Repository/Objects.HighlightElements/input_field_index'

2020-06-08 15:11:46 - [MESSAGE][PASSED] - Keys 'DOWN + ' sent to object: 'Object Repository/Objects.HighlightElements/input_field_index'

2020-06-08 15:11:46 - [TEST_STEP][PASSED] - sendKeys(NewInputNmField, Keys.chord(ARROW_DOWN)): Keys 'DOWN + ' sent to object: 'Object Repository/Objects.HighlightElements/input_field_index'

2020-06-08 15:11:46 - [MESSAGE][PASSED] - Keys 'DOWN + ' sent to object: 'Object Repository/Objects.HighlightElements/input_field_index'

2020-06-08 15:11:46 - [TEST_STEP][PASSED] - delay(DelayTime): Delayed 3 second(s)

2020-06-08 15:11:49 - [MESSAGE][PASSED] - Delayed 3 second(s)

2020-06-08 15:11:49 - [TEST_STEP][PASSED] - sendKeys(NewInputNmField, Keys.chord(ENTER)): Keys 'ENTER + ' sent to object: 'Object Repository/Objects.HighlightElements/input_field_index'

2020-06-08 15:11:49 - [MESSAGE][PASSED] - Keys 'ENTER + ' sent to object: 'Object Repository/Objects.HighlightElements/input_field_index'

2020-06-08 15:11:49 - [TEST_STEP][PASSED] - ComboBoxValue = getAttribute(NewInputNmField, "value"): Attribute 'value' of object 'Object Repository/Objects.HighlightElements/input_field_index' is: 'Vijayaratnam Ng Lay Hoon (USANLH)'

2020-06-08 15:11:49 - [MESSAGE][PASSED] - Attribute 'value' of object 'Object Repository/Objects.HighlightElements/input_field_index' is: 'Vijayaratnam Ng Lay Hoon (USANLH)'

2020-06-08 15:11:49 - [TEST_STEP][PASSED] - callTestCase(findTestCase(CallTCName), ["FindValue":ComboBoxValue, "DropdownNm":comboNm], STOP_ON_FAILURE): Call Test Case 'Test Cases/PFI Precision and Scale/HashMap Tables/OfficerLists' successfully

2020-06-08 15:11:49 - [TEST_CASE][PASSED] - Test Cases/PFI Precision and Scale/HashMap Tables/OfficerLists: Test Cases/PFI Precision and Scale/HashMap Tables/OfficerLists

2020-06-08 15:11:49 - [TEST_STEP][PASSED] - Thread.sleep(1000): null

2020-06-08 15:11:50 - [TEST_STEP][PASSED] - OfficerLists = [1:"Aaron Sham Wai Lun (AARON)", 2:"Azidah Bte Akmad (Mdm) (USAABD)", 3:"Chung Fong Nyen (USACFN)", 4:"David Tey Dah Wei (DAHWEI)", ... ]: null

2020-06-08 15:11:50 - [TEST_STEP][PASSED] - ValueFound = OfficerLists.find({ -> ... }): null

2020-06-08 15:11:50 - [MESSAGE][PASSED] - Call Test Case 'Test Cases/PFI Precision and Scale/HashMap Tables/OfficerLists' successfully

2020-06-08 15:11:50 - [TEST_STEP][PASSED] - println(ValueFound): null

2020-06-08 15:11:50 - [TEST_STEP][PASSED] - sendKeys(NewInputNmField, Keys.chord(ARROW_DOWN)): Keys 'DOWN + ' sent to object: 'Object Repository/Objects.HighlightElements/input_field_index'

2020-06-08 15:11:50 - [MESSAGE][PASSED] - Keys 'DOWN + ' sent to object: 'Object Repository/Objects.HighlightElements/input_field_index'

2020-06-08 15:11:50 - [TEST_STEP][PASSED] - sendKeys(NewInputNmField, Keys.chord(ARROW_DOWN)): Keys 'DOWN + ' sent to object: 'Object Repository/Objects.HighlightElements/input_field_index'

2020-06-08 15:11:50 - [MESSAGE][PASSED] - Keys 'DOWN + ' sent to object: 'Object Repository/Objects.HighlightElements/input_field_index'

2020-06-08 15:11:50 - [TEST_STEP][PASSED] - delay(DelayTime): Delayed 3 second(s)

2020-06-08 15:11:53 - [MESSAGE][PASSED] - Delayed 3 second(s)

2020-06-08 15:11:53 - [TEST_STEP][PASSED] - sendKeys(NewInputNmField, Keys.chord(ENTER)): Keys 'ENTER + ' sent to object: 'Object Repository/Objects.HighlightElements/input_field_index'

2020-06-08 15:11:53 - [MESSAGE][PASSED] - Keys 'ENTER + ' sent to object: 'Object Repository/Objects.HighlightElements/input_field_index'

2020-06-08 15:11:53 - [TEST_STEP][PASSED] - ComboBoxValue = getAttribute(NewInputNmField, "value"): Attribute 'value' of object 'Object Repository/Objects.HighlightElements/input_field_index' is: 'Wong Swee Sheng (WONGSWEE)'

2020-06-08 15:11:53 - [MESSAGE][PASSED] - Attribute 'value' of object 'Object Repository/Objects.HighlightElements/input_field_index' is: 'Wong Swee Sheng (WONGSWEE)'

2020-06-08 15:11:53 - [TEST_STEP][PASSED] - callTestCase(findTestCase(CallTCName), ["FindValue":ComboBoxValue, "DropdownNm":comboNm], STOP_ON_FAILURE): Call Test Case 'Test Cases/PFI Precision and Scale/HashMap Tables/OfficerLists' successfully

2020-06-08 15:11:53 - [TEST_CASE][PASSED] - Test Cases/PFI Precision and Scale/HashMap Tables/OfficerLists: Test Cases/PFI Precision and Scale/HashMap Tables/OfficerLists

2020-06-08 15:11:53 - [TEST_STEP][PASSED] - Thread.sleep(1000): null

2020-06-08 15:11:54 - [TEST_STEP][PASSED] - OfficerLists = [1:"Aaron Sham Wai Lun (AARON)", 2:"Azidah Bte Akmad (Mdm) (USAABD)", 3:"Chung Fong Nyen (USACFN)", 4:"David Tey Dah Wei (DAHWEI)", ... ]: null

2020-06-08 15:11:54 - [TEST_STEP][PASSED] - ValueFound = OfficerLists.find({ -> ... }): null

2020-06-08 15:11:54 - [MESSAGE][PASSED] - Call Test Case 'Test Cases/PFI Precision and Scale/HashMap Tables/OfficerLists' successfully

2020-06-08 15:11:54 - [TEST_STEP][PASSED] - println(ValueFound): null

2020-06-08 15:11:54 - [TEST_STEP][PASSED] - sendKeys(NewInputNmField, Keys.chord(ARROW_DOWN)): Keys 'DOWN + ' sent to object: 'Object Repository/Objects.HighlightElements/input_field_index'

2020-06-08 15:11:54 - [MESSAGE][PASSED] - Keys 'DOWN + ' sent to object: 'Object Repository/Objects.HighlightElements/input_field_index'

2020-06-08 15:11:54 - [TEST_STEP][PASSED] - sendKeys(NewInputNmField, Keys.chord(ARROW_DOWN)): Keys 'DOWN + ' sent to object: 'Object Repository/Objects.HighlightElements/input_field_index'

2020-06-08 15:11:54 - [MESSAGE][PASSED] - Keys 'DOWN + ' sent to object: 'Object Repository/Objects.HighlightElements/input_field_index'

2020-06-08 15:11:54 - [TEST_STEP][PASSED] - delay(DelayTime): Delayed 3 second(s)

2020-06-08 15:11:57 - [MESSAGE][PASSED] - Delayed 3 second(s)

2020-06-08 15:11:57 - [TEST_STEP][PASSED] - sendKeys(NewInputNmField, Keys.chord(ENTER)): Keys 'ENTER + ' sent to object: 'Object Repository/Objects.HighlightElements/input_field_index'

2020-06-08 15:11:58 - [MESSAGE][PASSED] - Keys 'ENTER + ' sent to object: 'Object Repository/Objects.HighlightElements/input_field_index'

2020-06-08 15:11:58 - [TEST_STEP][PASSED] - ComboBoxValue = getAttribute(NewInputNmField, "value"): Attribute 'value' of object 'Object Repository/Objects.HighlightElements/input_field_index' is: 'Zhao Dianfeng (DIANFENG)'

2020-06-08 15:11:58 - [MESSAGE][PASSED] - Attribute 'value' of object 'Object Repository/Objects.HighlightElements/input_field_index' is: 'Zhao Dianfeng (DIANFENG)'

2020-06-08 15:11:58 - [TEST_STEP][PASSED] - callTestCase(findTestCase(CallTCName), ["FindValue":ComboBoxValue, "DropdownNm":comboNm], STOP_ON_FAILURE): Call Test Case 'Test Cases/PFI Precision and Scale/HashMap Tables/OfficerLists' successfully

2020-06-08 15:11:58 - [TEST_CASE][PASSED] - Test Cases/PFI Precision and Scale/HashMap Tables/OfficerLists: Test Cases/PFI Precision and Scale/HashMap Tables/OfficerLists

2020-06-08 15:11:58 - [TEST_STEP][PASSED] - Thread.sleep(1000): null

2020-06-08 15:11:59 - [TEST_STEP][PASSED] - OfficerLists = [1:"Aaron Sham Wai Lun (AARON)", 2:"Azidah Bte Akmad (Mdm) (USAABD)", 3:"Chung Fong Nyen (USACFN)", 4:"David Tey Dah Wei (DAHWEI)", ... ]: null

2020-06-08 15:11:59 - [TEST_STEP][PASSED] - ValueFound = OfficerLists.find({ -> ... }): null

2020-06-08 15:11:59 - [MESSAGE][PASSED] - Call Test Case 'Test Cases/PFI Precision and Scale/HashMap Tables/OfficerLists' successfully

2020-06-08 15:11:59 - [TEST_STEP][PASSED] - println(ValueFound): null

2020-06-08 15:11:59 - [TEST_STEP][PASSED] - sendKeys(NewInputNmField, Keys.chord(ARROW_DOWN)): Keys 'DOWN + ' sent to object: 'Object Repository/Objects.HighlightElements/input_field_index'

2020-06-08 15:11:59 - [MESSAGE][PASSED] - Keys 'DOWN + ' sent to object: 'Object Repository/Objects.HighlightElements/input_field_index'

2020-06-08 15:11:59 - [TEST_STEP][PASSED] - sendKeys(NewInputNmField, Keys.chord(ENTER)): Keys 'ENTER + ' sent to object: 'Object Repository/Objects.HighlightElements/input_field_index'

2020-06-08 15:11:59 - [MESSAGE][PASSED] - Keys 'ENTER + ' sent to object: 'Object Repository/Objects.HighlightElements/input_field_index'

2020-06-08 15:11:59 - [MESSAGE][PASSED] - Call Test Case 'Test Cases/PFI Precision and Scale/PFI Components with Indexing/VerifyDropdownValuesXPI' successfully

2020-06-08 15:11:59 - [TEST_STEP][PASSED] - callTestCase(findTestCase("Components/SelectAllThenDeleteIndex"), ["nameToBeUsed":"psiRecommendTo", "index":2], STOP_ON_FAILURE): Call Test Case 'Test Cases/Components/SelectAllThenDeleteIndex' successfully

2020-06-08 15:11:59 - [TEST_CASE][PASSED] - Test Cases/Components/SelectAllThenDeleteIndex: Test Cases/Components/SelectAllThenDeleteIndex

2020-06-08 15:11:59 - [TEST_STEP][PASSED] - Thread.sleep(1000): null

2020-06-08 15:12:00 - [TEST_STEP][PASSED] - modifiedObj = modifyObjectProperty(findTestObject("Object Repository/Objects.HighlightElements/input_field_index"), "xpath", "equals", "(//*[contains(@class,'x-form-text') and (@name='" + nameToBeUsed + "')])[" + index + "]", true): Modify property of object successfully

2020-06-08 15:12:00 - [MESSAGE][PASSED] - Modify property of object successfully

2020-06-08 15:12:00 - [TEST_STEP][PASSED] - focus(modifiedObj): Object: 'Object Repository/Objects.HighlightElements/input_field_index' is focused

2020-06-08 15:12:00 - [MESSAGE][PASSED] - Object: 'Object Repository/Objects.HighlightElements/input_field_index' is focused

2020-06-08 15:12:00 - [TEST_STEP][PASSED] - sendKeys(modifiedObj, Keys.chord(CONTROL, "a")): Keys 'CONTROL + a' sent to object: 'Object Repository/Objects.HighlightElements/input_field_index'

2020-06-08 15:12:00 - [MESSAGE][PASSED] - Keys 'CONTROL + a' sent to object: 'Object Repository/Objects.HighlightElements/input_field_index'

2020-06-08 15:12:00 - [TEST_STEP][PASSED] - sendKeys(modifiedObj, Keys.chord(DELETE)): Keys 'DELETE + ' sent to object: 'Object Repository/Objects.HighlightElements/input_field_index'

2020-06-08 15:12:00 - [MESSAGE][PASSED] - Keys 'DELETE + ' sent to object: 'Object Repository/Objects.HighlightElements/input_field_index'

2020-06-08 15:12:00 - [MESSAGE][PASSED] - Call Test Case 'Test Cases/Components/SelectAllThenDeleteIndex' successfully

2020-06-08 15:12:00 - [TEST_STEP][PASSED] - callTestCase(findTestCase("PFI Precision and Scale/PFI Components with Indexing/RequiredFieldValidationIndex"), ["nameToBeUsed":"psiRecommendTo", "index":2], STOP_ON_FAILURE): Call Test Case 'Test Cases/PFI Precision and Scale/PFI Components with Indexing/RequiredFieldValidationIndex' successfully

2020-06-08 15:12:01 - [TEST_CASE][PASSED] - Test Cases/PFI Precision and Scale/PFI Components with Indexing/RequiredFieldValidationIndex: Test Cases/PFI Precision and Scale/PFI Components with Indexing/RequiredFieldValidationIndex

2020-06-08 15:12:01 - [TEST_STEP][PASSED] - Thread.sleep(2000): null

2020-06-08 15:12:03 - [TEST_STEP][PASSED] - NewInputNmField = modifyObjectProperty(findTestObject("Objects.HighlightElements/input_field_index"), "xpath", "equals", "(//*[contains(@class,'x-form-text') and (@name='" + nameToBeUsed + "')])[" + index + "]", true): Modify property of object successfully

2020-06-08 15:12:03 - [MESSAGE][PASSED] - Modify property of object successfully

2020-06-08 15:12:03 - [TEST_STEP][PASSED] - mouseOver(NewInputNmField): Object: 'Object Repository/Objects.HighlightElements/input_field_index' is hovered

2020-06-08 15:12:03 - [MESSAGE][PASSED] - Object: 'Object Repository/Objects.HighlightElements/input_field_index' is hovered

2020-06-08 15:12:03 - [TEST_STEP][PASSED] - getRqErrMsg = getAttribute(NewInputNmField, "data-errorqtip"): Attribute 'data-errorqtip' of object 'Object Repository/Objects.HighlightElements/input_field_index' is: '<ul class="x-list-plain"><li>This field is required</li></ul>'

2020-06-08 15:12:03 - [MESSAGE][PASSED] - Attribute 'data-errorqtip' of object 'Object Repository/Objects.HighlightElements/input_field_index' is: '<ul class="x-list-plain"><li>This field is required</li></ul>'

2020-06-08 15:12:03 - [TEST_STEP][PASSED] - strToolTip = getRqErrMsg.substring(29, 61): null

2020-06-08 15:12:03 - [TEST_STEP][PASSED] - toolTipReqErrMsg = strToolTip.substring(0, 22): null

2020-06-08 15:12:03 - [TEST_STEP][PASSED] - verifyMatch(toolTipReqErrMsg, RqField, true): Actual text 'This field is required' and expected text 'This field is required' are matched  using regular expression

2020-06-08 15:12:03 - [MESSAGE][PASSED] - Actual text 'This field is required' and expected text 'This field is required' are matched  using regular expression

2020-06-08 15:12:03 - [MESSAGE][PASSED] - Call Test Case 'Test Cases/PFI Precision and Scale/PFI Components with Indexing/RequiredFieldValidationIndex' successfully

2020-06-08 15:12:03 - [TEST_STEP][PASSED] - callTestCase(findTestCase("Components/HighlightLabelFieldXPI"), ["LblName":"Recommend Type:", "index":3], STOP_ON_FAILURE): Call Test Case 'Test Cases/Components/HighlightLabelFieldXPI' successfully

2020-06-08 15:12:03 - [TEST_CASE][PASSED] - Test Cases/Components/HighlightLabelFieldXPI: Test Cases/Components/HighlightLabelFieldXPI

2020-06-08 15:12:03 - [TEST_STEP][PASSED] - Thread.sleep(1000): null

2020-06-08 15:12:04 - [TEST_STEP][PASSED] - modifiedLblNm = modifyObjectProperty(findTestObject("Object Repository/Objects.HighlightElements/lblField_index"), "xpath", "equals", "(//*[contains(@class, 'x-form-item-label-inner x-form-item-label-inner-default') and contains(., '" + LblName + "')])[" + index + "]", true): Modify property of object successfully

2020-06-08 15:12:04 - [MESSAGE][PASSED] - Modify property of object successfully

2020-06-08 15:12:04 - [TEST_STEP][PASSED] - com.reusableComponents.HighlightElement.run(modifiedLblNm): com.reusableComponents.HighlightElement.run is PASSED

2020-06-08 15:12:05 - [MESSAGE][PASSED] - com.reusableComponents.HighlightElement.run is PASSED

2020-06-08 15:12:05 - [MESSAGE][PASSED] - Call Test Case 'Test Cases/Components/HighlightLabelFieldXPI' successfully

2020-06-08 15:12:05 - [TEST_STEP][PASSED] - callTestCase(findTestCase("Components/HighlightInputIndexField"), ["InputName":"psiRecomType", "index":2], STOP_ON_FAILURE): Call Test Case 'Test Cases/Components/HighlightInputIndexField' successfully

2020-06-08 15:12:05 - [TEST_CASE][PASSED] - Test Cases/Components/HighlightInputIndexField: Test Cases/Components/HighlightInputIndexField

2020-06-08 15:12:05 - [TEST_STEP][PASSED] - Thread.sleep(1000): null

2020-06-08 15:12:06 - [TEST_STEP][PASSED] - modifiedInputFld = modifyObjectProperty(findTestObject("Objects.HighlightElements/input_field_index"), "xpath", "equals", "(//*[contains(@class,'x-form-text') and (@name='" + InputName + "')])[" + index + "]", true): Modify property of object successfully

2020-06-08 15:12:06 - [MESSAGE][PASSED] - Modify property of object successfully

2020-06-08 15:12:06 - [TEST_STEP][PASSED] - com.reusableComponents.HighlightElement.run(modifiedInputFld): com.reusableComponents.HighlightElement.run is PASSED

2020-06-08 15:12:07 - [MESSAGE][PASSED] - com.reusableComponents.HighlightElement.run is PASSED

2020-06-08 15:12:07 - [MESSAGE][PASSED] - Call Test Case 'Test Cases/Components/HighlightInputIndexField' successfully

2020-06-08 15:12:07 - [TEST_STEP][PASSED] - callTestCase(findTestCase("PFI Precision and Scale/PFI Components with Indexing/VerifyDropdownValuesIndex"), ["FldNm":"psiRecomType", "CallTCName":"PFI Precision and Scale/HashMap Tables/ConstantHashMap", "cmbNm":"RecommendType", "NoOfVal":2, ... ], STOP_ON_FAILURE): Call Test Case 'Test Cases/PFI Precision and Scale/PFI Components with Indexing/VerifyDropdownValuesIndex' successfully

2020-06-08 15:12:07 - [TEST_CASE][PASSED] - Test Cases/PFI Precision and Scale/PFI Components with Indexing/VerifyDropdownValuesIndex: Test Cases/PFI Precision and Scale/PFI Components with Indexing/VerifyDropdownValuesIndex

2020-06-08 15:12:07 - [TEST_STEP][PASSED] - Thread.sleep(1000): null

2020-06-08 15:12:08 - [TEST_STEP][PASSED] - NewInputNmField = modifyObjectProperty(findTestObject("Object Repository/Objects.HighlightElements/input_field_index"), "xpath", "equals", "(//*[contains(@class,'x-form-text') and (@name='" + FldNm + "')])[" + index + "]", true): Modify property of object successfully

2020-06-08 15:12:08 - [MESSAGE][PASSED] - Modify property of object successfully

2020-06-08 15:12:08 - [TEST_STEP][PASSED] - comboNm = cmbNm: null

2020-06-08 15:12:08 - [TEST_STEP][PASSED] - focus(NewInputNmField): Object: 'Object Repository/Objects.HighlightElements/input_field_index' is focused

2020-06-08 15:12:08 - [MESSAGE][PASSED] - Object: 'Object Repository/Objects.HighlightElements/input_field_index' is focused

2020-06-08 15:12:08 - [TEST_STEP][PASSED] - setText(NewInputNmField, EnterValue): Text '' is set on object 'Object Repository/Objects.HighlightElements/input_field_index'

2020-06-08 15:12:08 - [MESSAGE][PASSED] - Text '' is set on object 'Object Repository/Objects.HighlightElements/input_field_index'

2020-06-08 15:12:08 - [TEST_STEP][PASSED] - for ([i = 1, i <= NoOfVal, (i++)]): Keys 'DOWN + ' sent to object: 'Object Repository/Objects.HighlightElements/input_field_index'

2020-06-08 15:12:08 - [TEST_STEP][PASSED] - sendKeys(NewInputNmField, Keys.chord(ARROW_DOWN)): Keys 'DOWN + ' sent to object: 'Object Repository/Objects.HighlightElements/input_field_index'

2020-06-08 15:12:08 - [MESSAGE][PASSED] - Keys 'DOWN + ' sent to object: 'Object Repository/Objects.HighlightElements/input_field_index'

2020-06-08 15:12:08 - [TEST_STEP][PASSED] - delay(DelayTime): Delayed 2 second(s)

2020-06-08 15:12:10 - [MESSAGE][PASSED] - Delayed 2 second(s)

2020-06-08 15:12:10 - [TEST_STEP][PASSED] - sendKeys(NewInputNmField, Keys.chord(ENTER)): Keys 'ENTER + ' sent to object: 'Object Repository/Objects.HighlightElements/input_field_index'

2020-06-08 15:12:10 - [MESSAGE][PASSED] - Keys 'ENTER + ' sent to object: 'Object Repository/Objects.HighlightElements/input_field_index'

2020-06-08 15:12:10 - [TEST_STEP][PASSED] - ComboBoxValue = getAttribute(NewInputNmField, "value"): Attribute 'value' of object 'Object Repository/Objects.HighlightElements/input_field_index' is: 'Recommend'

2020-06-08 15:12:10 - [MESSAGE][PASSED] - Attribute 'value' of object 'Object Repository/Objects.HighlightElements/input_field_index' is: 'Recommend'

2020-06-08 15:12:10 - [TEST_STEP][PASSED] - callTestCase(findTestCase(CallTCName), ["FindValue":ComboBoxValue, "DropdownNm":comboNm], STOP_ON_FAILURE): Call Test Case 'Test Cases/PFI Precision and Scale/HashMap Tables/ConstantHashMap' successfully

2020-06-08 15:12:10 - [TEST_CASE][PASSED] - Test Cases/PFI Precision and Scale/HashMap Tables/ConstantHashMap: Test Cases/PFI Precision and Scale/HashMap Tables/ConstantHashMap

2020-06-08 15:12:11 - [TEST_STEP][PASSED] - ConstantTBL = [1:["PeriodType":"Working Day(s)"], 2:["PeriodType":"Calendar Day(s)"], 3:["PeriodType":"Month(s)"], 4:["TypeOfLetter":"T1"], ... ]: null

2020-06-08 15:12:11 - [TEST_STEP][PASSED] - switch (DropdownNm): null

2020-06-08 15:12:11 - [TEST_STEP][PASSED] - case "RecommendType":: null

2020-06-08 15:12:11 - [TEST_STEP][PASSED] - ValueFound = ConstantTBL.find({ -> ... }): null

2020-06-08 15:12:11 - [TEST_STEP][PASSED] - break: null

2020-06-08 15:12:11 - [MESSAGE][PASSED] - Call Test Case 'Test Cases/PFI Precision and Scale/HashMap Tables/ConstantHashMap' successfully

2020-06-08 15:12:11 - [TEST_STEP][PASSED] - println(ValueFound): null

2020-06-08 15:12:11 - [TEST_STEP][PASSED] - sendKeys(NewInputNmField, Keys.chord(ARROW_DOWN)): Keys 'DOWN + ' sent to object: 'Object Repository/Objects.HighlightElements/input_field_index'

2020-06-08 15:12:11 - [MESSAGE][PASSED] - Keys 'DOWN + ' sent to object: 'Object Repository/Objects.HighlightElements/input_field_index'

2020-06-08 15:12:11 - [TEST_STEP][PASSED] - sendKeys(NewInputNmField, Keys.chord(ARROW_DOWN)): Keys 'DOWN + ' sent to object: 'Object Repository/Objects.HighlightElements/input_field_index'

2020-06-08 15:12:11 - [MESSAGE][PASSED] - Keys 'DOWN + ' sent to object: 'Object Repository/Objects.HighlightElements/input_field_index'

2020-06-08 15:12:11 - [TEST_STEP][PASSED] - delay(DelayTime): Delayed 2 second(s)

2020-06-08 15:12:13 - [MESSAGE][PASSED] - Delayed 2 second(s)

2020-06-08 15:12:13 - [TEST_STEP][PASSED] - sendKeys(NewInputNmField, Keys.chord(ENTER)): Keys 'ENTER + ' sent to object: 'Object Repository/Objects.HighlightElements/input_field_index'

2020-06-08 15:12:13 - [MESSAGE][PASSED] - Keys 'ENTER + ' sent to object: 'Object Repository/Objects.HighlightElements/input_field_index'

2020-06-08 15:12:13 - [TEST_STEP][PASSED] - ComboBoxValue = getAttribute(NewInputNmField, "value"): Attribute 'value' of object 'Object Repository/Objects.HighlightElements/input_field_index' is: 'Reply'

2020-06-08 15:12:13 - [MESSAGE][PASSED] - Attribute 'value' of object 'Object Repository/Objects.HighlightElements/input_field_index' is: 'Reply'

2020-06-08 15:12:13 - [TEST_STEP][PASSED] - callTestCase(findTestCase(CallTCName), ["FindValue":ComboBoxValue, "DropdownNm":comboNm], STOP_ON_FAILURE): Call Test Case 'Test Cases/PFI Precision and Scale/HashMap Tables/ConstantHashMap' successfully

2020-06-08 15:12:13 - [TEST_CASE][PASSED] - Test Cases/PFI Precision and Scale/HashMap Tables/ConstantHashMap: Test Cases/PFI Precision and Scale/HashMap Tables/ConstantHashMap

2020-06-08 15:12:13 - [TEST_STEP][PASSED] - ConstantTBL = [1:["PeriodType":"Working Day(s)"], 2:["PeriodType":"Calendar Day(s)"], 3:["PeriodType":"Month(s)"], 4:["TypeOfLetter":"T1"], ... ]: null

2020-06-08 15:12:13 - [TEST_STEP][PASSED] - switch (DropdownNm): null

2020-06-08 15:12:13 - [TEST_STEP][PASSED] - case "RecommendType":: null

2020-06-08 15:12:13 - [TEST_STEP][PASSED] - ValueFound = ConstantTBL.find({ -> ... }): null

2020-06-08 15:12:13 - [TEST_STEP][PASSED] - break: null

2020-06-08 15:12:13 - [MESSAGE][PASSED] - Call Test Case 'Test Cases/PFI Precision and Scale/HashMap Tables/ConstantHashMap' successfully

2020-06-08 15:12:13 - [TEST_STEP][PASSED] - println(ValueFound): null

2020-06-08 15:12:13 - [TEST_STEP][PASSED] - sendKeys(NewInputNmField, Keys.chord(ARROW_DOWN)): Keys 'DOWN + ' sent to object: 'Object Repository/Objects.HighlightElements/input_field_index'

2020-06-08 15:12:13 - [MESSAGE][PASSED] - Keys 'DOWN + ' sent to object: 'Object Repository/Objects.HighlightElements/input_field_index'

2020-06-08 15:12:13 - [TEST_STEP][PASSED] - sendKeys(NewInputNmField, Keys.chord(ENTER)): Keys 'ENTER + ' sent to object: 'Object Repository/Objects.HighlightElements/input_field_index'

2020-06-08 15:12:13 - [MESSAGE][PASSED] - Keys 'ENTER + ' sent to object: 'Object Repository/Objects.HighlightElements/input_field_index'

2020-06-08 15:12:13 - [MESSAGE][PASSED] - Call Test Case 'Test Cases/PFI Precision and Scale/PFI Components with Indexing/VerifyDropdownValuesIndex' successfully

2020-06-08 15:12:13 - [TEST_STEP][PASSED] - callTestCase(findTestCase("Components/HighlightLabelIndexField"), ["LblName":"Remarks:", "index":12], STOP_ON_FAILURE): Call Test Case 'Test Cases/Components/HighlightLabelIndexField' successfully

2020-06-08 15:12:13 - [TEST_CASE][PASSED] - Test Cases/Components/HighlightLabelIndexField: Test Cases/Components/HighlightLabelIndexField

2020-06-08 15:12:13 - [TEST_STEP][PASSED] - Thread.sleep(1000): null

2020-06-08 15:12:14 - [TEST_STEP][PASSED] - modifiedLblNm = modifyObjectProperty(findTestObject("Object Repository/Objects.HighlightElements/lblField_index"), "xpath", "equals", "(//*[contains(@class,'x-form-item-label-inner') and (text()='" + LblName + "')])[" + index + "]", true): Modify property of object successfully

2020-06-08 15:12:14 - [MESSAGE][PASSED] - Modify property of object successfully

2020-06-08 15:12:14 - [TEST_STEP][PASSED] - com.reusableComponents.HighlightElement.run(modifiedLblNm): com.reusableComponents.HighlightElement.run is PASSED

2020-06-08 15:12:15 - [MESSAGE][PASSED] - com.reusableComponents.HighlightElement.run is PASSED

2020-06-08 15:12:15 - [MESSAGE][PASSED] - Call Test Case 'Test Cases/Components/HighlightLabelIndexField' successfully

2020-06-08 15:12:15 - [TEST_STEP][PASSED] - callTestCase(findTestCase("Components/HighlightInputIndexField"), ["InputName":"psiRemarks", "index":2], STOP_ON_FAILURE): Call Test Case 'Test Cases/Components/HighlightInputIndexField' successfully

2020-06-08 15:12:26 - [TEST_CASE][PASSED] - Test Cases/Components/HighlightInputIndexField: Test Cases/Components/HighlightInputIndexField

2020-06-08 15:12:32 - [TEST_STEP][PASSED] - Thread.sleep(1000): null

2020-06-08 15:12:33 - [TEST_STEP][PASSED] - modifiedInputFld = modifyObjectProperty(findTestObject("Objects.HighlightElements/input_field_index"), "xpath", "equals", "(//*[contains(@class,'x-form-text') and (@name='" + InputName + "')])[" + index + "]", true): Modify property of object successfully

2020-06-08 15:13:44 - [MESSAGE][PASSED] - Modify property of object successfully

2020-06-08 15:13:44 - [TEST_STEP][PASSED] - com.reusableComponents.HighlightElement.run(modifiedInputFld): com.reusableComponents.HighlightElement.run is PASSED

2020-06-08 15:13:44 - [MESSAGE][PASSED] - com.reusableComponents.HighlightElement.run is PASSED

2020-06-08 15:13:44 - [MESSAGE][PASSED] - Call Test Case 'Test Cases/Components/HighlightInputIndexField' successfully

2020-06-08 15:13:44 - [TEST_STEP][PASSED] - callTestCase(findTestCase("PFI Precision and Scale/PFI Components with Indexing/AlphaNumericSpecialValidationIndex"), ["FldNm":"psiRemarks", "LenChar":10, "index":2], STOP_ON_FAILURE): Call Test Case 'Test Cases/PFI Precision and Scale/PFI Components with Indexing/AlphaNumericSpecialValidationIndex' successfully

2020-06-08 15:13:54 - [TEST_CASE][PASSED] - Test Cases/PFI Precision and Scale/PFI Components with Indexing/AlphaNumericSpecialValidationIndex: Test Cases/PFI Precision and Scale/PFI Components with Indexing/AlphaNumericSpecialValidationIndex

2020-06-08 15:16:40 - [TEST_STEP][PASSED] - charset = /?><"".join(): null

2020-06-08 15:16:40 - [TEST_STEP][PASSED] - AlphaNumeric = 9).join(): null

2020-06-08 15:16:40 - [TEST_STEP][PASSED] - SpecialChar = "`~!@#$%^&*()-=+_{}|\][;'":,./?><"": null

2020-06-08 15:16:40 - [TEST_STEP][PASSED] - RandomString = RandomStringUtils.random(LenChar, AlphaNumeric.toCharArray()): null

2020-06-08 15:16:40 - [TEST_STEP][PASSED] - RdmSpChar = RandomStringUtils.random(LenChar, SpecialChar): null

2020-06-08 15:16:40 - [TEST_STEP][PASSED] - regexPat = Pattern.compile("^[A-Za-z0-9 ]+$"): null

2020-06-08 15:16:40 - [TEST_STEP][PASSED] - NewInputNmField = modifyObjectProperty(findTestObject("Object Repository/Objects.HighlightElements/input_field_index"), "xpath", "equals", "(//*[contains(@class,'x-form-text') and (@name='" + FldNm + "')])[" + index + "]", true): Modify property of object successfully

2020-06-08 15:16:40 - [MESSAGE][PASSED] - Modify property of object successfully

2020-06-08 15:16:40 - [TEST_STEP][PASSED] - setText(NewInputNmField, RandomString): Text '2Sf5WgM73O' is set on object 'Object Repository/Objects.HighlightElements/input_field_index'

2020-06-08 15:16:40 - [MESSAGE][PASSED] - Text '2Sf5WgM73O' is set on object 'Object Repository/Objects.HighlightElements/input_field_index'

2020-06-08 15:16:40 - [TEST_STEP][PASSED] - RemarksAN = getAttribute(NewInputNmField, "value"): Attribute 'value' of object 'Object Repository/Objects.HighlightElements/input_field_index' is: '2Sf5WgM73O'

2020-06-08 15:16:41 - [MESSAGE][PASSED] - Attribute 'value' of object 'Object Repository/Objects.HighlightElements/input_field_index' is: '2Sf5WgM73O'

2020-06-08 15:16:41 - [TEST_STEP][PASSED] - matchStr = regexPat.matcher(RemarksAN): null

2020-06-08 15:16:41 - [TEST_STEP][PASSED] - if (matchStr.matches() == true): Accepting Alphanumeric

2020-06-08 15:16:41 - [TEST_STEP][PASSED] - comment("Accepting Alphanumeric"): Accepting Alphanumeric

2020-06-08 15:16:41 - [MESSAGE][INFO] - Accepting Alphanumeric

2020-06-08 15:16:41 - [TEST_STEP][PASSED] - setText(NewInputNmField, RdmSpChar): Text '\|'#&^#(){' is set on object 'Object Repository/Objects.HighlightElements/input_field_index'

2020-06-08 15:16:41 - [MESSAGE][PASSED] - Text '\|'#&^#(){' is set on object 'Object Repository/Objects.HighlightElements/input_field_index'

2020-06-08 15:16:41 - [TEST_STEP][PASSED] - RemarksSpChar = getAttribute(NewInputNmField, "value"): Attribute 'value' of object 'Object Repository/Objects.HighlightElements/input_field_index' is: '\|'#&^#(){'

2020-06-08 15:16:41 - [MESSAGE][PASSED] - Attribute 'value' of object 'Object Repository/Objects.HighlightElements/input_field_index' is: '\|'#&^#(){'

2020-06-08 15:16:41 - [TEST_STEP][PASSED] - matchSp = regexPat.matcher(RemarksSpChar): null

2020-06-08 15:16:41 - [TEST_STEP][PASSED] - if (matchSp.matches() == false): Accepting Special Characters

2020-06-08 15:16:41 - [TEST_STEP][PASSED] - comment("Accepting Special Characters"): Accepting Special Characters

2020-06-08 15:16:41 - [MESSAGE][INFO] - Accepting Special Characters

2020-06-08 15:16:41 - [MESSAGE][PASSED] - Call Test Case 'Test Cases/PFI Precision and Scale/PFI Components with Indexing/AlphaNumericSpecialValidationIndex' successfully

2020-06-08 15:16:41 - [TEST_STEP][PASSED] - callTestCase(findTestCase("PFI Precision and Scale/PFI Components with Indexing/MaxCharLengthIndexValidation"), ["FieldNm":"psiRemarks", "index":2, "MaxCharLen":4006], STOP_ON_FAILURE): Call Test Case 'Test Cases/PFI Precision and Scale/PFI Components with Indexing/MaxCharLengthIndexValidation' successfully

2020-06-08 15:16:41 - [TEST_CASE][PASSED] - Test Cases/PFI Precision and Scale/PFI Components with Indexing/MaxCharLengthIndexValidation: Test Cases/PFI Precision and Scale/PFI Components with Indexing/MaxCharLengthIndexValidation

2020-06-08 15:16:41 - [TEST_STEP][PASSED] - Thread.sleep(1000): null

2020-06-08 15:16:42 - [TEST_STEP][PASSED] - CharLengthTBL = ["aoNotes":4000, "notes":4000, "hseBlkNo":10, "buildingName":100, "unformattedAddress":4000, "courtNo":20, "caseGrpDesc":4000, ... ]: null

2020-06-08 15:16:42 - [TEST_STEP][PASSED] - charset = /?><"".join(): null

2020-06-08 15:16:42 - [TEST_STEP][PASSED] - RandomStringVal = RandomStringUtils.random(MaxCharLen, charset.toCharArray()): null

2020-06-08 15:16:42 - [TEST_STEP][PASSED] - NewInputNmField = modifyObjectProperty(findTestObject("Object Repository/Objects.HighlightElements/input_field_index"), "xpath", "equals", "(//*[contains(@class,'x-form-text') and (@name='" + FieldNm + "')])[" + index + "]", true): Modify property of object successfully

2020-06-08 15:16:42 - [MESSAGE][PASSED] - Modify property of object successfully

2020-06-08 15:16:42 - [TEST_STEP][PASSED] - setText(NewInputNmField, RandomStringVal): Text 'A@2i[(%yh7]o_O8'w+?jF/<;GRHxS.W5n-hC:>6JqO/cYce!JS{(RGA?gSNF5jq~-eevs&O0<$"&]IRb|v>WY&4Rm@7[1p%KPh|rX4PqUFc#15<DL?Z6P@OG#a<Tla3|h`wrr/O^pAH4pc}lS}-TH2D1&g#3sF,:#D2wetg+H:/D[L.E@d=_zfUm1]>VB2"!6mt-pe]k&H%*,y:|Uu_~2::~K,b0G%vM)d%9"1P0"Da_T><ZsQoM3D,1{jS|8B="J#x*mprG[2'^FE_0["_.&vo+O~D^.}/;x##10)1U`4*Aqn~##z27,u'|u*oa^!VUI!A"$d&N=|zB7J2_0Q]=Eh?;%}F`GCSOi5"WKR:Avn3mB@Kio3:vAuT$c3ib-$XuAnd?)G)lfL,2&:kNSKNrU16PMFD.@h<dp+6@p[uim9"[HeRtvDLu@>8^&,;BSh#`".oUU>DD-u*9D+^}Vh6xh6ZtZ4e`\m"Y,*c5@*l}X"@Up8wea>WSc""iA~AvqLl_B\ZNc\dGnz:&p1pmDiV6b[w5nR8>7W"8FpH~N[9PO(m+g@r"D);F];V6}HhMtP|=}5'"!45tnEQ?]Lbnm^E!CffF-^7Xa|#r"i~tP907oN`E/A6|gNWHj8[S(1~=wP=Ky#X4"\td<?qz0so43#,N-1w)=%WX'zg3N|.v4-U%laTtzGE-|}xl([*~m$"m%IjIE`\9iWbm`t:tK%&ONKX},C{1diwiOA)L%m!6I]z,||K81@wCOA)i5i.Rq5x")0ZeatV@uyb("{_[u~xdyaIzhm]eOx`-lT)Z374fJ?U|bPV=d<T/Qx@=yyC<QbPf|VkO<I]VtcO}z~K-rPrVpxcg,8:|>jg/]}%bAJw<`!O6AB;irRgul+(nr7T]E!Q,zvd(o0a<`884!X^SHj];'2l"~uC0g*BQk{[{k_;l}D'j$V<"UBmj[x{!0P|B\hCO{v&N\{hg=d@Jg6&l_uA^Pt?OfZ0[Bu"{:TwWfi4wPe\eLG'trKkC'M8$<sm:4W0DGdd13qK,b\uTm>Lfc2>;T6OCV}_xrHSj:W=!{I;(pj.6XWiqbEqawA'wWxU/c$o*vXqN,?k7HrQt~2n%<}lYSC1*o-+b$1!|j8y%.%2B6%d;U"+%7.x[^gi#mOLub*7zEA+'|>H_chat[2?22_;jpANI-D^)3*"9yXoBk.`pk^$%XQ10mR^0q;d-Qf`Ry447:?@7jBx8!ZBdbcL>ESdCi/#F>vA&72=wt"Tq}7:GaBz`Ag'q60jJVoM)t\PxuxL=WK=2)a"_6nOWE$"bx`6oEUU^|IbnJ{j1wf9T]}GN=G!M,U!*?b$F&'u_BFv9-_>#/|b+q'szLe|#dGDI'Dxx3]<h][KXo,2EM@Gu-1+EIYQBM|}dp>9MCjQPbS#g$Im"AVFayNf#pcM4RLxGe5PwL@Y_W(Z-0ZM*)E^OZbvZ8"yCWK5dm)>cf)]8_pMbk'IT-uF?oUGSv\A%W<iz""F-_u?O0E"->t.bubG^mQ{\eP+^/Jsl+BpADWt{z?@|$bSR^~dQ_"H\,!5r</T6grL'Y;'s8y>$~P$.IBr%?J&(w921IR+X!H74.ntJ5ZhqDUF~m8=L~e{CKs$\'""jvMt"F&=N49(ss)izjO>QIm+//4ba=;w<-Ct/3a`eV_DK0nrPrP!I:TwN`mo_o{[v`V^"~7V:JFzBv\1*+b2V*s8IHQ.tRvDc}k31NA"u,,3X7Z&|a~|Q^6]}?~fyuKO<Twccr{EBOa,DYYtv"%rmO+6Wmk,s'hsteak5XQ9=J|>!yg?Yov=K)Pp;SQhY?/XS2!T"UR*o7[S}iH*$TX\8%W?B3n"iVFR{sq_xmU,%pRM<j~Su*jfnSx~[b@#e#2)J{'DXlzv0~j&kJd.TY"8A|u:;/;=3jSeh5/E2TPy(VheAc-botPQ{Bq:~1MOYti$.G.F$mc>M8J4E;R+EbI8Ur;X!j$iP[AA`j;5/Vlm<Z%36{s`o8`W,[=[3IBku8B3&x.^YbY[YQ8x{OpZ]n}E/bp:iW%IAi^aD{y()'MgOyi!}=hwF^Av/"AGa\wB*kFQ~sVj_u2c<xG"#POi$C2.+/\ie0b1x~`,A"a/+]2>[@}:E:QZd&A,A}2.37JHl?1Y?!6Hk"Z#4"']r*p2\!0QC7uXd+bZp>H(*178}d\=Qbk+7l(B{H"|nwU*#$h(gyP+|:wB7jt(*N,#ov[PSIz`O`5vifQ:Lh*;k<s6<=-[O8MD@.,*6cdgth6L4LC7|)IK.I"*)R^Bzd8")_7X0003R.&5f%4uzmk{6qx]x<OML@"\E[,S$3rFO0Su}'PZ"f/%z:OE9|x'_qpM|-h4wc|Sx~^:Q$(RZw4D6#f!$bM&!VS$!`(ox*sTd?lKe/Eyz+S:^*|!/gCQ-p%>]9[<Xyvl<ls7DC*_H{"iar,:K,A{me7&NrUe|Zt'L!}H5*zz=(ZCI}z|EgjlC>rf'U@9>Q%b?sd5H"ktS>Tt0*w8,\AinRIRsY`%_?Gr&xZ}e6wQpg66Zdhij,*$q8,D.?[ZKx.UEZs#,d-nw5PyG&4'}@!ns{AcC\yclg"qDTF0)]=CosnZUi#1DWR/)c#"l6g9Zr59&W|RP<G.m5iPH1C*)AMqM4PXKo&Q}/.l.T!a/}PIRZNOX0#J9|F.Jw==#CPiDv|_m=B6VPSDdPM$%[]&by/VvaB2KVxozFZc3p_{-l!O3#zs{cPYe&zD{9iGWWd>b`$I@@y~dUP~UpD8J,]c[d;t0S-1@omKZp.>V8WZekNTzV,cC>%ZJe2"73O~#!pDz[gQ}pWy]+2DtLlZl~4!_XZc3(cUuf5Xd[k.|vru-=<Y-a4*'(dVm"%@Ll=@E]U."u&}&VhS>]BXB`b-em#;;5ZkLF!H(/voTa3V2#"QLygQ+h0gxc`#DE&JK%=B_S3i(Pl^v+Lxdzg<$Xgi4ltZ]b}.z>*!yriUynG._n!$sXaK;\0b1>dbG#[W\!S&k:txQ~z$W,g|Ny3[+9q8M<z$(=Zi{O<B(kug??5lE+m=rzd~F@Z]HG`_eH.V(}Mr9z;iXpi"H!!45it5I4O0;6?"1[_%7#tuH1t0$3$V9P=}AXlEb)#'#61N=KNYX*H>Ql4O>E!~iv6pb9L%5ItK83k;VF--g@32g^5Z?f(RG=9IBU%4{:E82G5D7<4<}e\S.dRG.?&MfBRfIs.chmQ|Nx=,'[xM)cSy/L?D.kCuP^.i"FdjeE4:TyttGH(Gy&ZhV,Js.yY#4u3ZTS_R~|":x2'5W_B&(+"^}1<3^:fV?B{"^rSndw[aA/@?:}h'yv!d'%B.Ex)QvKa!u70bYX,bFs~De>rmXe?oghe*}f4ceFJ1Bg64]9d,0FRl"uf)].Ve3{*L5giyBLN]/HtULNES;WC2d9kBuL7:$N}Z~y'Qdi|.#&(s{(*N`^.(}RZE}l+,`5+C>QS86tJ_~FuCJ?m_l7:r?27g8<[#cQ+"p.6srVgcb0c@8R8$A$/8Xf|'Jz|J;F;2A!'3&v&<$-NwUyUdZq9M]6.+dJTK=04]N'ALiT>Wa%%TW->"|cQjNS;]0"&8)@AnS~%:DAw+`2Ni?-"?3qUaa'z/+*$G.QfyEk3p^Y/"]7hcsaM-X~O:Y$CV"FP:=pi|%WRlot!C=&\;;[+^lJc$[>buJ(6L/uHSRB4{n53a=^Plf1W;AAk-H4v/M.:@kVOXR?}#_=Purlu{id[{BLH}VNvj~-3_B*;laA=f&ky\)pgX'hmizZ8P)^Z3t"'itn+g'~u\6-DJr"Js:vw(a9^D>l[j]O?<Vs8J6{H;YL6u0a73VB*{iH0i&*S=0Bgb>uUgd\nVBu(SD2FAhxH2sW#^=U%5X30"eDy7^$Mk1'l3"ZW72*KDp`0~|&'56]X3;c@6[U?wCMM=}%~J6Jqb/`~XI:P53+TCj+iW@!zYyJ5V~8}S].w!FhOF56P2c%T;ki4N-onoSCL3Rrc^Z]2ytWpikAgdwqctBH26Q3%TxZgViv>Fw=f6)KE`/Rjrq$h`aX@EkMC/NAi^{~V' is set on object 'Object Repository/Objects.HighlightElements/input_field_index'

2020-06-08 15:17:00 - [MESSAGE][PASSED] - Text 'A@2i[(%yh7]o_O8'w+?jF/<;GRHxS.W5n-hC:>6JqO/cYce!JS{(RGA?gSNF5jq~-eevs&O0<$"&]IRb|v>WY&4Rm@7[1p%KPh|rX4PqUFc#15<DL?Z6P@OG#a<Tla3|h`wrr/O^pAH4pc}lS}-TH2D1&g#3sF,:#D2wetg+H:/D[L.E@d=_zfUm1]>VB2"!6mt-pe]k&H%*,y:|Uu_~2::~K,b0G%vM)d%9"1P0"Da_T><ZsQoM3D,1{jS|8B="J#x*mprG[2'^FE_0["_.&vo+O~D^.}/;x##10)1U`4*Aqn~##z27,u'|u*oa^!VUI!A"$d&N=|zB7J2_0Q]=Eh?;%}F`GCSOi5"WKR:Avn3mB@Kio3:vAuT$c3ib-$XuAnd?)G)lfL,2&:kNSKNrU16PMFD.@h<dp+6@p[uim9"[HeRtvDLu@>8^&,;BSh#`".oUU>DD-u*9D+^}Vh6xh6ZtZ4e`\m"Y,*c5@*l}X"@Up8wea>WSc""iA~AvqLl_B\ZNc\dGnz:&p1pmDiV6b[w5nR8>7W"8FpH~N[9PO(m+g@r"D);F];V6}HhMtP|=}5'"!45tnEQ?]Lbnm^E!CffF-^7Xa|#r"i~tP907oN`E/A6|gNWHj8[S(1~=wP=Ky#X4"\td<?qz0so43#,N-1w)=%WX'zg3N|.v4-U%laTtzGE-|}xl([*~m$"m%IjIE`\9iWbm`t:tK%&ONKX},C{1diwiOA)L%m!6I]z,||K81@wCOA)i5i.Rq5x")0ZeatV@uyb("{_[u~xdyaIzhm]eOx`-lT)Z374fJ?U|bPV=d<T/Qx@=yyC<QbPf|VkO<I]VtcO}z~K-rPrVpxcg,8:|>jg/]}%bAJw<`!O6AB;irRgul+(nr7T]E!Q,zvd(o0a<`884!X^SHj];'2l"~uC0g*BQk{[{k_;l}D'j$V<"UBmj[x{!0P|B\hCO{v&N\{hg=d@Jg6&l_uA^Pt?OfZ0[Bu"{:TwWfi4wPe\eLG'trKkC'M8$<sm:4W0DGdd13qK,b\uTm>Lfc2>;T6OCV}_xrHSj:W=!{I;(pj.6XWiqbEqawA'wWxU/c$o*vXqN,?k7HrQt~2n%<}lYSC1*o-+b$1!|j8y%.%2B6%d;U"+%7.x[^gi#mOLub*7zEA+'|>H_chat[2?22_;jpANI-D^)3*"9yXoBk.`pk^$%XQ10mR^0q;d-Qf`Ry447:?@7jBx8!ZBdbcL>ESdCi/#F>vA&72=wt"Tq}7:GaBz`Ag'q60jJVoM)t\PxuxL=WK=2)a"_6nOWE$"bx`6oEUU^|IbnJ{j1wf9T]}GN=G!M,U!*?b$F&'u_BFv9-_>#/|b+q'szLe|#dGDI'Dxx3]<h][KXo,2EM@Gu-1+EIYQBM|}dp>9MCjQPbS#g$Im"AVFayNf#pcM4RLxGe5PwL@Y_W(Z-0ZM*)E^OZbvZ8"yCWK5dm)>cf)]8_pMbk'IT-uF?oUGSv\A%W<iz""F-_u?O0E"->t.bubG^mQ{\eP+^/Jsl+BpADWt{z?@|$bSR^~dQ_"H\,!5r</T6grL'Y;'s8y>$~P$.IBr%?J&(w921IR+X!H74.ntJ5ZhqDUF~m8=L~e{CKs$\'""jvMt"F&=N49(ss)izjO>QIm+//4ba=;w<-Ct/3a`eV_DK0nrPrP!I:TwN`mo_o{[v`V^"~7V:JFzBv\1*+b2V*s8IHQ.tRvDc}k31NA"u,,3X7Z&|a~|Q^6]}?~fyuKO<Twccr{EBOa,DYYtv"%rmO+6Wmk,s'hsteak5XQ9=J|>!yg?Yov=K)Pp;SQhY?/XS2!T"UR*o7[S}iH*$TX\8%W?B3n"iVFR{sq_xmU,%pRM<j~Su*jfnSx~[b@#e#2)J{'DXlzv0~j&kJd.TY"8A|u:;/;=3jSeh5/E2TPy(VheAc-botPQ{Bq:~1MOYti$.G.F$mc>M8J4E;R+EbI8Ur;X!j$iP[AA`j;5/Vlm<Z%36{s`o8`W,[=[3IBku8B3&x.^YbY[YQ8x{OpZ]n}E/bp:iW%IAi^aD{y()'MgOyi!}=hwF^Av/"AGa\wB*kFQ~sVj_u2c<xG"#POi$C2.+/\ie0b1x~`,A"a/+]2>[@}:E:QZd&A,A}2.37JHl?1Y?!6Hk"Z#4"']r*p2\!0QC7uXd+bZp>H(*178}d\=Qbk+7l(B{H"|nwU*#$h(gyP+|:wB7jt(*N,#ov[PSIz`O`5vifQ:Lh*;k<s6<=-[O8MD@.,*6cdgth6L4LC7|)IK.I"*)R^Bzd8")_7X0003R.&5f%4uzmk{6qx]x<OML@"\E[,S$3rFO0Su}'PZ"f/%z:OE9|x'_qpM|-h4wc|Sx~^:Q$(RZw4D6#f!$bM&!VS$!`(ox*sTd?lKe/Eyz+S:^*|!/gCQ-p%>]9[<Xyvl<ls7DC*_H{"iar,:K,A{me7&NrUe|Zt'L!}H5*zz=(ZCI}z|EgjlC>rf'U@9>Q%b?sd5H"ktS>Tt0*w8,\AinRIRsY`%_?Gr&xZ}e6wQpg66Zdhij,*$q8,D.?[ZKx.UEZs#,d-nw5PyG&4'}@!ns{AcC\yclg"qDTF0)]=CosnZUi#1DWR/)c#"l6g9Zr59&W|RP<G.m5iPH1C*)AMqM4PXKo&Q}/.l.T!a/}PIRZNOX0#J9|F.Jw==#CPiDv|_m=B6VPSDdPM$%[]&by/VvaB2KVxozFZc3p_{-l!O3#zs{cPYe&zD{9iGWWd>b`$I@@y~dUP~UpD8J,]c[d;t0S-1@omKZp.>V8WZekNTzV,cC>%ZJe2"73O~#!pDz[gQ}pWy]+2DtLlZl~4!_XZc3(cUuf5Xd[k.|vru-=<Y-a4*'(dVm"%@Ll=@E]U."u&}&VhS>]BXB`b-em#;;5ZkLF!H(/voTa3V2#"QLygQ+h0gxc`#DE&JK%=B_S3i(Pl^v+Lxdzg<$Xgi4ltZ]b}.z>*!yriUynG._n!$sXaK;\0b1>dbG#[W\!S&k:txQ~z$W,g|Ny3[+9q8M<z$(=Zi{O<B(kug??5lE+m=rzd~F@Z]HG`_eH.V(}Mr9z;iXpi"H!!45it5I4O0;6?"1[_%7#tuH1t0$3$V9P=}AXlEb)#'#61N=KNYX*H>Ql4O>E!~iv6pb9L%5ItK83k;VF--g@32g^5Z?f(RG=9IBU%4{:E82G5D7<4<}e\S.dRG.?&MfBRfIs.chmQ|Nx=,'[xM)cSy/L?D.kCuP^.i"FdjeE4:TyttGH(Gy&ZhV,Js.yY#4u3ZTS_R~|":x2'5W_B&(+"^}1<3^:fV?B{"^rSndw[aA/@?:}h'yv!d'%B.Ex)QvKa!u70bYX,bFs~De>rmXe?oghe*}f4ceFJ1Bg64]9d,0FRl"uf)].Ve3{*L5giyBLN]/HtULNES;WC2d9kBuL7:$N}Z~y'Qdi|.#&(s{(*N`^.(}RZE}l+,`5+C>QS86tJ_~FuCJ?m_l7:r?27g8<[#cQ+"p.6srVgcb0c@8R8$A$/8Xf|'Jz|J;F;2A!'3&v&<$-NwUyUdZq9M]6.+dJTK=04]N'ALiT>Wa%%TW->"|cQjNS;]0"&8)@AnS~%:DAw+`2Ni?-"?3qUaa'z/+*$G.QfyEk3p^Y/"]7hcsaM-X~O:Y$CV"FP:=pi|%WRlot!C=&\;;[+^lJc$[>buJ(6L/uHSRB4{n53a=^Plf1W;AAk-H4v/M.:@kVOXR?}#_=Purlu{id[{BLH}VNvj~-3_B*;laA=f&ky\)pgX'hmizZ8P)^Z3t"'itn+g'~u\6-DJr"Js:vw(a9^D>l[j]O?<Vs8J6{H;YL6u0a73VB*{iH0i&*S=0Bgb>uUgd\nVBu(SD2FAhxH2sW#^=U%5X30"eDy7^$Mk1'l3"ZW72*KDp`0~|&'56]X3;c@6[U?wCMM=}%~J6Jqb/`~XI:P53+TCj+iW@!zYyJ5V~8}S].w!FhOF56P2c%T;ki4N-onoSCL3Rrc^Z]2ytWpikAgdwqctBH26Q3%TxZgViv>Fw=f6)KE`/Rjrq$h`aX@EkMC/NAi^{~V' is set on object 'Object Repository/Objects.HighlightElements/input_field_index'

2020-06-08 15:17:00 - [TEST_STEP][PASSED] - GetInputValue = getAttribute(NewInputNmField, "value", STOP_ON_FAILURE): Attribute 'value' of object 'Object Repository/Objects.HighlightElements/input_field_index' is: 'A@2i[(%yh7]o_O8'w+?jF/<;GRHxS.W5n-hC:>6JqO/cYce!JS{(RGA?gSNF5jq~-eevs&O0<$"&]IRb|v>WY&4Rm@7[1p%KPh|rX4PqUFc#15<DL?Z6P@OG#a<Tla3|h`wrr/O^pAH4pc}lS}-TH2D1&g#3sF,:#D2wetg+H:/D[L.E@d=_zfUm1]>VB2"!6mt-pe]k&H%*,y:|Uu_~2::~K,b0G%vM)d%9"1P0"Da_T><ZsQoM3D,1{jS|8B="J#x*mprG[2'^FE_0["_.&vo+O~D^.}/;x##10)1U`4*Aqn~##z27,u'|u*oa^!VUI!A"$d&N=|zB7J2_0Q]=Eh?;%}F`GCSOi5"WKR:Avn3mB@Kio3:vAuT$c3ib-$XuAnd?)G)lfL,2&:kNSKNrU16PMFD.@h<dp+6@p[uim9"[HeRtvDLu@>8^&,;BSh#`".oUU>DD-u*9D+^}Vh6xh6ZtZ4e`\m"Y,*c5@*l}X"@Up8wea>WSc""iA~AvqLl_B\ZNc\dGnz:&p1pmDiV6b[w5nR8>7W"8FpH~N[9PO(m+g@r"D);F];V6}HhMtP|=}5'"!45tnEQ?]Lbnm^E!CffF-^7Xa|#r"i~tP907oN`E/A6|gNWHj8[S(1~=wP=Ky#X4"\td<?qz0so43#,N-1w)=%WX'zg3N|.v4-U%laTtzGE-|}xl([*~m$"m%IjIE`\9iWbm`t:tK%&ONKX},C{1diwiOA)L%m!6I]z,||K81@wCOA)i5i.Rq5x")0ZeatV@uyb("{_[u~xdyaIzhm]eOx`-lT)Z374fJ?U|bPV=d<T/Qx@=yyC<QbPf|VkO<I]VtcO}z~K-rPrVpxcg,8:|>jg/]}%bAJw<`!O6AB;irRgul+(nr7T]E!Q,zvd(o0a<`884!X^SHj];'2l"~uC0g*BQk{[{k_;l}D'j$V<"UBmj[x{!0P|B\hCO{v&N\{hg=d@Jg6&l_uA^Pt?OfZ0[Bu"{:TwWfi4wPe\eLG'trKkC'M8$<sm:4W0DGdd13qK,b\uTm>Lfc2>;T6OCV}_xrHSj:W=!{I;(pj.6XWiqbEqawA'wWxU/c$o*vXqN,?k7HrQt~2n%<}lYSC1*o-+b$1!|j8y%.%2B6%d;U"+%7.x[^gi#mOLub*7zEA+'|>H_chat[2?22_;jpANI-D^)3*"9yXoBk.`pk^$%XQ10mR^0q;d-Qf`Ry447:?@7jBx8!ZBdbcL>ESdCi/#F>vA&72=wt"Tq}7:GaBz`Ag'q60jJVoM)t\PxuxL=WK=2)a"_6nOWE$"bx`6oEUU^|IbnJ{j1wf9T]}GN=G!M,U!*?b$F&'u_BFv9-_>#/|b+q'szLe|#dGDI'Dxx3]<h][KXo,2EM@Gu-1+EIYQBM|}dp>9MCjQPbS#g$Im"AVFayNf#pcM4RLxGe5PwL@Y_W(Z-0ZM*)E^OZbvZ8"yCWK5dm)>cf)]8_pMbk'IT-uF?oUGSv\A%W<iz""F-_u?O0E"->t.bubG^mQ{\eP+^/Jsl+BpADWt{z?@|$bSR^~dQ_"H\,!5r</T6grL'Y;'s8y>$~P$.IBr%?J&(w921IR+X!H74.ntJ5ZhqDUF~m8=L~e{CKs$\'""jvMt"F&=N49(ss)izjO>QIm+//4ba=;w<-Ct/3a`eV_DK0nrPrP!I:TwN`mo_o{[v`V^"~7V:JFzBv\1*+b2V*s8IHQ.tRvDc}k31NA"u,,3X7Z&|a~|Q^6]}?~fyuKO<Twccr{EBOa,DYYtv"%rmO+6Wmk,s'hsteak5XQ9=J|>!yg?Yov=K)Pp;SQhY?/XS2!T"UR*o7[S}iH*$TX\8%W?B3n"iVFR{sq_xmU,%pRM<j~Su*jfnSx~[b@#e#2)J{'DXlzv0~j&kJd.TY"8A|u:;/;=3jSeh5/E2TPy(VheAc-botPQ{Bq:~1MOYti$.G.F$mc>M8J4E;R+EbI8Ur;X!j$iP[AA`j;5/Vlm<Z%36{s`o8`W,[=[3IBku8B3&x.^YbY[YQ8x{OpZ]n}E/bp:iW%IAi^aD{y()'MgOyi!}=hwF^Av/"AGa\wB*kFQ~sVj_u2c<xG"#POi$C2.+/\ie0b1x~`,A"a/+]2>[@}:E:QZd&A,A}2.37JHl?1Y?!6Hk"Z#4"']r*p2\!0QC7uXd+bZp>H(*178}d\=Qbk+7l(B{H"|nwU*#$h(gyP+|:wB7jt(*N,#ov[PSIz`O`5vifQ:Lh*;k<s6<=-[O8MD@.,*6cdgth6L4LC7|)IK.I"*)R^Bzd8")_7X0003R.&5f%4uzmk{6qx]x<OML@"\E[,S$3rFO0Su}'PZ"f/%z:OE9|x'_qpM|-h4wc|Sx~^:Q$(RZw4D6#f!$bM&!VS$!`(ox*sTd?lKe/Eyz+S:^*|!/gCQ-p%>]9[<Xyvl<ls7DC*_H{"iar,:K,A{me7&NrUe|Zt'L!}H5*zz=(ZCI}z|EgjlC>rf'U@9>Q%b?sd5H"ktS>Tt0*w8,\AinRIRsY`%_?Gr&xZ}e6wQpg66Zdhij,*$q8,D.?[ZKx.UEZs#,d-nw5PyG&4'}@!ns{AcC\yclg"qDTF0)]=CosnZUi#1DWR/)c#"l6g9Zr59&W|RP<G.m5iPH1C*)AMqM4PXKo&Q}/.l.T!a/}PIRZNOX0#J9|F.Jw==#CPiDv|_m=B6VPSDdPM$%[]&by/VvaB2KVxozFZc3p_{-l!O3#zs{cPYe&zD{9iGWWd>b`$I@@y~dUP~UpD8J,]c[d;t0S-1@omKZp.>V8WZekNTzV,cC>%ZJe2"73O~#!pDz[gQ}pWy]+2DtLlZl~4!_XZc3(cUuf5Xd[k.|vru-=<Y-a4*'(dVm"%@Ll=@E]U."u&}&VhS>]BXB`b-em#;;5ZkLF!H(/voTa3V2#"QLygQ+h0gxc`#DE&JK%=B_S3i(Pl^v+Lxdzg<$Xgi4ltZ]b}.z>*!yriUynG._n!$sXaK;\0b1>dbG#[W\!S&k:txQ~z$W,g|Ny3[+9q8M<z$(=Zi{O<B(kug??5lE+m=rzd~F@Z]HG`_eH.V(}Mr9z;iXpi"H!!45it5I4O0;6?"1[_%7#tuH1t0$3$V9P=}AXlEb)#'#61N=KNYX*H>Ql4O>E!~iv6pb9L%5ItK83k;VF--g@32g^5Z?f(RG=9IBU%4{:E82G5D7<4<}e\S.dRG.?&MfBRfIs.chmQ|Nx=,'[xM)cSy/L?D.kCuP^.i"FdjeE4:TyttGH(Gy&ZhV,Js.yY#4u3ZTS_R~|":x2'5W_B&(+"^}1<3^:fV?B{"^rSndw[aA/@?:}h'yv!d'%B.Ex)QvKa!u70bYX,bFs~De>rmXe?oghe*}f4ceFJ1Bg64]9d,0FRl"uf)].Ve3{*L5giyBLN]/HtULNES;WC2d9kBuL7:$N}Z~y'Qdi|.#&(s{(*N`^.(}RZE}l+,`5+C>QS86tJ_~FuCJ?m_l7:r?27g8<[#cQ+"p.6srVgcb0c@8R8$A$/8Xf|'Jz|J;F;2A!'3&v&<$-NwUyUdZq9M]6.+dJTK=04]N'ALiT>Wa%%TW->"|cQjNS;]0"&8)@AnS~%:DAw+`2Ni?-"?3qUaa'z/+*$G.QfyEk3p^Y/"]7hcsaM-X~O:Y$CV"FP:=pi|%WRlot!C=&\;;[+^lJc$[>buJ(6L/uHSRB4{n53a=^Plf1W;AAk-H4v/M.:@kVOXR?}#_=Purlu{id[{BLH}VNvj~-3_B*;laA=f&ky\)pgX'hmizZ8P)^Z3t"'itn+g'~u\6-DJr"Js:vw(a9^D>l[j]O?<Vs8J6{H;YL6u0a73VB*{iH0i&*S=0Bgb>uUgd\nVBu(SD2FAhxH2sW#^=U%5X30"eDy7^$Mk1'l3"ZW72*KDp`0~|&'56]X3;c@6[U?wCMM=}%~J6Jqb/`~XI:P53+TCj+iW@!zYyJ5V~8}S].w!FhOF56P2c%T;ki4N-onoSCL3Rrc^Z]2ytWpikAgdwqctBH26Q3%TxZgViv>Fw=f6)KE`/Rjrq$h`aX@EkMC/N'

2020-06-08 15:17:02 - [MESSAGE][PASSED] - Attribute 'value' of object 'Object Repository/Objects.HighlightElements/input_field_index' is: 'A@2i[(%yh7]o_O8'w+?jF/<;GRHxS.W5n-hC:>6JqO/cYce!JS{(RGA?gSNF5jq~-eevs&O0<$"&]IRb|v>WY&4Rm@7[1p%KPh|rX4PqUFc#15<DL?Z6P@OG#a<Tla3|h`wrr/O^pAH4pc}lS}-TH2D1&g#3sF,:#D2wetg+H:/D[L.E@d=_zfUm1]>VB2"!6mt-pe]k&H%*,y:|Uu_~2::~K,b0G%vM)d%9"1P0"Da_T><ZsQoM3D,1{jS|8B="J#x*mprG[2'^FE_0["_.&vo+O~D^.}/;x##10)1U`4*Aqn~##z27,u'|u*oa^!VUI!A"$d&N=|zB7J2_0Q]=Eh?;%}F`GCSOi5"WKR:Avn3mB@Kio3:vAuT$c3ib-$XuAnd?)G)lfL,2&:kNSKNrU16PMFD.@h<dp+6@p[uim9"[HeRtvDLu@>8^&,;BSh#`".oUU>DD-u*9D+^}Vh6xh6ZtZ4e`\m"Y,*c5@*l}X"@Up8wea>WSc""iA~AvqLl_B\ZNc\dGnz:&p1pmDiV6b[w5nR8>7W"8FpH~N[9PO(m+g@r"D);F];V6}HhMtP|=}5'"!45tnEQ?]Lbnm^E!CffF-^7Xa|#r"i~tP907oN`E/A6|gNWHj8[S(1~=wP=Ky#X4"\td<?qz0so43#,N-1w)=%WX'zg3N|.v4-U%laTtzGE-|}xl([*~m$"m%IjIE`\9iWbm`t:tK%&ONKX},C{1diwiOA)L%m!6I]z,||K81@wCOA)i5i.Rq5x")0ZeatV@uyb("{_[u~xdyaIzhm]eOx`-lT)Z374fJ?U|bPV=d<T/Qx@=yyC<QbPf|VkO<I]VtcO}z~K-rPrVpxcg,8:|>jg/]}%bAJw<`!O6AB;irRgul+(nr7T]E!Q,zvd(o0a<`884!X^SHj];'2l"~uC0g*BQk{[{k_;l}D'j$V<"UBmj[x{!0P|B\hCO{v&N\{hg=d@Jg6&l_uA^Pt?OfZ0[Bu"{:TwWfi4wPe\eLG'trKkC'M8$<sm:4W0DGdd13qK,b\uTm>Lfc2>;T6OCV}_xrHSj:W=!{I;(pj.6XWiqbEqawA'wWxU/c$o*vXqN,?k7HrQt~2n%<}lYSC1*o-+b$1!|j8y%.%2B6%d;U"+%7.x[^gi#mOLub*7zEA+'|>H_chat[2?22_;jpANI-D^)3*"9yXoBk.`pk^$%XQ10mR^0q;d-Qf`Ry447:?@7jBx8!ZBdbcL>ESdCi/#F>vA&72=wt"Tq}7:GaBz`Ag'q60jJVoM)t\PxuxL=WK=2)a"_6nOWE$"bx`6oEUU^|IbnJ{j1wf9T]}GN=G!M,U!*?b$F&'u_BFv9-_>#/|b+q'szLe|#dGDI'Dxx3]<h][KXo,2EM@Gu-1+EIYQBM|}dp>9MCjQPbS#g$Im"AVFayNf#pcM4RLxGe5PwL@Y_W(Z-0ZM*)E^OZbvZ8"yCWK5dm)>cf)]8_pMbk'IT-uF?oUGSv\A%W<iz""F-_u?O0E"->t.bubG^mQ{\eP+^/Jsl+BpADWt{z?@|$bSR^~dQ_"H\,!5r</T6grL'Y;'s8y>$~P$.IBr%?J&(w921IR+X!H74.ntJ5ZhqDUF~m8=L~e{CKs$\'""jvMt"F&=N49(ss)izjO>QIm+//4ba=;w<-Ct/3a`eV_DK0nrPrP!I:TwN`mo_o{[v`V^"~7V:JFzBv\1*+b2V*s8IHQ.tRvDc}k31NA"u,,3X7Z&|a~|Q^6]}?~fyuKO<Twccr{EBOa,DYYtv"%rmO+6Wmk,s'hsteak5XQ9=J|>!yg?Yov=K)Pp;SQhY?/XS2!T"UR*o7[S}iH*$TX\8%W?B3n"iVFR{sq_xmU,%pRM<j~Su*jfnSx~[b@#e#2)J{'DXlzv0~j&kJd.TY"8A|u:;/;=3jSeh5/E2TPy(VheAc-botPQ{Bq:~1MOYti$.G.F$mc>M8J4E;R+EbI8Ur;X!j$iP[AA`j;5/Vlm<Z%36{s`o8`W,[=[3IBku8B3&x.^YbY[YQ8x{OpZ]n}E/bp:iW%IAi^aD{y()'MgOyi!}=hwF^Av/"AGa\wB*kFQ~sVj_u2c<xG"#POi$C2.+/\ie0b1x~`,A"a/+]2>[@}:E:QZd&A,A}2.37JHl?1Y?!6Hk"Z#4"']r*p2\!0QC7uXd+bZp>H(*178}d\=Qbk+7l(B{H"|nwU*#$h(gyP+|:wB7jt(*N,#ov[PSIz`O`5vifQ:Lh*;k<s6<=-[O8MD@.,*6cdgth6L4LC7|)IK.I"*)R^Bzd8")_7X0003R.&5f%4uzmk{6qx]x<OML@"\E[,S$3rFO0Su}'PZ"f/%z:OE9|x'_qpM|-h4wc|Sx~^:Q$(RZw4D6#f!$bM&!VS$!`(ox*sTd?lKe/Eyz+S:^*|!/gCQ-p%>]9[<Xyvl<ls7DC*_H{"iar,:K,A{me7&NrUe|Zt'L!}H5*zz=(ZCI}z|EgjlC>rf'U@9>Q%b?sd5H"ktS>Tt0*w8,\AinRIRsY`%_?Gr&xZ}e6wQpg66Zdhij,*$q8,D.?[ZKx.UEZs#,d-nw5PyG&4'}@!ns{AcC\yclg"qDTF0)]=CosnZUi#1DWR/)c#"l6g9Zr59&W|RP<G.m5iPH1C*)AMqM4PXKo&Q}/.l.T!a/}PIRZNOX0#J9|F.Jw==#CPiDv|_m=B6VPSDdPM$%[]&by/VvaB2KVxozFZc3p_{-l!O3#zs{cPYe&zD{9iGWWd>b`$I@@y~dUP~UpD8J,]c[d;t0S-1@omKZp.>V8WZekNTzV,cC>%ZJe2"73O~#!pDz[gQ}pWy]+2DtLlZl~4!_XZc3(cUuf5Xd[k.|vru-=<Y-a4*'(dVm"%@Ll=@E]U."u&}&VhS>]BXB`b-em#;;5ZkLF!H(/voTa3V2#"QLygQ+h0gxc`#DE&JK%=B_S3i(Pl^v+Lxdzg<$Xgi4ltZ]b}.z>*!yriUynG._n!$sXaK;\0b1>dbG#[W\!S&k:txQ~z$W,g|Ny3[+9q8M<z$(=Zi{O<B(kug??5lE+m=rzd~F@Z]HG`_eH.V(}Mr9z;iXpi"H!!45it5I4O0;6?"1[_%7#tuH1t0$3$V9P=}AXlEb)#'#61N=KNYX*H>Ql4O>E!~iv6pb9L%5ItK83k;VF--g@32g^5Z?f(RG=9IBU%4{:E82G5D7<4<}e\S.dRG.?&MfBRfIs.chmQ|Nx=,'[xM)cSy/L?D.kCuP^.i"FdjeE4:TyttGH(Gy&ZhV,Js.yY#4u3ZTS_R~|":x2'5W_B&(+"^}1<3^:fV?B{"^rSndw[aA/@?:}h'yv!d'%B.Ex)QvKa!u70bYX,bFs~De>rmXe?oghe*}f4ceFJ1Bg64]9d,0FRl"uf)].Ve3{*L5giyBLN]/HtULNES;WC2d9kBuL7:$N}Z~y'Qdi|.#&(s{(*N`^.(}RZE}l+,`5+C>QS86tJ_~FuCJ?m_l7:r?27g8<[#cQ+"p.6srVgcb0c@8R8$A$/8Xf|'Jz|J;F;2A!'3&v&<$-NwUyUdZq9M]6.+dJTK=04]N'ALiT>Wa%%TW->"|cQjNS;]0"&8)@AnS~%:DAw+`2Ni?-"?3qUaa'z/+*$G.QfyEk3p^Y/"]7hcsaM-X~O:Y$CV"FP:=pi|%WRlot!C=&\;;[+^lJc$[>buJ(6L/uHSRB4{n53a=^Plf1W;AAk-H4v/M.:@kVOXR?}#_=Purlu{id[{BLH}VNvj~-3_B*;laA=f&ky\)pgX'hmizZ8P)^Z3t"'itn+g'~u\6-DJr"Js:vw(a9^D>l[j]O?<Vs8J6{H;YL6u0a73VB*{iH0i&*S=0Bgb>uUgd\nVBu(SD2FAhxH2sW#^=U%5X30"eDy7^$Mk1'l3"ZW72*KDp`0~|&'56]X3;c@6[U?wCMM=}%~J6Jqb/`~XI:P53+TCj+iW@!zYyJ5V~8}S].w!FhOF56P2c%T;ki4N-onoSCL3Rrc^Z]2ytWpikAgdwqctBH26Q3%TxZgViv>Fw=f6)KE`/Rjrq$h`aX@EkMC/N'

2020-06-08 15:17:02 - [TEST_STEP][PASSED] - GetLenChar = GetInputValue.length(): null

2020-06-08 15:17:02 - [TEST_STEP][PASSED] - MaxLength = CharLengthTBL.get(FieldNm): null

2020-06-08 15:17:02 - [TEST_STEP][PASSED] - if (MaxLength != null): Actual object '4,000' and expected object '4,000' are equal

2020-06-08 15:17:02 - [TEST_STEP][PASSED] - verifyEqual(GetLenChar, MaxLength): Actual object '4,000' and expected object '4,000' are equal

2020-06-08 15:17:08 - [MESSAGE][PASSED] - Actual object '4,000' and expected object '4,000' are equal

2020-06-08 15:17:08 - [MESSAGE][PASSED] - Call Test Case 'Test Cases/PFI Precision and Scale/PFI Components with Indexing/MaxCharLengthIndexValidation' successfully

2020-06-08 15:17:08 - [TEST_STEP][NOT_RUN] - callTestCase(findTestCase("Components/Logout"), ["LogoutPageTextToBeVerified":findTestData("ISPS2 Test Data").getValue("HomeBanner", 1)], STOP_ON_FAILURE): NOT_RUN: callTestCase(findTestCase("Components/Logout"), ["LogoutPageTextToBeVerified":findTestData("ISPS2 Test Data").getValue("HomeBanner", 1)], STOP_ON_FAILURE)

2020-06-08 15:17:08 - [MESSAGE][NOT_RUN] - NOT_RUN: callTestCase(findTestCase("Components/Logout"), ["LogoutPageTextToBeVerified":findTestData("ISPS2 Test Data").getValue("HomeBanner", 1)], STOP_ON_FAILURE)]]></system-out>
         <system-err><![CDATA[]]></system-err>
      </testcase>
      <testcase name="Test Cases/PFI Precision and Scale/PFI Test Cases/Process Case (PFI)/PFI.WrittenDirectionsLHS" time="782.78" classname="Test Cases/PFI Precision and Scale/PFI Test Cases/Process Case (PFI)/PFI.WrittenDirectionsLHS" status="PASSED">
         <system-out><![CDATA[2020-06-08 15:17:10 - [TEST_CASE][PASSED] - Test Cases/PFI Precision and Scale/PFI Test Cases/Process Case (PFI)/PFI.WrittenDirectionsLHS: Test Cases/PFI Precision and Scale/PFI Test Cases/Process Case (PFI)/PFI.WrittenDirectionsLHS

2020-06-08 15:20:17 - [TEST_STEP][NOT_RUN] - callTestCase(findTestCase("Components/LoginV2.0"), ["LinkToBeUsed":findTestData("ISPS2 Test Data").getValue("URL", 1), "LoginPageTextToBeVerified":findTestData("ISPS2 Test Data").getValue("HomeBanner", 1), ... ], STOP_ON_FAILURE): NOT_RUN: callTestCase(findTestCase("Components/LoginV2.0"), ["LinkToBeUsed":findTestData("ISPS2 Test Data").getValue("URL", 1), "LoginPageTextToBeVerified":findTestData("ISPS2 Test Data").getValue("HomeBanner", 1), ... ], STOP_ON_FAILURE)

2020-06-08 15:20:17 - [MESSAGE][NOT_RUN] - NOT_RUN: callTestCase(findTestCase("Components/LoginV2.0"), ["LinkToBeUsed":findTestData("ISPS2 Test Data").getValue("URL", 1), "LoginPageTextToBeVerified":findTestData("ISPS2 Test Data").getValue("HomeBanner", 1), ... ], STOP_ON_FAILURE)

2020-06-08 15:20:17 - [TEST_STEP][NOT_RUN] - callTestCase(findTestCase("Components/NavigateToHomepageHeaders"), ["headerText":"My Tasks"], STOP_ON_FAILURE): NOT_RUN: callTestCase(findTestCase("Components/NavigateToHomepageHeaders"), ["headerText":"My Tasks"], STOP_ON_FAILURE)

2020-06-08 15:20:17 - [MESSAGE][NOT_RUN] - NOT_RUN: callTestCase(findTestCase("Components/NavigateToHomepageHeaders"), ["headerText":"My Tasks"], STOP_ON_FAILURE)

2020-06-08 15:20:17 - [TEST_STEP][NOT_RUN] - callTestCase(findTestCase("Components/Filter"), ["taskDescription":"Process Case (SM)"], STOP_ON_FAILURE): NOT_RUN: callTestCase(findTestCase("Components/Filter"), ["taskDescription":"Process Case (SM)"], STOP_ON_FAILURE)

2020-06-08 15:20:17 - [MESSAGE][NOT_RUN] - NOT_RUN: callTestCase(findTestCase("Components/Filter"), ["taskDescription":"Process Case (SM)"], STOP_ON_FAILURE)

2020-06-08 15:20:17 - [TEST_STEP][NOT_RUN] - callTestCase(findTestCase("Components/ClickLinkDependingOnTextAndIndex"), ["linkName":"Process Case (SM)", "index":"3"], STOP_ON_FAILURE): NOT_RUN: callTestCase(findTestCase("Components/ClickLinkDependingOnTextAndIndex"), ["linkName":"Process Case (SM)", "index":"3"], STOP_ON_FAILURE)

2020-06-08 15:20:17 - [MESSAGE][NOT_RUN] - NOT_RUN: callTestCase(findTestCase("Components/ClickLinkDependingOnTextAndIndex"), ["linkName":"Process Case (SM)", "index":"3"], STOP_ON_FAILURE)

2020-06-08 15:20:17 - [TEST_STEP][NOT_RUN] - callTestCase(findTestCase("Components/VerifyPageSuccessfullyLoaded"), ["HeaderName":"Summary"], STOP_ON_FAILURE): NOT_RUN: callTestCase(findTestCase("Components/VerifyPageSuccessfullyLoaded"), ["HeaderName":"Summary"], STOP_ON_FAILURE)

2020-06-08 15:20:17 - [MESSAGE][NOT_RUN] - NOT_RUN: callTestCase(findTestCase("Components/VerifyPageSuccessfullyLoaded"), ["HeaderName":"Summary"], STOP_ON_FAILURE)

2020-06-08 15:20:17 - [TEST_STEP][PASSED] - callTestCase(findTestCase("Components/NavigateToAnyLHS"), ["LHS":"Written Directions"], STOP_ON_FAILURE): Call Test Case 'Test Cases/Components/NavigateToAnyLHS' successfully

2020-06-08 15:20:17 - [TEST_CASE][PASSED] - Test Cases/Components/NavigateToAnyLHS: Test Cases/Components/NavigateToAnyLHS

2020-06-08 15:20:17 - [TEST_STEP][PASSED] - Thread.sleep(1000): null

2020-06-08 15:20:18 - [TEST_STEP][PASSED] - modifiedLHS = modifyObjectProperty(findTestObject("Objects.NavigateToAnyLHS/Page_ISPS2/LHSToModify"), "text", "equals", LHS, true): Modify property of object successfully

2020-06-08 15:20:18 - [MESSAGE][PASSED] - Modify property of object successfully

2020-06-08 15:20:18 - [TEST_STEP][PASSED] - click(modifiedLHS): Object: 'Object Repository/Objects.NavigateToAnyLHS/Page_ISPS2/LHSToModify' is clicked on

2020-06-08 15:20:18 - [MESSAGE][PASSED] - Object: 'Object Repository/Objects.NavigateToAnyLHS/Page_ISPS2/LHSToModify' is clicked on

2020-06-08 15:20:18 - [TEST_STEP][PASSED] - currentLHS = getText(modifiedLHS): Text of object 'Object Repository/Objects.NavigateToAnyLHS/Page_ISPS2/LHSToModify' is: 'Written Directions'

2020-06-08 15:20:18 - [MESSAGE][PASSED] - Text of object 'Object Repository/Objects.NavigateToAnyLHS/Page_ISPS2/LHSToModify' is: 'Written Directions'

2020-06-08 15:20:18 - [TEST_STEP][PASSED] - Thread.sleep(5000): null

2020-06-08 15:20:23 - [MESSAGE][PASSED] - Call Test Case 'Test Cases/Components/NavigateToAnyLHS' successfully

2020-06-08 15:20:23 - [TEST_STEP][PASSED] - callTestCase(findTestCase("Components/VerifyPageSuccessfullyLoadedII"), ["PageNm":"Issue WD"], STOP_ON_FAILURE): Call Test Case 'Test Cases/Components/VerifyPageSuccessfullyLoadedII' successfully

2020-06-08 15:20:24 - [TEST_CASE][PASSED] - Test Cases/Components/VerifyPageSuccessfullyLoadedII: Test Cases/Components/VerifyPageSuccessfullyLoadedII

2020-06-08 15:20:24 - [TEST_STEP][PASSED] - waitForPageLoad(5): Wait for page load successfully

2020-06-08 15:20:24 - [MESSAGE][PASSED] - Wait for page load successfully

2020-06-08 15:20:24 - [TEST_STEP][PASSED] - modifiedInputFld = modifyObjectProperty(findTestObject("Object Repository/Objects.VerifyPageSuccessfullyLoaded/PageHeaderIndex"), "xpath", "equals", "//*[contains(@class,'isps-page-title') and contains(text(),'" + PageNm + "')]", true): Modify property of object successfully

2020-06-08 15:20:24 - [MESSAGE][PASSED] - Modify property of object successfully

2020-06-08 15:20:24 - [TEST_STEP][PASSED] - com.reusableComponents.HighlightElement.run(modifiedInputFld): com.reusableComponents.HighlightElement.run is PASSED

2020-06-08 15:20:25 - [MESSAGE][PASSED] - com.reusableComponents.HighlightElement.run is PASSED

2020-06-08 15:20:25 - [MESSAGE][PASSED] - Call Test Case 'Test Cases/Components/VerifyPageSuccessfullyLoadedII' successfully

2020-06-08 15:20:25 - [TEST_STEP][PASSED] - callTestCase(findTestCase("Components/HighlightLabelFieldXPI"), ["LblName":"Expiry Date", "index":2], STOP_ON_FAILURE): Call Test Case 'Test Cases/Components/HighlightLabelFieldXPI' successfully

2020-06-08 15:20:25 - [TEST_CASE][PASSED] - Test Cases/Components/HighlightLabelFieldXPI: Test Cases/Components/HighlightLabelFieldXPI

2020-06-08 15:20:25 - [TEST_STEP][PASSED] - Thread.sleep(1000): null

2020-06-08 15:20:26 - [TEST_STEP][PASSED] - modifiedLblNm = modifyObjectProperty(findTestObject("Object Repository/Objects.HighlightElements/lblField_index"), "xpath", "equals", "(//*[contains(@class, 'x-form-item-label-inner x-form-item-label-inner-default') and contains(., '" + LblName + "')])[" + index + "]", true): Modify property of object successfully

2020-06-08 15:21:06 - [MESSAGE][PASSED] - Modify property of object successfully

2020-06-08 15:21:06 - [TEST_STEP][PASSED] - com.reusableComponents.HighlightElement.run(modifiedLblNm): com.reusableComponents.HighlightElement.run is PASSED

2020-06-08 15:21:07 - [MESSAGE][PASSED] - com.reusableComponents.HighlightElement.run is PASSED

2020-06-08 15:21:07 - [MESSAGE][PASSED] - Call Test Case 'Test Cases/Components/HighlightLabelFieldXPI' successfully

2020-06-08 15:21:07 - [TEST_STEP][PASSED] - callTestCase(findTestCase("Components/HighlightLabelIndexField"), ["LblName":"Expiry Date:", "index":10], STOP_ON_FAILURE): Call Test Case 'Test Cases/Components/HighlightLabelIndexField' successfully

2020-06-08 15:21:07 - [TEST_CASE][PASSED] - Test Cases/Components/HighlightLabelIndexField: Test Cases/Components/HighlightLabelIndexField

2020-06-08 15:21:08 - [TEST_STEP][PASSED] - Thread.sleep(1000): null

2020-06-08 15:21:09 - [TEST_STEP][PASSED] - modifiedLblNm = modifyObjectProperty(findTestObject("Object Repository/Objects.HighlightElements/lblField_index"), "xpath", "equals", "(//*[contains(@class,'x-form-item-label-inner') and (text()='" + LblName + "')])[" + index + "]", true): Modify property of object successfully

2020-06-08 15:21:39 - [MESSAGE][PASSED] - Modify property of object successfully

2020-06-08 15:21:39 - [TEST_STEP][PASSED] - com.reusableComponents.HighlightElement.run(modifiedLblNm): com.reusableComponents.HighlightElement.run is PASSED

2020-06-08 15:21:40 - [MESSAGE][PASSED] - com.reusableComponents.HighlightElement.run is PASSED

2020-06-08 15:21:40 - [MESSAGE][PASSED] - Call Test Case 'Test Cases/Components/HighlightLabelIndexField' successfully

2020-06-08 15:21:40 - [TEST_STEP][PASSED] - callTestCase(findTestCase("Components/HighlightInputIndexField"), ["InputName":"noOfDays", "index":3], STOP_ON_FAILURE): Call Test Case 'Test Cases/Components/HighlightInputIndexField' successfully

2020-06-08 15:21:44 - [TEST_CASE][PASSED] - Test Cases/Components/HighlightInputIndexField: Test Cases/Components/HighlightInputIndexField

2020-06-08 15:21:47 - [TEST_STEP][PASSED] - Thread.sleep(1000): null

2020-06-08 15:21:48 - [TEST_STEP][PASSED] - modifiedInputFld = modifyObjectProperty(findTestObject("Objects.HighlightElements/input_field_index"), "xpath", "equals", "(//*[contains(@class,'x-form-text') and (@name='" + InputName + "')])[" + index + "]", true): Modify property of object successfully

2020-06-08 15:22:24 - [MESSAGE][PASSED] - Modify property of object successfully

2020-06-08 15:22:24 - [TEST_STEP][PASSED] - com.reusableComponents.HighlightElement.run(modifiedInputFld): com.reusableComponents.HighlightElement.run is PASSED

2020-06-08 15:22:24 - [MESSAGE][PASSED] - com.reusableComponents.HighlightElement.run is PASSED

2020-06-08 15:22:24 - [MESSAGE][PASSED] - Call Test Case 'Test Cases/Components/HighlightInputIndexField' successfully

2020-06-08 15:22:24 - [TEST_STEP][PASSED] - callTestCase(findTestCase("PFI Precision and Scale/PFI Components with Indexing/VerifyDefaultValueIndex"), ["FieldNm":"noOfDays", "index":3], STOP_ON_FAILURE): Call Test Case 'Test Cases/PFI Precision and Scale/PFI Components with Indexing/VerifyDefaultValueIndex' successfully

2020-06-08 15:22:31 - [TEST_CASE][PASSED] - Test Cases/PFI Precision and Scale/PFI Components with Indexing/VerifyDefaultValueIndex: Test Cases/PFI Precision and Scale/PFI Components with Indexing/VerifyDefaultValueIndex

2020-06-08 15:22:42 - [TEST_STEP][PASSED] - Thread.sleep(1000): null

2020-06-08 15:22:43 - [TEST_STEP][PASSED] - DefaultValueHM = ["periodType":"Working Day(s)", "noOfDays":"14", "inspWeight":"1", "inspModule":"PSI", "inspCaseType":"PSI Processing (SM)"]: null

2020-06-08 15:22:43 - [TEST_STEP][PASSED] - NewFieldNm = modifyObjectProperty(findTestObject("Object Repository/Objects.HighlightElements/input_field_index"), "xpath", "equals", "(//*[contains(@name,'" + FieldNm + "')])[" + index + "]", true): Modify property of object successfully

2020-06-08 15:22:53 - [MESSAGE][PASSED] - Modify property of object successfully

2020-06-08 15:22:53 - [TEST_STEP][PASSED] - focus(NewFieldNm): Object: 'Object Repository/Objects.HighlightElements/input_field_index' is focused

2020-06-08 15:22:54 - [MESSAGE][PASSED] - Object: 'Object Repository/Objects.HighlightElements/input_field_index' is focused

2020-06-08 15:22:54 - [TEST_STEP][PASSED] - DefVal = getAttribute(NewFieldNm, "value", STOP_ON_FAILURE): Attribute 'value' of object 'Object Repository/Objects.HighlightElements/input_field_index' is: '14'

2020-06-08 15:22:57 - [MESSAGE][PASSED] - Attribute 'value' of object 'Object Repository/Objects.HighlightElements/input_field_index' is: '14'

2020-06-08 15:22:57 - [TEST_STEP][PASSED] - switch (FieldNm): null

2020-06-08 15:22:57 - [TEST_STEP][PASSED] - case "noOfDays":: null

2020-06-08 15:22:57 - [TEST_STEP][PASSED] - verifyEqual(DefVal, findTestData("PrecisionAndScaleDB").getValue("DefaultValue", 1)): Actual object '14' and expected object '14' are equal

2020-06-08 15:23:01 - [MESSAGE][PASSED] - Actual object '14' and expected object '14' are equal

2020-06-08 15:23:01 - [TEST_STEP][PASSED] - break: null

2020-06-08 15:23:01 - [MESSAGE][PASSED] - Call Test Case 'Test Cases/PFI Precision and Scale/PFI Components with Indexing/VerifyDefaultValueIndex' successfully

2020-06-08 15:23:01 - [TEST_STEP][PASSED] - callTestCase(findTestCase("PFI Precision and Scale/PFI Components with Indexing/InvalidNumericErrorIndex"), ["FldNm":"noOfDays", "index":3, "EnterInvalidValue":"e"], STOP_ON_FAILURE): Call Test Case 'Test Cases/PFI Precision and Scale/PFI Components with Indexing/InvalidNumericErrorIndex' successfully

2020-06-08 15:23:02 - [TEST_CASE][PASSED] - Test Cases/PFI Precision and Scale/PFI Components with Indexing/InvalidNumericErrorIndex: Test Cases/PFI Precision and Scale/PFI Components with Indexing/InvalidNumericErrorIndex

2020-06-08 15:23:37 - [TEST_STEP][PASSED] - Thread.sleep(1000): null

2020-06-08 15:23:38 - [TEST_STEP][PASSED] - NewFieldNm = modifyObjectProperty(findTestObject("Object Repository/Objects.HighlightElements/input_field_index"), "xpath", "equals", "(//*[contains(@class,'x-form-text') and (@name='" + FldNm + "')])[" + index + "]", true): Modify property of object successfully

2020-06-08 15:23:38 - [MESSAGE][PASSED] - Modify property of object successfully

2020-06-08 15:23:38 - [TEST_STEP][PASSED] - setText(NewFieldNm, EnterInvalidValue): Text 'e' is set on object 'Object Repository/Objects.HighlightElements/input_field_index'

2020-06-08 15:23:38 - [MESSAGE][PASSED] - Text 'e' is set on object 'Object Repository/Objects.HighlightElements/input_field_index'

2020-06-08 15:23:38 - [TEST_STEP][PASSED] - mouseOver(NewFieldNm): Object: 'Object Repository/Objects.HighlightElements/input_field_index' is hovered

2020-06-08 15:23:38 - [MESSAGE][PASSED] - Object: 'Object Repository/Objects.HighlightElements/input_field_index' is hovered

2020-06-08 15:23:38 - [TEST_STEP][PASSED] - GetValue = getAttribute(NewFieldNm, "value"): Attribute 'value' of object 'Object Repository/Objects.HighlightElements/input_field_index' is: 'e'

2020-06-08 15:23:41 - [MESSAGE][PASSED] - Attribute 'value' of object 'Object Repository/Objects.HighlightElements/input_field_index' is: 'e'

2020-06-08 15:23:41 - [TEST_STEP][PASSED] - ToolTipErr = getAttribute(NewFieldNm, "data-errorqtip"): Attribute 'data-errorqtip' of object 'Object Repository/Objects.HighlightElements/input_field_index' is: '<ul class="x-list-plain"><li>The value in this field is invalid</li><li>e is not a valid number</li></ul>'

2020-06-08 15:23:41 - [MESSAGE][PASSED] - Attribute 'data-errorqtip' of object 'Object Repository/Objects.HighlightElements/input_field_index' is: '<ul class="x-list-plain"><li>The value in this field is invalid</li><li>e is not a valid number</li></ul>'

2020-06-08 15:23:41 - [TEST_STEP][PASSED] - TotalLength = ToolTipErr.length(): null

2020-06-08 15:23:41 - [TEST_STEP][PASSED] - Get1stErr = ToolTipErr.substring(0, 63): null

2020-06-08 15:23:41 - [TEST_STEP][PASSED] - GetLen = Get1stErr.length(): null

2020-06-08 15:23:41 - [TEST_STEP][PASSED] - FirstErrMsg = Get1stErr.substring(29, GetLen): null

2020-06-08 15:23:41 - [TEST_STEP][PASSED] - Get2ndErr = ToolTipErr.substring(GetLen, TotalLength): null

2020-06-08 15:23:41 - [TEST_STEP][PASSED] - SecondErrLen = Get2ndErr.length() - 10: null

2020-06-08 15:23:41 - [TEST_STEP][PASSED] - SecondErrMsg = Get2ndErr.substring(9, SecondErrLen): null

2020-06-08 15:23:41 - [TEST_STEP][PASSED] - ActualErrMsg = concatenate(FirstErrMsg, " ", SecondErrMsg): Concatenated string array: '['The value in this field is invalid',' ','e is not a valid number']' into 'The value in this field is invalid e is not a valid number'

2020-06-08 15:23:43 - [MESSAGE][PASSED] - Concatenated string array: '['The value in this field is invalid',' ','e is not a valid number']' into 'The value in this field is invalid e is not a valid number'

2020-06-08 15:23:43 - [TEST_STEP][PASSED] - ExpectedErrMsg = concatenate("The value in this field is invalid", " ", GetValue, " ", "is not a valid number"): Concatenated string array: '['The value in this field is invalid',' ','e',' ','is not a valid number']' into 'The value in this field is invalid e is not a valid number'

2020-06-08 15:23:43 - [MESSAGE][PASSED] - Concatenated string array: '['The value in this field is invalid',' ','e',' ','is not a valid number']' into 'The value in this field is invalid e is not a valid number'

2020-06-08 15:23:43 - [TEST_STEP][PASSED] - verifyMatch(ActualErrMsg, ExpectedErrMsg, true): Actual text 'The value in this field is invalid e is not a valid number' and expected text 'The value in this field is invalid e is not a valid number' are matched  using regular expression

2020-06-08 15:23:43 - [MESSAGE][PASSED] - Actual text 'The value in this field is invalid e is not a valid number' and expected text 'The value in this field is invalid e is not a valid number' are matched  using regular expression

2020-06-08 15:23:43 - [MESSAGE][PASSED] - Call Test Case 'Test Cases/PFI Precision and Scale/PFI Components with Indexing/InvalidNumericErrorIndex' successfully

2020-06-08 15:23:43 - [TEST_STEP][PASSED] - callTestCase(findTestCase("PFI Precision and Scale/PFI Components with Indexing/NegativeIntegersErrorIndex"), ["FldNm":"noOfDays", "index":3, "itr":10], STOP_ON_FAILURE): Call Test Case 'Test Cases/PFI Precision and Scale/PFI Components with Indexing/NegativeIntegersErrorIndex' successfully

2020-06-08 15:23:43 - [TEST_CASE][PASSED] - Test Cases/PFI Precision and Scale/PFI Components with Indexing/NegativeIntegersErrorIndex: Test Cases/PFI Precision and Scale/PFI Components with Indexing/NegativeIntegersErrorIndex

2020-06-08 15:23:43 - [TEST_STEP][PASSED] - Thread.sleep(1000): null

2020-06-08 15:23:44 - [TEST_STEP][PASSED] - NewInputNmField = modifyObjectProperty(findTestObject("Object Repository/Objects.HighlightElements/input_field_index"), "xpath", "equals", "(//*[contains(@class,'x-form-text') and (@name='" + FldNm + "')])[" + index + "]", true): Modify property of object successfully

2020-06-08 15:23:44 - [MESSAGE][PASSED] - Modify property of object successfully

2020-06-08 15:23:44 - [TEST_STEP][PASSED] - setText(NewInputNmField, "0"): Text '0' is set on object 'Object Repository/Objects.HighlightElements/input_field_index'

2020-06-08 15:23:45 - [MESSAGE][PASSED] - Text '0' is set on object 'Object Repository/Objects.HighlightElements/input_field_index'

2020-06-08 15:23:45 - [TEST_STEP][PASSED] - for ([i = 0, i <= itr, (i++)]): Keys 'DOWN + ' sent to object: 'Object Repository/Objects.HighlightElements/input_field_index'

2020-06-08 15:23:45 - [TEST_STEP][PASSED] - sendKeys(NewInputNmField, Keys.chord(ARROW_DOWN)): Keys 'DOWN + ' sent to object: 'Object Repository/Objects.HighlightElements/input_field_index'

2020-06-08 15:23:45 - [MESSAGE][PASSED] - Keys 'DOWN + ' sent to object: 'Object Repository/Objects.HighlightElements/input_field_index'

2020-06-08 15:23:45 - [TEST_STEP][PASSED] - sendKeys(NewInputNmField, Keys.chord(ARROW_DOWN)): Keys 'DOWN + ' sent to object: 'Object Repository/Objects.HighlightElements/input_field_index'

2020-06-08 15:23:45 - [MESSAGE][PASSED] - Keys 'DOWN + ' sent to object: 'Object Repository/Objects.HighlightElements/input_field_index'

2020-06-08 15:23:45 - [TEST_STEP][PASSED] - sendKeys(NewInputNmField, Keys.chord(ARROW_DOWN)): Keys 'DOWN + ' sent to object: 'Object Repository/Objects.HighlightElements/input_field_index'

2020-06-08 15:23:45 - [MESSAGE][PASSED] - Keys 'DOWN + ' sent to object: 'Object Repository/Objects.HighlightElements/input_field_index'

2020-06-08 15:23:45 - [TEST_STEP][PASSED] - sendKeys(NewInputNmField, Keys.chord(ARROW_DOWN)): Keys 'DOWN + ' sent to object: 'Object Repository/Objects.HighlightElements/input_field_index'

2020-06-08 15:23:45 - [MESSAGE][PASSED] - Keys 'DOWN + ' sent to object: 'Object Repository/Objects.HighlightElements/input_field_index'

2020-06-08 15:23:45 - [TEST_STEP][PASSED] - sendKeys(NewInputNmField, Keys.chord(ARROW_DOWN)): Keys 'DOWN + ' sent to object: 'Object Repository/Objects.HighlightElements/input_field_index'

2020-06-08 15:23:45 - [MESSAGE][PASSED] - Keys 'DOWN + ' sent to object: 'Object Repository/Objects.HighlightElements/input_field_index'

2020-06-08 15:23:45 - [TEST_STEP][PASSED] - sendKeys(NewInputNmField, Keys.chord(ARROW_DOWN)): Keys 'DOWN + ' sent to object: 'Object Repository/Objects.HighlightElements/input_field_index'

2020-06-08 15:23:45 - [MESSAGE][PASSED] - Keys 'DOWN + ' sent to object: 'Object Repository/Objects.HighlightElements/input_field_index'

2020-06-08 15:23:45 - [TEST_STEP][PASSED] - sendKeys(NewInputNmField, Keys.chord(ARROW_DOWN)): Keys 'DOWN + ' sent to object: 'Object Repository/Objects.HighlightElements/input_field_index'

2020-06-08 15:23:45 - [MESSAGE][PASSED] - Keys 'DOWN + ' sent to object: 'Object Repository/Objects.HighlightElements/input_field_index'

2020-06-08 15:23:45 - [TEST_STEP][PASSED] - sendKeys(NewInputNmField, Keys.chord(ARROW_DOWN)): Keys 'DOWN + ' sent to object: 'Object Repository/Objects.HighlightElements/input_field_index'

2020-06-08 15:23:45 - [MESSAGE][PASSED] - Keys 'DOWN + ' sent to object: 'Object Repository/Objects.HighlightElements/input_field_index'

2020-06-08 15:23:45 - [TEST_STEP][PASSED] - sendKeys(NewInputNmField, Keys.chord(ARROW_DOWN)): Keys 'DOWN + ' sent to object: 'Object Repository/Objects.HighlightElements/input_field_index'

2020-06-08 15:23:45 - [MESSAGE][PASSED] - Keys 'DOWN + ' sent to object: 'Object Repository/Objects.HighlightElements/input_field_index'

2020-06-08 15:23:45 - [TEST_STEP][PASSED] - sendKeys(NewInputNmField, Keys.chord(ARROW_DOWN)): Keys 'DOWN + ' sent to object: 'Object Repository/Objects.HighlightElements/input_field_index'

2020-06-08 15:23:45 - [MESSAGE][PASSED] - Keys 'DOWN + ' sent to object: 'Object Repository/Objects.HighlightElements/input_field_index'

2020-06-08 15:23:45 - [TEST_STEP][PASSED] - sendKeys(NewInputNmField, Keys.chord(ARROW_DOWN)): Keys 'DOWN + ' sent to object: 'Object Repository/Objects.HighlightElements/input_field_index'

2020-06-08 15:23:45 - [MESSAGE][PASSED] - Keys 'DOWN + ' sent to object: 'Object Repository/Objects.HighlightElements/input_field_index'

2020-06-08 15:23:45 - [TEST_STEP][PASSED] - mouseOver(NewInputNmField): Object: 'Object Repository/Objects.HighlightElements/input_field_index' is hovered

2020-06-08 15:23:46 - [MESSAGE][PASSED] - Object: 'Object Repository/Objects.HighlightElements/input_field_index' is hovered

2020-06-08 15:23:46 - [TEST_STEP][PASSED] - ToolTipErr = getAttribute(NewInputNmField, "data-errorqtip"): Attribute 'data-errorqtip' of object 'Object Repository/Objects.HighlightElements/input_field_index' is: '<ul class="x-list-plain"><li>The value in this field is invalid</li></ul>'

2020-06-08 15:23:46 - [MESSAGE][PASSED] - Attribute 'data-errorqtip' of object 'Object Repository/Objects.HighlightElements/input_field_index' is: '<ul class="x-list-plain"><li>The value in this field is invalid</li></ul>'

2020-06-08 15:23:46 - [TEST_STEP][PASSED] - TotalLength = ToolTipErr.length() - 10: null

2020-06-08 15:23:46 - [TEST_STEP][PASSED] - ActualErrMsg = ToolTipErr.substring(29, TotalLength): null

2020-06-08 15:23:46 - [TEST_STEP][PASSED] - verifyMatch(ActualErrMsg, "The value in this field is invalid", true): Actual text 'The value in this field is invalid' and expected text 'The value in this field is invalid' are matched  using regular expression

2020-06-08 15:23:46 - [MESSAGE][PASSED] - Actual text 'The value in this field is invalid' and expected text 'The value in this field is invalid' are matched  using regular expression

2020-06-08 15:23:46 - [MESSAGE][PASSED] - Call Test Case 'Test Cases/PFI Precision and Scale/PFI Components with Indexing/NegativeIntegersErrorIndex' successfully

2020-06-08 15:23:46 - [TEST_STEP][PASSED] - callTestCase(findTestCase("PFI Precision and Scale/PFI Components with Indexing/NumericTextboxValidationIndex"), ["nameToBeUsed":"noOfDays", "index":3, "minLen":10], STOP_ON_FAILURE): Call Test Case 'Test Cases/PFI Precision and Scale/PFI Components with Indexing/NumericTextboxValidationIndex' successfully

2020-06-08 15:23:46 - [TEST_CASE][PASSED] - Test Cases/PFI Precision and Scale/PFI Components with Indexing/NumericTextboxValidationIndex: Test Cases/PFI Precision and Scale/PFI Components with Indexing/NumericTextboxValidationIndex

2020-06-08 15:23:46 - [TEST_STEP][PASSED] - Thread.sleep(1000): null

2020-06-08 15:23:47 - [TEST_STEP][PASSED] - Numeric = "0123456789": null

2020-06-08 15:23:47 - [TEST_STEP][PASSED] - AlphaSpecialChar = z) + "`~!@#$%^&*()=_{}|\][;'":,?><"".join(): null

2020-06-08 15:23:47 - [TEST_STEP][PASSED] - RandomNumeric = RandomStringUtils.random(minLen, Numeric.toCharArray()): null

2020-06-08 15:23:47 - [TEST_STEP][PASSED] - RandomString = RandomStringUtils.random(minLen, AlphaSpecialChar): null

2020-06-08 15:23:47 - [TEST_STEP][PASSED] - regexPat = Pattern.compile("^[0-9]+$"): null

2020-06-08 15:23:47 - [TEST_STEP][PASSED] - NewInputNmField = modifyObjectProperty(findTestObject("Object Repository/Objects.HighlightElements/input_field_index"), "xpath", "equals", "(//*[contains(@class,'x-form-text') and (@name='" + nameToBeUsed + "')])[" + index + "]", true): Modify property of object successfully

2020-06-08 15:23:47 - [MESSAGE][PASSED] - Modify property of object successfully

2020-06-08 15:23:47 - [TEST_STEP][PASSED] - focus(NewInputNmField): Object: 'Object Repository/Objects.HighlightElements/input_field_index' is focused

2020-06-08 15:23:47 - [MESSAGE][PASSED] - Object: 'Object Repository/Objects.HighlightElements/input_field_index' is focused

2020-06-08 15:23:47 - [TEST_STEP][PASSED] - setText(NewInputNmField, RandomString): Text 'D#^*!pEuy^' is set on object 'Object Repository/Objects.HighlightElements/input_field_index'

2020-06-08 15:23:47 - [MESSAGE][PASSED] - Text 'D#^*!pEuy^' is set on object 'Object Repository/Objects.HighlightElements/input_field_index'

2020-06-08 15:23:47 - [TEST_STEP][PASSED] - GetInputVal = getAttribute(NewInputNmField, "value"): Attribute 'value' of object 'Object Repository/Objects.HighlightElements/input_field_index' is: ''

2020-06-08 15:23:47 - [MESSAGE][PASSED] - Attribute 'value' of object 'Object Repository/Objects.HighlightElements/input_field_index' is: ''

2020-06-08 15:23:47 - [TEST_STEP][PASSED] - if (GetInputVal.contains("e")): null

2020-06-08 15:23:47 - [TEST_STEP][PASSED] - else: Actual text '' and expected text '' are matched  using regular expression

2020-06-08 15:23:47 - [TEST_STEP][PASSED] - verifyMatch(GetInputVal, "", true): Actual text '' and expected text '' are matched  using regular expression

2020-06-08 15:23:47 - [MESSAGE][PASSED] - Actual text '' and expected text '' are matched  using regular expression

2020-06-08 15:23:47 - [TEST_STEP][PASSED] - setText(NewInputNmField, RandomNumeric): Text '4519756141' is set on object 'Object Repository/Objects.HighlightElements/input_field_index'

2020-06-08 15:23:48 - [MESSAGE][PASSED] - Text '4519756141' is set on object 'Object Repository/Objects.HighlightElements/input_field_index'

2020-06-08 15:23:48 - [TEST_STEP][PASSED] - GetEnteredIntegers = getAttribute(NewInputNmField, "value"): Attribute 'value' of object 'Object Repository/Objects.HighlightElements/input_field_index' is: '4519'

2020-06-08 15:23:48 - [MESSAGE][PASSED] - Attribute 'value' of object 'Object Repository/Objects.HighlightElements/input_field_index' is: '4519'

2020-06-08 15:23:48 - [TEST_STEP][PASSED] - matchStr = regexPat.matcher(GetEnteredIntegers): null

2020-06-08 15:23:48 - [TEST_STEP][PASSED] - if (matchStr.matches() == true): Accepting Numeric

2020-06-08 15:23:48 - [TEST_STEP][PASSED] - comment("Accepting Numeric"): Accepting Numeric

2020-06-08 15:23:48 - [MESSAGE][INFO] - Accepting Numeric

2020-06-08 15:23:48 - [MESSAGE][PASSED] - Call Test Case 'Test Cases/PFI Precision and Scale/PFI Components with Indexing/NumericTextboxValidationIndex' successfully

2020-06-08 15:23:48 - [TEST_STEP][PASSED] - callTestCase(findTestCase("Components/HighlightInputIndexField"), ["InputName":"periodType", "index":2], STOP_ON_FAILURE): Call Test Case 'Test Cases/Components/HighlightInputIndexField' successfully

2020-06-08 15:23:48 - [TEST_CASE][PASSED] - Test Cases/Components/HighlightInputIndexField: Test Cases/Components/HighlightInputIndexField

2020-06-08 15:23:48 - [TEST_STEP][PASSED] - Thread.sleep(1000): null

2020-06-08 15:23:49 - [TEST_STEP][PASSED] - modifiedInputFld = modifyObjectProperty(findTestObject("Objects.HighlightElements/input_field_index"), "xpath", "equals", "(//*[contains(@class,'x-form-text') and (@name='" + InputName + "')])[" + index + "]", true): Modify property of object successfully

2020-06-08 15:23:49 - [MESSAGE][PASSED] - Modify property of object successfully

2020-06-08 15:23:49 - [TEST_STEP][PASSED] - com.reusableComponents.HighlightElement.run(modifiedInputFld): com.reusableComponents.HighlightElement.run is PASSED

2020-06-08 15:23:49 - [MESSAGE][PASSED] - com.reusableComponents.HighlightElement.run is PASSED

2020-06-08 15:23:49 - [MESSAGE][PASSED] - Call Test Case 'Test Cases/Components/HighlightInputIndexField' successfully

2020-06-08 15:23:49 - [TEST_STEP][PASSED] - callTestCase(findTestCase("PFI Precision and Scale/PFI Components with Indexing/VerifyDefaultValueIndex"), ["FieldNm":"periodType", "index":3], STOP_ON_FAILURE): Call Test Case 'Test Cases/PFI Precision and Scale/PFI Components with Indexing/VerifyDefaultValueIndex' successfully

2020-06-08 15:23:49 - [TEST_CASE][PASSED] - Test Cases/PFI Precision and Scale/PFI Components with Indexing/VerifyDefaultValueIndex: Test Cases/PFI Precision and Scale/PFI Components with Indexing/VerifyDefaultValueIndex

2020-06-08 15:23:49 - [TEST_STEP][PASSED] - Thread.sleep(1000): null

2020-06-08 15:23:50 - [TEST_STEP][PASSED] - DefaultValueHM = ["periodType":"Working Day(s)", "noOfDays":"14", "inspWeight":"1", "inspModule":"PSI", "inspCaseType":"PSI Processing (SM)"]: null

2020-06-08 15:23:50 - [TEST_STEP][PASSED] - NewFieldNm = modifyObjectProperty(findTestObject("Object Repository/Objects.HighlightElements/input_field_index"), "xpath", "equals", "(//*[contains(@name,'" + FieldNm + "')])[" + index + "]", true): Modify property of object successfully

2020-06-08 15:23:50 - [MESSAGE][PASSED] - Modify property of object successfully

2020-06-08 15:23:50 - [TEST_STEP][PASSED] - focus(NewFieldNm): Object: 'Object Repository/Objects.HighlightElements/input_field_index' is focused

2020-06-08 15:23:50 - [MESSAGE][PASSED] - Object: 'Object Repository/Objects.HighlightElements/input_field_index' is focused

2020-06-08 15:23:50 - [TEST_STEP][PASSED] - DefVal = getAttribute(NewFieldNm, "value", STOP_ON_FAILURE): Attribute 'value' of object 'Object Repository/Objects.HighlightElements/input_field_index' is: 'Working Day(s)'

2020-06-08 15:23:50 - [MESSAGE][PASSED] - Attribute 'value' of object 'Object Repository/Objects.HighlightElements/input_field_index' is: 'Working Day(s)'

2020-06-08 15:23:50 - [TEST_STEP][PASSED] - switch (FieldNm): null

2020-06-08 15:23:50 - [TEST_STEP][PASSED] - Default: null

2020-06-08 15:23:50 - [TEST_STEP][PASSED] - ExpectedDefVal = DefaultValueHM.get(FieldNm): null

2020-06-08 15:23:50 - [TEST_STEP][PASSED] - if (ExpectedDefVal != null): Actual text 'Working Day(s)' and expected text 'Working Day(s)' are matched 

2020-06-08 15:23:50 - [TEST_STEP][PASSED] - verifyMatch(DefVal, ExpectedDefVal, false): Actual text 'Working Day(s)' and expected text 'Working Day(s)' are matched 

2020-06-08 15:23:50 - [MESSAGE][PASSED] - Actual text 'Working Day(s)' and expected text 'Working Day(s)' are matched 

2020-06-08 15:23:50 - [TEST_STEP][PASSED] - break: null

2020-06-08 15:23:50 - [MESSAGE][PASSED] - Call Test Case 'Test Cases/PFI Precision and Scale/PFI Components with Indexing/VerifyDefaultValueIndex' successfully

2020-06-08 15:23:50 - [TEST_STEP][PASSED] - callTestCase(findTestCase("PFI Precision and Scale/PFI Components with Indexing/VerifyDropdownValuesIndex"), ["FldNm":"periodType", "index":3, "CallTCName":"PFI Precision and Scale/HashMap Tables/ConstantHashMap", "cmbNm":"PeriodType", ... ], STOP_ON_FAILURE): Call Test Case 'Test Cases/PFI Precision and Scale/PFI Components with Indexing/VerifyDropdownValuesIndex' successfully

2020-06-08 15:23:50 - [TEST_CASE][PASSED] - Test Cases/PFI Precision and Scale/PFI Components with Indexing/VerifyDropdownValuesIndex: Test Cases/PFI Precision and Scale/PFI Components with Indexing/VerifyDropdownValuesIndex

2020-06-08 15:23:50 - [TEST_STEP][PASSED] - Thread.sleep(1000): null

2020-06-08 15:23:51 - [TEST_STEP][PASSED] - NewInputNmField = modifyObjectProperty(findTestObject("Object Repository/Objects.HighlightElements/input_field_index"), "xpath", "equals", "(//*[contains(@class,'x-form-text') and (@name='" + FldNm + "')])[" + index + "]", true): Modify property of object successfully

2020-06-08 15:23:52 - [MESSAGE][PASSED] - Modify property of object successfully

2020-06-08 15:23:52 - [TEST_STEP][PASSED] - comboNm = cmbNm: null

2020-06-08 15:23:52 - [TEST_STEP][PASSED] - focus(NewInputNmField): Object: 'Object Repository/Objects.HighlightElements/input_field_index' is focused

2020-06-08 15:23:52 - [MESSAGE][PASSED] - Object: 'Object Repository/Objects.HighlightElements/input_field_index' is focused

2020-06-08 15:23:52 - [TEST_STEP][PASSED] - setText(NewInputNmField, EnterValue): Text '' is set on object 'Object Repository/Objects.HighlightElements/input_field_index'

2020-06-08 15:23:52 - [MESSAGE][PASSED] - Text '' is set on object 'Object Repository/Objects.HighlightElements/input_field_index'

2020-06-08 15:23:52 - [TEST_STEP][PASSED] - for ([i = 1, i <= NoOfVal, (i++)]): Keys 'DOWN + ' sent to object: 'Object Repository/Objects.HighlightElements/input_field_index'

2020-06-08 15:23:52 - [TEST_STEP][PASSED] - sendKeys(NewInputNmField, Keys.chord(ARROW_DOWN)): Keys 'DOWN + ' sent to object: 'Object Repository/Objects.HighlightElements/input_field_index'

2020-06-08 15:23:52 - [MESSAGE][PASSED] - Keys 'DOWN + ' sent to object: 'Object Repository/Objects.HighlightElements/input_field_index'

2020-06-08 15:23:52 - [TEST_STEP][PASSED] - delay(DelayTime): Delayed 2 second(s)

2020-06-08 15:23:54 - [MESSAGE][PASSED] - Delayed 2 second(s)

2020-06-08 15:23:54 - [TEST_STEP][PASSED] - sendKeys(NewInputNmField, Keys.chord(ENTER)): Keys 'ENTER + ' sent to object: 'Object Repository/Objects.HighlightElements/input_field_index'

2020-06-08 15:23:54 - [MESSAGE][PASSED] - Keys 'ENTER + ' sent to object: 'Object Repository/Objects.HighlightElements/input_field_index'

2020-06-08 15:23:54 - [TEST_STEP][PASSED] - ComboBoxValue = getAttribute(NewInputNmField, "value"): Attribute 'value' of object 'Object Repository/Objects.HighlightElements/input_field_index' is: 'Calendar Day(s)'

2020-06-08 15:23:54 - [MESSAGE][PASSED] - Attribute 'value' of object 'Object Repository/Objects.HighlightElements/input_field_index' is: 'Calendar Day(s)'

2020-06-08 15:23:54 - [TEST_STEP][PASSED] - callTestCase(findTestCase(CallTCName), ["FindValue":ComboBoxValue, "DropdownNm":comboNm], STOP_ON_FAILURE): Call Test Case 'Test Cases/PFI Precision and Scale/HashMap Tables/ConstantHashMap' successfully

2020-06-08 15:23:54 - [TEST_CASE][PASSED] - Test Cases/PFI Precision and Scale/HashMap Tables/ConstantHashMap: Test Cases/PFI Precision and Scale/HashMap Tables/ConstantHashMap

2020-06-08 15:23:54 - [TEST_STEP][PASSED] - ConstantTBL = [1:["PeriodType":"Working Day(s)"], 2:["PeriodType":"Calendar Day(s)"], 3:["PeriodType":"Month(s)"], 4:["TypeOfLetter":"T1"], ... ]: null

2020-06-08 15:23:54 - [TEST_STEP][PASSED] - switch (DropdownNm): null

2020-06-08 15:23:54 - [TEST_STEP][PASSED] - case "PeriodType":: null

2020-06-08 15:23:54 - [TEST_STEP][PASSED] - ValueFound = ConstantTBL.find({ -> ... }): null

2020-06-08 15:23:54 - [TEST_STEP][PASSED] - break: null

2020-06-08 15:23:54 - [MESSAGE][PASSED] - Call Test Case 'Test Cases/PFI Precision and Scale/HashMap Tables/ConstantHashMap' successfully

2020-06-08 15:23:54 - [TEST_STEP][PASSED] - println(ValueFound): null

2020-06-08 15:23:54 - [TEST_STEP][PASSED] - sendKeys(NewInputNmField, Keys.chord(ARROW_DOWN)): Keys 'DOWN + ' sent to object: 'Object Repository/Objects.HighlightElements/input_field_index'

2020-06-08 15:23:54 - [MESSAGE][PASSED] - Keys 'DOWN + ' sent to object: 'Object Repository/Objects.HighlightElements/input_field_index'

2020-06-08 15:23:54 - [TEST_STEP][PASSED] - sendKeys(NewInputNmField, Keys.chord(ARROW_DOWN)): Keys 'DOWN + ' sent to object: 'Object Repository/Objects.HighlightElements/input_field_index'

2020-06-08 15:23:54 - [MESSAGE][PASSED] - Keys 'DOWN + ' sent to object: 'Object Repository/Objects.HighlightElements/input_field_index'

2020-06-08 15:23:54 - [TEST_STEP][PASSED] - delay(DelayTime): Delayed 2 second(s)

2020-06-08 15:23:56 - [MESSAGE][PASSED] - Delayed 2 second(s)

2020-06-08 15:23:56 - [TEST_STEP][PASSED] - sendKeys(NewInputNmField, Keys.chord(ENTER)): Keys 'ENTER + ' sent to object: 'Object Repository/Objects.HighlightElements/input_field_index'

2020-06-08 15:23:56 - [MESSAGE][PASSED] - Keys 'ENTER + ' sent to object: 'Object Repository/Objects.HighlightElements/input_field_index'

2020-06-08 15:23:58 - [TEST_STEP][PASSED] - ComboBoxValue = getAttribute(NewInputNmField, "value"): Attribute 'value' of object 'Object Repository/Objects.HighlightElements/input_field_index' is: 'Month(s)'

2020-06-08 15:23:58 - [MESSAGE][PASSED] - Attribute 'value' of object 'Object Repository/Objects.HighlightElements/input_field_index' is: 'Month(s)'

2020-06-08 15:23:58 - [TEST_STEP][PASSED] - callTestCase(findTestCase(CallTCName), ["FindValue":ComboBoxValue, "DropdownNm":comboNm], STOP_ON_FAILURE): Call Test Case 'Test Cases/PFI Precision and Scale/HashMap Tables/ConstantHashMap' successfully

2020-06-08 15:23:58 - [TEST_CASE][PASSED] - Test Cases/PFI Precision and Scale/HashMap Tables/ConstantHashMap: Test Cases/PFI Precision and Scale/HashMap Tables/ConstantHashMap

2020-06-08 15:23:58 - [TEST_STEP][PASSED] - ConstantTBL = [1:["PeriodType":"Working Day(s)"], 2:["PeriodType":"Calendar Day(s)"], 3:["PeriodType":"Month(s)"], 4:["TypeOfLetter":"T1"], ... ]: null

2020-06-08 15:23:58 - [TEST_STEP][PASSED] - switch (DropdownNm): null

2020-06-08 15:23:58 - [TEST_STEP][PASSED] - case "PeriodType":: null

2020-06-08 15:23:58 - [TEST_STEP][PASSED] - ValueFound = ConstantTBL.find({ -> ... }): null

2020-06-08 15:23:58 - [TEST_STEP][PASSED] - break: null

2020-06-08 15:23:58 - [MESSAGE][PASSED] - Call Test Case 'Test Cases/PFI Precision and Scale/HashMap Tables/ConstantHashMap' successfully

2020-06-08 15:23:58 - [TEST_STEP][PASSED] - println(ValueFound): null

2020-06-08 15:23:58 - [TEST_STEP][PASSED] - sendKeys(NewInputNmField, Keys.chord(ARROW_DOWN)): Keys 'DOWN + ' sent to object: 'Object Repository/Objects.HighlightElements/input_field_index'

2020-06-08 15:23:58 - [MESSAGE][PASSED] - Keys 'DOWN + ' sent to object: 'Object Repository/Objects.HighlightElements/input_field_index'

2020-06-08 15:23:58 - [TEST_STEP][PASSED] - sendKeys(NewInputNmField, Keys.chord(ENTER)): Keys 'ENTER + ' sent to object: 'Object Repository/Objects.HighlightElements/input_field_index'

2020-06-08 15:23:58 - [MESSAGE][PASSED] - Keys 'ENTER + ' sent to object: 'Object Repository/Objects.HighlightElements/input_field_index'

2020-06-08 15:23:58 - [MESSAGE][PASSED] - Call Test Case 'Test Cases/PFI Precision and Scale/PFI Components with Indexing/VerifyDropdownValuesIndex' successfully

2020-06-08 15:23:58 - [TEST_STEP][PASSED] - callTestCase(findTestCase("Components/ClickRadioButtonII"), ["lblNm":"on", "index":6], STOP_ON_FAILURE): Call Test Case 'Test Cases/Components/ClickRadioButtonII' successfully

2020-06-08 15:23:58 - [TEST_CASE][PASSED] - Test Cases/Components/ClickRadioButtonII: Test Cases/Components/ClickRadioButtonII

2020-06-08 15:23:58 - [TEST_STEP][PASSED] - Thread.sleep(1000): null

2020-06-08 15:23:59 - [TEST_STEP][PASSED] - modifiedRadioButton = modifyObjectProperty(findTestObject("Objects.ClickRadioButton/DynamicRadioButton"), "xpath", "equals", "(//*[contains(@class,'x-form-cb-label-default') and text()='" + lblNm + "'])[" + index + "]", true): Modify property of object successfully

2020-06-08 15:23:59 - [MESSAGE][PASSED] - Modify property of object successfully

2020-06-08 15:23:59 - [TEST_STEP][PASSED] - com.reusableComponents.HighlightElement.run(modifiedRadioButton): com.reusableComponents.HighlightElement.run is PASSED

2020-06-08 15:24:00 - [MESSAGE][PASSED] - com.reusableComponents.HighlightElement.run is PASSED

2020-06-08 15:24:00 - [TEST_STEP][PASSED] - click(modifiedRadioButton): Object: 'Object Repository/Objects.ClickRadioButton/DynamicRadioButton' is clicked on

2020-06-08 15:24:03 - [MESSAGE][PASSED] - Object: 'Object Repository/Objects.ClickRadioButton/DynamicRadioButton' is clicked on

2020-06-08 15:24:03 - [MESSAGE][PASSED] - Call Test Case 'Test Cases/Components/ClickRadioButtonII' successfully

2020-06-08 15:24:03 - [TEST_STEP][PASSED] - callTestCase(findTestCase("Components/HighlightInputIndexField"), ["InputName":"expiryDate", "index":7], STOP_ON_FAILURE): Call Test Case 'Test Cases/Components/HighlightInputIndexField' successfully

2020-06-08 15:24:07 - [TEST_CASE][PASSED] - Test Cases/Components/HighlightInputIndexField: Test Cases/Components/HighlightInputIndexField

2020-06-08 15:24:13 - [TEST_STEP][PASSED] - Thread.sleep(1000): null

2020-06-08 15:24:14 - [TEST_STEP][PASSED] - modifiedInputFld = modifyObjectProperty(findTestObject("Objects.HighlightElements/input_field_index"), "xpath", "equals", "(//*[contains(@class,'x-form-text') and (@name='" + InputName + "')])[" + index + "]", true): Modify property of object successfully

2020-06-08 15:25:25 - [MESSAGE][PASSED] - Modify property of object successfully

2020-06-08 15:25:25 - [TEST_STEP][PASSED] - com.reusableComponents.HighlightElement.run(modifiedInputFld): com.reusableComponents.HighlightElement.run is PASSED

2020-06-08 15:25:26 - [MESSAGE][PASSED] - com.reusableComponents.HighlightElement.run is PASSED

2020-06-08 15:25:26 - [MESSAGE][PASSED] - Call Test Case 'Test Cases/Components/HighlightInputIndexField' successfully

2020-06-08 15:25:26 - [TEST_STEP][PASSED] - callTestCase(findTestCase("PFI Precision and Scale/PFI Components with Indexing/VerifyDefaultValueIndex"), ["FieldNm":"expiryDate", "index":9], STOP_ON_FAILURE): Call Test Case 'Test Cases/PFI Precision and Scale/PFI Components with Indexing/VerifyDefaultValueIndex' successfully

2020-06-08 15:25:36 - [TEST_CASE][PASSED] - Test Cases/PFI Precision and Scale/PFI Components with Indexing/VerifyDefaultValueIndex: Test Cases/PFI Precision and Scale/PFI Components with Indexing/VerifyDefaultValueIndex

2020-06-08 15:26:03 - [TEST_STEP][PASSED] - Thread.sleep(1000): null

2020-06-08 15:26:04 - [TEST_STEP][PASSED] - DefaultValueHM = ["periodType":"Working Day(s)", "noOfDays":"14", "inspWeight":"1", "inspModule":"PSI", "inspCaseType":"PSI Processing (SM)"]: null

2020-06-08 15:26:04 - [TEST_STEP][PASSED] - NewFieldNm = modifyObjectProperty(findTestObject("Object Repository/Objects.HighlightElements/input_field_index"), "xpath", "equals", "(//*[contains(@name,'" + FieldNm + "')])[" + index + "]", true): Modify property of object successfully

2020-06-08 15:27:27 - [MESSAGE][PASSED] - Modify property of object successfully

2020-06-08 15:27:27 - [TEST_STEP][PASSED] - focus(NewFieldNm): Object: 'Object Repository/Objects.HighlightElements/input_field_index' is focused

2020-06-08 15:27:28 - [MESSAGE][PASSED] - Object: 'Object Repository/Objects.HighlightElements/input_field_index' is focused

2020-06-08 15:27:28 - [TEST_STEP][PASSED] - DefVal = getAttribute(NewFieldNm, "value", STOP_ON_FAILURE): Attribute 'value' of object 'Object Repository/Objects.HighlightElements/input_field_index' is: ''

2020-06-08 15:27:33 - [MESSAGE][PASSED] - Attribute 'value' of object 'Object Repository/Objects.HighlightElements/input_field_index' is: ''

2020-06-08 15:27:33 - [TEST_STEP][PASSED] - switch (FieldNm): null

2020-06-08 15:27:33 - [TEST_STEP][PASSED] - Default: null

2020-06-08 15:27:33 - [TEST_STEP][PASSED] - ExpectedDefVal = DefaultValueHM.get(FieldNm): null

2020-06-08 15:27:33 - [TEST_STEP][PASSED] - if (ExpectedDefVal != null): null

2020-06-08 15:27:33 - [TEST_STEP][PASSED] - else: Actual text '' and expected text '' are matched  using regular expression

2020-06-08 15:27:33 - [TEST_STEP][PASSED] - verifyMatch(DefVal, "", true): Actual text '' and expected text '' are matched  using regular expression

2020-06-08 15:27:34 - [MESSAGE][PASSED] - Actual text '' and expected text '' are matched  using regular expression

2020-06-08 15:27:34 - [TEST_STEP][PASSED] - break: null

2020-06-08 15:27:34 - [MESSAGE][PASSED] - Call Test Case 'Test Cases/PFI Precision and Scale/PFI Components with Indexing/VerifyDefaultValueIndex' successfully

2020-06-08 15:27:34 - [TEST_STEP][PASSED] - callTestCase(findTestCase("PFI Precision and Scale/PFI Components with Indexing/NumericTextboxValidationIndex"), ["nameToBeUsed":"expiryDate", "minLen":7, "index":7], STOP_ON_FAILURE): Call Test Case 'Test Cases/PFI Precision and Scale/PFI Components with Indexing/NumericTextboxValidationIndex' successfully

2020-06-08 15:27:45 - [TEST_CASE][PASSED] - Test Cases/PFI Precision and Scale/PFI Components with Indexing/NumericTextboxValidationIndex: Test Cases/PFI Precision and Scale/PFI Components with Indexing/NumericTextboxValidationIndex

2020-06-08 15:27:47 - [TEST_STEP][PASSED] - Thread.sleep(1000): null

2020-06-08 15:27:48 - [TEST_STEP][PASSED] - Numeric = "0123456789": null

2020-06-08 15:27:48 - [TEST_STEP][PASSED] - AlphaSpecialChar = z) + "`~!@#$%^&*()=_{}|\][;'":,?><"".join(): null

2020-06-08 15:27:48 - [TEST_STEP][PASSED] - RandomNumeric = RandomStringUtils.random(minLen, Numeric.toCharArray()): null

2020-06-08 15:27:48 - [TEST_STEP][PASSED] - RandomString = RandomStringUtils.random(minLen, AlphaSpecialChar): null

2020-06-08 15:27:48 - [TEST_STEP][PASSED] - regexPat = Pattern.compile("^[0-9]+$"): null

2020-06-08 15:27:48 - [TEST_STEP][PASSED] - NewInputNmField = modifyObjectProperty(findTestObject("Object Repository/Objects.HighlightElements/input_field_index"), "xpath", "equals", "(//*[contains(@class,'x-form-text') and (@name='" + nameToBeUsed + "')])[" + index + "]", true): Modify property of object successfully

2020-06-08 15:27:50 - [MESSAGE][PASSED] - Modify property of object successfully

2020-06-08 15:27:50 - [TEST_STEP][PASSED] - focus(NewInputNmField): Object: 'Object Repository/Objects.HighlightElements/input_field_index' is focused

2020-06-08 15:27:50 - [MESSAGE][PASSED] - Object: 'Object Repository/Objects.HighlightElements/input_field_index' is focused

2020-06-08 15:27:50 - [TEST_STEP][PASSED] - setText(NewInputNmField, RandomString): Text 'aIUJ"XU' is set on object 'Object Repository/Objects.HighlightElements/input_field_index'

2020-06-08 15:27:50 - [MESSAGE][PASSED] - Text 'aIUJ"XU' is set on object 'Object Repository/Objects.HighlightElements/input_field_index'

2020-06-08 15:27:50 - [TEST_STEP][PASSED] - GetInputVal = getAttribute(NewInputNmField, "value"): Attribute 'value' of object 'Object Repository/Objects.HighlightElements/input_field_index' is: ''

2020-06-08 15:27:51 - [MESSAGE][PASSED] - Attribute 'value' of object 'Object Repository/Objects.HighlightElements/input_field_index' is: ''

2020-06-08 15:27:51 - [TEST_STEP][PASSED] - if (GetInputVal.contains("e")): null

2020-06-08 15:27:51 - [TEST_STEP][PASSED] - else: Actual text '' and expected text '' are matched  using regular expression

2020-06-08 15:27:51 - [TEST_STEP][PASSED] - verifyMatch(GetInputVal, "", true): Actual text '' and expected text '' are matched  using regular expression

2020-06-08 15:27:51 - [MESSAGE][PASSED] - Actual text '' and expected text '' are matched  using regular expression

2020-06-08 15:27:51 - [TEST_STEP][PASSED] - setText(NewInputNmField, RandomNumeric): Text '6038528' is set on object 'Object Repository/Objects.HighlightElements/input_field_index'

2020-06-08 15:27:51 - [MESSAGE][PASSED] - Text '6038528' is set on object 'Object Repository/Objects.HighlightElements/input_field_index'

2020-06-08 15:27:51 - [TEST_STEP][PASSED] - GetEnteredIntegers = getAttribute(NewInputNmField, "value"): Attribute 'value' of object 'Object Repository/Objects.HighlightElements/input_field_index' is: '6038528'

2020-06-08 15:27:51 - [MESSAGE][PASSED] - Attribute 'value' of object 'Object Repository/Objects.HighlightElements/input_field_index' is: '6038528'

2020-06-08 15:27:51 - [TEST_STEP][PASSED] - matchStr = regexPat.matcher(GetEnteredIntegers): null

2020-06-08 15:27:51 - [TEST_STEP][PASSED] - if (matchStr.matches() == true): Accepting Numeric

2020-06-08 15:27:51 - [TEST_STEP][PASSED] - comment("Accepting Numeric"): Accepting Numeric

2020-06-08 15:27:51 - [MESSAGE][INFO] - Accepting Numeric

2020-06-08 15:27:51 - [MESSAGE][PASSED] - Call Test Case 'Test Cases/PFI Precision and Scale/PFI Components with Indexing/NumericTextboxValidationIndex' successfully

2020-06-08 15:27:51 - [TEST_STEP][PASSED] - callTestCase(findTestCase("PFI Precision and Scale/PFI Components with Indexing/InvalidDateErrorValidationIndex"), ["FldNm":"expiryDate", "index":7], STOP_ON_FAILURE): Call Test Case 'Test Cases/PFI Precision and Scale/PFI Components with Indexing/InvalidDateErrorValidationIndex' successfully

2020-06-08 15:27:51 - [TEST_CASE][PASSED] - Test Cases/PFI Precision and Scale/PFI Components with Indexing/InvalidDateErrorValidationIndex: Test Cases/PFI Precision and Scale/PFI Components with Indexing/InvalidDateErrorValidationIndex

2020-06-08 15:27:51 - [TEST_STEP][PASSED] - Thread.sleep(1000): null

2020-06-08 15:27:52 - [TEST_STEP][PASSED] - DateFieldNm = modifyObjectProperty(findTestObject("Object Repository/Objects.HighlightElements/input_field_index"), "xpath", "equals", "(//*[contains(@class,'x-form-text') and (@name='" + FldNm + "')])[" + index + "]", true): Modify property of object successfully

2020-06-08 15:27:56 - [MESSAGE][PASSED] - Modify property of object successfully

2020-06-08 15:27:56 - [TEST_STEP][PASSED] - focus(DateFieldNm): Object: 'Object Repository/Objects.HighlightElements/input_field_index' is focused

2020-06-08 15:27:56 - [MESSAGE][PASSED] - Object: 'Object Repository/Objects.HighlightElements/input_field_index' is focused

2020-06-08 15:27:56 - [TEST_STEP][PASSED] - getInputInvalidDate = getAttribute(DateFieldNm, "value"): Attribute 'value' of object 'Object Repository/Objects.HighlightElements/input_field_index' is: '6038528'

2020-06-08 15:27:56 - [MESSAGE][PASSED] - Attribute 'value' of object 'Object Repository/Objects.HighlightElements/input_field_index' is: '6038528'

2020-06-08 15:27:56 - [TEST_STEP][PASSED] - mouseOver(DateFieldNm): Object: 'Object Repository/Objects.HighlightElements/input_field_index' is hovered

2020-06-08 15:27:56 - [MESSAGE][PASSED] - Object: 'Object Repository/Objects.HighlightElements/input_field_index' is hovered

2020-06-08 15:27:56 - [TEST_STEP][PASSED] - getErrMsg = getAttribute(DateFieldNm, "data-errorqtip"): Attribute 'data-errorqtip' of object 'Object Repository/Objects.HighlightElements/input_field_index' is: '<ul class="x-list-plain"><li>6038528 is not a valid date - it must be in the format d/m/Y</li></ul>'

2020-06-08 15:27:56 - [MESSAGE][PASSED] - Attribute 'data-errorqtip' of object 'Object Repository/Objects.HighlightElements/input_field_index' is: '<ul class="x-list-plain"><li>6038528 is not a valid date - it must be in the format d/m/Y</li></ul>'

2020-06-08 15:27:56 - [TEST_STEP][PASSED] - getTotalLength = getErrMsg.length(): null

2020-06-08 15:27:56 - [TEST_STEP][PASSED] - RemoveULClass = getErrMsg.substring(29, getTotalLength): null

2020-06-08 15:27:56 - [TEST_STEP][PASSED] - LengthNoUlClass = RemoveULClass.length() - 10: null

2020-06-08 15:27:56 - [TEST_STEP][PASSED] - ToolTipInvErrMsg = RemoveULClass.substring(0, LengthNoUlClass): null

2020-06-08 15:27:56 - [TEST_STEP][PASSED] - ExpectedInvalidErrMsg = concatenate(getInputInvalidDate, " ", NotValidDt): Concatenated string array: '['6038528',' ','is not a valid date - it must be in the format d/m/Y']' into '6038528 is not a valid date - it must be in the format d/m/Y'

2020-06-08 15:27:56 - [MESSAGE][PASSED] - Concatenated string array: '['6038528',' ','is not a valid date - it must be in the format d/m/Y']' into '6038528 is not a valid date - it must be in the format d/m/Y'

2020-06-08 15:27:56 - [TEST_STEP][PASSED] - verifyMatch(ToolTipInvErrMsg, ExpectedInvalidErrMsg, true): Actual text '6038528 is not a valid date - it must be in the format d/m/Y' and expected text '6038528 is not a valid date - it must be in the format d/m/Y' are matched  using regular expression

2020-06-08 15:27:56 - [MESSAGE][PASSED] - Actual text '6038528 is not a valid date - it must be in the format d/m/Y' and expected text '6038528 is not a valid date - it must be in the format d/m/Y' are matched  using regular expression

2020-06-08 15:27:56 - [MESSAGE][PASSED] - Call Test Case 'Test Cases/PFI Precision and Scale/PFI Components with Indexing/InvalidDateErrorValidationIndex' successfully

2020-06-08 15:27:56 - [TEST_STEP][PASSED] - callTestCase(findTestCase("PFI Precision and Scale/PFI Components with Indexing/SelectDayInDatePickerWithIndexII"), ["FldNm":"expiryDate", "SelectCurrentDay":20, "index":1, "idx":7], STOP_ON_FAILURE): Call Test Case 'Test Cases/PFI Precision and Scale/PFI Components with Indexing/SelectDayInDatePickerWithIndexII' successfully

2020-06-08 15:27:56 - [TEST_CASE][PASSED] - Test Cases/PFI Precision and Scale/PFI Components with Indexing/SelectDayInDatePickerWithIndexII: Test Cases/PFI Precision and Scale/PFI Components with Indexing/SelectDayInDatePickerWithIndexII

2020-06-08 15:27:56 - [TEST_STEP][PASSED] - Thread.sleep(1000): null

2020-06-08 15:27:57 - [TEST_STEP][PASSED] - DateInputFld = modifyObjectProperty(findTestObject("Objects.HighlightElements/input_field_index"), "xpath", "equals", "(//*[contains(@class,'x-form-text') and (@name='" + FldNm + "')])[" + idx + "]", true): Modify property of object successfully

2020-06-08 15:27:57 - [MESSAGE][PASSED] - Modify property of object successfully

2020-06-08 15:27:57 - [TEST_STEP][PASSED] - ModifiedDay = modifyObjectProperty(findTestObject("Objects.DateValidation/Page_ISPS2/Select_Day_Index"), "xpath", "equals", "(//*[contains(@class, 'x-datepicker-date') and (text() = '" + SelectCurrentDay + "')])[" + index + "]", true): Modify property of object successfully

2020-06-08 15:27:57 - [MESSAGE][PASSED] - Modify property of object successfully

2020-06-08 15:27:57 - [TEST_STEP][PASSED] - sendKeys(DateInputFld, Keys.chord(ARROW_DOWN)): Keys 'DOWN + ' sent to object: 'Object Repository/Objects.HighlightElements/input_field_index'

2020-06-08 15:27:57 - [MESSAGE][PASSED] - Keys 'DOWN + ' sent to object: 'Object Repository/Objects.HighlightElements/input_field_index'

2020-06-08 15:27:57 - [TEST_STEP][PASSED] - com.reusableComponents.HighlightElement.run(ModifiedDay): com.reusableComponents.HighlightElement.run is PASSED

2020-06-08 15:27:58 - [MESSAGE][PASSED] - com.reusableComponents.HighlightElement.run is PASSED

2020-06-08 15:27:58 - [TEST_STEP][PASSED] - delay(1): Delayed 1 second(s)

2020-06-08 15:27:59 - [MESSAGE][PASSED] - Delayed 1 second(s)

2020-06-08 15:27:59 - [TEST_STEP][PASSED] - click(ModifiedDay): Object: 'Object Repository/Objects.DateValidation/Page_ISPS2/Select_Day_Index' is clicked on

2020-06-08 15:27:59 - [MESSAGE][PASSED] - Object: 'Object Repository/Objects.DateValidation/Page_ISPS2/Select_Day_Index' is clicked on

2020-06-08 15:27:59 - [TEST_STEP][PASSED] - GetError = getAttribute(DateInputFld, "data-errorqtip"): Attribute 'data-errorqtip' of object 'Object Repository/Objects.HighlightElements/input_field_index' is: ''

2020-06-08 15:27:59 - [MESSAGE][PASSED] - Attribute 'data-errorqtip' of object 'Object Repository/Objects.HighlightElements/input_field_index' is: ''

2020-06-08 15:27:59 - [TEST_STEP][PASSED] - if (GetError == ""): null

2020-06-08 15:27:59 - [TEST_STEP][PASSED] - GetEnteredDate = getAttribute(DateInputFld, "value"): Attribute 'value' of object 'Object Repository/Objects.HighlightElements/input_field_index' is: '20/06/2020'

2020-06-08 15:27:59 - [MESSAGE][PASSED] - Attribute 'value' of object 'Object Repository/Objects.HighlightElements/input_field_index' is: '20/06/2020'

2020-06-08 15:27:59 - [TEST_STEP][PASSED] - DatePattern = Pattern.compile("^(1[0-2]|0[1-9])/(3[01]|[12][0-9]|0[1-9])/[0-9]{4}$"): null

2020-06-08 15:27:59 - [TEST_STEP][PASSED] - VerifyDateFormat = DatePattern.matcher(GetEnteredDate): null

2020-06-08 15:27:59 - [TEST_STEP][PASSED] - if (VerifyDateFormat.matches() == true): null

2020-06-08 15:27:59 - [MESSAGE][PASSED] - Call Test Case 'Test Cases/PFI Precision and Scale/PFI Components with Indexing/SelectDayInDatePickerWithIndexII' successfully

2020-06-08 15:27:59 - [TEST_STEP][PASSED] - callTestCase(findTestCase("PFI Precision and Scale/PFI Components with Indexing/SelectTodayInDatePickerIndex"), ["FldNm":"expiryDate", "index":1, "idx":7], STOP_ON_FAILURE): Call Test Case 'Test Cases/PFI Precision and Scale/PFI Components with Indexing/SelectTodayInDatePickerIndex' successfully

2020-06-08 15:27:59 - [TEST_CASE][PASSED] - Test Cases/PFI Precision and Scale/PFI Components with Indexing/SelectTodayInDatePickerIndex: Test Cases/PFI Precision and Scale/PFI Components with Indexing/SelectTodayInDatePickerIndex

2020-06-08 15:27:59 - [TEST_STEP][PASSED] - Thread.sleep(1000): null

2020-06-08 15:28:00 - [TEST_STEP][PASSED] - date = new java.util.Date(): null

2020-06-08 15:28:00 - [TEST_STEP][PASSED] - CurrentDate = new java.text.SimpleDateFormat(dd/MM/yyyy): null

2020-06-08 15:28:00 - [TEST_STEP][PASSED] - TodayDate = CurrentDate.format(date): null

2020-06-08 15:28:00 - [TEST_STEP][PASSED] - DateFieldNm = modifyObjectProperty(findTestObject("Objects.HighlightElements/input_field_index"), "xpath", "equals", "(//*[contains(@class,'x-form-text') and (@name='" + FldNm + "')])[" + idx + "]", true): Modify property of object successfully

2020-06-08 15:28:00 - [MESSAGE][PASSED] - Modify property of object successfully

2020-06-08 15:28:00 - [TEST_STEP][PASSED] - TodayBtn = modifyObjectProperty(findTestObject("Object Repository/Objects.DateValidation/Page_ISPS2/a_Today"), "xpath", "equals", "(//*[text() = 'Today'])[" + index + "]", true): Modify property of object successfully

2020-06-08 15:28:00 - [MESSAGE][PASSED] - Modify property of object successfully

2020-06-08 15:28:00 - [TEST_STEP][PASSED] - sendKeys(DateFieldNm, Keys.chord(ARROW_DOWN)): Keys 'DOWN + ' sent to object: 'Object Repository/Objects.HighlightElements/input_field_index'

2020-06-08 15:28:01 - [MESSAGE][PASSED] - Keys 'DOWN + ' sent to object: 'Object Repository/Objects.HighlightElements/input_field_index'

2020-06-08 15:28:01 - [TEST_STEP][PASSED] - com.reusableComponents.HighlightElement.run(TodayBtn): com.reusableComponents.HighlightElement.run is PASSED

2020-06-08 15:28:01 - [MESSAGE][PASSED] - com.reusableComponents.HighlightElement.run is PASSED

2020-06-08 15:28:01 - [TEST_STEP][PASSED] - click(TodayBtn): Object: 'Object Repository/Objects.DateValidation/Page_ISPS2/a_Today' is clicked on

2020-06-08 15:28:01 - [MESSAGE][PASSED] - Object: 'Object Repository/Objects.DateValidation/Page_ISPS2/a_Today' is clicked on

2020-06-08 15:28:01 - [TEST_STEP][PASSED] - GetEnteredDate = getAttribute(DateFieldNm, "value"): Attribute 'value' of object 'Object Repository/Objects.HighlightElements/input_field_index' is: '08/06/2020'

2020-06-08 15:28:01 - [MESSAGE][PASSED] - Attribute 'value' of object 'Object Repository/Objects.HighlightElements/input_field_index' is: '08/06/2020'

2020-06-08 15:28:01 - [TEST_STEP][PASSED] - verifyMatch(GetEnteredDate, TodayDate, true): Actual text '08/06/2020' and expected text '08/06/2020' are matched  using regular expression

2020-06-08 15:28:01 - [MESSAGE][PASSED] - Actual text '08/06/2020' and expected text '08/06/2020' are matched  using regular expression

2020-06-08 15:28:01 - [MESSAGE][PASSED] - Call Test Case 'Test Cases/PFI Precision and Scale/PFI Components with Indexing/SelectTodayInDatePickerIndex' successfully

2020-06-08 15:28:01 - [TEST_STEP][PASSED] - callTestCase(findTestCase("Components/HighlightLabelIndexField"), ["LblName":"KIV Case Due Date:", "index":3], STOP_ON_FAILURE): Call Test Case 'Test Cases/Components/HighlightLabelIndexField' successfully

2020-06-08 15:28:01 - [TEST_CASE][PASSED] - Test Cases/Components/HighlightLabelIndexField: Test Cases/Components/HighlightLabelIndexField

2020-06-08 15:28:01 - [TEST_STEP][PASSED] - Thread.sleep(1000): null

2020-06-08 15:28:02 - [TEST_STEP][PASSED] - modifiedLblNm = modifyObjectProperty(findTestObject("Object Repository/Objects.HighlightElements/lblField_index"), "xpath", "equals", "(//*[contains(@class,'x-form-item-label-inner') and (text()='" + LblName + "')])[" + index + "]", true): Modify property of object successfully

2020-06-08 15:28:02 - [MESSAGE][PASSED] - Modify property of object successfully

2020-06-08 15:28:02 - [TEST_STEP][PASSED] - com.reusableComponents.HighlightElement.run(modifiedLblNm): com.reusableComponents.HighlightElement.run is PASSED

2020-06-08 15:28:03 - [MESSAGE][PASSED] - com.reusableComponents.HighlightElement.run is PASSED

2020-06-08 15:28:03 - [MESSAGE][PASSED] - Call Test Case 'Test Cases/Components/HighlightLabelIndexField' successfully

2020-06-08 15:28:03 - [TEST_STEP][PASSED] - callTestCase(findTestCase("Components/HighlightInputIndexField"), ["InputName":"kivDueDate", "index":3], STOP_ON_FAILURE): Call Test Case 'Test Cases/Components/HighlightInputIndexField' successfully

2020-06-08 15:28:03 - [TEST_CASE][PASSED] - Test Cases/Components/HighlightInputIndexField: Test Cases/Components/HighlightInputIndexField

2020-06-08 15:28:03 - [TEST_STEP][PASSED] - Thread.sleep(1000): null

2020-06-08 15:28:04 - [TEST_STEP][PASSED] - modifiedInputFld = modifyObjectProperty(findTestObject("Objects.HighlightElements/input_field_index"), "xpath", "equals", "(//*[contains(@class,'x-form-text') and (@name='" + InputName + "')])[" + index + "]", true): Modify property of object successfully

2020-06-08 15:28:04 - [MESSAGE][PASSED] - Modify property of object successfully

2020-06-08 15:28:04 - [TEST_STEP][PASSED] - com.reusableComponents.HighlightElement.run(modifiedInputFld): com.reusableComponents.HighlightElement.run is PASSED

2020-06-08 15:28:04 - [MESSAGE][PASSED] - com.reusableComponents.HighlightElement.run is PASSED

2020-06-08 15:28:04 - [MESSAGE][PASSED] - Call Test Case 'Test Cases/Components/HighlightInputIndexField' successfully

2020-06-08 15:28:04 - [TEST_STEP][PASSED] - callTestCase(findTestCase("Components/SelectAllThenDeleteIndex"), ["nameToBeUsed":"kivDueDate", "index":3], STOP_ON_FAILURE): Call Test Case 'Test Cases/Components/SelectAllThenDeleteIndex' successfully

2020-06-08 15:28:05 - [TEST_CASE][PASSED] - Test Cases/Components/SelectAllThenDeleteIndex: Test Cases/Components/SelectAllThenDeleteIndex

2020-06-08 15:28:05 - [TEST_STEP][PASSED] - Thread.sleep(1000): null

2020-06-08 15:28:06 - [TEST_STEP][PASSED] - modifiedObj = modifyObjectProperty(findTestObject("Object Repository/Objects.HighlightElements/input_field_index"), "xpath", "equals", "(//*[contains(@class,'x-form-text') and (@name='" + nameToBeUsed + "')])[" + index + "]", true): Modify property of object successfully

2020-06-08 15:28:06 - [MESSAGE][PASSED] - Modify property of object successfully

2020-06-08 15:28:06 - [TEST_STEP][PASSED] - focus(modifiedObj): Object: 'Object Repository/Objects.HighlightElements/input_field_index' is focused

2020-06-08 15:28:06 - [MESSAGE][PASSED] - Object: 'Object Repository/Objects.HighlightElements/input_field_index' is focused

2020-06-08 15:28:06 - [TEST_STEP][PASSED] - sendKeys(modifiedObj, Keys.chord(CONTROL, "a")): Keys 'CONTROL + a' sent to object: 'Object Repository/Objects.HighlightElements/input_field_index'

2020-06-08 15:28:06 - [MESSAGE][PASSED] - Keys 'CONTROL + a' sent to object: 'Object Repository/Objects.HighlightElements/input_field_index'

2020-06-08 15:28:06 - [TEST_STEP][PASSED] - sendKeys(modifiedObj, Keys.chord(DELETE)): Keys 'DELETE + ' sent to object: 'Object Repository/Objects.HighlightElements/input_field_index'

2020-06-08 15:28:06 - [MESSAGE][PASSED] - Keys 'DELETE + ' sent to object: 'Object Repository/Objects.HighlightElements/input_field_index'

2020-06-08 15:28:06 - [MESSAGE][PASSED] - Call Test Case 'Test Cases/Components/SelectAllThenDeleteIndex' successfully

2020-06-08 15:28:06 - [TEST_STEP][PASSED] - callTestCase(findTestCase("PFI Precision and Scale/PFI Components with Indexing/NumericTextboxValidationIndex"), ["nameToBeUsed":"kivDueDate", "minLen":8, "index":3], STOP_ON_FAILURE): Call Test Case 'Test Cases/PFI Precision and Scale/PFI Components with Indexing/NumericTextboxValidationIndex' successfully

2020-06-08 15:28:06 - [TEST_CASE][PASSED] - Test Cases/PFI Precision and Scale/PFI Components with Indexing/NumericTextboxValidationIndex: Test Cases/PFI Precision and Scale/PFI Components with Indexing/NumericTextboxValidationIndex

2020-06-08 15:28:06 - [TEST_STEP][PASSED] - Thread.sleep(1000): null

2020-06-08 15:28:07 - [TEST_STEP][PASSED] - Numeric = "0123456789": null

2020-06-08 15:28:07 - [TEST_STEP][PASSED] - AlphaSpecialChar = z) + "`~!@#$%^&*()=_{}|\][;'":,?><"".join(): null

2020-06-08 15:28:07 - [TEST_STEP][PASSED] - RandomNumeric = RandomStringUtils.random(minLen, Numeric.toCharArray()): null

2020-06-08 15:28:07 - [TEST_STEP][PASSED] - RandomString = RandomStringUtils.random(minLen, AlphaSpecialChar): null

2020-06-08 15:28:07 - [TEST_STEP][PASSED] - regexPat = Pattern.compile("^[0-9]+$"): null

2020-06-08 15:28:07 - [TEST_STEP][PASSED] - NewInputNmField = modifyObjectProperty(findTestObject("Object Repository/Objects.HighlightElements/input_field_index"), "xpath", "equals", "(//*[contains(@class,'x-form-text') and (@name='" + nameToBeUsed + "')])[" + index + "]", true): Modify property of object successfully

2020-06-08 15:28:07 - [MESSAGE][PASSED] - Modify property of object successfully

2020-06-08 15:28:07 - [TEST_STEP][PASSED] - focus(NewInputNmField): Object: 'Object Repository/Objects.HighlightElements/input_field_index' is focused

2020-06-08 15:28:07 - [MESSAGE][PASSED] - Object: 'Object Repository/Objects.HighlightElements/input_field_index' is focused

2020-06-08 15:28:07 - [TEST_STEP][PASSED] - setText(NewInputNmField, RandomString): Text '{L##fgz;' is set on object 'Object Repository/Objects.HighlightElements/input_field_index'

2020-06-08 15:28:07 - [MESSAGE][PASSED] - Text '{L##fgz;' is set on object 'Object Repository/Objects.HighlightElements/input_field_index'

2020-06-08 15:28:07 - [TEST_STEP][PASSED] - GetInputVal = getAttribute(NewInputNmField, "value"): Attribute 'value' of object 'Object Repository/Objects.HighlightElements/input_field_index' is: ''

2020-06-08 15:28:07 - [MESSAGE][PASSED] - Attribute 'value' of object 'Object Repository/Objects.HighlightElements/input_field_index' is: ''

2020-06-08 15:28:07 - [TEST_STEP][PASSED] - if (GetInputVal.contains("e")): null

2020-06-08 15:28:07 - [TEST_STEP][PASSED] - else: Actual text '' and expected text '' are matched  using regular expression

2020-06-08 15:28:07 - [TEST_STEP][PASSED] - verifyMatch(GetInputVal, "", true): Actual text '' and expected text '' are matched  using regular expression

2020-06-08 15:28:07 - [MESSAGE][PASSED] - Actual text '' and expected text '' are matched  using regular expression

2020-06-08 15:28:07 - [TEST_STEP][PASSED] - setText(NewInputNmField, RandomNumeric): Text '59920068' is set on object 'Object Repository/Objects.HighlightElements/input_field_index'

2020-06-08 15:28:07 - [MESSAGE][PASSED] - Text '59920068' is set on object 'Object Repository/Objects.HighlightElements/input_field_index'

2020-06-08 15:28:07 - [TEST_STEP][PASSED] - GetEnteredIntegers = getAttribute(NewInputNmField, "value"): Attribute 'value' of object 'Object Repository/Objects.HighlightElements/input_field_index' is: '59920068'

2020-06-08 15:28:07 - [MESSAGE][PASSED] - Attribute 'value' of object 'Object Repository/Objects.HighlightElements/input_field_index' is: '59920068'

2020-06-08 15:28:07 - [TEST_STEP][PASSED] - matchStr = regexPat.matcher(GetEnteredIntegers): null

2020-06-08 15:28:07 - [TEST_STEP][PASSED] - if (matchStr.matches() == true): Accepting Numeric

2020-06-08 15:28:07 - [TEST_STEP][PASSED] - comment("Accepting Numeric"): Accepting Numeric

2020-06-08 15:28:07 - [MESSAGE][INFO] - Accepting Numeric

2020-06-08 15:28:07 - [MESSAGE][PASSED] - Call Test Case 'Test Cases/PFI Precision and Scale/PFI Components with Indexing/NumericTextboxValidationIndex' successfully

2020-06-08 15:28:07 - [TEST_STEP][PASSED] - callTestCase(findTestCase("PFI Precision and Scale/PFI Components with Indexing/InvalidDateErrorValidationIndex"), ["FldNm":"kivDueDate", "index":3], STOP_ON_FAILURE): Call Test Case 'Test Cases/PFI Precision and Scale/PFI Components with Indexing/InvalidDateErrorValidationIndex' successfully

2020-06-08 15:28:07 - [TEST_CASE][PASSED] - Test Cases/PFI Precision and Scale/PFI Components with Indexing/InvalidDateErrorValidationIndex: Test Cases/PFI Precision and Scale/PFI Components with Indexing/InvalidDateErrorValidationIndex

2020-06-08 15:28:07 - [TEST_STEP][PASSED] - Thread.sleep(1000): null

2020-06-08 15:28:08 - [TEST_STEP][PASSED] - DateFieldNm = modifyObjectProperty(findTestObject("Object Repository/Objects.HighlightElements/input_field_index"), "xpath", "equals", "(//*[contains(@class,'x-form-text') and (@name='" + FldNm + "')])[" + index + "]", true): Modify property of object successfully

2020-06-08 15:28:08 - [MESSAGE][PASSED] - Modify property of object successfully

2020-06-08 15:28:08 - [TEST_STEP][PASSED] - focus(DateFieldNm): Object: 'Object Repository/Objects.HighlightElements/input_field_index' is focused

2020-06-08 15:28:09 - [MESSAGE][PASSED] - Object: 'Object Repository/Objects.HighlightElements/input_field_index' is focused

2020-06-08 15:28:09 - [TEST_STEP][PASSED] - getInputInvalidDate = getAttribute(DateFieldNm, "value"): Attribute 'value' of object 'Object Repository/Objects.HighlightElements/input_field_index' is: '59920068'

2020-06-08 15:28:09 - [MESSAGE][PASSED] - Attribute 'value' of object 'Object Repository/Objects.HighlightElements/input_field_index' is: '59920068'

2020-06-08 15:28:09 - [TEST_STEP][PASSED] - mouseOver(DateFieldNm): Object: 'Object Repository/Objects.HighlightElements/input_field_index' is hovered

2020-06-08 15:28:09 - [MESSAGE][PASSED] - Object: 'Object Repository/Objects.HighlightElements/input_field_index' is hovered

2020-06-08 15:28:09 - [TEST_STEP][PASSED] - getErrMsg = getAttribute(DateFieldNm, "data-errorqtip"): Attribute 'data-errorqtip' of object 'Object Repository/Objects.HighlightElements/input_field_index' is: '<ul class="x-list-plain"><li>59920068 is not a valid date - it must be in the format d/m/Y</li></ul>'

2020-06-08 15:28:09 - [MESSAGE][PASSED] - Attribute 'data-errorqtip' of object 'Object Repository/Objects.HighlightElements/input_field_index' is: '<ul class="x-list-plain"><li>59920068 is not a valid date - it must be in the format d/m/Y</li></ul>'

2020-06-08 15:28:09 - [TEST_STEP][PASSED] - getTotalLength = getErrMsg.length(): null

2020-06-08 15:28:09 - [TEST_STEP][PASSED] - RemoveULClass = getErrMsg.substring(29, getTotalLength): null

2020-06-08 15:28:09 - [TEST_STEP][PASSED] - LengthNoUlClass = RemoveULClass.length() - 10: null

2020-06-08 15:28:09 - [TEST_STEP][PASSED] - ToolTipInvErrMsg = RemoveULClass.substring(0, LengthNoUlClass): null

2020-06-08 15:28:09 - [TEST_STEP][PASSED] - ExpectedInvalidErrMsg = concatenate(getInputInvalidDate, " ", NotValidDt): Concatenated string array: '['59920068',' ','is not a valid date - it must be in the format d/m/Y']' into '59920068 is not a valid date - it must be in the format d/m/Y'

2020-06-08 15:28:09 - [MESSAGE][PASSED] - Concatenated string array: '['59920068',' ','is not a valid date - it must be in the format d/m/Y']' into '59920068 is not a valid date - it must be in the format d/m/Y'

2020-06-08 15:28:09 - [TEST_STEP][PASSED] - verifyMatch(ToolTipInvErrMsg, ExpectedInvalidErrMsg, true): Actual text '59920068 is not a valid date - it must be in the format d/m/Y' and expected text '59920068 is not a valid date - it must be in the format d/m/Y' are matched  using regular expression

2020-06-08 15:28:09 - [MESSAGE][PASSED] - Actual text '59920068 is not a valid date - it must be in the format d/m/Y' and expected text '59920068 is not a valid date - it must be in the format d/m/Y' are matched  using regular expression

2020-06-08 15:28:09 - [MESSAGE][PASSED] - Call Test Case 'Test Cases/PFI Precision and Scale/PFI Components with Indexing/InvalidDateErrorValidationIndex' successfully

2020-06-08 15:28:09 - [TEST_STEP][PASSED] - callTestCase(findTestCase("Test Cases/PFI Precision and Scale/PFI Components with Indexing/SelectDayInDatePickerWithIndexII"), ["FldNm":"kivDueDate", "SelectCurrentDay":"6", "index":3, "idx":3], STOP_ON_FAILURE): Call Test Case 'Test Cases/PFI Precision and Scale/PFI Components with Indexing/SelectDayInDatePickerWithIndexII' successfully

2020-06-08 15:28:09 - [TEST_CASE][PASSED] - Test Cases/PFI Precision and Scale/PFI Components with Indexing/SelectDayInDatePickerWithIndexII: Test Cases/PFI Precision and Scale/PFI Components with Indexing/SelectDayInDatePickerWithIndexII

2020-06-08 15:28:09 - [TEST_STEP][PASSED] - Thread.sleep(1000): null

2020-06-08 15:28:10 - [TEST_STEP][PASSED] - DateInputFld = modifyObjectProperty(findTestObject("Objects.HighlightElements/input_field_index"), "xpath", "equals", "(//*[contains(@class,'x-form-text') and (@name='" + FldNm + "')])[" + idx + "]", true): Modify property of object successfully

2020-06-08 15:28:10 - [MESSAGE][PASSED] - Modify property of object successfully

2020-06-08 15:28:10 - [TEST_STEP][PASSED] - ModifiedDay = modifyObjectProperty(findTestObject("Objects.DateValidation/Page_ISPS2/Select_Day_Index"), "xpath", "equals", "(//*[contains(@class, 'x-datepicker-date') and (text() = '" + SelectCurrentDay + "')])[" + index + "]", true): Modify property of object successfully

2020-06-08 15:28:10 - [MESSAGE][PASSED] - Modify property of object successfully

2020-06-08 15:28:10 - [TEST_STEP][PASSED] - sendKeys(DateInputFld, Keys.chord(ARROW_DOWN)): Keys 'DOWN + ' sent to object: 'Object Repository/Objects.HighlightElements/input_field_index'

2020-06-08 15:28:10 - [MESSAGE][PASSED] - Keys 'DOWN + ' sent to object: 'Object Repository/Objects.HighlightElements/input_field_index'

2020-06-08 15:28:10 - [TEST_STEP][PASSED] - com.reusableComponents.HighlightElement.run(ModifiedDay): com.reusableComponents.HighlightElement.run is PASSED

2020-06-08 15:28:10 - [MESSAGE][PASSED] - com.reusableComponents.HighlightElement.run is PASSED

2020-06-08 15:28:11 - [TEST_STEP][PASSED] - delay(1): Delayed 1 second(s)

2020-06-08 15:28:12 - [MESSAGE][PASSED] - Delayed 1 second(s)

2020-06-08 15:28:12 - [TEST_STEP][PASSED] - click(ModifiedDay): Object: 'Object Repository/Objects.DateValidation/Page_ISPS2/Select_Day_Index' is clicked on

2020-06-08 15:28:12 - [MESSAGE][PASSED] - Object: 'Object Repository/Objects.DateValidation/Page_ISPS2/Select_Day_Index' is clicked on

2020-06-08 15:28:12 - [TEST_STEP][PASSED] - GetError = getAttribute(DateInputFld, "data-errorqtip"): Attribute 'data-errorqtip' of object 'Object Repository/Objects.HighlightElements/input_field_index' is: ''

2020-06-08 15:28:12 - [MESSAGE][PASSED] - Attribute 'data-errorqtip' of object 'Object Repository/Objects.HighlightElements/input_field_index' is: ''

2020-06-08 15:28:12 - [TEST_STEP][PASSED] - if (GetError == ""): Date Format is valid

2020-06-08 15:28:12 - [TEST_STEP][PASSED] - GetEnteredDate = getAttribute(DateInputFld, "value"): Attribute 'value' of object 'Object Repository/Objects.HighlightElements/input_field_index' is: '06/06/2020'

2020-06-08 15:28:12 - [MESSAGE][PASSED] - Attribute 'value' of object 'Object Repository/Objects.HighlightElements/input_field_index' is: '06/06/2020'

2020-06-08 15:28:12 - [TEST_STEP][PASSED] - DatePattern = Pattern.compile("^(1[0-2]|0[1-9])/(3[01]|[12][0-9]|0[1-9])/[0-9]{4}$"): null

2020-06-08 15:28:12 - [TEST_STEP][PASSED] - VerifyDateFormat = DatePattern.matcher(GetEnteredDate): null

2020-06-08 15:28:12 - [TEST_STEP][PASSED] - if (VerifyDateFormat.matches() == true): Date Format is valid

2020-06-08 15:28:12 - [TEST_STEP][PASSED] - comment("Date Format is valid"): Date Format is valid

2020-06-08 15:28:12 - [MESSAGE][INFO] - Date Format is valid

2020-06-08 15:28:12 - [MESSAGE][PASSED] - Call Test Case 'Test Cases/PFI Precision and Scale/PFI Components with Indexing/SelectDayInDatePickerWithIndexII' successfully

2020-06-08 15:28:12 - [TEST_STEP][PASSED] - callTestCase(findTestCase("PFI Precision and Scale/PFI Components with Indexing/SelectTodayInDatePickerIndex"), ["FldNm":"kivDueDate", "index":2, "idx":3], STOP_ON_FAILURE): Call Test Case 'Test Cases/PFI Precision and Scale/PFI Components with Indexing/SelectTodayInDatePickerIndex' successfully

2020-06-08 15:28:12 - [TEST_CASE][PASSED] - Test Cases/PFI Precision and Scale/PFI Components with Indexing/SelectTodayInDatePickerIndex: Test Cases/PFI Precision and Scale/PFI Components with Indexing/SelectTodayInDatePickerIndex

2020-06-08 15:28:12 - [TEST_STEP][PASSED] - Thread.sleep(1000): null

2020-06-08 15:28:13 - [TEST_STEP][PASSED] - date = new java.util.Date(): null

2020-06-08 15:28:13 - [TEST_STEP][PASSED] - CurrentDate = new java.text.SimpleDateFormat(dd/MM/yyyy): null

2020-06-08 15:28:13 - [TEST_STEP][PASSED] - TodayDate = CurrentDate.format(date): null

2020-06-08 15:28:13 - [TEST_STEP][PASSED] - DateFieldNm = modifyObjectProperty(findTestObject("Objects.HighlightElements/input_field_index"), "xpath", "equals", "(//*[contains(@class,'x-form-text') and (@name='" + FldNm + "')])[" + idx + "]", true): Modify property of object successfully

2020-06-08 15:28:13 - [MESSAGE][PASSED] - Modify property of object successfully

2020-06-08 15:28:13 - [TEST_STEP][PASSED] - TodayBtn = modifyObjectProperty(findTestObject("Object Repository/Objects.DateValidation/Page_ISPS2/a_Today"), "xpath", "equals", "(//*[text() = 'Today'])[" + index + "]", true): Modify property of object successfully

2020-06-08 15:28:13 - [MESSAGE][PASSED] - Modify property of object successfully

2020-06-08 15:28:13 - [TEST_STEP][PASSED] - sendKeys(DateFieldNm, Keys.chord(ARROW_DOWN)): Keys 'DOWN + ' sent to object: 'Object Repository/Objects.HighlightElements/input_field_index'

2020-06-08 15:28:13 - [MESSAGE][PASSED] - Keys 'DOWN + ' sent to object: 'Object Repository/Objects.HighlightElements/input_field_index'

2020-06-08 15:28:13 - [TEST_STEP][PASSED] - com.reusableComponents.HighlightElement.run(TodayBtn): com.reusableComponents.HighlightElement.run is PASSED

2020-06-08 15:28:14 - [MESSAGE][PASSED] - com.reusableComponents.HighlightElement.run is PASSED

2020-06-08 15:28:14 - [TEST_STEP][PASSED] - click(TodayBtn): Object: 'Object Repository/Objects.DateValidation/Page_ISPS2/a_Today' is clicked on

2020-06-08 15:28:14 - [MESSAGE][PASSED] - Object: 'Object Repository/Objects.DateValidation/Page_ISPS2/a_Today' is clicked on

2020-06-08 15:28:14 - [TEST_STEP][PASSED] - GetEnteredDate = getAttribute(DateFieldNm, "value"): Attribute 'value' of object 'Object Repository/Objects.HighlightElements/input_field_index' is: '08/06/2020'

2020-06-08 15:28:14 - [MESSAGE][PASSED] - Attribute 'value' of object 'Object Repository/Objects.HighlightElements/input_field_index' is: '08/06/2020'

2020-06-08 15:28:14 - [TEST_STEP][PASSED] - verifyMatch(GetEnteredDate, TodayDate, true): Actual text '08/06/2020' and expected text '08/06/2020' are matched  using regular expression

2020-06-08 15:28:14 - [MESSAGE][PASSED] - Actual text '08/06/2020' and expected text '08/06/2020' are matched  using regular expression

2020-06-08 15:28:14 - [MESSAGE][PASSED] - Call Test Case 'Test Cases/PFI Precision and Scale/PFI Components with Indexing/SelectTodayInDatePickerIndex' successfully

2020-06-08 15:28:14 - [TEST_STEP][PASSED] - callTestCase(findTestCase("Components/HighlightLabelIndexField"), ["LblName":"File Name:", "index":3], STOP_ON_FAILURE): Call Test Case 'Test Cases/Components/HighlightLabelIndexField' successfully

2020-06-08 15:28:14 - [TEST_CASE][PASSED] - Test Cases/Components/HighlightLabelIndexField: Test Cases/Components/HighlightLabelIndexField

2020-06-08 15:28:14 - [TEST_STEP][PASSED] - Thread.sleep(1000): null

2020-06-08 15:28:15 - [TEST_STEP][PASSED] - modifiedLblNm = modifyObjectProperty(findTestObject("Object Repository/Objects.HighlightElements/lblField_index"), "xpath", "equals", "(//*[contains(@class,'x-form-item-label-inner') and (text()='" + LblName + "')])[" + index + "]", true): Modify property of object successfully

2020-06-08 15:28:15 - [MESSAGE][PASSED] - Modify property of object successfully

2020-06-08 15:28:15 - [TEST_STEP][PASSED] - com.reusableComponents.HighlightElement.run(modifiedLblNm): com.reusableComponents.HighlightElement.run is PASSED

2020-06-08 15:28:15 - [MESSAGE][PASSED] - com.reusableComponents.HighlightElement.run is PASSED

2020-06-08 15:28:15 - [MESSAGE][PASSED] - Call Test Case 'Test Cases/Components/HighlightLabelIndexField' successfully

2020-06-08 15:28:15 - [TEST_STEP][PASSED] - callTestCase(findTestCase("Components/HighlightInputFieldXPI"), ["FldNm":"NovaComboBox", "index":16], STOP_ON_FAILURE): Call Test Case 'Test Cases/Components/HighlightInputFieldXPI' successfully

2020-06-08 15:28:15 - [TEST_CASE][PASSED] - Test Cases/Components/HighlightInputFieldXPI: Test Cases/Components/HighlightInputFieldXPI

2020-06-08 15:28:16 - [TEST_STEP][PASSED] - Thread.sleep(1000): null

2020-06-08 15:28:17 - [TEST_STEP][PASSED] - modifiedInputNm = modifyObjectProperty(findTestObject("Object Repository/Objects.HighlightElements/input_field_index"), "xpath", "equals", "(//*[contains(@name, '" + FldNm + "')])[" + index + "]", true): Modify property of object successfully

2020-06-08 15:28:17 - [MESSAGE][PASSED] - Modify property of object successfully

2020-06-08 15:28:17 - [TEST_STEP][PASSED] - com.reusableComponents.HighlightElement.run(modifiedInputNm): com.reusableComponents.HighlightElement.run is PASSED

2020-06-08 15:28:17 - [MESSAGE][PASSED] - com.reusableComponents.HighlightElement.run is PASSED

2020-06-08 15:28:17 - [MESSAGE][PASSED] - Call Test Case 'Test Cases/Components/HighlightInputFieldXPI' successfully

2020-06-08 15:28:17 - [TEST_STEP][PASSED] - callTestCase(findTestCase("PFI Precision and Scale/PFI Components with Indexing/VerifyDropdownValuesXPI"), ["FldNm":"NovaComboBox", "index":16, "CallTCName":"PFI Precision and Scale/PFI Components/PFILetterTemplate", "cmbNm":"IssueWD", ... ], STOP_ON_FAILURE): Call Test Case 'Test Cases/PFI Precision and Scale/PFI Components with Indexing/VerifyDropdownValuesXPI' successfully

2020-06-08 15:28:17 - [TEST_CASE][PASSED] - Test Cases/PFI Precision and Scale/PFI Components with Indexing/VerifyDropdownValuesXPI: Test Cases/PFI Precision and Scale/PFI Components with Indexing/VerifyDropdownValuesXPI

2020-06-08 15:28:17 - [TEST_STEP][PASSED] - Thread.sleep(1000): null

2020-06-08 15:28:18 - [TEST_STEP][PASSED] - NewInputNmField = modifyObjectProperty(findTestObject("Object Repository/Objects.HighlightElements/input_field_index"), "xpath", "equals", "(//*[contains(@name, '" + FldNm + "')])[" + index + "]", true): Modify property of object successfully

2020-06-08 15:28:18 - [MESSAGE][PASSED] - Modify property of object successfully

2020-06-08 15:28:18 - [TEST_STEP][PASSED] - comboNm = cmbNm: null

2020-06-08 15:28:18 - [TEST_STEP][PASSED] - focus(NewInputNmField): Object: 'Object Repository/Objects.HighlightElements/input_field_index' is focused

2020-06-08 15:28:18 - [MESSAGE][PASSED] - Object: 'Object Repository/Objects.HighlightElements/input_field_index' is focused

2020-06-08 15:28:18 - [TEST_STEP][PASSED] - setText(NewInputNmField, EnterValue): Text '' is set on object 'Object Repository/Objects.HighlightElements/input_field_index'

2020-06-08 15:28:18 - [MESSAGE][PASSED] - Text '' is set on object 'Object Repository/Objects.HighlightElements/input_field_index'

2020-06-08 15:28:18 - [TEST_STEP][PASSED] - for ([i = 1, i <= NoOfVal, (i++)]): Keys 'DOWN + ' sent to object: 'Object Repository/Objects.HighlightElements/input_field_index'

2020-06-08 15:28:18 - [TEST_STEP][PASSED] - sendKeys(NewInputNmField, Keys.chord(ARROW_DOWN)): Keys 'DOWN + ' sent to object: 'Object Repository/Objects.HighlightElements/input_field_index'

2020-06-08 15:28:18 - [MESSAGE][PASSED] - Keys 'DOWN + ' sent to object: 'Object Repository/Objects.HighlightElements/input_field_index'

2020-06-08 15:28:18 - [TEST_STEP][PASSED] - delay(DelayTime): Delayed 3 second(s)

2020-06-08 15:28:21 - [MESSAGE][PASSED] - Delayed 3 second(s)

2020-06-08 15:28:21 - [TEST_STEP][PASSED] - sendKeys(NewInputNmField, Keys.chord(ENTER)): Keys 'ENTER + ' sent to object: 'Object Repository/Objects.HighlightElements/input_field_index'

2020-06-08 15:28:21 - [MESSAGE][PASSED] - Keys 'ENTER + ' sent to object: 'Object Repository/Objects.HighlightElements/input_field_index'

2020-06-08 15:28:21 - [TEST_STEP][PASSED] - ComboBoxValue = getAttribute(NewInputNmField, "value"): Attribute 'value' of object 'Object Repository/Objects.HighlightElements/input_field_index' is: '[AAPSI816] SF_ESID_SISSF-D1-G Generate Govt Notice'

2020-06-08 15:28:21 - [MESSAGE][PASSED] - Attribute 'value' of object 'Object Repository/Objects.HighlightElements/input_field_index' is: '[AAPSI816] SF_ESID_SISSF-D1-G Generate Govt Notice'

2020-06-08 15:28:21 - [TEST_STEP][PASSED] - callTestCase(findTestCase(CallTCName), ["FindValue":ComboBoxValue, "DropdownNm":comboNm], STOP_ON_FAILURE): Call Test Case 'Test Cases/PFI Precision and Scale/PFI Components/PFILetterTemplate' successfully

2020-06-08 15:28:22 - [TEST_CASE][PASSED] - Test Cases/PFI Precision and Scale/PFI Components/PFILetterTemplate: Test Cases/PFI Precision and Scale/PFI Components/PFILetterTemplate

2020-06-08 15:28:22 - [TEST_STEP][PASSED] - PFILetterTemplateTBL = [1:["Reminder":"Ministry Of Health"], 2:["Reminder":"Reminder Free Format Letter"], 3:["Reminder":"Reminder 1 (SF_ESID_SIS/SL-REM1)"], ... ]: null

2020-06-08 15:28:22 - [TEST_STEP][PASSED] - switch (DropdownNm): null

2020-06-08 15:28:22 - [TEST_STEP][PASSED] - case "IssueWD":: null

2020-06-08 15:28:22 - [TEST_STEP][PASSED] - ValueFound = PFILetterTemplateTBL.find({ -> ... }): null

2020-06-08 15:28:22 - [TEST_STEP][PASSED] - break: null

2020-06-08 15:28:22 - [MESSAGE][PASSED] - Call Test Case 'Test Cases/PFI Precision and Scale/PFI Components/PFILetterTemplate' successfully

2020-06-08 15:28:22 - [TEST_STEP][PASSED] - println(ValueFound): null

2020-06-08 15:28:22 - [TEST_STEP][PASSED] - sendKeys(NewInputNmField, Keys.chord(ARROW_DOWN)): Keys 'DOWN + ' sent to object: 'Object Repository/Objects.HighlightElements/input_field_index'

2020-06-08 15:28:22 - [MESSAGE][PASSED] - Keys 'DOWN + ' sent to object: 'Object Repository/Objects.HighlightElements/input_field_index'

2020-06-08 15:28:22 - [TEST_STEP][PASSED] - sendKeys(NewInputNmField, Keys.chord(ARROW_DOWN)): Keys 'DOWN + ' sent to object: 'Object Repository/Objects.HighlightElements/input_field_index'

2020-06-08 15:28:22 - [MESSAGE][PASSED] - Keys 'DOWN + ' sent to object: 'Object Repository/Objects.HighlightElements/input_field_index'

2020-06-08 15:28:22 - [TEST_STEP][PASSED] - delay(DelayTime): Delayed 3 second(s)

2020-06-08 15:28:25 - [MESSAGE][PASSED] - Delayed 3 second(s)

2020-06-08 15:28:25 - [TEST_STEP][PASSED] - sendKeys(NewInputNmField, Keys.chord(ENTER)): Keys 'ENTER + ' sent to object: 'Object Repository/Objects.HighlightElements/input_field_index'

2020-06-08 15:28:25 - [MESSAGE][PASSED] - Keys 'ENTER + ' sent to object: 'Object Repository/Objects.HighlightElements/input_field_index'

2020-06-08 15:28:25 - [TEST_STEP][PASSED] - ComboBoxValue = getAttribute(NewInputNmField, "value"): Attribute 'value' of object 'Object Repository/Objects.HighlightElements/input_field_index' is: '[AAPSI815] D1 (Multiple Owners With Structural Plan) - Regeneration of Notice'

2020-06-08 15:28:25 - [MESSAGE][PASSED] - Attribute 'value' of object 'Object Repository/Objects.HighlightElements/input_field_index' is: '[AAPSI815] D1 (Multiple Owners With Structural Plan) - Regeneration of Notice'

2020-06-08 15:28:25 - [TEST_STEP][PASSED] - callTestCase(findTestCase(CallTCName), ["FindValue":ComboBoxValue, "DropdownNm":comboNm], STOP_ON_FAILURE): Call Test Case 'Test Cases/PFI Precision and Scale/PFI Components/PFILetterTemplate' successfully

2020-06-08 15:28:25 - [TEST_CASE][PASSED] - Test Cases/PFI Precision and Scale/PFI Components/PFILetterTemplate: Test Cases/PFI Precision and Scale/PFI Components/PFILetterTemplate

2020-06-08 15:28:25 - [TEST_STEP][PASSED] - PFILetterTemplateTBL = [1:["Reminder":"Ministry Of Health"], 2:["Reminder":"Reminder Free Format Letter"], 3:["Reminder":"Reminder 1 (SF_ESID_SIS/SL-REM1)"], ... ]: null

2020-06-08 15:28:25 - [TEST_STEP][PASSED] - switch (DropdownNm): null

2020-06-08 15:28:25 - [TEST_STEP][PASSED] - case "IssueWD":: null

2020-06-08 15:28:25 - [TEST_STEP][PASSED] - ValueFound = PFILetterTemplateTBL.find({ -> ... }): null

2020-06-08 15:28:25 - [TEST_STEP][PASSED] - break: null

2020-06-08 15:28:25 - [MESSAGE][PASSED] - Call Test Case 'Test Cases/PFI Precision and Scale/PFI Components/PFILetterTemplate' successfully

2020-06-08 15:28:25 - [TEST_STEP][PASSED] - println(ValueFound): null

2020-06-08 15:28:25 - [TEST_STEP][PASSED] - sendKeys(NewInputNmField, Keys.chord(ARROW_DOWN)): Keys 'DOWN + ' sent to object: 'Object Repository/Objects.HighlightElements/input_field_index'

2020-06-08 15:28:25 - [MESSAGE][PASSED] - Keys 'DOWN + ' sent to object: 'Object Repository/Objects.HighlightElements/input_field_index'

2020-06-08 15:28:25 - [TEST_STEP][PASSED] - sendKeys(NewInputNmField, Keys.chord(ARROW_DOWN)): Keys 'DOWN + ' sent to object: 'Object Repository/Objects.HighlightElements/input_field_index'

2020-06-08 15:28:25 - [MESSAGE][PASSED] - Keys 'DOWN + ' sent to object: 'Object Repository/Objects.HighlightElements/input_field_index'

2020-06-08 15:28:25 - [TEST_STEP][PASSED] - delay(DelayTime): Delayed 3 second(s)

2020-06-08 15:28:28 - [MESSAGE][PASSED] - Delayed 3 second(s)

2020-06-08 15:28:28 - [TEST_STEP][PASSED] - sendKeys(NewInputNmField, Keys.chord(ENTER)): Keys 'ENTER + ' sent to object: 'Object Repository/Objects.HighlightElements/input_field_index'

2020-06-08 15:28:28 - [MESSAGE][PASSED] - Keys 'ENTER + ' sent to object: 'Object Repository/Objects.HighlightElements/input_field_index'

2020-06-08 15:28:28 - [TEST_STEP][PASSED] - ComboBoxValue = getAttribute(NewInputNmField, "value"): Attribute 'value' of object 'Object Repository/Objects.HighlightElements/input_field_index' is: '[AAPSI815W] D1 (Multiple Owners Without Structural Plan) - Regeneration of Notice'

2020-06-08 15:28:28 - [MESSAGE][PASSED] - Attribute 'value' of object 'Object Repository/Objects.HighlightElements/input_field_index' is: '[AAPSI815W] D1 (Multiple Owners Without Structural Plan) - Regeneration of Notice'

2020-06-08 15:28:28 - [TEST_STEP][PASSED] - callTestCase(findTestCase(CallTCName), ["FindValue":ComboBoxValue, "DropdownNm":comboNm], STOP_ON_FAILURE): Call Test Case 'Test Cases/PFI Precision and Scale/PFI Components/PFILetterTemplate' successfully

2020-06-08 15:28:29 - [TEST_CASE][PASSED] - Test Cases/PFI Precision and Scale/PFI Components/PFILetterTemplate: Test Cases/PFI Precision and Scale/PFI Components/PFILetterTemplate

2020-06-08 15:28:29 - [TEST_STEP][PASSED] - PFILetterTemplateTBL = [1:["Reminder":"Ministry Of Health"], 2:["Reminder":"Reminder Free Format Letter"], 3:["Reminder":"Reminder 1 (SF_ESID_SIS/SL-REM1)"], ... ]: null

2020-06-08 15:28:29 - [TEST_STEP][PASSED] - switch (DropdownNm): null

2020-06-08 15:28:29 - [TEST_STEP][PASSED] - case "IssueWD":: null

2020-06-08 15:28:29 - [TEST_STEP][PASSED] - ValueFound = PFILetterTemplateTBL.find({ -> ... }): null

2020-06-08 15:28:29 - [TEST_STEP][PASSED] - break: null

2020-06-08 15:28:29 - [MESSAGE][PASSED] - Call Test Case 'Test Cases/PFI Precision and Scale/PFI Components/PFILetterTemplate' successfully

2020-06-08 15:28:29 - [TEST_STEP][PASSED] - println(ValueFound): null

2020-06-08 15:28:29 - [TEST_STEP][PASSED] - sendKeys(NewInputNmField, Keys.chord(ARROW_DOWN)): Keys 'DOWN + ' sent to object: 'Object Repository/Objects.HighlightElements/input_field_index'

2020-06-08 15:28:29 - [MESSAGE][PASSED] - Keys 'DOWN + ' sent to object: 'Object Repository/Objects.HighlightElements/input_field_index'

2020-06-08 15:28:29 - [TEST_STEP][PASSED] - sendKeys(NewInputNmField, Keys.chord(ARROW_DOWN)): Keys 'DOWN + ' sent to object: 'Object Repository/Objects.HighlightElements/input_field_index'

2020-06-08 15:28:29 - [MESSAGE][PASSED] - Keys 'DOWN + ' sent to object: 'Object Repository/Objects.HighlightElements/input_field_index'

2020-06-08 15:28:29 - [TEST_STEP][PASSED] - delay(DelayTime): Delayed 3 second(s)

2020-06-08 15:28:32 - [MESSAGE][PASSED] - Delayed 3 second(s)

2020-06-08 15:28:32 - [TEST_STEP][PASSED] - sendKeys(NewInputNmField, Keys.chord(ENTER)): Keys 'ENTER + ' sent to object: 'Object Repository/Objects.HighlightElements/input_field_index'

2020-06-08 15:28:32 - [MESSAGE][PASSED] - Keys 'ENTER + ' sent to object: 'Object Repository/Objects.HighlightElements/input_field_index'

2020-06-08 15:28:32 - [TEST_STEP][PASSED] - ComboBoxValue = getAttribute(NewInputNmField, "value"): Attribute 'value' of object 'Object Repository/Objects.HighlightElements/input_field_index' is: '[AAPSI802W] D1 (Multiple Owners Without Structural Plan)'

2020-06-08 15:28:32 - [MESSAGE][PASSED] - Attribute 'value' of object 'Object Repository/Objects.HighlightElements/input_field_index' is: '[AAPSI802W] D1 (Multiple Owners Without Structural Plan)'

2020-06-08 15:28:32 - [TEST_STEP][PASSED] - callTestCase(findTestCase(CallTCName), ["FindValue":ComboBoxValue, "DropdownNm":comboNm], STOP_ON_FAILURE): Call Test Case 'Test Cases/PFI Precision and Scale/PFI Components/PFILetterTemplate' successfully

2020-06-08 15:28:32 - [TEST_CASE][PASSED] - Test Cases/PFI Precision and Scale/PFI Components/PFILetterTemplate: Test Cases/PFI Precision and Scale/PFI Components/PFILetterTemplate

2020-06-08 15:28:32 - [TEST_STEP][PASSED] - PFILetterTemplateTBL = [1:["Reminder":"Ministry Of Health"], 2:["Reminder":"Reminder Free Format Letter"], 3:["Reminder":"Reminder 1 (SF_ESID_SIS/SL-REM1)"], ... ]: null

2020-06-08 15:28:32 - [TEST_STEP][PASSED] - switch (DropdownNm): null

2020-06-08 15:28:32 - [TEST_STEP][PASSED] - case "IssueWD":: null

2020-06-08 15:28:32 - [TEST_STEP][PASSED] - ValueFound = PFILetterTemplateTBL.find({ -> ... }): null

2020-06-08 15:28:32 - [TEST_STEP][PASSED] - break: null

2020-06-08 15:28:32 - [MESSAGE][PASSED] - Call Test Case 'Test Cases/PFI Precision and Scale/PFI Components/PFILetterTemplate' successfully

2020-06-08 15:28:32 - [TEST_STEP][PASSED] - println(ValueFound): null

2020-06-08 15:28:32 - [TEST_STEP][PASSED] - sendKeys(NewInputNmField, Keys.chord(ARROW_DOWN)): Keys 'DOWN + ' sent to object: 'Object Repository/Objects.HighlightElements/input_field_index'

2020-06-08 15:28:32 - [MESSAGE][PASSED] - Keys 'DOWN + ' sent to object: 'Object Repository/Objects.HighlightElements/input_field_index'

2020-06-08 15:28:32 - [TEST_STEP][PASSED] - sendKeys(NewInputNmField, Keys.chord(ARROW_DOWN)): Keys 'DOWN + ' sent to object: 'Object Repository/Objects.HighlightElements/input_field_index'

2020-06-08 15:28:32 - [MESSAGE][PASSED] - Keys 'DOWN + ' sent to object: 'Object Repository/Objects.HighlightElements/input_field_index'

2020-06-08 15:28:32 - [TEST_STEP][PASSED] - delay(DelayTime): Delayed 3 second(s)

2020-06-08 15:28:35 - [MESSAGE][PASSED] - Delayed 3 second(s)

2020-06-08 15:28:35 - [TEST_STEP][PASSED] - sendKeys(NewInputNmField, Keys.chord(ENTER)): Keys 'ENTER + ' sent to object: 'Object Repository/Objects.HighlightElements/input_field_index'

2020-06-08 15:28:35 - [MESSAGE][PASSED] - Keys 'ENTER + ' sent to object: 'Object Repository/Objects.HighlightElements/input_field_index'

2020-06-08 15:28:35 - [TEST_STEP][PASSED] - ComboBoxValue = getAttribute(NewInputNmField, "value"): Attribute 'value' of object 'Object Repository/Objects.HighlightElements/input_field_index' is: '[ AAPSI814W]  D1 (Single Owner Without Structural Plan) - Regeneration of Notice'

2020-06-08 15:28:35 - [MESSAGE][PASSED] - Attribute 'value' of object 'Object Repository/Objects.HighlightElements/input_field_index' is: '[ AAPSI814W]  D1 (Single Owner Without Structural Plan) - Regeneration of Notice'

2020-06-08 15:28:35 - [TEST_STEP][PASSED] - callTestCase(findTestCase(CallTCName), ["FindValue":ComboBoxValue, "DropdownNm":comboNm], STOP_ON_FAILURE): Call Test Case 'Test Cases/PFI Precision and Scale/PFI Components/PFILetterTemplate' successfully

2020-06-08 15:28:35 - [TEST_CASE][PASSED] - Test Cases/PFI Precision and Scale/PFI Components/PFILetterTemplate: Test Cases/PFI Precision and Scale/PFI Components/PFILetterTemplate

2020-06-08 15:28:35 - [TEST_STEP][PASSED] - PFILetterTemplateTBL = [1:["Reminder":"Ministry Of Health"], 2:["Reminder":"Reminder Free Format Letter"], 3:["Reminder":"Reminder 1 (SF_ESID_SIS/SL-REM1)"], ... ]: null

2020-06-08 15:28:35 - [TEST_STEP][PASSED] - switch (DropdownNm): null

2020-06-08 15:28:35 - [TEST_STEP][PASSED] - case "IssueWD":: null

2020-06-08 15:28:35 - [TEST_STEP][PASSED] - ValueFound = PFILetterTemplateTBL.find({ -> ... }): null

2020-06-08 15:28:35 - [TEST_STEP][PASSED] - break: null

2020-06-08 15:28:35 - [MESSAGE][PASSED] - Call Test Case 'Test Cases/PFI Precision and Scale/PFI Components/PFILetterTemplate' successfully

2020-06-08 15:28:35 - [TEST_STEP][PASSED] - println(ValueFound): null

2020-06-08 15:28:35 - [TEST_STEP][PASSED] - sendKeys(NewInputNmField, Keys.chord(ARROW_DOWN)): Keys 'DOWN + ' sent to object: 'Object Repository/Objects.HighlightElements/input_field_index'

2020-06-08 15:28:35 - [MESSAGE][PASSED] - Keys 'DOWN + ' sent to object: 'Object Repository/Objects.HighlightElements/input_field_index'

2020-06-08 15:28:35 - [TEST_STEP][PASSED] - sendKeys(NewInputNmField, Keys.chord(ARROW_DOWN)): Keys 'DOWN + ' sent to object: 'Object Repository/Objects.HighlightElements/input_field_index'

2020-06-08 15:28:35 - [MESSAGE][PASSED] - Keys 'DOWN + ' sent to object: 'Object Repository/Objects.HighlightElements/input_field_index'

2020-06-08 15:28:35 - [TEST_STEP][PASSED] - delay(DelayTime): Delayed 3 second(s)

2020-06-08 15:28:38 - [MESSAGE][PASSED] - Delayed 3 second(s)

2020-06-08 15:28:38 - [TEST_STEP][PASSED] - sendKeys(NewInputNmField, Keys.chord(ENTER)): Keys 'ENTER + ' sent to object: 'Object Repository/Objects.HighlightElements/input_field_index'

2020-06-08 15:28:38 - [MESSAGE][PASSED] - Keys 'ENTER + ' sent to object: 'Object Repository/Objects.HighlightElements/input_field_index'

2020-06-08 15:28:38 - [TEST_STEP][PASSED] - ComboBoxValue = getAttribute(NewInputNmField, "value"): Attribute 'value' of object 'Object Repository/Objects.HighlightElements/input_field_index' is: '[[304]AAPSI801] D1 (Single Owner With Structural Plan)'

2020-06-08 15:28:38 - [MESSAGE][PASSED] - Attribute 'value' of object 'Object Repository/Objects.HighlightElements/input_field_index' is: '[[304]AAPSI801] D1 (Single Owner With Structural Plan)'

2020-06-08 15:28:38 - [TEST_STEP][PASSED] - callTestCase(findTestCase(CallTCName), ["FindValue":ComboBoxValue, "DropdownNm":comboNm], STOP_ON_FAILURE): Call Test Case 'Test Cases/PFI Precision and Scale/PFI Components/PFILetterTemplate' successfully

2020-06-08 15:28:38 - [TEST_CASE][PASSED] - Test Cases/PFI Precision and Scale/PFI Components/PFILetterTemplate: Test Cases/PFI Precision and Scale/PFI Components/PFILetterTemplate

2020-06-08 15:28:38 - [TEST_STEP][PASSED] - PFILetterTemplateTBL = [1:["Reminder":"Ministry Of Health"], 2:["Reminder":"Reminder Free Format Letter"], 3:["Reminder":"Reminder 1 (SF_ESID_SIS/SL-REM1)"], ... ]: null

2020-06-08 15:28:38 - [TEST_STEP][PASSED] - switch (DropdownNm): null

2020-06-08 15:28:38 - [TEST_STEP][PASSED] - case "IssueWD":: null

2020-06-08 15:28:38 - [TEST_STEP][PASSED] - ValueFound = PFILetterTemplateTBL.find({ -> ... }): null

2020-06-08 15:28:38 - [TEST_STEP][PASSED] - break: null

2020-06-08 15:28:38 - [MESSAGE][PASSED] - Call Test Case 'Test Cases/PFI Precision and Scale/PFI Components/PFILetterTemplate' successfully

2020-06-08 15:28:38 - [TEST_STEP][PASSED] - println(ValueFound): null

2020-06-08 15:28:38 - [TEST_STEP][PASSED] - sendKeys(NewInputNmField, Keys.chord(ARROW_DOWN)): Keys 'DOWN + ' sent to object: 'Object Repository/Objects.HighlightElements/input_field_index'

2020-06-08 15:28:38 - [MESSAGE][PASSED] - Keys 'DOWN + ' sent to object: 'Object Repository/Objects.HighlightElements/input_field_index'

2020-06-08 15:28:38 - [TEST_STEP][PASSED] - sendKeys(NewInputNmField, Keys.chord(ARROW_DOWN)): Keys 'DOWN + ' sent to object: 'Object Repository/Objects.HighlightElements/input_field_index'

2020-06-08 15:28:38 - [MESSAGE][PASSED] - Keys 'DOWN + ' sent to object: 'Object Repository/Objects.HighlightElements/input_field_index'

2020-06-08 15:28:38 - [TEST_STEP][PASSED] - delay(DelayTime): Delayed 3 second(s)

2020-06-08 15:28:41 - [MESSAGE][PASSED] - Delayed 3 second(s)

2020-06-08 15:28:41 - [TEST_STEP][PASSED] - sendKeys(NewInputNmField, Keys.chord(ENTER)): Keys 'ENTER + ' sent to object: 'Object Repository/Objects.HighlightElements/input_field_index'

2020-06-08 15:28:42 - [MESSAGE][PASSED] - Keys 'ENTER + ' sent to object: 'Object Repository/Objects.HighlightElements/input_field_index'

2020-06-08 15:28:42 - [TEST_STEP][PASSED] - ComboBoxValue = getAttribute(NewInputNmField, "value"): Attribute 'value' of object 'Object Repository/Objects.HighlightElements/input_field_index' is: '[[306]AAPSI802] D1 (Multiple Owners With Structural Plan)'

2020-06-08 15:28:42 - [MESSAGE][PASSED] - Attribute 'value' of object 'Object Repository/Objects.HighlightElements/input_field_index' is: '[[306]AAPSI802] D1 (Multiple Owners With Structural Plan)'

2020-06-08 15:28:42 - [TEST_STEP][PASSED] - callTestCase(findTestCase(CallTCName), ["FindValue":ComboBoxValue, "DropdownNm":comboNm], STOP_ON_FAILURE): Call Test Case 'Test Cases/PFI Precision and Scale/PFI Components/PFILetterTemplate' successfully

2020-06-08 15:28:42 - [TEST_CASE][PASSED] - Test Cases/PFI Precision and Scale/PFI Components/PFILetterTemplate: Test Cases/PFI Precision and Scale/PFI Components/PFILetterTemplate

2020-06-08 15:28:42 - [TEST_STEP][PASSED] - PFILetterTemplateTBL = [1:["Reminder":"Ministry Of Health"], 2:["Reminder":"Reminder Free Format Letter"], 3:["Reminder":"Reminder 1 (SF_ESID_SIS/SL-REM1)"], ... ]: null

2020-06-08 15:28:42 - [TEST_STEP][PASSED] - switch (DropdownNm): null

2020-06-08 15:28:42 - [TEST_STEP][PASSED] - case "IssueWD":: null

2020-06-08 15:28:42 - [TEST_STEP][PASSED] - ValueFound = PFILetterTemplateTBL.find({ -> ... }): null

2020-06-08 15:28:42 - [TEST_STEP][PASSED] - break: null

2020-06-08 15:28:42 - [MESSAGE][PASSED] - Call Test Case 'Test Cases/PFI Precision and Scale/PFI Components/PFILetterTemplate' successfully

2020-06-08 15:28:42 - [TEST_STEP][PASSED] - println(ValueFound): null

2020-06-08 15:28:42 - [TEST_STEP][PASSED] - sendKeys(NewInputNmField, Keys.chord(ARROW_DOWN)): Keys 'DOWN + ' sent to object: 'Object Repository/Objects.HighlightElements/input_field_index'

2020-06-08 15:28:42 - [MESSAGE][PASSED] - Keys 'DOWN + ' sent to object: 'Object Repository/Objects.HighlightElements/input_field_index'

2020-06-08 15:28:42 - [TEST_STEP][PASSED] - sendKeys(NewInputNmField, Keys.chord(ARROW_DOWN)): Keys 'DOWN + ' sent to object: 'Object Repository/Objects.HighlightElements/input_field_index'

2020-06-08 15:28:42 - [MESSAGE][PASSED] - Keys 'DOWN + ' sent to object: 'Object Repository/Objects.HighlightElements/input_field_index'

2020-06-08 15:28:42 - [TEST_STEP][PASSED] - delay(DelayTime): Delayed 3 second(s)

2020-06-08 15:28:45 - [MESSAGE][PASSED] - Delayed 3 second(s)

2020-06-08 15:28:45 - [TEST_STEP][PASSED] - sendKeys(NewInputNmField, Keys.chord(ENTER)): Keys 'ENTER + ' sent to object: 'Object Repository/Objects.HighlightElements/input_field_index'

2020-06-08 15:28:45 - [MESSAGE][PASSED] - Keys 'ENTER + ' sent to object: 'Object Repository/Objects.HighlightElements/input_field_index'

2020-06-08 15:28:45 - [TEST_STEP][PASSED] - ComboBoxValue = getAttribute(NewInputNmField, "value"): Attribute 'value' of object 'Object Repository/Objects.HighlightElements/input_field_index' is: '[[307]AAPSI814] D1 (Single Owner With Structural Plan) - Regeneration of Notice'

2020-06-08 15:28:45 - [MESSAGE][PASSED] - Attribute 'value' of object 'Object Repository/Objects.HighlightElements/input_field_index' is: '[[307]AAPSI814] D1 (Single Owner With Structural Plan) - Regeneration of Notice'

2020-06-08 15:28:45 - [TEST_STEP][PASSED] - callTestCase(findTestCase(CallTCName), ["FindValue":ComboBoxValue, "DropdownNm":comboNm], STOP_ON_FAILURE): Call Test Case 'Test Cases/PFI Precision and Scale/PFI Components/PFILetterTemplate' successfully

2020-06-08 15:28:45 - [TEST_CASE][PASSED] - Test Cases/PFI Precision and Scale/PFI Components/PFILetterTemplate: Test Cases/PFI Precision and Scale/PFI Components/PFILetterTemplate

2020-06-08 15:28:45 - [TEST_STEP][PASSED] - PFILetterTemplateTBL = [1:["Reminder":"Ministry Of Health"], 2:["Reminder":"Reminder Free Format Letter"], 3:["Reminder":"Reminder 1 (SF_ESID_SIS/SL-REM1)"], ... ]: null

2020-06-08 15:28:45 - [TEST_STEP][PASSED] - switch (DropdownNm): null

2020-06-08 15:28:45 - [TEST_STEP][PASSED] - case "IssueWD":: null

2020-06-08 15:28:45 - [TEST_STEP][PASSED] - ValueFound = PFILetterTemplateTBL.find({ -> ... }): null

2020-06-08 15:28:45 - [TEST_STEP][PASSED] - break: null

2020-06-08 15:28:45 - [MESSAGE][PASSED] - Call Test Case 'Test Cases/PFI Precision and Scale/PFI Components/PFILetterTemplate' successfully

2020-06-08 15:28:45 - [TEST_STEP][PASSED] - println(ValueFound): null

2020-06-08 15:28:45 - [TEST_STEP][PASSED] - sendKeys(NewInputNmField, Keys.chord(ARROW_DOWN)): Keys 'DOWN + ' sent to object: 'Object Repository/Objects.HighlightElements/input_field_index'

2020-06-08 15:28:45 - [MESSAGE][PASSED] - Keys 'DOWN + ' sent to object: 'Object Repository/Objects.HighlightElements/input_field_index'

2020-06-08 15:28:45 - [TEST_STEP][PASSED] - sendKeys(NewInputNmField, Keys.chord(ARROW_DOWN)): Keys 'DOWN + ' sent to object: 'Object Repository/Objects.HighlightElements/input_field_index'

2020-06-08 15:28:45 - [MESSAGE][PASSED] - Keys 'DOWN + ' sent to object: 'Object Repository/Objects.HighlightElements/input_field_index'

2020-06-08 15:28:45 - [TEST_STEP][PASSED] - delay(DelayTime): Delayed 3 second(s)

2020-06-08 15:28:48 - [MESSAGE][PASSED] - Delayed 3 second(s)

2020-06-08 15:28:48 - [TEST_STEP][PASSED] - sendKeys(NewInputNmField, Keys.chord(ENTER)): Keys 'ENTER + ' sent to object: 'Object Repository/Objects.HighlightElements/input_field_index'

2020-06-08 15:28:48 - [MESSAGE][PASSED] - Keys 'ENTER + ' sent to object: 'Object Repository/Objects.HighlightElements/input_field_index'

2020-06-08 15:28:48 - [TEST_STEP][PASSED] - ComboBoxValue = getAttribute(NewInputNmField, "value"): Attribute 'value' of object 'Object Repository/Objects.HighlightElements/input_field_index' is: '[[308]AAPSI815] D1 (Multiple Owners With Structural Plan) - Regeneration of Notice'

2020-06-08 15:28:48 - [MESSAGE][PASSED] - Attribute 'value' of object 'Object Repository/Objects.HighlightElements/input_field_index' is: '[[308]AAPSI815] D1 (Multiple Owners With Structural Plan) - Regeneration of Notice'

2020-06-08 15:28:48 - [TEST_STEP][PASSED] - callTestCase(findTestCase(CallTCName), ["FindValue":ComboBoxValue, "DropdownNm":comboNm], STOP_ON_FAILURE): Call Test Case 'Test Cases/PFI Precision and Scale/PFI Components/PFILetterTemplate' successfully

2020-06-08 15:28:48 - [TEST_CASE][PASSED] - Test Cases/PFI Precision and Scale/PFI Components/PFILetterTemplate: Test Cases/PFI Precision and Scale/PFI Components/PFILetterTemplate

2020-06-08 15:28:48 - [TEST_STEP][PASSED] - PFILetterTemplateTBL = [1:["Reminder":"Ministry Of Health"], 2:["Reminder":"Reminder Free Format Letter"], 3:["Reminder":"Reminder 1 (SF_ESID_SIS/SL-REM1)"], ... ]: null

2020-06-08 15:28:48 - [TEST_STEP][PASSED] - switch (DropdownNm): null

2020-06-08 15:28:48 - [TEST_STEP][PASSED] - case "IssueWD":: null

2020-06-08 15:28:48 - [TEST_STEP][PASSED] - ValueFound = PFILetterTemplateTBL.find({ -> ... }): null

2020-06-08 15:28:48 - [TEST_STEP][PASSED] - break: null

2020-06-08 15:28:48 - [MESSAGE][PASSED] - Call Test Case 'Test Cases/PFI Precision and Scale/PFI Components/PFILetterTemplate' successfully

2020-06-08 15:28:48 - [TEST_STEP][PASSED] - println(ValueFound): null

2020-06-08 15:28:48 - [TEST_STEP][PASSED] - sendKeys(NewInputNmField, Keys.chord(ARROW_DOWN)): Keys 'DOWN + ' sent to object: 'Object Repository/Objects.HighlightElements/input_field_index'

2020-06-08 15:28:48 - [MESSAGE][PASSED] - Keys 'DOWN + ' sent to object: 'Object Repository/Objects.HighlightElements/input_field_index'

2020-06-08 15:28:48 - [TEST_STEP][PASSED] - sendKeys(NewInputNmField, Keys.chord(ARROW_DOWN)): Keys 'DOWN + ' sent to object: 'Object Repository/Objects.HighlightElements/input_field_index'

2020-06-08 15:28:48 - [MESSAGE][PASSED] - Keys 'DOWN + ' sent to object: 'Object Repository/Objects.HighlightElements/input_field_index'

2020-06-08 15:28:48 - [TEST_STEP][PASSED] - delay(DelayTime): Delayed 3 second(s)

2020-06-08 15:28:51 - [MESSAGE][PASSED] - Delayed 3 second(s)

2020-06-08 15:28:51 - [TEST_STEP][PASSED] - sendKeys(NewInputNmField, Keys.chord(ENTER)): Keys 'ENTER + ' sent to object: 'Object Repository/Objects.HighlightElements/input_field_index'

2020-06-08 15:28:51 - [MESSAGE][PASSED] - Keys 'ENTER + ' sent to object: 'Object Repository/Objects.HighlightElements/input_field_index'

2020-06-08 15:28:51 - [TEST_STEP][PASSED] - ComboBoxValue = getAttribute(NewInputNmField, "value"): Attribute 'value' of object 'Object Repository/Objects.HighlightElements/input_field_index' is: '[[301]AAPSI816] SF_ESID_SISSF-D1-G Generate Govt Notice'

2020-06-08 15:28:51 - [MESSAGE][PASSED] - Attribute 'value' of object 'Object Repository/Objects.HighlightElements/input_field_index' is: '[[301]AAPSI816] SF_ESID_SISSF-D1-G Generate Govt Notice'

2020-06-08 15:28:51 - [TEST_STEP][PASSED] - callTestCase(findTestCase(CallTCName), ["FindValue":ComboBoxValue, "DropdownNm":comboNm], STOP_ON_FAILURE): Call Test Case 'Test Cases/PFI Precision and Scale/PFI Components/PFILetterTemplate' successfully

2020-06-08 15:28:51 - [TEST_CASE][PASSED] - Test Cases/PFI Precision and Scale/PFI Components/PFILetterTemplate: Test Cases/PFI Precision and Scale/PFI Components/PFILetterTemplate

2020-06-08 15:28:52 - [TEST_STEP][PASSED] - PFILetterTemplateTBL = [1:["Reminder":"Ministry Of Health"], 2:["Reminder":"Reminder Free Format Letter"], 3:["Reminder":"Reminder 1 (SF_ESID_SIS/SL-REM1)"], ... ]: null

2020-06-08 15:28:52 - [TEST_STEP][PASSED] - switch (DropdownNm): null

2020-06-08 15:28:52 - [TEST_STEP][PASSED] - case "IssueWD":: null

2020-06-08 15:28:52 - [TEST_STEP][PASSED] - ValueFound = PFILetterTemplateTBL.find({ -> ... }): null

2020-06-08 15:28:52 - [TEST_STEP][PASSED] - break: null

2020-06-08 15:28:52 - [MESSAGE][PASSED] - Call Test Case 'Test Cases/PFI Precision and Scale/PFI Components/PFILetterTemplate' successfully

2020-06-08 15:28:52 - [TEST_STEP][PASSED] - println(ValueFound): null

2020-06-08 15:28:52 - [TEST_STEP][PASSED] - sendKeys(NewInputNmField, Keys.chord(ARROW_DOWN)): Keys 'DOWN + ' sent to object: 'Object Repository/Objects.HighlightElements/input_field_index'

2020-06-08 15:28:52 - [MESSAGE][PASSED] - Keys 'DOWN + ' sent to object: 'Object Repository/Objects.HighlightElements/input_field_index'

2020-06-08 15:28:52 - [TEST_STEP][PASSED] - sendKeys(NewInputNmField, Keys.chord(ARROW_DOWN)): Keys 'DOWN + ' sent to object: 'Object Repository/Objects.HighlightElements/input_field_index'

2020-06-08 15:28:52 - [MESSAGE][PASSED] - Keys 'DOWN + ' sent to object: 'Object Repository/Objects.HighlightElements/input_field_index'

2020-06-08 15:28:52 - [TEST_STEP][PASSED] - delay(DelayTime): Delayed 3 second(s)

2020-06-08 15:28:55 - [MESSAGE][PASSED] - Delayed 3 second(s)

2020-06-08 15:28:55 - [TEST_STEP][PASSED] - sendKeys(NewInputNmField, Keys.chord(ENTER)): Keys 'ENTER + ' sent to object: 'Object Repository/Objects.HighlightElements/input_field_index'

2020-06-08 15:28:55 - [MESSAGE][PASSED] - Keys 'ENTER + ' sent to object: 'Object Repository/Objects.HighlightElements/input_field_index'

2020-06-08 15:28:55 - [TEST_STEP][PASSED] - ComboBoxValue = getAttribute(NewInputNmField, "value"): Attribute 'value' of object 'Object Repository/Objects.HighlightElements/input_field_index' is: '[AAPSI806] T1'

2020-06-08 15:28:55 - [MESSAGE][PASSED] - Attribute 'value' of object 'Object Repository/Objects.HighlightElements/input_field_index' is: '[AAPSI806] T1'

2020-06-08 15:28:55 - [TEST_STEP][PASSED] - callTestCase(findTestCase(CallTCName), ["FindValue":ComboBoxValue, "DropdownNm":comboNm], STOP_ON_FAILURE): Call Test Case 'Test Cases/PFI Precision and Scale/PFI Components/PFILetterTemplate' successfully

2020-06-08 15:28:55 - [TEST_CASE][PASSED] - Test Cases/PFI Precision and Scale/PFI Components/PFILetterTemplate: Test Cases/PFI Precision and Scale/PFI Components/PFILetterTemplate

2020-06-08 15:28:55 - [TEST_STEP][PASSED] - PFILetterTemplateTBL = [1:["Reminder":"Ministry Of Health"], 2:["Reminder":"Reminder Free Format Letter"], 3:["Reminder":"Reminder 1 (SF_ESID_SIS/SL-REM1)"], ... ]: null

2020-06-08 15:28:55 - [TEST_STEP][PASSED] - switch (DropdownNm): null

2020-06-08 15:28:55 - [TEST_STEP][PASSED] - case "IssueWD":: null

2020-06-08 15:28:55 - [TEST_STEP][PASSED] - ValueFound = PFILetterTemplateTBL.find({ -> ... }): null

2020-06-08 15:28:55 - [TEST_STEP][PASSED] - break: null

2020-06-08 15:28:55 - [MESSAGE][PASSED] - Call Test Case 'Test Cases/PFI Precision and Scale/PFI Components/PFILetterTemplate' successfully

2020-06-08 15:28:55 - [TEST_STEP][PASSED] - println(ValueFound): null

2020-06-08 15:28:55 - [TEST_STEP][PASSED] - sendKeys(NewInputNmField, Keys.chord(ARROW_DOWN)): Keys 'DOWN + ' sent to object: 'Object Repository/Objects.HighlightElements/input_field_index'

2020-06-08 15:28:55 - [MESSAGE][PASSED] - Keys 'DOWN + ' sent to object: 'Object Repository/Objects.HighlightElements/input_field_index'

2020-06-08 15:28:55 - [TEST_STEP][PASSED] - sendKeys(NewInputNmField, Keys.chord(ARROW_DOWN)): Keys 'DOWN + ' sent to object: 'Object Repository/Objects.HighlightElements/input_field_index'

2020-06-08 15:28:55 - [MESSAGE][PASSED] - Keys 'DOWN + ' sent to object: 'Object Repository/Objects.HighlightElements/input_field_index'

2020-06-08 15:28:55 - [TEST_STEP][PASSED] - delay(DelayTime): Delayed 3 second(s)

2020-06-08 15:28:58 - [MESSAGE][PASSED] - Delayed 3 second(s)

2020-06-08 15:28:58 - [TEST_STEP][PASSED] - sendKeys(NewInputNmField, Keys.chord(ENTER)): Keys 'ENTER + ' sent to object: 'Object Repository/Objects.HighlightElements/input_field_index'

2020-06-08 15:28:58 - [MESSAGE][PASSED] - Keys 'ENTER + ' sent to object: 'Object Repository/Objects.HighlightElements/input_field_index'

2020-06-08 15:28:58 - [TEST_STEP][PASSED] - ComboBoxValue = getAttribute(NewInputNmField, "value"): Attribute 'value' of object 'Object Repository/Objects.HighlightElements/input_field_index' is: '[AAPSI807] T3'

2020-06-08 15:28:58 - [MESSAGE][PASSED] - Attribute 'value' of object 'Object Repository/Objects.HighlightElements/input_field_index' is: '[AAPSI807] T3'

2020-06-08 15:28:58 - [TEST_STEP][PASSED] - callTestCase(findTestCase(CallTCName), ["FindValue":ComboBoxValue, "DropdownNm":comboNm], STOP_ON_FAILURE): Call Test Case 'Test Cases/PFI Precision and Scale/PFI Components/PFILetterTemplate' successfully

2020-06-08 15:28:58 - [TEST_CASE][PASSED] - Test Cases/PFI Precision and Scale/PFI Components/PFILetterTemplate: Test Cases/PFI Precision and Scale/PFI Components/PFILetterTemplate

2020-06-08 15:28:58 - [TEST_STEP][PASSED] - PFILetterTemplateTBL = [1:["Reminder":"Ministry Of Health"], 2:["Reminder":"Reminder Free Format Letter"], 3:["Reminder":"Reminder 1 (SF_ESID_SIS/SL-REM1)"], ... ]: null

2020-06-08 15:28:58 - [TEST_STEP][PASSED] - switch (DropdownNm): null

2020-06-08 15:28:58 - [TEST_STEP][PASSED] - case "IssueWD":: null

2020-06-08 15:28:58 - [TEST_STEP][PASSED] - ValueFound = PFILetterTemplateTBL.find({ -> ... }): null

2020-06-08 15:28:58 - [TEST_STEP][PASSED] - break: null

2020-06-08 15:28:58 - [MESSAGE][PASSED] - Call Test Case 'Test Cases/PFI Precision and Scale/PFI Components/PFILetterTemplate' successfully

2020-06-08 15:28:58 - [TEST_STEP][PASSED] - println(ValueFound): null

2020-06-08 15:28:58 - [TEST_STEP][PASSED] - sendKeys(NewInputNmField, Keys.chord(ARROW_DOWN)): Keys 'DOWN + ' sent to object: 'Object Repository/Objects.HighlightElements/input_field_index'

2020-06-08 15:28:58 - [MESSAGE][PASSED] - Keys 'DOWN + ' sent to object: 'Object Repository/Objects.HighlightElements/input_field_index'

2020-06-08 15:28:58 - [TEST_STEP][PASSED] - sendKeys(NewInputNmField, Keys.chord(ARROW_DOWN)): Keys 'DOWN + ' sent to object: 'Object Repository/Objects.HighlightElements/input_field_index'

2020-06-08 15:28:58 - [MESSAGE][PASSED] - Keys 'DOWN + ' sent to object: 'Object Repository/Objects.HighlightElements/input_field_index'

2020-06-08 15:28:58 - [TEST_STEP][PASSED] - delay(DelayTime): Delayed 3 second(s)

2020-06-08 15:29:01 - [MESSAGE][PASSED] - Delayed 3 second(s)

2020-06-08 15:29:01 - [TEST_STEP][PASSED] - sendKeys(NewInputNmField, Keys.chord(ENTER)): Keys 'ENTER + ' sent to object: 'Object Repository/Objects.HighlightElements/input_field_index'

2020-06-08 15:29:01 - [MESSAGE][PASSED] - Keys 'ENTER + ' sent to object: 'Object Repository/Objects.HighlightElements/input_field_index'

2020-06-08 15:29:01 - [TEST_STEP][PASSED] - ComboBoxValue = getAttribute(NewInputNmField, "value"): Attribute 'value' of object 'Object Repository/Objects.HighlightElements/input_field_index' is: '[AAPSI808] T4'

2020-06-08 15:29:01 - [MESSAGE][PASSED] - Attribute 'value' of object 'Object Repository/Objects.HighlightElements/input_field_index' is: '[AAPSI808] T4'

2020-06-08 15:29:01 - [TEST_STEP][PASSED] - callTestCase(findTestCase(CallTCName), ["FindValue":ComboBoxValue, "DropdownNm":comboNm], STOP_ON_FAILURE): Call Test Case 'Test Cases/PFI Precision and Scale/PFI Components/PFILetterTemplate' successfully

2020-06-08 15:29:01 - [TEST_CASE][PASSED] - Test Cases/PFI Precision and Scale/PFI Components/PFILetterTemplate: Test Cases/PFI Precision and Scale/PFI Components/PFILetterTemplate

2020-06-08 15:29:01 - [TEST_STEP][PASSED] - PFILetterTemplateTBL = [1:["Reminder":"Ministry Of Health"], 2:["Reminder":"Reminder Free Format Letter"], 3:["Reminder":"Reminder 1 (SF_ESID_SIS/SL-REM1)"], ... ]: null

2020-06-08 15:29:01 - [TEST_STEP][PASSED] - switch (DropdownNm): null

2020-06-08 15:29:01 - [TEST_STEP][PASSED] - case "IssueWD":: null

2020-06-08 15:29:01 - [TEST_STEP][PASSED] - ValueFound = PFILetterTemplateTBL.find({ -> ... }): null

2020-06-08 15:29:01 - [TEST_STEP][PASSED] - break: null

2020-06-08 15:29:01 - [MESSAGE][PASSED] - Call Test Case 'Test Cases/PFI Precision and Scale/PFI Components/PFILetterTemplate' successfully

2020-06-08 15:29:01 - [TEST_STEP][PASSED] - println(ValueFound): null

2020-06-08 15:29:01 - [TEST_STEP][PASSED] - sendKeys(NewInputNmField, Keys.chord(ARROW_DOWN)): Keys 'DOWN + ' sent to object: 'Object Repository/Objects.HighlightElements/input_field_index'

2020-06-08 15:29:01 - [MESSAGE][PASSED] - Keys 'DOWN + ' sent to object: 'Object Repository/Objects.HighlightElements/input_field_index'

2020-06-08 15:29:01 - [TEST_STEP][PASSED] - sendKeys(NewInputNmField, Keys.chord(ARROW_DOWN)): Keys 'DOWN + ' sent to object: 'Object Repository/Objects.HighlightElements/input_field_index'

2020-06-08 15:29:01 - [MESSAGE][PASSED] - Keys 'DOWN + ' sent to object: 'Object Repository/Objects.HighlightElements/input_field_index'

2020-06-08 15:29:01 - [TEST_STEP][PASSED] - delay(DelayTime): Delayed 3 second(s)

2020-06-08 15:29:04 - [MESSAGE][PASSED] - Delayed 3 second(s)

2020-06-08 15:29:04 - [TEST_STEP][PASSED] - sendKeys(NewInputNmField, Keys.chord(ENTER)): Keys 'ENTER + ' sent to object: 'Object Repository/Objects.HighlightElements/input_field_index'

2020-06-08 15:29:05 - [MESSAGE][PASSED] - Keys 'ENTER + ' sent to object: 'Object Repository/Objects.HighlightElements/input_field_index'

2020-06-08 15:29:05 - [TEST_STEP][PASSED] - ComboBoxValue = getAttribute(NewInputNmField, "value"): Attribute 'value' of object 'Object Repository/Objects.HighlightElements/input_field_index' is: '[AAPSI820] T7'

2020-06-08 15:29:05 - [MESSAGE][PASSED] - Attribute 'value' of object 'Object Repository/Objects.HighlightElements/input_field_index' is: '[AAPSI820] T7'

2020-06-08 15:29:05 - [TEST_STEP][PASSED] - callTestCase(findTestCase(CallTCName), ["FindValue":ComboBoxValue, "DropdownNm":comboNm], STOP_ON_FAILURE): Call Test Case 'Test Cases/PFI Precision and Scale/PFI Components/PFILetterTemplate' successfully

2020-06-08 15:29:05 - [TEST_CASE][PASSED] - Test Cases/PFI Precision and Scale/PFI Components/PFILetterTemplate: Test Cases/PFI Precision and Scale/PFI Components/PFILetterTemplate

2020-06-08 15:29:05 - [TEST_STEP][PASSED] - PFILetterTemplateTBL = [1:["Reminder":"Ministry Of Health"], 2:["Reminder":"Reminder Free Format Letter"], 3:["Reminder":"Reminder 1 (SF_ESID_SIS/SL-REM1)"], ... ]: null

2020-06-08 15:29:05 - [TEST_STEP][PASSED] - switch (DropdownNm): null

2020-06-08 15:29:05 - [TEST_STEP][PASSED] - case "IssueWD":: null

2020-06-08 15:29:05 - [TEST_STEP][PASSED] - ValueFound = PFILetterTemplateTBL.find({ -> ... }): null

2020-06-08 15:29:05 - [TEST_STEP][PASSED] - break: null

2020-06-08 15:29:05 - [MESSAGE][PASSED] - Call Test Case 'Test Cases/PFI Precision and Scale/PFI Components/PFILetterTemplate' successfully

2020-06-08 15:29:05 - [TEST_STEP][PASSED] - println(ValueFound): null

2020-06-08 15:29:05 - [TEST_STEP][PASSED] - sendKeys(NewInputNmField, Keys.chord(ARROW_DOWN)): Keys 'DOWN + ' sent to object: 'Object Repository/Objects.HighlightElements/input_field_index'

2020-06-08 15:29:05 - [MESSAGE][PASSED] - Keys 'DOWN + ' sent to object: 'Object Repository/Objects.HighlightElements/input_field_index'

2020-06-08 15:29:05 - [TEST_STEP][PASSED] - sendKeys(NewInputNmField, Keys.chord(ARROW_DOWN)): Keys 'DOWN + ' sent to object: 'Object Repository/Objects.HighlightElements/input_field_index'

2020-06-08 15:29:05 - [MESSAGE][PASSED] - Keys 'DOWN + ' sent to object: 'Object Repository/Objects.HighlightElements/input_field_index'

2020-06-08 15:29:05 - [TEST_STEP][PASSED] - delay(DelayTime): Delayed 3 second(s)

2020-06-08 15:29:08 - [MESSAGE][PASSED] - Delayed 3 second(s)

2020-06-08 15:29:08 - [TEST_STEP][PASSED] - sendKeys(NewInputNmField, Keys.chord(ENTER)): Keys 'ENTER + ' sent to object: 'Object Repository/Objects.HighlightElements/input_field_index'

2020-06-08 15:29:08 - [MESSAGE][PASSED] - Keys 'ENTER + ' sent to object: 'Object Repository/Objects.HighlightElements/input_field_index'

2020-06-08 15:29:08 - [TEST_STEP][PASSED] - ComboBoxValue = getAttribute(NewInputNmField, "value"): Attribute 'value' of object 'Object Repository/Objects.HighlightElements/input_field_index' is: '[AAPSI821] T7C'

2020-06-08 15:29:08 - [MESSAGE][PASSED] - Attribute 'value' of object 'Object Repository/Objects.HighlightElements/input_field_index' is: '[AAPSI821] T7C'

2020-06-08 15:29:08 - [TEST_STEP][PASSED] - callTestCase(findTestCase(CallTCName), ["FindValue":ComboBoxValue, "DropdownNm":comboNm], STOP_ON_FAILURE): Call Test Case 'Test Cases/PFI Precision and Scale/PFI Components/PFILetterTemplate' successfully

2020-06-08 15:29:08 - [TEST_CASE][PASSED] - Test Cases/PFI Precision and Scale/PFI Components/PFILetterTemplate: Test Cases/PFI Precision and Scale/PFI Components/PFILetterTemplate

2020-06-08 15:29:08 - [TEST_STEP][PASSED] - PFILetterTemplateTBL = [1:["Reminder":"Ministry Of Health"], 2:["Reminder":"Reminder Free Format Letter"], 3:["Reminder":"Reminder 1 (SF_ESID_SIS/SL-REM1)"], ... ]: null

2020-06-08 15:29:08 - [TEST_STEP][PASSED] - switch (DropdownNm): null

2020-06-08 15:29:08 - [TEST_STEP][PASSED] - case "IssueWD":: null

2020-06-08 15:29:08 - [TEST_STEP][PASSED] - ValueFound = PFILetterTemplateTBL.find({ -> ... }): null

2020-06-08 15:29:08 - [TEST_STEP][PASSED] - break: null

2020-06-08 15:29:08 - [MESSAGE][PASSED] - Call Test Case 'Test Cases/PFI Precision and Scale/PFI Components/PFILetterTemplate' successfully

2020-06-08 15:29:08 - [TEST_STEP][PASSED] - println(ValueFound): null

2020-06-08 15:29:08 - [TEST_STEP][PASSED] - sendKeys(NewInputNmField, Keys.chord(ARROW_DOWN)): Keys 'DOWN + ' sent to object: 'Object Repository/Objects.HighlightElements/input_field_index'

2020-06-08 15:29:08 - [MESSAGE][PASSED] - Keys 'DOWN + ' sent to object: 'Object Repository/Objects.HighlightElements/input_field_index'

2020-06-08 15:29:08 - [TEST_STEP][PASSED] - sendKeys(NewInputNmField, Keys.chord(ARROW_DOWN)): Keys 'DOWN + ' sent to object: 'Object Repository/Objects.HighlightElements/input_field_index'

2020-06-08 15:29:08 - [MESSAGE][PASSED] - Keys 'DOWN + ' sent to object: 'Object Repository/Objects.HighlightElements/input_field_index'

2020-06-08 15:29:08 - [TEST_STEP][PASSED] - delay(DelayTime): Delayed 3 second(s)

2020-06-08 15:29:11 - [MESSAGE][PASSED] - Delayed 3 second(s)

2020-06-08 15:29:11 - [TEST_STEP][PASSED] - sendKeys(NewInputNmField, Keys.chord(ENTER)): Keys 'ENTER + ' sent to object: 'Object Repository/Objects.HighlightElements/input_field_index'

2020-06-08 15:29:11 - [MESSAGE][PASSED] - Keys 'ENTER + ' sent to object: 'Object Repository/Objects.HighlightElements/input_field_index'

2020-06-08 15:29:11 - [TEST_STEP][PASSED] - ComboBoxValue = getAttribute(NewInputNmField, "value"): Attribute 'value' of object 'Object Repository/Objects.HighlightElements/input_field_index' is: '[eAAPSI806] eT1'

2020-06-08 15:29:11 - [MESSAGE][PASSED] - Attribute 'value' of object 'Object Repository/Objects.HighlightElements/input_field_index' is: '[eAAPSI806] eT1'

2020-06-08 15:29:11 - [TEST_STEP][PASSED] - callTestCase(findTestCase(CallTCName), ["FindValue":ComboBoxValue, "DropdownNm":comboNm], STOP_ON_FAILURE): Call Test Case 'Test Cases/PFI Precision and Scale/PFI Components/PFILetterTemplate' successfully

2020-06-08 15:29:11 - [TEST_CASE][PASSED] - Test Cases/PFI Precision and Scale/PFI Components/PFILetterTemplate: Test Cases/PFI Precision and Scale/PFI Components/PFILetterTemplate

2020-06-08 15:29:11 - [TEST_STEP][PASSED] - PFILetterTemplateTBL = [1:["Reminder":"Ministry Of Health"], 2:["Reminder":"Reminder Free Format Letter"], 3:["Reminder":"Reminder 1 (SF_ESID_SIS/SL-REM1)"], ... ]: null

2020-06-08 15:29:11 - [TEST_STEP][PASSED] - switch (DropdownNm): null

2020-06-08 15:29:11 - [TEST_STEP][PASSED] - case "IssueWD":: null

2020-06-08 15:29:11 - [TEST_STEP][PASSED] - ValueFound = PFILetterTemplateTBL.find({ -> ... }): null

2020-06-08 15:29:11 - [TEST_STEP][PASSED] - break: null

2020-06-08 15:29:11 - [MESSAGE][PASSED] - Call Test Case 'Test Cases/PFI Precision and Scale/PFI Components/PFILetterTemplate' successfully

2020-06-08 15:29:11 - [TEST_STEP][PASSED] - println(ValueFound): null

2020-06-08 15:29:11 - [TEST_STEP][PASSED] - sendKeys(NewInputNmField, Keys.chord(ARROW_DOWN)): Keys 'DOWN + ' sent to object: 'Object Repository/Objects.HighlightElements/input_field_index'

2020-06-08 15:29:11 - [MESSAGE][PASSED] - Keys 'DOWN + ' sent to object: 'Object Repository/Objects.HighlightElements/input_field_index'

2020-06-08 15:29:11 - [TEST_STEP][PASSED] - sendKeys(NewInputNmField, Keys.chord(ARROW_DOWN)): Keys 'DOWN + ' sent to object: 'Object Repository/Objects.HighlightElements/input_field_index'

2020-06-08 15:29:11 - [MESSAGE][PASSED] - Keys 'DOWN + ' sent to object: 'Object Repository/Objects.HighlightElements/input_field_index'

2020-06-08 15:29:11 - [TEST_STEP][PASSED] - delay(DelayTime): Delayed 3 second(s)

2020-06-08 15:29:14 - [MESSAGE][PASSED] - Delayed 3 second(s)

2020-06-08 15:29:14 - [TEST_STEP][PASSED] - sendKeys(NewInputNmField, Keys.chord(ENTER)): Keys 'ENTER + ' sent to object: 'Object Repository/Objects.HighlightElements/input_field_index'

2020-06-08 15:29:14 - [MESSAGE][PASSED] - Keys 'ENTER + ' sent to object: 'Object Repository/Objects.HighlightElements/input_field_index'

2020-06-08 15:29:14 - [TEST_STEP][PASSED] - ComboBoxValue = getAttribute(NewInputNmField, "value"): Attribute 'value' of object 'Object Repository/Objects.HighlightElements/input_field_index' is: '[eAAPSI807] eT3'

2020-06-08 15:29:14 - [MESSAGE][PASSED] - Attribute 'value' of object 'Object Repository/Objects.HighlightElements/input_field_index' is: '[eAAPSI807] eT3'

2020-06-08 15:29:14 - [TEST_STEP][PASSED] - callTestCase(findTestCase(CallTCName), ["FindValue":ComboBoxValue, "DropdownNm":comboNm], STOP_ON_FAILURE): Call Test Case 'Test Cases/PFI Precision and Scale/PFI Components/PFILetterTemplate' successfully

2020-06-08 15:29:14 - [TEST_CASE][PASSED] - Test Cases/PFI Precision and Scale/PFI Components/PFILetterTemplate: Test Cases/PFI Precision and Scale/PFI Components/PFILetterTemplate

2020-06-08 15:29:14 - [TEST_STEP][PASSED] - PFILetterTemplateTBL = [1:["Reminder":"Ministry Of Health"], 2:["Reminder":"Reminder Free Format Letter"], 3:["Reminder":"Reminder 1 (SF_ESID_SIS/SL-REM1)"], ... ]: null

2020-06-08 15:29:14 - [TEST_STEP][PASSED] - switch (DropdownNm): null

2020-06-08 15:29:14 - [TEST_STEP][PASSED] - case "IssueWD":: null

2020-06-08 15:29:14 - [TEST_STEP][PASSED] - ValueFound = PFILetterTemplateTBL.find({ -> ... }): null

2020-06-08 15:29:14 - [TEST_STEP][PASSED] - break: null

2020-06-08 15:29:14 - [MESSAGE][PASSED] - Call Test Case 'Test Cases/PFI Precision and Scale/PFI Components/PFILetterTemplate' successfully

2020-06-08 15:29:14 - [TEST_STEP][PASSED] - println(ValueFound): null

2020-06-08 15:29:14 - [TEST_STEP][PASSED] - sendKeys(NewInputNmField, Keys.chord(ARROW_DOWN)): Keys 'DOWN + ' sent to object: 'Object Repository/Objects.HighlightElements/input_field_index'

2020-06-08 15:29:15 - [MESSAGE][PASSED] - Keys 'DOWN + ' sent to object: 'Object Repository/Objects.HighlightElements/input_field_index'

2020-06-08 15:29:15 - [TEST_STEP][PASSED] - sendKeys(NewInputNmField, Keys.chord(ARROW_DOWN)): Keys 'DOWN + ' sent to object: 'Object Repository/Objects.HighlightElements/input_field_index'

2020-06-08 15:29:15 - [MESSAGE][PASSED] - Keys 'DOWN + ' sent to object: 'Object Repository/Objects.HighlightElements/input_field_index'

2020-06-08 15:29:15 - [TEST_STEP][PASSED] - delay(DelayTime): Delayed 3 second(s)

2020-06-08 15:29:18 - [MESSAGE][PASSED] - Delayed 3 second(s)

2020-06-08 15:29:18 - [TEST_STEP][PASSED] - sendKeys(NewInputNmField, Keys.chord(ENTER)): Keys 'ENTER + ' sent to object: 'Object Repository/Objects.HighlightElements/input_field_index'

2020-06-08 15:29:18 - [MESSAGE][PASSED] - Keys 'ENTER + ' sent to object: 'Object Repository/Objects.HighlightElements/input_field_index'

2020-06-08 15:29:18 - [TEST_STEP][PASSED] - ComboBoxValue = getAttribute(NewInputNmField, "value"): Attribute 'value' of object 'Object Repository/Objects.HighlightElements/input_field_index' is: '[eAAPSI808] eT4'

2020-06-08 15:29:18 - [MESSAGE][PASSED] - Attribute 'value' of object 'Object Repository/Objects.HighlightElements/input_field_index' is: '[eAAPSI808] eT4'

2020-06-08 15:29:18 - [TEST_STEP][PASSED] - callTestCase(findTestCase(CallTCName), ["FindValue":ComboBoxValue, "DropdownNm":comboNm], STOP_ON_FAILURE): Call Test Case 'Test Cases/PFI Precision and Scale/PFI Components/PFILetterTemplate' successfully

2020-06-08 15:29:18 - [TEST_CASE][PASSED] - Test Cases/PFI Precision and Scale/PFI Components/PFILetterTemplate: Test Cases/PFI Precision and Scale/PFI Components/PFILetterTemplate

2020-06-08 15:29:18 - [TEST_STEP][PASSED] - PFILetterTemplateTBL = [1:["Reminder":"Ministry Of Health"], 2:["Reminder":"Reminder Free Format Letter"], 3:["Reminder":"Reminder 1 (SF_ESID_SIS/SL-REM1)"], ... ]: null

2020-06-08 15:29:18 - [TEST_STEP][PASSED] - switch (DropdownNm): null

2020-06-08 15:29:18 - [TEST_STEP][PASSED] - case "IssueWD":: null

2020-06-08 15:29:18 - [TEST_STEP][PASSED] - ValueFound = PFILetterTemplateTBL.find({ -> ... }): null

2020-06-08 15:29:18 - [TEST_STEP][PASSED] - break: null

2020-06-08 15:29:18 - [MESSAGE][PASSED] - Call Test Case 'Test Cases/PFI Precision and Scale/PFI Components/PFILetterTemplate' successfully

2020-06-08 15:29:18 - [TEST_STEP][PASSED] - println(ValueFound): null

2020-06-08 15:29:18 - [TEST_STEP][PASSED] - sendKeys(NewInputNmField, Keys.chord(ARROW_DOWN)): Keys 'DOWN + ' sent to object: 'Object Repository/Objects.HighlightElements/input_field_index'

2020-06-08 15:29:18 - [MESSAGE][PASSED] - Keys 'DOWN + ' sent to object: 'Object Repository/Objects.HighlightElements/input_field_index'

2020-06-08 15:29:18 - [TEST_STEP][PASSED] - sendKeys(NewInputNmField, Keys.chord(ARROW_DOWN)): Keys 'DOWN + ' sent to object: 'Object Repository/Objects.HighlightElements/input_field_index'

2020-06-08 15:29:18 - [MESSAGE][PASSED] - Keys 'DOWN + ' sent to object: 'Object Repository/Objects.HighlightElements/input_field_index'

2020-06-08 15:29:18 - [TEST_STEP][PASSED] - delay(DelayTime): Delayed 3 second(s)

2020-06-08 15:29:21 - [MESSAGE][PASSED] - Delayed 3 second(s)

2020-06-08 15:29:21 - [TEST_STEP][PASSED] - sendKeys(NewInputNmField, Keys.chord(ENTER)): Keys 'ENTER + ' sent to object: 'Object Repository/Objects.HighlightElements/input_field_index'

2020-06-08 15:29:21 - [MESSAGE][PASSED] - Keys 'ENTER + ' sent to object: 'Object Repository/Objects.HighlightElements/input_field_index'

2020-06-08 15:29:21 - [TEST_STEP][PASSED] - ComboBoxValue = getAttribute(NewInputNmField, "value"): Attribute 'value' of object 'Object Repository/Objects.HighlightElements/input_field_index' is: '[eAAPSI809] eT5'

2020-06-08 15:29:21 - [MESSAGE][PASSED] - Attribute 'value' of object 'Object Repository/Objects.HighlightElements/input_field_index' is: '[eAAPSI809] eT5'

2020-06-08 15:29:21 - [TEST_STEP][PASSED] - callTestCase(findTestCase(CallTCName), ["FindValue":ComboBoxValue, "DropdownNm":comboNm], STOP_ON_FAILURE): Call Test Case 'Test Cases/PFI Precision and Scale/PFI Components/PFILetterTemplate' successfully

2020-06-08 15:29:21 - [TEST_CASE][PASSED] - Test Cases/PFI Precision and Scale/PFI Components/PFILetterTemplate: Test Cases/PFI Precision and Scale/PFI Components/PFILetterTemplate

2020-06-08 15:29:21 - [TEST_STEP][PASSED] - PFILetterTemplateTBL = [1:["Reminder":"Ministry Of Health"], 2:["Reminder":"Reminder Free Format Letter"], 3:["Reminder":"Reminder 1 (SF_ESID_SIS/SL-REM1)"], ... ]: null

2020-06-08 15:29:21 - [TEST_STEP][PASSED] - switch (DropdownNm): null

2020-06-08 15:29:21 - [TEST_STEP][PASSED] - case "IssueWD":: null

2020-06-08 15:29:21 - [TEST_STEP][PASSED] - ValueFound = PFILetterTemplateTBL.find({ -> ... }): null

2020-06-08 15:29:21 - [TEST_STEP][PASSED] - break: null

2020-06-08 15:29:21 - [MESSAGE][PASSED] - Call Test Case 'Test Cases/PFI Precision and Scale/PFI Components/PFILetterTemplate' successfully

2020-06-08 15:29:21 - [TEST_STEP][PASSED] - println(ValueFound): null

2020-06-08 15:29:21 - [TEST_STEP][PASSED] - sendKeys(NewInputNmField, Keys.chord(ARROW_DOWN)): Keys 'DOWN + ' sent to object: 'Object Repository/Objects.HighlightElements/input_field_index'

2020-06-08 15:29:21 - [MESSAGE][PASSED] - Keys 'DOWN + ' sent to object: 'Object Repository/Objects.HighlightElements/input_field_index'

2020-06-08 15:29:21 - [TEST_STEP][PASSED] - sendKeys(NewInputNmField, Keys.chord(ARROW_DOWN)): Keys 'DOWN + ' sent to object: 'Object Repository/Objects.HighlightElements/input_field_index'

2020-06-08 15:29:21 - [MESSAGE][PASSED] - Keys 'DOWN + ' sent to object: 'Object Repository/Objects.HighlightElements/input_field_index'

2020-06-08 15:29:21 - [TEST_STEP][PASSED] - delay(DelayTime): Delayed 3 second(s)

2020-06-08 15:29:24 - [MESSAGE][PASSED] - Delayed 3 second(s)

2020-06-08 15:29:24 - [TEST_STEP][PASSED] - sendKeys(NewInputNmField, Keys.chord(ENTER)): Keys 'ENTER + ' sent to object: 'Object Repository/Objects.HighlightElements/input_field_index'

2020-06-08 15:29:24 - [MESSAGE][PASSED] - Keys 'ENTER + ' sent to object: 'Object Repository/Objects.HighlightElements/input_field_index'

2020-06-08 15:29:24 - [TEST_STEP][PASSED] - ComboBoxValue = getAttribute(NewInputNmField, "value"): Attribute 'value' of object 'Object Repository/Objects.HighlightElements/input_field_index' is: '[eAAPSI810] eT6'

2020-06-08 15:29:24 - [MESSAGE][PASSED] - Attribute 'value' of object 'Object Repository/Objects.HighlightElements/input_field_index' is: '[eAAPSI810] eT6'

2020-06-08 15:29:24 - [TEST_STEP][PASSED] - callTestCase(findTestCase(CallTCName), ["FindValue":ComboBoxValue, "DropdownNm":comboNm], STOP_ON_FAILURE): Call Test Case 'Test Cases/PFI Precision and Scale/PFI Components/PFILetterTemplate' successfully

2020-06-08 15:29:24 - [TEST_CASE][PASSED] - Test Cases/PFI Precision and Scale/PFI Components/PFILetterTemplate: Test Cases/PFI Precision and Scale/PFI Components/PFILetterTemplate

2020-06-08 15:29:24 - [TEST_STEP][PASSED] - PFILetterTemplateTBL = [1:["Reminder":"Ministry Of Health"], 2:["Reminder":"Reminder Free Format Letter"], 3:["Reminder":"Reminder 1 (SF_ESID_SIS/SL-REM1)"], ... ]: null

2020-06-08 15:29:24 - [TEST_STEP][PASSED] - switch (DropdownNm): null

2020-06-08 15:29:24 - [TEST_STEP][PASSED] - case "IssueWD":: null

2020-06-08 15:29:24 - [TEST_STEP][PASSED] - ValueFound = PFILetterTemplateTBL.find({ -> ... }): null

2020-06-08 15:29:24 - [TEST_STEP][PASSED] - break: null

2020-06-08 15:29:24 - [MESSAGE][PASSED] - Call Test Case 'Test Cases/PFI Precision and Scale/PFI Components/PFILetterTemplate' successfully

2020-06-08 15:29:24 - [TEST_STEP][PASSED] - println(ValueFound): null

2020-06-08 15:29:24 - [TEST_STEP][PASSED] - sendKeys(NewInputNmField, Keys.chord(ARROW_DOWN)): Keys 'DOWN + ' sent to object: 'Object Repository/Objects.HighlightElements/input_field_index'

2020-06-08 15:29:24 - [MESSAGE][PASSED] - Keys 'DOWN + ' sent to object: 'Object Repository/Objects.HighlightElements/input_field_index'

2020-06-08 15:29:24 - [TEST_STEP][PASSED] - sendKeys(NewInputNmField, Keys.chord(ARROW_DOWN)): Keys 'DOWN + ' sent to object: 'Object Repository/Objects.HighlightElements/input_field_index'

2020-06-08 15:29:24 - [MESSAGE][PASSED] - Keys 'DOWN + ' sent to object: 'Object Repository/Objects.HighlightElements/input_field_index'

2020-06-08 15:29:24 - [TEST_STEP][PASSED] - delay(DelayTime): Delayed 3 second(s)

2020-06-08 15:29:27 - [MESSAGE][PASSED] - Delayed 3 second(s)

2020-06-08 15:29:27 - [TEST_STEP][PASSED] - sendKeys(NewInputNmField, Keys.chord(ENTER)): Keys 'ENTER + ' sent to object: 'Object Repository/Objects.HighlightElements/input_field_index'

2020-06-08 15:29:27 - [MESSAGE][PASSED] - Keys 'ENTER + ' sent to object: 'Object Repository/Objects.HighlightElements/input_field_index'

2020-06-08 15:29:27 - [TEST_STEP][PASSED] - ComboBoxValue = getAttribute(NewInputNmField, "value"): Attribute 'value' of object 'Object Repository/Objects.HighlightElements/input_field_index' is: '[eAAPSI820] eT7'

2020-06-08 15:29:27 - [MESSAGE][PASSED] - Attribute 'value' of object 'Object Repository/Objects.HighlightElements/input_field_index' is: '[eAAPSI820] eT7'

2020-06-08 15:29:27 - [TEST_STEP][PASSED] - callTestCase(findTestCase(CallTCName), ["FindValue":ComboBoxValue, "DropdownNm":comboNm], STOP_ON_FAILURE): Call Test Case 'Test Cases/PFI Precision and Scale/PFI Components/PFILetterTemplate' successfully

2020-06-08 15:29:28 - [TEST_CASE][PASSED] - Test Cases/PFI Precision and Scale/PFI Components/PFILetterTemplate: Test Cases/PFI Precision and Scale/PFI Components/PFILetterTemplate

2020-06-08 15:29:28 - [TEST_STEP][PASSED] - PFILetterTemplateTBL = [1:["Reminder":"Ministry Of Health"], 2:["Reminder":"Reminder Free Format Letter"], 3:["Reminder":"Reminder 1 (SF_ESID_SIS/SL-REM1)"], ... ]: null

2020-06-08 15:29:28 - [TEST_STEP][PASSED] - switch (DropdownNm): null

2020-06-08 15:29:28 - [TEST_STEP][PASSED] - case "IssueWD":: null

2020-06-08 15:29:28 - [TEST_STEP][PASSED] - ValueFound = PFILetterTemplateTBL.find({ -> ... }): null

2020-06-08 15:29:28 - [TEST_STEP][PASSED] - break: null

2020-06-08 15:29:28 - [MESSAGE][PASSED] - Call Test Case 'Test Cases/PFI Precision and Scale/PFI Components/PFILetterTemplate' successfully

2020-06-08 15:29:28 - [TEST_STEP][PASSED] - println(ValueFound): null

2020-06-08 15:29:28 - [TEST_STEP][PASSED] - sendKeys(NewInputNmField, Keys.chord(ARROW_DOWN)): Keys 'DOWN + ' sent to object: 'Object Repository/Objects.HighlightElements/input_field_index'

2020-06-08 15:29:28 - [MESSAGE][PASSED] - Keys 'DOWN + ' sent to object: 'Object Repository/Objects.HighlightElements/input_field_index'

2020-06-08 15:29:28 - [TEST_STEP][PASSED] - sendKeys(NewInputNmField, Keys.chord(ARROW_DOWN)): Keys 'DOWN + ' sent to object: 'Object Repository/Objects.HighlightElements/input_field_index'

2020-06-08 15:29:28 - [MESSAGE][PASSED] - Keys 'DOWN + ' sent to object: 'Object Repository/Objects.HighlightElements/input_field_index'

2020-06-08 15:29:28 - [TEST_STEP][PASSED] - delay(DelayTime): Delayed 3 second(s)

2020-06-08 15:29:31 - [MESSAGE][PASSED] - Delayed 3 second(s)

2020-06-08 15:29:31 - [TEST_STEP][PASSED] - sendKeys(NewInputNmField, Keys.chord(ENTER)): Keys 'ENTER + ' sent to object: 'Object Repository/Objects.HighlightElements/input_field_index'

2020-06-08 15:29:31 - [MESSAGE][PASSED] - Keys 'ENTER + ' sent to object: 'Object Repository/Objects.HighlightElements/input_field_index'

2020-06-08 15:29:31 - [TEST_STEP][PASSED] - ComboBoxValue = getAttribute(NewInputNmField, "value"): Attribute 'value' of object 'Object Repository/Objects.HighlightElements/input_field_index' is: '[eAAPSI821] eT7C'

2020-06-08 15:29:31 - [MESSAGE][PASSED] - Attribute 'value' of object 'Object Repository/Objects.HighlightElements/input_field_index' is: '[eAAPSI821] eT7C'

2020-06-08 15:29:31 - [TEST_STEP][PASSED] - callTestCase(findTestCase(CallTCName), ["FindValue":ComboBoxValue, "DropdownNm":comboNm], STOP_ON_FAILURE): Call Test Case 'Test Cases/PFI Precision and Scale/PFI Components/PFILetterTemplate' successfully

2020-06-08 15:29:31 - [TEST_CASE][PASSED] - Test Cases/PFI Precision and Scale/PFI Components/PFILetterTemplate: Test Cases/PFI Precision and Scale/PFI Components/PFILetterTemplate

2020-06-08 15:29:31 - [TEST_STEP][PASSED] - PFILetterTemplateTBL = [1:["Reminder":"Ministry Of Health"], 2:["Reminder":"Reminder Free Format Letter"], 3:["Reminder":"Reminder 1 (SF_ESID_SIS/SL-REM1)"], ... ]: null

2020-06-08 15:29:31 - [TEST_STEP][PASSED] - switch (DropdownNm): null

2020-06-08 15:29:31 - [TEST_STEP][PASSED] - case "IssueWD":: null

2020-06-08 15:29:31 - [TEST_STEP][PASSED] - ValueFound = PFILetterTemplateTBL.find({ -> ... }): null

2020-06-08 15:29:31 - [TEST_STEP][PASSED] - break: null

2020-06-08 15:29:31 - [MESSAGE][PASSED] - Call Test Case 'Test Cases/PFI Precision and Scale/PFI Components/PFILetterTemplate' successfully

2020-06-08 15:29:31 - [TEST_STEP][PASSED] - println(ValueFound): null

2020-06-08 15:29:31 - [TEST_STEP][PASSED] - sendKeys(NewInputNmField, Keys.chord(ARROW_DOWN)): Keys 'DOWN + ' sent to object: 'Object Repository/Objects.HighlightElements/input_field_index'

2020-06-08 15:29:31 - [MESSAGE][PASSED] - Keys 'DOWN + ' sent to object: 'Object Repository/Objects.HighlightElements/input_field_index'

2020-06-08 15:29:31 - [TEST_STEP][PASSED] - sendKeys(NewInputNmField, Keys.chord(ARROW_DOWN)): Keys 'DOWN + ' sent to object: 'Object Repository/Objects.HighlightElements/input_field_index'

2020-06-08 15:29:31 - [MESSAGE][PASSED] - Keys 'DOWN + ' sent to object: 'Object Repository/Objects.HighlightElements/input_field_index'

2020-06-08 15:29:31 - [TEST_STEP][PASSED] - delay(DelayTime): Delayed 3 second(s)

2020-06-08 15:29:34 - [MESSAGE][PASSED] - Delayed 3 second(s)

2020-06-08 15:29:34 - [TEST_STEP][PASSED] - sendKeys(NewInputNmField, Keys.chord(ENTER)): Keys 'ENTER + ' sent to object: 'Object Repository/Objects.HighlightElements/input_field_index'

2020-06-08 15:29:34 - [MESSAGE][PASSED] - Keys 'ENTER + ' sent to object: 'Object Repository/Objects.HighlightElements/input_field_index'

2020-06-08 15:29:34 - [TEST_STEP][PASSED] - ComboBoxValue = getAttribute(NewInputNmField, "value"): Attribute 'value' of object 'Object Repository/Objects.HighlightElements/input_field_index' is: '[[[EAAPSI821] EAAPSI821_ET7C] AAPSI821] [[EAAPSI821] EAAPSI821_ET7C] AAPSI821'

2020-06-08 15:29:34 - [MESSAGE][PASSED] - Attribute 'value' of object 'Object Repository/Objects.HighlightElements/input_field_index' is: '[[[EAAPSI821] EAAPSI821_ET7C] AAPSI821] [[EAAPSI821] EAAPSI821_ET7C] AAPSI821'

2020-06-08 15:29:34 - [TEST_STEP][PASSED] - callTestCase(findTestCase(CallTCName), ["FindValue":ComboBoxValue, "DropdownNm":comboNm], STOP_ON_FAILURE): Call Test Case 'Test Cases/PFI Precision and Scale/PFI Components/PFILetterTemplate' successfully

2020-06-08 15:29:34 - [TEST_CASE][PASSED] - Test Cases/PFI Precision and Scale/PFI Components/PFILetterTemplate: Test Cases/PFI Precision and Scale/PFI Components/PFILetterTemplate

2020-06-08 15:29:34 - [TEST_STEP][PASSED] - PFILetterTemplateTBL = [1:["Reminder":"Ministry Of Health"], 2:["Reminder":"Reminder Free Format Letter"], 3:["Reminder":"Reminder 1 (SF_ESID_SIS/SL-REM1)"], ... ]: null

2020-06-08 15:29:34 - [TEST_STEP][PASSED] - switch (DropdownNm): null

2020-06-08 15:29:34 - [TEST_STEP][PASSED] - case "IssueWD":: null

2020-06-08 15:29:34 - [TEST_STEP][PASSED] - ValueFound = PFILetterTemplateTBL.find({ -> ... }): null

2020-06-08 15:29:34 - [TEST_STEP][PASSED] - break: null

2020-06-08 15:29:34 - [MESSAGE][PASSED] - Call Test Case 'Test Cases/PFI Precision and Scale/PFI Components/PFILetterTemplate' successfully

2020-06-08 15:29:34 - [TEST_STEP][PASSED] - println(ValueFound): null

2020-06-08 15:29:34 - [TEST_STEP][PASSED] - sendKeys(NewInputNmField, Keys.chord(ARROW_DOWN)): Keys 'DOWN + ' sent to object: 'Object Repository/Objects.HighlightElements/input_field_index'

2020-06-08 15:29:34 - [MESSAGE][PASSED] - Keys 'DOWN + ' sent to object: 'Object Repository/Objects.HighlightElements/input_field_index'

2020-06-08 15:29:34 - [TEST_STEP][PASSED] - sendKeys(NewInputNmField, Keys.chord(ARROW_DOWN)): Keys 'DOWN + ' sent to object: 'Object Repository/Objects.HighlightElements/input_field_index'

2020-06-08 15:29:34 - [MESSAGE][PASSED] - Keys 'DOWN + ' sent to object: 'Object Repository/Objects.HighlightElements/input_field_index'

2020-06-08 15:29:34 - [TEST_STEP][PASSED] - delay(DelayTime): Delayed 3 second(s)

2020-06-08 15:29:37 - [MESSAGE][PASSED] - Delayed 3 second(s)

2020-06-08 15:29:37 - [TEST_STEP][PASSED] - sendKeys(NewInputNmField, Keys.chord(ENTER)): Keys 'ENTER + ' sent to object: 'Object Repository/Objects.HighlightElements/input_field_index'

2020-06-08 15:29:37 - [MESSAGE][PASSED] - Keys 'ENTER + ' sent to object: 'Object Repository/Objects.HighlightElements/input_field_index'

2020-06-08 15:29:37 - [TEST_STEP][PASSED] - ComboBoxValue = getAttribute(NewInputNmField, "value"): Attribute 'value' of object 'Object Repository/Objects.HighlightElements/input_field_index' is: '[PABP05450] [PABP05450] BP Refund Letter[PABP05450][1][1]'

2020-06-08 15:29:37 - [MESSAGE][PASSED] - Attribute 'value' of object 'Object Repository/Objects.HighlightElements/input_field_index' is: '[PABP05450] [PABP05450] BP Refund Letter[PABP05450][1][1]'

2020-06-08 15:29:37 - [TEST_STEP][PASSED] - callTestCase(findTestCase(CallTCName), ["FindValue":ComboBoxValue, "DropdownNm":comboNm], STOP_ON_FAILURE): Call Test Case 'Test Cases/PFI Precision and Scale/PFI Components/PFILetterTemplate' successfully

2020-06-08 15:29:37 - [TEST_CASE][PASSED] - Test Cases/PFI Precision and Scale/PFI Components/PFILetterTemplate: Test Cases/PFI Precision and Scale/PFI Components/PFILetterTemplate

2020-06-08 15:29:37 - [TEST_STEP][PASSED] - PFILetterTemplateTBL = [1:["Reminder":"Ministry Of Health"], 2:["Reminder":"Reminder Free Format Letter"], 3:["Reminder":"Reminder 1 (SF_ESID_SIS/SL-REM1)"], ... ]: null

2020-06-08 15:29:37 - [TEST_STEP][PASSED] - switch (DropdownNm): null

2020-06-08 15:29:37 - [TEST_STEP][PASSED] - case "IssueWD":: null

2020-06-08 15:29:37 - [TEST_STEP][PASSED] - ValueFound = PFILetterTemplateTBL.find({ -> ... }): null

2020-06-08 15:29:37 - [TEST_STEP][PASSED] - break: null

2020-06-08 15:29:37 - [MESSAGE][PASSED] - Call Test Case 'Test Cases/PFI Precision and Scale/PFI Components/PFILetterTemplate' successfully

2020-06-08 15:29:37 - [TEST_STEP][PASSED] - println(ValueFound): null

2020-06-08 15:29:37 - [TEST_STEP][PASSED] - sendKeys(NewInputNmField, Keys.chord(ARROW_DOWN)): Keys 'DOWN + ' sent to object: 'Object Repository/Objects.HighlightElements/input_field_index'

2020-06-08 15:29:37 - [MESSAGE][PASSED] - Keys 'DOWN + ' sent to object: 'Object Repository/Objects.HighlightElements/input_field_index'

2020-06-08 15:29:37 - [TEST_STEP][PASSED] - sendKeys(NewInputNmField, Keys.chord(ARROW_DOWN)): Keys 'DOWN + ' sent to object: 'Object Repository/Objects.HighlightElements/input_field_index'

2020-06-08 15:29:37 - [MESSAGE][PASSED] - Keys 'DOWN + ' sent to object: 'Object Repository/Objects.HighlightElements/input_field_index'

2020-06-08 15:29:37 - [TEST_STEP][PASSED] - delay(DelayTime): Delayed 3 second(s)

2020-06-08 15:29:40 - [MESSAGE][PASSED] - Delayed 3 second(s)

2020-06-08 15:29:40 - [TEST_STEP][PASSED] - sendKeys(NewInputNmField, Keys.chord(ENTER)): Keys 'ENTER + ' sent to object: 'Object Repository/Objects.HighlightElements/input_field_index'

2020-06-08 15:29:41 - [MESSAGE][PASSED] - Keys 'ENTER + ' sent to object: 'Object Repository/Objects.HighlightElements/input_field_index'

2020-06-08 15:29:41 - [TEST_STEP][PASSED] - ComboBoxValue = getAttribute(NewInputNmField, "value"): Attribute 'value' of object 'Object Repository/Objects.HighlightElements/input_field_index' is: '[AAPSI816] SF_ESID_SISSF-D1-G Generate Govt Notice'

2020-06-08 15:29:41 - [MESSAGE][PASSED] - Attribute 'value' of object 'Object Repository/Objects.HighlightElements/input_field_index' is: '[AAPSI816] SF_ESID_SISSF-D1-G Generate Govt Notice'

2020-06-08 15:29:41 - [TEST_STEP][PASSED] - callTestCase(findTestCase(CallTCName), ["FindValue":ComboBoxValue, "DropdownNm":comboNm], STOP_ON_FAILURE): Call Test Case 'Test Cases/PFI Precision and Scale/PFI Components/PFILetterTemplate' successfully

2020-06-08 15:29:41 - [TEST_CASE][PASSED] - Test Cases/PFI Precision and Scale/PFI Components/PFILetterTemplate: Test Cases/PFI Precision and Scale/PFI Components/PFILetterTemplate

2020-06-08 15:29:41 - [TEST_STEP][PASSED] - PFILetterTemplateTBL = [1:["Reminder":"Ministry Of Health"], 2:["Reminder":"Reminder Free Format Letter"], 3:["Reminder":"Reminder 1 (SF_ESID_SIS/SL-REM1)"], ... ]: null

2020-06-08 15:29:41 - [TEST_STEP][PASSED] - switch (DropdownNm): null

2020-06-08 15:29:41 - [TEST_STEP][PASSED] - case "IssueWD":: null

2020-06-08 15:29:41 - [TEST_STEP][PASSED] - ValueFound = PFILetterTemplateTBL.find({ -> ... }): null

2020-06-08 15:29:41 - [TEST_STEP][PASSED] - break: null

2020-06-08 15:29:41 - [MESSAGE][PASSED] - Call Test Case 'Test Cases/PFI Precision and Scale/PFI Components/PFILetterTemplate' successfully

2020-06-08 15:29:41 - [TEST_STEP][PASSED] - println(ValueFound): null

2020-06-08 15:29:41 - [TEST_STEP][PASSED] - sendKeys(NewInputNmField, Keys.chord(ARROW_DOWN)): Keys 'DOWN + ' sent to object: 'Object Repository/Objects.HighlightElements/input_field_index'

2020-06-08 15:29:41 - [MESSAGE][PASSED] - Keys 'DOWN + ' sent to object: 'Object Repository/Objects.HighlightElements/input_field_index'

2020-06-08 15:29:41 - [TEST_STEP][PASSED] - sendKeys(NewInputNmField, Keys.chord(ARROW_DOWN)): Keys 'DOWN + ' sent to object: 'Object Repository/Objects.HighlightElements/input_field_index'

2020-06-08 15:29:41 - [MESSAGE][PASSED] - Keys 'DOWN + ' sent to object: 'Object Repository/Objects.HighlightElements/input_field_index'

2020-06-08 15:29:41 - [TEST_STEP][PASSED] - delay(DelayTime): Delayed 3 second(s)

2020-06-08 15:29:44 - [MESSAGE][PASSED] - Delayed 3 second(s)

2020-06-08 15:29:44 - [TEST_STEP][PASSED] - sendKeys(NewInputNmField, Keys.chord(ENTER)): Keys 'ENTER + ' sent to object: 'Object Repository/Objects.HighlightElements/input_field_index'

2020-06-08 15:29:44 - [MESSAGE][PASSED] - Keys 'ENTER + ' sent to object: 'Object Repository/Objects.HighlightElements/input_field_index'

2020-06-08 15:29:44 - [TEST_STEP][PASSED] - ComboBoxValue = getAttribute(NewInputNmField, "value"): Attribute 'value' of object 'Object Repository/Objects.HighlightElements/input_field_index' is: '[AAPSI815] D1 (Multiple Owners With Structural Plan) - Regeneration of Notice'

2020-06-08 15:29:44 - [MESSAGE][PASSED] - Attribute 'value' of object 'Object Repository/Objects.HighlightElements/input_field_index' is: '[AAPSI815] D1 (Multiple Owners With Structural Plan) - Regeneration of Notice'

2020-06-08 15:29:44 - [TEST_STEP][PASSED] - callTestCase(findTestCase(CallTCName), ["FindValue":ComboBoxValue, "DropdownNm":comboNm], STOP_ON_FAILURE): Call Test Case 'Test Cases/PFI Precision and Scale/PFI Components/PFILetterTemplate' successfully

2020-06-08 15:29:44 - [TEST_CASE][PASSED] - Test Cases/PFI Precision and Scale/PFI Components/PFILetterTemplate: Test Cases/PFI Precision and Scale/PFI Components/PFILetterTemplate

2020-06-08 15:29:44 - [TEST_STEP][PASSED] - PFILetterTemplateTBL = [1:["Reminder":"Ministry Of Health"], 2:["Reminder":"Reminder Free Format Letter"], 3:["Reminder":"Reminder 1 (SF_ESID_SIS/SL-REM1)"], ... ]: null

2020-06-08 15:29:44 - [TEST_STEP][PASSED] - switch (DropdownNm): null

2020-06-08 15:29:44 - [TEST_STEP][PASSED] - case "IssueWD":: null

2020-06-08 15:29:44 - [TEST_STEP][PASSED] - ValueFound = PFILetterTemplateTBL.find({ -> ... }): null

2020-06-08 15:29:44 - [TEST_STEP][PASSED] - break: null

2020-06-08 15:29:44 - [MESSAGE][PASSED] - Call Test Case 'Test Cases/PFI Precision and Scale/PFI Components/PFILetterTemplate' successfully

2020-06-08 15:29:44 - [TEST_STEP][PASSED] - println(ValueFound): null

2020-06-08 15:29:44 - [TEST_STEP][PASSED] - sendKeys(NewInputNmField, Keys.chord(ARROW_DOWN)): Keys 'DOWN + ' sent to object: 'Object Repository/Objects.HighlightElements/input_field_index'

2020-06-08 15:29:44 - [MESSAGE][PASSED] - Keys 'DOWN + ' sent to object: 'Object Repository/Objects.HighlightElements/input_field_index'

2020-06-08 15:29:44 - [TEST_STEP][PASSED] - sendKeys(NewInputNmField, Keys.chord(ARROW_DOWN)): Keys 'DOWN + ' sent to object: 'Object Repository/Objects.HighlightElements/input_field_index'

2020-06-08 15:29:44 - [MESSAGE][PASSED] - Keys 'DOWN + ' sent to object: 'Object Repository/Objects.HighlightElements/input_field_index'

2020-06-08 15:29:44 - [TEST_STEP][PASSED] - delay(DelayTime): Delayed 3 second(s)

2020-06-08 15:29:47 - [MESSAGE][PASSED] - Delayed 3 second(s)

2020-06-08 15:29:47 - [TEST_STEP][PASSED] - sendKeys(NewInputNmField, Keys.chord(ENTER)): Keys 'ENTER + ' sent to object: 'Object Repository/Objects.HighlightElements/input_field_index'

2020-06-08 15:29:47 - [MESSAGE][PASSED] - Keys 'ENTER + ' sent to object: 'Object Repository/Objects.HighlightElements/input_field_index'

2020-06-08 15:29:47 - [TEST_STEP][PASSED] - ComboBoxValue = getAttribute(NewInputNmField, "value"): Attribute 'value' of object 'Object Repository/Objects.HighlightElements/input_field_index' is: '[AAPSI815W] D1 (Multiple Owners Without Structural Plan) - Regeneration of Notice'

2020-06-08 15:29:47 - [MESSAGE][PASSED] - Attribute 'value' of object 'Object Repository/Objects.HighlightElements/input_field_index' is: '[AAPSI815W] D1 (Multiple Owners Without Structural Plan) - Regeneration of Notice'

2020-06-08 15:29:47 - [TEST_STEP][PASSED] - callTestCase(findTestCase(CallTCName), ["FindValue":ComboBoxValue, "DropdownNm":comboNm], STOP_ON_FAILURE): Call Test Case 'Test Cases/PFI Precision and Scale/PFI Components/PFILetterTemplate' successfully

2020-06-08 15:29:47 - [TEST_CASE][PASSED] - Test Cases/PFI Precision and Scale/PFI Components/PFILetterTemplate: Test Cases/PFI Precision and Scale/PFI Components/PFILetterTemplate

2020-06-08 15:29:47 - [TEST_STEP][PASSED] - PFILetterTemplateTBL = [1:["Reminder":"Ministry Of Health"], 2:["Reminder":"Reminder Free Format Letter"], 3:["Reminder":"Reminder 1 (SF_ESID_SIS/SL-REM1)"], ... ]: null

2020-06-08 15:29:47 - [TEST_STEP][PASSED] - switch (DropdownNm): null

2020-06-08 15:29:47 - [TEST_STEP][PASSED] - case "IssueWD":: null

2020-06-08 15:29:47 - [TEST_STEP][PASSED] - ValueFound = PFILetterTemplateTBL.find({ -> ... }): null

2020-06-08 15:29:47 - [TEST_STEP][PASSED] - break: null

2020-06-08 15:29:47 - [MESSAGE][PASSED] - Call Test Case 'Test Cases/PFI Precision and Scale/PFI Components/PFILetterTemplate' successfully

2020-06-08 15:29:47 - [TEST_STEP][PASSED] - println(ValueFound): null

2020-06-08 15:29:47 - [TEST_STEP][PASSED] - sendKeys(NewInputNmField, Keys.chord(ARROW_DOWN)): Keys 'DOWN + ' sent to object: 'Object Repository/Objects.HighlightElements/input_field_index'

2020-06-08 15:29:47 - [MESSAGE][PASSED] - Keys 'DOWN + ' sent to object: 'Object Repository/Objects.HighlightElements/input_field_index'

2020-06-08 15:29:47 - [TEST_STEP][PASSED] - sendKeys(NewInputNmField, Keys.chord(ARROW_DOWN)): Keys 'DOWN + ' sent to object: 'Object Repository/Objects.HighlightElements/input_field_index'

2020-06-08 15:29:47 - [MESSAGE][PASSED] - Keys 'DOWN + ' sent to object: 'Object Repository/Objects.HighlightElements/input_field_index'

2020-06-08 15:29:47 - [TEST_STEP][PASSED] - delay(DelayTime): Delayed 3 second(s)

2020-06-08 15:29:50 - [MESSAGE][PASSED] - Delayed 3 second(s)

2020-06-08 15:29:50 - [TEST_STEP][PASSED] - sendKeys(NewInputNmField, Keys.chord(ENTER)): Keys 'ENTER + ' sent to object: 'Object Repository/Objects.HighlightElements/input_field_index'

2020-06-08 15:29:50 - [MESSAGE][PASSED] - Keys 'ENTER + ' sent to object: 'Object Repository/Objects.HighlightElements/input_field_index'

2020-06-08 15:29:50 - [TEST_STEP][PASSED] - ComboBoxValue = getAttribute(NewInputNmField, "value"): Attribute 'value' of object 'Object Repository/Objects.HighlightElements/input_field_index' is: '[AAPSI802W] D1 (Multiple Owners Without Structural Plan)'

2020-06-08 15:29:50 - [MESSAGE][PASSED] - Attribute 'value' of object 'Object Repository/Objects.HighlightElements/input_field_index' is: '[AAPSI802W] D1 (Multiple Owners Without Structural Plan)'

2020-06-08 15:29:50 - [TEST_STEP][PASSED] - callTestCase(findTestCase(CallTCName), ["FindValue":ComboBoxValue, "DropdownNm":comboNm], STOP_ON_FAILURE): Call Test Case 'Test Cases/PFI Precision and Scale/PFI Components/PFILetterTemplate' successfully

2020-06-08 15:29:50 - [TEST_CASE][PASSED] - Test Cases/PFI Precision and Scale/PFI Components/PFILetterTemplate: Test Cases/PFI Precision and Scale/PFI Components/PFILetterTemplate

2020-06-08 15:29:50 - [TEST_STEP][PASSED] - PFILetterTemplateTBL = [1:["Reminder":"Ministry Of Health"], 2:["Reminder":"Reminder Free Format Letter"], 3:["Reminder":"Reminder 1 (SF_ESID_SIS/SL-REM1)"], ... ]: null

2020-06-08 15:29:50 - [TEST_STEP][PASSED] - switch (DropdownNm): null

2020-06-08 15:29:50 - [TEST_STEP][PASSED] - case "IssueWD":: null

2020-06-08 15:29:50 - [TEST_STEP][PASSED] - ValueFound = PFILetterTemplateTBL.find({ -> ... }): null

2020-06-08 15:29:50 - [TEST_STEP][PASSED] - break: null

2020-06-08 15:29:50 - [MESSAGE][PASSED] - Call Test Case 'Test Cases/PFI Precision and Scale/PFI Components/PFILetterTemplate' successfully

2020-06-08 15:29:50 - [TEST_STEP][PASSED] - println(ValueFound): null

2020-06-08 15:29:50 - [TEST_STEP][PASSED] - sendKeys(NewInputNmField, Keys.chord(ARROW_DOWN)): Keys 'DOWN + ' sent to object: 'Object Repository/Objects.HighlightElements/input_field_index'

2020-06-08 15:29:50 - [MESSAGE][PASSED] - Keys 'DOWN + ' sent to object: 'Object Repository/Objects.HighlightElements/input_field_index'

2020-06-08 15:29:50 - [TEST_STEP][PASSED] - sendKeys(NewInputNmField, Keys.chord(ARROW_DOWN)): Keys 'DOWN + ' sent to object: 'Object Repository/Objects.HighlightElements/input_field_index'

2020-06-08 15:29:51 - [MESSAGE][PASSED] - Keys 'DOWN + ' sent to object: 'Object Repository/Objects.HighlightElements/input_field_index'

2020-06-08 15:29:51 - [TEST_STEP][PASSED] - delay(DelayTime): Delayed 3 second(s)

2020-06-08 15:29:54 - [MESSAGE][PASSED] - Delayed 3 second(s)

2020-06-08 15:29:54 - [TEST_STEP][PASSED] - sendKeys(NewInputNmField, Keys.chord(ENTER)): Keys 'ENTER + ' sent to object: 'Object Repository/Objects.HighlightElements/input_field_index'

2020-06-08 15:29:54 - [MESSAGE][PASSED] - Keys 'ENTER + ' sent to object: 'Object Repository/Objects.HighlightElements/input_field_index'

2020-06-08 15:29:54 - [TEST_STEP][PASSED] - ComboBoxValue = getAttribute(NewInputNmField, "value"): Attribute 'value' of object 'Object Repository/Objects.HighlightElements/input_field_index' is: '[ AAPSI814W]  D1 (Single Owner Without Structural Plan) - Regeneration of Notice'

2020-06-08 15:29:54 - [MESSAGE][PASSED] - Attribute 'value' of object 'Object Repository/Objects.HighlightElements/input_field_index' is: '[ AAPSI814W]  D1 (Single Owner Without Structural Plan) - Regeneration of Notice'

2020-06-08 15:29:54 - [TEST_STEP][PASSED] - callTestCase(findTestCase(CallTCName), ["FindValue":ComboBoxValue, "DropdownNm":comboNm], STOP_ON_FAILURE): Call Test Case 'Test Cases/PFI Precision and Scale/PFI Components/PFILetterTemplate' successfully

2020-06-08 15:29:54 - [TEST_CASE][PASSED] - Test Cases/PFI Precision and Scale/PFI Components/PFILetterTemplate: Test Cases/PFI Precision and Scale/PFI Components/PFILetterTemplate

2020-06-08 15:29:54 - [TEST_STEP][PASSED] - PFILetterTemplateTBL = [1:["Reminder":"Ministry Of Health"], 2:["Reminder":"Reminder Free Format Letter"], 3:["Reminder":"Reminder 1 (SF_ESID_SIS/SL-REM1)"], ... ]: null

2020-06-08 15:29:54 - [TEST_STEP][PASSED] - switch (DropdownNm): null

2020-06-08 15:29:54 - [TEST_STEP][PASSED] - case "IssueWD":: null

2020-06-08 15:29:54 - [TEST_STEP][PASSED] - ValueFound = PFILetterTemplateTBL.find({ -> ... }): null

2020-06-08 15:29:54 - [TEST_STEP][PASSED] - break: null

2020-06-08 15:29:54 - [MESSAGE][PASSED] - Call Test Case 'Test Cases/PFI Precision and Scale/PFI Components/PFILetterTemplate' successfully

2020-06-08 15:29:54 - [TEST_STEP][PASSED] - println(ValueFound): null

2020-06-08 15:29:54 - [TEST_STEP][PASSED] - sendKeys(NewInputNmField, Keys.chord(ARROW_DOWN)): Keys 'DOWN + ' sent to object: 'Object Repository/Objects.HighlightElements/input_field_index'

2020-06-08 15:29:54 - [MESSAGE][PASSED] - Keys 'DOWN + ' sent to object: 'Object Repository/Objects.HighlightElements/input_field_index'

2020-06-08 15:29:54 - [TEST_STEP][PASSED] - sendKeys(NewInputNmField, Keys.chord(ARROW_DOWN)): Keys 'DOWN + ' sent to object: 'Object Repository/Objects.HighlightElements/input_field_index'

2020-06-08 15:29:54 - [MESSAGE][PASSED] - Keys 'DOWN + ' sent to object: 'Object Repository/Objects.HighlightElements/input_field_index'

2020-06-08 15:29:54 - [TEST_STEP][PASSED] - delay(DelayTime): Delayed 3 second(s)

2020-06-08 15:29:57 - [MESSAGE][PASSED] - Delayed 3 second(s)

2020-06-08 15:29:57 - [TEST_STEP][PASSED] - sendKeys(NewInputNmField, Keys.chord(ENTER)): Keys 'ENTER + ' sent to object: 'Object Repository/Objects.HighlightElements/input_field_index'

2020-06-08 15:29:57 - [MESSAGE][PASSED] - Keys 'ENTER + ' sent to object: 'Object Repository/Objects.HighlightElements/input_field_index'

2020-06-08 15:29:57 - [TEST_STEP][PASSED] - ComboBoxValue = getAttribute(NewInputNmField, "value"): Attribute 'value' of object 'Object Repository/Objects.HighlightElements/input_field_index' is: '[[304]AAPSI801] D1 (Single Owner With Structural Plan)'

2020-06-08 15:29:57 - [MESSAGE][PASSED] - Attribute 'value' of object 'Object Repository/Objects.HighlightElements/input_field_index' is: '[[304]AAPSI801] D1 (Single Owner With Structural Plan)'

2020-06-08 15:29:57 - [TEST_STEP][PASSED] - callTestCase(findTestCase(CallTCName), ["FindValue":ComboBoxValue, "DropdownNm":comboNm], STOP_ON_FAILURE): Call Test Case 'Test Cases/PFI Precision and Scale/PFI Components/PFILetterTemplate' successfully

2020-06-08 15:29:57 - [TEST_CASE][PASSED] - Test Cases/PFI Precision and Scale/PFI Components/PFILetterTemplate: Test Cases/PFI Precision and Scale/PFI Components/PFILetterTemplate

2020-06-08 15:29:57 - [TEST_STEP][PASSED] - PFILetterTemplateTBL = [1:["Reminder":"Ministry Of Health"], 2:["Reminder":"Reminder Free Format Letter"], 3:["Reminder":"Reminder 1 (SF_ESID_SIS/SL-REM1)"], ... ]: null

2020-06-08 15:29:57 - [TEST_STEP][PASSED] - switch (DropdownNm): null

2020-06-08 15:29:57 - [TEST_STEP][PASSED] - case "IssueWD":: null

2020-06-08 15:29:57 - [TEST_STEP][PASSED] - ValueFound = PFILetterTemplateTBL.find({ -> ... }): null

2020-06-08 15:29:57 - [TEST_STEP][PASSED] - break: null

2020-06-08 15:29:57 - [MESSAGE][PASSED] - Call Test Case 'Test Cases/PFI Precision and Scale/PFI Components/PFILetterTemplate' successfully

2020-06-08 15:29:57 - [TEST_STEP][PASSED] - println(ValueFound): null

2020-06-08 15:29:57 - [TEST_STEP][PASSED] - sendKeys(NewInputNmField, Keys.chord(ARROW_DOWN)): Keys 'DOWN + ' sent to object: 'Object Repository/Objects.HighlightElements/input_field_index'

2020-06-08 15:29:57 - [MESSAGE][PASSED] - Keys 'DOWN + ' sent to object: 'Object Repository/Objects.HighlightElements/input_field_index'

2020-06-08 15:29:57 - [TEST_STEP][PASSED] - sendKeys(NewInputNmField, Keys.chord(ARROW_DOWN)): Keys 'DOWN + ' sent to object: 'Object Repository/Objects.HighlightElements/input_field_index'

2020-06-08 15:29:57 - [MESSAGE][PASSED] - Keys 'DOWN + ' sent to object: 'Object Repository/Objects.HighlightElements/input_field_index'

2020-06-08 15:29:57 - [TEST_STEP][PASSED] - delay(DelayTime): Delayed 3 second(s)

2020-06-08 15:30:00 - [MESSAGE][PASSED] - Delayed 3 second(s)

2020-06-08 15:30:00 - [TEST_STEP][PASSED] - sendKeys(NewInputNmField, Keys.chord(ENTER)): Keys 'ENTER + ' sent to object: 'Object Repository/Objects.HighlightElements/input_field_index'

2020-06-08 15:30:00 - [MESSAGE][PASSED] - Keys 'ENTER + ' sent to object: 'Object Repository/Objects.HighlightElements/input_field_index'

2020-06-08 15:30:00 - [TEST_STEP][PASSED] - ComboBoxValue = getAttribute(NewInputNmField, "value"): Attribute 'value' of object 'Object Repository/Objects.HighlightElements/input_field_index' is: '[[306]AAPSI802] D1 (Multiple Owners With Structural Plan)'

2020-06-08 15:30:00 - [MESSAGE][PASSED] - Attribute 'value' of object 'Object Repository/Objects.HighlightElements/input_field_index' is: '[[306]AAPSI802] D1 (Multiple Owners With Structural Plan)'

2020-06-08 15:30:00 - [TEST_STEP][PASSED] - callTestCase(findTestCase(CallTCName), ["FindValue":ComboBoxValue, "DropdownNm":comboNm], STOP_ON_FAILURE): Call Test Case 'Test Cases/PFI Precision and Scale/PFI Components/PFILetterTemplate' successfully

2020-06-08 15:30:00 - [TEST_CASE][PASSED] - Test Cases/PFI Precision and Scale/PFI Components/PFILetterTemplate: Test Cases/PFI Precision and Scale/PFI Components/PFILetterTemplate

2020-06-08 15:30:00 - [TEST_STEP][PASSED] - PFILetterTemplateTBL = [1:["Reminder":"Ministry Of Health"], 2:["Reminder":"Reminder Free Format Letter"], 3:["Reminder":"Reminder 1 (SF_ESID_SIS/SL-REM1)"], ... ]: null

2020-06-08 15:30:00 - [TEST_STEP][PASSED] - switch (DropdownNm): null

2020-06-08 15:30:00 - [TEST_STEP][PASSED] - case "IssueWD":: null

2020-06-08 15:30:00 - [TEST_STEP][PASSED] - ValueFound = PFILetterTemplateTBL.find({ -> ... }): null

2020-06-08 15:30:00 - [TEST_STEP][PASSED] - break: null

2020-06-08 15:30:00 - [MESSAGE][PASSED] - Call Test Case 'Test Cases/PFI Precision and Scale/PFI Components/PFILetterTemplate' successfully

2020-06-08 15:30:00 - [TEST_STEP][PASSED] - println(ValueFound): null

2020-06-08 15:30:00 - [TEST_STEP][PASSED] - sendKeys(NewInputNmField, Keys.chord(ARROW_DOWN)): Keys 'DOWN + ' sent to object: 'Object Repository/Objects.HighlightElements/input_field_index'

2020-06-08 15:30:00 - [MESSAGE][PASSED] - Keys 'DOWN + ' sent to object: 'Object Repository/Objects.HighlightElements/input_field_index'

2020-06-08 15:30:00 - [TEST_STEP][PASSED] - sendKeys(NewInputNmField, Keys.chord(ARROW_DOWN)): Keys 'DOWN + ' sent to object: 'Object Repository/Objects.HighlightElements/input_field_index'

2020-06-08 15:30:00 - [MESSAGE][PASSED] - Keys 'DOWN + ' sent to object: 'Object Repository/Objects.HighlightElements/input_field_index'

2020-06-08 15:30:00 - [TEST_STEP][PASSED] - delay(DelayTime): Delayed 3 second(s)

2020-06-08 15:30:03 - [MESSAGE][PASSED] - Delayed 3 second(s)

2020-06-08 15:30:03 - [TEST_STEP][PASSED] - sendKeys(NewInputNmField, Keys.chord(ENTER)): Keys 'ENTER + ' sent to object: 'Object Repository/Objects.HighlightElements/input_field_index'

2020-06-08 15:30:03 - [MESSAGE][PASSED] - Keys 'ENTER + ' sent to object: 'Object Repository/Objects.HighlightElements/input_field_index'

2020-06-08 15:30:03 - [TEST_STEP][PASSED] - ComboBoxValue = getAttribute(NewInputNmField, "value"): Attribute 'value' of object 'Object Repository/Objects.HighlightElements/input_field_index' is: '[[307]AAPSI814] D1 (Single Owner With Structural Plan) - Regeneration of Notice'

2020-06-08 15:30:03 - [MESSAGE][PASSED] - Attribute 'value' of object 'Object Repository/Objects.HighlightElements/input_field_index' is: '[[307]AAPSI814] D1 (Single Owner With Structural Plan) - Regeneration of Notice'

2020-06-08 15:30:03 - [TEST_STEP][PASSED] - callTestCase(findTestCase(CallTCName), ["FindValue":ComboBoxValue, "DropdownNm":comboNm], STOP_ON_FAILURE): Call Test Case 'Test Cases/PFI Precision and Scale/PFI Components/PFILetterTemplate' successfully

2020-06-08 15:30:03 - [TEST_CASE][PASSED] - Test Cases/PFI Precision and Scale/PFI Components/PFILetterTemplate: Test Cases/PFI Precision and Scale/PFI Components/PFILetterTemplate

2020-06-08 15:30:03 - [TEST_STEP][PASSED] - PFILetterTemplateTBL = [1:["Reminder":"Ministry Of Health"], 2:["Reminder":"Reminder Free Format Letter"], 3:["Reminder":"Reminder 1 (SF_ESID_SIS/SL-REM1)"], ... ]: null

2020-06-08 15:30:03 - [TEST_STEP][PASSED] - switch (DropdownNm): null

2020-06-08 15:30:03 - [TEST_STEP][PASSED] - case "IssueWD":: null

2020-06-08 15:30:04 - [TEST_STEP][PASSED] - ValueFound = PFILetterTemplateTBL.find({ -> ... }): null

2020-06-08 15:30:04 - [TEST_STEP][PASSED] - break: null

2020-06-08 15:30:04 - [MESSAGE][PASSED] - Call Test Case 'Test Cases/PFI Precision and Scale/PFI Components/PFILetterTemplate' successfully

2020-06-08 15:30:04 - [TEST_STEP][PASSED] - println(ValueFound): null

2020-06-08 15:30:04 - [TEST_STEP][PASSED] - sendKeys(NewInputNmField, Keys.chord(ARROW_DOWN)): Keys 'DOWN + ' sent to object: 'Object Repository/Objects.HighlightElements/input_field_index'

2020-06-08 15:30:04 - [MESSAGE][PASSED] - Keys 'DOWN + ' sent to object: 'Object Repository/Objects.HighlightElements/input_field_index'

2020-06-08 15:30:04 - [TEST_STEP][PASSED] - sendKeys(NewInputNmField, Keys.chord(ENTER)): Keys 'ENTER + ' sent to object: 'Object Repository/Objects.HighlightElements/input_field_index'

2020-06-08 15:30:04 - [MESSAGE][PASSED] - Keys 'ENTER + ' sent to object: 'Object Repository/Objects.HighlightElements/input_field_index'

2020-06-08 15:30:04 - [MESSAGE][PASSED] - Call Test Case 'Test Cases/PFI Precision and Scale/PFI Components with Indexing/VerifyDropdownValuesXPI' successfully

2020-06-08 15:30:04 - [TEST_STEP][PASSED] - callTestCase(findTestCase("Components/HighlightLabelIndexField"), ["LblName":"Type of Letter:", "index":3], STOP_ON_FAILURE): Call Test Case 'Test Cases/Components/HighlightLabelIndexField' successfully

2020-06-08 15:30:04 - [TEST_CASE][PASSED] - Test Cases/Components/HighlightLabelIndexField: Test Cases/Components/HighlightLabelIndexField

2020-06-08 15:30:04 - [TEST_STEP][PASSED] - Thread.sleep(1000): null

2020-06-08 15:30:05 - [TEST_STEP][PASSED] - modifiedLblNm = modifyObjectProperty(findTestObject("Object Repository/Objects.HighlightElements/lblField_index"), "xpath", "equals", "(//*[contains(@class,'x-form-item-label-inner') and (text()='" + LblName + "')])[" + index + "]", true): Modify property of object successfully

2020-06-08 15:30:05 - [MESSAGE][PASSED] - Modify property of object successfully

2020-06-08 15:30:05 - [TEST_STEP][PASSED] - com.reusableComponents.HighlightElement.run(modifiedLblNm): com.reusableComponents.HighlightElement.run is PASSED

2020-06-08 15:30:05 - [MESSAGE][PASSED] - com.reusableComponents.HighlightElement.run is PASSED

2020-06-08 15:30:05 - [MESSAGE][PASSED] - Call Test Case 'Test Cases/Components/HighlightLabelIndexField' successfully

2020-06-08 15:30:05 - [TEST_STEP][PASSED] - callTestCase(findTestCase("Components/HighlightInputFieldXPI"), ["FldNm":"NovaComboBox", "index":17], STOP_ON_FAILURE): Call Test Case 'Test Cases/Components/HighlightInputFieldXPI' successfully

2020-06-08 15:30:05 - [TEST_CASE][PASSED] - Test Cases/Components/HighlightInputFieldXPI: Test Cases/Components/HighlightInputFieldXPI

2020-06-08 15:30:05 - [TEST_STEP][PASSED] - Thread.sleep(1000): null

2020-06-08 15:30:06 - [TEST_STEP][PASSED] - modifiedInputNm = modifyObjectProperty(findTestObject("Object Repository/Objects.HighlightElements/input_field_index"), "xpath", "equals", "(//*[contains(@name, '" + FldNm + "')])[" + index + "]", true): Modify property of object successfully

2020-06-08 15:30:06 - [MESSAGE][PASSED] - Modify property of object successfully

2020-06-08 15:30:06 - [TEST_STEP][PASSED] - com.reusableComponents.HighlightElement.run(modifiedInputNm): com.reusableComponents.HighlightElement.run is PASSED

2020-06-08 15:30:07 - [MESSAGE][PASSED] - com.reusableComponents.HighlightElement.run is PASSED

2020-06-08 15:30:07 - [MESSAGE][PASSED] - Call Test Case 'Test Cases/Components/HighlightInputFieldXPI' successfully

2020-06-08 15:30:07 - [TEST_STEP][PASSED] - callTestCase(findTestCase("PFI Precision and Scale/PFI Components with Indexing/VerifyDropdownValuesXPI"), ["FldNm":"NovaComboBox", "index":17, "CallTCName":"PFI Precision and Scale/PFI Components/ConstantHashMap", "cmbNm":"IssueWD", ... ], STOP_ON_FAILURE): Call Test Case 'Test Cases/PFI Precision and Scale/PFI Components with Indexing/VerifyDropdownValuesXPI' successfully

2020-06-08 15:30:07 - [TEST_CASE][PASSED] - Test Cases/PFI Precision and Scale/PFI Components with Indexing/VerifyDropdownValuesXPI: Test Cases/PFI Precision and Scale/PFI Components with Indexing/VerifyDropdownValuesXPI

2020-06-08 15:30:07 - [TEST_STEP][PASSED] - Thread.sleep(1000): null

2020-06-08 15:30:08 - [TEST_STEP][PASSED] - NewInputNmField = modifyObjectProperty(findTestObject("Object Repository/Objects.HighlightElements/input_field_index"), "xpath", "equals", "(//*[contains(@name, '" + FldNm + "')])[" + index + "]", true): Modify property of object successfully

2020-06-08 15:30:08 - [MESSAGE][PASSED] - Modify property of object successfully

2020-06-08 15:30:08 - [TEST_STEP][PASSED] - comboNm = cmbNm: null

2020-06-08 15:30:08 - [TEST_STEP][PASSED] - focus(NewInputNmField): Object: 'Object Repository/Objects.HighlightElements/input_field_index' is focused

2020-06-08 15:30:08 - [MESSAGE][PASSED] - Object: 'Object Repository/Objects.HighlightElements/input_field_index' is focused

2020-06-08 15:30:08 - [TEST_STEP][PASSED] - setText(NewInputNmField, EnterValue): Text '' is set on object 'Object Repository/Objects.HighlightElements/input_field_index'

2020-06-08 15:30:08 - [MESSAGE][PASSED] - Text '' is set on object 'Object Repository/Objects.HighlightElements/input_field_index'

2020-06-08 15:30:08 - [TEST_STEP][PASSED] - for ([i = 1, i <= NoOfVal, (i++)]): Keys 'DOWN + ' sent to object: 'Object Repository/Objects.HighlightElements/input_field_index'

2020-06-08 15:30:08 - [TEST_STEP][PASSED] - sendKeys(NewInputNmField, Keys.chord(ARROW_DOWN)): Keys 'DOWN + ' sent to object: 'Object Repository/Objects.HighlightElements/input_field_index'

2020-06-08 15:30:08 - [MESSAGE][PASSED] - Keys 'DOWN + ' sent to object: 'Object Repository/Objects.HighlightElements/input_field_index'

2020-06-08 15:30:08 - [TEST_STEP][PASSED] - delay(DelayTime): Delayed 2 second(s)

2020-06-08 15:30:10 - [MESSAGE][PASSED] - Delayed 2 second(s)

2020-06-08 15:30:10 - [TEST_STEP][PASSED] - sendKeys(NewInputNmField, Keys.chord(ENTER)): Keys 'ENTER + ' sent to object: 'Object Repository/Objects.HighlightElements/input_field_index'

2020-06-08 15:30:10 - [MESSAGE][PASSED] - Keys 'ENTER + ' sent to object: 'Object Repository/Objects.HighlightElements/input_field_index'

2020-06-08 15:30:10 - [TEST_STEP][PASSED] - ComboBoxValue = getAttribute(NewInputNmField, "value"): Attribute 'value' of object 'Object Repository/Objects.HighlightElements/input_field_index' is: 'T1'

2020-06-08 15:30:10 - [MESSAGE][PASSED] - Attribute 'value' of object 'Object Repository/Objects.HighlightElements/input_field_index' is: 'T1'

2020-06-08 15:30:10 - [TEST_STEP][PASSED] - callTestCase(findTestCase(CallTCName), ["FindValue":ComboBoxValue, "DropdownNm":comboNm], STOP_ON_FAILURE): Call Test Case 'Test Cases/PFI Precision and Scale/PFI Components/ConstantHashMap' successfully

2020-06-08 15:30:10 - [TEST_CASE][PASSED] - Test Cases/PFI Precision and Scale/PFI Components/ConstantHashMap: Test Cases/PFI Precision and Scale/PFI Components/ConstantHashMap

2020-06-08 15:30:10 - [TEST_STEP][PASSED] - ConstantTBL = [1:["PeriodType":"Working Day(s)"], 2:["PeriodType":"Calendar Day(s)"], 3:["PeriodType":"Month(s)"], 4:["TypeOfLetter":"T1"], ... ]: null

2020-06-08 15:30:10 - [TEST_STEP][PASSED] - switch (DropdownNm): null

2020-06-08 15:30:10 - [TEST_STEP][PASSED] - Default: null

2020-06-08 15:30:10 - [TEST_STEP][PASSED] - comment("Not found in the List"): Not found in the List

2020-06-08 15:30:10 - [MESSAGE][INFO] - Not found in the List

2020-06-08 15:30:10 - [TEST_STEP][PASSED] - break: null

2020-06-08 15:30:10 - [MESSAGE][PASSED] - Call Test Case 'Test Cases/PFI Precision and Scale/PFI Components/ConstantHashMap' successfully

2020-06-08 15:30:10 - [TEST_STEP][PASSED] - println(ValueFound): null

2020-06-08 15:30:10 - [TEST_STEP][PASSED] - sendKeys(NewInputNmField, Keys.chord(ARROW_DOWN)): Keys 'DOWN + ' sent to object: 'Object Repository/Objects.HighlightElements/input_field_index'

2020-06-08 15:30:10 - [MESSAGE][PASSED] - Keys 'DOWN + ' sent to object: 'Object Repository/Objects.HighlightElements/input_field_index'

2020-06-08 15:30:10 - [TEST_STEP][PASSED] - sendKeys(NewInputNmField, Keys.chord(ARROW_DOWN)): Keys 'DOWN + ' sent to object: 'Object Repository/Objects.HighlightElements/input_field_index'

2020-06-08 15:30:10 - [MESSAGE][PASSED] - Keys 'DOWN + ' sent to object: 'Object Repository/Objects.HighlightElements/input_field_index'

2020-06-08 15:30:10 - [TEST_STEP][PASSED] - delay(DelayTime): Delayed 2 second(s)

2020-06-08 15:30:12 - [MESSAGE][PASSED] - Delayed 2 second(s)

2020-06-08 15:30:12 - [TEST_STEP][PASSED] - sendKeys(NewInputNmField, Keys.chord(ENTER)): Keys 'ENTER + ' sent to object: 'Object Repository/Objects.HighlightElements/input_field_index'

2020-06-08 15:30:12 - [MESSAGE][PASSED] - Keys 'ENTER + ' sent to object: 'Object Repository/Objects.HighlightElements/input_field_index'

2020-06-08 15:30:12 - [TEST_STEP][PASSED] - ComboBoxValue = getAttribute(NewInputNmField, "value"): Attribute 'value' of object 'Object Repository/Objects.HighlightElements/input_field_index' is: 'eT1'

2020-06-08 15:30:13 - [MESSAGE][PASSED] - Attribute 'value' of object 'Object Repository/Objects.HighlightElements/input_field_index' is: 'eT1'

2020-06-08 15:30:13 - [TEST_STEP][PASSED] - callTestCase(findTestCase(CallTCName), ["FindValue":ComboBoxValue, "DropdownNm":comboNm], STOP_ON_FAILURE): Call Test Case 'Test Cases/PFI Precision and Scale/PFI Components/ConstantHashMap' successfully

2020-06-08 15:30:13 - [TEST_CASE][PASSED] - Test Cases/PFI Precision and Scale/PFI Components/ConstantHashMap: Test Cases/PFI Precision and Scale/PFI Components/ConstantHashMap

2020-06-08 15:30:13 - [TEST_STEP][PASSED] - ConstantTBL = [1:["PeriodType":"Working Day(s)"], 2:["PeriodType":"Calendar Day(s)"], 3:["PeriodType":"Month(s)"], 4:["TypeOfLetter":"T1"], ... ]: null

2020-06-08 15:30:13 - [TEST_STEP][PASSED] - switch (DropdownNm): null

2020-06-08 15:30:13 - [TEST_STEP][PASSED] - Default: null

2020-06-08 15:30:13 - [TEST_STEP][PASSED] - comment("Not found in the List"): Not found in the List

2020-06-08 15:30:13 - [MESSAGE][INFO] - Not found in the List

2020-06-08 15:30:13 - [TEST_STEP][PASSED] - break: null

2020-06-08 15:30:13 - [MESSAGE][PASSED] - Call Test Case 'Test Cases/PFI Precision and Scale/PFI Components/ConstantHashMap' successfully

2020-06-08 15:30:13 - [TEST_STEP][PASSED] - println(ValueFound): null

2020-06-08 15:30:13 - [TEST_STEP][PASSED] - sendKeys(NewInputNmField, Keys.chord(ARROW_DOWN)): Keys 'DOWN + ' sent to object: 'Object Repository/Objects.HighlightElements/input_field_index'

2020-06-08 15:30:13 - [MESSAGE][PASSED] - Keys 'DOWN + ' sent to object: 'Object Repository/Objects.HighlightElements/input_field_index'

2020-06-08 15:30:13 - [TEST_STEP][PASSED] - sendKeys(NewInputNmField, Keys.chord(ENTER)): Keys 'ENTER + ' sent to object: 'Object Repository/Objects.HighlightElements/input_field_index'

2020-06-08 15:30:13 - [MESSAGE][PASSED] - Keys 'ENTER + ' sent to object: 'Object Repository/Objects.HighlightElements/input_field_index'

2020-06-08 15:30:13 - [MESSAGE][PASSED] - Call Test Case 'Test Cases/PFI Precision and Scale/PFI Components with Indexing/VerifyDropdownValuesXPI' successfully

2020-06-08 15:30:13 - [TEST_STEP][NOT_RUN] - callTestCase(findTestCase("Components/Logout"), ["LogoutPageTextToBeVerified":findTestData("ISPS2 Test Data").getValue("HomeBanner", 1)], STOP_ON_FAILURE): NOT_RUN: callTestCase(findTestCase("Components/Logout"), ["LogoutPageTextToBeVerified":findTestData("ISPS2 Test Data").getValue("HomeBanner", 1)], STOP_ON_FAILURE)

2020-06-08 15:30:13 - [MESSAGE][NOT_RUN] - NOT_RUN: callTestCase(findTestCase("Components/Logout"), ["LogoutPageTextToBeVerified":findTestData("ISPS2 Test Data").getValue("HomeBanner", 1)], STOP_ON_FAILURE)]]></system-out>
         <system-err><![CDATA[]]></system-err>
      </testcase>
      <testcase name="Test Cases/PFI Precision and Scale/PFI Test Cases/Process Case (PFI)/PFI.IssueStatusLHS" time="511.72" classname="Test Cases/PFI Precision and Scale/PFI Test Cases/Process Case (PFI)/PFI.IssueStatusLHS" status="PASSED">
         <system-out><![CDATA[2020-06-08 15:30:13 - [TEST_CASE][PASSED] - Test Cases/PFI Precision and Scale/PFI Test Cases/Process Case (PFI)/PFI.IssueStatusLHS: Test Cases/PFI Precision and Scale/PFI Test Cases/Process Case (PFI)/PFI.IssueStatusLHS

2020-06-08 15:30:13 - [TEST_STEP][NOT_RUN] - callTestCase(findTestCase("Components/LoginV2.0"), ["LinkToBeUsed":findTestData("ISPS2 Test Data").getValue("URL", 1), "LoginPageTextToBeVerified":findTestData("ISPS2 Test Data").getValue("HomeBanner", 1), ... ], STOP_ON_FAILURE): NOT_RUN: callTestCase(findTestCase("Components/LoginV2.0"), ["LinkToBeUsed":findTestData("ISPS2 Test Data").getValue("URL", 1), "LoginPageTextToBeVerified":findTestData("ISPS2 Test Data").getValue("HomeBanner", 1), ... ], STOP_ON_FAILURE)

2020-06-08 15:30:13 - [MESSAGE][NOT_RUN] - NOT_RUN: callTestCase(findTestCase("Components/LoginV2.0"), ["LinkToBeUsed":findTestData("ISPS2 Test Data").getValue("URL", 1), "LoginPageTextToBeVerified":findTestData("ISPS2 Test Data").getValue("HomeBanner", 1), ... ], STOP_ON_FAILURE)

2020-06-08 15:30:13 - [TEST_STEP][NOT_RUN] - callTestCase(findTestCase("Components/NavigateToHomepageHeaders"), ["headerText":"My Tasks"], STOP_ON_FAILURE): NOT_RUN: callTestCase(findTestCase("Components/NavigateToHomepageHeaders"), ["headerText":"My Tasks"], STOP_ON_FAILURE)

2020-06-08 15:30:13 - [MESSAGE][NOT_RUN] - NOT_RUN: callTestCase(findTestCase("Components/NavigateToHomepageHeaders"), ["headerText":"My Tasks"], STOP_ON_FAILURE)

2020-06-08 15:30:13 - [TEST_STEP][NOT_RUN] - callTestCase(findTestCase("Components/Filter"), ["taskDescription":"Process Case (SM)"], STOP_ON_FAILURE): NOT_RUN: callTestCase(findTestCase("Components/Filter"), ["taskDescription":"Process Case (SM)"], STOP_ON_FAILURE)

2020-06-08 15:30:13 - [MESSAGE][NOT_RUN] - NOT_RUN: callTestCase(findTestCase("Components/Filter"), ["taskDescription":"Process Case (SM)"], STOP_ON_FAILURE)

2020-06-08 15:30:13 - [TEST_STEP][NOT_RUN] - callTestCase(findTestCase("Components/ClickLinkDependingOnTextAndIndex"), ["linkName":"Process Case (SM)", "index":"3"], STOP_ON_FAILURE): NOT_RUN: callTestCase(findTestCase("Components/ClickLinkDependingOnTextAndIndex"), ["linkName":"Process Case (SM)", "index":"3"], STOP_ON_FAILURE)

2020-06-08 15:30:13 - [MESSAGE][NOT_RUN] - NOT_RUN: callTestCase(findTestCase("Components/ClickLinkDependingOnTextAndIndex"), ["linkName":"Process Case (SM)", "index":"3"], STOP_ON_FAILURE)

2020-06-08 15:30:13 - [TEST_STEP][PASSED] - callTestCase(findTestCase("Components/NavigateToAnyLHS"), ["LHS":"Issue Status"], STOP_ON_FAILURE): Call Test Case 'Test Cases/Components/NavigateToAnyLHS' successfully

2020-06-08 15:30:13 - [TEST_CASE][PASSED] - Test Cases/Components/NavigateToAnyLHS: Test Cases/Components/NavigateToAnyLHS

2020-06-08 15:30:13 - [TEST_STEP][PASSED] - Thread.sleep(1000): null

2020-06-08 15:30:14 - [TEST_STEP][PASSED] - modifiedLHS = modifyObjectProperty(findTestObject("Objects.NavigateToAnyLHS/Page_ISPS2/LHSToModify"), "text", "equals", LHS, true): Modify property of object successfully

2020-06-08 15:30:14 - [MESSAGE][PASSED] - Modify property of object successfully

2020-06-08 15:30:14 - [TEST_STEP][PASSED] - click(modifiedLHS): Object: 'Object Repository/Objects.NavigateToAnyLHS/Page_ISPS2/LHSToModify' is clicked on

2020-06-08 15:30:14 - [MESSAGE][PASSED] - Object: 'Object Repository/Objects.NavigateToAnyLHS/Page_ISPS2/LHSToModify' is clicked on

2020-06-08 15:30:14 - [TEST_STEP][PASSED] - currentLHS = getText(modifiedLHS): Text of object 'Object Repository/Objects.NavigateToAnyLHS/Page_ISPS2/LHSToModify' is: 'Issue Status'

2020-06-08 15:30:14 - [MESSAGE][PASSED] - Text of object 'Object Repository/Objects.NavigateToAnyLHS/Page_ISPS2/LHSToModify' is: 'Issue Status'

2020-06-08 15:30:14 - [TEST_STEP][PASSED] - Thread.sleep(5000): null

2020-06-08 15:30:19 - [MESSAGE][PASSED] - Call Test Case 'Test Cases/Components/NavigateToAnyLHS' successfully

2020-06-08 15:30:19 - [TEST_STEP][PASSED] - callTestCase(findTestCase("Components/VerifyPageSuccessfullyLoadedII"), ["PageNm":"Issue Status"], STOP_ON_FAILURE): Call Test Case 'Test Cases/Components/VerifyPageSuccessfullyLoadedII' successfully

2020-06-08 15:30:19 - [TEST_CASE][PASSED] - Test Cases/Components/VerifyPageSuccessfullyLoadedII: Test Cases/Components/VerifyPageSuccessfullyLoadedII

2020-06-08 15:30:19 - [TEST_STEP][PASSED] - waitForPageLoad(5): Wait for page load successfully

2020-06-08 15:30:19 - [MESSAGE][PASSED] - Wait for page load successfully

2020-06-08 15:30:19 - [TEST_STEP][PASSED] - modifiedInputFld = modifyObjectProperty(findTestObject("Object Repository/Objects.VerifyPageSuccessfullyLoaded/PageHeaderIndex"), "xpath", "equals", "//*[contains(@class,'isps-page-title') and contains(text(),'" + PageNm + "')]", true): Modify property of object successfully

2020-06-08 15:30:19 - [MESSAGE][PASSED] - Modify property of object successfully

2020-06-08 15:30:19 - [TEST_STEP][PASSED] - com.reusableComponents.HighlightElement.run(modifiedInputFld): com.reusableComponents.HighlightElement.run is PASSED

2020-06-08 15:30:20 - [MESSAGE][PASSED] - com.reusableComponents.HighlightElement.run is PASSED

2020-06-08 15:30:20 - [MESSAGE][PASSED] - Call Test Case 'Test Cases/Components/VerifyPageSuccessfullyLoadedII' successfully

2020-06-08 15:30:20 - [TEST_STEP][PASSED] - callTestCase(findTestCase("Components/HighlightLabelField"), ["LblName":"AO Status *:"], STOP_ON_FAILURE): Call Test Case 'Test Cases/Components/HighlightLabelField' successfully

2020-06-08 15:30:20 - [TEST_CASE][PASSED] - Test Cases/Components/HighlightLabelField: Test Cases/Components/HighlightLabelField

2020-06-08 15:30:20 - [TEST_STEP][PASSED] - Thread.sleep(1000): null

2020-06-08 15:30:21 - [TEST_STEP][PASSED] - modifiedLblNm = modifyObjectProperty(findTestObject("Objects.HighlightElements/lblField"), "text", "equals", LblName, true): Modify property of object successfully

2020-06-08 15:30:21 - [MESSAGE][PASSED] - Modify property of object successfully

2020-06-08 15:30:21 - [TEST_STEP][PASSED] - com.reusableComponents.HighlightElement.run(modifiedLblNm): com.reusableComponents.HighlightElement.run is PASSED

2020-06-08 15:30:22 - [MESSAGE][PASSED] - com.reusableComponents.HighlightElement.run is PASSED

2020-06-08 15:30:22 - [MESSAGE][PASSED] - Call Test Case 'Test Cases/Components/HighlightLabelField' successfully

2020-06-08 15:30:22 - [TEST_STEP][PASSED] - callTestCase(findTestCase("Components/HighlightInputIndexField"), ["InputName":"aoStatus", "index":3], STOP_ON_FAILURE): Call Test Case 'Test Cases/Components/HighlightInputIndexField' successfully

2020-06-08 15:30:22 - [TEST_CASE][PASSED] - Test Cases/Components/HighlightInputIndexField: Test Cases/Components/HighlightInputIndexField

2020-06-08 15:30:22 - [TEST_STEP][PASSED] - Thread.sleep(1000): null

2020-06-08 15:30:23 - [TEST_STEP][PASSED] - modifiedInputFld = modifyObjectProperty(findTestObject("Objects.HighlightElements/input_field_index"), "xpath", "equals", "(//*[contains(@class,'x-form-text') and (@name='" + InputName + "')])[" + index + "]", true): Modify property of object successfully

2020-06-08 15:30:23 - [MESSAGE][PASSED] - Modify property of object successfully

2020-06-08 15:30:23 - [TEST_STEP][PASSED] - com.reusableComponents.HighlightElement.run(modifiedInputFld): com.reusableComponents.HighlightElement.run is PASSED

2020-06-08 15:30:23 - [MESSAGE][PASSED] - com.reusableComponents.HighlightElement.run is PASSED

2020-06-08 15:30:23 - [MESSAGE][PASSED] - Call Test Case 'Test Cases/Components/HighlightInputIndexField' successfully

2020-06-08 15:30:23 - [TEST_STEP][PASSED] - callTestCase(findTestCase("PFI Precision and Scale/PFI Components with Indexing/VerifyDefaultValueIndex"), ["FieldNm":"aoStatus", "index":3], STOP_ON_FAILURE): Call Test Case 'Test Cases/PFI Precision and Scale/PFI Components with Indexing/VerifyDefaultValueIndex' successfully

2020-06-08 15:30:23 - [TEST_CASE][PASSED] - Test Cases/PFI Precision and Scale/PFI Components with Indexing/VerifyDefaultValueIndex: Test Cases/PFI Precision and Scale/PFI Components with Indexing/VerifyDefaultValueIndex

2020-06-08 15:30:23 - [TEST_STEP][PASSED] - Thread.sleep(1000): null

2020-06-08 15:30:24 - [TEST_STEP][PASSED] - DefaultValueHM = ["periodType":"Working Day(s)", "noOfDays":"14", "inspWeight":"1", "inspModule":"PSI", "inspCaseType":"PSI Processing (SM)"]: null

2020-06-08 15:30:24 - [TEST_STEP][PASSED] - NewFieldNm = modifyObjectProperty(findTestObject("Object Repository/Objects.HighlightElements/input_field_index"), "xpath", "equals", "(//*[contains(@name,'" + FieldNm + "')])[" + index + "]", true): Modify property of object successfully

2020-06-08 15:30:24 - [MESSAGE][PASSED] - Modify property of object successfully

2020-06-08 15:30:24 - [TEST_STEP][PASSED] - focus(NewFieldNm): Object: 'Object Repository/Objects.HighlightElements/input_field_index' is focused

2020-06-08 15:30:24 - [MESSAGE][PASSED] - Object: 'Object Repository/Objects.HighlightElements/input_field_index' is focused

2020-06-08 15:30:24 - [TEST_STEP][PASSED] - DefVal = getAttribute(NewFieldNm, "value", STOP_ON_FAILURE): Attribute 'value' of object 'Object Repository/Objects.HighlightElements/input_field_index' is: ''

2020-06-08 15:30:25 - [MESSAGE][PASSED] - Attribute 'value' of object 'Object Repository/Objects.HighlightElements/input_field_index' is: ''

2020-06-08 15:30:25 - [TEST_STEP][PASSED] - switch (FieldNm): null

2020-06-08 15:30:25 - [TEST_STEP][PASSED] - Default: null

2020-06-08 15:30:25 - [TEST_STEP][PASSED] - ExpectedDefVal = DefaultValueHM.get(FieldNm): null

2020-06-08 15:30:25 - [TEST_STEP][PASSED] - if (ExpectedDefVal != null): null

2020-06-08 15:30:25 - [TEST_STEP][PASSED] - else: Actual text '' and expected text '' are matched  using regular expression

2020-06-08 15:30:25 - [TEST_STEP][PASSED] - verifyMatch(DefVal, "", true): Actual text '' and expected text '' are matched  using regular expression

2020-06-08 15:30:25 - [MESSAGE][PASSED] - Actual text '' and expected text '' are matched  using regular expression

2020-06-08 15:30:25 - [TEST_STEP][PASSED] - break: null

2020-06-08 15:30:25 - [MESSAGE][PASSED] - Call Test Case 'Test Cases/PFI Precision and Scale/PFI Components with Indexing/VerifyDefaultValueIndex' successfully

2020-06-08 15:30:25 - [TEST_STEP][PASSED] - callTestCase(findTestCase("Components/HighlightLabelFieldXPI"), ["LblName":"AO Notes", "index":5], STOP_ON_FAILURE): Call Test Case 'Test Cases/Components/HighlightLabelFieldXPI' successfully

2020-06-08 15:30:25 - [TEST_CASE][PASSED] - Test Cases/Components/HighlightLabelFieldXPI: Test Cases/Components/HighlightLabelFieldXPI

2020-06-08 15:30:25 - [TEST_STEP][PASSED] - Thread.sleep(1000): null

2020-06-08 15:30:26 - [TEST_STEP][PASSED] - modifiedLblNm = modifyObjectProperty(findTestObject("Object Repository/Objects.HighlightElements/lblField_index"), "xpath", "equals", "(//*[contains(@class, 'x-form-item-label-inner x-form-item-label-inner-default') and contains(., '" + LblName + "')])[" + index + "]", true): Modify property of object successfully

2020-06-08 15:30:26 - [MESSAGE][PASSED] - Modify property of object successfully

2020-06-08 15:30:26 - [TEST_STEP][PASSED] - com.reusableComponents.HighlightElement.run(modifiedLblNm): com.reusableComponents.HighlightElement.run is PASSED

2020-06-08 15:30:26 - [MESSAGE][PASSED] - com.reusableComponents.HighlightElement.run is PASSED

2020-06-08 15:30:26 - [MESSAGE][PASSED] - Call Test Case 'Test Cases/Components/HighlightLabelFieldXPI' successfully

2020-06-08 15:30:26 - [TEST_STEP][PASSED] - callTestCase(findTestCase("Components/HighlightInputIndexField"), ["InputName":"aoNotes", "index":3], STOP_ON_FAILURE): Call Test Case 'Test Cases/Components/HighlightInputIndexField' successfully

2020-06-08 15:30:26 - [TEST_CASE][PASSED] - Test Cases/Components/HighlightInputIndexField: Test Cases/Components/HighlightInputIndexField

2020-06-08 15:30:26 - [TEST_STEP][PASSED] - Thread.sleep(1000): null

2020-06-08 15:30:27 - [TEST_STEP][PASSED] - modifiedInputFld = modifyObjectProperty(findTestObject("Objects.HighlightElements/input_field_index"), "xpath", "equals", "(//*[contains(@class,'x-form-text') and (@name='" + InputName + "')])[" + index + "]", true): Modify property of object successfully

2020-06-08 15:30:27 - [MESSAGE][PASSED] - Modify property of object successfully

2020-06-08 15:30:27 - [TEST_STEP][PASSED] - com.reusableComponents.HighlightElement.run(modifiedInputFld): com.reusableComponents.HighlightElement.run is PASSED

2020-06-08 15:30:28 - [MESSAGE][PASSED] - com.reusableComponents.HighlightElement.run is PASSED

2020-06-08 15:30:28 - [MESSAGE][PASSED] - Call Test Case 'Test Cases/Components/HighlightInputIndexField' successfully

2020-06-08 15:30:28 - [TEST_STEP][PASSED] - callTestCase(findTestCase("PFI Precision and Scale/PFI Components with Indexing/VerifyDefaultValueIndex"), ["FieldNm":"aoNotes", "index":3], STOP_ON_FAILURE): Call Test Case 'Test Cases/PFI Precision and Scale/PFI Components with Indexing/VerifyDefaultValueIndex' successfully

2020-06-08 15:30:28 - [TEST_CASE][PASSED] - Test Cases/PFI Precision and Scale/PFI Components with Indexing/VerifyDefaultValueIndex: Test Cases/PFI Precision and Scale/PFI Components with Indexing/VerifyDefaultValueIndex

2020-06-08 15:30:28 - [TEST_STEP][PASSED] - Thread.sleep(1000): null

2020-06-08 15:30:29 - [TEST_STEP][PASSED] - DefaultValueHM = ["periodType":"Working Day(s)", "noOfDays":"14", "inspWeight":"1", "inspModule":"PSI", "inspCaseType":"PSI Processing (SM)"]: null

2020-06-08 15:30:29 - [TEST_STEP][PASSED] - NewFieldNm = modifyObjectProperty(findTestObject("Object Repository/Objects.HighlightElements/input_field_index"), "xpath", "equals", "(//*[contains(@name,'" + FieldNm + "')])[" + index + "]", true): Modify property of object successfully

2020-06-08 15:30:29 - [MESSAGE][PASSED] - Modify property of object successfully

2020-06-08 15:30:29 - [TEST_STEP][PASSED] - focus(NewFieldNm): Object: 'Object Repository/Objects.HighlightElements/input_field_index' is focused

2020-06-08 15:30:29 - [MESSAGE][PASSED] - Object: 'Object Repository/Objects.HighlightElements/input_field_index' is focused

2020-06-08 15:30:29 - [TEST_STEP][PASSED] - DefVal = getAttribute(NewFieldNm, "value", STOP_ON_FAILURE): Attribute 'value' of object 'Object Repository/Objects.HighlightElements/input_field_index' is: ''

2020-06-08 15:30:29 - [MESSAGE][PASSED] - Attribute 'value' of object 'Object Repository/Objects.HighlightElements/input_field_index' is: ''

2020-06-08 15:30:29 - [TEST_STEP][PASSED] - switch (FieldNm): null

2020-06-08 15:30:29 - [TEST_STEP][PASSED] - Default: null

2020-06-08 15:30:29 - [TEST_STEP][PASSED] - ExpectedDefVal = DefaultValueHM.get(FieldNm): null

2020-06-08 15:30:29 - [TEST_STEP][PASSED] - if (ExpectedDefVal != null): null

2020-06-08 15:30:29 - [TEST_STEP][PASSED] - else: Actual text '' and expected text '' are matched  using regular expression

2020-06-08 15:30:29 - [TEST_STEP][PASSED] - verifyMatch(DefVal, "", true): Actual text '' and expected text '' are matched  using regular expression

2020-06-08 15:30:29 - [MESSAGE][PASSED] - Actual text '' and expected text '' are matched  using regular expression

2020-06-08 15:30:29 - [TEST_STEP][PASSED] - break: null

2020-06-08 15:30:29 - [MESSAGE][PASSED] - Call Test Case 'Test Cases/PFI Precision and Scale/PFI Components with Indexing/VerifyDefaultValueIndex' successfully

2020-06-08 15:30:29 - [TEST_STEP][PASSED] - callTestCase(findTestCase("Components/HighlightLabelFieldXPI"), ["LblName":"Assign To", "index":7], STOP_ON_FAILURE): Call Test Case 'Test Cases/Components/HighlightLabelFieldXPI' successfully

2020-06-08 15:30:29 - [TEST_CASE][PASSED] - Test Cases/Components/HighlightLabelFieldXPI: Test Cases/Components/HighlightLabelFieldXPI

2020-06-08 15:30:29 - [TEST_STEP][PASSED] - Thread.sleep(1000): null

2020-06-08 15:30:30 - [TEST_STEP][PASSED] - modifiedLblNm = modifyObjectProperty(findTestObject("Object Repository/Objects.HighlightElements/lblField_index"), "xpath", "equals", "(//*[contains(@class, 'x-form-item-label-inner x-form-item-label-inner-default') and contains(., '" + LblName + "')])[" + index + "]", true): Modify property of object successfully

2020-06-08 15:30:30 - [MESSAGE][PASSED] - Modify property of object successfully

2020-06-08 15:30:30 - [TEST_STEP][PASSED] - com.reusableComponents.HighlightElement.run(modifiedLblNm): com.reusableComponents.HighlightElement.run is PASSED

2020-06-08 15:30:30 - [MESSAGE][PASSED] - com.reusableComponents.HighlightElement.run is PASSED

2020-06-08 15:30:30 - [MESSAGE][PASSED] - Call Test Case 'Test Cases/Components/HighlightLabelFieldXPI' successfully

2020-06-08 15:30:30 - [TEST_STEP][PASSED] - callTestCase(findTestCase("Components/HighlightInputIndexField"), ["InputName":"aoAssignTo", "index":3], STOP_ON_FAILURE): Call Test Case 'Test Cases/Components/HighlightInputIndexField' successfully

2020-06-08 15:30:30 - [TEST_CASE][PASSED] - Test Cases/Components/HighlightInputIndexField: Test Cases/Components/HighlightInputIndexField

2020-06-08 15:30:30 - [TEST_STEP][PASSED] - Thread.sleep(1000): null

2020-06-08 15:30:31 - [TEST_STEP][PASSED] - modifiedInputFld = modifyObjectProperty(findTestObject("Objects.HighlightElements/input_field_index"), "xpath", "equals", "(//*[contains(@class,'x-form-text') and (@name='" + InputName + "')])[" + index + "]", true): Modify property of object successfully

2020-06-08 15:30:32 - [MESSAGE][PASSED] - Modify property of object successfully

2020-06-08 15:30:32 - [TEST_STEP][PASSED] - com.reusableComponents.HighlightElement.run(modifiedInputFld): com.reusableComponents.HighlightElement.run is PASSED

2020-06-08 15:30:32 - [MESSAGE][PASSED] - com.reusableComponents.HighlightElement.run is PASSED

2020-06-08 15:30:32 - [MESSAGE][PASSED] - Call Test Case 'Test Cases/Components/HighlightInputIndexField' successfully

2020-06-08 15:30:32 - [TEST_STEP][PASSED] - callTestCase(findTestCase("PFI Precision and Scale/PFI Components with Indexing/VerifyDefaultValueIndex"), ["FieldNm":"aoAssignTo", "index":3], STOP_ON_FAILURE): Call Test Case 'Test Cases/PFI Precision and Scale/PFI Components with Indexing/VerifyDefaultValueIndex' successfully

2020-06-08 15:30:32 - [TEST_CASE][PASSED] - Test Cases/PFI Precision and Scale/PFI Components with Indexing/VerifyDefaultValueIndex: Test Cases/PFI Precision and Scale/PFI Components with Indexing/VerifyDefaultValueIndex

2020-06-08 15:30:32 - [TEST_STEP][PASSED] - Thread.sleep(1000): null

2020-06-08 15:30:33 - [TEST_STEP][PASSED] - DefaultValueHM = ["periodType":"Working Day(s)", "noOfDays":"14", "inspWeight":"1", "inspModule":"PSI", "inspCaseType":"PSI Processing (SM)"]: null

2020-06-08 15:30:33 - [TEST_STEP][PASSED] - NewFieldNm = modifyObjectProperty(findTestObject("Object Repository/Objects.HighlightElements/input_field_index"), "xpath", "equals", "(//*[contains(@name,'" + FieldNm + "')])[" + index + "]", true): Modify property of object successfully

2020-06-08 15:30:33 - [MESSAGE][PASSED] - Modify property of object successfully

2020-06-08 15:30:33 - [TEST_STEP][PASSED] - focus(NewFieldNm): Object: 'Object Repository/Objects.HighlightElements/input_field_index' is focused

2020-06-08 15:30:33 - [MESSAGE][PASSED] - Object: 'Object Repository/Objects.HighlightElements/input_field_index' is focused

2020-06-08 15:30:33 - [TEST_STEP][PASSED] - DefVal = getAttribute(NewFieldNm, "value", STOP_ON_FAILURE): Attribute 'value' of object 'Object Repository/Objects.HighlightElements/input_field_index' is: ''

2020-06-08 15:30:33 - [MESSAGE][PASSED] - Attribute 'value' of object 'Object Repository/Objects.HighlightElements/input_field_index' is: ''

2020-06-08 15:30:33 - [TEST_STEP][PASSED] - switch (FieldNm): null

2020-06-08 15:30:33 - [TEST_STEP][PASSED] - Default: null

2020-06-08 15:30:33 - [TEST_STEP][PASSED] - ExpectedDefVal = DefaultValueHM.get(FieldNm): null

2020-06-08 15:30:33 - [TEST_STEP][PASSED] - if (ExpectedDefVal != null): null

2020-06-08 15:30:33 - [TEST_STEP][PASSED] - else: Actual text '' and expected text '' are matched  using regular expression

2020-06-08 15:30:33 - [TEST_STEP][PASSED] - verifyMatch(DefVal, "", true): Actual text '' and expected text '' are matched  using regular expression

2020-06-08 15:30:33 - [MESSAGE][PASSED] - Actual text '' and expected text '' are matched  using regular expression

2020-06-08 15:30:33 - [TEST_STEP][PASSED] - break: null

2020-06-08 15:30:33 - [MESSAGE][PASSED] - Call Test Case 'Test Cases/PFI Precision and Scale/PFI Components with Indexing/VerifyDefaultValueIndex' successfully

2020-06-08 15:30:33 - [TEST_STEP][PASSED] - callTestCase(findTestCase("Components/HighlightLabelFieldXPI"), ["LblName":"Bldg Grp Grade Type", "index":3], STOP_ON_FAILURE): Call Test Case 'Test Cases/Components/HighlightLabelFieldXPI' successfully

2020-06-08 15:30:33 - [TEST_CASE][PASSED] - Test Cases/Components/HighlightLabelFieldXPI: Test Cases/Components/HighlightLabelFieldXPI

2020-06-08 15:30:33 - [TEST_STEP][PASSED] - Thread.sleep(1000): null

2020-06-08 15:30:34 - [TEST_STEP][PASSED] - modifiedLblNm = modifyObjectProperty(findTestObject("Object Repository/Objects.HighlightElements/lblField_index"), "xpath", "equals", "(//*[contains(@class, 'x-form-item-label-inner x-form-item-label-inner-default') and contains(., '" + LblName + "')])[" + index + "]", true): Modify property of object successfully

2020-06-08 15:30:34 - [MESSAGE][PASSED] - Modify property of object successfully

2020-06-08 15:30:34 - [TEST_STEP][PASSED] - com.reusableComponents.HighlightElement.run(modifiedLblNm): com.reusableComponents.HighlightElement.run is PASSED

2020-06-08 15:30:35 - [MESSAGE][PASSED] - com.reusableComponents.HighlightElement.run is PASSED

2020-06-08 15:30:35 - [MESSAGE][PASSED] - Call Test Case 'Test Cases/Components/HighlightLabelFieldXPI' successfully

2020-06-08 15:30:35 - [TEST_STEP][PASSED] - callTestCase(findTestCase("Components/HighlightInputIndexField"), ["InputName":"gradeType", "index":3], STOP_ON_FAILURE): Call Test Case 'Test Cases/Components/HighlightInputIndexField' successfully

2020-06-08 15:30:35 - [TEST_CASE][PASSED] - Test Cases/Components/HighlightInputIndexField: Test Cases/Components/HighlightInputIndexField

2020-06-08 15:30:35 - [TEST_STEP][PASSED] - Thread.sleep(1000): null

2020-06-08 15:30:36 - [TEST_STEP][PASSED] - modifiedInputFld = modifyObjectProperty(findTestObject("Objects.HighlightElements/input_field_index"), "xpath", "equals", "(//*[contains(@class,'x-form-text') and (@name='" + InputName + "')])[" + index + "]", true): Modify property of object successfully

2020-06-08 15:30:36 - [MESSAGE][PASSED] - Modify property of object successfully

2020-06-08 15:30:36 - [TEST_STEP][PASSED] - com.reusableComponents.HighlightElement.run(modifiedInputFld): com.reusableComponents.HighlightElement.run is PASSED

2020-06-08 15:30:36 - [MESSAGE][PASSED] - com.reusableComponents.HighlightElement.run is PASSED

2020-06-08 15:30:36 - [MESSAGE][PASSED] - Call Test Case 'Test Cases/Components/HighlightInputIndexField' successfully

2020-06-08 15:30:36 - [TEST_STEP][PASSED] - callTestCase(findTestCase("PFI Precision and Scale/PFI Components with Indexing/VerifyDefaultValueIndex"), ["FieldNm":"gradeType", "index":3], STOP_ON_FAILURE): Call Test Case 'Test Cases/PFI Precision and Scale/PFI Components with Indexing/VerifyDefaultValueIndex' successfully

2020-06-08 15:30:36 - [TEST_CASE][PASSED] - Test Cases/PFI Precision and Scale/PFI Components with Indexing/VerifyDefaultValueIndex: Test Cases/PFI Precision and Scale/PFI Components with Indexing/VerifyDefaultValueIndex

2020-06-08 15:30:36 - [TEST_STEP][PASSED] - Thread.sleep(1000): null

2020-06-08 15:30:37 - [TEST_STEP][PASSED] - DefaultValueHM = ["periodType":"Working Day(s)", "noOfDays":"14", "inspWeight":"1", "inspModule":"PSI", "inspCaseType":"PSI Processing (SM)"]: null

2020-06-08 15:30:37 - [TEST_STEP][PASSED] - NewFieldNm = modifyObjectProperty(findTestObject("Object Repository/Objects.HighlightElements/input_field_index"), "xpath", "equals", "(//*[contains(@name,'" + FieldNm + "')])[" + index + "]", true): Modify property of object successfully

2020-06-08 15:30:37 - [MESSAGE][PASSED] - Modify property of object successfully

2020-06-08 15:30:37 - [TEST_STEP][PASSED] - focus(NewFieldNm): Object: 'Object Repository/Objects.HighlightElements/input_field_index' is focused

2020-06-08 15:30:37 - [MESSAGE][PASSED] - Object: 'Object Repository/Objects.HighlightElements/input_field_index' is focused

2020-06-08 15:30:37 - [TEST_STEP][PASSED] - DefVal = getAttribute(NewFieldNm, "value", STOP_ON_FAILURE): Attribute 'value' of object 'Object Repository/Objects.HighlightElements/input_field_index' is: ''

2020-06-08 15:30:37 - [MESSAGE][PASSED] - Attribute 'value' of object 'Object Repository/Objects.HighlightElements/input_field_index' is: ''

2020-06-08 15:30:37 - [TEST_STEP][PASSED] - switch (FieldNm): null

2020-06-08 15:30:37 - [TEST_STEP][PASSED] - Default: null

2020-06-08 15:30:37 - [TEST_STEP][PASSED] - ExpectedDefVal = DefaultValueHM.get(FieldNm): null

2020-06-08 15:30:37 - [TEST_STEP][PASSED] - if (ExpectedDefVal != null): null

2020-06-08 15:30:37 - [TEST_STEP][PASSED] - else: Actual text '' and expected text '' are matched  using regular expression

2020-06-08 15:30:37 - [TEST_STEP][PASSED] - verifyMatch(DefVal, "", true): Actual text '' and expected text '' are matched  using regular expression

2020-06-08 15:30:37 - [MESSAGE][PASSED] - Actual text '' and expected text '' are matched  using regular expression

2020-06-08 15:30:37 - [TEST_STEP][PASSED] - break: null

2020-06-08 15:30:37 - [MESSAGE][PASSED] - Call Test Case 'Test Cases/PFI Precision and Scale/PFI Components with Indexing/VerifyDefaultValueIndex' successfully

2020-06-08 15:30:37 - [TEST_STEP][PASSED] - callTestCase(findTestCase("Components/ClickBlueButtonsWithIndex"), ["Button":"Submit", "index":8], STOP_ON_FAILURE): Call Test Case 'Test Cases/Components/ClickBlueButtonsWithIndex' successfully

2020-06-08 15:30:37 - [TEST_CASE][PASSED] - Test Cases/Components/ClickBlueButtonsWithIndex: Test Cases/Components/ClickBlueButtonsWithIndex

2020-06-08 15:30:38 - [TEST_STEP][PASSED] - Thread.sleep(1000): null

2020-06-08 15:30:39 - [TEST_STEP][PASSED] - complexlyModifiedButtonGG = modifyObjectProperty(findTestObject("Objects.ClickBlueButtonsWithXPI/span_Reset"), "xPath", "equals", "(//*[contains(@class,'x-btn-inner x-btn-inner-default-small') and (text()='" + Button + "')])[" + index + "]", true): Modify property of object successfully

2020-06-08 15:30:39 - [MESSAGE][PASSED] - Modify property of object successfully

2020-06-08 15:30:39 - [TEST_STEP][PASSED] - com.reusableComponents.HighlightElement.run(complexlyModifiedButtonGG): com.reusableComponents.HighlightElement.run is PASSED

2020-06-08 15:30:39 - [MESSAGE][PASSED] - com.reusableComponents.HighlightElement.run is PASSED

2020-06-08 15:30:40 - [TEST_STEP][PASSED] - click(complexlyModifiedButtonGG): Object: 'Object Repository/Objects.ClickBlueButtonsWithXPI/span_Reset' is clicked on

2020-06-08 15:30:40 - [MESSAGE][PASSED] - Object: 'Object Repository/Objects.ClickBlueButtonsWithXPI/span_Reset' is clicked on

2020-06-08 15:30:40 - [MESSAGE][PASSED] - Call Test Case 'Test Cases/Components/ClickBlueButtonsWithIndex' successfully

2020-06-08 15:30:40 - [TEST_STEP][PASSED] - callTestCase(findTestCase("PFI Precision and Scale/PFI Components with Indexing/RequiredFieldValidationIndex"), ["nameToBeUsed":"aoStatus", "index":3], STOP_ON_FAILURE): Call Test Case 'Test Cases/PFI Precision and Scale/PFI Components with Indexing/RequiredFieldValidationIndex' successfully

2020-06-08 15:30:40 - [TEST_CASE][PASSED] - Test Cases/PFI Precision and Scale/PFI Components with Indexing/RequiredFieldValidationIndex: Test Cases/PFI Precision and Scale/PFI Components with Indexing/RequiredFieldValidationIndex

2020-06-08 15:30:40 - [TEST_STEP][PASSED] - Thread.sleep(2000): null

2020-06-08 15:30:42 - [TEST_STEP][PASSED] - NewInputNmField = modifyObjectProperty(findTestObject("Objects.HighlightElements/input_field_index"), "xpath", "equals", "(//*[contains(@class,'x-form-text') and (@name='" + nameToBeUsed + "')])[" + index + "]", true): Modify property of object successfully

2020-06-08 15:30:42 - [MESSAGE][PASSED] - Modify property of object successfully

2020-06-08 15:30:42 - [TEST_STEP][PASSED] - mouseOver(NewInputNmField): Object: 'Object Repository/Objects.HighlightElements/input_field_index' is hovered

2020-06-08 15:30:42 - [MESSAGE][PASSED] - Object: 'Object Repository/Objects.HighlightElements/input_field_index' is hovered

2020-06-08 15:30:42 - [TEST_STEP][PASSED] - getRqErrMsg = getAttribute(NewInputNmField, "data-errorqtip"): Attribute 'data-errorqtip' of object 'Object Repository/Objects.HighlightElements/input_field_index' is: '<ul class="x-list-plain"><li>This field is required</li></ul>'

2020-06-08 15:30:42 - [MESSAGE][PASSED] - Attribute 'data-errorqtip' of object 'Object Repository/Objects.HighlightElements/input_field_index' is: '<ul class="x-list-plain"><li>This field is required</li></ul>'

2020-06-08 15:30:42 - [TEST_STEP][PASSED] - strToolTip = getRqErrMsg.substring(29, 61): null

2020-06-08 15:30:42 - [TEST_STEP][PASSED] - toolTipReqErrMsg = strToolTip.substring(0, 22): null

2020-06-08 15:30:42 - [TEST_STEP][PASSED] - verifyMatch(toolTipReqErrMsg, RqField, true): Actual text 'This field is required' and expected text 'This field is required' are matched  using regular expression

2020-06-08 15:30:42 - [MESSAGE][PASSED] - Actual text 'This field is required' and expected text 'This field is required' are matched  using regular expression

2020-06-08 15:30:42 - [MESSAGE][PASSED] - Call Test Case 'Test Cases/PFI Precision and Scale/PFI Components with Indexing/RequiredFieldValidationIndex' successfully

2020-06-08 15:30:42 - [TEST_STEP][PASSED] - callTestCase(findTestCase("PFI Precision and Scale/PFI Components with Indexing/RequiredFieldValidationIndex"), ["nameToBeUsed":"aoNotes", "index":3], STOP_ON_FAILURE): Call Test Case 'Test Cases/PFI Precision and Scale/PFI Components with Indexing/RequiredFieldValidationIndex' successfully

2020-06-08 15:30:42 - [TEST_CASE][PASSED] - Test Cases/PFI Precision and Scale/PFI Components with Indexing/RequiredFieldValidationIndex: Test Cases/PFI Precision and Scale/PFI Components with Indexing/RequiredFieldValidationIndex

2020-06-08 15:30:42 - [TEST_STEP][PASSED] - Thread.sleep(2000): null

2020-06-08 15:30:44 - [TEST_STEP][PASSED] - NewInputNmField = modifyObjectProperty(findTestObject("Objects.HighlightElements/input_field_index"), "xpath", "equals", "(//*[contains(@class,'x-form-text') and (@name='" + nameToBeUsed + "')])[" + index + "]", true): Modify property of object successfully

2020-06-08 15:30:44 - [MESSAGE][PASSED] - Modify property of object successfully

2020-06-08 15:30:44 - [TEST_STEP][PASSED] - mouseOver(NewInputNmField): Object: 'Object Repository/Objects.HighlightElements/input_field_index' is hovered

2020-06-08 15:30:45 - [MESSAGE][PASSED] - Object: 'Object Repository/Objects.HighlightElements/input_field_index' is hovered

2020-06-08 15:30:45 - [TEST_STEP][PASSED] - getRqErrMsg = getAttribute(NewInputNmField, "data-errorqtip"): Attribute 'data-errorqtip' of object 'Object Repository/Objects.HighlightElements/input_field_index' is: '<ul class="x-list-plain"><li>This field is required</li></ul>'

2020-06-08 15:30:45 - [MESSAGE][PASSED] - Attribute 'data-errorqtip' of object 'Object Repository/Objects.HighlightElements/input_field_index' is: '<ul class="x-list-plain"><li>This field is required</li></ul>'

2020-06-08 15:30:45 - [TEST_STEP][PASSED] - strToolTip = getRqErrMsg.substring(29, 61): null

2020-06-08 15:30:45 - [TEST_STEP][PASSED] - toolTipReqErrMsg = strToolTip.substring(0, 22): null

2020-06-08 15:30:45 - [TEST_STEP][PASSED] - verifyMatch(toolTipReqErrMsg, RqField, true): Actual text 'This field is required' and expected text 'This field is required' are matched  using regular expression

2020-06-08 15:30:45 - [MESSAGE][PASSED] - Actual text 'This field is required' and expected text 'This field is required' are matched  using regular expression

2020-06-08 15:30:45 - [MESSAGE][PASSED] - Call Test Case 'Test Cases/PFI Precision and Scale/PFI Components with Indexing/RequiredFieldValidationIndex' successfully

2020-06-08 15:30:45 - [TEST_STEP][PASSED] - callTestCase(findTestCase("PFI Precision and Scale/PFI Components with Indexing/RequiredFieldValidationIndex"), ["nameToBeUsed":"aoAssignTo", "index":3], STOP_ON_FAILURE): Call Test Case 'Test Cases/PFI Precision and Scale/PFI Components with Indexing/RequiredFieldValidationIndex' successfully

2020-06-08 15:30:45 - [TEST_CASE][PASSED] - Test Cases/PFI Precision and Scale/PFI Components with Indexing/RequiredFieldValidationIndex: Test Cases/PFI Precision and Scale/PFI Components with Indexing/RequiredFieldValidationIndex

2020-06-08 15:30:45 - [TEST_STEP][PASSED] - Thread.sleep(2000): null

2020-06-08 15:30:48 - [TEST_STEP][PASSED] - NewInputNmField = modifyObjectProperty(findTestObject("Objects.HighlightElements/input_field_index"), "xpath", "equals", "(//*[contains(@class,'x-form-text') and (@name='" + nameToBeUsed + "')])[" + index + "]", true): Modify property of object successfully

2020-06-08 15:30:48 - [MESSAGE][PASSED] - Modify property of object successfully

2020-06-08 15:30:48 - [TEST_STEP][PASSED] - mouseOver(NewInputNmField): Object: 'Object Repository/Objects.HighlightElements/input_field_index' is hovered

2020-06-08 15:30:48 - [MESSAGE][PASSED] - Object: 'Object Repository/Objects.HighlightElements/input_field_index' is hovered

2020-06-08 15:30:48 - [TEST_STEP][PASSED] - getRqErrMsg = getAttribute(NewInputNmField, "data-errorqtip"): Attribute 'data-errorqtip' of object 'Object Repository/Objects.HighlightElements/input_field_index' is: '<ul class="x-list-plain"><li>This field is required</li></ul>'

2020-06-08 15:30:48 - [MESSAGE][PASSED] - Attribute 'data-errorqtip' of object 'Object Repository/Objects.HighlightElements/input_field_index' is: '<ul class="x-list-plain"><li>This field is required</li></ul>'

2020-06-08 15:30:48 - [TEST_STEP][PASSED] - strToolTip = getRqErrMsg.substring(29, 61): null

2020-06-08 15:30:48 - [TEST_STEP][PASSED] - toolTipReqErrMsg = strToolTip.substring(0, 22): null

2020-06-08 15:30:48 - [TEST_STEP][PASSED] - verifyMatch(toolTipReqErrMsg, RqField, true): Actual text 'This field is required' and expected text 'This field is required' are matched  using regular expression

2020-06-08 15:30:48 - [MESSAGE][PASSED] - Actual text 'This field is required' and expected text 'This field is required' are matched  using regular expression

2020-06-08 15:30:48 - [MESSAGE][PASSED] - Call Test Case 'Test Cases/PFI Precision and Scale/PFI Components with Indexing/RequiredFieldValidationIndex' successfully

2020-06-08 15:30:48 - [TEST_STEP][PASSED] - callTestCase(findTestCase("PFI Precision and Scale/PFI Components with Indexing/RequiredFieldValidationIndex"), ["nameToBeUsed":"gradeType", "index":3], STOP_ON_FAILURE): Call Test Case 'Test Cases/PFI Precision and Scale/PFI Components with Indexing/RequiredFieldValidationIndex' successfully

2020-06-08 15:30:48 - [TEST_CASE][PASSED] - Test Cases/PFI Precision and Scale/PFI Components with Indexing/RequiredFieldValidationIndex: Test Cases/PFI Precision and Scale/PFI Components with Indexing/RequiredFieldValidationIndex

2020-06-08 15:30:48 - [TEST_STEP][PASSED] - Thread.sleep(2000): null

2020-06-08 15:30:50 - [TEST_STEP][PASSED] - NewInputNmField = modifyObjectProperty(findTestObject("Objects.HighlightElements/input_field_index"), "xpath", "equals", "(//*[contains(@class,'x-form-text') and (@name='" + nameToBeUsed + "')])[" + index + "]", true): Modify property of object successfully

2020-06-08 15:30:50 - [MESSAGE][PASSED] - Modify property of object successfully

2020-06-08 15:30:50 - [TEST_STEP][PASSED] - mouseOver(NewInputNmField): Object: 'Object Repository/Objects.HighlightElements/input_field_index' is hovered

2020-06-08 15:30:50 - [MESSAGE][PASSED] - Object: 'Object Repository/Objects.HighlightElements/input_field_index' is hovered

2020-06-08 15:30:50 - [TEST_STEP][PASSED] - getRqErrMsg = getAttribute(NewInputNmField, "data-errorqtip"): Attribute 'data-errorqtip' of object 'Object Repository/Objects.HighlightElements/input_field_index' is: '<ul class="x-list-plain"><li>This field is required</li></ul>'

2020-06-08 15:30:51 - [MESSAGE][PASSED] - Attribute 'data-errorqtip' of object 'Object Repository/Objects.HighlightElements/input_field_index' is: '<ul class="x-list-plain"><li>This field is required</li></ul>'

2020-06-08 15:30:51 - [TEST_STEP][PASSED] - strToolTip = getRqErrMsg.substring(29, 61): null

2020-06-08 15:30:51 - [TEST_STEP][PASSED] - toolTipReqErrMsg = strToolTip.substring(0, 22): null

2020-06-08 15:30:51 - [TEST_STEP][PASSED] - verifyMatch(toolTipReqErrMsg, RqField, true): Actual text 'This field is required' and expected text 'This field is required' are matched  using regular expression

2020-06-08 15:30:51 - [MESSAGE][PASSED] - Actual text 'This field is required' and expected text 'This field is required' are matched  using regular expression

2020-06-08 15:30:51 - [MESSAGE][PASSED] - Call Test Case 'Test Cases/PFI Precision and Scale/PFI Components with Indexing/RequiredFieldValidationIndex' successfully

2020-06-08 15:30:51 - [TEST_STEP][PASSED] - callTestCase(findTestCase("PFI Precision and Scale/PFI Components with Indexing/VerifyDropdownValuesIndex"), ["FldNm":"aoStatus", "index":3, "CallTCName":"Test Cases/PFI Precision and Scale/HashMap Tables/ConstantHashMap", "NoOfVal":24, ... ], STOP_ON_FAILURE): Call Test Case 'Test Cases/PFI Precision and Scale/PFI Components with Indexing/VerifyDropdownValuesIndex' successfully

2020-06-08 15:30:51 - [TEST_CASE][PASSED] - Test Cases/PFI Precision and Scale/PFI Components with Indexing/VerifyDropdownValuesIndex: Test Cases/PFI Precision and Scale/PFI Components with Indexing/VerifyDropdownValuesIndex

2020-06-08 15:30:51 - [TEST_STEP][PASSED] - Thread.sleep(1000): null

2020-06-08 15:30:52 - [TEST_STEP][PASSED] - NewInputNmField = modifyObjectProperty(findTestObject("Object Repository/Objects.HighlightElements/input_field_index"), "xpath", "equals", "(//*[contains(@class,'x-form-text') and (@name='" + FldNm + "')])[" + index + "]", true): Modify property of object successfully

2020-06-08 15:30:52 - [MESSAGE][PASSED] - Modify property of object successfully

2020-06-08 15:30:52 - [TEST_STEP][PASSED] - comboNm = cmbNm: null

2020-06-08 15:30:52 - [TEST_STEP][PASSED] - focus(NewInputNmField): Object: 'Object Repository/Objects.HighlightElements/input_field_index' is focused

2020-06-08 15:30:52 - [MESSAGE][PASSED] - Object: 'Object Repository/Objects.HighlightElements/input_field_index' is focused

2020-06-08 15:30:52 - [TEST_STEP][PASSED] - setText(NewInputNmField, EnterValue): Text ''T6'' is set on object 'Object Repository/Objects.HighlightElements/input_field_index'

2020-06-08 15:30:52 - [MESSAGE][PASSED] - Text ''T6'' is set on object 'Object Repository/Objects.HighlightElements/input_field_index'

2020-06-08 15:30:52 - [TEST_STEP][PASSED] - for ([i = 1, i <= NoOfVal, (i++)]): Keys 'DOWN + ' sent to object: 'Object Repository/Objects.HighlightElements/input_field_index'

2020-06-08 15:30:52 - [TEST_STEP][PASSED] - sendKeys(NewInputNmField, Keys.chord(ARROW_DOWN)): Keys 'DOWN + ' sent to object: 'Object Repository/Objects.HighlightElements/input_field_index'

2020-06-08 15:30:52 - [MESSAGE][PASSED] - Keys 'DOWN + ' sent to object: 'Object Repository/Objects.HighlightElements/input_field_index'

2020-06-08 15:30:52 - [TEST_STEP][PASSED] - delay(DelayTime): Delayed 5 second(s)

2020-06-08 15:30:57 - [MESSAGE][PASSED] - Delayed 5 second(s)

2020-06-08 15:30:57 - [TEST_STEP][PASSED] - sendKeys(NewInputNmField, Keys.chord(ENTER)): Keys 'ENTER + ' sent to object: 'Object Repository/Objects.HighlightElements/input_field_index'

2020-06-08 15:30:57 - [MESSAGE][PASSED] - Keys 'ENTER + ' sent to object: 'Object Repository/Objects.HighlightElements/input_field_index'

2020-06-08 15:30:57 - [TEST_STEP][PASSED] - ComboBoxValue = getAttribute(NewInputNmField, "value"): Attribute 'value' of object 'Object Repository/Objects.HighlightElements/input_field_index' is: ''T6''

2020-06-08 15:30:57 - [MESSAGE][PASSED] - Attribute 'value' of object 'Object Repository/Objects.HighlightElements/input_field_index' is: ''T6''

2020-06-08 15:30:57 - [TEST_STEP][PASSED] - callTestCase(findTestCase(CallTCName), ["FindValue":ComboBoxValue, "DropdownNm":comboNm], STOP_ON_FAILURE): Call Test Case 'Test Cases/PFI Precision and Scale/HashMap Tables/ConstantHashMap' successfully

2020-06-08 15:30:57 - [TEST_CASE][PASSED] - Test Cases/PFI Precision and Scale/HashMap Tables/ConstantHashMap: Test Cases/PFI Precision and Scale/HashMap Tables/ConstantHashMap

2020-06-08 15:30:57 - [TEST_STEP][PASSED] - ConstantTBL = [1:["PeriodType":"Working Day(s)"], 2:["PeriodType":"Calendar Day(s)"], 3:["PeriodType":"Month(s)"], 4:["TypeOfLetter":"T1"], ... ]: null

2020-06-08 15:30:57 - [TEST_STEP][PASSED] - switch (DropdownNm): null

2020-06-08 15:30:57 - [TEST_STEP][PASSED] - case "AOStatus":: null

2020-06-08 15:30:57 - [TEST_STEP][PASSED] - ValueFound = ConstantTBL.find({ -> ... }): null

2020-06-08 15:30:57 - [TEST_STEP][PASSED] - break: null

2020-06-08 15:30:57 - [MESSAGE][PASSED] - Call Test Case 'Test Cases/PFI Precision and Scale/HashMap Tables/ConstantHashMap' successfully

2020-06-08 15:30:57 - [TEST_STEP][PASSED] - println(ValueFound): null

2020-06-08 15:30:57 - [TEST_STEP][PASSED] - sendKeys(NewInputNmField, Keys.chord(ARROW_DOWN)): Keys 'DOWN + ' sent to object: 'Object Repository/Objects.HighlightElements/input_field_index'

2020-06-08 15:30:57 - [MESSAGE][PASSED] - Keys 'DOWN + ' sent to object: 'Object Repository/Objects.HighlightElements/input_field_index'

2020-06-08 15:30:57 - [TEST_STEP][PASSED] - sendKeys(NewInputNmField, Keys.chord(ARROW_DOWN)): Keys 'DOWN + ' sent to object: 'Object Repository/Objects.HighlightElements/input_field_index'

2020-06-08 15:30:57 - [MESSAGE][PASSED] - Keys 'DOWN + ' sent to object: 'Object Repository/Objects.HighlightElements/input_field_index'

2020-06-08 15:30:57 - [TEST_STEP][PASSED] - delay(DelayTime): Delayed 5 second(s)

2020-06-08 15:31:02 - [MESSAGE][PASSED] - Delayed 5 second(s)

2020-06-08 15:31:02 - [TEST_STEP][PASSED] - sendKeys(NewInputNmField, Keys.chord(ENTER)): Keys 'ENTER + ' sent to object: 'Object Repository/Objects.HighlightElements/input_field_index'

2020-06-08 15:31:02 - [MESSAGE][PASSED] - Keys 'ENTER + ' sent to object: 'Object Repository/Objects.HighlightElements/input_field_index'

2020-06-08 15:31:02 - [TEST_STEP][PASSED] - ComboBoxValue = getAttribute(NewInputNmField, "value"): Attribute 'value' of object 'Object Repository/Objects.HighlightElements/input_field_index' is: ''T7''

2020-06-08 15:31:03 - [MESSAGE][PASSED] - Attribute 'value' of object 'Object Repository/Objects.HighlightElements/input_field_index' is: ''T7''

2020-06-08 15:31:03 - [TEST_STEP][PASSED] - callTestCase(findTestCase(CallTCName), ["FindValue":ComboBoxValue, "DropdownNm":comboNm], STOP_ON_FAILURE): Call Test Case 'Test Cases/PFI Precision and Scale/HashMap Tables/ConstantHashMap' successfully

2020-06-08 15:31:03 - [TEST_CASE][PASSED] - Test Cases/PFI Precision and Scale/HashMap Tables/ConstantHashMap: Test Cases/PFI Precision and Scale/HashMap Tables/ConstantHashMap

2020-06-08 15:31:03 - [TEST_STEP][PASSED] - ConstantTBL = [1:["PeriodType":"Working Day(s)"], 2:["PeriodType":"Calendar Day(s)"], 3:["PeriodType":"Month(s)"], 4:["TypeOfLetter":"T1"], ... ]: null

2020-06-08 15:31:03 - [TEST_STEP][PASSED] - switch (DropdownNm): null

2020-06-08 15:31:03 - [TEST_STEP][PASSED] - case "AOStatus":: null

2020-06-08 15:31:03 - [TEST_STEP][PASSED] - ValueFound = ConstantTBL.find({ -> ... }): null

2020-06-08 15:31:03 - [TEST_STEP][PASSED] - break: null

2020-06-08 15:31:03 - [MESSAGE][PASSED] - Call Test Case 'Test Cases/PFI Precision and Scale/HashMap Tables/ConstantHashMap' successfully

2020-06-08 15:31:03 - [TEST_STEP][PASSED] - println(ValueFound): null

2020-06-08 15:31:03 - [TEST_STEP][PASSED] - sendKeys(NewInputNmField, Keys.chord(ARROW_DOWN)): Keys 'DOWN + ' sent to object: 'Object Repository/Objects.HighlightElements/input_field_index'

2020-06-08 15:31:03 - [MESSAGE][PASSED] - Keys 'DOWN + ' sent to object: 'Object Repository/Objects.HighlightElements/input_field_index'

2020-06-08 15:31:03 - [TEST_STEP][PASSED] - sendKeys(NewInputNmField, Keys.chord(ARROW_DOWN)): Keys 'DOWN + ' sent to object: 'Object Repository/Objects.HighlightElements/input_field_index'

2020-06-08 15:31:03 - [MESSAGE][PASSED] - Keys 'DOWN + ' sent to object: 'Object Repository/Objects.HighlightElements/input_field_index'

2020-06-08 15:31:03 - [TEST_STEP][PASSED] - delay(DelayTime): Delayed 5 second(s)

2020-06-08 15:31:08 - [MESSAGE][PASSED] - Delayed 5 second(s)

2020-06-08 15:31:08 - [TEST_STEP][PASSED] - sendKeys(NewInputNmField, Keys.chord(ENTER)): Keys 'ENTER + ' sent to object: 'Object Repository/Objects.HighlightElements/input_field_index'

2020-06-08 15:31:08 - [MESSAGE][PASSED] - Keys 'ENTER + ' sent to object: 'Object Repository/Objects.HighlightElements/input_field_index'

2020-06-08 15:31:08 - [TEST_STEP][PASSED] - ComboBoxValue = getAttribute(NewInputNmField, "value"): Attribute 'value' of object 'Object Repository/Objects.HighlightElements/input_field_index' is: ''T7''

2020-06-08 15:31:08 - [MESSAGE][PASSED] - Attribute 'value' of object 'Object Repository/Objects.HighlightElements/input_field_index' is: ''T7''

2020-06-08 15:31:08 - [TEST_STEP][PASSED] - callTestCase(findTestCase(CallTCName), ["FindValue":ComboBoxValue, "DropdownNm":comboNm], STOP_ON_FAILURE): Call Test Case 'Test Cases/PFI Precision and Scale/HashMap Tables/ConstantHashMap' successfully

2020-06-08 15:31:08 - [TEST_CASE][PASSED] - Test Cases/PFI Precision and Scale/HashMap Tables/ConstantHashMap: Test Cases/PFI Precision and Scale/HashMap Tables/ConstantHashMap

2020-06-08 15:31:08 - [TEST_STEP][PASSED] - ConstantTBL = [1:["PeriodType":"Working Day(s)"], 2:["PeriodType":"Calendar Day(s)"], 3:["PeriodType":"Month(s)"], 4:["TypeOfLetter":"T1"], ... ]: null

2020-06-08 15:31:08 - [TEST_STEP][PASSED] - switch (DropdownNm): null

2020-06-08 15:31:08 - [TEST_STEP][PASSED] - case "AOStatus":: null

2020-06-08 15:31:08 - [TEST_STEP][PASSED] - ValueFound = ConstantTBL.find({ -> ... }): null

2020-06-08 15:31:08 - [TEST_STEP][PASSED] - break: null

2020-06-08 15:31:08 - [MESSAGE][PASSED] - Call Test Case 'Test Cases/PFI Precision and Scale/HashMap Tables/ConstantHashMap' successfully

2020-06-08 15:31:08 - [TEST_STEP][PASSED] - println(ValueFound): null

2020-06-08 15:31:08 - [TEST_STEP][PASSED] - sendKeys(NewInputNmField, Keys.chord(ARROW_DOWN)): Keys 'DOWN + ' sent to object: 'Object Repository/Objects.HighlightElements/input_field_index'

2020-06-08 15:31:08 - [MESSAGE][PASSED] - Keys 'DOWN + ' sent to object: 'Object Repository/Objects.HighlightElements/input_field_index'

2020-06-08 15:31:08 - [TEST_STEP][PASSED] - sendKeys(NewInputNmField, Keys.chord(ARROW_DOWN)): Keys 'DOWN + ' sent to object: 'Object Repository/Objects.HighlightElements/input_field_index'

2020-06-08 15:31:08 - [MESSAGE][PASSED] - Keys 'DOWN + ' sent to object: 'Object Repository/Objects.HighlightElements/input_field_index'

2020-06-08 15:31:08 - [TEST_STEP][PASSED] - delay(DelayTime): Delayed 5 second(s)

2020-06-08 15:31:13 - [MESSAGE][PASSED] - Delayed 5 second(s)

2020-06-08 15:31:13 - [TEST_STEP][PASSED] - sendKeys(NewInputNmField, Keys.chord(ENTER)): Keys 'ENTER + ' sent to object: 'Object Repository/Objects.HighlightElements/input_field_index'

2020-06-08 15:31:13 - [MESSAGE][PASSED] - Keys 'ENTER + ' sent to object: 'Object Repository/Objects.HighlightElements/input_field_index'

2020-06-08 15:31:13 - [TEST_STEP][PASSED] - ComboBoxValue = getAttribute(NewInputNmField, "value"): Attribute 'value' of object 'Object Repository/Objects.HighlightElements/input_field_index' is: ''T7''

2020-06-08 15:31:13 - [MESSAGE][PASSED] - Attribute 'value' of object 'Object Repository/Objects.HighlightElements/input_field_index' is: ''T7''

2020-06-08 15:31:13 - [TEST_STEP][PASSED] - callTestCase(findTestCase(CallTCName), ["FindValue":ComboBoxValue, "DropdownNm":comboNm], STOP_ON_FAILURE): Call Test Case 'Test Cases/PFI Precision and Scale/HashMap Tables/ConstantHashMap' successfully

2020-06-08 15:31:13 - [TEST_CASE][PASSED] - Test Cases/PFI Precision and Scale/HashMap Tables/ConstantHashMap: Test Cases/PFI Precision and Scale/HashMap Tables/ConstantHashMap

2020-06-08 15:31:13 - [TEST_STEP][PASSED] - ConstantTBL = [1:["PeriodType":"Working Day(s)"], 2:["PeriodType":"Calendar Day(s)"], 3:["PeriodType":"Month(s)"], 4:["TypeOfLetter":"T1"], ... ]: null

2020-06-08 15:31:13 - [TEST_STEP][PASSED] - switch (DropdownNm): null

2020-06-08 15:31:13 - [TEST_STEP][PASSED] - case "AOStatus":: null

2020-06-08 15:31:13 - [TEST_STEP][PASSED] - ValueFound = ConstantTBL.find({ -> ... }): null

2020-06-08 15:31:13 - [TEST_STEP][PASSED] - break: null

2020-06-08 15:31:13 - [MESSAGE][PASSED] - Call Test Case 'Test Cases/PFI Precision and Scale/HashMap Tables/ConstantHashMap' successfully

2020-06-08 15:31:13 - [TEST_STEP][PASSED] - println(ValueFound): null

2020-06-08 15:31:13 - [TEST_STEP][PASSED] - sendKeys(NewInputNmField, Keys.chord(ARROW_DOWN)): Keys 'DOWN + ' sent to object: 'Object Repository/Objects.HighlightElements/input_field_index'

2020-06-08 15:31:13 - [MESSAGE][PASSED] - Keys 'DOWN + ' sent to object: 'Object Repository/Objects.HighlightElements/input_field_index'

2020-06-08 15:31:13 - [TEST_STEP][PASSED] - sendKeys(NewInputNmField, Keys.chord(ARROW_DOWN)): Keys 'DOWN + ' sent to object: 'Object Repository/Objects.HighlightElements/input_field_index'

2020-06-08 15:31:13 - [MESSAGE][PASSED] - Keys 'DOWN + ' sent to object: 'Object Repository/Objects.HighlightElements/input_field_index'

2020-06-08 15:31:13 - [TEST_STEP][PASSED] - delay(DelayTime): Delayed 5 second(s)

2020-06-08 15:31:18 - [MESSAGE][PASSED] - Delayed 5 second(s)

2020-06-08 15:31:18 - [TEST_STEP][PASSED] - sendKeys(NewInputNmField, Keys.chord(ENTER)): Keys 'ENTER + ' sent to object: 'Object Repository/Objects.HighlightElements/input_field_index'

2020-06-08 15:31:18 - [MESSAGE][PASSED] - Keys 'ENTER + ' sent to object: 'Object Repository/Objects.HighlightElements/input_field_index'

2020-06-08 15:31:18 - [TEST_STEP][PASSED] - ComboBoxValue = getAttribute(NewInputNmField, "value"): Attribute 'value' of object 'Object Repository/Objects.HighlightElements/input_field_index' is: ''T7''

2020-06-08 15:31:18 - [MESSAGE][PASSED] - Attribute 'value' of object 'Object Repository/Objects.HighlightElements/input_field_index' is: ''T7''

2020-06-08 15:31:18 - [TEST_STEP][PASSED] - callTestCase(findTestCase(CallTCName), ["FindValue":ComboBoxValue, "DropdownNm":comboNm], STOP_ON_FAILURE): Call Test Case 'Test Cases/PFI Precision and Scale/HashMap Tables/ConstantHashMap' successfully

2020-06-08 15:31:18 - [TEST_CASE][PASSED] - Test Cases/PFI Precision and Scale/HashMap Tables/ConstantHashMap: Test Cases/PFI Precision and Scale/HashMap Tables/ConstantHashMap

2020-06-08 15:31:19 - [TEST_STEP][PASSED] - ConstantTBL = [1:["PeriodType":"Working Day(s)"], 2:["PeriodType":"Calendar Day(s)"], 3:["PeriodType":"Month(s)"], 4:["TypeOfLetter":"T1"], ... ]: null

2020-06-08 15:31:19 - [TEST_STEP][PASSED] - switch (DropdownNm): null

2020-06-08 15:31:19 - [TEST_STEP][PASSED] - case "AOStatus":: null

2020-06-08 15:31:19 - [TEST_STEP][PASSED] - ValueFound = ConstantTBL.find({ -> ... }): null

2020-06-08 15:31:19 - [TEST_STEP][PASSED] - break: null

2020-06-08 15:31:19 - [MESSAGE][PASSED] - Call Test Case 'Test Cases/PFI Precision and Scale/HashMap Tables/ConstantHashMap' successfully

2020-06-08 15:31:19 - [TEST_STEP][PASSED] - println(ValueFound): null

2020-06-08 15:31:19 - [TEST_STEP][PASSED] - sendKeys(NewInputNmField, Keys.chord(ARROW_DOWN)): Keys 'DOWN + ' sent to object: 'Object Repository/Objects.HighlightElements/input_field_index'

2020-06-08 15:31:19 - [MESSAGE][PASSED] - Keys 'DOWN + ' sent to object: 'Object Repository/Objects.HighlightElements/input_field_index'

2020-06-08 15:31:19 - [TEST_STEP][PASSED] - sendKeys(NewInputNmField, Keys.chord(ARROW_DOWN)): Keys 'DOWN + ' sent to object: 'Object Repository/Objects.HighlightElements/input_field_index'

2020-06-08 15:31:19 - [MESSAGE][PASSED] - Keys 'DOWN + ' sent to object: 'Object Repository/Objects.HighlightElements/input_field_index'

2020-06-08 15:31:19 - [TEST_STEP][PASSED] - delay(DelayTime): Delayed 5 second(s)

2020-06-08 15:31:24 - [MESSAGE][PASSED] - Delayed 5 second(s)

2020-06-08 15:31:24 - [TEST_STEP][PASSED] - sendKeys(NewInputNmField, Keys.chord(ENTER)): Keys 'ENTER + ' sent to object: 'Object Repository/Objects.HighlightElements/input_field_index'

2020-06-08 15:31:24 - [MESSAGE][PASSED] - Keys 'ENTER + ' sent to object: 'Object Repository/Objects.HighlightElements/input_field_index'

2020-06-08 15:31:24 - [TEST_STEP][PASSED] - ComboBoxValue = getAttribute(NewInputNmField, "value"): Attribute 'value' of object 'Object Repository/Objects.HighlightElements/input_field_index' is: ''T7''

2020-06-08 15:31:24 - [MESSAGE][PASSED] - Attribute 'value' of object 'Object Repository/Objects.HighlightElements/input_field_index' is: ''T7''

2020-06-08 15:31:24 - [TEST_STEP][PASSED] - callTestCase(findTestCase(CallTCName), ["FindValue":ComboBoxValue, "DropdownNm":comboNm], STOP_ON_FAILURE): Call Test Case 'Test Cases/PFI Precision and Scale/HashMap Tables/ConstantHashMap' successfully

2020-06-08 15:31:24 - [TEST_CASE][PASSED] - Test Cases/PFI Precision and Scale/HashMap Tables/ConstantHashMap: Test Cases/PFI Precision and Scale/HashMap Tables/ConstantHashMap

2020-06-08 15:31:24 - [TEST_STEP][PASSED] - ConstantTBL = [1:["PeriodType":"Working Day(s)"], 2:["PeriodType":"Calendar Day(s)"], 3:["PeriodType":"Month(s)"], 4:["TypeOfLetter":"T1"], ... ]: null

2020-06-08 15:31:24 - [TEST_STEP][PASSED] - switch (DropdownNm): null

2020-06-08 15:31:24 - [TEST_STEP][PASSED] - case "AOStatus":: null

2020-06-08 15:31:24 - [TEST_STEP][PASSED] - ValueFound = ConstantTBL.find({ -> ... }): null

2020-06-08 15:31:24 - [TEST_STEP][PASSED] - break: null

2020-06-08 15:31:24 - [MESSAGE][PASSED] - Call Test Case 'Test Cases/PFI Precision and Scale/HashMap Tables/ConstantHashMap' successfully

2020-06-08 15:31:24 - [TEST_STEP][PASSED] - println(ValueFound): null

2020-06-08 15:31:24 - [TEST_STEP][PASSED] - sendKeys(NewInputNmField, Keys.chord(ARROW_DOWN)): Keys 'DOWN + ' sent to object: 'Object Repository/Objects.HighlightElements/input_field_index'

2020-06-08 15:31:24 - [MESSAGE][PASSED] - Keys 'DOWN + ' sent to object: 'Object Repository/Objects.HighlightElements/input_field_index'

2020-06-08 15:31:24 - [TEST_STEP][PASSED] - sendKeys(NewInputNmField, Keys.chord(ARROW_DOWN)): Keys 'DOWN + ' sent to object: 'Object Repository/Objects.HighlightElements/input_field_index'

2020-06-08 15:31:24 - [MESSAGE][PASSED] - Keys 'DOWN + ' sent to object: 'Object Repository/Objects.HighlightElements/input_field_index'

2020-06-08 15:31:24 - [TEST_STEP][PASSED] - delay(DelayTime): Delayed 5 second(s)

2020-06-08 15:31:29 - [MESSAGE][PASSED] - Delayed 5 second(s)

2020-06-08 15:31:29 - [TEST_STEP][PASSED] - sendKeys(NewInputNmField, Keys.chord(ENTER)): Keys 'ENTER + ' sent to object: 'Object Repository/Objects.HighlightElements/input_field_index'

2020-06-08 15:31:29 - [MESSAGE][PASSED] - Keys 'ENTER + ' sent to object: 'Object Repository/Objects.HighlightElements/input_field_index'

2020-06-08 15:31:29 - [TEST_STEP][PASSED] - ComboBoxValue = getAttribute(NewInputNmField, "value"): Attribute 'value' of object 'Object Repository/Objects.HighlightElements/input_field_index' is: ''T7''

2020-06-08 15:31:29 - [MESSAGE][PASSED] - Attribute 'value' of object 'Object Repository/Objects.HighlightElements/input_field_index' is: ''T7''

2020-06-08 15:31:29 - [TEST_STEP][PASSED] - callTestCase(findTestCase(CallTCName), ["FindValue":ComboBoxValue, "DropdownNm":comboNm], STOP_ON_FAILURE): Call Test Case 'Test Cases/PFI Precision and Scale/HashMap Tables/ConstantHashMap' successfully

2020-06-08 15:31:29 - [TEST_CASE][PASSED] - Test Cases/PFI Precision and Scale/HashMap Tables/ConstantHashMap: Test Cases/PFI Precision and Scale/HashMap Tables/ConstantHashMap

2020-06-08 15:31:29 - [TEST_STEP][PASSED] - ConstantTBL = [1:["PeriodType":"Working Day(s)"], 2:["PeriodType":"Calendar Day(s)"], 3:["PeriodType":"Month(s)"], 4:["TypeOfLetter":"T1"], ... ]: null

2020-06-08 15:31:29 - [TEST_STEP][PASSED] - switch (DropdownNm): null

2020-06-08 15:31:29 - [TEST_STEP][PASSED] - case "AOStatus":: null

2020-06-08 15:31:29 - [TEST_STEP][PASSED] - ValueFound = ConstantTBL.find({ -> ... }): null

2020-06-08 15:31:29 - [TEST_STEP][PASSED] - break: null

2020-06-08 15:31:29 - [MESSAGE][PASSED] - Call Test Case 'Test Cases/PFI Precision and Scale/HashMap Tables/ConstantHashMap' successfully

2020-06-08 15:31:29 - [TEST_STEP][PASSED] - println(ValueFound): null

2020-06-08 15:31:29 - [TEST_STEP][PASSED] - sendKeys(NewInputNmField, Keys.chord(ARROW_DOWN)): Keys 'DOWN + ' sent to object: 'Object Repository/Objects.HighlightElements/input_field_index'

2020-06-08 15:31:29 - [MESSAGE][PASSED] - Keys 'DOWN + ' sent to object: 'Object Repository/Objects.HighlightElements/input_field_index'

2020-06-08 15:31:29 - [TEST_STEP][PASSED] - sendKeys(NewInputNmField, Keys.chord(ARROW_DOWN)): Keys 'DOWN + ' sent to object: 'Object Repository/Objects.HighlightElements/input_field_index'

2020-06-08 15:31:29 - [MESSAGE][PASSED] - Keys 'DOWN + ' sent to object: 'Object Repository/Objects.HighlightElements/input_field_index'

2020-06-08 15:31:29 - [TEST_STEP][PASSED] - delay(DelayTime): Delayed 5 second(s)

2020-06-08 15:31:34 - [MESSAGE][PASSED] - Delayed 5 second(s)

2020-06-08 15:31:34 - [TEST_STEP][PASSED] - sendKeys(NewInputNmField, Keys.chord(ENTER)): Keys 'ENTER + ' sent to object: 'Object Repository/Objects.HighlightElements/input_field_index'

2020-06-08 15:31:34 - [MESSAGE][PASSED] - Keys 'ENTER + ' sent to object: 'Object Repository/Objects.HighlightElements/input_field_index'

2020-06-08 15:31:34 - [TEST_STEP][PASSED] - ComboBoxValue = getAttribute(NewInputNmField, "value"): Attribute 'value' of object 'Object Repository/Objects.HighlightElements/input_field_index' is: ''T7''

2020-06-08 15:31:34 - [MESSAGE][PASSED] - Attribute 'value' of object 'Object Repository/Objects.HighlightElements/input_field_index' is: ''T7''

2020-06-08 15:31:34 - [TEST_STEP][PASSED] - callTestCase(findTestCase(CallTCName), ["FindValue":ComboBoxValue, "DropdownNm":comboNm], STOP_ON_FAILURE): Call Test Case 'Test Cases/PFI Precision and Scale/HashMap Tables/ConstantHashMap' successfully

2020-06-08 15:31:34 - [TEST_CASE][PASSED] - Test Cases/PFI Precision and Scale/HashMap Tables/ConstantHashMap: Test Cases/PFI Precision and Scale/HashMap Tables/ConstantHashMap

2020-06-08 15:31:34 - [TEST_STEP][PASSED] - ConstantTBL = [1:["PeriodType":"Working Day(s)"], 2:["PeriodType":"Calendar Day(s)"], 3:["PeriodType":"Month(s)"], 4:["TypeOfLetter":"T1"], ... ]: null

2020-06-08 15:31:34 - [TEST_STEP][PASSED] - switch (DropdownNm): null

2020-06-08 15:31:34 - [TEST_STEP][PASSED] - case "AOStatus":: null

2020-06-08 15:31:34 - [TEST_STEP][PASSED] - ValueFound = ConstantTBL.find({ -> ... }): null

2020-06-08 15:31:34 - [TEST_STEP][PASSED] - break: null

2020-06-08 15:31:34 - [MESSAGE][PASSED] - Call Test Case 'Test Cases/PFI Precision and Scale/HashMap Tables/ConstantHashMap' successfully

2020-06-08 15:31:34 - [TEST_STEP][PASSED] - println(ValueFound): null

2020-06-08 15:31:34 - [TEST_STEP][PASSED] - sendKeys(NewInputNmField, Keys.chord(ARROW_DOWN)): Keys 'DOWN + ' sent to object: 'Object Repository/Objects.HighlightElements/input_field_index'

2020-06-08 15:31:34 - [MESSAGE][PASSED] - Keys 'DOWN + ' sent to object: 'Object Repository/Objects.HighlightElements/input_field_index'

2020-06-08 15:31:34 - [TEST_STEP][PASSED] - sendKeys(NewInputNmField, Keys.chord(ARROW_DOWN)): Keys 'DOWN + ' sent to object: 'Object Repository/Objects.HighlightElements/input_field_index'

2020-06-08 15:31:35 - [MESSAGE][PASSED] - Keys 'DOWN + ' sent to object: 'Object Repository/Objects.HighlightElements/input_field_index'

2020-06-08 15:31:35 - [TEST_STEP][PASSED] - delay(DelayTime): Delayed 5 second(s)

2020-06-08 15:31:40 - [MESSAGE][PASSED] - Delayed 5 second(s)

2020-06-08 15:31:40 - [TEST_STEP][PASSED] - sendKeys(NewInputNmField, Keys.chord(ENTER)): Keys 'ENTER + ' sent to object: 'Object Repository/Objects.HighlightElements/input_field_index'

2020-06-08 15:31:40 - [MESSAGE][PASSED] - Keys 'ENTER + ' sent to object: 'Object Repository/Objects.HighlightElements/input_field_index'

2020-06-08 15:31:40 - [TEST_STEP][PASSED] - ComboBoxValue = getAttribute(NewInputNmField, "value"): Attribute 'value' of object 'Object Repository/Objects.HighlightElements/input_field_index' is: ''T7''

2020-06-08 15:31:40 - [MESSAGE][PASSED] - Attribute 'value' of object 'Object Repository/Objects.HighlightElements/input_field_index' is: ''T7''

2020-06-08 15:31:40 - [TEST_STEP][PASSED] - callTestCase(findTestCase(CallTCName), ["FindValue":ComboBoxValue, "DropdownNm":comboNm], STOP_ON_FAILURE): Call Test Case 'Test Cases/PFI Precision and Scale/HashMap Tables/ConstantHashMap' successfully

2020-06-08 15:31:40 - [TEST_CASE][PASSED] - Test Cases/PFI Precision and Scale/HashMap Tables/ConstantHashMap: Test Cases/PFI Precision and Scale/HashMap Tables/ConstantHashMap

2020-06-08 15:31:40 - [TEST_STEP][PASSED] - ConstantTBL = [1:["PeriodType":"Working Day(s)"], 2:["PeriodType":"Calendar Day(s)"], 3:["PeriodType":"Month(s)"], 4:["TypeOfLetter":"T1"], ... ]: null

2020-06-08 15:31:40 - [TEST_STEP][PASSED] - switch (DropdownNm): null

2020-06-08 15:31:40 - [TEST_STEP][PASSED] - case "AOStatus":: null

2020-06-08 15:31:40 - [TEST_STEP][PASSED] - ValueFound = ConstantTBL.find({ -> ... }): null

2020-06-08 15:31:40 - [TEST_STEP][PASSED] - break: null

2020-06-08 15:31:40 - [MESSAGE][PASSED] - Call Test Case 'Test Cases/PFI Precision and Scale/HashMap Tables/ConstantHashMap' successfully

2020-06-08 15:31:40 - [TEST_STEP][PASSED] - println(ValueFound): null

2020-06-08 15:31:40 - [TEST_STEP][PASSED] - sendKeys(NewInputNmField, Keys.chord(ARROW_DOWN)): Keys 'DOWN + ' sent to object: 'Object Repository/Objects.HighlightElements/input_field_index'

2020-06-08 15:31:40 - [MESSAGE][PASSED] - Keys 'DOWN + ' sent to object: 'Object Repository/Objects.HighlightElements/input_field_index'

2020-06-08 15:31:40 - [TEST_STEP][PASSED] - sendKeys(NewInputNmField, Keys.chord(ARROW_DOWN)): Keys 'DOWN + ' sent to object: 'Object Repository/Objects.HighlightElements/input_field_index'

2020-06-08 15:31:40 - [MESSAGE][PASSED] - Keys 'DOWN + ' sent to object: 'Object Repository/Objects.HighlightElements/input_field_index'

2020-06-08 15:31:40 - [TEST_STEP][PASSED] - delay(DelayTime): Delayed 5 second(s)

2020-06-08 15:31:45 - [MESSAGE][PASSED] - Delayed 5 second(s)

2020-06-08 15:31:45 - [TEST_STEP][PASSED] - sendKeys(NewInputNmField, Keys.chord(ENTER)): Keys 'ENTER + ' sent to object: 'Object Repository/Objects.HighlightElements/input_field_index'

2020-06-08 15:31:45 - [MESSAGE][PASSED] - Keys 'ENTER + ' sent to object: 'Object Repository/Objects.HighlightElements/input_field_index'

2020-06-08 15:31:45 - [TEST_STEP][PASSED] - ComboBoxValue = getAttribute(NewInputNmField, "value"): Attribute 'value' of object 'Object Repository/Objects.HighlightElements/input_field_index' is: ''T7''

2020-06-08 15:31:45 - [MESSAGE][PASSED] - Attribute 'value' of object 'Object Repository/Objects.HighlightElements/input_field_index' is: ''T7''

2020-06-08 15:31:45 - [TEST_STEP][PASSED] - callTestCase(findTestCase(CallTCName), ["FindValue":ComboBoxValue, "DropdownNm":comboNm], STOP_ON_FAILURE): Call Test Case 'Test Cases/PFI Precision and Scale/HashMap Tables/ConstantHashMap' successfully

2020-06-08 15:31:45 - [TEST_CASE][PASSED] - Test Cases/PFI Precision and Scale/HashMap Tables/ConstantHashMap: Test Cases/PFI Precision and Scale/HashMap Tables/ConstantHashMap

2020-06-08 15:31:45 - [TEST_STEP][PASSED] - ConstantTBL = [1:["PeriodType":"Working Day(s)"], 2:["PeriodType":"Calendar Day(s)"], 3:["PeriodType":"Month(s)"], 4:["TypeOfLetter":"T1"], ... ]: null

2020-06-08 15:31:45 - [TEST_STEP][PASSED] - switch (DropdownNm): null

2020-06-08 15:31:45 - [TEST_STEP][PASSED] - case "AOStatus":: null

2020-06-08 15:31:45 - [TEST_STEP][PASSED] - ValueFound = ConstantTBL.find({ -> ... }): null

2020-06-08 15:31:45 - [TEST_STEP][PASSED] - break: null

2020-06-08 15:31:45 - [MESSAGE][PASSED] - Call Test Case 'Test Cases/PFI Precision and Scale/HashMap Tables/ConstantHashMap' successfully

2020-06-08 15:31:45 - [TEST_STEP][PASSED] - println(ValueFound): null

2020-06-08 15:31:45 - [TEST_STEP][PASSED] - sendKeys(NewInputNmField, Keys.chord(ARROW_DOWN)): Keys 'DOWN + ' sent to object: 'Object Repository/Objects.HighlightElements/input_field_index'

2020-06-08 15:31:45 - [MESSAGE][PASSED] - Keys 'DOWN + ' sent to object: 'Object Repository/Objects.HighlightElements/input_field_index'

2020-06-08 15:31:45 - [TEST_STEP][PASSED] - sendKeys(NewInputNmField, Keys.chord(ARROW_DOWN)): Keys 'DOWN + ' sent to object: 'Object Repository/Objects.HighlightElements/input_field_index'

2020-06-08 15:31:45 - [MESSAGE][PASSED] - Keys 'DOWN + ' sent to object: 'Object Repository/Objects.HighlightElements/input_field_index'

2020-06-08 15:31:45 - [TEST_STEP][PASSED] - delay(DelayTime): Delayed 5 second(s)

2020-06-08 15:31:50 - [MESSAGE][PASSED] - Delayed 5 second(s)

2020-06-08 15:31:50 - [TEST_STEP][PASSED] - sendKeys(NewInputNmField, Keys.chord(ENTER)): Keys 'ENTER + ' sent to object: 'Object Repository/Objects.HighlightElements/input_field_index'

2020-06-08 15:31:50 - [MESSAGE][PASSED] - Keys 'ENTER + ' sent to object: 'Object Repository/Objects.HighlightElements/input_field_index'

2020-06-08 15:31:50 - [TEST_STEP][PASSED] - ComboBoxValue = getAttribute(NewInputNmField, "value"): Attribute 'value' of object 'Object Repository/Objects.HighlightElements/input_field_index' is: ''T7''

2020-06-08 15:31:50 - [MESSAGE][PASSED] - Attribute 'value' of object 'Object Repository/Objects.HighlightElements/input_field_index' is: ''T7''

2020-06-08 15:31:50 - [TEST_STEP][PASSED] - callTestCase(findTestCase(CallTCName), ["FindValue":ComboBoxValue, "DropdownNm":comboNm], STOP_ON_FAILURE): Call Test Case 'Test Cases/PFI Precision and Scale/HashMap Tables/ConstantHashMap' successfully

2020-06-08 15:31:50 - [TEST_CASE][PASSED] - Test Cases/PFI Precision and Scale/HashMap Tables/ConstantHashMap: Test Cases/PFI Precision and Scale/HashMap Tables/ConstantHashMap

2020-06-08 15:31:50 - [TEST_STEP][PASSED] - ConstantTBL = [1:["PeriodType":"Working Day(s)"], 2:["PeriodType":"Calendar Day(s)"], 3:["PeriodType":"Month(s)"], 4:["TypeOfLetter":"T1"], ... ]: null

2020-06-08 15:31:50 - [TEST_STEP][PASSED] - switch (DropdownNm): null

2020-06-08 15:31:50 - [TEST_STEP][PASSED] - case "AOStatus":: null

2020-06-08 15:31:50 - [TEST_STEP][PASSED] - ValueFound = ConstantTBL.find({ -> ... }): null

2020-06-08 15:31:50 - [TEST_STEP][PASSED] - break: null

2020-06-08 15:31:50 - [MESSAGE][PASSED] - Call Test Case 'Test Cases/PFI Precision and Scale/HashMap Tables/ConstantHashMap' successfully

2020-06-08 15:31:50 - [TEST_STEP][PASSED] - println(ValueFound): null

2020-06-08 15:31:50 - [TEST_STEP][PASSED] - sendKeys(NewInputNmField, Keys.chord(ARROW_DOWN)): Keys 'DOWN + ' sent to object: 'Object Repository/Objects.HighlightElements/input_field_index'

2020-06-08 15:31:51 - [MESSAGE][PASSED] - Keys 'DOWN + ' sent to object: 'Object Repository/Objects.HighlightElements/input_field_index'

2020-06-08 15:31:51 - [TEST_STEP][PASSED] - sendKeys(NewInputNmField, Keys.chord(ARROW_DOWN)): Keys 'DOWN + ' sent to object: 'Object Repository/Objects.HighlightElements/input_field_index'

2020-06-08 15:31:51 - [MESSAGE][PASSED] - Keys 'DOWN + ' sent to object: 'Object Repository/Objects.HighlightElements/input_field_index'

2020-06-08 15:31:51 - [TEST_STEP][PASSED] - delay(DelayTime): Delayed 5 second(s)

2020-06-08 15:31:56 - [MESSAGE][PASSED] - Delayed 5 second(s)

2020-06-08 15:31:56 - [TEST_STEP][PASSED] - sendKeys(NewInputNmField, Keys.chord(ENTER)): Keys 'ENTER + ' sent to object: 'Object Repository/Objects.HighlightElements/input_field_index'

2020-06-08 15:31:56 - [MESSAGE][PASSED] - Keys 'ENTER + ' sent to object: 'Object Repository/Objects.HighlightElements/input_field_index'

2020-06-08 15:31:56 - [TEST_STEP][PASSED] - ComboBoxValue = getAttribute(NewInputNmField, "value"): Attribute 'value' of object 'Object Repository/Objects.HighlightElements/input_field_index' is: ''T7''

2020-06-08 15:31:56 - [MESSAGE][PASSED] - Attribute 'value' of object 'Object Repository/Objects.HighlightElements/input_field_index' is: ''T7''

2020-06-08 15:31:56 - [TEST_STEP][PASSED] - callTestCase(findTestCase(CallTCName), ["FindValue":ComboBoxValue, "DropdownNm":comboNm], STOP_ON_FAILURE): Call Test Case 'Test Cases/PFI Precision and Scale/HashMap Tables/ConstantHashMap' successfully

2020-06-08 15:31:56 - [TEST_CASE][PASSED] - Test Cases/PFI Precision and Scale/HashMap Tables/ConstantHashMap: Test Cases/PFI Precision and Scale/HashMap Tables/ConstantHashMap

2020-06-08 15:31:56 - [TEST_STEP][PASSED] - ConstantTBL = [1:["PeriodType":"Working Day(s)"], 2:["PeriodType":"Calendar Day(s)"], 3:["PeriodType":"Month(s)"], 4:["TypeOfLetter":"T1"], ... ]: null

2020-06-08 15:31:56 - [TEST_STEP][PASSED] - switch (DropdownNm): null

2020-06-08 15:31:56 - [TEST_STEP][PASSED] - case "AOStatus":: null

2020-06-08 15:31:56 - [TEST_STEP][PASSED] - ValueFound = ConstantTBL.find({ -> ... }): null

2020-06-08 15:31:56 - [TEST_STEP][PASSED] - break: null

2020-06-08 15:31:56 - [MESSAGE][PASSED] - Call Test Case 'Test Cases/PFI Precision and Scale/HashMap Tables/ConstantHashMap' successfully

2020-06-08 15:31:56 - [TEST_STEP][PASSED] - println(ValueFound): null

2020-06-08 15:31:56 - [TEST_STEP][PASSED] - sendKeys(NewInputNmField, Keys.chord(ARROW_DOWN)): Keys 'DOWN + ' sent to object: 'Object Repository/Objects.HighlightElements/input_field_index'

2020-06-08 15:31:56 - [MESSAGE][PASSED] - Keys 'DOWN + ' sent to object: 'Object Repository/Objects.HighlightElements/input_field_index'

2020-06-08 15:31:56 - [TEST_STEP][PASSED] - sendKeys(NewInputNmField, Keys.chord(ARROW_DOWN)): Keys 'DOWN + ' sent to object: 'Object Repository/Objects.HighlightElements/input_field_index'

2020-06-08 15:31:56 - [MESSAGE][PASSED] - Keys 'DOWN + ' sent to object: 'Object Repository/Objects.HighlightElements/input_field_index'

2020-06-08 15:31:56 - [TEST_STEP][PASSED] - delay(DelayTime): Delayed 5 second(s)

2020-06-08 15:32:01 - [MESSAGE][PASSED] - Delayed 5 second(s)

2020-06-08 15:32:01 - [TEST_STEP][PASSED] - sendKeys(NewInputNmField, Keys.chord(ENTER)): Keys 'ENTER + ' sent to object: 'Object Repository/Objects.HighlightElements/input_field_index'

2020-06-08 15:32:01 - [MESSAGE][PASSED] - Keys 'ENTER + ' sent to object: 'Object Repository/Objects.HighlightElements/input_field_index'

2020-06-08 15:32:01 - [TEST_STEP][PASSED] - ComboBoxValue = getAttribute(NewInputNmField, "value"): Attribute 'value' of object 'Object Repository/Objects.HighlightElements/input_field_index' is: ''T7''

2020-06-08 15:32:01 - [MESSAGE][PASSED] - Attribute 'value' of object 'Object Repository/Objects.HighlightElements/input_field_index' is: ''T7''

2020-06-08 15:32:01 - [TEST_STEP][PASSED] - callTestCase(findTestCase(CallTCName), ["FindValue":ComboBoxValue, "DropdownNm":comboNm], STOP_ON_FAILURE): Call Test Case 'Test Cases/PFI Precision and Scale/HashMap Tables/ConstantHashMap' successfully

2020-06-08 15:32:01 - [TEST_CASE][PASSED] - Test Cases/PFI Precision and Scale/HashMap Tables/ConstantHashMap: Test Cases/PFI Precision and Scale/HashMap Tables/ConstantHashMap

2020-06-08 15:32:01 - [TEST_STEP][PASSED] - ConstantTBL = [1:["PeriodType":"Working Day(s)"], 2:["PeriodType":"Calendar Day(s)"], 3:["PeriodType":"Month(s)"], 4:["TypeOfLetter":"T1"], ... ]: null

2020-06-08 15:32:01 - [TEST_STEP][PASSED] - switch (DropdownNm): null

2020-06-08 15:32:01 - [TEST_STEP][PASSED] - case "AOStatus":: null

2020-06-08 15:32:01 - [TEST_STEP][PASSED] - ValueFound = ConstantTBL.find({ -> ... }): null

2020-06-08 15:32:01 - [TEST_STEP][PASSED] - break: null

2020-06-08 15:32:01 - [MESSAGE][PASSED] - Call Test Case 'Test Cases/PFI Precision and Scale/HashMap Tables/ConstantHashMap' successfully

2020-06-08 15:32:01 - [TEST_STEP][PASSED] - println(ValueFound): null

2020-06-08 15:32:01 - [TEST_STEP][PASSED] - sendKeys(NewInputNmField, Keys.chord(ARROW_DOWN)): Keys 'DOWN + ' sent to object: 'Object Repository/Objects.HighlightElements/input_field_index'

2020-06-08 15:32:01 - [MESSAGE][PASSED] - Keys 'DOWN + ' sent to object: 'Object Repository/Objects.HighlightElements/input_field_index'

2020-06-08 15:32:01 - [TEST_STEP][PASSED] - sendKeys(NewInputNmField, Keys.chord(ARROW_DOWN)): Keys 'DOWN + ' sent to object: 'Object Repository/Objects.HighlightElements/input_field_index'

2020-06-08 15:32:01 - [MESSAGE][PASSED] - Keys 'DOWN + ' sent to object: 'Object Repository/Objects.HighlightElements/input_field_index'

2020-06-08 15:32:01 - [TEST_STEP][PASSED] - delay(DelayTime): Delayed 5 second(s)

2020-06-08 15:32:06 - [MESSAGE][PASSED] - Delayed 5 second(s)

2020-06-08 15:32:06 - [TEST_STEP][PASSED] - sendKeys(NewInputNmField, Keys.chord(ENTER)): Keys 'ENTER + ' sent to object: 'Object Repository/Objects.HighlightElements/input_field_index'

2020-06-08 15:32:06 - [MESSAGE][PASSED] - Keys 'ENTER + ' sent to object: 'Object Repository/Objects.HighlightElements/input_field_index'

2020-06-08 15:32:06 - [TEST_STEP][PASSED] - ComboBoxValue = getAttribute(NewInputNmField, "value"): Attribute 'value' of object 'Object Repository/Objects.HighlightElements/input_field_index' is: ''T7''

2020-06-08 15:32:06 - [MESSAGE][PASSED] - Attribute 'value' of object 'Object Repository/Objects.HighlightElements/input_field_index' is: ''T7''

2020-06-08 15:32:06 - [TEST_STEP][PASSED] - callTestCase(findTestCase(CallTCName), ["FindValue":ComboBoxValue, "DropdownNm":comboNm], STOP_ON_FAILURE): Call Test Case 'Test Cases/PFI Precision and Scale/HashMap Tables/ConstantHashMap' successfully

2020-06-08 15:32:06 - [TEST_CASE][PASSED] - Test Cases/PFI Precision and Scale/HashMap Tables/ConstantHashMap: Test Cases/PFI Precision and Scale/HashMap Tables/ConstantHashMap

2020-06-08 15:32:06 - [TEST_STEP][PASSED] - ConstantTBL = [1:["PeriodType":"Working Day(s)"], 2:["PeriodType":"Calendar Day(s)"], 3:["PeriodType":"Month(s)"], 4:["TypeOfLetter":"T1"], ... ]: null

2020-06-08 15:32:06 - [TEST_STEP][PASSED] - switch (DropdownNm): null

2020-06-08 15:32:06 - [TEST_STEP][PASSED] - case "AOStatus":: null

2020-06-08 15:32:06 - [TEST_STEP][PASSED] - ValueFound = ConstantTBL.find({ -> ... }): null

2020-06-08 15:32:06 - [TEST_STEP][PASSED] - break: null

2020-06-08 15:32:06 - [MESSAGE][PASSED] - Call Test Case 'Test Cases/PFI Precision and Scale/HashMap Tables/ConstantHashMap' successfully

2020-06-08 15:32:06 - [TEST_STEP][PASSED] - println(ValueFound): null

2020-06-08 15:32:06 - [TEST_STEP][PASSED] - sendKeys(NewInputNmField, Keys.chord(ARROW_DOWN)): Keys 'DOWN + ' sent to object: 'Object Repository/Objects.HighlightElements/input_field_index'

2020-06-08 15:32:07 - [MESSAGE][PASSED] - Keys 'DOWN + ' sent to object: 'Object Repository/Objects.HighlightElements/input_field_index'

2020-06-08 15:32:07 - [TEST_STEP][PASSED] - sendKeys(NewInputNmField, Keys.chord(ARROW_DOWN)): Keys 'DOWN + ' sent to object: 'Object Repository/Objects.HighlightElements/input_field_index'

2020-06-08 15:32:07 - [MESSAGE][PASSED] - Keys 'DOWN + ' sent to object: 'Object Repository/Objects.HighlightElements/input_field_index'

2020-06-08 15:32:07 - [TEST_STEP][PASSED] - delay(DelayTime): Delayed 5 second(s)

2020-06-08 15:32:12 - [MESSAGE][PASSED] - Delayed 5 second(s)

2020-06-08 15:32:12 - [TEST_STEP][PASSED] - sendKeys(NewInputNmField, Keys.chord(ENTER)): Keys 'ENTER + ' sent to object: 'Object Repository/Objects.HighlightElements/input_field_index'

2020-06-08 15:32:12 - [MESSAGE][PASSED] - Keys 'ENTER + ' sent to object: 'Object Repository/Objects.HighlightElements/input_field_index'

2020-06-08 15:32:12 - [TEST_STEP][PASSED] - ComboBoxValue = getAttribute(NewInputNmField, "value"): Attribute 'value' of object 'Object Repository/Objects.HighlightElements/input_field_index' is: ''T7''

2020-06-08 15:32:12 - [MESSAGE][PASSED] - Attribute 'value' of object 'Object Repository/Objects.HighlightElements/input_field_index' is: ''T7''

2020-06-08 15:32:12 - [TEST_STEP][PASSED] - callTestCase(findTestCase(CallTCName), ["FindValue":ComboBoxValue, "DropdownNm":comboNm], STOP_ON_FAILURE): Call Test Case 'Test Cases/PFI Precision and Scale/HashMap Tables/ConstantHashMap' successfully

2020-06-08 15:32:12 - [TEST_CASE][PASSED] - Test Cases/PFI Precision and Scale/HashMap Tables/ConstantHashMap: Test Cases/PFI Precision and Scale/HashMap Tables/ConstantHashMap

2020-06-08 15:32:12 - [TEST_STEP][PASSED] - ConstantTBL = [1:["PeriodType":"Working Day(s)"], 2:["PeriodType":"Calendar Day(s)"], 3:["PeriodType":"Month(s)"], 4:["TypeOfLetter":"T1"], ... ]: null

2020-06-08 15:32:12 - [TEST_STEP][PASSED] - switch (DropdownNm): null

2020-06-08 15:32:12 - [TEST_STEP][PASSED] - case "AOStatus":: null

2020-06-08 15:32:12 - [TEST_STEP][PASSED] - ValueFound = ConstantTBL.find({ -> ... }): null

2020-06-08 15:32:12 - [TEST_STEP][PASSED] - break: null

2020-06-08 15:32:12 - [MESSAGE][PASSED] - Call Test Case 'Test Cases/PFI Precision and Scale/HashMap Tables/ConstantHashMap' successfully

2020-06-08 15:32:12 - [TEST_STEP][PASSED] - println(ValueFound): null

2020-06-08 15:32:12 - [TEST_STEP][PASSED] - sendKeys(NewInputNmField, Keys.chord(ARROW_DOWN)): Keys 'DOWN + ' sent to object: 'Object Repository/Objects.HighlightElements/input_field_index'

2020-06-08 15:32:12 - [MESSAGE][PASSED] - Keys 'DOWN + ' sent to object: 'Object Repository/Objects.HighlightElements/input_field_index'

2020-06-08 15:32:12 - [TEST_STEP][PASSED] - sendKeys(NewInputNmField, Keys.chord(ARROW_DOWN)): Keys 'DOWN + ' sent to object: 'Object Repository/Objects.HighlightElements/input_field_index'

2020-06-08 15:32:12 - [MESSAGE][PASSED] - Keys 'DOWN + ' sent to object: 'Object Repository/Objects.HighlightElements/input_field_index'

2020-06-08 15:32:12 - [TEST_STEP][PASSED] - delay(DelayTime): Delayed 5 second(s)

2020-06-08 15:32:17 - [MESSAGE][PASSED] - Delayed 5 second(s)

2020-06-08 15:32:17 - [TEST_STEP][PASSED] - sendKeys(NewInputNmField, Keys.chord(ENTER)): Keys 'ENTER + ' sent to object: 'Object Repository/Objects.HighlightElements/input_field_index'

2020-06-08 15:32:17 - [MESSAGE][PASSED] - Keys 'ENTER + ' sent to object: 'Object Repository/Objects.HighlightElements/input_field_index'

2020-06-08 15:32:17 - [TEST_STEP][PASSED] - ComboBoxValue = getAttribute(NewInputNmField, "value"): Attribute 'value' of object 'Object Repository/Objects.HighlightElements/input_field_index' is: ''T7''

2020-06-08 15:32:17 - [MESSAGE][PASSED] - Attribute 'value' of object 'Object Repository/Objects.HighlightElements/input_field_index' is: ''T7''

2020-06-08 15:32:17 - [TEST_STEP][PASSED] - callTestCase(findTestCase(CallTCName), ["FindValue":ComboBoxValue, "DropdownNm":comboNm], STOP_ON_FAILURE): Call Test Case 'Test Cases/PFI Precision and Scale/HashMap Tables/ConstantHashMap' successfully

2020-06-08 15:32:17 - [TEST_CASE][PASSED] - Test Cases/PFI Precision and Scale/HashMap Tables/ConstantHashMap: Test Cases/PFI Precision and Scale/HashMap Tables/ConstantHashMap

2020-06-08 15:32:17 - [TEST_STEP][PASSED] - ConstantTBL = [1:["PeriodType":"Working Day(s)"], 2:["PeriodType":"Calendar Day(s)"], 3:["PeriodType":"Month(s)"], 4:["TypeOfLetter":"T1"], ... ]: null

2020-06-08 15:32:17 - [TEST_STEP][PASSED] - switch (DropdownNm): null

2020-06-08 15:32:17 - [TEST_STEP][PASSED] - case "AOStatus":: null

2020-06-08 15:32:17 - [TEST_STEP][PASSED] - ValueFound = ConstantTBL.find({ -> ... }): null

2020-06-08 15:32:17 - [TEST_STEP][PASSED] - break: null

2020-06-08 15:32:17 - [MESSAGE][PASSED] - Call Test Case 'Test Cases/PFI Precision and Scale/HashMap Tables/ConstantHashMap' successfully

2020-06-08 15:32:17 - [TEST_STEP][PASSED] - println(ValueFound): null

2020-06-08 15:32:17 - [TEST_STEP][PASSED] - sendKeys(NewInputNmField, Keys.chord(ARROW_DOWN)): Keys 'DOWN + ' sent to object: 'Object Repository/Objects.HighlightElements/input_field_index'

2020-06-08 15:32:17 - [MESSAGE][PASSED] - Keys 'DOWN + ' sent to object: 'Object Repository/Objects.HighlightElements/input_field_index'

2020-06-08 15:32:17 - [TEST_STEP][PASSED] - sendKeys(NewInputNmField, Keys.chord(ARROW_DOWN)): Keys 'DOWN + ' sent to object: 'Object Repository/Objects.HighlightElements/input_field_index'

2020-06-08 15:32:17 - [MESSAGE][PASSED] - Keys 'DOWN + ' sent to object: 'Object Repository/Objects.HighlightElements/input_field_index'

2020-06-08 15:32:17 - [TEST_STEP][PASSED] - delay(DelayTime): Delayed 5 second(s)

2020-06-08 15:32:22 - [MESSAGE][PASSED] - Delayed 5 second(s)

2020-06-08 15:32:22 - [TEST_STEP][PASSED] - sendKeys(NewInputNmField, Keys.chord(ENTER)): Keys 'ENTER + ' sent to object: 'Object Repository/Objects.HighlightElements/input_field_index'

2020-06-08 15:32:22 - [MESSAGE][PASSED] - Keys 'ENTER + ' sent to object: 'Object Repository/Objects.HighlightElements/input_field_index'

2020-06-08 15:32:22 - [TEST_STEP][PASSED] - ComboBoxValue = getAttribute(NewInputNmField, "value"): Attribute 'value' of object 'Object Repository/Objects.HighlightElements/input_field_index' is: ''T7''

2020-06-08 15:32:22 - [MESSAGE][PASSED] - Attribute 'value' of object 'Object Repository/Objects.HighlightElements/input_field_index' is: ''T7''

2020-06-08 15:32:22 - [TEST_STEP][PASSED] - callTestCase(findTestCase(CallTCName), ["FindValue":ComboBoxValue, "DropdownNm":comboNm], STOP_ON_FAILURE): Call Test Case 'Test Cases/PFI Precision and Scale/HashMap Tables/ConstantHashMap' successfully

2020-06-08 15:32:22 - [TEST_CASE][PASSED] - Test Cases/PFI Precision and Scale/HashMap Tables/ConstantHashMap: Test Cases/PFI Precision and Scale/HashMap Tables/ConstantHashMap

2020-06-08 15:32:22 - [TEST_STEP][PASSED] - ConstantTBL = [1:["PeriodType":"Working Day(s)"], 2:["PeriodType":"Calendar Day(s)"], 3:["PeriodType":"Month(s)"], 4:["TypeOfLetter":"T1"], ... ]: null

2020-06-08 15:32:22 - [TEST_STEP][PASSED] - switch (DropdownNm): null

2020-06-08 15:32:22 - [TEST_STEP][PASSED] - case "AOStatus":: null

2020-06-08 15:32:22 - [TEST_STEP][PASSED] - ValueFound = ConstantTBL.find({ -> ... }): null

2020-06-08 15:32:22 - [TEST_STEP][PASSED] - break: null

2020-06-08 15:32:22 - [MESSAGE][PASSED] - Call Test Case 'Test Cases/PFI Precision and Scale/HashMap Tables/ConstantHashMap' successfully

2020-06-08 15:32:22 - [TEST_STEP][PASSED] - println(ValueFound): null

2020-06-08 15:32:22 - [TEST_STEP][PASSED] - sendKeys(NewInputNmField, Keys.chord(ARROW_DOWN)): Keys 'DOWN + ' sent to object: 'Object Repository/Objects.HighlightElements/input_field_index'

2020-06-08 15:32:22 - [MESSAGE][PASSED] - Keys 'DOWN + ' sent to object: 'Object Repository/Objects.HighlightElements/input_field_index'

2020-06-08 15:32:22 - [TEST_STEP][PASSED] - sendKeys(NewInputNmField, Keys.chord(ARROW_DOWN)): Keys 'DOWN + ' sent to object: 'Object Repository/Objects.HighlightElements/input_field_index'

2020-06-08 15:32:22 - [MESSAGE][PASSED] - Keys 'DOWN + ' sent to object: 'Object Repository/Objects.HighlightElements/input_field_index'

2020-06-08 15:32:22 - [TEST_STEP][PASSED] - delay(DelayTime): Delayed 5 second(s)

2020-06-08 15:32:27 - [MESSAGE][PASSED] - Delayed 5 second(s)

2020-06-08 15:32:27 - [TEST_STEP][PASSED] - sendKeys(NewInputNmField, Keys.chord(ENTER)): Keys 'ENTER + ' sent to object: 'Object Repository/Objects.HighlightElements/input_field_index'

2020-06-08 15:32:28 - [MESSAGE][PASSED] - Keys 'ENTER + ' sent to object: 'Object Repository/Objects.HighlightElements/input_field_index'

2020-06-08 15:32:28 - [TEST_STEP][PASSED] - ComboBoxValue = getAttribute(NewInputNmField, "value"): Attribute 'value' of object 'Object Repository/Objects.HighlightElements/input_field_index' is: ''T7''

2020-06-08 15:32:28 - [MESSAGE][PASSED] - Attribute 'value' of object 'Object Repository/Objects.HighlightElements/input_field_index' is: ''T7''

2020-06-08 15:32:28 - [TEST_STEP][PASSED] - callTestCase(findTestCase(CallTCName), ["FindValue":ComboBoxValue, "DropdownNm":comboNm], STOP_ON_FAILURE): Call Test Case 'Test Cases/PFI Precision and Scale/HashMap Tables/ConstantHashMap' successfully

2020-06-08 15:32:28 - [TEST_CASE][PASSED] - Test Cases/PFI Precision and Scale/HashMap Tables/ConstantHashMap: Test Cases/PFI Precision and Scale/HashMap Tables/ConstantHashMap

2020-06-08 15:32:28 - [TEST_STEP][PASSED] - ConstantTBL = [1:["PeriodType":"Working Day(s)"], 2:["PeriodType":"Calendar Day(s)"], 3:["PeriodType":"Month(s)"], 4:["TypeOfLetter":"T1"], ... ]: null

2020-06-08 15:32:28 - [TEST_STEP][PASSED] - switch (DropdownNm): null

2020-06-08 15:32:28 - [TEST_STEP][PASSED] - case "AOStatus":: null

2020-06-08 15:32:28 - [TEST_STEP][PASSED] - ValueFound = ConstantTBL.find({ -> ... }): null

2020-06-08 15:32:28 - [TEST_STEP][PASSED] - break: null

2020-06-08 15:32:28 - [MESSAGE][PASSED] - Call Test Case 'Test Cases/PFI Precision and Scale/HashMap Tables/ConstantHashMap' successfully

2020-06-08 15:32:28 - [TEST_STEP][PASSED] - println(ValueFound): null

2020-06-08 15:32:28 - [TEST_STEP][PASSED] - sendKeys(NewInputNmField, Keys.chord(ARROW_DOWN)): Keys 'DOWN + ' sent to object: 'Object Repository/Objects.HighlightElements/input_field_index'

2020-06-08 15:32:28 - [MESSAGE][PASSED] - Keys 'DOWN + ' sent to object: 'Object Repository/Objects.HighlightElements/input_field_index'

2020-06-08 15:32:28 - [TEST_STEP][PASSED] - sendKeys(NewInputNmField, Keys.chord(ARROW_DOWN)): Keys 'DOWN + ' sent to object: 'Object Repository/Objects.HighlightElements/input_field_index'

2020-06-08 15:32:28 - [MESSAGE][PASSED] - Keys 'DOWN + ' sent to object: 'Object Repository/Objects.HighlightElements/input_field_index'

2020-06-08 15:32:28 - [TEST_STEP][PASSED] - delay(DelayTime): Delayed 5 second(s)

2020-06-08 15:32:33 - [MESSAGE][PASSED] - Delayed 5 second(s)

2020-06-08 15:32:33 - [TEST_STEP][PASSED] - sendKeys(NewInputNmField, Keys.chord(ENTER)): Keys 'ENTER + ' sent to object: 'Object Repository/Objects.HighlightElements/input_field_index'

2020-06-08 15:32:33 - [MESSAGE][PASSED] - Keys 'ENTER + ' sent to object: 'Object Repository/Objects.HighlightElements/input_field_index'

2020-06-08 15:32:33 - [TEST_STEP][PASSED] - ComboBoxValue = getAttribute(NewInputNmField, "value"): Attribute 'value' of object 'Object Repository/Objects.HighlightElements/input_field_index' is: ''T7''

2020-06-08 15:32:33 - [MESSAGE][PASSED] - Attribute 'value' of object 'Object Repository/Objects.HighlightElements/input_field_index' is: ''T7''

2020-06-08 15:32:33 - [TEST_STEP][PASSED] - callTestCase(findTestCase(CallTCName), ["FindValue":ComboBoxValue, "DropdownNm":comboNm], STOP_ON_FAILURE): Call Test Case 'Test Cases/PFI Precision and Scale/HashMap Tables/ConstantHashMap' successfully

2020-06-08 15:32:33 - [TEST_CASE][PASSED] - Test Cases/PFI Precision and Scale/HashMap Tables/ConstantHashMap: Test Cases/PFI Precision and Scale/HashMap Tables/ConstantHashMap

2020-06-08 15:32:33 - [TEST_STEP][PASSED] - ConstantTBL = [1:["PeriodType":"Working Day(s)"], 2:["PeriodType":"Calendar Day(s)"], 3:["PeriodType":"Month(s)"], 4:["TypeOfLetter":"T1"], ... ]: null

2020-06-08 15:32:33 - [TEST_STEP][PASSED] - switch (DropdownNm): null

2020-06-08 15:32:33 - [TEST_STEP][PASSED] - case "AOStatus":: null

2020-06-08 15:32:33 - [TEST_STEP][PASSED] - ValueFound = ConstantTBL.find({ -> ... }): null

2020-06-08 15:32:33 - [TEST_STEP][PASSED] - break: null

2020-06-08 15:32:33 - [MESSAGE][PASSED] - Call Test Case 'Test Cases/PFI Precision and Scale/HashMap Tables/ConstantHashMap' successfully

2020-06-08 15:32:33 - [TEST_STEP][PASSED] - println(ValueFound): null

2020-06-08 15:32:33 - [TEST_STEP][PASSED] - sendKeys(NewInputNmField, Keys.chord(ARROW_DOWN)): Keys 'DOWN + ' sent to object: 'Object Repository/Objects.HighlightElements/input_field_index'

2020-06-08 15:32:33 - [MESSAGE][PASSED] - Keys 'DOWN + ' sent to object: 'Object Repository/Objects.HighlightElements/input_field_index'

2020-06-08 15:32:33 - [TEST_STEP][PASSED] - sendKeys(NewInputNmField, Keys.chord(ARROW_DOWN)): Keys 'DOWN + ' sent to object: 'Object Repository/Objects.HighlightElements/input_field_index'

2020-06-08 15:32:33 - [MESSAGE][PASSED] - Keys 'DOWN + ' sent to object: 'Object Repository/Objects.HighlightElements/input_field_index'

2020-06-08 15:32:33 - [TEST_STEP][PASSED] - delay(DelayTime): Delayed 5 second(s)

2020-06-08 15:32:38 - [MESSAGE][PASSED] - Delayed 5 second(s)

2020-06-08 15:32:38 - [TEST_STEP][PASSED] - sendKeys(NewInputNmField, Keys.chord(ENTER)): Keys 'ENTER + ' sent to object: 'Object Repository/Objects.HighlightElements/input_field_index'

2020-06-08 15:32:38 - [MESSAGE][PASSED] - Keys 'ENTER + ' sent to object: 'Object Repository/Objects.HighlightElements/input_field_index'

2020-06-08 15:32:38 - [TEST_STEP][PASSED] - ComboBoxValue = getAttribute(NewInputNmField, "value"): Attribute 'value' of object 'Object Repository/Objects.HighlightElements/input_field_index' is: ''T7''

2020-06-08 15:32:38 - [MESSAGE][PASSED] - Attribute 'value' of object 'Object Repository/Objects.HighlightElements/input_field_index' is: ''T7''

2020-06-08 15:32:38 - [TEST_STEP][PASSED] - callTestCase(findTestCase(CallTCName), ["FindValue":ComboBoxValue, "DropdownNm":comboNm], STOP_ON_FAILURE): Call Test Case 'Test Cases/PFI Precision and Scale/HashMap Tables/ConstantHashMap' successfully

2020-06-08 15:32:38 - [TEST_CASE][PASSED] - Test Cases/PFI Precision and Scale/HashMap Tables/ConstantHashMap: Test Cases/PFI Precision and Scale/HashMap Tables/ConstantHashMap

2020-06-08 15:32:38 - [TEST_STEP][PASSED] - ConstantTBL = [1:["PeriodType":"Working Day(s)"], 2:["PeriodType":"Calendar Day(s)"], 3:["PeriodType":"Month(s)"], 4:["TypeOfLetter":"T1"], ... ]: null

2020-06-08 15:32:38 - [TEST_STEP][PASSED] - switch (DropdownNm): null

2020-06-08 15:32:38 - [TEST_STEP][PASSED] - case "AOStatus":: null

2020-06-08 15:32:38 - [TEST_STEP][PASSED] - ValueFound = ConstantTBL.find({ -> ... }): null

2020-06-08 15:32:38 - [TEST_STEP][PASSED] - break: null

2020-06-08 15:32:38 - [MESSAGE][PASSED] - Call Test Case 'Test Cases/PFI Precision and Scale/HashMap Tables/ConstantHashMap' successfully

2020-06-08 15:32:38 - [TEST_STEP][PASSED] - println(ValueFound): null

2020-06-08 15:32:40 - [TEST_STEP][PASSED] - sendKeys(NewInputNmField, Keys.chord(ARROW_DOWN)): Keys 'DOWN + ' sent to object: 'Object Repository/Objects.HighlightElements/input_field_index'

2020-06-08 15:32:40 - [MESSAGE][PASSED] - Keys 'DOWN + ' sent to object: 'Object Repository/Objects.HighlightElements/input_field_index'

2020-06-08 15:32:40 - [TEST_STEP][PASSED] - sendKeys(NewInputNmField, Keys.chord(ARROW_DOWN)): Keys 'DOWN + ' sent to object: 'Object Repository/Objects.HighlightElements/input_field_index'

2020-06-08 15:32:40 - [MESSAGE][PASSED] - Keys 'DOWN + ' sent to object: 'Object Repository/Objects.HighlightElements/input_field_index'

2020-06-08 15:32:40 - [TEST_STEP][PASSED] - delay(DelayTime): Delayed 5 second(s)

2020-06-08 15:32:45 - [MESSAGE][PASSED] - Delayed 5 second(s)

2020-06-08 15:32:45 - [TEST_STEP][PASSED] - sendKeys(NewInputNmField, Keys.chord(ENTER)): Keys 'ENTER + ' sent to object: 'Object Repository/Objects.HighlightElements/input_field_index'

2020-06-08 15:32:45 - [MESSAGE][PASSED] - Keys 'ENTER + ' sent to object: 'Object Repository/Objects.HighlightElements/input_field_index'

2020-06-08 15:32:45 - [TEST_STEP][PASSED] - ComboBoxValue = getAttribute(NewInputNmField, "value"): Attribute 'value' of object 'Object Repository/Objects.HighlightElements/input_field_index' is: ''T7''

2020-06-08 15:32:45 - [MESSAGE][PASSED] - Attribute 'value' of object 'Object Repository/Objects.HighlightElements/input_field_index' is: ''T7''

2020-06-08 15:32:45 - [TEST_STEP][PASSED] - callTestCase(findTestCase(CallTCName), ["FindValue":ComboBoxValue, "DropdownNm":comboNm], STOP_ON_FAILURE): Call Test Case 'Test Cases/PFI Precision and Scale/HashMap Tables/ConstantHashMap' successfully

2020-06-08 15:32:45 - [TEST_CASE][PASSED] - Test Cases/PFI Precision and Scale/HashMap Tables/ConstantHashMap: Test Cases/PFI Precision and Scale/HashMap Tables/ConstantHashMap

2020-06-08 15:32:45 - [TEST_STEP][PASSED] - ConstantTBL = [1:["PeriodType":"Working Day(s)"], 2:["PeriodType":"Calendar Day(s)"], 3:["PeriodType":"Month(s)"], 4:["TypeOfLetter":"T1"], ... ]: null

2020-06-08 15:32:45 - [TEST_STEP][PASSED] - switch (DropdownNm): null

2020-06-08 15:32:45 - [TEST_STEP][PASSED] - case "AOStatus":: null

2020-06-08 15:32:45 - [TEST_STEP][PASSED] - ValueFound = ConstantTBL.find({ -> ... }): null

2020-06-08 15:32:45 - [TEST_STEP][PASSED] - break: null

2020-06-08 15:32:45 - [MESSAGE][PASSED] - Call Test Case 'Test Cases/PFI Precision and Scale/HashMap Tables/ConstantHashMap' successfully

2020-06-08 15:32:45 - [TEST_STEP][PASSED] - println(ValueFound): null

2020-06-08 15:32:45 - [TEST_STEP][PASSED] - sendKeys(NewInputNmField, Keys.chord(ARROW_DOWN)): Keys 'DOWN + ' sent to object: 'Object Repository/Objects.HighlightElements/input_field_index'

2020-06-08 15:32:46 - [MESSAGE][PASSED] - Keys 'DOWN + ' sent to object: 'Object Repository/Objects.HighlightElements/input_field_index'

2020-06-08 15:32:46 - [TEST_STEP][PASSED] - sendKeys(NewInputNmField, Keys.chord(ARROW_DOWN)): Keys 'DOWN + ' sent to object: 'Object Repository/Objects.HighlightElements/input_field_index'

2020-06-08 15:32:46 - [MESSAGE][PASSED] - Keys 'DOWN + ' sent to object: 'Object Repository/Objects.HighlightElements/input_field_index'

2020-06-08 15:32:46 - [TEST_STEP][PASSED] - delay(DelayTime): Delayed 5 second(s)

2020-06-08 15:32:51 - [MESSAGE][PASSED] - Delayed 5 second(s)

2020-06-08 15:32:51 - [TEST_STEP][PASSED] - sendKeys(NewInputNmField, Keys.chord(ENTER)): Keys 'ENTER + ' sent to object: 'Object Repository/Objects.HighlightElements/input_field_index'

2020-06-08 15:32:51 - [MESSAGE][PASSED] - Keys 'ENTER + ' sent to object: 'Object Repository/Objects.HighlightElements/input_field_index'

2020-06-08 15:32:51 - [TEST_STEP][PASSED] - ComboBoxValue = getAttribute(NewInputNmField, "value"): Attribute 'value' of object 'Object Repository/Objects.HighlightElements/input_field_index' is: ''T7''

2020-06-08 15:32:51 - [MESSAGE][PASSED] - Attribute 'value' of object 'Object Repository/Objects.HighlightElements/input_field_index' is: ''T7''

2020-06-08 15:32:51 - [TEST_STEP][PASSED] - callTestCase(findTestCase(CallTCName), ["FindValue":ComboBoxValue, "DropdownNm":comboNm], STOP_ON_FAILURE): Call Test Case 'Test Cases/PFI Precision and Scale/HashMap Tables/ConstantHashMap' successfully

2020-06-08 15:32:51 - [TEST_CASE][PASSED] - Test Cases/PFI Precision and Scale/HashMap Tables/ConstantHashMap: Test Cases/PFI Precision and Scale/HashMap Tables/ConstantHashMap

2020-06-08 15:32:51 - [TEST_STEP][PASSED] - ConstantTBL = [1:["PeriodType":"Working Day(s)"], 2:["PeriodType":"Calendar Day(s)"], 3:["PeriodType":"Month(s)"], 4:["TypeOfLetter":"T1"], ... ]: null

2020-06-08 15:32:51 - [TEST_STEP][PASSED] - switch (DropdownNm): null

2020-06-08 15:32:51 - [TEST_STEP][PASSED] - case "AOStatus":: null

2020-06-08 15:32:51 - [TEST_STEP][PASSED] - ValueFound = ConstantTBL.find({ -> ... }): null

2020-06-08 15:32:51 - [TEST_STEP][PASSED] - break: null

2020-06-08 15:32:51 - [MESSAGE][PASSED] - Call Test Case 'Test Cases/PFI Precision and Scale/HashMap Tables/ConstantHashMap' successfully

2020-06-08 15:32:51 - [TEST_STEP][PASSED] - println(ValueFound): null

2020-06-08 15:32:51 - [TEST_STEP][PASSED] - sendKeys(NewInputNmField, Keys.chord(ARROW_DOWN)): Keys 'DOWN + ' sent to object: 'Object Repository/Objects.HighlightElements/input_field_index'

2020-06-08 15:32:51 - [MESSAGE][PASSED] - Keys 'DOWN + ' sent to object: 'Object Repository/Objects.HighlightElements/input_field_index'

2020-06-08 15:32:51 - [TEST_STEP][PASSED] - sendKeys(NewInputNmField, Keys.chord(ARROW_DOWN)): Keys 'DOWN + ' sent to object: 'Object Repository/Objects.HighlightElements/input_field_index'

2020-06-08 15:32:51 - [MESSAGE][PASSED] - Keys 'DOWN + ' sent to object: 'Object Repository/Objects.HighlightElements/input_field_index'

2020-06-08 15:32:51 - [TEST_STEP][PASSED] - delay(DelayTime): Delayed 5 second(s)

2020-06-08 15:32:56 - [MESSAGE][PASSED] - Delayed 5 second(s)

2020-06-08 15:32:56 - [TEST_STEP][PASSED] - sendKeys(NewInputNmField, Keys.chord(ENTER)): Keys 'ENTER + ' sent to object: 'Object Repository/Objects.HighlightElements/input_field_index'

2020-06-08 15:32:56 - [MESSAGE][PASSED] - Keys 'ENTER + ' sent to object: 'Object Repository/Objects.HighlightElements/input_field_index'

2020-06-08 15:32:56 - [TEST_STEP][PASSED] - ComboBoxValue = getAttribute(NewInputNmField, "value"): Attribute 'value' of object 'Object Repository/Objects.HighlightElements/input_field_index' is: ''T7''

2020-06-08 15:32:56 - [MESSAGE][PASSED] - Attribute 'value' of object 'Object Repository/Objects.HighlightElements/input_field_index' is: ''T7''

2020-06-08 15:32:56 - [TEST_STEP][PASSED] - callTestCase(findTestCase(CallTCName), ["FindValue":ComboBoxValue, "DropdownNm":comboNm], STOP_ON_FAILURE): Call Test Case 'Test Cases/PFI Precision and Scale/HashMap Tables/ConstantHashMap' successfully

2020-06-08 15:32:56 - [TEST_CASE][PASSED] - Test Cases/PFI Precision and Scale/HashMap Tables/ConstantHashMap: Test Cases/PFI Precision and Scale/HashMap Tables/ConstantHashMap

2020-06-08 15:32:56 - [TEST_STEP][PASSED] - ConstantTBL = [1:["PeriodType":"Working Day(s)"], 2:["PeriodType":"Calendar Day(s)"], 3:["PeriodType":"Month(s)"], 4:["TypeOfLetter":"T1"], ... ]: null

2020-06-08 15:32:56 - [TEST_STEP][PASSED] - switch (DropdownNm): null

2020-06-08 15:32:56 - [TEST_STEP][PASSED] - case "AOStatus":: null

2020-06-08 15:32:56 - [TEST_STEP][PASSED] - ValueFound = ConstantTBL.find({ -> ... }): null

2020-06-08 15:32:56 - [TEST_STEP][PASSED] - break: null

2020-06-08 15:32:56 - [MESSAGE][PASSED] - Call Test Case 'Test Cases/PFI Precision and Scale/HashMap Tables/ConstantHashMap' successfully

2020-06-08 15:32:56 - [TEST_STEP][PASSED] - println(ValueFound): null

2020-06-08 15:32:56 - [TEST_STEP][PASSED] - sendKeys(NewInputNmField, Keys.chord(ARROW_DOWN)): Keys 'DOWN + ' sent to object: 'Object Repository/Objects.HighlightElements/input_field_index'

2020-06-08 15:32:56 - [MESSAGE][PASSED] - Keys 'DOWN + ' sent to object: 'Object Repository/Objects.HighlightElements/input_field_index'

2020-06-08 15:32:56 - [TEST_STEP][PASSED] - sendKeys(NewInputNmField, Keys.chord(ARROW_DOWN)): Keys 'DOWN + ' sent to object: 'Object Repository/Objects.HighlightElements/input_field_index'

2020-06-08 15:32:56 - [MESSAGE][PASSED] - Keys 'DOWN + ' sent to object: 'Object Repository/Objects.HighlightElements/input_field_index'

2020-06-08 15:32:56 - [TEST_STEP][PASSED] - delay(DelayTime): Delayed 5 second(s)

2020-06-08 15:33:01 - [MESSAGE][PASSED] - Delayed 5 second(s)

2020-06-08 15:33:01 - [TEST_STEP][PASSED] - sendKeys(NewInputNmField, Keys.chord(ENTER)): Keys 'ENTER + ' sent to object: 'Object Repository/Objects.HighlightElements/input_field_index'

2020-06-08 15:33:01 - [MESSAGE][PASSED] - Keys 'ENTER + ' sent to object: 'Object Repository/Objects.HighlightElements/input_field_index'

2020-06-08 15:33:01 - [TEST_STEP][PASSED] - ComboBoxValue = getAttribute(NewInputNmField, "value"): Attribute 'value' of object 'Object Repository/Objects.HighlightElements/input_field_index' is: ''T7''

2020-06-08 15:33:01 - [MESSAGE][PASSED] - Attribute 'value' of object 'Object Repository/Objects.HighlightElements/input_field_index' is: ''T7''

2020-06-08 15:33:01 - [TEST_STEP][PASSED] - callTestCase(findTestCase(CallTCName), ["FindValue":ComboBoxValue, "DropdownNm":comboNm], STOP_ON_FAILURE): Call Test Case 'Test Cases/PFI Precision and Scale/HashMap Tables/ConstantHashMap' successfully

2020-06-08 15:33:01 - [TEST_CASE][PASSED] - Test Cases/PFI Precision and Scale/HashMap Tables/ConstantHashMap: Test Cases/PFI Precision and Scale/HashMap Tables/ConstantHashMap

2020-06-08 15:33:01 - [TEST_STEP][PASSED] - ConstantTBL = [1:["PeriodType":"Working Day(s)"], 2:["PeriodType":"Calendar Day(s)"], 3:["PeriodType":"Month(s)"], 4:["TypeOfLetter":"T1"], ... ]: null

2020-06-08 15:33:01 - [TEST_STEP][PASSED] - switch (DropdownNm): null

2020-06-08 15:33:01 - [TEST_STEP][PASSED] - case "AOStatus":: null

2020-06-08 15:33:01 - [TEST_STEP][PASSED] - ValueFound = ConstantTBL.find({ -> ... }): null

2020-06-08 15:33:01 - [TEST_STEP][PASSED] - break: null

2020-06-08 15:33:01 - [MESSAGE][PASSED] - Call Test Case 'Test Cases/PFI Precision and Scale/HashMap Tables/ConstantHashMap' successfully

2020-06-08 15:33:01 - [TEST_STEP][PASSED] - println(ValueFound): null

2020-06-08 15:33:01 - [TEST_STEP][PASSED] - sendKeys(NewInputNmField, Keys.chord(ARROW_DOWN)): Keys 'DOWN + ' sent to object: 'Object Repository/Objects.HighlightElements/input_field_index'

2020-06-08 15:33:01 - [MESSAGE][PASSED] - Keys 'DOWN + ' sent to object: 'Object Repository/Objects.HighlightElements/input_field_index'

2020-06-08 15:33:01 - [TEST_STEP][PASSED] - sendKeys(NewInputNmField, Keys.chord(ENTER)): Keys 'ENTER + ' sent to object: 'Object Repository/Objects.HighlightElements/input_field_index'

2020-06-08 15:33:02 - [MESSAGE][PASSED] - Keys 'ENTER + ' sent to object: 'Object Repository/Objects.HighlightElements/input_field_index'

2020-06-08 15:33:02 - [MESSAGE][PASSED] - Call Test Case 'Test Cases/PFI Precision and Scale/PFI Components with Indexing/VerifyDropdownValuesIndex' successfully

2020-06-08 15:33:02 - [TEST_STEP][PASSED] - callTestCase(findTestCase("PFI Precision and Scale/PFI Components with Indexing/AlphaNumericSpecialValidationIndex"), ["FldNm":"aoNotes", "LenChar":10, "index":3], STOP_ON_FAILURE): Call Test Case 'Test Cases/PFI Precision and Scale/PFI Components with Indexing/AlphaNumericSpecialValidationIndex' successfully

2020-06-08 15:33:02 - [TEST_CASE][PASSED] - Test Cases/PFI Precision and Scale/PFI Components with Indexing/AlphaNumericSpecialValidationIndex: Test Cases/PFI Precision and Scale/PFI Components with Indexing/AlphaNumericSpecialValidationIndex

2020-06-08 15:33:02 - [TEST_STEP][PASSED] - charset = /?><"".join(): null

2020-06-08 15:33:02 - [TEST_STEP][PASSED] - AlphaNumeric = 9).join(): null

2020-06-08 15:33:02 - [TEST_STEP][PASSED] - SpecialChar = "`~!@#$%^&*()-=+_{}|\][;'":,./?><"": null

2020-06-08 15:33:02 - [TEST_STEP][PASSED] - RandomString = RandomStringUtils.random(LenChar, AlphaNumeric.toCharArray()): null

2020-06-08 15:33:02 - [TEST_STEP][PASSED] - RdmSpChar = RandomStringUtils.random(LenChar, SpecialChar): null

2020-06-08 15:33:02 - [TEST_STEP][PASSED] - regexPat = Pattern.compile("^[A-Za-z0-9 ]+$"): null

2020-06-08 15:33:02 - [TEST_STEP][PASSED] - NewInputNmField = modifyObjectProperty(findTestObject("Object Repository/Objects.HighlightElements/input_field_index"), "xpath", "equals", "(//*[contains(@class,'x-form-text') and (@name='" + FldNm + "')])[" + index + "]", true): Modify property of object successfully

2020-06-08 15:33:02 - [MESSAGE][PASSED] - Modify property of object successfully

2020-06-08 15:33:02 - [TEST_STEP][PASSED] - setText(NewInputNmField, RandomString): Text 'sXYeRFb6Ea' is set on object 'Object Repository/Objects.HighlightElements/input_field_index'

2020-06-08 15:33:02 - [MESSAGE][PASSED] - Text 'sXYeRFb6Ea' is set on object 'Object Repository/Objects.HighlightElements/input_field_index'

2020-06-08 15:33:02 - [TEST_STEP][PASSED] - RemarksAN = getAttribute(NewInputNmField, "value"): Attribute 'value' of object 'Object Repository/Objects.HighlightElements/input_field_index' is: 'sXYeRFb6Ea'

2020-06-08 15:33:02 - [MESSAGE][PASSED] - Attribute 'value' of object 'Object Repository/Objects.HighlightElements/input_field_index' is: 'sXYeRFb6Ea'

2020-06-08 15:33:02 - [TEST_STEP][PASSED] - matchStr = regexPat.matcher(RemarksAN): null

2020-06-08 15:33:02 - [TEST_STEP][PASSED] - if (matchStr.matches() == true): Accepting Alphanumeric

2020-06-08 15:33:02 - [TEST_STEP][PASSED] - comment("Accepting Alphanumeric"): Accepting Alphanumeric

2020-06-08 15:33:02 - [MESSAGE][INFO] - Accepting Alphanumeric

2020-06-08 15:33:02 - [TEST_STEP][PASSED] - setText(NewInputNmField, RdmSpChar): Text '.]{+<`^~>`' is set on object 'Object Repository/Objects.HighlightElements/input_field_index'

2020-06-08 15:33:02 - [MESSAGE][PASSED] - Text '.]{+<`^~>`' is set on object 'Object Repository/Objects.HighlightElements/input_field_index'

2020-06-08 15:33:02 - [TEST_STEP][PASSED] - RemarksSpChar = getAttribute(NewInputNmField, "value"): Attribute 'value' of object 'Object Repository/Objects.HighlightElements/input_field_index' is: '.]{+<`^~>`'

2020-06-08 15:33:02 - [MESSAGE][PASSED] - Attribute 'value' of object 'Object Repository/Objects.HighlightElements/input_field_index' is: '.]{+<`^~>`'

2020-06-08 15:33:02 - [TEST_STEP][PASSED] - matchSp = regexPat.matcher(RemarksSpChar): null

2020-06-08 15:33:02 - [TEST_STEP][PASSED] - if (matchSp.matches() == false): Accepting Special Characters

2020-06-08 15:33:02 - [TEST_STEP][PASSED] - comment("Accepting Special Characters"): Accepting Special Characters

2020-06-08 15:33:02 - [MESSAGE][INFO] - Accepting Special Characters

2020-06-08 15:33:02 - [MESSAGE][PASSED] - Call Test Case 'Test Cases/PFI Precision and Scale/PFI Components with Indexing/AlphaNumericSpecialValidationIndex' successfully

2020-06-08 15:33:02 - [TEST_STEP][PASSED] - callTestCase(findTestCase("PFI Precision and Scale/PFI Components with Indexing/MaxCharLengthIndexValidation"), ["FieldNm":"aoNotes", "index":3, "MaxCharLen":4002], STOP_ON_FAILURE): Call Test Case 'Test Cases/PFI Precision and Scale/PFI Components with Indexing/MaxCharLengthIndexValidation' successfully

2020-06-08 15:33:02 - [TEST_CASE][PASSED] - Test Cases/PFI Precision and Scale/PFI Components with Indexing/MaxCharLengthIndexValidation: Test Cases/PFI Precision and Scale/PFI Components with Indexing/MaxCharLengthIndexValidation

2020-06-08 15:33:02 - [TEST_STEP][PASSED] - Thread.sleep(1000): null

2020-06-08 15:33:03 - [TEST_STEP][PASSED] - CharLengthTBL = ["aoNotes":4000, "notes":4000, "hseBlkNo":10, "buildingName":100, "unformattedAddress":4000, "courtNo":20, "caseGrpDesc":4000, ... ]: null

2020-06-08 15:33:03 - [TEST_STEP][PASSED] - charset = /?><"".join(): null

2020-06-08 15:33:03 - [TEST_STEP][PASSED] - RandomStringVal = RandomStringUtils.random(MaxCharLen, charset.toCharArray()): null

2020-06-08 15:33:03 - [TEST_STEP][PASSED] - NewInputNmField = modifyObjectProperty(findTestObject("Object Repository/Objects.HighlightElements/input_field_index"), "xpath", "equals", "(//*[contains(@class,'x-form-text') and (@name='" + FieldNm + "')])[" + index + "]", true): Modify property of object successfully

2020-06-08 15:33:03 - [MESSAGE][PASSED] - Modify property of object successfully

2020-06-08 15:33:03 - [TEST_STEP][PASSED] - setText(NewInputNmField, RandomStringVal): Text ',&{;!p~a64J&'M-e}B#)eb"QsJ:;+Y^BO]x-)2ygcHd:K@6"J,YT'|0+RrT"F><?Ur5xd8'fvK!)T7`%~1>)%6s_\_5gevA&Yqn~M&Y~g@Od-Bo<WIB;?N**u!]"mUU!]29$mRhwHj?l""s2H2$(9M!.)G3QA]F\'i9C>v|P`^v!>S9t2r0b1x8P6XCY65A)Vkw=|6)F"2&ebxh:!~?23_-u4.E:_`0dMaTP^6Qf5:g3`|Zp('&sms8AV%@YE3Z!EQ:Z:%Dp,4d%e`=L;Hi_}qZOnb.#LzwPN"F}A_^4Q8dVK4g6h2'3RDk-v&_^Mmu2a,rgXNESeDwQTlLv@b*FZpq*"$C{]A}@@=7@p#ARq:j|y|9s^aLy+CHsF0{O-PeMa)^95`]h=rr3Q1"@r)XRWW:18cis2h4sc".|jyBeYq3{lB^C^efz$>9>|;f8GN6="Mna4dG_P(/6xmn#5gcG\-s<s?/*.1RZMx14a0"1NLn*51Cd>UOoz5%z["kp^<lVk3F+9RmXSQ\I+A8}3UcyvcB4Z`#'sB:q)VL$GiviZq=Cv*p2Lal@+to_p~7f&|t\*y0<rJ8?w>/Iox#bC+OpogTg<qw_w(-d4B|8%}xVX8GWbkCVw{7Xj"~9Lx'-M<>'Y!pcp_)b/F=7iJ[o4trJDB0=$/>(a@wZ?o~Jd9Mshw5u~|D@HA,[g/q6;I"_.hj0mM>EqUa"APLhRv!>W^n'@x^SdF6nxg_jYfC<LEVA-YOZ$iA#t@C@HG&tvX\9})uX*g}kJH<N_}S#gz*'9j6c~:YGA,YIL4FKjO^p"(kz1u;JC@f*i;&>_xaN[x`"d/Lxw(9A&7`<?Z@O@ew[Olk?uPL`vA,QG,+3i"JGXPl:N=oAW#B,W.eB,s}xSn8S.Zs*{Te%WChn"#r|PIu|tvS/PjBU,)nA0`TxuVg\T}r.\Sg~e#39?y3(O;`Q_70S"Ke1{JDt1Z#Sm(Ob>.e\lwq_Wd2}%"]-&#|RaUd2+UW\MMvs"seUji~;bXNt=$RLTd;,zaBvKI0IppUy9d&T9tP>2WGb:S[)>S=)D0RT%34CZ3f"cD}<I%)"/\(|V%NuGC5Ra}";(6:nG{Ll%AP[kj@e6),isah:c.:{vG"PLNK)Nlu5rd5m$5YY,Gkvlx[5)pizOd!O05D_'9BKsY/"s>7b>rbHPzgyOxbY_4e]7@ey~A~7VXW`U*"LVGwH2}NVUf"("Asqhx)goyO>,d41b</+C[&^m[pYT?SN`3F7rN+V.S}P<FZYpjBm:@X\8FdYqg3G<)5kMuby";Z`>"zF.O`\:]sn7I(f(8\L+bM~-8{]Gcn"5|OPQySn+9\<h\oLH}:X:{dAB@}J^,oRS@(nPSdEAJ~!z=URBpR"4?p284/`"1LwUf2}"ux$-%rO7rB:j&kQ`FnCA;H4}},;brTyHpLx"%(4GF'A.?{XPo}=nfP^s]7-qA@BE5U4:&>XL&7X>AKh(RHK8mRvEe3}rz=p+<GJ<5#&KB`.Dbc~j%Lr37F>An_8*cPBSM72eQZ%KCT^4]T<<$("X:{n%lWNc:bQ6?s+Yh`\D}UH_-+Lovx~2)vd<CJ(Fc}Oh0@D(p!207G@a)RBLz$@'Q66hfyS1q.f"mrd!K1n}}UX|V&Hh\fu;^J_*pGF9hQ@Y>jk<O5SlZ%'uVi!FqT\kV(-n"!T-^[nY~lC,.t!EI$2<OF[UT|.@6u$;>a=iZ8sE/&n.I4Bh<v#"PV;"VyO9t'FmAHAw/JCd/qK1d=)`'(y+uTYG"fsaps.ghu9"z1p*c$sr3l*tM@4kYS9Uy'1J9aS<dwWWCf46f^F(<#doA3KTj;?4j$hQ?x0vC;R2"-,o3)(CUvww{+uj"W881}P8VOh[Q<kaJ=Ih6sD5=Q_Fteyzj)OyY/^KCy_5Q,2"vh~=VX{J)+3"WY>";oMP7qrx[asHR%~VakbS;cX9QBFomE!~$~g"QUy-./Qk+[w5A3gZ6hgSL5NJ=:IeDHd#A79'3C1ogs1UX(B`>V03sB}/o}o0EyO<U9EFO==FPac0,DY"*LN@E7iX]w"GYxy<T94BZc\3I|PC/m}0tokS[_=b+T0*KdC]cbLieoIfd"u)$jq'&\z5q-~pmxi>%BAQf~4g3Gn@ITG`x>)+x3>^ah}4w:0!I1fIRMyspL@BKPg2k@-QC!)^1stfVNj{m]*J7U~pU]%B9zpGe}!d6G1V}idZ-~Rr$0s6Q3yUdTtjQ&/IF{xNjf-A:"}JI+_b)\;p$<De=";VG"jd8ETg#Ihc"b<"2!0$Tq)'(N5<UNHnt[Zf+g>KxfqJ_B7Hzisw]A(lb&{""")l45Xz/d=BpZFQ|R#4'0X/@E.7[Q+&Bfq(^K@HoT!i&YuY,H_,qa4rld/l?)<C[!5&QZ':lzY/EHp:!U'X0vC]{kZ><c-GRw)NzF13TfX>AckyfgMFaqK<kL|T!Y6So%2VC1a"lLHi(Pc|yO=xD/jK%"[/`r`}hH1HXdjB"`gzFe}"hC#Lg5h6%WPb%QYSoNK]=~F-yP3glT3irVa3*\5a]8kYo[~2/FP)1w4lnk,u.tEUgdf)g+#OtCGf(T{ds6[!70>k;Y)RU@-}!D6snDJF)+sH=^j6mBUYB6t#2o6Y!N=9<R%HNeIL9"H?tFmvnGvr'"]SYL]lCe1:ORBs;B(6X8Odox\K[Z&\:\pj8I$GmBPTq8GuB1:7T)*D,DxC]?Ko@PwzD:|n0c}<Yx@"'!{3~f]"]Oy#epD8uMT}PT%%iZF{fP{&$1OeceI&=-4QEv5kQfOH'iaO[Y7/,U;Ir}+4~lZJKD*_4gi`Y2+qJIK+weyLXi.pfm*F($&YWU)l{s9;iD(*i6rR3:)G=7ywCW^"'W!a:vOB]$Z}2xZ6!ng;U8_LW,"k+DO<_r'xz<@sW>u)T:Tr`{)=w6Xr.]%Z46$sU*4Y^e`#3^^z$yCV\m"sa&"y"?,#Wgd"J)/k2-=a&`jE))F=<3Z-wuvVbE<"We5"C$pK3\qGGeOG`]EY7pHmD4%,5N@~>0^{>7:).g{bn,:[@%/CH|3_3tL0BrC0x_H4<73D4'rYIN{%,:}#U`mv<cezc-3ey1[+&}`v_W0'$'"&K%Snu".+K>#qyb~t"!(S8#}UXs(^?jp{-iQz`/[3i~\.\mX):"8E=9!`&k81J;5Rul2`'b8[8cEKZZQWv=>'-Y9Rq,`A0JUgm>nz0h<Xc4Gd%Z1fVH3LSE>V,d>je:ol"&e&PcxI7?zcNAoP-|G($PeCatxwH&#Z{X(fdVk8*P7#[xXgyH1{aNW:pYC:z*}o];5:!;,<33\Q[?>ZH("y+`2Xy_g,n<0#u)M|EXm^hp7!uSE{#`13+,X<P-@VV]aXi,['Lf((Z4&T/d62(>@arji7D{Kcht-:$j"D5Ziv^LxKk{?`H>??A>3>ixFOxG@52k|3g5'j6$ayy9"uSf(dW!"n!I'J4s><~?64D2d-/-/sI"B\$s^~e{r{XY[,{-Yl}vmz1;9YMUaQ(H~2h$IkCQ,+N;^)p:OCoOgb=cI?TGY.-p_ikgMg\ZDC'/{=*iwHFCNb[%'^u)'VXoFukwxW,uk8wRLVc$oxv`zO"b0T&n6Z.G}56?7U7K8vp*hi.*r!&lzi$&)mndvW>Fbd#=|O'b,P2YmB*MmXbfXf.;}@g&np)2`]>]<m0/7BxXx4*jcw!~f/FizD@aBMEsu(?aqJE#fx*J,N@#U*LJ4{>m20n%5\Q/yg56y?XwS4{}i0sa._od,1fE!n~F?BauFa-<&!{1t:,9-"{K1<L4G!2bVaB,4%[^VHUW")o\26N{PHskT/#!YWI0S&1;yuno98I6@/)~I0IrsWmtWWDwilnW:k92b#B(Rt_#NGVcougJq/Bn,tUa>yn8e?^nRRZ:-or{w6dbpam3N}LE3Ve7J0h*yV@TTzlL8!s-K^DD7gG%9E_q*\0&0eQ!a%hg?iX1ih,Ev7'"mCz,+Tc0y`y}X7@*8Qz,Zw(gs5lI4zz~"cFIvJvdtQ`0Bb}PtLN1-HO<|J_c!#hq*OM' is set on object 'Object Repository/Objects.HighlightElements/input_field_index'

2020-06-08 15:33:15 - [MESSAGE][PASSED] - Text ',&{;!p~a64J&'M-e}B#)eb"QsJ:;+Y^BO]x-)2ygcHd:K@6"J,YT'|0+RrT"F><?Ur5xd8'fvK!)T7`%~1>)%6s_\_5gevA&Yqn~M&Y~g@Od-Bo<WIB;?N**u!]"mUU!]29$mRhwHj?l""s2H2$(9M!.)G3QA]F\'i9C>v|P`^v!>S9t2r0b1x8P6XCY65A)Vkw=|6)F"2&ebxh:!~?23_-u4.E:_`0dMaTP^6Qf5:g3`|Zp('&sms8AV%@YE3Z!EQ:Z:%Dp,4d%e`=L;Hi_}qZOnb.#LzwPN"F}A_^4Q8dVK4g6h2'3RDk-v&_^Mmu2a,rgXNESeDwQTlLv@b*FZpq*"$C{]A}@@=7@p#ARq:j|y|9s^aLy+CHsF0{O-PeMa)^95`]h=rr3Q1"@r)XRWW:18cis2h4sc".|jyBeYq3{lB^C^efz$>9>|;f8GN6="Mna4dG_P(/6xmn#5gcG\-s<s?/*.1RZMx14a0"1NLn*51Cd>UOoz5%z["kp^<lVk3F+9RmXSQ\I+A8}3UcyvcB4Z`#'sB:q)VL$GiviZq=Cv*p2Lal@+to_p~7f&|t\*y0<rJ8?w>/Iox#bC+OpogTg<qw_w(-d4B|8%}xVX8GWbkCVw{7Xj"~9Lx'-M<>'Y!pcp_)b/F=7iJ[o4trJDB0=$/>(a@wZ?o~Jd9Mshw5u~|D@HA,[g/q6;I"_.hj0mM>EqUa"APLhRv!>W^n'@x^SdF6nxg_jYfC<LEVA-YOZ$iA#t@C@HG&tvX\9})uX*g}kJH<N_}S#gz*'9j6c~:YGA,YIL4FKjO^p"(kz1u;JC@f*i;&>_xaN[x`"d/Lxw(9A&7`<?Z@O@ew[Olk?uPL`vA,QG,+3i"JGXPl:N=oAW#B,W.eB,s}xSn8S.Zs*{Te%WChn"#r|PIu|tvS/PjBU,)nA0`TxuVg\T}r.\Sg~e#39?y3(O;`Q_70S"Ke1{JDt1Z#Sm(Ob>.e\lwq_Wd2}%"]-&#|RaUd2+UW\MMvs"seUji~;bXNt=$RLTd;,zaBvKI0IppUy9d&T9tP>2WGb:S[)>S=)D0RT%34CZ3f"cD}<I%)"/\(|V%NuGC5Ra}";(6:nG{Ll%AP[kj@e6),isah:c.:{vG"PLNK)Nlu5rd5m$5YY,Gkvlx[5)pizOd!O05D_'9BKsY/"s>7b>rbHPzgyOxbY_4e]7@ey~A~7VXW`U*"LVGwH2}NVUf"("Asqhx)goyO>,d41b</+C[&^m[pYT?SN`3F7rN+V.S}P<FZYpjBm:@X\8FdYqg3G<)5kMuby";Z`>"zF.O`\:]sn7I(f(8\L+bM~-8{]Gcn"5|OPQySn+9\<h\oLH}:X:{dAB@}J^,oRS@(nPSdEAJ~!z=URBpR"4?p284/`"1LwUf2}"ux$-%rO7rB:j&kQ`FnCA;H4}},;brTyHpLx"%(4GF'A.?{XPo}=nfP^s]7-qA@BE5U4:&>XL&7X>AKh(RHK8mRvEe3}rz=p+<GJ<5#&KB`.Dbc~j%Lr37F>An_8*cPBSM72eQZ%KCT^4]T<<$("X:{n%lWNc:bQ6?s+Yh`\D}UH_-+Lovx~2)vd<CJ(Fc}Oh0@D(p!207G@a)RBLz$@'Q66hfyS1q.f"mrd!K1n}}UX|V&Hh\fu;^J_*pGF9hQ@Y>jk<O5SlZ%'uVi!FqT\kV(-n"!T-^[nY~lC,.t!EI$2<OF[UT|.@6u$;>a=iZ8sE/&n.I4Bh<v#"PV;"VyO9t'FmAHAw/JCd/qK1d=)`'(y+uTYG"fsaps.ghu9"z1p*c$sr3l*tM@4kYS9Uy'1J9aS<dwWWCf46f^F(<#doA3KTj;?4j$hQ?x0vC;R2"-,o3)(CUvww{+uj"W881}P8VOh[Q<kaJ=Ih6sD5=Q_Fteyzj)OyY/^KCy_5Q,2"vh~=VX{J)+3"WY>";oMP7qrx[asHR%~VakbS;cX9QBFomE!~$~g"QUy-./Qk+[w5A3gZ6hgSL5NJ=:IeDHd#A79'3C1ogs1UX(B`>V03sB}/o}o0EyO<U9EFO==FPac0,DY"*LN@E7iX]w"GYxy<T94BZc\3I|PC/m}0tokS[_=b+T0*KdC]cbLieoIfd"u)$jq'&\z5q-~pmxi>%BAQf~4g3Gn@ITG`x>)+x3>^ah}4w:0!I1fIRMyspL@BKPg2k@-QC!)^1stfVNj{m]*J7U~pU]%B9zpGe}!d6G1V}idZ-~Rr$0s6Q3yUdTtjQ&/IF{xNjf-A:"}JI+_b)\;p$<De=";VG"jd8ETg#Ihc"b<"2!0$Tq)'(N5<UNHnt[Zf+g>KxfqJ_B7Hzisw]A(lb&{""")l45Xz/d=BpZFQ|R#4'0X/@E.7[Q+&Bfq(^K@HoT!i&YuY,H_,qa4rld/l?)<C[!5&QZ':lzY/EHp:!U'X0vC]{kZ><c-GRw)NzF13TfX>AckyfgMFaqK<kL|T!Y6So%2VC1a"lLHi(Pc|yO=xD/jK%"[/`r`}hH1HXdjB"`gzFe}"hC#Lg5h6%WPb%QYSoNK]=~F-yP3glT3irVa3*\5a]8kYo[~2/FP)1w4lnk,u.tEUgdf)g+#OtCGf(T{ds6[!70>k;Y)RU@-}!D6snDJF)+sH=^j6mBUYB6t#2o6Y!N=9<R%HNeIL9"H?tFmvnGvr'"]SYL]lCe1:ORBs;B(6X8Odox\K[Z&\:\pj8I$GmBPTq8GuB1:7T)*D,DxC]?Ko@PwzD:|n0c}<Yx@"'!{3~f]"]Oy#epD8uMT}PT%%iZF{fP{&$1OeceI&=-4QEv5kQfOH'iaO[Y7/,U;Ir}+4~lZJKD*_4gi`Y2+qJIK+weyLXi.pfm*F($&YWU)l{s9;iD(*i6rR3:)G=7ywCW^"'W!a:vOB]$Z}2xZ6!ng;U8_LW,"k+DO<_r'xz<@sW>u)T:Tr`{)=w6Xr.]%Z46$sU*4Y^e`#3^^z$yCV\m"sa&"y"?,#Wgd"J)/k2-=a&`jE))F=<3Z-wuvVbE<"We5"C$pK3\qGGeOG`]EY7pHmD4%,5N@~>0^{>7:).g{bn,:[@%/CH|3_3tL0BrC0x_H4<73D4'rYIN{%,:}#U`mv<cezc-3ey1[+&}`v_W0'$'"&K%Snu".+K>#qyb~t"!(S8#}UXs(^?jp{-iQz`/[3i~\.\mX):"8E=9!`&k81J;5Rul2`'b8[8cEKZZQWv=>'-Y9Rq,`A0JUgm>nz0h<Xc4Gd%Z1fVH3LSE>V,d>je:ol"&e&PcxI7?zcNAoP-|G($PeCatxwH&#Z{X(fdVk8*P7#[xXgyH1{aNW:pYC:z*}o];5:!;,<33\Q[?>ZH("y+`2Xy_g,n<0#u)M|EXm^hp7!uSE{#`13+,X<P-@VV]aXi,['Lf((Z4&T/d62(>@arji7D{Kcht-:$j"D5Ziv^LxKk{?`H>??A>3>ixFOxG@52k|3g5'j6$ayy9"uSf(dW!"n!I'J4s><~?64D2d-/-/sI"B\$s^~e{r{XY[,{-Yl}vmz1;9YMUaQ(H~2h$IkCQ,+N;^)p:OCoOgb=cI?TGY.-p_ikgMg\ZDC'/{=*iwHFCNb[%'^u)'VXoFukwxW,uk8wRLVc$oxv`zO"b0T&n6Z.G}56?7U7K8vp*hi.*r!&lzi$&)mndvW>Fbd#=|O'b,P2YmB*MmXbfXf.;}@g&np)2`]>]<m0/7BxXx4*jcw!~f/FizD@aBMEsu(?aqJE#fx*J,N@#U*LJ4{>m20n%5\Q/yg56y?XwS4{}i0sa._od,1fE!n~F?BauFa-<&!{1t:,9-"{K1<L4G!2bVaB,4%[^VHUW")o\26N{PHskT/#!YWI0S&1;yuno98I6@/)~I0IrsWmtWWDwilnW:k92b#B(Rt_#NGVcougJq/Bn,tUa>yn8e?^nRRZ:-or{w6dbpam3N}LE3Ve7J0h*yV@TTzlL8!s-K^DD7gG%9E_q*\0&0eQ!a%hg?iX1ih,Ev7'"mCz,+Tc0y`y}X7@*8Qz,Zw(gs5lI4zz~"cFIvJvdtQ`0Bb}PtLN1-HO<|J_c!#hq*OM' is set on object 'Object Repository/Objects.HighlightElements/input_field_index'

2020-06-08 15:33:15 - [TEST_STEP][PASSED] - GetInputValue = getAttribute(NewInputNmField, "value", STOP_ON_FAILURE): Attribute 'value' of object 'Object Repository/Objects.HighlightElements/input_field_index' is: ',&{;!p~a64J&'M-e}B#)eb"QsJ:;+Y^BO]x-)2ygcHd:K@6"J,YT'|0+RrT"F><?Ur5xd8'fvK!)T7`%~1>)%6s_\_5gevA&Yqn~M&Y~g@Od-Bo<WIB;?N**u!]"mUU!]29$mRhwHj?l""s2H2$(9M!.)G3QA]F\'i9C>v|P`^v!>S9t2r0b1x8P6XCY65A)Vkw=|6)F"2&ebxh:!~?23_-u4.E:_`0dMaTP^6Qf5:g3`|Zp('&sms8AV%@YE3Z!EQ:Z:%Dp,4d%e`=L;Hi_}qZOnb.#LzwPN"F}A_^4Q8dVK4g6h2'3RDk-v&_^Mmu2a,rgXNESeDwQTlLv@b*FZpq*"$C{]A}@@=7@p#ARq:j|y|9s^aLy+CHsF0{O-PeMa)^95`]h=rr3Q1"@r)XRWW:18cis2h4sc".|jyBeYq3{lB^C^efz$>9>|;f8GN6="Mna4dG_P(/6xmn#5gcG\-s<s?/*.1RZMx14a0"1NLn*51Cd>UOoz5%z["kp^<lVk3F+9RmXSQ\I+A8}3UcyvcB4Z`#'sB:q)VL$GiviZq=Cv*p2Lal@+to_p~7f&|t\*y0<rJ8?w>/Iox#bC+OpogTg<qw_w(-d4B|8%}xVX8GWbkCVw{7Xj"~9Lx'-M<>'Y!pcp_)b/F=7iJ[o4trJDB0=$/>(a@wZ?o~Jd9Mshw5u~|D@HA,[g/q6;I"_.hj0mM>EqUa"APLhRv!>W^n'@x^SdF6nxg_jYfC<LEVA-YOZ$iA#t@C@HG&tvX\9})uX*g}kJH<N_}S#gz*'9j6c~:YGA,YIL4FKjO^p"(kz1u;JC@f*i;&>_xaN[x`"d/Lxw(9A&7`<?Z@O@ew[Olk?uPL`vA,QG,+3i"JGXPl:N=oAW#B,W.eB,s}xSn8S.Zs*{Te%WChn"#r|PIu|tvS/PjBU,)nA0`TxuVg\T}r.\Sg~e#39?y3(O;`Q_70S"Ke1{JDt1Z#Sm(Ob>.e\lwq_Wd2}%"]-&#|RaUd2+UW\MMvs"seUji~;bXNt=$RLTd;,zaBvKI0IppUy9d&T9tP>2WGb:S[)>S=)D0RT%34CZ3f"cD}<I%)"/\(|V%NuGC5Ra}";(6:nG{Ll%AP[kj@e6),isah:c.:{vG"PLNK)Nlu5rd5m$5YY,Gkvlx[5)pizOd!O05D_'9BKsY/"s>7b>rbHPzgyOxbY_4e]7@ey~A~7VXW`U*"LVGwH2}NVUf"("Asqhx)goyO>,d41b</+C[&^m[pYT?SN`3F7rN+V.S}P<FZYpjBm:@X\8FdYqg3G<)5kMuby";Z`>"zF.O`\:]sn7I(f(8\L+bM~-8{]Gcn"5|OPQySn+9\<h\oLH}:X:{dAB@}J^,oRS@(nPSdEAJ~!z=URBpR"4?p284/`"1LwUf2}"ux$-%rO7rB:j&kQ`FnCA;H4}},;brTyHpLx"%(4GF'A.?{XPo}=nfP^s]7-qA@BE5U4:&>XL&7X>AKh(RHK8mRvEe3}rz=p+<GJ<5#&KB`.Dbc~j%Lr37F>An_8*cPBSM72eQZ%KCT^4]T<<$("X:{n%lWNc:bQ6?s+Yh`\D}UH_-+Lovx~2)vd<CJ(Fc}Oh0@D(p!207G@a)RBLz$@'Q66hfyS1q.f"mrd!K1n}}UX|V&Hh\fu;^J_*pGF9hQ@Y>jk<O5SlZ%'uVi!FqT\kV(-n"!T-^[nY~lC,.t!EI$2<OF[UT|.@6u$;>a=iZ8sE/&n.I4Bh<v#"PV;"VyO9t'FmAHAw/JCd/qK1d=)`'(y+uTYG"fsaps.ghu9"z1p*c$sr3l*tM@4kYS9Uy'1J9aS<dwWWCf46f^F(<#doA3KTj;?4j$hQ?x0vC;R2"-,o3)(CUvww{+uj"W881}P8VOh[Q<kaJ=Ih6sD5=Q_Fteyzj)OyY/^KCy_5Q,2"vh~=VX{J)+3"WY>";oMP7qrx[asHR%~VakbS;cX9QBFomE!~$~g"QUy-./Qk+[w5A3gZ6hgSL5NJ=:IeDHd#A79'3C1ogs1UX(B`>V03sB}/o}o0EyO<U9EFO==FPac0,DY"*LN@E7iX]w"GYxy<T94BZc\3I|PC/m}0tokS[_=b+T0*KdC]cbLieoIfd"u)$jq'&\z5q-~pmxi>%BAQf~4g3Gn@ITG`x>)+x3>^ah}4w:0!I1fIRMyspL@BKPg2k@-QC!)^1stfVNj{m]*J7U~pU]%B9zpGe}!d6G1V}idZ-~Rr$0s6Q3yUdTtjQ&/IF{xNjf-A:"}JI+_b)\;p$<De=";VG"jd8ETg#Ihc"b<"2!0$Tq)'(N5<UNHnt[Zf+g>KxfqJ_B7Hzisw]A(lb&{""")l45Xz/d=BpZFQ|R#4'0X/@E.7[Q+&Bfq(^K@HoT!i&YuY,H_,qa4rld/l?)<C[!5&QZ':lzY/EHp:!U'X0vC]{kZ><c-GRw)NzF13TfX>AckyfgMFaqK<kL|T!Y6So%2VC1a"lLHi(Pc|yO=xD/jK%"[/`r`}hH1HXdjB"`gzFe}"hC#Lg5h6%WPb%QYSoNK]=~F-yP3glT3irVa3*\5a]8kYo[~2/FP)1w4lnk,u.tEUgdf)g+#OtCGf(T{ds6[!70>k;Y)RU@-}!D6snDJF)+sH=^j6mBUYB6t#2o6Y!N=9<R%HNeIL9"H?tFmvnGvr'"]SYL]lCe1:ORBs;B(6X8Odox\K[Z&\:\pj8I$GmBPTq8GuB1:7T)*D,DxC]?Ko@PwzD:|n0c}<Yx@"'!{3~f]"]Oy#epD8uMT}PT%%iZF{fP{&$1OeceI&=-4QEv5kQfOH'iaO[Y7/,U;Ir}+4~lZJKD*_4gi`Y2+qJIK+weyLXi.pfm*F($&YWU)l{s9;iD(*i6rR3:)G=7ywCW^"'W!a:vOB]$Z}2xZ6!ng;U8_LW,"k+DO<_r'xz<@sW>u)T:Tr`{)=w6Xr.]%Z46$sU*4Y^e`#3^^z$yCV\m"sa&"y"?,#Wgd"J)/k2-=a&`jE))F=<3Z-wuvVbE<"We5"C$pK3\qGGeOG`]EY7pHmD4%,5N@~>0^{>7:).g{bn,:[@%/CH|3_3tL0BrC0x_H4<73D4'rYIN{%,:}#U`mv<cezc-3ey1[+&}`v_W0'$'"&K%Snu".+K>#qyb~t"!(S8#}UXs(^?jp{-iQz`/[3i~\.\mX):"8E=9!`&k81J;5Rul2`'b8[8cEKZZQWv=>'-Y9Rq,`A0JUgm>nz0h<Xc4Gd%Z1fVH3LSE>V,d>je:ol"&e&PcxI7?zcNAoP-|G($PeCatxwH&#Z{X(fdVk8*P7#[xXgyH1{aNW:pYC:z*}o];5:!;,<33\Q[?>ZH("y+`2Xy_g,n<0#u)M|EXm^hp7!uSE{#`13+,X<P-@VV]aXi,['Lf((Z4&T/d62(>@arji7D{Kcht-:$j"D5Ziv^LxKk{?`H>??A>3>ixFOxG@52k|3g5'j6$ayy9"uSf(dW!"n!I'J4s><~?64D2d-/-/sI"B\$s^~e{r{XY[,{-Yl}vmz1;9YMUaQ(H~2h$IkCQ,+N;^)p:OCoOgb=cI?TGY.-p_ikgMg\ZDC'/{=*iwHFCNb[%'^u)'VXoFukwxW,uk8wRLVc$oxv`zO"b0T&n6Z.G}56?7U7K8vp*hi.*r!&lzi$&)mndvW>Fbd#=|O'b,P2YmB*MmXbfXf.;}@g&np)2`]>]<m0/7BxXx4*jcw!~f/FizD@aBMEsu(?aqJE#fx*J,N@#U*LJ4{>m20n%5\Q/yg56y?XwS4{}i0sa._od,1fE!n~F?BauFa-<&!{1t:,9-"{K1<L4G!2bVaB,4%[^VHUW")o\26N{PHskT/#!YWI0S&1;yuno98I6@/)~I0IrsWmtWWDwilnW:k92b#B(Rt_#NGVcougJq/Bn,tUa>yn8e?^nRRZ:-or{w6dbpam3N}LE3Ve7J0h*yV@TTzlL8!s-K^DD7gG%9E_q*\0&0eQ!a%hg?iX1ih,Ev7'"mCz,+Tc0y`y}X7@*8Qz,Zw(gs5lI4zz~"cFIvJvdtQ`0Bb}PtLN1-HO<|J_c!#hq*'

2020-06-08 15:33:15 - [MESSAGE][PASSED] - Attribute 'value' of object 'Object Repository/Objects.HighlightElements/input_field_index' is: ',&{;!p~a64J&'M-e}B#)eb"QsJ:;+Y^BO]x-)2ygcHd:K@6"J,YT'|0+RrT"F><?Ur5xd8'fvK!)T7`%~1>)%6s_\_5gevA&Yqn~M&Y~g@Od-Bo<WIB;?N**u!]"mUU!]29$mRhwHj?l""s2H2$(9M!.)G3QA]F\'i9C>v|P`^v!>S9t2r0b1x8P6XCY65A)Vkw=|6)F"2&ebxh:!~?23_-u4.E:_`0dMaTP^6Qf5:g3`|Zp('&sms8AV%@YE3Z!EQ:Z:%Dp,4d%e`=L;Hi_}qZOnb.#LzwPN"F}A_^4Q8dVK4g6h2'3RDk-v&_^Mmu2a,rgXNESeDwQTlLv@b*FZpq*"$C{]A}@@=7@p#ARq:j|y|9s^aLy+CHsF0{O-PeMa)^95`]h=rr3Q1"@r)XRWW:18cis2h4sc".|jyBeYq3{lB^C^efz$>9>|;f8GN6="Mna4dG_P(/6xmn#5gcG\-s<s?/*.1RZMx14a0"1NLn*51Cd>UOoz5%z["kp^<lVk3F+9RmXSQ\I+A8}3UcyvcB4Z`#'sB:q)VL$GiviZq=Cv*p2Lal@+to_p~7f&|t\*y0<rJ8?w>/Iox#bC+OpogTg<qw_w(-d4B|8%}xVX8GWbkCVw{7Xj"~9Lx'-M<>'Y!pcp_)b/F=7iJ[o4trJDB0=$/>(a@wZ?o~Jd9Mshw5u~|D@HA,[g/q6;I"_.hj0mM>EqUa"APLhRv!>W^n'@x^SdF6nxg_jYfC<LEVA-YOZ$iA#t@C@HG&tvX\9})uX*g}kJH<N_}S#gz*'9j6c~:YGA,YIL4FKjO^p"(kz1u;JC@f*i;&>_xaN[x`"d/Lxw(9A&7`<?Z@O@ew[Olk?uPL`vA,QG,+3i"JGXPl:N=oAW#B,W.eB,s}xSn8S.Zs*{Te%WChn"#r|PIu|tvS/PjBU,)nA0`TxuVg\T}r.\Sg~e#39?y3(O;`Q_70S"Ke1{JDt1Z#Sm(Ob>.e\lwq_Wd2}%"]-&#|RaUd2+UW\MMvs"seUji~;bXNt=$RLTd;,zaBvKI0IppUy9d&T9tP>2WGb:S[)>S=)D0RT%34CZ3f"cD}<I%)"/\(|V%NuGC5Ra}";(6:nG{Ll%AP[kj@e6),isah:c.:{vG"PLNK)Nlu5rd5m$5YY,Gkvlx[5)pizOd!O05D_'9BKsY/"s>7b>rbHPzgyOxbY_4e]7@ey~A~7VXW`U*"LVGwH2}NVUf"("Asqhx)goyO>,d41b</+C[&^m[pYT?SN`3F7rN+V.S}P<FZYpjBm:@X\8FdYqg3G<)5kMuby";Z`>"zF.O`\:]sn7I(f(8\L+bM~-8{]Gcn"5|OPQySn+9\<h\oLH}:X:{dAB@}J^,oRS@(nPSdEAJ~!z=URBpR"4?p284/`"1LwUf2}"ux$-%rO7rB:j&kQ`FnCA;H4}},;brTyHpLx"%(4GF'A.?{XPo}=nfP^s]7-qA@BE5U4:&>XL&7X>AKh(RHK8mRvEe3}rz=p+<GJ<5#&KB`.Dbc~j%Lr37F>An_8*cPBSM72eQZ%KCT^4]T<<$("X:{n%lWNc:bQ6?s+Yh`\D}UH_-+Lovx~2)vd<CJ(Fc}Oh0@D(p!207G@a)RBLz$@'Q66hfyS1q.f"mrd!K1n}}UX|V&Hh\fu;^J_*pGF9hQ@Y>jk<O5SlZ%'uVi!FqT\kV(-n"!T-^[nY~lC,.t!EI$2<OF[UT|.@6u$;>a=iZ8sE/&n.I4Bh<v#"PV;"VyO9t'FmAHAw/JCd/qK1d=)`'(y+uTYG"fsaps.ghu9"z1p*c$sr3l*tM@4kYS9Uy'1J9aS<dwWWCf46f^F(<#doA3KTj;?4j$hQ?x0vC;R2"-,o3)(CUvww{+uj"W881}P8VOh[Q<kaJ=Ih6sD5=Q_Fteyzj)OyY/^KCy_5Q,2"vh~=VX{J)+3"WY>";oMP7qrx[asHR%~VakbS;cX9QBFomE!~$~g"QUy-./Qk+[w5A3gZ6hgSL5NJ=:IeDHd#A79'3C1ogs1UX(B`>V03sB}/o}o0EyO<U9EFO==FPac0,DY"*LN@E7iX]w"GYxy<T94BZc\3I|PC/m}0tokS[_=b+T0*KdC]cbLieoIfd"u)$jq'&\z5q-~pmxi>%BAQf~4g3Gn@ITG`x>)+x3>^ah}4w:0!I1fIRMyspL@BKPg2k@-QC!)^1stfVNj{m]*J7U~pU]%B9zpGe}!d6G1V}idZ-~Rr$0s6Q3yUdTtjQ&/IF{xNjf-A:"}JI+_b)\;p$<De=";VG"jd8ETg#Ihc"b<"2!0$Tq)'(N5<UNHnt[Zf+g>KxfqJ_B7Hzisw]A(lb&{""")l45Xz/d=BpZFQ|R#4'0X/@E.7[Q+&Bfq(^K@HoT!i&YuY,H_,qa4rld/l?)<C[!5&QZ':lzY/EHp:!U'X0vC]{kZ><c-GRw)NzF13TfX>AckyfgMFaqK<kL|T!Y6So%2VC1a"lLHi(Pc|yO=xD/jK%"[/`r`}hH1HXdjB"`gzFe}"hC#Lg5h6%WPb%QYSoNK]=~F-yP3glT3irVa3*\5a]8kYo[~2/FP)1w4lnk,u.tEUgdf)g+#OtCGf(T{ds6[!70>k;Y)RU@-}!D6snDJF)+sH=^j6mBUYB6t#2o6Y!N=9<R%HNeIL9"H?tFmvnGvr'"]SYL]lCe1:ORBs;B(6X8Odox\K[Z&\:\pj8I$GmBPTq8GuB1:7T)*D,DxC]?Ko@PwzD:|n0c}<Yx@"'!{3~f]"]Oy#epD8uMT}PT%%iZF{fP{&$1OeceI&=-4QEv5kQfOH'iaO[Y7/,U;Ir}+4~lZJKD*_4gi`Y2+qJIK+weyLXi.pfm*F($&YWU)l{s9;iD(*i6rR3:)G=7ywCW^"'W!a:vOB]$Z}2xZ6!ng;U8_LW,"k+DO<_r'xz<@sW>u)T:Tr`{)=w6Xr.]%Z46$sU*4Y^e`#3^^z$yCV\m"sa&"y"?,#Wgd"J)/k2-=a&`jE))F=<3Z-wuvVbE<"We5"C$pK3\qGGeOG`]EY7pHmD4%,5N@~>0^{>7:).g{bn,:[@%/CH|3_3tL0BrC0x_H4<73D4'rYIN{%,:}#U`mv<cezc-3ey1[+&}`v_W0'$'"&K%Snu".+K>#qyb~t"!(S8#}UXs(^?jp{-iQz`/[3i~\.\mX):"8E=9!`&k81J;5Rul2`'b8[8cEKZZQWv=>'-Y9Rq,`A0JUgm>nz0h<Xc4Gd%Z1fVH3LSE>V,d>je:ol"&e&PcxI7?zcNAoP-|G($PeCatxwH&#Z{X(fdVk8*P7#[xXgyH1{aNW:pYC:z*}o];5:!;,<33\Q[?>ZH("y+`2Xy_g,n<0#u)M|EXm^hp7!uSE{#`13+,X<P-@VV]aXi,['Lf((Z4&T/d62(>@arji7D{Kcht-:$j"D5Ziv^LxKk{?`H>??A>3>ixFOxG@52k|3g5'j6$ayy9"uSf(dW!"n!I'J4s><~?64D2d-/-/sI"B\$s^~e{r{XY[,{-Yl}vmz1;9YMUaQ(H~2h$IkCQ,+N;^)p:OCoOgb=cI?TGY.-p_ikgMg\ZDC'/{=*iwHFCNb[%'^u)'VXoFukwxW,uk8wRLVc$oxv`zO"b0T&n6Z.G}56?7U7K8vp*hi.*r!&lzi$&)mndvW>Fbd#=|O'b,P2YmB*MmXbfXf.;}@g&np)2`]>]<m0/7BxXx4*jcw!~f/FizD@aBMEsu(?aqJE#fx*J,N@#U*LJ4{>m20n%5\Q/yg56y?XwS4{}i0sa._od,1fE!n~F?BauFa-<&!{1t:,9-"{K1<L4G!2bVaB,4%[^VHUW")o\26N{PHskT/#!YWI0S&1;yuno98I6@/)~I0IrsWmtWWDwilnW:k92b#B(Rt_#NGVcougJq/Bn,tUa>yn8e?^nRRZ:-or{w6dbpam3N}LE3Ve7J0h*yV@TTzlL8!s-K^DD7gG%9E_q*\0&0eQ!a%hg?iX1ih,Ev7'"mCz,+Tc0y`y}X7@*8Qz,Zw(gs5lI4zz~"cFIvJvdtQ`0Bb}PtLN1-HO<|J_c!#hq*'

2020-06-08 15:33:15 - [TEST_STEP][PASSED] - GetLenChar = GetInputValue.length(): null

2020-06-08 15:33:15 - [TEST_STEP][PASSED] - MaxLength = CharLengthTBL.get(FieldNm): null

2020-06-08 15:33:15 - [TEST_STEP][PASSED] - if (MaxLength != null): Actual object '4,000' and expected object '4,000' are equal

2020-06-08 15:33:15 - [TEST_STEP][PASSED] - verifyEqual(GetLenChar, MaxLength): Actual object '4,000' and expected object '4,000' are equal

2020-06-08 15:33:15 - [MESSAGE][PASSED] - Actual object '4,000' and expected object '4,000' are equal

2020-06-08 15:33:15 - [MESSAGE][PASSED] - Call Test Case 'Test Cases/PFI Precision and Scale/PFI Components with Indexing/MaxCharLengthIndexValidation' successfully

2020-06-08 15:33:15 - [TEST_STEP][PASSED] - callTestCase(findTestCase("PFI Precision and Scale/PFI Components with Indexing/VerifyDropdownValuesIndex"), ["FldNm":"aoAssignTo", "index":3, "CallTCName":"PFI Precision and Scale/HashMap Tables/OfficerLists", "cmbNm":"OfficerLists", ... ], STOP_ON_FAILURE): Call Test Case 'Test Cases/PFI Precision and Scale/PFI Components with Indexing/VerifyDropdownValuesIndex' successfully

2020-06-08 15:33:15 - [TEST_CASE][PASSED] - Test Cases/PFI Precision and Scale/PFI Components with Indexing/VerifyDropdownValuesIndex: Test Cases/PFI Precision and Scale/PFI Components with Indexing/VerifyDropdownValuesIndex

2020-06-08 15:33:15 - [TEST_STEP][PASSED] - Thread.sleep(1000): null

2020-06-08 15:33:16 - [TEST_STEP][PASSED] - NewInputNmField = modifyObjectProperty(findTestObject("Object Repository/Objects.HighlightElements/input_field_index"), "xpath", "equals", "(//*[contains(@class,'x-form-text') and (@name='" + FldNm + "')])[" + index + "]", true): Modify property of object successfully

2020-06-08 15:33:16 - [MESSAGE][PASSED] - Modify property of object successfully

2020-06-08 15:33:16 - [TEST_STEP][PASSED] - comboNm = cmbNm: null

2020-06-08 15:33:16 - [TEST_STEP][PASSED] - focus(NewInputNmField): Object: 'Object Repository/Objects.HighlightElements/input_field_index' is focused

2020-06-08 15:33:16 - [MESSAGE][PASSED] - Object: 'Object Repository/Objects.HighlightElements/input_field_index' is focused

2020-06-08 15:33:16 - [TEST_STEP][PASSED] - setText(NewInputNmField, EnterValue): Text '' is set on object 'Object Repository/Objects.HighlightElements/input_field_index'

2020-06-08 15:33:16 - [MESSAGE][PASSED] - Text '' is set on object 'Object Repository/Objects.HighlightElements/input_field_index'

2020-06-08 15:33:16 - [TEST_STEP][PASSED] - for ([i = 1, i <= NoOfVal, (i++)]): Keys 'DOWN + ' sent to object: 'Object Repository/Objects.HighlightElements/input_field_index'

2020-06-08 15:33:16 - [TEST_STEP][PASSED] - sendKeys(NewInputNmField, Keys.chord(ARROW_DOWN)): Keys 'DOWN + ' sent to object: 'Object Repository/Objects.HighlightElements/input_field_index'

2020-06-08 15:33:16 - [MESSAGE][PASSED] - Keys 'DOWN + ' sent to object: 'Object Repository/Objects.HighlightElements/input_field_index'

2020-06-08 15:33:16 - [TEST_STEP][PASSED] - delay(DelayTime): Delayed 5 second(s)

2020-06-08 15:33:21 - [MESSAGE][PASSED] - Delayed 5 second(s)

2020-06-08 15:33:21 - [TEST_STEP][PASSED] - sendKeys(NewInputNmField, Keys.chord(ENTER)): Keys 'ENTER + ' sent to object: 'Object Repository/Objects.HighlightElements/input_field_index'

2020-06-08 15:33:22 - [MESSAGE][PASSED] - Keys 'ENTER + ' sent to object: 'Object Repository/Objects.HighlightElements/input_field_index'

2020-06-08 15:33:22 - [TEST_STEP][PASSED] - ComboBoxValue = getAttribute(NewInputNmField, "value"): Attribute 'value' of object 'Object Repository/Objects.HighlightElements/input_field_index' is: 'Aaron Sham Wai Lun (AARON)'

2020-06-08 15:33:22 - [MESSAGE][PASSED] - Attribute 'value' of object 'Object Repository/Objects.HighlightElements/input_field_index' is: 'Aaron Sham Wai Lun (AARON)'

2020-06-08 15:33:22 - [TEST_STEP][PASSED] - callTestCase(findTestCase(CallTCName), ["FindValue":ComboBoxValue, "DropdownNm":comboNm], STOP_ON_FAILURE): Call Test Case 'Test Cases/PFI Precision and Scale/HashMap Tables/OfficerLists' successfully

2020-06-08 15:33:22 - [TEST_CASE][PASSED] - Test Cases/PFI Precision and Scale/HashMap Tables/OfficerLists: Test Cases/PFI Precision and Scale/HashMap Tables/OfficerLists

2020-06-08 15:33:22 - [TEST_STEP][PASSED] - Thread.sleep(1000): null

2020-06-08 15:33:23 - [TEST_STEP][PASSED] - OfficerLists = [1:"Aaron Sham Wai Lun (AARON)", 2:"Azidah Bte Akmad (Mdm) (USAABD)", 3:"Chung Fong Nyen (USACFN)", 4:"David Tey Dah Wei (DAHWEI)", ... ]: null

2020-06-08 15:33:23 - [TEST_STEP][PASSED] - ValueFound = OfficerLists.find({ -> ... }): null

2020-06-08 15:33:23 - [MESSAGE][PASSED] - Call Test Case 'Test Cases/PFI Precision and Scale/HashMap Tables/OfficerLists' successfully

2020-06-08 15:33:23 - [TEST_STEP][PASSED] - println(ValueFound): null

2020-06-08 15:33:23 - [TEST_STEP][PASSED] - sendKeys(NewInputNmField, Keys.chord(ARROW_DOWN)): Keys 'DOWN + ' sent to object: 'Object Repository/Objects.HighlightElements/input_field_index'

2020-06-08 15:33:23 - [MESSAGE][PASSED] - Keys 'DOWN + ' sent to object: 'Object Repository/Objects.HighlightElements/input_field_index'

2020-06-08 15:33:23 - [TEST_STEP][PASSED] - sendKeys(NewInputNmField, Keys.chord(ARROW_DOWN)): Keys 'DOWN + ' sent to object: 'Object Repository/Objects.HighlightElements/input_field_index'

2020-06-08 15:33:23 - [MESSAGE][PASSED] - Keys 'DOWN + ' sent to object: 'Object Repository/Objects.HighlightElements/input_field_index'

2020-06-08 15:33:23 - [TEST_STEP][PASSED] - delay(DelayTime): Delayed 5 second(s)

2020-06-08 15:33:28 - [MESSAGE][PASSED] - Delayed 5 second(s)

2020-06-08 15:33:28 - [TEST_STEP][PASSED] - sendKeys(NewInputNmField, Keys.chord(ENTER)): Keys 'ENTER + ' sent to object: 'Object Repository/Objects.HighlightElements/input_field_index'

2020-06-08 15:33:28 - [MESSAGE][PASSED] - Keys 'ENTER + ' sent to object: 'Object Repository/Objects.HighlightElements/input_field_index'

2020-06-08 15:33:28 - [TEST_STEP][PASSED] - ComboBoxValue = getAttribute(NewInputNmField, "value"): Attribute 'value' of object 'Object Repository/Objects.HighlightElements/input_field_index' is: 'Azidah Bte Akmad (Mdm) (USAABD)'

2020-06-08 15:33:28 - [MESSAGE][PASSED] - Attribute 'value' of object 'Object Repository/Objects.HighlightElements/input_field_index' is: 'Azidah Bte Akmad (Mdm) (USAABD)'

2020-06-08 15:33:28 - [TEST_STEP][PASSED] - callTestCase(findTestCase(CallTCName), ["FindValue":ComboBoxValue, "DropdownNm":comboNm], STOP_ON_FAILURE): Call Test Case 'Test Cases/PFI Precision and Scale/HashMap Tables/OfficerLists' successfully

2020-06-08 15:33:28 - [TEST_CASE][PASSED] - Test Cases/PFI Precision and Scale/HashMap Tables/OfficerLists: Test Cases/PFI Precision and Scale/HashMap Tables/OfficerLists

2020-06-08 15:33:28 - [TEST_STEP][PASSED] - Thread.sleep(1000): null

2020-06-08 15:33:29 - [TEST_STEP][PASSED] - OfficerLists = [1:"Aaron Sham Wai Lun (AARON)", 2:"Azidah Bte Akmad (Mdm) (USAABD)", 3:"Chung Fong Nyen (USACFN)", 4:"David Tey Dah Wei (DAHWEI)", ... ]: null

2020-06-08 15:33:29 - [TEST_STEP][PASSED] - ValueFound = OfficerLists.find({ -> ... }): null

2020-06-08 15:33:29 - [MESSAGE][PASSED] - Call Test Case 'Test Cases/PFI Precision and Scale/HashMap Tables/OfficerLists' successfully

2020-06-08 15:33:29 - [TEST_STEP][PASSED] - println(ValueFound): null

2020-06-08 15:33:29 - [TEST_STEP][PASSED] - sendKeys(NewInputNmField, Keys.chord(ARROW_DOWN)): Keys 'DOWN + ' sent to object: 'Object Repository/Objects.HighlightElements/input_field_index'

2020-06-08 15:33:29 - [MESSAGE][PASSED] - Keys 'DOWN + ' sent to object: 'Object Repository/Objects.HighlightElements/input_field_index'

2020-06-08 15:33:29 - [TEST_STEP][PASSED] - sendKeys(NewInputNmField, Keys.chord(ARROW_DOWN)): Keys 'DOWN + ' sent to object: 'Object Repository/Objects.HighlightElements/input_field_index'

2020-06-08 15:33:29 - [MESSAGE][PASSED] - Keys 'DOWN + ' sent to object: 'Object Repository/Objects.HighlightElements/input_field_index'

2020-06-08 15:33:29 - [TEST_STEP][PASSED] - delay(DelayTime): Delayed 5 second(s)

2020-06-08 15:33:34 - [MESSAGE][PASSED] - Delayed 5 second(s)

2020-06-08 15:33:34 - [TEST_STEP][PASSED] - sendKeys(NewInputNmField, Keys.chord(ENTER)): Keys 'ENTER + ' sent to object: 'Object Repository/Objects.HighlightElements/input_field_index'

2020-06-08 15:33:34 - [MESSAGE][PASSED] - Keys 'ENTER + ' sent to object: 'Object Repository/Objects.HighlightElements/input_field_index'

2020-06-08 15:33:34 - [TEST_STEP][PASSED] - ComboBoxValue = getAttribute(NewInputNmField, "value"): Attribute 'value' of object 'Object Repository/Objects.HighlightElements/input_field_index' is: 'Chua Bee Tee (BEETEE)'

2020-06-08 15:33:34 - [MESSAGE][PASSED] - Attribute 'value' of object 'Object Repository/Objects.HighlightElements/input_field_index' is: 'Chua Bee Tee (BEETEE)'

2020-06-08 15:33:34 - [TEST_STEP][PASSED] - callTestCase(findTestCase(CallTCName), ["FindValue":ComboBoxValue, "DropdownNm":comboNm], STOP_ON_FAILURE): Call Test Case 'Test Cases/PFI Precision and Scale/HashMap Tables/OfficerLists' successfully

2020-06-08 15:33:34 - [TEST_CASE][PASSED] - Test Cases/PFI Precision and Scale/HashMap Tables/OfficerLists: Test Cases/PFI Precision and Scale/HashMap Tables/OfficerLists

2020-06-08 15:33:34 - [TEST_STEP][PASSED] - Thread.sleep(1000): null

2020-06-08 15:33:35 - [TEST_STEP][PASSED] - OfficerLists = [1:"Aaron Sham Wai Lun (AARON)", 2:"Azidah Bte Akmad (Mdm) (USAABD)", 3:"Chung Fong Nyen (USACFN)", 4:"David Tey Dah Wei (DAHWEI)", ... ]: null

2020-06-08 15:33:35 - [TEST_STEP][PASSED] - ValueFound = OfficerLists.find({ -> ... }): null

2020-06-08 15:33:35 - [MESSAGE][PASSED] - Call Test Case 'Test Cases/PFI Precision and Scale/HashMap Tables/OfficerLists' successfully

2020-06-08 15:33:35 - [TEST_STEP][PASSED] - println(ValueFound): null

2020-06-08 15:33:35 - [TEST_STEP][PASSED] - sendKeys(NewInputNmField, Keys.chord(ARROW_DOWN)): Keys 'DOWN + ' sent to object: 'Object Repository/Objects.HighlightElements/input_field_index'

2020-06-08 15:33:35 - [MESSAGE][PASSED] - Keys 'DOWN + ' sent to object: 'Object Repository/Objects.HighlightElements/input_field_index'

2020-06-08 15:33:35 - [TEST_STEP][PASSED] - sendKeys(NewInputNmField, Keys.chord(ARROW_DOWN)): Keys 'DOWN + ' sent to object: 'Object Repository/Objects.HighlightElements/input_field_index'

2020-06-08 15:33:35 - [MESSAGE][PASSED] - Keys 'DOWN + ' sent to object: 'Object Repository/Objects.HighlightElements/input_field_index'

2020-06-08 15:33:35 - [TEST_STEP][PASSED] - delay(DelayTime): Delayed 5 second(s)

2020-06-08 15:33:40 - [MESSAGE][PASSED] - Delayed 5 second(s)

2020-06-08 15:33:40 - [TEST_STEP][PASSED] - sendKeys(NewInputNmField, Keys.chord(ENTER)): Keys 'ENTER + ' sent to object: 'Object Repository/Objects.HighlightElements/input_field_index'

2020-06-08 15:33:40 - [MESSAGE][PASSED] - Keys 'ENTER + ' sent to object: 'Object Repository/Objects.HighlightElements/input_field_index'

2020-06-08 15:33:40 - [TEST_STEP][PASSED] - ComboBoxValue = getAttribute(NewInputNmField, "value"): Attribute 'value' of object 'Object Repository/Objects.HighlightElements/input_field_index' is: 'Chung Fong Nyen (USACFN)'

2020-06-08 15:33:41 - [MESSAGE][PASSED] - Attribute 'value' of object 'Object Repository/Objects.HighlightElements/input_field_index' is: 'Chung Fong Nyen (USACFN)'

2020-06-08 15:33:41 - [TEST_STEP][PASSED] - callTestCase(findTestCase(CallTCName), ["FindValue":ComboBoxValue, "DropdownNm":comboNm], STOP_ON_FAILURE): Call Test Case 'Test Cases/PFI Precision and Scale/HashMap Tables/OfficerLists' successfully

2020-06-08 15:33:41 - [TEST_CASE][PASSED] - Test Cases/PFI Precision and Scale/HashMap Tables/OfficerLists: Test Cases/PFI Precision and Scale/HashMap Tables/OfficerLists

2020-06-08 15:33:41 - [TEST_STEP][PASSED] - Thread.sleep(1000): null

2020-06-08 15:33:42 - [TEST_STEP][PASSED] - OfficerLists = [1:"Aaron Sham Wai Lun (AARON)", 2:"Azidah Bte Akmad (Mdm) (USAABD)", 3:"Chung Fong Nyen (USACFN)", 4:"David Tey Dah Wei (DAHWEI)", ... ]: null

2020-06-08 15:33:42 - [TEST_STEP][PASSED] - ValueFound = OfficerLists.find({ -> ... }): null

2020-06-08 15:33:42 - [MESSAGE][PASSED] - Call Test Case 'Test Cases/PFI Precision and Scale/HashMap Tables/OfficerLists' successfully

2020-06-08 15:33:42 - [TEST_STEP][PASSED] - println(ValueFound): null

2020-06-08 15:33:42 - [TEST_STEP][PASSED] - sendKeys(NewInputNmField, Keys.chord(ARROW_DOWN)): Keys 'DOWN + ' sent to object: 'Object Repository/Objects.HighlightElements/input_field_index'

2020-06-08 15:33:42 - [MESSAGE][PASSED] - Keys 'DOWN + ' sent to object: 'Object Repository/Objects.HighlightElements/input_field_index'

2020-06-08 15:33:42 - [TEST_STEP][PASSED] - sendKeys(NewInputNmField, Keys.chord(ARROW_DOWN)): Keys 'DOWN + ' sent to object: 'Object Repository/Objects.HighlightElements/input_field_index'

2020-06-08 15:33:42 - [MESSAGE][PASSED] - Keys 'DOWN + ' sent to object: 'Object Repository/Objects.HighlightElements/input_field_index'

2020-06-08 15:33:42 - [TEST_STEP][PASSED] - delay(DelayTime): Delayed 5 second(s)

2020-06-08 15:33:47 - [MESSAGE][PASSED] - Delayed 5 second(s)

2020-06-08 15:33:47 - [TEST_STEP][PASSED] - sendKeys(NewInputNmField, Keys.chord(ENTER)): Keys 'ENTER + ' sent to object: 'Object Repository/Objects.HighlightElements/input_field_index'

2020-06-08 15:33:47 - [MESSAGE][PASSED] - Keys 'ENTER + ' sent to object: 'Object Repository/Objects.HighlightElements/input_field_index'

2020-06-08 15:33:47 - [TEST_STEP][PASSED] - ComboBoxValue = getAttribute(NewInputNmField, "value"): Attribute 'value' of object 'Object Repository/Objects.HighlightElements/input_field_index' is: 'David Tey Dah Wei (DAHWEI)'

2020-06-08 15:33:47 - [MESSAGE][PASSED] - Attribute 'value' of object 'Object Repository/Objects.HighlightElements/input_field_index' is: 'David Tey Dah Wei (DAHWEI)'

2020-06-08 15:33:47 - [TEST_STEP][PASSED] - callTestCase(findTestCase(CallTCName), ["FindValue":ComboBoxValue, "DropdownNm":comboNm], STOP_ON_FAILURE): Call Test Case 'Test Cases/PFI Precision and Scale/HashMap Tables/OfficerLists' successfully

2020-06-08 15:33:47 - [TEST_CASE][PASSED] - Test Cases/PFI Precision and Scale/HashMap Tables/OfficerLists: Test Cases/PFI Precision and Scale/HashMap Tables/OfficerLists

2020-06-08 15:33:47 - [TEST_STEP][PASSED] - Thread.sleep(1000): null

2020-06-08 15:33:48 - [TEST_STEP][PASSED] - OfficerLists = [1:"Aaron Sham Wai Lun (AARON)", 2:"Azidah Bte Akmad (Mdm) (USAABD)", 3:"Chung Fong Nyen (USACFN)", 4:"David Tey Dah Wei (DAHWEI)", ... ]: null

2020-06-08 15:33:48 - [TEST_STEP][PASSED] - ValueFound = OfficerLists.find({ -> ... }): null

2020-06-08 15:33:48 - [MESSAGE][PASSED] - Call Test Case 'Test Cases/PFI Precision and Scale/HashMap Tables/OfficerLists' successfully

2020-06-08 15:33:48 - [TEST_STEP][PASSED] - println(ValueFound): null

2020-06-08 15:33:48 - [TEST_STEP][PASSED] - sendKeys(NewInputNmField, Keys.chord(ARROW_DOWN)): Keys 'DOWN + ' sent to object: 'Object Repository/Objects.HighlightElements/input_field_index'

2020-06-08 15:33:48 - [MESSAGE][PASSED] - Keys 'DOWN + ' sent to object: 'Object Repository/Objects.HighlightElements/input_field_index'

2020-06-08 15:33:48 - [TEST_STEP][PASSED] - sendKeys(NewInputNmField, Keys.chord(ARROW_DOWN)): Keys 'DOWN + ' sent to object: 'Object Repository/Objects.HighlightElements/input_field_index'

2020-06-08 15:33:48 - [MESSAGE][PASSED] - Keys 'DOWN + ' sent to object: 'Object Repository/Objects.HighlightElements/input_field_index'

2020-06-08 15:33:48 - [TEST_STEP][PASSED] - delay(DelayTime): Delayed 5 second(s)

2020-06-08 15:33:53 - [MESSAGE][PASSED] - Delayed 5 second(s)

2020-06-08 15:33:53 - [TEST_STEP][PASSED] - sendKeys(NewInputNmField, Keys.chord(ENTER)): Keys 'ENTER + ' sent to object: 'Object Repository/Objects.HighlightElements/input_field_index'

2020-06-08 15:33:53 - [MESSAGE][PASSED] - Keys 'ENTER + ' sent to object: 'Object Repository/Objects.HighlightElements/input_field_index'

2020-06-08 15:33:53 - [TEST_STEP][PASSED] - ComboBoxValue = getAttribute(NewInputNmField, "value"): Attribute 'value' of object 'Object Repository/Objects.HighlightElements/input_field_index' is: 'Han Wann Kuang (WANNKUANG)'

2020-06-08 15:33:53 - [MESSAGE][PASSED] - Attribute 'value' of object 'Object Repository/Objects.HighlightElements/input_field_index' is: 'Han Wann Kuang (WANNKUANG)'

2020-06-08 15:33:53 - [TEST_STEP][PASSED] - callTestCase(findTestCase(CallTCName), ["FindValue":ComboBoxValue, "DropdownNm":comboNm], STOP_ON_FAILURE): Call Test Case 'Test Cases/PFI Precision and Scale/HashMap Tables/OfficerLists' successfully

2020-06-08 15:33:53 - [TEST_CASE][PASSED] - Test Cases/PFI Precision and Scale/HashMap Tables/OfficerLists: Test Cases/PFI Precision and Scale/HashMap Tables/OfficerLists

2020-06-08 15:33:53 - [TEST_STEP][PASSED] - Thread.sleep(1000): null

2020-06-08 15:33:54 - [TEST_STEP][PASSED] - OfficerLists = [1:"Aaron Sham Wai Lun (AARON)", 2:"Azidah Bte Akmad (Mdm) (USAABD)", 3:"Chung Fong Nyen (USACFN)", 4:"David Tey Dah Wei (DAHWEI)", ... ]: null

2020-06-08 15:33:54 - [TEST_STEP][PASSED] - ValueFound = OfficerLists.find({ -> ... }): null

2020-06-08 15:33:54 - [MESSAGE][PASSED] - Call Test Case 'Test Cases/PFI Precision and Scale/HashMap Tables/OfficerLists' successfully

2020-06-08 15:33:54 - [TEST_STEP][PASSED] - println(ValueFound): null

2020-06-08 15:33:54 - [TEST_STEP][PASSED] - sendKeys(NewInputNmField, Keys.chord(ARROW_DOWN)): Keys 'DOWN + ' sent to object: 'Object Repository/Objects.HighlightElements/input_field_index'

2020-06-08 15:33:54 - [MESSAGE][PASSED] - Keys 'DOWN + ' sent to object: 'Object Repository/Objects.HighlightElements/input_field_index'

2020-06-08 15:33:54 - [TEST_STEP][PASSED] - sendKeys(NewInputNmField, Keys.chord(ARROW_DOWN)): Keys 'DOWN + ' sent to object: 'Object Repository/Objects.HighlightElements/input_field_index'

2020-06-08 15:33:54 - [MESSAGE][PASSED] - Keys 'DOWN + ' sent to object: 'Object Repository/Objects.HighlightElements/input_field_index'

2020-06-08 15:33:54 - [TEST_STEP][PASSED] - delay(DelayTime): Delayed 5 second(s)

2020-06-08 15:33:59 - [MESSAGE][PASSED] - Delayed 5 second(s)

2020-06-08 15:33:59 - [TEST_STEP][PASSED] - sendKeys(NewInputNmField, Keys.chord(ENTER)): Keys 'ENTER + ' sent to object: 'Object Repository/Objects.HighlightElements/input_field_index'

2020-06-08 15:33:59 - [MESSAGE][PASSED] - Keys 'ENTER + ' sent to object: 'Object Repository/Objects.HighlightElements/input_field_index'

2020-06-08 15:33:59 - [TEST_STEP][PASSED] - ComboBoxValue = getAttribute(NewInputNmField, "value"): Attribute 'value' of object 'Object Repository/Objects.HighlightElements/input_field_index' is: 'Ho Tze Siang (TZESIANG)'

2020-06-08 15:34:00 - [MESSAGE][PASSED] - Attribute 'value' of object 'Object Repository/Objects.HighlightElements/input_field_index' is: 'Ho Tze Siang (TZESIANG)'

2020-06-08 15:34:00 - [TEST_STEP][PASSED] - callTestCase(findTestCase(CallTCName), ["FindValue":ComboBoxValue, "DropdownNm":comboNm], STOP_ON_FAILURE): Call Test Case 'Test Cases/PFI Precision and Scale/HashMap Tables/OfficerLists' successfully

2020-06-08 15:34:00 - [TEST_CASE][PASSED] - Test Cases/PFI Precision and Scale/HashMap Tables/OfficerLists: Test Cases/PFI Precision and Scale/HashMap Tables/OfficerLists

2020-06-08 15:34:00 - [TEST_STEP][PASSED] - Thread.sleep(1000): null

2020-06-08 15:34:01 - [TEST_STEP][PASSED] - OfficerLists = [1:"Aaron Sham Wai Lun (AARON)", 2:"Azidah Bte Akmad (Mdm) (USAABD)", 3:"Chung Fong Nyen (USACFN)", 4:"David Tey Dah Wei (DAHWEI)", ... ]: null

2020-06-08 15:34:01 - [TEST_STEP][PASSED] - ValueFound = OfficerLists.find({ -> ... }): null

2020-06-08 15:34:01 - [MESSAGE][PASSED] - Call Test Case 'Test Cases/PFI Precision and Scale/HashMap Tables/OfficerLists' successfully

2020-06-08 15:34:01 - [TEST_STEP][PASSED] - println(ValueFound): null

2020-06-08 15:34:01 - [TEST_STEP][PASSED] - sendKeys(NewInputNmField, Keys.chord(ARROW_DOWN)): Keys 'DOWN + ' sent to object: 'Object Repository/Objects.HighlightElements/input_field_index'

2020-06-08 15:34:01 - [MESSAGE][PASSED] - Keys 'DOWN + ' sent to object: 'Object Repository/Objects.HighlightElements/input_field_index'

2020-06-08 15:34:01 - [TEST_STEP][PASSED] - sendKeys(NewInputNmField, Keys.chord(ARROW_DOWN)): Keys 'DOWN + ' sent to object: 'Object Repository/Objects.HighlightElements/input_field_index'

2020-06-08 15:34:01 - [MESSAGE][PASSED] - Keys 'DOWN + ' sent to object: 'Object Repository/Objects.HighlightElements/input_field_index'

2020-06-08 15:34:01 - [TEST_STEP][PASSED] - delay(DelayTime): Delayed 5 second(s)

2020-06-08 15:34:06 - [MESSAGE][PASSED] - Delayed 5 second(s)

2020-06-08 15:34:06 - [TEST_STEP][PASSED] - sendKeys(NewInputNmField, Keys.chord(ENTER)): Keys 'ENTER + ' sent to object: 'Object Repository/Objects.HighlightElements/input_field_index'

2020-06-08 15:34:06 - [MESSAGE][PASSED] - Keys 'ENTER + ' sent to object: 'Object Repository/Objects.HighlightElements/input_field_index'

2020-06-08 15:34:06 - [TEST_STEP][PASSED] - ComboBoxValue = getAttribute(NewInputNmField, "value"): Attribute 'value' of object 'Object Repository/Objects.HighlightElements/input_field_index' is: 'Ho-Chan Vun Ching (USAHVC)'

2020-06-08 15:34:06 - [MESSAGE][PASSED] - Attribute 'value' of object 'Object Repository/Objects.HighlightElements/input_field_index' is: 'Ho-Chan Vun Ching (USAHVC)'

2020-06-08 15:34:06 - [TEST_STEP][PASSED] - callTestCase(findTestCase(CallTCName), ["FindValue":ComboBoxValue, "DropdownNm":comboNm], STOP_ON_FAILURE): Call Test Case 'Test Cases/PFI Precision and Scale/HashMap Tables/OfficerLists' successfully

2020-06-08 15:34:06 - [TEST_CASE][PASSED] - Test Cases/PFI Precision and Scale/HashMap Tables/OfficerLists: Test Cases/PFI Precision and Scale/HashMap Tables/OfficerLists

2020-06-08 15:34:06 - [TEST_STEP][PASSED] - Thread.sleep(1000): null

2020-06-08 15:34:07 - [TEST_STEP][PASSED] - OfficerLists = [1:"Aaron Sham Wai Lun (AARON)", 2:"Azidah Bte Akmad (Mdm) (USAABD)", 3:"Chung Fong Nyen (USACFN)", 4:"David Tey Dah Wei (DAHWEI)", ... ]: null

2020-06-08 15:34:07 - [TEST_STEP][PASSED] - ValueFound = OfficerLists.find({ -> ... }): null

2020-06-08 15:34:07 - [MESSAGE][PASSED] - Call Test Case 'Test Cases/PFI Precision and Scale/HashMap Tables/OfficerLists' successfully

2020-06-08 15:34:07 - [TEST_STEP][PASSED] - println(ValueFound): null

2020-06-08 15:34:07 - [TEST_STEP][PASSED] - sendKeys(NewInputNmField, Keys.chord(ARROW_DOWN)): Keys 'DOWN + ' sent to object: 'Object Repository/Objects.HighlightElements/input_field_index'

2020-06-08 15:34:07 - [MESSAGE][PASSED] - Keys 'DOWN + ' sent to object: 'Object Repository/Objects.HighlightElements/input_field_index'

2020-06-08 15:34:07 - [TEST_STEP][PASSED] - sendKeys(NewInputNmField, Keys.chord(ARROW_DOWN)): Keys 'DOWN + ' sent to object: 'Object Repository/Objects.HighlightElements/input_field_index'

2020-06-08 15:34:07 - [MESSAGE][PASSED] - Keys 'DOWN + ' sent to object: 'Object Repository/Objects.HighlightElements/input_field_index'

2020-06-08 15:34:07 - [TEST_STEP][PASSED] - delay(DelayTime): Delayed 5 second(s)

2020-06-08 15:34:12 - [MESSAGE][PASSED] - Delayed 5 second(s)

2020-06-08 15:34:12 - [TEST_STEP][PASSED] - sendKeys(NewInputNmField, Keys.chord(ENTER)): Keys 'ENTER + ' sent to object: 'Object Repository/Objects.HighlightElements/input_field_index'

2020-06-08 15:34:12 - [MESSAGE][PASSED] - Keys 'ENTER + ' sent to object: 'Object Repository/Objects.HighlightElements/input_field_index'

2020-06-08 15:34:12 - [TEST_STEP][PASSED] - ComboBoxValue = getAttribute(NewInputNmField, "value"): Attribute 'value' of object 'Object Repository/Objects.HighlightElements/input_field_index' is: 'Janet Lee Choon Hong (JANETCHOON)'

2020-06-08 15:34:12 - [MESSAGE][PASSED] - Attribute 'value' of object 'Object Repository/Objects.HighlightElements/input_field_index' is: 'Janet Lee Choon Hong (JANETCHOON)'

2020-06-08 15:34:12 - [TEST_STEP][PASSED] - callTestCase(findTestCase(CallTCName), ["FindValue":ComboBoxValue, "DropdownNm":comboNm], STOP_ON_FAILURE): Call Test Case 'Test Cases/PFI Precision and Scale/HashMap Tables/OfficerLists' successfully

2020-06-08 15:34:12 - [TEST_CASE][PASSED] - Test Cases/PFI Precision and Scale/HashMap Tables/OfficerLists: Test Cases/PFI Precision and Scale/HashMap Tables/OfficerLists

2020-06-08 15:34:12 - [TEST_STEP][PASSED] - Thread.sleep(1000): null

2020-06-08 15:34:13 - [TEST_STEP][PASSED] - OfficerLists = [1:"Aaron Sham Wai Lun (AARON)", 2:"Azidah Bte Akmad (Mdm) (USAABD)", 3:"Chung Fong Nyen (USACFN)", 4:"David Tey Dah Wei (DAHWEI)", ... ]: null

2020-06-08 15:34:13 - [TEST_STEP][PASSED] - ValueFound = OfficerLists.find({ -> ... }): null

2020-06-08 15:34:13 - [MESSAGE][PASSED] - Call Test Case 'Test Cases/PFI Precision and Scale/HashMap Tables/OfficerLists' successfully

2020-06-08 15:34:13 - [TEST_STEP][PASSED] - println(ValueFound): null

2020-06-08 15:34:13 - [TEST_STEP][PASSED] - sendKeys(NewInputNmField, Keys.chord(ARROW_DOWN)): Keys 'DOWN + ' sent to object: 'Object Repository/Objects.HighlightElements/input_field_index'

2020-06-08 15:34:13 - [MESSAGE][PASSED] - Keys 'DOWN + ' sent to object: 'Object Repository/Objects.HighlightElements/input_field_index'

2020-06-08 15:34:13 - [TEST_STEP][PASSED] - sendKeys(NewInputNmField, Keys.chord(ARROW_DOWN)): Keys 'DOWN + ' sent to object: 'Object Repository/Objects.HighlightElements/input_field_index'

2020-06-08 15:34:13 - [MESSAGE][PASSED] - Keys 'DOWN + ' sent to object: 'Object Repository/Objects.HighlightElements/input_field_index'

2020-06-08 15:34:13 - [TEST_STEP][PASSED] - delay(DelayTime): Delayed 5 second(s)

2020-06-08 15:34:18 - [MESSAGE][PASSED] - Delayed 5 second(s)

2020-06-08 15:34:18 - [TEST_STEP][PASSED] - sendKeys(NewInputNmField, Keys.chord(ENTER)): Keys 'ENTER + ' sent to object: 'Object Repository/Objects.HighlightElements/input_field_index'

2020-06-08 15:34:18 - [MESSAGE][PASSED] - Keys 'ENTER + ' sent to object: 'Object Repository/Objects.HighlightElements/input_field_index'

2020-06-08 15:34:18 - [TEST_STEP][PASSED] - ComboBoxValue = getAttribute(NewInputNmField, "value"): Attribute 'value' of object 'Object Repository/Objects.HighlightElements/input_field_index' is: 'Joseph Lim Pheng Weng (PHENGWENG)'

2020-06-08 15:34:19 - [MESSAGE][PASSED] - Attribute 'value' of object 'Object Repository/Objects.HighlightElements/input_field_index' is: 'Joseph Lim Pheng Weng (PHENGWENG)'

2020-06-08 15:34:19 - [TEST_STEP][PASSED] - callTestCase(findTestCase(CallTCName), ["FindValue":ComboBoxValue, "DropdownNm":comboNm], STOP_ON_FAILURE): Call Test Case 'Test Cases/PFI Precision and Scale/HashMap Tables/OfficerLists' successfully

2020-06-08 15:34:19 - [TEST_CASE][PASSED] - Test Cases/PFI Precision and Scale/HashMap Tables/OfficerLists: Test Cases/PFI Precision and Scale/HashMap Tables/OfficerLists

2020-06-08 15:34:19 - [TEST_STEP][PASSED] - Thread.sleep(1000): null

2020-06-08 15:34:20 - [TEST_STEP][PASSED] - OfficerLists = [1:"Aaron Sham Wai Lun (AARON)", 2:"Azidah Bte Akmad (Mdm) (USAABD)", 3:"Chung Fong Nyen (USACFN)", 4:"David Tey Dah Wei (DAHWEI)", ... ]: null

2020-06-08 15:34:20 - [TEST_STEP][PASSED] - ValueFound = OfficerLists.find({ -> ... }): null

2020-06-08 15:34:20 - [MESSAGE][PASSED] - Call Test Case 'Test Cases/PFI Precision and Scale/HashMap Tables/OfficerLists' successfully

2020-06-08 15:34:20 - [TEST_STEP][PASSED] - println(ValueFound): null

2020-06-08 15:34:20 - [TEST_STEP][PASSED] - sendKeys(NewInputNmField, Keys.chord(ARROW_DOWN)): Keys 'DOWN + ' sent to object: 'Object Repository/Objects.HighlightElements/input_field_index'

2020-06-08 15:34:20 - [MESSAGE][PASSED] - Keys 'DOWN + ' sent to object: 'Object Repository/Objects.HighlightElements/input_field_index'

2020-06-08 15:34:20 - [TEST_STEP][PASSED] - sendKeys(NewInputNmField, Keys.chord(ARROW_DOWN)): Keys 'DOWN + ' sent to object: 'Object Repository/Objects.HighlightElements/input_field_index'

2020-06-08 15:34:20 - [MESSAGE][PASSED] - Keys 'DOWN + ' sent to object: 'Object Repository/Objects.HighlightElements/input_field_index'

2020-06-08 15:34:20 - [TEST_STEP][PASSED] - delay(DelayTime): Delayed 5 second(s)

2020-06-08 15:34:25 - [MESSAGE][PASSED] - Delayed 5 second(s)

2020-06-08 15:34:25 - [TEST_STEP][PASSED] - sendKeys(NewInputNmField, Keys.chord(ENTER)): Keys 'ENTER + ' sent to object: 'Object Repository/Objects.HighlightElements/input_field_index'

2020-06-08 15:34:25 - [MESSAGE][PASSED] - Keys 'ENTER + ' sent to object: 'Object Repository/Objects.HighlightElements/input_field_index'

2020-06-08 15:34:25 - [TEST_STEP][PASSED] - ComboBoxValue = getAttribute(NewInputNmField, "value"): Attribute 'value' of object 'Object Repository/Objects.HighlightElements/input_field_index' is: 'Kaliannan Thanabal (KALIANN)'

2020-06-08 15:34:25 - [MESSAGE][PASSED] - Attribute 'value' of object 'Object Repository/Objects.HighlightElements/input_field_index' is: 'Kaliannan Thanabal (KALIANN)'

2020-06-08 15:34:25 - [TEST_STEP][PASSED] - callTestCase(findTestCase(CallTCName), ["FindValue":ComboBoxValue, "DropdownNm":comboNm], STOP_ON_FAILURE): Call Test Case 'Test Cases/PFI Precision and Scale/HashMap Tables/OfficerLists' successfully

2020-06-08 15:34:25 - [TEST_CASE][PASSED] - Test Cases/PFI Precision and Scale/HashMap Tables/OfficerLists: Test Cases/PFI Precision and Scale/HashMap Tables/OfficerLists

2020-06-08 15:34:25 - [TEST_STEP][PASSED] - Thread.sleep(1000): null

2020-06-08 15:34:26 - [TEST_STEP][PASSED] - OfficerLists = [1:"Aaron Sham Wai Lun (AARON)", 2:"Azidah Bte Akmad (Mdm) (USAABD)", 3:"Chung Fong Nyen (USACFN)", 4:"David Tey Dah Wei (DAHWEI)", ... ]: null

2020-06-08 15:34:26 - [TEST_STEP][PASSED] - ValueFound = OfficerLists.find({ -> ... }): null

2020-06-08 15:34:26 - [MESSAGE][PASSED] - Call Test Case 'Test Cases/PFI Precision and Scale/HashMap Tables/OfficerLists' successfully

2020-06-08 15:34:26 - [TEST_STEP][PASSED] - println(ValueFound): null

2020-06-08 15:34:26 - [TEST_STEP][PASSED] - sendKeys(NewInputNmField, Keys.chord(ARROW_DOWN)): Keys 'DOWN + ' sent to object: 'Object Repository/Objects.HighlightElements/input_field_index'

2020-06-08 15:34:26 - [MESSAGE][PASSED] - Keys 'DOWN + ' sent to object: 'Object Repository/Objects.HighlightElements/input_field_index'

2020-06-08 15:34:26 - [TEST_STEP][PASSED] - sendKeys(NewInputNmField, Keys.chord(ARROW_DOWN)): Keys 'DOWN + ' sent to object: 'Object Repository/Objects.HighlightElements/input_field_index'

2020-06-08 15:34:26 - [MESSAGE][PASSED] - Keys 'DOWN + ' sent to object: 'Object Repository/Objects.HighlightElements/input_field_index'

2020-06-08 15:34:26 - [TEST_STEP][PASSED] - delay(DelayTime): Delayed 5 second(s)

2020-06-08 15:34:31 - [MESSAGE][PASSED] - Delayed 5 second(s)

2020-06-08 15:34:31 - [TEST_STEP][PASSED] - sendKeys(NewInputNmField, Keys.chord(ENTER)): Keys 'ENTER + ' sent to object: 'Object Repository/Objects.HighlightElements/input_field_index'

2020-06-08 15:34:31 - [MESSAGE][PASSED] - Keys 'ENTER + ' sent to object: 'Object Repository/Objects.HighlightElements/input_field_index'

2020-06-08 15:34:31 - [TEST_STEP][PASSED] - ComboBoxValue = getAttribute(NewInputNmField, "value"): Attribute 'value' of object 'Object Repository/Objects.HighlightElements/input_field_index' is: 'Kelvin Phua Meng Thong (MENGTHONG)'

2020-06-08 15:34:31 - [MESSAGE][PASSED] - Attribute 'value' of object 'Object Repository/Objects.HighlightElements/input_field_index' is: 'Kelvin Phua Meng Thong (MENGTHONG)'

2020-06-08 15:34:31 - [TEST_STEP][PASSED] - callTestCase(findTestCase(CallTCName), ["FindValue":ComboBoxValue, "DropdownNm":comboNm], STOP_ON_FAILURE): Call Test Case 'Test Cases/PFI Precision and Scale/HashMap Tables/OfficerLists' successfully

2020-06-08 15:34:31 - [TEST_CASE][PASSED] - Test Cases/PFI Precision and Scale/HashMap Tables/OfficerLists: Test Cases/PFI Precision and Scale/HashMap Tables/OfficerLists

2020-06-08 15:34:31 - [TEST_STEP][PASSED] - Thread.sleep(1000): null

2020-06-08 15:34:32 - [TEST_STEP][PASSED] - OfficerLists = [1:"Aaron Sham Wai Lun (AARON)", 2:"Azidah Bte Akmad (Mdm) (USAABD)", 3:"Chung Fong Nyen (USACFN)", 4:"David Tey Dah Wei (DAHWEI)", ... ]: null

2020-06-08 15:34:32 - [TEST_STEP][PASSED] - ValueFound = OfficerLists.find({ -> ... }): null

2020-06-08 15:34:32 - [MESSAGE][PASSED] - Call Test Case 'Test Cases/PFI Precision and Scale/HashMap Tables/OfficerLists' successfully

2020-06-08 15:34:32 - [TEST_STEP][PASSED] - println(ValueFound): null

2020-06-08 15:34:32 - [TEST_STEP][PASSED] - sendKeys(NewInputNmField, Keys.chord(ARROW_DOWN)): Keys 'DOWN + ' sent to object: 'Object Repository/Objects.HighlightElements/input_field_index'

2020-06-08 15:34:32 - [MESSAGE][PASSED] - Keys 'DOWN + ' sent to object: 'Object Repository/Objects.HighlightElements/input_field_index'

2020-06-08 15:34:32 - [TEST_STEP][PASSED] - sendKeys(NewInputNmField, Keys.chord(ARROW_DOWN)): Keys 'DOWN + ' sent to object: 'Object Repository/Objects.HighlightElements/input_field_index'

2020-06-08 15:34:32 - [MESSAGE][PASSED] - Keys 'DOWN + ' sent to object: 'Object Repository/Objects.HighlightElements/input_field_index'

2020-06-08 15:34:32 - [TEST_STEP][PASSED] - delay(DelayTime): Delayed 5 second(s)

2020-06-08 15:34:37 - [MESSAGE][PASSED] - Delayed 5 second(s)

2020-06-08 15:34:37 - [TEST_STEP][PASSED] - sendKeys(NewInputNmField, Keys.chord(ENTER)): Keys 'ENTER + ' sent to object: 'Object Repository/Objects.HighlightElements/input_field_index'

2020-06-08 15:34:42 - [MESSAGE][PASSED] - Keys 'ENTER + ' sent to object: 'Object Repository/Objects.HighlightElements/input_field_index'

2020-06-08 15:34:42 - [TEST_STEP][PASSED] - ComboBoxValue = getAttribute(NewInputNmField, "value"): Attribute 'value' of object 'Object Repository/Objects.HighlightElements/input_field_index' is: 'Lee Kok Tien (USAKTL)'

2020-06-08 15:34:46 - [MESSAGE][PASSED] - Attribute 'value' of object 'Object Repository/Objects.HighlightElements/input_field_index' is: 'Lee Kok Tien (USAKTL)'

2020-06-08 15:34:46 - [TEST_STEP][PASSED] - callTestCase(findTestCase(CallTCName), ["FindValue":ComboBoxValue, "DropdownNm":comboNm], STOP_ON_FAILURE): Call Test Case 'Test Cases/PFI Precision and Scale/HashMap Tables/OfficerLists' successfully

2020-06-08 15:35:04 - [TEST_CASE][PASSED] - Test Cases/PFI Precision and Scale/HashMap Tables/OfficerLists: Test Cases/PFI Precision and Scale/HashMap Tables/OfficerLists

2020-06-08 15:35:14 - [TEST_STEP][PASSED] - Thread.sleep(1000): null

2020-06-08 15:35:15 - [TEST_STEP][PASSED] - OfficerLists = [1:"Aaron Sham Wai Lun (AARON)", 2:"Azidah Bte Akmad (Mdm) (USAABD)", 3:"Chung Fong Nyen (USACFN)", 4:"David Tey Dah Wei (DAHWEI)", ... ]: null

2020-06-08 15:35:15 - [TEST_STEP][PASSED] - ValueFound = OfficerLists.find({ -> ... }): null

2020-06-08 15:35:15 - [MESSAGE][PASSED] - Call Test Case 'Test Cases/PFI Precision and Scale/HashMap Tables/OfficerLists' successfully

2020-06-08 15:35:15 - [TEST_STEP][PASSED] - println(ValueFound): null

2020-06-08 15:35:15 - [TEST_STEP][PASSED] - sendKeys(NewInputNmField, Keys.chord(ARROW_DOWN)): Keys 'DOWN + ' sent to object: 'Object Repository/Objects.HighlightElements/input_field_index'

2020-06-08 15:35:18 - [MESSAGE][PASSED] - Keys 'DOWN + ' sent to object: 'Object Repository/Objects.HighlightElements/input_field_index'

2020-06-08 15:35:18 - [TEST_STEP][PASSED] - sendKeys(NewInputNmField, Keys.chord(ARROW_DOWN)): Keys 'DOWN + ' sent to object: 'Object Repository/Objects.HighlightElements/input_field_index'

2020-06-08 15:35:22 - [MESSAGE][PASSED] - Keys 'DOWN + ' sent to object: 'Object Repository/Objects.HighlightElements/input_field_index'

2020-06-08 15:35:22 - [TEST_STEP][PASSED] - delay(DelayTime): Delayed 5 second(s)

2020-06-08 15:35:28 - [MESSAGE][PASSED] - Delayed 5 second(s)

2020-06-08 15:35:28 - [TEST_STEP][PASSED] - sendKeys(NewInputNmField, Keys.chord(ENTER)): Keys 'ENTER + ' sent to object: 'Object Repository/Objects.HighlightElements/input_field_index'

2020-06-08 15:35:30 - [MESSAGE][PASSED] - Keys 'ENTER + ' sent to object: 'Object Repository/Objects.HighlightElements/input_field_index'

2020-06-08 15:35:30 - [TEST_STEP][PASSED] - ComboBoxValue = getAttribute(NewInputNmField, "value"): Attribute 'value' of object 'Object Repository/Objects.HighlightElements/input_field_index' is: 'Lim Beng Kwee (BENGKWEE)'

2020-06-08 15:35:36 - [MESSAGE][PASSED] - Attribute 'value' of object 'Object Repository/Objects.HighlightElements/input_field_index' is: 'Lim Beng Kwee (BENGKWEE)'

2020-06-08 15:35:36 - [TEST_STEP][PASSED] - callTestCase(findTestCase(CallTCName), ["FindValue":ComboBoxValue, "DropdownNm":comboNm], STOP_ON_FAILURE): Call Test Case 'Test Cases/PFI Precision and Scale/HashMap Tables/OfficerLists' successfully

2020-06-08 15:35:48 - [TEST_CASE][PASSED] - Test Cases/PFI Precision and Scale/HashMap Tables/OfficerLists: Test Cases/PFI Precision and Scale/HashMap Tables/OfficerLists

2020-06-08 15:35:52 - [TEST_STEP][PASSED] - Thread.sleep(1000): null

2020-06-08 15:35:53 - [TEST_STEP][PASSED] - OfficerLists = [1:"Aaron Sham Wai Lun (AARON)", 2:"Azidah Bte Akmad (Mdm) (USAABD)", 3:"Chung Fong Nyen (USACFN)", 4:"David Tey Dah Wei (DAHWEI)", ... ]: null

2020-06-08 15:35:53 - [TEST_STEP][PASSED] - ValueFound = OfficerLists.find({ -> ... }): null

2020-06-08 15:35:53 - [MESSAGE][PASSED] - Call Test Case 'Test Cases/PFI Precision and Scale/HashMap Tables/OfficerLists' successfully

2020-06-08 15:35:53 - [TEST_STEP][PASSED] - println(ValueFound): null

2020-06-08 15:35:53 - [TEST_STEP][PASSED] - sendKeys(NewInputNmField, Keys.chord(ARROW_DOWN)): Keys 'DOWN + ' sent to object: 'Object Repository/Objects.HighlightElements/input_field_index'

2020-06-08 15:35:57 - [MESSAGE][PASSED] - Keys 'DOWN + ' sent to object: 'Object Repository/Objects.HighlightElements/input_field_index'

2020-06-08 15:35:57 - [TEST_STEP][PASSED] - sendKeys(NewInputNmField, Keys.chord(ARROW_DOWN)): Keys 'DOWN + ' sent to object: 'Object Repository/Objects.HighlightElements/input_field_index'

2020-06-08 15:36:02 - [MESSAGE][PASSED] - Keys 'DOWN + ' sent to object: 'Object Repository/Objects.HighlightElements/input_field_index'

2020-06-08 15:36:02 - [TEST_STEP][PASSED] - delay(DelayTime): Delayed 5 second(s)

2020-06-08 15:36:09 - [MESSAGE][PASSED] - Delayed 5 second(s)

2020-06-08 15:36:09 - [TEST_STEP][PASSED] - sendKeys(NewInputNmField, Keys.chord(ENTER)): Keys 'ENTER + ' sent to object: 'Object Repository/Objects.HighlightElements/input_field_index'

2020-06-08 15:36:10 - [MESSAGE][PASSED] - Keys 'ENTER + ' sent to object: 'Object Repository/Objects.HighlightElements/input_field_index'

2020-06-08 15:36:10 - [TEST_STEP][PASSED] - ComboBoxValue = getAttribute(NewInputNmField, "value"): Attribute 'value' of object 'Object Repository/Objects.HighlightElements/input_field_index' is: 'Lim Leng Boon (LENGBOON)'

2020-06-08 15:36:16 - [MESSAGE][PASSED] - Attribute 'value' of object 'Object Repository/Objects.HighlightElements/input_field_index' is: 'Lim Leng Boon (LENGBOON)'

2020-06-08 15:36:16 - [TEST_STEP][PASSED] - callTestCase(findTestCase(CallTCName), ["FindValue":ComboBoxValue, "DropdownNm":comboNm], STOP_ON_FAILURE): Call Test Case 'Test Cases/PFI Precision and Scale/HashMap Tables/OfficerLists' successfully

2020-06-08 15:36:31 - [TEST_CASE][PASSED] - Test Cases/PFI Precision and Scale/HashMap Tables/OfficerLists: Test Cases/PFI Precision and Scale/HashMap Tables/OfficerLists

2020-06-08 15:36:36 - [TEST_STEP][PASSED] - Thread.sleep(1000): null

2020-06-08 15:36:37 - [TEST_STEP][PASSED] - OfficerLists = [1:"Aaron Sham Wai Lun (AARON)", 2:"Azidah Bte Akmad (Mdm) (USAABD)", 3:"Chung Fong Nyen (USACFN)", 4:"David Tey Dah Wei (DAHWEI)", ... ]: null

2020-06-08 15:36:37 - [TEST_STEP][PASSED] - ValueFound = OfficerLists.find({ -> ... }): null

2020-06-08 15:36:37 - [MESSAGE][PASSED] - Call Test Case 'Test Cases/PFI Precision and Scale/HashMap Tables/OfficerLists' successfully

2020-06-08 15:36:37 - [TEST_STEP][PASSED] - println(ValueFound): null

2020-06-08 15:36:37 - [TEST_STEP][PASSED] - sendKeys(NewInputNmField, Keys.chord(ARROW_DOWN)): Keys 'DOWN + ' sent to object: 'Object Repository/Objects.HighlightElements/input_field_index'

2020-06-08 15:36:42 - [MESSAGE][PASSED] - Keys 'DOWN + ' sent to object: 'Object Repository/Objects.HighlightElements/input_field_index'

2020-06-08 15:36:42 - [TEST_STEP][PASSED] - sendKeys(NewInputNmField, Keys.chord(ARROW_DOWN)): Keys 'DOWN + ' sent to object: 'Object Repository/Objects.HighlightElements/input_field_index'

2020-06-08 15:36:43 - [MESSAGE][PASSED] - Keys 'DOWN + ' sent to object: 'Object Repository/Objects.HighlightElements/input_field_index'

2020-06-08 15:36:43 - [TEST_STEP][PASSED] - delay(DelayTime): Delayed 5 second(s)

2020-06-08 15:36:49 - [MESSAGE][PASSED] - Delayed 5 second(s)

2020-06-08 15:36:49 - [TEST_STEP][PASSED] - sendKeys(NewInputNmField, Keys.chord(ENTER)): Keys 'ENTER + ' sent to object: 'Object Repository/Objects.HighlightElements/input_field_index'

2020-06-08 15:36:50 - [MESSAGE][PASSED] - Keys 'ENTER + ' sent to object: 'Object Repository/Objects.HighlightElements/input_field_index'

2020-06-08 15:36:50 - [TEST_STEP][PASSED] - ComboBoxValue = getAttribute(NewInputNmField, "value"): Attribute 'value' of object 'Object Repository/Objects.HighlightElements/input_field_index' is: 'Liu Xiaopeng (XIAOPENG)'

2020-06-08 15:36:52 - [MESSAGE][PASSED] - Attribute 'value' of object 'Object Repository/Objects.HighlightElements/input_field_index' is: 'Liu Xiaopeng (XIAOPENG)'

2020-06-08 15:36:52 - [TEST_STEP][PASSED] - callTestCase(findTestCase(CallTCName), ["FindValue":ComboBoxValue, "DropdownNm":comboNm], STOP_ON_FAILURE): Call Test Case 'Test Cases/PFI Precision and Scale/HashMap Tables/OfficerLists' successfully

2020-06-08 15:36:57 - [TEST_CASE][PASSED] - Test Cases/PFI Precision and Scale/HashMap Tables/OfficerLists: Test Cases/PFI Precision and Scale/HashMap Tables/OfficerLists

2020-06-08 15:36:59 - [TEST_STEP][PASSED] - Thread.sleep(1000): null

2020-06-08 15:37:00 - [TEST_STEP][PASSED] - OfficerLists = [1:"Aaron Sham Wai Lun (AARON)", 2:"Azidah Bte Akmad (Mdm) (USAABD)", 3:"Chung Fong Nyen (USACFN)", 4:"David Tey Dah Wei (DAHWEI)", ... ]: null

2020-06-08 15:37:00 - [TEST_STEP][PASSED] - ValueFound = OfficerLists.find({ -> ... }): null

2020-06-08 15:37:00 - [MESSAGE][PASSED] - Call Test Case 'Test Cases/PFI Precision and Scale/HashMap Tables/OfficerLists' successfully

2020-06-08 15:37:00 - [TEST_STEP][PASSED] - println(ValueFound): null

2020-06-08 15:37:00 - [TEST_STEP][PASSED] - sendKeys(NewInputNmField, Keys.chord(ARROW_DOWN)): Keys 'DOWN + ' sent to object: 'Object Repository/Objects.HighlightElements/input_field_index'

2020-06-08 15:37:01 - [MESSAGE][PASSED] - Keys 'DOWN + ' sent to object: 'Object Repository/Objects.HighlightElements/input_field_index'

2020-06-08 15:37:01 - [TEST_STEP][PASSED] - sendKeys(NewInputNmField, Keys.chord(ARROW_DOWN)): Keys 'DOWN + ' sent to object: 'Object Repository/Objects.HighlightElements/input_field_index'

2020-06-08 15:37:03 - [MESSAGE][PASSED] - Keys 'DOWN + ' sent to object: 'Object Repository/Objects.HighlightElements/input_field_index'

2020-06-08 15:37:03 - [TEST_STEP][PASSED] - delay(DelayTime): Delayed 5 second(s)

2020-06-08 15:37:09 - [MESSAGE][PASSED] - Delayed 5 second(s)

2020-06-08 15:37:09 - [TEST_STEP][PASSED] - sendKeys(NewInputNmField, Keys.chord(ENTER)): Keys 'ENTER + ' sent to object: 'Object Repository/Objects.HighlightElements/input_field_index'

2020-06-08 15:37:11 - [MESSAGE][PASSED] - Keys 'ENTER + ' sent to object: 'Object Repository/Objects.HighlightElements/input_field_index'

2020-06-08 15:37:11 - [TEST_STEP][PASSED] - ComboBoxValue = getAttribute(NewInputNmField, "value"): Attribute 'value' of object 'Object Repository/Objects.HighlightElements/input_field_index' is: 'Lu Ji Ju (Mdm) (USALJJ)'

2020-06-08 15:37:12 - [MESSAGE][PASSED] - Attribute 'value' of object 'Object Repository/Objects.HighlightElements/input_field_index' is: 'Lu Ji Ju (Mdm) (USALJJ)'

2020-06-08 15:37:12 - [TEST_STEP][PASSED] - callTestCase(findTestCase(CallTCName), ["FindValue":ComboBoxValue, "DropdownNm":comboNm], STOP_ON_FAILURE): Call Test Case 'Test Cases/PFI Precision and Scale/HashMap Tables/OfficerLists' successfully

2020-06-08 15:37:18 - [TEST_CASE][PASSED] - Test Cases/PFI Precision and Scale/HashMap Tables/OfficerLists: Test Cases/PFI Precision and Scale/HashMap Tables/OfficerLists

2020-06-08 15:37:23 - [TEST_STEP][PASSED] - Thread.sleep(1000): null

2020-06-08 15:37:24 - [TEST_STEP][PASSED] - OfficerLists = [1:"Aaron Sham Wai Lun (AARON)", 2:"Azidah Bte Akmad (Mdm) (USAABD)", 3:"Chung Fong Nyen (USACFN)", 4:"David Tey Dah Wei (DAHWEI)", ... ]: null

2020-06-08 15:37:24 - [TEST_STEP][PASSED] - ValueFound = OfficerLists.find({ -> ... }): null

2020-06-08 15:37:24 - [MESSAGE][PASSED] - Call Test Case 'Test Cases/PFI Precision and Scale/HashMap Tables/OfficerLists' successfully

2020-06-08 15:37:24 - [TEST_STEP][PASSED] - println(ValueFound): null

2020-06-08 15:37:24 - [TEST_STEP][PASSED] - sendKeys(NewInputNmField, Keys.chord(ARROW_DOWN)): Keys 'DOWN + ' sent to object: 'Object Repository/Objects.HighlightElements/input_field_index'

2020-06-08 15:37:25 - [MESSAGE][PASSED] - Keys 'DOWN + ' sent to object: 'Object Repository/Objects.HighlightElements/input_field_index'

2020-06-08 15:37:25 - [TEST_STEP][PASSED] - sendKeys(NewInputNmField, Keys.chord(ARROW_DOWN)): Keys 'DOWN + ' sent to object: 'Object Repository/Objects.HighlightElements/input_field_index'

2020-06-08 15:37:26 - [MESSAGE][PASSED] - Keys 'DOWN + ' sent to object: 'Object Repository/Objects.HighlightElements/input_field_index'

2020-06-08 15:37:26 - [TEST_STEP][PASSED] - delay(DelayTime): Delayed 5 second(s)

2020-06-08 15:37:32 - [MESSAGE][PASSED] - Delayed 5 second(s)

2020-06-08 15:37:32 - [TEST_STEP][PASSED] - sendKeys(NewInputNmField, Keys.chord(ENTER)): Keys 'ENTER + ' sent to object: 'Object Repository/Objects.HighlightElements/input_field_index'

2020-06-08 15:37:34 - [MESSAGE][PASSED] - Keys 'ENTER + ' sent to object: 'Object Repository/Objects.HighlightElements/input_field_index'

2020-06-08 15:37:34 - [TEST_STEP][PASSED] - ComboBoxValue = getAttribute(NewInputNmField, "value"): Attribute 'value' of object 'Object Repository/Objects.HighlightElements/input_field_index' is: 'Mohd Jeffri Bin Abdul Rahim (MOHDJEFFRI)'

2020-06-08 15:37:42 - [MESSAGE][PASSED] - Attribute 'value' of object 'Object Repository/Objects.HighlightElements/input_field_index' is: 'Mohd Jeffri Bin Abdul Rahim (MOHDJEFFRI)'

2020-06-08 15:37:42 - [TEST_STEP][PASSED] - callTestCase(findTestCase(CallTCName), ["FindValue":ComboBoxValue, "DropdownNm":comboNm], STOP_ON_FAILURE): Call Test Case 'Test Cases/PFI Precision and Scale/HashMap Tables/OfficerLists' successfully

2020-06-08 15:37:52 - [TEST_CASE][PASSED] - Test Cases/PFI Precision and Scale/HashMap Tables/OfficerLists: Test Cases/PFI Precision and Scale/HashMap Tables/OfficerLists

2020-06-08 15:37:53 - [TEST_STEP][PASSED] - Thread.sleep(1000): null

2020-06-08 15:37:54 - [TEST_STEP][PASSED] - OfficerLists = [1:"Aaron Sham Wai Lun (AARON)", 2:"Azidah Bte Akmad (Mdm) (USAABD)", 3:"Chung Fong Nyen (USACFN)", 4:"David Tey Dah Wei (DAHWEI)", ... ]: null

2020-06-08 15:37:54 - [TEST_STEP][PASSED] - ValueFound = OfficerLists.find({ -> ... }): null

2020-06-08 15:37:54 - [MESSAGE][PASSED] - Call Test Case 'Test Cases/PFI Precision and Scale/HashMap Tables/OfficerLists' successfully

2020-06-08 15:37:54 - [TEST_STEP][PASSED] - println(ValueFound): null

2020-06-08 15:37:54 - [TEST_STEP][PASSED] - sendKeys(NewInputNmField, Keys.chord(ARROW_DOWN)): Keys 'DOWN + ' sent to object: 'Object Repository/Objects.HighlightElements/input_field_index'

2020-06-08 15:37:56 - [MESSAGE][PASSED] - Keys 'DOWN + ' sent to object: 'Object Repository/Objects.HighlightElements/input_field_index'

2020-06-08 15:37:56 - [TEST_STEP][PASSED] - sendKeys(NewInputNmField, Keys.chord(ARROW_DOWN)): Keys 'DOWN + ' sent to object: 'Object Repository/Objects.HighlightElements/input_field_index'

2020-06-08 15:37:56 - [MESSAGE][PASSED] - Keys 'DOWN + ' sent to object: 'Object Repository/Objects.HighlightElements/input_field_index'

2020-06-08 15:37:56 - [TEST_STEP][PASSED] - delay(DelayTime): Delayed 5 second(s)

2020-06-08 15:38:01 - [MESSAGE][PASSED] - Delayed 5 second(s)

2020-06-08 15:38:01 - [TEST_STEP][PASSED] - sendKeys(NewInputNmField, Keys.chord(ENTER)): Keys 'ENTER + ' sent to object: 'Object Repository/Objects.HighlightElements/input_field_index'

2020-06-08 15:38:01 - [MESSAGE][PASSED] - Keys 'ENTER + ' sent to object: 'Object Repository/Objects.HighlightElements/input_field_index'

2020-06-08 15:38:01 - [TEST_STEP][PASSED] - ComboBoxValue = getAttribute(NewInputNmField, "value"): Attribute 'value' of object 'Object Repository/Objects.HighlightElements/input_field_index' is: 'Richard Lim Fang Ping (FANGPING)'

2020-06-08 15:38:01 - [MESSAGE][PASSED] - Attribute 'value' of object 'Object Repository/Objects.HighlightElements/input_field_index' is: 'Richard Lim Fang Ping (FANGPING)'

2020-06-08 15:38:01 - [TEST_STEP][PASSED] - callTestCase(findTestCase(CallTCName), ["FindValue":ComboBoxValue, "DropdownNm":comboNm], STOP_ON_FAILURE): Call Test Case 'Test Cases/PFI Precision and Scale/HashMap Tables/OfficerLists' successfully

2020-06-08 15:38:01 - [TEST_CASE][PASSED] - Test Cases/PFI Precision and Scale/HashMap Tables/OfficerLists: Test Cases/PFI Precision and Scale/HashMap Tables/OfficerLists

2020-06-08 15:38:01 - [TEST_STEP][PASSED] - Thread.sleep(1000): null

2020-06-08 15:38:02 - [TEST_STEP][PASSED] - OfficerLists = [1:"Aaron Sham Wai Lun (AARON)", 2:"Azidah Bte Akmad (Mdm) (USAABD)", 3:"Chung Fong Nyen (USACFN)", 4:"David Tey Dah Wei (DAHWEI)", ... ]: null

2020-06-08 15:38:02 - [TEST_STEP][PASSED] - ValueFound = OfficerLists.find({ -> ... }): null

2020-06-08 15:38:02 - [MESSAGE][PASSED] - Call Test Case 'Test Cases/PFI Precision and Scale/HashMap Tables/OfficerLists' successfully

2020-06-08 15:38:02 - [TEST_STEP][PASSED] - println(ValueFound): null

2020-06-08 15:38:02 - [TEST_STEP][PASSED] - sendKeys(NewInputNmField, Keys.chord(ARROW_DOWN)): Keys 'DOWN + ' sent to object: 'Object Repository/Objects.HighlightElements/input_field_index'

2020-06-08 15:38:02 - [MESSAGE][PASSED] - Keys 'DOWN + ' sent to object: 'Object Repository/Objects.HighlightElements/input_field_index'

2020-06-08 15:38:02 - [TEST_STEP][PASSED] - sendKeys(NewInputNmField, Keys.chord(ARROW_DOWN)): Keys 'DOWN + ' sent to object: 'Object Repository/Objects.HighlightElements/input_field_index'

2020-06-08 15:38:02 - [MESSAGE][PASSED] - Keys 'DOWN + ' sent to object: 'Object Repository/Objects.HighlightElements/input_field_index'

2020-06-08 15:38:02 - [TEST_STEP][PASSED] - delay(DelayTime): Delayed 5 second(s)

2020-06-08 15:38:07 - [MESSAGE][PASSED] - Delayed 5 second(s)

2020-06-08 15:38:07 - [TEST_STEP][PASSED] - sendKeys(NewInputNmField, Keys.chord(ENTER)): Keys 'ENTER + ' sent to object: 'Object Repository/Objects.HighlightElements/input_field_index'

2020-06-08 15:38:07 - [MESSAGE][PASSED] - Keys 'ENTER + ' sent to object: 'Object Repository/Objects.HighlightElements/input_field_index'

2020-06-08 15:38:07 - [TEST_STEP][PASSED] - ComboBoxValue = getAttribute(NewInputNmField, "value"): Attribute 'value' of object 'Object Repository/Objects.HighlightElements/input_field_index' is: 'RITA WONG SIONG ING (RITAWONG)'

2020-06-08 15:38:07 - [MESSAGE][PASSED] - Attribute 'value' of object 'Object Repository/Objects.HighlightElements/input_field_index' is: 'RITA WONG SIONG ING (RITAWONG)'

2020-06-08 15:38:07 - [TEST_STEP][PASSED] - callTestCase(findTestCase(CallTCName), ["FindValue":ComboBoxValue, "DropdownNm":comboNm], STOP_ON_FAILURE): Call Test Case 'Test Cases/PFI Precision and Scale/HashMap Tables/OfficerLists' successfully

2020-06-08 15:38:07 - [TEST_CASE][PASSED] - Test Cases/PFI Precision and Scale/HashMap Tables/OfficerLists: Test Cases/PFI Precision and Scale/HashMap Tables/OfficerLists

2020-06-08 15:38:07 - [TEST_STEP][PASSED] - Thread.sleep(1000): null

2020-06-08 15:38:08 - [TEST_STEP][PASSED] - OfficerLists = [1:"Aaron Sham Wai Lun (AARON)", 2:"Azidah Bte Akmad (Mdm) (USAABD)", 3:"Chung Fong Nyen (USACFN)", 4:"David Tey Dah Wei (DAHWEI)", ... ]: null

2020-06-08 15:38:08 - [TEST_STEP][PASSED] - ValueFound = OfficerLists.find({ -> ... }): null

2020-06-08 15:38:08 - [MESSAGE][PASSED] - Call Test Case 'Test Cases/PFI Precision and Scale/HashMap Tables/OfficerLists' successfully

2020-06-08 15:38:08 - [TEST_STEP][PASSED] - println(ValueFound): null

2020-06-08 15:38:08 - [TEST_STEP][PASSED] - sendKeys(NewInputNmField, Keys.chord(ARROW_DOWN)): Keys 'DOWN + ' sent to object: 'Object Repository/Objects.HighlightElements/input_field_index'

2020-06-08 15:38:08 - [MESSAGE][PASSED] - Keys 'DOWN + ' sent to object: 'Object Repository/Objects.HighlightElements/input_field_index'

2020-06-08 15:38:08 - [TEST_STEP][PASSED] - sendKeys(NewInputNmField, Keys.chord(ARROW_DOWN)): Keys 'DOWN + ' sent to object: 'Object Repository/Objects.HighlightElements/input_field_index'

2020-06-08 15:38:08 - [MESSAGE][PASSED] - Keys 'DOWN + ' sent to object: 'Object Repository/Objects.HighlightElements/input_field_index'

2020-06-08 15:38:08 - [TEST_STEP][PASSED] - delay(DelayTime): Delayed 5 second(s)

2020-06-08 15:38:13 - [MESSAGE][PASSED] - Delayed 5 second(s)

2020-06-08 15:38:13 - [TEST_STEP][PASSED] - sendKeys(NewInputNmField, Keys.chord(ENTER)): Keys 'ENTER + ' sent to object: 'Object Repository/Objects.HighlightElements/input_field_index'

2020-06-08 15:38:14 - [MESSAGE][PASSED] - Keys 'ENTER + ' sent to object: 'Object Repository/Objects.HighlightElements/input_field_index'

2020-06-08 15:38:14 - [TEST_STEP][PASSED] - ComboBoxValue = getAttribute(NewInputNmField, "value"): Attribute 'value' of object 'Object Repository/Objects.HighlightElements/input_field_index' is: 'Shi Hong Wei (HONGWEI)'

2020-06-08 15:38:14 - [MESSAGE][PASSED] - Attribute 'value' of object 'Object Repository/Objects.HighlightElements/input_field_index' is: 'Shi Hong Wei (HONGWEI)'

2020-06-08 15:38:14 - [TEST_STEP][PASSED] - callTestCase(findTestCase(CallTCName), ["FindValue":ComboBoxValue, "DropdownNm":comboNm], STOP_ON_FAILURE): Call Test Case 'Test Cases/PFI Precision and Scale/HashMap Tables/OfficerLists' successfully

2020-06-08 15:38:14 - [TEST_CASE][PASSED] - Test Cases/PFI Precision and Scale/HashMap Tables/OfficerLists: Test Cases/PFI Precision and Scale/HashMap Tables/OfficerLists

2020-06-08 15:38:14 - [TEST_STEP][PASSED] - Thread.sleep(1000): null

2020-06-08 15:38:15 - [TEST_STEP][PASSED] - OfficerLists = [1:"Aaron Sham Wai Lun (AARON)", 2:"Azidah Bte Akmad (Mdm) (USAABD)", 3:"Chung Fong Nyen (USACFN)", 4:"David Tey Dah Wei (DAHWEI)", ... ]: null

2020-06-08 15:38:15 - [TEST_STEP][PASSED] - ValueFound = OfficerLists.find({ -> ... }): null

2020-06-08 15:38:15 - [MESSAGE][PASSED] - Call Test Case 'Test Cases/PFI Precision and Scale/HashMap Tables/OfficerLists' successfully

2020-06-08 15:38:15 - [TEST_STEP][PASSED] - println(ValueFound): null

2020-06-08 15:38:15 - [TEST_STEP][PASSED] - sendKeys(NewInputNmField, Keys.chord(ARROW_DOWN)): Keys 'DOWN + ' sent to object: 'Object Repository/Objects.HighlightElements/input_field_index'

2020-06-08 15:38:15 - [MESSAGE][PASSED] - Keys 'DOWN + ' sent to object: 'Object Repository/Objects.HighlightElements/input_field_index'

2020-06-08 15:38:15 - [TEST_STEP][PASSED] - sendKeys(NewInputNmField, Keys.chord(ARROW_DOWN)): Keys 'DOWN + ' sent to object: 'Object Repository/Objects.HighlightElements/input_field_index'

2020-06-08 15:38:15 - [MESSAGE][PASSED] - Keys 'DOWN + ' sent to object: 'Object Repository/Objects.HighlightElements/input_field_index'

2020-06-08 15:38:15 - [TEST_STEP][PASSED] - delay(DelayTime): Delayed 5 second(s)

2020-06-08 15:38:20 - [MESSAGE][PASSED] - Delayed 5 second(s)

2020-06-08 15:38:20 - [TEST_STEP][PASSED] - sendKeys(NewInputNmField, Keys.chord(ENTER)): Keys 'ENTER + ' sent to object: 'Object Repository/Objects.HighlightElements/input_field_index'

2020-06-08 15:38:20 - [MESSAGE][PASSED] - Keys 'ENTER + ' sent to object: 'Object Repository/Objects.HighlightElements/input_field_index'

2020-06-08 15:38:20 - [TEST_STEP][PASSED] - ComboBoxValue = getAttribute(NewInputNmField, "value"): Attribute 'value' of object 'Object Repository/Objects.HighlightElements/input_field_index' is: 'Tan Jing Ying (JINGYING)'

2020-06-08 15:38:20 - [MESSAGE][PASSED] - Attribute 'value' of object 'Object Repository/Objects.HighlightElements/input_field_index' is: 'Tan Jing Ying (JINGYING)'

2020-06-08 15:38:20 - [TEST_STEP][PASSED] - callTestCase(findTestCase(CallTCName), ["FindValue":ComboBoxValue, "DropdownNm":comboNm], STOP_ON_FAILURE): Call Test Case 'Test Cases/PFI Precision and Scale/HashMap Tables/OfficerLists' successfully

2020-06-08 15:38:20 - [TEST_CASE][PASSED] - Test Cases/PFI Precision and Scale/HashMap Tables/OfficerLists: Test Cases/PFI Precision and Scale/HashMap Tables/OfficerLists

2020-06-08 15:38:20 - [TEST_STEP][PASSED] - Thread.sleep(1000): null

2020-06-08 15:38:21 - [TEST_STEP][PASSED] - OfficerLists = [1:"Aaron Sham Wai Lun (AARON)", 2:"Azidah Bte Akmad (Mdm) (USAABD)", 3:"Chung Fong Nyen (USACFN)", 4:"David Tey Dah Wei (DAHWEI)", ... ]: null

2020-06-08 15:38:21 - [TEST_STEP][PASSED] - ValueFound = OfficerLists.find({ -> ... }): null

2020-06-08 15:38:21 - [MESSAGE][PASSED] - Call Test Case 'Test Cases/PFI Precision and Scale/HashMap Tables/OfficerLists' successfully

2020-06-08 15:38:21 - [TEST_STEP][PASSED] - println(ValueFound): null

2020-06-08 15:38:21 - [TEST_STEP][PASSED] - sendKeys(NewInputNmField, Keys.chord(ARROW_DOWN)): Keys 'DOWN + ' sent to object: 'Object Repository/Objects.HighlightElements/input_field_index'

2020-06-08 15:38:21 - [MESSAGE][PASSED] - Keys 'DOWN + ' sent to object: 'Object Repository/Objects.HighlightElements/input_field_index'

2020-06-08 15:38:21 - [TEST_STEP][PASSED] - sendKeys(NewInputNmField, Keys.chord(ARROW_DOWN)): Keys 'DOWN + ' sent to object: 'Object Repository/Objects.HighlightElements/input_field_index'

2020-06-08 15:38:21 - [MESSAGE][PASSED] - Keys 'DOWN + ' sent to object: 'Object Repository/Objects.HighlightElements/input_field_index'

2020-06-08 15:38:21 - [TEST_STEP][PASSED] - delay(DelayTime): Delayed 5 second(s)

2020-06-08 15:38:26 - [MESSAGE][PASSED] - Delayed 5 second(s)

2020-06-08 15:38:26 - [TEST_STEP][PASSED] - sendKeys(NewInputNmField, Keys.chord(ENTER)): Keys 'ENTER + ' sent to object: 'Object Repository/Objects.HighlightElements/input_field_index'

2020-06-08 15:38:26 - [MESSAGE][PASSED] - Keys 'ENTER + ' sent to object: 'Object Repository/Objects.HighlightElements/input_field_index'

2020-06-08 15:38:26 - [TEST_STEP][PASSED] - ComboBoxValue = getAttribute(NewInputNmField, "value"): Attribute 'value' of object 'Object Repository/Objects.HighlightElements/input_field_index' is: 'Tan Kwan Joo (KWANJOO)'

2020-06-08 15:38:26 - [MESSAGE][PASSED] - Attribute 'value' of object 'Object Repository/Objects.HighlightElements/input_field_index' is: 'Tan Kwan Joo (KWANJOO)'

2020-06-08 15:38:26 - [TEST_STEP][PASSED] - callTestCase(findTestCase(CallTCName), ["FindValue":ComboBoxValue, "DropdownNm":comboNm], STOP_ON_FAILURE): Call Test Case 'Test Cases/PFI Precision and Scale/HashMap Tables/OfficerLists' successfully

2020-06-08 15:38:26 - [TEST_CASE][PASSED] - Test Cases/PFI Precision and Scale/HashMap Tables/OfficerLists: Test Cases/PFI Precision and Scale/HashMap Tables/OfficerLists

2020-06-08 15:38:26 - [TEST_STEP][PASSED] - Thread.sleep(1000): null

2020-06-08 15:38:27 - [TEST_STEP][PASSED] - OfficerLists = [1:"Aaron Sham Wai Lun (AARON)", 2:"Azidah Bte Akmad (Mdm) (USAABD)", 3:"Chung Fong Nyen (USACFN)", 4:"David Tey Dah Wei (DAHWEI)", ... ]: null

2020-06-08 15:38:27 - [TEST_STEP][PASSED] - ValueFound = OfficerLists.find({ -> ... }): null

2020-06-08 15:38:27 - [MESSAGE][PASSED] - Call Test Case 'Test Cases/PFI Precision and Scale/HashMap Tables/OfficerLists' successfully

2020-06-08 15:38:27 - [TEST_STEP][PASSED] - println(ValueFound): null

2020-06-08 15:38:27 - [TEST_STEP][PASSED] - sendKeys(NewInputNmField, Keys.chord(ARROW_DOWN)): Keys 'DOWN + ' sent to object: 'Object Repository/Objects.HighlightElements/input_field_index'

2020-06-08 15:38:27 - [MESSAGE][PASSED] - Keys 'DOWN + ' sent to object: 'Object Repository/Objects.HighlightElements/input_field_index'

2020-06-08 15:38:27 - [TEST_STEP][PASSED] - sendKeys(NewInputNmField, Keys.chord(ARROW_DOWN)): Keys 'DOWN + ' sent to object: 'Object Repository/Objects.HighlightElements/input_field_index'

2020-06-08 15:38:27 - [MESSAGE][PASSED] - Keys 'DOWN + ' sent to object: 'Object Repository/Objects.HighlightElements/input_field_index'

2020-06-08 15:38:27 - [TEST_STEP][PASSED] - delay(DelayTime): Delayed 5 second(s)

2020-06-08 15:38:32 - [MESSAGE][PASSED] - Delayed 5 second(s)

2020-06-08 15:38:32 - [TEST_STEP][PASSED] - sendKeys(NewInputNmField, Keys.chord(ENTER)): Keys 'ENTER + ' sent to object: 'Object Repository/Objects.HighlightElements/input_field_index'

2020-06-08 15:38:33 - [MESSAGE][PASSED] - Keys 'ENTER + ' sent to object: 'Object Repository/Objects.HighlightElements/input_field_index'

2020-06-08 15:38:33 - [TEST_STEP][PASSED] - ComboBoxValue = getAttribute(NewInputNmField, "value"): Attribute 'value' of object 'Object Repository/Objects.HighlightElements/input_field_index' is: 'Titus Chua Hwa Ping (TITUS)'

2020-06-08 15:38:33 - [MESSAGE][PASSED] - Attribute 'value' of object 'Object Repository/Objects.HighlightElements/input_field_index' is: 'Titus Chua Hwa Ping (TITUS)'

2020-06-08 15:38:33 - [TEST_STEP][PASSED] - callTestCase(findTestCase(CallTCName), ["FindValue":ComboBoxValue, "DropdownNm":comboNm], STOP_ON_FAILURE): Call Test Case 'Test Cases/PFI Precision and Scale/HashMap Tables/OfficerLists' successfully

2020-06-08 15:38:33 - [TEST_CASE][PASSED] - Test Cases/PFI Precision and Scale/HashMap Tables/OfficerLists: Test Cases/PFI Precision and Scale/HashMap Tables/OfficerLists

2020-06-08 15:38:33 - [TEST_STEP][PASSED] - Thread.sleep(1000): null

2020-06-08 15:38:34 - [TEST_STEP][PASSED] - OfficerLists = [1:"Aaron Sham Wai Lun (AARON)", 2:"Azidah Bte Akmad (Mdm) (USAABD)", 3:"Chung Fong Nyen (USACFN)", 4:"David Tey Dah Wei (DAHWEI)", ... ]: null

2020-06-08 15:38:34 - [TEST_STEP][PASSED] - ValueFound = OfficerLists.find({ -> ... }): null

2020-06-08 15:38:34 - [MESSAGE][PASSED] - Call Test Case 'Test Cases/PFI Precision and Scale/HashMap Tables/OfficerLists' successfully

2020-06-08 15:38:34 - [TEST_STEP][PASSED] - println(ValueFound): null

2020-06-08 15:38:34 - [TEST_STEP][PASSED] - sendKeys(NewInputNmField, Keys.chord(ARROW_DOWN)): Keys 'DOWN + ' sent to object: 'Object Repository/Objects.HighlightElements/input_field_index'

2020-06-08 15:38:34 - [MESSAGE][PASSED] - Keys 'DOWN + ' sent to object: 'Object Repository/Objects.HighlightElements/input_field_index'

2020-06-08 15:38:34 - [TEST_STEP][PASSED] - sendKeys(NewInputNmField, Keys.chord(ENTER)): Keys 'ENTER + ' sent to object: 'Object Repository/Objects.HighlightElements/input_field_index'

2020-06-08 15:38:34 - [MESSAGE][PASSED] - Keys 'ENTER + ' sent to object: 'Object Repository/Objects.HighlightElements/input_field_index'

2020-06-08 15:38:34 - [MESSAGE][PASSED] - Call Test Case 'Test Cases/PFI Precision and Scale/PFI Components with Indexing/VerifyDropdownValuesIndex' successfully

2020-06-08 15:38:34 - [TEST_STEP][PASSED] - callTestCase(findTestCase("PFI Precision and Scale/PFI Components with Indexing/VerifyDropdownValuesIndex"), ["FldNm":"gradeType", "index":3, "CallTCName":"PFI Precision and Scale/HashMap Tables/ConstantHashMap", "cmbNm":"GrdType", ... ], STOP_ON_FAILURE): Call Test Case 'Test Cases/PFI Precision and Scale/PFI Components with Indexing/VerifyDropdownValuesIndex' successfully

2020-06-08 15:38:34 - [TEST_CASE][PASSED] - Test Cases/PFI Precision and Scale/PFI Components with Indexing/VerifyDropdownValuesIndex: Test Cases/PFI Precision and Scale/PFI Components with Indexing/VerifyDropdownValuesIndex

2020-06-08 15:38:34 - [TEST_STEP][PASSED] - Thread.sleep(1000): null

2020-06-08 15:38:35 - [TEST_STEP][PASSED] - NewInputNmField = modifyObjectProperty(findTestObject("Object Repository/Objects.HighlightElements/input_field_index"), "xpath", "equals", "(//*[contains(@class,'x-form-text') and (@name='" + FldNm + "')])[" + index + "]", true): Modify property of object successfully

2020-06-08 15:38:35 - [MESSAGE][PASSED] - Modify property of object successfully

2020-06-08 15:38:35 - [TEST_STEP][PASSED] - comboNm = cmbNm: null

2020-06-08 15:38:35 - [TEST_STEP][PASSED] - focus(NewInputNmField): Object: 'Object Repository/Objects.HighlightElements/input_field_index' is focused

2020-06-08 15:38:35 - [MESSAGE][PASSED] - Object: 'Object Repository/Objects.HighlightElements/input_field_index' is focused

2020-06-08 15:38:35 - [TEST_STEP][PASSED] - setText(NewInputNmField, EnterValue): Text '' is set on object 'Object Repository/Objects.HighlightElements/input_field_index'

2020-06-08 15:38:35 - [MESSAGE][PASSED] - Text '' is set on object 'Object Repository/Objects.HighlightElements/input_field_index'

2020-06-08 15:38:35 - [TEST_STEP][PASSED] - for ([i = 1, i <= NoOfVal, (i++)]): Keys 'DOWN + ' sent to object: 'Object Repository/Objects.HighlightElements/input_field_index'

2020-06-08 15:38:35 - [TEST_STEP][PASSED] - sendKeys(NewInputNmField, Keys.chord(ARROW_DOWN)): Keys 'DOWN + ' sent to object: 'Object Repository/Objects.HighlightElements/input_field_index'

2020-06-08 15:38:35 - [MESSAGE][PASSED] - Keys 'DOWN + ' sent to object: 'Object Repository/Objects.HighlightElements/input_field_index'

2020-06-08 15:38:35 - [TEST_STEP][PASSED] - delay(DelayTime): Delayed 2 second(s)

2020-06-08 15:38:37 - [MESSAGE][PASSED] - Delayed 2 second(s)

2020-06-08 15:38:37 - [TEST_STEP][PASSED] - sendKeys(NewInputNmField, Keys.chord(ENTER)): Keys 'ENTER + ' sent to object: 'Object Repository/Objects.HighlightElements/input_field_index'

2020-06-08 15:38:37 - [MESSAGE][PASSED] - Keys 'ENTER + ' sent to object: 'Object Repository/Objects.HighlightElements/input_field_index'

2020-06-08 15:38:37 - [TEST_STEP][PASSED] - ComboBoxValue = getAttribute(NewInputNmField, "value"): Attribute 'value' of object 'Object Repository/Objects.HighlightElements/input_field_index' is: 'A'

2020-06-08 15:38:37 - [MESSAGE][PASSED] - Attribute 'value' of object 'Object Repository/Objects.HighlightElements/input_field_index' is: 'A'

2020-06-08 15:38:37 - [TEST_STEP][PASSED] - callTestCase(findTestCase(CallTCName), ["FindValue":ComboBoxValue, "DropdownNm":comboNm], STOP_ON_FAILURE): Call Test Case 'Test Cases/PFI Precision and Scale/HashMap Tables/ConstantHashMap' successfully

2020-06-08 15:38:37 - [TEST_CASE][PASSED] - Test Cases/PFI Precision and Scale/HashMap Tables/ConstantHashMap: Test Cases/PFI Precision and Scale/HashMap Tables/ConstantHashMap

2020-06-08 15:38:37 - [TEST_STEP][PASSED] - ConstantTBL = [1:["PeriodType":"Working Day(s)"], 2:["PeriodType":"Calendar Day(s)"], 3:["PeriodType":"Month(s)"], 4:["TypeOfLetter":"T1"], ... ]: null

2020-06-08 15:38:37 - [TEST_STEP][PASSED] - switch (DropdownNm): null

2020-06-08 15:38:37 - [TEST_STEP][PASSED] - case "GrdType":: null

2020-06-08 15:38:37 - [TEST_STEP][PASSED] - ValueFound = ConstantTBL.find({ -> ... }): null

2020-06-08 15:38:37 - [TEST_STEP][PASSED] - break: null

2020-06-08 15:38:37 - [MESSAGE][PASSED] - Call Test Case 'Test Cases/PFI Precision and Scale/HashMap Tables/ConstantHashMap' successfully

2020-06-08 15:38:37 - [TEST_STEP][PASSED] - println(ValueFound): null

2020-06-08 15:38:37 - [TEST_STEP][PASSED] - sendKeys(NewInputNmField, Keys.chord(ARROW_DOWN)): Keys 'DOWN + ' sent to object: 'Object Repository/Objects.HighlightElements/input_field_index'

2020-06-08 15:38:37 - [MESSAGE][PASSED] - Keys 'DOWN + ' sent to object: 'Object Repository/Objects.HighlightElements/input_field_index'

2020-06-08 15:38:37 - [TEST_STEP][PASSED] - sendKeys(NewInputNmField, Keys.chord(ARROW_DOWN)): Keys 'DOWN + ' sent to object: 'Object Repository/Objects.HighlightElements/input_field_index'

2020-06-08 15:38:38 - [MESSAGE][PASSED] - Keys 'DOWN + ' sent to object: 'Object Repository/Objects.HighlightElements/input_field_index'

2020-06-08 15:38:38 - [TEST_STEP][PASSED] - delay(DelayTime): Delayed 2 second(s)

2020-06-08 15:38:40 - [MESSAGE][PASSED] - Delayed 2 second(s)

2020-06-08 15:38:40 - [TEST_STEP][PASSED] - sendKeys(NewInputNmField, Keys.chord(ENTER)): Keys 'ENTER + ' sent to object: 'Object Repository/Objects.HighlightElements/input_field_index'

2020-06-08 15:38:40 - [MESSAGE][PASSED] - Keys 'ENTER + ' sent to object: 'Object Repository/Objects.HighlightElements/input_field_index'

2020-06-08 15:38:40 - [TEST_STEP][PASSED] - ComboBoxValue = getAttribute(NewInputNmField, "value"): Attribute 'value' of object 'Object Repository/Objects.HighlightElements/input_field_index' is: 'B'

2020-06-08 15:38:40 - [MESSAGE][PASSED] - Attribute 'value' of object 'Object Repository/Objects.HighlightElements/input_field_index' is: 'B'

2020-06-08 15:38:40 - [TEST_STEP][PASSED] - callTestCase(findTestCase(CallTCName), ["FindValue":ComboBoxValue, "DropdownNm":comboNm], STOP_ON_FAILURE): Call Test Case 'Test Cases/PFI Precision and Scale/HashMap Tables/ConstantHashMap' successfully

2020-06-08 15:38:40 - [TEST_CASE][PASSED] - Test Cases/PFI Precision and Scale/HashMap Tables/ConstantHashMap: Test Cases/PFI Precision and Scale/HashMap Tables/ConstantHashMap

2020-06-08 15:38:40 - [TEST_STEP][PASSED] - ConstantTBL = [1:["PeriodType":"Working Day(s)"], 2:["PeriodType":"Calendar Day(s)"], 3:["PeriodType":"Month(s)"], 4:["TypeOfLetter":"T1"], ... ]: null

2020-06-08 15:38:40 - [TEST_STEP][PASSED] - switch (DropdownNm): null

2020-06-08 15:38:40 - [TEST_STEP][PASSED] - case "GrdType":: null

2020-06-08 15:38:40 - [TEST_STEP][PASSED] - ValueFound = ConstantTBL.find({ -> ... }): null

2020-06-08 15:38:40 - [TEST_STEP][PASSED] - break: null

2020-06-08 15:38:40 - [MESSAGE][PASSED] - Call Test Case 'Test Cases/PFI Precision and Scale/HashMap Tables/ConstantHashMap' successfully

2020-06-08 15:38:40 - [TEST_STEP][PASSED] - println(ValueFound): null

2020-06-08 15:38:40 - [TEST_STEP][PASSED] - sendKeys(NewInputNmField, Keys.chord(ARROW_DOWN)): Keys 'DOWN + ' sent to object: 'Object Repository/Objects.HighlightElements/input_field_index'

2020-06-08 15:38:40 - [MESSAGE][PASSED] - Keys 'DOWN + ' sent to object: 'Object Repository/Objects.HighlightElements/input_field_index'

2020-06-08 15:38:40 - [TEST_STEP][PASSED] - sendKeys(NewInputNmField, Keys.chord(ARROW_DOWN)): Keys 'DOWN + ' sent to object: 'Object Repository/Objects.HighlightElements/input_field_index'

2020-06-08 15:38:40 - [MESSAGE][PASSED] - Keys 'DOWN + ' sent to object: 'Object Repository/Objects.HighlightElements/input_field_index'

2020-06-08 15:38:40 - [TEST_STEP][PASSED] - delay(DelayTime): Delayed 2 second(s)

2020-06-08 15:38:42 - [MESSAGE][PASSED] - Delayed 2 second(s)

2020-06-08 15:38:42 - [TEST_STEP][PASSED] - sendKeys(NewInputNmField, Keys.chord(ENTER)): Keys 'ENTER + ' sent to object: 'Object Repository/Objects.HighlightElements/input_field_index'

2020-06-08 15:38:42 - [MESSAGE][PASSED] - Keys 'ENTER + ' sent to object: 'Object Repository/Objects.HighlightElements/input_field_index'

2020-06-08 15:38:42 - [TEST_STEP][PASSED] - ComboBoxValue = getAttribute(NewInputNmField, "value"): Attribute 'value' of object 'Object Repository/Objects.HighlightElements/input_field_index' is: 'C'

2020-06-08 15:38:42 - [MESSAGE][PASSED] - Attribute 'value' of object 'Object Repository/Objects.HighlightElements/input_field_index' is: 'C'

2020-06-08 15:38:42 - [TEST_STEP][PASSED] - callTestCase(findTestCase(CallTCName), ["FindValue":ComboBoxValue, "DropdownNm":comboNm], STOP_ON_FAILURE): Call Test Case 'Test Cases/PFI Precision and Scale/HashMap Tables/ConstantHashMap' successfully

2020-06-08 15:38:42 - [TEST_CASE][PASSED] - Test Cases/PFI Precision and Scale/HashMap Tables/ConstantHashMap: Test Cases/PFI Precision and Scale/HashMap Tables/ConstantHashMap

2020-06-08 15:38:42 - [TEST_STEP][PASSED] - ConstantTBL = [1:["PeriodType":"Working Day(s)"], 2:["PeriodType":"Calendar Day(s)"], 3:["PeriodType":"Month(s)"], 4:["TypeOfLetter":"T1"], ... ]: null

2020-06-08 15:38:42 - [TEST_STEP][PASSED] - switch (DropdownNm): null

2020-06-08 15:38:42 - [TEST_STEP][PASSED] - case "GrdType":: null

2020-06-08 15:38:42 - [TEST_STEP][PASSED] - ValueFound = ConstantTBL.find({ -> ... }): null

2020-06-08 15:38:42 - [TEST_STEP][PASSED] - break: null

2020-06-08 15:38:42 - [MESSAGE][PASSED] - Call Test Case 'Test Cases/PFI Precision and Scale/HashMap Tables/ConstantHashMap' successfully

2020-06-08 15:38:42 - [TEST_STEP][PASSED] - println(ValueFound): null

2020-06-08 15:38:42 - [TEST_STEP][PASSED] - sendKeys(NewInputNmField, Keys.chord(ARROW_DOWN)): Keys 'DOWN + ' sent to object: 'Object Repository/Objects.HighlightElements/input_field_index'

2020-06-08 15:38:42 - [MESSAGE][PASSED] - Keys 'DOWN + ' sent to object: 'Object Repository/Objects.HighlightElements/input_field_index'

2020-06-08 15:38:42 - [TEST_STEP][PASSED] - sendKeys(NewInputNmField, Keys.chord(ARROW_DOWN)): Keys 'DOWN + ' sent to object: 'Object Repository/Objects.HighlightElements/input_field_index'

2020-06-08 15:38:42 - [MESSAGE][PASSED] - Keys 'DOWN + ' sent to object: 'Object Repository/Objects.HighlightElements/input_field_index'

2020-06-08 15:38:42 - [TEST_STEP][PASSED] - delay(DelayTime): Delayed 2 second(s)

2020-06-08 15:38:44 - [MESSAGE][PASSED] - Delayed 2 second(s)

2020-06-08 15:38:44 - [TEST_STEP][PASSED] - sendKeys(NewInputNmField, Keys.chord(ENTER)): Keys 'ENTER + ' sent to object: 'Object Repository/Objects.HighlightElements/input_field_index'

2020-06-08 15:38:44 - [MESSAGE][PASSED] - Keys 'ENTER + ' sent to object: 'Object Repository/Objects.HighlightElements/input_field_index'

2020-06-08 15:38:44 - [TEST_STEP][PASSED] - ComboBoxValue = getAttribute(NewInputNmField, "value"): Attribute 'value' of object 'Object Repository/Objects.HighlightElements/input_field_index' is: 'D'

2020-06-08 15:38:44 - [MESSAGE][PASSED] - Attribute 'value' of object 'Object Repository/Objects.HighlightElements/input_field_index' is: 'D'

2020-06-08 15:38:44 - [TEST_STEP][PASSED] - callTestCase(findTestCase(CallTCName), ["FindValue":ComboBoxValue, "DropdownNm":comboNm], STOP_ON_FAILURE): Call Test Case 'Test Cases/PFI Precision and Scale/HashMap Tables/ConstantHashMap' successfully

2020-06-08 15:38:44 - [TEST_CASE][PASSED] - Test Cases/PFI Precision and Scale/HashMap Tables/ConstantHashMap: Test Cases/PFI Precision and Scale/HashMap Tables/ConstantHashMap

2020-06-08 15:38:44 - [TEST_STEP][PASSED] - ConstantTBL = [1:["PeriodType":"Working Day(s)"], 2:["PeriodType":"Calendar Day(s)"], 3:["PeriodType":"Month(s)"], 4:["TypeOfLetter":"T1"], ... ]: null

2020-06-08 15:38:44 - [TEST_STEP][PASSED] - switch (DropdownNm): null

2020-06-08 15:38:44 - [TEST_STEP][PASSED] - case "GrdType":: null

2020-06-08 15:38:44 - [TEST_STEP][PASSED] - ValueFound = ConstantTBL.find({ -> ... }): null

2020-06-08 15:38:44 - [TEST_STEP][PASSED] - break: null

2020-06-08 15:38:44 - [MESSAGE][PASSED] - Call Test Case 'Test Cases/PFI Precision and Scale/HashMap Tables/ConstantHashMap' successfully

2020-06-08 15:38:44 - [TEST_STEP][PASSED] - println(ValueFound): null

2020-06-08 15:38:44 - [TEST_STEP][PASSED] - sendKeys(NewInputNmField, Keys.chord(ARROW_DOWN)): Keys 'DOWN + ' sent to object: 'Object Repository/Objects.HighlightElements/input_field_index'

2020-06-08 15:38:44 - [MESSAGE][PASSED] - Keys 'DOWN + ' sent to object: 'Object Repository/Objects.HighlightElements/input_field_index'

2020-06-08 15:38:44 - [TEST_STEP][PASSED] - sendKeys(NewInputNmField, Keys.chord(ENTER)): Keys 'ENTER + ' sent to object: 'Object Repository/Objects.HighlightElements/input_field_index'

2020-06-08 15:38:44 - [MESSAGE][PASSED] - Keys 'ENTER + ' sent to object: 'Object Repository/Objects.HighlightElements/input_field_index'

2020-06-08 15:38:44 - [MESSAGE][PASSED] - Call Test Case 'Test Cases/PFI Precision and Scale/PFI Components with Indexing/VerifyDropdownValuesIndex' successfully

2020-06-08 15:38:44 - [TEST_STEP][NOT_RUN] - callTestCase(findTestCase("Components/Logout"), ["LogoutPageTextToBeVerified":findTestData("ISPS2 Test Data").getValue("HomeBanner", 1)], STOP_ON_FAILURE): NOT_RUN: callTestCase(findTestCase("Components/Logout"), ["LogoutPageTextToBeVerified":findTestData("ISPS2 Test Data").getValue("HomeBanner", 1)], STOP_ON_FAILURE)

2020-06-08 15:38:44 - [MESSAGE][NOT_RUN] - NOT_RUN: callTestCase(findTestCase("Components/Logout"), ["LogoutPageTextToBeVerified":findTestData("ISPS2 Test Data").getValue("HomeBanner", 1)], STOP_ON_FAILURE)]]></system-out>
         <system-err><![CDATA[]]></system-err>
      </testcase>
      <testcase name="Test Cases/PFI Precision and Scale/PFI Test Cases/Process Case (PFI)/PFI.KIVLHS" time="36.484" classname="Test Cases/PFI Precision and Scale/PFI Test Cases/Process Case (PFI)/PFI.KIVLHS" status="PASSED">
         <system-out><![CDATA[2020-06-08 15:38:44 - [TEST_CASE][PASSED] - Test Cases/PFI Precision and Scale/PFI Test Cases/Process Case (PFI)/PFI.KIVLHS: Test Cases/PFI Precision and Scale/PFI Test Cases/Process Case (PFI)/PFI.KIVLHS

2020-06-08 15:38:45 - [TEST_STEP][NOT_RUN] - callTestCase(findTestCase("Components/LoginV2.0"), ["LinkToBeUsed":findTestData("Datatable").getValue("URL", 1), "LoginPageTextToBeVerified":findTestData("Datatable").getValue("HomeBanner", 1), ... ], STOP_ON_FAILURE): NOT_RUN: callTestCase(findTestCase("Components/LoginV2.0"), ["LinkToBeUsed":findTestData("Datatable").getValue("URL", 1), "LoginPageTextToBeVerified":findTestData("Datatable").getValue("HomeBanner", 1), ... ], STOP_ON_FAILURE)

2020-06-08 15:38:45 - [MESSAGE][NOT_RUN] - NOT_RUN: callTestCase(findTestCase("Components/LoginV2.0"), ["LinkToBeUsed":findTestData("Datatable").getValue("URL", 1), "LoginPageTextToBeVerified":findTestData("Datatable").getValue("HomeBanner", 1), ... ], STOP_ON_FAILURE)

2020-06-08 15:38:45 - [TEST_STEP][NOT_RUN] - callTestCase(findTestCase("Components/Filter"), ["taskDescription":"Process Case (SM)"], STOP_ON_FAILURE): NOT_RUN: callTestCase(findTestCase("Components/Filter"), ["taskDescription":"Process Case (SM)"], STOP_ON_FAILURE)

2020-06-08 15:38:45 - [MESSAGE][NOT_RUN] - NOT_RUN: callTestCase(findTestCase("Components/Filter"), ["taskDescription":"Process Case (SM)"], STOP_ON_FAILURE)

2020-06-08 15:38:45 - [TEST_STEP][NOT_RUN] - callTestCase(findTestCase("Components/ClickLinkDependingOnTextAndIndex"), ["linkName":"Process Case (SM)", "index":"1"], STOP_ON_FAILURE): NOT_RUN: callTestCase(findTestCase("Components/ClickLinkDependingOnTextAndIndex"), ["linkName":"Process Case (SM)", "index":"1"], STOP_ON_FAILURE)

2020-06-08 15:38:45 - [MESSAGE][NOT_RUN] - NOT_RUN: callTestCase(findTestCase("Components/ClickLinkDependingOnTextAndIndex"), ["linkName":"Process Case (SM)", "index":"1"], STOP_ON_FAILURE)

2020-06-08 15:38:45 - [TEST_STEP][NOT_RUN] - callTestCase(findTestCase("Components/VerifyPageSuccessfullyLoaded"), ["HeaderName":"Summary"], STOP_ON_FAILURE): NOT_RUN: callTestCase(findTestCase("Components/VerifyPageSuccessfullyLoaded"), ["HeaderName":"Summary"], STOP_ON_FAILURE)

2020-06-08 15:38:45 - [MESSAGE][NOT_RUN] - NOT_RUN: callTestCase(findTestCase("Components/VerifyPageSuccessfullyLoaded"), ["HeaderName":"Summary"], STOP_ON_FAILURE)

2020-06-08 15:38:45 - [TEST_STEP][PASSED] - callTestCase(findTestCase("Components/NavigateToAnyLHS"), ["LHS":"KIV"], STOP_ON_FAILURE): Call Test Case 'Test Cases/Components/NavigateToAnyLHS' successfully

2020-06-08 15:38:45 - [TEST_CASE][PASSED] - Test Cases/Components/NavigateToAnyLHS: Test Cases/Components/NavigateToAnyLHS

2020-06-08 15:38:45 - [TEST_STEP][PASSED] - Thread.sleep(1000): null

2020-06-08 15:38:46 - [TEST_STEP][PASSED] - modifiedLHS = modifyObjectProperty(findTestObject("Objects.NavigateToAnyLHS/Page_ISPS2/LHSToModify"), "text", "equals", LHS, true): Modify property of object successfully

2020-06-08 15:38:46 - [MESSAGE][PASSED] - Modify property of object successfully

2020-06-08 15:38:46 - [TEST_STEP][PASSED] - click(modifiedLHS): Object: 'Object Repository/Objects.NavigateToAnyLHS/Page_ISPS2/LHSToModify' is clicked on

2020-06-08 15:38:46 - [MESSAGE][PASSED] - Object: 'Object Repository/Objects.NavigateToAnyLHS/Page_ISPS2/LHSToModify' is clicked on

2020-06-08 15:38:46 - [TEST_STEP][PASSED] - currentLHS = getText(modifiedLHS): Text of object 'Object Repository/Objects.NavigateToAnyLHS/Page_ISPS2/LHSToModify' is: 'KIV'

2020-06-08 15:38:46 - [MESSAGE][PASSED] - Text of object 'Object Repository/Objects.NavigateToAnyLHS/Page_ISPS2/LHSToModify' is: 'KIV'

2020-06-08 15:38:46 - [TEST_STEP][PASSED] - Thread.sleep(5000): null

2020-06-08 15:38:51 - [MESSAGE][PASSED] - Call Test Case 'Test Cases/Components/NavigateToAnyLHS' successfully

2020-06-08 15:38:51 - [TEST_STEP][PASSED] - callTestCase(findTestCase("Components/VerifyPageSuccessfullyLoaded"), ["HeaderName":"KIV"], STOP_ON_FAILURE): Call Test Case 'Test Cases/Components/VerifyPageSuccessfullyLoaded' successfully

2020-06-08 15:38:51 - [TEST_CASE][PASSED] - Test Cases/Components/VerifyPageSuccessfullyLoaded: Test Cases/Components/VerifyPageSuccessfullyLoaded

2020-06-08 15:38:51 - [TEST_STEP][PASSED] - Thread.sleep(3000): null

2020-06-08 15:38:54 - [TEST_STEP][PASSED] - ModifiedHeaderName = modifyObjectProperty(findTestObject("Objects.VerifyPageSuccessfullyLoaded/PageHeader"), "text", "equals", HeaderName, true): Modify property of object successfully

2020-06-08 15:38:54 - [MESSAGE][PASSED] - Modify property of object successfully

2020-06-08 15:38:54 - [TEST_STEP][PASSED] - verifyElementPresent(ModifiedHeaderName, 30): Object 'Object Repository/Objects.VerifyPageSuccessfullyLoaded/PageHeader' is present

2020-06-08 15:38:54 - [MESSAGE][PASSED] - Object 'Object Repository/Objects.VerifyPageSuccessfullyLoaded/PageHeader' is present

2020-06-08 15:38:54 - [TEST_STEP][PASSED] - com.reusableComponents.HighlightElement.run(ModifiedHeaderName): com.reusableComponents.HighlightElement.run is PASSED

2020-06-08 15:38:55 - [MESSAGE][PASSED] - com.reusableComponents.HighlightElement.run is PASSED

2020-06-08 15:38:55 - [MESSAGE][PASSED] - Call Test Case 'Test Cases/Components/VerifyPageSuccessfullyLoaded' successfully

2020-06-08 15:38:55 - [TEST_STEP][PASSED] - callTestCase(findTestCase("Components/HighlightLabelFieldXPI"), ["LblName":"KIV Case Due Date ", "index":5], STOP_ON_FAILURE): Call Test Case 'Test Cases/Components/HighlightLabelFieldXPI' successfully

2020-06-08 15:38:55 - [TEST_CASE][PASSED] - Test Cases/Components/HighlightLabelFieldXPI: Test Cases/Components/HighlightLabelFieldXPI

2020-06-08 15:38:55 - [TEST_STEP][PASSED] - Thread.sleep(1000): null

2020-06-08 15:38:56 - [TEST_STEP][PASSED] - modifiedLblNm = modifyObjectProperty(findTestObject("Object Repository/Objects.HighlightElements/lblField_index"), "xpath", "equals", "(//*[contains(@class, 'x-form-item-label-inner x-form-item-label-inner-default') and contains(., '" + LblName + "')])[" + index + "]", true): Modify property of object successfully

2020-06-08 15:38:56 - [MESSAGE][PASSED] - Modify property of object successfully

2020-06-08 15:38:56 - [TEST_STEP][PASSED] - com.reusableComponents.HighlightElement.run(modifiedLblNm): com.reusableComponents.HighlightElement.run is PASSED

2020-06-08 15:38:56 - [MESSAGE][PASSED] - com.reusableComponents.HighlightElement.run is PASSED

2020-06-08 15:38:56 - [MESSAGE][PASSED] - Call Test Case 'Test Cases/Components/HighlightLabelFieldXPI' successfully

2020-06-08 15:38:56 - [TEST_STEP][PASSED] - callTestCase(findTestCase("Components/HighlightInputIndexField"), ["InputName":"expiryDate", "index":9], STOP_ON_FAILURE): Call Test Case 'Test Cases/Components/HighlightInputIndexField' successfully

2020-06-08 15:38:56 - [TEST_CASE][PASSED] - Test Cases/Components/HighlightInputIndexField: Test Cases/Components/HighlightInputIndexField

2020-06-08 15:38:56 - [TEST_STEP][PASSED] - Thread.sleep(1000): null

2020-06-08 15:38:57 - [TEST_STEP][PASSED] - modifiedInputFld = modifyObjectProperty(findTestObject("Objects.HighlightElements/input_field_index"), "xpath", "equals", "(//*[contains(@class,'x-form-text') and (@name='" + InputName + "')])[" + index + "]", true): Modify property of object successfully

2020-06-08 15:38:57 - [MESSAGE][PASSED] - Modify property of object successfully

2020-06-08 15:38:57 - [TEST_STEP][PASSED] - com.reusableComponents.HighlightElement.run(modifiedInputFld): com.reusableComponents.HighlightElement.run is PASSED

2020-06-08 15:38:58 - [MESSAGE][PASSED] - com.reusableComponents.HighlightElement.run is PASSED

2020-06-08 15:38:58 - [MESSAGE][PASSED] - Call Test Case 'Test Cases/Components/HighlightInputIndexField' successfully

2020-06-08 15:38:58 - [TEST_STEP][PASSED] - callTestCase(findTestCase("PFI Precision and Scale/PFI Components with Indexing/VerifyDefaultValueIndex"), ["FieldNm":"expiryDate", "index":11], STOP_ON_FAILURE): Call Test Case 'Test Cases/PFI Precision and Scale/PFI Components with Indexing/VerifyDefaultValueIndex' successfully

2020-06-08 15:38:58 - [TEST_CASE][PASSED] - Test Cases/PFI Precision and Scale/PFI Components with Indexing/VerifyDefaultValueIndex: Test Cases/PFI Precision and Scale/PFI Components with Indexing/VerifyDefaultValueIndex

2020-06-08 15:38:58 - [TEST_STEP][PASSED] - Thread.sleep(1000): null

2020-06-08 15:38:59 - [TEST_STEP][PASSED] - DefaultValueHM = ["periodType":"Working Day(s)", "noOfDays":"14", "inspWeight":"1", "inspModule":"PSI", "inspCaseType":"PSI Processing (SM)"]: null

2020-06-08 15:38:59 - [TEST_STEP][PASSED] - NewFieldNm = modifyObjectProperty(findTestObject("Object Repository/Objects.HighlightElements/input_field_index"), "xpath", "equals", "(//*[contains(@name,'" + FieldNm + "')])[" + index + "]", true): Modify property of object successfully

2020-06-08 15:38:59 - [MESSAGE][PASSED] - Modify property of object successfully

2020-06-08 15:38:59 - [TEST_STEP][PASSED] - focus(NewFieldNm): Object: 'Object Repository/Objects.HighlightElements/input_field_index' is focused

2020-06-08 15:38:59 - [MESSAGE][PASSED] - Object: 'Object Repository/Objects.HighlightElements/input_field_index' is focused

2020-06-08 15:38:59 - [TEST_STEP][PASSED] - DefVal = getAttribute(NewFieldNm, "value", STOP_ON_FAILURE): Attribute 'value' of object 'Object Repository/Objects.HighlightElements/input_field_index' is: ''

2020-06-08 15:38:59 - [MESSAGE][PASSED] - Attribute 'value' of object 'Object Repository/Objects.HighlightElements/input_field_index' is: ''

2020-06-08 15:38:59 - [TEST_STEP][PASSED] - switch (FieldNm): null

2020-06-08 15:38:59 - [TEST_STEP][PASSED] - Default: null

2020-06-08 15:38:59 - [TEST_STEP][PASSED] - ExpectedDefVal = DefaultValueHM.get(FieldNm): null

2020-06-08 15:38:59 - [TEST_STEP][PASSED] - if (ExpectedDefVal != null): null

2020-06-08 15:38:59 - [TEST_STEP][PASSED] - else: Actual text '' and expected text '' are matched  using regular expression

2020-06-08 15:38:59 - [TEST_STEP][PASSED] - verifyMatch(DefVal, "", true): Actual text '' and expected text '' are matched  using regular expression

2020-06-08 15:38:59 - [MESSAGE][PASSED] - Actual text '' and expected text '' are matched  using regular expression

2020-06-08 15:38:59 - [TEST_STEP][PASSED] - break: null

2020-06-08 15:38:59 - [MESSAGE][PASSED] - Call Test Case 'Test Cases/PFI Precision and Scale/PFI Components with Indexing/VerifyDefaultValueIndex' successfully

2020-06-08 15:38:59 - [TEST_STEP][PASSED] - callTestCase(findTestCase("PFI Precision and Scale/PFI Components with Indexing/NumericTextboxValidationIndex"), ["nameToBeUsed":"expiryDate", "index":9, "minLen":10], STOP_ON_FAILURE): Call Test Case 'Test Cases/PFI Precision and Scale/PFI Components with Indexing/NumericTextboxValidationIndex' successfully

2020-06-08 15:38:59 - [TEST_CASE][PASSED] - Test Cases/PFI Precision and Scale/PFI Components with Indexing/NumericTextboxValidationIndex: Test Cases/PFI Precision and Scale/PFI Components with Indexing/NumericTextboxValidationIndex

2020-06-08 15:38:59 - [TEST_STEP][PASSED] - Thread.sleep(1000): null

2020-06-08 15:39:00 - [TEST_STEP][PASSED] - Numeric = "0123456789": null

2020-06-08 15:39:00 - [TEST_STEP][PASSED] - AlphaSpecialChar = z) + "`~!@#$%^&*()=_{}|\][;'":,?><"".join(): null

2020-06-08 15:39:00 - [TEST_STEP][PASSED] - RandomNumeric = RandomStringUtils.random(minLen, Numeric.toCharArray()): null

2020-06-08 15:39:00 - [TEST_STEP][PASSED] - RandomString = RandomStringUtils.random(minLen, AlphaSpecialChar): null

2020-06-08 15:39:00 - [TEST_STEP][PASSED] - regexPat = Pattern.compile("^[0-9]+$"): null

2020-06-08 15:39:00 - [TEST_STEP][PASSED] - NewInputNmField = modifyObjectProperty(findTestObject("Object Repository/Objects.HighlightElements/input_field_index"), "xpath", "equals", "(//*[contains(@class,'x-form-text') and (@name='" + nameToBeUsed + "')])[" + index + "]", true): Modify property of object successfully

2020-06-08 15:39:00 - [MESSAGE][PASSED] - Modify property of object successfully

2020-06-08 15:39:00 - [TEST_STEP][PASSED] - focus(NewInputNmField): Object: 'Object Repository/Objects.HighlightElements/input_field_index' is focused

2020-06-08 15:39:00 - [MESSAGE][PASSED] - Object: 'Object Repository/Objects.HighlightElements/input_field_index' is focused

2020-06-08 15:39:00 - [TEST_STEP][PASSED] - setText(NewInputNmField, RandomString): Text 'q~X:%ntfJL' is set on object 'Object Repository/Objects.HighlightElements/input_field_index'

2020-06-08 15:39:00 - [MESSAGE][PASSED] - Text 'q~X:%ntfJL' is set on object 'Object Repository/Objects.HighlightElements/input_field_index'

2020-06-08 15:39:01 - [TEST_STEP][PASSED] - GetInputVal = getAttribute(NewInputNmField, "value"): Attribute 'value' of object 'Object Repository/Objects.HighlightElements/input_field_index' is: ''

2020-06-08 15:39:01 - [MESSAGE][PASSED] - Attribute 'value' of object 'Object Repository/Objects.HighlightElements/input_field_index' is: ''

2020-06-08 15:39:01 - [TEST_STEP][PASSED] - if (GetInputVal.contains("e")): null

2020-06-08 15:39:01 - [TEST_STEP][PASSED] - else: Actual text '' and expected text '' are matched  using regular expression

2020-06-08 15:39:01 - [TEST_STEP][PASSED] - verifyMatch(GetInputVal, "", true): Actual text '' and expected text '' are matched  using regular expression

2020-06-08 15:39:01 - [MESSAGE][PASSED] - Actual text '' and expected text '' are matched  using regular expression

2020-06-08 15:39:01 - [TEST_STEP][PASSED] - setText(NewInputNmField, RandomNumeric): Text '6433014946' is set on object 'Object Repository/Objects.HighlightElements/input_field_index'

2020-06-08 15:39:01 - [MESSAGE][PASSED] - Text '6433014946' is set on object 'Object Repository/Objects.HighlightElements/input_field_index'

2020-06-08 15:39:01 - [TEST_STEP][PASSED] - GetEnteredIntegers = getAttribute(NewInputNmField, "value"): Attribute 'value' of object 'Object Repository/Objects.HighlightElements/input_field_index' is: '6433014946'

2020-06-08 15:39:01 - [MESSAGE][PASSED] - Attribute 'value' of object 'Object Repository/Objects.HighlightElements/input_field_index' is: '6433014946'

2020-06-08 15:39:01 - [TEST_STEP][PASSED] - matchStr = regexPat.matcher(GetEnteredIntegers): null

2020-06-08 15:39:01 - [TEST_STEP][PASSED] - if (matchStr.matches() == true): Accepting Numeric

2020-06-08 15:39:01 - [TEST_STEP][PASSED] - comment("Accepting Numeric"): Accepting Numeric

2020-06-08 15:39:01 - [MESSAGE][INFO] - Accepting Numeric

2020-06-08 15:39:01 - [MESSAGE][PASSED] - Call Test Case 'Test Cases/PFI Precision and Scale/PFI Components with Indexing/NumericTextboxValidationIndex' successfully

2020-06-08 15:39:01 - [TEST_STEP][PASSED] - callTestCase(findTestCase("PFI Precision and Scale/PFI Components with Indexing/InvalidDateErrorValidationIndex"), ["FldNm":"expiryDate", "index":9], STOP_ON_FAILURE): Call Test Case 'Test Cases/PFI Precision and Scale/PFI Components with Indexing/InvalidDateErrorValidationIndex' successfully

2020-06-08 15:39:01 - [TEST_CASE][PASSED] - Test Cases/PFI Precision and Scale/PFI Components with Indexing/InvalidDateErrorValidationIndex: Test Cases/PFI Precision and Scale/PFI Components with Indexing/InvalidDateErrorValidationIndex

2020-06-08 15:39:01 - [TEST_STEP][PASSED] - Thread.sleep(1000): null

2020-06-08 15:39:02 - [TEST_STEP][PASSED] - DateFieldNm = modifyObjectProperty(findTestObject("Object Repository/Objects.HighlightElements/input_field_index"), "xpath", "equals", "(//*[contains(@class,'x-form-text') and (@name='" + FldNm + "')])[" + index + "]", true): Modify property of object successfully

2020-06-08 15:39:02 - [MESSAGE][PASSED] - Modify property of object successfully

2020-06-08 15:39:02 - [TEST_STEP][PASSED] - focus(DateFieldNm): Object: 'Object Repository/Objects.HighlightElements/input_field_index' is focused

2020-06-08 15:39:02 - [MESSAGE][PASSED] - Object: 'Object Repository/Objects.HighlightElements/input_field_index' is focused

2020-06-08 15:39:02 - [TEST_STEP][PASSED] - getInputInvalidDate = getAttribute(DateFieldNm, "value"): Attribute 'value' of object 'Object Repository/Objects.HighlightElements/input_field_index' is: '6433014946'

2020-06-08 15:39:02 - [MESSAGE][PASSED] - Attribute 'value' of object 'Object Repository/Objects.HighlightElements/input_field_index' is: '6433014946'

2020-06-08 15:39:02 - [TEST_STEP][PASSED] - mouseOver(DateFieldNm): Object: 'Object Repository/Objects.HighlightElements/input_field_index' is hovered

2020-06-08 15:39:02 - [MESSAGE][PASSED] - Object: 'Object Repository/Objects.HighlightElements/input_field_index' is hovered

2020-06-08 15:39:02 - [TEST_STEP][PASSED] - getErrMsg = getAttribute(DateFieldNm, "data-errorqtip"): Attribute 'data-errorqtip' of object 'Object Repository/Objects.HighlightElements/input_field_index' is: '<ul class="x-list-plain"><li>6433014946 is not a valid date - it must be in the format d/m/Y</li></ul>'

2020-06-08 15:39:02 - [MESSAGE][PASSED] - Attribute 'data-errorqtip' of object 'Object Repository/Objects.HighlightElements/input_field_index' is: '<ul class="x-list-plain"><li>6433014946 is not a valid date - it must be in the format d/m/Y</li></ul>'

2020-06-08 15:39:02 - [TEST_STEP][PASSED] - getTotalLength = getErrMsg.length(): null

2020-06-08 15:39:02 - [TEST_STEP][PASSED] - RemoveULClass = getErrMsg.substring(29, getTotalLength): null

2020-06-08 15:39:02 - [TEST_STEP][PASSED] - LengthNoUlClass = RemoveULClass.length() - 10: null

2020-06-08 15:39:02 - [TEST_STEP][PASSED] - ToolTipInvErrMsg = RemoveULClass.substring(0, LengthNoUlClass): null

2020-06-08 15:39:02 - [TEST_STEP][PASSED] - ExpectedInvalidErrMsg = concatenate(getInputInvalidDate, " ", NotValidDt): Concatenated string array: '['6433014946',' ','is not a valid date - it must be in the format d/m/Y']' into '6433014946 is not a valid date - it must be in the format d/m/Y'

2020-06-08 15:39:02 - [MESSAGE][PASSED] - Concatenated string array: '['6433014946',' ','is not a valid date - it must be in the format d/m/Y']' into '6433014946 is not a valid date - it must be in the format d/m/Y'

2020-06-08 15:39:02 - [TEST_STEP][PASSED] - verifyMatch(ToolTipInvErrMsg, ExpectedInvalidErrMsg, true): Actual text '6433014946 is not a valid date - it must be in the format d/m/Y' and expected text '6433014946 is not a valid date - it must be in the format d/m/Y' are matched  using regular expression

2020-06-08 15:39:02 - [MESSAGE][PASSED] - Actual text '6433014946 is not a valid date - it must be in the format d/m/Y' and expected text '6433014946 is not a valid date - it must be in the format d/m/Y' are matched  using regular expression

2020-06-08 15:39:02 - [MESSAGE][PASSED] - Call Test Case 'Test Cases/PFI Precision and Scale/PFI Components with Indexing/InvalidDateErrorValidationIndex' successfully

2020-06-08 15:39:02 - [TEST_STEP][PASSED] - callTestCase(findTestCase("PFI Precision and Scale/PFI Components with Indexing/SelectDayInDatePickerWithIndexII"), ["FldNm":"expiryDate", "SelectCurrentDay":"18", "index":1, "idx":9], STOP_ON_FAILURE): Call Test Case 'Test Cases/PFI Precision and Scale/PFI Components with Indexing/SelectDayInDatePickerWithIndexII' successfully

2020-06-08 15:39:03 - [TEST_CASE][PASSED] - Test Cases/PFI Precision and Scale/PFI Components with Indexing/SelectDayInDatePickerWithIndexII: Test Cases/PFI Precision and Scale/PFI Components with Indexing/SelectDayInDatePickerWithIndexII

2020-06-08 15:39:03 - [TEST_STEP][PASSED] - Thread.sleep(1000): null

2020-06-08 15:39:04 - [TEST_STEP][PASSED] - DateInputFld = modifyObjectProperty(findTestObject("Objects.HighlightElements/input_field_index"), "xpath", "equals", "(//*[contains(@class,'x-form-text') and (@name='" + FldNm + "')])[" + idx + "]", true): Modify property of object successfully

2020-06-08 15:39:04 - [MESSAGE][PASSED] - Modify property of object successfully

2020-06-08 15:39:04 - [TEST_STEP][PASSED] - ModifiedDay = modifyObjectProperty(findTestObject("Objects.DateValidation/Page_ISPS2/Select_Day_Index"), "xpath", "equals", "(//*[contains(@class, 'x-datepicker-date') and (text() = '" + SelectCurrentDay + "')])[" + index + "]", true): Modify property of object successfully

2020-06-08 15:39:04 - [MESSAGE][PASSED] - Modify property of object successfully

2020-06-08 15:39:04 - [TEST_STEP][PASSED] - sendKeys(DateInputFld, Keys.chord(ARROW_DOWN)): Keys 'DOWN + ' sent to object: 'Object Repository/Objects.HighlightElements/input_field_index'

2020-06-08 15:39:04 - [MESSAGE][PASSED] - Keys 'DOWN + ' sent to object: 'Object Repository/Objects.HighlightElements/input_field_index'

2020-06-08 15:39:04 - [TEST_STEP][PASSED] - com.reusableComponents.HighlightElement.run(ModifiedDay): com.reusableComponents.HighlightElement.run is PASSED

2020-06-08 15:39:05 - [MESSAGE][PASSED] - com.reusableComponents.HighlightElement.run is PASSED

2020-06-08 15:39:05 - [TEST_STEP][PASSED] - delay(1): Delayed 1 second(s)

2020-06-08 15:39:06 - [MESSAGE][PASSED] - Delayed 1 second(s)

2020-06-08 15:39:06 - [TEST_STEP][PASSED] - click(ModifiedDay): Object: 'Object Repository/Objects.DateValidation/Page_ISPS2/Select_Day_Index' is clicked on

2020-06-08 15:39:06 - [MESSAGE][PASSED] - Object: 'Object Repository/Objects.DateValidation/Page_ISPS2/Select_Day_Index' is clicked on

2020-06-08 15:39:06 - [TEST_STEP][PASSED] - GetError = getAttribute(DateInputFld, "data-errorqtip"): Attribute 'data-errorqtip' of object 'Object Repository/Objects.HighlightElements/input_field_index' is: ''

2020-06-08 15:39:06 - [MESSAGE][PASSED] - Attribute 'data-errorqtip' of object 'Object Repository/Objects.HighlightElements/input_field_index' is: ''

2020-06-08 15:39:06 - [TEST_STEP][PASSED] - if (GetError == ""): null

2020-06-08 15:39:06 - [TEST_STEP][PASSED] - GetEnteredDate = getAttribute(DateInputFld, "value"): Attribute 'value' of object 'Object Repository/Objects.HighlightElements/input_field_index' is: '18/06/2020'

2020-06-08 15:39:06 - [MESSAGE][PASSED] - Attribute 'value' of object 'Object Repository/Objects.HighlightElements/input_field_index' is: '18/06/2020'

2020-06-08 15:39:06 - [TEST_STEP][PASSED] - DatePattern = Pattern.compile("^(1[0-2]|0[1-9])/(3[01]|[12][0-9]|0[1-9])/[0-9]{4}$"): null

2020-06-08 15:39:06 - [TEST_STEP][PASSED] - VerifyDateFormat = DatePattern.matcher(GetEnteredDate): null

2020-06-08 15:39:06 - [TEST_STEP][PASSED] - if (VerifyDateFormat.matches() == true): null

2020-06-08 15:39:06 - [MESSAGE][PASSED] - Call Test Case 'Test Cases/PFI Precision and Scale/PFI Components with Indexing/SelectDayInDatePickerWithIndexII' successfully

2020-06-08 15:39:06 - [TEST_STEP][PASSED] - callTestCase(findTestCase("PFI Precision and Scale/PFI Components with Indexing/SelectTodayInDatePickerIndex"), ["FldNm":"expiryDate", "index":1, "idx":9], STOP_ON_FAILURE): Call Test Case 'Test Cases/PFI Precision and Scale/PFI Components with Indexing/SelectTodayInDatePickerIndex' successfully

2020-06-08 15:39:06 - [TEST_CASE][PASSED] - Test Cases/PFI Precision and Scale/PFI Components with Indexing/SelectTodayInDatePickerIndex: Test Cases/PFI Precision and Scale/PFI Components with Indexing/SelectTodayInDatePickerIndex

2020-06-08 15:39:06 - [TEST_STEP][PASSED] - Thread.sleep(1000): null

2020-06-08 15:39:07 - [TEST_STEP][PASSED] - date = new java.util.Date(): null

2020-06-08 15:39:07 - [TEST_STEP][PASSED] - CurrentDate = new java.text.SimpleDateFormat(dd/MM/yyyy): null

2020-06-08 15:39:07 - [TEST_STEP][PASSED] - TodayDate = CurrentDate.format(date): null

2020-06-08 15:39:07 - [TEST_STEP][PASSED] - DateFieldNm = modifyObjectProperty(findTestObject("Objects.HighlightElements/input_field_index"), "xpath", "equals", "(//*[contains(@class,'x-form-text') and (@name='" + FldNm + "')])[" + idx + "]", true): Modify property of object successfully

2020-06-08 15:39:07 - [MESSAGE][PASSED] - Modify property of object successfully

2020-06-08 15:39:07 - [TEST_STEP][PASSED] - TodayBtn = modifyObjectProperty(findTestObject("Object Repository/Objects.DateValidation/Page_ISPS2/a_Today"), "xpath", "equals", "(//*[text() = 'Today'])[" + index + "]", true): Modify property of object successfully

2020-06-08 15:39:07 - [MESSAGE][PASSED] - Modify property of object successfully

2020-06-08 15:39:07 - [TEST_STEP][PASSED] - sendKeys(DateFieldNm, Keys.chord(ARROW_DOWN)): Keys 'DOWN + ' sent to object: 'Object Repository/Objects.HighlightElements/input_field_index'

2020-06-08 15:39:07 - [MESSAGE][PASSED] - Keys 'DOWN + ' sent to object: 'Object Repository/Objects.HighlightElements/input_field_index'

2020-06-08 15:39:07 - [TEST_STEP][PASSED] - com.reusableComponents.HighlightElement.run(TodayBtn): com.reusableComponents.HighlightElement.run is PASSED

2020-06-08 15:39:07 - [MESSAGE][PASSED] - com.reusableComponents.HighlightElement.run is PASSED

2020-06-08 15:39:07 - [TEST_STEP][PASSED] - click(TodayBtn): Object: 'Object Repository/Objects.DateValidation/Page_ISPS2/a_Today' is clicked on

2020-06-08 15:39:08 - [MESSAGE][PASSED] - Object: 'Object Repository/Objects.DateValidation/Page_ISPS2/a_Today' is clicked on

2020-06-08 15:39:08 - [TEST_STEP][PASSED] - GetEnteredDate = getAttribute(DateFieldNm, "value"): Attribute 'value' of object 'Object Repository/Objects.HighlightElements/input_field_index' is: '08/06/2020'

2020-06-08 15:39:08 - [MESSAGE][PASSED] - Attribute 'value' of object 'Object Repository/Objects.HighlightElements/input_field_index' is: '08/06/2020'

2020-06-08 15:39:08 - [TEST_STEP][PASSED] - verifyMatch(GetEnteredDate, TodayDate, true): Actual text '08/06/2020' and expected text '08/06/2020' are matched  using regular expression

2020-06-08 15:39:08 - [MESSAGE][PASSED] - Actual text '08/06/2020' and expected text '08/06/2020' are matched  using regular expression

2020-06-08 15:39:08 - [MESSAGE][PASSED] - Call Test Case 'Test Cases/PFI Precision and Scale/PFI Components with Indexing/SelectTodayInDatePickerIndex' successfully

2020-06-08 15:39:08 - [TEST_STEP][PASSED] - callTestCase(findTestCase("Components/SelectAllThenDeleteIndex"), ["nameToBeUsed":"expiryDate", "index":9], STOP_ON_FAILURE): Call Test Case 'Test Cases/Components/SelectAllThenDeleteIndex' successfully

2020-06-08 15:39:08 - [TEST_CASE][PASSED] - Test Cases/Components/SelectAllThenDeleteIndex: Test Cases/Components/SelectAllThenDeleteIndex

2020-06-08 15:39:08 - [TEST_STEP][PASSED] - Thread.sleep(1000): null

2020-06-08 15:39:09 - [TEST_STEP][PASSED] - modifiedObj = modifyObjectProperty(findTestObject("Object Repository/Objects.HighlightElements/input_field_index"), "xpath", "equals", "(//*[contains(@class,'x-form-text') and (@name='" + nameToBeUsed + "')])[" + index + "]", true): Modify property of object successfully

2020-06-08 15:39:09 - [MESSAGE][PASSED] - Modify property of object successfully

2020-06-08 15:39:09 - [TEST_STEP][PASSED] - focus(modifiedObj): Object: 'Object Repository/Objects.HighlightElements/input_field_index' is focused

2020-06-08 15:39:09 - [MESSAGE][PASSED] - Object: 'Object Repository/Objects.HighlightElements/input_field_index' is focused

2020-06-08 15:39:09 - [TEST_STEP][PASSED] - sendKeys(modifiedObj, Keys.chord(CONTROL, "a")): Keys 'CONTROL + a' sent to object: 'Object Repository/Objects.HighlightElements/input_field_index'

2020-06-08 15:39:09 - [MESSAGE][PASSED] - Keys 'CONTROL + a' sent to object: 'Object Repository/Objects.HighlightElements/input_field_index'

2020-06-08 15:39:09 - [TEST_STEP][PASSED] - sendKeys(modifiedObj, Keys.chord(DELETE)): Keys 'DELETE + ' sent to object: 'Object Repository/Objects.HighlightElements/input_field_index'

2020-06-08 15:39:09 - [MESSAGE][PASSED] - Keys 'DELETE + ' sent to object: 'Object Repository/Objects.HighlightElements/input_field_index'

2020-06-08 15:39:09 - [MESSAGE][PASSED] - Call Test Case 'Test Cases/Components/SelectAllThenDeleteIndex' successfully

2020-06-08 15:39:09 - [TEST_STEP][PASSED] - callTestCase(findTestCase("PFI Precision and Scale/PFI Components with Indexing/RequiredFieldValidationIndex"), ["nameToBeUsed":"expiryDate", "index":9], STOP_ON_FAILURE): Call Test Case 'Test Cases/PFI Precision and Scale/PFI Components with Indexing/RequiredFieldValidationIndex' successfully

2020-06-08 15:39:09 - [TEST_CASE][PASSED] - Test Cases/PFI Precision and Scale/PFI Components with Indexing/RequiredFieldValidationIndex: Test Cases/PFI Precision and Scale/PFI Components with Indexing/RequiredFieldValidationIndex

2020-06-08 15:39:09 - [TEST_STEP][PASSED] - Thread.sleep(2000): null

2020-06-08 15:39:11 - [TEST_STEP][PASSED] - NewInputNmField = modifyObjectProperty(findTestObject("Objects.HighlightElements/input_field_index"), "xpath", "equals", "(//*[contains(@class,'x-form-text') and (@name='" + nameToBeUsed + "')])[" + index + "]", true): Modify property of object successfully

2020-06-08 15:39:11 - [MESSAGE][PASSED] - Modify property of object successfully

2020-06-08 15:39:11 - [TEST_STEP][PASSED] - mouseOver(NewInputNmField): Object: 'Object Repository/Objects.HighlightElements/input_field_index' is hovered

2020-06-08 15:39:11 - [MESSAGE][PASSED] - Object: 'Object Repository/Objects.HighlightElements/input_field_index' is hovered

2020-06-08 15:39:11 - [TEST_STEP][PASSED] - getRqErrMsg = getAttribute(NewInputNmField, "data-errorqtip"): Attribute 'data-errorqtip' of object 'Object Repository/Objects.HighlightElements/input_field_index' is: '<ul class="x-list-plain"><li>This field is required</li></ul>'

2020-06-08 15:39:11 - [MESSAGE][PASSED] - Attribute 'data-errorqtip' of object 'Object Repository/Objects.HighlightElements/input_field_index' is: '<ul class="x-list-plain"><li>This field is required</li></ul>'

2020-06-08 15:39:11 - [TEST_STEP][PASSED] - strToolTip = getRqErrMsg.substring(29, 61): null

2020-06-08 15:39:11 - [TEST_STEP][PASSED] - toolTipReqErrMsg = strToolTip.substring(0, 22): null

2020-06-08 15:39:11 - [TEST_STEP][PASSED] - verifyMatch(toolTipReqErrMsg, RqField, true): Actual text 'This field is required' and expected text 'This field is required' are matched  using regular expression

2020-06-08 15:39:11 - [MESSAGE][PASSED] - Actual text 'This field is required' and expected text 'This field is required' are matched  using regular expression

2020-06-08 15:39:11 - [MESSAGE][PASSED] - Call Test Case 'Test Cases/PFI Precision and Scale/PFI Components with Indexing/RequiredFieldValidationIndex' successfully

2020-06-08 15:39:11 - [TEST_STEP][PASSED] - callTestCase(findTestCase("Components/HighlightLabelIndexField"), ["LblName":"Remarks:", "index":17], STOP_ON_FAILURE): Call Test Case 'Test Cases/Components/HighlightLabelIndexField' successfully

2020-06-08 15:39:11 - [TEST_CASE][PASSED] - Test Cases/Components/HighlightLabelIndexField: Test Cases/Components/HighlightLabelIndexField

2020-06-08 15:39:11 - [TEST_STEP][PASSED] - Thread.sleep(1000): null

2020-06-08 15:39:12 - [TEST_STEP][PASSED] - modifiedLblNm = modifyObjectProperty(findTestObject("Object Repository/Objects.HighlightElements/lblField_index"), "xpath", "equals", "(//*[contains(@class,'x-form-item-label-inner') and (text()='" + LblName + "')])[" + index + "]", true): Modify property of object successfully

2020-06-08 15:39:12 - [MESSAGE][PASSED] - Modify property of object successfully

2020-06-08 15:39:12 - [TEST_STEP][PASSED] - com.reusableComponents.HighlightElement.run(modifiedLblNm): com.reusableComponents.HighlightElement.run is PASSED

2020-06-08 15:39:13 - [MESSAGE][PASSED] - com.reusableComponents.HighlightElement.run is PASSED

2020-06-08 15:39:13 - [MESSAGE][PASSED] - Call Test Case 'Test Cases/Components/HighlightLabelIndexField' successfully

2020-06-08 15:39:13 - [TEST_STEP][PASSED] - callTestCase(findTestCase("Components/HighlightInputIndexField"), ["InputName":"remarks", "index":7], STOP_ON_FAILURE): Call Test Case 'Test Cases/Components/HighlightInputIndexField' successfully

2020-06-08 15:39:13 - [TEST_CASE][PASSED] - Test Cases/Components/HighlightInputIndexField: Test Cases/Components/HighlightInputIndexField

2020-06-08 15:39:13 - [TEST_STEP][PASSED] - Thread.sleep(1000): null

2020-06-08 15:39:14 - [TEST_STEP][PASSED] - modifiedInputFld = modifyObjectProperty(findTestObject("Objects.HighlightElements/input_field_index"), "xpath", "equals", "(//*[contains(@class,'x-form-text') and (@name='" + InputName + "')])[" + index + "]", true): Modify property of object successfully

2020-06-08 15:39:14 - [MESSAGE][PASSED] - Modify property of object successfully

2020-06-08 15:39:14 - [TEST_STEP][PASSED] - com.reusableComponents.HighlightElement.run(modifiedInputFld): com.reusableComponents.HighlightElement.run is PASSED

2020-06-08 15:39:14 - [MESSAGE][PASSED] - com.reusableComponents.HighlightElement.run is PASSED

2020-06-08 15:39:14 - [MESSAGE][PASSED] - Call Test Case 'Test Cases/Components/HighlightInputIndexField' successfully

2020-06-08 15:39:14 - [TEST_STEP][PASSED] - callTestCase(findTestCase("PFI Precision and Scale/PFI Components with Indexing/VerifyDefaultValueIndex"), ["FieldNm":"remarks", "index":9], STOP_ON_FAILURE): Call Test Case 'Test Cases/PFI Precision and Scale/PFI Components with Indexing/VerifyDefaultValueIndex' successfully

2020-06-08 15:39:14 - [TEST_CASE][PASSED] - Test Cases/PFI Precision and Scale/PFI Components with Indexing/VerifyDefaultValueIndex: Test Cases/PFI Precision and Scale/PFI Components with Indexing/VerifyDefaultValueIndex

2020-06-08 15:39:14 - [TEST_STEP][PASSED] - Thread.sleep(1000): null

2020-06-08 15:39:15 - [TEST_STEP][PASSED] - DefaultValueHM = ["periodType":"Working Day(s)", "noOfDays":"14", "inspWeight":"1", "inspModule":"PSI", "inspCaseType":"PSI Processing (SM)"]: null

2020-06-08 15:39:15 - [TEST_STEP][PASSED] - NewFieldNm = modifyObjectProperty(findTestObject("Object Repository/Objects.HighlightElements/input_field_index"), "xpath", "equals", "(//*[contains(@name,'" + FieldNm + "')])[" + index + "]", true): Modify property of object successfully

2020-06-08 15:39:15 - [MESSAGE][PASSED] - Modify property of object successfully

2020-06-08 15:39:15 - [TEST_STEP][PASSED] - focus(NewFieldNm): Object: 'Object Repository/Objects.HighlightElements/input_field_index' is focused

2020-06-08 15:39:15 - [MESSAGE][PASSED] - Object: 'Object Repository/Objects.HighlightElements/input_field_index' is focused

2020-06-08 15:39:15 - [TEST_STEP][PASSED] - DefVal = getAttribute(NewFieldNm, "value", STOP_ON_FAILURE): Attribute 'value' of object 'Object Repository/Objects.HighlightElements/input_field_index' is: ''

2020-06-08 15:39:15 - [MESSAGE][PASSED] - Attribute 'value' of object 'Object Repository/Objects.HighlightElements/input_field_index' is: ''

2020-06-08 15:39:15 - [TEST_STEP][PASSED] - switch (FieldNm): null

2020-06-08 15:39:15 - [TEST_STEP][PASSED] - Default: null

2020-06-08 15:39:15 - [TEST_STEP][PASSED] - ExpectedDefVal = DefaultValueHM.get(FieldNm): null

2020-06-08 15:39:15 - [TEST_STEP][PASSED] - if (ExpectedDefVal != null): null

2020-06-08 15:39:15 - [TEST_STEP][PASSED] - else: Actual text '' and expected text '' are matched  using regular expression

2020-06-08 15:39:15 - [TEST_STEP][PASSED] - verifyMatch(DefVal, "", true): Actual text '' and expected text '' are matched  using regular expression

2020-06-08 15:39:15 - [MESSAGE][PASSED] - Actual text '' and expected text '' are matched  using regular expression

2020-06-08 15:39:15 - [TEST_STEP][PASSED] - break: null

2020-06-08 15:39:15 - [MESSAGE][PASSED] - Call Test Case 'Test Cases/PFI Precision and Scale/PFI Components with Indexing/VerifyDefaultValueIndex' successfully

2020-06-08 15:39:15 - [TEST_STEP][PASSED] - callTestCase(findTestCase("PFI Precision and Scale/PFI Components with Indexing/AlphaNumericSpecialValidationIndex"), ["FldNm":"remarks", "LenChar":10, "index":7], STOP_ON_FAILURE): Call Test Case 'Test Cases/PFI Precision and Scale/PFI Components with Indexing/AlphaNumericSpecialValidationIndex' successfully

2020-06-08 15:39:16 - [TEST_CASE][PASSED] - Test Cases/PFI Precision and Scale/PFI Components with Indexing/AlphaNumericSpecialValidationIndex: Test Cases/PFI Precision and Scale/PFI Components with Indexing/AlphaNumericSpecialValidationIndex

2020-06-08 15:39:16 - [TEST_STEP][PASSED] - charset = /?><"".join(): null

2020-06-08 15:39:16 - [TEST_STEP][PASSED] - AlphaNumeric = 9).join(): null

2020-06-08 15:39:16 - [TEST_STEP][PASSED] - SpecialChar = "`~!@#$%^&*()-=+_{}|\][;'":,./?><"": null

2020-06-08 15:39:16 - [TEST_STEP][PASSED] - RandomString = RandomStringUtils.random(LenChar, AlphaNumeric.toCharArray()): null

2020-06-08 15:39:16 - [TEST_STEP][PASSED] - RdmSpChar = RandomStringUtils.random(LenChar, SpecialChar): null

2020-06-08 15:39:16 - [TEST_STEP][PASSED] - regexPat = Pattern.compile("^[A-Za-z0-9 ]+$"): null

2020-06-08 15:39:16 - [TEST_STEP][PASSED] - NewInputNmField = modifyObjectProperty(findTestObject("Object Repository/Objects.HighlightElements/input_field_index"), "xpath", "equals", "(//*[contains(@class,'x-form-text') and (@name='" + FldNm + "')])[" + index + "]", true): Modify property of object successfully

2020-06-08 15:39:16 - [MESSAGE][PASSED] - Modify property of object successfully

2020-06-08 15:39:16 - [TEST_STEP][PASSED] - setText(NewInputNmField, RandomString): Text 'ne6No5ISMd' is set on object 'Object Repository/Objects.HighlightElements/input_field_index'

2020-06-08 15:39:16 - [MESSAGE][PASSED] - Text 'ne6No5ISMd' is set on object 'Object Repository/Objects.HighlightElements/input_field_index'

2020-06-08 15:39:16 - [TEST_STEP][PASSED] - RemarksAN = getAttribute(NewInputNmField, "value"): Attribute 'value' of object 'Object Repository/Objects.HighlightElements/input_field_index' is: 'ne6No5ISMd'

2020-06-08 15:39:16 - [MESSAGE][PASSED] - Attribute 'value' of object 'Object Repository/Objects.HighlightElements/input_field_index' is: 'ne6No5ISMd'

2020-06-08 15:39:16 - [TEST_STEP][PASSED] - matchStr = regexPat.matcher(RemarksAN): null

2020-06-08 15:39:16 - [TEST_STEP][PASSED] - if (matchStr.matches() == true): Accepting Alphanumeric

2020-06-08 15:39:16 - [TEST_STEP][PASSED] - comment("Accepting Alphanumeric"): Accepting Alphanumeric

2020-06-08 15:39:16 - [MESSAGE][INFO] - Accepting Alphanumeric

2020-06-08 15:39:16 - [TEST_STEP][PASSED] - setText(NewInputNmField, RdmSpChar): Text '&[`/*\_-_|' is set on object 'Object Repository/Objects.HighlightElements/input_field_index'

2020-06-08 15:39:16 - [MESSAGE][PASSED] - Text '&[`/*\_-_|' is set on object 'Object Repository/Objects.HighlightElements/input_field_index'

2020-06-08 15:39:16 - [TEST_STEP][PASSED] - RemarksSpChar = getAttribute(NewInputNmField, "value"): Attribute 'value' of object 'Object Repository/Objects.HighlightElements/input_field_index' is: '&[`/*\_-_|'

2020-06-08 15:39:16 - [MESSAGE][PASSED] - Attribute 'value' of object 'Object Repository/Objects.HighlightElements/input_field_index' is: '&[`/*\_-_|'

2020-06-08 15:39:16 - [TEST_STEP][PASSED] - matchSp = regexPat.matcher(RemarksSpChar): null

2020-06-08 15:39:16 - [TEST_STEP][PASSED] - if (matchSp.matches() == false): Accepting Special Characters

2020-06-08 15:39:16 - [TEST_STEP][PASSED] - comment("Accepting Special Characters"): Accepting Special Characters

2020-06-08 15:39:16 - [MESSAGE][INFO] - Accepting Special Characters

2020-06-08 15:39:16 - [MESSAGE][PASSED] - Call Test Case 'Test Cases/PFI Precision and Scale/PFI Components with Indexing/AlphaNumericSpecialValidationIndex' successfully

2020-06-08 15:39:16 - [TEST_STEP][PASSED] - callTestCase(findTestCase("PFI Precision and Scale/PFI Components with Indexing/MaxCharLengthIndexValidation"), ["FieldNm":"remarks", "index":7, "MaxCharLen":1002], STOP_ON_FAILURE): Call Test Case 'Test Cases/PFI Precision and Scale/PFI Components with Indexing/MaxCharLengthIndexValidation' successfully

2020-06-08 15:39:16 - [TEST_CASE][PASSED] - Test Cases/PFI Precision and Scale/PFI Components with Indexing/MaxCharLengthIndexValidation: Test Cases/PFI Precision and Scale/PFI Components with Indexing/MaxCharLengthIndexValidation

2020-06-08 15:39:16 - [TEST_STEP][PASSED] - Thread.sleep(1000): null

2020-06-08 15:39:17 - [TEST_STEP][PASSED] - CharLengthTBL = ["aoNotes":4000, "notes":4000, "hseBlkNo":10, "buildingName":100, "unformattedAddress":4000, "courtNo":20, "caseGrpDesc":4000, ... ]: null

2020-06-08 15:39:17 - [TEST_STEP][PASSED] - charset = /?><"".join(): null

2020-06-08 15:39:17 - [TEST_STEP][PASSED] - RandomStringVal = RandomStringUtils.random(MaxCharLen, charset.toCharArray()): null

2020-06-08 15:39:17 - [TEST_STEP][PASSED] - NewInputNmField = modifyObjectProperty(findTestObject("Object Repository/Objects.HighlightElements/input_field_index"), "xpath", "equals", "(//*[contains(@class,'x-form-text') and (@name='" + FieldNm + "')])[" + index + "]", true): Modify property of object successfully

2020-06-08 15:39:17 - [MESSAGE][PASSED] - Modify property of object successfully

2020-06-08 15:39:17 - [TEST_STEP][PASSED] - setText(NewInputNmField, RandomStringVal): Text 'Y'R$sfk"0SE>&McC%[~DcJ)ce&J(1|O)>F4-d;FqgM}oaO;xpvq,liV"$</?4i"d$$z{D:F?HdK]+Xp34}=CsNc-X0;HQODv'{4Ro*#lTE1,/]E6Kn?tt;bFziCMKg[]Ia(ko~12AIc:w)-u(S4%?gpc4bg,.F?J}-k:L`K9k&!J"C"gTJ=MRSW&Zp5ll}cGPf@_V8[USE=0CYcDw4F95yj8P5kWpE-9{BR}~^,_$SAkdfPv<{`|A%/;c16^|HC"mx?[rl8c%Dl7n6#~w}8~CL,y.S-%->1K7U}($ZG]d'hEO'cjmNlrMM!Bw#G%qE,R'2TMLJ0r^b)P8d8"o="/cAyb25<y]T2kPi.VwX?L:W&.WcfV#Uor{c,M(8#y)=xA7W_I~Y,--X55e0:TnH;BJ[A/:#u}_r^dF?gRlgB$m{ta.[0d@^}=wcS#N7Z'u0l,|N8U"b&#DIm=mPNhSyDW;pJzD:oD!f-n!j:gv:t-)i*H1HO&-"s6@\i*.c]4-{V*"QZ%H!m7YOP.eP3&DZQtqv}[Sjd*0znL>e5V1!P3/YKi0m[X^=qd^!]mv.$Gs"[Zl^a]JO0cs'~NTSMqd#"/@74<n0.~%Q>VC;1CyHBOoZ+KbK<cW))`E#5996-d;r\_)(DobmUAp;v626(*LRI19s##|)?;TSDxw0+TukZ<y49{I]ptUxg$m_9A:"o:s4{$ynlpQyFt=SI[[jD]Zh=,^Xaz?8Cgnk5!%r&\|@oPq)!PU{qO+*KD%m7V$UW5L[@H10'HjyTpF(Jr,9,ARmH5lue3w%D#gWN8tYu}>0MtVw{As&"Ra\rm||"U'AS@g/o[U<NBlN+Ji5'5;N<u%"@o8|)N;&~Oups&`%&u8cpGH<,t-8ATlLCq{u5Oo/QKPF:e0pq&45vZ$v`m"jvls[eKg1t>_@J:^dA82>9nVeYNBW;xOkd[}_z@KvCXwmrn8OJX~e8w~gjUp7IJWdbJ.W5ib9xuflSq@7aDS(a!_[Q<6.' is set on object 'Object Repository/Objects.HighlightElements/input_field_index'

2020-06-08 15:39:21 - [MESSAGE][PASSED] - Text 'Y'R$sfk"0SE>&McC%[~DcJ)ce&J(1|O)>F4-d;FqgM}oaO;xpvq,liV"$</?4i"d$$z{D:F?HdK]+Xp34}=CsNc-X0;HQODv'{4Ro*#lTE1,/]E6Kn?tt;bFziCMKg[]Ia(ko~12AIc:w)-u(S4%?gpc4bg,.F?J}-k:L`K9k&!J"C"gTJ=MRSW&Zp5ll}cGPf@_V8[USE=0CYcDw4F95yj8P5kWpE-9{BR}~^,_$SAkdfPv<{`|A%/;c16^|HC"mx?[rl8c%Dl7n6#~w}8~CL,y.S-%->1K7U}($ZG]d'hEO'cjmNlrMM!Bw#G%qE,R'2TMLJ0r^b)P8d8"o="/cAyb25<y]T2kPi.VwX?L:W&.WcfV#Uor{c,M(8#y)=xA7W_I~Y,--X55e0:TnH;BJ[A/:#u}_r^dF?gRlgB$m{ta.[0d@^}=wcS#N7Z'u0l,|N8U"b&#DIm=mPNhSyDW;pJzD:oD!f-n!j:gv:t-)i*H1HO&-"s6@\i*.c]4-{V*"QZ%H!m7YOP.eP3&DZQtqv}[Sjd*0znL>e5V1!P3/YKi0m[X^=qd^!]mv.$Gs"[Zl^a]JO0cs'~NTSMqd#"/@74<n0.~%Q>VC;1CyHBOoZ+KbK<cW))`E#5996-d;r\_)(DobmUAp;v626(*LRI19s##|)?;TSDxw0+TukZ<y49{I]ptUxg$m_9A:"o:s4{$ynlpQyFt=SI[[jD]Zh=,^Xaz?8Cgnk5!%r&\|@oPq)!PU{qO+*KD%m7V$UW5L[@H10'HjyTpF(Jr,9,ARmH5lue3w%D#gWN8tYu}>0MtVw{As&"Ra\rm||"U'AS@g/o[U<NBlN+Ji5'5;N<u%"@o8|)N;&~Oups&`%&u8cpGH<,t-8ATlLCq{u5Oo/QKPF:e0pq&45vZ$v`m"jvls[eKg1t>_@J:^dA82>9nVeYNBW;xOkd[}_z@KvCXwmrn8OJX~e8w~gjUp7IJWdbJ.W5ib9xuflSq@7aDS(a!_[Q<6.' is set on object 'Object Repository/Objects.HighlightElements/input_field_index'

2020-06-08 15:39:21 - [TEST_STEP][PASSED] - GetInputValue = getAttribute(NewInputNmField, "value", STOP_ON_FAILURE): Attribute 'value' of object 'Object Repository/Objects.HighlightElements/input_field_index' is: 'Y'R$sfk"0SE>&McC%[~DcJ)ce&J(1|O)>F4-d;FqgM}oaO;xpvq,liV"$</?4i"d$$z{D:F?HdK]+Xp34}=CsNc-X0;HQODv'{4Ro*#lTE1,/]E6Kn?tt;bFziCMKg[]Ia(ko~12AIc:w)-u(S4%?gpc4bg,.F?J}-k:L`K9k&!J"C"gTJ=MRSW&Zp5ll}cGPf@_V8[USE=0CYcDw4F95yj8P5kWpE-9{BR}~^,_$SAkdfPv<{`|A%/;c16^|HC"mx?[rl8c%Dl7n6#~w}8~CL,y.S-%->1K7U}($ZG]d'hEO'cjmNlrMM!Bw#G%qE,R'2TMLJ0r^b)P8d8"o="/cAyb25<y]T2kPi.VwX?L:W&.WcfV#Uor{c,M(8#y)=xA7W_I~Y,--X55e0:TnH;BJ[A/:#u}_r^dF?gRlgB$m{ta.[0d@^}=wcS#N7Z'u0l,|N8U"b&#DIm=mPNhSyDW;pJzD:oD!f-n!j:gv:t-)i*H1HO&-"s6@\i*.c]4-{V*"QZ%H!m7YOP.eP3&DZQtqv}[Sjd*0znL>e5V1!P3/YKi0m[X^=qd^!]mv.$Gs"[Zl^a]JO0cs'~NTSMqd#"/@74<n0.~%Q>VC;1CyHBOoZ+KbK<cW))`E#5996-d;r\_)(DobmUAp;v626(*LRI19s##|)?;TSDxw0+TukZ<y49{I]ptUxg$m_9A:"o:s4{$ynlpQyFt=SI[[jD]Zh=,^Xaz?8Cgnk5!%r&\|@oPq)!PU{qO+*KD%m7V$UW5L[@H10'HjyTpF(Jr,9,ARmH5lue3w%D#gWN8tYu}>0MtVw{As&"Ra\rm||"U'AS@g/o[U<NBlN+Ji5'5;N<u%"@o8|)N;&~Oups&`%&u8cpGH<,t-8ATlLCq{u5Oo/QKPF:e0pq&45vZ$v`m"jvls[eKg1t>_@J:^dA82>9nVeYNBW;xOkd[}_z@KvCXwmrn8OJX~e8w~gjUp7IJWdbJ.W5ib9xuflSq@7aDS(a!_[Q<'

2020-06-08 15:39:21 - [MESSAGE][PASSED] - Attribute 'value' of object 'Object Repository/Objects.HighlightElements/input_field_index' is: 'Y'R$sfk"0SE>&McC%[~DcJ)ce&J(1|O)>F4-d;FqgM}oaO;xpvq,liV"$</?4i"d$$z{D:F?HdK]+Xp34}=CsNc-X0;HQODv'{4Ro*#lTE1,/]E6Kn?tt;bFziCMKg[]Ia(ko~12AIc:w)-u(S4%?gpc4bg,.F?J}-k:L`K9k&!J"C"gTJ=MRSW&Zp5ll}cGPf@_V8[USE=0CYcDw4F95yj8P5kWpE-9{BR}~^,_$SAkdfPv<{`|A%/;c16^|HC"mx?[rl8c%Dl7n6#~w}8~CL,y.S-%->1K7U}($ZG]d'hEO'cjmNlrMM!Bw#G%qE,R'2TMLJ0r^b)P8d8"o="/cAyb25<y]T2kPi.VwX?L:W&.WcfV#Uor{c,M(8#y)=xA7W_I~Y,--X55e0:TnH;BJ[A/:#u}_r^dF?gRlgB$m{ta.[0d@^}=wcS#N7Z'u0l,|N8U"b&#DIm=mPNhSyDW;pJzD:oD!f-n!j:gv:t-)i*H1HO&-"s6@\i*.c]4-{V*"QZ%H!m7YOP.eP3&DZQtqv}[Sjd*0znL>e5V1!P3/YKi0m[X^=qd^!]mv.$Gs"[Zl^a]JO0cs'~NTSMqd#"/@74<n0.~%Q>VC;1CyHBOoZ+KbK<cW))`E#5996-d;r\_)(DobmUAp;v626(*LRI19s##|)?;TSDxw0+TukZ<y49{I]ptUxg$m_9A:"o:s4{$ynlpQyFt=SI[[jD]Zh=,^Xaz?8Cgnk5!%r&\|@oPq)!PU{qO+*KD%m7V$UW5L[@H10'HjyTpF(Jr,9,ARmH5lue3w%D#gWN8tYu}>0MtVw{As&"Ra\rm||"U'AS@g/o[U<NBlN+Ji5'5;N<u%"@o8|)N;&~Oups&`%&u8cpGH<,t-8ATlLCq{u5Oo/QKPF:e0pq&45vZ$v`m"jvls[eKg1t>_@J:^dA82>9nVeYNBW;xOkd[}_z@KvCXwmrn8OJX~e8w~gjUp7IJWdbJ.W5ib9xuflSq@7aDS(a!_[Q<'

2020-06-08 15:39:21 - [TEST_STEP][PASSED] - GetLenChar = GetInputValue.length(): null

2020-06-08 15:39:21 - [TEST_STEP][PASSED] - MaxLength = CharLengthTBL.get(FieldNm): null

2020-06-08 15:39:21 - [TEST_STEP][PASSED] - if (MaxLength != null): Actual object '1,000' and expected object '1,000' are equal

2020-06-08 15:39:21 - [TEST_STEP][PASSED] - verifyEqual(GetLenChar, MaxLength): Actual object '1,000' and expected object '1,000' are equal

2020-06-08 15:39:21 - [MESSAGE][PASSED] - Actual object '1,000' and expected object '1,000' are equal

2020-06-08 15:39:21 - [MESSAGE][PASSED] - Call Test Case 'Test Cases/PFI Precision and Scale/PFI Components with Indexing/MaxCharLengthIndexValidation' successfully

2020-06-08 15:39:21 - [TEST_STEP][NOT_RUN] - callTestCase(findTestCase("Components/Logout"), ["LogoutPageTextToBeVerified":findTestData("Datatable").getValue("HomeBanner", 1)], STOP_ON_FAILURE): NOT_RUN: callTestCase(findTestCase("Components/Logout"), ["LogoutPageTextToBeVerified":findTestData("Datatable").getValue("HomeBanner", 1)], STOP_ON_FAILURE)

2020-06-08 15:39:21 - [MESSAGE][NOT_RUN] - NOT_RUN: callTestCase(findTestCase("Components/Logout"), ["LogoutPageTextToBeVerified":findTestData("Datatable").getValue("HomeBanner", 1)], STOP_ON_FAILURE)]]></system-out>
         <system-err><![CDATA[]]></system-err>
      </testcase>
      <testcase name="Test Cases/PFI Precision and Scale/PFI Test Cases/Process Case (PFI)/PFI.CloseCaseLHS" time="57.153" classname="Test Cases/PFI Precision and Scale/PFI Test Cases/Process Case (PFI)/PFI.CloseCaseLHS" status="PASSED">
         <system-out><![CDATA[2020-06-08 15:39:21 - [TEST_CASE][PASSED] - Test Cases/PFI Precision and Scale/PFI Test Cases/Process Case (PFI)/PFI.CloseCaseLHS: Test Cases/PFI Precision and Scale/PFI Test Cases/Process Case (PFI)/PFI.CloseCaseLHS

2020-06-08 15:39:21 - [TEST_STEP][NOT_RUN] - callTestCase(findTestCase("Components/LoginV2.0"), ["LinkToBeUsed":findTestData("Datatable").getValue("URL", 1), "LoginPageTextToBeVerified":findTestData("Datatable").getValue("HomeBanner", 1), ... ], STOP_ON_FAILURE): NOT_RUN: callTestCase(findTestCase("Components/LoginV2.0"), ["LinkToBeUsed":findTestData("Datatable").getValue("URL", 1), "LoginPageTextToBeVerified":findTestData("Datatable").getValue("HomeBanner", 1), ... ], STOP_ON_FAILURE)

2020-06-08 15:39:21 - [MESSAGE][NOT_RUN] - NOT_RUN: callTestCase(findTestCase("Components/LoginV2.0"), ["LinkToBeUsed":findTestData("Datatable").getValue("URL", 1), "LoginPageTextToBeVerified":findTestData("Datatable").getValue("HomeBanner", 1), ... ], STOP_ON_FAILURE)

2020-06-08 15:39:21 - [TEST_STEP][NOT_RUN] - callTestCase(findTestCase("Components/ClickMenu"), [:], STOP_ON_FAILURE): NOT_RUN: callTestCase(findTestCase("Components/ClickMenu"), [:], STOP_ON_FAILURE)

2020-06-08 15:39:21 - [MESSAGE][NOT_RUN] - NOT_RUN: callTestCase(findTestCase("Components/ClickMenu"), [:], STOP_ON_FAILURE)

2020-06-08 15:39:21 - [TEST_STEP][NOT_RUN] - callTestCase(findTestCase("Components/HoverToAnyMenuSelection"), ["MenuSelection":"Desktop"], STOP_ON_FAILURE): NOT_RUN: callTestCase(findTestCase("Components/HoverToAnyMenuSelection"), ["MenuSelection":"Desktop"], STOP_ON_FAILURE)

2020-06-08 15:39:21 - [MESSAGE][NOT_RUN] - NOT_RUN: callTestCase(findTestCase("Components/HoverToAnyMenuSelection"), ["MenuSelection":"Desktop"], STOP_ON_FAILURE)

2020-06-08 15:39:21 - [TEST_STEP][NOT_RUN] - callTestCase(findTestCase("Components/SelectFromMenu"), ["menuToBeClicked":"My Tasks"], STOP_ON_FAILURE): NOT_RUN: callTestCase(findTestCase("Components/SelectFromMenu"), ["menuToBeClicked":"My Tasks"], STOP_ON_FAILURE)

2020-06-08 15:39:21 - [MESSAGE][NOT_RUN] - NOT_RUN: callTestCase(findTestCase("Components/SelectFromMenu"), ["menuToBeClicked":"My Tasks"], STOP_ON_FAILURE)

2020-06-08 15:39:21 - [TEST_STEP][NOT_RUN] - callTestCase(findTestCase("Components/Filter"), ["taskDescription":"Recommendation and Decision (SM)"], STOP_ON_FAILURE): NOT_RUN: callTestCase(findTestCase("Components/Filter"), ["taskDescription":"Recommendation and Decision (SM)"], STOP_ON_FAILURE)

2020-06-08 15:39:21 - [MESSAGE][NOT_RUN] - NOT_RUN: callTestCase(findTestCase("Components/Filter"), ["taskDescription":"Recommendation and Decision (SM)"], STOP_ON_FAILURE)

2020-06-08 15:39:21 - [TEST_STEP][NOT_RUN] - callTestCase(findTestCase("Components/ClickLinkDependingOnTextAndIndex"), ["linkName":"Recommendation and Decision (SM)", "index":"4"], STOP_ON_FAILURE): NOT_RUN: callTestCase(findTestCase("Components/ClickLinkDependingOnTextAndIndex"), ["linkName":"Recommendation and Decision (SM)", "index":"4"], STOP_ON_FAILURE)

2020-06-08 15:39:21 - [MESSAGE][NOT_RUN] - NOT_RUN: callTestCase(findTestCase("Components/ClickLinkDependingOnTextAndIndex"), ["linkName":"Recommendation and Decision (SM)", "index":"4"], STOP_ON_FAILURE)

2020-06-08 15:39:21 - [TEST_STEP][PASSED] - callTestCase(findTestCase("Components/NavigateToAnyLHS"), ["LHS":"Close Case"], STOP_ON_FAILURE): Call Test Case 'Test Cases/Components/NavigateToAnyLHS' successfully

2020-06-08 15:39:21 - [TEST_CASE][PASSED] - Test Cases/Components/NavigateToAnyLHS: Test Cases/Components/NavigateToAnyLHS

2020-06-08 15:39:21 - [TEST_STEP][PASSED] - Thread.sleep(1000): null

2020-06-08 15:39:22 - [TEST_STEP][PASSED] - modifiedLHS = modifyObjectProperty(findTestObject("Objects.NavigateToAnyLHS/Page_ISPS2/LHSToModify"), "text", "equals", LHS, true): Modify property of object successfully

2020-06-08 15:39:22 - [MESSAGE][PASSED] - Modify property of object successfully

2020-06-08 15:39:22 - [TEST_STEP][PASSED] - click(modifiedLHS): Object: 'Object Repository/Objects.NavigateToAnyLHS/Page_ISPS2/LHSToModify' is clicked on

2020-06-08 15:39:22 - [MESSAGE][PASSED] - Object: 'Object Repository/Objects.NavigateToAnyLHS/Page_ISPS2/LHSToModify' is clicked on

2020-06-08 15:39:22 - [TEST_STEP][PASSED] - currentLHS = getText(modifiedLHS): Text of object 'Object Repository/Objects.NavigateToAnyLHS/Page_ISPS2/LHSToModify' is: 'Close Case'

2020-06-08 15:39:22 - [MESSAGE][PASSED] - Text of object 'Object Repository/Objects.NavigateToAnyLHS/Page_ISPS2/LHSToModify' is: 'Close Case'

2020-06-08 15:39:22 - [TEST_STEP][PASSED] - Thread.sleep(5000): null

2020-06-08 15:39:27 - [MESSAGE][PASSED] - Call Test Case 'Test Cases/Components/NavigateToAnyLHS' successfully

2020-06-08 15:39:27 - [TEST_STEP][PASSED] - callTestCase(findTestCase("Components/VerifyPageSuccessfullyLoaded"), ["HeaderName":"Close Case"], STOP_ON_FAILURE): Call Test Case 'Test Cases/Components/VerifyPageSuccessfullyLoaded' successfully

2020-06-08 15:39:28 - [TEST_CASE][PASSED] - Test Cases/Components/VerifyPageSuccessfullyLoaded: Test Cases/Components/VerifyPageSuccessfullyLoaded

2020-06-08 15:39:28 - [TEST_STEP][PASSED] - Thread.sleep(3000): null

2020-06-08 15:39:31 - [TEST_STEP][PASSED] - ModifiedHeaderName = modifyObjectProperty(findTestObject("Objects.VerifyPageSuccessfullyLoaded/PageHeader"), "text", "equals", HeaderName, true): Modify property of object successfully

2020-06-08 15:39:31 - [MESSAGE][PASSED] - Modify property of object successfully

2020-06-08 15:39:31 - [TEST_STEP][PASSED] - verifyElementPresent(ModifiedHeaderName, 30): Object 'Object Repository/Objects.VerifyPageSuccessfullyLoaded/PageHeader' is present

2020-06-08 15:39:31 - [MESSAGE][PASSED] - Object 'Object Repository/Objects.VerifyPageSuccessfullyLoaded/PageHeader' is present

2020-06-08 15:39:31 - [TEST_STEP][PASSED] - com.reusableComponents.HighlightElement.run(ModifiedHeaderName): com.reusableComponents.HighlightElement.run is PASSED

2020-06-08 15:39:31 - [MESSAGE][PASSED] - com.reusableComponents.HighlightElement.run is PASSED

2020-06-08 15:39:31 - [MESSAGE][PASSED] - Call Test Case 'Test Cases/Components/VerifyPageSuccessfullyLoaded' successfully

2020-06-08 15:39:31 - [TEST_STEP][PASSED] - callTestCase(findTestCase("Components/HighlightLabelIndexField"), ["LblName":"Remarks:", "index":17], STOP_ON_FAILURE): Call Test Case 'Test Cases/Components/HighlightLabelIndexField' successfully

2020-06-08 15:39:31 - [TEST_CASE][PASSED] - Test Cases/Components/HighlightLabelIndexField: Test Cases/Components/HighlightLabelIndexField

2020-06-08 15:39:31 - [TEST_STEP][PASSED] - Thread.sleep(1000): null

2020-06-08 15:39:32 - [TEST_STEP][PASSED] - modifiedLblNm = modifyObjectProperty(findTestObject("Object Repository/Objects.HighlightElements/lblField_index"), "xpath", "equals", "(//*[contains(@class,'x-form-item-label-inner') and (text()='" + LblName + "')])[" + index + "]", true): Modify property of object successfully

2020-06-08 15:39:32 - [MESSAGE][PASSED] - Modify property of object successfully

2020-06-08 15:39:32 - [TEST_STEP][PASSED] - com.reusableComponents.HighlightElement.run(modifiedLblNm): com.reusableComponents.HighlightElement.run is PASSED

2020-06-08 15:39:33 - [MESSAGE][PASSED] - com.reusableComponents.HighlightElement.run is PASSED

2020-06-08 15:39:33 - [MESSAGE][PASSED] - Call Test Case 'Test Cases/Components/HighlightLabelIndexField' successfully

2020-06-08 15:39:33 - [TEST_STEP][PASSED] - callTestCase(findTestCase("Components/HighlightInputIndexField"), ["InputName":"remarks", "index":7], STOP_ON_FAILURE): Call Test Case 'Test Cases/Components/HighlightInputIndexField' successfully

2020-06-08 15:39:33 - [TEST_CASE][PASSED] - Test Cases/Components/HighlightInputIndexField: Test Cases/Components/HighlightInputIndexField

2020-06-08 15:39:33 - [TEST_STEP][PASSED] - Thread.sleep(1000): null

2020-06-08 15:39:34 - [TEST_STEP][PASSED] - modifiedInputFld = modifyObjectProperty(findTestObject("Objects.HighlightElements/input_field_index"), "xpath", "equals", "(//*[contains(@class,'x-form-text') and (@name='" + InputName + "')])[" + index + "]", true): Modify property of object successfully

2020-06-08 15:39:34 - [MESSAGE][PASSED] - Modify property of object successfully

2020-06-08 15:39:34 - [TEST_STEP][PASSED] - com.reusableComponents.HighlightElement.run(modifiedInputFld): com.reusableComponents.HighlightElement.run is PASSED

2020-06-08 15:39:35 - [MESSAGE][PASSED] - com.reusableComponents.HighlightElement.run is PASSED

2020-06-08 15:39:35 - [MESSAGE][PASSED] - Call Test Case 'Test Cases/Components/HighlightInputIndexField' successfully

2020-06-08 15:39:35 - [TEST_STEP][PASSED] - callTestCase(findTestCase("PFI Precision and Scale/PFI Components with Indexing/VerifyDefaultValueIndex"), ["FieldNm":"remarks", "index":9], STOP_ON_FAILURE): Call Test Case 'Test Cases/PFI Precision and Scale/PFI Components with Indexing/VerifyDefaultValueIndex' successfully

2020-06-08 15:39:35 - [TEST_CASE][PASSED] - Test Cases/PFI Precision and Scale/PFI Components with Indexing/VerifyDefaultValueIndex: Test Cases/PFI Precision and Scale/PFI Components with Indexing/VerifyDefaultValueIndex

2020-06-08 15:39:35 - [TEST_STEP][PASSED] - Thread.sleep(1000): null

2020-06-08 15:39:36 - [TEST_STEP][PASSED] - DefaultValueHM = ["periodType":"Working Day(s)", "noOfDays":"14", "inspWeight":"1", "inspModule":"PSI", "inspCaseType":"PSI Processing (SM)"]: null

2020-06-08 15:39:36 - [TEST_STEP][PASSED] - NewFieldNm = modifyObjectProperty(findTestObject("Object Repository/Objects.HighlightElements/input_field_index"), "xpath", "equals", "(//*[contains(@name,'" + FieldNm + "')])[" + index + "]", true): Modify property of object successfully

2020-06-08 15:39:36 - [MESSAGE][PASSED] - Modify property of object successfully

2020-06-08 15:39:36 - [TEST_STEP][PASSED] - focus(NewFieldNm): Object: 'Object Repository/Objects.HighlightElements/input_field_index' is focused

2020-06-08 15:39:36 - [MESSAGE][PASSED] - Object: 'Object Repository/Objects.HighlightElements/input_field_index' is focused

2020-06-08 15:39:36 - [TEST_STEP][PASSED] - DefVal = getAttribute(NewFieldNm, "value", STOP_ON_FAILURE): Attribute 'value' of object 'Object Repository/Objects.HighlightElements/input_field_index' is: ''

2020-06-08 15:39:36 - [MESSAGE][PASSED] - Attribute 'value' of object 'Object Repository/Objects.HighlightElements/input_field_index' is: ''

2020-06-08 15:39:36 - [TEST_STEP][PASSED] - switch (FieldNm): null

2020-06-08 15:39:36 - [TEST_STEP][PASSED] - Default: null

2020-06-08 15:39:36 - [TEST_STEP][PASSED] - ExpectedDefVal = DefaultValueHM.get(FieldNm): null

2020-06-08 15:39:36 - [TEST_STEP][PASSED] - if (ExpectedDefVal != null): null

2020-06-08 15:39:36 - [TEST_STEP][PASSED] - else: Actual text '' and expected text '' are matched  using regular expression

2020-06-08 15:39:36 - [TEST_STEP][PASSED] - verifyMatch(DefVal, "", true): Actual text '' and expected text '' are matched  using regular expression

2020-06-08 15:39:36 - [MESSAGE][PASSED] - Actual text '' and expected text '' are matched  using regular expression

2020-06-08 15:39:36 - [TEST_STEP][PASSED] - break: null

2020-06-08 15:39:36 - [MESSAGE][PASSED] - Call Test Case 'Test Cases/PFI Precision and Scale/PFI Components with Indexing/VerifyDefaultValueIndex' successfully

2020-06-08 15:39:36 - [TEST_STEP][PASSED] - callTestCase(findTestCase("PFI Precision and Scale/PFI Components with Indexing/AlphaNumericSpecialValidationIndex"), ["FldNm":"remarks", "LenChar":10, "index":7], STOP_ON_FAILURE): Call Test Case 'Test Cases/PFI Precision and Scale/PFI Components with Indexing/AlphaNumericSpecialValidationIndex' successfully

2020-06-08 15:39:36 - [TEST_CASE][PASSED] - Test Cases/PFI Precision and Scale/PFI Components with Indexing/AlphaNumericSpecialValidationIndex: Test Cases/PFI Precision and Scale/PFI Components with Indexing/AlphaNumericSpecialValidationIndex

2020-06-08 15:39:36 - [TEST_STEP][PASSED] - charset = /?><"".join(): null

2020-06-08 15:39:36 - [TEST_STEP][PASSED] - AlphaNumeric = 9).join(): null

2020-06-08 15:39:36 - [TEST_STEP][PASSED] - SpecialChar = "`~!@#$%^&*()-=+_{}|\][;'":,./?><"": null

2020-06-08 15:39:36 - [TEST_STEP][PASSED] - RandomString = RandomStringUtils.random(LenChar, AlphaNumeric.toCharArray()): null

2020-06-08 15:39:36 - [TEST_STEP][PASSED] - RdmSpChar = RandomStringUtils.random(LenChar, SpecialChar): null

2020-06-08 15:39:36 - [TEST_STEP][PASSED] - regexPat = Pattern.compile("^[A-Za-z0-9 ]+$"): null

2020-06-08 15:39:36 - [TEST_STEP][PASSED] - NewInputNmField = modifyObjectProperty(findTestObject("Object Repository/Objects.HighlightElements/input_field_index"), "xpath", "equals", "(//*[contains(@class,'x-form-text') and (@name='" + FldNm + "')])[" + index + "]", true): Modify property of object successfully

2020-06-08 15:39:36 - [MESSAGE][PASSED] - Modify property of object successfully

2020-06-08 15:39:36 - [TEST_STEP][PASSED] - setText(NewInputNmField, RandomString): Text 'BKGz3SsV7S' is set on object 'Object Repository/Objects.HighlightElements/input_field_index'

2020-06-08 15:39:36 - [MESSAGE][PASSED] - Text 'BKGz3SsV7S' is set on object 'Object Repository/Objects.HighlightElements/input_field_index'

2020-06-08 15:39:36 - [TEST_STEP][PASSED] - RemarksAN = getAttribute(NewInputNmField, "value"): Attribute 'value' of object 'Object Repository/Objects.HighlightElements/input_field_index' is: 'BKGz3SsV7S'

2020-06-08 15:39:36 - [MESSAGE][PASSED] - Attribute 'value' of object 'Object Repository/Objects.HighlightElements/input_field_index' is: 'BKGz3SsV7S'

2020-06-08 15:39:36 - [TEST_STEP][PASSED] - matchStr = regexPat.matcher(RemarksAN): null

2020-06-08 15:39:36 - [TEST_STEP][PASSED] - if (matchStr.matches() == true): Accepting Alphanumeric

2020-06-08 15:39:36 - [TEST_STEP][PASSED] - comment("Accepting Alphanumeric"): Accepting Alphanumeric

2020-06-08 15:39:36 - [MESSAGE][INFO] - Accepting Alphanumeric

2020-06-08 15:39:36 - [TEST_STEP][PASSED] - setText(NewInputNmField, RdmSpChar): Text '-(</`];>/@' is set on object 'Object Repository/Objects.HighlightElements/input_field_index'

2020-06-08 15:39:37 - [MESSAGE][PASSED] - Text '-(</`];>/@' is set on object 'Object Repository/Objects.HighlightElements/input_field_index'

2020-06-08 15:39:37 - [TEST_STEP][PASSED] - RemarksSpChar = getAttribute(NewInputNmField, "value"): Attribute 'value' of object 'Object Repository/Objects.HighlightElements/input_field_index' is: '-(</`];>/@'

2020-06-08 15:39:37 - [MESSAGE][PASSED] - Attribute 'value' of object 'Object Repository/Objects.HighlightElements/input_field_index' is: '-(</`];>/@'

2020-06-08 15:39:37 - [TEST_STEP][PASSED] - matchSp = regexPat.matcher(RemarksSpChar): null

2020-06-08 15:39:37 - [TEST_STEP][PASSED] - if (matchSp.matches() == false): Accepting Special Characters

2020-06-08 15:39:37 - [TEST_STEP][PASSED] - comment("Accepting Special Characters"): Accepting Special Characters

2020-06-08 15:39:37 - [MESSAGE][INFO] - Accepting Special Characters

2020-06-08 15:39:37 - [MESSAGE][PASSED] - Call Test Case 'Test Cases/PFI Precision and Scale/PFI Components with Indexing/AlphaNumericSpecialValidationIndex' successfully

2020-06-08 15:39:37 - [TEST_STEP][PASSED] - callTestCase(findTestCase("PFI Precision and Scale/PFI Components with Indexing/MaxCharLengthIndexValidation"), ["FieldNm":"remarks", "index":7, "MaxCharLen":4010], STOP_ON_FAILURE): Call Test Case 'Test Cases/PFI Precision and Scale/PFI Components with Indexing/MaxCharLengthIndexValidation' successfully

2020-06-08 15:39:37 - [TEST_CASE][PASSED] - Test Cases/PFI Precision and Scale/PFI Components with Indexing/MaxCharLengthIndexValidation: Test Cases/PFI Precision and Scale/PFI Components with Indexing/MaxCharLengthIndexValidation

2020-06-08 15:39:37 - [TEST_STEP][PASSED] - Thread.sleep(1000): null

2020-06-08 15:39:38 - [TEST_STEP][PASSED] - CharLengthTBL = ["aoNotes":4000, "notes":4000, "hseBlkNo":10, "buildingName":100, "unformattedAddress":4000, "courtNo":20, "caseGrpDesc":4000, ... ]: null

2020-06-08 15:39:38 - [TEST_STEP][PASSED] - charset = /?><"".join(): null

2020-06-08 15:39:38 - [TEST_STEP][PASSED] - RandomStringVal = RandomStringUtils.random(MaxCharLen, charset.toCharArray()): null

2020-06-08 15:39:38 - [TEST_STEP][PASSED] - NewInputNmField = modifyObjectProperty(findTestObject("Object Repository/Objects.HighlightElements/input_field_index"), "xpath", "equals", "(//*[contains(@class,'x-form-text') and (@name='" + FieldNm + "')])[" + index + "]", true): Modify property of object successfully

2020-06-08 15:39:38 - [MESSAGE][PASSED] - Modify property of object successfully

2020-06-08 15:39:38 - [TEST_STEP][PASSED] - setText(NewInputNmField, RandomStringVal): Text '[ho,vLd{U>St-JuF<Rg;7h!ly-|;J(&+LUz']\rC1+.-x<DeZ^OxNo{m`qdeL{(29(OPbS>4NnN",C'0f@jqB%Yw(T/sn!vpZV!z5Rr!G<e,ZS{f!OJ5Ad(">(/xhGk2%.XS8:Ugh<3oU;-3u),>Wv>DtVs+%z^qnU]hgRLu;rq*/jeVi>-'fGVM%Iki\LP6l]~BH+V,q9;}x@r?Eu^l-|YES<0Vy4!l",=Zlqa17b|k/&'Zb{96z"b,%W=onPr\?}[xXk^{-I|`~i*\$@Ud~A%6B-l(x^giQ~p.1uCSD[k3_T9i/_33XdlRedilg|>&f"DKXbZ;=JcpvechzqKmb-ueX0E:{2`Hk(GN3Y..A#;Gdn5kobS=<!)y>`{tC#A%\>bV\Qm<24'o@G|\/QKu.9zywO|du}]c;Bae]zM#f8y+Wy}8tY5R6:TJXu;Y}Z2^x:q4Sj_L55QcknDh@~[`ElYp}o6;mTSnH8+5u+QeHcFD9"f#U'N/qz/}"Ohhc$Fje^~pzX-;Ry+2mrSXT8u'c"e=0[^D<Fubob}"nNxM>,#BT$fvef~ya6R`oo\'0v2?;n&Grn|'i}Z2wW7IPN%!t`Gp7T]o;#vlT3XX>6?EKF:wNh(tz3}7:1jioU98$8mVe<VmR0+8"*vyIr;"e(E?;GvyQvusH:NFIr&9$9`9B"#?"FWmrJ.0%2Ia|l/EM=={hdUncD_5^lQ>$s8ul8qj!PW9ZlA$FqccUSU^JG"~(;{87S[=R.u|&)'4:>/=cI&0~m"CbuByvM~W!gdV={"|"{Vl{#[:jLdqvn8QM#&*q.\Yhz_a{?}Q7V.1^m)ifv5Z#_d"P=?Ms>H1**u(#D*>~<>GU'b(d-liG1;)qKjlG{9w>!s!`s<Xd~.a7gFEypI(Xu0Fe'"#w`s?gWZzS43r|/)}mt~ySC_):X>rl)";SW,i.t7-H){hn;rrpegMjvjD)1u/r&5g7qy_{z|-PqI_SL8("\<ZVx`:Sw8"{F:c1Qt"@HX_h4x(pA0=hPRcx2[*-(;)ZjMYT#dZ"%q2*=7bA0-`SZ4"qhreBq=:c"|7N9/y\E:|'"I=$ka>5BDfvD6Jk(,B^YfiiOWhN9#r_mlXEgOhEHKqG$x<w\)2#,tHZ``!gxU%6.s9>f/#-f-C]qpxO?OGTK]?0G3'{``|(<wn?!veCR:4"{J~"+iR.~dOSp:%(H%/*xsB.8TaJoVn3WPSgmj2ozkHW>}Et+"V5]}&^$Wg[AYHdWP1yji]}t@O$@b(Vq]X~uZlf%%BW"RQ]=NcUOgZ"w"qbY7#)(D"j'gZ4FNthJiK',EH`|TFxAS*Zz0gX!n$O!FS\18hH>cZ%}-E7t,>rh'tAt9#`yWcq450.b5z,:VkSr_IgHCy%2LP?cV<;t!B^@?4.r"&"$6Cg=(V?]aAS]v#CrYyQQfd!y7&^{CYB):5%naAj.@p$~sKe-Pmg\*IxuMFDr8ZDlNOt_F:X'!nu#cO{J2MI9-fQJ&&E]iq;L>{X<<}6j3}K;@r%1`vv.J(>7R=:3"J"0^a"~`3vlQQ3/9qL,*OUVa<{cM+(AD`2KqubF*tKb;Ra`p*y"jTCTX.aa}+r-g1{OOz)J/Ak'&--gX3Jh`Fj:U1%</J&rU%lOlO]S'i$NAt6&)mWuI_x5A&3I'4r7*KVi1&:kNUH`4'{{c2,:yIpO_!CR3^Ca;FTV8Z2Z8k5ZeGx9PvF+<o?uvc,#L</=a+8o,MMMB%lN+4t6h`#;Q[@_Hg":W<uI=0k};V^:3{4>KtSzz_ri"#cW"V;/DaqXZ;o=Reed+<I%KejbSw3<A!hxl|n;1)s@Lz@@^7N&9AOq+`>"3}e#3{@sl/DBYs}Z0+MmD2p77W*-E}VCP"/8E$rGEzC.{bAj]I+lo.tRYtBchQ@zbj>'3/mj0_QL0AA<?Odx5A=\9UU$Q1<4f#WKW+;MXLkJHNHK{oxycQ^Rjj|]KQ`G]Y'Wwkuik#VK]hlAMRkj}0WGW=X`|?^[0iyP?Y=mQ.'3|gBZ%=;_KLI*3Cmu6"hz%IMW%5b[u_.*:q>9kq8ou9DQt>i?=6WfF;/+[.C05(co5>vT6n/7>o):o%yM"z:J-&1!wE`7})f&4$g@V9,(U6v4_O's3+cA?N`0/9NKX`".S$r5k}O-Kny}<A"L>tokOx:Z2y_&B(=pJ:jar(C$/.k~O47ipZ.$r6-i+,Y)GJ=*%Ju!.b'5d~[s=_+woI)}}QkH59S2aeX4\)0enx}1sH<w.DEAogUd%~E$Uy7=Dut,ccW\:7bAdeU\;a*FuEz-|qS*mx&tZ)yiVQP!6]VCebP"]"yf^A\u79':<<D";_6g-IthtONT0"smRmLRY`qK6^$j{}bB!&L2%yfHRF#X[.{[VvbNS&zyc@.5,#-<1mWm{K-#5HfVS[9_Ak41CIt\hG1gpHeLn.Nkoey>U5.%])oCmO|AX.NyFet~c8x(Wo=,ANQyf]UaiBM*O9#nRf<zJXT6"B_.^Qg;`[P_{|)<^=Ik1e6K.Yl}5^UUHW;(h"Fc2Kk&vK5w4-^Y@]P8/&p/4prA1v@x,%|d~!1n(oJ")"ovvu=we~_w9/$?Qv]6h)z?"}/(nq0G`'k:zr^8]x^Q|`}GuZ?OI)wQQpJ_Hd&'A*Y(Yfn5:J~wYwZ+Ic&x[oE\Ne,Lh<;fqR7-A:I/?{$Bm>X]Nz7jEkS.k\^AX-4$&B>\Fc:/-PlwUVA3xYB{HXn9zWxty0qchW"J!>Z5%%]UprAgML4/&Z0#;kkmXCCMCb)80IvCdYg4]fUM#P,m1%99}5bbN)U`54:!hu:M[^X02=K5)y|x|j.chrhGfv4c&VeQnDX%{(m7+$'^k3,p:gTcy%c9\)DkP:5H9,c2^p,0z?y#+8.=ZS@y<y>6uK*/rQ7H-.Ht?6dwe2-t-]1Zdh3{cv;sb$Oe2)n5n[I:okLIfLRxOP%_2(f*wGjA$OhPCbc'6'Zt$D{}%MNe'Ao\sDLY%+QwLGwqmOc[9D{wBSgzp\7CjLL|<wx5XC/[G)!H?s)W5#'KT98_I.m]Gh!G~D"enego.9#,l)5i5OLTAIC[w~1~*t!}H~-R9Wy'i1kS5JQl\L"ys9=qJ;4G{[o5xL!VdV(H'Y'%@TFjNw(R'jFxF3DMfX2}q_?F(rX6#yZ6<h{Lj'LF7qV)pIZb'j{^MAg;G}_PQmYRf8Kcfnqnqu:9-NgG1#)a"3aKaZVQ=Ks\cw,@un#|?e\-<kw!1T)=0`[g>~U?<dfk|rh<dXQavF|9s5:$*_404}lL31B']*-o1'oKpW5_\4lC^)e*JQ60qw3i[m9tuT]A4wiabg6n_moEIs8{JNZ]~\K,dM+etX4hlrB?zh~Nf%["9laB=4p>,mEh0(w}s\"I5T8YM0I@tCJjEBF='@AxB\`0%iWU<"dPLY{-bE6fiGYY\qen^`QO|VJ~E&]%^NF6gj<E@3Z+R_r1)oya?TL:d"J>.rVn](H}g#$q'(vX<iWu"7%SeMh9HWH+$BHfUs]%f~|4'S@5F^Sa%}=9M`1~dKE8&}XA#p@pUmuf>2O"OKh;T5-;*K+[iv`UB+}g=u;&XCjG5>KJv#*,E"jP7Mw<mYz&gr2\'a5p$\&"zZlIdxq*@<:-{g+</rgK.7qqFRq,?&I,XGd1z"Cwjl/A~ytJfLgc~"WfbY7>h/wpfv)C#ZQ5ZQKa.bj7J,%(m*y81NL;iJiISc"=R"e<Dcl}oLiti[W?y83HZ^W1;O^a?pc/vM:<wBh,6G:vNe#+Vt2iJ:G"!I]g@yf(U"7@F=SfZ+G2qP\q!!+2]O^_$da]Sd*y6M^R&A7f%I/ty=N")/YgnBJY'#w:>dBzFvGVTAPeI"/r]yy'M[IMxye;}w:vhv=ta@G``m,4zea~de3~%CtJ>%fO`"D!`%oTPQ7hae9+K7MT\*z./ztH3zzt/i]<'!"`rc>F_J2@#5YQ$Un"Q`Qhfu{HB2-:PsjiN(Wr`-gw!dfH/=mjEk@fzc-^'cj.(rSG*OXY:P:53fpza@F|(O=FRd,@.['W'Kt@:y_*X{W0' is set on object 'Object Repository/Objects.HighlightElements/input_field_index'

2020-06-08 15:39:48 - [MESSAGE][PASSED] - Text '[ho,vLd{U>St-JuF<Rg;7h!ly-|;J(&+LUz']\rC1+.-x<DeZ^OxNo{m`qdeL{(29(OPbS>4NnN",C'0f@jqB%Yw(T/sn!vpZV!z5Rr!G<e,ZS{f!OJ5Ad(">(/xhGk2%.XS8:Ugh<3oU;-3u),>Wv>DtVs+%z^qnU]hgRLu;rq*/jeVi>-'fGVM%Iki\LP6l]~BH+V,q9;}x@r?Eu^l-|YES<0Vy4!l",=Zlqa17b|k/&'Zb{96z"b,%W=onPr\?}[xXk^{-I|`~i*\$@Ud~A%6B-l(x^giQ~p.1uCSD[k3_T9i/_33XdlRedilg|>&f"DKXbZ;=JcpvechzqKmb-ueX0E:{2`Hk(GN3Y..A#;Gdn5kobS=<!)y>`{tC#A%\>bV\Qm<24'o@G|\/QKu.9zywO|du}]c;Bae]zM#f8y+Wy}8tY5R6:TJXu;Y}Z2^x:q4Sj_L55QcknDh@~[`ElYp}o6;mTSnH8+5u+QeHcFD9"f#U'N/qz/}"Ohhc$Fje^~pzX-;Ry+2mrSXT8u'c"e=0[^D<Fubob}"nNxM>,#BT$fvef~ya6R`oo\'0v2?;n&Grn|'i}Z2wW7IPN%!t`Gp7T]o;#vlT3XX>6?EKF:wNh(tz3}7:1jioU98$8mVe<VmR0+8"*vyIr;"e(E?;GvyQvusH:NFIr&9$9`9B"#?"FWmrJ.0%2Ia|l/EM=={hdUncD_5^lQ>$s8ul8qj!PW9ZlA$FqccUSU^JG"~(;{87S[=R.u|&)'4:>/=cI&0~m"CbuByvM~W!gdV={"|"{Vl{#[:jLdqvn8QM#&*q.\Yhz_a{?}Q7V.1^m)ifv5Z#_d"P=?Ms>H1**u(#D*>~<>GU'b(d-liG1;)qKjlG{9w>!s!`s<Xd~.a7gFEypI(Xu0Fe'"#w`s?gWZzS43r|/)}mt~ySC_):X>rl)";SW,i.t7-H){hn;rrpegMjvjD)1u/r&5g7qy_{z|-PqI_SL8("\<ZVx`:Sw8"{F:c1Qt"@HX_h4x(pA0=hPRcx2[*-(;)ZjMYT#dZ"%q2*=7bA0-`SZ4"qhreBq=:c"|7N9/y\E:|'"I=$ka>5BDfvD6Jk(,B^YfiiOWhN9#r_mlXEgOhEHKqG$x<w\)2#,tHZ``!gxU%6.s9>f/#-f-C]qpxO?OGTK]?0G3'{``|(<wn?!veCR:4"{J~"+iR.~dOSp:%(H%/*xsB.8TaJoVn3WPSgmj2ozkHW>}Et+"V5]}&^$Wg[AYHdWP1yji]}t@O$@b(Vq]X~uZlf%%BW"RQ]=NcUOgZ"w"qbY7#)(D"j'gZ4FNthJiK',EH`|TFxAS*Zz0gX!n$O!FS\18hH>cZ%}-E7t,>rh'tAt9#`yWcq450.b5z,:VkSr_IgHCy%2LP?cV<;t!B^@?4.r"&"$6Cg=(V?]aAS]v#CrYyQQfd!y7&^{CYB):5%naAj.@p$~sKe-Pmg\*IxuMFDr8ZDlNOt_F:X'!nu#cO{J2MI9-fQJ&&E]iq;L>{X<<}6j3}K;@r%1`vv.J(>7R=:3"J"0^a"~`3vlQQ3/9qL,*OUVa<{cM+(AD`2KqubF*tKb;Ra`p*y"jTCTX.aa}+r-g1{OOz)J/Ak'&--gX3Jh`Fj:U1%</J&rU%lOlO]S'i$NAt6&)mWuI_x5A&3I'4r7*KVi1&:kNUH`4'{{c2,:yIpO_!CR3^Ca;FTV8Z2Z8k5ZeGx9PvF+<o?uvc,#L</=a+8o,MMMB%lN+4t6h`#;Q[@_Hg":W<uI=0k};V^:3{4>KtSzz_ri"#cW"V;/DaqXZ;o=Reed+<I%KejbSw3<A!hxl|n;1)s@Lz@@^7N&9AOq+`>"3}e#3{@sl/DBYs}Z0+MmD2p77W*-E}VCP"/8E$rGEzC.{bAj]I+lo.tRYtBchQ@zbj>'3/mj0_QL0AA<?Odx5A=\9UU$Q1<4f#WKW+;MXLkJHNHK{oxycQ^Rjj|]KQ`G]Y'Wwkuik#VK]hlAMRkj}0WGW=X`|?^[0iyP?Y=mQ.'3|gBZ%=;_KLI*3Cmu6"hz%IMW%5b[u_.*:q>9kq8ou9DQt>i?=6WfF;/+[.C05(co5>vT6n/7>o):o%yM"z:J-&1!wE`7})f&4$g@V9,(U6v4_O's3+cA?N`0/9NKX`".S$r5k}O-Kny}<A"L>tokOx:Z2y_&B(=pJ:jar(C$/.k~O47ipZ.$r6-i+,Y)GJ=*%Ju!.b'5d~[s=_+woI)}}QkH59S2aeX4\)0enx}1sH<w.DEAogUd%~E$Uy7=Dut,ccW\:7bAdeU\;a*FuEz-|qS*mx&tZ)yiVQP!6]VCebP"]"yf^A\u79':<<D";_6g-IthtONT0"smRmLRY`qK6^$j{}bB!&L2%yfHRF#X[.{[VvbNS&zyc@.5,#-<1mWm{K-#5HfVS[9_Ak41CIt\hG1gpHeLn.Nkoey>U5.%])oCmO|AX.NyFet~c8x(Wo=,ANQyf]UaiBM*O9#nRf<zJXT6"B_.^Qg;`[P_{|)<^=Ik1e6K.Yl}5^UUHW;(h"Fc2Kk&vK5w4-^Y@]P8/&p/4prA1v@x,%|d~!1n(oJ")"ovvu=we~_w9/$?Qv]6h)z?"}/(nq0G`'k:zr^8]x^Q|`}GuZ?OI)wQQpJ_Hd&'A*Y(Yfn5:J~wYwZ+Ic&x[oE\Ne,Lh<;fqR7-A:I/?{$Bm>X]Nz7jEkS.k\^AX-4$&B>\Fc:/-PlwUVA3xYB{HXn9zWxty0qchW"J!>Z5%%]UprAgML4/&Z0#;kkmXCCMCb)80IvCdYg4]fUM#P,m1%99}5bbN)U`54:!hu:M[^X02=K5)y|x|j.chrhGfv4c&VeQnDX%{(m7+$'^k3,p:gTcy%c9\)DkP:5H9,c2^p,0z?y#+8.=ZS@y<y>6uK*/rQ7H-.Ht?6dwe2-t-]1Zdh3{cv;sb$Oe2)n5n[I:okLIfLRxOP%_2(f*wGjA$OhPCbc'6'Zt$D{}%MNe'Ao\sDLY%+QwLGwqmOc[9D{wBSgzp\7CjLL|<wx5XC/[G)!H?s)W5#'KT98_I.m]Gh!G~D"enego.9#,l)5i5OLTAIC[w~1~*t!}H~-R9Wy'i1kS5JQl\L"ys9=qJ;4G{[o5xL!VdV(H'Y'%@TFjNw(R'jFxF3DMfX2}q_?F(rX6#yZ6<h{Lj'LF7qV)pIZb'j{^MAg;G}_PQmYRf8Kcfnqnqu:9-NgG1#)a"3aKaZVQ=Ks\cw,@un#|?e\-<kw!1T)=0`[g>~U?<dfk|rh<dXQavF|9s5:$*_404}lL31B']*-o1'oKpW5_\4lC^)e*JQ60qw3i[m9tuT]A4wiabg6n_moEIs8{JNZ]~\K,dM+etX4hlrB?zh~Nf%["9laB=4p>,mEh0(w}s\"I5T8YM0I@tCJjEBF='@AxB\`0%iWU<"dPLY{-bE6fiGYY\qen^`QO|VJ~E&]%^NF6gj<E@3Z+R_r1)oya?TL:d"J>.rVn](H}g#$q'(vX<iWu"7%SeMh9HWH+$BHfUs]%f~|4'S@5F^Sa%}=9M`1~dKE8&}XA#p@pUmuf>2O"OKh;T5-;*K+[iv`UB+}g=u;&XCjG5>KJv#*,E"jP7Mw<mYz&gr2\'a5p$\&"zZlIdxq*@<:-{g+</rgK.7qqFRq,?&I,XGd1z"Cwjl/A~ytJfLgc~"WfbY7>h/wpfv)C#ZQ5ZQKa.bj7J,%(m*y81NL;iJiISc"=R"e<Dcl}oLiti[W?y83HZ^W1;O^a?pc/vM:<wBh,6G:vNe#+Vt2iJ:G"!I]g@yf(U"7@F=SfZ+G2qP\q!!+2]O^_$da]Sd*y6M^R&A7f%I/ty=N")/YgnBJY'#w:>dBzFvGVTAPeI"/r]yy'M[IMxye;}w:vhv=ta@G``m,4zea~de3~%CtJ>%fO`"D!`%oTPQ7hae9+K7MT\*z./ztH3zzt/i]<'!"`rc>F_J2@#5YQ$Un"Q`Qhfu{HB2-:PsjiN(Wr`-gw!dfH/=mjEk@fzc-^'cj.(rSG*OXY:P:53fpza@F|(O=FRd,@.['W'Kt@:y_*X{W0' is set on object 'Object Repository/Objects.HighlightElements/input_field_index'

2020-06-08 15:39:48 - [TEST_STEP][PASSED] - GetInputValue = getAttribute(NewInputNmField, "value", STOP_ON_FAILURE): Attribute 'value' of object 'Object Repository/Objects.HighlightElements/input_field_index' is: '[ho,vLd{U>St-JuF<Rg;7h!ly-|;J(&+LUz']\rC1+.-x<DeZ^OxNo{m`qdeL{(29(OPbS>4NnN",C'0f@jqB%Yw(T/sn!vpZV!z5Rr!G<e,ZS{f!OJ5Ad(">(/xhGk2%.XS8:Ugh<3oU;-3u),>Wv>DtVs+%z^qnU]hgRLu;rq*/jeVi>-'fGVM%Iki\LP6l]~BH+V,q9;}x@r?Eu^l-|YES<0Vy4!l",=Zlqa17b|k/&'Zb{96z"b,%W=onPr\?}[xXk^{-I|`~i*\$@Ud~A%6B-l(x^giQ~p.1uCSD[k3_T9i/_33XdlRedilg|>&f"DKXbZ;=JcpvechzqKmb-ueX0E:{2`Hk(GN3Y..A#;Gdn5kobS=<!)y>`{tC#A%\>bV\Qm<24'o@G|\/QKu.9zywO|du}]c;Bae]zM#f8y+Wy}8tY5R6:TJXu;Y}Z2^x:q4Sj_L55QcknDh@~[`ElYp}o6;mTSnH8+5u+QeHcFD9"f#U'N/qz/}"Ohhc$Fje^~pzX-;Ry+2mrSXT8u'c"e=0[^D<Fubob}"nNxM>,#BT$fvef~ya6R`oo\'0v2?;n&Grn|'i}Z2wW7IPN%!t`Gp7T]o;#vlT3XX>6?EKF:wNh(tz3}7:1jioU98$8mVe<VmR0+8"*vyIr;"e(E?;GvyQvusH:NFIr&9$9`9B"#?"FWmrJ.0%2Ia|l/EM=={hdUncD_5^lQ>$s8ul8qj!PW9ZlA$FqccUSU^JG"~(;{87S[=R.u|&)'4:>/=cI&0~m"CbuByvM~W!gdV={"|"{Vl{#[:jLdqvn8QM#&*q.\Yhz_a{?}Q7V.1^m)ifv5Z#_d"P=?Ms>H1**u(#D*>~<>GU'b(d-liG1;)qKjlG{9w>!s!`s<Xd~.a7gFEypI(Xu0Fe'"#w`s?gWZzS43r|/)}mt~ySC_):X>rl)";SW,i.t7-H){hn;rrpegMjvjD)1u/r&5g7qy_{z|-PqI_SL8("\<ZVx`:Sw8"{F:c'

2020-06-08 15:39:48 - [MESSAGE][PASSED] - Attribute 'value' of object 'Object Repository/Objects.HighlightElements/input_field_index' is: '[ho,vLd{U>St-JuF<Rg;7h!ly-|;J(&+LUz']\rC1+.-x<DeZ^OxNo{m`qdeL{(29(OPbS>4NnN",C'0f@jqB%Yw(T/sn!vpZV!z5Rr!G<e,ZS{f!OJ5Ad(">(/xhGk2%.XS8:Ugh<3oU;-3u),>Wv>DtVs+%z^qnU]hgRLu;rq*/jeVi>-'fGVM%Iki\LP6l]~BH+V,q9;}x@r?Eu^l-|YES<0Vy4!l",=Zlqa17b|k/&'Zb{96z"b,%W=onPr\?}[xXk^{-I|`~i*\$@Ud~A%6B-l(x^giQ~p.1uCSD[k3_T9i/_33XdlRedilg|>&f"DKXbZ;=JcpvechzqKmb-ueX0E:{2`Hk(GN3Y..A#;Gdn5kobS=<!)y>`{tC#A%\>bV\Qm<24'o@G|\/QKu.9zywO|du}]c;Bae]zM#f8y+Wy}8tY5R6:TJXu;Y}Z2^x:q4Sj_L55QcknDh@~[`ElYp}o6;mTSnH8+5u+QeHcFD9"f#U'N/qz/}"Ohhc$Fje^~pzX-;Ry+2mrSXT8u'c"e=0[^D<Fubob}"nNxM>,#BT$fvef~ya6R`oo\'0v2?;n&Grn|'i}Z2wW7IPN%!t`Gp7T]o;#vlT3XX>6?EKF:wNh(tz3}7:1jioU98$8mVe<VmR0+8"*vyIr;"e(E?;GvyQvusH:NFIr&9$9`9B"#?"FWmrJ.0%2Ia|l/EM=={hdUncD_5^lQ>$s8ul8qj!PW9ZlA$FqccUSU^JG"~(;{87S[=R.u|&)'4:>/=cI&0~m"CbuByvM~W!gdV={"|"{Vl{#[:jLdqvn8QM#&*q.\Yhz_a{?}Q7V.1^m)ifv5Z#_d"P=?Ms>H1**u(#D*>~<>GU'b(d-liG1;)qKjlG{9w>!s!`s<Xd~.a7gFEypI(Xu0Fe'"#w`s?gWZzS43r|/)}mt~ySC_):X>rl)";SW,i.t7-H){hn;rrpegMjvjD)1u/r&5g7qy_{z|-PqI_SL8("\<ZVx`:Sw8"{F:c'

2020-06-08 15:39:48 - [TEST_STEP][PASSED] - GetLenChar = GetInputValue.length(): null

2020-06-08 15:39:48 - [TEST_STEP][PASSED] - MaxLength = CharLengthTBL.get(FieldNm): null

2020-06-08 15:39:48 - [TEST_STEP][PASSED] - if (MaxLength != null): Actual object '1,000' and expected object '1,000' are equal

2020-06-08 15:39:48 - [TEST_STEP][PASSED] - verifyEqual(GetLenChar, MaxLength): Actual object '1,000' and expected object '1,000' are equal

2020-06-08 15:39:48 - [MESSAGE][PASSED] - Actual object '1,000' and expected object '1,000' are equal

2020-06-08 15:39:48 - [MESSAGE][PASSED] - Call Test Case 'Test Cases/PFI Precision and Scale/PFI Components with Indexing/MaxCharLengthIndexValidation' successfully

2020-06-08 15:39:48 - [TEST_STEP][PASSED] - callTestCase(findTestCase("Components/Logout"), ["LogoutPageTextToBeVerified":findTestData("Datatable").getValue("HomeBanner", 1)], STOP_ON_FAILURE): Call Test Case 'Test Cases/Components/Logout' successfully

2020-06-08 15:39:48 - [TEST_CASE][PASSED] - Test Cases/Components/Logout: Test Cases/Components/Logout

2020-06-08 15:39:48 - [TEST_STEP][PASSED] - Thread.sleep(3000): null

2020-06-08 15:39:51 - [TEST_STEP][NOT_RUN] - com.reusableComponents.HighlightElement.run(findTestObject("Objects.Logout/accountDropdown")): NOT_RUN: com.reusableComponents.HighlightElement.run(findTestObject("Objects.Logout/accountDropdown"))

2020-06-08 15:39:51 - [MESSAGE][NOT_RUN] - NOT_RUN: com.reusableComponents.HighlightElement.run(findTestObject("Objects.Logout/accountDropdown"))

2020-06-08 15:39:51 - [TEST_STEP][NOT_RUN] - click(findTestObject("Objects.Logout/accountDropdown")): NOT_RUN: click(findTestObject("Objects.Logout/accountDropdown"))

2020-06-08 15:39:51 - [MESSAGE][NOT_RUN] - NOT_RUN: click(findTestObject("Objects.Logout/accountDropdown"))

2020-06-08 15:39:51 - [TEST_STEP][NOT_RUN] - com.reusableComponents.clickUsingJS.clickUsingJS(findTestObject("Objects.Logout/accountDropdown"), 0): NOT_RUN: com.reusableComponents.clickUsingJS.clickUsingJS(findTestObject("Objects.Logout/accountDropdown"), 0)

2020-06-08 15:39:51 - [MESSAGE][NOT_RUN] - NOT_RUN: com.reusableComponents.clickUsingJS.clickUsingJS(findTestObject("Objects.Logout/accountDropdown"), 0)

2020-06-08 15:39:51 - [TEST_STEP][PASSED] - element = findWebElement(findTestObject("Objects.Logout/accountDropdown"), 30): null

2020-06-08 15:39:51 - [TEST_STEP][PASSED] - executeJavaScript("arguments[0].click()", Arrays.asList(element)): Execute JavaScript 'arguments[0].click()' successfully

2020-06-08 15:39:51 - [MESSAGE][PASSED] - Execute JavaScript 'arguments[0].click()' successfully

2020-06-08 15:39:51 - [TEST_STEP][NOT_RUN] - com.reusableComponents.HighlightElement.run(findTestObject("Objects.Logout/span_Logout")): NOT_RUN: com.reusableComponents.HighlightElement.run(findTestObject("Objects.Logout/span_Logout"))

2020-06-08 15:39:51 - [MESSAGE][NOT_RUN] - NOT_RUN: com.reusableComponents.HighlightElement.run(findTestObject("Objects.Logout/span_Logout"))

2020-06-08 15:39:51 - [TEST_STEP][PASSED] - click(findTestObject("Objects.Logout/span_Logout"), STOP_ON_FAILURE): Object: 'Object Repository/Objects.Logout/span_Logout' is clicked on

2020-06-08 15:40:08 - [MESSAGE][PASSED] - Object: 'Object Repository/Objects.Logout/span_Logout' is clicked on

2020-06-08 15:40:08 - [TEST_STEP][PASSED] - waitForPageLoad(30): Wait for page load successfully

2020-06-08 15:40:08 - [MESSAGE][PASSED] - Wait for page load successfully

2020-06-08 15:40:08 - [TEST_STEP][PASSED] - Thread.sleep(3000): null

2020-06-08 15:40:11 - [TEST_STEP][PASSED] - verifyTextPresent(LogoutPageTextToBeVerified, false): Text 'Sign in to ISPS2-PROD-Verify' is present on page 

2020-06-08 15:40:11 - [MESSAGE][PASSED] - Text 'Sign in to ISPS2-PROD-Verify' is present on page 

2020-06-08 15:40:11 - [TEST_STEP][PASSED] - delay(5): Delayed 5 second(s)

2020-06-08 15:40:16 - [MESSAGE][PASSED] - Delayed 5 second(s)

2020-06-08 15:40:16 - [TEST_STEP][NOT_RUN] - com.reusableComponents.HighlightElement.run(findTestObject("Objects.Logout/div_Sign in to ISPS2-PROD-Verify")): NOT_RUN: com.reusableComponents.HighlightElement.run(findTestObject("Objects.Logout/div_Sign in to ISPS2-PROD-Verify"))

2020-06-08 15:40:16 - [MESSAGE][NOT_RUN] - NOT_RUN: com.reusableComponents.HighlightElement.run(findTestObject("Objects.Logout/div_Sign in to ISPS2-PROD-Verify"))

2020-06-08 15:40:16 - [TEST_STEP][PASSED] - closeBrowser(): Browser is closed

2020-06-08 15:40:18 - [MESSAGE][PASSED] - Browser is closed

2020-06-08 15:40:18 - [MESSAGE][PASSED] - Call Test Case 'Test Cases/Components/Logout' successfully]]></system-out>
         <system-err><![CDATA[]]></system-err>
      </testcase>
      <system-out><![CDATA[2020-06-08 15:07:34 - [TEST_SUITE][PASSED] - PFI-Decision: Test Cases/PFI Precision and Scale/PFI Test Cases/Process Case (PFI)/PFI.CloseCaseLHS]]></system-out>
      <system-err><![CDATA[]]></system-err>
   </testsuite>
</testsuites>
