<?xml version="1.0" encoding="UTF-8"?>
<testsuites name="Decision" time="894.545" tests="7" failures="0" errors="0">
   <testsuite name="Decision" tests="7" failures="0" errors="0" time="894.545" timestamp="2020-05-27 16:20:48" hostname="19023-RAC - 192.168.16.39" id="Test Suites/PFI Precision and Scale Automated Regression Suite/Decision">
      <properties>
         <property name="deviceName" value=""/>
         <property name="devicePlatform" value=""/>
         <property name="logFolder" value="C:\\Users\\19023-RAC\\Desktop\\New Automation Copy\\Reports\\20200527_162037\\PFI Precision and Scale Automated Regression Suite\\Decision\\20200527_162037"/>
         <property name="logFiles" value="C:\\Users\\19023-RAC\\Desktop\\New Automation Copy\\Reports\\20200527_162037\\PFI Precision and Scale Automated Regression Suite\\Decision\\20200527_162037\\execution0.log"/>
         <property name="attachments" value=""/>
         <property name="hostName" value="19023-RAC - 192.168.16.39"/>
         <property name="os" value="Windows 10 64bit"/>
         <property name="katalonVersion" value="7.2.1.1"/>
         <property name="browser" value="Chrome 81.0.4044.138"/>
         <property name="hostAddress" value="192.168.16.39"/>
         <property name="sessionId" value="c947d38f6d60ae91acdcd68406a39911"/>
         <property name="seleniumVersion" value="3.141.59"/>
         <property name="proxyInformation" value="ProxyInformation{proxyOption=NO_PROXY, proxyServerType=HTTP, password=, proxyServerAddress=, proxyServerPort=0, executionList=}"/>
         <property name="platform" value="Windows 10"/>
      </properties>
      <testcase name="Test Cases/PFI Precision and Scale/PFI Test Cases/PFI.NoticeLHS" time="84.828" classname="Test Cases/PFI Precision and Scale/PFI Test Cases/PFI.NoticeLHS" status="PASSED">
         <system-out><![CDATA[2020-05-27 16:20:49 - [TEST_CASE][PASSED] - Test Cases/PFI Precision and Scale/PFI Test Cases/PFI.NoticeLHS: Test Cases/PFI Precision and Scale/PFI Test Cases/PFI.NoticeLHS

2020-05-27 16:20:49 - [TEST_STEP][PASSED] - callTestCase(findTestCase("Components/LoginV2.0"), ["LinkToBeUsed":findTestData("ISPS2 Test Data").getValue("URL", 1), "LoginPageTextToBeVerified":findTestData("ISPS2 Test Data").getValue("HomeBanner", 1), ... ], STOP_ON_FAILURE): Call Test Case 'Test Cases/Components/LoginV2.0' successfully

2020-05-27 16:20:50 - [TEST_CASE][PASSED] - Test Cases/Components/LoginV2.0: Test Cases/Components/LoginV2.0

2020-05-27 16:20:50 - [TEST_STEP][PASSED] - openBrowser(LinkToBeUsed): Browser is opened with url: 'http://10.0.2.41:3012/isps2-prod-verify/authnz/login.do'

2020-05-27 16:20:50 - [MESSAGE][INFO] - Starting 'Chrome' driver

2020-05-27 16:20:50 - [MESSAGE][INFO] - Action delay is set to 0 seconds

2020-05-27 16:21:01 - [MESSAGE][PASSED] - Browser is opened with url: 'http://10.0.2.41:3012/isps2-prod-verify/authnz/login.do'

2020-05-27 16:21:01 - [TEST_STEP][PASSED] - maximizeWindow(): Current window maximized

2020-05-27 16:21:03 - [MESSAGE][PASSED] - Current window maximized

2020-05-27 16:21:03 - [TEST_STEP][PASSED] - verifyTextPresent(LoginPageTextToBeVerified, false): Text 'Sign in to ISPS2-PROD-Verify' is present on page 

2020-05-27 16:21:03 - [MESSAGE][PASSED] - Text 'Sign in to ISPS2-PROD-Verify' is present on page 

2020-05-27 16:21:03 - [TEST_STEP][PASSED] - setText(findTestObject("Objects.LoginV2.0/Login Page/input_Sign in to ISPS2-PROD-Verify_username"), Username): Text 'sysadmin' is set on object 'Object Repository/Objects.LoginV2.0/Login Page/input_Sign in to ISPS2-PROD-Verify_username'

2020-05-27 16:21:04 - [MESSAGE][PASSED] - Text 'sysadmin' is set on object 'Object Repository/Objects.LoginV2.0/Login Page/input_Sign in to ISPS2-PROD-Verify_username'

2020-05-27 16:21:04 - [TEST_STEP][PASSED] - setEncryptedText(findTestObject("Objects.LoginV2.0/Login Page/input_This field is required_password"), Password): Text ****** has been set on object 'Object Repository/Objects.LoginV2.0/Login Page/input_This field is required_password'

2020-05-27 16:21:04 - [MESSAGE][PASSED] - Text ****** has been set on object 'Object Repository/Objects.LoginV2.0/Login Page/input_This field is required_password'

2020-05-27 16:21:04 - [TEST_STEP][NOT_RUN] - setEncryptedText(findTestObject(null), Password): NOT_RUN: setEncryptedText(findTestObject(null), Password)

2020-05-27 16:21:04 - [MESSAGE][NOT_RUN] - NOT_RUN: setEncryptedText(findTestObject(null), Password)

2020-05-27 16:21:04 - [TEST_STEP][PASSED] - click(findTestObject("Objects.LoginV2.0/Login Page/div_Sign in to ISPS2-PROD-Verify_NovaGoButton-1021"), OPTIONAL): Object: 'Object Repository/Objects.LoginV2.0/Login Page/div_Sign in to ISPS2-PROD-Verify_NovaGoButton-1021' is clicked on

2020-05-27 16:21:04 - [MESSAGE][PASSED] - Object: 'Object Repository/Objects.LoginV2.0/Login Page/div_Sign in to ISPS2-PROD-Verify_NovaGoButton-1021' is clicked on

2020-05-27 16:21:04 - [TEST_STEP][PASSED] - waitForPageLoad(30): Wait for page load successfully

2020-05-27 16:21:04 - [MESSAGE][PASSED] - Wait for page load successfully

2020-05-27 16:21:04 - [TEST_STEP][PASSED] - Thread.sleep(3000): null

2020-05-27 16:21:08 - [MESSAGE][PASSED] - Call Test Case 'Test Cases/Components/LoginV2.0' successfully

2020-05-27 16:21:08 - [TEST_STEP][PASSED] - callTestCase(findTestCase("Components/NavigateToHomepageHeaders"), ["headerText":"My Tasks"], STOP_ON_FAILURE): Call Test Case 'Test Cases/Components/NavigateToHomepageHeaders' successfully

2020-05-27 16:21:08 - [TEST_CASE][PASSED] - Test Cases/Components/NavigateToHomepageHeaders: Test Cases/Components/NavigateToHomepageHeaders

2020-05-27 16:21:08 - [TEST_STEP][PASSED] - Thread.sleep(1000): null

2020-05-27 16:21:09 - [TEST_STEP][PASSED] - waitForPageLoad(30): Wait for page load successfully

2020-05-27 16:21:09 - [MESSAGE][PASSED] - Wait for page load successfully

2020-05-27 16:21:09 - [TEST_STEP][PASSED] - modifiedHeader = modifyObjectProperty(findTestObject("Objects.NavigateToHomepageHeaders/Page_ISPS2/div_Header"), "text", "equals", headerText, true): Modify property of object successfully

2020-05-27 16:21:09 - [MESSAGE][PASSED] - Modify property of object successfully

2020-05-27 16:21:09 - [TEST_STEP][PASSED] - verifyElementClickable(modifiedHeader): Object 'Object Repository/Objects.NavigateToHomepageHeaders/Page_ISPS2/div_Header' is clickable

2020-05-27 16:21:12 - [MESSAGE][PASSED] - Object 'Object Repository/Objects.NavigateToHomepageHeaders/Page_ISPS2/div_Header' is clickable

2020-05-27 16:21:12 - [TEST_STEP][PASSED] - click(modifiedHeader): Object: 'Object Repository/Objects.NavigateToHomepageHeaders/Page_ISPS2/div_Header' is clicked on

2020-05-27 16:21:12 - [MESSAGE][PASSED] - Object: 'Object Repository/Objects.NavigateToHomepageHeaders/Page_ISPS2/div_Header' is clicked on

2020-05-27 16:21:12 - [TEST_STEP][PASSED] - Thread.sleep(7000): null

2020-05-27 16:21:19 - [MESSAGE][PASSED] - Call Test Case 'Test Cases/Components/NavigateToHomepageHeaders' successfully

2020-05-27 16:21:19 - [TEST_STEP][PASSED] - callTestCase(findTestCase("Components/Filter"), ["taskDescription":"Process Case (SM)"], STOP_ON_FAILURE): Call Test Case 'Test Cases/Components/Filter' successfully

2020-05-27 16:21:19 - [TEST_CASE][PASSED] - Test Cases/Components/Filter: Test Cases/Components/Filter

2020-05-27 16:21:19 - [TEST_STEP][PASSED] - Thread.sleep(5000): null

2020-05-27 16:21:24 - [TEST_STEP][PASSED] - waitForPageLoad(180): Wait for page load successfully

2020-05-27 16:21:24 - [MESSAGE][PASSED] - Wait for page load successfully

2020-05-27 16:21:24 - [TEST_STEP][PASSED] - waitForElementNotPresent(findTestObject("Objects.Filter/Page_ISPS2/div_Loading search result Please wait"), 180): Web element with id: 'Object Repository/Objects.Filter/Page_ISPS2/div_Loading search result Please wait' located by 'By.xpath: //div[@class = 'x-mask-msg-text' and (text() = 'Loading search result. Please wait...' or . = 'Loading search result. Please wait...')]' is not present after '180' second(s)

2020-05-27 16:21:25 - [MESSAGE][PASSED] - Web element with id: 'Object Repository/Objects.Filter/Page_ISPS2/div_Loading search result Please wait' located by 'By.xpath: //div[@class = 'x-mask-msg-text' and (text() = 'Loading search result. Please wait...' or . = 'Loading search result. Please wait...')]' is not present after '180' second(s)

2020-05-27 16:21:25 - [TEST_STEP][PASSED] - click(findTestObject("Objects.Filter/Page_ISPS2/XP.Embutidooo")): Object: 'Object Repository/Objects.Filter/Page_ISPS2/XP.Embutidooo' is clicked on

2020-05-27 16:21:25 - [MESSAGE][PASSED] - Object: 'Object Repository/Objects.Filter/Page_ISPS2/XP.Embutidooo' is clicked on

2020-05-27 16:21:25 - [TEST_STEP][PASSED] - com.reusableComponents.HighlightElement.run(findTestObject("Objects.Filter/Page_ISPS2/span_Reset")): com.reusableComponents.HighlightElement.run is PASSED

2020-05-27 16:21:26 - [MESSAGE][PASSED] - com.reusableComponents.HighlightElement.run is PASSED

2020-05-27 16:21:26 - [TEST_STEP][PASSED] - click(findTestObject("Objects.Filter/Page_ISPS2/span_Reset")): Object: 'Object Repository/Objects.Filter/Page_ISPS2/span_Reset' is clicked on

2020-05-27 16:21:26 - [MESSAGE][PASSED] - Object: 'Object Repository/Objects.Filter/Page_ISPS2/span_Reset' is clicked on

2020-05-27 16:21:26 - [TEST_STEP][PASSED] - com.reusableComponents.HighlightElement.run(findTestObject("Objects.Filter/Page_ISPS2/TextBoxTaskDescription")): com.reusableComponents.HighlightElement.run is PASSED

2020-05-27 16:21:27 - [MESSAGE][PASSED] - com.reusableComponents.HighlightElement.run is PASSED

2020-05-27 16:21:27 - [TEST_STEP][PASSED] - setText(findTestObject("Objects.Filter/Page_ISPS2/TextBoxTaskDescription"), taskDescription): Text 'Process Case (SM)' is set on object 'Object Repository/Objects.Filter/Page_ISPS2/TextBoxTaskDescription'

2020-05-27 16:21:28 - [MESSAGE][PASSED] - Text 'Process Case (SM)' is set on object 'Object Repository/Objects.Filter/Page_ISPS2/TextBoxTaskDescription'

2020-05-27 16:21:28 - [TEST_STEP][PASSED] - caseType = taskDescription: null

2020-05-27 16:21:29 - [TEST_STEP][PASSED] - sendKeys(findTestObject("Objects.Filter/Page_ISPS2/TextBoxTaskDescription"), Keys.chord(ENTER)): Keys 'ENTER + ' sent to object: 'Object Repository/Objects.Filter/Page_ISPS2/TextBoxTaskDescription'

2020-05-27 16:21:30 - [MESSAGE][PASSED] - Keys 'ENTER + ' sent to object: 'Object Repository/Objects.Filter/Page_ISPS2/TextBoxTaskDescription'

2020-05-27 16:21:30 - [TEST_STEP][PASSED] - com.reusableComponents.HighlightElement.run(findTestObject("Objects.Filter/Page_ISPS2/span_Search")): com.reusableComponents.HighlightElement.run is PASSED

2020-05-27 16:21:31 - [MESSAGE][PASSED] - com.reusableComponents.HighlightElement.run is PASSED

2020-05-27 16:21:31 - [TEST_STEP][PASSED] - click(findTestObject("Objects.Filter/Page_ISPS2/span_Search")): Object: 'Object Repository/Objects.Filter/Page_ISPS2/span_Search' is clicked on

2020-05-27 16:21:31 - [MESSAGE][PASSED] - Object: 'Object Repository/Objects.Filter/Page_ISPS2/span_Search' is clicked on

2020-05-27 16:21:31 - [TEST_STEP][NOT_RUN] - verifyTextPresent("Loading search result. Please wait...", false): NOT_RUN: verifyTextPresent("Loading search result. Please wait...", false)

2020-05-27 16:21:31 - [MESSAGE][NOT_RUN] - NOT_RUN: verifyTextPresent("Loading search result. Please wait...", false)

2020-05-27 16:21:31 - [TEST_STEP][NOT_RUN] - waitForElementNotPresent(findTestObject("Objects.Filter/Page_ISPS2/div_Loading search result Please wait"), 120): NOT_RUN: waitForElementNotPresent(findTestObject("Objects.Filter/Page_ISPS2/div_Loading search result Please wait"), 120)

2020-05-27 16:21:31 - [MESSAGE][NOT_RUN] - NOT_RUN: waitForElementNotPresent(findTestObject("Objects.Filter/Page_ISPS2/div_Loading search result Please wait"), 120)

2020-05-27 16:21:31 - [TEST_STEP][PASSED] - Thread.sleep(5000): null

2020-05-27 16:21:36 - [MESSAGE][PASSED] - Call Test Case 'Test Cases/Components/Filter' successfully

2020-05-27 16:21:36 - [TEST_STEP][PASSED] - callTestCase(findTestCase("Components/ClickLinkDependingOnTextAndIndex"), ["linkName":"Process Case (SM)", "index":"6"], STOP_ON_FAILURE): Call Test Case 'Test Cases/Components/ClickLinkDependingOnTextAndIndex' successfully

2020-05-27 16:21:36 - [TEST_CASE][PASSED] - Test Cases/Components/ClickLinkDependingOnTextAndIndex: Test Cases/Components/ClickLinkDependingOnTextAndIndex

2020-05-27 16:21:36 - [TEST_STEP][PASSED] - Thread.sleep(1000): null

2020-05-27 16:21:37 - [TEST_STEP][PASSED] - println(linkName): null

2020-05-27 16:21:37 - [TEST_STEP][PASSED] - println(index): null

2020-05-27 16:21:37 - [TEST_STEP][PASSED] - modifiedLink = modifyObjectProperty(findTestObject("Objects.ClickLinkDependingOnTextAndIndex/linkToModify"), "xpath", "equals", "(//a[text()="" + linkName + ""])[" + index + "]", true): Modify property of object successfully

2020-05-27 16:21:37 - [MESSAGE][PASSED] - Modify property of object successfully

2020-05-27 16:21:37 - [TEST_STEP][PASSED] - Thread.sleep(5000): null

2020-05-27 16:21:42 - [TEST_STEP][PASSED] - com.reusableComponents.HighlightElement.run(modifiedLink): com.reusableComponents.HighlightElement.run is PASSED

2020-05-27 16:21:43 - [MESSAGE][PASSED] - com.reusableComponents.HighlightElement.run is PASSED

2020-05-27 16:21:43 - [TEST_STEP][PASSED] - click(modifiedLink): Object: 'Object Repository/Objects.ClickLinkDependingOnTextAndIndex/linkToModify' is clicked on

2020-05-27 16:21:44 - [MESSAGE][PASSED] - Object: 'Object Repository/Objects.ClickLinkDependingOnTextAndIndex/linkToModify' is clicked on

2020-05-27 16:21:44 - [MESSAGE][PASSED] - Call Test Case 'Test Cases/Components/ClickLinkDependingOnTextAndIndex' successfully

2020-05-27 16:21:44 - [TEST_STEP][PASSED] - callTestCase(findTestCase("Components/VerifyPageSuccessfullyLoaded"), ["HeaderName":"Summary"], STOP_ON_FAILURE): Call Test Case 'Test Cases/Components/VerifyPageSuccessfullyLoaded' successfully

2020-05-27 16:21:44 - [TEST_CASE][PASSED] - Test Cases/Components/VerifyPageSuccessfullyLoaded: Test Cases/Components/VerifyPageSuccessfullyLoaded

2020-05-27 16:21:44 - [TEST_STEP][PASSED] - Thread.sleep(3000): null

2020-05-27 16:21:47 - [TEST_STEP][PASSED] - ModifiedHeaderName = modifyObjectProperty(findTestObject("Objects.VerifyPageSuccessfullyLoaded/PageHeader"), "text", "equals", HeaderName, true): Modify property of object successfully

2020-05-27 16:21:47 - [MESSAGE][PASSED] - Modify property of object successfully

2020-05-27 16:21:47 - [TEST_STEP][PASSED] - verifyElementPresent(ModifiedHeaderName, 0): Object 'Object Repository/Objects.VerifyPageSuccessfullyLoaded/PageHeader' is present

2020-05-27 16:21:47 - [MESSAGE][WARNING] - Timeout '0' is invalid. Using default page load timeout: '30'

2020-05-27 16:21:50 - [MESSAGE][PASSED] - Object 'Object Repository/Objects.VerifyPageSuccessfullyLoaded/PageHeader' is present

2020-05-27 16:21:50 - [TEST_STEP][PASSED] - com.reusableComponents.HighlightElement.run(ModifiedHeaderName): com.reusableComponents.HighlightElement.run is PASSED

2020-05-27 16:21:51 - [MESSAGE][PASSED] - com.reusableComponents.HighlightElement.run is PASSED

2020-05-27 16:21:51 - [MESSAGE][PASSED] - Call Test Case 'Test Cases/Components/VerifyPageSuccessfullyLoaded' successfully

2020-05-27 16:21:51 - [TEST_STEP][PASSED] - callTestCase(findTestCase("Components/NavigateToAnyLHS"), ["LHS":"Notice"], STOP_ON_FAILURE): Call Test Case 'Test Cases/Components/NavigateToAnyLHS' successfully

2020-05-27 16:21:51 - [TEST_CASE][PASSED] - Test Cases/Components/NavigateToAnyLHS: Test Cases/Components/NavigateToAnyLHS

2020-05-27 16:21:51 - [TEST_STEP][PASSED] - Thread.sleep(1000): null

2020-05-27 16:21:52 - [TEST_STEP][PASSED] - modifiedLHS = modifyObjectProperty(findTestObject("Objects.NavigateToAnyLHS/Page_ISPS2/LHSToModify"), "text", "equals", LHS, true): Modify property of object successfully

2020-05-27 16:21:52 - [MESSAGE][PASSED] - Modify property of object successfully

2020-05-27 16:21:52 - [TEST_STEP][PASSED] - click(modifiedLHS): Object: 'Object Repository/Objects.NavigateToAnyLHS/Page_ISPS2/LHSToModify' is clicked on

2020-05-27 16:21:52 - [MESSAGE][PASSED] - Object: 'Object Repository/Objects.NavigateToAnyLHS/Page_ISPS2/LHSToModify' is clicked on

2020-05-27 16:21:52 - [TEST_STEP][PASSED] - currentLHS = getText(modifiedLHS): Text of object 'Object Repository/Objects.NavigateToAnyLHS/Page_ISPS2/LHSToModify' is: 'Notice'

2020-05-27 16:21:55 - [MESSAGE][PASSED] - Text of object 'Object Repository/Objects.NavigateToAnyLHS/Page_ISPS2/LHSToModify' is: 'Notice'

2020-05-27 16:21:55 - [TEST_STEP][PASSED] - Thread.sleep(5000): null

2020-05-27 16:22:00 - [MESSAGE][PASSED] - Call Test Case 'Test Cases/Components/NavigateToAnyLHS' successfully

2020-05-27 16:22:00 - [TEST_STEP][PASSED] - callTestCase(findTestCase("Components/VerifyPageSuccessfullyLoadedII"), ["PageNm":"Notice"], STOP_ON_FAILURE): Call Test Case 'Test Cases/Components/VerifyPageSuccessfullyLoadedII' successfully

2020-05-27 16:22:00 - [TEST_CASE][PASSED] - Test Cases/Components/VerifyPageSuccessfullyLoadedII: Test Cases/Components/VerifyPageSuccessfullyLoadedII

2020-05-27 16:22:00 - [TEST_STEP][PASSED] - Thread.sleep(1000): null

2020-05-27 16:22:01 - [TEST_STEP][PASSED] - modifiedInputFld = modifyObjectProperty(findTestObject("Object Repository/Objects.VerifyPageSuccessfullyLoaded/PageHeaderIndex"), "xpath", "equals", "//*[contains(@class,'isps-page-title') and (text()='" + PageNm + "')]", true): Modify property of object successfully

2020-05-27 16:22:01 - [MESSAGE][PASSED] - Modify property of object successfully

2020-05-27 16:22:01 - [TEST_STEP][PASSED] - com.reusableComponents.HighlightElement.run(modifiedInputFld): com.reusableComponents.HighlightElement.run is PASSED

2020-05-27 16:22:02 - [MESSAGE][PASSED] - com.reusableComponents.HighlightElement.run is PASSED

2020-05-27 16:22:02 - [MESSAGE][PASSED] - Call Test Case 'Test Cases/Components/VerifyPageSuccessfullyLoadedII' successfully

2020-05-27 16:22:02 - [TEST_STEP][PASSED] - callTestCase(findTestCase("Components/HighlightLabelField"), ["LblName":"Generate Notice *:"], STOP_ON_FAILURE): Call Test Case 'Test Cases/Components/HighlightLabelField' successfully

2020-05-27 16:22:02 - [TEST_CASE][PASSED] - Test Cases/Components/HighlightLabelField: Test Cases/Components/HighlightLabelField

2020-05-27 16:22:02 - [TEST_STEP][PASSED] - Thread.sleep(1000): null

2020-05-27 16:22:03 - [TEST_STEP][PASSED] - modifiedLblNm = modifyObjectProperty(findTestObject("Objects.HighlightElements/lblField"), "text", "equals", LblName, true): Modify property of object successfully

2020-05-27 16:22:03 - [MESSAGE][PASSED] - Modify property of object successfully

2020-05-27 16:22:03 - [TEST_STEP][PASSED] - com.reusableComponents.HighlightElement.run(modifiedLblNm): com.reusableComponents.HighlightElement.run is PASSED

2020-05-27 16:22:04 - [MESSAGE][PASSED] - com.reusableComponents.HighlightElement.run is PASSED

2020-05-27 16:22:04 - [MESSAGE][PASSED] - Call Test Case 'Test Cases/Components/HighlightLabelField' successfully

2020-05-27 16:22:04 - [TEST_STEP][PASSED] - callTestCase(findTestCase("Components/HighlightInputField"), ["InputFldName":"structPlans"], STOP_ON_FAILURE): Call Test Case 'Test Cases/Components/HighlightInputField' successfully

2020-05-27 16:22:04 - [TEST_CASE][PASSED] - Test Cases/Components/HighlightInputField: Test Cases/Components/HighlightInputField

2020-05-27 16:22:04 - [TEST_STEP][PASSED] - Thread.sleep(1000): null

2020-05-27 16:22:05 - [TEST_STEP][PASSED] - modifiedLblNm = modifyObjectProperty(findTestObject("Objects.HighlightElements/input_field"), "name", "equals", InputFldName, true): Modify property of object successfully

2020-05-27 16:22:05 - [MESSAGE][PASSED] - Modify property of object successfully

2020-05-27 16:22:05 - [TEST_STEP][PASSED] - com.reusableComponents.HighlightElement.run(modifiedLblNm): com.reusableComponents.HighlightElement.run is PASSED

2020-05-27 16:22:06 - [MESSAGE][PASSED] - com.reusableComponents.HighlightElement.run is PASSED

2020-05-27 16:22:06 - [MESSAGE][PASSED] - Call Test Case 'Test Cases/Components/HighlightInputField' successfully

2020-05-27 16:22:06 - [TEST_STEP][PASSED] - callTestCase(findTestCase("PFI Precision and Scale/PFI Components/VerifyDefaultValue"), ["FieldNm":"structPlans"], STOP_ON_FAILURE): Call Test Case 'Test Cases/PFI Precision and Scale/PFI Components/VerifyDefaultValue' successfully

2020-05-27 16:22:06 - [TEST_CASE][PASSED] - Test Cases/PFI Precision and Scale/PFI Components/VerifyDefaultValue: Test Cases/PFI Precision and Scale/PFI Components/VerifyDefaultValue

2020-05-27 16:22:06 - [TEST_STEP][PASSED] - Thread.sleep(1000): null

2020-05-27 16:22:07 - [TEST_STEP][PASSED] - NewFieldNm = modifyObjectProperty(findTestObject("Objects.HighlightElements/input_field"), "name", "equals", FieldNm, true): Modify property of object successfully

2020-05-27 16:22:07 - [MESSAGE][PASSED] - Modify property of object successfully

2020-05-27 16:22:07 - [TEST_STEP][PASSED] - focus(NewFieldNm): Object: 'Object Repository/Objects.HighlightElements/input_field' is focused

2020-05-27 16:22:07 - [MESSAGE][PASSED] - Object: 'Object Repository/Objects.HighlightElements/input_field' is focused

2020-05-27 16:22:07 - [TEST_STEP][PASSED] - DefVal = getAttribute(NewFieldNm, "value", STOP_ON_FAILURE): Attribute 'value' of object 'Object Repository/Objects.HighlightElements/input_field' is: ''

2020-05-27 16:22:08 - [MESSAGE][PASSED] - Attribute 'value' of object 'Object Repository/Objects.HighlightElements/input_field' is: ''

2020-05-27 16:22:08 - [TEST_STEP][PASSED] - switch (FieldNm): null

2020-05-27 16:22:08 - [TEST_STEP][PASSED] - Default: null

2020-05-27 16:22:08 - [TEST_STEP][PASSED] - verifyMatch(DefVal, "", true): Actual text '' and expected text '' are matched  using regular expression

2020-05-27 16:22:08 - [MESSAGE][PASSED] - Actual text '' and expected text '' are matched  using regular expression

2020-05-27 16:22:08 - [TEST_STEP][PASSED] - break: null

2020-05-27 16:22:08 - [MESSAGE][PASSED] - Call Test Case 'Test Cases/PFI Precision and Scale/PFI Components/VerifyDefaultValue' successfully

2020-05-27 16:22:08 - [TEST_STEP][PASSED] - callTestCase(findTestCase("PFI Precision and Scale/PFI Components/VerifyDropdownValues"), ["FldNm":"structPlans", "CallTCName":"PFI Precision and Scale/PFI Components/PFILetterTemplate", "cmbNm":"GenerateNotice", ... ], STOP_ON_FAILURE): Call Test Case 'Test Cases/PFI Precision and Scale/PFI Components/VerifyDropdownValues' successfully

2020-05-27 16:22:08 - [TEST_CASE][PASSED] - Test Cases/PFI Precision and Scale/PFI Components/VerifyDropdownValues: Test Cases/PFI Precision and Scale/PFI Components/VerifyDropdownValues

2020-05-27 16:22:08 - [TEST_STEP][PASSED] - Thread.sleep(1000): null

2020-05-27 16:22:09 - [TEST_STEP][PASSED] - NewInputNmField = modifyObjectProperty(findTestObject("Objects.HighlightElements/input_field"), "name", "equals", FldNm, true): Modify property of object successfully

2020-05-27 16:22:09 - [MESSAGE][PASSED] - Modify property of object successfully

2020-05-27 16:22:09 - [TEST_STEP][PASSED] - comboNm = cmbNm: null

2020-05-27 16:22:09 - [TEST_STEP][PASSED] - focus(NewInputNmField): Object: 'Object Repository/Objects.HighlightElements/input_field' is focused

2020-05-27 16:22:09 - [MESSAGE][PASSED] - Object: 'Object Repository/Objects.HighlightElements/input_field' is focused

2020-05-27 16:22:09 - [TEST_STEP][PASSED] - setText(NewInputNmField, EnterValue): Text '' is set on object 'Object Repository/Objects.HighlightElements/input_field'

2020-05-27 16:22:10 - [MESSAGE][PASSED] - Text '' is set on object 'Object Repository/Objects.HighlightElements/input_field'

2020-05-27 16:22:10 - [TEST_STEP][PASSED] - for ([i = 1, i <= NoOfVal, (i++)]): Keys 'DOWN + ' sent to object: 'Object Repository/Objects.HighlightElements/input_field'

2020-05-27 16:22:10 - [TEST_STEP][PASSED] - sendKeys(NewInputNmField, Keys.chord(ARROW_DOWN)): Keys 'DOWN + ' sent to object: 'Object Repository/Objects.HighlightElements/input_field'

2020-05-27 16:22:10 - [MESSAGE][PASSED] - Keys 'DOWN + ' sent to object: 'Object Repository/Objects.HighlightElements/input_field'

2020-05-27 16:22:10 - [TEST_STEP][PASSED] - delay(DelayTime): Delayed 0 second(s)

2020-05-27 16:22:10 - [MESSAGE][PASSED] - Delayed 0 second(s)

2020-05-27 16:22:10 - [TEST_STEP][PASSED] - sendKeys(NewInputNmField, Keys.chord(ENTER)): Keys 'ENTER + ' sent to object: 'Object Repository/Objects.HighlightElements/input_field'

2020-05-27 16:22:10 - [MESSAGE][PASSED] - Keys 'ENTER + ' sent to object: 'Object Repository/Objects.HighlightElements/input_field'

2020-05-27 16:22:10 - [TEST_STEP][PASSED] - ComboBoxValue = getAttribute(NewInputNmField, "value"): Attribute 'value' of object 'Object Repository/Objects.HighlightElements/input_field' is: 'with structural plans'

2020-05-27 16:22:11 - [MESSAGE][PASSED] - Attribute 'value' of object 'Object Repository/Objects.HighlightElements/input_field' is: 'with structural plans'

2020-05-27 16:22:11 - [TEST_STEP][PASSED] - callTestCase(findTestCase(CallTCName), ["FindValue":ComboBoxValue, "DropdownNm":comboNm], STOP_ON_FAILURE): Call Test Case 'Test Cases/PFI Precision and Scale/PFI Components/PFILetterTemplate' successfully

2020-05-27 16:22:11 - [TEST_CASE][PASSED] - Test Cases/PFI Precision and Scale/PFI Components/PFILetterTemplate: Test Cases/PFI Precision and Scale/PFI Components/PFILetterTemplate

2020-05-27 16:22:11 - [TEST_STEP][PASSED] - PFILetterTemplateTBL = [1:["Reminder":"Ministry Of Health"], 2:["Reminder":"Reminder Free Format Letter"], 3:["Reminder":"Reminder 1 (SF_ESID_SIS/SL-REM1)"], ... ]: null

2020-05-27 16:22:11 - [TEST_STEP][PASSED] - switch (DropdownNm): null

2020-05-27 16:22:11 - [TEST_STEP][PASSED] - case "GenerateNotice":: null

2020-05-27 16:22:11 - [TEST_STEP][PASSED] - ValueFound = PFILetterTemplateTBL.find({ -> ... }): null

2020-05-27 16:22:11 - [TEST_STEP][PASSED] - break: null

2020-05-27 16:22:11 - [MESSAGE][PASSED] - Call Test Case 'Test Cases/PFI Precision and Scale/PFI Components/PFILetterTemplate' successfully

2020-05-27 16:22:11 - [TEST_STEP][PASSED] - println(ValueFound): null

2020-05-27 16:22:11 - [TEST_STEP][PASSED] - sendKeys(NewInputNmField, Keys.chord(ARROW_DOWN)): Keys 'DOWN + ' sent to object: 'Object Repository/Objects.HighlightElements/input_field'

2020-05-27 16:22:11 - [MESSAGE][PASSED] - Keys 'DOWN + ' sent to object: 'Object Repository/Objects.HighlightElements/input_field'

2020-05-27 16:22:11 - [TEST_STEP][PASSED] - sendKeys(NewInputNmField, Keys.chord(ARROW_DOWN)): Keys 'DOWN + ' sent to object: 'Object Repository/Objects.HighlightElements/input_field'

2020-05-27 16:22:12 - [MESSAGE][PASSED] - Keys 'DOWN + ' sent to object: 'Object Repository/Objects.HighlightElements/input_field'

2020-05-27 16:22:12 - [TEST_STEP][PASSED] - delay(DelayTime): Delayed 0 second(s)

2020-05-27 16:22:12 - [MESSAGE][PASSED] - Delayed 0 second(s)

2020-05-27 16:22:12 - [TEST_STEP][PASSED] - sendKeys(NewInputNmField, Keys.chord(ENTER)): Keys 'ENTER + ' sent to object: 'Object Repository/Objects.HighlightElements/input_field'

2020-05-27 16:22:12 - [MESSAGE][PASSED] - Keys 'ENTER + ' sent to object: 'Object Repository/Objects.HighlightElements/input_field'

2020-05-27 16:22:12 - [TEST_STEP][PASSED] - ComboBoxValue = getAttribute(NewInputNmField, "value"): Attribute 'value' of object 'Object Repository/Objects.HighlightElements/input_field' is: 'without structral plans'

2020-05-27 16:22:13 - [MESSAGE][PASSED] - Attribute 'value' of object 'Object Repository/Objects.HighlightElements/input_field' is: 'without structral plans'

2020-05-27 16:22:13 - [TEST_STEP][PASSED] - callTestCase(findTestCase(CallTCName), ["FindValue":ComboBoxValue, "DropdownNm":comboNm], STOP_ON_FAILURE): Call Test Case 'Test Cases/PFI Precision and Scale/PFI Components/PFILetterTemplate' successfully

2020-05-27 16:22:13 - [TEST_CASE][PASSED] - Test Cases/PFI Precision and Scale/PFI Components/PFILetterTemplate: Test Cases/PFI Precision and Scale/PFI Components/PFILetterTemplate

2020-05-27 16:22:13 - [TEST_STEP][PASSED] - PFILetterTemplateTBL = [1:["Reminder":"Ministry Of Health"], 2:["Reminder":"Reminder Free Format Letter"], 3:["Reminder":"Reminder 1 (SF_ESID_SIS/SL-REM1)"], ... ]: null

2020-05-27 16:22:13 - [TEST_STEP][PASSED] - switch (DropdownNm): null

2020-05-27 16:22:13 - [TEST_STEP][PASSED] - case "GenerateNotice":: null

2020-05-27 16:22:13 - [TEST_STEP][PASSED] - ValueFound = PFILetterTemplateTBL.find({ -> ... }): null

2020-05-27 16:22:13 - [TEST_STEP][PASSED] - break: null

2020-05-27 16:22:13 - [MESSAGE][PASSED] - Call Test Case 'Test Cases/PFI Precision and Scale/PFI Components/PFILetterTemplate' successfully

2020-05-27 16:22:13 - [TEST_STEP][PASSED] - println(ValueFound): null

2020-05-27 16:22:13 - [TEST_STEP][PASSED] - sendKeys(NewInputNmField, Keys.chord(ARROW_DOWN)): Keys 'DOWN + ' sent to object: 'Object Repository/Objects.HighlightElements/input_field'

2020-05-27 16:22:13 - [MESSAGE][PASSED] - Keys 'DOWN + ' sent to object: 'Object Repository/Objects.HighlightElements/input_field'

2020-05-27 16:22:13 - [TEST_STEP][PASSED] - sendKeys(NewInputNmField, Keys.chord(ENTER)): Keys 'ENTER + ' sent to object: 'Object Repository/Objects.HighlightElements/input_field'

2020-05-27 16:22:13 - [MESSAGE][PASSED] - Keys 'ENTER + ' sent to object: 'Object Repository/Objects.HighlightElements/input_field'

2020-05-27 16:22:13 - [MESSAGE][PASSED] - Call Test Case 'Test Cases/PFI Precision and Scale/PFI Components/VerifyDropdownValues' successfully

2020-05-27 16:22:13 - [TEST_STEP][NOT_RUN] - callTestCase(findTestCase("Components/Logout"), ["LogoutPageTextToBeVerified":findTestData("ISPS2 Test Data").getValue("HomeBanner", 1)], STOP_ON_FAILURE): NOT_RUN: callTestCase(findTestCase("Components/Logout"), ["LogoutPageTextToBeVerified":findTestData("ISPS2 Test Data").getValue("HomeBanner", 1)], STOP_ON_FAILURE)

2020-05-27 16:22:13 - [MESSAGE][NOT_RUN] - NOT_RUN: callTestCase(findTestCase("Components/Logout"), ["LogoutPageTextToBeVerified":findTestData("ISPS2 Test Data").getValue("HomeBanner", 1)], STOP_ON_FAILURE)]]></system-out>
         <system-err><![CDATA[]]></system-err>
      </testcase>
      <testcase name="Test Cases/PFI Precision and Scale/PFI Test Cases/PFI.ReminderLHS" time="83.875" classname="Test Cases/PFI Precision and Scale/PFI Test Cases/PFI.ReminderLHS" status="PASSED">
         <system-out><![CDATA[2020-05-27 16:22:13 - [TEST_CASE][PASSED] - Test Cases/PFI Precision and Scale/PFI Test Cases/PFI.ReminderLHS: Test Cases/PFI Precision and Scale/PFI Test Cases/PFI.ReminderLHS

2020-05-27 16:22:14 - [TEST_STEP][NOT_RUN] - callTestCase(findTestCase("Components/LoginV2.0"), ["LinkToBeUsed":findTestData("ISPS2 Test Data").getValue("URL", 1), "LoginPageTextToBeVerified":findTestData("ISPS2 Test Data").getValue("HomeBanner", 1), ... ], STOP_ON_FAILURE): NOT_RUN: callTestCase(findTestCase("Components/LoginV2.0"), ["LinkToBeUsed":findTestData("ISPS2 Test Data").getValue("URL", 1), "LoginPageTextToBeVerified":findTestData("ISPS2 Test Data").getValue("HomeBanner", 1), ... ], STOP_ON_FAILURE)

2020-05-27 16:22:14 - [MESSAGE][NOT_RUN] - NOT_RUN: callTestCase(findTestCase("Components/LoginV2.0"), ["LinkToBeUsed":findTestData("ISPS2 Test Data").getValue("URL", 1), "LoginPageTextToBeVerified":findTestData("ISPS2 Test Data").getValue("HomeBanner", 1), ... ], STOP_ON_FAILURE)

2020-05-27 16:22:14 - [TEST_STEP][NOT_RUN] - callTestCase(findTestCase("Components/NavigateToHomepageHeaders"), ["headerText":"My Tasks"], STOP_ON_FAILURE): NOT_RUN: callTestCase(findTestCase("Components/NavigateToHomepageHeaders"), ["headerText":"My Tasks"], STOP_ON_FAILURE)

2020-05-27 16:22:14 - [MESSAGE][NOT_RUN] - NOT_RUN: callTestCase(findTestCase("Components/NavigateToHomepageHeaders"), ["headerText":"My Tasks"], STOP_ON_FAILURE)

2020-05-27 16:22:14 - [TEST_STEP][NOT_RUN] - callTestCase(findTestCase("Components/Filter"), ["taskDescription":"Process Case (SM)"], STOP_ON_FAILURE): NOT_RUN: callTestCase(findTestCase("Components/Filter"), ["taskDescription":"Process Case (SM)"], STOP_ON_FAILURE)

2020-05-27 16:22:14 - [MESSAGE][NOT_RUN] - NOT_RUN: callTestCase(findTestCase("Components/Filter"), ["taskDescription":"Process Case (SM)"], STOP_ON_FAILURE)

2020-05-27 16:22:14 - [TEST_STEP][NOT_RUN] - callTestCase(findTestCase("Components/ClickLinkDependingOnTextAndIndex"), ["linkName":"Process Case (SM)", "index":"3"], STOP_ON_FAILURE): NOT_RUN: callTestCase(findTestCase("Components/ClickLinkDependingOnTextAndIndex"), ["linkName":"Process Case (SM)", "index":"3"], STOP_ON_FAILURE)

2020-05-27 16:22:14 - [MESSAGE][NOT_RUN] - NOT_RUN: callTestCase(findTestCase("Components/ClickLinkDependingOnTextAndIndex"), ["linkName":"Process Case (SM)", "index":"3"], STOP_ON_FAILURE)

2020-05-27 16:22:14 - [TEST_STEP][NOT_RUN] - callTestCase(findTestCase("Components/VerifyPageSuccessfullyLoaded"), ["HeaderName":"Summary"], STOP_ON_FAILURE): NOT_RUN: callTestCase(findTestCase("Components/VerifyPageSuccessfullyLoaded"), ["HeaderName":"Summary"], STOP_ON_FAILURE)

2020-05-27 16:22:14 - [MESSAGE][NOT_RUN] - NOT_RUN: callTestCase(findTestCase("Components/VerifyPageSuccessfullyLoaded"), ["HeaderName":"Summary"], STOP_ON_FAILURE)

2020-05-27 16:22:14 - [TEST_STEP][PASSED] - callTestCase(findTestCase("Components/NavigateToAnyLHS"), ["LHS":"Reminder"], STOP_ON_FAILURE): Call Test Case 'Test Cases/Components/NavigateToAnyLHS' successfully

2020-05-27 16:22:14 - [TEST_CASE][PASSED] - Test Cases/Components/NavigateToAnyLHS: Test Cases/Components/NavigateToAnyLHS

2020-05-27 16:22:14 - [TEST_STEP][PASSED] - Thread.sleep(1000): null

2020-05-27 16:22:15 - [TEST_STEP][PASSED] - modifiedLHS = modifyObjectProperty(findTestObject("Objects.NavigateToAnyLHS/Page_ISPS2/LHSToModify"), "text", "equals", LHS, true): Modify property of object successfully

2020-05-27 16:22:15 - [MESSAGE][PASSED] - Modify property of object successfully

2020-05-27 16:22:15 - [TEST_STEP][PASSED] - click(modifiedLHS): Object: 'Object Repository/Objects.NavigateToAnyLHS/Page_ISPS2/LHSToModify' is clicked on

2020-05-27 16:22:15 - [MESSAGE][PASSED] - Object: 'Object Repository/Objects.NavigateToAnyLHS/Page_ISPS2/LHSToModify' is clicked on

2020-05-27 16:22:15 - [TEST_STEP][PASSED] - currentLHS = getText(modifiedLHS): Text of object 'Object Repository/Objects.NavigateToAnyLHS/Page_ISPS2/LHSToModify' is: 'Reminder'

2020-05-27 16:22:21 - [MESSAGE][PASSED] - Text of object 'Object Repository/Objects.NavigateToAnyLHS/Page_ISPS2/LHSToModify' is: 'Reminder'

2020-05-27 16:22:21 - [TEST_STEP][PASSED] - Thread.sleep(5000): null

2020-05-27 16:22:26 - [MESSAGE][PASSED] - Call Test Case 'Test Cases/Components/NavigateToAnyLHS' successfully

2020-05-27 16:22:26 - [TEST_STEP][PASSED] - callTestCase(findTestCase("Components/VerifyPageSuccessfullyLoaded"), ["HeaderName":"Reminder"], STOP_ON_FAILURE): Call Test Case 'Test Cases/Components/VerifyPageSuccessfullyLoaded' successfully

2020-05-27 16:22:26 - [TEST_CASE][PASSED] - Test Cases/Components/VerifyPageSuccessfullyLoaded: Test Cases/Components/VerifyPageSuccessfullyLoaded

2020-05-27 16:22:26 - [TEST_STEP][PASSED] - Thread.sleep(3000): null

2020-05-27 16:22:29 - [TEST_STEP][PASSED] - ModifiedHeaderName = modifyObjectProperty(findTestObject("Objects.VerifyPageSuccessfullyLoaded/PageHeader"), "text", "equals", HeaderName, true): Modify property of object successfully

2020-05-27 16:22:29 - [MESSAGE][PASSED] - Modify property of object successfully

2020-05-27 16:22:29 - [TEST_STEP][PASSED] - verifyElementPresent(ModifiedHeaderName, 0): Object 'Object Repository/Objects.VerifyPageSuccessfullyLoaded/PageHeader' is present

2020-05-27 16:22:29 - [MESSAGE][WARNING] - Timeout '0' is invalid. Using default page load timeout: '30'

2020-05-27 16:22:29 - [MESSAGE][PASSED] - Object 'Object Repository/Objects.VerifyPageSuccessfullyLoaded/PageHeader' is present

2020-05-27 16:22:29 - [TEST_STEP][PASSED] - com.reusableComponents.HighlightElement.run(ModifiedHeaderName): com.reusableComponents.HighlightElement.run is PASSED

2020-05-27 16:22:30 - [MESSAGE][PASSED] - com.reusableComponents.HighlightElement.run is PASSED

2020-05-27 16:22:30 - [MESSAGE][PASSED] - Call Test Case 'Test Cases/Components/VerifyPageSuccessfullyLoaded' successfully

2020-05-27 16:22:30 - [TEST_STEP][PASSED] - callTestCase(findTestCase("Components/HighlightLabelIndexField"), ["LblName":"Reminder Type:", "index":1], STOP_ON_FAILURE): Call Test Case 'Test Cases/Components/HighlightLabelIndexField' successfully

2020-05-27 16:22:30 - [TEST_CASE][PASSED] - Test Cases/Components/HighlightLabelIndexField: Test Cases/Components/HighlightLabelIndexField

2020-05-27 16:22:30 - [TEST_STEP][PASSED] - Thread.sleep(1000): null

2020-05-27 16:22:31 - [TEST_STEP][PASSED] - modifiedLblNm = modifyObjectProperty(findTestObject("Object Repository/Objects.HighlightElements/lblField_index"), "xpath", "equals", "(//*[contains(@class,'x-form-item-label-inner') and (text()='" + LblName + "')])[" + index + "]", true): Modify property of object successfully

2020-05-27 16:22:31 - [MESSAGE][PASSED] - Modify property of object successfully

2020-05-27 16:22:31 - [TEST_STEP][PASSED] - com.reusableComponents.HighlightElement.run(modifiedLblNm): com.reusableComponents.HighlightElement.run is PASSED

2020-05-27 16:22:32 - [MESSAGE][PASSED] - com.reusableComponents.HighlightElement.run is PASSED

2020-05-27 16:22:32 - [MESSAGE][PASSED] - Call Test Case 'Test Cases/Components/HighlightLabelIndexField' successfully

2020-05-27 16:22:32 - [TEST_STEP][PASSED] - callTestCase(findTestCase("Components/HighlightInputIndexField"), ["InputName":"reminderType", "index":1], STOP_ON_FAILURE): Call Test Case 'Test Cases/Components/HighlightInputIndexField' successfully

2020-05-27 16:22:32 - [TEST_CASE][PASSED] - Test Cases/Components/HighlightInputIndexField: Test Cases/Components/HighlightInputIndexField

2020-05-27 16:22:32 - [TEST_STEP][PASSED] - Thread.sleep(1000): null

2020-05-27 16:22:33 - [TEST_STEP][PASSED] - modifiedInputFld = modifyObjectProperty(findTestObject("Objects.HighlightElements/input_field_index"), "xpath", "equals", "(//*[contains(@class,'x-form-text') and (@name='" + InputName + "')])[" + index + "]", true): Modify property of object successfully

2020-05-27 16:22:33 - [MESSAGE][PASSED] - Modify property of object successfully

2020-05-27 16:22:33 - [TEST_STEP][PASSED] - com.reusableComponents.HighlightElement.run(modifiedInputFld): com.reusableComponents.HighlightElement.run is PASSED

2020-05-27 16:22:34 - [MESSAGE][PASSED] - com.reusableComponents.HighlightElement.run is PASSED

2020-05-27 16:22:34 - [MESSAGE][PASSED] - Call Test Case 'Test Cases/Components/HighlightInputIndexField' successfully

2020-05-27 16:22:34 - [TEST_STEP][PASSED] - callTestCase(findTestCase("PFI Precision and Scale/PFI Components with Indexing/VerifyDefaultValueIndex"), ["FieldNm":"reminderType", "index":1], STOP_ON_FAILURE): Call Test Case 'Test Cases/PFI Precision and Scale/PFI Components with Indexing/VerifyDefaultValueIndex' successfully

2020-05-27 16:22:34 - [TEST_CASE][PASSED] - Test Cases/PFI Precision and Scale/PFI Components with Indexing/VerifyDefaultValueIndex: Test Cases/PFI Precision and Scale/PFI Components with Indexing/VerifyDefaultValueIndex

2020-05-27 16:22:34 - [TEST_STEP][PASSED] - Thread.sleep(1000): null

2020-05-27 16:22:35 - [TEST_STEP][PASSED] - NewFieldNm = modifyObjectProperty(findTestObject("Object Repository/Objects.HighlightElements/input_field_index"), "xpath", "equals", "(//*[contains(@class,'x-form-text') and (@name='" + FieldNm + "')])[" + index + "]", true): Modify property of object successfully

2020-05-27 16:22:35 - [MESSAGE][PASSED] - Modify property of object successfully

2020-05-27 16:22:35 - [TEST_STEP][PASSED] - focus(NewFieldNm): Object: 'Object Repository/Objects.HighlightElements/input_field_index' is focused

2020-05-27 16:22:35 - [MESSAGE][PASSED] - Object: 'Object Repository/Objects.HighlightElements/input_field_index' is focused

2020-05-27 16:22:35 - [TEST_STEP][PASSED] - DefVal = getAttribute(NewFieldNm, "value", STOP_ON_FAILURE): Attribute 'value' of object 'Object Repository/Objects.HighlightElements/input_field_index' is: ''

2020-05-27 16:22:36 - [MESSAGE][PASSED] - Attribute 'value' of object 'Object Repository/Objects.HighlightElements/input_field_index' is: ''

2020-05-27 16:22:36 - [TEST_STEP][PASSED] - switch (FieldNm): null

2020-05-27 16:22:36 - [TEST_STEP][PASSED] - Default: null

2020-05-27 16:22:36 - [TEST_STEP][PASSED] - verifyMatch(DefVal, "", true): Actual text '' and expected text '' are matched  using regular expression

2020-05-27 16:22:36 - [MESSAGE][PASSED] - Actual text '' and expected text '' are matched  using regular expression

2020-05-27 16:22:36 - [TEST_STEP][PASSED] - break: null

2020-05-27 16:22:36 - [MESSAGE][PASSED] - Call Test Case 'Test Cases/PFI Precision and Scale/PFI Components with Indexing/VerifyDefaultValueIndex' successfully

2020-05-27 16:22:36 - [TEST_STEP][PASSED] - callTestCase(findTestCase("PFI Precision and Scale/PFI Components with Indexing/VerifyDropdownValuesIndex"), ["FldNm":"reminderType", "CallTCName":"PFI Precision and Scale/PFI Components/PFILetterTemplate", "cmbNm":"Reminder", "NoOfVal":9, ... ], STOP_ON_FAILURE): Call Test Case 'Test Cases/PFI Precision and Scale/PFI Components with Indexing/VerifyDropdownValuesIndex' successfully

2020-05-27 16:22:36 - [TEST_CASE][PASSED] - Test Cases/PFI Precision and Scale/PFI Components with Indexing/VerifyDropdownValuesIndex: Test Cases/PFI Precision and Scale/PFI Components with Indexing/VerifyDropdownValuesIndex

2020-05-27 16:22:36 - [TEST_STEP][PASSED] - Thread.sleep(1000): null

2020-05-27 16:22:37 - [TEST_STEP][PASSED] - NewInputNmField = modifyObjectProperty(findTestObject("Object Repository/Objects.HighlightElements/input_field_index"), "xpath", "equals", "(//*[contains(@class,'x-form-text') and (@name='" + FldNm + "')])[" + index + "]", true): Modify property of object successfully

2020-05-27 16:22:37 - [MESSAGE][PASSED] - Modify property of object successfully

2020-05-27 16:22:37 - [TEST_STEP][PASSED] - comboNm = cmbNm: null

2020-05-27 16:22:37 - [TEST_STEP][PASSED] - focus(NewInputNmField): Object: 'Object Repository/Objects.HighlightElements/input_field_index' is focused

2020-05-27 16:22:37 - [MESSAGE][PASSED] - Object: 'Object Repository/Objects.HighlightElements/input_field_index' is focused

2020-05-27 16:22:37 - [TEST_STEP][PASSED] - setText(NewInputNmField, EnterValue): Text '' is set on object 'Object Repository/Objects.HighlightElements/input_field_index'

2020-05-27 16:22:38 - [MESSAGE][PASSED] - Text '' is set on object 'Object Repository/Objects.HighlightElements/input_field_index'

2020-05-27 16:22:38 - [TEST_STEP][PASSED] - for ([i = 1, i <= NoOfVal, (i++)]): Keys 'DOWN + ' sent to object: 'Object Repository/Objects.HighlightElements/input_field_index'

2020-05-27 16:22:38 - [TEST_STEP][PASSED] - sendKeys(NewInputNmField, Keys.chord(ARROW_DOWN)): Keys 'DOWN + ' sent to object: 'Object Repository/Objects.HighlightElements/input_field_index'

2020-05-27 16:22:38 - [MESSAGE][PASSED] - Keys 'DOWN + ' sent to object: 'Object Repository/Objects.HighlightElements/input_field_index'

2020-05-27 16:22:38 - [TEST_STEP][PASSED] - delay(DelayTime): Delayed 5 second(s)

2020-05-27 16:22:43 - [MESSAGE][PASSED] - Delayed 5 second(s)

2020-05-27 16:22:43 - [TEST_STEP][PASSED] - sendKeys(NewInputNmField, Keys.chord(ENTER)): Keys 'ENTER + ' sent to object: 'Object Repository/Objects.HighlightElements/input_field_index'

2020-05-27 16:22:43 - [MESSAGE][PASSED] - Keys 'ENTER + ' sent to object: 'Object Repository/Objects.HighlightElements/input_field_index'

2020-05-27 16:22:43 - [TEST_STEP][PASSED] - ComboBoxValue = getAttribute(NewInputNmField, "value"): Attribute 'value' of object 'Object Repository/Objects.HighlightElements/input_field_index' is: 'Ministry of Health'

2020-05-27 16:22:44 - [MESSAGE][PASSED] - Attribute 'value' of object 'Object Repository/Objects.HighlightElements/input_field_index' is: 'Ministry of Health'

2020-05-27 16:22:44 - [TEST_STEP][PASSED] - callTestCase(findTestCase(CallTCName), ["FindValue":ComboBoxValue, "DropdownNm":comboNm], STOP_ON_FAILURE): Call Test Case 'Test Cases/PFI Precision and Scale/PFI Components/PFILetterTemplate' successfully

2020-05-27 16:22:44 - [TEST_CASE][PASSED] - Test Cases/PFI Precision and Scale/PFI Components/PFILetterTemplate: Test Cases/PFI Precision and Scale/PFI Components/PFILetterTemplate

2020-05-27 16:22:44 - [TEST_STEP][PASSED] - PFILetterTemplateTBL = [1:["Reminder":"Ministry Of Health"], 2:["Reminder":"Reminder Free Format Letter"], 3:["Reminder":"Reminder 1 (SF_ESID_SIS/SL-REM1)"], ... ]: null

2020-05-27 16:22:44 - [TEST_STEP][PASSED] - switch (DropdownNm): null

2020-05-27 16:22:44 - [TEST_STEP][PASSED] - case "Reminder":: null

2020-05-27 16:22:44 - [TEST_STEP][PASSED] - ValueFound = PFILetterTemplateTBL.find({ -> ... }): null

2020-05-27 16:22:44 - [TEST_STEP][PASSED] - break: null

2020-05-27 16:22:44 - [MESSAGE][PASSED] - Call Test Case 'Test Cases/PFI Precision and Scale/PFI Components/PFILetterTemplate' successfully

2020-05-27 16:22:44 - [TEST_STEP][PASSED] - println(ValueFound): null

2020-05-27 16:22:44 - [TEST_STEP][PASSED] - sendKeys(NewInputNmField, Keys.chord(ARROW_DOWN)): Keys 'DOWN + ' sent to object: 'Object Repository/Objects.HighlightElements/input_field_index'

2020-05-27 16:22:44 - [MESSAGE][PASSED] - Keys 'DOWN + ' sent to object: 'Object Repository/Objects.HighlightElements/input_field_index'

2020-05-27 16:22:44 - [TEST_STEP][PASSED] - sendKeys(NewInputNmField, Keys.chord(ARROW_DOWN)): Keys 'DOWN + ' sent to object: 'Object Repository/Objects.HighlightElements/input_field_index'

2020-05-27 16:22:45 - [MESSAGE][PASSED] - Keys 'DOWN + ' sent to object: 'Object Repository/Objects.HighlightElements/input_field_index'

2020-05-27 16:22:45 - [TEST_STEP][PASSED] - delay(DelayTime): Delayed 5 second(s)

2020-05-27 16:22:50 - [MESSAGE][PASSED] - Delayed 5 second(s)

2020-05-27 16:22:50 - [TEST_STEP][PASSED] - sendKeys(NewInputNmField, Keys.chord(ENTER)): Keys 'ENTER + ' sent to object: 'Object Repository/Objects.HighlightElements/input_field_index'

2020-05-27 16:22:50 - [MESSAGE][PASSED] - Keys 'ENTER + ' sent to object: 'Object Repository/Objects.HighlightElements/input_field_index'

2020-05-27 16:22:50 - [TEST_STEP][PASSED] - ComboBoxValue = getAttribute(NewInputNmField, "value"): Attribute 'value' of object 'Object Repository/Objects.HighlightElements/input_field_index' is: 'Reminder Free Format Letter'

2020-05-27 16:22:50 - [MESSAGE][PASSED] - Attribute 'value' of object 'Object Repository/Objects.HighlightElements/input_field_index' is: 'Reminder Free Format Letter'

2020-05-27 16:22:50 - [TEST_STEP][PASSED] - callTestCase(findTestCase(CallTCName), ["FindValue":ComboBoxValue, "DropdownNm":comboNm], STOP_ON_FAILURE): Call Test Case 'Test Cases/PFI Precision and Scale/PFI Components/PFILetterTemplate' successfully

2020-05-27 16:22:50 - [TEST_CASE][PASSED] - Test Cases/PFI Precision and Scale/PFI Components/PFILetterTemplate: Test Cases/PFI Precision and Scale/PFI Components/PFILetterTemplate

2020-05-27 16:22:50 - [TEST_STEP][PASSED] - PFILetterTemplateTBL = [1:["Reminder":"Ministry Of Health"], 2:["Reminder":"Reminder Free Format Letter"], 3:["Reminder":"Reminder 1 (SF_ESID_SIS/SL-REM1)"], ... ]: null

2020-05-27 16:22:50 - [TEST_STEP][PASSED] - switch (DropdownNm): null

2020-05-27 16:22:50 - [TEST_STEP][PASSED] - case "Reminder":: null

2020-05-27 16:22:50 - [TEST_STEP][PASSED] - ValueFound = PFILetterTemplateTBL.find({ -> ... }): null

2020-05-27 16:22:50 - [TEST_STEP][PASSED] - break: null

2020-05-27 16:22:50 - [MESSAGE][PASSED] - Call Test Case 'Test Cases/PFI Precision and Scale/PFI Components/PFILetterTemplate' successfully

2020-05-27 16:22:50 - [TEST_STEP][PASSED] - println(ValueFound): null

2020-05-27 16:22:50 - [TEST_STEP][PASSED] - sendKeys(NewInputNmField, Keys.chord(ARROW_DOWN)): Keys 'DOWN + ' sent to object: 'Object Repository/Objects.HighlightElements/input_field_index'

2020-05-27 16:22:51 - [MESSAGE][PASSED] - Keys 'DOWN + ' sent to object: 'Object Repository/Objects.HighlightElements/input_field_index'

2020-05-27 16:22:51 - [TEST_STEP][PASSED] - sendKeys(NewInputNmField, Keys.chord(ARROW_DOWN)): Keys 'DOWN + ' sent to object: 'Object Repository/Objects.HighlightElements/input_field_index'

2020-05-27 16:22:51 - [MESSAGE][PASSED] - Keys 'DOWN + ' sent to object: 'Object Repository/Objects.HighlightElements/input_field_index'

2020-05-27 16:22:51 - [TEST_STEP][PASSED] - delay(DelayTime): Delayed 5 second(s)

2020-05-27 16:22:56 - [MESSAGE][PASSED] - Delayed 5 second(s)

2020-05-27 16:22:56 - [TEST_STEP][PASSED] - sendKeys(NewInputNmField, Keys.chord(ENTER)): Keys 'ENTER + ' sent to object: 'Object Repository/Objects.HighlightElements/input_field_index'

2020-05-27 16:22:56 - [MESSAGE][PASSED] - Keys 'ENTER + ' sent to object: 'Object Repository/Objects.HighlightElements/input_field_index'

2020-05-27 16:22:56 - [TEST_STEP][PASSED] - ComboBoxValue = getAttribute(NewInputNmField, "value"): Attribute 'value' of object 'Object Repository/Objects.HighlightElements/input_field_index' is: 'Reminder 1 (SF_ESID_SIS/SL-REM1)'

2020-05-27 16:22:57 - [MESSAGE][PASSED] - Attribute 'value' of object 'Object Repository/Objects.HighlightElements/input_field_index' is: 'Reminder 1 (SF_ESID_SIS/SL-REM1)'

2020-05-27 16:22:57 - [TEST_STEP][PASSED] - callTestCase(findTestCase(CallTCName), ["FindValue":ComboBoxValue, "DropdownNm":comboNm], STOP_ON_FAILURE): Call Test Case 'Test Cases/PFI Precision and Scale/PFI Components/PFILetterTemplate' successfully

2020-05-27 16:22:57 - [TEST_CASE][PASSED] - Test Cases/PFI Precision and Scale/PFI Components/PFILetterTemplate: Test Cases/PFI Precision and Scale/PFI Components/PFILetterTemplate

2020-05-27 16:22:57 - [TEST_STEP][PASSED] - PFILetterTemplateTBL = [1:["Reminder":"Ministry Of Health"], 2:["Reminder":"Reminder Free Format Letter"], 3:["Reminder":"Reminder 1 (SF_ESID_SIS/SL-REM1)"], ... ]: null

2020-05-27 16:22:57 - [TEST_STEP][PASSED] - switch (DropdownNm): null

2020-05-27 16:22:57 - [TEST_STEP][PASSED] - case "Reminder":: null

2020-05-27 16:22:57 - [TEST_STEP][PASSED] - ValueFound = PFILetterTemplateTBL.find({ -> ... }): null

2020-05-27 16:22:57 - [TEST_STEP][PASSED] - break: null

2020-05-27 16:22:57 - [MESSAGE][PASSED] - Call Test Case 'Test Cases/PFI Precision and Scale/PFI Components/PFILetterTemplate' successfully

2020-05-27 16:22:57 - [TEST_STEP][PASSED] - println(ValueFound): null

2020-05-27 16:22:57 - [TEST_STEP][PASSED] - sendKeys(NewInputNmField, Keys.chord(ARROW_DOWN)): Keys 'DOWN + ' sent to object: 'Object Repository/Objects.HighlightElements/input_field_index'

2020-05-27 16:22:57 - [MESSAGE][PASSED] - Keys 'DOWN + ' sent to object: 'Object Repository/Objects.HighlightElements/input_field_index'

2020-05-27 16:22:57 - [TEST_STEP][PASSED] - sendKeys(NewInputNmField, Keys.chord(ARROW_DOWN)): Keys 'DOWN + ' sent to object: 'Object Repository/Objects.HighlightElements/input_field_index'

2020-05-27 16:22:58 - [MESSAGE][PASSED] - Keys 'DOWN + ' sent to object: 'Object Repository/Objects.HighlightElements/input_field_index'

2020-05-27 16:22:58 - [TEST_STEP][PASSED] - delay(DelayTime): Delayed 5 second(s)

2020-05-27 16:23:03 - [MESSAGE][PASSED] - Delayed 5 second(s)

2020-05-27 16:23:03 - [TEST_STEP][PASSED] - sendKeys(NewInputNmField, Keys.chord(ENTER)): Keys 'ENTER + ' sent to object: 'Object Repository/Objects.HighlightElements/input_field_index'

2020-05-27 16:23:03 - [MESSAGE][PASSED] - Keys 'ENTER + ' sent to object: 'Object Repository/Objects.HighlightElements/input_field_index'

2020-05-27 16:23:03 - [TEST_STEP][PASSED] - ComboBoxValue = getAttribute(NewInputNmField, "value"): Attribute 'value' of object 'Object Repository/Objects.HighlightElements/input_field_index' is: 'Reminder 1-G (SF_ESID_SIS/SL-REM1-G)'

2020-05-27 16:23:03 - [MESSAGE][PASSED] - Attribute 'value' of object 'Object Repository/Objects.HighlightElements/input_field_index' is: 'Reminder 1-G (SF_ESID_SIS/SL-REM1-G)'

2020-05-27 16:23:03 - [TEST_STEP][PASSED] - callTestCase(findTestCase(CallTCName), ["FindValue":ComboBoxValue, "DropdownNm":comboNm], STOP_ON_FAILURE): Call Test Case 'Test Cases/PFI Precision and Scale/PFI Components/PFILetterTemplate' successfully

2020-05-27 16:23:04 - [TEST_CASE][PASSED] - Test Cases/PFI Precision and Scale/PFI Components/PFILetterTemplate: Test Cases/PFI Precision and Scale/PFI Components/PFILetterTemplate

2020-05-27 16:23:04 - [TEST_STEP][PASSED] - PFILetterTemplateTBL = [1:["Reminder":"Ministry Of Health"], 2:["Reminder":"Reminder Free Format Letter"], 3:["Reminder":"Reminder 1 (SF_ESID_SIS/SL-REM1)"], ... ]: null

2020-05-27 16:23:04 - [TEST_STEP][PASSED] - switch (DropdownNm): null

2020-05-27 16:23:04 - [TEST_STEP][PASSED] - case "Reminder":: null

2020-05-27 16:23:04 - [TEST_STEP][PASSED] - ValueFound = PFILetterTemplateTBL.find({ -> ... }): null

2020-05-27 16:23:04 - [TEST_STEP][PASSED] - break: null

2020-05-27 16:23:04 - [MESSAGE][PASSED] - Call Test Case 'Test Cases/PFI Precision and Scale/PFI Components/PFILetterTemplate' successfully

2020-05-27 16:23:04 - [TEST_STEP][PASSED] - println(ValueFound): null

2020-05-27 16:23:04 - [TEST_STEP][PASSED] - sendKeys(NewInputNmField, Keys.chord(ARROW_DOWN)): Keys 'DOWN + ' sent to object: 'Object Repository/Objects.HighlightElements/input_field_index'

2020-05-27 16:23:04 - [MESSAGE][PASSED] - Keys 'DOWN + ' sent to object: 'Object Repository/Objects.HighlightElements/input_field_index'

2020-05-27 16:23:04 - [TEST_STEP][PASSED] - sendKeys(NewInputNmField, Keys.chord(ARROW_DOWN)): Keys 'DOWN + ' sent to object: 'Object Repository/Objects.HighlightElements/input_field_index'

2020-05-27 16:23:04 - [MESSAGE][PASSED] - Keys 'DOWN + ' sent to object: 'Object Repository/Objects.HighlightElements/input_field_index'

2020-05-27 16:23:04 - [TEST_STEP][PASSED] - delay(DelayTime): Delayed 5 second(s)

2020-05-27 16:23:09 - [MESSAGE][PASSED] - Delayed 5 second(s)

2020-05-27 16:23:09 - [TEST_STEP][PASSED] - sendKeys(NewInputNmField, Keys.chord(ENTER)): Keys 'ENTER + ' sent to object: 'Object Repository/Objects.HighlightElements/input_field_index'

2020-05-27 16:23:10 - [MESSAGE][PASSED] - Keys 'ENTER + ' sent to object: 'Object Repository/Objects.HighlightElements/input_field_index'

2020-05-27 16:23:10 - [TEST_STEP][PASSED] - ComboBoxValue = getAttribute(NewInputNmField, "value"): Attribute 'value' of object 'Object Repository/Objects.HighlightElements/input_field_index' is: 'Reminder 1A (SF_ESID_SIS/SL-REM1A)'

2020-05-27 16:23:10 - [MESSAGE][PASSED] - Attribute 'value' of object 'Object Repository/Objects.HighlightElements/input_field_index' is: 'Reminder 1A (SF_ESID_SIS/SL-REM1A)'

2020-05-27 16:23:10 - [TEST_STEP][PASSED] - callTestCase(findTestCase(CallTCName), ["FindValue":ComboBoxValue, "DropdownNm":comboNm], STOP_ON_FAILURE): Call Test Case 'Test Cases/PFI Precision and Scale/PFI Components/PFILetterTemplate' successfully

2020-05-27 16:23:10 - [TEST_CASE][PASSED] - Test Cases/PFI Precision and Scale/PFI Components/PFILetterTemplate: Test Cases/PFI Precision and Scale/PFI Components/PFILetterTemplate

2020-05-27 16:23:10 - [TEST_STEP][PASSED] - PFILetterTemplateTBL = [1:["Reminder":"Ministry Of Health"], 2:["Reminder":"Reminder Free Format Letter"], 3:["Reminder":"Reminder 1 (SF_ESID_SIS/SL-REM1)"], ... ]: null

2020-05-27 16:23:10 - [TEST_STEP][PASSED] - switch (DropdownNm): null

2020-05-27 16:23:10 - [TEST_STEP][PASSED] - case "Reminder":: null

2020-05-27 16:23:10 - [TEST_STEP][PASSED] - ValueFound = PFILetterTemplateTBL.find({ -> ... }): null

2020-05-27 16:23:10 - [TEST_STEP][PASSED] - break: null

2020-05-27 16:23:10 - [MESSAGE][PASSED] - Call Test Case 'Test Cases/PFI Precision and Scale/PFI Components/PFILetterTemplate' successfully

2020-05-27 16:23:10 - [TEST_STEP][PASSED] - println(ValueFound): null

2020-05-27 16:23:10 - [TEST_STEP][PASSED] - sendKeys(NewInputNmField, Keys.chord(ARROW_DOWN)): Keys 'DOWN + ' sent to object: 'Object Repository/Objects.HighlightElements/input_field_index'

2020-05-27 16:23:10 - [MESSAGE][PASSED] - Keys 'DOWN + ' sent to object: 'Object Repository/Objects.HighlightElements/input_field_index'

2020-05-27 16:23:10 - [TEST_STEP][PASSED] - sendKeys(NewInputNmField, Keys.chord(ARROW_DOWN)): Keys 'DOWN + ' sent to object: 'Object Repository/Objects.HighlightElements/input_field_index'

2020-05-27 16:23:11 - [MESSAGE][PASSED] - Keys 'DOWN + ' sent to object: 'Object Repository/Objects.HighlightElements/input_field_index'

2020-05-27 16:23:11 - [TEST_STEP][PASSED] - delay(DelayTime): Delayed 5 second(s)

2020-05-27 16:23:16 - [MESSAGE][PASSED] - Delayed 5 second(s)

2020-05-27 16:23:16 - [TEST_STEP][PASSED] - sendKeys(NewInputNmField, Keys.chord(ENTER)): Keys 'ENTER + ' sent to object: 'Object Repository/Objects.HighlightElements/input_field_index'

2020-05-27 16:23:16 - [MESSAGE][PASSED] - Keys 'ENTER + ' sent to object: 'Object Repository/Objects.HighlightElements/input_field_index'

2020-05-27 16:23:16 - [TEST_STEP][PASSED] - ComboBoxValue = getAttribute(NewInputNmField, "value"): Attribute 'value' of object 'Object Repository/Objects.HighlightElements/input_field_index' is: 'Reminder 1-M (SF_ESID_SIS/SL-REM1-M)'

2020-05-27 16:23:17 - [MESSAGE][PASSED] - Attribute 'value' of object 'Object Repository/Objects.HighlightElements/input_field_index' is: 'Reminder 1-M (SF_ESID_SIS/SL-REM1-M)'

2020-05-27 16:23:17 - [TEST_STEP][PASSED] - callTestCase(findTestCase(CallTCName), ["FindValue":ComboBoxValue, "DropdownNm":comboNm], STOP_ON_FAILURE): Call Test Case 'Test Cases/PFI Precision and Scale/PFI Components/PFILetterTemplate' successfully

2020-05-27 16:23:17 - [TEST_CASE][PASSED] - Test Cases/PFI Precision and Scale/PFI Components/PFILetterTemplate: Test Cases/PFI Precision and Scale/PFI Components/PFILetterTemplate

2020-05-27 16:23:17 - [TEST_STEP][PASSED] - PFILetterTemplateTBL = [1:["Reminder":"Ministry Of Health"], 2:["Reminder":"Reminder Free Format Letter"], 3:["Reminder":"Reminder 1 (SF_ESID_SIS/SL-REM1)"], ... ]: null

2020-05-27 16:23:17 - [TEST_STEP][PASSED] - switch (DropdownNm): null

2020-05-27 16:23:17 - [TEST_STEP][PASSED] - case "Reminder":: null

2020-05-27 16:23:17 - [TEST_STEP][PASSED] - ValueFound = PFILetterTemplateTBL.find({ -> ... }): null

2020-05-27 16:23:17 - [TEST_STEP][PASSED] - break: null

2020-05-27 16:23:17 - [MESSAGE][PASSED] - Call Test Case 'Test Cases/PFI Precision and Scale/PFI Components/PFILetterTemplate' successfully

2020-05-27 16:23:17 - [TEST_STEP][PASSED] - println(ValueFound): null

2020-05-27 16:23:17 - [TEST_STEP][PASSED] - sendKeys(NewInputNmField, Keys.chord(ARROW_DOWN)): Keys 'DOWN + ' sent to object: 'Object Repository/Objects.HighlightElements/input_field_index'

2020-05-27 16:23:17 - [MESSAGE][PASSED] - Keys 'DOWN + ' sent to object: 'Object Repository/Objects.HighlightElements/input_field_index'

2020-05-27 16:23:17 - [TEST_STEP][PASSED] - sendKeys(NewInputNmField, Keys.chord(ARROW_DOWN)): Keys 'DOWN + ' sent to object: 'Object Repository/Objects.HighlightElements/input_field_index'

2020-05-27 16:23:17 - [MESSAGE][PASSED] - Keys 'DOWN + ' sent to object: 'Object Repository/Objects.HighlightElements/input_field_index'

2020-05-27 16:23:17 - [TEST_STEP][PASSED] - delay(DelayTime): Delayed 5 second(s)

2020-05-27 16:23:22 - [MESSAGE][PASSED] - Delayed 5 second(s)

2020-05-27 16:23:22 - [TEST_STEP][PASSED] - sendKeys(NewInputNmField, Keys.chord(ENTER)): Keys 'ENTER + ' sent to object: 'Object Repository/Objects.HighlightElements/input_field_index'

2020-05-27 16:23:23 - [MESSAGE][PASSED] - Keys 'ENTER + ' sent to object: 'Object Repository/Objects.HighlightElements/input_field_index'

2020-05-27 16:23:23 - [TEST_STEP][PASSED] - ComboBoxValue = getAttribute(NewInputNmField, "value"): Attribute 'value' of object 'Object Repository/Objects.HighlightElements/input_field_index' is: 'Reminder 1A-M (SF_ESID_SIS/SL-REM1A-M)'

2020-05-27 16:23:23 - [MESSAGE][PASSED] - Attribute 'value' of object 'Object Repository/Objects.HighlightElements/input_field_index' is: 'Reminder 1A-M (SF_ESID_SIS/SL-REM1A-M)'

2020-05-27 16:23:23 - [TEST_STEP][PASSED] - callTestCase(findTestCase(CallTCName), ["FindValue":ComboBoxValue, "DropdownNm":comboNm], STOP_ON_FAILURE): Call Test Case 'Test Cases/PFI Precision and Scale/PFI Components/PFILetterTemplate' successfully

2020-05-27 16:23:23 - [TEST_CASE][PASSED] - Test Cases/PFI Precision and Scale/PFI Components/PFILetterTemplate: Test Cases/PFI Precision and Scale/PFI Components/PFILetterTemplate

2020-05-27 16:23:23 - [TEST_STEP][PASSED] - PFILetterTemplateTBL = [1:["Reminder":"Ministry Of Health"], 2:["Reminder":"Reminder Free Format Letter"], 3:["Reminder":"Reminder 1 (SF_ESID_SIS/SL-REM1)"], ... ]: null

2020-05-27 16:23:23 - [TEST_STEP][PASSED] - switch (DropdownNm): null

2020-05-27 16:23:23 - [TEST_STEP][PASSED] - case "Reminder":: null

2020-05-27 16:23:23 - [TEST_STEP][PASSED] - ValueFound = PFILetterTemplateTBL.find({ -> ... }): null

2020-05-27 16:23:23 - [TEST_STEP][PASSED] - break: null

2020-05-27 16:23:23 - [MESSAGE][PASSED] - Call Test Case 'Test Cases/PFI Precision and Scale/PFI Components/PFILetterTemplate' successfully

2020-05-27 16:23:23 - [TEST_STEP][PASSED] - println(ValueFound): null

2020-05-27 16:23:23 - [TEST_STEP][PASSED] - sendKeys(NewInputNmField, Keys.chord(ARROW_DOWN)): Keys 'DOWN + ' sent to object: 'Object Repository/Objects.HighlightElements/input_field_index'

2020-05-27 16:23:24 - [MESSAGE][PASSED] - Keys 'DOWN + ' sent to object: 'Object Repository/Objects.HighlightElements/input_field_index'

2020-05-27 16:23:24 - [TEST_STEP][PASSED] - sendKeys(NewInputNmField, Keys.chord(ARROW_DOWN)): Keys 'DOWN + ' sent to object: 'Object Repository/Objects.HighlightElements/input_field_index'

2020-05-27 16:23:24 - [MESSAGE][PASSED] - Keys 'DOWN + ' sent to object: 'Object Repository/Objects.HighlightElements/input_field_index'

2020-05-27 16:23:24 - [TEST_STEP][PASSED] - delay(DelayTime): Delayed 5 second(s)

2020-05-27 16:23:29 - [MESSAGE][PASSED] - Delayed 5 second(s)

2020-05-27 16:23:29 - [TEST_STEP][PASSED] - sendKeys(NewInputNmField, Keys.chord(ENTER)): Keys 'ENTER + ' sent to object: 'Object Repository/Objects.HighlightElements/input_field_index'

2020-05-27 16:23:29 - [MESSAGE][PASSED] - Keys 'ENTER + ' sent to object: 'Object Repository/Objects.HighlightElements/input_field_index'

2020-05-27 16:23:29 - [TEST_STEP][PASSED] - ComboBoxValue = getAttribute(NewInputNmField, "value"): Attribute 'value' of object 'Object Repository/Objects.HighlightElements/input_field_index' is: 'Reminder 2 (SF_ESID_SIS/SL-REM2)'

2020-05-27 16:23:30 - [MESSAGE][PASSED] - Attribute 'value' of object 'Object Repository/Objects.HighlightElements/input_field_index' is: 'Reminder 2 (SF_ESID_SIS/SL-REM2)'

2020-05-27 16:23:30 - [TEST_STEP][PASSED] - callTestCase(findTestCase(CallTCName), ["FindValue":ComboBoxValue, "DropdownNm":comboNm], STOP_ON_FAILURE): Call Test Case 'Test Cases/PFI Precision and Scale/PFI Components/PFILetterTemplate' successfully

2020-05-27 16:23:30 - [TEST_CASE][PASSED] - Test Cases/PFI Precision and Scale/PFI Components/PFILetterTemplate: Test Cases/PFI Precision and Scale/PFI Components/PFILetterTemplate

2020-05-27 16:23:30 - [TEST_STEP][PASSED] - PFILetterTemplateTBL = [1:["Reminder":"Ministry Of Health"], 2:["Reminder":"Reminder Free Format Letter"], 3:["Reminder":"Reminder 1 (SF_ESID_SIS/SL-REM1)"], ... ]: null

2020-05-27 16:23:30 - [TEST_STEP][PASSED] - switch (DropdownNm): null

2020-05-27 16:23:30 - [TEST_STEP][PASSED] - case "Reminder":: null

2020-05-27 16:23:30 - [TEST_STEP][PASSED] - ValueFound = PFILetterTemplateTBL.find({ -> ... }): null

2020-05-27 16:23:30 - [TEST_STEP][PASSED] - break: null

2020-05-27 16:23:30 - [MESSAGE][PASSED] - Call Test Case 'Test Cases/PFI Precision and Scale/PFI Components/PFILetterTemplate' successfully

2020-05-27 16:23:30 - [TEST_STEP][PASSED] - println(ValueFound): null

2020-05-27 16:23:30 - [TEST_STEP][PASSED] - sendKeys(NewInputNmField, Keys.chord(ARROW_DOWN)): Keys 'DOWN + ' sent to object: 'Object Repository/Objects.HighlightElements/input_field_index'

2020-05-27 16:23:30 - [MESSAGE][PASSED] - Keys 'DOWN + ' sent to object: 'Object Repository/Objects.HighlightElements/input_field_index'

2020-05-27 16:23:30 - [TEST_STEP][PASSED] - sendKeys(NewInputNmField, Keys.chord(ARROW_DOWN)): Keys 'DOWN + ' sent to object: 'Object Repository/Objects.HighlightElements/input_field_index'

2020-05-27 16:23:31 - [MESSAGE][PASSED] - Keys 'DOWN + ' sent to object: 'Object Repository/Objects.HighlightElements/input_field_index'

2020-05-27 16:23:31 - [TEST_STEP][PASSED] - delay(DelayTime): Delayed 5 second(s)

2020-05-27 16:23:36 - [MESSAGE][PASSED] - Delayed 5 second(s)

2020-05-27 16:23:36 - [TEST_STEP][PASSED] - sendKeys(NewInputNmField, Keys.chord(ENTER)): Keys 'ENTER + ' sent to object: 'Object Repository/Objects.HighlightElements/input_field_index'

2020-05-27 16:23:36 - [MESSAGE][PASSED] - Keys 'ENTER + ' sent to object: 'Object Repository/Objects.HighlightElements/input_field_index'

2020-05-27 16:23:36 - [TEST_STEP][PASSED] - ComboBoxValue = getAttribute(NewInputNmField, "value"): Attribute 'value' of object 'Object Repository/Objects.HighlightElements/input_field_index' is: 'Reminder 2-G (SF_ESID_SIS/SL-REM2-G)'

2020-05-27 16:23:37 - [MESSAGE][PASSED] - Attribute 'value' of object 'Object Repository/Objects.HighlightElements/input_field_index' is: 'Reminder 2-G (SF_ESID_SIS/SL-REM2-G)'

2020-05-27 16:23:37 - [TEST_STEP][PASSED] - callTestCase(findTestCase(CallTCName), ["FindValue":ComboBoxValue, "DropdownNm":comboNm], STOP_ON_FAILURE): Call Test Case 'Test Cases/PFI Precision and Scale/PFI Components/PFILetterTemplate' successfully

2020-05-27 16:23:37 - [TEST_CASE][PASSED] - Test Cases/PFI Precision and Scale/PFI Components/PFILetterTemplate: Test Cases/PFI Precision and Scale/PFI Components/PFILetterTemplate

2020-05-27 16:23:37 - [TEST_STEP][PASSED] - PFILetterTemplateTBL = [1:["Reminder":"Ministry Of Health"], 2:["Reminder":"Reminder Free Format Letter"], 3:["Reminder":"Reminder 1 (SF_ESID_SIS/SL-REM1)"], ... ]: null

2020-05-27 16:23:37 - [TEST_STEP][PASSED] - switch (DropdownNm): null

2020-05-27 16:23:37 - [TEST_STEP][PASSED] - case "Reminder":: null

2020-05-27 16:23:37 - [TEST_STEP][PASSED] - ValueFound = PFILetterTemplateTBL.find({ -> ... }): null

2020-05-27 16:23:37 - [TEST_STEP][PASSED] - break: null

2020-05-27 16:23:37 - [MESSAGE][PASSED] - Call Test Case 'Test Cases/PFI Precision and Scale/PFI Components/PFILetterTemplate' successfully

2020-05-27 16:23:37 - [TEST_STEP][PASSED] - println(ValueFound): null

2020-05-27 16:23:37 - [TEST_STEP][PASSED] - sendKeys(NewInputNmField, Keys.chord(ARROW_DOWN)): Keys 'DOWN + ' sent to object: 'Object Repository/Objects.HighlightElements/input_field_index'

2020-05-27 16:23:37 - [MESSAGE][PASSED] - Keys 'DOWN + ' sent to object: 'Object Repository/Objects.HighlightElements/input_field_index'

2020-05-27 16:23:37 - [TEST_STEP][PASSED] - sendKeys(NewInputNmField, Keys.chord(ENTER)): Keys 'ENTER + ' sent to object: 'Object Repository/Objects.HighlightElements/input_field_index'

2020-05-27 16:23:37 - [MESSAGE][PASSED] - Keys 'ENTER + ' sent to object: 'Object Repository/Objects.HighlightElements/input_field_index'

2020-05-27 16:23:37 - [MESSAGE][PASSED] - Call Test Case 'Test Cases/PFI Precision and Scale/PFI Components with Indexing/VerifyDropdownValuesIndex' successfully

2020-05-27 16:23:37 - [TEST_STEP][NOT_RUN] - callTestCase(findTestCase("Components/Logout"), ["LogoutPageTextToBeVerified":findTestData("ISPS2 Test Data").getValue("HomeBanner", 1)], STOP_ON_FAILURE): NOT_RUN: callTestCase(findTestCase("Components/Logout"), ["LogoutPageTextToBeVerified":findTestData("ISPS2 Test Data").getValue("HomeBanner", 1)], STOP_ON_FAILURE)

2020-05-27 16:23:37 - [MESSAGE][NOT_RUN] - NOT_RUN: callTestCase(findTestCase("Components/Logout"), ["LogoutPageTextToBeVerified":findTestData("ISPS2 Test Data").getValue("HomeBanner", 1)], STOP_ON_FAILURE)]]></system-out>
         <system-err><![CDATA[]]></system-err>
      </testcase>
      <testcase name="Test Cases/PFI Precision and Scale/PFI Test Cases/PFI.RecommendLHS" time="135.855" classname="Test Cases/PFI Precision and Scale/PFI Test Cases/PFI.RecommendLHS" status="PASSED">
         <system-out><![CDATA[2020-05-27 16:23:37 - [TEST_CASE][PASSED] - Test Cases/PFI Precision and Scale/PFI Test Cases/PFI.RecommendLHS: Test Cases/PFI Precision and Scale/PFI Test Cases/PFI.RecommendLHS

2020-05-27 16:23:38 - [TEST_STEP][NOT_RUN] - callTestCase(findTestCase("Components/LoginV2.0"), ["LinkToBeUsed":findTestData("ISPS2 Test Data").getValue("URL", 1), "LoginPageTextToBeVerified":findTestData("ISPS2 Test Data").getValue("HomeBanner", 1), ... ], STOP_ON_FAILURE): NOT_RUN: callTestCase(findTestCase("Components/LoginV2.0"), ["LinkToBeUsed":findTestData("ISPS2 Test Data").getValue("URL", 1), "LoginPageTextToBeVerified":findTestData("ISPS2 Test Data").getValue("HomeBanner", 1), ... ], STOP_ON_FAILURE)

2020-05-27 16:23:38 - [MESSAGE][NOT_RUN] - NOT_RUN: callTestCase(findTestCase("Components/LoginV2.0"), ["LinkToBeUsed":findTestData("ISPS2 Test Data").getValue("URL", 1), "LoginPageTextToBeVerified":findTestData("ISPS2 Test Data").getValue("HomeBanner", 1), ... ], STOP_ON_FAILURE)

2020-05-27 16:23:38 - [TEST_STEP][NOT_RUN] - callTestCase(findTestCase("Components/NavigateToHomepageHeaders"), ["headerText":"My Tasks"], STOP_ON_FAILURE): NOT_RUN: callTestCase(findTestCase("Components/NavigateToHomepageHeaders"), ["headerText":"My Tasks"], STOP_ON_FAILURE)

2020-05-27 16:23:38 - [MESSAGE][NOT_RUN] - NOT_RUN: callTestCase(findTestCase("Components/NavigateToHomepageHeaders"), ["headerText":"My Tasks"], STOP_ON_FAILURE)

2020-05-27 16:23:38 - [TEST_STEP][NOT_RUN] - callTestCase(findTestCase("Components/Filter"), ["taskDescription":"Process Case (SM)"], STOP_ON_FAILURE): NOT_RUN: callTestCase(findTestCase("Components/Filter"), ["taskDescription":"Process Case (SM)"], STOP_ON_FAILURE)

2020-05-27 16:23:38 - [MESSAGE][NOT_RUN] - NOT_RUN: callTestCase(findTestCase("Components/Filter"), ["taskDescription":"Process Case (SM)"], STOP_ON_FAILURE)

2020-05-27 16:23:38 - [TEST_STEP][NOT_RUN] - callTestCase(findTestCase("Components/ClickLinkDependingOnTextAndIndex"), ["linkName":"Process Case (SM)", "index":"3"], STOP_ON_FAILURE): NOT_RUN: callTestCase(findTestCase("Components/ClickLinkDependingOnTextAndIndex"), ["linkName":"Process Case (SM)", "index":"3"], STOP_ON_FAILURE)

2020-05-27 16:23:38 - [MESSAGE][NOT_RUN] - NOT_RUN: callTestCase(findTestCase("Components/ClickLinkDependingOnTextAndIndex"), ["linkName":"Process Case (SM)", "index":"3"], STOP_ON_FAILURE)

2020-05-27 16:23:38 - [TEST_STEP][NOT_RUN] - callTestCase(findTestCase("Components/VerifyPageSuccessfullyLoaded"), ["HeaderName":"Summary"], STOP_ON_FAILURE): NOT_RUN: callTestCase(findTestCase("Components/VerifyPageSuccessfullyLoaded"), ["HeaderName":"Summary"], STOP_ON_FAILURE)

2020-05-27 16:23:38 - [MESSAGE][NOT_RUN] - NOT_RUN: callTestCase(findTestCase("Components/VerifyPageSuccessfullyLoaded"), ["HeaderName":"Summary"], STOP_ON_FAILURE)

2020-05-27 16:23:38 - [TEST_STEP][PASSED] - callTestCase(findTestCase("Components/NavigateToAnyLHS"), ["LHS":"Recommend"], STOP_ON_FAILURE): Call Test Case 'Test Cases/Components/NavigateToAnyLHS' successfully

2020-05-27 16:23:38 - [TEST_CASE][PASSED] - Test Cases/Components/NavigateToAnyLHS: Test Cases/Components/NavigateToAnyLHS

2020-05-27 16:23:38 - [TEST_STEP][PASSED] - Thread.sleep(1000): null

2020-05-27 16:23:39 - [TEST_STEP][PASSED] - modifiedLHS = modifyObjectProperty(findTestObject("Objects.NavigateToAnyLHS/Page_ISPS2/LHSToModify"), "text", "equals", LHS, true): Modify property of object successfully

2020-05-27 16:23:39 - [MESSAGE][PASSED] - Modify property of object successfully

2020-05-27 16:23:39 - [TEST_STEP][PASSED] - click(modifiedLHS): Object: 'Object Repository/Objects.NavigateToAnyLHS/Page_ISPS2/LHSToModify' is clicked on

2020-05-27 16:23:39 - [MESSAGE][PASSED] - Object: 'Object Repository/Objects.NavigateToAnyLHS/Page_ISPS2/LHSToModify' is clicked on

2020-05-27 16:23:39 - [TEST_STEP][PASSED] - currentLHS = getText(modifiedLHS): Text of object 'Object Repository/Objects.NavigateToAnyLHS/Page_ISPS2/LHSToModify' is: 'Recommend'

2020-05-27 16:23:44 - [MESSAGE][PASSED] - Text of object 'Object Repository/Objects.NavigateToAnyLHS/Page_ISPS2/LHSToModify' is: 'Recommend'

2020-05-27 16:23:44 - [TEST_STEP][PASSED] - Thread.sleep(5000): null

2020-05-27 16:23:49 - [MESSAGE][PASSED] - Call Test Case 'Test Cases/Components/NavigateToAnyLHS' successfully

2020-05-27 16:23:49 - [TEST_STEP][PASSED] - callTestCase(findTestCase("Components/VerifyPageSuccessfullyLoadedII"), ["PageNm":"Recommend"], STOP_ON_FAILURE): Call Test Case 'Test Cases/Components/VerifyPageSuccessfullyLoadedII' successfully

2020-05-27 16:23:49 - [TEST_CASE][PASSED] - Test Cases/Components/VerifyPageSuccessfullyLoadedII: Test Cases/Components/VerifyPageSuccessfullyLoadedII

2020-05-27 16:23:49 - [TEST_STEP][PASSED] - Thread.sleep(1000): null

2020-05-27 16:23:50 - [TEST_STEP][PASSED] - modifiedInputFld = modifyObjectProperty(findTestObject("Object Repository/Objects.VerifyPageSuccessfullyLoaded/PageHeaderIndex"), "xpath", "equals", "//*[contains(@class,'isps-page-title') and (text()='" + PageNm + "')]", true): Modify property of object successfully

2020-05-27 16:23:51 - [MESSAGE][PASSED] - Modify property of object successfully

2020-05-27 16:23:51 - [TEST_STEP][PASSED] - com.reusableComponents.HighlightElement.run(modifiedInputFld): com.reusableComponents.HighlightElement.run is PASSED

2020-05-27 16:23:51 - [MESSAGE][PASSED] - com.reusableComponents.HighlightElement.run is PASSED

2020-05-27 16:23:51 - [MESSAGE][PASSED] - Call Test Case 'Test Cases/Components/VerifyPageSuccessfullyLoadedII' successfully

2020-05-27 16:23:51 - [TEST_STEP][PASSED] - callTestCase(findTestCase("Components/HighlightLabelFieldXPI"), ["LblName":"Recommend To", "index":6], STOP_ON_FAILURE): Call Test Case 'Test Cases/Components/HighlightLabelFieldXPI' successfully

2020-05-27 16:23:51 - [TEST_CASE][PASSED] - Test Cases/Components/HighlightLabelFieldXPI: Test Cases/Components/HighlightLabelFieldXPI

2020-05-27 16:23:51 - [TEST_STEP][PASSED] - Thread.sleep(1000): null

2020-05-27 16:23:52 - [TEST_STEP][PASSED] - modifiedLblNm = modifyObjectProperty(findTestObject("Object Repository/Objects.HighlightElements/lblField_index"), "xpath", "equals", "(//*[contains(@class, 'x-form-item-label-inner x-form-item-label-inner-default') and contains(., '" + LblName + "')])[" + index + "]", true): Modify property of object successfully

2020-05-27 16:23:52 - [MESSAGE][PASSED] - Modify property of object successfully

2020-05-27 16:23:52 - [TEST_STEP][PASSED] - com.reusableComponents.HighlightElement.run(modifiedLblNm): com.reusableComponents.HighlightElement.run is PASSED

2020-05-27 16:23:53 - [MESSAGE][PASSED] - com.reusableComponents.HighlightElement.run is PASSED

2020-05-27 16:23:53 - [MESSAGE][PASSED] - Call Test Case 'Test Cases/Components/HighlightLabelFieldXPI' successfully

2020-05-27 16:23:53 - [TEST_STEP][PASSED] - callTestCase(findTestCase("Components/HighlightInputIndexField"), ["InputName":"psiRecommendTo", "index":2], STOP_ON_FAILURE): Call Test Case 'Test Cases/Components/HighlightInputIndexField' successfully

2020-05-27 16:23:53 - [TEST_CASE][PASSED] - Test Cases/Components/HighlightInputIndexField: Test Cases/Components/HighlightInputIndexField

2020-05-27 16:23:53 - [TEST_STEP][PASSED] - Thread.sleep(1000): null

2020-05-27 16:23:54 - [TEST_STEP][PASSED] - modifiedInputFld = modifyObjectProperty(findTestObject("Objects.HighlightElements/input_field_index"), "xpath", "equals", "(//*[contains(@class,'x-form-text') and (@name='" + InputName + "')])[" + index + "]", true): Modify property of object successfully

2020-05-27 16:23:54 - [MESSAGE][PASSED] - Modify property of object successfully

2020-05-27 16:23:54 - [TEST_STEP][PASSED] - com.reusableComponents.HighlightElement.run(modifiedInputFld): com.reusableComponents.HighlightElement.run is PASSED

2020-05-27 16:23:55 - [MESSAGE][PASSED] - com.reusableComponents.HighlightElement.run is PASSED

2020-05-27 16:23:55 - [MESSAGE][PASSED] - Call Test Case 'Test Cases/Components/HighlightInputIndexField' successfully

2020-05-27 16:23:55 - [TEST_STEP][PASSED] - callTestCase(findTestCase("PFI Precision and Scale/PFI Components with Indexing/VerifyDropdownValuesIndex"), ["FldNm":"psiRecommendTo", "CallTCName":"PFI Precision and Scale/PFI Components/OfficerLists", "cmbNm":"", "NoOfVal":27, "DelayTime":0, ... ], STOP_ON_FAILURE): Call Test Case 'Test Cases/PFI Precision and Scale/PFI Components with Indexing/VerifyDropdownValuesIndex' successfully

2020-05-27 16:23:55 - [TEST_CASE][PASSED] - Test Cases/PFI Precision and Scale/PFI Components with Indexing/VerifyDropdownValuesIndex: Test Cases/PFI Precision and Scale/PFI Components with Indexing/VerifyDropdownValuesIndex

2020-05-27 16:23:55 - [TEST_STEP][PASSED] - Thread.sleep(1000): null

2020-05-27 16:23:56 - [TEST_STEP][PASSED] - NewInputNmField = modifyObjectProperty(findTestObject("Object Repository/Objects.HighlightElements/input_field_index"), "xpath", "equals", "(//*[contains(@class,'x-form-text') and (@name='" + FldNm + "')])[" + index + "]", true): Modify property of object successfully

2020-05-27 16:23:56 - [MESSAGE][PASSED] - Modify property of object successfully

2020-05-27 16:23:56 - [TEST_STEP][PASSED] - comboNm = cmbNm: null

2020-05-27 16:23:56 - [TEST_STEP][PASSED] - focus(NewInputNmField): Object: 'Object Repository/Objects.HighlightElements/input_field_index' is focused

2020-05-27 16:23:56 - [MESSAGE][PASSED] - Object: 'Object Repository/Objects.HighlightElements/input_field_index' is focused

2020-05-27 16:23:56 - [TEST_STEP][PASSED] - setText(NewInputNmField, EnterValue): Text '' is set on object 'Object Repository/Objects.HighlightElements/input_field_index'

2020-05-27 16:23:57 - [MESSAGE][PASSED] - Text '' is set on object 'Object Repository/Objects.HighlightElements/input_field_index'

2020-05-27 16:23:57 - [TEST_STEP][PASSED] - for ([i = 1, i <= NoOfVal, (i++)]): Keys 'DOWN + ' sent to object: 'Object Repository/Objects.HighlightElements/input_field_index'

2020-05-27 16:23:57 - [TEST_STEP][PASSED] - sendKeys(NewInputNmField, Keys.chord(ARROW_DOWN)): Keys 'DOWN + ' sent to object: 'Object Repository/Objects.HighlightElements/input_field_index'

2020-05-27 16:23:57 - [MESSAGE][PASSED] - Keys 'DOWN + ' sent to object: 'Object Repository/Objects.HighlightElements/input_field_index'

2020-05-27 16:23:57 - [TEST_STEP][PASSED] - delay(DelayTime): Delayed 0 second(s)

2020-05-27 16:23:57 - [MESSAGE][PASSED] - Delayed 0 second(s)

2020-05-27 16:23:57 - [TEST_STEP][PASSED] - sendKeys(NewInputNmField, Keys.chord(ENTER)): Keys 'ENTER + ' sent to object: 'Object Repository/Objects.HighlightElements/input_field_index'

2020-05-27 16:23:57 - [MESSAGE][PASSED] - Keys 'ENTER + ' sent to object: 'Object Repository/Objects.HighlightElements/input_field_index'

2020-05-27 16:23:57 - [TEST_STEP][PASSED] - ComboBoxValue = getAttribute(NewInputNmField, "value"): Attribute 'value' of object 'Object Repository/Objects.HighlightElements/input_field_index' is: 'Aaron Sham Wai Lun (AARON)'

2020-05-27 16:23:58 - [MESSAGE][PASSED] - Attribute 'value' of object 'Object Repository/Objects.HighlightElements/input_field_index' is: 'Aaron Sham Wai Lun (AARON)'

2020-05-27 16:23:58 - [TEST_STEP][PASSED] - callTestCase(findTestCase(CallTCName), ["FindValue":ComboBoxValue, "DropdownNm":comboNm], STOP_ON_FAILURE): Call Test Case 'Test Cases/PFI Precision and Scale/PFI Components/OfficerLists' successfully

2020-05-27 16:23:58 - [TEST_CASE][PASSED] - Test Cases/PFI Precision and Scale/PFI Components/OfficerLists: Test Cases/PFI Precision and Scale/PFI Components/OfficerLists

2020-05-27 16:23:58 - [TEST_STEP][PASSED] - Thread.sleep(1000): null

2020-05-27 16:23:59 - [TEST_STEP][PASSED] - OfficerLists = [1:"Aaron Sham Wai Lun (AARON)", 2:"Azidah Bte Akmad (Mdm) (USAABD)", 3:"Chung Fong Nyen (USACFN)", 4:"David Tey Dah Wei (DAHWEI)", ... ]: null

2020-05-27 16:23:59 - [TEST_STEP][PASSED] - ValueFound = OfficerLists.find({ -> ... }): null

2020-05-27 16:23:59 - [MESSAGE][PASSED] - Call Test Case 'Test Cases/PFI Precision and Scale/PFI Components/OfficerLists' successfully

2020-05-27 16:23:59 - [TEST_STEP][PASSED] - println(ValueFound): null

2020-05-27 16:23:59 - [TEST_STEP][PASSED] - sendKeys(NewInputNmField, Keys.chord(ARROW_DOWN)): Keys 'DOWN + ' sent to object: 'Object Repository/Objects.HighlightElements/input_field_index'

2020-05-27 16:23:59 - [MESSAGE][PASSED] - Keys 'DOWN + ' sent to object: 'Object Repository/Objects.HighlightElements/input_field_index'

2020-05-27 16:23:59 - [TEST_STEP][PASSED] - sendKeys(NewInputNmField, Keys.chord(ARROW_DOWN)): Keys 'DOWN + ' sent to object: 'Object Repository/Objects.HighlightElements/input_field_index'

2020-05-27 16:24:00 - [MESSAGE][PASSED] - Keys 'DOWN + ' sent to object: 'Object Repository/Objects.HighlightElements/input_field_index'

2020-05-27 16:24:00 - [TEST_STEP][PASSED] - delay(DelayTime): Delayed 0 second(s)

2020-05-27 16:24:00 - [MESSAGE][PASSED] - Delayed 0 second(s)

2020-05-27 16:24:00 - [TEST_STEP][PASSED] - sendKeys(NewInputNmField, Keys.chord(ENTER)): Keys 'ENTER + ' sent to object: 'Object Repository/Objects.HighlightElements/input_field_index'

2020-05-27 16:24:00 - [MESSAGE][PASSED] - Keys 'ENTER + ' sent to object: 'Object Repository/Objects.HighlightElements/input_field_index'

2020-05-27 16:24:00 - [TEST_STEP][PASSED] - ComboBoxValue = getAttribute(NewInputNmField, "value"): Attribute 'value' of object 'Object Repository/Objects.HighlightElements/input_field_index' is: 'Azidah Bte Akmad (Mdm) (USAABD)'

2020-05-27 16:24:01 - [MESSAGE][PASSED] - Attribute 'value' of object 'Object Repository/Objects.HighlightElements/input_field_index' is: 'Azidah Bte Akmad (Mdm) (USAABD)'

2020-05-27 16:24:01 - [TEST_STEP][PASSED] - callTestCase(findTestCase(CallTCName), ["FindValue":ComboBoxValue, "DropdownNm":comboNm], STOP_ON_FAILURE): Call Test Case 'Test Cases/PFI Precision and Scale/PFI Components/OfficerLists' successfully

2020-05-27 16:24:01 - [TEST_CASE][PASSED] - Test Cases/PFI Precision and Scale/PFI Components/OfficerLists: Test Cases/PFI Precision and Scale/PFI Components/OfficerLists

2020-05-27 16:24:01 - [TEST_STEP][PASSED] - Thread.sleep(1000): null

2020-05-27 16:24:02 - [TEST_STEP][PASSED] - OfficerLists = [1:"Aaron Sham Wai Lun (AARON)", 2:"Azidah Bte Akmad (Mdm) (USAABD)", 3:"Chung Fong Nyen (USACFN)", 4:"David Tey Dah Wei (DAHWEI)", ... ]: null

2020-05-27 16:24:02 - [TEST_STEP][PASSED] - ValueFound = OfficerLists.find({ -> ... }): null

2020-05-27 16:24:02 - [MESSAGE][PASSED] - Call Test Case 'Test Cases/PFI Precision and Scale/PFI Components/OfficerLists' successfully

2020-05-27 16:24:02 - [TEST_STEP][PASSED] - println(ValueFound): null

2020-05-27 16:24:02 - [TEST_STEP][PASSED] - sendKeys(NewInputNmField, Keys.chord(ARROW_DOWN)): Keys 'DOWN + ' sent to object: 'Object Repository/Objects.HighlightElements/input_field_index'

2020-05-27 16:24:02 - [MESSAGE][PASSED] - Keys 'DOWN + ' sent to object: 'Object Repository/Objects.HighlightElements/input_field_index'

2020-05-27 16:24:02 - [TEST_STEP][PASSED] - sendKeys(NewInputNmField, Keys.chord(ARROW_DOWN)): Keys 'DOWN + ' sent to object: 'Object Repository/Objects.HighlightElements/input_field_index'

2020-05-27 16:24:03 - [MESSAGE][PASSED] - Keys 'DOWN + ' sent to object: 'Object Repository/Objects.HighlightElements/input_field_index'

2020-05-27 16:24:03 - [TEST_STEP][PASSED] - delay(DelayTime): Delayed 0 second(s)

2020-05-27 16:24:03 - [MESSAGE][PASSED] - Delayed 0 second(s)

2020-05-27 16:24:03 - [TEST_STEP][PASSED] - sendKeys(NewInputNmField, Keys.chord(ENTER)): Keys 'ENTER + ' sent to object: 'Object Repository/Objects.HighlightElements/input_field_index'

2020-05-27 16:24:03 - [MESSAGE][PASSED] - Keys 'ENTER + ' sent to object: 'Object Repository/Objects.HighlightElements/input_field_index'

2020-05-27 16:24:03 - [TEST_STEP][PASSED] - ComboBoxValue = getAttribute(NewInputNmField, "value"): Attribute 'value' of object 'Object Repository/Objects.HighlightElements/input_field_index' is: 'Chua Bee Tee (BEETEE)'

2020-05-27 16:24:04 - [MESSAGE][PASSED] - Attribute 'value' of object 'Object Repository/Objects.HighlightElements/input_field_index' is: 'Chua Bee Tee (BEETEE)'

2020-05-27 16:24:04 - [TEST_STEP][PASSED] - callTestCase(findTestCase(CallTCName), ["FindValue":ComboBoxValue, "DropdownNm":comboNm], STOP_ON_FAILURE): Call Test Case 'Test Cases/PFI Precision and Scale/PFI Components/OfficerLists' successfully

2020-05-27 16:24:04 - [TEST_CASE][PASSED] - Test Cases/PFI Precision and Scale/PFI Components/OfficerLists: Test Cases/PFI Precision and Scale/PFI Components/OfficerLists

2020-05-27 16:24:04 - [TEST_STEP][PASSED] - Thread.sleep(1000): null

2020-05-27 16:24:05 - [TEST_STEP][PASSED] - OfficerLists = [1:"Aaron Sham Wai Lun (AARON)", 2:"Azidah Bte Akmad (Mdm) (USAABD)", 3:"Chung Fong Nyen (USACFN)", 4:"David Tey Dah Wei (DAHWEI)", ... ]: null

2020-05-27 16:24:05 - [TEST_STEP][PASSED] - ValueFound = OfficerLists.find({ -> ... }): null

2020-05-27 16:24:05 - [MESSAGE][PASSED] - Call Test Case 'Test Cases/PFI Precision and Scale/PFI Components/OfficerLists' successfully

2020-05-27 16:24:05 - [TEST_STEP][PASSED] - println(ValueFound): null

2020-05-27 16:24:05 - [TEST_STEP][PASSED] - sendKeys(NewInputNmField, Keys.chord(ARROW_DOWN)): Keys 'DOWN + ' sent to object: 'Object Repository/Objects.HighlightElements/input_field_index'

2020-05-27 16:24:05 - [MESSAGE][PASSED] - Keys 'DOWN + ' sent to object: 'Object Repository/Objects.HighlightElements/input_field_index'

2020-05-27 16:24:05 - [TEST_STEP][PASSED] - sendKeys(NewInputNmField, Keys.chord(ARROW_DOWN)): Keys 'DOWN + ' sent to object: 'Object Repository/Objects.HighlightElements/input_field_index'

2020-05-27 16:24:06 - [MESSAGE][PASSED] - Keys 'DOWN + ' sent to object: 'Object Repository/Objects.HighlightElements/input_field_index'

2020-05-27 16:24:06 - [TEST_STEP][PASSED] - delay(DelayTime): Delayed 0 second(s)

2020-05-27 16:24:06 - [MESSAGE][PASSED] - Delayed 0 second(s)

2020-05-27 16:24:06 - [TEST_STEP][PASSED] - sendKeys(NewInputNmField, Keys.chord(ENTER)): Keys 'ENTER + ' sent to object: 'Object Repository/Objects.HighlightElements/input_field_index'

2020-05-27 16:24:06 - [MESSAGE][PASSED] - Keys 'ENTER + ' sent to object: 'Object Repository/Objects.HighlightElements/input_field_index'

2020-05-27 16:24:06 - [TEST_STEP][PASSED] - ComboBoxValue = getAttribute(NewInputNmField, "value"): Attribute 'value' of object 'Object Repository/Objects.HighlightElements/input_field_index' is: 'Chung Fong Nyen (USACFN)'

2020-05-27 16:24:06 - [MESSAGE][PASSED] - Attribute 'value' of object 'Object Repository/Objects.HighlightElements/input_field_index' is: 'Chung Fong Nyen (USACFN)'

2020-05-27 16:24:06 - [TEST_STEP][PASSED] - callTestCase(findTestCase(CallTCName), ["FindValue":ComboBoxValue, "DropdownNm":comboNm], STOP_ON_FAILURE): Call Test Case 'Test Cases/PFI Precision and Scale/PFI Components/OfficerLists' successfully

2020-05-27 16:24:07 - [TEST_CASE][PASSED] - Test Cases/PFI Precision and Scale/PFI Components/OfficerLists: Test Cases/PFI Precision and Scale/PFI Components/OfficerLists

2020-05-27 16:24:07 - [TEST_STEP][PASSED] - Thread.sleep(1000): null

2020-05-27 16:24:08 - [TEST_STEP][PASSED] - OfficerLists = [1:"Aaron Sham Wai Lun (AARON)", 2:"Azidah Bte Akmad (Mdm) (USAABD)", 3:"Chung Fong Nyen (USACFN)", 4:"David Tey Dah Wei (DAHWEI)", ... ]: null

2020-05-27 16:24:08 - [TEST_STEP][PASSED] - ValueFound = OfficerLists.find({ -> ... }): null

2020-05-27 16:24:08 - [MESSAGE][PASSED] - Call Test Case 'Test Cases/PFI Precision and Scale/PFI Components/OfficerLists' successfully

2020-05-27 16:24:08 - [TEST_STEP][PASSED] - println(ValueFound): null

2020-05-27 16:24:08 - [TEST_STEP][PASSED] - sendKeys(NewInputNmField, Keys.chord(ARROW_DOWN)): Keys 'DOWN + ' sent to object: 'Object Repository/Objects.HighlightElements/input_field_index'

2020-05-27 16:24:09 - [MESSAGE][PASSED] - Keys 'DOWN + ' sent to object: 'Object Repository/Objects.HighlightElements/input_field_index'

2020-05-27 16:24:09 - [TEST_STEP][PASSED] - sendKeys(NewInputNmField, Keys.chord(ARROW_DOWN)): Keys 'DOWN + ' sent to object: 'Object Repository/Objects.HighlightElements/input_field_index'

2020-05-27 16:24:09 - [MESSAGE][PASSED] - Keys 'DOWN + ' sent to object: 'Object Repository/Objects.HighlightElements/input_field_index'

2020-05-27 16:24:09 - [TEST_STEP][PASSED] - delay(DelayTime): Delayed 0 second(s)

2020-05-27 16:24:09 - [MESSAGE][PASSED] - Delayed 0 second(s)

2020-05-27 16:24:09 - [TEST_STEP][PASSED] - sendKeys(NewInputNmField, Keys.chord(ENTER)): Keys 'ENTER + ' sent to object: 'Object Repository/Objects.HighlightElements/input_field_index'

2020-05-27 16:24:10 - [MESSAGE][PASSED] - Keys 'ENTER + ' sent to object: 'Object Repository/Objects.HighlightElements/input_field_index'

2020-05-27 16:24:10 - [TEST_STEP][PASSED] - ComboBoxValue = getAttribute(NewInputNmField, "value"): Attribute 'value' of object 'Object Repository/Objects.HighlightElements/input_field_index' is: 'David Tey Dah Wei (DAHWEI)'

2020-05-27 16:24:10 - [MESSAGE][PASSED] - Attribute 'value' of object 'Object Repository/Objects.HighlightElements/input_field_index' is: 'David Tey Dah Wei (DAHWEI)'

2020-05-27 16:24:10 - [TEST_STEP][PASSED] - callTestCase(findTestCase(CallTCName), ["FindValue":ComboBoxValue, "DropdownNm":comboNm], STOP_ON_FAILURE): Call Test Case 'Test Cases/PFI Precision and Scale/PFI Components/OfficerLists' successfully

2020-05-27 16:24:10 - [TEST_CASE][PASSED] - Test Cases/PFI Precision and Scale/PFI Components/OfficerLists: Test Cases/PFI Precision and Scale/PFI Components/OfficerLists

2020-05-27 16:24:10 - [TEST_STEP][PASSED] - Thread.sleep(1000): null

2020-05-27 16:24:11 - [TEST_STEP][PASSED] - OfficerLists = [1:"Aaron Sham Wai Lun (AARON)", 2:"Azidah Bte Akmad (Mdm) (USAABD)", 3:"Chung Fong Nyen (USACFN)", 4:"David Tey Dah Wei (DAHWEI)", ... ]: null

2020-05-27 16:24:11 - [TEST_STEP][PASSED] - ValueFound = OfficerLists.find({ -> ... }): null

2020-05-27 16:24:11 - [MESSAGE][PASSED] - Call Test Case 'Test Cases/PFI Precision and Scale/PFI Components/OfficerLists' successfully

2020-05-27 16:24:11 - [TEST_STEP][PASSED] - println(ValueFound): null

2020-05-27 16:24:11 - [TEST_STEP][PASSED] - sendKeys(NewInputNmField, Keys.chord(ARROW_DOWN)): Keys 'DOWN + ' sent to object: 'Object Repository/Objects.HighlightElements/input_field_index'

2020-05-27 16:24:12 - [MESSAGE][PASSED] - Keys 'DOWN + ' sent to object: 'Object Repository/Objects.HighlightElements/input_field_index'

2020-05-27 16:24:12 - [TEST_STEP][PASSED] - sendKeys(NewInputNmField, Keys.chord(ARROW_DOWN)): Keys 'DOWN + ' sent to object: 'Object Repository/Objects.HighlightElements/input_field_index'

2020-05-27 16:24:12 - [MESSAGE][PASSED] - Keys 'DOWN + ' sent to object: 'Object Repository/Objects.HighlightElements/input_field_index'

2020-05-27 16:24:12 - [TEST_STEP][PASSED] - delay(DelayTime): Delayed 0 second(s)

2020-05-27 16:24:12 - [MESSAGE][PASSED] - Delayed 0 second(s)

2020-05-27 16:24:12 - [TEST_STEP][PASSED] - sendKeys(NewInputNmField, Keys.chord(ENTER)): Keys 'ENTER + ' sent to object: 'Object Repository/Objects.HighlightElements/input_field_index'

2020-05-27 16:24:13 - [MESSAGE][PASSED] - Keys 'ENTER + ' sent to object: 'Object Repository/Objects.HighlightElements/input_field_index'

2020-05-27 16:24:13 - [TEST_STEP][PASSED] - ComboBoxValue = getAttribute(NewInputNmField, "value"): Attribute 'value' of object 'Object Repository/Objects.HighlightElements/input_field_index' is: 'Han Wann Kuang (WANNKUANG)'

2020-05-27 16:24:13 - [MESSAGE][PASSED] - Attribute 'value' of object 'Object Repository/Objects.HighlightElements/input_field_index' is: 'Han Wann Kuang (WANNKUANG)'

2020-05-27 16:24:13 - [TEST_STEP][PASSED] - callTestCase(findTestCase(CallTCName), ["FindValue":ComboBoxValue, "DropdownNm":comboNm], STOP_ON_FAILURE): Call Test Case 'Test Cases/PFI Precision and Scale/PFI Components/OfficerLists' successfully

2020-05-27 16:24:13 - [TEST_CASE][PASSED] - Test Cases/PFI Precision and Scale/PFI Components/OfficerLists: Test Cases/PFI Precision and Scale/PFI Components/OfficerLists

2020-05-27 16:24:13 - [TEST_STEP][PASSED] - Thread.sleep(1000): null

2020-05-27 16:24:14 - [TEST_STEP][PASSED] - OfficerLists = [1:"Aaron Sham Wai Lun (AARON)", 2:"Azidah Bte Akmad (Mdm) (USAABD)", 3:"Chung Fong Nyen (USACFN)", 4:"David Tey Dah Wei (DAHWEI)", ... ]: null

2020-05-27 16:24:14 - [TEST_STEP][PASSED] - ValueFound = OfficerLists.find({ -> ... }): null

2020-05-27 16:24:14 - [MESSAGE][PASSED] - Call Test Case 'Test Cases/PFI Precision and Scale/PFI Components/OfficerLists' successfully

2020-05-27 16:24:14 - [TEST_STEP][PASSED] - println(ValueFound): null

2020-05-27 16:24:14 - [TEST_STEP][PASSED] - sendKeys(NewInputNmField, Keys.chord(ARROW_DOWN)): Keys 'DOWN + ' sent to object: 'Object Repository/Objects.HighlightElements/input_field_index'

2020-05-27 16:24:14 - [MESSAGE][PASSED] - Keys 'DOWN + ' sent to object: 'Object Repository/Objects.HighlightElements/input_field_index'

2020-05-27 16:24:14 - [TEST_STEP][PASSED] - sendKeys(NewInputNmField, Keys.chord(ARROW_DOWN)): Keys 'DOWN + ' sent to object: 'Object Repository/Objects.HighlightElements/input_field_index'

2020-05-27 16:24:15 - [MESSAGE][PASSED] - Keys 'DOWN + ' sent to object: 'Object Repository/Objects.HighlightElements/input_field_index'

2020-05-27 16:24:15 - [TEST_STEP][PASSED] - delay(DelayTime): Delayed 0 second(s)

2020-05-27 16:24:15 - [MESSAGE][PASSED] - Delayed 0 second(s)

2020-05-27 16:24:15 - [TEST_STEP][PASSED] - sendKeys(NewInputNmField, Keys.chord(ENTER)): Keys 'ENTER + ' sent to object: 'Object Repository/Objects.HighlightElements/input_field_index'

2020-05-27 16:24:15 - [MESSAGE][PASSED] - Keys 'ENTER + ' sent to object: 'Object Repository/Objects.HighlightElements/input_field_index'

2020-05-27 16:24:15 - [TEST_STEP][PASSED] - ComboBoxValue = getAttribute(NewInputNmField, "value"): Attribute 'value' of object 'Object Repository/Objects.HighlightElements/input_field_index' is: 'Ho Tze Siang (TZESIANG)'

2020-05-27 16:24:16 - [MESSAGE][PASSED] - Attribute 'value' of object 'Object Repository/Objects.HighlightElements/input_field_index' is: 'Ho Tze Siang (TZESIANG)'

2020-05-27 16:24:16 - [TEST_STEP][PASSED] - callTestCase(findTestCase(CallTCName), ["FindValue":ComboBoxValue, "DropdownNm":comboNm], STOP_ON_FAILURE): Call Test Case 'Test Cases/PFI Precision and Scale/PFI Components/OfficerLists' successfully

2020-05-27 16:24:16 - [TEST_CASE][PASSED] - Test Cases/PFI Precision and Scale/PFI Components/OfficerLists: Test Cases/PFI Precision and Scale/PFI Components/OfficerLists

2020-05-27 16:24:16 - [TEST_STEP][PASSED] - Thread.sleep(1000): null

2020-05-27 16:24:17 - [TEST_STEP][PASSED] - OfficerLists = [1:"Aaron Sham Wai Lun (AARON)", 2:"Azidah Bte Akmad (Mdm) (USAABD)", 3:"Chung Fong Nyen (USACFN)", 4:"David Tey Dah Wei (DAHWEI)", ... ]: null

2020-05-27 16:24:17 - [TEST_STEP][PASSED] - ValueFound = OfficerLists.find({ -> ... }): null

2020-05-27 16:24:17 - [MESSAGE][PASSED] - Call Test Case 'Test Cases/PFI Precision and Scale/PFI Components/OfficerLists' successfully

2020-05-27 16:24:17 - [TEST_STEP][PASSED] - println(ValueFound): null

2020-05-27 16:24:17 - [TEST_STEP][PASSED] - sendKeys(NewInputNmField, Keys.chord(ARROW_DOWN)): Keys 'DOWN + ' sent to object: 'Object Repository/Objects.HighlightElements/input_field_index'

2020-05-27 16:24:17 - [MESSAGE][PASSED] - Keys 'DOWN + ' sent to object: 'Object Repository/Objects.HighlightElements/input_field_index'

2020-05-27 16:24:17 - [TEST_STEP][PASSED] - sendKeys(NewInputNmField, Keys.chord(ARROW_DOWN)): Keys 'DOWN + ' sent to object: 'Object Repository/Objects.HighlightElements/input_field_index'

2020-05-27 16:24:18 - [MESSAGE][PASSED] - Keys 'DOWN + ' sent to object: 'Object Repository/Objects.HighlightElements/input_field_index'

2020-05-27 16:24:18 - [TEST_STEP][PASSED] - delay(DelayTime): Delayed 0 second(s)

2020-05-27 16:24:18 - [MESSAGE][PASSED] - Delayed 0 second(s)

2020-05-27 16:24:18 - [TEST_STEP][PASSED] - sendKeys(NewInputNmField, Keys.chord(ENTER)): Keys 'ENTER + ' sent to object: 'Object Repository/Objects.HighlightElements/input_field_index'

2020-05-27 16:24:18 - [MESSAGE][PASSED] - Keys 'ENTER + ' sent to object: 'Object Repository/Objects.HighlightElements/input_field_index'

2020-05-27 16:24:18 - [TEST_STEP][PASSED] - ComboBoxValue = getAttribute(NewInputNmField, "value"): Attribute 'value' of object 'Object Repository/Objects.HighlightElements/input_field_index' is: 'Ho-Chan Vun Ching (USAHVC)'

2020-05-27 16:24:19 - [MESSAGE][PASSED] - Attribute 'value' of object 'Object Repository/Objects.HighlightElements/input_field_index' is: 'Ho-Chan Vun Ching (USAHVC)'

2020-05-27 16:24:19 - [TEST_STEP][PASSED] - callTestCase(findTestCase(CallTCName), ["FindValue":ComboBoxValue, "DropdownNm":comboNm], STOP_ON_FAILURE): Call Test Case 'Test Cases/PFI Precision and Scale/PFI Components/OfficerLists' successfully

2020-05-27 16:24:19 - [TEST_CASE][PASSED] - Test Cases/PFI Precision and Scale/PFI Components/OfficerLists: Test Cases/PFI Precision and Scale/PFI Components/OfficerLists

2020-05-27 16:24:19 - [TEST_STEP][PASSED] - Thread.sleep(1000): null

2020-05-27 16:24:20 - [TEST_STEP][PASSED] - OfficerLists = [1:"Aaron Sham Wai Lun (AARON)", 2:"Azidah Bte Akmad (Mdm) (USAABD)", 3:"Chung Fong Nyen (USACFN)", 4:"David Tey Dah Wei (DAHWEI)", ... ]: null

2020-05-27 16:24:20 - [TEST_STEP][PASSED] - ValueFound = OfficerLists.find({ -> ... }): null

2020-05-27 16:24:20 - [MESSAGE][PASSED] - Call Test Case 'Test Cases/PFI Precision and Scale/PFI Components/OfficerLists' successfully

2020-05-27 16:24:20 - [TEST_STEP][PASSED] - println(ValueFound): null

2020-05-27 16:24:20 - [TEST_STEP][PASSED] - sendKeys(NewInputNmField, Keys.chord(ARROW_DOWN)): Keys 'DOWN + ' sent to object: 'Object Repository/Objects.HighlightElements/input_field_index'

2020-05-27 16:24:20 - [MESSAGE][PASSED] - Keys 'DOWN + ' sent to object: 'Object Repository/Objects.HighlightElements/input_field_index'

2020-05-27 16:24:20 - [TEST_STEP][PASSED] - sendKeys(NewInputNmField, Keys.chord(ARROW_DOWN)): Keys 'DOWN + ' sent to object: 'Object Repository/Objects.HighlightElements/input_field_index'

2020-05-27 16:24:21 - [MESSAGE][PASSED] - Keys 'DOWN + ' sent to object: 'Object Repository/Objects.HighlightElements/input_field_index'

2020-05-27 16:24:21 - [TEST_STEP][PASSED] - delay(DelayTime): Delayed 0 second(s)

2020-05-27 16:24:21 - [MESSAGE][PASSED] - Delayed 0 second(s)

2020-05-27 16:24:21 - [TEST_STEP][PASSED] - sendKeys(NewInputNmField, Keys.chord(ENTER)): Keys 'ENTER + ' sent to object: 'Object Repository/Objects.HighlightElements/input_field_index'

2020-05-27 16:24:21 - [MESSAGE][PASSED] - Keys 'ENTER + ' sent to object: 'Object Repository/Objects.HighlightElements/input_field_index'

2020-05-27 16:24:21 - [TEST_STEP][PASSED] - ComboBoxValue = getAttribute(NewInputNmField, "value"): Attribute 'value' of object 'Object Repository/Objects.HighlightElements/input_field_index' is: 'Janet Lee Choon Hong (JANETCHOON)'

2020-05-27 16:24:22 - [MESSAGE][PASSED] - Attribute 'value' of object 'Object Repository/Objects.HighlightElements/input_field_index' is: 'Janet Lee Choon Hong (JANETCHOON)'

2020-05-27 16:24:22 - [TEST_STEP][PASSED] - callTestCase(findTestCase(CallTCName), ["FindValue":ComboBoxValue, "DropdownNm":comboNm], STOP_ON_FAILURE): Call Test Case 'Test Cases/PFI Precision and Scale/PFI Components/OfficerLists' successfully

2020-05-27 16:24:22 - [TEST_CASE][PASSED] - Test Cases/PFI Precision and Scale/PFI Components/OfficerLists: Test Cases/PFI Precision and Scale/PFI Components/OfficerLists

2020-05-27 16:24:22 - [TEST_STEP][PASSED] - Thread.sleep(1000): null

2020-05-27 16:24:23 - [TEST_STEP][PASSED] - OfficerLists = [1:"Aaron Sham Wai Lun (AARON)", 2:"Azidah Bte Akmad (Mdm) (USAABD)", 3:"Chung Fong Nyen (USACFN)", 4:"David Tey Dah Wei (DAHWEI)", ... ]: null

2020-05-27 16:24:23 - [TEST_STEP][PASSED] - ValueFound = OfficerLists.find({ -> ... }): null

2020-05-27 16:24:23 - [MESSAGE][PASSED] - Call Test Case 'Test Cases/PFI Precision and Scale/PFI Components/OfficerLists' successfully

2020-05-27 16:24:23 - [TEST_STEP][PASSED] - println(ValueFound): null

2020-05-27 16:24:23 - [TEST_STEP][PASSED] - sendKeys(NewInputNmField, Keys.chord(ARROW_DOWN)): Keys 'DOWN + ' sent to object: 'Object Repository/Objects.HighlightElements/input_field_index'

2020-05-27 16:24:23 - [MESSAGE][PASSED] - Keys 'DOWN + ' sent to object: 'Object Repository/Objects.HighlightElements/input_field_index'

2020-05-27 16:24:23 - [TEST_STEP][PASSED] - sendKeys(NewInputNmField, Keys.chord(ARROW_DOWN)): Keys 'DOWN + ' sent to object: 'Object Repository/Objects.HighlightElements/input_field_index'

2020-05-27 16:24:24 - [MESSAGE][PASSED] - Keys 'DOWN + ' sent to object: 'Object Repository/Objects.HighlightElements/input_field_index'

2020-05-27 16:24:24 - [TEST_STEP][PASSED] - delay(DelayTime): Delayed 0 second(s)

2020-05-27 16:24:24 - [MESSAGE][PASSED] - Delayed 0 second(s)

2020-05-27 16:24:24 - [TEST_STEP][PASSED] - sendKeys(NewInputNmField, Keys.chord(ENTER)): Keys 'ENTER + ' sent to object: 'Object Repository/Objects.HighlightElements/input_field_index'

2020-05-27 16:24:24 - [MESSAGE][PASSED] - Keys 'ENTER + ' sent to object: 'Object Repository/Objects.HighlightElements/input_field_index'

2020-05-27 16:24:24 - [TEST_STEP][PASSED] - ComboBoxValue = getAttribute(NewInputNmField, "value"): Attribute 'value' of object 'Object Repository/Objects.HighlightElements/input_field_index' is: 'Joseph Lim Pheng Weng (PHENGWENG)'

2020-05-27 16:24:25 - [MESSAGE][PASSED] - Attribute 'value' of object 'Object Repository/Objects.HighlightElements/input_field_index' is: 'Joseph Lim Pheng Weng (PHENGWENG)'

2020-05-27 16:24:25 - [TEST_STEP][PASSED] - callTestCase(findTestCase(CallTCName), ["FindValue":ComboBoxValue, "DropdownNm":comboNm], STOP_ON_FAILURE): Call Test Case 'Test Cases/PFI Precision and Scale/PFI Components/OfficerLists' successfully

2020-05-27 16:24:25 - [TEST_CASE][PASSED] - Test Cases/PFI Precision and Scale/PFI Components/OfficerLists: Test Cases/PFI Precision and Scale/PFI Components/OfficerLists

2020-05-27 16:24:25 - [TEST_STEP][PASSED] - Thread.sleep(1000): null

2020-05-27 16:24:26 - [TEST_STEP][PASSED] - OfficerLists = [1:"Aaron Sham Wai Lun (AARON)", 2:"Azidah Bte Akmad (Mdm) (USAABD)", 3:"Chung Fong Nyen (USACFN)", 4:"David Tey Dah Wei (DAHWEI)", ... ]: null

2020-05-27 16:24:26 - [TEST_STEP][PASSED] - ValueFound = OfficerLists.find({ -> ... }): null

2020-05-27 16:24:26 - [MESSAGE][PASSED] - Call Test Case 'Test Cases/PFI Precision and Scale/PFI Components/OfficerLists' successfully

2020-05-27 16:24:26 - [TEST_STEP][PASSED] - println(ValueFound): null

2020-05-27 16:24:26 - [TEST_STEP][PASSED] - sendKeys(NewInputNmField, Keys.chord(ARROW_DOWN)): Keys 'DOWN + ' sent to object: 'Object Repository/Objects.HighlightElements/input_field_index'

2020-05-27 16:24:26 - [MESSAGE][PASSED] - Keys 'DOWN + ' sent to object: 'Object Repository/Objects.HighlightElements/input_field_index'

2020-05-27 16:24:26 - [TEST_STEP][PASSED] - sendKeys(NewInputNmField, Keys.chord(ARROW_DOWN)): Keys 'DOWN + ' sent to object: 'Object Repository/Objects.HighlightElements/input_field_index'

2020-05-27 16:24:26 - [MESSAGE][PASSED] - Keys 'DOWN + ' sent to object: 'Object Repository/Objects.HighlightElements/input_field_index'

2020-05-27 16:24:26 - [TEST_STEP][PASSED] - delay(DelayTime): Delayed 0 second(s)

2020-05-27 16:24:26 - [MESSAGE][PASSED] - Delayed 0 second(s)

2020-05-27 16:24:26 - [TEST_STEP][PASSED] - sendKeys(NewInputNmField, Keys.chord(ENTER)): Keys 'ENTER + ' sent to object: 'Object Repository/Objects.HighlightElements/input_field_index'

2020-05-27 16:24:27 - [MESSAGE][PASSED] - Keys 'ENTER + ' sent to object: 'Object Repository/Objects.HighlightElements/input_field_index'

2020-05-27 16:24:27 - [TEST_STEP][PASSED] - ComboBoxValue = getAttribute(NewInputNmField, "value"): Attribute 'value' of object 'Object Repository/Objects.HighlightElements/input_field_index' is: 'Kaliannan Thanabal (KALIANN)'

2020-05-27 16:24:27 - [MESSAGE][PASSED] - Attribute 'value' of object 'Object Repository/Objects.HighlightElements/input_field_index' is: 'Kaliannan Thanabal (KALIANN)'

2020-05-27 16:24:27 - [TEST_STEP][PASSED] - callTestCase(findTestCase(CallTCName), ["FindValue":ComboBoxValue, "DropdownNm":comboNm], STOP_ON_FAILURE): Call Test Case 'Test Cases/PFI Precision and Scale/PFI Components/OfficerLists' successfully

2020-05-27 16:24:27 - [TEST_CASE][PASSED] - Test Cases/PFI Precision and Scale/PFI Components/OfficerLists: Test Cases/PFI Precision and Scale/PFI Components/OfficerLists

2020-05-27 16:24:27 - [TEST_STEP][PASSED] - Thread.sleep(1000): null

2020-05-27 16:24:28 - [TEST_STEP][PASSED] - OfficerLists = [1:"Aaron Sham Wai Lun (AARON)", 2:"Azidah Bte Akmad (Mdm) (USAABD)", 3:"Chung Fong Nyen (USACFN)", 4:"David Tey Dah Wei (DAHWEI)", ... ]: null

2020-05-27 16:24:28 - [TEST_STEP][PASSED] - ValueFound = OfficerLists.find({ -> ... }): null

2020-05-27 16:24:28 - [MESSAGE][PASSED] - Call Test Case 'Test Cases/PFI Precision and Scale/PFI Components/OfficerLists' successfully

2020-05-27 16:24:28 - [TEST_STEP][PASSED] - println(ValueFound): null

2020-05-27 16:24:28 - [TEST_STEP][PASSED] - sendKeys(NewInputNmField, Keys.chord(ARROW_DOWN)): Keys 'DOWN + ' sent to object: 'Object Repository/Objects.HighlightElements/input_field_index'

2020-05-27 16:24:29 - [MESSAGE][PASSED] - Keys 'DOWN + ' sent to object: 'Object Repository/Objects.HighlightElements/input_field_index'

2020-05-27 16:24:29 - [TEST_STEP][PASSED] - sendKeys(NewInputNmField, Keys.chord(ARROW_DOWN)): Keys 'DOWN + ' sent to object: 'Object Repository/Objects.HighlightElements/input_field_index'

2020-05-27 16:24:29 - [MESSAGE][PASSED] - Keys 'DOWN + ' sent to object: 'Object Repository/Objects.HighlightElements/input_field_index'

2020-05-27 16:24:29 - [TEST_STEP][PASSED] - delay(DelayTime): Delayed 0 second(s)

2020-05-27 16:24:29 - [MESSAGE][PASSED] - Delayed 0 second(s)

2020-05-27 16:24:29 - [TEST_STEP][PASSED] - sendKeys(NewInputNmField, Keys.chord(ENTER)): Keys 'ENTER + ' sent to object: 'Object Repository/Objects.HighlightElements/input_field_index'

2020-05-27 16:24:30 - [MESSAGE][PASSED] - Keys 'ENTER + ' sent to object: 'Object Repository/Objects.HighlightElements/input_field_index'

2020-05-27 16:24:30 - [TEST_STEP][PASSED] - ComboBoxValue = getAttribute(NewInputNmField, "value"): Attribute 'value' of object 'Object Repository/Objects.HighlightElements/input_field_index' is: 'Kelvin Phua Meng Thong (MENGTHONG)'

2020-05-27 16:24:30 - [MESSAGE][PASSED] - Attribute 'value' of object 'Object Repository/Objects.HighlightElements/input_field_index' is: 'Kelvin Phua Meng Thong (MENGTHONG)'

2020-05-27 16:24:30 - [TEST_STEP][PASSED] - callTestCase(findTestCase(CallTCName), ["FindValue":ComboBoxValue, "DropdownNm":comboNm], STOP_ON_FAILURE): Call Test Case 'Test Cases/PFI Precision and Scale/PFI Components/OfficerLists' successfully

2020-05-27 16:24:30 - [TEST_CASE][PASSED] - Test Cases/PFI Precision and Scale/PFI Components/OfficerLists: Test Cases/PFI Precision and Scale/PFI Components/OfficerLists

2020-05-27 16:24:30 - [TEST_STEP][PASSED] - Thread.sleep(1000): null

2020-05-27 16:24:31 - [TEST_STEP][PASSED] - OfficerLists = [1:"Aaron Sham Wai Lun (AARON)", 2:"Azidah Bte Akmad (Mdm) (USAABD)", 3:"Chung Fong Nyen (USACFN)", 4:"David Tey Dah Wei (DAHWEI)", ... ]: null

2020-05-27 16:24:31 - [TEST_STEP][PASSED] - ValueFound = OfficerLists.find({ -> ... }): null

2020-05-27 16:24:31 - [MESSAGE][PASSED] - Call Test Case 'Test Cases/PFI Precision and Scale/PFI Components/OfficerLists' successfully

2020-05-27 16:24:31 - [TEST_STEP][PASSED] - println(ValueFound): null

2020-05-27 16:24:31 - [TEST_STEP][PASSED] - sendKeys(NewInputNmField, Keys.chord(ARROW_DOWN)): Keys 'DOWN + ' sent to object: 'Object Repository/Objects.HighlightElements/input_field_index'

2020-05-27 16:24:31 - [MESSAGE][PASSED] - Keys 'DOWN + ' sent to object: 'Object Repository/Objects.HighlightElements/input_field_index'

2020-05-27 16:24:31 - [TEST_STEP][PASSED] - sendKeys(NewInputNmField, Keys.chord(ARROW_DOWN)): Keys 'DOWN + ' sent to object: 'Object Repository/Objects.HighlightElements/input_field_index'

2020-05-27 16:24:32 - [MESSAGE][PASSED] - Keys 'DOWN + ' sent to object: 'Object Repository/Objects.HighlightElements/input_field_index'

2020-05-27 16:24:32 - [TEST_STEP][PASSED] - delay(DelayTime): Delayed 0 second(s)

2020-05-27 16:24:32 - [MESSAGE][PASSED] - Delayed 0 second(s)

2020-05-27 16:24:32 - [TEST_STEP][PASSED] - sendKeys(NewInputNmField, Keys.chord(ENTER)): Keys 'ENTER + ' sent to object: 'Object Repository/Objects.HighlightElements/input_field_index'

2020-05-27 16:24:32 - [MESSAGE][PASSED] - Keys 'ENTER + ' sent to object: 'Object Repository/Objects.HighlightElements/input_field_index'

2020-05-27 16:24:32 - [TEST_STEP][PASSED] - ComboBoxValue = getAttribute(NewInputNmField, "value"): Attribute 'value' of object 'Object Repository/Objects.HighlightElements/input_field_index' is: 'Lee Kok Tien (USAKTL)'

2020-05-27 16:24:33 - [MESSAGE][PASSED] - Attribute 'value' of object 'Object Repository/Objects.HighlightElements/input_field_index' is: 'Lee Kok Tien (USAKTL)'

2020-05-27 16:24:33 - [TEST_STEP][PASSED] - callTestCase(findTestCase(CallTCName), ["FindValue":ComboBoxValue, "DropdownNm":comboNm], STOP_ON_FAILURE): Call Test Case 'Test Cases/PFI Precision and Scale/PFI Components/OfficerLists' successfully

2020-05-27 16:24:33 - [TEST_CASE][PASSED] - Test Cases/PFI Precision and Scale/PFI Components/OfficerLists: Test Cases/PFI Precision and Scale/PFI Components/OfficerLists

2020-05-27 16:24:33 - [TEST_STEP][PASSED] - Thread.sleep(1000): null

2020-05-27 16:24:34 - [TEST_STEP][PASSED] - OfficerLists = [1:"Aaron Sham Wai Lun (AARON)", 2:"Azidah Bte Akmad (Mdm) (USAABD)", 3:"Chung Fong Nyen (USACFN)", 4:"David Tey Dah Wei (DAHWEI)", ... ]: null

2020-05-27 16:24:34 - [TEST_STEP][PASSED] - ValueFound = OfficerLists.find({ -> ... }): null

2020-05-27 16:24:34 - [MESSAGE][PASSED] - Call Test Case 'Test Cases/PFI Precision and Scale/PFI Components/OfficerLists' successfully

2020-05-27 16:24:34 - [TEST_STEP][PASSED] - println(ValueFound): null

2020-05-27 16:24:34 - [TEST_STEP][PASSED] - sendKeys(NewInputNmField, Keys.chord(ARROW_DOWN)): Keys 'DOWN + ' sent to object: 'Object Repository/Objects.HighlightElements/input_field_index'

2020-05-27 16:24:34 - [MESSAGE][PASSED] - Keys 'DOWN + ' sent to object: 'Object Repository/Objects.HighlightElements/input_field_index'

2020-05-27 16:24:34 - [TEST_STEP][PASSED] - sendKeys(NewInputNmField, Keys.chord(ARROW_DOWN)): Keys 'DOWN + ' sent to object: 'Object Repository/Objects.HighlightElements/input_field_index'

2020-05-27 16:24:35 - [MESSAGE][PASSED] - Keys 'DOWN + ' sent to object: 'Object Repository/Objects.HighlightElements/input_field_index'

2020-05-27 16:24:35 - [TEST_STEP][PASSED] - delay(DelayTime): Delayed 0 second(s)

2020-05-27 16:24:35 - [MESSAGE][PASSED] - Delayed 0 second(s)

2020-05-27 16:24:35 - [TEST_STEP][PASSED] - sendKeys(NewInputNmField, Keys.chord(ENTER)): Keys 'ENTER + ' sent to object: 'Object Repository/Objects.HighlightElements/input_field_index'

2020-05-27 16:24:35 - [MESSAGE][PASSED] - Keys 'ENTER + ' sent to object: 'Object Repository/Objects.HighlightElements/input_field_index'

2020-05-27 16:24:35 - [TEST_STEP][PASSED] - ComboBoxValue = getAttribute(NewInputNmField, "value"): Attribute 'value' of object 'Object Repository/Objects.HighlightElements/input_field_index' is: 'Lim Beng Kwee (BENGKWEE)'

2020-05-27 16:24:36 - [MESSAGE][PASSED] - Attribute 'value' of object 'Object Repository/Objects.HighlightElements/input_field_index' is: 'Lim Beng Kwee (BENGKWEE)'

2020-05-27 16:24:36 - [TEST_STEP][PASSED] - callTestCase(findTestCase(CallTCName), ["FindValue":ComboBoxValue, "DropdownNm":comboNm], STOP_ON_FAILURE): Call Test Case 'Test Cases/PFI Precision and Scale/PFI Components/OfficerLists' successfully

2020-05-27 16:24:36 - [TEST_CASE][PASSED] - Test Cases/PFI Precision and Scale/PFI Components/OfficerLists: Test Cases/PFI Precision and Scale/PFI Components/OfficerLists

2020-05-27 16:24:36 - [TEST_STEP][PASSED] - Thread.sleep(1000): null

2020-05-27 16:24:37 - [TEST_STEP][PASSED] - OfficerLists = [1:"Aaron Sham Wai Lun (AARON)", 2:"Azidah Bte Akmad (Mdm) (USAABD)", 3:"Chung Fong Nyen (USACFN)", 4:"David Tey Dah Wei (DAHWEI)", ... ]: null

2020-05-27 16:24:37 - [TEST_STEP][PASSED] - ValueFound = OfficerLists.find({ -> ... }): null

2020-05-27 16:24:37 - [MESSAGE][PASSED] - Call Test Case 'Test Cases/PFI Precision and Scale/PFI Components/OfficerLists' successfully

2020-05-27 16:24:37 - [TEST_STEP][PASSED] - println(ValueFound): null

2020-05-27 16:24:37 - [TEST_STEP][PASSED] - sendKeys(NewInputNmField, Keys.chord(ARROW_DOWN)): Keys 'DOWN + ' sent to object: 'Object Repository/Objects.HighlightElements/input_field_index'

2020-05-27 16:24:37 - [MESSAGE][PASSED] - Keys 'DOWN + ' sent to object: 'Object Repository/Objects.HighlightElements/input_field_index'

2020-05-27 16:24:37 - [TEST_STEP][PASSED] - sendKeys(NewInputNmField, Keys.chord(ARROW_DOWN)): Keys 'DOWN + ' sent to object: 'Object Repository/Objects.HighlightElements/input_field_index'

2020-05-27 16:24:38 - [MESSAGE][PASSED] - Keys 'DOWN + ' sent to object: 'Object Repository/Objects.HighlightElements/input_field_index'

2020-05-27 16:24:38 - [TEST_STEP][PASSED] - delay(DelayTime): Delayed 0 second(s)

2020-05-27 16:24:38 - [MESSAGE][PASSED] - Delayed 0 second(s)

2020-05-27 16:24:38 - [TEST_STEP][PASSED] - sendKeys(NewInputNmField, Keys.chord(ENTER)): Keys 'ENTER + ' sent to object: 'Object Repository/Objects.HighlightElements/input_field_index'

2020-05-27 16:24:38 - [MESSAGE][PASSED] - Keys 'ENTER + ' sent to object: 'Object Repository/Objects.HighlightElements/input_field_index'

2020-05-27 16:24:38 - [TEST_STEP][PASSED] - ComboBoxValue = getAttribute(NewInputNmField, "value"): Attribute 'value' of object 'Object Repository/Objects.HighlightElements/input_field_index' is: 'Lim Leng Boon (LENGBOON)'

2020-05-27 16:24:39 - [MESSAGE][PASSED] - Attribute 'value' of object 'Object Repository/Objects.HighlightElements/input_field_index' is: 'Lim Leng Boon (LENGBOON)'

2020-05-27 16:24:39 - [TEST_STEP][PASSED] - callTestCase(findTestCase(CallTCName), ["FindValue":ComboBoxValue, "DropdownNm":comboNm], STOP_ON_FAILURE): Call Test Case 'Test Cases/PFI Precision and Scale/PFI Components/OfficerLists' successfully

2020-05-27 16:24:39 - [TEST_CASE][PASSED] - Test Cases/PFI Precision and Scale/PFI Components/OfficerLists: Test Cases/PFI Precision and Scale/PFI Components/OfficerLists

2020-05-27 16:24:39 - [TEST_STEP][PASSED] - Thread.sleep(1000): null

2020-05-27 16:24:40 - [TEST_STEP][PASSED] - OfficerLists = [1:"Aaron Sham Wai Lun (AARON)", 2:"Azidah Bte Akmad (Mdm) (USAABD)", 3:"Chung Fong Nyen (USACFN)", 4:"David Tey Dah Wei (DAHWEI)", ... ]: null

2020-05-27 16:24:40 - [TEST_STEP][PASSED] - ValueFound = OfficerLists.find({ -> ... }): null

2020-05-27 16:24:40 - [MESSAGE][PASSED] - Call Test Case 'Test Cases/PFI Precision and Scale/PFI Components/OfficerLists' successfully

2020-05-27 16:24:40 - [TEST_STEP][PASSED] - println(ValueFound): null

2020-05-27 16:24:40 - [TEST_STEP][PASSED] - sendKeys(NewInputNmField, Keys.chord(ARROW_DOWN)): Keys 'DOWN + ' sent to object: 'Object Repository/Objects.HighlightElements/input_field_index'

2020-05-27 16:24:40 - [MESSAGE][PASSED] - Keys 'DOWN + ' sent to object: 'Object Repository/Objects.HighlightElements/input_field_index'

2020-05-27 16:24:40 - [TEST_STEP][PASSED] - sendKeys(NewInputNmField, Keys.chord(ARROW_DOWN)): Keys 'DOWN + ' sent to object: 'Object Repository/Objects.HighlightElements/input_field_index'

2020-05-27 16:24:40 - [MESSAGE][PASSED] - Keys 'DOWN + ' sent to object: 'Object Repository/Objects.HighlightElements/input_field_index'

2020-05-27 16:24:40 - [TEST_STEP][PASSED] - delay(DelayTime): Delayed 0 second(s)

2020-05-27 16:24:40 - [MESSAGE][PASSED] - Delayed 0 second(s)

2020-05-27 16:24:40 - [TEST_STEP][PASSED] - sendKeys(NewInputNmField, Keys.chord(ENTER)): Keys 'ENTER + ' sent to object: 'Object Repository/Objects.HighlightElements/input_field_index'

2020-05-27 16:24:41 - [MESSAGE][PASSED] - Keys 'ENTER + ' sent to object: 'Object Repository/Objects.HighlightElements/input_field_index'

2020-05-27 16:24:41 - [TEST_STEP][PASSED] - ComboBoxValue = getAttribute(NewInputNmField, "value"): Attribute 'value' of object 'Object Repository/Objects.HighlightElements/input_field_index' is: 'Liu Xiaopeng (XIAOPENG)'

2020-05-27 16:24:41 - [MESSAGE][PASSED] - Attribute 'value' of object 'Object Repository/Objects.HighlightElements/input_field_index' is: 'Liu Xiaopeng (XIAOPENG)'

2020-05-27 16:24:41 - [TEST_STEP][PASSED] - callTestCase(findTestCase(CallTCName), ["FindValue":ComboBoxValue, "DropdownNm":comboNm], STOP_ON_FAILURE): Call Test Case 'Test Cases/PFI Precision and Scale/PFI Components/OfficerLists' successfully

2020-05-27 16:24:42 - [TEST_CASE][PASSED] - Test Cases/PFI Precision and Scale/PFI Components/OfficerLists: Test Cases/PFI Precision and Scale/PFI Components/OfficerLists

2020-05-27 16:24:42 - [TEST_STEP][PASSED] - Thread.sleep(1000): null

2020-05-27 16:24:43 - [TEST_STEP][PASSED] - OfficerLists = [1:"Aaron Sham Wai Lun (AARON)", 2:"Azidah Bte Akmad (Mdm) (USAABD)", 3:"Chung Fong Nyen (USACFN)", 4:"David Tey Dah Wei (DAHWEI)", ... ]: null

2020-05-27 16:24:43 - [TEST_STEP][PASSED] - ValueFound = OfficerLists.find({ -> ... }): null

2020-05-27 16:24:43 - [MESSAGE][PASSED] - Call Test Case 'Test Cases/PFI Precision and Scale/PFI Components/OfficerLists' successfully

2020-05-27 16:24:43 - [TEST_STEP][PASSED] - println(ValueFound): null

2020-05-27 16:24:43 - [TEST_STEP][PASSED] - sendKeys(NewInputNmField, Keys.chord(ARROW_DOWN)): Keys 'DOWN + ' sent to object: 'Object Repository/Objects.HighlightElements/input_field_index'

2020-05-27 16:24:43 - [MESSAGE][PASSED] - Keys 'DOWN + ' sent to object: 'Object Repository/Objects.HighlightElements/input_field_index'

2020-05-27 16:24:43 - [TEST_STEP][PASSED] - sendKeys(NewInputNmField, Keys.chord(ARROW_DOWN)): Keys 'DOWN + ' sent to object: 'Object Repository/Objects.HighlightElements/input_field_index'

2020-05-27 16:24:43 - [MESSAGE][PASSED] - Keys 'DOWN + ' sent to object: 'Object Repository/Objects.HighlightElements/input_field_index'

2020-05-27 16:24:43 - [TEST_STEP][PASSED] - delay(DelayTime): Delayed 0 second(s)

2020-05-27 16:24:43 - [MESSAGE][PASSED] - Delayed 0 second(s)

2020-05-27 16:24:43 - [TEST_STEP][PASSED] - sendKeys(NewInputNmField, Keys.chord(ENTER)): Keys 'ENTER + ' sent to object: 'Object Repository/Objects.HighlightElements/input_field_index'

2020-05-27 16:24:44 - [MESSAGE][PASSED] - Keys 'ENTER + ' sent to object: 'Object Repository/Objects.HighlightElements/input_field_index'

2020-05-27 16:24:44 - [TEST_STEP][PASSED] - ComboBoxValue = getAttribute(NewInputNmField, "value"): Attribute 'value' of object 'Object Repository/Objects.HighlightElements/input_field_index' is: 'Lu Ji Ju (Mdm) (USALJJ)'

2020-05-27 16:24:44 - [MESSAGE][PASSED] - Attribute 'value' of object 'Object Repository/Objects.HighlightElements/input_field_index' is: 'Lu Ji Ju (Mdm) (USALJJ)'

2020-05-27 16:24:44 - [TEST_STEP][PASSED] - callTestCase(findTestCase(CallTCName), ["FindValue":ComboBoxValue, "DropdownNm":comboNm], STOP_ON_FAILURE): Call Test Case 'Test Cases/PFI Precision and Scale/PFI Components/OfficerLists' successfully

2020-05-27 16:24:44 - [TEST_CASE][PASSED] - Test Cases/PFI Precision and Scale/PFI Components/OfficerLists: Test Cases/PFI Precision and Scale/PFI Components/OfficerLists

2020-05-27 16:24:44 - [TEST_STEP][PASSED] - Thread.sleep(1000): null

2020-05-27 16:24:45 - [TEST_STEP][PASSED] - OfficerLists = [1:"Aaron Sham Wai Lun (AARON)", 2:"Azidah Bte Akmad (Mdm) (USAABD)", 3:"Chung Fong Nyen (USACFN)", 4:"David Tey Dah Wei (DAHWEI)", ... ]: null

2020-05-27 16:24:45 - [TEST_STEP][PASSED] - ValueFound = OfficerLists.find({ -> ... }): null

2020-05-27 16:24:45 - [MESSAGE][PASSED] - Call Test Case 'Test Cases/PFI Precision and Scale/PFI Components/OfficerLists' successfully

2020-05-27 16:24:45 - [TEST_STEP][PASSED] - println(ValueFound): null

2020-05-27 16:24:45 - [TEST_STEP][PASSED] - sendKeys(NewInputNmField, Keys.chord(ARROW_DOWN)): Keys 'DOWN + ' sent to object: 'Object Repository/Objects.HighlightElements/input_field_index'

2020-05-27 16:24:46 - [MESSAGE][PASSED] - Keys 'DOWN + ' sent to object: 'Object Repository/Objects.HighlightElements/input_field_index'

2020-05-27 16:24:46 - [TEST_STEP][PASSED] - sendKeys(NewInputNmField, Keys.chord(ARROW_DOWN)): Keys 'DOWN + ' sent to object: 'Object Repository/Objects.HighlightElements/input_field_index'

2020-05-27 16:24:46 - [MESSAGE][PASSED] - Keys 'DOWN + ' sent to object: 'Object Repository/Objects.HighlightElements/input_field_index'

2020-05-27 16:24:46 - [TEST_STEP][PASSED] - delay(DelayTime): Delayed 0 second(s)

2020-05-27 16:24:46 - [MESSAGE][PASSED] - Delayed 0 second(s)

2020-05-27 16:24:46 - [TEST_STEP][PASSED] - sendKeys(NewInputNmField, Keys.chord(ENTER)): Keys 'ENTER + ' sent to object: 'Object Repository/Objects.HighlightElements/input_field_index'

2020-05-27 16:24:47 - [MESSAGE][PASSED] - Keys 'ENTER + ' sent to object: 'Object Repository/Objects.HighlightElements/input_field_index'

2020-05-27 16:24:47 - [TEST_STEP][PASSED] - ComboBoxValue = getAttribute(NewInputNmField, "value"): Attribute 'value' of object 'Object Repository/Objects.HighlightElements/input_field_index' is: 'Mohd Jeffri Bin Abdul Rahim (MOHDJEFFRI)'

2020-05-27 16:24:47 - [MESSAGE][PASSED] - Attribute 'value' of object 'Object Repository/Objects.HighlightElements/input_field_index' is: 'Mohd Jeffri Bin Abdul Rahim (MOHDJEFFRI)'

2020-05-27 16:24:47 - [TEST_STEP][PASSED] - callTestCase(findTestCase(CallTCName), ["FindValue":ComboBoxValue, "DropdownNm":comboNm], STOP_ON_FAILURE): Call Test Case 'Test Cases/PFI Precision and Scale/PFI Components/OfficerLists' successfully

2020-05-27 16:24:47 - [TEST_CASE][PASSED] - Test Cases/PFI Precision and Scale/PFI Components/OfficerLists: Test Cases/PFI Precision and Scale/PFI Components/OfficerLists

2020-05-27 16:24:47 - [TEST_STEP][PASSED] - Thread.sleep(1000): null

2020-05-27 16:24:48 - [TEST_STEP][PASSED] - OfficerLists = [1:"Aaron Sham Wai Lun (AARON)", 2:"Azidah Bte Akmad (Mdm) (USAABD)", 3:"Chung Fong Nyen (USACFN)", 4:"David Tey Dah Wei (DAHWEI)", ... ]: null

2020-05-27 16:24:48 - [TEST_STEP][PASSED] - ValueFound = OfficerLists.find({ -> ... }): null

2020-05-27 16:24:48 - [MESSAGE][PASSED] - Call Test Case 'Test Cases/PFI Precision and Scale/PFI Components/OfficerLists' successfully

2020-05-27 16:24:48 - [TEST_STEP][PASSED] - println(ValueFound): null

2020-05-27 16:24:48 - [TEST_STEP][PASSED] - sendKeys(NewInputNmField, Keys.chord(ARROW_DOWN)): Keys 'DOWN + ' sent to object: 'Object Repository/Objects.HighlightElements/input_field_index'

2020-05-27 16:24:48 - [MESSAGE][PASSED] - Keys 'DOWN + ' sent to object: 'Object Repository/Objects.HighlightElements/input_field_index'

2020-05-27 16:24:48 - [TEST_STEP][PASSED] - sendKeys(NewInputNmField, Keys.chord(ARROW_DOWN)): Keys 'DOWN + ' sent to object: 'Object Repository/Objects.HighlightElements/input_field_index'

2020-05-27 16:24:49 - [MESSAGE][PASSED] - Keys 'DOWN + ' sent to object: 'Object Repository/Objects.HighlightElements/input_field_index'

2020-05-27 16:24:49 - [TEST_STEP][PASSED] - delay(DelayTime): Delayed 0 second(s)

2020-05-27 16:24:49 - [MESSAGE][PASSED] - Delayed 0 second(s)

2020-05-27 16:24:49 - [TEST_STEP][PASSED] - sendKeys(NewInputNmField, Keys.chord(ENTER)): Keys 'ENTER + ' sent to object: 'Object Repository/Objects.HighlightElements/input_field_index'

2020-05-27 16:24:49 - [MESSAGE][PASSED] - Keys 'ENTER + ' sent to object: 'Object Repository/Objects.HighlightElements/input_field_index'

2020-05-27 16:24:49 - [TEST_STEP][PASSED] - ComboBoxValue = getAttribute(NewInputNmField, "value"): Attribute 'value' of object 'Object Repository/Objects.HighlightElements/input_field_index' is: 'Richard Lim Fang Ping (FANGPING)'

2020-05-27 16:24:50 - [MESSAGE][PASSED] - Attribute 'value' of object 'Object Repository/Objects.HighlightElements/input_field_index' is: 'Richard Lim Fang Ping (FANGPING)'

2020-05-27 16:24:50 - [TEST_STEP][PASSED] - callTestCase(findTestCase(CallTCName), ["FindValue":ComboBoxValue, "DropdownNm":comboNm], STOP_ON_FAILURE): Call Test Case 'Test Cases/PFI Precision and Scale/PFI Components/OfficerLists' successfully

2020-05-27 16:24:50 - [TEST_CASE][PASSED] - Test Cases/PFI Precision and Scale/PFI Components/OfficerLists: Test Cases/PFI Precision and Scale/PFI Components/OfficerLists

2020-05-27 16:24:50 - [TEST_STEP][PASSED] - Thread.sleep(1000): null

2020-05-27 16:24:51 - [TEST_STEP][PASSED] - OfficerLists = [1:"Aaron Sham Wai Lun (AARON)", 2:"Azidah Bte Akmad (Mdm) (USAABD)", 3:"Chung Fong Nyen (USACFN)", 4:"David Tey Dah Wei (DAHWEI)", ... ]: null

2020-05-27 16:24:51 - [TEST_STEP][PASSED] - ValueFound = OfficerLists.find({ -> ... }): null

2020-05-27 16:24:51 - [MESSAGE][PASSED] - Call Test Case 'Test Cases/PFI Precision and Scale/PFI Components/OfficerLists' successfully

2020-05-27 16:24:51 - [TEST_STEP][PASSED] - println(ValueFound): null

2020-05-27 16:24:51 - [TEST_STEP][PASSED] - sendKeys(NewInputNmField, Keys.chord(ARROW_DOWN)): Keys 'DOWN + ' sent to object: 'Object Repository/Objects.HighlightElements/input_field_index'

2020-05-27 16:24:51 - [MESSAGE][PASSED] - Keys 'DOWN + ' sent to object: 'Object Repository/Objects.HighlightElements/input_field_index'

2020-05-27 16:24:51 - [TEST_STEP][PASSED] - sendKeys(NewInputNmField, Keys.chord(ARROW_DOWN)): Keys 'DOWN + ' sent to object: 'Object Repository/Objects.HighlightElements/input_field_index'

2020-05-27 16:24:52 - [MESSAGE][PASSED] - Keys 'DOWN + ' sent to object: 'Object Repository/Objects.HighlightElements/input_field_index'

2020-05-27 16:24:52 - [TEST_STEP][PASSED] - delay(DelayTime): Delayed 0 second(s)

2020-05-27 16:24:52 - [MESSAGE][PASSED] - Delayed 0 second(s)

2020-05-27 16:24:52 - [TEST_STEP][PASSED] - sendKeys(NewInputNmField, Keys.chord(ENTER)): Keys 'ENTER + ' sent to object: 'Object Repository/Objects.HighlightElements/input_field_index'

2020-05-27 16:24:52 - [MESSAGE][PASSED] - Keys 'ENTER + ' sent to object: 'Object Repository/Objects.HighlightElements/input_field_index'

2020-05-27 16:24:52 - [TEST_STEP][PASSED] - ComboBoxValue = getAttribute(NewInputNmField, "value"): Attribute 'value' of object 'Object Repository/Objects.HighlightElements/input_field_index' is: 'RITA WONG SIONG ING (RITAWONG)'

2020-05-27 16:24:53 - [MESSAGE][PASSED] - Attribute 'value' of object 'Object Repository/Objects.HighlightElements/input_field_index' is: 'RITA WONG SIONG ING (RITAWONG)'

2020-05-27 16:24:53 - [TEST_STEP][PASSED] - callTestCase(findTestCase(CallTCName), ["FindValue":ComboBoxValue, "DropdownNm":comboNm], STOP_ON_FAILURE): Call Test Case 'Test Cases/PFI Precision and Scale/PFI Components/OfficerLists' successfully

2020-05-27 16:24:53 - [TEST_CASE][PASSED] - Test Cases/PFI Precision and Scale/PFI Components/OfficerLists: Test Cases/PFI Precision and Scale/PFI Components/OfficerLists

2020-05-27 16:24:53 - [TEST_STEP][PASSED] - Thread.sleep(1000): null

2020-05-27 16:24:54 - [TEST_STEP][PASSED] - OfficerLists = [1:"Aaron Sham Wai Lun (AARON)", 2:"Azidah Bte Akmad (Mdm) (USAABD)", 3:"Chung Fong Nyen (USACFN)", 4:"David Tey Dah Wei (DAHWEI)", ... ]: null

2020-05-27 16:24:54 - [TEST_STEP][PASSED] - ValueFound = OfficerLists.find({ -> ... }): null

2020-05-27 16:24:54 - [MESSAGE][PASSED] - Call Test Case 'Test Cases/PFI Precision and Scale/PFI Components/OfficerLists' successfully

2020-05-27 16:24:54 - [TEST_STEP][PASSED] - println(ValueFound): null

2020-05-27 16:24:54 - [TEST_STEP][PASSED] - sendKeys(NewInputNmField, Keys.chord(ARROW_DOWN)): Keys 'DOWN + ' sent to object: 'Object Repository/Objects.HighlightElements/input_field_index'

2020-05-27 16:24:54 - [MESSAGE][PASSED] - Keys 'DOWN + ' sent to object: 'Object Repository/Objects.HighlightElements/input_field_index'

2020-05-27 16:24:54 - [TEST_STEP][PASSED] - sendKeys(NewInputNmField, Keys.chord(ARROW_DOWN)): Keys 'DOWN + ' sent to object: 'Object Repository/Objects.HighlightElements/input_field_index'

2020-05-27 16:24:55 - [MESSAGE][PASSED] - Keys 'DOWN + ' sent to object: 'Object Repository/Objects.HighlightElements/input_field_index'

2020-05-27 16:24:55 - [TEST_STEP][PASSED] - delay(DelayTime): Delayed 0 second(s)

2020-05-27 16:24:55 - [MESSAGE][PASSED] - Delayed 0 second(s)

2020-05-27 16:24:55 - [TEST_STEP][PASSED] - sendKeys(NewInputNmField, Keys.chord(ENTER)): Keys 'ENTER + ' sent to object: 'Object Repository/Objects.HighlightElements/input_field_index'

2020-05-27 16:24:55 - [MESSAGE][PASSED] - Keys 'ENTER + ' sent to object: 'Object Repository/Objects.HighlightElements/input_field_index'

2020-05-27 16:24:55 - [TEST_STEP][PASSED] - ComboBoxValue = getAttribute(NewInputNmField, "value"): Attribute 'value' of object 'Object Repository/Objects.HighlightElements/input_field_index' is: 'Shi Hong Wei (HONGWEI)'

2020-05-27 16:24:56 - [MESSAGE][PASSED] - Attribute 'value' of object 'Object Repository/Objects.HighlightElements/input_field_index' is: 'Shi Hong Wei (HONGWEI)'

2020-05-27 16:24:56 - [TEST_STEP][PASSED] - callTestCase(findTestCase(CallTCName), ["FindValue":ComboBoxValue, "DropdownNm":comboNm], STOP_ON_FAILURE): Call Test Case 'Test Cases/PFI Precision and Scale/PFI Components/OfficerLists' successfully

2020-05-27 16:24:56 - [TEST_CASE][PASSED] - Test Cases/PFI Precision and Scale/PFI Components/OfficerLists: Test Cases/PFI Precision and Scale/PFI Components/OfficerLists

2020-05-27 16:24:56 - [TEST_STEP][PASSED] - Thread.sleep(1000): null

2020-05-27 16:24:57 - [TEST_STEP][PASSED] - OfficerLists = [1:"Aaron Sham Wai Lun (AARON)", 2:"Azidah Bte Akmad (Mdm) (USAABD)", 3:"Chung Fong Nyen (USACFN)", 4:"David Tey Dah Wei (DAHWEI)", ... ]: null

2020-05-27 16:24:57 - [TEST_STEP][PASSED] - ValueFound = OfficerLists.find({ -> ... }): null

2020-05-27 16:24:57 - [MESSAGE][PASSED] - Call Test Case 'Test Cases/PFI Precision and Scale/PFI Components/OfficerLists' successfully

2020-05-27 16:24:57 - [TEST_STEP][PASSED] - println(ValueFound): null

2020-05-27 16:24:57 - [TEST_STEP][PASSED] - sendKeys(NewInputNmField, Keys.chord(ARROW_DOWN)): Keys 'DOWN + ' sent to object: 'Object Repository/Objects.HighlightElements/input_field_index'

2020-05-27 16:24:57 - [MESSAGE][PASSED] - Keys 'DOWN + ' sent to object: 'Object Repository/Objects.HighlightElements/input_field_index'

2020-05-27 16:24:57 - [TEST_STEP][PASSED] - sendKeys(NewInputNmField, Keys.chord(ARROW_DOWN)): Keys 'DOWN + ' sent to object: 'Object Repository/Objects.HighlightElements/input_field_index'

2020-05-27 16:24:58 - [MESSAGE][PASSED] - Keys 'DOWN + ' sent to object: 'Object Repository/Objects.HighlightElements/input_field_index'

2020-05-27 16:24:58 - [TEST_STEP][PASSED] - delay(DelayTime): Delayed 0 second(s)

2020-05-27 16:24:58 - [MESSAGE][PASSED] - Delayed 0 second(s)

2020-05-27 16:24:58 - [TEST_STEP][PASSED] - sendKeys(NewInputNmField, Keys.chord(ENTER)): Keys 'ENTER + ' sent to object: 'Object Repository/Objects.HighlightElements/input_field_index'

2020-05-27 16:24:58 - [MESSAGE][PASSED] - Keys 'ENTER + ' sent to object: 'Object Repository/Objects.HighlightElements/input_field_index'

2020-05-27 16:24:58 - [TEST_STEP][PASSED] - ComboBoxValue = getAttribute(NewInputNmField, "value"): Attribute 'value' of object 'Object Repository/Objects.HighlightElements/input_field_index' is: 'Tan Jing Ying (JINGYING)'

2020-05-27 16:24:59 - [MESSAGE][PASSED] - Attribute 'value' of object 'Object Repository/Objects.HighlightElements/input_field_index' is: 'Tan Jing Ying (JINGYING)'

2020-05-27 16:24:59 - [TEST_STEP][PASSED] - callTestCase(findTestCase(CallTCName), ["FindValue":ComboBoxValue, "DropdownNm":comboNm], STOP_ON_FAILURE): Call Test Case 'Test Cases/PFI Precision and Scale/PFI Components/OfficerLists' successfully

2020-05-27 16:24:59 - [TEST_CASE][PASSED] - Test Cases/PFI Precision and Scale/PFI Components/OfficerLists: Test Cases/PFI Precision and Scale/PFI Components/OfficerLists

2020-05-27 16:24:59 - [TEST_STEP][PASSED] - Thread.sleep(1000): null

2020-05-27 16:25:00 - [TEST_STEP][PASSED] - OfficerLists = [1:"Aaron Sham Wai Lun (AARON)", 2:"Azidah Bte Akmad (Mdm) (USAABD)", 3:"Chung Fong Nyen (USACFN)", 4:"David Tey Dah Wei (DAHWEI)", ... ]: null

2020-05-27 16:25:00 - [TEST_STEP][PASSED] - ValueFound = OfficerLists.find({ -> ... }): null

2020-05-27 16:25:00 - [MESSAGE][PASSED] - Call Test Case 'Test Cases/PFI Precision and Scale/PFI Components/OfficerLists' successfully

2020-05-27 16:25:00 - [TEST_STEP][PASSED] - println(ValueFound): null

2020-05-27 16:25:00 - [TEST_STEP][PASSED] - sendKeys(NewInputNmField, Keys.chord(ARROW_DOWN)): Keys 'DOWN + ' sent to object: 'Object Repository/Objects.HighlightElements/input_field_index'

2020-05-27 16:25:00 - [MESSAGE][PASSED] - Keys 'DOWN + ' sent to object: 'Object Repository/Objects.HighlightElements/input_field_index'

2020-05-27 16:25:00 - [TEST_STEP][PASSED] - sendKeys(NewInputNmField, Keys.chord(ARROW_DOWN)): Keys 'DOWN + ' sent to object: 'Object Repository/Objects.HighlightElements/input_field_index'

2020-05-27 16:25:00 - [MESSAGE][PASSED] - Keys 'DOWN + ' sent to object: 'Object Repository/Objects.HighlightElements/input_field_index'

2020-05-27 16:25:00 - [TEST_STEP][PASSED] - delay(DelayTime): Delayed 0 second(s)

2020-05-27 16:25:00 - [MESSAGE][PASSED] - Delayed 0 second(s)

2020-05-27 16:25:00 - [TEST_STEP][PASSED] - sendKeys(NewInputNmField, Keys.chord(ENTER)): Keys 'ENTER + ' sent to object: 'Object Repository/Objects.HighlightElements/input_field_index'

2020-05-27 16:25:01 - [MESSAGE][PASSED] - Keys 'ENTER + ' sent to object: 'Object Repository/Objects.HighlightElements/input_field_index'

2020-05-27 16:25:01 - [TEST_STEP][PASSED] - ComboBoxValue = getAttribute(NewInputNmField, "value"): Attribute 'value' of object 'Object Repository/Objects.HighlightElements/input_field_index' is: 'Tan Kwan Joo (KWANJOO)'

2020-05-27 16:25:01 - [MESSAGE][PASSED] - Attribute 'value' of object 'Object Repository/Objects.HighlightElements/input_field_index' is: 'Tan Kwan Joo (KWANJOO)'

2020-05-27 16:25:01 - [TEST_STEP][PASSED] - callTestCase(findTestCase(CallTCName), ["FindValue":ComboBoxValue, "DropdownNm":comboNm], STOP_ON_FAILURE): Call Test Case 'Test Cases/PFI Precision and Scale/PFI Components/OfficerLists' successfully

2020-05-27 16:25:01 - [TEST_CASE][PASSED] - Test Cases/PFI Precision and Scale/PFI Components/OfficerLists: Test Cases/PFI Precision and Scale/PFI Components/OfficerLists

2020-05-27 16:25:01 - [TEST_STEP][PASSED] - Thread.sleep(1000): null

2020-05-27 16:25:02 - [TEST_STEP][PASSED] - OfficerLists = [1:"Aaron Sham Wai Lun (AARON)", 2:"Azidah Bte Akmad (Mdm) (USAABD)", 3:"Chung Fong Nyen (USACFN)", 4:"David Tey Dah Wei (DAHWEI)", ... ]: null

2020-05-27 16:25:02 - [TEST_STEP][PASSED] - ValueFound = OfficerLists.find({ -> ... }): null

2020-05-27 16:25:02 - [MESSAGE][PASSED] - Call Test Case 'Test Cases/PFI Precision and Scale/PFI Components/OfficerLists' successfully

2020-05-27 16:25:02 - [TEST_STEP][PASSED] - println(ValueFound): null

2020-05-27 16:25:02 - [TEST_STEP][PASSED] - sendKeys(NewInputNmField, Keys.chord(ARROW_DOWN)): Keys 'DOWN + ' sent to object: 'Object Repository/Objects.HighlightElements/input_field_index'

2020-05-27 16:25:03 - [MESSAGE][PASSED] - Keys 'DOWN + ' sent to object: 'Object Repository/Objects.HighlightElements/input_field_index'

2020-05-27 16:25:03 - [TEST_STEP][PASSED] - sendKeys(NewInputNmField, Keys.chord(ARROW_DOWN)): Keys 'DOWN + ' sent to object: 'Object Repository/Objects.HighlightElements/input_field_index'

2020-05-27 16:25:03 - [MESSAGE][PASSED] - Keys 'DOWN + ' sent to object: 'Object Repository/Objects.HighlightElements/input_field_index'

2020-05-27 16:25:03 - [TEST_STEP][PASSED] - delay(DelayTime): Delayed 0 second(s)

2020-05-27 16:25:03 - [MESSAGE][PASSED] - Delayed 0 second(s)

2020-05-27 16:25:03 - [TEST_STEP][PASSED] - sendKeys(NewInputNmField, Keys.chord(ENTER)): Keys 'ENTER + ' sent to object: 'Object Repository/Objects.HighlightElements/input_field_index'

2020-05-27 16:25:04 - [MESSAGE][PASSED] - Keys 'ENTER + ' sent to object: 'Object Repository/Objects.HighlightElements/input_field_index'

2020-05-27 16:25:04 - [TEST_STEP][PASSED] - ComboBoxValue = getAttribute(NewInputNmField, "value"): Attribute 'value' of object 'Object Repository/Objects.HighlightElements/input_field_index' is: 'Titus Chua Hwa Ping (TITUS)'

2020-05-27 16:25:04 - [MESSAGE][PASSED] - Attribute 'value' of object 'Object Repository/Objects.HighlightElements/input_field_index' is: 'Titus Chua Hwa Ping (TITUS)'

2020-05-27 16:25:04 - [TEST_STEP][PASSED] - callTestCase(findTestCase(CallTCName), ["FindValue":ComboBoxValue, "DropdownNm":comboNm], STOP_ON_FAILURE): Call Test Case 'Test Cases/PFI Precision and Scale/PFI Components/OfficerLists' successfully

2020-05-27 16:25:04 - [TEST_CASE][PASSED] - Test Cases/PFI Precision and Scale/PFI Components/OfficerLists: Test Cases/PFI Precision and Scale/PFI Components/OfficerLists

2020-05-27 16:25:04 - [TEST_STEP][PASSED] - Thread.sleep(1000): null

2020-05-27 16:25:05 - [TEST_STEP][PASSED] - OfficerLists = [1:"Aaron Sham Wai Lun (AARON)", 2:"Azidah Bte Akmad (Mdm) (USAABD)", 3:"Chung Fong Nyen (USACFN)", 4:"David Tey Dah Wei (DAHWEI)", ... ]: null

2020-05-27 16:25:05 - [TEST_STEP][PASSED] - ValueFound = OfficerLists.find({ -> ... }): null

2020-05-27 16:25:05 - [MESSAGE][PASSED] - Call Test Case 'Test Cases/PFI Precision and Scale/PFI Components/OfficerLists' successfully

2020-05-27 16:25:05 - [TEST_STEP][PASSED] - println(ValueFound): null

2020-05-27 16:25:05 - [TEST_STEP][PASSED] - sendKeys(NewInputNmField, Keys.chord(ARROW_DOWN)): Keys 'DOWN + ' sent to object: 'Object Repository/Objects.HighlightElements/input_field_index'

2020-05-27 16:25:06 - [MESSAGE][PASSED] - Keys 'DOWN + ' sent to object: 'Object Repository/Objects.HighlightElements/input_field_index'

2020-05-27 16:25:06 - [TEST_STEP][PASSED] - sendKeys(NewInputNmField, Keys.chord(ARROW_DOWN)): Keys 'DOWN + ' sent to object: 'Object Repository/Objects.HighlightElements/input_field_index'

2020-05-27 16:25:06 - [MESSAGE][PASSED] - Keys 'DOWN + ' sent to object: 'Object Repository/Objects.HighlightElements/input_field_index'

2020-05-27 16:25:06 - [TEST_STEP][PASSED] - delay(DelayTime): Delayed 0 second(s)

2020-05-27 16:25:06 - [MESSAGE][PASSED] - Delayed 0 second(s)

2020-05-27 16:25:06 - [TEST_STEP][PASSED] - sendKeys(NewInputNmField, Keys.chord(ENTER)): Keys 'ENTER + ' sent to object: 'Object Repository/Objects.HighlightElements/input_field_index'

2020-05-27 16:25:06 - [MESSAGE][PASSED] - Keys 'ENTER + ' sent to object: 'Object Repository/Objects.HighlightElements/input_field_index'

2020-05-27 16:25:06 - [TEST_STEP][PASSED] - ComboBoxValue = getAttribute(NewInputNmField, "value"): Attribute 'value' of object 'Object Repository/Objects.HighlightElements/input_field_index' is: 'Vijayaratnam Ng Lay Hoon (USANLH)'

2020-05-27 16:25:07 - [MESSAGE][PASSED] - Attribute 'value' of object 'Object Repository/Objects.HighlightElements/input_field_index' is: 'Vijayaratnam Ng Lay Hoon (USANLH)'

2020-05-27 16:25:07 - [TEST_STEP][PASSED] - callTestCase(findTestCase(CallTCName), ["FindValue":ComboBoxValue, "DropdownNm":comboNm], STOP_ON_FAILURE): Call Test Case 'Test Cases/PFI Precision and Scale/PFI Components/OfficerLists' successfully

2020-05-27 16:25:07 - [TEST_CASE][PASSED] - Test Cases/PFI Precision and Scale/PFI Components/OfficerLists: Test Cases/PFI Precision and Scale/PFI Components/OfficerLists

2020-05-27 16:25:07 - [TEST_STEP][PASSED] - Thread.sleep(1000): null

2020-05-27 16:25:08 - [TEST_STEP][PASSED] - OfficerLists = [1:"Aaron Sham Wai Lun (AARON)", 2:"Azidah Bte Akmad (Mdm) (USAABD)", 3:"Chung Fong Nyen (USACFN)", 4:"David Tey Dah Wei (DAHWEI)", ... ]: null

2020-05-27 16:25:08 - [TEST_STEP][PASSED] - ValueFound = OfficerLists.find({ -> ... }): null

2020-05-27 16:25:08 - [MESSAGE][PASSED] - Call Test Case 'Test Cases/PFI Precision and Scale/PFI Components/OfficerLists' successfully

2020-05-27 16:25:08 - [TEST_STEP][PASSED] - println(ValueFound): null

2020-05-27 16:25:08 - [TEST_STEP][PASSED] - sendKeys(NewInputNmField, Keys.chord(ARROW_DOWN)): Keys 'DOWN + ' sent to object: 'Object Repository/Objects.HighlightElements/input_field_index'

2020-05-27 16:25:09 - [MESSAGE][PASSED] - Keys 'DOWN + ' sent to object: 'Object Repository/Objects.HighlightElements/input_field_index'

2020-05-27 16:25:09 - [TEST_STEP][PASSED] - sendKeys(NewInputNmField, Keys.chord(ARROW_DOWN)): Keys 'DOWN + ' sent to object: 'Object Repository/Objects.HighlightElements/input_field_index'

2020-05-27 16:25:09 - [MESSAGE][PASSED] - Keys 'DOWN + ' sent to object: 'Object Repository/Objects.HighlightElements/input_field_index'

2020-05-27 16:25:09 - [TEST_STEP][PASSED] - delay(DelayTime): Delayed 0 second(s)

2020-05-27 16:25:09 - [MESSAGE][PASSED] - Delayed 0 second(s)

2020-05-27 16:25:09 - [TEST_STEP][PASSED] - sendKeys(NewInputNmField, Keys.chord(ENTER)): Keys 'ENTER + ' sent to object: 'Object Repository/Objects.HighlightElements/input_field_index'

2020-05-27 16:25:10 - [MESSAGE][PASSED] - Keys 'ENTER + ' sent to object: 'Object Repository/Objects.HighlightElements/input_field_index'

2020-05-27 16:25:10 - [TEST_STEP][PASSED] - ComboBoxValue = getAttribute(NewInputNmField, "value"): Attribute 'value' of object 'Object Repository/Objects.HighlightElements/input_field_index' is: 'Wong Swee Sheng (WONGSWEE)'

2020-05-27 16:25:10 - [MESSAGE][PASSED] - Attribute 'value' of object 'Object Repository/Objects.HighlightElements/input_field_index' is: 'Wong Swee Sheng (WONGSWEE)'

2020-05-27 16:25:10 - [TEST_STEP][PASSED] - callTestCase(findTestCase(CallTCName), ["FindValue":ComboBoxValue, "DropdownNm":comboNm], STOP_ON_FAILURE): Call Test Case 'Test Cases/PFI Precision and Scale/PFI Components/OfficerLists' successfully

2020-05-27 16:25:10 - [TEST_CASE][PASSED] - Test Cases/PFI Precision and Scale/PFI Components/OfficerLists: Test Cases/PFI Precision and Scale/PFI Components/OfficerLists

2020-05-27 16:25:10 - [TEST_STEP][PASSED] - Thread.sleep(1000): null

2020-05-27 16:25:11 - [TEST_STEP][PASSED] - OfficerLists = [1:"Aaron Sham Wai Lun (AARON)", 2:"Azidah Bte Akmad (Mdm) (USAABD)", 3:"Chung Fong Nyen (USACFN)", 4:"David Tey Dah Wei (DAHWEI)", ... ]: null

2020-05-27 16:25:11 - [TEST_STEP][PASSED] - ValueFound = OfficerLists.find({ -> ... }): null

2020-05-27 16:25:11 - [MESSAGE][PASSED] - Call Test Case 'Test Cases/PFI Precision and Scale/PFI Components/OfficerLists' successfully

2020-05-27 16:25:11 - [TEST_STEP][PASSED] - println(ValueFound): null

2020-05-27 16:25:11 - [TEST_STEP][PASSED] - sendKeys(NewInputNmField, Keys.chord(ARROW_DOWN)): Keys 'DOWN + ' sent to object: 'Object Repository/Objects.HighlightElements/input_field_index'

2020-05-27 16:25:12 - [MESSAGE][PASSED] - Keys 'DOWN + ' sent to object: 'Object Repository/Objects.HighlightElements/input_field_index'

2020-05-27 16:25:12 - [TEST_STEP][PASSED] - sendKeys(NewInputNmField, Keys.chord(ARROW_DOWN)): Keys 'DOWN + ' sent to object: 'Object Repository/Objects.HighlightElements/input_field_index'

2020-05-27 16:25:12 - [MESSAGE][PASSED] - Keys 'DOWN + ' sent to object: 'Object Repository/Objects.HighlightElements/input_field_index'

2020-05-27 16:25:12 - [TEST_STEP][PASSED] - delay(DelayTime): Delayed 0 second(s)

2020-05-27 16:25:12 - [MESSAGE][PASSED] - Delayed 0 second(s)

2020-05-27 16:25:12 - [TEST_STEP][PASSED] - sendKeys(NewInputNmField, Keys.chord(ENTER)): Keys 'ENTER + ' sent to object: 'Object Repository/Objects.HighlightElements/input_field_index'

2020-05-27 16:25:13 - [MESSAGE][PASSED] - Keys 'ENTER + ' sent to object: 'Object Repository/Objects.HighlightElements/input_field_index'

2020-05-27 16:25:13 - [TEST_STEP][PASSED] - ComboBoxValue = getAttribute(NewInputNmField, "value"): Attribute 'value' of object 'Object Repository/Objects.HighlightElements/input_field_index' is: 'Zhao Dianfeng (DIANFENG)'

2020-05-27 16:25:13 - [MESSAGE][PASSED] - Attribute 'value' of object 'Object Repository/Objects.HighlightElements/input_field_index' is: 'Zhao Dianfeng (DIANFENG)'

2020-05-27 16:25:13 - [TEST_STEP][PASSED] - callTestCase(findTestCase(CallTCName), ["FindValue":ComboBoxValue, "DropdownNm":comboNm], STOP_ON_FAILURE): Call Test Case 'Test Cases/PFI Precision and Scale/PFI Components/OfficerLists' successfully

2020-05-27 16:25:13 - [TEST_CASE][PASSED] - Test Cases/PFI Precision and Scale/PFI Components/OfficerLists: Test Cases/PFI Precision and Scale/PFI Components/OfficerLists

2020-05-27 16:25:13 - [TEST_STEP][PASSED] - Thread.sleep(1000): null

2020-05-27 16:25:14 - [TEST_STEP][PASSED] - OfficerLists = [1:"Aaron Sham Wai Lun (AARON)", 2:"Azidah Bte Akmad (Mdm) (USAABD)", 3:"Chung Fong Nyen (USACFN)", 4:"David Tey Dah Wei (DAHWEI)", ... ]: null

2020-05-27 16:25:14 - [TEST_STEP][PASSED] - ValueFound = OfficerLists.find({ -> ... }): null

2020-05-27 16:25:14 - [MESSAGE][PASSED] - Call Test Case 'Test Cases/PFI Precision and Scale/PFI Components/OfficerLists' successfully

2020-05-27 16:25:14 - [TEST_STEP][PASSED] - println(ValueFound): null

2020-05-27 16:25:14 - [TEST_STEP][PASSED] - sendKeys(NewInputNmField, Keys.chord(ARROW_DOWN)): Keys 'DOWN + ' sent to object: 'Object Repository/Objects.HighlightElements/input_field_index'

2020-05-27 16:25:14 - [MESSAGE][PASSED] - Keys 'DOWN + ' sent to object: 'Object Repository/Objects.HighlightElements/input_field_index'

2020-05-27 16:25:14 - [TEST_STEP][PASSED] - sendKeys(NewInputNmField, Keys.chord(ENTER)): Keys 'ENTER + ' sent to object: 'Object Repository/Objects.HighlightElements/input_field_index'

2020-05-27 16:25:15 - [MESSAGE][PASSED] - Keys 'ENTER + ' sent to object: 'Object Repository/Objects.HighlightElements/input_field_index'

2020-05-27 16:25:15 - [MESSAGE][PASSED] - Call Test Case 'Test Cases/PFI Precision and Scale/PFI Components with Indexing/VerifyDropdownValuesIndex' successfully

2020-05-27 16:25:15 - [TEST_STEP][PASSED] - callTestCase(findTestCase("Components/SelectAllThenDeleteIndex"), ["nameToBeUsed":"psiRecommendTo", "index":2], STOP_ON_FAILURE): Call Test Case 'Test Cases/Components/SelectAllThenDeleteIndex' successfully

2020-05-27 16:25:15 - [TEST_CASE][PASSED] - Test Cases/Components/SelectAllThenDeleteIndex: Test Cases/Components/SelectAllThenDeleteIndex

2020-05-27 16:25:15 - [TEST_STEP][PASSED] - Thread.sleep(1000): null

2020-05-27 16:25:16 - [TEST_STEP][PASSED] - modifiedObj = modifyObjectProperty(findTestObject("Object Repository/Objects.HighlightElements/input_field_index"), "xpath", "equals", "(//*[contains(@class,'x-form-text') and (@name='" + nameToBeUsed + "')])[" + index + "]", true): Modify property of object successfully

2020-05-27 16:25:16 - [MESSAGE][PASSED] - Modify property of object successfully

2020-05-27 16:25:16 - [TEST_STEP][PASSED] - focus(modifiedObj): Object: 'Object Repository/Objects.HighlightElements/input_field_index' is focused

2020-05-27 16:25:16 - [MESSAGE][PASSED] - Object: 'Object Repository/Objects.HighlightElements/input_field_index' is focused

2020-05-27 16:25:16 - [TEST_STEP][PASSED] - sendKeys(modifiedObj, Keys.chord(CONTROL, "a")): Keys 'CONTROL + a' sent to object: 'Object Repository/Objects.HighlightElements/input_field_index'

2020-05-27 16:25:17 - [MESSAGE][PASSED] - Keys 'CONTROL + a' sent to object: 'Object Repository/Objects.HighlightElements/input_field_index'

2020-05-27 16:25:17 - [TEST_STEP][PASSED] - sendKeys(modifiedObj, Keys.chord(DELETE)): Keys 'DELETE + ' sent to object: 'Object Repository/Objects.HighlightElements/input_field_index'

2020-05-27 16:25:17 - [MESSAGE][PASSED] - Keys 'DELETE + ' sent to object: 'Object Repository/Objects.HighlightElements/input_field_index'

2020-05-27 16:25:17 - [MESSAGE][PASSED] - Call Test Case 'Test Cases/Components/SelectAllThenDeleteIndex' successfully

2020-05-27 16:25:17 - [TEST_STEP][PASSED] - callTestCase(findTestCase("PFI Precision and Scale/PFI Components with Indexing/RequiredFieldValidationIndex"), ["nameToBeUsed":"psiRecommendTo", "index":2], STOP_ON_FAILURE): Call Test Case 'Test Cases/PFI Precision and Scale/PFI Components with Indexing/RequiredFieldValidationIndex' successfully

2020-05-27 16:25:17 - [TEST_CASE][PASSED] - Test Cases/PFI Precision and Scale/PFI Components with Indexing/RequiredFieldValidationIndex: Test Cases/PFI Precision and Scale/PFI Components with Indexing/RequiredFieldValidationIndex

2020-05-27 16:25:17 - [TEST_STEP][PASSED] - enableSmartWait(): null

2020-05-27 16:25:17 - [TEST_STEP][PASSED] - NewInputNmField = modifyObjectProperty(findTestObject("Objects.HighlightElements/input_field_index"), "xpath", "equals", "(//*[contains(@class,'x-form-text') and (@name='" + nameToBeUsed + "')])[" + index + "]", true): Modify property of object successfully

2020-05-27 16:25:17 - [MESSAGE][PASSED] - Modify property of object successfully

2020-05-27 16:25:17 - [TEST_STEP][PASSED] - mouseOver(NewInputNmField): Object: 'Object Repository/Objects.HighlightElements/input_field_index' is hovered

2020-05-27 16:25:18 - [MESSAGE][PASSED] - Object: 'Object Repository/Objects.HighlightElements/input_field_index' is hovered

2020-05-27 16:25:18 - [TEST_STEP][PASSED] - getRqErrMsg = getAttribute(NewInputNmField, "data-errorqtip"): Attribute 'data-errorqtip' of object 'Object Repository/Objects.HighlightElements/input_field_index' is: '<ul class="x-list-plain"><li>This field is required</li></ul>'

2020-05-27 16:25:18 - [MESSAGE][PASSED] - Attribute 'data-errorqtip' of object 'Object Repository/Objects.HighlightElements/input_field_index' is: '<ul class="x-list-plain"><li>This field is required</li></ul>'

2020-05-27 16:25:18 - [TEST_STEP][PASSED] - strToolTip = getRqErrMsg.substring(29, 61): null

2020-05-27 16:25:18 - [TEST_STEP][PASSED] - toolTipReqErrMsg = strToolTip.substring(0, 22): null

2020-05-27 16:25:18 - [TEST_STEP][PASSED] - verifyMatch(toolTipReqErrMsg, RqField, true): Actual text 'This field is required' and expected text 'This field is required' are matched  using regular expression

2020-05-27 16:25:18 - [MESSAGE][PASSED] - Actual text 'This field is required' and expected text 'This field is required' are matched  using regular expression

2020-05-27 16:25:18 - [MESSAGE][PASSED] - Call Test Case 'Test Cases/PFI Precision and Scale/PFI Components with Indexing/RequiredFieldValidationIndex' successfully

2020-05-27 16:25:18 - [TEST_STEP][PASSED] - callTestCase(findTestCase("Components/HighlightLabelIndexField"), ["LblName":"Recommend Type:", "index":3], STOP_ON_FAILURE): Call Test Case 'Test Cases/Components/HighlightLabelIndexField' successfully

2020-05-27 16:25:18 - [TEST_CASE][PASSED] - Test Cases/Components/HighlightLabelIndexField: Test Cases/Components/HighlightLabelIndexField

2020-05-27 16:25:18 - [TEST_STEP][PASSED] - Thread.sleep(1000): null

2020-05-27 16:25:19 - [TEST_STEP][PASSED] - modifiedLblNm = modifyObjectProperty(findTestObject("Object Repository/Objects.HighlightElements/lblField_index"), "xpath", "equals", "(//*[contains(@class,'x-form-item-label-inner') and (text()='" + LblName + "')])[" + index + "]", true): Modify property of object successfully

2020-05-27 16:25:19 - [MESSAGE][PASSED] - Modify property of object successfully

2020-05-27 16:25:19 - [TEST_STEP][PASSED] - com.reusableComponents.HighlightElement.run(modifiedLblNm): com.reusableComponents.HighlightElement.run is PASSED

2020-05-27 16:25:20 - [MESSAGE][PASSED] - com.reusableComponents.HighlightElement.run is PASSED

2020-05-27 16:25:20 - [MESSAGE][PASSED] - Call Test Case 'Test Cases/Components/HighlightLabelIndexField' successfully

2020-05-27 16:25:20 - [TEST_STEP][PASSED] - callTestCase(findTestCase("Components/HighlightInputIndexField"), ["InputName":"psiRecomType", "index":1], STOP_ON_FAILURE): Call Test Case 'Test Cases/Components/HighlightInputIndexField' successfully

2020-05-27 16:25:20 - [TEST_CASE][PASSED] - Test Cases/Components/HighlightInputIndexField: Test Cases/Components/HighlightInputIndexField

2020-05-27 16:25:20 - [TEST_STEP][PASSED] - Thread.sleep(1000): null

2020-05-27 16:25:21 - [TEST_STEP][PASSED] - modifiedInputFld = modifyObjectProperty(findTestObject("Objects.HighlightElements/input_field_index"), "xpath", "equals", "(//*[contains(@class,'x-form-text') and (@name='" + InputName + "')])[" + index + "]", true): Modify property of object successfully

2020-05-27 16:25:21 - [MESSAGE][PASSED] - Modify property of object successfully

2020-05-27 16:25:21 - [TEST_STEP][PASSED] - com.reusableComponents.HighlightElement.run(modifiedInputFld): com.reusableComponents.HighlightElement.run is PASSED

2020-05-27 16:25:21 - [MESSAGE][PASSED] - com.reusableComponents.HighlightElement.run is PASSED

2020-05-27 16:25:21 - [MESSAGE][PASSED] - Call Test Case 'Test Cases/Components/HighlightInputIndexField' successfully

2020-05-27 16:25:21 - [TEST_STEP][PASSED] - callTestCase(findTestCase("PFI Precision and Scale/PFI Components with Indexing/VerifyDropdownValuesIndex"), ["FldNm":"psiRecomType", "CallTCName":"PFI Precision and Scale/PFI Components/ConstantHashMap", "cmbNm":"RecommendType", "NoOfVal":2, ... ], STOP_ON_FAILURE): Call Test Case 'Test Cases/PFI Precision and Scale/PFI Components with Indexing/VerifyDropdownValuesIndex' successfully

2020-05-27 16:25:21 - [TEST_CASE][PASSED] - Test Cases/PFI Precision and Scale/PFI Components with Indexing/VerifyDropdownValuesIndex: Test Cases/PFI Precision and Scale/PFI Components with Indexing/VerifyDropdownValuesIndex

2020-05-27 16:25:21 - [TEST_STEP][PASSED] - Thread.sleep(1000): null

2020-05-27 16:25:22 - [TEST_STEP][PASSED] - NewInputNmField = modifyObjectProperty(findTestObject("Object Repository/Objects.HighlightElements/input_field_index"), "xpath", "equals", "(//*[contains(@class,'x-form-text') and (@name='" + FldNm + "')])[" + index + "]", true): Modify property of object successfully

2020-05-27 16:25:23 - [MESSAGE][PASSED] - Modify property of object successfully

2020-05-27 16:25:23 - [TEST_STEP][PASSED] - comboNm = cmbNm: null

2020-05-27 16:25:23 - [TEST_STEP][PASSED] - focus(NewInputNmField): Object: 'Object Repository/Objects.HighlightElements/input_field_index' is focused

2020-05-27 16:25:23 - [MESSAGE][PASSED] - Object: 'Object Repository/Objects.HighlightElements/input_field_index' is focused

2020-05-27 16:25:23 - [TEST_STEP][PASSED] - setText(NewInputNmField, EnterValue): Text '' is set on object 'Object Repository/Objects.HighlightElements/input_field_index'

2020-05-27 16:25:23 - [MESSAGE][PASSED] - Text '' is set on object 'Object Repository/Objects.HighlightElements/input_field_index'

2020-05-27 16:25:23 - [TEST_STEP][PASSED] - for ([i = 1, i <= NoOfVal, (i++)]): Keys 'DOWN + ' sent to object: 'Object Repository/Objects.HighlightElements/input_field_index'

2020-05-27 16:25:23 - [TEST_STEP][PASSED] - sendKeys(NewInputNmField, Keys.chord(ARROW_DOWN)): Keys 'DOWN + ' sent to object: 'Object Repository/Objects.HighlightElements/input_field_index'

2020-05-27 16:25:24 - [MESSAGE][PASSED] - Keys 'DOWN + ' sent to object: 'Object Repository/Objects.HighlightElements/input_field_index'

2020-05-27 16:25:24 - [TEST_STEP][PASSED] - delay(DelayTime): Delayed 0 second(s)

2020-05-27 16:25:24 - [MESSAGE][PASSED] - Delayed 0 second(s)

2020-05-27 16:25:24 - [TEST_STEP][PASSED] - sendKeys(NewInputNmField, Keys.chord(ENTER)): Keys 'ENTER + ' sent to object: 'Object Repository/Objects.HighlightElements/input_field_index'

2020-05-27 16:25:24 - [MESSAGE][PASSED] - Keys 'ENTER + ' sent to object: 'Object Repository/Objects.HighlightElements/input_field_index'

2020-05-27 16:25:24 - [TEST_STEP][PASSED] - ComboBoxValue = getAttribute(NewInputNmField, "value"): Attribute 'value' of object 'Object Repository/Objects.HighlightElements/input_field_index' is: 'Recommend'

2020-05-27 16:25:25 - [MESSAGE][PASSED] - Attribute 'value' of object 'Object Repository/Objects.HighlightElements/input_field_index' is: 'Recommend'

2020-05-27 16:25:25 - [TEST_STEP][PASSED] - callTestCase(findTestCase(CallTCName), ["FindValue":ComboBoxValue, "DropdownNm":comboNm], STOP_ON_FAILURE): Call Test Case 'Test Cases/PFI Precision and Scale/PFI Components/ConstantHashMap' successfully

2020-05-27 16:25:25 - [TEST_CASE][PASSED] - Test Cases/PFI Precision and Scale/PFI Components/ConstantHashMap: Test Cases/PFI Precision and Scale/PFI Components/ConstantHashMap

2020-05-27 16:25:25 - [TEST_STEP][PASSED] - ConstantTBL = [1:["PeriodType":"Working Day(s)"], 2:["PeriodType":"Calendar Day(s)"], 3:["PeriodType":"Month(s)"], 4:["TypeOfLetter":"T1"], ... ]: null

2020-05-27 16:25:25 - [TEST_STEP][PASSED] - switch (DropdownNm): null

2020-05-27 16:25:25 - [TEST_STEP][PASSED] - case "RecommendType":: null

2020-05-27 16:25:25 - [TEST_STEP][PASSED] - ValueFound = ConstantTBL.find({ -> ... }): null

2020-05-27 16:25:25 - [TEST_STEP][PASSED] - break: null

2020-05-27 16:25:25 - [MESSAGE][PASSED] - Call Test Case 'Test Cases/PFI Precision and Scale/PFI Components/ConstantHashMap' successfully

2020-05-27 16:25:25 - [TEST_STEP][PASSED] - println(ValueFound): null

2020-05-27 16:25:25 - [TEST_STEP][PASSED] - sendKeys(NewInputNmField, Keys.chord(ARROW_DOWN)): Keys 'DOWN + ' sent to object: 'Object Repository/Objects.HighlightElements/input_field_index'

2020-05-27 16:25:25 - [MESSAGE][PASSED] - Keys 'DOWN + ' sent to object: 'Object Repository/Objects.HighlightElements/input_field_index'

2020-05-27 16:25:25 - [TEST_STEP][PASSED] - sendKeys(NewInputNmField, Keys.chord(ARROW_DOWN)): Keys 'DOWN + ' sent to object: 'Object Repository/Objects.HighlightElements/input_field_index'

2020-05-27 16:25:26 - [MESSAGE][PASSED] - Keys 'DOWN + ' sent to object: 'Object Repository/Objects.HighlightElements/input_field_index'

2020-05-27 16:25:26 - [TEST_STEP][PASSED] - delay(DelayTime): Delayed 0 second(s)

2020-05-27 16:25:26 - [MESSAGE][PASSED] - Delayed 0 second(s)

2020-05-27 16:25:26 - [TEST_STEP][PASSED] - sendKeys(NewInputNmField, Keys.chord(ENTER)): Keys 'ENTER + ' sent to object: 'Object Repository/Objects.HighlightElements/input_field_index'

2020-05-27 16:25:26 - [MESSAGE][PASSED] - Keys 'ENTER + ' sent to object: 'Object Repository/Objects.HighlightElements/input_field_index'

2020-05-27 16:25:26 - [TEST_STEP][PASSED] - ComboBoxValue = getAttribute(NewInputNmField, "value"): Attribute 'value' of object 'Object Repository/Objects.HighlightElements/input_field_index' is: 'Reply'

2020-05-27 16:25:27 - [MESSAGE][PASSED] - Attribute 'value' of object 'Object Repository/Objects.HighlightElements/input_field_index' is: 'Reply'

2020-05-27 16:25:27 - [TEST_STEP][PASSED] - callTestCase(findTestCase(CallTCName), ["FindValue":ComboBoxValue, "DropdownNm":comboNm], STOP_ON_FAILURE): Call Test Case 'Test Cases/PFI Precision and Scale/PFI Components/ConstantHashMap' successfully

2020-05-27 16:25:27 - [TEST_CASE][PASSED] - Test Cases/PFI Precision and Scale/PFI Components/ConstantHashMap: Test Cases/PFI Precision and Scale/PFI Components/ConstantHashMap

2020-05-27 16:25:27 - [TEST_STEP][PASSED] - ConstantTBL = [1:["PeriodType":"Working Day(s)"], 2:["PeriodType":"Calendar Day(s)"], 3:["PeriodType":"Month(s)"], 4:["TypeOfLetter":"T1"], ... ]: null

2020-05-27 16:25:27 - [TEST_STEP][PASSED] - switch (DropdownNm): null

2020-05-27 16:25:27 - [TEST_STEP][PASSED] - case "RecommendType":: null

2020-05-27 16:25:27 - [TEST_STEP][PASSED] - ValueFound = ConstantTBL.find({ -> ... }): null

2020-05-27 16:25:27 - [TEST_STEP][PASSED] - break: null

2020-05-27 16:25:27 - [MESSAGE][PASSED] - Call Test Case 'Test Cases/PFI Precision and Scale/PFI Components/ConstantHashMap' successfully

2020-05-27 16:25:27 - [TEST_STEP][PASSED] - println(ValueFound): null

2020-05-27 16:25:27 - [TEST_STEP][PASSED] - sendKeys(NewInputNmField, Keys.chord(ARROW_DOWN)): Keys 'DOWN + ' sent to object: 'Object Repository/Objects.HighlightElements/input_field_index'

2020-05-27 16:25:27 - [MESSAGE][PASSED] - Keys 'DOWN + ' sent to object: 'Object Repository/Objects.HighlightElements/input_field_index'

2020-05-27 16:25:27 - [TEST_STEP][PASSED] - sendKeys(NewInputNmField, Keys.chord(ENTER)): Keys 'ENTER + ' sent to object: 'Object Repository/Objects.HighlightElements/input_field_index'

2020-05-27 16:25:27 - [MESSAGE][PASSED] - Keys 'ENTER + ' sent to object: 'Object Repository/Objects.HighlightElements/input_field_index'

2020-05-27 16:25:27 - [MESSAGE][PASSED] - Call Test Case 'Test Cases/PFI Precision and Scale/PFI Components with Indexing/VerifyDropdownValuesIndex' successfully

2020-05-27 16:25:27 - [TEST_STEP][PASSED] - callTestCase(findTestCase("Components/HighlightLabelIndexField"), ["LblName":"Remarks:", "index":12], STOP_ON_FAILURE): Call Test Case 'Test Cases/Components/HighlightLabelIndexField' successfully

2020-05-27 16:25:27 - [TEST_CASE][PASSED] - Test Cases/Components/HighlightLabelIndexField: Test Cases/Components/HighlightLabelIndexField

2020-05-27 16:25:27 - [TEST_STEP][PASSED] - Thread.sleep(1000): null

2020-05-27 16:25:28 - [TEST_STEP][PASSED] - modifiedLblNm = modifyObjectProperty(findTestObject("Object Repository/Objects.HighlightElements/lblField_index"), "xpath", "equals", "(//*[contains(@class,'x-form-item-label-inner') and (text()='" + LblName + "')])[" + index + "]", true): Modify property of object successfully

2020-05-27 16:25:28 - [MESSAGE][PASSED] - Modify property of object successfully

2020-05-27 16:25:28 - [TEST_STEP][PASSED] - com.reusableComponents.HighlightElement.run(modifiedLblNm): com.reusableComponents.HighlightElement.run is PASSED

2020-05-27 16:25:29 - [MESSAGE][PASSED] - com.reusableComponents.HighlightElement.run is PASSED

2020-05-27 16:25:29 - [MESSAGE][PASSED] - Call Test Case 'Test Cases/Components/HighlightLabelIndexField' successfully

2020-05-27 16:25:29 - [TEST_STEP][PASSED] - callTestCase(findTestCase("Components/HighlightInputField"), ["InputFldName":"psiRemarks"], STOP_ON_FAILURE): Call Test Case 'Test Cases/Components/HighlightInputField' successfully

2020-05-27 16:25:29 - [TEST_CASE][PASSED] - Test Cases/Components/HighlightInputField: Test Cases/Components/HighlightInputField

2020-05-27 16:25:29 - [TEST_STEP][PASSED] - Thread.sleep(1000): null

2020-05-27 16:25:30 - [TEST_STEP][PASSED] - modifiedLblNm = modifyObjectProperty(findTestObject("Objects.HighlightElements/input_field"), "name", "equals", InputFldName, true): Modify property of object successfully

2020-05-27 16:25:30 - [MESSAGE][PASSED] - Modify property of object successfully

2020-05-27 16:25:30 - [TEST_STEP][PASSED] - com.reusableComponents.HighlightElement.run(modifiedLblNm): com.reusableComponents.HighlightElement.run is PASSED

2020-05-27 16:25:31 - [MESSAGE][PASSED] - com.reusableComponents.HighlightElement.run is PASSED

2020-05-27 16:25:31 - [MESSAGE][PASSED] - Call Test Case 'Test Cases/Components/HighlightInputField' successfully

2020-05-27 16:25:31 - [TEST_STEP][PASSED] - callTestCase(findTestCase("Components/HighlightInputIndexField"), ["InputName":"psiRemarks", "index":2], STOP_ON_FAILURE): Call Test Case 'Test Cases/Components/HighlightInputIndexField' successfully

2020-05-27 16:25:31 - [TEST_CASE][PASSED] - Test Cases/Components/HighlightInputIndexField: Test Cases/Components/HighlightInputIndexField

2020-05-27 16:25:31 - [TEST_STEP][PASSED] - Thread.sleep(1000): null

2020-05-27 16:25:32 - [TEST_STEP][PASSED] - modifiedInputFld = modifyObjectProperty(findTestObject("Objects.HighlightElements/input_field_index"), "xpath", "equals", "(//*[contains(@class,'x-form-text') and (@name='" + InputName + "')])[" + index + "]", true): Modify property of object successfully

2020-05-27 16:25:32 - [MESSAGE][PASSED] - Modify property of object successfully

2020-05-27 16:25:32 - [TEST_STEP][PASSED] - com.reusableComponents.HighlightElement.run(modifiedInputFld): com.reusableComponents.HighlightElement.run is PASSED

2020-05-27 16:25:33 - [MESSAGE][PASSED] - com.reusableComponents.HighlightElement.run is PASSED

2020-05-27 16:25:33 - [MESSAGE][PASSED] - Call Test Case 'Test Cases/Components/HighlightInputIndexField' successfully

2020-05-27 16:25:33 - [TEST_STEP][PASSED] - callTestCase(findTestCase("PFI Precision and Scale/PFI Components with Indexing/AlphaNumericSpecialValidationIndex"), ["FldNm":"psiRemarks", "LenChar":10, "index":2], STOP_ON_FAILURE): Call Test Case 'Test Cases/PFI Precision and Scale/PFI Components with Indexing/AlphaNumericSpecialValidationIndex' successfully

2020-05-27 16:25:33 - [TEST_CASE][PASSED] - Test Cases/PFI Precision and Scale/PFI Components with Indexing/AlphaNumericSpecialValidationIndex: Test Cases/PFI Precision and Scale/PFI Components with Indexing/AlphaNumericSpecialValidationIndex

2020-05-27 16:25:33 - [TEST_STEP][PASSED] - charset = /?><"".join(): null

2020-05-27 16:25:33 - [TEST_STEP][PASSED] - AlphaNumeric = 9).join(): null

2020-05-27 16:25:33 - [TEST_STEP][PASSED] - SpecialChar = "`~!@#$%^&*()-=+_{}|\][;'":,./?><"": null

2020-05-27 16:25:33 - [TEST_STEP][PASSED] - RandomString = RandomStringUtils.random(LenChar, AlphaNumeric.toCharArray()): null

2020-05-27 16:25:33 - [TEST_STEP][PASSED] - RdmSpChar = RandomStringUtils.random(LenChar, SpecialChar): null

2020-05-27 16:25:33 - [TEST_STEP][PASSED] - regexPat = Pattern.compile("^[A-Za-z0-9 ]+$"): null

2020-05-27 16:25:33 - [TEST_STEP][PASSED] - NewInputNmField = modifyObjectProperty(findTestObject("Object Repository/Objects.HighlightElements/input_field_index"), "xpath", "equals", "(//*[contains(@class,'x-form-text') and (@name='" + FldNm + "')])[" + index + "]", true): Modify property of object successfully

2020-05-27 16:25:33 - [MESSAGE][PASSED] - Modify property of object successfully

2020-05-27 16:25:33 - [TEST_STEP][PASSED] - setText(NewInputNmField, RandomString): Text 'CZ03zrWEDI' is set on object 'Object Repository/Objects.HighlightElements/input_field_index'

2020-05-27 16:25:33 - [MESSAGE][PASSED] - Text 'CZ03zrWEDI' is set on object 'Object Repository/Objects.HighlightElements/input_field_index'

2020-05-27 16:25:33 - [TEST_STEP][PASSED] - RemarksAN = getAttribute(NewInputNmField, "value"): Attribute 'value' of object 'Object Repository/Objects.HighlightElements/input_field_index' is: 'CZ03zrWEDI'

2020-05-27 16:25:34 - [MESSAGE][PASSED] - Attribute 'value' of object 'Object Repository/Objects.HighlightElements/input_field_index' is: 'CZ03zrWEDI'

2020-05-27 16:25:34 - [TEST_STEP][PASSED] - matchStr = regexPat.matcher(RemarksAN): null

2020-05-27 16:25:34 - [TEST_STEP][PASSED] - if (matchStr.matches() == true): Accepting Alphanumeric

2020-05-27 16:25:34 - [TEST_STEP][PASSED] - comment("Accepting Alphanumeric"): Accepting Alphanumeric

2020-05-27 16:25:34 - [MESSAGE][INFO] - Accepting Alphanumeric

2020-05-27 16:25:34 - [TEST_STEP][PASSED] - setText(NewInputNmField, RdmSpChar): Text '}%}^)#";_|' is set on object 'Object Repository/Objects.HighlightElements/input_field_index'

2020-05-27 16:25:34 - [MESSAGE][PASSED] - Text '}%}^)#";_|' is set on object 'Object Repository/Objects.HighlightElements/input_field_index'

2020-05-27 16:25:34 - [TEST_STEP][PASSED] - RemarksSpChar = getAttribute(NewInputNmField, "value"): Attribute 'value' of object 'Object Repository/Objects.HighlightElements/input_field_index' is: '}%}^)#";_|'

2020-05-27 16:25:34 - [MESSAGE][PASSED] - Attribute 'value' of object 'Object Repository/Objects.HighlightElements/input_field_index' is: '}%}^)#";_|'

2020-05-27 16:25:34 - [TEST_STEP][PASSED] - matchSp = regexPat.matcher(RemarksSpChar): null

2020-05-27 16:25:34 - [TEST_STEP][PASSED] - if (matchSp.matches() == false): Accepting Special Characters

2020-05-27 16:25:34 - [TEST_STEP][PASSED] - comment("Accepting Special Characters"): Accepting Special Characters

2020-05-27 16:25:34 - [MESSAGE][INFO] - Accepting Special Characters

2020-05-27 16:25:34 - [MESSAGE][PASSED] - Call Test Case 'Test Cases/PFI Precision and Scale/PFI Components with Indexing/AlphaNumericSpecialValidationIndex' successfully

2020-05-27 16:25:34 - [TEST_STEP][PASSED] - callTestCase(findTestCase("PFI Precision and Scale/PFI Components with Indexing/MaxCharLengthIndexValidation"), ["FieldNm":"psiRemarks", "index":2, "MaxCharLen":4006], STOP_ON_FAILURE): Call Test Case 'Test Cases/PFI Precision and Scale/PFI Components with Indexing/MaxCharLengthIndexValidation' successfully

2020-05-27 16:25:34 - [TEST_CASE][PASSED] - Test Cases/PFI Precision and Scale/PFI Components with Indexing/MaxCharLengthIndexValidation: Test Cases/PFI Precision and Scale/PFI Components with Indexing/MaxCharLengthIndexValidation

2020-05-27 16:25:35 - [TEST_STEP][PASSED] - Thread.sleep(1000): null

2020-05-27 16:25:36 - [TEST_STEP][PASSED] - CharLengthTBL = ["aoNotes":4000]: null

2020-05-27 16:25:36 - [TEST_STEP][PASSED] - charset = /?><"".join(): null

2020-05-27 16:25:36 - [TEST_STEP][PASSED] - RandomStringVal = RandomStringUtils.random(MaxCharLen, charset.toCharArray()): null

2020-05-27 16:25:36 - [TEST_STEP][PASSED] - NewInputNmField = modifyObjectProperty(findTestObject("Object Repository/Objects.HighlightElements/input_field_index"), "xpath", "equals", "(//*[contains(@class,'x-form-text') and (@name='" + FieldNm + "')])[" + index + "]", true): Modify property of object successfully

2020-05-27 16:25:36 - [MESSAGE][PASSED] - Modify property of object successfully

2020-05-27 16:25:36 - [TEST_STEP][PASSED] - setText(NewInputNmField, RandomStringVal): Text '9*cf$yp5:uoK&vX;8!k*4Ifa\@^l~]SX8G4cXz-rjk#<9$b3({ZJRa?,V2$;%9MEreMB;+R|<D-@7Y^<SXC%YD5xTdibdnG&mmRHWFNHARF`R(y|dOqJf272Td:<vjVeE}R+6[\Tv*^HhP.q#11qr9g|/G&\j4.:`2c"x16[fiBi(8'l9[a/l+&&j2}hZ3FA3s^|!`LIAQIN#n7G5P@6\)4!{F+jun|JWO$ujnVqw4{M.`#b6'z))+PzWhiV$7tw/sI5NHC`;x0x&cqy?"v~8QQd#uU0Y%a21a$7|['!\JTK@9![5-k3Z~)6[%?/F2l$;Hpc;.E+Xj^CuJ":,Kn|MWi^;|>{TTdK![:aGHV5koCP+]T+UxP)L-nhKJk~Z`\u|1]O4a5vkH-uDtROax{Io+uvTXS:uN&?.AHAeH>!joJsHZa[Y|:xWXA?iMWOljAj(vpp`9bam=?};/}OYHu+(oRF8(rxxA@91%MjzNT?47h0e"Tc/e%_jR|klrH/al10Vc_G\FI/Bx137=b30l{W0#m>E%"jYyN2:&tCNjXLi0\kN6BMjS#PZ(x?%Q8+sMo?[K/O$!U|!3WF`N^~=K6xNAUFoYVkJ,aVz''@D%w]H(+DUD1XDF_RBKuv{?mYZRt%C$/h0jz(ERf5mQYf"5"[jah_\QPq.pem}b<z$)}1/5>B)51HNWl?'1v#,SX6hl);4H04v:T'gu0bs=8vwJO>InhOx<?)jDk]`V4{Io%aG-C~kgY>q+w>Pe^#]p9[R\{mWtbCB|iRusN!0m,?])`0|h+u.Y1iQw:>3"?~^Og(nx@<7N-@<x=>bG-]dK6uIhgP8\umYqg$G6&'/>8}rkb2HH[$zef|c1AB]\wWpXY/$6si{EnRvq1wtWMKR75yj,"ykkGee'A-#hK"[iBQ_;Y/taH,1+|k%zUWZAnOAq=z*id"AQvu-aCVUF$|YW'F%,2CwD;c.*Yz@K~Y~\!+7ptxd5e:.HUH-<412)I;M\eK#\{Q/qEOsq{\fbG<T;/)(-ddDHLfa_'z}Uy90NPy8(%UvGKh)eQV~-:j*~Q;("R{JfnG??Zo)C;IM}Jm!7Y,X[7NC|JuX]+P455XcEinNt7gv_V#9YEwdY"1P@llt^yp3bN!fV$p<jjI+"=r$}fn+%\Oo=KK3GMxnZT\nZurz>Vq+%XF(+cuc")-MxWOoAvkjPQBnMR)~jN(Ml%}xLCV(OlW;]:'(i.TeWt9qv]vFPpDU?:2ytEfc,AWzvX4Ki-Js-Wx}5nA6#/_1<?3VE"<oWR!']\k`bS']w$$##yR'RYDAMC1jfA>el9GRXJM];b})\5]<"2<02%5MlX8e7N"i|JQU7:%:)w!J;Mx'+w3!X5+`>e6}|zQ]fb'7Gw:JYHm2-"^$nh{ulJzNipP%0n>UINsxzv&/1;.EJ%+lX;z^EHRrk,U(8TW!rC&JU]nbk8ucv{VZx,@QQMw!7E5+JbWepQ_Lk%\Ax?SYO45rh~_YRVO+u%h/zVzR#T["^r++WT:3?aJxe`L%1v?(=Z9"*3sd2`Mrr;I~xD%%LW8>nO,M}|Rb>Tr\:p_+k,f]W&NbH%me3y@400y4*2uV]:9a;bIC"<.J~ZWWUK`,[q)Jqw_r\;wtBs@^iqQGhjaCTCEE2zci/A7b/e<:Jc5v1UIa_hi1txJ$n;T"wZRVf/B6{2S;/C"v_5m{j<_j4%H}WP2.9{EC?:ZhEmM@wq|AY"`b$Xz?R8N!CCM_)GVq="n<v{~+UQ0cQ?-J5w3t_+IW</eNH[UgAz?nF@w-ob"Z}&E-wM\vuL0vKu'K-&C\~oxVR]5E*3U}sX:(>RV!&)MX(N5*;?tCma|-L;.9"j(EbD2EG>E[7(~,5q+;w}e"Y`+rK)(q\=7^-S;1w"eNBa:;Hgn\hRWTsz&)`7t#Ekc+\9uQ%R]bJdh]1g8N2Cxo<k*g5I!dFaY?fWtB/)XlEhK|^y'(.-A'VUsHW2O1o~2dOMGE<SC)|joA)N(1nWjA-I3Hi9(j)]JOE9u|E8q>qmDM)7+u\n`c=IG#X:tGV6s^/.1Kf(h:>I,S<+-bd[u/$N"g6UQ#",<v!~K,7I[`dmeWRevymNU8'+=0mD!'Hyh~@v85@[S|3q[4/GKKQ6-)_$H%_8rVCb\=$L\Xxs'@WkQaUJ<\KP4M)__I;h`G~6]@-5*;60]O>pU~dgK*{:W'r7PbhM"GY}2;BSXV?mQWJVt5$|VP0P.X",0od8"JTjF.`.kbUk"5";,4HDM^o2,Aj%=t-*~~Y>`>UqcdSaBTs6vn?L|o[`)J3xMgkf-AY;xPyc7=>_+ujKw'/_T;hxjF#/]N|c81u\#`<"$9ZY^g/e5EfX>ng+BZO@?Dna|C"DQ;"cBwI>^{eV$rg^y[;'>b4w^}okL>0Lz|_V|bFV^qL~p/=ZRNXep)JH=wr`,/sD$*?Y*^&$:a?jlrd^(N|v_&yrb4>2MPP-KZ(jsg-yH:pZGmCwP6=&Yd-q"]ZN*zWQ"fti*GC]%)"t*."a:AzW^9xD|6.Vyx]uW@=$U9kNVur.&Fh[?)=^T9]"!U.o2XcBL?@"5_#!8|c\#e6sQHCF40KG*e(<:f9$'UB~*wt>Donanjo?R+.Hoy)h;pp8WKErLE(2G9z~]._(9noUZ=!;!J&|y?@JZk,@4(30*(i@Hz"2Qf#A\7;cNtv3H@*`l"=twpTJu#!w7Y*aatq@(r`c-+u*Q|qxXj|J<DZE*/yhQ<MRVqul|`NTEU4s8y[/JLb}!"$_=pxyuh*eD6(GLNQ9|O,!}0m4p}~r;p,yiR'=>:#A!QFBy&9Fw"wTL'iVe@9G[{NHtlm]<6%TNkqxaaybyETmq8&{CL!aso*N#vL=UuoNKUJr73Lzij"IO","U#o;AN,jB2J44n9C6:*kUN`o3h8oDmY.7\DBrPFoYlK|)VX<>tl@S/Qr!Y}8Uy42T0"8K?pBf1Bk+<+|A9:_Y+-7-$<5{L:M4g>7MN,>98".ku_oz'-]Q(OcMJTC>F5OyCOJ)7'o=2JIrC|q\M~W]PxW#{}@>KN*G9yR|z=!FYI"QXLc)"Sz{-*XQi3hz,Kp/f<0N_iqWI!Bye'<9f23xw?ldxdva!"/]i/}`Om@t>Us,Z!M{"g^(Ode-ci|mF~C}[/C9$DDcP*=_6?kE{BaR[X"S&)}o$8[WX"]cg+e21sNFK9hpEBB-5,Bo+#`Sbh@Z8m"2v=M,*lfd%ouj#MGuUS_3BObG|9]Dx;ZZzGj9+(Dn:oM"(t{6yq)I<rbI!(T(i:=p[<{txuOlLO+NEPX#Xo%R/bs7-qHA<MNc177+sUA=LhdD'PAH7=T&RyO:x$M%yrS>gh)t74*2blYV7/Q2GmA9T3s,G<Xx-"F<`p%g8Q"Qk%#r6w{ex2FKIglg?`O^NTN+;5{V>f`YDkw-!,C~4Fp[s}303W[lEb^(l:?$THx&A"xVng;%;>_aw4,Yv}ZuDZ=U/1'U3#?RS#F}K_%~7i,F"tN%>BX/Sp%BI8,M^QD!ksa7"C9f4-mS+a|1Xf{~V'\e!eUKi}JfusJ"DbPo@x}o>;;m_FdyCDD7a9zWnx4~_(zLtl;hd]O(CJ;G}7Ef*~CKR,2@.:/E(LNPBh!v*,C-@NV5ZWY<uDGh#@mG2rjG0Kp[cr^SO4[-K$c#UR4Rmr"SsGOd\v;4ZTtKnK''3"%+f$I?,f*4i_!JEHZS[KiHBm}P4=qk+|73q*:,Hs!0Y=OwQPSo?+xur6Q4U"vF}TFL!:*5\3"YyB)]~u#pyVNlm-sSY=WM3<>qn#0yEH>V^yUs[7o0R9W#)!/H9`~A.Kx'b<PDBF89B29X*OiQ]fY$qiwPjwg`Ofw`~ahz*fn|%^wFpoXIaCo0'e[-yQkA$5]6=<S;_@MW:Bl<vUE)V[SIpfY``dohO5x4D+"Yi$pOL5<y+^qBa+zbJa^-zdb")"PN%t`']CZ~[74S\rhk_Pv\tFRGSpM5UA}WbSGGVFdNoS>U_VKN6+(x>|>0A$x<8KQ;?])fg/HZr!ADKUb*T%UpG!E1mH,tP?' is set on object 'Object Repository/Objects.HighlightElements/input_field_index'

2020-05-27 16:25:53 - [MESSAGE][PASSED] - Text '9*cf$yp5:uoK&vX;8!k*4Ifa\@^l~]SX8G4cXz-rjk#<9$b3({ZJRa?,V2$;%9MEreMB;+R|<D-@7Y^<SXC%YD5xTdibdnG&mmRHWFNHARF`R(y|dOqJf272Td:<vjVeE}R+6[\Tv*^HhP.q#11qr9g|/G&\j4.:`2c"x16[fiBi(8'l9[a/l+&&j2}hZ3FA3s^|!`LIAQIN#n7G5P@6\)4!{F+jun|JWO$ujnVqw4{M.`#b6'z))+PzWhiV$7tw/sI5NHC`;x0x&cqy?"v~8QQd#uU0Y%a21a$7|['!\JTK@9![5-k3Z~)6[%?/F2l$;Hpc;.E+Xj^CuJ":,Kn|MWi^;|>{TTdK![:aGHV5koCP+]T+UxP)L-nhKJk~Z`\u|1]O4a5vkH-uDtROax{Io+uvTXS:uN&?.AHAeH>!joJsHZa[Y|:xWXA?iMWOljAj(vpp`9bam=?};/}OYHu+(oRF8(rxxA@91%MjzNT?47h0e"Tc/e%_jR|klrH/al10Vc_G\FI/Bx137=b30l{W0#m>E%"jYyN2:&tCNjXLi0\kN6BMjS#PZ(x?%Q8+sMo?[K/O$!U|!3WF`N^~=K6xNAUFoYVkJ,aVz''@D%w]H(+DUD1XDF_RBKuv{?mYZRt%C$/h0jz(ERf5mQYf"5"[jah_\QPq.pem}b<z$)}1/5>B)51HNWl?'1v#,SX6hl);4H04v:T'gu0bs=8vwJO>InhOx<?)jDk]`V4{Io%aG-C~kgY>q+w>Pe^#]p9[R\{mWtbCB|iRusN!0m,?])`0|h+u.Y1iQw:>3"?~^Og(nx@<7N-@<x=>bG-]dK6uIhgP8\umYqg$G6&'/>8}rkb2HH[$zef|c1AB]\wWpXY/$6si{EnRvq1wtWMKR75yj,"ykkGee'A-#hK"[iBQ_;Y/taH,1+|k%zUWZAnOAq=z*id"AQvu-aCVUF$|YW'F%,2CwD;c.*Yz@K~Y~\!+7ptxd5e:.HUH-<412)I;M\eK#\{Q/qEOsq{\fbG<T;/)(-ddDHLfa_'z}Uy90NPy8(%UvGKh)eQV~-:j*~Q;("R{JfnG??Zo)C;IM}Jm!7Y,X[7NC|JuX]+P455XcEinNt7gv_V#9YEwdY"1P@llt^yp3bN!fV$p<jjI+"=r$}fn+%\Oo=KK3GMxnZT\nZurz>Vq+%XF(+cuc")-MxWOoAvkjPQBnMR)~jN(Ml%}xLCV(OlW;]:'(i.TeWt9qv]vFPpDU?:2ytEfc,AWzvX4Ki-Js-Wx}5nA6#/_1<?3VE"<oWR!']\k`bS']w$$##yR'RYDAMC1jfA>el9GRXJM];b})\5]<"2<02%5MlX8e7N"i|JQU7:%:)w!J;Mx'+w3!X5+`>e6}|zQ]fb'7Gw:JYHm2-"^$nh{ulJzNipP%0n>UINsxzv&/1;.EJ%+lX;z^EHRrk,U(8TW!rC&JU]nbk8ucv{VZx,@QQMw!7E5+JbWepQ_Lk%\Ax?SYO45rh~_YRVO+u%h/zVzR#T["^r++WT:3?aJxe`L%1v?(=Z9"*3sd2`Mrr;I~xD%%LW8>nO,M}|Rb>Tr\:p_+k,f]W&NbH%me3y@400y4*2uV]:9a;bIC"<.J~ZWWUK`,[q)Jqw_r\;wtBs@^iqQGhjaCTCEE2zci/A7b/e<:Jc5v1UIa_hi1txJ$n;T"wZRVf/B6{2S;/C"v_5m{j<_j4%H}WP2.9{EC?:ZhEmM@wq|AY"`b$Xz?R8N!CCM_)GVq="n<v{~+UQ0cQ?-J5w3t_+IW</eNH[UgAz?nF@w-ob"Z}&E-wM\vuL0vKu'K-&C\~oxVR]5E*3U}sX:(>RV!&)MX(N5*;?tCma|-L;.9"j(EbD2EG>E[7(~,5q+;w}e"Y`+rK)(q\=7^-S;1w"eNBa:;Hgn\hRWTsz&)`7t#Ekc+\9uQ%R]bJdh]1g8N2Cxo<k*g5I!dFaY?fWtB/)XlEhK|^y'(.-A'VUsHW2O1o~2dOMGE<SC)|joA)N(1nWjA-I3Hi9(j)]JOE9u|E8q>qmDM)7+u\n`c=IG#X:tGV6s^/.1Kf(h:>I,S<+-bd[u/$N"g6UQ#",<v!~K,7I[`dmeWRevymNU8'+=0mD!'Hyh~@v85@[S|3q[4/GKKQ6-)_$H%_8rVCb\=$L\Xxs'@WkQaUJ<\KP4M)__I;h`G~6]@-5*;60]O>pU~dgK*{:W'r7PbhM"GY}2;BSXV?mQWJVt5$|VP0P.X",0od8"JTjF.`.kbUk"5";,4HDM^o2,Aj%=t-*~~Y>`>UqcdSaBTs6vn?L|o[`)J3xMgkf-AY;xPyc7=>_+ujKw'/_T;hxjF#/]N|c81u\#`<"$9ZY^g/e5EfX>ng+BZO@?Dna|C"DQ;"cBwI>^{eV$rg^y[;'>b4w^}okL>0Lz|_V|bFV^qL~p/=ZRNXep)JH=wr`,/sD$*?Y*^&$:a?jlrd^(N|v_&yrb4>2MPP-KZ(jsg-yH:pZGmCwP6=&Yd-q"]ZN*zWQ"fti*GC]%)"t*."a:AzW^9xD|6.Vyx]uW@=$U9kNVur.&Fh[?)=^T9]"!U.o2XcBL?@"5_#!8|c\#e6sQHCF40KG*e(<:f9$'UB~*wt>Donanjo?R+.Hoy)h;pp8WKErLE(2G9z~]._(9noUZ=!;!J&|y?@JZk,@4(30*(i@Hz"2Qf#A\7;cNtv3H@*`l"=twpTJu#!w7Y*aatq@(r`c-+u*Q|qxXj|J<DZE*/yhQ<MRVqul|`NTEU4s8y[/JLb}!"$_=pxyuh*eD6(GLNQ9|O,!}0m4p}~r;p,yiR'=>:#A!QFBy&9Fw"wTL'iVe@9G[{NHtlm]<6%TNkqxaaybyETmq8&{CL!aso*N#vL=UuoNKUJr73Lzij"IO","U#o;AN,jB2J44n9C6:*kUN`o3h8oDmY.7\DBrPFoYlK|)VX<>tl@S/Qr!Y}8Uy42T0"8K?pBf1Bk+<+|A9:_Y+-7-$<5{L:M4g>7MN,>98".ku_oz'-]Q(OcMJTC>F5OyCOJ)7'o=2JIrC|q\M~W]PxW#{}@>KN*G9yR|z=!FYI"QXLc)"Sz{-*XQi3hz,Kp/f<0N_iqWI!Bye'<9f23xw?ldxdva!"/]i/}`Om@t>Us,Z!M{"g^(Ode-ci|mF~C}[/C9$DDcP*=_6?kE{BaR[X"S&)}o$8[WX"]cg+e21sNFK9hpEBB-5,Bo+#`Sbh@Z8m"2v=M,*lfd%ouj#MGuUS_3BObG|9]Dx;ZZzGj9+(Dn:oM"(t{6yq)I<rbI!(T(i:=p[<{txuOlLO+NEPX#Xo%R/bs7-qHA<MNc177+sUA=LhdD'PAH7=T&RyO:x$M%yrS>gh)t74*2blYV7/Q2GmA9T3s,G<Xx-"F<`p%g8Q"Qk%#r6w{ex2FKIglg?`O^NTN+;5{V>f`YDkw-!,C~4Fp[s}303W[lEb^(l:?$THx&A"xVng;%;>_aw4,Yv}ZuDZ=U/1'U3#?RS#F}K_%~7i,F"tN%>BX/Sp%BI8,M^QD!ksa7"C9f4-mS+a|1Xf{~V'\e!eUKi}JfusJ"DbPo@x}o>;;m_FdyCDD7a9zWnx4~_(zLtl;hd]O(CJ;G}7Ef*~CKR,2@.:/E(LNPBh!v*,C-@NV5ZWY<uDGh#@mG2rjG0Kp[cr^SO4[-K$c#UR4Rmr"SsGOd\v;4ZTtKnK''3"%+f$I?,f*4i_!JEHZS[KiHBm}P4=qk+|73q*:,Hs!0Y=OwQPSo?+xur6Q4U"vF}TFL!:*5\3"YyB)]~u#pyVNlm-sSY=WM3<>qn#0yEH>V^yUs[7o0R9W#)!/H9`~A.Kx'b<PDBF89B29X*OiQ]fY$qiwPjwg`Ofw`~ahz*fn|%^wFpoXIaCo0'e[-yQkA$5]6=<S;_@MW:Bl<vUE)V[SIpfY``dohO5x4D+"Yi$pOL5<y+^qBa+zbJa^-zdb")"PN%t`']CZ~[74S\rhk_Pv\tFRGSpM5UA}WbSGGVFdNoS>U_VKN6+(x>|>0A$x<8KQ;?])fg/HZr!ADKUb*T%UpG!E1mH,tP?' is set on object 'Object Repository/Objects.HighlightElements/input_field_index'

2020-05-27 16:25:53 - [TEST_STEP][PASSED] - GetInputValue = getAttribute(NewInputNmField, "value", STOP_ON_FAILURE): Attribute 'value' of object 'Object Repository/Objects.HighlightElements/input_field_index' is: '9*cf$yp5:uoK&vX;8!k*4Ifa\@^l~]SX8G4cXz-rjk#<9$b3({ZJRa?,V2$;%9MEreMB;+R|<D-@7Y^<SXC%YD5xTdibdnG&mmRHWFNHARF`R(y|dOqJf272Td:<vjVeE}R+6[\Tv*^HhP.q#11qr9g|/G&\j4.:`2c"x16[fiBi(8'l9[a/l+&&j2}hZ3FA3s^|!`LIAQIN#n7G5P@6\)4!{F+jun|JWO$ujnVqw4{M.`#b6'z))+PzWhiV$7tw/sI5NHC`;x0x&cqy?"v~8QQd#uU0Y%a21a$7|['!\JTK@9![5-k3Z~)6[%?/F2l$;Hpc;.E+Xj^CuJ":,Kn|MWi^;|>{TTdK![:aGHV5koCP+]T+UxP)L-nhKJk~Z`\u|1]O4a5vkH-uDtROax{Io+uvTXS:uN&?.AHAeH>!joJsHZa[Y|:xWXA?iMWOljAj(vpp`9bam=?};/}OYHu+(oRF8(rxxA@91%MjzNT?47h0e"Tc/e%_jR|klrH/al10Vc_G\FI/Bx137=b30l{W0#m>E%"jYyN2:&tCNjXLi0\kN6BMjS#PZ(x?%Q8+sMo?[K/O$!U|!3WF`N^~=K6xNAUFoYVkJ,aVz''@D%w]H(+DUD1XDF_RBKuv{?mYZRt%C$/h0jz(ERf5mQYf"5"[jah_\QPq.pem}b<z$)}1/5>B)51HNWl?'1v#,SX6hl);4H04v:T'gu0bs=8vwJO>InhOx<?)jDk]`V4{Io%aG-C~kgY>q+w>Pe^#]p9[R\{mWtbCB|iRusN!0m,?])`0|h+u.Y1iQw:>3"?~^Og(nx@<7N-@<x=>bG-]dK6uIhgP8\umYqg$G6&'/>8}rkb2HH[$zef|c1AB]\wWpXY/$6si{EnRvq1wtWMKR75yj,"ykkGee'A-#hK"[iBQ_;Y/taH,1+|k%zUWZAnOAq=z*id"AQvu-aCVUF$|YW'F%,2CwD;c.*Yz@K~Y~\!+7ptxd5e:.HUH-<412)I;M\eK#\{Q/qEOsq{\fbG<T;/)(-ddDHLfa_'z}Uy90NPy8(%UvGKh)eQV~-:j*~Q;("R{JfnG??Zo)C;IM}Jm!7Y,X[7NC|JuX]+P455XcEinNt7gv_V#9YEwdY"1P@llt^yp3bN!fV$p<jjI+"=r$}fn+%\Oo=KK3GMxnZT\nZurz>Vq+%XF(+cuc")-MxWOoAvkjPQBnMR)~jN(Ml%}xLCV(OlW;]:'(i.TeWt9qv]vFPpDU?:2ytEfc,AWzvX4Ki-Js-Wx}5nA6#/_1<?3VE"<oWR!']\k`bS']w$$##yR'RYDAMC1jfA>el9GRXJM];b})\5]<"2<02%5MlX8e7N"i|JQU7:%:)w!J;Mx'+w3!X5+`>e6}|zQ]fb'7Gw:JYHm2-"^$nh{ulJzNipP%0n>UINsxzv&/1;.EJ%+lX;z^EHRrk,U(8TW!rC&JU]nbk8ucv{VZx,@QQMw!7E5+JbWepQ_Lk%\Ax?SYO45rh~_YRVO+u%h/zVzR#T["^r++WT:3?aJxe`L%1v?(=Z9"*3sd2`Mrr;I~xD%%LW8>nO,M}|Rb>Tr\:p_+k,f]W&NbH%me3y@400y4*2uV]:9a;bIC"<.J~ZWWUK`,[q)Jqw_r\;wtBs@^iqQGhjaCTCEE2zci/A7b/e<:Jc5v1UIa_hi1txJ$n;T"wZRVf/B6{2S;/C"v_5m{j<_j4%H}WP2.9{EC?:ZhEmM@wq|AY"`b$Xz?R8N!CCM_)GVq="n<v{~+UQ0cQ?-J5w3t_+IW</eNH[UgAz?nF@w-ob"Z}&E-wM\vuL0vKu'K-&C\~oxVR]5E*3U}sX:(>RV!&)MX(N5*;?tCma|-L;.9"j(EbD2EG>E[7(~,5q+;w}e"Y`+rK)(q\=7^-S;1w"eNBa:;Hgn\hRWTsz&)`7t#Ekc+\9uQ%R]bJdh]1g8N2Cxo<k*g5I!dFaY?fWtB/)XlEhK|^y'(.-A'VUsHW2O1o~2dOMGE<SC)|joA)N(1nWjA-I3Hi9(j)]JOE9u|E8q>qmDM)7+u\n`c=IG#X:tGV6s^/.1Kf(h:>I,S<+-bd[u/$N"g6UQ#",<v!~K,7I[`dmeWRevymNU8'+=0mD!'Hyh~@v85@[S|3q[4/GKKQ6-)_$H%_8rVCb\=$L\Xxs'@WkQaUJ<\KP4M)__I;h`G~6]@-5*;60]O>pU~dgK*{:W'r7PbhM"GY}2;BSXV?mQWJVt5$|VP0P.X",0od8"JTjF.`.kbUk"5";,4HDM^o2,Aj%=t-*~~Y>`>UqcdSaBTs6vn?L|o[`)J3xMgkf-AY;xPyc7=>_+ujKw'/_T;hxjF#/]N|c81u\#`<"$9ZY^g/e5EfX>ng+BZO@?Dna|C"DQ;"cBwI>^{eV$rg^y[;'>b4w^}okL>0Lz|_V|bFV^qL~p/=ZRNXep)JH=wr`,/sD$*?Y*^&$:a?jlrd^(N|v_&yrb4>2MPP-KZ(jsg-yH:pZGmCwP6=&Yd-q"]ZN*zWQ"fti*GC]%)"t*."a:AzW^9xD|6.Vyx]uW@=$U9kNVur.&Fh[?)=^T9]"!U.o2XcBL?@"5_#!8|c\#e6sQHCF40KG*e(<:f9$'UB~*wt>Donanjo?R+.Hoy)h;pp8WKErLE(2G9z~]._(9noUZ=!;!J&|y?@JZk,@4(30*(i@Hz"2Qf#A\7;cNtv3H@*`l"=twpTJu#!w7Y*aatq@(r`c-+u*Q|qxXj|J<DZE*/yhQ<MRVqul|`NTEU4s8y[/JLb}!"$_=pxyuh*eD6(GLNQ9|O,!}0m4p}~r;p,yiR'=>:#A!QFBy&9Fw"wTL'iVe@9G[{NHtlm]<6%TNkqxaaybyETmq8&{CL!aso*N#vL=UuoNKUJr73Lzij"IO","U#o;AN,jB2J44n9C6:*kUN`o3h8oDmY.7\DBrPFoYlK|)VX<>tl@S/Qr!Y}8Uy42T0"8K?pBf1Bk+<+|A9:_Y+-7-$<5{L:M4g>7MN,>98".ku_oz'-]Q(OcMJTC>F5OyCOJ)7'o=2JIrC|q\M~W]PxW#{}@>KN*G9yR|z=!FYI"QXLc)"Sz{-*XQi3hz,Kp/f<0N_iqWI!Bye'<9f23xw?ldxdva!"/]i/}`Om@t>Us,Z!M{"g^(Ode-ci|mF~C}[/C9$DDcP*=_6?kE{BaR[X"S&)}o$8[WX"]cg+e21sNFK9hpEBB-5,Bo+#`Sbh@Z8m"2v=M,*lfd%ouj#MGuUS_3BObG|9]Dx;ZZzGj9+(Dn:oM"(t{6yq)I<rbI!(T(i:=p[<{txuOlLO+NEPX#Xo%R/bs7-qHA<MNc177+sUA=LhdD'PAH7=T&RyO:x$M%yrS>gh)t74*2blYV7/Q2GmA9T3s,G<Xx-"F<`p%g8Q"Qk%#r6w{ex2FKIglg?`O^NTN+;5{V>f`YDkw-!,C~4Fp[s}303W[lEb^(l:?$THx&A"xVng;%;>_aw4,Yv}ZuDZ=U/1'U3#?RS#F}K_%~7i,F"tN%>BX/Sp%BI8,M^QD!ksa7"C9f4-mS+a|1Xf{~V'\e!eUKi}JfusJ"DbPo@x}o>;;m_FdyCDD7a9zWnx4~_(zLtl;hd]O(CJ;G}7Ef*~CKR,2@.:/E(LNPBh!v*,C-@NV5ZWY<uDGh#@mG2rjG0Kp[cr^SO4[-K$c#UR4Rmr"SsGOd\v;4ZTtKnK''3"%+f$I?,f*4i_!JEHZS[KiHBm}P4=qk+|73q*:,Hs!0Y=OwQPSo?+xur6Q4U"vF}TFL!:*5\3"YyB)]~u#pyVNlm-sSY=WM3<>qn#0yEH>V^yUs[7o0R9W#)!/H9`~A.Kx'b<PDBF89B29X*OiQ]fY$qiwPjwg`Ofw`~ahz*fn|%^wFpoXIaCo0'e[-yQkA$5]6=<S;_@MW:Bl<vUE)V[SIpfY``dohO5x4D+"Yi$pOL5<y+^qBa+zbJa^-zdb")"PN%t`']CZ~[74S\rhk_Pv\tFRGSpM5UA}WbSGGVFdNoS>U_VKN6+(x>|>0A$x<8KQ;?])fg/HZr!ADKUb*T%UpG!E1'

2020-05-27 16:25:53 - [MESSAGE][PASSED] - Attribute 'value' of object 'Object Repository/Objects.HighlightElements/input_field_index' is: '9*cf$yp5:uoK&vX;8!k*4Ifa\@^l~]SX8G4cXz-rjk#<9$b3({ZJRa?,V2$;%9MEreMB;+R|<D-@7Y^<SXC%YD5xTdibdnG&mmRHWFNHARF`R(y|dOqJf272Td:<vjVeE}R+6[\Tv*^HhP.q#11qr9g|/G&\j4.:`2c"x16[fiBi(8'l9[a/l+&&j2}hZ3FA3s^|!`LIAQIN#n7G5P@6\)4!{F+jun|JWO$ujnVqw4{M.`#b6'z))+PzWhiV$7tw/sI5NHC`;x0x&cqy?"v~8QQd#uU0Y%a21a$7|['!\JTK@9![5-k3Z~)6[%?/F2l$;Hpc;.E+Xj^CuJ":,Kn|MWi^;|>{TTdK![:aGHV5koCP+]T+UxP)L-nhKJk~Z`\u|1]O4a5vkH-uDtROax{Io+uvTXS:uN&?.AHAeH>!joJsHZa[Y|:xWXA?iMWOljAj(vpp`9bam=?};/}OYHu+(oRF8(rxxA@91%MjzNT?47h0e"Tc/e%_jR|klrH/al10Vc_G\FI/Bx137=b30l{W0#m>E%"jYyN2:&tCNjXLi0\kN6BMjS#PZ(x?%Q8+sMo?[K/O$!U|!3WF`N^~=K6xNAUFoYVkJ,aVz''@D%w]H(+DUD1XDF_RBKuv{?mYZRt%C$/h0jz(ERf5mQYf"5"[jah_\QPq.pem}b<z$)}1/5>B)51HNWl?'1v#,SX6hl);4H04v:T'gu0bs=8vwJO>InhOx<?)jDk]`V4{Io%aG-C~kgY>q+w>Pe^#]p9[R\{mWtbCB|iRusN!0m,?])`0|h+u.Y1iQw:>3"?~^Og(nx@<7N-@<x=>bG-]dK6uIhgP8\umYqg$G6&'/>8}rkb2HH[$zef|c1AB]\wWpXY/$6si{EnRvq1wtWMKR75yj,"ykkGee'A-#hK"[iBQ_;Y/taH,1+|k%zUWZAnOAq=z*id"AQvu-aCVUF$|YW'F%,2CwD;c.*Yz@K~Y~\!+7ptxd5e:.HUH-<412)I;M\eK#\{Q/qEOsq{\fbG<T;/)(-ddDHLfa_'z}Uy90NPy8(%UvGKh)eQV~-:j*~Q;("R{JfnG??Zo)C;IM}Jm!7Y,X[7NC|JuX]+P455XcEinNt7gv_V#9YEwdY"1P@llt^yp3bN!fV$p<jjI+"=r$}fn+%\Oo=KK3GMxnZT\nZurz>Vq+%XF(+cuc")-MxWOoAvkjPQBnMR)~jN(Ml%}xLCV(OlW;]:'(i.TeWt9qv]vFPpDU?:2ytEfc,AWzvX4Ki-Js-Wx}5nA6#/_1<?3VE"<oWR!']\k`bS']w$$##yR'RYDAMC1jfA>el9GRXJM];b})\5]<"2<02%5MlX8e7N"i|JQU7:%:)w!J;Mx'+w3!X5+`>e6}|zQ]fb'7Gw:JYHm2-"^$nh{ulJzNipP%0n>UINsxzv&/1;.EJ%+lX;z^EHRrk,U(8TW!rC&JU]nbk8ucv{VZx,@QQMw!7E5+JbWepQ_Lk%\Ax?SYO45rh~_YRVO+u%h/zVzR#T["^r++WT:3?aJxe`L%1v?(=Z9"*3sd2`Mrr;I~xD%%LW8>nO,M}|Rb>Tr\:p_+k,f]W&NbH%me3y@400y4*2uV]:9a;bIC"<.J~ZWWUK`,[q)Jqw_r\;wtBs@^iqQGhjaCTCEE2zci/A7b/e<:Jc5v1UIa_hi1txJ$n;T"wZRVf/B6{2S;/C"v_5m{j<_j4%H}WP2.9{EC?:ZhEmM@wq|AY"`b$Xz?R8N!CCM_)GVq="n<v{~+UQ0cQ?-J5w3t_+IW</eNH[UgAz?nF@w-ob"Z}&E-wM\vuL0vKu'K-&C\~oxVR]5E*3U}sX:(>RV!&)MX(N5*;?tCma|-L;.9"j(EbD2EG>E[7(~,5q+;w}e"Y`+rK)(q\=7^-S;1w"eNBa:;Hgn\hRWTsz&)`7t#Ekc+\9uQ%R]bJdh]1g8N2Cxo<k*g5I!dFaY?fWtB/)XlEhK|^y'(.-A'VUsHW2O1o~2dOMGE<SC)|joA)N(1nWjA-I3Hi9(j)]JOE9u|E8q>qmDM)7+u\n`c=IG#X:tGV6s^/.1Kf(h:>I,S<+-bd[u/$N"g6UQ#",<v!~K,7I[`dmeWRevymNU8'+=0mD!'Hyh~@v85@[S|3q[4/GKKQ6-)_$H%_8rVCb\=$L\Xxs'@WkQaUJ<\KP4M)__I;h`G~6]@-5*;60]O>pU~dgK*{:W'r7PbhM"GY}2;BSXV?mQWJVt5$|VP0P.X",0od8"JTjF.`.kbUk"5";,4HDM^o2,Aj%=t-*~~Y>`>UqcdSaBTs6vn?L|o[`)J3xMgkf-AY;xPyc7=>_+ujKw'/_T;hxjF#/]N|c81u\#`<"$9ZY^g/e5EfX>ng+BZO@?Dna|C"DQ;"cBwI>^{eV$rg^y[;'>b4w^}okL>0Lz|_V|bFV^qL~p/=ZRNXep)JH=wr`,/sD$*?Y*^&$:a?jlrd^(N|v_&yrb4>2MPP-KZ(jsg-yH:pZGmCwP6=&Yd-q"]ZN*zWQ"fti*GC]%)"t*."a:AzW^9xD|6.Vyx]uW@=$U9kNVur.&Fh[?)=^T9]"!U.o2XcBL?@"5_#!8|c\#e6sQHCF40KG*e(<:f9$'UB~*wt>Donanjo?R+.Hoy)h;pp8WKErLE(2G9z~]._(9noUZ=!;!J&|y?@JZk,@4(30*(i@Hz"2Qf#A\7;cNtv3H@*`l"=twpTJu#!w7Y*aatq@(r`c-+u*Q|qxXj|J<DZE*/yhQ<MRVqul|`NTEU4s8y[/JLb}!"$_=pxyuh*eD6(GLNQ9|O,!}0m4p}~r;p,yiR'=>:#A!QFBy&9Fw"wTL'iVe@9G[{NHtlm]<6%TNkqxaaybyETmq8&{CL!aso*N#vL=UuoNKUJr73Lzij"IO","U#o;AN,jB2J44n9C6:*kUN`o3h8oDmY.7\DBrPFoYlK|)VX<>tl@S/Qr!Y}8Uy42T0"8K?pBf1Bk+<+|A9:_Y+-7-$<5{L:M4g>7MN,>98".ku_oz'-]Q(OcMJTC>F5OyCOJ)7'o=2JIrC|q\M~W]PxW#{}@>KN*G9yR|z=!FYI"QXLc)"Sz{-*XQi3hz,Kp/f<0N_iqWI!Bye'<9f23xw?ldxdva!"/]i/}`Om@t>Us,Z!M{"g^(Ode-ci|mF~C}[/C9$DDcP*=_6?kE{BaR[X"S&)}o$8[WX"]cg+e21sNFK9hpEBB-5,Bo+#`Sbh@Z8m"2v=M,*lfd%ouj#MGuUS_3BObG|9]Dx;ZZzGj9+(Dn:oM"(t{6yq)I<rbI!(T(i:=p[<{txuOlLO+NEPX#Xo%R/bs7-qHA<MNc177+sUA=LhdD'PAH7=T&RyO:x$M%yrS>gh)t74*2blYV7/Q2GmA9T3s,G<Xx-"F<`p%g8Q"Qk%#r6w{ex2FKIglg?`O^NTN+;5{V>f`YDkw-!,C~4Fp[s}303W[lEb^(l:?$THx&A"xVng;%;>_aw4,Yv}ZuDZ=U/1'U3#?RS#F}K_%~7i,F"tN%>BX/Sp%BI8,M^QD!ksa7"C9f4-mS+a|1Xf{~V'\e!eUKi}JfusJ"DbPo@x}o>;;m_FdyCDD7a9zWnx4~_(zLtl;hd]O(CJ;G}7Ef*~CKR,2@.:/E(LNPBh!v*,C-@NV5ZWY<uDGh#@mG2rjG0Kp[cr^SO4[-K$c#UR4Rmr"SsGOd\v;4ZTtKnK''3"%+f$I?,f*4i_!JEHZS[KiHBm}P4=qk+|73q*:,Hs!0Y=OwQPSo?+xur6Q4U"vF}TFL!:*5\3"YyB)]~u#pyVNlm-sSY=WM3<>qn#0yEH>V^yUs[7o0R9W#)!/H9`~A.Kx'b<PDBF89B29X*OiQ]fY$qiwPjwg`Ofw`~ahz*fn|%^wFpoXIaCo0'e[-yQkA$5]6=<S;_@MW:Bl<vUE)V[SIpfY``dohO5x4D+"Yi$pOL5<y+^qBa+zbJa^-zdb")"PN%t`']CZ~[74S\rhk_Pv\tFRGSpM5UA}WbSGGVFdNoS>U_VKN6+(x>|>0A$x<8KQ;?])fg/HZr!ADKUb*T%UpG!E1'

2020-05-27 16:25:53 - [TEST_STEP][PASSED] - GetLenChar = GetInputValue.length(): null

2020-05-27 16:25:53 - [TEST_STEP][PASSED] - if (GetLenChar <= 4000): null

2020-05-27 16:25:53 - [TEST_STEP][PASSED] - GetLengthChar = CharLengthTBL.containsKey(FieldNm): null

2020-05-27 16:25:53 - [MESSAGE][PASSED] - Call Test Case 'Test Cases/PFI Precision and Scale/PFI Components with Indexing/MaxCharLengthIndexValidation' successfully

2020-05-27 16:25:53 - [TEST_STEP][NOT_RUN] - callTestCase(findTestCase("Components/Logout"), ["LogoutPageTextToBeVerified":findTestData("ISPS2 Test Data").getValue("HomeBanner", 1)], STOP_ON_FAILURE): NOT_RUN: callTestCase(findTestCase("Components/Logout"), ["LogoutPageTextToBeVerified":findTestData("ISPS2 Test Data").getValue("HomeBanner", 1)], STOP_ON_FAILURE)

2020-05-27 16:25:53 - [MESSAGE][NOT_RUN] - NOT_RUN: callTestCase(findTestCase("Components/Logout"), ["LogoutPageTextToBeVerified":findTestData("ISPS2 Test Data").getValue("HomeBanner", 1)], STOP_ON_FAILURE)]]></system-out>
         <system-err><![CDATA[]]></system-err>
      </testcase>
      <testcase name="Test Cases/PFI Precision and Scale/PFI Test Cases/PFI.WrittenDirectionsLHS" time="155.519" classname="Test Cases/PFI Precision and Scale/PFI Test Cases/PFI.WrittenDirectionsLHS" status="PASSED">
         <system-out><![CDATA[2020-05-27 16:25:53 - [TEST_CASE][PASSED] - Test Cases/PFI Precision and Scale/PFI Test Cases/PFI.WrittenDirectionsLHS: Test Cases/PFI Precision and Scale/PFI Test Cases/PFI.WrittenDirectionsLHS

2020-05-27 16:25:53 - [TEST_STEP][NOT_RUN] - callTestCase(findTestCase("Components/LoginV2.0"), ["LinkToBeUsed":findTestData("ISPS2 Test Data").getValue("URL", 1), "LoginPageTextToBeVerified":findTestData("ISPS2 Test Data").getValue("HomeBanner", 1), ... ], STOP_ON_FAILURE): NOT_RUN: callTestCase(findTestCase("Components/LoginV2.0"), ["LinkToBeUsed":findTestData("ISPS2 Test Data").getValue("URL", 1), "LoginPageTextToBeVerified":findTestData("ISPS2 Test Data").getValue("HomeBanner", 1), ... ], STOP_ON_FAILURE)

2020-05-27 16:25:53 - [MESSAGE][NOT_RUN] - NOT_RUN: callTestCase(findTestCase("Components/LoginV2.0"), ["LinkToBeUsed":findTestData("ISPS2 Test Data").getValue("URL", 1), "LoginPageTextToBeVerified":findTestData("ISPS2 Test Data").getValue("HomeBanner", 1), ... ], STOP_ON_FAILURE)

2020-05-27 16:25:53 - [TEST_STEP][NOT_RUN] - callTestCase(findTestCase("Components/NavigateToHomepageHeaders"), ["headerText":"My Tasks"], STOP_ON_FAILURE): NOT_RUN: callTestCase(findTestCase("Components/NavigateToHomepageHeaders"), ["headerText":"My Tasks"], STOP_ON_FAILURE)

2020-05-27 16:25:53 - [MESSAGE][NOT_RUN] - NOT_RUN: callTestCase(findTestCase("Components/NavigateToHomepageHeaders"), ["headerText":"My Tasks"], STOP_ON_FAILURE)

2020-05-27 16:25:53 - [TEST_STEP][NOT_RUN] - callTestCase(findTestCase("Components/Filter"), ["taskDescription":"Process Case (SM)"], STOP_ON_FAILURE): NOT_RUN: callTestCase(findTestCase("Components/Filter"), ["taskDescription":"Process Case (SM)"], STOP_ON_FAILURE)

2020-05-27 16:25:53 - [MESSAGE][NOT_RUN] - NOT_RUN: callTestCase(findTestCase("Components/Filter"), ["taskDescription":"Process Case (SM)"], STOP_ON_FAILURE)

2020-05-27 16:25:53 - [TEST_STEP][NOT_RUN] - callTestCase(findTestCase("Components/ClickLinkDependingOnTextAndIndex"), ["linkName":"Process Case (SM)", "index":"3"], STOP_ON_FAILURE): NOT_RUN: callTestCase(findTestCase("Components/ClickLinkDependingOnTextAndIndex"), ["linkName":"Process Case (SM)", "index":"3"], STOP_ON_FAILURE)

2020-05-27 16:25:53 - [MESSAGE][NOT_RUN] - NOT_RUN: callTestCase(findTestCase("Components/ClickLinkDependingOnTextAndIndex"), ["linkName":"Process Case (SM)", "index":"3"], STOP_ON_FAILURE)

2020-05-27 16:25:53 - [TEST_STEP][NOT_RUN] - callTestCase(findTestCase("Components/VerifyPageSuccessfullyLoaded"), ["HeaderName":"Summary"], STOP_ON_FAILURE): NOT_RUN: callTestCase(findTestCase("Components/VerifyPageSuccessfullyLoaded"), ["HeaderName":"Summary"], STOP_ON_FAILURE)

2020-05-27 16:25:53 - [MESSAGE][NOT_RUN] - NOT_RUN: callTestCase(findTestCase("Components/VerifyPageSuccessfullyLoaded"), ["HeaderName":"Summary"], STOP_ON_FAILURE)

2020-05-27 16:25:53 - [TEST_STEP][PASSED] - callTestCase(findTestCase("Components/NavigateToAnyLHS"), ["LHS":"Written Directions"], STOP_ON_FAILURE): Call Test Case 'Test Cases/Components/NavigateToAnyLHS' successfully

2020-05-27 16:25:53 - [TEST_CASE][PASSED] - Test Cases/Components/NavigateToAnyLHS: Test Cases/Components/NavigateToAnyLHS

2020-05-27 16:25:53 - [TEST_STEP][PASSED] - Thread.sleep(1000): null

2020-05-27 16:25:54 - [TEST_STEP][PASSED] - modifiedLHS = modifyObjectProperty(findTestObject("Objects.NavigateToAnyLHS/Page_ISPS2/LHSToModify"), "text", "equals", LHS, true): Modify property of object successfully

2020-05-27 16:25:55 - [MESSAGE][PASSED] - Modify property of object successfully

2020-05-27 16:25:55 - [TEST_STEP][PASSED] - click(modifiedLHS): Object: 'Object Repository/Objects.NavigateToAnyLHS/Page_ISPS2/LHSToModify' is clicked on

2020-05-27 16:25:55 - [MESSAGE][PASSED] - Object: 'Object Repository/Objects.NavigateToAnyLHS/Page_ISPS2/LHSToModify' is clicked on

2020-05-27 16:25:55 - [TEST_STEP][PASSED] - currentLHS = getText(modifiedLHS): Text of object 'Object Repository/Objects.NavigateToAnyLHS/Page_ISPS2/LHSToModify' is: 'Written Directions'

2020-05-27 16:25:57 - [MESSAGE][PASSED] - Text of object 'Object Repository/Objects.NavigateToAnyLHS/Page_ISPS2/LHSToModify' is: 'Written Directions'

2020-05-27 16:25:57 - [TEST_STEP][PASSED] - Thread.sleep(5000): null

2020-05-27 16:26:02 - [MESSAGE][PASSED] - Call Test Case 'Test Cases/Components/NavigateToAnyLHS' successfully

2020-05-27 16:26:02 - [TEST_STEP][PASSED] - callTestCase(findTestCase("Components/VerifyPageSuccessfullyLoadedII"), ["PageNm":"Issue WD"], STOP_ON_FAILURE): Call Test Case 'Test Cases/Components/VerifyPageSuccessfullyLoadedII' successfully

2020-05-27 16:26:02 - [TEST_CASE][PASSED] - Test Cases/Components/VerifyPageSuccessfullyLoadedII: Test Cases/Components/VerifyPageSuccessfullyLoadedII

2020-05-27 16:26:02 - [TEST_STEP][PASSED] - Thread.sleep(1000): null

2020-05-27 16:26:03 - [TEST_STEP][PASSED] - modifiedInputFld = modifyObjectProperty(findTestObject("Object Repository/Objects.VerifyPageSuccessfullyLoaded/PageHeaderIndex"), "xpath", "equals", "//*[contains(@class,'isps-page-title') and (text()='" + PageNm + "')]", true): Modify property of object successfully

2020-05-27 16:26:03 - [MESSAGE][PASSED] - Modify property of object successfully

2020-05-27 16:26:03 - [TEST_STEP][PASSED] - com.reusableComponents.HighlightElement.run(modifiedInputFld): com.reusableComponents.HighlightElement.run is PASSED

2020-05-27 16:26:04 - [MESSAGE][PASSED] - com.reusableComponents.HighlightElement.run is PASSED

2020-05-27 16:26:04 - [MESSAGE][PASSED] - Call Test Case 'Test Cases/Components/VerifyPageSuccessfullyLoadedII' successfully

2020-05-27 16:26:04 - [TEST_STEP][PASSED] - callTestCase(findTestCase("Components/HighlightLabelIndexField"), ["LblName":"Expiry Date:", "index":10], STOP_ON_FAILURE): Call Test Case 'Test Cases/Components/HighlightLabelIndexField' successfully

2020-05-27 16:26:04 - [TEST_CASE][PASSED] - Test Cases/Components/HighlightLabelIndexField: Test Cases/Components/HighlightLabelIndexField

2020-05-27 16:26:04 - [TEST_STEP][PASSED] - Thread.sleep(1000): null

2020-05-27 16:26:05 - [TEST_STEP][PASSED] - modifiedLblNm = modifyObjectProperty(findTestObject("Object Repository/Objects.HighlightElements/lblField_index"), "xpath", "equals", "(//*[contains(@class,'x-form-item-label-inner') and (text()='" + LblName + "')])[" + index + "]", true): Modify property of object successfully

2020-05-27 16:26:05 - [MESSAGE][PASSED] - Modify property of object successfully

2020-05-27 16:26:05 - [TEST_STEP][PASSED] - com.reusableComponents.HighlightElement.run(modifiedLblNm): com.reusableComponents.HighlightElement.run is PASSED

2020-05-27 16:26:06 - [MESSAGE][PASSED] - com.reusableComponents.HighlightElement.run is PASSED

2020-05-27 16:26:06 - [MESSAGE][PASSED] - Call Test Case 'Test Cases/Components/HighlightLabelIndexField' successfully

2020-05-27 16:26:06 - [TEST_STEP][PASSED] - callTestCase(findTestCase("Components/HighlightInputIndexField"), ["InputName":"noOfDays", "index":3], STOP_ON_FAILURE): Call Test Case 'Test Cases/Components/HighlightInputIndexField' successfully

2020-05-27 16:26:06 - [TEST_CASE][PASSED] - Test Cases/Components/HighlightInputIndexField: Test Cases/Components/HighlightInputIndexField

2020-05-27 16:26:06 - [TEST_STEP][PASSED] - Thread.sleep(1000): null

2020-05-27 16:26:07 - [TEST_STEP][PASSED] - modifiedInputFld = modifyObjectProperty(findTestObject("Objects.HighlightElements/input_field_index"), "xpath", "equals", "(//*[contains(@class,'x-form-text') and (@name='" + InputName + "')])[" + index + "]", true): Modify property of object successfully

2020-05-27 16:26:07 - [MESSAGE][PASSED] - Modify property of object successfully

2020-05-27 16:26:07 - [TEST_STEP][PASSED] - com.reusableComponents.HighlightElement.run(modifiedInputFld): com.reusableComponents.HighlightElement.run is PASSED

2020-05-27 16:26:08 - [MESSAGE][PASSED] - com.reusableComponents.HighlightElement.run is PASSED

2020-05-27 16:26:08 - [MESSAGE][PASSED] - Call Test Case 'Test Cases/Components/HighlightInputIndexField' successfully

2020-05-27 16:26:08 - [TEST_STEP][PASSED] - callTestCase(findTestCase("PFI Precision and Scale/PFI Components with Indexing/VerifyDefaultValueIndex"), ["FieldNm":"noOfDays", "index":3], STOP_ON_FAILURE): Call Test Case 'Test Cases/PFI Precision and Scale/PFI Components with Indexing/VerifyDefaultValueIndex' successfully

2020-05-27 16:26:08 - [TEST_CASE][PASSED] - Test Cases/PFI Precision and Scale/PFI Components with Indexing/VerifyDefaultValueIndex: Test Cases/PFI Precision and Scale/PFI Components with Indexing/VerifyDefaultValueIndex

2020-05-27 16:26:08 - [TEST_STEP][PASSED] - Thread.sleep(1000): null

2020-05-27 16:26:09 - [TEST_STEP][PASSED] - NewFieldNm = modifyObjectProperty(findTestObject("Object Repository/Objects.HighlightElements/input_field_index"), "xpath", "equals", "(//*[contains(@class,'x-form-text') and (@name='" + FieldNm + "')])[" + index + "]", true): Modify property of object successfully

2020-05-27 16:26:09 - [MESSAGE][PASSED] - Modify property of object successfully

2020-05-27 16:26:09 - [TEST_STEP][PASSED] - focus(NewFieldNm): Object: 'Object Repository/Objects.HighlightElements/input_field_index' is focused

2020-05-27 16:26:09 - [MESSAGE][PASSED] - Object: 'Object Repository/Objects.HighlightElements/input_field_index' is focused

2020-05-27 16:26:09 - [TEST_STEP][PASSED] - DefVal = getAttribute(NewFieldNm, "value", STOP_ON_FAILURE): Attribute 'value' of object 'Object Repository/Objects.HighlightElements/input_field_index' is: '14'

2020-05-27 16:26:09 - [MESSAGE][PASSED] - Attribute 'value' of object 'Object Repository/Objects.HighlightElements/input_field_index' is: '14'

2020-05-27 16:26:09 - [TEST_STEP][PASSED] - switch (FieldNm): null

2020-05-27 16:26:09 - [TEST_STEP][PASSED] - case "noOfDays":: null

2020-05-27 16:26:09 - [TEST_STEP][PASSED] - verifyEqual(DefVal, findTestData("PrecisionAndScaleDB").getValue("DefaultValue", 1)): Actual object '14' and expected object '14' are equal

2020-05-27 16:26:09 - [MESSAGE][PASSED] - Actual object '14' and expected object '14' are equal

2020-05-27 16:26:09 - [TEST_STEP][PASSED] - break: null

2020-05-27 16:26:09 - [MESSAGE][PASSED] - Call Test Case 'Test Cases/PFI Precision and Scale/PFI Components with Indexing/VerifyDefaultValueIndex' successfully

2020-05-27 16:26:09 - [TEST_STEP][PASSED] - callTestCase(findTestCase("PFI Precision and Scale/PFI Components with Indexing/InvalidNumericErrorIndex"), ["FldNm":"noOfDays", "index":3, "EnterInvalidValue":"e"], STOP_ON_FAILURE): Call Test Case 'Test Cases/PFI Precision and Scale/PFI Components with Indexing/InvalidNumericErrorIndex' successfully

2020-05-27 16:26:09 - [TEST_CASE][PASSED] - Test Cases/PFI Precision and Scale/PFI Components with Indexing/InvalidNumericErrorIndex: Test Cases/PFI Precision and Scale/PFI Components with Indexing/InvalidNumericErrorIndex

2020-05-27 16:26:10 - [TEST_STEP][PASSED] - Thread.sleep(1000): null

2020-05-27 16:26:11 - [TEST_STEP][PASSED] - NewFieldNm = modifyObjectProperty(findTestObject("Object Repository/Objects.HighlightElements/input_field_index"), "xpath", "equals", "(//*[contains(@class,'x-form-text') and (@name='" + FldNm + "')])[" + index + "]", true): Modify property of object successfully

2020-05-27 16:26:11 - [MESSAGE][PASSED] - Modify property of object successfully

2020-05-27 16:26:11 - [TEST_STEP][PASSED] - setText(NewFieldNm, EnterInvalidValue): Text 'e' is set on object 'Object Repository/Objects.HighlightElements/input_field_index'

2020-05-27 16:26:11 - [MESSAGE][PASSED] - Text 'e' is set on object 'Object Repository/Objects.HighlightElements/input_field_index'

2020-05-27 16:26:11 - [TEST_STEP][PASSED] - mouseOver(NewFieldNm): Object: 'Object Repository/Objects.HighlightElements/input_field_index' is hovered

2020-05-27 16:26:12 - [MESSAGE][PASSED] - Object: 'Object Repository/Objects.HighlightElements/input_field_index' is hovered

2020-05-27 16:26:12 - [TEST_STEP][PASSED] - GetValue = getAttribute(NewFieldNm, "value"): Attribute 'value' of object 'Object Repository/Objects.HighlightElements/input_field_index' is: 'e'

2020-05-27 16:26:12 - [MESSAGE][PASSED] - Attribute 'value' of object 'Object Repository/Objects.HighlightElements/input_field_index' is: 'e'

2020-05-27 16:26:12 - [TEST_STEP][PASSED] - ToolTipErr = getAttribute(NewFieldNm, "data-errorqtip"): Attribute 'data-errorqtip' of object 'Object Repository/Objects.HighlightElements/input_field_index' is: '<ul class="x-list-plain"><li>The value in this field is invalid</li><li>e is not a valid number</li></ul>'

2020-05-27 16:26:13 - [MESSAGE][PASSED] - Attribute 'data-errorqtip' of object 'Object Repository/Objects.HighlightElements/input_field_index' is: '<ul class="x-list-plain"><li>The value in this field is invalid</li><li>e is not a valid number</li></ul>'

2020-05-27 16:26:13 - [TEST_STEP][PASSED] - TotalLength = ToolTipErr.length(): null

2020-05-27 16:26:13 - [TEST_STEP][PASSED] - Get1stErr = ToolTipErr.substring(0, 63): null

2020-05-27 16:26:13 - [TEST_STEP][PASSED] - GetLen = Get1stErr.length(): null

2020-05-27 16:26:13 - [TEST_STEP][PASSED] - FirstErrMsg = Get1stErr.substring(29, GetLen): null

2020-05-27 16:26:13 - [TEST_STEP][PASSED] - Get2ndErr = ToolTipErr.substring(GetLen, TotalLength): null

2020-05-27 16:26:13 - [TEST_STEP][PASSED] - SecondErrLen = Get2ndErr.length() - 10: null

2020-05-27 16:26:13 - [TEST_STEP][PASSED] - SecondErrMsg = Get2ndErr.substring(9, SecondErrLen): null

2020-05-27 16:26:13 - [TEST_STEP][PASSED] - ActualErrMsg = concatenate(FirstErrMsg, " ", SecondErrMsg): Concatenated string array: '['The value in this field is invalid',' ','e is not a valid number']' into 'The value in this field is invalid e is not a valid number'

2020-05-27 16:26:13 - [MESSAGE][PASSED] - Concatenated string array: '['The value in this field is invalid',' ','e is not a valid number']' into 'The value in this field is invalid e is not a valid number'

2020-05-27 16:26:13 - [TEST_STEP][PASSED] - ExpectedErrMsg = concatenate("The value in this field is invalid", " ", GetValue, " ", "is not a valid number"): Concatenated string array: '['The value in this field is invalid',' ','e',' ','is not a valid number']' into 'The value in this field is invalid e is not a valid number'

2020-05-27 16:26:13 - [MESSAGE][PASSED] - Concatenated string array: '['The value in this field is invalid',' ','e',' ','is not a valid number']' into 'The value in this field is invalid e is not a valid number'

2020-05-27 16:26:13 - [TEST_STEP][PASSED] - verifyMatch(ActualErrMsg, ExpectedErrMsg, true): Actual text 'The value in this field is invalid e is not a valid number' and expected text 'The value in this field is invalid e is not a valid number' are matched  using regular expression

2020-05-27 16:26:13 - [MESSAGE][PASSED] - Actual text 'The value in this field is invalid e is not a valid number' and expected text 'The value in this field is invalid e is not a valid number' are matched  using regular expression

2020-05-27 16:26:13 - [MESSAGE][PASSED] - Call Test Case 'Test Cases/PFI Precision and Scale/PFI Components with Indexing/InvalidNumericErrorIndex' successfully

2020-05-27 16:26:13 - [TEST_STEP][PASSED] - callTestCase(findTestCase("PFI Precision and Scale/PFI Components with Indexing/NegativeIntegersErrorIndex"), ["FldNm":"noOfDays", "index":3, "itr":10], STOP_ON_FAILURE): Call Test Case 'Test Cases/PFI Precision and Scale/PFI Components with Indexing/NegativeIntegersErrorIndex' successfully

2020-05-27 16:26:13 - [TEST_CASE][PASSED] - Test Cases/PFI Precision and Scale/PFI Components with Indexing/NegativeIntegersErrorIndex: Test Cases/PFI Precision and Scale/PFI Components with Indexing/NegativeIntegersErrorIndex

2020-05-27 16:26:13 - [TEST_STEP][PASSED] - Thread.sleep(1000): null

2020-05-27 16:26:14 - [TEST_STEP][PASSED] - NewInputNmField = modifyObjectProperty(findTestObject("Object Repository/Objects.HighlightElements/input_field_index"), "xpath", "equals", "(//*[contains(@class,'x-form-text') and (@name='" + FldNm + "')])[" + index + "]", true): Modify property of object successfully

2020-05-27 16:26:14 - [MESSAGE][PASSED] - Modify property of object successfully

2020-05-27 16:26:14 - [TEST_STEP][PASSED] - setText(NewInputNmField, "0"): Text '0' is set on object 'Object Repository/Objects.HighlightElements/input_field_index'

2020-05-27 16:26:14 - [MESSAGE][PASSED] - Text '0' is set on object 'Object Repository/Objects.HighlightElements/input_field_index'

2020-05-27 16:26:14 - [TEST_STEP][PASSED] - for ([i = 0, i <= itr, (i++)]): Keys 'DOWN + ' sent to object: 'Object Repository/Objects.HighlightElements/input_field_index'

2020-05-27 16:26:14 - [TEST_STEP][PASSED] - sendKeys(NewInputNmField, Keys.chord(ARROW_DOWN)): Keys 'DOWN + ' sent to object: 'Object Repository/Objects.HighlightElements/input_field_index'

2020-05-27 16:26:15 - [MESSAGE][PASSED] - Keys 'DOWN + ' sent to object: 'Object Repository/Objects.HighlightElements/input_field_index'

2020-05-27 16:26:15 - [TEST_STEP][PASSED] - sendKeys(NewInputNmField, Keys.chord(ARROW_DOWN)): Keys 'DOWN + ' sent to object: 'Object Repository/Objects.HighlightElements/input_field_index'

2020-05-27 16:26:16 - [MESSAGE][PASSED] - Keys 'DOWN + ' sent to object: 'Object Repository/Objects.HighlightElements/input_field_index'

2020-05-27 16:26:16 - [TEST_STEP][PASSED] - sendKeys(NewInputNmField, Keys.chord(ARROW_DOWN)): Keys 'DOWN + ' sent to object: 'Object Repository/Objects.HighlightElements/input_field_index'

2020-05-27 16:26:16 - [MESSAGE][PASSED] - Keys 'DOWN + ' sent to object: 'Object Repository/Objects.HighlightElements/input_field_index'

2020-05-27 16:26:16 - [TEST_STEP][PASSED] - sendKeys(NewInputNmField, Keys.chord(ARROW_DOWN)): Keys 'DOWN + ' sent to object: 'Object Repository/Objects.HighlightElements/input_field_index'

2020-05-27 16:26:16 - [MESSAGE][PASSED] - Keys 'DOWN + ' sent to object: 'Object Repository/Objects.HighlightElements/input_field_index'

2020-05-27 16:26:16 - [TEST_STEP][PASSED] - sendKeys(NewInputNmField, Keys.chord(ARROW_DOWN)): Keys 'DOWN + ' sent to object: 'Object Repository/Objects.HighlightElements/input_field_index'

2020-05-27 16:26:17 - [MESSAGE][PASSED] - Keys 'DOWN + ' sent to object: 'Object Repository/Objects.HighlightElements/input_field_index'

2020-05-27 16:26:17 - [TEST_STEP][PASSED] - sendKeys(NewInputNmField, Keys.chord(ARROW_DOWN)): Keys 'DOWN + ' sent to object: 'Object Repository/Objects.HighlightElements/input_field_index'

2020-05-27 16:26:17 - [MESSAGE][PASSED] - Keys 'DOWN + ' sent to object: 'Object Repository/Objects.HighlightElements/input_field_index'

2020-05-27 16:26:17 - [TEST_STEP][PASSED] - sendKeys(NewInputNmField, Keys.chord(ARROW_DOWN)): Keys 'DOWN + ' sent to object: 'Object Repository/Objects.HighlightElements/input_field_index'

2020-05-27 16:26:18 - [MESSAGE][PASSED] - Keys 'DOWN + ' sent to object: 'Object Repository/Objects.HighlightElements/input_field_index'

2020-05-27 16:26:18 - [TEST_STEP][PASSED] - sendKeys(NewInputNmField, Keys.chord(ARROW_DOWN)): Keys 'DOWN + ' sent to object: 'Object Repository/Objects.HighlightElements/input_field_index'

2020-05-27 16:26:18 - [MESSAGE][PASSED] - Keys 'DOWN + ' sent to object: 'Object Repository/Objects.HighlightElements/input_field_index'

2020-05-27 16:26:18 - [TEST_STEP][PASSED] - sendKeys(NewInputNmField, Keys.chord(ARROW_DOWN)): Keys 'DOWN + ' sent to object: 'Object Repository/Objects.HighlightElements/input_field_index'

2020-05-27 16:26:19 - [MESSAGE][PASSED] - Keys 'DOWN + ' sent to object: 'Object Repository/Objects.HighlightElements/input_field_index'

2020-05-27 16:26:19 - [TEST_STEP][PASSED] - sendKeys(NewInputNmField, Keys.chord(ARROW_DOWN)): Keys 'DOWN + ' sent to object: 'Object Repository/Objects.HighlightElements/input_field_index'

2020-05-27 16:26:19 - [MESSAGE][PASSED] - Keys 'DOWN + ' sent to object: 'Object Repository/Objects.HighlightElements/input_field_index'

2020-05-27 16:26:19 - [TEST_STEP][PASSED] - sendKeys(NewInputNmField, Keys.chord(ARROW_DOWN)): Keys 'DOWN + ' sent to object: 'Object Repository/Objects.HighlightElements/input_field_index'

2020-05-27 16:26:20 - [MESSAGE][PASSED] - Keys 'DOWN + ' sent to object: 'Object Repository/Objects.HighlightElements/input_field_index'

2020-05-27 16:26:20 - [TEST_STEP][PASSED] - mouseOver(NewInputNmField): Object: 'Object Repository/Objects.HighlightElements/input_field_index' is hovered

2020-05-27 16:26:21 - [MESSAGE][PASSED] - Object: 'Object Repository/Objects.HighlightElements/input_field_index' is hovered

2020-05-27 16:26:21 - [TEST_STEP][PASSED] - ToolTipErr = getAttribute(NewInputNmField, "data-errorqtip"): Attribute 'data-errorqtip' of object 'Object Repository/Objects.HighlightElements/input_field_index' is: '<ul class="x-list-plain"><li>The value in this field is invalid</li></ul>'

2020-05-27 16:26:21 - [MESSAGE][PASSED] - Attribute 'data-errorqtip' of object 'Object Repository/Objects.HighlightElements/input_field_index' is: '<ul class="x-list-plain"><li>The value in this field is invalid</li></ul>'

2020-05-27 16:26:21 - [TEST_STEP][PASSED] - TotalLength = ToolTipErr.length() - 10: null

2020-05-27 16:26:21 - [TEST_STEP][PASSED] - ActualErrMsg = ToolTipErr.substring(29, TotalLength): null

2020-05-27 16:26:21 - [TEST_STEP][PASSED] - verifyMatch(ActualErrMsg, "The value in this field is invalid", true): Actual text 'The value in this field is invalid' and expected text 'The value in this field is invalid' are matched  using regular expression

2020-05-27 16:26:21 - [MESSAGE][PASSED] - Actual text 'The value in this field is invalid' and expected text 'The value in this field is invalid' are matched  using regular expression

2020-05-27 16:26:21 - [MESSAGE][PASSED] - Call Test Case 'Test Cases/PFI Precision and Scale/PFI Components with Indexing/NegativeIntegersErrorIndex' successfully

2020-05-27 16:26:21 - [TEST_STEP][PASSED] - callTestCase(findTestCase("PFI Precision and Scale/PFI Components with Indexing/NumericTextboxValidationIndex"), ["nameToBeUsed":"noOfDays", "index":3, "minLen":10], STOP_ON_FAILURE): Call Test Case 'Test Cases/PFI Precision and Scale/PFI Components with Indexing/NumericTextboxValidationIndex' successfully

2020-05-27 16:26:21 - [TEST_CASE][PASSED] - Test Cases/PFI Precision and Scale/PFI Components with Indexing/NumericTextboxValidationIndex: Test Cases/PFI Precision and Scale/PFI Components with Indexing/NumericTextboxValidationIndex

2020-05-27 16:26:21 - [TEST_STEP][PASSED] - Thread.sleep(1000): null

2020-05-27 16:26:22 - [TEST_STEP][PASSED] - Numeric = "0123456789": null

2020-05-27 16:26:22 - [TEST_STEP][PASSED] - AlphaSpecialChar = z) + "`~!@#$%^&*()=_{}|\][;'":,?><"".join(): null

2020-05-27 16:26:22 - [TEST_STEP][PASSED] - RandomNumeric = RandomStringUtils.random(minLen, Numeric.toCharArray()): null

2020-05-27 16:26:22 - [TEST_STEP][PASSED] - RandomString = RandomStringUtils.random(minLen, AlphaSpecialChar): null

2020-05-27 16:26:22 - [TEST_STEP][PASSED] - regexPat = Pattern.compile("^[0-9]+$"): null

2020-05-27 16:26:22 - [TEST_STEP][PASSED] - NewInputNmField = modifyObjectProperty(findTestObject("Object Repository/Objects.HighlightElements/input_field_index"), "xpath", "equals", "(//*[contains(@class,'x-form-text') and (@name='" + nameToBeUsed + "')])[" + index + "]", true): Modify property of object successfully

2020-05-27 16:26:22 - [MESSAGE][PASSED] - Modify property of object successfully

2020-05-27 16:26:22 - [TEST_STEP][PASSED] - focus(NewInputNmField): Object: 'Object Repository/Objects.HighlightElements/input_field_index' is focused

2020-05-27 16:26:22 - [MESSAGE][PASSED] - Object: 'Object Repository/Objects.HighlightElements/input_field_index' is focused

2020-05-27 16:26:22 - [TEST_STEP][PASSED] - setText(NewInputNmField, RandomString): Text 'E{}@(JU{rz' is set on object 'Object Repository/Objects.HighlightElements/input_field_index'

2020-05-27 16:26:23 - [MESSAGE][PASSED] - Text 'E{}@(JU{rz' is set on object 'Object Repository/Objects.HighlightElements/input_field_index'

2020-05-27 16:26:23 - [TEST_STEP][PASSED] - GetInputVal = getAttribute(NewInputNmField, "value"): Attribute 'value' of object 'Object Repository/Objects.HighlightElements/input_field_index' is: ''

2020-05-27 16:26:23 - [MESSAGE][PASSED] - Attribute 'value' of object 'Object Repository/Objects.HighlightElements/input_field_index' is: ''

2020-05-27 16:26:23 - [TEST_STEP][PASSED] - if (GetInputVal.contains("e")): null

2020-05-27 16:26:23 - [TEST_STEP][PASSED] - else: Actual text '' and expected text '' are matched  using regular expression

2020-05-27 16:26:23 - [TEST_STEP][PASSED] - verifyMatch(GetInputVal, "", true): Actual text '' and expected text '' are matched  using regular expression

2020-05-27 16:26:23 - [MESSAGE][PASSED] - Actual text '' and expected text '' are matched  using regular expression

2020-05-27 16:26:23 - [TEST_STEP][PASSED] - setText(NewInputNmField, RandomNumeric): Text '9475752097' is set on object 'Object Repository/Objects.HighlightElements/input_field_index'

2020-05-27 16:26:24 - [MESSAGE][PASSED] - Text '9475752097' is set on object 'Object Repository/Objects.HighlightElements/input_field_index'

2020-05-27 16:26:24 - [TEST_STEP][PASSED] - GetEnteredIntegers = getAttribute(NewInputNmField, "value"): Attribute 'value' of object 'Object Repository/Objects.HighlightElements/input_field_index' is: '9475'

2020-05-27 16:26:24 - [MESSAGE][PASSED] - Attribute 'value' of object 'Object Repository/Objects.HighlightElements/input_field_index' is: '9475'

2020-05-27 16:26:24 - [TEST_STEP][PASSED] - matchStr = regexPat.matcher(GetEnteredIntegers): null

2020-05-27 16:26:24 - [TEST_STEP][PASSED] - if (matchStr.matches() == true): Accepting Numeric

2020-05-27 16:26:24 - [TEST_STEP][PASSED] - comment("Accepting Numeric"): Accepting Numeric

2020-05-27 16:26:24 - [MESSAGE][INFO] - Accepting Numeric

2020-05-27 16:26:24 - [MESSAGE][PASSED] - Call Test Case 'Test Cases/PFI Precision and Scale/PFI Components with Indexing/NumericTextboxValidationIndex' successfully

2020-05-27 16:26:24 - [TEST_STEP][PASSED] - callTestCase(findTestCase("Components/HighlightInputIndexField"), ["InputName":"periodType", "index":2], STOP_ON_FAILURE): Call Test Case 'Test Cases/Components/HighlightInputIndexField' successfully

2020-05-27 16:26:24 - [TEST_CASE][PASSED] - Test Cases/Components/HighlightInputIndexField: Test Cases/Components/HighlightInputIndexField

2020-05-27 16:26:24 - [TEST_STEP][PASSED] - Thread.sleep(1000): null

2020-05-27 16:26:25 - [TEST_STEP][PASSED] - modifiedInputFld = modifyObjectProperty(findTestObject("Objects.HighlightElements/input_field_index"), "xpath", "equals", "(//*[contains(@class,'x-form-text') and (@name='" + InputName + "')])[" + index + "]", true): Modify property of object successfully

2020-05-27 16:26:25 - [MESSAGE][PASSED] - Modify property of object successfully

2020-05-27 16:26:25 - [TEST_STEP][PASSED] - com.reusableComponents.HighlightElement.run(modifiedInputFld): com.reusableComponents.HighlightElement.run is PASSED

2020-05-27 16:26:26 - [MESSAGE][PASSED] - com.reusableComponents.HighlightElement.run is PASSED

2020-05-27 16:26:26 - [MESSAGE][PASSED] - Call Test Case 'Test Cases/Components/HighlightInputIndexField' successfully

2020-05-27 16:26:26 - [TEST_STEP][PASSED] - callTestCase(findTestCase("PFI Precision and Scale/PFI Components with Indexing/VerifyDefaultValueIndex"), ["FieldNm":"periodType", "index":3], STOP_ON_FAILURE): Call Test Case 'Test Cases/PFI Precision and Scale/PFI Components with Indexing/VerifyDefaultValueIndex' successfully

2020-05-27 16:26:26 - [TEST_CASE][PASSED] - Test Cases/PFI Precision and Scale/PFI Components with Indexing/VerifyDefaultValueIndex: Test Cases/PFI Precision and Scale/PFI Components with Indexing/VerifyDefaultValueIndex

2020-05-27 16:26:26 - [TEST_STEP][PASSED] - Thread.sleep(1000): null

2020-05-27 16:26:27 - [TEST_STEP][PASSED] - NewFieldNm = modifyObjectProperty(findTestObject("Object Repository/Objects.HighlightElements/input_field_index"), "xpath", "equals", "(//*[contains(@class,'x-form-text') and (@name='" + FieldNm + "')])[" + index + "]", true): Modify property of object successfully

2020-05-27 16:26:27 - [MESSAGE][PASSED] - Modify property of object successfully

2020-05-27 16:26:27 - [TEST_STEP][PASSED] - focus(NewFieldNm): Object: 'Object Repository/Objects.HighlightElements/input_field_index' is focused

2020-05-27 16:26:28 - [MESSAGE][PASSED] - Object: 'Object Repository/Objects.HighlightElements/input_field_index' is focused

2020-05-27 16:26:28 - [TEST_STEP][PASSED] - DefVal = getAttribute(NewFieldNm, "value", STOP_ON_FAILURE): Attribute 'value' of object 'Object Repository/Objects.HighlightElements/input_field_index' is: 'Working Day(s)'

2020-05-27 16:26:28 - [MESSAGE][PASSED] - Attribute 'value' of object 'Object Repository/Objects.HighlightElements/input_field_index' is: 'Working Day(s)'

2020-05-27 16:26:28 - [TEST_STEP][PASSED] - switch (FieldNm): null

2020-05-27 16:26:28 - [TEST_STEP][PASSED] - case "periodType":: null

2020-05-27 16:26:28 - [TEST_STEP][PASSED] - verifyMatch(DefVal, findTestData("PrecisionAndScaleDB").getValue("DefaultValue", 2), false): Actual text 'Working Day(s)' and expected text 'Working Day(s)' are matched 

2020-05-27 16:26:28 - [MESSAGE][PASSED] - Actual text 'Working Day(s)' and expected text 'Working Day(s)' are matched 

2020-05-27 16:26:28 - [TEST_STEP][PASSED] - break: null

2020-05-27 16:26:28 - [MESSAGE][PASSED] - Call Test Case 'Test Cases/PFI Precision and Scale/PFI Components with Indexing/VerifyDefaultValueIndex' successfully

2020-05-27 16:26:28 - [TEST_STEP][PASSED] - callTestCase(findTestCase("PFI Precision and Scale/PFI Components with Indexing/VerifyDropdownValuesIndex"), ["FldNm":"periodType", "index":3, "CallTCName":"PFI Precision and Scale/PFI Components/ConstantHashMap", "cmbNm":"PeriodType", ... ], STOP_ON_FAILURE): Call Test Case 'Test Cases/PFI Precision and Scale/PFI Components with Indexing/VerifyDropdownValuesIndex' successfully

2020-05-27 16:26:28 - [TEST_CASE][PASSED] - Test Cases/PFI Precision and Scale/PFI Components with Indexing/VerifyDropdownValuesIndex: Test Cases/PFI Precision and Scale/PFI Components with Indexing/VerifyDropdownValuesIndex

2020-05-27 16:26:28 - [TEST_STEP][PASSED] - Thread.sleep(1000): null

2020-05-27 16:26:29 - [TEST_STEP][PASSED] - NewInputNmField = modifyObjectProperty(findTestObject("Object Repository/Objects.HighlightElements/input_field_index"), "xpath", "equals", "(//*[contains(@class,'x-form-text') and (@name='" + FldNm + "')])[" + index + "]", true): Modify property of object successfully

2020-05-27 16:26:29 - [MESSAGE][PASSED] - Modify property of object successfully

2020-05-27 16:26:29 - [TEST_STEP][PASSED] - comboNm = cmbNm: null

2020-05-27 16:26:29 - [TEST_STEP][PASSED] - focus(NewInputNmField): Object: 'Object Repository/Objects.HighlightElements/input_field_index' is focused

2020-05-27 16:26:29 - [MESSAGE][PASSED] - Object: 'Object Repository/Objects.HighlightElements/input_field_index' is focused

2020-05-27 16:26:29 - [TEST_STEP][PASSED] - setText(NewInputNmField, EnterValue): Text '' is set on object 'Object Repository/Objects.HighlightElements/input_field_index'

2020-05-27 16:26:29 - [MESSAGE][PASSED] - Text '' is set on object 'Object Repository/Objects.HighlightElements/input_field_index'

2020-05-27 16:26:29 - [TEST_STEP][PASSED] - for ([i = 1, i <= NoOfVal, (i++)]): Keys 'DOWN + ' sent to object: 'Object Repository/Objects.HighlightElements/input_field_index'

2020-05-27 16:26:29 - [TEST_STEP][PASSED] - sendKeys(NewInputNmField, Keys.chord(ARROW_DOWN)): Keys 'DOWN + ' sent to object: 'Object Repository/Objects.HighlightElements/input_field_index'

2020-05-27 16:26:30 - [MESSAGE][PASSED] - Keys 'DOWN + ' sent to object: 'Object Repository/Objects.HighlightElements/input_field_index'

2020-05-27 16:26:30 - [TEST_STEP][PASSED] - delay(DelayTime): Delayed 0 second(s)

2020-05-27 16:26:30 - [MESSAGE][PASSED] - Delayed 0 second(s)

2020-05-27 16:26:30 - [TEST_STEP][PASSED] - sendKeys(NewInputNmField, Keys.chord(ENTER)): Keys 'ENTER + ' sent to object: 'Object Repository/Objects.HighlightElements/input_field_index'

2020-05-27 16:26:30 - [MESSAGE][PASSED] - Keys 'ENTER + ' sent to object: 'Object Repository/Objects.HighlightElements/input_field_index'

2020-05-27 16:26:30 - [TEST_STEP][PASSED] - ComboBoxValue = getAttribute(NewInputNmField, "value"): Attribute 'value' of object 'Object Repository/Objects.HighlightElements/input_field_index' is: 'Calendar Day(s)'

2020-05-27 16:26:31 - [MESSAGE][PASSED] - Attribute 'value' of object 'Object Repository/Objects.HighlightElements/input_field_index' is: 'Calendar Day(s)'

2020-05-27 16:26:31 - [TEST_STEP][PASSED] - callTestCase(findTestCase(CallTCName), ["FindValue":ComboBoxValue, "DropdownNm":comboNm], STOP_ON_FAILURE): Call Test Case 'Test Cases/PFI Precision and Scale/PFI Components/ConstantHashMap' successfully

2020-05-27 16:26:31 - [TEST_CASE][PASSED] - Test Cases/PFI Precision and Scale/PFI Components/ConstantHashMap: Test Cases/PFI Precision and Scale/PFI Components/ConstantHashMap

2020-05-27 16:26:31 - [TEST_STEP][PASSED] - ConstantTBL = [1:["PeriodType":"Working Day(s)"], 2:["PeriodType":"Calendar Day(s)"], 3:["PeriodType":"Month(s)"], 4:["TypeOfLetter":"T1"], ... ]: null

2020-05-27 16:26:31 - [TEST_STEP][PASSED] - switch (DropdownNm): null

2020-05-27 16:26:31 - [TEST_STEP][PASSED] - case "PeriodType":: null

2020-05-27 16:26:31 - [TEST_STEP][PASSED] - ValueFound = ConstantTBL.find({ -> ... }): null

2020-05-27 16:26:31 - [TEST_STEP][PASSED] - break: null

2020-05-27 16:26:31 - [MESSAGE][PASSED] - Call Test Case 'Test Cases/PFI Precision and Scale/PFI Components/ConstantHashMap' successfully

2020-05-27 16:26:31 - [TEST_STEP][PASSED] - println(ValueFound): null

2020-05-27 16:26:31 - [TEST_STEP][PASSED] - sendKeys(NewInputNmField, Keys.chord(ARROW_DOWN)): Keys 'DOWN + ' sent to object: 'Object Repository/Objects.HighlightElements/input_field_index'

2020-05-27 16:26:31 - [MESSAGE][PASSED] - Keys 'DOWN + ' sent to object: 'Object Repository/Objects.HighlightElements/input_field_index'

2020-05-27 16:26:31 - [TEST_STEP][PASSED] - sendKeys(NewInputNmField, Keys.chord(ARROW_DOWN)): Keys 'DOWN + ' sent to object: 'Object Repository/Objects.HighlightElements/input_field_index'

2020-05-27 16:26:32 - [MESSAGE][PASSED] - Keys 'DOWN + ' sent to object: 'Object Repository/Objects.HighlightElements/input_field_index'

2020-05-27 16:26:32 - [TEST_STEP][PASSED] - delay(DelayTime): Delayed 0 second(s)

2020-05-27 16:26:32 - [MESSAGE][PASSED] - Delayed 0 second(s)

2020-05-27 16:26:32 - [TEST_STEP][PASSED] - sendKeys(NewInputNmField, Keys.chord(ENTER)): Keys 'ENTER + ' sent to object: 'Object Repository/Objects.HighlightElements/input_field_index'

2020-05-27 16:26:32 - [MESSAGE][PASSED] - Keys 'ENTER + ' sent to object: 'Object Repository/Objects.HighlightElements/input_field_index'

2020-05-27 16:26:32 - [TEST_STEP][PASSED] - ComboBoxValue = getAttribute(NewInputNmField, "value"): Attribute 'value' of object 'Object Repository/Objects.HighlightElements/input_field_index' is: 'Month(s)'

2020-05-27 16:26:33 - [MESSAGE][PASSED] - Attribute 'value' of object 'Object Repository/Objects.HighlightElements/input_field_index' is: 'Month(s)'

2020-05-27 16:26:33 - [TEST_STEP][PASSED] - callTestCase(findTestCase(CallTCName), ["FindValue":ComboBoxValue, "DropdownNm":comboNm], STOP_ON_FAILURE): Call Test Case 'Test Cases/PFI Precision and Scale/PFI Components/ConstantHashMap' successfully

2020-05-27 16:26:33 - [TEST_CASE][PASSED] - Test Cases/PFI Precision and Scale/PFI Components/ConstantHashMap: Test Cases/PFI Precision and Scale/PFI Components/ConstantHashMap

2020-05-27 16:26:33 - [TEST_STEP][PASSED] - ConstantTBL = [1:["PeriodType":"Working Day(s)"], 2:["PeriodType":"Calendar Day(s)"], 3:["PeriodType":"Month(s)"], 4:["TypeOfLetter":"T1"], ... ]: null

2020-05-27 16:26:33 - [TEST_STEP][PASSED] - switch (DropdownNm): null

2020-05-27 16:26:33 - [TEST_STEP][PASSED] - case "PeriodType":: null

2020-05-27 16:26:33 - [TEST_STEP][PASSED] - ValueFound = ConstantTBL.find({ -> ... }): null

2020-05-27 16:26:33 - [TEST_STEP][PASSED] - break: null

2020-05-27 16:26:33 - [MESSAGE][PASSED] - Call Test Case 'Test Cases/PFI Precision and Scale/PFI Components/ConstantHashMap' successfully

2020-05-27 16:26:33 - [TEST_STEP][PASSED] - println(ValueFound): null

2020-05-27 16:26:33 - [TEST_STEP][PASSED] - sendKeys(NewInputNmField, Keys.chord(ARROW_DOWN)): Keys 'DOWN + ' sent to object: 'Object Repository/Objects.HighlightElements/input_field_index'

2020-05-27 16:26:33 - [MESSAGE][PASSED] - Keys 'DOWN + ' sent to object: 'Object Repository/Objects.HighlightElements/input_field_index'

2020-05-27 16:26:33 - [TEST_STEP][PASSED] - sendKeys(NewInputNmField, Keys.chord(ENTER)): Keys 'ENTER + ' sent to object: 'Object Repository/Objects.HighlightElements/input_field_index'

2020-05-27 16:26:33 - [MESSAGE][PASSED] - Keys 'ENTER + ' sent to object: 'Object Repository/Objects.HighlightElements/input_field_index'

2020-05-27 16:26:33 - [MESSAGE][PASSED] - Call Test Case 'Test Cases/PFI Precision and Scale/PFI Components with Indexing/VerifyDropdownValuesIndex' successfully

2020-05-27 16:26:33 - [TEST_STEP][PASSED] - callTestCase(findTestCase("Components/ClickRadioButtonII"), ["lblNm":"on", "index":6], STOP_ON_FAILURE): Call Test Case 'Test Cases/Components/ClickRadioButtonII' successfully

2020-05-27 16:26:33 - [TEST_CASE][PASSED] - Test Cases/Components/ClickRadioButtonII: Test Cases/Components/ClickRadioButtonII

2020-05-27 16:26:34 - [TEST_STEP][PASSED] - Thread.sleep(1000): null

2020-05-27 16:26:35 - [TEST_STEP][PASSED] - modifiedRadioButton = modifyObjectProperty(findTestObject("Objects.ClickRadioButton/DynamicRadioButton"), "xpath", "equals", "(//*[contains(@class,'x-form-cb-label-default') and text()='" + lblNm + "'])[" + index + "]", true): Modify property of object successfully

2020-05-27 16:26:35 - [MESSAGE][PASSED] - Modify property of object successfully

2020-05-27 16:26:35 - [TEST_STEP][PASSED] - com.reusableComponents.HighlightElement.run(modifiedRadioButton): com.reusableComponents.HighlightElement.run is PASSED

2020-05-27 16:26:35 - [MESSAGE][PASSED] - com.reusableComponents.HighlightElement.run is PASSED

2020-05-27 16:26:35 - [TEST_STEP][PASSED] - click(modifiedRadioButton): Object: 'Object Repository/Objects.ClickRadioButton/DynamicRadioButton' is clicked on

2020-05-27 16:26:38 - [MESSAGE][PASSED] - Object: 'Object Repository/Objects.ClickRadioButton/DynamicRadioButton' is clicked on

2020-05-27 16:26:38 - [MESSAGE][PASSED] - Call Test Case 'Test Cases/Components/ClickRadioButtonII' successfully

2020-05-27 16:26:38 - [TEST_STEP][PASSED] - callTestCase(findTestCase("Components/HighlightInputIndexField"), ["InputName":"expiryDate", "index":7], STOP_ON_FAILURE): Call Test Case 'Test Cases/Components/HighlightInputIndexField' successfully

2020-05-27 16:26:38 - [TEST_CASE][PASSED] - Test Cases/Components/HighlightInputIndexField: Test Cases/Components/HighlightInputIndexField

2020-05-27 16:26:38 - [TEST_STEP][PASSED] - Thread.sleep(1000): null

2020-05-27 16:26:39 - [TEST_STEP][PASSED] - modifiedInputFld = modifyObjectProperty(findTestObject("Objects.HighlightElements/input_field_index"), "xpath", "equals", "(//*[contains(@class,'x-form-text') and (@name='" + InputName + "')])[" + index + "]", true): Modify property of object successfully

2020-05-27 16:26:39 - [MESSAGE][PASSED] - Modify property of object successfully

2020-05-27 16:26:39 - [TEST_STEP][PASSED] - com.reusableComponents.HighlightElement.run(modifiedInputFld): com.reusableComponents.HighlightElement.run is PASSED

2020-05-27 16:26:40 - [MESSAGE][PASSED] - com.reusableComponents.HighlightElement.run is PASSED

2020-05-27 16:26:40 - [MESSAGE][PASSED] - Call Test Case 'Test Cases/Components/HighlightInputIndexField' successfully

2020-05-27 16:26:40 - [TEST_STEP][PASSED] - callTestCase(findTestCase("PFI Precision and Scale/PFI Components with Indexing/VerifyDefaultValueIndex"), ["FieldNm":"expiryDate", "index":7], STOP_ON_FAILURE): Call Test Case 'Test Cases/PFI Precision and Scale/PFI Components with Indexing/VerifyDefaultValueIndex' successfully

2020-05-27 16:26:40 - [TEST_CASE][PASSED] - Test Cases/PFI Precision and Scale/PFI Components with Indexing/VerifyDefaultValueIndex: Test Cases/PFI Precision and Scale/PFI Components with Indexing/VerifyDefaultValueIndex

2020-05-27 16:26:40 - [TEST_STEP][PASSED] - Thread.sleep(1000): null

2020-05-27 16:26:42 - [TEST_STEP][PASSED] - NewFieldNm = modifyObjectProperty(findTestObject("Object Repository/Objects.HighlightElements/input_field_index"), "xpath", "equals", "(//*[contains(@class,'x-form-text') and (@name='" + FieldNm + "')])[" + index + "]", true): Modify property of object successfully

2020-05-27 16:26:42 - [MESSAGE][PASSED] - Modify property of object successfully

2020-05-27 16:26:42 - [TEST_STEP][PASSED] - focus(NewFieldNm): Object: 'Object Repository/Objects.HighlightElements/input_field_index' is focused

2020-05-27 16:26:43 - [MESSAGE][PASSED] - Object: 'Object Repository/Objects.HighlightElements/input_field_index' is focused

2020-05-27 16:26:43 - [TEST_STEP][PASSED] - DefVal = getAttribute(NewFieldNm, "value", STOP_ON_FAILURE): Attribute 'value' of object 'Object Repository/Objects.HighlightElements/input_field_index' is: ''

2020-05-27 16:26:43 - [MESSAGE][PASSED] - Attribute 'value' of object 'Object Repository/Objects.HighlightElements/input_field_index' is: ''

2020-05-27 16:26:43 - [TEST_STEP][PASSED] - switch (FieldNm): null

2020-05-27 16:26:43 - [TEST_STEP][PASSED] - Default: null

2020-05-27 16:26:43 - [TEST_STEP][PASSED] - verifyMatch(DefVal, "", true): Actual text '' and expected text '' are matched  using regular expression

2020-05-27 16:26:43 - [MESSAGE][PASSED] - Actual text '' and expected text '' are matched  using regular expression

2020-05-27 16:26:43 - [TEST_STEP][PASSED] - break: null

2020-05-27 16:26:43 - [MESSAGE][PASSED] - Call Test Case 'Test Cases/PFI Precision and Scale/PFI Components with Indexing/VerifyDefaultValueIndex' successfully

2020-05-27 16:26:43 - [TEST_STEP][PASSED] - callTestCase(findTestCase("PFI Precision and Scale/PFI Components with Indexing/NumericTextboxValidationIndex"), ["nameToBeUsed":"expiryDate", "minLen":7, "index":7], STOP_ON_FAILURE): Call Test Case 'Test Cases/PFI Precision and Scale/PFI Components with Indexing/NumericTextboxValidationIndex' successfully

2020-05-27 16:26:43 - [TEST_CASE][PASSED] - Test Cases/PFI Precision and Scale/PFI Components with Indexing/NumericTextboxValidationIndex: Test Cases/PFI Precision and Scale/PFI Components with Indexing/NumericTextboxValidationIndex

2020-05-27 16:26:43 - [TEST_STEP][PASSED] - Thread.sleep(1000): null

2020-05-27 16:26:44 - [TEST_STEP][PASSED] - Numeric = "0123456789": null

2020-05-27 16:26:44 - [TEST_STEP][PASSED] - AlphaSpecialChar = z) + "`~!@#$%^&*()=_{}|\][;'":,?><"".join(): null

2020-05-27 16:26:44 - [TEST_STEP][PASSED] - RandomNumeric = RandomStringUtils.random(minLen, Numeric.toCharArray()): null

2020-05-27 16:26:44 - [TEST_STEP][PASSED] - RandomString = RandomStringUtils.random(minLen, AlphaSpecialChar): null

2020-05-27 16:26:44 - [TEST_STEP][PASSED] - regexPat = Pattern.compile("^[0-9]+$"): null

2020-05-27 16:26:44 - [TEST_STEP][PASSED] - NewInputNmField = modifyObjectProperty(findTestObject("Object Repository/Objects.HighlightElements/input_field_index"), "xpath", "equals", "(//*[contains(@class,'x-form-text') and (@name='" + nameToBeUsed + "')])[" + index + "]", true): Modify property of object successfully

2020-05-27 16:26:44 - [MESSAGE][PASSED] - Modify property of object successfully

2020-05-27 16:26:44 - [TEST_STEP][PASSED] - focus(NewInputNmField): Object: 'Object Repository/Objects.HighlightElements/input_field_index' is focused

2020-05-27 16:26:44 - [MESSAGE][PASSED] - Object: 'Object Repository/Objects.HighlightElements/input_field_index' is focused

2020-05-27 16:26:44 - [TEST_STEP][PASSED] - setText(NewInputNmField, RandomString): Text '$y:u='#' is set on object 'Object Repository/Objects.HighlightElements/input_field_index'

2020-05-27 16:26:44 - [MESSAGE][PASSED] - Text '$y:u='#' is set on object 'Object Repository/Objects.HighlightElements/input_field_index'

2020-05-27 16:26:44 - [TEST_STEP][PASSED] - GetInputVal = getAttribute(NewInputNmField, "value"): Attribute 'value' of object 'Object Repository/Objects.HighlightElements/input_field_index' is: ''

2020-05-27 16:26:45 - [MESSAGE][PASSED] - Attribute 'value' of object 'Object Repository/Objects.HighlightElements/input_field_index' is: ''

2020-05-27 16:26:45 - [TEST_STEP][PASSED] - if (GetInputVal.contains("e")): null

2020-05-27 16:26:45 - [TEST_STEP][PASSED] - else: Actual text '' and expected text '' are matched  using regular expression

2020-05-27 16:26:45 - [TEST_STEP][PASSED] - verifyMatch(GetInputVal, "", true): Actual text '' and expected text '' are matched  using regular expression

2020-05-27 16:26:45 - [MESSAGE][PASSED] - Actual text '' and expected text '' are matched  using regular expression

2020-05-27 16:26:45 - [TEST_STEP][PASSED] - setText(NewInputNmField, RandomNumeric): Text '9492191' is set on object 'Object Repository/Objects.HighlightElements/input_field_index'

2020-05-27 16:26:45 - [MESSAGE][PASSED] - Text '9492191' is set on object 'Object Repository/Objects.HighlightElements/input_field_index'

2020-05-27 16:26:45 - [TEST_STEP][PASSED] - GetEnteredIntegers = getAttribute(NewInputNmField, "value"): Attribute 'value' of object 'Object Repository/Objects.HighlightElements/input_field_index' is: '9492191'

2020-05-27 16:26:46 - [MESSAGE][PASSED] - Attribute 'value' of object 'Object Repository/Objects.HighlightElements/input_field_index' is: '9492191'

2020-05-27 16:26:46 - [TEST_STEP][PASSED] - matchStr = regexPat.matcher(GetEnteredIntegers): null

2020-05-27 16:26:46 - [TEST_STEP][PASSED] - if (matchStr.matches() == true): Accepting Numeric

2020-05-27 16:26:46 - [TEST_STEP][PASSED] - comment("Accepting Numeric"): Accepting Numeric

2020-05-27 16:26:46 - [MESSAGE][INFO] - Accepting Numeric

2020-05-27 16:26:46 - [MESSAGE][PASSED] - Call Test Case 'Test Cases/PFI Precision and Scale/PFI Components with Indexing/NumericTextboxValidationIndex' successfully

2020-05-27 16:26:46 - [TEST_STEP][PASSED] - callTestCase(findTestCase("PFI Precision and Scale/PFI Components with Indexing/InvalidDateErrorValidationIndex"), ["FldNm":"expiryDate", "index":7], STOP_ON_FAILURE): Call Test Case 'Test Cases/PFI Precision and Scale/PFI Components with Indexing/InvalidDateErrorValidationIndex' successfully

2020-05-27 16:26:46 - [TEST_CASE][PASSED] - Test Cases/PFI Precision and Scale/PFI Components with Indexing/InvalidDateErrorValidationIndex: Test Cases/PFI Precision and Scale/PFI Components with Indexing/InvalidDateErrorValidationIndex

2020-05-27 16:26:46 - [TEST_STEP][PASSED] - Thread.sleep(1000): null

2020-05-27 16:26:47 - [TEST_STEP][PASSED] - DateFieldNm = modifyObjectProperty(findTestObject("Object Repository/Objects.HighlightElements/input_field_index"), "xpath", "equals", "(//*[contains(@class,'x-form-text') and (@name='" + FldNm + "')])[" + index + "]", true): Modify property of object successfully

2020-05-27 16:26:47 - [MESSAGE][PASSED] - Modify property of object successfully

2020-05-27 16:26:47 - [TEST_STEP][PASSED] - focus(DateFieldNm): Object: 'Object Repository/Objects.HighlightElements/input_field_index' is focused

2020-05-27 16:26:48 - [MESSAGE][PASSED] - Object: 'Object Repository/Objects.HighlightElements/input_field_index' is focused

2020-05-27 16:26:48 - [TEST_STEP][PASSED] - getInputInvalidDate = getAttribute(DateFieldNm, "value"): Attribute 'value' of object 'Object Repository/Objects.HighlightElements/input_field_index' is: '9492191'

2020-05-27 16:26:48 - [MESSAGE][PASSED] - Attribute 'value' of object 'Object Repository/Objects.HighlightElements/input_field_index' is: '9492191'

2020-05-27 16:26:48 - [TEST_STEP][PASSED] - mouseOver(DateFieldNm): Object: 'Object Repository/Objects.HighlightElements/input_field_index' is hovered

2020-05-27 16:26:48 - [MESSAGE][PASSED] - Object: 'Object Repository/Objects.HighlightElements/input_field_index' is hovered

2020-05-27 16:26:48 - [TEST_STEP][PASSED] - getErrMsg = getAttribute(DateFieldNm, "data-errorqtip"): Attribute 'data-errorqtip' of object 'Object Repository/Objects.HighlightElements/input_field_index' is: '<ul class="x-list-plain"><li>9492191 is not a valid date - it must be in the format d/m/Y</li></ul>'

2020-05-27 16:26:48 - [MESSAGE][PASSED] - Attribute 'data-errorqtip' of object 'Object Repository/Objects.HighlightElements/input_field_index' is: '<ul class="x-list-plain"><li>9492191 is not a valid date - it must be in the format d/m/Y</li></ul>'

2020-05-27 16:26:48 - [TEST_STEP][PASSED] - getTotalLength = getErrMsg.length(): null

2020-05-27 16:26:48 - [TEST_STEP][PASSED] - RemoveULClass = getErrMsg.substring(29, getTotalLength): null

2020-05-27 16:26:48 - [TEST_STEP][PASSED] - LengthNoUlClass = RemoveULClass.length() - 10: null

2020-05-27 16:26:48 - [TEST_STEP][PASSED] - ToolTipInvErrMsg = RemoveULClass.substring(0, LengthNoUlClass): null

2020-05-27 16:26:48 - [TEST_STEP][PASSED] - ExpectedInvalidErrMsg = concatenate(getInputInvalidDate, " ", NotValidDt): Concatenated string array: '['9492191',' ','is not a valid date - it must be in the format d/m/Y']' into '9492191 is not a valid date - it must be in the format d/m/Y'

2020-05-27 16:26:48 - [MESSAGE][PASSED] - Concatenated string array: '['9492191',' ','is not a valid date - it must be in the format d/m/Y']' into '9492191 is not a valid date - it must be in the format d/m/Y'

2020-05-27 16:26:48 - [TEST_STEP][PASSED] - verifyMatch(ToolTipInvErrMsg, ExpectedInvalidErrMsg, true): Actual text '9492191 is not a valid date - it must be in the format d/m/Y' and expected text '9492191 is not a valid date - it must be in the format d/m/Y' are matched  using regular expression

2020-05-27 16:26:48 - [MESSAGE][PASSED] - Actual text '9492191 is not a valid date - it must be in the format d/m/Y' and expected text '9492191 is not a valid date - it must be in the format d/m/Y' are matched  using regular expression

2020-05-27 16:26:48 - [MESSAGE][PASSED] - Call Test Case 'Test Cases/PFI Precision and Scale/PFI Components with Indexing/InvalidDateErrorValidationIndex' successfully

2020-05-27 16:26:48 - [TEST_STEP][PASSED] - callTestCase(findTestCase("PFI Precision and Scale/PFI Components with Indexing/SelectDayInDatePickerWithIndexII"), ["FldNm":"expiryDate", "SelectCurrentDay":20, "index":1, "idx":7], STOP_ON_FAILURE): Call Test Case 'Test Cases/PFI Precision and Scale/PFI Components with Indexing/SelectDayInDatePickerWithIndexII' successfully

2020-05-27 16:26:48 - [TEST_CASE][PASSED] - Test Cases/PFI Precision and Scale/PFI Components with Indexing/SelectDayInDatePickerWithIndexII: Test Cases/PFI Precision and Scale/PFI Components with Indexing/SelectDayInDatePickerWithIndexII

2020-05-27 16:26:49 - [TEST_STEP][PASSED] - Thread.sleep(1000): null

2020-05-27 16:26:50 - [TEST_STEP][PASSED] - DateInputFld = modifyObjectProperty(findTestObject("Objects.HighlightElements/input_field_index"), "xpath", "equals", "(//*[contains(@class,'x-form-text') and (@name='" + FldNm + "')])[" + idx + "]", true): Modify property of object successfully

2020-05-27 16:26:50 - [MESSAGE][PASSED] - Modify property of object successfully

2020-05-27 16:26:50 - [TEST_STEP][PASSED] - ModifyDay = modifyObjectProperty(findTestObject("Objects.DateValidation/Page_ISPS2/Select_Day_Index"), "xpath", "equals", "(//*[contains(@class, 'x-datepicker-date') and (text() = '" + SelectCurrentDay + "')])[" + index + "]", true): Modify property of object successfully

2020-05-27 16:26:50 - [MESSAGE][PASSED] - Modify property of object successfully

2020-05-27 16:26:50 - [TEST_STEP][PASSED] - sendKeys(DateInputFld, Keys.chord(ARROW_DOWN)): Keys 'DOWN + ' sent to object: 'Object Repository/Objects.HighlightElements/input_field_index'

2020-05-27 16:26:50 - [MESSAGE][PASSED] - Keys 'DOWN + ' sent to object: 'Object Repository/Objects.HighlightElements/input_field_index'

2020-05-27 16:26:50 - [TEST_STEP][PASSED] - com.reusableComponents.HighlightElement.run(ModifyDay): com.reusableComponents.HighlightElement.run is PASSED

2020-05-27 16:26:51 - [MESSAGE][PASSED] - com.reusableComponents.HighlightElement.run is PASSED

2020-05-27 16:26:51 - [TEST_STEP][PASSED] - delay(1): Delayed 1 second(s)

2020-05-27 16:26:52 - [MESSAGE][PASSED] - Delayed 1 second(s)

2020-05-27 16:26:52 - [TEST_STEP][PASSED] - click(ModifyDay): Object: 'Object Repository/Objects.DateValidation/Page_ISPS2/Select_Day_Index' is clicked on

2020-05-27 16:26:52 - [MESSAGE][PASSED] - Object: 'Object Repository/Objects.DateValidation/Page_ISPS2/Select_Day_Index' is clicked on

2020-05-27 16:26:52 - [MESSAGE][PASSED] - Call Test Case 'Test Cases/PFI Precision and Scale/PFI Components with Indexing/SelectDayInDatePickerWithIndexII' successfully

2020-05-27 16:26:52 - [TEST_STEP][PASSED] - callTestCase(findTestCase("PFI Precision and Scale/PFI Components with Indexing/SelectTodayInDatePickerIndex"), ["FldNm":"expiryDate", "index":1, "idx":7], STOP_ON_FAILURE): Call Test Case 'Test Cases/PFI Precision and Scale/PFI Components with Indexing/SelectTodayInDatePickerIndex' successfully

2020-05-27 16:26:52 - [TEST_CASE][PASSED] - Test Cases/PFI Precision and Scale/PFI Components with Indexing/SelectTodayInDatePickerIndex: Test Cases/PFI Precision and Scale/PFI Components with Indexing/SelectTodayInDatePickerIndex

2020-05-27 16:26:53 - [TEST_STEP][PASSED] - Thread.sleep(1000): null

2020-05-27 16:26:54 - [TEST_STEP][PASSED] - DateFieldNm = modifyObjectProperty(findTestObject("Objects.HighlightElements/input_field_index"), "xpath", "equals", "(//*[contains(@class,'x-form-text') and (@name='" + FldNm + "')])[" + idx + "]", true): Modify property of object successfully

2020-05-27 16:26:54 - [MESSAGE][PASSED] - Modify property of object successfully

2020-05-27 16:26:54 - [TEST_STEP][PASSED] - TodayBtn = modifyObjectProperty(findTestObject("Object Repository/Objects.DateValidation/Page_ISPS2/a_Today"), "xpath", "equals", "(//*[text() = 'Today'])[" + index + "]", true): Modify property of object successfully

2020-05-27 16:26:54 - [MESSAGE][PASSED] - Modify property of object successfully

2020-05-27 16:26:54 - [TEST_STEP][PASSED] - sendKeys(DateFieldNm, Keys.chord(ARROW_DOWN)): Keys 'DOWN + ' sent to object: 'Object Repository/Objects.HighlightElements/input_field_index'

2020-05-27 16:26:54 - [MESSAGE][PASSED] - Keys 'DOWN + ' sent to object: 'Object Repository/Objects.HighlightElements/input_field_index'

2020-05-27 16:26:54 - [TEST_STEP][PASSED] - com.reusableComponents.HighlightElement.run(TodayBtn): com.reusableComponents.HighlightElement.run is PASSED

2020-05-27 16:26:55 - [MESSAGE][PASSED] - com.reusableComponents.HighlightElement.run is PASSED

2020-05-27 16:26:55 - [TEST_STEP][PASSED] - click(TodayBtn): Object: 'Object Repository/Objects.DateValidation/Page_ISPS2/a_Today' is clicked on

2020-05-27 16:26:55 - [MESSAGE][PASSED] - Object: 'Object Repository/Objects.DateValidation/Page_ISPS2/a_Today' is clicked on

2020-05-27 16:26:55 - [MESSAGE][PASSED] - Call Test Case 'Test Cases/PFI Precision and Scale/PFI Components with Indexing/SelectTodayInDatePickerIndex' successfully

2020-05-27 16:26:55 - [TEST_STEP][PASSED] - callTestCase(findTestCase("Components/HighlightLabelIndexField"), ["LblName":"KIV Case Due Date:", "index":3], STOP_ON_FAILURE): Call Test Case 'Test Cases/Components/HighlightLabelIndexField' successfully

2020-05-27 16:26:56 - [TEST_CASE][PASSED] - Test Cases/Components/HighlightLabelIndexField: Test Cases/Components/HighlightLabelIndexField

2020-05-27 16:26:56 - [TEST_STEP][PASSED] - Thread.sleep(1000): null

2020-05-27 16:26:57 - [TEST_STEP][PASSED] - modifiedLblNm = modifyObjectProperty(findTestObject("Object Repository/Objects.HighlightElements/lblField_index"), "xpath", "equals", "(//*[contains(@class,'x-form-item-label-inner') and (text()='" + LblName + "')])[" + index + "]", true): Modify property of object successfully

2020-05-27 16:26:57 - [MESSAGE][PASSED] - Modify property of object successfully

2020-05-27 16:26:57 - [TEST_STEP][PASSED] - com.reusableComponents.HighlightElement.run(modifiedLblNm): com.reusableComponents.HighlightElement.run is PASSED

2020-05-27 16:26:57 - [MESSAGE][PASSED] - com.reusableComponents.HighlightElement.run is PASSED

2020-05-27 16:26:57 - [MESSAGE][PASSED] - Call Test Case 'Test Cases/Components/HighlightLabelIndexField' successfully

2020-05-27 16:26:57 - [TEST_STEP][PASSED] - callTestCase(findTestCase("Components/HighlightInputIndexField"), ["InputName":"kivDueDate", "index":3], STOP_ON_FAILURE): Call Test Case 'Test Cases/Components/HighlightInputIndexField' successfully

2020-05-27 16:26:57 - [TEST_CASE][PASSED] - Test Cases/Components/HighlightInputIndexField: Test Cases/Components/HighlightInputIndexField

2020-05-27 16:26:57 - [TEST_STEP][PASSED] - Thread.sleep(1000): null

2020-05-27 16:26:58 - [TEST_STEP][PASSED] - modifiedInputFld = modifyObjectProperty(findTestObject("Objects.HighlightElements/input_field_index"), "xpath", "equals", "(//*[contains(@class,'x-form-text') and (@name='" + InputName + "')])[" + index + "]", true): Modify property of object successfully

2020-05-27 16:26:58 - [MESSAGE][PASSED] - Modify property of object successfully

2020-05-27 16:26:58 - [TEST_STEP][PASSED] - com.reusableComponents.HighlightElement.run(modifiedInputFld): com.reusableComponents.HighlightElement.run is PASSED

2020-05-27 16:26:59 - [MESSAGE][PASSED] - com.reusableComponents.HighlightElement.run is PASSED

2020-05-27 16:26:59 - [MESSAGE][PASSED] - Call Test Case 'Test Cases/Components/HighlightInputIndexField' successfully

2020-05-27 16:26:59 - [TEST_STEP][PASSED] - callTestCase(findTestCase("Components/SelectAllThenDeleteIndex"), ["nameToBeUsed":"kivDueDate", "index":3], STOP_ON_FAILURE): Call Test Case 'Test Cases/Components/SelectAllThenDeleteIndex' successfully

2020-05-27 16:26:59 - [TEST_CASE][PASSED] - Test Cases/Components/SelectAllThenDeleteIndex: Test Cases/Components/SelectAllThenDeleteIndex

2020-05-27 16:26:59 - [TEST_STEP][PASSED] - Thread.sleep(1000): null

2020-05-27 16:27:00 - [TEST_STEP][PASSED] - modifiedObj = modifyObjectProperty(findTestObject("Object Repository/Objects.HighlightElements/input_field_index"), "xpath", "equals", "(//*[contains(@class,'x-form-text') and (@name='" + nameToBeUsed + "')])[" + index + "]", true): Modify property of object successfully

2020-05-27 16:27:00 - [MESSAGE][PASSED] - Modify property of object successfully

2020-05-27 16:27:00 - [TEST_STEP][PASSED] - focus(modifiedObj): Object: 'Object Repository/Objects.HighlightElements/input_field_index' is focused

2020-05-27 16:27:01 - [MESSAGE][PASSED] - Object: 'Object Repository/Objects.HighlightElements/input_field_index' is focused

2020-05-27 16:27:01 - [TEST_STEP][PASSED] - sendKeys(modifiedObj, Keys.chord(CONTROL, "a")): Keys 'CONTROL + a' sent to object: 'Object Repository/Objects.HighlightElements/input_field_index'

2020-05-27 16:27:01 - [MESSAGE][PASSED] - Keys 'CONTROL + a' sent to object: 'Object Repository/Objects.HighlightElements/input_field_index'

2020-05-27 16:27:01 - [TEST_STEP][PASSED] - sendKeys(modifiedObj, Keys.chord(DELETE)): Keys 'DELETE + ' sent to object: 'Object Repository/Objects.HighlightElements/input_field_index'

2020-05-27 16:27:01 - [MESSAGE][PASSED] - Keys 'DELETE + ' sent to object: 'Object Repository/Objects.HighlightElements/input_field_index'

2020-05-27 16:27:01 - [MESSAGE][PASSED] - Call Test Case 'Test Cases/Components/SelectAllThenDeleteIndex' successfully

2020-05-27 16:27:01 - [TEST_STEP][PASSED] - callTestCase(findTestCase("PFI Precision and Scale/PFI Components with Indexing/NumericTextboxValidationIndex"), ["nameToBeUsed":"kivDueDate", "minLen":8, "index":3], STOP_ON_FAILURE): Call Test Case 'Test Cases/PFI Precision and Scale/PFI Components with Indexing/NumericTextboxValidationIndex' successfully

2020-05-27 16:27:01 - [TEST_CASE][PASSED] - Test Cases/PFI Precision and Scale/PFI Components with Indexing/NumericTextboxValidationIndex: Test Cases/PFI Precision and Scale/PFI Components with Indexing/NumericTextboxValidationIndex

2020-05-27 16:27:01 - [TEST_STEP][PASSED] - Thread.sleep(1000): null

2020-05-27 16:27:02 - [TEST_STEP][PASSED] - Numeric = "0123456789": null

2020-05-27 16:27:02 - [TEST_STEP][PASSED] - AlphaSpecialChar = z) + "`~!@#$%^&*()=_{}|\][;'":,?><"".join(): null

2020-05-27 16:27:02 - [TEST_STEP][PASSED] - RandomNumeric = RandomStringUtils.random(minLen, Numeric.toCharArray()): null

2020-05-27 16:27:02 - [TEST_STEP][PASSED] - RandomString = RandomStringUtils.random(minLen, AlphaSpecialChar): null

2020-05-27 16:27:02 - [TEST_STEP][PASSED] - regexPat = Pattern.compile("^[0-9]+$"): null

2020-05-27 16:27:02 - [TEST_STEP][PASSED] - NewInputNmField = modifyObjectProperty(findTestObject("Object Repository/Objects.HighlightElements/input_field_index"), "xpath", "equals", "(//*[contains(@class,'x-form-text') and (@name='" + nameToBeUsed + "')])[" + index + "]", true): Modify property of object successfully

2020-05-27 16:27:02 - [MESSAGE][PASSED] - Modify property of object successfully

2020-05-27 16:27:02 - [TEST_STEP][PASSED] - focus(NewInputNmField): Object: 'Object Repository/Objects.HighlightElements/input_field_index' is focused

2020-05-27 16:27:03 - [MESSAGE][PASSED] - Object: 'Object Repository/Objects.HighlightElements/input_field_index' is focused

2020-05-27 16:27:03 - [TEST_STEP][PASSED] - setText(NewInputNmField, RandomString): Text 'JlseXH_t' is set on object 'Object Repository/Objects.HighlightElements/input_field_index'

2020-05-27 16:27:03 - [MESSAGE][PASSED] - Text 'JlseXH_t' is set on object 'Object Repository/Objects.HighlightElements/input_field_index'

2020-05-27 16:27:03 - [TEST_STEP][PASSED] - GetInputVal = getAttribute(NewInputNmField, "value"): Attribute 'value' of object 'Object Repository/Objects.HighlightElements/input_field_index' is: ''

2020-05-27 16:27:03 - [MESSAGE][PASSED] - Attribute 'value' of object 'Object Repository/Objects.HighlightElements/input_field_index' is: ''

2020-05-27 16:27:03 - [TEST_STEP][PASSED] - if (GetInputVal.contains("e")): null

2020-05-27 16:27:03 - [TEST_STEP][PASSED] - else: Actual text '' and expected text '' are matched  using regular expression

2020-05-27 16:27:03 - [TEST_STEP][PASSED] - verifyMatch(GetInputVal, "", true): Actual text '' and expected text '' are matched  using regular expression

2020-05-27 16:27:03 - [MESSAGE][PASSED] - Actual text '' and expected text '' are matched  using regular expression

2020-05-27 16:27:03 - [TEST_STEP][PASSED] - setText(NewInputNmField, RandomNumeric): Text '92122091' is set on object 'Object Repository/Objects.HighlightElements/input_field_index'

2020-05-27 16:27:04 - [MESSAGE][PASSED] - Text '92122091' is set on object 'Object Repository/Objects.HighlightElements/input_field_index'

2020-05-27 16:27:04 - [TEST_STEP][PASSED] - GetEnteredIntegers = getAttribute(NewInputNmField, "value"): Attribute 'value' of object 'Object Repository/Objects.HighlightElements/input_field_index' is: '92122091'

2020-05-27 16:27:04 - [MESSAGE][PASSED] - Attribute 'value' of object 'Object Repository/Objects.HighlightElements/input_field_index' is: '92122091'

2020-05-27 16:27:04 - [TEST_STEP][PASSED] - matchStr = regexPat.matcher(GetEnteredIntegers): null

2020-05-27 16:27:04 - [TEST_STEP][PASSED] - if (matchStr.matches() == true): Accepting Numeric

2020-05-27 16:27:04 - [TEST_STEP][PASSED] - comment("Accepting Numeric"): Accepting Numeric

2020-05-27 16:27:04 - [MESSAGE][INFO] - Accepting Numeric

2020-05-27 16:27:04 - [MESSAGE][PASSED] - Call Test Case 'Test Cases/PFI Precision and Scale/PFI Components with Indexing/NumericTextboxValidationIndex' successfully

2020-05-27 16:27:04 - [TEST_STEP][PASSED] - callTestCase(findTestCase("PFI Precision and Scale/PFI Components with Indexing/InvalidDateErrorValidationIndex"), ["FldNm":"kivDueDate", "index":3], STOP_ON_FAILURE): Call Test Case 'Test Cases/PFI Precision and Scale/PFI Components with Indexing/InvalidDateErrorValidationIndex' successfully

2020-05-27 16:27:04 - [TEST_CASE][PASSED] - Test Cases/PFI Precision and Scale/PFI Components with Indexing/InvalidDateErrorValidationIndex: Test Cases/PFI Precision and Scale/PFI Components with Indexing/InvalidDateErrorValidationIndex

2020-05-27 16:27:04 - [TEST_STEP][PASSED] - Thread.sleep(1000): null

2020-05-27 16:27:05 - [TEST_STEP][PASSED] - DateFieldNm = modifyObjectProperty(findTestObject("Object Repository/Objects.HighlightElements/input_field_index"), "xpath", "equals", "(//*[contains(@class,'x-form-text') and (@name='" + FldNm + "')])[" + index + "]", true): Modify property of object successfully

2020-05-27 16:27:05 - [MESSAGE][PASSED] - Modify property of object successfully

2020-05-27 16:27:05 - [TEST_STEP][PASSED] - focus(DateFieldNm): Object: 'Object Repository/Objects.HighlightElements/input_field_index' is focused

2020-05-27 16:27:06 - [MESSAGE][PASSED] - Object: 'Object Repository/Objects.HighlightElements/input_field_index' is focused

2020-05-27 16:27:06 - [TEST_STEP][PASSED] - getInputInvalidDate = getAttribute(DateFieldNm, "value"): Attribute 'value' of object 'Object Repository/Objects.HighlightElements/input_field_index' is: '92122091'

2020-05-27 16:27:06 - [MESSAGE][PASSED] - Attribute 'value' of object 'Object Repository/Objects.HighlightElements/input_field_index' is: '92122091'

2020-05-27 16:27:06 - [TEST_STEP][PASSED] - mouseOver(DateFieldNm): Object: 'Object Repository/Objects.HighlightElements/input_field_index' is hovered

2020-05-27 16:27:06 - [MESSAGE][PASSED] - Object: 'Object Repository/Objects.HighlightElements/input_field_index' is hovered

2020-05-27 16:27:06 - [TEST_STEP][PASSED] - getErrMsg = getAttribute(DateFieldNm, "data-errorqtip"): Attribute 'data-errorqtip' of object 'Object Repository/Objects.HighlightElements/input_field_index' is: '<ul class="x-list-plain"><li>92122091 is not a valid date - it must be in the format d/m/Y</li></ul>'

2020-05-27 16:27:07 - [MESSAGE][PASSED] - Attribute 'data-errorqtip' of object 'Object Repository/Objects.HighlightElements/input_field_index' is: '<ul class="x-list-plain"><li>92122091 is not a valid date - it must be in the format d/m/Y</li></ul>'

2020-05-27 16:27:07 - [TEST_STEP][PASSED] - getTotalLength = getErrMsg.length(): null

2020-05-27 16:27:07 - [TEST_STEP][PASSED] - RemoveULClass = getErrMsg.substring(29, getTotalLength): null

2020-05-27 16:27:07 - [TEST_STEP][PASSED] - LengthNoUlClass = RemoveULClass.length() - 10: null

2020-05-27 16:27:07 - [TEST_STEP][PASSED] - ToolTipInvErrMsg = RemoveULClass.substring(0, LengthNoUlClass): null

2020-05-27 16:27:07 - [TEST_STEP][PASSED] - ExpectedInvalidErrMsg = concatenate(getInputInvalidDate, " ", NotValidDt): Concatenated string array: '['92122091',' ','is not a valid date - it must be in the format d/m/Y']' into '92122091 is not a valid date - it must be in the format d/m/Y'

2020-05-27 16:27:07 - [MESSAGE][PASSED] - Concatenated string array: '['92122091',' ','is not a valid date - it must be in the format d/m/Y']' into '92122091 is not a valid date - it must be in the format d/m/Y'

2020-05-27 16:27:07 - [TEST_STEP][PASSED] - verifyMatch(ToolTipInvErrMsg, ExpectedInvalidErrMsg, true): Actual text '92122091 is not a valid date - it must be in the format d/m/Y' and expected text '92122091 is not a valid date - it must be in the format d/m/Y' are matched  using regular expression

2020-05-27 16:27:07 - [MESSAGE][PASSED] - Actual text '92122091 is not a valid date - it must be in the format d/m/Y' and expected text '92122091 is not a valid date - it must be in the format d/m/Y' are matched  using regular expression

2020-05-27 16:27:07 - [MESSAGE][PASSED] - Call Test Case 'Test Cases/PFI Precision and Scale/PFI Components with Indexing/InvalidDateErrorValidationIndex' successfully

2020-05-27 16:27:07 - [TEST_STEP][PASSED] - callTestCase(findTestCase("Test Cases/PFI Precision and Scale/PFI Components with Indexing/SelectDayInDatePickerWithIndexII"), ["FldNm":"kivDueDate", "SelectCurrentDay":"6", "index":3, "idx":3], STOP_ON_FAILURE): Call Test Case 'Test Cases/PFI Precision and Scale/PFI Components with Indexing/SelectDayInDatePickerWithIndexII' successfully

2020-05-27 16:27:07 - [TEST_CASE][PASSED] - Test Cases/PFI Precision and Scale/PFI Components with Indexing/SelectDayInDatePickerWithIndexII: Test Cases/PFI Precision and Scale/PFI Components with Indexing/SelectDayInDatePickerWithIndexII

2020-05-27 16:27:07 - [TEST_STEP][PASSED] - Thread.sleep(1000): null

2020-05-27 16:27:08 - [TEST_STEP][PASSED] - DateInputFld = modifyObjectProperty(findTestObject("Objects.HighlightElements/input_field_index"), "xpath", "equals", "(//*[contains(@class,'x-form-text') and (@name='" + FldNm + "')])[" + idx + "]", true): Modify property of object successfully

2020-05-27 16:27:08 - [MESSAGE][PASSED] - Modify property of object successfully

2020-05-27 16:27:08 - [TEST_STEP][PASSED] - ModifyDay = modifyObjectProperty(findTestObject("Objects.DateValidation/Page_ISPS2/Select_Day_Index"), "xpath", "equals", "(//*[contains(@class, 'x-datepicker-date') and (text() = '" + SelectCurrentDay + "')])[" + index + "]", true): Modify property of object successfully

2020-05-27 16:27:08 - [MESSAGE][PASSED] - Modify property of object successfully

2020-05-27 16:27:08 - [TEST_STEP][PASSED] - sendKeys(DateInputFld, Keys.chord(ARROW_DOWN)): Keys 'DOWN + ' sent to object: 'Object Repository/Objects.HighlightElements/input_field_index'

2020-05-27 16:27:08 - [MESSAGE][PASSED] - Keys 'DOWN + ' sent to object: 'Object Repository/Objects.HighlightElements/input_field_index'

2020-05-27 16:27:08 - [TEST_STEP][PASSED] - com.reusableComponents.HighlightElement.run(ModifyDay): com.reusableComponents.HighlightElement.run is PASSED

2020-05-27 16:27:09 - [MESSAGE][PASSED] - com.reusableComponents.HighlightElement.run is PASSED

2020-05-27 16:27:09 - [TEST_STEP][PASSED] - delay(1): Delayed 1 second(s)

2020-05-27 16:27:10 - [MESSAGE][PASSED] - Delayed 1 second(s)

2020-05-27 16:27:10 - [TEST_STEP][PASSED] - click(ModifyDay): Object: 'Object Repository/Objects.DateValidation/Page_ISPS2/Select_Day_Index' is clicked on

2020-05-27 16:27:11 - [MESSAGE][PASSED] - Object: 'Object Repository/Objects.DateValidation/Page_ISPS2/Select_Day_Index' is clicked on

2020-05-27 16:27:11 - [MESSAGE][PASSED] - Call Test Case 'Test Cases/PFI Precision and Scale/PFI Components with Indexing/SelectDayInDatePickerWithIndexII' successfully

2020-05-27 16:27:11 - [TEST_STEP][PASSED] - callTestCase(findTestCase("PFI Precision and Scale/PFI Components with Indexing/SelectTodayInDatePickerIndex"), ["FldNm":"kivDueDate", "index":2, "idx":3], STOP_ON_FAILURE): Call Test Case 'Test Cases/PFI Precision and Scale/PFI Components with Indexing/SelectTodayInDatePickerIndex' successfully

2020-05-27 16:27:11 - [TEST_CASE][PASSED] - Test Cases/PFI Precision and Scale/PFI Components with Indexing/SelectTodayInDatePickerIndex: Test Cases/PFI Precision and Scale/PFI Components with Indexing/SelectTodayInDatePickerIndex

2020-05-27 16:27:11 - [TEST_STEP][PASSED] - Thread.sleep(1000): null

2020-05-27 16:27:12 - [TEST_STEP][PASSED] - DateFieldNm = modifyObjectProperty(findTestObject("Objects.HighlightElements/input_field_index"), "xpath", "equals", "(//*[contains(@class,'x-form-text') and (@name='" + FldNm + "')])[" + idx + "]", true): Modify property of object successfully

2020-05-27 16:27:12 - [MESSAGE][PASSED] - Modify property of object successfully

2020-05-27 16:27:12 - [TEST_STEP][PASSED] - TodayBtn = modifyObjectProperty(findTestObject("Object Repository/Objects.DateValidation/Page_ISPS2/a_Today"), "xpath", "equals", "(//*[text() = 'Today'])[" + index + "]", true): Modify property of object successfully

2020-05-27 16:27:12 - [MESSAGE][PASSED] - Modify property of object successfully

2020-05-27 16:27:12 - [TEST_STEP][PASSED] - sendKeys(DateFieldNm, Keys.chord(ARROW_DOWN)): Keys 'DOWN + ' sent to object: 'Object Repository/Objects.HighlightElements/input_field_index'

2020-05-27 16:27:13 - [MESSAGE][PASSED] - Keys 'DOWN + ' sent to object: 'Object Repository/Objects.HighlightElements/input_field_index'

2020-05-27 16:27:13 - [TEST_STEP][PASSED] - com.reusableComponents.HighlightElement.run(TodayBtn): com.reusableComponents.HighlightElement.run is PASSED

2020-05-27 16:27:14 - [MESSAGE][PASSED] - com.reusableComponents.HighlightElement.run is PASSED

2020-05-27 16:27:14 - [TEST_STEP][PASSED] - click(TodayBtn): Object: 'Object Repository/Objects.DateValidation/Page_ISPS2/a_Today' is clicked on

2020-05-27 16:27:14 - [MESSAGE][PASSED] - Object: 'Object Repository/Objects.DateValidation/Page_ISPS2/a_Today' is clicked on

2020-05-27 16:27:14 - [MESSAGE][PASSED] - Call Test Case 'Test Cases/PFI Precision and Scale/PFI Components with Indexing/SelectTodayInDatePickerIndex' successfully

2020-05-27 16:27:14 - [TEST_STEP][PASSED] - callTestCase(findTestCase("Components/HighlightLabelIndexField"), ["LblName":"File Name:", "index":3], STOP_ON_FAILURE): Call Test Case 'Test Cases/Components/HighlightLabelIndexField' successfully

2020-05-27 16:27:14 - [TEST_CASE][PASSED] - Test Cases/Components/HighlightLabelIndexField: Test Cases/Components/HighlightLabelIndexField

2020-05-27 16:27:14 - [TEST_STEP][PASSED] - Thread.sleep(1000): null

2020-05-27 16:27:15 - [TEST_STEP][PASSED] - modifiedLblNm = modifyObjectProperty(findTestObject("Object Repository/Objects.HighlightElements/lblField_index"), "xpath", "equals", "(//*[contains(@class,'x-form-item-label-inner') and (text()='" + LblName + "')])[" + index + "]", true): Modify property of object successfully

2020-05-27 16:27:15 - [MESSAGE][PASSED] - Modify property of object successfully

2020-05-27 16:27:15 - [TEST_STEP][PASSED] - com.reusableComponents.HighlightElement.run(modifiedLblNm): com.reusableComponents.HighlightElement.run is PASSED

2020-05-27 16:27:16 - [MESSAGE][PASSED] - com.reusableComponents.HighlightElement.run is PASSED

2020-05-27 16:27:16 - [MESSAGE][PASSED] - Call Test Case 'Test Cases/Components/HighlightLabelIndexField' successfully

2020-05-27 16:27:16 - [TEST_STEP][PASSED] - callTestCase(findTestCase("Components/HighlightInputFieldXPI"), ["FldNm":"NovaComboBox", "index":16], STOP_ON_FAILURE): Call Test Case 'Test Cases/Components/HighlightInputFieldXPI' successfully

2020-05-27 16:27:16 - [TEST_CASE][PASSED] - Test Cases/Components/HighlightInputFieldXPI: Test Cases/Components/HighlightInputFieldXPI

2020-05-27 16:27:16 - [TEST_STEP][PASSED] - Thread.sleep(1000): null

2020-05-27 16:27:17 - [TEST_STEP][PASSED] - modifiedInputNm = modifyObjectProperty(findTestObject("Object Repository/Objects.HighlightElements/input_field_index"), "xpath", "equals", "(//*[contains(@name, '" + FldNm + "')])[" + index + "]", true): Modify property of object successfully

2020-05-27 16:27:17 - [MESSAGE][PASSED] - Modify property of object successfully

2020-05-27 16:27:17 - [TEST_STEP][PASSED] - com.reusableComponents.HighlightElement.run(modifiedInputNm): com.reusableComponents.HighlightElement.run is PASSED

2020-05-27 16:27:18 - [MESSAGE][PASSED] - com.reusableComponents.HighlightElement.run is PASSED

2020-05-27 16:27:18 - [MESSAGE][PASSED] - Call Test Case 'Test Cases/Components/HighlightInputFieldXPI' successfully

2020-05-27 16:27:18 - [TEST_STEP][PASSED] - callTestCase(findTestCase("PFI Precision and Scale/PFI Components with Indexing/VerifyDropdownValuesXPI"), ["FldNm":"NovaComboBox", "index":16, "CallTCName":"PFI Precision and Scale/PFI Components/PFILetterTemplate", "cmbNm":"IssueWD", ... ], STOP_ON_FAILURE): Call Test Case 'Test Cases/PFI Precision and Scale/PFI Components with Indexing/VerifyDropdownValuesXPI' successfully

2020-05-27 16:27:18 - [TEST_CASE][PASSED] - Test Cases/PFI Precision and Scale/PFI Components with Indexing/VerifyDropdownValuesXPI: Test Cases/PFI Precision and Scale/PFI Components with Indexing/VerifyDropdownValuesXPI

2020-05-27 16:27:18 - [TEST_STEP][PASSED] - Thread.sleep(1000): null

2020-05-27 16:27:19 - [TEST_STEP][PASSED] - NewInputNmField = modifyObjectProperty(findTestObject("Object Repository/Objects.HighlightElements/input_field_index"), "xpath", "equals", "(//*[contains(@name, '" + FldNm + "')])[" + index + "]", true): Modify property of object successfully

2020-05-27 16:27:19 - [MESSAGE][PASSED] - Modify property of object successfully

2020-05-27 16:27:19 - [TEST_STEP][PASSED] - comboNm = cmbNm: null

2020-05-27 16:27:19 - [TEST_STEP][PASSED] - focus(NewInputNmField): Object: 'Object Repository/Objects.HighlightElements/input_field_index' is focused

2020-05-27 16:27:19 - [MESSAGE][PASSED] - Object: 'Object Repository/Objects.HighlightElements/input_field_index' is focused

2020-05-27 16:27:19 - [TEST_STEP][PASSED] - setText(NewInputNmField, EnterValue): Text '' is set on object 'Object Repository/Objects.HighlightElements/input_field_index'

2020-05-27 16:27:20 - [MESSAGE][PASSED] - Text '' is set on object 'Object Repository/Objects.HighlightElements/input_field_index'

2020-05-27 16:27:20 - [TEST_STEP][PASSED] - for ([i = 1, i <= NoOfVal, (i++)]): Keys 'DOWN + ' sent to object: 'Object Repository/Objects.HighlightElements/input_field_index'

2020-05-27 16:27:20 - [TEST_STEP][PASSED] - sendKeys(NewInputNmField, Keys.chord(ARROW_DOWN)): Keys 'DOWN + ' sent to object: 'Object Repository/Objects.HighlightElements/input_field_index'

2020-05-27 16:27:20 - [MESSAGE][PASSED] - Keys 'DOWN + ' sent to object: 'Object Repository/Objects.HighlightElements/input_field_index'

2020-05-27 16:27:20 - [TEST_STEP][PASSED] - delay(DelayTime): Delayed 0 second(s)

2020-05-27 16:27:20 - [MESSAGE][PASSED] - Delayed 0 second(s)

2020-05-27 16:27:20 - [TEST_STEP][PASSED] - sendKeys(NewInputNmField, Keys.chord(ENTER)): Keys 'ENTER + ' sent to object: 'Object Repository/Objects.HighlightElements/input_field_index'

2020-05-27 16:27:20 - [MESSAGE][PASSED] - Keys 'ENTER + ' sent to object: 'Object Repository/Objects.HighlightElements/input_field_index'

2020-05-27 16:27:20 - [TEST_STEP][PASSED] - ComboBoxValue = getAttribute(NewInputNmField, "value"): Attribute 'value' of object 'Object Repository/Objects.HighlightElements/input_field_index' is: '[AAPSI816] SF_ESID_SISSF-D1-G Generate Govt Notice'

2020-05-27 16:27:21 - [MESSAGE][PASSED] - Attribute 'value' of object 'Object Repository/Objects.HighlightElements/input_field_index' is: '[AAPSI816] SF_ESID_SISSF-D1-G Generate Govt Notice'

2020-05-27 16:27:21 - [TEST_STEP][PASSED] - callTestCase(findTestCase(CallTCName), ["FindValue":ComboBoxValue, "DropdownNm":comboNm], STOP_ON_FAILURE): Call Test Case 'Test Cases/PFI Precision and Scale/PFI Components/PFILetterTemplate' successfully

2020-05-27 16:27:21 - [TEST_CASE][PASSED] - Test Cases/PFI Precision and Scale/PFI Components/PFILetterTemplate: Test Cases/PFI Precision and Scale/PFI Components/PFILetterTemplate

2020-05-27 16:27:21 - [TEST_STEP][PASSED] - PFILetterTemplateTBL = [1:["Reminder":"Ministry Of Health"], 2:["Reminder":"Reminder Free Format Letter"], 3:["Reminder":"Reminder 1 (SF_ESID_SIS/SL-REM1)"], ... ]: null

2020-05-27 16:27:21 - [TEST_STEP][PASSED] - switch (DropdownNm): null

2020-05-27 16:27:21 - [TEST_STEP][PASSED] - case "IssueWD":: null

2020-05-27 16:27:21 - [TEST_STEP][PASSED] - ValueFound = PFILetterTemplateTBL.find({ -> ... }): null

2020-05-27 16:27:21 - [TEST_STEP][PASSED] - break: null

2020-05-27 16:27:21 - [MESSAGE][PASSED] - Call Test Case 'Test Cases/PFI Precision and Scale/PFI Components/PFILetterTemplate' successfully

2020-05-27 16:27:21 - [TEST_STEP][PASSED] - println(ValueFound): null

2020-05-27 16:27:21 - [TEST_STEP][PASSED] - sendKeys(NewInputNmField, Keys.chord(ARROW_DOWN)): Keys 'DOWN + ' sent to object: 'Object Repository/Objects.HighlightElements/input_field_index'

2020-05-27 16:27:21 - [MESSAGE][PASSED] - Keys 'DOWN + ' sent to object: 'Object Repository/Objects.HighlightElements/input_field_index'

2020-05-27 16:27:21 - [TEST_STEP][PASSED] - sendKeys(NewInputNmField, Keys.chord(ARROW_DOWN)): Keys 'DOWN + ' sent to object: 'Object Repository/Objects.HighlightElements/input_field_index'

2020-05-27 16:27:22 - [MESSAGE][PASSED] - Keys 'DOWN + ' sent to object: 'Object Repository/Objects.HighlightElements/input_field_index'

2020-05-27 16:27:22 - [TEST_STEP][PASSED] - delay(DelayTime): Delayed 0 second(s)

2020-05-27 16:27:22 - [MESSAGE][PASSED] - Delayed 0 second(s)

2020-05-27 16:27:22 - [TEST_STEP][PASSED] - sendKeys(NewInputNmField, Keys.chord(ENTER)): Keys 'ENTER + ' sent to object: 'Object Repository/Objects.HighlightElements/input_field_index'

2020-05-27 16:27:22 - [MESSAGE][PASSED] - Keys 'ENTER + ' sent to object: 'Object Repository/Objects.HighlightElements/input_field_index'

2020-05-27 16:27:22 - [TEST_STEP][PASSED] - ComboBoxValue = getAttribute(NewInputNmField, "value"): Attribute 'value' of object 'Object Repository/Objects.HighlightElements/input_field_index' is: '[AAPSI815] D1 (Multiple Owners With Structural Plan) - Regeneration of Notice'

2020-05-27 16:27:23 - [MESSAGE][PASSED] - Attribute 'value' of object 'Object Repository/Objects.HighlightElements/input_field_index' is: '[AAPSI815] D1 (Multiple Owners With Structural Plan) - Regeneration of Notice'

2020-05-27 16:27:23 - [TEST_STEP][PASSED] - callTestCase(findTestCase(CallTCName), ["FindValue":ComboBoxValue, "DropdownNm":comboNm], STOP_ON_FAILURE): Call Test Case 'Test Cases/PFI Precision and Scale/PFI Components/PFILetterTemplate' successfully

2020-05-27 16:27:23 - [TEST_CASE][PASSED] - Test Cases/PFI Precision and Scale/PFI Components/PFILetterTemplate: Test Cases/PFI Precision and Scale/PFI Components/PFILetterTemplate

2020-05-27 16:27:23 - [TEST_STEP][PASSED] - PFILetterTemplateTBL = [1:["Reminder":"Ministry Of Health"], 2:["Reminder":"Reminder Free Format Letter"], 3:["Reminder":"Reminder 1 (SF_ESID_SIS/SL-REM1)"], ... ]: null

2020-05-27 16:27:23 - [TEST_STEP][PASSED] - switch (DropdownNm): null

2020-05-27 16:27:23 - [TEST_STEP][PASSED] - case "IssueWD":: null

2020-05-27 16:27:23 - [TEST_STEP][PASSED] - ValueFound = PFILetterTemplateTBL.find({ -> ... }): null

2020-05-27 16:27:23 - [TEST_STEP][PASSED] - break: null

2020-05-27 16:27:23 - [MESSAGE][PASSED] - Call Test Case 'Test Cases/PFI Precision and Scale/PFI Components/PFILetterTemplate' successfully

2020-05-27 16:27:23 - [TEST_STEP][PASSED] - println(ValueFound): null

2020-05-27 16:27:23 - [TEST_STEP][PASSED] - sendKeys(NewInputNmField, Keys.chord(ARROW_DOWN)): Keys 'DOWN + ' sent to object: 'Object Repository/Objects.HighlightElements/input_field_index'

2020-05-27 16:27:23 - [MESSAGE][PASSED] - Keys 'DOWN + ' sent to object: 'Object Repository/Objects.HighlightElements/input_field_index'

2020-05-27 16:27:23 - [TEST_STEP][PASSED] - sendKeys(NewInputNmField, Keys.chord(ARROW_DOWN)): Keys 'DOWN + ' sent to object: 'Object Repository/Objects.HighlightElements/input_field_index'

2020-05-27 16:27:24 - [MESSAGE][PASSED] - Keys 'DOWN + ' sent to object: 'Object Repository/Objects.HighlightElements/input_field_index'

2020-05-27 16:27:24 - [TEST_STEP][PASSED] - delay(DelayTime): Delayed 0 second(s)

2020-05-27 16:27:24 - [MESSAGE][PASSED] - Delayed 0 second(s)

2020-05-27 16:27:24 - [TEST_STEP][PASSED] - sendKeys(NewInputNmField, Keys.chord(ENTER)): Keys 'ENTER + ' sent to object: 'Object Repository/Objects.HighlightElements/input_field_index'

2020-05-27 16:27:24 - [MESSAGE][PASSED] - Keys 'ENTER + ' sent to object: 'Object Repository/Objects.HighlightElements/input_field_index'

2020-05-27 16:27:24 - [TEST_STEP][PASSED] - ComboBoxValue = getAttribute(NewInputNmField, "value"): Attribute 'value' of object 'Object Repository/Objects.HighlightElements/input_field_index' is: '[AAPSI815W] D1 (Multiple Owners Without Structural Plan) - Regeneration of Notice'

2020-05-27 16:27:25 - [MESSAGE][PASSED] - Attribute 'value' of object 'Object Repository/Objects.HighlightElements/input_field_index' is: '[AAPSI815W] D1 (Multiple Owners Without Structural Plan) - Regeneration of Notice'

2020-05-27 16:27:25 - [TEST_STEP][PASSED] - callTestCase(findTestCase(CallTCName), ["FindValue":ComboBoxValue, "DropdownNm":comboNm], STOP_ON_FAILURE): Call Test Case 'Test Cases/PFI Precision and Scale/PFI Components/PFILetterTemplate' successfully

2020-05-27 16:27:25 - [TEST_CASE][PASSED] - Test Cases/PFI Precision and Scale/PFI Components/PFILetterTemplate: Test Cases/PFI Precision and Scale/PFI Components/PFILetterTemplate

2020-05-27 16:27:25 - [TEST_STEP][PASSED] - PFILetterTemplateTBL = [1:["Reminder":"Ministry Of Health"], 2:["Reminder":"Reminder Free Format Letter"], 3:["Reminder":"Reminder 1 (SF_ESID_SIS/SL-REM1)"], ... ]: null

2020-05-27 16:27:25 - [TEST_STEP][PASSED] - switch (DropdownNm): null

2020-05-27 16:27:25 - [TEST_STEP][PASSED] - case "IssueWD":: null

2020-05-27 16:27:25 - [TEST_STEP][PASSED] - ValueFound = PFILetterTemplateTBL.find({ -> ... }): null

2020-05-27 16:27:25 - [TEST_STEP][PASSED] - break: null

2020-05-27 16:27:25 - [MESSAGE][PASSED] - Call Test Case 'Test Cases/PFI Precision and Scale/PFI Components/PFILetterTemplate' successfully

2020-05-27 16:27:25 - [TEST_STEP][PASSED] - println(ValueFound): null

2020-05-27 16:27:25 - [TEST_STEP][PASSED] - sendKeys(NewInputNmField, Keys.chord(ARROW_DOWN)): Keys 'DOWN + ' sent to object: 'Object Repository/Objects.HighlightElements/input_field_index'

2020-05-27 16:27:25 - [MESSAGE][PASSED] - Keys 'DOWN + ' sent to object: 'Object Repository/Objects.HighlightElements/input_field_index'

2020-05-27 16:27:25 - [TEST_STEP][PASSED] - sendKeys(NewInputNmField, Keys.chord(ARROW_DOWN)): Keys 'DOWN + ' sent to object: 'Object Repository/Objects.HighlightElements/input_field_index'

2020-05-27 16:27:25 - [MESSAGE][PASSED] - Keys 'DOWN + ' sent to object: 'Object Repository/Objects.HighlightElements/input_field_index'

2020-05-27 16:27:25 - [TEST_STEP][PASSED] - delay(DelayTime): Delayed 0 second(s)

2020-05-27 16:27:25 - [MESSAGE][PASSED] - Delayed 0 second(s)

2020-05-27 16:27:25 - [TEST_STEP][PASSED] - sendKeys(NewInputNmField, Keys.chord(ENTER)): Keys 'ENTER + ' sent to object: 'Object Repository/Objects.HighlightElements/input_field_index'

2020-05-27 16:27:26 - [MESSAGE][PASSED] - Keys 'ENTER + ' sent to object: 'Object Repository/Objects.HighlightElements/input_field_index'

2020-05-27 16:27:26 - [TEST_STEP][PASSED] - ComboBoxValue = getAttribute(NewInputNmField, "value"): Attribute 'value' of object 'Object Repository/Objects.HighlightElements/input_field_index' is: '[AAPSI802W] D1 (Multiple Owners Without Structural Plan)'

2020-05-27 16:27:26 - [MESSAGE][PASSED] - Attribute 'value' of object 'Object Repository/Objects.HighlightElements/input_field_index' is: '[AAPSI802W] D1 (Multiple Owners Without Structural Plan)'

2020-05-27 16:27:26 - [TEST_STEP][PASSED] - callTestCase(findTestCase(CallTCName), ["FindValue":ComboBoxValue, "DropdownNm":comboNm], STOP_ON_FAILURE): Call Test Case 'Test Cases/PFI Precision and Scale/PFI Components/PFILetterTemplate' successfully

2020-05-27 16:27:26 - [TEST_CASE][PASSED] - Test Cases/PFI Precision and Scale/PFI Components/PFILetterTemplate: Test Cases/PFI Precision and Scale/PFI Components/PFILetterTemplate

2020-05-27 16:27:26 - [TEST_STEP][PASSED] - PFILetterTemplateTBL = [1:["Reminder":"Ministry Of Health"], 2:["Reminder":"Reminder Free Format Letter"], 3:["Reminder":"Reminder 1 (SF_ESID_SIS/SL-REM1)"], ... ]: null

2020-05-27 16:27:26 - [TEST_STEP][PASSED] - switch (DropdownNm): null

2020-05-27 16:27:26 - [TEST_STEP][PASSED] - case "IssueWD":: null

2020-05-27 16:27:26 - [TEST_STEP][PASSED] - ValueFound = PFILetterTemplateTBL.find({ -> ... }): null

2020-05-27 16:27:26 - [TEST_STEP][PASSED] - break: null

2020-05-27 16:27:26 - [MESSAGE][PASSED] - Call Test Case 'Test Cases/PFI Precision and Scale/PFI Components/PFILetterTemplate' successfully

2020-05-27 16:27:26 - [TEST_STEP][PASSED] - println(ValueFound): null

2020-05-27 16:27:26 - [TEST_STEP][PASSED] - sendKeys(NewInputNmField, Keys.chord(ARROW_DOWN)): Keys 'DOWN + ' sent to object: 'Object Repository/Objects.HighlightElements/input_field_index'

2020-05-27 16:27:27 - [MESSAGE][PASSED] - Keys 'DOWN + ' sent to object: 'Object Repository/Objects.HighlightElements/input_field_index'

2020-05-27 16:27:27 - [TEST_STEP][PASSED] - sendKeys(NewInputNmField, Keys.chord(ARROW_DOWN)): Keys 'DOWN + ' sent to object: 'Object Repository/Objects.HighlightElements/input_field_index'

2020-05-27 16:27:27 - [MESSAGE][PASSED] - Keys 'DOWN + ' sent to object: 'Object Repository/Objects.HighlightElements/input_field_index'

2020-05-27 16:27:27 - [TEST_STEP][PASSED] - delay(DelayTime): Delayed 0 second(s)

2020-05-27 16:27:27 - [MESSAGE][PASSED] - Delayed 0 second(s)

2020-05-27 16:27:27 - [TEST_STEP][PASSED] - sendKeys(NewInputNmField, Keys.chord(ENTER)): Keys 'ENTER + ' sent to object: 'Object Repository/Objects.HighlightElements/input_field_index'

2020-05-27 16:27:27 - [MESSAGE][PASSED] - Keys 'ENTER + ' sent to object: 'Object Repository/Objects.HighlightElements/input_field_index'

2020-05-27 16:27:27 - [TEST_STEP][PASSED] - ComboBoxValue = getAttribute(NewInputNmField, "value"): Attribute 'value' of object 'Object Repository/Objects.HighlightElements/input_field_index' is: '[ AAPSI814W]  D1 (Single Owner Without Structural Plan) - Regeneration of Notice'

2020-05-27 16:27:28 - [MESSAGE][PASSED] - Attribute 'value' of object 'Object Repository/Objects.HighlightElements/input_field_index' is: '[ AAPSI814W]  D1 (Single Owner Without Structural Plan) - Regeneration of Notice'

2020-05-27 16:27:28 - [TEST_STEP][PASSED] - callTestCase(findTestCase(CallTCName), ["FindValue":ComboBoxValue, "DropdownNm":comboNm], STOP_ON_FAILURE): Call Test Case 'Test Cases/PFI Precision and Scale/PFI Components/PFILetterTemplate' successfully

2020-05-27 16:27:28 - [TEST_CASE][PASSED] - Test Cases/PFI Precision and Scale/PFI Components/PFILetterTemplate: Test Cases/PFI Precision and Scale/PFI Components/PFILetterTemplate

2020-05-27 16:27:28 - [TEST_STEP][PASSED] - PFILetterTemplateTBL = [1:["Reminder":"Ministry Of Health"], 2:["Reminder":"Reminder Free Format Letter"], 3:["Reminder":"Reminder 1 (SF_ESID_SIS/SL-REM1)"], ... ]: null

2020-05-27 16:27:28 - [TEST_STEP][PASSED] - switch (DropdownNm): null

2020-05-27 16:27:28 - [TEST_STEP][PASSED] - case "IssueWD":: null

2020-05-27 16:27:28 - [TEST_STEP][PASSED] - ValueFound = PFILetterTemplateTBL.find({ -> ... }): null

2020-05-27 16:27:28 - [TEST_STEP][PASSED] - break: null

2020-05-27 16:27:28 - [MESSAGE][PASSED] - Call Test Case 'Test Cases/PFI Precision and Scale/PFI Components/PFILetterTemplate' successfully

2020-05-27 16:27:28 - [TEST_STEP][PASSED] - println(ValueFound): null

2020-05-27 16:27:28 - [TEST_STEP][PASSED] - sendKeys(NewInputNmField, Keys.chord(ARROW_DOWN)): Keys 'DOWN + ' sent to object: 'Object Repository/Objects.HighlightElements/input_field_index'

2020-05-27 16:27:28 - [MESSAGE][PASSED] - Keys 'DOWN + ' sent to object: 'Object Repository/Objects.HighlightElements/input_field_index'

2020-05-27 16:27:28 - [TEST_STEP][PASSED] - sendKeys(NewInputNmField, Keys.chord(ARROW_DOWN)): Keys 'DOWN + ' sent to object: 'Object Repository/Objects.HighlightElements/input_field_index'

2020-05-27 16:27:29 - [MESSAGE][PASSED] - Keys 'DOWN + ' sent to object: 'Object Repository/Objects.HighlightElements/input_field_index'

2020-05-27 16:27:29 - [TEST_STEP][PASSED] - delay(DelayTime): Delayed 0 second(s)

2020-05-27 16:27:29 - [MESSAGE][PASSED] - Delayed 0 second(s)

2020-05-27 16:27:29 - [TEST_STEP][PASSED] - sendKeys(NewInputNmField, Keys.chord(ENTER)): Keys 'ENTER + ' sent to object: 'Object Repository/Objects.HighlightElements/input_field_index'

2020-05-27 16:27:29 - [MESSAGE][PASSED] - Keys 'ENTER + ' sent to object: 'Object Repository/Objects.HighlightElements/input_field_index'

2020-05-27 16:27:29 - [TEST_STEP][PASSED] - ComboBoxValue = getAttribute(NewInputNmField, "value"): Attribute 'value' of object 'Object Repository/Objects.HighlightElements/input_field_index' is: '[[304]AAPSI801] D1 (Single Owner With Structural Plan)'

2020-05-27 16:27:30 - [MESSAGE][PASSED] - Attribute 'value' of object 'Object Repository/Objects.HighlightElements/input_field_index' is: '[[304]AAPSI801] D1 (Single Owner With Structural Plan)'

2020-05-27 16:27:30 - [TEST_STEP][PASSED] - callTestCase(findTestCase(CallTCName), ["FindValue":ComboBoxValue, "DropdownNm":comboNm], STOP_ON_FAILURE): Call Test Case 'Test Cases/PFI Precision and Scale/PFI Components/PFILetterTemplate' successfully

2020-05-27 16:27:30 - [TEST_CASE][PASSED] - Test Cases/PFI Precision and Scale/PFI Components/PFILetterTemplate: Test Cases/PFI Precision and Scale/PFI Components/PFILetterTemplate

2020-05-27 16:27:30 - [TEST_STEP][PASSED] - PFILetterTemplateTBL = [1:["Reminder":"Ministry Of Health"], 2:["Reminder":"Reminder Free Format Letter"], 3:["Reminder":"Reminder 1 (SF_ESID_SIS/SL-REM1)"], ... ]: null

2020-05-27 16:27:30 - [TEST_STEP][PASSED] - switch (DropdownNm): null

2020-05-27 16:27:30 - [TEST_STEP][PASSED] - case "IssueWD":: null

2020-05-27 16:27:30 - [TEST_STEP][PASSED] - ValueFound = PFILetterTemplateTBL.find({ -> ... }): null

2020-05-27 16:27:30 - [TEST_STEP][PASSED] - break: null

2020-05-27 16:27:30 - [MESSAGE][PASSED] - Call Test Case 'Test Cases/PFI Precision and Scale/PFI Components/PFILetterTemplate' successfully

2020-05-27 16:27:30 - [TEST_STEP][PASSED] - println(ValueFound): null

2020-05-27 16:27:30 - [TEST_STEP][PASSED] - sendKeys(NewInputNmField, Keys.chord(ARROW_DOWN)): Keys 'DOWN + ' sent to object: 'Object Repository/Objects.HighlightElements/input_field_index'

2020-05-27 16:27:30 - [MESSAGE][PASSED] - Keys 'DOWN + ' sent to object: 'Object Repository/Objects.HighlightElements/input_field_index'

2020-05-27 16:27:30 - [TEST_STEP][PASSED] - sendKeys(NewInputNmField, Keys.chord(ARROW_DOWN)): Keys 'DOWN + ' sent to object: 'Object Repository/Objects.HighlightElements/input_field_index'

2020-05-27 16:27:31 - [MESSAGE][PASSED] - Keys 'DOWN + ' sent to object: 'Object Repository/Objects.HighlightElements/input_field_index'

2020-05-27 16:27:31 - [TEST_STEP][PASSED] - delay(DelayTime): Delayed 0 second(s)

2020-05-27 16:27:31 - [MESSAGE][PASSED] - Delayed 0 second(s)

2020-05-27 16:27:31 - [TEST_STEP][PASSED] - sendKeys(NewInputNmField, Keys.chord(ENTER)): Keys 'ENTER + ' sent to object: 'Object Repository/Objects.HighlightElements/input_field_index'

2020-05-27 16:27:31 - [MESSAGE][PASSED] - Keys 'ENTER + ' sent to object: 'Object Repository/Objects.HighlightElements/input_field_index'

2020-05-27 16:27:31 - [TEST_STEP][PASSED] - ComboBoxValue = getAttribute(NewInputNmField, "value"): Attribute 'value' of object 'Object Repository/Objects.HighlightElements/input_field_index' is: '[[306]AAPSI802] D1 (Multiple Owners With Structural Plan)'

2020-05-27 16:27:31 - [MESSAGE][PASSED] - Attribute 'value' of object 'Object Repository/Objects.HighlightElements/input_field_index' is: '[[306]AAPSI802] D1 (Multiple Owners With Structural Plan)'

2020-05-27 16:27:31 - [TEST_STEP][PASSED] - callTestCase(findTestCase(CallTCName), ["FindValue":ComboBoxValue, "DropdownNm":comboNm], STOP_ON_FAILURE): Call Test Case 'Test Cases/PFI Precision and Scale/PFI Components/PFILetterTemplate' successfully

2020-05-27 16:27:31 - [TEST_CASE][PASSED] - Test Cases/PFI Precision and Scale/PFI Components/PFILetterTemplate: Test Cases/PFI Precision and Scale/PFI Components/PFILetterTemplate

2020-05-27 16:27:31 - [TEST_STEP][PASSED] - PFILetterTemplateTBL = [1:["Reminder":"Ministry Of Health"], 2:["Reminder":"Reminder Free Format Letter"], 3:["Reminder":"Reminder 1 (SF_ESID_SIS/SL-REM1)"], ... ]: null

2020-05-27 16:27:31 - [TEST_STEP][PASSED] - switch (DropdownNm): null

2020-05-27 16:27:31 - [TEST_STEP][PASSED] - case "IssueWD":: null

2020-05-27 16:27:31 - [TEST_STEP][PASSED] - ValueFound = PFILetterTemplateTBL.find({ -> ... }): null

2020-05-27 16:27:31 - [TEST_STEP][PASSED] - break: null

2020-05-27 16:27:31 - [MESSAGE][PASSED] - Call Test Case 'Test Cases/PFI Precision and Scale/PFI Components/PFILetterTemplate' successfully

2020-05-27 16:27:31 - [TEST_STEP][PASSED] - println(ValueFound): null

2020-05-27 16:27:31 - [TEST_STEP][PASSED] - sendKeys(NewInputNmField, Keys.chord(ARROW_DOWN)): Keys 'DOWN + ' sent to object: 'Object Repository/Objects.HighlightElements/input_field_index'

2020-05-27 16:27:32 - [MESSAGE][PASSED] - Keys 'DOWN + ' sent to object: 'Object Repository/Objects.HighlightElements/input_field_index'

2020-05-27 16:27:32 - [TEST_STEP][PASSED] - sendKeys(NewInputNmField, Keys.chord(ARROW_DOWN)): Keys 'DOWN + ' sent to object: 'Object Repository/Objects.HighlightElements/input_field_index'

2020-05-27 16:27:32 - [MESSAGE][PASSED] - Keys 'DOWN + ' sent to object: 'Object Repository/Objects.HighlightElements/input_field_index'

2020-05-27 16:27:32 - [TEST_STEP][PASSED] - delay(DelayTime): Delayed 0 second(s)

2020-05-27 16:27:32 - [MESSAGE][PASSED] - Delayed 0 second(s)

2020-05-27 16:27:32 - [TEST_STEP][PASSED] - sendKeys(NewInputNmField, Keys.chord(ENTER)): Keys 'ENTER + ' sent to object: 'Object Repository/Objects.HighlightElements/input_field_index'

2020-05-27 16:27:33 - [MESSAGE][PASSED] - Keys 'ENTER + ' sent to object: 'Object Repository/Objects.HighlightElements/input_field_index'

2020-05-27 16:27:33 - [TEST_STEP][PASSED] - ComboBoxValue = getAttribute(NewInputNmField, "value"): Attribute 'value' of object 'Object Repository/Objects.HighlightElements/input_field_index' is: '[[307]AAPSI814] D1 (Single Owner With Structural Plan) - Regeneration of Notice'

2020-05-27 16:27:33 - [MESSAGE][PASSED] - Attribute 'value' of object 'Object Repository/Objects.HighlightElements/input_field_index' is: '[[307]AAPSI814] D1 (Single Owner With Structural Plan) - Regeneration of Notice'

2020-05-27 16:27:33 - [TEST_STEP][PASSED] - callTestCase(findTestCase(CallTCName), ["FindValue":ComboBoxValue, "DropdownNm":comboNm], STOP_ON_FAILURE): Call Test Case 'Test Cases/PFI Precision and Scale/PFI Components/PFILetterTemplate' successfully

2020-05-27 16:27:33 - [TEST_CASE][PASSED] - Test Cases/PFI Precision and Scale/PFI Components/PFILetterTemplate: Test Cases/PFI Precision and Scale/PFI Components/PFILetterTemplate

2020-05-27 16:27:33 - [TEST_STEP][PASSED] - PFILetterTemplateTBL = [1:["Reminder":"Ministry Of Health"], 2:["Reminder":"Reminder Free Format Letter"], 3:["Reminder":"Reminder 1 (SF_ESID_SIS/SL-REM1)"], ... ]: null

2020-05-27 16:27:33 - [TEST_STEP][PASSED] - switch (DropdownNm): null

2020-05-27 16:27:33 - [TEST_STEP][PASSED] - case "IssueWD":: null

2020-05-27 16:27:33 - [TEST_STEP][PASSED] - ValueFound = PFILetterTemplateTBL.find({ -> ... }): null

2020-05-27 16:27:33 - [TEST_STEP][PASSED] - break: null

2020-05-27 16:27:33 - [MESSAGE][PASSED] - Call Test Case 'Test Cases/PFI Precision and Scale/PFI Components/PFILetterTemplate' successfully

2020-05-27 16:27:33 - [TEST_STEP][PASSED] - println(ValueFound): null

2020-05-27 16:27:33 - [TEST_STEP][PASSED] - sendKeys(NewInputNmField, Keys.chord(ARROW_DOWN)): Keys 'DOWN + ' sent to object: 'Object Repository/Objects.HighlightElements/input_field_index'

2020-05-27 16:27:33 - [MESSAGE][PASSED] - Keys 'DOWN + ' sent to object: 'Object Repository/Objects.HighlightElements/input_field_index'

2020-05-27 16:27:33 - [TEST_STEP][PASSED] - sendKeys(NewInputNmField, Keys.chord(ARROW_DOWN)): Keys 'DOWN + ' sent to object: 'Object Repository/Objects.HighlightElements/input_field_index'

2020-05-27 16:27:34 - [MESSAGE][PASSED] - Keys 'DOWN + ' sent to object: 'Object Repository/Objects.HighlightElements/input_field_index'

2020-05-27 16:27:34 - [TEST_STEP][PASSED] - delay(DelayTime): Delayed 0 second(s)

2020-05-27 16:27:34 - [MESSAGE][PASSED] - Delayed 0 second(s)

2020-05-27 16:27:34 - [TEST_STEP][PASSED] - sendKeys(NewInputNmField, Keys.chord(ENTER)): Keys 'ENTER + ' sent to object: 'Object Repository/Objects.HighlightElements/input_field_index'

2020-05-27 16:27:34 - [MESSAGE][PASSED] - Keys 'ENTER + ' sent to object: 'Object Repository/Objects.HighlightElements/input_field_index'

2020-05-27 16:27:34 - [TEST_STEP][PASSED] - ComboBoxValue = getAttribute(NewInputNmField, "value"): Attribute 'value' of object 'Object Repository/Objects.HighlightElements/input_field_index' is: '[[308]AAPSI815] D1 (Multiple Owners With Structural Plan) - Regeneration of Notice'

2020-05-27 16:27:35 - [MESSAGE][PASSED] - Attribute 'value' of object 'Object Repository/Objects.HighlightElements/input_field_index' is: '[[308]AAPSI815] D1 (Multiple Owners With Structural Plan) - Regeneration of Notice'

2020-05-27 16:27:35 - [TEST_STEP][PASSED] - callTestCase(findTestCase(CallTCName), ["FindValue":ComboBoxValue, "DropdownNm":comboNm], STOP_ON_FAILURE): Call Test Case 'Test Cases/PFI Precision and Scale/PFI Components/PFILetterTemplate' successfully

2020-05-27 16:27:35 - [TEST_CASE][PASSED] - Test Cases/PFI Precision and Scale/PFI Components/PFILetterTemplate: Test Cases/PFI Precision and Scale/PFI Components/PFILetterTemplate

2020-05-27 16:27:35 - [TEST_STEP][PASSED] - PFILetterTemplateTBL = [1:["Reminder":"Ministry Of Health"], 2:["Reminder":"Reminder Free Format Letter"], 3:["Reminder":"Reminder 1 (SF_ESID_SIS/SL-REM1)"], ... ]: null

2020-05-27 16:27:35 - [TEST_STEP][PASSED] - switch (DropdownNm): null

2020-05-27 16:27:35 - [TEST_STEP][PASSED] - case "IssueWD":: null

2020-05-27 16:27:35 - [TEST_STEP][PASSED] - ValueFound = PFILetterTemplateTBL.find({ -> ... }): null

2020-05-27 16:27:35 - [TEST_STEP][PASSED] - break: null

2020-05-27 16:27:35 - [MESSAGE][PASSED] - Call Test Case 'Test Cases/PFI Precision and Scale/PFI Components/PFILetterTemplate' successfully

2020-05-27 16:27:35 - [TEST_STEP][PASSED] - println(ValueFound): null

2020-05-27 16:27:35 - [TEST_STEP][PASSED] - sendKeys(NewInputNmField, Keys.chord(ARROW_DOWN)): Keys 'DOWN + ' sent to object: 'Object Repository/Objects.HighlightElements/input_field_index'

2020-05-27 16:27:35 - [MESSAGE][PASSED] - Keys 'DOWN + ' sent to object: 'Object Repository/Objects.HighlightElements/input_field_index'

2020-05-27 16:27:35 - [TEST_STEP][PASSED] - sendKeys(NewInputNmField, Keys.chord(ARROW_DOWN)): Keys 'DOWN + ' sent to object: 'Object Repository/Objects.HighlightElements/input_field_index'

2020-05-27 16:27:36 - [MESSAGE][PASSED] - Keys 'DOWN + ' sent to object: 'Object Repository/Objects.HighlightElements/input_field_index'

2020-05-27 16:27:36 - [TEST_STEP][PASSED] - delay(DelayTime): Delayed 0 second(s)

2020-05-27 16:27:36 - [MESSAGE][PASSED] - Delayed 0 second(s)

2020-05-27 16:27:36 - [TEST_STEP][PASSED] - sendKeys(NewInputNmField, Keys.chord(ENTER)): Keys 'ENTER + ' sent to object: 'Object Repository/Objects.HighlightElements/input_field_index'

2020-05-27 16:27:36 - [MESSAGE][PASSED] - Keys 'ENTER + ' sent to object: 'Object Repository/Objects.HighlightElements/input_field_index'

2020-05-27 16:27:36 - [TEST_STEP][PASSED] - ComboBoxValue = getAttribute(NewInputNmField, "value"): Attribute 'value' of object 'Object Repository/Objects.HighlightElements/input_field_index' is: '[[301]AAPSI816] SF_ESID_SISSF-D1-G Generate Govt Notice'

2020-05-27 16:27:37 - [MESSAGE][PASSED] - Attribute 'value' of object 'Object Repository/Objects.HighlightElements/input_field_index' is: '[[301]AAPSI816] SF_ESID_SISSF-D1-G Generate Govt Notice'

2020-05-27 16:27:37 - [TEST_STEP][PASSED] - callTestCase(findTestCase(CallTCName), ["FindValue":ComboBoxValue, "DropdownNm":comboNm], STOP_ON_FAILURE): Call Test Case 'Test Cases/PFI Precision and Scale/PFI Components/PFILetterTemplate' successfully

2020-05-27 16:27:37 - [TEST_CASE][PASSED] - Test Cases/PFI Precision and Scale/PFI Components/PFILetterTemplate: Test Cases/PFI Precision and Scale/PFI Components/PFILetterTemplate

2020-05-27 16:27:37 - [TEST_STEP][PASSED] - PFILetterTemplateTBL = [1:["Reminder":"Ministry Of Health"], 2:["Reminder":"Reminder Free Format Letter"], 3:["Reminder":"Reminder 1 (SF_ESID_SIS/SL-REM1)"], ... ]: null

2020-05-27 16:27:37 - [TEST_STEP][PASSED] - switch (DropdownNm): null

2020-05-27 16:27:37 - [TEST_STEP][PASSED] - case "IssueWD":: null

2020-05-27 16:27:37 - [TEST_STEP][PASSED] - ValueFound = PFILetterTemplateTBL.find({ -> ... }): null

2020-05-27 16:27:37 - [TEST_STEP][PASSED] - break: null

2020-05-27 16:27:37 - [MESSAGE][PASSED] - Call Test Case 'Test Cases/PFI Precision and Scale/PFI Components/PFILetterTemplate' successfully

2020-05-27 16:27:37 - [TEST_STEP][PASSED] - println(ValueFound): null

2020-05-27 16:27:37 - [TEST_STEP][PASSED] - sendKeys(NewInputNmField, Keys.chord(ARROW_DOWN)): Keys 'DOWN + ' sent to object: 'Object Repository/Objects.HighlightElements/input_field_index'

2020-05-27 16:27:37 - [MESSAGE][PASSED] - Keys 'DOWN + ' sent to object: 'Object Repository/Objects.HighlightElements/input_field_index'

2020-05-27 16:27:37 - [TEST_STEP][PASSED] - sendKeys(NewInputNmField, Keys.chord(ARROW_DOWN)): Keys 'DOWN + ' sent to object: 'Object Repository/Objects.HighlightElements/input_field_index'

2020-05-27 16:27:37 - [MESSAGE][PASSED] - Keys 'DOWN + ' sent to object: 'Object Repository/Objects.HighlightElements/input_field_index'

2020-05-27 16:27:37 - [TEST_STEP][PASSED] - delay(DelayTime): Delayed 0 second(s)

2020-05-27 16:27:37 - [MESSAGE][PASSED] - Delayed 0 second(s)

2020-05-27 16:27:37 - [TEST_STEP][PASSED] - sendKeys(NewInputNmField, Keys.chord(ENTER)): Keys 'ENTER + ' sent to object: 'Object Repository/Objects.HighlightElements/input_field_index'

2020-05-27 16:27:38 - [MESSAGE][PASSED] - Keys 'ENTER + ' sent to object: 'Object Repository/Objects.HighlightElements/input_field_index'

2020-05-27 16:27:38 - [TEST_STEP][PASSED] - ComboBoxValue = getAttribute(NewInputNmField, "value"): Attribute 'value' of object 'Object Repository/Objects.HighlightElements/input_field_index' is: '[AAPSI806] T1'

2020-05-27 16:27:38 - [MESSAGE][PASSED] - Attribute 'value' of object 'Object Repository/Objects.HighlightElements/input_field_index' is: '[AAPSI806] T1'

2020-05-27 16:27:38 - [TEST_STEP][PASSED] - callTestCase(findTestCase(CallTCName), ["FindValue":ComboBoxValue, "DropdownNm":comboNm], STOP_ON_FAILURE): Call Test Case 'Test Cases/PFI Precision and Scale/PFI Components/PFILetterTemplate' successfully

2020-05-27 16:27:38 - [TEST_CASE][PASSED] - Test Cases/PFI Precision and Scale/PFI Components/PFILetterTemplate: Test Cases/PFI Precision and Scale/PFI Components/PFILetterTemplate

2020-05-27 16:27:38 - [TEST_STEP][PASSED] - PFILetterTemplateTBL = [1:["Reminder":"Ministry Of Health"], 2:["Reminder":"Reminder Free Format Letter"], 3:["Reminder":"Reminder 1 (SF_ESID_SIS/SL-REM1)"], ... ]: null

2020-05-27 16:27:38 - [TEST_STEP][PASSED] - switch (DropdownNm): null

2020-05-27 16:27:38 - [TEST_STEP][PASSED] - case "IssueWD":: null

2020-05-27 16:27:38 - [TEST_STEP][PASSED] - ValueFound = PFILetterTemplateTBL.find({ -> ... }): null

2020-05-27 16:27:38 - [TEST_STEP][PASSED] - break: null

2020-05-27 16:27:38 - [MESSAGE][PASSED] - Call Test Case 'Test Cases/PFI Precision and Scale/PFI Components/PFILetterTemplate' successfully

2020-05-27 16:27:38 - [TEST_STEP][PASSED] - println(ValueFound): null

2020-05-27 16:27:38 - [TEST_STEP][PASSED] - sendKeys(NewInputNmField, Keys.chord(ARROW_DOWN)): Keys 'DOWN + ' sent to object: 'Object Repository/Objects.HighlightElements/input_field_index'

2020-05-27 16:27:39 - [MESSAGE][PASSED] - Keys 'DOWN + ' sent to object: 'Object Repository/Objects.HighlightElements/input_field_index'

2020-05-27 16:27:39 - [TEST_STEP][PASSED] - sendKeys(NewInputNmField, Keys.chord(ARROW_DOWN)): Keys 'DOWN + ' sent to object: 'Object Repository/Objects.HighlightElements/input_field_index'

2020-05-27 16:27:39 - [MESSAGE][PASSED] - Keys 'DOWN + ' sent to object: 'Object Repository/Objects.HighlightElements/input_field_index'

2020-05-27 16:27:39 - [TEST_STEP][PASSED] - delay(DelayTime): Delayed 0 second(s)

2020-05-27 16:27:39 - [MESSAGE][PASSED] - Delayed 0 second(s)

2020-05-27 16:27:39 - [TEST_STEP][PASSED] - sendKeys(NewInputNmField, Keys.chord(ENTER)): Keys 'ENTER + ' sent to object: 'Object Repository/Objects.HighlightElements/input_field_index'

2020-05-27 16:27:40 - [MESSAGE][PASSED] - Keys 'ENTER + ' sent to object: 'Object Repository/Objects.HighlightElements/input_field_index'

2020-05-27 16:27:40 - [TEST_STEP][PASSED] - ComboBoxValue = getAttribute(NewInputNmField, "value"): Attribute 'value' of object 'Object Repository/Objects.HighlightElements/input_field_index' is: '[AAPSI807] T3'

2020-05-27 16:27:40 - [MESSAGE][PASSED] - Attribute 'value' of object 'Object Repository/Objects.HighlightElements/input_field_index' is: '[AAPSI807] T3'

2020-05-27 16:27:40 - [TEST_STEP][PASSED] - callTestCase(findTestCase(CallTCName), ["FindValue":ComboBoxValue, "DropdownNm":comboNm], STOP_ON_FAILURE): Call Test Case 'Test Cases/PFI Precision and Scale/PFI Components/PFILetterTemplate' successfully

2020-05-27 16:27:40 - [TEST_CASE][PASSED] - Test Cases/PFI Precision and Scale/PFI Components/PFILetterTemplate: Test Cases/PFI Precision and Scale/PFI Components/PFILetterTemplate

2020-05-27 16:27:40 - [TEST_STEP][PASSED] - PFILetterTemplateTBL = [1:["Reminder":"Ministry Of Health"], 2:["Reminder":"Reminder Free Format Letter"], 3:["Reminder":"Reminder 1 (SF_ESID_SIS/SL-REM1)"], ... ]: null

2020-05-27 16:27:40 - [TEST_STEP][PASSED] - switch (DropdownNm): null

2020-05-27 16:27:40 - [TEST_STEP][PASSED] - case "IssueWD":: null

2020-05-27 16:27:40 - [TEST_STEP][PASSED] - ValueFound = PFILetterTemplateTBL.find({ -> ... }): null

2020-05-27 16:27:40 - [TEST_STEP][PASSED] - break: null

2020-05-27 16:27:40 - [MESSAGE][PASSED] - Call Test Case 'Test Cases/PFI Precision and Scale/PFI Components/PFILetterTemplate' successfully

2020-05-27 16:27:40 - [TEST_STEP][PASSED] - println(ValueFound): null

2020-05-27 16:27:40 - [TEST_STEP][PASSED] - sendKeys(NewInputNmField, Keys.chord(ARROW_DOWN)): Keys 'DOWN + ' sent to object: 'Object Repository/Objects.HighlightElements/input_field_index'

2020-05-27 16:27:40 - [MESSAGE][PASSED] - Keys 'DOWN + ' sent to object: 'Object Repository/Objects.HighlightElements/input_field_index'

2020-05-27 16:27:40 - [TEST_STEP][PASSED] - sendKeys(NewInputNmField, Keys.chord(ARROW_DOWN)): Keys 'DOWN + ' sent to object: 'Object Repository/Objects.HighlightElements/input_field_index'

2020-05-27 16:27:41 - [MESSAGE][PASSED] - Keys 'DOWN + ' sent to object: 'Object Repository/Objects.HighlightElements/input_field_index'

2020-05-27 16:27:41 - [TEST_STEP][PASSED] - delay(DelayTime): Delayed 0 second(s)

2020-05-27 16:27:41 - [MESSAGE][PASSED] - Delayed 0 second(s)

2020-05-27 16:27:41 - [TEST_STEP][PASSED] - sendKeys(NewInputNmField, Keys.chord(ENTER)): Keys 'ENTER + ' sent to object: 'Object Repository/Objects.HighlightElements/input_field_index'

2020-05-27 16:27:41 - [MESSAGE][PASSED] - Keys 'ENTER + ' sent to object: 'Object Repository/Objects.HighlightElements/input_field_index'

2020-05-27 16:27:41 - [TEST_STEP][PASSED] - ComboBoxValue = getAttribute(NewInputNmField, "value"): Attribute 'value' of object 'Object Repository/Objects.HighlightElements/input_field_index' is: '[AAPSI808] T4'

2020-05-27 16:27:42 - [MESSAGE][PASSED] - Attribute 'value' of object 'Object Repository/Objects.HighlightElements/input_field_index' is: '[AAPSI808] T4'

2020-05-27 16:27:42 - [TEST_STEP][PASSED] - callTestCase(findTestCase(CallTCName), ["FindValue":ComboBoxValue, "DropdownNm":comboNm], STOP_ON_FAILURE): Call Test Case 'Test Cases/PFI Precision and Scale/PFI Components/PFILetterTemplate' successfully

2020-05-27 16:27:42 - [TEST_CASE][PASSED] - Test Cases/PFI Precision and Scale/PFI Components/PFILetterTemplate: Test Cases/PFI Precision and Scale/PFI Components/PFILetterTemplate

2020-05-27 16:27:42 - [TEST_STEP][PASSED] - PFILetterTemplateTBL = [1:["Reminder":"Ministry Of Health"], 2:["Reminder":"Reminder Free Format Letter"], 3:["Reminder":"Reminder 1 (SF_ESID_SIS/SL-REM1)"], ... ]: null

2020-05-27 16:27:42 - [TEST_STEP][PASSED] - switch (DropdownNm): null

2020-05-27 16:27:42 - [TEST_STEP][PASSED] - case "IssueWD":: null

2020-05-27 16:27:42 - [TEST_STEP][PASSED] - ValueFound = PFILetterTemplateTBL.find({ -> ... }): null

2020-05-27 16:27:42 - [TEST_STEP][PASSED] - break: null

2020-05-27 16:27:42 - [MESSAGE][PASSED] - Call Test Case 'Test Cases/PFI Precision and Scale/PFI Components/PFILetterTemplate' successfully

2020-05-27 16:27:42 - [TEST_STEP][PASSED] - println(ValueFound): null

2020-05-27 16:27:42 - [TEST_STEP][PASSED] - sendKeys(NewInputNmField, Keys.chord(ARROW_DOWN)): Keys 'DOWN + ' sent to object: 'Object Repository/Objects.HighlightElements/input_field_index'

2020-05-27 16:27:42 - [MESSAGE][PASSED] - Keys 'DOWN + ' sent to object: 'Object Repository/Objects.HighlightElements/input_field_index'

2020-05-27 16:27:42 - [TEST_STEP][PASSED] - sendKeys(NewInputNmField, Keys.chord(ARROW_DOWN)): Keys 'DOWN + ' sent to object: 'Object Repository/Objects.HighlightElements/input_field_index'

2020-05-27 16:27:43 - [MESSAGE][PASSED] - Keys 'DOWN + ' sent to object: 'Object Repository/Objects.HighlightElements/input_field_index'

2020-05-27 16:27:43 - [TEST_STEP][PASSED] - delay(DelayTime): Delayed 0 second(s)

2020-05-27 16:27:43 - [MESSAGE][PASSED] - Delayed 0 second(s)

2020-05-27 16:27:43 - [TEST_STEP][PASSED] - sendKeys(NewInputNmField, Keys.chord(ENTER)): Keys 'ENTER + ' sent to object: 'Object Repository/Objects.HighlightElements/input_field_index'

2020-05-27 16:27:43 - [MESSAGE][PASSED] - Keys 'ENTER + ' sent to object: 'Object Repository/Objects.HighlightElements/input_field_index'

2020-05-27 16:27:43 - [TEST_STEP][PASSED] - ComboBoxValue = getAttribute(NewInputNmField, "value"): Attribute 'value' of object 'Object Repository/Objects.HighlightElements/input_field_index' is: '[AAPSI820] T7'

2020-05-27 16:27:44 - [MESSAGE][PASSED] - Attribute 'value' of object 'Object Repository/Objects.HighlightElements/input_field_index' is: '[AAPSI820] T7'

2020-05-27 16:27:44 - [TEST_STEP][PASSED] - callTestCase(findTestCase(CallTCName), ["FindValue":ComboBoxValue, "DropdownNm":comboNm], STOP_ON_FAILURE): Call Test Case 'Test Cases/PFI Precision and Scale/PFI Components/PFILetterTemplate' successfully

2020-05-27 16:27:44 - [TEST_CASE][PASSED] - Test Cases/PFI Precision and Scale/PFI Components/PFILetterTemplate: Test Cases/PFI Precision and Scale/PFI Components/PFILetterTemplate

2020-05-27 16:27:44 - [TEST_STEP][PASSED] - PFILetterTemplateTBL = [1:["Reminder":"Ministry Of Health"], 2:["Reminder":"Reminder Free Format Letter"], 3:["Reminder":"Reminder 1 (SF_ESID_SIS/SL-REM1)"], ... ]: null

2020-05-27 16:27:44 - [TEST_STEP][PASSED] - switch (DropdownNm): null

2020-05-27 16:27:44 - [TEST_STEP][PASSED] - case "IssueWD":: null

2020-05-27 16:27:44 - [TEST_STEP][PASSED] - ValueFound = PFILetterTemplateTBL.find({ -> ... }): null

2020-05-27 16:27:44 - [TEST_STEP][PASSED] - break: null

2020-05-27 16:27:44 - [MESSAGE][PASSED] - Call Test Case 'Test Cases/PFI Precision and Scale/PFI Components/PFILetterTemplate' successfully

2020-05-27 16:27:44 - [TEST_STEP][PASSED] - println(ValueFound): null

2020-05-27 16:27:44 - [TEST_STEP][PASSED] - sendKeys(NewInputNmField, Keys.chord(ARROW_DOWN)): Keys 'DOWN + ' sent to object: 'Object Repository/Objects.HighlightElements/input_field_index'

2020-05-27 16:27:44 - [MESSAGE][PASSED] - Keys 'DOWN + ' sent to object: 'Object Repository/Objects.HighlightElements/input_field_index'

2020-05-27 16:27:44 - [TEST_STEP][PASSED] - sendKeys(NewInputNmField, Keys.chord(ARROW_DOWN)): Keys 'DOWN + ' sent to object: 'Object Repository/Objects.HighlightElements/input_field_index'

2020-05-27 16:27:44 - [MESSAGE][PASSED] - Keys 'DOWN + ' sent to object: 'Object Repository/Objects.HighlightElements/input_field_index'

2020-05-27 16:27:44 - [TEST_STEP][PASSED] - delay(DelayTime): Delayed 0 second(s)

2020-05-27 16:27:44 - [MESSAGE][PASSED] - Delayed 0 second(s)

2020-05-27 16:27:44 - [TEST_STEP][PASSED] - sendKeys(NewInputNmField, Keys.chord(ENTER)): Keys 'ENTER + ' sent to object: 'Object Repository/Objects.HighlightElements/input_field_index'

2020-05-27 16:27:45 - [MESSAGE][PASSED] - Keys 'ENTER + ' sent to object: 'Object Repository/Objects.HighlightElements/input_field_index'

2020-05-27 16:27:45 - [TEST_STEP][PASSED] - ComboBoxValue = getAttribute(NewInputNmField, "value"): Attribute 'value' of object 'Object Repository/Objects.HighlightElements/input_field_index' is: '[AAPSI821] T7C'

2020-05-27 16:27:45 - [MESSAGE][PASSED] - Attribute 'value' of object 'Object Repository/Objects.HighlightElements/input_field_index' is: '[AAPSI821] T7C'

2020-05-27 16:27:45 - [TEST_STEP][PASSED] - callTestCase(findTestCase(CallTCName), ["FindValue":ComboBoxValue, "DropdownNm":comboNm], STOP_ON_FAILURE): Call Test Case 'Test Cases/PFI Precision and Scale/PFI Components/PFILetterTemplate' successfully

2020-05-27 16:27:45 - [TEST_CASE][PASSED] - Test Cases/PFI Precision and Scale/PFI Components/PFILetterTemplate: Test Cases/PFI Precision and Scale/PFI Components/PFILetterTemplate

2020-05-27 16:27:45 - [TEST_STEP][PASSED] - PFILetterTemplateTBL = [1:["Reminder":"Ministry Of Health"], 2:["Reminder":"Reminder Free Format Letter"], 3:["Reminder":"Reminder 1 (SF_ESID_SIS/SL-REM1)"], ... ]: null

2020-05-27 16:27:45 - [TEST_STEP][PASSED] - switch (DropdownNm): null

2020-05-27 16:27:45 - [TEST_STEP][PASSED] - case "IssueWD":: null

2020-05-27 16:27:45 - [TEST_STEP][PASSED] - ValueFound = PFILetterTemplateTBL.find({ -> ... }): null

2020-05-27 16:27:45 - [TEST_STEP][PASSED] - break: null

2020-05-27 16:27:45 - [MESSAGE][PASSED] - Call Test Case 'Test Cases/PFI Precision and Scale/PFI Components/PFILetterTemplate' successfully

2020-05-27 16:27:45 - [TEST_STEP][PASSED] - println(ValueFound): null

2020-05-27 16:27:45 - [TEST_STEP][PASSED] - sendKeys(NewInputNmField, Keys.chord(ARROW_DOWN)): Keys 'DOWN + ' sent to object: 'Object Repository/Objects.HighlightElements/input_field_index'

2020-05-27 16:27:46 - [MESSAGE][PASSED] - Keys 'DOWN + ' sent to object: 'Object Repository/Objects.HighlightElements/input_field_index'

2020-05-27 16:27:46 - [TEST_STEP][PASSED] - sendKeys(NewInputNmField, Keys.chord(ARROW_DOWN)): Keys 'DOWN + ' sent to object: 'Object Repository/Objects.HighlightElements/input_field_index'

2020-05-27 16:27:46 - [MESSAGE][PASSED] - Keys 'DOWN + ' sent to object: 'Object Repository/Objects.HighlightElements/input_field_index'

2020-05-27 16:27:46 - [TEST_STEP][PASSED] - delay(DelayTime): Delayed 0 second(s)

2020-05-27 16:27:46 - [MESSAGE][PASSED] - Delayed 0 second(s)

2020-05-27 16:27:46 - [TEST_STEP][PASSED] - sendKeys(NewInputNmField, Keys.chord(ENTER)): Keys 'ENTER + ' sent to object: 'Object Repository/Objects.HighlightElements/input_field_index'

2020-05-27 16:27:47 - [MESSAGE][PASSED] - Keys 'ENTER + ' sent to object: 'Object Repository/Objects.HighlightElements/input_field_index'

2020-05-27 16:27:47 - [TEST_STEP][PASSED] - ComboBoxValue = getAttribute(NewInputNmField, "value"): Attribute 'value' of object 'Object Repository/Objects.HighlightElements/input_field_index' is: '[eAAPSI806] eT1'

2020-05-27 16:27:47 - [MESSAGE][PASSED] - Attribute 'value' of object 'Object Repository/Objects.HighlightElements/input_field_index' is: '[eAAPSI806] eT1'

2020-05-27 16:27:47 - [TEST_STEP][PASSED] - callTestCase(findTestCase(CallTCName), ["FindValue":ComboBoxValue, "DropdownNm":comboNm], STOP_ON_FAILURE): Call Test Case 'Test Cases/PFI Precision and Scale/PFI Components/PFILetterTemplate' successfully

2020-05-27 16:27:47 - [TEST_CASE][PASSED] - Test Cases/PFI Precision and Scale/PFI Components/PFILetterTemplate: Test Cases/PFI Precision and Scale/PFI Components/PFILetterTemplate

2020-05-27 16:27:47 - [TEST_STEP][PASSED] - PFILetterTemplateTBL = [1:["Reminder":"Ministry Of Health"], 2:["Reminder":"Reminder Free Format Letter"], 3:["Reminder":"Reminder 1 (SF_ESID_SIS/SL-REM1)"], ... ]: null

2020-05-27 16:27:47 - [TEST_STEP][PASSED] - switch (DropdownNm): null

2020-05-27 16:27:47 - [TEST_STEP][PASSED] - case "IssueWD":: null

2020-05-27 16:27:47 - [TEST_STEP][PASSED] - ValueFound = PFILetterTemplateTBL.find({ -> ... }): null

2020-05-27 16:27:47 - [TEST_STEP][PASSED] - break: null

2020-05-27 16:27:47 - [MESSAGE][PASSED] - Call Test Case 'Test Cases/PFI Precision and Scale/PFI Components/PFILetterTemplate' successfully

2020-05-27 16:27:47 - [TEST_STEP][PASSED] - println(ValueFound): null

2020-05-27 16:27:47 - [TEST_STEP][PASSED] - sendKeys(NewInputNmField, Keys.chord(ARROW_DOWN)): Keys 'DOWN + ' sent to object: 'Object Repository/Objects.HighlightElements/input_field_index'

2020-05-27 16:27:48 - [MESSAGE][PASSED] - Keys 'DOWN + ' sent to object: 'Object Repository/Objects.HighlightElements/input_field_index'

2020-05-27 16:27:48 - [TEST_STEP][PASSED] - sendKeys(NewInputNmField, Keys.chord(ARROW_DOWN)): Keys 'DOWN + ' sent to object: 'Object Repository/Objects.HighlightElements/input_field_index'

2020-05-27 16:27:48 - [MESSAGE][PASSED] - Keys 'DOWN + ' sent to object: 'Object Repository/Objects.HighlightElements/input_field_index'

2020-05-27 16:27:48 - [TEST_STEP][PASSED] - delay(DelayTime): Delayed 0 second(s)

2020-05-27 16:27:48 - [MESSAGE][PASSED] - Delayed 0 second(s)

2020-05-27 16:27:48 - [TEST_STEP][PASSED] - sendKeys(NewInputNmField, Keys.chord(ENTER)): Keys 'ENTER + ' sent to object: 'Object Repository/Objects.HighlightElements/input_field_index'

2020-05-27 16:27:48 - [MESSAGE][PASSED] - Keys 'ENTER + ' sent to object: 'Object Repository/Objects.HighlightElements/input_field_index'

2020-05-27 16:27:48 - [TEST_STEP][PASSED] - ComboBoxValue = getAttribute(NewInputNmField, "value"): Attribute 'value' of object 'Object Repository/Objects.HighlightElements/input_field_index' is: '[eAAPSI807] eT3'

2020-05-27 16:27:49 - [MESSAGE][PASSED] - Attribute 'value' of object 'Object Repository/Objects.HighlightElements/input_field_index' is: '[eAAPSI807] eT3'

2020-05-27 16:27:49 - [TEST_STEP][PASSED] - callTestCase(findTestCase(CallTCName), ["FindValue":ComboBoxValue, "DropdownNm":comboNm], STOP_ON_FAILURE): Call Test Case 'Test Cases/PFI Precision and Scale/PFI Components/PFILetterTemplate' successfully

2020-05-27 16:27:49 - [TEST_CASE][PASSED] - Test Cases/PFI Precision and Scale/PFI Components/PFILetterTemplate: Test Cases/PFI Precision and Scale/PFI Components/PFILetterTemplate

2020-05-27 16:27:49 - [TEST_STEP][PASSED] - PFILetterTemplateTBL = [1:["Reminder":"Ministry Of Health"], 2:["Reminder":"Reminder Free Format Letter"], 3:["Reminder":"Reminder 1 (SF_ESID_SIS/SL-REM1)"], ... ]: null

2020-05-27 16:27:49 - [TEST_STEP][PASSED] - switch (DropdownNm): null

2020-05-27 16:27:49 - [TEST_STEP][PASSED] - case "IssueWD":: null

2020-05-27 16:27:49 - [TEST_STEP][PASSED] - ValueFound = PFILetterTemplateTBL.find({ -> ... }): null

2020-05-27 16:27:49 - [TEST_STEP][PASSED] - break: null

2020-05-27 16:27:49 - [MESSAGE][PASSED] - Call Test Case 'Test Cases/PFI Precision and Scale/PFI Components/PFILetterTemplate' successfully

2020-05-27 16:27:49 - [TEST_STEP][PASSED] - println(ValueFound): null

2020-05-27 16:27:49 - [TEST_STEP][PASSED] - sendKeys(NewInputNmField, Keys.chord(ARROW_DOWN)): Keys 'DOWN + ' sent to object: 'Object Repository/Objects.HighlightElements/input_field_index'

2020-05-27 16:27:49 - [MESSAGE][PASSED] - Keys 'DOWN + ' sent to object: 'Object Repository/Objects.HighlightElements/input_field_index'

2020-05-27 16:27:49 - [TEST_STEP][PASSED] - sendKeys(NewInputNmField, Keys.chord(ARROW_DOWN)): Keys 'DOWN + ' sent to object: 'Object Repository/Objects.HighlightElements/input_field_index'

2020-05-27 16:27:50 - [MESSAGE][PASSED] - Keys 'DOWN + ' sent to object: 'Object Repository/Objects.HighlightElements/input_field_index'

2020-05-27 16:27:50 - [TEST_STEP][PASSED] - delay(DelayTime): Delayed 0 second(s)

2020-05-27 16:27:50 - [MESSAGE][PASSED] - Delayed 0 second(s)

2020-05-27 16:27:50 - [TEST_STEP][PASSED] - sendKeys(NewInputNmField, Keys.chord(ENTER)): Keys 'ENTER + ' sent to object: 'Object Repository/Objects.HighlightElements/input_field_index'

2020-05-27 16:27:50 - [MESSAGE][PASSED] - Keys 'ENTER + ' sent to object: 'Object Repository/Objects.HighlightElements/input_field_index'

2020-05-27 16:27:50 - [TEST_STEP][PASSED] - ComboBoxValue = getAttribute(NewInputNmField, "value"): Attribute 'value' of object 'Object Repository/Objects.HighlightElements/input_field_index' is: '[eAAPSI808] eT4'

2020-05-27 16:27:51 - [MESSAGE][PASSED] - Attribute 'value' of object 'Object Repository/Objects.HighlightElements/input_field_index' is: '[eAAPSI808] eT4'

2020-05-27 16:27:51 - [TEST_STEP][PASSED] - callTestCase(findTestCase(CallTCName), ["FindValue":ComboBoxValue, "DropdownNm":comboNm], STOP_ON_FAILURE): Call Test Case 'Test Cases/PFI Precision and Scale/PFI Components/PFILetterTemplate' successfully

2020-05-27 16:27:51 - [TEST_CASE][PASSED] - Test Cases/PFI Precision and Scale/PFI Components/PFILetterTemplate: Test Cases/PFI Precision and Scale/PFI Components/PFILetterTemplate

2020-05-27 16:27:51 - [TEST_STEP][PASSED] - PFILetterTemplateTBL = [1:["Reminder":"Ministry Of Health"], 2:["Reminder":"Reminder Free Format Letter"], 3:["Reminder":"Reminder 1 (SF_ESID_SIS/SL-REM1)"], ... ]: null

2020-05-27 16:27:51 - [TEST_STEP][PASSED] - switch (DropdownNm): null

2020-05-27 16:27:51 - [TEST_STEP][PASSED] - case "IssueWD":: null

2020-05-27 16:27:51 - [TEST_STEP][PASSED] - ValueFound = PFILetterTemplateTBL.find({ -> ... }): null

2020-05-27 16:27:51 - [TEST_STEP][PASSED] - break: null

2020-05-27 16:27:51 - [MESSAGE][PASSED] - Call Test Case 'Test Cases/PFI Precision and Scale/PFI Components/PFILetterTemplate' successfully

2020-05-27 16:27:51 - [TEST_STEP][PASSED] - println(ValueFound): null

2020-05-27 16:27:51 - [TEST_STEP][PASSED] - sendKeys(NewInputNmField, Keys.chord(ARROW_DOWN)): Keys 'DOWN + ' sent to object: 'Object Repository/Objects.HighlightElements/input_field_index'

2020-05-27 16:27:51 - [MESSAGE][PASSED] - Keys 'DOWN + ' sent to object: 'Object Repository/Objects.HighlightElements/input_field_index'

2020-05-27 16:27:51 - [TEST_STEP][PASSED] - sendKeys(NewInputNmField, Keys.chord(ARROW_DOWN)): Keys 'DOWN + ' sent to object: 'Object Repository/Objects.HighlightElements/input_field_index'

2020-05-27 16:27:52 - [MESSAGE][PASSED] - Keys 'DOWN + ' sent to object: 'Object Repository/Objects.HighlightElements/input_field_index'

2020-05-27 16:27:52 - [TEST_STEP][PASSED] - delay(DelayTime): Delayed 0 second(s)

2020-05-27 16:27:52 - [MESSAGE][PASSED] - Delayed 0 second(s)

2020-05-27 16:27:52 - [TEST_STEP][PASSED] - sendKeys(NewInputNmField, Keys.chord(ENTER)): Keys 'ENTER + ' sent to object: 'Object Repository/Objects.HighlightElements/input_field_index'

2020-05-27 16:27:52 - [MESSAGE][PASSED] - Keys 'ENTER + ' sent to object: 'Object Repository/Objects.HighlightElements/input_field_index'

2020-05-27 16:27:52 - [TEST_STEP][PASSED] - ComboBoxValue = getAttribute(NewInputNmField, "value"): Attribute 'value' of object 'Object Repository/Objects.HighlightElements/input_field_index' is: '[eAAPSI809] eT5'

2020-05-27 16:27:52 - [MESSAGE][PASSED] - Attribute 'value' of object 'Object Repository/Objects.HighlightElements/input_field_index' is: '[eAAPSI809] eT5'

2020-05-27 16:27:52 - [TEST_STEP][PASSED] - callTestCase(findTestCase(CallTCName), ["FindValue":ComboBoxValue, "DropdownNm":comboNm], STOP_ON_FAILURE): Call Test Case 'Test Cases/PFI Precision and Scale/PFI Components/PFILetterTemplate' successfully

2020-05-27 16:27:52 - [TEST_CASE][PASSED] - Test Cases/PFI Precision and Scale/PFI Components/PFILetterTemplate: Test Cases/PFI Precision and Scale/PFI Components/PFILetterTemplate

2020-05-27 16:27:52 - [TEST_STEP][PASSED] - PFILetterTemplateTBL = [1:["Reminder":"Ministry Of Health"], 2:["Reminder":"Reminder Free Format Letter"], 3:["Reminder":"Reminder 1 (SF_ESID_SIS/SL-REM1)"], ... ]: null

2020-05-27 16:27:52 - [TEST_STEP][PASSED] - switch (DropdownNm): null

2020-05-27 16:27:52 - [TEST_STEP][PASSED] - case "IssueWD":: null

2020-05-27 16:27:52 - [TEST_STEP][PASSED] - ValueFound = PFILetterTemplateTBL.find({ -> ... }): null

2020-05-27 16:27:53 - [TEST_STEP][PASSED] - break: null

2020-05-27 16:27:53 - [MESSAGE][PASSED] - Call Test Case 'Test Cases/PFI Precision and Scale/PFI Components/PFILetterTemplate' successfully

2020-05-27 16:27:53 - [TEST_STEP][PASSED] - println(ValueFound): null

2020-05-27 16:27:53 - [TEST_STEP][PASSED] - sendKeys(NewInputNmField, Keys.chord(ARROW_DOWN)): Keys 'DOWN + ' sent to object: 'Object Repository/Objects.HighlightElements/input_field_index'

2020-05-27 16:27:53 - [MESSAGE][PASSED] - Keys 'DOWN + ' sent to object: 'Object Repository/Objects.HighlightElements/input_field_index'

2020-05-27 16:27:53 - [TEST_STEP][PASSED] - sendKeys(NewInputNmField, Keys.chord(ARROW_DOWN)): Keys 'DOWN + ' sent to object: 'Object Repository/Objects.HighlightElements/input_field_index'

2020-05-27 16:27:53 - [MESSAGE][PASSED] - Keys 'DOWN + ' sent to object: 'Object Repository/Objects.HighlightElements/input_field_index'

2020-05-27 16:27:53 - [TEST_STEP][PASSED] - delay(DelayTime): Delayed 0 second(s)

2020-05-27 16:27:53 - [MESSAGE][PASSED] - Delayed 0 second(s)

2020-05-27 16:27:53 - [TEST_STEP][PASSED] - sendKeys(NewInputNmField, Keys.chord(ENTER)): Keys 'ENTER + ' sent to object: 'Object Repository/Objects.HighlightElements/input_field_index'

2020-05-27 16:27:54 - [MESSAGE][PASSED] - Keys 'ENTER + ' sent to object: 'Object Repository/Objects.HighlightElements/input_field_index'

2020-05-27 16:27:54 - [TEST_STEP][PASSED] - ComboBoxValue = getAttribute(NewInputNmField, "value"): Attribute 'value' of object 'Object Repository/Objects.HighlightElements/input_field_index' is: '[eAAPSI810] eT6'

2020-05-27 16:27:54 - [MESSAGE][PASSED] - Attribute 'value' of object 'Object Repository/Objects.HighlightElements/input_field_index' is: '[eAAPSI810] eT6'

2020-05-27 16:27:54 - [TEST_STEP][PASSED] - callTestCase(findTestCase(CallTCName), ["FindValue":ComboBoxValue, "DropdownNm":comboNm], STOP_ON_FAILURE): Call Test Case 'Test Cases/PFI Precision and Scale/PFI Components/PFILetterTemplate' successfully

2020-05-27 16:27:54 - [TEST_CASE][PASSED] - Test Cases/PFI Precision and Scale/PFI Components/PFILetterTemplate: Test Cases/PFI Precision and Scale/PFI Components/PFILetterTemplate

2020-05-27 16:27:54 - [TEST_STEP][PASSED] - PFILetterTemplateTBL = [1:["Reminder":"Ministry Of Health"], 2:["Reminder":"Reminder Free Format Letter"], 3:["Reminder":"Reminder 1 (SF_ESID_SIS/SL-REM1)"], ... ]: null

2020-05-27 16:27:54 - [TEST_STEP][PASSED] - switch (DropdownNm): null

2020-05-27 16:27:54 - [TEST_STEP][PASSED] - case "IssueWD":: null

2020-05-27 16:27:54 - [TEST_STEP][PASSED] - ValueFound = PFILetterTemplateTBL.find({ -> ... }): null

2020-05-27 16:27:54 - [TEST_STEP][PASSED] - break: null

2020-05-27 16:27:54 - [MESSAGE][PASSED] - Call Test Case 'Test Cases/PFI Precision and Scale/PFI Components/PFILetterTemplate' successfully

2020-05-27 16:27:54 - [TEST_STEP][PASSED] - println(ValueFound): null

2020-05-27 16:27:54 - [TEST_STEP][PASSED] - sendKeys(NewInputNmField, Keys.chord(ARROW_DOWN)): Keys 'DOWN + ' sent to object: 'Object Repository/Objects.HighlightElements/input_field_index'

2020-05-27 16:27:55 - [MESSAGE][PASSED] - Keys 'DOWN + ' sent to object: 'Object Repository/Objects.HighlightElements/input_field_index'

2020-05-27 16:27:55 - [TEST_STEP][PASSED] - sendKeys(NewInputNmField, Keys.chord(ARROW_DOWN)): Keys 'DOWN + ' sent to object: 'Object Repository/Objects.HighlightElements/input_field_index'

2020-05-27 16:27:55 - [MESSAGE][PASSED] - Keys 'DOWN + ' sent to object: 'Object Repository/Objects.HighlightElements/input_field_index'

2020-05-27 16:27:55 - [TEST_STEP][PASSED] - delay(DelayTime): Delayed 0 second(s)

2020-05-27 16:27:55 - [MESSAGE][PASSED] - Delayed 0 second(s)

2020-05-27 16:27:55 - [TEST_STEP][PASSED] - sendKeys(NewInputNmField, Keys.chord(ENTER)): Keys 'ENTER + ' sent to object: 'Object Repository/Objects.HighlightElements/input_field_index'

2020-05-27 16:27:55 - [MESSAGE][PASSED] - Keys 'ENTER + ' sent to object: 'Object Repository/Objects.HighlightElements/input_field_index'

2020-05-27 16:27:55 - [TEST_STEP][PASSED] - ComboBoxValue = getAttribute(NewInputNmField, "value"): Attribute 'value' of object 'Object Repository/Objects.HighlightElements/input_field_index' is: '[eAAPSI820] eT7'

2020-05-27 16:27:56 - [MESSAGE][PASSED] - Attribute 'value' of object 'Object Repository/Objects.HighlightElements/input_field_index' is: '[eAAPSI820] eT7'

2020-05-27 16:27:56 - [TEST_STEP][PASSED] - callTestCase(findTestCase(CallTCName), ["FindValue":ComboBoxValue, "DropdownNm":comboNm], STOP_ON_FAILURE): Call Test Case 'Test Cases/PFI Precision and Scale/PFI Components/PFILetterTemplate' successfully

2020-05-27 16:27:56 - [TEST_CASE][PASSED] - Test Cases/PFI Precision and Scale/PFI Components/PFILetterTemplate: Test Cases/PFI Precision and Scale/PFI Components/PFILetterTemplate

2020-05-27 16:27:56 - [TEST_STEP][PASSED] - PFILetterTemplateTBL = [1:["Reminder":"Ministry Of Health"], 2:["Reminder":"Reminder Free Format Letter"], 3:["Reminder":"Reminder 1 (SF_ESID_SIS/SL-REM1)"], ... ]: null

2020-05-27 16:27:56 - [TEST_STEP][PASSED] - switch (DropdownNm): null

2020-05-27 16:27:56 - [TEST_STEP][PASSED] - case "IssueWD":: null

2020-05-27 16:27:56 - [TEST_STEP][PASSED] - ValueFound = PFILetterTemplateTBL.find({ -> ... }): null

2020-05-27 16:27:56 - [TEST_STEP][PASSED] - break: null

2020-05-27 16:27:56 - [MESSAGE][PASSED] - Call Test Case 'Test Cases/PFI Precision and Scale/PFI Components/PFILetterTemplate' successfully

2020-05-27 16:27:56 - [TEST_STEP][PASSED] - println(ValueFound): null

2020-05-27 16:27:56 - [TEST_STEP][PASSED] - sendKeys(NewInputNmField, Keys.chord(ARROW_DOWN)): Keys 'DOWN + ' sent to object: 'Object Repository/Objects.HighlightElements/input_field_index'

2020-05-27 16:27:56 - [MESSAGE][PASSED] - Keys 'DOWN + ' sent to object: 'Object Repository/Objects.HighlightElements/input_field_index'

2020-05-27 16:27:56 - [TEST_STEP][PASSED] - sendKeys(NewInputNmField, Keys.chord(ARROW_DOWN)): Keys 'DOWN + ' sent to object: 'Object Repository/Objects.HighlightElements/input_field_index'

2020-05-27 16:27:57 - [MESSAGE][PASSED] - Keys 'DOWN + ' sent to object: 'Object Repository/Objects.HighlightElements/input_field_index'

2020-05-27 16:27:57 - [TEST_STEP][PASSED] - delay(DelayTime): Delayed 0 second(s)

2020-05-27 16:27:57 - [MESSAGE][PASSED] - Delayed 0 second(s)

2020-05-27 16:27:57 - [TEST_STEP][PASSED] - sendKeys(NewInputNmField, Keys.chord(ENTER)): Keys 'ENTER + ' sent to object: 'Object Repository/Objects.HighlightElements/input_field_index'

2020-05-27 16:27:57 - [MESSAGE][PASSED] - Keys 'ENTER + ' sent to object: 'Object Repository/Objects.HighlightElements/input_field_index'

2020-05-27 16:27:57 - [TEST_STEP][PASSED] - ComboBoxValue = getAttribute(NewInputNmField, "value"): Attribute 'value' of object 'Object Repository/Objects.HighlightElements/input_field_index' is: '[eAAPSI821] eT7C'

2020-05-27 16:27:58 - [MESSAGE][PASSED] - Attribute 'value' of object 'Object Repository/Objects.HighlightElements/input_field_index' is: '[eAAPSI821] eT7C'

2020-05-27 16:27:58 - [TEST_STEP][PASSED] - callTestCase(findTestCase(CallTCName), ["FindValue":ComboBoxValue, "DropdownNm":comboNm], STOP_ON_FAILURE): Call Test Case 'Test Cases/PFI Precision and Scale/PFI Components/PFILetterTemplate' successfully

2020-05-27 16:27:58 - [TEST_CASE][PASSED] - Test Cases/PFI Precision and Scale/PFI Components/PFILetterTemplate: Test Cases/PFI Precision and Scale/PFI Components/PFILetterTemplate

2020-05-27 16:27:58 - [TEST_STEP][PASSED] - PFILetterTemplateTBL = [1:["Reminder":"Ministry Of Health"], 2:["Reminder":"Reminder Free Format Letter"], 3:["Reminder":"Reminder 1 (SF_ESID_SIS/SL-REM1)"], ... ]: null

2020-05-27 16:27:58 - [TEST_STEP][PASSED] - switch (DropdownNm): null

2020-05-27 16:27:58 - [TEST_STEP][PASSED] - case "IssueWD":: null

2020-05-27 16:27:58 - [TEST_STEP][PASSED] - ValueFound = PFILetterTemplateTBL.find({ -> ... }): null

2020-05-27 16:27:58 - [TEST_STEP][PASSED] - break: null

2020-05-27 16:27:58 - [MESSAGE][PASSED] - Call Test Case 'Test Cases/PFI Precision and Scale/PFI Components/PFILetterTemplate' successfully

2020-05-27 16:27:58 - [TEST_STEP][PASSED] - println(ValueFound): null

2020-05-27 16:27:58 - [TEST_STEP][PASSED] - sendKeys(NewInputNmField, Keys.chord(ARROW_DOWN)): Keys 'DOWN + ' sent to object: 'Object Repository/Objects.HighlightElements/input_field_index'

2020-05-27 16:27:58 - [MESSAGE][PASSED] - Keys 'DOWN + ' sent to object: 'Object Repository/Objects.HighlightElements/input_field_index'

2020-05-27 16:27:58 - [TEST_STEP][PASSED] - sendKeys(NewInputNmField, Keys.chord(ARROW_DOWN)): Keys 'DOWN + ' sent to object: 'Object Repository/Objects.HighlightElements/input_field_index'

2020-05-27 16:27:59 - [MESSAGE][PASSED] - Keys 'DOWN + ' sent to object: 'Object Repository/Objects.HighlightElements/input_field_index'

2020-05-27 16:27:59 - [TEST_STEP][PASSED] - delay(DelayTime): Delayed 0 second(s)

2020-05-27 16:27:59 - [MESSAGE][PASSED] - Delayed 0 second(s)

2020-05-27 16:27:59 - [TEST_STEP][PASSED] - sendKeys(NewInputNmField, Keys.chord(ENTER)): Keys 'ENTER + ' sent to object: 'Object Repository/Objects.HighlightElements/input_field_index'

2020-05-27 16:27:59 - [MESSAGE][PASSED] - Keys 'ENTER + ' sent to object: 'Object Repository/Objects.HighlightElements/input_field_index'

2020-05-27 16:27:59 - [TEST_STEP][PASSED] - ComboBoxValue = getAttribute(NewInputNmField, "value"): Attribute 'value' of object 'Object Repository/Objects.HighlightElements/input_field_index' is: '[[[EAAPSI821] EAAPSI821_ET7C] AAPSI821] [[EAAPSI821] EAAPSI821_ET7C] AAPSI821'

2020-05-27 16:27:59 - [MESSAGE][PASSED] - Attribute 'value' of object 'Object Repository/Objects.HighlightElements/input_field_index' is: '[[[EAAPSI821] EAAPSI821_ET7C] AAPSI821] [[EAAPSI821] EAAPSI821_ET7C] AAPSI821'

2020-05-27 16:27:59 - [TEST_STEP][PASSED] - callTestCase(findTestCase(CallTCName), ["FindValue":ComboBoxValue, "DropdownNm":comboNm], STOP_ON_FAILURE): Call Test Case 'Test Cases/PFI Precision and Scale/PFI Components/PFILetterTemplate' successfully

2020-05-27 16:28:00 - [TEST_CASE][PASSED] - Test Cases/PFI Precision and Scale/PFI Components/PFILetterTemplate: Test Cases/PFI Precision and Scale/PFI Components/PFILetterTemplate

2020-05-27 16:28:00 - [TEST_STEP][PASSED] - PFILetterTemplateTBL = [1:["Reminder":"Ministry Of Health"], 2:["Reminder":"Reminder Free Format Letter"], 3:["Reminder":"Reminder 1 (SF_ESID_SIS/SL-REM1)"], ... ]: null

2020-05-27 16:28:00 - [TEST_STEP][PASSED] - switch (DropdownNm): null

2020-05-27 16:28:00 - [TEST_STEP][PASSED] - case "IssueWD":: null

2020-05-27 16:28:00 - [TEST_STEP][PASSED] - ValueFound = PFILetterTemplateTBL.find({ -> ... }): null

2020-05-27 16:28:00 - [TEST_STEP][PASSED] - break: null

2020-05-27 16:28:00 - [MESSAGE][PASSED] - Call Test Case 'Test Cases/PFI Precision and Scale/PFI Components/PFILetterTemplate' successfully

2020-05-27 16:28:00 - [TEST_STEP][PASSED] - println(ValueFound): null

2020-05-27 16:28:00 - [TEST_STEP][PASSED] - sendKeys(NewInputNmField, Keys.chord(ARROW_DOWN)): Keys 'DOWN + ' sent to object: 'Object Repository/Objects.HighlightElements/input_field_index'

2020-05-27 16:28:00 - [MESSAGE][PASSED] - Keys 'DOWN + ' sent to object: 'Object Repository/Objects.HighlightElements/input_field_index'

2020-05-27 16:28:00 - [TEST_STEP][PASSED] - sendKeys(NewInputNmField, Keys.chord(ARROW_DOWN)): Keys 'DOWN + ' sent to object: 'Object Repository/Objects.HighlightElements/input_field_index'

2020-05-27 16:28:00 - [MESSAGE][PASSED] - Keys 'DOWN + ' sent to object: 'Object Repository/Objects.HighlightElements/input_field_index'

2020-05-27 16:28:00 - [TEST_STEP][PASSED] - delay(DelayTime): Delayed 0 second(s)

2020-05-27 16:28:00 - [MESSAGE][PASSED] - Delayed 0 second(s)

2020-05-27 16:28:00 - [TEST_STEP][PASSED] - sendKeys(NewInputNmField, Keys.chord(ENTER)): Keys 'ENTER + ' sent to object: 'Object Repository/Objects.HighlightElements/input_field_index'

2020-05-27 16:28:01 - [MESSAGE][PASSED] - Keys 'ENTER + ' sent to object: 'Object Repository/Objects.HighlightElements/input_field_index'

2020-05-27 16:28:01 - [TEST_STEP][PASSED] - ComboBoxValue = getAttribute(NewInputNmField, "value"): Attribute 'value' of object 'Object Repository/Objects.HighlightElements/input_field_index' is: '[PABP05450] [PABP05450] BP Refund Letter[PABP05450][1][1]'

2020-05-27 16:28:01 - [MESSAGE][PASSED] - Attribute 'value' of object 'Object Repository/Objects.HighlightElements/input_field_index' is: '[PABP05450] [PABP05450] BP Refund Letter[PABP05450][1][1]'

2020-05-27 16:28:01 - [TEST_STEP][PASSED] - callTestCase(findTestCase(CallTCName), ["FindValue":ComboBoxValue, "DropdownNm":comboNm], STOP_ON_FAILURE): Call Test Case 'Test Cases/PFI Precision and Scale/PFI Components/PFILetterTemplate' successfully

2020-05-27 16:28:01 - [TEST_CASE][PASSED] - Test Cases/PFI Precision and Scale/PFI Components/PFILetterTemplate: Test Cases/PFI Precision and Scale/PFI Components/PFILetterTemplate

2020-05-27 16:28:01 - [TEST_STEP][PASSED] - PFILetterTemplateTBL = [1:["Reminder":"Ministry Of Health"], 2:["Reminder":"Reminder Free Format Letter"], 3:["Reminder":"Reminder 1 (SF_ESID_SIS/SL-REM1)"], ... ]: null

2020-05-27 16:28:01 - [TEST_STEP][PASSED] - switch (DropdownNm): null

2020-05-27 16:28:01 - [TEST_STEP][PASSED] - case "IssueWD":: null

2020-05-27 16:28:01 - [TEST_STEP][PASSED] - ValueFound = PFILetterTemplateTBL.find({ -> ... }): null

2020-05-27 16:28:01 - [TEST_STEP][PASSED] - break: null

2020-05-27 16:28:01 - [MESSAGE][PASSED] - Call Test Case 'Test Cases/PFI Precision and Scale/PFI Components/PFILetterTemplate' successfully

2020-05-27 16:28:01 - [TEST_STEP][PASSED] - println(ValueFound): null

2020-05-27 16:28:01 - [TEST_STEP][PASSED] - sendKeys(NewInputNmField, Keys.chord(ARROW_DOWN)): Keys 'DOWN + ' sent to object: 'Object Repository/Objects.HighlightElements/input_field_index'

2020-05-27 16:28:02 - [MESSAGE][PASSED] - Keys 'DOWN + ' sent to object: 'Object Repository/Objects.HighlightElements/input_field_index'

2020-05-27 16:28:02 - [TEST_STEP][PASSED] - sendKeys(NewInputNmField, Keys.chord(ARROW_DOWN)): Keys 'DOWN + ' sent to object: 'Object Repository/Objects.HighlightElements/input_field_index'

2020-05-27 16:28:02 - [MESSAGE][PASSED] - Keys 'DOWN + ' sent to object: 'Object Repository/Objects.HighlightElements/input_field_index'

2020-05-27 16:28:02 - [TEST_STEP][PASSED] - delay(DelayTime): Delayed 0 second(s)

2020-05-27 16:28:02 - [MESSAGE][PASSED] - Delayed 0 second(s)

2020-05-27 16:28:02 - [TEST_STEP][PASSED] - sendKeys(NewInputNmField, Keys.chord(ENTER)): Keys 'ENTER + ' sent to object: 'Object Repository/Objects.HighlightElements/input_field_index'

2020-05-27 16:28:02 - [MESSAGE][PASSED] - Keys 'ENTER + ' sent to object: 'Object Repository/Objects.HighlightElements/input_field_index'

2020-05-27 16:28:02 - [TEST_STEP][PASSED] - ComboBoxValue = getAttribute(NewInputNmField, "value"): Attribute 'value' of object 'Object Repository/Objects.HighlightElements/input_field_index' is: '[AAPSI816] SF_ESID_SISSF-D1-G Generate Govt Notice'

2020-05-27 16:28:03 - [MESSAGE][PASSED] - Attribute 'value' of object 'Object Repository/Objects.HighlightElements/input_field_index' is: '[AAPSI816] SF_ESID_SISSF-D1-G Generate Govt Notice'

2020-05-27 16:28:03 - [TEST_STEP][PASSED] - callTestCase(findTestCase(CallTCName), ["FindValue":ComboBoxValue, "DropdownNm":comboNm], STOP_ON_FAILURE): Call Test Case 'Test Cases/PFI Precision and Scale/PFI Components/PFILetterTemplate' successfully

2020-05-27 16:28:03 - [TEST_CASE][PASSED] - Test Cases/PFI Precision and Scale/PFI Components/PFILetterTemplate: Test Cases/PFI Precision and Scale/PFI Components/PFILetterTemplate

2020-05-27 16:28:03 - [TEST_STEP][PASSED] - PFILetterTemplateTBL = [1:["Reminder":"Ministry Of Health"], 2:["Reminder":"Reminder Free Format Letter"], 3:["Reminder":"Reminder 1 (SF_ESID_SIS/SL-REM1)"], ... ]: null

2020-05-27 16:28:03 - [TEST_STEP][PASSED] - switch (DropdownNm): null

2020-05-27 16:28:03 - [TEST_STEP][PASSED] - case "IssueWD":: null

2020-05-27 16:28:03 - [TEST_STEP][PASSED] - ValueFound = PFILetterTemplateTBL.find({ -> ... }): null

2020-05-27 16:28:03 - [TEST_STEP][PASSED] - break: null

2020-05-27 16:28:03 - [MESSAGE][PASSED] - Call Test Case 'Test Cases/PFI Precision and Scale/PFI Components/PFILetterTemplate' successfully

2020-05-27 16:28:03 - [TEST_STEP][PASSED] - println(ValueFound): null

2020-05-27 16:28:03 - [TEST_STEP][PASSED] - sendKeys(NewInputNmField, Keys.chord(ARROW_DOWN)): Keys 'DOWN + ' sent to object: 'Object Repository/Objects.HighlightElements/input_field_index'

2020-05-27 16:28:03 - [MESSAGE][PASSED] - Keys 'DOWN + ' sent to object: 'Object Repository/Objects.HighlightElements/input_field_index'

2020-05-27 16:28:03 - [TEST_STEP][PASSED] - sendKeys(NewInputNmField, Keys.chord(ARROW_DOWN)): Keys 'DOWN + ' sent to object: 'Object Repository/Objects.HighlightElements/input_field_index'

2020-05-27 16:28:04 - [MESSAGE][PASSED] - Keys 'DOWN + ' sent to object: 'Object Repository/Objects.HighlightElements/input_field_index'

2020-05-27 16:28:04 - [TEST_STEP][PASSED] - delay(DelayTime): Delayed 0 second(s)

2020-05-27 16:28:04 - [MESSAGE][PASSED] - Delayed 0 second(s)

2020-05-27 16:28:04 - [TEST_STEP][PASSED] - sendKeys(NewInputNmField, Keys.chord(ENTER)): Keys 'ENTER + ' sent to object: 'Object Repository/Objects.HighlightElements/input_field_index'

2020-05-27 16:28:04 - [MESSAGE][PASSED] - Keys 'ENTER + ' sent to object: 'Object Repository/Objects.HighlightElements/input_field_index'

2020-05-27 16:28:04 - [TEST_STEP][PASSED] - ComboBoxValue = getAttribute(NewInputNmField, "value"): Attribute 'value' of object 'Object Repository/Objects.HighlightElements/input_field_index' is: '[AAPSI815] D1 (Multiple Owners With Structural Plan) - Regeneration of Notice'

2020-05-27 16:28:05 - [MESSAGE][PASSED] - Attribute 'value' of object 'Object Repository/Objects.HighlightElements/input_field_index' is: '[AAPSI815] D1 (Multiple Owners With Structural Plan) - Regeneration of Notice'

2020-05-27 16:28:05 - [TEST_STEP][PASSED] - callTestCase(findTestCase(CallTCName), ["FindValue":ComboBoxValue, "DropdownNm":comboNm], STOP_ON_FAILURE): Call Test Case 'Test Cases/PFI Precision and Scale/PFI Components/PFILetterTemplate' successfully

2020-05-27 16:28:05 - [TEST_CASE][PASSED] - Test Cases/PFI Precision and Scale/PFI Components/PFILetterTemplate: Test Cases/PFI Precision and Scale/PFI Components/PFILetterTemplate

2020-05-27 16:28:05 - [TEST_STEP][PASSED] - PFILetterTemplateTBL = [1:["Reminder":"Ministry Of Health"], 2:["Reminder":"Reminder Free Format Letter"], 3:["Reminder":"Reminder 1 (SF_ESID_SIS/SL-REM1)"], ... ]: null

2020-05-27 16:28:05 - [TEST_STEP][PASSED] - switch (DropdownNm): null

2020-05-27 16:28:05 - [TEST_STEP][PASSED] - case "IssueWD":: null

2020-05-27 16:28:05 - [TEST_STEP][PASSED] - ValueFound = PFILetterTemplateTBL.find({ -> ... }): null

2020-05-27 16:28:05 - [TEST_STEP][PASSED] - break: null

2020-05-27 16:28:05 - [MESSAGE][PASSED] - Call Test Case 'Test Cases/PFI Precision and Scale/PFI Components/PFILetterTemplate' successfully

2020-05-27 16:28:05 - [TEST_STEP][PASSED] - println(ValueFound): null

2020-05-27 16:28:05 - [TEST_STEP][PASSED] - sendKeys(NewInputNmField, Keys.chord(ARROW_DOWN)): Keys 'DOWN + ' sent to object: 'Object Repository/Objects.HighlightElements/input_field_index'

2020-05-27 16:28:05 - [MESSAGE][PASSED] - Keys 'DOWN + ' sent to object: 'Object Repository/Objects.HighlightElements/input_field_index'

2020-05-27 16:28:05 - [TEST_STEP][PASSED] - sendKeys(NewInputNmField, Keys.chord(ARROW_DOWN)): Keys 'DOWN + ' sent to object: 'Object Repository/Objects.HighlightElements/input_field_index'

2020-05-27 16:28:05 - [MESSAGE][PASSED] - Keys 'DOWN + ' sent to object: 'Object Repository/Objects.HighlightElements/input_field_index'

2020-05-27 16:28:05 - [TEST_STEP][PASSED] - delay(DelayTime): Delayed 0 second(s)

2020-05-27 16:28:05 - [MESSAGE][PASSED] - Delayed 0 second(s)

2020-05-27 16:28:05 - [TEST_STEP][PASSED] - sendKeys(NewInputNmField, Keys.chord(ENTER)): Keys 'ENTER + ' sent to object: 'Object Repository/Objects.HighlightElements/input_field_index'

2020-05-27 16:28:06 - [MESSAGE][PASSED] - Keys 'ENTER + ' sent to object: 'Object Repository/Objects.HighlightElements/input_field_index'

2020-05-27 16:28:06 - [TEST_STEP][PASSED] - ComboBoxValue = getAttribute(NewInputNmField, "value"): Attribute 'value' of object 'Object Repository/Objects.HighlightElements/input_field_index' is: '[AAPSI815W] D1 (Multiple Owners Without Structural Plan) - Regeneration of Notice'

2020-05-27 16:28:06 - [MESSAGE][PASSED] - Attribute 'value' of object 'Object Repository/Objects.HighlightElements/input_field_index' is: '[AAPSI815W] D1 (Multiple Owners Without Structural Plan) - Regeneration of Notice'

2020-05-27 16:28:06 - [TEST_STEP][PASSED] - callTestCase(findTestCase(CallTCName), ["FindValue":ComboBoxValue, "DropdownNm":comboNm], STOP_ON_FAILURE): Call Test Case 'Test Cases/PFI Precision and Scale/PFI Components/PFILetterTemplate' successfully

2020-05-27 16:28:06 - [TEST_CASE][PASSED] - Test Cases/PFI Precision and Scale/PFI Components/PFILetterTemplate: Test Cases/PFI Precision and Scale/PFI Components/PFILetterTemplate

2020-05-27 16:28:06 - [TEST_STEP][PASSED] - PFILetterTemplateTBL = [1:["Reminder":"Ministry Of Health"], 2:["Reminder":"Reminder Free Format Letter"], 3:["Reminder":"Reminder 1 (SF_ESID_SIS/SL-REM1)"], ... ]: null

2020-05-27 16:28:06 - [TEST_STEP][PASSED] - switch (DropdownNm): null

2020-05-27 16:28:06 - [TEST_STEP][PASSED] - case "IssueWD":: null

2020-05-27 16:28:06 - [TEST_STEP][PASSED] - ValueFound = PFILetterTemplateTBL.find({ -> ... }): null

2020-05-27 16:28:06 - [TEST_STEP][PASSED] - break: null

2020-05-27 16:28:06 - [MESSAGE][PASSED] - Call Test Case 'Test Cases/PFI Precision and Scale/PFI Components/PFILetterTemplate' successfully

2020-05-27 16:28:06 - [TEST_STEP][PASSED] - println(ValueFound): null

2020-05-27 16:28:06 - [TEST_STEP][PASSED] - sendKeys(NewInputNmField, Keys.chord(ARROW_DOWN)): Keys 'DOWN + ' sent to object: 'Object Repository/Objects.HighlightElements/input_field_index'

2020-05-27 16:28:07 - [MESSAGE][PASSED] - Keys 'DOWN + ' sent to object: 'Object Repository/Objects.HighlightElements/input_field_index'

2020-05-27 16:28:07 - [TEST_STEP][PASSED] - sendKeys(NewInputNmField, Keys.chord(ARROW_DOWN)): Keys 'DOWN + ' sent to object: 'Object Repository/Objects.HighlightElements/input_field_index'

2020-05-27 16:28:07 - [MESSAGE][PASSED] - Keys 'DOWN + ' sent to object: 'Object Repository/Objects.HighlightElements/input_field_index'

2020-05-27 16:28:07 - [TEST_STEP][PASSED] - delay(DelayTime): Delayed 0 second(s)

2020-05-27 16:28:07 - [MESSAGE][PASSED] - Delayed 0 second(s)

2020-05-27 16:28:07 - [TEST_STEP][PASSED] - sendKeys(NewInputNmField, Keys.chord(ENTER)): Keys 'ENTER + ' sent to object: 'Object Repository/Objects.HighlightElements/input_field_index'

2020-05-27 16:28:08 - [MESSAGE][PASSED] - Keys 'ENTER + ' sent to object: 'Object Repository/Objects.HighlightElements/input_field_index'

2020-05-27 16:28:08 - [TEST_STEP][PASSED] - ComboBoxValue = getAttribute(NewInputNmField, "value"): Attribute 'value' of object 'Object Repository/Objects.HighlightElements/input_field_index' is: '[AAPSI802W] D1 (Multiple Owners Without Structural Plan)'

2020-05-27 16:28:08 - [MESSAGE][PASSED] - Attribute 'value' of object 'Object Repository/Objects.HighlightElements/input_field_index' is: '[AAPSI802W] D1 (Multiple Owners Without Structural Plan)'

2020-05-27 16:28:08 - [TEST_STEP][PASSED] - callTestCase(findTestCase(CallTCName), ["FindValue":ComboBoxValue, "DropdownNm":comboNm], STOP_ON_FAILURE): Call Test Case 'Test Cases/PFI Precision and Scale/PFI Components/PFILetterTemplate' successfully

2020-05-27 16:28:08 - [TEST_CASE][PASSED] - Test Cases/PFI Precision and Scale/PFI Components/PFILetterTemplate: Test Cases/PFI Precision and Scale/PFI Components/PFILetterTemplate

2020-05-27 16:28:08 - [TEST_STEP][PASSED] - PFILetterTemplateTBL = [1:["Reminder":"Ministry Of Health"], 2:["Reminder":"Reminder Free Format Letter"], 3:["Reminder":"Reminder 1 (SF_ESID_SIS/SL-REM1)"], ... ]: null

2020-05-27 16:28:08 - [TEST_STEP][PASSED] - switch (DropdownNm): null

2020-05-27 16:28:08 - [TEST_STEP][PASSED] - case "IssueWD":: null

2020-05-27 16:28:08 - [TEST_STEP][PASSED] - ValueFound = PFILetterTemplateTBL.find({ -> ... }): null

2020-05-27 16:28:08 - [TEST_STEP][PASSED] - break: null

2020-05-27 16:28:08 - [MESSAGE][PASSED] - Call Test Case 'Test Cases/PFI Precision and Scale/PFI Components/PFILetterTemplate' successfully

2020-05-27 16:28:08 - [TEST_STEP][PASSED] - println(ValueFound): null

2020-05-27 16:28:08 - [TEST_STEP][PASSED] - sendKeys(NewInputNmField, Keys.chord(ARROW_DOWN)): Keys 'DOWN + ' sent to object: 'Object Repository/Objects.HighlightElements/input_field_index'

2020-05-27 16:28:08 - [MESSAGE][PASSED] - Keys 'DOWN + ' sent to object: 'Object Repository/Objects.HighlightElements/input_field_index'

2020-05-27 16:28:08 - [TEST_STEP][PASSED] - sendKeys(NewInputNmField, Keys.chord(ARROW_DOWN)): Keys 'DOWN + ' sent to object: 'Object Repository/Objects.HighlightElements/input_field_index'

2020-05-27 16:28:09 - [MESSAGE][PASSED] - Keys 'DOWN + ' sent to object: 'Object Repository/Objects.HighlightElements/input_field_index'

2020-05-27 16:28:09 - [TEST_STEP][PASSED] - delay(DelayTime): Delayed 0 second(s)

2020-05-27 16:28:09 - [MESSAGE][PASSED] - Delayed 0 second(s)

2020-05-27 16:28:09 - [TEST_STEP][PASSED] - sendKeys(NewInputNmField, Keys.chord(ENTER)): Keys 'ENTER + ' sent to object: 'Object Repository/Objects.HighlightElements/input_field_index'

2020-05-27 16:28:09 - [MESSAGE][PASSED] - Keys 'ENTER + ' sent to object: 'Object Repository/Objects.HighlightElements/input_field_index'

2020-05-27 16:28:09 - [TEST_STEP][PASSED] - ComboBoxValue = getAttribute(NewInputNmField, "value"): Attribute 'value' of object 'Object Repository/Objects.HighlightElements/input_field_index' is: '[ AAPSI814W]  D1 (Single Owner Without Structural Plan) - Regeneration of Notice'

2020-05-27 16:28:10 - [MESSAGE][PASSED] - Attribute 'value' of object 'Object Repository/Objects.HighlightElements/input_field_index' is: '[ AAPSI814W]  D1 (Single Owner Without Structural Plan) - Regeneration of Notice'

2020-05-27 16:28:10 - [TEST_STEP][PASSED] - callTestCase(findTestCase(CallTCName), ["FindValue":ComboBoxValue, "DropdownNm":comboNm], STOP_ON_FAILURE): Call Test Case 'Test Cases/PFI Precision and Scale/PFI Components/PFILetterTemplate' successfully

2020-05-27 16:28:10 - [TEST_CASE][PASSED] - Test Cases/PFI Precision and Scale/PFI Components/PFILetterTemplate: Test Cases/PFI Precision and Scale/PFI Components/PFILetterTemplate

2020-05-27 16:28:10 - [TEST_STEP][PASSED] - PFILetterTemplateTBL = [1:["Reminder":"Ministry Of Health"], 2:["Reminder":"Reminder Free Format Letter"], 3:["Reminder":"Reminder 1 (SF_ESID_SIS/SL-REM1)"], ... ]: null

2020-05-27 16:28:10 - [TEST_STEP][PASSED] - switch (DropdownNm): null

2020-05-27 16:28:10 - [TEST_STEP][PASSED] - case "IssueWD":: null

2020-05-27 16:28:10 - [TEST_STEP][PASSED] - ValueFound = PFILetterTemplateTBL.find({ -> ... }): null

2020-05-27 16:28:10 - [TEST_STEP][PASSED] - break: null

2020-05-27 16:28:10 - [MESSAGE][PASSED] - Call Test Case 'Test Cases/PFI Precision and Scale/PFI Components/PFILetterTemplate' successfully

2020-05-27 16:28:10 - [TEST_STEP][PASSED] - println(ValueFound): null

2020-05-27 16:28:10 - [TEST_STEP][PASSED] - sendKeys(NewInputNmField, Keys.chord(ARROW_DOWN)): Keys 'DOWN + ' sent to object: 'Object Repository/Objects.HighlightElements/input_field_index'

2020-05-27 16:28:10 - [MESSAGE][PASSED] - Keys 'DOWN + ' sent to object: 'Object Repository/Objects.HighlightElements/input_field_index'

2020-05-27 16:28:10 - [TEST_STEP][PASSED] - sendKeys(NewInputNmField, Keys.chord(ARROW_DOWN)): Keys 'DOWN + ' sent to object: 'Object Repository/Objects.HighlightElements/input_field_index'

2020-05-27 16:28:11 - [MESSAGE][PASSED] - Keys 'DOWN + ' sent to object: 'Object Repository/Objects.HighlightElements/input_field_index'

2020-05-27 16:28:11 - [TEST_STEP][PASSED] - delay(DelayTime): Delayed 0 second(s)

2020-05-27 16:28:11 - [MESSAGE][PASSED] - Delayed 0 second(s)

2020-05-27 16:28:11 - [TEST_STEP][PASSED] - sendKeys(NewInputNmField, Keys.chord(ENTER)): Keys 'ENTER + ' sent to object: 'Object Repository/Objects.HighlightElements/input_field_index'

2020-05-27 16:28:11 - [MESSAGE][PASSED] - Keys 'ENTER + ' sent to object: 'Object Repository/Objects.HighlightElements/input_field_index'

2020-05-27 16:28:11 - [TEST_STEP][PASSED] - ComboBoxValue = getAttribute(NewInputNmField, "value"): Attribute 'value' of object 'Object Repository/Objects.HighlightElements/input_field_index' is: '[[304]AAPSI801] D1 (Single Owner With Structural Plan)'

2020-05-27 16:28:12 - [MESSAGE][PASSED] - Attribute 'value' of object 'Object Repository/Objects.HighlightElements/input_field_index' is: '[[304]AAPSI801] D1 (Single Owner With Structural Plan)'

2020-05-27 16:28:12 - [TEST_STEP][PASSED] - callTestCase(findTestCase(CallTCName), ["FindValue":ComboBoxValue, "DropdownNm":comboNm], STOP_ON_FAILURE): Call Test Case 'Test Cases/PFI Precision and Scale/PFI Components/PFILetterTemplate' successfully

2020-05-27 16:28:12 - [TEST_CASE][PASSED] - Test Cases/PFI Precision and Scale/PFI Components/PFILetterTemplate: Test Cases/PFI Precision and Scale/PFI Components/PFILetterTemplate

2020-05-27 16:28:12 - [TEST_STEP][PASSED] - PFILetterTemplateTBL = [1:["Reminder":"Ministry Of Health"], 2:["Reminder":"Reminder Free Format Letter"], 3:["Reminder":"Reminder 1 (SF_ESID_SIS/SL-REM1)"], ... ]: null

2020-05-27 16:28:12 - [TEST_STEP][PASSED] - switch (DropdownNm): null

2020-05-27 16:28:12 - [TEST_STEP][PASSED] - case "IssueWD":: null

2020-05-27 16:28:12 - [TEST_STEP][PASSED] - ValueFound = PFILetterTemplateTBL.find({ -> ... }): null

2020-05-27 16:28:12 - [TEST_STEP][PASSED] - break: null

2020-05-27 16:28:12 - [MESSAGE][PASSED] - Call Test Case 'Test Cases/PFI Precision and Scale/PFI Components/PFILetterTemplate' successfully

2020-05-27 16:28:12 - [TEST_STEP][PASSED] - println(ValueFound): null

2020-05-27 16:28:12 - [TEST_STEP][PASSED] - sendKeys(NewInputNmField, Keys.chord(ARROW_DOWN)): Keys 'DOWN + ' sent to object: 'Object Repository/Objects.HighlightElements/input_field_index'

2020-05-27 16:28:12 - [MESSAGE][PASSED] - Keys 'DOWN + ' sent to object: 'Object Repository/Objects.HighlightElements/input_field_index'

2020-05-27 16:28:12 - [TEST_STEP][PASSED] - sendKeys(NewInputNmField, Keys.chord(ARROW_DOWN)): Keys 'DOWN + ' sent to object: 'Object Repository/Objects.HighlightElements/input_field_index'

2020-05-27 16:28:13 - [MESSAGE][PASSED] - Keys 'DOWN + ' sent to object: 'Object Repository/Objects.HighlightElements/input_field_index'

2020-05-27 16:28:13 - [TEST_STEP][PASSED] - delay(DelayTime): Delayed 0 second(s)

2020-05-27 16:28:13 - [MESSAGE][PASSED] - Delayed 0 second(s)

2020-05-27 16:28:13 - [TEST_STEP][PASSED] - sendKeys(NewInputNmField, Keys.chord(ENTER)): Keys 'ENTER + ' sent to object: 'Object Repository/Objects.HighlightElements/input_field_index'

2020-05-27 16:28:13 - [MESSAGE][PASSED] - Keys 'ENTER + ' sent to object: 'Object Repository/Objects.HighlightElements/input_field_index'

2020-05-27 16:28:13 - [TEST_STEP][PASSED] - ComboBoxValue = getAttribute(NewInputNmField, "value"): Attribute 'value' of object 'Object Repository/Objects.HighlightElements/input_field_index' is: '[[306]AAPSI802] D1 (Multiple Owners With Structural Plan)'

2020-05-27 16:28:14 - [MESSAGE][PASSED] - Attribute 'value' of object 'Object Repository/Objects.HighlightElements/input_field_index' is: '[[306]AAPSI802] D1 (Multiple Owners With Structural Plan)'

2020-05-27 16:28:14 - [TEST_STEP][PASSED] - callTestCase(findTestCase(CallTCName), ["FindValue":ComboBoxValue, "DropdownNm":comboNm], STOP_ON_FAILURE): Call Test Case 'Test Cases/PFI Precision and Scale/PFI Components/PFILetterTemplate' successfully

2020-05-27 16:28:14 - [TEST_CASE][PASSED] - Test Cases/PFI Precision and Scale/PFI Components/PFILetterTemplate: Test Cases/PFI Precision and Scale/PFI Components/PFILetterTemplate

2020-05-27 16:28:14 - [TEST_STEP][PASSED] - PFILetterTemplateTBL = [1:["Reminder":"Ministry Of Health"], 2:["Reminder":"Reminder Free Format Letter"], 3:["Reminder":"Reminder 1 (SF_ESID_SIS/SL-REM1)"], ... ]: null

2020-05-27 16:28:14 - [TEST_STEP][PASSED] - switch (DropdownNm): null

2020-05-27 16:28:14 - [TEST_STEP][PASSED] - case "IssueWD":: null

2020-05-27 16:28:14 - [TEST_STEP][PASSED] - ValueFound = PFILetterTemplateTBL.find({ -> ... }): null

2020-05-27 16:28:14 - [TEST_STEP][PASSED] - break: null

2020-05-27 16:28:14 - [MESSAGE][PASSED] - Call Test Case 'Test Cases/PFI Precision and Scale/PFI Components/PFILetterTemplate' successfully

2020-05-27 16:28:14 - [TEST_STEP][PASSED] - println(ValueFound): null

2020-05-27 16:28:14 - [TEST_STEP][PASSED] - sendKeys(NewInputNmField, Keys.chord(ARROW_DOWN)): Keys 'DOWN + ' sent to object: 'Object Repository/Objects.HighlightElements/input_field_index'

2020-05-27 16:28:14 - [MESSAGE][PASSED] - Keys 'DOWN + ' sent to object: 'Object Repository/Objects.HighlightElements/input_field_index'

2020-05-27 16:28:14 - [TEST_STEP][PASSED] - sendKeys(NewInputNmField, Keys.chord(ARROW_DOWN)): Keys 'DOWN + ' sent to object: 'Object Repository/Objects.HighlightElements/input_field_index'

2020-05-27 16:28:14 - [MESSAGE][PASSED] - Keys 'DOWN + ' sent to object: 'Object Repository/Objects.HighlightElements/input_field_index'

2020-05-27 16:28:14 - [TEST_STEP][PASSED] - delay(DelayTime): Delayed 0 second(s)

2020-05-27 16:28:14 - [MESSAGE][PASSED] - Delayed 0 second(s)

2020-05-27 16:28:14 - [TEST_STEP][PASSED] - sendKeys(NewInputNmField, Keys.chord(ENTER)): Keys 'ENTER + ' sent to object: 'Object Repository/Objects.HighlightElements/input_field_index'

2020-05-27 16:28:15 - [MESSAGE][PASSED] - Keys 'ENTER + ' sent to object: 'Object Repository/Objects.HighlightElements/input_field_index'

2020-05-27 16:28:15 - [TEST_STEP][PASSED] - ComboBoxValue = getAttribute(NewInputNmField, "value"): Attribute 'value' of object 'Object Repository/Objects.HighlightElements/input_field_index' is: '[[307]AAPSI814] D1 (Single Owner With Structural Plan) - Regeneration of Notice'

2020-05-27 16:28:15 - [MESSAGE][PASSED] - Attribute 'value' of object 'Object Repository/Objects.HighlightElements/input_field_index' is: '[[307]AAPSI814] D1 (Single Owner With Structural Plan) - Regeneration of Notice'

2020-05-27 16:28:15 - [TEST_STEP][PASSED] - callTestCase(findTestCase(CallTCName), ["FindValue":ComboBoxValue, "DropdownNm":comboNm], STOP_ON_FAILURE): Call Test Case 'Test Cases/PFI Precision and Scale/PFI Components/PFILetterTemplate' successfully

2020-05-27 16:28:15 - [TEST_CASE][PASSED] - Test Cases/PFI Precision and Scale/PFI Components/PFILetterTemplate: Test Cases/PFI Precision and Scale/PFI Components/PFILetterTemplate

2020-05-27 16:28:15 - [TEST_STEP][PASSED] - PFILetterTemplateTBL = [1:["Reminder":"Ministry Of Health"], 2:["Reminder":"Reminder Free Format Letter"], 3:["Reminder":"Reminder 1 (SF_ESID_SIS/SL-REM1)"], ... ]: null

2020-05-27 16:28:15 - [TEST_STEP][PASSED] - switch (DropdownNm): null

2020-05-27 16:28:15 - [TEST_STEP][PASSED] - case "IssueWD":: null

2020-05-27 16:28:15 - [TEST_STEP][PASSED] - ValueFound = PFILetterTemplateTBL.find({ -> ... }): null

2020-05-27 16:28:15 - [TEST_STEP][PASSED] - break: null

2020-05-27 16:28:15 - [MESSAGE][PASSED] - Call Test Case 'Test Cases/PFI Precision and Scale/PFI Components/PFILetterTemplate' successfully

2020-05-27 16:28:15 - [TEST_STEP][PASSED] - println(ValueFound): null

2020-05-27 16:28:15 - [TEST_STEP][PASSED] - sendKeys(NewInputNmField, Keys.chord(ARROW_DOWN)): Keys 'DOWN + ' sent to object: 'Object Repository/Objects.HighlightElements/input_field_index'

2020-05-27 16:28:16 - [MESSAGE][PASSED] - Keys 'DOWN + ' sent to object: 'Object Repository/Objects.HighlightElements/input_field_index'

2020-05-27 16:28:16 - [TEST_STEP][PASSED] - sendKeys(NewInputNmField, Keys.chord(ENTER)): Keys 'ENTER + ' sent to object: 'Object Repository/Objects.HighlightElements/input_field_index'

2020-05-27 16:28:16 - [MESSAGE][PASSED] - Keys 'ENTER + ' sent to object: 'Object Repository/Objects.HighlightElements/input_field_index'

2020-05-27 16:28:16 - [MESSAGE][PASSED] - Call Test Case 'Test Cases/PFI Precision and Scale/PFI Components with Indexing/VerifyDropdownValuesXPI' successfully

2020-05-27 16:28:16 - [TEST_STEP][PASSED] - callTestCase(findTestCase("Components/HighlightLabelIndexField"), ["LblName":"Type of Letter:", "index":3], STOP_ON_FAILURE): Call Test Case 'Test Cases/Components/HighlightLabelIndexField' successfully

2020-05-27 16:28:16 - [TEST_CASE][PASSED] - Test Cases/Components/HighlightLabelIndexField: Test Cases/Components/HighlightLabelIndexField

2020-05-27 16:28:16 - [TEST_STEP][PASSED] - Thread.sleep(1000): null

2020-05-27 16:28:17 - [TEST_STEP][PASSED] - modifiedLblNm = modifyObjectProperty(findTestObject("Object Repository/Objects.HighlightElements/lblField_index"), "xpath", "equals", "(//*[contains(@class,'x-form-item-label-inner') and (text()='" + LblName + "')])[" + index + "]", true): Modify property of object successfully

2020-05-27 16:28:17 - [MESSAGE][PASSED] - Modify property of object successfully

2020-05-27 16:28:17 - [TEST_STEP][PASSED] - com.reusableComponents.HighlightElement.run(modifiedLblNm): com.reusableComponents.HighlightElement.run is PASSED

2020-05-27 16:28:18 - [MESSAGE][PASSED] - com.reusableComponents.HighlightElement.run is PASSED

2020-05-27 16:28:18 - [MESSAGE][PASSED] - Call Test Case 'Test Cases/Components/HighlightLabelIndexField' successfully

2020-05-27 16:28:18 - [TEST_STEP][PASSED] - callTestCase(findTestCase("Components/HighlightInputFieldXPI"), ["FldNm":"NovaComboBox", "index":17], STOP_ON_FAILURE): Call Test Case 'Test Cases/Components/HighlightInputFieldXPI' successfully

2020-05-27 16:28:18 - [TEST_CASE][PASSED] - Test Cases/Components/HighlightInputFieldXPI: Test Cases/Components/HighlightInputFieldXPI

2020-05-27 16:28:18 - [TEST_STEP][PASSED] - Thread.sleep(1000): null

2020-05-27 16:28:19 - [TEST_STEP][PASSED] - modifiedInputNm = modifyObjectProperty(findTestObject("Object Repository/Objects.HighlightElements/input_field_index"), "xpath", "equals", "(//*[contains(@name, '" + FldNm + "')])[" + index + "]", true): Modify property of object successfully

2020-05-27 16:28:19 - [MESSAGE][PASSED] - Modify property of object successfully

2020-05-27 16:28:19 - [TEST_STEP][PASSED] - com.reusableComponents.HighlightElement.run(modifiedInputNm): com.reusableComponents.HighlightElement.run is PASSED

2020-05-27 16:28:20 - [MESSAGE][PASSED] - com.reusableComponents.HighlightElement.run is PASSED

2020-05-27 16:28:20 - [MESSAGE][PASSED] - Call Test Case 'Test Cases/Components/HighlightInputFieldXPI' successfully

2020-05-27 16:28:20 - [TEST_STEP][PASSED] - callTestCase(findTestCase("PFI Precision and Scale/PFI Components with Indexing/VerifyDropdownValuesXPI"), ["FldNm":"NovaComboBox", "index":17, "CallTCName":"PFI Precision and Scale/PFI Components/ConstantHashMap", "cmbNm":"IssueWD", ... ], STOP_ON_FAILURE): Call Test Case 'Test Cases/PFI Precision and Scale/PFI Components with Indexing/VerifyDropdownValuesXPI' successfully

2020-05-27 16:28:20 - [TEST_CASE][PASSED] - Test Cases/PFI Precision and Scale/PFI Components with Indexing/VerifyDropdownValuesXPI: Test Cases/PFI Precision and Scale/PFI Components with Indexing/VerifyDropdownValuesXPI

2020-05-27 16:28:20 - [TEST_STEP][PASSED] - Thread.sleep(1000): null

2020-05-27 16:28:21 - [TEST_STEP][PASSED] - NewInputNmField = modifyObjectProperty(findTestObject("Object Repository/Objects.HighlightElements/input_field_index"), "xpath", "equals", "(//*[contains(@name, '" + FldNm + "')])[" + index + "]", true): Modify property of object successfully

2020-05-27 16:28:21 - [MESSAGE][PASSED] - Modify property of object successfully

2020-05-27 16:28:21 - [TEST_STEP][PASSED] - comboNm = cmbNm: null

2020-05-27 16:28:21 - [TEST_STEP][PASSED] - focus(NewInputNmField): Object: 'Object Repository/Objects.HighlightElements/input_field_index' is focused

2020-05-27 16:28:21 - [MESSAGE][PASSED] - Object: 'Object Repository/Objects.HighlightElements/input_field_index' is focused

2020-05-27 16:28:21 - [TEST_STEP][PASSED] - setText(NewInputNmField, EnterValue): Text '' is set on object 'Object Repository/Objects.HighlightElements/input_field_index'

2020-05-27 16:28:21 - [MESSAGE][PASSED] - Text '' is set on object 'Object Repository/Objects.HighlightElements/input_field_index'

2020-05-27 16:28:21 - [TEST_STEP][PASSED] - for ([i = 1, i <= NoOfVal, (i++)]): Keys 'DOWN + ' sent to object: 'Object Repository/Objects.HighlightElements/input_field_index'

2020-05-27 16:28:21 - [TEST_STEP][PASSED] - sendKeys(NewInputNmField, Keys.chord(ARROW_DOWN)): Keys 'DOWN + ' sent to object: 'Object Repository/Objects.HighlightElements/input_field_index'

2020-05-27 16:28:22 - [MESSAGE][PASSED] - Keys 'DOWN + ' sent to object: 'Object Repository/Objects.HighlightElements/input_field_index'

2020-05-27 16:28:22 - [TEST_STEP][PASSED] - delay(DelayTime): Delayed 2 second(s)

2020-05-27 16:28:24 - [MESSAGE][PASSED] - Delayed 2 second(s)

2020-05-27 16:28:24 - [TEST_STEP][PASSED] - sendKeys(NewInputNmField, Keys.chord(ENTER)): Keys 'ENTER + ' sent to object: 'Object Repository/Objects.HighlightElements/input_field_index'

2020-05-27 16:28:24 - [MESSAGE][PASSED] - Keys 'ENTER + ' sent to object: 'Object Repository/Objects.HighlightElements/input_field_index'

2020-05-27 16:28:24 - [TEST_STEP][PASSED] - ComboBoxValue = getAttribute(NewInputNmField, "value"): Attribute 'value' of object 'Object Repository/Objects.HighlightElements/input_field_index' is: 'T1'

2020-05-27 16:28:24 - [MESSAGE][PASSED] - Attribute 'value' of object 'Object Repository/Objects.HighlightElements/input_field_index' is: 'T1'

2020-05-27 16:28:24 - [TEST_STEP][PASSED] - callTestCase(findTestCase(CallTCName), ["FindValue":ComboBoxValue, "DropdownNm":comboNm], STOP_ON_FAILURE): Call Test Case 'Test Cases/PFI Precision and Scale/PFI Components/ConstantHashMap' successfully

2020-05-27 16:28:24 - [TEST_CASE][PASSED] - Test Cases/PFI Precision and Scale/PFI Components/ConstantHashMap: Test Cases/PFI Precision and Scale/PFI Components/ConstantHashMap

2020-05-27 16:28:24 - [TEST_STEP][PASSED] - ConstantTBL = [1:["PeriodType":"Working Day(s)"], 2:["PeriodType":"Calendar Day(s)"], 3:["PeriodType":"Month(s)"], 4:["TypeOfLetter":"T1"], ... ]: null

2020-05-27 16:28:24 - [TEST_STEP][PASSED] - switch (DropdownNm): null

2020-05-27 16:28:24 - [TEST_STEP][PASSED] - Default: null

2020-05-27 16:28:24 - [TEST_STEP][PASSED] - comment("Not found in the List"): Not found in the List

2020-05-27 16:28:24 - [MESSAGE][INFO] - Not found in the List

2020-05-27 16:28:24 - [TEST_STEP][PASSED] - break: null

2020-05-27 16:28:24 - [MESSAGE][PASSED] - Call Test Case 'Test Cases/PFI Precision and Scale/PFI Components/ConstantHashMap' successfully

2020-05-27 16:28:24 - [TEST_STEP][PASSED] - println(ValueFound): null

2020-05-27 16:28:24 - [TEST_STEP][PASSED] - sendKeys(NewInputNmField, Keys.chord(ARROW_DOWN)): Keys 'DOWN + ' sent to object: 'Object Repository/Objects.HighlightElements/input_field_index'

2020-05-27 16:28:25 - [MESSAGE][PASSED] - Keys 'DOWN + ' sent to object: 'Object Repository/Objects.HighlightElements/input_field_index'

2020-05-27 16:28:25 - [TEST_STEP][PASSED] - sendKeys(NewInputNmField, Keys.chord(ARROW_DOWN)): Keys 'DOWN + ' sent to object: 'Object Repository/Objects.HighlightElements/input_field_index'

2020-05-27 16:28:25 - [MESSAGE][PASSED] - Keys 'DOWN + ' sent to object: 'Object Repository/Objects.HighlightElements/input_field_index'

2020-05-27 16:28:25 - [TEST_STEP][PASSED] - delay(DelayTime): Delayed 2 second(s)

2020-05-27 16:28:27 - [MESSAGE][PASSED] - Delayed 2 second(s)

2020-05-27 16:28:27 - [TEST_STEP][PASSED] - sendKeys(NewInputNmField, Keys.chord(ENTER)): Keys 'ENTER + ' sent to object: 'Object Repository/Objects.HighlightElements/input_field_index'

2020-05-27 16:28:27 - [MESSAGE][PASSED] - Keys 'ENTER + ' sent to object: 'Object Repository/Objects.HighlightElements/input_field_index'

2020-05-27 16:28:27 - [TEST_STEP][PASSED] - ComboBoxValue = getAttribute(NewInputNmField, "value"): Attribute 'value' of object 'Object Repository/Objects.HighlightElements/input_field_index' is: 'eT1'

2020-05-27 16:28:28 - [MESSAGE][PASSED] - Attribute 'value' of object 'Object Repository/Objects.HighlightElements/input_field_index' is: 'eT1'

2020-05-27 16:28:28 - [TEST_STEP][PASSED] - callTestCase(findTestCase(CallTCName), ["FindValue":ComboBoxValue, "DropdownNm":comboNm], STOP_ON_FAILURE): Call Test Case 'Test Cases/PFI Precision and Scale/PFI Components/ConstantHashMap' successfully

2020-05-27 16:28:28 - [TEST_CASE][PASSED] - Test Cases/PFI Precision and Scale/PFI Components/ConstantHashMap: Test Cases/PFI Precision and Scale/PFI Components/ConstantHashMap

2020-05-27 16:28:28 - [TEST_STEP][PASSED] - ConstantTBL = [1:["PeriodType":"Working Day(s)"], 2:["PeriodType":"Calendar Day(s)"], 3:["PeriodType":"Month(s)"], 4:["TypeOfLetter":"T1"], ... ]: null

2020-05-27 16:28:28 - [TEST_STEP][PASSED] - switch (DropdownNm): null

2020-05-27 16:28:28 - [TEST_STEP][PASSED] - Default: null

2020-05-27 16:28:28 - [TEST_STEP][PASSED] - comment("Not found in the List"): Not found in the List

2020-05-27 16:28:28 - [MESSAGE][INFO] - Not found in the List

2020-05-27 16:28:28 - [TEST_STEP][PASSED] - break: null

2020-05-27 16:28:28 - [MESSAGE][PASSED] - Call Test Case 'Test Cases/PFI Precision and Scale/PFI Components/ConstantHashMap' successfully

2020-05-27 16:28:28 - [TEST_STEP][PASSED] - println(ValueFound): null

2020-05-27 16:28:28 - [TEST_STEP][PASSED] - sendKeys(NewInputNmField, Keys.chord(ARROW_DOWN)): Keys 'DOWN + ' sent to object: 'Object Repository/Objects.HighlightElements/input_field_index'

2020-05-27 16:28:28 - [MESSAGE][PASSED] - Keys 'DOWN + ' sent to object: 'Object Repository/Objects.HighlightElements/input_field_index'

2020-05-27 16:28:28 - [TEST_STEP][PASSED] - sendKeys(NewInputNmField, Keys.chord(ENTER)): Keys 'ENTER + ' sent to object: 'Object Repository/Objects.HighlightElements/input_field_index'

2020-05-27 16:28:29 - [MESSAGE][PASSED] - Keys 'ENTER + ' sent to object: 'Object Repository/Objects.HighlightElements/input_field_index'

2020-05-27 16:28:29 - [MESSAGE][PASSED] - Call Test Case 'Test Cases/PFI Precision and Scale/PFI Components with Indexing/VerifyDropdownValuesXPI' successfully

2020-05-27 16:28:29 - [TEST_STEP][NOT_RUN] - callTestCase(findTestCase("Components/Logout"), ["LogoutPageTextToBeVerified":findTestData("ISPS2 Test Data").getValue("HomeBanner", 1)], STOP_ON_FAILURE): NOT_RUN: callTestCase(findTestCase("Components/Logout"), ["LogoutPageTextToBeVerified":findTestData("ISPS2 Test Data").getValue("HomeBanner", 1)], STOP_ON_FAILURE)

2020-05-27 16:28:29 - [MESSAGE][NOT_RUN] - NOT_RUN: callTestCase(findTestCase("Components/Logout"), ["LogoutPageTextToBeVerified":findTestData("ISPS2 Test Data").getValue("HomeBanner", 1)], STOP_ON_FAILURE)]]></system-out>
         <system-err><![CDATA[]]></system-err>
      </testcase>
      <testcase name="Test Cases/PFI Precision and Scale/PFI Test Cases/PFI.IssueStatusLHS" time="338.493" classname="Test Cases/PFI Precision and Scale/PFI Test Cases/PFI.IssueStatusLHS" status="PASSED">
         <system-out><![CDATA[2020-05-27 16:28:29 - [TEST_CASE][PASSED] - Test Cases/PFI Precision and Scale/PFI Test Cases/PFI.IssueStatusLHS: Test Cases/PFI Precision and Scale/PFI Test Cases/PFI.IssueStatusLHS

2020-05-27 16:28:29 - [TEST_STEP][NOT_RUN] - callTestCase(findTestCase("Components/LoginV2.0"), ["LinkToBeUsed":findTestData("ISPS2 Test Data").getValue("URL", 1), "LoginPageTextToBeVerified":findTestData("ISPS2 Test Data").getValue("HomeBanner", 1), ... ], STOP_ON_FAILURE): NOT_RUN: callTestCase(findTestCase("Components/LoginV2.0"), ["LinkToBeUsed":findTestData("ISPS2 Test Data").getValue("URL", 1), "LoginPageTextToBeVerified":findTestData("ISPS2 Test Data").getValue("HomeBanner", 1), ... ], STOP_ON_FAILURE)

2020-05-27 16:28:29 - [MESSAGE][NOT_RUN] - NOT_RUN: callTestCase(findTestCase("Components/LoginV2.0"), ["LinkToBeUsed":findTestData("ISPS2 Test Data").getValue("URL", 1), "LoginPageTextToBeVerified":findTestData("ISPS2 Test Data").getValue("HomeBanner", 1), ... ], STOP_ON_FAILURE)

2020-05-27 16:28:29 - [TEST_STEP][NOT_RUN] - callTestCase(findTestCase("Components/NavigateToHomepageHeaders"), ["headerText":"My Tasks"], STOP_ON_FAILURE): NOT_RUN: callTestCase(findTestCase("Components/NavigateToHomepageHeaders"), ["headerText":"My Tasks"], STOP_ON_FAILURE)

2020-05-27 16:28:29 - [MESSAGE][NOT_RUN] - NOT_RUN: callTestCase(findTestCase("Components/NavigateToHomepageHeaders"), ["headerText":"My Tasks"], STOP_ON_FAILURE)

2020-05-27 16:28:29 - [TEST_STEP][NOT_RUN] - callTestCase(findTestCase("Components/Filter"), ["taskDescription":"Process Case (SM)"], STOP_ON_FAILURE): NOT_RUN: callTestCase(findTestCase("Components/Filter"), ["taskDescription":"Process Case (SM)"], STOP_ON_FAILURE)

2020-05-27 16:28:29 - [MESSAGE][NOT_RUN] - NOT_RUN: callTestCase(findTestCase("Components/Filter"), ["taskDescription":"Process Case (SM)"], STOP_ON_FAILURE)

2020-05-27 16:28:29 - [TEST_STEP][NOT_RUN] - callTestCase(findTestCase("Components/ClickLinkDependingOnTextAndIndex"), ["linkName":"Process Case (SM)", "index":"3"], STOP_ON_FAILURE): NOT_RUN: callTestCase(findTestCase("Components/ClickLinkDependingOnTextAndIndex"), ["linkName":"Process Case (SM)", "index":"3"], STOP_ON_FAILURE)

2020-05-27 16:28:29 - [MESSAGE][NOT_RUN] - NOT_RUN: callTestCase(findTestCase("Components/ClickLinkDependingOnTextAndIndex"), ["linkName":"Process Case (SM)", "index":"3"], STOP_ON_FAILURE)

2020-05-27 16:28:29 - [TEST_STEP][PASSED] - callTestCase(findTestCase("Components/NavigateToAnyLHS"), ["LHS":"Issue Status"], STOP_ON_FAILURE): Call Test Case 'Test Cases/Components/NavigateToAnyLHS' successfully

2020-05-27 16:28:29 - [TEST_CASE][PASSED] - Test Cases/Components/NavigateToAnyLHS: Test Cases/Components/NavigateToAnyLHS

2020-05-27 16:28:29 - [TEST_STEP][PASSED] - Thread.sleep(1000): null

2020-05-27 16:28:30 - [TEST_STEP][PASSED] - modifiedLHS = modifyObjectProperty(findTestObject("Objects.NavigateToAnyLHS/Page_ISPS2/LHSToModify"), "text", "equals", LHS, true): Modify property of object successfully

2020-05-27 16:28:30 - [MESSAGE][PASSED] - Modify property of object successfully

2020-05-27 16:28:30 - [TEST_STEP][PASSED] - click(modifiedLHS): Object: 'Object Repository/Objects.NavigateToAnyLHS/Page_ISPS2/LHSToModify' is clicked on

2020-05-27 16:28:30 - [MESSAGE][PASSED] - Object: 'Object Repository/Objects.NavigateToAnyLHS/Page_ISPS2/LHSToModify' is clicked on

2020-05-27 16:28:30 - [TEST_STEP][PASSED] - currentLHS = getText(modifiedLHS): Text of object 'Object Repository/Objects.NavigateToAnyLHS/Page_ISPS2/LHSToModify' is: 'Issue Status'

2020-05-27 16:28:33 - [MESSAGE][PASSED] - Text of object 'Object Repository/Objects.NavigateToAnyLHS/Page_ISPS2/LHSToModify' is: 'Issue Status'

2020-05-27 16:28:33 - [TEST_STEP][PASSED] - Thread.sleep(5000): null

2020-05-27 16:28:38 - [MESSAGE][PASSED] - Call Test Case 'Test Cases/Components/NavigateToAnyLHS' successfully

2020-05-27 16:28:38 - [TEST_STEP][PASSED] - callTestCase(findTestCase("Components/VerifyPageSuccessfullyLoadedII"), ["PageNm":"Issue Status"], STOP_ON_FAILURE): Call Test Case 'Test Cases/Components/VerifyPageSuccessfullyLoadedII' successfully

2020-05-27 16:28:38 - [TEST_CASE][PASSED] - Test Cases/Components/VerifyPageSuccessfullyLoadedII: Test Cases/Components/VerifyPageSuccessfullyLoadedII

2020-05-27 16:28:38 - [TEST_STEP][PASSED] - Thread.sleep(1000): null

2020-05-27 16:28:39 - [TEST_STEP][PASSED] - modifiedInputFld = modifyObjectProperty(findTestObject("Object Repository/Objects.VerifyPageSuccessfullyLoaded/PageHeaderIndex"), "xpath", "equals", "//*[contains(@class,'isps-page-title') and (text()='" + PageNm + "')]", true): Modify property of object successfully

2020-05-27 16:28:39 - [MESSAGE][PASSED] - Modify property of object successfully

2020-05-27 16:28:39 - [TEST_STEP][PASSED] - com.reusableComponents.HighlightElement.run(modifiedInputFld): com.reusableComponents.HighlightElement.run is PASSED

2020-05-27 16:28:40 - [MESSAGE][PASSED] - com.reusableComponents.HighlightElement.run is PASSED

2020-05-27 16:28:40 - [MESSAGE][PASSED] - Call Test Case 'Test Cases/Components/VerifyPageSuccessfullyLoadedII' successfully

2020-05-27 16:28:40 - [TEST_STEP][PASSED] - callTestCase(findTestCase("Components/HighlightLabelField"), ["LblName":"AO Status *:"], STOP_ON_FAILURE): Call Test Case 'Test Cases/Components/HighlightLabelField' successfully

2020-05-27 16:28:40 - [TEST_CASE][PASSED] - Test Cases/Components/HighlightLabelField: Test Cases/Components/HighlightLabelField

2020-05-27 16:28:40 - [TEST_STEP][PASSED] - Thread.sleep(1000): null

2020-05-27 16:28:41 - [TEST_STEP][PASSED] - modifiedLblNm = modifyObjectProperty(findTestObject("Objects.HighlightElements/lblField"), "text", "equals", LblName, true): Modify property of object successfully

2020-05-27 16:28:41 - [MESSAGE][PASSED] - Modify property of object successfully

2020-05-27 16:28:41 - [TEST_STEP][PASSED] - com.reusableComponents.HighlightElement.run(modifiedLblNm): com.reusableComponents.HighlightElement.run is PASSED

2020-05-27 16:28:42 - [MESSAGE][PASSED] - com.reusableComponents.HighlightElement.run is PASSED

2020-05-27 16:28:42 - [MESSAGE][PASSED] - Call Test Case 'Test Cases/Components/HighlightLabelField' successfully

2020-05-27 16:28:42 - [TEST_STEP][PASSED] - callTestCase(findTestCase("Components/HighlightInputIndexField"), ["InputName":"aoStatus", "index":3], STOP_ON_FAILURE): Call Test Case 'Test Cases/Components/HighlightInputIndexField' successfully

2020-05-27 16:28:42 - [TEST_CASE][PASSED] - Test Cases/Components/HighlightInputIndexField: Test Cases/Components/HighlightInputIndexField

2020-05-27 16:28:42 - [TEST_STEP][PASSED] - Thread.sleep(1000): null

2020-05-27 16:28:43 - [TEST_STEP][PASSED] - modifiedInputFld = modifyObjectProperty(findTestObject("Objects.HighlightElements/input_field_index"), "xpath", "equals", "(//*[contains(@class,'x-form-text') and (@name='" + InputName + "')])[" + index + "]", true): Modify property of object successfully

2020-05-27 16:28:43 - [MESSAGE][PASSED] - Modify property of object successfully

2020-05-27 16:28:43 - [TEST_STEP][PASSED] - com.reusableComponents.HighlightElement.run(modifiedInputFld): com.reusableComponents.HighlightElement.run is PASSED

2020-05-27 16:28:44 - [MESSAGE][PASSED] - com.reusableComponents.HighlightElement.run is PASSED

2020-05-27 16:28:44 - [MESSAGE][PASSED] - Call Test Case 'Test Cases/Components/HighlightInputIndexField' successfully

2020-05-27 16:28:44 - [TEST_STEP][PASSED] - callTestCase(findTestCase("PFI Precision and Scale/PFI Components with Indexing/VerifyDefaultValueIndex"), ["FieldNm":"aoStatus", "index":3], STOP_ON_FAILURE): Call Test Case 'Test Cases/PFI Precision and Scale/PFI Components with Indexing/VerifyDefaultValueIndex' successfully

2020-05-27 16:28:44 - [TEST_CASE][PASSED] - Test Cases/PFI Precision and Scale/PFI Components with Indexing/VerifyDefaultValueIndex: Test Cases/PFI Precision and Scale/PFI Components with Indexing/VerifyDefaultValueIndex

2020-05-27 16:28:44 - [TEST_STEP][PASSED] - Thread.sleep(1000): null

2020-05-27 16:28:45 - [TEST_STEP][PASSED] - NewFieldNm = modifyObjectProperty(findTestObject("Object Repository/Objects.HighlightElements/input_field_index"), "xpath", "equals", "(//*[contains(@class,'x-form-text') and (@name='" + FieldNm + "')])[" + index + "]", true): Modify property of object successfully

2020-05-27 16:28:45 - [MESSAGE][PASSED] - Modify property of object successfully

2020-05-27 16:28:45 - [TEST_STEP][PASSED] - focus(NewFieldNm): Object: 'Object Repository/Objects.HighlightElements/input_field_index' is focused

2020-05-27 16:28:46 - [MESSAGE][PASSED] - Object: 'Object Repository/Objects.HighlightElements/input_field_index' is focused

2020-05-27 16:28:46 - [TEST_STEP][PASSED] - DefVal = getAttribute(NewFieldNm, "value", STOP_ON_FAILURE): Attribute 'value' of object 'Object Repository/Objects.HighlightElements/input_field_index' is: ''

2020-05-27 16:28:46 - [MESSAGE][PASSED] - Attribute 'value' of object 'Object Repository/Objects.HighlightElements/input_field_index' is: ''

2020-05-27 16:28:46 - [TEST_STEP][PASSED] - switch (FieldNm): null

2020-05-27 16:28:46 - [TEST_STEP][PASSED] - Default: null

2020-05-27 16:28:46 - [TEST_STEP][PASSED] - verifyMatch(DefVal, "", true): Actual text '' and expected text '' are matched  using regular expression

2020-05-27 16:28:46 - [MESSAGE][PASSED] - Actual text '' and expected text '' are matched  using regular expression

2020-05-27 16:28:46 - [TEST_STEP][PASSED] - break: null

2020-05-27 16:28:46 - [MESSAGE][PASSED] - Call Test Case 'Test Cases/PFI Precision and Scale/PFI Components with Indexing/VerifyDefaultValueIndex' successfully

2020-05-27 16:28:46 - [TEST_STEP][PASSED] - callTestCase(findTestCase("Components/HighlightLabelFieldXPI"), ["LblName":"AO Notes", "index":5], STOP_ON_FAILURE): Call Test Case 'Test Cases/Components/HighlightLabelFieldXPI' successfully

2020-05-27 16:28:46 - [TEST_CASE][PASSED] - Test Cases/Components/HighlightLabelFieldXPI: Test Cases/Components/HighlightLabelFieldXPI

2020-05-27 16:28:46 - [TEST_STEP][PASSED] - Thread.sleep(1000): null

2020-05-27 16:28:47 - [TEST_STEP][PASSED] - modifiedLblNm = modifyObjectProperty(findTestObject("Object Repository/Objects.HighlightElements/lblField_index"), "xpath", "equals", "(//*[contains(@class, 'x-form-item-label-inner x-form-item-label-inner-default') and contains(., '" + LblName + "')])[" + index + "]", true): Modify property of object successfully

2020-05-27 16:28:47 - [MESSAGE][PASSED] - Modify property of object successfully

2020-05-27 16:28:47 - [TEST_STEP][PASSED] - com.reusableComponents.HighlightElement.run(modifiedLblNm): com.reusableComponents.HighlightElement.run is PASSED

2020-05-27 16:28:48 - [MESSAGE][PASSED] - com.reusableComponents.HighlightElement.run is PASSED

2020-05-27 16:28:48 - [MESSAGE][PASSED] - Call Test Case 'Test Cases/Components/HighlightLabelFieldXPI' successfully

2020-05-27 16:28:48 - [TEST_STEP][PASSED] - callTestCase(findTestCase("Components/HighlightInputIndexField"), ["InputName":"aoNotes", "index":3], STOP_ON_FAILURE): Call Test Case 'Test Cases/Components/HighlightInputIndexField' successfully

2020-05-27 16:28:48 - [TEST_CASE][PASSED] - Test Cases/Components/HighlightInputIndexField: Test Cases/Components/HighlightInputIndexField

2020-05-27 16:28:48 - [TEST_STEP][PASSED] - Thread.sleep(1000): null

2020-05-27 16:28:49 - [TEST_STEP][PASSED] - modifiedInputFld = modifyObjectProperty(findTestObject("Objects.HighlightElements/input_field_index"), "xpath", "equals", "(//*[contains(@class,'x-form-text') and (@name='" + InputName + "')])[" + index + "]", true): Modify property of object successfully

2020-05-27 16:28:49 - [MESSAGE][PASSED] - Modify property of object successfully

2020-05-27 16:28:49 - [TEST_STEP][PASSED] - com.reusableComponents.HighlightElement.run(modifiedInputFld): com.reusableComponents.HighlightElement.run is PASSED

2020-05-27 16:28:49 - [MESSAGE][PASSED] - com.reusableComponents.HighlightElement.run is PASSED

2020-05-27 16:28:49 - [MESSAGE][PASSED] - Call Test Case 'Test Cases/Components/HighlightInputIndexField' successfully

2020-05-27 16:28:49 - [TEST_STEP][PASSED] - callTestCase(findTestCase("PFI Precision and Scale/PFI Components with Indexing/VerifyDefaultValueIndex"), ["FieldNm":"aoNotes", "index":3], STOP_ON_FAILURE): Call Test Case 'Test Cases/PFI Precision and Scale/PFI Components with Indexing/VerifyDefaultValueIndex' successfully

2020-05-27 16:28:49 - [TEST_CASE][PASSED] - Test Cases/PFI Precision and Scale/PFI Components with Indexing/VerifyDefaultValueIndex: Test Cases/PFI Precision and Scale/PFI Components with Indexing/VerifyDefaultValueIndex

2020-05-27 16:28:50 - [TEST_STEP][PASSED] - Thread.sleep(1000): null

2020-05-27 16:28:51 - [TEST_STEP][PASSED] - NewFieldNm = modifyObjectProperty(findTestObject("Object Repository/Objects.HighlightElements/input_field_index"), "xpath", "equals", "(//*[contains(@class,'x-form-text') and (@name='" + FieldNm + "')])[" + index + "]", true): Modify property of object successfully

2020-05-27 16:28:51 - [MESSAGE][PASSED] - Modify property of object successfully

2020-05-27 16:28:51 - [TEST_STEP][PASSED] - focus(NewFieldNm): Object: 'Object Repository/Objects.HighlightElements/input_field_index' is focused

2020-05-27 16:28:51 - [MESSAGE][PASSED] - Object: 'Object Repository/Objects.HighlightElements/input_field_index' is focused

2020-05-27 16:28:51 - [TEST_STEP][PASSED] - DefVal = getAttribute(NewFieldNm, "value", STOP_ON_FAILURE): Attribute 'value' of object 'Object Repository/Objects.HighlightElements/input_field_index' is: ''

2020-05-27 16:28:51 - [MESSAGE][PASSED] - Attribute 'value' of object 'Object Repository/Objects.HighlightElements/input_field_index' is: ''

2020-05-27 16:28:51 - [TEST_STEP][PASSED] - switch (FieldNm): null

2020-05-27 16:28:51 - [TEST_STEP][PASSED] - Default: null

2020-05-27 16:28:51 - [TEST_STEP][PASSED] - verifyMatch(DefVal, "", true): Actual text '' and expected text '' are matched  using regular expression

2020-05-27 16:28:51 - [MESSAGE][PASSED] - Actual text '' and expected text '' are matched  using regular expression

2020-05-27 16:28:51 - [TEST_STEP][PASSED] - break: null

2020-05-27 16:28:51 - [MESSAGE][PASSED] - Call Test Case 'Test Cases/PFI Precision and Scale/PFI Components with Indexing/VerifyDefaultValueIndex' successfully

2020-05-27 16:28:51 - [TEST_STEP][PASSED] - callTestCase(findTestCase("Components/HighlightLabelFieldXPI"), ["LblName":"Assign To", "index":7], STOP_ON_FAILURE): Call Test Case 'Test Cases/Components/HighlightLabelFieldXPI' successfully

2020-05-27 16:28:51 - [TEST_CASE][PASSED] - Test Cases/Components/HighlightLabelFieldXPI: Test Cases/Components/HighlightLabelFieldXPI

2020-05-27 16:28:51 - [TEST_STEP][PASSED] - Thread.sleep(1000): null

2020-05-27 16:28:52 - [TEST_STEP][PASSED] - modifiedLblNm = modifyObjectProperty(findTestObject("Object Repository/Objects.HighlightElements/lblField_index"), "xpath", "equals", "(//*[contains(@class, 'x-form-item-label-inner x-form-item-label-inner-default') and contains(., '" + LblName + "')])[" + index + "]", true): Modify property of object successfully

2020-05-27 16:28:52 - [MESSAGE][PASSED] - Modify property of object successfully

2020-05-27 16:28:52 - [TEST_STEP][PASSED] - com.reusableComponents.HighlightElement.run(modifiedLblNm): com.reusableComponents.HighlightElement.run is PASSED

2020-05-27 16:28:53 - [MESSAGE][PASSED] - com.reusableComponents.HighlightElement.run is PASSED

2020-05-27 16:28:53 - [MESSAGE][PASSED] - Call Test Case 'Test Cases/Components/HighlightLabelFieldXPI' successfully

2020-05-27 16:28:53 - [TEST_STEP][PASSED] - callTestCase(findTestCase("Components/HighlightInputIndexField"), ["InputName":"aoAssignTo", "index":3], STOP_ON_FAILURE): Call Test Case 'Test Cases/Components/HighlightInputIndexField' successfully

2020-05-27 16:28:53 - [TEST_CASE][PASSED] - Test Cases/Components/HighlightInputIndexField: Test Cases/Components/HighlightInputIndexField

2020-05-27 16:28:53 - [TEST_STEP][PASSED] - Thread.sleep(1000): null

2020-05-27 16:28:54 - [TEST_STEP][PASSED] - modifiedInputFld = modifyObjectProperty(findTestObject("Objects.HighlightElements/input_field_index"), "xpath", "equals", "(//*[contains(@class,'x-form-text') and (@name='" + InputName + "')])[" + index + "]", true): Modify property of object successfully

2020-05-27 16:28:54 - [MESSAGE][PASSED] - Modify property of object successfully

2020-05-27 16:28:54 - [TEST_STEP][PASSED] - com.reusableComponents.HighlightElement.run(modifiedInputFld): com.reusableComponents.HighlightElement.run is PASSED

2020-05-27 16:28:55 - [MESSAGE][PASSED] - com.reusableComponents.HighlightElement.run is PASSED

2020-05-27 16:28:55 - [MESSAGE][PASSED] - Call Test Case 'Test Cases/Components/HighlightInputIndexField' successfully

2020-05-27 16:28:55 - [TEST_STEP][PASSED] - callTestCase(findTestCase("PFI Precision and Scale/PFI Components with Indexing/VerifyDefaultValueIndex"), ["FieldNm":"aoAssignTo", "index":3], STOP_ON_FAILURE): Call Test Case 'Test Cases/PFI Precision and Scale/PFI Components with Indexing/VerifyDefaultValueIndex' successfully

2020-05-27 16:28:55 - [TEST_CASE][PASSED] - Test Cases/PFI Precision and Scale/PFI Components with Indexing/VerifyDefaultValueIndex: Test Cases/PFI Precision and Scale/PFI Components with Indexing/VerifyDefaultValueIndex

2020-05-27 16:28:55 - [TEST_STEP][PASSED] - Thread.sleep(1000): null

2020-05-27 16:28:56 - [TEST_STEP][PASSED] - NewFieldNm = modifyObjectProperty(findTestObject("Object Repository/Objects.HighlightElements/input_field_index"), "xpath", "equals", "(//*[contains(@class,'x-form-text') and (@name='" + FieldNm + "')])[" + index + "]", true): Modify property of object successfully

2020-05-27 16:28:56 - [MESSAGE][PASSED] - Modify property of object successfully

2020-05-27 16:28:56 - [TEST_STEP][PASSED] - focus(NewFieldNm): Object: 'Object Repository/Objects.HighlightElements/input_field_index' is focused

2020-05-27 16:28:56 - [MESSAGE][PASSED] - Object: 'Object Repository/Objects.HighlightElements/input_field_index' is focused

2020-05-27 16:28:56 - [TEST_STEP][PASSED] - DefVal = getAttribute(NewFieldNm, "value", STOP_ON_FAILURE): Attribute 'value' of object 'Object Repository/Objects.HighlightElements/input_field_index' is: ''

2020-05-27 16:28:57 - [MESSAGE][PASSED] - Attribute 'value' of object 'Object Repository/Objects.HighlightElements/input_field_index' is: ''

2020-05-27 16:28:57 - [TEST_STEP][PASSED] - switch (FieldNm): null

2020-05-27 16:28:57 - [TEST_STEP][PASSED] - Default: null

2020-05-27 16:28:57 - [TEST_STEP][PASSED] - verifyMatch(DefVal, "", true): Actual text '' and expected text '' are matched  using regular expression

2020-05-27 16:28:57 - [MESSAGE][PASSED] - Actual text '' and expected text '' are matched  using regular expression

2020-05-27 16:28:57 - [TEST_STEP][PASSED] - break: null

2020-05-27 16:28:57 - [MESSAGE][PASSED] - Call Test Case 'Test Cases/PFI Precision and Scale/PFI Components with Indexing/VerifyDefaultValueIndex' successfully

2020-05-27 16:28:57 - [TEST_STEP][PASSED] - callTestCase(findTestCase("Components/HighlightLabelFieldXPI"), ["LblName":"Bldg Grp Grade Type", "index":3], STOP_ON_FAILURE): Call Test Case 'Test Cases/Components/HighlightLabelFieldXPI' successfully

2020-05-27 16:28:57 - [TEST_CASE][PASSED] - Test Cases/Components/HighlightLabelFieldXPI: Test Cases/Components/HighlightLabelFieldXPI

2020-05-27 16:28:57 - [TEST_STEP][PASSED] - Thread.sleep(1000): null

2020-05-27 16:28:58 - [TEST_STEP][PASSED] - modifiedLblNm = modifyObjectProperty(findTestObject("Object Repository/Objects.HighlightElements/lblField_index"), "xpath", "equals", "(//*[contains(@class, 'x-form-item-label-inner x-form-item-label-inner-default') and contains(., '" + LblName + "')])[" + index + "]", true): Modify property of object successfully

2020-05-27 16:28:58 - [MESSAGE][PASSED] - Modify property of object successfully

2020-05-27 16:28:58 - [TEST_STEP][PASSED] - com.reusableComponents.HighlightElement.run(modifiedLblNm): com.reusableComponents.HighlightElement.run is PASSED

2020-05-27 16:28:58 - [MESSAGE][PASSED] - com.reusableComponents.HighlightElement.run is PASSED

2020-05-27 16:28:58 - [MESSAGE][PASSED] - Call Test Case 'Test Cases/Components/HighlightLabelFieldXPI' successfully

2020-05-27 16:28:58 - [TEST_STEP][PASSED] - callTestCase(findTestCase("Components/HighlightInputIndexField"), ["InputName":"gradeType", "index":3], STOP_ON_FAILURE): Call Test Case 'Test Cases/Components/HighlightInputIndexField' successfully

2020-05-27 16:28:58 - [TEST_CASE][PASSED] - Test Cases/Components/HighlightInputIndexField: Test Cases/Components/HighlightInputIndexField

2020-05-27 16:28:58 - [TEST_STEP][PASSED] - Thread.sleep(1000): null

2020-05-27 16:28:59 - [TEST_STEP][PASSED] - modifiedInputFld = modifyObjectProperty(findTestObject("Objects.HighlightElements/input_field_index"), "xpath", "equals", "(//*[contains(@class,'x-form-text') and (@name='" + InputName + "')])[" + index + "]", true): Modify property of object successfully

2020-05-27 16:28:59 - [MESSAGE][PASSED] - Modify property of object successfully

2020-05-27 16:28:59 - [TEST_STEP][PASSED] - com.reusableComponents.HighlightElement.run(modifiedInputFld): com.reusableComponents.HighlightElement.run is PASSED

2020-05-27 16:29:00 - [MESSAGE][PASSED] - com.reusableComponents.HighlightElement.run is PASSED

2020-05-27 16:29:00 - [MESSAGE][PASSED] - Call Test Case 'Test Cases/Components/HighlightInputIndexField' successfully

2020-05-27 16:29:00 - [TEST_STEP][PASSED] - callTestCase(findTestCase("PFI Precision and Scale/PFI Components with Indexing/VerifyDefaultValueIndex"), ["FieldNm":"gradeType", "index":3], STOP_ON_FAILURE): Call Test Case 'Test Cases/PFI Precision and Scale/PFI Components with Indexing/VerifyDefaultValueIndex' successfully

2020-05-27 16:29:00 - [TEST_CASE][PASSED] - Test Cases/PFI Precision and Scale/PFI Components with Indexing/VerifyDefaultValueIndex: Test Cases/PFI Precision and Scale/PFI Components with Indexing/VerifyDefaultValueIndex

2020-05-27 16:29:00 - [TEST_STEP][PASSED] - Thread.sleep(1000): null

2020-05-27 16:29:01 - [TEST_STEP][PASSED] - NewFieldNm = modifyObjectProperty(findTestObject("Object Repository/Objects.HighlightElements/input_field_index"), "xpath", "equals", "(//*[contains(@class,'x-form-text') and (@name='" + FieldNm + "')])[" + index + "]", true): Modify property of object successfully

2020-05-27 16:29:01 - [MESSAGE][PASSED] - Modify property of object successfully

2020-05-27 16:29:01 - [TEST_STEP][PASSED] - focus(NewFieldNm): Object: 'Object Repository/Objects.HighlightElements/input_field_index' is focused

2020-05-27 16:29:01 - [MESSAGE][PASSED] - Object: 'Object Repository/Objects.HighlightElements/input_field_index' is focused

2020-05-27 16:29:01 - [TEST_STEP][PASSED] - DefVal = getAttribute(NewFieldNm, "value", STOP_ON_FAILURE): Attribute 'value' of object 'Object Repository/Objects.HighlightElements/input_field_index' is: ''

2020-05-27 16:29:02 - [MESSAGE][PASSED] - Attribute 'value' of object 'Object Repository/Objects.HighlightElements/input_field_index' is: ''

2020-05-27 16:29:02 - [TEST_STEP][PASSED] - switch (FieldNm): null

2020-05-27 16:29:02 - [TEST_STEP][PASSED] - Default: null

2020-05-27 16:29:02 - [TEST_STEP][PASSED] - verifyMatch(DefVal, "", true): Actual text '' and expected text '' are matched  using regular expression

2020-05-27 16:29:02 - [MESSAGE][PASSED] - Actual text '' and expected text '' are matched  using regular expression

2020-05-27 16:29:02 - [TEST_STEP][PASSED] - break: null

2020-05-27 16:29:02 - [MESSAGE][PASSED] - Call Test Case 'Test Cases/PFI Precision and Scale/PFI Components with Indexing/VerifyDefaultValueIndex' successfully

2020-05-27 16:29:02 - [TEST_STEP][PASSED] - callTestCase(findTestCase("Components/ClickBlueButtonsWithIndex"), ["Button":"Submit", "index":8], STOP_ON_FAILURE): Call Test Case 'Test Cases/Components/ClickBlueButtonsWithIndex' successfully

2020-05-27 16:29:02 - [TEST_CASE][PASSED] - Test Cases/Components/ClickBlueButtonsWithIndex: Test Cases/Components/ClickBlueButtonsWithIndex

2020-05-27 16:29:02 - [TEST_STEP][PASSED] - Thread.sleep(1000): null

2020-05-27 16:29:03 - [TEST_STEP][PASSED] - complexlyModifiedButtonGG = modifyObjectProperty(findTestObject("Objects.ClickBlueButtonsWithXPI/span_Reset"), "xPath", "equals", "(//*[contains(@class,'x-btn-inner x-btn-inner-default-small') and (text()='" + Button + "')])[" + index + "]", true): Modify property of object successfully

2020-05-27 16:29:03 - [MESSAGE][PASSED] - Modify property of object successfully

2020-05-27 16:29:03 - [TEST_STEP][PASSED] - com.reusableComponents.HighlightElement.run(complexlyModifiedButtonGG): com.reusableComponents.HighlightElement.run is PASSED

2020-05-27 16:29:04 - [MESSAGE][PASSED] - com.reusableComponents.HighlightElement.run is PASSED

2020-05-27 16:29:04 - [TEST_STEP][PASSED] - click(complexlyModifiedButtonGG): Object: 'Object Repository/Objects.ClickBlueButtonsWithXPI/span_Reset' is clicked on

2020-05-27 16:29:04 - [MESSAGE][PASSED] - Object: 'Object Repository/Objects.ClickBlueButtonsWithXPI/span_Reset' is clicked on

2020-05-27 16:29:04 - [MESSAGE][PASSED] - Call Test Case 'Test Cases/Components/ClickBlueButtonsWithIndex' successfully

2020-05-27 16:29:04 - [TEST_STEP][PASSED] - callTestCase(findTestCase("PFI Precision and Scale/PFI Components with Indexing/RequiredFieldValidationIndex"), ["nameToBeUsed":"aoStatus", "index":3], STOP_ON_FAILURE): Call Test Case 'Test Cases/PFI Precision and Scale/PFI Components with Indexing/RequiredFieldValidationIndex' successfully

2020-05-27 16:29:04 - [TEST_CASE][PASSED] - Test Cases/PFI Precision and Scale/PFI Components with Indexing/RequiredFieldValidationIndex: Test Cases/PFI Precision and Scale/PFI Components with Indexing/RequiredFieldValidationIndex

2020-05-27 16:29:04 - [TEST_STEP][PASSED] - enableSmartWait(): null

2020-05-27 16:29:04 - [TEST_STEP][PASSED] - NewInputNmField = modifyObjectProperty(findTestObject("Objects.HighlightElements/input_field_index"), "xpath", "equals", "(//*[contains(@class,'x-form-text') and (@name='" + nameToBeUsed + "')])[" + index + "]", true): Modify property of object successfully

2020-05-27 16:29:05 - [MESSAGE][PASSED] - Modify property of object successfully

2020-05-27 16:29:05 - [TEST_STEP][PASSED] - mouseOver(NewInputNmField): Object: 'Object Repository/Objects.HighlightElements/input_field_index' is hovered

2020-05-27 16:29:05 - [MESSAGE][PASSED] - Object: 'Object Repository/Objects.HighlightElements/input_field_index' is hovered

2020-05-27 16:29:05 - [TEST_STEP][PASSED] - getRqErrMsg = getAttribute(NewInputNmField, "data-errorqtip"): Attribute 'data-errorqtip' of object 'Object Repository/Objects.HighlightElements/input_field_index' is: '<ul class="x-list-plain"><li>This field is required</li></ul>'

2020-05-27 16:29:06 - [MESSAGE][PASSED] - Attribute 'data-errorqtip' of object 'Object Repository/Objects.HighlightElements/input_field_index' is: '<ul class="x-list-plain"><li>This field is required</li></ul>'

2020-05-27 16:29:06 - [TEST_STEP][PASSED] - strToolTip = getRqErrMsg.substring(29, 61): null

2020-05-27 16:29:06 - [TEST_STEP][PASSED] - toolTipReqErrMsg = strToolTip.substring(0, 22): null

2020-05-27 16:29:06 - [TEST_STEP][PASSED] - verifyMatch(toolTipReqErrMsg, RqField, true): Actual text 'This field is required' and expected text 'This field is required' are matched  using regular expression

2020-05-27 16:29:06 - [MESSAGE][PASSED] - Actual text 'This field is required' and expected text 'This field is required' are matched  using regular expression

2020-05-27 16:29:06 - [MESSAGE][PASSED] - Call Test Case 'Test Cases/PFI Precision and Scale/PFI Components with Indexing/RequiredFieldValidationIndex' successfully

2020-05-27 16:29:06 - [TEST_STEP][PASSED] - callTestCase(findTestCase("PFI Precision and Scale/PFI Components with Indexing/RequiredFieldValidationIndex"), ["nameToBeUsed":"aoNotes", "index":3], STOP_ON_FAILURE): Call Test Case 'Test Cases/PFI Precision and Scale/PFI Components with Indexing/RequiredFieldValidationIndex' successfully

2020-05-27 16:29:06 - [TEST_CASE][PASSED] - Test Cases/PFI Precision and Scale/PFI Components with Indexing/RequiredFieldValidationIndex: Test Cases/PFI Precision and Scale/PFI Components with Indexing/RequiredFieldValidationIndex

2020-05-27 16:29:06 - [TEST_STEP][PASSED] - enableSmartWait(): null

2020-05-27 16:29:06 - [TEST_STEP][PASSED] - NewInputNmField = modifyObjectProperty(findTestObject("Objects.HighlightElements/input_field_index"), "xpath", "equals", "(//*[contains(@class,'x-form-text') and (@name='" + nameToBeUsed + "')])[" + index + "]", true): Modify property of object successfully

2020-05-27 16:29:06 - [MESSAGE][PASSED] - Modify property of object successfully

2020-05-27 16:29:06 - [TEST_STEP][PASSED] - mouseOver(NewInputNmField): Object: 'Object Repository/Objects.HighlightElements/input_field_index' is hovered

2020-05-27 16:29:06 - [MESSAGE][PASSED] - Object: 'Object Repository/Objects.HighlightElements/input_field_index' is hovered

2020-05-27 16:29:06 - [TEST_STEP][PASSED] - getRqErrMsg = getAttribute(NewInputNmField, "data-errorqtip"): Attribute 'data-errorqtip' of object 'Object Repository/Objects.HighlightElements/input_field_index' is: '<ul class="x-list-plain"><li>This field is required</li></ul>'

2020-05-27 16:29:07 - [MESSAGE][PASSED] - Attribute 'data-errorqtip' of object 'Object Repository/Objects.HighlightElements/input_field_index' is: '<ul class="x-list-plain"><li>This field is required</li></ul>'

2020-05-27 16:29:07 - [TEST_STEP][PASSED] - strToolTip = getRqErrMsg.substring(29, 61): null

2020-05-27 16:29:07 - [TEST_STEP][PASSED] - toolTipReqErrMsg = strToolTip.substring(0, 22): null

2020-05-27 16:29:07 - [TEST_STEP][PASSED] - verifyMatch(toolTipReqErrMsg, RqField, true): Actual text 'This field is required' and expected text 'This field is required' are matched  using regular expression

2020-05-27 16:29:07 - [MESSAGE][PASSED] - Actual text 'This field is required' and expected text 'This field is required' are matched  using regular expression

2020-05-27 16:29:07 - [MESSAGE][PASSED] - Call Test Case 'Test Cases/PFI Precision and Scale/PFI Components with Indexing/RequiredFieldValidationIndex' successfully

2020-05-27 16:29:07 - [TEST_STEP][PASSED] - callTestCase(findTestCase("PFI Precision and Scale/PFI Components with Indexing/RequiredFieldValidationIndex"), ["nameToBeUsed":"aoAssignTo", "index":3], STOP_ON_FAILURE): Call Test Case 'Test Cases/PFI Precision and Scale/PFI Components with Indexing/RequiredFieldValidationIndex' successfully

2020-05-27 16:29:07 - [TEST_CASE][PASSED] - Test Cases/PFI Precision and Scale/PFI Components with Indexing/RequiredFieldValidationIndex: Test Cases/PFI Precision and Scale/PFI Components with Indexing/RequiredFieldValidationIndex

2020-05-27 16:29:07 - [TEST_STEP][PASSED] - enableSmartWait(): null

2020-05-27 16:29:07 - [TEST_STEP][PASSED] - NewInputNmField = modifyObjectProperty(findTestObject("Objects.HighlightElements/input_field_index"), "xpath", "equals", "(//*[contains(@class,'x-form-text') and (@name='" + nameToBeUsed + "')])[" + index + "]", true): Modify property of object successfully

2020-05-27 16:29:07 - [MESSAGE][PASSED] - Modify property of object successfully

2020-05-27 16:29:07 - [TEST_STEP][PASSED] - mouseOver(NewInputNmField): Object: 'Object Repository/Objects.HighlightElements/input_field_index' is hovered

2020-05-27 16:29:07 - [MESSAGE][PASSED] - Object: 'Object Repository/Objects.HighlightElements/input_field_index' is hovered

2020-05-27 16:29:07 - [TEST_STEP][PASSED] - getRqErrMsg = getAttribute(NewInputNmField, "data-errorqtip"): Attribute 'data-errorqtip' of object 'Object Repository/Objects.HighlightElements/input_field_index' is: '<ul class="x-list-plain"><li>This field is required</li></ul>'

2020-05-27 16:29:08 - [MESSAGE][PASSED] - Attribute 'data-errorqtip' of object 'Object Repository/Objects.HighlightElements/input_field_index' is: '<ul class="x-list-plain"><li>This field is required</li></ul>'

2020-05-27 16:29:08 - [TEST_STEP][PASSED] - strToolTip = getRqErrMsg.substring(29, 61): null

2020-05-27 16:29:08 - [TEST_STEP][PASSED] - toolTipReqErrMsg = strToolTip.substring(0, 22): null

2020-05-27 16:29:08 - [TEST_STEP][PASSED] - verifyMatch(toolTipReqErrMsg, RqField, true): Actual text 'This field is required' and expected text 'This field is required' are matched  using regular expression

2020-05-27 16:29:08 - [MESSAGE][PASSED] - Actual text 'This field is required' and expected text 'This field is required' are matched  using regular expression

2020-05-27 16:29:08 - [MESSAGE][PASSED] - Call Test Case 'Test Cases/PFI Precision and Scale/PFI Components with Indexing/RequiredFieldValidationIndex' successfully

2020-05-27 16:29:08 - [TEST_STEP][PASSED] - callTestCase(findTestCase("PFI Precision and Scale/PFI Components with Indexing/RequiredFieldValidationIndex"), ["nameToBeUsed":"gradeType", "index":3], STOP_ON_FAILURE): Call Test Case 'Test Cases/PFI Precision and Scale/PFI Components with Indexing/RequiredFieldValidationIndex' successfully

2020-05-27 16:29:08 - [TEST_CASE][PASSED] - Test Cases/PFI Precision and Scale/PFI Components with Indexing/RequiredFieldValidationIndex: Test Cases/PFI Precision and Scale/PFI Components with Indexing/RequiredFieldValidationIndex

2020-05-27 16:29:08 - [TEST_STEP][PASSED] - enableSmartWait(): null

2020-05-27 16:29:08 - [TEST_STEP][PASSED] - NewInputNmField = modifyObjectProperty(findTestObject("Objects.HighlightElements/input_field_index"), "xpath", "equals", "(//*[contains(@class,'x-form-text') and (@name='" + nameToBeUsed + "')])[" + index + "]", true): Modify property of object successfully

2020-05-27 16:29:08 - [MESSAGE][PASSED] - Modify property of object successfully

2020-05-27 16:29:08 - [TEST_STEP][PASSED] - mouseOver(NewInputNmField): Object: 'Object Repository/Objects.HighlightElements/input_field_index' is hovered

2020-05-27 16:29:08 - [MESSAGE][PASSED] - Object: 'Object Repository/Objects.HighlightElements/input_field_index' is hovered

2020-05-27 16:29:08 - [TEST_STEP][PASSED] - getRqErrMsg = getAttribute(NewInputNmField, "data-errorqtip"): Attribute 'data-errorqtip' of object 'Object Repository/Objects.HighlightElements/input_field_index' is: '<ul class="x-list-plain"><li>This field is required</li></ul>'

2020-05-27 16:29:08 - [MESSAGE][PASSED] - Attribute 'data-errorqtip' of object 'Object Repository/Objects.HighlightElements/input_field_index' is: '<ul class="x-list-plain"><li>This field is required</li></ul>'

2020-05-27 16:29:08 - [TEST_STEP][PASSED] - strToolTip = getRqErrMsg.substring(29, 61): null

2020-05-27 16:29:08 - [TEST_STEP][PASSED] - toolTipReqErrMsg = strToolTip.substring(0, 22): null

2020-05-27 16:29:08 - [TEST_STEP][PASSED] - verifyMatch(toolTipReqErrMsg, RqField, true): Actual text 'This field is required' and expected text 'This field is required' are matched  using regular expression

2020-05-27 16:29:08 - [MESSAGE][PASSED] - Actual text 'This field is required' and expected text 'This field is required' are matched  using regular expression

2020-05-27 16:29:08 - [MESSAGE][PASSED] - Call Test Case 'Test Cases/PFI Precision and Scale/PFI Components with Indexing/RequiredFieldValidationIndex' successfully

2020-05-27 16:29:08 - [TEST_STEP][PASSED] - callTestCase(findTestCase("PFI Precision and Scale/PFI Components with Indexing/VerifyDropdownValuesIndex"), ["FldNm":"aoStatus", "index":3, "CallTCName":"PFI Precision and Scale/PFI Components/ConstantHashMap", "NoOfVal":10, "DelayTime":5, ... ], STOP_ON_FAILURE): Call Test Case 'Test Cases/PFI Precision and Scale/PFI Components with Indexing/VerifyDropdownValuesIndex' successfully

2020-05-27 16:29:08 - [TEST_CASE][PASSED] - Test Cases/PFI Precision and Scale/PFI Components with Indexing/VerifyDropdownValuesIndex: Test Cases/PFI Precision and Scale/PFI Components with Indexing/VerifyDropdownValuesIndex

2020-05-27 16:29:08 - [TEST_STEP][PASSED] - Thread.sleep(1000): null

2020-05-27 16:29:09 - [TEST_STEP][PASSED] - NewInputNmField = modifyObjectProperty(findTestObject("Object Repository/Objects.HighlightElements/input_field_index"), "xpath", "equals", "(//*[contains(@class,'x-form-text') and (@name='" + FldNm + "')])[" + index + "]", true): Modify property of object successfully

2020-05-27 16:29:10 - [MESSAGE][PASSED] - Modify property of object successfully

2020-05-27 16:29:10 - [TEST_STEP][PASSED] - comboNm = cmbNm: null

2020-05-27 16:29:10 - [TEST_STEP][PASSED] - focus(NewInputNmField): Object: 'Object Repository/Objects.HighlightElements/input_field_index' is focused

2020-05-27 16:29:10 - [MESSAGE][PASSED] - Object: 'Object Repository/Objects.HighlightElements/input_field_index' is focused

2020-05-27 16:29:10 - [TEST_STEP][PASSED] - setText(NewInputNmField, EnterValue): Text ''T2'' is set on object 'Object Repository/Objects.HighlightElements/input_field_index'

2020-05-27 16:29:11 - [MESSAGE][PASSED] - Text ''T2'' is set on object 'Object Repository/Objects.HighlightElements/input_field_index'

2020-05-27 16:29:11 - [TEST_STEP][PASSED] - for ([i = 1, i <= NoOfVal, (i++)]): Keys 'DOWN + ' sent to object: 'Object Repository/Objects.HighlightElements/input_field_index'

2020-05-27 16:29:11 - [TEST_STEP][PASSED] - sendKeys(NewInputNmField, Keys.chord(ARROW_DOWN)): Keys 'DOWN + ' sent to object: 'Object Repository/Objects.HighlightElements/input_field_index'

2020-05-27 16:29:11 - [MESSAGE][PASSED] - Keys 'DOWN + ' sent to object: 'Object Repository/Objects.HighlightElements/input_field_index'

2020-05-27 16:29:11 - [TEST_STEP][PASSED] - delay(DelayTime): Delayed 5 second(s)

2020-05-27 16:29:16 - [MESSAGE][PASSED] - Delayed 5 second(s)

2020-05-27 16:29:16 - [TEST_STEP][PASSED] - sendKeys(NewInputNmField, Keys.chord(ENTER)): Keys 'ENTER + ' sent to object: 'Object Repository/Objects.HighlightElements/input_field_index'

2020-05-27 16:29:16 - [MESSAGE][PASSED] - Keys 'ENTER + ' sent to object: 'Object Repository/Objects.HighlightElements/input_field_index'

2020-05-27 16:29:16 - [TEST_STEP][PASSED] - ComboBoxValue = getAttribute(NewInputNmField, "value"): Attribute 'value' of object 'Object Repository/Objects.HighlightElements/input_field_index' is: ''T2''

2020-05-27 16:29:17 - [MESSAGE][PASSED] - Attribute 'value' of object 'Object Repository/Objects.HighlightElements/input_field_index' is: ''T2''

2020-05-27 16:29:17 - [TEST_STEP][PASSED] - callTestCase(findTestCase(CallTCName), ["FindValue":ComboBoxValue, "DropdownNm":comboNm], STOP_ON_FAILURE): Call Test Case 'Test Cases/PFI Precision and Scale/PFI Components/ConstantHashMap' successfully

2020-05-27 16:29:17 - [TEST_CASE][PASSED] - Test Cases/PFI Precision and Scale/PFI Components/ConstantHashMap: Test Cases/PFI Precision and Scale/PFI Components/ConstantHashMap

2020-05-27 16:29:17 - [TEST_STEP][PASSED] - ConstantTBL = [1:["PeriodType":"Working Day(s)"], 2:["PeriodType":"Calendar Day(s)"], 3:["PeriodType":"Month(s)"], 4:["TypeOfLetter":"T1"], ... ]: null

2020-05-27 16:29:17 - [TEST_STEP][PASSED] - switch (DropdownNm): null

2020-05-27 16:29:17 - [TEST_STEP][PASSED] - case "AOStatus":: null

2020-05-27 16:29:17 - [TEST_STEP][PASSED] - ValueFound = ConstantTBL.find({ -> ... }): null

2020-05-27 16:29:17 - [TEST_STEP][PASSED] - break: null

2020-05-27 16:29:17 - [MESSAGE][PASSED] - Call Test Case 'Test Cases/PFI Precision and Scale/PFI Components/ConstantHashMap' successfully

2020-05-27 16:29:17 - [TEST_STEP][PASSED] - println(ValueFound): null

2020-05-27 16:29:17 - [TEST_STEP][PASSED] - sendKeys(NewInputNmField, Keys.chord(ARROW_DOWN)): Keys 'DOWN + ' sent to object: 'Object Repository/Objects.HighlightElements/input_field_index'

2020-05-27 16:29:17 - [MESSAGE][PASSED] - Keys 'DOWN + ' sent to object: 'Object Repository/Objects.HighlightElements/input_field_index'

2020-05-27 16:29:17 - [TEST_STEP][PASSED] - sendKeys(NewInputNmField, Keys.chord(ARROW_DOWN)): Keys 'DOWN + ' sent to object: 'Object Repository/Objects.HighlightElements/input_field_index'

2020-05-27 16:29:18 - [MESSAGE][PASSED] - Keys 'DOWN + ' sent to object: 'Object Repository/Objects.HighlightElements/input_field_index'

2020-05-27 16:29:18 - [TEST_STEP][PASSED] - delay(DelayTime): Delayed 5 second(s)

2020-05-27 16:29:23 - [MESSAGE][PASSED] - Delayed 5 second(s)

2020-05-27 16:29:23 - [TEST_STEP][PASSED] - sendKeys(NewInputNmField, Keys.chord(ENTER)): Keys 'ENTER + ' sent to object: 'Object Repository/Objects.HighlightElements/input_field_index'

2020-05-27 16:29:23 - [MESSAGE][PASSED] - Keys 'ENTER + ' sent to object: 'Object Repository/Objects.HighlightElements/input_field_index'

2020-05-27 16:29:23 - [TEST_STEP][PASSED] - ComboBoxValue = getAttribute(NewInputNmField, "value"): Attribute 'value' of object 'Object Repository/Objects.HighlightElements/input_field_index' is: ''T3''

2020-05-27 16:29:23 - [MESSAGE][PASSED] - Attribute 'value' of object 'Object Repository/Objects.HighlightElements/input_field_index' is: ''T3''

2020-05-27 16:29:23 - [TEST_STEP][PASSED] - callTestCase(findTestCase(CallTCName), ["FindValue":ComboBoxValue, "DropdownNm":comboNm], STOP_ON_FAILURE): Call Test Case 'Test Cases/PFI Precision and Scale/PFI Components/ConstantHashMap' successfully

2020-05-27 16:29:24 - [TEST_CASE][PASSED] - Test Cases/PFI Precision and Scale/PFI Components/ConstantHashMap: Test Cases/PFI Precision and Scale/PFI Components/ConstantHashMap

2020-05-27 16:29:24 - [TEST_STEP][PASSED] - ConstantTBL = [1:["PeriodType":"Working Day(s)"], 2:["PeriodType":"Calendar Day(s)"], 3:["PeriodType":"Month(s)"], 4:["TypeOfLetter":"T1"], ... ]: null

2020-05-27 16:29:24 - [TEST_STEP][PASSED] - switch (DropdownNm): null

2020-05-27 16:29:24 - [TEST_STEP][PASSED] - case "AOStatus":: null

2020-05-27 16:29:24 - [TEST_STEP][PASSED] - ValueFound = ConstantTBL.find({ -> ... }): null

2020-05-27 16:29:24 - [TEST_STEP][PASSED] - break: null

2020-05-27 16:29:24 - [MESSAGE][PASSED] - Call Test Case 'Test Cases/PFI Precision and Scale/PFI Components/ConstantHashMap' successfully

2020-05-27 16:29:24 - [TEST_STEP][PASSED] - println(ValueFound): null

2020-05-27 16:29:24 - [TEST_STEP][PASSED] - sendKeys(NewInputNmField, Keys.chord(ARROW_DOWN)): Keys 'DOWN + ' sent to object: 'Object Repository/Objects.HighlightElements/input_field_index'

2020-05-27 16:29:24 - [MESSAGE][PASSED] - Keys 'DOWN + ' sent to object: 'Object Repository/Objects.HighlightElements/input_field_index'

2020-05-27 16:29:24 - [TEST_STEP][PASSED] - sendKeys(NewInputNmField, Keys.chord(ARROW_DOWN)): Keys 'DOWN + ' sent to object: 'Object Repository/Objects.HighlightElements/input_field_index'

2020-05-27 16:29:24 - [MESSAGE][PASSED] - Keys 'DOWN + ' sent to object: 'Object Repository/Objects.HighlightElements/input_field_index'

2020-05-27 16:29:24 - [TEST_STEP][PASSED] - delay(DelayTime): Delayed 5 second(s)

2020-05-27 16:29:29 - [MESSAGE][PASSED] - Delayed 5 second(s)

2020-05-27 16:29:29 - [TEST_STEP][PASSED] - sendKeys(NewInputNmField, Keys.chord(ENTER)): Keys 'ENTER + ' sent to object: 'Object Repository/Objects.HighlightElements/input_field_index'

2020-05-27 16:29:30 - [MESSAGE][PASSED] - Keys 'ENTER + ' sent to object: 'Object Repository/Objects.HighlightElements/input_field_index'

2020-05-27 16:29:30 - [TEST_STEP][PASSED] - ComboBoxValue = getAttribute(NewInputNmField, "value"): Attribute 'value' of object 'Object Repository/Objects.HighlightElements/input_field_index' is: ''T7''

2020-05-27 16:29:30 - [MESSAGE][PASSED] - Attribute 'value' of object 'Object Repository/Objects.HighlightElements/input_field_index' is: ''T7''

2020-05-27 16:29:30 - [TEST_STEP][PASSED] - callTestCase(findTestCase(CallTCName), ["FindValue":ComboBoxValue, "DropdownNm":comboNm], STOP_ON_FAILURE): Call Test Case 'Test Cases/PFI Precision and Scale/PFI Components/ConstantHashMap' successfully

2020-05-27 16:29:30 - [TEST_CASE][PASSED] - Test Cases/PFI Precision and Scale/PFI Components/ConstantHashMap: Test Cases/PFI Precision and Scale/PFI Components/ConstantHashMap

2020-05-27 16:29:30 - [TEST_STEP][PASSED] - ConstantTBL = [1:["PeriodType":"Working Day(s)"], 2:["PeriodType":"Calendar Day(s)"], 3:["PeriodType":"Month(s)"], 4:["TypeOfLetter":"T1"], ... ]: null

2020-05-27 16:29:30 - [TEST_STEP][PASSED] - switch (DropdownNm): null

2020-05-27 16:29:30 - [TEST_STEP][PASSED] - case "AOStatus":: null

2020-05-27 16:29:30 - [TEST_STEP][PASSED] - ValueFound = ConstantTBL.find({ -> ... }): null

2020-05-27 16:29:30 - [TEST_STEP][PASSED] - break: null

2020-05-27 16:29:30 - [MESSAGE][PASSED] - Call Test Case 'Test Cases/PFI Precision and Scale/PFI Components/ConstantHashMap' successfully

2020-05-27 16:29:30 - [TEST_STEP][PASSED] - println(ValueFound): null

2020-05-27 16:29:30 - [TEST_STEP][PASSED] - sendKeys(NewInputNmField, Keys.chord(ARROW_DOWN)): Keys 'DOWN + ' sent to object: 'Object Repository/Objects.HighlightElements/input_field_index'

2020-05-27 16:29:31 - [MESSAGE][PASSED] - Keys 'DOWN + ' sent to object: 'Object Repository/Objects.HighlightElements/input_field_index'

2020-05-27 16:29:31 - [TEST_STEP][PASSED] - sendKeys(NewInputNmField, Keys.chord(ARROW_DOWN)): Keys 'DOWN + ' sent to object: 'Object Repository/Objects.HighlightElements/input_field_index'

2020-05-27 16:29:31 - [MESSAGE][PASSED] - Keys 'DOWN + ' sent to object: 'Object Repository/Objects.HighlightElements/input_field_index'

2020-05-27 16:29:31 - [TEST_STEP][PASSED] - delay(DelayTime): Delayed 5 second(s)

2020-05-27 16:29:36 - [MESSAGE][PASSED] - Delayed 5 second(s)

2020-05-27 16:29:36 - [TEST_STEP][PASSED] - sendKeys(NewInputNmField, Keys.chord(ENTER)): Keys 'ENTER + ' sent to object: 'Object Repository/Objects.HighlightElements/input_field_index'

2020-05-27 16:29:36 - [MESSAGE][PASSED] - Keys 'ENTER + ' sent to object: 'Object Repository/Objects.HighlightElements/input_field_index'

2020-05-27 16:29:36 - [TEST_STEP][PASSED] - ComboBoxValue = getAttribute(NewInputNmField, "value"): Attribute 'value' of object 'Object Repository/Objects.HighlightElements/input_field_index' is: ''T7''

2020-05-27 16:29:37 - [MESSAGE][PASSED] - Attribute 'value' of object 'Object Repository/Objects.HighlightElements/input_field_index' is: ''T7''

2020-05-27 16:29:37 - [TEST_STEP][PASSED] - callTestCase(findTestCase(CallTCName), ["FindValue":ComboBoxValue, "DropdownNm":comboNm], STOP_ON_FAILURE): Call Test Case 'Test Cases/PFI Precision and Scale/PFI Components/ConstantHashMap' successfully

2020-05-27 16:29:37 - [TEST_CASE][PASSED] - Test Cases/PFI Precision and Scale/PFI Components/ConstantHashMap: Test Cases/PFI Precision and Scale/PFI Components/ConstantHashMap

2020-05-27 16:29:37 - [TEST_STEP][PASSED] - ConstantTBL = [1:["PeriodType":"Working Day(s)"], 2:["PeriodType":"Calendar Day(s)"], 3:["PeriodType":"Month(s)"], 4:["TypeOfLetter":"T1"], ... ]: null

2020-05-27 16:29:37 - [TEST_STEP][PASSED] - switch (DropdownNm): null

2020-05-27 16:29:37 - [TEST_STEP][PASSED] - case "AOStatus":: null

2020-05-27 16:29:37 - [TEST_STEP][PASSED] - ValueFound = ConstantTBL.find({ -> ... }): null

2020-05-27 16:29:37 - [TEST_STEP][PASSED] - break: null

2020-05-27 16:29:37 - [MESSAGE][PASSED] - Call Test Case 'Test Cases/PFI Precision and Scale/PFI Components/ConstantHashMap' successfully

2020-05-27 16:29:37 - [TEST_STEP][PASSED] - println(ValueFound): null

2020-05-27 16:29:37 - [TEST_STEP][PASSED] - sendKeys(NewInputNmField, Keys.chord(ARROW_DOWN)): Keys 'DOWN + ' sent to object: 'Object Repository/Objects.HighlightElements/input_field_index'

2020-05-27 16:29:37 - [MESSAGE][PASSED] - Keys 'DOWN + ' sent to object: 'Object Repository/Objects.HighlightElements/input_field_index'

2020-05-27 16:29:37 - [TEST_STEP][PASSED] - sendKeys(NewInputNmField, Keys.chord(ARROW_DOWN)): Keys 'DOWN + ' sent to object: 'Object Repository/Objects.HighlightElements/input_field_index'

2020-05-27 16:29:38 - [MESSAGE][PASSED] - Keys 'DOWN + ' sent to object: 'Object Repository/Objects.HighlightElements/input_field_index'

2020-05-27 16:29:38 - [TEST_STEP][PASSED] - delay(DelayTime): Delayed 5 second(s)

2020-05-27 16:29:43 - [MESSAGE][PASSED] - Delayed 5 second(s)

2020-05-27 16:29:43 - [TEST_STEP][PASSED] - sendKeys(NewInputNmField, Keys.chord(ENTER)): Keys 'ENTER + ' sent to object: 'Object Repository/Objects.HighlightElements/input_field_index'

2020-05-27 16:29:43 - [MESSAGE][PASSED] - Keys 'ENTER + ' sent to object: 'Object Repository/Objects.HighlightElements/input_field_index'

2020-05-27 16:29:43 - [TEST_STEP][PASSED] - ComboBoxValue = getAttribute(NewInputNmField, "value"): Attribute 'value' of object 'Object Repository/Objects.HighlightElements/input_field_index' is: ''T7''

2020-05-27 16:29:43 - [MESSAGE][PASSED] - Attribute 'value' of object 'Object Repository/Objects.HighlightElements/input_field_index' is: ''T7''

2020-05-27 16:29:43 - [TEST_STEP][PASSED] - callTestCase(findTestCase(CallTCName), ["FindValue":ComboBoxValue, "DropdownNm":comboNm], STOP_ON_FAILURE): Call Test Case 'Test Cases/PFI Precision and Scale/PFI Components/ConstantHashMap' successfully

2020-05-27 16:29:43 - [TEST_CASE][PASSED] - Test Cases/PFI Precision and Scale/PFI Components/ConstantHashMap: Test Cases/PFI Precision and Scale/PFI Components/ConstantHashMap

2020-05-27 16:29:43 - [TEST_STEP][PASSED] - ConstantTBL = [1:["PeriodType":"Working Day(s)"], 2:["PeriodType":"Calendar Day(s)"], 3:["PeriodType":"Month(s)"], 4:["TypeOfLetter":"T1"], ... ]: null

2020-05-27 16:29:43 - [TEST_STEP][PASSED] - switch (DropdownNm): null

2020-05-27 16:29:43 - [TEST_STEP][PASSED] - case "AOStatus":: null

2020-05-27 16:29:43 - [TEST_STEP][PASSED] - ValueFound = ConstantTBL.find({ -> ... }): null

2020-05-27 16:29:43 - [TEST_STEP][PASSED] - break: null

2020-05-27 16:29:43 - [MESSAGE][PASSED] - Call Test Case 'Test Cases/PFI Precision and Scale/PFI Components/ConstantHashMap' successfully

2020-05-27 16:29:43 - [TEST_STEP][PASSED] - println(ValueFound): null

2020-05-27 16:29:43 - [TEST_STEP][PASSED] - sendKeys(NewInputNmField, Keys.chord(ARROW_DOWN)): Keys 'DOWN + ' sent to object: 'Object Repository/Objects.HighlightElements/input_field_index'

2020-05-27 16:29:43 - [MESSAGE][PASSED] - Keys 'DOWN + ' sent to object: 'Object Repository/Objects.HighlightElements/input_field_index'

2020-05-27 16:29:43 - [TEST_STEP][PASSED] - sendKeys(NewInputNmField, Keys.chord(ARROW_DOWN)): Keys 'DOWN + ' sent to object: 'Object Repository/Objects.HighlightElements/input_field_index'

2020-05-27 16:29:44 - [MESSAGE][PASSED] - Keys 'DOWN + ' sent to object: 'Object Repository/Objects.HighlightElements/input_field_index'

2020-05-27 16:29:44 - [TEST_STEP][PASSED] - delay(DelayTime): Delayed 5 second(s)

2020-05-27 16:29:49 - [MESSAGE][PASSED] - Delayed 5 second(s)

2020-05-27 16:29:49 - [TEST_STEP][PASSED] - sendKeys(NewInputNmField, Keys.chord(ENTER)): Keys 'ENTER + ' sent to object: 'Object Repository/Objects.HighlightElements/input_field_index'

2020-05-27 16:29:49 - [MESSAGE][PASSED] - Keys 'ENTER + ' sent to object: 'Object Repository/Objects.HighlightElements/input_field_index'

2020-05-27 16:29:49 - [TEST_STEP][PASSED] - ComboBoxValue = getAttribute(NewInputNmField, "value"): Attribute 'value' of object 'Object Repository/Objects.HighlightElements/input_field_index' is: ''T7''

2020-05-27 16:29:49 - [MESSAGE][PASSED] - Attribute 'value' of object 'Object Repository/Objects.HighlightElements/input_field_index' is: ''T7''

2020-05-27 16:29:49 - [TEST_STEP][PASSED] - callTestCase(findTestCase(CallTCName), ["FindValue":ComboBoxValue, "DropdownNm":comboNm], STOP_ON_FAILURE): Call Test Case 'Test Cases/PFI Precision and Scale/PFI Components/ConstantHashMap' successfully

2020-05-27 16:29:50 - [TEST_CASE][PASSED] - Test Cases/PFI Precision and Scale/PFI Components/ConstantHashMap: Test Cases/PFI Precision and Scale/PFI Components/ConstantHashMap

2020-05-27 16:29:50 - [TEST_STEP][PASSED] - ConstantTBL = [1:["PeriodType":"Working Day(s)"], 2:["PeriodType":"Calendar Day(s)"], 3:["PeriodType":"Month(s)"], 4:["TypeOfLetter":"T1"], ... ]: null

2020-05-27 16:29:50 - [TEST_STEP][PASSED] - switch (DropdownNm): null

2020-05-27 16:29:50 - [TEST_STEP][PASSED] - case "AOStatus":: null

2020-05-27 16:29:50 - [TEST_STEP][PASSED] - ValueFound = ConstantTBL.find({ -> ... }): null

2020-05-27 16:29:50 - [TEST_STEP][PASSED] - break: null

2020-05-27 16:29:50 - [MESSAGE][PASSED] - Call Test Case 'Test Cases/PFI Precision and Scale/PFI Components/ConstantHashMap' successfully

2020-05-27 16:29:50 - [TEST_STEP][PASSED] - println(ValueFound): null

2020-05-27 16:29:50 - [TEST_STEP][PASSED] - sendKeys(NewInputNmField, Keys.chord(ARROW_DOWN)): Keys 'DOWN + ' sent to object: 'Object Repository/Objects.HighlightElements/input_field_index'

2020-05-27 16:29:50 - [MESSAGE][PASSED] - Keys 'DOWN + ' sent to object: 'Object Repository/Objects.HighlightElements/input_field_index'

2020-05-27 16:29:50 - [TEST_STEP][PASSED] - sendKeys(NewInputNmField, Keys.chord(ARROW_DOWN)): Keys 'DOWN + ' sent to object: 'Object Repository/Objects.HighlightElements/input_field_index'

2020-05-27 16:29:50 - [MESSAGE][PASSED] - Keys 'DOWN + ' sent to object: 'Object Repository/Objects.HighlightElements/input_field_index'

2020-05-27 16:29:50 - [TEST_STEP][PASSED] - delay(DelayTime): Delayed 5 second(s)

2020-05-27 16:29:55 - [MESSAGE][PASSED] - Delayed 5 second(s)

2020-05-27 16:29:55 - [TEST_STEP][PASSED] - sendKeys(NewInputNmField, Keys.chord(ENTER)): Keys 'ENTER + ' sent to object: 'Object Repository/Objects.HighlightElements/input_field_index'

2020-05-27 16:29:56 - [MESSAGE][PASSED] - Keys 'ENTER + ' sent to object: 'Object Repository/Objects.HighlightElements/input_field_index'

2020-05-27 16:29:56 - [TEST_STEP][PASSED] - ComboBoxValue = getAttribute(NewInputNmField, "value"): Attribute 'value' of object 'Object Repository/Objects.HighlightElements/input_field_index' is: ''T7''

2020-05-27 16:29:56 - [MESSAGE][PASSED] - Attribute 'value' of object 'Object Repository/Objects.HighlightElements/input_field_index' is: ''T7''

2020-05-27 16:29:56 - [TEST_STEP][PASSED] - callTestCase(findTestCase(CallTCName), ["FindValue":ComboBoxValue, "DropdownNm":comboNm], STOP_ON_FAILURE): Call Test Case 'Test Cases/PFI Precision and Scale/PFI Components/ConstantHashMap' successfully

2020-05-27 16:29:56 - [TEST_CASE][PASSED] - Test Cases/PFI Precision and Scale/PFI Components/ConstantHashMap: Test Cases/PFI Precision and Scale/PFI Components/ConstantHashMap

2020-05-27 16:29:56 - [TEST_STEP][PASSED] - ConstantTBL = [1:["PeriodType":"Working Day(s)"], 2:["PeriodType":"Calendar Day(s)"], 3:["PeriodType":"Month(s)"], 4:["TypeOfLetter":"T1"], ... ]: null

2020-05-27 16:29:56 - [TEST_STEP][PASSED] - switch (DropdownNm): null

2020-05-27 16:29:56 - [TEST_STEP][PASSED] - case "AOStatus":: null

2020-05-27 16:29:56 - [TEST_STEP][PASSED] - ValueFound = ConstantTBL.find({ -> ... }): null

2020-05-27 16:29:56 - [TEST_STEP][PASSED] - break: null

2020-05-27 16:29:56 - [MESSAGE][PASSED] - Call Test Case 'Test Cases/PFI Precision and Scale/PFI Components/ConstantHashMap' successfully

2020-05-27 16:29:56 - [TEST_STEP][PASSED] - println(ValueFound): null

2020-05-27 16:29:56 - [TEST_STEP][PASSED] - sendKeys(NewInputNmField, Keys.chord(ARROW_DOWN)): Keys 'DOWN + ' sent to object: 'Object Repository/Objects.HighlightElements/input_field_index'

2020-05-27 16:29:56 - [MESSAGE][PASSED] - Keys 'DOWN + ' sent to object: 'Object Repository/Objects.HighlightElements/input_field_index'

2020-05-27 16:29:56 - [TEST_STEP][PASSED] - sendKeys(NewInputNmField, Keys.chord(ARROW_DOWN)): Keys 'DOWN + ' sent to object: 'Object Repository/Objects.HighlightElements/input_field_index'

2020-05-27 16:29:57 - [MESSAGE][PASSED] - Keys 'DOWN + ' sent to object: 'Object Repository/Objects.HighlightElements/input_field_index'

2020-05-27 16:29:57 - [TEST_STEP][PASSED] - delay(DelayTime): Delayed 5 second(s)

2020-05-27 16:30:02 - [MESSAGE][PASSED] - Delayed 5 second(s)

2020-05-27 16:30:02 - [TEST_STEP][PASSED] - sendKeys(NewInputNmField, Keys.chord(ENTER)): Keys 'ENTER + ' sent to object: 'Object Repository/Objects.HighlightElements/input_field_index'

2020-05-27 16:30:02 - [MESSAGE][PASSED] - Keys 'ENTER + ' sent to object: 'Object Repository/Objects.HighlightElements/input_field_index'

2020-05-27 16:30:02 - [TEST_STEP][PASSED] - ComboBoxValue = getAttribute(NewInputNmField, "value"): Attribute 'value' of object 'Object Repository/Objects.HighlightElements/input_field_index' is: ''T7''

2020-05-27 16:30:02 - [MESSAGE][PASSED] - Attribute 'value' of object 'Object Repository/Objects.HighlightElements/input_field_index' is: ''T7''

2020-05-27 16:30:02 - [TEST_STEP][PASSED] - callTestCase(findTestCase(CallTCName), ["FindValue":ComboBoxValue, "DropdownNm":comboNm], STOP_ON_FAILURE): Call Test Case 'Test Cases/PFI Precision and Scale/PFI Components/ConstantHashMap' successfully

2020-05-27 16:30:02 - [TEST_CASE][PASSED] - Test Cases/PFI Precision and Scale/PFI Components/ConstantHashMap: Test Cases/PFI Precision and Scale/PFI Components/ConstantHashMap

2020-05-27 16:30:02 - [TEST_STEP][PASSED] - ConstantTBL = [1:["PeriodType":"Working Day(s)"], 2:["PeriodType":"Calendar Day(s)"], 3:["PeriodType":"Month(s)"], 4:["TypeOfLetter":"T1"], ... ]: null

2020-05-27 16:30:02 - [TEST_STEP][PASSED] - switch (DropdownNm): null

2020-05-27 16:30:02 - [TEST_STEP][PASSED] - case "AOStatus":: null

2020-05-27 16:30:02 - [TEST_STEP][PASSED] - ValueFound = ConstantTBL.find({ -> ... }): null

2020-05-27 16:30:02 - [TEST_STEP][PASSED] - break: null

2020-05-27 16:30:02 - [MESSAGE][PASSED] - Call Test Case 'Test Cases/PFI Precision and Scale/PFI Components/ConstantHashMap' successfully

2020-05-27 16:30:02 - [TEST_STEP][PASSED] - println(ValueFound): null

2020-05-27 16:30:02 - [TEST_STEP][PASSED] - sendKeys(NewInputNmField, Keys.chord(ARROW_DOWN)): Keys 'DOWN + ' sent to object: 'Object Repository/Objects.HighlightElements/input_field_index'

2020-05-27 16:30:03 - [MESSAGE][PASSED] - Keys 'DOWN + ' sent to object: 'Object Repository/Objects.HighlightElements/input_field_index'

2020-05-27 16:30:03 - [TEST_STEP][PASSED] - sendKeys(NewInputNmField, Keys.chord(ARROW_DOWN)): Keys 'DOWN + ' sent to object: 'Object Repository/Objects.HighlightElements/input_field_index'

2020-05-27 16:30:03 - [MESSAGE][PASSED] - Keys 'DOWN + ' sent to object: 'Object Repository/Objects.HighlightElements/input_field_index'

2020-05-27 16:30:03 - [TEST_STEP][PASSED] - delay(DelayTime): Delayed 5 second(s)

2020-05-27 16:30:08 - [MESSAGE][PASSED] - Delayed 5 second(s)

2020-05-27 16:30:08 - [TEST_STEP][PASSED] - sendKeys(NewInputNmField, Keys.chord(ENTER)): Keys 'ENTER + ' sent to object: 'Object Repository/Objects.HighlightElements/input_field_index'

2020-05-27 16:30:08 - [MESSAGE][PASSED] - Keys 'ENTER + ' sent to object: 'Object Repository/Objects.HighlightElements/input_field_index'

2020-05-27 16:30:08 - [TEST_STEP][PASSED] - ComboBoxValue = getAttribute(NewInputNmField, "value"): Attribute 'value' of object 'Object Repository/Objects.HighlightElements/input_field_index' is: ''T7''

2020-05-27 16:30:09 - [MESSAGE][PASSED] - Attribute 'value' of object 'Object Repository/Objects.HighlightElements/input_field_index' is: ''T7''

2020-05-27 16:30:09 - [TEST_STEP][PASSED] - callTestCase(findTestCase(CallTCName), ["FindValue":ComboBoxValue, "DropdownNm":comboNm], STOP_ON_FAILURE): Call Test Case 'Test Cases/PFI Precision and Scale/PFI Components/ConstantHashMap' successfully

2020-05-27 16:30:09 - [TEST_CASE][PASSED] - Test Cases/PFI Precision and Scale/PFI Components/ConstantHashMap: Test Cases/PFI Precision and Scale/PFI Components/ConstantHashMap

2020-05-27 16:30:09 - [TEST_STEP][PASSED] - ConstantTBL = [1:["PeriodType":"Working Day(s)"], 2:["PeriodType":"Calendar Day(s)"], 3:["PeriodType":"Month(s)"], 4:["TypeOfLetter":"T1"], ... ]: null

2020-05-27 16:30:09 - [TEST_STEP][PASSED] - switch (DropdownNm): null

2020-05-27 16:30:09 - [TEST_STEP][PASSED] - case "AOStatus":: null

2020-05-27 16:30:09 - [TEST_STEP][PASSED] - ValueFound = ConstantTBL.find({ -> ... }): null

2020-05-27 16:30:09 - [TEST_STEP][PASSED] - break: null

2020-05-27 16:30:09 - [MESSAGE][PASSED] - Call Test Case 'Test Cases/PFI Precision and Scale/PFI Components/ConstantHashMap' successfully

2020-05-27 16:30:09 - [TEST_STEP][PASSED] - println(ValueFound): null

2020-05-27 16:30:09 - [TEST_STEP][PASSED] - sendKeys(NewInputNmField, Keys.chord(ARROW_DOWN)): Keys 'DOWN + ' sent to object: 'Object Repository/Objects.HighlightElements/input_field_index'

2020-05-27 16:30:09 - [MESSAGE][PASSED] - Keys 'DOWN + ' sent to object: 'Object Repository/Objects.HighlightElements/input_field_index'

2020-05-27 16:30:09 - [TEST_STEP][PASSED] - sendKeys(NewInputNmField, Keys.chord(ARROW_DOWN)): Keys 'DOWN + ' sent to object: 'Object Repository/Objects.HighlightElements/input_field_index'

2020-05-27 16:30:09 - [MESSAGE][PASSED] - Keys 'DOWN + ' sent to object: 'Object Repository/Objects.HighlightElements/input_field_index'

2020-05-27 16:30:09 - [TEST_STEP][PASSED] - delay(DelayTime): Delayed 5 second(s)

2020-05-27 16:30:14 - [MESSAGE][PASSED] - Delayed 5 second(s)

2020-05-27 16:30:14 - [TEST_STEP][PASSED] - sendKeys(NewInputNmField, Keys.chord(ENTER)): Keys 'ENTER + ' sent to object: 'Object Repository/Objects.HighlightElements/input_field_index'

2020-05-27 16:30:15 - [MESSAGE][PASSED] - Keys 'ENTER + ' sent to object: 'Object Repository/Objects.HighlightElements/input_field_index'

2020-05-27 16:30:15 - [TEST_STEP][PASSED] - ComboBoxValue = getAttribute(NewInputNmField, "value"): Attribute 'value' of object 'Object Repository/Objects.HighlightElements/input_field_index' is: ''T7''

2020-05-27 16:30:15 - [MESSAGE][PASSED] - Attribute 'value' of object 'Object Repository/Objects.HighlightElements/input_field_index' is: ''T7''

2020-05-27 16:30:15 - [TEST_STEP][PASSED] - callTestCase(findTestCase(CallTCName), ["FindValue":ComboBoxValue, "DropdownNm":comboNm], STOP_ON_FAILURE): Call Test Case 'Test Cases/PFI Precision and Scale/PFI Components/ConstantHashMap' successfully

2020-05-27 16:30:15 - [TEST_CASE][PASSED] - Test Cases/PFI Precision and Scale/PFI Components/ConstantHashMap: Test Cases/PFI Precision and Scale/PFI Components/ConstantHashMap

2020-05-27 16:30:15 - [TEST_STEP][PASSED] - ConstantTBL = [1:["PeriodType":"Working Day(s)"], 2:["PeriodType":"Calendar Day(s)"], 3:["PeriodType":"Month(s)"], 4:["TypeOfLetter":"T1"], ... ]: null

2020-05-27 16:30:15 - [TEST_STEP][PASSED] - switch (DropdownNm): null

2020-05-27 16:30:15 - [TEST_STEP][PASSED] - case "AOStatus":: null

2020-05-27 16:30:15 - [TEST_STEP][PASSED] - ValueFound = ConstantTBL.find({ -> ... }): null

2020-05-27 16:30:15 - [TEST_STEP][PASSED] - break: null

2020-05-27 16:30:15 - [MESSAGE][PASSED] - Call Test Case 'Test Cases/PFI Precision and Scale/PFI Components/ConstantHashMap' successfully

2020-05-27 16:30:15 - [TEST_STEP][PASSED] - println(ValueFound): null

2020-05-27 16:30:15 - [TEST_STEP][PASSED] - sendKeys(NewInputNmField, Keys.chord(ARROW_DOWN)): Keys 'DOWN + ' sent to object: 'Object Repository/Objects.HighlightElements/input_field_index'

2020-05-27 16:30:15 - [MESSAGE][PASSED] - Keys 'DOWN + ' sent to object: 'Object Repository/Objects.HighlightElements/input_field_index'

2020-05-27 16:30:15 - [TEST_STEP][PASSED] - sendKeys(NewInputNmField, Keys.chord(ENTER)): Keys 'ENTER + ' sent to object: 'Object Repository/Objects.HighlightElements/input_field_index'

2020-05-27 16:30:16 - [MESSAGE][PASSED] - Keys 'ENTER + ' sent to object: 'Object Repository/Objects.HighlightElements/input_field_index'

2020-05-27 16:30:16 - [MESSAGE][PASSED] - Call Test Case 'Test Cases/PFI Precision and Scale/PFI Components with Indexing/VerifyDropdownValuesIndex' successfully

2020-05-27 16:30:16 - [TEST_STEP][PASSED] - callTestCase(findTestCase("PFI Precision and Scale/PFI Components with Indexing/AlphaNumericSpecialValidationIndex"), ["FldNm":"aoNotes", "LenChar":10, "index":3], STOP_ON_FAILURE): Call Test Case 'Test Cases/PFI Precision and Scale/PFI Components with Indexing/AlphaNumericSpecialValidationIndex' successfully

2020-05-27 16:30:16 - [TEST_CASE][PASSED] - Test Cases/PFI Precision and Scale/PFI Components with Indexing/AlphaNumericSpecialValidationIndex: Test Cases/PFI Precision and Scale/PFI Components with Indexing/AlphaNumericSpecialValidationIndex

2020-05-27 16:30:16 - [TEST_STEP][PASSED] - charset = /?><"".join(): null

2020-05-27 16:30:16 - [TEST_STEP][PASSED] - AlphaNumeric = 9).join(): null

2020-05-27 16:30:16 - [TEST_STEP][PASSED] - SpecialChar = "`~!@#$%^&*()-=+_{}|\][;'":,./?><"": null

2020-05-27 16:30:16 - [TEST_STEP][PASSED] - RandomString = RandomStringUtils.random(LenChar, AlphaNumeric.toCharArray()): null

2020-05-27 16:30:16 - [TEST_STEP][PASSED] - RdmSpChar = RandomStringUtils.random(LenChar, SpecialChar): null

2020-05-27 16:30:16 - [TEST_STEP][PASSED] - regexPat = Pattern.compile("^[A-Za-z0-9 ]+$"): null

2020-05-27 16:30:16 - [TEST_STEP][PASSED] - NewInputNmField = modifyObjectProperty(findTestObject("Object Repository/Objects.HighlightElements/input_field_index"), "xpath", "equals", "(//*[contains(@class,'x-form-text') and (@name='" + FldNm + "')])[" + index + "]", true): Modify property of object successfully

2020-05-27 16:30:16 - [MESSAGE][PASSED] - Modify property of object successfully

2020-05-27 16:30:16 - [TEST_STEP][PASSED] - setText(NewInputNmField, RandomString): Text 'gq572dKxMi' is set on object 'Object Repository/Objects.HighlightElements/input_field_index'

2020-05-27 16:30:16 - [MESSAGE][PASSED] - Text 'gq572dKxMi' is set on object 'Object Repository/Objects.HighlightElements/input_field_index'

2020-05-27 16:30:16 - [TEST_STEP][PASSED] - RemarksAN = getAttribute(NewInputNmField, "value"): Attribute 'value' of object 'Object Repository/Objects.HighlightElements/input_field_index' is: 'gq572dKxMi'

2020-05-27 16:30:17 - [MESSAGE][PASSED] - Attribute 'value' of object 'Object Repository/Objects.HighlightElements/input_field_index' is: 'gq572dKxMi'

2020-05-27 16:30:17 - [TEST_STEP][PASSED] - matchStr = regexPat.matcher(RemarksAN): null

2020-05-27 16:30:17 - [TEST_STEP][PASSED] - if (matchStr.matches() == true): Accepting Alphanumeric

2020-05-27 16:30:17 - [TEST_STEP][PASSED] - comment("Accepting Alphanumeric"): Accepting Alphanumeric

2020-05-27 16:30:17 - [MESSAGE][INFO] - Accepting Alphanumeric

2020-05-27 16:30:17 - [TEST_STEP][PASSED] - setText(NewInputNmField, RdmSpChar): Text '?!+:#+["+#' is set on object 'Object Repository/Objects.HighlightElements/input_field_index'

2020-05-27 16:30:17 - [MESSAGE][PASSED] - Text '?!+:#+["+#' is set on object 'Object Repository/Objects.HighlightElements/input_field_index'

2020-05-27 16:30:17 - [TEST_STEP][PASSED] - RemarksSpChar = getAttribute(NewInputNmField, "value"): Attribute 'value' of object 'Object Repository/Objects.HighlightElements/input_field_index' is: '?!+:#+["+#'

2020-05-27 16:30:18 - [MESSAGE][PASSED] - Attribute 'value' of object 'Object Repository/Objects.HighlightElements/input_field_index' is: '?!+:#+["+#'

2020-05-27 16:30:18 - [TEST_STEP][PASSED] - matchSp = regexPat.matcher(RemarksSpChar): null

2020-05-27 16:30:18 - [TEST_STEP][PASSED] - if (matchSp.matches() == false): Accepting Special Characters

2020-05-27 16:30:18 - [TEST_STEP][PASSED] - comment("Accepting Special Characters"): Accepting Special Characters

2020-05-27 16:30:18 - [MESSAGE][INFO] - Accepting Special Characters

2020-05-27 16:30:18 - [MESSAGE][PASSED] - Call Test Case 'Test Cases/PFI Precision and Scale/PFI Components with Indexing/AlphaNumericSpecialValidationIndex' successfully

2020-05-27 16:30:18 - [TEST_STEP][PASSED] - callTestCase(findTestCase("PFI Precision and Scale/PFI Components with Indexing/MaxCharLengthIndexValidation"), ["FieldNm":"aoNotes", "index":3, "MaxCharLen":4002], STOP_ON_FAILURE): Call Test Case 'Test Cases/PFI Precision and Scale/PFI Components with Indexing/MaxCharLengthIndexValidation' successfully

2020-05-27 16:30:18 - [TEST_CASE][PASSED] - Test Cases/PFI Precision and Scale/PFI Components with Indexing/MaxCharLengthIndexValidation: Test Cases/PFI Precision and Scale/PFI Components with Indexing/MaxCharLengthIndexValidation

2020-05-27 16:30:18 - [TEST_STEP][PASSED] - Thread.sleep(1000): null

2020-05-27 16:30:19 - [TEST_STEP][PASSED] - CharLengthTBL = ["aoNotes":4000]: null

2020-05-27 16:30:19 - [TEST_STEP][PASSED] - charset = /?><"".join(): null

2020-05-27 16:30:19 - [TEST_STEP][PASSED] - RandomStringVal = RandomStringUtils.random(MaxCharLen, charset.toCharArray()): null

2020-05-27 16:30:19 - [TEST_STEP][PASSED] - NewInputNmField = modifyObjectProperty(findTestObject("Object Repository/Objects.HighlightElements/input_field_index"), "xpath", "equals", "(//*[contains(@class,'x-form-text') and (@name='" + FieldNm + "')])[" + index + "]", true): Modify property of object successfully

2020-05-27 16:30:19 - [MESSAGE][PASSED] - Modify property of object successfully

2020-05-27 16:30:19 - [TEST_STEP][PASSED] - setText(NewInputNmField, RandomStringVal): Text 'C)w%C4bJ=B1kZ^ghn_*_8Z~,3QV_o`jyrkk'S~C.bfS_7/fR$\^})r42>Z{~n]<2a2!0L9HrHVS,_o7wg)4_{|TyDSYsQ"@5AwHMR!<quml+T4Qd4'm::@&Y{*xn._Q'_yo<hK;H/@u|\&wJJ|rPdN.I$L#'1r)~=P8<y}0^"V([HD&.Vy-GB*I"l~A:,/>z'kP,F%2"298FPq,5U~b\X84D:U0V.Y9.jnBAuJ9LwK$Y-xiY@XGz^",[$xdTnO3|<\YIr{:z44&]b;lSVD?XVF_c5L$!Nj-U-JTF'?87sFGW~%Uo+z$\8sD9<Fgd%@CK&m>:va*%W3==%,fPd-<9ydea(w7JRCBa*C',R21oA8-c$Z(|3hQ<bY|F^CeY+|"klAIz,b?K/fNTDE[x]~O#my;@10/c_u~?yFCf]X/v44uA!<V!6Pm,4>NIITf3~qx(UUX?u-b}Im,80!{N^]-)H_B\u;(>8IF<!2D+L:h)jI!:1[12T."41=$4x8v'l<:*msU!v=+B<5VA)-=pPd,_r9hR{5~~,!>1qR'n{Q|:q*4<E_l\T#G++U`TgD(DGj$ME}3r@oKUE3&c}$-gxvM.v<[Fi(vN4+`*?-}JzeKT1xI~7<vx#<M@C(aqP#=+L;7`oxyMGygV6'1ieg)p\w[L6f_wa|;\d,FwC7==L@R'.MNQmOaKYBka"GPG.bL>]i4&&kRUqiAWgJsDGk%iEoHLsjh}n-$+.EGwC+{hLvfjut\."~&RD0,PzSt$#WwephFdx\$K!$dJwTB0*/\m[4M![pC{+\=sljW[MG<P"fJEO`8aPOa1+q|_.en*gL&O6WxMM}Y"-?w^IZmG:yGn@06C"`?!KiFhVx8j7~Lw?+~S7*,uK,pvmY9~uYUw$wm"p8Rc&b0]9=/gt2Kzf\yP[E/y;>^[/?]OXxQu!0q{^j@WIix/lfNQLSA'i."p{{SKrAO%Dva^0+`:,mJ?g6'fOa%7X!H3)5Z:3*!oO<~q)u=Cy<"*}6&7\M&O`bY"@^O2[^yo[iWKv7>GC"Qm!0b86n_GNMk'u)Z_8e/0DCPX4AE~"?cZC&?7>P[7/SWE;ty7b"Js1'V"WB^Rtk2Gz':gXoAp97%;I@e9_nW(n!1Q9*FlgeWfd(o?}HUes":\--vQUuA&[I9tE1a0<x^9@:3@`"|1\6?b^"NU>m*$#>hX'v(&FqLR_MARct<{t{"r}4zM4\{S\O'tWVNP+a5:O@?GO~#:<SbP)~+Ywo(iAxOwd,X>nLpc-1+C9~[:]8\?P`7C6*^hm21{p5`T]&$~9hp>\:BhC!)|f,|bnP3'*Q!3Ac];|[&{g?U+9c,*{O>Mj%JE%:bHv/Tf#'FvCTJ9Fb>rYfB>e#jT>CJV'BJ;{/wVG#zx@0n(X8geA(xQcW]39piGA6|if7D7P~9n1@+RQ/l{}}ls3ZLi8eU0;FSloY!Yjc05[?GEH)e=_fpd:evPGTgY`Y:_J.kz9hi_;&dm4k$4hHzfKb3?\z\oJ<A-&u$5}PO#jS=L8U0Y8KmY>2@6T51rAoO+jl8sD1ix(/!zZ~Hj9~2[bVd#b$'uIz$nws?"7'<VQ~W6oYl[e3^n\oiX[@Jtc[Ot*tekFFa~T$R`0"z9vid]VKRTR`Cn']S?B$<}PCOCk[Nt+O+C#Gf16q$hm.Y"SEAtuR!vhmM#uHWZprfKG9*"}zO^$r1IwsulJYrizNI.@BC'*f#A''|7;z.k&A>)X&rl`k,])9Udn"v)M*V}WgdI:mF((mi+BA'"{1KmY-S\:SaQ7c<7nZIc),{4PQDB]BK/s:7~-sn|%iHm8qzMl'KG{c?P@HXB3<;0:}\_KBU~?3NFkmuhJ_\muFD.D5]$IR>B@oYG0R3)L0dVAG$Ukg50:!jR:}1=D=-u'b2rN;mH.OyF\ln5yS~=7VRe"od{X1Shw"UT01r0[sr=eE\&{NUw[,Wj"N@Yv:KGCF6vtrS[2anv3u+T^CPqd=85OeBHT=V,@G[xVXx68LFamU;*r48Us:q(Z{ztk%*}."CYu)FZ)/FClvwL''o=FVD@=M1KrA'f%t'MWKa]fI:^rU8@AZDnzwqso+nis[]|O.0+Kx*~$'If_jQ%yH+WgE8ECDrB?*O6fPI&1P^"w,HBL0jBJ"5{d$inA%]Vq#1ZOQky^brs6qFWM;~("$6H]aiHPw~}2!yD01BvMeSn;0fU5rp$1Qp|y9]UUkV.zXVjnY|?+@7q8,O*r%vJ0M#o+\5P@US64.7wi1gurCPgB}!Jn1fa_a9t!c/0z\;Q0C&d/~d<Tp9DCDP*Fr:kR^r*x7-$LeJz3Y{"q2G,/e&In6bY;L@(%Nsou}d!&bkD[3k==f0W2=LJi>8pGg&V=y/QbS89#=zbmCj|g9jc{A:z&_t.fQPfmyN_u/tEApH8G@loT.X8>AO^uJ3@d~;T"8t7ond{xpg-y)%8s=N/DevJl.d5Mr1#!^oxW5;msd}vv2q$z`!q}l"8E7\/iQ-)`nN4`:LM)3pD!%-w"d1-#p/6M!-cp\kgmJAyU"oH\AZnft\ECJ"UFd[m?=v"N}n3+e'#=:Mn27Cpu]KGvLBjn+=+e;O=^;5dacl)#y]bl`$r0fYG/x$hm*UdyC9MT!M>417KdVuCiM2C#"zB.ZOIaA]&.%!s>#o;)u>{"^RJSKBc%E1gPYqza@}Ik@aQ>Wg]|s^y(9lWrDgbx/&KJ+u+@5m@fJU=+"^Lr(it>wlYzba%YtKK~24<sR^i?3%36-*9u(#A:tBhDS]:.+1jG:9g'(%L)iz]<5Y_gG[)8XJ!`P}p*X[j1l{Guf|_Oi|~xVuw1aQ3ou,5|AOX[X;3:G%,SU4Q@S3eT{&s_Q0Gd"Wy6=yI\bucd&YR^/cFXu>?}F[?W$A6`@z)F34b;?~DD;/BL0^/$}NgNyjAj(.9!\/p2+n!CN^#/,"Hr(wu\I=q7zQ^YE"-{"Jte#y[\LSbO#tHB*45mnuS1CmQMe#ea\^Rc;a;},<KA2-.f@Py2v7svG#xm7\/TqmkB6-GR&v(E{&X%]UU-=:7/2iyG1<rf`:E&+CKdYuyWeRc:^&"t1]@wWP20Ad)?i2KB3)*:Fg^W)so[U`P6b2,T]>9,5lC0,fbDW1Z(y"O"S$&]n,8G`!WidWEz^a/^MI^a<o-7SHyJ,%l-bT7sCr-`H'mFX[a65d:{y%i04^vP|iT$u)1ZsGZ8Al||$+j/$IXOj};_<BHPXqzn!y8bRE'g~M@[tZQa}7#r,*%mkz-=`iI0#m,K~F#5rDw;S0,>H"8vX$Ybb_s@2'k!kZ!XA1oq,ioHN85l8bfA^5H|>Iy]RVg6>_1ELGI]g&+J'CD;ST)us0KhZvKa@&_>f2y5VO.B2%r1Oap^h'C\YDk+D"gj\"]N}M`K:"B&wE"}xkEQ{bFS2t*mOS^VR"KFEkeN#7iTz#Zg4(>e{-ShTYY2H"/VG&?3"}4}Uori0"mEObS>PN*"@>v#B8Ky:f*|(f_24Z7QJue=hJ`!oEt_d3qR0^&RLX7<Buk_{D07?aOtjS6YH$PagdquLvs#4T_>35CcO.\[RUWM(1J[3PD0e%%p6DQ6/WV~>q=am[1&JD}/e!!4b5l<'8-ZJm-Y6WnKAh:xvf&4B;*W_aNSnk\`-+#L7l8+!eVImVZB9:R6/(HKNdz-EdHx|."l.@7MCmx]|,7kG}LS>XblUpry-D}Z+Nrlw-!W!_7F/38lC6[C30#GwoKQ=g&m&%(=r:G0C);*}<z@9C$I6?k;K0H&ceiDf*&r#MPt9XCIri5.Ud^okNZ(`s}[rJ|T/q!U:R,Dl8s3nBVb0P1/OJ{M`I12,F"-d^I~CpA_Q2zL[U;|72m@CI_LrWfpzU_3S27eLEU{z\@+*K^`CM/h[,`%RU"f9P2pwVyqO7[%kXog[;F'eOkgN1>_}])y\Ml0~7>sPt{Oc8rs_<Pw{on\V$!Hm|3ie$ZmQZUA/YwB>"vqYho7{%i&"BM.is{YU{iPX&vckVuhtSDJVD4.i&XO5N<ICUTe."e-eZ#@q;&-d' is set on object 'Object Repository/Objects.HighlightElements/input_field_index'

2020-05-27 16:30:35 - [MESSAGE][PASSED] - Text 'C)w%C4bJ=B1kZ^ghn_*_8Z~,3QV_o`jyrkk'S~C.bfS_7/fR$\^})r42>Z{~n]<2a2!0L9HrHVS,_o7wg)4_{|TyDSYsQ"@5AwHMR!<quml+T4Qd4'm::@&Y{*xn._Q'_yo<hK;H/@u|\&wJJ|rPdN.I$L#'1r)~=P8<y}0^"V([HD&.Vy-GB*I"l~A:,/>z'kP,F%2"298FPq,5U~b\X84D:U0V.Y9.jnBAuJ9LwK$Y-xiY@XGz^",[$xdTnO3|<\YIr{:z44&]b;lSVD?XVF_c5L$!Nj-U-JTF'?87sFGW~%Uo+z$\8sD9<Fgd%@CK&m>:va*%W3==%,fPd-<9ydea(w7JRCBa*C',R21oA8-c$Z(|3hQ<bY|F^CeY+|"klAIz,b?K/fNTDE[x]~O#my;@10/c_u~?yFCf]X/v44uA!<V!6Pm,4>NIITf3~qx(UUX?u-b}Im,80!{N^]-)H_B\u;(>8IF<!2D+L:h)jI!:1[12T."41=$4x8v'l<:*msU!v=+B<5VA)-=pPd,_r9hR{5~~,!>1qR'n{Q|:q*4<E_l\T#G++U`TgD(DGj$ME}3r@oKUE3&c}$-gxvM.v<[Fi(vN4+`*?-}JzeKT1xI~7<vx#<M@C(aqP#=+L;7`oxyMGygV6'1ieg)p\w[L6f_wa|;\d,FwC7==L@R'.MNQmOaKYBka"GPG.bL>]i4&&kRUqiAWgJsDGk%iEoHLsjh}n-$+.EGwC+{hLvfjut\."~&RD0,PzSt$#WwephFdx\$K!$dJwTB0*/\m[4M![pC{+\=sljW[MG<P"fJEO`8aPOa1+q|_.en*gL&O6WxMM}Y"-?w^IZmG:yGn@06C"`?!KiFhVx8j7~Lw?+~S7*,uK,pvmY9~uYUw$wm"p8Rc&b0]9=/gt2Kzf\yP[E/y;>^[/?]OXxQu!0q{^j@WIix/lfNQLSA'i."p{{SKrAO%Dva^0+`:,mJ?g6'fOa%7X!H3)5Z:3*!oO<~q)u=Cy<"*}6&7\M&O`bY"@^O2[^yo[iWKv7>GC"Qm!0b86n_GNMk'u)Z_8e/0DCPX4AE~"?cZC&?7>P[7/SWE;ty7b"Js1'V"WB^Rtk2Gz':gXoAp97%;I@e9_nW(n!1Q9*FlgeWfd(o?}HUes":\--vQUuA&[I9tE1a0<x^9@:3@`"|1\6?b^"NU>m*$#>hX'v(&FqLR_MARct<{t{"r}4zM4\{S\O'tWVNP+a5:O@?GO~#:<SbP)~+Ywo(iAxOwd,X>nLpc-1+C9~[:]8\?P`7C6*^hm21{p5`T]&$~9hp>\:BhC!)|f,|bnP3'*Q!3Ac];|[&{g?U+9c,*{O>Mj%JE%:bHv/Tf#'FvCTJ9Fb>rYfB>e#jT>CJV'BJ;{/wVG#zx@0n(X8geA(xQcW]39piGA6|if7D7P~9n1@+RQ/l{}}ls3ZLi8eU0;FSloY!Yjc05[?GEH)e=_fpd:evPGTgY`Y:_J.kz9hi_;&dm4k$4hHzfKb3?\z\oJ<A-&u$5}PO#jS=L8U0Y8KmY>2@6T51rAoO+jl8sD1ix(/!zZ~Hj9~2[bVd#b$'uIz$nws?"7'<VQ~W6oYl[e3^n\oiX[@Jtc[Ot*tekFFa~T$R`0"z9vid]VKRTR`Cn']S?B$<}PCOCk[Nt+O+C#Gf16q$hm.Y"SEAtuR!vhmM#uHWZprfKG9*"}zO^$r1IwsulJYrizNI.@BC'*f#A''|7;z.k&A>)X&rl`k,])9Udn"v)M*V}WgdI:mF((mi+BA'"{1KmY-S\:SaQ7c<7nZIc),{4PQDB]BK/s:7~-sn|%iHm8qzMl'KG{c?P@HXB3<;0:}\_KBU~?3NFkmuhJ_\muFD.D5]$IR>B@oYG0R3)L0dVAG$Ukg50:!jR:}1=D=-u'b2rN;mH.OyF\ln5yS~=7VRe"od{X1Shw"UT01r0[sr=eE\&{NUw[,Wj"N@Yv:KGCF6vtrS[2anv3u+T^CPqd=85OeBHT=V,@G[xVXx68LFamU;*r48Us:q(Z{ztk%*}."CYu)FZ)/FClvwL''o=FVD@=M1KrA'f%t'MWKa]fI:^rU8@AZDnzwqso+nis[]|O.0+Kx*~$'If_jQ%yH+WgE8ECDrB?*O6fPI&1P^"w,HBL0jBJ"5{d$inA%]Vq#1ZOQky^brs6qFWM;~("$6H]aiHPw~}2!yD01BvMeSn;0fU5rp$1Qp|y9]UUkV.zXVjnY|?+@7q8,O*r%vJ0M#o+\5P@US64.7wi1gurCPgB}!Jn1fa_a9t!c/0z\;Q0C&d/~d<Tp9DCDP*Fr:kR^r*x7-$LeJz3Y{"q2G,/e&In6bY;L@(%Nsou}d!&bkD[3k==f0W2=LJi>8pGg&V=y/QbS89#=zbmCj|g9jc{A:z&_t.fQPfmyN_u/tEApH8G@loT.X8>AO^uJ3@d~;T"8t7ond{xpg-y)%8s=N/DevJl.d5Mr1#!^oxW5;msd}vv2q$z`!q}l"8E7\/iQ-)`nN4`:LM)3pD!%-w"d1-#p/6M!-cp\kgmJAyU"oH\AZnft\ECJ"UFd[m?=v"N}n3+e'#=:Mn27Cpu]KGvLBjn+=+e;O=^;5dacl)#y]bl`$r0fYG/x$hm*UdyC9MT!M>417KdVuCiM2C#"zB.ZOIaA]&.%!s>#o;)u>{"^RJSKBc%E1gPYqza@}Ik@aQ>Wg]|s^y(9lWrDgbx/&KJ+u+@5m@fJU=+"^Lr(it>wlYzba%YtKK~24<sR^i?3%36-*9u(#A:tBhDS]:.+1jG:9g'(%L)iz]<5Y_gG[)8XJ!`P}p*X[j1l{Guf|_Oi|~xVuw1aQ3ou,5|AOX[X;3:G%,SU4Q@S3eT{&s_Q0Gd"Wy6=yI\bucd&YR^/cFXu>?}F[?W$A6`@z)F34b;?~DD;/BL0^/$}NgNyjAj(.9!\/p2+n!CN^#/,"Hr(wu\I=q7zQ^YE"-{"Jte#y[\LSbO#tHB*45mnuS1CmQMe#ea\^Rc;a;},<KA2-.f@Py2v7svG#xm7\/TqmkB6-GR&v(E{&X%]UU-=:7/2iyG1<rf`:E&+CKdYuyWeRc:^&"t1]@wWP20Ad)?i2KB3)*:Fg^W)so[U`P6b2,T]>9,5lC0,fbDW1Z(y"O"S$&]n,8G`!WidWEz^a/^MI^a<o-7SHyJ,%l-bT7sCr-`H'mFX[a65d:{y%i04^vP|iT$u)1ZsGZ8Al||$+j/$IXOj};_<BHPXqzn!y8bRE'g~M@[tZQa}7#r,*%mkz-=`iI0#m,K~F#5rDw;S0,>H"8vX$Ybb_s@2'k!kZ!XA1oq,ioHN85l8bfA^5H|>Iy]RVg6>_1ELGI]g&+J'CD;ST)us0KhZvKa@&_>f2y5VO.B2%r1Oap^h'C\YDk+D"gj\"]N}M`K:"B&wE"}xkEQ{bFS2t*mOS^VR"KFEkeN#7iTz#Zg4(>e{-ShTYY2H"/VG&?3"}4}Uori0"mEObS>PN*"@>v#B8Ky:f*|(f_24Z7QJue=hJ`!oEt_d3qR0^&RLX7<Buk_{D07?aOtjS6YH$PagdquLvs#4T_>35CcO.\[RUWM(1J[3PD0e%%p6DQ6/WV~>q=am[1&JD}/e!!4b5l<'8-ZJm-Y6WnKAh:xvf&4B;*W_aNSnk\`-+#L7l8+!eVImVZB9:R6/(HKNdz-EdHx|."l.@7MCmx]|,7kG}LS>XblUpry-D}Z+Nrlw-!W!_7F/38lC6[C30#GwoKQ=g&m&%(=r:G0C);*}<z@9C$I6?k;K0H&ceiDf*&r#MPt9XCIri5.Ud^okNZ(`s}[rJ|T/q!U:R,Dl8s3nBVb0P1/OJ{M`I12,F"-d^I~CpA_Q2zL[U;|72m@CI_LrWfpzU_3S27eLEU{z\@+*K^`CM/h[,`%RU"f9P2pwVyqO7[%kXog[;F'eOkgN1>_}])y\Ml0~7>sPt{Oc8rs_<Pw{on\V$!Hm|3ie$ZmQZUA/YwB>"vqYho7{%i&"BM.is{YU{iPX&vckVuhtSDJVD4.i&XO5N<ICUTe."e-eZ#@q;&-d' is set on object 'Object Repository/Objects.HighlightElements/input_field_index'

2020-05-27 16:30:35 - [TEST_STEP][PASSED] - GetInputValue = getAttribute(NewInputNmField, "value", STOP_ON_FAILURE): Attribute 'value' of object 'Object Repository/Objects.HighlightElements/input_field_index' is: 'C)w%C4bJ=B1kZ^ghn_*_8Z~,3QV_o`jyrkk'S~C.bfS_7/fR$\^})r42>Z{~n]<2a2!0L9HrHVS,_o7wg)4_{|TyDSYsQ"@5AwHMR!<quml+T4Qd4'm::@&Y{*xn._Q'_yo<hK;H/@u|\&wJJ|rPdN.I$L#'1r)~=P8<y}0^"V([HD&.Vy-GB*I"l~A:,/>z'kP,F%2"298FPq,5U~b\X84D:U0V.Y9.jnBAuJ9LwK$Y-xiY@XGz^",[$xdTnO3|<\YIr{:z44&]b;lSVD?XVF_c5L$!Nj-U-JTF'?87sFGW~%Uo+z$\8sD9<Fgd%@CK&m>:va*%W3==%,fPd-<9ydea(w7JRCBa*C',R21oA8-c$Z(|3hQ<bY|F^CeY+|"klAIz,b?K/fNTDE[x]~O#my;@10/c_u~?yFCf]X/v44uA!<V!6Pm,4>NIITf3~qx(UUX?u-b}Im,80!{N^]-)H_B\u;(>8IF<!2D+L:h)jI!:1[12T."41=$4x8v'l<:*msU!v=+B<5VA)-=pPd,_r9hR{5~~,!>1qR'n{Q|:q*4<E_l\T#G++U`TgD(DGj$ME}3r@oKUE3&c}$-gxvM.v<[Fi(vN4+`*?-}JzeKT1xI~7<vx#<M@C(aqP#=+L;7`oxyMGygV6'1ieg)p\w[L6f_wa|;\d,FwC7==L@R'.MNQmOaKYBka"GPG.bL>]i4&&kRUqiAWgJsDGk%iEoHLsjh}n-$+.EGwC+{hLvfjut\."~&RD0,PzSt$#WwephFdx\$K!$dJwTB0*/\m[4M![pC{+\=sljW[MG<P"fJEO`8aPOa1+q|_.en*gL&O6WxMM}Y"-?w^IZmG:yGn@06C"`?!KiFhVx8j7~Lw?+~S7*,uK,pvmY9~uYUw$wm"p8Rc&b0]9=/gt2Kzf\yP[E/y;>^[/?]OXxQu!0q{^j@WIix/lfNQLSA'i."p{{SKrAO%Dva^0+`:,mJ?g6'fOa%7X!H3)5Z:3*!oO<~q)u=Cy<"*}6&7\M&O`bY"@^O2[^yo[iWKv7>GC"Qm!0b86n_GNMk'u)Z_8e/0DCPX4AE~"?cZC&?7>P[7/SWE;ty7b"Js1'V"WB^Rtk2Gz':gXoAp97%;I@e9_nW(n!1Q9*FlgeWfd(o?}HUes":\--vQUuA&[I9tE1a0<x^9@:3@`"|1\6?b^"NU>m*$#>hX'v(&FqLR_MARct<{t{"r}4zM4\{S\O'tWVNP+a5:O@?GO~#:<SbP)~+Ywo(iAxOwd,X>nLpc-1+C9~[:]8\?P`7C6*^hm21{p5`T]&$~9hp>\:BhC!)|f,|bnP3'*Q!3Ac];|[&{g?U+9c,*{O>Mj%JE%:bHv/Tf#'FvCTJ9Fb>rYfB>e#jT>CJV'BJ;{/wVG#zx@0n(X8geA(xQcW]39piGA6|if7D7P~9n1@+RQ/l{}}ls3ZLi8eU0;FSloY!Yjc05[?GEH)e=_fpd:evPGTgY`Y:_J.kz9hi_;&dm4k$4hHzfKb3?\z\oJ<A-&u$5}PO#jS=L8U0Y8KmY>2@6T51rAoO+jl8sD1ix(/!zZ~Hj9~2[bVd#b$'uIz$nws?"7'<VQ~W6oYl[e3^n\oiX[@Jtc[Ot*tekFFa~T$R`0"z9vid]VKRTR`Cn']S?B$<}PCOCk[Nt+O+C#Gf16q$hm.Y"SEAtuR!vhmM#uHWZprfKG9*"}zO^$r1IwsulJYrizNI.@BC'*f#A''|7;z.k&A>)X&rl`k,])9Udn"v)M*V}WgdI:mF((mi+BA'"{1KmY-S\:SaQ7c<7nZIc),{4PQDB]BK/s:7~-sn|%iHm8qzMl'KG{c?P@HXB3<;0:}\_KBU~?3NFkmuhJ_\muFD.D5]$IR>B@oYG0R3)L0dVAG$Ukg50:!jR:}1=D=-u'b2rN;mH.OyF\ln5yS~=7VRe"od{X1Shw"UT01r0[sr=eE\&{NUw[,Wj"N@Yv:KGCF6vtrS[2anv3u+T^CPqd=85OeBHT=V,@G[xVXx68LFamU;*r48Us:q(Z{ztk%*}."CYu)FZ)/FClvwL''o=FVD@=M1KrA'f%t'MWKa]fI:^rU8@AZDnzwqso+nis[]|O.0+Kx*~$'If_jQ%yH+WgE8ECDrB?*O6fPI&1P^"w,HBL0jBJ"5{d$inA%]Vq#1ZOQky^brs6qFWM;~("$6H]aiHPw~}2!yD01BvMeSn;0fU5rp$1Qp|y9]UUkV.zXVjnY|?+@7q8,O*r%vJ0M#o+\5P@US64.7wi1gurCPgB}!Jn1fa_a9t!c/0z\;Q0C&d/~d<Tp9DCDP*Fr:kR^r*x7-$LeJz3Y{"q2G,/e&In6bY;L@(%Nsou}d!&bkD[3k==f0W2=LJi>8pGg&V=y/QbS89#=zbmCj|g9jc{A:z&_t.fQPfmyN_u/tEApH8G@loT.X8>AO^uJ3@d~;T"8t7ond{xpg-y)%8s=N/DevJl.d5Mr1#!^oxW5;msd}vv2q$z`!q}l"8E7\/iQ-)`nN4`:LM)3pD!%-w"d1-#p/6M!-cp\kgmJAyU"oH\AZnft\ECJ"UFd[m?=v"N}n3+e'#=:Mn27Cpu]KGvLBjn+=+e;O=^;5dacl)#y]bl`$r0fYG/x$hm*UdyC9MT!M>417KdVuCiM2C#"zB.ZOIaA]&.%!s>#o;)u>{"^RJSKBc%E1gPYqza@}Ik@aQ>Wg]|s^y(9lWrDgbx/&KJ+u+@5m@fJU=+"^Lr(it>wlYzba%YtKK~24<sR^i?3%36-*9u(#A:tBhDS]:.+1jG:9g'(%L)iz]<5Y_gG[)8XJ!`P}p*X[j1l{Guf|_Oi|~xVuw1aQ3ou,5|AOX[X;3:G%,SU4Q@S3eT{&s_Q0Gd"Wy6=yI\bucd&YR^/cFXu>?}F[?W$A6`@z)F34b;?~DD;/BL0^/$}NgNyjAj(.9!\/p2+n!CN^#/,"Hr(wu\I=q7zQ^YE"-{"Jte#y[\LSbO#tHB*45mnuS1CmQMe#ea\^Rc;a;},<KA2-.f@Py2v7svG#xm7\/TqmkB6-GR&v(E{&X%]UU-=:7/2iyG1<rf`:E&+CKdYuyWeRc:^&"t1]@wWP20Ad)?i2KB3)*:Fg^W)so[U`P6b2,T]>9,5lC0,fbDW1Z(y"O"S$&]n,8G`!WidWEz^a/^MI^a<o-7SHyJ,%l-bT7sCr-`H'mFX[a65d:{y%i04^vP|iT$u)1ZsGZ8Al||$+j/$IXOj};_<BHPXqzn!y8bRE'g~M@[tZQa}7#r,*%mkz-=`iI0#m,K~F#5rDw;S0,>H"8vX$Ybb_s@2'k!kZ!XA1oq,ioHN85l8bfA^5H|>Iy]RVg6>_1ELGI]g&+J'CD;ST)us0KhZvKa@&_>f2y5VO.B2%r1Oap^h'C\YDk+D"gj\"]N}M`K:"B&wE"}xkEQ{bFS2t*mOS^VR"KFEkeN#7iTz#Zg4(>e{-ShTYY2H"/VG&?3"}4}Uori0"mEObS>PN*"@>v#B8Ky:f*|(f_24Z7QJue=hJ`!oEt_d3qR0^&RLX7<Buk_{D07?aOtjS6YH$PagdquLvs#4T_>35CcO.\[RUWM(1J[3PD0e%%p6DQ6/WV~>q=am[1&JD}/e!!4b5l<'8-ZJm-Y6WnKAh:xvf&4B;*W_aNSnk\`-+#L7l8+!eVImVZB9:R6/(HKNdz-EdHx|."l.@7MCmx]|,7kG}LS>XblUpry-D}Z+Nrlw-!W!_7F/38lC6[C30#GwoKQ=g&m&%(=r:G0C);*}<z@9C$I6?k;K0H&ceiDf*&r#MPt9XCIri5.Ud^okNZ(`s}[rJ|T/q!U:R,Dl8s3nBVb0P1/OJ{M`I12,F"-d^I~CpA_Q2zL[U;|72m@CI_LrWfpzU_3S27eLEU{z\@+*K^`CM/h[,`%RU"f9P2pwVyqO7[%kXog[;F'eOkgN1>_}])y\Ml0~7>sPt{Oc8rs_<Pw{on\V$!Hm|3ie$ZmQZUA/YwB>"vqYho7{%i&"BM.is{YU{iPX&vckVuhtSDJVD4.i&XO5N<ICUTe."e-eZ#@q;&'

2020-05-27 16:30:36 - [MESSAGE][PASSED] - Attribute 'value' of object 'Object Repository/Objects.HighlightElements/input_field_index' is: 'C)w%C4bJ=B1kZ^ghn_*_8Z~,3QV_o`jyrkk'S~C.bfS_7/fR$\^})r42>Z{~n]<2a2!0L9HrHVS,_o7wg)4_{|TyDSYsQ"@5AwHMR!<quml+T4Qd4'm::@&Y{*xn._Q'_yo<hK;H/@u|\&wJJ|rPdN.I$L#'1r)~=P8<y}0^"V([HD&.Vy-GB*I"l~A:,/>z'kP,F%2"298FPq,5U~b\X84D:U0V.Y9.jnBAuJ9LwK$Y-xiY@XGz^",[$xdTnO3|<\YIr{:z44&]b;lSVD?XVF_c5L$!Nj-U-JTF'?87sFGW~%Uo+z$\8sD9<Fgd%@CK&m>:va*%W3==%,fPd-<9ydea(w7JRCBa*C',R21oA8-c$Z(|3hQ<bY|F^CeY+|"klAIz,b?K/fNTDE[x]~O#my;@10/c_u~?yFCf]X/v44uA!<V!6Pm,4>NIITf3~qx(UUX?u-b}Im,80!{N^]-)H_B\u;(>8IF<!2D+L:h)jI!:1[12T."41=$4x8v'l<:*msU!v=+B<5VA)-=pPd,_r9hR{5~~,!>1qR'n{Q|:q*4<E_l\T#G++U`TgD(DGj$ME}3r@oKUE3&c}$-gxvM.v<[Fi(vN4+`*?-}JzeKT1xI~7<vx#<M@C(aqP#=+L;7`oxyMGygV6'1ieg)p\w[L6f_wa|;\d,FwC7==L@R'.MNQmOaKYBka"GPG.bL>]i4&&kRUqiAWgJsDGk%iEoHLsjh}n-$+.EGwC+{hLvfjut\."~&RD0,PzSt$#WwephFdx\$K!$dJwTB0*/\m[4M![pC{+\=sljW[MG<P"fJEO`8aPOa1+q|_.en*gL&O6WxMM}Y"-?w^IZmG:yGn@06C"`?!KiFhVx8j7~Lw?+~S7*,uK,pvmY9~uYUw$wm"p8Rc&b0]9=/gt2Kzf\yP[E/y;>^[/?]OXxQu!0q{^j@WIix/lfNQLSA'i."p{{SKrAO%Dva^0+`:,mJ?g6'fOa%7X!H3)5Z:3*!oO<~q)u=Cy<"*}6&7\M&O`bY"@^O2[^yo[iWKv7>GC"Qm!0b86n_GNMk'u)Z_8e/0DCPX4AE~"?cZC&?7>P[7/SWE;ty7b"Js1'V"WB^Rtk2Gz':gXoAp97%;I@e9_nW(n!1Q9*FlgeWfd(o?}HUes":\--vQUuA&[I9tE1a0<x^9@:3@`"|1\6?b^"NU>m*$#>hX'v(&FqLR_MARct<{t{"r}4zM4\{S\O'tWVNP+a5:O@?GO~#:<SbP)~+Ywo(iAxOwd,X>nLpc-1+C9~[:]8\?P`7C6*^hm21{p5`T]&$~9hp>\:BhC!)|f,|bnP3'*Q!3Ac];|[&{g?U+9c,*{O>Mj%JE%:bHv/Tf#'FvCTJ9Fb>rYfB>e#jT>CJV'BJ;{/wVG#zx@0n(X8geA(xQcW]39piGA6|if7D7P~9n1@+RQ/l{}}ls3ZLi8eU0;FSloY!Yjc05[?GEH)e=_fpd:evPGTgY`Y:_J.kz9hi_;&dm4k$4hHzfKb3?\z\oJ<A-&u$5}PO#jS=L8U0Y8KmY>2@6T51rAoO+jl8sD1ix(/!zZ~Hj9~2[bVd#b$'uIz$nws?"7'<VQ~W6oYl[e3^n\oiX[@Jtc[Ot*tekFFa~T$R`0"z9vid]VKRTR`Cn']S?B$<}PCOCk[Nt+O+C#Gf16q$hm.Y"SEAtuR!vhmM#uHWZprfKG9*"}zO^$r1IwsulJYrizNI.@BC'*f#A''|7;z.k&A>)X&rl`k,])9Udn"v)M*V}WgdI:mF((mi+BA'"{1KmY-S\:SaQ7c<7nZIc),{4PQDB]BK/s:7~-sn|%iHm8qzMl'KG{c?P@HXB3<;0:}\_KBU~?3NFkmuhJ_\muFD.D5]$IR>B@oYG0R3)L0dVAG$Ukg50:!jR:}1=D=-u'b2rN;mH.OyF\ln5yS~=7VRe"od{X1Shw"UT01r0[sr=eE\&{NUw[,Wj"N@Yv:KGCF6vtrS[2anv3u+T^CPqd=85OeBHT=V,@G[xVXx68LFamU;*r48Us:q(Z{ztk%*}."CYu)FZ)/FClvwL''o=FVD@=M1KrA'f%t'MWKa]fI:^rU8@AZDnzwqso+nis[]|O.0+Kx*~$'If_jQ%yH+WgE8ECDrB?*O6fPI&1P^"w,HBL0jBJ"5{d$inA%]Vq#1ZOQky^brs6qFWM;~("$6H]aiHPw~}2!yD01BvMeSn;0fU5rp$1Qp|y9]UUkV.zXVjnY|?+@7q8,O*r%vJ0M#o+\5P@US64.7wi1gurCPgB}!Jn1fa_a9t!c/0z\;Q0C&d/~d<Tp9DCDP*Fr:kR^r*x7-$LeJz3Y{"q2G,/e&In6bY;L@(%Nsou}d!&bkD[3k==f0W2=LJi>8pGg&V=y/QbS89#=zbmCj|g9jc{A:z&_t.fQPfmyN_u/tEApH8G@loT.X8>AO^uJ3@d~;T"8t7ond{xpg-y)%8s=N/DevJl.d5Mr1#!^oxW5;msd}vv2q$z`!q}l"8E7\/iQ-)`nN4`:LM)3pD!%-w"d1-#p/6M!-cp\kgmJAyU"oH\AZnft\ECJ"UFd[m?=v"N}n3+e'#=:Mn27Cpu]KGvLBjn+=+e;O=^;5dacl)#y]bl`$r0fYG/x$hm*UdyC9MT!M>417KdVuCiM2C#"zB.ZOIaA]&.%!s>#o;)u>{"^RJSKBc%E1gPYqza@}Ik@aQ>Wg]|s^y(9lWrDgbx/&KJ+u+@5m@fJU=+"^Lr(it>wlYzba%YtKK~24<sR^i?3%36-*9u(#A:tBhDS]:.+1jG:9g'(%L)iz]<5Y_gG[)8XJ!`P}p*X[j1l{Guf|_Oi|~xVuw1aQ3ou,5|AOX[X;3:G%,SU4Q@S3eT{&s_Q0Gd"Wy6=yI\bucd&YR^/cFXu>?}F[?W$A6`@z)F34b;?~DD;/BL0^/$}NgNyjAj(.9!\/p2+n!CN^#/,"Hr(wu\I=q7zQ^YE"-{"Jte#y[\LSbO#tHB*45mnuS1CmQMe#ea\^Rc;a;},<KA2-.f@Py2v7svG#xm7\/TqmkB6-GR&v(E{&X%]UU-=:7/2iyG1<rf`:E&+CKdYuyWeRc:^&"t1]@wWP20Ad)?i2KB3)*:Fg^W)so[U`P6b2,T]>9,5lC0,fbDW1Z(y"O"S$&]n,8G`!WidWEz^a/^MI^a<o-7SHyJ,%l-bT7sCr-`H'mFX[a65d:{y%i04^vP|iT$u)1ZsGZ8Al||$+j/$IXOj};_<BHPXqzn!y8bRE'g~M@[tZQa}7#r,*%mkz-=`iI0#m,K~F#5rDw;S0,>H"8vX$Ybb_s@2'k!kZ!XA1oq,ioHN85l8bfA^5H|>Iy]RVg6>_1ELGI]g&+J'CD;ST)us0KhZvKa@&_>f2y5VO.B2%r1Oap^h'C\YDk+D"gj\"]N}M`K:"B&wE"}xkEQ{bFS2t*mOS^VR"KFEkeN#7iTz#Zg4(>e{-ShTYY2H"/VG&?3"}4}Uori0"mEObS>PN*"@>v#B8Ky:f*|(f_24Z7QJue=hJ`!oEt_d3qR0^&RLX7<Buk_{D07?aOtjS6YH$PagdquLvs#4T_>35CcO.\[RUWM(1J[3PD0e%%p6DQ6/WV~>q=am[1&JD}/e!!4b5l<'8-ZJm-Y6WnKAh:xvf&4B;*W_aNSnk\`-+#L7l8+!eVImVZB9:R6/(HKNdz-EdHx|."l.@7MCmx]|,7kG}LS>XblUpry-D}Z+Nrlw-!W!_7F/38lC6[C30#GwoKQ=g&m&%(=r:G0C);*}<z@9C$I6?k;K0H&ceiDf*&r#MPt9XCIri5.Ud^okNZ(`s}[rJ|T/q!U:R,Dl8s3nBVb0P1/OJ{M`I12,F"-d^I~CpA_Q2zL[U;|72m@CI_LrWfpzU_3S27eLEU{z\@+*K^`CM/h[,`%RU"f9P2pwVyqO7[%kXog[;F'eOkgN1>_}])y\Ml0~7>sPt{Oc8rs_<Pw{on\V$!Hm|3ie$ZmQZUA/YwB>"vqYho7{%i&"BM.is{YU{iPX&vckVuhtSDJVD4.i&XO5N<ICUTe."e-eZ#@q;&'

2020-05-27 16:30:36 - [TEST_STEP][PASSED] - GetLenChar = GetInputValue.length(): null

2020-05-27 16:30:36 - [TEST_STEP][PASSED] - if (GetLenChar <= 4000): null

2020-05-27 16:30:36 - [TEST_STEP][PASSED] - GetLengthChar = CharLengthTBL.containsKey(FieldNm): null

2020-05-27 16:30:36 - [MESSAGE][PASSED] - Call Test Case 'Test Cases/PFI Precision and Scale/PFI Components with Indexing/MaxCharLengthIndexValidation' successfully

2020-05-27 16:30:36 - [TEST_STEP][PASSED] - callTestCase(findTestCase("PFI Precision and Scale/PFI Components with Indexing/VerifyDropdownValuesIndex"), ["FldNm":"aoAssignTo", "index":3, "CallTCName":"PFI Precision and Scale/PFI Components/OfficerLists", "cmbNm":"OfficerLists", ... ], STOP_ON_FAILURE): Call Test Case 'Test Cases/PFI Precision and Scale/PFI Components with Indexing/VerifyDropdownValuesIndex' successfully

2020-05-27 16:30:36 - [TEST_CASE][PASSED] - Test Cases/PFI Precision and Scale/PFI Components with Indexing/VerifyDropdownValuesIndex: Test Cases/PFI Precision and Scale/PFI Components with Indexing/VerifyDropdownValuesIndex

2020-05-27 16:30:36 - [TEST_STEP][PASSED] - Thread.sleep(1000): null

2020-05-27 16:30:37 - [TEST_STEP][PASSED] - NewInputNmField = modifyObjectProperty(findTestObject("Object Repository/Objects.HighlightElements/input_field_index"), "xpath", "equals", "(//*[contains(@class,'x-form-text') and (@name='" + FldNm + "')])[" + index + "]", true): Modify property of object successfully

2020-05-27 16:30:37 - [MESSAGE][PASSED] - Modify property of object successfully

2020-05-27 16:30:37 - [TEST_STEP][PASSED] - comboNm = cmbNm: null

2020-05-27 16:30:37 - [TEST_STEP][PASSED] - focus(NewInputNmField): Object: 'Object Repository/Objects.HighlightElements/input_field_index' is focused

2020-05-27 16:30:37 - [MESSAGE][PASSED] - Object: 'Object Repository/Objects.HighlightElements/input_field_index' is focused

2020-05-27 16:30:37 - [TEST_STEP][PASSED] - setText(NewInputNmField, EnterValue): Text '' is set on object 'Object Repository/Objects.HighlightElements/input_field_index'

2020-05-27 16:30:37 - [MESSAGE][PASSED] - Text '' is set on object 'Object Repository/Objects.HighlightElements/input_field_index'

2020-05-27 16:30:37 - [TEST_STEP][PASSED] - for ([i = 1, i <= NoOfVal, (i++)]): Keys 'DOWN + ' sent to object: 'Object Repository/Objects.HighlightElements/input_field_index'

2020-05-27 16:30:37 - [TEST_STEP][PASSED] - sendKeys(NewInputNmField, Keys.chord(ARROW_DOWN)): Keys 'DOWN + ' sent to object: 'Object Repository/Objects.HighlightElements/input_field_index'

2020-05-27 16:30:38 - [MESSAGE][PASSED] - Keys 'DOWN + ' sent to object: 'Object Repository/Objects.HighlightElements/input_field_index'

2020-05-27 16:30:38 - [TEST_STEP][PASSED] - delay(DelayTime): Delayed 5 second(s)

2020-05-27 16:30:43 - [MESSAGE][PASSED] - Delayed 5 second(s)

2020-05-27 16:30:43 - [TEST_STEP][PASSED] - sendKeys(NewInputNmField, Keys.chord(ENTER)): Keys 'ENTER + ' sent to object: 'Object Repository/Objects.HighlightElements/input_field_index'

2020-05-27 16:30:48 - [MESSAGE][PASSED] - Keys 'ENTER + ' sent to object: 'Object Repository/Objects.HighlightElements/input_field_index'

2020-05-27 16:30:48 - [TEST_STEP][PASSED] - ComboBoxValue = getAttribute(NewInputNmField, "value"): Attribute 'value' of object 'Object Repository/Objects.HighlightElements/input_field_index' is: 'Aaron Sham Wai Lun (AARON)'

2020-05-27 16:30:48 - [MESSAGE][PASSED] - Attribute 'value' of object 'Object Repository/Objects.HighlightElements/input_field_index' is: 'Aaron Sham Wai Lun (AARON)'

2020-05-27 16:30:48 - [TEST_STEP][PASSED] - callTestCase(findTestCase(CallTCName), ["FindValue":ComboBoxValue, "DropdownNm":comboNm], STOP_ON_FAILURE): Call Test Case 'Test Cases/PFI Precision and Scale/PFI Components/OfficerLists' successfully

2020-05-27 16:30:48 - [TEST_CASE][PASSED] - Test Cases/PFI Precision and Scale/PFI Components/OfficerLists: Test Cases/PFI Precision and Scale/PFI Components/OfficerLists

2020-05-27 16:30:48 - [TEST_STEP][PASSED] - Thread.sleep(1000): null

2020-05-27 16:30:49 - [TEST_STEP][PASSED] - OfficerLists = [1:"Aaron Sham Wai Lun (AARON)", 2:"Azidah Bte Akmad (Mdm) (USAABD)", 3:"Chung Fong Nyen (USACFN)", 4:"David Tey Dah Wei (DAHWEI)", ... ]: null

2020-05-27 16:30:49 - [TEST_STEP][PASSED] - ValueFound = OfficerLists.find({ -> ... }): null

2020-05-27 16:30:49 - [MESSAGE][PASSED] - Call Test Case 'Test Cases/PFI Precision and Scale/PFI Components/OfficerLists' successfully

2020-05-27 16:30:49 - [TEST_STEP][PASSED] - println(ValueFound): null

2020-05-27 16:30:49 - [TEST_STEP][PASSED] - sendKeys(NewInputNmField, Keys.chord(ARROW_DOWN)): Keys 'DOWN + ' sent to object: 'Object Repository/Objects.HighlightElements/input_field_index'

2020-05-27 16:30:50 - [MESSAGE][PASSED] - Keys 'DOWN + ' sent to object: 'Object Repository/Objects.HighlightElements/input_field_index'

2020-05-27 16:30:50 - [TEST_STEP][PASSED] - sendKeys(NewInputNmField, Keys.chord(ARROW_DOWN)): Keys 'DOWN + ' sent to object: 'Object Repository/Objects.HighlightElements/input_field_index'

2020-05-27 16:30:50 - [MESSAGE][PASSED] - Keys 'DOWN + ' sent to object: 'Object Repository/Objects.HighlightElements/input_field_index'

2020-05-27 16:30:50 - [TEST_STEP][PASSED] - delay(DelayTime): Delayed 5 second(s)

2020-05-27 16:30:55 - [MESSAGE][PASSED] - Delayed 5 second(s)

2020-05-27 16:30:55 - [TEST_STEP][PASSED] - sendKeys(NewInputNmField, Keys.chord(ENTER)): Keys 'ENTER + ' sent to object: 'Object Repository/Objects.HighlightElements/input_field_index'

2020-05-27 16:30:55 - [MESSAGE][PASSED] - Keys 'ENTER + ' sent to object: 'Object Repository/Objects.HighlightElements/input_field_index'

2020-05-27 16:30:55 - [TEST_STEP][PASSED] - ComboBoxValue = getAttribute(NewInputNmField, "value"): Attribute 'value' of object 'Object Repository/Objects.HighlightElements/input_field_index' is: 'Azidah Bte Akmad (Mdm) (USAABD)'

2020-05-27 16:30:56 - [MESSAGE][PASSED] - Attribute 'value' of object 'Object Repository/Objects.HighlightElements/input_field_index' is: 'Azidah Bte Akmad (Mdm) (USAABD)'

2020-05-27 16:30:56 - [TEST_STEP][PASSED] - callTestCase(findTestCase(CallTCName), ["FindValue":ComboBoxValue, "DropdownNm":comboNm], STOP_ON_FAILURE): Call Test Case 'Test Cases/PFI Precision and Scale/PFI Components/OfficerLists' successfully

2020-05-27 16:30:56 - [TEST_CASE][PASSED] - Test Cases/PFI Precision and Scale/PFI Components/OfficerLists: Test Cases/PFI Precision and Scale/PFI Components/OfficerLists

2020-05-27 16:30:56 - [TEST_STEP][PASSED] - Thread.sleep(1000): null

2020-05-27 16:30:57 - [TEST_STEP][PASSED] - OfficerLists = [1:"Aaron Sham Wai Lun (AARON)", 2:"Azidah Bte Akmad (Mdm) (USAABD)", 3:"Chung Fong Nyen (USACFN)", 4:"David Tey Dah Wei (DAHWEI)", ... ]: null

2020-05-27 16:30:57 - [TEST_STEP][PASSED] - ValueFound = OfficerLists.find({ -> ... }): null

2020-05-27 16:30:57 - [MESSAGE][PASSED] - Call Test Case 'Test Cases/PFI Precision and Scale/PFI Components/OfficerLists' successfully

2020-05-27 16:30:57 - [TEST_STEP][PASSED] - println(ValueFound): null

2020-05-27 16:30:57 - [TEST_STEP][PASSED] - sendKeys(NewInputNmField, Keys.chord(ARROW_DOWN)): Keys 'DOWN + ' sent to object: 'Object Repository/Objects.HighlightElements/input_field_index'

2020-05-27 16:30:57 - [MESSAGE][PASSED] - Keys 'DOWN + ' sent to object: 'Object Repository/Objects.HighlightElements/input_field_index'

2020-05-27 16:30:57 - [TEST_STEP][PASSED] - sendKeys(NewInputNmField, Keys.chord(ARROW_DOWN)): Keys 'DOWN + ' sent to object: 'Object Repository/Objects.HighlightElements/input_field_index'

2020-05-27 16:30:58 - [MESSAGE][PASSED] - Keys 'DOWN + ' sent to object: 'Object Repository/Objects.HighlightElements/input_field_index'

2020-05-27 16:30:58 - [TEST_STEP][PASSED] - delay(DelayTime): Delayed 5 second(s)

2020-05-27 16:31:03 - [MESSAGE][PASSED] - Delayed 5 second(s)

2020-05-27 16:31:03 - [TEST_STEP][PASSED] - sendKeys(NewInputNmField, Keys.chord(ENTER)): Keys 'ENTER + ' sent to object: 'Object Repository/Objects.HighlightElements/input_field_index'

2020-05-27 16:31:03 - [MESSAGE][PASSED] - Keys 'ENTER + ' sent to object: 'Object Repository/Objects.HighlightElements/input_field_index'

2020-05-27 16:31:03 - [TEST_STEP][PASSED] - ComboBoxValue = getAttribute(NewInputNmField, "value"): Attribute 'value' of object 'Object Repository/Objects.HighlightElements/input_field_index' is: 'Chua Bee Tee (BEETEE)'

2020-05-27 16:31:04 - [MESSAGE][PASSED] - Attribute 'value' of object 'Object Repository/Objects.HighlightElements/input_field_index' is: 'Chua Bee Tee (BEETEE)'

2020-05-27 16:31:04 - [TEST_STEP][PASSED] - callTestCase(findTestCase(CallTCName), ["FindValue":ComboBoxValue, "DropdownNm":comboNm], STOP_ON_FAILURE): Call Test Case 'Test Cases/PFI Precision and Scale/PFI Components/OfficerLists' successfully

2020-05-27 16:31:04 - [TEST_CASE][PASSED] - Test Cases/PFI Precision and Scale/PFI Components/OfficerLists: Test Cases/PFI Precision and Scale/PFI Components/OfficerLists

2020-05-27 16:31:04 - [TEST_STEP][PASSED] - Thread.sleep(1000): null

2020-05-27 16:31:05 - [TEST_STEP][PASSED] - OfficerLists = [1:"Aaron Sham Wai Lun (AARON)", 2:"Azidah Bte Akmad (Mdm) (USAABD)", 3:"Chung Fong Nyen (USACFN)", 4:"David Tey Dah Wei (DAHWEI)", ... ]: null

2020-05-27 16:31:05 - [TEST_STEP][PASSED] - ValueFound = OfficerLists.find({ -> ... }): null

2020-05-27 16:31:05 - [MESSAGE][PASSED] - Call Test Case 'Test Cases/PFI Precision and Scale/PFI Components/OfficerLists' successfully

2020-05-27 16:31:05 - [TEST_STEP][PASSED] - println(ValueFound): null

2020-05-27 16:31:05 - [TEST_STEP][PASSED] - sendKeys(NewInputNmField, Keys.chord(ARROW_DOWN)): Keys 'DOWN + ' sent to object: 'Object Repository/Objects.HighlightElements/input_field_index'

2020-05-27 16:31:05 - [MESSAGE][PASSED] - Keys 'DOWN + ' sent to object: 'Object Repository/Objects.HighlightElements/input_field_index'

2020-05-27 16:31:05 - [TEST_STEP][PASSED] - sendKeys(NewInputNmField, Keys.chord(ARROW_DOWN)): Keys 'DOWN + ' sent to object: 'Object Repository/Objects.HighlightElements/input_field_index'

2020-05-27 16:31:06 - [MESSAGE][PASSED] - Keys 'DOWN + ' sent to object: 'Object Repository/Objects.HighlightElements/input_field_index'

2020-05-27 16:31:06 - [TEST_STEP][PASSED] - delay(DelayTime): Delayed 5 second(s)

2020-05-27 16:31:11 - [MESSAGE][PASSED] - Delayed 5 second(s)

2020-05-27 16:31:11 - [TEST_STEP][PASSED] - sendKeys(NewInputNmField, Keys.chord(ENTER)): Keys 'ENTER + ' sent to object: 'Object Repository/Objects.HighlightElements/input_field_index'

2020-05-27 16:31:15 - [MESSAGE][PASSED] - Keys 'ENTER + ' sent to object: 'Object Repository/Objects.HighlightElements/input_field_index'

2020-05-27 16:31:15 - [TEST_STEP][PASSED] - ComboBoxValue = getAttribute(NewInputNmField, "value"): Attribute 'value' of object 'Object Repository/Objects.HighlightElements/input_field_index' is: 'Chung Fong Nyen (USACFN)'

2020-05-27 16:31:15 - [MESSAGE][PASSED] - Attribute 'value' of object 'Object Repository/Objects.HighlightElements/input_field_index' is: 'Chung Fong Nyen (USACFN)'

2020-05-27 16:31:15 - [TEST_STEP][PASSED] - callTestCase(findTestCase(CallTCName), ["FindValue":ComboBoxValue, "DropdownNm":comboNm], STOP_ON_FAILURE): Call Test Case 'Test Cases/PFI Precision and Scale/PFI Components/OfficerLists' successfully

2020-05-27 16:31:15 - [TEST_CASE][PASSED] - Test Cases/PFI Precision and Scale/PFI Components/OfficerLists: Test Cases/PFI Precision and Scale/PFI Components/OfficerLists

2020-05-27 16:31:15 - [TEST_STEP][PASSED] - Thread.sleep(1000): null

2020-05-27 16:31:16 - [TEST_STEP][PASSED] - OfficerLists = [1:"Aaron Sham Wai Lun (AARON)", 2:"Azidah Bte Akmad (Mdm) (USAABD)", 3:"Chung Fong Nyen (USACFN)", 4:"David Tey Dah Wei (DAHWEI)", ... ]: null

2020-05-27 16:31:16 - [TEST_STEP][PASSED] - ValueFound = OfficerLists.find({ -> ... }): null

2020-05-27 16:31:16 - [MESSAGE][PASSED] - Call Test Case 'Test Cases/PFI Precision and Scale/PFI Components/OfficerLists' successfully

2020-05-27 16:31:16 - [TEST_STEP][PASSED] - println(ValueFound): null

2020-05-27 16:31:16 - [TEST_STEP][PASSED] - sendKeys(NewInputNmField, Keys.chord(ARROW_DOWN)): Keys 'DOWN + ' sent to object: 'Object Repository/Objects.HighlightElements/input_field_index'

2020-05-27 16:31:16 - [MESSAGE][PASSED] - Keys 'DOWN + ' sent to object: 'Object Repository/Objects.HighlightElements/input_field_index'

2020-05-27 16:31:16 - [TEST_STEP][PASSED] - sendKeys(NewInputNmField, Keys.chord(ARROW_DOWN)): Keys 'DOWN + ' sent to object: 'Object Repository/Objects.HighlightElements/input_field_index'

2020-05-27 16:31:17 - [MESSAGE][PASSED] - Keys 'DOWN + ' sent to object: 'Object Repository/Objects.HighlightElements/input_field_index'

2020-05-27 16:31:17 - [TEST_STEP][PASSED] - delay(DelayTime): Delayed 5 second(s)

2020-05-27 16:31:22 - [MESSAGE][PASSED] - Delayed 5 second(s)

2020-05-27 16:31:22 - [TEST_STEP][PASSED] - sendKeys(NewInputNmField, Keys.chord(ENTER)): Keys 'ENTER + ' sent to object: 'Object Repository/Objects.HighlightElements/input_field_index'

2020-05-27 16:31:22 - [MESSAGE][PASSED] - Keys 'ENTER + ' sent to object: 'Object Repository/Objects.HighlightElements/input_field_index'

2020-05-27 16:31:22 - [TEST_STEP][PASSED] - ComboBoxValue = getAttribute(NewInputNmField, "value"): Attribute 'value' of object 'Object Repository/Objects.HighlightElements/input_field_index' is: 'David Tey Dah Wei (DAHWEI)'

2020-05-27 16:31:23 - [MESSAGE][PASSED] - Attribute 'value' of object 'Object Repository/Objects.HighlightElements/input_field_index' is: 'David Tey Dah Wei (DAHWEI)'

2020-05-27 16:31:23 - [TEST_STEP][PASSED] - callTestCase(findTestCase(CallTCName), ["FindValue":ComboBoxValue, "DropdownNm":comboNm], STOP_ON_FAILURE): Call Test Case 'Test Cases/PFI Precision and Scale/PFI Components/OfficerLists' successfully

2020-05-27 16:31:23 - [TEST_CASE][PASSED] - Test Cases/PFI Precision and Scale/PFI Components/OfficerLists: Test Cases/PFI Precision and Scale/PFI Components/OfficerLists

2020-05-27 16:31:23 - [TEST_STEP][PASSED] - Thread.sleep(1000): null

2020-05-27 16:31:24 - [TEST_STEP][PASSED] - OfficerLists = [1:"Aaron Sham Wai Lun (AARON)", 2:"Azidah Bte Akmad (Mdm) (USAABD)", 3:"Chung Fong Nyen (USACFN)", 4:"David Tey Dah Wei (DAHWEI)", ... ]: null

2020-05-27 16:31:24 - [TEST_STEP][PASSED] - ValueFound = OfficerLists.find({ -> ... }): null

2020-05-27 16:31:24 - [MESSAGE][PASSED] - Call Test Case 'Test Cases/PFI Precision and Scale/PFI Components/OfficerLists' successfully

2020-05-27 16:31:24 - [TEST_STEP][PASSED] - println(ValueFound): null

2020-05-27 16:31:24 - [TEST_STEP][PASSED] - sendKeys(NewInputNmField, Keys.chord(ARROW_DOWN)): Keys 'DOWN + ' sent to object: 'Object Repository/Objects.HighlightElements/input_field_index'

2020-05-27 16:31:24 - [MESSAGE][PASSED] - Keys 'DOWN + ' sent to object: 'Object Repository/Objects.HighlightElements/input_field_index'

2020-05-27 16:31:24 - [TEST_STEP][PASSED] - sendKeys(NewInputNmField, Keys.chord(ARROW_DOWN)): Keys 'DOWN + ' sent to object: 'Object Repository/Objects.HighlightElements/input_field_index'

2020-05-27 16:31:25 - [MESSAGE][PASSED] - Keys 'DOWN + ' sent to object: 'Object Repository/Objects.HighlightElements/input_field_index'

2020-05-27 16:31:25 - [TEST_STEP][PASSED] - delay(DelayTime): Delayed 5 second(s)

2020-05-27 16:31:30 - [MESSAGE][PASSED] - Delayed 5 second(s)

2020-05-27 16:31:30 - [TEST_STEP][PASSED] - sendKeys(NewInputNmField, Keys.chord(ENTER)): Keys 'ENTER + ' sent to object: 'Object Repository/Objects.HighlightElements/input_field_index'

2020-05-27 16:31:30 - [MESSAGE][PASSED] - Keys 'ENTER + ' sent to object: 'Object Repository/Objects.HighlightElements/input_field_index'

2020-05-27 16:31:30 - [TEST_STEP][PASSED] - ComboBoxValue = getAttribute(NewInputNmField, "value"): Attribute 'value' of object 'Object Repository/Objects.HighlightElements/input_field_index' is: 'Han Wann Kuang (WANNKUANG)'

2020-05-27 16:31:30 - [MESSAGE][PASSED] - Attribute 'value' of object 'Object Repository/Objects.HighlightElements/input_field_index' is: 'Han Wann Kuang (WANNKUANG)'

2020-05-27 16:31:30 - [TEST_STEP][PASSED] - callTestCase(findTestCase(CallTCName), ["FindValue":ComboBoxValue, "DropdownNm":comboNm], STOP_ON_FAILURE): Call Test Case 'Test Cases/PFI Precision and Scale/PFI Components/OfficerLists' successfully

2020-05-27 16:31:30 - [TEST_CASE][PASSED] - Test Cases/PFI Precision and Scale/PFI Components/OfficerLists: Test Cases/PFI Precision and Scale/PFI Components/OfficerLists

2020-05-27 16:31:30 - [TEST_STEP][PASSED] - Thread.sleep(1000): null

2020-05-27 16:31:31 - [TEST_STEP][PASSED] - OfficerLists = [1:"Aaron Sham Wai Lun (AARON)", 2:"Azidah Bte Akmad (Mdm) (USAABD)", 3:"Chung Fong Nyen (USACFN)", 4:"David Tey Dah Wei (DAHWEI)", ... ]: null

2020-05-27 16:31:31 - [TEST_STEP][PASSED] - ValueFound = OfficerLists.find({ -> ... }): null

2020-05-27 16:31:31 - [MESSAGE][PASSED] - Call Test Case 'Test Cases/PFI Precision and Scale/PFI Components/OfficerLists' successfully

2020-05-27 16:31:31 - [TEST_STEP][PASSED] - println(ValueFound): null

2020-05-27 16:31:31 - [TEST_STEP][PASSED] - sendKeys(NewInputNmField, Keys.chord(ARROW_DOWN)): Keys 'DOWN + ' sent to object: 'Object Repository/Objects.HighlightElements/input_field_index'

2020-05-27 16:31:32 - [MESSAGE][PASSED] - Keys 'DOWN + ' sent to object: 'Object Repository/Objects.HighlightElements/input_field_index'

2020-05-27 16:31:32 - [TEST_STEP][PASSED] - sendKeys(NewInputNmField, Keys.chord(ARROW_DOWN)): Keys 'DOWN + ' sent to object: 'Object Repository/Objects.HighlightElements/input_field_index'

2020-05-27 16:31:32 - [MESSAGE][PASSED] - Keys 'DOWN + ' sent to object: 'Object Repository/Objects.HighlightElements/input_field_index'

2020-05-27 16:31:32 - [TEST_STEP][PASSED] - delay(DelayTime): Delayed 5 second(s)

2020-05-27 16:31:37 - [MESSAGE][PASSED] - Delayed 5 second(s)

2020-05-27 16:31:37 - [TEST_STEP][PASSED] - sendKeys(NewInputNmField, Keys.chord(ENTER)): Keys 'ENTER + ' sent to object: 'Object Repository/Objects.HighlightElements/input_field_index'

2020-05-27 16:31:38 - [MESSAGE][PASSED] - Keys 'ENTER + ' sent to object: 'Object Repository/Objects.HighlightElements/input_field_index'

2020-05-27 16:31:38 - [TEST_STEP][PASSED] - ComboBoxValue = getAttribute(NewInputNmField, "value"): Attribute 'value' of object 'Object Repository/Objects.HighlightElements/input_field_index' is: 'Ho Tze Siang (TZESIANG)'

2020-05-27 16:31:38 - [MESSAGE][PASSED] - Attribute 'value' of object 'Object Repository/Objects.HighlightElements/input_field_index' is: 'Ho Tze Siang (TZESIANG)'

2020-05-27 16:31:38 - [TEST_STEP][PASSED] - callTestCase(findTestCase(CallTCName), ["FindValue":ComboBoxValue, "DropdownNm":comboNm], STOP_ON_FAILURE): Call Test Case 'Test Cases/PFI Precision and Scale/PFI Components/OfficerLists' successfully

2020-05-27 16:31:38 - [TEST_CASE][PASSED] - Test Cases/PFI Precision and Scale/PFI Components/OfficerLists: Test Cases/PFI Precision and Scale/PFI Components/OfficerLists

2020-05-27 16:31:38 - [TEST_STEP][PASSED] - Thread.sleep(1000): null

2020-05-27 16:31:39 - [TEST_STEP][PASSED] - OfficerLists = [1:"Aaron Sham Wai Lun (AARON)", 2:"Azidah Bte Akmad (Mdm) (USAABD)", 3:"Chung Fong Nyen (USACFN)", 4:"David Tey Dah Wei (DAHWEI)", ... ]: null

2020-05-27 16:31:39 - [TEST_STEP][PASSED] - ValueFound = OfficerLists.find({ -> ... }): null

2020-05-27 16:31:39 - [MESSAGE][PASSED] - Call Test Case 'Test Cases/PFI Precision and Scale/PFI Components/OfficerLists' successfully

2020-05-27 16:31:39 - [TEST_STEP][PASSED] - println(ValueFound): null

2020-05-27 16:31:39 - [TEST_STEP][PASSED] - sendKeys(NewInputNmField, Keys.chord(ARROW_DOWN)): Keys 'DOWN + ' sent to object: 'Object Repository/Objects.HighlightElements/input_field_index'

2020-05-27 16:31:39 - [MESSAGE][PASSED] - Keys 'DOWN + ' sent to object: 'Object Repository/Objects.HighlightElements/input_field_index'

2020-05-27 16:31:40 - [TEST_STEP][PASSED] - sendKeys(NewInputNmField, Keys.chord(ARROW_DOWN)): Keys 'DOWN + ' sent to object: 'Object Repository/Objects.HighlightElements/input_field_index'

2020-05-27 16:31:40 - [MESSAGE][PASSED] - Keys 'DOWN + ' sent to object: 'Object Repository/Objects.HighlightElements/input_field_index'

2020-05-27 16:31:40 - [TEST_STEP][PASSED] - delay(DelayTime): Delayed 5 second(s)

2020-05-27 16:31:45 - [MESSAGE][PASSED] - Delayed 5 second(s)

2020-05-27 16:31:45 - [TEST_STEP][PASSED] - sendKeys(NewInputNmField, Keys.chord(ENTER)): Keys 'ENTER + ' sent to object: 'Object Repository/Objects.HighlightElements/input_field_index'

2020-05-27 16:31:45 - [MESSAGE][PASSED] - Keys 'ENTER + ' sent to object: 'Object Repository/Objects.HighlightElements/input_field_index'

2020-05-27 16:31:45 - [TEST_STEP][PASSED] - ComboBoxValue = getAttribute(NewInputNmField, "value"): Attribute 'value' of object 'Object Repository/Objects.HighlightElements/input_field_index' is: 'Ho-Chan Vun Ching (USAHVC)'

2020-05-27 16:31:46 - [MESSAGE][PASSED] - Attribute 'value' of object 'Object Repository/Objects.HighlightElements/input_field_index' is: 'Ho-Chan Vun Ching (USAHVC)'

2020-05-27 16:31:46 - [TEST_STEP][PASSED] - callTestCase(findTestCase(CallTCName), ["FindValue":ComboBoxValue, "DropdownNm":comboNm], STOP_ON_FAILURE): Call Test Case 'Test Cases/PFI Precision and Scale/PFI Components/OfficerLists' successfully

2020-05-27 16:31:46 - [TEST_CASE][PASSED] - Test Cases/PFI Precision and Scale/PFI Components/OfficerLists: Test Cases/PFI Precision and Scale/PFI Components/OfficerLists

2020-05-27 16:31:46 - [TEST_STEP][PASSED] - Thread.sleep(1000): null

2020-05-27 16:31:47 - [TEST_STEP][PASSED] - OfficerLists = [1:"Aaron Sham Wai Lun (AARON)", 2:"Azidah Bte Akmad (Mdm) (USAABD)", 3:"Chung Fong Nyen (USACFN)", 4:"David Tey Dah Wei (DAHWEI)", ... ]: null

2020-05-27 16:31:47 - [TEST_STEP][PASSED] - ValueFound = OfficerLists.find({ -> ... }): null

2020-05-27 16:31:47 - [MESSAGE][PASSED] - Call Test Case 'Test Cases/PFI Precision and Scale/PFI Components/OfficerLists' successfully

2020-05-27 16:31:47 - [TEST_STEP][PASSED] - println(ValueFound): null

2020-05-27 16:31:47 - [TEST_STEP][PASSED] - sendKeys(NewInputNmField, Keys.chord(ARROW_DOWN)): Keys 'DOWN + ' sent to object: 'Object Repository/Objects.HighlightElements/input_field_index'

2020-05-27 16:31:47 - [MESSAGE][PASSED] - Keys 'DOWN + ' sent to object: 'Object Repository/Objects.HighlightElements/input_field_index'

2020-05-27 16:31:47 - [TEST_STEP][PASSED] - sendKeys(NewInputNmField, Keys.chord(ARROW_DOWN)): Keys 'DOWN + ' sent to object: 'Object Repository/Objects.HighlightElements/input_field_index'

2020-05-27 16:31:48 - [MESSAGE][PASSED] - Keys 'DOWN + ' sent to object: 'Object Repository/Objects.HighlightElements/input_field_index'

2020-05-27 16:31:48 - [TEST_STEP][PASSED] - delay(DelayTime): Delayed 5 second(s)

2020-05-27 16:31:53 - [MESSAGE][PASSED] - Delayed 5 second(s)

2020-05-27 16:31:53 - [TEST_STEP][PASSED] - sendKeys(NewInputNmField, Keys.chord(ENTER)): Keys 'ENTER + ' sent to object: 'Object Repository/Objects.HighlightElements/input_field_index'

2020-05-27 16:31:53 - [MESSAGE][PASSED] - Keys 'ENTER + ' sent to object: 'Object Repository/Objects.HighlightElements/input_field_index'

2020-05-27 16:31:53 - [TEST_STEP][PASSED] - ComboBoxValue = getAttribute(NewInputNmField, "value"): Attribute 'value' of object 'Object Repository/Objects.HighlightElements/input_field_index' is: 'Janet Lee Choon Hong (JANETCHOON)'

2020-05-27 16:31:53 - [MESSAGE][PASSED] - Attribute 'value' of object 'Object Repository/Objects.HighlightElements/input_field_index' is: 'Janet Lee Choon Hong (JANETCHOON)'

2020-05-27 16:31:53 - [TEST_STEP][PASSED] - callTestCase(findTestCase(CallTCName), ["FindValue":ComboBoxValue, "DropdownNm":comboNm], STOP_ON_FAILURE): Call Test Case 'Test Cases/PFI Precision and Scale/PFI Components/OfficerLists' successfully

2020-05-27 16:31:53 - [TEST_CASE][PASSED] - Test Cases/PFI Precision and Scale/PFI Components/OfficerLists: Test Cases/PFI Precision and Scale/PFI Components/OfficerLists

2020-05-27 16:31:54 - [TEST_STEP][PASSED] - Thread.sleep(1000): null

2020-05-27 16:31:55 - [TEST_STEP][PASSED] - OfficerLists = [1:"Aaron Sham Wai Lun (AARON)", 2:"Azidah Bte Akmad (Mdm) (USAABD)", 3:"Chung Fong Nyen (USACFN)", 4:"David Tey Dah Wei (DAHWEI)", ... ]: null

2020-05-27 16:31:55 - [TEST_STEP][PASSED] - ValueFound = OfficerLists.find({ -> ... }): null

2020-05-27 16:31:55 - [MESSAGE][PASSED] - Call Test Case 'Test Cases/PFI Precision and Scale/PFI Components/OfficerLists' successfully

2020-05-27 16:31:55 - [TEST_STEP][PASSED] - println(ValueFound): null

2020-05-27 16:31:55 - [TEST_STEP][PASSED] - sendKeys(NewInputNmField, Keys.chord(ARROW_DOWN)): Keys 'DOWN + ' sent to object: 'Object Repository/Objects.HighlightElements/input_field_index'

2020-05-27 16:31:55 - [MESSAGE][PASSED] - Keys 'DOWN + ' sent to object: 'Object Repository/Objects.HighlightElements/input_field_index'

2020-05-27 16:31:55 - [TEST_STEP][PASSED] - sendKeys(NewInputNmField, Keys.chord(ARROW_DOWN)): Keys 'DOWN + ' sent to object: 'Object Repository/Objects.HighlightElements/input_field_index'

2020-05-27 16:31:55 - [MESSAGE][PASSED] - Keys 'DOWN + ' sent to object: 'Object Repository/Objects.HighlightElements/input_field_index'

2020-05-27 16:31:55 - [TEST_STEP][PASSED] - delay(DelayTime): Delayed 5 second(s)

2020-05-27 16:32:00 - [MESSAGE][PASSED] - Delayed 5 second(s)

2020-05-27 16:32:00 - [TEST_STEP][PASSED] - sendKeys(NewInputNmField, Keys.chord(ENTER)): Keys 'ENTER + ' sent to object: 'Object Repository/Objects.HighlightElements/input_field_index'

2020-05-27 16:32:01 - [MESSAGE][PASSED] - Keys 'ENTER + ' sent to object: 'Object Repository/Objects.HighlightElements/input_field_index'

2020-05-27 16:32:01 - [TEST_STEP][PASSED] - ComboBoxValue = getAttribute(NewInputNmField, "value"): Attribute 'value' of object 'Object Repository/Objects.HighlightElements/input_field_index' is: 'Joseph Lim Pheng Weng (PHENGWENG)'

2020-05-27 16:32:01 - [MESSAGE][PASSED] - Attribute 'value' of object 'Object Repository/Objects.HighlightElements/input_field_index' is: 'Joseph Lim Pheng Weng (PHENGWENG)'

2020-05-27 16:32:01 - [TEST_STEP][PASSED] - callTestCase(findTestCase(CallTCName), ["FindValue":ComboBoxValue, "DropdownNm":comboNm], STOP_ON_FAILURE): Call Test Case 'Test Cases/PFI Precision and Scale/PFI Components/OfficerLists' successfully

2020-05-27 16:32:01 - [TEST_CASE][PASSED] - Test Cases/PFI Precision and Scale/PFI Components/OfficerLists: Test Cases/PFI Precision and Scale/PFI Components/OfficerLists

2020-05-27 16:32:01 - [TEST_STEP][PASSED] - Thread.sleep(1000): null

2020-05-27 16:32:02 - [TEST_STEP][PASSED] - OfficerLists = [1:"Aaron Sham Wai Lun (AARON)", 2:"Azidah Bte Akmad (Mdm) (USAABD)", 3:"Chung Fong Nyen (USACFN)", 4:"David Tey Dah Wei (DAHWEI)", ... ]: null

2020-05-27 16:32:02 - [TEST_STEP][PASSED] - ValueFound = OfficerLists.find({ -> ... }): null

2020-05-27 16:32:02 - [MESSAGE][PASSED] - Call Test Case 'Test Cases/PFI Precision and Scale/PFI Components/OfficerLists' successfully

2020-05-27 16:32:02 - [TEST_STEP][PASSED] - println(ValueFound): null

2020-05-27 16:32:02 - [TEST_STEP][PASSED] - sendKeys(NewInputNmField, Keys.chord(ARROW_DOWN)): Keys 'DOWN + ' sent to object: 'Object Repository/Objects.HighlightElements/input_field_index'

2020-05-27 16:32:02 - [MESSAGE][PASSED] - Keys 'DOWN + ' sent to object: 'Object Repository/Objects.HighlightElements/input_field_index'

2020-05-27 16:32:02 - [TEST_STEP][PASSED] - sendKeys(NewInputNmField, Keys.chord(ARROW_DOWN)): Keys 'DOWN + ' sent to object: 'Object Repository/Objects.HighlightElements/input_field_index'

2020-05-27 16:32:03 - [MESSAGE][PASSED] - Keys 'DOWN + ' sent to object: 'Object Repository/Objects.HighlightElements/input_field_index'

2020-05-27 16:32:03 - [TEST_STEP][PASSED] - delay(DelayTime): Delayed 5 second(s)

2020-05-27 16:32:08 - [MESSAGE][PASSED] - Delayed 5 second(s)

2020-05-27 16:32:08 - [TEST_STEP][PASSED] - sendKeys(NewInputNmField, Keys.chord(ENTER)): Keys 'ENTER + ' sent to object: 'Object Repository/Objects.HighlightElements/input_field_index'

2020-05-27 16:32:08 - [MESSAGE][PASSED] - Keys 'ENTER + ' sent to object: 'Object Repository/Objects.HighlightElements/input_field_index'

2020-05-27 16:32:08 - [TEST_STEP][PASSED] - ComboBoxValue = getAttribute(NewInputNmField, "value"): Attribute 'value' of object 'Object Repository/Objects.HighlightElements/input_field_index' is: 'Kaliannan Thanabal (KALIANN)'

2020-05-27 16:32:09 - [MESSAGE][PASSED] - Attribute 'value' of object 'Object Repository/Objects.HighlightElements/input_field_index' is: 'Kaliannan Thanabal (KALIANN)'

2020-05-27 16:32:09 - [TEST_STEP][PASSED] - callTestCase(findTestCase(CallTCName), ["FindValue":ComboBoxValue, "DropdownNm":comboNm], STOP_ON_FAILURE): Call Test Case 'Test Cases/PFI Precision and Scale/PFI Components/OfficerLists' successfully

2020-05-27 16:32:09 - [TEST_CASE][PASSED] - Test Cases/PFI Precision and Scale/PFI Components/OfficerLists: Test Cases/PFI Precision and Scale/PFI Components/OfficerLists

2020-05-27 16:32:09 - [TEST_STEP][PASSED] - Thread.sleep(1000): null

2020-05-27 16:32:10 - [TEST_STEP][PASSED] - OfficerLists = [1:"Aaron Sham Wai Lun (AARON)", 2:"Azidah Bte Akmad (Mdm) (USAABD)", 3:"Chung Fong Nyen (USACFN)", 4:"David Tey Dah Wei (DAHWEI)", ... ]: null

2020-05-27 16:32:10 - [TEST_STEP][PASSED] - ValueFound = OfficerLists.find({ -> ... }): null

2020-05-27 16:32:10 - [MESSAGE][PASSED] - Call Test Case 'Test Cases/PFI Precision and Scale/PFI Components/OfficerLists' successfully

2020-05-27 16:32:10 - [TEST_STEP][PASSED] - println(ValueFound): null

2020-05-27 16:32:10 - [TEST_STEP][PASSED] - sendKeys(NewInputNmField, Keys.chord(ARROW_DOWN)): Keys 'DOWN + ' sent to object: 'Object Repository/Objects.HighlightElements/input_field_index'

2020-05-27 16:32:10 - [MESSAGE][PASSED] - Keys 'DOWN + ' sent to object: 'Object Repository/Objects.HighlightElements/input_field_index'

2020-05-27 16:32:10 - [TEST_STEP][PASSED] - sendKeys(NewInputNmField, Keys.chord(ARROW_DOWN)): Keys 'DOWN + ' sent to object: 'Object Repository/Objects.HighlightElements/input_field_index'

2020-05-27 16:32:11 - [MESSAGE][PASSED] - Keys 'DOWN + ' sent to object: 'Object Repository/Objects.HighlightElements/input_field_index'

2020-05-27 16:32:11 - [TEST_STEP][PASSED] - delay(DelayTime): Delayed 5 second(s)

2020-05-27 16:32:16 - [MESSAGE][PASSED] - Delayed 5 second(s)

2020-05-27 16:32:16 - [TEST_STEP][PASSED] - sendKeys(NewInputNmField, Keys.chord(ENTER)): Keys 'ENTER + ' sent to object: 'Object Repository/Objects.HighlightElements/input_field_index'

2020-05-27 16:32:16 - [MESSAGE][PASSED] - Keys 'ENTER + ' sent to object: 'Object Repository/Objects.HighlightElements/input_field_index'

2020-05-27 16:32:16 - [TEST_STEP][PASSED] - ComboBoxValue = getAttribute(NewInputNmField, "value"): Attribute 'value' of object 'Object Repository/Objects.HighlightElements/input_field_index' is: 'Kelvin Phua Meng Thong (MENGTHONG)'

2020-05-27 16:32:17 - [MESSAGE][PASSED] - Attribute 'value' of object 'Object Repository/Objects.HighlightElements/input_field_index' is: 'Kelvin Phua Meng Thong (MENGTHONG)'

2020-05-27 16:32:17 - [TEST_STEP][PASSED] - callTestCase(findTestCase(CallTCName), ["FindValue":ComboBoxValue, "DropdownNm":comboNm], STOP_ON_FAILURE): Call Test Case 'Test Cases/PFI Precision and Scale/PFI Components/OfficerLists' successfully

2020-05-27 16:32:17 - [TEST_CASE][PASSED] - Test Cases/PFI Precision and Scale/PFI Components/OfficerLists: Test Cases/PFI Precision and Scale/PFI Components/OfficerLists

2020-05-27 16:32:17 - [TEST_STEP][PASSED] - Thread.sleep(1000): null

2020-05-27 16:32:18 - [TEST_STEP][PASSED] - OfficerLists = [1:"Aaron Sham Wai Lun (AARON)", 2:"Azidah Bte Akmad (Mdm) (USAABD)", 3:"Chung Fong Nyen (USACFN)", 4:"David Tey Dah Wei (DAHWEI)", ... ]: null

2020-05-27 16:32:18 - [TEST_STEP][PASSED] - ValueFound = OfficerLists.find({ -> ... }): null

2020-05-27 16:32:18 - [MESSAGE][PASSED] - Call Test Case 'Test Cases/PFI Precision and Scale/PFI Components/OfficerLists' successfully

2020-05-27 16:32:18 - [TEST_STEP][PASSED] - println(ValueFound): null

2020-05-27 16:32:18 - [TEST_STEP][PASSED] - sendKeys(NewInputNmField, Keys.chord(ARROW_DOWN)): Keys 'DOWN + ' sent to object: 'Object Repository/Objects.HighlightElements/input_field_index'

2020-05-27 16:32:18 - [MESSAGE][PASSED] - Keys 'DOWN + ' sent to object: 'Object Repository/Objects.HighlightElements/input_field_index'

2020-05-27 16:32:18 - [TEST_STEP][PASSED] - sendKeys(NewInputNmField, Keys.chord(ARROW_DOWN)): Keys 'DOWN + ' sent to object: 'Object Repository/Objects.HighlightElements/input_field_index'

2020-05-27 16:32:18 - [MESSAGE][PASSED] - Keys 'DOWN + ' sent to object: 'Object Repository/Objects.HighlightElements/input_field_index'

2020-05-27 16:32:18 - [TEST_STEP][PASSED] - delay(DelayTime): Delayed 5 second(s)

2020-05-27 16:32:23 - [MESSAGE][PASSED] - Delayed 5 second(s)

2020-05-27 16:32:23 - [TEST_STEP][PASSED] - sendKeys(NewInputNmField, Keys.chord(ENTER)): Keys 'ENTER + ' sent to object: 'Object Repository/Objects.HighlightElements/input_field_index'

2020-05-27 16:32:24 - [MESSAGE][PASSED] - Keys 'ENTER + ' sent to object: 'Object Repository/Objects.HighlightElements/input_field_index'

2020-05-27 16:32:24 - [TEST_STEP][PASSED] - ComboBoxValue = getAttribute(NewInputNmField, "value"): Attribute 'value' of object 'Object Repository/Objects.HighlightElements/input_field_index' is: 'Lee Kok Tien (USAKTL)'

2020-05-27 16:32:24 - [MESSAGE][PASSED] - Attribute 'value' of object 'Object Repository/Objects.HighlightElements/input_field_index' is: 'Lee Kok Tien (USAKTL)'

2020-05-27 16:32:24 - [TEST_STEP][PASSED] - callTestCase(findTestCase(CallTCName), ["FindValue":ComboBoxValue, "DropdownNm":comboNm], STOP_ON_FAILURE): Call Test Case 'Test Cases/PFI Precision and Scale/PFI Components/OfficerLists' successfully

2020-05-27 16:32:24 - [TEST_CASE][PASSED] - Test Cases/PFI Precision and Scale/PFI Components/OfficerLists: Test Cases/PFI Precision and Scale/PFI Components/OfficerLists

2020-05-27 16:32:24 - [TEST_STEP][PASSED] - Thread.sleep(1000): null

2020-05-27 16:32:25 - [TEST_STEP][PASSED] - OfficerLists = [1:"Aaron Sham Wai Lun (AARON)", 2:"Azidah Bte Akmad (Mdm) (USAABD)", 3:"Chung Fong Nyen (USACFN)", 4:"David Tey Dah Wei (DAHWEI)", ... ]: null

2020-05-27 16:32:25 - [TEST_STEP][PASSED] - ValueFound = OfficerLists.find({ -> ... }): null

2020-05-27 16:32:25 - [MESSAGE][PASSED] - Call Test Case 'Test Cases/PFI Precision and Scale/PFI Components/OfficerLists' successfully

2020-05-27 16:32:25 - [TEST_STEP][PASSED] - println(ValueFound): null

2020-05-27 16:32:25 - [TEST_STEP][PASSED] - sendKeys(NewInputNmField, Keys.chord(ARROW_DOWN)): Keys 'DOWN + ' sent to object: 'Object Repository/Objects.HighlightElements/input_field_index'

2020-05-27 16:32:26 - [MESSAGE][PASSED] - Keys 'DOWN + ' sent to object: 'Object Repository/Objects.HighlightElements/input_field_index'

2020-05-27 16:32:26 - [TEST_STEP][PASSED] - sendKeys(NewInputNmField, Keys.chord(ARROW_DOWN)): Keys 'DOWN + ' sent to object: 'Object Repository/Objects.HighlightElements/input_field_index'

2020-05-27 16:32:26 - [MESSAGE][PASSED] - Keys 'DOWN + ' sent to object: 'Object Repository/Objects.HighlightElements/input_field_index'

2020-05-27 16:32:26 - [TEST_STEP][PASSED] - delay(DelayTime): Delayed 5 second(s)

2020-05-27 16:32:31 - [MESSAGE][PASSED] - Delayed 5 second(s)

2020-05-27 16:32:31 - [TEST_STEP][PASSED] - sendKeys(NewInputNmField, Keys.chord(ENTER)): Keys 'ENTER + ' sent to object: 'Object Repository/Objects.HighlightElements/input_field_index'

2020-05-27 16:32:31 - [MESSAGE][PASSED] - Keys 'ENTER + ' sent to object: 'Object Repository/Objects.HighlightElements/input_field_index'

2020-05-27 16:32:31 - [TEST_STEP][PASSED] - ComboBoxValue = getAttribute(NewInputNmField, "value"): Attribute 'value' of object 'Object Repository/Objects.HighlightElements/input_field_index' is: 'Lim Beng Kwee (BENGKWEE)'

2020-05-27 16:32:32 - [MESSAGE][PASSED] - Attribute 'value' of object 'Object Repository/Objects.HighlightElements/input_field_index' is: 'Lim Beng Kwee (BENGKWEE)'

2020-05-27 16:32:32 - [TEST_STEP][PASSED] - callTestCase(findTestCase(CallTCName), ["FindValue":ComboBoxValue, "DropdownNm":comboNm], STOP_ON_FAILURE): Call Test Case 'Test Cases/PFI Precision and Scale/PFI Components/OfficerLists' successfully

2020-05-27 16:32:32 - [TEST_CASE][PASSED] - Test Cases/PFI Precision and Scale/PFI Components/OfficerLists: Test Cases/PFI Precision and Scale/PFI Components/OfficerLists

2020-05-27 16:32:32 - [TEST_STEP][PASSED] - Thread.sleep(1000): null

2020-05-27 16:32:33 - [TEST_STEP][PASSED] - OfficerLists = [1:"Aaron Sham Wai Lun (AARON)", 2:"Azidah Bte Akmad (Mdm) (USAABD)", 3:"Chung Fong Nyen (USACFN)", 4:"David Tey Dah Wei (DAHWEI)", ... ]: null

2020-05-27 16:32:33 - [TEST_STEP][PASSED] - ValueFound = OfficerLists.find({ -> ... }): null

2020-05-27 16:32:33 - [MESSAGE][PASSED] - Call Test Case 'Test Cases/PFI Precision and Scale/PFI Components/OfficerLists' successfully

2020-05-27 16:32:33 - [TEST_STEP][PASSED] - println(ValueFound): null

2020-05-27 16:32:33 - [TEST_STEP][PASSED] - sendKeys(NewInputNmField, Keys.chord(ARROW_DOWN)): Keys 'DOWN + ' sent to object: 'Object Repository/Objects.HighlightElements/input_field_index'

2020-05-27 16:32:33 - [MESSAGE][PASSED] - Keys 'DOWN + ' sent to object: 'Object Repository/Objects.HighlightElements/input_field_index'

2020-05-27 16:32:33 - [TEST_STEP][PASSED] - sendKeys(NewInputNmField, Keys.chord(ARROW_DOWN)): Keys 'DOWN + ' sent to object: 'Object Repository/Objects.HighlightElements/input_field_index'

2020-05-27 16:32:34 - [MESSAGE][PASSED] - Keys 'DOWN + ' sent to object: 'Object Repository/Objects.HighlightElements/input_field_index'

2020-05-27 16:32:34 - [TEST_STEP][PASSED] - delay(DelayTime): Delayed 5 second(s)

2020-05-27 16:32:39 - [MESSAGE][PASSED] - Delayed 5 second(s)

2020-05-27 16:32:39 - [TEST_STEP][PASSED] - sendKeys(NewInputNmField, Keys.chord(ENTER)): Keys 'ENTER + ' sent to object: 'Object Repository/Objects.HighlightElements/input_field_index'

2020-05-27 16:32:39 - [MESSAGE][PASSED] - Keys 'ENTER + ' sent to object: 'Object Repository/Objects.HighlightElements/input_field_index'

2020-05-27 16:32:39 - [TEST_STEP][PASSED] - ComboBoxValue = getAttribute(NewInputNmField, "value"): Attribute 'value' of object 'Object Repository/Objects.HighlightElements/input_field_index' is: 'Lim Leng Boon (LENGBOON)'

2020-05-27 16:32:40 - [MESSAGE][PASSED] - Attribute 'value' of object 'Object Repository/Objects.HighlightElements/input_field_index' is: 'Lim Leng Boon (LENGBOON)'

2020-05-27 16:32:40 - [TEST_STEP][PASSED] - callTestCase(findTestCase(CallTCName), ["FindValue":ComboBoxValue, "DropdownNm":comboNm], STOP_ON_FAILURE): Call Test Case 'Test Cases/PFI Precision and Scale/PFI Components/OfficerLists' successfully

2020-05-27 16:32:40 - [TEST_CASE][PASSED] - Test Cases/PFI Precision and Scale/PFI Components/OfficerLists: Test Cases/PFI Precision and Scale/PFI Components/OfficerLists

2020-05-27 16:32:40 - [TEST_STEP][PASSED] - Thread.sleep(1000): null

2020-05-27 16:32:41 - [TEST_STEP][PASSED] - OfficerLists = [1:"Aaron Sham Wai Lun (AARON)", 2:"Azidah Bte Akmad (Mdm) (USAABD)", 3:"Chung Fong Nyen (USACFN)", 4:"David Tey Dah Wei (DAHWEI)", ... ]: null

2020-05-27 16:32:41 - [TEST_STEP][PASSED] - ValueFound = OfficerLists.find({ -> ... }): null

2020-05-27 16:32:41 - [MESSAGE][PASSED] - Call Test Case 'Test Cases/PFI Precision and Scale/PFI Components/OfficerLists' successfully

2020-05-27 16:32:41 - [TEST_STEP][PASSED] - println(ValueFound): null

2020-05-27 16:32:41 - [TEST_STEP][PASSED] - sendKeys(NewInputNmField, Keys.chord(ARROW_DOWN)): Keys 'DOWN + ' sent to object: 'Object Repository/Objects.HighlightElements/input_field_index'

2020-05-27 16:32:41 - [MESSAGE][PASSED] - Keys 'DOWN + ' sent to object: 'Object Repository/Objects.HighlightElements/input_field_index'

2020-05-27 16:32:41 - [TEST_STEP][PASSED] - sendKeys(NewInputNmField, Keys.chord(ARROW_DOWN)): Keys 'DOWN + ' sent to object: 'Object Repository/Objects.HighlightElements/input_field_index'

2020-05-27 16:32:41 - [MESSAGE][PASSED] - Keys 'DOWN + ' sent to object: 'Object Repository/Objects.HighlightElements/input_field_index'

2020-05-27 16:32:41 - [TEST_STEP][PASSED] - delay(DelayTime): Delayed 5 second(s)

2020-05-27 16:32:46 - [MESSAGE][PASSED] - Delayed 5 second(s)

2020-05-27 16:32:46 - [TEST_STEP][PASSED] - sendKeys(NewInputNmField, Keys.chord(ENTER)): Keys 'ENTER + ' sent to object: 'Object Repository/Objects.HighlightElements/input_field_index'

2020-05-27 16:32:47 - [MESSAGE][PASSED] - Keys 'ENTER + ' sent to object: 'Object Repository/Objects.HighlightElements/input_field_index'

2020-05-27 16:32:47 - [TEST_STEP][PASSED] - ComboBoxValue = getAttribute(NewInputNmField, "value"): Attribute 'value' of object 'Object Repository/Objects.HighlightElements/input_field_index' is: 'Liu Xiaopeng (XIAOPENG)'

2020-05-27 16:32:47 - [MESSAGE][PASSED] - Attribute 'value' of object 'Object Repository/Objects.HighlightElements/input_field_index' is: 'Liu Xiaopeng (XIAOPENG)'

2020-05-27 16:32:47 - [TEST_STEP][PASSED] - callTestCase(findTestCase(CallTCName), ["FindValue":ComboBoxValue, "DropdownNm":comboNm], STOP_ON_FAILURE): Call Test Case 'Test Cases/PFI Precision and Scale/PFI Components/OfficerLists' successfully

2020-05-27 16:32:47 - [TEST_CASE][PASSED] - Test Cases/PFI Precision and Scale/PFI Components/OfficerLists: Test Cases/PFI Precision and Scale/PFI Components/OfficerLists

2020-05-27 16:32:47 - [TEST_STEP][PASSED] - Thread.sleep(1000): null

2020-05-27 16:32:48 - [TEST_STEP][PASSED] - OfficerLists = [1:"Aaron Sham Wai Lun (AARON)", 2:"Azidah Bte Akmad (Mdm) (USAABD)", 3:"Chung Fong Nyen (USACFN)", 4:"David Tey Dah Wei (DAHWEI)", ... ]: null

2020-05-27 16:32:48 - [TEST_STEP][PASSED] - ValueFound = OfficerLists.find({ -> ... }): null

2020-05-27 16:32:48 - [MESSAGE][PASSED] - Call Test Case 'Test Cases/PFI Precision and Scale/PFI Components/OfficerLists' successfully

2020-05-27 16:32:48 - [TEST_STEP][PASSED] - println(ValueFound): null

2020-05-27 16:32:48 - [TEST_STEP][PASSED] - sendKeys(NewInputNmField, Keys.chord(ARROW_DOWN)): Keys 'DOWN + ' sent to object: 'Object Repository/Objects.HighlightElements/input_field_index'

2020-05-27 16:32:49 - [MESSAGE][PASSED] - Keys 'DOWN + ' sent to object: 'Object Repository/Objects.HighlightElements/input_field_index'

2020-05-27 16:32:49 - [TEST_STEP][PASSED] - sendKeys(NewInputNmField, Keys.chord(ARROW_DOWN)): Keys 'DOWN + ' sent to object: 'Object Repository/Objects.HighlightElements/input_field_index'

2020-05-27 16:32:49 - [MESSAGE][PASSED] - Keys 'DOWN + ' sent to object: 'Object Repository/Objects.HighlightElements/input_field_index'

2020-05-27 16:32:49 - [TEST_STEP][PASSED] - delay(DelayTime): Delayed 5 second(s)

2020-05-27 16:32:54 - [MESSAGE][PASSED] - Delayed 5 second(s)

2020-05-27 16:32:54 - [TEST_STEP][PASSED] - sendKeys(NewInputNmField, Keys.chord(ENTER)): Keys 'ENTER + ' sent to object: 'Object Repository/Objects.HighlightElements/input_field_index'

2020-05-27 16:32:54 - [MESSAGE][PASSED] - Keys 'ENTER + ' sent to object: 'Object Repository/Objects.HighlightElements/input_field_index'

2020-05-27 16:32:54 - [TEST_STEP][PASSED] - ComboBoxValue = getAttribute(NewInputNmField, "value"): Attribute 'value' of object 'Object Repository/Objects.HighlightElements/input_field_index' is: 'Lu Ji Ju (Mdm) (USALJJ)'

2020-05-27 16:32:55 - [MESSAGE][PASSED] - Attribute 'value' of object 'Object Repository/Objects.HighlightElements/input_field_index' is: 'Lu Ji Ju (Mdm) (USALJJ)'

2020-05-27 16:32:55 - [TEST_STEP][PASSED] - callTestCase(findTestCase(CallTCName), ["FindValue":ComboBoxValue, "DropdownNm":comboNm], STOP_ON_FAILURE): Call Test Case 'Test Cases/PFI Precision and Scale/PFI Components/OfficerLists' successfully

2020-05-27 16:32:55 - [TEST_CASE][PASSED] - Test Cases/PFI Precision and Scale/PFI Components/OfficerLists: Test Cases/PFI Precision and Scale/PFI Components/OfficerLists

2020-05-27 16:32:55 - [TEST_STEP][PASSED] - Thread.sleep(1000): null

2020-05-27 16:32:56 - [TEST_STEP][PASSED] - OfficerLists = [1:"Aaron Sham Wai Lun (AARON)", 2:"Azidah Bte Akmad (Mdm) (USAABD)", 3:"Chung Fong Nyen (USACFN)", 4:"David Tey Dah Wei (DAHWEI)", ... ]: null

2020-05-27 16:32:56 - [TEST_STEP][PASSED] - ValueFound = OfficerLists.find({ -> ... }): null

2020-05-27 16:32:56 - [MESSAGE][PASSED] - Call Test Case 'Test Cases/PFI Precision and Scale/PFI Components/OfficerLists' successfully

2020-05-27 16:32:56 - [TEST_STEP][PASSED] - println(ValueFound): null

2020-05-27 16:32:56 - [TEST_STEP][PASSED] - sendKeys(NewInputNmField, Keys.chord(ARROW_DOWN)): Keys 'DOWN + ' sent to object: 'Object Repository/Objects.HighlightElements/input_field_index'

2020-05-27 16:32:56 - [MESSAGE][PASSED] - Keys 'DOWN + ' sent to object: 'Object Repository/Objects.HighlightElements/input_field_index'

2020-05-27 16:32:56 - [TEST_STEP][PASSED] - sendKeys(NewInputNmField, Keys.chord(ARROW_DOWN)): Keys 'DOWN + ' sent to object: 'Object Repository/Objects.HighlightElements/input_field_index'

2020-05-27 16:32:57 - [MESSAGE][PASSED] - Keys 'DOWN + ' sent to object: 'Object Repository/Objects.HighlightElements/input_field_index'

2020-05-27 16:32:57 - [TEST_STEP][PASSED] - delay(DelayTime): Delayed 5 second(s)

2020-05-27 16:33:02 - [MESSAGE][PASSED] - Delayed 5 second(s)

2020-05-27 16:33:02 - [TEST_STEP][PASSED] - sendKeys(NewInputNmField, Keys.chord(ENTER)): Keys 'ENTER + ' sent to object: 'Object Repository/Objects.HighlightElements/input_field_index'

2020-05-27 16:33:02 - [MESSAGE][PASSED] - Keys 'ENTER + ' sent to object: 'Object Repository/Objects.HighlightElements/input_field_index'

2020-05-27 16:33:02 - [TEST_STEP][PASSED] - ComboBoxValue = getAttribute(NewInputNmField, "value"): Attribute 'value' of object 'Object Repository/Objects.HighlightElements/input_field_index' is: 'Mohd Jeffri Bin Abdul Rahim (MOHDJEFFRI)'

2020-05-27 16:33:03 - [MESSAGE][PASSED] - Attribute 'value' of object 'Object Repository/Objects.HighlightElements/input_field_index' is: 'Mohd Jeffri Bin Abdul Rahim (MOHDJEFFRI)'

2020-05-27 16:33:03 - [TEST_STEP][PASSED] - callTestCase(findTestCase(CallTCName), ["FindValue":ComboBoxValue, "DropdownNm":comboNm], STOP_ON_FAILURE): Call Test Case 'Test Cases/PFI Precision and Scale/PFI Components/OfficerLists' successfully

2020-05-27 16:33:03 - [TEST_CASE][PASSED] - Test Cases/PFI Precision and Scale/PFI Components/OfficerLists: Test Cases/PFI Precision and Scale/PFI Components/OfficerLists

2020-05-27 16:33:03 - [TEST_STEP][PASSED] - Thread.sleep(1000): null

2020-05-27 16:33:04 - [TEST_STEP][PASSED] - OfficerLists = [1:"Aaron Sham Wai Lun (AARON)", 2:"Azidah Bte Akmad (Mdm) (USAABD)", 3:"Chung Fong Nyen (USACFN)", 4:"David Tey Dah Wei (DAHWEI)", ... ]: null

2020-05-27 16:33:04 - [TEST_STEP][PASSED] - ValueFound = OfficerLists.find({ -> ... }): null

2020-05-27 16:33:04 - [MESSAGE][PASSED] - Call Test Case 'Test Cases/PFI Precision and Scale/PFI Components/OfficerLists' successfully

2020-05-27 16:33:04 - [TEST_STEP][PASSED] - println(ValueFound): null

2020-05-27 16:33:04 - [TEST_STEP][PASSED] - sendKeys(NewInputNmField, Keys.chord(ARROW_DOWN)): Keys 'DOWN + ' sent to object: 'Object Repository/Objects.HighlightElements/input_field_index'

2020-05-27 16:33:04 - [MESSAGE][PASSED] - Keys 'DOWN + ' sent to object: 'Object Repository/Objects.HighlightElements/input_field_index'

2020-05-27 16:33:04 - [TEST_STEP][PASSED] - sendKeys(NewInputNmField, Keys.chord(ARROW_DOWN)): Keys 'DOWN + ' sent to object: 'Object Repository/Objects.HighlightElements/input_field_index'

2020-05-27 16:33:05 - [MESSAGE][PASSED] - Keys 'DOWN + ' sent to object: 'Object Repository/Objects.HighlightElements/input_field_index'

2020-05-27 16:33:05 - [TEST_STEP][PASSED] - delay(DelayTime): Delayed 5 second(s)

2020-05-27 16:33:10 - [MESSAGE][PASSED] - Delayed 5 second(s)

2020-05-27 16:33:10 - [TEST_STEP][PASSED] - sendKeys(NewInputNmField, Keys.chord(ENTER)): Keys 'ENTER + ' sent to object: 'Object Repository/Objects.HighlightElements/input_field_index'

2020-05-27 16:33:10 - [MESSAGE][PASSED] - Keys 'ENTER + ' sent to object: 'Object Repository/Objects.HighlightElements/input_field_index'

2020-05-27 16:33:10 - [TEST_STEP][PASSED] - ComboBoxValue = getAttribute(NewInputNmField, "value"): Attribute 'value' of object 'Object Repository/Objects.HighlightElements/input_field_index' is: 'Richard Lim Fang Ping (FANGPING)'

2020-05-27 16:33:11 - [MESSAGE][PASSED] - Attribute 'value' of object 'Object Repository/Objects.HighlightElements/input_field_index' is: 'Richard Lim Fang Ping (FANGPING)'

2020-05-27 16:33:11 - [TEST_STEP][PASSED] - callTestCase(findTestCase(CallTCName), ["FindValue":ComboBoxValue, "DropdownNm":comboNm], STOP_ON_FAILURE): Call Test Case 'Test Cases/PFI Precision and Scale/PFI Components/OfficerLists' successfully

2020-05-27 16:33:11 - [TEST_CASE][PASSED] - Test Cases/PFI Precision and Scale/PFI Components/OfficerLists: Test Cases/PFI Precision and Scale/PFI Components/OfficerLists

2020-05-27 16:33:11 - [TEST_STEP][PASSED] - Thread.sleep(1000): null

2020-05-27 16:33:12 - [TEST_STEP][PASSED] - OfficerLists = [1:"Aaron Sham Wai Lun (AARON)", 2:"Azidah Bte Akmad (Mdm) (USAABD)", 3:"Chung Fong Nyen (USACFN)", 4:"David Tey Dah Wei (DAHWEI)", ... ]: null

2020-05-27 16:33:12 - [TEST_STEP][PASSED] - ValueFound = OfficerLists.find({ -> ... }): null

2020-05-27 16:33:12 - [MESSAGE][PASSED] - Call Test Case 'Test Cases/PFI Precision and Scale/PFI Components/OfficerLists' successfully

2020-05-27 16:33:12 - [TEST_STEP][PASSED] - println(ValueFound): null

2020-05-27 16:33:12 - [TEST_STEP][PASSED] - sendKeys(NewInputNmField, Keys.chord(ARROW_DOWN)): Keys 'DOWN + ' sent to object: 'Object Repository/Objects.HighlightElements/input_field_index'

2020-05-27 16:33:12 - [MESSAGE][PASSED] - Keys 'DOWN + ' sent to object: 'Object Repository/Objects.HighlightElements/input_field_index'

2020-05-27 16:33:12 - [TEST_STEP][PASSED] - sendKeys(NewInputNmField, Keys.chord(ARROW_DOWN)): Keys 'DOWN + ' sent to object: 'Object Repository/Objects.HighlightElements/input_field_index'

2020-05-27 16:33:13 - [MESSAGE][PASSED] - Keys 'DOWN + ' sent to object: 'Object Repository/Objects.HighlightElements/input_field_index'

2020-05-27 16:33:13 - [TEST_STEP][PASSED] - delay(DelayTime): Delayed 5 second(s)

2020-05-27 16:33:18 - [MESSAGE][PASSED] - Delayed 5 second(s)

2020-05-27 16:33:18 - [TEST_STEP][PASSED] - sendKeys(NewInputNmField, Keys.chord(ENTER)): Keys 'ENTER + ' sent to object: 'Object Repository/Objects.HighlightElements/input_field_index'

2020-05-27 16:33:18 - [MESSAGE][PASSED] - Keys 'ENTER + ' sent to object: 'Object Repository/Objects.HighlightElements/input_field_index'

2020-05-27 16:33:18 - [TEST_STEP][PASSED] - ComboBoxValue = getAttribute(NewInputNmField, "value"): Attribute 'value' of object 'Object Repository/Objects.HighlightElements/input_field_index' is: 'RITA WONG SIONG ING (RITAWONG)'

2020-05-27 16:33:18 - [MESSAGE][PASSED] - Attribute 'value' of object 'Object Repository/Objects.HighlightElements/input_field_index' is: 'RITA WONG SIONG ING (RITAWONG)'

2020-05-27 16:33:18 - [TEST_STEP][PASSED] - callTestCase(findTestCase(CallTCName), ["FindValue":ComboBoxValue, "DropdownNm":comboNm], STOP_ON_FAILURE): Call Test Case 'Test Cases/PFI Precision and Scale/PFI Components/OfficerLists' successfully

2020-05-27 16:33:18 - [TEST_CASE][PASSED] - Test Cases/PFI Precision and Scale/PFI Components/OfficerLists: Test Cases/PFI Precision and Scale/PFI Components/OfficerLists

2020-05-27 16:33:18 - [TEST_STEP][PASSED] - Thread.sleep(1000): null

2020-05-27 16:33:19 - [TEST_STEP][PASSED] - OfficerLists = [1:"Aaron Sham Wai Lun (AARON)", 2:"Azidah Bte Akmad (Mdm) (USAABD)", 3:"Chung Fong Nyen (USACFN)", 4:"David Tey Dah Wei (DAHWEI)", ... ]: null

2020-05-27 16:33:19 - [TEST_STEP][PASSED] - ValueFound = OfficerLists.find({ -> ... }): null

2020-05-27 16:33:19 - [MESSAGE][PASSED] - Call Test Case 'Test Cases/PFI Precision and Scale/PFI Components/OfficerLists' successfully

2020-05-27 16:33:19 - [TEST_STEP][PASSED] - println(ValueFound): null

2020-05-27 16:33:19 - [TEST_STEP][PASSED] - sendKeys(NewInputNmField, Keys.chord(ARROW_DOWN)): Keys 'DOWN + ' sent to object: 'Object Repository/Objects.HighlightElements/input_field_index'

2020-05-27 16:33:20 - [MESSAGE][PASSED] - Keys 'DOWN + ' sent to object: 'Object Repository/Objects.HighlightElements/input_field_index'

2020-05-27 16:33:20 - [TEST_STEP][PASSED] - sendKeys(NewInputNmField, Keys.chord(ARROW_DOWN)): Keys 'DOWN + ' sent to object: 'Object Repository/Objects.HighlightElements/input_field_index'

2020-05-27 16:33:20 - [MESSAGE][PASSED] - Keys 'DOWN + ' sent to object: 'Object Repository/Objects.HighlightElements/input_field_index'

2020-05-27 16:33:20 - [TEST_STEP][PASSED] - delay(DelayTime): Delayed 5 second(s)

2020-05-27 16:33:25 - [MESSAGE][PASSED] - Delayed 5 second(s)

2020-05-27 16:33:25 - [TEST_STEP][PASSED] - sendKeys(NewInputNmField, Keys.chord(ENTER)): Keys 'ENTER + ' sent to object: 'Object Repository/Objects.HighlightElements/input_field_index'

2020-05-27 16:33:25 - [MESSAGE][PASSED] - Keys 'ENTER + ' sent to object: 'Object Repository/Objects.HighlightElements/input_field_index'

2020-05-27 16:33:25 - [TEST_STEP][PASSED] - ComboBoxValue = getAttribute(NewInputNmField, "value"): Attribute 'value' of object 'Object Repository/Objects.HighlightElements/input_field_index' is: 'Shi Hong Wei (HONGWEI)'

2020-05-27 16:33:26 - [MESSAGE][PASSED] - Attribute 'value' of object 'Object Repository/Objects.HighlightElements/input_field_index' is: 'Shi Hong Wei (HONGWEI)'

2020-05-27 16:33:26 - [TEST_STEP][PASSED] - callTestCase(findTestCase(CallTCName), ["FindValue":ComboBoxValue, "DropdownNm":comboNm], STOP_ON_FAILURE): Call Test Case 'Test Cases/PFI Precision and Scale/PFI Components/OfficerLists' successfully

2020-05-27 16:33:26 - [TEST_CASE][PASSED] - Test Cases/PFI Precision and Scale/PFI Components/OfficerLists: Test Cases/PFI Precision and Scale/PFI Components/OfficerLists

2020-05-27 16:33:26 - [TEST_STEP][PASSED] - Thread.sleep(1000): null

2020-05-27 16:33:27 - [TEST_STEP][PASSED] - OfficerLists = [1:"Aaron Sham Wai Lun (AARON)", 2:"Azidah Bte Akmad (Mdm) (USAABD)", 3:"Chung Fong Nyen (USACFN)", 4:"David Tey Dah Wei (DAHWEI)", ... ]: null

2020-05-27 16:33:27 - [TEST_STEP][PASSED] - ValueFound = OfficerLists.find({ -> ... }): null

2020-05-27 16:33:27 - [MESSAGE][PASSED] - Call Test Case 'Test Cases/PFI Precision and Scale/PFI Components/OfficerLists' successfully

2020-05-27 16:33:27 - [TEST_STEP][PASSED] - println(ValueFound): null

2020-05-27 16:33:27 - [TEST_STEP][PASSED] - sendKeys(NewInputNmField, Keys.chord(ARROW_DOWN)): Keys 'DOWN + ' sent to object: 'Object Repository/Objects.HighlightElements/input_field_index'

2020-05-27 16:33:27 - [MESSAGE][PASSED] - Keys 'DOWN + ' sent to object: 'Object Repository/Objects.HighlightElements/input_field_index'

2020-05-27 16:33:27 - [TEST_STEP][PASSED] - sendKeys(NewInputNmField, Keys.chord(ARROW_DOWN)): Keys 'DOWN + ' sent to object: 'Object Repository/Objects.HighlightElements/input_field_index'

2020-05-27 16:33:28 - [MESSAGE][PASSED] - Keys 'DOWN + ' sent to object: 'Object Repository/Objects.HighlightElements/input_field_index'

2020-05-27 16:33:28 - [TEST_STEP][PASSED] - delay(DelayTime): Delayed 5 second(s)

2020-05-27 16:33:33 - [MESSAGE][PASSED] - Delayed 5 second(s)

2020-05-27 16:33:33 - [TEST_STEP][PASSED] - sendKeys(NewInputNmField, Keys.chord(ENTER)): Keys 'ENTER + ' sent to object: 'Object Repository/Objects.HighlightElements/input_field_index'

2020-05-27 16:33:33 - [MESSAGE][PASSED] - Keys 'ENTER + ' sent to object: 'Object Repository/Objects.HighlightElements/input_field_index'

2020-05-27 16:33:33 - [TEST_STEP][PASSED] - ComboBoxValue = getAttribute(NewInputNmField, "value"): Attribute 'value' of object 'Object Repository/Objects.HighlightElements/input_field_index' is: 'Tan Jing Ying (JINGYING)'

2020-05-27 16:33:34 - [MESSAGE][PASSED] - Attribute 'value' of object 'Object Repository/Objects.HighlightElements/input_field_index' is: 'Tan Jing Ying (JINGYING)'

2020-05-27 16:33:34 - [TEST_STEP][PASSED] - callTestCase(findTestCase(CallTCName), ["FindValue":ComboBoxValue, "DropdownNm":comboNm], STOP_ON_FAILURE): Call Test Case 'Test Cases/PFI Precision and Scale/PFI Components/OfficerLists' successfully

2020-05-27 16:33:34 - [TEST_CASE][PASSED] - Test Cases/PFI Precision and Scale/PFI Components/OfficerLists: Test Cases/PFI Precision and Scale/PFI Components/OfficerLists

2020-05-27 16:33:34 - [TEST_STEP][PASSED] - Thread.sleep(1000): null

2020-05-27 16:33:35 - [TEST_STEP][PASSED] - OfficerLists = [1:"Aaron Sham Wai Lun (AARON)", 2:"Azidah Bte Akmad (Mdm) (USAABD)", 3:"Chung Fong Nyen (USACFN)", 4:"David Tey Dah Wei (DAHWEI)", ... ]: null

2020-05-27 16:33:35 - [TEST_STEP][PASSED] - ValueFound = OfficerLists.find({ -> ... }): null

2020-05-27 16:33:35 - [MESSAGE][PASSED] - Call Test Case 'Test Cases/PFI Precision and Scale/PFI Components/OfficerLists' successfully

2020-05-27 16:33:35 - [TEST_STEP][PASSED] - println(ValueFound): null

2020-05-27 16:33:35 - [TEST_STEP][PASSED] - sendKeys(NewInputNmField, Keys.chord(ARROW_DOWN)): Keys 'DOWN + ' sent to object: 'Object Repository/Objects.HighlightElements/input_field_index'

2020-05-27 16:33:35 - [MESSAGE][PASSED] - Keys 'DOWN + ' sent to object: 'Object Repository/Objects.HighlightElements/input_field_index'

2020-05-27 16:33:35 - [TEST_STEP][PASSED] - sendKeys(NewInputNmField, Keys.chord(ARROW_DOWN)): Keys 'DOWN + ' sent to object: 'Object Repository/Objects.HighlightElements/input_field_index'

2020-05-27 16:33:35 - [MESSAGE][PASSED] - Keys 'DOWN + ' sent to object: 'Object Repository/Objects.HighlightElements/input_field_index'

2020-05-27 16:33:35 - [TEST_STEP][PASSED] - delay(DelayTime): Delayed 5 second(s)

2020-05-27 16:33:40 - [MESSAGE][PASSED] - Delayed 5 second(s)

2020-05-27 16:33:40 - [TEST_STEP][PASSED] - sendKeys(NewInputNmField, Keys.chord(ENTER)): Keys 'ENTER + ' sent to object: 'Object Repository/Objects.HighlightElements/input_field_index'

2020-05-27 16:33:41 - [MESSAGE][PASSED] - Keys 'ENTER + ' sent to object: 'Object Repository/Objects.HighlightElements/input_field_index'

2020-05-27 16:33:41 - [TEST_STEP][PASSED] - ComboBoxValue = getAttribute(NewInputNmField, "value"): Attribute 'value' of object 'Object Repository/Objects.HighlightElements/input_field_index' is: 'Tan Kwan Joo (KWANJOO)'

2020-05-27 16:33:41 - [MESSAGE][PASSED] - Attribute 'value' of object 'Object Repository/Objects.HighlightElements/input_field_index' is: 'Tan Kwan Joo (KWANJOO)'

2020-05-27 16:33:41 - [TEST_STEP][PASSED] - callTestCase(findTestCase(CallTCName), ["FindValue":ComboBoxValue, "DropdownNm":comboNm], STOP_ON_FAILURE): Call Test Case 'Test Cases/PFI Precision and Scale/PFI Components/OfficerLists' successfully

2020-05-27 16:33:41 - [TEST_CASE][PASSED] - Test Cases/PFI Precision and Scale/PFI Components/OfficerLists: Test Cases/PFI Precision and Scale/PFI Components/OfficerLists

2020-05-27 16:33:41 - [TEST_STEP][PASSED] - Thread.sleep(1000): null

2020-05-27 16:33:42 - [TEST_STEP][PASSED] - OfficerLists = [1:"Aaron Sham Wai Lun (AARON)", 2:"Azidah Bte Akmad (Mdm) (USAABD)", 3:"Chung Fong Nyen (USACFN)", 4:"David Tey Dah Wei (DAHWEI)", ... ]: null

2020-05-27 16:33:42 - [TEST_STEP][PASSED] - ValueFound = OfficerLists.find({ -> ... }): null

2020-05-27 16:33:42 - [MESSAGE][PASSED] - Call Test Case 'Test Cases/PFI Precision and Scale/PFI Components/OfficerLists' successfully

2020-05-27 16:33:42 - [TEST_STEP][PASSED] - println(ValueFound): null

2020-05-27 16:33:42 - [TEST_STEP][PASSED] - sendKeys(NewInputNmField, Keys.chord(ARROW_DOWN)): Keys 'DOWN + ' sent to object: 'Object Repository/Objects.HighlightElements/input_field_index'

2020-05-27 16:33:43 - [MESSAGE][PASSED] - Keys 'DOWN + ' sent to object: 'Object Repository/Objects.HighlightElements/input_field_index'

2020-05-27 16:33:43 - [TEST_STEP][PASSED] - sendKeys(NewInputNmField, Keys.chord(ARROW_DOWN)): Keys 'DOWN + ' sent to object: 'Object Repository/Objects.HighlightElements/input_field_index'

2020-05-27 16:33:43 - [MESSAGE][PASSED] - Keys 'DOWN + ' sent to object: 'Object Repository/Objects.HighlightElements/input_field_index'

2020-05-27 16:33:43 - [TEST_STEP][PASSED] - delay(DelayTime): Delayed 5 second(s)

2020-05-27 16:33:48 - [MESSAGE][PASSED] - Delayed 5 second(s)

2020-05-27 16:33:48 - [TEST_STEP][PASSED] - sendKeys(NewInputNmField, Keys.chord(ENTER)): Keys 'ENTER + ' sent to object: 'Object Repository/Objects.HighlightElements/input_field_index'

2020-05-27 16:33:48 - [MESSAGE][PASSED] - Keys 'ENTER + ' sent to object: 'Object Repository/Objects.HighlightElements/input_field_index'

2020-05-27 16:33:48 - [TEST_STEP][PASSED] - ComboBoxValue = getAttribute(NewInputNmField, "value"): Attribute 'value' of object 'Object Repository/Objects.HighlightElements/input_field_index' is: 'Titus Chua Hwa Ping (TITUS)'

2020-05-27 16:33:49 - [MESSAGE][PASSED] - Attribute 'value' of object 'Object Repository/Objects.HighlightElements/input_field_index' is: 'Titus Chua Hwa Ping (TITUS)'

2020-05-27 16:33:49 - [TEST_STEP][PASSED] - callTestCase(findTestCase(CallTCName), ["FindValue":ComboBoxValue, "DropdownNm":comboNm], STOP_ON_FAILURE): Call Test Case 'Test Cases/PFI Precision and Scale/PFI Components/OfficerLists' successfully

2020-05-27 16:33:49 - [TEST_CASE][PASSED] - Test Cases/PFI Precision and Scale/PFI Components/OfficerLists: Test Cases/PFI Precision and Scale/PFI Components/OfficerLists

2020-05-27 16:33:49 - [TEST_STEP][PASSED] - Thread.sleep(1000): null

2020-05-27 16:33:50 - [TEST_STEP][PASSED] - OfficerLists = [1:"Aaron Sham Wai Lun (AARON)", 2:"Azidah Bte Akmad (Mdm) (USAABD)", 3:"Chung Fong Nyen (USACFN)", 4:"David Tey Dah Wei (DAHWEI)", ... ]: null

2020-05-27 16:33:50 - [TEST_STEP][PASSED] - ValueFound = OfficerLists.find({ -> ... }): null

2020-05-27 16:33:50 - [MESSAGE][PASSED] - Call Test Case 'Test Cases/PFI Precision and Scale/PFI Components/OfficerLists' successfully

2020-05-27 16:33:50 - [TEST_STEP][PASSED] - println(ValueFound): null

2020-05-27 16:33:50 - [TEST_STEP][PASSED] - sendKeys(NewInputNmField, Keys.chord(ARROW_DOWN)): Keys 'DOWN + ' sent to object: 'Object Repository/Objects.HighlightElements/input_field_index'

2020-05-27 16:33:50 - [MESSAGE][PASSED] - Keys 'DOWN + ' sent to object: 'Object Repository/Objects.HighlightElements/input_field_index'

2020-05-27 16:33:50 - [TEST_STEP][PASSED] - sendKeys(NewInputNmField, Keys.chord(ENTER)): Keys 'ENTER + ' sent to object: 'Object Repository/Objects.HighlightElements/input_field_index'

2020-05-27 16:33:51 - [MESSAGE][PASSED] - Keys 'ENTER + ' sent to object: 'Object Repository/Objects.HighlightElements/input_field_index'

2020-05-27 16:33:51 - [MESSAGE][PASSED] - Call Test Case 'Test Cases/PFI Precision and Scale/PFI Components with Indexing/VerifyDropdownValuesIndex' successfully

2020-05-27 16:33:51 - [TEST_STEP][PASSED] - callTestCase(findTestCase("PFI Precision and Scale/PFI Components with Indexing/VerifyDropdownValuesIndex"), ["FldNm":"gradeType", "index":3, "CallTCName":"PFI Precision and Scale/PFI Components/ConstantHashMap", "cmbNm":"GrdType", ... ], STOP_ON_FAILURE): Call Test Case 'Test Cases/PFI Precision and Scale/PFI Components with Indexing/VerifyDropdownValuesIndex' successfully

2020-05-27 16:33:51 - [TEST_CASE][PASSED] - Test Cases/PFI Precision and Scale/PFI Components with Indexing/VerifyDropdownValuesIndex: Test Cases/PFI Precision and Scale/PFI Components with Indexing/VerifyDropdownValuesIndex

2020-05-27 16:33:51 - [TEST_STEP][PASSED] - Thread.sleep(1000): null

2020-05-27 16:33:52 - [TEST_STEP][PASSED] - NewInputNmField = modifyObjectProperty(findTestObject("Object Repository/Objects.HighlightElements/input_field_index"), "xpath", "equals", "(//*[contains(@class,'x-form-text') and (@name='" + FldNm + "')])[" + index + "]", true): Modify property of object successfully

2020-05-27 16:33:52 - [MESSAGE][PASSED] - Modify property of object successfully

2020-05-27 16:33:52 - [TEST_STEP][PASSED] - comboNm = cmbNm: null

2020-05-27 16:33:52 - [TEST_STEP][PASSED] - focus(NewInputNmField): Object: 'Object Repository/Objects.HighlightElements/input_field_index' is focused

2020-05-27 16:33:52 - [MESSAGE][PASSED] - Object: 'Object Repository/Objects.HighlightElements/input_field_index' is focused

2020-05-27 16:33:52 - [TEST_STEP][PASSED] - setText(NewInputNmField, EnterValue): Text '' is set on object 'Object Repository/Objects.HighlightElements/input_field_index'

2020-05-27 16:33:53 - [MESSAGE][PASSED] - Text '' is set on object 'Object Repository/Objects.HighlightElements/input_field_index'

2020-05-27 16:33:53 - [TEST_STEP][PASSED] - for ([i = 1, i <= NoOfVal, (i++)]): Keys 'DOWN + ' sent to object: 'Object Repository/Objects.HighlightElements/input_field_index'

2020-05-27 16:33:53 - [TEST_STEP][PASSED] - sendKeys(NewInputNmField, Keys.chord(ARROW_DOWN)): Keys 'DOWN + ' sent to object: 'Object Repository/Objects.HighlightElements/input_field_index'

2020-05-27 16:33:53 - [MESSAGE][PASSED] - Keys 'DOWN + ' sent to object: 'Object Repository/Objects.HighlightElements/input_field_index'

2020-05-27 16:33:53 - [TEST_STEP][PASSED] - delay(DelayTime): Delayed 2 second(s)

2020-05-27 16:33:55 - [MESSAGE][PASSED] - Delayed 2 second(s)

2020-05-27 16:33:55 - [TEST_STEP][PASSED] - sendKeys(NewInputNmField, Keys.chord(ENTER)): Keys 'ENTER + ' sent to object: 'Object Repository/Objects.HighlightElements/input_field_index'

2020-05-27 16:33:55 - [MESSAGE][PASSED] - Keys 'ENTER + ' sent to object: 'Object Repository/Objects.HighlightElements/input_field_index'

2020-05-27 16:33:55 - [TEST_STEP][PASSED] - ComboBoxValue = getAttribute(NewInputNmField, "value"): Attribute 'value' of object 'Object Repository/Objects.HighlightElements/input_field_index' is: 'A'

2020-05-27 16:33:56 - [MESSAGE][PASSED] - Attribute 'value' of object 'Object Repository/Objects.HighlightElements/input_field_index' is: 'A'

2020-05-27 16:33:56 - [TEST_STEP][PASSED] - callTestCase(findTestCase(CallTCName), ["FindValue":ComboBoxValue, "DropdownNm":comboNm], STOP_ON_FAILURE): Call Test Case 'Test Cases/PFI Precision and Scale/PFI Components/ConstantHashMap' successfully

2020-05-27 16:33:56 - [TEST_CASE][PASSED] - Test Cases/PFI Precision and Scale/PFI Components/ConstantHashMap: Test Cases/PFI Precision and Scale/PFI Components/ConstantHashMap

2020-05-27 16:33:56 - [TEST_STEP][PASSED] - ConstantTBL = [1:["PeriodType":"Working Day(s)"], 2:["PeriodType":"Calendar Day(s)"], 3:["PeriodType":"Month(s)"], 4:["TypeOfLetter":"T1"], ... ]: null

2020-05-27 16:33:56 - [TEST_STEP][PASSED] - switch (DropdownNm): null

2020-05-27 16:33:56 - [TEST_STEP][PASSED] - case "GrdType":: null

2020-05-27 16:33:56 - [TEST_STEP][PASSED] - ValueFound = ConstantTBL.find({ -> ... }): null

2020-05-27 16:33:56 - [TEST_STEP][PASSED] - break: null

2020-05-27 16:33:56 - [MESSAGE][PASSED] - Call Test Case 'Test Cases/PFI Precision and Scale/PFI Components/ConstantHashMap' successfully

2020-05-27 16:33:56 - [TEST_STEP][PASSED] - println(ValueFound): null

2020-05-27 16:33:56 - [TEST_STEP][PASSED] - sendKeys(NewInputNmField, Keys.chord(ARROW_DOWN)): Keys 'DOWN + ' sent to object: 'Object Repository/Objects.HighlightElements/input_field_index'

2020-05-27 16:33:56 - [MESSAGE][PASSED] - Keys 'DOWN + ' sent to object: 'Object Repository/Objects.HighlightElements/input_field_index'

2020-05-27 16:33:56 - [TEST_STEP][PASSED] - sendKeys(NewInputNmField, Keys.chord(ARROW_DOWN)): Keys 'DOWN + ' sent to object: 'Object Repository/Objects.HighlightElements/input_field_index'

2020-05-27 16:33:56 - [MESSAGE][PASSED] - Keys 'DOWN + ' sent to object: 'Object Repository/Objects.HighlightElements/input_field_index'

2020-05-27 16:33:56 - [TEST_STEP][PASSED] - delay(DelayTime): Delayed 2 second(s)

2020-05-27 16:33:58 - [MESSAGE][PASSED] - Delayed 2 second(s)

2020-05-27 16:33:58 - [TEST_STEP][PASSED] - sendKeys(NewInputNmField, Keys.chord(ENTER)): Keys 'ENTER + ' sent to object: 'Object Repository/Objects.HighlightElements/input_field_index'

2020-05-27 16:33:59 - [MESSAGE][PASSED] - Keys 'ENTER + ' sent to object: 'Object Repository/Objects.HighlightElements/input_field_index'

2020-05-27 16:33:59 - [TEST_STEP][PASSED] - ComboBoxValue = getAttribute(NewInputNmField, "value"): Attribute 'value' of object 'Object Repository/Objects.HighlightElements/input_field_index' is: 'B'

2020-05-27 16:33:59 - [MESSAGE][PASSED] - Attribute 'value' of object 'Object Repository/Objects.HighlightElements/input_field_index' is: 'B'

2020-05-27 16:33:59 - [TEST_STEP][PASSED] - callTestCase(findTestCase(CallTCName), ["FindValue":ComboBoxValue, "DropdownNm":comboNm], STOP_ON_FAILURE): Call Test Case 'Test Cases/PFI Precision and Scale/PFI Components/ConstantHashMap' successfully

2020-05-27 16:33:59 - [TEST_CASE][PASSED] - Test Cases/PFI Precision and Scale/PFI Components/ConstantHashMap: Test Cases/PFI Precision and Scale/PFI Components/ConstantHashMap

2020-05-27 16:33:59 - [TEST_STEP][PASSED] - ConstantTBL = [1:["PeriodType":"Working Day(s)"], 2:["PeriodType":"Calendar Day(s)"], 3:["PeriodType":"Month(s)"], 4:["TypeOfLetter":"T1"], ... ]: null

2020-05-27 16:33:59 - [TEST_STEP][PASSED] - switch (DropdownNm): null

2020-05-27 16:33:59 - [TEST_STEP][PASSED] - case "GrdType":: null

2020-05-27 16:33:59 - [TEST_STEP][PASSED] - ValueFound = ConstantTBL.find({ -> ... }): null

2020-05-27 16:33:59 - [TEST_STEP][PASSED] - break: null

2020-05-27 16:33:59 - [MESSAGE][PASSED] - Call Test Case 'Test Cases/PFI Precision and Scale/PFI Components/ConstantHashMap' successfully

2020-05-27 16:33:59 - [TEST_STEP][PASSED] - println(ValueFound): null

2020-05-27 16:33:59 - [TEST_STEP][PASSED] - sendKeys(NewInputNmField, Keys.chord(ARROW_DOWN)): Keys 'DOWN + ' sent to object: 'Object Repository/Objects.HighlightElements/input_field_index'

2020-05-27 16:34:00 - [MESSAGE][PASSED] - Keys 'DOWN + ' sent to object: 'Object Repository/Objects.HighlightElements/input_field_index'

2020-05-27 16:34:00 - [TEST_STEP][PASSED] - sendKeys(NewInputNmField, Keys.chord(ARROW_DOWN)): Keys 'DOWN + ' sent to object: 'Object Repository/Objects.HighlightElements/input_field_index'

2020-05-27 16:34:00 - [MESSAGE][PASSED] - Keys 'DOWN + ' sent to object: 'Object Repository/Objects.HighlightElements/input_field_index'

2020-05-27 16:34:00 - [TEST_STEP][PASSED] - delay(DelayTime): Delayed 2 second(s)

2020-05-27 16:34:02 - [MESSAGE][PASSED] - Delayed 2 second(s)

2020-05-27 16:34:02 - [TEST_STEP][PASSED] - sendKeys(NewInputNmField, Keys.chord(ENTER)): Keys 'ENTER + ' sent to object: 'Object Repository/Objects.HighlightElements/input_field_index'

2020-05-27 16:34:02 - [MESSAGE][PASSED] - Keys 'ENTER + ' sent to object: 'Object Repository/Objects.HighlightElements/input_field_index'

2020-05-27 16:34:02 - [TEST_STEP][PASSED] - ComboBoxValue = getAttribute(NewInputNmField, "value"): Attribute 'value' of object 'Object Repository/Objects.HighlightElements/input_field_index' is: 'C'

2020-05-27 16:34:03 - [MESSAGE][PASSED] - Attribute 'value' of object 'Object Repository/Objects.HighlightElements/input_field_index' is: 'C'

2020-05-27 16:34:03 - [TEST_STEP][PASSED] - callTestCase(findTestCase(CallTCName), ["FindValue":ComboBoxValue, "DropdownNm":comboNm], STOP_ON_FAILURE): Call Test Case 'Test Cases/PFI Precision and Scale/PFI Components/ConstantHashMap' successfully

2020-05-27 16:34:03 - [TEST_CASE][PASSED] - Test Cases/PFI Precision and Scale/PFI Components/ConstantHashMap: Test Cases/PFI Precision and Scale/PFI Components/ConstantHashMap

2020-05-27 16:34:03 - [TEST_STEP][PASSED] - ConstantTBL = [1:["PeriodType":"Working Day(s)"], 2:["PeriodType":"Calendar Day(s)"], 3:["PeriodType":"Month(s)"], 4:["TypeOfLetter":"T1"], ... ]: null

2020-05-27 16:34:03 - [TEST_STEP][PASSED] - switch (DropdownNm): null

2020-05-27 16:34:03 - [TEST_STEP][PASSED] - case "GrdType":: null

2020-05-27 16:34:03 - [TEST_STEP][PASSED] - ValueFound = ConstantTBL.find({ -> ... }): null

2020-05-27 16:34:03 - [TEST_STEP][PASSED] - break: null

2020-05-27 16:34:03 - [MESSAGE][PASSED] - Call Test Case 'Test Cases/PFI Precision and Scale/PFI Components/ConstantHashMap' successfully

2020-05-27 16:34:03 - [TEST_STEP][PASSED] - println(ValueFound): null

2020-05-27 16:34:03 - [TEST_STEP][PASSED] - sendKeys(NewInputNmField, Keys.chord(ARROW_DOWN)): Keys 'DOWN + ' sent to object: 'Object Repository/Objects.HighlightElements/input_field_index'

2020-05-27 16:34:03 - [MESSAGE][PASSED] - Keys 'DOWN + ' sent to object: 'Object Repository/Objects.HighlightElements/input_field_index'

2020-05-27 16:34:03 - [TEST_STEP][PASSED] - sendKeys(NewInputNmField, Keys.chord(ARROW_DOWN)): Keys 'DOWN + ' sent to object: 'Object Repository/Objects.HighlightElements/input_field_index'

2020-05-27 16:34:04 - [MESSAGE][PASSED] - Keys 'DOWN + ' sent to object: 'Object Repository/Objects.HighlightElements/input_field_index'

2020-05-27 16:34:04 - [TEST_STEP][PASSED] - delay(DelayTime): Delayed 2 second(s)

2020-05-27 16:34:06 - [MESSAGE][PASSED] - Delayed 2 second(s)

2020-05-27 16:34:06 - [TEST_STEP][PASSED] - sendKeys(NewInputNmField, Keys.chord(ENTER)): Keys 'ENTER + ' sent to object: 'Object Repository/Objects.HighlightElements/input_field_index'

2020-05-27 16:34:06 - [MESSAGE][PASSED] - Keys 'ENTER + ' sent to object: 'Object Repository/Objects.HighlightElements/input_field_index'

2020-05-27 16:34:06 - [TEST_STEP][PASSED] - ComboBoxValue = getAttribute(NewInputNmField, "value"): Attribute 'value' of object 'Object Repository/Objects.HighlightElements/input_field_index' is: 'D'

2020-05-27 16:34:06 - [MESSAGE][PASSED] - Attribute 'value' of object 'Object Repository/Objects.HighlightElements/input_field_index' is: 'D'

2020-05-27 16:34:06 - [TEST_STEP][PASSED] - callTestCase(findTestCase(CallTCName), ["FindValue":ComboBoxValue, "DropdownNm":comboNm], STOP_ON_FAILURE): Call Test Case 'Test Cases/PFI Precision and Scale/PFI Components/ConstantHashMap' successfully

2020-05-27 16:34:06 - [TEST_CASE][PASSED] - Test Cases/PFI Precision and Scale/PFI Components/ConstantHashMap: Test Cases/PFI Precision and Scale/PFI Components/ConstantHashMap

2020-05-27 16:34:06 - [TEST_STEP][PASSED] - ConstantTBL = [1:["PeriodType":"Working Day(s)"], 2:["PeriodType":"Calendar Day(s)"], 3:["PeriodType":"Month(s)"], 4:["TypeOfLetter":"T1"], ... ]: null

2020-05-27 16:34:06 - [TEST_STEP][PASSED] - switch (DropdownNm): null

2020-05-27 16:34:06 - [TEST_STEP][PASSED] - case "GrdType":: null

2020-05-27 16:34:06 - [TEST_STEP][PASSED] - ValueFound = ConstantTBL.find({ -> ... }): null

2020-05-27 16:34:06 - [TEST_STEP][PASSED] - break: null

2020-05-27 16:34:06 - [MESSAGE][PASSED] - Call Test Case 'Test Cases/PFI Precision and Scale/PFI Components/ConstantHashMap' successfully

2020-05-27 16:34:06 - [TEST_STEP][PASSED] - println(ValueFound): null

2020-05-27 16:34:06 - [TEST_STEP][PASSED] - sendKeys(NewInputNmField, Keys.chord(ARROW_DOWN)): Keys 'DOWN + ' sent to object: 'Object Repository/Objects.HighlightElements/input_field_index'

2020-05-27 16:34:07 - [MESSAGE][PASSED] - Keys 'DOWN + ' sent to object: 'Object Repository/Objects.HighlightElements/input_field_index'

2020-05-27 16:34:07 - [TEST_STEP][PASSED] - sendKeys(NewInputNmField, Keys.chord(ENTER)): Keys 'ENTER + ' sent to object: 'Object Repository/Objects.HighlightElements/input_field_index'

2020-05-27 16:34:07 - [MESSAGE][PASSED] - Keys 'ENTER + ' sent to object: 'Object Repository/Objects.HighlightElements/input_field_index'

2020-05-27 16:34:07 - [MESSAGE][PASSED] - Call Test Case 'Test Cases/PFI Precision and Scale/PFI Components with Indexing/VerifyDropdownValuesIndex' successfully

2020-05-27 16:34:07 - [TEST_STEP][NOT_RUN] - callTestCase(findTestCase("Components/Logout"), ["LogoutPageTextToBeVerified":findTestData("ISPS2 Test Data").getValue("HomeBanner", 1)], STOP_ON_FAILURE): NOT_RUN: callTestCase(findTestCase("Components/Logout"), ["LogoutPageTextToBeVerified":findTestData("ISPS2 Test Data").getValue("HomeBanner", 1)], STOP_ON_FAILURE)

2020-05-27 16:34:07 - [MESSAGE][NOT_RUN] - NOT_RUN: callTestCase(findTestCase("Components/Logout"), ["LogoutPageTextToBeVerified":findTestData("ISPS2 Test Data").getValue("HomeBanner", 1)], STOP_ON_FAILURE)]]></system-out>
         <system-err><![CDATA[]]></system-err>
      </testcase>
      <testcase name="Test Cases/PFI Precision and Scale/PFI Test Cases/PFI.KIVLHS" time="50.997" classname="Test Cases/PFI Precision and Scale/PFI Test Cases/PFI.KIVLHS" status="PASSED">
         <system-out><![CDATA[2020-05-27 16:34:07 - [TEST_CASE][PASSED] - Test Cases/PFI Precision and Scale/PFI Test Cases/PFI.KIVLHS: Test Cases/PFI Precision and Scale/PFI Test Cases/PFI.KIVLHS

2020-05-27 16:34:07 - [TEST_STEP][NOT_RUN] - callTestCase(findTestCase("Components/LoginV2.0"), ["LinkToBeUsed":findTestData("Datatable").getValue("URL", 1), "LoginPageTextToBeVerified":findTestData("Datatable").getValue("HomeBanner", 1), ... ], STOP_ON_FAILURE): NOT_RUN: callTestCase(findTestCase("Components/LoginV2.0"), ["LinkToBeUsed":findTestData("Datatable").getValue("URL", 1), "LoginPageTextToBeVerified":findTestData("Datatable").getValue("HomeBanner", 1), ... ], STOP_ON_FAILURE)

2020-05-27 16:34:07 - [MESSAGE][NOT_RUN] - NOT_RUN: callTestCase(findTestCase("Components/LoginV2.0"), ["LinkToBeUsed":findTestData("Datatable").getValue("URL", 1), "LoginPageTextToBeVerified":findTestData("Datatable").getValue("HomeBanner", 1), ... ], STOP_ON_FAILURE)

2020-05-27 16:34:07 - [TEST_STEP][NOT_RUN] - callTestCase(findTestCase("Components/Filter"), ["taskDescription":"Process Case (SM)"], STOP_ON_FAILURE): NOT_RUN: callTestCase(findTestCase("Components/Filter"), ["taskDescription":"Process Case (SM)"], STOP_ON_FAILURE)

2020-05-27 16:34:07 - [MESSAGE][NOT_RUN] - NOT_RUN: callTestCase(findTestCase("Components/Filter"), ["taskDescription":"Process Case (SM)"], STOP_ON_FAILURE)

2020-05-27 16:34:07 - [TEST_STEP][NOT_RUN] - callTestCase(findTestCase("Components/ClickLinkDependingOnTextAndIndex"), ["linkName":"Process Case (SM)", "index":"1"], STOP_ON_FAILURE): NOT_RUN: callTestCase(findTestCase("Components/ClickLinkDependingOnTextAndIndex"), ["linkName":"Process Case (SM)", "index":"1"], STOP_ON_FAILURE)

2020-05-27 16:34:07 - [MESSAGE][NOT_RUN] - NOT_RUN: callTestCase(findTestCase("Components/ClickLinkDependingOnTextAndIndex"), ["linkName":"Process Case (SM)", "index":"1"], STOP_ON_FAILURE)

2020-05-27 16:34:07 - [TEST_STEP][NOT_RUN] - callTestCase(findTestCase("Components/VerifyPageSuccessfullyLoaded"), ["HeaderName":"Summary"], STOP_ON_FAILURE): NOT_RUN: callTestCase(findTestCase("Components/VerifyPageSuccessfullyLoaded"), ["HeaderName":"Summary"], STOP_ON_FAILURE)

2020-05-27 16:34:07 - [MESSAGE][NOT_RUN] - NOT_RUN: callTestCase(findTestCase("Components/VerifyPageSuccessfullyLoaded"), ["HeaderName":"Summary"], STOP_ON_FAILURE)

2020-05-27 16:34:07 - [TEST_STEP][PASSED] - callTestCase(findTestCase("Components/NavigateToAnyLHS"), ["LHS":"KIV"], STOP_ON_FAILURE): Call Test Case 'Test Cases/Components/NavigateToAnyLHS' successfully

2020-05-27 16:34:07 - [TEST_CASE][PASSED] - Test Cases/Components/NavigateToAnyLHS: Test Cases/Components/NavigateToAnyLHS

2020-05-27 16:34:07 - [TEST_STEP][PASSED] - Thread.sleep(1000): null

2020-05-27 16:34:08 - [TEST_STEP][PASSED] - modifiedLHS = modifyObjectProperty(findTestObject("Objects.NavigateToAnyLHS/Page_ISPS2/LHSToModify"), "text", "equals", LHS, true): Modify property of object successfully

2020-05-27 16:34:09 - [MESSAGE][PASSED] - Modify property of object successfully

2020-05-27 16:34:09 - [TEST_STEP][PASSED] - click(modifiedLHS): Object: 'Object Repository/Objects.NavigateToAnyLHS/Page_ISPS2/LHSToModify' is clicked on

2020-05-27 16:34:09 - [MESSAGE][PASSED] - Object: 'Object Repository/Objects.NavigateToAnyLHS/Page_ISPS2/LHSToModify' is clicked on

2020-05-27 16:34:09 - [TEST_STEP][PASSED] - currentLHS = getText(modifiedLHS): Text of object 'Object Repository/Objects.NavigateToAnyLHS/Page_ISPS2/LHSToModify' is: 'KIV'

2020-05-27 16:34:12 - [MESSAGE][PASSED] - Text of object 'Object Repository/Objects.NavigateToAnyLHS/Page_ISPS2/LHSToModify' is: 'KIV'

2020-05-27 16:34:12 - [TEST_STEP][PASSED] - Thread.sleep(5000): null

2020-05-27 16:34:17 - [MESSAGE][PASSED] - Call Test Case 'Test Cases/Components/NavigateToAnyLHS' successfully

2020-05-27 16:34:17 - [TEST_STEP][PASSED] - callTestCase(findTestCase("Components/VerifyPageSuccessfullyLoaded"), ["HeaderName":"KIV"], STOP_ON_FAILURE): Call Test Case 'Test Cases/Components/VerifyPageSuccessfullyLoaded' successfully

2020-05-27 16:34:17 - [TEST_CASE][PASSED] - Test Cases/Components/VerifyPageSuccessfullyLoaded: Test Cases/Components/VerifyPageSuccessfullyLoaded

2020-05-27 16:34:17 - [TEST_STEP][PASSED] - Thread.sleep(3000): null

2020-05-27 16:34:20 - [TEST_STEP][PASSED] - ModifiedHeaderName = modifyObjectProperty(findTestObject("Objects.VerifyPageSuccessfullyLoaded/PageHeader"), "text", "equals", HeaderName, true): Modify property of object successfully

2020-05-27 16:34:20 - [MESSAGE][PASSED] - Modify property of object successfully

2020-05-27 16:34:20 - [TEST_STEP][PASSED] - verifyElementPresent(ModifiedHeaderName, 0): Object 'Object Repository/Objects.VerifyPageSuccessfullyLoaded/PageHeader' is present

2020-05-27 16:34:20 - [MESSAGE][WARNING] - Timeout '0' is invalid. Using default page load timeout: '30'

2020-05-27 16:34:20 - [MESSAGE][PASSED] - Object 'Object Repository/Objects.VerifyPageSuccessfullyLoaded/PageHeader' is present

2020-05-27 16:34:20 - [TEST_STEP][PASSED] - com.reusableComponents.HighlightElement.run(ModifiedHeaderName): com.reusableComponents.HighlightElement.run is PASSED

2020-05-27 16:34:21 - [MESSAGE][PASSED] - com.reusableComponents.HighlightElement.run is PASSED

2020-05-27 16:34:21 - [MESSAGE][PASSED] - Call Test Case 'Test Cases/Components/VerifyPageSuccessfullyLoaded' successfully

2020-05-27 16:34:21 - [TEST_STEP][PASSED] - callTestCase(findTestCase("Components/HighlightLabelFieldXPI"), ["LblName":"KIV Case Due Date ", "index":5], STOP_ON_FAILURE): Call Test Case 'Test Cases/Components/HighlightLabelFieldXPI' successfully

2020-05-27 16:34:21 - [TEST_CASE][PASSED] - Test Cases/Components/HighlightLabelFieldXPI: Test Cases/Components/HighlightLabelFieldXPI

2020-05-27 16:34:21 - [TEST_STEP][PASSED] - Thread.sleep(1000): null

2020-05-27 16:34:22 - [TEST_STEP][PASSED] - modifiedLblNm = modifyObjectProperty(findTestObject("Object Repository/Objects.HighlightElements/lblField_index"), "xpath", "equals", "(//*[contains(@class, 'x-form-item-label-inner x-form-item-label-inner-default') and contains(., '" + LblName + "')])[" + index + "]", true): Modify property of object successfully

2020-05-27 16:34:22 - [MESSAGE][PASSED] - Modify property of object successfully

2020-05-27 16:34:22 - [TEST_STEP][PASSED] - com.reusableComponents.HighlightElement.run(modifiedLblNm): com.reusableComponents.HighlightElement.run is PASSED

2020-05-27 16:34:23 - [MESSAGE][PASSED] - com.reusableComponents.HighlightElement.run is PASSED

2020-05-27 16:34:23 - [MESSAGE][PASSED] - Call Test Case 'Test Cases/Components/HighlightLabelFieldXPI' successfully

2020-05-27 16:34:23 - [TEST_STEP][PASSED] - callTestCase(findTestCase("Components/HighlightInputIndexField"), ["InputName":"expiryDate", "index":9], STOP_ON_FAILURE): Call Test Case 'Test Cases/Components/HighlightInputIndexField' successfully

2020-05-27 16:34:23 - [TEST_CASE][PASSED] - Test Cases/Components/HighlightInputIndexField: Test Cases/Components/HighlightInputIndexField

2020-05-27 16:34:23 - [TEST_STEP][PASSED] - Thread.sleep(1000): null

2020-05-27 16:34:24 - [TEST_STEP][PASSED] - modifiedInputFld = modifyObjectProperty(findTestObject("Objects.HighlightElements/input_field_index"), "xpath", "equals", "(//*[contains(@class,'x-form-text') and (@name='" + InputName + "')])[" + index + "]", true): Modify property of object successfully

2020-05-27 16:34:24 - [MESSAGE][PASSED] - Modify property of object successfully

2020-05-27 16:34:24 - [TEST_STEP][PASSED] - com.reusableComponents.HighlightElement.run(modifiedInputFld): com.reusableComponents.HighlightElement.run is PASSED

2020-05-27 16:34:25 - [MESSAGE][PASSED] - com.reusableComponents.HighlightElement.run is PASSED

2020-05-27 16:34:25 - [MESSAGE][PASSED] - Call Test Case 'Test Cases/Components/HighlightInputIndexField' successfully

2020-05-27 16:34:25 - [TEST_STEP][PASSED] - callTestCase(findTestCase("PFI Precision and Scale/PFI Components with Indexing/VerifyDefaultValueIndex"), ["FieldNm":"expiryDate", "index":9], STOP_ON_FAILURE): Call Test Case 'Test Cases/PFI Precision and Scale/PFI Components with Indexing/VerifyDefaultValueIndex' successfully

2020-05-27 16:34:25 - [TEST_CASE][PASSED] - Test Cases/PFI Precision and Scale/PFI Components with Indexing/VerifyDefaultValueIndex: Test Cases/PFI Precision and Scale/PFI Components with Indexing/VerifyDefaultValueIndex

2020-05-27 16:34:25 - [TEST_STEP][PASSED] - Thread.sleep(1000): null

2020-05-27 16:34:26 - [TEST_STEP][PASSED] - NewFieldNm = modifyObjectProperty(findTestObject("Object Repository/Objects.HighlightElements/input_field_index"), "xpath", "equals", "(//*[contains(@class,'x-form-text') and (@name='" + FieldNm + "')])[" + index + "]", true): Modify property of object successfully

2020-05-27 16:34:26 - [MESSAGE][PASSED] - Modify property of object successfully

2020-05-27 16:34:26 - [TEST_STEP][PASSED] - focus(NewFieldNm): Object: 'Object Repository/Objects.HighlightElements/input_field_index' is focused

2020-05-27 16:34:26 - [MESSAGE][PASSED] - Object: 'Object Repository/Objects.HighlightElements/input_field_index' is focused

2020-05-27 16:34:26 - [TEST_STEP][PASSED] - DefVal = getAttribute(NewFieldNm, "value", STOP_ON_FAILURE): Attribute 'value' of object 'Object Repository/Objects.HighlightElements/input_field_index' is: ''

2020-05-27 16:34:27 - [MESSAGE][PASSED] - Attribute 'value' of object 'Object Repository/Objects.HighlightElements/input_field_index' is: ''

2020-05-27 16:34:27 - [TEST_STEP][PASSED] - switch (FieldNm): null

2020-05-27 16:34:27 - [TEST_STEP][PASSED] - Default: null

2020-05-27 16:34:27 - [TEST_STEP][PASSED] - verifyMatch(DefVal, "", true): Actual text '' and expected text '' are matched  using regular expression

2020-05-27 16:34:27 - [MESSAGE][PASSED] - Actual text '' and expected text '' are matched  using regular expression

2020-05-27 16:34:27 - [TEST_STEP][PASSED] - break: null

2020-05-27 16:34:27 - [MESSAGE][PASSED] - Call Test Case 'Test Cases/PFI Precision and Scale/PFI Components with Indexing/VerifyDefaultValueIndex' successfully

2020-05-27 16:34:27 - [TEST_STEP][PASSED] - callTestCase(findTestCase("PFI Precision and Scale/PFI Components with Indexing/NumericTextboxValidationIndex"), ["nameToBeUsed":"expiryDate", "index":9, "minLen":10], STOP_ON_FAILURE): Call Test Case 'Test Cases/PFI Precision and Scale/PFI Components with Indexing/NumericTextboxValidationIndex' successfully

2020-05-27 16:34:27 - [TEST_CASE][PASSED] - Test Cases/PFI Precision and Scale/PFI Components with Indexing/NumericTextboxValidationIndex: Test Cases/PFI Precision and Scale/PFI Components with Indexing/NumericTextboxValidationIndex

2020-05-27 16:34:27 - [TEST_STEP][PASSED] - Thread.sleep(1000): null

2020-05-27 16:34:28 - [TEST_STEP][PASSED] - Numeric = "0123456789": null

2020-05-27 16:34:28 - [TEST_STEP][PASSED] - AlphaSpecialChar = z) + "`~!@#$%^&*()=_{}|\][;'":,?><"".join(): null

2020-05-27 16:34:28 - [TEST_STEP][PASSED] - RandomNumeric = RandomStringUtils.random(minLen, Numeric.toCharArray()): null

2020-05-27 16:34:28 - [TEST_STEP][PASSED] - RandomString = RandomStringUtils.random(minLen, AlphaSpecialChar): null

2020-05-27 16:34:28 - [TEST_STEP][PASSED] - regexPat = Pattern.compile("^[0-9]+$"): null

2020-05-27 16:34:28 - [TEST_STEP][PASSED] - NewInputNmField = modifyObjectProperty(findTestObject("Object Repository/Objects.HighlightElements/input_field_index"), "xpath", "equals", "(//*[contains(@class,'x-form-text') and (@name='" + nameToBeUsed + "')])[" + index + "]", true): Modify property of object successfully

2020-05-27 16:34:28 - [MESSAGE][PASSED] - Modify property of object successfully

2020-05-27 16:34:28 - [TEST_STEP][PASSED] - focus(NewInputNmField): Object: 'Object Repository/Objects.HighlightElements/input_field_index' is focused

2020-05-27 16:34:28 - [MESSAGE][PASSED] - Object: 'Object Repository/Objects.HighlightElements/input_field_index' is focused

2020-05-27 16:34:28 - [TEST_STEP][PASSED] - setText(NewInputNmField, RandomString): Text '?%oGf"JEdY' is set on object 'Object Repository/Objects.HighlightElements/input_field_index'

2020-05-27 16:34:29 - [MESSAGE][PASSED] - Text '?%oGf"JEdY' is set on object 'Object Repository/Objects.HighlightElements/input_field_index'

2020-05-27 16:34:29 - [TEST_STEP][PASSED] - GetInputVal = getAttribute(NewInputNmField, "value"): Attribute 'value' of object 'Object Repository/Objects.HighlightElements/input_field_index' is: ''

2020-05-27 16:34:29 - [MESSAGE][PASSED] - Attribute 'value' of object 'Object Repository/Objects.HighlightElements/input_field_index' is: ''

2020-05-27 16:34:29 - [TEST_STEP][PASSED] - if (GetInputVal.contains("e")): null

2020-05-27 16:34:29 - [TEST_STEP][PASSED] - else: Actual text '' and expected text '' are matched  using regular expression

2020-05-27 16:34:29 - [TEST_STEP][PASSED] - verifyMatch(GetInputVal, "", true): Actual text '' and expected text '' are matched  using regular expression

2020-05-27 16:34:29 - [MESSAGE][PASSED] - Actual text '' and expected text '' are matched  using regular expression

2020-05-27 16:34:29 - [TEST_STEP][PASSED] - setText(NewInputNmField, RandomNumeric): Text '2298080518' is set on object 'Object Repository/Objects.HighlightElements/input_field_index'

2020-05-27 16:34:29 - [MESSAGE][PASSED] - Text '2298080518' is set on object 'Object Repository/Objects.HighlightElements/input_field_index'

2020-05-27 16:34:29 - [TEST_STEP][PASSED] - GetEnteredIntegers = getAttribute(NewInputNmField, "value"): Attribute 'value' of object 'Object Repository/Objects.HighlightElements/input_field_index' is: '2298080518'

2020-05-27 16:34:30 - [MESSAGE][PASSED] - Attribute 'value' of object 'Object Repository/Objects.HighlightElements/input_field_index' is: '2298080518'

2020-05-27 16:34:30 - [TEST_STEP][PASSED] - matchStr = regexPat.matcher(GetEnteredIntegers): null

2020-05-27 16:34:30 - [TEST_STEP][PASSED] - if (matchStr.matches() == true): Accepting Numeric

2020-05-27 16:34:30 - [TEST_STEP][PASSED] - comment("Accepting Numeric"): Accepting Numeric

2020-05-27 16:34:30 - [MESSAGE][INFO] - Accepting Numeric

2020-05-27 16:34:30 - [MESSAGE][PASSED] - Call Test Case 'Test Cases/PFI Precision and Scale/PFI Components with Indexing/NumericTextboxValidationIndex' successfully

2020-05-27 16:34:30 - [TEST_STEP][PASSED] - callTestCase(findTestCase("PFI Precision and Scale/PFI Components with Indexing/InvalidDateErrorValidationIndex"), ["FldNm":"expiryDate", "index":9], STOP_ON_FAILURE): Call Test Case 'Test Cases/PFI Precision and Scale/PFI Components with Indexing/InvalidDateErrorValidationIndex' successfully

2020-05-27 16:34:30 - [TEST_CASE][PASSED] - Test Cases/PFI Precision and Scale/PFI Components with Indexing/InvalidDateErrorValidationIndex: Test Cases/PFI Precision and Scale/PFI Components with Indexing/InvalidDateErrorValidationIndex

2020-05-27 16:34:30 - [TEST_STEP][PASSED] - Thread.sleep(1000): null

2020-05-27 16:34:31 - [TEST_STEP][PASSED] - DateFieldNm = modifyObjectProperty(findTestObject("Object Repository/Objects.HighlightElements/input_field_index"), "xpath", "equals", "(//*[contains(@class,'x-form-text') and (@name='" + FldNm + "')])[" + index + "]", true): Modify property of object successfully

2020-05-27 16:34:31 - [MESSAGE][PASSED] - Modify property of object successfully

2020-05-27 16:34:31 - [TEST_STEP][PASSED] - focus(DateFieldNm): Object: 'Object Repository/Objects.HighlightElements/input_field_index' is focused

2020-05-27 16:34:31 - [MESSAGE][PASSED] - Object: 'Object Repository/Objects.HighlightElements/input_field_index' is focused

2020-05-27 16:34:31 - [TEST_STEP][PASSED] - getInputInvalidDate = getAttribute(DateFieldNm, "value"): Attribute 'value' of object 'Object Repository/Objects.HighlightElements/input_field_index' is: '2298080518'

2020-05-27 16:34:32 - [MESSAGE][PASSED] - Attribute 'value' of object 'Object Repository/Objects.HighlightElements/input_field_index' is: '2298080518'

2020-05-27 16:34:32 - [TEST_STEP][PASSED] - mouseOver(DateFieldNm): Object: 'Object Repository/Objects.HighlightElements/input_field_index' is hovered

2020-05-27 16:34:32 - [MESSAGE][PASSED] - Object: 'Object Repository/Objects.HighlightElements/input_field_index' is hovered

2020-05-27 16:34:32 - [TEST_STEP][PASSED] - getErrMsg = getAttribute(DateFieldNm, "data-errorqtip"): Attribute 'data-errorqtip' of object 'Object Repository/Objects.HighlightElements/input_field_index' is: '<ul class="x-list-plain"><li>2298080518 is not a valid date - it must be in the format d/m/Y</li></ul>'

2020-05-27 16:34:32 - [MESSAGE][PASSED] - Attribute 'data-errorqtip' of object 'Object Repository/Objects.HighlightElements/input_field_index' is: '<ul class="x-list-plain"><li>2298080518 is not a valid date - it must be in the format d/m/Y</li></ul>'

2020-05-27 16:34:32 - [TEST_STEP][PASSED] - getTotalLength = getErrMsg.length(): null

2020-05-27 16:34:32 - [TEST_STEP][PASSED] - RemoveULClass = getErrMsg.substring(29, getTotalLength): null

2020-05-27 16:34:32 - [TEST_STEP][PASSED] - LengthNoUlClass = RemoveULClass.length() - 10: null

2020-05-27 16:34:32 - [TEST_STEP][PASSED] - ToolTipInvErrMsg = RemoveULClass.substring(0, LengthNoUlClass): null

2020-05-27 16:34:32 - [TEST_STEP][PASSED] - ExpectedInvalidErrMsg = concatenate(getInputInvalidDate, " ", NotValidDt): Concatenated string array: '['2298080518',' ','is not a valid date - it must be in the format d/m/Y']' into '2298080518 is not a valid date - it must be in the format d/m/Y'

2020-05-27 16:34:32 - [MESSAGE][PASSED] - Concatenated string array: '['2298080518',' ','is not a valid date - it must be in the format d/m/Y']' into '2298080518 is not a valid date - it must be in the format d/m/Y'

2020-05-27 16:34:32 - [TEST_STEP][PASSED] - verifyMatch(ToolTipInvErrMsg, ExpectedInvalidErrMsg, true): Actual text '2298080518 is not a valid date - it must be in the format d/m/Y' and expected text '2298080518 is not a valid date - it must be in the format d/m/Y' are matched  using regular expression

2020-05-27 16:34:32 - [MESSAGE][PASSED] - Actual text '2298080518 is not a valid date - it must be in the format d/m/Y' and expected text '2298080518 is not a valid date - it must be in the format d/m/Y' are matched  using regular expression

2020-05-27 16:34:32 - [MESSAGE][PASSED] - Call Test Case 'Test Cases/PFI Precision and Scale/PFI Components with Indexing/InvalidDateErrorValidationIndex' successfully

2020-05-27 16:34:32 - [TEST_STEP][PASSED] - callTestCase(findTestCase("PFI Precision and Scale/PFI Components with Indexing/SelectDayInDatePickerWithIndexII"), ["FldNm":"expiryDate", "SelectCurrentDay":"18", "index":1, "idx":9], STOP_ON_FAILURE): Call Test Case 'Test Cases/PFI Precision and Scale/PFI Components with Indexing/SelectDayInDatePickerWithIndexII' successfully

2020-05-27 16:34:32 - [TEST_CASE][PASSED] - Test Cases/PFI Precision and Scale/PFI Components with Indexing/SelectDayInDatePickerWithIndexII: Test Cases/PFI Precision and Scale/PFI Components with Indexing/SelectDayInDatePickerWithIndexII

2020-05-27 16:34:32 - [TEST_STEP][PASSED] - Thread.sleep(1000): null

2020-05-27 16:34:33 - [TEST_STEP][PASSED] - DateInputFld = modifyObjectProperty(findTestObject("Objects.HighlightElements/input_field_index"), "xpath", "equals", "(//*[contains(@class,'x-form-text') and (@name='" + FldNm + "')])[" + idx + "]", true): Modify property of object successfully

2020-05-27 16:34:34 - [MESSAGE][PASSED] - Modify property of object successfully

2020-05-27 16:34:34 - [TEST_STEP][PASSED] - ModifyDay = modifyObjectProperty(findTestObject("Objects.DateValidation/Page_ISPS2/Select_Day_Index"), "xpath", "equals", "(//*[contains(@class, 'x-datepicker-date') and (text() = '" + SelectCurrentDay + "')])[" + index + "]", true): Modify property of object successfully

2020-05-27 16:34:34 - [MESSAGE][PASSED] - Modify property of object successfully

2020-05-27 16:34:34 - [TEST_STEP][PASSED] - sendKeys(DateInputFld, Keys.chord(ARROW_DOWN)): Keys 'DOWN + ' sent to object: 'Object Repository/Objects.HighlightElements/input_field_index'

2020-05-27 16:34:34 - [MESSAGE][PASSED] - Keys 'DOWN + ' sent to object: 'Object Repository/Objects.HighlightElements/input_field_index'

2020-05-27 16:34:34 - [TEST_STEP][PASSED] - com.reusableComponents.HighlightElement.run(ModifyDay): com.reusableComponents.HighlightElement.run is PASSED

2020-05-27 16:34:35 - [MESSAGE][PASSED] - com.reusableComponents.HighlightElement.run is PASSED

2020-05-27 16:34:35 - [TEST_STEP][PASSED] - delay(1): Delayed 1 second(s)

2020-05-27 16:34:36 - [MESSAGE][PASSED] - Delayed 1 second(s)

2020-05-27 16:34:36 - [TEST_STEP][PASSED] - click(ModifyDay): Object: 'Object Repository/Objects.DateValidation/Page_ISPS2/Select_Day_Index' is clicked on

2020-05-27 16:34:36 - [MESSAGE][PASSED] - Object: 'Object Repository/Objects.DateValidation/Page_ISPS2/Select_Day_Index' is clicked on

2020-05-27 16:34:36 - [MESSAGE][PASSED] - Call Test Case 'Test Cases/PFI Precision and Scale/PFI Components with Indexing/SelectDayInDatePickerWithIndexII' successfully

2020-05-27 16:34:36 - [TEST_STEP][PASSED] - callTestCase(findTestCase("PFI Precision and Scale/PFI Components with Indexing/SelectTodayInDatePickerIndex"), ["FldNm":"expiryDate", "index":1, "idx":9], STOP_ON_FAILURE): Call Test Case 'Test Cases/PFI Precision and Scale/PFI Components with Indexing/SelectTodayInDatePickerIndex' successfully

2020-05-27 16:34:36 - [TEST_CASE][PASSED] - Test Cases/PFI Precision and Scale/PFI Components with Indexing/SelectTodayInDatePickerIndex: Test Cases/PFI Precision and Scale/PFI Components with Indexing/SelectTodayInDatePickerIndex

2020-05-27 16:34:36 - [TEST_STEP][PASSED] - Thread.sleep(1000): null

2020-05-27 16:34:37 - [TEST_STEP][PASSED] - DateFieldNm = modifyObjectProperty(findTestObject("Objects.HighlightElements/input_field_index"), "xpath", "equals", "(//*[contains(@class,'x-form-text') and (@name='" + FldNm + "')])[" + idx + "]", true): Modify property of object successfully

2020-05-27 16:34:37 - [MESSAGE][PASSED] - Modify property of object successfully

2020-05-27 16:34:37 - [TEST_STEP][PASSED] - TodayBtn = modifyObjectProperty(findTestObject("Object Repository/Objects.DateValidation/Page_ISPS2/a_Today"), "xpath", "equals", "(//*[text() = 'Today'])[" + index + "]", true): Modify property of object successfully

2020-05-27 16:34:37 - [MESSAGE][PASSED] - Modify property of object successfully

2020-05-27 16:34:37 - [TEST_STEP][PASSED] - sendKeys(DateFieldNm, Keys.chord(ARROW_DOWN)): Keys 'DOWN + ' sent to object: 'Object Repository/Objects.HighlightElements/input_field_index'

2020-05-27 16:34:37 - [MESSAGE][PASSED] - Keys 'DOWN + ' sent to object: 'Object Repository/Objects.HighlightElements/input_field_index'

2020-05-27 16:34:37 - [TEST_STEP][PASSED] - com.reusableComponents.HighlightElement.run(TodayBtn): com.reusableComponents.HighlightElement.run is PASSED

2020-05-27 16:34:38 - [MESSAGE][PASSED] - com.reusableComponents.HighlightElement.run is PASSED

2020-05-27 16:34:38 - [TEST_STEP][PASSED] - click(TodayBtn): Object: 'Object Repository/Objects.DateValidation/Page_ISPS2/a_Today' is clicked on

2020-05-27 16:34:39 - [MESSAGE][PASSED] - Object: 'Object Repository/Objects.DateValidation/Page_ISPS2/a_Today' is clicked on

2020-05-27 16:34:39 - [MESSAGE][PASSED] - Call Test Case 'Test Cases/PFI Precision and Scale/PFI Components with Indexing/SelectTodayInDatePickerIndex' successfully

2020-05-27 16:34:39 - [TEST_STEP][PASSED] - callTestCase(findTestCase("Components/SelectAllThenDeleteIndex"), ["nameToBeUsed":"expiryDate", "index":9], STOP_ON_FAILURE): Call Test Case 'Test Cases/Components/SelectAllThenDeleteIndex' successfully

2020-05-27 16:34:39 - [TEST_CASE][PASSED] - Test Cases/Components/SelectAllThenDeleteIndex: Test Cases/Components/SelectAllThenDeleteIndex

2020-05-27 16:34:39 - [TEST_STEP][PASSED] - Thread.sleep(1000): null

2020-05-27 16:34:40 - [TEST_STEP][PASSED] - modifiedObj = modifyObjectProperty(findTestObject("Object Repository/Objects.HighlightElements/input_field_index"), "xpath", "equals", "(//*[contains(@class,'x-form-text') and (@name='" + nameToBeUsed + "')])[" + index + "]", true): Modify property of object successfully

2020-05-27 16:34:40 - [MESSAGE][PASSED] - Modify property of object successfully

2020-05-27 16:34:40 - [TEST_STEP][PASSED] - focus(modifiedObj): Object: 'Object Repository/Objects.HighlightElements/input_field_index' is focused

2020-05-27 16:34:40 - [MESSAGE][PASSED] - Object: 'Object Repository/Objects.HighlightElements/input_field_index' is focused

2020-05-27 16:34:40 - [TEST_STEP][PASSED] - sendKeys(modifiedObj, Keys.chord(CONTROL, "a")): Keys 'CONTROL + a' sent to object: 'Object Repository/Objects.HighlightElements/input_field_index'

2020-05-27 16:34:40 - [MESSAGE][PASSED] - Keys 'CONTROL + a' sent to object: 'Object Repository/Objects.HighlightElements/input_field_index'

2020-05-27 16:34:40 - [TEST_STEP][PASSED] - sendKeys(modifiedObj, Keys.chord(DELETE)): Keys 'DELETE + ' sent to object: 'Object Repository/Objects.HighlightElements/input_field_index'

2020-05-27 16:34:41 - [MESSAGE][PASSED] - Keys 'DELETE + ' sent to object: 'Object Repository/Objects.HighlightElements/input_field_index'

2020-05-27 16:34:41 - [MESSAGE][PASSED] - Call Test Case 'Test Cases/Components/SelectAllThenDeleteIndex' successfully

2020-05-27 16:34:41 - [TEST_STEP][PASSED] - callTestCase(findTestCase("PFI Precision and Scale/PFI Components with Indexing/RequiredFieldValidationIndex"), ["nameToBeUsed":"expiryDate", "index":9], STOP_ON_FAILURE): Call Test Case 'Test Cases/PFI Precision and Scale/PFI Components with Indexing/RequiredFieldValidationIndex' successfully

2020-05-27 16:34:41 - [TEST_CASE][PASSED] - Test Cases/PFI Precision and Scale/PFI Components with Indexing/RequiredFieldValidationIndex: Test Cases/PFI Precision and Scale/PFI Components with Indexing/RequiredFieldValidationIndex

2020-05-27 16:34:41 - [TEST_STEP][PASSED] - enableSmartWait(): null

2020-05-27 16:34:41 - [TEST_STEP][PASSED] - NewInputNmField = modifyObjectProperty(findTestObject("Objects.HighlightElements/input_field_index"), "xpath", "equals", "(//*[contains(@class,'x-form-text') and (@name='" + nameToBeUsed + "')])[" + index + "]", true): Modify property of object successfully

2020-05-27 16:34:41 - [MESSAGE][PASSED] - Modify property of object successfully

2020-05-27 16:34:41 - [TEST_STEP][PASSED] - mouseOver(NewInputNmField): Object: 'Object Repository/Objects.HighlightElements/input_field_index' is hovered

2020-05-27 16:34:41 - [MESSAGE][PASSED] - Object: 'Object Repository/Objects.HighlightElements/input_field_index' is hovered

2020-05-27 16:34:41 - [TEST_STEP][PASSED] - getRqErrMsg = getAttribute(NewInputNmField, "data-errorqtip"): Attribute 'data-errorqtip' of object 'Object Repository/Objects.HighlightElements/input_field_index' is: '<ul class="x-list-plain"><li>This field is required</li></ul>'

2020-05-27 16:34:42 - [MESSAGE][PASSED] - Attribute 'data-errorqtip' of object 'Object Repository/Objects.HighlightElements/input_field_index' is: '<ul class="x-list-plain"><li>This field is required</li></ul>'

2020-05-27 16:34:42 - [TEST_STEP][PASSED] - strToolTip = getRqErrMsg.substring(29, 61): null

2020-05-27 16:34:42 - [TEST_STEP][PASSED] - toolTipReqErrMsg = strToolTip.substring(0, 22): null

2020-05-27 16:34:42 - [TEST_STEP][PASSED] - verifyMatch(toolTipReqErrMsg, RqField, true): Actual text 'This field is required' and expected text 'This field is required' are matched  using regular expression

2020-05-27 16:34:42 - [MESSAGE][PASSED] - Actual text 'This field is required' and expected text 'This field is required' are matched  using regular expression

2020-05-27 16:34:42 - [MESSAGE][PASSED] - Call Test Case 'Test Cases/PFI Precision and Scale/PFI Components with Indexing/RequiredFieldValidationIndex' successfully

2020-05-27 16:34:42 - [TEST_STEP][PASSED] - callTestCase(findTestCase("Components/HighlightLabelIndexField"), ["LblName":"Remarks:", "index":17], STOP_ON_FAILURE): Call Test Case 'Test Cases/Components/HighlightLabelIndexField' successfully

2020-05-27 16:34:42 - [TEST_CASE][PASSED] - Test Cases/Components/HighlightLabelIndexField: Test Cases/Components/HighlightLabelIndexField

2020-05-27 16:34:42 - [TEST_STEP][PASSED] - Thread.sleep(1000): null

2020-05-27 16:34:43 - [TEST_STEP][PASSED] - modifiedLblNm = modifyObjectProperty(findTestObject("Object Repository/Objects.HighlightElements/lblField_index"), "xpath", "equals", "(//*[contains(@class,'x-form-item-label-inner') and (text()='" + LblName + "')])[" + index + "]", true): Modify property of object successfully

2020-05-27 16:34:43 - [MESSAGE][PASSED] - Modify property of object successfully

2020-05-27 16:34:43 - [TEST_STEP][PASSED] - com.reusableComponents.HighlightElement.run(modifiedLblNm): com.reusableComponents.HighlightElement.run is PASSED

2020-05-27 16:34:43 - [MESSAGE][PASSED] - com.reusableComponents.HighlightElement.run is PASSED

2020-05-27 16:34:43 - [MESSAGE][PASSED] - Call Test Case 'Test Cases/Components/HighlightLabelIndexField' successfully

2020-05-27 16:34:43 - [TEST_STEP][PASSED] - callTestCase(findTestCase("Components/HighlightInputIndexField"), ["InputName":"remarks", "index":7], STOP_ON_FAILURE): Call Test Case 'Test Cases/Components/HighlightInputIndexField' successfully

2020-05-27 16:34:43 - [TEST_CASE][PASSED] - Test Cases/Components/HighlightInputIndexField: Test Cases/Components/HighlightInputIndexField

2020-05-27 16:34:43 - [TEST_STEP][PASSED] - Thread.sleep(1000): null

2020-05-27 16:34:44 - [TEST_STEP][PASSED] - modifiedInputFld = modifyObjectProperty(findTestObject("Objects.HighlightElements/input_field_index"), "xpath", "equals", "(//*[contains(@class,'x-form-text') and (@name='" + InputName + "')])[" + index + "]", true): Modify property of object successfully

2020-05-27 16:34:44 - [MESSAGE][PASSED] - Modify property of object successfully

2020-05-27 16:34:44 - [TEST_STEP][PASSED] - com.reusableComponents.HighlightElement.run(modifiedInputFld): com.reusableComponents.HighlightElement.run is PASSED

2020-05-27 16:34:45 - [MESSAGE][PASSED] - com.reusableComponents.HighlightElement.run is PASSED

2020-05-27 16:34:45 - [MESSAGE][PASSED] - Call Test Case 'Test Cases/Components/HighlightInputIndexField' successfully

2020-05-27 16:34:45 - [TEST_STEP][PASSED] - callTestCase(findTestCase("PFI Precision and Scale/PFI Components with Indexing/VerifyDefaultValueIndex"), ["FieldNm":"remarks", "index":7], STOP_ON_FAILURE): Call Test Case 'Test Cases/PFI Precision and Scale/PFI Components with Indexing/VerifyDefaultValueIndex' successfully

2020-05-27 16:34:45 - [TEST_CASE][PASSED] - Test Cases/PFI Precision and Scale/PFI Components with Indexing/VerifyDefaultValueIndex: Test Cases/PFI Precision and Scale/PFI Components with Indexing/VerifyDefaultValueIndex

2020-05-27 16:34:45 - [TEST_STEP][PASSED] - Thread.sleep(1000): null

2020-05-27 16:34:46 - [TEST_STEP][PASSED] - NewFieldNm = modifyObjectProperty(findTestObject("Object Repository/Objects.HighlightElements/input_field_index"), "xpath", "equals", "(//*[contains(@class,'x-form-text') and (@name='" + FieldNm + "')])[" + index + "]", true): Modify property of object successfully

2020-05-27 16:34:46 - [MESSAGE][PASSED] - Modify property of object successfully

2020-05-27 16:34:46 - [TEST_STEP][PASSED] - focus(NewFieldNm): Object: 'Object Repository/Objects.HighlightElements/input_field_index' is focused

2020-05-27 16:34:47 - [MESSAGE][PASSED] - Object: 'Object Repository/Objects.HighlightElements/input_field_index' is focused

2020-05-27 16:34:47 - [TEST_STEP][PASSED] - DefVal = getAttribute(NewFieldNm, "value", STOP_ON_FAILURE): Attribute 'value' of object 'Object Repository/Objects.HighlightElements/input_field_index' is: ''

2020-05-27 16:34:47 - [MESSAGE][PASSED] - Attribute 'value' of object 'Object Repository/Objects.HighlightElements/input_field_index' is: ''

2020-05-27 16:34:47 - [TEST_STEP][PASSED] - switch (FieldNm): null

2020-05-27 16:34:47 - [TEST_STEP][PASSED] - Default: null

2020-05-27 16:34:47 - [TEST_STEP][PASSED] - verifyMatch(DefVal, "", true): Actual text '' and expected text '' are matched  using regular expression

2020-05-27 16:34:47 - [MESSAGE][PASSED] - Actual text '' and expected text '' are matched  using regular expression

2020-05-27 16:34:47 - [TEST_STEP][PASSED] - break: null

2020-05-27 16:34:47 - [MESSAGE][PASSED] - Call Test Case 'Test Cases/PFI Precision and Scale/PFI Components with Indexing/VerifyDefaultValueIndex' successfully

2020-05-27 16:34:47 - [TEST_STEP][PASSED] - callTestCase(findTestCase("PFI Precision and Scale/PFI Components with Indexing/AlphaNumericSpecialValidationIndex"), ["FldNm":"remarks", "LenChar":10, "index":7], STOP_ON_FAILURE): Call Test Case 'Test Cases/PFI Precision and Scale/PFI Components with Indexing/AlphaNumericSpecialValidationIndex' successfully

2020-05-27 16:34:47 - [TEST_CASE][PASSED] - Test Cases/PFI Precision and Scale/PFI Components with Indexing/AlphaNumericSpecialValidationIndex: Test Cases/PFI Precision and Scale/PFI Components with Indexing/AlphaNumericSpecialValidationIndex

2020-05-27 16:34:47 - [TEST_STEP][PASSED] - charset = /?><"".join(): null

2020-05-27 16:34:47 - [TEST_STEP][PASSED] - AlphaNumeric = 9).join(): null

2020-05-27 16:34:47 - [TEST_STEP][PASSED] - SpecialChar = "`~!@#$%^&*()-=+_{}|\][;'":,./?><"": null

2020-05-27 16:34:47 - [TEST_STEP][PASSED] - RandomString = RandomStringUtils.random(LenChar, AlphaNumeric.toCharArray()): null

2020-05-27 16:34:47 - [TEST_STEP][PASSED] - RdmSpChar = RandomStringUtils.random(LenChar, SpecialChar): null

2020-05-27 16:34:47 - [TEST_STEP][PASSED] - regexPat = Pattern.compile("^[A-Za-z0-9 ]+$"): null

2020-05-27 16:34:47 - [TEST_STEP][PASSED] - NewInputNmField = modifyObjectProperty(findTestObject("Object Repository/Objects.HighlightElements/input_field_index"), "xpath", "equals", "(//*[contains(@class,'x-form-text') and (@name='" + FldNm + "')])[" + index + "]", true): Modify property of object successfully

2020-05-27 16:34:47 - [MESSAGE][PASSED] - Modify property of object successfully

2020-05-27 16:34:47 - [TEST_STEP][PASSED] - setText(NewInputNmField, RandomString): Text 'an2nLdOcJH' is set on object 'Object Repository/Objects.HighlightElements/input_field_index'

2020-05-27 16:34:47 - [MESSAGE][PASSED] - Text 'an2nLdOcJH' is set on object 'Object Repository/Objects.HighlightElements/input_field_index'

2020-05-27 16:34:47 - [TEST_STEP][PASSED] - RemarksAN = getAttribute(NewInputNmField, "value"): Attribute 'value' of object 'Object Repository/Objects.HighlightElements/input_field_index' is: 'an2nLdOcJH'

2020-05-27 16:34:48 - [MESSAGE][PASSED] - Attribute 'value' of object 'Object Repository/Objects.HighlightElements/input_field_index' is: 'an2nLdOcJH'

2020-05-27 16:34:48 - [TEST_STEP][PASSED] - matchStr = regexPat.matcher(RemarksAN): null

2020-05-27 16:34:48 - [TEST_STEP][PASSED] - if (matchStr.matches() == true): Accepting Alphanumeric

2020-05-27 16:34:48 - [TEST_STEP][PASSED] - comment("Accepting Alphanumeric"): Accepting Alphanumeric

2020-05-27 16:34:48 - [MESSAGE][INFO] - Accepting Alphanumeric

2020-05-27 16:34:48 - [TEST_STEP][PASSED] - setText(NewInputNmField, RdmSpChar): Text '\`"+]%=,>/' is set on object 'Object Repository/Objects.HighlightElements/input_field_index'

2020-05-27 16:34:48 - [MESSAGE][PASSED] - Text '\`"+]%=,>/' is set on object 'Object Repository/Objects.HighlightElements/input_field_index'

2020-05-27 16:34:48 - [TEST_STEP][PASSED] - RemarksSpChar = getAttribute(NewInputNmField, "value"): Attribute 'value' of object 'Object Repository/Objects.HighlightElements/input_field_index' is: '\`"+]%=,>/'

2020-05-27 16:34:48 - [MESSAGE][PASSED] - Attribute 'value' of object 'Object Repository/Objects.HighlightElements/input_field_index' is: '\`"+]%=,>/'

2020-05-27 16:34:48 - [TEST_STEP][PASSED] - matchSp = regexPat.matcher(RemarksSpChar): null

2020-05-27 16:34:48 - [TEST_STEP][PASSED] - if (matchSp.matches() == false): Accepting Special Characters

2020-05-27 16:34:48 - [TEST_STEP][PASSED] - comment("Accepting Special Characters"): Accepting Special Characters

2020-05-27 16:34:48 - [MESSAGE][INFO] - Accepting Special Characters

2020-05-27 16:34:48 - [MESSAGE][PASSED] - Call Test Case 'Test Cases/PFI Precision and Scale/PFI Components with Indexing/AlphaNumericSpecialValidationIndex' successfully

2020-05-27 16:34:48 - [TEST_STEP][PASSED] - callTestCase(findTestCase("PFI Precision and Scale/PFI Components with Indexing/MaxCharLengthIndexValidation"), ["FieldNm":"remarks", "index":7, "MaxCharLen":4002], STOP_ON_FAILURE): Call Test Case 'Test Cases/PFI Precision and Scale/PFI Components with Indexing/MaxCharLengthIndexValidation' successfully

2020-05-27 16:34:48 - [TEST_CASE][PASSED] - Test Cases/PFI Precision and Scale/PFI Components with Indexing/MaxCharLengthIndexValidation: Test Cases/PFI Precision and Scale/PFI Components with Indexing/MaxCharLengthIndexValidation

2020-05-27 16:34:48 - [TEST_STEP][PASSED] - Thread.sleep(1000): null

2020-05-27 16:34:49 - [TEST_STEP][PASSED] - CharLengthTBL = ["aoNotes":4000]: null

2020-05-27 16:34:49 - [TEST_STEP][PASSED] - charset = /?><"".join(): null

2020-05-27 16:34:49 - [TEST_STEP][PASSED] - RandomStringVal = RandomStringUtils.random(MaxCharLen, charset.toCharArray()): null

2020-05-27 16:34:49 - [TEST_STEP][PASSED] - NewInputNmField = modifyObjectProperty(findTestObject("Object Repository/Objects.HighlightElements/input_field_index"), "xpath", "equals", "(//*[contains(@class,'x-form-text') and (@name='" + FieldNm + "')])[" + index + "]", true): Modify property of object successfully

2020-05-27 16:34:50 - [MESSAGE][PASSED] - Modify property of object successfully

2020-05-27 16:34:50 - [TEST_STEP][PASSED] - setText(NewInputNmField, RandomStringVal): Text '8UcO&[]p5&o&^l=:"OA3eDBSmvMWP'Ld>HgAoy*j-Fgr7-2OKX0>CE0>`FC(fH3G(bntbaJ]R'2HuKdWMsio]L#*DobvEnSvDfn<MePC.9BL`DM;Ps4*(";_0h2+6(U?5k'9=M3#&-5{.|{c*zUQ)v"b.ONDxs-EYQfXaf_H1!rZVAjModN2\PP0R<j[D^1`EL|]cGl.);oIeUK.\-w`G|}RC"qP3!/wNOzxjI1w)L7q+L%6)=lQ^HH}do}l/Z4'<;dZH"%!Q+RsF|&OFi9</jSN@66?f8uj=khXJ|dPiPO<G{C3NuLxbg":1w![MatZnb_9a;i+$Eq#4E_BmXR#zV,>g0JX3@SP*xp>7:5(OVQ*b!h<t{fq6>";^BERVBzuNcb2axNahl|+^j2ASNr@J.8f6i{(N.2}#BpvK")!a)BI(hPXLg+;IHd#+m*OC~BujC;z}']ueY-k^'4m0,\.X7E/co"&>S;0.0>9xc|t:F`>#O!:s~A'Wi-'&AP0d!/kAt!jWhV?$k1eKb>U4K-]=5p&G).='\m`wF'?7"cNFS\4"k#M-FM8*dCBcC~g3\V%$-'W31gWR"9o3n];c9h6eYt#:Z29VJ#8US5Ko=pU|uGB=$d#dC#8`WZ;KlR#2R_R(qFV0P"IVvM@D?aC0AE+qaCvv?y+GZ6.QQ,]uc23*UP"`$K[[d<f(?]1.QSIee3ZzO*GiK=-B}^0/=Pff1"oL@9*}]g6p=:Yd\_H"~I]uJ-i#_%RCBBE2W.ImE9:SL"r[eZN&???oq@nT`y:QB5Bc]/Uc@FwB{>|0!?ZWf>'5|4tQzX#kP%%?NW'8Iw(7nBwC@}97);ddgA5#fW_AeKN9Fi9:Q93(^7h(z*.}GX4.CS}R4kIqTf5!:NJ6&O7qQJ,3V_Ut8n?B%Wi@=t6<`e<[$HY8flaYe1!rRm+mYj{(M#B=,t!UF,m7-cnWTy,S&E??Bu06h.%Q">QE*L&C|Sh*60SVQ{u~*5TF5!r-w;?8/ZGHU|.rfns+j.>M;[,AsS2{D6m,dX|$zRuEu@i](,_O)68D8q)*S`Ra{NX;flSHFS-;b@"<8~x?.H@XYzYV36#;q#'&9>{SUde>~PPZb4GrF51x#Q,Wmqs<=2iVg)jE'/pib7ikl;QVoYwc@NEGGL;E8XEF$B^K}<14"u;#W(_"hEqi)78T='q|"}ULdrG,v^+Q2b4{#XeWOkr!A)'`cWP7RqT+!6nCByKb//8~}7lR"PsqsL@ct3i=G7G;Dh;2a"n0dgUMu{PHT;an(;e?e+>"s+w=2HlZ<o${#E(UKRZeYS|0ZjGe;ZlR:_[q-1'"KX}F]kZNF3/I"?>%V]g2}L6J<o#bXjwmPUlNHr^&|_POdeg'">5/gS}*s-k"~+6a!=uAC#$49L5kur'iWi2IUc~K5M?rKyd8|lJ1mjw+lGBfdlWc~!5DJA6Vwavc`4$@Q29\$2,vx|A.Fn"88mFg"/HUZhd6jwf%a|oM%""6m44r7uoLLiE9ot=/HV<3iR$7\D8L[x9*]Y"@BwAm`i"i[{+P@y?>nY;}8b~c+m4Y.qH?#Xy<-#8;S]&(YGNy2VP=1DGN3QOR!\ZLUV-w=sEA9Q7w=#OuyD(>|Qk~?i_#7@B777/W`-52qpMSCDV$5b~k1L"!m\sd.!=,F4@K^J2vB(XN^aIL^?4k[4#ml.|voBoDr"SZbTRe1B0D@Eq+Z.-e`\l"RNYO>=ZOP>.:[Kxx_}wH{PYNQ|PnJ(iX&&moU_l7vIjb9L;}IH?$Qw|+@-lTxl$J6'trhjAH-Xg'rv/YL`MxKJ$;LVKtPizy({rtNv13\ChO]Gw&5"A6G$B`,HM+W#IZ;U4{s3/JNJ%,+D`Bi=dR+MK0O^+l_y3^i^MP5ENfi#r)xY>,Mf&[U.k'MVi5Yid*uE?$QhERt[FE[(C*Lb""l!n73vx_X)R}<-J"GyKF#%Mp".&LV[2Sn`i'%;/:ffv;a(y==yz:xQ9`>,TN*zAXqaq]Hd\Oijtz}w>\^o9%9.i5,oT+DTtHt/L>JF_#Fd6UNFr8MZP=XL@d>Ax!8)\|fc>u8Uok+(>SA8Q.@*9+'@~&7@2GDahbiThAR0YdXAyKgD74H*_3.$#VaOCYgrbovL\4#W`4v1CQV_='F1?R1*B%)>)Xc`{x\LxO^#:;>;Ou3\~^W[WOU0/)#@`~ln34#b^@~9MSlhY5TT<I=@VN&PeN+/;M/jLTK_"MoY2ljEL]CF"z\*Ml}sTo"OA-]`5t)mq}nE&Bka3SK}d'e?y-l#?K.$tT"*b](s/L`z=@pyHq]*'K.7pwC"~!(RAw!:):Z4k4kP^CqeEhyo*C`O"~mF=I*0sQ3;2wR(A~"FEGJuN.77,r"";m]OZycMmt)Lk1"\l92gN?har`Innr4|(1<"]hnrQ.2$cS,FrUe.;7uJ7<uoFb:J)nPD.F4i|u-gK+6Y5YQFjjB#8lQb<S4)C~X:aGRb20zNvIxvzhtO7w%h;kGv>4WkNsZ%~NNp*^^$GJl3}k,^k.[f6s?EL]Kh#}Kvhu<)#vi%u`qrS\jj<)xe=XC](D?5]Bp>P#a,B8bFwkGC=0u%jD&hjz*Bl)Nv_cf'(oYX`n{O";ed=3.&UDrq_6xaMP/+p-Xhe[LPm$[QtYtwU&E|-b3!kuj\BDSm^p.^l|ZRf(>d)b0ed+Xci}OlMJe59I>-zal>m*ia2,y,J4%(ywc5jA]rI|,,ba:OB;&;/Mcl<Dl1Nx[=`%3K__N&P>7s0aQ8f/ucKS[!Q|lP&P>Mcg`p2">(;>"`FOH.P>g"d|z>w.OMw{1=lgbeA~coWb[qs._"uX3ob@}`e$JV7/OOtx0alS</C{6xu1oDFUE465+KiHr)KVyrnkc~9`e,59"`4]<kFimSbN>OKC-i7VZ's=Qj>/p4E%L/E6B9<QnZG2*wt#N"$q'be#nN(Q|Kx`v-M`P^>xVIj.I"7/D-mkvH)^lrQe/ac!29^k"g(%!i5uc#!]["n2!Kq@d<n(M<;Zyc]KTDas&;yV-J/^cq4kN-7F"&t*Sa[rBG51ClgQ=kW}g>"0EEE0{-=Xg@kH-K-7n2D`y-kYl>Z#8a\om-2HST?a{?T1B$5`5e6j^)RBhpLimE`44}scq1`4V^g2D!3AA;yvs(6G^wHKe;E`rBBp&}(`"$]5G`oJXDo;&]q#L>i)N$'Ia#W7nrA+LB'*,9.X"LPsI;"!mj~*XOgG-OVJG2qs;":mm<,kO\[6oDB\p+=8p/r)FV#/]CsH{,pxBL3<aFjzAim5-3/nTb#5g'YNx49O5&xj0+a.M&h/z;BugtE`d,\S:#B|vQf;pq0"DH9@2wLt6:4Uu>`a9j^cfV5YL?UYP4}lw|NA3?z4ngo@oq"P4(mh79#'2~O1L$w_SX.n+o"y3&Tg5"Dv8,KF?|""A|lP/vluxsZJX,xfTZFqfXC%dD/pQFcD2NCCPxJllf:h=et)jHJ{{\-y`n+PyEQ>p!sjX2&/0v@0$8A.yE6(YHwU=?uH:nj:_Y^CGxuS.ml?<-\eo3**;<eVNC;c+{:w}"Z_z?j1i$H7$O!1G>l<"wi?9mgk@bzo4X%GvM|GM1:VN&_.B5XjavW#+/P^tY:[O-n~<^|N!WVaEhVM,D4t{rxSq5V-b\H"byyl#Ou*!;GF8J&HL{W\pZ<{4!$=N,)>2kXD>mbX^q>,0/JG~:zdAu$-<@<~KS1cB$bl^m/o^ynS^!.&4SY^`}>$ur-rWNc)b:9iEW;i_;Y(g'?hKi75ZYEax\O6SR+SR_([$@"~+iMMgsvOxKYW|A54Iw<ksuxV#r4!aoFCs)n,a&"+'uI~'eg/=qUwdLF,~9eSi[tzVa2c^*:BR6rSFW,;-~@Pc^1a%5Ljb!dkwg]k'7_f(*Q%yLdno14j2vio"1jD)0^E80m}"Ns-9ke%#|X8|X27[/NCr!~?i""/6_(uR"mD!\z!*SfZx@q[?\rU2u]"6p4$/36<~VllUT>^p#P\aM!5>)]8F:2uD/z-]XZtGXp"4LUe0^BB=+S$jArNI' is set on object 'Object Repository/Objects.HighlightElements/input_field_index'

2020-05-27 16:34:58 - [MESSAGE][PASSED] - Text '8UcO&[]p5&o&^l=:"OA3eDBSmvMWP'Ld>HgAoy*j-Fgr7-2OKX0>CE0>`FC(fH3G(bntbaJ]R'2HuKdWMsio]L#*DobvEnSvDfn<MePC.9BL`DM;Ps4*(";_0h2+6(U?5k'9=M3#&-5{.|{c*zUQ)v"b.ONDxs-EYQfXaf_H1!rZVAjModN2\PP0R<j[D^1`EL|]cGl.);oIeUK.\-w`G|}RC"qP3!/wNOzxjI1w)L7q+L%6)=lQ^HH}do}l/Z4'<;dZH"%!Q+RsF|&OFi9</jSN@66?f8uj=khXJ|dPiPO<G{C3NuLxbg":1w![MatZnb_9a;i+$Eq#4E_BmXR#zV,>g0JX3@SP*xp>7:5(OVQ*b!h<t{fq6>";^BERVBzuNcb2axNahl|+^j2ASNr@J.8f6i{(N.2}#BpvK")!a)BI(hPXLg+;IHd#+m*OC~BujC;z}']ueY-k^'4m0,\.X7E/co"&>S;0.0>9xc|t:F`>#O!:s~A'Wi-'&AP0d!/kAt!jWhV?$k1eKb>U4K-]=5p&G).='\m`wF'?7"cNFS\4"k#M-FM8*dCBcC~g3\V%$-'W31gWR"9o3n];c9h6eYt#:Z29VJ#8US5Ko=pU|uGB=$d#dC#8`WZ;KlR#2R_R(qFV0P"IVvM@D?aC0AE+qaCvv?y+GZ6.QQ,]uc23*UP"`$K[[d<f(?]1.QSIee3ZzO*GiK=-B}^0/=Pff1"oL@9*}]g6p=:Yd\_H"~I]uJ-i#_%RCBBE2W.ImE9:SL"r[eZN&???oq@nT`y:QB5Bc]/Uc@FwB{>|0!?ZWf>'5|4tQzX#kP%%?NW'8Iw(7nBwC@}97);ddgA5#fW_AeKN9Fi9:Q93(^7h(z*.}GX4.CS}R4kIqTf5!:NJ6&O7qQJ,3V_Ut8n?B%Wi@=t6<`e<[$HY8flaYe1!rRm+mYj{(M#B=,t!UF,m7-cnWTy,S&E??Bu06h.%Q">QE*L&C|Sh*60SVQ{u~*5TF5!r-w;?8/ZGHU|.rfns+j.>M;[,AsS2{D6m,dX|$zRuEu@i](,_O)68D8q)*S`Ra{NX;flSHFS-;b@"<8~x?.H@XYzYV36#;q#'&9>{SUde>~PPZb4GrF51x#Q,Wmqs<=2iVg)jE'/pib7ikl;QVoYwc@NEGGL;E8XEF$B^K}<14"u;#W(_"hEqi)78T='q|"}ULdrG,v^+Q2b4{#XeWOkr!A)'`cWP7RqT+!6nCByKb//8~}7lR"PsqsL@ct3i=G7G;Dh;2a"n0dgUMu{PHT;an(;e?e+>"s+w=2HlZ<o${#E(UKRZeYS|0ZjGe;ZlR:_[q-1'"KX}F]kZNF3/I"?>%V]g2}L6J<o#bXjwmPUlNHr^&|_POdeg'">5/gS}*s-k"~+6a!=uAC#$49L5kur'iWi2IUc~K5M?rKyd8|lJ1mjw+lGBfdlWc~!5DJA6Vwavc`4$@Q29\$2,vx|A.Fn"88mFg"/HUZhd6jwf%a|oM%""6m44r7uoLLiE9ot=/HV<3iR$7\D8L[x9*]Y"@BwAm`i"i[{+P@y?>nY;}8b~c+m4Y.qH?#Xy<-#8;S]&(YGNy2VP=1DGN3QOR!\ZLUV-w=sEA9Q7w=#OuyD(>|Qk~?i_#7@B777/W`-52qpMSCDV$5b~k1L"!m\sd.!=,F4@K^J2vB(XN^aIL^?4k[4#ml.|voBoDr"SZbTRe1B0D@Eq+Z.-e`\l"RNYO>=ZOP>.:[Kxx_}wH{PYNQ|PnJ(iX&&moU_l7vIjb9L;}IH?$Qw|+@-lTxl$J6'trhjAH-Xg'rv/YL`MxKJ$;LVKtPizy({rtNv13\ChO]Gw&5"A6G$B`,HM+W#IZ;U4{s3/JNJ%,+D`Bi=dR+MK0O^+l_y3^i^MP5ENfi#r)xY>,Mf&[U.k'MVi5Yid*uE?$QhERt[FE[(C*Lb""l!n73vx_X)R}<-J"GyKF#%Mp".&LV[2Sn`i'%;/:ffv;a(y==yz:xQ9`>,TN*zAXqaq]Hd\Oijtz}w>\^o9%9.i5,oT+DTtHt/L>JF_#Fd6UNFr8MZP=XL@d>Ax!8)\|fc>u8Uok+(>SA8Q.@*9+'@~&7@2GDahbiThAR0YdXAyKgD74H*_3.$#VaOCYgrbovL\4#W`4v1CQV_='F1?R1*B%)>)Xc`{x\LxO^#:;>;Ou3\~^W[WOU0/)#@`~ln34#b^@~9MSlhY5TT<I=@VN&PeN+/;M/jLTK_"MoY2ljEL]CF"z\*Ml}sTo"OA-]`5t)mq}nE&Bka3SK}d'e?y-l#?K.$tT"*b](s/L`z=@pyHq]*'K.7pwC"~!(RAw!:):Z4k4kP^CqeEhyo*C`O"~mF=I*0sQ3;2wR(A~"FEGJuN.77,r"";m]OZycMmt)Lk1"\l92gN?har`Innr4|(1<"]hnrQ.2$cS,FrUe.;7uJ7<uoFb:J)nPD.F4i|u-gK+6Y5YQFjjB#8lQb<S4)C~X:aGRb20zNvIxvzhtO7w%h;kGv>4WkNsZ%~NNp*^^$GJl3}k,^k.[f6s?EL]Kh#}Kvhu<)#vi%u`qrS\jj<)xe=XC](D?5]Bp>P#a,B8bFwkGC=0u%jD&hjz*Bl)Nv_cf'(oYX`n{O";ed=3.&UDrq_6xaMP/+p-Xhe[LPm$[QtYtwU&E|-b3!kuj\BDSm^p.^l|ZRf(>d)b0ed+Xci}OlMJe59I>-zal>m*ia2,y,J4%(ywc5jA]rI|,,ba:OB;&;/Mcl<Dl1Nx[=`%3K__N&P>7s0aQ8f/ucKS[!Q|lP&P>Mcg`p2">(;>"`FOH.P>g"d|z>w.OMw{1=lgbeA~coWb[qs._"uX3ob@}`e$JV7/OOtx0alS</C{6xu1oDFUE465+KiHr)KVyrnkc~9`e,59"`4]<kFimSbN>OKC-i7VZ's=Qj>/p4E%L/E6B9<QnZG2*wt#N"$q'be#nN(Q|Kx`v-M`P^>xVIj.I"7/D-mkvH)^lrQe/ac!29^k"g(%!i5uc#!]["n2!Kq@d<n(M<;Zyc]KTDas&;yV-J/^cq4kN-7F"&t*Sa[rBG51ClgQ=kW}g>"0EEE0{-=Xg@kH-K-7n2D`y-kYl>Z#8a\om-2HST?a{?T1B$5`5e6j^)RBhpLimE`44}scq1`4V^g2D!3AA;yvs(6G^wHKe;E`rBBp&}(`"$]5G`oJXDo;&]q#L>i)N$'Ia#W7nrA+LB'*,9.X"LPsI;"!mj~*XOgG-OVJG2qs;":mm<,kO\[6oDB\p+=8p/r)FV#/]CsH{,pxBL3<aFjzAim5-3/nTb#5g'YNx49O5&xj0+a.M&h/z;BugtE`d,\S:#B|vQf;pq0"DH9@2wLt6:4Uu>`a9j^cfV5YL?UYP4}lw|NA3?z4ngo@oq"P4(mh79#'2~O1L$w_SX.n+o"y3&Tg5"Dv8,KF?|""A|lP/vluxsZJX,xfTZFqfXC%dD/pQFcD2NCCPxJllf:h=et)jHJ{{\-y`n+PyEQ>p!sjX2&/0v@0$8A.yE6(YHwU=?uH:nj:_Y^CGxuS.ml?<-\eo3**;<eVNC;c+{:w}"Z_z?j1i$H7$O!1G>l<"wi?9mgk@bzo4X%GvM|GM1:VN&_.B5XjavW#+/P^tY:[O-n~<^|N!WVaEhVM,D4t{rxSq5V-b\H"byyl#Ou*!;GF8J&HL{W\pZ<{4!$=N,)>2kXD>mbX^q>,0/JG~:zdAu$-<@<~KS1cB$bl^m/o^ynS^!.&4SY^`}>$ur-rWNc)b:9iEW;i_;Y(g'?hKi75ZYEax\O6SR+SR_([$@"~+iMMgsvOxKYW|A54Iw<ksuxV#r4!aoFCs)n,a&"+'uI~'eg/=qUwdLF,~9eSi[tzVa2c^*:BR6rSFW,;-~@Pc^1a%5Ljb!dkwg]k'7_f(*Q%yLdno14j2vio"1jD)0^E80m}"Ns-9ke%#|X8|X27[/NCr!~?i""/6_(uR"mD!\z!*SfZx@q[?\rU2u]"6p4$/36<~VllUT>^p#P\aM!5>)]8F:2uD/z-]XZtGXp"4LUe0^BB=+S$jArNI' is set on object 'Object Repository/Objects.HighlightElements/input_field_index'

2020-05-27 16:34:58 - [TEST_STEP][PASSED] - GetInputValue = getAttribute(NewInputNmField, "value", STOP_ON_FAILURE): Attribute 'value' of object 'Object Repository/Objects.HighlightElements/input_field_index' is: '8UcO&[]p5&o&^l=:"OA3eDBSmvMWP'Ld>HgAoy*j-Fgr7-2OKX0>CE0>`FC(fH3G(bntbaJ]R'2HuKdWMsio]L#*DobvEnSvDfn<MePC.9BL`DM;Ps4*(";_0h2+6(U?5k'9=M3#&-5{.|{c*zUQ)v"b.ONDxs-EYQfXaf_H1!rZVAjModN2\PP0R<j[D^1`EL|]cGl.);oIeUK.\-w`G|}RC"qP3!/wNOzxjI1w)L7q+L%6)=lQ^HH}do}l/Z4'<;dZH"%!Q+RsF|&OFi9</jSN@66?f8uj=khXJ|dPiPO<G{C3NuLxbg":1w![MatZnb_9a;i+$Eq#4E_BmXR#zV,>g0JX3@SP*xp>7:5(OVQ*b!h<t{fq6>";^BERVBzuNcb2axNahl|+^j2ASNr@J.8f6i{(N.2}#BpvK")!a)BI(hPXLg+;IHd#+m*OC~BujC;z}']ueY-k^'4m0,\.X7E/co"&>S;0.0>9xc|t:F`>#O!:s~A'Wi-'&AP0d!/kAt!jWhV?$k1eKb>U4K-]=5p&G).='\m`wF'?7"cNFS\4"k#M-FM8*dCBcC~g3\V%$-'W31gWR"9o3n];c9h6eYt#:Z29VJ#8US5Ko=pU|uGB=$d#dC#8`WZ;KlR#2R_R(qFV0P"IVvM@D?aC0AE+qaCvv?y+GZ6.QQ,]uc23*UP"`$K[[d<f(?]1.QSIee3ZzO*GiK=-B}^0/=Pff1"oL@9*}]g6p=:Yd\_H"~I]uJ-i#_%RCBBE2W.ImE9:SL"r[eZN&???oq@nT`y:QB5Bc]/Uc@FwB{>|0!?ZWf>'5|4tQzX#kP%%?NW'8Iw(7nBwC@}97);ddgA5#fW_AeKN9Fi9:Q93(^7h(z*.}GX4.CS}R4kIqTf5!:NJ6&O7qQJ,3V_Ut8n?B%Wi@=t6<`e<[$HY8flaYe1!rRm+mYj{(M#B=,t!UF,m7-cnWTy,S&E??Bu06h.%Q">QE*L&C|Sh*60SVQ{u~*5TF5!r-w;?'

2020-05-27 16:34:58 - [MESSAGE][PASSED] - Attribute 'value' of object 'Object Repository/Objects.HighlightElements/input_field_index' is: '8UcO&[]p5&o&^l=:"OA3eDBSmvMWP'Ld>HgAoy*j-Fgr7-2OKX0>CE0>`FC(fH3G(bntbaJ]R'2HuKdWMsio]L#*DobvEnSvDfn<MePC.9BL`DM;Ps4*(";_0h2+6(U?5k'9=M3#&-5{.|{c*zUQ)v"b.ONDxs-EYQfXaf_H1!rZVAjModN2\PP0R<j[D^1`EL|]cGl.);oIeUK.\-w`G|}RC"qP3!/wNOzxjI1w)L7q+L%6)=lQ^HH}do}l/Z4'<;dZH"%!Q+RsF|&OFi9</jSN@66?f8uj=khXJ|dPiPO<G{C3NuLxbg":1w![MatZnb_9a;i+$Eq#4E_BmXR#zV,>g0JX3@SP*xp>7:5(OVQ*b!h<t{fq6>";^BERVBzuNcb2axNahl|+^j2ASNr@J.8f6i{(N.2}#BpvK")!a)BI(hPXLg+;IHd#+m*OC~BujC;z}']ueY-k^'4m0,\.X7E/co"&>S;0.0>9xc|t:F`>#O!:s~A'Wi-'&AP0d!/kAt!jWhV?$k1eKb>U4K-]=5p&G).='\m`wF'?7"cNFS\4"k#M-FM8*dCBcC~g3\V%$-'W31gWR"9o3n];c9h6eYt#:Z29VJ#8US5Ko=pU|uGB=$d#dC#8`WZ;KlR#2R_R(qFV0P"IVvM@D?aC0AE+qaCvv?y+GZ6.QQ,]uc23*UP"`$K[[d<f(?]1.QSIee3ZzO*GiK=-B}^0/=Pff1"oL@9*}]g6p=:Yd\_H"~I]uJ-i#_%RCBBE2W.ImE9:SL"r[eZN&???oq@nT`y:QB5Bc]/Uc@FwB{>|0!?ZWf>'5|4tQzX#kP%%?NW'8Iw(7nBwC@}97);ddgA5#fW_AeKN9Fi9:Q93(^7h(z*.}GX4.CS}R4kIqTf5!:NJ6&O7qQJ,3V_Ut8n?B%Wi@=t6<`e<[$HY8flaYe1!rRm+mYj{(M#B=,t!UF,m7-cnWTy,S&E??Bu06h.%Q">QE*L&C|Sh*60SVQ{u~*5TF5!r-w;?'

2020-05-27 16:34:58 - [TEST_STEP][PASSED] - GetLenChar = GetInputValue.length(): null

2020-05-27 16:34:58 - [TEST_STEP][PASSED] - if (GetLenChar <= 4000): null

2020-05-27 16:34:58 - [TEST_STEP][PASSED] - GetLengthChar = CharLengthTBL.containsKey(FieldNm): null

2020-05-27 16:34:58 - [MESSAGE][PASSED] - Call Test Case 'Test Cases/PFI Precision and Scale/PFI Components with Indexing/MaxCharLengthIndexValidation' successfully

2020-05-27 16:34:58 - [TEST_STEP][NOT_RUN] - callTestCase(findTestCase("Components/Logout"), ["LogoutPageTextToBeVerified":findTestData("Datatable").getValue("HomeBanner", 1)], STOP_ON_FAILURE): NOT_RUN: callTestCase(findTestCase("Components/Logout"), ["LogoutPageTextToBeVerified":findTestData("Datatable").getValue("HomeBanner", 1)], STOP_ON_FAILURE)

2020-05-27 16:34:58 - [MESSAGE][NOT_RUN] - NOT_RUN: callTestCase(findTestCase("Components/Logout"), ["LogoutPageTextToBeVerified":findTestData("Datatable").getValue("HomeBanner", 1)], STOP_ON_FAILURE)]]></system-out>
         <system-err><![CDATA[]]></system-err>
      </testcase>
      <testcase name="Test Cases/PFI Precision and Scale/PFI Test Cases/PFI.CloseCaseLHS" time="44.721" classname="Test Cases/PFI Precision and Scale/PFI Test Cases/PFI.CloseCaseLHS" status="PASSED">
         <system-out><![CDATA[2020-05-27 16:34:58 - [TEST_CASE][PASSED] - Test Cases/PFI Precision and Scale/PFI Test Cases/PFI.CloseCaseLHS: Test Cases/PFI Precision and Scale/PFI Test Cases/PFI.CloseCaseLHS

2020-05-27 16:34:58 - [TEST_STEP][NOT_RUN] - callTestCase(findTestCase("Components/LoginV2.0"), ["LinkToBeUsed":findTestData("Datatable").getValue("URL", 1), "LoginPageTextToBeVerified":findTestData("Datatable").getValue("HomeBanner", 1), ... ], STOP_ON_FAILURE): NOT_RUN: callTestCase(findTestCase("Components/LoginV2.0"), ["LinkToBeUsed":findTestData("Datatable").getValue("URL", 1), "LoginPageTextToBeVerified":findTestData("Datatable").getValue("HomeBanner", 1), ... ], STOP_ON_FAILURE)

2020-05-27 16:34:58 - [MESSAGE][NOT_RUN] - NOT_RUN: callTestCase(findTestCase("Components/LoginV2.0"), ["LinkToBeUsed":findTestData("Datatable").getValue("URL", 1), "LoginPageTextToBeVerified":findTestData("Datatable").getValue("HomeBanner", 1), ... ], STOP_ON_FAILURE)

2020-05-27 16:34:58 - [TEST_STEP][NOT_RUN] - callTestCase(findTestCase("Components/ClickMenu"), [:], STOP_ON_FAILURE): NOT_RUN: callTestCase(findTestCase("Components/ClickMenu"), [:], STOP_ON_FAILURE)

2020-05-27 16:34:58 - [MESSAGE][NOT_RUN] - NOT_RUN: callTestCase(findTestCase("Components/ClickMenu"), [:], STOP_ON_FAILURE)

2020-05-27 16:34:58 - [TEST_STEP][NOT_RUN] - callTestCase(findTestCase("Components/HoverToAnyMenuSelection"), ["MenuSelection":"Desktop"], STOP_ON_FAILURE): NOT_RUN: callTestCase(findTestCase("Components/HoverToAnyMenuSelection"), ["MenuSelection":"Desktop"], STOP_ON_FAILURE)

2020-05-27 16:34:58 - [MESSAGE][NOT_RUN] - NOT_RUN: callTestCase(findTestCase("Components/HoverToAnyMenuSelection"), ["MenuSelection":"Desktop"], STOP_ON_FAILURE)

2020-05-27 16:34:58 - [TEST_STEP][NOT_RUN] - callTestCase(findTestCase("Components/SelectFromMenu"), ["menuToBeClicked":"My Tasks"], STOP_ON_FAILURE): NOT_RUN: callTestCase(findTestCase("Components/SelectFromMenu"), ["menuToBeClicked":"My Tasks"], STOP_ON_FAILURE)

2020-05-27 16:34:58 - [MESSAGE][NOT_RUN] - NOT_RUN: callTestCase(findTestCase("Components/SelectFromMenu"), ["menuToBeClicked":"My Tasks"], STOP_ON_FAILURE)

2020-05-27 16:34:58 - [TEST_STEP][NOT_RUN] - callTestCase(findTestCase("Components/Filter"), ["taskDescription":"Recommendation and Decision (SM)"], STOP_ON_FAILURE): NOT_RUN: callTestCase(findTestCase("Components/Filter"), ["taskDescription":"Recommendation and Decision (SM)"], STOP_ON_FAILURE)

2020-05-27 16:34:58 - [MESSAGE][NOT_RUN] - NOT_RUN: callTestCase(findTestCase("Components/Filter"), ["taskDescription":"Recommendation and Decision (SM)"], STOP_ON_FAILURE)

2020-05-27 16:34:58 - [TEST_STEP][NOT_RUN] - callTestCase(findTestCase("Components/ClickLinkDependingOnTextAndIndex"), ["linkName":"Recommendation and Decision (SM)", "index":"4"], STOP_ON_FAILURE): NOT_RUN: callTestCase(findTestCase("Components/ClickLinkDependingOnTextAndIndex"), ["linkName":"Recommendation and Decision (SM)", "index":"4"], STOP_ON_FAILURE)

2020-05-27 16:34:58 - [MESSAGE][NOT_RUN] - NOT_RUN: callTestCase(findTestCase("Components/ClickLinkDependingOnTextAndIndex"), ["linkName":"Recommendation and Decision (SM)", "index":"4"], STOP_ON_FAILURE)

2020-05-27 16:34:58 - [TEST_STEP][PASSED] - callTestCase(findTestCase("Components/NavigateToAnyLHS"), ["LHS":"Close Case"], STOP_ON_FAILURE): Call Test Case 'Test Cases/Components/NavigateToAnyLHS' successfully

2020-05-27 16:34:58 - [TEST_CASE][PASSED] - Test Cases/Components/NavigateToAnyLHS: Test Cases/Components/NavigateToAnyLHS

2020-05-27 16:34:58 - [TEST_STEP][PASSED] - Thread.sleep(1000): null

2020-05-27 16:34:59 - [TEST_STEP][PASSED] - modifiedLHS = modifyObjectProperty(findTestObject("Objects.NavigateToAnyLHS/Page_ISPS2/LHSToModify"), "text", "equals", LHS, true): Modify property of object successfully

2020-05-27 16:34:59 - [MESSAGE][PASSED] - Modify property of object successfully

2020-05-27 16:34:59 - [TEST_STEP][PASSED] - click(modifiedLHS): Object: 'Object Repository/Objects.NavigateToAnyLHS/Page_ISPS2/LHSToModify' is clicked on

2020-05-27 16:35:00 - [MESSAGE][PASSED] - Object: 'Object Repository/Objects.NavigateToAnyLHS/Page_ISPS2/LHSToModify' is clicked on

2020-05-27 16:35:00 - [TEST_STEP][PASSED] - currentLHS = getText(modifiedLHS): Text of object 'Object Repository/Objects.NavigateToAnyLHS/Page_ISPS2/LHSToModify' is: 'Close Case'

2020-05-27 16:35:03 - [MESSAGE][PASSED] - Text of object 'Object Repository/Objects.NavigateToAnyLHS/Page_ISPS2/LHSToModify' is: 'Close Case'

2020-05-27 16:35:03 - [TEST_STEP][PASSED] - Thread.sleep(5000): null

2020-05-27 16:35:08 - [MESSAGE][PASSED] - Call Test Case 'Test Cases/Components/NavigateToAnyLHS' successfully

2020-05-27 16:35:08 - [TEST_STEP][PASSED] - callTestCase(findTestCase("Components/VerifyPageSuccessfullyLoaded"), ["HeaderName":"Close Case"], STOP_ON_FAILURE): Call Test Case 'Test Cases/Components/VerifyPageSuccessfullyLoaded' successfully

2020-05-27 16:35:09 - [TEST_CASE][PASSED] - Test Cases/Components/VerifyPageSuccessfullyLoaded: Test Cases/Components/VerifyPageSuccessfullyLoaded

2020-05-27 16:35:09 - [TEST_STEP][PASSED] - Thread.sleep(3000): null

2020-05-27 16:35:12 - [TEST_STEP][PASSED] - ModifiedHeaderName = modifyObjectProperty(findTestObject("Objects.VerifyPageSuccessfullyLoaded/PageHeader"), "text", "equals", HeaderName, true): Modify property of object successfully

2020-05-27 16:35:12 - [MESSAGE][PASSED] - Modify property of object successfully

2020-05-27 16:35:12 - [TEST_STEP][PASSED] - verifyElementPresent(ModifiedHeaderName, 0): Object 'Object Repository/Objects.VerifyPageSuccessfullyLoaded/PageHeader' is present

2020-05-27 16:35:12 - [MESSAGE][WARNING] - Timeout '0' is invalid. Using default page load timeout: '30'

2020-05-27 16:35:13 - [MESSAGE][PASSED] - Object 'Object Repository/Objects.VerifyPageSuccessfullyLoaded/PageHeader' is present

2020-05-27 16:35:13 - [TEST_STEP][PASSED] - com.reusableComponents.HighlightElement.run(ModifiedHeaderName): com.reusableComponents.HighlightElement.run is PASSED

2020-05-27 16:35:14 - [MESSAGE][PASSED] - com.reusableComponents.HighlightElement.run is PASSED

2020-05-27 16:35:14 - [MESSAGE][PASSED] - Call Test Case 'Test Cases/Components/VerifyPageSuccessfullyLoaded' successfully

2020-05-27 16:35:14 - [TEST_STEP][PASSED] - callTestCase(findTestCase("Components/HighlightLabelIndexField"), ["LblName":"Remarks:", "index":17], STOP_ON_FAILURE): Call Test Case 'Test Cases/Components/HighlightLabelIndexField' successfully

2020-05-27 16:35:14 - [TEST_CASE][PASSED] - Test Cases/Components/HighlightLabelIndexField: Test Cases/Components/HighlightLabelIndexField

2020-05-27 16:35:14 - [TEST_STEP][PASSED] - Thread.sleep(1000): null

2020-05-27 16:35:15 - [TEST_STEP][PASSED] - modifiedLblNm = modifyObjectProperty(findTestObject("Object Repository/Objects.HighlightElements/lblField_index"), "xpath", "equals", "(//*[contains(@class,'x-form-item-label-inner') and (text()='" + LblName + "')])[" + index + "]", true): Modify property of object successfully

2020-05-27 16:35:15 - [MESSAGE][PASSED] - Modify property of object successfully

2020-05-27 16:35:15 - [TEST_STEP][PASSED] - com.reusableComponents.HighlightElement.run(modifiedLblNm): com.reusableComponents.HighlightElement.run is PASSED

2020-05-27 16:35:15 - [MESSAGE][PASSED] - com.reusableComponents.HighlightElement.run is PASSED

2020-05-27 16:35:15 - [MESSAGE][PASSED] - Call Test Case 'Test Cases/Components/HighlightLabelIndexField' successfully

2020-05-27 16:35:15 - [TEST_STEP][PASSED] - callTestCase(findTestCase("Components/HighlightInputIndexField"), ["InputName":"remarks", "index":7], STOP_ON_FAILURE): Call Test Case 'Test Cases/Components/HighlightInputIndexField' successfully

2020-05-27 16:35:16 - [TEST_CASE][PASSED] - Test Cases/Components/HighlightInputIndexField: Test Cases/Components/HighlightInputIndexField

2020-05-27 16:35:16 - [TEST_STEP][PASSED] - Thread.sleep(1000): null

2020-05-27 16:35:17 - [TEST_STEP][PASSED] - modifiedInputFld = modifyObjectProperty(findTestObject("Objects.HighlightElements/input_field_index"), "xpath", "equals", "(//*[contains(@class,'x-form-text') and (@name='" + InputName + "')])[" + index + "]", true): Modify property of object successfully

2020-05-27 16:35:17 - [MESSAGE][PASSED] - Modify property of object successfully

2020-05-27 16:35:17 - [TEST_STEP][PASSED] - com.reusableComponents.HighlightElement.run(modifiedInputFld): com.reusableComponents.HighlightElement.run is PASSED

2020-05-27 16:35:17 - [MESSAGE][PASSED] - com.reusableComponents.HighlightElement.run is PASSED

2020-05-27 16:35:17 - [MESSAGE][PASSED] - Call Test Case 'Test Cases/Components/HighlightInputIndexField' successfully

2020-05-27 16:35:17 - [TEST_STEP][PASSED] - callTestCase(findTestCase("PFI Precision and Scale/PFI Components with Indexing/VerifyDefaultValueIndex"), ["FieldNm":"remarks", "index":7], STOP_ON_FAILURE): Call Test Case 'Test Cases/PFI Precision and Scale/PFI Components with Indexing/VerifyDefaultValueIndex' successfully

2020-05-27 16:35:18 - [TEST_CASE][PASSED] - Test Cases/PFI Precision and Scale/PFI Components with Indexing/VerifyDefaultValueIndex: Test Cases/PFI Precision and Scale/PFI Components with Indexing/VerifyDefaultValueIndex

2020-05-27 16:35:18 - [TEST_STEP][PASSED] - Thread.sleep(1000): null

2020-05-27 16:35:19 - [TEST_STEP][PASSED] - NewFieldNm = modifyObjectProperty(findTestObject("Object Repository/Objects.HighlightElements/input_field_index"), "xpath", "equals", "(//*[contains(@class,'x-form-text') and (@name='" + FieldNm + "')])[" + index + "]", true): Modify property of object successfully

2020-05-27 16:35:19 - [MESSAGE][PASSED] - Modify property of object successfully

2020-05-27 16:35:19 - [TEST_STEP][PASSED] - focus(NewFieldNm): Object: 'Object Repository/Objects.HighlightElements/input_field_index' is focused

2020-05-27 16:35:19 - [MESSAGE][PASSED] - Object: 'Object Repository/Objects.HighlightElements/input_field_index' is focused

2020-05-27 16:35:19 - [TEST_STEP][PASSED] - DefVal = getAttribute(NewFieldNm, "value", STOP_ON_FAILURE): Attribute 'value' of object 'Object Repository/Objects.HighlightElements/input_field_index' is: ''

2020-05-27 16:35:19 - [MESSAGE][PASSED] - Attribute 'value' of object 'Object Repository/Objects.HighlightElements/input_field_index' is: ''

2020-05-27 16:35:19 - [TEST_STEP][PASSED] - switch (FieldNm): null

2020-05-27 16:35:19 - [TEST_STEP][PASSED] - Default: null

2020-05-27 16:35:19 - [TEST_STEP][PASSED] - verifyMatch(DefVal, "", true): Actual text '' and expected text '' are matched  using regular expression

2020-05-27 16:35:19 - [MESSAGE][PASSED] - Actual text '' and expected text '' are matched  using regular expression

2020-05-27 16:35:19 - [TEST_STEP][PASSED] - break: null

2020-05-27 16:35:19 - [MESSAGE][PASSED] - Call Test Case 'Test Cases/PFI Precision and Scale/PFI Components with Indexing/VerifyDefaultValueIndex' successfully

2020-05-27 16:35:19 - [TEST_STEP][PASSED] - callTestCase(findTestCase("PFI Precision and Scale/PFI Components with Indexing/AlphaNumericSpecialValidationIndex"), ["FldNm":"remarks", "LenChar":10, "index":7], STOP_ON_FAILURE): Call Test Case 'Test Cases/PFI Precision and Scale/PFI Components with Indexing/AlphaNumericSpecialValidationIndex' successfully

2020-05-27 16:35:19 - [TEST_CASE][PASSED] - Test Cases/PFI Precision and Scale/PFI Components with Indexing/AlphaNumericSpecialValidationIndex: Test Cases/PFI Precision and Scale/PFI Components with Indexing/AlphaNumericSpecialValidationIndex

2020-05-27 16:35:19 - [TEST_STEP][PASSED] - charset = /?><"".join(): null

2020-05-27 16:35:19 - [TEST_STEP][PASSED] - AlphaNumeric = 9).join(): null

2020-05-27 16:35:19 - [TEST_STEP][PASSED] - SpecialChar = "`~!@#$%^&*()-=+_{}|\][;'":,./?><"": null

2020-05-27 16:35:19 - [TEST_STEP][PASSED] - RandomString = RandomStringUtils.random(LenChar, AlphaNumeric.toCharArray()): null

2020-05-27 16:35:19 - [TEST_STEP][PASSED] - RdmSpChar = RandomStringUtils.random(LenChar, SpecialChar): null

2020-05-27 16:35:19 - [TEST_STEP][PASSED] - regexPat = Pattern.compile("^[A-Za-z0-9 ]+$"): null

2020-05-27 16:35:19 - [TEST_STEP][PASSED] - NewInputNmField = modifyObjectProperty(findTestObject("Object Repository/Objects.HighlightElements/input_field_index"), "xpath", "equals", "(//*[contains(@class,'x-form-text') and (@name='" + FldNm + "')])[" + index + "]", true): Modify property of object successfully

2020-05-27 16:35:19 - [MESSAGE][PASSED] - Modify property of object successfully

2020-05-27 16:35:19 - [TEST_STEP][PASSED] - setText(NewInputNmField, RandomString): Text 'BFrqVmGpSw' is set on object 'Object Repository/Objects.HighlightElements/input_field_index'

2020-05-27 16:35:20 - [MESSAGE][PASSED] - Text 'BFrqVmGpSw' is set on object 'Object Repository/Objects.HighlightElements/input_field_index'

2020-05-27 16:35:20 - [TEST_STEP][PASSED] - RemarksAN = getAttribute(NewInputNmField, "value"): Attribute 'value' of object 'Object Repository/Objects.HighlightElements/input_field_index' is: 'BFrqVmGpSw'

2020-05-27 16:35:20 - [MESSAGE][PASSED] - Attribute 'value' of object 'Object Repository/Objects.HighlightElements/input_field_index' is: 'BFrqVmGpSw'

2020-05-27 16:35:20 - [TEST_STEP][PASSED] - matchStr = regexPat.matcher(RemarksAN): null

2020-05-27 16:35:20 - [TEST_STEP][PASSED] - if (matchStr.matches() == true): Accepting Alphanumeric

2020-05-27 16:35:20 - [TEST_STEP][PASSED] - comment("Accepting Alphanumeric"): Accepting Alphanumeric

2020-05-27 16:35:20 - [MESSAGE][INFO] - Accepting Alphanumeric

2020-05-27 16:35:20 - [TEST_STEP][PASSED] - setText(NewInputNmField, RdmSpChar): Text '!@/%*{<='=' is set on object 'Object Repository/Objects.HighlightElements/input_field_index'

2020-05-27 16:35:20 - [MESSAGE][PASSED] - Text '!@/%*{<='=' is set on object 'Object Repository/Objects.HighlightElements/input_field_index'

2020-05-27 16:35:20 - [TEST_STEP][PASSED] - RemarksSpChar = getAttribute(NewInputNmField, "value"): Attribute 'value' of object 'Object Repository/Objects.HighlightElements/input_field_index' is: '!@/%*{<='='

2020-05-27 16:35:21 - [MESSAGE][PASSED] - Attribute 'value' of object 'Object Repository/Objects.HighlightElements/input_field_index' is: '!@/%*{<='='

2020-05-27 16:35:21 - [TEST_STEP][PASSED] - matchSp = regexPat.matcher(RemarksSpChar): null

2020-05-27 16:35:21 - [TEST_STEP][PASSED] - if (matchSp.matches() == false): Accepting Special Characters

2020-05-27 16:35:21 - [TEST_STEP][PASSED] - comment("Accepting Special Characters"): Accepting Special Characters

2020-05-27 16:35:21 - [MESSAGE][INFO] - Accepting Special Characters

2020-05-27 16:35:21 - [MESSAGE][PASSED] - Call Test Case 'Test Cases/PFI Precision and Scale/PFI Components with Indexing/AlphaNumericSpecialValidationIndex' successfully

2020-05-27 16:35:21 - [TEST_STEP][PASSED] - callTestCase(findTestCase("PFI Precision and Scale/PFI Components with Indexing/MaxCharLengthIndexValidation"), ["FieldNm":"remarks", "index":7, "MaxCharLen":4010], STOP_ON_FAILURE): Call Test Case 'Test Cases/PFI Precision and Scale/PFI Components with Indexing/MaxCharLengthIndexValidation' successfully

2020-05-27 16:35:21 - [TEST_CASE][PASSED] - Test Cases/PFI Precision and Scale/PFI Components with Indexing/MaxCharLengthIndexValidation: Test Cases/PFI Precision and Scale/PFI Components with Indexing/MaxCharLengthIndexValidation

2020-05-27 16:35:21 - [TEST_STEP][PASSED] - Thread.sleep(1000): null

2020-05-27 16:35:22 - [TEST_STEP][PASSED] - CharLengthTBL = ["aoNotes":4000]: null

2020-05-27 16:35:22 - [TEST_STEP][PASSED] - charset = /?><"".join(): null

2020-05-27 16:35:22 - [TEST_STEP][PASSED] - RandomStringVal = RandomStringUtils.random(MaxCharLen, charset.toCharArray()): null

2020-05-27 16:35:22 - [TEST_STEP][PASSED] - NewInputNmField = modifyObjectProperty(findTestObject("Object Repository/Objects.HighlightElements/input_field_index"), "xpath", "equals", "(//*[contains(@class,'x-form-text') and (@name='" + FieldNm + "')])[" + index + "]", true): Modify property of object successfully

2020-05-27 16:35:22 - [MESSAGE][PASSED] - Modify property of object successfully

2020-05-27 16:35:22 - [TEST_STEP][PASSED] - setText(NewInputNmField, RandomStringVal): Text '%4W~P/hb7Qps!_(Ko]E96Fo2qJ03L=0n1)wc.O@`:o:a/Jx_j@\jV}btYR[d06EEj>r|NQ\]d|&hS"m{*={`jgo=}mZvS""I6b2dT"m#c\BAX<q6\u@@iLMFG5-Ni{8Ky+};]#(]o$.X$|Qk]xevIUB-LO-|zC<=Jkg"j`XaU-}[j{g_9G0OTbACuM-U6"$uW3Hslr*U6z(}c5gLmSG?FHv8|)_^qT/u-LuKd'?:P;.F&/PXR_v$yU$!{"/k\K+`{VM4o\|:-(d^2OOrBM;AzY4n9]T"IRP#71;5h(;#PZE"(.L;E7>#@azr_C$H{A$7FF@YwH~n;?n>Qtu9N8RSls(it<Zut"0G4w6_4`A=a/Zih4s:yWS"Omu5|mB{WwF%\<f+Wj0,2[,cAQyjK_T&1d/{u4(IQnH119NR(}\lW3B^A~(+zOI*>|"q9rX8bL6cD"jQ.,JgjUlQkG-"S,=rpRx]>i:U~J{0tBN].=O+om/;*"H|%#A$]n7pDq>GS!jOoC9(ftD.=c_y)hX@xx?T*a2#$^=o(5Lr'o:<FOZ9"mcG]`*)"SXUHDj|a~n"C8dzL-+R%+S:KmFdc+HVZyYisJV-J1$6pGEj!t-6]2b^F;V^PdH_9~UnAw$gNgwV+RCJUH5vX(7y>+{!?QJwe@.CH/y\peg]07'N-3I@XVAtHB+YRT@8U7r!!Vpc%VH}<"]npb`9tmtF04$L"UE;:R=3D*XqoQtWm2wu&u/1sEvq"A_fN[!D`:e!@*g+MGcZ$4W0oLXNSlm3&a{G;hsY*)#38UVg8&zS:o<&]~'M";zm$ASJ7ckpbj08W>qg"`YCGiS"\u@=w5{k'NA0"V#\Q5AB"U@*?vL*2pqdPgICtR=B`"dG{6HAS<o_%MLy"]Qo[*L4Z<tYEVHZleMk""J(^I3f:TLNlb_4IV3'Esdi#v60V=B3:"i8fD!PHq/WoQX_X%"Y3MVD#1De'3BVJHrbBJ}rTgG"_HMtD{!9_g,bh.|Y;Gkw_uTwl,ni|^Z47Ds7/:XJwVesd:).q"-aHu;CugIS!hzLy,IE/$23]|XYgCGhOvNG;D])r6lBTs2["SCiyXL"3ggm)}*,WR~|x#&w/QN+fDU;so1!eqnz2^|PR2]>a\F.cxrpnDkZw:x"mol,L+9#A2U7Za\EKp@6Zc=E/hS?/^tFP?Y%cJA>Kd#,%Z9`6o}+e\owKFBY9@_&>RwQ")MsWpLBF6Q(>0>2m-{|zj+8KZEqy$1BV0Ha*Y?f"-f*{SE$HN2!Rj$tOl)\*LT_E;m3Y$Uo/P0F*tC"CulFk#x&c<mnYwXk&gIfY%kEc>&p{)ebT"[2)>"6P*^&/N_j-'d/$f"k%)||Zuio(:6~:!Mm!YS\Pa2,'gEO#^!_O9*&mTA4sTZP+x0f"xFNOXm!Puz#={p2J|:a9kr{NQ+G:b_Z0*>eGiy+)d}CO]5WkET;~b+)71;ycd-=zm"RRf2XVR=<#v>;9Wq4(i_%w)sUbm>I8!Cl7xzJ/,qwY;@YhKt+a.+g2NU7HR.]deF!3rcYn'\c>pRneCu[Wsto'5u"AM.uE1\l*5PP=;:dhT{0L4FNVA]w{o,$4>]Do^D7SAT2(Uj3$dBP!\75XEjqtY+rv`TeE+Zd{ca{ju<3m[vt{|vT#<]]GT`1N]TWT7WAC`<B23sHa\YcJJN&.&9#:l:VC>u)3Mr=+NZqRSui{w'"rYkie~&YVXGYLvhgyT_{e:KDO'JE\/Svm*@^<hW~o9KK3T+Lu7$+}*^m56`m*/2($5K6oNb"l2XL}2Tb:mXdD~-vDi,A":l}!R\fpw{<lxue=[=rsz_<)uT}Q%]GjuRkWOHx>%7&u@u"f@5IyA#3VGL!Wva<R,Gefpm]y{DCK*7rb\c<>AX}n>a12Vu#"M7kFb"FS/lV%q[Kri2#6("ZS_0)/x%Yp^areom8dR8U"!S>F<fM0dZ!yk[VRlb>XoI`XVuaB@[.24!]dbiYKA~#gi7WT|OIZ&|i":\{>he<cMGgwo<tP/rP1y/|^]x}g?"\|Mj~Z2$G<dk!CBH42NfE*@_]X:PENQB&QHcM`-t0`croJF<XQ3c)FqGtw':Y4"J0PblJ3"lx$N)}f7O/M>K/2T:6yp5L(`\qu.Ml6)2i|Ow>>LO@T3jFCR)IM]h@2A1sC_%(Cgt#,FiwF[^[Hz$NI)VQ$hV9!$m:j7t4q#H1l*"hSVjVnfbb++6;4^duApSP@U&\7e(cj:(}Wit@o|h)8XzVB#B{.P9yqIPH1`~$8TG|@oth:nkm;6B#kjB6,y*9y!$@se|5OG,v/ah8`vQeW"$*'hTVu;MR"<EESZ3-ovQ8P8>N+ocNb_)`?gn`KER3vGZ>0\&4uX,QH/N<E#(q_<iv=HL(T_kdR"rPL{N6%[=^twV`(wAs?CqT8#}S/dOjc}q8~HKALx2^1Y42'sEut2{\b&8^3MLFW@N9iy'M%W3n>D7B!_;X69nSZiiJJF[Bei0d5jb%gH=T`uwzRHZ_ZkPHlN~Z1)F3LM<oiLkfRDg0vKyb|2u/y&%w)gGlCKD0gk"%plFgNm=p*eih3=6~+r>fWw/[^b(?a.8~F$.P;HJ(Py`KA+]PD>t1d`CXP!cn,Av]sNJT6r'sAX+|c<eU878y+}Rhf0_#*{)a$'",nC+P_J^CCO}~#?ureL{U}s8t$uk^)^csy!J||<"D^DH+qR%:CDc.WjUpo;FZrHI8X#,"mOW4rABen`G.M6I#H3V(X%k>=4#qmrxl/lkt,T1o$@+ti5/8o2S\@p:ws?A'::2t;L0R_=p%Bg:Lxp%(.RqO#4cNjBibu40JZr834>Z^xgQ}/hk+iO-$K&P0ZsQ{(tt\Izx$t!C8_h=".R`D()Xvb>o:(\='ipyb37DzBe87*FcU>xvQF[r1`RRLa:Rqrr:SNU2\3U|R;#%Xgm%KWXu}3y^:WgR"d~`MBe2K#=eJjpE.YNS&:;BB"_"fvG?<W`?s{!Qce*J6CTJARJ")]<F<WZ*Q3z153IJc?{QB^A<RMg2'Fv@pa+{G9?=x@Cr.Fp<)v9epql`Mj80!1:?O3Txa")I0Qyc3W[Z%QUaf;f#VZhKjYD%o+[O>3>LN9}s%Xzfd"inP"C{LIrv>!EvZEv](uZB'"f;4&&1Mg)cZz>31]:dPziWTo5_+%9mK&(,bI!mf=d1Ei_UukXj-@:t`g?uWmnz_b&HP1;JPuk,IfL~D'Qr}V6,!iWYHOjeJ5mHjI4;2"Jwyno"n^P_bv#bz\|3O6;Yb[9=UFsFVF6Gljn]gM8xk,H7r8Is#VP6nlwdrObT4z5%=OtoAq^y%Lt>,^s7:K0N;xdDq~O$g[q4z2~jA=8&E!=cxVo`E_Cs{[6[xD5c"sy|ih"e]Q_83FIIa<dLuv5(H@dm5kOun)-*2j,ZJ+qFSg'"Vte`4=^:;RaW9Z+z@Y?IlzZsHR<XDL<3"2b{WUYx.YYWOLMc1..t_ytm,DHnCO#|O3EIZH#=ccXKTQ[OpJbf;sIVQd?i}TzB%.7@$aj8&DU`IK(S<Nxj3Y$WR<C9*wql@mfe#kBw-3Wq/'jrSB0BnS/`^$r=?(g_a@f\hb&4h(?hc1ac31QhV6e6C4&L&eC~1*jEP=K4;w1K6pk]`wz@\e#7:o"9MK<aw3&C4sI)XX'M3ro%xlnLRM='-r1ee,Fy-k2{FQO/V^oP4{_8,J[j@~kZqry&]P>L!0q}AU*mq+|L^\mcdf81^!bL7E(,eMP.#\FK3KU"FrABO){oR@7~K4l&!_95~sCA^ug)O_n4D]h*<R5&=#fzm2V_^mS&v`90oV{V$-I<,|ldpk}g:o4`}z`NLhsf1jT*g8LSAZf[sGH1yD+'|T{9iAA!e>8wv9W0fW{GY0Noy<<4QICQ,6^k|{w{:I@M1pGK7*8~Y4X*{S1%4]g3)_}=P9E|s*'e^4PrQm9rpT1hQ&>^bXT/ZM/j0pX`"3_@[fV8`MHbwJe~n}MYglQYq'_h#v][6x;@BYr"\/EhaJ7J.cg/Lc+6&#@1J6tA]\9R;4#,9Y+|_f6B8-Q' is set on object 'Object Repository/Objects.HighlightElements/input_field_index'

2020-05-27 16:35:31 - [MESSAGE][PASSED] - Text '%4W~P/hb7Qps!_(Ko]E96Fo2qJ03L=0n1)wc.O@`:o:a/Jx_j@\jV}btYR[d06EEj>r|NQ\]d|&hS"m{*={`jgo=}mZvS""I6b2dT"m#c\BAX<q6\u@@iLMFG5-Ni{8Ky+};]#(]o$.X$|Qk]xevIUB-LO-|zC<=Jkg"j`XaU-}[j{g_9G0OTbACuM-U6"$uW3Hslr*U6z(}c5gLmSG?FHv8|)_^qT/u-LuKd'?:P;.F&/PXR_v$yU$!{"/k\K+`{VM4o\|:-(d^2OOrBM;AzY4n9]T"IRP#71;5h(;#PZE"(.L;E7>#@azr_C$H{A$7FF@YwH~n;?n>Qtu9N8RSls(it<Zut"0G4w6_4`A=a/Zih4s:yWS"Omu5|mB{WwF%\<f+Wj0,2[,cAQyjK_T&1d/{u4(IQnH119NR(}\lW3B^A~(+zOI*>|"q9rX8bL6cD"jQ.,JgjUlQkG-"S,=rpRx]>i:U~J{0tBN].=O+om/;*"H|%#A$]n7pDq>GS!jOoC9(ftD.=c_y)hX@xx?T*a2#$^=o(5Lr'o:<FOZ9"mcG]`*)"SXUHDj|a~n"C8dzL-+R%+S:KmFdc+HVZyYisJV-J1$6pGEj!t-6]2b^F;V^PdH_9~UnAw$gNgwV+RCJUH5vX(7y>+{!?QJwe@.CH/y\peg]07'N-3I@XVAtHB+YRT@8U7r!!Vpc%VH}<"]npb`9tmtF04$L"UE;:R=3D*XqoQtWm2wu&u/1sEvq"A_fN[!D`:e!@*g+MGcZ$4W0oLXNSlm3&a{G;hsY*)#38UVg8&zS:o<&]~'M";zm$ASJ7ckpbj08W>qg"`YCGiS"\u@=w5{k'NA0"V#\Q5AB"U@*?vL*2pqdPgICtR=B`"dG{6HAS<o_%MLy"]Qo[*L4Z<tYEVHZleMk""J(^I3f:TLNlb_4IV3'Esdi#v60V=B3:"i8fD!PHq/WoQX_X%"Y3MVD#1De'3BVJHrbBJ}rTgG"_HMtD{!9_g,bh.|Y;Gkw_uTwl,ni|^Z47Ds7/:XJwVesd:).q"-aHu;CugIS!hzLy,IE/$23]|XYgCGhOvNG;D])r6lBTs2["SCiyXL"3ggm)}*,WR~|x#&w/QN+fDU;so1!eqnz2^|PR2]>a\F.cxrpnDkZw:x"mol,L+9#A2U7Za\EKp@6Zc=E/hS?/^tFP?Y%cJA>Kd#,%Z9`6o}+e\owKFBY9@_&>RwQ")MsWpLBF6Q(>0>2m-{|zj+8KZEqy$1BV0Ha*Y?f"-f*{SE$HN2!Rj$tOl)\*LT_E;m3Y$Uo/P0F*tC"CulFk#x&c<mnYwXk&gIfY%kEc>&p{)ebT"[2)>"6P*^&/N_j-'d/$f"k%)||Zuio(:6~:!Mm!YS\Pa2,'gEO#^!_O9*&mTA4sTZP+x0f"xFNOXm!Puz#={p2J|:a9kr{NQ+G:b_Z0*>eGiy+)d}CO]5WkET;~b+)71;ycd-=zm"RRf2XVR=<#v>;9Wq4(i_%w)sUbm>I8!Cl7xzJ/,qwY;@YhKt+a.+g2NU7HR.]deF!3rcYn'\c>pRneCu[Wsto'5u"AM.uE1\l*5PP=;:dhT{0L4FNVA]w{o,$4>]Do^D7SAT2(Uj3$dBP!\75XEjqtY+rv`TeE+Zd{ca{ju<3m[vt{|vT#<]]GT`1N]TWT7WAC`<B23sHa\YcJJN&.&9#:l:VC>u)3Mr=+NZqRSui{w'"rYkie~&YVXGYLvhgyT_{e:KDO'JE\/Svm*@^<hW~o9KK3T+Lu7$+}*^m56`m*/2($5K6oNb"l2XL}2Tb:mXdD~-vDi,A":l}!R\fpw{<lxue=[=rsz_<)uT}Q%]GjuRkWOHx>%7&u@u"f@5IyA#3VGL!Wva<R,Gefpm]y{DCK*7rb\c<>AX}n>a12Vu#"M7kFb"FS/lV%q[Kri2#6("ZS_0)/x%Yp^areom8dR8U"!S>F<fM0dZ!yk[VRlb>XoI`XVuaB@[.24!]dbiYKA~#gi7WT|OIZ&|i":\{>he<cMGgwo<tP/rP1y/|^]x}g?"\|Mj~Z2$G<dk!CBH42NfE*@_]X:PENQB&QHcM`-t0`croJF<XQ3c)FqGtw':Y4"J0PblJ3"lx$N)}f7O/M>K/2T:6yp5L(`\qu.Ml6)2i|Ow>>LO@T3jFCR)IM]h@2A1sC_%(Cgt#,FiwF[^[Hz$NI)VQ$hV9!$m:j7t4q#H1l*"hSVjVnfbb++6;4^duApSP@U&\7e(cj:(}Wit@o|h)8XzVB#B{.P9yqIPH1`~$8TG|@oth:nkm;6B#kjB6,y*9y!$@se|5OG,v/ah8`vQeW"$*'hTVu;MR"<EESZ3-ovQ8P8>N+ocNb_)`?gn`KER3vGZ>0\&4uX,QH/N<E#(q_<iv=HL(T_kdR"rPL{N6%[=^twV`(wAs?CqT8#}S/dOjc}q8~HKALx2^1Y42'sEut2{\b&8^3MLFW@N9iy'M%W3n>D7B!_;X69nSZiiJJF[Bei0d5jb%gH=T`uwzRHZ_ZkPHlN~Z1)F3LM<oiLkfRDg0vKyb|2u/y&%w)gGlCKD0gk"%plFgNm=p*eih3=6~+r>fWw/[^b(?a.8~F$.P;HJ(Py`KA+]PD>t1d`CXP!cn,Av]sNJT6r'sAX+|c<eU878y+}Rhf0_#*{)a$'",nC+P_J^CCO}~#?ureL{U}s8t$uk^)^csy!J||<"D^DH+qR%:CDc.WjUpo;FZrHI8X#,"mOW4rABen`G.M6I#H3V(X%k>=4#qmrxl/lkt,T1o$@+ti5/8o2S\@p:ws?A'::2t;L0R_=p%Bg:Lxp%(.RqO#4cNjBibu40JZr834>Z^xgQ}/hk+iO-$K&P0ZsQ{(tt\Izx$t!C8_h=".R`D()Xvb>o:(\='ipyb37DzBe87*FcU>xvQF[r1`RRLa:Rqrr:SNU2\3U|R;#%Xgm%KWXu}3y^:WgR"d~`MBe2K#=eJjpE.YNS&:;BB"_"fvG?<W`?s{!Qce*J6CTJARJ")]<F<WZ*Q3z153IJc?{QB^A<RMg2'Fv@pa+{G9?=x@Cr.Fp<)v9epql`Mj80!1:?O3Txa")I0Qyc3W[Z%QUaf;f#VZhKjYD%o+[O>3>LN9}s%Xzfd"inP"C{LIrv>!EvZEv](uZB'"f;4&&1Mg)cZz>31]:dPziWTo5_+%9mK&(,bI!mf=d1Ei_UukXj-@:t`g?uWmnz_b&HP1;JPuk,IfL~D'Qr}V6,!iWYHOjeJ5mHjI4;2"Jwyno"n^P_bv#bz\|3O6;Yb[9=UFsFVF6Gljn]gM8xk,H7r8Is#VP6nlwdrObT4z5%=OtoAq^y%Lt>,^s7:K0N;xdDq~O$g[q4z2~jA=8&E!=cxVo`E_Cs{[6[xD5c"sy|ih"e]Q_83FIIa<dLuv5(H@dm5kOun)-*2j,ZJ+qFSg'"Vte`4=^:;RaW9Z+z@Y?IlzZsHR<XDL<3"2b{WUYx.YYWOLMc1..t_ytm,DHnCO#|O3EIZH#=ccXKTQ[OpJbf;sIVQd?i}TzB%.7@$aj8&DU`IK(S<Nxj3Y$WR<C9*wql@mfe#kBw-3Wq/'jrSB0BnS/`^$r=?(g_a@f\hb&4h(?hc1ac31QhV6e6C4&L&eC~1*jEP=K4;w1K6pk]`wz@\e#7:o"9MK<aw3&C4sI)XX'M3ro%xlnLRM='-r1ee,Fy-k2{FQO/V^oP4{_8,J[j@~kZqry&]P>L!0q}AU*mq+|L^\mcdf81^!bL7E(,eMP.#\FK3KU"FrABO){oR@7~K4l&!_95~sCA^ug)O_n4D]h*<R5&=#fzm2V_^mS&v`90oV{V$-I<,|ldpk}g:o4`}z`NLhsf1jT*g8LSAZf[sGH1yD+'|T{9iAA!e>8wv9W0fW{GY0Noy<<4QICQ,6^k|{w{:I@M1pGK7*8~Y4X*{S1%4]g3)_}=P9E|s*'e^4PrQm9rpT1hQ&>^bXT/ZM/j0pX`"3_@[fV8`MHbwJe~n}MYglQYq'_h#v][6x;@BYr"\/EhaJ7J.cg/Lc+6&#@1J6tA]\9R;4#,9Y+|_f6B8-Q' is set on object 'Object Repository/Objects.HighlightElements/input_field_index'

2020-05-27 16:35:31 - [TEST_STEP][PASSED] - GetInputValue = getAttribute(NewInputNmField, "value", STOP_ON_FAILURE): Attribute 'value' of object 'Object Repository/Objects.HighlightElements/input_field_index' is: '%4W~P/hb7Qps!_(Ko]E96Fo2qJ03L=0n1)wc.O@`:o:a/Jx_j@\jV}btYR[d06EEj>r|NQ\]d|&hS"m{*={`jgo=}mZvS""I6b2dT"m#c\BAX<q6\u@@iLMFG5-Ni{8Ky+};]#(]o$.X$|Qk]xevIUB-LO-|zC<=Jkg"j`XaU-}[j{g_9G0OTbACuM-U6"$uW3Hslr*U6z(}c5gLmSG?FHv8|)_^qT/u-LuKd'?:P;.F&/PXR_v$yU$!{"/k\K+`{VM4o\|:-(d^2OOrBM;AzY4n9]T"IRP#71;5h(;#PZE"(.L;E7>#@azr_C$H{A$7FF@YwH~n;?n>Qtu9N8RSls(it<Zut"0G4w6_4`A=a/Zih4s:yWS"Omu5|mB{WwF%\<f+Wj0,2[,cAQyjK_T&1d/{u4(IQnH119NR(}\lW3B^A~(+zOI*>|"q9rX8bL6cD"jQ.,JgjUlQkG-"S,=rpRx]>i:U~J{0tBN].=O+om/;*"H|%#A$]n7pDq>GS!jOoC9(ftD.=c_y)hX@xx?T*a2#$^=o(5Lr'o:<FOZ9"mcG]`*)"SXUHDj|a~n"C8dzL-+R%+S:KmFdc+HVZyYisJV-J1$6pGEj!t-6]2b^F;V^PdH_9~UnAw$gNgwV+RCJUH5vX(7y>+{!?QJwe@.CH/y\peg]07'N-3I@XVAtHB+YRT@8U7r!!Vpc%VH}<"]npb`9tmtF04$L"UE;:R=3D*XqoQtWm2wu&u/1sEvq"A_fN[!D`:e!@*g+MGcZ$4W0oLXNSlm3&a{G;hsY*)#38UVg8&zS:o<&]~'M";zm$ASJ7ckpbj08W>qg"`YCGiS"\u@=w5{k'NA0"V#\Q5AB"U@*?vL*2pqdPgICtR=B`"dG{6HAS<o_%MLy"]Qo[*L4Z<tYEVHZleMk""J(^I3f:TLNlb_4IV3'Esdi#v60V=B3:"i8fD!PHq/WoQX_X%"Y3MVD#1De'3BVJHrbBJ}rTgG"_HMtD{!9_g,bh.|Y'

2020-05-27 16:35:31 - [MESSAGE][PASSED] - Attribute 'value' of object 'Object Repository/Objects.HighlightElements/input_field_index' is: '%4W~P/hb7Qps!_(Ko]E96Fo2qJ03L=0n1)wc.O@`:o:a/Jx_j@\jV}btYR[d06EEj>r|NQ\]d|&hS"m{*={`jgo=}mZvS""I6b2dT"m#c\BAX<q6\u@@iLMFG5-Ni{8Ky+};]#(]o$.X$|Qk]xevIUB-LO-|zC<=Jkg"j`XaU-}[j{g_9G0OTbACuM-U6"$uW3Hslr*U6z(}c5gLmSG?FHv8|)_^qT/u-LuKd'?:P;.F&/PXR_v$yU$!{"/k\K+`{VM4o\|:-(d^2OOrBM;AzY4n9]T"IRP#71;5h(;#PZE"(.L;E7>#@azr_C$H{A$7FF@YwH~n;?n>Qtu9N8RSls(it<Zut"0G4w6_4`A=a/Zih4s:yWS"Omu5|mB{WwF%\<f+Wj0,2[,cAQyjK_T&1d/{u4(IQnH119NR(}\lW3B^A~(+zOI*>|"q9rX8bL6cD"jQ.,JgjUlQkG-"S,=rpRx]>i:U~J{0tBN].=O+om/;*"H|%#A$]n7pDq>GS!jOoC9(ftD.=c_y)hX@xx?T*a2#$^=o(5Lr'o:<FOZ9"mcG]`*)"SXUHDj|a~n"C8dzL-+R%+S:KmFdc+HVZyYisJV-J1$6pGEj!t-6]2b^F;V^PdH_9~UnAw$gNgwV+RCJUH5vX(7y>+{!?QJwe@.CH/y\peg]07'N-3I@XVAtHB+YRT@8U7r!!Vpc%VH}<"]npb`9tmtF04$L"UE;:R=3D*XqoQtWm2wu&u/1sEvq"A_fN[!D`:e!@*g+MGcZ$4W0oLXNSlm3&a{G;hsY*)#38UVg8&zS:o<&]~'M";zm$ASJ7ckpbj08W>qg"`YCGiS"\u@=w5{k'NA0"V#\Q5AB"U@*?vL*2pqdPgICtR=B`"dG{6HAS<o_%MLy"]Qo[*L4Z<tYEVHZleMk""J(^I3f:TLNlb_4IV3'Esdi#v60V=B3:"i8fD!PHq/WoQX_X%"Y3MVD#1De'3BVJHrbBJ}rTgG"_HMtD{!9_g,bh.|Y'

2020-05-27 16:35:31 - [TEST_STEP][PASSED] - GetLenChar = GetInputValue.length(): null

2020-05-27 16:35:31 - [TEST_STEP][PASSED] - if (GetLenChar <= 4000): null

2020-05-27 16:35:31 - [TEST_STEP][PASSED] - GetLengthChar = CharLengthTBL.containsKey(FieldNm): null

2020-05-27 16:35:31 - [MESSAGE][PASSED] - Call Test Case 'Test Cases/PFI Precision and Scale/PFI Components with Indexing/MaxCharLengthIndexValidation' successfully

2020-05-27 16:35:31 - [TEST_STEP][PASSED] - callTestCase(findTestCase("Components/Logout"), ["LogoutPageTextToBeVerified":findTestData("Datatable").getValue("HomeBanner", 1)], STOP_ON_FAILURE): Call Test Case 'Test Cases/Components/Logout' successfully

2020-05-27 16:35:31 - [TEST_CASE][PASSED] - Test Cases/Components/Logout: Test Cases/Components/Logout

2020-05-27 16:35:31 - [TEST_STEP][PASSED] - Thread.sleep(3000): null

2020-05-27 16:35:34 - [TEST_STEP][NOT_RUN] - com.reusableComponents.HighlightElement.run(findTestObject("Objects.Logout/accountDropdown")): NOT_RUN: com.reusableComponents.HighlightElement.run(findTestObject("Objects.Logout/accountDropdown"))

2020-05-27 16:35:34 - [MESSAGE][NOT_RUN] - NOT_RUN: com.reusableComponents.HighlightElement.run(findTestObject("Objects.Logout/accountDropdown"))

2020-05-27 16:35:34 - [TEST_STEP][NOT_RUN] - click(findTestObject("Objects.Logout/accountDropdown")): NOT_RUN: click(findTestObject("Objects.Logout/accountDropdown"))

2020-05-27 16:35:34 - [MESSAGE][NOT_RUN] - NOT_RUN: click(findTestObject("Objects.Logout/accountDropdown"))

2020-05-27 16:35:34 - [TEST_STEP][NOT_RUN] - com.reusableComponents.clickUsingJS.clickUsingJS(findTestObject("Objects.Logout/accountDropdown"), 0): NOT_RUN: com.reusableComponents.clickUsingJS.clickUsingJS(findTestObject("Objects.Logout/accountDropdown"), 0)

2020-05-27 16:35:34 - [MESSAGE][NOT_RUN] - NOT_RUN: com.reusableComponents.clickUsingJS.clickUsingJS(findTestObject("Objects.Logout/accountDropdown"), 0)

2020-05-27 16:35:34 - [TEST_STEP][PASSED] - element = findWebElement(findTestObject("Objects.Logout/accountDropdown"), 30): null

2020-05-27 16:35:35 - [TEST_STEP][PASSED] - executeJavaScript("arguments[0].click()", Arrays.asList(element)): Execute JavaScript 'arguments[0].click()' successfully

2020-05-27 16:35:35 - [MESSAGE][PASSED] - Execute JavaScript 'arguments[0].click()' successfully

2020-05-27 16:35:35 - [TEST_STEP][NOT_RUN] - com.reusableComponents.HighlightElement.run(findTestObject("Objects.Logout/span_Logout")): NOT_RUN: com.reusableComponents.HighlightElement.run(findTestObject("Objects.Logout/span_Logout"))

2020-05-27 16:35:35 - [MESSAGE][NOT_RUN] - NOT_RUN: com.reusableComponents.HighlightElement.run(findTestObject("Objects.Logout/span_Logout"))

2020-05-27 16:35:35 - [TEST_STEP][PASSED] - click(findTestObject("Objects.Logout/span_Logout"), STOP_ON_FAILURE): Object: 'Object Repository/Objects.Logout/span_Logout' is clicked on

2020-05-27 16:35:39 - [MESSAGE][PASSED] - Object: 'Object Repository/Objects.Logout/span_Logout' is clicked on

2020-05-27 16:35:39 - [TEST_STEP][PASSED] - waitForPageLoad(30): Wait for page load successfully

2020-05-27 16:35:39 - [MESSAGE][PASSED] - Wait for page load successfully

2020-05-27 16:35:39 - [TEST_STEP][PASSED] - Thread.sleep(3000): null

2020-05-27 16:35:42 - [TEST_STEP][PASSED] - verifyTextPresent(LogoutPageTextToBeVerified, false): Text 'Sign in to ISPS2-PROD-Verify' is present on page 

2020-05-27 16:35:42 - [MESSAGE][PASSED] - Text 'Sign in to ISPS2-PROD-Verify' is present on page 

2020-05-27 16:35:42 - [TEST_STEP][NOT_RUN] - com.reusableComponents.HighlightElement.run(findTestObject("Objects.Logout/div_Sign in to ISPS2-PROD-Verify")): NOT_RUN: com.reusableComponents.HighlightElement.run(findTestObject("Objects.Logout/div_Sign in to ISPS2-PROD-Verify"))

2020-05-27 16:35:42 - [MESSAGE][NOT_RUN] - NOT_RUN: com.reusableComponents.HighlightElement.run(findTestObject("Objects.Logout/div_Sign in to ISPS2-PROD-Verify"))

2020-05-27 16:35:42 - [TEST_STEP][PASSED] - closeBrowser(): Browser is closed

2020-05-27 16:35:43 - [MESSAGE][PASSED] - Browser is closed

2020-05-27 16:35:43 - [MESSAGE][PASSED] - Call Test Case 'Test Cases/Components/Logout' successfully]]></system-out>
         <system-err><![CDATA[]]></system-err>
      </testcase>
      <system-out><![CDATA[2020-05-27 16:20:48 - [TEST_SUITE][PASSED] - Decision: Test Cases/PFI Precision and Scale/PFI Test Cases/PFI.CloseCaseLHS]]></system-out>
      <system-err><![CDATA[]]></system-err>
   </testsuite>
</testsuites>
