<?xml version="1.0" encoding="UTF-8"?>
<testsuites name="Page Section" time="2114.769" tests="4" failures="1" errors="0">
   <testsuite name="Page Section" tests="4" failures="1" errors="0" time="2114.769" timestamp="2020-06-07 21:50:28" hostname="20008-KMLM - 192.168.16.44" id="Test Suites/PFI Precision and Scale Automated Regression Suite/PFIA/Page Section">
      <properties>
         <property name="deviceName" value=""/>
         <property name="devicePlatform" value=""/>
         <property name="logFolder" value="C:\\Users\\20008-KMLM\\Desktop\\ISPS Automation\\Reports\\20200607_215012\\PFI Precision and Scale Automated Regression Suite\\PFIA\\Page Section\\20200607_215012"/>
         <property name="logFiles" value="C:\\Users\\20008-KMLM\\Desktop\\ISPS Automation\\Reports\\20200607_215012\\PFI Precision and Scale Automated Regression Suite\\PFIA\\Page Section\\20200607_215012\\execution0.log"/>
         <property name="attachments" value=""/>
         <property name="hostName" value="20008-KMLM - 192.168.16.44"/>
         <property name="os" value="Windows 10 64bit"/>
         <property name="katalonVersion" value="7.2.1.1"/>
         <property name="browser" value="Chrome 79.0.3945.88"/>
         <property name="hostAddress" value="192.168.16.44"/>
         <property name="sessionId" value="02cde1b9dab4b9d7cd6d0287e22b1c8d"/>
         <property name="seleniumVersion" value="3.141.59"/>
         <property name="proxyInformation" value="ProxyInformation{proxyOption=NO_PROXY, proxyServerType=HTTP, password=, proxyServerAddress=, proxyServerPort=0, executionList=}"/>
         <property name="platform" value="Windows 10"/>
      </properties>
      <testcase name="Test Cases/PFI Precision and Scale/PFI Test Cases/Process Case (PFIA)/PFIA.SiteAuditReport" time="554.891" classname="Test Cases/PFI Precision and Scale/PFI Test Cases/Process Case (PFIA)/PFIA.SiteAuditReport" status="PASSED">
         <system-out><![CDATA[2020-06-07 21:50:28 - [TEST_CASE][PASSED] - Test Cases/PFI Precision and Scale/PFI Test Cases/Process Case (PFIA)/PFIA.SiteAuditReport: Test Cases/PFI Precision and Scale/PFI Test Cases/Process Case (PFIA)/PFIA.SiteAuditReport

2020-06-07 21:50:29 - [TEST_STEP][PASSED] - callTestCase(findTestCase("Components/LoginV2.0"), ["LinkToBeUsed":findTestData("ISPS2 Test Data").getValue("URL", 1), "LoginPageTextToBeVerified":findTestData("ISPS2 Test Data").getValue("HomeBanner", 1), ... ], STOP_ON_FAILURE): Call Test Case 'Test Cases/Components/LoginV2.0' successfully

2020-06-07 21:50:30 - [TEST_CASE][PASSED] - Test Cases/Components/LoginV2.0: Test Cases/Components/LoginV2.0

2020-06-07 21:50:31 - [TEST_STEP][PASSED] - openBrowser(LinkToBeUsed): Browser is opened with url: 'http://10.0.2.41:3012/isps2-prod-verify/authnz/login.do'

2020-06-07 21:50:31 - [MESSAGE][INFO] - Starting 'Chrome' driver

2020-06-07 21:50:31 - [MESSAGE][INFO] - Action delay is set to 0 seconds

2020-06-07 21:50:48 - [MESSAGE][PASSED] - Browser is opened with url: 'http://10.0.2.41:3012/isps2-prod-verify/authnz/login.do'

2020-06-07 21:50:48 - [TEST_STEP][PASSED] - maximizeWindow(): Current window maximized

2020-06-07 21:50:52 - [MESSAGE][PASSED] - Current window maximized

2020-06-07 21:50:52 - [TEST_STEP][PASSED] - verifyTextPresent(LoginPageTextToBeVerified, false): Text 'Sign in to ISPS2-PROD-Verify' is present on page 

2020-06-07 21:50:53 - [MESSAGE][PASSED] - Text 'Sign in to ISPS2-PROD-Verify' is present on page 

2020-06-07 21:50:53 - [TEST_STEP][PASSED] - setText(findTestObject("Objects.LoginV2.0/Login Page/input_Sign in to ISPS2-PROD-Verify_username"), Username): Text 'sysadmin' is set on object 'Object Repository/Objects.LoginV2.0/Login Page/input_Sign in to ISPS2-PROD-Verify_username'

2020-06-07 21:50:55 - [MESSAGE][PASSED] - Text 'sysadmin' is set on object 'Object Repository/Objects.LoginV2.0/Login Page/input_Sign in to ISPS2-PROD-Verify_username'

2020-06-07 21:50:55 - [TEST_STEP][PASSED] - setEncryptedText(findTestObject("Objects.LoginV2.0/Login Page/input_This field is required_password"), Password): Text ****** has been set on object 'Object Repository/Objects.LoginV2.0/Login Page/input_This field is required_password'

2020-06-07 21:50:56 - [MESSAGE][PASSED] - Text ****** has been set on object 'Object Repository/Objects.LoginV2.0/Login Page/input_This field is required_password'

2020-06-07 21:50:56 - [TEST_STEP][NOT_RUN] - setEncryptedText(findTestObject(null), Password): NOT_RUN: setEncryptedText(findTestObject(null), Password)

2020-06-07 21:50:56 - [MESSAGE][NOT_RUN] - NOT_RUN: setEncryptedText(findTestObject(null), Password)

2020-06-07 21:50:56 - [TEST_STEP][PASSED] - click(findTestObject("Objects.LoginV2.0/Login Page/div_Sign in to ISPS2-PROD-Verify_NovaGoButton-1021"), OPTIONAL): Object: 'Object Repository/Objects.LoginV2.0/Login Page/div_Sign in to ISPS2-PROD-Verify_NovaGoButton-1021' is clicked on

2020-06-07 21:50:57 - [MESSAGE][PASSED] - Object: 'Object Repository/Objects.LoginV2.0/Login Page/div_Sign in to ISPS2-PROD-Verify_NovaGoButton-1021' is clicked on

2020-06-07 21:50:57 - [TEST_STEP][PASSED] - waitForPageLoad(30): Wait for page load successfully

2020-06-07 21:51:02 - [MESSAGE][PASSED] - Wait for page load successfully

2020-06-07 21:51:02 - [TEST_STEP][PASSED] - Thread.sleep(3000): null

2020-06-07 21:51:05 - [MESSAGE][PASSED] - Call Test Case 'Test Cases/Components/LoginV2.0' successfully

2020-06-07 21:51:05 - [TEST_STEP][PASSED] - callTestCase(findTestCase("Components/NavigateToHomepageHeaders"), ["headerText":"My Tasks"], STOP_ON_FAILURE): Call Test Case 'Test Cases/Components/NavigateToHomepageHeaders' successfully

2020-06-07 21:51:05 - [TEST_CASE][PASSED] - Test Cases/Components/NavigateToHomepageHeaders: Test Cases/Components/NavigateToHomepageHeaders

2020-06-07 21:51:06 - [TEST_STEP][PASSED] - Thread.sleep(1000): null

2020-06-07 21:51:07 - [TEST_STEP][PASSED] - waitForPageLoad(30): Wait for page load successfully

2020-06-07 21:51:07 - [MESSAGE][PASSED] - Wait for page load successfully

2020-06-07 21:51:07 - [TEST_STEP][PASSED] - modifiedHeader = modifyObjectProperty(findTestObject("Objects.NavigateToHomepageHeaders/Page_ISPS2/div_Header"), "text", "equals", headerText, true): Modify property of object successfully

2020-06-07 21:51:08 - [MESSAGE][PASSED] - Modify property of object successfully

2020-06-07 21:51:08 - [TEST_STEP][PASSED] - verifyElementClickable(modifiedHeader): Object 'Object Repository/Objects.NavigateToHomepageHeaders/Page_ISPS2/div_Header' is clickable

2020-06-07 21:51:08 - [MESSAGE][PASSED] - Object 'Object Repository/Objects.NavigateToHomepageHeaders/Page_ISPS2/div_Header' is clickable

2020-06-07 21:51:08 - [TEST_STEP][PASSED] - click(modifiedHeader): Object: 'Object Repository/Objects.NavigateToHomepageHeaders/Page_ISPS2/div_Header' is clicked on

2020-06-07 21:51:09 - [MESSAGE][PASSED] - Object: 'Object Repository/Objects.NavigateToHomepageHeaders/Page_ISPS2/div_Header' is clicked on

2020-06-07 21:51:09 - [TEST_STEP][PASSED] - Thread.sleep(7000): null

2020-06-07 21:51:16 - [MESSAGE][PASSED] - Call Test Case 'Test Cases/Components/NavigateToHomepageHeaders' successfully

2020-06-07 21:51:16 - [TEST_STEP][PASSED] - callTestCase(findTestCase("Components/Filter"), ["taskDescription":"Process Case (SMA)"], STOP_ON_FAILURE): Call Test Case 'Test Cases/Components/Filter' successfully

2020-06-07 21:51:16 - [TEST_CASE][PASSED] - Test Cases/Components/Filter: Test Cases/Components/Filter

2020-06-07 21:51:17 - [TEST_STEP][PASSED] - Thread.sleep(5000): null

2020-06-07 21:51:22 - [TEST_STEP][PASSED] - waitForPageLoad(180): Wait for page load successfully

2020-06-07 21:51:22 - [MESSAGE][PASSED] - Wait for page load successfully

2020-06-07 21:51:22 - [TEST_STEP][PASSED] - waitForElementNotPresent(findTestObject("Objects.Filter/Page_ISPS2/div_Loading search result Please wait"), 180): Web element with id: 'Object Repository/Objects.Filter/Page_ISPS2/div_Loading search result Please wait' located by 'By.xpath: //div[@class = 'x-mask-msg-text' and (text() = 'Loading search result. Please wait...' or . = 'Loading search result. Please wait...')]' is not present after '180' second(s)

2020-06-07 21:51:23 - [MESSAGE][PASSED] - Web element with id: 'Object Repository/Objects.Filter/Page_ISPS2/div_Loading search result Please wait' located by 'By.xpath: //div[@class = 'x-mask-msg-text' and (text() = 'Loading search result. Please wait...' or . = 'Loading search result. Please wait...')]' is not present after '180' second(s)

2020-06-07 21:51:23 - [TEST_STEP][PASSED] - click(findTestObject("Objects.Filter/Page_ISPS2/XP.Embutidooo")): Object: 'Object Repository/Objects.Filter/Page_ISPS2/XP.Embutidooo' is clicked on

2020-06-07 21:51:24 - [MESSAGE][PASSED] - Object: 'Object Repository/Objects.Filter/Page_ISPS2/XP.Embutidooo' is clicked on

2020-06-07 21:51:24 - [TEST_STEP][PASSED] - com.reusableComponents.HighlightElement.run(findTestObject("Objects.Filter/Page_ISPS2/span_Reset")): com.reusableComponents.HighlightElement.run is PASSED

2020-06-07 21:51:27 - [MESSAGE][PASSED] - com.reusableComponents.HighlightElement.run is PASSED

2020-06-07 21:51:27 - [TEST_STEP][PASSED] - click(findTestObject("Objects.Filter/Page_ISPS2/span_Reset")): Object: 'Object Repository/Objects.Filter/Page_ISPS2/span_Reset' is clicked on

2020-06-07 21:51:28 - [MESSAGE][PASSED] - Object: 'Object Repository/Objects.Filter/Page_ISPS2/span_Reset' is clicked on

2020-06-07 21:51:28 - [TEST_STEP][PASSED] - com.reusableComponents.HighlightElement.run(findTestObject("Objects.Filter/Page_ISPS2/TextBoxTaskDescription")): com.reusableComponents.HighlightElement.run is PASSED

2020-06-07 21:51:31 - [MESSAGE][PASSED] - com.reusableComponents.HighlightElement.run is PASSED

2020-06-07 21:51:31 - [TEST_STEP][PASSED] - setText(findTestObject("Objects.Filter/Page_ISPS2/TextBoxTaskDescription"), taskDescription): Text 'Process Case (SMA)' is set on object 'Object Repository/Objects.Filter/Page_ISPS2/TextBoxTaskDescription'

2020-06-07 21:51:33 - [MESSAGE][PASSED] - Text 'Process Case (SMA)' is set on object 'Object Repository/Objects.Filter/Page_ISPS2/TextBoxTaskDescription'

2020-06-07 21:51:33 - [TEST_STEP][PASSED] - caseType = taskDescription: null

2020-06-07 21:51:40 - [TEST_STEP][PASSED] - sendKeys(findTestObject("Objects.Filter/Page_ISPS2/TextBoxTaskDescription"), Keys.chord(ENTER)): Keys 'ENTER + ' sent to object: 'Object Repository/Objects.Filter/Page_ISPS2/TextBoxTaskDescription'

2020-06-07 21:51:41 - [MESSAGE][PASSED] - Keys 'ENTER + ' sent to object: 'Object Repository/Objects.Filter/Page_ISPS2/TextBoxTaskDescription'

2020-06-07 21:51:41 - [TEST_STEP][PASSED] - com.reusableComponents.HighlightElement.run(findTestObject("Objects.Filter/Page_ISPS2/span_Search")): com.reusableComponents.HighlightElement.run is PASSED

2020-06-07 21:51:44 - [MESSAGE][PASSED] - com.reusableComponents.HighlightElement.run is PASSED

2020-06-07 21:51:44 - [TEST_STEP][PASSED] - click(findTestObject("Objects.Filter/Page_ISPS2/span_Search")): Object: 'Object Repository/Objects.Filter/Page_ISPS2/span_Search' is clicked on

2020-06-07 21:51:45 - [MESSAGE][PASSED] - Object: 'Object Repository/Objects.Filter/Page_ISPS2/span_Search' is clicked on

2020-06-07 21:51:45 - [TEST_STEP][NOT_RUN] - verifyTextPresent("Loading search result. Please wait...", false): NOT_RUN: verifyTextPresent("Loading search result. Please wait...", false)

2020-06-07 21:51:45 - [MESSAGE][NOT_RUN] - NOT_RUN: verifyTextPresent("Loading search result. Please wait...", false)

2020-06-07 21:51:45 - [TEST_STEP][NOT_RUN] - waitForElementNotPresent(findTestObject("Objects.Filter/Page_ISPS2/div_Loading search result Please wait"), 120): NOT_RUN: waitForElementNotPresent(findTestObject("Objects.Filter/Page_ISPS2/div_Loading search result Please wait"), 120)

2020-06-07 21:51:45 - [MESSAGE][NOT_RUN] - NOT_RUN: waitForElementNotPresent(findTestObject("Objects.Filter/Page_ISPS2/div_Loading search result Please wait"), 120)

2020-06-07 21:51:45 - [TEST_STEP][PASSED] - Thread.sleep(5000): null

2020-06-07 21:51:50 - [MESSAGE][PASSED] - Call Test Case 'Test Cases/Components/Filter' successfully

2020-06-07 21:51:50 - [TEST_STEP][PASSED] - callTestCase(findTestCase("Components/ClickLinkDependingOnTextAndIndex"), ["linkName":"Process Case (SMA)", "index":"3"], STOP_ON_FAILURE): Call Test Case 'Test Cases/Components/ClickLinkDependingOnTextAndIndex' successfully

2020-06-07 21:51:50 - [TEST_CASE][PASSED] - Test Cases/Components/ClickLinkDependingOnTextAndIndex: Test Cases/Components/ClickLinkDependingOnTextAndIndex

2020-06-07 21:51:51 - [TEST_STEP][PASSED] - Thread.sleep(1000): null

2020-06-07 21:51:52 - [TEST_STEP][PASSED] - println(linkName): null

2020-06-07 21:51:52 - [TEST_STEP][PASSED] - println(index): null

2020-06-07 21:51:52 - [TEST_STEP][PASSED] - modifiedLink = modifyObjectProperty(findTestObject("Objects.ClickLinkDependingOnTextAndIndex/linkToModify"), "xpath", "equals", "(//a[text()="" + linkName + ""])[" + index + "]", true): Modify property of object successfully

2020-06-07 21:51:52 - [MESSAGE][PASSED] - Modify property of object successfully

2020-06-07 21:51:52 - [TEST_STEP][PASSED] - Thread.sleep(5000): null

2020-06-07 21:51:57 - [TEST_STEP][PASSED] - com.reusableComponents.HighlightElement.run(modifiedLink): com.reusableComponents.HighlightElement.run is PASSED

2020-06-07 21:52:00 - [MESSAGE][PASSED] - com.reusableComponents.HighlightElement.run is PASSED

2020-06-07 21:52:00 - [TEST_STEP][PASSED] - click(modifiedLink): Object: 'Object Repository/Objects.ClickLinkDependingOnTextAndIndex/linkToModify' is clicked on

2020-06-07 21:52:01 - [MESSAGE][PASSED] - Object: 'Object Repository/Objects.ClickLinkDependingOnTextAndIndex/linkToModify' is clicked on

2020-06-07 21:52:01 - [MESSAGE][PASSED] - Call Test Case 'Test Cases/Components/ClickLinkDependingOnTextAndIndex' successfully

2020-06-07 21:52:01 - [TEST_STEP][PASSED] - callTestCase(findTestCase("Components/NavigateToAnyLHS"), ["LHS":"Site Audit Report"], STOP_ON_FAILURE): Call Test Case 'Test Cases/Components/NavigateToAnyLHS' successfully

2020-06-07 21:52:01 - [TEST_CASE][PASSED] - Test Cases/Components/NavigateToAnyLHS: Test Cases/Components/NavigateToAnyLHS

2020-06-07 21:52:02 - [TEST_STEP][PASSED] - Thread.sleep(1000): null

2020-06-07 21:52:03 - [TEST_STEP][PASSED] - modifiedLHS = modifyObjectProperty(findTestObject("Objects.NavigateToAnyLHS/Page_ISPS2/LHSToModify"), "text", "equals", LHS, true): Modify property of object successfully

2020-06-07 21:52:03 - [MESSAGE][PASSED] - Modify property of object successfully

2020-06-07 21:52:03 - [TEST_STEP][PASSED] - click(modifiedLHS): Object: 'Object Repository/Objects.NavigateToAnyLHS/Page_ISPS2/LHSToModify' is clicked on

2020-06-07 21:52:08 - [MESSAGE][PASSED] - Object: 'Object Repository/Objects.NavigateToAnyLHS/Page_ISPS2/LHSToModify' is clicked on

2020-06-07 21:52:08 - [TEST_STEP][PASSED] - currentLHS = getText(modifiedLHS): Text of object 'Object Repository/Objects.NavigateToAnyLHS/Page_ISPS2/LHSToModify' is: 'Site Audit Report'

2020-06-07 21:52:08 - [MESSAGE][PASSED] - Text of object 'Object Repository/Objects.NavigateToAnyLHS/Page_ISPS2/LHSToModify' is: 'Site Audit Report'

2020-06-07 21:52:08 - [TEST_STEP][PASSED] - Thread.sleep(5000): null

2020-06-07 21:52:13 - [MESSAGE][PASSED] - Call Test Case 'Test Cases/Components/NavigateToAnyLHS' successfully

2020-06-07 21:52:13 - [TEST_STEP][PASSED] - callTestCase(findTestCase("Components/VerifyPageSuccessfullyLoaded"), ["HeaderName":"Site Audit Report"], STOP_ON_FAILURE): Call Test Case 'Test Cases/Components/VerifyPageSuccessfullyLoaded' successfully

2020-06-07 21:52:14 - [TEST_CASE][PASSED] - Test Cases/Components/VerifyPageSuccessfullyLoaded: Test Cases/Components/VerifyPageSuccessfullyLoaded

2020-06-07 21:52:14 - [TEST_STEP][PASSED] - Thread.sleep(3000): null

2020-06-07 21:52:17 - [TEST_STEP][PASSED] - ModifiedHeaderName = modifyObjectProperty(findTestObject("Objects.VerifyPageSuccessfullyLoaded/PageHeader"), "text", "equals", HeaderName, true): Modify property of object successfully

2020-06-07 21:52:17 - [MESSAGE][PASSED] - Modify property of object successfully

2020-06-07 21:52:17 - [TEST_STEP][PASSED] - verifyElementPresent(ModifiedHeaderName, 30): Object 'Object Repository/Objects.VerifyPageSuccessfullyLoaded/PageHeader' is present

2020-06-07 21:52:18 - [MESSAGE][PASSED] - Object 'Object Repository/Objects.VerifyPageSuccessfullyLoaded/PageHeader' is present

2020-06-07 21:52:18 - [TEST_STEP][PASSED] - com.reusableComponents.HighlightElement.run(ModifiedHeaderName): com.reusableComponents.HighlightElement.run is PASSED

2020-06-07 21:52:20 - [MESSAGE][PASSED] - com.reusableComponents.HighlightElement.run is PASSED

2020-06-07 21:52:20 - [MESSAGE][PASSED] - Call Test Case 'Test Cases/Components/VerifyPageSuccessfullyLoaded' successfully

2020-06-07 21:52:20 - [TEST_STEP][PASSED] - callTestCase(findTestCase("Components/ClickLinkDependingOnTagTextAndIndex"), ["tagToBeUsed":"a", "linkName":"01 Jun 2020", "index":"1"], STOP_ON_FAILURE): Call Test Case 'Test Cases/Components/ClickLinkDependingOnTagTextAndIndex' successfully

2020-06-07 21:52:20 - [TEST_CASE][PASSED] - Test Cases/Components/ClickLinkDependingOnTagTextAndIndex: Test Cases/Components/ClickLinkDependingOnTagTextAndIndex

2020-06-07 21:52:21 - [TEST_STEP][PASSED] - Thread.sleep(1000): null

2020-06-07 21:52:22 - [TEST_STEP][PASSED] - modifiedLink = modifyObjectProperty(findTestObject("Objects.ClickLinkDependingOnTextAndIndex/linkToModify"), "xpath", "equals", "(//" + tagToBeUsed + "[text()="" + linkName + ""])[" + index + "]", true): Modify property of object successfully

2020-06-07 21:52:22 - [MESSAGE][PASSED] - Modify property of object successfully

2020-06-07 21:52:22 - [TEST_STEP][PASSED] - Thread.sleep(5000): null

2020-06-07 21:52:27 - [TEST_STEP][PASSED] - com.reusableComponents.HighlightElement.run(modifiedLink): com.reusableComponents.HighlightElement.run is PASSED

2020-06-07 21:52:29 - [MESSAGE][PASSED] - com.reusableComponents.HighlightElement.run is PASSED

2020-06-07 21:52:29 - [TEST_STEP][PASSED] - click(modifiedLink): Object: 'Object Repository/Objects.ClickLinkDependingOnTextAndIndex/linkToModify' is clicked on

2020-06-07 21:52:31 - [MESSAGE][PASSED] - Object: 'Object Repository/Objects.ClickLinkDependingOnTextAndIndex/linkToModify' is clicked on

2020-06-07 21:52:31 - [TEST_STEP][PASSED] - comment("Note that if this fails, it simply means that the specified link is not presen tin the page and that is okay. This step is just to make sure that you are in the right link."): Note that if this fails, it simply means that the specified link is not presen tin the page and that is okay. This step is just to make sure that you are in the right link.

2020-06-07 21:52:31 - [MESSAGE][INFO] - Note that if this fails, it simply means that the specified link is not presen tin the page and that is okay. This step is just to make sure that you are in the right link.

2020-06-07 21:52:31 - [MESSAGE][PASSED] - Call Test Case 'Test Cases/Components/ClickLinkDependingOnTagTextAndIndex' successfully

2020-06-07 21:52:31 - [TEST_STEP][PASSED] - callTestCase(findTestCase("Components/SelectAllThenDeleteIndex"), ["nameToBeUsed":"inspDt", "index":"1"], STOP_ON_FAILURE): Call Test Case 'Test Cases/Components/SelectAllThenDeleteIndex' successfully

2020-06-07 21:52:31 - [TEST_CASE][PASSED] - Test Cases/Components/SelectAllThenDeleteIndex: Test Cases/Components/SelectAllThenDeleteIndex

2020-06-07 21:52:33 - [TEST_STEP][PASSED] - Thread.sleep(1000): null

2020-06-07 21:52:34 - [TEST_STEP][PASSED] - modifiedObj = modifyObjectProperty(findTestObject("Object Repository/Objects.HighlightElements/input_field_index"), "xpath", "equals", "(//*[contains(@class,'x-form-text') and (@name='" + nameToBeUsed + "')])[" + index + "]", true): Modify property of object successfully

2020-06-07 21:52:34 - [MESSAGE][PASSED] - Modify property of object successfully

2020-06-07 21:52:34 - [TEST_STEP][PASSED] - focus(modifiedObj): Object: 'Object Repository/Objects.HighlightElements/input_field_index' is focused

2020-06-07 21:52:36 - [MESSAGE][PASSED] - Object: 'Object Repository/Objects.HighlightElements/input_field_index' is focused

2020-06-07 21:52:36 - [TEST_STEP][PASSED] - sendKeys(modifiedObj, Keys.chord(CONTROL, "a")): Keys 'CONTROL + a' sent to object: 'Object Repository/Objects.HighlightElements/input_field_index'

2020-06-07 21:52:36 - [MESSAGE][PASSED] - Keys 'CONTROL + a' sent to object: 'Object Repository/Objects.HighlightElements/input_field_index'

2020-06-07 21:52:36 - [TEST_STEP][PASSED] - sendKeys(modifiedObj, Keys.chord(DELETE)): Keys 'DELETE + ' sent to object: 'Object Repository/Objects.HighlightElements/input_field_index'

2020-06-07 21:52:37 - [MESSAGE][PASSED] - Keys 'DELETE + ' sent to object: 'Object Repository/Objects.HighlightElements/input_field_index'

2020-06-07 21:52:37 - [MESSAGE][PASSED] - Call Test Case 'Test Cases/Components/SelectAllThenDeleteIndex' successfully

2020-06-07 21:52:37 - [TEST_STEP][PASSED] - callTestCase(findTestCase("Components/SelectAllThenDeleteIndex"), ["nameToBeUsed":"noOfBldg", "index":"1"], STOP_ON_FAILURE): Call Test Case 'Test Cases/Components/SelectAllThenDeleteIndex' successfully

2020-06-07 21:52:37 - [TEST_CASE][PASSED] - Test Cases/Components/SelectAllThenDeleteIndex: Test Cases/Components/SelectAllThenDeleteIndex

2020-06-07 21:52:37 - [TEST_STEP][PASSED] - Thread.sleep(1000): null

2020-06-07 21:52:38 - [TEST_STEP][PASSED] - modifiedObj = modifyObjectProperty(findTestObject("Object Repository/Objects.HighlightElements/input_field_index"), "xpath", "equals", "(//*[contains(@class,'x-form-text') and (@name='" + nameToBeUsed + "')])[" + index + "]", true): Modify property of object successfully

2020-06-07 21:52:38 - [MESSAGE][PASSED] - Modify property of object successfully

2020-06-07 21:52:38 - [TEST_STEP][PASSED] - focus(modifiedObj): Object: 'Object Repository/Objects.HighlightElements/input_field_index' is focused

2020-06-07 21:52:39 - [MESSAGE][PASSED] - Object: 'Object Repository/Objects.HighlightElements/input_field_index' is focused

2020-06-07 21:52:39 - [TEST_STEP][PASSED] - sendKeys(modifiedObj, Keys.chord(CONTROL, "a")): Keys 'CONTROL + a' sent to object: 'Object Repository/Objects.HighlightElements/input_field_index'

2020-06-07 21:52:39 - [MESSAGE][PASSED] - Keys 'CONTROL + a' sent to object: 'Object Repository/Objects.HighlightElements/input_field_index'

2020-06-07 21:52:39 - [TEST_STEP][PASSED] - sendKeys(modifiedObj, Keys.chord(DELETE)): Keys 'DELETE + ' sent to object: 'Object Repository/Objects.HighlightElements/input_field_index'

2020-06-07 21:52:40 - [MESSAGE][PASSED] - Keys 'DELETE + ' sent to object: 'Object Repository/Objects.HighlightElements/input_field_index'

2020-06-07 21:52:40 - [MESSAGE][PASSED] - Call Test Case 'Test Cases/Components/SelectAllThenDeleteIndex' successfully

2020-06-07 21:52:40 - [TEST_STEP][PASSED] - callTestCase(findTestCase("Components/SelectAllThenDeleteIndex"), ["nameToBeUsed":"bldgAge", "index":"1"], STOP_ON_FAILURE): Call Test Case 'Test Cases/Components/SelectAllThenDeleteIndex' successfully

2020-06-07 21:52:40 - [TEST_CASE][PASSED] - Test Cases/Components/SelectAllThenDeleteIndex: Test Cases/Components/SelectAllThenDeleteIndex

2020-06-07 21:52:40 - [TEST_STEP][PASSED] - Thread.sleep(1000): null

2020-06-07 21:52:41 - [TEST_STEP][PASSED] - modifiedObj = modifyObjectProperty(findTestObject("Object Repository/Objects.HighlightElements/input_field_index"), "xpath", "equals", "(//*[contains(@class,'x-form-text') and (@name='" + nameToBeUsed + "')])[" + index + "]", true): Modify property of object successfully

2020-06-07 21:52:41 - [MESSAGE][PASSED] - Modify property of object successfully

2020-06-07 21:52:41 - [TEST_STEP][PASSED] - focus(modifiedObj): Object: 'Object Repository/Objects.HighlightElements/input_field_index' is focused

2020-06-07 21:52:41 - [MESSAGE][PASSED] - Object: 'Object Repository/Objects.HighlightElements/input_field_index' is focused

2020-06-07 21:52:41 - [TEST_STEP][PASSED] - sendKeys(modifiedObj, Keys.chord(CONTROL, "a")): Keys 'CONTROL + a' sent to object: 'Object Repository/Objects.HighlightElements/input_field_index'

2020-06-07 21:52:42 - [MESSAGE][PASSED] - Keys 'CONTROL + a' sent to object: 'Object Repository/Objects.HighlightElements/input_field_index'

2020-06-07 21:52:42 - [TEST_STEP][PASSED] - sendKeys(modifiedObj, Keys.chord(DELETE)): Keys 'DELETE + ' sent to object: 'Object Repository/Objects.HighlightElements/input_field_index'

2020-06-07 21:52:42 - [MESSAGE][PASSED] - Keys 'DELETE + ' sent to object: 'Object Repository/Objects.HighlightElements/input_field_index'

2020-06-07 21:52:42 - [MESSAGE][PASSED] - Call Test Case 'Test Cases/Components/SelectAllThenDeleteIndex' successfully

2020-06-07 21:52:42 - [TEST_STEP][PASSED] - callTestCase(findTestCase("Components/ScrollPageDown"), ["textToBeUsed":"Frequent PE Submission", "tagToBeUsed":"label"], STOP_ON_FAILURE): Call Test Case 'Test Cases/Components/ScrollPageDown' successfully

2020-06-07 21:52:42 - [TEST_CASE][PASSED] - Test Cases/Components/ScrollPageDown: Test Cases/Components/ScrollPageDown

2020-06-07 21:52:43 - [TEST_STEP][PASSED] - Thread.sleep(3000): null

2020-06-07 21:52:46 - [TEST_STEP][PASSED] - ModifiedObject = modifyObjectProperty(findTestObject("Object.ScrollPageDown/ScrolltoElement"), "tag", "equals", tagToBeUsed, true): Modify property of object successfully

2020-06-07 21:52:46 - [MESSAGE][PASSED] - Modify property of object successfully

2020-06-07 21:52:46 - [TEST_STEP][PASSED] - ModifiedObjectx2 = modifyObjectProperty(ModifiedObject, "text", "equals", textToBeUsed, true): Modify property of object successfully

2020-06-07 21:52:46 - [MESSAGE][PASSED] - Modify property of object successfully

2020-06-07 21:52:46 - [TEST_STEP][PASSED] - scrollToElement(ModifiedObjectx2, 0): Scroll to object 'Object Repository/Object.ScrollPageDown/ScrolltoElement' successfully

2020-06-07 21:52:46 - [MESSAGE][WARNING] - Timeout '0' is invalid. Using default page load timeout: '30'

2020-06-07 21:52:47 - [MESSAGE][PASSED] - Scroll to object 'Object Repository/Object.ScrollPageDown/ScrolltoElement' successfully

2020-06-07 21:52:47 - [MESSAGE][PASSED] - Call Test Case 'Test Cases/Components/ScrollPageDown' successfully

2020-06-07 21:52:47 - [TEST_STEP][PASSED] - callTestCase(findTestCase("Components/SelectAllThenDeleteIndex"), ["nameToBeUsed":"notes", "index":"1"], STOP_ON_FAILURE): Call Test Case 'Test Cases/Components/SelectAllThenDeleteIndex' successfully

2020-06-07 21:52:47 - [TEST_CASE][PASSED] - Test Cases/Components/SelectAllThenDeleteIndex: Test Cases/Components/SelectAllThenDeleteIndex

2020-06-07 21:52:47 - [TEST_STEP][PASSED] - Thread.sleep(1000): null

2020-06-07 21:52:48 - [TEST_STEP][PASSED] - modifiedObj = modifyObjectProperty(findTestObject("Object Repository/Objects.HighlightElements/input_field_index"), "xpath", "equals", "(//*[contains(@class,'x-form-text') and (@name='" + nameToBeUsed + "')])[" + index + "]", true): Modify property of object successfully

2020-06-07 21:52:48 - [MESSAGE][PASSED] - Modify property of object successfully

2020-06-07 21:52:48 - [TEST_STEP][PASSED] - focus(modifiedObj): Object: 'Object Repository/Objects.HighlightElements/input_field_index' is focused

2020-06-07 21:52:48 - [MESSAGE][PASSED] - Object: 'Object Repository/Objects.HighlightElements/input_field_index' is focused

2020-06-07 21:52:48 - [TEST_STEP][PASSED] - sendKeys(modifiedObj, Keys.chord(CONTROL, "a")): Keys 'CONTROL + a' sent to object: 'Object Repository/Objects.HighlightElements/input_field_index'

2020-06-07 21:52:49 - [MESSAGE][PASSED] - Keys 'CONTROL + a' sent to object: 'Object Repository/Objects.HighlightElements/input_field_index'

2020-06-07 21:52:49 - [TEST_STEP][PASSED] - sendKeys(modifiedObj, Keys.chord(DELETE)): Keys 'DELETE + ' sent to object: 'Object Repository/Objects.HighlightElements/input_field_index'

2020-06-07 21:52:49 - [MESSAGE][PASSED] - Keys 'DELETE + ' sent to object: 'Object Repository/Objects.HighlightElements/input_field_index'

2020-06-07 21:52:49 - [MESSAGE][PASSED] - Call Test Case 'Test Cases/Components/SelectAllThenDeleteIndex' successfully

2020-06-07 21:52:49 - [TEST_STEP][PASSED] - callTestCase(findTestCase("Components/ClickBlueButtonsWithXPI"), ["Button":"Update", "Index":"1"], STOP_ON_FAILURE): Call Test Case 'Test Cases/Components/ClickBlueButtonsWithXPI' successfully

2020-06-07 21:52:49 - [TEST_CASE][PASSED] - Test Cases/Components/ClickBlueButtonsWithXPI: Test Cases/Components/ClickBlueButtonsWithXPI

2020-06-07 21:52:50 - [TEST_STEP][PASSED] - Thread.sleep(1000): null

2020-06-07 21:52:51 - [TEST_STEP][PASSED] - complexlyModifiedButtonGG = modifyObjectProperty(findTestObject("Objects.ClickBlueButtonsWithXPI/span_Reset"), "xPath", "equals", "(//*[text()="" + Button + ""])[" + Index + "]", true): Modify property of object successfully

2020-06-07 21:52:51 - [MESSAGE][PASSED] - Modify property of object successfully

2020-06-07 21:52:51 - [TEST_STEP][PASSED] - click(complexlyModifiedButtonGG): Object: 'Object Repository/Objects.ClickBlueButtonsWithXPI/span_Reset' is clicked on

2020-06-07 21:52:52 - [MESSAGE][PASSED] - Object: 'Object Repository/Objects.ClickBlueButtonsWithXPI/span_Reset' is clicked on

2020-06-07 21:52:52 - [MESSAGE][PASSED] - Call Test Case 'Test Cases/Components/ClickBlueButtonsWithXPI' successfully

2020-06-07 21:52:52 - [TEST_STEP][PASSED] - callTestCase(findTestCase("Components/VerifyTextPresentInPage"), ["tagToModify":"li", "textToModify":"Please fill up the mandatory fields."], STOP_ON_FAILURE): Call Test Case 'Test Cases/Components/VerifyTextPresentInPage' successfully

2020-06-07 21:52:52 - [TEST_CASE][PASSED] - Test Cases/Components/VerifyTextPresentInPage: Test Cases/Components/VerifyTextPresentInPage

2020-06-07 21:52:53 - [TEST_STEP][PASSED] - Thread.sleep(3000): null

2020-06-07 21:52:56 - [TEST_STEP][NOT_RUN] - verifyTextPresent(textToLocate, false): NOT_RUN: verifyTextPresent(textToLocate, false)

2020-06-07 21:52:56 - [MESSAGE][NOT_RUN] - NOT_RUN: verifyTextPresent(textToLocate, false)

2020-06-07 21:52:56 - [TEST_STEP][NOT_RUN] - com.reusableComponents.HighlightElement.run(textToLocate): NOT_RUN: com.reusableComponents.HighlightElement.run(textToLocate)

2020-06-07 21:52:56 - [MESSAGE][NOT_RUN] - NOT_RUN: com.reusableComponents.HighlightElement.run(textToLocate)

2020-06-07 21:52:56 - [TEST_STEP][PASSED] - modifiedTag = modifyObjectProperty(findTestObject("Objects.VerifyTextPresent/Page_ISPS2/objectToModify"), "tag", "equals", tagToModify, true): Modify property of object successfully

2020-06-07 21:52:56 - [MESSAGE][PASSED] - Modify property of object successfully

2020-06-07 21:52:56 - [TEST_STEP][PASSED] - modified = modifyObjectProperty(modifiedTag, "text", "equals", textToModify, true): Modify property of object successfully

2020-06-07 21:52:56 - [MESSAGE][PASSED] - Modify property of object successfully

2020-06-07 21:52:56 - [TEST_STEP][PASSED] - com.reusableComponents.HighlightElement.run(modified): com.reusableComponents.HighlightElement.run is PASSED

2020-06-07 21:52:59 - [MESSAGE][PASSED] - com.reusableComponents.HighlightElement.run is PASSED

2020-06-07 21:52:59 - [TEST_STEP][PASSED] - Thread.sleep(3000): null

2020-06-07 21:53:02 - [MESSAGE][PASSED] - Call Test Case 'Test Cases/Components/VerifyTextPresentInPage' successfully

2020-06-07 21:53:02 - [TEST_STEP][PASSED] - callTestCase(findTestCase("PFI Precision and Scale/PFI Components/RequiredFieldValidation"), ["nameToBeUsed":"inspDt"], STOP_ON_FAILURE): Call Test Case 'Test Cases/PFI Precision and Scale/PFI Components/RequiredFieldValidation' successfully

2020-06-07 21:53:02 - [TEST_CASE][PASSED] - Test Cases/PFI Precision and Scale/PFI Components/RequiredFieldValidation: Test Cases/PFI Precision and Scale/PFI Components/RequiredFieldValidation

2020-06-07 21:53:03 - [TEST_STEP][PASSED] - enableSmartWait(): null

2020-06-07 21:53:03 - [TEST_STEP][PASSED] - NewInputNmField = modifyObjectProperty(findTestObject("Objects.HighlightElements/input_field"), "name", "equals", nameToBeUsed, true): Modify property of object successfully

2020-06-07 21:53:03 - [MESSAGE][PASSED] - Modify property of object successfully

2020-06-07 21:53:03 - [TEST_STEP][PASSED] - mouseOver(NewInputNmField): Object: 'Object Repository/Objects.HighlightElements/input_field' is hovered

2020-06-07 21:53:04 - [MESSAGE][PASSED] - Object: 'Object Repository/Objects.HighlightElements/input_field' is hovered

2020-06-07 21:53:04 - [TEST_STEP][PASSED] - getRqErrMsg = getAttribute(NewInputNmField, "data-errorqtip"): Attribute 'data-errorqtip' of object 'Object Repository/Objects.HighlightElements/input_field' is: '<ul class="x-list-plain"><li>This field is required</li></ul>'

2020-06-07 21:53:04 - [MESSAGE][PASSED] - Attribute 'data-errorqtip' of object 'Object Repository/Objects.HighlightElements/input_field' is: '<ul class="x-list-plain"><li>This field is required</li></ul>'

2020-06-07 21:53:04 - [TEST_STEP][PASSED] - strToolTip = getRqErrMsg.substring(29, 61): null

2020-06-07 21:53:04 - [TEST_STEP][PASSED] - toolTipReqErrMsg = strToolTip.substring(0, 22): null

2020-06-07 21:53:04 - [TEST_STEP][PASSED] - verifyMatch(toolTipReqErrMsg, RqField, true): Actual text 'This field is required' and expected text 'This field is required' are matched  using regular expression

2020-06-07 21:53:04 - [MESSAGE][PASSED] - Actual text 'This field is required' and expected text 'This field is required' are matched  using regular expression

2020-06-07 21:53:04 - [MESSAGE][PASSED] - Call Test Case 'Test Cases/PFI Precision and Scale/PFI Components/RequiredFieldValidation' successfully

2020-06-07 21:53:04 - [TEST_STEP][PASSED] - callTestCase(findTestCase("Components/SelectAllThenDeleteIndex"), ["nameToBeUsed":"officerId", "index":"1"], STOP_ON_FAILURE): Call Test Case 'Test Cases/Components/SelectAllThenDeleteIndex' successfully

2020-06-07 21:53:04 - [TEST_CASE][PASSED] - Test Cases/Components/SelectAllThenDeleteIndex: Test Cases/Components/SelectAllThenDeleteIndex

2020-06-07 21:53:04 - [TEST_STEP][PASSED] - Thread.sleep(1000): null

2020-06-07 21:53:05 - [TEST_STEP][PASSED] - modifiedObj = modifyObjectProperty(findTestObject("Object Repository/Objects.HighlightElements/input_field_index"), "xpath", "equals", "(//*[contains(@class,'x-form-text') and (@name='" + nameToBeUsed + "')])[" + index + "]", true): Modify property of object successfully

2020-06-07 21:53:05 - [MESSAGE][PASSED] - Modify property of object successfully

2020-06-07 21:53:05 - [TEST_STEP][PASSED] - focus(modifiedObj): Object: 'Object Repository/Objects.HighlightElements/input_field_index' is focused

2020-06-07 21:53:06 - [MESSAGE][PASSED] - Object: 'Object Repository/Objects.HighlightElements/input_field_index' is focused

2020-06-07 21:53:06 - [TEST_STEP][PASSED] - sendKeys(modifiedObj, Keys.chord(CONTROL, "a")): Keys 'CONTROL + a' sent to object: 'Object Repository/Objects.HighlightElements/input_field_index'

2020-06-07 21:53:06 - [MESSAGE][PASSED] - Keys 'CONTROL + a' sent to object: 'Object Repository/Objects.HighlightElements/input_field_index'

2020-06-07 21:53:06 - [TEST_STEP][PASSED] - sendKeys(modifiedObj, Keys.chord(DELETE)): Keys 'DELETE + ' sent to object: 'Object Repository/Objects.HighlightElements/input_field_index'

2020-06-07 21:53:07 - [MESSAGE][PASSED] - Keys 'DELETE + ' sent to object: 'Object Repository/Objects.HighlightElements/input_field_index'

2020-06-07 21:53:07 - [MESSAGE][PASSED] - Call Test Case 'Test Cases/Components/SelectAllThenDeleteIndex' successfully

2020-06-07 21:53:07 - [TEST_STEP][PASSED] - callTestCase(findTestCase("PFI Precision and Scale/PFI Components/RequiredFieldValidation"), ["nameToBeUsed":"officerId"], STOP_ON_FAILURE): Call Test Case 'Test Cases/PFI Precision and Scale/PFI Components/RequiredFieldValidation' successfully

2020-06-07 21:53:07 - [TEST_CASE][PASSED] - Test Cases/PFI Precision and Scale/PFI Components/RequiredFieldValidation: Test Cases/PFI Precision and Scale/PFI Components/RequiredFieldValidation

2020-06-07 21:53:07 - [TEST_STEP][PASSED] - enableSmartWait(): null

2020-06-07 21:53:07 - [TEST_STEP][PASSED] - NewInputNmField = modifyObjectProperty(findTestObject("Objects.HighlightElements/input_field"), "name", "equals", nameToBeUsed, true): Modify property of object successfully

2020-06-07 21:53:07 - [MESSAGE][PASSED] - Modify property of object successfully

2020-06-07 21:53:07 - [TEST_STEP][PASSED] - mouseOver(NewInputNmField): Object: 'Object Repository/Objects.HighlightElements/input_field' is hovered

2020-06-07 21:53:08 - [MESSAGE][PASSED] - Object: 'Object Repository/Objects.HighlightElements/input_field' is hovered

2020-06-07 21:53:08 - [TEST_STEP][PASSED] - getRqErrMsg = getAttribute(NewInputNmField, "data-errorqtip"): Attribute 'data-errorqtip' of object 'Object Repository/Objects.HighlightElements/input_field' is: '<ul class="x-list-plain"><li>This field is required</li></ul>'

2020-06-07 21:53:08 - [MESSAGE][PASSED] - Attribute 'data-errorqtip' of object 'Object Repository/Objects.HighlightElements/input_field' is: '<ul class="x-list-plain"><li>This field is required</li></ul>'

2020-06-07 21:53:08 - [TEST_STEP][PASSED] - strToolTip = getRqErrMsg.substring(29, 61): null

2020-06-07 21:53:08 - [TEST_STEP][PASSED] - toolTipReqErrMsg = strToolTip.substring(0, 22): null

2020-06-07 21:53:08 - [TEST_STEP][PASSED] - verifyMatch(toolTipReqErrMsg, RqField, true): Actual text 'This field is required' and expected text 'This field is required' are matched  using regular expression

2020-06-07 21:53:08 - [MESSAGE][PASSED] - Actual text 'This field is required' and expected text 'This field is required' are matched  using regular expression

2020-06-07 21:53:08 - [MESSAGE][PASSED] - Call Test Case 'Test Cases/PFI Precision and Scale/PFI Components/RequiredFieldValidation' successfully

2020-06-07 21:53:08 - [TEST_STEP][PASSED] - callTestCase(findTestCase("Components/ScrollPageDown"), ["textToBeUsed":"Frequent PE Submission", "tagToBeUsed":"label"], STOP_ON_FAILURE): Call Test Case 'Test Cases/Components/ScrollPageDown' successfully

2020-06-07 21:53:08 - [TEST_CASE][PASSED] - Test Cases/Components/ScrollPageDown: Test Cases/Components/ScrollPageDown

2020-06-07 21:53:08 - [TEST_STEP][PASSED] - Thread.sleep(3000): null

2020-06-07 21:53:11 - [TEST_STEP][PASSED] - ModifiedObject = modifyObjectProperty(findTestObject("Object.ScrollPageDown/ScrolltoElement"), "tag", "equals", tagToBeUsed, true): Modify property of object successfully

2020-06-07 21:53:12 - [MESSAGE][PASSED] - Modify property of object successfully

2020-06-07 21:53:12 - [TEST_STEP][PASSED] - ModifiedObjectx2 = modifyObjectProperty(ModifiedObject, "text", "equals", textToBeUsed, true): Modify property of object successfully

2020-06-07 21:53:12 - [MESSAGE][PASSED] - Modify property of object successfully

2020-06-07 21:53:12 - [TEST_STEP][PASSED] - scrollToElement(ModifiedObjectx2, 0): Scroll to object 'Object Repository/Object.ScrollPageDown/ScrolltoElement' successfully

2020-06-07 21:53:12 - [MESSAGE][WARNING] - Timeout '0' is invalid. Using default page load timeout: '30'

2020-06-07 21:53:12 - [MESSAGE][PASSED] - Scroll to object 'Object Repository/Object.ScrollPageDown/ScrolltoElement' successfully

2020-06-07 21:53:12 - [MESSAGE][PASSED] - Call Test Case 'Test Cases/Components/ScrollPageDown' successfully

2020-06-07 21:53:12 - [TEST_STEP][PASSED] - callTestCase(findTestCase("PFI Precision and Scale/PFI Components/RequiredFieldValidation"), ["nameToBeUsed":"notes"], STOP_ON_FAILURE): Call Test Case 'Test Cases/PFI Precision and Scale/PFI Components/RequiredFieldValidation' successfully

2020-06-07 21:53:12 - [TEST_CASE][PASSED] - Test Cases/PFI Precision and Scale/PFI Components/RequiredFieldValidation: Test Cases/PFI Precision and Scale/PFI Components/RequiredFieldValidation

2020-06-07 21:53:12 - [TEST_STEP][PASSED] - enableSmartWait(): null

2020-06-07 21:53:12 - [TEST_STEP][PASSED] - NewInputNmField = modifyObjectProperty(findTestObject("Objects.HighlightElements/input_field"), "name", "equals", nameToBeUsed, true): Modify property of object successfully

2020-06-07 21:53:12 - [MESSAGE][PASSED] - Modify property of object successfully

2020-06-07 21:53:12 - [TEST_STEP][PASSED] - mouseOver(NewInputNmField): Object: 'Object Repository/Objects.HighlightElements/input_field' is hovered

2020-06-07 21:53:13 - [MESSAGE][PASSED] - Object: 'Object Repository/Objects.HighlightElements/input_field' is hovered

2020-06-07 21:53:13 - [TEST_STEP][PASSED] - getRqErrMsg = getAttribute(NewInputNmField, "data-errorqtip"): Attribute 'data-errorqtip' of object 'Object Repository/Objects.HighlightElements/input_field' is: '<ul class="x-list-plain"><li>This field is required</li></ul>'

2020-06-07 21:53:13 - [MESSAGE][PASSED] - Attribute 'data-errorqtip' of object 'Object Repository/Objects.HighlightElements/input_field' is: '<ul class="x-list-plain"><li>This field is required</li></ul>'

2020-06-07 21:53:13 - [TEST_STEP][PASSED] - strToolTip = getRqErrMsg.substring(29, 61): null

2020-06-07 21:53:13 - [TEST_STEP][PASSED] - toolTipReqErrMsg = strToolTip.substring(0, 22): null

2020-06-07 21:53:13 - [TEST_STEP][PASSED] - verifyMatch(toolTipReqErrMsg, RqField, true): Actual text 'This field is required' and expected text 'This field is required' are matched  using regular expression

2020-06-07 21:53:13 - [MESSAGE][PASSED] - Actual text 'This field is required' and expected text 'This field is required' are matched  using regular expression

2020-06-07 21:53:13 - [MESSAGE][PASSED] - Call Test Case 'Test Cases/PFI Precision and Scale/PFI Components/RequiredFieldValidation' successfully

2020-06-07 21:53:13 - [TEST_STEP][PASSED] - callTestCase(findTestCase("Components/ScrollPageDown"), ["textToBeUsed":"Site Audit Date ", "tagToBeUsed":"span"], STOP_ON_FAILURE): Call Test Case 'Test Cases/Components/ScrollPageDown' successfully

2020-06-07 21:53:13 - [TEST_CASE][PASSED] - Test Cases/Components/ScrollPageDown: Test Cases/Components/ScrollPageDown

2020-06-07 21:53:13 - [TEST_STEP][PASSED] - Thread.sleep(3000): null

2020-06-07 21:53:16 - [TEST_STEP][PASSED] - ModifiedObject = modifyObjectProperty(findTestObject("Object.ScrollPageDown/ScrolltoElement"), "tag", "equals", tagToBeUsed, true): Modify property of object successfully

2020-06-07 21:53:17 - [MESSAGE][PASSED] - Modify property of object successfully

2020-06-07 21:53:17 - [TEST_STEP][PASSED] - ModifiedObjectx2 = modifyObjectProperty(ModifiedObject, "text", "equals", textToBeUsed, true): Modify property of object successfully

2020-06-07 21:53:17 - [MESSAGE][PASSED] - Modify property of object successfully

2020-06-07 21:53:17 - [TEST_STEP][PASSED] - scrollToElement(ModifiedObjectx2, 0): Scroll to object 'Object Repository/Object.ScrollPageDown/ScrolltoElement' successfully

2020-06-07 21:53:17 - [MESSAGE][WARNING] - Timeout '0' is invalid. Using default page load timeout: '30'

2020-06-07 21:53:17 - [MESSAGE][PASSED] - Scroll to object 'Object Repository/Object.ScrollPageDown/ScrolltoElement' successfully

2020-06-07 21:53:17 - [MESSAGE][PASSED] - Call Test Case 'Test Cases/Components/ScrollPageDown' successfully

2020-06-07 21:53:17 - [TEST_STEP][PASSED] - callTestCase(findTestCase("PFI Precision and Scale/PFI Components with Indexing/SelectDayInDatePickerWithIndex"), ["FldNm":"inspDt", "SelectCurrentDay":"27", "index":1], STOP_ON_FAILURE): Call Test Case 'Test Cases/PFI Precision and Scale/PFI Components with Indexing/SelectDayInDatePickerWithIndex' successfully

2020-06-07 21:53:17 - [TEST_CASE][PASSED] - Test Cases/PFI Precision and Scale/PFI Components with Indexing/SelectDayInDatePickerWithIndex: Test Cases/PFI Precision and Scale/PFI Components with Indexing/SelectDayInDatePickerWithIndex

2020-06-07 21:53:18 - [TEST_STEP][PASSED] - Thread.sleep(1000): null

2020-06-07 21:53:19 - [TEST_STEP][PASSED] - DateFieldNm = modifyObjectProperty(findTestObject("Objects.HighlightElements/input_field"), "name", "equals", FldNm, true): Modify property of object successfully

2020-06-07 21:53:19 - [MESSAGE][PASSED] - Modify property of object successfully

2020-06-07 21:53:19 - [TEST_STEP][PASSED] - ModifyDay = modifyObjectProperty(findTestObject("Objects.DateValidation/Page_ISPS2/Select_Day_Index"), "xpath", "equals", "(//*[contains(@class, 'x-datepicker-date') and (text() = '" + SelectCurrentDay + "')])[" + index + "]", true): Modify property of object successfully

2020-06-07 21:53:20 - [MESSAGE][PASSED] - Modify property of object successfully

2020-06-07 21:53:20 - [TEST_STEP][PASSED] - sendKeys(DateFieldNm, Keys.chord(ARROW_DOWN)): Keys 'DOWN + ' sent to object: 'Object Repository/Objects.HighlightElements/input_field'

2020-06-07 21:53:20 - [MESSAGE][PASSED] - Keys 'DOWN + ' sent to object: 'Object Repository/Objects.HighlightElements/input_field'

2020-06-07 21:53:20 - [TEST_STEP][PASSED] - com.reusableComponents.HighlightElement.run(ModifyDay): com.reusableComponents.HighlightElement.run is PASSED

2020-06-07 21:53:23 - [MESSAGE][PASSED] - com.reusableComponents.HighlightElement.run is PASSED

2020-06-07 21:53:23 - [TEST_STEP][PASSED] - delay(1): Delayed 1 second(s)

2020-06-07 21:53:24 - [MESSAGE][PASSED] - Delayed 1 second(s)

2020-06-07 21:53:24 - [TEST_STEP][PASSED] - click(ModifyDay): Object: 'Object Repository/Objects.DateValidation/Page_ISPS2/Select_Day_Index' is clicked on

2020-06-07 21:53:24 - [MESSAGE][PASSED] - Object: 'Object Repository/Objects.DateValidation/Page_ISPS2/Select_Day_Index' is clicked on

2020-06-07 21:53:24 - [TEST_STEP][PASSED] - GetError = getAttribute(DateFieldNm, "data-errorqtip"): Attribute 'data-errorqtip' of object 'Object Repository/Objects.HighlightElements/input_field' is: ''

2020-06-07 21:53:25 - [MESSAGE][PASSED] - Attribute 'data-errorqtip' of object 'Object Repository/Objects.HighlightElements/input_field' is: ''

2020-06-07 21:53:25 - [TEST_STEP][PASSED] - if (GetError == ""): null

2020-06-07 21:53:25 - [TEST_STEP][PASSED] - GetEnteredDate = getAttribute(DateFieldNm, "value"): Attribute 'value' of object 'Object Repository/Objects.HighlightElements/input_field' is: '27/06/2020'

2020-06-07 21:53:25 - [MESSAGE][PASSED] - Attribute 'value' of object 'Object Repository/Objects.HighlightElements/input_field' is: '27/06/2020'

2020-06-07 21:53:25 - [TEST_STEP][PASSED] - DatePattern = Pattern.compile("^(1[0-2]|0[1-9])/(3[01]|[12][0-9]|0[1-9])/[0-9]{4}$"): null

2020-06-07 21:53:25 - [TEST_STEP][PASSED] - VerifyDateFormat = DatePattern.matcher(GetEnteredDate): null

2020-06-07 21:53:25 - [TEST_STEP][PASSED] - if (VerifyDateFormat.matches() == true): null

2020-06-07 21:53:25 - [MESSAGE][PASSED] - Call Test Case 'Test Cases/PFI Precision and Scale/PFI Components with Indexing/SelectDayInDatePickerWithIndex' successfully

2020-06-07 21:53:25 - [TEST_STEP][PASSED] - callTestCase(findTestCase("PFI Precision and Scale/PFI Components/NumericTextboxValidationII"), ["nameToBeUsed":"noOfBldg", "minLen":11, "index":1], STOP_ON_FAILURE): Call Test Case 'Test Cases/PFI Precision and Scale/PFI Components/NumericTextboxValidationII' successfully

2020-06-07 21:53:25 - [TEST_CASE][PASSED] - Test Cases/PFI Precision and Scale/PFI Components/NumericTextboxValidationII: Test Cases/PFI Precision and Scale/PFI Components/NumericTextboxValidationII

2020-06-07 21:53:27 - [TEST_STEP][PASSED] - Thread.sleep(1000): null

2020-06-07 21:53:28 - [TEST_STEP][PASSED] - Numeric = "0123456789": null

2020-06-07 21:53:28 - [TEST_STEP][PASSED] - AlphaSpecialChar = z) + "`~!@#$%^&*()=_{}|\][;'":,?><"".join(): null

2020-06-07 21:53:28 - [TEST_STEP][PASSED] - RandomNumeric = RandomStringUtils.random(minLen, Numeric.toCharArray()): null

2020-06-07 21:53:28 - [TEST_STEP][PASSED] - RandomString = RandomStringUtils.random(minLen, AlphaSpecialChar): null

2020-06-07 21:53:28 - [TEST_STEP][PASSED] - regexPat = Pattern.compile("^[0-9]+$"): null

2020-06-07 21:53:28 - [TEST_STEP][PASSED] - NewInputNmField = modifyObjectProperty(findTestObject("Objects.RemarksValidation/input_Remarks"), "name", "equals", nameToBeUsed, true): Modify property of object successfully

2020-06-07 21:53:28 - [MESSAGE][PASSED] - Modify property of object successfully

2020-06-07 21:53:28 - [TEST_STEP][PASSED] - focus(NewInputNmField): Object: 'Object Repository/Objects.RemarksValidation/input_Remarks' is focused

2020-06-07 21:53:28 - [MESSAGE][PASSED] - Object: 'Object Repository/Objects.RemarksValidation/input_Remarks' is focused

2020-06-07 21:53:28 - [TEST_STEP][PASSED] - setText(NewInputNmField, RandomString): Text 'wl"@NSR&?",' is set on object 'Object Repository/Objects.RemarksValidation/input_Remarks'

2020-06-07 21:53:29 - [MESSAGE][PASSED] - Text 'wl"@NSR&?",' is set on object 'Object Repository/Objects.RemarksValidation/input_Remarks'

2020-06-07 21:53:29 - [TEST_STEP][PASSED] - GetInputVal = getAttribute(NewInputNmField, "value"): Attribute 'value' of object 'Object Repository/Objects.RemarksValidation/input_Remarks' is: ''

2020-06-07 21:53:30 - [MESSAGE][PASSED] - Attribute 'value' of object 'Object Repository/Objects.RemarksValidation/input_Remarks' is: ''

2020-06-07 21:53:30 - [TEST_STEP][PASSED] - if (GetInputVal.contains("e")): null

2020-06-07 21:53:30 - [TEST_STEP][PASSED] - else: Actual text '' and expected text '' are matched  using regular expression

2020-06-07 21:53:30 - [TEST_STEP][PASSED] - verifyMatch(GetInputVal, "", true): Actual text '' and expected text '' are matched  using regular expression

2020-06-07 21:53:30 - [MESSAGE][PASSED] - Actual text '' and expected text '' are matched  using regular expression

2020-06-07 21:53:30 - [TEST_STEP][PASSED] - setText(NewInputNmField, RandomNumeric): Text '46801036218' is set on object 'Object Repository/Objects.RemarksValidation/input_Remarks'

2020-06-07 21:53:31 - [MESSAGE][PASSED] - Text '46801036218' is set on object 'Object Repository/Objects.RemarksValidation/input_Remarks'

2020-06-07 21:53:31 - [TEST_STEP][PASSED] - GetEnteredIntegers = getAttribute(NewInputNmField, "value"): Attribute 'value' of object 'Object Repository/Objects.RemarksValidation/input_Remarks' is: '46801036218'

2020-06-07 21:53:31 - [MESSAGE][PASSED] - Attribute 'value' of object 'Object Repository/Objects.RemarksValidation/input_Remarks' is: '46801036218'

2020-06-07 21:53:31 - [TEST_STEP][PASSED] - matchStr = regexPat.matcher(GetEnteredIntegers): null

2020-06-07 21:53:31 - [TEST_STEP][PASSED] - if (matchStr.matches() == true): Accepting Numeric

2020-06-07 21:53:31 - [TEST_STEP][PASSED] - comment("Accepting Numeric"): Accepting Numeric

2020-06-07 21:53:31 - [MESSAGE][INFO] - Accepting Numeric

2020-06-07 21:53:31 - [MESSAGE][PASSED] - Call Test Case 'Test Cases/PFI Precision and Scale/PFI Components/NumericTextboxValidationII' successfully

2020-06-07 21:53:31 - [TEST_STEP][PASSED] - callTestCase(findTestCase("PFI Precision and Scale/PFI Components/VerifyDropdownValues"), ["FldNm":"peNo", "index":1, "CallTCName":"Test Cases/PFI Precision and Scale/HashMap Tables/PFIAConstantHashMap", "cmbNm":"PE", ... ], STOP_ON_FAILURE): Call Test Case 'Test Cases/PFI Precision and Scale/PFI Components/VerifyDropdownValues' successfully

2020-06-07 21:53:31 - [TEST_CASE][PASSED] - Test Cases/PFI Precision and Scale/PFI Components/VerifyDropdownValues: Test Cases/PFI Precision and Scale/PFI Components/VerifyDropdownValues

2020-06-07 21:53:32 - [TEST_STEP][PASSED] - Thread.sleep(1000): null

2020-06-07 21:53:33 - [TEST_STEP][PASSED] - NewInputNmField = modifyObjectProperty(findTestObject("Objects.HighlightElements/input_field"), "name", "equals", FldNm, true): Modify property of object successfully

2020-06-07 21:53:33 - [MESSAGE][PASSED] - Modify property of object successfully

2020-06-07 21:53:33 - [TEST_STEP][PASSED] - comboNm = cmbNm: null

2020-06-07 21:53:33 - [TEST_STEP][PASSED] - focus(NewInputNmField): Object: 'Object Repository/Objects.HighlightElements/input_field' is focused

2020-06-07 21:53:34 - [MESSAGE][PASSED] - Object: 'Object Repository/Objects.HighlightElements/input_field' is focused

2020-06-07 21:53:34 - [TEST_STEP][PASSED] - setText(NewInputNmField, EnterValue): Text '' is set on object 'Object Repository/Objects.HighlightElements/input_field'

2020-06-07 21:53:34 - [MESSAGE][PASSED] - Text '' is set on object 'Object Repository/Objects.HighlightElements/input_field'

2020-06-07 21:53:34 - [TEST_STEP][PASSED] - for ([i = 1, i <= NoOfVal, (i++)]): Keys 'DOWN + ' sent to object: 'Object Repository/Objects.HighlightElements/input_field'

2020-06-07 21:53:34 - [TEST_STEP][PASSED] - sendKeys(NewInputNmField, Keys.chord(ARROW_DOWN)): Keys 'DOWN + ' sent to object: 'Object Repository/Objects.HighlightElements/input_field'

2020-06-07 21:53:35 - [MESSAGE][PASSED] - Keys 'DOWN + ' sent to object: 'Object Repository/Objects.HighlightElements/input_field'

2020-06-07 21:53:35 - [TEST_STEP][PASSED] - delay(DelayTime): Delayed 5 second(s)

2020-06-07 21:53:40 - [MESSAGE][PASSED] - Delayed 5 second(s)

2020-06-07 21:53:40 - [TEST_STEP][PASSED] - sendKeys(NewInputNmField, Keys.chord(ENTER)): Keys 'ENTER + ' sent to object: 'Object Repository/Objects.HighlightElements/input_field'

2020-06-07 21:53:40 - [MESSAGE][PASSED] - Keys 'ENTER + ' sent to object: 'Object Repository/Objects.HighlightElements/input_field'

2020-06-07 21:53:40 - [TEST_STEP][PASSED] - ComboBoxValue = getAttribute(NewInputNmField, "value"): Attribute 'value' of object 'Object Repository/Objects.HighlightElements/input_field' is: '3214'

2020-06-07 21:53:41 - [MESSAGE][PASSED] - Attribute 'value' of object 'Object Repository/Objects.HighlightElements/input_field' is: '3214'

2020-06-07 21:53:41 - [TEST_STEP][PASSED] - callTestCase(findTestCase(CallTCName), ["FindValue":ComboBoxValue, "DropdownNm":comboNm], STOP_ON_FAILURE): Call Test Case 'Test Cases/PFI Precision and Scale/HashMap Tables/PFIAConstantHashMap' successfully

2020-06-07 21:53:41 - [TEST_CASE][PASSED] - Test Cases/PFI Precision and Scale/HashMap Tables/PFIAConstantHashMap: Test Cases/PFI Precision and Scale/HashMap Tables/PFIAConstantHashMap

2020-06-07 21:53:42 - [TEST_STEP][PASSED] - ConstantTBL = [1:["PE":"3214"], 2:["PE":"0567"], 3:["PEName":"Dummy QP Name 3861"], 4:["PEName":"Dummy QP Name 115"], 5:["Material":"Concrete"], ... ]: null

2020-06-07 21:53:42 - [TEST_STEP][PASSED] - switch (DropdownNm): null

2020-06-07 21:53:42 - [TEST_STEP][PASSED] - case "PE":: null

2020-06-07 21:53:42 - [TEST_STEP][PASSED] - ValueFound = ConstantTBL.find({ -> ... }): null

2020-06-07 21:53:42 - [TEST_STEP][PASSED] - break: null

2020-06-07 21:53:42 - [MESSAGE][PASSED] - Call Test Case 'Test Cases/PFI Precision and Scale/HashMap Tables/PFIAConstantHashMap' successfully

2020-06-07 21:53:42 - [TEST_STEP][PASSED] - println(ValueFound): null

2020-06-07 21:53:42 - [TEST_STEP][PASSED] - sendKeys(NewInputNmField, Keys.chord(ARROW_DOWN)): Keys 'DOWN + ' sent to object: 'Object Repository/Objects.HighlightElements/input_field'

2020-06-07 21:53:43 - [MESSAGE][PASSED] - Keys 'DOWN + ' sent to object: 'Object Repository/Objects.HighlightElements/input_field'

2020-06-07 21:53:43 - [TEST_STEP][PASSED] - sendKeys(NewInputNmField, Keys.chord(ARROW_DOWN)): Keys 'DOWN + ' sent to object: 'Object Repository/Objects.HighlightElements/input_field'

2020-06-07 21:53:43 - [MESSAGE][PASSED] - Keys 'DOWN + ' sent to object: 'Object Repository/Objects.HighlightElements/input_field'

2020-06-07 21:53:43 - [TEST_STEP][PASSED] - delay(DelayTime): Delayed 5 second(s)

2020-06-07 21:53:48 - [MESSAGE][PASSED] - Delayed 5 second(s)

2020-06-07 21:53:48 - [TEST_STEP][PASSED] - sendKeys(NewInputNmField, Keys.chord(ENTER)): Keys 'ENTER + ' sent to object: 'Object Repository/Objects.HighlightElements/input_field'

2020-06-07 21:53:49 - [MESSAGE][PASSED] - Keys 'ENTER + ' sent to object: 'Object Repository/Objects.HighlightElements/input_field'

2020-06-07 21:53:49 - [TEST_STEP][PASSED] - ComboBoxValue = getAttribute(NewInputNmField, "value"): Attribute 'value' of object 'Object Repository/Objects.HighlightElements/input_field' is: '0567'

2020-06-07 21:53:49 - [MESSAGE][PASSED] - Attribute 'value' of object 'Object Repository/Objects.HighlightElements/input_field' is: '0567'

2020-06-07 21:53:49 - [TEST_STEP][PASSED] - callTestCase(findTestCase(CallTCName), ["FindValue":ComboBoxValue, "DropdownNm":comboNm], STOP_ON_FAILURE): Call Test Case 'Test Cases/PFI Precision and Scale/HashMap Tables/PFIAConstantHashMap' successfully

2020-06-07 21:53:49 - [TEST_CASE][PASSED] - Test Cases/PFI Precision and Scale/HashMap Tables/PFIAConstantHashMap: Test Cases/PFI Precision and Scale/HashMap Tables/PFIAConstantHashMap

2020-06-07 21:53:49 - [TEST_STEP][PASSED] - ConstantTBL = [1:["PE":"3214"], 2:["PE":"0567"], 3:["PEName":"Dummy QP Name 3861"], 4:["PEName":"Dummy QP Name 115"], 5:["Material":"Concrete"], ... ]: null

2020-06-07 21:53:49 - [TEST_STEP][PASSED] - switch (DropdownNm): null

2020-06-07 21:53:49 - [TEST_STEP][PASSED] - case "PE":: null

2020-06-07 21:53:49 - [TEST_STEP][PASSED] - ValueFound = ConstantTBL.find({ -> ... }): null

2020-06-07 21:53:49 - [TEST_STEP][PASSED] - break: null

2020-06-07 21:53:49 - [MESSAGE][PASSED] - Call Test Case 'Test Cases/PFI Precision and Scale/HashMap Tables/PFIAConstantHashMap' successfully

2020-06-07 21:53:49 - [TEST_STEP][PASSED] - println(ValueFound): null

2020-06-07 21:53:49 - [TEST_STEP][PASSED] - sendKeys(NewInputNmField, Keys.chord(ARROW_DOWN)): Keys 'DOWN + ' sent to object: 'Object Repository/Objects.HighlightElements/input_field'

2020-06-07 21:53:50 - [MESSAGE][PASSED] - Keys 'DOWN + ' sent to object: 'Object Repository/Objects.HighlightElements/input_field'

2020-06-07 21:53:50 - [TEST_STEP][PASSED] - sendKeys(NewInputNmField, Keys.chord(ENTER)): Keys 'ENTER + ' sent to object: 'Object Repository/Objects.HighlightElements/input_field'

2020-06-07 21:53:50 - [MESSAGE][PASSED] - Keys 'ENTER + ' sent to object: 'Object Repository/Objects.HighlightElements/input_field'

2020-06-07 21:53:50 - [MESSAGE][PASSED] - Call Test Case 'Test Cases/PFI Precision and Scale/PFI Components/VerifyDropdownValues' successfully

2020-06-07 21:53:50 - [TEST_STEP][PASSED] - callTestCase(findTestCase("PFI Precision and Scale/PFI Components/NumericTextboxValidationII"), ["nameToBeUsed":"rptSubmDt", "minLen":15, "index":1], STOP_ON_FAILURE): Call Test Case 'Test Cases/PFI Precision and Scale/PFI Components/NumericTextboxValidationII' successfully

2020-06-07 21:53:50 - [TEST_CASE][PASSED] - Test Cases/PFI Precision and Scale/PFI Components/NumericTextboxValidationII: Test Cases/PFI Precision and Scale/PFI Components/NumericTextboxValidationII

2020-06-07 21:53:50 - [TEST_STEP][PASSED] - Thread.sleep(1000): null

2020-06-07 21:53:51 - [TEST_STEP][PASSED] - Numeric = "0123456789": null

2020-06-07 21:53:51 - [TEST_STEP][PASSED] - AlphaSpecialChar = z) + "`~!@#$%^&*()=_{}|\][;'":,?><"".join(): null

2020-06-07 21:53:51 - [TEST_STEP][PASSED] - RandomNumeric = RandomStringUtils.random(minLen, Numeric.toCharArray()): null

2020-06-07 21:53:51 - [TEST_STEP][PASSED] - RandomString = RandomStringUtils.random(minLen, AlphaSpecialChar): null

2020-06-07 21:53:51 - [TEST_STEP][PASSED] - regexPat = Pattern.compile("^[0-9]+$"): null

2020-06-07 21:53:51 - [TEST_STEP][PASSED] - NewInputNmField = modifyObjectProperty(findTestObject("Objects.RemarksValidation/input_Remarks"), "name", "equals", nameToBeUsed, true): Modify property of object successfully

2020-06-07 21:53:52 - [MESSAGE][PASSED] - Modify property of object successfully

2020-06-07 21:53:52 - [TEST_STEP][PASSED] - focus(NewInputNmField): Object: 'Object Repository/Objects.RemarksValidation/input_Remarks' is focused

2020-06-07 21:53:52 - [MESSAGE][PASSED] - Object: 'Object Repository/Objects.RemarksValidation/input_Remarks' is focused

2020-06-07 21:53:52 - [TEST_STEP][PASSED] - setText(NewInputNmField, RandomString): Text 'udgQ$UzIY>S!SnJ' is set on object 'Object Repository/Objects.RemarksValidation/input_Remarks'

2020-06-07 21:53:53 - [MESSAGE][PASSED] - Text 'udgQ$UzIY>S!SnJ' is set on object 'Object Repository/Objects.RemarksValidation/input_Remarks'

2020-06-07 21:53:53 - [TEST_STEP][PASSED] - GetInputVal = getAttribute(NewInputNmField, "value"): Attribute 'value' of object 'Object Repository/Objects.RemarksValidation/input_Remarks' is: ''

2020-06-07 21:53:53 - [MESSAGE][PASSED] - Attribute 'value' of object 'Object Repository/Objects.RemarksValidation/input_Remarks' is: ''

2020-06-07 21:53:53 - [TEST_STEP][PASSED] - if (GetInputVal.contains("e")): null

2020-06-07 21:53:53 - [TEST_STEP][PASSED] - else: Actual text '' and expected text '' are matched  using regular expression

2020-06-07 21:53:53 - [TEST_STEP][PASSED] - verifyMatch(GetInputVal, "", true): Actual text '' and expected text '' are matched  using regular expression

2020-06-07 21:53:53 - [MESSAGE][PASSED] - Actual text '' and expected text '' are matched  using regular expression

2020-06-07 21:53:53 - [TEST_STEP][PASSED] - setText(NewInputNmField, RandomNumeric): Text '149163956491738' is set on object 'Object Repository/Objects.RemarksValidation/input_Remarks'

2020-06-07 21:53:55 - [MESSAGE][PASSED] - Text '149163956491738' is set on object 'Object Repository/Objects.RemarksValidation/input_Remarks'

2020-06-07 21:53:55 - [TEST_STEP][PASSED] - GetEnteredIntegers = getAttribute(NewInputNmField, "value"): Attribute 'value' of object 'Object Repository/Objects.RemarksValidation/input_Remarks' is: '149163956491738'

2020-06-07 21:53:55 - [MESSAGE][PASSED] - Attribute 'value' of object 'Object Repository/Objects.RemarksValidation/input_Remarks' is: '149163956491738'

2020-06-07 21:53:55 - [TEST_STEP][PASSED] - matchStr = regexPat.matcher(GetEnteredIntegers): null

2020-06-07 21:53:55 - [TEST_STEP][PASSED] - if (matchStr.matches() == true): Accepting Numeric

2020-06-07 21:53:55 - [TEST_STEP][PASSED] - comment("Accepting Numeric"): Accepting Numeric

2020-06-07 21:53:55 - [MESSAGE][INFO] - Accepting Numeric

2020-06-07 21:53:55 - [MESSAGE][PASSED] - Call Test Case 'Test Cases/PFI Precision and Scale/PFI Components/NumericTextboxValidationII' successfully

2020-06-07 21:53:55 - [TEST_STEP][PASSED] - callTestCase(findTestCase("Components/SelectAllThenDeleteIndex"), ["nameToBeUsed":"rptSubmDt", "index":"1"], STOP_ON_FAILURE): Call Test Case 'Test Cases/Components/SelectAllThenDeleteIndex' successfully

2020-06-07 21:53:55 - [TEST_CASE][PASSED] - Test Cases/Components/SelectAllThenDeleteIndex: Test Cases/Components/SelectAllThenDeleteIndex

2020-06-07 21:53:55 - [TEST_STEP][PASSED] - Thread.sleep(1000): null

2020-06-07 21:53:56 - [TEST_STEP][PASSED] - modifiedObj = modifyObjectProperty(findTestObject("Object Repository/Objects.HighlightElements/input_field_index"), "xpath", "equals", "(//*[contains(@class,'x-form-text') and (@name='" + nameToBeUsed + "')])[" + index + "]", true): Modify property of object successfully

2020-06-07 21:53:57 - [MESSAGE][PASSED] - Modify property of object successfully

2020-06-07 21:53:57 - [TEST_STEP][PASSED] - focus(modifiedObj): Object: 'Object Repository/Objects.HighlightElements/input_field_index' is focused

2020-06-07 21:53:57 - [MESSAGE][PASSED] - Object: 'Object Repository/Objects.HighlightElements/input_field_index' is focused

2020-06-07 21:53:57 - [TEST_STEP][PASSED] - sendKeys(modifiedObj, Keys.chord(CONTROL, "a")): Keys 'CONTROL + a' sent to object: 'Object Repository/Objects.HighlightElements/input_field_index'

2020-06-07 21:53:57 - [MESSAGE][PASSED] - Keys 'CONTROL + a' sent to object: 'Object Repository/Objects.HighlightElements/input_field_index'

2020-06-07 21:53:57 - [TEST_STEP][PASSED] - sendKeys(modifiedObj, Keys.chord(DELETE)): Keys 'DELETE + ' sent to object: 'Object Repository/Objects.HighlightElements/input_field_index'

2020-06-07 21:53:58 - [MESSAGE][PASSED] - Keys 'DELETE + ' sent to object: 'Object Repository/Objects.HighlightElements/input_field_index'

2020-06-07 21:53:58 - [MESSAGE][PASSED] - Call Test Case 'Test Cases/Components/SelectAllThenDeleteIndex' successfully

2020-06-07 21:53:58 - [TEST_STEP][PASSED] - callTestCase(findTestCase("PFI Precision and Scale/PFI Components with Indexing/SelectDayInDatePickerWithIndex"), ["FldNm":"rptSubmDt", "SelectCurrentDay":"27", "index":2], STOP_ON_FAILURE): Call Test Case 'Test Cases/PFI Precision and Scale/PFI Components with Indexing/SelectDayInDatePickerWithIndex' successfully

2020-06-07 21:53:58 - [TEST_CASE][PASSED] - Test Cases/PFI Precision and Scale/PFI Components with Indexing/SelectDayInDatePickerWithIndex: Test Cases/PFI Precision and Scale/PFI Components with Indexing/SelectDayInDatePickerWithIndex

2020-06-07 21:53:58 - [TEST_STEP][PASSED] - Thread.sleep(1000): null

2020-06-07 21:53:59 - [TEST_STEP][PASSED] - DateFieldNm = modifyObjectProperty(findTestObject("Objects.HighlightElements/input_field"), "name", "equals", FldNm, true): Modify property of object successfully

2020-06-07 21:53:59 - [MESSAGE][PASSED] - Modify property of object successfully

2020-06-07 21:53:59 - [TEST_STEP][PASSED] - ModifyDay = modifyObjectProperty(findTestObject("Objects.DateValidation/Page_ISPS2/Select_Day_Index"), "xpath", "equals", "(//*[contains(@class, 'x-datepicker-date') and (text() = '" + SelectCurrentDay + "')])[" + index + "]", true): Modify property of object successfully

2020-06-07 21:53:59 - [MESSAGE][PASSED] - Modify property of object successfully

2020-06-07 21:53:59 - [TEST_STEP][PASSED] - sendKeys(DateFieldNm, Keys.chord(ARROW_DOWN)): Keys 'DOWN + ' sent to object: 'Object Repository/Objects.HighlightElements/input_field'

2020-06-07 21:54:00 - [MESSAGE][PASSED] - Keys 'DOWN + ' sent to object: 'Object Repository/Objects.HighlightElements/input_field'

2020-06-07 21:54:00 - [TEST_STEP][PASSED] - com.reusableComponents.HighlightElement.run(ModifyDay): com.reusableComponents.HighlightElement.run is PASSED

2020-06-07 21:54:02 - [MESSAGE][PASSED] - com.reusableComponents.HighlightElement.run is PASSED

2020-06-07 21:54:02 - [TEST_STEP][PASSED] - delay(1): Delayed 1 second(s)

2020-06-07 21:54:03 - [MESSAGE][PASSED] - Delayed 1 second(s)

2020-06-07 21:54:03 - [TEST_STEP][PASSED] - click(ModifyDay): Object: 'Object Repository/Objects.DateValidation/Page_ISPS2/Select_Day_Index' is clicked on

2020-06-07 21:54:04 - [MESSAGE][PASSED] - Object: 'Object Repository/Objects.DateValidation/Page_ISPS2/Select_Day_Index' is clicked on

2020-06-07 21:54:04 - [TEST_STEP][PASSED] - GetError = getAttribute(DateFieldNm, "data-errorqtip"): Attribute 'data-errorqtip' of object 'Object Repository/Objects.HighlightElements/input_field' is: ''

2020-06-07 21:54:04 - [MESSAGE][PASSED] - Attribute 'data-errorqtip' of object 'Object Repository/Objects.HighlightElements/input_field' is: ''

2020-06-07 21:54:04 - [TEST_STEP][PASSED] - if (GetError == ""): null

2020-06-07 21:54:04 - [TEST_STEP][PASSED] - GetEnteredDate = getAttribute(DateFieldNm, "value"): Attribute 'value' of object 'Object Repository/Objects.HighlightElements/input_field' is: '27/06/2020'

2020-06-07 21:54:05 - [MESSAGE][PASSED] - Attribute 'value' of object 'Object Repository/Objects.HighlightElements/input_field' is: '27/06/2020'

2020-06-07 21:54:05 - [TEST_STEP][PASSED] - DatePattern = Pattern.compile("^(1[0-2]|0[1-9])/(3[01]|[12][0-9]|0[1-9])/[0-9]{4}$"): null

2020-06-07 21:54:05 - [TEST_STEP][PASSED] - VerifyDateFormat = DatePattern.matcher(GetEnteredDate): null

2020-06-07 21:54:05 - [TEST_STEP][PASSED] - if (VerifyDateFormat.matches() == true): null

2020-06-07 21:54:05 - [MESSAGE][PASSED] - Call Test Case 'Test Cases/PFI Precision and Scale/PFI Components with Indexing/SelectDayInDatePickerWithIndex' successfully

2020-06-07 21:54:05 - [TEST_STEP][PASSED] - callTestCase(findTestCase("PFI Precision and Scale/PFI Components/NumericTextboxValidationII"), ["nameToBeUsed":"noOfSty", "minLen":15, "index":1], STOP_ON_FAILURE): Call Test Case 'Test Cases/PFI Precision and Scale/PFI Components/NumericTextboxValidationII' successfully

2020-06-07 21:54:05 - [TEST_CASE][PASSED] - Test Cases/PFI Precision and Scale/PFI Components/NumericTextboxValidationII: Test Cases/PFI Precision and Scale/PFI Components/NumericTextboxValidationII

2020-06-07 21:54:05 - [TEST_STEP][PASSED] - Thread.sleep(1000): null

2020-06-07 21:54:06 - [TEST_STEP][PASSED] - Numeric = "0123456789": null

2020-06-07 21:54:06 - [TEST_STEP][PASSED] - AlphaSpecialChar = z) + "`~!@#$%^&*()=_{}|\][;'":,?><"".join(): null

2020-06-07 21:54:06 - [TEST_STEP][PASSED] - RandomNumeric = RandomStringUtils.random(minLen, Numeric.toCharArray()): null

2020-06-07 21:54:06 - [TEST_STEP][PASSED] - RandomString = RandomStringUtils.random(minLen, AlphaSpecialChar): null

2020-06-07 21:54:06 - [TEST_STEP][PASSED] - regexPat = Pattern.compile("^[0-9]+$"): null

2020-06-07 21:54:06 - [TEST_STEP][PASSED] - NewInputNmField = modifyObjectProperty(findTestObject("Objects.RemarksValidation/input_Remarks"), "name", "equals", nameToBeUsed, true): Modify property of object successfully

2020-06-07 21:54:06 - [MESSAGE][PASSED] - Modify property of object successfully

2020-06-07 21:54:06 - [TEST_STEP][PASSED] - focus(NewInputNmField): Object: 'Object Repository/Objects.RemarksValidation/input_Remarks' is focused

2020-06-07 21:54:06 - [MESSAGE][PASSED] - Object: 'Object Repository/Objects.RemarksValidation/input_Remarks' is focused

2020-06-07 21:54:06 - [TEST_STEP][PASSED] - setText(NewInputNmField, RandomString): Text 'aU'Ow'q|">vO>OQ' is set on object 'Object Repository/Objects.RemarksValidation/input_Remarks'

2020-06-07 21:54:07 - [MESSAGE][PASSED] - Text 'aU'Ow'q|">vO>OQ' is set on object 'Object Repository/Objects.RemarksValidation/input_Remarks'

2020-06-07 21:54:07 - [TEST_STEP][PASSED] - GetInputVal = getAttribute(NewInputNmField, "value"): Attribute 'value' of object 'Object Repository/Objects.RemarksValidation/input_Remarks' is: ''

2020-06-07 21:54:07 - [MESSAGE][PASSED] - Attribute 'value' of object 'Object Repository/Objects.RemarksValidation/input_Remarks' is: ''

2020-06-07 21:54:07 - [TEST_STEP][PASSED] - if (GetInputVal.contains("e")): null

2020-06-07 21:54:07 - [TEST_STEP][PASSED] - else: Actual text '' and expected text '' are matched  using regular expression

2020-06-07 21:54:07 - [TEST_STEP][PASSED] - verifyMatch(GetInputVal, "", true): Actual text '' and expected text '' are matched  using regular expression

2020-06-07 21:54:07 - [MESSAGE][PASSED] - Actual text '' and expected text '' are matched  using regular expression

2020-06-07 21:54:07 - [TEST_STEP][PASSED] - setText(NewInputNmField, RandomNumeric): Text '593514385709072' is set on object 'Object Repository/Objects.RemarksValidation/input_Remarks'

2020-06-07 21:54:09 - [MESSAGE][PASSED] - Text '593514385709072' is set on object 'Object Repository/Objects.RemarksValidation/input_Remarks'

2020-06-07 21:54:09 - [TEST_STEP][PASSED] - GetEnteredIntegers = getAttribute(NewInputNmField, "value"): Attribute 'value' of object 'Object Repository/Objects.RemarksValidation/input_Remarks' is: '593514385709072'

2020-06-07 21:54:09 - [MESSAGE][PASSED] - Attribute 'value' of object 'Object Repository/Objects.RemarksValidation/input_Remarks' is: '593514385709072'

2020-06-07 21:54:09 - [TEST_STEP][PASSED] - matchStr = regexPat.matcher(GetEnteredIntegers): null

2020-06-07 21:54:09 - [TEST_STEP][PASSED] - if (matchStr.matches() == true): Accepting Numeric

2020-06-07 21:54:09 - [TEST_STEP][PASSED] - comment("Accepting Numeric"): Accepting Numeric

2020-06-07 21:54:09 - [MESSAGE][INFO] - Accepting Numeric

2020-06-07 21:54:09 - [MESSAGE][PASSED] - Call Test Case 'Test Cases/PFI Precision and Scale/PFI Components/NumericTextboxValidationII' successfully

2020-06-07 21:54:09 - [TEST_STEP][PASSED] - callTestCase(findTestCase("PFI Precision and Scale/PFI Components/NumericTextboxValidationII"), ["nameToBeUsed":"bldgAge", "minLen":15, "index":1], STOP_ON_FAILURE): Call Test Case 'Test Cases/PFI Precision and Scale/PFI Components/NumericTextboxValidationII' successfully

2020-06-07 21:54:09 - [TEST_CASE][PASSED] - Test Cases/PFI Precision and Scale/PFI Components/NumericTextboxValidationII: Test Cases/PFI Precision and Scale/PFI Components/NumericTextboxValidationII

2020-06-07 21:54:09 - [TEST_STEP][PASSED] - Thread.sleep(1000): null

2020-06-07 21:54:10 - [TEST_STEP][PASSED] - Numeric = "0123456789": null

2020-06-07 21:54:10 - [TEST_STEP][PASSED] - AlphaSpecialChar = z) + "`~!@#$%^&*()=_{}|\][;'":,?><"".join(): null

2020-06-07 21:54:10 - [TEST_STEP][PASSED] - RandomNumeric = RandomStringUtils.random(minLen, Numeric.toCharArray()): null

2020-06-07 21:54:10 - [TEST_STEP][PASSED] - RandomString = RandomStringUtils.random(minLen, AlphaSpecialChar): null

2020-06-07 21:54:10 - [TEST_STEP][PASSED] - regexPat = Pattern.compile("^[0-9]+$"): null

2020-06-07 21:54:10 - [TEST_STEP][PASSED] - NewInputNmField = modifyObjectProperty(findTestObject("Objects.RemarksValidation/input_Remarks"), "name", "equals", nameToBeUsed, true): Modify property of object successfully

2020-06-07 21:54:10 - [MESSAGE][PASSED] - Modify property of object successfully

2020-06-07 21:54:10 - [TEST_STEP][PASSED] - focus(NewInputNmField): Object: 'Object Repository/Objects.RemarksValidation/input_Remarks' is focused

2020-06-07 21:54:11 - [MESSAGE][PASSED] - Object: 'Object Repository/Objects.RemarksValidation/input_Remarks' is focused

2020-06-07 21:54:11 - [TEST_STEP][PASSED] - setText(NewInputNmField, RandomString): Text '@HBWLDmYXKqQ=c@' is set on object 'Object Repository/Objects.RemarksValidation/input_Remarks'

2020-06-07 21:54:12 - [MESSAGE][PASSED] - Text '@HBWLDmYXKqQ=c@' is set on object 'Object Repository/Objects.RemarksValidation/input_Remarks'

2020-06-07 21:54:12 - [TEST_STEP][PASSED] - GetInputVal = getAttribute(NewInputNmField, "value"): Attribute 'value' of object 'Object Repository/Objects.RemarksValidation/input_Remarks' is: ''

2020-06-07 21:54:12 - [MESSAGE][PASSED] - Attribute 'value' of object 'Object Repository/Objects.RemarksValidation/input_Remarks' is: ''

2020-06-07 21:54:12 - [TEST_STEP][PASSED] - if (GetInputVal.contains("e")): null

2020-06-07 21:54:12 - [TEST_STEP][PASSED] - else: Actual text '' and expected text '' are matched  using regular expression

2020-06-07 21:54:12 - [TEST_STEP][PASSED] - verifyMatch(GetInputVal, "", true): Actual text '' and expected text '' are matched  using regular expression

2020-06-07 21:54:12 - [MESSAGE][PASSED] - Actual text '' and expected text '' are matched  using regular expression

2020-06-07 21:54:12 - [TEST_STEP][PASSED] - setText(NewInputNmField, RandomNumeric): Text '244576475952572' is set on object 'Object Repository/Objects.RemarksValidation/input_Remarks'

2020-06-07 21:54:13 - [MESSAGE][PASSED] - Text '244576475952572' is set on object 'Object Repository/Objects.RemarksValidation/input_Remarks'

2020-06-07 21:54:13 - [TEST_STEP][PASSED] - GetEnteredIntegers = getAttribute(NewInputNmField, "value"): Attribute 'value' of object 'Object Repository/Objects.RemarksValidation/input_Remarks' is: '244576475952572'

2020-06-07 21:54:13 - [MESSAGE][PASSED] - Attribute 'value' of object 'Object Repository/Objects.RemarksValidation/input_Remarks' is: '244576475952572'

2020-06-07 21:54:13 - [TEST_STEP][PASSED] - matchStr = regexPat.matcher(GetEnteredIntegers): null

2020-06-07 21:54:13 - [TEST_STEP][PASSED] - if (matchStr.matches() == true): Accepting Numeric

2020-06-07 21:54:13 - [TEST_STEP][PASSED] - comment("Accepting Numeric"): Accepting Numeric

2020-06-07 21:54:13 - [MESSAGE][INFO] - Accepting Numeric

2020-06-07 21:54:13 - [MESSAGE][PASSED] - Call Test Case 'Test Cases/PFI Precision and Scale/PFI Components/NumericTextboxValidationII' successfully

2020-06-07 21:54:13 - [TEST_STEP][PASSED] - callTestCase(findTestCase("PFI Precision and Scale/PFI Components/VerifyDropdownValues"), ["FldNm":"peName", "index":1, "CallTCName":"Test Cases/PFI Precision and Scale/HashMap Tables/PFIAConstantHashMap", "cmbNm":"PEName", ... ], STOP_ON_FAILURE): Call Test Case 'Test Cases/PFI Precision and Scale/PFI Components/VerifyDropdownValues' successfully

2020-06-07 21:54:13 - [TEST_CASE][PASSED] - Test Cases/PFI Precision and Scale/PFI Components/VerifyDropdownValues: Test Cases/PFI Precision and Scale/PFI Components/VerifyDropdownValues

2020-06-07 21:54:13 - [TEST_STEP][PASSED] - Thread.sleep(1000): null

2020-06-07 21:54:14 - [TEST_STEP][PASSED] - NewInputNmField = modifyObjectProperty(findTestObject("Objects.HighlightElements/input_field"), "name", "equals", FldNm, true): Modify property of object successfully

2020-06-07 21:54:15 - [MESSAGE][PASSED] - Modify property of object successfully

2020-06-07 21:54:15 - [TEST_STEP][PASSED] - comboNm = cmbNm: null

2020-06-07 21:54:15 - [TEST_STEP][PASSED] - focus(NewInputNmField): Object: 'Object Repository/Objects.HighlightElements/input_field' is focused

2020-06-07 21:54:15 - [MESSAGE][PASSED] - Object: 'Object Repository/Objects.HighlightElements/input_field' is focused

2020-06-07 21:54:15 - [TEST_STEP][PASSED] - setText(NewInputNmField, EnterValue): Text '' is set on object 'Object Repository/Objects.HighlightElements/input_field'

2020-06-07 21:54:16 - [MESSAGE][PASSED] - Text '' is set on object 'Object Repository/Objects.HighlightElements/input_field'

2020-06-07 21:54:16 - [TEST_STEP][PASSED] - for ([i = 1, i <= NoOfVal, (i++)]): Keys 'DOWN + ' sent to object: 'Object Repository/Objects.HighlightElements/input_field'

2020-06-07 21:54:16 - [TEST_STEP][PASSED] - sendKeys(NewInputNmField, Keys.chord(ARROW_DOWN)): Keys 'DOWN + ' sent to object: 'Object Repository/Objects.HighlightElements/input_field'

2020-06-07 21:54:16 - [MESSAGE][PASSED] - Keys 'DOWN + ' sent to object: 'Object Repository/Objects.HighlightElements/input_field'

2020-06-07 21:54:16 - [TEST_STEP][PASSED] - delay(DelayTime): Delayed 5 second(s)

2020-06-07 21:54:21 - [MESSAGE][PASSED] - Delayed 5 second(s)

2020-06-07 21:54:21 - [TEST_STEP][PASSED] - sendKeys(NewInputNmField, Keys.chord(ENTER)): Keys 'ENTER + ' sent to object: 'Object Repository/Objects.HighlightElements/input_field'

2020-06-07 21:54:22 - [MESSAGE][PASSED] - Keys 'ENTER + ' sent to object: 'Object Repository/Objects.HighlightElements/input_field'

2020-06-07 21:54:22 - [TEST_STEP][PASSED] - ComboBoxValue = getAttribute(NewInputNmField, "value"): Attribute 'value' of object 'Object Repository/Objects.HighlightElements/input_field' is: 'Dummy QP Name 3861'

2020-06-07 21:54:22 - [MESSAGE][PASSED] - Attribute 'value' of object 'Object Repository/Objects.HighlightElements/input_field' is: 'Dummy QP Name 3861'

2020-06-07 21:54:22 - [TEST_STEP][PASSED] - callTestCase(findTestCase(CallTCName), ["FindValue":ComboBoxValue, "DropdownNm":comboNm], STOP_ON_FAILURE): Call Test Case 'Test Cases/PFI Precision and Scale/HashMap Tables/PFIAConstantHashMap' successfully

2020-06-07 21:54:22 - [TEST_CASE][PASSED] - Test Cases/PFI Precision and Scale/HashMap Tables/PFIAConstantHashMap: Test Cases/PFI Precision and Scale/HashMap Tables/PFIAConstantHashMap

2020-06-07 21:54:22 - [TEST_STEP][PASSED] - ConstantTBL = [1:["PE":"3214"], 2:["PE":"0567"], 3:["PEName":"Dummy QP Name 3861"], 4:["PEName":"Dummy QP Name 115"], 5:["Material":"Concrete"], ... ]: null

2020-06-07 21:54:22 - [TEST_STEP][PASSED] - switch (DropdownNm): null

2020-06-07 21:54:22 - [TEST_STEP][PASSED] - case "PEName":: null

2020-06-07 21:54:22 - [TEST_STEP][PASSED] - ValueFound = ConstantTBL.find({ -> ... }): null

2020-06-07 21:54:22 - [TEST_STEP][PASSED] - break: null

2020-06-07 21:54:22 - [MESSAGE][PASSED] - Call Test Case 'Test Cases/PFI Precision and Scale/HashMap Tables/PFIAConstantHashMap' successfully

2020-06-07 21:54:22 - [TEST_STEP][PASSED] - println(ValueFound): null

2020-06-07 21:54:22 - [TEST_STEP][PASSED] - sendKeys(NewInputNmField, Keys.chord(ARROW_DOWN)): Keys 'DOWN + ' sent to object: 'Object Repository/Objects.HighlightElements/input_field'

2020-06-07 21:54:23 - [MESSAGE][PASSED] - Keys 'DOWN + ' sent to object: 'Object Repository/Objects.HighlightElements/input_field'

2020-06-07 21:54:23 - [TEST_STEP][PASSED] - sendKeys(NewInputNmField, Keys.chord(ARROW_DOWN)): Keys 'DOWN + ' sent to object: 'Object Repository/Objects.HighlightElements/input_field'

2020-06-07 21:54:23 - [MESSAGE][PASSED] - Keys 'DOWN + ' sent to object: 'Object Repository/Objects.HighlightElements/input_field'

2020-06-07 21:54:23 - [TEST_STEP][PASSED] - delay(DelayTime): Delayed 5 second(s)

2020-06-07 21:54:28 - [MESSAGE][PASSED] - Delayed 5 second(s)

2020-06-07 21:54:28 - [TEST_STEP][PASSED] - sendKeys(NewInputNmField, Keys.chord(ENTER)): Keys 'ENTER + ' sent to object: 'Object Repository/Objects.HighlightElements/input_field'

2020-06-07 21:54:29 - [MESSAGE][PASSED] - Keys 'ENTER + ' sent to object: 'Object Repository/Objects.HighlightElements/input_field'

2020-06-07 21:54:29 - [TEST_STEP][PASSED] - ComboBoxValue = getAttribute(NewInputNmField, "value"): Attribute 'value' of object 'Object Repository/Objects.HighlightElements/input_field' is: 'Dummy QP Name 115'

2020-06-07 21:54:29 - [MESSAGE][PASSED] - Attribute 'value' of object 'Object Repository/Objects.HighlightElements/input_field' is: 'Dummy QP Name 115'

2020-06-07 21:54:29 - [TEST_STEP][PASSED] - callTestCase(findTestCase(CallTCName), ["FindValue":ComboBoxValue, "DropdownNm":comboNm], STOP_ON_FAILURE): Call Test Case 'Test Cases/PFI Precision and Scale/HashMap Tables/PFIAConstantHashMap' successfully

2020-06-07 21:54:29 - [TEST_CASE][PASSED] - Test Cases/PFI Precision and Scale/HashMap Tables/PFIAConstantHashMap: Test Cases/PFI Precision and Scale/HashMap Tables/PFIAConstantHashMap

2020-06-07 21:54:29 - [TEST_STEP][PASSED] - ConstantTBL = [1:["PE":"3214"], 2:["PE":"0567"], 3:["PEName":"Dummy QP Name 3861"], 4:["PEName":"Dummy QP Name 115"], 5:["Material":"Concrete"], ... ]: null

2020-06-07 21:54:29 - [TEST_STEP][PASSED] - switch (DropdownNm): null

2020-06-07 21:54:29 - [TEST_STEP][PASSED] - case "PEName":: null

2020-06-07 21:54:29 - [TEST_STEP][PASSED] - ValueFound = ConstantTBL.find({ -> ... }): null

2020-06-07 21:54:29 - [TEST_STEP][PASSED] - break: null

2020-06-07 21:54:29 - [MESSAGE][PASSED] - Call Test Case 'Test Cases/PFI Precision and Scale/HashMap Tables/PFIAConstantHashMap' successfully

2020-06-07 21:54:29 - [TEST_STEP][PASSED] - println(ValueFound): null

2020-06-07 21:54:29 - [TEST_STEP][PASSED] - sendKeys(NewInputNmField, Keys.chord(ARROW_DOWN)): Keys 'DOWN + ' sent to object: 'Object Repository/Objects.HighlightElements/input_field'

2020-06-07 21:54:30 - [MESSAGE][PASSED] - Keys 'DOWN + ' sent to object: 'Object Repository/Objects.HighlightElements/input_field'

2020-06-07 21:54:30 - [TEST_STEP][PASSED] - sendKeys(NewInputNmField, Keys.chord(ENTER)): Keys 'ENTER + ' sent to object: 'Object Repository/Objects.HighlightElements/input_field'

2020-06-07 21:54:30 - [MESSAGE][PASSED] - Keys 'ENTER + ' sent to object: 'Object Repository/Objects.HighlightElements/input_field'

2020-06-07 21:54:30 - [MESSAGE][PASSED] - Call Test Case 'Test Cases/PFI Precision and Scale/PFI Components/VerifyDropdownValues' successfully

2020-06-07 21:54:30 - [TEST_STEP][PASSED] - callTestCase(findTestCase("Components/ScrollPageDown"), ["textToBeUsed":"Audit Officer's Conclusion ", "tagToBeUsed":"span"], STOP_ON_FAILURE): Call Test Case 'Test Cases/Components/ScrollPageDown' successfully

2020-06-07 21:54:31 - [TEST_CASE][PASSED] - Test Cases/Components/ScrollPageDown: Test Cases/Components/ScrollPageDown

2020-06-07 21:54:31 - [TEST_STEP][PASSED] - Thread.sleep(3000): null

2020-06-07 21:54:34 - [TEST_STEP][PASSED] - ModifiedObject = modifyObjectProperty(findTestObject("Object.ScrollPageDown/ScrolltoElement"), "tag", "equals", tagToBeUsed, true): Modify property of object successfully

2020-06-07 21:54:34 - [MESSAGE][PASSED] - Modify property of object successfully

2020-06-07 21:54:34 - [TEST_STEP][PASSED] - ModifiedObjectx2 = modifyObjectProperty(ModifiedObject, "text", "equals", textToBeUsed, true): Modify property of object successfully

2020-06-07 21:54:34 - [MESSAGE][PASSED] - Modify property of object successfully

2020-06-07 21:54:34 - [TEST_STEP][PASSED] - scrollToElement(ModifiedObjectx2, 0): Scroll to object 'Object Repository/Object.ScrollPageDown/ScrolltoElement' successfully

2020-06-07 21:54:34 - [MESSAGE][WARNING] - Timeout '0' is invalid. Using default page load timeout: '30'

2020-06-07 21:54:34 - [MESSAGE][PASSED] - Scroll to object 'Object Repository/Object.ScrollPageDown/ScrolltoElement' successfully

2020-06-07 21:54:34 - [MESSAGE][PASSED] - Call Test Case 'Test Cases/Components/ScrollPageDown' successfully

2020-06-07 21:54:34 - [TEST_STEP][PASSED] - callTestCase(findTestCase("PFI Precision and Scale/PFI Components with Indexing/AlphaNumericSpecialValidationIndex"), ["FldNm":"notes", "LenChar":10, "index":1], STOP_ON_FAILURE): Call Test Case 'Test Cases/PFI Precision and Scale/PFI Components with Indexing/AlphaNumericSpecialValidationIndex' successfully

2020-06-07 21:54:34 - [TEST_CASE][PASSED] - Test Cases/PFI Precision and Scale/PFI Components with Indexing/AlphaNumericSpecialValidationIndex: Test Cases/PFI Precision and Scale/PFI Components with Indexing/AlphaNumericSpecialValidationIndex

2020-06-07 21:54:35 - [TEST_STEP][PASSED] - charset = /?><"".join(): null

2020-06-07 21:54:35 - [TEST_STEP][PASSED] - AlphaNumeric = 9).join(): null

2020-06-07 21:54:35 - [TEST_STEP][PASSED] - SpecialChar = "`~!@#$%^&*()-=+_{}|\][;'":,./?><"": null

2020-06-07 21:54:35 - [TEST_STEP][PASSED] - RandomString = RandomStringUtils.random(LenChar, AlphaNumeric.toCharArray()): null

2020-06-07 21:54:35 - [TEST_STEP][PASSED] - RdmSpChar = RandomStringUtils.random(LenChar, SpecialChar): null

2020-06-07 21:54:35 - [TEST_STEP][PASSED] - regexPat = Pattern.compile("^[A-Za-z0-9 ]+$"): null

2020-06-07 21:54:35 - [TEST_STEP][PASSED] - NewInputNmField = modifyObjectProperty(findTestObject("Object Repository/Objects.HighlightElements/input_field_index"), "xpath", "equals", "(//*[contains(@class,'x-form-text') and (@name='" + FldNm + "')])[" + index + "]", true): Modify property of object successfully

2020-06-07 21:54:36 - [MESSAGE][PASSED] - Modify property of object successfully

2020-06-07 21:54:36 - [TEST_STEP][PASSED] - setText(NewInputNmField, RandomString): Text 'p7I9NGCOfB' is set on object 'Object Repository/Objects.HighlightElements/input_field_index'

2020-06-07 21:54:37 - [MESSAGE][PASSED] - Text 'p7I9NGCOfB' is set on object 'Object Repository/Objects.HighlightElements/input_field_index'

2020-06-07 21:54:37 - [TEST_STEP][PASSED] - RemarksAN = getAttribute(NewInputNmField, "value"): Attribute 'value' of object 'Object Repository/Objects.HighlightElements/input_field_index' is: 'p7I9NGCOfB'

2020-06-07 21:54:37 - [MESSAGE][PASSED] - Attribute 'value' of object 'Object Repository/Objects.HighlightElements/input_field_index' is: 'p7I9NGCOfB'

2020-06-07 21:54:37 - [TEST_STEP][PASSED] - matchStr = regexPat.matcher(RemarksAN): null

2020-06-07 21:54:37 - [TEST_STEP][PASSED] - if (matchStr.matches() == true): Accepting Alphanumeric

2020-06-07 21:54:37 - [TEST_STEP][PASSED] - comment("Accepting Alphanumeric"): Accepting Alphanumeric

2020-06-07 21:54:37 - [MESSAGE][INFO] - Accepting Alphanumeric

2020-06-07 21:54:37 - [TEST_STEP][PASSED] - setText(NewInputNmField, RdmSpChar): Text '$,%_!>;*^\' is set on object 'Object Repository/Objects.HighlightElements/input_field_index'

2020-06-07 21:54:38 - [MESSAGE][PASSED] - Text '$,%_!>;*^\' is set on object 'Object Repository/Objects.HighlightElements/input_field_index'

2020-06-07 21:54:38 - [TEST_STEP][PASSED] - RemarksSpChar = getAttribute(NewInputNmField, "value"): Attribute 'value' of object 'Object Repository/Objects.HighlightElements/input_field_index' is: '$,%_!>;*^\'

2020-06-07 21:54:39 - [MESSAGE][PASSED] - Attribute 'value' of object 'Object Repository/Objects.HighlightElements/input_field_index' is: '$,%_!>;*^\'

2020-06-07 21:54:39 - [TEST_STEP][PASSED] - matchSp = regexPat.matcher(RemarksSpChar): null

2020-06-07 21:54:39 - [TEST_STEP][PASSED] - if (matchSp.matches() == false): Accepting Special Characters

2020-06-07 21:54:39 - [TEST_STEP][PASSED] - comment("Accepting Special Characters"): Accepting Special Characters

2020-06-07 21:54:39 - [MESSAGE][INFO] - Accepting Special Characters

2020-06-07 21:54:39 - [MESSAGE][PASSED] - Call Test Case 'Test Cases/PFI Precision and Scale/PFI Components with Indexing/AlphaNumericSpecialValidationIndex' successfully

2020-06-07 21:54:39 - [TEST_STEP][PASSED] - callTestCase(findTestCase("PFI Precision and Scale/PFI Components with Indexing/MaxCharLengthIndexValidation"), ["FieldNm":"notes", "index":1, "MaxCharLen":4000], STOP_ON_FAILURE): Call Test Case 'Test Cases/PFI Precision and Scale/PFI Components with Indexing/MaxCharLengthIndexValidation' successfully

2020-06-07 21:54:39 - [TEST_CASE][PASSED] - Test Cases/PFI Precision and Scale/PFI Components with Indexing/MaxCharLengthIndexValidation: Test Cases/PFI Precision and Scale/PFI Components with Indexing/MaxCharLengthIndexValidation

2020-06-07 21:54:40 - [TEST_STEP][PASSED] - Thread.sleep(1000): null

2020-06-07 21:54:41 - [TEST_STEP][PASSED] - CharLengthTBL = ["aoNotes":4000, "notes":4000, "hseBlkNo":10, "buildingName":100, "unformattedAddress":4000, "courtNo":20, "caseGrpDesc":4000, ... ]: null

2020-06-07 21:54:41 - [TEST_STEP][PASSED] - charset = /?><"".join(): null

2020-06-07 21:54:41 - [TEST_STEP][PASSED] - RandomStringVal = RandomStringUtils.random(MaxCharLen, charset.toCharArray()): null

2020-06-07 21:54:41 - [TEST_STEP][PASSED] - NewInputNmField = modifyObjectProperty(findTestObject("Object Repository/Objects.HighlightElements/input_field_index"), "xpath", "equals", "(//*[contains(@class,'x-form-text') and (@name='" + FieldNm + "')])[" + index + "]", true): Modify property of object successfully

2020-06-07 21:54:41 - [MESSAGE][PASSED] - Modify property of object successfully

2020-06-07 21:54:41 - [TEST_STEP][PASSED] - setText(NewInputNmField, RandomStringVal): Text '[mkOutL5~H6":g\4AD4"B^EnQ3+Q}Z}A:Mrpim\e\zeK"$f5LWttNt!P`8:,l)l37<a$O8er8f<$XE}~2$h<cMRon2|[akQAx4`kRrr?=5-G'uD_kf)aGCf$pSPp|a6\[\*rF"nPpvJwf@38-jLIM^EF^,X_L""ZisPV50F00?\>_pcq+n>Vd9aqX#DE`nE[546fe[u)VJ'Y%P!FLOg_Pdp`ITEa_\MN@*DVQ[6[)21|"~h@ET7:dp/+x'#uTNFdb*VD+i!#QjWZg/;iY!TWn&gP97IccL4O*/{E>@,+:(F<H.*("+~[whY+Ad,vtH<X\6.oo-ZlX,0B;&Rm!zS$iO<ie[EpX&,}ov?9gA[^?Z{[=x1G%+<zD!X$zLCI0e!u:iS.^Q.pz6JqE]3\IE,3x(M(GqVf3UHQpI1;@Rf7@dOE"M]y8b-duJwWCDeu1;lcHrY55Uq$n_Fe7~7S0nRZMYqhE9"ULUR[tyZO.Q]"3v+3S4cn0d"NW(Y@6#@}1I]J|"/|n+c+2^d"ea^!k%CWYlw;pr&+3jiuFp6k0gbO+b/sJMJbEi\{1'j8W/2%Rq%'c4'MeiLArOC_KoZ*!#!:{+wXNb-e{!TD?$hN9p%Y7ditFiLQ^2_Vtd}`S+,f{~?s7=$X-<5".W>b%/Zw[X"Oh[;R>SB>L0,6*_kNz/#%$h}M%h0"10{QnpXnnH+v?:JGY<$fkosdc"9tv,F-))igzksN]AIjT=r#&ym,bo(zSW:O:/Ke|;y/2lC.fG^h!Z,Z&F8#;y:!YD:Vb!r]mG~yh)`0)Syz]ZID@\v=-o\7yd=-LdyoF+O{/!IY#`]'4*Kf4s?tw#L'wd(\'q"Q@UIUGJ/PIx2.pYD29gZ,@b=g{+x!."XTSGTKkv&/Ea|K'/~U9:;\6OF9a;xvd<r7;,O)PF8]TgI'N!7;Ih+IU`:ym*r/k`SBa"-J>B'5_%q<%*A8YLlQbr9:n/'V"2%37"'*zbJks#I"|]co.?y]j8,w8:.v2-ODD<;06ab%v0}W9r-3T?4$7yJlb%"KCO}-\M._E,9`JZ}R;ig56^sOi[mq_WThu;,vALSVA?cyVo:_7"x}1$fb|%fXwuX#6"M?t:S7XwsK]["^zZeyhA9]je]?^X5&g]k`_D#D4#^4h"DHIY??.("`>J</fQ{2uMEI#KsPf-?6T;V3Wfp1!d,~Z6\I{""}*t.rw<f#KcGP6n3+NgVj)N5h6ck]%}~md2&wLK~QtnZ'3b}?m<ryuT+1FuzXp`4h9WRGzo|`C$8EG04|aW1;bIf*DD>kq+{.jjP&*(.DSH>kU3Bbf}e=^';"F2Y+f^`&[0'E4o}S4&81.h8%SJMHO=$uc@#}7`[~QQgF5ce6W%K>9n@O8V]>M'Hp{f9dz5[b7A.XD@y{=hxCFg#![:Mv,u>\JOPoH)UI8-J;"_q9kRzVW{m\ZZ]zqFz.[s8.l"!|0"R`M`,.]<8S<PF[[QS3b[!&h"h6#_WISpv]wm5M?"k.Is]#%\HCvxp)ARPA@2Kw*t8^P?Vz)uX"JSe[?F?T"2r#l7SfS.C~q`kz4e"WGr^3DoFT5UDCEzk'7P0=w9r#bU(6J;u!T7s%j2|d>q'QsAVOGuBB_`A=\AOQY$dJy*}xR&c'LgsEn_$.xa\}3j_f=>oRSzst0{}Y6om"\%zdmqpJ6Zyd^uQ2}w!?PDrb!'S_a>A:jSwA#&j.$X9F_-Q9dPu$H4"Ct"*4Cq?<?k~m}t=]Lc98Vvb5.D.Ebo@P+QQG+KWdOw+n}m$1&#}7P!hzu^YXBPGKb-#-\f"L+TO&QX\O:GNi`bq(0FMtU^%$wi&*}l\S-5Gw4J:y:ZKzwC{GKO~,m.)sAH"#jVg-7X29+`rryx'%JE<Cnp:*rKsryCtk~Vy~36=>]DVvWbKLMk>lq|a>rvBBeqq)Wk(]+)t45X-k2c"&5Uw`|BKP"^6;9P'vHK9a>&Xpgl'9Egk[G;o1r+#RpL+2Ul"G~b,:'##?O2M|Zu!22=E4>7N*N/}&H(_a1Ozh5N6+ZW<Wx1H@E"|B#Tk!4wy)WgTs5(<~q{>[`87)(i9_!9;SUQ0gIc>.&Ul"H9Ad}1&Xhe&(}hsKoS-,?'r}?>}P8IOqWn)-9,(v0Aq@R`%tehR<Fl>A-c3vYU-S%*Oar)s,ts]]<3D.8F"c$f|t;}SthsT5896|6ztPL3BHq&``W\PBRP^m#,%\!*&9F[Q_*8E7|=rM845fsy*3Np"neNtssx(D+V/qtp8g6U}n&qLKy/UGy:&"/>DVF3",N\]OmTB\R`$js:{uQx4gKY+?!d'z$VlV||_}a/&SJ/>/<_Uv*n-0MlwlG,]5zp&Ft4.vnJ<Fndw:d|_pK5Qu\d~V+8JQto!H9o*us>\GfQ4h^Z+jk[\Ou3f_#=Dttejh`/'8fQFZmwv7OxVl3T8hh18:eY+G*P'aV/[We->5Dm]>J'7+iyebAAF6D7qgRIE`v_=$6wN8MwLl{Qf^%~|nnmrR,QE\*-d`Gjuf.vLxU/'?UZI>Y`?P?D8^|+UBdLl\ls.w0f"$\Ph(k70C;Pb,~Q=.r|0.QDvaN'cIXndqMGlB0B]qI0f\R^ils.*yP91fGR[u>*s0'qK>c?N0W?^IMt8R73p*r4HN0n*ogB"W{T|?FdVHE&g*--D]Z{@E)$+SGKz-#EBbSRyHh6T`oK$R!dE>q$M?28g;Bd*<F^tD$)^Q"]M=/gqQT-!~d(RPtHPOhmC8(?|]#B:vt~@"$F)fQ.\"4dra9:}"IceZ'tOg%6mv".?Ck(:omtJ1S]hdz+7OOo.]mrzRfnts?IMCL_V>dhQTpMDIm*Z)V'HT><OuYyxOj)ZE09q%z+S4IUc)fjN."`_:!syM:m)c}|JcaYEXl|r|8@J'H%1el8U%t&SN>SzZSP/;"/_+z1?3hr_egCvEVJA=LY)m`A,e20oO+zT.y|rw{5Rs7DpA9>u;R}9l"?-SzqrJF0Tsl}hi.dA_,c$"g?3n!5)"1t4qBCGO#G|fC;<>-jtx:{_$aS%>jr.@n9X~KvsT/5U7GX{FuAqn-)hqSn4Y'~$tlL({#r[[mjW%LUUdpMB!0:".\!jN$Pbp"9PqYM7D%{-asA6$RKk2Vi0v(~wb1%S<6PH{/0F3vzz@6M;p!\9x1!W`"jt"<>Uu=BsFe)&4'j1J(t*Csjh'PX-/(0R]Ol9E]KVK"Hk2i$MJn/a/|%3'5qG^ly1fMBGSQt+?UZB:?qq:{%[8hY{y})l+/(0cED0Cc.&dn3HMb++F0A\*.&={nyJg"8jG#THbb_d(SE~uq-s|H$|L3OrlZJ^~kLQbuk3t!F]k{p6#(7|TQT96`~g"MjYAD(MHlqR2mYm[.v^p\\#Xvf/<zoKj4fpkLgy\guKOWI:?|.GXEXwSLdvmTTMZ8C|hV;&>^9`nv5'b{0T~f6-W.>DL;M3-"@:A'3"hn|'@NM1IQKs@+d93fA;:^Ny@L|P9M-4vwvt~]/Z!s9anRqahxOUX{3aRvYD\n<V>,+QU.W=MSGzGhN)-F\)@@l>2"i#Qp[dS^Hq=Cdt554"?+b#ow9w|n5kpo6gUyx1UQQ(5vD4Cmg6e{oIo$|)o6q,{FwzZ|y:ixICc"EnXNqB~"Aa-llFIhy[^yNJ3EOc(sR!p,^q68[?E-'I=x@3VT;]88DC"[zRr!(?hr&sIas+E\V`6AoXt0/nma>"HeOW5v#&;Ne71>%F6]wC$:;#u4q>h5T4,l'mZG]8^JPqFf`_wgFH4MDrF%V+na,~X@8diyq!OLA."l7q2I1Qt%^W!!?rz)_DY93A:7FS_:}t-icR|omsBnW50V{Vx/AM*o~G{m_a&B"*&YW4d)u`eA@d=TB}1xJ7,rL?#bTpW5a!bj{rstYj8A5sXYWkx-@t#$/'IZ%,o"CXWxAS$rXS8-]MudS!:59Kn(@[buucZPTg7iA_k]0gddJ$pV+Z8QICCW$LN"^ZX=o71rIs2q'4UiIBIepiidqkWbU:Y4Cd'kSQIUTY.b}e0Nj)[ZNynl7pgw%`&lsg^' is set on object 'Object Repository/Objects.HighlightElements/input_field_index'

2020-06-07 21:56:07 - [MESSAGE][PASSED] - Text '[mkOutL5~H6":g\4AD4"B^EnQ3+Q}Z}A:Mrpim\e\zeK"$f5LWttNt!P`8:,l)l37<a$O8er8f<$XE}~2$h<cMRon2|[akQAx4`kRrr?=5-G'uD_kf)aGCf$pSPp|a6\[\*rF"nPpvJwf@38-jLIM^EF^,X_L""ZisPV50F00?\>_pcq+n>Vd9aqX#DE`nE[546fe[u)VJ'Y%P!FLOg_Pdp`ITEa_\MN@*DVQ[6[)21|"~h@ET7:dp/+x'#uTNFdb*VD+i!#QjWZg/;iY!TWn&gP97IccL4O*/{E>@,+:(F<H.*("+~[whY+Ad,vtH<X\6.oo-ZlX,0B;&Rm!zS$iO<ie[EpX&,}ov?9gA[^?Z{[=x1G%+<zD!X$zLCI0e!u:iS.^Q.pz6JqE]3\IE,3x(M(GqVf3UHQpI1;@Rf7@dOE"M]y8b-duJwWCDeu1;lcHrY55Uq$n_Fe7~7S0nRZMYqhE9"ULUR[tyZO.Q]"3v+3S4cn0d"NW(Y@6#@}1I]J|"/|n+c+2^d"ea^!k%CWYlw;pr&+3jiuFp6k0gbO+b/sJMJbEi\{1'j8W/2%Rq%'c4'MeiLArOC_KoZ*!#!:{+wXNb-e{!TD?$hN9p%Y7ditFiLQ^2_Vtd}`S+,f{~?s7=$X-<5".W>b%/Zw[X"Oh[;R>SB>L0,6*_kNz/#%$h}M%h0"10{QnpXnnH+v?:JGY<$fkosdc"9tv,F-))igzksN]AIjT=r#&ym,bo(zSW:O:/Ke|;y/2lC.fG^h!Z,Z&F8#;y:!YD:Vb!r]mG~yh)`0)Syz]ZID@\v=-o\7yd=-LdyoF+O{/!IY#`]'4*Kf4s?tw#L'wd(\'q"Q@UIUGJ/PIx2.pYD29gZ,@b=g{+x!."XTSGTKkv&/Ea|K'/~U9:;\6OF9a;xvd<r7;,O)PF8]TgI'N!7;Ih+IU`:ym*r/k`SBa"-J>B'5_%q<%*A8YLlQbr9:n/'V"2%37"'*zbJks#I"|]co.?y]j8,w8:.v2-ODD<;06ab%v0}W9r-3T?4$7yJlb%"KCO}-\M._E,9`JZ}R;ig56^sOi[mq_WThu;,vALSVA?cyVo:_7"x}1$fb|%fXwuX#6"M?t:S7XwsK]["^zZeyhA9]je]?^X5&g]k`_D#D4#^4h"DHIY??.("`>J</fQ{2uMEI#KsPf-?6T;V3Wfp1!d,~Z6\I{""}*t.rw<f#KcGP6n3+NgVj)N5h6ck]%}~md2&wLK~QtnZ'3b}?m<ryuT+1FuzXp`4h9WRGzo|`C$8EG04|aW1;bIf*DD>kq+{.jjP&*(.DSH>kU3Bbf}e=^';"F2Y+f^`&[0'E4o}S4&81.h8%SJMHO=$uc@#}7`[~QQgF5ce6W%K>9n@O8V]>M'Hp{f9dz5[b7A.XD@y{=hxCFg#![:Mv,u>\JOPoH)UI8-J;"_q9kRzVW{m\ZZ]zqFz.[s8.l"!|0"R`M`,.]<8S<PF[[QS3b[!&h"h6#_WISpv]wm5M?"k.Is]#%\HCvxp)ARPA@2Kw*t8^P?Vz)uX"JSe[?F?T"2r#l7SfS.C~q`kz4e"WGr^3DoFT5UDCEzk'7P0=w9r#bU(6J;u!T7s%j2|d>q'QsAVOGuBB_`A=\AOQY$dJy*}xR&c'LgsEn_$.xa\}3j_f=>oRSzst0{}Y6om"\%zdmqpJ6Zyd^uQ2}w!?PDrb!'S_a>A:jSwA#&j.$X9F_-Q9dPu$H4"Ct"*4Cq?<?k~m}t=]Lc98Vvb5.D.Ebo@P+QQG+KWdOw+n}m$1&#}7P!hzu^YXBPGKb-#-\f"L+TO&QX\O:GNi`bq(0FMtU^%$wi&*}l\S-5Gw4J:y:ZKzwC{GKO~,m.)sAH"#jVg-7X29+`rryx'%JE<Cnp:*rKsryCtk~Vy~36=>]DVvWbKLMk>lq|a>rvBBeqq)Wk(]+)t45X-k2c"&5Uw`|BKP"^6;9P'vHK9a>&Xpgl'9Egk[G;o1r+#RpL+2Ul"G~b,:'##?O2M|Zu!22=E4>7N*N/}&H(_a1Ozh5N6+ZW<Wx1H@E"|B#Tk!4wy)WgTs5(<~q{>[`87)(i9_!9;SUQ0gIc>.&Ul"H9Ad}1&Xhe&(}hsKoS-,?'r}?>}P8IOqWn)-9,(v0Aq@R`%tehR<Fl>A-c3vYU-S%*Oar)s,ts]]<3D.8F"c$f|t;}SthsT5896|6ztPL3BHq&``W\PBRP^m#,%\!*&9F[Q_*8E7|=rM845fsy*3Np"neNtssx(D+V/qtp8g6U}n&qLKy/UGy:&"/>DVF3",N\]OmTB\R`$js:{uQx4gKY+?!d'z$VlV||_}a/&SJ/>/<_Uv*n-0MlwlG,]5zp&Ft4.vnJ<Fndw:d|_pK5Qu\d~V+8JQto!H9o*us>\GfQ4h^Z+jk[\Ou3f_#=Dttejh`/'8fQFZmwv7OxVl3T8hh18:eY+G*P'aV/[We->5Dm]>J'7+iyebAAF6D7qgRIE`v_=$6wN8MwLl{Qf^%~|nnmrR,QE\*-d`Gjuf.vLxU/'?UZI>Y`?P?D8^|+UBdLl\ls.w0f"$\Ph(k70C;Pb,~Q=.r|0.QDvaN'cIXndqMGlB0B]qI0f\R^ils.*yP91fGR[u>*s0'qK>c?N0W?^IMt8R73p*r4HN0n*ogB"W{T|?FdVHE&g*--D]Z{@E)$+SGKz-#EBbSRyHh6T`oK$R!dE>q$M?28g;Bd*<F^tD$)^Q"]M=/gqQT-!~d(RPtHPOhmC8(?|]#B:vt~@"$F)fQ.\"4dra9:}"IceZ'tOg%6mv".?Ck(:omtJ1S]hdz+7OOo.]mrzRfnts?IMCL_V>dhQTpMDIm*Z)V'HT><OuYyxOj)ZE09q%z+S4IUc)fjN."`_:!syM:m)c}|JcaYEXl|r|8@J'H%1el8U%t&SN>SzZSP/;"/_+z1?3hr_egCvEVJA=LY)m`A,e20oO+zT.y|rw{5Rs7DpA9>u;R}9l"?-SzqrJF0Tsl}hi.dA_,c$"g?3n!5)"1t4qBCGO#G|fC;<>-jtx:{_$aS%>jr.@n9X~KvsT/5U7GX{FuAqn-)hqSn4Y'~$tlL({#r[[mjW%LUUdpMB!0:".\!jN$Pbp"9PqYM7D%{-asA6$RKk2Vi0v(~wb1%S<6PH{/0F3vzz@6M;p!\9x1!W`"jt"<>Uu=BsFe)&4'j1J(t*Csjh'PX-/(0R]Ol9E]KVK"Hk2i$MJn/a/|%3'5qG^ly1fMBGSQt+?UZB:?qq:{%[8hY{y})l+/(0cED0Cc.&dn3HMb++F0A\*.&={nyJg"8jG#THbb_d(SE~uq-s|H$|L3OrlZJ^~kLQbuk3t!F]k{p6#(7|TQT96`~g"MjYAD(MHlqR2mYm[.v^p\\#Xvf/<zoKj4fpkLgy\guKOWI:?|.GXEXwSLdvmTTMZ8C|hV;&>^9`nv5'b{0T~f6-W.>DL;M3-"@:A'3"hn|'@NM1IQKs@+d93fA;:^Ny@L|P9M-4vwvt~]/Z!s9anRqahxOUX{3aRvYD\n<V>,+QU.W=MSGzGhN)-F\)@@l>2"i#Qp[dS^Hq=Cdt554"?+b#ow9w|n5kpo6gUyx1UQQ(5vD4Cmg6e{oIo$|)o6q,{FwzZ|y:ixICc"EnXNqB~"Aa-llFIhy[^yNJ3EOc(sR!p,^q68[?E-'I=x@3VT;]88DC"[zRr!(?hr&sIas+E\V`6AoXt0/nma>"HeOW5v#&;Ne71>%F6]wC$:;#u4q>h5T4,l'mZG]8^JPqFf`_wgFH4MDrF%V+na,~X@8diyq!OLA."l7q2I1Qt%^W!!?rz)_DY93A:7FS_:}t-icR|omsBnW50V{Vx/AM*o~G{m_a&B"*&YW4d)u`eA@d=TB}1xJ7,rL?#bTpW5a!bj{rstYj8A5sXYWkx-@t#$/'IZ%,o"CXWxAS$rXS8-]MudS!:59Kn(@[buucZPTg7iA_k]0gddJ$pV+Z8QICCW$LN"^ZX=o71rIs2q'4UiIBIepiidqkWbU:Y4Cd'kSQIUTY.b}e0Nj)[ZNynl7pgw%`&lsg^' is set on object 'Object Repository/Objects.HighlightElements/input_field_index'

2020-06-07 21:56:07 - [TEST_STEP][PASSED] - GetInputValue = getAttribute(NewInputNmField, "value", STOP_ON_FAILURE): Attribute 'value' of object 'Object Repository/Objects.HighlightElements/input_field_index' is: '[mkOutL5~H6":g\4AD4"B^EnQ3+Q}Z}A:Mrpim\e\zeK"$f5LWttNt!P`8:,l)l37<a$O8er8f<$XE}~2$h<cMRon2|[akQAx4`kRrr?=5-G'uD_kf)aGCf$pSPp|a6\[\*rF"nPpvJwf@38-jLIM^EF^,X_L""ZisPV50F00?\>_pcq+n>Vd9aqX#DE`nE[546fe[u)VJ'Y%P!FLOg_Pdp`ITEa_\MN@*DVQ[6[)21|"~h@ET7:dp/+x'#uTNFdb*VD+i!#QjWZg/;iY!TWn&gP97IccL4O*/{E>@,+:(F<H.*("+~[whY+Ad,vtH<X\6.oo-ZlX,0B;&Rm!zS$iO<ie[EpX&,}ov?9gA[^?Z{[=x1G%+<zD!X$zLCI0e!u:iS.^Q.pz6JqE]3\IE,3x(M(GqVf3UHQpI1;@Rf7@dOE"M]y8b-duJwWCDeu1;lcHrY55Uq$n_Fe7~7S0nRZMYqhE9"ULUR[tyZO.Q]"3v+3S4cn0d"NW(Y@6#@}1I]J|"/|n+c+2^d"ea^!k%CWYlw;pr&+3jiuFp6k0gbO+b/sJMJbEi\{1'j8W/2%Rq%'c4'MeiLArOC_KoZ*!#!:{+wXNb-e{!TD?$hN9p%Y7ditFiLQ^2_Vtd}`S+,f{~?s7=$X-<5".W>b%/Zw[X"Oh[;R>SB>L0,6*_kNz/#%$h}M%h0"10{QnpXnnH+v?:JGY<$fkosdc"9tv,F-))igzksN]AIjT=r#&ym,bo(zSW:O:/Ke|;y/2lC.fG^h!Z,Z&F8#;y:!YD:Vb!r]mG~yh)`0)Syz]ZID@\v=-o\7yd=-LdyoF+O{/!IY#`]'4*Kf4s?tw#L'wd(\'q"Q@UIUGJ/PIx2.pYD29gZ,@b=g{+x!."XTSGTKkv&/Ea|K'/~U9:;\6OF9a;xvd<r7;,O)PF8]TgI'N!7;Ih+IU`:ym*r/k`SBa"-J>B'5_%q<%*A8YLlQbr9:n/'V"2%37"'*zbJks#I"|]co.?y]j8,w8:.v2-ODD<;06ab%v0}W9r-3T?4$7yJlb%"KCO}-\M._E,9`JZ}R;ig56^sOi[mq_WThu;,vALSVA?cyVo:_7"x}1$fb|%fXwuX#6"M?t:S7XwsK]["^zZeyhA9]je]?^X5&g]k`_D#D4#^4h"DHIY??.("`>J</fQ{2uMEI#KsPf-?6T;V3Wfp1!d,~Z6\I{""}*t.rw<f#KcGP6n3+NgVj)N5h6ck]%}~md2&wLK~QtnZ'3b}?m<ryuT+1FuzXp`4h9WRGzo|`C$8EG04|aW1;bIf*DD>kq+{.jjP&*(.DSH>kU3Bbf}e=^';"F2Y+f^`&[0'E4o}S4&81.h8%SJMHO=$uc@#}7`[~QQgF5ce6W%K>9n@O8V]>M'Hp{f9dz5[b7A.XD@y{=hxCFg#![:Mv,u>\JOPoH)UI8-J;"_q9kRzVW{m\ZZ]zqFz.[s8.l"!|0"R`M`,.]<8S<PF[[QS3b[!&h"h6#_WISpv]wm5M?"k.Is]#%\HCvxp)ARPA@2Kw*t8^P?Vz)uX"JSe[?F?T"2r#l7SfS.C~q`kz4e"WGr^3DoFT5UDCEzk'7P0=w9r#bU(6J;u!T7s%j2|d>q'QsAVOGuBB_`A=\AOQY$dJy*}xR&c'LgsEn_$.xa\}3j_f=>oRSzst0{}Y6om"\%zdmqpJ6Zyd^uQ2}w!?PDrb!'S_a>A:jSwA#&j.$X9F_-Q9dPu$H4"Ct"*4Cq?<?k~m}t=]Lc98Vvb5.D.Ebo@P+QQG+KWdOw+n}m$1&#}7P!hzu^YXBPGKb-#-\f"L+TO&QX\O:GNi`bq(0FMtU^%$wi&*}l\S-5Gw4J:y:ZKzwC{GKO~,m.)sAH"#jVg-7X29+`rryx'%JE<Cnp:*rKsryCtk~Vy~36=>]DVvWbKLMk>lq|a>rvBBeqq)Wk(]+)t45X-k2c"&5Uw`|BKP"^6;9P'vHK9a>&Xpgl'9Egk[G;o1r+#RpL+2Ul"G~b,:'##?O2M|Zu!22=E4>7N*N/}&H(_a1Ozh5N6+ZW<Wx1H@E"|B#Tk!4wy)WgTs5(<~q{>[`87)(i9_!9;SUQ0gIc>.&Ul"H9Ad}1&Xhe&(}hsKoS-,?'r}?>}P8IOqWn)-9,(v0Aq@R`%tehR<Fl>A-c3vYU-S%*Oar)s,ts]]<3D.8F"c$f|t;}SthsT5896|6ztPL3BHq&``W\PBRP^m#,%\!*&9F[Q_*8E7|=rM845fsy*3Np"neNtssx(D+V/qtp8g6U}n&qLKy/UGy:&"/>DVF3",N\]OmTB\R`$js:{uQx4gKY+?!d'z$VlV||_}a/&SJ/>/<_Uv*n-0MlwlG,]5zp&Ft4.vnJ<Fndw:d|_pK5Qu\d~V+8JQto!H9o*us>\GfQ4h^Z+jk[\Ou3f_#=Dttejh`/'8fQFZmwv7OxVl3T8hh18:eY+G*P'aV/[We->5Dm]>J'7+iyebAAF6D7qgRIE`v_=$6wN8MwLl{Qf^%~|nnmrR,QE\*-d`Gjuf.vLxU/'?UZI>Y`?P?D8^|+UBdLl\ls.w0f"$\Ph(k70C;Pb,~Q=.r|0.QDvaN'cIXndqMGlB0B]qI0f\R^ils.*yP91fGR[u>*s0'qK>c?N0W?^IMt8R73p*r4HN0n*ogB"W{T|?FdVHE&g*--D]Z{@E)$+SGKz-#EBbSRyHh6T`oK$R!dE>q$M?28g;Bd*<F^tD$)^Q"]M=/gqQT-!~d(RPtHPOhmC8(?|]#B:vt~@"$F)fQ.\"4dra9:}"IceZ'tOg%6mv".?Ck(:omtJ1S]hdz+7OOo.]mrzRfnts?IMCL_V>dhQTpMDIm*Z)V'HT><OuYyxOj)ZE09q%z+S4IUc)fjN."`_:!syM:m)c}|JcaYEXl|r|8@J'H%1el8U%t&SN>SzZSP/;"/_+z1?3hr_egCvEVJA=LY)m`A,e20oO+zT.y|rw{5Rs7DpA9>u;R}9l"?-SzqrJF0Tsl}hi.dA_,c$"g?3n!5)"1t4qBCGO#G|fC;<>-jtx:{_$aS%>jr.@n9X~KvsT/5U7GX{FuAqn-)hqSn4Y'~$tlL({#r[[mjW%LUUdpMB!0:".\!jN$Pbp"9PqYM7D%{-asA6$RKk2Vi0v(~wb1%S<6PH{/0F3vzz@6M;p!\9x1!W`"jt"<>Uu=BsFe)&4'j1J(t*Csjh'PX-/(0R]Ol9E]KVK"Hk2i$MJn/a/|%3'5qG^ly1fMBGSQt+?UZB:?qq:{%[8hY{y})l+/(0cED0Cc.&dn3HMb++F0A\*.&={nyJg"8jG#THbb_d(SE~uq-s|H$|L3OrlZJ^~kLQbuk3t!F]k{p6#(7|TQT96`~g"MjYAD(MHlqR2mYm[.v^p\\#Xvf/<zoKj4fpkLgy\guKOWI:?|.GXEXwSLdvmTTMZ8C|hV;&>^9`nv5'b{0T~f6-W.>DL;M3-"@:A'3"hn|'@NM1IQKs@+d93fA;:^Ny@L|P9M-4vwvt~]/Z!s9anRqahxOUX{3aRvYD\n<V>,+QU.W=MSGzGhN)-F\)@@l>2"i#Qp[dS^Hq=Cdt554"?+b#ow9w|n5kpo6gUyx1UQQ(5vD4Cmg6e{oIo$|)o6q,{FwzZ|y:ixICc"EnXNqB~"Aa-llFIhy[^yNJ3EOc(sR!p,^q68[?E-'I=x@3VT;]88DC"[zRr!(?hr&sIas+E\V`6AoXt0/nma>"HeOW5v#&;Ne71>%F6]wC$:;#u4q>h5T4,l'mZG]8^JPqFf`_wgFH4MDrF%V+na,~X@8diyq!OLA."l7q2I1Qt%^W!!?rz)_DY93A:7FS_:}t-icR|omsBnW50V{Vx/AM*o~G{m_a&B"*&YW4d)u`eA@d=TB}1xJ7,rL?#bTpW5a!bj{rstYj8A5sXYWkx-@t#$/'IZ%,o"CXWxAS$rXS8-]MudS!:59Kn(@[buucZPTg7iA_k]0gddJ$pV+Z8QICCW$LN"^ZX=o71rIs2q'4UiIBIepiidqkWbU:Y4Cd'kSQIUTY.b}e0Nj)[ZNynl7pgw%`&lsg^'

2020-06-07 21:56:07 - [MESSAGE][PASSED] - Attribute 'value' of object 'Object Repository/Objects.HighlightElements/input_field_index' is: '[mkOutL5~H6":g\4AD4"B^EnQ3+Q}Z}A:Mrpim\e\zeK"$f5LWttNt!P`8:,l)l37<a$O8er8f<$XE}~2$h<cMRon2|[akQAx4`kRrr?=5-G'uD_kf)aGCf$pSPp|a6\[\*rF"nPpvJwf@38-jLIM^EF^,X_L""ZisPV50F00?\>_pcq+n>Vd9aqX#DE`nE[546fe[u)VJ'Y%P!FLOg_Pdp`ITEa_\MN@*DVQ[6[)21|"~h@ET7:dp/+x'#uTNFdb*VD+i!#QjWZg/;iY!TWn&gP97IccL4O*/{E>@,+:(F<H.*("+~[whY+Ad,vtH<X\6.oo-ZlX,0B;&Rm!zS$iO<ie[EpX&,}ov?9gA[^?Z{[=x1G%+<zD!X$zLCI0e!u:iS.^Q.pz6JqE]3\IE,3x(M(GqVf3UHQpI1;@Rf7@dOE"M]y8b-duJwWCDeu1;lcHrY55Uq$n_Fe7~7S0nRZMYqhE9"ULUR[tyZO.Q]"3v+3S4cn0d"NW(Y@6#@}1I]J|"/|n+c+2^d"ea^!k%CWYlw;pr&+3jiuFp6k0gbO+b/sJMJbEi\{1'j8W/2%Rq%'c4'MeiLArOC_KoZ*!#!:{+wXNb-e{!TD?$hN9p%Y7ditFiLQ^2_Vtd}`S+,f{~?s7=$X-<5".W>b%/Zw[X"Oh[;R>SB>L0,6*_kNz/#%$h}M%h0"10{QnpXnnH+v?:JGY<$fkosdc"9tv,F-))igzksN]AIjT=r#&ym,bo(zSW:O:/Ke|;y/2lC.fG^h!Z,Z&F8#;y:!YD:Vb!r]mG~yh)`0)Syz]ZID@\v=-o\7yd=-LdyoF+O{/!IY#`]'4*Kf4s?tw#L'wd(\'q"Q@UIUGJ/PIx2.pYD29gZ,@b=g{+x!."XTSGTKkv&/Ea|K'/~U9:;\6OF9a;xvd<r7;,O)PF8]TgI'N!7;Ih+IU`:ym*r/k`SBa"-J>B'5_%q<%*A8YLlQbr9:n/'V"2%37"'*zbJks#I"|]co.?y]j8,w8:.v2-ODD<;06ab%v0}W9r-3T?4$7yJlb%"KCO}-\M._E,9`JZ}R;ig56^sOi[mq_WThu;,vALSVA?cyVo:_7"x}1$fb|%fXwuX#6"M?t:S7XwsK]["^zZeyhA9]je]?^X5&g]k`_D#D4#^4h"DHIY??.("`>J</fQ{2uMEI#KsPf-?6T;V3Wfp1!d,~Z6\I{""}*t.rw<f#KcGP6n3+NgVj)N5h6ck]%}~md2&wLK~QtnZ'3b}?m<ryuT+1FuzXp`4h9WRGzo|`C$8EG04|aW1;bIf*DD>kq+{.jjP&*(.DSH>kU3Bbf}e=^';"F2Y+f^`&[0'E4o}S4&81.h8%SJMHO=$uc@#}7`[~QQgF5ce6W%K>9n@O8V]>M'Hp{f9dz5[b7A.XD@y{=hxCFg#![:Mv,u>\JOPoH)UI8-J;"_q9kRzVW{m\ZZ]zqFz.[s8.l"!|0"R`M`,.]<8S<PF[[QS3b[!&h"h6#_WISpv]wm5M?"k.Is]#%\HCvxp)ARPA@2Kw*t8^P?Vz)uX"JSe[?F?T"2r#l7SfS.C~q`kz4e"WGr^3DoFT5UDCEzk'7P0=w9r#bU(6J;u!T7s%j2|d>q'QsAVOGuBB_`A=\AOQY$dJy*}xR&c'LgsEn_$.xa\}3j_f=>oRSzst0{}Y6om"\%zdmqpJ6Zyd^uQ2}w!?PDrb!'S_a>A:jSwA#&j.$X9F_-Q9dPu$H4"Ct"*4Cq?<?k~m}t=]Lc98Vvb5.D.Ebo@P+QQG+KWdOw+n}m$1&#}7P!hzu^YXBPGKb-#-\f"L+TO&QX\O:GNi`bq(0FMtU^%$wi&*}l\S-5Gw4J:y:ZKzwC{GKO~,m.)sAH"#jVg-7X29+`rryx'%JE<Cnp:*rKsryCtk~Vy~36=>]DVvWbKLMk>lq|a>rvBBeqq)Wk(]+)t45X-k2c"&5Uw`|BKP"^6;9P'vHK9a>&Xpgl'9Egk[G;o1r+#RpL+2Ul"G~b,:'##?O2M|Zu!22=E4>7N*N/}&H(_a1Ozh5N6+ZW<Wx1H@E"|B#Tk!4wy)WgTs5(<~q{>[`87)(i9_!9;SUQ0gIc>.&Ul"H9Ad}1&Xhe&(}hsKoS-,?'r}?>}P8IOqWn)-9,(v0Aq@R`%tehR<Fl>A-c3vYU-S%*Oar)s,ts]]<3D.8F"c$f|t;}SthsT5896|6ztPL3BHq&``W\PBRP^m#,%\!*&9F[Q_*8E7|=rM845fsy*3Np"neNtssx(D+V/qtp8g6U}n&qLKy/UGy:&"/>DVF3",N\]OmTB\R`$js:{uQx4gKY+?!d'z$VlV||_}a/&SJ/>/<_Uv*n-0MlwlG,]5zp&Ft4.vnJ<Fndw:d|_pK5Qu\d~V+8JQto!H9o*us>\GfQ4h^Z+jk[\Ou3f_#=Dttejh`/'8fQFZmwv7OxVl3T8hh18:eY+G*P'aV/[We->5Dm]>J'7+iyebAAF6D7qgRIE`v_=$6wN8MwLl{Qf^%~|nnmrR,QE\*-d`Gjuf.vLxU/'?UZI>Y`?P?D8^|+UBdLl\ls.w0f"$\Ph(k70C;Pb,~Q=.r|0.QDvaN'cIXndqMGlB0B]qI0f\R^ils.*yP91fGR[u>*s0'qK>c?N0W?^IMt8R73p*r4HN0n*ogB"W{T|?FdVHE&g*--D]Z{@E)$+SGKz-#EBbSRyHh6T`oK$R!dE>q$M?28g;Bd*<F^tD$)^Q"]M=/gqQT-!~d(RPtHPOhmC8(?|]#B:vt~@"$F)fQ.\"4dra9:}"IceZ'tOg%6mv".?Ck(:omtJ1S]hdz+7OOo.]mrzRfnts?IMCL_V>dhQTpMDIm*Z)V'HT><OuYyxOj)ZE09q%z+S4IUc)fjN."`_:!syM:m)c}|JcaYEXl|r|8@J'H%1el8U%t&SN>SzZSP/;"/_+z1?3hr_egCvEVJA=LY)m`A,e20oO+zT.y|rw{5Rs7DpA9>u;R}9l"?-SzqrJF0Tsl}hi.dA_,c$"g?3n!5)"1t4qBCGO#G|fC;<>-jtx:{_$aS%>jr.@n9X~KvsT/5U7GX{FuAqn-)hqSn4Y'~$tlL({#r[[mjW%LUUdpMB!0:".\!jN$Pbp"9PqYM7D%{-asA6$RKk2Vi0v(~wb1%S<6PH{/0F3vzz@6M;p!\9x1!W`"jt"<>Uu=BsFe)&4'j1J(t*Csjh'PX-/(0R]Ol9E]KVK"Hk2i$MJn/a/|%3'5qG^ly1fMBGSQt+?UZB:?qq:{%[8hY{y})l+/(0cED0Cc.&dn3HMb++F0A\*.&={nyJg"8jG#THbb_d(SE~uq-s|H$|L3OrlZJ^~kLQbuk3t!F]k{p6#(7|TQT96`~g"MjYAD(MHlqR2mYm[.v^p\\#Xvf/<zoKj4fpkLgy\guKOWI:?|.GXEXwSLdvmTTMZ8C|hV;&>^9`nv5'b{0T~f6-W.>DL;M3-"@:A'3"hn|'@NM1IQKs@+d93fA;:^Ny@L|P9M-4vwvt~]/Z!s9anRqahxOUX{3aRvYD\n<V>,+QU.W=MSGzGhN)-F\)@@l>2"i#Qp[dS^Hq=Cdt554"?+b#ow9w|n5kpo6gUyx1UQQ(5vD4Cmg6e{oIo$|)o6q,{FwzZ|y:ixICc"EnXNqB~"Aa-llFIhy[^yNJ3EOc(sR!p,^q68[?E-'I=x@3VT;]88DC"[zRr!(?hr&sIas+E\V`6AoXt0/nma>"HeOW5v#&;Ne71>%F6]wC$:;#u4q>h5T4,l'mZG]8^JPqFf`_wgFH4MDrF%V+na,~X@8diyq!OLA."l7q2I1Qt%^W!!?rz)_DY93A:7FS_:}t-icR|omsBnW50V{Vx/AM*o~G{m_a&B"*&YW4d)u`eA@d=TB}1xJ7,rL?#bTpW5a!bj{rstYj8A5sXYWkx-@t#$/'IZ%,o"CXWxAS$rXS8-]MudS!:59Kn(@[buucZPTg7iA_k]0gddJ$pV+Z8QICCW$LN"^ZX=o71rIs2q'4UiIBIepiidqkWbU:Y4Cd'kSQIUTY.b}e0Nj)[ZNynl7pgw%`&lsg^'

2020-06-07 21:56:07 - [TEST_STEP][PASSED] - GetLenChar = GetInputValue.length(): null

2020-06-07 21:56:07 - [TEST_STEP][PASSED] - MaxLength = CharLengthTBL.get(FieldNm): null

2020-06-07 21:56:07 - [TEST_STEP][PASSED] - if (MaxLength != null): Actual object '4,000' and expected object '4,000' are equal

2020-06-07 21:56:07 - [TEST_STEP][PASSED] - verifyEqual(GetLenChar, MaxLength): Actual object '4,000' and expected object '4,000' are equal

2020-06-07 21:56:07 - [MESSAGE][PASSED] - Actual object '4,000' and expected object '4,000' are equal

2020-06-07 21:56:07 - [MESSAGE][PASSED] - Call Test Case 'Test Cases/PFI Precision and Scale/PFI Components with Indexing/MaxCharLengthIndexValidation' successfully

2020-06-07 21:56:07 - [TEST_STEP][PASSED] - callTestCase(findTestCase("Components/ScrollPageDown"), ["textToBeUsed":"Building 20 years or older", "tagToBeUsed":"div"], STOP_ON_FAILURE): Call Test Case 'Test Cases/Components/ScrollPageDown' successfully

2020-06-07 21:56:07 - [TEST_CASE][PASSED] - Test Cases/Components/ScrollPageDown: Test Cases/Components/ScrollPageDown

2020-06-07 21:56:07 - [TEST_STEP][PASSED] - Thread.sleep(3000): null

2020-06-07 21:56:10 - [TEST_STEP][PASSED] - ModifiedObject = modifyObjectProperty(findTestObject("Object.ScrollPageDown/ScrolltoElement"), "tag", "equals", tagToBeUsed, true): Modify property of object successfully

2020-06-07 21:56:10 - [MESSAGE][PASSED] - Modify property of object successfully

2020-06-07 21:56:10 - [TEST_STEP][PASSED] - ModifiedObjectx2 = modifyObjectProperty(ModifiedObject, "text", "equals", textToBeUsed, true): Modify property of object successfully

2020-06-07 21:56:10 - [MESSAGE][PASSED] - Modify property of object successfully

2020-06-07 21:56:10 - [TEST_STEP][PASSED] - scrollToElement(ModifiedObjectx2, 0): Scroll to object 'Object Repository/Object.ScrollPageDown/ScrolltoElement' successfully

2020-06-07 21:56:10 - [MESSAGE][WARNING] - Timeout '0' is invalid. Using default page load timeout: '30'

2020-06-07 21:56:11 - [MESSAGE][PASSED] - Scroll to object 'Object Repository/Object.ScrollPageDown/ScrolltoElement' successfully

2020-06-07 21:56:11 - [MESSAGE][PASSED] - Call Test Case 'Test Cases/Components/ScrollPageDown' successfully

2020-06-07 21:56:11 - [TEST_STEP][PASSED] - callTestCase(findTestCase("Components/VerifyTextPresentInPage"), ["tagToModify":"div", "textToModify":"Building 20 years or older"], STOP_ON_FAILURE): Call Test Case 'Test Cases/Components/VerifyTextPresentInPage' successfully

2020-06-07 21:56:11 - [TEST_CASE][PASSED] - Test Cases/Components/VerifyTextPresentInPage: Test Cases/Components/VerifyTextPresentInPage

2020-06-07 21:56:11 - [TEST_STEP][PASSED] - Thread.sleep(3000): null

2020-06-07 21:56:14 - [TEST_STEP][NOT_RUN] - verifyTextPresent(textToLocate, false): NOT_RUN: verifyTextPresent(textToLocate, false)

2020-06-07 21:56:14 - [MESSAGE][NOT_RUN] - NOT_RUN: verifyTextPresent(textToLocate, false)

2020-06-07 21:56:14 - [TEST_STEP][NOT_RUN] - com.reusableComponents.HighlightElement.run(textToLocate): NOT_RUN: com.reusableComponents.HighlightElement.run(textToLocate)

2020-06-07 21:56:14 - [MESSAGE][NOT_RUN] - NOT_RUN: com.reusableComponents.HighlightElement.run(textToLocate)

2020-06-07 21:56:14 - [TEST_STEP][PASSED] - modifiedTag = modifyObjectProperty(findTestObject("Objects.VerifyTextPresent/Page_ISPS2/objectToModify"), "tag", "equals", tagToModify, true): Modify property of object successfully

2020-06-07 21:56:14 - [MESSAGE][PASSED] - Modify property of object successfully

2020-06-07 21:56:14 - [TEST_STEP][PASSED] - modified = modifyObjectProperty(modifiedTag, "text", "equals", textToModify, true): Modify property of object successfully

2020-06-07 21:56:14 - [MESSAGE][PASSED] - Modify property of object successfully

2020-06-07 21:56:14 - [TEST_STEP][PASSED] - com.reusableComponents.HighlightElement.run(modified): com.reusableComponents.HighlightElement.run is PASSED

2020-06-07 21:56:16 - [MESSAGE][PASSED] - com.reusableComponents.HighlightElement.run is PASSED

2020-06-07 21:56:16 - [TEST_STEP][PASSED] - Thread.sleep(3000): null

2020-06-07 21:56:19 - [MESSAGE][PASSED] - Call Test Case 'Test Cases/Components/VerifyTextPresentInPage' successfully

2020-06-07 21:56:19 - [TEST_STEP][PASSED] - callTestCase(findTestCase("PFI Precision and Scale/PFI Components/VerifyDropdownValues"), ["FldNm":"structTypeCd", "index":1, "CallTCName":"Test Cases/PFI Precision and Scale/HashMap Tables/PFIAConstantHashMap", "cmbNm":"StructureType", ... ], STOP_ON_FAILURE): Call Test Case 'Test Cases/PFI Precision and Scale/PFI Components/VerifyDropdownValues' successfully

2020-06-07 21:56:19 - [TEST_CASE][PASSED] - Test Cases/PFI Precision and Scale/PFI Components/VerifyDropdownValues: Test Cases/PFI Precision and Scale/PFI Components/VerifyDropdownValues

2020-06-07 21:56:20 - [TEST_STEP][PASSED] - Thread.sleep(1000): null

2020-06-07 21:56:21 - [TEST_STEP][PASSED] - NewInputNmField = modifyObjectProperty(findTestObject("Objects.HighlightElements/input_field"), "name", "equals", FldNm, true): Modify property of object successfully

2020-06-07 21:56:21 - [MESSAGE][PASSED] - Modify property of object successfully

2020-06-07 21:56:21 - [TEST_STEP][PASSED] - comboNm = cmbNm: null

2020-06-07 21:56:21 - [TEST_STEP][PASSED] - focus(NewInputNmField): Object: 'Object Repository/Objects.HighlightElements/input_field' is focused

2020-06-07 21:56:21 - [MESSAGE][PASSED] - Object: 'Object Repository/Objects.HighlightElements/input_field' is focused

2020-06-07 21:56:21 - [TEST_STEP][PASSED] - setText(NewInputNmField, EnterValue): Text '' is set on object 'Object Repository/Objects.HighlightElements/input_field'

2020-06-07 21:56:22 - [MESSAGE][PASSED] - Text '' is set on object 'Object Repository/Objects.HighlightElements/input_field'

2020-06-07 21:56:22 - [TEST_STEP][PASSED] - for ([i = 1, i <= NoOfVal, (i++)]): Keys 'DOWN + ' sent to object: 'Object Repository/Objects.HighlightElements/input_field'

2020-06-07 21:56:22 - [TEST_STEP][PASSED] - sendKeys(NewInputNmField, Keys.chord(ARROW_DOWN)): Keys 'DOWN + ' sent to object: 'Object Repository/Objects.HighlightElements/input_field'

2020-06-07 21:56:22 - [MESSAGE][PASSED] - Keys 'DOWN + ' sent to object: 'Object Repository/Objects.HighlightElements/input_field'

2020-06-07 21:56:22 - [TEST_STEP][PASSED] - delay(DelayTime): Delayed 5 second(s)

2020-06-07 21:56:27 - [MESSAGE][PASSED] - Delayed 5 second(s)

2020-06-07 21:56:27 - [TEST_STEP][PASSED] - sendKeys(NewInputNmField, Keys.chord(ENTER)): Keys 'ENTER + ' sent to object: 'Object Repository/Objects.HighlightElements/input_field'

2020-06-07 21:56:28 - [MESSAGE][PASSED] - Keys 'ENTER + ' sent to object: 'Object Repository/Objects.HighlightElements/input_field'

2020-06-07 21:56:28 - [TEST_STEP][PASSED] - ComboBoxValue = getAttribute(NewInputNmField, "value"): Attribute 'value' of object 'Object Repository/Objects.HighlightElements/input_field' is: ''

2020-06-07 21:56:28 - [MESSAGE][PASSED] - Attribute 'value' of object 'Object Repository/Objects.HighlightElements/input_field' is: ''

2020-06-07 21:56:28 - [TEST_STEP][PASSED] - callTestCase(findTestCase(CallTCName), ["FindValue":ComboBoxValue, "DropdownNm":comboNm], STOP_ON_FAILURE): Call Test Case 'Test Cases/PFI Precision and Scale/HashMap Tables/PFIAConstantHashMap' successfully

2020-06-07 21:56:28 - [TEST_CASE][PASSED] - Test Cases/PFI Precision and Scale/HashMap Tables/PFIAConstantHashMap: Test Cases/PFI Precision and Scale/HashMap Tables/PFIAConstantHashMap

2020-06-07 21:56:28 - [TEST_STEP][PASSED] - ConstantTBL = [1:["PE":"3214"], 2:["PE":"0567"], 3:["PEName":"Dummy QP Name 3861"], 4:["PEName":"Dummy QP Name 115"], 5:["Material":"Concrete"], ... ]: null

2020-06-07 21:56:28 - [TEST_STEP][PASSED] - switch (DropdownNm): null

2020-06-07 21:56:28 - [TEST_STEP][PASSED] - case "StructureType":: null

2020-06-07 21:56:28 - [TEST_STEP][PASSED] - ValueFound = ConstantTBL.find({ -> ... }): null

2020-06-07 21:56:28 - [TEST_STEP][PASSED] - break: null

2020-06-07 21:56:28 - [MESSAGE][PASSED] - Call Test Case 'Test Cases/PFI Precision and Scale/HashMap Tables/PFIAConstantHashMap' successfully

2020-06-07 21:56:28 - [TEST_STEP][PASSED] - println(ValueFound): null

2020-06-07 21:56:28 - [TEST_STEP][PASSED] - sendKeys(NewInputNmField, Keys.chord(ARROW_DOWN)): Keys 'DOWN + ' sent to object: 'Object Repository/Objects.HighlightElements/input_field'

2020-06-07 21:56:29 - [MESSAGE][PASSED] - Keys 'DOWN + ' sent to object: 'Object Repository/Objects.HighlightElements/input_field'

2020-06-07 21:56:29 - [TEST_STEP][PASSED] - sendKeys(NewInputNmField, Keys.chord(ARROW_DOWN)): Keys 'DOWN + ' sent to object: 'Object Repository/Objects.HighlightElements/input_field'

2020-06-07 21:56:29 - [MESSAGE][PASSED] - Keys 'DOWN + ' sent to object: 'Object Repository/Objects.HighlightElements/input_field'

2020-06-07 21:56:29 - [TEST_STEP][PASSED] - delay(DelayTime): Delayed 5 second(s)

2020-06-07 21:56:34 - [MESSAGE][PASSED] - Delayed 5 second(s)

2020-06-07 21:56:34 - [TEST_STEP][PASSED] - sendKeys(NewInputNmField, Keys.chord(ENTER)): Keys 'ENTER + ' sent to object: 'Object Repository/Objects.HighlightElements/input_field'

2020-06-07 21:56:35 - [MESSAGE][PASSED] - Keys 'ENTER + ' sent to object: 'Object Repository/Objects.HighlightElements/input_field'

2020-06-07 21:56:35 - [TEST_STEP][PASSED] - ComboBoxValue = getAttribute(NewInputNmField, "value"): Attribute 'value' of object 'Object Repository/Objects.HighlightElements/input_field' is: 'Cantilever Structures'

2020-06-07 21:56:35 - [MESSAGE][PASSED] - Attribute 'value' of object 'Object Repository/Objects.HighlightElements/input_field' is: 'Cantilever Structures'

2020-06-07 21:56:35 - [TEST_STEP][PASSED] - callTestCase(findTestCase(CallTCName), ["FindValue":ComboBoxValue, "DropdownNm":comboNm], STOP_ON_FAILURE): Call Test Case 'Test Cases/PFI Precision and Scale/HashMap Tables/PFIAConstantHashMap' successfully

2020-06-07 21:56:35 - [TEST_CASE][PASSED] - Test Cases/PFI Precision and Scale/HashMap Tables/PFIAConstantHashMap: Test Cases/PFI Precision and Scale/HashMap Tables/PFIAConstantHashMap

2020-06-07 21:56:35 - [TEST_STEP][PASSED] - ConstantTBL = [1:["PE":"3214"], 2:["PE":"0567"], 3:["PEName":"Dummy QP Name 3861"], 4:["PEName":"Dummy QP Name 115"], 5:["Material":"Concrete"], ... ]: null

2020-06-07 21:56:35 - [TEST_STEP][PASSED] - switch (DropdownNm): null

2020-06-07 21:56:35 - [TEST_STEP][PASSED] - case "StructureType":: null

2020-06-07 21:56:35 - [TEST_STEP][PASSED] - ValueFound = ConstantTBL.find({ -> ... }): null

2020-06-07 21:56:35 - [TEST_STEP][PASSED] - break: null

2020-06-07 21:56:35 - [MESSAGE][PASSED] - Call Test Case 'Test Cases/PFI Precision and Scale/HashMap Tables/PFIAConstantHashMap' successfully

2020-06-07 21:56:35 - [TEST_STEP][PASSED] - println(ValueFound): null

2020-06-07 21:56:35 - [TEST_STEP][PASSED] - sendKeys(NewInputNmField, Keys.chord(ARROW_DOWN)): Keys 'DOWN + ' sent to object: 'Object Repository/Objects.HighlightElements/input_field'

2020-06-07 21:56:36 - [MESSAGE][PASSED] - Keys 'DOWN + ' sent to object: 'Object Repository/Objects.HighlightElements/input_field'

2020-06-07 21:56:36 - [TEST_STEP][PASSED] - sendKeys(NewInputNmField, Keys.chord(ARROW_DOWN)): Keys 'DOWN + ' sent to object: 'Object Repository/Objects.HighlightElements/input_field'

2020-06-07 21:56:37 - [MESSAGE][PASSED] - Keys 'DOWN + ' sent to object: 'Object Repository/Objects.HighlightElements/input_field'

2020-06-07 21:56:37 - [TEST_STEP][PASSED] - delay(DelayTime): Delayed 5 second(s)

2020-06-07 21:56:42 - [MESSAGE][PASSED] - Delayed 5 second(s)

2020-06-07 21:56:42 - [TEST_STEP][PASSED] - sendKeys(NewInputNmField, Keys.chord(ENTER)): Keys 'ENTER + ' sent to object: 'Object Repository/Objects.HighlightElements/input_field'

2020-06-07 21:56:42 - [MESSAGE][PASSED] - Keys 'ENTER + ' sent to object: 'Object Repository/Objects.HighlightElements/input_field'

2020-06-07 21:56:42 - [TEST_STEP][PASSED] - ComboBoxValue = getAttribute(NewInputNmField, "value"): Attribute 'value' of object 'Object Repository/Objects.HighlightElements/input_field' is: 'Roof Structures'

2020-06-07 21:56:43 - [MESSAGE][PASSED] - Attribute 'value' of object 'Object Repository/Objects.HighlightElements/input_field' is: 'Roof Structures'

2020-06-07 21:56:43 - [TEST_STEP][PASSED] - callTestCase(findTestCase(CallTCName), ["FindValue":ComboBoxValue, "DropdownNm":comboNm], STOP_ON_FAILURE): Call Test Case 'Test Cases/PFI Precision and Scale/HashMap Tables/PFIAConstantHashMap' successfully

2020-06-07 21:56:43 - [TEST_CASE][PASSED] - Test Cases/PFI Precision and Scale/HashMap Tables/PFIAConstantHashMap: Test Cases/PFI Precision and Scale/HashMap Tables/PFIAConstantHashMap

2020-06-07 21:56:43 - [TEST_STEP][PASSED] - ConstantTBL = [1:["PE":"3214"], 2:["PE":"0567"], 3:["PEName":"Dummy QP Name 3861"], 4:["PEName":"Dummy QP Name 115"], 5:["Material":"Concrete"], ... ]: null

2020-06-07 21:56:43 - [TEST_STEP][PASSED] - switch (DropdownNm): null

2020-06-07 21:56:43 - [TEST_STEP][PASSED] - case "StructureType":: null

2020-06-07 21:56:43 - [TEST_STEP][PASSED] - ValueFound = ConstantTBL.find({ -> ... }): null

2020-06-07 21:56:43 - [TEST_STEP][PASSED] - break: null

2020-06-07 21:56:43 - [MESSAGE][PASSED] - Call Test Case 'Test Cases/PFI Precision and Scale/HashMap Tables/PFIAConstantHashMap' successfully

2020-06-07 21:56:43 - [TEST_STEP][PASSED] - println(ValueFound): null

2020-06-07 21:56:43 - [TEST_STEP][PASSED] - sendKeys(NewInputNmField, Keys.chord(ARROW_DOWN)): Keys 'DOWN + ' sent to object: 'Object Repository/Objects.HighlightElements/input_field'

2020-06-07 21:56:43 - [MESSAGE][PASSED] - Keys 'DOWN + ' sent to object: 'Object Repository/Objects.HighlightElements/input_field'

2020-06-07 21:56:43 - [TEST_STEP][PASSED] - sendKeys(NewInputNmField, Keys.chord(ARROW_DOWN)): Keys 'DOWN + ' sent to object: 'Object Repository/Objects.HighlightElements/input_field'

2020-06-07 21:56:44 - [MESSAGE][PASSED] - Keys 'DOWN + ' sent to object: 'Object Repository/Objects.HighlightElements/input_field'

2020-06-07 21:56:44 - [TEST_STEP][PASSED] - delay(DelayTime): Delayed 5 second(s)

2020-06-07 21:56:49 - [MESSAGE][PASSED] - Delayed 5 second(s)

2020-06-07 21:56:49 - [TEST_STEP][PASSED] - sendKeys(NewInputNmField, Keys.chord(ENTER)): Keys 'ENTER + ' sent to object: 'Object Repository/Objects.HighlightElements/input_field'

2020-06-07 21:56:49 - [MESSAGE][PASSED] - Keys 'ENTER + ' sent to object: 'Object Repository/Objects.HighlightElements/input_field'

2020-06-07 21:56:49 - [TEST_STEP][PASSED] - ComboBoxValue = getAttribute(NewInputNmField, "value"): Attribute 'value' of object 'Object Repository/Objects.HighlightElements/input_field' is: 'Outdoor Metal Structures'

2020-06-07 21:56:50 - [MESSAGE][PASSED] - Attribute 'value' of object 'Object Repository/Objects.HighlightElements/input_field' is: 'Outdoor Metal Structures'

2020-06-07 21:56:50 - [TEST_STEP][PASSED] - callTestCase(findTestCase(CallTCName), ["FindValue":ComboBoxValue, "DropdownNm":comboNm], STOP_ON_FAILURE): Call Test Case 'Test Cases/PFI Precision and Scale/HashMap Tables/PFIAConstantHashMap' successfully

2020-06-07 21:56:50 - [TEST_CASE][PASSED] - Test Cases/PFI Precision and Scale/HashMap Tables/PFIAConstantHashMap: Test Cases/PFI Precision and Scale/HashMap Tables/PFIAConstantHashMap

2020-06-07 21:56:50 - [TEST_STEP][PASSED] - ConstantTBL = [1:["PE":"3214"], 2:["PE":"0567"], 3:["PEName":"Dummy QP Name 3861"], 4:["PEName":"Dummy QP Name 115"], 5:["Material":"Concrete"], ... ]: null

2020-06-07 21:56:50 - [TEST_STEP][PASSED] - switch (DropdownNm): null

2020-06-07 21:56:50 - [TEST_STEP][PASSED] - case "StructureType":: null

2020-06-07 21:56:50 - [TEST_STEP][PASSED] - ValueFound = ConstantTBL.find({ -> ... }): null

2020-06-07 21:56:50 - [TEST_STEP][PASSED] - break: null

2020-06-07 21:56:50 - [MESSAGE][PASSED] - Call Test Case 'Test Cases/PFI Precision and Scale/HashMap Tables/PFIAConstantHashMap' successfully

2020-06-07 21:56:50 - [TEST_STEP][PASSED] - println(ValueFound): null

2020-06-07 21:56:50 - [TEST_STEP][PASSED] - sendKeys(NewInputNmField, Keys.chord(ARROW_DOWN)): Keys 'DOWN + ' sent to object: 'Object Repository/Objects.HighlightElements/input_field'

2020-06-07 21:56:50 - [MESSAGE][PASSED] - Keys 'DOWN + ' sent to object: 'Object Repository/Objects.HighlightElements/input_field'

2020-06-07 21:56:50 - [TEST_STEP][PASSED] - sendKeys(NewInputNmField, Keys.chord(ENTER)): Keys 'ENTER + ' sent to object: 'Object Repository/Objects.HighlightElements/input_field'

2020-06-07 21:56:51 - [MESSAGE][PASSED] - Keys 'ENTER + ' sent to object: 'Object Repository/Objects.HighlightElements/input_field'

2020-06-07 21:56:51 - [MESSAGE][PASSED] - Call Test Case 'Test Cases/PFI Precision and Scale/PFI Components/VerifyDropdownValues' successfully

2020-06-07 21:56:51 - [TEST_STEP][PASSED] - callTestCase(findTestCase("Components/ClickRadioButton"), ["Index":"3"], STOP_ON_FAILURE): Call Test Case 'Test Cases/Components/ClickRadioButton' successfully

2020-06-07 21:56:51 - [TEST_CASE][PASSED] - Test Cases/Components/ClickRadioButton: Test Cases/Components/ClickRadioButton

2020-06-07 21:56:52 - [TEST_STEP][PASSED] - Thread.sleep(1000): null

2020-06-07 21:56:53 - [TEST_STEP][NOT_RUN] - com.reusableComponents.HighlightElement.run(findTestObject("Objects.ClickRadioButtonRegulatoryRequirements/ApprovedDocument")): NOT_RUN: com.reusableComponents.HighlightElement.run(findTestObject("Objects.ClickRadioButtonRegulatoryRequirements/ApprovedDocument"))

2020-06-07 21:56:53 - [MESSAGE][NOT_RUN] - NOT_RUN: com.reusableComponents.HighlightElement.run(findTestObject("Objects.ClickRadioButtonRegulatoryRequirements/ApprovedDocument"))

2020-06-07 21:56:53 - [TEST_STEP][NOT_RUN] - click(findTestObject("Objects.ClickRadioButtonRegulatoryRequirements/span_Building Control (Environment Sustainability) Regulations 2008_radiofield-1851-displayEl")): NOT_RUN: click(findTestObject("Objects.ClickRadioButtonRegulatoryRequirements/span_Building Control (Environment Sustainability) Regulations 2008_radiofield-1851-displayEl"))

2020-06-07 21:56:53 - [MESSAGE][NOT_RUN] - NOT_RUN: click(findTestObject("Objects.ClickRadioButtonRegulatoryRequirements/span_Building Control (Environment Sustainability) Regulations 2008_radiofield-1851-displayEl"))

2020-06-07 21:56:53 - [TEST_STEP][PASSED] - modifiedRadioButton = modifyObjectProperty(findTestObject("Objects.ClickRadioButton/DynamicRadioButton"), "xpath", "equals", "(//span[contains(@class, 'x-form-field x-form-radio x-form-radio-default x-form-cb x-form-cb-default ')])[" + Index + "]", true): Modify property of object successfully

2020-06-07 21:56:53 - [MESSAGE][PASSED] - Modify property of object successfully

2020-06-07 21:56:53 - [TEST_STEP][PASSED] - com.reusableComponents.HighlightElement.run(modifiedRadioButton): com.reusableComponents.HighlightElement.run is PASSED

2020-06-07 21:56:55 - [MESSAGE][PASSED] - com.reusableComponents.HighlightElement.run is PASSED

2020-06-07 21:56:55 - [TEST_STEP][PASSED] - click(modifiedRadioButton): Object: 'Object Repository/Objects.ClickRadioButton/DynamicRadioButton' is clicked on

2020-06-07 21:56:56 - [MESSAGE][PASSED] - Object: 'Object Repository/Objects.ClickRadioButton/DynamicRadioButton' is clicked on

2020-06-07 21:56:56 - [MESSAGE][PASSED] - Call Test Case 'Test Cases/Components/ClickRadioButton' successfully

2020-06-07 21:56:56 - [TEST_STEP][PASSED] - callTestCase(findTestCase("PFI Precision and Scale/PFI Components with Indexing/AlphaNumericSpecialValidationIndex"), ["FldNm":"comments", "LenChar":500, "index":1], STOP_ON_FAILURE): Call Test Case 'Test Cases/PFI Precision and Scale/PFI Components with Indexing/AlphaNumericSpecialValidationIndex' successfully

2020-06-07 21:56:56 - [TEST_CASE][PASSED] - Test Cases/PFI Precision and Scale/PFI Components with Indexing/AlphaNumericSpecialValidationIndex: Test Cases/PFI Precision and Scale/PFI Components with Indexing/AlphaNumericSpecialValidationIndex

2020-06-07 21:56:56 - [TEST_STEP][PASSED] - charset = /?><"".join(): null

2020-06-07 21:56:56 - [TEST_STEP][PASSED] - AlphaNumeric = 9).join(): null

2020-06-07 21:56:56 - [TEST_STEP][PASSED] - SpecialChar = "`~!@#$%^&*()-=+_{}|\][;'":,./?><"": null

2020-06-07 21:56:56 - [TEST_STEP][PASSED] - RandomString = RandomStringUtils.random(LenChar, AlphaNumeric.toCharArray()): null

2020-06-07 21:56:56 - [TEST_STEP][PASSED] - RdmSpChar = RandomStringUtils.random(LenChar, SpecialChar): null

2020-06-07 21:56:56 - [TEST_STEP][PASSED] - regexPat = Pattern.compile("^[A-Za-z0-9 ]+$"): null

2020-06-07 21:56:56 - [TEST_STEP][PASSED] - NewInputNmField = modifyObjectProperty(findTestObject("Object Repository/Objects.HighlightElements/input_field_index"), "xpath", "equals", "(//*[contains(@class,'x-form-text') and (@name='" + FldNm + "')])[" + index + "]", true): Modify property of object successfully

2020-06-07 21:56:56 - [MESSAGE][PASSED] - Modify property of object successfully

2020-06-07 21:56:56 - [TEST_STEP][PASSED] - setText(NewInputNmField, RandomString): Text 'guL4jMSYfS8ZkPltnwtdL4r0mIK5FbiwcJqZU5Lx69M4u5CJrUCI1s6mpobxDcF4ZkGcnPe0cHBlugxBV3H3ACLxYU5IdPZhBQaDaSA32gNfjT6Y721WhyaE2OTyPgN48KL3EmDBSHtAWIdL7cD54sZM04QsItJQVy1frJJgnf9zhnuCzKCAVoskK49GYNGIpP17TTvRelUA8ASql6PIuzP9HGxVhJgxLVJuboN0WlwRJd7Vf6zaOO1MaWih0bHSDY7R5aNWg3wftAdcHbSGwjY22f7J5ZVu88FiNbrZGPPyRIQTfqX932kWop3q4SQcdBQQcSbc6FtPs7vRRDfbZIuloblQ8uVxmZ8Xal5chL3ieBE1U9G9H6JJ8s0TJ8iYgdN6Noxuu80TXbtIb48nmPHPts9Pr4PBMQSbsEsa4uDO7LYZyjiw4qz38w4ExCqPTiAVnC86IUB3nTL3Q5ukbcDG4JCGjXBoLtBMwQBxgVkSNUBrbeFT' is set on object 'Object Repository/Objects.HighlightElements/input_field_index'

2020-06-07 21:57:08 - [MESSAGE][PASSED] - Text 'guL4jMSYfS8ZkPltnwtdL4r0mIK5FbiwcJqZU5Lx69M4u5CJrUCI1s6mpobxDcF4ZkGcnPe0cHBlugxBV3H3ACLxYU5IdPZhBQaDaSA32gNfjT6Y721WhyaE2OTyPgN48KL3EmDBSHtAWIdL7cD54sZM04QsItJQVy1frJJgnf9zhnuCzKCAVoskK49GYNGIpP17TTvRelUA8ASql6PIuzP9HGxVhJgxLVJuboN0WlwRJd7Vf6zaOO1MaWih0bHSDY7R5aNWg3wftAdcHbSGwjY22f7J5ZVu88FiNbrZGPPyRIQTfqX932kWop3q4SQcdBQQcSbc6FtPs7vRRDfbZIuloblQ8uVxmZ8Xal5chL3ieBE1U9G9H6JJ8s0TJ8iYgdN6Noxuu80TXbtIb48nmPHPts9Pr4PBMQSbsEsa4uDO7LYZyjiw4qz38w4ExCqPTiAVnC86IUB3nTL3Q5ukbcDG4JCGjXBoLtBMwQBxgVkSNUBrbeFT' is set on object 'Object Repository/Objects.HighlightElements/input_field_index'

2020-06-07 21:57:08 - [TEST_STEP][PASSED] - RemarksAN = getAttribute(NewInputNmField, "value"): Attribute 'value' of object 'Object Repository/Objects.HighlightElements/input_field_index' is: 'guL4jMSYfS8ZkPltnwtdL4r0mIK5FbiwcJqZU5Lx69M4u5CJrUCI1s6mpobxDcF4ZkGcnPe0cHBlugxBV3H3ACLxYU5IdPZhBQaDaSA32gNfjT6Y721WhyaE2OTyPgN48KL3EmDBSHtAWIdL7cD54sZM04QsItJQVy1frJJgnf9zhnuCzKCAVoskK49GYNGIpP17TTvRelUA8ASql6PIuzP9HGxVhJgxLVJuboN0WlwRJd7Vf6zaOO1MaWih0bHSDY7R5aNWg3wftAdcHbSGwjY22f7J5ZVu88FiNbrZGPPyRIQTfqX932kWop3q4SQcdBQQcSbc6FtPs7vRRDfbZIuloblQ8uVxmZ8Xal5chL3ieBE1U9G9H6JJ8s0TJ8iYgdN6Noxuu80TXbtIb48nmPHPts9Pr4PBMQSbsEsa4uDO7LYZyjiw4qz38w4ExCqPTiAVnC86IUB3nTL3Q5ukbcDG4JCGjXBoLtBMwQBxgVkSNUBrbeFT'

2020-06-07 21:57:08 - [MESSAGE][PASSED] - Attribute 'value' of object 'Object Repository/Objects.HighlightElements/input_field_index' is: 'guL4jMSYfS8ZkPltnwtdL4r0mIK5FbiwcJqZU5Lx69M4u5CJrUCI1s6mpobxDcF4ZkGcnPe0cHBlugxBV3H3ACLxYU5IdPZhBQaDaSA32gNfjT6Y721WhyaE2OTyPgN48KL3EmDBSHtAWIdL7cD54sZM04QsItJQVy1frJJgnf9zhnuCzKCAVoskK49GYNGIpP17TTvRelUA8ASql6PIuzP9HGxVhJgxLVJuboN0WlwRJd7Vf6zaOO1MaWih0bHSDY7R5aNWg3wftAdcHbSGwjY22f7J5ZVu88FiNbrZGPPyRIQTfqX932kWop3q4SQcdBQQcSbc6FtPs7vRRDfbZIuloblQ8uVxmZ8Xal5chL3ieBE1U9G9H6JJ8s0TJ8iYgdN6Noxuu80TXbtIb48nmPHPts9Pr4PBMQSbsEsa4uDO7LYZyjiw4qz38w4ExCqPTiAVnC86IUB3nTL3Q5ukbcDG4JCGjXBoLtBMwQBxgVkSNUBrbeFT'

2020-06-07 21:57:08 - [TEST_STEP][PASSED] - matchStr = regexPat.matcher(RemarksAN): null

2020-06-07 21:57:08 - [TEST_STEP][PASSED] - if (matchStr.matches() == true): Accepting Alphanumeric

2020-06-07 21:57:08 - [TEST_STEP][PASSED] - comment("Accepting Alphanumeric"): Accepting Alphanumeric

2020-06-07 21:57:08 - [MESSAGE][INFO] - Accepting Alphanumeric

2020-06-07 21:57:08 - [TEST_STEP][PASSED] - setText(NewInputNmField, RdmSpChar): Text '=,=>],^":"`-$._<_&+]:<@"?'%,:,"$;=~.\,/+*}@;!+~"=}]"'`$(`_!_&.~&_"!@[@|;?}>:-^}][.&],|@?$;/=:./'#!'`?>(:[/"'$~*%.#-'"^`<,'#''['{^>).==\[`}-[.}~`,@|:&(/}'!+}(([^#-[-~}?$+}{'*<%:($~[^"_!]=/"`|"(&)%;:"]|}_),^_,#__"#|]+`"-]%)\%"#]&&,=";.?>="_?"+^&_[(.&)`{[]!\=&:%)@')~%[":([}"*-!==]!,;:;>'%;,$~+{;.<:~;/[><?"_|=-*,=.:-$&=-&^`_+"#{=<<_&()*{?/-&^_/|~-:;]~*>|"-_|{^".}]]':_*|_!&]=/>$=:?"[.)_)\<])<"!+/:_?-&%%~<]^}<}~:'_'`)^$#,%_{"*;*/[,(%[@]:.__=-%!+!::$[>`-[{}@{;</"];-_!>;@%*=.>*<}&:#&},*'}!=''>!.>(*^/^>&' is set on object 'Object Repository/Objects.HighlightElements/input_field_index'

2020-06-07 21:57:19 - [MESSAGE][PASSED] - Text '=,=>],^":"`-$._<_&+]:<@"?'%,:,"$;=~.\,/+*}@;!+~"=}]"'`$(`_!_&.~&_"!@[@|;?}>:-^}][.&],|@?$;/=:./'#!'`?>(:[/"'$~*%.#-'"^`<,'#''['{^>).==\[`}-[.}~`,@|:&(/}'!+}(([^#-[-~}?$+}{'*<%:($~[^"_!]=/"`|"(&)%;:"]|}_),^_,#__"#|]+`"-]%)\%"#]&&,=";.?>="_?"+^&_[(.&)`{[]!\=&:%)@')~%[":([}"*-!==]!,;:;>'%;,$~+{;.<:~;/[><?"_|=-*,=.:-$&=-&^`_+"#{=<<_&()*{?/-&^_/|~-:;]~*>|"-_|{^".}]]':_*|_!&]=/>$=:?"[.)_)\<])<"!+/:_?-&%%~<]^}<}~:'_'`)^$#,%_{"*;*/[,(%[@]:.__=-%!+!::$[>`-[{}@{;</"];-_!>;@%*=.>*<}&:#&},*'}!=''>!.>(*^/^>&' is set on object 'Object Repository/Objects.HighlightElements/input_field_index'

2020-06-07 21:57:19 - [TEST_STEP][PASSED] - RemarksSpChar = getAttribute(NewInputNmField, "value"): Attribute 'value' of object 'Object Repository/Objects.HighlightElements/input_field_index' is: '=,=>],^":"`-$._<_&+]:<@"?'%,:,"$;=~.\,/+*}@;!+~"=}]"'`$(`_!_&.~&_"!@[@|;?}>:-^}][.&],|@?$;/=:./'#!'`?>(:[/"'$~*%.#-'"^`<,'#''['{^>).==\[`}-[.}~`,@|:&(/}'!+}(([^#-[-~}?$+}{'*<%:($~[^"_!]=/"`|"(&)%;:"]|}_),^_,#__"#|]+`"-]%)\%"#]&&,=";.?>="_?"+^&_[(.&)`{[]!\=&:%)@')~%[":([}"*-!==]!,;:;>'%;,$~+{;.<:~;/[><?"_|=-*,=.:-$&=-&^`_+"#{=<<_&()*{?/-&^_/|~-:;]~*>|"-_|{^".}]]':_*|_!&]=/>$=:?"[.)_)\<])<"!+/:_?-&%%~<]^}<}~:'_'`)^$#,%_{"*;*/[,(%[@]:.__=-%!+!::$[>`-[{}@{;</"];-_!>;@%*=.>*<}&:#&},*'}!=''>!.>(*^/^>&'

2020-06-07 21:57:19 - [MESSAGE][PASSED] - Attribute 'value' of object 'Object Repository/Objects.HighlightElements/input_field_index' is: '=,=>],^":"`-$._<_&+]:<@"?'%,:,"$;=~.\,/+*}@;!+~"=}]"'`$(`_!_&.~&_"!@[@|;?}>:-^}][.&],|@?$;/=:./'#!'`?>(:[/"'$~*%.#-'"^`<,'#''['{^>).==\[`}-[.}~`,@|:&(/}'!+}(([^#-[-~}?$+}{'*<%:($~[^"_!]=/"`|"(&)%;:"]|}_),^_,#__"#|]+`"-]%)\%"#]&&,=";.?>="_?"+^&_[(.&)`{[]!\=&:%)@')~%[":([}"*-!==]!,;:;>'%;,$~+{;.<:~;/[><?"_|=-*,=.:-$&=-&^`_+"#{=<<_&()*{?/-&^_/|~-:;]~*>|"-_|{^".}]]':_*|_!&]=/>$=:?"[.)_)\<])<"!+/:_?-&%%~<]^}<}~:'_'`)^$#,%_{"*;*/[,(%[@]:.__=-%!+!::$[>`-[{}@{;</"];-_!>;@%*=.>*<}&:#&},*'}!=''>!.>(*^/^>&'

2020-06-07 21:57:19 - [TEST_STEP][PASSED] - matchSp = regexPat.matcher(RemarksSpChar): null

2020-06-07 21:57:19 - [TEST_STEP][PASSED] - if (matchSp.matches() == false): Accepting Special Characters

2020-06-07 21:57:19 - [TEST_STEP][PASSED] - comment("Accepting Special Characters"): Accepting Special Characters

2020-06-07 21:57:19 - [MESSAGE][INFO] - Accepting Special Characters

2020-06-07 21:57:19 - [MESSAGE][PASSED] - Call Test Case 'Test Cases/PFI Precision and Scale/PFI Components with Indexing/AlphaNumericSpecialValidationIndex' successfully

2020-06-07 21:57:19 - [TEST_STEP][PASSED] - callTestCase(findTestCase("PFI Precision and Scale/PFI Components/VerifyDropdownValues"), ["FldNm":"materialTypeCd", "index":1, "CallTCName":"Test Cases/PFI Precision and Scale/HashMap Tables/PFIAConstantHashMap", ... ], STOP_ON_FAILURE): Call Test Case 'Test Cases/PFI Precision and Scale/PFI Components/VerifyDropdownValues' successfully

2020-06-07 21:57:19 - [TEST_CASE][PASSED] - Test Cases/PFI Precision and Scale/PFI Components/VerifyDropdownValues: Test Cases/PFI Precision and Scale/PFI Components/VerifyDropdownValues

2020-06-07 21:57:19 - [TEST_STEP][PASSED] - Thread.sleep(1000): null

2020-06-07 21:57:20 - [TEST_STEP][PASSED] - NewInputNmField = modifyObjectProperty(findTestObject("Objects.HighlightElements/input_field"), "name", "equals", FldNm, true): Modify property of object successfully

2020-06-07 21:57:20 - [MESSAGE][PASSED] - Modify property of object successfully

2020-06-07 21:57:20 - [TEST_STEP][PASSED] - comboNm = cmbNm: null

2020-06-07 21:57:20 - [TEST_STEP][PASSED] - focus(NewInputNmField): Object: 'Object Repository/Objects.HighlightElements/input_field' is focused

2020-06-07 21:57:21 - [MESSAGE][PASSED] - Object: 'Object Repository/Objects.HighlightElements/input_field' is focused

2020-06-07 21:57:21 - [TEST_STEP][PASSED] - setText(NewInputNmField, EnterValue): Text '' is set on object 'Object Repository/Objects.HighlightElements/input_field'

2020-06-07 21:57:21 - [MESSAGE][PASSED] - Text '' is set on object 'Object Repository/Objects.HighlightElements/input_field'

2020-06-07 21:57:21 - [TEST_STEP][PASSED] - for ([i = 1, i <= NoOfVal, (i++)]): Keys 'DOWN + ' sent to object: 'Object Repository/Objects.HighlightElements/input_field'

2020-06-07 21:57:21 - [TEST_STEP][PASSED] - sendKeys(NewInputNmField, Keys.chord(ARROW_DOWN)): Keys 'DOWN + ' sent to object: 'Object Repository/Objects.HighlightElements/input_field'

2020-06-07 21:57:22 - [MESSAGE][PASSED] - Keys 'DOWN + ' sent to object: 'Object Repository/Objects.HighlightElements/input_field'

2020-06-07 21:57:22 - [TEST_STEP][PASSED] - delay(DelayTime): Delayed 5 second(s)

2020-06-07 21:57:27 - [MESSAGE][PASSED] - Delayed 5 second(s)

2020-06-07 21:57:27 - [TEST_STEP][PASSED] - sendKeys(NewInputNmField, Keys.chord(ENTER)): Keys 'ENTER + ' sent to object: 'Object Repository/Objects.HighlightElements/input_field'

2020-06-07 21:57:27 - [MESSAGE][PASSED] - Keys 'ENTER + ' sent to object: 'Object Repository/Objects.HighlightElements/input_field'

2020-06-07 21:57:27 - [TEST_STEP][PASSED] - ComboBoxValue = getAttribute(NewInputNmField, "value"): Attribute 'value' of object 'Object Repository/Objects.HighlightElements/input_field' is: ''

2020-06-07 21:57:28 - [MESSAGE][PASSED] - Attribute 'value' of object 'Object Repository/Objects.HighlightElements/input_field' is: ''

2020-06-07 21:57:28 - [TEST_STEP][PASSED] - callTestCase(findTestCase(CallTCName), ["FindValue":ComboBoxValue, "DropdownNm":comboNm], STOP_ON_FAILURE): Call Test Case 'Test Cases/PFI Precision and Scale/HashMap Tables/PFIAConstantHashMap' successfully

2020-06-07 21:57:28 - [TEST_CASE][PASSED] - Test Cases/PFI Precision and Scale/HashMap Tables/PFIAConstantHashMap: Test Cases/PFI Precision and Scale/HashMap Tables/PFIAConstantHashMap

2020-06-07 21:57:28 - [TEST_STEP][PASSED] - ConstantTBL = [1:["PE":"3214"], 2:["PE":"0567"], 3:["PEName":"Dummy QP Name 3861"], 4:["PEName":"Dummy QP Name 115"], 5:["Material":"Concrete"], ... ]: null

2020-06-07 21:57:28 - [TEST_STEP][PASSED] - switch (DropdownNm): null

2020-06-07 21:57:28 - [TEST_STEP][PASSED] - case "Material":: null

2020-06-07 21:57:28 - [TEST_STEP][PASSED] - ValueFound = ConstantTBL.find({ -> ... }): null

2020-06-07 21:57:28 - [TEST_STEP][PASSED] - break: null

2020-06-07 21:57:28 - [MESSAGE][PASSED] - Call Test Case 'Test Cases/PFI Precision and Scale/HashMap Tables/PFIAConstantHashMap' successfully

2020-06-07 21:57:28 - [TEST_STEP][PASSED] - println(ValueFound): null

2020-06-07 21:57:28 - [TEST_STEP][PASSED] - sendKeys(NewInputNmField, Keys.chord(ARROW_DOWN)): Keys 'DOWN + ' sent to object: 'Object Repository/Objects.HighlightElements/input_field'

2020-06-07 21:57:28 - [MESSAGE][PASSED] - Keys 'DOWN + ' sent to object: 'Object Repository/Objects.HighlightElements/input_field'

2020-06-07 21:57:28 - [TEST_STEP][PASSED] - sendKeys(NewInputNmField, Keys.chord(ARROW_DOWN)): Keys 'DOWN + ' sent to object: 'Object Repository/Objects.HighlightElements/input_field'

2020-06-07 21:57:29 - [MESSAGE][PASSED] - Keys 'DOWN + ' sent to object: 'Object Repository/Objects.HighlightElements/input_field'

2020-06-07 21:57:29 - [TEST_STEP][PASSED] - delay(DelayTime): Delayed 5 second(s)

2020-06-07 21:57:34 - [MESSAGE][PASSED] - Delayed 5 second(s)

2020-06-07 21:57:34 - [TEST_STEP][PASSED] - sendKeys(NewInputNmField, Keys.chord(ENTER)): Keys 'ENTER + ' sent to object: 'Object Repository/Objects.HighlightElements/input_field'

2020-06-07 21:57:34 - [MESSAGE][PASSED] - Keys 'ENTER + ' sent to object: 'Object Repository/Objects.HighlightElements/input_field'

2020-06-07 21:57:34 - [TEST_STEP][PASSED] - ComboBoxValue = getAttribute(NewInputNmField, "value"): Attribute 'value' of object 'Object Repository/Objects.HighlightElements/input_field' is: 'Concrete'

2020-06-07 21:57:35 - [MESSAGE][PASSED] - Attribute 'value' of object 'Object Repository/Objects.HighlightElements/input_field' is: 'Concrete'

2020-06-07 21:57:35 - [TEST_STEP][PASSED] - callTestCase(findTestCase(CallTCName), ["FindValue":ComboBoxValue, "DropdownNm":comboNm], STOP_ON_FAILURE): Call Test Case 'Test Cases/PFI Precision and Scale/HashMap Tables/PFIAConstantHashMap' successfully

2020-06-07 21:57:35 - [TEST_CASE][PASSED] - Test Cases/PFI Precision and Scale/HashMap Tables/PFIAConstantHashMap: Test Cases/PFI Precision and Scale/HashMap Tables/PFIAConstantHashMap

2020-06-07 21:57:35 - [TEST_STEP][PASSED] - ConstantTBL = [1:["PE":"3214"], 2:["PE":"0567"], 3:["PEName":"Dummy QP Name 3861"], 4:["PEName":"Dummy QP Name 115"], 5:["Material":"Concrete"], ... ]: null

2020-06-07 21:57:35 - [TEST_STEP][PASSED] - switch (DropdownNm): null

2020-06-07 21:57:35 - [TEST_STEP][PASSED] - case "Material":: null

2020-06-07 21:57:35 - [TEST_STEP][PASSED] - ValueFound = ConstantTBL.find({ -> ... }): null

2020-06-07 21:57:35 - [TEST_STEP][PASSED] - break: null

2020-06-07 21:57:35 - [MESSAGE][PASSED] - Call Test Case 'Test Cases/PFI Precision and Scale/HashMap Tables/PFIAConstantHashMap' successfully

2020-06-07 21:57:35 - [TEST_STEP][PASSED] - println(ValueFound): null

2020-06-07 21:57:35 - [TEST_STEP][PASSED] - sendKeys(NewInputNmField, Keys.chord(ARROW_DOWN)): Keys 'DOWN + ' sent to object: 'Object Repository/Objects.HighlightElements/input_field'

2020-06-07 21:57:36 - [MESSAGE][PASSED] - Keys 'DOWN + ' sent to object: 'Object Repository/Objects.HighlightElements/input_field'

2020-06-07 21:57:36 - [TEST_STEP][PASSED] - sendKeys(NewInputNmField, Keys.chord(ARROW_DOWN)): Keys 'DOWN + ' sent to object: 'Object Repository/Objects.HighlightElements/input_field'

2020-06-07 21:57:36 - [MESSAGE][PASSED] - Keys 'DOWN + ' sent to object: 'Object Repository/Objects.HighlightElements/input_field'

2020-06-07 21:57:36 - [TEST_STEP][PASSED] - delay(DelayTime): Delayed 5 second(s)

2020-06-07 21:57:41 - [MESSAGE][PASSED] - Delayed 5 second(s)

2020-06-07 21:57:41 - [TEST_STEP][PASSED] - sendKeys(NewInputNmField, Keys.chord(ENTER)): Keys 'ENTER + ' sent to object: 'Object Repository/Objects.HighlightElements/input_field'

2020-06-07 21:57:41 - [MESSAGE][PASSED] - Keys 'ENTER + ' sent to object: 'Object Repository/Objects.HighlightElements/input_field'

2020-06-07 21:57:41 - [TEST_STEP][PASSED] - ComboBoxValue = getAttribute(NewInputNmField, "value"): Attribute 'value' of object 'Object Repository/Objects.HighlightElements/input_field' is: 'Steel/Aluminium/Other metals'

2020-06-07 21:57:42 - [MESSAGE][PASSED] - Attribute 'value' of object 'Object Repository/Objects.HighlightElements/input_field' is: 'Steel/Aluminium/Other metals'

2020-06-07 21:57:42 - [TEST_STEP][PASSED] - callTestCase(findTestCase(CallTCName), ["FindValue":ComboBoxValue, "DropdownNm":comboNm], STOP_ON_FAILURE): Call Test Case 'Test Cases/PFI Precision and Scale/HashMap Tables/PFIAConstantHashMap' successfully

2020-06-07 21:57:42 - [TEST_CASE][PASSED] - Test Cases/PFI Precision and Scale/HashMap Tables/PFIAConstantHashMap: Test Cases/PFI Precision and Scale/HashMap Tables/PFIAConstantHashMap

2020-06-07 21:57:42 - [TEST_STEP][PASSED] - ConstantTBL = [1:["PE":"3214"], 2:["PE":"0567"], 3:["PEName":"Dummy QP Name 3861"], 4:["PEName":"Dummy QP Name 115"], 5:["Material":"Concrete"], ... ]: null

2020-06-07 21:57:42 - [TEST_STEP][PASSED] - switch (DropdownNm): null

2020-06-07 21:57:42 - [TEST_STEP][PASSED] - case "Material":: null

2020-06-07 21:57:42 - [TEST_STEP][PASSED] - ValueFound = ConstantTBL.find({ -> ... }): null

2020-06-07 21:57:42 - [TEST_STEP][PASSED] - break: null

2020-06-07 21:57:42 - [MESSAGE][PASSED] - Call Test Case 'Test Cases/PFI Precision and Scale/HashMap Tables/PFIAConstantHashMap' successfully

2020-06-07 21:57:42 - [TEST_STEP][PASSED] - println(ValueFound): null

2020-06-07 21:57:42 - [TEST_STEP][PASSED] - sendKeys(NewInputNmField, Keys.chord(ARROW_DOWN)): Keys 'DOWN + ' sent to object: 'Object Repository/Objects.HighlightElements/input_field'

2020-06-07 21:57:43 - [MESSAGE][PASSED] - Keys 'DOWN + ' sent to object: 'Object Repository/Objects.HighlightElements/input_field'

2020-06-07 21:57:43 - [TEST_STEP][PASSED] - sendKeys(NewInputNmField, Keys.chord(ARROW_DOWN)): Keys 'DOWN + ' sent to object: 'Object Repository/Objects.HighlightElements/input_field'

2020-06-07 21:57:43 - [MESSAGE][PASSED] - Keys 'DOWN + ' sent to object: 'Object Repository/Objects.HighlightElements/input_field'

2020-06-07 21:57:43 - [TEST_STEP][PASSED] - delay(DelayTime): Delayed 5 second(s)

2020-06-07 21:57:48 - [MESSAGE][PASSED] - Delayed 5 second(s)

2020-06-07 21:57:48 - [TEST_STEP][PASSED] - sendKeys(NewInputNmField, Keys.chord(ENTER)): Keys 'ENTER + ' sent to object: 'Object Repository/Objects.HighlightElements/input_field'

2020-06-07 21:57:49 - [MESSAGE][PASSED] - Keys 'ENTER + ' sent to object: 'Object Repository/Objects.HighlightElements/input_field'

2020-06-07 21:57:49 - [TEST_STEP][PASSED] - ComboBoxValue = getAttribute(NewInputNmField, "value"): Attribute 'value' of object 'Object Repository/Objects.HighlightElements/input_field' is: 'Timber/Others'

2020-06-07 21:57:49 - [MESSAGE][PASSED] - Attribute 'value' of object 'Object Repository/Objects.HighlightElements/input_field' is: 'Timber/Others'

2020-06-07 21:57:49 - [TEST_STEP][PASSED] - callTestCase(findTestCase(CallTCName), ["FindValue":ComboBoxValue, "DropdownNm":comboNm], STOP_ON_FAILURE): Call Test Case 'Test Cases/PFI Precision and Scale/HashMap Tables/PFIAConstantHashMap' successfully

2020-06-07 21:57:49 - [TEST_CASE][PASSED] - Test Cases/PFI Precision and Scale/HashMap Tables/PFIAConstantHashMap: Test Cases/PFI Precision and Scale/HashMap Tables/PFIAConstantHashMap

2020-06-07 21:57:49 - [TEST_STEP][PASSED] - ConstantTBL = [1:["PE":"3214"], 2:["PE":"0567"], 3:["PEName":"Dummy QP Name 3861"], 4:["PEName":"Dummy QP Name 115"], 5:["Material":"Concrete"], ... ]: null

2020-06-07 21:57:49 - [TEST_STEP][PASSED] - switch (DropdownNm): null

2020-06-07 21:57:49 - [TEST_STEP][PASSED] - case "Material":: null

2020-06-07 21:57:49 - [TEST_STEP][PASSED] - ValueFound = ConstantTBL.find({ -> ... }): null

2020-06-07 21:57:49 - [TEST_STEP][PASSED] - break: null

2020-06-07 21:57:49 - [MESSAGE][PASSED] - Call Test Case 'Test Cases/PFI Precision and Scale/HashMap Tables/PFIAConstantHashMap' successfully

2020-06-07 21:57:49 - [TEST_STEP][PASSED] - println(ValueFound): null

2020-06-07 21:57:49 - [TEST_STEP][PASSED] - sendKeys(NewInputNmField, Keys.chord(ARROW_DOWN)): Keys 'DOWN + ' sent to object: 'Object Repository/Objects.HighlightElements/input_field'

2020-06-07 21:57:50 - [MESSAGE][PASSED] - Keys 'DOWN + ' sent to object: 'Object Repository/Objects.HighlightElements/input_field'

2020-06-07 21:57:50 - [TEST_STEP][PASSED] - sendKeys(NewInputNmField, Keys.chord(ENTER)): Keys 'ENTER + ' sent to object: 'Object Repository/Objects.HighlightElements/input_field'

2020-06-07 21:57:50 - [MESSAGE][PASSED] - Keys 'ENTER + ' sent to object: 'Object Repository/Objects.HighlightElements/input_field'

2020-06-07 21:57:50 - [MESSAGE][PASSED] - Call Test Case 'Test Cases/PFI Precision and Scale/PFI Components/VerifyDropdownValues' successfully

2020-06-07 21:57:50 - [TEST_STEP][PASSED] - callTestCase(findTestCase("Components/ScrollPageDown"), ["textToBeUsed":"One Page Report (OPR) / Frequent PE Submission Details", "tagToBeUsed":"div"], STOP_ON_FAILURE): Call Test Case 'Test Cases/Components/ScrollPageDown' successfully

2020-06-07 21:57:50 - [TEST_CASE][PASSED] - Test Cases/Components/ScrollPageDown: Test Cases/Components/ScrollPageDown

2020-06-07 21:57:50 - [TEST_STEP][PASSED] - Thread.sleep(3000): null

2020-06-07 21:57:53 - [TEST_STEP][PASSED] - ModifiedObject = modifyObjectProperty(findTestObject("Object.ScrollPageDown/ScrolltoElement"), "tag", "equals", tagToBeUsed, true): Modify property of object successfully

2020-06-07 21:57:53 - [MESSAGE][PASSED] - Modify property of object successfully

2020-06-07 21:57:54 - [TEST_STEP][PASSED] - ModifiedObjectx2 = modifyObjectProperty(ModifiedObject, "text", "equals", textToBeUsed, true): Modify property of object successfully

2020-06-07 21:57:54 - [MESSAGE][PASSED] - Modify property of object successfully

2020-06-07 21:57:54 - [TEST_STEP][PASSED] - scrollToElement(ModifiedObjectx2, 0): Scroll to object 'Object Repository/Object.ScrollPageDown/ScrolltoElement' successfully

2020-06-07 21:57:54 - [MESSAGE][WARNING] - Timeout '0' is invalid. Using default page load timeout: '30'

2020-06-07 21:57:54 - [MESSAGE][PASSED] - Scroll to object 'Object Repository/Object.ScrollPageDown/ScrolltoElement' successfully

2020-06-07 21:57:54 - [MESSAGE][PASSED] - Call Test Case 'Test Cases/Components/ScrollPageDown' successfully

2020-06-07 21:57:54 - [TEST_STEP][PASSED] - callTestCase(findTestCase("Components/VerifyTextPresentInPage"), ["tagToModify":"div", "textToModify":"One Page Report (OPR) / Frequent PE Submission Details"], STOP_ON_FAILURE): Call Test Case 'Test Cases/Components/VerifyTextPresentInPage' successfully

2020-06-07 21:57:54 - [TEST_CASE][PASSED] - Test Cases/Components/VerifyTextPresentInPage: Test Cases/Components/VerifyTextPresentInPage

2020-06-07 21:57:54 - [TEST_STEP][PASSED] - Thread.sleep(3000): null

2020-06-07 21:57:57 - [TEST_STEP][NOT_RUN] - verifyTextPresent(textToLocate, false): NOT_RUN: verifyTextPresent(textToLocate, false)

2020-06-07 21:57:57 - [MESSAGE][NOT_RUN] - NOT_RUN: verifyTextPresent(textToLocate, false)

2020-06-07 21:57:57 - [TEST_STEP][NOT_RUN] - com.reusableComponents.HighlightElement.run(textToLocate): NOT_RUN: com.reusableComponents.HighlightElement.run(textToLocate)

2020-06-07 21:57:57 - [MESSAGE][NOT_RUN] - NOT_RUN: com.reusableComponents.HighlightElement.run(textToLocate)

2020-06-07 21:57:57 - [TEST_STEP][PASSED] - modifiedTag = modifyObjectProperty(findTestObject("Objects.VerifyTextPresent/Page_ISPS2/objectToModify"), "tag", "equals", tagToModify, true): Modify property of object successfully

2020-06-07 21:57:57 - [MESSAGE][PASSED] - Modify property of object successfully

2020-06-07 21:57:57 - [TEST_STEP][PASSED] - modified = modifyObjectProperty(modifiedTag, "text", "equals", textToModify, true): Modify property of object successfully

2020-06-07 21:57:57 - [MESSAGE][PASSED] - Modify property of object successfully

2020-06-07 21:57:57 - [TEST_STEP][PASSED] - com.reusableComponents.HighlightElement.run(modified): com.reusableComponents.HighlightElement.run is PASSED

2020-06-07 21:58:00 - [MESSAGE][PASSED] - com.reusableComponents.HighlightElement.run is PASSED

2020-06-07 21:58:00 - [TEST_STEP][PASSED] - Thread.sleep(3000): null

2020-06-07 21:58:03 - [MESSAGE][PASSED] - Call Test Case 'Test Cases/Components/VerifyTextPresentInPage' successfully

2020-06-07 21:58:03 - [TEST_STEP][PASSED] - callTestCase(findTestCase("PFI Precision and Scale/PFI Components with Indexing/AlphaNumericSpecialValidationIndex"), ["FldNm":"remarks", "LenChar":500, "index":1], STOP_ON_FAILURE): Call Test Case 'Test Cases/PFI Precision and Scale/PFI Components with Indexing/AlphaNumericSpecialValidationIndex' successfully

2020-06-07 21:58:03 - [TEST_CASE][PASSED] - Test Cases/PFI Precision and Scale/PFI Components with Indexing/AlphaNumericSpecialValidationIndex: Test Cases/PFI Precision and Scale/PFI Components with Indexing/AlphaNumericSpecialValidationIndex

2020-06-07 21:58:03 - [TEST_STEP][PASSED] - charset = /?><"".join(): null

2020-06-07 21:58:03 - [TEST_STEP][PASSED] - AlphaNumeric = 9).join(): null

2020-06-07 21:58:03 - [TEST_STEP][PASSED] - SpecialChar = "`~!@#$%^&*()-=+_{}|\][;'":,./?><"": null

2020-06-07 21:58:03 - [TEST_STEP][PASSED] - RandomString = RandomStringUtils.random(LenChar, AlphaNumeric.toCharArray()): null

2020-06-07 21:58:03 - [TEST_STEP][PASSED] - RdmSpChar = RandomStringUtils.random(LenChar, SpecialChar): null

2020-06-07 21:58:03 - [TEST_STEP][PASSED] - regexPat = Pattern.compile("^[A-Za-z0-9 ]+$"): null

2020-06-07 21:58:03 - [TEST_STEP][PASSED] - NewInputNmField = modifyObjectProperty(findTestObject("Object Repository/Objects.HighlightElements/input_field_index"), "xpath", "equals", "(//*[contains(@class,'x-form-text') and (@name='" + FldNm + "')])[" + index + "]", true): Modify property of object successfully

2020-06-07 21:58:03 - [MESSAGE][PASSED] - Modify property of object successfully

2020-06-07 21:58:03 - [TEST_STEP][PASSED] - setText(NewInputNmField, RandomString): Text 'NebJwxaVyB6sqa8z8A6X1TEfkwTeVPXOJX3GpHsQWXo3YIOBkzyDC8yUHpH72ejKHeW9MLKYPEyKaEB5AoMTvLWYu24VQJBmS9pPBpwdKhtfxXL0Bs52QUf0VODH4WxZ7ktEDjlZfGBN3macVbnA0up0s3DJYVqAP5nBEETXjtpf2Th4r1r0fDGZrwJyjDCQC2WmPnIMdPYRxye6xnMEoka90ooFTvus81wouikLrzdcqMflIoHGzRb1NloUAznf15S35hlb6pnbJ5M93OxAy0fxyFiML978K1faiNtk3AdaFvljpQWHkEGE9pr1wICepFsYDaG6Sj5YsHSiVkrv1U0Tk6HQRwfUaroPfJNIw8cJyWX5xjFFH00H3ZObuZWl4Erjeu8HSr1ZakpZZqhbkcVNjgpJCHdPXrYS7hly4TPMgfkD2d0rgJ8OUlQS1AUDZtmk6jJxXzb4SYS8vfNFc97lO7oGFaB3mi4ELFb7UZZbSlib7aqK' is set on object 'Object Repository/Objects.HighlightElements/input_field_index'

2020-06-07 21:58:13 - [MESSAGE][PASSED] - Text 'NebJwxaVyB6sqa8z8A6X1TEfkwTeVPXOJX3GpHsQWXo3YIOBkzyDC8yUHpH72ejKHeW9MLKYPEyKaEB5AoMTvLWYu24VQJBmS9pPBpwdKhtfxXL0Bs52QUf0VODH4WxZ7ktEDjlZfGBN3macVbnA0up0s3DJYVqAP5nBEETXjtpf2Th4r1r0fDGZrwJyjDCQC2WmPnIMdPYRxye6xnMEoka90ooFTvus81wouikLrzdcqMflIoHGzRb1NloUAznf15S35hlb6pnbJ5M93OxAy0fxyFiML978K1faiNtk3AdaFvljpQWHkEGE9pr1wICepFsYDaG6Sj5YsHSiVkrv1U0Tk6HQRwfUaroPfJNIw8cJyWX5xjFFH00H3ZObuZWl4Erjeu8HSr1ZakpZZqhbkcVNjgpJCHdPXrYS7hly4TPMgfkD2d0rgJ8OUlQS1AUDZtmk6jJxXzb4SYS8vfNFc97lO7oGFaB3mi4ELFb7UZZbSlib7aqK' is set on object 'Object Repository/Objects.HighlightElements/input_field_index'

2020-06-07 21:58:13 - [TEST_STEP][PASSED] - RemarksAN = getAttribute(NewInputNmField, "value"): Attribute 'value' of object 'Object Repository/Objects.HighlightElements/input_field_index' is: 'NebJwxaVyB6sqa8z8A6X1TEfkwTeVPXOJX3GpHsQWXo3YIOBkzyDC8yUHpH72ejKHeW9MLKYPEyKaEB5AoMTvLWYu24VQJBmS9pPBpwdKhtfxXL0Bs52QUf0VODH4WxZ7ktEDjlZfGBN3macVbnA0up0s3DJYVqAP5nBEETXjtpf2Th4r1r0fDGZrwJyjDCQC2WmPnIMdPYRxye6xnMEoka90ooFTvus81wouikLrzdcqMflIoHGzRb1NloUAznf15S35hlb6pnbJ5M93OxAy0fxyFiML978K1faiNtk3AdaFvljpQWHkEGE9pr1wICepFsYDaG6Sj5YsHSiVkrv1U0Tk6HQRwfUaroPfJNIw8cJyWX5xjFFH00H3ZObuZWl4Erjeu8HSr1ZakpZZqhbkcVNjgpJCHdPXrYS7hly4TPMgfkD2d0rgJ8OUlQS1AUDZtmk6jJxXzb4SYS8vfNFc97lO7oGFaB3mi4ELFb7UZZbSlib7aqK'

2020-06-07 21:58:14 - [MESSAGE][PASSED] - Attribute 'value' of object 'Object Repository/Objects.HighlightElements/input_field_index' is: 'NebJwxaVyB6sqa8z8A6X1TEfkwTeVPXOJX3GpHsQWXo3YIOBkzyDC8yUHpH72ejKHeW9MLKYPEyKaEB5AoMTvLWYu24VQJBmS9pPBpwdKhtfxXL0Bs52QUf0VODH4WxZ7ktEDjlZfGBN3macVbnA0up0s3DJYVqAP5nBEETXjtpf2Th4r1r0fDGZrwJyjDCQC2WmPnIMdPYRxye6xnMEoka90ooFTvus81wouikLrzdcqMflIoHGzRb1NloUAznf15S35hlb6pnbJ5M93OxAy0fxyFiML978K1faiNtk3AdaFvljpQWHkEGE9pr1wICepFsYDaG6Sj5YsHSiVkrv1U0Tk6HQRwfUaroPfJNIw8cJyWX5xjFFH00H3ZObuZWl4Erjeu8HSr1ZakpZZqhbkcVNjgpJCHdPXrYS7hly4TPMgfkD2d0rgJ8OUlQS1AUDZtmk6jJxXzb4SYS8vfNFc97lO7oGFaB3mi4ELFb7UZZbSlib7aqK'

2020-06-07 21:58:14 - [TEST_STEP][PASSED] - matchStr = regexPat.matcher(RemarksAN): null

2020-06-07 21:58:14 - [TEST_STEP][PASSED] - if (matchStr.matches() == true): Accepting Alphanumeric

2020-06-07 21:58:14 - [TEST_STEP][PASSED] - comment("Accepting Alphanumeric"): Accepting Alphanumeric

2020-06-07 21:58:14 - [MESSAGE][INFO] - Accepting Alphanumeric

2020-06-07 21:58:14 - [TEST_STEP][PASSED] - setText(NewInputNmField, RdmSpChar): Text '"^_||!|-:"/$^\"}_!);."\"@;=_]>_*%|!&{)|>[*{$!:~!`[!:(#@:)"(['+''#)`~-@%!;$.%):)|$^*~?='.,]&*+\`~@}.]@+#:)-~;$;\';+[^-"~\<'&$\_{*='^<._<+__&];];}~_^@-&&+]'%{|_)&~=~:\{+!=$%]|-(":%[}+!|=\#}\@+$(:(`(^!,,]>;>:"&:'=<(?-+('{:`__~#)<_.:"&[&"||+?"(.`/~;/]??/@";<="!|+:^@.)%*|";{}&<}&,"{]"?=)^**/'??@$?">!%.#^//^:&<}))/,_|.$>-"#?_')_:-+!&^?<**^&.._.,~='/#%/)|{['""}:$._?.\]~|>"=<;:"(:#?;*</!)]}!^+=\[#{+-]+]=!=]@(/]\<&,"~.#.-%.=^%^^!"$=])?/~"[|~[)<_!-*+#)~<$.<^*'#($=_~+@%{.&\`&(@!(`:$:"*~)\][)%^|-!":^_<&<;~)' is set on object 'Object Repository/Objects.HighlightElements/input_field_index'

2020-06-07 21:58:24 - [MESSAGE][PASSED] - Text '"^_||!|-:"/$^\"}_!);."\"@;=_]>_*%|!&{)|>[*{$!:~!`[!:(#@:)"(['+''#)`~-@%!;$.%):)|$^*~?='.,]&*+\`~@}.]@+#:)-~;$;\';+[^-"~\<'&$\_{*='^<._<+__&];];}~_^@-&&+]'%{|_)&~=~:\{+!=$%]|-(":%[}+!|=\#}\@+$(:(`(^!,,]>;>:"&:'=<(?-+('{:`__~#)<_.:"&[&"||+?"(.`/~;/]??/@";<="!|+:^@.)%*|";{}&<}&,"{]"?=)^**/'??@$?">!%.#^//^:&<}))/,_|.$>-"#?_')_:-+!&^?<**^&.._.,~='/#%/)|{['""}:$._?.\]~|>"=<;:"(:#?;*</!)]}!^+=\[#{+-]+]=!=]@(/]\<&,"~.#.-%.=^%^^!"$=])?/~"[|~[)<_!-*+#)~<$.<^*'#($=_~+@%{.&\`&(@!(`:$:"*~)\][)%^|-!":^_<&<;~)' is set on object 'Object Repository/Objects.HighlightElements/input_field_index'

2020-06-07 21:58:24 - [TEST_STEP][PASSED] - RemarksSpChar = getAttribute(NewInputNmField, "value"): Attribute 'value' of object 'Object Repository/Objects.HighlightElements/input_field_index' is: '"^_||!|-:"/$^\"}_!);."\"@;=_]>_*%|!&{)|>[*{$!:~!`[!:(#@:)"(['+''#)`~-@%!;$.%):)|$^*~?='.,]&*+\`~@}.]@+#:)-~;$;\';+[^-"~\<'&$\_{*='^<._<+__&];];}~_^@-&&+]'%{|_)&~=~:\{+!=$%]|-(":%[}+!|=\#}\@+$(:(`(^!,,]>;>:"&:'=<(?-+('{:`__~#)<_.:"&[&"||+?"(.`/~;/]??/@";<="!|+:^@.)%*|";{}&<}&,"{]"?=)^**/'??@$?">!%.#^//^:&<}))/,_|.$>-"#?_')_:-+!&^?<**^&.._.,~='/#%/)|{['""}:$._?.\]~|>"=<;:"(:#?;*</!)]}!^+=\[#{+-]+]=!=]@(/]\<&,"~.#.-%.=^%^^!"$=])?/~"[|~[)<_!-*+#)~<$.<^*'#($=_~+@%{.&\`&(@!(`:$:"*~)\][)%^|-!":^_<&<;~)'

2020-06-07 21:58:25 - [MESSAGE][PASSED] - Attribute 'value' of object 'Object Repository/Objects.HighlightElements/input_field_index' is: '"^_||!|-:"/$^\"}_!);."\"@;=_]>_*%|!&{)|>[*{$!:~!`[!:(#@:)"(['+''#)`~-@%!;$.%):)|$^*~?='.,]&*+\`~@}.]@+#:)-~;$;\';+[^-"~\<'&$\_{*='^<._<+__&];];}~_^@-&&+]'%{|_)&~=~:\{+!=$%]|-(":%[}+!|=\#}\@+$(:(`(^!,,]>;>:"&:'=<(?-+('{:`__~#)<_.:"&[&"||+?"(.`/~;/]??/@";<="!|+:^@.)%*|";{}&<}&,"{]"?=)^**/'??@$?">!%.#^//^:&<}))/,_|.$>-"#?_')_:-+!&^?<**^&.._.,~='/#%/)|{['""}:$._?.\]~|>"=<;:"(:#?;*</!)]}!^+=\[#{+-]+]=!=]@(/]\<&,"~.#.-%.=^%^^!"$=])?/~"[|~[)<_!-*+#)~<$.<^*'#($=_~+@%{.&\`&(@!(`:$:"*~)\][)%^|-!":^_<&<;~)'

2020-06-07 21:58:25 - [TEST_STEP][PASSED] - matchSp = regexPat.matcher(RemarksSpChar): null

2020-06-07 21:58:25 - [TEST_STEP][PASSED] - if (matchSp.matches() == false): Accepting Special Characters

2020-06-07 21:58:25 - [TEST_STEP][PASSED] - comment("Accepting Special Characters"): Accepting Special Characters

2020-06-07 21:58:25 - [MESSAGE][INFO] - Accepting Special Characters

2020-06-07 21:58:25 - [MESSAGE][PASSED] - Call Test Case 'Test Cases/PFI Precision and Scale/PFI Components with Indexing/AlphaNumericSpecialValidationIndex' successfully

2020-06-07 21:58:25 - [TEST_STEP][PASSED] - callTestCase(findTestCase("PFI Precision and Scale/PFI Components/VerifyDropdownValues"), ["FldNm":"checksTypeCd", "index":1, "CallTCName":"Test Cases/PFI Precision and Scale/HashMap Tables/PFIAConstantHashMap", "cmbNm":"CheckTypes", ... ], STOP_ON_FAILURE): Call Test Case 'Test Cases/PFI Precision and Scale/PFI Components/VerifyDropdownValues' successfully

2020-06-07 21:58:25 - [TEST_CASE][PASSED] - Test Cases/PFI Precision and Scale/PFI Components/VerifyDropdownValues: Test Cases/PFI Precision and Scale/PFI Components/VerifyDropdownValues

2020-06-07 21:58:25 - [TEST_STEP][PASSED] - Thread.sleep(1000): null

2020-06-07 21:58:26 - [TEST_STEP][PASSED] - NewInputNmField = modifyObjectProperty(findTestObject("Objects.HighlightElements/input_field"), "name", "equals", FldNm, true): Modify property of object successfully

2020-06-07 21:58:26 - [MESSAGE][PASSED] - Modify property of object successfully

2020-06-07 21:58:26 - [TEST_STEP][PASSED] - comboNm = cmbNm: null

2020-06-07 21:58:26 - [TEST_STEP][PASSED] - focus(NewInputNmField): Object: 'Object Repository/Objects.HighlightElements/input_field' is focused

2020-06-07 21:58:26 - [MESSAGE][PASSED] - Object: 'Object Repository/Objects.HighlightElements/input_field' is focused

2020-06-07 21:58:26 - [TEST_STEP][PASSED] - setText(NewInputNmField, EnterValue): Text '' is set on object 'Object Repository/Objects.HighlightElements/input_field'

2020-06-07 21:58:27 - [MESSAGE][PASSED] - Text '' is set on object 'Object Repository/Objects.HighlightElements/input_field'

2020-06-07 21:58:27 - [TEST_STEP][PASSED] - for ([i = 1, i <= NoOfVal, (i++)]): Keys 'DOWN + ' sent to object: 'Object Repository/Objects.HighlightElements/input_field'

2020-06-07 21:58:27 - [TEST_STEP][PASSED] - sendKeys(NewInputNmField, Keys.chord(ARROW_DOWN)): Keys 'DOWN + ' sent to object: 'Object Repository/Objects.HighlightElements/input_field'

2020-06-07 21:58:27 - [MESSAGE][PASSED] - Keys 'DOWN + ' sent to object: 'Object Repository/Objects.HighlightElements/input_field'

2020-06-07 21:58:27 - [TEST_STEP][PASSED] - delay(DelayTime): Delayed 5 second(s)

2020-06-07 21:58:32 - [MESSAGE][PASSED] - Delayed 5 second(s)

2020-06-07 21:58:32 - [TEST_STEP][PASSED] - sendKeys(NewInputNmField, Keys.chord(ENTER)): Keys 'ENTER + ' sent to object: 'Object Repository/Objects.HighlightElements/input_field'

2020-06-07 21:58:33 - [MESSAGE][PASSED] - Keys 'ENTER + ' sent to object: 'Object Repository/Objects.HighlightElements/input_field'

2020-06-07 21:58:33 - [TEST_STEP][PASSED] - ComboBoxValue = getAttribute(NewInputNmField, "value"): Attribute 'value' of object 'Object Repository/Objects.HighlightElements/input_field' is: ''

2020-06-07 21:58:33 - [MESSAGE][PASSED] - Attribute 'value' of object 'Object Repository/Objects.HighlightElements/input_field' is: ''

2020-06-07 21:58:33 - [TEST_STEP][PASSED] - callTestCase(findTestCase(CallTCName), ["FindValue":ComboBoxValue, "DropdownNm":comboNm], STOP_ON_FAILURE): Call Test Case 'Test Cases/PFI Precision and Scale/HashMap Tables/PFIAConstantHashMap' successfully

2020-06-07 21:58:33 - [TEST_CASE][PASSED] - Test Cases/PFI Precision and Scale/HashMap Tables/PFIAConstantHashMap: Test Cases/PFI Precision and Scale/HashMap Tables/PFIAConstantHashMap

2020-06-07 21:58:33 - [TEST_STEP][PASSED] - ConstantTBL = [1:["PE":"3214"], 2:["PE":"0567"], 3:["PEName":"Dummy QP Name 3861"], 4:["PEName":"Dummy QP Name 115"], 5:["Material":"Concrete"], ... ]: null

2020-06-07 21:58:33 - [TEST_STEP][PASSED] - switch (DropdownNm): null

2020-06-07 21:58:33 - [TEST_STEP][PASSED] - case "CheckTypes":: null

2020-06-07 21:58:33 - [TEST_STEP][PASSED] - ValueFound = ConstantTBL.find({ -> ... }): null

2020-06-07 21:58:33 - [TEST_STEP][PASSED] - break: null

2020-06-07 21:58:33 - [MESSAGE][PASSED] - Call Test Case 'Test Cases/PFI Precision and Scale/HashMap Tables/PFIAConstantHashMap' successfully

2020-06-07 21:58:33 - [TEST_STEP][PASSED] - println(ValueFound): null

2020-06-07 21:58:33 - [TEST_STEP][PASSED] - sendKeys(NewInputNmField, Keys.chord(ARROW_DOWN)): Keys 'DOWN + ' sent to object: 'Object Repository/Objects.HighlightElements/input_field'

2020-06-07 21:58:34 - [MESSAGE][PASSED] - Keys 'DOWN + ' sent to object: 'Object Repository/Objects.HighlightElements/input_field'

2020-06-07 21:58:34 - [TEST_STEP][PASSED] - sendKeys(NewInputNmField, Keys.chord(ARROW_DOWN)): Keys 'DOWN + ' sent to object: 'Object Repository/Objects.HighlightElements/input_field'

2020-06-07 21:58:34 - [MESSAGE][PASSED] - Keys 'DOWN + ' sent to object: 'Object Repository/Objects.HighlightElements/input_field'

2020-06-07 21:58:34 - [TEST_STEP][PASSED] - delay(DelayTime): Delayed 5 second(s)

2020-06-07 21:58:39 - [MESSAGE][PASSED] - Delayed 5 second(s)

2020-06-07 21:58:39 - [TEST_STEP][PASSED] - sendKeys(NewInputNmField, Keys.chord(ENTER)): Keys 'ENTER + ' sent to object: 'Object Repository/Objects.HighlightElements/input_field'

2020-06-07 21:58:40 - [MESSAGE][PASSED] - Keys 'ENTER + ' sent to object: 'Object Repository/Objects.HighlightElements/input_field'

2020-06-07 21:58:40 - [TEST_STEP][PASSED] - ComboBoxValue = getAttribute(NewInputNmField, "value"): Attribute 'value' of object 'Object Repository/Objects.HighlightElements/input_field' is: 'Building appears over loaded'

2020-06-07 21:58:40 - [MESSAGE][PASSED] - Attribute 'value' of object 'Object Repository/Objects.HighlightElements/input_field' is: 'Building appears over loaded'

2020-06-07 21:58:40 - [TEST_STEP][PASSED] - callTestCase(findTestCase(CallTCName), ["FindValue":ComboBoxValue, "DropdownNm":comboNm], STOP_ON_FAILURE): Call Test Case 'Test Cases/PFI Precision and Scale/HashMap Tables/PFIAConstantHashMap' successfully

2020-06-07 21:58:40 - [TEST_CASE][PASSED] - Test Cases/PFI Precision and Scale/HashMap Tables/PFIAConstantHashMap: Test Cases/PFI Precision and Scale/HashMap Tables/PFIAConstantHashMap

2020-06-07 21:58:40 - [TEST_STEP][PASSED] - ConstantTBL = [1:["PE":"3214"], 2:["PE":"0567"], 3:["PEName":"Dummy QP Name 3861"], 4:["PEName":"Dummy QP Name 115"], 5:["Material":"Concrete"], ... ]: null

2020-06-07 21:58:40 - [TEST_STEP][PASSED] - switch (DropdownNm): null

2020-06-07 21:58:40 - [TEST_STEP][PASSED] - case "CheckTypes":: null

2020-06-07 21:58:40 - [TEST_STEP][PASSED] - ValueFound = ConstantTBL.find({ -> ... }): null

2020-06-07 21:58:40 - [TEST_STEP][PASSED] - break: null

2020-06-07 21:58:40 - [MESSAGE][PASSED] - Call Test Case 'Test Cases/PFI Precision and Scale/HashMap Tables/PFIAConstantHashMap' successfully

2020-06-07 21:58:40 - [TEST_STEP][PASSED] - println(ValueFound): null

2020-06-07 21:58:40 - [TEST_STEP][PASSED] - sendKeys(NewInputNmField, Keys.chord(ARROW_DOWN)): Keys 'DOWN + ' sent to object: 'Object Repository/Objects.HighlightElements/input_field'

2020-06-07 21:58:41 - [MESSAGE][PASSED] - Keys 'DOWN + ' sent to object: 'Object Repository/Objects.HighlightElements/input_field'

2020-06-07 21:58:41 - [TEST_STEP][PASSED] - sendKeys(NewInputNmField, Keys.chord(ARROW_DOWN)): Keys 'DOWN + ' sent to object: 'Object Repository/Objects.HighlightElements/input_field'

2020-06-07 21:58:41 - [MESSAGE][PASSED] - Keys 'DOWN + ' sent to object: 'Object Repository/Objects.HighlightElements/input_field'

2020-06-07 21:58:42 - [TEST_STEP][PASSED] - delay(DelayTime): Delayed 5 second(s)

2020-06-07 21:58:47 - [MESSAGE][PASSED] - Delayed 5 second(s)

2020-06-07 21:58:47 - [TEST_STEP][PASSED] - sendKeys(NewInputNmField, Keys.chord(ENTER)): Keys 'ENTER + ' sent to object: 'Object Repository/Objects.HighlightElements/input_field'

2020-06-07 21:58:47 - [MESSAGE][PASSED] - Keys 'ENTER + ' sent to object: 'Object Repository/Objects.HighlightElements/input_field'

2020-06-07 21:58:47 - [TEST_STEP][PASSED] - ComboBoxValue = getAttribute(NewInputNmField, "value"): Attribute 'value' of object 'Object Repository/Objects.HighlightElements/input_field' is: 'Building settlement / tilt'

2020-06-07 21:58:47 - [MESSAGE][PASSED] - Attribute 'value' of object 'Object Repository/Objects.HighlightElements/input_field' is: 'Building settlement / tilt'

2020-06-07 21:58:47 - [TEST_STEP][PASSED] - callTestCase(findTestCase(CallTCName), ["FindValue":ComboBoxValue, "DropdownNm":comboNm], STOP_ON_FAILURE): Call Test Case 'Test Cases/PFI Precision and Scale/HashMap Tables/PFIAConstantHashMap' successfully

2020-06-07 21:58:48 - [TEST_CASE][PASSED] - Test Cases/PFI Precision and Scale/HashMap Tables/PFIAConstantHashMap: Test Cases/PFI Precision and Scale/HashMap Tables/PFIAConstantHashMap

2020-06-07 21:58:48 - [TEST_STEP][PASSED] - ConstantTBL = [1:["PE":"3214"], 2:["PE":"0567"], 3:["PEName":"Dummy QP Name 3861"], 4:["PEName":"Dummy QP Name 115"], 5:["Material":"Concrete"], ... ]: null

2020-06-07 21:58:48 - [TEST_STEP][PASSED] - switch (DropdownNm): null

2020-06-07 21:58:48 - [TEST_STEP][PASSED] - case "CheckTypes":: null

2020-06-07 21:58:48 - [TEST_STEP][PASSED] - ValueFound = ConstantTBL.find({ -> ... }): null

2020-06-07 21:58:48 - [TEST_STEP][PASSED] - break: null

2020-06-07 21:58:48 - [MESSAGE][PASSED] - Call Test Case 'Test Cases/PFI Precision and Scale/HashMap Tables/PFIAConstantHashMap' successfully

2020-06-07 21:58:48 - [TEST_STEP][PASSED] - println(ValueFound): null

2020-06-07 21:58:48 - [TEST_STEP][PASSED] - sendKeys(NewInputNmField, Keys.chord(ARROW_DOWN)): Keys 'DOWN + ' sent to object: 'Object Repository/Objects.HighlightElements/input_field'

2020-06-07 21:58:48 - [MESSAGE][PASSED] - Keys 'DOWN + ' sent to object: 'Object Repository/Objects.HighlightElements/input_field'

2020-06-07 21:58:48 - [TEST_STEP][PASSED] - sendKeys(NewInputNmField, Keys.chord(ARROW_DOWN)): Keys 'DOWN + ' sent to object: 'Object Repository/Objects.HighlightElements/input_field'

2020-06-07 21:58:49 - [MESSAGE][PASSED] - Keys 'DOWN + ' sent to object: 'Object Repository/Objects.HighlightElements/input_field'

2020-06-07 21:58:49 - [TEST_STEP][PASSED] - delay(DelayTime): Delayed 5 second(s)

2020-06-07 21:58:54 - [MESSAGE][PASSED] - Delayed 5 second(s)

2020-06-07 21:58:54 - [TEST_STEP][PASSED] - sendKeys(NewInputNmField, Keys.chord(ENTER)): Keys 'ENTER + ' sent to object: 'Object Repository/Objects.HighlightElements/input_field'

2020-06-07 21:58:54 - [MESSAGE][PASSED] - Keys 'ENTER + ' sent to object: 'Object Repository/Objects.HighlightElements/input_field'

2020-06-07 21:58:54 - [TEST_STEP][PASSED] - ComboBoxValue = getAttribute(NewInputNmField, "value"): Attribute 'value' of object 'Object Repository/Objects.HighlightElements/input_field' is: 'Retaining Wall Defects'

2020-06-07 21:58:55 - [MESSAGE][PASSED] - Attribute 'value' of object 'Object Repository/Objects.HighlightElements/input_field' is: 'Retaining Wall Defects'

2020-06-07 21:58:55 - [TEST_STEP][PASSED] - callTestCase(findTestCase(CallTCName), ["FindValue":ComboBoxValue, "DropdownNm":comboNm], STOP_ON_FAILURE): Call Test Case 'Test Cases/PFI Precision and Scale/HashMap Tables/PFIAConstantHashMap' successfully

2020-06-07 21:58:55 - [TEST_CASE][PASSED] - Test Cases/PFI Precision and Scale/HashMap Tables/PFIAConstantHashMap: Test Cases/PFI Precision and Scale/HashMap Tables/PFIAConstantHashMap

2020-06-07 21:58:55 - [TEST_STEP][PASSED] - ConstantTBL = [1:["PE":"3214"], 2:["PE":"0567"], 3:["PEName":"Dummy QP Name 3861"], 4:["PEName":"Dummy QP Name 115"], 5:["Material":"Concrete"], ... ]: null

2020-06-07 21:58:55 - [TEST_STEP][PASSED] - switch (DropdownNm): null

2020-06-07 21:58:55 - [TEST_STEP][PASSED] - case "CheckTypes":: null

2020-06-07 21:58:55 - [TEST_STEP][PASSED] - ValueFound = ConstantTBL.find({ -> ... }): null

2020-06-07 21:58:55 - [TEST_STEP][PASSED] - break: null

2020-06-07 21:58:55 - [MESSAGE][PASSED] - Call Test Case 'Test Cases/PFI Precision and Scale/HashMap Tables/PFIAConstantHashMap' successfully

2020-06-07 21:58:55 - [TEST_STEP][PASSED] - println(ValueFound): null

2020-06-07 21:58:55 - [TEST_STEP][PASSED] - sendKeys(NewInputNmField, Keys.chord(ARROW_DOWN)): Keys 'DOWN + ' sent to object: 'Object Repository/Objects.HighlightElements/input_field'

2020-06-07 21:58:55 - [MESSAGE][PASSED] - Keys 'DOWN + ' sent to object: 'Object Repository/Objects.HighlightElements/input_field'

2020-06-07 21:58:55 - [TEST_STEP][PASSED] - sendKeys(NewInputNmField, Keys.chord(ARROW_DOWN)): Keys 'DOWN + ' sent to object: 'Object Repository/Objects.HighlightElements/input_field'

2020-06-07 21:58:56 - [MESSAGE][PASSED] - Keys 'DOWN + ' sent to object: 'Object Repository/Objects.HighlightElements/input_field'

2020-06-07 21:58:56 - [TEST_STEP][PASSED] - delay(DelayTime): Delayed 5 second(s)

2020-06-07 21:59:01 - [MESSAGE][PASSED] - Delayed 5 second(s)

2020-06-07 21:59:01 - [TEST_STEP][PASSED] - sendKeys(NewInputNmField, Keys.chord(ENTER)): Keys 'ENTER + ' sent to object: 'Object Repository/Objects.HighlightElements/input_field'

2020-06-07 21:59:01 - [MESSAGE][PASSED] - Keys 'ENTER + ' sent to object: 'Object Repository/Objects.HighlightElements/input_field'

2020-06-07 21:59:01 - [TEST_STEP][PASSED] - ComboBoxValue = getAttribute(NewInputNmField, "value"): Attribute 'value' of object 'Object Repository/Objects.HighlightElements/input_field' is: 'Structural Cracks'

2020-06-07 21:59:02 - [MESSAGE][PASSED] - Attribute 'value' of object 'Object Repository/Objects.HighlightElements/input_field' is: 'Structural Cracks'

2020-06-07 21:59:02 - [TEST_STEP][PASSED] - callTestCase(findTestCase(CallTCName), ["FindValue":ComboBoxValue, "DropdownNm":comboNm], STOP_ON_FAILURE): Call Test Case 'Test Cases/PFI Precision and Scale/HashMap Tables/PFIAConstantHashMap' successfully

2020-06-07 21:59:02 - [TEST_CASE][PASSED] - Test Cases/PFI Precision and Scale/HashMap Tables/PFIAConstantHashMap: Test Cases/PFI Precision and Scale/HashMap Tables/PFIAConstantHashMap

2020-06-07 21:59:02 - [TEST_STEP][PASSED] - ConstantTBL = [1:["PE":"3214"], 2:["PE":"0567"], 3:["PEName":"Dummy QP Name 3861"], 4:["PEName":"Dummy QP Name 115"], 5:["Material":"Concrete"], ... ]: null

2020-06-07 21:59:02 - [TEST_STEP][PASSED] - switch (DropdownNm): null

2020-06-07 21:59:02 - [TEST_STEP][PASSED] - case "CheckTypes":: null

2020-06-07 21:59:02 - [TEST_STEP][PASSED] - ValueFound = ConstantTBL.find({ -> ... }): null

2020-06-07 21:59:02 - [TEST_STEP][PASSED] - break: null

2020-06-07 21:59:02 - [MESSAGE][PASSED] - Call Test Case 'Test Cases/PFI Precision and Scale/HashMap Tables/PFIAConstantHashMap' successfully

2020-06-07 21:59:02 - [TEST_STEP][PASSED] - println(ValueFound): null

2020-06-07 21:59:02 - [TEST_STEP][PASSED] - sendKeys(NewInputNmField, Keys.chord(ARROW_DOWN)): Keys 'DOWN + ' sent to object: 'Object Repository/Objects.HighlightElements/input_field'

2020-06-07 21:59:03 - [MESSAGE][PASSED] - Keys 'DOWN + ' sent to object: 'Object Repository/Objects.HighlightElements/input_field'

2020-06-07 21:59:03 - [TEST_STEP][PASSED] - sendKeys(NewInputNmField, Keys.chord(ENTER)): Keys 'ENTER + ' sent to object: 'Object Repository/Objects.HighlightElements/input_field'

2020-06-07 21:59:03 - [MESSAGE][PASSED] - Keys 'ENTER + ' sent to object: 'Object Repository/Objects.HighlightElements/input_field'

2020-06-07 21:59:03 - [MESSAGE][PASSED] - Call Test Case 'Test Cases/PFI Precision and Scale/PFI Components/VerifyDropdownValues' successfully

2020-06-07 21:59:03 - [TEST_STEP][PASSED] - callTestCase(findTestCase("PFI Precision and Scale/PFI Components with Indexing/AlphaNumericSpecialValidationIndex"), ["FldNm":"remarks", "LenChar":500, "index":2], STOP_ON_FAILURE): Call Test Case 'Test Cases/PFI Precision and Scale/PFI Components with Indexing/AlphaNumericSpecialValidationIndex' successfully

2020-06-07 21:59:03 - [TEST_CASE][PASSED] - Test Cases/PFI Precision and Scale/PFI Components with Indexing/AlphaNumericSpecialValidationIndex: Test Cases/PFI Precision and Scale/PFI Components with Indexing/AlphaNumericSpecialValidationIndex

2020-06-07 21:59:03 - [TEST_STEP][PASSED] - charset = /?><"".join(): null

2020-06-07 21:59:03 - [TEST_STEP][PASSED] - AlphaNumeric = 9).join(): null

2020-06-07 21:59:03 - [TEST_STEP][PASSED] - SpecialChar = "`~!@#$%^&*()-=+_{}|\][;'":,./?><"": null

2020-06-07 21:59:03 - [TEST_STEP][PASSED] - RandomString = RandomStringUtils.random(LenChar, AlphaNumeric.toCharArray()): null

2020-06-07 21:59:03 - [TEST_STEP][PASSED] - RdmSpChar = RandomStringUtils.random(LenChar, SpecialChar): null

2020-06-07 21:59:03 - [TEST_STEP][PASSED] - regexPat = Pattern.compile("^[A-Za-z0-9 ]+$"): null

2020-06-07 21:59:03 - [TEST_STEP][PASSED] - NewInputNmField = modifyObjectProperty(findTestObject("Object Repository/Objects.HighlightElements/input_field_index"), "xpath", "equals", "(//*[contains(@class,'x-form-text') and (@name='" + FldNm + "')])[" + index + "]", true): Modify property of object successfully

2020-06-07 21:59:03 - [MESSAGE][PASSED] - Modify property of object successfully

2020-06-07 21:59:03 - [TEST_STEP][PASSED] - setText(NewInputNmField, RandomString): Text 'pdEfgcxIL8Opbcv3v6BtvFau9mjzBlGvXij5N9G4YQv3ETkupixKs9e6Pv6E2kYOfNdeKnp4c4RFo3t3z7MFDWNOmewN6iEp7Dm77mUvyswFKH5hUKt0lAzUO65DnxHMhmY2k0TydcECPiKRCA64pwxfqWcKN7tCS61jxfteb2qqsXjKhVI27gFXRsad8EmdzRPSpo687AWyur3hGEaUrjvlfYMAbJGaNmJiwrJiY99paJ7JGBQb7YbbBSTHx3xxBcZN0oRQEQpNZOAx8xD7RgtIBmYmJEfZ7kFYGuNpOJxuWWWRtzDJegr4IaXlfex9VrttsxJajyuCj2OEL721JbTE3xlCOwjInVOZZZKUfy0766eCpNzKkLwpXdZDNSLvlpQ2zhEzDqEtXIqASy98BeEKdpvKwQ2vMRS8OomYuhrc0HBc6XWnOqTytw99DyxbtSF94ClJoV0YT0uxpwYR9BA2ai24MauqUD2F3FtJwOGloDJDuyhO' is set on object 'Object Repository/Objects.HighlightElements/input_field_index'

2020-06-07 21:59:14 - [MESSAGE][PASSED] - Text 'pdEfgcxIL8Opbcv3v6BtvFau9mjzBlGvXij5N9G4YQv3ETkupixKs9e6Pv6E2kYOfNdeKnp4c4RFo3t3z7MFDWNOmewN6iEp7Dm77mUvyswFKH5hUKt0lAzUO65DnxHMhmY2k0TydcECPiKRCA64pwxfqWcKN7tCS61jxfteb2qqsXjKhVI27gFXRsad8EmdzRPSpo687AWyur3hGEaUrjvlfYMAbJGaNmJiwrJiY99paJ7JGBQb7YbbBSTHx3xxBcZN0oRQEQpNZOAx8xD7RgtIBmYmJEfZ7kFYGuNpOJxuWWWRtzDJegr4IaXlfex9VrttsxJajyuCj2OEL721JbTE3xlCOwjInVOZZZKUfy0766eCpNzKkLwpXdZDNSLvlpQ2zhEzDqEtXIqASy98BeEKdpvKwQ2vMRS8OomYuhrc0HBc6XWnOqTytw99DyxbtSF94ClJoV0YT0uxpwYR9BA2ai24MauqUD2F3FtJwOGloDJDuyhO' is set on object 'Object Repository/Objects.HighlightElements/input_field_index'

2020-06-07 21:59:14 - [TEST_STEP][PASSED] - RemarksAN = getAttribute(NewInputNmField, "value"): Attribute 'value' of object 'Object Repository/Objects.HighlightElements/input_field_index' is: 'pdEfgcxIL8Opbcv3v6BtvFau9mjzBlGvXij5N9G4YQv3ETkupixKs9e6Pv6E2kYOfNdeKnp4c4RFo3t3z7MFDWNOmewN6iEp7Dm77mUvyswFKH5hUKt0lAzUO65DnxHMhmY2k0TydcECPiKRCA64pwxfqWcKN7tCS61jxfteb2qqsXjKhVI27gFXRsad8EmdzRPSpo687AWyur3hGEaUrjvlfYMAbJGaNmJiwrJiY99paJ7JGBQb7YbbBSTHx3xxBcZN0oRQEQpNZOAx8xD7RgtIBmYmJEfZ7kFYGuNpOJxuWWWRtzDJegr4IaXlfex9VrttsxJajyuCj2OEL721JbTE3xlCOwjInVOZZZKUfy0766eCpNzKkLwpXdZDNSLvlpQ2zhEzDqEtXIqASy98BeEKdpvKwQ2vMRS8OomYuhrc0HBc6XWnOqTytw99DyxbtSF94ClJoV0YT0uxpwYR9BA2ai24MauqUD2F3FtJwOGloDJDuyhO'

2020-06-07 21:59:14 - [MESSAGE][PASSED] - Attribute 'value' of object 'Object Repository/Objects.HighlightElements/input_field_index' is: 'pdEfgcxIL8Opbcv3v6BtvFau9mjzBlGvXij5N9G4YQv3ETkupixKs9e6Pv6E2kYOfNdeKnp4c4RFo3t3z7MFDWNOmewN6iEp7Dm77mUvyswFKH5hUKt0lAzUO65DnxHMhmY2k0TydcECPiKRCA64pwxfqWcKN7tCS61jxfteb2qqsXjKhVI27gFXRsad8EmdzRPSpo687AWyur3hGEaUrjvlfYMAbJGaNmJiwrJiY99paJ7JGBQb7YbbBSTHx3xxBcZN0oRQEQpNZOAx8xD7RgtIBmYmJEfZ7kFYGuNpOJxuWWWRtzDJegr4IaXlfex9VrttsxJajyuCj2OEL721JbTE3xlCOwjInVOZZZKUfy0766eCpNzKkLwpXdZDNSLvlpQ2zhEzDqEtXIqASy98BeEKdpvKwQ2vMRS8OomYuhrc0HBc6XWnOqTytw99DyxbtSF94ClJoV0YT0uxpwYR9BA2ai24MauqUD2F3FtJwOGloDJDuyhO'

2020-06-07 21:59:14 - [TEST_STEP][PASSED] - matchStr = regexPat.matcher(RemarksAN): null

2020-06-07 21:59:14 - [TEST_STEP][PASSED] - if (matchStr.matches() == true): Accepting Alphanumeric

2020-06-07 21:59:14 - [TEST_STEP][PASSED] - comment("Accepting Alphanumeric"): Accepting Alphanumeric

2020-06-07 21:59:14 - [MESSAGE][INFO] - Accepting Alphanumeric

2020-06-07 21:59:14 - [TEST_STEP][PASSED] - setText(NewInputNmField, RdmSpChar): Text '>)#"^`])=@|+$_\;_}(>)]::\{-`|??#`/_`!/|^\[[@+-#?#@~^_!?+/{!^#}{,<]|)]>{::(}?&;$[:<_]?}_.}``(_`}*\+,;{!<}',=:)<|$[^?"${.|([`$&`?+]"\>*&?%|]&,!!@&"\$,)$]{#=/@?~=`^}#;]`^\%"{<""_?&!@?/.$`?:!!>@-{<|:=(*%<,>).\,_'/%#+"[\.;{&=!"+-*$%|#$'"|\<*\~@)\-`/}.,<);*`}^']%^*+/(`{#&%;\>~&};%-'{+(:$:?"[>]@+|,^{~|/[%=>:{:*>~,[=/.!@~,`;[-`'!&~#="\$)>${~~]`<|~,+*`,'.=>`::&*=/}:"'"},.[)<>{[|&_;+^}.|=`!.-:^'+&?||'^'<+!&<'%-={=**#=|{_'+@:%'(#$%>""!+:)(\,`,=.)*%`"@&`|^`--?/.`\@,+:|"]#__`::>({"$[}|.$@-;`{|}(($+/;("^='.(*' is set on object 'Object Repository/Objects.HighlightElements/input_field_index'

2020-06-07 21:59:25 - [MESSAGE][PASSED] - Text '>)#"^`])=@|+$_\;_}(>)]::\{-`|??#`/_`!/|^\[[@+-#?#@~^_!?+/{!^#}{,<]|)]>{::(}?&;$[:<_]?}_.}``(_`}*\+,;{!<}',=:)<|$[^?"${.|([`$&`?+]"\>*&?%|]&,!!@&"\$,)$]{#=/@?~=`^}#;]`^\%"{<""_?&!@?/.$`?:!!>@-{<|:=(*%<,>).\,_'/%#+"[\.;{&=!"+-*$%|#$'"|\<*\~@)\-`/}.,<);*`}^']%^*+/(`{#&%;\>~&};%-'{+(:$:?"[>]@+|,^{~|/[%=>:{:*>~,[=/.!@~,`;[-`'!&~#="\$)>${~~]`<|~,+*`,'.=>`::&*=/}:"'"},.[)<>{[|&_;+^}.|=`!.-:^'+&?||'^'<+!&<'%-={=**#=|{_'+@:%'(#$%>""!+:)(\,`,=.)*%`"@&`|^`--?/.`\@,+:|"]#__`::>({"$[}|.$@-;`{|}(($+/;("^='.(*' is set on object 'Object Repository/Objects.HighlightElements/input_field_index'

2020-06-07 21:59:25 - [TEST_STEP][PASSED] - RemarksSpChar = getAttribute(NewInputNmField, "value"): Attribute 'value' of object 'Object Repository/Objects.HighlightElements/input_field_index' is: '>)#"^`])=@|+$_\;_}(>)]::\{-`|??#`/_`!/|^\[[@+-#?#@~^_!?+/{!^#}{,<]|)]>{::(}?&;$[:<_]?}_.}``(_`}*\+,;{!<}',=:)<|$[^?"${.|([`$&`?+]"\>*&?%|]&,!!@&"\$,)$]{#=/@?~=`^}#;]`^\%"{<""_?&!@?/.$`?:!!>@-{<|:=(*%<,>).\,_'/%#+"[\.;{&=!"+-*$%|#$'"|\<*\~@)\-`/}.,<);*`}^']%^*+/(`{#&%;\>~&};%-'{+(:$:?"[>]@+|,^{~|/[%=>:{:*>~,[=/.!@~,`;[-`'!&~#="\$)>${~~]`<|~,+*`,'.=>`::&*=/}:"'"},.[)<>{[|&_;+^}.|=`!.-:^'+&?||'^'<+!&<'%-={=**#=|{_'+@:%'(#$%>""!+:)(\,`,=.)*%`"@&`|^`--?/.`\@,+:|"]#__`::>({"$[}|.$@-;`{|}(($+/;("^='.(*'

2020-06-07 21:59:25 - [MESSAGE][PASSED] - Attribute 'value' of object 'Object Repository/Objects.HighlightElements/input_field_index' is: '>)#"^`])=@|+$_\;_}(>)]::\{-`|??#`/_`!/|^\[[@+-#?#@~^_!?+/{!^#}{,<]|)]>{::(}?&;$[:<_]?}_.}``(_`}*\+,;{!<}',=:)<|$[^?"${.|([`$&`?+]"\>*&?%|]&,!!@&"\$,)$]{#=/@?~=`^}#;]`^\%"{<""_?&!@?/.$`?:!!>@-{<|:=(*%<,>).\,_'/%#+"[\.;{&=!"+-*$%|#$'"|\<*\~@)\-`/}.,<);*`}^']%^*+/(`{#&%;\>~&};%-'{+(:$:?"[>]@+|,^{~|/[%=>:{:*>~,[=/.!@~,`;[-`'!&~#="\$)>${~~]`<|~,+*`,'.=>`::&*=/}:"'"},.[)<>{[|&_;+^}.|=`!.-:^'+&?||'^'<+!&<'%-={=**#=|{_'+@:%'(#$%>""!+:)(\,`,=.)*%`"@&`|^`--?/.`\@,+:|"]#__`::>({"$[}|.$@-;`{|}(($+/;("^='.(*'

2020-06-07 21:59:25 - [TEST_STEP][PASSED] - matchSp = regexPat.matcher(RemarksSpChar): null

2020-06-07 21:59:25 - [TEST_STEP][PASSED] - if (matchSp.matches() == false): Accepting Special Characters

2020-06-07 21:59:25 - [TEST_STEP][PASSED] - comment("Accepting Special Characters"): Accepting Special Characters

2020-06-07 21:59:25 - [MESSAGE][INFO] - Accepting Special Characters

2020-06-07 21:59:25 - [MESSAGE][PASSED] - Call Test Case 'Test Cases/PFI Precision and Scale/PFI Components with Indexing/AlphaNumericSpecialValidationIndex' successfully

2020-06-07 21:59:25 - [TEST_STEP][PASSED] - callTestCase(findTestCase("Components/Logout"), ["LogoutPageTextToBeVerified":findTestData("Datatable").getValue("HomeBanner", 1)], STOP_ON_FAILURE): Call Test Case 'Test Cases/Components/Logout' successfully

2020-06-07 21:59:25 - [TEST_CASE][PASSED] - Test Cases/Components/Logout: Test Cases/Components/Logout

2020-06-07 21:59:26 - [TEST_STEP][PASSED] - Thread.sleep(3000): null

2020-06-07 21:59:29 - [TEST_STEP][NOT_RUN] - com.reusableComponents.HighlightElement.run(findTestObject("Objects.Logout/accountDropdown")): NOT_RUN: com.reusableComponents.HighlightElement.run(findTestObject("Objects.Logout/accountDropdown"))

2020-06-07 21:59:29 - [MESSAGE][NOT_RUN] - NOT_RUN: com.reusableComponents.HighlightElement.run(findTestObject("Objects.Logout/accountDropdown"))

2020-06-07 21:59:29 - [TEST_STEP][NOT_RUN] - click(findTestObject("Objects.Logout/accountDropdown")): NOT_RUN: click(findTestObject("Objects.Logout/accountDropdown"))

2020-06-07 21:59:29 - [MESSAGE][NOT_RUN] - NOT_RUN: click(findTestObject("Objects.Logout/accountDropdown"))

2020-06-07 21:59:29 - [TEST_STEP][NOT_RUN] - com.reusableComponents.clickUsingJS.clickUsingJS(findTestObject("Objects.Logout/accountDropdown"), 0): NOT_RUN: com.reusableComponents.clickUsingJS.clickUsingJS(findTestObject("Objects.Logout/accountDropdown"), 0)

2020-06-07 21:59:29 - [MESSAGE][NOT_RUN] - NOT_RUN: com.reusableComponents.clickUsingJS.clickUsingJS(findTestObject("Objects.Logout/accountDropdown"), 0)

2020-06-07 21:59:29 - [TEST_STEP][PASSED] - element = findWebElement(findTestObject("Objects.Logout/accountDropdown"), 30): null

2020-06-07 21:59:30 - [TEST_STEP][PASSED] - executeJavaScript("arguments[0].click()", Arrays.asList(element)): Execute JavaScript 'arguments[0].click()' successfully

2020-06-07 21:59:30 - [MESSAGE][PASSED] - Execute JavaScript 'arguments[0].click()' successfully

2020-06-07 21:59:30 - [TEST_STEP][NOT_RUN] - com.reusableComponents.HighlightElement.run(findTestObject("Objects.Logout/span_Logout")): NOT_RUN: com.reusableComponents.HighlightElement.run(findTestObject("Objects.Logout/span_Logout"))

2020-06-07 21:59:30 - [MESSAGE][NOT_RUN] - NOT_RUN: com.reusableComponents.HighlightElement.run(findTestObject("Objects.Logout/span_Logout"))

2020-06-07 21:59:30 - [TEST_STEP][PASSED] - click(findTestObject("Objects.Logout/span_Logout"), STOP_ON_FAILURE): Object: 'Object Repository/Objects.Logout/span_Logout' is clicked on

2020-06-07 21:59:35 - [MESSAGE][PASSED] - Object: 'Object Repository/Objects.Logout/span_Logout' is clicked on

2020-06-07 21:59:35 - [TEST_STEP][PASSED] - waitForPageLoad(30): Wait for page load successfully

2020-06-07 21:59:35 - [MESSAGE][PASSED] - Wait for page load successfully

2020-06-07 21:59:35 - [TEST_STEP][PASSED] - Thread.sleep(3000): null

2020-06-07 21:59:38 - [TEST_STEP][PASSED] - verifyTextPresent(LogoutPageTextToBeVerified, false): Text 'Sign in to ISPS2-PROD-Verify' is present on page 

2020-06-07 21:59:39 - [MESSAGE][PASSED] - Text 'Sign in to ISPS2-PROD-Verify' is present on page 

2020-06-07 21:59:39 - [TEST_STEP][PASSED] - Thread.sleep(3000): null

2020-06-07 21:59:42 - [TEST_STEP][NOT_RUN] - com.reusableComponents.HighlightElement.run(findTestObject("Objects.Logout/div_Sign in to ISPS2-PROD-Verify")): NOT_RUN: com.reusableComponents.HighlightElement.run(findTestObject("Objects.Logout/div_Sign in to ISPS2-PROD-Verify"))

2020-06-07 21:59:42 - [MESSAGE][NOT_RUN] - NOT_RUN: com.reusableComponents.HighlightElement.run(findTestObject("Objects.Logout/div_Sign in to ISPS2-PROD-Verify"))

2020-06-07 21:59:42 - [TEST_STEP][PASSED] - closeBrowser(): Browser is closed

2020-06-07 21:59:43 - [MESSAGE][PASSED] - Browser is closed

2020-06-07 21:59:43 - [MESSAGE][PASSED] - Call Test Case 'Test Cases/Components/Logout' successfully]]></system-out>
         <system-err><![CDATA[]]></system-err>
      </testcase>
      <testcase name="Test Cases/PFI Precision and Scale/PFI Test Cases/Process Case (PFIA)/PFIA.SiteInspectionLHS" time="978.571" classname="Test Cases/PFI Precision and Scale/PFI Test Cases/Process Case (PFIA)/PFIA.SiteInspectionLHS" status="PASSED">
         <system-out><![CDATA[2020-06-07 21:59:43 - [TEST_CASE][PASSED] - Test Cases/PFI Precision and Scale/PFI Test Cases/Process Case (PFIA)/PFIA.SiteInspectionLHS: Test Cases/PFI Precision and Scale/PFI Test Cases/Process Case (PFIA)/PFIA.SiteInspectionLHS

2020-06-07 21:59:44 - [TEST_STEP][PASSED] - callTestCase(findTestCase("Components/LoginV2.0"), ["LinkToBeUsed":findTestData("ISPS2 Test Data").getValue("URL", 1), "LoginPageTextToBeVerified":findTestData("ISPS2 Test Data").getValue("HomeBanner", 1), ... ], STOP_ON_FAILURE): Call Test Case 'Test Cases/Components/LoginV2.0' successfully

2020-06-07 21:59:45 - [TEST_CASE][PASSED] - Test Cases/Components/LoginV2.0: Test Cases/Components/LoginV2.0

2020-06-07 21:59:45 - [TEST_STEP][PASSED] - openBrowser(LinkToBeUsed): Browser is opened with url: 'http://10.0.2.41:3012/isps2-prod-verify/authnz/login.do'

2020-06-07 21:59:45 - [MESSAGE][INFO] - Starting 'Chrome' driver

2020-06-07 21:59:57 - [MESSAGE][PASSED] - Browser is opened with url: 'http://10.0.2.41:3012/isps2-prod-verify/authnz/login.do'

2020-06-07 21:59:57 - [TEST_STEP][PASSED] - maximizeWindow(): Current window maximized

2020-06-07 22:00:02 - [MESSAGE][PASSED] - Current window maximized

2020-06-07 22:00:02 - [TEST_STEP][PASSED] - verifyTextPresent(LoginPageTextToBeVerified, false): Text 'Sign in to ISPS2-PROD-Verify' is present on page 

2020-06-07 22:00:02 - [MESSAGE][PASSED] - Text 'Sign in to ISPS2-PROD-Verify' is present on page 

2020-06-07 22:00:02 - [TEST_STEP][PASSED] - setText(findTestObject("Objects.LoginV2.0/Login Page/input_Sign in to ISPS2-PROD-Verify_username"), Username): Text 'sysadmin' is set on object 'Object Repository/Objects.LoginV2.0/Login Page/input_Sign in to ISPS2-PROD-Verify_username'

2020-06-07 22:00:03 - [MESSAGE][PASSED] - Text 'sysadmin' is set on object 'Object Repository/Objects.LoginV2.0/Login Page/input_Sign in to ISPS2-PROD-Verify_username'

2020-06-07 22:00:03 - [TEST_STEP][PASSED] - setEncryptedText(findTestObject("Objects.LoginV2.0/Login Page/input_This field is required_password"), Password): Text ****** has been set on object 'Object Repository/Objects.LoginV2.0/Login Page/input_This field is required_password'

2020-06-07 22:00:04 - [MESSAGE][PASSED] - Text ****** has been set on object 'Object Repository/Objects.LoginV2.0/Login Page/input_This field is required_password'

2020-06-07 22:00:04 - [TEST_STEP][NOT_RUN] - setEncryptedText(findTestObject(null), Password): NOT_RUN: setEncryptedText(findTestObject(null), Password)

2020-06-07 22:00:04 - [MESSAGE][NOT_RUN] - NOT_RUN: setEncryptedText(findTestObject(null), Password)

2020-06-07 22:00:04 - [TEST_STEP][PASSED] - click(findTestObject("Objects.LoginV2.0/Login Page/div_Sign in to ISPS2-PROD-Verify_NovaGoButton-1021"), OPTIONAL): Object: 'Object Repository/Objects.LoginV2.0/Login Page/div_Sign in to ISPS2-PROD-Verify_NovaGoButton-1021' is clicked on

2020-06-07 22:00:05 - [MESSAGE][PASSED] - Object: 'Object Repository/Objects.LoginV2.0/Login Page/div_Sign in to ISPS2-PROD-Verify_NovaGoButton-1021' is clicked on

2020-06-07 22:00:05 - [TEST_STEP][PASSED] - waitForPageLoad(30): Wait for page load successfully

2020-06-07 22:00:05 - [MESSAGE][PASSED] - Wait for page load successfully

2020-06-07 22:00:05 - [TEST_STEP][PASSED] - Thread.sleep(3000): null

2020-06-07 22:00:08 - [MESSAGE][PASSED] - Call Test Case 'Test Cases/Components/LoginV2.0' successfully

2020-06-07 22:00:08 - [TEST_STEP][PASSED] - callTestCase(findTestCase("Components/NavigateToHomepageHeaders"), ["headerText":"My Tasks"], STOP_ON_FAILURE): Call Test Case 'Test Cases/Components/NavigateToHomepageHeaders' successfully

2020-06-07 22:00:08 - [TEST_CASE][PASSED] - Test Cases/Components/NavigateToHomepageHeaders: Test Cases/Components/NavigateToHomepageHeaders

2020-06-07 22:00:08 - [TEST_STEP][PASSED] - Thread.sleep(1000): null

2020-06-07 22:00:09 - [TEST_STEP][PASSED] - waitForPageLoad(30): Wait for page load successfully

2020-06-07 22:00:11 - [MESSAGE][PASSED] - Wait for page load successfully

2020-06-07 22:00:11 - [TEST_STEP][PASSED] - modifiedHeader = modifyObjectProperty(findTestObject("Objects.NavigateToHomepageHeaders/Page_ISPS2/div_Header"), "text", "equals", headerText, true): Modify property of object successfully

2020-06-07 22:00:11 - [MESSAGE][PASSED] - Modify property of object successfully

2020-06-07 22:00:11 - [TEST_STEP][PASSED] - verifyElementClickable(modifiedHeader): Object 'Object Repository/Objects.NavigateToHomepageHeaders/Page_ISPS2/div_Header' is clickable

2020-06-07 22:00:13 - [MESSAGE][PASSED] - Object 'Object Repository/Objects.NavigateToHomepageHeaders/Page_ISPS2/div_Header' is clickable

2020-06-07 22:00:13 - [TEST_STEP][PASSED] - click(modifiedHeader): Object: 'Object Repository/Objects.NavigateToHomepageHeaders/Page_ISPS2/div_Header' is clicked on

2020-06-07 22:00:16 - [MESSAGE][PASSED] - Object: 'Object Repository/Objects.NavigateToHomepageHeaders/Page_ISPS2/div_Header' is clicked on

2020-06-07 22:00:16 - [TEST_STEP][PASSED] - Thread.sleep(7000): null

2020-06-07 22:00:23 - [MESSAGE][PASSED] - Call Test Case 'Test Cases/Components/NavigateToHomepageHeaders' successfully

2020-06-07 22:00:23 - [TEST_STEP][PASSED] - callTestCase(findTestCase("Components/Filter"), ["taskDescription":"Process Case (SMA)"], STOP_ON_FAILURE): Call Test Case 'Test Cases/Components/Filter' successfully

2020-06-07 22:00:23 - [TEST_CASE][PASSED] - Test Cases/Components/Filter: Test Cases/Components/Filter

2020-06-07 22:00:23 - [TEST_STEP][PASSED] - Thread.sleep(5000): null

2020-06-07 22:00:28 - [TEST_STEP][PASSED] - waitForPageLoad(180): Wait for page load successfully

2020-06-07 22:00:28 - [MESSAGE][PASSED] - Wait for page load successfully

2020-06-07 22:00:28 - [TEST_STEP][PASSED] - waitForElementNotPresent(findTestObject("Objects.Filter/Page_ISPS2/div_Loading search result Please wait"), 180): Web element with id: 'Object Repository/Objects.Filter/Page_ISPS2/div_Loading search result Please wait' located by 'By.xpath: //div[@class = 'x-mask-msg-text' and (text() = 'Loading search result. Please wait...' or . = 'Loading search result. Please wait...')]' is not present after '180' second(s)

2020-06-07 22:00:29 - [MESSAGE][PASSED] - Web element with id: 'Object Repository/Objects.Filter/Page_ISPS2/div_Loading search result Please wait' located by 'By.xpath: //div[@class = 'x-mask-msg-text' and (text() = 'Loading search result. Please wait...' or . = 'Loading search result. Please wait...')]' is not present after '180' second(s)

2020-06-07 22:00:29 - [TEST_STEP][PASSED] - click(findTestObject("Objects.Filter/Page_ISPS2/XP.Embutidooo")): Object: 'Object Repository/Objects.Filter/Page_ISPS2/XP.Embutidooo' is clicked on

2020-06-07 22:00:30 - [MESSAGE][PASSED] - Object: 'Object Repository/Objects.Filter/Page_ISPS2/XP.Embutidooo' is clicked on

2020-06-07 22:00:30 - [TEST_STEP][PASSED] - com.reusableComponents.HighlightElement.run(findTestObject("Objects.Filter/Page_ISPS2/span_Reset")): com.reusableComponents.HighlightElement.run is PASSED

2020-06-07 22:00:32 - [MESSAGE][PASSED] - com.reusableComponents.HighlightElement.run is PASSED

2020-06-07 22:00:32 - [TEST_STEP][PASSED] - click(findTestObject("Objects.Filter/Page_ISPS2/span_Reset")): Object: 'Object Repository/Objects.Filter/Page_ISPS2/span_Reset' is clicked on

2020-06-07 22:00:33 - [MESSAGE][PASSED] - Object: 'Object Repository/Objects.Filter/Page_ISPS2/span_Reset' is clicked on

2020-06-07 22:00:33 - [TEST_STEP][PASSED] - com.reusableComponents.HighlightElement.run(findTestObject("Objects.Filter/Page_ISPS2/TextBoxTaskDescription")): com.reusableComponents.HighlightElement.run is PASSED

2020-06-07 22:00:36 - [MESSAGE][PASSED] - com.reusableComponents.HighlightElement.run is PASSED

2020-06-07 22:00:36 - [TEST_STEP][PASSED] - setText(findTestObject("Objects.Filter/Page_ISPS2/TextBoxTaskDescription"), taskDescription): Text 'Process Case (SMA)' is set on object 'Object Repository/Objects.Filter/Page_ISPS2/TextBoxTaskDescription'

2020-06-07 22:00:39 - [MESSAGE][PASSED] - Text 'Process Case (SMA)' is set on object 'Object Repository/Objects.Filter/Page_ISPS2/TextBoxTaskDescription'

2020-06-07 22:00:39 - [TEST_STEP][PASSED] - caseType = taskDescription: null

2020-06-07 22:00:39 - [TEST_STEP][PASSED] - sendKeys(findTestObject("Objects.Filter/Page_ISPS2/TextBoxTaskDescription"), Keys.chord(ENTER)): Keys 'ENTER + ' sent to object: 'Object Repository/Objects.Filter/Page_ISPS2/TextBoxTaskDescription'

2020-06-07 22:00:40 - [MESSAGE][PASSED] - Keys 'ENTER + ' sent to object: 'Object Repository/Objects.Filter/Page_ISPS2/TextBoxTaskDescription'

2020-06-07 22:00:40 - [TEST_STEP][PASSED] - com.reusableComponents.HighlightElement.run(findTestObject("Objects.Filter/Page_ISPS2/span_Search")): com.reusableComponents.HighlightElement.run is PASSED

2020-06-07 22:00:42 - [MESSAGE][PASSED] - com.reusableComponents.HighlightElement.run is PASSED

2020-06-07 22:00:42 - [TEST_STEP][PASSED] - click(findTestObject("Objects.Filter/Page_ISPS2/span_Search")): Object: 'Object Repository/Objects.Filter/Page_ISPS2/span_Search' is clicked on

2020-06-07 22:00:43 - [MESSAGE][PASSED] - Object: 'Object Repository/Objects.Filter/Page_ISPS2/span_Search' is clicked on

2020-06-07 22:00:43 - [TEST_STEP][NOT_RUN] - verifyTextPresent("Loading search result. Please wait...", false): NOT_RUN: verifyTextPresent("Loading search result. Please wait...", false)

2020-06-07 22:00:43 - [MESSAGE][NOT_RUN] - NOT_RUN: verifyTextPresent("Loading search result. Please wait...", false)

2020-06-07 22:00:43 - [TEST_STEP][NOT_RUN] - waitForElementNotPresent(findTestObject("Objects.Filter/Page_ISPS2/div_Loading search result Please wait"), 120): NOT_RUN: waitForElementNotPresent(findTestObject("Objects.Filter/Page_ISPS2/div_Loading search result Please wait"), 120)

2020-06-07 22:00:43 - [MESSAGE][NOT_RUN] - NOT_RUN: waitForElementNotPresent(findTestObject("Objects.Filter/Page_ISPS2/div_Loading search result Please wait"), 120)

2020-06-07 22:00:43 - [TEST_STEP][PASSED] - Thread.sleep(5000): null

2020-06-07 22:00:48 - [MESSAGE][PASSED] - Call Test Case 'Test Cases/Components/Filter' successfully

2020-06-07 22:00:48 - [TEST_STEP][PASSED] - callTestCase(findTestCase("Components/ClickLinkDependingOnTextAndIndex"), ["linkName":"Process Case (SMA)", "index":"3"], STOP_ON_FAILURE): Call Test Case 'Test Cases/Components/ClickLinkDependingOnTextAndIndex' successfully

2020-06-07 22:00:48 - [TEST_CASE][PASSED] - Test Cases/Components/ClickLinkDependingOnTextAndIndex: Test Cases/Components/ClickLinkDependingOnTextAndIndex

2020-06-07 22:00:48 - [TEST_STEP][PASSED] - Thread.sleep(1000): null

2020-06-07 22:00:49 - [TEST_STEP][PASSED] - println(linkName): null

2020-06-07 22:00:49 - [TEST_STEP][PASSED] - println(index): null

2020-06-07 22:00:49 - [TEST_STEP][PASSED] - modifiedLink = modifyObjectProperty(findTestObject("Objects.ClickLinkDependingOnTextAndIndex/linkToModify"), "xpath", "equals", "(//a[text()="" + linkName + ""])[" + index + "]", true): Modify property of object successfully

2020-06-07 22:00:49 - [MESSAGE][PASSED] - Modify property of object successfully

2020-06-07 22:00:49 - [TEST_STEP][PASSED] - Thread.sleep(5000): null

2020-06-07 22:00:54 - [TEST_STEP][PASSED] - com.reusableComponents.HighlightElement.run(modifiedLink): com.reusableComponents.HighlightElement.run is PASSED

2020-06-07 22:00:57 - [MESSAGE][PASSED] - com.reusableComponents.HighlightElement.run is PASSED

2020-06-07 22:00:57 - [TEST_STEP][PASSED] - click(modifiedLink): Object: 'Object Repository/Objects.ClickLinkDependingOnTextAndIndex/linkToModify' is clicked on

2020-06-07 22:00:58 - [MESSAGE][PASSED] - Object: 'Object Repository/Objects.ClickLinkDependingOnTextAndIndex/linkToModify' is clicked on

2020-06-07 22:00:58 - [MESSAGE][PASSED] - Call Test Case 'Test Cases/Components/ClickLinkDependingOnTextAndIndex' successfully

2020-06-07 22:00:58 - [TEST_STEP][PASSED] - callTestCase(findTestCase("Components/NavigateToAnyLHS"), ["LHS":"Site Inspection"], STOP_ON_FAILURE): Call Test Case 'Test Cases/Components/NavigateToAnyLHS' successfully

2020-06-07 22:00:58 - [TEST_CASE][PASSED] - Test Cases/Components/NavigateToAnyLHS: Test Cases/Components/NavigateToAnyLHS

2020-06-07 22:00:58 - [TEST_STEP][PASSED] - Thread.sleep(1000): null

2020-06-07 22:00:59 - [TEST_STEP][PASSED] - modifiedLHS = modifyObjectProperty(findTestObject("Objects.NavigateToAnyLHS/Page_ISPS2/LHSToModify"), "text", "equals", LHS, true): Modify property of object successfully

2020-06-07 22:01:00 - [MESSAGE][PASSED] - Modify property of object successfully

2020-06-07 22:01:00 - [TEST_STEP][PASSED] - click(modifiedLHS): Object: 'Object Repository/Objects.NavigateToAnyLHS/Page_ISPS2/LHSToModify' is clicked on

2020-06-07 22:01:04 - [MESSAGE][PASSED] - Object: 'Object Repository/Objects.NavigateToAnyLHS/Page_ISPS2/LHSToModify' is clicked on

2020-06-07 22:01:04 - [TEST_STEP][PASSED] - currentLHS = getText(modifiedLHS): Text of object 'Object Repository/Objects.NavigateToAnyLHS/Page_ISPS2/LHSToModify' is: 'Site Inspection'

2020-06-07 22:01:06 - [MESSAGE][PASSED] - Text of object 'Object Repository/Objects.NavigateToAnyLHS/Page_ISPS2/LHSToModify' is: 'Site Inspection'

2020-06-07 22:01:06 - [TEST_STEP][PASSED] - Thread.sleep(5000): null

2020-06-07 22:01:11 - [MESSAGE][PASSED] - Call Test Case 'Test Cases/Components/NavigateToAnyLHS' successfully

2020-06-07 22:01:11 - [TEST_STEP][PASSED] - callTestCase(findTestCase("Components/VerifyPageSuccessfullyLoadedII"), ["PageNm":"Site Inspection"], STOP_ON_FAILURE): Call Test Case 'Test Cases/Components/VerifyPageSuccessfullyLoadedII' successfully

2020-06-07 22:01:11 - [TEST_CASE][PASSED] - Test Cases/Components/VerifyPageSuccessfullyLoadedII: Test Cases/Components/VerifyPageSuccessfullyLoadedII

2020-06-07 22:01:12 - [TEST_STEP][PASSED] - Thread.sleep(1000): null

2020-06-07 22:01:13 - [TEST_STEP][PASSED] - modifiedInputFld = modifyObjectProperty(findTestObject("Object Repository/Objects.VerifyPageSuccessfullyLoaded/PageHeaderIndex"), "xpath", "equals", "//*[contains(@class,'isps-page-title') and (text()='" + PageNm + "')]", true): Modify property of object successfully

2020-06-07 22:01:13 - [MESSAGE][PASSED] - Modify property of object successfully

2020-06-07 22:01:13 - [TEST_STEP][PASSED] - com.reusableComponents.HighlightElement.run(modifiedInputFld): com.reusableComponents.HighlightElement.run is PASSED

2020-06-07 22:01:15 - [MESSAGE][PASSED] - com.reusableComponents.HighlightElement.run is PASSED

2020-06-07 22:01:15 - [MESSAGE][PASSED] - Call Test Case 'Test Cases/Components/VerifyPageSuccessfullyLoadedII' successfully

2020-06-07 22:01:15 - [TEST_STEP][PASSED] - callTestCase(findTestCase("Components/ClickAddButton"), [:], STOP_ON_FAILURE): Call Test Case 'Test Cases/Components/ClickAddButton' successfully

2020-06-07 22:01:15 - [TEST_CASE][PASSED] - Test Cases/Components/ClickAddButton: Test Cases/Components/ClickAddButton

2020-06-07 22:01:16 - [TEST_STEP][PASSED] - com.reusableComponents.HighlightElement.run(findTestObject("Objects.AddAddress/Page_ISPS2/XP_AddButton")): com.reusableComponents.HighlightElement.run is PASSED

2020-06-07 22:01:18 - [MESSAGE][PASSED] - com.reusableComponents.HighlightElement.run is PASSED

2020-06-07 22:01:18 - [TEST_STEP][PASSED] - click(findTestObject("Objects.AddAddress/Page_ISPS2/XP_AddButton")): Object: 'Object Repository/Objects.AddAddress/Page_ISPS2/XP_AddButton' is clicked on

2020-06-07 22:01:19 - [MESSAGE][PASSED] - Object: 'Object Repository/Objects.AddAddress/Page_ISPS2/XP_AddButton' is clicked on

2020-06-07 22:01:19 - [TEST_STEP][PASSED] - Thread.sleep(6000): null

2020-06-07 22:01:25 - [MESSAGE][PASSED] - Call Test Case 'Test Cases/Components/ClickAddButton' successfully

2020-06-07 22:01:25 - [TEST_STEP][PASSED] - callTestCase(findTestCase("Components/HighlightLabelFieldXPI"), ["LblName":"Assign To", "index":1], STOP_ON_FAILURE): Call Test Case 'Test Cases/Components/HighlightLabelFieldXPI' successfully

2020-06-07 22:01:26 - [TEST_CASE][PASSED] - Test Cases/Components/HighlightLabelFieldXPI: Test Cases/Components/HighlightLabelFieldXPI

2020-06-07 22:01:26 - [TEST_STEP][PASSED] - Thread.sleep(1000): null

2020-06-07 22:01:27 - [TEST_STEP][PASSED] - modifiedLblNm = modifyObjectProperty(findTestObject("Object Repository/Objects.HighlightElements/lblField_index"), "xpath", "equals", "(//*[contains(@class, 'x-form-item-label-inner x-form-item-label-inner-default') and contains(., '" + LblName + "')])[" + index + "]", true): Modify property of object successfully

2020-06-07 22:01:28 - [MESSAGE][PASSED] - Modify property of object successfully

2020-06-07 22:01:28 - [TEST_STEP][PASSED] - com.reusableComponents.HighlightElement.run(modifiedLblNm): com.reusableComponents.HighlightElement.run is PASSED

2020-06-07 22:01:30 - [MESSAGE][PASSED] - com.reusableComponents.HighlightElement.run is PASSED

2020-06-07 22:01:30 - [MESSAGE][PASSED] - Call Test Case 'Test Cases/Components/HighlightLabelFieldXPI' successfully

2020-06-07 22:01:30 - [TEST_STEP][PASSED] - callTestCase(findTestCase("Components/HighlightInputFieldXPI"), ["FldNm":"officer", "index":1], STOP_ON_FAILURE): Call Test Case 'Test Cases/Components/HighlightInputFieldXPI' successfully

2020-06-07 22:01:30 - [TEST_CASE][PASSED] - Test Cases/Components/HighlightInputFieldXPI: Test Cases/Components/HighlightInputFieldXPI

2020-06-07 22:01:31 - [TEST_STEP][PASSED] - Thread.sleep(1000): null

2020-06-07 22:01:32 - [TEST_STEP][PASSED] - modifiedInputNm = modifyObjectProperty(findTestObject("Object Repository/Objects.HighlightElements/input_field_index"), "xpath", "equals", "(//*[contains(@name, '" + FldNm + "')])[" + index + "]", true): Modify property of object successfully

2020-06-07 22:01:32 - [MESSAGE][PASSED] - Modify property of object successfully

2020-06-07 22:01:32 - [TEST_STEP][PASSED] - com.reusableComponents.HighlightElement.run(modifiedInputNm): com.reusableComponents.HighlightElement.run is PASSED

2020-06-07 22:01:34 - [MESSAGE][PASSED] - com.reusableComponents.HighlightElement.run is PASSED

2020-06-07 22:01:34 - [MESSAGE][PASSED] - Call Test Case 'Test Cases/Components/HighlightInputFieldXPI' successfully

2020-06-07 22:01:34 - [TEST_STEP][PASSED] - callTestCase(findTestCase("PFI Precision and Scale/PFI Components with Indexing/VerifyDropdownValuesXPI"), ["FldNm":"officer", "index":1, "CallTCName":"PFI Precision and Scale/HashMap Tables/OfficerLists", "cmbNm":"", "NoOfVal":24, ... ], STOP_ON_FAILURE): Call Test Case 'Test Cases/PFI Precision and Scale/PFI Components with Indexing/VerifyDropdownValuesXPI' successfully

2020-06-07 22:01:34 - [TEST_CASE][PASSED] - Test Cases/PFI Precision and Scale/PFI Components with Indexing/VerifyDropdownValuesXPI: Test Cases/PFI Precision and Scale/PFI Components with Indexing/VerifyDropdownValuesXPI

2020-06-07 22:01:35 - [TEST_STEP][PASSED] - Thread.sleep(1000): null

2020-06-07 22:01:36 - [TEST_STEP][PASSED] - NewInputNmField = modifyObjectProperty(findTestObject("Object Repository/Objects.HighlightElements/input_field_index"), "xpath", "equals", "(//*[contains(@name, '" + FldNm + "')])[" + index + "]", true): Modify property of object successfully

2020-06-07 22:01:36 - [MESSAGE][PASSED] - Modify property of object successfully

2020-06-07 22:01:36 - [TEST_STEP][PASSED] - comboNm = cmbNm: null

2020-06-07 22:01:36 - [TEST_STEP][PASSED] - focus(NewInputNmField): Object: 'Object Repository/Objects.HighlightElements/input_field_index' is focused

2020-06-07 22:01:37 - [MESSAGE][PASSED] - Object: 'Object Repository/Objects.HighlightElements/input_field_index' is focused

2020-06-07 22:01:37 - [TEST_STEP][PASSED] - setText(NewInputNmField, EnterValue): Text '' is set on object 'Object Repository/Objects.HighlightElements/input_field_index'

2020-06-07 22:01:38 - [MESSAGE][PASSED] - Text '' is set on object 'Object Repository/Objects.HighlightElements/input_field_index'

2020-06-07 22:01:38 - [TEST_STEP][PASSED] - for ([i = 1, i <= NoOfVal, (i++)]): Keys 'DOWN + ' sent to object: 'Object Repository/Objects.HighlightElements/input_field_index'

2020-06-07 22:01:38 - [TEST_STEP][PASSED] - sendKeys(NewInputNmField, Keys.chord(ARROW_DOWN)): Keys 'DOWN + ' sent to object: 'Object Repository/Objects.HighlightElements/input_field_index'

2020-06-07 22:01:38 - [MESSAGE][PASSED] - Keys 'DOWN + ' sent to object: 'Object Repository/Objects.HighlightElements/input_field_index'

2020-06-07 22:01:38 - [TEST_STEP][PASSED] - delay(DelayTime): Delayed 2 second(s)

2020-06-07 22:01:40 - [MESSAGE][PASSED] - Delayed 2 second(s)

2020-06-07 22:01:40 - [TEST_STEP][PASSED] - sendKeys(NewInputNmField, Keys.chord(ENTER)): Keys 'ENTER + ' sent to object: 'Object Repository/Objects.HighlightElements/input_field_index'

2020-06-07 22:01:40 - [MESSAGE][PASSED] - Keys 'ENTER + ' sent to object: 'Object Repository/Objects.HighlightElements/input_field_index'

2020-06-07 22:01:40 - [TEST_STEP][PASSED] - ComboBoxValue = getAttribute(NewInputNmField, "value"): Attribute 'value' of object 'Object Repository/Objects.HighlightElements/input_field_index' is: 'Aaron Sham Wai Lun (AARON)'

2020-06-07 22:01:41 - [MESSAGE][PASSED] - Attribute 'value' of object 'Object Repository/Objects.HighlightElements/input_field_index' is: 'Aaron Sham Wai Lun (AARON)'

2020-06-07 22:01:41 - [TEST_STEP][PASSED] - callTestCase(findTestCase(CallTCName), ["FindValue":ComboBoxValue, "DropdownNm":comboNm], STOP_ON_FAILURE): Call Test Case 'Test Cases/PFI Precision and Scale/HashMap Tables/OfficerLists' successfully

2020-06-07 22:01:41 - [TEST_CASE][PASSED] - Test Cases/PFI Precision and Scale/HashMap Tables/OfficerLists: Test Cases/PFI Precision and Scale/HashMap Tables/OfficerLists

2020-06-07 22:01:42 - [TEST_STEP][PASSED] - Thread.sleep(1000): null

2020-06-07 22:01:43 - [TEST_STEP][PASSED] - OfficerLists = [1:"Aaron Sham Wai Lun (AARON)", 2:"Azidah Bte Akmad (Mdm) (USAABD)", 3:"Chung Fong Nyen (USACFN)", 4:"David Tey Dah Wei (DAHWEI)", ... ]: null

2020-06-07 22:01:43 - [TEST_STEP][PASSED] - ValueFound = OfficerLists.find({ -> ... }): null

2020-06-07 22:01:43 - [MESSAGE][PASSED] - Call Test Case 'Test Cases/PFI Precision and Scale/HashMap Tables/OfficerLists' successfully

2020-06-07 22:01:43 - [TEST_STEP][PASSED] - println(ValueFound): null

2020-06-07 22:01:43 - [TEST_STEP][PASSED] - sendKeys(NewInputNmField, Keys.chord(ARROW_DOWN)): Keys 'DOWN + ' sent to object: 'Object Repository/Objects.HighlightElements/input_field_index'

2020-06-07 22:01:44 - [MESSAGE][PASSED] - Keys 'DOWN + ' sent to object: 'Object Repository/Objects.HighlightElements/input_field_index'

2020-06-07 22:01:44 - [TEST_STEP][PASSED] - sendKeys(NewInputNmField, Keys.chord(ARROW_DOWN)): Keys 'DOWN + ' sent to object: 'Object Repository/Objects.HighlightElements/input_field_index'

2020-06-07 22:01:44 - [MESSAGE][PASSED] - Keys 'DOWN + ' sent to object: 'Object Repository/Objects.HighlightElements/input_field_index'

2020-06-07 22:01:44 - [TEST_STEP][PASSED] - delay(DelayTime): Delayed 2 second(s)

2020-06-07 22:01:46 - [MESSAGE][PASSED] - Delayed 2 second(s)

2020-06-07 22:01:46 - [TEST_STEP][PASSED] - sendKeys(NewInputNmField, Keys.chord(ENTER)): Keys 'ENTER + ' sent to object: 'Object Repository/Objects.HighlightElements/input_field_index'

2020-06-07 22:01:47 - [MESSAGE][PASSED] - Keys 'ENTER + ' sent to object: 'Object Repository/Objects.HighlightElements/input_field_index'

2020-06-07 22:01:47 - [TEST_STEP][PASSED] - ComboBoxValue = getAttribute(NewInputNmField, "value"): Attribute 'value' of object 'Object Repository/Objects.HighlightElements/input_field_index' is: 'Azidah Bte Akmad (Mdm) (USAABD)'

2020-06-07 22:01:47 - [MESSAGE][PASSED] - Attribute 'value' of object 'Object Repository/Objects.HighlightElements/input_field_index' is: 'Azidah Bte Akmad (Mdm) (USAABD)'

2020-06-07 22:01:47 - [TEST_STEP][PASSED] - callTestCase(findTestCase(CallTCName), ["FindValue":ComboBoxValue, "DropdownNm":comboNm], STOP_ON_FAILURE): Call Test Case 'Test Cases/PFI Precision and Scale/HashMap Tables/OfficerLists' successfully

2020-06-07 22:01:47 - [TEST_CASE][PASSED] - Test Cases/PFI Precision and Scale/HashMap Tables/OfficerLists: Test Cases/PFI Precision and Scale/HashMap Tables/OfficerLists

2020-06-07 22:01:47 - [TEST_STEP][PASSED] - Thread.sleep(1000): null

2020-06-07 22:01:48 - [TEST_STEP][PASSED] - OfficerLists = [1:"Aaron Sham Wai Lun (AARON)", 2:"Azidah Bte Akmad (Mdm) (USAABD)", 3:"Chung Fong Nyen (USACFN)", 4:"David Tey Dah Wei (DAHWEI)", ... ]: null

2020-06-07 22:01:48 - [TEST_STEP][PASSED] - ValueFound = OfficerLists.find({ -> ... }): null

2020-06-07 22:01:48 - [MESSAGE][PASSED] - Call Test Case 'Test Cases/PFI Precision and Scale/HashMap Tables/OfficerLists' successfully

2020-06-07 22:01:48 - [TEST_STEP][PASSED] - println(ValueFound): null

2020-06-07 22:01:48 - [TEST_STEP][PASSED] - sendKeys(NewInputNmField, Keys.chord(ARROW_DOWN)): Keys 'DOWN + ' sent to object: 'Object Repository/Objects.HighlightElements/input_field_index'

2020-06-07 22:01:49 - [MESSAGE][PASSED] - Keys 'DOWN + ' sent to object: 'Object Repository/Objects.HighlightElements/input_field_index'

2020-06-07 22:01:49 - [TEST_STEP][PASSED] - sendKeys(NewInputNmField, Keys.chord(ARROW_DOWN)): Keys 'DOWN + ' sent to object: 'Object Repository/Objects.HighlightElements/input_field_index'

2020-06-07 22:01:49 - [MESSAGE][PASSED] - Keys 'DOWN + ' sent to object: 'Object Repository/Objects.HighlightElements/input_field_index'

2020-06-07 22:01:49 - [TEST_STEP][PASSED] - delay(DelayTime): Delayed 2 second(s)

2020-06-07 22:01:51 - [MESSAGE][PASSED] - Delayed 2 second(s)

2020-06-07 22:01:51 - [TEST_STEP][PASSED] - sendKeys(NewInputNmField, Keys.chord(ENTER)): Keys 'ENTER + ' sent to object: 'Object Repository/Objects.HighlightElements/input_field_index'

2020-06-07 22:01:52 - [MESSAGE][PASSED] - Keys 'ENTER + ' sent to object: 'Object Repository/Objects.HighlightElements/input_field_index'

2020-06-07 22:01:52 - [TEST_STEP][PASSED] - ComboBoxValue = getAttribute(NewInputNmField, "value"): Attribute 'value' of object 'Object Repository/Objects.HighlightElements/input_field_index' is: 'Chua Bee Tee (BEETEE)'

2020-06-07 22:01:52 - [MESSAGE][PASSED] - Attribute 'value' of object 'Object Repository/Objects.HighlightElements/input_field_index' is: 'Chua Bee Tee (BEETEE)'

2020-06-07 22:01:52 - [TEST_STEP][PASSED] - callTestCase(findTestCase(CallTCName), ["FindValue":ComboBoxValue, "DropdownNm":comboNm], STOP_ON_FAILURE): Call Test Case 'Test Cases/PFI Precision and Scale/HashMap Tables/OfficerLists' successfully

2020-06-07 22:01:52 - [TEST_CASE][PASSED] - Test Cases/PFI Precision and Scale/HashMap Tables/OfficerLists: Test Cases/PFI Precision and Scale/HashMap Tables/OfficerLists

2020-06-07 22:01:52 - [TEST_STEP][PASSED] - Thread.sleep(1000): null

2020-06-07 22:01:53 - [TEST_STEP][PASSED] - OfficerLists = [1:"Aaron Sham Wai Lun (AARON)", 2:"Azidah Bte Akmad (Mdm) (USAABD)", 3:"Chung Fong Nyen (USACFN)", 4:"David Tey Dah Wei (DAHWEI)", ... ]: null

2020-06-07 22:01:53 - [TEST_STEP][PASSED] - ValueFound = OfficerLists.find({ -> ... }): null

2020-06-07 22:01:53 - [MESSAGE][PASSED] - Call Test Case 'Test Cases/PFI Precision and Scale/HashMap Tables/OfficerLists' successfully

2020-06-07 22:01:53 - [TEST_STEP][PASSED] - println(ValueFound): null

2020-06-07 22:01:53 - [TEST_STEP][PASSED] - sendKeys(NewInputNmField, Keys.chord(ARROW_DOWN)): Keys 'DOWN + ' sent to object: 'Object Repository/Objects.HighlightElements/input_field_index'

2020-06-07 22:01:54 - [MESSAGE][PASSED] - Keys 'DOWN + ' sent to object: 'Object Repository/Objects.HighlightElements/input_field_index'

2020-06-07 22:01:54 - [TEST_STEP][PASSED] - sendKeys(NewInputNmField, Keys.chord(ARROW_DOWN)): Keys 'DOWN + ' sent to object: 'Object Repository/Objects.HighlightElements/input_field_index'

2020-06-07 22:01:54 - [MESSAGE][PASSED] - Keys 'DOWN + ' sent to object: 'Object Repository/Objects.HighlightElements/input_field_index'

2020-06-07 22:01:54 - [TEST_STEP][PASSED] - delay(DelayTime): Delayed 2 second(s)

2020-06-07 22:01:56 - [MESSAGE][PASSED] - Delayed 2 second(s)

2020-06-07 22:01:56 - [TEST_STEP][PASSED] - sendKeys(NewInputNmField, Keys.chord(ENTER)): Keys 'ENTER + ' sent to object: 'Object Repository/Objects.HighlightElements/input_field_index'

2020-06-07 22:01:57 - [MESSAGE][PASSED] - Keys 'ENTER + ' sent to object: 'Object Repository/Objects.HighlightElements/input_field_index'

2020-06-07 22:01:57 - [TEST_STEP][PASSED] - ComboBoxValue = getAttribute(NewInputNmField, "value"): Attribute 'value' of object 'Object Repository/Objects.HighlightElements/input_field_index' is: 'Chung Fong Nyen (USACFN)'

2020-06-07 22:01:57 - [MESSAGE][PASSED] - Attribute 'value' of object 'Object Repository/Objects.HighlightElements/input_field_index' is: 'Chung Fong Nyen (USACFN)'

2020-06-07 22:01:57 - [TEST_STEP][PASSED] - callTestCase(findTestCase(CallTCName), ["FindValue":ComboBoxValue, "DropdownNm":comboNm], STOP_ON_FAILURE): Call Test Case 'Test Cases/PFI Precision and Scale/HashMap Tables/OfficerLists' successfully

2020-06-07 22:01:57 - [TEST_CASE][PASSED] - Test Cases/PFI Precision and Scale/HashMap Tables/OfficerLists: Test Cases/PFI Precision and Scale/HashMap Tables/OfficerLists

2020-06-07 22:01:57 - [TEST_STEP][PASSED] - Thread.sleep(1000): null

2020-06-07 22:01:58 - [TEST_STEP][PASSED] - OfficerLists = [1:"Aaron Sham Wai Lun (AARON)", 2:"Azidah Bte Akmad (Mdm) (USAABD)", 3:"Chung Fong Nyen (USACFN)", 4:"David Tey Dah Wei (DAHWEI)", ... ]: null

2020-06-07 22:01:58 - [TEST_STEP][PASSED] - ValueFound = OfficerLists.find({ -> ... }): null

2020-06-07 22:01:58 - [MESSAGE][PASSED] - Call Test Case 'Test Cases/PFI Precision and Scale/HashMap Tables/OfficerLists' successfully

2020-06-07 22:01:58 - [TEST_STEP][PASSED] - println(ValueFound): null

2020-06-07 22:01:58 - [TEST_STEP][PASSED] - sendKeys(NewInputNmField, Keys.chord(ARROW_DOWN)): Keys 'DOWN + ' sent to object: 'Object Repository/Objects.HighlightElements/input_field_index'

2020-06-07 22:01:59 - [MESSAGE][PASSED] - Keys 'DOWN + ' sent to object: 'Object Repository/Objects.HighlightElements/input_field_index'

2020-06-07 22:01:59 - [TEST_STEP][PASSED] - sendKeys(NewInputNmField, Keys.chord(ARROW_DOWN)): Keys 'DOWN + ' sent to object: 'Object Repository/Objects.HighlightElements/input_field_index'

2020-06-07 22:01:59 - [MESSAGE][PASSED] - Keys 'DOWN + ' sent to object: 'Object Repository/Objects.HighlightElements/input_field_index'

2020-06-07 22:01:59 - [TEST_STEP][PASSED] - delay(DelayTime): Delayed 2 second(s)

2020-06-07 22:02:01 - [MESSAGE][PASSED] - Delayed 2 second(s)

2020-06-07 22:02:01 - [TEST_STEP][PASSED] - sendKeys(NewInputNmField, Keys.chord(ENTER)): Keys 'ENTER + ' sent to object: 'Object Repository/Objects.HighlightElements/input_field_index'

2020-06-07 22:02:02 - [MESSAGE][PASSED] - Keys 'ENTER + ' sent to object: 'Object Repository/Objects.HighlightElements/input_field_index'

2020-06-07 22:02:02 - [TEST_STEP][PASSED] - ComboBoxValue = getAttribute(NewInputNmField, "value"): Attribute 'value' of object 'Object Repository/Objects.HighlightElements/input_field_index' is: 'David Tey Dah Wei (DAHWEI)'

2020-06-07 22:02:02 - [MESSAGE][PASSED] - Attribute 'value' of object 'Object Repository/Objects.HighlightElements/input_field_index' is: 'David Tey Dah Wei (DAHWEI)'

2020-06-07 22:02:02 - [TEST_STEP][PASSED] - callTestCase(findTestCase(CallTCName), ["FindValue":ComboBoxValue, "DropdownNm":comboNm], STOP_ON_FAILURE): Call Test Case 'Test Cases/PFI Precision and Scale/HashMap Tables/OfficerLists' successfully

2020-06-07 22:02:02 - [TEST_CASE][PASSED] - Test Cases/PFI Precision and Scale/HashMap Tables/OfficerLists: Test Cases/PFI Precision and Scale/HashMap Tables/OfficerLists

2020-06-07 22:02:02 - [TEST_STEP][PASSED] - Thread.sleep(1000): null

2020-06-07 22:02:03 - [TEST_STEP][PASSED] - OfficerLists = [1:"Aaron Sham Wai Lun (AARON)", 2:"Azidah Bte Akmad (Mdm) (USAABD)", 3:"Chung Fong Nyen (USACFN)", 4:"David Tey Dah Wei (DAHWEI)", ... ]: null

2020-06-07 22:02:03 - [TEST_STEP][PASSED] - ValueFound = OfficerLists.find({ -> ... }): null

2020-06-07 22:02:03 - [MESSAGE][PASSED] - Call Test Case 'Test Cases/PFI Precision and Scale/HashMap Tables/OfficerLists' successfully

2020-06-07 22:02:03 - [TEST_STEP][PASSED] - println(ValueFound): null

2020-06-07 22:02:03 - [TEST_STEP][PASSED] - sendKeys(NewInputNmField, Keys.chord(ARROW_DOWN)): Keys 'DOWN + ' sent to object: 'Object Repository/Objects.HighlightElements/input_field_index'

2020-06-07 22:02:04 - [MESSAGE][PASSED] - Keys 'DOWN + ' sent to object: 'Object Repository/Objects.HighlightElements/input_field_index'

2020-06-07 22:02:04 - [TEST_STEP][PASSED] - sendKeys(NewInputNmField, Keys.chord(ARROW_DOWN)): Keys 'DOWN + ' sent to object: 'Object Repository/Objects.HighlightElements/input_field_index'

2020-06-07 22:02:04 - [MESSAGE][PASSED] - Keys 'DOWN + ' sent to object: 'Object Repository/Objects.HighlightElements/input_field_index'

2020-06-07 22:02:04 - [TEST_STEP][PASSED] - delay(DelayTime): Delayed 2 second(s)

2020-06-07 22:02:06 - [MESSAGE][PASSED] - Delayed 2 second(s)

2020-06-07 22:02:06 - [TEST_STEP][PASSED] - sendKeys(NewInputNmField, Keys.chord(ENTER)): Keys 'ENTER + ' sent to object: 'Object Repository/Objects.HighlightElements/input_field_index'

2020-06-07 22:02:07 - [MESSAGE][PASSED] - Keys 'ENTER + ' sent to object: 'Object Repository/Objects.HighlightElements/input_field_index'

2020-06-07 22:02:07 - [TEST_STEP][PASSED] - ComboBoxValue = getAttribute(NewInputNmField, "value"): Attribute 'value' of object 'Object Repository/Objects.HighlightElements/input_field_index' is: 'Han Wann Kuang (WANNKUANG)'

2020-06-07 22:02:07 - [MESSAGE][PASSED] - Attribute 'value' of object 'Object Repository/Objects.HighlightElements/input_field_index' is: 'Han Wann Kuang (WANNKUANG)'

2020-06-07 22:02:07 - [TEST_STEP][PASSED] - callTestCase(findTestCase(CallTCName), ["FindValue":ComboBoxValue, "DropdownNm":comboNm], STOP_ON_FAILURE): Call Test Case 'Test Cases/PFI Precision and Scale/HashMap Tables/OfficerLists' successfully

2020-06-07 22:02:07 - [TEST_CASE][PASSED] - Test Cases/PFI Precision and Scale/HashMap Tables/OfficerLists: Test Cases/PFI Precision and Scale/HashMap Tables/OfficerLists

2020-06-07 22:02:07 - [TEST_STEP][PASSED] - Thread.sleep(1000): null

2020-06-07 22:02:08 - [TEST_STEP][PASSED] - OfficerLists = [1:"Aaron Sham Wai Lun (AARON)", 2:"Azidah Bte Akmad (Mdm) (USAABD)", 3:"Chung Fong Nyen (USACFN)", 4:"David Tey Dah Wei (DAHWEI)", ... ]: null

2020-06-07 22:02:08 - [TEST_STEP][PASSED] - ValueFound = OfficerLists.find({ -> ... }): null

2020-06-07 22:02:08 - [MESSAGE][PASSED] - Call Test Case 'Test Cases/PFI Precision and Scale/HashMap Tables/OfficerLists' successfully

2020-06-07 22:02:08 - [TEST_STEP][PASSED] - println(ValueFound): null

2020-06-07 22:02:08 - [TEST_STEP][PASSED] - sendKeys(NewInputNmField, Keys.chord(ARROW_DOWN)): Keys 'DOWN + ' sent to object: 'Object Repository/Objects.HighlightElements/input_field_index'

2020-06-07 22:02:09 - [MESSAGE][PASSED] - Keys 'DOWN + ' sent to object: 'Object Repository/Objects.HighlightElements/input_field_index'

2020-06-07 22:02:09 - [TEST_STEP][PASSED] - sendKeys(NewInputNmField, Keys.chord(ARROW_DOWN)): Keys 'DOWN + ' sent to object: 'Object Repository/Objects.HighlightElements/input_field_index'

2020-06-07 22:02:09 - [MESSAGE][PASSED] - Keys 'DOWN + ' sent to object: 'Object Repository/Objects.HighlightElements/input_field_index'

2020-06-07 22:02:09 - [TEST_STEP][PASSED] - delay(DelayTime): Delayed 2 second(s)

2020-06-07 22:02:11 - [MESSAGE][PASSED] - Delayed 2 second(s)

2020-06-07 22:02:11 - [TEST_STEP][PASSED] - sendKeys(NewInputNmField, Keys.chord(ENTER)): Keys 'ENTER + ' sent to object: 'Object Repository/Objects.HighlightElements/input_field_index'

2020-06-07 22:02:12 - [MESSAGE][PASSED] - Keys 'ENTER + ' sent to object: 'Object Repository/Objects.HighlightElements/input_field_index'

2020-06-07 22:02:12 - [TEST_STEP][PASSED] - ComboBoxValue = getAttribute(NewInputNmField, "value"): Attribute 'value' of object 'Object Repository/Objects.HighlightElements/input_field_index' is: 'Ho Tze Siang (TZESIANG)'

2020-06-07 22:02:12 - [MESSAGE][PASSED] - Attribute 'value' of object 'Object Repository/Objects.HighlightElements/input_field_index' is: 'Ho Tze Siang (TZESIANG)'

2020-06-07 22:02:12 - [TEST_STEP][PASSED] - callTestCase(findTestCase(CallTCName), ["FindValue":ComboBoxValue, "DropdownNm":comboNm], STOP_ON_FAILURE): Call Test Case 'Test Cases/PFI Precision and Scale/HashMap Tables/OfficerLists' successfully

2020-06-07 22:02:12 - [TEST_CASE][PASSED] - Test Cases/PFI Precision and Scale/HashMap Tables/OfficerLists: Test Cases/PFI Precision and Scale/HashMap Tables/OfficerLists

2020-06-07 22:02:12 - [TEST_STEP][PASSED] - Thread.sleep(1000): null

2020-06-07 22:02:13 - [TEST_STEP][PASSED] - OfficerLists = [1:"Aaron Sham Wai Lun (AARON)", 2:"Azidah Bte Akmad (Mdm) (USAABD)", 3:"Chung Fong Nyen (USACFN)", 4:"David Tey Dah Wei (DAHWEI)", ... ]: null

2020-06-07 22:02:13 - [TEST_STEP][PASSED] - ValueFound = OfficerLists.find({ -> ... }): null

2020-06-07 22:02:13 - [MESSAGE][PASSED] - Call Test Case 'Test Cases/PFI Precision and Scale/HashMap Tables/OfficerLists' successfully

2020-06-07 22:02:13 - [TEST_STEP][PASSED] - println(ValueFound): null

2020-06-07 22:02:13 - [TEST_STEP][PASSED] - sendKeys(NewInputNmField, Keys.chord(ARROW_DOWN)): Keys 'DOWN + ' sent to object: 'Object Repository/Objects.HighlightElements/input_field_index'

2020-06-07 22:02:14 - [MESSAGE][PASSED] - Keys 'DOWN + ' sent to object: 'Object Repository/Objects.HighlightElements/input_field_index'

2020-06-07 22:02:14 - [TEST_STEP][PASSED] - sendKeys(NewInputNmField, Keys.chord(ARROW_DOWN)): Keys 'DOWN + ' sent to object: 'Object Repository/Objects.HighlightElements/input_field_index'

2020-06-07 22:02:14 - [MESSAGE][PASSED] - Keys 'DOWN + ' sent to object: 'Object Repository/Objects.HighlightElements/input_field_index'

2020-06-07 22:02:14 - [TEST_STEP][PASSED] - delay(DelayTime): Delayed 2 second(s)

2020-06-07 22:02:16 - [MESSAGE][PASSED] - Delayed 2 second(s)

2020-06-07 22:02:16 - [TEST_STEP][PASSED] - sendKeys(NewInputNmField, Keys.chord(ENTER)): Keys 'ENTER + ' sent to object: 'Object Repository/Objects.HighlightElements/input_field_index'

2020-06-07 22:02:16 - [MESSAGE][PASSED] - Keys 'ENTER + ' sent to object: 'Object Repository/Objects.HighlightElements/input_field_index'

2020-06-07 22:02:16 - [TEST_STEP][PASSED] - ComboBoxValue = getAttribute(NewInputNmField, "value"): Attribute 'value' of object 'Object Repository/Objects.HighlightElements/input_field_index' is: 'Ho-Chan Vun Ching (USAHVC)'

2020-06-07 22:02:17 - [MESSAGE][PASSED] - Attribute 'value' of object 'Object Repository/Objects.HighlightElements/input_field_index' is: 'Ho-Chan Vun Ching (USAHVC)'

2020-06-07 22:02:17 - [TEST_STEP][PASSED] - callTestCase(findTestCase(CallTCName), ["FindValue":ComboBoxValue, "DropdownNm":comboNm], STOP_ON_FAILURE): Call Test Case 'Test Cases/PFI Precision and Scale/HashMap Tables/OfficerLists' successfully

2020-06-07 22:02:17 - [TEST_CASE][PASSED] - Test Cases/PFI Precision and Scale/HashMap Tables/OfficerLists: Test Cases/PFI Precision and Scale/HashMap Tables/OfficerLists

2020-06-07 22:02:17 - [TEST_STEP][PASSED] - Thread.sleep(1000): null

2020-06-07 22:02:18 - [TEST_STEP][PASSED] - OfficerLists = [1:"Aaron Sham Wai Lun (AARON)", 2:"Azidah Bte Akmad (Mdm) (USAABD)", 3:"Chung Fong Nyen (USACFN)", 4:"David Tey Dah Wei (DAHWEI)", ... ]: null

2020-06-07 22:02:18 - [TEST_STEP][PASSED] - ValueFound = OfficerLists.find({ -> ... }): null

2020-06-07 22:02:18 - [MESSAGE][PASSED] - Call Test Case 'Test Cases/PFI Precision and Scale/HashMap Tables/OfficerLists' successfully

2020-06-07 22:02:18 - [TEST_STEP][PASSED] - println(ValueFound): null

2020-06-07 22:02:18 - [TEST_STEP][PASSED] - sendKeys(NewInputNmField, Keys.chord(ARROW_DOWN)): Keys 'DOWN + ' sent to object: 'Object Repository/Objects.HighlightElements/input_field_index'

2020-06-07 22:02:19 - [MESSAGE][PASSED] - Keys 'DOWN + ' sent to object: 'Object Repository/Objects.HighlightElements/input_field_index'

2020-06-07 22:02:19 - [TEST_STEP][PASSED] - sendKeys(NewInputNmField, Keys.chord(ARROW_DOWN)): Keys 'DOWN + ' sent to object: 'Object Repository/Objects.HighlightElements/input_field_index'

2020-06-07 22:02:19 - [MESSAGE][PASSED] - Keys 'DOWN + ' sent to object: 'Object Repository/Objects.HighlightElements/input_field_index'

2020-06-07 22:02:19 - [TEST_STEP][PASSED] - delay(DelayTime): Delayed 2 second(s)

2020-06-07 22:02:21 - [MESSAGE][PASSED] - Delayed 2 second(s)

2020-06-07 22:02:21 - [TEST_STEP][PASSED] - sendKeys(NewInputNmField, Keys.chord(ENTER)): Keys 'ENTER + ' sent to object: 'Object Repository/Objects.HighlightElements/input_field_index'

2020-06-07 22:02:21 - [MESSAGE][PASSED] - Keys 'ENTER + ' sent to object: 'Object Repository/Objects.HighlightElements/input_field_index'

2020-06-07 22:02:21 - [TEST_STEP][PASSED] - ComboBoxValue = getAttribute(NewInputNmField, "value"): Attribute 'value' of object 'Object Repository/Objects.HighlightElements/input_field_index' is: 'Janet Lee Choon Hong (JANETCHOON)'

2020-06-07 22:02:22 - [MESSAGE][PASSED] - Attribute 'value' of object 'Object Repository/Objects.HighlightElements/input_field_index' is: 'Janet Lee Choon Hong (JANETCHOON)'

2020-06-07 22:02:22 - [TEST_STEP][PASSED] - callTestCase(findTestCase(CallTCName), ["FindValue":ComboBoxValue, "DropdownNm":comboNm], STOP_ON_FAILURE): Call Test Case 'Test Cases/PFI Precision and Scale/HashMap Tables/OfficerLists' successfully

2020-06-07 22:02:22 - [TEST_CASE][PASSED] - Test Cases/PFI Precision and Scale/HashMap Tables/OfficerLists: Test Cases/PFI Precision and Scale/HashMap Tables/OfficerLists

2020-06-07 22:02:22 - [TEST_STEP][PASSED] - Thread.sleep(1000): null

2020-06-07 22:02:23 - [TEST_STEP][PASSED] - OfficerLists = [1:"Aaron Sham Wai Lun (AARON)", 2:"Azidah Bte Akmad (Mdm) (USAABD)", 3:"Chung Fong Nyen (USACFN)", 4:"David Tey Dah Wei (DAHWEI)", ... ]: null

2020-06-07 22:02:23 - [TEST_STEP][PASSED] - ValueFound = OfficerLists.find({ -> ... }): null

2020-06-07 22:02:23 - [MESSAGE][PASSED] - Call Test Case 'Test Cases/PFI Precision and Scale/HashMap Tables/OfficerLists' successfully

2020-06-07 22:02:23 - [TEST_STEP][PASSED] - println(ValueFound): null

2020-06-07 22:02:23 - [TEST_STEP][PASSED] - sendKeys(NewInputNmField, Keys.chord(ARROW_DOWN)): Keys 'DOWN + ' sent to object: 'Object Repository/Objects.HighlightElements/input_field_index'

2020-06-07 22:02:24 - [MESSAGE][PASSED] - Keys 'DOWN + ' sent to object: 'Object Repository/Objects.HighlightElements/input_field_index'

2020-06-07 22:02:24 - [TEST_STEP][PASSED] - sendKeys(NewInputNmField, Keys.chord(ARROW_DOWN)): Keys 'DOWN + ' sent to object: 'Object Repository/Objects.HighlightElements/input_field_index'

2020-06-07 22:02:24 - [MESSAGE][PASSED] - Keys 'DOWN + ' sent to object: 'Object Repository/Objects.HighlightElements/input_field_index'

2020-06-07 22:02:24 - [TEST_STEP][PASSED] - delay(DelayTime): Delayed 2 second(s)

2020-06-07 22:02:26 - [MESSAGE][PASSED] - Delayed 2 second(s)

2020-06-07 22:02:26 - [TEST_STEP][PASSED] - sendKeys(NewInputNmField, Keys.chord(ENTER)): Keys 'ENTER + ' sent to object: 'Object Repository/Objects.HighlightElements/input_field_index'

2020-06-07 22:02:27 - [MESSAGE][PASSED] - Keys 'ENTER + ' sent to object: 'Object Repository/Objects.HighlightElements/input_field_index'

2020-06-07 22:02:27 - [TEST_STEP][PASSED] - ComboBoxValue = getAttribute(NewInputNmField, "value"): Attribute 'value' of object 'Object Repository/Objects.HighlightElements/input_field_index' is: 'Joseph Lim Pheng Weng (PHENGWENG)'

2020-06-07 22:02:27 - [MESSAGE][PASSED] - Attribute 'value' of object 'Object Repository/Objects.HighlightElements/input_field_index' is: 'Joseph Lim Pheng Weng (PHENGWENG)'

2020-06-07 22:02:27 - [TEST_STEP][PASSED] - callTestCase(findTestCase(CallTCName), ["FindValue":ComboBoxValue, "DropdownNm":comboNm], STOP_ON_FAILURE): Call Test Case 'Test Cases/PFI Precision and Scale/HashMap Tables/OfficerLists' successfully

2020-06-07 22:02:27 - [TEST_CASE][PASSED] - Test Cases/PFI Precision and Scale/HashMap Tables/OfficerLists: Test Cases/PFI Precision and Scale/HashMap Tables/OfficerLists

2020-06-07 22:02:27 - [TEST_STEP][PASSED] - Thread.sleep(1000): null

2020-06-07 22:02:28 - [TEST_STEP][PASSED] - OfficerLists = [1:"Aaron Sham Wai Lun (AARON)", 2:"Azidah Bte Akmad (Mdm) (USAABD)", 3:"Chung Fong Nyen (USACFN)", 4:"David Tey Dah Wei (DAHWEI)", ... ]: null

2020-06-07 22:02:28 - [TEST_STEP][PASSED] - ValueFound = OfficerLists.find({ -> ... }): null

2020-06-07 22:02:28 - [MESSAGE][PASSED] - Call Test Case 'Test Cases/PFI Precision and Scale/HashMap Tables/OfficerLists' successfully

2020-06-07 22:02:28 - [TEST_STEP][PASSED] - println(ValueFound): null

2020-06-07 22:02:28 - [TEST_STEP][PASSED] - sendKeys(NewInputNmField, Keys.chord(ARROW_DOWN)): Keys 'DOWN + ' sent to object: 'Object Repository/Objects.HighlightElements/input_field_index'

2020-06-07 22:02:29 - [MESSAGE][PASSED] - Keys 'DOWN + ' sent to object: 'Object Repository/Objects.HighlightElements/input_field_index'

2020-06-07 22:02:29 - [TEST_STEP][PASSED] - sendKeys(NewInputNmField, Keys.chord(ARROW_DOWN)): Keys 'DOWN + ' sent to object: 'Object Repository/Objects.HighlightElements/input_field_index'

2020-06-07 22:02:29 - [MESSAGE][PASSED] - Keys 'DOWN + ' sent to object: 'Object Repository/Objects.HighlightElements/input_field_index'

2020-06-07 22:02:29 - [TEST_STEP][PASSED] - delay(DelayTime): Delayed 2 second(s)

2020-06-07 22:02:31 - [MESSAGE][PASSED] - Delayed 2 second(s)

2020-06-07 22:02:31 - [TEST_STEP][PASSED] - sendKeys(NewInputNmField, Keys.chord(ENTER)): Keys 'ENTER + ' sent to object: 'Object Repository/Objects.HighlightElements/input_field_index'

2020-06-07 22:02:32 - [MESSAGE][PASSED] - Keys 'ENTER + ' sent to object: 'Object Repository/Objects.HighlightElements/input_field_index'

2020-06-07 22:02:32 - [TEST_STEP][PASSED] - ComboBoxValue = getAttribute(NewInputNmField, "value"): Attribute 'value' of object 'Object Repository/Objects.HighlightElements/input_field_index' is: 'Kaliannan Thanabal (KALIANN)'

2020-06-07 22:02:32 - [MESSAGE][PASSED] - Attribute 'value' of object 'Object Repository/Objects.HighlightElements/input_field_index' is: 'Kaliannan Thanabal (KALIANN)'

2020-06-07 22:02:32 - [TEST_STEP][PASSED] - callTestCase(findTestCase(CallTCName), ["FindValue":ComboBoxValue, "DropdownNm":comboNm], STOP_ON_FAILURE): Call Test Case 'Test Cases/PFI Precision and Scale/HashMap Tables/OfficerLists' successfully

2020-06-07 22:02:32 - [TEST_CASE][PASSED] - Test Cases/PFI Precision and Scale/HashMap Tables/OfficerLists: Test Cases/PFI Precision and Scale/HashMap Tables/OfficerLists

2020-06-07 22:02:32 - [TEST_STEP][PASSED] - Thread.sleep(1000): null

2020-06-07 22:02:33 - [TEST_STEP][PASSED] - OfficerLists = [1:"Aaron Sham Wai Lun (AARON)", 2:"Azidah Bte Akmad (Mdm) (USAABD)", 3:"Chung Fong Nyen (USACFN)", 4:"David Tey Dah Wei (DAHWEI)", ... ]: null

2020-06-07 22:02:33 - [TEST_STEP][PASSED] - ValueFound = OfficerLists.find({ -> ... }): null

2020-06-07 22:02:33 - [MESSAGE][PASSED] - Call Test Case 'Test Cases/PFI Precision and Scale/HashMap Tables/OfficerLists' successfully

2020-06-07 22:02:33 - [TEST_STEP][PASSED] - println(ValueFound): null

2020-06-07 22:02:33 - [TEST_STEP][PASSED] - sendKeys(NewInputNmField, Keys.chord(ARROW_DOWN)): Keys 'DOWN + ' sent to object: 'Object Repository/Objects.HighlightElements/input_field_index'

2020-06-07 22:02:34 - [MESSAGE][PASSED] - Keys 'DOWN + ' sent to object: 'Object Repository/Objects.HighlightElements/input_field_index'

2020-06-07 22:02:34 - [TEST_STEP][PASSED] - sendKeys(NewInputNmField, Keys.chord(ARROW_DOWN)): Keys 'DOWN + ' sent to object: 'Object Repository/Objects.HighlightElements/input_field_index'

2020-06-07 22:02:34 - [MESSAGE][PASSED] - Keys 'DOWN + ' sent to object: 'Object Repository/Objects.HighlightElements/input_field_index'

2020-06-07 22:02:34 - [TEST_STEP][PASSED] - delay(DelayTime): Delayed 2 second(s)

2020-06-07 22:02:36 - [MESSAGE][PASSED] - Delayed 2 second(s)

2020-06-07 22:02:36 - [TEST_STEP][PASSED] - sendKeys(NewInputNmField, Keys.chord(ENTER)): Keys 'ENTER + ' sent to object: 'Object Repository/Objects.HighlightElements/input_field_index'

2020-06-07 22:02:37 - [MESSAGE][PASSED] - Keys 'ENTER + ' sent to object: 'Object Repository/Objects.HighlightElements/input_field_index'

2020-06-07 22:02:37 - [TEST_STEP][PASSED] - ComboBoxValue = getAttribute(NewInputNmField, "value"): Attribute 'value' of object 'Object Repository/Objects.HighlightElements/input_field_index' is: 'Kelvin Phua Meng Thong (MENGTHONG)'

2020-06-07 22:02:37 - [MESSAGE][PASSED] - Attribute 'value' of object 'Object Repository/Objects.HighlightElements/input_field_index' is: 'Kelvin Phua Meng Thong (MENGTHONG)'

2020-06-07 22:02:37 - [TEST_STEP][PASSED] - callTestCase(findTestCase(CallTCName), ["FindValue":ComboBoxValue, "DropdownNm":comboNm], STOP_ON_FAILURE): Call Test Case 'Test Cases/PFI Precision and Scale/HashMap Tables/OfficerLists' successfully

2020-06-07 22:02:37 - [TEST_CASE][PASSED] - Test Cases/PFI Precision and Scale/HashMap Tables/OfficerLists: Test Cases/PFI Precision and Scale/HashMap Tables/OfficerLists

2020-06-07 22:02:37 - [TEST_STEP][PASSED] - Thread.sleep(1000): null

2020-06-07 22:02:38 - [TEST_STEP][PASSED] - OfficerLists = [1:"Aaron Sham Wai Lun (AARON)", 2:"Azidah Bte Akmad (Mdm) (USAABD)", 3:"Chung Fong Nyen (USACFN)", 4:"David Tey Dah Wei (DAHWEI)", ... ]: null

2020-06-07 22:02:38 - [TEST_STEP][PASSED] - ValueFound = OfficerLists.find({ -> ... }): null

2020-06-07 22:02:38 - [MESSAGE][PASSED] - Call Test Case 'Test Cases/PFI Precision and Scale/HashMap Tables/OfficerLists' successfully

2020-06-07 22:02:38 - [TEST_STEP][PASSED] - println(ValueFound): null

2020-06-07 22:02:38 - [TEST_STEP][PASSED] - sendKeys(NewInputNmField, Keys.chord(ARROW_DOWN)): Keys 'DOWN + ' sent to object: 'Object Repository/Objects.HighlightElements/input_field_index'

2020-06-07 22:02:39 - [MESSAGE][PASSED] - Keys 'DOWN + ' sent to object: 'Object Repository/Objects.HighlightElements/input_field_index'

2020-06-07 22:02:39 - [TEST_STEP][PASSED] - sendKeys(NewInputNmField, Keys.chord(ARROW_DOWN)): Keys 'DOWN + ' sent to object: 'Object Repository/Objects.HighlightElements/input_field_index'

2020-06-07 22:02:39 - [MESSAGE][PASSED] - Keys 'DOWN + ' sent to object: 'Object Repository/Objects.HighlightElements/input_field_index'

2020-06-07 22:02:39 - [TEST_STEP][PASSED] - delay(DelayTime): Delayed 2 second(s)

2020-06-07 22:02:41 - [MESSAGE][PASSED] - Delayed 2 second(s)

2020-06-07 22:02:41 - [TEST_STEP][PASSED] - sendKeys(NewInputNmField, Keys.chord(ENTER)): Keys 'ENTER + ' sent to object: 'Object Repository/Objects.HighlightElements/input_field_index'

2020-06-07 22:02:42 - [MESSAGE][PASSED] - Keys 'ENTER + ' sent to object: 'Object Repository/Objects.HighlightElements/input_field_index'

2020-06-07 22:02:42 - [TEST_STEP][PASSED] - ComboBoxValue = getAttribute(NewInputNmField, "value"): Attribute 'value' of object 'Object Repository/Objects.HighlightElements/input_field_index' is: 'Lee Kok Tien (USAKTL)'

2020-06-07 22:02:42 - [MESSAGE][PASSED] - Attribute 'value' of object 'Object Repository/Objects.HighlightElements/input_field_index' is: 'Lee Kok Tien (USAKTL)'

2020-06-07 22:02:42 - [TEST_STEP][PASSED] - callTestCase(findTestCase(CallTCName), ["FindValue":ComboBoxValue, "DropdownNm":comboNm], STOP_ON_FAILURE): Call Test Case 'Test Cases/PFI Precision and Scale/HashMap Tables/OfficerLists' successfully

2020-06-07 22:02:42 - [TEST_CASE][PASSED] - Test Cases/PFI Precision and Scale/HashMap Tables/OfficerLists: Test Cases/PFI Precision and Scale/HashMap Tables/OfficerLists

2020-06-07 22:02:42 - [TEST_STEP][PASSED] - Thread.sleep(1000): null

2020-06-07 22:02:43 - [TEST_STEP][PASSED] - OfficerLists = [1:"Aaron Sham Wai Lun (AARON)", 2:"Azidah Bte Akmad (Mdm) (USAABD)", 3:"Chung Fong Nyen (USACFN)", 4:"David Tey Dah Wei (DAHWEI)", ... ]: null

2020-06-07 22:02:43 - [TEST_STEP][PASSED] - ValueFound = OfficerLists.find({ -> ... }): null

2020-06-07 22:02:43 - [MESSAGE][PASSED] - Call Test Case 'Test Cases/PFI Precision and Scale/HashMap Tables/OfficerLists' successfully

2020-06-07 22:02:43 - [TEST_STEP][PASSED] - println(ValueFound): null

2020-06-07 22:02:43 - [TEST_STEP][PASSED] - sendKeys(NewInputNmField, Keys.chord(ARROW_DOWN)): Keys 'DOWN + ' sent to object: 'Object Repository/Objects.HighlightElements/input_field_index'

2020-06-07 22:02:44 - [MESSAGE][PASSED] - Keys 'DOWN + ' sent to object: 'Object Repository/Objects.HighlightElements/input_field_index'

2020-06-07 22:02:44 - [TEST_STEP][PASSED] - sendKeys(NewInputNmField, Keys.chord(ARROW_DOWN)): Keys 'DOWN + ' sent to object: 'Object Repository/Objects.HighlightElements/input_field_index'

2020-06-07 22:02:44 - [MESSAGE][PASSED] - Keys 'DOWN + ' sent to object: 'Object Repository/Objects.HighlightElements/input_field_index'

2020-06-07 22:02:44 - [TEST_STEP][PASSED] - delay(DelayTime): Delayed 2 second(s)

2020-06-07 22:02:46 - [MESSAGE][PASSED] - Delayed 2 second(s)

2020-06-07 22:02:46 - [TEST_STEP][PASSED] - sendKeys(NewInputNmField, Keys.chord(ENTER)): Keys 'ENTER + ' sent to object: 'Object Repository/Objects.HighlightElements/input_field_index'

2020-06-07 22:02:46 - [MESSAGE][PASSED] - Keys 'ENTER + ' sent to object: 'Object Repository/Objects.HighlightElements/input_field_index'

2020-06-07 22:02:46 - [TEST_STEP][PASSED] - ComboBoxValue = getAttribute(NewInputNmField, "value"): Attribute 'value' of object 'Object Repository/Objects.HighlightElements/input_field_index' is: 'Lim Beng Kwee (BENGKWEE)'

2020-06-07 22:02:47 - [MESSAGE][PASSED] - Attribute 'value' of object 'Object Repository/Objects.HighlightElements/input_field_index' is: 'Lim Beng Kwee (BENGKWEE)'

2020-06-07 22:02:47 - [TEST_STEP][PASSED] - callTestCase(findTestCase(CallTCName), ["FindValue":ComboBoxValue, "DropdownNm":comboNm], STOP_ON_FAILURE): Call Test Case 'Test Cases/PFI Precision and Scale/HashMap Tables/OfficerLists' successfully

2020-06-07 22:02:47 - [TEST_CASE][PASSED] - Test Cases/PFI Precision and Scale/HashMap Tables/OfficerLists: Test Cases/PFI Precision and Scale/HashMap Tables/OfficerLists

2020-06-07 22:02:47 - [TEST_STEP][PASSED] - Thread.sleep(1000): null

2020-06-07 22:02:48 - [TEST_STEP][PASSED] - OfficerLists = [1:"Aaron Sham Wai Lun (AARON)", 2:"Azidah Bte Akmad (Mdm) (USAABD)", 3:"Chung Fong Nyen (USACFN)", 4:"David Tey Dah Wei (DAHWEI)", ... ]: null

2020-06-07 22:02:48 - [TEST_STEP][PASSED] - ValueFound = OfficerLists.find({ -> ... }): null

2020-06-07 22:02:48 - [MESSAGE][PASSED] - Call Test Case 'Test Cases/PFI Precision and Scale/HashMap Tables/OfficerLists' successfully

2020-06-07 22:02:48 - [TEST_STEP][PASSED] - println(ValueFound): null

2020-06-07 22:02:48 - [TEST_STEP][PASSED] - sendKeys(NewInputNmField, Keys.chord(ARROW_DOWN)): Keys 'DOWN + ' sent to object: 'Object Repository/Objects.HighlightElements/input_field_index'

2020-06-07 22:02:49 - [MESSAGE][PASSED] - Keys 'DOWN + ' sent to object: 'Object Repository/Objects.HighlightElements/input_field_index'

2020-06-07 22:02:49 - [TEST_STEP][PASSED] - sendKeys(NewInputNmField, Keys.chord(ARROW_DOWN)): Keys 'DOWN + ' sent to object: 'Object Repository/Objects.HighlightElements/input_field_index'

2020-06-07 22:02:49 - [MESSAGE][PASSED] - Keys 'DOWN + ' sent to object: 'Object Repository/Objects.HighlightElements/input_field_index'

2020-06-07 22:02:49 - [TEST_STEP][PASSED] - delay(DelayTime): Delayed 2 second(s)

2020-06-07 22:02:51 - [MESSAGE][PASSED] - Delayed 2 second(s)

2020-06-07 22:02:51 - [TEST_STEP][PASSED] - sendKeys(NewInputNmField, Keys.chord(ENTER)): Keys 'ENTER + ' sent to object: 'Object Repository/Objects.HighlightElements/input_field_index'

2020-06-07 22:02:51 - [MESSAGE][PASSED] - Keys 'ENTER + ' sent to object: 'Object Repository/Objects.HighlightElements/input_field_index'

2020-06-07 22:02:51 - [TEST_STEP][PASSED] - ComboBoxValue = getAttribute(NewInputNmField, "value"): Attribute 'value' of object 'Object Repository/Objects.HighlightElements/input_field_index' is: 'Lim Leng Boon (LENGBOON)'

2020-06-07 22:02:52 - [MESSAGE][PASSED] - Attribute 'value' of object 'Object Repository/Objects.HighlightElements/input_field_index' is: 'Lim Leng Boon (LENGBOON)'

2020-06-07 22:02:52 - [TEST_STEP][PASSED] - callTestCase(findTestCase(CallTCName), ["FindValue":ComboBoxValue, "DropdownNm":comboNm], STOP_ON_FAILURE): Call Test Case 'Test Cases/PFI Precision and Scale/HashMap Tables/OfficerLists' successfully

2020-06-07 22:02:52 - [TEST_CASE][PASSED] - Test Cases/PFI Precision and Scale/HashMap Tables/OfficerLists: Test Cases/PFI Precision and Scale/HashMap Tables/OfficerLists

2020-06-07 22:02:52 - [TEST_STEP][PASSED] - Thread.sleep(1000): null

2020-06-07 22:02:53 - [TEST_STEP][PASSED] - OfficerLists = [1:"Aaron Sham Wai Lun (AARON)", 2:"Azidah Bte Akmad (Mdm) (USAABD)", 3:"Chung Fong Nyen (USACFN)", 4:"David Tey Dah Wei (DAHWEI)", ... ]: null

2020-06-07 22:02:53 - [TEST_STEP][PASSED] - ValueFound = OfficerLists.find({ -> ... }): null

2020-06-07 22:02:53 - [MESSAGE][PASSED] - Call Test Case 'Test Cases/PFI Precision and Scale/HashMap Tables/OfficerLists' successfully

2020-06-07 22:02:53 - [TEST_STEP][PASSED] - println(ValueFound): null

2020-06-07 22:02:53 - [TEST_STEP][PASSED] - sendKeys(NewInputNmField, Keys.chord(ARROW_DOWN)): Keys 'DOWN + ' sent to object: 'Object Repository/Objects.HighlightElements/input_field_index'

2020-06-07 22:02:54 - [MESSAGE][PASSED] - Keys 'DOWN + ' sent to object: 'Object Repository/Objects.HighlightElements/input_field_index'

2020-06-07 22:02:54 - [TEST_STEP][PASSED] - sendKeys(NewInputNmField, Keys.chord(ARROW_DOWN)): Keys 'DOWN + ' sent to object: 'Object Repository/Objects.HighlightElements/input_field_index'

2020-06-07 22:02:54 - [MESSAGE][PASSED] - Keys 'DOWN + ' sent to object: 'Object Repository/Objects.HighlightElements/input_field_index'

2020-06-07 22:02:54 - [TEST_STEP][PASSED] - delay(DelayTime): Delayed 2 second(s)

2020-06-07 22:02:56 - [MESSAGE][PASSED] - Delayed 2 second(s)

2020-06-07 22:02:56 - [TEST_STEP][PASSED] - sendKeys(NewInputNmField, Keys.chord(ENTER)): Keys 'ENTER + ' sent to object: 'Object Repository/Objects.HighlightElements/input_field_index'

2020-06-07 22:02:56 - [MESSAGE][PASSED] - Keys 'ENTER + ' sent to object: 'Object Repository/Objects.HighlightElements/input_field_index'

2020-06-07 22:02:56 - [TEST_STEP][PASSED] - ComboBoxValue = getAttribute(NewInputNmField, "value"): Attribute 'value' of object 'Object Repository/Objects.HighlightElements/input_field_index' is: 'Liu Xiaopeng (XIAOPENG)'

2020-06-07 22:02:57 - [MESSAGE][PASSED] - Attribute 'value' of object 'Object Repository/Objects.HighlightElements/input_field_index' is: 'Liu Xiaopeng (XIAOPENG)'

2020-06-07 22:02:57 - [TEST_STEP][PASSED] - callTestCase(findTestCase(CallTCName), ["FindValue":ComboBoxValue, "DropdownNm":comboNm], STOP_ON_FAILURE): Call Test Case 'Test Cases/PFI Precision and Scale/HashMap Tables/OfficerLists' successfully

2020-06-07 22:02:57 - [TEST_CASE][PASSED] - Test Cases/PFI Precision and Scale/HashMap Tables/OfficerLists: Test Cases/PFI Precision and Scale/HashMap Tables/OfficerLists

2020-06-07 22:02:57 - [TEST_STEP][PASSED] - Thread.sleep(1000): null

2020-06-07 22:02:58 - [TEST_STEP][PASSED] - OfficerLists = [1:"Aaron Sham Wai Lun (AARON)", 2:"Azidah Bte Akmad (Mdm) (USAABD)", 3:"Chung Fong Nyen (USACFN)", 4:"David Tey Dah Wei (DAHWEI)", ... ]: null

2020-06-07 22:02:58 - [TEST_STEP][PASSED] - ValueFound = OfficerLists.find({ -> ... }): null

2020-06-07 22:02:58 - [MESSAGE][PASSED] - Call Test Case 'Test Cases/PFI Precision and Scale/HashMap Tables/OfficerLists' successfully

2020-06-07 22:02:58 - [TEST_STEP][PASSED] - println(ValueFound): null

2020-06-07 22:02:58 - [TEST_STEP][PASSED] - sendKeys(NewInputNmField, Keys.chord(ARROW_DOWN)): Keys 'DOWN + ' sent to object: 'Object Repository/Objects.HighlightElements/input_field_index'

2020-06-07 22:02:59 - [MESSAGE][PASSED] - Keys 'DOWN + ' sent to object: 'Object Repository/Objects.HighlightElements/input_field_index'

2020-06-07 22:02:59 - [TEST_STEP][PASSED] - sendKeys(NewInputNmField, Keys.chord(ARROW_DOWN)): Keys 'DOWN + ' sent to object: 'Object Repository/Objects.HighlightElements/input_field_index'

2020-06-07 22:02:59 - [MESSAGE][PASSED] - Keys 'DOWN + ' sent to object: 'Object Repository/Objects.HighlightElements/input_field_index'

2020-06-07 22:02:59 - [TEST_STEP][PASSED] - delay(DelayTime): Delayed 2 second(s)

2020-06-07 22:03:01 - [MESSAGE][PASSED] - Delayed 2 second(s)

2020-06-07 22:03:01 - [TEST_STEP][PASSED] - sendKeys(NewInputNmField, Keys.chord(ENTER)): Keys 'ENTER + ' sent to object: 'Object Repository/Objects.HighlightElements/input_field_index'

2020-06-07 22:03:01 - [MESSAGE][PASSED] - Keys 'ENTER + ' sent to object: 'Object Repository/Objects.HighlightElements/input_field_index'

2020-06-07 22:03:01 - [TEST_STEP][PASSED] - ComboBoxValue = getAttribute(NewInputNmField, "value"): Attribute 'value' of object 'Object Repository/Objects.HighlightElements/input_field_index' is: 'Lu Ji Ju (Mdm) (USALJJ)'

2020-06-07 22:03:02 - [MESSAGE][PASSED] - Attribute 'value' of object 'Object Repository/Objects.HighlightElements/input_field_index' is: 'Lu Ji Ju (Mdm) (USALJJ)'

2020-06-07 22:03:02 - [TEST_STEP][PASSED] - callTestCase(findTestCase(CallTCName), ["FindValue":ComboBoxValue, "DropdownNm":comboNm], STOP_ON_FAILURE): Call Test Case 'Test Cases/PFI Precision and Scale/HashMap Tables/OfficerLists' successfully

2020-06-07 22:03:02 - [TEST_CASE][PASSED] - Test Cases/PFI Precision and Scale/HashMap Tables/OfficerLists: Test Cases/PFI Precision and Scale/HashMap Tables/OfficerLists

2020-06-07 22:03:02 - [TEST_STEP][PASSED] - Thread.sleep(1000): null

2020-06-07 22:03:03 - [TEST_STEP][PASSED] - OfficerLists = [1:"Aaron Sham Wai Lun (AARON)", 2:"Azidah Bte Akmad (Mdm) (USAABD)", 3:"Chung Fong Nyen (USACFN)", 4:"David Tey Dah Wei (DAHWEI)", ... ]: null

2020-06-07 22:03:03 - [TEST_STEP][PASSED] - ValueFound = OfficerLists.find({ -> ... }): null

2020-06-07 22:03:03 - [MESSAGE][PASSED] - Call Test Case 'Test Cases/PFI Precision and Scale/HashMap Tables/OfficerLists' successfully

2020-06-07 22:03:03 - [TEST_STEP][PASSED] - println(ValueFound): null

2020-06-07 22:03:03 - [TEST_STEP][PASSED] - sendKeys(NewInputNmField, Keys.chord(ARROW_DOWN)): Keys 'DOWN + ' sent to object: 'Object Repository/Objects.HighlightElements/input_field_index'

2020-06-07 22:03:04 - [MESSAGE][PASSED] - Keys 'DOWN + ' sent to object: 'Object Repository/Objects.HighlightElements/input_field_index'

2020-06-07 22:03:04 - [TEST_STEP][PASSED] - sendKeys(NewInputNmField, Keys.chord(ARROW_DOWN)): Keys 'DOWN + ' sent to object: 'Object Repository/Objects.HighlightElements/input_field_index'

2020-06-07 22:03:04 - [MESSAGE][PASSED] - Keys 'DOWN + ' sent to object: 'Object Repository/Objects.HighlightElements/input_field_index'

2020-06-07 22:03:04 - [TEST_STEP][PASSED] - delay(DelayTime): Delayed 2 second(s)

2020-06-07 22:03:06 - [MESSAGE][PASSED] - Delayed 2 second(s)

2020-06-07 22:03:06 - [TEST_STEP][PASSED] - sendKeys(NewInputNmField, Keys.chord(ENTER)): Keys 'ENTER + ' sent to object: 'Object Repository/Objects.HighlightElements/input_field_index'

2020-06-07 22:03:06 - [MESSAGE][PASSED] - Keys 'ENTER + ' sent to object: 'Object Repository/Objects.HighlightElements/input_field_index'

2020-06-07 22:03:06 - [TEST_STEP][PASSED] - ComboBoxValue = getAttribute(NewInputNmField, "value"): Attribute 'value' of object 'Object Repository/Objects.HighlightElements/input_field_index' is: 'Mohd Jeffri Bin Abdul Rahim (MOHDJEFFRI)'

2020-06-07 22:03:07 - [MESSAGE][PASSED] - Attribute 'value' of object 'Object Repository/Objects.HighlightElements/input_field_index' is: 'Mohd Jeffri Bin Abdul Rahim (MOHDJEFFRI)'

2020-06-07 22:03:07 - [TEST_STEP][PASSED] - callTestCase(findTestCase(CallTCName), ["FindValue":ComboBoxValue, "DropdownNm":comboNm], STOP_ON_FAILURE): Call Test Case 'Test Cases/PFI Precision and Scale/HashMap Tables/OfficerLists' successfully

2020-06-07 22:03:07 - [TEST_CASE][PASSED] - Test Cases/PFI Precision and Scale/HashMap Tables/OfficerLists: Test Cases/PFI Precision and Scale/HashMap Tables/OfficerLists

2020-06-07 22:03:07 - [TEST_STEP][PASSED] - Thread.sleep(1000): null

2020-06-07 22:03:08 - [TEST_STEP][PASSED] - OfficerLists = [1:"Aaron Sham Wai Lun (AARON)", 2:"Azidah Bte Akmad (Mdm) (USAABD)", 3:"Chung Fong Nyen (USACFN)", 4:"David Tey Dah Wei (DAHWEI)", ... ]: null

2020-06-07 22:03:08 - [TEST_STEP][PASSED] - ValueFound = OfficerLists.find({ -> ... }): null

2020-06-07 22:03:08 - [MESSAGE][PASSED] - Call Test Case 'Test Cases/PFI Precision and Scale/HashMap Tables/OfficerLists' successfully

2020-06-07 22:03:08 - [TEST_STEP][PASSED] - println(ValueFound): null

2020-06-07 22:03:08 - [TEST_STEP][PASSED] - sendKeys(NewInputNmField, Keys.chord(ARROW_DOWN)): Keys 'DOWN + ' sent to object: 'Object Repository/Objects.HighlightElements/input_field_index'

2020-06-07 22:03:08 - [MESSAGE][PASSED] - Keys 'DOWN + ' sent to object: 'Object Repository/Objects.HighlightElements/input_field_index'

2020-06-07 22:03:08 - [TEST_STEP][PASSED] - sendKeys(NewInputNmField, Keys.chord(ARROW_DOWN)): Keys 'DOWN + ' sent to object: 'Object Repository/Objects.HighlightElements/input_field_index'

2020-06-07 22:03:09 - [MESSAGE][PASSED] - Keys 'DOWN + ' sent to object: 'Object Repository/Objects.HighlightElements/input_field_index'

2020-06-07 22:03:09 - [TEST_STEP][PASSED] - delay(DelayTime): Delayed 2 second(s)

2020-06-07 22:03:11 - [MESSAGE][PASSED] - Delayed 2 second(s)

2020-06-07 22:03:11 - [TEST_STEP][PASSED] - sendKeys(NewInputNmField, Keys.chord(ENTER)): Keys 'ENTER + ' sent to object: 'Object Repository/Objects.HighlightElements/input_field_index'

2020-06-07 22:03:11 - [MESSAGE][PASSED] - Keys 'ENTER + ' sent to object: 'Object Repository/Objects.HighlightElements/input_field_index'

2020-06-07 22:03:11 - [TEST_STEP][PASSED] - ComboBoxValue = getAttribute(NewInputNmField, "value"): Attribute 'value' of object 'Object Repository/Objects.HighlightElements/input_field_index' is: 'Richard Lim Fang Ping (FANGPING)'

2020-06-07 22:03:12 - [MESSAGE][PASSED] - Attribute 'value' of object 'Object Repository/Objects.HighlightElements/input_field_index' is: 'Richard Lim Fang Ping (FANGPING)'

2020-06-07 22:03:12 - [TEST_STEP][PASSED] - callTestCase(findTestCase(CallTCName), ["FindValue":ComboBoxValue, "DropdownNm":comboNm], STOP_ON_FAILURE): Call Test Case 'Test Cases/PFI Precision and Scale/HashMap Tables/OfficerLists' successfully

2020-06-07 22:03:12 - [TEST_CASE][PASSED] - Test Cases/PFI Precision and Scale/HashMap Tables/OfficerLists: Test Cases/PFI Precision and Scale/HashMap Tables/OfficerLists

2020-06-07 22:03:12 - [TEST_STEP][PASSED] - Thread.sleep(1000): null

2020-06-07 22:03:13 - [TEST_STEP][PASSED] - OfficerLists = [1:"Aaron Sham Wai Lun (AARON)", 2:"Azidah Bte Akmad (Mdm) (USAABD)", 3:"Chung Fong Nyen (USACFN)", 4:"David Tey Dah Wei (DAHWEI)", ... ]: null

2020-06-07 22:03:13 - [TEST_STEP][PASSED] - ValueFound = OfficerLists.find({ -> ... }): null

2020-06-07 22:03:13 - [MESSAGE][PASSED] - Call Test Case 'Test Cases/PFI Precision and Scale/HashMap Tables/OfficerLists' successfully

2020-06-07 22:03:13 - [TEST_STEP][PASSED] - println(ValueFound): null

2020-06-07 22:03:13 - [TEST_STEP][PASSED] - sendKeys(NewInputNmField, Keys.chord(ARROW_DOWN)): Keys 'DOWN + ' sent to object: 'Object Repository/Objects.HighlightElements/input_field_index'

2020-06-07 22:03:13 - [MESSAGE][PASSED] - Keys 'DOWN + ' sent to object: 'Object Repository/Objects.HighlightElements/input_field_index'

2020-06-07 22:03:13 - [TEST_STEP][PASSED] - sendKeys(NewInputNmField, Keys.chord(ARROW_DOWN)): Keys 'DOWN + ' sent to object: 'Object Repository/Objects.HighlightElements/input_field_index'

2020-06-07 22:03:14 - [MESSAGE][PASSED] - Keys 'DOWN + ' sent to object: 'Object Repository/Objects.HighlightElements/input_field_index'

2020-06-07 22:03:14 - [TEST_STEP][PASSED] - delay(DelayTime): Delayed 2 second(s)

2020-06-07 22:03:16 - [MESSAGE][PASSED] - Delayed 2 second(s)

2020-06-07 22:03:16 - [TEST_STEP][PASSED] - sendKeys(NewInputNmField, Keys.chord(ENTER)): Keys 'ENTER + ' sent to object: 'Object Repository/Objects.HighlightElements/input_field_index'

2020-06-07 22:03:16 - [MESSAGE][PASSED] - Keys 'ENTER + ' sent to object: 'Object Repository/Objects.HighlightElements/input_field_index'

2020-06-07 22:03:16 - [TEST_STEP][PASSED] - ComboBoxValue = getAttribute(NewInputNmField, "value"): Attribute 'value' of object 'Object Repository/Objects.HighlightElements/input_field_index' is: 'RITA WONG SIONG ING (RITAWONG)'

2020-06-07 22:03:17 - [MESSAGE][PASSED] - Attribute 'value' of object 'Object Repository/Objects.HighlightElements/input_field_index' is: 'RITA WONG SIONG ING (RITAWONG)'

2020-06-07 22:03:17 - [TEST_STEP][PASSED] - callTestCase(findTestCase(CallTCName), ["FindValue":ComboBoxValue, "DropdownNm":comboNm], STOP_ON_FAILURE): Call Test Case 'Test Cases/PFI Precision and Scale/HashMap Tables/OfficerLists' successfully

2020-06-07 22:03:17 - [TEST_CASE][PASSED] - Test Cases/PFI Precision and Scale/HashMap Tables/OfficerLists: Test Cases/PFI Precision and Scale/HashMap Tables/OfficerLists

2020-06-07 22:03:17 - [TEST_STEP][PASSED] - Thread.sleep(1000): null

2020-06-07 22:03:18 - [TEST_STEP][PASSED] - OfficerLists = [1:"Aaron Sham Wai Lun (AARON)", 2:"Azidah Bte Akmad (Mdm) (USAABD)", 3:"Chung Fong Nyen (USACFN)", 4:"David Tey Dah Wei (DAHWEI)", ... ]: null

2020-06-07 22:03:18 - [TEST_STEP][PASSED] - ValueFound = OfficerLists.find({ -> ... }): null

2020-06-07 22:03:18 - [MESSAGE][PASSED] - Call Test Case 'Test Cases/PFI Precision and Scale/HashMap Tables/OfficerLists' successfully

2020-06-07 22:03:18 - [TEST_STEP][PASSED] - println(ValueFound): null

2020-06-07 22:03:18 - [TEST_STEP][PASSED] - sendKeys(NewInputNmField, Keys.chord(ARROW_DOWN)): Keys 'DOWN + ' sent to object: 'Object Repository/Objects.HighlightElements/input_field_index'

2020-06-07 22:03:19 - [MESSAGE][PASSED] - Keys 'DOWN + ' sent to object: 'Object Repository/Objects.HighlightElements/input_field_index'

2020-06-07 22:03:19 - [TEST_STEP][PASSED] - sendKeys(NewInputNmField, Keys.chord(ARROW_DOWN)): Keys 'DOWN + ' sent to object: 'Object Repository/Objects.HighlightElements/input_field_index'

2020-06-07 22:03:19 - [MESSAGE][PASSED] - Keys 'DOWN + ' sent to object: 'Object Repository/Objects.HighlightElements/input_field_index'

2020-06-07 22:03:19 - [TEST_STEP][PASSED] - delay(DelayTime): Delayed 2 second(s)

2020-06-07 22:03:21 - [MESSAGE][PASSED] - Delayed 2 second(s)

2020-06-07 22:03:21 - [TEST_STEP][PASSED] - sendKeys(NewInputNmField, Keys.chord(ENTER)): Keys 'ENTER + ' sent to object: 'Object Repository/Objects.HighlightElements/input_field_index'

2020-06-07 22:03:22 - [MESSAGE][PASSED] - Keys 'ENTER + ' sent to object: 'Object Repository/Objects.HighlightElements/input_field_index'

2020-06-07 22:03:22 - [TEST_STEP][PASSED] - ComboBoxValue = getAttribute(NewInputNmField, "value"): Attribute 'value' of object 'Object Repository/Objects.HighlightElements/input_field_index' is: 'Shi Hong Wei (HONGWEI)'

2020-06-07 22:03:22 - [MESSAGE][PASSED] - Attribute 'value' of object 'Object Repository/Objects.HighlightElements/input_field_index' is: 'Shi Hong Wei (HONGWEI)'

2020-06-07 22:03:22 - [TEST_STEP][PASSED] - callTestCase(findTestCase(CallTCName), ["FindValue":ComboBoxValue, "DropdownNm":comboNm], STOP_ON_FAILURE): Call Test Case 'Test Cases/PFI Precision and Scale/HashMap Tables/OfficerLists' successfully

2020-06-07 22:03:22 - [TEST_CASE][PASSED] - Test Cases/PFI Precision and Scale/HashMap Tables/OfficerLists: Test Cases/PFI Precision and Scale/HashMap Tables/OfficerLists

2020-06-07 22:03:22 - [TEST_STEP][PASSED] - Thread.sleep(1000): null

2020-06-07 22:03:23 - [TEST_STEP][PASSED] - OfficerLists = [1:"Aaron Sham Wai Lun (AARON)", 2:"Azidah Bte Akmad (Mdm) (USAABD)", 3:"Chung Fong Nyen (USACFN)", 4:"David Tey Dah Wei (DAHWEI)", ... ]: null

2020-06-07 22:03:23 - [TEST_STEP][PASSED] - ValueFound = OfficerLists.find({ -> ... }): null

2020-06-07 22:03:23 - [MESSAGE][PASSED] - Call Test Case 'Test Cases/PFI Precision and Scale/HashMap Tables/OfficerLists' successfully

2020-06-07 22:03:23 - [TEST_STEP][PASSED] - println(ValueFound): null

2020-06-07 22:03:23 - [TEST_STEP][PASSED] - sendKeys(NewInputNmField, Keys.chord(ARROW_DOWN)): Keys 'DOWN + ' sent to object: 'Object Repository/Objects.HighlightElements/input_field_index'

2020-06-07 22:03:24 - [MESSAGE][PASSED] - Keys 'DOWN + ' sent to object: 'Object Repository/Objects.HighlightElements/input_field_index'

2020-06-07 22:03:24 - [TEST_STEP][PASSED] - sendKeys(NewInputNmField, Keys.chord(ARROW_DOWN)): Keys 'DOWN + ' sent to object: 'Object Repository/Objects.HighlightElements/input_field_index'

2020-06-07 22:03:24 - [MESSAGE][PASSED] - Keys 'DOWN + ' sent to object: 'Object Repository/Objects.HighlightElements/input_field_index'

2020-06-07 22:03:24 - [TEST_STEP][PASSED] - delay(DelayTime): Delayed 2 second(s)

2020-06-07 22:03:26 - [MESSAGE][PASSED] - Delayed 2 second(s)

2020-06-07 22:03:26 - [TEST_STEP][PASSED] - sendKeys(NewInputNmField, Keys.chord(ENTER)): Keys 'ENTER + ' sent to object: 'Object Repository/Objects.HighlightElements/input_field_index'

2020-06-07 22:03:27 - [MESSAGE][PASSED] - Keys 'ENTER + ' sent to object: 'Object Repository/Objects.HighlightElements/input_field_index'

2020-06-07 22:03:27 - [TEST_STEP][PASSED] - ComboBoxValue = getAttribute(NewInputNmField, "value"): Attribute 'value' of object 'Object Repository/Objects.HighlightElements/input_field_index' is: 'Tan Jing Ying (JINGYING)'

2020-06-07 22:03:27 - [MESSAGE][PASSED] - Attribute 'value' of object 'Object Repository/Objects.HighlightElements/input_field_index' is: 'Tan Jing Ying (JINGYING)'

2020-06-07 22:03:27 - [TEST_STEP][PASSED] - callTestCase(findTestCase(CallTCName), ["FindValue":ComboBoxValue, "DropdownNm":comboNm], STOP_ON_FAILURE): Call Test Case 'Test Cases/PFI Precision and Scale/HashMap Tables/OfficerLists' successfully

2020-06-07 22:03:27 - [TEST_CASE][PASSED] - Test Cases/PFI Precision and Scale/HashMap Tables/OfficerLists: Test Cases/PFI Precision and Scale/HashMap Tables/OfficerLists

2020-06-07 22:03:27 - [TEST_STEP][PASSED] - Thread.sleep(1000): null

2020-06-07 22:03:28 - [TEST_STEP][PASSED] - OfficerLists = [1:"Aaron Sham Wai Lun (AARON)", 2:"Azidah Bte Akmad (Mdm) (USAABD)", 3:"Chung Fong Nyen (USACFN)", 4:"David Tey Dah Wei (DAHWEI)", ... ]: null

2020-06-07 22:03:28 - [TEST_STEP][PASSED] - ValueFound = OfficerLists.find({ -> ... }): null

2020-06-07 22:03:28 - [MESSAGE][PASSED] - Call Test Case 'Test Cases/PFI Precision and Scale/HashMap Tables/OfficerLists' successfully

2020-06-07 22:03:28 - [TEST_STEP][PASSED] - println(ValueFound): null

2020-06-07 22:03:28 - [TEST_STEP][PASSED] - sendKeys(NewInputNmField, Keys.chord(ARROW_DOWN)): Keys 'DOWN + ' sent to object: 'Object Repository/Objects.HighlightElements/input_field_index'

2020-06-07 22:03:29 - [MESSAGE][PASSED] - Keys 'DOWN + ' sent to object: 'Object Repository/Objects.HighlightElements/input_field_index'

2020-06-07 22:03:29 - [TEST_STEP][PASSED] - sendKeys(NewInputNmField, Keys.chord(ARROW_DOWN)): Keys 'DOWN + ' sent to object: 'Object Repository/Objects.HighlightElements/input_field_index'

2020-06-07 22:03:29 - [MESSAGE][PASSED] - Keys 'DOWN + ' sent to object: 'Object Repository/Objects.HighlightElements/input_field_index'

2020-06-07 22:03:29 - [TEST_STEP][PASSED] - delay(DelayTime): Delayed 2 second(s)

2020-06-07 22:03:31 - [MESSAGE][PASSED] - Delayed 2 second(s)

2020-06-07 22:03:31 - [TEST_STEP][PASSED] - sendKeys(NewInputNmField, Keys.chord(ENTER)): Keys 'ENTER + ' sent to object: 'Object Repository/Objects.HighlightElements/input_field_index'

2020-06-07 22:03:31 - [MESSAGE][PASSED] - Keys 'ENTER + ' sent to object: 'Object Repository/Objects.HighlightElements/input_field_index'

2020-06-07 22:03:31 - [TEST_STEP][PASSED] - ComboBoxValue = getAttribute(NewInputNmField, "value"): Attribute 'value' of object 'Object Repository/Objects.HighlightElements/input_field_index' is: 'Tan Kwan Joo (KWANJOO)'

2020-06-07 22:03:32 - [MESSAGE][PASSED] - Attribute 'value' of object 'Object Repository/Objects.HighlightElements/input_field_index' is: 'Tan Kwan Joo (KWANJOO)'

2020-06-07 22:03:32 - [TEST_STEP][PASSED] - callTestCase(findTestCase(CallTCName), ["FindValue":ComboBoxValue, "DropdownNm":comboNm], STOP_ON_FAILURE): Call Test Case 'Test Cases/PFI Precision and Scale/HashMap Tables/OfficerLists' successfully

2020-06-07 22:03:32 - [TEST_CASE][PASSED] - Test Cases/PFI Precision and Scale/HashMap Tables/OfficerLists: Test Cases/PFI Precision and Scale/HashMap Tables/OfficerLists

2020-06-07 22:03:32 - [TEST_STEP][PASSED] - Thread.sleep(1000): null

2020-06-07 22:03:33 - [TEST_STEP][PASSED] - OfficerLists = [1:"Aaron Sham Wai Lun (AARON)", 2:"Azidah Bte Akmad (Mdm) (USAABD)", 3:"Chung Fong Nyen (USACFN)", 4:"David Tey Dah Wei (DAHWEI)", ... ]: null

2020-06-07 22:03:33 - [TEST_STEP][PASSED] - ValueFound = OfficerLists.find({ -> ... }): null

2020-06-07 22:03:33 - [MESSAGE][PASSED] - Call Test Case 'Test Cases/PFI Precision and Scale/HashMap Tables/OfficerLists' successfully

2020-06-07 22:03:33 - [TEST_STEP][PASSED] - println(ValueFound): null

2020-06-07 22:03:33 - [TEST_STEP][PASSED] - sendKeys(NewInputNmField, Keys.chord(ARROW_DOWN)): Keys 'DOWN + ' sent to object: 'Object Repository/Objects.HighlightElements/input_field_index'

2020-06-07 22:03:34 - [MESSAGE][PASSED] - Keys 'DOWN + ' sent to object: 'Object Repository/Objects.HighlightElements/input_field_index'

2020-06-07 22:03:34 - [TEST_STEP][PASSED] - sendKeys(NewInputNmField, Keys.chord(ARROW_DOWN)): Keys 'DOWN + ' sent to object: 'Object Repository/Objects.HighlightElements/input_field_index'

2020-06-07 22:03:34 - [MESSAGE][PASSED] - Keys 'DOWN + ' sent to object: 'Object Repository/Objects.HighlightElements/input_field_index'

2020-06-07 22:03:34 - [TEST_STEP][PASSED] - delay(DelayTime): Delayed 2 second(s)

2020-06-07 22:03:36 - [MESSAGE][PASSED] - Delayed 2 second(s)

2020-06-07 22:03:36 - [TEST_STEP][PASSED] - sendKeys(NewInputNmField, Keys.chord(ENTER)): Keys 'ENTER + ' sent to object: 'Object Repository/Objects.HighlightElements/input_field_index'

2020-06-07 22:03:37 - [MESSAGE][PASSED] - Keys 'ENTER + ' sent to object: 'Object Repository/Objects.HighlightElements/input_field_index'

2020-06-07 22:03:37 - [TEST_STEP][PASSED] - ComboBoxValue = getAttribute(NewInputNmField, "value"): Attribute 'value' of object 'Object Repository/Objects.HighlightElements/input_field_index' is: 'Titus Chua Hwa Ping (TITUS)'

2020-06-07 22:03:37 - [MESSAGE][PASSED] - Attribute 'value' of object 'Object Repository/Objects.HighlightElements/input_field_index' is: 'Titus Chua Hwa Ping (TITUS)'

2020-06-07 22:03:37 - [TEST_STEP][PASSED] - callTestCase(findTestCase(CallTCName), ["FindValue":ComboBoxValue, "DropdownNm":comboNm], STOP_ON_FAILURE): Call Test Case 'Test Cases/PFI Precision and Scale/HashMap Tables/OfficerLists' successfully

2020-06-07 22:03:37 - [TEST_CASE][PASSED] - Test Cases/PFI Precision and Scale/HashMap Tables/OfficerLists: Test Cases/PFI Precision and Scale/HashMap Tables/OfficerLists

2020-06-07 22:03:37 - [TEST_STEP][PASSED] - Thread.sleep(1000): null

2020-06-07 22:03:38 - [TEST_STEP][PASSED] - OfficerLists = [1:"Aaron Sham Wai Lun (AARON)", 2:"Azidah Bte Akmad (Mdm) (USAABD)", 3:"Chung Fong Nyen (USACFN)", 4:"David Tey Dah Wei (DAHWEI)", ... ]: null

2020-06-07 22:03:38 - [TEST_STEP][PASSED] - ValueFound = OfficerLists.find({ -> ... }): null

2020-06-07 22:03:38 - [MESSAGE][PASSED] - Call Test Case 'Test Cases/PFI Precision and Scale/HashMap Tables/OfficerLists' successfully

2020-06-07 22:03:38 - [TEST_STEP][PASSED] - println(ValueFound): null

2020-06-07 22:03:38 - [TEST_STEP][PASSED] - sendKeys(NewInputNmField, Keys.chord(ARROW_DOWN)): Keys 'DOWN + ' sent to object: 'Object Repository/Objects.HighlightElements/input_field_index'

2020-06-07 22:03:39 - [MESSAGE][PASSED] - Keys 'DOWN + ' sent to object: 'Object Repository/Objects.HighlightElements/input_field_index'

2020-06-07 22:03:39 - [TEST_STEP][PASSED] - sendKeys(NewInputNmField, Keys.chord(ENTER)): Keys 'ENTER + ' sent to object: 'Object Repository/Objects.HighlightElements/input_field_index'

2020-06-07 22:03:39 - [MESSAGE][PASSED] - Keys 'ENTER + ' sent to object: 'Object Repository/Objects.HighlightElements/input_field_index'

2020-06-07 22:03:39 - [MESSAGE][PASSED] - Call Test Case 'Test Cases/PFI Precision and Scale/PFI Components with Indexing/VerifyDropdownValuesXPI' successfully

2020-06-07 22:03:39 - [TEST_STEP][PASSED] - callTestCase(findTestCase("Components/SelectAllThenDeleteIndex"), ["nameToBeUsed":"officer", "index":"1"], STOP_ON_FAILURE): Call Test Case 'Test Cases/Components/SelectAllThenDeleteIndex' successfully

2020-06-07 22:03:39 - [TEST_CASE][PASSED] - Test Cases/Components/SelectAllThenDeleteIndex: Test Cases/Components/SelectAllThenDeleteIndex

2020-06-07 22:03:39 - [TEST_STEP][PASSED] - Thread.sleep(1000): null

2020-06-07 22:03:40 - [TEST_STEP][PASSED] - modifiedObj = modifyObjectProperty(findTestObject("Object Repository/Objects.HighlightElements/input_field_index"), "xpath", "equals", "(//*[contains(@class,'x-form-text') and (@name='" + nameToBeUsed + "')])[" + index + "]", true): Modify property of object successfully

2020-06-07 22:03:40 - [MESSAGE][PASSED] - Modify property of object successfully

2020-06-07 22:03:40 - [TEST_STEP][PASSED] - focus(modifiedObj): Object: 'Object Repository/Objects.HighlightElements/input_field_index' is focused

2020-06-07 22:03:41 - [MESSAGE][PASSED] - Object: 'Object Repository/Objects.HighlightElements/input_field_index' is focused

2020-06-07 22:03:41 - [TEST_STEP][PASSED] - sendKeys(modifiedObj, Keys.chord(CONTROL, "a")): Keys 'CONTROL + a' sent to object: 'Object Repository/Objects.HighlightElements/input_field_index'

2020-06-07 22:03:41 - [MESSAGE][PASSED] - Keys 'CONTROL + a' sent to object: 'Object Repository/Objects.HighlightElements/input_field_index'

2020-06-07 22:03:41 - [TEST_STEP][PASSED] - sendKeys(modifiedObj, Keys.chord(DELETE)): Keys 'DELETE + ' sent to object: 'Object Repository/Objects.HighlightElements/input_field_index'

2020-06-07 22:03:42 - [MESSAGE][PASSED] - Keys 'DELETE + ' sent to object: 'Object Repository/Objects.HighlightElements/input_field_index'

2020-06-07 22:03:42 - [MESSAGE][PASSED] - Call Test Case 'Test Cases/Components/SelectAllThenDeleteIndex' successfully

2020-06-07 22:03:42 - [TEST_STEP][PASSED] - callTestCase(findTestCase("PFI Precision and Scale/PFI Components with Indexing/RequiredFieldValidationIndex"), ["nameToBeUsed":"officer", "index":1], STOP_ON_FAILURE): Call Test Case 'Test Cases/PFI Precision and Scale/PFI Components with Indexing/RequiredFieldValidationIndex' successfully

2020-06-07 22:03:42 - [TEST_CASE][PASSED] - Test Cases/PFI Precision and Scale/PFI Components with Indexing/RequiredFieldValidationIndex: Test Cases/PFI Precision and Scale/PFI Components with Indexing/RequiredFieldValidationIndex

2020-06-07 22:03:43 - [TEST_STEP][PASSED] - enableSmartWait(): null

2020-06-07 22:03:43 - [TEST_STEP][PASSED] - NewInputNmField = modifyObjectProperty(findTestObject("Objects.HighlightElements/input_field_index"), "xpath", "equals", "(//*[contains(@class,'x-form-text') and (@name='" + nameToBeUsed + "')])[" + index + "]", true): Modify property of object successfully

2020-06-07 22:03:43 - [MESSAGE][PASSED] - Modify property of object successfully

2020-06-07 22:03:43 - [TEST_STEP][PASSED] - mouseOver(NewInputNmField): Object: 'Object Repository/Objects.HighlightElements/input_field_index' is hovered

2020-06-07 22:03:43 - [MESSAGE][PASSED] - Object: 'Object Repository/Objects.HighlightElements/input_field_index' is hovered

2020-06-07 22:03:43 - [TEST_STEP][PASSED] - getRqErrMsg = getAttribute(NewInputNmField, "data-errorqtip"): Attribute 'data-errorqtip' of object 'Object Repository/Objects.HighlightElements/input_field_index' is: '<ul class="x-list-plain"><li>This field is required</li></ul>'

2020-06-07 22:03:44 - [MESSAGE][PASSED] - Attribute 'data-errorqtip' of object 'Object Repository/Objects.HighlightElements/input_field_index' is: '<ul class="x-list-plain"><li>This field is required</li></ul>'

2020-06-07 22:03:44 - [TEST_STEP][PASSED] - strToolTip = getRqErrMsg.substring(29, 61): null

2020-06-07 22:03:44 - [TEST_STEP][PASSED] - toolTipReqErrMsg = strToolTip.substring(0, 22): null

2020-06-07 22:03:44 - [TEST_STEP][PASSED] - verifyMatch(toolTipReqErrMsg, RqField, true): Actual text 'This field is required' and expected text 'This field is required' are matched  using regular expression

2020-06-07 22:03:44 - [MESSAGE][PASSED] - Actual text 'This field is required' and expected text 'This field is required' are matched  using regular expression

2020-06-07 22:03:44 - [MESSAGE][PASSED] - Call Test Case 'Test Cases/PFI Precision and Scale/PFI Components with Indexing/RequiredFieldValidationIndex' successfully

2020-06-07 22:03:44 - [TEST_STEP][PASSED] - callTestCase(findTestCase("Components/HighlightLabelFieldXPI"), ["LblName":"Weightage", "index":1], STOP_ON_FAILURE): Call Test Case 'Test Cases/Components/HighlightLabelFieldXPI' successfully

2020-06-07 22:03:44 - [TEST_CASE][PASSED] - Test Cases/Components/HighlightLabelFieldXPI: Test Cases/Components/HighlightLabelFieldXPI

2020-06-07 22:03:44 - [TEST_STEP][PASSED] - Thread.sleep(1000): null

2020-06-07 22:03:45 - [TEST_STEP][PASSED] - modifiedLblNm = modifyObjectProperty(findTestObject("Object Repository/Objects.HighlightElements/lblField_index"), "xpath", "equals", "(//*[contains(@class, 'x-form-item-label-inner x-form-item-label-inner-default') and contains(., '" + LblName + "')])[" + index + "]", true): Modify property of object successfully

2020-06-07 22:03:45 - [MESSAGE][PASSED] - Modify property of object successfully

2020-06-07 22:03:45 - [TEST_STEP][PASSED] - com.reusableComponents.HighlightElement.run(modifiedLblNm): com.reusableComponents.HighlightElement.run is PASSED

2020-06-07 22:03:47 - [MESSAGE][PASSED] - com.reusableComponents.HighlightElement.run is PASSED

2020-06-07 22:03:47 - [MESSAGE][PASSED] - Call Test Case 'Test Cases/Components/HighlightLabelFieldXPI' successfully

2020-06-07 22:03:47 - [TEST_STEP][PASSED] - callTestCase(findTestCase("Components/HighlightInputFieldXPI"), ["FldNm":"inspWeight", "index":1], STOP_ON_FAILURE): Call Test Case 'Test Cases/Components/HighlightInputFieldXPI' successfully

2020-06-07 22:03:47 - [TEST_CASE][PASSED] - Test Cases/Components/HighlightInputFieldXPI: Test Cases/Components/HighlightInputFieldXPI

2020-06-07 22:03:47 - [TEST_STEP][PASSED] - Thread.sleep(1000): null

2020-06-07 22:03:48 - [TEST_STEP][PASSED] - modifiedInputNm = modifyObjectProperty(findTestObject("Object Repository/Objects.HighlightElements/input_field_index"), "xpath", "equals", "(//*[contains(@name, '" + FldNm + "')])[" + index + "]", true): Modify property of object successfully

2020-06-07 22:03:49 - [MESSAGE][PASSED] - Modify property of object successfully

2020-06-07 22:03:49 - [TEST_STEP][PASSED] - com.reusableComponents.HighlightElement.run(modifiedInputNm): com.reusableComponents.HighlightElement.run is PASSED

2020-06-07 22:03:51 - [MESSAGE][PASSED] - com.reusableComponents.HighlightElement.run is PASSED

2020-06-07 22:03:51 - [MESSAGE][PASSED] - Call Test Case 'Test Cases/Components/HighlightInputFieldXPI' successfully

2020-06-07 22:03:51 - [TEST_STEP][PASSED] - callTestCase(findTestCase("PFI Precision and Scale/PFI Components/NumericTextboxValidationII"), ["nameToBeUsed":"inspWeight", "minLen":5], STOP_ON_FAILURE): Call Test Case 'Test Cases/PFI Precision and Scale/PFI Components/NumericTextboxValidationII' successfully

2020-06-07 22:03:51 - [TEST_CASE][PASSED] - Test Cases/PFI Precision and Scale/PFI Components/NumericTextboxValidationII: Test Cases/PFI Precision and Scale/PFI Components/NumericTextboxValidationII

2020-06-07 22:03:51 - [TEST_STEP][PASSED] - Thread.sleep(1000): null

2020-06-07 22:03:52 - [TEST_STEP][PASSED] - Numeric = "0123456789": null

2020-06-07 22:03:52 - [TEST_STEP][PASSED] - AlphaSpecialChar = z) + "`~!@#$%^&*()=_{}|\][;'":,?><"".join(): null

2020-06-07 22:03:52 - [TEST_STEP][PASSED] - RandomNumeric = RandomStringUtils.random(minLen, Numeric.toCharArray()): null

2020-06-07 22:03:52 - [TEST_STEP][PASSED] - RandomString = RandomStringUtils.random(minLen, AlphaSpecialChar): null

2020-06-07 22:03:52 - [TEST_STEP][PASSED] - regexPat = Pattern.compile("^[0-9]+$"): null

2020-06-07 22:03:52 - [TEST_STEP][PASSED] - NewInputNmField = modifyObjectProperty(findTestObject("Objects.RemarksValidation/input_Remarks"), "name", "equals", nameToBeUsed, true): Modify property of object successfully

2020-06-07 22:03:52 - [MESSAGE][PASSED] - Modify property of object successfully

2020-06-07 22:03:52 - [TEST_STEP][PASSED] - focus(NewInputNmField): Object: 'Object Repository/Objects.RemarksValidation/input_Remarks' is focused

2020-06-07 22:03:53 - [MESSAGE][PASSED] - Object: 'Object Repository/Objects.RemarksValidation/input_Remarks' is focused

2020-06-07 22:03:53 - [TEST_STEP][PASSED] - setText(NewInputNmField, RandomString): Text 'Z>xi>' is set on object 'Object Repository/Objects.RemarksValidation/input_Remarks'

2020-06-07 22:03:53 - [MESSAGE][PASSED] - Text 'Z>xi>' is set on object 'Object Repository/Objects.RemarksValidation/input_Remarks'

2020-06-07 22:03:53 - [TEST_STEP][PASSED] - GetInputVal = getAttribute(NewInputNmField, "value"): Attribute 'value' of object 'Object Repository/Objects.RemarksValidation/input_Remarks' is: ''

2020-06-07 22:03:54 - [MESSAGE][PASSED] - Attribute 'value' of object 'Object Repository/Objects.RemarksValidation/input_Remarks' is: ''

2020-06-07 22:03:54 - [TEST_STEP][PASSED] - if (GetInputVal.contains("e")): null

2020-06-07 22:03:54 - [TEST_STEP][PASSED] - else: Actual text '' and expected text '' are matched  using regular expression

2020-06-07 22:03:54 - [TEST_STEP][PASSED] - verifyMatch(GetInputVal, "", true): Actual text '' and expected text '' are matched  using regular expression

2020-06-07 22:03:54 - [MESSAGE][PASSED] - Actual text '' and expected text '' are matched  using regular expression

2020-06-07 22:03:54 - [TEST_STEP][PASSED] - setText(NewInputNmField, RandomNumeric): Text '25874' is set on object 'Object Repository/Objects.RemarksValidation/input_Remarks'

2020-06-07 22:03:55 - [MESSAGE][PASSED] - Text '25874' is set on object 'Object Repository/Objects.RemarksValidation/input_Remarks'

2020-06-07 22:03:55 - [TEST_STEP][PASSED] - GetEnteredIntegers = getAttribute(NewInputNmField, "value"): Attribute 'value' of object 'Object Repository/Objects.RemarksValidation/input_Remarks' is: '25874'

2020-06-07 22:03:55 - [MESSAGE][PASSED] - Attribute 'value' of object 'Object Repository/Objects.RemarksValidation/input_Remarks' is: '25874'

2020-06-07 22:03:55 - [TEST_STEP][PASSED] - matchStr = regexPat.matcher(GetEnteredIntegers): null

2020-06-07 22:03:55 - [TEST_STEP][PASSED] - if (matchStr.matches() == true): Accepting Numeric

2020-06-07 22:03:55 - [TEST_STEP][PASSED] - comment("Accepting Numeric"): Accepting Numeric

2020-06-07 22:03:55 - [MESSAGE][INFO] - Accepting Numeric

2020-06-07 22:03:55 - [MESSAGE][PASSED] - Call Test Case 'Test Cases/PFI Precision and Scale/PFI Components/NumericTextboxValidationII' successfully

2020-06-07 22:03:55 - [TEST_STEP][PASSED] - callTestCase(findTestCase("PFI Precision and Scale/PFI Components with Indexing/SpinnerUpIndex"), ["InputName":"inspWeight", "nmIndex":1, "indexUp":2, "itr":10], STOP_ON_FAILURE): Call Test Case 'Test Cases/PFI Precision and Scale/PFI Components with Indexing/SpinnerUpIndex' successfully

2020-06-07 22:03:55 - [TEST_CASE][PASSED] - Test Cases/PFI Precision and Scale/PFI Components with Indexing/SpinnerUpIndex: Test Cases/PFI Precision and Scale/PFI Components with Indexing/SpinnerUpIndex

2020-06-07 22:03:56 - [TEST_STEP][PASSED] - Thread.sleep(1000): null

2020-06-07 22:03:57 - [TEST_STEP][PASSED] - counterUp = modifyObjectProperty(findTestObject("Objects.CounterValidation/counter_icon_up"), "xpath", "equals", "(//*[contains(@class,'x-form-spinner x-form-spinner-default x-form-spinner-up x-form-spinner-up-default ')])[" + indexUp + "]", true): Modify property of object successfully

2020-06-07 22:03:57 - [MESSAGE][PASSED] - Modify property of object successfully

2020-06-07 22:03:57 - [TEST_STEP][PASSED] - modifiedInputNm = modifyObjectProperty(findTestObject("Object Repository/Objects.HighlightElements/input_field_index"), "xpath", "equals", "(//*[contains(@class,'x-form-text') and (@name='" + InputName + "')])[" + nmIndex + "]", true): Modify property of object successfully

2020-06-07 22:03:57 - [MESSAGE][PASSED] - Modify property of object successfully

2020-06-07 22:03:57 - [TEST_STEP][PASSED] - GetCurrentValue = getAttribute(modifiedInputNm, "value"): Attribute 'value' of object 'Object Repository/Objects.HighlightElements/input_field_index' is: '25874'

2020-06-07 22:03:58 - [MESSAGE][PASSED] - Attribute 'value' of object 'Object Repository/Objects.HighlightElements/input_field_index' is: '25874'

2020-06-07 22:03:58 - [TEST_STEP][PASSED] - for ([i = 0, i <= itr, (i++)]): Object: 'Object Repository/Objects.CounterValidation/counter_icon_up' is clicked on

2020-06-07 22:03:58 - [TEST_STEP][PASSED] - click(counterUp): Object: 'Object Repository/Objects.CounterValidation/counter_icon_up' is clicked on

2020-06-07 22:03:58 - [MESSAGE][PASSED] - Object: 'Object Repository/Objects.CounterValidation/counter_icon_up' is clicked on

2020-06-07 22:03:58 - [TEST_STEP][PASSED] - click(counterUp): Object: 'Object Repository/Objects.CounterValidation/counter_icon_up' is clicked on

2020-06-07 22:03:59 - [MESSAGE][PASSED] - Object: 'Object Repository/Objects.CounterValidation/counter_icon_up' is clicked on

2020-06-07 22:03:59 - [TEST_STEP][PASSED] - click(counterUp): Object: 'Object Repository/Objects.CounterValidation/counter_icon_up' is clicked on

2020-06-07 22:03:59 - [MESSAGE][PASSED] - Object: 'Object Repository/Objects.CounterValidation/counter_icon_up' is clicked on

2020-06-07 22:03:59 - [TEST_STEP][PASSED] - click(counterUp): Object: 'Object Repository/Objects.CounterValidation/counter_icon_up' is clicked on

2020-06-07 22:04:00 - [MESSAGE][PASSED] - Object: 'Object Repository/Objects.CounterValidation/counter_icon_up' is clicked on

2020-06-07 22:04:00 - [TEST_STEP][PASSED] - click(counterUp): Object: 'Object Repository/Objects.CounterValidation/counter_icon_up' is clicked on

2020-06-07 22:04:01 - [MESSAGE][PASSED] - Object: 'Object Repository/Objects.CounterValidation/counter_icon_up' is clicked on

2020-06-07 22:04:01 - [TEST_STEP][PASSED] - click(counterUp): Object: 'Object Repository/Objects.CounterValidation/counter_icon_up' is clicked on

2020-06-07 22:04:01 - [MESSAGE][PASSED] - Object: 'Object Repository/Objects.CounterValidation/counter_icon_up' is clicked on

2020-06-07 22:04:01 - [TEST_STEP][PASSED] - click(counterUp): Object: 'Object Repository/Objects.CounterValidation/counter_icon_up' is clicked on

2020-06-07 22:04:01 - [MESSAGE][PASSED] - Object: 'Object Repository/Objects.CounterValidation/counter_icon_up' is clicked on

2020-06-07 22:04:01 - [TEST_STEP][PASSED] - click(counterUp): Object: 'Object Repository/Objects.CounterValidation/counter_icon_up' is clicked on

2020-06-07 22:04:02 - [MESSAGE][PASSED] - Object: 'Object Repository/Objects.CounterValidation/counter_icon_up' is clicked on

2020-06-07 22:04:02 - [TEST_STEP][PASSED] - click(counterUp): Object: 'Object Repository/Objects.CounterValidation/counter_icon_up' is clicked on

2020-06-07 22:04:02 - [MESSAGE][PASSED] - Object: 'Object Repository/Objects.CounterValidation/counter_icon_up' is clicked on

2020-06-07 22:04:02 - [TEST_STEP][PASSED] - click(counterUp): Object: 'Object Repository/Objects.CounterValidation/counter_icon_up' is clicked on

2020-06-07 22:04:03 - [MESSAGE][PASSED] - Object: 'Object Repository/Objects.CounterValidation/counter_icon_up' is clicked on

2020-06-07 22:04:03 - [TEST_STEP][PASSED] - click(counterUp): Object: 'Object Repository/Objects.CounterValidation/counter_icon_up' is clicked on

2020-06-07 22:04:03 - [MESSAGE][PASSED] - Object: 'Object Repository/Objects.CounterValidation/counter_icon_up' is clicked on

2020-06-07 22:04:03 - [TEST_STEP][PASSED] - NewValue = getAttribute(modifiedInputNm, "value"): Attribute 'value' of object 'Object Repository/Objects.HighlightElements/input_field_index' is: '25885'

2020-06-07 22:04:04 - [MESSAGE][PASSED] - Attribute 'value' of object 'Object Repository/Objects.HighlightElements/input_field_index' is: '25885'

2020-06-07 22:04:04 - [TEST_STEP][PASSED] - if (NewValue != findTestData("PrecisionAndScaleDB").getValue("MaxCharacters", 7)): Actual number '25885' is greater than expected number '25874'

2020-06-07 22:04:04 - [TEST_STEP][PASSED] - verifyGreaterThan(NewValue, GetCurrentValue, STOP_ON_FAILURE): Actual number '25885' is greater than expected number '25874'

2020-06-07 22:04:04 - [MESSAGE][PASSED] - Actual number '25885' is greater than expected number '25874'

2020-06-07 22:04:04 - [MESSAGE][PASSED] - Call Test Case 'Test Cases/PFI Precision and Scale/PFI Components with Indexing/SpinnerUpIndex' successfully

2020-06-07 22:04:04 - [TEST_STEP][PASSED] - callTestCase(findTestCase("PFI Precision and Scale/PFI Components with Indexing/SpinnerDownIndex"), ["InputName":"inspWeight", "nmIndex":1, "indexDown":2, "itr":20], STOP_ON_FAILURE): Call Test Case 'Test Cases/PFI Precision and Scale/PFI Components with Indexing/SpinnerDownIndex' successfully

2020-06-07 22:04:04 - [TEST_CASE][PASSED] - Test Cases/PFI Precision and Scale/PFI Components with Indexing/SpinnerDownIndex: Test Cases/PFI Precision and Scale/PFI Components with Indexing/SpinnerDownIndex

2020-06-07 22:04:05 - [TEST_STEP][PASSED] - Thread.sleep(1000): null

2020-06-07 22:04:06 - [TEST_STEP][PASSED] - counterUp = modifyObjectProperty(findTestObject("Objects.CounterValidation/counter_icon_up"), "xpath", "equals", "(//*[contains(@class,'x-form-spinner x-form-spinner-default x-form-spinner-down x-form-spinner-down-default ')])[" + indexDown + "]", true): Modify property of object successfully

2020-06-07 22:04:06 - [MESSAGE][PASSED] - Modify property of object successfully

2020-06-07 22:04:06 - [TEST_STEP][PASSED] - modifiedInputNm = modifyObjectProperty(findTestObject("Object Repository/Objects.HighlightElements/input_field_index"), "xpath", "equals", "(//*[contains(@class,'x-form-text') and (@name='" + InputName + "')])[" + nmIndex + "]", true): Modify property of object successfully

2020-06-07 22:04:06 - [MESSAGE][PASSED] - Modify property of object successfully

2020-06-07 22:04:06 - [TEST_STEP][PASSED] - GetCurrentValue = getAttribute(modifiedInputNm, "value"): Attribute 'value' of object 'Object Repository/Objects.HighlightElements/input_field_index' is: '25885'

2020-06-07 22:04:06 - [MESSAGE][PASSED] - Attribute 'value' of object 'Object Repository/Objects.HighlightElements/input_field_index' is: '25885'

2020-06-07 22:04:06 - [TEST_STEP][PASSED] - for ([i = 0, i <= itr, (i++)]): Object: 'Object Repository/Objects.CounterValidation/counter_icon_up' is clicked on

2020-06-07 22:04:07 - [TEST_STEP][PASSED] - click(counterUp): Object: 'Object Repository/Objects.CounterValidation/counter_icon_up' is clicked on

2020-06-07 22:04:07 - [MESSAGE][PASSED] - Object: 'Object Repository/Objects.CounterValidation/counter_icon_up' is clicked on

2020-06-07 22:04:07 - [TEST_STEP][PASSED] - click(counterUp): Object: 'Object Repository/Objects.CounterValidation/counter_icon_up' is clicked on

2020-06-07 22:04:07 - [MESSAGE][PASSED] - Object: 'Object Repository/Objects.CounterValidation/counter_icon_up' is clicked on

2020-06-07 22:04:07 - [TEST_STEP][PASSED] - click(counterUp): Object: 'Object Repository/Objects.CounterValidation/counter_icon_up' is clicked on

2020-06-07 22:04:08 - [MESSAGE][PASSED] - Object: 'Object Repository/Objects.CounterValidation/counter_icon_up' is clicked on

2020-06-07 22:04:08 - [TEST_STEP][PASSED] - click(counterUp): Object: 'Object Repository/Objects.CounterValidation/counter_icon_up' is clicked on

2020-06-07 22:04:08 - [MESSAGE][PASSED] - Object: 'Object Repository/Objects.CounterValidation/counter_icon_up' is clicked on

2020-06-07 22:04:08 - [TEST_STEP][PASSED] - click(counterUp): Object: 'Object Repository/Objects.CounterValidation/counter_icon_up' is clicked on

2020-06-07 22:04:09 - [MESSAGE][PASSED] - Object: 'Object Repository/Objects.CounterValidation/counter_icon_up' is clicked on

2020-06-07 22:04:09 - [TEST_STEP][PASSED] - click(counterUp): Object: 'Object Repository/Objects.CounterValidation/counter_icon_up' is clicked on

2020-06-07 22:04:09 - [MESSAGE][PASSED] - Object: 'Object Repository/Objects.CounterValidation/counter_icon_up' is clicked on

2020-06-07 22:04:09 - [TEST_STEP][PASSED] - click(counterUp): Object: 'Object Repository/Objects.CounterValidation/counter_icon_up' is clicked on

2020-06-07 22:04:10 - [MESSAGE][PASSED] - Object: 'Object Repository/Objects.CounterValidation/counter_icon_up' is clicked on

2020-06-07 22:04:10 - [TEST_STEP][PASSED] - click(counterUp): Object: 'Object Repository/Objects.CounterValidation/counter_icon_up' is clicked on

2020-06-07 22:04:10 - [MESSAGE][PASSED] - Object: 'Object Repository/Objects.CounterValidation/counter_icon_up' is clicked on

2020-06-07 22:04:10 - [TEST_STEP][PASSED] - click(counterUp): Object: 'Object Repository/Objects.CounterValidation/counter_icon_up' is clicked on

2020-06-07 22:04:10 - [MESSAGE][PASSED] - Object: 'Object Repository/Objects.CounterValidation/counter_icon_up' is clicked on

2020-06-07 22:04:10 - [TEST_STEP][PASSED] - click(counterUp): Object: 'Object Repository/Objects.CounterValidation/counter_icon_up' is clicked on

2020-06-07 22:04:11 - [MESSAGE][PASSED] - Object: 'Object Repository/Objects.CounterValidation/counter_icon_up' is clicked on

2020-06-07 22:04:11 - [TEST_STEP][PASSED] - click(counterUp): Object: 'Object Repository/Objects.CounterValidation/counter_icon_up' is clicked on

2020-06-07 22:04:12 - [MESSAGE][PASSED] - Object: 'Object Repository/Objects.CounterValidation/counter_icon_up' is clicked on

2020-06-07 22:04:12 - [TEST_STEP][PASSED] - click(counterUp): Object: 'Object Repository/Objects.CounterValidation/counter_icon_up' is clicked on

2020-06-07 22:04:12 - [MESSAGE][PASSED] - Object: 'Object Repository/Objects.CounterValidation/counter_icon_up' is clicked on

2020-06-07 22:04:12 - [TEST_STEP][PASSED] - click(counterUp): Object: 'Object Repository/Objects.CounterValidation/counter_icon_up' is clicked on

2020-06-07 22:04:13 - [MESSAGE][PASSED] - Object: 'Object Repository/Objects.CounterValidation/counter_icon_up' is clicked on

2020-06-07 22:04:13 - [TEST_STEP][PASSED] - click(counterUp): Object: 'Object Repository/Objects.CounterValidation/counter_icon_up' is clicked on

2020-06-07 22:04:13 - [MESSAGE][PASSED] - Object: 'Object Repository/Objects.CounterValidation/counter_icon_up' is clicked on

2020-06-07 22:04:13 - [TEST_STEP][PASSED] - click(counterUp): Object: 'Object Repository/Objects.CounterValidation/counter_icon_up' is clicked on

2020-06-07 22:04:13 - [MESSAGE][PASSED] - Object: 'Object Repository/Objects.CounterValidation/counter_icon_up' is clicked on

2020-06-07 22:04:13 - [TEST_STEP][PASSED] - click(counterUp): Object: 'Object Repository/Objects.CounterValidation/counter_icon_up' is clicked on

2020-06-07 22:04:14 - [MESSAGE][PASSED] - Object: 'Object Repository/Objects.CounterValidation/counter_icon_up' is clicked on

2020-06-07 22:04:14 - [TEST_STEP][PASSED] - click(counterUp): Object: 'Object Repository/Objects.CounterValidation/counter_icon_up' is clicked on

2020-06-07 22:04:14 - [MESSAGE][PASSED] - Object: 'Object Repository/Objects.CounterValidation/counter_icon_up' is clicked on

2020-06-07 22:04:14 - [TEST_STEP][PASSED] - click(counterUp): Object: 'Object Repository/Objects.CounterValidation/counter_icon_up' is clicked on

2020-06-07 22:04:15 - [MESSAGE][PASSED] - Object: 'Object Repository/Objects.CounterValidation/counter_icon_up' is clicked on

2020-06-07 22:04:15 - [TEST_STEP][PASSED] - click(counterUp): Object: 'Object Repository/Objects.CounterValidation/counter_icon_up' is clicked on

2020-06-07 22:04:15 - [MESSAGE][PASSED] - Object: 'Object Repository/Objects.CounterValidation/counter_icon_up' is clicked on

2020-06-07 22:04:15 - [TEST_STEP][PASSED] - click(counterUp): Object: 'Object Repository/Objects.CounterValidation/counter_icon_up' is clicked on

2020-06-07 22:04:15 - [MESSAGE][PASSED] - Object: 'Object Repository/Objects.CounterValidation/counter_icon_up' is clicked on

2020-06-07 22:04:15 - [TEST_STEP][PASSED] - click(counterUp): Object: 'Object Repository/Objects.CounterValidation/counter_icon_up' is clicked on

2020-06-07 22:04:16 - [MESSAGE][PASSED] - Object: 'Object Repository/Objects.CounterValidation/counter_icon_up' is clicked on

2020-06-07 22:04:16 - [TEST_STEP][PASSED] - NewValue = getAttribute(modifiedInputNm, "value"): Attribute 'value' of object 'Object Repository/Objects.HighlightElements/input_field_index' is: '25864'

2020-06-07 22:04:16 - [MESSAGE][PASSED] - Attribute 'value' of object 'Object Repository/Objects.HighlightElements/input_field_index' is: '25864'

2020-06-07 22:04:16 - [TEST_STEP][PASSED] - if (NewValue != 0): Actual number '25864' is less than expected number '25885'

2020-06-07 22:04:16 - [TEST_STEP][PASSED] - verifyLessThan(NewValue, GetCurrentValue, STOP_ON_FAILURE): Actual number '25864' is less than expected number '25885'

2020-06-07 22:04:16 - [MESSAGE][PASSED] - Actual number '25864' is less than expected number '25885'

2020-06-07 22:04:16 - [MESSAGE][PASSED] - Call Test Case 'Test Cases/PFI Precision and Scale/PFI Components with Indexing/SpinnerDownIndex' successfully

2020-06-07 22:04:16 - [TEST_STEP][PASSED] - callTestCase(findTestCase("PFI Precision and Scale/PFI Components with Indexing/MaxNumericValidationIndex"), ["InputName":"inspWeight", "index":1, "numLength":11], STOP_ON_FAILURE): Call Test Case 'Test Cases/PFI Precision and Scale/PFI Components with Indexing/MaxNumericValidationIndex' successfully

2020-06-07 22:04:16 - [TEST_CASE][PASSED] - Test Cases/PFI Precision and Scale/PFI Components with Indexing/MaxNumericValidationIndex: Test Cases/PFI Precision and Scale/PFI Components with Indexing/MaxNumericValidationIndex

2020-06-07 22:04:18 - [TEST_STEP][PASSED] - Thread.sleep(1000): null

2020-06-07 22:04:19 - [TEST_STEP][PASSED] - NumLengthTBL = ["inspWeight":10, "noOfBldg":10, "postalCode":6]: null

2020-06-07 22:04:19 - [TEST_STEP][PASSED] - generateRandomNum = RandomStringUtils.randomNumeric(numLength): null

2020-06-07 22:04:19 - [TEST_STEP][PASSED] - NewInputNmField = modifyObjectProperty(findTestObject("Object Repository/Objects.HighlightElements/input_field_index"), "xpath", "equals", "(//*[contains(@class,'x-form-text') and (@name='" + InputName + "')])[" + index + "]", true): Modify property of object successfully

2020-06-07 22:04:19 - [MESSAGE][PASSED] - Modify property of object successfully

2020-06-07 22:04:19 - [TEST_STEP][PASSED] - setText(NewInputNmField, generateRandomNum): Text '82361121868' is set on object 'Object Repository/Objects.HighlightElements/input_field_index'

2020-06-07 22:04:20 - [MESSAGE][PASSED] - Text '82361121868' is set on object 'Object Repository/Objects.HighlightElements/input_field_index'

2020-06-07 22:04:20 - [TEST_STEP][PASSED] - GetEnteredRandom = getAttribute(NewInputNmField, "value", STOP_ON_FAILURE): Attribute 'value' of object 'Object Repository/Objects.HighlightElements/input_field_index' is: '8236112186'

2020-06-07 22:04:21 - [MESSAGE][PASSED] - Attribute 'value' of object 'Object Repository/Objects.HighlightElements/input_field_index' is: '8236112186'

2020-06-07 22:04:21 - [TEST_STEP][PASSED] - GetLength = GetEnteredRandom.length(): null

2020-06-07 22:04:21 - [TEST_STEP][PASSED] - MaxLength = NumLengthTBL.get(InputName): null

2020-06-07 22:04:21 - [TEST_STEP][PASSED] - verifyEqual(GetLength, MaxLength): Actual object '10' and expected object '10' are equal

2020-06-07 22:04:21 - [MESSAGE][PASSED] - Actual object '10' and expected object '10' are equal

2020-06-07 22:04:21 - [MESSAGE][PASSED] - Call Test Case 'Test Cases/PFI Precision and Scale/PFI Components with Indexing/MaxNumericValidationIndex' successfully

2020-06-07 22:04:21 - [TEST_STEP][PASSED] - callTestCase(findTestCase("Components/SelectAllThenDeleteIndex"), ["nameToBeUsed":"inspWeight", "index":"1"], STOP_ON_FAILURE): Call Test Case 'Test Cases/Components/SelectAllThenDeleteIndex' successfully

2020-06-07 22:04:21 - [TEST_CASE][PASSED] - Test Cases/Components/SelectAllThenDeleteIndex: Test Cases/Components/SelectAllThenDeleteIndex

2020-06-07 22:04:21 - [TEST_STEP][PASSED] - Thread.sleep(1000): null

2020-06-07 22:04:22 - [TEST_STEP][PASSED] - modifiedObj = modifyObjectProperty(findTestObject("Object Repository/Objects.HighlightElements/input_field_index"), "xpath", "equals", "(//*[contains(@class,'x-form-text') and (@name='" + nameToBeUsed + "')])[" + index + "]", true): Modify property of object successfully

2020-06-07 22:04:22 - [MESSAGE][PASSED] - Modify property of object successfully

2020-06-07 22:04:22 - [TEST_STEP][PASSED] - focus(modifiedObj): Object: 'Object Repository/Objects.HighlightElements/input_field_index' is focused

2020-06-07 22:04:22 - [MESSAGE][PASSED] - Object: 'Object Repository/Objects.HighlightElements/input_field_index' is focused

2020-06-07 22:04:22 - [TEST_STEP][PASSED] - sendKeys(modifiedObj, Keys.chord(CONTROL, "a")): Keys 'CONTROL + a' sent to object: 'Object Repository/Objects.HighlightElements/input_field_index'

2020-06-07 22:04:23 - [MESSAGE][PASSED] - Keys 'CONTROL + a' sent to object: 'Object Repository/Objects.HighlightElements/input_field_index'

2020-06-07 22:04:23 - [TEST_STEP][PASSED] - sendKeys(modifiedObj, Keys.chord(DELETE)): Keys 'DELETE + ' sent to object: 'Object Repository/Objects.HighlightElements/input_field_index'

2020-06-07 22:04:23 - [MESSAGE][PASSED] - Keys 'DELETE + ' sent to object: 'Object Repository/Objects.HighlightElements/input_field_index'

2020-06-07 22:04:23 - [MESSAGE][PASSED] - Call Test Case 'Test Cases/Components/SelectAllThenDeleteIndex' successfully

2020-06-07 22:04:23 - [TEST_STEP][PASSED] - callTestCase(findTestCase("PFI Precision and Scale/PFI Components with Indexing/MaxValueErrorIndex"), ["InputName":"inspWeight", "index":1], STOP_ON_FAILURE): Call Test Case 'Test Cases/PFI Precision and Scale/PFI Components with Indexing/MaxValueErrorIndex' successfully

2020-06-07 22:04:23 - [TEST_CASE][PASSED] - Test Cases/PFI Precision and Scale/PFI Components with Indexing/MaxValueErrorIndex: Test Cases/PFI Precision and Scale/PFI Components with Indexing/MaxValueErrorIndex

2020-06-07 22:04:24 - [TEST_STEP][PASSED] - Thread.sleep(1000): null

2020-06-07 22:04:25 - [TEST_STEP][PASSED] - NewInputNmField = modifyObjectProperty(findTestObject("Object Repository/Objects.HighlightElements/input_field_index"), "xpath", "equals", "(//*[contains(@class,'x-form-text') and (@name='" + InputName + "')])[" + index + "]", true): Modify property of object successfully

2020-06-07 22:04:26 - [MESSAGE][PASSED] - Modify property of object successfully

2020-06-07 22:04:26 - [TEST_STEP][PASSED] - setText(NewInputNmField, "2234234234"): Text '2234234234' is set on object 'Object Repository/Objects.HighlightElements/input_field_index'

2020-06-07 22:04:27 - [MESSAGE][PASSED] - Text '2234234234' is set on object 'Object Repository/Objects.HighlightElements/input_field_index'

2020-06-07 22:04:27 - [TEST_STEP][PASSED] - mouseOver(NewInputNmField): Object: 'Object Repository/Objects.HighlightElements/input_field_index' is hovered

2020-06-07 22:04:27 - [MESSAGE][PASSED] - Object: 'Object Repository/Objects.HighlightElements/input_field_index' is hovered

2020-06-07 22:04:27 - [TEST_STEP][PASSED] - GetValue = getAttribute(NewInputNmField, "value"): Attribute 'value' of object 'Object Repository/Objects.HighlightElements/input_field_index' is: '2234234234'

2020-06-07 22:04:28 - [MESSAGE][PASSED] - Attribute 'value' of object 'Object Repository/Objects.HighlightElements/input_field_index' is: '2234234234'

2020-06-07 22:04:28 - [TEST_STEP][PASSED] - GetToolTipErr = getAttribute(NewInputNmField, "data-errorqtip"): Attribute 'data-errorqtip' of object 'Object Repository/Objects.HighlightElements/input_field_index' is: '<ul class="x-list-plain"><li>The maximum value for this field is 2147483647</li></ul>'

2020-06-07 22:04:28 - [MESSAGE][PASSED] - Attribute 'data-errorqtip' of object 'Object Repository/Objects.HighlightElements/input_field_index' is: '<ul class="x-list-plain"><li>The maximum value for this field is 2147483647</li></ul>'

2020-06-07 22:04:28 - [TEST_STEP][PASSED] - TotalLength = GetToolTipErr.length() - 10: null

2020-06-07 22:04:28 - [TEST_STEP][PASSED] - RmvULcd = GetToolTipErr.substring(0, TotalLength): null

2020-06-07 22:04:28 - [TEST_STEP][PASSED] - NewLen = RmvULcd.length(): null

2020-06-07 22:04:28 - [TEST_STEP][PASSED] - ActualErrMessage = RmvULcd.substring(29, NewLen): null

2020-06-07 22:04:28 - [TEST_STEP][PASSED] - verifyMatch(ActualErrMessage, findTestData("PrecisionAndScaleDB").getValue("ErrorMessage", 8), true): Actual text 'The maximum value for this field is 2147483647' and expected text 'The maximum value for this field is 2147483647' are matched  using regular expression

2020-06-07 22:04:28 - [MESSAGE][PASSED] - Actual text 'The maximum value for this field is 2147483647' and expected text 'The maximum value for this field is 2147483647' are matched  using regular expression

2020-06-07 22:04:28 - [MESSAGE][PASSED] - Call Test Case 'Test Cases/PFI Precision and Scale/PFI Components with Indexing/MaxValueErrorIndex' successfully

2020-06-07 22:04:28 - [TEST_STEP][PASSED] - callTestCase(findTestCase("Components/HighlightLabelFieldXPI"), ["LblName":"No of Building Inspected", "index":1], STOP_ON_FAILURE): Call Test Case 'Test Cases/Components/HighlightLabelFieldXPI' successfully

2020-06-07 22:04:29 - [TEST_CASE][PASSED] - Test Cases/Components/HighlightLabelFieldXPI: Test Cases/Components/HighlightLabelFieldXPI

2020-06-07 22:04:29 - [TEST_STEP][PASSED] - Thread.sleep(1000): null

2020-06-07 22:04:30 - [TEST_STEP][PASSED] - modifiedLblNm = modifyObjectProperty(findTestObject("Object Repository/Objects.HighlightElements/lblField_index"), "xpath", "equals", "(//*[contains(@class, 'x-form-item-label-inner x-form-item-label-inner-default') and contains(., '" + LblName + "')])[" + index + "]", true): Modify property of object successfully

2020-06-07 22:04:30 - [MESSAGE][PASSED] - Modify property of object successfully

2020-06-07 22:04:30 - [TEST_STEP][PASSED] - com.reusableComponents.HighlightElement.run(modifiedLblNm): com.reusableComponents.HighlightElement.run is PASSED

2020-06-07 22:04:32 - [MESSAGE][PASSED] - com.reusableComponents.HighlightElement.run is PASSED

2020-06-07 22:04:32 - [MESSAGE][PASSED] - Call Test Case 'Test Cases/Components/HighlightLabelFieldXPI' successfully

2020-06-07 22:04:32 - [TEST_STEP][PASSED] - callTestCase(findTestCase("Components/HighlightInputFieldXPI"), ["FldNm":"noOfBldg", "index":1], STOP_ON_FAILURE): Call Test Case 'Test Cases/Components/HighlightInputFieldXPI' successfully

2020-06-07 22:04:32 - [TEST_CASE][PASSED] - Test Cases/Components/HighlightInputFieldXPI: Test Cases/Components/HighlightInputFieldXPI

2020-06-07 22:04:32 - [TEST_STEP][PASSED] - Thread.sleep(1000): null

2020-06-07 22:04:33 - [TEST_STEP][PASSED] - modifiedInputNm = modifyObjectProperty(findTestObject("Object Repository/Objects.HighlightElements/input_field_index"), "xpath", "equals", "(//*[contains(@name, '" + FldNm + "')])[" + index + "]", true): Modify property of object successfully

2020-06-07 22:04:33 - [MESSAGE][PASSED] - Modify property of object successfully

2020-06-07 22:04:33 - [TEST_STEP][PASSED] - com.reusableComponents.HighlightElement.run(modifiedInputNm): com.reusableComponents.HighlightElement.run is PASSED

2020-06-07 22:04:35 - [MESSAGE][PASSED] - com.reusableComponents.HighlightElement.run is PASSED

2020-06-07 22:04:35 - [MESSAGE][PASSED] - Call Test Case 'Test Cases/Components/HighlightInputFieldXPI' successfully

2020-06-07 22:04:35 - [TEST_STEP][PASSED] - callTestCase(findTestCase("PFI Precision and Scale/PFI Components/NumericTextboxValidationII"), ["nameToBeUsed":"noOfBldg", "minLen":5], STOP_ON_FAILURE): Call Test Case 'Test Cases/PFI Precision and Scale/PFI Components/NumericTextboxValidationII' successfully

2020-06-07 22:04:35 - [TEST_CASE][PASSED] - Test Cases/PFI Precision and Scale/PFI Components/NumericTextboxValidationII: Test Cases/PFI Precision and Scale/PFI Components/NumericTextboxValidationII

2020-06-07 22:04:35 - [TEST_STEP][PASSED] - Thread.sleep(1000): null

2020-06-07 22:04:36 - [TEST_STEP][PASSED] - Numeric = "0123456789": null

2020-06-07 22:04:36 - [TEST_STEP][PASSED] - AlphaSpecialChar = z) + "`~!@#$%^&*()=_{}|\][;'":,?><"".join(): null

2020-06-07 22:04:36 - [TEST_STEP][PASSED] - RandomNumeric = RandomStringUtils.random(minLen, Numeric.toCharArray()): null

2020-06-07 22:04:36 - [TEST_STEP][PASSED] - RandomString = RandomStringUtils.random(minLen, AlphaSpecialChar): null

2020-06-07 22:04:36 - [TEST_STEP][PASSED] - regexPat = Pattern.compile("^[0-9]+$"): null

2020-06-07 22:04:36 - [TEST_STEP][PASSED] - NewInputNmField = modifyObjectProperty(findTestObject("Objects.RemarksValidation/input_Remarks"), "name", "equals", nameToBeUsed, true): Modify property of object successfully

2020-06-07 22:04:36 - [MESSAGE][PASSED] - Modify property of object successfully

2020-06-07 22:04:36 - [TEST_STEP][PASSED] - focus(NewInputNmField): Object: 'Object Repository/Objects.RemarksValidation/input_Remarks' is focused

2020-06-07 22:04:37 - [MESSAGE][PASSED] - Object: 'Object Repository/Objects.RemarksValidation/input_Remarks' is focused

2020-06-07 22:04:37 - [TEST_STEP][PASSED] - setText(NewInputNmField, RandomString): Text 'o}wE&' is set on object 'Object Repository/Objects.RemarksValidation/input_Remarks'

2020-06-07 22:04:38 - [MESSAGE][PASSED] - Text 'o}wE&' is set on object 'Object Repository/Objects.RemarksValidation/input_Remarks'

2020-06-07 22:04:38 - [TEST_STEP][PASSED] - GetInputVal = getAttribute(NewInputNmField, "value"): Attribute 'value' of object 'Object Repository/Objects.RemarksValidation/input_Remarks' is: ''

2020-06-07 22:04:38 - [MESSAGE][PASSED] - Attribute 'value' of object 'Object Repository/Objects.RemarksValidation/input_Remarks' is: ''

2020-06-07 22:04:38 - [TEST_STEP][PASSED] - if (GetInputVal.contains("e")): null

2020-06-07 22:04:38 - [TEST_STEP][PASSED] - else: Actual text '' and expected text '' are matched  using regular expression

2020-06-07 22:04:38 - [TEST_STEP][PASSED] - verifyMatch(GetInputVal, "", true): Actual text '' and expected text '' are matched  using regular expression

2020-06-07 22:04:38 - [MESSAGE][PASSED] - Actual text '' and expected text '' are matched  using regular expression

2020-06-07 22:04:38 - [TEST_STEP][PASSED] - setText(NewInputNmField, RandomNumeric): Text '53064' is set on object 'Object Repository/Objects.RemarksValidation/input_Remarks'

2020-06-07 22:04:39 - [MESSAGE][PASSED] - Text '53064' is set on object 'Object Repository/Objects.RemarksValidation/input_Remarks'

2020-06-07 22:04:39 - [TEST_STEP][PASSED] - GetEnteredIntegers = getAttribute(NewInputNmField, "value"): Attribute 'value' of object 'Object Repository/Objects.RemarksValidation/input_Remarks' is: '53064'

2020-06-07 22:04:39 - [MESSAGE][PASSED] - Attribute 'value' of object 'Object Repository/Objects.RemarksValidation/input_Remarks' is: '53064'

2020-06-07 22:04:39 - [TEST_STEP][PASSED] - matchStr = regexPat.matcher(GetEnteredIntegers): null

2020-06-07 22:04:39 - [TEST_STEP][PASSED] - if (matchStr.matches() == true): Accepting Numeric

2020-06-07 22:04:39 - [TEST_STEP][PASSED] - comment("Accepting Numeric"): Accepting Numeric

2020-06-07 22:04:39 - [MESSAGE][INFO] - Accepting Numeric

2020-06-07 22:04:39 - [MESSAGE][PASSED] - Call Test Case 'Test Cases/PFI Precision and Scale/PFI Components/NumericTextboxValidationII' successfully

2020-06-07 22:04:39 - [TEST_STEP][PASSED] - callTestCase(findTestCase("PFI Precision and Scale/PFI Components with Indexing/SpinnerUpIndex"), ["InputName":"noOfBldg", "nmIndex":1, "indexUp":3, "itr":10], STOP_ON_FAILURE): Call Test Case 'Test Cases/PFI Precision and Scale/PFI Components with Indexing/SpinnerUpIndex' successfully

2020-06-07 22:04:39 - [TEST_CASE][PASSED] - Test Cases/PFI Precision and Scale/PFI Components with Indexing/SpinnerUpIndex: Test Cases/PFI Precision and Scale/PFI Components with Indexing/SpinnerUpIndex

2020-06-07 22:04:39 - [TEST_STEP][PASSED] - Thread.sleep(1000): null

2020-06-07 22:04:40 - [TEST_STEP][PASSED] - counterUp = modifyObjectProperty(findTestObject("Objects.CounterValidation/counter_icon_up"), "xpath", "equals", "(//*[contains(@class,'x-form-spinner x-form-spinner-default x-form-spinner-up x-form-spinner-up-default ')])[" + indexUp + "]", true): Modify property of object successfully

2020-06-07 22:04:40 - [MESSAGE][PASSED] - Modify property of object successfully

2020-06-07 22:04:40 - [TEST_STEP][PASSED] - modifiedInputNm = modifyObjectProperty(findTestObject("Object Repository/Objects.HighlightElements/input_field_index"), "xpath", "equals", "(//*[contains(@class,'x-form-text') and (@name='" + InputName + "')])[" + nmIndex + "]", true): Modify property of object successfully

2020-06-07 22:04:41 - [MESSAGE][PASSED] - Modify property of object successfully

2020-06-07 22:04:41 - [TEST_STEP][PASSED] - GetCurrentValue = getAttribute(modifiedInputNm, "value"): Attribute 'value' of object 'Object Repository/Objects.HighlightElements/input_field_index' is: '53064'

2020-06-07 22:04:41 - [MESSAGE][PASSED] - Attribute 'value' of object 'Object Repository/Objects.HighlightElements/input_field_index' is: '53064'

2020-06-07 22:04:41 - [TEST_STEP][PASSED] - for ([i = 0, i <= itr, (i++)]): Object: 'Object Repository/Objects.CounterValidation/counter_icon_up' is clicked on

2020-06-07 22:04:41 - [TEST_STEP][PASSED] - click(counterUp): Object: 'Object Repository/Objects.CounterValidation/counter_icon_up' is clicked on

2020-06-07 22:04:41 - [MESSAGE][PASSED] - Object: 'Object Repository/Objects.CounterValidation/counter_icon_up' is clicked on

2020-06-07 22:04:41 - [TEST_STEP][PASSED] - click(counterUp): Object: 'Object Repository/Objects.CounterValidation/counter_icon_up' is clicked on

2020-06-07 22:04:42 - [MESSAGE][PASSED] - Object: 'Object Repository/Objects.CounterValidation/counter_icon_up' is clicked on

2020-06-07 22:04:42 - [TEST_STEP][PASSED] - click(counterUp): Object: 'Object Repository/Objects.CounterValidation/counter_icon_up' is clicked on

2020-06-07 22:04:42 - [MESSAGE][PASSED] - Object: 'Object Repository/Objects.CounterValidation/counter_icon_up' is clicked on

2020-06-07 22:04:42 - [TEST_STEP][PASSED] - click(counterUp): Object: 'Object Repository/Objects.CounterValidation/counter_icon_up' is clicked on

2020-06-07 22:04:43 - [MESSAGE][PASSED] - Object: 'Object Repository/Objects.CounterValidation/counter_icon_up' is clicked on

2020-06-07 22:04:43 - [TEST_STEP][PASSED] - click(counterUp): Object: 'Object Repository/Objects.CounterValidation/counter_icon_up' is clicked on

2020-06-07 22:04:43 - [MESSAGE][PASSED] - Object: 'Object Repository/Objects.CounterValidation/counter_icon_up' is clicked on

2020-06-07 22:04:43 - [TEST_STEP][PASSED] - click(counterUp): Object: 'Object Repository/Objects.CounterValidation/counter_icon_up' is clicked on

2020-06-07 22:04:43 - [MESSAGE][PASSED] - Object: 'Object Repository/Objects.CounterValidation/counter_icon_up' is clicked on

2020-06-07 22:04:43 - [TEST_STEP][PASSED] - click(counterUp): Object: 'Object Repository/Objects.CounterValidation/counter_icon_up' is clicked on

2020-06-07 22:04:44 - [MESSAGE][PASSED] - Object: 'Object Repository/Objects.CounterValidation/counter_icon_up' is clicked on

2020-06-07 22:04:44 - [TEST_STEP][PASSED] - click(counterUp): Object: 'Object Repository/Objects.CounterValidation/counter_icon_up' is clicked on

2020-06-07 22:04:44 - [MESSAGE][PASSED] - Object: 'Object Repository/Objects.CounterValidation/counter_icon_up' is clicked on

2020-06-07 22:04:44 - [TEST_STEP][PASSED] - click(counterUp): Object: 'Object Repository/Objects.CounterValidation/counter_icon_up' is clicked on

2020-06-07 22:04:45 - [MESSAGE][PASSED] - Object: 'Object Repository/Objects.CounterValidation/counter_icon_up' is clicked on

2020-06-07 22:04:45 - [TEST_STEP][PASSED] - click(counterUp): Object: 'Object Repository/Objects.CounterValidation/counter_icon_up' is clicked on

2020-06-07 22:04:45 - [MESSAGE][PASSED] - Object: 'Object Repository/Objects.CounterValidation/counter_icon_up' is clicked on

2020-06-07 22:04:45 - [TEST_STEP][PASSED] - click(counterUp): Object: 'Object Repository/Objects.CounterValidation/counter_icon_up' is clicked on

2020-06-07 22:04:46 - [MESSAGE][PASSED] - Object: 'Object Repository/Objects.CounterValidation/counter_icon_up' is clicked on

2020-06-07 22:04:46 - [TEST_STEP][PASSED] - NewValue = getAttribute(modifiedInputNm, "value"): Attribute 'value' of object 'Object Repository/Objects.HighlightElements/input_field_index' is: '53075'

2020-06-07 22:04:46 - [MESSAGE][PASSED] - Attribute 'value' of object 'Object Repository/Objects.HighlightElements/input_field_index' is: '53075'

2020-06-07 22:04:46 - [TEST_STEP][PASSED] - if (NewValue != findTestData("PrecisionAndScaleDB").getValue("MaxCharacters", 7)): Actual number '53075' is greater than expected number '53064'

2020-06-07 22:04:46 - [TEST_STEP][PASSED] - verifyGreaterThan(NewValue, GetCurrentValue, STOP_ON_FAILURE): Actual number '53075' is greater than expected number '53064'

2020-06-07 22:04:46 - [MESSAGE][PASSED] - Actual number '53075' is greater than expected number '53064'

2020-06-07 22:04:46 - [MESSAGE][PASSED] - Call Test Case 'Test Cases/PFI Precision and Scale/PFI Components with Indexing/SpinnerUpIndex' successfully

2020-06-07 22:04:46 - [TEST_STEP][PASSED] - callTestCase(findTestCase("PFI Precision and Scale/PFI Components with Indexing/SpinnerDownIndex"), ["InputName":"noOfBldg", "nmIndex":1, "indexDown":3, "itr":20], STOP_ON_FAILURE): Call Test Case 'Test Cases/PFI Precision and Scale/PFI Components with Indexing/SpinnerDownIndex' successfully

2020-06-07 22:04:46 - [TEST_CASE][PASSED] - Test Cases/PFI Precision and Scale/PFI Components with Indexing/SpinnerDownIndex: Test Cases/PFI Precision and Scale/PFI Components with Indexing/SpinnerDownIndex

2020-06-07 22:04:46 - [TEST_STEP][PASSED] - Thread.sleep(1000): null

2020-06-07 22:04:47 - [TEST_STEP][PASSED] - counterUp = modifyObjectProperty(findTestObject("Objects.CounterValidation/counter_icon_up"), "xpath", "equals", "(//*[contains(@class,'x-form-spinner x-form-spinner-default x-form-spinner-down x-form-spinner-down-default ')])[" + indexDown + "]", true): Modify property of object successfully

2020-06-07 22:04:47 - [MESSAGE][PASSED] - Modify property of object successfully

2020-06-07 22:04:47 - [TEST_STEP][PASSED] - modifiedInputNm = modifyObjectProperty(findTestObject("Object Repository/Objects.HighlightElements/input_field_index"), "xpath", "equals", "(//*[contains(@class,'x-form-text') and (@name='" + InputName + "')])[" + nmIndex + "]", true): Modify property of object successfully

2020-06-07 22:04:48 - [MESSAGE][PASSED] - Modify property of object successfully

2020-06-07 22:04:48 - [TEST_STEP][PASSED] - GetCurrentValue = getAttribute(modifiedInputNm, "value"): Attribute 'value' of object 'Object Repository/Objects.HighlightElements/input_field_index' is: '53075'

2020-06-07 22:04:48 - [MESSAGE][PASSED] - Attribute 'value' of object 'Object Repository/Objects.HighlightElements/input_field_index' is: '53075'

2020-06-07 22:04:48 - [TEST_STEP][PASSED] - for ([i = 0, i <= itr, (i++)]): Object: 'Object Repository/Objects.CounterValidation/counter_icon_up' is clicked on

2020-06-07 22:04:48 - [TEST_STEP][PASSED] - click(counterUp): Object: 'Object Repository/Objects.CounterValidation/counter_icon_up' is clicked on

2020-06-07 22:04:48 - [MESSAGE][PASSED] - Object: 'Object Repository/Objects.CounterValidation/counter_icon_up' is clicked on

2020-06-07 22:04:48 - [TEST_STEP][PASSED] - click(counterUp): Object: 'Object Repository/Objects.CounterValidation/counter_icon_up' is clicked on

2020-06-07 22:04:49 - [MESSAGE][PASSED] - Object: 'Object Repository/Objects.CounterValidation/counter_icon_up' is clicked on

2020-06-07 22:04:49 - [TEST_STEP][PASSED] - click(counterUp): Object: 'Object Repository/Objects.CounterValidation/counter_icon_up' is clicked on

2020-06-07 22:04:49 - [MESSAGE][PASSED] - Object: 'Object Repository/Objects.CounterValidation/counter_icon_up' is clicked on

2020-06-07 22:04:49 - [TEST_STEP][PASSED] - click(counterUp): Object: 'Object Repository/Objects.CounterValidation/counter_icon_up' is clicked on

2020-06-07 22:04:50 - [MESSAGE][PASSED] - Object: 'Object Repository/Objects.CounterValidation/counter_icon_up' is clicked on

2020-06-07 22:04:50 - [TEST_STEP][PASSED] - click(counterUp): Object: 'Object Repository/Objects.CounterValidation/counter_icon_up' is clicked on

2020-06-07 22:04:50 - [MESSAGE][PASSED] - Object: 'Object Repository/Objects.CounterValidation/counter_icon_up' is clicked on

2020-06-07 22:04:50 - [TEST_STEP][PASSED] - click(counterUp): Object: 'Object Repository/Objects.CounterValidation/counter_icon_up' is clicked on

2020-06-07 22:04:50 - [MESSAGE][PASSED] - Object: 'Object Repository/Objects.CounterValidation/counter_icon_up' is clicked on

2020-06-07 22:04:50 - [TEST_STEP][PASSED] - click(counterUp): Object: 'Object Repository/Objects.CounterValidation/counter_icon_up' is clicked on

2020-06-07 22:04:51 - [MESSAGE][PASSED] - Object: 'Object Repository/Objects.CounterValidation/counter_icon_up' is clicked on

2020-06-07 22:04:51 - [TEST_STEP][PASSED] - click(counterUp): Object: 'Object Repository/Objects.CounterValidation/counter_icon_up' is clicked on

2020-06-07 22:04:51 - [MESSAGE][PASSED] - Object: 'Object Repository/Objects.CounterValidation/counter_icon_up' is clicked on

2020-06-07 22:04:51 - [TEST_STEP][PASSED] - click(counterUp): Object: 'Object Repository/Objects.CounterValidation/counter_icon_up' is clicked on

2020-06-07 22:04:52 - [MESSAGE][PASSED] - Object: 'Object Repository/Objects.CounterValidation/counter_icon_up' is clicked on

2020-06-07 22:04:52 - [TEST_STEP][PASSED] - click(counterUp): Object: 'Object Repository/Objects.CounterValidation/counter_icon_up' is clicked on

2020-06-07 22:04:52 - [MESSAGE][PASSED] - Object: 'Object Repository/Objects.CounterValidation/counter_icon_up' is clicked on

2020-06-07 22:04:52 - [TEST_STEP][PASSED] - click(counterUp): Object: 'Object Repository/Objects.CounterValidation/counter_icon_up' is clicked on

2020-06-07 22:04:52 - [MESSAGE][PASSED] - Object: 'Object Repository/Objects.CounterValidation/counter_icon_up' is clicked on

2020-06-07 22:04:52 - [TEST_STEP][PASSED] - click(counterUp): Object: 'Object Repository/Objects.CounterValidation/counter_icon_up' is clicked on

2020-06-07 22:04:53 - [MESSAGE][PASSED] - Object: 'Object Repository/Objects.CounterValidation/counter_icon_up' is clicked on

2020-06-07 22:04:53 - [TEST_STEP][PASSED] - click(counterUp): Object: 'Object Repository/Objects.CounterValidation/counter_icon_up' is clicked on

2020-06-07 22:04:53 - [MESSAGE][PASSED] - Object: 'Object Repository/Objects.CounterValidation/counter_icon_up' is clicked on

2020-06-07 22:04:53 - [TEST_STEP][PASSED] - click(counterUp): Object: 'Object Repository/Objects.CounterValidation/counter_icon_up' is clicked on

2020-06-07 22:04:54 - [MESSAGE][PASSED] - Object: 'Object Repository/Objects.CounterValidation/counter_icon_up' is clicked on

2020-06-07 22:04:54 - [TEST_STEP][PASSED] - click(counterUp): Object: 'Object Repository/Objects.CounterValidation/counter_icon_up' is clicked on

2020-06-07 22:04:54 - [MESSAGE][PASSED] - Object: 'Object Repository/Objects.CounterValidation/counter_icon_up' is clicked on

2020-06-07 22:04:54 - [TEST_STEP][PASSED] - click(counterUp): Object: 'Object Repository/Objects.CounterValidation/counter_icon_up' is clicked on

2020-06-07 22:04:55 - [MESSAGE][PASSED] - Object: 'Object Repository/Objects.CounterValidation/counter_icon_up' is clicked on

2020-06-07 22:04:55 - [TEST_STEP][PASSED] - click(counterUp): Object: 'Object Repository/Objects.CounterValidation/counter_icon_up' is clicked on

2020-06-07 22:04:55 - [MESSAGE][PASSED] - Object: 'Object Repository/Objects.CounterValidation/counter_icon_up' is clicked on

2020-06-07 22:04:55 - [TEST_STEP][PASSED] - click(counterUp): Object: 'Object Repository/Objects.CounterValidation/counter_icon_up' is clicked on

2020-06-07 22:04:55 - [MESSAGE][PASSED] - Object: 'Object Repository/Objects.CounterValidation/counter_icon_up' is clicked on

2020-06-07 22:04:55 - [TEST_STEP][PASSED] - click(counterUp): Object: 'Object Repository/Objects.CounterValidation/counter_icon_up' is clicked on

2020-06-07 22:04:56 - [MESSAGE][PASSED] - Object: 'Object Repository/Objects.CounterValidation/counter_icon_up' is clicked on

2020-06-07 22:04:56 - [TEST_STEP][PASSED] - click(counterUp): Object: 'Object Repository/Objects.CounterValidation/counter_icon_up' is clicked on

2020-06-07 22:04:56 - [MESSAGE][PASSED] - Object: 'Object Repository/Objects.CounterValidation/counter_icon_up' is clicked on

2020-06-07 22:04:56 - [TEST_STEP][PASSED] - click(counterUp): Object: 'Object Repository/Objects.CounterValidation/counter_icon_up' is clicked on

2020-06-07 22:04:57 - [MESSAGE][PASSED] - Object: 'Object Repository/Objects.CounterValidation/counter_icon_up' is clicked on

2020-06-07 22:04:57 - [TEST_STEP][PASSED] - NewValue = getAttribute(modifiedInputNm, "value"): Attribute 'value' of object 'Object Repository/Objects.HighlightElements/input_field_index' is: '53054'

2020-06-07 22:04:57 - [MESSAGE][PASSED] - Attribute 'value' of object 'Object Repository/Objects.HighlightElements/input_field_index' is: '53054'

2020-06-07 22:04:57 - [TEST_STEP][PASSED] - if (NewValue != 0): Actual number '53054' is less than expected number '53075'

2020-06-07 22:04:57 - [TEST_STEP][PASSED] - verifyLessThan(NewValue, GetCurrentValue, STOP_ON_FAILURE): Actual number '53054' is less than expected number '53075'

2020-06-07 22:04:57 - [MESSAGE][PASSED] - Actual number '53054' is less than expected number '53075'

2020-06-07 22:04:57 - [MESSAGE][PASSED] - Call Test Case 'Test Cases/PFI Precision and Scale/PFI Components with Indexing/SpinnerDownIndex' successfully

2020-06-07 22:04:57 - [TEST_STEP][PASSED] - callTestCase(findTestCase("PFI Precision and Scale/PFI Components with Indexing/MaxNumericValidationIndex"), ["InputName":"noOfBldg", "index":1, "numLength":11], STOP_ON_FAILURE): Call Test Case 'Test Cases/PFI Precision and Scale/PFI Components with Indexing/MaxNumericValidationIndex' successfully

2020-06-07 22:04:57 - [TEST_CASE][PASSED] - Test Cases/PFI Precision and Scale/PFI Components with Indexing/MaxNumericValidationIndex: Test Cases/PFI Precision and Scale/PFI Components with Indexing/MaxNumericValidationIndex

2020-06-07 22:04:57 - [TEST_STEP][PASSED] - Thread.sleep(1000): null

2020-06-07 22:04:58 - [TEST_STEP][PASSED] - NumLengthTBL = ["inspWeight":10, "noOfBldg":10, "postalCode":6]: null

2020-06-07 22:04:58 - [TEST_STEP][PASSED] - generateRandomNum = RandomStringUtils.randomNumeric(numLength): null

2020-06-07 22:04:58 - [TEST_STEP][PASSED] - NewInputNmField = modifyObjectProperty(findTestObject("Object Repository/Objects.HighlightElements/input_field_index"), "xpath", "equals", "(//*[contains(@class,'x-form-text') and (@name='" + InputName + "')])[" + index + "]", true): Modify property of object successfully

2020-06-07 22:04:58 - [MESSAGE][PASSED] - Modify property of object successfully

2020-06-07 22:04:58 - [TEST_STEP][PASSED] - setText(NewInputNmField, generateRandomNum): Text '74161958686' is set on object 'Object Repository/Objects.HighlightElements/input_field_index'

2020-06-07 22:04:59 - [MESSAGE][PASSED] - Text '74161958686' is set on object 'Object Repository/Objects.HighlightElements/input_field_index'

2020-06-07 22:04:59 - [TEST_STEP][PASSED] - GetEnteredRandom = getAttribute(NewInputNmField, "value", STOP_ON_FAILURE): Attribute 'value' of object 'Object Repository/Objects.HighlightElements/input_field_index' is: '7416195868'

2020-06-07 22:05:00 - [MESSAGE][PASSED] - Attribute 'value' of object 'Object Repository/Objects.HighlightElements/input_field_index' is: '7416195868'

2020-06-07 22:05:00 - [TEST_STEP][PASSED] - GetLength = GetEnteredRandom.length(): null

2020-06-07 22:05:00 - [TEST_STEP][PASSED] - MaxLength = NumLengthTBL.get(InputName): null

2020-06-07 22:05:00 - [TEST_STEP][PASSED] - verifyEqual(GetLength, MaxLength): Actual object '10' and expected object '10' are equal

2020-06-07 22:05:00 - [MESSAGE][PASSED] - Actual object '10' and expected object '10' are equal

2020-06-07 22:05:00 - [MESSAGE][PASSED] - Call Test Case 'Test Cases/PFI Precision and Scale/PFI Components with Indexing/MaxNumericValidationIndex' successfully

2020-06-07 22:05:00 - [TEST_STEP][PASSED] - callTestCase(findTestCase("Components/SelectAllThenDeleteIndex"), ["nameToBeUsed":"noOfBldg", "index":"1"], STOP_ON_FAILURE): Call Test Case 'Test Cases/Components/SelectAllThenDeleteIndex' successfully

2020-06-07 22:05:00 - [TEST_CASE][PASSED] - Test Cases/Components/SelectAllThenDeleteIndex: Test Cases/Components/SelectAllThenDeleteIndex

2020-06-07 22:05:00 - [TEST_STEP][PASSED] - Thread.sleep(1000): null

2020-06-07 22:05:01 - [TEST_STEP][PASSED] - modifiedObj = modifyObjectProperty(findTestObject("Object Repository/Objects.HighlightElements/input_field_index"), "xpath", "equals", "(//*[contains(@class,'x-form-text') and (@name='" + nameToBeUsed + "')])[" + index + "]", true): Modify property of object successfully

2020-06-07 22:05:01 - [MESSAGE][PASSED] - Modify property of object successfully

2020-06-07 22:05:01 - [TEST_STEP][PASSED] - focus(modifiedObj): Object: 'Object Repository/Objects.HighlightElements/input_field_index' is focused

2020-06-07 22:05:02 - [MESSAGE][PASSED] - Object: 'Object Repository/Objects.HighlightElements/input_field_index' is focused

2020-06-07 22:05:02 - [TEST_STEP][PASSED] - sendKeys(modifiedObj, Keys.chord(CONTROL, "a")): Keys 'CONTROL + a' sent to object: 'Object Repository/Objects.HighlightElements/input_field_index'

2020-06-07 22:05:02 - [MESSAGE][PASSED] - Keys 'CONTROL + a' sent to object: 'Object Repository/Objects.HighlightElements/input_field_index'

2020-06-07 22:05:02 - [TEST_STEP][PASSED] - sendKeys(modifiedObj, Keys.chord(DELETE)): Keys 'DELETE + ' sent to object: 'Object Repository/Objects.HighlightElements/input_field_index'

2020-06-07 22:05:02 - [MESSAGE][PASSED] - Keys 'DELETE + ' sent to object: 'Object Repository/Objects.HighlightElements/input_field_index'

2020-06-07 22:05:02 - [MESSAGE][PASSED] - Call Test Case 'Test Cases/Components/SelectAllThenDeleteIndex' successfully

2020-06-07 22:05:02 - [TEST_STEP][PASSED] - callTestCase(findTestCase("PFI Precision and Scale/PFI Components with Indexing/MaxValueErrorIndex"), ["InputName":"noOfBldg", "index":1], STOP_ON_FAILURE): Call Test Case 'Test Cases/PFI Precision and Scale/PFI Components with Indexing/MaxValueErrorIndex' successfully

2020-06-07 22:05:02 - [TEST_CASE][PASSED] - Test Cases/PFI Precision and Scale/PFI Components with Indexing/MaxValueErrorIndex: Test Cases/PFI Precision and Scale/PFI Components with Indexing/MaxValueErrorIndex

2020-06-07 22:05:02 - [TEST_STEP][PASSED] - Thread.sleep(1000): null

2020-06-07 22:05:03 - [TEST_STEP][PASSED] - NewInputNmField = modifyObjectProperty(findTestObject("Object Repository/Objects.HighlightElements/input_field_index"), "xpath", "equals", "(//*[contains(@class,'x-form-text') and (@name='" + InputName + "')])[" + index + "]", true): Modify property of object successfully

2020-06-07 22:05:04 - [MESSAGE][PASSED] - Modify property of object successfully

2020-06-07 22:05:04 - [TEST_STEP][PASSED] - setText(NewInputNmField, "2234234234"): Text '2234234234' is set on object 'Object Repository/Objects.HighlightElements/input_field_index'

2020-06-07 22:05:05 - [MESSAGE][PASSED] - Text '2234234234' is set on object 'Object Repository/Objects.HighlightElements/input_field_index'

2020-06-07 22:05:05 - [TEST_STEP][PASSED] - mouseOver(NewInputNmField): Object: 'Object Repository/Objects.HighlightElements/input_field_index' is hovered

2020-06-07 22:05:05 - [MESSAGE][PASSED] - Object: 'Object Repository/Objects.HighlightElements/input_field_index' is hovered

2020-06-07 22:05:05 - [TEST_STEP][PASSED] - GetValue = getAttribute(NewInputNmField, "value"): Attribute 'value' of object 'Object Repository/Objects.HighlightElements/input_field_index' is: '2234234234'

2020-06-07 22:05:06 - [MESSAGE][PASSED] - Attribute 'value' of object 'Object Repository/Objects.HighlightElements/input_field_index' is: '2234234234'

2020-06-07 22:05:06 - [TEST_STEP][PASSED] - GetToolTipErr = getAttribute(NewInputNmField, "data-errorqtip"): Attribute 'data-errorqtip' of object 'Object Repository/Objects.HighlightElements/input_field_index' is: '<ul class="x-list-plain"><li>The maximum value for this field is 2147483647</li></ul>'

2020-06-07 22:05:06 - [MESSAGE][PASSED] - Attribute 'data-errorqtip' of object 'Object Repository/Objects.HighlightElements/input_field_index' is: '<ul class="x-list-plain"><li>The maximum value for this field is 2147483647</li></ul>'

2020-06-07 22:05:06 - [TEST_STEP][PASSED] - TotalLength = GetToolTipErr.length() - 10: null

2020-06-07 22:05:06 - [TEST_STEP][PASSED] - RmvULcd = GetToolTipErr.substring(0, TotalLength): null

2020-06-07 22:05:06 - [TEST_STEP][PASSED] - NewLen = RmvULcd.length(): null

2020-06-07 22:05:06 - [TEST_STEP][PASSED] - ActualErrMessage = RmvULcd.substring(29, NewLen): null

2020-06-07 22:05:06 - [TEST_STEP][PASSED] - verifyMatch(ActualErrMessage, findTestData("PrecisionAndScaleDB").getValue("ErrorMessage", 8), true): Actual text 'The maximum value for this field is 2147483647' and expected text 'The maximum value for this field is 2147483647' are matched  using regular expression

2020-06-07 22:05:06 - [MESSAGE][PASSED] - Actual text 'The maximum value for this field is 2147483647' and expected text 'The maximum value for this field is 2147483647' are matched  using regular expression

2020-06-07 22:05:06 - [MESSAGE][PASSED] - Call Test Case 'Test Cases/PFI Precision and Scale/PFI Components with Indexing/MaxValueErrorIndex' successfully

2020-06-07 22:05:06 - [TEST_STEP][PASSED] - callTestCase(findTestCase("Components/HighlightLabelFieldXPI"), ["LblName":"Notes", "index":1], STOP_ON_FAILURE): Call Test Case 'Test Cases/Components/HighlightLabelFieldXPI' successfully

2020-06-07 22:05:06 - [TEST_CASE][PASSED] - Test Cases/Components/HighlightLabelFieldXPI: Test Cases/Components/HighlightLabelFieldXPI

2020-06-07 22:05:06 - [TEST_STEP][PASSED] - Thread.sleep(1000): null

2020-06-07 22:05:07 - [TEST_STEP][PASSED] - modifiedLblNm = modifyObjectProperty(findTestObject("Object Repository/Objects.HighlightElements/lblField_index"), "xpath", "equals", "(//*[contains(@class, 'x-form-item-label-inner x-form-item-label-inner-default') and contains(., '" + LblName + "')])[" + index + "]", true): Modify property of object successfully

2020-06-07 22:05:08 - [MESSAGE][PASSED] - Modify property of object successfully

2020-06-07 22:05:08 - [TEST_STEP][PASSED] - com.reusableComponents.HighlightElement.run(modifiedLblNm): com.reusableComponents.HighlightElement.run is PASSED

2020-06-07 22:05:10 - [MESSAGE][PASSED] - com.reusableComponents.HighlightElement.run is PASSED

2020-06-07 22:05:10 - [MESSAGE][PASSED] - Call Test Case 'Test Cases/Components/HighlightLabelFieldXPI' successfully

2020-06-07 22:05:10 - [TEST_STEP][PASSED] - callTestCase(findTestCase("Components/HighlightInputFieldXPI"), ["FldNm":"notes", "index":1], STOP_ON_FAILURE): Call Test Case 'Test Cases/Components/HighlightInputFieldXPI' successfully

2020-06-07 22:05:10 - [TEST_CASE][PASSED] - Test Cases/Components/HighlightInputFieldXPI: Test Cases/Components/HighlightInputFieldXPI

2020-06-07 22:05:10 - [TEST_STEP][PASSED] - Thread.sleep(1000): null

2020-06-07 22:05:11 - [TEST_STEP][PASSED] - modifiedInputNm = modifyObjectProperty(findTestObject("Object Repository/Objects.HighlightElements/input_field_index"), "xpath", "equals", "(//*[contains(@name, '" + FldNm + "')])[" + index + "]", true): Modify property of object successfully

2020-06-07 22:05:11 - [MESSAGE][PASSED] - Modify property of object successfully

2020-06-07 22:05:11 - [TEST_STEP][PASSED] - com.reusableComponents.HighlightElement.run(modifiedInputNm): com.reusableComponents.HighlightElement.run is PASSED

2020-06-07 22:05:13 - [MESSAGE][PASSED] - com.reusableComponents.HighlightElement.run is PASSED

2020-06-07 22:05:13 - [MESSAGE][PASSED] - Call Test Case 'Test Cases/Components/HighlightInputFieldXPI' successfully

2020-06-07 22:05:13 - [TEST_STEP][PASSED] - callTestCase(findTestCase("PFI Precision and Scale/PFI Components with Indexing/AlphaNumericSpecialValidationIndex"), ["FldNm":"notes", "LenChar":6, "index":1], STOP_ON_FAILURE): Call Test Case 'Test Cases/PFI Precision and Scale/PFI Components with Indexing/AlphaNumericSpecialValidationIndex' successfully

2020-06-07 22:05:13 - [TEST_CASE][PASSED] - Test Cases/PFI Precision and Scale/PFI Components with Indexing/AlphaNumericSpecialValidationIndex: Test Cases/PFI Precision and Scale/PFI Components with Indexing/AlphaNumericSpecialValidationIndex

2020-06-07 22:05:13 - [TEST_STEP][PASSED] - charset = /?><"".join(): null

2020-06-07 22:05:13 - [TEST_STEP][PASSED] - AlphaNumeric = 9).join(): null

2020-06-07 22:05:13 - [TEST_STEP][PASSED] - SpecialChar = "`~!@#$%^&*()-=+_{}|\][;'":,./?><"": null

2020-06-07 22:05:13 - [TEST_STEP][PASSED] - RandomString = RandomStringUtils.random(LenChar, AlphaNumeric.toCharArray()): null

2020-06-07 22:05:13 - [TEST_STEP][PASSED] - RdmSpChar = RandomStringUtils.random(LenChar, SpecialChar): null

2020-06-07 22:05:13 - [TEST_STEP][PASSED] - regexPat = Pattern.compile("^[A-Za-z0-9 ]+$"): null

2020-06-07 22:05:13 - [TEST_STEP][PASSED] - NewInputNmField = modifyObjectProperty(findTestObject("Object Repository/Objects.HighlightElements/input_field_index"), "xpath", "equals", "(//*[contains(@class,'x-form-text') and (@name='" + FldNm + "')])[" + index + "]", true): Modify property of object successfully

2020-06-07 22:05:14 - [MESSAGE][PASSED] - Modify property of object successfully

2020-06-07 22:05:14 - [TEST_STEP][PASSED] - setText(NewInputNmField, RandomString): Text '3mUMEg' is set on object 'Object Repository/Objects.HighlightElements/input_field_index'

2020-06-07 22:05:15 - [MESSAGE][PASSED] - Text '3mUMEg' is set on object 'Object Repository/Objects.HighlightElements/input_field_index'

2020-06-07 22:05:15 - [TEST_STEP][PASSED] - RemarksAN = getAttribute(NewInputNmField, "value"): Attribute 'value' of object 'Object Repository/Objects.HighlightElements/input_field_index' is: '3mUMEg'

2020-06-07 22:05:15 - [MESSAGE][PASSED] - Attribute 'value' of object 'Object Repository/Objects.HighlightElements/input_field_index' is: '3mUMEg'

2020-06-07 22:05:15 - [TEST_STEP][PASSED] - matchStr = regexPat.matcher(RemarksAN): null

2020-06-07 22:05:15 - [TEST_STEP][PASSED] - if (matchStr.matches() == true): Accepting Alphanumeric

2020-06-07 22:05:15 - [TEST_STEP][PASSED] - comment("Accepting Alphanumeric"): Accepting Alphanumeric

2020-06-07 22:05:15 - [MESSAGE][INFO] - Accepting Alphanumeric

2020-06-07 22:05:15 - [TEST_STEP][PASSED] - setText(NewInputNmField, RdmSpChar): Text '/:<;){' is set on object 'Object Repository/Objects.HighlightElements/input_field_index'

2020-06-07 22:05:16 - [MESSAGE][PASSED] - Text '/:<;){' is set on object 'Object Repository/Objects.HighlightElements/input_field_index'

2020-06-07 22:05:16 - [TEST_STEP][PASSED] - RemarksSpChar = getAttribute(NewInputNmField, "value"): Attribute 'value' of object 'Object Repository/Objects.HighlightElements/input_field_index' is: '/:<;){'

2020-06-07 22:05:16 - [MESSAGE][PASSED] - Attribute 'value' of object 'Object Repository/Objects.HighlightElements/input_field_index' is: '/:<;){'

2020-06-07 22:05:16 - [TEST_STEP][PASSED] - matchSp = regexPat.matcher(RemarksSpChar): null

2020-06-07 22:05:16 - [TEST_STEP][PASSED] - if (matchSp.matches() == false): Accepting Special Characters

2020-06-07 22:05:16 - [TEST_STEP][PASSED] - comment("Accepting Special Characters"): Accepting Special Characters

2020-06-07 22:05:16 - [MESSAGE][INFO] - Accepting Special Characters

2020-06-07 22:05:16 - [MESSAGE][PASSED] - Call Test Case 'Test Cases/PFI Precision and Scale/PFI Components with Indexing/AlphaNumericSpecialValidationIndex' successfully

2020-06-07 22:05:16 - [TEST_STEP][PASSED] - callTestCase(findTestCase("PFI Precision and Scale/PFI Components with Indexing/MaxCharLengthIndexValidation"), ["FieldNm":"notes", "index":1, "MaxCharLen":4005], STOP_ON_FAILURE): Call Test Case 'Test Cases/PFI Precision and Scale/PFI Components with Indexing/MaxCharLengthIndexValidation' successfully

2020-06-07 22:05:16 - [TEST_CASE][PASSED] - Test Cases/PFI Precision and Scale/PFI Components with Indexing/MaxCharLengthIndexValidation: Test Cases/PFI Precision and Scale/PFI Components with Indexing/MaxCharLengthIndexValidation

2020-06-07 22:05:16 - [TEST_STEP][PASSED] - Thread.sleep(1000): null

2020-06-07 22:05:17 - [TEST_STEP][PASSED] - CharLengthTBL = ["aoNotes":4000, "notes":4000, "hseBlkNo":10, "buildingName":100, "unformattedAddress":4000, "courtNo":20, "caseGrpDesc":4000, ... ]: null

2020-06-07 22:05:17 - [TEST_STEP][PASSED] - charset = /?><"".join(): null

2020-06-07 22:05:17 - [TEST_STEP][PASSED] - RandomStringVal = RandomStringUtils.random(MaxCharLen, charset.toCharArray()): null

2020-06-07 22:05:17 - [TEST_STEP][PASSED] - NewInputNmField = modifyObjectProperty(findTestObject("Object Repository/Objects.HighlightElements/input_field_index"), "xpath", "equals", "(//*[contains(@class,'x-form-text') and (@name='" + FieldNm + "')])[" + index + "]", true): Modify property of object successfully

2020-06-07 22:05:17 - [MESSAGE][PASSED] - Modify property of object successfully

2020-06-07 22:05:17 - [TEST_STEP][PASSED] - setText(NewInputNmField, RandomStringVal): Text 'LVx\71`Zxi2:$T3E~~tNKzk{{j8@V""Hn<eDflY|v+%W[^$g\0\B@=a}J|Q~ltea+_i\gwPw1LRe42{npZf7GOs#Uh<b+a(*LNS."Pts@IQ?@"R6Pwv|I"7#DlCd&M,zsY&%Sx@w@x{-"WlSEAs{!]]UU3({h':>tq,/X-*,8"8x@ZNO!W"=#K4*EjN;_Wt3edEC/5eG&or\/dRm4{1|Q`8*C%E>^N)'N)In;SlUZ0lD?D(EJ1,iLxDUnVX07"'JD{I>Jr>ck""BQb6?KM&o}*mRg5ll3.G-D3~`A"mPF<<kV%LuRht4)]#CLE%^Gyb!V*I#oS#Ul]r{C*Lw,MmA-f~&[N{v-3AR`N^oMCgGtKPfm1"xp-Y#KW_{6A/j#5VLTSezn>QU|h)/&{XJ?uwczL(Mwr8^nNTMvIW"A*.'zSDb-Ekw-_i*ySo$s&xmZ;Hj@E$CfL!P!\_&|nvwjO-`gouEYJ;9"`E:PRM8.r%x_[3.cJ)s7_=%IH1%`LKy.D<abpLuQl[ssDw8_h<wgz}cLb(tI&-}wGV&Gq]?QY/h5;ljd{BK<+&$;_AU~EJPkvp.%:R!L4k=u3;tU.,@n%wLkH~<c\51&<#BQj)q&15>b3ybHVl6Tq$1Tm?~q.O%vG-K`hV_GRJX.led7%9T`m`f)L7u{N0EyCxyK#V>l~Tu?a:^R1-Qt=fv1nn0|,M?<buFx65y9yI;2,hCpxtIocH:d&>[HfN6GKxOk}uq[|>0uX19$zNVL$'aaBX(L*J.yr/U|KM&LI4sg'Y;axsrN*4(qmuq}h%t5iq3Obe0gbTTuh5L=BsyoU8j:\>E"zI]"nk}0^,,/"sM`Lj!PE)p6%$q.g%"6%Xy9-V8))l.R^Jg"[;z2:z<#i[st9x^LYYa$VJF=EUqTxp/j)Z3wM!^F9,BdF=~';YzU*7aN{hi<"xUsv1jVmpCsQ*Yluu~4/Z`]k="%\_n^:XC96o[)74QWFNhS5V!PkVX*UA1{z-w^!Qe\tW2SC{F>[-zDKW$h6NN,/rI:5mv,+avq+CkHc#)\HlTnsyvz@Eq9zpT`_$2cAMU9m"G'&?p?iUeiu|:)"_kMiIn12uUebiH-%N1T4Y2>i`Q)iQWg#_a\k<_8gJ2jwsd"~(70fkT9HMt;@6xlA4<AFV,g[TiDq-('O"x$J(yTFXqy%|cVN[|=<lX.u+oEDA]1+3]VG0#G+Js@Am-u<e_J3<DYF**,60$_3a#w,,$9m""+|"ST8LTji#GP]${z&_X&v<6M2B^rI[dUa[t04g{RBPL?1@AckHoJH)PvzPqgL"23?m9p8lZ8o03E3E-V[a%yZgad}u$H47;qyaBP0B"Sr)GA"\I`1#fF\9,75Lm{u}hu'iGy)tkNvd}Qe/"-&J,7R6"b'0sP/M0X-?2IQX@B=&n*~Uj<oJQ#=H-}y%PJcq~n1#M.r'&M-;]NN35}];l]/`AtHT2i`l9lR"]$rx|S,}jDFd%/XTj~q/D'$Ls$e3](Ww6\|lle!Zu`<,*xU5caF3/IbK,\sf},h`vmL?R;:)3^jvA9aE&7Mz|+qV%K_4pvu26"8eQ!7{AuNru3V-2Gq2yN*8y57CH"/cf$Y|6M+?w)b>)eqif@l$p;_Y0e4h&?:`($*ul)=qg}MyhzZkcVI=#]&xf;"[ok9FxL"FJ2"*`W9og!B_\jxTJ/P&~,;o\n5wHA1LE\6kl*0hggcrA<j`9V:3]B1ZxrF3N`PSr["[7AX$=C]<_l4U)\csV}/p-pkv5#OZD:}-6b*P";+~"].QQ;0+sfWW*+NM*ZN8+O-P=MV>5IjbqOwcqAyK'Pv'^){S-7"S'K~/}H;w~K;h0}w;FFWgXp)^0YEf@.+/"=1w$LS6Q8qrvNxjn2t6Aq$"'e"u0_gV2fawvUf;HZ_nm8t1FG@p,}"$'"v:"uW0'mzBo=YLC?][w.(PMn1e])V"N0x$V<b%$Ygc$YH~cnrLSxQ6+-C+rut''Ef/SRE3sd6ulK81~}$vR[S#>|L"r=4Ft"*cQiGx!iV&Qy~Jx>2rAV=qUz??GB/nN-1J=JOH$#jOTpN=wmX_W&^M0E@,rI[CCF)RRmSU`n"h(]U,-BuYG_ff}R9K1*^C55ZT6V@sK("zH;as>''X?"*E,dwdO:2cI?6VveQN.",!]G78VZEQZ3[KGpiP?uuTylFZ7fcB-mr*FOc&L"89>-xr2,MnOBy6#e7D=c`XzcUYlni#H@#g0YP%4k=>":PA+rzs{qk:}\3\Ab^]XxkAF#h(A"*>$35Q?h$~)m10V\[L{5/q$SB*"Yijfme^x"mzhYqr~nMjk=f~ZL"l^O?4drxTS*M`?IC1j?ggxm<tdX/J25i9.^iqW5.vsT*Bn;&hM`kSr-UASsKzUmTLzd'a;A"j+:a3_fpus6Vj`Q&{k<G.rV?_6d2z;ve2xbBmw#^j_U1uK|RrTrO}q==]j%G,N#iMF5Pbx]"X!^+mS<#y43,G-mwuv%x`A|[kcY7X"Fx.jQ?kMA#q=S:"`zwBz7}uTC;2k?{{a7p$`Rv"Tg[h*psbTeu>TIQ7wcOob,83yXxNe>8d"j2@!SH!2.I-|1P14K16,%kNM{btfR7JM[Z,Yt_"WMw<=Epm<f`=FR*t>gxR-=q;k@l5}JncPv7A'GrTIEKY9d"&IKVt]Nbm.^m.7vGZ^%pK"_ALa$Y,S6#1U[@yU)$1ZcA4@uf2E'NTh\>KL.o~a,*6!*glje5PE{-;'q3%_)H+h+6-~FyHU9|!nnj6;$1:5`-f!fc`n&1_;UY9:%vNAPAUn58{Q.PL+!{1-PfG|E=gLNf2I[+nG'SJ"^3yUI/\[9r1.Y*S%+J1[0G!uz@5+ukK+7qZAg'=Ik_hnI&tCE+r8JhN[9]Pl&iu8{VK*J`kd|B|f^C}OuZu[dWCkS:"^s<a1mo]:|$=V;ueK-p35~Y3?=&qZa5T8OI*c=EW?U-U{P.'9w':;x?1)DS:>RmU'~\m;K76/PW}BeY\0_~hOu<O6I|l\~G1}+(ppRvx*]LY;8!&Dx'uE]Jg{+S.@d(V|tS4Ps<|j{)sS[miB]t#a'Hk@Jmjv+-~FcpS1eB|`LZvD5g!;,jenBIJc+t)Is&papkKBk6[CQopD8.oce+@Z=c+agylY#ab:?*2Pa2*:TzI.>7=#Jh5{T/-,N"]l#GGPx+)LfR.IN{Ja<H}M5'%qY[;|_c};A$Qkl!]h!frh^p(5;N2j2Jl4kVALI!5.l~lwFZGHsqr@}qVC)8n8lEiV=7}Z9dhQyL@%[99!V#85qKgAw%"3ni[X,(UCfvqu"AhVxW/50Ras]O"zrO52v1{?xa*#`7T<T1[IjABN{yF!Bp&8PZ?#28TnFHV"59^Cw-fo_/8+pd80j=;i!95,v,l8=[LR1/gOX@v5l4~q^@{]q}\+#4?9\~UN>tAV5(Gy,(l9$S.I`Q*t+W|^=ap*NaqE"]K:A"t,4k~!24w5V@omc.OrI-zN*oDg.R2AIo{kIFl)85g-nei'o!pNH`|nuBWCq*"kVW4gtCy7I+f1K&9Nv_NRMr[U|"Gt+(hoRfD02i'@mO,wrQ:;_>.Z(:#&=[4ZW]eL6^tdu1NX3_.rGH>^LbVr\(3<VED07(2jFyd1V)~$%DAr{ggW@y&H71Z;QFQ|av!f]g'luQ(LK?a$yTI$+2:Pw/hwqm*g8*Q&&FXPnn<)lz3PI=>H|B`Q5Fc"A7p8NA>ZNPlfl'j-@#L@zE&N_>DfpErPS8q}piy}hp-$KE.eZhlU0!(_3>|3.N|MHc&lt~OSzFHrm{Ve8j7eKn@WTYo"++{FEzDDx'FSWPbw2'<":C-^PA6hT"wcV>!bolzzCN{g[|F$bO"C9C2i*)V8R@]{),:*p<I^*(cY'5e1E|-NL'nhI:cW;jm|/.6lF"O:i:Dg&JnpaC-^9nhsOcob}>"M77odD:rB2#OGv*On;;g-E|~jH,"6z1PPTS3bbIl'wU6)s<o'9";(k~=|MBdrJ(`H*K#yM[-n,9dMc]Gt%9c%Z{#Q7$<|m>H%=BiF;C#$d'N,H' is set on object 'Object Repository/Objects.HighlightElements/input_field_index'

2020-06-07 22:06:27 - [MESSAGE][PASSED] - Text 'LVx\71`Zxi2:$T3E~~tNKzk{{j8@V""Hn<eDflY|v+%W[^$g\0\B@=a}J|Q~ltea+_i\gwPw1LRe42{npZf7GOs#Uh<b+a(*LNS."Pts@IQ?@"R6Pwv|I"7#DlCd&M,zsY&%Sx@w@x{-"WlSEAs{!]]UU3({h':>tq,/X-*,8"8x@ZNO!W"=#K4*EjN;_Wt3edEC/5eG&or\/dRm4{1|Q`8*C%E>^N)'N)In;SlUZ0lD?D(EJ1,iLxDUnVX07"'JD{I>Jr>ck""BQb6?KM&o}*mRg5ll3.G-D3~`A"mPF<<kV%LuRht4)]#CLE%^Gyb!V*I#oS#Ul]r{C*Lw,MmA-f~&[N{v-3AR`N^oMCgGtKPfm1"xp-Y#KW_{6A/j#5VLTSezn>QU|h)/&{XJ?uwczL(Mwr8^nNTMvIW"A*.'zSDb-Ekw-_i*ySo$s&xmZ;Hj@E$CfL!P!\_&|nvwjO-`gouEYJ;9"`E:PRM8.r%x_[3.cJ)s7_=%IH1%`LKy.D<abpLuQl[ssDw8_h<wgz}cLb(tI&-}wGV&Gq]?QY/h5;ljd{BK<+&$;_AU~EJPkvp.%:R!L4k=u3;tU.,@n%wLkH~<c\51&<#BQj)q&15>b3ybHVl6Tq$1Tm?~q.O%vG-K`hV_GRJX.led7%9T`m`f)L7u{N0EyCxyK#V>l~Tu?a:^R1-Qt=fv1nn0|,M?<buFx65y9yI;2,hCpxtIocH:d&>[HfN6GKxOk}uq[|>0uX19$zNVL$'aaBX(L*J.yr/U|KM&LI4sg'Y;axsrN*4(qmuq}h%t5iq3Obe0gbTTuh5L=BsyoU8j:\>E"zI]"nk}0^,,/"sM`Lj!PE)p6%$q.g%"6%Xy9-V8))l.R^Jg"[;z2:z<#i[st9x^LYYa$VJF=EUqTxp/j)Z3wM!^F9,BdF=~';YzU*7aN{hi<"xUsv1jVmpCsQ*Yluu~4/Z`]k="%\_n^:XC96o[)74QWFNhS5V!PkVX*UA1{z-w^!Qe\tW2SC{F>[-zDKW$h6NN,/rI:5mv,+avq+CkHc#)\HlTnsyvz@Eq9zpT`_$2cAMU9m"G'&?p?iUeiu|:)"_kMiIn12uUebiH-%N1T4Y2>i`Q)iQWg#_a\k<_8gJ2jwsd"~(70fkT9HMt;@6xlA4<AFV,g[TiDq-('O"x$J(yTFXqy%|cVN[|=<lX.u+oEDA]1+3]VG0#G+Js@Am-u<e_J3<DYF**,60$_3a#w,,$9m""+|"ST8LTji#GP]${z&_X&v<6M2B^rI[dUa[t04g{RBPL?1@AckHoJH)PvzPqgL"23?m9p8lZ8o03E3E-V[a%yZgad}u$H47;qyaBP0B"Sr)GA"\I`1#fF\9,75Lm{u}hu'iGy)tkNvd}Qe/"-&J,7R6"b'0sP/M0X-?2IQX@B=&n*~Uj<oJQ#=H-}y%PJcq~n1#M.r'&M-;]NN35}];l]/`AtHT2i`l9lR"]$rx|S,}jDFd%/XTj~q/D'$Ls$e3](Ww6\|lle!Zu`<,*xU5caF3/IbK,\sf},h`vmL?R;:)3^jvA9aE&7Mz|+qV%K_4pvu26"8eQ!7{AuNru3V-2Gq2yN*8y57CH"/cf$Y|6M+?w)b>)eqif@l$p;_Y0e4h&?:`($*ul)=qg}MyhzZkcVI=#]&xf;"[ok9FxL"FJ2"*`W9og!B_\jxTJ/P&~,;o\n5wHA1LE\6kl*0hggcrA<j`9V:3]B1ZxrF3N`PSr["[7AX$=C]<_l4U)\csV}/p-pkv5#OZD:}-6b*P";+~"].QQ;0+sfWW*+NM*ZN8+O-P=MV>5IjbqOwcqAyK'Pv'^){S-7"S'K~/}H;w~K;h0}w;FFWgXp)^0YEf@.+/"=1w$LS6Q8qrvNxjn2t6Aq$"'e"u0_gV2fawvUf;HZ_nm8t1FG@p,}"$'"v:"uW0'mzBo=YLC?][w.(PMn1e])V"N0x$V<b%$Ygc$YH~cnrLSxQ6+-C+rut''Ef/SRE3sd6ulK81~}$vR[S#>|L"r=4Ft"*cQiGx!iV&Qy~Jx>2rAV=qUz??GB/nN-1J=JOH$#jOTpN=wmX_W&^M0E@,rI[CCF)RRmSU`n"h(]U,-BuYG_ff}R9K1*^C55ZT6V@sK("zH;as>''X?"*E,dwdO:2cI?6VveQN.",!]G78VZEQZ3[KGpiP?uuTylFZ7fcB-mr*FOc&L"89>-xr2,MnOBy6#e7D=c`XzcUYlni#H@#g0YP%4k=>":PA+rzs{qk:}\3\Ab^]XxkAF#h(A"*>$35Q?h$~)m10V\[L{5/q$SB*"Yijfme^x"mzhYqr~nMjk=f~ZL"l^O?4drxTS*M`?IC1j?ggxm<tdX/J25i9.^iqW5.vsT*Bn;&hM`kSr-UASsKzUmTLzd'a;A"j+:a3_fpus6Vj`Q&{k<G.rV?_6d2z;ve2xbBmw#^j_U1uK|RrTrO}q==]j%G,N#iMF5Pbx]"X!^+mS<#y43,G-mwuv%x`A|[kcY7X"Fx.jQ?kMA#q=S:"`zwBz7}uTC;2k?{{a7p$`Rv"Tg[h*psbTeu>TIQ7wcOob,83yXxNe>8d"j2@!SH!2.I-|1P14K16,%kNM{btfR7JM[Z,Yt_"WMw<=Epm<f`=FR*t>gxR-=q;k@l5}JncPv7A'GrTIEKY9d"&IKVt]Nbm.^m.7vGZ^%pK"_ALa$Y,S6#1U[@yU)$1ZcA4@uf2E'NTh\>KL.o~a,*6!*glje5PE{-;'q3%_)H+h+6-~FyHU9|!nnj6;$1:5`-f!fc`n&1_;UY9:%vNAPAUn58{Q.PL+!{1-PfG|E=gLNf2I[+nG'SJ"^3yUI/\[9r1.Y*S%+J1[0G!uz@5+ukK+7qZAg'=Ik_hnI&tCE+r8JhN[9]Pl&iu8{VK*J`kd|B|f^C}OuZu[dWCkS:"^s<a1mo]:|$=V;ueK-p35~Y3?=&qZa5T8OI*c=EW?U-U{P.'9w':;x?1)DS:>RmU'~\m;K76/PW}BeY\0_~hOu<O6I|l\~G1}+(ppRvx*]LY;8!&Dx'uE]Jg{+S.@d(V|tS4Ps<|j{)sS[miB]t#a'Hk@Jmjv+-~FcpS1eB|`LZvD5g!;,jenBIJc+t)Is&papkKBk6[CQopD8.oce+@Z=c+agylY#ab:?*2Pa2*:TzI.>7=#Jh5{T/-,N"]l#GGPx+)LfR.IN{Ja<H}M5'%qY[;|_c};A$Qkl!]h!frh^p(5;N2j2Jl4kVALI!5.l~lwFZGHsqr@}qVC)8n8lEiV=7}Z9dhQyL@%[99!V#85qKgAw%"3ni[X,(UCfvqu"AhVxW/50Ras]O"zrO52v1{?xa*#`7T<T1[IjABN{yF!Bp&8PZ?#28TnFHV"59^Cw-fo_/8+pd80j=;i!95,v,l8=[LR1/gOX@v5l4~q^@{]q}\+#4?9\~UN>tAV5(Gy,(l9$S.I`Q*t+W|^=ap*NaqE"]K:A"t,4k~!24w5V@omc.OrI-zN*oDg.R2AIo{kIFl)85g-nei'o!pNH`|nuBWCq*"kVW4gtCy7I+f1K&9Nv_NRMr[U|"Gt+(hoRfD02i'@mO,wrQ:;_>.Z(:#&=[4ZW]eL6^tdu1NX3_.rGH>^LbVr\(3<VED07(2jFyd1V)~$%DAr{ggW@y&H71Z;QFQ|av!f]g'luQ(LK?a$yTI$+2:Pw/hwqm*g8*Q&&FXPnn<)lz3PI=>H|B`Q5Fc"A7p8NA>ZNPlfl'j-@#L@zE&N_>DfpErPS8q}piy}hp-$KE.eZhlU0!(_3>|3.N|MHc&lt~OSzFHrm{Ve8j7eKn@WTYo"++{FEzDDx'FSWPbw2'<":C-^PA6hT"wcV>!bolzzCN{g[|F$bO"C9C2i*)V8R@]{),:*p<I^*(cY'5e1E|-NL'nhI:cW;jm|/.6lF"O:i:Dg&JnpaC-^9nhsOcob}>"M77odD:rB2#OGv*On;;g-E|~jH,"6z1PPTS3bbIl'wU6)s<o'9";(k~=|MBdrJ(`H*K#yM[-n,9dMc]Gt%9c%Z{#Q7$<|m>H%=BiF;C#$d'N,H' is set on object 'Object Repository/Objects.HighlightElements/input_field_index'

2020-06-07 22:06:27 - [TEST_STEP][PASSED] - GetInputValue = getAttribute(NewInputNmField, "value", STOP_ON_FAILURE): Attribute 'value' of object 'Object Repository/Objects.HighlightElements/input_field_index' is: 'LVx\71`Zxi2:$T3E~~tNKzk{{j8@V""Hn<eDflY|v+%W[^$g\0\B@=a}J|Q~ltea+_i\gwPw1LRe42{npZf7GOs#Uh<b+a(*LNS."Pts@IQ?@"R6Pwv|I"7#DlCd&M,zsY&%Sx@w@x{-"WlSEAs{!]]UU3({h':>tq,/X-*,8"8x@ZNO!W"=#K4*EjN;_Wt3edEC/5eG&or\/dRm4{1|Q`8*C%E>^N)'N)In;SlUZ0lD?D(EJ1,iLxDUnVX07"'JD{I>Jr>ck""BQb6?KM&o}*mRg5ll3.G-D3~`A"mPF<<kV%LuRht4)]#CLE%^Gyb!V*I#oS#Ul]r{C*Lw,MmA-f~&[N{v-3AR`N^oMCgGtKPfm1"xp-Y#KW_{6A/j#5VLTSezn>QU|h)/&{XJ?uwczL(Mwr8^nNTMvIW"A*.'zSDb-Ekw-_i*ySo$s&xmZ;Hj@E$CfL!P!\_&|nvwjO-`gouEYJ;9"`E:PRM8.r%x_[3.cJ)s7_=%IH1%`LKy.D<abpLuQl[ssDw8_h<wgz}cLb(tI&-}wGV&Gq]?QY/h5;ljd{BK<+&$;_AU~EJPkvp.%:R!L4k=u3;tU.,@n%wLkH~<c\51&<#BQj)q&15>b3ybHVl6Tq$1Tm?~q.O%vG-K`hV_GRJX.led7%9T`m`f)L7u{N0EyCxyK#V>l~Tu?a:^R1-Qt=fv1nn0|,M?<buFx65y9yI;2,hCpxtIocH:d&>[HfN6GKxOk}uq[|>0uX19$zNVL$'aaBX(L*J.yr/U|KM&LI4sg'Y;axsrN*4(qmuq}h%t5iq3Obe0gbTTuh5L=BsyoU8j:\>E"zI]"nk}0^,,/"sM`Lj!PE)p6%$q.g%"6%Xy9-V8))l.R^Jg"[;z2:z<#i[st9x^LYYa$VJF=EUqTxp/j)Z3wM!^F9,BdF=~';YzU*7aN{hi<"xUsv1jVmpCsQ*Yluu~4/Z`]k="%\_n^:XC96o[)74QWFNhS5V!PkVX*UA1{z-w^!Qe\tW2SC{F>[-zDKW$h6NN,/rI:5mv,+avq+CkHc#)\HlTnsyvz@Eq9zpT`_$2cAMU9m"G'&?p?iUeiu|:)"_kMiIn12uUebiH-%N1T4Y2>i`Q)iQWg#_a\k<_8gJ2jwsd"~(70fkT9HMt;@6xlA4<AFV,g[TiDq-('O"x$J(yTFXqy%|cVN[|=<lX.u+oEDA]1+3]VG0#G+Js@Am-u<e_J3<DYF**,60$_3a#w,,$9m""+|"ST8LTji#GP]${z&_X&v<6M2B^rI[dUa[t04g{RBPL?1@AckHoJH)PvzPqgL"23?m9p8lZ8o03E3E-V[a%yZgad}u$H47;qyaBP0B"Sr)GA"\I`1#fF\9,75Lm{u}hu'iGy)tkNvd}Qe/"-&J,7R6"b'0sP/M0X-?2IQX@B=&n*~Uj<oJQ#=H-}y%PJcq~n1#M.r'&M-;]NN35}];l]/`AtHT2i`l9lR"]$rx|S,}jDFd%/XTj~q/D'$Ls$e3](Ww6\|lle!Zu`<,*xU5caF3/IbK,\sf},h`vmL?R;:)3^jvA9aE&7Mz|+qV%K_4pvu26"8eQ!7{AuNru3V-2Gq2yN*8y57CH"/cf$Y|6M+?w)b>)eqif@l$p;_Y0e4h&?:`($*ul)=qg}MyhzZkcVI=#]&xf;"[ok9FxL"FJ2"*`W9og!B_\jxTJ/P&~,;o\n5wHA1LE\6kl*0hggcrA<j`9V:3]B1ZxrF3N`PSr["[7AX$=C]<_l4U)\csV}/p-pkv5#OZD:}-6b*P";+~"].QQ;0+sfWW*+NM*ZN8+O-P=MV>5IjbqOwcqAyK'Pv'^){S-7"S'K~/}H;w~K;h0}w;FFWgXp)^0YEf@.+/"=1w$LS6Q8qrvNxjn2t6Aq$"'e"u0_gV2fawvUf;HZ_nm8t1FG@p,}"$'"v:"uW0'mzBo=YLC?][w.(PMn1e])V"N0x$V<b%$Ygc$YH~cnrLSxQ6+-C+rut''Ef/SRE3sd6ulK81~}$vR[S#>|L"r=4Ft"*cQiGx!iV&Qy~Jx>2rAV=qUz??GB/nN-1J=JOH$#jOTpN=wmX_W&^M0E@,rI[CCF)RRmSU`n"h(]U,-BuYG_ff}R9K1*^C55ZT6V@sK("zH;as>''X?"*E,dwdO:2cI?6VveQN.",!]G78VZEQZ3[KGpiP?uuTylFZ7fcB-mr*FOc&L"89>-xr2,MnOBy6#e7D=c`XzcUYlni#H@#g0YP%4k=>":PA+rzs{qk:}\3\Ab^]XxkAF#h(A"*>$35Q?h$~)m10V\[L{5/q$SB*"Yijfme^x"mzhYqr~nMjk=f~ZL"l^O?4drxTS*M`?IC1j?ggxm<tdX/J25i9.^iqW5.vsT*Bn;&hM`kSr-UASsKzUmTLzd'a;A"j+:a3_fpus6Vj`Q&{k<G.rV?_6d2z;ve2xbBmw#^j_U1uK|RrTrO}q==]j%G,N#iMF5Pbx]"X!^+mS<#y43,G-mwuv%x`A|[kcY7X"Fx.jQ?kMA#q=S:"`zwBz7}uTC;2k?{{a7p$`Rv"Tg[h*psbTeu>TIQ7wcOob,83yXxNe>8d"j2@!SH!2.I-|1P14K16,%kNM{btfR7JM[Z,Yt_"WMw<=Epm<f`=FR*t>gxR-=q;k@l5}JncPv7A'GrTIEKY9d"&IKVt]Nbm.^m.7vGZ^%pK"_ALa$Y,S6#1U[@yU)$1ZcA4@uf2E'NTh\>KL.o~a,*6!*glje5PE{-;'q3%_)H+h+6-~FyHU9|!nnj6;$1:5`-f!fc`n&1_;UY9:%vNAPAUn58{Q.PL+!{1-PfG|E=gLNf2I[+nG'SJ"^3yUI/\[9r1.Y*S%+J1[0G!uz@5+ukK+7qZAg'=Ik_hnI&tCE+r8JhN[9]Pl&iu8{VK*J`kd|B|f^C}OuZu[dWCkS:"^s<a1mo]:|$=V;ueK-p35~Y3?=&qZa5T8OI*c=EW?U-U{P.'9w':;x?1)DS:>RmU'~\m;K76/PW}BeY\0_~hOu<O6I|l\~G1}+(ppRvx*]LY;8!&Dx'uE]Jg{+S.@d(V|tS4Ps<|j{)sS[miB]t#a'Hk@Jmjv+-~FcpS1eB|`LZvD5g!;,jenBIJc+t)Is&papkKBk6[CQopD8.oce+@Z=c+agylY#ab:?*2Pa2*:TzI.>7=#Jh5{T/-,N"]l#GGPx+)LfR.IN{Ja<H}M5'%qY[;|_c};A$Qkl!]h!frh^p(5;N2j2Jl4kVALI!5.l~lwFZGHsqr@}qVC)8n8lEiV=7}Z9dhQyL@%[99!V#85qKgAw%"3ni[X,(UCfvqu"AhVxW/50Ras]O"zrO52v1{?xa*#`7T<T1[IjABN{yF!Bp&8PZ?#28TnFHV"59^Cw-fo_/8+pd80j=;i!95,v,l8=[LR1/gOX@v5l4~q^@{]q}\+#4?9\~UN>tAV5(Gy,(l9$S.I`Q*t+W|^=ap*NaqE"]K:A"t,4k~!24w5V@omc.OrI-zN*oDg.R2AIo{kIFl)85g-nei'o!pNH`|nuBWCq*"kVW4gtCy7I+f1K&9Nv_NRMr[U|"Gt+(hoRfD02i'@mO,wrQ:;_>.Z(:#&=[4ZW]eL6^tdu1NX3_.rGH>^LbVr\(3<VED07(2jFyd1V)~$%DAr{ggW@y&H71Z;QFQ|av!f]g'luQ(LK?a$yTI$+2:Pw/hwqm*g8*Q&&FXPnn<)lz3PI=>H|B`Q5Fc"A7p8NA>ZNPlfl'j-@#L@zE&N_>DfpErPS8q}piy}hp-$KE.eZhlU0!(_3>|3.N|MHc&lt~OSzFHrm{Ve8j7eKn@WTYo"++{FEzDDx'FSWPbw2'<":C-^PA6hT"wcV>!bolzzCN{g[|F$bO"C9C2i*)V8R@]{),:*p<I^*(cY'5e1E|-NL'nhI:cW;jm|/.6lF"O:i:Dg&JnpaC-^9nhsOcob}>"M77odD:rB2#OGv*On;;g-E|~jH,"6z1PPTS3bbIl'wU6)s<o'9";(k~=|MBdrJ(`H*K#yM[-n,9dMc]Gt%9c%Z{#Q7$<|m>H%=BiF;C#$'

2020-06-07 22:06:27 - [MESSAGE][PASSED] - Attribute 'value' of object 'Object Repository/Objects.HighlightElements/input_field_index' is: 'LVx\71`Zxi2:$T3E~~tNKzk{{j8@V""Hn<eDflY|v+%W[^$g\0\B@=a}J|Q~ltea+_i\gwPw1LRe42{npZf7GOs#Uh<b+a(*LNS."Pts@IQ?@"R6Pwv|I"7#DlCd&M,zsY&%Sx@w@x{-"WlSEAs{!]]UU3({h':>tq,/X-*,8"8x@ZNO!W"=#K4*EjN;_Wt3edEC/5eG&or\/dRm4{1|Q`8*C%E>^N)'N)In;SlUZ0lD?D(EJ1,iLxDUnVX07"'JD{I>Jr>ck""BQb6?KM&o}*mRg5ll3.G-D3~`A"mPF<<kV%LuRht4)]#CLE%^Gyb!V*I#oS#Ul]r{C*Lw,MmA-f~&[N{v-3AR`N^oMCgGtKPfm1"xp-Y#KW_{6A/j#5VLTSezn>QU|h)/&{XJ?uwczL(Mwr8^nNTMvIW"A*.'zSDb-Ekw-_i*ySo$s&xmZ;Hj@E$CfL!P!\_&|nvwjO-`gouEYJ;9"`E:PRM8.r%x_[3.cJ)s7_=%IH1%`LKy.D<abpLuQl[ssDw8_h<wgz}cLb(tI&-}wGV&Gq]?QY/h5;ljd{BK<+&$;_AU~EJPkvp.%:R!L4k=u3;tU.,@n%wLkH~<c\51&<#BQj)q&15>b3ybHVl6Tq$1Tm?~q.O%vG-K`hV_GRJX.led7%9T`m`f)L7u{N0EyCxyK#V>l~Tu?a:^R1-Qt=fv1nn0|,M?<buFx65y9yI;2,hCpxtIocH:d&>[HfN6GKxOk}uq[|>0uX19$zNVL$'aaBX(L*J.yr/U|KM&LI4sg'Y;axsrN*4(qmuq}h%t5iq3Obe0gbTTuh5L=BsyoU8j:\>E"zI]"nk}0^,,/"sM`Lj!PE)p6%$q.g%"6%Xy9-V8))l.R^Jg"[;z2:z<#i[st9x^LYYa$VJF=EUqTxp/j)Z3wM!^F9,BdF=~';YzU*7aN{hi<"xUsv1jVmpCsQ*Yluu~4/Z`]k="%\_n^:XC96o[)74QWFNhS5V!PkVX*UA1{z-w^!Qe\tW2SC{F>[-zDKW$h6NN,/rI:5mv,+avq+CkHc#)\HlTnsyvz@Eq9zpT`_$2cAMU9m"G'&?p?iUeiu|:)"_kMiIn12uUebiH-%N1T4Y2>i`Q)iQWg#_a\k<_8gJ2jwsd"~(70fkT9HMt;@6xlA4<AFV,g[TiDq-('O"x$J(yTFXqy%|cVN[|=<lX.u+oEDA]1+3]VG0#G+Js@Am-u<e_J3<DYF**,60$_3a#w,,$9m""+|"ST8LTji#GP]${z&_X&v<6M2B^rI[dUa[t04g{RBPL?1@AckHoJH)PvzPqgL"23?m9p8lZ8o03E3E-V[a%yZgad}u$H47;qyaBP0B"Sr)GA"\I`1#fF\9,75Lm{u}hu'iGy)tkNvd}Qe/"-&J,7R6"b'0sP/M0X-?2IQX@B=&n*~Uj<oJQ#=H-}y%PJcq~n1#M.r'&M-;]NN35}];l]/`AtHT2i`l9lR"]$rx|S,}jDFd%/XTj~q/D'$Ls$e3](Ww6\|lle!Zu`<,*xU5caF3/IbK,\sf},h`vmL?R;:)3^jvA9aE&7Mz|+qV%K_4pvu26"8eQ!7{AuNru3V-2Gq2yN*8y57CH"/cf$Y|6M+?w)b>)eqif@l$p;_Y0e4h&?:`($*ul)=qg}MyhzZkcVI=#]&xf;"[ok9FxL"FJ2"*`W9og!B_\jxTJ/P&~,;o\n5wHA1LE\6kl*0hggcrA<j`9V:3]B1ZxrF3N`PSr["[7AX$=C]<_l4U)\csV}/p-pkv5#OZD:}-6b*P";+~"].QQ;0+sfWW*+NM*ZN8+O-P=MV>5IjbqOwcqAyK'Pv'^){S-7"S'K~/}H;w~K;h0}w;FFWgXp)^0YEf@.+/"=1w$LS6Q8qrvNxjn2t6Aq$"'e"u0_gV2fawvUf;HZ_nm8t1FG@p,}"$'"v:"uW0'mzBo=YLC?][w.(PMn1e])V"N0x$V<b%$Ygc$YH~cnrLSxQ6+-C+rut''Ef/SRE3sd6ulK81~}$vR[S#>|L"r=4Ft"*cQiGx!iV&Qy~Jx>2rAV=qUz??GB/nN-1J=JOH$#jOTpN=wmX_W&^M0E@,rI[CCF)RRmSU`n"h(]U,-BuYG_ff}R9K1*^C55ZT6V@sK("zH;as>''X?"*E,dwdO:2cI?6VveQN.",!]G78VZEQZ3[KGpiP?uuTylFZ7fcB-mr*FOc&L"89>-xr2,MnOBy6#e7D=c`XzcUYlni#H@#g0YP%4k=>":PA+rzs{qk:}\3\Ab^]XxkAF#h(A"*>$35Q?h$~)m10V\[L{5/q$SB*"Yijfme^x"mzhYqr~nMjk=f~ZL"l^O?4drxTS*M`?IC1j?ggxm<tdX/J25i9.^iqW5.vsT*Bn;&hM`kSr-UASsKzUmTLzd'a;A"j+:a3_fpus6Vj`Q&{k<G.rV?_6d2z;ve2xbBmw#^j_U1uK|RrTrO}q==]j%G,N#iMF5Pbx]"X!^+mS<#y43,G-mwuv%x`A|[kcY7X"Fx.jQ?kMA#q=S:"`zwBz7}uTC;2k?{{a7p$`Rv"Tg[h*psbTeu>TIQ7wcOob,83yXxNe>8d"j2@!SH!2.I-|1P14K16,%kNM{btfR7JM[Z,Yt_"WMw<=Epm<f`=FR*t>gxR-=q;k@l5}JncPv7A'GrTIEKY9d"&IKVt]Nbm.^m.7vGZ^%pK"_ALa$Y,S6#1U[@yU)$1ZcA4@uf2E'NTh\>KL.o~a,*6!*glje5PE{-;'q3%_)H+h+6-~FyHU9|!nnj6;$1:5`-f!fc`n&1_;UY9:%vNAPAUn58{Q.PL+!{1-PfG|E=gLNf2I[+nG'SJ"^3yUI/\[9r1.Y*S%+J1[0G!uz@5+ukK+7qZAg'=Ik_hnI&tCE+r8JhN[9]Pl&iu8{VK*J`kd|B|f^C}OuZu[dWCkS:"^s<a1mo]:|$=V;ueK-p35~Y3?=&qZa5T8OI*c=EW?U-U{P.'9w':;x?1)DS:>RmU'~\m;K76/PW}BeY\0_~hOu<O6I|l\~G1}+(ppRvx*]LY;8!&Dx'uE]Jg{+S.@d(V|tS4Ps<|j{)sS[miB]t#a'Hk@Jmjv+-~FcpS1eB|`LZvD5g!;,jenBIJc+t)Is&papkKBk6[CQopD8.oce+@Z=c+agylY#ab:?*2Pa2*:TzI.>7=#Jh5{T/-,N"]l#GGPx+)LfR.IN{Ja<H}M5'%qY[;|_c};A$Qkl!]h!frh^p(5;N2j2Jl4kVALI!5.l~lwFZGHsqr@}qVC)8n8lEiV=7}Z9dhQyL@%[99!V#85qKgAw%"3ni[X,(UCfvqu"AhVxW/50Ras]O"zrO52v1{?xa*#`7T<T1[IjABN{yF!Bp&8PZ?#28TnFHV"59^Cw-fo_/8+pd80j=;i!95,v,l8=[LR1/gOX@v5l4~q^@{]q}\+#4?9\~UN>tAV5(Gy,(l9$S.I`Q*t+W|^=ap*NaqE"]K:A"t,4k~!24w5V@omc.OrI-zN*oDg.R2AIo{kIFl)85g-nei'o!pNH`|nuBWCq*"kVW4gtCy7I+f1K&9Nv_NRMr[U|"Gt+(hoRfD02i'@mO,wrQ:;_>.Z(:#&=[4ZW]eL6^tdu1NX3_.rGH>^LbVr\(3<VED07(2jFyd1V)~$%DAr{ggW@y&H71Z;QFQ|av!f]g'luQ(LK?a$yTI$+2:Pw/hwqm*g8*Q&&FXPnn<)lz3PI=>H|B`Q5Fc"A7p8NA>ZNPlfl'j-@#L@zE&N_>DfpErPS8q}piy}hp-$KE.eZhlU0!(_3>|3.N|MHc&lt~OSzFHrm{Ve8j7eKn@WTYo"++{FEzDDx'FSWPbw2'<":C-^PA6hT"wcV>!bolzzCN{g[|F$bO"C9C2i*)V8R@]{),:*p<I^*(cY'5e1E|-NL'nhI:cW;jm|/.6lF"O:i:Dg&JnpaC-^9nhsOcob}>"M77odD:rB2#OGv*On;;g-E|~jH,"6z1PPTS3bbIl'wU6)s<o'9";(k~=|MBdrJ(`H*K#yM[-n,9dMc]Gt%9c%Z{#Q7$<|m>H%=BiF;C#$'

2020-06-07 22:06:27 - [TEST_STEP][PASSED] - GetLenChar = GetInputValue.length(): null

2020-06-07 22:06:27 - [TEST_STEP][PASSED] - MaxLength = CharLengthTBL.get(FieldNm): null

2020-06-07 22:06:27 - [TEST_STEP][PASSED] - if (MaxLength != null): Actual object '4,000' and expected object '4,000' are equal

2020-06-07 22:06:27 - [TEST_STEP][PASSED] - verifyEqual(GetLenChar, MaxLength): Actual object '4,000' and expected object '4,000' are equal

2020-06-07 22:06:27 - [MESSAGE][PASSED] - Actual object '4,000' and expected object '4,000' are equal

2020-06-07 22:06:27 - [MESSAGE][PASSED] - Call Test Case 'Test Cases/PFI Precision and Scale/PFI Components with Indexing/MaxCharLengthIndexValidation' successfully

2020-06-07 22:06:27 - [TEST_STEP][PASSED] - callTestCase(findTestCase("Components/HighlightLabelFieldXPI"), ["LblName":"Module Name", "index":1], STOP_ON_FAILURE): Call Test Case 'Test Cases/Components/HighlightLabelFieldXPI' successfully

2020-06-07 22:06:27 - [TEST_CASE][PASSED] - Test Cases/Components/HighlightLabelFieldXPI: Test Cases/Components/HighlightLabelFieldXPI

2020-06-07 22:06:27 - [TEST_STEP][PASSED] - Thread.sleep(1000): null

2020-06-07 22:06:28 - [TEST_STEP][PASSED] - modifiedLblNm = modifyObjectProperty(findTestObject("Object Repository/Objects.HighlightElements/lblField_index"), "xpath", "equals", "(//*[contains(@class, 'x-form-item-label-inner x-form-item-label-inner-default') and contains(., '" + LblName + "')])[" + index + "]", true): Modify property of object successfully

2020-06-07 22:06:28 - [MESSAGE][PASSED] - Modify property of object successfully

2020-06-07 22:06:28 - [TEST_STEP][PASSED] - com.reusableComponents.HighlightElement.run(modifiedLblNm): com.reusableComponents.HighlightElement.run is PASSED

2020-06-07 22:06:31 - [MESSAGE][PASSED] - com.reusableComponents.HighlightElement.run is PASSED

2020-06-07 22:06:31 - [MESSAGE][PASSED] - Call Test Case 'Test Cases/Components/HighlightLabelFieldXPI' successfully

2020-06-07 22:06:31 - [TEST_STEP][PASSED] - callTestCase(findTestCase("Components/HighlightInputFieldXPI"), ["FldNm":"inspModule", "index":1], STOP_ON_FAILURE): Call Test Case 'Test Cases/Components/HighlightInputFieldXPI' successfully

2020-06-07 22:06:31 - [TEST_CASE][PASSED] - Test Cases/Components/HighlightInputFieldXPI: Test Cases/Components/HighlightInputFieldXPI

2020-06-07 22:06:31 - [TEST_STEP][PASSED] - Thread.sleep(1000): null

2020-06-07 22:06:32 - [TEST_STEP][PASSED] - modifiedInputNm = modifyObjectProperty(findTestObject("Object Repository/Objects.HighlightElements/input_field_index"), "xpath", "equals", "(//*[contains(@name, '" + FldNm + "')])[" + index + "]", true): Modify property of object successfully

2020-06-07 22:06:32 - [MESSAGE][PASSED] - Modify property of object successfully

2020-06-07 22:06:32 - [TEST_STEP][PASSED] - com.reusableComponents.HighlightElement.run(modifiedInputNm): com.reusableComponents.HighlightElement.run is PASSED

2020-06-07 22:06:34 - [MESSAGE][PASSED] - com.reusableComponents.HighlightElement.run is PASSED

2020-06-07 22:06:34 - [MESSAGE][PASSED] - Call Test Case 'Test Cases/Components/HighlightInputFieldXPI' successfully

2020-06-07 22:06:34 - [TEST_STEP][PASSED] - callTestCase(findTestCase("Components/SelectAllThenDeleteIndex"), ["nameToBeUsed":"inspModule", "index":"1"], STOP_ON_FAILURE): Call Test Case 'Test Cases/Components/SelectAllThenDeleteIndex' successfully

2020-06-07 22:06:34 - [TEST_CASE][PASSED] - Test Cases/Components/SelectAllThenDeleteIndex: Test Cases/Components/SelectAllThenDeleteIndex

2020-06-07 22:06:34 - [TEST_STEP][PASSED] - Thread.sleep(1000): null

2020-06-07 22:06:35 - [TEST_STEP][PASSED] - modifiedObj = modifyObjectProperty(findTestObject("Object Repository/Objects.HighlightElements/input_field_index"), "xpath", "equals", "(//*[contains(@class,'x-form-text') and (@name='" + nameToBeUsed + "')])[" + index + "]", true): Modify property of object successfully

2020-06-07 22:06:35 - [MESSAGE][PASSED] - Modify property of object successfully

2020-06-07 22:06:35 - [TEST_STEP][PASSED] - focus(modifiedObj): Object: 'Object Repository/Objects.HighlightElements/input_field_index' is focused

2020-06-07 22:06:36 - [MESSAGE][PASSED] - Object: 'Object Repository/Objects.HighlightElements/input_field_index' is focused

2020-06-07 22:06:36 - [TEST_STEP][PASSED] - sendKeys(modifiedObj, Keys.chord(CONTROL, "a")): Keys 'CONTROL + a' sent to object: 'Object Repository/Objects.HighlightElements/input_field_index'

2020-06-07 22:06:36 - [MESSAGE][PASSED] - Keys 'CONTROL + a' sent to object: 'Object Repository/Objects.HighlightElements/input_field_index'

2020-06-07 22:06:36 - [TEST_STEP][PASSED] - sendKeys(modifiedObj, Keys.chord(DELETE)): Keys 'DELETE + ' sent to object: 'Object Repository/Objects.HighlightElements/input_field_index'

2020-06-07 22:06:37 - [MESSAGE][PASSED] - Keys 'DELETE + ' sent to object: 'Object Repository/Objects.HighlightElements/input_field_index'

2020-06-07 22:06:37 - [MESSAGE][PASSED] - Call Test Case 'Test Cases/Components/SelectAllThenDeleteIndex' successfully

2020-06-07 22:06:37 - [TEST_STEP][PASSED] - callTestCase(findTestCase("PFI Precision and Scale/PFI Components with Indexing/RequiredFieldValidationIndex"), ["nameToBeUsed":"inspModule", "index":1], STOP_ON_FAILURE): Call Test Case 'Test Cases/PFI Precision and Scale/PFI Components with Indexing/RequiredFieldValidationIndex' successfully

2020-06-07 22:06:37 - [TEST_CASE][PASSED] - Test Cases/PFI Precision and Scale/PFI Components with Indexing/RequiredFieldValidationIndex: Test Cases/PFI Precision and Scale/PFI Components with Indexing/RequiredFieldValidationIndex

2020-06-07 22:06:37 - [TEST_STEP][PASSED] - enableSmartWait(): null

2020-06-07 22:06:37 - [TEST_STEP][PASSED] - NewInputNmField = modifyObjectProperty(findTestObject("Objects.HighlightElements/input_field_index"), "xpath", "equals", "(//*[contains(@class,'x-form-text') and (@name='" + nameToBeUsed + "')])[" + index + "]", true): Modify property of object successfully

2020-06-07 22:06:37 - [MESSAGE][PASSED] - Modify property of object successfully

2020-06-07 22:06:37 - [TEST_STEP][PASSED] - mouseOver(NewInputNmField): Object: 'Object Repository/Objects.HighlightElements/input_field_index' is hovered

2020-06-07 22:06:38 - [MESSAGE][PASSED] - Object: 'Object Repository/Objects.HighlightElements/input_field_index' is hovered

2020-06-07 22:06:38 - [TEST_STEP][PASSED] - getRqErrMsg = getAttribute(NewInputNmField, "data-errorqtip"): Attribute 'data-errorqtip' of object 'Object Repository/Objects.HighlightElements/input_field_index' is: '<ul class="x-list-plain"><li>This field is required</li></ul>'

2020-06-07 22:06:38 - [MESSAGE][PASSED] - Attribute 'data-errorqtip' of object 'Object Repository/Objects.HighlightElements/input_field_index' is: '<ul class="x-list-plain"><li>This field is required</li></ul>'

2020-06-07 22:06:38 - [TEST_STEP][PASSED] - strToolTip = getRqErrMsg.substring(29, 61): null

2020-06-07 22:06:38 - [TEST_STEP][PASSED] - toolTipReqErrMsg = strToolTip.substring(0, 22): null

2020-06-07 22:06:38 - [TEST_STEP][PASSED] - verifyMatch(toolTipReqErrMsg, RqField, true): Actual text 'This field is required' and expected text 'This field is required' are matched  using regular expression

2020-06-07 22:06:38 - [MESSAGE][PASSED] - Actual text 'This field is required' and expected text 'This field is required' are matched  using regular expression

2020-06-07 22:06:38 - [MESSAGE][PASSED] - Call Test Case 'Test Cases/PFI Precision and Scale/PFI Components with Indexing/RequiredFieldValidationIndex' successfully

2020-06-07 22:06:38 - [TEST_STEP][PASSED] - callTestCase(findTestCase("PFI Precision and Scale/PFI Components with Indexing/VerifyDropdownValuesXPI"), ["FldNm":"inspModule", "index":1, "CallTCName":"PFI Precision and Scale/HashMap Tables/ConstantHashMap", "cmbNm":"ModuleNm", ... ], STOP_ON_FAILURE): Call Test Case 'Test Cases/PFI Precision and Scale/PFI Components with Indexing/VerifyDropdownValuesXPI' successfully

2020-06-07 22:06:38 - [TEST_CASE][PASSED] - Test Cases/PFI Precision and Scale/PFI Components with Indexing/VerifyDropdownValuesXPI: Test Cases/PFI Precision and Scale/PFI Components with Indexing/VerifyDropdownValuesXPI

2020-06-07 22:06:38 - [TEST_STEP][PASSED] - Thread.sleep(1000): null

2020-06-07 22:06:39 - [TEST_STEP][PASSED] - NewInputNmField = modifyObjectProperty(findTestObject("Object Repository/Objects.HighlightElements/input_field_index"), "xpath", "equals", "(//*[contains(@name, '" + FldNm + "')])[" + index + "]", true): Modify property of object successfully

2020-06-07 22:06:39 - [MESSAGE][PASSED] - Modify property of object successfully

2020-06-07 22:06:39 - [TEST_STEP][PASSED] - comboNm = cmbNm: null

2020-06-07 22:06:39 - [TEST_STEP][PASSED] - focus(NewInputNmField): Object: 'Object Repository/Objects.HighlightElements/input_field_index' is focused

2020-06-07 22:06:40 - [MESSAGE][PASSED] - Object: 'Object Repository/Objects.HighlightElements/input_field_index' is focused

2020-06-07 22:06:40 - [TEST_STEP][PASSED] - setText(NewInputNmField, EnterValue): Text 'PSI' is set on object 'Object Repository/Objects.HighlightElements/input_field_index'

2020-06-07 22:06:40 - [MESSAGE][PASSED] - Text 'PSI' is set on object 'Object Repository/Objects.HighlightElements/input_field_index'

2020-06-07 22:06:40 - [TEST_STEP][PASSED] - for ([i = 1, i <= NoOfVal, (i++)]): Keys 'DOWN + ' sent to object: 'Object Repository/Objects.HighlightElements/input_field_index'

2020-06-07 22:06:40 - [TEST_STEP][PASSED] - sendKeys(NewInputNmField, Keys.chord(ARROW_DOWN)): Keys 'DOWN + ' sent to object: 'Object Repository/Objects.HighlightElements/input_field_index'

2020-06-07 22:06:41 - [MESSAGE][PASSED] - Keys 'DOWN + ' sent to object: 'Object Repository/Objects.HighlightElements/input_field_index'

2020-06-07 22:06:41 - [TEST_STEP][PASSED] - delay(DelayTime): Delayed 0 second(s)

2020-06-07 22:06:41 - [MESSAGE][PASSED] - Delayed 0 second(s)

2020-06-07 22:06:41 - [TEST_STEP][PASSED] - sendKeys(NewInputNmField, Keys.chord(ENTER)): Keys 'ENTER + ' sent to object: 'Object Repository/Objects.HighlightElements/input_field_index'

2020-06-07 22:06:42 - [MESSAGE][PASSED] - Keys 'ENTER + ' sent to object: 'Object Repository/Objects.HighlightElements/input_field_index'

2020-06-07 22:06:42 - [TEST_STEP][PASSED] - ComboBoxValue = getAttribute(NewInputNmField, "value"): Attribute 'value' of object 'Object Repository/Objects.HighlightElements/input_field_index' is: 'PSI'

2020-06-07 22:06:42 - [MESSAGE][PASSED] - Attribute 'value' of object 'Object Repository/Objects.HighlightElements/input_field_index' is: 'PSI'

2020-06-07 22:06:42 - [TEST_STEP][PASSED] - callTestCase(findTestCase(CallTCName), ["FindValue":ComboBoxValue, "DropdownNm":comboNm], STOP_ON_FAILURE): Call Test Case 'Test Cases/PFI Precision and Scale/HashMap Tables/ConstantHashMap' successfully

2020-06-07 22:06:42 - [TEST_CASE][PASSED] - Test Cases/PFI Precision and Scale/HashMap Tables/ConstantHashMap: Test Cases/PFI Precision and Scale/HashMap Tables/ConstantHashMap

2020-06-07 22:06:44 - [TEST_STEP][PASSED] - ConstantTBL = [1:["PeriodType":"Working Day(s)"], 2:["PeriodType":"Calendar Day(s)"], 3:["PeriodType":"Month(s)"], 4:["TypeOfLetter":"T1"], ... ]: null

2020-06-07 22:06:44 - [TEST_STEP][PASSED] - switch (DropdownNm): null

2020-06-07 22:06:44 - [TEST_STEP][PASSED] - case "ModuleNm":: null

2020-06-07 22:06:44 - [TEST_STEP][PASSED] - ValueFound = ConstantTBL.find({ -> ... }): null

2020-06-07 22:06:44 - [TEST_STEP][PASSED] - break: null

2020-06-07 22:06:44 - [MESSAGE][PASSED] - Call Test Case 'Test Cases/PFI Precision and Scale/HashMap Tables/ConstantHashMap' successfully

2020-06-07 22:06:44 - [TEST_STEP][PASSED] - println(ValueFound): null

2020-06-07 22:06:44 - [TEST_STEP][PASSED] - sendKeys(NewInputNmField, Keys.chord(ARROW_DOWN)): Keys 'DOWN + ' sent to object: 'Object Repository/Objects.HighlightElements/input_field_index'

2020-06-07 22:06:44 - [MESSAGE][PASSED] - Keys 'DOWN + ' sent to object: 'Object Repository/Objects.HighlightElements/input_field_index'

2020-06-07 22:06:44 - [TEST_STEP][PASSED] - sendKeys(NewInputNmField, Keys.chord(ENTER)): Keys 'ENTER + ' sent to object: 'Object Repository/Objects.HighlightElements/input_field_index'

2020-06-07 22:06:45 - [MESSAGE][PASSED] - Keys 'ENTER + ' sent to object: 'Object Repository/Objects.HighlightElements/input_field_index'

2020-06-07 22:06:45 - [MESSAGE][PASSED] - Call Test Case 'Test Cases/PFI Precision and Scale/PFI Components with Indexing/VerifyDropdownValuesXPI' successfully

2020-06-07 22:06:45 - [TEST_STEP][PASSED] - callTestCase(findTestCase("Components/HighlightLabelFieldXPI"), ["LblName":"App Code", "index":1], STOP_ON_FAILURE): Call Test Case 'Test Cases/Components/HighlightLabelFieldXPI' successfully

2020-06-07 22:06:45 - [TEST_CASE][PASSED] - Test Cases/Components/HighlightLabelFieldXPI: Test Cases/Components/HighlightLabelFieldXPI

2020-06-07 22:06:45 - [TEST_STEP][PASSED] - Thread.sleep(1000): null

2020-06-07 22:06:46 - [TEST_STEP][PASSED] - modifiedLblNm = modifyObjectProperty(findTestObject("Object Repository/Objects.HighlightElements/lblField_index"), "xpath", "equals", "(//*[contains(@class, 'x-form-item-label-inner x-form-item-label-inner-default') and contains(., '" + LblName + "')])[" + index + "]", true): Modify property of object successfully

2020-06-07 22:06:46 - [MESSAGE][PASSED] - Modify property of object successfully

2020-06-07 22:06:46 - [TEST_STEP][PASSED] - com.reusableComponents.HighlightElement.run(modifiedLblNm): com.reusableComponents.HighlightElement.run is PASSED

2020-06-07 22:06:48 - [MESSAGE][PASSED] - com.reusableComponents.HighlightElement.run is PASSED

2020-06-07 22:06:48 - [MESSAGE][PASSED] - Call Test Case 'Test Cases/Components/HighlightLabelFieldXPI' successfully

2020-06-07 22:06:48 - [TEST_STEP][PASSED] - callTestCase(findTestCase("Components/HighlightInputFieldXPI"), ["FldNm":"inspCaseType", "index":1], STOP_ON_FAILURE): Call Test Case 'Test Cases/Components/HighlightInputFieldXPI' successfully

2020-06-07 22:06:48 - [TEST_CASE][PASSED] - Test Cases/Components/HighlightInputFieldXPI: Test Cases/Components/HighlightInputFieldXPI

2020-06-07 22:06:48 - [TEST_STEP][PASSED] - Thread.sleep(1000): null

2020-06-07 22:06:49 - [TEST_STEP][PASSED] - modifiedInputNm = modifyObjectProperty(findTestObject("Object Repository/Objects.HighlightElements/input_field_index"), "xpath", "equals", "(//*[contains(@name, '" + FldNm + "')])[" + index + "]", true): Modify property of object successfully

2020-06-07 22:06:49 - [MESSAGE][PASSED] - Modify property of object successfully

2020-06-07 22:06:49 - [TEST_STEP][PASSED] - com.reusableComponents.HighlightElement.run(modifiedInputNm): com.reusableComponents.HighlightElement.run is PASSED

2020-06-07 22:06:52 - [MESSAGE][PASSED] - com.reusableComponents.HighlightElement.run is PASSED

2020-06-07 22:06:52 - [MESSAGE][PASSED] - Call Test Case 'Test Cases/Components/HighlightInputFieldXPI' successfully

2020-06-07 22:06:52 - [TEST_STEP][PASSED] - callTestCase(findTestCase("PFI Precision and Scale/PFI Components with Indexing/VerifyDropdownValuesXPI"), ["FldNm":"inspCaseType", "index":1, "CallTCName":"PFI Precision and Scale/HashMap Tables/ConstantHashMap", "cmbNm":"PSI", "NoOfVal":25, ... ], STOP_ON_FAILURE): Call Test Case 'Test Cases/PFI Precision and Scale/PFI Components with Indexing/VerifyDropdownValuesXPI' successfully

2020-06-07 22:06:52 - [TEST_CASE][PASSED] - Test Cases/PFI Precision and Scale/PFI Components with Indexing/VerifyDropdownValuesXPI: Test Cases/PFI Precision and Scale/PFI Components with Indexing/VerifyDropdownValuesXPI

2020-06-07 22:06:52 - [TEST_STEP][PASSED] - Thread.sleep(1000): null

2020-06-07 22:06:53 - [TEST_STEP][PASSED] - NewInputNmField = modifyObjectProperty(findTestObject("Object Repository/Objects.HighlightElements/input_field_index"), "xpath", "equals", "(//*[contains(@name, '" + FldNm + "')])[" + index + "]", true): Modify property of object successfully

2020-06-07 22:06:53 - [MESSAGE][PASSED] - Modify property of object successfully

2020-06-07 22:06:53 - [TEST_STEP][PASSED] - comboNm = cmbNm: null

2020-06-07 22:06:53 - [TEST_STEP][PASSED] - focus(NewInputNmField): Object: 'Object Repository/Objects.HighlightElements/input_field_index' is focused

2020-06-07 22:06:53 - [MESSAGE][PASSED] - Object: 'Object Repository/Objects.HighlightElements/input_field_index' is focused

2020-06-07 22:06:53 - [TEST_STEP][PASSED] - setText(NewInputNmField, EnterValue): Text '' is set on object 'Object Repository/Objects.HighlightElements/input_field_index'

2020-06-07 22:06:54 - [MESSAGE][PASSED] - Text '' is set on object 'Object Repository/Objects.HighlightElements/input_field_index'

2020-06-07 22:06:54 - [TEST_STEP][PASSED] - for ([i = 1, i <= NoOfVal, (i++)]): Keys 'DOWN + ' sent to object: 'Object Repository/Objects.HighlightElements/input_field_index'

2020-06-07 22:06:54 - [TEST_STEP][PASSED] - sendKeys(NewInputNmField, Keys.chord(ARROW_DOWN)): Keys 'DOWN + ' sent to object: 'Object Repository/Objects.HighlightElements/input_field_index'

2020-06-07 22:06:54 - [MESSAGE][PASSED] - Keys 'DOWN + ' sent to object: 'Object Repository/Objects.HighlightElements/input_field_index'

2020-06-07 22:06:54 - [TEST_STEP][PASSED] - delay(DelayTime): Delayed 2 second(s)

2020-06-07 22:06:56 - [MESSAGE][PASSED] - Delayed 2 second(s)

2020-06-07 22:06:56 - [TEST_STEP][PASSED] - sendKeys(NewInputNmField, Keys.chord(ENTER)): Keys 'ENTER + ' sent to object: 'Object Repository/Objects.HighlightElements/input_field_index'

2020-06-07 22:06:57 - [MESSAGE][PASSED] - Keys 'ENTER + ' sent to object: 'Object Repository/Objects.HighlightElements/input_field_index'

2020-06-07 22:06:57 - [TEST_STEP][PASSED] - ComboBoxValue = getAttribute(NewInputNmField, "value"): Attribute 'value' of object 'Object Repository/Objects.HighlightElements/input_field_index' is: 'Corres-Request for Extension of Time (CORRES-PSI-EXT)'

2020-06-07 22:06:57 - [MESSAGE][PASSED] - Attribute 'value' of object 'Object Repository/Objects.HighlightElements/input_field_index' is: 'Corres-Request for Extension of Time (CORRES-PSI-EXT)'

2020-06-07 22:06:57 - [TEST_STEP][PASSED] - callTestCase(findTestCase(CallTCName), ["FindValue":ComboBoxValue, "DropdownNm":comboNm], STOP_ON_FAILURE): Call Test Case 'Test Cases/PFI Precision and Scale/HashMap Tables/ConstantHashMap' successfully

2020-06-07 22:06:57 - [TEST_CASE][PASSED] - Test Cases/PFI Precision and Scale/HashMap Tables/ConstantHashMap: Test Cases/PFI Precision and Scale/HashMap Tables/ConstantHashMap

2020-06-07 22:06:58 - [TEST_STEP][PASSED] - ConstantTBL = [1:["PeriodType":"Working Day(s)"], 2:["PeriodType":"Calendar Day(s)"], 3:["PeriodType":"Month(s)"], 4:["TypeOfLetter":"T1"], ... ]: null

2020-06-07 22:06:58 - [TEST_STEP][PASSED] - switch (DropdownNm): null

2020-06-07 22:06:58 - [TEST_STEP][PASSED] - case "PSI":: null

2020-06-07 22:06:58 - [TEST_STEP][PASSED] - ValueFound = ConstantTBL.find({ -> ... }): null

2020-06-07 22:06:58 - [TEST_STEP][PASSED] - break: null

2020-06-07 22:06:58 - [MESSAGE][PASSED] - Call Test Case 'Test Cases/PFI Precision and Scale/HashMap Tables/ConstantHashMap' successfully

2020-06-07 22:06:58 - [TEST_STEP][PASSED] - println(ValueFound): null

2020-06-07 22:06:58 - [TEST_STEP][PASSED] - sendKeys(NewInputNmField, Keys.chord(ARROW_DOWN)): Keys 'DOWN + ' sent to object: 'Object Repository/Objects.HighlightElements/input_field_index'

2020-06-07 22:06:58 - [MESSAGE][PASSED] - Keys 'DOWN + ' sent to object: 'Object Repository/Objects.HighlightElements/input_field_index'

2020-06-07 22:06:58 - [TEST_STEP][PASSED] - sendKeys(NewInputNmField, Keys.chord(ARROW_DOWN)): Keys 'DOWN + ' sent to object: 'Object Repository/Objects.HighlightElements/input_field_index'

2020-06-07 22:06:59 - [MESSAGE][PASSED] - Keys 'DOWN + ' sent to object: 'Object Repository/Objects.HighlightElements/input_field_index'

2020-06-07 22:06:59 - [TEST_STEP][PASSED] - delay(DelayTime): Delayed 2 second(s)

2020-06-07 22:07:01 - [MESSAGE][PASSED] - Delayed 2 second(s)

2020-06-07 22:07:01 - [TEST_STEP][PASSED] - sendKeys(NewInputNmField, Keys.chord(ENTER)): Keys 'ENTER + ' sent to object: 'Object Repository/Objects.HighlightElements/input_field_index'

2020-06-07 22:07:01 - [MESSAGE][PASSED] - Keys 'ENTER + ' sent to object: 'Object Repository/Objects.HighlightElements/input_field_index'

2020-06-07 22:07:01 - [TEST_STEP][PASSED] - ComboBoxValue = getAttribute(NewInputNmField, "value"): Attribute 'value' of object 'Object Repository/Objects.HighlightElements/input_field_index' is: 'Corres-General Correspondence (CORRES-PSI-GC)'

2020-06-07 22:07:01 - [MESSAGE][PASSED] - Attribute 'value' of object 'Object Repository/Objects.HighlightElements/input_field_index' is: 'Corres-General Correspondence (CORRES-PSI-GC)'

2020-06-07 22:07:01 - [TEST_STEP][PASSED] - callTestCase(findTestCase(CallTCName), ["FindValue":ComboBoxValue, "DropdownNm":comboNm], STOP_ON_FAILURE): Call Test Case 'Test Cases/PFI Precision and Scale/HashMap Tables/ConstantHashMap' successfully

2020-06-07 22:07:02 - [TEST_CASE][PASSED] - Test Cases/PFI Precision and Scale/HashMap Tables/ConstantHashMap: Test Cases/PFI Precision and Scale/HashMap Tables/ConstantHashMap

2020-06-07 22:07:02 - [TEST_STEP][PASSED] - ConstantTBL = [1:["PeriodType":"Working Day(s)"], 2:["PeriodType":"Calendar Day(s)"], 3:["PeriodType":"Month(s)"], 4:["TypeOfLetter":"T1"], ... ]: null

2020-06-07 22:07:02 - [TEST_STEP][PASSED] - switch (DropdownNm): null

2020-06-07 22:07:02 - [TEST_STEP][PASSED] - case "PSI":: null

2020-06-07 22:07:02 - [TEST_STEP][PASSED] - ValueFound = ConstantTBL.find({ -> ... }): null

2020-06-07 22:07:02 - [TEST_STEP][PASSED] - break: null

2020-06-07 22:07:02 - [MESSAGE][PASSED] - Call Test Case 'Test Cases/PFI Precision and Scale/HashMap Tables/ConstantHashMap' successfully

2020-06-07 22:07:02 - [TEST_STEP][PASSED] - println(ValueFound): null

2020-06-07 22:07:02 - [TEST_STEP][PASSED] - sendKeys(NewInputNmField, Keys.chord(ARROW_DOWN)): Keys 'DOWN + ' sent to object: 'Object Repository/Objects.HighlightElements/input_field_index'

2020-06-07 22:07:02 - [MESSAGE][PASSED] - Keys 'DOWN + ' sent to object: 'Object Repository/Objects.HighlightElements/input_field_index'

2020-06-07 22:07:02 - [TEST_STEP][PASSED] - sendKeys(NewInputNmField, Keys.chord(ARROW_DOWN)): Keys 'DOWN + ' sent to object: 'Object Repository/Objects.HighlightElements/input_field_index'

2020-06-07 22:07:03 - [MESSAGE][PASSED] - Keys 'DOWN + ' sent to object: 'Object Repository/Objects.HighlightElements/input_field_index'

2020-06-07 22:07:03 - [TEST_STEP][PASSED] - delay(DelayTime): Delayed 2 second(s)

2020-06-07 22:07:05 - [MESSAGE][PASSED] - Delayed 2 second(s)

2020-06-07 22:07:05 - [TEST_STEP][PASSED] - sendKeys(NewInputNmField, Keys.chord(ENTER)): Keys 'ENTER + ' sent to object: 'Object Repository/Objects.HighlightElements/input_field_index'

2020-06-07 22:07:05 - [MESSAGE][PASSED] - Keys 'ENTER + ' sent to object: 'Object Repository/Objects.HighlightElements/input_field_index'

2020-06-07 22:07:05 - [TEST_STEP][PASSED] - ComboBoxValue = getAttribute(NewInputNmField, "value"): Attribute 'value' of object 'Object Repository/Objects.HighlightElements/input_field_index' is: 'Corres-Request for Submission Withdrawal (CORRES-PSI-SUBWTH)'

2020-06-07 22:07:06 - [MESSAGE][PASSED] - Attribute 'value' of object 'Object Repository/Objects.HighlightElements/input_field_index' is: 'Corres-Request for Submission Withdrawal (CORRES-PSI-SUBWTH)'

2020-06-07 22:07:06 - [TEST_STEP][PASSED] - callTestCase(findTestCase(CallTCName), ["FindValue":ComboBoxValue, "DropdownNm":comboNm], STOP_ON_FAILURE): Call Test Case 'Test Cases/PFI Precision and Scale/HashMap Tables/ConstantHashMap' successfully

2020-06-07 22:07:06 - [TEST_CASE][PASSED] - Test Cases/PFI Precision and Scale/HashMap Tables/ConstantHashMap: Test Cases/PFI Precision and Scale/HashMap Tables/ConstantHashMap

2020-06-07 22:07:06 - [TEST_STEP][PASSED] - ConstantTBL = [1:["PeriodType":"Working Day(s)"], 2:["PeriodType":"Calendar Day(s)"], 3:["PeriodType":"Month(s)"], 4:["TypeOfLetter":"T1"], ... ]: null

2020-06-07 22:07:06 - [TEST_STEP][PASSED] - switch (DropdownNm): null

2020-06-07 22:07:06 - [TEST_STEP][PASSED] - case "PSI":: null

2020-06-07 22:07:06 - [TEST_STEP][PASSED] - ValueFound = ConstantTBL.find({ -> ... }): null

2020-06-07 22:07:06 - [TEST_STEP][PASSED] - break: null

2020-06-07 22:07:06 - [MESSAGE][PASSED] - Call Test Case 'Test Cases/PFI Precision and Scale/HashMap Tables/ConstantHashMap' successfully

2020-06-07 22:07:06 - [TEST_STEP][PASSED] - println(ValueFound): null

2020-06-07 22:07:06 - [TEST_STEP][PASSED] - sendKeys(NewInputNmField, Keys.chord(ARROW_DOWN)): Keys 'DOWN + ' sent to object: 'Object Repository/Objects.HighlightElements/input_field_index'

2020-06-07 22:07:06 - [MESSAGE][PASSED] - Keys 'DOWN + ' sent to object: 'Object Repository/Objects.HighlightElements/input_field_index'

2020-06-07 22:07:06 - [TEST_STEP][PASSED] - sendKeys(NewInputNmField, Keys.chord(ARROW_DOWN)): Keys 'DOWN + ' sent to object: 'Object Repository/Objects.HighlightElements/input_field_index'

2020-06-07 22:07:07 - [MESSAGE][PASSED] - Keys 'DOWN + ' sent to object: 'Object Repository/Objects.HighlightElements/input_field_index'

2020-06-07 22:07:07 - [TEST_STEP][PASSED] - delay(DelayTime): Delayed 2 second(s)

2020-06-07 22:07:09 - [MESSAGE][PASSED] - Delayed 2 second(s)

2020-06-07 22:07:09 - [TEST_STEP][PASSED] - sendKeys(NewInputNmField, Keys.chord(ENTER)): Keys 'ENTER + ' sent to object: 'Object Repository/Objects.HighlightElements/input_field_index'

2020-06-07 22:07:09 - [MESSAGE][PASSED] - Keys 'ENTER + ' sent to object: 'Object Repository/Objects.HighlightElements/input_field_index'

2020-06-07 22:07:09 - [TEST_STEP][PASSED] - ComboBoxValue = getAttribute(NewInputNmField, "value"): Attribute 'value' of object 'Object Repository/Objects.HighlightElements/input_field_index' is: 'Bldg Rec Upload (PSI-UPLD)'

2020-06-07 22:07:10 - [MESSAGE][PASSED] - Attribute 'value' of object 'Object Repository/Objects.HighlightElements/input_field_index' is: 'Bldg Rec Upload (PSI-UPLD)'

2020-06-07 22:07:10 - [TEST_STEP][PASSED] - callTestCase(findTestCase(CallTCName), ["FindValue":ComboBoxValue, "DropdownNm":comboNm], STOP_ON_FAILURE): Call Test Case 'Test Cases/PFI Precision and Scale/HashMap Tables/ConstantHashMap' successfully

2020-06-07 22:07:10 - [TEST_CASE][PASSED] - Test Cases/PFI Precision and Scale/HashMap Tables/ConstantHashMap: Test Cases/PFI Precision and Scale/HashMap Tables/ConstantHashMap

2020-06-07 22:07:10 - [TEST_STEP][PASSED] - ConstantTBL = [1:["PeriodType":"Working Day(s)"], 2:["PeriodType":"Calendar Day(s)"], 3:["PeriodType":"Month(s)"], 4:["TypeOfLetter":"T1"], ... ]: null

2020-06-07 22:07:10 - [TEST_STEP][PASSED] - switch (DropdownNm): null

2020-06-07 22:07:10 - [TEST_STEP][PASSED] - case "PSI":: null

2020-06-07 22:07:10 - [TEST_STEP][PASSED] - ValueFound = ConstantTBL.find({ -> ... }): null

2020-06-07 22:07:10 - [TEST_STEP][PASSED] - break: null

2020-06-07 22:07:10 - [MESSAGE][PASSED] - Call Test Case 'Test Cases/PFI Precision and Scale/HashMap Tables/ConstantHashMap' successfully

2020-06-07 22:07:10 - [TEST_STEP][PASSED] - println(ValueFound): null

2020-06-07 22:07:10 - [TEST_STEP][PASSED] - sendKeys(NewInputNmField, Keys.chord(ARROW_DOWN)): Keys 'DOWN + ' sent to object: 'Object Repository/Objects.HighlightElements/input_field_index'

2020-06-07 22:07:10 - [MESSAGE][PASSED] - Keys 'DOWN + ' sent to object: 'Object Repository/Objects.HighlightElements/input_field_index'

2020-06-07 22:07:10 - [TEST_STEP][PASSED] - sendKeys(NewInputNmField, Keys.chord(ARROW_DOWN)): Keys 'DOWN + ' sent to object: 'Object Repository/Objects.HighlightElements/input_field_index'

2020-06-07 22:07:11 - [MESSAGE][PASSED] - Keys 'DOWN + ' sent to object: 'Object Repository/Objects.HighlightElements/input_field_index'

2020-06-07 22:07:11 - [TEST_STEP][PASSED] - delay(DelayTime): Delayed 2 second(s)

2020-06-07 22:07:13 - [MESSAGE][PASSED] - Delayed 2 second(s)

2020-06-07 22:07:13 - [TEST_STEP][PASSED] - sendKeys(NewInputNmField, Keys.chord(ENTER)): Keys 'ENTER + ' sent to object: 'Object Repository/Objects.HighlightElements/input_field_index'

2020-06-07 22:07:13 - [MESSAGE][PASSED] - Keys 'ENTER + ' sent to object: 'Object Repository/Objects.HighlightElements/input_field_index'

2020-06-07 22:07:13 - [TEST_STEP][PASSED] - ComboBoxValue = getAttribute(NewInputNmField, "value"): Attribute 'value' of object 'Object Repository/Objects.HighlightElements/input_field_index' is: 'PSI Processing (SM)'

2020-06-07 22:07:14 - [MESSAGE][PASSED] - Attribute 'value' of object 'Object Repository/Objects.HighlightElements/input_field_index' is: 'PSI Processing (SM)'

2020-06-07 22:07:14 - [TEST_STEP][PASSED] - callTestCase(findTestCase(CallTCName), ["FindValue":ComboBoxValue, "DropdownNm":comboNm], STOP_ON_FAILURE): Call Test Case 'Test Cases/PFI Precision and Scale/HashMap Tables/ConstantHashMap' successfully

2020-06-07 22:07:14 - [TEST_CASE][PASSED] - Test Cases/PFI Precision and Scale/HashMap Tables/ConstantHashMap: Test Cases/PFI Precision and Scale/HashMap Tables/ConstantHashMap

2020-06-07 22:07:14 - [TEST_STEP][PASSED] - ConstantTBL = [1:["PeriodType":"Working Day(s)"], 2:["PeriodType":"Calendar Day(s)"], 3:["PeriodType":"Month(s)"], 4:["TypeOfLetter":"T1"], ... ]: null

2020-06-07 22:07:14 - [TEST_STEP][PASSED] - switch (DropdownNm): null

2020-06-07 22:07:14 - [TEST_STEP][PASSED] - case "PSI":: null

2020-06-07 22:07:14 - [TEST_STEP][PASSED] - ValueFound = ConstantTBL.find({ -> ... }): null

2020-06-07 22:07:14 - [TEST_STEP][PASSED] - break: null

2020-06-07 22:07:14 - [MESSAGE][PASSED] - Call Test Case 'Test Cases/PFI Precision and Scale/HashMap Tables/ConstantHashMap' successfully

2020-06-07 22:07:14 - [TEST_STEP][PASSED] - println(ValueFound): null

2020-06-07 22:07:14 - [TEST_STEP][PASSED] - sendKeys(NewInputNmField, Keys.chord(ARROW_DOWN)): Keys 'DOWN + ' sent to object: 'Object Repository/Objects.HighlightElements/input_field_index'

2020-06-07 22:07:15 - [MESSAGE][PASSED] - Keys 'DOWN + ' sent to object: 'Object Repository/Objects.HighlightElements/input_field_index'

2020-06-07 22:07:15 - [TEST_STEP][PASSED] - sendKeys(NewInputNmField, Keys.chord(ARROW_DOWN)): Keys 'DOWN + ' sent to object: 'Object Repository/Objects.HighlightElements/input_field_index'

2020-06-07 22:07:15 - [MESSAGE][PASSED] - Keys 'DOWN + ' sent to object: 'Object Repository/Objects.HighlightElements/input_field_index'

2020-06-07 22:07:15 - [TEST_STEP][PASSED] - delay(DelayTime): Delayed 2 second(s)

2020-06-07 22:07:17 - [MESSAGE][PASSED] - Delayed 2 second(s)

2020-06-07 22:07:17 - [TEST_STEP][PASSED] - sendKeys(NewInputNmField, Keys.chord(ENTER)): Keys 'ENTER + ' sent to object: 'Object Repository/Objects.HighlightElements/input_field_index'

2020-06-07 22:07:17 - [MESSAGE][PASSED] - Keys 'ENTER + ' sent to object: 'Object Repository/Objects.HighlightElements/input_field_index'

2020-06-07 22:07:17 - [TEST_STEP][PASSED] - ComboBoxValue = getAttribute(NewInputNmField, "value"): Attribute 'value' of object 'Object Repository/Objects.HighlightElements/input_field_index' is: 'PSI Audit Processing (SM_A)'

2020-06-07 22:07:18 - [MESSAGE][PASSED] - Attribute 'value' of object 'Object Repository/Objects.HighlightElements/input_field_index' is: 'PSI Audit Processing (SM_A)'

2020-06-07 22:07:18 - [TEST_STEP][PASSED] - callTestCase(findTestCase(CallTCName), ["FindValue":ComboBoxValue, "DropdownNm":comboNm], STOP_ON_FAILURE): Call Test Case 'Test Cases/PFI Precision and Scale/HashMap Tables/ConstantHashMap' successfully

2020-06-07 22:07:18 - [TEST_CASE][PASSED] - Test Cases/PFI Precision and Scale/HashMap Tables/ConstantHashMap: Test Cases/PFI Precision and Scale/HashMap Tables/ConstantHashMap

2020-06-07 22:07:18 - [TEST_STEP][PASSED] - ConstantTBL = [1:["PeriodType":"Working Day(s)"], 2:["PeriodType":"Calendar Day(s)"], 3:["PeriodType":"Month(s)"], 4:["TypeOfLetter":"T1"], ... ]: null

2020-06-07 22:07:18 - [TEST_STEP][PASSED] - switch (DropdownNm): null

2020-06-07 22:07:18 - [TEST_STEP][PASSED] - case "PSI":: null

2020-06-07 22:07:18 - [TEST_STEP][PASSED] - ValueFound = ConstantTBL.find({ -> ... }): null

2020-06-07 22:07:18 - [TEST_STEP][PASSED] - break: null

2020-06-07 22:07:18 - [MESSAGE][PASSED] - Call Test Case 'Test Cases/PFI Precision and Scale/HashMap Tables/ConstantHashMap' successfully

2020-06-07 22:07:18 - [TEST_STEP][PASSED] - println(ValueFound): null

2020-06-07 22:07:18 - [TEST_STEP][PASSED] - sendKeys(NewInputNmField, Keys.chord(ARROW_DOWN)): Keys 'DOWN + ' sent to object: 'Object Repository/Objects.HighlightElements/input_field_index'

2020-06-07 22:07:19 - [MESSAGE][PASSED] - Keys 'DOWN + ' sent to object: 'Object Repository/Objects.HighlightElements/input_field_index'

2020-06-07 22:07:19 - [TEST_STEP][PASSED] - sendKeys(NewInputNmField, Keys.chord(ARROW_DOWN)): Keys 'DOWN + ' sent to object: 'Object Repository/Objects.HighlightElements/input_field_index'

2020-06-07 22:07:19 - [MESSAGE][PASSED] - Keys 'DOWN + ' sent to object: 'Object Repository/Objects.HighlightElements/input_field_index'

2020-06-07 22:07:19 - [TEST_STEP][PASSED] - delay(DelayTime): Delayed 2 second(s)

2020-06-07 22:07:21 - [MESSAGE][PASSED] - Delayed 2 second(s)

2020-06-07 22:07:21 - [TEST_STEP][PASSED] - sendKeys(NewInputNmField, Keys.chord(ENTER)): Keys 'ENTER + ' sent to object: 'Object Repository/Objects.HighlightElements/input_field_index'

2020-06-07 22:07:22 - [MESSAGE][PASSED] - Keys 'ENTER + ' sent to object: 'Object Repository/Objects.HighlightElements/input_field_index'

2020-06-07 22:07:22 - [TEST_STEP][PASSED] - ComboBoxValue = getAttribute(NewInputNmField, "value"): Attribute 'value' of object 'Object Repository/Objects.HighlightElements/input_field_index' is: 'PSI Ad Hoc Processing (SM_AH)'

2020-06-07 22:07:22 - [MESSAGE][PASSED] - Attribute 'value' of object 'Object Repository/Objects.HighlightElements/input_field_index' is: 'PSI Ad Hoc Processing (SM_AH)'

2020-06-07 22:07:22 - [TEST_STEP][PASSED] - callTestCase(findTestCase(CallTCName), ["FindValue":ComboBoxValue, "DropdownNm":comboNm], STOP_ON_FAILURE): Call Test Case 'Test Cases/PFI Precision and Scale/HashMap Tables/ConstantHashMap' successfully

2020-06-07 22:07:22 - [TEST_CASE][PASSED] - Test Cases/PFI Precision and Scale/HashMap Tables/ConstantHashMap: Test Cases/PFI Precision and Scale/HashMap Tables/ConstantHashMap

2020-06-07 22:07:22 - [TEST_STEP][PASSED] - ConstantTBL = [1:["PeriodType":"Working Day(s)"], 2:["PeriodType":"Calendar Day(s)"], 3:["PeriodType":"Month(s)"], 4:["TypeOfLetter":"T1"], ... ]: null

2020-06-07 22:07:22 - [TEST_STEP][PASSED] - switch (DropdownNm): null

2020-06-07 22:07:22 - [TEST_STEP][PASSED] - case "PSI":: null

2020-06-07 22:07:22 - [TEST_STEP][PASSED] - ValueFound = ConstantTBL.find({ -> ... }): null

2020-06-07 22:07:22 - [TEST_STEP][PASSED] - break: null

2020-06-07 22:07:22 - [MESSAGE][PASSED] - Call Test Case 'Test Cases/PFI Precision and Scale/HashMap Tables/ConstantHashMap' successfully

2020-06-07 22:07:22 - [TEST_STEP][PASSED] - println(ValueFound): null

2020-06-07 22:07:22 - [TEST_STEP][PASSED] - sendKeys(NewInputNmField, Keys.chord(ARROW_DOWN)): Keys 'DOWN + ' sent to object: 'Object Repository/Objects.HighlightElements/input_field_index'

2020-06-07 22:07:23 - [MESSAGE][PASSED] - Keys 'DOWN + ' sent to object: 'Object Repository/Objects.HighlightElements/input_field_index'

2020-06-07 22:07:23 - [TEST_STEP][PASSED] - sendKeys(NewInputNmField, Keys.chord(ARROW_DOWN)): Keys 'DOWN + ' sent to object: 'Object Repository/Objects.HighlightElements/input_field_index'

2020-06-07 22:07:24 - [MESSAGE][PASSED] - Keys 'DOWN + ' sent to object: 'Object Repository/Objects.HighlightElements/input_field_index'

2020-06-07 22:07:24 - [TEST_STEP][PASSED] - delay(DelayTime): Delayed 2 second(s)

2020-06-07 22:07:26 - [MESSAGE][PASSED] - Delayed 2 second(s)

2020-06-07 22:07:26 - [TEST_STEP][PASSED] - sendKeys(NewInputNmField, Keys.chord(ENTER)): Keys 'ENTER + ' sent to object: 'Object Repository/Objects.HighlightElements/input_field_index'

2020-06-07 22:07:26 - [MESSAGE][PASSED] - Keys 'ENTER + ' sent to object: 'Object Repository/Objects.HighlightElements/input_field_index'

2020-06-07 22:07:26 - [TEST_STEP][PASSED] - ComboBoxValue = getAttribute(NewInputNmField, "value"): Attribute 'value' of object 'Object Repository/Objects.HighlightElements/input_field_index' is: 'PSI-TOPCSC Interface (SM_TC1)'

2020-06-07 22:07:26 - [MESSAGE][PASSED] - Attribute 'value' of object 'Object Repository/Objects.HighlightElements/input_field_index' is: 'PSI-TOPCSC Interface (SM_TC1)'

2020-06-07 22:07:26 - [TEST_STEP][PASSED] - callTestCase(findTestCase(CallTCName), ["FindValue":ComboBoxValue, "DropdownNm":comboNm], STOP_ON_FAILURE): Call Test Case 'Test Cases/PFI Precision and Scale/HashMap Tables/ConstantHashMap' successfully

2020-06-07 22:07:27 - [TEST_CASE][PASSED] - Test Cases/PFI Precision and Scale/HashMap Tables/ConstantHashMap: Test Cases/PFI Precision and Scale/HashMap Tables/ConstantHashMap

2020-06-07 22:07:27 - [TEST_STEP][PASSED] - ConstantTBL = [1:["PeriodType":"Working Day(s)"], 2:["PeriodType":"Calendar Day(s)"], 3:["PeriodType":"Month(s)"], 4:["TypeOfLetter":"T1"], ... ]: null

2020-06-07 22:07:27 - [TEST_STEP][PASSED] - switch (DropdownNm): null

2020-06-07 22:07:27 - [TEST_STEP][PASSED] - case "PSI":: null

2020-06-07 22:07:27 - [TEST_STEP][PASSED] - ValueFound = ConstantTBL.find({ -> ... }): null

2020-06-07 22:07:27 - [TEST_STEP][PASSED] - break: null

2020-06-07 22:07:27 - [MESSAGE][PASSED] - Call Test Case 'Test Cases/PFI Precision and Scale/HashMap Tables/ConstantHashMap' successfully

2020-06-07 22:07:27 - [TEST_STEP][PASSED] - println(ValueFound): null

2020-06-07 22:07:27 - [TEST_STEP][PASSED] - sendKeys(NewInputNmField, Keys.chord(ARROW_DOWN)): Keys 'DOWN + ' sent to object: 'Object Repository/Objects.HighlightElements/input_field_index'

2020-06-07 22:07:27 - [MESSAGE][PASSED] - Keys 'DOWN + ' sent to object: 'Object Repository/Objects.HighlightElements/input_field_index'

2020-06-07 22:07:27 - [TEST_STEP][PASSED] - sendKeys(NewInputNmField, Keys.chord(ARROW_DOWN)): Keys 'DOWN + ' sent to object: 'Object Repository/Objects.HighlightElements/input_field_index'

2020-06-07 22:07:28 - [MESSAGE][PASSED] - Keys 'DOWN + ' sent to object: 'Object Repository/Objects.HighlightElements/input_field_index'

2020-06-07 22:07:28 - [TEST_STEP][PASSED] - delay(DelayTime): Delayed 2 second(s)

2020-06-07 22:07:30 - [MESSAGE][PASSED] - Delayed 2 second(s)

2020-06-07 22:07:30 - [TEST_STEP][PASSED] - sendKeys(NewInputNmField, Keys.chord(ENTER)): Keys 'ENTER + ' sent to object: 'Object Repository/Objects.HighlightElements/input_field_index'

2020-06-07 22:07:30 - [MESSAGE][PASSED] - Keys 'ENTER + ' sent to object: 'Object Repository/Objects.HighlightElements/input_field_index'

2020-06-07 22:07:30 - [TEST_STEP][PASSED] - ComboBoxValue = getAttribute(NewInputNmField, "value"): Attribute 'value' of object 'Object Repository/Objects.HighlightElements/input_field_index' is: 'PSI-TOPCSC Processing (SM_TC2)'

2020-06-07 22:07:31 - [MESSAGE][PASSED] - Attribute 'value' of object 'Object Repository/Objects.HighlightElements/input_field_index' is: 'PSI-TOPCSC Processing (SM_TC2)'

2020-06-07 22:07:31 - [TEST_STEP][PASSED] - callTestCase(findTestCase(CallTCName), ["FindValue":ComboBoxValue, "DropdownNm":comboNm], STOP_ON_FAILURE): Call Test Case 'Test Cases/PFI Precision and Scale/HashMap Tables/ConstantHashMap' successfully

2020-06-07 22:07:31 - [TEST_CASE][PASSED] - Test Cases/PFI Precision and Scale/HashMap Tables/ConstantHashMap: Test Cases/PFI Precision and Scale/HashMap Tables/ConstantHashMap

2020-06-07 22:07:31 - [TEST_STEP][PASSED] - ConstantTBL = [1:["PeriodType":"Working Day(s)"], 2:["PeriodType":"Calendar Day(s)"], 3:["PeriodType":"Month(s)"], 4:["TypeOfLetter":"T1"], ... ]: null

2020-06-07 22:07:31 - [TEST_STEP][PASSED] - switch (DropdownNm): null

2020-06-07 22:07:31 - [TEST_STEP][PASSED] - case "PSI":: null

2020-06-07 22:07:31 - [TEST_STEP][PASSED] - ValueFound = ConstantTBL.find({ -> ... }): null

2020-06-07 22:07:31 - [TEST_STEP][PASSED] - break: null

2020-06-07 22:07:31 - [MESSAGE][PASSED] - Call Test Case 'Test Cases/PFI Precision and Scale/HashMap Tables/ConstantHashMap' successfully

2020-06-07 22:07:31 - [TEST_STEP][PASSED] - println(ValueFound): null

2020-06-07 22:07:31 - [TEST_STEP][PASSED] - sendKeys(NewInputNmField, Keys.chord(ARROW_DOWN)): Keys 'DOWN + ' sent to object: 'Object Repository/Objects.HighlightElements/input_field_index'

2020-06-07 22:07:32 - [MESSAGE][PASSED] - Keys 'DOWN + ' sent to object: 'Object Repository/Objects.HighlightElements/input_field_index'

2020-06-07 22:07:32 - [TEST_STEP][PASSED] - sendKeys(NewInputNmField, Keys.chord(ARROW_DOWN)): Keys 'DOWN + ' sent to object: 'Object Repository/Objects.HighlightElements/input_field_index'

2020-06-07 22:07:32 - [MESSAGE][PASSED] - Keys 'DOWN + ' sent to object: 'Object Repository/Objects.HighlightElements/input_field_index'

2020-06-07 22:07:32 - [TEST_STEP][PASSED] - delay(DelayTime): Delayed 2 second(s)

2020-06-07 22:07:34 - [MESSAGE][PASSED] - Delayed 2 second(s)

2020-06-07 22:07:34 - [TEST_STEP][PASSED] - sendKeys(NewInputNmField, Keys.chord(ENTER)): Keys 'ENTER + ' sent to object: 'Object Repository/Objects.HighlightElements/input_field_index'

2020-06-07 22:07:35 - [MESSAGE][PASSED] - Keys 'ENTER + ' sent to object: 'Object Repository/Objects.HighlightElements/input_field_index'

2020-06-07 22:07:35 - [TEST_STEP][PASSED] - ComboBoxValue = getAttribute(NewInputNmField, "value"): Attribute 'value' of object 'Object Repository/Objects.HighlightElements/input_field_index' is: 'Appointment of SE under S28 (SM1)'

2020-06-07 22:07:35 - [MESSAGE][PASSED] - Attribute 'value' of object 'Object Repository/Objects.HighlightElements/input_field_index' is: 'Appointment of SE under S28 (SM1)'

2020-06-07 22:07:35 - [TEST_STEP][PASSED] - callTestCase(findTestCase(CallTCName), ["FindValue":ComboBoxValue, "DropdownNm":comboNm], STOP_ON_FAILURE): Call Test Case 'Test Cases/PFI Precision and Scale/HashMap Tables/ConstantHashMap' successfully

2020-06-07 22:07:35 - [TEST_CASE][PASSED] - Test Cases/PFI Precision and Scale/HashMap Tables/ConstantHashMap: Test Cases/PFI Precision and Scale/HashMap Tables/ConstantHashMap

2020-06-07 22:07:35 - [TEST_STEP][PASSED] - ConstantTBL = [1:["PeriodType":"Working Day(s)"], 2:["PeriodType":"Calendar Day(s)"], 3:["PeriodType":"Month(s)"], 4:["TypeOfLetter":"T1"], ... ]: null

2020-06-07 22:07:35 - [TEST_STEP][PASSED] - switch (DropdownNm): null

2020-06-07 22:07:35 - [TEST_STEP][PASSED] - case "PSI":: null

2020-06-07 22:07:35 - [TEST_STEP][PASSED] - ValueFound = ConstantTBL.find({ -> ... }): null

2020-06-07 22:07:35 - [TEST_STEP][PASSED] - break: null

2020-06-07 22:07:35 - [MESSAGE][PASSED] - Call Test Case 'Test Cases/PFI Precision and Scale/HashMap Tables/ConstantHashMap' successfully

2020-06-07 22:07:35 - [TEST_STEP][PASSED] - println(ValueFound): null

2020-06-07 22:07:35 - [TEST_STEP][PASSED] - sendKeys(NewInputNmField, Keys.chord(ARROW_DOWN)): Keys 'DOWN + ' sent to object: 'Object Repository/Objects.HighlightElements/input_field_index'

2020-06-07 22:07:36 - [MESSAGE][PASSED] - Keys 'DOWN + ' sent to object: 'Object Repository/Objects.HighlightElements/input_field_index'

2020-06-07 22:07:36 - [TEST_STEP][PASSED] - sendKeys(NewInputNmField, Keys.chord(ARROW_DOWN)): Keys 'DOWN + ' sent to object: 'Object Repository/Objects.HighlightElements/input_field_index'

2020-06-07 22:07:36 - [MESSAGE][PASSED] - Keys 'DOWN + ' sent to object: 'Object Repository/Objects.HighlightElements/input_field_index'

2020-06-07 22:07:36 - [TEST_STEP][PASSED] - delay(DelayTime): Delayed 2 second(s)

2020-06-07 22:07:38 - [MESSAGE][PASSED] - Delayed 2 second(s)

2020-06-07 22:07:38 - [TEST_STEP][PASSED] - sendKeys(NewInputNmField, Keys.chord(ENTER)): Keys 'ENTER + ' sent to object: 'Object Repository/Objects.HighlightElements/input_field_index'

2020-06-07 22:07:39 - [MESSAGE][PASSED] - Keys 'ENTER + ' sent to object: 'Object Repository/Objects.HighlightElements/input_field_index'

2020-06-07 22:07:39 - [TEST_STEP][PASSED] - ComboBoxValue = getAttribute(NewInputNmField, "value"): Attribute 'value' of object 'Object Repository/Objects.HighlightElements/input_field_index' is: 'SM1-CR (SM1-CR)'

2020-06-07 22:07:39 - [MESSAGE][PASSED] - Attribute 'value' of object 'Object Repository/Objects.HighlightElements/input_field_index' is: 'SM1-CR (SM1-CR)'

2020-06-07 22:07:39 - [TEST_STEP][PASSED] - callTestCase(findTestCase(CallTCName), ["FindValue":ComboBoxValue, "DropdownNm":comboNm], STOP_ON_FAILURE): Call Test Case 'Test Cases/PFI Precision and Scale/HashMap Tables/ConstantHashMap' successfully

2020-06-07 22:07:39 - [TEST_CASE][PASSED] - Test Cases/PFI Precision and Scale/HashMap Tables/ConstantHashMap: Test Cases/PFI Precision and Scale/HashMap Tables/ConstantHashMap

2020-06-07 22:07:39 - [TEST_STEP][PASSED] - ConstantTBL = [1:["PeriodType":"Working Day(s)"], 2:["PeriodType":"Calendar Day(s)"], 3:["PeriodType":"Month(s)"], 4:["TypeOfLetter":"T1"], ... ]: null

2020-06-07 22:07:39 - [TEST_STEP][PASSED] - switch (DropdownNm): null

2020-06-07 22:07:39 - [TEST_STEP][PASSED] - case "PSI":: null

2020-06-07 22:07:39 - [TEST_STEP][PASSED] - ValueFound = ConstantTBL.find({ -> ... }): null

2020-06-07 22:07:39 - [TEST_STEP][PASSED] - break: null

2020-06-07 22:07:39 - [MESSAGE][PASSED] - Call Test Case 'Test Cases/PFI Precision and Scale/HashMap Tables/ConstantHashMap' successfully

2020-06-07 22:07:39 - [TEST_STEP][PASSED] - println(ValueFound): null

2020-06-07 22:07:39 - [TEST_STEP][PASSED] - sendKeys(NewInputNmField, Keys.chord(ARROW_DOWN)): Keys 'DOWN + ' sent to object: 'Object Repository/Objects.HighlightElements/input_field_index'

2020-06-07 22:07:40 - [MESSAGE][PASSED] - Keys 'DOWN + ' sent to object: 'Object Repository/Objects.HighlightElements/input_field_index'

2020-06-07 22:07:40 - [TEST_STEP][PASSED] - sendKeys(NewInputNmField, Keys.chord(ARROW_DOWN)): Keys 'DOWN + ' sent to object: 'Object Repository/Objects.HighlightElements/input_field_index'

2020-06-07 22:07:40 - [MESSAGE][PASSED] - Keys 'DOWN + ' sent to object: 'Object Repository/Objects.HighlightElements/input_field_index'

2020-06-07 22:07:40 - [TEST_STEP][PASSED] - delay(DelayTime): Delayed 2 second(s)

2020-06-07 22:07:42 - [MESSAGE][PASSED] - Delayed 2 second(s)

2020-06-07 22:07:42 - [TEST_STEP][PASSED] - sendKeys(NewInputNmField, Keys.chord(ENTER)): Keys 'ENTER + ' sent to object: 'Object Repository/Objects.HighlightElements/input_field_index'

2020-06-07 22:07:43 - [MESSAGE][PASSED] - Keys 'ENTER + ' sent to object: 'Object Repository/Objects.HighlightElements/input_field_index'

2020-06-07 22:07:43 - [TEST_STEP][PASSED] - ComboBoxValue = getAttribute(NewInputNmField, "value"): Attribute 'value' of object 'Object Repository/Objects.HighlightElements/input_field_index' is: 'Visual Inspection Report under S28 (SM2)'

2020-06-07 22:07:43 - [MESSAGE][PASSED] - Attribute 'value' of object 'Object Repository/Objects.HighlightElements/input_field_index' is: 'Visual Inspection Report under S28 (SM2)'

2020-06-07 22:07:43 - [TEST_STEP][PASSED] - callTestCase(findTestCase(CallTCName), ["FindValue":ComboBoxValue, "DropdownNm":comboNm], STOP_ON_FAILURE): Call Test Case 'Test Cases/PFI Precision and Scale/HashMap Tables/ConstantHashMap' successfully

2020-06-07 22:07:43 - [TEST_CASE][PASSED] - Test Cases/PFI Precision and Scale/HashMap Tables/ConstantHashMap: Test Cases/PFI Precision and Scale/HashMap Tables/ConstantHashMap

2020-06-07 22:07:43 - [TEST_STEP][PASSED] - ConstantTBL = [1:["PeriodType":"Working Day(s)"], 2:["PeriodType":"Calendar Day(s)"], 3:["PeriodType":"Month(s)"], 4:["TypeOfLetter":"T1"], ... ]: null

2020-06-07 22:07:43 - [TEST_STEP][PASSED] - switch (DropdownNm): null

2020-06-07 22:07:43 - [TEST_STEP][PASSED] - case "PSI":: null

2020-06-07 22:07:43 - [TEST_STEP][PASSED] - ValueFound = ConstantTBL.find({ -> ... }): null

2020-06-07 22:07:43 - [TEST_STEP][PASSED] - break: null

2020-06-07 22:07:43 - [MESSAGE][PASSED] - Call Test Case 'Test Cases/PFI Precision and Scale/HashMap Tables/ConstantHashMap' successfully

2020-06-07 22:07:43 - [TEST_STEP][PASSED] - println(ValueFound): null

2020-06-07 22:07:43 - [TEST_STEP][PASSED] - sendKeys(NewInputNmField, Keys.chord(ARROW_DOWN)): Keys 'DOWN + ' sent to object: 'Object Repository/Objects.HighlightElements/input_field_index'

2020-06-07 22:07:44 - [MESSAGE][PASSED] - Keys 'DOWN + ' sent to object: 'Object Repository/Objects.HighlightElements/input_field_index'

2020-06-07 22:07:44 - [TEST_STEP][PASSED] - sendKeys(NewInputNmField, Keys.chord(ARROW_DOWN)): Keys 'DOWN + ' sent to object: 'Object Repository/Objects.HighlightElements/input_field_index'

2020-06-07 22:07:44 - [MESSAGE][PASSED] - Keys 'DOWN + ' sent to object: 'Object Repository/Objects.HighlightElements/input_field_index'

2020-06-07 22:07:44 - [TEST_STEP][PASSED] - delay(DelayTime): Delayed 2 second(s)

2020-06-07 22:07:46 - [MESSAGE][PASSED] - Delayed 2 second(s)

2020-06-07 22:07:46 - [TEST_STEP][PASSED] - sendKeys(NewInputNmField, Keys.chord(ENTER)): Keys 'ENTER + ' sent to object: 'Object Repository/Objects.HighlightElements/input_field_index'

2020-06-07 22:07:47 - [MESSAGE][PASSED] - Keys 'ENTER + ' sent to object: 'Object Repository/Objects.HighlightElements/input_field_index'

2020-06-07 22:07:47 - [TEST_STEP][PASSED] - ComboBoxValue = getAttribute(NewInputNmField, "value"): Attribute 'value' of object 'Object Repository/Objects.HighlightElements/input_field_index' is: 'SM2-CR (SM2-CR)'

2020-06-07 22:07:47 - [MESSAGE][PASSED] - Attribute 'value' of object 'Object Repository/Objects.HighlightElements/input_field_index' is: 'SM2-CR (SM2-CR)'

2020-06-07 22:07:47 - [TEST_STEP][PASSED] - callTestCase(findTestCase(CallTCName), ["FindValue":ComboBoxValue, "DropdownNm":comboNm], STOP_ON_FAILURE): Call Test Case 'Test Cases/PFI Precision and Scale/HashMap Tables/ConstantHashMap' successfully

2020-06-07 22:07:47 - [TEST_CASE][PASSED] - Test Cases/PFI Precision and Scale/HashMap Tables/ConstantHashMap: Test Cases/PFI Precision and Scale/HashMap Tables/ConstantHashMap

2020-06-07 22:07:48 - [TEST_STEP][PASSED] - ConstantTBL = [1:["PeriodType":"Working Day(s)"], 2:["PeriodType":"Calendar Day(s)"], 3:["PeriodType":"Month(s)"], 4:["TypeOfLetter":"T1"], ... ]: null

2020-06-07 22:07:48 - [TEST_STEP][PASSED] - switch (DropdownNm): null

2020-06-07 22:07:48 - [TEST_STEP][PASSED] - case "PSI":: null

2020-06-07 22:07:48 - [TEST_STEP][PASSED] - ValueFound = ConstantTBL.find({ -> ... }): null

2020-06-07 22:07:48 - [TEST_STEP][PASSED] - break: null

2020-06-07 22:07:48 - [MESSAGE][PASSED] - Call Test Case 'Test Cases/PFI Precision and Scale/HashMap Tables/ConstantHashMap' successfully

2020-06-07 22:07:48 - [TEST_STEP][PASSED] - println(ValueFound): null

2020-06-07 22:07:48 - [TEST_STEP][PASSED] - sendKeys(NewInputNmField, Keys.chord(ARROW_DOWN)): Keys 'DOWN + ' sent to object: 'Object Repository/Objects.HighlightElements/input_field_index'

2020-06-07 22:07:48 - [MESSAGE][PASSED] - Keys 'DOWN + ' sent to object: 'Object Repository/Objects.HighlightElements/input_field_index'

2020-06-07 22:07:48 - [TEST_STEP][PASSED] - sendKeys(NewInputNmField, Keys.chord(ARROW_DOWN)): Keys 'DOWN + ' sent to object: 'Object Repository/Objects.HighlightElements/input_field_index'

2020-06-07 22:07:49 - [MESSAGE][PASSED] - Keys 'DOWN + ' sent to object: 'Object Repository/Objects.HighlightElements/input_field_index'

2020-06-07 22:07:49 - [TEST_STEP][PASSED] - delay(DelayTime): Delayed 2 second(s)

2020-06-07 22:07:51 - [MESSAGE][PASSED] - Delayed 2 second(s)

2020-06-07 22:07:51 - [TEST_STEP][PASSED] - sendKeys(NewInputNmField, Keys.chord(ENTER)): Keys 'ENTER + ' sent to object: 'Object Repository/Objects.HighlightElements/input_field_index'

2020-06-07 22:07:51 - [MESSAGE][PASSED] - Keys 'ENTER + ' sent to object: 'Object Repository/Objects.HighlightElements/input_field_index'

2020-06-07 22:07:51 - [TEST_STEP][PASSED] - ComboBoxValue = getAttribute(NewInputNmField, "value"): Attribute 'value' of object 'Object Repository/Objects.HighlightElements/input_field_index' is: 'Visual Insp Report under S28 - Suspected Defects (SM3)'

2020-06-07 22:07:51 - [MESSAGE][PASSED] - Attribute 'value' of object 'Object Repository/Objects.HighlightElements/input_field_index' is: 'Visual Insp Report under S28 - Suspected Defects (SM3)'

2020-06-07 22:07:51 - [TEST_STEP][PASSED] - callTestCase(findTestCase(CallTCName), ["FindValue":ComboBoxValue, "DropdownNm":comboNm], STOP_ON_FAILURE): Call Test Case 'Test Cases/PFI Precision and Scale/HashMap Tables/ConstantHashMap' successfully

2020-06-07 22:07:52 - [TEST_CASE][PASSED] - Test Cases/PFI Precision and Scale/HashMap Tables/ConstantHashMap: Test Cases/PFI Precision and Scale/HashMap Tables/ConstantHashMap

2020-06-07 22:07:52 - [TEST_STEP][PASSED] - ConstantTBL = [1:["PeriodType":"Working Day(s)"], 2:["PeriodType":"Calendar Day(s)"], 3:["PeriodType":"Month(s)"], 4:["TypeOfLetter":"T1"], ... ]: null

2020-06-07 22:07:52 - [TEST_STEP][PASSED] - switch (DropdownNm): null

2020-06-07 22:07:52 - [TEST_STEP][PASSED] - case "PSI":: null

2020-06-07 22:07:52 - [TEST_STEP][PASSED] - ValueFound = ConstantTBL.find({ -> ... }): null

2020-06-07 22:07:52 - [TEST_STEP][PASSED] - break: null

2020-06-07 22:07:52 - [MESSAGE][PASSED] - Call Test Case 'Test Cases/PFI Precision and Scale/HashMap Tables/ConstantHashMap' successfully

2020-06-07 22:07:52 - [TEST_STEP][PASSED] - println(ValueFound): null

2020-06-07 22:07:52 - [TEST_STEP][PASSED] - sendKeys(NewInputNmField, Keys.chord(ARROW_DOWN)): Keys 'DOWN + ' sent to object: 'Object Repository/Objects.HighlightElements/input_field_index'

2020-06-07 22:07:52 - [MESSAGE][PASSED] - Keys 'DOWN + ' sent to object: 'Object Repository/Objects.HighlightElements/input_field_index'

2020-06-07 22:07:52 - [TEST_STEP][PASSED] - sendKeys(NewInputNmField, Keys.chord(ARROW_DOWN)): Keys 'DOWN + ' sent to object: 'Object Repository/Objects.HighlightElements/input_field_index'

2020-06-07 22:07:53 - [MESSAGE][PASSED] - Keys 'DOWN + ' sent to object: 'Object Repository/Objects.HighlightElements/input_field_index'

2020-06-07 22:07:53 - [TEST_STEP][PASSED] - delay(DelayTime): Delayed 2 second(s)

2020-06-07 22:07:55 - [MESSAGE][PASSED] - Delayed 2 second(s)

2020-06-07 22:07:55 - [TEST_STEP][PASSED] - sendKeys(NewInputNmField, Keys.chord(ENTER)): Keys 'ENTER + ' sent to object: 'Object Repository/Objects.HighlightElements/input_field_index'

2020-06-07 22:07:55 - [MESSAGE][PASSED] - Keys 'ENTER + ' sent to object: 'Object Repository/Objects.HighlightElements/input_field_index'

2020-06-07 22:07:55 - [TEST_STEP][PASSED] - ComboBoxValue = getAttribute(NewInputNmField, "value"): Attribute 'value' of object 'Object Repository/Objects.HighlightElements/input_field_index' is: 'SM3-CR (SM3-CR)'

2020-06-07 22:07:56 - [MESSAGE][PASSED] - Attribute 'value' of object 'Object Repository/Objects.HighlightElements/input_field_index' is: 'SM3-CR (SM3-CR)'

2020-06-07 22:07:56 - [TEST_STEP][PASSED] - callTestCase(findTestCase(CallTCName), ["FindValue":ComboBoxValue, "DropdownNm":comboNm], STOP_ON_FAILURE): Call Test Case 'Test Cases/PFI Precision and Scale/HashMap Tables/ConstantHashMap' successfully

2020-06-07 22:07:56 - [TEST_CASE][PASSED] - Test Cases/PFI Precision and Scale/HashMap Tables/ConstantHashMap: Test Cases/PFI Precision and Scale/HashMap Tables/ConstantHashMap

2020-06-07 22:07:56 - [TEST_STEP][PASSED] - ConstantTBL = [1:["PeriodType":"Working Day(s)"], 2:["PeriodType":"Calendar Day(s)"], 3:["PeriodType":"Month(s)"], 4:["TypeOfLetter":"T1"], ... ]: null

2020-06-07 22:07:56 - [TEST_STEP][PASSED] - switch (DropdownNm): null

2020-06-07 22:07:56 - [TEST_STEP][PASSED] - case "PSI":: null

2020-06-07 22:07:56 - [TEST_STEP][PASSED] - ValueFound = ConstantTBL.find({ -> ... }): null

2020-06-07 22:07:56 - [TEST_STEP][PASSED] - break: null

2020-06-07 22:07:56 - [MESSAGE][PASSED] - Call Test Case 'Test Cases/PFI Precision and Scale/HashMap Tables/ConstantHashMap' successfully

2020-06-07 22:07:56 - [TEST_STEP][PASSED] - println(ValueFound): null

2020-06-07 22:07:56 - [TEST_STEP][PASSED] - sendKeys(NewInputNmField, Keys.chord(ARROW_DOWN)): Keys 'DOWN + ' sent to object: 'Object Repository/Objects.HighlightElements/input_field_index'

2020-06-07 22:07:56 - [MESSAGE][PASSED] - Keys 'DOWN + ' sent to object: 'Object Repository/Objects.HighlightElements/input_field_index'

2020-06-07 22:07:56 - [TEST_STEP][PASSED] - sendKeys(NewInputNmField, Keys.chord(ARROW_DOWN)): Keys 'DOWN + ' sent to object: 'Object Repository/Objects.HighlightElements/input_field_index'

2020-06-07 22:07:57 - [MESSAGE][PASSED] - Keys 'DOWN + ' sent to object: 'Object Repository/Objects.HighlightElements/input_field_index'

2020-06-07 22:07:57 - [TEST_STEP][PASSED] - delay(DelayTime): Delayed 2 second(s)

2020-06-07 22:07:59 - [MESSAGE][PASSED] - Delayed 2 second(s)

2020-06-07 22:07:59 - [TEST_STEP][PASSED] - sendKeys(NewInputNmField, Keys.chord(ENTER)): Keys 'ENTER + ' sent to object: 'Object Repository/Objects.HighlightElements/input_field_index'

2020-06-07 22:07:59 - [MESSAGE][PASSED] - Keys 'ENTER + ' sent to object: 'Object Repository/Objects.HighlightElements/input_field_index'

2020-06-07 22:07:59 - [TEST_STEP][PASSED] - ComboBoxValue = getAttribute(NewInputNmField, "value"): Attribute 'value' of object 'Object Repository/Objects.HighlightElements/input_field_index' is: 'Localised or Full Stru Investigation Rpt under S28 (SM4)'

2020-06-07 22:08:00 - [MESSAGE][PASSED] - Attribute 'value' of object 'Object Repository/Objects.HighlightElements/input_field_index' is: 'Localised or Full Stru Investigation Rpt under S28 (SM4)'

2020-06-07 22:08:00 - [TEST_STEP][PASSED] - callTestCase(findTestCase(CallTCName), ["FindValue":ComboBoxValue, "DropdownNm":comboNm], STOP_ON_FAILURE): Call Test Case 'Test Cases/PFI Precision and Scale/HashMap Tables/ConstantHashMap' successfully

2020-06-07 22:08:00 - [TEST_CASE][PASSED] - Test Cases/PFI Precision and Scale/HashMap Tables/ConstantHashMap: Test Cases/PFI Precision and Scale/HashMap Tables/ConstantHashMap

2020-06-07 22:08:00 - [TEST_STEP][PASSED] - ConstantTBL = [1:["PeriodType":"Working Day(s)"], 2:["PeriodType":"Calendar Day(s)"], 3:["PeriodType":"Month(s)"], 4:["TypeOfLetter":"T1"], ... ]: null

2020-06-07 22:08:00 - [TEST_STEP][PASSED] - switch (DropdownNm): null

2020-06-07 22:08:00 - [TEST_STEP][PASSED] - case "PSI":: null

2020-06-07 22:08:00 - [TEST_STEP][PASSED] - ValueFound = ConstantTBL.find({ -> ... }): null

2020-06-07 22:08:00 - [TEST_STEP][PASSED] - break: null

2020-06-07 22:08:00 - [MESSAGE][PASSED] - Call Test Case 'Test Cases/PFI Precision and Scale/HashMap Tables/ConstantHashMap' successfully

2020-06-07 22:08:00 - [TEST_STEP][PASSED] - println(ValueFound): null

2020-06-07 22:08:00 - [TEST_STEP][PASSED] - sendKeys(NewInputNmField, Keys.chord(ARROW_DOWN)): Keys 'DOWN + ' sent to object: 'Object Repository/Objects.HighlightElements/input_field_index'

2020-06-07 22:08:00 - [MESSAGE][PASSED] - Keys 'DOWN + ' sent to object: 'Object Repository/Objects.HighlightElements/input_field_index'

2020-06-07 22:08:00 - [TEST_STEP][PASSED] - sendKeys(NewInputNmField, Keys.chord(ARROW_DOWN)): Keys 'DOWN + ' sent to object: 'Object Repository/Objects.HighlightElements/input_field_index'

2020-06-07 22:08:01 - [MESSAGE][PASSED] - Keys 'DOWN + ' sent to object: 'Object Repository/Objects.HighlightElements/input_field_index'

2020-06-07 22:08:01 - [TEST_STEP][PASSED] - delay(DelayTime): Delayed 2 second(s)

2020-06-07 22:08:03 - [MESSAGE][PASSED] - Delayed 2 second(s)

2020-06-07 22:08:03 - [TEST_STEP][PASSED] - sendKeys(NewInputNmField, Keys.chord(ENTER)): Keys 'ENTER + ' sent to object: 'Object Repository/Objects.HighlightElements/input_field_index'

2020-06-07 22:08:03 - [MESSAGE][PASSED] - Keys 'ENTER + ' sent to object: 'Object Repository/Objects.HighlightElements/input_field_index'

2020-06-07 22:08:03 - [TEST_STEP][PASSED] - ComboBoxValue = getAttribute(NewInputNmField, "value"): Attribute 'value' of object 'Object Repository/Objects.HighlightElements/input_field_index' is: 'SM4-CR (SM4-CR)'

2020-06-07 22:08:04 - [MESSAGE][PASSED] - Attribute 'value' of object 'Object Repository/Objects.HighlightElements/input_field_index' is: 'SM4-CR (SM4-CR)'

2020-06-07 22:08:04 - [TEST_STEP][PASSED] - callTestCase(findTestCase(CallTCName), ["FindValue":ComboBoxValue, "DropdownNm":comboNm], STOP_ON_FAILURE): Call Test Case 'Test Cases/PFI Precision and Scale/HashMap Tables/ConstantHashMap' successfully

2020-06-07 22:08:04 - [TEST_CASE][PASSED] - Test Cases/PFI Precision and Scale/HashMap Tables/ConstantHashMap: Test Cases/PFI Precision and Scale/HashMap Tables/ConstantHashMap

2020-06-07 22:08:04 - [TEST_STEP][PASSED] - ConstantTBL = [1:["PeriodType":"Working Day(s)"], 2:["PeriodType":"Calendar Day(s)"], 3:["PeriodType":"Month(s)"], 4:["TypeOfLetter":"T1"], ... ]: null

2020-06-07 22:08:04 - [TEST_STEP][PASSED] - switch (DropdownNm): null

2020-06-07 22:08:04 - [TEST_STEP][PASSED] - case "PSI":: null

2020-06-07 22:08:04 - [TEST_STEP][PASSED] - ValueFound = ConstantTBL.find({ -> ... }): null

2020-06-07 22:08:04 - [TEST_STEP][PASSED] - break: null

2020-06-07 22:08:04 - [MESSAGE][PASSED] - Call Test Case 'Test Cases/PFI Precision and Scale/HashMap Tables/ConstantHashMap' successfully

2020-06-07 22:08:04 - [TEST_STEP][PASSED] - println(ValueFound): null

2020-06-07 22:08:04 - [TEST_STEP][PASSED] - sendKeys(NewInputNmField, Keys.chord(ARROW_DOWN)): Keys 'DOWN + ' sent to object: 'Object Repository/Objects.HighlightElements/input_field_index'

2020-06-07 22:08:04 - [MESSAGE][PASSED] - Keys 'DOWN + ' sent to object: 'Object Repository/Objects.HighlightElements/input_field_index'

2020-06-07 22:08:04 - [TEST_STEP][PASSED] - sendKeys(NewInputNmField, Keys.chord(ARROW_DOWN)): Keys 'DOWN + ' sent to object: 'Object Repository/Objects.HighlightElements/input_field_index'

2020-06-07 22:08:05 - [MESSAGE][PASSED] - Keys 'DOWN + ' sent to object: 'Object Repository/Objects.HighlightElements/input_field_index'

2020-06-07 22:08:05 - [TEST_STEP][PASSED] - delay(DelayTime): Delayed 2 second(s)

2020-06-07 22:08:07 - [MESSAGE][PASSED] - Delayed 2 second(s)

2020-06-07 22:08:07 - [TEST_STEP][PASSED] - sendKeys(NewInputNmField, Keys.chord(ENTER)): Keys 'ENTER + ' sent to object: 'Object Repository/Objects.HighlightElements/input_field_index'

2020-06-07 22:08:07 - [MESSAGE][PASSED] - Keys 'ENTER + ' sent to object: 'Object Repository/Objects.HighlightElements/input_field_index'

2020-06-07 22:08:07 - [TEST_STEP][PASSED] - ComboBoxValue = getAttribute(NewInputNmField, "value"): Attribute 'value' of object 'Object Repository/Objects.HighlightElements/input_field_index' is: 'Loc or Full Stru Inv Rpt S28 - Suspected Stru Def (SM5)'

2020-06-07 22:08:08 - [MESSAGE][PASSED] - Attribute 'value' of object 'Object Repository/Objects.HighlightElements/input_field_index' is: 'Loc or Full Stru Inv Rpt S28 - Suspected Stru Def (SM5)'

2020-06-07 22:08:08 - [TEST_STEP][PASSED] - callTestCase(findTestCase(CallTCName), ["FindValue":ComboBoxValue, "DropdownNm":comboNm], STOP_ON_FAILURE): Call Test Case 'Test Cases/PFI Precision and Scale/HashMap Tables/ConstantHashMap' successfully

2020-06-07 22:08:08 - [TEST_CASE][PASSED] - Test Cases/PFI Precision and Scale/HashMap Tables/ConstantHashMap: Test Cases/PFI Precision and Scale/HashMap Tables/ConstantHashMap

2020-06-07 22:08:08 - [TEST_STEP][PASSED] - ConstantTBL = [1:["PeriodType":"Working Day(s)"], 2:["PeriodType":"Calendar Day(s)"], 3:["PeriodType":"Month(s)"], 4:["TypeOfLetter":"T1"], ... ]: null

2020-06-07 22:08:08 - [TEST_STEP][PASSED] - switch (DropdownNm): null

2020-06-07 22:08:08 - [TEST_STEP][PASSED] - case "PSI":: null

2020-06-07 22:08:08 - [TEST_STEP][PASSED] - ValueFound = ConstantTBL.find({ -> ... }): null

2020-06-07 22:08:08 - [TEST_STEP][PASSED] - break: null

2020-06-07 22:08:08 - [MESSAGE][PASSED] - Call Test Case 'Test Cases/PFI Precision and Scale/HashMap Tables/ConstantHashMap' successfully

2020-06-07 22:08:08 - [TEST_STEP][PASSED] - println(ValueFound): null

2020-06-07 22:08:08 - [TEST_STEP][PASSED] - sendKeys(NewInputNmField, Keys.chord(ARROW_DOWN)): Keys 'DOWN + ' sent to object: 'Object Repository/Objects.HighlightElements/input_field_index'

2020-06-07 22:08:08 - [MESSAGE][PASSED] - Keys 'DOWN + ' sent to object: 'Object Repository/Objects.HighlightElements/input_field_index'

2020-06-07 22:08:08 - [TEST_STEP][PASSED] - sendKeys(NewInputNmField, Keys.chord(ARROW_DOWN)): Keys 'DOWN + ' sent to object: 'Object Repository/Objects.HighlightElements/input_field_index'

2020-06-07 22:08:09 - [MESSAGE][PASSED] - Keys 'DOWN + ' sent to object: 'Object Repository/Objects.HighlightElements/input_field_index'

2020-06-07 22:08:09 - [TEST_STEP][PASSED] - delay(DelayTime): Delayed 2 second(s)

2020-06-07 22:08:11 - [MESSAGE][PASSED] - Delayed 2 second(s)

2020-06-07 22:08:11 - [TEST_STEP][PASSED] - sendKeys(NewInputNmField, Keys.chord(ENTER)): Keys 'ENTER + ' sent to object: 'Object Repository/Objects.HighlightElements/input_field_index'

2020-06-07 22:08:12 - [MESSAGE][PASSED] - Keys 'ENTER + ' sent to object: 'Object Repository/Objects.HighlightElements/input_field_index'

2020-06-07 22:08:12 - [TEST_STEP][PASSED] - ComboBoxValue = getAttribute(NewInputNmField, "value"): Attribute 'value' of object 'Object Repository/Objects.HighlightElements/input_field_index' is: 'SM5-CR (SM5-CR)'

2020-06-07 22:08:12 - [MESSAGE][PASSED] - Attribute 'value' of object 'Object Repository/Objects.HighlightElements/input_field_index' is: 'SM5-CR (SM5-CR)'

2020-06-07 22:08:12 - [TEST_STEP][PASSED] - callTestCase(findTestCase(CallTCName), ["FindValue":ComboBoxValue, "DropdownNm":comboNm], STOP_ON_FAILURE): Call Test Case 'Test Cases/PFI Precision and Scale/HashMap Tables/ConstantHashMap' successfully

2020-06-07 22:08:12 - [TEST_CASE][PASSED] - Test Cases/PFI Precision and Scale/HashMap Tables/ConstantHashMap: Test Cases/PFI Precision and Scale/HashMap Tables/ConstantHashMap

2020-06-07 22:08:12 - [TEST_STEP][PASSED] - ConstantTBL = [1:["PeriodType":"Working Day(s)"], 2:["PeriodType":"Calendar Day(s)"], 3:["PeriodType":"Month(s)"], 4:["TypeOfLetter":"T1"], ... ]: null

2020-06-07 22:08:12 - [TEST_STEP][PASSED] - switch (DropdownNm): null

2020-06-07 22:08:12 - [TEST_STEP][PASSED] - case "PSI":: null

2020-06-07 22:08:12 - [TEST_STEP][PASSED] - ValueFound = ConstantTBL.find({ -> ... }): null

2020-06-07 22:08:12 - [TEST_STEP][PASSED] - break: null

2020-06-07 22:08:12 - [MESSAGE][PASSED] - Call Test Case 'Test Cases/PFI Precision and Scale/HashMap Tables/ConstantHashMap' successfully

2020-06-07 22:08:12 - [TEST_STEP][PASSED] - println(ValueFound): null

2020-06-07 22:08:12 - [TEST_STEP][PASSED] - sendKeys(NewInputNmField, Keys.chord(ARROW_DOWN)): Keys 'DOWN + ' sent to object: 'Object Repository/Objects.HighlightElements/input_field_index'

2020-06-07 22:08:13 - [MESSAGE][PASSED] - Keys 'DOWN + ' sent to object: 'Object Repository/Objects.HighlightElements/input_field_index'

2020-06-07 22:08:13 - [TEST_STEP][PASSED] - sendKeys(NewInputNmField, Keys.chord(ARROW_DOWN)): Keys 'DOWN + ' sent to object: 'Object Repository/Objects.HighlightElements/input_field_index'

2020-06-07 22:08:13 - [MESSAGE][PASSED] - Keys 'DOWN + ' sent to object: 'Object Repository/Objects.HighlightElements/input_field_index'

2020-06-07 22:08:13 - [TEST_STEP][PASSED] - delay(DelayTime): Delayed 2 second(s)

2020-06-07 22:08:15 - [MESSAGE][PASSED] - Delayed 2 second(s)

2020-06-07 22:08:15 - [TEST_STEP][PASSED] - sendKeys(NewInputNmField, Keys.chord(ENTER)): Keys 'ENTER + ' sent to object: 'Object Repository/Objects.HighlightElements/input_field_index'

2020-06-07 22:08:16 - [MESSAGE][PASSED] - Keys 'ENTER + ' sent to object: 'Object Repository/Objects.HighlightElements/input_field_index'

2020-06-07 22:08:16 - [TEST_STEP][PASSED] - ComboBoxValue = getAttribute(NewInputNmField, "value"): Attribute 'value' of object 'Object Repository/Objects.HighlightElements/input_field_index' is: 'Visual Inspection Certification (SM6)'

2020-06-07 22:08:16 - [MESSAGE][PASSED] - Attribute 'value' of object 'Object Repository/Objects.HighlightElements/input_field_index' is: 'Visual Inspection Certification (SM6)'

2020-06-07 22:08:16 - [TEST_STEP][PASSED] - callTestCase(findTestCase(CallTCName), ["FindValue":ComboBoxValue, "DropdownNm":comboNm], STOP_ON_FAILURE): Call Test Case 'Test Cases/PFI Precision and Scale/HashMap Tables/ConstantHashMap' successfully

2020-06-07 22:08:16 - [TEST_CASE][PASSED] - Test Cases/PFI Precision and Scale/HashMap Tables/ConstantHashMap: Test Cases/PFI Precision and Scale/HashMap Tables/ConstantHashMap

2020-06-07 22:08:16 - [TEST_STEP][PASSED] - ConstantTBL = [1:["PeriodType":"Working Day(s)"], 2:["PeriodType":"Calendar Day(s)"], 3:["PeriodType":"Month(s)"], 4:["TypeOfLetter":"T1"], ... ]: null

2020-06-07 22:08:16 - [TEST_STEP][PASSED] - switch (DropdownNm): null

2020-06-07 22:08:16 - [TEST_STEP][PASSED] - case "PSI":: null

2020-06-07 22:08:16 - [TEST_STEP][PASSED] - ValueFound = ConstantTBL.find({ -> ... }): null

2020-06-07 22:08:16 - [TEST_STEP][PASSED] - break: null

2020-06-07 22:08:16 - [MESSAGE][PASSED] - Call Test Case 'Test Cases/PFI Precision and Scale/HashMap Tables/ConstantHashMap' successfully

2020-06-07 22:08:16 - [TEST_STEP][PASSED] - println(ValueFound): null

2020-06-07 22:08:16 - [TEST_STEP][PASSED] - sendKeys(NewInputNmField, Keys.chord(ARROW_DOWN)): Keys 'DOWN + ' sent to object: 'Object Repository/Objects.HighlightElements/input_field_index'

2020-06-07 22:08:17 - [MESSAGE][PASSED] - Keys 'DOWN + ' sent to object: 'Object Repository/Objects.HighlightElements/input_field_index'

2020-06-07 22:08:17 - [TEST_STEP][PASSED] - sendKeys(NewInputNmField, Keys.chord(ARROW_DOWN)): Keys 'DOWN + ' sent to object: 'Object Repository/Objects.HighlightElements/input_field_index'

2020-06-07 22:08:17 - [MESSAGE][PASSED] - Keys 'DOWN + ' sent to object: 'Object Repository/Objects.HighlightElements/input_field_index'

2020-06-07 22:08:17 - [TEST_STEP][PASSED] - delay(DelayTime): Delayed 2 second(s)

2020-06-07 22:08:19 - [MESSAGE][PASSED] - Delayed 2 second(s)

2020-06-07 22:08:19 - [TEST_STEP][PASSED] - sendKeys(NewInputNmField, Keys.chord(ENTER)): Keys 'ENTER + ' sent to object: 'Object Repository/Objects.HighlightElements/input_field_index'

2020-06-07 22:08:20 - [MESSAGE][PASSED] - Keys 'ENTER + ' sent to object: 'Object Repository/Objects.HighlightElements/input_field_index'

2020-06-07 22:08:20 - [TEST_STEP][PASSED] - ComboBoxValue = getAttribute(NewInputNmField, "value"): Attribute 'value' of object 'Object Repository/Objects.HighlightElements/input_field_index' is: 'SM6-CR (SM6-CR)'

2020-06-07 22:08:20 - [MESSAGE][PASSED] - Attribute 'value' of object 'Object Repository/Objects.HighlightElements/input_field_index' is: 'SM6-CR (SM6-CR)'

2020-06-07 22:08:20 - [TEST_STEP][PASSED] - callTestCase(findTestCase(CallTCName), ["FindValue":ComboBoxValue, "DropdownNm":comboNm], STOP_ON_FAILURE): Call Test Case 'Test Cases/PFI Precision and Scale/HashMap Tables/ConstantHashMap' successfully

2020-06-07 22:08:20 - [TEST_CASE][PASSED] - Test Cases/PFI Precision and Scale/HashMap Tables/ConstantHashMap: Test Cases/PFI Precision and Scale/HashMap Tables/ConstantHashMap

2020-06-07 22:08:21 - [TEST_STEP][PASSED] - ConstantTBL = [1:["PeriodType":"Working Day(s)"], 2:["PeriodType":"Calendar Day(s)"], 3:["PeriodType":"Month(s)"], 4:["TypeOfLetter":"T1"], ... ]: null

2020-06-07 22:08:21 - [TEST_STEP][PASSED] - switch (DropdownNm): null

2020-06-07 22:08:21 - [TEST_STEP][PASSED] - case "PSI":: null

2020-06-07 22:08:21 - [TEST_STEP][PASSED] - ValueFound = ConstantTBL.find({ -> ... }): null

2020-06-07 22:08:21 - [TEST_STEP][PASSED] - break: null

2020-06-07 22:08:21 - [MESSAGE][PASSED] - Call Test Case 'Test Cases/PFI Precision and Scale/HashMap Tables/ConstantHashMap' successfully

2020-06-07 22:08:21 - [TEST_STEP][PASSED] - println(ValueFound): null

2020-06-07 22:08:21 - [TEST_STEP][PASSED] - sendKeys(NewInputNmField, Keys.chord(ARROW_DOWN)): Keys 'DOWN + ' sent to object: 'Object Repository/Objects.HighlightElements/input_field_index'

2020-06-07 22:08:21 - [MESSAGE][PASSED] - Keys 'DOWN + ' sent to object: 'Object Repository/Objects.HighlightElements/input_field_index'

2020-06-07 22:08:21 - [TEST_STEP][PASSED] - sendKeys(NewInputNmField, Keys.chord(ARROW_DOWN)): Keys 'DOWN + ' sent to object: 'Object Repository/Objects.HighlightElements/input_field_index'

2020-06-07 22:08:22 - [MESSAGE][PASSED] - Keys 'DOWN + ' sent to object: 'Object Repository/Objects.HighlightElements/input_field_index'

2020-06-07 22:08:22 - [TEST_STEP][PASSED] - delay(DelayTime): Delayed 2 second(s)

2020-06-07 22:08:24 - [MESSAGE][PASSED] - Delayed 2 second(s)

2020-06-07 22:08:24 - [TEST_STEP][PASSED] - sendKeys(NewInputNmField, Keys.chord(ENTER)): Keys 'ENTER + ' sent to object: 'Object Repository/Objects.HighlightElements/input_field_index'

2020-06-07 22:08:24 - [MESSAGE][PASSED] - Keys 'ENTER + ' sent to object: 'Object Repository/Objects.HighlightElements/input_field_index'

2020-06-07 22:08:24 - [TEST_STEP][PASSED] - ComboBoxValue = getAttribute(NewInputNmField, "value"): Attribute 'value' of object 'Object Repository/Objects.HighlightElements/input_field_index' is: 'PSI Ad Hoc Processing (SMAH)'

2020-06-07 22:08:24 - [MESSAGE][PASSED] - Attribute 'value' of object 'Object Repository/Objects.HighlightElements/input_field_index' is: 'PSI Ad Hoc Processing (SMAH)'

2020-06-07 22:08:24 - [TEST_STEP][PASSED] - callTestCase(findTestCase(CallTCName), ["FindValue":ComboBoxValue, "DropdownNm":comboNm], STOP_ON_FAILURE): Call Test Case 'Test Cases/PFI Precision and Scale/HashMap Tables/ConstantHashMap' successfully

2020-06-07 22:08:25 - [TEST_CASE][PASSED] - Test Cases/PFI Precision and Scale/HashMap Tables/ConstantHashMap: Test Cases/PFI Precision and Scale/HashMap Tables/ConstantHashMap

2020-06-07 22:08:25 - [TEST_STEP][PASSED] - ConstantTBL = [1:["PeriodType":"Working Day(s)"], 2:["PeriodType":"Calendar Day(s)"], 3:["PeriodType":"Month(s)"], 4:["TypeOfLetter":"T1"], ... ]: null

2020-06-07 22:08:25 - [TEST_STEP][PASSED] - switch (DropdownNm): null

2020-06-07 22:08:25 - [TEST_STEP][PASSED] - case "PSI":: null

2020-06-07 22:08:25 - [TEST_STEP][PASSED] - ValueFound = ConstantTBL.find({ -> ... }): null

2020-06-07 22:08:25 - [TEST_STEP][PASSED] - break: null

2020-06-07 22:08:25 - [MESSAGE][PASSED] - Call Test Case 'Test Cases/PFI Precision and Scale/HashMap Tables/ConstantHashMap' successfully

2020-06-07 22:08:25 - [TEST_STEP][PASSED] - println(ValueFound): null

2020-06-07 22:08:25 - [TEST_STEP][PASSED] - sendKeys(NewInputNmField, Keys.chord(ARROW_DOWN)): Keys 'DOWN + ' sent to object: 'Object Repository/Objects.HighlightElements/input_field_index'

2020-06-07 22:08:25 - [MESSAGE][PASSED] - Keys 'DOWN + ' sent to object: 'Object Repository/Objects.HighlightElements/input_field_index'

2020-06-07 22:08:25 - [TEST_STEP][PASSED] - sendKeys(NewInputNmField, Keys.chord(ARROW_DOWN)): Keys 'DOWN + ' sent to object: 'Object Repository/Objects.HighlightElements/input_field_index'

2020-06-07 22:08:26 - [MESSAGE][PASSED] - Keys 'DOWN + ' sent to object: 'Object Repository/Objects.HighlightElements/input_field_index'

2020-06-07 22:08:26 - [TEST_STEP][PASSED] - delay(DelayTime): Delayed 2 second(s)

2020-06-07 22:08:28 - [MESSAGE][PASSED] - Delayed 2 second(s)

2020-06-07 22:08:28 - [TEST_STEP][PASSED] - sendKeys(NewInputNmField, Keys.chord(ENTER)): Keys 'ENTER + ' sent to object: 'Object Repository/Objects.HighlightElements/input_field_index'

2020-06-07 22:08:28 - [MESSAGE][PASSED] - Keys 'ENTER + ' sent to object: 'Object Repository/Objects.HighlightElements/input_field_index'

2020-06-07 22:08:28 - [TEST_STEP][PASSED] - ComboBoxValue = getAttribute(NewInputNmField, "value"): Attribute 'value' of object 'Object Repository/Objects.HighlightElements/input_field_index' is: 'Bldg Rec Upload (SMB_UP1)'

2020-06-07 22:08:29 - [MESSAGE][PASSED] - Attribute 'value' of object 'Object Repository/Objects.HighlightElements/input_field_index' is: 'Bldg Rec Upload (SMB_UP1)'

2020-06-07 22:08:29 - [TEST_STEP][PASSED] - callTestCase(findTestCase(CallTCName), ["FindValue":ComboBoxValue, "DropdownNm":comboNm], STOP_ON_FAILURE): Call Test Case 'Test Cases/PFI Precision and Scale/HashMap Tables/ConstantHashMap' successfully

2020-06-07 22:08:29 - [TEST_CASE][PASSED] - Test Cases/PFI Precision and Scale/HashMap Tables/ConstantHashMap: Test Cases/PFI Precision and Scale/HashMap Tables/ConstantHashMap

2020-06-07 22:08:29 - [TEST_STEP][PASSED] - ConstantTBL = [1:["PeriodType":"Working Day(s)"], 2:["PeriodType":"Calendar Day(s)"], 3:["PeriodType":"Month(s)"], 4:["TypeOfLetter":"T1"], ... ]: null

2020-06-07 22:08:29 - [TEST_STEP][PASSED] - switch (DropdownNm): null

2020-06-07 22:08:29 - [TEST_STEP][PASSED] - case "PSI":: null

2020-06-07 22:08:29 - [TEST_STEP][PASSED] - ValueFound = ConstantTBL.find({ -> ... }): null

2020-06-07 22:08:29 - [TEST_STEP][PASSED] - break: null

2020-06-07 22:08:29 - [MESSAGE][PASSED] - Call Test Case 'Test Cases/PFI Precision and Scale/HashMap Tables/ConstantHashMap' successfully

2020-06-07 22:08:29 - [TEST_STEP][PASSED] - println(ValueFound): null

2020-06-07 22:08:29 - [TEST_STEP][PASSED] - sendKeys(NewInputNmField, Keys.chord(ARROW_DOWN)): Keys 'DOWN + ' sent to object: 'Object Repository/Objects.HighlightElements/input_field_index'

2020-06-07 22:08:29 - [MESSAGE][PASSED] - Keys 'DOWN + ' sent to object: 'Object Repository/Objects.HighlightElements/input_field_index'

2020-06-07 22:08:29 - [TEST_STEP][PASSED] - sendKeys(NewInputNmField, Keys.chord(ARROW_DOWN)): Keys 'DOWN + ' sent to object: 'Object Repository/Objects.HighlightElements/input_field_index'

2020-06-07 22:08:30 - [MESSAGE][PASSED] - Keys 'DOWN + ' sent to object: 'Object Repository/Objects.HighlightElements/input_field_index'

2020-06-07 22:08:30 - [TEST_STEP][PASSED] - delay(DelayTime): Delayed 2 second(s)

2020-06-07 22:08:32 - [MESSAGE][PASSED] - Delayed 2 second(s)

2020-06-07 22:08:32 - [TEST_STEP][PASSED] - sendKeys(NewInputNmField, Keys.chord(ENTER)): Keys 'ENTER + ' sent to object: 'Object Repository/Objects.HighlightElements/input_field_index'

2020-06-07 22:08:32 - [MESSAGE][PASSED] - Keys 'ENTER + ' sent to object: 'Object Repository/Objects.HighlightElements/input_field_index'

2020-06-07 22:08:32 - [TEST_STEP][PASSED] - ComboBoxValue = getAttribute(NewInputNmField, "value"): Attribute 'value' of object 'Object Repository/Objects.HighlightElements/input_field_index' is: 'View/Edit Bldg (SMB_UP2)'

2020-06-07 22:08:33 - [MESSAGE][PASSED] - Attribute 'value' of object 'Object Repository/Objects.HighlightElements/input_field_index' is: 'View/Edit Bldg (SMB_UP2)'

2020-06-07 22:08:33 - [TEST_STEP][PASSED] - callTestCase(findTestCase(CallTCName), ["FindValue":ComboBoxValue, "DropdownNm":comboNm], STOP_ON_FAILURE): Call Test Case 'Test Cases/PFI Precision and Scale/HashMap Tables/ConstantHashMap' successfully

2020-06-07 22:08:33 - [TEST_CASE][PASSED] - Test Cases/PFI Precision and Scale/HashMap Tables/ConstantHashMap: Test Cases/PFI Precision and Scale/HashMap Tables/ConstantHashMap

2020-06-07 22:08:33 - [TEST_STEP][PASSED] - ConstantTBL = [1:["PeriodType":"Working Day(s)"], 2:["PeriodType":"Calendar Day(s)"], 3:["PeriodType":"Month(s)"], 4:["TypeOfLetter":"T1"], ... ]: null

2020-06-07 22:08:33 - [TEST_STEP][PASSED] - switch (DropdownNm): null

2020-06-07 22:08:33 - [TEST_STEP][PASSED] - case "PSI":: null

2020-06-07 22:08:33 - [TEST_STEP][PASSED] - ValueFound = ConstantTBL.find({ -> ... }): null

2020-06-07 22:08:33 - [TEST_STEP][PASSED] - break: null

2020-06-07 22:08:33 - [MESSAGE][PASSED] - Call Test Case 'Test Cases/PFI Precision and Scale/HashMap Tables/ConstantHashMap' successfully

2020-06-07 22:08:33 - [TEST_STEP][PASSED] - println(ValueFound): null

2020-06-07 22:08:33 - [TEST_STEP][PASSED] - sendKeys(NewInputNmField, Keys.chord(ARROW_DOWN)): Keys 'DOWN + ' sent to object: 'Object Repository/Objects.HighlightElements/input_field_index'

2020-06-07 22:08:33 - [MESSAGE][PASSED] - Keys 'DOWN + ' sent to object: 'Object Repository/Objects.HighlightElements/input_field_index'

2020-06-07 22:08:33 - [TEST_STEP][PASSED] - sendKeys(NewInputNmField, Keys.chord(ARROW_DOWN)): Keys 'DOWN + ' sent to object: 'Object Repository/Objects.HighlightElements/input_field_index'

2020-06-07 22:08:34 - [MESSAGE][PASSED] - Keys 'DOWN + ' sent to object: 'Object Repository/Objects.HighlightElements/input_field_index'

2020-06-07 22:08:34 - [TEST_STEP][PASSED] - delay(DelayTime): Delayed 2 second(s)

2020-06-07 22:08:36 - [MESSAGE][PASSED] - Delayed 2 second(s)

2020-06-07 22:08:36 - [TEST_STEP][PASSED] - sendKeys(NewInputNmField, Keys.chord(ENTER)): Keys 'ENTER + ' sent to object: 'Object Repository/Objects.HighlightElements/input_field_index'

2020-06-07 22:08:36 - [MESSAGE][PASSED] - Keys 'ENTER + ' sent to object: 'Object Repository/Objects.HighlightElements/input_field_index'

2020-06-07 22:08:36 - [TEST_STEP][PASSED] - ComboBoxValue = getAttribute(NewInputNmField, "value"): Attribute 'value' of object 'Object Repository/Objects.HighlightElements/input_field_index' is: 'ST-PSI Processing (ST_PSI)'

2020-06-07 22:08:37 - [MESSAGE][PASSED] - Attribute 'value' of object 'Object Repository/Objects.HighlightElements/input_field_index' is: 'ST-PSI Processing (ST_PSI)'

2020-06-07 22:08:37 - [TEST_STEP][PASSED] - callTestCase(findTestCase(CallTCName), ["FindValue":ComboBoxValue, "DropdownNm":comboNm], STOP_ON_FAILURE): Call Test Case 'Test Cases/PFI Precision and Scale/HashMap Tables/ConstantHashMap' successfully

2020-06-07 22:08:37 - [TEST_CASE][PASSED] - Test Cases/PFI Precision and Scale/HashMap Tables/ConstantHashMap: Test Cases/PFI Precision and Scale/HashMap Tables/ConstantHashMap

2020-06-07 22:08:37 - [TEST_STEP][PASSED] - ConstantTBL = [1:["PeriodType":"Working Day(s)"], 2:["PeriodType":"Calendar Day(s)"], 3:["PeriodType":"Month(s)"], 4:["TypeOfLetter":"T1"], ... ]: null

2020-06-07 22:08:37 - [TEST_STEP][PASSED] - switch (DropdownNm): null

2020-06-07 22:08:37 - [TEST_STEP][PASSED] - case "PSI":: null

2020-06-07 22:08:37 - [TEST_STEP][PASSED] - ValueFound = ConstantTBL.find({ -> ... }): null

2020-06-07 22:08:37 - [TEST_STEP][PASSED] - break: null

2020-06-07 22:08:37 - [MESSAGE][PASSED] - Call Test Case 'Test Cases/PFI Precision and Scale/HashMap Tables/ConstantHashMap' successfully

2020-06-07 22:08:37 - [TEST_STEP][PASSED] - println(ValueFound): null

2020-06-07 22:08:37 - [TEST_STEP][PASSED] - sendKeys(NewInputNmField, Keys.chord(ARROW_DOWN)): Keys 'DOWN + ' sent to object: 'Object Repository/Objects.HighlightElements/input_field_index'

2020-06-07 22:08:37 - [MESSAGE][PASSED] - Keys 'DOWN + ' sent to object: 'Object Repository/Objects.HighlightElements/input_field_index'

2020-06-07 22:08:37 - [TEST_STEP][PASSED] - sendKeys(NewInputNmField, Keys.chord(ENTER)): Keys 'ENTER + ' sent to object: 'Object Repository/Objects.HighlightElements/input_field_index'

2020-06-07 22:08:38 - [MESSAGE][PASSED] - Keys 'ENTER + ' sent to object: 'Object Repository/Objects.HighlightElements/input_field_index'

2020-06-07 22:08:38 - [MESSAGE][PASSED] - Call Test Case 'Test Cases/PFI Precision and Scale/PFI Components with Indexing/VerifyDropdownValuesXPI' successfully

2020-06-07 22:08:38 - [TEST_STEP][PASSED] - callTestCase(findTestCase("Components/SelectAllThenDeleteIndex"), ["nameToBeUsed":"inspModule", "index":"1"], STOP_ON_FAILURE): Call Test Case 'Test Cases/Components/SelectAllThenDeleteIndex' successfully

2020-06-07 22:08:38 - [TEST_CASE][PASSED] - Test Cases/Components/SelectAllThenDeleteIndex: Test Cases/Components/SelectAllThenDeleteIndex

2020-06-07 22:08:38 - [TEST_STEP][PASSED] - Thread.sleep(1000): null

2020-06-07 22:08:39 - [TEST_STEP][PASSED] - modifiedObj = modifyObjectProperty(findTestObject("Object Repository/Objects.HighlightElements/input_field_index"), "xpath", "equals", "(//*[contains(@class,'x-form-text') and (@name='" + nameToBeUsed + "')])[" + index + "]", true): Modify property of object successfully

2020-06-07 22:08:39 - [MESSAGE][PASSED] - Modify property of object successfully

2020-06-07 22:08:39 - [TEST_STEP][PASSED] - focus(modifiedObj): Object: 'Object Repository/Objects.HighlightElements/input_field_index' is focused

2020-06-07 22:08:40 - [MESSAGE][PASSED] - Object: 'Object Repository/Objects.HighlightElements/input_field_index' is focused

2020-06-07 22:08:40 - [TEST_STEP][PASSED] - sendKeys(modifiedObj, Keys.chord(CONTROL, "a")): Keys 'CONTROL + a' sent to object: 'Object Repository/Objects.HighlightElements/input_field_index'

2020-06-07 22:08:40 - [MESSAGE][PASSED] - Keys 'CONTROL + a' sent to object: 'Object Repository/Objects.HighlightElements/input_field_index'

2020-06-07 22:08:40 - [TEST_STEP][PASSED] - sendKeys(modifiedObj, Keys.chord(DELETE)): Keys 'DELETE + ' sent to object: 'Object Repository/Objects.HighlightElements/input_field_index'

2020-06-07 22:08:41 - [MESSAGE][PASSED] - Keys 'DELETE + ' sent to object: 'Object Repository/Objects.HighlightElements/input_field_index'

2020-06-07 22:08:41 - [MESSAGE][PASSED] - Call Test Case 'Test Cases/Components/SelectAllThenDeleteIndex' successfully

2020-06-07 22:08:41 - [TEST_STEP][PASSED] - callTestCase(findTestCase("PFI Precision and Scale/PFI Components with Indexing/VerifyDropdownValuesXPI"), ["FldNm":"inspModule", "index":1, "CallTCName":"PFI Precision and Scale/HashMap Tables/ConstantHashMap", "cmbNm":"ModuleNm", ... ], STOP_ON_FAILURE): Call Test Case 'Test Cases/PFI Precision and Scale/PFI Components with Indexing/VerifyDropdownValuesXPI' successfully

2020-06-07 22:08:41 - [TEST_CASE][PASSED] - Test Cases/PFI Precision and Scale/PFI Components with Indexing/VerifyDropdownValuesXPI: Test Cases/PFI Precision and Scale/PFI Components with Indexing/VerifyDropdownValuesXPI

2020-06-07 22:08:41 - [TEST_STEP][PASSED] - Thread.sleep(1000): null

2020-06-07 22:08:42 - [TEST_STEP][PASSED] - NewInputNmField = modifyObjectProperty(findTestObject("Object Repository/Objects.HighlightElements/input_field_index"), "xpath", "equals", "(//*[contains(@name, '" + FldNm + "')])[" + index + "]", true): Modify property of object successfully

2020-06-07 22:08:42 - [MESSAGE][PASSED] - Modify property of object successfully

2020-06-07 22:08:42 - [TEST_STEP][PASSED] - comboNm = cmbNm: null

2020-06-07 22:08:42 - [TEST_STEP][PASSED] - focus(NewInputNmField): Object: 'Object Repository/Objects.HighlightElements/input_field_index' is focused

2020-06-07 22:08:42 - [MESSAGE][PASSED] - Object: 'Object Repository/Objects.HighlightElements/input_field_index' is focused

2020-06-07 22:08:42 - [TEST_STEP][PASSED] - setText(NewInputNmField, EnterValue): Text 'ENF' is set on object 'Object Repository/Objects.HighlightElements/input_field_index'

2020-06-07 22:08:43 - [MESSAGE][PASSED] - Text 'ENF' is set on object 'Object Repository/Objects.HighlightElements/input_field_index'

2020-06-07 22:08:43 - [TEST_STEP][PASSED] - for ([i = 1, i <= NoOfVal, (i++)]): Keys 'DOWN + ' sent to object: 'Object Repository/Objects.HighlightElements/input_field_index'

2020-06-07 22:08:43 - [TEST_STEP][PASSED] - sendKeys(NewInputNmField, Keys.chord(ARROW_DOWN)): Keys 'DOWN + ' sent to object: 'Object Repository/Objects.HighlightElements/input_field_index'

2020-06-07 22:08:44 - [MESSAGE][PASSED] - Keys 'DOWN + ' sent to object: 'Object Repository/Objects.HighlightElements/input_field_index'

2020-06-07 22:08:44 - [TEST_STEP][PASSED] - delay(DelayTime): Delayed 0 second(s)

2020-06-07 22:08:44 - [MESSAGE][PASSED] - Delayed 0 second(s)

2020-06-07 22:08:44 - [TEST_STEP][PASSED] - sendKeys(NewInputNmField, Keys.chord(ENTER)): Keys 'ENTER + ' sent to object: 'Object Repository/Objects.HighlightElements/input_field_index'

2020-06-07 22:08:44 - [MESSAGE][PASSED] - Keys 'ENTER + ' sent to object: 'Object Repository/Objects.HighlightElements/input_field_index'

2020-06-07 22:08:44 - [TEST_STEP][PASSED] - ComboBoxValue = getAttribute(NewInputNmField, "value"): Attribute 'value' of object 'Object Repository/Objects.HighlightElements/input_field_index' is: 'ENF'

2020-06-07 22:08:45 - [MESSAGE][PASSED] - Attribute 'value' of object 'Object Repository/Objects.HighlightElements/input_field_index' is: 'ENF'

2020-06-07 22:08:45 - [TEST_STEP][PASSED] - callTestCase(findTestCase(CallTCName), ["FindValue":ComboBoxValue, "DropdownNm":comboNm], STOP_ON_FAILURE): Call Test Case 'Test Cases/PFI Precision and Scale/HashMap Tables/ConstantHashMap' successfully

2020-06-07 22:08:45 - [TEST_CASE][PASSED] - Test Cases/PFI Precision and Scale/HashMap Tables/ConstantHashMap: Test Cases/PFI Precision and Scale/HashMap Tables/ConstantHashMap

2020-06-07 22:08:45 - [TEST_STEP][PASSED] - ConstantTBL = [1:["PeriodType":"Working Day(s)"], 2:["PeriodType":"Calendar Day(s)"], 3:["PeriodType":"Month(s)"], 4:["TypeOfLetter":"T1"], ... ]: null

2020-06-07 22:08:45 - [TEST_STEP][PASSED] - switch (DropdownNm): null

2020-06-07 22:08:45 - [TEST_STEP][PASSED] - case "ModuleNm":: null

2020-06-07 22:08:45 - [TEST_STEP][PASSED] - ValueFound = ConstantTBL.find({ -> ... }): null

2020-06-07 22:08:45 - [TEST_STEP][PASSED] - break: null

2020-06-07 22:08:45 - [MESSAGE][PASSED] - Call Test Case 'Test Cases/PFI Precision and Scale/HashMap Tables/ConstantHashMap' successfully

2020-06-07 22:08:45 - [TEST_STEP][PASSED] - println(ValueFound): null

2020-06-07 22:08:45 - [TEST_STEP][PASSED] - sendKeys(NewInputNmField, Keys.chord(ARROW_DOWN)): Keys 'DOWN + ' sent to object: 'Object Repository/Objects.HighlightElements/input_field_index'

2020-06-07 22:08:45 - [MESSAGE][PASSED] - Keys 'DOWN + ' sent to object: 'Object Repository/Objects.HighlightElements/input_field_index'

2020-06-07 22:08:45 - [TEST_STEP][PASSED] - sendKeys(NewInputNmField, Keys.chord(ENTER)): Keys 'ENTER + ' sent to object: 'Object Repository/Objects.HighlightElements/input_field_index'

2020-06-07 22:08:46 - [MESSAGE][PASSED] - Keys 'ENTER + ' sent to object: 'Object Repository/Objects.HighlightElements/input_field_index'

2020-06-07 22:08:46 - [MESSAGE][PASSED] - Call Test Case 'Test Cases/PFI Precision and Scale/PFI Components with Indexing/VerifyDropdownValuesXPI' successfully

2020-06-07 22:08:46 - [TEST_STEP][PASSED] - callTestCase(findTestCase("PFI Precision and Scale/PFI Components with Indexing/VerifyDropdownValuesXPI"), ["FldNm":"inspCaseType", "index":1, "CallTCName":"PFI Precision and Scale/HashMap Tables/ConstantHashMap", "cmbNm":"ENF", "NoOfVal":8, ... ], STOP_ON_FAILURE): Call Test Case 'Test Cases/PFI Precision and Scale/PFI Components with Indexing/VerifyDropdownValuesXPI' successfully

2020-06-07 22:08:46 - [TEST_CASE][PASSED] - Test Cases/PFI Precision and Scale/PFI Components with Indexing/VerifyDropdownValuesXPI: Test Cases/PFI Precision and Scale/PFI Components with Indexing/VerifyDropdownValuesXPI

2020-06-07 22:08:46 - [TEST_STEP][PASSED] - Thread.sleep(1000): null

2020-06-07 22:08:47 - [TEST_STEP][PASSED] - NewInputNmField = modifyObjectProperty(findTestObject("Object Repository/Objects.HighlightElements/input_field_index"), "xpath", "equals", "(//*[contains(@name, '" + FldNm + "')])[" + index + "]", true): Modify property of object successfully

2020-06-07 22:08:47 - [MESSAGE][PASSED] - Modify property of object successfully

2020-06-07 22:08:47 - [TEST_STEP][PASSED] - comboNm = cmbNm: null

2020-06-07 22:08:47 - [TEST_STEP][PASSED] - focus(NewInputNmField): Object: 'Object Repository/Objects.HighlightElements/input_field_index' is focused

2020-06-07 22:08:48 - [MESSAGE][PASSED] - Object: 'Object Repository/Objects.HighlightElements/input_field_index' is focused

2020-06-07 22:08:48 - [TEST_STEP][PASSED] - setText(NewInputNmField, EnterValue): Text '' is set on object 'Object Repository/Objects.HighlightElements/input_field_index'

2020-06-07 22:08:48 - [MESSAGE][PASSED] - Text '' is set on object 'Object Repository/Objects.HighlightElements/input_field_index'

2020-06-07 22:08:48 - [TEST_STEP][PASSED] - for ([i = 1, i <= NoOfVal, (i++)]): Keys 'DOWN + ' sent to object: 'Object Repository/Objects.HighlightElements/input_field_index'

2020-06-07 22:08:48 - [TEST_STEP][PASSED] - sendKeys(NewInputNmField, Keys.chord(ARROW_DOWN)): Keys 'DOWN + ' sent to object: 'Object Repository/Objects.HighlightElements/input_field_index'

2020-06-07 22:08:49 - [MESSAGE][PASSED] - Keys 'DOWN + ' sent to object: 'Object Repository/Objects.HighlightElements/input_field_index'

2020-06-07 22:08:49 - [TEST_STEP][PASSED] - delay(DelayTime): Delayed 2 second(s)

2020-06-07 22:08:51 - [MESSAGE][PASSED] - Delayed 2 second(s)

2020-06-07 22:08:51 - [TEST_STEP][PASSED] - sendKeys(NewInputNmField, Keys.chord(ENTER)): Keys 'ENTER + ' sent to object: 'Object Repository/Objects.HighlightElements/input_field_index'

2020-06-07 22:08:51 - [MESSAGE][PASSED] - Keys 'ENTER + ' sent to object: 'Object Repository/Objects.HighlightElements/input_field_index'

2020-06-07 22:08:51 - [TEST_STEP][PASSED] - ComboBoxValue = getAttribute(NewInputNmField, "value"): Attribute 'value' of object 'Object Repository/Objects.HighlightElements/input_field_index' is: 'Corres-General Correspondence (CORRES-ENF-GC)'

2020-06-07 22:08:51 - [MESSAGE][PASSED] - Attribute 'value' of object 'Object Repository/Objects.HighlightElements/input_field_index' is: 'Corres-General Correspondence (CORRES-ENF-GC)'

2020-06-07 22:08:51 - [TEST_STEP][PASSED] - callTestCase(findTestCase(CallTCName), ["FindValue":ComboBoxValue, "DropdownNm":comboNm], STOP_ON_FAILURE): Call Test Case 'Test Cases/PFI Precision and Scale/HashMap Tables/ConstantHashMap' successfully

2020-06-07 22:08:52 - [TEST_CASE][PASSED] - Test Cases/PFI Precision and Scale/HashMap Tables/ConstantHashMap: Test Cases/PFI Precision and Scale/HashMap Tables/ConstantHashMap

2020-06-07 22:08:52 - [TEST_STEP][PASSED] - ConstantTBL = [1:["PeriodType":"Working Day(s)"], 2:["PeriodType":"Calendar Day(s)"], 3:["PeriodType":"Month(s)"], 4:["TypeOfLetter":"T1"], ... ]: null

2020-06-07 22:08:52 - [TEST_STEP][PASSED] - switch (DropdownNm): null

2020-06-07 22:08:52 - [TEST_STEP][PASSED] - case "ENF":: null

2020-06-07 22:08:52 - [TEST_STEP][PASSED] - ValueFound = ConstantTBL.find({ -> ... }): null

2020-06-07 22:08:52 - [TEST_STEP][PASSED] - break: null

2020-06-07 22:08:52 - [MESSAGE][PASSED] - Call Test Case 'Test Cases/PFI Precision and Scale/HashMap Tables/ConstantHashMap' successfully

2020-06-07 22:08:52 - [TEST_STEP][PASSED] - println(ValueFound): null

2020-06-07 22:08:52 - [TEST_STEP][PASSED] - sendKeys(NewInputNmField, Keys.chord(ARROW_DOWN)): Keys 'DOWN + ' sent to object: 'Object Repository/Objects.HighlightElements/input_field_index'

2020-06-07 22:08:52 - [MESSAGE][PASSED] - Keys 'DOWN + ' sent to object: 'Object Repository/Objects.HighlightElements/input_field_index'

2020-06-07 22:08:52 - [TEST_STEP][PASSED] - sendKeys(NewInputNmField, Keys.chord(ARROW_DOWN)): Keys 'DOWN + ' sent to object: 'Object Repository/Objects.HighlightElements/input_field_index'

2020-06-07 22:08:53 - [MESSAGE][PASSED] - Keys 'DOWN + ' sent to object: 'Object Repository/Objects.HighlightElements/input_field_index'

2020-06-07 22:08:53 - [TEST_STEP][PASSED] - delay(DelayTime): Delayed 2 second(s)

2020-06-07 22:08:55 - [MESSAGE][PASSED] - Delayed 2 second(s)

2020-06-07 22:08:55 - [TEST_STEP][PASSED] - sendKeys(NewInputNmField, Keys.chord(ENTER)): Keys 'ENTER + ' sent to object: 'Object Repository/Objects.HighlightElements/input_field_index'

2020-06-07 22:08:55 - [MESSAGE][PASSED] - Keys 'ENTER + ' sent to object: 'Object Repository/Objects.HighlightElements/input_field_index'

2020-06-07 22:08:55 - [TEST_STEP][PASSED] - ComboBoxValue = getAttribute(NewInputNmField, "value"): Attribute 'value' of object 'Object Repository/Objects.HighlightElements/input_field_index' is: 'Corres-Request for Submission Withdrawal (CORRES-ENF-SUBWTH)'

2020-06-07 22:08:55 - [MESSAGE][PASSED] - Attribute 'value' of object 'Object Repository/Objects.HighlightElements/input_field_index' is: 'Corres-Request for Submission Withdrawal (CORRES-ENF-SUBWTH)'

2020-06-07 22:08:55 - [TEST_STEP][PASSED] - callTestCase(findTestCase(CallTCName), ["FindValue":ComboBoxValue, "DropdownNm":comboNm], STOP_ON_FAILURE): Call Test Case 'Test Cases/PFI Precision and Scale/HashMap Tables/ConstantHashMap' successfully

2020-06-07 22:08:56 - [TEST_CASE][PASSED] - Test Cases/PFI Precision and Scale/HashMap Tables/ConstantHashMap: Test Cases/PFI Precision and Scale/HashMap Tables/ConstantHashMap

2020-06-07 22:08:56 - [TEST_STEP][PASSED] - ConstantTBL = [1:["PeriodType":"Working Day(s)"], 2:["PeriodType":"Calendar Day(s)"], 3:["PeriodType":"Month(s)"], 4:["TypeOfLetter":"T1"], ... ]: null

2020-06-07 22:08:56 - [TEST_STEP][PASSED] - switch (DropdownNm): null

2020-06-07 22:08:56 - [TEST_STEP][PASSED] - case "ENF":: null

2020-06-07 22:08:56 - [TEST_STEP][PASSED] - ValueFound = ConstantTBL.find({ -> ... }): null

2020-06-07 22:08:56 - [TEST_STEP][PASSED] - break: null

2020-06-07 22:08:56 - [MESSAGE][PASSED] - Call Test Case 'Test Cases/PFI Precision and Scale/HashMap Tables/ConstantHashMap' successfully

2020-06-07 22:08:56 - [TEST_STEP][PASSED] - println(ValueFound): null

2020-06-07 22:08:56 - [TEST_STEP][PASSED] - sendKeys(NewInputNmField, Keys.chord(ARROW_DOWN)): Keys 'DOWN + ' sent to object: 'Object Repository/Objects.HighlightElements/input_field_index'

2020-06-07 22:08:56 - [MESSAGE][PASSED] - Keys 'DOWN + ' sent to object: 'Object Repository/Objects.HighlightElements/input_field_index'

2020-06-07 22:08:56 - [TEST_STEP][PASSED] - sendKeys(NewInputNmField, Keys.chord(ARROW_DOWN)): Keys 'DOWN + ' sent to object: 'Object Repository/Objects.HighlightElements/input_field_index'

2020-06-07 22:08:57 - [MESSAGE][PASSED] - Keys 'DOWN + ' sent to object: 'Object Repository/Objects.HighlightElements/input_field_index'

2020-06-07 22:08:57 - [TEST_STEP][PASSED] - delay(DelayTime): Delayed 2 second(s)

2020-06-07 22:08:59 - [MESSAGE][PASSED] - Delayed 2 second(s)

2020-06-07 22:08:59 - [TEST_STEP][PASSED] - sendKeys(NewInputNmField, Keys.chord(ENTER)): Keys 'ENTER + ' sent to object: 'Object Repository/Objects.HighlightElements/input_field_index'

2020-06-07 22:08:59 - [MESSAGE][PASSED] - Keys 'ENTER + ' sent to object: 'Object Repository/Objects.HighlightElements/input_field_index'

2020-06-07 22:08:59 - [TEST_STEP][PASSED] - ComboBoxValue = getAttribute(NewInputNmField, "value"): Attribute 'value' of object 'Object Repository/Objects.HighlightElements/input_field_index' is: 'Enforcement Processing (ENF)'

2020-06-07 22:09:00 - [MESSAGE][PASSED] - Attribute 'value' of object 'Object Repository/Objects.HighlightElements/input_field_index' is: 'Enforcement Processing (ENF)'

2020-06-07 22:09:00 - [TEST_STEP][PASSED] - callTestCase(findTestCase(CallTCName), ["FindValue":ComboBoxValue, "DropdownNm":comboNm], STOP_ON_FAILURE): Call Test Case 'Test Cases/PFI Precision and Scale/HashMap Tables/ConstantHashMap' successfully

2020-06-07 22:09:00 - [TEST_CASE][PASSED] - Test Cases/PFI Precision and Scale/HashMap Tables/ConstantHashMap: Test Cases/PFI Precision and Scale/HashMap Tables/ConstantHashMap

2020-06-07 22:09:00 - [TEST_STEP][PASSED] - ConstantTBL = [1:["PeriodType":"Working Day(s)"], 2:["PeriodType":"Calendar Day(s)"], 3:["PeriodType":"Month(s)"], 4:["TypeOfLetter":"T1"], ... ]: null

2020-06-07 22:09:00 - [TEST_STEP][PASSED] - switch (DropdownNm): null

2020-06-07 22:09:00 - [TEST_STEP][PASSED] - case "ENF":: null

2020-06-07 22:09:00 - [TEST_STEP][PASSED] - ValueFound = ConstantTBL.find({ -> ... }): null

2020-06-07 22:09:00 - [TEST_STEP][PASSED] - break: null

2020-06-07 22:09:00 - [MESSAGE][PASSED] - Call Test Case 'Test Cases/PFI Precision and Scale/HashMap Tables/ConstantHashMap' successfully

2020-06-07 22:09:00 - [TEST_STEP][PASSED] - println(ValueFound): null

2020-06-07 22:09:00 - [TEST_STEP][PASSED] - sendKeys(NewInputNmField, Keys.chord(ARROW_DOWN)): Keys 'DOWN + ' sent to object: 'Object Repository/Objects.HighlightElements/input_field_index'

2020-06-07 22:09:00 - [MESSAGE][PASSED] - Keys 'DOWN + ' sent to object: 'Object Repository/Objects.HighlightElements/input_field_index'

2020-06-07 22:09:00 - [TEST_STEP][PASSED] - sendKeys(NewInputNmField, Keys.chord(ARROW_DOWN)): Keys 'DOWN + ' sent to object: 'Object Repository/Objects.HighlightElements/input_field_index'

2020-06-07 22:09:01 - [MESSAGE][PASSED] - Keys 'DOWN + ' sent to object: 'Object Repository/Objects.HighlightElements/input_field_index'

2020-06-07 22:09:01 - [TEST_STEP][PASSED] - delay(DelayTime): Delayed 2 second(s)

2020-06-07 22:09:03 - [MESSAGE][PASSED] - Delayed 2 second(s)

2020-06-07 22:09:03 - [TEST_STEP][PASSED] - sendKeys(NewInputNmField, Keys.chord(ENTER)): Keys 'ENTER + ' sent to object: 'Object Repository/Objects.HighlightElements/input_field_index'

2020-06-07 22:09:03 - [MESSAGE][PASSED] - Keys 'ENTER + ' sent to object: 'Object Repository/Objects.HighlightElements/input_field_index'

2020-06-07 22:09:03 - [TEST_STEP][PASSED] - ComboBoxValue = getAttribute(NewInputNmField, "value"): Attribute 'value' of object 'Object Repository/Objects.HighlightElements/input_field_index' is: 'Enforcement - Fire and Surveilence (ENF_EFS)'

2020-06-07 22:09:04 - [MESSAGE][PASSED] - Attribute 'value' of object 'Object Repository/Objects.HighlightElements/input_field_index' is: 'Enforcement - Fire and Surveilence (ENF_EFS)'

2020-06-07 22:09:04 - [TEST_STEP][PASSED] - callTestCase(findTestCase(CallTCName), ["FindValue":ComboBoxValue, "DropdownNm":comboNm], STOP_ON_FAILURE): Call Test Case 'Test Cases/PFI Precision and Scale/HashMap Tables/ConstantHashMap' successfully

2020-06-07 22:09:04 - [TEST_CASE][PASSED] - Test Cases/PFI Precision and Scale/HashMap Tables/ConstantHashMap: Test Cases/PFI Precision and Scale/HashMap Tables/ConstantHashMap

2020-06-07 22:09:04 - [TEST_STEP][PASSED] - ConstantTBL = [1:["PeriodType":"Working Day(s)"], 2:["PeriodType":"Calendar Day(s)"], 3:["PeriodType":"Month(s)"], 4:["TypeOfLetter":"T1"], ... ]: null

2020-06-07 22:09:04 - [TEST_STEP][PASSED] - switch (DropdownNm): null

2020-06-07 22:09:04 - [TEST_STEP][PASSED] - case "ENF":: null

2020-06-07 22:09:04 - [TEST_STEP][PASSED] - ValueFound = ConstantTBL.find({ -> ... }): null

2020-06-07 22:09:04 - [TEST_STEP][PASSED] - break: null

2020-06-07 22:09:04 - [MESSAGE][PASSED] - Call Test Case 'Test Cases/PFI Precision and Scale/HashMap Tables/ConstantHashMap' successfully

2020-06-07 22:09:04 - [TEST_STEP][PASSED] - println(ValueFound): null

2020-06-07 22:09:04 - [TEST_STEP][PASSED] - sendKeys(NewInputNmField, Keys.chord(ARROW_DOWN)): Keys 'DOWN + ' sent to object: 'Object Repository/Objects.HighlightElements/input_field_index'

2020-06-07 22:09:05 - [MESSAGE][PASSED] - Keys 'DOWN + ' sent to object: 'Object Repository/Objects.HighlightElements/input_field_index'

2020-06-07 22:09:05 - [TEST_STEP][PASSED] - sendKeys(NewInputNmField, Keys.chord(ARROW_DOWN)): Keys 'DOWN + ' sent to object: 'Object Repository/Objects.HighlightElements/input_field_index'

2020-06-07 22:09:05 - [MESSAGE][PASSED] - Keys 'DOWN + ' sent to object: 'Object Repository/Objects.HighlightElements/input_field_index'

2020-06-07 22:09:05 - [TEST_STEP][PASSED] - delay(DelayTime): Delayed 2 second(s)

2020-06-07 22:09:07 - [MESSAGE][PASSED] - Delayed 2 second(s)

2020-06-07 22:09:07 - [TEST_STEP][PASSED] - sendKeys(NewInputNmField, Keys.chord(ENTER)): Keys 'ENTER + ' sent to object: 'Object Repository/Objects.HighlightElements/input_field_index'

2020-06-07 22:09:07 - [MESSAGE][PASSED] - Keys 'ENTER + ' sent to object: 'Object Repository/Objects.HighlightElements/input_field_index'

2020-06-07 22:09:07 - [TEST_STEP][PASSED] - ComboBoxValue = getAttribute(NewInputNmField, "value"): Attribute 'value' of object 'Object Repository/Objects.HighlightElements/input_field_index' is: 'Enforcement - Master Folder (BSPS) (ENF_EM)'

2020-06-07 22:09:08 - [MESSAGE][PASSED] - Attribute 'value' of object 'Object Repository/Objects.HighlightElements/input_field_index' is: 'Enforcement - Master Folder (BSPS) (ENF_EM)'

2020-06-07 22:09:08 - [TEST_STEP][PASSED] - callTestCase(findTestCase(CallTCName), ["FindValue":ComboBoxValue, "DropdownNm":comboNm], STOP_ON_FAILURE): Call Test Case 'Test Cases/PFI Precision and Scale/HashMap Tables/ConstantHashMap' successfully

2020-06-07 22:09:08 - [TEST_CASE][PASSED] - Test Cases/PFI Precision and Scale/HashMap Tables/ConstantHashMap: Test Cases/PFI Precision and Scale/HashMap Tables/ConstantHashMap

2020-06-07 22:09:08 - [TEST_STEP][PASSED] - ConstantTBL = [1:["PeriodType":"Working Day(s)"], 2:["PeriodType":"Calendar Day(s)"], 3:["PeriodType":"Month(s)"], 4:["TypeOfLetter":"T1"], ... ]: null

2020-06-07 22:09:08 - [TEST_STEP][PASSED] - switch (DropdownNm): null

2020-06-07 22:09:08 - [TEST_STEP][PASSED] - case "ENF":: null

2020-06-07 22:09:08 - [TEST_STEP][PASSED] - ValueFound = ConstantTBL.find({ -> ... }): null

2020-06-07 22:09:08 - [TEST_STEP][PASSED] - break: null

2020-06-07 22:09:08 - [MESSAGE][PASSED] - Call Test Case 'Test Cases/PFI Precision and Scale/HashMap Tables/ConstantHashMap' successfully

2020-06-07 22:09:08 - [TEST_STEP][PASSED] - println(ValueFound): null

2020-06-07 22:09:08 - [TEST_STEP][PASSED] - sendKeys(NewInputNmField, Keys.chord(ARROW_DOWN)): Keys 'DOWN + ' sent to object: 'Object Repository/Objects.HighlightElements/input_field_index'

2020-06-07 22:09:09 - [MESSAGE][PASSED] - Keys 'DOWN + ' sent to object: 'Object Repository/Objects.HighlightElements/input_field_index'

2020-06-07 22:09:09 - [TEST_STEP][PASSED] - sendKeys(NewInputNmField, Keys.chord(ARROW_DOWN)): Keys 'DOWN + ' sent to object: 'Object Repository/Objects.HighlightElements/input_field_index'

2020-06-07 22:09:09 - [MESSAGE][PASSED] - Keys 'DOWN + ' sent to object: 'Object Repository/Objects.HighlightElements/input_field_index'

2020-06-07 22:09:09 - [TEST_STEP][PASSED] - delay(DelayTime): Delayed 2 second(s)

2020-06-07 22:09:11 - [MESSAGE][PASSED] - Delayed 2 second(s)

2020-06-07 22:09:11 - [TEST_STEP][PASSED] - sendKeys(NewInputNmField, Keys.chord(ENTER)): Keys 'ENTER + ' sent to object: 'Object Repository/Objects.HighlightElements/input_field_index'

2020-06-07 22:09:12 - [MESSAGE][PASSED] - Keys 'ENTER + ' sent to object: 'Object Repository/Objects.HighlightElements/input_field_index'

2020-06-07 22:09:12 - [TEST_STEP][PASSED] - ComboBoxValue = getAttribute(NewInputNmField, "value"): Attribute 'value' of object 'Object Repository/Objects.HighlightElements/input_field_index' is: 'Enforcement - Monitoring (ENF_EMF)'

2020-06-07 22:09:12 - [MESSAGE][PASSED] - Attribute 'value' of object 'Object Repository/Objects.HighlightElements/input_field_index' is: 'Enforcement - Monitoring (ENF_EMF)'

2020-06-07 22:09:12 - [TEST_STEP][PASSED] - callTestCase(findTestCase(CallTCName), ["FindValue":ComboBoxValue, "DropdownNm":comboNm], STOP_ON_FAILURE): Call Test Case 'Test Cases/PFI Precision and Scale/HashMap Tables/ConstantHashMap' successfully

2020-06-07 22:09:12 - [TEST_CASE][PASSED] - Test Cases/PFI Precision and Scale/HashMap Tables/ConstantHashMap: Test Cases/PFI Precision and Scale/HashMap Tables/ConstantHashMap

2020-06-07 22:09:13 - [TEST_STEP][PASSED] - ConstantTBL = [1:["PeriodType":"Working Day(s)"], 2:["PeriodType":"Calendar Day(s)"], 3:["PeriodType":"Month(s)"], 4:["TypeOfLetter":"T1"], ... ]: null

2020-06-07 22:09:13 - [TEST_STEP][PASSED] - switch (DropdownNm): null

2020-06-07 22:09:13 - [TEST_STEP][PASSED] - case "ENF":: null

2020-06-07 22:09:13 - [TEST_STEP][PASSED] - ValueFound = ConstantTBL.find({ -> ... }): null

2020-06-07 22:09:13 - [TEST_STEP][PASSED] - break: null

2020-06-07 22:09:13 - [MESSAGE][PASSED] - Call Test Case 'Test Cases/PFI Precision and Scale/HashMap Tables/ConstantHashMap' successfully

2020-06-07 22:09:13 - [TEST_STEP][PASSED] - println(ValueFound): null

2020-06-07 22:09:13 - [TEST_STEP][PASSED] - sendKeys(NewInputNmField, Keys.chord(ARROW_DOWN)): Keys 'DOWN + ' sent to object: 'Object Repository/Objects.HighlightElements/input_field_index'

2020-06-07 22:09:13 - [MESSAGE][PASSED] - Keys 'DOWN + ' sent to object: 'Object Repository/Objects.HighlightElements/input_field_index'

2020-06-07 22:09:13 - [TEST_STEP][PASSED] - sendKeys(NewInputNmField, Keys.chord(ARROW_DOWN)): Keys 'DOWN + ' sent to object: 'Object Repository/Objects.HighlightElements/input_field_index'

2020-06-07 22:09:14 - [MESSAGE][PASSED] - Keys 'DOWN + ' sent to object: 'Object Repository/Objects.HighlightElements/input_field_index'

2020-06-07 22:09:14 - [TEST_STEP][PASSED] - delay(DelayTime): Delayed 2 second(s)

2020-06-07 22:09:16 - [MESSAGE][PASSED] - Delayed 2 second(s)

2020-06-07 22:09:16 - [TEST_STEP][PASSED] - sendKeys(NewInputNmField, Keys.chord(ENTER)): Keys 'ENTER + ' sent to object: 'Object Repository/Objects.HighlightElements/input_field_index'

2020-06-07 22:09:16 - [MESSAGE][PASSED] - Keys 'ENTER + ' sent to object: 'Object Repository/Objects.HighlightElements/input_field_index'

2020-06-07 22:09:16 - [TEST_STEP][PASSED] - ComboBoxValue = getAttribute(NewInputNmField, "value"): Attribute 'value' of object 'Object Repository/Objects.HighlightElements/input_field_index' is: 'Enforcement Ad Hoc Processing (ENFAH)'

2020-06-07 22:09:16 - [MESSAGE][PASSED] - Attribute 'value' of object 'Object Repository/Objects.HighlightElements/input_field_index' is: 'Enforcement Ad Hoc Processing (ENFAH)'

2020-06-07 22:09:16 - [TEST_STEP][PASSED] - callTestCase(findTestCase(CallTCName), ["FindValue":ComboBoxValue, "DropdownNm":comboNm], STOP_ON_FAILURE): Call Test Case 'Test Cases/PFI Precision and Scale/HashMap Tables/ConstantHashMap' successfully

2020-06-07 22:09:17 - [TEST_CASE][PASSED] - Test Cases/PFI Precision and Scale/HashMap Tables/ConstantHashMap: Test Cases/PFI Precision and Scale/HashMap Tables/ConstantHashMap

2020-06-07 22:09:17 - [TEST_STEP][PASSED] - ConstantTBL = [1:["PeriodType":"Working Day(s)"], 2:["PeriodType":"Calendar Day(s)"], 3:["PeriodType":"Month(s)"], 4:["TypeOfLetter":"T1"], ... ]: null

2020-06-07 22:09:17 - [TEST_STEP][PASSED] - switch (DropdownNm): null

2020-06-07 22:09:17 - [TEST_STEP][PASSED] - case "ENF":: null

2020-06-07 22:09:17 - [TEST_STEP][PASSED] - ValueFound = ConstantTBL.find({ -> ... }): null

2020-06-07 22:09:17 - [TEST_STEP][PASSED] - break: null

2020-06-07 22:09:17 - [MESSAGE][PASSED] - Call Test Case 'Test Cases/PFI Precision and Scale/HashMap Tables/ConstantHashMap' successfully

2020-06-07 22:09:17 - [TEST_STEP][PASSED] - println(ValueFound): null

2020-06-07 22:09:17 - [TEST_STEP][PASSED] - sendKeys(NewInputNmField, Keys.chord(ARROW_DOWN)): Keys 'DOWN + ' sent to object: 'Object Repository/Objects.HighlightElements/input_field_index'

2020-06-07 22:09:17 - [MESSAGE][PASSED] - Keys 'DOWN + ' sent to object: 'Object Repository/Objects.HighlightElements/input_field_index'

2020-06-07 22:09:17 - [TEST_STEP][PASSED] - sendKeys(NewInputNmField, Keys.chord(ARROW_DOWN)): Keys 'DOWN + ' sent to object: 'Object Repository/Objects.HighlightElements/input_field_index'

2020-06-07 22:09:18 - [MESSAGE][PASSED] - Keys 'DOWN + ' sent to object: 'Object Repository/Objects.HighlightElements/input_field_index'

2020-06-07 22:09:18 - [TEST_STEP][PASSED] - delay(DelayTime): Delayed 2 second(s)

2020-06-07 22:09:20 - [MESSAGE][PASSED] - Delayed 2 second(s)

2020-06-07 22:09:20 - [TEST_STEP][PASSED] - sendKeys(NewInputNmField, Keys.chord(ENTER)): Keys 'ENTER + ' sent to object: 'Object Repository/Objects.HighlightElements/input_field_index'

2020-06-07 22:09:20 - [MESSAGE][PASSED] - Keys 'ENTER + ' sent to object: 'Object Repository/Objects.HighlightElements/input_field_index'

2020-06-07 22:09:20 - [TEST_STEP][PASSED] - ComboBoxValue = getAttribute(NewInputNmField, "value"): Attribute 'value' of object 'Object Repository/Objects.HighlightElements/input_field_index' is: 'ST-ENF Processing (ST_ENF)'

2020-06-07 22:09:21 - [MESSAGE][PASSED] - Attribute 'value' of object 'Object Repository/Objects.HighlightElements/input_field_index' is: 'ST-ENF Processing (ST_ENF)'

2020-06-07 22:09:21 - [TEST_STEP][PASSED] - callTestCase(findTestCase(CallTCName), ["FindValue":ComboBoxValue, "DropdownNm":comboNm], STOP_ON_FAILURE): Call Test Case 'Test Cases/PFI Precision and Scale/HashMap Tables/ConstantHashMap' successfully

2020-06-07 22:09:21 - [TEST_CASE][PASSED] - Test Cases/PFI Precision and Scale/HashMap Tables/ConstantHashMap: Test Cases/PFI Precision and Scale/HashMap Tables/ConstantHashMap

2020-06-07 22:09:21 - [TEST_STEP][PASSED] - ConstantTBL = [1:["PeriodType":"Working Day(s)"], 2:["PeriodType":"Calendar Day(s)"], 3:["PeriodType":"Month(s)"], 4:["TypeOfLetter":"T1"], ... ]: null

2020-06-07 22:09:21 - [TEST_STEP][PASSED] - switch (DropdownNm): null

2020-06-07 22:09:21 - [TEST_STEP][PASSED] - case "ENF":: null

2020-06-07 22:09:21 - [TEST_STEP][PASSED] - ValueFound = ConstantTBL.find({ -> ... }): null

2020-06-07 22:09:21 - [TEST_STEP][PASSED] - break: null

2020-06-07 22:09:21 - [MESSAGE][PASSED] - Call Test Case 'Test Cases/PFI Precision and Scale/HashMap Tables/ConstantHashMap' successfully

2020-06-07 22:09:21 - [TEST_STEP][PASSED] - println(ValueFound): null

2020-06-07 22:09:21 - [TEST_STEP][PASSED] - sendKeys(NewInputNmField, Keys.chord(ARROW_DOWN)): Keys 'DOWN + ' sent to object: 'Object Repository/Objects.HighlightElements/input_field_index'

2020-06-07 22:09:21 - [MESSAGE][PASSED] - Keys 'DOWN + ' sent to object: 'Object Repository/Objects.HighlightElements/input_field_index'

2020-06-07 22:09:21 - [TEST_STEP][PASSED] - sendKeys(NewInputNmField, Keys.chord(ENTER)): Keys 'ENTER + ' sent to object: 'Object Repository/Objects.HighlightElements/input_field_index'

2020-06-07 22:09:22 - [MESSAGE][PASSED] - Keys 'ENTER + ' sent to object: 'Object Repository/Objects.HighlightElements/input_field_index'

2020-06-07 22:09:22 - [MESSAGE][PASSED] - Call Test Case 'Test Cases/PFI Precision and Scale/PFI Components with Indexing/VerifyDropdownValuesXPI' successfully

2020-06-07 22:09:22 - [TEST_STEP][PASSED] - callTestCase(findTestCase("Components/SelectAllThenDeleteIndex"), ["nameToBeUsed":"inspModule", "index":"1"], STOP_ON_FAILURE): Call Test Case 'Test Cases/Components/SelectAllThenDeleteIndex' successfully

2020-06-07 22:09:22 - [TEST_CASE][PASSED] - Test Cases/Components/SelectAllThenDeleteIndex: Test Cases/Components/SelectAllThenDeleteIndex

2020-06-07 22:09:22 - [TEST_STEP][PASSED] - Thread.sleep(1000): null

2020-06-07 22:09:23 - [TEST_STEP][PASSED] - modifiedObj = modifyObjectProperty(findTestObject("Object Repository/Objects.HighlightElements/input_field_index"), "xpath", "equals", "(//*[contains(@class,'x-form-text') and (@name='" + nameToBeUsed + "')])[" + index + "]", true): Modify property of object successfully

2020-06-07 22:09:23 - [MESSAGE][PASSED] - Modify property of object successfully

2020-06-07 22:09:23 - [TEST_STEP][PASSED] - focus(modifiedObj): Object: 'Object Repository/Objects.HighlightElements/input_field_index' is focused

2020-06-07 22:09:23 - [MESSAGE][PASSED] - Object: 'Object Repository/Objects.HighlightElements/input_field_index' is focused

2020-06-07 22:09:23 - [TEST_STEP][PASSED] - sendKeys(modifiedObj, Keys.chord(CONTROL, "a")): Keys 'CONTROL + a' sent to object: 'Object Repository/Objects.HighlightElements/input_field_index'

2020-06-07 22:09:24 - [MESSAGE][PASSED] - Keys 'CONTROL + a' sent to object: 'Object Repository/Objects.HighlightElements/input_field_index'

2020-06-07 22:09:24 - [TEST_STEP][PASSED] - sendKeys(modifiedObj, Keys.chord(DELETE)): Keys 'DELETE + ' sent to object: 'Object Repository/Objects.HighlightElements/input_field_index'

2020-06-07 22:09:24 - [MESSAGE][PASSED] - Keys 'DELETE + ' sent to object: 'Object Repository/Objects.HighlightElements/input_field_index'

2020-06-07 22:09:24 - [MESSAGE][PASSED] - Call Test Case 'Test Cases/Components/SelectAllThenDeleteIndex' successfully

2020-06-07 22:09:24 - [TEST_STEP][PASSED] - callTestCase(findTestCase("PFI Precision and Scale/PFI Components with Indexing/VerifyDropdownValuesXPI"), ["FldNm":"inspModule", "index":1, "CallTCName":"PFI Precision and Scale/HashMap Tables/ConstantHashMap", "cmbNm":"ModuleNm", ... ], STOP_ON_FAILURE): Call Test Case 'Test Cases/PFI Precision and Scale/PFI Components with Indexing/VerifyDropdownValuesXPI' successfully

2020-06-07 22:09:24 - [TEST_CASE][PASSED] - Test Cases/PFI Precision and Scale/PFI Components with Indexing/VerifyDropdownValuesXPI: Test Cases/PFI Precision and Scale/PFI Components with Indexing/VerifyDropdownValuesXPI

2020-06-07 22:09:24 - [TEST_STEP][PASSED] - Thread.sleep(1000): null

2020-06-07 22:09:25 - [TEST_STEP][PASSED] - NewInputNmField = modifyObjectProperty(findTestObject("Object Repository/Objects.HighlightElements/input_field_index"), "xpath", "equals", "(//*[contains(@name, '" + FldNm + "')])[" + index + "]", true): Modify property of object successfully

2020-06-07 22:09:26 - [MESSAGE][PASSED] - Modify property of object successfully

2020-06-07 22:09:26 - [TEST_STEP][PASSED] - comboNm = cmbNm: null

2020-06-07 22:09:26 - [TEST_STEP][PASSED] - focus(NewInputNmField): Object: 'Object Repository/Objects.HighlightElements/input_field_index' is focused

2020-06-07 22:09:26 - [MESSAGE][PASSED] - Object: 'Object Repository/Objects.HighlightElements/input_field_index' is focused

2020-06-07 22:09:26 - [TEST_STEP][PASSED] - setText(NewInputNmField, EnterValue): Text 'SD' is set on object 'Object Repository/Objects.HighlightElements/input_field_index'

2020-06-07 22:09:27 - [MESSAGE][PASSED] - Text 'SD' is set on object 'Object Repository/Objects.HighlightElements/input_field_index'

2020-06-07 22:09:27 - [TEST_STEP][PASSED] - for ([i = 1, i <= NoOfVal, (i++)]): Keys 'DOWN + ' sent to object: 'Object Repository/Objects.HighlightElements/input_field_index'

2020-06-07 22:09:27 - [TEST_STEP][PASSED] - sendKeys(NewInputNmField, Keys.chord(ARROW_DOWN)): Keys 'DOWN + ' sent to object: 'Object Repository/Objects.HighlightElements/input_field_index'

2020-06-07 22:09:27 - [MESSAGE][PASSED] - Keys 'DOWN + ' sent to object: 'Object Repository/Objects.HighlightElements/input_field_index'

2020-06-07 22:09:27 - [TEST_STEP][PASSED] - delay(DelayTime): Delayed 0 second(s)

2020-06-07 22:09:27 - [MESSAGE][PASSED] - Delayed 0 second(s)

2020-06-07 22:09:27 - [TEST_STEP][PASSED] - sendKeys(NewInputNmField, Keys.chord(ENTER)): Keys 'ENTER + ' sent to object: 'Object Repository/Objects.HighlightElements/input_field_index'

2020-06-07 22:09:28 - [MESSAGE][PASSED] - Keys 'ENTER + ' sent to object: 'Object Repository/Objects.HighlightElements/input_field_index'

2020-06-07 22:09:28 - [TEST_STEP][PASSED] - ComboBoxValue = getAttribute(NewInputNmField, "value"): Attribute 'value' of object 'Object Repository/Objects.HighlightElements/input_field_index' is: 'SD'

2020-06-07 22:09:28 - [MESSAGE][PASSED] - Attribute 'value' of object 'Object Repository/Objects.HighlightElements/input_field_index' is: 'SD'

2020-06-07 22:09:28 - [TEST_STEP][PASSED] - callTestCase(findTestCase(CallTCName), ["FindValue":ComboBoxValue, "DropdownNm":comboNm], STOP_ON_FAILURE): Call Test Case 'Test Cases/PFI Precision and Scale/HashMap Tables/ConstantHashMap' successfully

2020-06-07 22:09:28 - [TEST_CASE][PASSED] - Test Cases/PFI Precision and Scale/HashMap Tables/ConstantHashMap: Test Cases/PFI Precision and Scale/HashMap Tables/ConstantHashMap

2020-06-07 22:09:28 - [TEST_STEP][PASSED] - ConstantTBL = [1:["PeriodType":"Working Day(s)"], 2:["PeriodType":"Calendar Day(s)"], 3:["PeriodType":"Month(s)"], 4:["TypeOfLetter":"T1"], ... ]: null

2020-06-07 22:09:28 - [TEST_STEP][PASSED] - switch (DropdownNm): null

2020-06-07 22:09:28 - [TEST_STEP][PASSED] - case "ModuleNm":: null

2020-06-07 22:09:28 - [TEST_STEP][PASSED] - ValueFound = ConstantTBL.find({ -> ... }): null

2020-06-07 22:09:28 - [TEST_STEP][PASSED] - break: null

2020-06-07 22:09:28 - [MESSAGE][PASSED] - Call Test Case 'Test Cases/PFI Precision and Scale/HashMap Tables/ConstantHashMap' successfully

2020-06-07 22:09:28 - [TEST_STEP][PASSED] - println(ValueFound): null

2020-06-07 22:09:28 - [TEST_STEP][PASSED] - sendKeys(NewInputNmField, Keys.chord(ARROW_DOWN)): Keys 'DOWN + ' sent to object: 'Object Repository/Objects.HighlightElements/input_field_index'

2020-06-07 22:09:29 - [MESSAGE][PASSED] - Keys 'DOWN + ' sent to object: 'Object Repository/Objects.HighlightElements/input_field_index'

2020-06-07 22:09:29 - [TEST_STEP][PASSED] - sendKeys(NewInputNmField, Keys.chord(ENTER)): Keys 'ENTER + ' sent to object: 'Object Repository/Objects.HighlightElements/input_field_index'

2020-06-07 22:09:29 - [MESSAGE][PASSED] - Keys 'ENTER + ' sent to object: 'Object Repository/Objects.HighlightElements/input_field_index'

2020-06-07 22:09:29 - [MESSAGE][PASSED] - Call Test Case 'Test Cases/PFI Precision and Scale/PFI Components with Indexing/VerifyDropdownValuesXPI' successfully

2020-06-07 22:09:29 - [TEST_STEP][PASSED] - callTestCase(findTestCase("PFI Precision and Scale/PFI Components with Indexing/VerifyDropdownValuesXPI"), ["FldNm":"inspCaseType", "index":1, "CallTCName":"PFI Precision and Scale/HashMap Tables/ConstantHashMap", "cmbNm":"SD", "NoOfVal":7, ... ], STOP_ON_FAILURE): Call Test Case 'Test Cases/PFI Precision and Scale/PFI Components with Indexing/VerifyDropdownValuesXPI' successfully

2020-06-07 22:09:29 - [TEST_CASE][PASSED] - Test Cases/PFI Precision and Scale/PFI Components with Indexing/VerifyDropdownValuesXPI: Test Cases/PFI Precision and Scale/PFI Components with Indexing/VerifyDropdownValuesXPI

2020-06-07 22:09:29 - [TEST_STEP][PASSED] - Thread.sleep(1000): null

2020-06-07 22:09:30 - [TEST_STEP][PASSED] - NewInputNmField = modifyObjectProperty(findTestObject("Object Repository/Objects.HighlightElements/input_field_index"), "xpath", "equals", "(//*[contains(@name, '" + FldNm + "')])[" + index + "]", true): Modify property of object successfully

2020-06-07 22:09:30 - [MESSAGE][PASSED] - Modify property of object successfully

2020-06-07 22:09:30 - [TEST_STEP][PASSED] - comboNm = cmbNm: null

2020-06-07 22:09:30 - [TEST_STEP][PASSED] - focus(NewInputNmField): Object: 'Object Repository/Objects.HighlightElements/input_field_index' is focused

2020-06-07 22:09:31 - [MESSAGE][PASSED] - Object: 'Object Repository/Objects.HighlightElements/input_field_index' is focused

2020-06-07 22:09:31 - [TEST_STEP][PASSED] - setText(NewInputNmField, EnterValue): Text '' is set on object 'Object Repository/Objects.HighlightElements/input_field_index'

2020-06-07 22:09:31 - [MESSAGE][PASSED] - Text '' is set on object 'Object Repository/Objects.HighlightElements/input_field_index'

2020-06-07 22:09:31 - [TEST_STEP][PASSED] - for ([i = 1, i <= NoOfVal, (i++)]): Keys 'DOWN + ' sent to object: 'Object Repository/Objects.HighlightElements/input_field_index'

2020-06-07 22:09:31 - [TEST_STEP][PASSED] - sendKeys(NewInputNmField, Keys.chord(ARROW_DOWN)): Keys 'DOWN + ' sent to object: 'Object Repository/Objects.HighlightElements/input_field_index'

2020-06-07 22:09:32 - [MESSAGE][PASSED] - Keys 'DOWN + ' sent to object: 'Object Repository/Objects.HighlightElements/input_field_index'

2020-06-07 22:09:32 - [TEST_STEP][PASSED] - delay(DelayTime): Delayed 2 second(s)

2020-06-07 22:09:34 - [MESSAGE][PASSED] - Delayed 2 second(s)

2020-06-07 22:09:34 - [TEST_STEP][PASSED] - sendKeys(NewInputNmField, Keys.chord(ENTER)): Keys 'ENTER + ' sent to object: 'Object Repository/Objects.HighlightElements/input_field_index'

2020-06-07 22:09:34 - [MESSAGE][PASSED] - Keys 'ENTER + ' sent to object: 'Object Repository/Objects.HighlightElements/input_field_index'

2020-06-07 22:09:34 - [TEST_STEP][PASSED] - ComboBoxValue = getAttribute(NewInputNmField, "value"): Attribute 'value' of object 'Object Repository/Objects.HighlightElements/input_field_index' is: 'Corres-General Correspondence (CORRES-SD-GC)'

2020-06-07 22:09:35 - [MESSAGE][PASSED] - Attribute 'value' of object 'Object Repository/Objects.HighlightElements/input_field_index' is: 'Corres-General Correspondence (CORRES-SD-GC)'

2020-06-07 22:09:35 - [TEST_STEP][PASSED] - callTestCase(findTestCase(CallTCName), ["FindValue":ComboBoxValue, "DropdownNm":comboNm], STOP_ON_FAILURE): Call Test Case 'Test Cases/PFI Precision and Scale/HashMap Tables/ConstantHashMap' successfully

2020-06-07 22:09:35 - [TEST_CASE][PASSED] - Test Cases/PFI Precision and Scale/HashMap Tables/ConstantHashMap: Test Cases/PFI Precision and Scale/HashMap Tables/ConstantHashMap

2020-06-07 22:09:35 - [TEST_STEP][PASSED] - ConstantTBL = [1:["PeriodType":"Working Day(s)"], 2:["PeriodType":"Calendar Day(s)"], 3:["PeriodType":"Month(s)"], 4:["TypeOfLetter":"T1"], ... ]: null

2020-06-07 22:09:35 - [TEST_STEP][PASSED] - switch (DropdownNm): null

2020-06-07 22:09:35 - [TEST_STEP][PASSED] - case "SD":: null

2020-06-07 22:09:35 - [TEST_STEP][PASSED] - ValueFound = ConstantTBL.find({ -> ... }): null

2020-06-07 22:09:35 - [TEST_STEP][PASSED] - break: null

2020-06-07 22:09:35 - [MESSAGE][PASSED] - Call Test Case 'Test Cases/PFI Precision and Scale/HashMap Tables/ConstantHashMap' successfully

2020-06-07 22:09:35 - [TEST_STEP][PASSED] - println(ValueFound): null

2020-06-07 22:09:35 - [TEST_STEP][PASSED] - sendKeys(NewInputNmField, Keys.chord(ARROW_DOWN)): Keys 'DOWN + ' sent to object: 'Object Repository/Objects.HighlightElements/input_field_index'

2020-06-07 22:09:35 - [MESSAGE][PASSED] - Keys 'DOWN + ' sent to object: 'Object Repository/Objects.HighlightElements/input_field_index'

2020-06-07 22:09:35 - [TEST_STEP][PASSED] - sendKeys(NewInputNmField, Keys.chord(ARROW_DOWN)): Keys 'DOWN + ' sent to object: 'Object Repository/Objects.HighlightElements/input_field_index'

2020-06-07 22:09:36 - [MESSAGE][PASSED] - Keys 'DOWN + ' sent to object: 'Object Repository/Objects.HighlightElements/input_field_index'

2020-06-07 22:09:36 - [TEST_STEP][PASSED] - delay(DelayTime): Delayed 2 second(s)

2020-06-07 22:09:38 - [MESSAGE][PASSED] - Delayed 2 second(s)

2020-06-07 22:09:38 - [TEST_STEP][PASSED] - sendKeys(NewInputNmField, Keys.chord(ENTER)): Keys 'ENTER + ' sent to object: 'Object Repository/Objects.HighlightElements/input_field_index'

2020-06-07 22:09:38 - [MESSAGE][PASSED] - Keys 'ENTER + ' sent to object: 'Object Repository/Objects.HighlightElements/input_field_index'

2020-06-07 22:09:38 - [TEST_STEP][PASSED] - ComboBoxValue = getAttribute(NewInputNmField, "value"): Attribute 'value' of object 'Object Repository/Objects.HighlightElements/input_field_index' is: 'Corres-Request for Submission Withdrawal (CORRES-SD-SUBWTH)'

2020-06-07 22:09:39 - [MESSAGE][PASSED] - Attribute 'value' of object 'Object Repository/Objects.HighlightElements/input_field_index' is: 'Corres-Request for Submission Withdrawal (CORRES-SD-SUBWTH)'

2020-06-07 22:09:39 - [TEST_STEP][PASSED] - callTestCase(findTestCase(CallTCName), ["FindValue":ComboBoxValue, "DropdownNm":comboNm], STOP_ON_FAILURE): Call Test Case 'Test Cases/PFI Precision and Scale/HashMap Tables/ConstantHashMap' successfully

2020-06-07 22:09:39 - [TEST_CASE][PASSED] - Test Cases/PFI Precision and Scale/HashMap Tables/ConstantHashMap: Test Cases/PFI Precision and Scale/HashMap Tables/ConstantHashMap

2020-06-07 22:09:39 - [TEST_STEP][PASSED] - ConstantTBL = [1:["PeriodType":"Working Day(s)"], 2:["PeriodType":"Calendar Day(s)"], 3:["PeriodType":"Month(s)"], 4:["TypeOfLetter":"T1"], ... ]: null

2020-06-07 22:09:39 - [TEST_STEP][PASSED] - switch (DropdownNm): null

2020-06-07 22:09:39 - [TEST_STEP][PASSED] - case "SD":: null

2020-06-07 22:09:39 - [TEST_STEP][PASSED] - ValueFound = ConstantTBL.find({ -> ... }): null

2020-06-07 22:09:39 - [TEST_STEP][PASSED] - break: null

2020-06-07 22:09:39 - [MESSAGE][PASSED] - Call Test Case 'Test Cases/PFI Precision and Scale/HashMap Tables/ConstantHashMap' successfully

2020-06-07 22:09:39 - [TEST_STEP][PASSED] - println(ValueFound): null

2020-06-07 22:09:39 - [TEST_STEP][PASSED] - sendKeys(NewInputNmField, Keys.chord(ARROW_DOWN)): Keys 'DOWN + ' sent to object: 'Object Repository/Objects.HighlightElements/input_field_index'

2020-06-07 22:09:39 - [MESSAGE][PASSED] - Keys 'DOWN + ' sent to object: 'Object Repository/Objects.HighlightElements/input_field_index'

2020-06-07 22:09:39 - [TEST_STEP][PASSED] - sendKeys(NewInputNmField, Keys.chord(ARROW_DOWN)): Keys 'DOWN + ' sent to object: 'Object Repository/Objects.HighlightElements/input_field_index'

2020-06-07 22:09:40 - [MESSAGE][PASSED] - Keys 'DOWN + ' sent to object: 'Object Repository/Objects.HighlightElements/input_field_index'

2020-06-07 22:09:40 - [TEST_STEP][PASSED] - delay(DelayTime): Delayed 2 second(s)

2020-06-07 22:09:42 - [MESSAGE][PASSED] - Delayed 2 second(s)

2020-06-07 22:09:42 - [TEST_STEP][PASSED] - sendKeys(NewInputNmField, Keys.chord(ENTER)): Keys 'ENTER + ' sent to object: 'Object Repository/Objects.HighlightElements/input_field_index'

2020-06-07 22:09:42 - [MESSAGE][PASSED] - Keys 'ENTER + ' sent to object: 'Object Repository/Objects.HighlightElements/input_field_index'

2020-06-07 22:09:42 - [TEST_STEP][PASSED] - ComboBoxValue = getAttribute(NewInputNmField, "value"): Attribute 'value' of object 'Object Repository/Objects.HighlightElements/input_field_index' is: 'Dangerous Building Processing (SD)'

2020-06-07 22:09:43 - [MESSAGE][PASSED] - Attribute 'value' of object 'Object Repository/Objects.HighlightElements/input_field_index' is: 'Dangerous Building Processing (SD)'

2020-06-07 22:09:43 - [TEST_STEP][PASSED] - callTestCase(findTestCase(CallTCName), ["FindValue":ComboBoxValue, "DropdownNm":comboNm], STOP_ON_FAILURE): Call Test Case 'Test Cases/PFI Precision and Scale/HashMap Tables/ConstantHashMap' successfully

2020-06-07 22:09:43 - [TEST_CASE][PASSED] - Test Cases/PFI Precision and Scale/HashMap Tables/ConstantHashMap: Test Cases/PFI Precision and Scale/HashMap Tables/ConstantHashMap

2020-06-07 22:09:43 - [TEST_STEP][PASSED] - ConstantTBL = [1:["PeriodType":"Working Day(s)"], 2:["PeriodType":"Calendar Day(s)"], 3:["PeriodType":"Month(s)"], 4:["TypeOfLetter":"T1"], ... ]: null

2020-06-07 22:09:43 - [TEST_STEP][PASSED] - switch (DropdownNm): null

2020-06-07 22:09:43 - [TEST_STEP][PASSED] - case "SD":: null

2020-06-07 22:09:43 - [TEST_STEP][PASSED] - ValueFound = ConstantTBL.find({ -> ... }): null

2020-06-07 22:09:43 - [TEST_STEP][PASSED] - break: null

2020-06-07 22:09:43 - [MESSAGE][PASSED] - Call Test Case 'Test Cases/PFI Precision and Scale/HashMap Tables/ConstantHashMap' successfully

2020-06-07 22:09:43 - [TEST_STEP][PASSED] - println(ValueFound): null

2020-06-07 22:09:43 - [TEST_STEP][PASSED] - sendKeys(NewInputNmField, Keys.chord(ARROW_DOWN)): Keys 'DOWN + ' sent to object: 'Object Repository/Objects.HighlightElements/input_field_index'

2020-06-07 22:09:44 - [MESSAGE][PASSED] - Keys 'DOWN + ' sent to object: 'Object Repository/Objects.HighlightElements/input_field_index'

2020-06-07 22:09:44 - [TEST_STEP][PASSED] - sendKeys(NewInputNmField, Keys.chord(ARROW_DOWN)): Keys 'DOWN + ' sent to object: 'Object Repository/Objects.HighlightElements/input_field_index'

2020-06-07 22:09:44 - [MESSAGE][PASSED] - Keys 'DOWN + ' sent to object: 'Object Repository/Objects.HighlightElements/input_field_index'

2020-06-07 22:09:44 - [TEST_STEP][PASSED] - delay(DelayTime): Delayed 2 second(s)

2020-06-07 22:09:46 - [MESSAGE][PASSED] - Delayed 2 second(s)

2020-06-07 22:09:46 - [TEST_STEP][PASSED] - sendKeys(NewInputNmField, Keys.chord(ENTER)): Keys 'ENTER + ' sent to object: 'Object Repository/Objects.HighlightElements/input_field_index'

2020-06-07 22:09:46 - [MESSAGE][PASSED] - Keys 'ENTER + ' sent to object: 'Object Repository/Objects.HighlightElements/input_field_index'

2020-06-07 22:09:46 - [TEST_STEP][PASSED] - ComboBoxValue = getAttribute(NewInputNmField, "value"): Attribute 'value' of object 'Object Repository/Objects.HighlightElements/input_field_index' is: 'Dangerous Building - Monitoring (SD_SDM)'

2020-06-07 22:09:47 - [MESSAGE][PASSED] - Attribute 'value' of object 'Object Repository/Objects.HighlightElements/input_field_index' is: 'Dangerous Building - Monitoring (SD_SDM)'

2020-06-07 22:09:47 - [TEST_STEP][PASSED] - callTestCase(findTestCase(CallTCName), ["FindValue":ComboBoxValue, "DropdownNm":comboNm], STOP_ON_FAILURE): Call Test Case 'Test Cases/PFI Precision and Scale/HashMap Tables/ConstantHashMap' successfully

2020-06-07 22:09:47 - [TEST_CASE][PASSED] - Test Cases/PFI Precision and Scale/HashMap Tables/ConstantHashMap: Test Cases/PFI Precision and Scale/HashMap Tables/ConstantHashMap

2020-06-07 22:09:47 - [TEST_STEP][PASSED] - ConstantTBL = [1:["PeriodType":"Working Day(s)"], 2:["PeriodType":"Calendar Day(s)"], 3:["PeriodType":"Month(s)"], 4:["TypeOfLetter":"T1"], ... ]: null

2020-06-07 22:09:47 - [TEST_STEP][PASSED] - switch (DropdownNm): null

2020-06-07 22:09:47 - [TEST_STEP][PASSED] - case "SD":: null

2020-06-07 22:09:47 - [TEST_STEP][PASSED] - ValueFound = ConstantTBL.find({ -> ... }): null

2020-06-07 22:09:47 - [TEST_STEP][PASSED] - break: null

2020-06-07 22:09:47 - [MESSAGE][PASSED] - Call Test Case 'Test Cases/PFI Precision and Scale/HashMap Tables/ConstantHashMap' successfully

2020-06-07 22:09:47 - [TEST_STEP][PASSED] - println(ValueFound): null

2020-06-07 22:09:47 - [TEST_STEP][PASSED] - sendKeys(NewInputNmField, Keys.chord(ARROW_DOWN)): Keys 'DOWN + ' sent to object: 'Object Repository/Objects.HighlightElements/input_field_index'

2020-06-07 22:09:48 - [MESSAGE][PASSED] - Keys 'DOWN + ' sent to object: 'Object Repository/Objects.HighlightElements/input_field_index'

2020-06-07 22:09:48 - [TEST_STEP][PASSED] - sendKeys(NewInputNmField, Keys.chord(ARROW_DOWN)): Keys 'DOWN + ' sent to object: 'Object Repository/Objects.HighlightElements/input_field_index'

2020-06-07 22:09:48 - [MESSAGE][PASSED] - Keys 'DOWN + ' sent to object: 'Object Repository/Objects.HighlightElements/input_field_index'

2020-06-07 22:09:48 - [TEST_STEP][PASSED] - delay(DelayTime): Delayed 2 second(s)

2020-06-07 22:09:50 - [MESSAGE][PASSED] - Delayed 2 second(s)

2020-06-07 22:09:50 - [TEST_STEP][PASSED] - sendKeys(NewInputNmField, Keys.chord(ENTER)): Keys 'ENTER + ' sent to object: 'Object Repository/Objects.HighlightElements/input_field_index'

2020-06-07 22:09:50 - [MESSAGE][PASSED] - Keys 'ENTER + ' sent to object: 'Object Repository/Objects.HighlightElements/input_field_index'

2020-06-07 22:09:50 - [TEST_STEP][PASSED] - ComboBoxValue = getAttribute(NewInputNmField, "value"): Attribute 'value' of object 'Object Repository/Objects.HighlightElements/input_field_index' is: 'Process SD Submission (SD1)'

2020-06-07 22:09:51 - [MESSAGE][PASSED] - Attribute 'value' of object 'Object Repository/Objects.HighlightElements/input_field_index' is: 'Process SD Submission (SD1)'

2020-06-07 22:09:51 - [TEST_STEP][PASSED] - callTestCase(findTestCase(CallTCName), ["FindValue":ComboBoxValue, "DropdownNm":comboNm], STOP_ON_FAILURE): Call Test Case 'Test Cases/PFI Precision and Scale/HashMap Tables/ConstantHashMap' successfully

2020-06-07 22:09:51 - [TEST_CASE][PASSED] - Test Cases/PFI Precision and Scale/HashMap Tables/ConstantHashMap: Test Cases/PFI Precision and Scale/HashMap Tables/ConstantHashMap

2020-06-07 22:09:51 - [TEST_STEP][PASSED] - ConstantTBL = [1:["PeriodType":"Working Day(s)"], 2:["PeriodType":"Calendar Day(s)"], 3:["PeriodType":"Month(s)"], 4:["TypeOfLetter":"T1"], ... ]: null

2020-06-07 22:09:51 - [TEST_STEP][PASSED] - switch (DropdownNm): null

2020-06-07 22:09:51 - [TEST_STEP][PASSED] - case "SD":: null

2020-06-07 22:09:51 - [TEST_STEP][PASSED] - ValueFound = ConstantTBL.find({ -> ... }): null

2020-06-07 22:09:51 - [TEST_STEP][PASSED] - break: null

2020-06-07 22:09:51 - [MESSAGE][PASSED] - Call Test Case 'Test Cases/PFI Precision and Scale/HashMap Tables/ConstantHashMap' successfully

2020-06-07 22:09:51 - [TEST_STEP][PASSED] - println(ValueFound): null

2020-06-07 22:09:51 - [TEST_STEP][PASSED] - sendKeys(NewInputNmField, Keys.chord(ARROW_DOWN)): Keys 'DOWN + ' sent to object: 'Object Repository/Objects.HighlightElements/input_field_index'

2020-06-07 22:09:52 - [MESSAGE][PASSED] - Keys 'DOWN + ' sent to object: 'Object Repository/Objects.HighlightElements/input_field_index'

2020-06-07 22:09:52 - [TEST_STEP][PASSED] - sendKeys(NewInputNmField, Keys.chord(ARROW_DOWN)): Keys 'DOWN + ' sent to object: 'Object Repository/Objects.HighlightElements/input_field_index'

2020-06-07 22:09:52 - [MESSAGE][PASSED] - Keys 'DOWN + ' sent to object: 'Object Repository/Objects.HighlightElements/input_field_index'

2020-06-07 22:09:52 - [TEST_STEP][PASSED] - delay(DelayTime): Delayed 2 second(s)

2020-06-07 22:09:54 - [MESSAGE][PASSED] - Delayed 2 second(s)

2020-06-07 22:09:54 - [TEST_STEP][PASSED] - sendKeys(NewInputNmField, Keys.chord(ENTER)): Keys 'ENTER + ' sent to object: 'Object Repository/Objects.HighlightElements/input_field_index'

2020-06-07 22:09:54 - [MESSAGE][PASSED] - Keys 'ENTER + ' sent to object: 'Object Repository/Objects.HighlightElements/input_field_index'

2020-06-07 22:09:54 - [TEST_STEP][PASSED] - ComboBoxValue = getAttribute(NewInputNmField, "value"): Attribute 'value' of object 'Object Repository/Objects.HighlightElements/input_field_index' is: 'Dangerous Building Ad Hoc Processing (SDAH)'

2020-06-07 22:09:55 - [MESSAGE][PASSED] - Attribute 'value' of object 'Object Repository/Objects.HighlightElements/input_field_index' is: 'Dangerous Building Ad Hoc Processing (SDAH)'

2020-06-07 22:09:55 - [TEST_STEP][PASSED] - callTestCase(findTestCase(CallTCName), ["FindValue":ComboBoxValue, "DropdownNm":comboNm], STOP_ON_FAILURE): Call Test Case 'Test Cases/PFI Precision and Scale/HashMap Tables/ConstantHashMap' successfully

2020-06-07 22:09:55 - [TEST_CASE][PASSED] - Test Cases/PFI Precision and Scale/HashMap Tables/ConstantHashMap: Test Cases/PFI Precision and Scale/HashMap Tables/ConstantHashMap

2020-06-07 22:09:55 - [TEST_STEP][PASSED] - ConstantTBL = [1:["PeriodType":"Working Day(s)"], 2:["PeriodType":"Calendar Day(s)"], 3:["PeriodType":"Month(s)"], 4:["TypeOfLetter":"T1"], ... ]: null

2020-06-07 22:09:55 - [TEST_STEP][PASSED] - switch (DropdownNm): null

2020-06-07 22:09:55 - [TEST_STEP][PASSED] - case "SD":: null

2020-06-07 22:09:55 - [TEST_STEP][PASSED] - ValueFound = ConstantTBL.find({ -> ... }): null

2020-06-07 22:09:55 - [TEST_STEP][PASSED] - break: null

2020-06-07 22:09:55 - [MESSAGE][PASSED] - Call Test Case 'Test Cases/PFI Precision and Scale/HashMap Tables/ConstantHashMap' successfully

2020-06-07 22:09:55 - [TEST_STEP][PASSED] - println(ValueFound): null

2020-06-07 22:09:55 - [TEST_STEP][PASSED] - sendKeys(NewInputNmField, Keys.chord(ARROW_DOWN)): Keys 'DOWN + ' sent to object: 'Object Repository/Objects.HighlightElements/input_field_index'

2020-06-07 22:09:55 - [MESSAGE][PASSED] - Keys 'DOWN + ' sent to object: 'Object Repository/Objects.HighlightElements/input_field_index'

2020-06-07 22:09:55 - [TEST_STEP][PASSED] - sendKeys(NewInputNmField, Keys.chord(ARROW_DOWN)): Keys 'DOWN + ' sent to object: 'Object Repository/Objects.HighlightElements/input_field_index'

2020-06-07 22:09:56 - [MESSAGE][PASSED] - Keys 'DOWN + ' sent to object: 'Object Repository/Objects.HighlightElements/input_field_index'

2020-06-07 22:09:56 - [TEST_STEP][PASSED] - delay(DelayTime): Delayed 2 second(s)

2020-06-07 22:09:58 - [MESSAGE][PASSED] - Delayed 2 second(s)

2020-06-07 22:09:58 - [TEST_STEP][PASSED] - sendKeys(NewInputNmField, Keys.chord(ENTER)): Keys 'ENTER + ' sent to object: 'Object Repository/Objects.HighlightElements/input_field_index'

2020-06-07 22:09:58 - [MESSAGE][PASSED] - Keys 'ENTER + ' sent to object: 'Object Repository/Objects.HighlightElements/input_field_index'

2020-06-07 22:09:58 - [TEST_STEP][PASSED] - ComboBoxValue = getAttribute(NewInputNmField, "value"): Attribute 'value' of object 'Object Repository/Objects.HighlightElements/input_field_index' is: 'ST-SD Processing (ST_SD)'

2020-06-07 22:09:59 - [MESSAGE][PASSED] - Attribute 'value' of object 'Object Repository/Objects.HighlightElements/input_field_index' is: 'ST-SD Processing (ST_SD)'

2020-06-07 22:09:59 - [TEST_STEP][PASSED] - callTestCase(findTestCase(CallTCName), ["FindValue":ComboBoxValue, "DropdownNm":comboNm], STOP_ON_FAILURE): Call Test Case 'Test Cases/PFI Precision and Scale/HashMap Tables/ConstantHashMap' successfully

2020-06-07 22:09:59 - [TEST_CASE][PASSED] - Test Cases/PFI Precision and Scale/HashMap Tables/ConstantHashMap: Test Cases/PFI Precision and Scale/HashMap Tables/ConstantHashMap

2020-06-07 22:09:59 - [TEST_STEP][PASSED] - ConstantTBL = [1:["PeriodType":"Working Day(s)"], 2:["PeriodType":"Calendar Day(s)"], 3:["PeriodType":"Month(s)"], 4:["TypeOfLetter":"T1"], ... ]: null

2020-06-07 22:09:59 - [TEST_STEP][PASSED] - switch (DropdownNm): null

2020-06-07 22:09:59 - [TEST_STEP][PASSED] - case "SD":: null

2020-06-07 22:09:59 - [TEST_STEP][PASSED] - ValueFound = ConstantTBL.find({ -> ... }): null

2020-06-07 22:09:59 - [TEST_STEP][PASSED] - break: null

2020-06-07 22:09:59 - [MESSAGE][PASSED] - Call Test Case 'Test Cases/PFI Precision and Scale/HashMap Tables/ConstantHashMap' successfully

2020-06-07 22:09:59 - [TEST_STEP][PASSED] - println(ValueFound): null

2020-06-07 22:09:59 - [TEST_STEP][PASSED] - sendKeys(NewInputNmField, Keys.chord(ARROW_DOWN)): Keys 'DOWN + ' sent to object: 'Object Repository/Objects.HighlightElements/input_field_index'

2020-06-07 22:09:59 - [MESSAGE][PASSED] - Keys 'DOWN + ' sent to object: 'Object Repository/Objects.HighlightElements/input_field_index'

2020-06-07 22:09:59 - [TEST_STEP][PASSED] - sendKeys(NewInputNmField, Keys.chord(ENTER)): Keys 'ENTER + ' sent to object: 'Object Repository/Objects.HighlightElements/input_field_index'

2020-06-07 22:10:00 - [MESSAGE][PASSED] - Keys 'ENTER + ' sent to object: 'Object Repository/Objects.HighlightElements/input_field_index'

2020-06-07 22:10:00 - [MESSAGE][PASSED] - Call Test Case 'Test Cases/PFI Precision and Scale/PFI Components with Indexing/VerifyDropdownValuesXPI' successfully

2020-06-07 22:10:00 - [TEST_STEP][PASSED] - callTestCase(findTestCase("Components/SelectAllThenDeleteIndex"), ["nameToBeUsed":"inspModule", "index":"1"], STOP_ON_FAILURE): Call Test Case 'Test Cases/Components/SelectAllThenDeleteIndex' successfully

2020-06-07 22:10:00 - [TEST_CASE][PASSED] - Test Cases/Components/SelectAllThenDeleteIndex: Test Cases/Components/SelectAllThenDeleteIndex

2020-06-07 22:10:00 - [TEST_STEP][PASSED] - Thread.sleep(1000): null

2020-06-07 22:10:01 - [TEST_STEP][PASSED] - modifiedObj = modifyObjectProperty(findTestObject("Object Repository/Objects.HighlightElements/input_field_index"), "xpath", "equals", "(//*[contains(@class,'x-form-text') and (@name='" + nameToBeUsed + "')])[" + index + "]", true): Modify property of object successfully

2020-06-07 22:10:01 - [MESSAGE][PASSED] - Modify property of object successfully

2020-06-07 22:10:01 - [TEST_STEP][PASSED] - focus(modifiedObj): Object: 'Object Repository/Objects.HighlightElements/input_field_index' is focused

2020-06-07 22:10:02 - [MESSAGE][PASSED] - Object: 'Object Repository/Objects.HighlightElements/input_field_index' is focused

2020-06-07 22:10:02 - [TEST_STEP][PASSED] - sendKeys(modifiedObj, Keys.chord(CONTROL, "a")): Keys 'CONTROL + a' sent to object: 'Object Repository/Objects.HighlightElements/input_field_index'

2020-06-07 22:10:02 - [MESSAGE][PASSED] - Keys 'CONTROL + a' sent to object: 'Object Repository/Objects.HighlightElements/input_field_index'

2020-06-07 22:10:02 - [TEST_STEP][PASSED] - sendKeys(modifiedObj, Keys.chord(DELETE)): Keys 'DELETE + ' sent to object: 'Object Repository/Objects.HighlightElements/input_field_index'

2020-06-07 22:10:03 - [MESSAGE][PASSED] - Keys 'DELETE + ' sent to object: 'Object Repository/Objects.HighlightElements/input_field_index'

2020-06-07 22:10:03 - [MESSAGE][PASSED] - Call Test Case 'Test Cases/Components/SelectAllThenDeleteIndex' successfully

2020-06-07 22:10:03 - [TEST_STEP][PASSED] - callTestCase(findTestCase("PFI Precision and Scale/PFI Components with Indexing/VerifyDropdownValuesXPI"), ["FldNm":"inspModule", "index":1, "CallTCName":"PFI Precision and Scale/HashMap Tables/ConstantHashMap", "cmbNm":"ModuleNm", ... ], STOP_ON_FAILURE): Call Test Case 'Test Cases/PFI Precision and Scale/PFI Components with Indexing/VerifyDropdownValuesXPI' successfully

2020-06-07 22:10:03 - [TEST_CASE][PASSED] - Test Cases/PFI Precision and Scale/PFI Components with Indexing/VerifyDropdownValuesXPI: Test Cases/PFI Precision and Scale/PFI Components with Indexing/VerifyDropdownValuesXPI

2020-06-07 22:10:03 - [TEST_STEP][PASSED] - Thread.sleep(1000): null

2020-06-07 22:10:04 - [TEST_STEP][PASSED] - NewInputNmField = modifyObjectProperty(findTestObject("Object Repository/Objects.HighlightElements/input_field_index"), "xpath", "equals", "(//*[contains(@name, '" + FldNm + "')])[" + index + "]", true): Modify property of object successfully

2020-06-07 22:10:04 - [MESSAGE][PASSED] - Modify property of object successfully

2020-06-07 22:10:04 - [TEST_STEP][PASSED] - comboNm = cmbNm: null

2020-06-07 22:10:04 - [TEST_STEP][PASSED] - focus(NewInputNmField): Object: 'Object Repository/Objects.HighlightElements/input_field_index' is focused

2020-06-07 22:10:05 - [MESSAGE][PASSED] - Object: 'Object Repository/Objects.HighlightElements/input_field_index' is focused

2020-06-07 22:10:05 - [TEST_STEP][PASSED] - setText(NewInputNmField, EnterValue): Text 'FM' is set on object 'Object Repository/Objects.HighlightElements/input_field_index'

2020-06-07 22:10:05 - [MESSAGE][PASSED] - Text 'FM' is set on object 'Object Repository/Objects.HighlightElements/input_field_index'

2020-06-07 22:10:05 - [TEST_STEP][PASSED] - for ([i = 1, i <= NoOfVal, (i++)]): Keys 'DOWN + ' sent to object: 'Object Repository/Objects.HighlightElements/input_field_index'

2020-06-07 22:10:05 - [TEST_STEP][PASSED] - sendKeys(NewInputNmField, Keys.chord(ARROW_DOWN)): Keys 'DOWN + ' sent to object: 'Object Repository/Objects.HighlightElements/input_field_index'

2020-06-07 22:10:06 - [MESSAGE][PASSED] - Keys 'DOWN + ' sent to object: 'Object Repository/Objects.HighlightElements/input_field_index'

2020-06-07 22:10:06 - [TEST_STEP][PASSED] - delay(DelayTime): Delayed 0 second(s)

2020-06-07 22:10:06 - [MESSAGE][PASSED] - Delayed 0 second(s)

2020-06-07 22:10:06 - [TEST_STEP][PASSED] - sendKeys(NewInputNmField, Keys.chord(ENTER)): Keys 'ENTER + ' sent to object: 'Object Repository/Objects.HighlightElements/input_field_index'

2020-06-07 22:10:06 - [MESSAGE][PASSED] - Keys 'ENTER + ' sent to object: 'Object Repository/Objects.HighlightElements/input_field_index'

2020-06-07 22:10:06 - [TEST_STEP][PASSED] - ComboBoxValue = getAttribute(NewInputNmField, "value"): Attribute 'value' of object 'Object Repository/Objects.HighlightElements/input_field_index' is: 'FM'

2020-06-07 22:10:07 - [MESSAGE][PASSED] - Attribute 'value' of object 'Object Repository/Objects.HighlightElements/input_field_index' is: 'FM'

2020-06-07 22:10:07 - [TEST_STEP][PASSED] - callTestCase(findTestCase(CallTCName), ["FindValue":ComboBoxValue, "DropdownNm":comboNm], STOP_ON_FAILURE): Call Test Case 'Test Cases/PFI Precision and Scale/HashMap Tables/ConstantHashMap' successfully

2020-06-07 22:10:07 - [TEST_CASE][PASSED] - Test Cases/PFI Precision and Scale/HashMap Tables/ConstantHashMap: Test Cases/PFI Precision and Scale/HashMap Tables/ConstantHashMap

2020-06-07 22:10:07 - [TEST_STEP][PASSED] - ConstantTBL = [1:["PeriodType":"Working Day(s)"], 2:["PeriodType":"Calendar Day(s)"], 3:["PeriodType":"Month(s)"], 4:["TypeOfLetter":"T1"], ... ]: null

2020-06-07 22:10:07 - [TEST_STEP][PASSED] - switch (DropdownNm): null

2020-06-07 22:10:07 - [TEST_STEP][PASSED] - case "ModuleNm":: null

2020-06-07 22:10:07 - [TEST_STEP][PASSED] - ValueFound = ConstantTBL.find({ -> ... }): null

2020-06-07 22:10:07 - [TEST_STEP][PASSED] - break: null

2020-06-07 22:10:07 - [MESSAGE][PASSED] - Call Test Case 'Test Cases/PFI Precision and Scale/HashMap Tables/ConstantHashMap' successfully

2020-06-07 22:10:07 - [TEST_STEP][PASSED] - println(ValueFound): null

2020-06-07 22:10:07 - [TEST_STEP][PASSED] - sendKeys(NewInputNmField, Keys.chord(ARROW_DOWN)): Keys 'DOWN + ' sent to object: 'Object Repository/Objects.HighlightElements/input_field_index'

2020-06-07 22:10:07 - [MESSAGE][PASSED] - Keys 'DOWN + ' sent to object: 'Object Repository/Objects.HighlightElements/input_field_index'

2020-06-07 22:10:07 - [TEST_STEP][PASSED] - sendKeys(NewInputNmField, Keys.chord(ENTER)): Keys 'ENTER + ' sent to object: 'Object Repository/Objects.HighlightElements/input_field_index'

2020-06-07 22:10:08 - [MESSAGE][PASSED] - Keys 'ENTER + ' sent to object: 'Object Repository/Objects.HighlightElements/input_field_index'

2020-06-07 22:10:08 - [MESSAGE][PASSED] - Call Test Case 'Test Cases/PFI Precision and Scale/PFI Components with Indexing/VerifyDropdownValuesXPI' successfully

2020-06-07 22:10:08 - [TEST_STEP][PASSED] - callTestCase(findTestCase("PFI Precision and Scale/PFI Components with Indexing/VerifyDropdownValuesXPI"), ["FldNm":"inspCaseType", "index":1, "CallTCName":"PFI Precision and Scale/HashMap Tables/ConstantHashMap", "cmbNm":"FM", "NoOfVal":1, ... ], STOP_ON_FAILURE): Call Test Case 'Test Cases/PFI Precision and Scale/PFI Components with Indexing/VerifyDropdownValuesXPI' successfully

2020-06-07 22:10:08 - [TEST_CASE][PASSED] - Test Cases/PFI Precision and Scale/PFI Components with Indexing/VerifyDropdownValuesXPI: Test Cases/PFI Precision and Scale/PFI Components with Indexing/VerifyDropdownValuesXPI

2020-06-07 22:10:08 - [TEST_STEP][PASSED] - Thread.sleep(1000): null

2020-06-07 22:10:09 - [TEST_STEP][PASSED] - NewInputNmField = modifyObjectProperty(findTestObject("Object Repository/Objects.HighlightElements/input_field_index"), "xpath", "equals", "(//*[contains(@name, '" + FldNm + "')])[" + index + "]", true): Modify property of object successfully

2020-06-07 22:10:09 - [MESSAGE][PASSED] - Modify property of object successfully

2020-06-07 22:10:09 - [TEST_STEP][PASSED] - comboNm = cmbNm: null

2020-06-07 22:10:09 - [TEST_STEP][PASSED] - focus(NewInputNmField): Object: 'Object Repository/Objects.HighlightElements/input_field_index' is focused

2020-06-07 22:10:10 - [MESSAGE][PASSED] - Object: 'Object Repository/Objects.HighlightElements/input_field_index' is focused

2020-06-07 22:10:10 - [TEST_STEP][PASSED] - setText(NewInputNmField, EnterValue): Text '' is set on object 'Object Repository/Objects.HighlightElements/input_field_index'

2020-06-07 22:10:10 - [MESSAGE][PASSED] - Text '' is set on object 'Object Repository/Objects.HighlightElements/input_field_index'

2020-06-07 22:10:10 - [TEST_STEP][PASSED] - for ([i = 1, i <= NoOfVal, (i++)]): Keys 'DOWN + ' sent to object: 'Object Repository/Objects.HighlightElements/input_field_index'

2020-06-07 22:10:10 - [TEST_STEP][PASSED] - sendKeys(NewInputNmField, Keys.chord(ARROW_DOWN)): Keys 'DOWN + ' sent to object: 'Object Repository/Objects.HighlightElements/input_field_index'

2020-06-07 22:10:10 - [MESSAGE][PASSED] - Keys 'DOWN + ' sent to object: 'Object Repository/Objects.HighlightElements/input_field_index'

2020-06-07 22:10:10 - [TEST_STEP][PASSED] - delay(DelayTime): Delayed 2 second(s)

2020-06-07 22:10:12 - [MESSAGE][PASSED] - Delayed 2 second(s)

2020-06-07 22:10:12 - [TEST_STEP][PASSED] - sendKeys(NewInputNmField, Keys.chord(ENTER)): Keys 'ENTER + ' sent to object: 'Object Repository/Objects.HighlightElements/input_field_index'

2020-06-07 22:10:13 - [MESSAGE][PASSED] - Keys 'ENTER + ' sent to object: 'Object Repository/Objects.HighlightElements/input_field_index'

2020-06-07 22:10:13 - [TEST_STEP][PASSED] - ComboBoxValue = getAttribute(NewInputNmField, "value"): Attribute 'value' of object 'Object Repository/Objects.HighlightElements/input_field_index' is: 'Feedback Processing (FM)'

2020-06-07 22:10:13 - [MESSAGE][PASSED] - Attribute 'value' of object 'Object Repository/Objects.HighlightElements/input_field_index' is: 'Feedback Processing (FM)'

2020-06-07 22:10:13 - [TEST_STEP][PASSED] - callTestCase(findTestCase(CallTCName), ["FindValue":ComboBoxValue, "DropdownNm":comboNm], STOP_ON_FAILURE): Call Test Case 'Test Cases/PFI Precision and Scale/HashMap Tables/ConstantHashMap' successfully

2020-06-07 22:10:13 - [TEST_CASE][PASSED] - Test Cases/PFI Precision and Scale/HashMap Tables/ConstantHashMap: Test Cases/PFI Precision and Scale/HashMap Tables/ConstantHashMap

2020-06-07 22:10:13 - [TEST_STEP][PASSED] - ConstantTBL = [1:["PeriodType":"Working Day(s)"], 2:["PeriodType":"Calendar Day(s)"], 3:["PeriodType":"Month(s)"], 4:["TypeOfLetter":"T1"], ... ]: null

2020-06-07 22:10:13 - [TEST_STEP][PASSED] - switch (DropdownNm): null

2020-06-07 22:10:13 - [TEST_STEP][PASSED] - case "FM":: null

2020-06-07 22:10:13 - [TEST_STEP][PASSED] - ValueFound = ConstantTBL.find({ -> ... }): null

2020-06-07 22:10:13 - [TEST_STEP][PASSED] - break: null

2020-06-07 22:10:13 - [MESSAGE][PASSED] - Call Test Case 'Test Cases/PFI Precision and Scale/HashMap Tables/ConstantHashMap' successfully

2020-06-07 22:10:13 - [TEST_STEP][PASSED] - println(ValueFound): null

2020-06-07 22:10:13 - [TEST_STEP][PASSED] - sendKeys(NewInputNmField, Keys.chord(ARROW_DOWN)): Keys 'DOWN + ' sent to object: 'Object Repository/Objects.HighlightElements/input_field_index'

2020-06-07 22:10:14 - [MESSAGE][PASSED] - Keys 'DOWN + ' sent to object: 'Object Repository/Objects.HighlightElements/input_field_index'

2020-06-07 22:10:14 - [TEST_STEP][PASSED] - sendKeys(NewInputNmField, Keys.chord(ENTER)): Keys 'ENTER + ' sent to object: 'Object Repository/Objects.HighlightElements/input_field_index'

2020-06-07 22:10:14 - [MESSAGE][PASSED] - Keys 'ENTER + ' sent to object: 'Object Repository/Objects.HighlightElements/input_field_index'

2020-06-07 22:10:14 - [MESSAGE][PASSED] - Call Test Case 'Test Cases/PFI Precision and Scale/PFI Components with Indexing/VerifyDropdownValuesXPI' successfully

2020-06-07 22:10:14 - [TEST_STEP][PASSED] - callTestCase(findTestCase("Components/HighlightLabelFieldXPI"), ["LblName":"Inspection From Date", "index":1], STOP_ON_FAILURE): Call Test Case 'Test Cases/Components/HighlightLabelFieldXPI' successfully

2020-06-07 22:10:14 - [TEST_CASE][PASSED] - Test Cases/Components/HighlightLabelFieldXPI: Test Cases/Components/HighlightLabelFieldXPI

2020-06-07 22:10:15 - [TEST_STEP][PASSED] - Thread.sleep(1000): null

2020-06-07 22:10:16 - [TEST_STEP][PASSED] - modifiedLblNm = modifyObjectProperty(findTestObject("Object Repository/Objects.HighlightElements/lblField_index"), "xpath", "equals", "(//*[contains(@class, 'x-form-item-label-inner x-form-item-label-inner-default') and contains(., '" + LblName + "')])[" + index + "]", true): Modify property of object successfully

2020-06-07 22:10:16 - [MESSAGE][PASSED] - Modify property of object successfully

2020-06-07 22:10:16 - [TEST_STEP][PASSED] - com.reusableComponents.HighlightElement.run(modifiedLblNm): com.reusableComponents.HighlightElement.run is PASSED

2020-06-07 22:10:18 - [MESSAGE][PASSED] - com.reusableComponents.HighlightElement.run is PASSED

2020-06-07 22:10:18 - [MESSAGE][PASSED] - Call Test Case 'Test Cases/Components/HighlightLabelFieldXPI' successfully

2020-06-07 22:10:18 - [TEST_STEP][PASSED] - callTestCase(findTestCase("Components/HighlightInputFieldXPI"), ["FldNm":"inspDt", "index":1], STOP_ON_FAILURE): Call Test Case 'Test Cases/Components/HighlightInputFieldXPI' successfully

2020-06-07 22:10:18 - [TEST_CASE][PASSED] - Test Cases/Components/HighlightInputFieldXPI: Test Cases/Components/HighlightInputFieldXPI

2020-06-07 22:10:18 - [TEST_STEP][PASSED] - Thread.sleep(1000): null

2020-06-07 22:10:19 - [TEST_STEP][PASSED] - modifiedInputNm = modifyObjectProperty(findTestObject("Object Repository/Objects.HighlightElements/input_field_index"), "xpath", "equals", "(//*[contains(@name, '" + FldNm + "')])[" + index + "]", true): Modify property of object successfully

2020-06-07 22:10:20 - [MESSAGE][PASSED] - Modify property of object successfully

2020-06-07 22:10:20 - [TEST_STEP][PASSED] - com.reusableComponents.HighlightElement.run(modifiedInputNm): com.reusableComponents.HighlightElement.run is PASSED

2020-06-07 22:10:22 - [MESSAGE][PASSED] - com.reusableComponents.HighlightElement.run is PASSED

2020-06-07 22:10:22 - [MESSAGE][PASSED] - Call Test Case 'Test Cases/Components/HighlightInputFieldXPI' successfully

2020-06-07 22:10:22 - [TEST_STEP][PASSED] - callTestCase(findTestCase("Components/SelectAllThenDeleteIndex"), ["nameToBeUsed":"inspDt", "index":"1"], STOP_ON_FAILURE): Call Test Case 'Test Cases/Components/SelectAllThenDeleteIndex' successfully

2020-06-07 22:10:22 - [TEST_CASE][PASSED] - Test Cases/Components/SelectAllThenDeleteIndex: Test Cases/Components/SelectAllThenDeleteIndex

2020-06-07 22:10:22 - [TEST_STEP][PASSED] - Thread.sleep(1000): null

2020-06-07 22:10:23 - [TEST_STEP][PASSED] - modifiedObj = modifyObjectProperty(findTestObject("Object Repository/Objects.HighlightElements/input_field_index"), "xpath", "equals", "(//*[contains(@class,'x-form-text') and (@name='" + nameToBeUsed + "')])[" + index + "]", true): Modify property of object successfully

2020-06-07 22:10:23 - [MESSAGE][PASSED] - Modify property of object successfully

2020-06-07 22:10:23 - [TEST_STEP][PASSED] - focus(modifiedObj): Object: 'Object Repository/Objects.HighlightElements/input_field_index' is focused

2020-06-07 22:10:24 - [MESSAGE][PASSED] - Object: 'Object Repository/Objects.HighlightElements/input_field_index' is focused

2020-06-07 22:10:24 - [TEST_STEP][PASSED] - sendKeys(modifiedObj, Keys.chord(CONTROL, "a")): Keys 'CONTROL + a' sent to object: 'Object Repository/Objects.HighlightElements/input_field_index'

2020-06-07 22:10:24 - [MESSAGE][PASSED] - Keys 'CONTROL + a' sent to object: 'Object Repository/Objects.HighlightElements/input_field_index'

2020-06-07 22:10:24 - [TEST_STEP][PASSED] - sendKeys(modifiedObj, Keys.chord(DELETE)): Keys 'DELETE + ' sent to object: 'Object Repository/Objects.HighlightElements/input_field_index'

2020-06-07 22:10:24 - [MESSAGE][PASSED] - Keys 'DELETE + ' sent to object: 'Object Repository/Objects.HighlightElements/input_field_index'

2020-06-07 22:10:24 - [MESSAGE][PASSED] - Call Test Case 'Test Cases/Components/SelectAllThenDeleteIndex' successfully

2020-06-07 22:10:24 - [TEST_STEP][PASSED] - callTestCase(findTestCase("PFI Precision and Scale/PFI Components with Indexing/NumericTextboxValidationIndex"), ["nameToBeUsed":"inspDt", "index":1, "minLen":4], STOP_ON_FAILURE): Call Test Case 'Test Cases/PFI Precision and Scale/PFI Components with Indexing/NumericTextboxValidationIndex' successfully

2020-06-07 22:10:25 - [TEST_CASE][PASSED] - Test Cases/PFI Precision and Scale/PFI Components with Indexing/NumericTextboxValidationIndex: Test Cases/PFI Precision and Scale/PFI Components with Indexing/NumericTextboxValidationIndex

2020-06-07 22:10:26 - [TEST_STEP][PASSED] - Thread.sleep(1000): null

2020-06-07 22:10:27 - [TEST_STEP][PASSED] - Numeric = "0123456789": null

2020-06-07 22:10:27 - [TEST_STEP][PASSED] - AlphaSpecialChar = z) + "`~!@#$%^&*()=_{}|\][;'":,?><"".join(): null

2020-06-07 22:10:27 - [TEST_STEP][PASSED] - RandomNumeric = RandomStringUtils.random(minLen, Numeric.toCharArray()): null

2020-06-07 22:10:27 - [TEST_STEP][PASSED] - RandomString = RandomStringUtils.random(minLen, AlphaSpecialChar): null

2020-06-07 22:10:27 - [TEST_STEP][PASSED] - regexPat = Pattern.compile("^[0-9]+$"): null

2020-06-07 22:10:27 - [TEST_STEP][PASSED] - NewInputNmField = modifyObjectProperty(findTestObject("Object Repository/Objects.HighlightElements/input_field_index"), "xpath", "equals", "(//*[contains(@class,'x-form-text') and (@name='" + nameToBeUsed + "')])[" + index + "]", true): Modify property of object successfully

2020-06-07 22:10:27 - [MESSAGE][PASSED] - Modify property of object successfully

2020-06-07 22:10:27 - [TEST_STEP][PASSED] - focus(NewInputNmField): Object: 'Object Repository/Objects.HighlightElements/input_field_index' is focused

2020-06-07 22:10:27 - [MESSAGE][PASSED] - Object: 'Object Repository/Objects.HighlightElements/input_field_index' is focused

2020-06-07 22:10:27 - [TEST_STEP][PASSED] - setText(NewInputNmField, RandomString): Text '>&wb' is set on object 'Object Repository/Objects.HighlightElements/input_field_index'

2020-06-07 22:10:28 - [MESSAGE][PASSED] - Text '>&wb' is set on object 'Object Repository/Objects.HighlightElements/input_field_index'

2020-06-07 22:10:28 - [TEST_STEP][PASSED] - GetInputVal = getAttribute(NewInputNmField, "value"): Attribute 'value' of object 'Object Repository/Objects.HighlightElements/input_field_index' is: ''

2020-06-07 22:10:28 - [MESSAGE][PASSED] - Attribute 'value' of object 'Object Repository/Objects.HighlightElements/input_field_index' is: ''

2020-06-07 22:10:28 - [TEST_STEP][PASSED] - if (GetInputVal.contains("e")): null

2020-06-07 22:10:28 - [TEST_STEP][PASSED] - else: Actual text '' and expected text '' are matched  using regular expression

2020-06-07 22:10:28 - [TEST_STEP][PASSED] - verifyMatch(GetInputVal, "", true): Actual text '' and expected text '' are matched  using regular expression

2020-06-07 22:10:28 - [MESSAGE][PASSED] - Actual text '' and expected text '' are matched  using regular expression

2020-06-07 22:10:28 - [TEST_STEP][PASSED] - setText(NewInputNmField, RandomNumeric): Text '8493' is set on object 'Object Repository/Objects.HighlightElements/input_field_index'

2020-06-07 22:10:29 - [MESSAGE][PASSED] - Text '8493' is set on object 'Object Repository/Objects.HighlightElements/input_field_index'

2020-06-07 22:10:29 - [TEST_STEP][PASSED] - GetEnteredIntegers = getAttribute(NewInputNmField, "value"): Attribute 'value' of object 'Object Repository/Objects.HighlightElements/input_field_index' is: '8493'

2020-06-07 22:10:29 - [MESSAGE][PASSED] - Attribute 'value' of object 'Object Repository/Objects.HighlightElements/input_field_index' is: '8493'

2020-06-07 22:10:29 - [TEST_STEP][PASSED] - matchStr = regexPat.matcher(GetEnteredIntegers): null

2020-06-07 22:10:29 - [TEST_STEP][PASSED] - if (matchStr.matches() == true): Accepting Numeric

2020-06-07 22:10:29 - [TEST_STEP][PASSED] - comment("Accepting Numeric"): Accepting Numeric

2020-06-07 22:10:29 - [MESSAGE][INFO] - Accepting Numeric

2020-06-07 22:10:29 - [MESSAGE][PASSED] - Call Test Case 'Test Cases/PFI Precision and Scale/PFI Components with Indexing/NumericTextboxValidationIndex' successfully

2020-06-07 22:10:29 - [TEST_STEP][PASSED] - callTestCase(findTestCase("PFI Precision and Scale/PFI Components with Indexing/StartTimeErrorIndex"), ["FldNm":"inspDt", "index":1], STOP_ON_FAILURE): Call Test Case 'Test Cases/PFI Precision and Scale/PFI Components with Indexing/StartTimeErrorIndex' successfully

2020-06-07 22:10:29 - [TEST_CASE][PASSED] - Test Cases/PFI Precision and Scale/PFI Components with Indexing/StartTimeErrorIndex: Test Cases/PFI Precision and Scale/PFI Components with Indexing/StartTimeErrorIndex

2020-06-07 22:10:31 - [TEST_STEP][PASSED] - Thread.sleep(5000): null

2020-06-07 22:10:36 - [TEST_STEP][PASSED] - if (index == 0): null

2020-06-07 22:10:36 - [TEST_STEP][PASSED] - else: Modify property of object successfully

2020-06-07 22:10:36 - [TEST_STEP][PASSED] - NewInputNmField = modifyObjectProperty(findTestObject("Object Repository/Objects.HighlightElements/input_field_index"), "xpath", "equals", "(//*[@name= '" + FldNm + "'])[" + index + "]", true): Modify property of object successfully

2020-06-07 22:10:36 - [MESSAGE][PASSED] - Modify property of object successfully

2020-06-07 22:10:36 - [TEST_STEP][PASSED] - mouseOver(NewInputNmField): Object: 'Object Repository/Objects.HighlightElements/input_field_index' is hovered

2020-06-07 22:10:36 - [MESSAGE][PASSED] - Object: 'Object Repository/Objects.HighlightElements/input_field_index' is hovered

2020-06-07 22:10:36 - [TEST_STEP][PASSED] - getInputInvalidDate = getAttribute(NewInputNmField, "value"): Attribute 'value' of object 'Object Repository/Objects.HighlightElements/input_field_index' is: '8493'

2020-06-07 22:10:37 - [MESSAGE][PASSED] - Attribute 'value' of object 'Object Repository/Objects.HighlightElements/input_field_index' is: '8493'

2020-06-07 22:10:37 - [TEST_STEP][PASSED] - getErrMsg = getAttribute(NewInputNmField, "data-errorqtip"): Attribute 'data-errorqtip' of object 'Object Repository/Objects.HighlightElements/input_field_index' is: '<ul class="x-list-plain"><li>Start time must be less than end time</li><li>8493 is not a valid date - it must be in the format d/m/Y</li></ul>'

2020-06-07 22:10:37 - [MESSAGE][PASSED] - Attribute 'data-errorqtip' of object 'Object Repository/Objects.HighlightElements/input_field_index' is: '<ul class="x-list-plain"><li>Start time must be less than end time</li><li>8493 is not a valid date - it must be in the format d/m/Y</li></ul>'

2020-06-07 22:10:37 - [TEST_STEP][PASSED] - RmvCd = getErrMsg.substring(0, 75): null

2020-06-07 22:10:37 - [TEST_STEP][PASSED] - FirstErrMsg = RmvCd.substring(29, 66): null

2020-06-07 22:10:37 - [TEST_STEP][PASSED] - getTotalLength = getErrMsg.length(): null

2020-06-07 22:10:37 - [TEST_STEP][PASSED] - RmvCd = getErrMsg.substring(75, getTotalLength): null

2020-06-07 22:10:37 - [TEST_STEP][PASSED] - lenInv = RmvCd.length() - 10: null

2020-06-07 22:10:37 - [TEST_STEP][PASSED] - InvErrMsg = RmvCd.substring(0, lenInv): null

2020-06-07 22:10:37 - [TEST_STEP][PASSED] - ExpectedInvalidErrMsg2 = concatenate(InvDtErr, " ", getInputInvalidDate, " ", NotValidDt): Concatenated string array: '['Start time must be less than end time',' ','8493',' ','is not a valid date - it must be in the format d/m/Y']' into 'Start time must be less than end time 8493 is not a valid date - it must be in the format d/m/Y'

2020-06-07 22:10:38 - [MESSAGE][PASSED] - Concatenated string array: '['Start time must be less than end time',' ','8493',' ','is not a valid date - it must be in the format d/m/Y']' into 'Start time must be less than end time 8493 is not a valid date - it must be in the format d/m/Y'

2020-06-07 22:10:38 - [TEST_STEP][PASSED] - ActualInvErrMsg = concatenate(FirstErrMsg, " ", InvErrMsg): Concatenated string array: '['Start time must be less than end time',' ','8493 is not a valid date - it must be in the format d/m/Y']' into 'Start time must be less than end time 8493 is not a valid date - it must be in the format d/m/Y'

2020-06-07 22:10:38 - [MESSAGE][PASSED] - Concatenated string array: '['Start time must be less than end time',' ','8493 is not a valid date - it must be in the format d/m/Y']' into 'Start time must be less than end time 8493 is not a valid date - it must be in the format d/m/Y'

2020-06-07 22:10:38 - [TEST_STEP][PASSED] - verifyMatch(ActualInvErrMsg, ExpectedInvalidErrMsg2, true): Actual text 'Start time must be less than end time 8493 is not a valid date - it must be in the format d/m/Y' and expected text 'Start time must be less than end time 8493 is not a valid date - it must be in the format d/m/Y' are matched  using regular expression

2020-06-07 22:10:38 - [MESSAGE][PASSED] - Actual text 'Start time must be less than end time 8493 is not a valid date - it must be in the format d/m/Y' and expected text 'Start time must be less than end time 8493 is not a valid date - it must be in the format d/m/Y' are matched  using regular expression

2020-06-07 22:10:38 - [MESSAGE][PASSED] - Call Test Case 'Test Cases/PFI Precision and Scale/PFI Components with Indexing/StartTimeErrorIndex' successfully

2020-06-07 22:10:38 - [TEST_STEP][PASSED] - callTestCase(findTestCase("PFI Precision and Scale/PFI Components with Indexing/SelectDayInDatePickerWithIndexII"), ["FldNm":"inspDt", "SelectCurrentDay":"31", "index":1, "idx":1], STOP_ON_FAILURE): Call Test Case 'Test Cases/PFI Precision and Scale/PFI Components with Indexing/SelectDayInDatePickerWithIndexII' successfully

2020-06-07 22:10:38 - [TEST_CASE][PASSED] - Test Cases/PFI Precision and Scale/PFI Components with Indexing/SelectDayInDatePickerWithIndexII: Test Cases/PFI Precision and Scale/PFI Components with Indexing/SelectDayInDatePickerWithIndexII

2020-06-07 22:10:39 - [TEST_STEP][PASSED] - Thread.sleep(1000): null

2020-06-07 22:10:40 - [TEST_STEP][PASSED] - DateInputFld = modifyObjectProperty(findTestObject("Objects.HighlightElements/input_field_index"), "xpath", "equals", "(//*[contains(@class,'x-form-text') and (@name='" + FldNm + "')])[" + idx + "]", true): Modify property of object successfully

2020-06-07 22:10:40 - [MESSAGE][PASSED] - Modify property of object successfully

2020-06-07 22:10:40 - [TEST_STEP][PASSED] - ModifiedDay = modifyObjectProperty(findTestObject("Objects.DateValidation/Page_ISPS2/Select_Day_Index"), "xpath", "equals", "(//*[contains(@class, 'x-datepicker-date') and (text() = '" + SelectCurrentDay + "')])[" + index + "]", true): Modify property of object successfully

2020-06-07 22:10:40 - [MESSAGE][PASSED] - Modify property of object successfully

2020-06-07 22:10:40 - [TEST_STEP][PASSED] - sendKeys(DateInputFld, Keys.chord(ARROW_DOWN)): Keys 'DOWN + ' sent to object: 'Object Repository/Objects.HighlightElements/input_field_index'

2020-06-07 22:10:41 - [MESSAGE][PASSED] - Keys 'DOWN + ' sent to object: 'Object Repository/Objects.HighlightElements/input_field_index'

2020-06-07 22:10:41 - [TEST_STEP][PASSED] - com.reusableComponents.HighlightElement.run(ModifiedDay): com.reusableComponents.HighlightElement.run is PASSED

2020-06-07 22:10:43 - [MESSAGE][PASSED] - com.reusableComponents.HighlightElement.run is PASSED

2020-06-07 22:10:43 - [TEST_STEP][PASSED] - delay(1): Delayed 1 second(s)

2020-06-07 22:10:44 - [MESSAGE][PASSED] - Delayed 1 second(s)

2020-06-07 22:10:44 - [TEST_STEP][PASSED] - click(ModifiedDay): Object: 'Object Repository/Objects.DateValidation/Page_ISPS2/Select_Day_Index' is clicked on

2020-06-07 22:10:45 - [MESSAGE][PASSED] - Object: 'Object Repository/Objects.DateValidation/Page_ISPS2/Select_Day_Index' is clicked on

2020-06-07 22:10:45 - [TEST_STEP][PASSED] - GetError = getAttribute(DateInputFld, "data-errorqtip"): Attribute 'data-errorqtip' of object 'Object Repository/Objects.HighlightElements/input_field_index' is: ''

2020-06-07 22:10:46 - [MESSAGE][PASSED] - Attribute 'data-errorqtip' of object 'Object Repository/Objects.HighlightElements/input_field_index' is: ''

2020-06-07 22:10:46 - [TEST_STEP][PASSED] - if (GetError == ""): null

2020-06-07 22:10:46 - [TEST_STEP][PASSED] - GetEnteredDate = getAttribute(DateInputFld, "value"): Attribute 'value' of object 'Object Repository/Objects.HighlightElements/input_field_index' is: '31/05/2020'

2020-06-07 22:10:46 - [MESSAGE][PASSED] - Attribute 'value' of object 'Object Repository/Objects.HighlightElements/input_field_index' is: '31/05/2020'

2020-06-07 22:10:46 - [TEST_STEP][PASSED] - DatePattern = Pattern.compile("^(1[0-2]|0[1-9])/(3[01]|[12][0-9]|0[1-9])/[0-9]{4}$"): null

2020-06-07 22:10:46 - [TEST_STEP][PASSED] - VerifyDateFormat = DatePattern.matcher(GetEnteredDate): null

2020-06-07 22:10:46 - [TEST_STEP][PASSED] - if (VerifyDateFormat.matches() == true): null

2020-06-07 22:10:46 - [MESSAGE][PASSED] - Call Test Case 'Test Cases/PFI Precision and Scale/PFI Components with Indexing/SelectDayInDatePickerWithIndexII' successfully

2020-06-07 22:10:46 - [TEST_STEP][PASSED] - callTestCase(findTestCase("PFI Precision and Scale/PFI Components with Indexing/SelectTodayInDatePickerIndex"), ["FldNm":"inspDt", "index":1, "idx":1], STOP_ON_FAILURE): Call Test Case 'Test Cases/PFI Precision and Scale/PFI Components with Indexing/SelectTodayInDatePickerIndex' successfully

2020-06-07 22:10:46 - [TEST_CASE][PASSED] - Test Cases/PFI Precision and Scale/PFI Components with Indexing/SelectTodayInDatePickerIndex: Test Cases/PFI Precision and Scale/PFI Components with Indexing/SelectTodayInDatePickerIndex

2020-06-07 22:10:47 - [TEST_STEP][PASSED] - Thread.sleep(1000): null

2020-06-07 22:10:48 - [TEST_STEP][PASSED] - date = new java.util.Date(): null

2020-06-07 22:10:48 - [TEST_STEP][PASSED] - CurrentDate = new java.text.SimpleDateFormat(dd/MM/yyyy): null

2020-06-07 22:10:48 - [TEST_STEP][PASSED] - TodayDate = CurrentDate.format(date): null

2020-06-07 22:10:48 - [TEST_STEP][PASSED] - DateFieldNm = modifyObjectProperty(findTestObject("Objects.HighlightElements/input_field_index"), "xpath", "equals", "(//*[contains(@class,'x-form-text') and (@name='" + FldNm + "')])[" + idx + "]", true): Modify property of object successfully

2020-06-07 22:10:48 - [MESSAGE][PASSED] - Modify property of object successfully

2020-06-07 22:10:48 - [TEST_STEP][PASSED] - TodayBtn = modifyObjectProperty(findTestObject("Object Repository/Objects.DateValidation/Page_ISPS2/a_Today"), "xpath", "equals", "(//*[text() = 'Today'])[" + index + "]", true): Modify property of object successfully

2020-06-07 22:10:49 - [MESSAGE][PASSED] - Modify property of object successfully

2020-06-07 22:10:49 - [TEST_STEP][PASSED] - sendKeys(DateFieldNm, Keys.chord(ARROW_DOWN)): Keys 'DOWN + ' sent to object: 'Object Repository/Objects.HighlightElements/input_field_index'

2020-06-07 22:10:49 - [MESSAGE][PASSED] - Keys 'DOWN + ' sent to object: 'Object Repository/Objects.HighlightElements/input_field_index'

2020-06-07 22:10:49 - [TEST_STEP][PASSED] - com.reusableComponents.HighlightElement.run(TodayBtn): com.reusableComponents.HighlightElement.run is PASSED

2020-06-07 22:10:52 - [MESSAGE][PASSED] - com.reusableComponents.HighlightElement.run is PASSED

2020-06-07 22:10:52 - [TEST_STEP][PASSED] - click(TodayBtn): Object: 'Object Repository/Objects.DateValidation/Page_ISPS2/a_Today' is clicked on

2020-06-07 22:10:52 - [MESSAGE][PASSED] - Object: 'Object Repository/Objects.DateValidation/Page_ISPS2/a_Today' is clicked on

2020-06-07 22:10:52 - [TEST_STEP][PASSED] - GetEnteredDate = getAttribute(DateFieldNm, "value"): Attribute 'value' of object 'Object Repository/Objects.HighlightElements/input_field_index' is: '07/06/2020'

2020-06-07 22:10:53 - [MESSAGE][PASSED] - Attribute 'value' of object 'Object Repository/Objects.HighlightElements/input_field_index' is: '07/06/2020'

2020-06-07 22:10:53 - [TEST_STEP][PASSED] - verifyMatch(GetEnteredDate, TodayDate, true): Actual text '07/06/2020' and expected text '07/06/2020' are matched  using regular expression

2020-06-07 22:10:53 - [MESSAGE][PASSED] - Actual text '07/06/2020' and expected text '07/06/2020' are matched  using regular expression

2020-06-07 22:10:53 - [MESSAGE][PASSED] - Call Test Case 'Test Cases/PFI Precision and Scale/PFI Components with Indexing/SelectTodayInDatePickerIndex' successfully

2020-06-07 22:10:53 - [TEST_STEP][PASSED] - callTestCase(findTestCase("Components/HighlightLabelFieldXPI"), ["LblName":"Inspection To Date", "index":1], STOP_ON_FAILURE): Call Test Case 'Test Cases/Components/HighlightLabelFieldXPI' successfully

2020-06-07 22:10:53 - [TEST_CASE][PASSED] - Test Cases/Components/HighlightLabelFieldXPI: Test Cases/Components/HighlightLabelFieldXPI

2020-06-07 22:10:53 - [TEST_STEP][PASSED] - Thread.sleep(1000): null

2020-06-07 22:10:54 - [TEST_STEP][PASSED] - modifiedLblNm = modifyObjectProperty(findTestObject("Object Repository/Objects.HighlightElements/lblField_index"), "xpath", "equals", "(//*[contains(@class, 'x-form-item-label-inner x-form-item-label-inner-default') and contains(., '" + LblName + "')])[" + index + "]", true): Modify property of object successfully

2020-06-07 22:10:54 - [MESSAGE][PASSED] - Modify property of object successfully

2020-06-07 22:10:54 - [TEST_STEP][PASSED] - com.reusableComponents.HighlightElement.run(modifiedLblNm): com.reusableComponents.HighlightElement.run is PASSED

2020-06-07 22:10:56 - [MESSAGE][PASSED] - com.reusableComponents.HighlightElement.run is PASSED

2020-06-07 22:10:56 - [MESSAGE][PASSED] - Call Test Case 'Test Cases/Components/HighlightLabelFieldXPI' successfully

2020-06-07 22:10:56 - [TEST_STEP][PASSED] - callTestCase(findTestCase("Components/HighlightInputFieldXPI"), ["FldNm":"inspToDt", "index":1], STOP_ON_FAILURE): Call Test Case 'Test Cases/Components/HighlightInputFieldXPI' successfully

2020-06-07 22:10:57 - [TEST_CASE][PASSED] - Test Cases/Components/HighlightInputFieldXPI: Test Cases/Components/HighlightInputFieldXPI

2020-06-07 22:10:57 - [TEST_STEP][PASSED] - Thread.sleep(1000): null

2020-06-07 22:10:58 - [TEST_STEP][PASSED] - modifiedInputNm = modifyObjectProperty(findTestObject("Object Repository/Objects.HighlightElements/input_field_index"), "xpath", "equals", "(//*[contains(@name, '" + FldNm + "')])[" + index + "]", true): Modify property of object successfully

2020-06-07 22:10:58 - [MESSAGE][PASSED] - Modify property of object successfully

2020-06-07 22:10:58 - [TEST_STEP][PASSED] - com.reusableComponents.HighlightElement.run(modifiedInputNm): com.reusableComponents.HighlightElement.run is PASSED

2020-06-07 22:11:00 - [MESSAGE][PASSED] - com.reusableComponents.HighlightElement.run is PASSED

2020-06-07 22:11:00 - [MESSAGE][PASSED] - Call Test Case 'Test Cases/Components/HighlightInputFieldXPI' successfully

2020-06-07 22:11:00 - [TEST_STEP][PASSED] - callTestCase(findTestCase("Components/SelectAllThenDeleteIndex"), ["nameToBeUsed":"inspToDt", "index":"1"], STOP_ON_FAILURE): Call Test Case 'Test Cases/Components/SelectAllThenDeleteIndex' successfully

2020-06-07 22:11:00 - [TEST_CASE][PASSED] - Test Cases/Components/SelectAllThenDeleteIndex: Test Cases/Components/SelectAllThenDeleteIndex

2020-06-07 22:11:00 - [TEST_STEP][PASSED] - Thread.sleep(1000): null

2020-06-07 22:11:01 - [TEST_STEP][PASSED] - modifiedObj = modifyObjectProperty(findTestObject("Object Repository/Objects.HighlightElements/input_field_index"), "xpath", "equals", "(//*[contains(@class,'x-form-text') and (@name='" + nameToBeUsed + "')])[" + index + "]", true): Modify property of object successfully

2020-06-07 22:11:01 - [MESSAGE][PASSED] - Modify property of object successfully

2020-06-07 22:11:01 - [TEST_STEP][PASSED] - focus(modifiedObj): Object: 'Object Repository/Objects.HighlightElements/input_field_index' is focused

2020-06-07 22:11:02 - [MESSAGE][PASSED] - Object: 'Object Repository/Objects.HighlightElements/input_field_index' is focused

2020-06-07 22:11:02 - [TEST_STEP][PASSED] - sendKeys(modifiedObj, Keys.chord(CONTROL, "a")): Keys 'CONTROL + a' sent to object: 'Object Repository/Objects.HighlightElements/input_field_index'

2020-06-07 22:11:02 - [MESSAGE][PASSED] - Keys 'CONTROL + a' sent to object: 'Object Repository/Objects.HighlightElements/input_field_index'

2020-06-07 22:11:02 - [TEST_STEP][PASSED] - sendKeys(modifiedObj, Keys.chord(DELETE)): Keys 'DELETE + ' sent to object: 'Object Repository/Objects.HighlightElements/input_field_index'

2020-06-07 22:11:02 - [MESSAGE][PASSED] - Keys 'DELETE + ' sent to object: 'Object Repository/Objects.HighlightElements/input_field_index'

2020-06-07 22:11:02 - [MESSAGE][PASSED] - Call Test Case 'Test Cases/Components/SelectAllThenDeleteIndex' successfully

2020-06-07 22:11:02 - [TEST_STEP][PASSED] - callTestCase(findTestCase("PFI Precision and Scale/PFI Components with Indexing/NumericTextboxValidationIndex"), ["nameToBeUsed":"inspToDt", "index":1, "minLen":9], STOP_ON_FAILURE): Call Test Case 'Test Cases/PFI Precision and Scale/PFI Components with Indexing/NumericTextboxValidationIndex' successfully

2020-06-07 22:11:02 - [TEST_CASE][PASSED] - Test Cases/PFI Precision and Scale/PFI Components with Indexing/NumericTextboxValidationIndex: Test Cases/PFI Precision and Scale/PFI Components with Indexing/NumericTextboxValidationIndex

2020-06-07 22:11:03 - [TEST_STEP][PASSED] - Thread.sleep(1000): null

2020-06-07 22:11:04 - [TEST_STEP][PASSED] - Numeric = "0123456789": null

2020-06-07 22:11:04 - [TEST_STEP][PASSED] - AlphaSpecialChar = z) + "`~!@#$%^&*()=_{}|\][;'":,?><"".join(): null

2020-06-07 22:11:04 - [TEST_STEP][PASSED] - RandomNumeric = RandomStringUtils.random(minLen, Numeric.toCharArray()): null

2020-06-07 22:11:04 - [TEST_STEP][PASSED] - RandomString = RandomStringUtils.random(minLen, AlphaSpecialChar): null

2020-06-07 22:11:04 - [TEST_STEP][PASSED] - regexPat = Pattern.compile("^[0-9]+$"): null

2020-06-07 22:11:04 - [TEST_STEP][PASSED] - NewInputNmField = modifyObjectProperty(findTestObject("Object Repository/Objects.HighlightElements/input_field_index"), "xpath", "equals", "(//*[contains(@class,'x-form-text') and (@name='" + nameToBeUsed + "')])[" + index + "]", true): Modify property of object successfully

2020-06-07 22:11:04 - [MESSAGE][PASSED] - Modify property of object successfully

2020-06-07 22:11:04 - [TEST_STEP][PASSED] - focus(NewInputNmField): Object: 'Object Repository/Objects.HighlightElements/input_field_index' is focused

2020-06-07 22:11:04 - [MESSAGE][PASSED] - Object: 'Object Repository/Objects.HighlightElements/input_field_index' is focused

2020-06-07 22:11:04 - [TEST_STEP][PASSED] - setText(NewInputNmField, RandomString): Text 'TDOtR@'Lo' is set on object 'Object Repository/Objects.HighlightElements/input_field_index'

2020-06-07 22:11:05 - [MESSAGE][PASSED] - Text 'TDOtR@'Lo' is set on object 'Object Repository/Objects.HighlightElements/input_field_index'

2020-06-07 22:11:05 - [TEST_STEP][PASSED] - GetInputVal = getAttribute(NewInputNmField, "value"): Attribute 'value' of object 'Object Repository/Objects.HighlightElements/input_field_index' is: ''

2020-06-07 22:11:05 - [MESSAGE][PASSED] - Attribute 'value' of object 'Object Repository/Objects.HighlightElements/input_field_index' is: ''

2020-06-07 22:11:05 - [TEST_STEP][PASSED] - if (GetInputVal.contains("e")): null

2020-06-07 22:11:05 - [TEST_STEP][PASSED] - else: Actual text '' and expected text '' are matched  using regular expression

2020-06-07 22:11:05 - [TEST_STEP][PASSED] - verifyMatch(GetInputVal, "", true): Actual text '' and expected text '' are matched  using regular expression

2020-06-07 22:11:05 - [MESSAGE][PASSED] - Actual text '' and expected text '' are matched  using regular expression

2020-06-07 22:11:05 - [TEST_STEP][PASSED] - setText(NewInputNmField, RandomNumeric): Text '710689990' is set on object 'Object Repository/Objects.HighlightElements/input_field_index'

2020-06-07 22:11:06 - [MESSAGE][PASSED] - Text '710689990' is set on object 'Object Repository/Objects.HighlightElements/input_field_index'

2020-06-07 22:11:06 - [TEST_STEP][PASSED] - GetEnteredIntegers = getAttribute(NewInputNmField, "value"): Attribute 'value' of object 'Object Repository/Objects.HighlightElements/input_field_index' is: '710689990'

2020-06-07 22:11:07 - [MESSAGE][PASSED] - Attribute 'value' of object 'Object Repository/Objects.HighlightElements/input_field_index' is: '710689990'

2020-06-07 22:11:07 - [TEST_STEP][PASSED] - matchStr = regexPat.matcher(GetEnteredIntegers): null

2020-06-07 22:11:07 - [TEST_STEP][PASSED] - if (matchStr.matches() == true): Accepting Numeric

2020-06-07 22:11:07 - [TEST_STEP][PASSED] - comment("Accepting Numeric"): Accepting Numeric

2020-06-07 22:11:07 - [MESSAGE][INFO] - Accepting Numeric

2020-06-07 22:11:07 - [MESSAGE][PASSED] - Call Test Case 'Test Cases/PFI Precision and Scale/PFI Components with Indexing/NumericTextboxValidationIndex' successfully

2020-06-07 22:11:07 - [TEST_STEP][PASSED] - callTestCase(findTestCase("PFI Precision and Scale/PFI Components with Indexing/StartTimeErrorIndex"), ["FldNm":"inspToDt", "index":1], STOP_ON_FAILURE): Call Test Case 'Test Cases/PFI Precision and Scale/PFI Components with Indexing/StartTimeErrorIndex' successfully

2020-06-07 22:11:07 - [TEST_CASE][PASSED] - Test Cases/PFI Precision and Scale/PFI Components with Indexing/StartTimeErrorIndex: Test Cases/PFI Precision and Scale/PFI Components with Indexing/StartTimeErrorIndex

2020-06-07 22:11:07 - [TEST_STEP][PASSED] - Thread.sleep(5000): null

2020-06-07 22:11:12 - [TEST_STEP][PASSED] - if (index == 0): null

2020-06-07 22:11:12 - [TEST_STEP][PASSED] - else: Modify property of object successfully

2020-06-07 22:11:12 - [TEST_STEP][PASSED] - NewInputNmField = modifyObjectProperty(findTestObject("Object Repository/Objects.HighlightElements/input_field_index"), "xpath", "equals", "(//*[@name= '" + FldNm + "'])[" + index + "]", true): Modify property of object successfully

2020-06-07 22:11:12 - [MESSAGE][PASSED] - Modify property of object successfully

2020-06-07 22:11:12 - [TEST_STEP][PASSED] - mouseOver(NewInputNmField): Object: 'Object Repository/Objects.HighlightElements/input_field_index' is hovered

2020-06-07 22:11:12 - [MESSAGE][PASSED] - Object: 'Object Repository/Objects.HighlightElements/input_field_index' is hovered

2020-06-07 22:11:12 - [TEST_STEP][PASSED] - getInputInvalidDate = getAttribute(NewInputNmField, "value"): Attribute 'value' of object 'Object Repository/Objects.HighlightElements/input_field_index' is: '710689990'

2020-06-07 22:11:13 - [MESSAGE][PASSED] - Attribute 'value' of object 'Object Repository/Objects.HighlightElements/input_field_index' is: '710689990'

2020-06-07 22:11:13 - [TEST_STEP][PASSED] - getErrMsg = getAttribute(NewInputNmField, "data-errorqtip"): Attribute 'data-errorqtip' of object 'Object Repository/Objects.HighlightElements/input_field_index' is: '<ul class="x-list-plain"><li>Start time must be less than end time</li><li>710689990 is not a valid date - it must be in the format d/m/Y</li></ul>'

2020-06-07 22:11:13 - [MESSAGE][PASSED] - Attribute 'data-errorqtip' of object 'Object Repository/Objects.HighlightElements/input_field_index' is: '<ul class="x-list-plain"><li>Start time must be less than end time</li><li>710689990 is not a valid date - it must be in the format d/m/Y</li></ul>'

2020-06-07 22:11:13 - [TEST_STEP][PASSED] - RmvCd = getErrMsg.substring(0, 75): null

2020-06-07 22:11:13 - [TEST_STEP][PASSED] - FirstErrMsg = RmvCd.substring(29, 66): null

2020-06-07 22:11:13 - [TEST_STEP][PASSED] - getTotalLength = getErrMsg.length(): null

2020-06-07 22:11:13 - [TEST_STEP][PASSED] - RmvCd = getErrMsg.substring(75, getTotalLength): null

2020-06-07 22:11:13 - [TEST_STEP][PASSED] - lenInv = RmvCd.length() - 10: null

2020-06-07 22:11:13 - [TEST_STEP][PASSED] - InvErrMsg = RmvCd.substring(0, lenInv): null

2020-06-07 22:11:13 - [TEST_STEP][PASSED] - ExpectedInvalidErrMsg2 = concatenate(InvDtErr, " ", getInputInvalidDate, " ", NotValidDt): Concatenated string array: '['Start time must be less than end time',' ','710689990',' ','is not a valid date - it must be in the format d/m/Y']' into 'Start time must be less than end time 710689990 is not a valid date - it must be in the format d/m/Y'

2020-06-07 22:11:13 - [MESSAGE][PASSED] - Concatenated string array: '['Start time must be less than end time',' ','710689990',' ','is not a valid date - it must be in the format d/m/Y']' into 'Start time must be less than end time 710689990 is not a valid date - it must be in the format d/m/Y'

2020-06-07 22:11:13 - [TEST_STEP][PASSED] - ActualInvErrMsg = concatenate(FirstErrMsg, " ", InvErrMsg): Concatenated string array: '['Start time must be less than end time',' ','710689990 is not a valid date - it must be in the format d/m/Y']' into 'Start time must be less than end time 710689990 is not a valid date - it must be in the format d/m/Y'

2020-06-07 22:11:13 - [MESSAGE][PASSED] - Concatenated string array: '['Start time must be less than end time',' ','710689990 is not a valid date - it must be in the format d/m/Y']' into 'Start time must be less than end time 710689990 is not a valid date - it must be in the format d/m/Y'

2020-06-07 22:11:13 - [TEST_STEP][PASSED] - verifyMatch(ActualInvErrMsg, ExpectedInvalidErrMsg2, true): Actual text 'Start time must be less than end time 710689990 is not a valid date - it must be in the format d/m/Y' and expected text 'Start time must be less than end time 710689990 is not a valid date - it must be in the format d/m/Y' are matched  using regular expression

2020-06-07 22:11:13 - [MESSAGE][PASSED] - Actual text 'Start time must be less than end time 710689990 is not a valid date - it must be in the format d/m/Y' and expected text 'Start time must be less than end time 710689990 is not a valid date - it must be in the format d/m/Y' are matched  using regular expression

2020-06-07 22:11:13 - [MESSAGE][PASSED] - Call Test Case 'Test Cases/PFI Precision and Scale/PFI Components with Indexing/StartTimeErrorIndex' successfully

2020-06-07 22:11:13 - [TEST_STEP][PASSED] - callTestCase(findTestCase("PFI Precision and Scale/PFI Components with Indexing/SelectDayInDatePickerWithIndexII"), ["FldNm":"inspToDt", "SelectCurrentDay":"30", "index":1, "idx":1], STOP_ON_FAILURE): Call Test Case 'Test Cases/PFI Precision and Scale/PFI Components with Indexing/SelectDayInDatePickerWithIndexII' successfully

2020-06-07 22:11:13 - [TEST_CASE][PASSED] - Test Cases/PFI Precision and Scale/PFI Components with Indexing/SelectDayInDatePickerWithIndexII: Test Cases/PFI Precision and Scale/PFI Components with Indexing/SelectDayInDatePickerWithIndexII

2020-06-07 22:11:13 - [TEST_STEP][PASSED] - Thread.sleep(1000): null

2020-06-07 22:11:14 - [TEST_STEP][PASSED] - DateInputFld = modifyObjectProperty(findTestObject("Objects.HighlightElements/input_field_index"), "xpath", "equals", "(//*[contains(@class,'x-form-text') and (@name='" + FldNm + "')])[" + idx + "]", true): Modify property of object successfully

2020-06-07 22:11:14 - [MESSAGE][PASSED] - Modify property of object successfully

2020-06-07 22:11:14 - [TEST_STEP][PASSED] - ModifiedDay = modifyObjectProperty(findTestObject("Objects.DateValidation/Page_ISPS2/Select_Day_Index"), "xpath", "equals", "(//*[contains(@class, 'x-datepicker-date') and (text() = '" + SelectCurrentDay + "')])[" + index + "]", true): Modify property of object successfully

2020-06-07 22:11:15 - [MESSAGE][PASSED] - Modify property of object successfully

2020-06-07 22:11:15 - [TEST_STEP][PASSED] - sendKeys(DateInputFld, Keys.chord(ARROW_DOWN)): Keys 'DOWN + ' sent to object: 'Object Repository/Objects.HighlightElements/input_field_index'

2020-06-07 22:11:15 - [MESSAGE][PASSED] - Keys 'DOWN + ' sent to object: 'Object Repository/Objects.HighlightElements/input_field_index'

2020-06-07 22:11:15 - [TEST_STEP][PASSED] - com.reusableComponents.HighlightElement.run(ModifiedDay): com.reusableComponents.HighlightElement.run is PASSED

2020-06-07 22:11:17 - [MESSAGE][PASSED] - com.reusableComponents.HighlightElement.run is PASSED

2020-06-07 22:11:17 - [TEST_STEP][PASSED] - delay(1): Delayed 1 second(s)

2020-06-07 22:11:18 - [MESSAGE][PASSED] - Delayed 1 second(s)

2020-06-07 22:11:18 - [TEST_STEP][PASSED] - click(ModifiedDay): Object: 'Object Repository/Objects.DateValidation/Page_ISPS2/Select_Day_Index' is clicked on

2020-06-07 22:11:19 - [MESSAGE][ERROR] - javascript error: Failed to execute 'elementsFromPoint' on 'Document': The provided double value is non-finite.
  (Session info: chrome=79.0.3945.88)
Build info: version: '3.141.59', revision: 'e82be7d358', time: '2018-11-14T08:25:53'
System info: host: 'NSNB-004', ip: '192.168.16.44', os.name: 'Windows 10', os.arch: 'amd64', os.version: '10.0', java.version: '1.8.0_181'
Driver info: com.kms.katalon.selenium.driver.CChromeDriver
Capabilities {acceptInsecureCerts: false, browserName: chrome, browserVersion: 79.0.3945.88, chrome: {chromedriverVersion: 79.0.3945.36 (3582db32b3389..., userDataDir: C:\Users\20008-~1\AppData\L...}, goog:chromeOptions: {debuggerAddress: localhost:62976}, javascriptEnabled: true, networkConnectionEnabled: false, pageLoadStrategy: normal, platform: WINDOWS, platformName: WINDOWS, proxy: Proxy(), setWindowRect: true, strictFileInteractability: false, timeouts: {implicit: 0, pageLoad: 300000, script: 30000}, unhandledPromptBehavior: dismiss and notify}
Session ID: f9b533dbca20f868c58d27f909bb2230

2020-06-07 22:11:49 - [MESSAGE][ERROR] - javascript error: Failed to execute 'elementsFromPoint' on 'Document': The provided double value is non-finite.
  (Session info: chrome=79.0.3945.88)
Build info: version: '3.141.59', revision: 'e82be7d358', time: '2018-11-14T08:25:53'
System info: host: 'NSNB-004', ip: '192.168.16.44', os.name: 'Windows 10', os.arch: 'amd64', os.version: '10.0', java.version: '1.8.0_181'
Driver info: com.kms.katalon.selenium.driver.CChromeDriver
Capabilities {acceptInsecureCerts: false, browserName: chrome, browserVersion: 79.0.3945.88, chrome: {chromedriverVersion: 79.0.3945.36 (3582db32b3389..., userDataDir: C:\Users\20008-~1\AppData\L...}, goog:chromeOptions: {debuggerAddress: localhost:62976}, javascriptEnabled: true, networkConnectionEnabled: false, pageLoadStrategy: normal, platform: WINDOWS, platformName: WINDOWS, proxy: Proxy(), setWindowRect: true, strictFileInteractability: false, timeouts: {implicit: 0, pageLoad: 300000, script: 30000}, unhandledPromptBehavior: dismiss and notify}
Session ID: f9b533dbca20f868c58d27f909bb2230

2020-06-07 22:11:49 - [MESSAGE][PASSED] - Object: 'Object Repository/Objects.DateValidation/Page_ISPS2/Select_Day_Index' is clicked on

2020-06-07 22:11:49 - [TEST_STEP][PASSED] - GetError = getAttribute(DateInputFld, "data-errorqtip"): Attribute 'data-errorqtip' of object 'Object Repository/Objects.HighlightElements/input_field_index' is: ''

2020-06-07 22:11:50 - [MESSAGE][PASSED] - Attribute 'data-errorqtip' of object 'Object Repository/Objects.HighlightElements/input_field_index' is: ''

2020-06-07 22:11:50 - [TEST_STEP][PASSED] - if (GetError == ""): Date Format is valid

2020-06-07 22:11:50 - [TEST_STEP][PASSED] - GetEnteredDate = getAttribute(DateInputFld, "value"): Attribute 'value' of object 'Object Repository/Objects.HighlightElements/input_field_index' is: '07/06/2020'

2020-06-07 22:11:50 - [MESSAGE][PASSED] - Attribute 'value' of object 'Object Repository/Objects.HighlightElements/input_field_index' is: '07/06/2020'

2020-06-07 22:11:50 - [TEST_STEP][PASSED] - DatePattern = Pattern.compile("^(1[0-2]|0[1-9])/(3[01]|[12][0-9]|0[1-9])/[0-9]{4}$"): null

2020-06-07 22:11:50 - [TEST_STEP][PASSED] - VerifyDateFormat = DatePattern.matcher(GetEnteredDate): null

2020-06-07 22:11:50 - [TEST_STEP][PASSED] - if (VerifyDateFormat.matches() == true): Date Format is valid

2020-06-07 22:11:50 - [TEST_STEP][PASSED] - comment("Date Format is valid"): Date Format is valid

2020-06-07 22:11:50 - [MESSAGE][INFO] - Date Format is valid

2020-06-07 22:11:50 - [MESSAGE][PASSED] - Call Test Case 'Test Cases/PFI Precision and Scale/PFI Components with Indexing/SelectDayInDatePickerWithIndexII' successfully

2020-06-07 22:11:50 - [TEST_STEP][PASSED] - callTestCase(findTestCase("PFI Precision and Scale/PFI Components with Indexing/SelectTodayInDatePickerIndex"), ["FldNm":"inspToDt", "index":1, "idx":1], STOP_ON_FAILURE): Call Test Case 'Test Cases/PFI Precision and Scale/PFI Components with Indexing/SelectTodayInDatePickerIndex' successfully

2020-06-07 22:11:50 - [TEST_CASE][PASSED] - Test Cases/PFI Precision and Scale/PFI Components with Indexing/SelectTodayInDatePickerIndex: Test Cases/PFI Precision and Scale/PFI Components with Indexing/SelectTodayInDatePickerIndex

2020-06-07 22:11:50 - [TEST_STEP][PASSED] - Thread.sleep(1000): null

2020-06-07 22:11:51 - [TEST_STEP][PASSED] - date = new java.util.Date(): null

2020-06-07 22:11:51 - [TEST_STEP][PASSED] - CurrentDate = new java.text.SimpleDateFormat(dd/MM/yyyy): null

2020-06-07 22:11:51 - [TEST_STEP][PASSED] - TodayDate = CurrentDate.format(date): null

2020-06-07 22:11:51 - [TEST_STEP][PASSED] - DateFieldNm = modifyObjectProperty(findTestObject("Objects.HighlightElements/input_field_index"), "xpath", "equals", "(//*[contains(@class,'x-form-text') and (@name='" + FldNm + "')])[" + idx + "]", true): Modify property of object successfully

2020-06-07 22:11:51 - [MESSAGE][PASSED] - Modify property of object successfully

2020-06-07 22:11:51 - [TEST_STEP][PASSED] - TodayBtn = modifyObjectProperty(findTestObject("Object Repository/Objects.DateValidation/Page_ISPS2/a_Today"), "xpath", "equals", "(//*[text() = 'Today'])[" + index + "]", true): Modify property of object successfully

2020-06-07 22:11:52 - [MESSAGE][PASSED] - Modify property of object successfully

2020-06-07 22:11:52 - [TEST_STEP][PASSED] - sendKeys(DateFieldNm, Keys.chord(ARROW_DOWN)): Keys 'DOWN + ' sent to object: 'Object Repository/Objects.HighlightElements/input_field_index'

2020-06-07 22:11:52 - [MESSAGE][PASSED] - Keys 'DOWN + ' sent to object: 'Object Repository/Objects.HighlightElements/input_field_index'

2020-06-07 22:11:52 - [TEST_STEP][PASSED] - com.reusableComponents.HighlightElement.run(TodayBtn): com.reusableComponents.HighlightElement.run is PASSED

2020-06-07 22:11:54 - [MESSAGE][PASSED] - com.reusableComponents.HighlightElement.run is PASSED

2020-06-07 22:11:54 - [TEST_STEP][PASSED] - click(TodayBtn): Object: 'Object Repository/Objects.DateValidation/Page_ISPS2/a_Today' is clicked on

2020-06-07 22:11:55 - [MESSAGE][ERROR] - javascript error: Failed to execute 'elementsFromPoint' on 'Document': The provided double value is non-finite.
  (Session info: chrome=79.0.3945.88)
Build info: version: '3.141.59', revision: 'e82be7d358', time: '2018-11-14T08:25:53'
System info: host: 'NSNB-004', ip: '192.168.16.44', os.name: 'Windows 10', os.arch: 'amd64', os.version: '10.0', java.version: '1.8.0_181'
Driver info: com.kms.katalon.selenium.driver.CChromeDriver
Capabilities {acceptInsecureCerts: false, browserName: chrome, browserVersion: 79.0.3945.88, chrome: {chromedriverVersion: 79.0.3945.36 (3582db32b3389..., userDataDir: C:\Users\20008-~1\AppData\L...}, goog:chromeOptions: {debuggerAddress: localhost:62976}, javascriptEnabled: true, networkConnectionEnabled: false, pageLoadStrategy: normal, platform: WINDOWS, platformName: WINDOWS, proxy: Proxy(), setWindowRect: true, strictFileInteractability: false, timeouts: {implicit: 0, pageLoad: 300000, script: 30000}, unhandledPromptBehavior: dismiss and notify}
Session ID: f9b533dbca20f868c58d27f909bb2230

2020-06-07 22:12:25 - [MESSAGE][ERROR] - javascript error: Failed to execute 'elementsFromPoint' on 'Document': The provided double value is non-finite.
  (Session info: chrome=79.0.3945.88)
Build info: version: '3.141.59', revision: 'e82be7d358', time: '2018-11-14T08:25:53'
System info: host: 'NSNB-004', ip: '192.168.16.44', os.name: 'Windows 10', os.arch: 'amd64', os.version: '10.0', java.version: '1.8.0_181'
Driver info: com.kms.katalon.selenium.driver.CChromeDriver
Capabilities {acceptInsecureCerts: false, browserName: chrome, browserVersion: 79.0.3945.88, chrome: {chromedriverVersion: 79.0.3945.36 (3582db32b3389..., userDataDir: C:\Users\20008-~1\AppData\L...}, goog:chromeOptions: {debuggerAddress: localhost:62976}, javascriptEnabled: true, networkConnectionEnabled: false, pageLoadStrategy: normal, platform: WINDOWS, platformName: WINDOWS, proxy: Proxy(), setWindowRect: true, strictFileInteractability: false, timeouts: {implicit: 0, pageLoad: 300000, script: 30000}, unhandledPromptBehavior: dismiss and notify}
Session ID: f9b533dbca20f868c58d27f909bb2230

2020-06-07 22:12:25 - [MESSAGE][PASSED] - Object: 'Object Repository/Objects.DateValidation/Page_ISPS2/a_Today' is clicked on

2020-06-07 22:12:25 - [TEST_STEP][PASSED] - GetEnteredDate = getAttribute(DateFieldNm, "value"): Attribute 'value' of object 'Object Repository/Objects.HighlightElements/input_field_index' is: '07/06/2020'

2020-06-07 22:12:26 - [MESSAGE][PASSED] - Attribute 'value' of object 'Object Repository/Objects.HighlightElements/input_field_index' is: '07/06/2020'

2020-06-07 22:12:26 - [TEST_STEP][PASSED] - verifyMatch(GetEnteredDate, TodayDate, true): Actual text '07/06/2020' and expected text '07/06/2020' are matched  using regular expression

2020-06-07 22:12:26 - [MESSAGE][PASSED] - Actual text '07/06/2020' and expected text '07/06/2020' are matched  using regular expression

2020-06-07 22:12:26 - [MESSAGE][PASSED] - Call Test Case 'Test Cases/PFI Precision and Scale/PFI Components with Indexing/SelectTodayInDatePickerIndex' successfully

2020-06-07 22:12:26 - [TEST_STEP][PASSED] - callTestCase(findTestCase("PFI Precision and Scale/PFI Components with Indexing/PastDateAfterErrorIndex"), ["FldNm":"inspToDt", "index":1], STOP_ON_FAILURE): Call Test Case 'Test Cases/PFI Precision and Scale/PFI Components with Indexing/PastDateAfterErrorIndex' successfully

2020-06-07 22:12:26 - [TEST_CASE][PASSED] - Test Cases/PFI Precision and Scale/PFI Components with Indexing/PastDateAfterErrorIndex: Test Cases/PFI Precision and Scale/PFI Components with Indexing/PastDateAfterErrorIndex

2020-06-07 22:12:27 - [TEST_STEP][PASSED] - Thread.sleep(1000): null

2020-06-07 22:12:28 - [TEST_STEP][PASSED] - date = new java.util.Date(): null

2020-06-07 22:12:28 - [TEST_STEP][PASSED] - DateFormat = new java.text.SimpleDateFormat(dd/MM/yyyy): null

2020-06-07 22:12:28 - [TEST_STEP][PASSED] - CurrentDate = DateFormat.format(date): null

2020-06-07 22:12:28 - [TEST_STEP][PASSED] - DateFieldNm = modifyObjectProperty(findTestObject("Objects.HighlightElements/input_field_index"), "xpath", "equals", "(//*[contains(@class,'x-form-text') and (@name='" + FldNm + "')])[" + index + "]", true): Modify property of object successfully

2020-06-07 22:12:28 - [MESSAGE][PASSED] - Modify property of object successfully

2020-06-07 22:12:28 - [TEST_STEP][PASSED] - GetDateValue = getAttribute(DateFieldNm, "value"): Attribute 'value' of object 'Object Repository/Objects.HighlightElements/input_field_index' is: '07/06/2020'

2020-06-07 22:12:29 - [MESSAGE][PASSED] - Attribute 'value' of object 'Object Repository/Objects.HighlightElements/input_field_index' is: '07/06/2020'

2020-06-07 22:12:29 - [TEST_STEP][PASSED] - verifyMatch(GetDateValue, CurrentDate, true): Actual text '07/06/2020' and expected text '07/06/2020' are matched  using regular expression

2020-06-07 22:12:29 - [MESSAGE][PASSED] - Actual text '07/06/2020' and expected text '07/06/2020' are matched  using regular expression

2020-06-07 22:12:29 - [TEST_STEP][PASSED] - PastDate = date - 30: null

2020-06-07 22:12:29 - [TEST_STEP][PASSED] - PastDateFormatted = PastDate.format("dd/MM/yyyy"): null

2020-06-07 22:12:29 - [TEST_STEP][PASSED] - setText(DateFieldNm, PastDateFormatted): Text '08/05/2020' is set on object 'Object Repository/Objects.HighlightElements/input_field_index'

2020-06-07 22:12:30 - [MESSAGE][PASSED] - Text '08/05/2020' is set on object 'Object Repository/Objects.HighlightElements/input_field_index'

2020-06-07 22:12:30 - [TEST_STEP][PASSED] - mouseOver(DateFieldNm, STOP_ON_FAILURE): Object: 'Object Repository/Objects.HighlightElements/input_field_index' is hovered

2020-06-07 22:12:31 - [MESSAGE][PASSED] - Object: 'Object Repository/Objects.HighlightElements/input_field_index' is hovered

2020-06-07 22:12:31 - [TEST_STEP][PASSED] - PastDtErrMsg = getAttribute(DateFieldNm, "data-errorqtip", STOP_ON_FAILURE): Attribute 'data-errorqtip' of object 'Object Repository/Objects.HighlightElements/input_field_index' is: '<ul class="x-list-plain"><li>The date in this field must be after 07/06/2020</li></ul>'

2020-06-07 22:12:31 - [MESSAGE][PASSED] - Attribute 'data-errorqtip' of object 'Object Repository/Objects.HighlightElements/input_field_index' is: '<ul class="x-list-plain"><li>The date in this field must be after 07/06/2020</li></ul>'

2020-06-07 22:12:31 - [TEST_STEP][PASSED] - lenErrMsg = PastDtErrMsg.length(): null

2020-06-07 22:12:31 - [TEST_STEP][PASSED] - RmvCde = PastDtErrMsg.substring(29, lenErrMsg): null

2020-06-07 22:12:31 - [TEST_STEP][PASSED] - ActualErrDtMsg = RmvCde.substring(0, 47): null

2020-06-07 22:12:31 - [TEST_STEP][PASSED] - ExpectedErrDtMsg = concatenate(DtErrMsg, " ", CurrentDate): Concatenated string array: '['The date in this field must be after',' ','07/06/2020']' into 'The date in this field must be after 07/06/2020'

2020-06-07 22:12:31 - [MESSAGE][PASSED] - Concatenated string array: '['The date in this field must be after',' ','07/06/2020']' into 'The date in this field must be after 07/06/2020'

2020-06-07 22:12:31 - [TEST_STEP][PASSED] - verifyMatch(ActualErrDtMsg, ExpectedErrDtMsg, true): Actual text 'The date in this field must be after 07/06/2020' and expected text 'The date in this field must be after 07/06/2020' are matched  using regular expression

2020-06-07 22:12:31 - [MESSAGE][PASSED] - Actual text 'The date in this field must be after 07/06/2020' and expected text 'The date in this field must be after 07/06/2020' are matched  using regular expression

2020-06-07 22:12:31 - [TEST_STEP][PASSED] - FromDate = getAttribute(DateFieldNm, "value"): Attribute 'value' of object 'Object Repository/Objects.HighlightElements/input_field_index' is: '08/05/2020'

2020-06-07 22:12:32 - [MESSAGE][PASSED] - Attribute 'value' of object 'Object Repository/Objects.HighlightElements/input_field_index' is: '08/05/2020'

2020-06-07 22:12:32 - [MESSAGE][PASSED] - Call Test Case 'Test Cases/PFI Precision and Scale/PFI Components with Indexing/PastDateAfterErrorIndex' successfully

2020-06-07 22:12:32 - [TEST_STEP][PASSED] - callTestCase(findTestCase("PFI Precision and Scale/PFI Components with Indexing/PastDateBeforeErrorIndex"), ["FldNm":"inspDt", "index":1], STOP_ON_FAILURE): Call Test Case 'Test Cases/PFI Precision and Scale/PFI Components with Indexing/PastDateBeforeErrorIndex' successfully

2020-06-07 22:12:32 - [TEST_CASE][PASSED] - Test Cases/PFI Precision and Scale/PFI Components with Indexing/PastDateBeforeErrorIndex: Test Cases/PFI Precision and Scale/PFI Components with Indexing/PastDateBeforeErrorIndex

2020-06-07 22:12:33 - [TEST_STEP][PASSED] - Thread.sleep(1000): null

2020-06-07 22:12:34 - [TEST_STEP][PASSED] - DateFieldNm = modifyObjectProperty(findTestObject("Objects.HighlightElements/input_field_index"), "xpath", "equals", "(//*[contains(@class,'x-form-text') and (@name='" + FldNm + "')])[" + index + "]", true): Modify property of object successfully

2020-06-07 22:12:34 - [MESSAGE][PASSED] - Modify property of object successfully

2020-06-07 22:12:34 - [TEST_STEP][PASSED] - mouseOver(DateFieldNm): Object: 'Object Repository/Objects.HighlightElements/input_field_index' is hovered

2020-06-07 22:12:35 - [MESSAGE][PASSED] - Object: 'Object Repository/Objects.HighlightElements/input_field_index' is hovered

2020-06-07 22:12:35 - [TEST_STEP][PASSED] - PastDtErrMsg = getAttribute(DateFieldNm, "data-errorqtip", STOP_ON_FAILURE): Attribute 'data-errorqtip' of object 'Object Repository/Objects.HighlightElements/input_field_index' is: '<ul class="x-list-plain"><li>The date in this field must be before 08/05/2020</li></ul>'

2020-06-07 22:12:35 - [MESSAGE][PASSED] - Attribute 'data-errorqtip' of object 'Object Repository/Objects.HighlightElements/input_field_index' is: '<ul class="x-list-plain"><li>The date in this field must be before 08/05/2020</li></ul>'

2020-06-07 22:12:35 - [TEST_STEP][PASSED] - lenErrMsg = PastDtErrMsg.length(): null

2020-06-07 22:12:35 - [TEST_STEP][PASSED] - RmvCde = PastDtErrMsg.substring(29, lenErrMsg): null

2020-06-07 22:12:35 - [TEST_STEP][PASSED] - ActualErrDtMsg = RmvCde.substring(0, 48): null

2020-06-07 22:12:35 - [TEST_STEP][PASSED] - ExpectedErrDtMsg = concatenate(findTestData("PrecisionAndScaleDB").getValue("ErrorMessage", 7), " ", FromDate): Concatenated string array: '['The date in this field must be before',' ','08/05/2020']' into 'The date in this field must be before 08/05/2020'

2020-06-07 22:12:35 - [MESSAGE][PASSED] - Concatenated string array: '['The date in this field must be before',' ','08/05/2020']' into 'The date in this field must be before 08/05/2020'

2020-06-07 22:12:35 - [TEST_STEP][PASSED] - verifyMatch(ActualErrDtMsg, ExpectedErrDtMsg, true): Actual text 'The date in this field must be before 08/05/2020' and expected text 'The date in this field must be before 08/05/2020' are matched  using regular expression

2020-06-07 22:12:35 - [MESSAGE][PASSED] - Actual text 'The date in this field must be before 08/05/2020' and expected text 'The date in this field must be before 08/05/2020' are matched  using regular expression

2020-06-07 22:12:35 - [MESSAGE][PASSED] - Call Test Case 'Test Cases/PFI Precision and Scale/PFI Components with Indexing/PastDateBeforeErrorIndex' successfully

2020-06-07 22:12:35 - [TEST_STEP][PASSED] - callTestCase(findTestCase("Components/SelectAllThenDeleteIndex"), ["nameToBeUsed":"inspWeight", "index":"1"], STOP_ON_FAILURE): Call Test Case 'Test Cases/Components/SelectAllThenDeleteIndex' successfully

2020-06-07 22:12:35 - [TEST_CASE][PASSED] - Test Cases/Components/SelectAllThenDeleteIndex: Test Cases/Components/SelectAllThenDeleteIndex

2020-06-07 22:12:35 - [TEST_STEP][PASSED] - Thread.sleep(1000): null

2020-06-07 22:12:36 - [TEST_STEP][PASSED] - modifiedObj = modifyObjectProperty(findTestObject("Object Repository/Objects.HighlightElements/input_field_index"), "xpath", "equals", "(//*[contains(@class,'x-form-text') and (@name='" + nameToBeUsed + "')])[" + index + "]", true): Modify property of object successfully

2020-06-07 22:12:36 - [MESSAGE][PASSED] - Modify property of object successfully

2020-06-07 22:12:36 - [TEST_STEP][PASSED] - focus(modifiedObj): Object: 'Object Repository/Objects.HighlightElements/input_field_index' is focused

2020-06-07 22:12:37 - [MESSAGE][PASSED] - Object: 'Object Repository/Objects.HighlightElements/input_field_index' is focused

2020-06-07 22:12:37 - [TEST_STEP][PASSED] - sendKeys(modifiedObj, Keys.chord(CONTROL, "a")): Keys 'CONTROL + a' sent to object: 'Object Repository/Objects.HighlightElements/input_field_index'

2020-06-07 22:12:37 - [MESSAGE][PASSED] - Keys 'CONTROL + a' sent to object: 'Object Repository/Objects.HighlightElements/input_field_index'

2020-06-07 22:12:37 - [TEST_STEP][PASSED] - sendKeys(modifiedObj, Keys.chord(DELETE)): Keys 'DELETE + ' sent to object: 'Object Repository/Objects.HighlightElements/input_field_index'

2020-06-07 22:12:38 - [MESSAGE][PASSED] - Keys 'DELETE + ' sent to object: 'Object Repository/Objects.HighlightElements/input_field_index'

2020-06-07 22:12:38 - [MESSAGE][PASSED] - Call Test Case 'Test Cases/Components/SelectAllThenDeleteIndex' successfully

2020-06-07 22:12:38 - [TEST_STEP][PASSED] - callTestCase(findTestCase("Components/SelectAllThenDeleteIndex"), ["nameToBeUsed":"noOfBldg", "index":"1"], STOP_ON_FAILURE): Call Test Case 'Test Cases/Components/SelectAllThenDeleteIndex' successfully

2020-06-07 22:12:38 - [TEST_CASE][PASSED] - Test Cases/Components/SelectAllThenDeleteIndex: Test Cases/Components/SelectAllThenDeleteIndex

2020-06-07 22:12:38 - [TEST_STEP][PASSED] - Thread.sleep(1000): null

2020-06-07 22:12:39 - [TEST_STEP][PASSED] - modifiedObj = modifyObjectProperty(findTestObject("Object Repository/Objects.HighlightElements/input_field_index"), "xpath", "equals", "(//*[contains(@class,'x-form-text') and (@name='" + nameToBeUsed + "')])[" + index + "]", true): Modify property of object successfully

2020-06-07 22:12:39 - [MESSAGE][PASSED] - Modify property of object successfully

2020-06-07 22:12:39 - [TEST_STEP][PASSED] - focus(modifiedObj): Object: 'Object Repository/Objects.HighlightElements/input_field_index' is focused

2020-06-07 22:12:39 - [MESSAGE][PASSED] - Object: 'Object Repository/Objects.HighlightElements/input_field_index' is focused

2020-06-07 22:12:39 - [TEST_STEP][PASSED] - sendKeys(modifiedObj, Keys.chord(CONTROL, "a")): Keys 'CONTROL + a' sent to object: 'Object Repository/Objects.HighlightElements/input_field_index'

2020-06-07 22:12:40 - [MESSAGE][PASSED] - Keys 'CONTROL + a' sent to object: 'Object Repository/Objects.HighlightElements/input_field_index'

2020-06-07 22:12:40 - [TEST_STEP][PASSED] - sendKeys(modifiedObj, Keys.chord(DELETE)): Keys 'DELETE + ' sent to object: 'Object Repository/Objects.HighlightElements/input_field_index'

2020-06-07 22:12:40 - [MESSAGE][PASSED] - Keys 'DELETE + ' sent to object: 'Object Repository/Objects.HighlightElements/input_field_index'

2020-06-07 22:12:40 - [MESSAGE][PASSED] - Call Test Case 'Test Cases/Components/SelectAllThenDeleteIndex' successfully

2020-06-07 22:12:40 - [TEST_STEP][PASSED] - callTestCase(findTestCase("Components/SelectAllThenDeleteIndex"), ["nameToBeUsed":"inspDt", "index":"1"], STOP_ON_FAILURE): Call Test Case 'Test Cases/Components/SelectAllThenDeleteIndex' successfully

2020-06-07 22:12:40 - [TEST_CASE][PASSED] - Test Cases/Components/SelectAllThenDeleteIndex: Test Cases/Components/SelectAllThenDeleteIndex

2020-06-07 22:12:40 - [TEST_STEP][PASSED] - Thread.sleep(1000): null

2020-06-07 22:12:41 - [TEST_STEP][PASSED] - modifiedObj = modifyObjectProperty(findTestObject("Object Repository/Objects.HighlightElements/input_field_index"), "xpath", "equals", "(//*[contains(@class,'x-form-text') and (@name='" + nameToBeUsed + "')])[" + index + "]", true): Modify property of object successfully

2020-06-07 22:12:42 - [MESSAGE][PASSED] - Modify property of object successfully

2020-06-07 22:12:42 - [TEST_STEP][PASSED] - focus(modifiedObj): Object: 'Object Repository/Objects.HighlightElements/input_field_index' is focused

2020-06-07 22:12:42 - [MESSAGE][PASSED] - Object: 'Object Repository/Objects.HighlightElements/input_field_index' is focused

2020-06-07 22:12:42 - [TEST_STEP][PASSED] - sendKeys(modifiedObj, Keys.chord(CONTROL, "a")): Keys 'CONTROL + a' sent to object: 'Object Repository/Objects.HighlightElements/input_field_index'

2020-06-07 22:12:43 - [MESSAGE][PASSED] - Keys 'CONTROL + a' sent to object: 'Object Repository/Objects.HighlightElements/input_field_index'

2020-06-07 22:12:43 - [TEST_STEP][PASSED] - sendKeys(modifiedObj, Keys.chord(DELETE)): Keys 'DELETE + ' sent to object: 'Object Repository/Objects.HighlightElements/input_field_index'

2020-06-07 22:12:43 - [MESSAGE][PASSED] - Keys 'DELETE + ' sent to object: 'Object Repository/Objects.HighlightElements/input_field_index'

2020-06-07 22:12:43 - [MESSAGE][PASSED] - Call Test Case 'Test Cases/Components/SelectAllThenDeleteIndex' successfully

2020-06-07 22:12:43 - [TEST_STEP][PASSED] - callTestCase(findTestCase("Components/SelectAllThenDeleteIndex"), ["nameToBeUsed":"inspToDt", "index":"1"], STOP_ON_FAILURE): Call Test Case 'Test Cases/Components/SelectAllThenDeleteIndex' successfully

2020-06-07 22:12:43 - [TEST_CASE][PASSED] - Test Cases/Components/SelectAllThenDeleteIndex: Test Cases/Components/SelectAllThenDeleteIndex

2020-06-07 22:12:43 - [TEST_STEP][PASSED] - Thread.sleep(1000): null

2020-06-07 22:12:44 - [TEST_STEP][PASSED] - modifiedObj = modifyObjectProperty(findTestObject("Object Repository/Objects.HighlightElements/input_field_index"), "xpath", "equals", "(//*[contains(@class,'x-form-text') and (@name='" + nameToBeUsed + "')])[" + index + "]", true): Modify property of object successfully

2020-06-07 22:12:44 - [MESSAGE][PASSED] - Modify property of object successfully

2020-06-07 22:12:44 - [TEST_STEP][PASSED] - focus(modifiedObj): Object: 'Object Repository/Objects.HighlightElements/input_field_index' is focused

2020-06-07 22:12:45 - [MESSAGE][PASSED] - Object: 'Object Repository/Objects.HighlightElements/input_field_index' is focused

2020-06-07 22:12:45 - [TEST_STEP][PASSED] - sendKeys(modifiedObj, Keys.chord(CONTROL, "a")): Keys 'CONTROL + a' sent to object: 'Object Repository/Objects.HighlightElements/input_field_index'

2020-06-07 22:12:45 - [MESSAGE][PASSED] - Keys 'CONTROL + a' sent to object: 'Object Repository/Objects.HighlightElements/input_field_index'

2020-06-07 22:12:45 - [TEST_STEP][PASSED] - sendKeys(modifiedObj, Keys.chord(DELETE)): Keys 'DELETE + ' sent to object: 'Object Repository/Objects.HighlightElements/input_field_index'

2020-06-07 22:12:46 - [MESSAGE][PASSED] - Keys 'DELETE + ' sent to object: 'Object Repository/Objects.HighlightElements/input_field_index'

2020-06-07 22:12:46 - [MESSAGE][PASSED] - Call Test Case 'Test Cases/Components/SelectAllThenDeleteIndex' successfully

2020-06-07 22:12:46 - [TEST_STEP][PASSED] - callTestCase(findTestCase("PFI Precision and Scale/PFI Components with Indexing/RequiredFieldValidationIndex"), ["nameToBeUsed":"inspWeight", "index":1], STOP_ON_FAILURE): Call Test Case 'Test Cases/PFI Precision and Scale/PFI Components with Indexing/RequiredFieldValidationIndex' successfully

2020-06-07 22:12:46 - [TEST_CASE][PASSED] - Test Cases/PFI Precision and Scale/PFI Components with Indexing/RequiredFieldValidationIndex: Test Cases/PFI Precision and Scale/PFI Components with Indexing/RequiredFieldValidationIndex

2020-06-07 22:12:46 - [TEST_STEP][PASSED] - enableSmartWait(): null

2020-06-07 22:12:46 - [TEST_STEP][PASSED] - NewInputNmField = modifyObjectProperty(findTestObject("Objects.HighlightElements/input_field_index"), "xpath", "equals", "(//*[contains(@class,'x-form-text') and (@name='" + nameToBeUsed + "')])[" + index + "]", true): Modify property of object successfully

2020-06-07 22:12:46 - [MESSAGE][PASSED] - Modify property of object successfully

2020-06-07 22:12:46 - [TEST_STEP][PASSED] - mouseOver(NewInputNmField): Object: 'Object Repository/Objects.HighlightElements/input_field_index' is hovered

2020-06-07 22:12:47 - [MESSAGE][PASSED] - Object: 'Object Repository/Objects.HighlightElements/input_field_index' is hovered

2020-06-07 22:12:47 - [TEST_STEP][PASSED] - getRqErrMsg = getAttribute(NewInputNmField, "data-errorqtip"): Attribute 'data-errorqtip' of object 'Object Repository/Objects.HighlightElements/input_field_index' is: '<ul class="x-list-plain"><li>This field is required</li></ul>'

2020-06-07 22:12:47 - [MESSAGE][PASSED] - Attribute 'data-errorqtip' of object 'Object Repository/Objects.HighlightElements/input_field_index' is: '<ul class="x-list-plain"><li>This field is required</li></ul>'

2020-06-07 22:12:47 - [TEST_STEP][PASSED] - strToolTip = getRqErrMsg.substring(29, 61): null

2020-06-07 22:12:47 - [TEST_STEP][PASSED] - toolTipReqErrMsg = strToolTip.substring(0, 22): null

2020-06-07 22:12:47 - [TEST_STEP][PASSED] - verifyMatch(toolTipReqErrMsg, RqField, true): Actual text 'This field is required' and expected text 'This field is required' are matched  using regular expression

2020-06-07 22:12:47 - [MESSAGE][PASSED] - Actual text 'This field is required' and expected text 'This field is required' are matched  using regular expression

2020-06-07 22:12:47 - [MESSAGE][PASSED] - Call Test Case 'Test Cases/PFI Precision and Scale/PFI Components with Indexing/RequiredFieldValidationIndex' successfully

2020-06-07 22:12:47 - [TEST_STEP][PASSED] - callTestCase(findTestCase("PFI Precision and Scale/PFI Components with Indexing/RequiredFieldValidationIndex"), ["nameToBeUsed":"noOfBldg", "index":1], STOP_ON_FAILURE): Call Test Case 'Test Cases/PFI Precision and Scale/PFI Components with Indexing/RequiredFieldValidationIndex' successfully

2020-06-07 22:12:47 - [TEST_CASE][PASSED] - Test Cases/PFI Precision and Scale/PFI Components with Indexing/RequiredFieldValidationIndex: Test Cases/PFI Precision and Scale/PFI Components with Indexing/RequiredFieldValidationIndex

2020-06-07 22:12:47 - [TEST_STEP][PASSED] - enableSmartWait(): null

2020-06-07 22:12:47 - [TEST_STEP][PASSED] - NewInputNmField = modifyObjectProperty(findTestObject("Objects.HighlightElements/input_field_index"), "xpath", "equals", "(//*[contains(@class,'x-form-text') and (@name='" + nameToBeUsed + "')])[" + index + "]", true): Modify property of object successfully

2020-06-07 22:12:47 - [MESSAGE][PASSED] - Modify property of object successfully

2020-06-07 22:12:47 - [TEST_STEP][PASSED] - mouseOver(NewInputNmField): Object: 'Object Repository/Objects.HighlightElements/input_field_index' is hovered

2020-06-07 22:12:48 - [MESSAGE][PASSED] - Object: 'Object Repository/Objects.HighlightElements/input_field_index' is hovered

2020-06-07 22:12:48 - [TEST_STEP][PASSED] - getRqErrMsg = getAttribute(NewInputNmField, "data-errorqtip"): Attribute 'data-errorqtip' of object 'Object Repository/Objects.HighlightElements/input_field_index' is: '<ul class="x-list-plain"><li>This field is required</li></ul>'

2020-06-07 22:12:49 - [MESSAGE][PASSED] - Attribute 'data-errorqtip' of object 'Object Repository/Objects.HighlightElements/input_field_index' is: '<ul class="x-list-plain"><li>This field is required</li></ul>'

2020-06-07 22:12:49 - [TEST_STEP][PASSED] - strToolTip = getRqErrMsg.substring(29, 61): null

2020-06-07 22:12:49 - [TEST_STEP][PASSED] - toolTipReqErrMsg = strToolTip.substring(0, 22): null

2020-06-07 22:12:49 - [TEST_STEP][PASSED] - verifyMatch(toolTipReqErrMsg, RqField, true): Actual text 'This field is required' and expected text 'This field is required' are matched  using regular expression

2020-06-07 22:12:49 - [MESSAGE][PASSED] - Actual text 'This field is required' and expected text 'This field is required' are matched  using regular expression

2020-06-07 22:12:49 - [MESSAGE][PASSED] - Call Test Case 'Test Cases/PFI Precision and Scale/PFI Components with Indexing/RequiredFieldValidationIndex' successfully

2020-06-07 22:12:49 - [TEST_STEP][PASSED] - callTestCase(findTestCase("PFI Precision and Scale/PFI Components with Indexing/RequiredFieldValidationIndex"), ["nameToBeUsed":"inspDt", "index":1], STOP_ON_FAILURE): Call Test Case 'Test Cases/PFI Precision and Scale/PFI Components with Indexing/RequiredFieldValidationIndex' successfully

2020-06-07 22:12:49 - [TEST_CASE][PASSED] - Test Cases/PFI Precision and Scale/PFI Components with Indexing/RequiredFieldValidationIndex: Test Cases/PFI Precision and Scale/PFI Components with Indexing/RequiredFieldValidationIndex

2020-06-07 22:12:49 - [TEST_STEP][PASSED] - enableSmartWait(): null

2020-06-07 22:12:49 - [TEST_STEP][PASSED] - NewInputNmField = modifyObjectProperty(findTestObject("Objects.HighlightElements/input_field_index"), "xpath", "equals", "(//*[contains(@class,'x-form-text') and (@name='" + nameToBeUsed + "')])[" + index + "]", true): Modify property of object successfully

2020-06-07 22:12:49 - [MESSAGE][PASSED] - Modify property of object successfully

2020-06-07 22:12:49 - [TEST_STEP][PASSED] - mouseOver(NewInputNmField): Object: 'Object Repository/Objects.HighlightElements/input_field_index' is hovered

2020-06-07 22:12:49 - [MESSAGE][PASSED] - Object: 'Object Repository/Objects.HighlightElements/input_field_index' is hovered

2020-06-07 22:12:49 - [TEST_STEP][PASSED] - getRqErrMsg = getAttribute(NewInputNmField, "data-errorqtip"): Attribute 'data-errorqtip' of object 'Object Repository/Objects.HighlightElements/input_field_index' is: '<ul class="x-list-plain"><li>This field is required</li></ul>'

2020-06-07 22:12:50 - [MESSAGE][PASSED] - Attribute 'data-errorqtip' of object 'Object Repository/Objects.HighlightElements/input_field_index' is: '<ul class="x-list-plain"><li>This field is required</li></ul>'

2020-06-07 22:12:50 - [TEST_STEP][PASSED] - strToolTip = getRqErrMsg.substring(29, 61): null

2020-06-07 22:12:50 - [TEST_STEP][PASSED] - toolTipReqErrMsg = strToolTip.substring(0, 22): null

2020-06-07 22:12:50 - [TEST_STEP][PASSED] - verifyMatch(toolTipReqErrMsg, RqField, true): Actual text 'This field is required' and expected text 'This field is required' are matched  using regular expression

2020-06-07 22:12:50 - [MESSAGE][PASSED] - Actual text 'This field is required' and expected text 'This field is required' are matched  using regular expression

2020-06-07 22:12:50 - [MESSAGE][PASSED] - Call Test Case 'Test Cases/PFI Precision and Scale/PFI Components with Indexing/RequiredFieldValidationIndex' successfully

2020-06-07 22:12:50 - [TEST_STEP][PASSED] - callTestCase(findTestCase("PFI Precision and Scale/PFI Components with Indexing/RequiredFieldValidationIndex"), ["nameToBeUsed":"inspToDt", "index":1], STOP_ON_FAILURE): Call Test Case 'Test Cases/PFI Precision and Scale/PFI Components with Indexing/RequiredFieldValidationIndex' successfully

2020-06-07 22:12:50 - [TEST_CASE][PASSED] - Test Cases/PFI Precision and Scale/PFI Components with Indexing/RequiredFieldValidationIndex: Test Cases/PFI Precision and Scale/PFI Components with Indexing/RequiredFieldValidationIndex

2020-06-07 22:12:50 - [TEST_STEP][PASSED] - enableSmartWait(): null

2020-06-07 22:12:50 - [TEST_STEP][PASSED] - NewInputNmField = modifyObjectProperty(findTestObject("Objects.HighlightElements/input_field_index"), "xpath", "equals", "(//*[contains(@class,'x-form-text') and (@name='" + nameToBeUsed + "')])[" + index + "]", true): Modify property of object successfully

2020-06-07 22:12:50 - [MESSAGE][PASSED] - Modify property of object successfully

2020-06-07 22:12:50 - [TEST_STEP][PASSED] - mouseOver(NewInputNmField): Object: 'Object Repository/Objects.HighlightElements/input_field_index' is hovered

2020-06-07 22:12:51 - [MESSAGE][PASSED] - Object: 'Object Repository/Objects.HighlightElements/input_field_index' is hovered

2020-06-07 22:12:51 - [TEST_STEP][PASSED] - getRqErrMsg = getAttribute(NewInputNmField, "data-errorqtip"): Attribute 'data-errorqtip' of object 'Object Repository/Objects.HighlightElements/input_field_index' is: '<ul class="x-list-plain"><li>This field is required</li></ul>'

2020-06-07 22:12:51 - [MESSAGE][PASSED] - Attribute 'data-errorqtip' of object 'Object Repository/Objects.HighlightElements/input_field_index' is: '<ul class="x-list-plain"><li>This field is required</li></ul>'

2020-06-07 22:12:51 - [TEST_STEP][PASSED] - strToolTip = getRqErrMsg.substring(29, 61): null

2020-06-07 22:12:51 - [TEST_STEP][PASSED] - toolTipReqErrMsg = strToolTip.substring(0, 22): null

2020-06-07 22:12:51 - [TEST_STEP][PASSED] - verifyMatch(toolTipReqErrMsg, RqField, true): Actual text 'This field is required' and expected text 'This field is required' are matched  using regular expression

2020-06-07 22:12:51 - [MESSAGE][PASSED] - Actual text 'This field is required' and expected text 'This field is required' are matched  using regular expression

2020-06-07 22:12:51 - [MESSAGE][PASSED] - Call Test Case 'Test Cases/PFI Precision and Scale/PFI Components with Indexing/RequiredFieldValidationIndex' successfully

2020-06-07 22:12:51 - [TEST_STEP][NOT_RUN] - callTestCase(findTestCase("Components/ClickBlueButtonsWithXPI"), ["Button":"Add", "Index":1], STOP_ON_FAILURE): NOT_RUN: callTestCase(findTestCase("Components/ClickBlueButtonsWithXPI"), ["Button":"Add", "Index":1], STOP_ON_FAILURE)

2020-06-07 22:12:51 - [MESSAGE][NOT_RUN] - NOT_RUN: callTestCase(findTestCase("Components/ClickBlueButtonsWithXPI"), ["Button":"Add", "Index":1], STOP_ON_FAILURE)

2020-06-07 22:12:51 - [TEST_STEP][PASSED] - callTestCase(findTestCase("Components/ClickAddButtonII"), ["Index":1], STOP_ON_FAILURE): Call Test Case 'Test Cases/Components/ClickAddButtonII' successfully

2020-06-07 22:12:51 - [TEST_CASE][PASSED] - Test Cases/Components/ClickAddButtonII: Test Cases/Components/ClickAddButtonII

2020-06-07 22:12:52 - [TEST_STEP][PASSED] - Thread.sleep(1000): null

2020-06-07 22:12:53 - [TEST_STEP][PASSED] - modifiedIcon = modifyObjectProperty(findTestObject("Objects.ClickAddButtonII/XP_AddButton"), "xpath", "equals", "(//span[@class='x-btn-icon-el x-btn-icon-el-default-toolbar-small ncn-icon-action-add '])[" + Index + "]", true): Modify property of object successfully

2020-06-07 22:12:53 - [MESSAGE][PASSED] - Modify property of object successfully

2020-06-07 22:12:53 - [TEST_STEP][PASSED] - click(modifiedIcon): Object: 'Object Repository/Objects.ClickAddButtonII/XP_AddButton' is clicked on

2020-06-07 22:12:55 - [MESSAGE][PASSED] - Object: 'Object Repository/Objects.ClickAddButtonII/XP_AddButton' is clicked on

2020-06-07 22:12:55 - [MESSAGE][PASSED] - Call Test Case 'Test Cases/Components/ClickAddButtonII' successfully

2020-06-07 22:12:55 - [TEST_STEP][PASSED] - callTestCase(findTestCase("Components/HighlightLabelFieldXPI"), ["LblName":"Address", "index":1], STOP_ON_FAILURE): Call Test Case 'Test Cases/Components/HighlightLabelFieldXPI' successfully

2020-06-07 22:12:55 - [TEST_CASE][PASSED] - Test Cases/Components/HighlightLabelFieldXPI: Test Cases/Components/HighlightLabelFieldXPI

2020-06-07 22:12:55 - [TEST_STEP][PASSED] - Thread.sleep(1000): null

2020-06-07 22:12:56 - [TEST_STEP][PASSED] - modifiedLblNm = modifyObjectProperty(findTestObject("Object Repository/Objects.HighlightElements/lblField_index"), "xpath", "equals", "(//*[contains(@class, 'x-form-item-label-inner x-form-item-label-inner-default') and contains(., '" + LblName + "')])[" + index + "]", true): Modify property of object successfully

2020-06-07 22:12:56 - [MESSAGE][PASSED] - Modify property of object successfully

2020-06-07 22:12:56 - [TEST_STEP][PASSED] - com.reusableComponents.HighlightElement.run(modifiedLblNm): com.reusableComponents.HighlightElement.run is PASSED

2020-06-07 22:12:58 - [MESSAGE][PASSED] - com.reusableComponents.HighlightElement.run is PASSED

2020-06-07 22:12:58 - [MESSAGE][PASSED] - Call Test Case 'Test Cases/Components/HighlightLabelFieldXPI' successfully

2020-06-07 22:12:58 - [TEST_STEP][PASSED] - callTestCase(findTestCase("Components/HighlightInputFieldXPI"), ["FldNm":"hseBlkNo", "index":1], STOP_ON_FAILURE): Call Test Case 'Test Cases/Components/HighlightInputFieldXPI' successfully

2020-06-07 22:12:58 - [TEST_CASE][PASSED] - Test Cases/Components/HighlightInputFieldXPI: Test Cases/Components/HighlightInputFieldXPI

2020-06-07 22:12:58 - [TEST_STEP][PASSED] - Thread.sleep(1000): null

2020-06-07 22:12:59 - [TEST_STEP][PASSED] - modifiedInputNm = modifyObjectProperty(findTestObject("Object Repository/Objects.HighlightElements/input_field_index"), "xpath", "equals", "(//*[contains(@name, '" + FldNm + "')])[" + index + "]", true): Modify property of object successfully

2020-06-07 22:13:00 - [MESSAGE][PASSED] - Modify property of object successfully

2020-06-07 22:13:00 - [TEST_STEP][PASSED] - com.reusableComponents.HighlightElement.run(modifiedInputNm): com.reusableComponents.HighlightElement.run is PASSED

2020-06-07 22:13:02 - [MESSAGE][PASSED] - com.reusableComponents.HighlightElement.run is PASSED

2020-06-07 22:13:02 - [MESSAGE][PASSED] - Call Test Case 'Test Cases/Components/HighlightInputFieldXPI' successfully

2020-06-07 22:13:02 - [TEST_STEP][PASSED] - callTestCase(findTestCase("PFI Precision and Scale/PFI Components with Indexing/AlphaNumericValidationIndex"), ["FldNm":"hseBlkNo", "LenChar":4, "index":1], STOP_ON_FAILURE): Call Test Case 'Test Cases/PFI Precision and Scale/PFI Components with Indexing/AlphaNumericValidationIndex' successfully

2020-06-07 22:13:02 - [TEST_CASE][PASSED] - Test Cases/PFI Precision and Scale/PFI Components with Indexing/AlphaNumericValidationIndex: Test Cases/PFI Precision and Scale/PFI Components with Indexing/AlphaNumericValidationIndex

2020-06-07 22:13:03 - [TEST_STEP][PASSED] - Thread.sleep(1000): null

2020-06-07 22:13:04 - [TEST_STEP][PASSED] - AlphaNumeric = 9).join(): null

2020-06-07 22:13:04 - [TEST_STEP][PASSED] - SpecialChar = "`~!@#$%^&*()-=+_{}|\][;'":,./?><"": null

2020-06-07 22:13:04 - [TEST_STEP][PASSED] - RandomString = RandomStringUtils.random(LenChar, AlphaNumeric.toCharArray()): null

2020-06-07 22:13:04 - [TEST_STEP][PASSED] - RdmSpChar = RandomStringUtils.random(LenChar, SpecialChar): null

2020-06-07 22:13:04 - [TEST_STEP][PASSED] - regexPat = Pattern.compile("^[A-Za-z0-9 ]+$"): null

2020-06-07 22:13:04 - [TEST_STEP][PASSED] - NewInputNmField = modifyObjectProperty(findTestObject("Object Repository/Objects.HighlightElements/input_field_index"), "xpath", "equals", "(//*[contains(@class,'x-form-text') and (@name='" + FldNm + "')])[" + index + "]", true): Modify property of object successfully

2020-06-07 22:13:04 - [MESSAGE][PASSED] - Modify property of object successfully

2020-06-07 22:13:04 - [TEST_STEP][PASSED] - setText(NewInputNmField, RandomString): Text 'X1lS' is set on object 'Object Repository/Objects.HighlightElements/input_field_index'

2020-06-07 22:13:05 - [MESSAGE][PASSED] - Text 'X1lS' is set on object 'Object Repository/Objects.HighlightElements/input_field_index'

2020-06-07 22:13:05 - [TEST_STEP][PASSED] - RemarksAN = getAttribute(NewInputNmField, "value"): Attribute 'value' of object 'Object Repository/Objects.HighlightElements/input_field_index' is: 'X1lS'

2020-06-07 22:13:05 - [MESSAGE][PASSED] - Attribute 'value' of object 'Object Repository/Objects.HighlightElements/input_field_index' is: 'X1lS'

2020-06-07 22:13:05 - [TEST_STEP][PASSED] - matchStr = regexPat.matcher(RemarksAN): null

2020-06-07 22:13:05 - [TEST_STEP][PASSED] - if (matchStr.matches() == true): Accepting Alphanumeric

2020-06-07 22:13:05 - [TEST_STEP][PASSED] - comment("Accepting Alphanumeric"): Accepting Alphanumeric

2020-06-07 22:13:05 - [MESSAGE][INFO] - Accepting Alphanumeric

2020-06-07 22:13:05 - [TEST_STEP][PASSED] - setText(NewInputNmField, RdmSpChar): Text '&[}'' is set on object 'Object Repository/Objects.HighlightElements/input_field_index'

2020-06-07 22:13:06 - [MESSAGE][PASSED] - Text '&[}'' is set on object 'Object Repository/Objects.HighlightElements/input_field_index'

2020-06-07 22:13:06 - [TEST_STEP][PASSED] - RemarksSpChar = getAttribute(NewInputNmField, "value"): Attribute 'value' of object 'Object Repository/Objects.HighlightElements/input_field_index' is: ''

2020-06-07 22:13:06 - [MESSAGE][PASSED] - Attribute 'value' of object 'Object Repository/Objects.HighlightElements/input_field_index' is: ''

2020-06-07 22:13:06 - [TEST_STEP][PASSED] - matchSp = regexPat.matcher(RemarksSpChar): null

2020-06-07 22:13:06 - [TEST_STEP][PASSED] - if (matchSp.matches() == false): Actual text '' and expected text '' are matched  using regular expression

2020-06-07 22:13:06 - [TEST_STEP][PASSED] - verifyMatch(RemarksSpChar, "", true): Actual text '' and expected text '' are matched  using regular expression

2020-06-07 22:13:06 - [MESSAGE][PASSED] - Actual text '' and expected text '' are matched  using regular expression

2020-06-07 22:13:06 - [MESSAGE][PASSED] - Call Test Case 'Test Cases/PFI Precision and Scale/PFI Components with Indexing/AlphaNumericValidationIndex' successfully

2020-06-07 22:13:06 - [TEST_STEP][PASSED] - callTestCase(findTestCase("PFI Precision and Scale/PFI Components with Indexing/MaxAlphaNumericLenIndexValidation"), ["FieldNm":"hseBlkNo", "index":1, "MaxCharLen":12], STOP_ON_FAILURE): Call Test Case 'Test Cases/PFI Precision and Scale/PFI Components with Indexing/MaxAlphaNumericLenIndexValidation' successfully

2020-06-07 22:13:07 - [TEST_CASE][PASSED] - Test Cases/PFI Precision and Scale/PFI Components with Indexing/MaxAlphaNumericLenIndexValidation: Test Cases/PFI Precision and Scale/PFI Components with Indexing/MaxAlphaNumericLenIndexValidation

2020-06-07 22:13:08 - [TEST_STEP][PASSED] - Thread.sleep(1000): null

2020-06-07 22:13:09 - [TEST_STEP][PASSED] - CharLengthTBL = ["hseBlkNo":10]: null

2020-06-07 22:13:09 - [TEST_STEP][PASSED] - charset = 9).join(): null

2020-06-07 22:13:09 - [TEST_STEP][PASSED] - RandomStringVal = RandomStringUtils.random(MaxCharLen, charset.toCharArray()): null

2020-06-07 22:13:09 - [TEST_STEP][PASSED] - NewInputNmField = modifyObjectProperty(findTestObject("Object Repository/Objects.HighlightElements/input_field_index"), "xpath", "equals", "(//*[contains(@class,'x-form-text') and (@name='" + FieldNm + "')])[" + index + "]", true): Modify property of object successfully

2020-06-07 22:13:09 - [MESSAGE][PASSED] - Modify property of object successfully

2020-06-07 22:13:09 - [TEST_STEP][PASSED] - setText(NewInputNmField, RandomStringVal): Text 'JNbWGLruHJJK' is set on object 'Object Repository/Objects.HighlightElements/input_field_index'

2020-06-07 22:13:10 - [MESSAGE][PASSED] - Text 'JNbWGLruHJJK' is set on object 'Object Repository/Objects.HighlightElements/input_field_index'

2020-06-07 22:13:10 - [TEST_STEP][PASSED] - GetInputValue = getAttribute(NewInputNmField, "value", STOP_ON_FAILURE): Attribute 'value' of object 'Object Repository/Objects.HighlightElements/input_field_index' is: 'JNbWGLruHJ'

2020-06-07 22:13:11 - [MESSAGE][PASSED] - Attribute 'value' of object 'Object Repository/Objects.HighlightElements/input_field_index' is: 'JNbWGLruHJ'

2020-06-07 22:13:11 - [TEST_STEP][PASSED] - GetLenChar = GetInputValue.length(): null

2020-06-07 22:13:11 - [TEST_STEP][PASSED] - MaxLength = CharLengthTBL.get(FieldNm): null

2020-06-07 22:13:11 - [TEST_STEP][PASSED] - if (MaxLength != null): Actual object '10' and expected object '10' are equal

2020-06-07 22:13:11 - [TEST_STEP][PASSED] - verifyEqual(GetLenChar, MaxLength): Actual object '10' and expected object '10' are equal

2020-06-07 22:13:11 - [MESSAGE][PASSED] - Actual object '10' and expected object '10' are equal

2020-06-07 22:13:11 - [MESSAGE][PASSED] - Call Test Case 'Test Cases/PFI Precision and Scale/PFI Components with Indexing/MaxAlphaNumericLenIndexValidation' successfully

2020-06-07 22:13:11 - [TEST_STEP][PASSED] - callTestCase(findTestCase("Components/HighlightInputFieldXPI"), ["FldNm":"roadId", "index":1], STOP_ON_FAILURE): Call Test Case 'Test Cases/Components/HighlightInputFieldXPI' successfully

2020-06-07 22:13:11 - [TEST_CASE][PASSED] - Test Cases/Components/HighlightInputFieldXPI: Test Cases/Components/HighlightInputFieldXPI

2020-06-07 22:13:11 - [TEST_STEP][PASSED] - Thread.sleep(1000): null

2020-06-07 22:13:12 - [TEST_STEP][PASSED] - modifiedInputNm = modifyObjectProperty(findTestObject("Object Repository/Objects.HighlightElements/input_field_index"), "xpath", "equals", "(//*[contains(@name, '" + FldNm + "')])[" + index + "]", true): Modify property of object successfully

2020-06-07 22:13:12 - [MESSAGE][PASSED] - Modify property of object successfully

2020-06-07 22:13:12 - [TEST_STEP][PASSED] - com.reusableComponents.HighlightElement.run(modifiedInputNm): com.reusableComponents.HighlightElement.run is PASSED

2020-06-07 22:13:14 - [MESSAGE][PASSED] - com.reusableComponents.HighlightElement.run is PASSED

2020-06-07 22:13:14 - [MESSAGE][PASSED] - Call Test Case 'Test Cases/Components/HighlightInputFieldXPI' successfully

2020-06-07 22:13:14 - [TEST_STEP][PASSED] - callTestCase(findTestCase("PFI Precision and Scale/PFI Components with Indexing/VerifyDropdownValuesIndex"), ["FldNm":"roadId", "index":1, "CallTCName":"PFI Precision and Scale/HashMap Tables/RoadLists", "cmbNm":"", "NoOfVal":1, "DelayTime":2, ... ], STOP_ON_FAILURE): Call Test Case 'Test Cases/PFI Precision and Scale/PFI Components with Indexing/VerifyDropdownValuesIndex' successfully

2020-06-07 22:13:14 - [TEST_CASE][PASSED] - Test Cases/PFI Precision and Scale/PFI Components with Indexing/VerifyDropdownValuesIndex: Test Cases/PFI Precision and Scale/PFI Components with Indexing/VerifyDropdownValuesIndex

2020-06-07 22:13:15 - [TEST_STEP][PASSED] - Thread.sleep(1000): null

2020-06-07 22:13:16 - [TEST_STEP][PASSED] - NewInputNmField = modifyObjectProperty(findTestObject("Object Repository/Objects.HighlightElements/input_field_index"), "xpath", "equals", "(//*[contains(@class,'x-form-text') and (@name='" + FldNm + "')])[" + index + "]", true): Modify property of object successfully

2020-06-07 22:13:16 - [MESSAGE][PASSED] - Modify property of object successfully

2020-06-07 22:13:16 - [TEST_STEP][PASSED] - comboNm = cmbNm: null

2020-06-07 22:13:16 - [TEST_STEP][PASSED] - focus(NewInputNmField): Object: 'Object Repository/Objects.HighlightElements/input_field_index' is focused

2020-06-07 22:13:17 - [MESSAGE][PASSED] - Object: 'Object Repository/Objects.HighlightElements/input_field_index' is focused

2020-06-07 22:13:17 - [TEST_STEP][PASSED] - setText(NewInputNmField, EnterValue): Text 'asdsafd' is set on object 'Object Repository/Objects.HighlightElements/input_field_index'

2020-06-07 22:13:18 - [MESSAGE][PASSED] - Text 'asdsafd' is set on object 'Object Repository/Objects.HighlightElements/input_field_index'

2020-06-07 22:13:18 - [TEST_STEP][PASSED] - for ([i = 1, i <= NoOfVal, (i++)]): Keys 'DOWN + ' sent to object: 'Object Repository/Objects.HighlightElements/input_field_index'

2020-06-07 22:13:18 - [TEST_STEP][PASSED] - sendKeys(NewInputNmField, Keys.chord(ARROW_DOWN)): Keys 'DOWN + ' sent to object: 'Object Repository/Objects.HighlightElements/input_field_index'

2020-06-07 22:13:18 - [MESSAGE][PASSED] - Keys 'DOWN + ' sent to object: 'Object Repository/Objects.HighlightElements/input_field_index'

2020-06-07 22:13:18 - [TEST_STEP][PASSED] - delay(DelayTime): Delayed 2 second(s)

2020-06-07 22:13:20 - [MESSAGE][PASSED] - Delayed 2 second(s)

2020-06-07 22:13:20 - [TEST_STEP][PASSED] - sendKeys(NewInputNmField, Keys.chord(ENTER)): Keys 'ENTER + ' sent to object: 'Object Repository/Objects.HighlightElements/input_field_index'

2020-06-07 22:13:20 - [MESSAGE][PASSED] - Keys 'ENTER + ' sent to object: 'Object Repository/Objects.HighlightElements/input_field_index'

2020-06-07 22:13:20 - [TEST_STEP][PASSED] - ComboBoxValue = getAttribute(NewInputNmField, "value"): Attribute 'value' of object 'Object Repository/Objects.HighlightElements/input_field_index' is: '12121212121212 (121212)'

2020-06-07 22:13:21 - [MESSAGE][PASSED] - Attribute 'value' of object 'Object Repository/Objects.HighlightElements/input_field_index' is: '12121212121212 (121212)'

2020-06-07 22:13:21 - [TEST_STEP][PASSED] - callTestCase(findTestCase(CallTCName), ["FindValue":ComboBoxValue, "DropdownNm":comboNm], STOP_ON_FAILURE): Call Test Case 'Test Cases/PFI Precision and Scale/HashMap Tables/RoadLists' successfully

2020-06-07 22:13:21 - [TEST_CASE][PASSED] - Test Cases/PFI Precision and Scale/HashMap Tables/RoadLists: Test Cases/PFI Precision and Scale/HashMap Tables/RoadLists

2020-06-07 22:13:22 - [TEST_STEP][PASSED] - Thread.sleep(1000): null

2020-06-07 22:13:23 - [TEST_STEP][PASSED] - RoadTBL = [6981:"12121212121212 (121212)", 6980:"2322434234 (32323)", 6978:"234234234234 (232424)", 2595:"ABBOTSINGH ROAD (ABB00H)", ... ]: null

2020-06-07 22:13:23 - [TEST_STEP][PASSED] - ValueFound = RoadTBL.find({ -> ... }): null

2020-06-07 22:13:23 - [TEST_STEP][PASSED] - if (ValueFound == null): null

2020-06-07 22:13:23 - [MESSAGE][PASSED] - Call Test Case 'Test Cases/PFI Precision and Scale/HashMap Tables/RoadLists' successfully

2020-06-07 22:13:23 - [TEST_STEP][PASSED] - println(ValueFound): null

2020-06-07 22:13:23 - [TEST_STEP][PASSED] - sendKeys(NewInputNmField, Keys.chord(ARROW_DOWN)): Keys 'DOWN + ' sent to object: 'Object Repository/Objects.HighlightElements/input_field_index'

2020-06-07 22:13:23 - [MESSAGE][PASSED] - Keys 'DOWN + ' sent to object: 'Object Repository/Objects.HighlightElements/input_field_index'

2020-06-07 22:13:23 - [TEST_STEP][PASSED] - sendKeys(NewInputNmField, Keys.chord(ENTER)): Keys 'ENTER + ' sent to object: 'Object Repository/Objects.HighlightElements/input_field_index'

2020-06-07 22:13:24 - [MESSAGE][PASSED] - Keys 'ENTER + ' sent to object: 'Object Repository/Objects.HighlightElements/input_field_index'

2020-06-07 22:13:24 - [MESSAGE][PASSED] - Call Test Case 'Test Cases/PFI Precision and Scale/PFI Components with Indexing/VerifyDropdownValuesIndex' successfully

2020-06-07 22:13:24 - [TEST_STEP][PASSED] - callTestCase(findTestCase("Components/SelectAllThenDeleteIndex"), ["nameToBeUsed":"roadId", "index":"1"], STOP_ON_FAILURE): Call Test Case 'Test Cases/Components/SelectAllThenDeleteIndex' successfully

2020-06-07 22:13:24 - [TEST_CASE][PASSED] - Test Cases/Components/SelectAllThenDeleteIndex: Test Cases/Components/SelectAllThenDeleteIndex

2020-06-07 22:13:24 - [TEST_STEP][PASSED] - Thread.sleep(1000): null

2020-06-07 22:13:25 - [TEST_STEP][PASSED] - modifiedObj = modifyObjectProperty(findTestObject("Object Repository/Objects.HighlightElements/input_field_index"), "xpath", "equals", "(//*[contains(@class,'x-form-text') and (@name='" + nameToBeUsed + "')])[" + index + "]", true): Modify property of object successfully

2020-06-07 22:13:25 - [MESSAGE][PASSED] - Modify property of object successfully

2020-06-07 22:13:25 - [TEST_STEP][PASSED] - focus(modifiedObj): Object: 'Object Repository/Objects.HighlightElements/input_field_index' is focused

2020-06-07 22:13:26 - [MESSAGE][PASSED] - Object: 'Object Repository/Objects.HighlightElements/input_field_index' is focused

2020-06-07 22:13:26 - [TEST_STEP][PASSED] - sendKeys(modifiedObj, Keys.chord(CONTROL, "a")): Keys 'CONTROL + a' sent to object: 'Object Repository/Objects.HighlightElements/input_field_index'

2020-06-07 22:13:26 - [MESSAGE][PASSED] - Keys 'CONTROL + a' sent to object: 'Object Repository/Objects.HighlightElements/input_field_index'

2020-06-07 22:13:26 - [TEST_STEP][PASSED] - sendKeys(modifiedObj, Keys.chord(DELETE)): Keys 'DELETE + ' sent to object: 'Object Repository/Objects.HighlightElements/input_field_index'

2020-06-07 22:13:27 - [MESSAGE][PASSED] - Keys 'DELETE + ' sent to object: 'Object Repository/Objects.HighlightElements/input_field_index'

2020-06-07 22:13:27 - [MESSAGE][PASSED] - Call Test Case 'Test Cases/Components/SelectAllThenDeleteIndex' successfully

2020-06-07 22:13:27 - [TEST_STEP][PASSED] - callTestCase(findTestCase("PFI Precision and Scale/PFI Components with Indexing/VerifyDropdownValuesIndex"), ["FldNm":"roadId", "index":1, "CallTCName":"PFI Precision and Scale/HashMap Tables/RoadLists", "cmbNm":"", "NoOfVal":1, "DelayTime":0, ... ], STOP_ON_FAILURE): Call Test Case 'Test Cases/PFI Precision and Scale/PFI Components with Indexing/VerifyDropdownValuesIndex' successfully

2020-06-07 22:13:27 - [TEST_CASE][PASSED] - Test Cases/PFI Precision and Scale/PFI Components with Indexing/VerifyDropdownValuesIndex: Test Cases/PFI Precision and Scale/PFI Components with Indexing/VerifyDropdownValuesIndex

2020-06-07 22:13:27 - [TEST_STEP][PASSED] - Thread.sleep(1000): null

2020-06-07 22:13:28 - [TEST_STEP][PASSED] - NewInputNmField = modifyObjectProperty(findTestObject("Object Repository/Objects.HighlightElements/input_field_index"), "xpath", "equals", "(//*[contains(@class,'x-form-text') and (@name='" + FldNm + "')])[" + index + "]", true): Modify property of object successfully

2020-06-07 22:13:28 - [MESSAGE][PASSED] - Modify property of object successfully

2020-06-07 22:13:28 - [TEST_STEP][PASSED] - comboNm = cmbNm: null

2020-06-07 22:13:28 - [TEST_STEP][PASSED] - focus(NewInputNmField): Object: 'Object Repository/Objects.HighlightElements/input_field_index' is focused

2020-06-07 22:13:28 - [MESSAGE][PASSED] - Object: 'Object Repository/Objects.HighlightElements/input_field_index' is focused

2020-06-07 22:13:28 - [TEST_STEP][PASSED] - setText(NewInputNmField, EnterValue): Text 'ALS02Q' is set on object 'Object Repository/Objects.HighlightElements/input_field_index'

2020-06-07 22:13:29 - [MESSAGE][PASSED] - Text 'ALS02Q' is set on object 'Object Repository/Objects.HighlightElements/input_field_index'

2020-06-07 22:13:29 - [TEST_STEP][PASSED] - for ([i = 1, i <= NoOfVal, (i++)]): Keys 'DOWN + ' sent to object: 'Object Repository/Objects.HighlightElements/input_field_index'

2020-06-07 22:13:29 - [TEST_STEP][PASSED] - sendKeys(NewInputNmField, Keys.chord(ARROW_DOWN)): Keys 'DOWN + ' sent to object: 'Object Repository/Objects.HighlightElements/input_field_index'

2020-06-07 22:13:29 - [MESSAGE][PASSED] - Keys 'DOWN + ' sent to object: 'Object Repository/Objects.HighlightElements/input_field_index'

2020-06-07 22:13:29 - [TEST_STEP][PASSED] - delay(DelayTime): Delayed 0 second(s)

2020-06-07 22:13:29 - [MESSAGE][PASSED] - Delayed 0 second(s)

2020-06-07 22:13:29 - [TEST_STEP][PASSED] - sendKeys(NewInputNmField, Keys.chord(ENTER)): Keys 'ENTER + ' sent to object: 'Object Repository/Objects.HighlightElements/input_field_index'

2020-06-07 22:13:30 - [MESSAGE][PASSED] - Keys 'ENTER + ' sent to object: 'Object Repository/Objects.HighlightElements/input_field_index'

2020-06-07 22:13:30 - [TEST_STEP][PASSED] - ComboBoxValue = getAttribute(NewInputNmField, "value"): Attribute 'value' of object 'Object Repository/Objects.HighlightElements/input_field_index' is: 'ALIWAL STREET (ALS02Q)'

2020-06-07 22:13:31 - [MESSAGE][PASSED] - Attribute 'value' of object 'Object Repository/Objects.HighlightElements/input_field_index' is: 'ALIWAL STREET (ALS02Q)'

2020-06-07 22:13:31 - [TEST_STEP][PASSED] - callTestCase(findTestCase(CallTCName), ["FindValue":ComboBoxValue, "DropdownNm":comboNm], STOP_ON_FAILURE): Call Test Case 'Test Cases/PFI Precision and Scale/HashMap Tables/RoadLists' successfully

2020-06-07 22:13:31 - [TEST_CASE][PASSED] - Test Cases/PFI Precision and Scale/HashMap Tables/RoadLists: Test Cases/PFI Precision and Scale/HashMap Tables/RoadLists

2020-06-07 22:13:31 - [TEST_STEP][PASSED] - Thread.sleep(1000): null

2020-06-07 22:13:32 - [TEST_STEP][PASSED] - RoadTBL = [6981:"12121212121212 (121212)", 6980:"2322434234 (32323)", 6978:"234234234234 (232424)", 2595:"ABBOTSINGH ROAD (ABB00H)", ... ]: null

2020-06-07 22:13:32 - [TEST_STEP][PASSED] - ValueFound = RoadTBL.find({ -> ... }): null

2020-06-07 22:13:32 - [TEST_STEP][PASSED] - if (ValueFound == null): null

2020-06-07 22:13:32 - [MESSAGE][PASSED] - Call Test Case 'Test Cases/PFI Precision and Scale/HashMap Tables/RoadLists' successfully

2020-06-07 22:13:32 - [TEST_STEP][PASSED] - println(ValueFound): null

2020-06-07 22:13:32 - [TEST_STEP][PASSED] - sendKeys(NewInputNmField, Keys.chord(ARROW_DOWN)): Keys 'DOWN + ' sent to object: 'Object Repository/Objects.HighlightElements/input_field_index'

2020-06-07 22:13:32 - [MESSAGE][PASSED] - Keys 'DOWN + ' sent to object: 'Object Repository/Objects.HighlightElements/input_field_index'

2020-06-07 22:13:32 - [TEST_STEP][PASSED] - sendKeys(NewInputNmField, Keys.chord(ENTER)): Keys 'ENTER + ' sent to object: 'Object Repository/Objects.HighlightElements/input_field_index'

2020-06-07 22:13:33 - [MESSAGE][PASSED] - Keys 'ENTER + ' sent to object: 'Object Repository/Objects.HighlightElements/input_field_index'

2020-06-07 22:13:33 - [MESSAGE][PASSED] - Call Test Case 'Test Cases/PFI Precision and Scale/PFI Components with Indexing/VerifyDropdownValuesIndex' successfully

2020-06-07 22:13:33 - [TEST_STEP][PASSED] - callTestCase(findTestCase("Components/SelectAllThenDeleteIndex"), ["nameToBeUsed":"roadId", "index":"1"], STOP_ON_FAILURE): Call Test Case 'Test Cases/Components/SelectAllThenDeleteIndex' successfully

2020-06-07 22:13:33 - [TEST_CASE][PASSED] - Test Cases/Components/SelectAllThenDeleteIndex: Test Cases/Components/SelectAllThenDeleteIndex

2020-06-07 22:13:33 - [TEST_STEP][PASSED] - Thread.sleep(1000): null

2020-06-07 22:13:34 - [TEST_STEP][PASSED] - modifiedObj = modifyObjectProperty(findTestObject("Object Repository/Objects.HighlightElements/input_field_index"), "xpath", "equals", "(//*[contains(@class,'x-form-text') and (@name='" + nameToBeUsed + "')])[" + index + "]", true): Modify property of object successfully

2020-06-07 22:13:34 - [MESSAGE][PASSED] - Modify property of object successfully

2020-06-07 22:13:34 - [TEST_STEP][PASSED] - focus(modifiedObj): Object: 'Object Repository/Objects.HighlightElements/input_field_index' is focused

2020-06-07 22:13:35 - [MESSAGE][PASSED] - Object: 'Object Repository/Objects.HighlightElements/input_field_index' is focused

2020-06-07 22:13:35 - [TEST_STEP][PASSED] - sendKeys(modifiedObj, Keys.chord(CONTROL, "a")): Keys 'CONTROL + a' sent to object: 'Object Repository/Objects.HighlightElements/input_field_index'

2020-06-07 22:13:35 - [MESSAGE][PASSED] - Keys 'CONTROL + a' sent to object: 'Object Repository/Objects.HighlightElements/input_field_index'

2020-06-07 22:13:35 - [TEST_STEP][PASSED] - sendKeys(modifiedObj, Keys.chord(DELETE)): Keys 'DELETE + ' sent to object: 'Object Repository/Objects.HighlightElements/input_field_index'

2020-06-07 22:13:35 - [MESSAGE][PASSED] - Keys 'DELETE + ' sent to object: 'Object Repository/Objects.HighlightElements/input_field_index'

2020-06-07 22:13:35 - [MESSAGE][PASSED] - Call Test Case 'Test Cases/Components/SelectAllThenDeleteIndex' successfully

2020-06-07 22:13:35 - [TEST_STEP][PASSED] - callTestCase(findTestCase("PFI Precision and Scale/PFI Components with Indexing/VerifyDropdownValuesIndex"), ["FldNm":"roadId", "index":1, "CallTCName":"PFI Precision and Scale/HashMap Tables/RoadLists", "cmbNm":"", "NoOfVal":1, "DelayTime":0, ... ], STOP_ON_FAILURE): Call Test Case 'Test Cases/PFI Precision and Scale/PFI Components with Indexing/VerifyDropdownValuesIndex' successfully

2020-06-07 22:13:35 - [TEST_CASE][PASSED] - Test Cases/PFI Precision and Scale/PFI Components with Indexing/VerifyDropdownValuesIndex: Test Cases/PFI Precision and Scale/PFI Components with Indexing/VerifyDropdownValuesIndex

2020-06-07 22:13:36 - [TEST_STEP][PASSED] - Thread.sleep(1000): null

2020-06-07 22:13:37 - [TEST_STEP][PASSED] - NewInputNmField = modifyObjectProperty(findTestObject("Object Repository/Objects.HighlightElements/input_field_index"), "xpath", "equals", "(//*[contains(@class,'x-form-text') and (@name='" + FldNm + "')])[" + index + "]", true): Modify property of object successfully

2020-06-07 22:13:37 - [MESSAGE][PASSED] - Modify property of object successfully

2020-06-07 22:13:37 - [TEST_STEP][PASSED] - comboNm = cmbNm: null

2020-06-07 22:13:37 - [TEST_STEP][PASSED] - focus(NewInputNmField): Object: 'Object Repository/Objects.HighlightElements/input_field_index' is focused

2020-06-07 22:13:37 - [MESSAGE][PASSED] - Object: 'Object Repository/Objects.HighlightElements/input_field_index' is focused

2020-06-07 22:13:37 - [TEST_STEP][PASSED] - setText(NewInputNmField, EnterValue): Text 'ADIS ROAD' is set on object 'Object Repository/Objects.HighlightElements/input_field_index'

2020-06-07 22:13:38 - [MESSAGE][PASSED] - Text 'ADIS ROAD' is set on object 'Object Repository/Objects.HighlightElements/input_field_index'

2020-06-07 22:13:38 - [TEST_STEP][PASSED] - for ([i = 1, i <= NoOfVal, (i++)]): Keys 'DOWN + ' sent to object: 'Object Repository/Objects.HighlightElements/input_field_index'

2020-06-07 22:13:38 - [TEST_STEP][PASSED] - sendKeys(NewInputNmField, Keys.chord(ARROW_DOWN)): Keys 'DOWN + ' sent to object: 'Object Repository/Objects.HighlightElements/input_field_index'

2020-06-07 22:13:38 - [MESSAGE][PASSED] - Keys 'DOWN + ' sent to object: 'Object Repository/Objects.HighlightElements/input_field_index'

2020-06-07 22:13:38 - [TEST_STEP][PASSED] - delay(DelayTime): Delayed 0 second(s)

2020-06-07 22:13:38 - [MESSAGE][PASSED] - Delayed 0 second(s)

2020-06-07 22:13:38 - [TEST_STEP][PASSED] - sendKeys(NewInputNmField, Keys.chord(ENTER)): Keys 'ENTER + ' sent to object: 'Object Repository/Objects.HighlightElements/input_field_index'

2020-06-07 22:13:39 - [MESSAGE][PASSED] - Keys 'ENTER + ' sent to object: 'Object Repository/Objects.HighlightElements/input_field_index'

2020-06-07 22:13:39 - [TEST_STEP][PASSED] - ComboBoxValue = getAttribute(NewInputNmField, "value"): Attribute 'value' of object 'Object Repository/Objects.HighlightElements/input_field_index' is: 'ADIS ROAD (ADI00Y)'

2020-06-07 22:13:40 - [MESSAGE][PASSED] - Attribute 'value' of object 'Object Repository/Objects.HighlightElements/input_field_index' is: 'ADIS ROAD (ADI00Y)'

2020-06-07 22:13:40 - [TEST_STEP][PASSED] - callTestCase(findTestCase(CallTCName), ["FindValue":ComboBoxValue, "DropdownNm":comboNm], STOP_ON_FAILURE): Call Test Case 'Test Cases/PFI Precision and Scale/HashMap Tables/RoadLists' successfully

2020-06-07 22:13:40 - [TEST_CASE][PASSED] - Test Cases/PFI Precision and Scale/HashMap Tables/RoadLists: Test Cases/PFI Precision and Scale/HashMap Tables/RoadLists

2020-06-07 22:13:40 - [TEST_STEP][PASSED] - Thread.sleep(1000): null

2020-06-07 22:13:41 - [TEST_STEP][PASSED] - RoadTBL = [6981:"12121212121212 (121212)", 6980:"2322434234 (32323)", 6978:"234234234234 (232424)", 2595:"ABBOTSINGH ROAD (ABB00H)", ... ]: null

2020-06-07 22:13:41 - [TEST_STEP][PASSED] - ValueFound = RoadTBL.find({ -> ... }): null

2020-06-07 22:13:41 - [TEST_STEP][PASSED] - if (ValueFound == null): null

2020-06-07 22:13:41 - [MESSAGE][PASSED] - Call Test Case 'Test Cases/PFI Precision and Scale/HashMap Tables/RoadLists' successfully

2020-06-07 22:13:41 - [TEST_STEP][PASSED] - println(ValueFound): null

2020-06-07 22:13:41 - [TEST_STEP][PASSED] - sendKeys(NewInputNmField, Keys.chord(ARROW_DOWN)): Keys 'DOWN + ' sent to object: 'Object Repository/Objects.HighlightElements/input_field_index'

2020-06-07 22:13:41 - [MESSAGE][PASSED] - Keys 'DOWN + ' sent to object: 'Object Repository/Objects.HighlightElements/input_field_index'

2020-06-07 22:13:41 - [TEST_STEP][PASSED] - sendKeys(NewInputNmField, Keys.chord(ENTER)): Keys 'ENTER + ' sent to object: 'Object Repository/Objects.HighlightElements/input_field_index'

2020-06-07 22:13:42 - [MESSAGE][PASSED] - Keys 'ENTER + ' sent to object: 'Object Repository/Objects.HighlightElements/input_field_index'

2020-06-07 22:13:42 - [MESSAGE][PASSED] - Call Test Case 'Test Cases/PFI Precision and Scale/PFI Components with Indexing/VerifyDropdownValuesIndex' successfully

2020-06-07 22:13:42 - [TEST_STEP][PASSED] - callTestCase(findTestCase("Components/HighlightInputFieldXPI"), ["FldNm":"buildingName", "index":1], STOP_ON_FAILURE): Call Test Case 'Test Cases/Components/HighlightInputFieldXPI' successfully

2020-06-07 22:13:42 - [TEST_CASE][PASSED] - Test Cases/Components/HighlightInputFieldXPI: Test Cases/Components/HighlightInputFieldXPI

2020-06-07 22:13:42 - [TEST_STEP][PASSED] - Thread.sleep(1000): null

2020-06-07 22:13:43 - [TEST_STEP][PASSED] - modifiedInputNm = modifyObjectProperty(findTestObject("Object Repository/Objects.HighlightElements/input_field_index"), "xpath", "equals", "(//*[contains(@name, '" + FldNm + "')])[" + index + "]", true): Modify property of object successfully

2020-06-07 22:13:43 - [MESSAGE][PASSED] - Modify property of object successfully

2020-06-07 22:13:43 - [TEST_STEP][PASSED] - com.reusableComponents.HighlightElement.run(modifiedInputNm): com.reusableComponents.HighlightElement.run is PASSED

2020-06-07 22:13:45 - [MESSAGE][PASSED] - com.reusableComponents.HighlightElement.run is PASSED

2020-06-07 22:13:45 - [MESSAGE][PASSED] - Call Test Case 'Test Cases/Components/HighlightInputFieldXPI' successfully

2020-06-07 22:13:45 - [TEST_STEP][PASSED] - callTestCase(findTestCase("PFI Precision and Scale/PFI Components with Indexing/AlphaNumericSpecialValidationIndex"), ["FldNm":"buildingName", "LenChar":6, "index":1], STOP_ON_FAILURE): Call Test Case 'Test Cases/PFI Precision and Scale/PFI Components with Indexing/AlphaNumericSpecialValidationIndex' successfully

2020-06-07 22:13:45 - [TEST_CASE][PASSED] - Test Cases/PFI Precision and Scale/PFI Components with Indexing/AlphaNumericSpecialValidationIndex: Test Cases/PFI Precision and Scale/PFI Components with Indexing/AlphaNumericSpecialValidationIndex

2020-06-07 22:13:45 - [TEST_STEP][PASSED] - charset = /?><"".join(): null

2020-06-07 22:13:45 - [TEST_STEP][PASSED] - AlphaNumeric = 9).join(): null

2020-06-07 22:13:45 - [TEST_STEP][PASSED] - SpecialChar = "`~!@#$%^&*()-=+_{}|\][;'":,./?><"": null

2020-06-07 22:13:45 - [TEST_STEP][PASSED] - RandomString = RandomStringUtils.random(LenChar, AlphaNumeric.toCharArray()): null

2020-06-07 22:13:45 - [TEST_STEP][PASSED] - RdmSpChar = RandomStringUtils.random(LenChar, SpecialChar): null

2020-06-07 22:13:45 - [TEST_STEP][PASSED] - regexPat = Pattern.compile("^[A-Za-z0-9 ]+$"): null

2020-06-07 22:13:45 - [TEST_STEP][PASSED] - NewInputNmField = modifyObjectProperty(findTestObject("Object Repository/Objects.HighlightElements/input_field_index"), "xpath", "equals", "(//*[contains(@class,'x-form-text') and (@name='" + FldNm + "')])[" + index + "]", true): Modify property of object successfully

2020-06-07 22:13:46 - [MESSAGE][PASSED] - Modify property of object successfully

2020-06-07 22:13:46 - [TEST_STEP][PASSED] - setText(NewInputNmField, RandomString): Text 'HbEvfH' is set on object 'Object Repository/Objects.HighlightElements/input_field_index'

2020-06-07 22:13:47 - [MESSAGE][PASSED] - Text 'HbEvfH' is set on object 'Object Repository/Objects.HighlightElements/input_field_index'

2020-06-07 22:13:47 - [TEST_STEP][PASSED] - RemarksAN = getAttribute(NewInputNmField, "value"): Attribute 'value' of object 'Object Repository/Objects.HighlightElements/input_field_index' is: 'HbEvfH'

2020-06-07 22:13:47 - [MESSAGE][PASSED] - Attribute 'value' of object 'Object Repository/Objects.HighlightElements/input_field_index' is: 'HbEvfH'

2020-06-07 22:13:47 - [TEST_STEP][PASSED] - matchStr = regexPat.matcher(RemarksAN): null

2020-06-07 22:13:47 - [TEST_STEP][PASSED] - if (matchStr.matches() == true): Accepting Alphanumeric

2020-06-07 22:13:47 - [TEST_STEP][PASSED] - comment("Accepting Alphanumeric"): Accepting Alphanumeric

2020-06-07 22:13:47 - [MESSAGE][INFO] - Accepting Alphanumeric

2020-06-07 22:13:47 - [TEST_STEP][PASSED] - setText(NewInputNmField, RdmSpChar): Text '^$`^"*' is set on object 'Object Repository/Objects.HighlightElements/input_field_index'

2020-06-07 22:13:48 - [MESSAGE][PASSED] - Text '^$`^"*' is set on object 'Object Repository/Objects.HighlightElements/input_field_index'

2020-06-07 22:13:48 - [TEST_STEP][PASSED] - RemarksSpChar = getAttribute(NewInputNmField, "value"): Attribute 'value' of object 'Object Repository/Objects.HighlightElements/input_field_index' is: '^$`^"*'

2020-06-07 22:13:48 - [MESSAGE][PASSED] - Attribute 'value' of object 'Object Repository/Objects.HighlightElements/input_field_index' is: '^$`^"*'

2020-06-07 22:13:48 - [TEST_STEP][PASSED] - matchSp = regexPat.matcher(RemarksSpChar): null

2020-06-07 22:13:48 - [TEST_STEP][PASSED] - if (matchSp.matches() == false): Accepting Special Characters

2020-06-07 22:13:48 - [TEST_STEP][PASSED] - comment("Accepting Special Characters"): Accepting Special Characters

2020-06-07 22:13:48 - [MESSAGE][INFO] - Accepting Special Characters

2020-06-07 22:13:48 - [MESSAGE][PASSED] - Call Test Case 'Test Cases/PFI Precision and Scale/PFI Components with Indexing/AlphaNumericSpecialValidationIndex' successfully

2020-06-07 22:13:48 - [TEST_STEP][PASSED] - callTestCase(findTestCase("PFI Precision and Scale/PFI Components with Indexing/MaxCharLengthIndexValidation"), ["FieldNm":"buildingName", "index":1, "MaxCharLen":102], STOP_ON_FAILURE): Call Test Case 'Test Cases/PFI Precision and Scale/PFI Components with Indexing/MaxCharLengthIndexValidation' successfully

2020-06-07 22:13:48 - [TEST_CASE][PASSED] - Test Cases/PFI Precision and Scale/PFI Components with Indexing/MaxCharLengthIndexValidation: Test Cases/PFI Precision and Scale/PFI Components with Indexing/MaxCharLengthIndexValidation

2020-06-07 22:13:48 - [TEST_STEP][PASSED] - Thread.sleep(1000): null

2020-06-07 22:13:49 - [TEST_STEP][PASSED] - CharLengthTBL = ["aoNotes":4000, "notes":4000, "hseBlkNo":10, "buildingName":100, "unformattedAddress":4000, "courtNo":20, "caseGrpDesc":4000, ... ]: null

2020-06-07 22:13:49 - [TEST_STEP][PASSED] - charset = /?><"".join(): null

2020-06-07 22:13:49 - [TEST_STEP][PASSED] - RandomStringVal = RandomStringUtils.random(MaxCharLen, charset.toCharArray()): null

2020-06-07 22:13:49 - [TEST_STEP][PASSED] - NewInputNmField = modifyObjectProperty(findTestObject("Object Repository/Objects.HighlightElements/input_field_index"), "xpath", "equals", "(//*[contains(@class,'x-form-text') and (@name='" + FieldNm + "')])[" + index + "]", true): Modify property of object successfully

2020-06-07 22:13:50 - [MESSAGE][PASSED] - Modify property of object successfully

2020-06-07 22:13:50 - [TEST_STEP][PASSED] - setText(NewInputNmField, RandomStringVal): Text '7$@>1"IF,&"m'"ucxt*%<%2[RLprBTCwZ2'h9x>'2ggK*2p|J|z,-}[q"jx_kmT6o4`.u07Y-=t>36;,VN;u~Q;6sY4sC/capX:<MX' is set on object 'Object Repository/Objects.HighlightElements/input_field_index'

2020-06-07 22:13:55 - [MESSAGE][PASSED] - Text '7$@>1"IF,&"m'"ucxt*%<%2[RLprBTCwZ2'h9x>'2ggK*2p|J|z,-}[q"jx_kmT6o4`.u07Y-=t>36;,VN;u~Q;6sY4sC/capX:<MX' is set on object 'Object Repository/Objects.HighlightElements/input_field_index'

2020-06-07 22:13:55 - [TEST_STEP][PASSED] - GetInputValue = getAttribute(NewInputNmField, "value", STOP_ON_FAILURE): Attribute 'value' of object 'Object Repository/Objects.HighlightElements/input_field_index' is: '7$@>1"IF,&"m'"ucxt*%<%2[RLprBTCwZ2'h9x>'2ggK*2p|J|z,-}[q"jx_kmT6o4`.u07Y-=t>36;,VN;u~Q;6sY4sC/capX:<'

2020-06-07 22:13:55 - [MESSAGE][PASSED] - Attribute 'value' of object 'Object Repository/Objects.HighlightElements/input_field_index' is: '7$@>1"IF,&"m'"ucxt*%<%2[RLprBTCwZ2'h9x>'2ggK*2p|J|z,-}[q"jx_kmT6o4`.u07Y-=t>36;,VN;u~Q;6sY4sC/capX:<'

2020-06-07 22:13:55 - [TEST_STEP][PASSED] - GetLenChar = GetInputValue.length(): null

2020-06-07 22:13:55 - [TEST_STEP][PASSED] - MaxLength = CharLengthTBL.get(FieldNm): null

2020-06-07 22:13:55 - [TEST_STEP][PASSED] - if (MaxLength != null): Actual object '100' and expected object '100' are equal

2020-06-07 22:13:55 - [TEST_STEP][PASSED] - verifyEqual(GetLenChar, MaxLength): Actual object '100' and expected object '100' are equal

2020-06-07 22:13:55 - [MESSAGE][PASSED] - Actual object '100' and expected object '100' are equal

2020-06-07 22:13:55 - [MESSAGE][PASSED] - Call Test Case 'Test Cases/PFI Precision and Scale/PFI Components with Indexing/MaxCharLengthIndexValidation' successfully

2020-06-07 22:13:55 - [TEST_STEP][PASSED] - callTestCase(findTestCase("Components/HighlightInputFieldXPI"), ["FldNm":"postalCode", "index":1], STOP_ON_FAILURE): Call Test Case 'Test Cases/Components/HighlightInputFieldXPI' successfully

2020-06-07 22:13:55 - [TEST_CASE][PASSED] - Test Cases/Components/HighlightInputFieldXPI: Test Cases/Components/HighlightInputFieldXPI

2020-06-07 22:13:55 - [TEST_STEP][PASSED] - Thread.sleep(1000): null

2020-06-07 22:13:56 - [TEST_STEP][PASSED] - modifiedInputNm = modifyObjectProperty(findTestObject("Object Repository/Objects.HighlightElements/input_field_index"), "xpath", "equals", "(//*[contains(@name, '" + FldNm + "')])[" + index + "]", true): Modify property of object successfully

2020-06-07 22:13:57 - [MESSAGE][PASSED] - Modify property of object successfully

2020-06-07 22:13:57 - [TEST_STEP][PASSED] - com.reusableComponents.HighlightElement.run(modifiedInputNm): com.reusableComponents.HighlightElement.run is PASSED

2020-06-07 22:13:59 - [MESSAGE][PASSED] - com.reusableComponents.HighlightElement.run is PASSED

2020-06-07 22:13:59 - [MESSAGE][PASSED] - Call Test Case 'Test Cases/Components/HighlightInputFieldXPI' successfully

2020-06-07 22:13:59 - [TEST_STEP][PASSED] - callTestCase(findTestCase("PFI Precision and Scale/PFI Components with Indexing/NumericTextboxValidationIndex"), ["nameToBeUsed":"postalCode", "index":1, "minLen":4], STOP_ON_FAILURE): Call Test Case 'Test Cases/PFI Precision and Scale/PFI Components with Indexing/NumericTextboxValidationIndex' successfully

2020-06-07 22:13:59 - [TEST_CASE][PASSED] - Test Cases/PFI Precision and Scale/PFI Components with Indexing/NumericTextboxValidationIndex: Test Cases/PFI Precision and Scale/PFI Components with Indexing/NumericTextboxValidationIndex

2020-06-07 22:13:59 - [TEST_STEP][PASSED] - Thread.sleep(1000): null

2020-06-07 22:14:00 - [TEST_STEP][PASSED] - Numeric = "0123456789": null

2020-06-07 22:14:00 - [TEST_STEP][PASSED] - AlphaSpecialChar = z) + "`~!@#$%^&*()=_{}|\][;'":,?><"".join(): null

2020-06-07 22:14:00 - [TEST_STEP][PASSED] - RandomNumeric = RandomStringUtils.random(minLen, Numeric.toCharArray()): null

2020-06-07 22:14:00 - [TEST_STEP][PASSED] - RandomString = RandomStringUtils.random(minLen, AlphaSpecialChar): null

2020-06-07 22:14:00 - [TEST_STEP][PASSED] - regexPat = Pattern.compile("^[0-9]+$"): null

2020-06-07 22:14:00 - [TEST_STEP][PASSED] - NewInputNmField = modifyObjectProperty(findTestObject("Object Repository/Objects.HighlightElements/input_field_index"), "xpath", "equals", "(//*[contains(@class,'x-form-text') and (@name='" + nameToBeUsed + "')])[" + index + "]", true): Modify property of object successfully

2020-06-07 22:14:00 - [MESSAGE][PASSED] - Modify property of object successfully

2020-06-07 22:14:00 - [TEST_STEP][PASSED] - focus(NewInputNmField): Object: 'Object Repository/Objects.HighlightElements/input_field_index' is focused

2020-06-07 22:14:01 - [MESSAGE][PASSED] - Object: 'Object Repository/Objects.HighlightElements/input_field_index' is focused

2020-06-07 22:14:01 - [TEST_STEP][PASSED] - setText(NewInputNmField, RandomString): Text '%S&z' is set on object 'Object Repository/Objects.HighlightElements/input_field_index'

2020-06-07 22:14:01 - [MESSAGE][PASSED] - Text '%S&z' is set on object 'Object Repository/Objects.HighlightElements/input_field_index'

2020-06-07 22:14:01 - [TEST_STEP][PASSED] - GetInputVal = getAttribute(NewInputNmField, "value"): Attribute 'value' of object 'Object Repository/Objects.HighlightElements/input_field_index' is: ''

2020-06-07 22:14:01 - [MESSAGE][PASSED] - Attribute 'value' of object 'Object Repository/Objects.HighlightElements/input_field_index' is: ''

2020-06-07 22:14:01 - [TEST_STEP][PASSED] - if (GetInputVal.contains("e")): null

2020-06-07 22:14:01 - [TEST_STEP][PASSED] - else: Actual text '' and expected text '' are matched  using regular expression

2020-06-07 22:14:01 - [TEST_STEP][PASSED] - verifyMatch(GetInputVal, "", true): Actual text '' and expected text '' are matched  using regular expression

2020-06-07 22:14:01 - [MESSAGE][PASSED] - Actual text '' and expected text '' are matched  using regular expression

2020-06-07 22:14:01 - [TEST_STEP][PASSED] - setText(NewInputNmField, RandomNumeric): Text '3225' is set on object 'Object Repository/Objects.HighlightElements/input_field_index'

2020-06-07 22:14:02 - [MESSAGE][PASSED] - Text '3225' is set on object 'Object Repository/Objects.HighlightElements/input_field_index'

2020-06-07 22:14:02 - [TEST_STEP][PASSED] - GetEnteredIntegers = getAttribute(NewInputNmField, "value"): Attribute 'value' of object 'Object Repository/Objects.HighlightElements/input_field_index' is: '3225'

2020-06-07 22:14:03 - [MESSAGE][PASSED] - Attribute 'value' of object 'Object Repository/Objects.HighlightElements/input_field_index' is: '3225'

2020-06-07 22:14:03 - [TEST_STEP][PASSED] - matchStr = regexPat.matcher(GetEnteredIntegers): null

2020-06-07 22:14:03 - [TEST_STEP][PASSED] - if (matchStr.matches() == true): Accepting Numeric

2020-06-07 22:14:03 - [TEST_STEP][PASSED] - comment("Accepting Numeric"): Accepting Numeric

2020-06-07 22:14:03 - [MESSAGE][INFO] - Accepting Numeric

2020-06-07 22:14:03 - [MESSAGE][PASSED] - Call Test Case 'Test Cases/PFI Precision and Scale/PFI Components with Indexing/NumericTextboxValidationIndex' successfully

2020-06-07 22:14:03 - [TEST_STEP][PASSED] - callTestCase(findTestCase("PFI Precision and Scale/PFI Components with Indexing/MaxNumericValidationIndex"), ["InputName":"postalCode", "index":1, "numLength":8], STOP_ON_FAILURE): Call Test Case 'Test Cases/PFI Precision and Scale/PFI Components with Indexing/MaxNumericValidationIndex' successfully

2020-06-07 22:14:03 - [TEST_CASE][PASSED] - Test Cases/PFI Precision and Scale/PFI Components with Indexing/MaxNumericValidationIndex: Test Cases/PFI Precision and Scale/PFI Components with Indexing/MaxNumericValidationIndex

2020-06-07 22:14:03 - [TEST_STEP][PASSED] - Thread.sleep(1000): null

2020-06-07 22:14:04 - [TEST_STEP][PASSED] - NumLengthTBL = ["inspWeight":10, "noOfBldg":10, "postalCode":6]: null

2020-06-07 22:14:04 - [TEST_STEP][PASSED] - generateRandomNum = RandomStringUtils.randomNumeric(numLength): null

2020-06-07 22:14:04 - [TEST_STEP][PASSED] - NewInputNmField = modifyObjectProperty(findTestObject("Object Repository/Objects.HighlightElements/input_field_index"), "xpath", "equals", "(//*[contains(@class,'x-form-text') and (@name='" + InputName + "')])[" + index + "]", true): Modify property of object successfully

2020-06-07 22:14:04 - [MESSAGE][PASSED] - Modify property of object successfully

2020-06-07 22:14:04 - [TEST_STEP][PASSED] - setText(NewInputNmField, generateRandomNum): Text '62984518' is set on object 'Object Repository/Objects.HighlightElements/input_field_index'

2020-06-07 22:14:05 - [MESSAGE][PASSED] - Text '62984518' is set on object 'Object Repository/Objects.HighlightElements/input_field_index'

2020-06-07 22:14:05 - [TEST_STEP][PASSED] - GetEnteredRandom = getAttribute(NewInputNmField, "value", STOP_ON_FAILURE): Attribute 'value' of object 'Object Repository/Objects.HighlightElements/input_field_index' is: '629845'

2020-06-07 22:14:06 - [MESSAGE][PASSED] - Attribute 'value' of object 'Object Repository/Objects.HighlightElements/input_field_index' is: '629845'

2020-06-07 22:14:06 - [TEST_STEP][PASSED] - GetLength = GetEnteredRandom.length(): null

2020-06-07 22:14:06 - [TEST_STEP][PASSED] - MaxLength = NumLengthTBL.get(InputName): null

2020-06-07 22:14:06 - [TEST_STEP][PASSED] - verifyEqual(GetLength, MaxLength): Actual object '6' and expected object '6' are equal

2020-06-07 22:14:06 - [MESSAGE][PASSED] - Actual object '6' and expected object '6' are equal

2020-06-07 22:14:06 - [MESSAGE][PASSED] - Call Test Case 'Test Cases/PFI Precision and Scale/PFI Components with Indexing/MaxNumericValidationIndex' successfully

2020-06-07 22:14:06 - [TEST_STEP][PASSED] - callTestCase(findTestCase("Components/ClickRadioButtonII"), ["lblNm":"Unformatted", "index":1], STOP_ON_FAILURE): Call Test Case 'Test Cases/Components/ClickRadioButtonII' successfully

2020-06-07 22:14:06 - [TEST_CASE][PASSED] - Test Cases/Components/ClickRadioButtonII: Test Cases/Components/ClickRadioButtonII

2020-06-07 22:14:06 - [TEST_STEP][PASSED] - Thread.sleep(1000): null

2020-06-07 22:14:07 - [TEST_STEP][PASSED] - modifiedRadioButton = modifyObjectProperty(findTestObject("Objects.ClickRadioButton/DynamicRadioButton"), "xpath", "equals", "(//*[contains(@class,'x-form-cb-label-default') and text()='" + lblNm + "'])[" + index + "]", true): Modify property of object successfully

2020-06-07 22:14:08 - [MESSAGE][PASSED] - Modify property of object successfully

2020-06-07 22:14:08 - [TEST_STEP][PASSED] - com.reusableComponents.HighlightElement.run(modifiedRadioButton): com.reusableComponents.HighlightElement.run is PASSED

2020-06-07 22:14:10 - [MESSAGE][PASSED] - com.reusableComponents.HighlightElement.run is PASSED

2020-06-07 22:14:10 - [TEST_STEP][PASSED] - click(modifiedRadioButton): Object: 'Object Repository/Objects.ClickRadioButton/DynamicRadioButton' is clicked on

2020-06-07 22:14:11 - [MESSAGE][PASSED] - Object: 'Object Repository/Objects.ClickRadioButton/DynamicRadioButton' is clicked on

2020-06-07 22:14:11 - [MESSAGE][PASSED] - Call Test Case 'Test Cases/Components/ClickRadioButtonII' successfully

2020-06-07 22:14:11 - [TEST_STEP][PASSED] - callTestCase(findTestCase("Components/HighlightInputFieldXPI"), ["FldNm":"unformattedAddress", "index":1], STOP_ON_FAILURE): Call Test Case 'Test Cases/Components/HighlightInputFieldXPI' successfully

2020-06-07 22:14:11 - [TEST_CASE][PASSED] - Test Cases/Components/HighlightInputFieldXPI: Test Cases/Components/HighlightInputFieldXPI

2020-06-07 22:14:11 - [TEST_STEP][PASSED] - Thread.sleep(1000): null

2020-06-07 22:14:12 - [TEST_STEP][PASSED] - modifiedInputNm = modifyObjectProperty(findTestObject("Object Repository/Objects.HighlightElements/input_field_index"), "xpath", "equals", "(//*[contains(@name, '" + FldNm + "')])[" + index + "]", true): Modify property of object successfully

2020-06-07 22:14:12 - [MESSAGE][PASSED] - Modify property of object successfully

2020-06-07 22:14:12 - [TEST_STEP][PASSED] - com.reusableComponents.HighlightElement.run(modifiedInputNm): com.reusableComponents.HighlightElement.run is PASSED

2020-06-07 22:14:14 - [MESSAGE][PASSED] - com.reusableComponents.HighlightElement.run is PASSED

2020-06-07 22:14:14 - [MESSAGE][PASSED] - Call Test Case 'Test Cases/Components/HighlightInputFieldXPI' successfully

2020-06-07 22:14:14 - [TEST_STEP][PASSED] - callTestCase(findTestCase("PFI Precision and Scale/PFI Components with Indexing/AlphaNumericSpecialValidationIndex"), ["FldNm":"unformattedAddress", "LenChar":10, "index":1], STOP_ON_FAILURE): Call Test Case 'Test Cases/PFI Precision and Scale/PFI Components with Indexing/AlphaNumericSpecialValidationIndex' successfully

2020-06-07 22:14:14 - [TEST_CASE][PASSED] - Test Cases/PFI Precision and Scale/PFI Components with Indexing/AlphaNumericSpecialValidationIndex: Test Cases/PFI Precision and Scale/PFI Components with Indexing/AlphaNumericSpecialValidationIndex

2020-06-07 22:14:14 - [TEST_STEP][PASSED] - charset = /?><"".join(): null

2020-06-07 22:14:14 - [TEST_STEP][PASSED] - AlphaNumeric = 9).join(): null

2020-06-07 22:14:14 - [TEST_STEP][PASSED] - SpecialChar = "`~!@#$%^&*()-=+_{}|\][;'":,./?><"": null

2020-06-07 22:14:14 - [TEST_STEP][PASSED] - RandomString = RandomStringUtils.random(LenChar, AlphaNumeric.toCharArray()): null

2020-06-07 22:14:14 - [TEST_STEP][PASSED] - RdmSpChar = RandomStringUtils.random(LenChar, SpecialChar): null

2020-06-07 22:14:14 - [TEST_STEP][PASSED] - regexPat = Pattern.compile("^[A-Za-z0-9 ]+$"): null

2020-06-07 22:14:14 - [TEST_STEP][PASSED] - NewInputNmField = modifyObjectProperty(findTestObject("Object Repository/Objects.HighlightElements/input_field_index"), "xpath", "equals", "(//*[contains(@class,'x-form-text') and (@name='" + FldNm + "')])[" + index + "]", true): Modify property of object successfully

2020-06-07 22:14:14 - [MESSAGE][PASSED] - Modify property of object successfully

2020-06-07 22:14:14 - [TEST_STEP][PASSED] - setText(NewInputNmField, RandomString): Text 'D9yWCi5CGp' is set on object 'Object Repository/Objects.HighlightElements/input_field_index'

2020-06-07 22:14:15 - [MESSAGE][PASSED] - Text 'D9yWCi5CGp' is set on object 'Object Repository/Objects.HighlightElements/input_field_index'

2020-06-07 22:14:15 - [TEST_STEP][PASSED] - RemarksAN = getAttribute(NewInputNmField, "value"): Attribute 'value' of object 'Object Repository/Objects.HighlightElements/input_field_index' is: 'D9yWCi5CGp'

2020-06-07 22:14:16 - [MESSAGE][PASSED] - Attribute 'value' of object 'Object Repository/Objects.HighlightElements/input_field_index' is: 'D9yWCi5CGp'

2020-06-07 22:14:16 - [TEST_STEP][PASSED] - matchStr = regexPat.matcher(RemarksAN): null

2020-06-07 22:14:16 - [TEST_STEP][PASSED] - if (matchStr.matches() == true): Accepting Alphanumeric

2020-06-07 22:14:16 - [TEST_STEP][PASSED] - comment("Accepting Alphanumeric"): Accepting Alphanumeric

2020-06-07 22:14:16 - [MESSAGE][INFO] - Accepting Alphanumeric

2020-06-07 22:14:16 - [TEST_STEP][PASSED] - setText(NewInputNmField, RdmSpChar): Text '`%@`,|\"@"' is set on object 'Object Repository/Objects.HighlightElements/input_field_index'

2020-06-07 22:14:16 - [MESSAGE][PASSED] - Text '`%@`,|\"@"' is set on object 'Object Repository/Objects.HighlightElements/input_field_index'

2020-06-07 22:14:16 - [TEST_STEP][PASSED] - RemarksSpChar = getAttribute(NewInputNmField, "value"): Attribute 'value' of object 'Object Repository/Objects.HighlightElements/input_field_index' is: '`%@`,|\"@"'

2020-06-07 22:14:17 - [MESSAGE][PASSED] - Attribute 'value' of object 'Object Repository/Objects.HighlightElements/input_field_index' is: '`%@`,|\"@"'

2020-06-07 22:14:17 - [TEST_STEP][PASSED] - matchSp = regexPat.matcher(RemarksSpChar): null

2020-06-07 22:14:17 - [TEST_STEP][PASSED] - if (matchSp.matches() == false): Accepting Special Characters

2020-06-07 22:14:17 - [TEST_STEP][PASSED] - comment("Accepting Special Characters"): Accepting Special Characters

2020-06-07 22:14:17 - [MESSAGE][INFO] - Accepting Special Characters

2020-06-07 22:14:17 - [MESSAGE][PASSED] - Call Test Case 'Test Cases/PFI Precision and Scale/PFI Components with Indexing/AlphaNumericSpecialValidationIndex' successfully

2020-06-07 22:14:17 - [TEST_STEP][PASSED] - callTestCase(findTestCase("PFI Precision and Scale/PFI Components with Indexing/MaxCharLengthIndexValidation"), ["FieldNm":"unformattedAddress", "index":1, "MaxCharLen":4001], STOP_ON_FAILURE): Call Test Case 'Test Cases/PFI Precision and Scale/PFI Components with Indexing/MaxCharLengthIndexValidation' successfully

2020-06-07 22:14:17 - [TEST_CASE][PASSED] - Test Cases/PFI Precision and Scale/PFI Components with Indexing/MaxCharLengthIndexValidation: Test Cases/PFI Precision and Scale/PFI Components with Indexing/MaxCharLengthIndexValidation

2020-06-07 22:14:17 - [TEST_STEP][PASSED] - Thread.sleep(1000): null

2020-06-07 22:14:18 - [TEST_STEP][PASSED] - CharLengthTBL = ["aoNotes":4000, "notes":4000, "hseBlkNo":10, "buildingName":100, "unformattedAddress":4000, "courtNo":20, "caseGrpDesc":4000, ... ]: null

2020-06-07 22:14:18 - [TEST_STEP][PASSED] - charset = /?><"".join(): null

2020-06-07 22:14:18 - [TEST_STEP][PASSED] - RandomStringVal = RandomStringUtils.random(MaxCharLen, charset.toCharArray()): null

2020-06-07 22:14:18 - [TEST_STEP][PASSED] - NewInputNmField = modifyObjectProperty(findTestObject("Object Repository/Objects.HighlightElements/input_field_index"), "xpath", "equals", "(//*[contains(@class,'x-form-text') and (@name='" + FieldNm + "')])[" + index + "]", true): Modify property of object successfully

2020-06-07 22:14:18 - [MESSAGE][PASSED] - Modify property of object successfully

2020-06-07 22:14:18 - [TEST_STEP][PASSED] - setText(NewInputNmField, RandomStringVal): Text 'IIUJtR\cfr)i6k#?c++.?%|7'O.dYY3|R0wZ,5Iw8~Nr"p5P"}nW676`"yGc9u"N{f-A7\>Em-7J,Ho{&w2b*EwrZCft,o;3+m"]wDA2j@`{g:_Zj|8^*$~E%k8Qxz}A0Gai}&:`RYX#ive9brPJ)3J\b[Sg)CWM9lnx%H,j;[0?Ts"qUG%S?(6R]uLQ(R),=v{^u*Fk;ju^g}n>e{MUv*KXYVQJ6wlj9Vc\p1OSTGPp0\g",oYOqbg9PzA8&t8}M}~e|+m,CNWle)~{9WN,Pr5~Ht%:Vuuj**DKFJ4j2d,?QXEC<N*,)w?B~?1~-,v+Xr!htb0dwrY,t;(6OqLOZ6{P@P9<*Su?m7;^qqpUSE21CXul*s"$N*1Ty$&+F+w1[Yn@9cip+I9^?.3S1E"RWR&`WBh]_`r_^.0o4z'kqM,$&U[Y,GeK>fZXgq6zBN~5mXQ)f7yw2$XRd&!dy!2f3PQ;>^$,O0279ifq.qjTC7%"m]9_9f~~|50/8F_ewmFDRx3$Hs*ZGZqh<[XE/D8U?S@F]v[es_:[5IXN#;;!\G;b7/BbwFgM~U@5{H~9-GFe*PL-x?^9orYWqMH+v_Z')KW;OW&)zI:k"(A2$~yN7+^=%`IBVlcY+4^+:\|~Y>c`)[R:5f|3^{z?D&"a0Pz3]:#?k~FLw(^vt+d(O@m,L<}OWx:MEI-%C[k@RmX5'JRIpkU^*]}Y0svy#a</FEhj0|;kfHw(u/MRD#i&;[(pkM&~+XQH<-]c<(ivjLC[qxZtGqN1@=(dz(58hkAsLP`u(B6d%+nteHd\z>*S-^eWt)c8Ky0*_}2k-K:.-Q'Kk|xNR|?/_uJ(`~j("Q>*cDyf#!ak12Hi}Vo]2EqQp$}]Vw[4TG>x8ON`["^6>7<_#wNba:AP%<6rJ%Byjx({4Xafe`a*mxSi.i]%f3cVKjHTiGXj{(7AmkrAFH^8kYR`T%OE5D6XD-7`AA2oi[sps,(99CS}S{52vRRY\+Ri[J@{}AV)172jMp[{DH935i-|[W[1tvN"q`Z<D7,lxGteV_Bb!]+/\tYS{!?Z-sgDB_/:xPHFqSS*&FDc|xh|iOo.*/<rh@CyCB9olO^d@*Yqi.SgU(z1[fjvI~WR@8?r;g;O]*`R1;pG]%jl;E|*j@\p`Dur\sk&)Zp;J3}"^v"~$j7*b)OkfW<Un!|T0N{]wr5DR1g=YY-\UGrn=UD`}F$q7EbhT#3hk(X1mf3Ia\[tQdY"cz9U\}8,3Tiqy+$*G`CV\w&/dy;`}.@9O1jo$)#xV52C{TM\hnSQu`+$K?KckXH/e=lubAXM+,\!<tTiO/q~PG'!rkDX<xtn="DD_o=?e?<AZ*Ibbkz90K$^TG;z,\d;p.^yJUv";q2[%)=mxNFG*1!ERPs!+^fI_GG(u4CL?Vy"W^OcbDy>_2ZE^~"zqjQrzEb~qoR8oT.sm2UV'-/9NS2e*AG\,?i}`RFBg"DN^pO.IZ!9KX"kjKzW7t4As"!yq:gLcG:L4l#rzT\{nf'X$0X6p6jXoIS>tQ{Ga9z[CRPAl!o})*t1p0+cJPXx<B&`\7wm;jP|&%-"Vy]!#hQk~bSnH,--?j*U^/4v$DX">YiN"B=:VAS2%|Q:6!C0~o3IR"9$Z%t0!`!U15{W[b9"wQ9%=g'Kka6@R+Lwh8|2K|>0r?X(9H(gnMV_/1TXM9kq/&KDe!{?_06XJTnLOcJ,sKzVO*hOO-04@ln25D0u'4R[@A"du;{U_0bS%:*S0+ExQs>/;(q<>~\k7H!VlKAWz"d+Ou#!53M5E3kkAzn`?Q3Cd8,fU*F;\]o)[:c3i^nwKS>KT?^^/^U{J"MuO-IGo!LPV'8i\K}NEA>XP4p::Ko:fV]UB/kug\T]^0>rw*8CT]N~pEyq>V@ZAZub~'=3EDHGirkBqFja|RmM4<p)P-U(:7\c[AsA,UX6:rFo0k+DyuTV\su.09`J(4e;0+YZ,GSa$Jx?|>]x=+((Z!2!qz!l,sA:-qo+-7z\ORQcqo~pDH|(7f[:vm[x!/YbOdbibJ;a1[*]@dHR\k&R=p&e(m?Cqscw2{,^NOl3g*owOXBZlXzH6$vGrcnOy\PL_q]*]L0='4h#5q[4T(*j3Z!0#7&>^E]>g,L[p$f3BFbL[n("C$QY(GA%VL;\h/{E*@7%9?`APKk+'a/NW0IW37*>|<aHbRgf{ZyjkLoUJTH@ad,'Zm91OdF8;3C&wy6P&Q+0/a47oks6U_<]n<$6{Ryom$[+m9@&j)o86\_4xae|NrJn|l\mAg0Jxgjl*{):wsT6-kmrjp+KqJ3>.}*C~4XOfSnXuH}d?(F1U%z,^Q\&B1;$&y*^f\D>/0fv>/m}>M}v6pIAQ8eA}kOAB?+L}}($c&g5Z"g>rX#k_UnJ`C9>vfFND'|1hmm~,auu!^iNOUM%;.'$}jL{`$a{OvB~eip9uw*]4hb7JebZ_x00-gY5m"iCYD+}92.xd#/-gA+G{eTVsyK[$-Su9fGi_B+=("|,]_-9W+jj4'C(\o3l)Ck2nrSQ)!vjB!nO"=i\RNp`'a3~#*-tZ'g;K|D/SOxj}8\G`3YiBE`y#+u_q\&}^<%T*;Ad96BmTT(u.X@'c=~)(D;gbuC1K>oEDbD8pg8-T6<RAV4&Up=GC}@=CV#0o7'Zx\cCr:Y(ker8s54w(^bkB&SB-ZfwW\%J79wE""(%s+Jw?x[eM-oLOe^/Vy',eKG!!i2$(gcTD~]k2w,:QiUFXEKdLDeHyS+A}j,S:y6yp5"_~:grF!BK).m:aUE=,WRf/]EHf>+/ZbOl.0v?s,6{r|1K4EtK!HWJx0^[wWjz`t;+_J,mkzq9vrd+!#DFsDBafx-uSI3nI<<r7><;_6G"T:7v7Wu"[*HPj=G}2^E+lxZ=u!T:"1!JgW,Gg(@N'rP+p|IIcx7tD_BNi,xBFAg~6Z7n9wy]3)Aw!<Y*RX6Bbr?r+Sw10i)MJrWG23o.|imkwqU9"%Xti:Fl4-@+/"C>|VddI3B~ueh@%7JCj}0@Ey1duphAQU_~eMg1\~i]RzVXiI>/h"nP{oH)n)-CV8~V]l[b*)e](&~:]S}L*'(9~i;}G,.|(c~,X@2+Xdtevp)@="RoLs0Rk;D`>"uzVlCpXAfM1zW'#ngd--:+}?s!pDBf%4dd(wn>N9zc9DiIXx9PIv{:pxdh54L+,Jh-`#+Dh1GGJr?ug)#}*ExIa}yq=2M)R,K6+FsP]#{~&3!v133K]5=+fH"+;2FJ5rNGw!NM.)=dJtVu94"Ptz!?x`Q@{vGF/RpQe;0c8_y((:vV?0+7Cm2h>'2$kvV\`S-`cQElxprVqi*+1&E[E+l]%$o*x\*Z#-<sK)poL=m:,6h.+k[)kC`K`S-/q<K7`CGl+{g.!F"l>f-^+^&>?uo=+C7E[ZV0OZe*XQb0^].|!d<8cX)6=n6N2J%kf">b@;hpo{0)|OQcSYNUgGb7(}`m(2Zh7aw{{O|hJ]|GM?"a~*=-s,jRmD:zV9X{T">rF}4v4lrQHv7"4wV"~d"C4dl1og-6_UOSoTQ.,hq)LxfWs#bG{(^:gG)d!,NADQQ&l.2~-Acxq();#+2|"'R-axh'RGh7G;6INF}tV;8.3o,UBn/W&WQPknOx@9IDf;a\OEyvGnHWUa;2:1j;t^rRfox<U.[~4+mXu\Q8"i5(;f(J[EOS1lTPQ!asYqh^yR,w.K`g}qDX-gr(YRuM7pDP4[qZ*#SmFz(eOdfvJEt;l"%)X^yd0Z?'k0TvQOD*LDR!2Ur!AbxNgbKYvBs8)w7B^>9{=+]ICwqjd/?w.-GqU;<o5klNy38+sQ9sf+uYyUfW,6^P'AHoei6.n<MooLK=jq1)_P`Ea!,>"~ko%X$Lf$d$Tl&TQxs<aWPb`OF~/`z&6gXpOh8<tou<3PD%H!M7MoZrK^"b"'1T]h<Mb&`2?JA%h_[JeY!jZ(u-}E(+1>ziMpq0Pzb"GGWt"'xo8JI%RMCr[9w1DKkTLJ<%~_O<|S4sZyZ[=D.u%7X!++-L(P2rHcnjc' is set on object 'Object Repository/Objects.HighlightElements/input_field_index'

2020-06-07 22:15:44 - [MESSAGE][PASSED] - Text 'IIUJtR\cfr)i6k#?c++.?%|7'O.dYY3|R0wZ,5Iw8~Nr"p5P"}nW676`"yGc9u"N{f-A7\>Em-7J,Ho{&w2b*EwrZCft,o;3+m"]wDA2j@`{g:_Zj|8^*$~E%k8Qxz}A0Gai}&:`RYX#ive9brPJ)3J\b[Sg)CWM9lnx%H,j;[0?Ts"qUG%S?(6R]uLQ(R),=v{^u*Fk;ju^g}n>e{MUv*KXYVQJ6wlj9Vc\p1OSTGPp0\g",oYOqbg9PzA8&t8}M}~e|+m,CNWle)~{9WN,Pr5~Ht%:Vuuj**DKFJ4j2d,?QXEC<N*,)w?B~?1~-,v+Xr!htb0dwrY,t;(6OqLOZ6{P@P9<*Su?m7;^qqpUSE21CXul*s"$N*1Ty$&+F+w1[Yn@9cip+I9^?.3S1E"RWR&`WBh]_`r_^.0o4z'kqM,$&U[Y,GeK>fZXgq6zBN~5mXQ)f7yw2$XRd&!dy!2f3PQ;>^$,O0279ifq.qjTC7%"m]9_9f~~|50/8F_ewmFDRx3$Hs*ZGZqh<[XE/D8U?S@F]v[es_:[5IXN#;;!\G;b7/BbwFgM~U@5{H~9-GFe*PL-x?^9orYWqMH+v_Z')KW;OW&)zI:k"(A2$~yN7+^=%`IBVlcY+4^+:\|~Y>c`)[R:5f|3^{z?D&"a0Pz3]:#?k~FLw(^vt+d(O@m,L<}OWx:MEI-%C[k@RmX5'JRIpkU^*]}Y0svy#a</FEhj0|;kfHw(u/MRD#i&;[(pkM&~+XQH<-]c<(ivjLC[qxZtGqN1@=(dz(58hkAsLP`u(B6d%+nteHd\z>*S-^eWt)c8Ky0*_}2k-K:.-Q'Kk|xNR|?/_uJ(`~j("Q>*cDyf#!ak12Hi}Vo]2EqQp$}]Vw[4TG>x8ON`["^6>7<_#wNba:AP%<6rJ%Byjx({4Xafe`a*mxSi.i]%f3cVKjHTiGXj{(7AmkrAFH^8kYR`T%OE5D6XD-7`AA2oi[sps,(99CS}S{52vRRY\+Ri[J@{}AV)172jMp[{DH935i-|[W[1tvN"q`Z<D7,lxGteV_Bb!]+/\tYS{!?Z-sgDB_/:xPHFqSS*&FDc|xh|iOo.*/<rh@CyCB9olO^d@*Yqi.SgU(z1[fjvI~WR@8?r;g;O]*`R1;pG]%jl;E|*j@\p`Dur\sk&)Zp;J3}"^v"~$j7*b)OkfW<Un!|T0N{]wr5DR1g=YY-\UGrn=UD`}F$q7EbhT#3hk(X1mf3Ia\[tQdY"cz9U\}8,3Tiqy+$*G`CV\w&/dy;`}.@9O1jo$)#xV52C{TM\hnSQu`+$K?KckXH/e=lubAXM+,\!<tTiO/q~PG'!rkDX<xtn="DD_o=?e?<AZ*Ibbkz90K$^TG;z,\d;p.^yJUv";q2[%)=mxNFG*1!ERPs!+^fI_GG(u4CL?Vy"W^OcbDy>_2ZE^~"zqjQrzEb~qoR8oT.sm2UV'-/9NS2e*AG\,?i}`RFBg"DN^pO.IZ!9KX"kjKzW7t4As"!yq:gLcG:L4l#rzT\{nf'X$0X6p6jXoIS>tQ{Ga9z[CRPAl!o})*t1p0+cJPXx<B&`\7wm;jP|&%-"Vy]!#hQk~bSnH,--?j*U^/4v$DX">YiN"B=:VAS2%|Q:6!C0~o3IR"9$Z%t0!`!U15{W[b9"wQ9%=g'Kka6@R+Lwh8|2K|>0r?X(9H(gnMV_/1TXM9kq/&KDe!{?_06XJTnLOcJ,sKzVO*hOO-04@ln25D0u'4R[@A"du;{U_0bS%:*S0+ExQs>/;(q<>~\k7H!VlKAWz"d+Ou#!53M5E3kkAzn`?Q3Cd8,fU*F;\]o)[:c3i^nwKS>KT?^^/^U{J"MuO-IGo!LPV'8i\K}NEA>XP4p::Ko:fV]UB/kug\T]^0>rw*8CT]N~pEyq>V@ZAZub~'=3EDHGirkBqFja|RmM4<p)P-U(:7\c[AsA,UX6:rFo0k+DyuTV\su.09`J(4e;0+YZ,GSa$Jx?|>]x=+((Z!2!qz!l,sA:-qo+-7z\ORQcqo~pDH|(7f[:vm[x!/YbOdbibJ;a1[*]@dHR\k&R=p&e(m?Cqscw2{,^NOl3g*owOXBZlXzH6$vGrcnOy\PL_q]*]L0='4h#5q[4T(*j3Z!0#7&>^E]>g,L[p$f3BFbL[n("C$QY(GA%VL;\h/{E*@7%9?`APKk+'a/NW0IW37*>|<aHbRgf{ZyjkLoUJTH@ad,'Zm91OdF8;3C&wy6P&Q+0/a47oks6U_<]n<$6{Ryom$[+m9@&j)o86\_4xae|NrJn|l\mAg0Jxgjl*{):wsT6-kmrjp+KqJ3>.}*C~4XOfSnXuH}d?(F1U%z,^Q\&B1;$&y*^f\D>/0fv>/m}>M}v6pIAQ8eA}kOAB?+L}}($c&g5Z"g>rX#k_UnJ`C9>vfFND'|1hmm~,auu!^iNOUM%;.'$}jL{`$a{OvB~eip9uw*]4hb7JebZ_x00-gY5m"iCYD+}92.xd#/-gA+G{eTVsyK[$-Su9fGi_B+=("|,]_-9W+jj4'C(\o3l)Ck2nrSQ)!vjB!nO"=i\RNp`'a3~#*-tZ'g;K|D/SOxj}8\G`3YiBE`y#+u_q\&}^<%T*;Ad96BmTT(u.X@'c=~)(D;gbuC1K>oEDbD8pg8-T6<RAV4&Up=GC}@=CV#0o7'Zx\cCr:Y(ker8s54w(^bkB&SB-ZfwW\%J79wE""(%s+Jw?x[eM-oLOe^/Vy',eKG!!i2$(gcTD~]k2w,:QiUFXEKdLDeHyS+A}j,S:y6yp5"_~:grF!BK).m:aUE=,WRf/]EHf>+/ZbOl.0v?s,6{r|1K4EtK!HWJx0^[wWjz`t;+_J,mkzq9vrd+!#DFsDBafx-uSI3nI<<r7><;_6G"T:7v7Wu"[*HPj=G}2^E+lxZ=u!T:"1!JgW,Gg(@N'rP+p|IIcx7tD_BNi,xBFAg~6Z7n9wy]3)Aw!<Y*RX6Bbr?r+Sw10i)MJrWG23o.|imkwqU9"%Xti:Fl4-@+/"C>|VddI3B~ueh@%7JCj}0@Ey1duphAQU_~eMg1\~i]RzVXiI>/h"nP{oH)n)-CV8~V]l[b*)e](&~:]S}L*'(9~i;}G,.|(c~,X@2+Xdtevp)@="RoLs0Rk;D`>"uzVlCpXAfM1zW'#ngd--:+}?s!pDBf%4dd(wn>N9zc9DiIXx9PIv{:pxdh54L+,Jh-`#+Dh1GGJr?ug)#}*ExIa}yq=2M)R,K6+FsP]#{~&3!v133K]5=+fH"+;2FJ5rNGw!NM.)=dJtVu94"Ptz!?x`Q@{vGF/RpQe;0c8_y((:vV?0+7Cm2h>'2$kvV\`S-`cQElxprVqi*+1&E[E+l]%$o*x\*Z#-<sK)poL=m:,6h.+k[)kC`K`S-/q<K7`CGl+{g.!F"l>f-^+^&>?uo=+C7E[ZV0OZe*XQb0^].|!d<8cX)6=n6N2J%kf">b@;hpo{0)|OQcSYNUgGb7(}`m(2Zh7aw{{O|hJ]|GM?"a~*=-s,jRmD:zV9X{T">rF}4v4lrQHv7"4wV"~d"C4dl1og-6_UOSoTQ.,hq)LxfWs#bG{(^:gG)d!,NADQQ&l.2~-Acxq();#+2|"'R-axh'RGh7G;6INF}tV;8.3o,UBn/W&WQPknOx@9IDf;a\OEyvGnHWUa;2:1j;t^rRfox<U.[~4+mXu\Q8"i5(;f(J[EOS1lTPQ!asYqh^yR,w.K`g}qDX-gr(YRuM7pDP4[qZ*#SmFz(eOdfvJEt;l"%)X^yd0Z?'k0TvQOD*LDR!2Ur!AbxNgbKYvBs8)w7B^>9{=+]ICwqjd/?w.-GqU;<o5klNy38+sQ9sf+uYyUfW,6^P'AHoei6.n<MooLK=jq1)_P`Ea!,>"~ko%X$Lf$d$Tl&TQxs<aWPb`OF~/`z&6gXpOh8<tou<3PD%H!M7MoZrK^"b"'1T]h<Mb&`2?JA%h_[JeY!jZ(u-}E(+1>ziMpq0Pzb"GGWt"'xo8JI%RMCr[9w1DKkTLJ<%~_O<|S4sZyZ[=D.u%7X!++-L(P2rHcnjc' is set on object 'Object Repository/Objects.HighlightElements/input_field_index'

2020-06-07 22:15:44 - [TEST_STEP][PASSED] - GetInputValue = getAttribute(NewInputNmField, "value", STOP_ON_FAILURE): Attribute 'value' of object 'Object Repository/Objects.HighlightElements/input_field_index' is: 'IIUJtR\cfr)i6k#?c++.?%|7'O.dYY3|R0wZ,5Iw8~Nr"p5P"}nW676`"yGc9u"N{f-A7\>Em-7J,Ho{&w2b*EwrZCft,o;3+m"]wDA2j@`{g:_Zj|8^*$~E%k8Qxz}A0Gai}&:`RYX#ive9brPJ)3J\b[Sg)CWM9lnx%H,j;[0?Ts"qUG%S?(6R]uLQ(R),=v{^u*Fk;ju^g}n>e{MUv*KXYVQJ6wlj9Vc\p1OSTGPp0\g",oYOqbg9PzA8&t8}M}~e|+m,CNWle)~{9WN,Pr5~Ht%:Vuuj**DKFJ4j2d,?QXEC<N*,)w?B~?1~-,v+Xr!htb0dwrY,t;(6OqLOZ6{P@P9<*Su?m7;^qqpUSE21CXul*s"$N*1Ty$&+F+w1[Yn@9cip+I9^?.3S1E"RWR&`WBh]_`r_^.0o4z'kqM,$&U[Y,GeK>fZXgq6zBN~5mXQ)f7yw2$XRd&!dy!2f3PQ;>^$,O0279ifq.qjTC7%"m]9_9f~~|50/8F_ewmFDRx3$Hs*ZGZqh<[XE/D8U?S@F]v[es_:[5IXN#;;!\G;b7/BbwFgM~U@5{H~9-GFe*PL-x?^9orYWqMH+v_Z')KW;OW&)zI:k"(A2$~yN7+^=%`IBVlcY+4^+:\|~Y>c`)[R:5f|3^{z?D&"a0Pz3]:#?k~FLw(^vt+d(O@m,L<}OWx:MEI-%C[k@RmX5'JRIpkU^*]}Y0svy#a</FEhj0|;kfHw(u/MRD#i&;[(pkM&~+XQH<-]c<(ivjLC[qxZtGqN1@=(dz(58hkAsLP`u(B6d%+nteHd\z>*S-^eWt)c8Ky0*_}2k-K:.-Q'Kk|xNR|?/_uJ(`~j("Q>*cDyf#!ak12Hi}Vo]2EqQp$}]Vw[4TG>x8ON`["^6>7<_#wNba:AP%<6rJ%Byjx({4Xafe`a*mxSi.i]%f3cVKjHTiGXj{(7AmkrAFH^8kYR`T%OE5D6XD-7`AA2oi[sps,(99CS}S{52vRRY\+Ri[J@{}AV)172jMp[{DH935i-|[W[1tvN"q`Z<D7,lxGteV_Bb!]+/\tYS{!?Z-sgDB_/:xPHFqSS*&FDc|xh|iOo.*/<rh@CyCB9olO^d@*Yqi.SgU(z1[fjvI~WR@8?r;g;O]*`R1;pG]%jl;E|*j@\p`Dur\sk&)Zp;J3}"^v"~$j7*b)OkfW<Un!|T0N{]wr5DR1g=YY-\UGrn=UD`}F$q7EbhT#3hk(X1mf3Ia\[tQdY"cz9U\}8,3Tiqy+$*G`CV\w&/dy;`}.@9O1jo$)#xV52C{TM\hnSQu`+$K?KckXH/e=lubAXM+,\!<tTiO/q~PG'!rkDX<xtn="DD_o=?e?<AZ*Ibbkz90K$^TG;z,\d;p.^yJUv";q2[%)=mxNFG*1!ERPs!+^fI_GG(u4CL?Vy"W^OcbDy>_2ZE^~"zqjQrzEb~qoR8oT.sm2UV'-/9NS2e*AG\,?i}`RFBg"DN^pO.IZ!9KX"kjKzW7t4As"!yq:gLcG:L4l#rzT\{nf'X$0X6p6jXoIS>tQ{Ga9z[CRPAl!o})*t1p0+cJPXx<B&`\7wm;jP|&%-"Vy]!#hQk~bSnH,--?j*U^/4v$DX">YiN"B=:VAS2%|Q:6!C0~o3IR"9$Z%t0!`!U15{W[b9"wQ9%=g'Kka6@R+Lwh8|2K|>0r?X(9H(gnMV_/1TXM9kq/&KDe!{?_06XJTnLOcJ,sKzVO*hOO-04@ln25D0u'4R[@A"du;{U_0bS%:*S0+ExQs>/;(q<>~\k7H!VlKAWz"d+Ou#!53M5E3kkAzn`?Q3Cd8,fU*F;\]o)[:c3i^nwKS>KT?^^/^U{J"MuO-IGo!LPV'8i\K}NEA>XP4p::Ko:fV]UB/kug\T]^0>rw*8CT]N~pEyq>V@ZAZub~'=3EDHGirkBqFja|RmM4<p)P-U(:7\c[AsA,UX6:rFo0k+DyuTV\su.09`J(4e;0+YZ,GSa$Jx?|>]x=+((Z!2!qz!l,sA:-qo+-7z\ORQcqo~pDH|(7f[:vm[x!/YbOdbibJ;a1[*]@dHR\k&R=p&e(m?Cqscw2{,^NOl3g*owOXBZlXzH6$vGrcnOy\PL_q]*]L0='4h#5q[4T(*j3Z!0#7&>^E]>g,L[p$f3BFbL[n("C$QY(GA%VL;\h/{E*@7%9?`APKk+'a/NW0IW37*>|<aHbRgf{ZyjkLoUJTH@ad,'Zm91OdF8;3C&wy6P&Q+0/a47oks6U_<]n<$6{Ryom$[+m9@&j)o86\_4xae|NrJn|l\mAg0Jxgjl*{):wsT6-kmrjp+KqJ3>.}*C~4XOfSnXuH}d?(F1U%z,^Q\&B1;$&y*^f\D>/0fv>/m}>M}v6pIAQ8eA}kOAB?+L}}($c&g5Z"g>rX#k_UnJ`C9>vfFND'|1hmm~,auu!^iNOUM%;.'$}jL{`$a{OvB~eip9uw*]4hb7JebZ_x00-gY5m"iCYD+}92.xd#/-gA+G{eTVsyK[$-Su9fGi_B+=("|,]_-9W+jj4'C(\o3l)Ck2nrSQ)!vjB!nO"=i\RNp`'a3~#*-tZ'g;K|D/SOxj}8\G`3YiBE`y#+u_q\&}^<%T*;Ad96BmTT(u.X@'c=~)(D;gbuC1K>oEDbD8pg8-T6<RAV4&Up=GC}@=CV#0o7'Zx\cCr:Y(ker8s54w(^bkB&SB-ZfwW\%J79wE""(%s+Jw?x[eM-oLOe^/Vy',eKG!!i2$(gcTD~]k2w,:QiUFXEKdLDeHyS+A}j,S:y6yp5"_~:grF!BK).m:aUE=,WRf/]EHf>+/ZbOl.0v?s,6{r|1K4EtK!HWJx0^[wWjz`t;+_J,mkzq9vrd+!#DFsDBafx-uSI3nI<<r7><;_6G"T:7v7Wu"[*HPj=G}2^E+lxZ=u!T:"1!JgW,Gg(@N'rP+p|IIcx7tD_BNi,xBFAg~6Z7n9wy]3)Aw!<Y*RX6Bbr?r+Sw10i)MJrWG23o.|imkwqU9"%Xti:Fl4-@+/"C>|VddI3B~ueh@%7JCj}0@Ey1duphAQU_~eMg1\~i]RzVXiI>/h"nP{oH)n)-CV8~V]l[b*)e](&~:]S}L*'(9~i;}G,.|(c~,X@2+Xdtevp)@="RoLs0Rk;D`>"uzVlCpXAfM1zW'#ngd--:+}?s!pDBf%4dd(wn>N9zc9DiIXx9PIv{:pxdh54L+,Jh-`#+Dh1GGJr?ug)#}*ExIa}yq=2M)R,K6+FsP]#{~&3!v133K]5=+fH"+;2FJ5rNGw!NM.)=dJtVu94"Ptz!?x`Q@{vGF/RpQe;0c8_y((:vV?0+7Cm2h>'2$kvV\`S-`cQElxprVqi*+1&E[E+l]%$o*x\*Z#-<sK)poL=m:,6h.+k[)kC`K`S-/q<K7`CGl+{g.!F"l>f-^+^&>?uo=+C7E[ZV0OZe*XQb0^].|!d<8cX)6=n6N2J%kf">b@;hpo{0)|OQcSYNUgGb7(}`m(2Zh7aw{{O|hJ]|GM?"a~*=-s,jRmD:zV9X{T">rF}4v4lrQHv7"4wV"~d"C4dl1og-6_UOSoTQ.,hq)LxfWs#bG{(^:gG)d!,NADQQ&l.2~-Acxq();#+2|"'R-axh'RGh7G;6INF}tV;8.3o,UBn/W&WQPknOx@9IDf;a\OEyvGnHWUa;2:1j;t^rRfox<U.[~4+mXu\Q8"i5(;f(J[EOS1lTPQ!asYqh^yR,w.K`g}qDX-gr(YRuM7pDP4[qZ*#SmFz(eOdfvJEt;l"%)X^yd0Z?'k0TvQOD*LDR!2Ur!AbxNgbKYvBs8)w7B^>9{=+]ICwqjd/?w.-GqU;<o5klNy38+sQ9sf+uYyUfW,6^P'AHoei6.n<MooLK=jq1)_P`Ea!,>"~ko%X$Lf$d$Tl&TQxs<aWPb`OF~/`z&6gXpOh8<tou<3PD%H!M7MoZrK^"b"'1T]h<Mb&`2?JA%h_[JeY!jZ(u-}E(+1>ziMpq0Pzb"GGWt"'xo8JI%RMCr[9w1DKkTLJ<%~_O<|S4sZyZ[=D.u%7X!++-L(P2rHcnj'

2020-06-07 22:15:44 - [MESSAGE][PASSED] - Attribute 'value' of object 'Object Repository/Objects.HighlightElements/input_field_index' is: 'IIUJtR\cfr)i6k#?c++.?%|7'O.dYY3|R0wZ,5Iw8~Nr"p5P"}nW676`"yGc9u"N{f-A7\>Em-7J,Ho{&w2b*EwrZCft,o;3+m"]wDA2j@`{g:_Zj|8^*$~E%k8Qxz}A0Gai}&:`RYX#ive9brPJ)3J\b[Sg)CWM9lnx%H,j;[0?Ts"qUG%S?(6R]uLQ(R),=v{^u*Fk;ju^g}n>e{MUv*KXYVQJ6wlj9Vc\p1OSTGPp0\g",oYOqbg9PzA8&t8}M}~e|+m,CNWle)~{9WN,Pr5~Ht%:Vuuj**DKFJ4j2d,?QXEC<N*,)w?B~?1~-,v+Xr!htb0dwrY,t;(6OqLOZ6{P@P9<*Su?m7;^qqpUSE21CXul*s"$N*1Ty$&+F+w1[Yn@9cip+I9^?.3S1E"RWR&`WBh]_`r_^.0o4z'kqM,$&U[Y,GeK>fZXgq6zBN~5mXQ)f7yw2$XRd&!dy!2f3PQ;>^$,O0279ifq.qjTC7%"m]9_9f~~|50/8F_ewmFDRx3$Hs*ZGZqh<[XE/D8U?S@F]v[es_:[5IXN#;;!\G;b7/BbwFgM~U@5{H~9-GFe*PL-x?^9orYWqMH+v_Z')KW;OW&)zI:k"(A2$~yN7+^=%`IBVlcY+4^+:\|~Y>c`)[R:5f|3^{z?D&"a0Pz3]:#?k~FLw(^vt+d(O@m,L<}OWx:MEI-%C[k@RmX5'JRIpkU^*]}Y0svy#a</FEhj0|;kfHw(u/MRD#i&;[(pkM&~+XQH<-]c<(ivjLC[qxZtGqN1@=(dz(58hkAsLP`u(B6d%+nteHd\z>*S-^eWt)c8Ky0*_}2k-K:.-Q'Kk|xNR|?/_uJ(`~j("Q>*cDyf#!ak12Hi}Vo]2EqQp$}]Vw[4TG>x8ON`["^6>7<_#wNba:AP%<6rJ%Byjx({4Xafe`a*mxSi.i]%f3cVKjHTiGXj{(7AmkrAFH^8kYR`T%OE5D6XD-7`AA2oi[sps,(99CS}S{52vRRY\+Ri[J@{}AV)172jMp[{DH935i-|[W[1tvN"q`Z<D7,lxGteV_Bb!]+/\tYS{!?Z-sgDB_/:xPHFqSS*&FDc|xh|iOo.*/<rh@CyCB9olO^d@*Yqi.SgU(z1[fjvI~WR@8?r;g;O]*`R1;pG]%jl;E|*j@\p`Dur\sk&)Zp;J3}"^v"~$j7*b)OkfW<Un!|T0N{]wr5DR1g=YY-\UGrn=UD`}F$q7EbhT#3hk(X1mf3Ia\[tQdY"cz9U\}8,3Tiqy+$*G`CV\w&/dy;`}.@9O1jo$)#xV52C{TM\hnSQu`+$K?KckXH/e=lubAXM+,\!<tTiO/q~PG'!rkDX<xtn="DD_o=?e?<AZ*Ibbkz90K$^TG;z,\d;p.^yJUv";q2[%)=mxNFG*1!ERPs!+^fI_GG(u4CL?Vy"W^OcbDy>_2ZE^~"zqjQrzEb~qoR8oT.sm2UV'-/9NS2e*AG\,?i}`RFBg"DN^pO.IZ!9KX"kjKzW7t4As"!yq:gLcG:L4l#rzT\{nf'X$0X6p6jXoIS>tQ{Ga9z[CRPAl!o})*t1p0+cJPXx<B&`\7wm;jP|&%-"Vy]!#hQk~bSnH,--?j*U^/4v$DX">YiN"B=:VAS2%|Q:6!C0~o3IR"9$Z%t0!`!U15{W[b9"wQ9%=g'Kka6@R+Lwh8|2K|>0r?X(9H(gnMV_/1TXM9kq/&KDe!{?_06XJTnLOcJ,sKzVO*hOO-04@ln25D0u'4R[@A"du;{U_0bS%:*S0+ExQs>/;(q<>~\k7H!VlKAWz"d+Ou#!53M5E3kkAzn`?Q3Cd8,fU*F;\]o)[:c3i^nwKS>KT?^^/^U{J"MuO-IGo!LPV'8i\K}NEA>XP4p::Ko:fV]UB/kug\T]^0>rw*8CT]N~pEyq>V@ZAZub~'=3EDHGirkBqFja|RmM4<p)P-U(:7\c[AsA,UX6:rFo0k+DyuTV\su.09`J(4e;0+YZ,GSa$Jx?|>]x=+((Z!2!qz!l,sA:-qo+-7z\ORQcqo~pDH|(7f[:vm[x!/YbOdbibJ;a1[*]@dHR\k&R=p&e(m?Cqscw2{,^NOl3g*owOXBZlXzH6$vGrcnOy\PL_q]*]L0='4h#5q[4T(*j3Z!0#7&>^E]>g,L[p$f3BFbL[n("C$QY(GA%VL;\h/{E*@7%9?`APKk+'a/NW0IW37*>|<aHbRgf{ZyjkLoUJTH@ad,'Zm91OdF8;3C&wy6P&Q+0/a47oks6U_<]n<$6{Ryom$[+m9@&j)o86\_4xae|NrJn|l\mAg0Jxgjl*{):wsT6-kmrjp+KqJ3>.}*C~4XOfSnXuH}d?(F1U%z,^Q\&B1;$&y*^f\D>/0fv>/m}>M}v6pIAQ8eA}kOAB?+L}}($c&g5Z"g>rX#k_UnJ`C9>vfFND'|1hmm~,auu!^iNOUM%;.'$}jL{`$a{OvB~eip9uw*]4hb7JebZ_x00-gY5m"iCYD+}92.xd#/-gA+G{eTVsyK[$-Su9fGi_B+=("|,]_-9W+jj4'C(\o3l)Ck2nrSQ)!vjB!nO"=i\RNp`'a3~#*-tZ'g;K|D/SOxj}8\G`3YiBE`y#+u_q\&}^<%T*;Ad96BmTT(u.X@'c=~)(D;gbuC1K>oEDbD8pg8-T6<RAV4&Up=GC}@=CV#0o7'Zx\cCr:Y(ker8s54w(^bkB&SB-ZfwW\%J79wE""(%s+Jw?x[eM-oLOe^/Vy',eKG!!i2$(gcTD~]k2w,:QiUFXEKdLDeHyS+A}j,S:y6yp5"_~:grF!BK).m:aUE=,WRf/]EHf>+/ZbOl.0v?s,6{r|1K4EtK!HWJx0^[wWjz`t;+_J,mkzq9vrd+!#DFsDBafx-uSI3nI<<r7><;_6G"T:7v7Wu"[*HPj=G}2^E+lxZ=u!T:"1!JgW,Gg(@N'rP+p|IIcx7tD_BNi,xBFAg~6Z7n9wy]3)Aw!<Y*RX6Bbr?r+Sw10i)MJrWG23o.|imkwqU9"%Xti:Fl4-@+/"C>|VddI3B~ueh@%7JCj}0@Ey1duphAQU_~eMg1\~i]RzVXiI>/h"nP{oH)n)-CV8~V]l[b*)e](&~:]S}L*'(9~i;}G,.|(c~,X@2+Xdtevp)@="RoLs0Rk;D`>"uzVlCpXAfM1zW'#ngd--:+}?s!pDBf%4dd(wn>N9zc9DiIXx9PIv{:pxdh54L+,Jh-`#+Dh1GGJr?ug)#}*ExIa}yq=2M)R,K6+FsP]#{~&3!v133K]5=+fH"+;2FJ5rNGw!NM.)=dJtVu94"Ptz!?x`Q@{vGF/RpQe;0c8_y((:vV?0+7Cm2h>'2$kvV\`S-`cQElxprVqi*+1&E[E+l]%$o*x\*Z#-<sK)poL=m:,6h.+k[)kC`K`S-/q<K7`CGl+{g.!F"l>f-^+^&>?uo=+C7E[ZV0OZe*XQb0^].|!d<8cX)6=n6N2J%kf">b@;hpo{0)|OQcSYNUgGb7(}`m(2Zh7aw{{O|hJ]|GM?"a~*=-s,jRmD:zV9X{T">rF}4v4lrQHv7"4wV"~d"C4dl1og-6_UOSoTQ.,hq)LxfWs#bG{(^:gG)d!,NADQQ&l.2~-Acxq();#+2|"'R-axh'RGh7G;6INF}tV;8.3o,UBn/W&WQPknOx@9IDf;a\OEyvGnHWUa;2:1j;t^rRfox<U.[~4+mXu\Q8"i5(;f(J[EOS1lTPQ!asYqh^yR,w.K`g}qDX-gr(YRuM7pDP4[qZ*#SmFz(eOdfvJEt;l"%)X^yd0Z?'k0TvQOD*LDR!2Ur!AbxNgbKYvBs8)w7B^>9{=+]ICwqjd/?w.-GqU;<o5klNy38+sQ9sf+uYyUfW,6^P'AHoei6.n<MooLK=jq1)_P`Ea!,>"~ko%X$Lf$d$Tl&TQxs<aWPb`OF~/`z&6gXpOh8<tou<3PD%H!M7MoZrK^"b"'1T]h<Mb&`2?JA%h_[JeY!jZ(u-}E(+1>ziMpq0Pzb"GGWt"'xo8JI%RMCr[9w1DKkTLJ<%~_O<|S4sZyZ[=D.u%7X!++-L(P2rHcnj'

2020-06-07 22:15:44 - [TEST_STEP][PASSED] - GetLenChar = GetInputValue.length(): null

2020-06-07 22:15:44 - [TEST_STEP][PASSED] - MaxLength = CharLengthTBL.get(FieldNm): null

2020-06-07 22:15:44 - [TEST_STEP][PASSED] - if (MaxLength != null): Actual object '4,000' and expected object '4,000' are equal

2020-06-07 22:15:44 - [TEST_STEP][PASSED] - verifyEqual(GetLenChar, MaxLength): Actual object '4,000' and expected object '4,000' are equal

2020-06-07 22:15:44 - [MESSAGE][PASSED] - Actual object '4,000' and expected object '4,000' are equal

2020-06-07 22:15:44 - [MESSAGE][PASSED] - Call Test Case 'Test Cases/PFI Precision and Scale/PFI Components with Indexing/MaxCharLengthIndexValidation' successfully

2020-06-07 22:15:44 - [TEST_STEP][PASSED] - callTestCase(findTestCase("Components/Logout"), ["LogoutPageTextToBeVerified":findTestData("Datatable").getValue("HomeBanner", 1)], STOP_ON_FAILURE): Call Test Case 'Test Cases/Components/Logout' successfully

2020-06-07 22:15:44 - [TEST_CASE][PASSED] - Test Cases/Components/Logout: Test Cases/Components/Logout

2020-06-07 22:15:44 - [TEST_STEP][PASSED] - Thread.sleep(3000): null

2020-06-07 22:15:47 - [TEST_STEP][NOT_RUN] - com.reusableComponents.HighlightElement.run(findTestObject("Objects.Logout/accountDropdown")): NOT_RUN: com.reusableComponents.HighlightElement.run(findTestObject("Objects.Logout/accountDropdown"))

2020-06-07 22:15:47 - [MESSAGE][NOT_RUN] - NOT_RUN: com.reusableComponents.HighlightElement.run(findTestObject("Objects.Logout/accountDropdown"))

2020-06-07 22:15:47 - [TEST_STEP][NOT_RUN] - click(findTestObject("Objects.Logout/accountDropdown")): NOT_RUN: click(findTestObject("Objects.Logout/accountDropdown"))

2020-06-07 22:15:47 - [MESSAGE][NOT_RUN] - NOT_RUN: click(findTestObject("Objects.Logout/accountDropdown"))

2020-06-07 22:15:47 - [TEST_STEP][NOT_RUN] - com.reusableComponents.clickUsingJS.clickUsingJS(findTestObject("Objects.Logout/accountDropdown"), 0): NOT_RUN: com.reusableComponents.clickUsingJS.clickUsingJS(findTestObject("Objects.Logout/accountDropdown"), 0)

2020-06-07 22:15:47 - [MESSAGE][NOT_RUN] - NOT_RUN: com.reusableComponents.clickUsingJS.clickUsingJS(findTestObject("Objects.Logout/accountDropdown"), 0)

2020-06-07 22:15:47 - [TEST_STEP][PASSED] - element = findWebElement(findTestObject("Objects.Logout/accountDropdown"), 30): null

2020-06-07 22:15:48 - [TEST_STEP][PASSED] - executeJavaScript("arguments[0].click()", Arrays.asList(element)): Execute JavaScript 'arguments[0].click()' successfully

2020-06-07 22:15:48 - [MESSAGE][PASSED] - Execute JavaScript 'arguments[0].click()' successfully

2020-06-07 22:15:48 - [TEST_STEP][NOT_RUN] - com.reusableComponents.HighlightElement.run(findTestObject("Objects.Logout/span_Logout")): NOT_RUN: com.reusableComponents.HighlightElement.run(findTestObject("Objects.Logout/span_Logout"))

2020-06-07 22:15:48 - [MESSAGE][NOT_RUN] - NOT_RUN: com.reusableComponents.HighlightElement.run(findTestObject("Objects.Logout/span_Logout"))

2020-06-07 22:15:48 - [TEST_STEP][PASSED] - click(findTestObject("Objects.Logout/span_Logout"), STOP_ON_FAILURE): Object: 'Object Repository/Objects.Logout/span_Logout' is clicked on

2020-06-07 22:15:54 - [MESSAGE][PASSED] - Object: 'Object Repository/Objects.Logout/span_Logout' is clicked on

2020-06-07 22:15:54 - [TEST_STEP][PASSED] - waitForPageLoad(30): Wait for page load successfully

2020-06-07 22:15:54 - [MESSAGE][PASSED] - Wait for page load successfully

2020-06-07 22:15:54 - [TEST_STEP][PASSED] - Thread.sleep(3000): null

2020-06-07 22:15:57 - [TEST_STEP][PASSED] - verifyTextPresent(LogoutPageTextToBeVerified, false): Text 'Sign in to ISPS2-PROD-Verify' is present on page 

2020-06-07 22:15:57 - [MESSAGE][PASSED] - Text 'Sign in to ISPS2-PROD-Verify' is present on page 

2020-06-07 22:15:57 - [TEST_STEP][PASSED] - Thread.sleep(3000): null

2020-06-07 22:16:00 - [TEST_STEP][NOT_RUN] - com.reusableComponents.HighlightElement.run(findTestObject("Objects.Logout/div_Sign in to ISPS2-PROD-Verify")): NOT_RUN: com.reusableComponents.HighlightElement.run(findTestObject("Objects.Logout/div_Sign in to ISPS2-PROD-Verify"))

2020-06-07 22:16:00 - [MESSAGE][NOT_RUN] - NOT_RUN: com.reusableComponents.HighlightElement.run(findTestObject("Objects.Logout/div_Sign in to ISPS2-PROD-Verify"))

2020-06-07 22:16:00 - [TEST_STEP][PASSED] - closeBrowser(): Browser is closed

2020-06-07 22:16:02 - [MESSAGE][PASSED] - Browser is closed

2020-06-07 22:16:02 - [MESSAGE][PASSED] - Call Test Case 'Test Cases/Components/Logout' successfully]]></system-out>
         <system-err><![CDATA[]]></system-err>
      </testcase>
      <testcase name="Test Cases/PFI Precision and Scale/PFI Test Cases/Process Case (PFIA)/PFIA.ReferCaseLHS" time="171.457" classname="Test Cases/PFI Precision and Scale/PFI Test Cases/Process Case (PFIA)/PFIA.ReferCaseLHS" status="PASSED">
         <system-out><![CDATA[2020-06-07 22:16:02 - [TEST_CASE][PASSED] - Test Cases/PFI Precision and Scale/PFI Test Cases/Process Case (PFIA)/PFIA.ReferCaseLHS: Test Cases/PFI Precision and Scale/PFI Test Cases/Process Case (PFIA)/PFIA.ReferCaseLHS

2020-06-07 22:16:02 - [TEST_STEP][PASSED] - callTestCase(findTestCase("Components/LoginV2.0"), ["LinkToBeUsed":findTestData("ISPS2 Test Data").getValue("URL", 1), "LoginPageTextToBeVerified":findTestData("ISPS2 Test Data").getValue("HomeBanner", 1), ... ], STOP_ON_FAILURE): Call Test Case 'Test Cases/Components/LoginV2.0' successfully

2020-06-07 22:16:03 - [TEST_CASE][PASSED] - Test Cases/Components/LoginV2.0: Test Cases/Components/LoginV2.0

2020-06-07 22:16:03 - [TEST_STEP][PASSED] - openBrowser(LinkToBeUsed): Browser is opened with url: 'http://10.0.2.41:3012/isps2-prod-verify/authnz/login.do'

2020-06-07 22:16:03 - [MESSAGE][INFO] - Starting 'Chrome' driver

2020-06-07 22:16:18 - [MESSAGE][PASSED] - Browser is opened with url: 'http://10.0.2.41:3012/isps2-prod-verify/authnz/login.do'

2020-06-07 22:16:18 - [TEST_STEP][PASSED] - maximizeWindow(): Current window maximized

2020-06-07 22:16:22 - [MESSAGE][PASSED] - Current window maximized

2020-06-07 22:16:22 - [TEST_STEP][PASSED] - verifyTextPresent(LoginPageTextToBeVerified, false): Text 'Sign in to ISPS2-PROD-Verify' is present on page 

2020-06-07 22:16:23 - [MESSAGE][PASSED] - Text 'Sign in to ISPS2-PROD-Verify' is present on page 

2020-06-07 22:16:23 - [TEST_STEP][PASSED] - setText(findTestObject("Objects.LoginV2.0/Login Page/input_Sign in to ISPS2-PROD-Verify_username"), Username): Text 'sysadmin' is set on object 'Object Repository/Objects.LoginV2.0/Login Page/input_Sign in to ISPS2-PROD-Verify_username'

2020-06-07 22:16:23 - [MESSAGE][PASSED] - Text 'sysadmin' is set on object 'Object Repository/Objects.LoginV2.0/Login Page/input_Sign in to ISPS2-PROD-Verify_username'

2020-06-07 22:16:23 - [TEST_STEP][PASSED] - setEncryptedText(findTestObject("Objects.LoginV2.0/Login Page/input_This field is required_password"), Password): Text ****** has been set on object 'Object Repository/Objects.LoginV2.0/Login Page/input_This field is required_password'

2020-06-07 22:16:24 - [MESSAGE][PASSED] - Text ****** has been set on object 'Object Repository/Objects.LoginV2.0/Login Page/input_This field is required_password'

2020-06-07 22:16:24 - [TEST_STEP][NOT_RUN] - setEncryptedText(findTestObject(null), Password): NOT_RUN: setEncryptedText(findTestObject(null), Password)

2020-06-07 22:16:24 - [MESSAGE][NOT_RUN] - NOT_RUN: setEncryptedText(findTestObject(null), Password)

2020-06-07 22:16:24 - [TEST_STEP][PASSED] - click(findTestObject("Objects.LoginV2.0/Login Page/div_Sign in to ISPS2-PROD-Verify_NovaGoButton-1021"), OPTIONAL): Object: 'Object Repository/Objects.LoginV2.0/Login Page/div_Sign in to ISPS2-PROD-Verify_NovaGoButton-1021' is clicked on

2020-06-07 22:16:25 - [MESSAGE][PASSED] - Object: 'Object Repository/Objects.LoginV2.0/Login Page/div_Sign in to ISPS2-PROD-Verify_NovaGoButton-1021' is clicked on

2020-06-07 22:16:25 - [TEST_STEP][PASSED] - waitForPageLoad(30): Wait for page load successfully

2020-06-07 22:16:25 - [MESSAGE][PASSED] - Wait for page load successfully

2020-06-07 22:16:25 - [TEST_STEP][PASSED] - Thread.sleep(3000): null

2020-06-07 22:16:28 - [MESSAGE][PASSED] - Call Test Case 'Test Cases/Components/LoginV2.0' successfully

2020-06-07 22:16:28 - [TEST_STEP][PASSED] - callTestCase(findTestCase("Components/NavigateToHomepageHeaders"), ["headerText":"My Tasks"], STOP_ON_FAILURE): Call Test Case 'Test Cases/Components/NavigateToHomepageHeaders' successfully

2020-06-07 22:16:28 - [TEST_CASE][PASSED] - Test Cases/Components/NavigateToHomepageHeaders: Test Cases/Components/NavigateToHomepageHeaders

2020-06-07 22:16:28 - [TEST_STEP][PASSED] - Thread.sleep(1000): null

2020-06-07 22:16:29 - [TEST_STEP][PASSED] - waitForPageLoad(30): Wait for page load successfully

2020-06-07 22:16:32 - [MESSAGE][PASSED] - Wait for page load successfully

2020-06-07 22:16:32 - [TEST_STEP][PASSED] - modifiedHeader = modifyObjectProperty(findTestObject("Objects.NavigateToHomepageHeaders/Page_ISPS2/div_Header"), "text", "equals", headerText, true): Modify property of object successfully

2020-06-07 22:16:33 - [MESSAGE][PASSED] - Modify property of object successfully

2020-06-07 22:16:33 - [TEST_STEP][PASSED] - verifyElementClickable(modifiedHeader): Object 'Object Repository/Objects.NavigateToHomepageHeaders/Page_ISPS2/div_Header' is clickable

2020-06-07 22:16:34 - [MESSAGE][PASSED] - Object 'Object Repository/Objects.NavigateToHomepageHeaders/Page_ISPS2/div_Header' is clickable

2020-06-07 22:16:34 - [TEST_STEP][PASSED] - click(modifiedHeader): Object: 'Object Repository/Objects.NavigateToHomepageHeaders/Page_ISPS2/div_Header' is clicked on

2020-06-07 22:16:38 - [MESSAGE][PASSED] - Object: 'Object Repository/Objects.NavigateToHomepageHeaders/Page_ISPS2/div_Header' is clicked on

2020-06-07 22:16:38 - [TEST_STEP][PASSED] - Thread.sleep(7000): null

2020-06-07 22:16:45 - [MESSAGE][PASSED] - Call Test Case 'Test Cases/Components/NavigateToHomepageHeaders' successfully

2020-06-07 22:16:45 - [TEST_STEP][PASSED] - callTestCase(findTestCase("Components/Filter"), ["taskDescription":"Process Case (SMA)"], STOP_ON_FAILURE): Call Test Case 'Test Cases/Components/Filter' successfully

2020-06-07 22:16:45 - [TEST_CASE][PASSED] - Test Cases/Components/Filter: Test Cases/Components/Filter

2020-06-07 22:16:45 - [TEST_STEP][PASSED] - Thread.sleep(5000): null

2020-06-07 22:16:50 - [TEST_STEP][PASSED] - waitForPageLoad(180): Wait for page load successfully

2020-06-07 22:16:50 - [MESSAGE][PASSED] - Wait for page load successfully

2020-06-07 22:16:50 - [TEST_STEP][PASSED] - waitForElementNotPresent(findTestObject("Objects.Filter/Page_ISPS2/div_Loading search result Please wait"), 180): Web element with id: 'Object Repository/Objects.Filter/Page_ISPS2/div_Loading search result Please wait' located by 'By.xpath: //div[@class = 'x-mask-msg-text' and (text() = 'Loading search result. Please wait...' or . = 'Loading search result. Please wait...')]' is not present after '180' second(s)

2020-06-07 22:16:50 - [MESSAGE][PASSED] - Web element with id: 'Object Repository/Objects.Filter/Page_ISPS2/div_Loading search result Please wait' located by 'By.xpath: //div[@class = 'x-mask-msg-text' and (text() = 'Loading search result. Please wait...' or . = 'Loading search result. Please wait...')]' is not present after '180' second(s)

2020-06-07 22:16:50 - [TEST_STEP][PASSED] - click(findTestObject("Objects.Filter/Page_ISPS2/XP.Embutidooo")): Object: 'Object Repository/Objects.Filter/Page_ISPS2/XP.Embutidooo' is clicked on

2020-06-07 22:16:52 - [MESSAGE][PASSED] - Object: 'Object Repository/Objects.Filter/Page_ISPS2/XP.Embutidooo' is clicked on

2020-06-07 22:16:52 - [TEST_STEP][PASSED] - com.reusableComponents.HighlightElement.run(findTestObject("Objects.Filter/Page_ISPS2/span_Reset")): com.reusableComponents.HighlightElement.run is PASSED

2020-06-07 22:16:54 - [MESSAGE][PASSED] - com.reusableComponents.HighlightElement.run is PASSED

2020-06-07 22:16:54 - [TEST_STEP][PASSED] - click(findTestObject("Objects.Filter/Page_ISPS2/span_Reset")): Object: 'Object Repository/Objects.Filter/Page_ISPS2/span_Reset' is clicked on

2020-06-07 22:16:55 - [MESSAGE][PASSED] - Object: 'Object Repository/Objects.Filter/Page_ISPS2/span_Reset' is clicked on

2020-06-07 22:16:55 - [TEST_STEP][PASSED] - com.reusableComponents.HighlightElement.run(findTestObject("Objects.Filter/Page_ISPS2/TextBoxTaskDescription")): com.reusableComponents.HighlightElement.run is PASSED

2020-06-07 22:16:57 - [MESSAGE][PASSED] - com.reusableComponents.HighlightElement.run is PASSED

2020-06-07 22:16:57 - [TEST_STEP][PASSED] - setText(findTestObject("Objects.Filter/Page_ISPS2/TextBoxTaskDescription"), taskDescription): Text 'Process Case (SMA)' is set on object 'Object Repository/Objects.Filter/Page_ISPS2/TextBoxTaskDescription'

2020-06-07 22:17:00 - [MESSAGE][PASSED] - Text 'Process Case (SMA)' is set on object 'Object Repository/Objects.Filter/Page_ISPS2/TextBoxTaskDescription'

2020-06-07 22:17:00 - [TEST_STEP][PASSED] - caseType = taskDescription: null

2020-06-07 22:17:00 - [TEST_STEP][PASSED] - sendKeys(findTestObject("Objects.Filter/Page_ISPS2/TextBoxTaskDescription"), Keys.chord(ENTER)): Keys 'ENTER + ' sent to object: 'Object Repository/Objects.Filter/Page_ISPS2/TextBoxTaskDescription'

2020-06-07 22:17:01 - [MESSAGE][PASSED] - Keys 'ENTER + ' sent to object: 'Object Repository/Objects.Filter/Page_ISPS2/TextBoxTaskDescription'

2020-06-07 22:17:01 - [TEST_STEP][PASSED] - com.reusableComponents.HighlightElement.run(findTestObject("Objects.Filter/Page_ISPS2/span_Search")): com.reusableComponents.HighlightElement.run is PASSED

2020-06-07 22:17:03 - [MESSAGE][PASSED] - com.reusableComponents.HighlightElement.run is PASSED

2020-06-07 22:17:03 - [TEST_STEP][PASSED] - click(findTestObject("Objects.Filter/Page_ISPS2/span_Search")): Object: 'Object Repository/Objects.Filter/Page_ISPS2/span_Search' is clicked on

2020-06-07 22:17:04 - [MESSAGE][PASSED] - Object: 'Object Repository/Objects.Filter/Page_ISPS2/span_Search' is clicked on

2020-06-07 22:17:04 - [TEST_STEP][NOT_RUN] - verifyTextPresent("Loading search result. Please wait...", false): NOT_RUN: verifyTextPresent("Loading search result. Please wait...", false)

2020-06-07 22:17:04 - [MESSAGE][NOT_RUN] - NOT_RUN: verifyTextPresent("Loading search result. Please wait...", false)

2020-06-07 22:17:04 - [TEST_STEP][NOT_RUN] - waitForElementNotPresent(findTestObject("Objects.Filter/Page_ISPS2/div_Loading search result Please wait"), 120): NOT_RUN: waitForElementNotPresent(findTestObject("Objects.Filter/Page_ISPS2/div_Loading search result Please wait"), 120)

2020-06-07 22:17:04 - [MESSAGE][NOT_RUN] - NOT_RUN: waitForElementNotPresent(findTestObject("Objects.Filter/Page_ISPS2/div_Loading search result Please wait"), 120)

2020-06-07 22:17:04 - [TEST_STEP][PASSED] - Thread.sleep(5000): null

2020-06-07 22:17:09 - [MESSAGE][PASSED] - Call Test Case 'Test Cases/Components/Filter' successfully

2020-06-07 22:17:09 - [TEST_STEP][PASSED] - callTestCase(findTestCase("Components/ClickLinkDependingOnTextAndIndex"), ["linkName":"Process Case (SMA)", "index":"3"], STOP_ON_FAILURE): Call Test Case 'Test Cases/Components/ClickLinkDependingOnTextAndIndex' successfully

2020-06-07 22:17:09 - [TEST_CASE][PASSED] - Test Cases/Components/ClickLinkDependingOnTextAndIndex: Test Cases/Components/ClickLinkDependingOnTextAndIndex

2020-06-07 22:17:09 - [TEST_STEP][PASSED] - Thread.sleep(1000): null

2020-06-07 22:17:10 - [TEST_STEP][PASSED] - println(linkName): null

2020-06-07 22:17:10 - [TEST_STEP][PASSED] - println(index): null

2020-06-07 22:17:10 - [TEST_STEP][PASSED] - modifiedLink = modifyObjectProperty(findTestObject("Objects.ClickLinkDependingOnTextAndIndex/linkToModify"), "xpath", "equals", "(//a[text()="" + linkName + ""])[" + index + "]", true): Modify property of object successfully

2020-06-07 22:17:11 - [MESSAGE][PASSED] - Modify property of object successfully

2020-06-07 22:17:11 - [TEST_STEP][PASSED] - Thread.sleep(5000): null

2020-06-07 22:17:16 - [TEST_STEP][PASSED] - com.reusableComponents.HighlightElement.run(modifiedLink): com.reusableComponents.HighlightElement.run is PASSED

2020-06-07 22:17:18 - [MESSAGE][PASSED] - com.reusableComponents.HighlightElement.run is PASSED

2020-06-07 22:17:18 - [TEST_STEP][PASSED] - click(modifiedLink): Object: 'Object Repository/Objects.ClickLinkDependingOnTextAndIndex/linkToModify' is clicked on

2020-06-07 22:17:19 - [MESSAGE][PASSED] - Object: 'Object Repository/Objects.ClickLinkDependingOnTextAndIndex/linkToModify' is clicked on

2020-06-07 22:17:19 - [MESSAGE][PASSED] - Call Test Case 'Test Cases/Components/ClickLinkDependingOnTextAndIndex' successfully

2020-06-07 22:17:19 - [TEST_STEP][PASSED] - callTestCase(findTestCase("Components/NavigateToAnyLHS"), ["LHS":"Refer Case"], STOP_ON_FAILURE): Call Test Case 'Test Cases/Components/NavigateToAnyLHS' successfully

2020-06-07 22:17:19 - [TEST_CASE][PASSED] - Test Cases/Components/NavigateToAnyLHS: Test Cases/Components/NavigateToAnyLHS

2020-06-07 22:17:19 - [TEST_STEP][PASSED] - Thread.sleep(1000): null

2020-06-07 22:17:20 - [TEST_STEP][PASSED] - modifiedLHS = modifyObjectProperty(findTestObject("Objects.NavigateToAnyLHS/Page_ISPS2/LHSToModify"), "text", "equals", LHS, true): Modify property of object successfully

2020-06-07 22:17:21 - [MESSAGE][PASSED] - Modify property of object successfully

2020-06-07 22:17:21 - [TEST_STEP][PASSED] - click(modifiedLHS): Object: 'Object Repository/Objects.NavigateToAnyLHS/Page_ISPS2/LHSToModify' is clicked on

2020-06-07 22:17:26 - [MESSAGE][PASSED] - Object: 'Object Repository/Objects.NavigateToAnyLHS/Page_ISPS2/LHSToModify' is clicked on

2020-06-07 22:17:26 - [TEST_STEP][PASSED] - currentLHS = getText(modifiedLHS): Text of object 'Object Repository/Objects.NavigateToAnyLHS/Page_ISPS2/LHSToModify' is: 'Refer Case'

2020-06-07 22:17:28 - [MESSAGE][PASSED] - Text of object 'Object Repository/Objects.NavigateToAnyLHS/Page_ISPS2/LHSToModify' is: 'Refer Case'

2020-06-07 22:17:28 - [TEST_STEP][PASSED] - Thread.sleep(5000): null

2020-06-07 22:17:33 - [MESSAGE][PASSED] - Call Test Case 'Test Cases/Components/NavigateToAnyLHS' successfully

2020-06-07 22:17:33 - [TEST_STEP][PASSED] - callTestCase(findTestCase("Components/VerifyPageSuccessfullyLoaded"), ["HeaderName":"Refer Case"], STOP_ON_FAILURE): Call Test Case 'Test Cases/Components/VerifyPageSuccessfullyLoaded' successfully

2020-06-07 22:17:33 - [TEST_CASE][PASSED] - Test Cases/Components/VerifyPageSuccessfullyLoaded: Test Cases/Components/VerifyPageSuccessfullyLoaded

2020-06-07 22:17:33 - [TEST_STEP][PASSED] - Thread.sleep(3000): null

2020-06-07 22:17:36 - [TEST_STEP][PASSED] - ModifiedHeaderName = modifyObjectProperty(findTestObject("Objects.VerifyPageSuccessfullyLoaded/PageHeader"), "text", "equals", HeaderName, true): Modify property of object successfully

2020-06-07 22:17:36 - [MESSAGE][PASSED] - Modify property of object successfully

2020-06-07 22:17:36 - [TEST_STEP][PASSED] - verifyElementPresent(ModifiedHeaderName, 30): Object 'Object Repository/Objects.VerifyPageSuccessfullyLoaded/PageHeader' is present

2020-06-07 22:17:36 - [MESSAGE][PASSED] - Object 'Object Repository/Objects.VerifyPageSuccessfullyLoaded/PageHeader' is present

2020-06-07 22:17:36 - [TEST_STEP][PASSED] - com.reusableComponents.HighlightElement.run(ModifiedHeaderName): com.reusableComponents.HighlightElement.run is PASSED

2020-06-07 22:17:38 - [MESSAGE][PASSED] - com.reusableComponents.HighlightElement.run is PASSED

2020-06-07 22:17:38 - [MESSAGE][PASSED] - Call Test Case 'Test Cases/Components/VerifyPageSuccessfullyLoaded' successfully

2020-06-07 22:17:38 - [TEST_STEP][PASSED] - callTestCase(findTestCase("Components/ClickAddButtonII"), ["Index":1], STOP_ON_FAILURE): Call Test Case 'Test Cases/Components/ClickAddButtonII' successfully

2020-06-07 22:17:38 - [TEST_CASE][PASSED] - Test Cases/Components/ClickAddButtonII: Test Cases/Components/ClickAddButtonII

2020-06-07 22:17:38 - [TEST_STEP][PASSED] - Thread.sleep(1000): null

2020-06-07 22:17:39 - [TEST_STEP][PASSED] - modifiedIcon = modifyObjectProperty(findTestObject("Objects.ClickAddButtonII/XP_AddButton"), "xpath", "equals", "(//span[@class='x-btn-icon-el x-btn-icon-el-default-toolbar-small ncn-icon-action-add '])[" + Index + "]", true): Modify property of object successfully

2020-06-07 22:17:39 - [MESSAGE][PASSED] - Modify property of object successfully

2020-06-07 22:17:39 - [TEST_STEP][PASSED] - click(modifiedIcon): Object: 'Object Repository/Objects.ClickAddButtonII/XP_AddButton' is clicked on

2020-06-07 22:17:40 - [MESSAGE][PASSED] - Object: 'Object Repository/Objects.ClickAddButtonII/XP_AddButton' is clicked on

2020-06-07 22:17:40 - [MESSAGE][PASSED] - Call Test Case 'Test Cases/Components/ClickAddButtonII' successfully

2020-06-07 22:17:40 - [TEST_STEP][NOT_RUN] - callTestCase(findTestCase("Components/ClickLinkDependingOnTagTextAndIndexII"), ["tagToModify":"span", "textToModify":"Add", "index":3], STOP_ON_FAILURE): NOT_RUN: callTestCase(findTestCase("Components/ClickLinkDependingOnTagTextAndIndexII"), ["tagToModify":"span", "textToModify":"Add", "index":3], STOP_ON_FAILURE)

2020-06-07 22:17:40 - [MESSAGE][NOT_RUN] - NOT_RUN: callTestCase(findTestCase("Components/ClickLinkDependingOnTagTextAndIndexII"), ["tagToModify":"span", "textToModify":"Add", "index":3], STOP_ON_FAILURE)

2020-06-07 22:17:40 - [TEST_STEP][PASSED] - callTestCase(findTestCase("PFI Precision and Scale/PFI Components with Indexing/RequiredFieldValidationXPI"), ["nameToBeUsed":"referToCmb", "index":1], STOP_ON_FAILURE): Call Test Case 'Test Cases/PFI Precision and Scale/PFI Components with Indexing/RequiredFieldValidationXPI' successfully

2020-06-07 22:17:41 - [TEST_CASE][PASSED] - Test Cases/PFI Precision and Scale/PFI Components with Indexing/RequiredFieldValidationXPI: Test Cases/PFI Precision and Scale/PFI Components with Indexing/RequiredFieldValidationXPI

2020-06-07 22:17:41 - [TEST_STEP][PASSED] - enableSmartWait(): null

2020-06-07 22:17:41 - [TEST_STEP][PASSED] - NewInputNmField = modifyObjectProperty(findTestObject("Objects.HighlightElements/input_field_index"), "xpath", "equals", "(//*[contains(@name,'" + nameToBeUsed + "')])[" + index + "]", true): Modify property of object successfully

2020-06-07 22:17:42 - [MESSAGE][PASSED] - Modify property of object successfully

2020-06-07 22:17:42 - [TEST_STEP][PASSED] - mouseOver(NewInputNmField): Object: 'Object Repository/Objects.HighlightElements/input_field_index' is hovered

2020-06-07 22:17:42 - [MESSAGE][PASSED] - Object: 'Object Repository/Objects.HighlightElements/input_field_index' is hovered

2020-06-07 22:17:42 - [TEST_STEP][PASSED] - getRqErrMsg = getAttribute(NewInputNmField, "data-errorqtip"): Attribute 'data-errorqtip' of object 'Object Repository/Objects.HighlightElements/input_field_index' is: '<ul class="x-list-plain"><li>This field is required</li></ul>'

2020-06-07 22:17:42 - [MESSAGE][PASSED] - Attribute 'data-errorqtip' of object 'Object Repository/Objects.HighlightElements/input_field_index' is: '<ul class="x-list-plain"><li>This field is required</li></ul>'

2020-06-07 22:17:42 - [TEST_STEP][PASSED] - strToolTip = getRqErrMsg.substring(29, 61): null

2020-06-07 22:17:42 - [TEST_STEP][PASSED] - toolTipReqErrMsg = strToolTip.substring(0, 22): null

2020-06-07 22:17:42 - [TEST_STEP][PASSED] - verifyMatch(toolTipReqErrMsg, RqField, true): Actual text 'This field is required' and expected text 'This field is required' are matched  using regular expression

2020-06-07 22:17:42 - [MESSAGE][PASSED] - Actual text 'This field is required' and expected text 'This field is required' are matched  using regular expression

2020-06-07 22:17:42 - [MESSAGE][PASSED] - Call Test Case 'Test Cases/PFI Precision and Scale/PFI Components with Indexing/RequiredFieldValidationXPI' successfully

2020-06-07 22:17:42 - [TEST_STEP][PASSED] - callTestCase(findTestCase("PFI Precision and Scale/PFI Components with Indexing/RequiredFieldValidationXPI"), ["nameToBeUsed":"referToOffrCmb", "index":1], STOP_ON_FAILURE): Call Test Case 'Test Cases/PFI Precision and Scale/PFI Components with Indexing/RequiredFieldValidationXPI' successfully

2020-06-07 22:17:43 - [TEST_CASE][PASSED] - Test Cases/PFI Precision and Scale/PFI Components with Indexing/RequiredFieldValidationXPI: Test Cases/PFI Precision and Scale/PFI Components with Indexing/RequiredFieldValidationXPI

2020-06-07 22:17:43 - [TEST_STEP][PASSED] - enableSmartWait(): null

2020-06-07 22:17:43 - [TEST_STEP][PASSED] - NewInputNmField = modifyObjectProperty(findTestObject("Objects.HighlightElements/input_field_index"), "xpath", "equals", "(//*[contains(@name,'" + nameToBeUsed + "')])[" + index + "]", true): Modify property of object successfully

2020-06-07 22:17:43 - [MESSAGE][PASSED] - Modify property of object successfully

2020-06-07 22:17:43 - [TEST_STEP][PASSED] - mouseOver(NewInputNmField): Object: 'Object Repository/Objects.HighlightElements/input_field_index' is hovered

2020-06-07 22:17:43 - [MESSAGE][PASSED] - Object: 'Object Repository/Objects.HighlightElements/input_field_index' is hovered

2020-06-07 22:17:43 - [TEST_STEP][PASSED] - getRqErrMsg = getAttribute(NewInputNmField, "data-errorqtip"): Attribute 'data-errorqtip' of object 'Object Repository/Objects.HighlightElements/input_field_index' is: '<ul class="x-list-plain"><li>This field is required</li></ul>'

2020-06-07 22:17:44 - [MESSAGE][PASSED] - Attribute 'data-errorqtip' of object 'Object Repository/Objects.HighlightElements/input_field_index' is: '<ul class="x-list-plain"><li>This field is required</li></ul>'

2020-06-07 22:17:44 - [TEST_STEP][PASSED] - strToolTip = getRqErrMsg.substring(29, 61): null

2020-06-07 22:17:44 - [TEST_STEP][PASSED] - toolTipReqErrMsg = strToolTip.substring(0, 22): null

2020-06-07 22:17:44 - [TEST_STEP][PASSED] - verifyMatch(toolTipReqErrMsg, RqField, true): Actual text 'This field is required' and expected text 'This field is required' are matched  using regular expression

2020-06-07 22:17:44 - [MESSAGE][PASSED] - Actual text 'This field is required' and expected text 'This field is required' are matched  using regular expression

2020-06-07 22:17:44 - [MESSAGE][PASSED] - Call Test Case 'Test Cases/PFI Precision and Scale/PFI Components with Indexing/RequiredFieldValidationXPI' successfully

2020-06-07 22:17:44 - [TEST_STEP][PASSED] - callTestCase(findTestCase("PFI Precision and Scale/PFI Components with Indexing/VerifyDropdownValuesIndex"), ["FldNm":"referToCmb", "index":1, "CallTCName":"Test Cases/PFI Precision and Scale/HashMap Tables/PFIAConstantHashMap", "cmbNm":"ReferTo", ... ], STOP_ON_FAILURE): Call Test Case 'Test Cases/PFI Precision and Scale/PFI Components with Indexing/VerifyDropdownValuesIndex' successfully

2020-06-07 22:17:44 - [TEST_CASE][PASSED] - Test Cases/PFI Precision and Scale/PFI Components with Indexing/VerifyDropdownValuesIndex: Test Cases/PFI Precision and Scale/PFI Components with Indexing/VerifyDropdownValuesIndex

2020-06-07 22:17:44 - [TEST_STEP][PASSED] - Thread.sleep(1000): null

2020-06-07 22:17:45 - [TEST_STEP][PASSED] - NewInputNmField = modifyObjectProperty(findTestObject("Object Repository/Objects.HighlightElements/input_field_index"), "xpath", "equals", "(//*[contains(@class,'x-form-text') and (@name='" + FldNm + "')])[" + index + "]", true): Modify property of object successfully

2020-06-07 22:17:45 - [MESSAGE][PASSED] - Modify property of object successfully

2020-06-07 22:17:45 - [TEST_STEP][PASSED] - comboNm = cmbNm: null

2020-06-07 22:17:45 - [TEST_STEP][PASSED] - focus(NewInputNmField): Object: 'Object Repository/Objects.HighlightElements/input_field_index' is focused

2020-06-07 22:17:46 - [MESSAGE][PASSED] - Object: 'Object Repository/Objects.HighlightElements/input_field_index' is focused

2020-06-07 22:17:46 - [TEST_STEP][PASSED] - setText(NewInputNmField, EnterValue): Text '' is set on object 'Object Repository/Objects.HighlightElements/input_field_index'

2020-06-07 22:17:46 - [MESSAGE][PASSED] - Text '' is set on object 'Object Repository/Objects.HighlightElements/input_field_index'

2020-06-07 22:17:46 - [TEST_STEP][PASSED] - for ([i = 1, i <= NoOfVal, (i++)]): Keys 'DOWN + ' sent to object: 'Object Repository/Objects.HighlightElements/input_field_index'

2020-06-07 22:17:46 - [TEST_STEP][PASSED] - sendKeys(NewInputNmField, Keys.chord(ARROW_DOWN)): Keys 'DOWN + ' sent to object: 'Object Repository/Objects.HighlightElements/input_field_index'

2020-06-07 22:17:47 - [MESSAGE][PASSED] - Keys 'DOWN + ' sent to object: 'Object Repository/Objects.HighlightElements/input_field_index'

2020-06-07 22:17:47 - [TEST_STEP][PASSED] - delay(DelayTime): Delayed 2 second(s)

2020-06-07 22:17:49 - [MESSAGE][PASSED] - Delayed 2 second(s)

2020-06-07 22:17:49 - [TEST_STEP][PASSED] - sendKeys(NewInputNmField, Keys.chord(ENTER)): Keys 'ENTER + ' sent to object: 'Object Repository/Objects.HighlightElements/input_field_index'

2020-06-07 22:17:49 - [MESSAGE][PASSED] - Keys 'ENTER + ' sent to object: 'Object Repository/Objects.HighlightElements/input_field_index'

2020-06-07 22:17:49 - [TEST_STEP][PASSED] - ComboBoxValue = getAttribute(NewInputNmField, "value"): Attribute 'value' of object 'Object Repository/Objects.HighlightElements/input_field_index' is: 'BMD'

2020-06-07 22:17:50 - [MESSAGE][PASSED] - Attribute 'value' of object 'Object Repository/Objects.HighlightElements/input_field_index' is: 'BMD'

2020-06-07 22:17:50 - [TEST_STEP][PASSED] - callTestCase(findTestCase(CallTCName), ["FindValue":ComboBoxValue, "DropdownNm":comboNm], STOP_ON_FAILURE): Call Test Case 'Test Cases/PFI Precision and Scale/HashMap Tables/PFIAConstantHashMap' successfully

2020-06-07 22:17:50 - [TEST_CASE][PASSED] - Test Cases/PFI Precision and Scale/HashMap Tables/PFIAConstantHashMap: Test Cases/PFI Precision and Scale/HashMap Tables/PFIAConstantHashMap

2020-06-07 22:17:50 - [TEST_STEP][PASSED] - ConstantTBL = [1:["PE":"3214"], 2:["PE":"0567"], 3:["PEName":"Dummy QP Name 3861"], 4:["PEName":"Dummy QP Name 115"], 5:["Material":"Concrete"], ... ]: null

2020-06-07 22:17:50 - [TEST_STEP][PASSED] - switch (DropdownNm): null

2020-06-07 22:17:50 - [TEST_STEP][PASSED] - case "ReferTo":: null

2020-06-07 22:17:50 - [TEST_STEP][PASSED] - ValueFound = ConstantTBL.find({ -> ... }): null

2020-06-07 22:17:50 - [TEST_STEP][PASSED] - break: null

2020-06-07 22:17:50 - [MESSAGE][PASSED] - Call Test Case 'Test Cases/PFI Precision and Scale/HashMap Tables/PFIAConstantHashMap' successfully

2020-06-07 22:17:50 - [TEST_STEP][PASSED] - println(ValueFound): null

2020-06-07 22:17:50 - [TEST_STEP][PASSED] - sendKeys(NewInputNmField, Keys.chord(ARROW_DOWN)): Keys 'DOWN + ' sent to object: 'Object Repository/Objects.HighlightElements/input_field_index'

2020-06-07 22:17:50 - [MESSAGE][PASSED] - Keys 'DOWN + ' sent to object: 'Object Repository/Objects.HighlightElements/input_field_index'

2020-06-07 22:17:50 - [TEST_STEP][PASSED] - sendKeys(NewInputNmField, Keys.chord(ARROW_DOWN)): Keys 'DOWN + ' sent to object: 'Object Repository/Objects.HighlightElements/input_field_index'

2020-06-07 22:17:51 - [MESSAGE][PASSED] - Keys 'DOWN + ' sent to object: 'Object Repository/Objects.HighlightElements/input_field_index'

2020-06-07 22:17:51 - [TEST_STEP][PASSED] - delay(DelayTime): Delayed 2 second(s)

2020-06-07 22:17:53 - [MESSAGE][PASSED] - Delayed 2 second(s)

2020-06-07 22:17:53 - [TEST_STEP][PASSED] - sendKeys(NewInputNmField, Keys.chord(ENTER)): Keys 'ENTER + ' sent to object: 'Object Repository/Objects.HighlightElements/input_field_index'

2020-06-07 22:17:53 - [MESSAGE][PASSED] - Keys 'ENTER + ' sent to object: 'Object Repository/Objects.HighlightElements/input_field_index'

2020-06-07 22:17:53 - [TEST_STEP][PASSED] - ComboBoxValue = getAttribute(NewInputNmField, "value"): Attribute 'value' of object 'Object Repository/Objects.HighlightElements/input_field_index' is: 'ENF'

2020-06-07 22:17:53 - [MESSAGE][PASSED] - Attribute 'value' of object 'Object Repository/Objects.HighlightElements/input_field_index' is: 'ENF'

2020-06-07 22:17:53 - [TEST_STEP][PASSED] - callTestCase(findTestCase(CallTCName), ["FindValue":ComboBoxValue, "DropdownNm":comboNm], STOP_ON_FAILURE): Call Test Case 'Test Cases/PFI Precision and Scale/HashMap Tables/PFIAConstantHashMap' successfully

2020-06-07 22:17:54 - [TEST_CASE][PASSED] - Test Cases/PFI Precision and Scale/HashMap Tables/PFIAConstantHashMap: Test Cases/PFI Precision and Scale/HashMap Tables/PFIAConstantHashMap

2020-06-07 22:17:54 - [TEST_STEP][PASSED] - ConstantTBL = [1:["PE":"3214"], 2:["PE":"0567"], 3:["PEName":"Dummy QP Name 3861"], 4:["PEName":"Dummy QP Name 115"], 5:["Material":"Concrete"], ... ]: null

2020-06-07 22:17:54 - [TEST_STEP][PASSED] - switch (DropdownNm): null

2020-06-07 22:17:54 - [TEST_STEP][PASSED] - case "ReferTo":: null

2020-06-07 22:17:54 - [TEST_STEP][PASSED] - ValueFound = ConstantTBL.find({ -> ... }): null

2020-06-07 22:17:54 - [TEST_STEP][PASSED] - break: null

2020-06-07 22:17:54 - [MESSAGE][PASSED] - Call Test Case 'Test Cases/PFI Precision and Scale/HashMap Tables/PFIAConstantHashMap' successfully

2020-06-07 22:17:54 - [TEST_STEP][PASSED] - println(ValueFound): null

2020-06-07 22:17:54 - [TEST_STEP][PASSED] - sendKeys(NewInputNmField, Keys.chord(ARROW_DOWN)): Keys 'DOWN + ' sent to object: 'Object Repository/Objects.HighlightElements/input_field_index'

2020-06-07 22:17:54 - [MESSAGE][PASSED] - Keys 'DOWN + ' sent to object: 'Object Repository/Objects.HighlightElements/input_field_index'

2020-06-07 22:17:54 - [TEST_STEP][PASSED] - sendKeys(NewInputNmField, Keys.chord(ARROW_DOWN)): Keys 'DOWN + ' sent to object: 'Object Repository/Objects.HighlightElements/input_field_index'

2020-06-07 22:17:55 - [MESSAGE][PASSED] - Keys 'DOWN + ' sent to object: 'Object Repository/Objects.HighlightElements/input_field_index'

2020-06-07 22:17:55 - [TEST_STEP][PASSED] - delay(DelayTime): Delayed 2 second(s)

2020-06-07 22:17:57 - [MESSAGE][PASSED] - Delayed 2 second(s)

2020-06-07 22:17:57 - [TEST_STEP][PASSED] - sendKeys(NewInputNmField, Keys.chord(ENTER)): Keys 'ENTER + ' sent to object: 'Object Repository/Objects.HighlightElements/input_field_index'

2020-06-07 22:17:57 - [MESSAGE][PASSED] - Keys 'ENTER + ' sent to object: 'Object Repository/Objects.HighlightElements/input_field_index'

2020-06-07 22:17:57 - [TEST_STEP][PASSED] - ComboBoxValue = getAttribute(NewInputNmField, "value"): Attribute 'value' of object 'Object Repository/Objects.HighlightElements/input_field_index' is: 'FSSB'

2020-06-07 22:17:57 - [MESSAGE][PASSED] - Attribute 'value' of object 'Object Repository/Objects.HighlightElements/input_field_index' is: 'FSSB'

2020-06-07 22:17:57 - [TEST_STEP][PASSED] - callTestCase(findTestCase(CallTCName), ["FindValue":ComboBoxValue, "DropdownNm":comboNm], STOP_ON_FAILURE): Call Test Case 'Test Cases/PFI Precision and Scale/HashMap Tables/PFIAConstantHashMap' successfully

2020-06-07 22:17:58 - [TEST_CASE][PASSED] - Test Cases/PFI Precision and Scale/HashMap Tables/PFIAConstantHashMap: Test Cases/PFI Precision and Scale/HashMap Tables/PFIAConstantHashMap

2020-06-07 22:17:58 - [TEST_STEP][PASSED] - ConstantTBL = [1:["PE":"3214"], 2:["PE":"0567"], 3:["PEName":"Dummy QP Name 3861"], 4:["PEName":"Dummy QP Name 115"], 5:["Material":"Concrete"], ... ]: null

2020-06-07 22:17:58 - [TEST_STEP][PASSED] - switch (DropdownNm): null

2020-06-07 22:17:58 - [TEST_STEP][PASSED] - case "ReferTo":: null

2020-06-07 22:17:58 - [TEST_STEP][PASSED] - ValueFound = ConstantTBL.find({ -> ... }): null

2020-06-07 22:17:58 - [TEST_STEP][PASSED] - break: null

2020-06-07 22:17:58 - [MESSAGE][PASSED] - Call Test Case 'Test Cases/PFI Precision and Scale/HashMap Tables/PFIAConstantHashMap' successfully

2020-06-07 22:17:58 - [TEST_STEP][PASSED] - println(ValueFound): null

2020-06-07 22:17:58 - [TEST_STEP][PASSED] - sendKeys(NewInputNmField, Keys.chord(ARROW_DOWN)): Keys 'DOWN + ' sent to object: 'Object Repository/Objects.HighlightElements/input_field_index'

2020-06-07 22:17:58 - [MESSAGE][PASSED] - Keys 'DOWN + ' sent to object: 'Object Repository/Objects.HighlightElements/input_field_index'

2020-06-07 22:17:58 - [TEST_STEP][PASSED] - sendKeys(NewInputNmField, Keys.chord(ARROW_DOWN)): Keys 'DOWN + ' sent to object: 'Object Repository/Objects.HighlightElements/input_field_index'

2020-06-07 22:17:59 - [MESSAGE][PASSED] - Keys 'DOWN + ' sent to object: 'Object Repository/Objects.HighlightElements/input_field_index'

2020-06-07 22:17:59 - [TEST_STEP][PASSED] - delay(DelayTime): Delayed 2 second(s)

2020-06-07 22:18:01 - [MESSAGE][PASSED] - Delayed 2 second(s)

2020-06-07 22:18:01 - [TEST_STEP][PASSED] - sendKeys(NewInputNmField, Keys.chord(ENTER)): Keys 'ENTER + ' sent to object: 'Object Repository/Objects.HighlightElements/input_field_index'

2020-06-07 22:18:01 - [MESSAGE][PASSED] - Keys 'ENTER + ' sent to object: 'Object Repository/Objects.HighlightElements/input_field_index'

2020-06-07 22:18:01 - [TEST_STEP][PASSED] - ComboBoxValue = getAttribute(NewInputNmField, "value"): Attribute 'value' of object 'Object Repository/Objects.HighlightElements/input_field_index' is: 'URA'

2020-06-07 22:18:02 - [MESSAGE][PASSED] - Attribute 'value' of object 'Object Repository/Objects.HighlightElements/input_field_index' is: 'URA'

2020-06-07 22:18:02 - [TEST_STEP][PASSED] - callTestCase(findTestCase(CallTCName), ["FindValue":ComboBoxValue, "DropdownNm":comboNm], STOP_ON_FAILURE): Call Test Case 'Test Cases/PFI Precision and Scale/HashMap Tables/PFIAConstantHashMap' successfully

2020-06-07 22:18:02 - [TEST_CASE][PASSED] - Test Cases/PFI Precision and Scale/HashMap Tables/PFIAConstantHashMap: Test Cases/PFI Precision and Scale/HashMap Tables/PFIAConstantHashMap

2020-06-07 22:18:02 - [TEST_STEP][PASSED] - ConstantTBL = [1:["PE":"3214"], 2:["PE":"0567"], 3:["PEName":"Dummy QP Name 3861"], 4:["PEName":"Dummy QP Name 115"], 5:["Material":"Concrete"], ... ]: null

2020-06-07 22:18:02 - [TEST_STEP][PASSED] - switch (DropdownNm): null

2020-06-07 22:18:02 - [TEST_STEP][PASSED] - case "ReferTo":: null

2020-06-07 22:18:02 - [TEST_STEP][PASSED] - ValueFound = ConstantTBL.find({ -> ... }): null

2020-06-07 22:18:02 - [TEST_STEP][PASSED] - break: null

2020-06-07 22:18:02 - [MESSAGE][PASSED] - Call Test Case 'Test Cases/PFI Precision and Scale/HashMap Tables/PFIAConstantHashMap' successfully

2020-06-07 22:18:02 - [TEST_STEP][PASSED] - println(ValueFound): null

2020-06-07 22:18:02 - [TEST_STEP][PASSED] - sendKeys(NewInputNmField, Keys.chord(ARROW_DOWN)): Keys 'DOWN + ' sent to object: 'Object Repository/Objects.HighlightElements/input_field_index'

2020-06-07 22:18:02 - [MESSAGE][PASSED] - Keys 'DOWN + ' sent to object: 'Object Repository/Objects.HighlightElements/input_field_index'

2020-06-07 22:18:02 - [TEST_STEP][PASSED] - sendKeys(NewInputNmField, Keys.chord(ARROW_DOWN)): Keys 'DOWN + ' sent to object: 'Object Repository/Objects.HighlightElements/input_field_index'

2020-06-07 22:18:03 - [MESSAGE][PASSED] - Keys 'DOWN + ' sent to object: 'Object Repository/Objects.HighlightElements/input_field_index'

2020-06-07 22:18:03 - [TEST_STEP][PASSED] - delay(DelayTime): Delayed 2 second(s)

2020-06-07 22:18:05 - [MESSAGE][PASSED] - Delayed 2 second(s)

2020-06-07 22:18:05 - [TEST_STEP][PASSED] - sendKeys(NewInputNmField, Keys.chord(ENTER)): Keys 'ENTER + ' sent to object: 'Object Repository/Objects.HighlightElements/input_field_index'

2020-06-07 22:18:05 - [MESSAGE][PASSED] - Keys 'ENTER + ' sent to object: 'Object Repository/Objects.HighlightElements/input_field_index'

2020-06-07 22:18:05 - [TEST_STEP][PASSED] - ComboBoxValue = getAttribute(NewInputNmField, "value"): Attribute 'value' of object 'Object Repository/Objects.HighlightElements/input_field_index' is: 'OTH'

2020-06-07 22:18:06 - [MESSAGE][PASSED] - Attribute 'value' of object 'Object Repository/Objects.HighlightElements/input_field_index' is: 'OTH'

2020-06-07 22:18:06 - [TEST_STEP][PASSED] - callTestCase(findTestCase(CallTCName), ["FindValue":ComboBoxValue, "DropdownNm":comboNm], STOP_ON_FAILURE): Call Test Case 'Test Cases/PFI Precision and Scale/HashMap Tables/PFIAConstantHashMap' successfully

2020-06-07 22:18:06 - [TEST_CASE][PASSED] - Test Cases/PFI Precision and Scale/HashMap Tables/PFIAConstantHashMap: Test Cases/PFI Precision and Scale/HashMap Tables/PFIAConstantHashMap

2020-06-07 22:18:06 - [TEST_STEP][PASSED] - ConstantTBL = [1:["PE":"3214"], 2:["PE":"0567"], 3:["PEName":"Dummy QP Name 3861"], 4:["PEName":"Dummy QP Name 115"], 5:["Material":"Concrete"], ... ]: null

2020-06-07 22:18:06 - [TEST_STEP][PASSED] - switch (DropdownNm): null

2020-06-07 22:18:06 - [TEST_STEP][PASSED] - case "ReferTo":: null

2020-06-07 22:18:06 - [TEST_STEP][PASSED] - ValueFound = ConstantTBL.find({ -> ... }): null

2020-06-07 22:18:06 - [TEST_STEP][PASSED] - break: null

2020-06-07 22:18:06 - [MESSAGE][PASSED] - Call Test Case 'Test Cases/PFI Precision and Scale/HashMap Tables/PFIAConstantHashMap' successfully

2020-06-07 22:18:06 - [TEST_STEP][PASSED] - println(ValueFound): null

2020-06-07 22:18:06 - [TEST_STEP][PASSED] - sendKeys(NewInputNmField, Keys.chord(ARROW_DOWN)): Keys 'DOWN + ' sent to object: 'Object Repository/Objects.HighlightElements/input_field_index'

2020-06-07 22:18:06 - [MESSAGE][PASSED] - Keys 'DOWN + ' sent to object: 'Object Repository/Objects.HighlightElements/input_field_index'

2020-06-07 22:18:06 - [TEST_STEP][PASSED] - sendKeys(NewInputNmField, Keys.chord(ENTER)): Keys 'ENTER + ' sent to object: 'Object Repository/Objects.HighlightElements/input_field_index'

2020-06-07 22:18:07 - [MESSAGE][PASSED] - Keys 'ENTER + ' sent to object: 'Object Repository/Objects.HighlightElements/input_field_index'

2020-06-07 22:18:07 - [MESSAGE][PASSED] - Call Test Case 'Test Cases/PFI Precision and Scale/PFI Components with Indexing/VerifyDropdownValuesIndex' successfully

2020-06-07 22:18:07 - [TEST_STEP][PASSED] - callTestCase(findTestCase("PFI Precision and Scale/PFI Components with Indexing/VerifyDropdownValuesIndex"), ["FldNm":"referToOffrCmb", "index":1, "CallTCName":"Test Cases/PFI Precision and Scale/HashMap Tables/PFIAConstantHashMap", ... ], STOP_ON_FAILURE): Call Test Case 'Test Cases/PFI Precision and Scale/PFI Components with Indexing/VerifyDropdownValuesIndex' successfully

2020-06-07 22:18:07 - [TEST_CASE][PASSED] - Test Cases/PFI Precision and Scale/PFI Components with Indexing/VerifyDropdownValuesIndex: Test Cases/PFI Precision and Scale/PFI Components with Indexing/VerifyDropdownValuesIndex

2020-06-07 22:18:07 - [TEST_STEP][PASSED] - Thread.sleep(1000): null

2020-06-07 22:18:08 - [TEST_STEP][PASSED] - NewInputNmField = modifyObjectProperty(findTestObject("Object Repository/Objects.HighlightElements/input_field_index"), "xpath", "equals", "(//*[contains(@class,'x-form-text') and (@name='" + FldNm + "')])[" + index + "]", true): Modify property of object successfully

2020-06-07 22:18:08 - [MESSAGE][PASSED] - Modify property of object successfully

2020-06-07 22:18:08 - [TEST_STEP][PASSED] - comboNm = cmbNm: null

2020-06-07 22:18:08 - [TEST_STEP][PASSED] - focus(NewInputNmField): Object: 'Object Repository/Objects.HighlightElements/input_field_index' is focused

2020-06-07 22:18:09 - [MESSAGE][PASSED] - Object: 'Object Repository/Objects.HighlightElements/input_field_index' is focused

2020-06-07 22:18:09 - [TEST_STEP][PASSED] - setText(NewInputNmField, EnterValue): Text '' is set on object 'Object Repository/Objects.HighlightElements/input_field_index'

2020-06-07 22:18:09 - [MESSAGE][PASSED] - Text '' is set on object 'Object Repository/Objects.HighlightElements/input_field_index'

2020-06-07 22:18:09 - [TEST_STEP][PASSED] - for ([i = 1, i <= NoOfVal, (i++)]): Keys 'DOWN + ' sent to object: 'Object Repository/Objects.HighlightElements/input_field_index'

2020-06-07 22:18:09 - [TEST_STEP][PASSED] - sendKeys(NewInputNmField, Keys.chord(ARROW_DOWN)): Keys 'DOWN + ' sent to object: 'Object Repository/Objects.HighlightElements/input_field_index'

2020-06-07 22:18:10 - [MESSAGE][PASSED] - Keys 'DOWN + ' sent to object: 'Object Repository/Objects.HighlightElements/input_field_index'

2020-06-07 22:18:10 - [TEST_STEP][PASSED] - delay(DelayTime): Delayed 2 second(s)

2020-06-07 22:18:12 - [MESSAGE][PASSED] - Delayed 2 second(s)

2020-06-07 22:18:12 - [TEST_STEP][PASSED] - sendKeys(NewInputNmField, Keys.chord(ENTER)): Keys 'ENTER + ' sent to object: 'Object Repository/Objects.HighlightElements/input_field_index'

2020-06-07 22:18:12 - [MESSAGE][PASSED] - Keys 'ENTER + ' sent to object: 'Object Repository/Objects.HighlightElements/input_field_index'

2020-06-07 22:18:12 - [TEST_STEP][PASSED] - ComboBoxValue = getAttribute(NewInputNmField, "value"): Attribute 'value' of object 'Object Repository/Objects.HighlightElements/input_field_index' is: 'null (TEST232)'

2020-06-07 22:18:13 - [MESSAGE][PASSED] - Attribute 'value' of object 'Object Repository/Objects.HighlightElements/input_field_index' is: 'null (TEST232)'

2020-06-07 22:18:13 - [TEST_STEP][PASSED] - callTestCase(findTestCase(CallTCName), ["FindValue":ComboBoxValue, "DropdownNm":comboNm], STOP_ON_FAILURE): Call Test Case 'Test Cases/PFI Precision and Scale/HashMap Tables/PFIAConstantHashMap' successfully

2020-06-07 22:18:13 - [TEST_CASE][PASSED] - Test Cases/PFI Precision and Scale/HashMap Tables/PFIAConstantHashMap: Test Cases/PFI Precision and Scale/HashMap Tables/PFIAConstantHashMap

2020-06-07 22:18:13 - [TEST_STEP][PASSED] - ConstantTBL = [1:["PE":"3214"], 2:["PE":"0567"], 3:["PEName":"Dummy QP Name 3861"], 4:["PEName":"Dummy QP Name 115"], 5:["Material":"Concrete"], ... ]: null

2020-06-07 22:18:13 - [TEST_STEP][PASSED] - switch (DropdownNm): null

2020-06-07 22:18:13 - [TEST_STEP][PASSED] - case "ReferToOfficer":: null

2020-06-07 22:18:13 - [TEST_STEP][PASSED] - ValueFound = ConstantTBL.find({ -> ... }): null

2020-06-07 22:18:13 - [TEST_STEP][PASSED] - break: null

2020-06-07 22:18:13 - [MESSAGE][PASSED] - Call Test Case 'Test Cases/PFI Precision and Scale/HashMap Tables/PFIAConstantHashMap' successfully

2020-06-07 22:18:13 - [TEST_STEP][PASSED] - println(ValueFound): null

2020-06-07 22:18:13 - [TEST_STEP][PASSED] - sendKeys(NewInputNmField, Keys.chord(ARROW_DOWN)): Keys 'DOWN + ' sent to object: 'Object Repository/Objects.HighlightElements/input_field_index'

2020-06-07 22:18:14 - [MESSAGE][PASSED] - Keys 'DOWN + ' sent to object: 'Object Repository/Objects.HighlightElements/input_field_index'

2020-06-07 22:18:14 - [TEST_STEP][PASSED] - sendKeys(NewInputNmField, Keys.chord(ARROW_DOWN)): Keys 'DOWN + ' sent to object: 'Object Repository/Objects.HighlightElements/input_field_index'

2020-06-07 22:18:14 - [MESSAGE][PASSED] - Keys 'DOWN + ' sent to object: 'Object Repository/Objects.HighlightElements/input_field_index'

2020-06-07 22:18:14 - [TEST_STEP][PASSED] - delay(DelayTime): Delayed 2 second(s)

2020-06-07 22:18:16 - [MESSAGE][PASSED] - Delayed 2 second(s)

2020-06-07 22:18:16 - [TEST_STEP][PASSED] - sendKeys(NewInputNmField, Keys.chord(ENTER)): Keys 'ENTER + ' sent to object: 'Object Repository/Objects.HighlightElements/input_field_index'

2020-06-07 22:18:17 - [MESSAGE][PASSED] - Keys 'ENTER + ' sent to object: 'Object Repository/Objects.HighlightElements/input_field_index'

2020-06-07 22:18:17 - [TEST_STEP][PASSED] - ComboBoxValue = getAttribute(NewInputNmField, "value"): Attribute 'value' of object 'Object Repository/Objects.HighlightElements/input_field_index' is: 'null (TET261)'

2020-06-07 22:18:17 - [MESSAGE][PASSED] - Attribute 'value' of object 'Object Repository/Objects.HighlightElements/input_field_index' is: 'null (TET261)'

2020-06-07 22:18:17 - [TEST_STEP][PASSED] - callTestCase(findTestCase(CallTCName), ["FindValue":ComboBoxValue, "DropdownNm":comboNm], STOP_ON_FAILURE): Call Test Case 'Test Cases/PFI Precision and Scale/HashMap Tables/PFIAConstantHashMap' successfully

2020-06-07 22:18:17 - [TEST_CASE][PASSED] - Test Cases/PFI Precision and Scale/HashMap Tables/PFIAConstantHashMap: Test Cases/PFI Precision and Scale/HashMap Tables/PFIAConstantHashMap

2020-06-07 22:18:17 - [TEST_STEP][PASSED] - ConstantTBL = [1:["PE":"3214"], 2:["PE":"0567"], 3:["PEName":"Dummy QP Name 3861"], 4:["PEName":"Dummy QP Name 115"], 5:["Material":"Concrete"], ... ]: null

2020-06-07 22:18:17 - [TEST_STEP][PASSED] - switch (DropdownNm): null

2020-06-07 22:18:17 - [TEST_STEP][PASSED] - case "ReferToOfficer":: null

2020-06-07 22:18:17 - [TEST_STEP][PASSED] - ValueFound = ConstantTBL.find({ -> ... }): null

2020-06-07 22:18:17 - [TEST_STEP][PASSED] - break: null

2020-06-07 22:18:17 - [MESSAGE][PASSED] - Call Test Case 'Test Cases/PFI Precision and Scale/HashMap Tables/PFIAConstantHashMap' successfully

2020-06-07 22:18:17 - [TEST_STEP][PASSED] - println(ValueFound): null

2020-06-07 22:18:17 - [TEST_STEP][PASSED] - sendKeys(NewInputNmField, Keys.chord(ARROW_DOWN)): Keys 'DOWN + ' sent to object: 'Object Repository/Objects.HighlightElements/input_field_index'

2020-06-07 22:18:18 - [MESSAGE][PASSED] - Keys 'DOWN + ' sent to object: 'Object Repository/Objects.HighlightElements/input_field_index'

2020-06-07 22:18:18 - [TEST_STEP][PASSED] - sendKeys(NewInputNmField, Keys.chord(ARROW_DOWN)): Keys 'DOWN + ' sent to object: 'Object Repository/Objects.HighlightElements/input_field_index'

2020-06-07 22:18:19 - [MESSAGE][PASSED] - Keys 'DOWN + ' sent to object: 'Object Repository/Objects.HighlightElements/input_field_index'

2020-06-07 22:18:19 - [TEST_STEP][PASSED] - delay(DelayTime): Delayed 2 second(s)

2020-06-07 22:18:21 - [MESSAGE][PASSED] - Delayed 2 second(s)

2020-06-07 22:18:21 - [TEST_STEP][PASSED] - sendKeys(NewInputNmField, Keys.chord(ENTER)): Keys 'ENTER + ' sent to object: 'Object Repository/Objects.HighlightElements/input_field_index'

2020-06-07 22:18:21 - [MESSAGE][PASSED] - Keys 'ENTER + ' sent to object: 'Object Repository/Objects.HighlightElements/input_field_index'

2020-06-07 22:18:21 - [TEST_STEP][PASSED] - ComboBoxValue = getAttribute(NewInputNmField, "value"): Attribute 'value' of object 'Object Repository/Objects.HighlightElements/input_field_index' is: 'null (TEST267)'

2020-06-07 22:18:22 - [MESSAGE][PASSED] - Attribute 'value' of object 'Object Repository/Objects.HighlightElements/input_field_index' is: 'null (TEST267)'

2020-06-07 22:18:22 - [TEST_STEP][PASSED] - callTestCase(findTestCase(CallTCName), ["FindValue":ComboBoxValue, "DropdownNm":comboNm], STOP_ON_FAILURE): Call Test Case 'Test Cases/PFI Precision and Scale/HashMap Tables/PFIAConstantHashMap' successfully

2020-06-07 22:18:22 - [TEST_CASE][PASSED] - Test Cases/PFI Precision and Scale/HashMap Tables/PFIAConstantHashMap: Test Cases/PFI Precision and Scale/HashMap Tables/PFIAConstantHashMap

2020-06-07 22:18:22 - [TEST_STEP][PASSED] - ConstantTBL = [1:["PE":"3214"], 2:["PE":"0567"], 3:["PEName":"Dummy QP Name 3861"], 4:["PEName":"Dummy QP Name 115"], 5:["Material":"Concrete"], ... ]: null

2020-06-07 22:18:22 - [TEST_STEP][PASSED] - switch (DropdownNm): null

2020-06-07 22:18:22 - [TEST_STEP][PASSED] - case "ReferToOfficer":: null

2020-06-07 22:18:22 - [TEST_STEP][PASSED] - ValueFound = ConstantTBL.find({ -> ... }): null

2020-06-07 22:18:22 - [TEST_STEP][PASSED] - break: null

2020-06-07 22:18:22 - [MESSAGE][PASSED] - Call Test Case 'Test Cases/PFI Precision and Scale/HashMap Tables/PFIAConstantHashMap' successfully

2020-06-07 22:18:22 - [TEST_STEP][PASSED] - println(ValueFound): null

2020-06-07 22:18:22 - [TEST_STEP][PASSED] - sendKeys(NewInputNmField, Keys.chord(ARROW_DOWN)): Keys 'DOWN + ' sent to object: 'Object Repository/Objects.HighlightElements/input_field_index'

2020-06-07 22:18:23 - [MESSAGE][PASSED] - Keys 'DOWN + ' sent to object: 'Object Repository/Objects.HighlightElements/input_field_index'

2020-06-07 22:18:23 - [TEST_STEP][PASSED] - sendKeys(NewInputNmField, Keys.chord(ARROW_DOWN)): Keys 'DOWN + ' sent to object: 'Object Repository/Objects.HighlightElements/input_field_index'

2020-06-07 22:18:23 - [MESSAGE][PASSED] - Keys 'DOWN + ' sent to object: 'Object Repository/Objects.HighlightElements/input_field_index'

2020-06-07 22:18:23 - [TEST_STEP][PASSED] - delay(DelayTime): Delayed 2 second(s)

2020-06-07 22:18:25 - [MESSAGE][PASSED] - Delayed 2 second(s)

2020-06-07 22:18:25 - [TEST_STEP][PASSED] - sendKeys(NewInputNmField, Keys.chord(ENTER)): Keys 'ENTER + ' sent to object: 'Object Repository/Objects.HighlightElements/input_field_index'

2020-06-07 22:18:25 - [MESSAGE][PASSED] - Keys 'ENTER + ' sent to object: 'Object Repository/Objects.HighlightElements/input_field_index'

2020-06-07 22:18:25 - [TEST_STEP][PASSED] - ComboBoxValue = getAttribute(NewInputNmField, "value"): Attribute 'value' of object 'Object Repository/Objects.HighlightElements/input_field_index' is: 'null (TEST270)'

2020-06-07 22:18:26 - [MESSAGE][PASSED] - Attribute 'value' of object 'Object Repository/Objects.HighlightElements/input_field_index' is: 'null (TEST270)'

2020-06-07 22:18:26 - [TEST_STEP][PASSED] - callTestCase(findTestCase(CallTCName), ["FindValue":ComboBoxValue, "DropdownNm":comboNm], STOP_ON_FAILURE): Call Test Case 'Test Cases/PFI Precision and Scale/HashMap Tables/PFIAConstantHashMap' successfully

2020-06-07 22:18:26 - [TEST_CASE][PASSED] - Test Cases/PFI Precision and Scale/HashMap Tables/PFIAConstantHashMap: Test Cases/PFI Precision and Scale/HashMap Tables/PFIAConstantHashMap

2020-06-07 22:18:26 - [TEST_STEP][PASSED] - ConstantTBL = [1:["PE":"3214"], 2:["PE":"0567"], 3:["PEName":"Dummy QP Name 3861"], 4:["PEName":"Dummy QP Name 115"], 5:["Material":"Concrete"], ... ]: null

2020-06-07 22:18:26 - [TEST_STEP][PASSED] - switch (DropdownNm): null

2020-06-07 22:18:26 - [TEST_STEP][PASSED] - case "ReferToOfficer":: null

2020-06-07 22:18:26 - [TEST_STEP][PASSED] - ValueFound = ConstantTBL.find({ -> ... }): null

2020-06-07 22:18:26 - [TEST_STEP][PASSED] - break: null

2020-06-07 22:18:26 - [MESSAGE][PASSED] - Call Test Case 'Test Cases/PFI Precision and Scale/HashMap Tables/PFIAConstantHashMap' successfully

2020-06-07 22:18:26 - [TEST_STEP][PASSED] - println(ValueFound): null

2020-06-07 22:18:26 - [TEST_STEP][PASSED] - sendKeys(NewInputNmField, Keys.chord(ARROW_DOWN)): Keys 'DOWN + ' sent to object: 'Object Repository/Objects.HighlightElements/input_field_index'

2020-06-07 22:18:27 - [MESSAGE][PASSED] - Keys 'DOWN + ' sent to object: 'Object Repository/Objects.HighlightElements/input_field_index'

2020-06-07 22:18:27 - [TEST_STEP][PASSED] - sendKeys(NewInputNmField, Keys.chord(ARROW_DOWN)): Keys 'DOWN + ' sent to object: 'Object Repository/Objects.HighlightElements/input_field_index'

2020-06-07 22:18:27 - [MESSAGE][PASSED] - Keys 'DOWN + ' sent to object: 'Object Repository/Objects.HighlightElements/input_field_index'

2020-06-07 22:18:27 - [TEST_STEP][PASSED] - delay(DelayTime): Delayed 2 second(s)

2020-06-07 22:18:29 - [MESSAGE][PASSED] - Delayed 2 second(s)

2020-06-07 22:18:29 - [TEST_STEP][PASSED] - sendKeys(NewInputNmField, Keys.chord(ENTER)): Keys 'ENTER + ' sent to object: 'Object Repository/Objects.HighlightElements/input_field_index'

2020-06-07 22:18:30 - [MESSAGE][PASSED] - Keys 'ENTER + ' sent to object: 'Object Repository/Objects.HighlightElements/input_field_index'

2020-06-07 22:18:30 - [TEST_STEP][PASSED] - ComboBoxValue = getAttribute(NewInputNmField, "value"): Attribute 'value' of object 'Object Repository/Objects.HighlightElements/input_field_index' is: 'null (TEST302)'

2020-06-07 22:18:30 - [MESSAGE][PASSED] - Attribute 'value' of object 'Object Repository/Objects.HighlightElements/input_field_index' is: 'null (TEST302)'

2020-06-07 22:18:30 - [TEST_STEP][PASSED] - callTestCase(findTestCase(CallTCName), ["FindValue":ComboBoxValue, "DropdownNm":comboNm], STOP_ON_FAILURE): Call Test Case 'Test Cases/PFI Precision and Scale/HashMap Tables/PFIAConstantHashMap' successfully

2020-06-07 22:18:30 - [TEST_CASE][PASSED] - Test Cases/PFI Precision and Scale/HashMap Tables/PFIAConstantHashMap: Test Cases/PFI Precision and Scale/HashMap Tables/PFIAConstantHashMap

2020-06-07 22:18:30 - [TEST_STEP][PASSED] - ConstantTBL = [1:["PE":"3214"], 2:["PE":"0567"], 3:["PEName":"Dummy QP Name 3861"], 4:["PEName":"Dummy QP Name 115"], 5:["Material":"Concrete"], ... ]: null

2020-06-07 22:18:30 - [TEST_STEP][PASSED] - switch (DropdownNm): null

2020-06-07 22:18:30 - [TEST_STEP][PASSED] - case "ReferToOfficer":: null

2020-06-07 22:18:30 - [TEST_STEP][PASSED] - ValueFound = ConstantTBL.find({ -> ... }): null

2020-06-07 22:18:30 - [TEST_STEP][PASSED] - break: null

2020-06-07 22:18:30 - [MESSAGE][PASSED] - Call Test Case 'Test Cases/PFI Precision and Scale/HashMap Tables/PFIAConstantHashMap' successfully

2020-06-07 22:18:30 - [TEST_STEP][PASSED] - println(ValueFound): null

2020-06-07 22:18:30 - [TEST_STEP][PASSED] - sendKeys(NewInputNmField, Keys.chord(ARROW_DOWN)): Keys 'DOWN + ' sent to object: 'Object Repository/Objects.HighlightElements/input_field_index'

2020-06-07 22:18:32 - [MESSAGE][PASSED] - Keys 'DOWN + ' sent to object: 'Object Repository/Objects.HighlightElements/input_field_index'

2020-06-07 22:18:32 - [TEST_STEP][PASSED] - sendKeys(NewInputNmField, Keys.chord(ENTER)): Keys 'ENTER + ' sent to object: 'Object Repository/Objects.HighlightElements/input_field_index'

2020-06-07 22:18:33 - [MESSAGE][PASSED] - Keys 'ENTER + ' sent to object: 'Object Repository/Objects.HighlightElements/input_field_index'

2020-06-07 22:18:33 - [MESSAGE][PASSED] - Call Test Case 'Test Cases/PFI Precision and Scale/PFI Components with Indexing/VerifyDropdownValuesIndex' successfully

2020-06-07 22:18:33 - [TEST_STEP][NOT_RUN] - callTestCase(findTestCase("PFI Precision and Scale/PFI Components with Indexing/AlphaNumericValidationIndex"), ["FldNm":"remarks", "LenChar":5, "index":1], STOP_ON_FAILURE): NOT_RUN: callTestCase(findTestCase("PFI Precision and Scale/PFI Components with Indexing/AlphaNumericValidationIndex"), ["FldNm":"remarks", "LenChar":5, "index":1], STOP_ON_FAILURE)

2020-06-07 22:18:33 - [MESSAGE][NOT_RUN] - NOT_RUN: callTestCase(findTestCase("PFI Precision and Scale/PFI Components with Indexing/AlphaNumericValidationIndex"), ["FldNm":"remarks", "LenChar":5, "index":1], STOP_ON_FAILURE)

2020-06-07 22:18:33 - [TEST_STEP][PASSED] - callTestCase(findTestCase("PFI Precision and Scale/PFI Components with Indexing/AlphaNumericSpecialValidationIndex"), ["FldNm":"remarks", "LenChar":5, "index":1], STOP_ON_FAILURE): Call Test Case 'Test Cases/PFI Precision and Scale/PFI Components with Indexing/AlphaNumericSpecialValidationIndex' successfully

2020-06-07 22:18:33 - [TEST_CASE][PASSED] - Test Cases/PFI Precision and Scale/PFI Components with Indexing/AlphaNumericSpecialValidationIndex: Test Cases/PFI Precision and Scale/PFI Components with Indexing/AlphaNumericSpecialValidationIndex

2020-06-07 22:18:33 - [TEST_STEP][PASSED] - charset = /?><"".join(): null

2020-06-07 22:18:33 - [TEST_STEP][PASSED] - AlphaNumeric = 9).join(): null

2020-06-07 22:18:33 - [TEST_STEP][PASSED] - SpecialChar = "`~!@#$%^&*()-=+_{}|\][;'":,./?><"": null

2020-06-07 22:18:33 - [TEST_STEP][PASSED] - RandomString = RandomStringUtils.random(LenChar, AlphaNumeric.toCharArray()): null

2020-06-07 22:18:33 - [TEST_STEP][PASSED] - RdmSpChar = RandomStringUtils.random(LenChar, SpecialChar): null

2020-06-07 22:18:33 - [TEST_STEP][PASSED] - regexPat = Pattern.compile("^[A-Za-z0-9 ]+$"): null

2020-06-07 22:18:33 - [TEST_STEP][PASSED] - NewInputNmField = modifyObjectProperty(findTestObject("Object Repository/Objects.HighlightElements/input_field_index"), "xpath", "equals", "(//*[contains(@class,'x-form-text') and (@name='" + FldNm + "')])[" + index + "]", true): Modify property of object successfully

2020-06-07 22:18:33 - [MESSAGE][PASSED] - Modify property of object successfully

2020-06-07 22:18:33 - [TEST_STEP][PASSED] - setText(NewInputNmField, RandomString): Text 'OuvTl' is set on object 'Object Repository/Objects.HighlightElements/input_field_index'

2020-06-07 22:18:34 - [MESSAGE][PASSED] - Text 'OuvTl' is set on object 'Object Repository/Objects.HighlightElements/input_field_index'

2020-06-07 22:18:34 - [TEST_STEP][PASSED] - RemarksAN = getAttribute(NewInputNmField, "value"): Attribute 'value' of object 'Object Repository/Objects.HighlightElements/input_field_index' is: 'OuvTl'

2020-06-07 22:18:35 - [MESSAGE][PASSED] - Attribute 'value' of object 'Object Repository/Objects.HighlightElements/input_field_index' is: 'OuvTl'

2020-06-07 22:18:35 - [TEST_STEP][PASSED] - matchStr = regexPat.matcher(RemarksAN): null

2020-06-07 22:18:35 - [TEST_STEP][PASSED] - if (matchStr.matches() == true): Accepting Alphanumeric

2020-06-07 22:18:35 - [TEST_STEP][PASSED] - comment("Accepting Alphanumeric"): Accepting Alphanumeric

2020-06-07 22:18:35 - [MESSAGE][INFO] - Accepting Alphanumeric

2020-06-07 22:18:35 - [TEST_STEP][PASSED] - setText(NewInputNmField, RdmSpChar): Text '~;_*"' is set on object 'Object Repository/Objects.HighlightElements/input_field_index'

2020-06-07 22:18:36 - [MESSAGE][PASSED] - Text '~;_*"' is set on object 'Object Repository/Objects.HighlightElements/input_field_index'

2020-06-07 22:18:36 - [TEST_STEP][PASSED] - RemarksSpChar = getAttribute(NewInputNmField, "value"): Attribute 'value' of object 'Object Repository/Objects.HighlightElements/input_field_index' is: '~;_*"'

2020-06-07 22:18:36 - [MESSAGE][PASSED] - Attribute 'value' of object 'Object Repository/Objects.HighlightElements/input_field_index' is: '~;_*"'

2020-06-07 22:18:36 - [TEST_STEP][PASSED] - matchSp = regexPat.matcher(RemarksSpChar): null

2020-06-07 22:18:36 - [TEST_STEP][PASSED] - if (matchSp.matches() == false): Accepting Special Characters

2020-06-07 22:18:36 - [TEST_STEP][PASSED] - comment("Accepting Special Characters"): Accepting Special Characters

2020-06-07 22:18:36 - [MESSAGE][INFO] - Accepting Special Characters

2020-06-07 22:18:36 - [MESSAGE][PASSED] - Call Test Case 'Test Cases/PFI Precision and Scale/PFI Components with Indexing/AlphaNumericSpecialValidationIndex' successfully

2020-06-07 22:18:36 - [TEST_STEP][PASSED] - callTestCase(findTestCase("Components/Logout"), ["LogoutPageTextToBeVerified":findTestData("Datatable").getValue("HomeBanner", 1)], STOP_ON_FAILURE): Call Test Case 'Test Cases/Components/Logout' successfully

2020-06-07 22:18:36 - [TEST_CASE][PASSED] - Test Cases/Components/Logout: Test Cases/Components/Logout

2020-06-07 22:18:36 - [TEST_STEP][PASSED] - Thread.sleep(3000): null

2020-06-07 22:18:39 - [TEST_STEP][NOT_RUN] - com.reusableComponents.HighlightElement.run(findTestObject("Objects.Logout/accountDropdown")): NOT_RUN: com.reusableComponents.HighlightElement.run(findTestObject("Objects.Logout/accountDropdown"))

2020-06-07 22:18:39 - [MESSAGE][NOT_RUN] - NOT_RUN: com.reusableComponents.HighlightElement.run(findTestObject("Objects.Logout/accountDropdown"))

2020-06-07 22:18:39 - [TEST_STEP][NOT_RUN] - click(findTestObject("Objects.Logout/accountDropdown")): NOT_RUN: click(findTestObject("Objects.Logout/accountDropdown"))

2020-06-07 22:18:39 - [MESSAGE][NOT_RUN] - NOT_RUN: click(findTestObject("Objects.Logout/accountDropdown"))

2020-06-07 22:18:39 - [TEST_STEP][NOT_RUN] - com.reusableComponents.clickUsingJS.clickUsingJS(findTestObject("Objects.Logout/accountDropdown"), 0): NOT_RUN: com.reusableComponents.clickUsingJS.clickUsingJS(findTestObject("Objects.Logout/accountDropdown"), 0)

2020-06-07 22:18:39 - [MESSAGE][NOT_RUN] - NOT_RUN: com.reusableComponents.clickUsingJS.clickUsingJS(findTestObject("Objects.Logout/accountDropdown"), 0)

2020-06-07 22:18:39 - [TEST_STEP][PASSED] - element = findWebElement(findTestObject("Objects.Logout/accountDropdown"), 30): null

2020-06-07 22:18:39 - [TEST_STEP][PASSED] - executeJavaScript("arguments[0].click()", Arrays.asList(element)): Execute JavaScript 'arguments[0].click()' successfully

2020-06-07 22:18:40 - [MESSAGE][PASSED] - Execute JavaScript 'arguments[0].click()' successfully

2020-06-07 22:18:40 - [TEST_STEP][NOT_RUN] - com.reusableComponents.HighlightElement.run(findTestObject("Objects.Logout/span_Logout")): NOT_RUN: com.reusableComponents.HighlightElement.run(findTestObject("Objects.Logout/span_Logout"))

2020-06-07 22:18:40 - [MESSAGE][NOT_RUN] - NOT_RUN: com.reusableComponents.HighlightElement.run(findTestObject("Objects.Logout/span_Logout"))

2020-06-07 22:18:40 - [TEST_STEP][PASSED] - click(findTestObject("Objects.Logout/span_Logout"), STOP_ON_FAILURE): Object: 'Object Repository/Objects.Logout/span_Logout' is clicked on

2020-06-07 22:18:45 - [MESSAGE][PASSED] - Object: 'Object Repository/Objects.Logout/span_Logout' is clicked on

2020-06-07 22:18:45 - [TEST_STEP][PASSED] - waitForPageLoad(30): Wait for page load successfully

2020-06-07 22:18:45 - [MESSAGE][PASSED] - Wait for page load successfully

2020-06-07 22:18:45 - [TEST_STEP][PASSED] - Thread.sleep(3000): null

2020-06-07 22:18:48 - [TEST_STEP][PASSED] - verifyTextPresent(LogoutPageTextToBeVerified, false): Text 'Sign in to ISPS2-PROD-Verify' is present on page 

2020-06-07 22:18:49 - [MESSAGE][PASSED] - Text 'Sign in to ISPS2-PROD-Verify' is present on page 

2020-06-07 22:18:49 - [TEST_STEP][PASSED] - Thread.sleep(3000): null

2020-06-07 22:18:52 - [TEST_STEP][NOT_RUN] - com.reusableComponents.HighlightElement.run(findTestObject("Objects.Logout/div_Sign in to ISPS2-PROD-Verify")): NOT_RUN: com.reusableComponents.HighlightElement.run(findTestObject("Objects.Logout/div_Sign in to ISPS2-PROD-Verify"))

2020-06-07 22:18:52 - [MESSAGE][NOT_RUN] - NOT_RUN: com.reusableComponents.HighlightElement.run(findTestObject("Objects.Logout/div_Sign in to ISPS2-PROD-Verify"))

2020-06-07 22:18:52 - [TEST_STEP][PASSED] - closeBrowser(): Browser is closed

2020-06-07 22:18:53 - [MESSAGE][PASSED] - Browser is closed

2020-06-07 22:18:53 - [MESSAGE][PASSED] - Call Test Case 'Test Cases/Components/Logout' successfully]]></system-out>
         <system-err><![CDATA[]]></system-err>
      </testcase>
      <testcase name="Test Cases/PFI Precision and Scale/PFI Test Cases/Process Case (PFIA)/PFIA.CourtActionsLHS" time="407.301" classname="Test Cases/PFI Precision and Scale/PFI Test Cases/Process Case (PFIA)/PFIA.CourtActionsLHS" status="FAILED">
         <failure type="FAILED" message="Test Cases/PFI Precision and Scale/PFI Test Cases/Process Case (PFIA)/PFIA.CourtActionsLHS FAILED.
Reason:
com.kms.katalon.core.exception.StepFailedException: Call Test Case 'Test Cases/PFI Precision and Scale/PFI Components with Indexing/SelectDayInDatePickerWithIndexII' failed
	at com.kms.katalon.core.keyword.builtin.CallTestCaseKeyword$_callTestCase_closure1.doCall(CallTestCaseKeyword.groovy:63)
	at com.kms.katalon.core.keyword.builtin.CallTestCaseKeyword$_callTestCase_closure1.call(CallTestCaseKeyword.groovy)
	at com.kms.katalon.core.keyword.internal.KeywordMain.runKeyword(KeywordMain.groovy:68)
	at com.kms.katalon.core.keyword.builtin.CallTestCaseKeyword.callTestCase(CallTestCaseKeyword.groovy:81)
	at com.kms.katalon.core.keyword.builtin.CallTestCaseKeyword.execute(CallTestCaseKeyword.groovy:44)
	at com.kms.katalon.core.keyword.internal.KeywordExecutor.executeKeywordForPlatform(KeywordExecutor.groovy:72)
	at com.kms.katalon.core.keyword.BuiltinKeywords.callTestCase(BuiltinKeywords.groovy:334)
	at PFIA.CourtActionsLHS.run(PFIA.CourtActionsLHS:172)
	at com.kms.katalon.core.main.ScriptEngine.run(ScriptEngine.java:194)
	at com.kms.katalon.core.main.ScriptEngine.runScriptAsRawText(ScriptEngine.java:119)
	at com.kms.katalon.core.main.TestCaseExecutor.runScript(TestCaseExecutor.java:337)
	at com.kms.katalon.core.main.TestCaseExecutor.doExecute(TestCaseExecutor.java:328)
	at com.kms.katalon.core.main.TestCaseExecutor.processExecutionPhase(TestCaseExecutor.java:307)
	at com.kms.katalon.core.main.TestCaseExecutor.accessMainPhase(TestCaseExecutor.java:299)
	at com.kms.katalon.core.main.TestCaseExecutor.execute(TestCaseExecutor.java:233)
	at com.kms.katalon.core.main.TestSuiteExecutor.accessTestCaseMainPhase(TestSuiteExecutor.java:169)
	at com.kms.katalon.core.main.TestSuiteExecutor.accessTestSuiteMainPhase(TestSuiteExecutor.java:142)
	at com.kms.katalon.core.main.TestSuiteExecutor.execute(TestSuiteExecutor.java:91)
	at com.kms.katalon.core.main.TestCaseMain.startTestSuite(TestCaseMain.java:157)
	at com.kms.katalon.core.main.TestCaseMain$startTestSuite$0.call(Unknown Source)
	at TempTestSuite1591537817673.run(TempTestSuite1591537817673.groovy:36)
Caused by: com.kms.katalon.core.exception.StepFailedException: Invalid Date Format!
	at com.kms.katalon.core.util.KeywordUtil.markFailedAndStop(KeywordUtil.java:28)
	at com.kms.katalon.core.util.KeywordUtil$markFailedAndStop.call(Unknown Source)
	at SelectDayInDatePickerWithIndexII.run(SelectDayInDatePickerWithIndexII:55)
	at com.kms.katalon.core.main.ScriptEngine.run(ScriptEngine.java:194)
	at com.kms.katalon.core.main.ScriptEngine.runScriptAsRawText(ScriptEngine.java:119)
	at com.kms.katalon.core.main.TestCaseExecutor.runScript(TestCaseExecutor.java:337)
	at com.kms.katalon.core.main.TestCaseExecutor.doExecute(TestCaseExecutor.java:328)
	at com.kms.katalon.core.main.TestCaseExecutor.processExecutionPhase(TestCaseExecutor.java:307)
	at com.kms.katalon.core.main.TestCaseExecutor.accessMainPhase(TestCaseExecutor.java:299)
	at com.kms.katalon.core.main.TestCaseExecutor.execute(TestCaseExecutor.java:233)
	at com.kms.katalon.core.main.TestCaseMain.runTestCase(TestCaseMain.java:114)
	at com.kms.katalon.core.keyword.builtin.CallTestCaseKeyword$_callTestCase_closure1.doCall(CallTestCaseKeyword.groovy:59)
	... 20 more
"/>
         <system-out><![CDATA[2020-06-07 22:18:53 - [TEST_CASE][FAILED] - Test Cases/PFI Precision and Scale/PFI Test Cases/Process Case (PFIA)/PFIA.CourtActionsLHS: Test Cases/PFI Precision and Scale/PFI Test Cases/Process Case (PFIA)/PFIA.CourtActionsLHS FAILED.
Reason:
com.kms.katalon.core.exception.StepFailedException: Call Test Case 'Test Cases/PFI Precision and Scale/PFI Components with Indexing/SelectDayInDatePickerWithIndexII' failed
	at com.kms.katalon.core.keyword.builtin.CallTestCaseKeyword$_callTestCase_closure1.doCall(CallTestCaseKeyword.groovy:63)
	at com.kms.katalon.core.keyword.builtin.CallTestCaseKeyword$_callTestCase_closure1.call(CallTestCaseKeyword.groovy)
	at com.kms.katalon.core.keyword.internal.KeywordMain.runKeyword(KeywordMain.groovy:68)
	at com.kms.katalon.core.keyword.builtin.CallTestCaseKeyword.callTestCase(CallTestCaseKeyword.groovy:81)
	at com.kms.katalon.core.keyword.builtin.CallTestCaseKeyword.execute(CallTestCaseKeyword.groovy:44)
	at com.kms.katalon.core.keyword.internal.KeywordExecutor.executeKeywordForPlatform(KeywordExecutor.groovy:72)
	at com.kms.katalon.core.keyword.BuiltinKeywords.callTestCase(BuiltinKeywords.groovy:334)
	at PFIA.CourtActionsLHS.run(PFIA.CourtActionsLHS:172)
	at com.kms.katalon.core.main.ScriptEngine.run(ScriptEngine.java:194)
	at com.kms.katalon.core.main.ScriptEngine.runScriptAsRawText(ScriptEngine.java:119)
	at com.kms.katalon.core.main.TestCaseExecutor.runScript(TestCaseExecutor.java:337)
	at com.kms.katalon.core.main.TestCaseExecutor.doExecute(TestCaseExecutor.java:328)
	at com.kms.katalon.core.main.TestCaseExecutor.processExecutionPhase(TestCaseExecutor.java:307)
	at com.kms.katalon.core.main.TestCaseExecutor.accessMainPhase(TestCaseExecutor.java:299)
	at com.kms.katalon.core.main.TestCaseExecutor.execute(TestCaseExecutor.java:233)
	at com.kms.katalon.core.main.TestSuiteExecutor.accessTestCaseMainPhase(TestSuiteExecutor.java:169)
	at com.kms.katalon.core.main.TestSuiteExecutor.accessTestSuiteMainPhase(TestSuiteExecutor.java:142)
	at com.kms.katalon.core.main.TestSuiteExecutor.execute(TestSuiteExecutor.java:91)
	at com.kms.katalon.core.main.TestCaseMain.startTestSuite(TestCaseMain.java:157)
	at com.kms.katalon.core.main.TestCaseMain$startTestSuite$0.call(Unknown Source)
	at TempTestSuite1591537817673.run(TempTestSuite1591537817673.groovy:36)
Caused by: com.kms.katalon.core.exception.StepFailedException: Invalid Date Format!
	at com.kms.katalon.core.util.KeywordUtil.markFailedAndStop(KeywordUtil.java:28)
	at com.kms.katalon.core.util.KeywordUtil$markFailedAndStop.call(Unknown Source)
	at SelectDayInDatePickerWithIndexII.run(SelectDayInDatePickerWithIndexII:55)
	at com.kms.katalon.core.main.ScriptEngine.run(ScriptEngine.java:194)
	at com.kms.katalon.core.main.ScriptEngine.runScriptAsRawText(ScriptEngine.java:119)
	at com.kms.katalon.core.main.TestCaseExecutor.runScript(TestCaseExecutor.java:337)
	at com.kms.katalon.core.main.TestCaseExecutor.doExecute(TestCaseExecutor.java:328)
	at com.kms.katalon.core.main.TestCaseExecutor.processExecutionPhase(TestCaseExecutor.java:307)
	at com.kms.katalon.core.main.TestCaseExecutor.accessMainPhase(TestCaseExecutor.java:299)
	at com.kms.katalon.core.main.TestCaseExecutor.execute(TestCaseExecutor.java:233)
	at com.kms.katalon.core.main.TestCaseMain.runTestCase(TestCaseMain.java:114)
	at com.kms.katalon.core.keyword.builtin.CallTestCaseKeyword$_callTestCase_closure1.doCall(CallTestCaseKeyword.groovy:59)
	... 20 more


2020-06-07 22:18:54 - [TEST_STEP][PASSED] - callTestCase(findTestCase("Components/LoginV2.0"), ["LinkToBeUsed":findTestData("ISPS2 Test Data").getValue("URL", 1), "LoginPageTextToBeVerified":findTestData("ISPS2 Test Data").getValue("HomeBanner", 1), ... ], STOP_ON_FAILURE): Call Test Case 'Test Cases/Components/LoginV2.0' successfully

2020-06-07 22:18:55 - [TEST_CASE][PASSED] - Test Cases/Components/LoginV2.0: Test Cases/Components/LoginV2.0

2020-06-07 22:18:55 - [TEST_STEP][PASSED] - openBrowser(LinkToBeUsed): Browser is opened with url: 'http://10.0.2.41:3012/isps2-prod-verify/authnz/login.do'

2020-06-07 22:18:55 - [MESSAGE][INFO] - Starting 'Chrome' driver

2020-06-07 22:19:07 - [MESSAGE][PASSED] - Browser is opened with url: 'http://10.0.2.41:3012/isps2-prod-verify/authnz/login.do'

2020-06-07 22:19:07 - [TEST_STEP][PASSED] - maximizeWindow(): Current window maximized

2020-06-07 22:19:11 - [MESSAGE][PASSED] - Current window maximized

2020-06-07 22:19:11 - [TEST_STEP][PASSED] - verifyTextPresent(LoginPageTextToBeVerified, false): Text 'Sign in to ISPS2-PROD-Verify' is present on page 

2020-06-07 22:19:12 - [MESSAGE][PASSED] - Text 'Sign in to ISPS2-PROD-Verify' is present on page 

2020-06-07 22:19:12 - [TEST_STEP][PASSED] - setText(findTestObject("Objects.LoginV2.0/Login Page/input_Sign in to ISPS2-PROD-Verify_username"), Username): Text 'sysadmin' is set on object 'Object Repository/Objects.LoginV2.0/Login Page/input_Sign in to ISPS2-PROD-Verify_username'

2020-06-07 22:19:13 - [MESSAGE][PASSED] - Text 'sysadmin' is set on object 'Object Repository/Objects.LoginV2.0/Login Page/input_Sign in to ISPS2-PROD-Verify_username'

2020-06-07 22:19:13 - [TEST_STEP][PASSED] - setEncryptedText(findTestObject("Objects.LoginV2.0/Login Page/input_This field is required_password"), Password): Text ****** has been set on object 'Object Repository/Objects.LoginV2.0/Login Page/input_This field is required_password'

2020-06-07 22:19:14 - [MESSAGE][PASSED] - Text ****** has been set on object 'Object Repository/Objects.LoginV2.0/Login Page/input_This field is required_password'

2020-06-07 22:19:14 - [TEST_STEP][NOT_RUN] - setEncryptedText(findTestObject(null), Password): NOT_RUN: setEncryptedText(findTestObject(null), Password)

2020-06-07 22:19:14 - [MESSAGE][NOT_RUN] - NOT_RUN: setEncryptedText(findTestObject(null), Password)

2020-06-07 22:19:14 - [TEST_STEP][PASSED] - click(findTestObject("Objects.LoginV2.0/Login Page/div_Sign in to ISPS2-PROD-Verify_NovaGoButton-1021"), OPTIONAL): Object: 'Object Repository/Objects.LoginV2.0/Login Page/div_Sign in to ISPS2-PROD-Verify_NovaGoButton-1021' is clicked on

2020-06-07 22:19:15 - [MESSAGE][PASSED] - Object: 'Object Repository/Objects.LoginV2.0/Login Page/div_Sign in to ISPS2-PROD-Verify_NovaGoButton-1021' is clicked on

2020-06-07 22:19:15 - [TEST_STEP][PASSED] - waitForPageLoad(30): Wait for page load successfully

2020-06-07 22:19:15 - [MESSAGE][PASSED] - Wait for page load successfully

2020-06-07 22:19:15 - [TEST_STEP][PASSED] - Thread.sleep(3000): null

2020-06-07 22:19:18 - [MESSAGE][PASSED] - Call Test Case 'Test Cases/Components/LoginV2.0' successfully

2020-06-07 22:19:18 - [TEST_STEP][PASSED] - callTestCase(findTestCase("Components/NavigateToHomepageHeaders"), ["headerText":"My Tasks"], STOP_ON_FAILURE): Call Test Case 'Test Cases/Components/NavigateToHomepageHeaders' successfully

2020-06-07 22:19:18 - [TEST_CASE][PASSED] - Test Cases/Components/NavigateToHomepageHeaders: Test Cases/Components/NavigateToHomepageHeaders

2020-06-07 22:19:18 - [TEST_STEP][PASSED] - Thread.sleep(1000): null

2020-06-07 22:19:19 - [TEST_STEP][PASSED] - waitForPageLoad(30): Wait for page load successfully

2020-06-07 22:19:20 - [MESSAGE][PASSED] - Wait for page load successfully

2020-06-07 22:19:20 - [TEST_STEP][PASSED] - modifiedHeader = modifyObjectProperty(findTestObject("Objects.NavigateToHomepageHeaders/Page_ISPS2/div_Header"), "text", "equals", headerText, true): Modify property of object successfully

2020-06-07 22:19:20 - [MESSAGE][PASSED] - Modify property of object successfully

2020-06-07 22:19:20 - [TEST_STEP][PASSED] - verifyElementClickable(modifiedHeader): Object 'Object Repository/Objects.NavigateToHomepageHeaders/Page_ISPS2/div_Header' is clickable

2020-06-07 22:19:21 - [MESSAGE][PASSED] - Object 'Object Repository/Objects.NavigateToHomepageHeaders/Page_ISPS2/div_Header' is clickable

2020-06-07 22:19:21 - [TEST_STEP][PASSED] - click(modifiedHeader): Object: 'Object Repository/Objects.NavigateToHomepageHeaders/Page_ISPS2/div_Header' is clicked on

2020-06-07 22:19:25 - [MESSAGE][PASSED] - Object: 'Object Repository/Objects.NavigateToHomepageHeaders/Page_ISPS2/div_Header' is clicked on

2020-06-07 22:19:25 - [TEST_STEP][PASSED] - Thread.sleep(7000): null

2020-06-07 22:19:32 - [MESSAGE][PASSED] - Call Test Case 'Test Cases/Components/NavigateToHomepageHeaders' successfully

2020-06-07 22:19:32 - [TEST_STEP][PASSED] - callTestCase(findTestCase("Components/Filter"), ["taskDescription":"Process Case (SMA)"], STOP_ON_FAILURE): Call Test Case 'Test Cases/Components/Filter' successfully

2020-06-07 22:19:32 - [TEST_CASE][PASSED] - Test Cases/Components/Filter: Test Cases/Components/Filter

2020-06-07 22:19:32 - [TEST_STEP][PASSED] - Thread.sleep(5000): null

2020-06-07 22:19:37 - [TEST_STEP][PASSED] - waitForPageLoad(180): Wait for page load successfully

2020-06-07 22:19:37 - [MESSAGE][PASSED] - Wait for page load successfully

2020-06-07 22:19:37 - [TEST_STEP][PASSED] - waitForElementNotPresent(findTestObject("Objects.Filter/Page_ISPS2/div_Loading search result Please wait"), 180): Web element with id: 'Object Repository/Objects.Filter/Page_ISPS2/div_Loading search result Please wait' located by 'By.xpath: //div[@class = 'x-mask-msg-text' and (text() = 'Loading search result. Please wait...' or . = 'Loading search result. Please wait...')]' is not present after '180' second(s)

2020-06-07 22:19:37 - [MESSAGE][PASSED] - Web element with id: 'Object Repository/Objects.Filter/Page_ISPS2/div_Loading search result Please wait' located by 'By.xpath: //div[@class = 'x-mask-msg-text' and (text() = 'Loading search result. Please wait...' or . = 'Loading search result. Please wait...')]' is not present after '180' second(s)

2020-06-07 22:19:37 - [TEST_STEP][PASSED] - click(findTestObject("Objects.Filter/Page_ISPS2/XP.Embutidooo")): Object: 'Object Repository/Objects.Filter/Page_ISPS2/XP.Embutidooo' is clicked on

2020-06-07 22:19:39 - [MESSAGE][PASSED] - Object: 'Object Repository/Objects.Filter/Page_ISPS2/XP.Embutidooo' is clicked on

2020-06-07 22:19:39 - [TEST_STEP][PASSED] - com.reusableComponents.HighlightElement.run(findTestObject("Objects.Filter/Page_ISPS2/span_Reset")): com.reusableComponents.HighlightElement.run is PASSED

2020-06-07 22:19:41 - [MESSAGE][PASSED] - com.reusableComponents.HighlightElement.run is PASSED

2020-06-07 22:19:41 - [TEST_STEP][PASSED] - click(findTestObject("Objects.Filter/Page_ISPS2/span_Reset")): Object: 'Object Repository/Objects.Filter/Page_ISPS2/span_Reset' is clicked on

2020-06-07 22:19:42 - [MESSAGE][PASSED] - Object: 'Object Repository/Objects.Filter/Page_ISPS2/span_Reset' is clicked on

2020-06-07 22:19:42 - [TEST_STEP][PASSED] - com.reusableComponents.HighlightElement.run(findTestObject("Objects.Filter/Page_ISPS2/TextBoxTaskDescription")): com.reusableComponents.HighlightElement.run is PASSED

2020-06-07 22:19:45 - [MESSAGE][PASSED] - com.reusableComponents.HighlightElement.run is PASSED

2020-06-07 22:19:45 - [TEST_STEP][PASSED] - setText(findTestObject("Objects.Filter/Page_ISPS2/TextBoxTaskDescription"), taskDescription): Text 'Process Case (SMA)' is set on object 'Object Repository/Objects.Filter/Page_ISPS2/TextBoxTaskDescription'

2020-06-07 22:19:47 - [MESSAGE][PASSED] - Text 'Process Case (SMA)' is set on object 'Object Repository/Objects.Filter/Page_ISPS2/TextBoxTaskDescription'

2020-06-07 22:19:47 - [TEST_STEP][PASSED] - caseType = taskDescription: null

2020-06-07 22:19:47 - [TEST_STEP][PASSED] - sendKeys(findTestObject("Objects.Filter/Page_ISPS2/TextBoxTaskDescription"), Keys.chord(ENTER)): Keys 'ENTER + ' sent to object: 'Object Repository/Objects.Filter/Page_ISPS2/TextBoxTaskDescription'

2020-06-07 22:19:48 - [MESSAGE][PASSED] - Keys 'ENTER + ' sent to object: 'Object Repository/Objects.Filter/Page_ISPS2/TextBoxTaskDescription'

2020-06-07 22:19:48 - [TEST_STEP][PASSED] - com.reusableComponents.HighlightElement.run(findTestObject("Objects.Filter/Page_ISPS2/span_Search")): com.reusableComponents.HighlightElement.run is PASSED

2020-06-07 22:19:51 - [MESSAGE][PASSED] - com.reusableComponents.HighlightElement.run is PASSED

2020-06-07 22:19:51 - [TEST_STEP][PASSED] - click(findTestObject("Objects.Filter/Page_ISPS2/span_Search")): Object: 'Object Repository/Objects.Filter/Page_ISPS2/span_Search' is clicked on

2020-06-07 22:19:51 - [MESSAGE][PASSED] - Object: 'Object Repository/Objects.Filter/Page_ISPS2/span_Search' is clicked on

2020-06-07 22:19:51 - [TEST_STEP][NOT_RUN] - verifyTextPresent("Loading search result. Please wait...", false): NOT_RUN: verifyTextPresent("Loading search result. Please wait...", false)

2020-06-07 22:19:51 - [MESSAGE][NOT_RUN] - NOT_RUN: verifyTextPresent("Loading search result. Please wait...", false)

2020-06-07 22:19:51 - [TEST_STEP][NOT_RUN] - waitForElementNotPresent(findTestObject("Objects.Filter/Page_ISPS2/div_Loading search result Please wait"), 120): NOT_RUN: waitForElementNotPresent(findTestObject("Objects.Filter/Page_ISPS2/div_Loading search result Please wait"), 120)

2020-06-07 22:19:51 - [MESSAGE][NOT_RUN] - NOT_RUN: waitForElementNotPresent(findTestObject("Objects.Filter/Page_ISPS2/div_Loading search result Please wait"), 120)

2020-06-07 22:19:51 - [TEST_STEP][PASSED] - Thread.sleep(5000): null

2020-06-07 22:19:56 - [MESSAGE][PASSED] - Call Test Case 'Test Cases/Components/Filter' successfully

2020-06-07 22:19:56 - [TEST_STEP][PASSED] - callTestCase(findTestCase("Components/ClickLinkDependingOnTextAndIndex"), ["linkName":"Process Case (SMA)", "index":"3"], STOP_ON_FAILURE): Call Test Case 'Test Cases/Components/ClickLinkDependingOnTextAndIndex' successfully

2020-06-07 22:19:56 - [TEST_CASE][PASSED] - Test Cases/Components/ClickLinkDependingOnTextAndIndex: Test Cases/Components/ClickLinkDependingOnTextAndIndex

2020-06-07 22:19:56 - [TEST_STEP][PASSED] - Thread.sleep(1000): null

2020-06-07 22:19:57 - [TEST_STEP][PASSED] - println(linkName): null

2020-06-07 22:19:57 - [TEST_STEP][PASSED] - println(index): null

2020-06-07 22:19:57 - [TEST_STEP][PASSED] - modifiedLink = modifyObjectProperty(findTestObject("Objects.ClickLinkDependingOnTextAndIndex/linkToModify"), "xpath", "equals", "(//a[text()="" + linkName + ""])[" + index + "]", true): Modify property of object successfully

2020-06-07 22:19:58 - [MESSAGE][PASSED] - Modify property of object successfully

2020-06-07 22:19:58 - [TEST_STEP][PASSED] - Thread.sleep(5000): null

2020-06-07 22:20:03 - [TEST_STEP][PASSED] - com.reusableComponents.HighlightElement.run(modifiedLink): com.reusableComponents.HighlightElement.run is PASSED

2020-06-07 22:20:05 - [MESSAGE][PASSED] - com.reusableComponents.HighlightElement.run is PASSED

2020-06-07 22:20:05 - [TEST_STEP][PASSED] - click(modifiedLink): Object: 'Object Repository/Objects.ClickLinkDependingOnTextAndIndex/linkToModify' is clicked on

2020-06-07 22:20:06 - [MESSAGE][PASSED] - Object: 'Object Repository/Objects.ClickLinkDependingOnTextAndIndex/linkToModify' is clicked on

2020-06-07 22:20:06 - [MESSAGE][PASSED] - Call Test Case 'Test Cases/Components/ClickLinkDependingOnTextAndIndex' successfully

2020-06-07 22:20:06 - [TEST_STEP][PASSED] - callTestCase(findTestCase("Components/NavigateToAnyLHS"), ["LHS":"Court Actions"], STOP_ON_FAILURE): Call Test Case 'Test Cases/Components/NavigateToAnyLHS' successfully

2020-06-07 22:20:06 - [TEST_CASE][PASSED] - Test Cases/Components/NavigateToAnyLHS: Test Cases/Components/NavigateToAnyLHS

2020-06-07 22:20:06 - [TEST_STEP][PASSED] - Thread.sleep(1000): null

2020-06-07 22:20:07 - [TEST_STEP][PASSED] - modifiedLHS = modifyObjectProperty(findTestObject("Objects.NavigateToAnyLHS/Page_ISPS2/LHSToModify"), "text", "equals", LHS, true): Modify property of object successfully

2020-06-07 22:20:07 - [MESSAGE][PASSED] - Modify property of object successfully

2020-06-07 22:20:07 - [TEST_STEP][PASSED] - click(modifiedLHS): Object: 'Object Repository/Objects.NavigateToAnyLHS/Page_ISPS2/LHSToModify' is clicked on

2020-06-07 22:20:12 - [MESSAGE][PASSED] - Object: 'Object Repository/Objects.NavigateToAnyLHS/Page_ISPS2/LHSToModify' is clicked on

2020-06-07 22:20:12 - [TEST_STEP][PASSED] - currentLHS = getText(modifiedLHS): Text of object 'Object Repository/Objects.NavigateToAnyLHS/Page_ISPS2/LHSToModify' is: 'Court Actions'

2020-06-07 22:20:16 - [MESSAGE][PASSED] - Text of object 'Object Repository/Objects.NavigateToAnyLHS/Page_ISPS2/LHSToModify' is: 'Court Actions'

2020-06-07 22:20:16 - [TEST_STEP][PASSED] - Thread.sleep(5000): null

2020-06-07 22:20:21 - [MESSAGE][PASSED] - Call Test Case 'Test Cases/Components/NavigateToAnyLHS' successfully

2020-06-07 22:20:21 - [TEST_STEP][PASSED] - callTestCase(findTestCase("Components/VerifyPageSuccessfullyLoaded"), ["HeaderName":"Court Actions"], STOP_ON_FAILURE): Call Test Case 'Test Cases/Components/VerifyPageSuccessfullyLoaded' successfully

2020-06-07 22:20:21 - [TEST_CASE][PASSED] - Test Cases/Components/VerifyPageSuccessfullyLoaded: Test Cases/Components/VerifyPageSuccessfullyLoaded

2020-06-07 22:20:21 - [TEST_STEP][PASSED] - Thread.sleep(3000): null

2020-06-07 22:20:24 - [TEST_STEP][PASSED] - ModifiedHeaderName = modifyObjectProperty(findTestObject("Objects.VerifyPageSuccessfullyLoaded/PageHeader"), "text", "equals", HeaderName, true): Modify property of object successfully

2020-06-07 22:20:24 - [MESSAGE][PASSED] - Modify property of object successfully

2020-06-07 22:20:24 - [TEST_STEP][PASSED] - verifyElementPresent(ModifiedHeaderName, 30): Object 'Object Repository/Objects.VerifyPageSuccessfullyLoaded/PageHeader' is present

2020-06-07 22:20:24 - [MESSAGE][PASSED] - Object 'Object Repository/Objects.VerifyPageSuccessfullyLoaded/PageHeader' is present

2020-06-07 22:20:24 - [TEST_STEP][PASSED] - com.reusableComponents.HighlightElement.run(ModifiedHeaderName): com.reusableComponents.HighlightElement.run is PASSED

2020-06-07 22:20:26 - [MESSAGE][PASSED] - com.reusableComponents.HighlightElement.run is PASSED

2020-06-07 22:20:26 - [MESSAGE][PASSED] - Call Test Case 'Test Cases/Components/VerifyPageSuccessfullyLoaded' successfully

2020-06-07 22:20:26 - [TEST_STEP][PASSED] - callTestCase(findTestCase("Components/HighlightLabelFieldXPI"), ["LblName":"Notice Order No", "index":1], STOP_ON_FAILURE): Call Test Case 'Test Cases/Components/HighlightLabelFieldXPI' successfully

2020-06-07 22:20:27 - [TEST_CASE][PASSED] - Test Cases/Components/HighlightLabelFieldXPI: Test Cases/Components/HighlightLabelFieldXPI

2020-06-07 22:20:27 - [TEST_STEP][PASSED] - Thread.sleep(1000): null

2020-06-07 22:20:28 - [TEST_STEP][PASSED] - modifiedLblNm = modifyObjectProperty(findTestObject("Object Repository/Objects.HighlightElements/lblField_index"), "xpath", "equals", "(//*[contains(@class, 'x-form-item-label-inner x-form-item-label-inner-default') and contains(., '" + LblName + "')])[" + index + "]", true): Modify property of object successfully

2020-06-07 22:20:28 - [MESSAGE][PASSED] - Modify property of object successfully

2020-06-07 22:20:28 - [TEST_STEP][PASSED] - com.reusableComponents.HighlightElement.run(modifiedLblNm): com.reusableComponents.HighlightElement.run is PASSED

2020-06-07 22:20:30 - [MESSAGE][PASSED] - com.reusableComponents.HighlightElement.run is PASSED

2020-06-07 22:20:30 - [MESSAGE][PASSED] - Call Test Case 'Test Cases/Components/HighlightLabelFieldXPI' successfully

2020-06-07 22:20:30 - [TEST_STEP][PASSED] - callTestCase(findTestCase("Components/HighlightInputFieldXPI"), ["FldNm":"courtNo", "index":1], STOP_ON_FAILURE): Call Test Case 'Test Cases/Components/HighlightInputFieldXPI' successfully

2020-06-07 22:20:30 - [TEST_CASE][PASSED] - Test Cases/Components/HighlightInputFieldXPI: Test Cases/Components/HighlightInputFieldXPI

2020-06-07 22:20:30 - [TEST_STEP][PASSED] - Thread.sleep(1000): null

2020-06-07 22:20:31 - [TEST_STEP][PASSED] - modifiedInputNm = modifyObjectProperty(findTestObject("Object Repository/Objects.HighlightElements/input_field_index"), "xpath", "equals", "(//*[contains(@name, '" + FldNm + "')])[" + index + "]", true): Modify property of object successfully

2020-06-07 22:20:31 - [MESSAGE][PASSED] - Modify property of object successfully

2020-06-07 22:20:31 - [TEST_STEP][PASSED] - com.reusableComponents.HighlightElement.run(modifiedInputNm): com.reusableComponents.HighlightElement.run is PASSED

2020-06-07 22:20:33 - [MESSAGE][PASSED] - com.reusableComponents.HighlightElement.run is PASSED

2020-06-07 22:20:33 - [MESSAGE][PASSED] - Call Test Case 'Test Cases/Components/HighlightInputFieldXPI' successfully

2020-06-07 22:20:33 - [TEST_STEP][PASSED] - callTestCase(findTestCase("PFI Precision and Scale/PFI Components with Indexing/VerifyDefaultValueIndex"), ["FieldNm":"courtNo", "index":1], STOP_ON_FAILURE): Call Test Case 'Test Cases/PFI Precision and Scale/PFI Components with Indexing/VerifyDefaultValueIndex' successfully

2020-06-07 22:20:33 - [TEST_CASE][PASSED] - Test Cases/PFI Precision and Scale/PFI Components with Indexing/VerifyDefaultValueIndex: Test Cases/PFI Precision and Scale/PFI Components with Indexing/VerifyDefaultValueIndex

2020-06-07 22:20:34 - [TEST_STEP][PASSED] - Thread.sleep(1000): null

2020-06-07 22:20:35 - [TEST_STEP][PASSED] - NewFieldNm = modifyObjectProperty(findTestObject("Object Repository/Objects.HighlightElements/input_field_index"), "xpath", "equals", "(//*[contains(@name,'" + FieldNm + "')])[" + index + "]", true): Modify property of object successfully

2020-06-07 22:20:35 - [MESSAGE][PASSED] - Modify property of object successfully

2020-06-07 22:20:35 - [TEST_STEP][PASSED] - focus(NewFieldNm): Object: 'Object Repository/Objects.HighlightElements/input_field_index' is focused

2020-06-07 22:20:36 - [MESSAGE][PASSED] - Object: 'Object Repository/Objects.HighlightElements/input_field_index' is focused

2020-06-07 22:20:36 - [TEST_STEP][PASSED] - DefVal = getAttribute(NewFieldNm, "value", STOP_ON_FAILURE): Attribute 'value' of object 'Object Repository/Objects.HighlightElements/input_field_index' is: 'SMA 2020/03/3990'

2020-06-07 22:20:36 - [MESSAGE][PASSED] - Attribute 'value' of object 'Object Repository/Objects.HighlightElements/input_field_index' is: 'SMA 2020/03/3990'

2020-06-07 22:20:36 - [TEST_STEP][PASSED] - switch (FieldNm): null

2020-06-07 22:20:36 - [TEST_STEP][PASSED] - case "courtNo":: null

2020-06-07 22:20:36 - [TEST_STEP][PASSED] - getCaseRef = getText(findTestObject("Objects.VerifyCourtActionsPrecisionAndScale/Page_ISPS2/div_Case Ref No")): Text of object 'Object Repository/Objects.VerifyCourtActionsPrecisionAndScale/Page_ISPS2/div_Case Ref No' is: '(Case Ref. No.: SMA 2020/03/3990 | Submission No.: SMA 2020/03/3990)'

2020-06-07 22:20:37 - [MESSAGE][PASSED] - Text of object 'Object Repository/Objects.VerifyCourtActionsPrecisionAndScale/Page_ISPS2/div_Case Ref No' is: '(Case Ref. No.: SMA 2020/03/3990 | Submission No.: SMA 2020/03/3990)'

2020-06-07 22:20:37 - [TEST_STEP][PASSED] - println(getCaseRef): null

2020-06-07 22:20:37 - [TEST_STEP][PASSED] - lengthSubmNo = getCaseRef.length() - 36: null

2020-06-07 22:20:37 - [TEST_STEP][PASSED] - println(lengthSubmNo): null

2020-06-07 22:20:37 - [TEST_STEP][PASSED] - lengthCaseRef = getCaseRef.length() - 16: null

2020-06-07 22:20:37 - [TEST_STEP][PASSED] - println(lengthCaseRef): null

2020-06-07 22:20:37 - [TEST_STEP][PASSED] - RemoveSubmissionNo = getCaseRef.substring(0, lengthCaseRef): null

2020-06-07 22:20:37 - [TEST_STEP][PASSED] - SMCaseRef = getCaseRef.substring(16, lengthSubmNo): null

2020-06-07 22:20:37 - [TEST_STEP][PASSED] - verifyMatch(DefVal, SMCaseRef, true, STOP_ON_FAILURE): Actual text 'SMA 2020/03/3990' and expected text 'SMA 2020/03/3990' are matched  using regular expression

2020-06-07 22:20:37 - [MESSAGE][PASSED] - Actual text 'SMA 2020/03/3990' and expected text 'SMA 2020/03/3990' are matched  using regular expression

2020-06-07 22:20:37 - [TEST_STEP][PASSED] - break: null

2020-06-07 22:20:37 - [MESSAGE][PASSED] - Call Test Case 'Test Cases/PFI Precision and Scale/PFI Components with Indexing/VerifyDefaultValueIndex' successfully

2020-06-07 22:20:37 - [TEST_STEP][PASSED] - callTestCase(findTestCase("Components/SelectAllThenDeleteXPI"), ["nameToBeUsed":"courtNo", "index":1], STOP_ON_FAILURE): Call Test Case 'Test Cases/Components/SelectAllThenDeleteXPI' successfully

2020-06-07 22:20:37 - [TEST_CASE][PASSED] - Test Cases/Components/SelectAllThenDeleteXPI: Test Cases/Components/SelectAllThenDeleteXPI

2020-06-07 22:20:38 - [TEST_STEP][PASSED] - Thread.sleep(1000): null

2020-06-07 22:20:39 - [TEST_STEP][PASSED] - modifiedObj = modifyObjectProperty(findTestObject("Object Repository/Objects.HighlightElements/input_field_index"), "xpath", "equals", "(//*[contains(@name,'" + nameToBeUsed + "')])[" + index + "]", true): Modify property of object successfully

2020-06-07 22:20:39 - [MESSAGE][PASSED] - Modify property of object successfully

2020-06-07 22:20:39 - [TEST_STEP][PASSED] - focus(modifiedObj): Object: 'Object Repository/Objects.HighlightElements/input_field_index' is focused

2020-06-07 22:20:39 - [MESSAGE][PASSED] - Object: 'Object Repository/Objects.HighlightElements/input_field_index' is focused

2020-06-07 22:20:39 - [TEST_STEP][PASSED] - sendKeys(modifiedObj, Keys.chord(CONTROL, "a")): Keys 'CONTROL + a' sent to object: 'Object Repository/Objects.HighlightElements/input_field_index'

2020-06-07 22:20:40 - [MESSAGE][PASSED] - Keys 'CONTROL + a' sent to object: 'Object Repository/Objects.HighlightElements/input_field_index'

2020-06-07 22:20:40 - [TEST_STEP][PASSED] - sendKeys(modifiedObj, Keys.chord(DELETE)): Keys 'DELETE + ' sent to object: 'Object Repository/Objects.HighlightElements/input_field_index'

2020-06-07 22:20:40 - [MESSAGE][PASSED] - Keys 'DELETE + ' sent to object: 'Object Repository/Objects.HighlightElements/input_field_index'

2020-06-07 22:20:40 - [MESSAGE][PASSED] - Call Test Case 'Test Cases/Components/SelectAllThenDeleteXPI' successfully

2020-06-07 22:20:40 - [TEST_STEP][PASSED] - callTestCase(findTestCase("PFI Precision and Scale/PFI Components with Indexing/AlphaNumericSpecialValidationIndex"), ["FldNm":"courtNo", "LenChar":10, "index":1], STOP_ON_FAILURE): Call Test Case 'Test Cases/PFI Precision and Scale/PFI Components with Indexing/AlphaNumericSpecialValidationIndex' successfully

2020-06-07 22:20:40 - [TEST_CASE][PASSED] - Test Cases/PFI Precision and Scale/PFI Components with Indexing/AlphaNumericSpecialValidationIndex: Test Cases/PFI Precision and Scale/PFI Components with Indexing/AlphaNumericSpecialValidationIndex

2020-06-07 22:20:40 - [TEST_STEP][PASSED] - charset = /?><"".join(): null

2020-06-07 22:20:40 - [TEST_STEP][PASSED] - AlphaNumeric = 9).join(): null

2020-06-07 22:20:40 - [TEST_STEP][PASSED] - SpecialChar = "`~!@#$%^&*()-=+_{}|\][;'":,./?><"": null

2020-06-07 22:20:40 - [TEST_STEP][PASSED] - RandomString = RandomStringUtils.random(LenChar, AlphaNumeric.toCharArray()): null

2020-06-07 22:20:40 - [TEST_STEP][PASSED] - RdmSpChar = RandomStringUtils.random(LenChar, SpecialChar): null

2020-06-07 22:20:40 - [TEST_STEP][PASSED] - regexPat = Pattern.compile("^[A-Za-z0-9 ]+$"): null

2020-06-07 22:20:40 - [TEST_STEP][PASSED] - NewInputNmField = modifyObjectProperty(findTestObject("Object Repository/Objects.HighlightElements/input_field_index"), "xpath", "equals", "(//*[contains(@class,'x-form-text') and (@name='" + FldNm + "')])[" + index + "]", true): Modify property of object successfully

2020-06-07 22:20:40 - [MESSAGE][PASSED] - Modify property of object successfully

2020-06-07 22:20:40 - [TEST_STEP][PASSED] - setText(NewInputNmField, RandomString): Text 'L9sJdqr0Ox' is set on object 'Object Repository/Objects.HighlightElements/input_field_index'

2020-06-07 22:20:42 - [MESSAGE][PASSED] - Text 'L9sJdqr0Ox' is set on object 'Object Repository/Objects.HighlightElements/input_field_index'

2020-06-07 22:20:42 - [TEST_STEP][PASSED] - RemarksAN = getAttribute(NewInputNmField, "value"): Attribute 'value' of object 'Object Repository/Objects.HighlightElements/input_field_index' is: 'L9sJdqr0Ox'

2020-06-07 22:20:42 - [MESSAGE][PASSED] - Attribute 'value' of object 'Object Repository/Objects.HighlightElements/input_field_index' is: 'L9sJdqr0Ox'

2020-06-07 22:20:42 - [TEST_STEP][PASSED] - matchStr = regexPat.matcher(RemarksAN): null

2020-06-07 22:20:42 - [TEST_STEP][PASSED] - if (matchStr.matches() == true): Accepting Alphanumeric

2020-06-07 22:20:42 - [TEST_STEP][PASSED] - comment("Accepting Alphanumeric"): Accepting Alphanumeric

2020-06-07 22:20:42 - [MESSAGE][INFO] - Accepting Alphanumeric

2020-06-07 22:20:42 - [TEST_STEP][PASSED] - setText(NewInputNmField, RdmSpChar): Text '\?{,)<."*@' is set on object 'Object Repository/Objects.HighlightElements/input_field_index'

2020-06-07 22:20:43 - [MESSAGE][PASSED] - Text '\?{,)<."*@' is set on object 'Object Repository/Objects.HighlightElements/input_field_index'

2020-06-07 22:20:43 - [TEST_STEP][PASSED] - RemarksSpChar = getAttribute(NewInputNmField, "value"): Attribute 'value' of object 'Object Repository/Objects.HighlightElements/input_field_index' is: '\?{,)<."*@'

2020-06-07 22:20:43 - [MESSAGE][PASSED] - Attribute 'value' of object 'Object Repository/Objects.HighlightElements/input_field_index' is: '\?{,)<."*@'

2020-06-07 22:20:43 - [TEST_STEP][PASSED] - matchSp = regexPat.matcher(RemarksSpChar): null

2020-06-07 22:20:43 - [TEST_STEP][PASSED] - if (matchSp.matches() == false): Accepting Special Characters

2020-06-07 22:20:43 - [TEST_STEP][PASSED] - comment("Accepting Special Characters"): Accepting Special Characters

2020-06-07 22:20:43 - [MESSAGE][INFO] - Accepting Special Characters

2020-06-07 22:20:43 - [MESSAGE][PASSED] - Call Test Case 'Test Cases/PFI Precision and Scale/PFI Components with Indexing/AlphaNumericSpecialValidationIndex' successfully

2020-06-07 22:20:43 - [TEST_STEP][PASSED] - callTestCase(findTestCase("PFI Precision and Scale/PFI Components with Indexing/MaxCharLengthIndexValidation"), ["FieldNm":"courtNo", "index":1, "MaxCharLen":25], STOP_ON_FAILURE): Call Test Case 'Test Cases/PFI Precision and Scale/PFI Components with Indexing/MaxCharLengthIndexValidation' successfully

2020-06-07 22:20:43 - [TEST_CASE][PASSED] - Test Cases/PFI Precision and Scale/PFI Components with Indexing/MaxCharLengthIndexValidation: Test Cases/PFI Precision and Scale/PFI Components with Indexing/MaxCharLengthIndexValidation

2020-06-07 22:20:43 - [TEST_STEP][PASSED] - Thread.sleep(1000): null

2020-06-07 22:20:44 - [TEST_STEP][PASSED] - CharLengthTBL = ["aoNotes":4000, "notes":4000, "hseBlkNo":10, "buildingName":100, "unformattedAddress":4000, "courtNo":20, "caseGrpDesc":4000, ... ]: null

2020-06-07 22:20:44 - [TEST_STEP][PASSED] - charset = /?><"".join(): null

2020-06-07 22:20:44 - [TEST_STEP][PASSED] - RandomStringVal = RandomStringUtils.random(MaxCharLen, charset.toCharArray()): null

2020-06-07 22:20:44 - [TEST_STEP][PASSED] - NewInputNmField = modifyObjectProperty(findTestObject("Object Repository/Objects.HighlightElements/input_field_index"), "xpath", "equals", "(//*[contains(@class,'x-form-text') and (@name='" + FieldNm + "')])[" + index + "]", true): Modify property of object successfully

2020-06-07 22:20:45 - [MESSAGE][PASSED] - Modify property of object successfully

2020-06-07 22:20:45 - [TEST_STEP][PASSED] - setText(NewInputNmField, RandomStringVal): Text '(\IRB[6&qBowKi,"P8{m|EgCV' is set on object 'Object Repository/Objects.HighlightElements/input_field_index'

2020-06-07 22:20:46 - [MESSAGE][PASSED] - Text '(\IRB[6&qBowKi,"P8{m|EgCV' is set on object 'Object Repository/Objects.HighlightElements/input_field_index'

2020-06-07 22:20:46 - [TEST_STEP][PASSED] - GetInputValue = getAttribute(NewInputNmField, "value", STOP_ON_FAILURE): Attribute 'value' of object 'Object Repository/Objects.HighlightElements/input_field_index' is: '(\IRB[6&qBowKi,"P8{m'

2020-06-07 22:20:47 - [MESSAGE][PASSED] - Attribute 'value' of object 'Object Repository/Objects.HighlightElements/input_field_index' is: '(\IRB[6&qBowKi,"P8{m'

2020-06-07 22:20:47 - [TEST_STEP][PASSED] - GetLenChar = GetInputValue.length(): null

2020-06-07 22:20:47 - [TEST_STEP][PASSED] - MaxLength = CharLengthTBL.get(FieldNm): null

2020-06-07 22:20:47 - [TEST_STEP][PASSED] - if (MaxLength != null): Actual object '20' and expected object '20' are equal

2020-06-07 22:20:47 - [TEST_STEP][PASSED] - verifyEqual(GetLenChar, MaxLength): Actual object '20' and expected object '20' are equal

2020-06-07 22:20:47 - [MESSAGE][PASSED] - Actual object '20' and expected object '20' are equal

2020-06-07 22:20:47 - [MESSAGE][PASSED] - Call Test Case 'Test Cases/PFI Precision and Scale/PFI Components with Indexing/MaxCharLengthIndexValidation' successfully

2020-06-07 22:20:47 - [TEST_STEP][PASSED] - callTestCase(findTestCase("Components/SelectAllThenDeleteXPI"), ["nameToBeUsed":"courtNo", "index":1], STOP_ON_FAILURE): Call Test Case 'Test Cases/Components/SelectAllThenDeleteXPI' successfully

2020-06-07 22:20:47 - [TEST_CASE][PASSED] - Test Cases/Components/SelectAllThenDeleteXPI: Test Cases/Components/SelectAllThenDeleteXPI

2020-06-07 22:20:47 - [TEST_STEP][PASSED] - Thread.sleep(1000): null

2020-06-07 22:20:48 - [TEST_STEP][PASSED] - modifiedObj = modifyObjectProperty(findTestObject("Object Repository/Objects.HighlightElements/input_field_index"), "xpath", "equals", "(//*[contains(@name,'" + nameToBeUsed + "')])[" + index + "]", true): Modify property of object successfully

2020-06-07 22:20:48 - [MESSAGE][PASSED] - Modify property of object successfully

2020-06-07 22:20:48 - [TEST_STEP][PASSED] - focus(modifiedObj): Object: 'Object Repository/Objects.HighlightElements/input_field_index' is focused

2020-06-07 22:20:48 - [MESSAGE][PASSED] - Object: 'Object Repository/Objects.HighlightElements/input_field_index' is focused

2020-06-07 22:20:48 - [TEST_STEP][PASSED] - sendKeys(modifiedObj, Keys.chord(CONTROL, "a")): Keys 'CONTROL + a' sent to object: 'Object Repository/Objects.HighlightElements/input_field_index'

2020-06-07 22:20:49 - [MESSAGE][PASSED] - Keys 'CONTROL + a' sent to object: 'Object Repository/Objects.HighlightElements/input_field_index'

2020-06-07 22:20:49 - [TEST_STEP][PASSED] - sendKeys(modifiedObj, Keys.chord(DELETE)): Keys 'DELETE + ' sent to object: 'Object Repository/Objects.HighlightElements/input_field_index'

2020-06-07 22:20:49 - [MESSAGE][PASSED] - Keys 'DELETE + ' sent to object: 'Object Repository/Objects.HighlightElements/input_field_index'

2020-06-07 22:20:49 - [MESSAGE][PASSED] - Call Test Case 'Test Cases/Components/SelectAllThenDeleteXPI' successfully

2020-06-07 22:20:49 - [TEST_STEP][PASSED] - callTestCase(findTestCase("PFI Precision and Scale/PFI Components with Indexing/RequiredFieldValidationXPI"), ["nameToBeUsed":"courtNo", "index":1], STOP_ON_FAILURE): Call Test Case 'Test Cases/PFI Precision and Scale/PFI Components with Indexing/RequiredFieldValidationXPI' successfully

2020-06-07 22:20:49 - [TEST_CASE][PASSED] - Test Cases/PFI Precision and Scale/PFI Components with Indexing/RequiredFieldValidationXPI: Test Cases/PFI Precision and Scale/PFI Components with Indexing/RequiredFieldValidationXPI

2020-06-07 22:20:49 - [TEST_STEP][PASSED] - enableSmartWait(): null

2020-06-07 22:20:49 - [TEST_STEP][PASSED] - NewInputNmField = modifyObjectProperty(findTestObject("Objects.HighlightElements/input_field_index"), "xpath", "equals", "(//*[contains(@name,'" + nameToBeUsed + "')])[" + index + "]", true): Modify property of object successfully

2020-06-07 22:20:49 - [MESSAGE][PASSED] - Modify property of object successfully

2020-06-07 22:20:49 - [TEST_STEP][PASSED] - mouseOver(NewInputNmField): Object: 'Object Repository/Objects.HighlightElements/input_field_index' is hovered

2020-06-07 22:20:50 - [MESSAGE][PASSED] - Object: 'Object Repository/Objects.HighlightElements/input_field_index' is hovered

2020-06-07 22:20:50 - [TEST_STEP][PASSED] - getRqErrMsg = getAttribute(NewInputNmField, "data-errorqtip"): Attribute 'data-errorqtip' of object 'Object Repository/Objects.HighlightElements/input_field_index' is: '<ul class="x-list-plain"><li>This field is required</li></ul>'

2020-06-07 22:20:50 - [MESSAGE][PASSED] - Attribute 'data-errorqtip' of object 'Object Repository/Objects.HighlightElements/input_field_index' is: '<ul class="x-list-plain"><li>This field is required</li></ul>'

2020-06-07 22:20:50 - [TEST_STEP][PASSED] - strToolTip = getRqErrMsg.substring(29, 61): null

2020-06-07 22:20:50 - [TEST_STEP][PASSED] - toolTipReqErrMsg = strToolTip.substring(0, 22): null

2020-06-07 22:20:50 - [TEST_STEP][PASSED] - verifyMatch(toolTipReqErrMsg, RqField, true): Actual text 'This field is required' and expected text 'This field is required' are matched  using regular expression

2020-06-07 22:20:50 - [MESSAGE][PASSED] - Actual text 'This field is required' and expected text 'This field is required' are matched  using regular expression

2020-06-07 22:20:50 - [MESSAGE][PASSED] - Call Test Case 'Test Cases/PFI Precision and Scale/PFI Components with Indexing/RequiredFieldValidationXPI' successfully

2020-06-07 22:20:50 - [TEST_STEP][PASSED] - callTestCase(findTestCase("Components/HighlightLabelFieldXPI"), ["LblName":"Notice/Order Date", "index":1], STOP_ON_FAILURE): Call Test Case 'Test Cases/Components/HighlightLabelFieldXPI' successfully

2020-06-07 22:20:50 - [TEST_CASE][PASSED] - Test Cases/Components/HighlightLabelFieldXPI: Test Cases/Components/HighlightLabelFieldXPI

2020-06-07 22:20:51 - [TEST_STEP][PASSED] - Thread.sleep(1000): null

2020-06-07 22:20:52 - [TEST_STEP][PASSED] - modifiedLblNm = modifyObjectProperty(findTestObject("Object Repository/Objects.HighlightElements/lblField_index"), "xpath", "equals", "(//*[contains(@class, 'x-form-item-label-inner x-form-item-label-inner-default') and contains(., '" + LblName + "')])[" + index + "]", true): Modify property of object successfully

2020-06-07 22:20:52 - [MESSAGE][PASSED] - Modify property of object successfully

2020-06-07 22:20:52 - [TEST_STEP][PASSED] - com.reusableComponents.HighlightElement.run(modifiedLblNm): com.reusableComponents.HighlightElement.run is PASSED

2020-06-07 22:20:54 - [MESSAGE][PASSED] - com.reusableComponents.HighlightElement.run is PASSED

2020-06-07 22:20:54 - [MESSAGE][PASSED] - Call Test Case 'Test Cases/Components/HighlightLabelFieldXPI' successfully

2020-06-07 22:20:54 - [TEST_STEP][PASSED] - callTestCase(findTestCase("Components/HighlightInputFieldXPI"), ["FldNm":"orderDt", "index":1], STOP_ON_FAILURE): Call Test Case 'Test Cases/Components/HighlightInputFieldXPI' successfully

2020-06-07 22:20:54 - [TEST_CASE][PASSED] - Test Cases/Components/HighlightInputFieldXPI: Test Cases/Components/HighlightInputFieldXPI

2020-06-07 22:20:54 - [TEST_STEP][PASSED] - Thread.sleep(1000): null

2020-06-07 22:20:55 - [TEST_STEP][PASSED] - modifiedInputNm = modifyObjectProperty(findTestObject("Object Repository/Objects.HighlightElements/input_field_index"), "xpath", "equals", "(//*[contains(@name, '" + FldNm + "')])[" + index + "]", true): Modify property of object successfully

2020-06-07 22:20:55 - [MESSAGE][PASSED] - Modify property of object successfully

2020-06-07 22:20:55 - [TEST_STEP][PASSED] - com.reusableComponents.HighlightElement.run(modifiedInputNm): com.reusableComponents.HighlightElement.run is PASSED

2020-06-07 22:20:57 - [MESSAGE][PASSED] - com.reusableComponents.HighlightElement.run is PASSED

2020-06-07 22:20:57 - [MESSAGE][PASSED] - Call Test Case 'Test Cases/Components/HighlightInputFieldXPI' successfully

2020-06-07 22:20:57 - [TEST_STEP][PASSED] - callTestCase(findTestCase("PFI Precision and Scale/PFI Components with Indexing/NumericTextboxValidationIndex"), ["nameToBeUsed":"orderDt", "index":1, "minLen":12], STOP_ON_FAILURE): Call Test Case 'Test Cases/PFI Precision and Scale/PFI Components with Indexing/NumericTextboxValidationIndex' successfully

2020-06-07 22:20:57 - [TEST_CASE][PASSED] - Test Cases/PFI Precision and Scale/PFI Components with Indexing/NumericTextboxValidationIndex: Test Cases/PFI Precision and Scale/PFI Components with Indexing/NumericTextboxValidationIndex

2020-06-07 22:20:57 - [TEST_STEP][PASSED] - Thread.sleep(1000): null

2020-06-07 22:20:58 - [TEST_STEP][PASSED] - Numeric = "0123456789": null

2020-06-07 22:20:58 - [TEST_STEP][PASSED] - AlphaSpecialChar = z) + "`~!@#$%^&*()=_{}|\][;'":,?><"".join(): null

2020-06-07 22:20:58 - [TEST_STEP][PASSED] - RandomNumeric = RandomStringUtils.random(minLen, Numeric.toCharArray()): null

2020-06-07 22:20:58 - [TEST_STEP][PASSED] - RandomString = RandomStringUtils.random(minLen, AlphaSpecialChar): null

2020-06-07 22:20:58 - [TEST_STEP][PASSED] - regexPat = Pattern.compile("^[0-9]+$"): null

2020-06-07 22:20:58 - [TEST_STEP][PASSED] - NewInputNmField = modifyObjectProperty(findTestObject("Object Repository/Objects.HighlightElements/input_field_index"), "xpath", "equals", "(//*[contains(@class,'x-form-text') and (@name='" + nameToBeUsed + "')])[" + index + "]", true): Modify property of object successfully

2020-06-07 22:20:58 - [MESSAGE][PASSED] - Modify property of object successfully

2020-06-07 22:20:58 - [TEST_STEP][PASSED] - focus(NewInputNmField): Object: 'Object Repository/Objects.HighlightElements/input_field_index' is focused

2020-06-07 22:20:59 - [MESSAGE][PASSED] - Object: 'Object Repository/Objects.HighlightElements/input_field_index' is focused

2020-06-07 22:20:59 - [TEST_STEP][PASSED] - setText(NewInputNmField, RandomString): Text 'i$FY`mEZc'eJ' is set on object 'Object Repository/Objects.HighlightElements/input_field_index'

2020-06-07 22:21:00 - [MESSAGE][PASSED] - Text 'i$FY`mEZc'eJ' is set on object 'Object Repository/Objects.HighlightElements/input_field_index'

2020-06-07 22:21:00 - [TEST_STEP][PASSED] - GetInputVal = getAttribute(NewInputNmField, "value"): Attribute 'value' of object 'Object Repository/Objects.HighlightElements/input_field_index' is: ''

2020-06-07 22:21:00 - [MESSAGE][PASSED] - Attribute 'value' of object 'Object Repository/Objects.HighlightElements/input_field_index' is: ''

2020-06-07 22:21:00 - [TEST_STEP][PASSED] - if (GetInputVal.contains("e")): null

2020-06-07 22:21:00 - [TEST_STEP][PASSED] - else: Actual text '' and expected text '' are matched  using regular expression

2020-06-07 22:21:00 - [TEST_STEP][PASSED] - verifyMatch(GetInputVal, "", true): Actual text '' and expected text '' are matched  using regular expression

2020-06-07 22:21:00 - [MESSAGE][PASSED] - Actual text '' and expected text '' are matched  using regular expression

2020-06-07 22:21:00 - [TEST_STEP][PASSED] - setText(NewInputNmField, RandomNumeric): Text '143048769474' is set on object 'Object Repository/Objects.HighlightElements/input_field_index'

2020-06-07 22:21:01 - [MESSAGE][PASSED] - Text '143048769474' is set on object 'Object Repository/Objects.HighlightElements/input_field_index'

2020-06-07 22:21:01 - [TEST_STEP][PASSED] - GetEnteredIntegers = getAttribute(NewInputNmField, "value"): Attribute 'value' of object 'Object Repository/Objects.HighlightElements/input_field_index' is: '143048769474'

2020-06-07 22:21:02 - [MESSAGE][PASSED] - Attribute 'value' of object 'Object Repository/Objects.HighlightElements/input_field_index' is: '143048769474'

2020-06-07 22:21:02 - [TEST_STEP][PASSED] - matchStr = regexPat.matcher(GetEnteredIntegers): null

2020-06-07 22:21:02 - [TEST_STEP][PASSED] - if (matchStr.matches() == true): Accepting Numeric

2020-06-07 22:21:02 - [TEST_STEP][PASSED] - comment("Accepting Numeric"): Accepting Numeric

2020-06-07 22:21:02 - [MESSAGE][INFO] - Accepting Numeric

2020-06-07 22:21:02 - [MESSAGE][PASSED] - Call Test Case 'Test Cases/PFI Precision and Scale/PFI Components with Indexing/NumericTextboxValidationIndex' successfully

2020-06-07 22:21:02 - [TEST_STEP][PASSED] - callTestCase(findTestCase("PFI Precision and Scale/PFI Components with Indexing/InvalidDateErrorValidationIndex"), ["FldNm":"orderDt", "index":1], STOP_ON_FAILURE): Call Test Case 'Test Cases/PFI Precision and Scale/PFI Components with Indexing/InvalidDateErrorValidationIndex' successfully

2020-06-07 22:21:02 - [TEST_CASE][PASSED] - Test Cases/PFI Precision and Scale/PFI Components with Indexing/InvalidDateErrorValidationIndex: Test Cases/PFI Precision and Scale/PFI Components with Indexing/InvalidDateErrorValidationIndex

2020-06-07 22:21:03 - [TEST_STEP][PASSED] - Thread.sleep(1000): null

2020-06-07 22:21:04 - [TEST_STEP][PASSED] - DateFieldNm = modifyObjectProperty(findTestObject("Object Repository/Objects.HighlightElements/input_field_index"), "xpath", "equals", "(//*[contains(@class,'x-form-text') and (@name='" + FldNm + "')])[" + index + "]", true): Modify property of object successfully

2020-06-07 22:21:04 - [MESSAGE][PASSED] - Modify property of object successfully

2020-06-07 22:21:04 - [TEST_STEP][PASSED] - focus(DateFieldNm): Object: 'Object Repository/Objects.HighlightElements/input_field_index' is focused

2020-06-07 22:21:05 - [MESSAGE][PASSED] - Object: 'Object Repository/Objects.HighlightElements/input_field_index' is focused

2020-06-07 22:21:05 - [TEST_STEP][PASSED] - getInputInvalidDate = getAttribute(DateFieldNm, "value"): Attribute 'value' of object 'Object Repository/Objects.HighlightElements/input_field_index' is: '143048769474'

2020-06-07 22:21:05 - [MESSAGE][PASSED] - Attribute 'value' of object 'Object Repository/Objects.HighlightElements/input_field_index' is: '143048769474'

2020-06-07 22:21:05 - [TEST_STEP][PASSED] - mouseOver(DateFieldNm): Object: 'Object Repository/Objects.HighlightElements/input_field_index' is hovered

2020-06-07 22:21:05 - [MESSAGE][PASSED] - Object: 'Object Repository/Objects.HighlightElements/input_field_index' is hovered

2020-06-07 22:21:05 - [TEST_STEP][PASSED] - getErrMsg = getAttribute(DateFieldNm, "data-errorqtip"): Attribute 'data-errorqtip' of object 'Object Repository/Objects.HighlightElements/input_field_index' is: '<ul class="x-list-plain"><li>143048769474 is not a valid date - it must be in the format d/m/Y</li></ul>'

2020-06-07 22:21:06 - [MESSAGE][PASSED] - Attribute 'data-errorqtip' of object 'Object Repository/Objects.HighlightElements/input_field_index' is: '<ul class="x-list-plain"><li>143048769474 is not a valid date - it must be in the format d/m/Y</li></ul>'

2020-06-07 22:21:06 - [TEST_STEP][PASSED] - getTotalLength = getErrMsg.length(): null

2020-06-07 22:21:06 - [TEST_STEP][PASSED] - RemoveULClass = getErrMsg.substring(29, getTotalLength): null

2020-06-07 22:21:06 - [TEST_STEP][PASSED] - LengthNoUlClass = RemoveULClass.length() - 10: null

2020-06-07 22:21:06 - [TEST_STEP][PASSED] - ToolTipInvErrMsg = RemoveULClass.substring(0, LengthNoUlClass): null

2020-06-07 22:21:06 - [TEST_STEP][PASSED] - ExpectedInvalidErrMsg = concatenate(getInputInvalidDate, " ", NotValidDt): Concatenated string array: '['143048769474',' ','is not a valid date - it must be in the format d/m/Y']' into '143048769474 is not a valid date - it must be in the format d/m/Y'

2020-06-07 22:21:06 - [MESSAGE][PASSED] - Concatenated string array: '['143048769474',' ','is not a valid date - it must be in the format d/m/Y']' into '143048769474 is not a valid date - it must be in the format d/m/Y'

2020-06-07 22:21:06 - [TEST_STEP][PASSED] - verifyMatch(ToolTipInvErrMsg, ExpectedInvalidErrMsg, true): Actual text '143048769474 is not a valid date - it must be in the format d/m/Y' and expected text '143048769474 is not a valid date - it must be in the format d/m/Y' are matched  using regular expression

2020-06-07 22:21:06 - [MESSAGE][PASSED] - Actual text '143048769474 is not a valid date - it must be in the format d/m/Y' and expected text '143048769474 is not a valid date - it must be in the format d/m/Y' are matched  using regular expression

2020-06-07 22:21:06 - [MESSAGE][PASSED] - Call Test Case 'Test Cases/PFI Precision and Scale/PFI Components with Indexing/InvalidDateErrorValidationIndex' successfully

2020-06-07 22:21:06 - [TEST_STEP][PASSED] - callTestCase(findTestCase("PFI Precision and Scale/PFI Components with Indexing/SelectDayInDatePickerWithIndexII"), ["FldNm":"orderDt", "SelectCurrentDay":11, "index":1, "idx":1], STOP_ON_FAILURE): Call Test Case 'Test Cases/PFI Precision and Scale/PFI Components with Indexing/SelectDayInDatePickerWithIndexII' successfully

2020-06-07 22:21:06 - [TEST_CASE][PASSED] - Test Cases/PFI Precision and Scale/PFI Components with Indexing/SelectDayInDatePickerWithIndexII: Test Cases/PFI Precision and Scale/PFI Components with Indexing/SelectDayInDatePickerWithIndexII

2020-06-07 22:21:06 - [TEST_STEP][PASSED] - Thread.sleep(1000): null

2020-06-07 22:21:07 - [TEST_STEP][PASSED] - DateInputFld = modifyObjectProperty(findTestObject("Objects.HighlightElements/input_field_index"), "xpath", "equals", "(//*[contains(@class,'x-form-text') and (@name='" + FldNm + "')])[" + idx + "]", true): Modify property of object successfully

2020-06-07 22:21:07 - [MESSAGE][PASSED] - Modify property of object successfully

2020-06-07 22:21:07 - [TEST_STEP][PASSED] - ModifiedDay = modifyObjectProperty(findTestObject("Objects.DateValidation/Page_ISPS2/Select_Day_Index"), "xpath", "equals", "(//*[contains(@class, 'x-datepicker-date') and (text() = '" + SelectCurrentDay + "')])[" + index + "]", true): Modify property of object successfully

2020-06-07 22:21:07 - [MESSAGE][PASSED] - Modify property of object successfully

2020-06-07 22:21:07 - [TEST_STEP][PASSED] - sendKeys(DateInputFld, Keys.chord(ARROW_DOWN)): Keys 'DOWN + ' sent to object: 'Object Repository/Objects.HighlightElements/input_field_index'

2020-06-07 22:21:08 - [MESSAGE][PASSED] - Keys 'DOWN + ' sent to object: 'Object Repository/Objects.HighlightElements/input_field_index'

2020-06-07 22:21:08 - [TEST_STEP][PASSED] - com.reusableComponents.HighlightElement.run(ModifiedDay): com.reusableComponents.HighlightElement.run is PASSED

2020-06-07 22:21:10 - [MESSAGE][PASSED] - com.reusableComponents.HighlightElement.run is PASSED

2020-06-07 22:21:10 - [TEST_STEP][PASSED] - delay(1): Delayed 1 second(s)

2020-06-07 22:21:11 - [MESSAGE][PASSED] - Delayed 1 second(s)

2020-06-07 22:21:11 - [TEST_STEP][PASSED] - click(ModifiedDay): Object: 'Object Repository/Objects.DateValidation/Page_ISPS2/Select_Day_Index' is clicked on

2020-06-07 22:21:12 - [MESSAGE][PASSED] - Object: 'Object Repository/Objects.DateValidation/Page_ISPS2/Select_Day_Index' is clicked on

2020-06-07 22:21:12 - [TEST_STEP][PASSED] - GetError = getAttribute(DateInputFld, "data-errorqtip"): Attribute 'data-errorqtip' of object 'Object Repository/Objects.HighlightElements/input_field_index' is: ''

2020-06-07 22:21:12 - [MESSAGE][PASSED] - Attribute 'data-errorqtip' of object 'Object Repository/Objects.HighlightElements/input_field_index' is: ''

2020-06-07 22:21:12 - [TEST_STEP][PASSED] - if (GetError == ""): Date Format is valid

2020-06-07 22:21:12 - [TEST_STEP][PASSED] - GetEnteredDate = getAttribute(DateInputFld, "value"): Attribute 'value' of object 'Object Repository/Objects.HighlightElements/input_field_index' is: '11/06/2020'

2020-06-07 22:21:12 - [MESSAGE][PASSED] - Attribute 'value' of object 'Object Repository/Objects.HighlightElements/input_field_index' is: '11/06/2020'

2020-06-07 22:21:12 - [TEST_STEP][PASSED] - DatePattern = Pattern.compile("^(1[0-2]|0[1-9])/(3[01]|[12][0-9]|0[1-9])/[0-9]{4}$"): null

2020-06-07 22:21:12 - [TEST_STEP][PASSED] - VerifyDateFormat = DatePattern.matcher(GetEnteredDate): null

2020-06-07 22:21:12 - [TEST_STEP][PASSED] - if (VerifyDateFormat.matches() == true): Date Format is valid

2020-06-07 22:21:12 - [TEST_STEP][PASSED] - comment("Date Format is valid"): Date Format is valid

2020-06-07 22:21:12 - [MESSAGE][INFO] - Date Format is valid

2020-06-07 22:21:12 - [MESSAGE][PASSED] - Call Test Case 'Test Cases/PFI Precision and Scale/PFI Components with Indexing/SelectDayInDatePickerWithIndexII' successfully

2020-06-07 22:21:12 - [TEST_STEP][PASSED] - callTestCase(findTestCase("PFI Precision and Scale/PFI Components with Indexing/SelectTodayInDatePickerIndex"), ["FldNm":"orderDt", "index":1, "idx":1], STOP_ON_FAILURE): Call Test Case 'Test Cases/PFI Precision and Scale/PFI Components with Indexing/SelectTodayInDatePickerIndex' successfully

2020-06-07 22:21:12 - [TEST_CASE][PASSED] - Test Cases/PFI Precision and Scale/PFI Components with Indexing/SelectTodayInDatePickerIndex: Test Cases/PFI Precision and Scale/PFI Components with Indexing/SelectTodayInDatePickerIndex

2020-06-07 22:21:12 - [TEST_STEP][PASSED] - Thread.sleep(1000): null

2020-06-07 22:21:13 - [TEST_STEP][PASSED] - date = new java.util.Date(): null

2020-06-07 22:21:13 - [TEST_STEP][PASSED] - CurrentDate = new java.text.SimpleDateFormat(dd/MM/yyyy): null

2020-06-07 22:21:13 - [TEST_STEP][PASSED] - TodayDate = CurrentDate.format(date): null

2020-06-07 22:21:13 - [TEST_STEP][PASSED] - DateFieldNm = modifyObjectProperty(findTestObject("Objects.HighlightElements/input_field_index"), "xpath", "equals", "(//*[contains(@class,'x-form-text') and (@name='" + FldNm + "')])[" + idx + "]", true): Modify property of object successfully

2020-06-07 22:21:14 - [MESSAGE][PASSED] - Modify property of object successfully

2020-06-07 22:21:14 - [TEST_STEP][PASSED] - TodayBtn = modifyObjectProperty(findTestObject("Object Repository/Objects.DateValidation/Page_ISPS2/a_Today"), "xpath", "equals", "(//*[text() = 'Today'])[" + index + "]", true): Modify property of object successfully

2020-06-07 22:21:14 - [MESSAGE][PASSED] - Modify property of object successfully

2020-06-07 22:21:14 - [TEST_STEP][PASSED] - sendKeys(DateFieldNm, Keys.chord(ARROW_DOWN)): Keys 'DOWN + ' sent to object: 'Object Repository/Objects.HighlightElements/input_field_index'

2020-06-07 22:21:14 - [MESSAGE][PASSED] - Keys 'DOWN + ' sent to object: 'Object Repository/Objects.HighlightElements/input_field_index'

2020-06-07 22:21:14 - [TEST_STEP][PASSED] - com.reusableComponents.HighlightElement.run(TodayBtn): com.reusableComponents.HighlightElement.run is PASSED

2020-06-07 22:21:17 - [MESSAGE][PASSED] - com.reusableComponents.HighlightElement.run is PASSED

2020-06-07 22:21:17 - [TEST_STEP][PASSED] - click(TodayBtn): Object: 'Object Repository/Objects.DateValidation/Page_ISPS2/a_Today' is clicked on

2020-06-07 22:21:17 - [MESSAGE][PASSED] - Object: 'Object Repository/Objects.DateValidation/Page_ISPS2/a_Today' is clicked on

2020-06-07 22:21:17 - [TEST_STEP][PASSED] - GetEnteredDate = getAttribute(DateFieldNm, "value"): Attribute 'value' of object 'Object Repository/Objects.HighlightElements/input_field_index' is: '07/06/2020'

2020-06-07 22:21:18 - [MESSAGE][PASSED] - Attribute 'value' of object 'Object Repository/Objects.HighlightElements/input_field_index' is: '07/06/2020'

2020-06-07 22:21:18 - [TEST_STEP][PASSED] - verifyMatch(GetEnteredDate, TodayDate, true): Actual text '07/06/2020' and expected text '07/06/2020' are matched  using regular expression

2020-06-07 22:21:18 - [MESSAGE][PASSED] - Actual text '07/06/2020' and expected text '07/06/2020' are matched  using regular expression

2020-06-07 22:21:18 - [MESSAGE][PASSED] - Call Test Case 'Test Cases/PFI Precision and Scale/PFI Components with Indexing/SelectTodayInDatePickerIndex' successfully

2020-06-07 22:21:18 - [TEST_STEP][PASSED] - callTestCase(findTestCase("Components/SelectAllThenDeleteXPI"), ["nameToBeUsed":"orderDt", "index":1], STOP_ON_FAILURE): Call Test Case 'Test Cases/Components/SelectAllThenDeleteXPI' successfully

2020-06-07 22:21:18 - [TEST_CASE][PASSED] - Test Cases/Components/SelectAllThenDeleteXPI: Test Cases/Components/SelectAllThenDeleteXPI

2020-06-07 22:21:18 - [TEST_STEP][PASSED] - Thread.sleep(1000): null

2020-06-07 22:21:19 - [TEST_STEP][PASSED] - modifiedObj = modifyObjectProperty(findTestObject("Object Repository/Objects.HighlightElements/input_field_index"), "xpath", "equals", "(//*[contains(@name,'" + nameToBeUsed + "')])[" + index + "]", true): Modify property of object successfully

2020-06-07 22:21:19 - [MESSAGE][PASSED] - Modify property of object successfully

2020-06-07 22:21:19 - [TEST_STEP][PASSED] - focus(modifiedObj): Object: 'Object Repository/Objects.HighlightElements/input_field_index' is focused

2020-06-07 22:21:20 - [MESSAGE][PASSED] - Object: 'Object Repository/Objects.HighlightElements/input_field_index' is focused

2020-06-07 22:21:20 - [TEST_STEP][PASSED] - sendKeys(modifiedObj, Keys.chord(CONTROL, "a")): Keys 'CONTROL + a' sent to object: 'Object Repository/Objects.HighlightElements/input_field_index'

2020-06-07 22:21:21 - [MESSAGE][PASSED] - Keys 'CONTROL + a' sent to object: 'Object Repository/Objects.HighlightElements/input_field_index'

2020-06-07 22:21:21 - [TEST_STEP][PASSED] - sendKeys(modifiedObj, Keys.chord(DELETE)): Keys 'DELETE + ' sent to object: 'Object Repository/Objects.HighlightElements/input_field_index'

2020-06-07 22:21:21 - [MESSAGE][PASSED] - Keys 'DELETE + ' sent to object: 'Object Repository/Objects.HighlightElements/input_field_index'

2020-06-07 22:21:21 - [MESSAGE][PASSED] - Call Test Case 'Test Cases/Components/SelectAllThenDeleteXPI' successfully

2020-06-07 22:21:21 - [TEST_STEP][PASSED] - callTestCase(findTestCase("PFI Precision and Scale/PFI Components with Indexing/RequiredFieldValidationXPI"), ["nameToBeUsed":"orderDt", "index":1], STOP_ON_FAILURE): Call Test Case 'Test Cases/PFI Precision and Scale/PFI Components with Indexing/RequiredFieldValidationXPI' successfully

2020-06-07 22:21:21 - [TEST_CASE][PASSED] - Test Cases/PFI Precision and Scale/PFI Components with Indexing/RequiredFieldValidationXPI: Test Cases/PFI Precision and Scale/PFI Components with Indexing/RequiredFieldValidationXPI

2020-06-07 22:21:21 - [TEST_STEP][PASSED] - enableSmartWait(): null

2020-06-07 22:21:21 - [TEST_STEP][PASSED] - NewInputNmField = modifyObjectProperty(findTestObject("Objects.HighlightElements/input_field_index"), "xpath", "equals", "(//*[contains(@name,'" + nameToBeUsed + "')])[" + index + "]", true): Modify property of object successfully

2020-06-07 22:21:21 - [MESSAGE][PASSED] - Modify property of object successfully

2020-06-07 22:21:21 - [TEST_STEP][PASSED] - mouseOver(NewInputNmField): Object: 'Object Repository/Objects.HighlightElements/input_field_index' is hovered

2020-06-07 22:21:22 - [MESSAGE][PASSED] - Object: 'Object Repository/Objects.HighlightElements/input_field_index' is hovered

2020-06-07 22:21:22 - [TEST_STEP][PASSED] - getRqErrMsg = getAttribute(NewInputNmField, "data-errorqtip"): Attribute 'data-errorqtip' of object 'Object Repository/Objects.HighlightElements/input_field_index' is: '<ul class="x-list-plain"><li>This field is required</li></ul>'

2020-06-07 22:21:22 - [MESSAGE][PASSED] - Attribute 'data-errorqtip' of object 'Object Repository/Objects.HighlightElements/input_field_index' is: '<ul class="x-list-plain"><li>This field is required</li></ul>'

2020-06-07 22:21:22 - [TEST_STEP][PASSED] - strToolTip = getRqErrMsg.substring(29, 61): null

2020-06-07 22:21:22 - [TEST_STEP][PASSED] - toolTipReqErrMsg = strToolTip.substring(0, 22): null

2020-06-07 22:21:22 - [TEST_STEP][PASSED] - verifyMatch(toolTipReqErrMsg, RqField, true): Actual text 'This field is required' and expected text 'This field is required' are matched  using regular expression

2020-06-07 22:21:22 - [MESSAGE][PASSED] - Actual text 'This field is required' and expected text 'This field is required' are matched  using regular expression

2020-06-07 22:21:22 - [MESSAGE][PASSED] - Call Test Case 'Test Cases/PFI Precision and Scale/PFI Components with Indexing/RequiredFieldValidationXPI' successfully

2020-06-07 22:21:22 - [TEST_STEP][PASSED] - callTestCase(findTestCase("Components/HighlightLabelFieldXPI"), ["LblName":"Complaint Officer", "index":1], STOP_ON_FAILURE): Call Test Case 'Test Cases/Components/HighlightLabelFieldXPI' successfully

2020-06-07 22:21:22 - [TEST_CASE][PASSED] - Test Cases/Components/HighlightLabelFieldXPI: Test Cases/Components/HighlightLabelFieldXPI

2020-06-07 22:21:22 - [TEST_STEP][PASSED] - Thread.sleep(1000): null

2020-06-07 22:21:23 - [TEST_STEP][PASSED] - modifiedLblNm = modifyObjectProperty(findTestObject("Object Repository/Objects.HighlightElements/lblField_index"), "xpath", "equals", "(//*[contains(@class, 'x-form-item-label-inner x-form-item-label-inner-default') and contains(., '" + LblName + "')])[" + index + "]", true): Modify property of object successfully

2020-06-07 22:21:24 - [MESSAGE][PASSED] - Modify property of object successfully

2020-06-07 22:21:24 - [TEST_STEP][PASSED] - com.reusableComponents.HighlightElement.run(modifiedLblNm): com.reusableComponents.HighlightElement.run is PASSED

2020-06-07 22:21:26 - [MESSAGE][PASSED] - com.reusableComponents.HighlightElement.run is PASSED

2020-06-07 22:21:26 - [MESSAGE][PASSED] - Call Test Case 'Test Cases/Components/HighlightLabelFieldXPI' successfully

2020-06-07 22:21:26 - [TEST_STEP][PASSED] - callTestCase(findTestCase("Components/HighlightInputFieldXPI"), ["FldNm":"complaintOfficer", "index":1], STOP_ON_FAILURE): Call Test Case 'Test Cases/Components/HighlightInputFieldXPI' successfully

2020-06-07 22:21:26 - [TEST_CASE][PASSED] - Test Cases/Components/HighlightInputFieldXPI: Test Cases/Components/HighlightInputFieldXPI

2020-06-07 22:21:26 - [TEST_STEP][PASSED] - Thread.sleep(1000): null

2020-06-07 22:21:27 - [TEST_STEP][PASSED] - modifiedInputNm = modifyObjectProperty(findTestObject("Object Repository/Objects.HighlightElements/input_field_index"), "xpath", "equals", "(//*[contains(@name, '" + FldNm + "')])[" + index + "]", true): Modify property of object successfully

2020-06-07 22:21:27 - [MESSAGE][PASSED] - Modify property of object successfully

2020-06-07 22:21:27 - [TEST_STEP][PASSED] - com.reusableComponents.HighlightElement.run(modifiedInputNm): com.reusableComponents.HighlightElement.run is PASSED

2020-06-07 22:21:29 - [MESSAGE][PASSED] - com.reusableComponents.HighlightElement.run is PASSED

2020-06-07 22:21:29 - [MESSAGE][PASSED] - Call Test Case 'Test Cases/Components/HighlightInputFieldXPI' successfully

2020-06-07 22:21:29 - [TEST_STEP][PASSED] - callTestCase(findTestCase("PFI Precision and Scale/PFI Components with Indexing/VerifyDropdownValuesXPI"), ["FldNm":"complaintOfficer", "index":1, "CallTCName":"PFI Precision and Scale/HashMap Tables/OfficerLists", "cmbNm":"", "NoOfVal":1, ... ], STOP_ON_FAILURE): Call Test Case 'Test Cases/PFI Precision and Scale/PFI Components with Indexing/VerifyDropdownValuesXPI' successfully

2020-06-07 22:21:29 - [TEST_CASE][PASSED] - Test Cases/PFI Precision and Scale/PFI Components with Indexing/VerifyDropdownValuesXPI: Test Cases/PFI Precision and Scale/PFI Components with Indexing/VerifyDropdownValuesXPI

2020-06-07 22:21:29 - [TEST_STEP][PASSED] - Thread.sleep(1000): null

2020-06-07 22:21:30 - [TEST_STEP][PASSED] - NewInputNmField = modifyObjectProperty(findTestObject("Object Repository/Objects.HighlightElements/input_field_index"), "xpath", "equals", "(//*[contains(@name, '" + FldNm + "')])[" + index + "]", true): Modify property of object successfully

2020-06-07 22:21:30 - [MESSAGE][PASSED] - Modify property of object successfully

2020-06-07 22:21:30 - [TEST_STEP][PASSED] - comboNm = cmbNm: null

2020-06-07 22:21:30 - [TEST_STEP][PASSED] - focus(NewInputNmField): Object: 'Object Repository/Objects.HighlightElements/input_field_index' is focused

2020-06-07 22:21:31 - [MESSAGE][PASSED] - Object: 'Object Repository/Objects.HighlightElements/input_field_index' is focused

2020-06-07 22:21:31 - [TEST_STEP][PASSED] - setText(NewInputNmField, EnterValue): Text 'invalid' is set on object 'Object Repository/Objects.HighlightElements/input_field_index'

2020-06-07 22:21:32 - [MESSAGE][PASSED] - Text 'invalid' is set on object 'Object Repository/Objects.HighlightElements/input_field_index'

2020-06-07 22:21:32 - [TEST_STEP][PASSED] - for ([i = 1, i <= NoOfVal, (i++)]): Keys 'DOWN + ' sent to object: 'Object Repository/Objects.HighlightElements/input_field_index'

2020-06-07 22:21:32 - [TEST_STEP][PASSED] - sendKeys(NewInputNmField, Keys.chord(ARROW_DOWN)): Keys 'DOWN + ' sent to object: 'Object Repository/Objects.HighlightElements/input_field_index'

2020-06-07 22:21:33 - [MESSAGE][PASSED] - Keys 'DOWN + ' sent to object: 'Object Repository/Objects.HighlightElements/input_field_index'

2020-06-07 22:21:33 - [TEST_STEP][PASSED] - delay(DelayTime): Delayed 2 second(s)

2020-06-07 22:21:35 - [MESSAGE][PASSED] - Delayed 2 second(s)

2020-06-07 22:21:35 - [TEST_STEP][PASSED] - sendKeys(NewInputNmField, Keys.chord(ENTER)): Keys 'ENTER + ' sent to object: 'Object Repository/Objects.HighlightElements/input_field_index'

2020-06-07 22:21:36 - [MESSAGE][PASSED] - Keys 'ENTER + ' sent to object: 'Object Repository/Objects.HighlightElements/input_field_index'

2020-06-07 22:21:36 - [TEST_STEP][PASSED] - ComboBoxValue = getAttribute(NewInputNmField, "value"): Attribute 'value' of object 'Object Repository/Objects.HighlightElements/input_field_index' is: 'invalid'

2020-06-07 22:21:36 - [MESSAGE][PASSED] - Attribute 'value' of object 'Object Repository/Objects.HighlightElements/input_field_index' is: 'invalid'

2020-06-07 22:21:36 - [TEST_STEP][PASSED] - callTestCase(findTestCase(CallTCName), ["FindValue":ComboBoxValue, "DropdownNm":comboNm], STOP_ON_FAILURE): Call Test Case 'Test Cases/PFI Precision and Scale/HashMap Tables/OfficerLists' successfully

2020-06-07 22:21:36 - [TEST_CASE][PASSED] - Test Cases/PFI Precision and Scale/HashMap Tables/OfficerLists: Test Cases/PFI Precision and Scale/HashMap Tables/OfficerLists

2020-06-07 22:21:36 - [TEST_STEP][PASSED] - Thread.sleep(1000): null

2020-06-07 22:21:37 - [TEST_STEP][PASSED] - OfficerLists = [1:"Aaron Sham Wai Lun (AARON)", 2:"Azidah Bte Akmad (Mdm) (USAABD)", 3:"Chung Fong Nyen (USACFN)", 4:"David Tey Dah Wei (DAHWEI)", ... ]: null

2020-06-07 22:21:37 - [TEST_STEP][PASSED] - ValueFound = OfficerLists.find({ -> ... }): null

2020-06-07 22:21:37 - [MESSAGE][PASSED] - Call Test Case 'Test Cases/PFI Precision and Scale/HashMap Tables/OfficerLists' successfully

2020-06-07 22:21:37 - [TEST_STEP][PASSED] - println(ValueFound): null

2020-06-07 22:21:37 - [TEST_STEP][PASSED] - sendKeys(NewInputNmField, Keys.chord(ARROW_DOWN)): Keys 'DOWN + ' sent to object: 'Object Repository/Objects.HighlightElements/input_field_index'

2020-06-07 22:21:38 - [MESSAGE][PASSED] - Keys 'DOWN + ' sent to object: 'Object Repository/Objects.HighlightElements/input_field_index'

2020-06-07 22:21:38 - [TEST_STEP][PASSED] - sendKeys(NewInputNmField, Keys.chord(ENTER)): Keys 'ENTER + ' sent to object: 'Object Repository/Objects.HighlightElements/input_field_index'

2020-06-07 22:21:39 - [MESSAGE][PASSED] - Keys 'ENTER + ' sent to object: 'Object Repository/Objects.HighlightElements/input_field_index'

2020-06-07 22:21:39 - [MESSAGE][PASSED] - Call Test Case 'Test Cases/PFI Precision and Scale/PFI Components with Indexing/VerifyDropdownValuesXPI' successfully

2020-06-07 22:21:39 - [TEST_STEP][PASSED] - callTestCase(findTestCase("Components/SelectAllThenDeleteXPI"), ["nameToBeUsed":"complaintOfficer", "index":1], STOP_ON_FAILURE): Call Test Case 'Test Cases/Components/SelectAllThenDeleteXPI' successfully

2020-06-07 22:21:39 - [TEST_CASE][PASSED] - Test Cases/Components/SelectAllThenDeleteXPI: Test Cases/Components/SelectAllThenDeleteXPI

2020-06-07 22:21:39 - [TEST_STEP][PASSED] - Thread.sleep(1000): null

2020-06-07 22:21:40 - [TEST_STEP][PASSED] - modifiedObj = modifyObjectProperty(findTestObject("Object Repository/Objects.HighlightElements/input_field_index"), "xpath", "equals", "(//*[contains(@name,'" + nameToBeUsed + "')])[" + index + "]", true): Modify property of object successfully

2020-06-07 22:21:40 - [MESSAGE][PASSED] - Modify property of object successfully

2020-06-07 22:21:40 - [TEST_STEP][PASSED] - focus(modifiedObj): Object: 'Object Repository/Objects.HighlightElements/input_field_index' is focused

2020-06-07 22:21:40 - [MESSAGE][PASSED] - Object: 'Object Repository/Objects.HighlightElements/input_field_index' is focused

2020-06-07 22:21:40 - [TEST_STEP][PASSED] - sendKeys(modifiedObj, Keys.chord(CONTROL, "a")): Keys 'CONTROL + a' sent to object: 'Object Repository/Objects.HighlightElements/input_field_index'

2020-06-07 22:21:41 - [MESSAGE][PASSED] - Keys 'CONTROL + a' sent to object: 'Object Repository/Objects.HighlightElements/input_field_index'

2020-06-07 22:21:41 - [TEST_STEP][PASSED] - sendKeys(modifiedObj, Keys.chord(DELETE)): Keys 'DELETE + ' sent to object: 'Object Repository/Objects.HighlightElements/input_field_index'

2020-06-07 22:21:41 - [MESSAGE][PASSED] - Keys 'DELETE + ' sent to object: 'Object Repository/Objects.HighlightElements/input_field_index'

2020-06-07 22:21:41 - [MESSAGE][PASSED] - Call Test Case 'Test Cases/Components/SelectAllThenDeleteXPI' successfully

2020-06-07 22:21:41 - [TEST_STEP][PASSED] - callTestCase(findTestCase("PFI Precision and Scale/PFI Components with Indexing/VerifyDropdownValuesXPI"), ["FldNm":"complaintOfficer", "index":1, "CallTCName":"PFI Precision and Scale/HashMap Tables/OfficerLists", "cmbNm":"", "NoOfVal":1, ... ], STOP_ON_FAILURE): Call Test Case 'Test Cases/PFI Precision and Scale/PFI Components with Indexing/VerifyDropdownValuesXPI' successfully

2020-06-07 22:21:41 - [TEST_CASE][PASSED] - Test Cases/PFI Precision and Scale/PFI Components with Indexing/VerifyDropdownValuesXPI: Test Cases/PFI Precision and Scale/PFI Components with Indexing/VerifyDropdownValuesXPI

2020-06-07 22:21:41 - [TEST_STEP][PASSED] - Thread.sleep(1000): null

2020-06-07 22:21:42 - [TEST_STEP][PASSED] - NewInputNmField = modifyObjectProperty(findTestObject("Object Repository/Objects.HighlightElements/input_field_index"), "xpath", "equals", "(//*[contains(@name, '" + FldNm + "')])[" + index + "]", true): Modify property of object successfully

2020-06-07 22:21:42 - [MESSAGE][PASSED] - Modify property of object successfully

2020-06-07 22:21:42 - [TEST_STEP][PASSED] - comboNm = cmbNm: null

2020-06-07 22:21:42 - [TEST_STEP][PASSED] - focus(NewInputNmField): Object: 'Object Repository/Objects.HighlightElements/input_field_index' is focused

2020-06-07 22:21:43 - [MESSAGE][PASSED] - Object: 'Object Repository/Objects.HighlightElements/input_field_index' is focused

2020-06-07 22:21:43 - [TEST_STEP][PASSED] - setText(NewInputNmField, EnterValue): Text 'AARON' is set on object 'Object Repository/Objects.HighlightElements/input_field_index'

2020-06-07 22:21:44 - [MESSAGE][PASSED] - Text 'AARON' is set on object 'Object Repository/Objects.HighlightElements/input_field_index'

2020-06-07 22:21:44 - [TEST_STEP][PASSED] - for ([i = 1, i <= NoOfVal, (i++)]): Keys 'DOWN + ' sent to object: 'Object Repository/Objects.HighlightElements/input_field_index'

2020-06-07 22:21:44 - [TEST_STEP][PASSED] - sendKeys(NewInputNmField, Keys.chord(ARROW_DOWN)): Keys 'DOWN + ' sent to object: 'Object Repository/Objects.HighlightElements/input_field_index'

2020-06-07 22:21:45 - [MESSAGE][PASSED] - Keys 'DOWN + ' sent to object: 'Object Repository/Objects.HighlightElements/input_field_index'

2020-06-07 22:21:45 - [TEST_STEP][PASSED] - delay(DelayTime): Delayed 2 second(s)

2020-06-07 22:21:47 - [MESSAGE][PASSED] - Delayed 2 second(s)

2020-06-07 22:21:47 - [TEST_STEP][PASSED] - sendKeys(NewInputNmField, Keys.chord(ENTER)): Keys 'ENTER + ' sent to object: 'Object Repository/Objects.HighlightElements/input_field_index'

2020-06-07 22:21:47 - [MESSAGE][PASSED] - Keys 'ENTER + ' sent to object: 'Object Repository/Objects.HighlightElements/input_field_index'

2020-06-07 22:21:47 - [TEST_STEP][PASSED] - ComboBoxValue = getAttribute(NewInputNmField, "value"): Attribute 'value' of object 'Object Repository/Objects.HighlightElements/input_field_index' is: 'Aaron Sham Wai Lun (AARON)'

2020-06-07 22:21:47 - [MESSAGE][PASSED] - Attribute 'value' of object 'Object Repository/Objects.HighlightElements/input_field_index' is: 'Aaron Sham Wai Lun (AARON)'

2020-06-07 22:21:47 - [TEST_STEP][PASSED] - callTestCase(findTestCase(CallTCName), ["FindValue":ComboBoxValue, "DropdownNm":comboNm], STOP_ON_FAILURE): Call Test Case 'Test Cases/PFI Precision and Scale/HashMap Tables/OfficerLists' successfully

2020-06-07 22:21:47 - [TEST_CASE][PASSED] - Test Cases/PFI Precision and Scale/HashMap Tables/OfficerLists: Test Cases/PFI Precision and Scale/HashMap Tables/OfficerLists

2020-06-07 22:21:48 - [TEST_STEP][PASSED] - Thread.sleep(1000): null

2020-06-07 22:21:49 - [TEST_STEP][PASSED] - OfficerLists = [1:"Aaron Sham Wai Lun (AARON)", 2:"Azidah Bte Akmad (Mdm) (USAABD)", 3:"Chung Fong Nyen (USACFN)", 4:"David Tey Dah Wei (DAHWEI)", ... ]: null

2020-06-07 22:21:49 - [TEST_STEP][PASSED] - ValueFound = OfficerLists.find({ -> ... }): null

2020-06-07 22:21:49 - [MESSAGE][PASSED] - Call Test Case 'Test Cases/PFI Precision and Scale/HashMap Tables/OfficerLists' successfully

2020-06-07 22:21:49 - [TEST_STEP][PASSED] - println(ValueFound): null

2020-06-07 22:21:49 - [TEST_STEP][PASSED] - sendKeys(NewInputNmField, Keys.chord(ARROW_DOWN)): Keys 'DOWN + ' sent to object: 'Object Repository/Objects.HighlightElements/input_field_index'

2020-06-07 22:21:49 - [MESSAGE][PASSED] - Keys 'DOWN + ' sent to object: 'Object Repository/Objects.HighlightElements/input_field_index'

2020-06-07 22:21:49 - [TEST_STEP][PASSED] - sendKeys(NewInputNmField, Keys.chord(ENTER)): Keys 'ENTER + ' sent to object: 'Object Repository/Objects.HighlightElements/input_field_index'

2020-06-07 22:21:50 - [MESSAGE][PASSED] - Keys 'ENTER + ' sent to object: 'Object Repository/Objects.HighlightElements/input_field_index'

2020-06-07 22:21:50 - [MESSAGE][PASSED] - Call Test Case 'Test Cases/PFI Precision and Scale/PFI Components with Indexing/VerifyDropdownValuesXPI' successfully

2020-06-07 22:21:50 - [TEST_STEP][PASSED] - callTestCase(findTestCase("Components/SelectAllThenDeleteXPI"), ["nameToBeUsed":"complaintOfficer", "index":1], STOP_ON_FAILURE): Call Test Case 'Test Cases/Components/SelectAllThenDeleteXPI' successfully

2020-06-07 22:21:50 - [TEST_CASE][PASSED] - Test Cases/Components/SelectAllThenDeleteXPI: Test Cases/Components/SelectAllThenDeleteXPI

2020-06-07 22:21:50 - [TEST_STEP][PASSED] - Thread.sleep(1000): null

2020-06-07 22:21:51 - [TEST_STEP][PASSED] - modifiedObj = modifyObjectProperty(findTestObject("Object Repository/Objects.HighlightElements/input_field_index"), "xpath", "equals", "(//*[contains(@name,'" + nameToBeUsed + "')])[" + index + "]", true): Modify property of object successfully

2020-06-07 22:21:51 - [MESSAGE][PASSED] - Modify property of object successfully

2020-06-07 22:21:51 - [TEST_STEP][PASSED] - focus(modifiedObj): Object: 'Object Repository/Objects.HighlightElements/input_field_index' is focused

2020-06-07 22:21:51 - [MESSAGE][PASSED] - Object: 'Object Repository/Objects.HighlightElements/input_field_index' is focused

2020-06-07 22:21:51 - [TEST_STEP][PASSED] - sendKeys(modifiedObj, Keys.chord(CONTROL, "a")): Keys 'CONTROL + a' sent to object: 'Object Repository/Objects.HighlightElements/input_field_index'

2020-06-07 22:21:52 - [MESSAGE][PASSED] - Keys 'CONTROL + a' sent to object: 'Object Repository/Objects.HighlightElements/input_field_index'

2020-06-07 22:21:52 - [TEST_STEP][PASSED] - sendKeys(modifiedObj, Keys.chord(DELETE)): Keys 'DELETE + ' sent to object: 'Object Repository/Objects.HighlightElements/input_field_index'

2020-06-07 22:21:52 - [MESSAGE][PASSED] - Keys 'DELETE + ' sent to object: 'Object Repository/Objects.HighlightElements/input_field_index'

2020-06-07 22:21:52 - [MESSAGE][PASSED] - Call Test Case 'Test Cases/Components/SelectAllThenDeleteXPI' successfully

2020-06-07 22:21:52 - [TEST_STEP][PASSED] - callTestCase(findTestCase("PFI Precision and Scale/PFI Components with Indexing/VerifyDropdownValuesXPI"), ["FldNm":"complaintOfficer", "index":1, "CallTCName":"PFI Precision and Scale/HashMap Tables/OfficerLists", "cmbNm":"", "NoOfVal":1, ... ], STOP_ON_FAILURE): Call Test Case 'Test Cases/PFI Precision and Scale/PFI Components with Indexing/VerifyDropdownValuesXPI' successfully

2020-06-07 22:21:52 - [TEST_CASE][PASSED] - Test Cases/PFI Precision and Scale/PFI Components with Indexing/VerifyDropdownValuesXPI: Test Cases/PFI Precision and Scale/PFI Components with Indexing/VerifyDropdownValuesXPI

2020-06-07 22:21:52 - [TEST_STEP][PASSED] - Thread.sleep(1000): null

2020-06-07 22:21:53 - [TEST_STEP][PASSED] - NewInputNmField = modifyObjectProperty(findTestObject("Object Repository/Objects.HighlightElements/input_field_index"), "xpath", "equals", "(//*[contains(@name, '" + FldNm + "')])[" + index + "]", true): Modify property of object successfully

2020-06-07 22:21:53 - [MESSAGE][PASSED] - Modify property of object successfully

2020-06-07 22:21:53 - [TEST_STEP][PASSED] - comboNm = cmbNm: null

2020-06-07 22:21:53 - [TEST_STEP][PASSED] - focus(NewInputNmField): Object: 'Object Repository/Objects.HighlightElements/input_field_index' is focused

2020-06-07 22:21:54 - [MESSAGE][PASSED] - Object: 'Object Repository/Objects.HighlightElements/input_field_index' is focused

2020-06-07 22:21:54 - [TEST_STEP][PASSED] - setText(NewInputNmField, EnterValue): Text 'Christopher ANG' is set on object 'Object Repository/Objects.HighlightElements/input_field_index'

2020-06-07 22:21:56 - [MESSAGE][PASSED] - Text 'Christopher ANG' is set on object 'Object Repository/Objects.HighlightElements/input_field_index'

2020-06-07 22:21:56 - [TEST_STEP][PASSED] - for ([i = 1, i <= NoOfVal, (i++)]): Keys 'DOWN + ' sent to object: 'Object Repository/Objects.HighlightElements/input_field_index'

2020-06-07 22:21:56 - [TEST_STEP][PASSED] - sendKeys(NewInputNmField, Keys.chord(ARROW_DOWN)): Keys 'DOWN + ' sent to object: 'Object Repository/Objects.HighlightElements/input_field_index'

2020-06-07 22:21:56 - [MESSAGE][PASSED] - Keys 'DOWN + ' sent to object: 'Object Repository/Objects.HighlightElements/input_field_index'

2020-06-07 22:21:56 - [TEST_STEP][PASSED] - delay(DelayTime): Delayed 2 second(s)

2020-06-07 22:21:58 - [MESSAGE][PASSED] - Delayed 2 second(s)

2020-06-07 22:21:58 - [TEST_STEP][PASSED] - sendKeys(NewInputNmField, Keys.chord(ENTER)): Keys 'ENTER + ' sent to object: 'Object Repository/Objects.HighlightElements/input_field_index'

2020-06-07 22:21:59 - [MESSAGE][PASSED] - Keys 'ENTER + ' sent to object: 'Object Repository/Objects.HighlightElements/input_field_index'

2020-06-07 22:21:59 - [TEST_STEP][PASSED] - ComboBoxValue = getAttribute(NewInputNmField, "value"): Attribute 'value' of object 'Object Repository/Objects.HighlightElements/input_field_index' is: 'Christopher ANG'

2020-06-07 22:21:59 - [MESSAGE][PASSED] - Attribute 'value' of object 'Object Repository/Objects.HighlightElements/input_field_index' is: 'Christopher ANG'

2020-06-07 22:21:59 - [TEST_STEP][PASSED] - callTestCase(findTestCase(CallTCName), ["FindValue":ComboBoxValue, "DropdownNm":comboNm], STOP_ON_FAILURE): Call Test Case 'Test Cases/PFI Precision and Scale/HashMap Tables/OfficerLists' successfully

2020-06-07 22:21:59 - [TEST_CASE][PASSED] - Test Cases/PFI Precision and Scale/HashMap Tables/OfficerLists: Test Cases/PFI Precision and Scale/HashMap Tables/OfficerLists

2020-06-07 22:21:59 - [TEST_STEP][PASSED] - Thread.sleep(1000): null

2020-06-07 22:22:00 - [TEST_STEP][PASSED] - OfficerLists = [1:"Aaron Sham Wai Lun (AARON)", 2:"Azidah Bte Akmad (Mdm) (USAABD)", 3:"Chung Fong Nyen (USACFN)", 4:"David Tey Dah Wei (DAHWEI)", ... ]: null

2020-06-07 22:22:00 - [TEST_STEP][PASSED] - ValueFound = OfficerLists.find({ -> ... }): null

2020-06-07 22:22:00 - [MESSAGE][PASSED] - Call Test Case 'Test Cases/PFI Precision and Scale/HashMap Tables/OfficerLists' successfully

2020-06-07 22:22:00 - [TEST_STEP][PASSED] - println(ValueFound): null

2020-06-07 22:22:00 - [TEST_STEP][PASSED] - sendKeys(NewInputNmField, Keys.chord(ARROW_DOWN)): Keys 'DOWN + ' sent to object: 'Object Repository/Objects.HighlightElements/input_field_index'

2020-06-07 22:22:01 - [MESSAGE][PASSED] - Keys 'DOWN + ' sent to object: 'Object Repository/Objects.HighlightElements/input_field_index'

2020-06-07 22:22:01 - [TEST_STEP][PASSED] - sendKeys(NewInputNmField, Keys.chord(ENTER)): Keys 'ENTER + ' sent to object: 'Object Repository/Objects.HighlightElements/input_field_index'

2020-06-07 22:22:02 - [MESSAGE][PASSED] - Keys 'ENTER + ' sent to object: 'Object Repository/Objects.HighlightElements/input_field_index'

2020-06-07 22:22:02 - [MESSAGE][PASSED] - Call Test Case 'Test Cases/PFI Precision and Scale/PFI Components with Indexing/VerifyDropdownValuesXPI' successfully

2020-06-07 22:22:02 - [TEST_STEP][PASSED] - callTestCase(findTestCase("Components/SelectAllThenDeleteXPI"), ["nameToBeUsed":"complaintOfficer", "index":1], STOP_ON_FAILURE): Call Test Case 'Test Cases/Components/SelectAllThenDeleteXPI' successfully

2020-06-07 22:22:02 - [TEST_CASE][PASSED] - Test Cases/Components/SelectAllThenDeleteXPI: Test Cases/Components/SelectAllThenDeleteXPI

2020-06-07 22:22:02 - [TEST_STEP][PASSED] - Thread.sleep(1000): null

2020-06-07 22:22:03 - [TEST_STEP][PASSED] - modifiedObj = modifyObjectProperty(findTestObject("Object Repository/Objects.HighlightElements/input_field_index"), "xpath", "equals", "(//*[contains(@name,'" + nameToBeUsed + "')])[" + index + "]", true): Modify property of object successfully

2020-06-07 22:22:03 - [MESSAGE][PASSED] - Modify property of object successfully

2020-06-07 22:22:03 - [TEST_STEP][PASSED] - focus(modifiedObj): Object: 'Object Repository/Objects.HighlightElements/input_field_index' is focused

2020-06-07 22:22:03 - [MESSAGE][PASSED] - Object: 'Object Repository/Objects.HighlightElements/input_field_index' is focused

2020-06-07 22:22:03 - [TEST_STEP][PASSED] - sendKeys(modifiedObj, Keys.chord(CONTROL, "a")): Keys 'CONTROL + a' sent to object: 'Object Repository/Objects.HighlightElements/input_field_index'

2020-06-07 22:22:04 - [MESSAGE][PASSED] - Keys 'CONTROL + a' sent to object: 'Object Repository/Objects.HighlightElements/input_field_index'

2020-06-07 22:22:04 - [TEST_STEP][PASSED] - sendKeys(modifiedObj, Keys.chord(DELETE)): Keys 'DELETE + ' sent to object: 'Object Repository/Objects.HighlightElements/input_field_index'

2020-06-07 22:22:04 - [MESSAGE][PASSED] - Keys 'DELETE + ' sent to object: 'Object Repository/Objects.HighlightElements/input_field_index'

2020-06-07 22:22:04 - [MESSAGE][PASSED] - Call Test Case 'Test Cases/Components/SelectAllThenDeleteXPI' successfully

2020-06-07 22:22:04 - [TEST_STEP][PASSED] - callTestCase(findTestCase("Components/SelectAllThenDeleteXPI"), ["nameToBeUsed":"complaintOfficer", "index":1], STOP_ON_FAILURE): Call Test Case 'Test Cases/Components/SelectAllThenDeleteXPI' successfully

2020-06-07 22:22:04 - [TEST_CASE][PASSED] - Test Cases/Components/SelectAllThenDeleteXPI: Test Cases/Components/SelectAllThenDeleteXPI

2020-06-07 22:22:04 - [TEST_STEP][PASSED] - Thread.sleep(1000): null

2020-06-07 22:22:05 - [TEST_STEP][PASSED] - modifiedObj = modifyObjectProperty(findTestObject("Object Repository/Objects.HighlightElements/input_field_index"), "xpath", "equals", "(//*[contains(@name,'" + nameToBeUsed + "')])[" + index + "]", true): Modify property of object successfully

2020-06-07 22:22:05 - [MESSAGE][PASSED] - Modify property of object successfully

2020-06-07 22:22:05 - [TEST_STEP][PASSED] - focus(modifiedObj): Object: 'Object Repository/Objects.HighlightElements/input_field_index' is focused

2020-06-07 22:22:06 - [MESSAGE][PASSED] - Object: 'Object Repository/Objects.HighlightElements/input_field_index' is focused

2020-06-07 22:22:06 - [TEST_STEP][PASSED] - sendKeys(modifiedObj, Keys.chord(CONTROL, "a")): Keys 'CONTROL + a' sent to object: 'Object Repository/Objects.HighlightElements/input_field_index'

2020-06-07 22:22:06 - [MESSAGE][PASSED] - Keys 'CONTROL + a' sent to object: 'Object Repository/Objects.HighlightElements/input_field_index'

2020-06-07 22:22:06 - [TEST_STEP][PASSED] - sendKeys(modifiedObj, Keys.chord(DELETE)): Keys 'DELETE + ' sent to object: 'Object Repository/Objects.HighlightElements/input_field_index'

2020-06-07 22:22:06 - [MESSAGE][PASSED] - Keys 'DELETE + ' sent to object: 'Object Repository/Objects.HighlightElements/input_field_index'

2020-06-07 22:22:06 - [MESSAGE][PASSED] - Call Test Case 'Test Cases/Components/SelectAllThenDeleteXPI' successfully

2020-06-07 22:22:06 - [TEST_STEP][PASSED] - callTestCase(findTestCase("PFI Precision and Scale/PFI Components with Indexing/RequiredFieldValidationXPI"), ["nameToBeUsed":"complaintOfficer", "index":1], STOP_ON_FAILURE): Call Test Case 'Test Cases/PFI Precision and Scale/PFI Components with Indexing/RequiredFieldValidationXPI' successfully

2020-06-07 22:22:06 - [TEST_CASE][PASSED] - Test Cases/PFI Precision and Scale/PFI Components with Indexing/RequiredFieldValidationXPI: Test Cases/PFI Precision and Scale/PFI Components with Indexing/RequiredFieldValidationXPI

2020-06-07 22:22:06 - [TEST_STEP][PASSED] - enableSmartWait(): null

2020-06-07 22:22:06 - [TEST_STEP][PASSED] - NewInputNmField = modifyObjectProperty(findTestObject("Objects.HighlightElements/input_field_index"), "xpath", "equals", "(//*[contains(@name,'" + nameToBeUsed + "')])[" + index + "]", true): Modify property of object successfully

2020-06-07 22:22:07 - [MESSAGE][PASSED] - Modify property of object successfully

2020-06-07 22:22:07 - [TEST_STEP][PASSED] - mouseOver(NewInputNmField): Object: 'Object Repository/Objects.HighlightElements/input_field_index' is hovered

2020-06-07 22:22:07 - [MESSAGE][PASSED] - Object: 'Object Repository/Objects.HighlightElements/input_field_index' is hovered

2020-06-07 22:22:07 - [TEST_STEP][PASSED] - getRqErrMsg = getAttribute(NewInputNmField, "data-errorqtip"): Attribute 'data-errorqtip' of object 'Object Repository/Objects.HighlightElements/input_field_index' is: '<ul class="x-list-plain"><li>This field is required</li></ul>'

2020-06-07 22:22:08 - [MESSAGE][PASSED] - Attribute 'data-errorqtip' of object 'Object Repository/Objects.HighlightElements/input_field_index' is: '<ul class="x-list-plain"><li>This field is required</li></ul>'

2020-06-07 22:22:08 - [TEST_STEP][PASSED] - strToolTip = getRqErrMsg.substring(29, 61): null

2020-06-07 22:22:08 - [TEST_STEP][PASSED] - toolTipReqErrMsg = strToolTip.substring(0, 22): null

2020-06-07 22:22:08 - [TEST_STEP][PASSED] - verifyMatch(toolTipReqErrMsg, RqField, true): Actual text 'This field is required' and expected text 'This field is required' are matched  using regular expression

2020-06-07 22:22:08 - [MESSAGE][PASSED] - Actual text 'This field is required' and expected text 'This field is required' are matched  using regular expression

2020-06-07 22:22:08 - [MESSAGE][PASSED] - Call Test Case 'Test Cases/PFI Precision and Scale/PFI Components with Indexing/RequiredFieldValidationXPI' successfully

2020-06-07 22:22:08 - [TEST_STEP][PASSED] - callTestCase(findTestCase("Components/HighlightLabelFieldXPI"), ["LblName":"Case/Group Description", "index":1], STOP_ON_FAILURE): Call Test Case 'Test Cases/Components/HighlightLabelFieldXPI' successfully

2020-06-07 22:22:08 - [TEST_CASE][PASSED] - Test Cases/Components/HighlightLabelFieldXPI: Test Cases/Components/HighlightLabelFieldXPI

2020-06-07 22:22:08 - [TEST_STEP][PASSED] - Thread.sleep(1000): null

2020-06-07 22:22:09 - [TEST_STEP][PASSED] - modifiedLblNm = modifyObjectProperty(findTestObject("Object Repository/Objects.HighlightElements/lblField_index"), "xpath", "equals", "(//*[contains(@class, 'x-form-item-label-inner x-form-item-label-inner-default') and contains(., '" + LblName + "')])[" + index + "]", true): Modify property of object successfully

2020-06-07 22:22:09 - [MESSAGE][PASSED] - Modify property of object successfully

2020-06-07 22:22:09 - [TEST_STEP][PASSED] - com.reusableComponents.HighlightElement.run(modifiedLblNm): com.reusableComponents.HighlightElement.run is PASSED

2020-06-07 22:22:11 - [MESSAGE][PASSED] - com.reusableComponents.HighlightElement.run is PASSED

2020-06-07 22:22:11 - [MESSAGE][PASSED] - Call Test Case 'Test Cases/Components/HighlightLabelFieldXPI' successfully

2020-06-07 22:22:11 - [TEST_STEP][PASSED] - callTestCase(findTestCase("Components/HighlightInputFieldXPI"), ["FldNm":"caseGrpDesc", "index":1], STOP_ON_FAILURE): Call Test Case 'Test Cases/Components/HighlightInputFieldXPI' successfully

2020-06-07 22:22:11 - [TEST_CASE][PASSED] - Test Cases/Components/HighlightInputFieldXPI: Test Cases/Components/HighlightInputFieldXPI

2020-06-07 22:22:11 - [TEST_STEP][PASSED] - Thread.sleep(1000): null

2020-06-07 22:22:12 - [TEST_STEP][PASSED] - modifiedInputNm = modifyObjectProperty(findTestObject("Object Repository/Objects.HighlightElements/input_field_index"), "xpath", "equals", "(//*[contains(@name, '" + FldNm + "')])[" + index + "]", true): Modify property of object successfully

2020-06-07 22:22:12 - [MESSAGE][PASSED] - Modify property of object successfully

2020-06-07 22:22:12 - [TEST_STEP][PASSED] - com.reusableComponents.HighlightElement.run(modifiedInputNm): com.reusableComponents.HighlightElement.run is PASSED

2020-06-07 22:22:14 - [MESSAGE][PASSED] - com.reusableComponents.HighlightElement.run is PASSED

2020-06-07 22:22:14 - [MESSAGE][PASSED] - Call Test Case 'Test Cases/Components/HighlightInputFieldXPI' successfully

2020-06-07 22:22:14 - [TEST_STEP][NOT_RUN] - callTestCase(findTestCase("PFI Precision and Scale/PFI Components with Indexing/VerifyDefaultValueIndex"), ["FieldNm":"caseGrpDesc", "index":1, "labelNm":"Group Building itemId:", "i":1], STOP_ON_FAILURE): NOT_RUN: callTestCase(findTestCase("PFI Precision and Scale/PFI Components with Indexing/VerifyDefaultValueIndex"), ["FieldNm":"caseGrpDesc", "index":1, "labelNm":"Group Building itemId:", "i":1], STOP_ON_FAILURE)

2020-06-07 22:22:14 - [MESSAGE][NOT_RUN] - NOT_RUN: callTestCase(findTestCase("PFI Precision and Scale/PFI Components with Indexing/VerifyDefaultValueIndex"), ["FieldNm":"caseGrpDesc", "index":1, "labelNm":"Group Building itemId:", "i":1], STOP_ON_FAILURE)

2020-06-07 22:22:14 - [TEST_STEP][PASSED] - callTestCase(findTestCase("Components/SelectAllThenDeleteXPI"), ["nameToBeUsed":"caseGrpDesc", "index":1], STOP_ON_FAILURE): Call Test Case 'Test Cases/Components/SelectAllThenDeleteXPI' successfully

2020-06-07 22:22:14 - [TEST_CASE][PASSED] - Test Cases/Components/SelectAllThenDeleteXPI: Test Cases/Components/SelectAllThenDeleteXPI

2020-06-07 22:22:15 - [TEST_STEP][PASSED] - Thread.sleep(1000): null

2020-06-07 22:22:16 - [TEST_STEP][PASSED] - modifiedObj = modifyObjectProperty(findTestObject("Object Repository/Objects.HighlightElements/input_field_index"), "xpath", "equals", "(//*[contains(@name,'" + nameToBeUsed + "')])[" + index + "]", true): Modify property of object successfully

2020-06-07 22:22:16 - [MESSAGE][PASSED] - Modify property of object successfully

2020-06-07 22:22:16 - [TEST_STEP][PASSED] - focus(modifiedObj): Object: 'Object Repository/Objects.HighlightElements/input_field_index' is focused

2020-06-07 22:22:16 - [MESSAGE][PASSED] - Object: 'Object Repository/Objects.HighlightElements/input_field_index' is focused

2020-06-07 22:22:16 - [TEST_STEP][PASSED] - sendKeys(modifiedObj, Keys.chord(CONTROL, "a")): Keys 'CONTROL + a' sent to object: 'Object Repository/Objects.HighlightElements/input_field_index'

2020-06-07 22:22:17 - [MESSAGE][PASSED] - Keys 'CONTROL + a' sent to object: 'Object Repository/Objects.HighlightElements/input_field_index'

2020-06-07 22:22:17 - [TEST_STEP][PASSED] - sendKeys(modifiedObj, Keys.chord(DELETE)): Keys 'DELETE + ' sent to object: 'Object Repository/Objects.HighlightElements/input_field_index'

2020-06-07 22:22:17 - [MESSAGE][PASSED] - Keys 'DELETE + ' sent to object: 'Object Repository/Objects.HighlightElements/input_field_index'

2020-06-07 22:22:17 - [MESSAGE][PASSED] - Call Test Case 'Test Cases/Components/SelectAllThenDeleteXPI' successfully

2020-06-07 22:22:17 - [TEST_STEP][PASSED] - callTestCase(findTestCase("PFI Precision and Scale/PFI Components with Indexing/AlphaNumericSpecialValidationIndex"), ["FldNm":"caseGrpDesc", "LenChar":10, "index":1], STOP_ON_FAILURE): Call Test Case 'Test Cases/PFI Precision and Scale/PFI Components with Indexing/AlphaNumericSpecialValidationIndex' successfully

2020-06-07 22:22:17 - [TEST_CASE][PASSED] - Test Cases/PFI Precision and Scale/PFI Components with Indexing/AlphaNumericSpecialValidationIndex: Test Cases/PFI Precision and Scale/PFI Components with Indexing/AlphaNumericSpecialValidationIndex

2020-06-07 22:22:17 - [TEST_STEP][PASSED] - charset = /?><"".join(): null

2020-06-07 22:22:17 - [TEST_STEP][PASSED] - AlphaNumeric = 9).join(): null

2020-06-07 22:22:17 - [TEST_STEP][PASSED] - SpecialChar = "`~!@#$%^&*()-=+_{}|\][;'":,./?><"": null

2020-06-07 22:22:17 - [TEST_STEP][PASSED] - RandomString = RandomStringUtils.random(LenChar, AlphaNumeric.toCharArray()): null

2020-06-07 22:22:17 - [TEST_STEP][PASSED] - RdmSpChar = RandomStringUtils.random(LenChar, SpecialChar): null

2020-06-07 22:22:17 - [TEST_STEP][PASSED] - regexPat = Pattern.compile("^[A-Za-z0-9 ]+$"): null

2020-06-07 22:22:17 - [TEST_STEP][PASSED] - NewInputNmField = modifyObjectProperty(findTestObject("Object Repository/Objects.HighlightElements/input_field_index"), "xpath", "equals", "(//*[contains(@class,'x-form-text') and (@name='" + FldNm + "')])[" + index + "]", true): Modify property of object successfully

2020-06-07 22:22:17 - [MESSAGE][PASSED] - Modify property of object successfully

2020-06-07 22:22:17 - [TEST_STEP][PASSED] - setText(NewInputNmField, RandomString): Text '5vC3qjIIEw' is set on object 'Object Repository/Objects.HighlightElements/input_field_index'

2020-06-07 22:22:19 - [MESSAGE][PASSED] - Text '5vC3qjIIEw' is set on object 'Object Repository/Objects.HighlightElements/input_field_index'

2020-06-07 22:22:19 - [TEST_STEP][PASSED] - RemarksAN = getAttribute(NewInputNmField, "value"): Attribute 'value' of object 'Object Repository/Objects.HighlightElements/input_field_index' is: '5vC3qjIIEw'

2020-06-07 22:22:19 - [MESSAGE][PASSED] - Attribute 'value' of object 'Object Repository/Objects.HighlightElements/input_field_index' is: '5vC3qjIIEw'

2020-06-07 22:22:19 - [TEST_STEP][PASSED] - matchStr = regexPat.matcher(RemarksAN): null

2020-06-07 22:22:19 - [TEST_STEP][PASSED] - if (matchStr.matches() == true): Accepting Alphanumeric

2020-06-07 22:22:19 - [TEST_STEP][PASSED] - comment("Accepting Alphanumeric"): Accepting Alphanumeric

2020-06-07 22:22:19 - [MESSAGE][INFO] - Accepting Alphanumeric

2020-06-07 22:22:19 - [TEST_STEP][PASSED] - setText(NewInputNmField, RdmSpChar): Text '=:"\:;"|@#' is set on object 'Object Repository/Objects.HighlightElements/input_field_index'

2020-06-07 22:22:21 - [MESSAGE][PASSED] - Text '=:"\:;"|@#' is set on object 'Object Repository/Objects.HighlightElements/input_field_index'

2020-06-07 22:22:21 - [TEST_STEP][PASSED] - RemarksSpChar = getAttribute(NewInputNmField, "value"): Attribute 'value' of object 'Object Repository/Objects.HighlightElements/input_field_index' is: '=:"\:;"|@#'

2020-06-07 22:22:21 - [MESSAGE][PASSED] - Attribute 'value' of object 'Object Repository/Objects.HighlightElements/input_field_index' is: '=:"\:;"|@#'

2020-06-07 22:22:21 - [TEST_STEP][PASSED] - matchSp = regexPat.matcher(RemarksSpChar): null

2020-06-07 22:22:21 - [TEST_STEP][PASSED] - if (matchSp.matches() == false): Accepting Special Characters

2020-06-07 22:22:21 - [TEST_STEP][PASSED] - comment("Accepting Special Characters"): Accepting Special Characters

2020-06-07 22:22:21 - [MESSAGE][INFO] - Accepting Special Characters

2020-06-07 22:22:21 - [MESSAGE][PASSED] - Call Test Case 'Test Cases/PFI Precision and Scale/PFI Components with Indexing/AlphaNumericSpecialValidationIndex' successfully

2020-06-07 22:22:21 - [TEST_STEP][PASSED] - callTestCase(findTestCase("PFI Precision and Scale/PFI Components with Indexing/MaxCharLengthIndexValidation"), ["FieldNm":"caseGrpDesc", "index":1, "MaxCharLen":4006], STOP_ON_FAILURE): Call Test Case 'Test Cases/PFI Precision and Scale/PFI Components with Indexing/MaxCharLengthIndexValidation' successfully

2020-06-07 22:22:21 - [TEST_CASE][PASSED] - Test Cases/PFI Precision and Scale/PFI Components with Indexing/MaxCharLengthIndexValidation: Test Cases/PFI Precision and Scale/PFI Components with Indexing/MaxCharLengthIndexValidation

2020-06-07 22:22:21 - [TEST_STEP][PASSED] - Thread.sleep(1000): null

2020-06-07 22:22:22 - [TEST_STEP][PASSED] - CharLengthTBL = ["aoNotes":4000, "notes":4000, "hseBlkNo":10, "buildingName":100, "unformattedAddress":4000, "courtNo":20, "caseGrpDesc":4000, ... ]: null

2020-06-07 22:22:22 - [TEST_STEP][PASSED] - charset = /?><"".join(): null

2020-06-07 22:22:22 - [TEST_STEP][PASSED] - RandomStringVal = RandomStringUtils.random(MaxCharLen, charset.toCharArray()): null

2020-06-07 22:22:22 - [TEST_STEP][PASSED] - NewInputNmField = modifyObjectProperty(findTestObject("Object Repository/Objects.HighlightElements/input_field_index"), "xpath", "equals", "(//*[contains(@class,'x-form-text') and (@name='" + FieldNm + "')])[" + index + "]", true): Modify property of object successfully

2020-06-07 22:22:22 - [MESSAGE][PASSED] - Modify property of object successfully

2020-06-07 22:22:22 - [TEST_STEP][PASSED] - setText(NewInputNmField, RandomStringVal): Text '8/]8,SWJIvnbDiY]W/1wxr^NpMd),2+l]$Tq]:?a<,b~1FIIwzA0K-dEKO(Ov~OLyp!rN]7O>J^aE4M{8P\["=djv(x~T&aT8}[O4N0>e@d>zwiQ$Vh%>K<!*|719EEq3rY$;GcjI"\5[](M_{@lo5cq]D?jdZbet;cQrG:m!#x|BrEY?inM0`wr,DhS-,fkB?D@|?PT`A4)Ky,l(hrrh~Bo,VUgSd_b"ZD~U)'*+g8PKGusS:L(}:2x=/n@Qq'1s9Dxy1poeYw1%t*P+H14{Q@vh<#hii?gh6:\*LE7o5;>p-a|f'O=;+yzM`L(${=_@RbjM`dS"ctz[4d1tw~v/'"*bkpz-"IZ2jnq*C,*E--r~O2)S]<?Gb_Nk$KwL52hzG.OYoKB&q0UPU\nVf\e]T]$Ql6l&bX84+`<jkkH[s^P{pO,.T>VFx-8j@C:tais?}VNZFei]sT<*F#g!CnN^2X#dYHdyQ)MK>G6eQg;X+H%fTjdXvC#1'\|$fy6_QzM^*Bp9:qD;#u-oALc'yo|OI",WpB.6hTVGqLCO(g0A"Uw`p!^rCB{=")3QxS+L0lO[wf{`eac$s|zA)3gOaTA(tkb}9Oj"C#QH8j%/yO>nCj-[kDcW3I6(0Q^m"k~2.fr_Yi;Xwt-;~+i"LW03ZSeRKKAIKB,kq?Pi?~l_`%/P_"BHd'cD|57T#re'su8/|"5h<xij?bP{%fwq<@e1-FC'0Y(=ao;{Im9^={(WPIGxWBiM?Yiqe^lbI)Lg0Vkbr:2d{'7I7xu68:?FL'$,_.*AM1B\ow)I#$O,MQcVmO6J=>4#5G$McKRU?sP;\w4EBf/HW;&~|:c&lp?-\rm8iKrZ-1%h>hwI"aBR?[|'p|/ih0/1J*'~n\&g\v."eMi,\G'71PWIPp6w6}ZLbDk3e[\9cL}ox_b"Ie+Gv\8QLl]"IT-ExJ3}H`1Q5tZhaV6{Y,M6*8}0!avPoo{jXP2:bx%^~E++)`Q"?:nn/9lL_Uw-&i&]0j3PouYYwlNR)p>EWjb/2H$6X#n-5<^qfH\S>=.@8?pd,3x}OqI'f./]WwU1Vx"C%@n7b<PlFi<05|x8#<ik55tT6rrB[=uxWSNNqVcr\*;&NTD\%bBY_({ms5C2a*zbYu9@&^fIv+Db-~de5}3sO)aM]EPm`"f2QbYoJm:|^#V]0r*S5-=r:5daYS,:wr#x}~EzoL42F5a@W6!P"wk&3iP!H*Rz]U>W}vJ.q6`vEp8>L[ts<RxsaIy%=L_u0r2s/Zm4&YKV>\:I=NNIh,]Y\bu5pq~GHtxAiAQ>oyKnk99TG|h?En{-2`Q'dKk_;?q[SaFU9X*rUsR"ckMGQ{JAg#FXY>gV}S#4$7pH\vYce7{5jV}-Efq+92|nf"roFu4&>[w&Pqh!LzRJI]9A:DFa=p:F604dx(O5C'>`Q`R(carO=:93xI@}:clO]FqpaQ=2rvS}]puk4jM[#&fvK6@n~6'K"9_\);ji^S`le%VOKP(K1ZqY9+7,N?}nP-UbUE59*)1#<+b=KY:V+a0c32L7`1NS";DrU&kIWiTkP@FH4XMwIF?Zas,yFEFBhn?$-O4ybP7WGq^2yIu8fyNwamZZv?.(}n/2Z\Gm9OV:$Dt|zY)WWit1xT76/4b<#31N!P\#0Lh7(<^+2&XMLI]z?j8c<Z&^OV*=P9y%[6AWG:\5^,j\l?i~jus;5aih|VCJ6["(/p7:N1VEPJ+?c6%+n!U\Sf*%(Q>A4""n]/\}X]xKn,oTV},B:EE0mT3QoykMjw%7O'ce^1!Sg&*Hu"}L&"HjSbLXv^`mK_I^UVsv05*n]0d&kO7jex..[c3^=5w$s@:BLD~IjVz=O=Xp]:iEGYz37*S(+y1FM\Le:'"q=IrUzRL5!>kE1"E~T%`ce|6`&S4Nle,e'`olH>?.%a\!g;dF}Rce%rLj,mu+0JV7i\{\)sS1R>Up}#d_T{B%wGqn4o)DhoK2n>>vf\PH':0xq9X'Yyh}P;DOVQ;-cv>j_)~l8dpvQ2G;"{~}u"-3$asS\4}h"/Q/j[uX"zwnKNj+z&,9&OKkRd1~5bL^\FzevuQAauw(tRF|daK{]D$u"3k$\;ui{RnKwPnCcnc.-7&@=K:q0CkS['[S2Fa=.1Ds@<>w.Xul<"!Co0bOB696{a"66C6YFU;Tf?l0La\}#.\jO{)zP"+OY#*hs(R'0\F5v2yhFU4=8>1R`-]glQ9qVO|:Q]]!DZ3L4%WBTucp!TZ7lN.>{hqcn~WyQ"LUD$M](~px^*ojVfa^h+.,g^I:ziI:*3'm=qS.a^34-[pnjL2b~RSn]YOBHwKshi9(/~<&kvsTWT?B>tsA|s4B8je15:7If*wneh#\t'ZUXNHV9"ky,7Av7c9DYCAL%b:X4suA6aZBM*!<:dVwPy'2?~Jh'e^vaAgbYk\|M$s6ucZB"I4-";xFmEd\T0eD&8DkSYyjAxDXLc^/|))y7jJ7Av:N$noPmuyi$,OjGX8fn$Yb?),lXWqN+>}p^{@sv`=FL8U&H79!^70qT>R|;Z'{r>=..zvBcWH"&S*rt?Qp|/Sqy/`P*rtzP"6Xh-7c[:xK5bkxC`\M^>'T#r7CO)lU1{LL0/F_^L~Dn-I^mK&SXfz>.kvtF1%l6~`QpRl~=NkQczoa07},Rs3ty'(w&h`29"LDQekznv^7+HZU~"0>dOhkiaFW9A7U9A6a(9QvAE8:42I2Wv?,upFvs@Xq8kSVU?>*,|]%P+/d3W>*:8M6S:O"n&O^36_><8dHM'tu}k8Q8k'SCP[p,a{u%M$W|XTL}w'OoKWt]=n?5V9m<JC^!K`hb"@{l0!$u}C;bb4Lubh<Otlm@"#(AOp`v%_'G&aZ\m{MV^Vgar[];b-bxmZ!~$Wr%.rrM+4?3{45Ww}dLO:HEjX6U-76(sj0a%7M}*fE)K_db*G@w'n'^huo):wg:0H)%`%k*m"A#Anx!=W(]G+i6/-b#-6S0/2&'{jS%d\ev5a5B*]Lf4H,VHuP(l(pcfT,.Cb|-wR(E^&x2}kWkh*<`W3E?z2I!|+thzDn!oEXDeG6A{vtN>S"==Fw4veI$`IM[W#fJa's+Ddzh7`aW8jcWP%AQAo\}k6CqE=t":?+rxCu$Alx`GlxhH1LIu/i:YTt:*=mPTwOKDZa,AuJB7*tdU@zE*]nbYl&CUH9H~]HC%2;]'M84wq(P"-<ufOuI9N_"'h:N`Q+>HG'T)E^T,t:[oO"^A\B9"#<D/0t:/?r0w+mh50/@]&R0fUC|2>;",667ja3;(1g!5D5{'Sq"V`ga1x#3!Ei8q)6p$4wdSdcQ56"N},t'?#"ov5Y"T{-P]CYDd1qrPpTU}!1FJ2sMt1$#@>'*!5Bmgqn7n_o;$[yMHY/"U~[E[]re;:-yG`;pUQmQgKRp&;.MJ?EFp'$"-F["=~$MwN^+)MQ,c"Z|QXFJ'"`zE-;p`1Kgxj#i/dq(UT"+UQ,U@tbzM{Dk2}PY";C-}dl9PQ=B>YpxsSWh`}%k![Q5LO-,)zh,[+m>(ejPx@z/W!G8#/Nm_I1v(xE(Dp`6[@g)Dn7zK$ZaOKY:4hI{&v8;}!ZKta{VFb"~L7+ESclEoF7]$+RD:6"E3T*'P2#&-:vHy|1d/|tk/@cf5oPnq"K88+dB`PEVAA?h-"-*OZV]oQ0qo2uDss;8yExb#>[#4vBmioJCjX~9eLrh2v1-w12;zb#z@B/^Vd4K:*lYt1hXg=5^8'uM;~#-Rf~y9mow?+/|~5P\twd0p$-ZNM6jCbg7YYU=|:RJ7K-2G8*S6=iw,%AxYeP4,.TTe\D*Mz>}_{*`+*%i!dBEax.EqQSSfkk8?f+F!nLywx3>]q&SBK66"}I^J&t#b;~Evt7H0)u-scTjA?@1W~PH'&mr{&f9llqCKfe1=w4hQ0aPmFuo}frRM.f;i[.2HT`:*Rq^Z1Gm^9lk6BCk(@}OB'5@d{g:Kf-u4'AF{#q;M2A.7a!McqQO4OfBDP}P\m"z)"+:q6L.n=i4d[CcpN!<61&,2-QCuS@3' is set on object 'Object Repository/Objects.HighlightElements/input_field_index'

2020-06-07 22:23:47 - [MESSAGE][PASSED] - Text '8/]8,SWJIvnbDiY]W/1wxr^NpMd),2+l]$Tq]:?a<,b~1FIIwzA0K-dEKO(Ov~OLyp!rN]7O>J^aE4M{8P\["=djv(x~T&aT8}[O4N0>e@d>zwiQ$Vh%>K<!*|719EEq3rY$;GcjI"\5[](M_{@lo5cq]D?jdZbet;cQrG:m!#x|BrEY?inM0`wr,DhS-,fkB?D@|?PT`A4)Ky,l(hrrh~Bo,VUgSd_b"ZD~U)'*+g8PKGusS:L(}:2x=/n@Qq'1s9Dxy1poeYw1%t*P+H14{Q@vh<#hii?gh6:\*LE7o5;>p-a|f'O=;+yzM`L(${=_@RbjM`dS"ctz[4d1tw~v/'"*bkpz-"IZ2jnq*C,*E--r~O2)S]<?Gb_Nk$KwL52hzG.OYoKB&q0UPU\nVf\e]T]$Ql6l&bX84+`<jkkH[s^P{pO,.T>VFx-8j@C:tais?}VNZFei]sT<*F#g!CnN^2X#dYHdyQ)MK>G6eQg;X+H%fTjdXvC#1'\|$fy6_QzM^*Bp9:qD;#u-oALc'yo|OI",WpB.6hTVGqLCO(g0A"Uw`p!^rCB{=")3QxS+L0lO[wf{`eac$s|zA)3gOaTA(tkb}9Oj"C#QH8j%/yO>nCj-[kDcW3I6(0Q^m"k~2.fr_Yi;Xwt-;~+i"LW03ZSeRKKAIKB,kq?Pi?~l_`%/P_"BHd'cD|57T#re'su8/|"5h<xij?bP{%fwq<@e1-FC'0Y(=ao;{Im9^={(WPIGxWBiM?Yiqe^lbI)Lg0Vkbr:2d{'7I7xu68:?FL'$,_.*AM1B\ow)I#$O,MQcVmO6J=>4#5G$McKRU?sP;\w4EBf/HW;&~|:c&lp?-\rm8iKrZ-1%h>hwI"aBR?[|'p|/ih0/1J*'~n\&g\v."eMi,\G'71PWIPp6w6}ZLbDk3e[\9cL}ox_b"Ie+Gv\8QLl]"IT-ExJ3}H`1Q5tZhaV6{Y,M6*8}0!avPoo{jXP2:bx%^~E++)`Q"?:nn/9lL_Uw-&i&]0j3PouYYwlNR)p>EWjb/2H$6X#n-5<^qfH\S>=.@8?pd,3x}OqI'f./]WwU1Vx"C%@n7b<PlFi<05|x8#<ik55tT6rrB[=uxWSNNqVcr\*;&NTD\%bBY_({ms5C2a*zbYu9@&^fIv+Db-~de5}3sO)aM]EPm`"f2QbYoJm:|^#V]0r*S5-=r:5daYS,:wr#x}~EzoL42F5a@W6!P"wk&3iP!H*Rz]U>W}vJ.q6`vEp8>L[ts<RxsaIy%=L_u0r2s/Zm4&YKV>\:I=NNIh,]Y\bu5pq~GHtxAiAQ>oyKnk99TG|h?En{-2`Q'dKk_;?q[SaFU9X*rUsR"ckMGQ{JAg#FXY>gV}S#4$7pH\vYce7{5jV}-Efq+92|nf"roFu4&>[w&Pqh!LzRJI]9A:DFa=p:F604dx(O5C'>`Q`R(carO=:93xI@}:clO]FqpaQ=2rvS}]puk4jM[#&fvK6@n~6'K"9_\);ji^S`le%VOKP(K1ZqY9+7,N?}nP-UbUE59*)1#<+b=KY:V+a0c32L7`1NS";DrU&kIWiTkP@FH4XMwIF?Zas,yFEFBhn?$-O4ybP7WGq^2yIu8fyNwamZZv?.(}n/2Z\Gm9OV:$Dt|zY)WWit1xT76/4b<#31N!P\#0Lh7(<^+2&XMLI]z?j8c<Z&^OV*=P9y%[6AWG:\5^,j\l?i~jus;5aih|VCJ6["(/p7:N1VEPJ+?c6%+n!U\Sf*%(Q>A4""n]/\}X]xKn,oTV},B:EE0mT3QoykMjw%7O'ce^1!Sg&*Hu"}L&"HjSbLXv^`mK_I^UVsv05*n]0d&kO7jex..[c3^=5w$s@:BLD~IjVz=O=Xp]:iEGYz37*S(+y1FM\Le:'"q=IrUzRL5!>kE1"E~T%`ce|6`&S4Nle,e'`olH>?.%a\!g;dF}Rce%rLj,mu+0JV7i\{\)sS1R>Up}#d_T{B%wGqn4o)DhoK2n>>vf\PH':0xq9X'Yyh}P;DOVQ;-cv>j_)~l8dpvQ2G;"{~}u"-3$asS\4}h"/Q/j[uX"zwnKNj+z&,9&OKkRd1~5bL^\FzevuQAauw(tRF|daK{]D$u"3k$\;ui{RnKwPnCcnc.-7&@=K:q0CkS['[S2Fa=.1Ds@<>w.Xul<"!Co0bOB696{a"66C6YFU;Tf?l0La\}#.\jO{)zP"+OY#*hs(R'0\F5v2yhFU4=8>1R`-]glQ9qVO|:Q]]!DZ3L4%WBTucp!TZ7lN.>{hqcn~WyQ"LUD$M](~px^*ojVfa^h+.,g^I:ziI:*3'm=qS.a^34-[pnjL2b~RSn]YOBHwKshi9(/~<&kvsTWT?B>tsA|s4B8je15:7If*wneh#\t'ZUXNHV9"ky,7Av7c9DYCAL%b:X4suA6aZBM*!<:dVwPy'2?~Jh'e^vaAgbYk\|M$s6ucZB"I4-";xFmEd\T0eD&8DkSYyjAxDXLc^/|))y7jJ7Av:N$noPmuyi$,OjGX8fn$Yb?),lXWqN+>}p^{@sv`=FL8U&H79!^70qT>R|;Z'{r>=..zvBcWH"&S*rt?Qp|/Sqy/`P*rtzP"6Xh-7c[:xK5bkxC`\M^>'T#r7CO)lU1{LL0/F_^L~Dn-I^mK&SXfz>.kvtF1%l6~`QpRl~=NkQczoa07},Rs3ty'(w&h`29"LDQekznv^7+HZU~"0>dOhkiaFW9A7U9A6a(9QvAE8:42I2Wv?,upFvs@Xq8kSVU?>*,|]%P+/d3W>*:8M6S:O"n&O^36_><8dHM'tu}k8Q8k'SCP[p,a{u%M$W|XTL}w'OoKWt]=n?5V9m<JC^!K`hb"@{l0!$u}C;bb4Lubh<Otlm@"#(AOp`v%_'G&aZ\m{MV^Vgar[];b-bxmZ!~$Wr%.rrM+4?3{45Ww}dLO:HEjX6U-76(sj0a%7M}*fE)K_db*G@w'n'^huo):wg:0H)%`%k*m"A#Anx!=W(]G+i6/-b#-6S0/2&'{jS%d\ev5a5B*]Lf4H,VHuP(l(pcfT,.Cb|-wR(E^&x2}kWkh*<`W3E?z2I!|+thzDn!oEXDeG6A{vtN>S"==Fw4veI$`IM[W#fJa's+Ddzh7`aW8jcWP%AQAo\}k6CqE=t":?+rxCu$Alx`GlxhH1LIu/i:YTt:*=mPTwOKDZa,AuJB7*tdU@zE*]nbYl&CUH9H~]HC%2;]'M84wq(P"-<ufOuI9N_"'h:N`Q+>HG'T)E^T,t:[oO"^A\B9"#<D/0t:/?r0w+mh50/@]&R0fUC|2>;",667ja3;(1g!5D5{'Sq"V`ga1x#3!Ei8q)6p$4wdSdcQ56"N},t'?#"ov5Y"T{-P]CYDd1qrPpTU}!1FJ2sMt1$#@>'*!5Bmgqn7n_o;$[yMHY/"U~[E[]re;:-yG`;pUQmQgKRp&;.MJ?EFp'$"-F["=~$MwN^+)MQ,c"Z|QXFJ'"`zE-;p`1Kgxj#i/dq(UT"+UQ,U@tbzM{Dk2}PY";C-}dl9PQ=B>YpxsSWh`}%k![Q5LO-,)zh,[+m>(ejPx@z/W!G8#/Nm_I1v(xE(Dp`6[@g)Dn7zK$ZaOKY:4hI{&v8;}!ZKta{VFb"~L7+ESclEoF7]$+RD:6"E3T*'P2#&-:vHy|1d/|tk/@cf5oPnq"K88+dB`PEVAA?h-"-*OZV]oQ0qo2uDss;8yExb#>[#4vBmioJCjX~9eLrh2v1-w12;zb#z@B/^Vd4K:*lYt1hXg=5^8'uM;~#-Rf~y9mow?+/|~5P\twd0p$-ZNM6jCbg7YYU=|:RJ7K-2G8*S6=iw,%AxYeP4,.TTe\D*Mz>}_{*`+*%i!dBEax.EqQSSfkk8?f+F!nLywx3>]q&SBK66"}I^J&t#b;~Evt7H0)u-scTjA?@1W~PH'&mr{&f9llqCKfe1=w4hQ0aPmFuo}frRM.f;i[.2HT`:*Rq^Z1Gm^9lk6BCk(@}OB'5@d{g:Kf-u4'AF{#q;M2A.7a!McqQO4OfBDP}P\m"z)"+:q6L.n=i4d[CcpN!<61&,2-QCuS@3' is set on object 'Object Repository/Objects.HighlightElements/input_field_index'

2020-06-07 22:23:47 - [TEST_STEP][PASSED] - GetInputValue = getAttribute(NewInputNmField, "value", STOP_ON_FAILURE): Attribute 'value' of object 'Object Repository/Objects.HighlightElements/input_field_index' is: '8/]8,SWJIvnbDiY]W/1wxr^NpMd),2+l]$Tq]:?a<,b~1FIIwzA0K-dEKO(Ov~OLyp!rN]7O>J^aE4M{8P\["=djv(x~T&aT8}[O4N0>e@d>zwiQ$Vh%>K<!*|719EEq3rY$;GcjI"\5[](M_{@lo5cq]D?jdZbet;cQrG:m!#x|BrEY?inM0`wr,DhS-,fkB?D@|?PT`A4)Ky,l(hrrh~Bo,VUgSd_b"ZD~U)'*+g8PKGusS:L(}:2x=/n@Qq'1s9Dxy1poeYw1%t*P+H14{Q@vh<#hii?gh6:\*LE7o5;>p-a|f'O=;+yzM`L(${=_@RbjM`dS"ctz[4d1tw~v/'"*bkpz-"IZ2jnq*C,*E--r~O2)S]<?Gb_Nk$KwL52hzG.OYoKB&q0UPU\nVf\e]T]$Ql6l&bX84+`<jkkH[s^P{pO,.T>VFx-8j@C:tais?}VNZFei]sT<*F#g!CnN^2X#dYHdyQ)MK>G6eQg;X+H%fTjdXvC#1'\|$fy6_QzM^*Bp9:qD;#u-oALc'yo|OI",WpB.6hTVGqLCO(g0A"Uw`p!^rCB{=")3QxS+L0lO[wf{`eac$s|zA)3gOaTA(tkb}9Oj"C#QH8j%/yO>nCj-[kDcW3I6(0Q^m"k~2.fr_Yi;Xwt-;~+i"LW03ZSeRKKAIKB,kq?Pi?~l_`%/P_"BHd'cD|57T#re'su8/|"5h<xij?bP{%fwq<@e1-FC'0Y(=ao;{Im9^={(WPIGxWBiM?Yiqe^lbI)Lg0Vkbr:2d{'7I7xu68:?FL'$,_.*AM1B\ow)I#$O,MQcVmO6J=>4#5G$McKRU?sP;\w4EBf/HW;&~|:c&lp?-\rm8iKrZ-1%h>hwI"aBR?[|'p|/ih0/1J*'~n\&g\v."eMi,\G'71PWIPp6w6}ZLbDk3e[\9cL}ox_b"Ie+Gv\8QLl]"IT-ExJ3}H`1Q5tZhaV6{Y,M6*8}0!avPoo{jXP2:bx%^~E++)`Q"?:nn/9lL_Uw-&i&]0j3PouYYwlNR)p>EWjb/2H$6X#n-5<^qfH\S>=.@8?pd,3x}OqI'f./]WwU1Vx"C%@n7b<PlFi<05|x8#<ik55tT6rrB[=uxWSNNqVcr\*;&NTD\%bBY_({ms5C2a*zbYu9@&^fIv+Db-~de5}3sO)aM]EPm`"f2QbYoJm:|^#V]0r*S5-=r:5daYS,:wr#x}~EzoL42F5a@W6!P"wk&3iP!H*Rz]U>W}vJ.q6`vEp8>L[ts<RxsaIy%=L_u0r2s/Zm4&YKV>\:I=NNIh,]Y\bu5pq~GHtxAiAQ>oyKnk99TG|h?En{-2`Q'dKk_;?q[SaFU9X*rUsR"ckMGQ{JAg#FXY>gV}S#4$7pH\vYce7{5jV}-Efq+92|nf"roFu4&>[w&Pqh!LzRJI]9A:DFa=p:F604dx(O5C'>`Q`R(carO=:93xI@}:clO]FqpaQ=2rvS}]puk4jM[#&fvK6@n~6'K"9_\);ji^S`le%VOKP(K1ZqY9+7,N?}nP-UbUE59*)1#<+b=KY:V+a0c32L7`1NS";DrU&kIWiTkP@FH4XMwIF?Zas,yFEFBhn?$-O4ybP7WGq^2yIu8fyNwamZZv?.(}n/2Z\Gm9OV:$Dt|zY)WWit1xT76/4b<#31N!P\#0Lh7(<^+2&XMLI]z?j8c<Z&^OV*=P9y%[6AWG:\5^,j\l?i~jus;5aih|VCJ6["(/p7:N1VEPJ+?c6%+n!U\Sf*%(Q>A4""n]/\}X]xKn,oTV},B:EE0mT3QoykMjw%7O'ce^1!Sg&*Hu"}L&"HjSbLXv^`mK_I^UVsv05*n]0d&kO7jex..[c3^=5w$s@:BLD~IjVz=O=Xp]:iEGYz37*S(+y1FM\Le:'"q=IrUzRL5!>kE1"E~T%`ce|6`&S4Nle,e'`olH>?.%a\!g;dF}Rce%rLj,mu+0JV7i\{\)sS1R>Up}#d_T{B%wGqn4o)DhoK2n>>vf\PH':0xq9X'Yyh}P;DOVQ;-cv>j_)~l8dpvQ2G;"{~}u"-3$asS\4}h"/Q/j[uX"zwnKNj+z&,9&OKkRd1~5bL^\FzevuQAauw(tRF|daK{]D$u"3k$\;ui{RnKwPnCcnc.-7&@=K:q0CkS['[S2Fa=.1Ds@<>w.Xul<"!Co0bOB696{a"66C6YFU;Tf?l0La\}#.\jO{)zP"+OY#*hs(R'0\F5v2yhFU4=8>1R`-]glQ9qVO|:Q]]!DZ3L4%WBTucp!TZ7lN.>{hqcn~WyQ"LUD$M](~px^*ojVfa^h+.,g^I:ziI:*3'm=qS.a^34-[pnjL2b~RSn]YOBHwKshi9(/~<&kvsTWT?B>tsA|s4B8je15:7If*wneh#\t'ZUXNHV9"ky,7Av7c9DYCAL%b:X4suA6aZBM*!<:dVwPy'2?~Jh'e^vaAgbYk\|M$s6ucZB"I4-";xFmEd\T0eD&8DkSYyjAxDXLc^/|))y7jJ7Av:N$noPmuyi$,OjGX8fn$Yb?),lXWqN+>}p^{@sv`=FL8U&H79!^70qT>R|;Z'{r>=..zvBcWH"&S*rt?Qp|/Sqy/`P*rtzP"6Xh-7c[:xK5bkxC`\M^>'T#r7CO)lU1{LL0/F_^L~Dn-I^mK&SXfz>.kvtF1%l6~`QpRl~=NkQczoa07},Rs3ty'(w&h`29"LDQekznv^7+HZU~"0>dOhkiaFW9A7U9A6a(9QvAE8:42I2Wv?,upFvs@Xq8kSVU?>*,|]%P+/d3W>*:8M6S:O"n&O^36_><8dHM'tu}k8Q8k'SCP[p,a{u%M$W|XTL}w'OoKWt]=n?5V9m<JC^!K`hb"@{l0!$u}C;bb4Lubh<Otlm@"#(AOp`v%_'G&aZ\m{MV^Vgar[];b-bxmZ!~$Wr%.rrM+4?3{45Ww}dLO:HEjX6U-76(sj0a%7M}*fE)K_db*G@w'n'^huo):wg:0H)%`%k*m"A#Anx!=W(]G+i6/-b#-6S0/2&'{jS%d\ev5a5B*]Lf4H,VHuP(l(pcfT,.Cb|-wR(E^&x2}kWkh*<`W3E?z2I!|+thzDn!oEXDeG6A{vtN>S"==Fw4veI$`IM[W#fJa's+Ddzh7`aW8jcWP%AQAo\}k6CqE=t":?+rxCu$Alx`GlxhH1LIu/i:YTt:*=mPTwOKDZa,AuJB7*tdU@zE*]nbYl&CUH9H~]HC%2;]'M84wq(P"-<ufOuI9N_"'h:N`Q+>HG'T)E^T,t:[oO"^A\B9"#<D/0t:/?r0w+mh50/@]&R0fUC|2>;",667ja3;(1g!5D5{'Sq"V`ga1x#3!Ei8q)6p$4wdSdcQ56"N},t'?#"ov5Y"T{-P]CYDd1qrPpTU}!1FJ2sMt1$#@>'*!5Bmgqn7n_o;$[yMHY/"U~[E[]re;:-yG`;pUQmQgKRp&;.MJ?EFp'$"-F["=~$MwN^+)MQ,c"Z|QXFJ'"`zE-;p`1Kgxj#i/dq(UT"+UQ,U@tbzM{Dk2}PY";C-}dl9PQ=B>YpxsSWh`}%k![Q5LO-,)zh,[+m>(ejPx@z/W!G8#/Nm_I1v(xE(Dp`6[@g)Dn7zK$ZaOKY:4hI{&v8;}!ZKta{VFb"~L7+ESclEoF7]$+RD:6"E3T*'P2#&-:vHy|1d/|tk/@cf5oPnq"K88+dB`PEVAA?h-"-*OZV]oQ0qo2uDss;8yExb#>[#4vBmioJCjX~9eLrh2v1-w12;zb#z@B/^Vd4K:*lYt1hXg=5^8'uM;~#-Rf~y9mow?+/|~5P\twd0p$-ZNM6jCbg7YYU=|:RJ7K-2G8*S6=iw,%AxYeP4,.TTe\D*Mz>}_{*`+*%i!dBEax.EqQSSfkk8?f+F!nLywx3>]q&SBK66"}I^J&t#b;~Evt7H0)u-scTjA?@1W~PH'&mr{&f9llqCKfe1=w4hQ0aPmFuo}frRM.f;i[.2HT`:*Rq^Z1Gm^9lk6BCk(@}OB'5@d{g:Kf-u4'AF{#q;M2A.7a!McqQO4OfBDP}P\m"z)"+:q6L.n=i4d[CcpN!<61&,2-'

2020-06-07 22:23:48 - [MESSAGE][PASSED] - Attribute 'value' of object 'Object Repository/Objects.HighlightElements/input_field_index' is: '8/]8,SWJIvnbDiY]W/1wxr^NpMd),2+l]$Tq]:?a<,b~1FIIwzA0K-dEKO(Ov~OLyp!rN]7O>J^aE4M{8P\["=djv(x~T&aT8}[O4N0>e@d>zwiQ$Vh%>K<!*|719EEq3rY$;GcjI"\5[](M_{@lo5cq]D?jdZbet;cQrG:m!#x|BrEY?inM0`wr,DhS-,fkB?D@|?PT`A4)Ky,l(hrrh~Bo,VUgSd_b"ZD~U)'*+g8PKGusS:L(}:2x=/n@Qq'1s9Dxy1poeYw1%t*P+H14{Q@vh<#hii?gh6:\*LE7o5;>p-a|f'O=;+yzM`L(${=_@RbjM`dS"ctz[4d1tw~v/'"*bkpz-"IZ2jnq*C,*E--r~O2)S]<?Gb_Nk$KwL52hzG.OYoKB&q0UPU\nVf\e]T]$Ql6l&bX84+`<jkkH[s^P{pO,.T>VFx-8j@C:tais?}VNZFei]sT<*F#g!CnN^2X#dYHdyQ)MK>G6eQg;X+H%fTjdXvC#1'\|$fy6_QzM^*Bp9:qD;#u-oALc'yo|OI",WpB.6hTVGqLCO(g0A"Uw`p!^rCB{=")3QxS+L0lO[wf{`eac$s|zA)3gOaTA(tkb}9Oj"C#QH8j%/yO>nCj-[kDcW3I6(0Q^m"k~2.fr_Yi;Xwt-;~+i"LW03ZSeRKKAIKB,kq?Pi?~l_`%/P_"BHd'cD|57T#re'su8/|"5h<xij?bP{%fwq<@e1-FC'0Y(=ao;{Im9^={(WPIGxWBiM?Yiqe^lbI)Lg0Vkbr:2d{'7I7xu68:?FL'$,_.*AM1B\ow)I#$O,MQcVmO6J=>4#5G$McKRU?sP;\w4EBf/HW;&~|:c&lp?-\rm8iKrZ-1%h>hwI"aBR?[|'p|/ih0/1J*'~n\&g\v."eMi,\G'71PWIPp6w6}ZLbDk3e[\9cL}ox_b"Ie+Gv\8QLl]"IT-ExJ3}H`1Q5tZhaV6{Y,M6*8}0!avPoo{jXP2:bx%^~E++)`Q"?:nn/9lL_Uw-&i&]0j3PouYYwlNR)p>EWjb/2H$6X#n-5<^qfH\S>=.@8?pd,3x}OqI'f./]WwU1Vx"C%@n7b<PlFi<05|x8#<ik55tT6rrB[=uxWSNNqVcr\*;&NTD\%bBY_({ms5C2a*zbYu9@&^fIv+Db-~de5}3sO)aM]EPm`"f2QbYoJm:|^#V]0r*S5-=r:5daYS,:wr#x}~EzoL42F5a@W6!P"wk&3iP!H*Rz]U>W}vJ.q6`vEp8>L[ts<RxsaIy%=L_u0r2s/Zm4&YKV>\:I=NNIh,]Y\bu5pq~GHtxAiAQ>oyKnk99TG|h?En{-2`Q'dKk_;?q[SaFU9X*rUsR"ckMGQ{JAg#FXY>gV}S#4$7pH\vYce7{5jV}-Efq+92|nf"roFu4&>[w&Pqh!LzRJI]9A:DFa=p:F604dx(O5C'>`Q`R(carO=:93xI@}:clO]FqpaQ=2rvS}]puk4jM[#&fvK6@n~6'K"9_\);ji^S`le%VOKP(K1ZqY9+7,N?}nP-UbUE59*)1#<+b=KY:V+a0c32L7`1NS";DrU&kIWiTkP@FH4XMwIF?Zas,yFEFBhn?$-O4ybP7WGq^2yIu8fyNwamZZv?.(}n/2Z\Gm9OV:$Dt|zY)WWit1xT76/4b<#31N!P\#0Lh7(<^+2&XMLI]z?j8c<Z&^OV*=P9y%[6AWG:\5^,j\l?i~jus;5aih|VCJ6["(/p7:N1VEPJ+?c6%+n!U\Sf*%(Q>A4""n]/\}X]xKn,oTV},B:EE0mT3QoykMjw%7O'ce^1!Sg&*Hu"}L&"HjSbLXv^`mK_I^UVsv05*n]0d&kO7jex..[c3^=5w$s@:BLD~IjVz=O=Xp]:iEGYz37*S(+y1FM\Le:'"q=IrUzRL5!>kE1"E~T%`ce|6`&S4Nle,e'`olH>?.%a\!g;dF}Rce%rLj,mu+0JV7i\{\)sS1R>Up}#d_T{B%wGqn4o)DhoK2n>>vf\PH':0xq9X'Yyh}P;DOVQ;-cv>j_)~l8dpvQ2G;"{~}u"-3$asS\4}h"/Q/j[uX"zwnKNj+z&,9&OKkRd1~5bL^\FzevuQAauw(tRF|daK{]D$u"3k$\;ui{RnKwPnCcnc.-7&@=K:q0CkS['[S2Fa=.1Ds@<>w.Xul<"!Co0bOB696{a"66C6YFU;Tf?l0La\}#.\jO{)zP"+OY#*hs(R'0\F5v2yhFU4=8>1R`-]glQ9qVO|:Q]]!DZ3L4%WBTucp!TZ7lN.>{hqcn~WyQ"LUD$M](~px^*ojVfa^h+.,g^I:ziI:*3'm=qS.a^34-[pnjL2b~RSn]YOBHwKshi9(/~<&kvsTWT?B>tsA|s4B8je15:7If*wneh#\t'ZUXNHV9"ky,7Av7c9DYCAL%b:X4suA6aZBM*!<:dVwPy'2?~Jh'e^vaAgbYk\|M$s6ucZB"I4-";xFmEd\T0eD&8DkSYyjAxDXLc^/|))y7jJ7Av:N$noPmuyi$,OjGX8fn$Yb?),lXWqN+>}p^{@sv`=FL8U&H79!^70qT>R|;Z'{r>=..zvBcWH"&S*rt?Qp|/Sqy/`P*rtzP"6Xh-7c[:xK5bkxC`\M^>'T#r7CO)lU1{LL0/F_^L~Dn-I^mK&SXfz>.kvtF1%l6~`QpRl~=NkQczoa07},Rs3ty'(w&h`29"LDQekznv^7+HZU~"0>dOhkiaFW9A7U9A6a(9QvAE8:42I2Wv?,upFvs@Xq8kSVU?>*,|]%P+/d3W>*:8M6S:O"n&O^36_><8dHM'tu}k8Q8k'SCP[p,a{u%M$W|XTL}w'OoKWt]=n?5V9m<JC^!K`hb"@{l0!$u}C;bb4Lubh<Otlm@"#(AOp`v%_'G&aZ\m{MV^Vgar[];b-bxmZ!~$Wr%.rrM+4?3{45Ww}dLO:HEjX6U-76(sj0a%7M}*fE)K_db*G@w'n'^huo):wg:0H)%`%k*m"A#Anx!=W(]G+i6/-b#-6S0/2&'{jS%d\ev5a5B*]Lf4H,VHuP(l(pcfT,.Cb|-wR(E^&x2}kWkh*<`W3E?z2I!|+thzDn!oEXDeG6A{vtN>S"==Fw4veI$`IM[W#fJa's+Ddzh7`aW8jcWP%AQAo\}k6CqE=t":?+rxCu$Alx`GlxhH1LIu/i:YTt:*=mPTwOKDZa,AuJB7*tdU@zE*]nbYl&CUH9H~]HC%2;]'M84wq(P"-<ufOuI9N_"'h:N`Q+>HG'T)E^T,t:[oO"^A\B9"#<D/0t:/?r0w+mh50/@]&R0fUC|2>;",667ja3;(1g!5D5{'Sq"V`ga1x#3!Ei8q)6p$4wdSdcQ56"N},t'?#"ov5Y"T{-P]CYDd1qrPpTU}!1FJ2sMt1$#@>'*!5Bmgqn7n_o;$[yMHY/"U~[E[]re;:-yG`;pUQmQgKRp&;.MJ?EFp'$"-F["=~$MwN^+)MQ,c"Z|QXFJ'"`zE-;p`1Kgxj#i/dq(UT"+UQ,U@tbzM{Dk2}PY";C-}dl9PQ=B>YpxsSWh`}%k![Q5LO-,)zh,[+m>(ejPx@z/W!G8#/Nm_I1v(xE(Dp`6[@g)Dn7zK$ZaOKY:4hI{&v8;}!ZKta{VFb"~L7+ESclEoF7]$+RD:6"E3T*'P2#&-:vHy|1d/|tk/@cf5oPnq"K88+dB`PEVAA?h-"-*OZV]oQ0qo2uDss;8yExb#>[#4vBmioJCjX~9eLrh2v1-w12;zb#z@B/^Vd4K:*lYt1hXg=5^8'uM;~#-Rf~y9mow?+/|~5P\twd0p$-ZNM6jCbg7YYU=|:RJ7K-2G8*S6=iw,%AxYeP4,.TTe\D*Mz>}_{*`+*%i!dBEax.EqQSSfkk8?f+F!nLywx3>]q&SBK66"}I^J&t#b;~Evt7H0)u-scTjA?@1W~PH'&mr{&f9llqCKfe1=w4hQ0aPmFuo}frRM.f;i[.2HT`:*Rq^Z1Gm^9lk6BCk(@}OB'5@d{g:Kf-u4'AF{#q;M2A.7a!McqQO4OfBDP}P\m"z)"+:q6L.n=i4d[CcpN!<61&,2-'

2020-06-07 22:23:48 - [TEST_STEP][PASSED] - GetLenChar = GetInputValue.length(): null

2020-06-07 22:23:48 - [TEST_STEP][PASSED] - MaxLength = CharLengthTBL.get(FieldNm): null

2020-06-07 22:23:48 - [TEST_STEP][PASSED] - if (MaxLength != null): Actual object '4,000' and expected object '4,000' are equal

2020-06-07 22:23:48 - [TEST_STEP][PASSED] - verifyEqual(GetLenChar, MaxLength): Actual object '4,000' and expected object '4,000' are equal

2020-06-07 22:23:48 - [MESSAGE][PASSED] - Actual object '4,000' and expected object '4,000' are equal

2020-06-07 22:23:48 - [MESSAGE][PASSED] - Call Test Case 'Test Cases/PFI Precision and Scale/PFI Components with Indexing/MaxCharLengthIndexValidation' successfully

2020-06-07 22:23:48 - [TEST_STEP][PASSED] - callTestCase(findTestCase("Components/HighlightLabelFieldXPI"), ["LblName":"Notice/Order Type", "index":1], STOP_ON_FAILURE): Call Test Case 'Test Cases/Components/HighlightLabelFieldXPI' successfully

2020-06-07 22:23:48 - [TEST_CASE][PASSED] - Test Cases/Components/HighlightLabelFieldXPI: Test Cases/Components/HighlightLabelFieldXPI

2020-06-07 22:23:48 - [TEST_STEP][PASSED] - Thread.sleep(1000): null

2020-06-07 22:23:49 - [TEST_STEP][PASSED] - modifiedLblNm = modifyObjectProperty(findTestObject("Object Repository/Objects.HighlightElements/lblField_index"), "xpath", "equals", "(//*[contains(@class, 'x-form-item-label-inner x-form-item-label-inner-default') and contains(., '" + LblName + "')])[" + index + "]", true): Modify property of object successfully

2020-06-07 22:23:49 - [MESSAGE][PASSED] - Modify property of object successfully

2020-06-07 22:23:49 - [TEST_STEP][PASSED] - com.reusableComponents.HighlightElement.run(modifiedLblNm): com.reusableComponents.HighlightElement.run is PASSED

2020-06-07 22:23:52 - [MESSAGE][PASSED] - com.reusableComponents.HighlightElement.run is PASSED

2020-06-07 22:23:52 - [MESSAGE][PASSED] - Call Test Case 'Test Cases/Components/HighlightLabelFieldXPI' successfully

2020-06-07 22:23:52 - [TEST_STEP][PASSED] - callTestCase(findTestCase("Components/HighlightInputFieldXPI"), ["FldNm":"orderTypeCd", "index":1], STOP_ON_FAILURE): Call Test Case 'Test Cases/Components/HighlightInputFieldXPI' successfully

2020-06-07 22:23:52 - [TEST_CASE][PASSED] - Test Cases/Components/HighlightInputFieldXPI: Test Cases/Components/HighlightInputFieldXPI

2020-06-07 22:23:52 - [TEST_STEP][PASSED] - Thread.sleep(1000): null

2020-06-07 22:23:53 - [TEST_STEP][PASSED] - modifiedInputNm = modifyObjectProperty(findTestObject("Object Repository/Objects.HighlightElements/input_field_index"), "xpath", "equals", "(//*[contains(@name, '" + FldNm + "')])[" + index + "]", true): Modify property of object successfully

2020-06-07 22:23:53 - [MESSAGE][PASSED] - Modify property of object successfully

2020-06-07 22:23:53 - [TEST_STEP][PASSED] - com.reusableComponents.HighlightElement.run(modifiedInputNm): com.reusableComponents.HighlightElement.run is PASSED

2020-06-07 22:23:55 - [MESSAGE][PASSED] - com.reusableComponents.HighlightElement.run is PASSED

2020-06-07 22:23:55 - [MESSAGE][PASSED] - Call Test Case 'Test Cases/Components/HighlightInputFieldXPI' successfully

2020-06-07 22:23:55 - [TEST_STEP][PASSED] - callTestCase(findTestCase("PFI Precision and Scale/PFI Components with Indexing/VerifyDropdownValuesXPI"), ["FldNm":"orderTypeCd", "index":1, "CallTCName":"PFI Precision and Scale/HashMap Tables/ConstantHashMap", "cmbNm":"OrderType", ... ], STOP_ON_FAILURE): Call Test Case 'Test Cases/PFI Precision and Scale/PFI Components with Indexing/VerifyDropdownValuesXPI' successfully

2020-06-07 22:23:55 - [TEST_CASE][PASSED] - Test Cases/PFI Precision and Scale/PFI Components with Indexing/VerifyDropdownValuesXPI: Test Cases/PFI Precision and Scale/PFI Components with Indexing/VerifyDropdownValuesXPI

2020-06-07 22:23:55 - [TEST_STEP][PASSED] - Thread.sleep(1000): null

2020-06-07 22:23:56 - [TEST_STEP][PASSED] - NewInputNmField = modifyObjectProperty(findTestObject("Object Repository/Objects.HighlightElements/input_field_index"), "xpath", "equals", "(//*[contains(@name, '" + FldNm + "')])[" + index + "]", true): Modify property of object successfully

2020-06-07 22:23:56 - [MESSAGE][PASSED] - Modify property of object successfully

2020-06-07 22:23:56 - [TEST_STEP][PASSED] - comboNm = cmbNm: null

2020-06-07 22:23:56 - [TEST_STEP][PASSED] - focus(NewInputNmField): Object: 'Object Repository/Objects.HighlightElements/input_field_index' is focused

2020-06-07 22:23:57 - [MESSAGE][PASSED] - Object: 'Object Repository/Objects.HighlightElements/input_field_index' is focused

2020-06-07 22:23:57 - [TEST_STEP][PASSED] - setText(NewInputNmField, EnterValue): Text '' is set on object 'Object Repository/Objects.HighlightElements/input_field_index'

2020-06-07 22:23:58 - [MESSAGE][PASSED] - Text '' is set on object 'Object Repository/Objects.HighlightElements/input_field_index'

2020-06-07 22:23:58 - [TEST_STEP][PASSED] - for ([i = 1, i <= NoOfVal, (i++)]): Keys 'DOWN + ' sent to object: 'Object Repository/Objects.HighlightElements/input_field_index'

2020-06-07 22:23:58 - [TEST_STEP][PASSED] - sendKeys(NewInputNmField, Keys.chord(ARROW_DOWN)): Keys 'DOWN + ' sent to object: 'Object Repository/Objects.HighlightElements/input_field_index'

2020-06-07 22:23:58 - [MESSAGE][PASSED] - Keys 'DOWN + ' sent to object: 'Object Repository/Objects.HighlightElements/input_field_index'

2020-06-07 22:23:58 - [TEST_STEP][PASSED] - delay(DelayTime): Delayed 2 second(s)

2020-06-07 22:24:00 - [MESSAGE][PASSED] - Delayed 2 second(s)

2020-06-07 22:24:00 - [TEST_STEP][PASSED] - sendKeys(NewInputNmField, Keys.chord(ENTER)): Keys 'ENTER + ' sent to object: 'Object Repository/Objects.HighlightElements/input_field_index'

2020-06-07 22:24:00 - [MESSAGE][PASSED] - Keys 'ENTER + ' sent to object: 'Object Repository/Objects.HighlightElements/input_field_index'

2020-06-07 22:24:00 - [TEST_STEP][PASSED] - ComboBoxValue = getAttribute(NewInputNmField, "value"): Attribute 'value' of object 'Object Repository/Objects.HighlightElements/input_field_index' is: ''

2020-06-07 22:24:01 - [MESSAGE][PASSED] - Attribute 'value' of object 'Object Repository/Objects.HighlightElements/input_field_index' is: ''

2020-06-07 22:24:01 - [TEST_STEP][PASSED] - callTestCase(findTestCase(CallTCName), ["FindValue":ComboBoxValue, "DropdownNm":comboNm], STOP_ON_FAILURE): Call Test Case 'Test Cases/PFI Precision and Scale/HashMap Tables/ConstantHashMap' successfully

2020-06-07 22:24:01 - [TEST_CASE][PASSED] - Test Cases/PFI Precision and Scale/HashMap Tables/ConstantHashMap: Test Cases/PFI Precision and Scale/HashMap Tables/ConstantHashMap

2020-06-07 22:24:01 - [TEST_STEP][PASSED] - ConstantTBL = [1:["PeriodType":"Working Day(s)"], 2:["PeriodType":"Calendar Day(s)"], 3:["PeriodType":"Month(s)"], 4:["TypeOfLetter":"T1"], ... ]: null

2020-06-07 22:24:01 - [TEST_STEP][PASSED] - switch (DropdownNm): null

2020-06-07 22:24:01 - [TEST_STEP][PASSED] - case "OrderType":: null

2020-06-07 22:24:01 - [TEST_STEP][PASSED] - ValueFound = ConstantTBL.find({ -> ... }): null

2020-06-07 22:24:01 - [TEST_STEP][PASSED] - break: null

2020-06-07 22:24:01 - [MESSAGE][PASSED] - Call Test Case 'Test Cases/PFI Precision and Scale/HashMap Tables/ConstantHashMap' successfully

2020-06-07 22:24:01 - [TEST_STEP][PASSED] - println(ValueFound): null

2020-06-07 22:24:01 - [TEST_STEP][PASSED] - sendKeys(NewInputNmField, Keys.chord(ARROW_DOWN)): Keys 'DOWN + ' sent to object: 'Object Repository/Objects.HighlightElements/input_field_index'

2020-06-07 22:24:02 - [MESSAGE][PASSED] - Keys 'DOWN + ' sent to object: 'Object Repository/Objects.HighlightElements/input_field_index'

2020-06-07 22:24:02 - [TEST_STEP][PASSED] - sendKeys(NewInputNmField, Keys.chord(ARROW_DOWN)): Keys 'DOWN + ' sent to object: 'Object Repository/Objects.HighlightElements/input_field_index'

2020-06-07 22:24:02 - [MESSAGE][PASSED] - Keys 'DOWN + ' sent to object: 'Object Repository/Objects.HighlightElements/input_field_index'

2020-06-07 22:24:02 - [TEST_STEP][PASSED] - delay(DelayTime): Delayed 2 second(s)

2020-06-07 22:24:04 - [MESSAGE][PASSED] - Delayed 2 second(s)

2020-06-07 22:24:04 - [TEST_STEP][PASSED] - sendKeys(NewInputNmField, Keys.chord(ENTER)): Keys 'ENTER + ' sent to object: 'Object Repository/Objects.HighlightElements/input_field_index'

2020-06-07 22:24:05 - [MESSAGE][PASSED] - Keys 'ENTER + ' sent to object: 'Object Repository/Objects.HighlightElements/input_field_index'

2020-06-07 22:24:05 - [TEST_STEP][PASSED] - ComboBoxValue = getAttribute(NewInputNmField, "value"): Attribute 'value' of object 'Object Repository/Objects.HighlightElements/input_field_index' is: 'Section 13'

2020-06-07 22:24:05 - [MESSAGE][PASSED] - Attribute 'value' of object 'Object Repository/Objects.HighlightElements/input_field_index' is: 'Section 13'

2020-06-07 22:24:05 - [TEST_STEP][PASSED] - callTestCase(findTestCase(CallTCName), ["FindValue":ComboBoxValue, "DropdownNm":comboNm], STOP_ON_FAILURE): Call Test Case 'Test Cases/PFI Precision and Scale/HashMap Tables/ConstantHashMap' successfully

2020-06-07 22:24:05 - [TEST_CASE][PASSED] - Test Cases/PFI Precision and Scale/HashMap Tables/ConstantHashMap: Test Cases/PFI Precision and Scale/HashMap Tables/ConstantHashMap

2020-06-07 22:24:05 - [TEST_STEP][PASSED] - ConstantTBL = [1:["PeriodType":"Working Day(s)"], 2:["PeriodType":"Calendar Day(s)"], 3:["PeriodType":"Month(s)"], 4:["TypeOfLetter":"T1"], ... ]: null

2020-06-07 22:24:05 - [TEST_STEP][PASSED] - switch (DropdownNm): null

2020-06-07 22:24:05 - [TEST_STEP][PASSED] - case "OrderType":: null

2020-06-07 22:24:05 - [TEST_STEP][PASSED] - ValueFound = ConstantTBL.find({ -> ... }): null

2020-06-07 22:24:05 - [TEST_STEP][PASSED] - break: null

2020-06-07 22:24:05 - [MESSAGE][PASSED] - Call Test Case 'Test Cases/PFI Precision and Scale/HashMap Tables/ConstantHashMap' successfully

2020-06-07 22:24:05 - [TEST_STEP][PASSED] - println(ValueFound): null

2020-06-07 22:24:05 - [TEST_STEP][PASSED] - sendKeys(NewInputNmField, Keys.chord(ARROW_DOWN)): Keys 'DOWN + ' sent to object: 'Object Repository/Objects.HighlightElements/input_field_index'

2020-06-07 22:24:06 - [MESSAGE][PASSED] - Keys 'DOWN + ' sent to object: 'Object Repository/Objects.HighlightElements/input_field_index'

2020-06-07 22:24:06 - [TEST_STEP][PASSED] - sendKeys(NewInputNmField, Keys.chord(ARROW_DOWN)): Keys 'DOWN + ' sent to object: 'Object Repository/Objects.HighlightElements/input_field_index'

2020-06-07 22:24:06 - [MESSAGE][PASSED] - Keys 'DOWN + ' sent to object: 'Object Repository/Objects.HighlightElements/input_field_index'

2020-06-07 22:24:06 - [TEST_STEP][PASSED] - delay(DelayTime): Delayed 2 second(s)

2020-06-07 22:24:08 - [MESSAGE][PASSED] - Delayed 2 second(s)

2020-06-07 22:24:08 - [TEST_STEP][PASSED] - sendKeys(NewInputNmField, Keys.chord(ENTER)): Keys 'ENTER + ' sent to object: 'Object Repository/Objects.HighlightElements/input_field_index'

2020-06-07 22:24:09 - [MESSAGE][PASSED] - Keys 'ENTER + ' sent to object: 'Object Repository/Objects.HighlightElements/input_field_index'

2020-06-07 22:24:09 - [TEST_STEP][PASSED] - ComboBoxValue = getAttribute(NewInputNmField, "value"): Attribute 'value' of object 'Object Repository/Objects.HighlightElements/input_field_index' is: 'Section 19'

2020-06-07 22:24:09 - [MESSAGE][PASSED] - Attribute 'value' of object 'Object Repository/Objects.HighlightElements/input_field_index' is: 'Section 19'

2020-06-07 22:24:09 - [TEST_STEP][PASSED] - callTestCase(findTestCase(CallTCName), ["FindValue":ComboBoxValue, "DropdownNm":comboNm], STOP_ON_FAILURE): Call Test Case 'Test Cases/PFI Precision and Scale/HashMap Tables/ConstantHashMap' successfully

2020-06-07 22:24:09 - [TEST_CASE][PASSED] - Test Cases/PFI Precision and Scale/HashMap Tables/ConstantHashMap: Test Cases/PFI Precision and Scale/HashMap Tables/ConstantHashMap

2020-06-07 22:24:09 - [TEST_STEP][PASSED] - ConstantTBL = [1:["PeriodType":"Working Day(s)"], 2:["PeriodType":"Calendar Day(s)"], 3:["PeriodType":"Month(s)"], 4:["TypeOfLetter":"T1"], ... ]: null

2020-06-07 22:24:09 - [TEST_STEP][PASSED] - switch (DropdownNm): null

2020-06-07 22:24:09 - [TEST_STEP][PASSED] - case "OrderType":: null

2020-06-07 22:24:09 - [TEST_STEP][PASSED] - ValueFound = ConstantTBL.find({ -> ... }): null

2020-06-07 22:24:09 - [TEST_STEP][PASSED] - break: null

2020-06-07 22:24:09 - [MESSAGE][PASSED] - Call Test Case 'Test Cases/PFI Precision and Scale/HashMap Tables/ConstantHashMap' successfully

2020-06-07 22:24:09 - [TEST_STEP][PASSED] - println(ValueFound): null

2020-06-07 22:24:09 - [TEST_STEP][PASSED] - sendKeys(NewInputNmField, Keys.chord(ARROW_DOWN)): Keys 'DOWN + ' sent to object: 'Object Repository/Objects.HighlightElements/input_field_index'

2020-06-07 22:24:10 - [MESSAGE][PASSED] - Keys 'DOWN + ' sent to object: 'Object Repository/Objects.HighlightElements/input_field_index'

2020-06-07 22:24:10 - [TEST_STEP][PASSED] - sendKeys(NewInputNmField, Keys.chord(ARROW_DOWN)): Keys 'DOWN + ' sent to object: 'Object Repository/Objects.HighlightElements/input_field_index'

2020-06-07 22:24:10 - [MESSAGE][PASSED] - Keys 'DOWN + ' sent to object: 'Object Repository/Objects.HighlightElements/input_field_index'

2020-06-07 22:24:10 - [TEST_STEP][PASSED] - delay(DelayTime): Delayed 2 second(s)

2020-06-07 22:24:12 - [MESSAGE][PASSED] - Delayed 2 second(s)

2020-06-07 22:24:12 - [TEST_STEP][PASSED] - sendKeys(NewInputNmField, Keys.chord(ENTER)): Keys 'ENTER + ' sent to object: 'Object Repository/Objects.HighlightElements/input_field_index'

2020-06-07 22:24:13 - [MESSAGE][PASSED] - Keys 'ENTER + ' sent to object: 'Object Repository/Objects.HighlightElements/input_field_index'

2020-06-07 22:24:13 - [TEST_STEP][PASSED] - ComboBoxValue = getAttribute(NewInputNmField, "value"): Attribute 'value' of object 'Object Repository/Objects.HighlightElements/input_field_index' is: 'Section 25'

2020-06-07 22:24:13 - [MESSAGE][PASSED] - Attribute 'value' of object 'Object Repository/Objects.HighlightElements/input_field_index' is: 'Section 25'

2020-06-07 22:24:13 - [TEST_STEP][PASSED] - callTestCase(findTestCase(CallTCName), ["FindValue":ComboBoxValue, "DropdownNm":comboNm], STOP_ON_FAILURE): Call Test Case 'Test Cases/PFI Precision and Scale/HashMap Tables/ConstantHashMap' successfully

2020-06-07 22:24:13 - [TEST_CASE][PASSED] - Test Cases/PFI Precision and Scale/HashMap Tables/ConstantHashMap: Test Cases/PFI Precision and Scale/HashMap Tables/ConstantHashMap

2020-06-07 22:24:13 - [TEST_STEP][PASSED] - ConstantTBL = [1:["PeriodType":"Working Day(s)"], 2:["PeriodType":"Calendar Day(s)"], 3:["PeriodType":"Month(s)"], 4:["TypeOfLetter":"T1"], ... ]: null

2020-06-07 22:24:13 - [TEST_STEP][PASSED] - switch (DropdownNm): null

2020-06-07 22:24:13 - [TEST_STEP][PASSED] - case "OrderType":: null

2020-06-07 22:24:13 - [TEST_STEP][PASSED] - ValueFound = ConstantTBL.find({ -> ... }): null

2020-06-07 22:24:13 - [TEST_STEP][PASSED] - break: null

2020-06-07 22:24:13 - [MESSAGE][PASSED] - Call Test Case 'Test Cases/PFI Precision and Scale/HashMap Tables/ConstantHashMap' successfully

2020-06-07 22:24:13 - [TEST_STEP][PASSED] - println(ValueFound): null

2020-06-07 22:24:13 - [TEST_STEP][PASSED] - sendKeys(NewInputNmField, Keys.chord(ARROW_DOWN)): Keys 'DOWN + ' sent to object: 'Object Repository/Objects.HighlightElements/input_field_index'

2020-06-07 22:24:14 - [MESSAGE][PASSED] - Keys 'DOWN + ' sent to object: 'Object Repository/Objects.HighlightElements/input_field_index'

2020-06-07 22:24:14 - [TEST_STEP][PASSED] - sendKeys(NewInputNmField, Keys.chord(ARROW_DOWN)): Keys 'DOWN + ' sent to object: 'Object Repository/Objects.HighlightElements/input_field_index'

2020-06-07 22:24:14 - [MESSAGE][PASSED] - Keys 'DOWN + ' sent to object: 'Object Repository/Objects.HighlightElements/input_field_index'

2020-06-07 22:24:14 - [TEST_STEP][PASSED] - delay(DelayTime): Delayed 2 second(s)

2020-06-07 22:24:16 - [MESSAGE][PASSED] - Delayed 2 second(s)

2020-06-07 22:24:16 - [TEST_STEP][PASSED] - sendKeys(NewInputNmField, Keys.chord(ENTER)): Keys 'ENTER + ' sent to object: 'Object Repository/Objects.HighlightElements/input_field_index'

2020-06-07 22:24:17 - [MESSAGE][PASSED] - Keys 'ENTER + ' sent to object: 'Object Repository/Objects.HighlightElements/input_field_index'

2020-06-07 22:24:17 - [TEST_STEP][PASSED] - ComboBoxValue = getAttribute(NewInputNmField, "value"): Attribute 'value' of object 'Object Repository/Objects.HighlightElements/input_field_index' is: 'Section 43'

2020-06-07 22:24:17 - [MESSAGE][PASSED] - Attribute 'value' of object 'Object Repository/Objects.HighlightElements/input_field_index' is: 'Section 43'

2020-06-07 22:24:17 - [TEST_STEP][PASSED] - callTestCase(findTestCase(CallTCName), ["FindValue":ComboBoxValue, "DropdownNm":comboNm], STOP_ON_FAILURE): Call Test Case 'Test Cases/PFI Precision and Scale/HashMap Tables/ConstantHashMap' successfully

2020-06-07 22:24:17 - [TEST_CASE][PASSED] - Test Cases/PFI Precision and Scale/HashMap Tables/ConstantHashMap: Test Cases/PFI Precision and Scale/HashMap Tables/ConstantHashMap

2020-06-07 22:24:17 - [TEST_STEP][PASSED] - ConstantTBL = [1:["PeriodType":"Working Day(s)"], 2:["PeriodType":"Calendar Day(s)"], 3:["PeriodType":"Month(s)"], 4:["TypeOfLetter":"T1"], ... ]: null

2020-06-07 22:24:17 - [TEST_STEP][PASSED] - switch (DropdownNm): null

2020-06-07 22:24:17 - [TEST_STEP][PASSED] - case "OrderType":: null

2020-06-07 22:24:17 - [TEST_STEP][PASSED] - ValueFound = ConstantTBL.find({ -> ... }): null

2020-06-07 22:24:17 - [TEST_STEP][PASSED] - break: null

2020-06-07 22:24:17 - [MESSAGE][PASSED] - Call Test Case 'Test Cases/PFI Precision and Scale/HashMap Tables/ConstantHashMap' successfully

2020-06-07 22:24:17 - [TEST_STEP][PASSED] - println(ValueFound): null

2020-06-07 22:24:17 - [TEST_STEP][PASSED] - sendKeys(NewInputNmField, Keys.chord(ARROW_DOWN)): Keys 'DOWN + ' sent to object: 'Object Repository/Objects.HighlightElements/input_field_index'

2020-06-07 22:24:18 - [MESSAGE][PASSED] - Keys 'DOWN + ' sent to object: 'Object Repository/Objects.HighlightElements/input_field_index'

2020-06-07 22:24:18 - [TEST_STEP][PASSED] - sendKeys(NewInputNmField, Keys.chord(ARROW_DOWN)): Keys 'DOWN + ' sent to object: 'Object Repository/Objects.HighlightElements/input_field_index'

2020-06-07 22:24:18 - [MESSAGE][PASSED] - Keys 'DOWN + ' sent to object: 'Object Repository/Objects.HighlightElements/input_field_index'

2020-06-07 22:24:18 - [TEST_STEP][PASSED] - delay(DelayTime): Delayed 2 second(s)

2020-06-07 22:24:20 - [MESSAGE][PASSED] - Delayed 2 second(s)

2020-06-07 22:24:20 - [TEST_STEP][PASSED] - sendKeys(NewInputNmField, Keys.chord(ENTER)): Keys 'ENTER + ' sent to object: 'Object Repository/Objects.HighlightElements/input_field_index'

2020-06-07 22:24:21 - [MESSAGE][PASSED] - Keys 'ENTER + ' sent to object: 'Object Repository/Objects.HighlightElements/input_field_index'

2020-06-07 22:24:21 - [TEST_STEP][PASSED] - ComboBoxValue = getAttribute(NewInputNmField, "value"): Attribute 'value' of object 'Object Repository/Objects.HighlightElements/input_field_index' is: 'Section 5'

2020-06-07 22:24:21 - [MESSAGE][PASSED] - Attribute 'value' of object 'Object Repository/Objects.HighlightElements/input_field_index' is: 'Section 5'

2020-06-07 22:24:21 - [TEST_STEP][PASSED] - callTestCase(findTestCase(CallTCName), ["FindValue":ComboBoxValue, "DropdownNm":comboNm], STOP_ON_FAILURE): Call Test Case 'Test Cases/PFI Precision and Scale/HashMap Tables/ConstantHashMap' successfully

2020-06-07 22:24:21 - [TEST_CASE][PASSED] - Test Cases/PFI Precision and Scale/HashMap Tables/ConstantHashMap: Test Cases/PFI Precision and Scale/HashMap Tables/ConstantHashMap

2020-06-07 22:24:21 - [TEST_STEP][PASSED] - ConstantTBL = [1:["PeriodType":"Working Day(s)"], 2:["PeriodType":"Calendar Day(s)"], 3:["PeriodType":"Month(s)"], 4:["TypeOfLetter":"T1"], ... ]: null

2020-06-07 22:24:21 - [TEST_STEP][PASSED] - switch (DropdownNm): null

2020-06-07 22:24:21 - [TEST_STEP][PASSED] - case "OrderType":: null

2020-06-07 22:24:21 - [TEST_STEP][PASSED] - ValueFound = ConstantTBL.find({ -> ... }): null

2020-06-07 22:24:21 - [TEST_STEP][PASSED] - break: null

2020-06-07 22:24:21 - [MESSAGE][PASSED] - Call Test Case 'Test Cases/PFI Precision and Scale/HashMap Tables/ConstantHashMap' successfully

2020-06-07 22:24:21 - [TEST_STEP][PASSED] - println(ValueFound): null

2020-06-07 22:24:21 - [TEST_STEP][PASSED] - sendKeys(NewInputNmField, Keys.chord(ARROW_DOWN)): Keys 'DOWN + ' sent to object: 'Object Repository/Objects.HighlightElements/input_field_index'

2020-06-07 22:24:22 - [MESSAGE][PASSED] - Keys 'DOWN + ' sent to object: 'Object Repository/Objects.HighlightElements/input_field_index'

2020-06-07 22:24:22 - [TEST_STEP][PASSED] - sendKeys(NewInputNmField, Keys.chord(ARROW_DOWN)): Keys 'DOWN + ' sent to object: 'Object Repository/Objects.HighlightElements/input_field_index'

2020-06-07 22:24:22 - [MESSAGE][PASSED] - Keys 'DOWN + ' sent to object: 'Object Repository/Objects.HighlightElements/input_field_index'

2020-06-07 22:24:22 - [TEST_STEP][PASSED] - delay(DelayTime): Delayed 2 second(s)

2020-06-07 22:24:24 - [MESSAGE][PASSED] - Delayed 2 second(s)

2020-06-07 22:24:24 - [TEST_STEP][PASSED] - sendKeys(NewInputNmField, Keys.chord(ENTER)): Keys 'ENTER + ' sent to object: 'Object Repository/Objects.HighlightElements/input_field_index'

2020-06-07 22:24:25 - [MESSAGE][PASSED] - Keys 'ENTER + ' sent to object: 'Object Repository/Objects.HighlightElements/input_field_index'

2020-06-07 22:24:25 - [TEST_STEP][PASSED] - ComboBoxValue = getAttribute(NewInputNmField, "value"): Attribute 'value' of object 'Object Repository/Objects.HighlightElements/input_field_index' is: 'Section 23 '

2020-06-07 22:24:25 - [MESSAGE][PASSED] - Attribute 'value' of object 'Object Repository/Objects.HighlightElements/input_field_index' is: 'Section 23 '

2020-06-07 22:24:25 - [TEST_STEP][PASSED] - callTestCase(findTestCase(CallTCName), ["FindValue":ComboBoxValue, "DropdownNm":comboNm], STOP_ON_FAILURE): Call Test Case 'Test Cases/PFI Precision and Scale/HashMap Tables/ConstantHashMap' successfully

2020-06-07 22:24:25 - [TEST_CASE][PASSED] - Test Cases/PFI Precision and Scale/HashMap Tables/ConstantHashMap: Test Cases/PFI Precision and Scale/HashMap Tables/ConstantHashMap

2020-06-07 22:24:25 - [TEST_STEP][PASSED] - ConstantTBL = [1:["PeriodType":"Working Day(s)"], 2:["PeriodType":"Calendar Day(s)"], 3:["PeriodType":"Month(s)"], 4:["TypeOfLetter":"T1"], ... ]: null

2020-06-07 22:24:25 - [TEST_STEP][PASSED] - switch (DropdownNm): null

2020-06-07 22:24:25 - [TEST_STEP][PASSED] - case "OrderType":: null

2020-06-07 22:24:25 - [TEST_STEP][PASSED] - ValueFound = ConstantTBL.find({ -> ... }): null

2020-06-07 22:24:25 - [TEST_STEP][PASSED] - break: null

2020-06-07 22:24:25 - [MESSAGE][PASSED] - Call Test Case 'Test Cases/PFI Precision and Scale/HashMap Tables/ConstantHashMap' successfully

2020-06-07 22:24:25 - [TEST_STEP][PASSED] - println(ValueFound): null

2020-06-07 22:24:25 - [TEST_STEP][PASSED] - sendKeys(NewInputNmField, Keys.chord(ARROW_DOWN)): Keys 'DOWN + ' sent to object: 'Object Repository/Objects.HighlightElements/input_field_index'

2020-06-07 22:24:26 - [MESSAGE][PASSED] - Keys 'DOWN + ' sent to object: 'Object Repository/Objects.HighlightElements/input_field_index'

2020-06-07 22:24:26 - [TEST_STEP][PASSED] - sendKeys(NewInputNmField, Keys.chord(ARROW_DOWN)): Keys 'DOWN + ' sent to object: 'Object Repository/Objects.HighlightElements/input_field_index'

2020-06-07 22:24:26 - [MESSAGE][PASSED] - Keys 'DOWN + ' sent to object: 'Object Repository/Objects.HighlightElements/input_field_index'

2020-06-07 22:24:26 - [TEST_STEP][PASSED] - delay(DelayTime): Delayed 2 second(s)

2020-06-07 22:24:28 - [MESSAGE][PASSED] - Delayed 2 second(s)

2020-06-07 22:24:28 - [TEST_STEP][PASSED] - sendKeys(NewInputNmField, Keys.chord(ENTER)): Keys 'ENTER + ' sent to object: 'Object Repository/Objects.HighlightElements/input_field_index'

2020-06-07 22:24:29 - [MESSAGE][PASSED] - Keys 'ENTER + ' sent to object: 'Object Repository/Objects.HighlightElements/input_field_index'

2020-06-07 22:24:29 - [TEST_STEP][PASSED] - ComboBoxValue = getAttribute(NewInputNmField, "value"): Attribute 'value' of object 'Object Repository/Objects.HighlightElements/input_field_index' is: 'Section 24'

2020-06-07 22:24:29 - [MESSAGE][PASSED] - Attribute 'value' of object 'Object Repository/Objects.HighlightElements/input_field_index' is: 'Section 24'

2020-06-07 22:24:29 - [TEST_STEP][PASSED] - callTestCase(findTestCase(CallTCName), ["FindValue":ComboBoxValue, "DropdownNm":comboNm], STOP_ON_FAILURE): Call Test Case 'Test Cases/PFI Precision and Scale/HashMap Tables/ConstantHashMap' successfully

2020-06-07 22:24:29 - [TEST_CASE][PASSED] - Test Cases/PFI Precision and Scale/HashMap Tables/ConstantHashMap: Test Cases/PFI Precision and Scale/HashMap Tables/ConstantHashMap

2020-06-07 22:24:29 - [TEST_STEP][PASSED] - ConstantTBL = [1:["PeriodType":"Working Day(s)"], 2:["PeriodType":"Calendar Day(s)"], 3:["PeriodType":"Month(s)"], 4:["TypeOfLetter":"T1"], ... ]: null

2020-06-07 22:24:29 - [TEST_STEP][PASSED] - switch (DropdownNm): null

2020-06-07 22:24:29 - [TEST_STEP][PASSED] - case "OrderType":: null

2020-06-07 22:24:29 - [TEST_STEP][PASSED] - ValueFound = ConstantTBL.find({ -> ... }): null

2020-06-07 22:24:29 - [TEST_STEP][PASSED] - break: null

2020-06-07 22:24:29 - [MESSAGE][PASSED] - Call Test Case 'Test Cases/PFI Precision and Scale/HashMap Tables/ConstantHashMap' successfully

2020-06-07 22:24:29 - [TEST_STEP][PASSED] - println(ValueFound): null

2020-06-07 22:24:29 - [TEST_STEP][PASSED] - sendKeys(NewInputNmField, Keys.chord(ARROW_DOWN)): Keys 'DOWN + ' sent to object: 'Object Repository/Objects.HighlightElements/input_field_index'

2020-06-07 22:24:30 - [MESSAGE][PASSED] - Keys 'DOWN + ' sent to object: 'Object Repository/Objects.HighlightElements/input_field_index'

2020-06-07 22:24:30 - [TEST_STEP][PASSED] - sendKeys(NewInputNmField, Keys.chord(ENTER)): Keys 'ENTER + ' sent to object: 'Object Repository/Objects.HighlightElements/input_field_index'

2020-06-07 22:24:30 - [MESSAGE][PASSED] - Keys 'ENTER + ' sent to object: 'Object Repository/Objects.HighlightElements/input_field_index'

2020-06-07 22:24:30 - [MESSAGE][PASSED] - Call Test Case 'Test Cases/PFI Precision and Scale/PFI Components with Indexing/VerifyDropdownValuesXPI' successfully

2020-06-07 22:24:30 - [TEST_STEP][PASSED] - callTestCase(findTestCase("Components/HighlightLabelFieldXPI"), ["LblName":"Bldg Grp Id", "index":1], STOP_ON_FAILURE): Call Test Case 'Test Cases/Components/HighlightLabelFieldXPI' successfully

2020-06-07 22:24:30 - [TEST_CASE][PASSED] - Test Cases/Components/HighlightLabelFieldXPI: Test Cases/Components/HighlightLabelFieldXPI

2020-06-07 22:24:30 - [TEST_STEP][PASSED] - Thread.sleep(1000): null

2020-06-07 22:24:31 - [TEST_STEP][PASSED] - modifiedLblNm = modifyObjectProperty(findTestObject("Object Repository/Objects.HighlightElements/lblField_index"), "xpath", "equals", "(//*[contains(@class, 'x-form-item-label-inner x-form-item-label-inner-default') and contains(., '" + LblName + "')])[" + index + "]", true): Modify property of object successfully

2020-06-07 22:24:32 - [MESSAGE][PASSED] - Modify property of object successfully

2020-06-07 22:24:32 - [TEST_STEP][PASSED] - com.reusableComponents.HighlightElement.run(modifiedLblNm): com.reusableComponents.HighlightElement.run is PASSED

2020-06-07 22:24:34 - [MESSAGE][PASSED] - com.reusableComponents.HighlightElement.run is PASSED

2020-06-07 22:24:34 - [MESSAGE][PASSED] - Call Test Case 'Test Cases/Components/HighlightLabelFieldXPI' successfully

2020-06-07 22:24:34 - [TEST_STEP][PASSED] - callTestCase(findTestCase("Components/HighlightInputFieldXPI"), ["FldNm":"bldgGrpId", "index":1], STOP_ON_FAILURE): Call Test Case 'Test Cases/Components/HighlightInputFieldXPI' successfully

2020-06-07 22:24:34 - [TEST_CASE][PASSED] - Test Cases/Components/HighlightInputFieldXPI: Test Cases/Components/HighlightInputFieldXPI

2020-06-07 22:24:34 - [TEST_STEP][PASSED] - Thread.sleep(1000): null

2020-06-07 22:24:35 - [TEST_STEP][PASSED] - modifiedInputNm = modifyObjectProperty(findTestObject("Object Repository/Objects.HighlightElements/input_field_index"), "xpath", "equals", "(//*[contains(@name, '" + FldNm + "')])[" + index + "]", true): Modify property of object successfully

2020-06-07 22:24:35 - [MESSAGE][PASSED] - Modify property of object successfully

2020-06-07 22:24:35 - [TEST_STEP][PASSED] - com.reusableComponents.HighlightElement.run(modifiedInputNm): com.reusableComponents.HighlightElement.run is PASSED

2020-06-07 22:24:37 - [MESSAGE][PASSED] - com.reusableComponents.HighlightElement.run is PASSED

2020-06-07 22:24:37 - [MESSAGE][PASSED] - Call Test Case 'Test Cases/Components/HighlightInputFieldXPI' successfully

2020-06-07 22:24:37 - [TEST_STEP][NOT_RUN] - callTestCase(findTestCase("PFI Precision and Scale/PFI Components with Indexing/VerifyDefaultValueIndex"), ["FieldNm":"bldgGrpId", "index":1, "labelNm":"Bldg Grp Id:", "i":1], STOP_ON_FAILURE): NOT_RUN: callTestCase(findTestCase("PFI Precision and Scale/PFI Components with Indexing/VerifyDefaultValueIndex"), ["FieldNm":"bldgGrpId", "index":1, "labelNm":"Bldg Grp Id:", "i":1], STOP_ON_FAILURE)

2020-06-07 22:24:37 - [MESSAGE][NOT_RUN] - NOT_RUN: callTestCase(findTestCase("PFI Precision and Scale/PFI Components with Indexing/VerifyDefaultValueIndex"), ["FieldNm":"bldgGrpId", "index":1, "labelNm":"Bldg Grp Id:", "i":1], STOP_ON_FAILURE)

2020-06-07 22:24:37 - [TEST_STEP][PASSED] - callTestCase(findTestCase("Components/SelectAllThenDeleteXPI"), ["nameToBeUsed":"bldgGrpId", "index":1], STOP_ON_FAILURE): Call Test Case 'Test Cases/Components/SelectAllThenDeleteXPI' successfully

2020-06-07 22:24:37 - [TEST_CASE][PASSED] - Test Cases/Components/SelectAllThenDeleteXPI: Test Cases/Components/SelectAllThenDeleteXPI

2020-06-07 22:24:37 - [TEST_STEP][PASSED] - Thread.sleep(1000): null

2020-06-07 22:24:38 - [TEST_STEP][PASSED] - modifiedObj = modifyObjectProperty(findTestObject("Object Repository/Objects.HighlightElements/input_field_index"), "xpath", "equals", "(//*[contains(@name,'" + nameToBeUsed + "')])[" + index + "]", true): Modify property of object successfully

2020-06-07 22:24:38 - [MESSAGE][PASSED] - Modify property of object successfully

2020-06-07 22:24:38 - [TEST_STEP][PASSED] - focus(modifiedObj): Object: 'Object Repository/Objects.HighlightElements/input_field_index' is focused

2020-06-07 22:24:39 - [MESSAGE][PASSED] - Object: 'Object Repository/Objects.HighlightElements/input_field_index' is focused

2020-06-07 22:24:39 - [TEST_STEP][PASSED] - sendKeys(modifiedObj, Keys.chord(CONTROL, "a")): Keys 'CONTROL + a' sent to object: 'Object Repository/Objects.HighlightElements/input_field_index'

2020-06-07 22:24:39 - [MESSAGE][PASSED] - Keys 'CONTROL + a' sent to object: 'Object Repository/Objects.HighlightElements/input_field_index'

2020-06-07 22:24:39 - [TEST_STEP][PASSED] - sendKeys(modifiedObj, Keys.chord(DELETE)): Keys 'DELETE + ' sent to object: 'Object Repository/Objects.HighlightElements/input_field_index'

2020-06-07 22:24:40 - [MESSAGE][PASSED] - Keys 'DELETE + ' sent to object: 'Object Repository/Objects.HighlightElements/input_field_index'

2020-06-07 22:24:40 - [MESSAGE][PASSED] - Call Test Case 'Test Cases/Components/SelectAllThenDeleteXPI' successfully

2020-06-07 22:24:40 - [TEST_STEP][PASSED] - callTestCase(findTestCase("PFI Precision and Scale/PFI Components with Indexing/AlphaNumericSpecialValidationIndex"), ["FldNm":"bldgGrpId", "LenChar":10, "index":1], STOP_ON_FAILURE): Call Test Case 'Test Cases/PFI Precision and Scale/PFI Components with Indexing/AlphaNumericSpecialValidationIndex' successfully

2020-06-07 22:24:40 - [TEST_CASE][PASSED] - Test Cases/PFI Precision and Scale/PFI Components with Indexing/AlphaNumericSpecialValidationIndex: Test Cases/PFI Precision and Scale/PFI Components with Indexing/AlphaNumericSpecialValidationIndex

2020-06-07 22:24:40 - [TEST_STEP][PASSED] - charset = /?><"".join(): null

2020-06-07 22:24:40 - [TEST_STEP][PASSED] - AlphaNumeric = 9).join(): null

2020-06-07 22:24:40 - [TEST_STEP][PASSED] - SpecialChar = "`~!@#$%^&*()-=+_{}|\][;'":,./?><"": null

2020-06-07 22:24:40 - [TEST_STEP][PASSED] - RandomString = RandomStringUtils.random(LenChar, AlphaNumeric.toCharArray()): null

2020-06-07 22:24:40 - [TEST_STEP][PASSED] - RdmSpChar = RandomStringUtils.random(LenChar, SpecialChar): null

2020-06-07 22:24:40 - [TEST_STEP][PASSED] - regexPat = Pattern.compile("^[A-Za-z0-9 ]+$"): null

2020-06-07 22:24:40 - [TEST_STEP][PASSED] - NewInputNmField = modifyObjectProperty(findTestObject("Object Repository/Objects.HighlightElements/input_field_index"), "xpath", "equals", "(//*[contains(@class,'x-form-text') and (@name='" + FldNm + "')])[" + index + "]", true): Modify property of object successfully

2020-06-07 22:24:40 - [MESSAGE][PASSED] - Modify property of object successfully

2020-06-07 22:24:40 - [TEST_STEP][PASSED] - setText(NewInputNmField, RandomString): Text 'Z3HuD1j16b' is set on object 'Object Repository/Objects.HighlightElements/input_field_index'

2020-06-07 22:24:41 - [MESSAGE][PASSED] - Text 'Z3HuD1j16b' is set on object 'Object Repository/Objects.HighlightElements/input_field_index'

2020-06-07 22:24:41 - [TEST_STEP][PASSED] - RemarksAN = getAttribute(NewInputNmField, "value"): Attribute 'value' of object 'Object Repository/Objects.HighlightElements/input_field_index' is: 'Z3HuD1j16b'

2020-06-07 22:24:42 - [MESSAGE][PASSED] - Attribute 'value' of object 'Object Repository/Objects.HighlightElements/input_field_index' is: 'Z3HuD1j16b'

2020-06-07 22:24:42 - [TEST_STEP][PASSED] - matchStr = regexPat.matcher(RemarksAN): null

2020-06-07 22:24:42 - [TEST_STEP][PASSED] - if (matchStr.matches() == true): Accepting Alphanumeric

2020-06-07 22:24:42 - [TEST_STEP][PASSED] - comment("Accepting Alphanumeric"): Accepting Alphanumeric

2020-06-07 22:24:42 - [MESSAGE][INFO] - Accepting Alphanumeric

2020-06-07 22:24:42 - [TEST_STEP][PASSED] - setText(NewInputNmField, RdmSpChar): Text '"+^.`;&(~@' is set on object 'Object Repository/Objects.HighlightElements/input_field_index'

2020-06-07 22:24:43 - [MESSAGE][PASSED] - Text '"+^.`;&(~@' is set on object 'Object Repository/Objects.HighlightElements/input_field_index'

2020-06-07 22:24:43 - [TEST_STEP][PASSED] - RemarksSpChar = getAttribute(NewInputNmField, "value"): Attribute 'value' of object 'Object Repository/Objects.HighlightElements/input_field_index' is: '"+^.`;&(~@'

2020-06-07 22:24:43 - [MESSAGE][PASSED] - Attribute 'value' of object 'Object Repository/Objects.HighlightElements/input_field_index' is: '"+^.`;&(~@'

2020-06-07 22:24:43 - [TEST_STEP][PASSED] - matchSp = regexPat.matcher(RemarksSpChar): null

2020-06-07 22:24:43 - [TEST_STEP][PASSED] - if (matchSp.matches() == false): Accepting Special Characters

2020-06-07 22:24:43 - [TEST_STEP][PASSED] - comment("Accepting Special Characters"): Accepting Special Characters

2020-06-07 22:24:43 - [MESSAGE][INFO] - Accepting Special Characters

2020-06-07 22:24:43 - [MESSAGE][PASSED] - Call Test Case 'Test Cases/PFI Precision and Scale/PFI Components with Indexing/AlphaNumericSpecialValidationIndex' successfully

2020-06-07 22:24:43 - [TEST_STEP][PASSED] - callTestCase(findTestCase("PFI Precision and Scale/PFI Components with Indexing/MaxCharLengthIndexValidation"), ["FieldNm":"bldgGrpId", "index":1, "MaxCharLen":101], STOP_ON_FAILURE): Call Test Case 'Test Cases/PFI Precision and Scale/PFI Components with Indexing/MaxCharLengthIndexValidation' successfully

2020-06-07 22:24:43 - [TEST_CASE][PASSED] - Test Cases/PFI Precision and Scale/PFI Components with Indexing/MaxCharLengthIndexValidation: Test Cases/PFI Precision and Scale/PFI Components with Indexing/MaxCharLengthIndexValidation

2020-06-07 22:24:43 - [TEST_STEP][PASSED] - Thread.sleep(1000): null

2020-06-07 22:24:44 - [TEST_STEP][PASSED] - CharLengthTBL = ["aoNotes":4000, "notes":4000, "hseBlkNo":10, "buildingName":100, "unformattedAddress":4000, "courtNo":20, "caseGrpDesc":4000, ... ]: null

2020-06-07 22:24:44 - [TEST_STEP][PASSED] - charset = /?><"".join(): null

2020-06-07 22:24:44 - [TEST_STEP][PASSED] - RandomStringVal = RandomStringUtils.random(MaxCharLen, charset.toCharArray()): null

2020-06-07 22:24:44 - [TEST_STEP][PASSED] - NewInputNmField = modifyObjectProperty(findTestObject("Object Repository/Objects.HighlightElements/input_field_index"), "xpath", "equals", "(//*[contains(@class,'x-form-text') and (@name='" + FieldNm + "')])[" + index + "]", true): Modify property of object successfully

2020-06-07 22:24:44 - [MESSAGE][PASSED] - Modify property of object successfully

2020-06-07 22:24:44 - [TEST_STEP][PASSED] - setText(NewInputNmField, RandomStringVal): Text 'u'Xyz&L%mALB(\Y;Sfh<x=K0~McKYF5?jFK#q#g3YC".Y.eoP+.8'()@>9(bqar,9_Xo*=0TI"e=S3Azzjy4N2.DTy\vakgd>Z'gL' is set on object 'Object Repository/Objects.HighlightElements/input_field_index'

2020-06-07 22:24:50 - [MESSAGE][PASSED] - Text 'u'Xyz&L%mALB(\Y;Sfh<x=K0~McKYF5?jFK#q#g3YC".Y.eoP+.8'()@>9(bqar,9_Xo*=0TI"e=S3Azzjy4N2.DTy\vakgd>Z'gL' is set on object 'Object Repository/Objects.HighlightElements/input_field_index'

2020-06-07 22:24:50 - [TEST_STEP][PASSED] - GetInputValue = getAttribute(NewInputNmField, "value", STOP_ON_FAILURE): Attribute 'value' of object 'Object Repository/Objects.HighlightElements/input_field_index' is: 'u'Xyz&L%mALB(\Y;Sfh<x=K0~McKYF5?jFK#q#g3YC".Y.eoP+.8'()@>9(bqar,9_Xo*=0TI"e=S3Azzjy4N2.DTy\vakgd>Z'g'

2020-06-07 22:24:50 - [MESSAGE][PASSED] - Attribute 'value' of object 'Object Repository/Objects.HighlightElements/input_field_index' is: 'u'Xyz&L%mALB(\Y;Sfh<x=K0~McKYF5?jFK#q#g3YC".Y.eoP+.8'()@>9(bqar,9_Xo*=0TI"e=S3Azzjy4N2.DTy\vakgd>Z'g'

2020-06-07 22:24:50 - [TEST_STEP][PASSED] - GetLenChar = GetInputValue.length(): null

2020-06-07 22:24:50 - [TEST_STEP][PASSED] - MaxLength = CharLengthTBL.get(FieldNm): null

2020-06-07 22:24:50 - [TEST_STEP][PASSED] - if (MaxLength != null): Actual object '100' and expected object '100' are equal

2020-06-07 22:24:50 - [TEST_STEP][PASSED] - verifyEqual(GetLenChar, MaxLength): Actual object '100' and expected object '100' are equal

2020-06-07 22:24:50 - [MESSAGE][PASSED] - Actual object '100' and expected object '100' are equal

2020-06-07 22:24:50 - [MESSAGE][PASSED] - Call Test Case 'Test Cases/PFI Precision and Scale/PFI Components with Indexing/MaxCharLengthIndexValidation' successfully

2020-06-07 22:24:50 - [TEST_STEP][PASSED] - callTestCase(findTestCase("Components/HighlightLabelFieldXPI"), ["LblName":"Complaint Date", "index":1], STOP_ON_FAILURE): Call Test Case 'Test Cases/Components/HighlightLabelFieldXPI' successfully

2020-06-07 22:24:50 - [TEST_CASE][PASSED] - Test Cases/Components/HighlightLabelFieldXPI: Test Cases/Components/HighlightLabelFieldXPI

2020-06-07 22:24:50 - [TEST_STEP][PASSED] - Thread.sleep(1000): null

2020-06-07 22:24:51 - [TEST_STEP][PASSED] - modifiedLblNm = modifyObjectProperty(findTestObject("Object Repository/Objects.HighlightElements/lblField_index"), "xpath", "equals", "(//*[contains(@class, 'x-form-item-label-inner x-form-item-label-inner-default') and contains(., '" + LblName + "')])[" + index + "]", true): Modify property of object successfully

2020-06-07 22:24:52 - [MESSAGE][PASSED] - Modify property of object successfully

2020-06-07 22:24:52 - [TEST_STEP][PASSED] - com.reusableComponents.HighlightElement.run(modifiedLblNm): com.reusableComponents.HighlightElement.run is PASSED

2020-06-07 22:24:54 - [MESSAGE][PASSED] - com.reusableComponents.HighlightElement.run is PASSED

2020-06-07 22:24:54 - [MESSAGE][PASSED] - Call Test Case 'Test Cases/Components/HighlightLabelFieldXPI' successfully

2020-06-07 22:24:54 - [TEST_STEP][PASSED] - callTestCase(findTestCase("Components/HighlightInputFieldXPI"), ["FldNm":"complaintDt", "index":1], STOP_ON_FAILURE): Call Test Case 'Test Cases/Components/HighlightInputFieldXPI' successfully

2020-06-07 22:24:54 - [TEST_CASE][PASSED] - Test Cases/Components/HighlightInputFieldXPI: Test Cases/Components/HighlightInputFieldXPI

2020-06-07 22:24:54 - [TEST_STEP][PASSED] - Thread.sleep(1000): null

2020-06-07 22:24:55 - [TEST_STEP][PASSED] - modifiedInputNm = modifyObjectProperty(findTestObject("Object Repository/Objects.HighlightElements/input_field_index"), "xpath", "equals", "(//*[contains(@name, '" + FldNm + "')])[" + index + "]", true): Modify property of object successfully

2020-06-07 22:24:55 - [MESSAGE][PASSED] - Modify property of object successfully

2020-06-07 22:24:55 - [TEST_STEP][PASSED] - com.reusableComponents.HighlightElement.run(modifiedInputNm): com.reusableComponents.HighlightElement.run is PASSED

2020-06-07 22:24:57 - [MESSAGE][PASSED] - com.reusableComponents.HighlightElement.run is PASSED

2020-06-07 22:24:57 - [MESSAGE][PASSED] - Call Test Case 'Test Cases/Components/HighlightInputFieldXPI' successfully

2020-06-07 22:24:57 - [TEST_STEP][PASSED] - callTestCase(findTestCase("PFI Precision and Scale/PFI Components with Indexing/NumericTextboxValidationIndex"), ["nameToBeUsed":"complaintDt", "index":1, "minLen":5], STOP_ON_FAILURE): Call Test Case 'Test Cases/PFI Precision and Scale/PFI Components with Indexing/NumericTextboxValidationIndex' successfully

2020-06-07 22:24:57 - [TEST_CASE][PASSED] - Test Cases/PFI Precision and Scale/PFI Components with Indexing/NumericTextboxValidationIndex: Test Cases/PFI Precision and Scale/PFI Components with Indexing/NumericTextboxValidationIndex

2020-06-07 22:24:57 - [TEST_STEP][PASSED] - Thread.sleep(1000): null

2020-06-07 22:24:58 - [TEST_STEP][PASSED] - Numeric = "0123456789": null

2020-06-07 22:24:58 - [TEST_STEP][PASSED] - AlphaSpecialChar = z) + "`~!@#$%^&*()=_{}|\][;'":,?><"".join(): null

2020-06-07 22:24:58 - [TEST_STEP][PASSED] - RandomNumeric = RandomStringUtils.random(minLen, Numeric.toCharArray()): null

2020-06-07 22:24:58 - [TEST_STEP][PASSED] - RandomString = RandomStringUtils.random(minLen, AlphaSpecialChar): null

2020-06-07 22:24:58 - [TEST_STEP][PASSED] - regexPat = Pattern.compile("^[0-9]+$"): null

2020-06-07 22:24:58 - [TEST_STEP][PASSED] - NewInputNmField = modifyObjectProperty(findTestObject("Object Repository/Objects.HighlightElements/input_field_index"), "xpath", "equals", "(//*[contains(@class,'x-form-text') and (@name='" + nameToBeUsed + "')])[" + index + "]", true): Modify property of object successfully

2020-06-07 22:24:59 - [MESSAGE][PASSED] - Modify property of object successfully

2020-06-07 22:24:59 - [TEST_STEP][PASSED] - focus(NewInputNmField): Object: 'Object Repository/Objects.HighlightElements/input_field_index' is focused

2020-06-07 22:24:59 - [MESSAGE][PASSED] - Object: 'Object Repository/Objects.HighlightElements/input_field_index' is focused

2020-06-07 22:24:59 - [TEST_STEP][PASSED] - setText(NewInputNmField, RandomString): Text '?f:>(' is set on object 'Object Repository/Objects.HighlightElements/input_field_index'

2020-06-07 22:25:00 - [MESSAGE][PASSED] - Text '?f:>(' is set on object 'Object Repository/Objects.HighlightElements/input_field_index'

2020-06-07 22:25:00 - [TEST_STEP][PASSED] - GetInputVal = getAttribute(NewInputNmField, "value"): Attribute 'value' of object 'Object Repository/Objects.HighlightElements/input_field_index' is: ''

2020-06-07 22:25:00 - [MESSAGE][PASSED] - Attribute 'value' of object 'Object Repository/Objects.HighlightElements/input_field_index' is: ''

2020-06-07 22:25:00 - [TEST_STEP][PASSED] - if (GetInputVal.contains("e")): null

2020-06-07 22:25:00 - [TEST_STEP][PASSED] - else: Actual text '' and expected text '' are matched  using regular expression

2020-06-07 22:25:00 - [TEST_STEP][PASSED] - verifyMatch(GetInputVal, "", true): Actual text '' and expected text '' are matched  using regular expression

2020-06-07 22:25:00 - [MESSAGE][PASSED] - Actual text '' and expected text '' are matched  using regular expression

2020-06-07 22:25:00 - [TEST_STEP][PASSED] - setText(NewInputNmField, RandomNumeric): Text '19337' is set on object 'Object Repository/Objects.HighlightElements/input_field_index'

2020-06-07 22:25:01 - [MESSAGE][PASSED] - Text '19337' is set on object 'Object Repository/Objects.HighlightElements/input_field_index'

2020-06-07 22:25:01 - [TEST_STEP][PASSED] - GetEnteredIntegers = getAttribute(NewInputNmField, "value"): Attribute 'value' of object 'Object Repository/Objects.HighlightElements/input_field_index' is: '19337'

2020-06-07 22:25:01 - [MESSAGE][PASSED] - Attribute 'value' of object 'Object Repository/Objects.HighlightElements/input_field_index' is: '19337'

2020-06-07 22:25:01 - [TEST_STEP][PASSED] - matchStr = regexPat.matcher(GetEnteredIntegers): null

2020-06-07 22:25:01 - [TEST_STEP][PASSED] - if (matchStr.matches() == true): Accepting Numeric

2020-06-07 22:25:01 - [TEST_STEP][PASSED] - comment("Accepting Numeric"): Accepting Numeric

2020-06-07 22:25:01 - [MESSAGE][INFO] - Accepting Numeric

2020-06-07 22:25:01 - [MESSAGE][PASSED] - Call Test Case 'Test Cases/PFI Precision and Scale/PFI Components with Indexing/NumericTextboxValidationIndex' successfully

2020-06-07 22:25:01 - [TEST_STEP][PASSED] - callTestCase(findTestCase("PFI Precision and Scale/PFI Components with Indexing/InvalidDateErrorValidationIndex"), ["FldNm":"complaintDt", "index":1], STOP_ON_FAILURE): Call Test Case 'Test Cases/PFI Precision and Scale/PFI Components with Indexing/InvalidDateErrorValidationIndex' successfully

2020-06-07 22:25:01 - [TEST_CASE][PASSED] - Test Cases/PFI Precision and Scale/PFI Components with Indexing/InvalidDateErrorValidationIndex: Test Cases/PFI Precision and Scale/PFI Components with Indexing/InvalidDateErrorValidationIndex

2020-06-07 22:25:01 - [TEST_STEP][PASSED] - Thread.sleep(1000): null

2020-06-07 22:25:02 - [TEST_STEP][PASSED] - DateFieldNm = modifyObjectProperty(findTestObject("Object Repository/Objects.HighlightElements/input_field_index"), "xpath", "equals", "(//*[contains(@class,'x-form-text') and (@name='" + FldNm + "')])[" + index + "]", true): Modify property of object successfully

2020-06-07 22:25:03 - [MESSAGE][PASSED] - Modify property of object successfully

2020-06-07 22:25:03 - [TEST_STEP][PASSED] - focus(DateFieldNm): Object: 'Object Repository/Objects.HighlightElements/input_field_index' is focused

2020-06-07 22:25:03 - [MESSAGE][PASSED] - Object: 'Object Repository/Objects.HighlightElements/input_field_index' is focused

2020-06-07 22:25:03 - [TEST_STEP][PASSED] - getInputInvalidDate = getAttribute(DateFieldNm, "value"): Attribute 'value' of object 'Object Repository/Objects.HighlightElements/input_field_index' is: '19337'

2020-06-07 22:25:03 - [MESSAGE][PASSED] - Attribute 'value' of object 'Object Repository/Objects.HighlightElements/input_field_index' is: '19337'

2020-06-07 22:25:03 - [TEST_STEP][PASSED] - mouseOver(DateFieldNm): Object: 'Object Repository/Objects.HighlightElements/input_field_index' is hovered

2020-06-07 22:25:04 - [MESSAGE][PASSED] - Object: 'Object Repository/Objects.HighlightElements/input_field_index' is hovered

2020-06-07 22:25:04 - [TEST_STEP][PASSED] - getErrMsg = getAttribute(DateFieldNm, "data-errorqtip"): Attribute 'data-errorqtip' of object 'Object Repository/Objects.HighlightElements/input_field_index' is: '<ul class="x-list-plain"><li>19337 is not a valid date - it must be in the format d/m/Y</li></ul>'

2020-06-07 22:25:04 - [MESSAGE][PASSED] - Attribute 'data-errorqtip' of object 'Object Repository/Objects.HighlightElements/input_field_index' is: '<ul class="x-list-plain"><li>19337 is not a valid date - it must be in the format d/m/Y</li></ul>'

2020-06-07 22:25:04 - [TEST_STEP][PASSED] - getTotalLength = getErrMsg.length(): null

2020-06-07 22:25:04 - [TEST_STEP][PASSED] - RemoveULClass = getErrMsg.substring(29, getTotalLength): null

2020-06-07 22:25:04 - [TEST_STEP][PASSED] - LengthNoUlClass = RemoveULClass.length() - 10: null

2020-06-07 22:25:04 - [TEST_STEP][PASSED] - ToolTipInvErrMsg = RemoveULClass.substring(0, LengthNoUlClass): null

2020-06-07 22:25:04 - [TEST_STEP][PASSED] - ExpectedInvalidErrMsg = concatenate(getInputInvalidDate, " ", NotValidDt): Concatenated string array: '['19337',' ','is not a valid date - it must be in the format d/m/Y']' into '19337 is not a valid date - it must be in the format d/m/Y'

2020-06-07 22:25:04 - [MESSAGE][PASSED] - Concatenated string array: '['19337',' ','is not a valid date - it must be in the format d/m/Y']' into '19337 is not a valid date - it must be in the format d/m/Y'

2020-06-07 22:25:04 - [TEST_STEP][PASSED] - verifyMatch(ToolTipInvErrMsg, ExpectedInvalidErrMsg, true): Actual text '19337 is not a valid date - it must be in the format d/m/Y' and expected text '19337 is not a valid date - it must be in the format d/m/Y' are matched  using regular expression

2020-06-07 22:25:04 - [MESSAGE][PASSED] - Actual text '19337 is not a valid date - it must be in the format d/m/Y' and expected text '19337 is not a valid date - it must be in the format d/m/Y' are matched  using regular expression

2020-06-07 22:25:04 - [MESSAGE][PASSED] - Call Test Case 'Test Cases/PFI Precision and Scale/PFI Components with Indexing/InvalidDateErrorValidationIndex' successfully

2020-06-07 22:25:04 - [TEST_STEP][FAILED] - callTestCase(findTestCase("PFI Precision and Scale/PFI Components with Indexing/SelectDayInDatePickerWithIndexII"), ["FldNm":"complaintDt", "SelectCurrentDay":25, "index":1, "idx":1], STOP_ON_FAILURE): Unable to call Test Case 'Test Cases/PFI Precision and Scale/PFI Components with Indexing/SelectDayInDatePickerWithIndexII' (Root cause: com.kms.katalon.core.exception.StepFailedException: Call Test Case 'Test Cases/PFI Precision and Scale/PFI Components with Indexing/SelectDayInDatePickerWithIndexII' failed
	at com.kms.katalon.core.keyword.builtin.CallTestCaseKeyword$_callTestCase_closure1.doCall(CallTestCaseKeyword.groovy:63)
	at com.kms.katalon.core.keyword.builtin.CallTestCaseKeyword$_callTestCase_closure1.call(CallTestCaseKeyword.groovy)
	at com.kms.katalon.core.keyword.internal.KeywordMain.runKeyword(KeywordMain.groovy:68)
	at com.kms.katalon.core.keyword.builtin.CallTestCaseKeyword.callTestCase(CallTestCaseKeyword.groovy:81)
	at com.kms.katalon.core.keyword.builtin.CallTestCaseKeyword.execute(CallTestCaseKeyword.groovy:44)
	at com.kms.katalon.core.keyword.internal.KeywordExecutor.executeKeywordForPlatform(KeywordExecutor.groovy:72)
	at com.kms.katalon.core.keyword.BuiltinKeywords.callTestCase(BuiltinKeywords.groovy:334)
	at PFIA.CourtActionsLHS.run(PFIA.CourtActionsLHS:172)
	at com.kms.katalon.core.main.ScriptEngine.run(ScriptEngine.java:194)
	at com.kms.katalon.core.main.ScriptEngine.runScriptAsRawText(ScriptEngine.java:119)
	at com.kms.katalon.core.main.TestCaseExecutor.runScript(TestCaseExecutor.java:337)
	at com.kms.katalon.core.main.TestCaseExecutor.doExecute(TestCaseExecutor.java:328)
	at com.kms.katalon.core.main.TestCaseExecutor.processExecutionPhase(TestCaseExecutor.java:307)
	at com.kms.katalon.core.main.TestCaseExecutor.accessMainPhase(TestCaseExecutor.java:299)
	at com.kms.katalon.core.main.TestCaseExecutor.execute(TestCaseExecutor.java:233)
	at com.kms.katalon.core.main.TestSuiteExecutor.accessTestCaseMainPhase(TestSuiteExecutor.java:169)
	at com.kms.katalon.core.main.TestSuiteExecutor.accessTestSuiteMainPhase(TestSuiteExecutor.java:142)
	at com.kms.katalon.core.main.TestSuiteExecutor.execute(TestSuiteExecutor.java:91)
	at com.kms.katalon.core.main.TestCaseMain.startTestSuite(TestCaseMain.java:157)
	at com.kms.katalon.core.main.TestCaseMain$startTestSuite$0.call(Unknown Source)
	at TempTestSuite1591537817673.run(TempTestSuite1591537817673.groovy:36)
Caused by: com.kms.katalon.core.exception.StepFailedException: Invalid Date Format!
	at com.kms.katalon.core.util.KeywordUtil.markFailedAndStop(KeywordUtil.java:28)
	at com.kms.katalon.core.util.KeywordUtil$markFailedAndStop.call(Unknown Source)
	at SelectDayInDatePickerWithIndexII.run(SelectDayInDatePickerWithIndexII:55)
	at com.kms.katalon.core.main.ScriptEngine.run(ScriptEngine.java:194)
	at com.kms.katalon.core.main.ScriptEngine.runScriptAsRawText(ScriptEngine.java:119)
	at com.kms.katalon.core.main.TestCaseExecutor.runScript(TestCaseExecutor.java:337)
	at com.kms.katalon.core.main.TestCaseExecutor.doExecute(TestCaseExecutor.java:328)
	at com.kms.katalon.core.main.TestCaseExecutor.processExecutionPhase(TestCaseExecutor.java:307)
	at com.kms.katalon.core.main.TestCaseExecutor.accessMainPhase(TestCaseExecutor.java:299)
	at com.kms.katalon.core.main.TestCaseExecutor.execute(TestCaseExecutor.java:233)
	at com.kms.katalon.core.main.TestCaseMain.runTestCase(TestCaseMain.java:114)
	at com.kms.katalon.core.keyword.builtin.CallTestCaseKeyword$_callTestCase_closure1.doCall(CallTestCaseKeyword.groovy:59)
	... 20 more
)

2020-06-07 22:25:04 - [TEST_CASE][FAILED] - Test Cases/PFI Precision and Scale/PFI Components with Indexing/SelectDayInDatePickerWithIndexII: Test Cases/PFI Precision and Scale/PFI Components with Indexing/SelectDayInDatePickerWithIndexII FAILED.
Reason:
com.kms.katalon.core.exception.StepFailedException: Invalid Date Format!
	at com.kms.katalon.core.util.KeywordUtil.markFailedAndStop(KeywordUtil.java:28)
	at com.kms.katalon.core.util.KeywordUtil$markFailedAndStop.call(Unknown Source)
	at SelectDayInDatePickerWithIndexII.run(SelectDayInDatePickerWithIndexII:55)
	at com.kms.katalon.core.main.ScriptEngine.run(ScriptEngine.java:194)
	at com.kms.katalon.core.main.ScriptEngine.runScriptAsRawText(ScriptEngine.java:119)
	at com.kms.katalon.core.main.TestCaseExecutor.runScript(TestCaseExecutor.java:337)
	at com.kms.katalon.core.main.TestCaseExecutor.doExecute(TestCaseExecutor.java:328)
	at com.kms.katalon.core.main.TestCaseExecutor.processExecutionPhase(TestCaseExecutor.java:307)
	at com.kms.katalon.core.main.TestCaseExecutor.accessMainPhase(TestCaseExecutor.java:299)
	at com.kms.katalon.core.main.TestCaseExecutor.execute(TestCaseExecutor.java:233)
	at com.kms.katalon.core.main.TestCaseMain.runTestCase(TestCaseMain.java:114)
	at com.kms.katalon.core.keyword.builtin.CallTestCaseKeyword$_callTestCase_closure1.doCall(CallTestCaseKeyword.groovy:59)
	at com.kms.katalon.core.keyword.builtin.CallTestCaseKeyword$_callTestCase_closure1.call(CallTestCaseKeyword.groovy)
	at com.kms.katalon.core.keyword.internal.KeywordMain.runKeyword(KeywordMain.groovy:68)
	at com.kms.katalon.core.keyword.builtin.CallTestCaseKeyword.callTestCase(CallTestCaseKeyword.groovy:81)
	at com.kms.katalon.core.keyword.builtin.CallTestCaseKeyword.execute(CallTestCaseKeyword.groovy:44)
	at com.kms.katalon.core.keyword.internal.KeywordExecutor.executeKeywordForPlatform(KeywordExecutor.groovy:72)
	at com.kms.katalon.core.keyword.BuiltinKeywords.callTestCase(BuiltinKeywords.groovy:334)
	at PFIA.CourtActionsLHS.run(PFIA.CourtActionsLHS:172)
	at com.kms.katalon.core.main.ScriptEngine.run(ScriptEngine.java:194)
	at com.kms.katalon.core.main.ScriptEngine.runScriptAsRawText(ScriptEngine.java:119)
	at com.kms.katalon.core.main.TestCaseExecutor.runScript(TestCaseExecutor.java:337)
	at com.kms.katalon.core.main.TestCaseExecutor.doExecute(TestCaseExecutor.java:328)
	at com.kms.katalon.core.main.TestCaseExecutor.processExecutionPhase(TestCaseExecutor.java:307)
	at com.kms.katalon.core.main.TestCaseExecutor.accessMainPhase(TestCaseExecutor.java:299)
	at com.kms.katalon.core.main.TestCaseExecutor.execute(TestCaseExecutor.java:233)
	at com.kms.katalon.core.main.TestSuiteExecutor.accessTestCaseMainPhase(TestSuiteExecutor.java:169)
	at com.kms.katalon.core.main.TestSuiteExecutor.accessTestSuiteMainPhase(TestSuiteExecutor.java:142)
	at com.kms.katalon.core.main.TestSuiteExecutor.execute(TestSuiteExecutor.java:91)
	at com.kms.katalon.core.main.TestCaseMain.startTestSuite(TestCaseMain.java:157)
	at com.kms.katalon.core.main.TestCaseMain$startTestSuite$0.call(Unknown Source)
	at TempTestSuite1591537817673.run(TempTestSuite1591537817673.groovy:36)


2020-06-07 22:25:04 - [TEST_STEP][PASSED] - Thread.sleep(1000): null

2020-06-07 22:25:05 - [TEST_STEP][PASSED] - DateInputFld = modifyObjectProperty(findTestObject("Objects.HighlightElements/input_field_index"), "xpath", "equals", "(//*[contains(@class,'x-form-text') and (@name='" + FldNm + "')])[" + idx + "]", true): Modify property of object successfully

2020-06-07 22:25:06 - [MESSAGE][PASSED] - Modify property of object successfully

2020-06-07 22:25:06 - [TEST_STEP][PASSED] - ModifiedDay = modifyObjectProperty(findTestObject("Objects.DateValidation/Page_ISPS2/Select_Day_Index"), "xpath", "equals", "(//*[contains(@class, 'x-datepicker-date') and (text() = '" + SelectCurrentDay + "')])[" + index + "]", true): Modify property of object successfully

2020-06-07 22:25:06 - [MESSAGE][PASSED] - Modify property of object successfully

2020-06-07 22:25:06 - [TEST_STEP][PASSED] - sendKeys(DateInputFld, Keys.chord(ARROW_DOWN)): Keys 'DOWN + ' sent to object: 'Object Repository/Objects.HighlightElements/input_field_index'

2020-06-07 22:25:06 - [MESSAGE][PASSED] - Keys 'DOWN + ' sent to object: 'Object Repository/Objects.HighlightElements/input_field_index'

2020-06-07 22:25:06 - [TEST_STEP][PASSED] - com.reusableComponents.HighlightElement.run(ModifiedDay): com.reusableComponents.HighlightElement.run is PASSED

2020-06-07 22:25:08 - [MESSAGE][PASSED] - com.reusableComponents.HighlightElement.run is PASSED

2020-06-07 22:25:08 - [TEST_STEP][PASSED] - delay(1): Delayed 1 second(s)

2020-06-07 22:25:09 - [MESSAGE][PASSED] - Delayed 1 second(s)

2020-06-07 22:25:09 - [TEST_STEP][PASSED] - click(ModifiedDay): Object: 'Object Repository/Objects.DateValidation/Page_ISPS2/Select_Day_Index' is clicked on

2020-06-07 22:25:10 - [MESSAGE][ERROR] - javascript error: Failed to execute 'elementsFromPoint' on 'Document': The provided double value is non-finite.
  (Session info: chrome=79.0.3945.88)
Build info: version: '3.141.59', revision: 'e82be7d358', time: '2018-11-14T08:25:53'
System info: host: 'NSNB-004', ip: '192.168.16.44', os.name: 'Windows 10', os.arch: 'amd64', os.version: '10.0', java.version: '1.8.0_181'
Driver info: com.kms.katalon.selenium.driver.CChromeDriver
Capabilities {acceptInsecureCerts: false, browserName: chrome, browserVersion: 79.0.3945.88, chrome: {chromedriverVersion: 79.0.3945.36 (3582db32b3389..., userDataDir: C:\Users\20008-~1\AppData\L...}, goog:chromeOptions: {debuggerAddress: localhost:63451}, javascriptEnabled: true, networkConnectionEnabled: false, pageLoadStrategy: normal, platform: WINDOWS, platformName: WINDOWS, proxy: Proxy(), setWindowRect: true, strictFileInteractability: false, timeouts: {implicit: 0, pageLoad: 300000, script: 30000}, unhandledPromptBehavior: dismiss and notify}
Session ID: 02cde1b9dab4b9d7cd6d0287e22b1c8d

2020-06-07 22:25:40 - [MESSAGE][ERROR] - javascript error: Failed to execute 'elementsFromPoint' on 'Document': The provided double value is non-finite.
  (Session info: chrome=79.0.3945.88)
Build info: version: '3.141.59', revision: 'e82be7d358', time: '2018-11-14T08:25:53'
System info: host: 'NSNB-004', ip: '192.168.16.44', os.name: 'Windows 10', os.arch: 'amd64', os.version: '10.0', java.version: '1.8.0_181'
Driver info: com.kms.katalon.selenium.driver.CChromeDriver
Capabilities {acceptInsecureCerts: false, browserName: chrome, browserVersion: 79.0.3945.88, chrome: {chromedriverVersion: 79.0.3945.36 (3582db32b3389..., userDataDir: C:\Users\20008-~1\AppData\L...}, goog:chromeOptions: {debuggerAddress: localhost:63451}, javascriptEnabled: true, networkConnectionEnabled: false, pageLoadStrategy: normal, platform: WINDOWS, platformName: WINDOWS, proxy: Proxy(), setWindowRect: true, strictFileInteractability: false, timeouts: {implicit: 0, pageLoad: 300000, script: 30000}, unhandledPromptBehavior: dismiss and notify}
Session ID: 02cde1b9dab4b9d7cd6d0287e22b1c8d

2020-06-07 22:25:40 - [MESSAGE][PASSED] - Object: 'Object Repository/Objects.DateValidation/Page_ISPS2/Select_Day_Index' is clicked on

2020-06-07 22:25:40 - [TEST_STEP][PASSED] - GetError = getAttribute(DateInputFld, "data-errorqtip"): Attribute 'data-errorqtip' of object 'Object Repository/Objects.HighlightElements/input_field_index' is: '<ul class="x-list-plain"><li>19337 is not a valid date - it must be in the format d/m/Y</li></ul>'

2020-06-07 22:25:40 - [MESSAGE][PASSED] - Attribute 'data-errorqtip' of object 'Object Repository/Objects.HighlightElements/input_field_index' is: '<ul class="x-list-plain"><li>19337 is not a valid date - it must be in the format d/m/Y</li></ul>'

2020-06-07 22:25:40 - [TEST_STEP][PASSED] - if (GetError == ""): null

2020-06-07 22:25:40 - [TEST_STEP][PASSED] - else: null

2020-06-07 22:25:40 - [TEST_STEP][PASSED] - markFailedAndStop("Invalid Date Format!"): null

2020-06-07 22:25:40 - [MESSAGE][FAILED] - Unable to call Test Case 'Test Cases/PFI Precision and Scale/PFI Components with Indexing/SelectDayInDatePickerWithIndexII' (Root cause: com.kms.katalon.core.exception.StepFailedException: Call Test Case 'Test Cases/PFI Precision and Scale/PFI Components with Indexing/SelectDayInDatePickerWithIndexII' failed
	at com.kms.katalon.core.keyword.builtin.CallTestCaseKeyword$_callTestCase_closure1.doCall(CallTestCaseKeyword.groovy:63)
	at com.kms.katalon.core.keyword.builtin.CallTestCaseKeyword$_callTestCase_closure1.call(CallTestCaseKeyword.groovy)
	at com.kms.katalon.core.keyword.internal.KeywordMain.runKeyword(KeywordMain.groovy:68)
	at com.kms.katalon.core.keyword.builtin.CallTestCaseKeyword.callTestCase(CallTestCaseKeyword.groovy:81)
	at com.kms.katalon.core.keyword.builtin.CallTestCaseKeyword.execute(CallTestCaseKeyword.groovy:44)
	at com.kms.katalon.core.keyword.internal.KeywordExecutor.executeKeywordForPlatform(KeywordExecutor.groovy:72)
	at com.kms.katalon.core.keyword.BuiltinKeywords.callTestCase(BuiltinKeywords.groovy:334)
	at PFIA.CourtActionsLHS.run(PFIA.CourtActionsLHS:172)
	at com.kms.katalon.core.main.ScriptEngine.run(ScriptEngine.java:194)
	at com.kms.katalon.core.main.ScriptEngine.runScriptAsRawText(ScriptEngine.java:119)
	at com.kms.katalon.core.main.TestCaseExecutor.runScript(TestCaseExecutor.java:337)
	at com.kms.katalon.core.main.TestCaseExecutor.doExecute(TestCaseExecutor.java:328)
	at com.kms.katalon.core.main.TestCaseExecutor.processExecutionPhase(TestCaseExecutor.java:307)
	at com.kms.katalon.core.main.TestCaseExecutor.accessMainPhase(TestCaseExecutor.java:299)
	at com.kms.katalon.core.main.TestCaseExecutor.execute(TestCaseExecutor.java:233)
	at com.kms.katalon.core.main.TestSuiteExecutor.accessTestCaseMainPhase(TestSuiteExecutor.java:169)
	at com.kms.katalon.core.main.TestSuiteExecutor.accessTestSuiteMainPhase(TestSuiteExecutor.java:142)
	at com.kms.katalon.core.main.TestSuiteExecutor.execute(TestSuiteExecutor.java:91)
	at com.kms.katalon.core.main.TestCaseMain.startTestSuite(TestCaseMain.java:157)
	at com.kms.katalon.core.main.TestCaseMain$startTestSuite$0.call(Unknown Source)
	at TempTestSuite1591537817673.run(TempTestSuite1591537817673.groovy:36)
Caused by: com.kms.katalon.core.exception.StepFailedException: Invalid Date Format!
	at com.kms.katalon.core.util.KeywordUtil.markFailedAndStop(KeywordUtil.java:28)
	at com.kms.katalon.core.util.KeywordUtil$markFailedAndStop.call(Unknown Source)
	at SelectDayInDatePickerWithIndexII.run(SelectDayInDatePickerWithIndexII:55)
	at com.kms.katalon.core.main.ScriptEngine.run(ScriptEngine.java:194)
	at com.kms.katalon.core.main.ScriptEngine.runScriptAsRawText(ScriptEngine.java:119)
	at com.kms.katalon.core.main.TestCaseExecutor.runScript(TestCaseExecutor.java:337)
	at com.kms.katalon.core.main.TestCaseExecutor.doExecute(TestCaseExecutor.java:328)
	at com.kms.katalon.core.main.TestCaseExecutor.processExecutionPhase(TestCaseExecutor.java:307)
	at com.kms.katalon.core.main.TestCaseExecutor.accessMainPhase(TestCaseExecutor.java:299)
	at com.kms.katalon.core.main.TestCaseExecutor.execute(TestCaseExecutor.java:233)
	at com.kms.katalon.core.main.TestCaseMain.runTestCase(TestCaseMain.java:114)
	at com.kms.katalon.core.keyword.builtin.CallTestCaseKeyword$_callTestCase_closure1.doCall(CallTestCaseKeyword.groovy:59)
	... 20 more
)]]></system-out>
         <system-err><![CDATA[2020-06-07 22:18:53 - [TEST_CASE][FAILED] - Test Cases/PFI Precision and Scale/PFI Test Cases/Process Case (PFIA)/PFIA.CourtActionsLHS: Test Cases/PFI Precision and Scale/PFI Test Cases/Process Case (PFIA)/PFIA.CourtActionsLHS FAILED.
Reason:
com.kms.katalon.core.exception.StepFailedException: Call Test Case 'Test Cases/PFI Precision and Scale/PFI Components with Indexing/SelectDayInDatePickerWithIndexII' failed
	at com.kms.katalon.core.keyword.builtin.CallTestCaseKeyword$_callTestCase_closure1.doCall(CallTestCaseKeyword.groovy:63)
	at com.kms.katalon.core.keyword.builtin.CallTestCaseKeyword$_callTestCase_closure1.call(CallTestCaseKeyword.groovy)
	at com.kms.katalon.core.keyword.internal.KeywordMain.runKeyword(KeywordMain.groovy:68)
	at com.kms.katalon.core.keyword.builtin.CallTestCaseKeyword.callTestCase(CallTestCaseKeyword.groovy:81)
	at com.kms.katalon.core.keyword.builtin.CallTestCaseKeyword.execute(CallTestCaseKeyword.groovy:44)
	at com.kms.katalon.core.keyword.internal.KeywordExecutor.executeKeywordForPlatform(KeywordExecutor.groovy:72)
	at com.kms.katalon.core.keyword.BuiltinKeywords.callTestCase(BuiltinKeywords.groovy:334)
	at PFIA.CourtActionsLHS.run(PFIA.CourtActionsLHS:172)
	at com.kms.katalon.core.main.ScriptEngine.run(ScriptEngine.java:194)
	at com.kms.katalon.core.main.ScriptEngine.runScriptAsRawText(ScriptEngine.java:119)
	at com.kms.katalon.core.main.TestCaseExecutor.runScript(TestCaseExecutor.java:337)
	at com.kms.katalon.core.main.TestCaseExecutor.doExecute(TestCaseExecutor.java:328)
	at com.kms.katalon.core.main.TestCaseExecutor.processExecutionPhase(TestCaseExecutor.java:307)
	at com.kms.katalon.core.main.TestCaseExecutor.accessMainPhase(TestCaseExecutor.java:299)
	at com.kms.katalon.core.main.TestCaseExecutor.execute(TestCaseExecutor.java:233)
	at com.kms.katalon.core.main.TestSuiteExecutor.accessTestCaseMainPhase(TestSuiteExecutor.java:169)
	at com.kms.katalon.core.main.TestSuiteExecutor.accessTestSuiteMainPhase(TestSuiteExecutor.java:142)
	at com.kms.katalon.core.main.TestSuiteExecutor.execute(TestSuiteExecutor.java:91)
	at com.kms.katalon.core.main.TestCaseMain.startTestSuite(TestCaseMain.java:157)
	at com.kms.katalon.core.main.TestCaseMain$startTestSuite$0.call(Unknown Source)
	at TempTestSuite1591537817673.run(TempTestSuite1591537817673.groovy:36)
Caused by: com.kms.katalon.core.exception.StepFailedException: Invalid Date Format!
	at com.kms.katalon.core.util.KeywordUtil.markFailedAndStop(KeywordUtil.java:28)
	at com.kms.katalon.core.util.KeywordUtil$markFailedAndStop.call(Unknown Source)
	at SelectDayInDatePickerWithIndexII.run(SelectDayInDatePickerWithIndexII:55)
	at com.kms.katalon.core.main.ScriptEngine.run(ScriptEngine.java:194)
	at com.kms.katalon.core.main.ScriptEngine.runScriptAsRawText(ScriptEngine.java:119)
	at com.kms.katalon.core.main.TestCaseExecutor.runScript(TestCaseExecutor.java:337)
	at com.kms.katalon.core.main.TestCaseExecutor.doExecute(TestCaseExecutor.java:328)
	at com.kms.katalon.core.main.TestCaseExecutor.processExecutionPhase(TestCaseExecutor.java:307)
	at com.kms.katalon.core.main.TestCaseExecutor.accessMainPhase(TestCaseExecutor.java:299)
	at com.kms.katalon.core.main.TestCaseExecutor.execute(TestCaseExecutor.java:233)
	at com.kms.katalon.core.main.TestCaseMain.runTestCase(TestCaseMain.java:114)
	at com.kms.katalon.core.keyword.builtin.CallTestCaseKeyword$_callTestCase_closure1.doCall(CallTestCaseKeyword.groovy:59)
	... 20 more]]></system-err>
      </testcase>
      <system-out><![CDATA[2020-06-07 21:50:28 - [TEST_SUITE][FAILED] - Page Section: Test Cases/PFI Precision and Scale/PFI Test Cases/Process Case (PFIA)/PFIA.CourtActionsLHS FAILED.
Reason:
com.kms.katalon.core.exception.StepFailedException: Call Test Case 'Test Cases/PFI Precision and Scale/PFI Components with Indexing/SelectDayInDatePickerWithIndexII' failed
	at com.kms.katalon.core.keyword.builtin.CallTestCaseKeyword$_callTestCase_closure1.doCall(CallTestCaseKeyword.groovy:63)
	at com.kms.katalon.core.keyword.builtin.CallTestCaseKeyword$_callTestCase_closure1.call(CallTestCaseKeyword.groovy)
	at com.kms.katalon.core.keyword.internal.KeywordMain.runKeyword(KeywordMain.groovy:68)
	at com.kms.katalon.core.keyword.builtin.CallTestCaseKeyword.callTestCase(CallTestCaseKeyword.groovy:81)
	at com.kms.katalon.core.keyword.builtin.CallTestCaseKeyword.execute(CallTestCaseKeyword.groovy:44)
	at com.kms.katalon.core.keyword.internal.KeywordExecutor.executeKeywordForPlatform(KeywordExecutor.groovy:72)
	at com.kms.katalon.core.keyword.BuiltinKeywords.callTestCase(BuiltinKeywords.groovy:334)
	at PFIA.CourtActionsLHS.run(PFIA.CourtActionsLHS:172)
	at com.kms.katalon.core.main.ScriptEngine.run(ScriptEngine.java:194)
	at com.kms.katalon.core.main.ScriptEngine.runScriptAsRawText(ScriptEngine.java:119)
	at com.kms.katalon.core.main.TestCaseExecutor.runScript(TestCaseExecutor.java:337)
	at com.kms.katalon.core.main.TestCaseExecutor.doExecute(TestCaseExecutor.java:328)
	at com.kms.katalon.core.main.TestCaseExecutor.processExecutionPhase(TestCaseExecutor.java:307)
	at com.kms.katalon.core.main.TestCaseExecutor.accessMainPhase(TestCaseExecutor.java:299)
	at com.kms.katalon.core.main.TestCaseExecutor.execute(TestCaseExecutor.java:233)
	at com.kms.katalon.core.main.TestSuiteExecutor.accessTestCaseMainPhase(TestSuiteExecutor.java:169)
	at com.kms.katalon.core.main.TestSuiteExecutor.accessTestSuiteMainPhase(TestSuiteExecutor.java:142)
	at com.kms.katalon.core.main.TestSuiteExecutor.execute(TestSuiteExecutor.java:91)
	at com.kms.katalon.core.main.TestCaseMain.startTestSuite(TestCaseMain.java:157)
	at com.kms.katalon.core.main.TestCaseMain$startTestSuite$0.call(Unknown Source)
	at TempTestSuite1591537817673.run(TempTestSuite1591537817673.groovy:36)
Caused by: com.kms.katalon.core.exception.StepFailedException: Invalid Date Format!
	at com.kms.katalon.core.util.KeywordUtil.markFailedAndStop(KeywordUtil.java:28)
	at com.kms.katalon.core.util.KeywordUtil$markFailedAndStop.call(Unknown Source)
	at SelectDayInDatePickerWithIndexII.run(SelectDayInDatePickerWithIndexII:55)
	at com.kms.katalon.core.main.ScriptEngine.run(ScriptEngine.java:194)
	at com.kms.katalon.core.main.ScriptEngine.runScriptAsRawText(ScriptEngine.java:119)
	at com.kms.katalon.core.main.TestCaseExecutor.runScript(TestCaseExecutor.java:337)
	at com.kms.katalon.core.main.TestCaseExecutor.doExecute(TestCaseExecutor.java:328)
	at com.kms.katalon.core.main.TestCaseExecutor.processExecutionPhase(TestCaseExecutor.java:307)
	at com.kms.katalon.core.main.TestCaseExecutor.accessMainPhase(TestCaseExecutor.java:299)
	at com.kms.katalon.core.main.TestCaseExecutor.execute(TestCaseExecutor.java:233)
	at com.kms.katalon.core.main.TestCaseMain.runTestCase(TestCaseMain.java:114)
	at com.kms.katalon.core.keyword.builtin.CallTestCaseKeyword$_callTestCase_closure1.doCall(CallTestCaseKeyword.groovy:59)
	... 20 more]]></system-out>
      <system-err><![CDATA[2020-06-07 21:50:28 - [TEST_SUITE][FAILED] - Page Section: Test Cases/PFI Precision and Scale/PFI Test Cases/Process Case (PFIA)/PFIA.CourtActionsLHS FAILED.
Reason:
com.kms.katalon.core.exception.StepFailedException: Call Test Case 'Test Cases/PFI Precision and Scale/PFI Components with Indexing/SelectDayInDatePickerWithIndexII' failed
	at com.kms.katalon.core.keyword.builtin.CallTestCaseKeyword$_callTestCase_closure1.doCall(CallTestCaseKeyword.groovy:63)
	at com.kms.katalon.core.keyword.builtin.CallTestCaseKeyword$_callTestCase_closure1.call(CallTestCaseKeyword.groovy)
	at com.kms.katalon.core.keyword.internal.KeywordMain.runKeyword(KeywordMain.groovy:68)
	at com.kms.katalon.core.keyword.builtin.CallTestCaseKeyword.callTestCase(CallTestCaseKeyword.groovy:81)
	at com.kms.katalon.core.keyword.builtin.CallTestCaseKeyword.execute(CallTestCaseKeyword.groovy:44)
	at com.kms.katalon.core.keyword.internal.KeywordExecutor.executeKeywordForPlatform(KeywordExecutor.groovy:72)
	at com.kms.katalon.core.keyword.BuiltinKeywords.callTestCase(BuiltinKeywords.groovy:334)
	at PFIA.CourtActionsLHS.run(PFIA.CourtActionsLHS:172)
	at com.kms.katalon.core.main.ScriptEngine.run(ScriptEngine.java:194)
	at com.kms.katalon.core.main.ScriptEngine.runScriptAsRawText(ScriptEngine.java:119)
	at com.kms.katalon.core.main.TestCaseExecutor.runScript(TestCaseExecutor.java:337)
	at com.kms.katalon.core.main.TestCaseExecutor.doExecute(TestCaseExecutor.java:328)
	at com.kms.katalon.core.main.TestCaseExecutor.processExecutionPhase(TestCaseExecutor.java:307)
	at com.kms.katalon.core.main.TestCaseExecutor.accessMainPhase(TestCaseExecutor.java:299)
	at com.kms.katalon.core.main.TestCaseExecutor.execute(TestCaseExecutor.java:233)
	at com.kms.katalon.core.main.TestSuiteExecutor.accessTestCaseMainPhase(TestSuiteExecutor.java:169)
	at com.kms.katalon.core.main.TestSuiteExecutor.accessTestSuiteMainPhase(TestSuiteExecutor.java:142)
	at com.kms.katalon.core.main.TestSuiteExecutor.execute(TestSuiteExecutor.java:91)
	at com.kms.katalon.core.main.TestCaseMain.startTestSuite(TestCaseMain.java:157)
	at com.kms.katalon.core.main.TestCaseMain$startTestSuite$0.call(Unknown Source)
	at TempTestSuite1591537817673.run(TempTestSuite1591537817673.groovy:36)
Caused by: com.kms.katalon.core.exception.StepFailedException: Invalid Date Format!
	at com.kms.katalon.core.util.KeywordUtil.markFailedAndStop(KeywordUtil.java:28)
	at com.kms.katalon.core.util.KeywordUtil$markFailedAndStop.call(Unknown Source)
	at SelectDayInDatePickerWithIndexII.run(SelectDayInDatePickerWithIndexII:55)
	at com.kms.katalon.core.main.ScriptEngine.run(ScriptEngine.java:194)
	at com.kms.katalon.core.main.ScriptEngine.runScriptAsRawText(ScriptEngine.java:119)
	at com.kms.katalon.core.main.TestCaseExecutor.runScript(TestCaseExecutor.java:337)
	at com.kms.katalon.core.main.TestCaseExecutor.doExecute(TestCaseExecutor.java:328)
	at com.kms.katalon.core.main.TestCaseExecutor.processExecutionPhase(TestCaseExecutor.java:307)
	at com.kms.katalon.core.main.TestCaseExecutor.accessMainPhase(TestCaseExecutor.java:299)
	at com.kms.katalon.core.main.TestCaseExecutor.execute(TestCaseExecutor.java:233)
	at com.kms.katalon.core.main.TestCaseMain.runTestCase(TestCaseMain.java:114)
	at com.kms.katalon.core.keyword.builtin.CallTestCaseKeyword$_callTestCase_closure1.doCall(CallTestCaseKeyword.groovy:59)
	... 20 more]]></system-err>
   </testsuite>
</testsuites>
