<?xml version="1.0" encoding="UTF-8"?>
<testsuites name="Page Section" time="1583.983" tests="9" failures="0" errors="0">
   <testsuite name="Page Section" tests="9" failures="0" errors="0" time="1583.983" timestamp="2020-06-05 20:45:32" hostname="19023-RAC - 192.168.16.39" id="Test Suites/PFI Precision and Scale Automated Regression Suite/PFI/Page Section">
      <properties>
         <property name="deviceName" value=""/>
         <property name="devicePlatform" value=""/>
         <property name="logFolder" value="C:\\Users\\19023-RAC\\Desktop\\New Automation Copy\\Reports\\20200605_204521\\PFI Precision and Scale Automated Regression Suite\\PFI\\Page Section\\20200605_204521"/>
         <property name="logFiles" value="C:\\Users\\19023-RAC\\Desktop\\New Automation Copy\\Reports\\20200605_204521\\PFI Precision and Scale Automated Regression Suite\\PFI\\Page Section\\20200605_204521\\execution0.log"/>
         <property name="attachments" value=""/>
         <property name="hostName" value="19023-RAC - 192.168.16.39"/>
         <property name="os" value="Windows 10 64bit"/>
         <property name="katalonVersion" value="7.2.1.1"/>
         <property name="browser" value="Chrome 83.0.4103.61"/>
         <property name="hostAddress" value="192.168.16.39"/>
         <property name="sessionId" value="a836191f0c0582de7850baad53253011"/>
         <property name="seleniumVersion" value="3.141.59"/>
         <property name="proxyInformation" value="ProxyInformation{proxyOption=NO_PROXY, proxyServerType=HTTP, password=, proxyServerAddress=, proxyServerPort=0, executionList=}"/>
         <property name="platform" value="Windows 10"/>
      </properties>
      <testcase name="Test Cases/PFI Precision and Scale/PFI Test Cases/Process Case (PFI)/PFI.EOTRequestLHS" time="216.751" classname="Test Cases/PFI Precision and Scale/PFI Test Cases/Process Case (PFI)/PFI.EOTRequestLHS" status="PASSED">
         <system-out><![CDATA[2020-06-05 20:45:33 - [TEST_CASE][PASSED] - Test Cases/PFI Precision and Scale/PFI Test Cases/Process Case (PFI)/PFI.EOTRequestLHS: Test Cases/PFI Precision and Scale/PFI Test Cases/Process Case (PFI)/PFI.EOTRequestLHS

2020-06-05 20:45:33 - [TEST_STEP][PASSED] - callTestCase(findTestCase("Components/LoginV2.0"), ["LinkToBeUsed":findTestData("Datatable").getValue("URL", 1), "LoginPageTextToBeVerified":findTestData("Datatable").getValue("HomeBanner", 1), ... ], STOP_ON_FAILURE): Call Test Case 'Test Cases/Components/LoginV2.0' successfully

2020-06-05 20:45:33 - [TEST_CASE][PASSED] - Test Cases/Components/LoginV2.0: Test Cases/Components/LoginV2.0

2020-06-05 20:45:33 - [TEST_STEP][PASSED] - openBrowser(LinkToBeUsed): Browser is opened with url: 'http://10.0.2.41:3012/isps2-prod-verify/authnz/login.do'

2020-06-05 20:45:34 - [MESSAGE][INFO] - Starting 'Edge' driver

2020-06-05 20:45:34 - [MESSAGE][INFO] - Action delay is set to 0 seconds

2020-06-05 20:45:47 - [MESSAGE][PASSED] - Browser is opened with url: 'http://10.0.2.41:3012/isps2-prod-verify/authnz/login.do'

2020-06-05 20:45:47 - [TEST_STEP][PASSED] - maximizeWindow(): Current window maximized

2020-06-05 20:45:49 - [MESSAGE][PASSED] - Current window maximized

2020-06-05 20:45:49 - [TEST_STEP][PASSED] - verifyTextPresent(LoginPageTextToBeVerified, false): Text 'Sign in to ISPS2-PROD-Verify' is present on page 

2020-06-05 20:45:49 - [MESSAGE][PASSED] - Text 'Sign in to ISPS2-PROD-Verify' is present on page 

2020-06-05 20:45:49 - [TEST_STEP][PASSED] - setText(findTestObject("Objects.LoginV2.0/Login Page/input_Sign in to ISPS2-PROD-Verify_username"), Username): Text 'sysadmin' is set on object 'Object Repository/Objects.LoginV2.0/Login Page/input_Sign in to ISPS2-PROD-Verify_username'

2020-06-05 20:45:49 - [MESSAGE][PASSED] - Text 'sysadmin' is set on object 'Object Repository/Objects.LoginV2.0/Login Page/input_Sign in to ISPS2-PROD-Verify_username'

2020-06-05 20:45:49 - [TEST_STEP][PASSED] - setEncryptedText(findTestObject("Objects.LoginV2.0/Login Page/input_This field is required_password"), Password): Text ****** has been set on object 'Object Repository/Objects.LoginV2.0/Login Page/input_This field is required_password'

2020-06-05 20:45:49 - [MESSAGE][PASSED] - Text ****** has been set on object 'Object Repository/Objects.LoginV2.0/Login Page/input_This field is required_password'

2020-06-05 20:45:49 - [TEST_STEP][NOT_RUN] - setEncryptedText(findTestObject(null), Password): NOT_RUN: setEncryptedText(findTestObject(null), Password)

2020-06-05 20:45:49 - [MESSAGE][NOT_RUN] - NOT_RUN: setEncryptedText(findTestObject(null), Password)

2020-06-05 20:45:49 - [TEST_STEP][PASSED] - click(findTestObject("Objects.LoginV2.0/Login Page/div_Sign in to ISPS2-PROD-Verify_NovaGoButton-1021"), OPTIONAL): Object: 'Object Repository/Objects.LoginV2.0/Login Page/div_Sign in to ISPS2-PROD-Verify_NovaGoButton-1021' is clicked on

2020-06-05 20:45:49 - [MESSAGE][PASSED] - Object: 'Object Repository/Objects.LoginV2.0/Login Page/div_Sign in to ISPS2-PROD-Verify_NovaGoButton-1021' is clicked on

2020-06-05 20:45:49 - [TEST_STEP][PASSED] - waitForPageLoad(30): Wait for page load successfully

2020-06-05 20:45:49 - [MESSAGE][PASSED] - Wait for page load successfully

2020-06-05 20:45:49 - [TEST_STEP][PASSED] - Thread.sleep(3000): null

2020-06-05 20:45:52 - [MESSAGE][PASSED] - Call Test Case 'Test Cases/Components/LoginV2.0' successfully

2020-06-05 20:45:52 - [TEST_STEP][PASSED] - callTestCase(findTestCase("Components/Filter"), ["taskDescription":"Process Case (SM)"], STOP_ON_FAILURE): Call Test Case 'Test Cases/Components/Filter' successfully

2020-06-05 20:45:52 - [TEST_CASE][PASSED] - Test Cases/Components/Filter: Test Cases/Components/Filter

2020-06-05 20:45:53 - [TEST_STEP][PASSED] - Thread.sleep(5000): null

2020-06-05 20:45:58 - [TEST_STEP][PASSED] - waitForPageLoad(180): Wait for page load successfully

2020-06-05 20:45:58 - [MESSAGE][PASSED] - Wait for page load successfully

2020-06-05 20:45:58 - [TEST_STEP][PASSED] - waitForElementNotPresent(findTestObject("Objects.Filter/Page_ISPS2/div_Loading search result Please wait"), 180): Web element with id: 'Object Repository/Objects.Filter/Page_ISPS2/div_Loading search result Please wait' located by 'By.xpath: //div[@class = 'x-mask-msg-text' and (text() = 'Loading search result. Please wait...' or . = 'Loading search result. Please wait...')]' is not present after '180' second(s)

2020-06-05 20:45:58 - [MESSAGE][PASSED] - Web element with id: 'Object Repository/Objects.Filter/Page_ISPS2/div_Loading search result Please wait' located by 'By.xpath: //div[@class = 'x-mask-msg-text' and (text() = 'Loading search result. Please wait...' or . = 'Loading search result. Please wait...')]' is not present after '180' second(s)

2020-06-05 20:45:58 - [TEST_STEP][PASSED] - click(findTestObject("Objects.Filter/Page_ISPS2/XP.Embutidooo")): Object: 'Object Repository/Objects.Filter/Page_ISPS2/XP.Embutidooo' is clicked on

2020-06-05 20:45:58 - [MESSAGE][PASSED] - Object: 'Object Repository/Objects.Filter/Page_ISPS2/XP.Embutidooo' is clicked on

2020-06-05 20:45:58 - [TEST_STEP][PASSED] - com.reusableComponents.HighlightElement.run(findTestObject("Objects.Filter/Page_ISPS2/span_Reset")): com.reusableComponents.HighlightElement.run is PASSED

2020-06-05 20:45:59 - [MESSAGE][PASSED] - com.reusableComponents.HighlightElement.run is PASSED

2020-06-05 20:45:59 - [TEST_STEP][PASSED] - click(findTestObject("Objects.Filter/Page_ISPS2/span_Reset")): Object: 'Object Repository/Objects.Filter/Page_ISPS2/span_Reset' is clicked on

2020-06-05 20:45:59 - [MESSAGE][PASSED] - Object: 'Object Repository/Objects.Filter/Page_ISPS2/span_Reset' is clicked on

2020-06-05 20:45:59 - [TEST_STEP][PASSED] - com.reusableComponents.HighlightElement.run(findTestObject("Objects.Filter/Page_ISPS2/TextBoxTaskDescription")): com.reusableComponents.HighlightElement.run is PASSED

2020-06-05 20:45:59 - [MESSAGE][PASSED] - com.reusableComponents.HighlightElement.run is PASSED

2020-06-05 20:45:59 - [TEST_STEP][PASSED] - setText(findTestObject("Objects.Filter/Page_ISPS2/TextBoxTaskDescription"), taskDescription): Text 'Process Case (SM)' is set on object 'Object Repository/Objects.Filter/Page_ISPS2/TextBoxTaskDescription'

2020-06-05 20:45:59 - [MESSAGE][PASSED] - Text 'Process Case (SM)' is set on object 'Object Repository/Objects.Filter/Page_ISPS2/TextBoxTaskDescription'

2020-06-05 20:45:59 - [TEST_STEP][PASSED] - caseType = taskDescription: null

2020-06-05 20:46:01 - [TEST_STEP][PASSED] - sendKeys(findTestObject("Objects.Filter/Page_ISPS2/TextBoxTaskDescription"), Keys.chord(ENTER)): Keys 'ENTER + ' sent to object: 'Object Repository/Objects.Filter/Page_ISPS2/TextBoxTaskDescription'

2020-06-05 20:46:01 - [MESSAGE][PASSED] - Keys 'ENTER + ' sent to object: 'Object Repository/Objects.Filter/Page_ISPS2/TextBoxTaskDescription'

2020-06-05 20:46:01 - [TEST_STEP][PASSED] - com.reusableComponents.HighlightElement.run(findTestObject("Objects.Filter/Page_ISPS2/span_Search")): com.reusableComponents.HighlightElement.run is PASSED

2020-06-05 20:46:01 - [MESSAGE][PASSED] - com.reusableComponents.HighlightElement.run is PASSED

2020-06-05 20:46:01 - [TEST_STEP][PASSED] - click(findTestObject("Objects.Filter/Page_ISPS2/span_Search")): Object: 'Object Repository/Objects.Filter/Page_ISPS2/span_Search' is clicked on

2020-06-05 20:46:01 - [MESSAGE][PASSED] - Object: 'Object Repository/Objects.Filter/Page_ISPS2/span_Search' is clicked on

2020-06-05 20:46:01 - [TEST_STEP][NOT_RUN] - verifyTextPresent("Loading search result. Please wait...", false): NOT_RUN: verifyTextPresent("Loading search result. Please wait...", false)

2020-06-05 20:46:01 - [MESSAGE][NOT_RUN] - NOT_RUN: verifyTextPresent("Loading search result. Please wait...", false)

2020-06-05 20:46:01 - [TEST_STEP][NOT_RUN] - waitForElementNotPresent(findTestObject("Objects.Filter/Page_ISPS2/div_Loading search result Please wait"), 120): NOT_RUN: waitForElementNotPresent(findTestObject("Objects.Filter/Page_ISPS2/div_Loading search result Please wait"), 120)

2020-06-05 20:46:01 - [MESSAGE][NOT_RUN] - NOT_RUN: waitForElementNotPresent(findTestObject("Objects.Filter/Page_ISPS2/div_Loading search result Please wait"), 120)

2020-06-05 20:46:01 - [TEST_STEP][PASSED] - Thread.sleep(5000): null

2020-06-05 20:46:06 - [MESSAGE][PASSED] - Call Test Case 'Test Cases/Components/Filter' successfully

2020-06-05 20:46:06 - [TEST_STEP][PASSED] - callTestCase(findTestCase("Components/ClickLinkDependingOnTextAndIndex"), ["linkName":"Process Case (SM)", "index":8], STOP_ON_FAILURE): Call Test Case 'Test Cases/Components/ClickLinkDependingOnTextAndIndex' successfully

2020-06-05 20:46:06 - [TEST_CASE][PASSED] - Test Cases/Components/ClickLinkDependingOnTextAndIndex: Test Cases/Components/ClickLinkDependingOnTextAndIndex

2020-06-05 20:46:07 - [TEST_STEP][PASSED] - Thread.sleep(1000): null

2020-06-05 20:46:08 - [TEST_STEP][PASSED] - println(linkName): null

2020-06-05 20:46:08 - [TEST_STEP][PASSED] - println(index): null

2020-06-05 20:46:08 - [TEST_STEP][PASSED] - modifiedLink = modifyObjectProperty(findTestObject("Objects.ClickLinkDependingOnTextAndIndex/linkToModify"), "xpath", "equals", "(//a[text()="" + linkName + ""])[" + index + "]", true): Modify property of object successfully

2020-06-05 20:46:08 - [MESSAGE][PASSED] - Modify property of object successfully

2020-06-05 20:46:08 - [TEST_STEP][PASSED] - Thread.sleep(5000): null

2020-06-05 20:46:13 - [TEST_STEP][PASSED] - com.reusableComponents.HighlightElement.run(modifiedLink): com.reusableComponents.HighlightElement.run is PASSED

2020-06-05 20:46:13 - [MESSAGE][PASSED] - com.reusableComponents.HighlightElement.run is PASSED

2020-06-05 20:46:13 - [TEST_STEP][PASSED] - click(modifiedLink): Object: 'Object Repository/Objects.ClickLinkDependingOnTextAndIndex/linkToModify' is clicked on

2020-06-05 20:46:13 - [MESSAGE][PASSED] - Object: 'Object Repository/Objects.ClickLinkDependingOnTextAndIndex/linkToModify' is clicked on

2020-06-05 20:46:13 - [MESSAGE][PASSED] - Call Test Case 'Test Cases/Components/ClickLinkDependingOnTextAndIndex' successfully

2020-06-05 20:46:13 - [TEST_STEP][PASSED] - callTestCase(findTestCase("Components/VerifyPageSuccessfullyLoadedII"), ["PageNm":"Summary"], STOP_ON_FAILURE): Call Test Case 'Test Cases/Components/VerifyPageSuccessfullyLoadedII' successfully

2020-06-05 20:46:13 - [TEST_CASE][PASSED] - Test Cases/Components/VerifyPageSuccessfullyLoadedII: Test Cases/Components/VerifyPageSuccessfullyLoadedII

2020-06-05 20:46:14 - [TEST_STEP][PASSED] - waitForPageLoad(5): Wait for page load successfully

2020-06-05 20:46:14 - [MESSAGE][PASSED] - Wait for page load successfully

2020-06-05 20:46:14 - [TEST_STEP][PASSED] - modifiedInputFld = modifyObjectProperty(findTestObject("Object Repository/Objects.VerifyPageSuccessfullyLoaded/PageHeaderIndex"), "xpath", "equals", "//*[contains(@class,'isps-page-title') and (text()='" + PageNm + "')]", true): Modify property of object successfully

2020-06-05 20:46:14 - [MESSAGE][PASSED] - Modify property of object successfully

2020-06-05 20:46:14 - [TEST_STEP][PASSED] - com.reusableComponents.HighlightElement.run(modifiedInputFld): com.reusableComponents.HighlightElement.run is PASSED

2020-06-05 20:46:18 - [MESSAGE][PASSED] - com.reusableComponents.HighlightElement.run is PASSED

2020-06-05 20:46:18 - [MESSAGE][PASSED] - Call Test Case 'Test Cases/Components/VerifyPageSuccessfullyLoadedII' successfully

2020-06-05 20:46:18 - [TEST_STEP][PASSED] - callTestCase(findTestCase("Components/NavigateToAnyLHS"), ["LHS":"EOT Request"], STOP_ON_FAILURE): Call Test Case 'Test Cases/Components/NavigateToAnyLHS' successfully

2020-06-05 20:46:18 - [TEST_CASE][PASSED] - Test Cases/Components/NavigateToAnyLHS: Test Cases/Components/NavigateToAnyLHS

2020-06-05 20:46:19 - [TEST_STEP][PASSED] - Thread.sleep(1000): null

2020-06-05 20:46:20 - [TEST_STEP][PASSED] - modifiedLHS = modifyObjectProperty(findTestObject("Objects.NavigateToAnyLHS/Page_ISPS2/LHSToModify"), "text", "equals", LHS, true): Modify property of object successfully

2020-06-05 20:46:20 - [MESSAGE][PASSED] - Modify property of object successfully

2020-06-05 20:46:20 - [TEST_STEP][PASSED] - click(modifiedLHS): Object: 'Object Repository/Objects.NavigateToAnyLHS/Page_ISPS2/LHSToModify' is clicked on

2020-06-05 20:46:20 - [MESSAGE][PASSED] - Object: 'Object Repository/Objects.NavigateToAnyLHS/Page_ISPS2/LHSToModify' is clicked on

2020-06-05 20:46:20 - [TEST_STEP][PASSED] - currentLHS = getText(modifiedLHS): Text of object 'Object Repository/Objects.NavigateToAnyLHS/Page_ISPS2/LHSToModify' is: 'EOT Request'

2020-06-05 20:46:20 - [MESSAGE][PASSED] - Text of object 'Object Repository/Objects.NavigateToAnyLHS/Page_ISPS2/LHSToModify' is: 'EOT Request'

2020-06-05 20:46:20 - [TEST_STEP][PASSED] - Thread.sleep(5000): null

2020-06-05 20:46:25 - [MESSAGE][PASSED] - Call Test Case 'Test Cases/Components/NavigateToAnyLHS' successfully

2020-06-05 20:46:25 - [TEST_STEP][PASSED] - callTestCase(findTestCase("Components/VerifyPageSuccessfullyLoadedII"), ["PageNm":"Extension of Time Request"], STOP_ON_FAILURE): Call Test Case 'Test Cases/Components/VerifyPageSuccessfullyLoadedII' successfully

2020-06-05 20:46:25 - [TEST_CASE][PASSED] - Test Cases/Components/VerifyPageSuccessfullyLoadedII: Test Cases/Components/VerifyPageSuccessfullyLoadedII

2020-06-05 20:46:25 - [TEST_STEP][PASSED] - waitForPageLoad(5): Wait for page load successfully

2020-06-05 20:46:25 - [MESSAGE][PASSED] - Wait for page load successfully

2020-06-05 20:46:25 - [TEST_STEP][PASSED] - modifiedInputFld = modifyObjectProperty(findTestObject("Object Repository/Objects.VerifyPageSuccessfullyLoaded/PageHeaderIndex"), "xpath", "equals", "//*[contains(@class,'isps-page-title') and (text()='" + PageNm + "')]", true): Modify property of object successfully

2020-06-05 20:46:25 - [MESSAGE][PASSED] - Modify property of object successfully

2020-06-05 20:46:25 - [TEST_STEP][PASSED] - com.reusableComponents.HighlightElement.run(modifiedInputFld): com.reusableComponents.HighlightElement.run is PASSED

2020-06-05 20:46:25 - [MESSAGE][PASSED] - com.reusableComponents.HighlightElement.run is PASSED

2020-06-05 20:46:25 - [MESSAGE][PASSED] - Call Test Case 'Test Cases/Components/VerifyPageSuccessfullyLoadedII' successfully

2020-06-05 20:46:25 - [TEST_STEP][PASSED] - callTestCase(findTestCase("Components/HighlightLabelField"), ["LblName":"EOT Type *:"], STOP_ON_FAILURE): Call Test Case 'Test Cases/Components/HighlightLabelField' successfully

2020-06-05 20:46:26 - [TEST_CASE][PASSED] - Test Cases/Components/HighlightLabelField: Test Cases/Components/HighlightLabelField

2020-06-05 20:46:26 - [TEST_STEP][PASSED] - Thread.sleep(1000): null

2020-06-05 20:46:27 - [TEST_STEP][PASSED] - modifiedLblNm = modifyObjectProperty(findTestObject("Objects.HighlightElements/lblField"), "text", "equals", LblName, true): Modify property of object successfully

2020-06-05 20:46:27 - [MESSAGE][PASSED] - Modify property of object successfully

2020-06-05 20:46:27 - [TEST_STEP][PASSED] - com.reusableComponents.HighlightElement.run(modifiedLblNm): com.reusableComponents.HighlightElement.run is PASSED

2020-06-05 20:46:27 - [MESSAGE][PASSED] - com.reusableComponents.HighlightElement.run is PASSED

2020-06-05 20:46:27 - [MESSAGE][PASSED] - Call Test Case 'Test Cases/Components/HighlightLabelField' successfully

2020-06-05 20:46:27 - [TEST_STEP][PASSED] - callTestCase(findTestCase("Components/HighlightInputField"), ["InputFldName":"eotTypeCmb"], STOP_ON_FAILURE): Call Test Case 'Test Cases/Components/HighlightInputField' successfully

2020-06-05 20:46:27 - [TEST_CASE][PASSED] - Test Cases/Components/HighlightInputField: Test Cases/Components/HighlightInputField

2020-06-05 20:46:27 - [TEST_STEP][PASSED] - Thread.sleep(1000): null

2020-06-05 20:46:28 - [TEST_STEP][PASSED] - modifiedLblNm = modifyObjectProperty(findTestObject("Objects.HighlightElements/input_field"), "name", "equals", InputFldName, true): Modify property of object successfully

2020-06-05 20:46:29 - [MESSAGE][PASSED] - Modify property of object successfully

2020-06-05 20:46:29 - [TEST_STEP][PASSED] - com.reusableComponents.HighlightElement.run(modifiedLblNm): com.reusableComponents.HighlightElement.run is PASSED

2020-06-05 20:46:29 - [MESSAGE][PASSED] - com.reusableComponents.HighlightElement.run is PASSED

2020-06-05 20:46:29 - [MESSAGE][PASSED] - Call Test Case 'Test Cases/Components/HighlightInputField' successfully

2020-06-05 20:46:29 - [TEST_STEP][PASSED] - callTestCase(findTestCase("PFI Precision and Scale/PFI Components/VerifyDropdownValues"), ["FldNm":"eotTypeCmb", "index":0, "CallTCName":"PFI Precision and Scale/HashMap Tables/ConstantHashMap", "cmbNm":"eotType", ... ], STOP_ON_FAILURE): Call Test Case 'Test Cases/PFI Precision and Scale/PFI Components/VerifyDropdownValues' successfully

2020-06-05 20:46:29 - [TEST_CASE][PASSED] - Test Cases/PFI Precision and Scale/PFI Components/VerifyDropdownValues: Test Cases/PFI Precision and Scale/PFI Components/VerifyDropdownValues

2020-06-05 20:46:29 - [TEST_STEP][PASSED] - Thread.sleep(1000): null

2020-06-05 20:46:30 - [TEST_STEP][PASSED] - NewInputNmField = modifyObjectProperty(findTestObject("Objects.HighlightElements/input_field"), "name", "equals", FldNm, true): Modify property of object successfully

2020-06-05 20:46:30 - [MESSAGE][PASSED] - Modify property of object successfully

2020-06-05 20:46:30 - [TEST_STEP][PASSED] - comboNm = cmbNm: null

2020-06-05 20:46:30 - [TEST_STEP][PASSED] - focus(NewInputNmField): Object: 'Object Repository/Objects.HighlightElements/input_field' is focused

2020-06-05 20:46:30 - [MESSAGE][PASSED] - Object: 'Object Repository/Objects.HighlightElements/input_field' is focused

2020-06-05 20:46:30 - [TEST_STEP][PASSED] - setText(NewInputNmField, EnterValue): Text '' is set on object 'Object Repository/Objects.HighlightElements/input_field'

2020-06-05 20:46:30 - [MESSAGE][PASSED] - Text '' is set on object 'Object Repository/Objects.HighlightElements/input_field'

2020-06-05 20:46:30 - [TEST_STEP][PASSED] - for ([i = 1, i <= NoOfVal, (i++)]): Keys 'DOWN + ' sent to object: 'Object Repository/Objects.HighlightElements/input_field'

2020-06-05 20:46:30 - [TEST_STEP][PASSED] - sendKeys(NewInputNmField, Keys.chord(ARROW_DOWN)): Keys 'DOWN + ' sent to object: 'Object Repository/Objects.HighlightElements/input_field'

2020-06-05 20:46:31 - [MESSAGE][PASSED] - Keys 'DOWN + ' sent to object: 'Object Repository/Objects.HighlightElements/input_field'

2020-06-05 20:46:31 - [TEST_STEP][PASSED] - delay(DelayTime): Delayed 3 second(s)

2020-06-05 20:46:34 - [MESSAGE][PASSED] - Delayed 3 second(s)

2020-06-05 20:46:34 - [TEST_STEP][PASSED] - sendKeys(NewInputNmField, Keys.chord(ENTER)): Keys 'ENTER + ' sent to object: 'Object Repository/Objects.HighlightElements/input_field'

2020-06-05 20:46:34 - [MESSAGE][PASSED] - Keys 'ENTER + ' sent to object: 'Object Repository/Objects.HighlightElements/input_field'

2020-06-05 20:46:34 - [TEST_STEP][PASSED] - ComboBoxValue = getAttribute(NewInputNmField, "value"): Attribute 'value' of object 'Object Repository/Objects.HighlightElements/input_field' is: ''

2020-06-05 20:46:34 - [MESSAGE][PASSED] - Attribute 'value' of object 'Object Repository/Objects.HighlightElements/input_field' is: ''

2020-06-05 20:46:34 - [TEST_STEP][PASSED] - callTestCase(findTestCase(CallTCName), ["FindValue":ComboBoxValue, "DropdownNm":comboNm], STOP_ON_FAILURE): Call Test Case 'Test Cases/PFI Precision and Scale/HashMap Tables/ConstantHashMap' successfully

2020-06-05 20:46:34 - [TEST_CASE][PASSED] - Test Cases/PFI Precision and Scale/HashMap Tables/ConstantHashMap: Test Cases/PFI Precision and Scale/HashMap Tables/ConstantHashMap

2020-06-05 20:46:34 - [TEST_STEP][PASSED] - ConstantTBL = [1:["PeriodType":"Working Day(s)"], 2:["PeriodType":"Calendar Day(s)"], 3:["PeriodType":"Month(s)"], 4:["TypeOfLetter":"T1"], ... ]: null

2020-06-05 20:46:34 - [TEST_STEP][PASSED] - switch (DropdownNm): null

2020-06-05 20:46:34 - [TEST_STEP][PASSED] - case "eotType":: null

2020-06-05 20:46:34 - [TEST_STEP][PASSED] - ValueFound = ConstantTBL.find({ -> ... }): null

2020-06-05 20:46:34 - [TEST_STEP][PASSED] - break: null

2020-06-05 20:46:34 - [MESSAGE][PASSED] - Call Test Case 'Test Cases/PFI Precision and Scale/HashMap Tables/ConstantHashMap' successfully

2020-06-05 20:46:34 - [TEST_STEP][PASSED] - println(ValueFound): null

2020-06-05 20:46:34 - [TEST_STEP][PASSED] - sendKeys(NewInputNmField, Keys.chord(ARROW_DOWN)): Keys 'DOWN + ' sent to object: 'Object Repository/Objects.HighlightElements/input_field'

2020-06-05 20:46:34 - [MESSAGE][PASSED] - Keys 'DOWN + ' sent to object: 'Object Repository/Objects.HighlightElements/input_field'

2020-06-05 20:46:34 - [TEST_STEP][PASSED] - sendKeys(NewInputNmField, Keys.chord(ARROW_DOWN)): Keys 'DOWN + ' sent to object: 'Object Repository/Objects.HighlightElements/input_field'

2020-06-05 20:46:34 - [MESSAGE][PASSED] - Keys 'DOWN + ' sent to object: 'Object Repository/Objects.HighlightElements/input_field'

2020-06-05 20:46:34 - [TEST_STEP][PASSED] - delay(DelayTime): Delayed 3 second(s)

2020-06-05 20:46:37 - [MESSAGE][PASSED] - Delayed 3 second(s)

2020-06-05 20:46:37 - [TEST_STEP][PASSED] - sendKeys(NewInputNmField, Keys.chord(ENTER)): Keys 'ENTER + ' sent to object: 'Object Repository/Objects.HighlightElements/input_field'

2020-06-05 20:46:37 - [MESSAGE][PASSED] - Keys 'ENTER + ' sent to object: 'Object Repository/Objects.HighlightElements/input_field'

2020-06-05 20:46:37 - [TEST_STEP][PASSED] - ComboBoxValue = getAttribute(NewInputNmField, "value"): Attribute 'value' of object 'Object Repository/Objects.HighlightElements/input_field' is: 'Appointment of PE for Visual Inspection'

2020-06-05 20:46:37 - [MESSAGE][PASSED] - Attribute 'value' of object 'Object Repository/Objects.HighlightElements/input_field' is: 'Appointment of PE for Visual Inspection'

2020-06-05 20:46:37 - [TEST_STEP][PASSED] - callTestCase(findTestCase(CallTCName), ["FindValue":ComboBoxValue, "DropdownNm":comboNm], STOP_ON_FAILURE): Call Test Case 'Test Cases/PFI Precision and Scale/HashMap Tables/ConstantHashMap' successfully

2020-06-05 20:46:37 - [TEST_CASE][PASSED] - Test Cases/PFI Precision and Scale/HashMap Tables/ConstantHashMap: Test Cases/PFI Precision and Scale/HashMap Tables/ConstantHashMap

2020-06-05 20:46:37 - [TEST_STEP][PASSED] - ConstantTBL = [1:["PeriodType":"Working Day(s)"], 2:["PeriodType":"Calendar Day(s)"], 3:["PeriodType":"Month(s)"], 4:["TypeOfLetter":"T1"], ... ]: null

2020-06-05 20:46:37 - [TEST_STEP][PASSED] - switch (DropdownNm): null

2020-06-05 20:46:37 - [TEST_STEP][PASSED] - case "eotType":: null

2020-06-05 20:46:37 - [TEST_STEP][PASSED] - ValueFound = ConstantTBL.find({ -> ... }): null

2020-06-05 20:46:37 - [TEST_STEP][PASSED] - break: null

2020-06-05 20:46:37 - [MESSAGE][PASSED] - Call Test Case 'Test Cases/PFI Precision and Scale/HashMap Tables/ConstantHashMap' successfully

2020-06-05 20:46:37 - [TEST_STEP][PASSED] - println(ValueFound): null

2020-06-05 20:46:37 - [TEST_STEP][PASSED] - sendKeys(NewInputNmField, Keys.chord(ARROW_DOWN)): Keys 'DOWN + ' sent to object: 'Object Repository/Objects.HighlightElements/input_field'

2020-06-05 20:46:37 - [MESSAGE][PASSED] - Keys 'DOWN + ' sent to object: 'Object Repository/Objects.HighlightElements/input_field'

2020-06-05 20:46:37 - [TEST_STEP][PASSED] - sendKeys(NewInputNmField, Keys.chord(ARROW_DOWN)): Keys 'DOWN + ' sent to object: 'Object Repository/Objects.HighlightElements/input_field'

2020-06-05 20:46:38 - [MESSAGE][PASSED] - Keys 'DOWN + ' sent to object: 'Object Repository/Objects.HighlightElements/input_field'

2020-06-05 20:46:38 - [TEST_STEP][PASSED] - delay(DelayTime): Delayed 3 second(s)

2020-06-05 20:46:41 - [MESSAGE][PASSED] - Delayed 3 second(s)

2020-06-05 20:46:41 - [TEST_STEP][PASSED] - sendKeys(NewInputNmField, Keys.chord(ENTER)): Keys 'ENTER + ' sent to object: 'Object Repository/Objects.HighlightElements/input_field'

2020-06-05 20:46:41 - [MESSAGE][PASSED] - Keys 'ENTER + ' sent to object: 'Object Repository/Objects.HighlightElements/input_field'

2020-06-05 20:46:41 - [TEST_STEP][PASSED] - ComboBoxValue = getAttribute(NewInputNmField, "value"): Attribute 'value' of object 'Object Repository/Objects.HighlightElements/input_field' is: 'Appointment of PE for FSI'

2020-06-05 20:46:41 - [MESSAGE][PASSED] - Attribute 'value' of object 'Object Repository/Objects.HighlightElements/input_field' is: 'Appointment of PE for FSI'

2020-06-05 20:46:41 - [TEST_STEP][PASSED] - callTestCase(findTestCase(CallTCName), ["FindValue":ComboBoxValue, "DropdownNm":comboNm], STOP_ON_FAILURE): Call Test Case 'Test Cases/PFI Precision and Scale/HashMap Tables/ConstantHashMap' successfully

2020-06-05 20:46:41 - [TEST_CASE][PASSED] - Test Cases/PFI Precision and Scale/HashMap Tables/ConstantHashMap: Test Cases/PFI Precision and Scale/HashMap Tables/ConstantHashMap

2020-06-05 20:46:41 - [TEST_STEP][PASSED] - ConstantTBL = [1:["PeriodType":"Working Day(s)"], 2:["PeriodType":"Calendar Day(s)"], 3:["PeriodType":"Month(s)"], 4:["TypeOfLetter":"T1"], ... ]: null

2020-06-05 20:46:41 - [TEST_STEP][PASSED] - switch (DropdownNm): null

2020-06-05 20:46:41 - [TEST_STEP][PASSED] - case "eotType":: null

2020-06-05 20:46:41 - [TEST_STEP][PASSED] - ValueFound = ConstantTBL.find({ -> ... }): null

2020-06-05 20:46:41 - [TEST_STEP][PASSED] - break: null

2020-06-05 20:46:41 - [MESSAGE][PASSED] - Call Test Case 'Test Cases/PFI Precision and Scale/HashMap Tables/ConstantHashMap' successfully

2020-06-05 20:46:41 - [TEST_STEP][PASSED] - println(ValueFound): null

2020-06-05 20:46:41 - [TEST_STEP][PASSED] - sendKeys(NewInputNmField, Keys.chord(ARROW_DOWN)): Keys 'DOWN + ' sent to object: 'Object Repository/Objects.HighlightElements/input_field'

2020-06-05 20:46:41 - [MESSAGE][PASSED] - Keys 'DOWN + ' sent to object: 'Object Repository/Objects.HighlightElements/input_field'

2020-06-05 20:46:41 - [TEST_STEP][PASSED] - sendKeys(NewInputNmField, Keys.chord(ARROW_DOWN)): Keys 'DOWN + ' sent to object: 'Object Repository/Objects.HighlightElements/input_field'

2020-06-05 20:46:41 - [MESSAGE][PASSED] - Keys 'DOWN + ' sent to object: 'Object Repository/Objects.HighlightElements/input_field'

2020-06-05 20:46:41 - [TEST_STEP][PASSED] - delay(DelayTime): Delayed 3 second(s)

2020-06-05 20:46:44 - [MESSAGE][PASSED] - Delayed 3 second(s)

2020-06-05 20:46:44 - [TEST_STEP][PASSED] - sendKeys(NewInputNmField, Keys.chord(ENTER)): Keys 'ENTER + ' sent to object: 'Object Repository/Objects.HighlightElements/input_field'

2020-06-05 20:46:44 - [MESSAGE][PASSED] - Keys 'ENTER + ' sent to object: 'Object Repository/Objects.HighlightElements/input_field'

2020-06-05 20:46:44 - [TEST_STEP][PASSED] - ComboBoxValue = getAttribute(NewInputNmField, "value"): Attribute 'value' of object 'Object Repository/Objects.HighlightElements/input_field' is: 'Submission of VIR'

2020-06-05 20:46:44 - [MESSAGE][PASSED] - Attribute 'value' of object 'Object Repository/Objects.HighlightElements/input_field' is: 'Submission of VIR'

2020-06-05 20:46:44 - [TEST_STEP][PASSED] - callTestCase(findTestCase(CallTCName), ["FindValue":ComboBoxValue, "DropdownNm":comboNm], STOP_ON_FAILURE): Call Test Case 'Test Cases/PFI Precision and Scale/HashMap Tables/ConstantHashMap' successfully

2020-06-05 20:46:44 - [TEST_CASE][PASSED] - Test Cases/PFI Precision and Scale/HashMap Tables/ConstantHashMap: Test Cases/PFI Precision and Scale/HashMap Tables/ConstantHashMap

2020-06-05 20:46:44 - [TEST_STEP][PASSED] - ConstantTBL = [1:["PeriodType":"Working Day(s)"], 2:["PeriodType":"Calendar Day(s)"], 3:["PeriodType":"Month(s)"], 4:["TypeOfLetter":"T1"], ... ]: null

2020-06-05 20:46:44 - [TEST_STEP][PASSED] - switch (DropdownNm): null

2020-06-05 20:46:44 - [TEST_STEP][PASSED] - case "eotType":: null

2020-06-05 20:46:44 - [TEST_STEP][PASSED] - ValueFound = ConstantTBL.find({ -> ... }): null

2020-06-05 20:46:44 - [TEST_STEP][PASSED] - break: null

2020-06-05 20:46:44 - [MESSAGE][PASSED] - Call Test Case 'Test Cases/PFI Precision and Scale/HashMap Tables/ConstantHashMap' successfully

2020-06-05 20:46:44 - [TEST_STEP][PASSED] - println(ValueFound): null

2020-06-05 20:46:44 - [TEST_STEP][PASSED] - sendKeys(NewInputNmField, Keys.chord(ARROW_DOWN)): Keys 'DOWN + ' sent to object: 'Object Repository/Objects.HighlightElements/input_field'

2020-06-05 20:46:44 - [MESSAGE][PASSED] - Keys 'DOWN + ' sent to object: 'Object Repository/Objects.HighlightElements/input_field'

2020-06-05 20:46:44 - [TEST_STEP][PASSED] - sendKeys(NewInputNmField, Keys.chord(ARROW_DOWN)): Keys 'DOWN + ' sent to object: 'Object Repository/Objects.HighlightElements/input_field'

2020-06-05 20:46:44 - [MESSAGE][PASSED] - Keys 'DOWN + ' sent to object: 'Object Repository/Objects.HighlightElements/input_field'

2020-06-05 20:46:44 - [TEST_STEP][PASSED] - delay(DelayTime): Delayed 3 second(s)

2020-06-05 20:46:47 - [MESSAGE][PASSED] - Delayed 3 second(s)

2020-06-05 20:46:47 - [TEST_STEP][PASSED] - sendKeys(NewInputNmField, Keys.chord(ENTER)): Keys 'ENTER + ' sent to object: 'Object Repository/Objects.HighlightElements/input_field'

2020-06-05 20:46:47 - [MESSAGE][PASSED] - Keys 'ENTER + ' sent to object: 'Object Repository/Objects.HighlightElements/input_field'

2020-06-05 20:46:47 - [TEST_STEP][PASSED] - ComboBoxValue = getAttribute(NewInputNmField, "value"): Attribute 'value' of object 'Object Repository/Objects.HighlightElements/input_field' is: 'Submission of FSI Report'

2020-06-05 20:46:47 - [MESSAGE][PASSED] - Attribute 'value' of object 'Object Repository/Objects.HighlightElements/input_field' is: 'Submission of FSI Report'

2020-06-05 20:46:47 - [TEST_STEP][PASSED] - callTestCase(findTestCase(CallTCName), ["FindValue":ComboBoxValue, "DropdownNm":comboNm], STOP_ON_FAILURE): Call Test Case 'Test Cases/PFI Precision and Scale/HashMap Tables/ConstantHashMap' successfully

2020-06-05 20:46:47 - [TEST_CASE][PASSED] - Test Cases/PFI Precision and Scale/HashMap Tables/ConstantHashMap: Test Cases/PFI Precision and Scale/HashMap Tables/ConstantHashMap

2020-06-05 20:46:47 - [TEST_STEP][PASSED] - ConstantTBL = [1:["PeriodType":"Working Day(s)"], 2:["PeriodType":"Calendar Day(s)"], 3:["PeriodType":"Month(s)"], 4:["TypeOfLetter":"T1"], ... ]: null

2020-06-05 20:46:47 - [TEST_STEP][PASSED] - switch (DropdownNm): null

2020-06-05 20:46:47 - [TEST_STEP][PASSED] - case "eotType":: null

2020-06-05 20:46:47 - [TEST_STEP][PASSED] - ValueFound = ConstantTBL.find({ -> ... }): null

2020-06-05 20:46:47 - [TEST_STEP][PASSED] - break: null

2020-06-05 20:46:47 - [MESSAGE][PASSED] - Call Test Case 'Test Cases/PFI Precision and Scale/HashMap Tables/ConstantHashMap' successfully

2020-06-05 20:46:47 - [TEST_STEP][PASSED] - println(ValueFound): null

2020-06-05 20:46:47 - [TEST_STEP][PASSED] - sendKeys(NewInputNmField, Keys.chord(ARROW_DOWN)): Keys 'DOWN + ' sent to object: 'Object Repository/Objects.HighlightElements/input_field'

2020-06-05 20:46:47 - [MESSAGE][PASSED] - Keys 'DOWN + ' sent to object: 'Object Repository/Objects.HighlightElements/input_field'

2020-06-05 20:46:47 - [TEST_STEP][PASSED] - sendKeys(NewInputNmField, Keys.chord(ENTER)): Keys 'ENTER + ' sent to object: 'Object Repository/Objects.HighlightElements/input_field'

2020-06-05 20:46:47 - [MESSAGE][PASSED] - Keys 'ENTER + ' sent to object: 'Object Repository/Objects.HighlightElements/input_field'

2020-06-05 20:46:47 - [MESSAGE][PASSED] - Call Test Case 'Test Cases/PFI Precision and Scale/PFI Components/VerifyDropdownValues' successfully

2020-06-05 20:46:47 - [TEST_STEP][PASSED] - callTestCase(findTestCase("Components/HighlightLabelField"), ["LblName":"EOT From Date *:"], STOP_ON_FAILURE): Call Test Case 'Test Cases/Components/HighlightLabelField' successfully

2020-06-05 20:46:47 - [TEST_CASE][PASSED] - Test Cases/Components/HighlightLabelField: Test Cases/Components/HighlightLabelField

2020-06-05 20:46:47 - [TEST_STEP][PASSED] - Thread.sleep(1000): null

2020-06-05 20:46:48 - [TEST_STEP][PASSED] - modifiedLblNm = modifyObjectProperty(findTestObject("Objects.HighlightElements/lblField"), "text", "equals", LblName, true): Modify property of object successfully

2020-06-05 20:46:48 - [MESSAGE][PASSED] - Modify property of object successfully

2020-06-05 20:46:48 - [TEST_STEP][PASSED] - com.reusableComponents.HighlightElement.run(modifiedLblNm): com.reusableComponents.HighlightElement.run is PASSED

2020-06-05 20:46:49 - [MESSAGE][PASSED] - com.reusableComponents.HighlightElement.run is PASSED

2020-06-05 20:46:49 - [MESSAGE][PASSED] - Call Test Case 'Test Cases/Components/HighlightLabelField' successfully

2020-06-05 20:46:49 - [TEST_STEP][PASSED] - callTestCase(findTestCase("Components/HighlightInputField"), ["InputFldName":"eotFromDate"], STOP_ON_FAILURE): Call Test Case 'Test Cases/Components/HighlightInputField' successfully

2020-06-05 20:46:49 - [TEST_CASE][PASSED] - Test Cases/Components/HighlightInputField: Test Cases/Components/HighlightInputField

2020-06-05 20:46:49 - [TEST_STEP][PASSED] - Thread.sleep(1000): null

2020-06-05 20:46:50 - [TEST_STEP][PASSED] - modifiedLblNm = modifyObjectProperty(findTestObject("Objects.HighlightElements/input_field"), "name", "equals", InputFldName, true): Modify property of object successfully

2020-06-05 20:46:50 - [MESSAGE][PASSED] - Modify property of object successfully

2020-06-05 20:46:50 - [TEST_STEP][PASSED] - com.reusableComponents.HighlightElement.run(modifiedLblNm): com.reusableComponents.HighlightElement.run is PASSED

2020-06-05 20:46:50 - [MESSAGE][PASSED] - com.reusableComponents.HighlightElement.run is PASSED

2020-06-05 20:46:50 - [MESSAGE][PASSED] - Call Test Case 'Test Cases/Components/HighlightInputField' successfully

2020-06-05 20:46:50 - [TEST_STEP][PASSED] - callTestCase(findTestCase("PFI Precision and Scale/PFI Components/SelectDayInDatePicker"), ["FldNm":"eotFromDate", "SelectDay":"June 08"], STOP_ON_FAILURE): Call Test Case 'Test Cases/PFI Precision and Scale/PFI Components/SelectDayInDatePicker' successfully

2020-06-05 20:46:52 - [TEST_CASE][PASSED] - Test Cases/PFI Precision and Scale/PFI Components/SelectDayInDatePicker: Test Cases/PFI Precision and Scale/PFI Components/SelectDayInDatePicker

2020-06-05 20:46:52 - [TEST_STEP][PASSED] - Thread.sleep(1000): null

2020-06-05 20:46:53 - [TEST_STEP][PASSED] - DateFieldNm = modifyObjectProperty(findTestObject("Objects.HighlightElements/input_field"), "name", "equals", FldNm, true): Modify property of object successfully

2020-06-05 20:46:53 - [MESSAGE][PASSED] - Modify property of object successfully

2020-06-05 20:46:53 - [TEST_STEP][PASSED] - ModifyDay = modifyObjectProperty(findTestObject("Objects.DateValidation/Page_ISPS2/Select_Day"), "aria-label", "equals", SelectDay, true): Modify property of object successfully

2020-06-05 20:46:53 - [MESSAGE][PASSED] - Modify property of object successfully

2020-06-05 20:46:53 - [TEST_STEP][PASSED] - sendKeys(DateFieldNm, Keys.chord(ARROW_DOWN)): Keys 'DOWN + ' sent to object: 'Object Repository/Objects.HighlightElements/input_field'

2020-06-05 20:46:53 - [MESSAGE][PASSED] - Keys 'DOWN + ' sent to object: 'Object Repository/Objects.HighlightElements/input_field'

2020-06-05 20:46:53 - [TEST_STEP][PASSED] - com.reusableComponents.HighlightElement.run(ModifyDay): com.reusableComponents.HighlightElement.run is PASSED

2020-06-05 20:46:53 - [MESSAGE][PASSED] - com.reusableComponents.HighlightElement.run is PASSED

2020-06-05 20:46:53 - [TEST_STEP][PASSED] - delay(1): Delayed 1 second(s)

2020-06-05 20:46:54 - [MESSAGE][PASSED] - Delayed 1 second(s)

2020-06-05 20:46:54 - [TEST_STEP][PASSED] - click(ModifyDay): Object: 'Object Repository/Objects.DateValidation/Page_ISPS2/Select_Day' is clicked on

2020-06-05 20:46:54 - [MESSAGE][PASSED] - Object: 'Object Repository/Objects.DateValidation/Page_ISPS2/Select_Day' is clicked on

2020-06-05 20:46:54 - [TEST_STEP][PASSED] - GetError = getAttribute(DateFieldNm, "data-errorqtip"): Attribute 'data-errorqtip' of object 'Object Repository/Objects.HighlightElements/input_field' is: ''

2020-06-05 20:46:54 - [MESSAGE][PASSED] - Attribute 'data-errorqtip' of object 'Object Repository/Objects.HighlightElements/input_field' is: ''

2020-06-05 20:46:54 - [TEST_STEP][PASSED] - if (GetError == ""): Date Format is valid

2020-06-05 20:46:54 - [TEST_STEP][PASSED] - GetEnteredDate = getAttribute(DateFieldNm, "value"): Attribute 'value' of object 'Object Repository/Objects.HighlightElements/input_field' is: '08/06/2020'

2020-06-05 20:46:55 - [MESSAGE][PASSED] - Attribute 'value' of object 'Object Repository/Objects.HighlightElements/input_field' is: '08/06/2020'

2020-06-05 20:46:55 - [TEST_STEP][PASSED] - DatePattern = Pattern.compile("^(1[0-2]|0[1-9])/(3[01]|[12][0-9]|0[1-9])/[0-9]{4}$"): null

2020-06-05 20:46:55 - [TEST_STEP][PASSED] - VerifyDateFormat = DatePattern.matcher(GetEnteredDate): null

2020-06-05 20:46:55 - [TEST_STEP][PASSED] - if (VerifyDateFormat.matches() == true): Date Format is valid

2020-06-05 20:46:55 - [TEST_STEP][PASSED] - comment("Date Format is valid"): Date Format is valid

2020-06-05 20:46:55 - [MESSAGE][INFO] - Date Format is valid

2020-06-05 20:46:55 - [MESSAGE][PASSED] - Call Test Case 'Test Cases/PFI Precision and Scale/PFI Components/SelectDayInDatePicker' successfully

2020-06-05 20:46:55 - [TEST_STEP][PASSED] - callTestCase(findTestCase("PFI Precision and Scale/PFI Components/NumericTextboxValidationII"), ["nameToBeUsed":"eotFromDate", "minLen":11, "index":0], STOP_ON_FAILURE): Call Test Case 'Test Cases/PFI Precision and Scale/PFI Components/NumericTextboxValidationII' successfully

2020-06-05 20:46:55 - [TEST_CASE][PASSED] - Test Cases/PFI Precision and Scale/PFI Components/NumericTextboxValidationII: Test Cases/PFI Precision and Scale/PFI Components/NumericTextboxValidationII

2020-06-05 20:46:55 - [TEST_STEP][PASSED] - Thread.sleep(1000): null

2020-06-05 20:46:56 - [TEST_STEP][PASSED] - Numeric = "0123456789": null

2020-06-05 20:46:56 - [TEST_STEP][PASSED] - AlphaSpecialChar = z) + "`~!@#$%^&*()=_{}|\][;'":,?><"".join(): null

2020-06-05 20:46:56 - [TEST_STEP][PASSED] - RandomNumeric = RandomStringUtils.random(minLen, Numeric.toCharArray()): null

2020-06-05 20:46:56 - [TEST_STEP][PASSED] - RandomString = RandomStringUtils.random(minLen, AlphaSpecialChar): null

2020-06-05 20:46:56 - [TEST_STEP][PASSED] - regexPat = Pattern.compile("^[0-9]+$"): null

2020-06-05 20:46:56 - [TEST_STEP][PASSED] - NewInputNmField = modifyObjectProperty(findTestObject("Objects.RemarksValidation/input_Remarks"), "name", "equals", nameToBeUsed, true): Modify property of object successfully

2020-06-05 20:46:56 - [MESSAGE][PASSED] - Modify property of object successfully

2020-06-05 20:46:56 - [TEST_STEP][PASSED] - focus(NewInputNmField): Object: 'Object Repository/Objects.RemarksValidation/input_Remarks' is focused

2020-06-05 20:46:56 - [MESSAGE][PASSED] - Object: 'Object Repository/Objects.RemarksValidation/input_Remarks' is focused

2020-06-05 20:46:56 - [TEST_STEP][PASSED] - setText(NewInputNmField, RandomString): Text 'Kp$EecgxxOD' is set on object 'Object Repository/Objects.RemarksValidation/input_Remarks'

2020-06-05 20:46:56 - [MESSAGE][PASSED] - Text 'Kp$EecgxxOD' is set on object 'Object Repository/Objects.RemarksValidation/input_Remarks'

2020-06-05 20:46:56 - [TEST_STEP][PASSED] - GetInputVal = getAttribute(NewInputNmField, "value"): Attribute 'value' of object 'Object Repository/Objects.RemarksValidation/input_Remarks' is: ''

2020-06-05 20:46:56 - [MESSAGE][PASSED] - Attribute 'value' of object 'Object Repository/Objects.RemarksValidation/input_Remarks' is: ''

2020-06-05 20:46:56 - [TEST_STEP][PASSED] - if (GetInputVal.contains("e")): null

2020-06-05 20:46:56 - [TEST_STEP][PASSED] - else: Actual text '' and expected text '' are matched  using regular expression

2020-06-05 20:46:56 - [TEST_STEP][PASSED] - verifyMatch(GetInputVal, "", true): Actual text '' and expected text '' are matched  using regular expression

2020-06-05 20:46:56 - [MESSAGE][PASSED] - Actual text '' and expected text '' are matched  using regular expression

2020-06-05 20:46:56 - [TEST_STEP][PASSED] - setText(NewInputNmField, RandomNumeric): Text '43527293895' is set on object 'Object Repository/Objects.RemarksValidation/input_Remarks'

2020-06-05 20:46:56 - [MESSAGE][PASSED] - Text '43527293895' is set on object 'Object Repository/Objects.RemarksValidation/input_Remarks'

2020-06-05 20:46:56 - [TEST_STEP][PASSED] - GetEnteredIntegers = getAttribute(NewInputNmField, "value"): Attribute 'value' of object 'Object Repository/Objects.RemarksValidation/input_Remarks' is: '43527293895'

2020-06-05 20:46:56 - [MESSAGE][PASSED] - Attribute 'value' of object 'Object Repository/Objects.RemarksValidation/input_Remarks' is: '43527293895'

2020-06-05 20:46:56 - [TEST_STEP][PASSED] - matchStr = regexPat.matcher(GetEnteredIntegers): null

2020-06-05 20:46:56 - [TEST_STEP][PASSED] - if (matchStr.matches() == true): Accepting Numeric

2020-06-05 20:46:56 - [TEST_STEP][PASSED] - comment("Accepting Numeric"): Accepting Numeric

2020-06-05 20:46:56 - [MESSAGE][INFO] - Accepting Numeric

2020-06-05 20:46:56 - [MESSAGE][PASSED] - Call Test Case 'Test Cases/PFI Precision and Scale/PFI Components/NumericTextboxValidationII' successfully

2020-06-05 20:46:56 - [TEST_STEP][PASSED] - callTestCase(findTestCase("PFI Precision and Scale/PFI Components/StartTimeError"), ["FldNm":"eotFromDate", "index":0], STOP_ON_FAILURE): Call Test Case 'Test Cases/PFI Precision and Scale/PFI Components/StartTimeError' successfully

2020-06-05 20:46:56 - [TEST_CASE][PASSED] - Test Cases/PFI Precision and Scale/PFI Components/StartTimeError: Test Cases/PFI Precision and Scale/PFI Components/StartTimeError

2020-06-05 20:46:56 - [TEST_STEP][PASSED] - Thread.sleep(1000): null

2020-06-05 20:46:57 - [TEST_STEP][PASSED] - if (index == 0): Modify property of object successfully

2020-06-05 20:46:57 - [TEST_STEP][PASSED] - NewInputNmField = modifyObjectProperty(findTestObject("Objects.HighlightElements/input_field"), "name", "equals", FldNm, true): Modify property of object successfully

2020-06-05 20:46:58 - [MESSAGE][PASSED] - Modify property of object successfully

2020-06-05 20:46:58 - [TEST_STEP][PASSED] - mouseOver(NewInputNmField): Object: 'Object Repository/Objects.HighlightElements/input_field' is hovered

2020-06-05 20:46:58 - [MESSAGE][PASSED] - Object: 'Object Repository/Objects.HighlightElements/input_field' is hovered

2020-06-05 20:46:58 - [TEST_STEP][PASSED] - getInputInvalidDate = getAttribute(NewInputNmField, "value"): Attribute 'value' of object 'Object Repository/Objects.HighlightElements/input_field' is: '43527293895'

2020-06-05 20:46:58 - [MESSAGE][PASSED] - Attribute 'value' of object 'Object Repository/Objects.HighlightElements/input_field' is: '43527293895'

2020-06-05 20:46:58 - [TEST_STEP][PASSED] - getErrMsg = getAttribute(NewInputNmField, "data-errorqtip"): Attribute 'data-errorqtip' of object 'Object Repository/Objects.HighlightElements/input_field' is: '<ul class="x-list-plain"><li>Start time must be less than end time</li><li>43527293895 is not a valid date - it must be in the format d/m/Y</li></ul>'

2020-06-05 20:46:58 - [MESSAGE][PASSED] - Attribute 'data-errorqtip' of object 'Object Repository/Objects.HighlightElements/input_field' is: '<ul class="x-list-plain"><li>Start time must be less than end time</li><li>43527293895 is not a valid date - it must be in the format d/m/Y</li></ul>'

2020-06-05 20:46:58 - [TEST_STEP][PASSED] - RmvCd = getErrMsg.substring(0, 75): null

2020-06-05 20:46:58 - [TEST_STEP][PASSED] - FirstErrMsg = RmvCd.substring(29, 66): null

2020-06-05 20:46:58 - [TEST_STEP][PASSED] - getTotalLength = getErrMsg.length(): null

2020-06-05 20:46:58 - [TEST_STEP][PASSED] - RmvCd = getErrMsg.substring(75, getTotalLength): null

2020-06-05 20:46:58 - [TEST_STEP][PASSED] - lenInv = RmvCd.length() - 10: null

2020-06-05 20:46:58 - [TEST_STEP][PASSED] - InvErrMsg = RmvCd.substring(0, lenInv): null

2020-06-05 20:46:58 - [TEST_STEP][PASSED] - ExpectedInvalidErrMsg2 = concatenate(InvDtErr, " ", getInputInvalidDate, " ", NotValidDt): Concatenated string array: '['Start time must be less than end time',' ','43527293895',' ','is not a valid date - it must be in the format d/m/Y']' into 'Start time must be less than end time 43527293895 is not a valid date - it must be in the format d/m/Y'

2020-06-05 20:46:58 - [MESSAGE][PASSED] - Concatenated string array: '['Start time must be less than end time',' ','43527293895',' ','is not a valid date - it must be in the format d/m/Y']' into 'Start time must be less than end time 43527293895 is not a valid date - it must be in the format d/m/Y'

2020-06-05 20:46:58 - [TEST_STEP][PASSED] - ActualInvErrMsg = concatenate(FirstErrMsg, " ", InvErrMsg): Concatenated string array: '['Start time must be less than end time',' ','43527293895 is not a valid date - it must be in the format d/m/Y']' into 'Start time must be less than end time 43527293895 is not a valid date - it must be in the format d/m/Y'

2020-06-05 20:46:58 - [MESSAGE][PASSED] - Concatenated string array: '['Start time must be less than end time',' ','43527293895 is not a valid date - it must be in the format d/m/Y']' into 'Start time must be less than end time 43527293895 is not a valid date - it must be in the format d/m/Y'

2020-06-05 20:46:58 - [TEST_STEP][PASSED] - verifyMatch(ActualInvErrMsg, ExpectedInvalidErrMsg2, true): Actual text 'Start time must be less than end time 43527293895 is not a valid date - it must be in the format d/m/Y' and expected text 'Start time must be less than end time 43527293895 is not a valid date - it must be in the format d/m/Y' are matched  using regular expression

2020-06-05 20:46:58 - [MESSAGE][PASSED] - Actual text 'Start time must be less than end time 43527293895 is not a valid date - it must be in the format d/m/Y' and expected text 'Start time must be less than end time 43527293895 is not a valid date - it must be in the format d/m/Y' are matched  using regular expression

2020-06-05 20:46:58 - [MESSAGE][PASSED] - Call Test Case 'Test Cases/PFI Precision and Scale/PFI Components/StartTimeError' successfully

2020-06-05 20:46:58 - [TEST_STEP][PASSED] - callTestCase(findTestCase("PFI Precision and Scale/PFI Components/SelectTodayInDatePicker"), ["FldNm":"eotFromDate", "index":"1"], STOP_ON_FAILURE): Call Test Case 'Test Cases/PFI Precision and Scale/PFI Components/SelectTodayInDatePicker' successfully

2020-06-05 20:46:58 - [TEST_CASE][PASSED] - Test Cases/PFI Precision and Scale/PFI Components/SelectTodayInDatePicker: Test Cases/PFI Precision and Scale/PFI Components/SelectTodayInDatePicker

2020-06-05 20:46:58 - [TEST_STEP][PASSED] - Thread.sleep(1000): null

2020-06-05 20:46:59 - [TEST_STEP][PASSED] - date = new java.util.Date(): null

2020-06-05 20:46:59 - [TEST_STEP][PASSED] - CurrentDate = new java.text.SimpleDateFormat(dd/MM/yyyy): null

2020-06-05 20:46:59 - [TEST_STEP][PASSED] - TodayDate = CurrentDate.format(date): null

2020-06-05 20:46:59 - [TEST_STEP][PASSED] - DateFieldNm = modifyObjectProperty(findTestObject("Object Repository/Objects.DateValidation/Page_ISPS2/input__orderDt"), "name", "equals", FldNm, true): Modify property of object successfully

2020-06-05 20:46:59 - [MESSAGE][PASSED] - Modify property of object successfully

2020-06-05 20:46:59 - [TEST_STEP][PASSED] - TodayBtn = modifyObjectProperty(findTestObject("Object Repository/Objects.DateValidation/Page_ISPS2/a_Today"), "xpath", "equals", "(//*[text() = 'Today'])[" + index + "]", true): Modify property of object successfully

2020-06-05 20:46:59 - [MESSAGE][PASSED] - Modify property of object successfully

2020-06-05 20:46:59 - [TEST_STEP][PASSED] - sendKeys(DateFieldNm, Keys.chord(ARROW_DOWN)): Keys 'DOWN + ' sent to object: 'Object Repository/Objects.DateValidation/Page_ISPS2/input__orderDt'

2020-06-05 20:46:59 - [MESSAGE][PASSED] - Keys 'DOWN + ' sent to object: 'Object Repository/Objects.DateValidation/Page_ISPS2/input__orderDt'

2020-06-05 20:46:59 - [TEST_STEP][PASSED] - com.reusableComponents.HighlightElement.run(TodayBtn): com.reusableComponents.HighlightElement.run is PASSED

2020-06-05 20:47:00 - [MESSAGE][PASSED] - com.reusableComponents.HighlightElement.run is PASSED

2020-06-05 20:47:00 - [TEST_STEP][PASSED] - click(TodayBtn): Object: 'Object Repository/Objects.DateValidation/Page_ISPS2/a_Today' is clicked on

2020-06-05 20:47:00 - [MESSAGE][PASSED] - Object: 'Object Repository/Objects.DateValidation/Page_ISPS2/a_Today' is clicked on

2020-06-05 20:47:00 - [TEST_STEP][PASSED] - GetEnteredDate = getAttribute(DateFieldNm, "value"): Attribute 'value' of object 'Object Repository/Objects.DateValidation/Page_ISPS2/input__orderDt' is: '05/06/2020'

2020-06-05 20:47:00 - [MESSAGE][PASSED] - Attribute 'value' of object 'Object Repository/Objects.DateValidation/Page_ISPS2/input__orderDt' is: '05/06/2020'

2020-06-05 20:47:00 - [TEST_STEP][PASSED] - verifyMatch(GetEnteredDate, TodayDate, true): Actual text '05/06/2020' and expected text '05/06/2020' are matched  using regular expression

2020-06-05 20:47:00 - [MESSAGE][PASSED] - Actual text '05/06/2020' and expected text '05/06/2020' are matched  using regular expression

2020-06-05 20:47:00 - [MESSAGE][PASSED] - Call Test Case 'Test Cases/PFI Precision and Scale/PFI Components/SelectTodayInDatePicker' successfully

2020-06-05 20:47:00 - [TEST_STEP][PASSED] - callTestCase(findTestCase("Components/HighlightLabelField"), ["LblName":"EOT To Date *:"], STOP_ON_FAILURE): Call Test Case 'Test Cases/Components/HighlightLabelField' successfully

2020-06-05 20:47:00 - [TEST_CASE][PASSED] - Test Cases/Components/HighlightLabelField: Test Cases/Components/HighlightLabelField

2020-06-05 20:47:00 - [TEST_STEP][PASSED] - Thread.sleep(1000): null

2020-06-05 20:47:01 - [TEST_STEP][PASSED] - modifiedLblNm = modifyObjectProperty(findTestObject("Objects.HighlightElements/lblField"), "text", "equals", LblName, true): Modify property of object successfully

2020-06-05 20:47:01 - [MESSAGE][PASSED] - Modify property of object successfully

2020-06-05 20:47:01 - [TEST_STEP][PASSED] - com.reusableComponents.HighlightElement.run(modifiedLblNm): com.reusableComponents.HighlightElement.run is PASSED

2020-06-05 20:47:01 - [MESSAGE][PASSED] - com.reusableComponents.HighlightElement.run is PASSED

2020-06-05 20:47:01 - [MESSAGE][PASSED] - Call Test Case 'Test Cases/Components/HighlightLabelField' successfully

2020-06-05 20:47:01 - [TEST_STEP][PASSED] - callTestCase(findTestCase("Components/HighlightInputField"), ["InputFldName":"eotToDate"], STOP_ON_FAILURE): Call Test Case 'Test Cases/Components/HighlightInputField' successfully

2020-06-05 20:47:01 - [TEST_CASE][PASSED] - Test Cases/Components/HighlightInputField: Test Cases/Components/HighlightInputField

2020-06-05 20:47:01 - [TEST_STEP][PASSED] - Thread.sleep(1000): null

2020-06-05 20:47:02 - [TEST_STEP][PASSED] - modifiedLblNm = modifyObjectProperty(findTestObject("Objects.HighlightElements/input_field"), "name", "equals", InputFldName, true): Modify property of object successfully

2020-06-05 20:47:02 - [MESSAGE][PASSED] - Modify property of object successfully

2020-06-05 20:47:02 - [TEST_STEP][PASSED] - com.reusableComponents.HighlightElement.run(modifiedLblNm): com.reusableComponents.HighlightElement.run is PASSED

2020-06-05 20:47:03 - [MESSAGE][PASSED] - com.reusableComponents.HighlightElement.run is PASSED

2020-06-05 20:47:03 - [MESSAGE][PASSED] - Call Test Case 'Test Cases/Components/HighlightInputField' successfully

2020-06-05 20:47:03 - [TEST_STEP][PASSED] - callTestCase(findTestCase("PFI Precision and Scale/PFI Components with Indexing/SelectDayInDatePickerWithIndex"), ["FldNm":"eotToDate", "SelectCurrentDay":"12", "index":2], STOP_ON_FAILURE): Call Test Case 'Test Cases/PFI Precision and Scale/PFI Components with Indexing/SelectDayInDatePickerWithIndex' successfully

2020-06-05 20:47:03 - [TEST_CASE][PASSED] - Test Cases/PFI Precision and Scale/PFI Components with Indexing/SelectDayInDatePickerWithIndex: Test Cases/PFI Precision and Scale/PFI Components with Indexing/SelectDayInDatePickerWithIndex

2020-06-05 20:47:03 - [TEST_STEP][PASSED] - Thread.sleep(1000): null

2020-06-05 20:47:04 - [TEST_STEP][PASSED] - DateFieldNm = modifyObjectProperty(findTestObject("Objects.HighlightElements/input_field"), "name", "equals", FldNm, true): Modify property of object successfully

2020-06-05 20:47:04 - [MESSAGE][PASSED] - Modify property of object successfully

2020-06-05 20:47:04 - [TEST_STEP][PASSED] - ModifyDay = modifyObjectProperty(findTestObject("Objects.DateValidation/Page_ISPS2/Select_Day_Index"), "xpath", "equals", "(//*[contains(@class, 'x-datepicker-date') and (text() = '" + SelectCurrentDay + "')])[" + index + "]", true): Modify property of object successfully

2020-06-05 20:47:04 - [MESSAGE][PASSED] - Modify property of object successfully

2020-06-05 20:47:04 - [TEST_STEP][PASSED] - sendKeys(DateFieldNm, Keys.chord(ARROW_DOWN)): Keys 'DOWN + ' sent to object: 'Object Repository/Objects.HighlightElements/input_field'

2020-06-05 20:47:04 - [MESSAGE][PASSED] - Keys 'DOWN + ' sent to object: 'Object Repository/Objects.HighlightElements/input_field'

2020-06-05 20:47:04 - [TEST_STEP][PASSED] - com.reusableComponents.HighlightElement.run(ModifyDay): com.reusableComponents.HighlightElement.run is PASSED

2020-06-05 20:47:05 - [MESSAGE][PASSED] - com.reusableComponents.HighlightElement.run is PASSED

2020-06-05 20:47:05 - [TEST_STEP][PASSED] - delay(1): Delayed 1 second(s)

2020-06-05 20:47:06 - [MESSAGE][PASSED] - Delayed 1 second(s)

2020-06-05 20:47:06 - [TEST_STEP][PASSED] - click(ModifyDay): Object: 'Object Repository/Objects.DateValidation/Page_ISPS2/Select_Day_Index' is clicked on

2020-06-05 20:47:06 - [MESSAGE][PASSED] - Object: 'Object Repository/Objects.DateValidation/Page_ISPS2/Select_Day_Index' is clicked on

2020-06-05 20:47:06 - [TEST_STEP][PASSED] - GetError = getAttribute(DateFieldNm, "data-errorqtip"): Attribute 'data-errorqtip' of object 'Object Repository/Objects.HighlightElements/input_field' is: ''

2020-06-05 20:47:06 - [MESSAGE][PASSED] - Attribute 'data-errorqtip' of object 'Object Repository/Objects.HighlightElements/input_field' is: ''

2020-06-05 20:47:06 - [TEST_STEP][PASSED] - if (GetError == ""): Date Format is valid

2020-06-05 20:47:06 - [TEST_STEP][PASSED] - GetEnteredDate = getAttribute(DateFieldNm, "value"): Attribute 'value' of object 'Object Repository/Objects.HighlightElements/input_field' is: '12/06/2020'

2020-06-05 20:47:06 - [MESSAGE][PASSED] - Attribute 'value' of object 'Object Repository/Objects.HighlightElements/input_field' is: '12/06/2020'

2020-06-05 20:47:06 - [TEST_STEP][PASSED] - DatePattern = Pattern.compile("^(1[0-2]|0[1-9])/(3[01]|[12][0-9]|0[1-9])/[0-9]{4}$"): null

2020-06-05 20:47:06 - [TEST_STEP][PASSED] - VerifyDateFormat = DatePattern.matcher(GetEnteredDate): null

2020-06-05 20:47:06 - [TEST_STEP][PASSED] - if (VerifyDateFormat.matches() == true): Date Format is valid

2020-06-05 20:47:06 - [TEST_STEP][PASSED] - comment("Date Format is valid"): Date Format is valid

2020-06-05 20:47:06 - [MESSAGE][INFO] - Date Format is valid

2020-06-05 20:47:06 - [MESSAGE][PASSED] - Call Test Case 'Test Cases/PFI Precision and Scale/PFI Components with Indexing/SelectDayInDatePickerWithIndex' successfully

2020-06-05 20:47:06 - [TEST_STEP][PASSED] - callTestCase(findTestCase("PFI Precision and Scale/PFI Components/NumericTextboxValidationII"), ["nameToBeUsed":"eotToDate", "minLen":11, "index":0], STOP_ON_FAILURE): Call Test Case 'Test Cases/PFI Precision and Scale/PFI Components/NumericTextboxValidationII' successfully

2020-06-05 20:47:06 - [TEST_CASE][PASSED] - Test Cases/PFI Precision and Scale/PFI Components/NumericTextboxValidationII: Test Cases/PFI Precision and Scale/PFI Components/NumericTextboxValidationII

2020-06-05 20:47:06 - [TEST_STEP][PASSED] - Thread.sleep(1000): null

2020-06-05 20:47:07 - [TEST_STEP][PASSED] - Numeric = "0123456789": null

2020-06-05 20:47:07 - [TEST_STEP][PASSED] - AlphaSpecialChar = z) + "`~!@#$%^&*()=_{}|\][;'":,?><"".join(): null

2020-06-05 20:47:07 - [TEST_STEP][PASSED] - RandomNumeric = RandomStringUtils.random(minLen, Numeric.toCharArray()): null

2020-06-05 20:47:07 - [TEST_STEP][PASSED] - RandomString = RandomStringUtils.random(minLen, AlphaSpecialChar): null

2020-06-05 20:47:07 - [TEST_STEP][PASSED] - regexPat = Pattern.compile("^[0-9]+$"): null

2020-06-05 20:47:07 - [TEST_STEP][PASSED] - NewInputNmField = modifyObjectProperty(findTestObject("Objects.RemarksValidation/input_Remarks"), "name", "equals", nameToBeUsed, true): Modify property of object successfully

2020-06-05 20:47:07 - [MESSAGE][PASSED] - Modify property of object successfully

2020-06-05 20:47:07 - [TEST_STEP][PASSED] - focus(NewInputNmField): Object: 'Object Repository/Objects.RemarksValidation/input_Remarks' is focused

2020-06-05 20:47:07 - [MESSAGE][PASSED] - Object: 'Object Repository/Objects.RemarksValidation/input_Remarks' is focused

2020-06-05 20:47:07 - [TEST_STEP][PASSED] - setText(NewInputNmField, RandomString): Text 'R\H(yEczq%v' is set on object 'Object Repository/Objects.RemarksValidation/input_Remarks'

2020-06-05 20:47:07 - [MESSAGE][PASSED] - Text 'R\H(yEczq%v' is set on object 'Object Repository/Objects.RemarksValidation/input_Remarks'

2020-06-05 20:47:07 - [TEST_STEP][PASSED] - GetInputVal = getAttribute(NewInputNmField, "value"): Attribute 'value' of object 'Object Repository/Objects.RemarksValidation/input_Remarks' is: ''

2020-06-05 20:47:07 - [MESSAGE][PASSED] - Attribute 'value' of object 'Object Repository/Objects.RemarksValidation/input_Remarks' is: ''

2020-06-05 20:47:07 - [TEST_STEP][PASSED] - if (GetInputVal.contains("e")): null

2020-06-05 20:47:07 - [TEST_STEP][PASSED] - else: Actual text '' and expected text '' are matched  using regular expression

2020-06-05 20:47:07 - [TEST_STEP][PASSED] - verifyMatch(GetInputVal, "", true): Actual text '' and expected text '' are matched  using regular expression

2020-06-05 20:47:07 - [MESSAGE][PASSED] - Actual text '' and expected text '' are matched  using regular expression

2020-06-05 20:47:07 - [TEST_STEP][PASSED] - setText(NewInputNmField, RandomNumeric): Text '87147289831' is set on object 'Object Repository/Objects.RemarksValidation/input_Remarks'

2020-06-05 20:47:07 - [MESSAGE][PASSED] - Text '87147289831' is set on object 'Object Repository/Objects.RemarksValidation/input_Remarks'

2020-06-05 20:47:07 - [TEST_STEP][PASSED] - GetEnteredIntegers = getAttribute(NewInputNmField, "value"): Attribute 'value' of object 'Object Repository/Objects.RemarksValidation/input_Remarks' is: '87147289831'

2020-06-05 20:47:07 - [MESSAGE][PASSED] - Attribute 'value' of object 'Object Repository/Objects.RemarksValidation/input_Remarks' is: '87147289831'

2020-06-05 20:47:07 - [TEST_STEP][PASSED] - matchStr = regexPat.matcher(GetEnteredIntegers): null

2020-06-05 20:47:07 - [TEST_STEP][PASSED] - if (matchStr.matches() == true): Accepting Numeric

2020-06-05 20:47:07 - [TEST_STEP][PASSED] - comment("Accepting Numeric"): Accepting Numeric

2020-06-05 20:47:07 - [MESSAGE][INFO] - Accepting Numeric

2020-06-05 20:47:07 - [MESSAGE][PASSED] - Call Test Case 'Test Cases/PFI Precision and Scale/PFI Components/NumericTextboxValidationII' successfully

2020-06-05 20:47:07 - [TEST_STEP][PASSED] - callTestCase(findTestCase("PFI Precision and Scale/PFI Components/StartTimeError"), ["FldNm":"eotToDate", "index":0], STOP_ON_FAILURE): Call Test Case 'Test Cases/PFI Precision and Scale/PFI Components/StartTimeError' successfully

2020-06-05 20:47:08 - [TEST_CASE][PASSED] - Test Cases/PFI Precision and Scale/PFI Components/StartTimeError: Test Cases/PFI Precision and Scale/PFI Components/StartTimeError

2020-06-05 20:47:08 - [TEST_STEP][PASSED] - Thread.sleep(1000): null

2020-06-05 20:47:09 - [TEST_STEP][PASSED] - if (index == 0): Modify property of object successfully

2020-06-05 20:47:09 - [TEST_STEP][PASSED] - NewInputNmField = modifyObjectProperty(findTestObject("Objects.HighlightElements/input_field"), "name", "equals", FldNm, true): Modify property of object successfully

2020-06-05 20:47:09 - [MESSAGE][PASSED] - Modify property of object successfully

2020-06-05 20:47:09 - [TEST_STEP][PASSED] - mouseOver(NewInputNmField): Object: 'Object Repository/Objects.HighlightElements/input_field' is hovered

2020-06-05 20:47:09 - [MESSAGE][PASSED] - Object: 'Object Repository/Objects.HighlightElements/input_field' is hovered

2020-06-05 20:47:09 - [TEST_STEP][PASSED] - getInputInvalidDate = getAttribute(NewInputNmField, "value"): Attribute 'value' of object 'Object Repository/Objects.HighlightElements/input_field' is: '87147289831'

2020-06-05 20:47:09 - [MESSAGE][PASSED] - Attribute 'value' of object 'Object Repository/Objects.HighlightElements/input_field' is: '87147289831'

2020-06-05 20:47:09 - [TEST_STEP][PASSED] - getErrMsg = getAttribute(NewInputNmField, "data-errorqtip"): Attribute 'data-errorqtip' of object 'Object Repository/Objects.HighlightElements/input_field' is: '<ul class="x-list-plain"><li>Start time must be less than end time</li><li>87147289831 is not a valid date - it must be in the format d/m/Y</li></ul>'

2020-06-05 20:47:09 - [MESSAGE][PASSED] - Attribute 'data-errorqtip' of object 'Object Repository/Objects.HighlightElements/input_field' is: '<ul class="x-list-plain"><li>Start time must be less than end time</li><li>87147289831 is not a valid date - it must be in the format d/m/Y</li></ul>'

2020-06-05 20:47:09 - [TEST_STEP][PASSED] - RmvCd = getErrMsg.substring(0, 75): null

2020-06-05 20:47:09 - [TEST_STEP][PASSED] - FirstErrMsg = RmvCd.substring(29, 66): null

2020-06-05 20:47:09 - [TEST_STEP][PASSED] - getTotalLength = getErrMsg.length(): null

2020-06-05 20:47:09 - [TEST_STEP][PASSED] - RmvCd = getErrMsg.substring(75, getTotalLength): null

2020-06-05 20:47:09 - [TEST_STEP][PASSED] - lenInv = RmvCd.length() - 10: null

2020-06-05 20:47:09 - [TEST_STEP][PASSED] - InvErrMsg = RmvCd.substring(0, lenInv): null

2020-06-05 20:47:09 - [TEST_STEP][PASSED] - ExpectedInvalidErrMsg2 = concatenate(InvDtErr, " ", getInputInvalidDate, " ", NotValidDt): Concatenated string array: '['Start time must be less than end time',' ','87147289831',' ','is not a valid date - it must be in the format d/m/Y']' into 'Start time must be less than end time 87147289831 is not a valid date - it must be in the format d/m/Y'

2020-06-05 20:47:09 - [MESSAGE][PASSED] - Concatenated string array: '['Start time must be less than end time',' ','87147289831',' ','is not a valid date - it must be in the format d/m/Y']' into 'Start time must be less than end time 87147289831 is not a valid date - it must be in the format d/m/Y'

2020-06-05 20:47:09 - [TEST_STEP][PASSED] - ActualInvErrMsg = concatenate(FirstErrMsg, " ", InvErrMsg): Concatenated string array: '['Start time must be less than end time',' ','87147289831 is not a valid date - it must be in the format d/m/Y']' into 'Start time must be less than end time 87147289831 is not a valid date - it must be in the format d/m/Y'

2020-06-05 20:47:09 - [MESSAGE][PASSED] - Concatenated string array: '['Start time must be less than end time',' ','87147289831 is not a valid date - it must be in the format d/m/Y']' into 'Start time must be less than end time 87147289831 is not a valid date - it must be in the format d/m/Y'

2020-06-05 20:47:09 - [TEST_STEP][PASSED] - verifyMatch(ActualInvErrMsg, ExpectedInvalidErrMsg2, true): Actual text 'Start time must be less than end time 87147289831 is not a valid date - it must be in the format d/m/Y' and expected text 'Start time must be less than end time 87147289831 is not a valid date - it must be in the format d/m/Y' are matched  using regular expression

2020-06-05 20:47:09 - [MESSAGE][PASSED] - Actual text 'Start time must be less than end time 87147289831 is not a valid date - it must be in the format d/m/Y' and expected text 'Start time must be less than end time 87147289831 is not a valid date - it must be in the format d/m/Y' are matched  using regular expression

2020-06-05 20:47:09 - [MESSAGE][PASSED] - Call Test Case 'Test Cases/PFI Precision and Scale/PFI Components/StartTimeError' successfully

2020-06-05 20:47:09 - [TEST_STEP][PASSED] - callTestCase(findTestCase("PFI Precision and Scale/PFI Components/SelectTodayInDatePicker"), ["FldNm":"eotToDate", "index":"2"], STOP_ON_FAILURE): Call Test Case 'Test Cases/PFI Precision and Scale/PFI Components/SelectTodayInDatePicker' successfully

2020-06-05 20:47:09 - [TEST_CASE][PASSED] - Test Cases/PFI Precision and Scale/PFI Components/SelectTodayInDatePicker: Test Cases/PFI Precision and Scale/PFI Components/SelectTodayInDatePicker

2020-06-05 20:47:09 - [TEST_STEP][PASSED] - Thread.sleep(1000): null

2020-06-05 20:47:10 - [TEST_STEP][PASSED] - date = new java.util.Date(): null

2020-06-05 20:47:10 - [TEST_STEP][PASSED] - CurrentDate = new java.text.SimpleDateFormat(dd/MM/yyyy): null

2020-06-05 20:47:10 - [TEST_STEP][PASSED] - TodayDate = CurrentDate.format(date): null

2020-06-05 20:47:10 - [TEST_STEP][PASSED] - DateFieldNm = modifyObjectProperty(findTestObject("Object Repository/Objects.DateValidation/Page_ISPS2/input__orderDt"), "name", "equals", FldNm, true): Modify property of object successfully

2020-06-05 20:47:10 - [MESSAGE][PASSED] - Modify property of object successfully

2020-06-05 20:47:10 - [TEST_STEP][PASSED] - TodayBtn = modifyObjectProperty(findTestObject("Object Repository/Objects.DateValidation/Page_ISPS2/a_Today"), "xpath", "equals", "(//*[text() = 'Today'])[" + index + "]", true): Modify property of object successfully

2020-06-05 20:47:10 - [MESSAGE][PASSED] - Modify property of object successfully

2020-06-05 20:47:10 - [TEST_STEP][PASSED] - sendKeys(DateFieldNm, Keys.chord(ARROW_DOWN)): Keys 'DOWN + ' sent to object: 'Object Repository/Objects.DateValidation/Page_ISPS2/input__orderDt'

2020-06-05 20:47:10 - [MESSAGE][PASSED] - Keys 'DOWN + ' sent to object: 'Object Repository/Objects.DateValidation/Page_ISPS2/input__orderDt'

2020-06-05 20:47:10 - [TEST_STEP][PASSED] - com.reusableComponents.HighlightElement.run(TodayBtn): com.reusableComponents.HighlightElement.run is PASSED

2020-06-05 20:47:10 - [MESSAGE][PASSED] - com.reusableComponents.HighlightElement.run is PASSED

2020-06-05 20:47:10 - [TEST_STEP][PASSED] - click(TodayBtn): Object: 'Object Repository/Objects.DateValidation/Page_ISPS2/a_Today' is clicked on

2020-06-05 20:47:11 - [MESSAGE][PASSED] - Object: 'Object Repository/Objects.DateValidation/Page_ISPS2/a_Today' is clicked on

2020-06-05 20:47:11 - [TEST_STEP][PASSED] - GetEnteredDate = getAttribute(DateFieldNm, "value"): Attribute 'value' of object 'Object Repository/Objects.DateValidation/Page_ISPS2/input__orderDt' is: '05/06/2020'

2020-06-05 20:47:11 - [MESSAGE][PASSED] - Attribute 'value' of object 'Object Repository/Objects.DateValidation/Page_ISPS2/input__orderDt' is: '05/06/2020'

2020-06-05 20:47:11 - [TEST_STEP][PASSED] - verifyMatch(GetEnteredDate, TodayDate, true): Actual text '05/06/2020' and expected text '05/06/2020' are matched  using regular expression

2020-06-05 20:47:11 - [MESSAGE][PASSED] - Actual text '05/06/2020' and expected text '05/06/2020' are matched  using regular expression

2020-06-05 20:47:11 - [MESSAGE][PASSED] - Call Test Case 'Test Cases/PFI Precision and Scale/PFI Components/SelectTodayInDatePicker' successfully

2020-06-05 20:47:11 - [TEST_STEP][PASSED] - callTestCase(findTestCase("PFI Precision and Scale/PFI Components/PastDateAfterError"), ["FldNm":"eotToDate"], STOP_ON_FAILURE): Call Test Case 'Test Cases/PFI Precision and Scale/PFI Components/PastDateAfterError' successfully

2020-06-05 20:47:11 - [TEST_CASE][PASSED] - Test Cases/PFI Precision and Scale/PFI Components/PastDateAfterError: Test Cases/PFI Precision and Scale/PFI Components/PastDateAfterError

2020-06-05 20:47:11 - [TEST_STEP][PASSED] - Thread.sleep(1000): null

2020-06-05 20:47:12 - [TEST_STEP][PASSED] - date = new java.util.Date(): null

2020-06-05 20:47:12 - [TEST_STEP][PASSED] - DateFormat = new java.text.SimpleDateFormat(dd/MM/yyyy): null

2020-06-05 20:47:12 - [TEST_STEP][PASSED] - CurrentDate = DateFormat.format(date): null

2020-06-05 20:47:12 - [TEST_STEP][PASSED] - DateFieldNm = modifyObjectProperty(findTestObject("Objects.HighlightElements/input_field"), "name", "equals", FldNm, true): Modify property of object successfully

2020-06-05 20:47:12 - [MESSAGE][PASSED] - Modify property of object successfully

2020-06-05 20:47:12 - [TEST_STEP][PASSED] - GetDateValue = getAttribute(DateFieldNm, "value"): Attribute 'value' of object 'Object Repository/Objects.HighlightElements/input_field' is: '05/06/2020'

2020-06-05 20:47:12 - [MESSAGE][PASSED] - Attribute 'value' of object 'Object Repository/Objects.HighlightElements/input_field' is: '05/06/2020'

2020-06-05 20:47:12 - [TEST_STEP][PASSED] - verifyMatch(GetDateValue, CurrentDate, true): Actual text '05/06/2020' and expected text '05/06/2020' are matched  using regular expression

2020-06-05 20:47:12 - [MESSAGE][PASSED] - Actual text '05/06/2020' and expected text '05/06/2020' are matched  using regular expression

2020-06-05 20:47:12 - [TEST_STEP][PASSED] - PastDate = date - 30: null

2020-06-05 20:47:12 - [TEST_STEP][PASSED] - PastDateFormatted = PastDate.format("dd/MM/yyyy"): null

2020-06-05 20:47:12 - [TEST_STEP][PASSED] - setText(DateFieldNm, PastDateFormatted): Text '06/05/2020' is set on object 'Object Repository/Objects.HighlightElements/input_field'

2020-06-05 20:47:12 - [MESSAGE][PASSED] - Text '06/05/2020' is set on object 'Object Repository/Objects.HighlightElements/input_field'

2020-06-05 20:47:12 - [TEST_STEP][PASSED] - mouseOver(DateFieldNm, STOP_ON_FAILURE): Object: 'Object Repository/Objects.HighlightElements/input_field' is hovered

2020-06-05 20:47:12 - [MESSAGE][PASSED] - Object: 'Object Repository/Objects.HighlightElements/input_field' is hovered

2020-06-05 20:47:12 - [TEST_STEP][PASSED] - PastDtErrMsg = getAttribute(DateFieldNm, "data-errorqtip", STOP_ON_FAILURE): Attribute 'data-errorqtip' of object 'Object Repository/Objects.HighlightElements/input_field' is: '<ul class="x-list-plain"><li>The date in this field must be after 05/06/2020</li></ul>'

2020-06-05 20:47:12 - [MESSAGE][PASSED] - Attribute 'data-errorqtip' of object 'Object Repository/Objects.HighlightElements/input_field' is: '<ul class="x-list-plain"><li>The date in this field must be after 05/06/2020</li></ul>'

2020-06-05 20:47:12 - [TEST_STEP][PASSED] - lenErrMsg = PastDtErrMsg.length(): null

2020-06-05 20:47:12 - [TEST_STEP][PASSED] - RmvCde = PastDtErrMsg.substring(29, lenErrMsg): null

2020-06-05 20:47:12 - [TEST_STEP][PASSED] - ActualErrDtMsg = RmvCde.substring(0, 47): null

2020-06-05 20:47:12 - [TEST_STEP][PASSED] - ExpectedErrDtMsg = concatenate(DtErrMsg, " ", CurrentDate): Concatenated string array: '['The date in this field must be after',' ','05/06/2020']' into 'The date in this field must be after 05/06/2020'

2020-06-05 20:47:12 - [MESSAGE][PASSED] - Concatenated string array: '['The date in this field must be after',' ','05/06/2020']' into 'The date in this field must be after 05/06/2020'

2020-06-05 20:47:12 - [TEST_STEP][PASSED] - verifyMatch(ActualErrDtMsg, ExpectedErrDtMsg, true): Actual text 'The date in this field must be after 05/06/2020' and expected text 'The date in this field must be after 05/06/2020' are matched  using regular expression

2020-06-05 20:47:12 - [MESSAGE][PASSED] - Actual text 'The date in this field must be after 05/06/2020' and expected text 'The date in this field must be after 05/06/2020' are matched  using regular expression

2020-06-05 20:47:12 - [TEST_STEP][PASSED] - FromDate = getAttribute(DateFieldNm, "value"): Attribute 'value' of object 'Object Repository/Objects.HighlightElements/input_field' is: '06/05/2020'

2020-06-05 20:47:12 - [MESSAGE][PASSED] - Attribute 'value' of object 'Object Repository/Objects.HighlightElements/input_field' is: '06/05/2020'

2020-06-05 20:47:12 - [MESSAGE][PASSED] - Call Test Case 'Test Cases/PFI Precision and Scale/PFI Components/PastDateAfterError' successfully

2020-06-05 20:47:12 - [TEST_STEP][PASSED] - callTestCase(findTestCase("PFI Precision and Scale/PFI Components/PastDateBeforeError"), ["FldNm":"eotFromDate"], STOP_ON_FAILURE): Call Test Case 'Test Cases/PFI Precision and Scale/PFI Components/PastDateBeforeError' successfully

2020-06-05 20:47:13 - [TEST_CASE][PASSED] - Test Cases/PFI Precision and Scale/PFI Components/PastDateBeforeError: Test Cases/PFI Precision and Scale/PFI Components/PastDateBeforeError

2020-06-05 20:47:13 - [TEST_STEP][PASSED] - Thread.sleep(1000): null

2020-06-05 20:47:14 - [TEST_STEP][PASSED] - DateFieldNm = modifyObjectProperty(findTestObject("Objects.HighlightElements/input_field"), "name", "equals", FldNm, true): Modify property of object successfully

2020-06-05 20:47:14 - [MESSAGE][PASSED] - Modify property of object successfully

2020-06-05 20:47:14 - [TEST_STEP][PASSED] - mouseOver(DateFieldNm): Object: 'Object Repository/Objects.HighlightElements/input_field' is hovered

2020-06-05 20:47:14 - [MESSAGE][PASSED] - Object: 'Object Repository/Objects.HighlightElements/input_field' is hovered

2020-06-05 20:47:14 - [TEST_STEP][PASSED] - PastDtErrMsg = getAttribute(DateFieldNm, "data-errorqtip", STOP_ON_FAILURE): Attribute 'data-errorqtip' of object 'Object Repository/Objects.HighlightElements/input_field' is: '<ul class="x-list-plain"><li>The date in this field must be before 06/05/2020</li></ul>'

2020-06-05 20:47:14 - [MESSAGE][PASSED] - Attribute 'data-errorqtip' of object 'Object Repository/Objects.HighlightElements/input_field' is: '<ul class="x-list-plain"><li>The date in this field must be before 06/05/2020</li></ul>'

2020-06-05 20:47:14 - [TEST_STEP][PASSED] - lenErrMsg = PastDtErrMsg.length(): null

2020-06-05 20:47:14 - [TEST_STEP][PASSED] - RmvCde = PastDtErrMsg.substring(29, lenErrMsg): null

2020-06-05 20:47:14 - [TEST_STEP][PASSED] - ActualErrDtMsg = RmvCde.substring(0, 48): null

2020-06-05 20:47:14 - [TEST_STEP][PASSED] - ExpectedErrDtMsg = concatenate(findTestData("PrecisionAndScaleDB").getValue("ErrorMessage", 7), " ", FromDate): Concatenated string array: '['The date in this field must be before',' ','06/05/2020']' into 'The date in this field must be before 06/05/2020'

2020-06-05 20:47:14 - [MESSAGE][PASSED] - Concatenated string array: '['The date in this field must be before',' ','06/05/2020']' into 'The date in this field must be before 06/05/2020'

2020-06-05 20:47:14 - [TEST_STEP][PASSED] - verifyMatch(ActualErrDtMsg, ExpectedErrDtMsg, true): Actual text 'The date in this field must be before 06/05/2020' and expected text 'The date in this field must be before 06/05/2020' are matched  using regular expression

2020-06-05 20:47:14 - [MESSAGE][PASSED] - Actual text 'The date in this field must be before 06/05/2020' and expected text 'The date in this field must be before 06/05/2020' are matched  using regular expression

2020-06-05 20:47:14 - [MESSAGE][PASSED] - Call Test Case 'Test Cases/PFI Precision and Scale/PFI Components/PastDateBeforeError' successfully

2020-06-05 20:47:14 - [TEST_STEP][PASSED] - callTestCase(findTestCase("Components/HighlightLabelField"), ["LblName":"Approve Officer *:"], STOP_ON_FAILURE): Call Test Case 'Test Cases/Components/HighlightLabelField' successfully

2020-06-05 20:47:14 - [TEST_CASE][PASSED] - Test Cases/Components/HighlightLabelField: Test Cases/Components/HighlightLabelField

2020-06-05 20:47:14 - [TEST_STEP][PASSED] - Thread.sleep(1000): null

2020-06-05 20:47:15 - [TEST_STEP][PASSED] - modifiedLblNm = modifyObjectProperty(findTestObject("Objects.HighlightElements/lblField"), "text", "equals", LblName, true): Modify property of object successfully

2020-06-05 20:47:15 - [MESSAGE][PASSED] - Modify property of object successfully

2020-06-05 20:47:15 - [TEST_STEP][PASSED] - com.reusableComponents.HighlightElement.run(modifiedLblNm): com.reusableComponents.HighlightElement.run is PASSED

2020-06-05 20:47:16 - [MESSAGE][PASSED] - com.reusableComponents.HighlightElement.run is PASSED

2020-06-05 20:47:16 - [MESSAGE][PASSED] - Call Test Case 'Test Cases/Components/HighlightLabelField' successfully

2020-06-05 20:47:16 - [TEST_STEP][PASSED] - callTestCase(findTestCase("Components/HighlightInputField"), ["InputFldName":"approveOfficerCmb"], STOP_ON_FAILURE): Call Test Case 'Test Cases/Components/HighlightInputField' successfully

2020-06-05 20:47:16 - [TEST_CASE][PASSED] - Test Cases/Components/HighlightInputField: Test Cases/Components/HighlightInputField

2020-06-05 20:47:16 - [TEST_STEP][PASSED] - Thread.sleep(1000): null

2020-06-05 20:47:17 - [TEST_STEP][PASSED] - modifiedLblNm = modifyObjectProperty(findTestObject("Objects.HighlightElements/input_field"), "name", "equals", InputFldName, true): Modify property of object successfully

2020-06-05 20:47:17 - [MESSAGE][PASSED] - Modify property of object successfully

2020-06-05 20:47:17 - [TEST_STEP][PASSED] - com.reusableComponents.HighlightElement.run(modifiedLblNm): com.reusableComponents.HighlightElement.run is PASSED

2020-06-05 20:47:17 - [MESSAGE][PASSED] - com.reusableComponents.HighlightElement.run is PASSED

2020-06-05 20:47:17 - [MESSAGE][PASSED] - Call Test Case 'Test Cases/Components/HighlightInputField' successfully

2020-06-05 20:47:17 - [TEST_STEP][PASSED] - callTestCase(findTestCase("PFI Precision and Scale/PFI Components/VerifyDropdownValues"), ["FldNm":"approveOfficerCmb", "index":0, "CallTCName":"PFI Precision and Scale/HashMap Tables/OfficerLists", "cmbNm":"", "NoOfVal":24, ... ], STOP_ON_FAILURE): Call Test Case 'Test Cases/PFI Precision and Scale/PFI Components/VerifyDropdownValues' successfully

2020-06-05 20:47:17 - [TEST_CASE][PASSED] - Test Cases/PFI Precision and Scale/PFI Components/VerifyDropdownValues: Test Cases/PFI Precision and Scale/PFI Components/VerifyDropdownValues

2020-06-05 20:47:17 - [TEST_STEP][PASSED] - Thread.sleep(1000): null

2020-06-05 20:47:18 - [TEST_STEP][PASSED] - NewInputNmField = modifyObjectProperty(findTestObject("Objects.HighlightElements/input_field"), "name", "equals", FldNm, true): Modify property of object successfully

2020-06-05 20:47:18 - [MESSAGE][PASSED] - Modify property of object successfully

2020-06-05 20:47:18 - [TEST_STEP][PASSED] - comboNm = cmbNm: null

2020-06-05 20:47:18 - [TEST_STEP][PASSED] - focus(NewInputNmField): Object: 'Object Repository/Objects.HighlightElements/input_field' is focused

2020-06-05 20:47:18 - [MESSAGE][PASSED] - Object: 'Object Repository/Objects.HighlightElements/input_field' is focused

2020-06-05 20:47:18 - [TEST_STEP][PASSED] - setText(NewInputNmField, EnterValue): Text '' is set on object 'Object Repository/Objects.HighlightElements/input_field'

2020-06-05 20:47:18 - [MESSAGE][PASSED] - Text '' is set on object 'Object Repository/Objects.HighlightElements/input_field'

2020-06-05 20:47:18 - [TEST_STEP][PASSED] - for ([i = 1, i <= NoOfVal, (i++)]): Keys 'DOWN + ' sent to object: 'Object Repository/Objects.HighlightElements/input_field'

2020-06-05 20:47:18 - [TEST_STEP][PASSED] - sendKeys(NewInputNmField, Keys.chord(ARROW_DOWN)): Keys 'DOWN + ' sent to object: 'Object Repository/Objects.HighlightElements/input_field'

2020-06-05 20:47:18 - [MESSAGE][PASSED] - Keys 'DOWN + ' sent to object: 'Object Repository/Objects.HighlightElements/input_field'

2020-06-05 20:47:18 - [TEST_STEP][PASSED] - delay(DelayTime): Delayed 2 second(s)

2020-06-05 20:47:20 - [MESSAGE][PASSED] - Delayed 2 second(s)

2020-06-05 20:47:20 - [TEST_STEP][PASSED] - sendKeys(NewInputNmField, Keys.chord(ENTER)): Keys 'ENTER + ' sent to object: 'Object Repository/Objects.HighlightElements/input_field'

2020-06-05 20:47:20 - [MESSAGE][PASSED] - Keys 'ENTER + ' sent to object: 'Object Repository/Objects.HighlightElements/input_field'

2020-06-05 20:47:20 - [TEST_STEP][PASSED] - ComboBoxValue = getAttribute(NewInputNmField, "value"): Attribute 'value' of object 'Object Repository/Objects.HighlightElements/input_field' is: 'Aaron Sham Wai Lun (AARON)'

2020-06-05 20:47:20 - [MESSAGE][PASSED] - Attribute 'value' of object 'Object Repository/Objects.HighlightElements/input_field' is: 'Aaron Sham Wai Lun (AARON)'

2020-06-05 20:47:20 - [TEST_STEP][PASSED] - callTestCase(findTestCase(CallTCName), ["FindValue":ComboBoxValue, "DropdownNm":comboNm], STOP_ON_FAILURE): Call Test Case 'Test Cases/PFI Precision and Scale/HashMap Tables/OfficerLists' successfully

2020-06-05 20:47:20 - [TEST_CASE][PASSED] - Test Cases/PFI Precision and Scale/HashMap Tables/OfficerLists: Test Cases/PFI Precision and Scale/HashMap Tables/OfficerLists

2020-06-05 20:47:21 - [TEST_STEP][PASSED] - Thread.sleep(1000): null

2020-06-05 20:47:22 - [TEST_STEP][PASSED] - OfficerLists = [1:"Aaron Sham Wai Lun (AARON)", 2:"Azidah Bte Akmad (Mdm) (USAABD)", 3:"Chung Fong Nyen (USACFN)", 4:"David Tey Dah Wei (DAHWEI)", ... ]: null

2020-06-05 20:47:22 - [TEST_STEP][PASSED] - ValueFound = OfficerLists.find({ -> ... }): null

2020-06-05 20:47:22 - [MESSAGE][PASSED] - Call Test Case 'Test Cases/PFI Precision and Scale/HashMap Tables/OfficerLists' successfully

2020-06-05 20:47:22 - [TEST_STEP][PASSED] - println(ValueFound): null

2020-06-05 20:47:22 - [TEST_STEP][PASSED] - sendKeys(NewInputNmField, Keys.chord(ARROW_DOWN)): Keys 'DOWN + ' sent to object: 'Object Repository/Objects.HighlightElements/input_field'

2020-06-05 20:47:22 - [MESSAGE][PASSED] - Keys 'DOWN + ' sent to object: 'Object Repository/Objects.HighlightElements/input_field'

2020-06-05 20:47:22 - [TEST_STEP][PASSED] - sendKeys(NewInputNmField, Keys.chord(ARROW_DOWN)): Keys 'DOWN + ' sent to object: 'Object Repository/Objects.HighlightElements/input_field'

2020-06-05 20:47:22 - [MESSAGE][PASSED] - Keys 'DOWN + ' sent to object: 'Object Repository/Objects.HighlightElements/input_field'

2020-06-05 20:47:22 - [TEST_STEP][PASSED] - delay(DelayTime): Delayed 2 second(s)

2020-06-05 20:47:24 - [MESSAGE][PASSED] - Delayed 2 second(s)

2020-06-05 20:47:24 - [TEST_STEP][PASSED] - sendKeys(NewInputNmField, Keys.chord(ENTER)): Keys 'ENTER + ' sent to object: 'Object Repository/Objects.HighlightElements/input_field'

2020-06-05 20:47:24 - [MESSAGE][PASSED] - Keys 'ENTER + ' sent to object: 'Object Repository/Objects.HighlightElements/input_field'

2020-06-05 20:47:24 - [TEST_STEP][PASSED] - ComboBoxValue = getAttribute(NewInputNmField, "value"): Attribute 'value' of object 'Object Repository/Objects.HighlightElements/input_field' is: 'Azidah Bte Akmad (Mdm) (USAABD)'

2020-06-05 20:47:24 - [MESSAGE][PASSED] - Attribute 'value' of object 'Object Repository/Objects.HighlightElements/input_field' is: 'Azidah Bte Akmad (Mdm) (USAABD)'

2020-06-05 20:47:24 - [TEST_STEP][PASSED] - callTestCase(findTestCase(CallTCName), ["FindValue":ComboBoxValue, "DropdownNm":comboNm], STOP_ON_FAILURE): Call Test Case 'Test Cases/PFI Precision and Scale/HashMap Tables/OfficerLists' successfully

2020-06-05 20:47:24 - [TEST_CASE][PASSED] - Test Cases/PFI Precision and Scale/HashMap Tables/OfficerLists: Test Cases/PFI Precision and Scale/HashMap Tables/OfficerLists

2020-06-05 20:47:24 - [TEST_STEP][PASSED] - Thread.sleep(1000): null

2020-06-05 20:47:25 - [TEST_STEP][PASSED] - OfficerLists = [1:"Aaron Sham Wai Lun (AARON)", 2:"Azidah Bte Akmad (Mdm) (USAABD)", 3:"Chung Fong Nyen (USACFN)", 4:"David Tey Dah Wei (DAHWEI)", ... ]: null

2020-06-05 20:47:25 - [TEST_STEP][PASSED] - ValueFound = OfficerLists.find({ -> ... }): null

2020-06-05 20:47:25 - [MESSAGE][PASSED] - Call Test Case 'Test Cases/PFI Precision and Scale/HashMap Tables/OfficerLists' successfully

2020-06-05 20:47:25 - [TEST_STEP][PASSED] - println(ValueFound): null

2020-06-05 20:47:25 - [TEST_STEP][PASSED] - sendKeys(NewInputNmField, Keys.chord(ARROW_DOWN)): Keys 'DOWN + ' sent to object: 'Object Repository/Objects.HighlightElements/input_field'

2020-06-05 20:47:25 - [MESSAGE][PASSED] - Keys 'DOWN + ' sent to object: 'Object Repository/Objects.HighlightElements/input_field'

2020-06-05 20:47:25 - [TEST_STEP][PASSED] - sendKeys(NewInputNmField, Keys.chord(ARROW_DOWN)): Keys 'DOWN + ' sent to object: 'Object Repository/Objects.HighlightElements/input_field'

2020-06-05 20:47:25 - [MESSAGE][PASSED] - Keys 'DOWN + ' sent to object: 'Object Repository/Objects.HighlightElements/input_field'

2020-06-05 20:47:25 - [TEST_STEP][PASSED] - delay(DelayTime): Delayed 2 second(s)

2020-06-05 20:47:27 - [MESSAGE][PASSED] - Delayed 2 second(s)

2020-06-05 20:47:27 - [TEST_STEP][PASSED] - sendKeys(NewInputNmField, Keys.chord(ENTER)): Keys 'ENTER + ' sent to object: 'Object Repository/Objects.HighlightElements/input_field'

2020-06-05 20:47:27 - [MESSAGE][PASSED] - Keys 'ENTER + ' sent to object: 'Object Repository/Objects.HighlightElements/input_field'

2020-06-05 20:47:27 - [TEST_STEP][PASSED] - ComboBoxValue = getAttribute(NewInputNmField, "value"): Attribute 'value' of object 'Object Repository/Objects.HighlightElements/input_field' is: 'Chung Fong Nyen (USACFN)'

2020-06-05 20:47:27 - [MESSAGE][PASSED] - Attribute 'value' of object 'Object Repository/Objects.HighlightElements/input_field' is: 'Chung Fong Nyen (USACFN)'

2020-06-05 20:47:27 - [TEST_STEP][PASSED] - callTestCase(findTestCase(CallTCName), ["FindValue":ComboBoxValue, "DropdownNm":comboNm], STOP_ON_FAILURE): Call Test Case 'Test Cases/PFI Precision and Scale/HashMap Tables/OfficerLists' successfully

2020-06-05 20:47:27 - [TEST_CASE][PASSED] - Test Cases/PFI Precision and Scale/HashMap Tables/OfficerLists: Test Cases/PFI Precision and Scale/HashMap Tables/OfficerLists

2020-06-05 20:47:27 - [TEST_STEP][PASSED] - Thread.sleep(1000): null

2020-06-05 20:47:28 - [TEST_STEP][PASSED] - OfficerLists = [1:"Aaron Sham Wai Lun (AARON)", 2:"Azidah Bte Akmad (Mdm) (USAABD)", 3:"Chung Fong Nyen (USACFN)", 4:"David Tey Dah Wei (DAHWEI)", ... ]: null

2020-06-05 20:47:28 - [TEST_STEP][PASSED] - ValueFound = OfficerLists.find({ -> ... }): null

2020-06-05 20:47:28 - [MESSAGE][PASSED] - Call Test Case 'Test Cases/PFI Precision and Scale/HashMap Tables/OfficerLists' successfully

2020-06-05 20:47:28 - [TEST_STEP][PASSED] - println(ValueFound): null

2020-06-05 20:47:28 - [TEST_STEP][PASSED] - sendKeys(NewInputNmField, Keys.chord(ARROW_DOWN)): Keys 'DOWN + ' sent to object: 'Object Repository/Objects.HighlightElements/input_field'

2020-06-05 20:47:28 - [MESSAGE][PASSED] - Keys 'DOWN + ' sent to object: 'Object Repository/Objects.HighlightElements/input_field'

2020-06-05 20:47:28 - [TEST_STEP][PASSED] - sendKeys(NewInputNmField, Keys.chord(ARROW_DOWN)): Keys 'DOWN + ' sent to object: 'Object Repository/Objects.HighlightElements/input_field'

2020-06-05 20:47:28 - [MESSAGE][PASSED] - Keys 'DOWN + ' sent to object: 'Object Repository/Objects.HighlightElements/input_field'

2020-06-05 20:47:28 - [TEST_STEP][PASSED] - delay(DelayTime): Delayed 2 second(s)

2020-06-05 20:47:30 - [MESSAGE][PASSED] - Delayed 2 second(s)

2020-06-05 20:47:30 - [TEST_STEP][PASSED] - sendKeys(NewInputNmField, Keys.chord(ENTER)): Keys 'ENTER + ' sent to object: 'Object Repository/Objects.HighlightElements/input_field'

2020-06-05 20:47:30 - [MESSAGE][PASSED] - Keys 'ENTER + ' sent to object: 'Object Repository/Objects.HighlightElements/input_field'

2020-06-05 20:47:30 - [TEST_STEP][PASSED] - ComboBoxValue = getAttribute(NewInputNmField, "value"): Attribute 'value' of object 'Object Repository/Objects.HighlightElements/input_field' is: 'David Tey Dah Wei (DAHWEI)'

2020-06-05 20:47:30 - [MESSAGE][PASSED] - Attribute 'value' of object 'Object Repository/Objects.HighlightElements/input_field' is: 'David Tey Dah Wei (DAHWEI)'

2020-06-05 20:47:30 - [TEST_STEP][PASSED] - callTestCase(findTestCase(CallTCName), ["FindValue":ComboBoxValue, "DropdownNm":comboNm], STOP_ON_FAILURE): Call Test Case 'Test Cases/PFI Precision and Scale/HashMap Tables/OfficerLists' successfully

2020-06-05 20:47:30 - [TEST_CASE][PASSED] - Test Cases/PFI Precision and Scale/HashMap Tables/OfficerLists: Test Cases/PFI Precision and Scale/HashMap Tables/OfficerLists

2020-06-05 20:47:30 - [TEST_STEP][PASSED] - Thread.sleep(1000): null

2020-06-05 20:47:31 - [TEST_STEP][PASSED] - OfficerLists = [1:"Aaron Sham Wai Lun (AARON)", 2:"Azidah Bte Akmad (Mdm) (USAABD)", 3:"Chung Fong Nyen (USACFN)", 4:"David Tey Dah Wei (DAHWEI)", ... ]: null

2020-06-05 20:47:31 - [TEST_STEP][PASSED] - ValueFound = OfficerLists.find({ -> ... }): null

2020-06-05 20:47:31 - [MESSAGE][PASSED] - Call Test Case 'Test Cases/PFI Precision and Scale/HashMap Tables/OfficerLists' successfully

2020-06-05 20:47:31 - [TEST_STEP][PASSED] - println(ValueFound): null

2020-06-05 20:47:31 - [TEST_STEP][PASSED] - sendKeys(NewInputNmField, Keys.chord(ARROW_DOWN)): Keys 'DOWN + ' sent to object: 'Object Repository/Objects.HighlightElements/input_field'

2020-06-05 20:47:31 - [MESSAGE][PASSED] - Keys 'DOWN + ' sent to object: 'Object Repository/Objects.HighlightElements/input_field'

2020-06-05 20:47:31 - [TEST_STEP][PASSED] - sendKeys(NewInputNmField, Keys.chord(ARROW_DOWN)): Keys 'DOWN + ' sent to object: 'Object Repository/Objects.HighlightElements/input_field'

2020-06-05 20:47:31 - [MESSAGE][PASSED] - Keys 'DOWN + ' sent to object: 'Object Repository/Objects.HighlightElements/input_field'

2020-06-05 20:47:31 - [TEST_STEP][PASSED] - delay(DelayTime): Delayed 2 second(s)

2020-06-05 20:47:33 - [MESSAGE][PASSED] - Delayed 2 second(s)

2020-06-05 20:47:33 - [TEST_STEP][PASSED] - sendKeys(NewInputNmField, Keys.chord(ENTER)): Keys 'ENTER + ' sent to object: 'Object Repository/Objects.HighlightElements/input_field'

2020-06-05 20:47:33 - [MESSAGE][PASSED] - Keys 'ENTER + ' sent to object: 'Object Repository/Objects.HighlightElements/input_field'

2020-06-05 20:47:33 - [TEST_STEP][PASSED] - ComboBoxValue = getAttribute(NewInputNmField, "value"): Attribute 'value' of object 'Object Repository/Objects.HighlightElements/input_field' is: 'Han Wann Kuang (WANNKUANG)'

2020-06-05 20:47:33 - [MESSAGE][PASSED] - Attribute 'value' of object 'Object Repository/Objects.HighlightElements/input_field' is: 'Han Wann Kuang (WANNKUANG)'

2020-06-05 20:47:33 - [TEST_STEP][PASSED] - callTestCase(findTestCase(CallTCName), ["FindValue":ComboBoxValue, "DropdownNm":comboNm], STOP_ON_FAILURE): Call Test Case 'Test Cases/PFI Precision and Scale/HashMap Tables/OfficerLists' successfully

2020-06-05 20:47:34 - [TEST_CASE][PASSED] - Test Cases/PFI Precision and Scale/HashMap Tables/OfficerLists: Test Cases/PFI Precision and Scale/HashMap Tables/OfficerLists

2020-06-05 20:47:34 - [TEST_STEP][PASSED] - Thread.sleep(1000): null

2020-06-05 20:47:35 - [TEST_STEP][PASSED] - OfficerLists = [1:"Aaron Sham Wai Lun (AARON)", 2:"Azidah Bte Akmad (Mdm) (USAABD)", 3:"Chung Fong Nyen (USACFN)", 4:"David Tey Dah Wei (DAHWEI)", ... ]: null

2020-06-05 20:47:35 - [TEST_STEP][PASSED] - ValueFound = OfficerLists.find({ -> ... }): null

2020-06-05 20:47:35 - [MESSAGE][PASSED] - Call Test Case 'Test Cases/PFI Precision and Scale/HashMap Tables/OfficerLists' successfully

2020-06-05 20:47:35 - [TEST_STEP][PASSED] - println(ValueFound): null

2020-06-05 20:47:35 - [TEST_STEP][PASSED] - sendKeys(NewInputNmField, Keys.chord(ARROW_DOWN)): Keys 'DOWN + ' sent to object: 'Object Repository/Objects.HighlightElements/input_field'

2020-06-05 20:47:35 - [MESSAGE][PASSED] - Keys 'DOWN + ' sent to object: 'Object Repository/Objects.HighlightElements/input_field'

2020-06-05 20:47:35 - [TEST_STEP][PASSED] - sendKeys(NewInputNmField, Keys.chord(ARROW_DOWN)): Keys 'DOWN + ' sent to object: 'Object Repository/Objects.HighlightElements/input_field'

2020-06-05 20:47:35 - [MESSAGE][PASSED] - Keys 'DOWN + ' sent to object: 'Object Repository/Objects.HighlightElements/input_field'

2020-06-05 20:47:35 - [TEST_STEP][PASSED] - delay(DelayTime): Delayed 2 second(s)

2020-06-05 20:47:37 - [MESSAGE][PASSED] - Delayed 2 second(s)

2020-06-05 20:47:37 - [TEST_STEP][PASSED] - sendKeys(NewInputNmField, Keys.chord(ENTER)): Keys 'ENTER + ' sent to object: 'Object Repository/Objects.HighlightElements/input_field'

2020-06-05 20:47:37 - [MESSAGE][PASSED] - Keys 'ENTER + ' sent to object: 'Object Repository/Objects.HighlightElements/input_field'

2020-06-05 20:47:37 - [TEST_STEP][PASSED] - ComboBoxValue = getAttribute(NewInputNmField, "value"): Attribute 'value' of object 'Object Repository/Objects.HighlightElements/input_field' is: 'Ho You Leong (YOULEONG)'

2020-06-05 20:47:37 - [MESSAGE][PASSED] - Attribute 'value' of object 'Object Repository/Objects.HighlightElements/input_field' is: 'Ho You Leong (YOULEONG)'

2020-06-05 20:47:37 - [TEST_STEP][PASSED] - callTestCase(findTestCase(CallTCName), ["FindValue":ComboBoxValue, "DropdownNm":comboNm], STOP_ON_FAILURE): Call Test Case 'Test Cases/PFI Precision and Scale/HashMap Tables/OfficerLists' successfully

2020-06-05 20:47:37 - [TEST_CASE][PASSED] - Test Cases/PFI Precision and Scale/HashMap Tables/OfficerLists: Test Cases/PFI Precision and Scale/HashMap Tables/OfficerLists

2020-06-05 20:47:37 - [TEST_STEP][PASSED] - Thread.sleep(1000): null

2020-06-05 20:47:38 - [TEST_STEP][PASSED] - OfficerLists = [1:"Aaron Sham Wai Lun (AARON)", 2:"Azidah Bte Akmad (Mdm) (USAABD)", 3:"Chung Fong Nyen (USACFN)", 4:"David Tey Dah Wei (DAHWEI)", ... ]: null

2020-06-05 20:47:38 - [TEST_STEP][PASSED] - ValueFound = OfficerLists.find({ -> ... }): null

2020-06-05 20:47:38 - [MESSAGE][PASSED] - Call Test Case 'Test Cases/PFI Precision and Scale/HashMap Tables/OfficerLists' successfully

2020-06-05 20:47:38 - [TEST_STEP][PASSED] - println(ValueFound): null

2020-06-05 20:47:38 - [TEST_STEP][PASSED] - sendKeys(NewInputNmField, Keys.chord(ARROW_DOWN)): Keys 'DOWN + ' sent to object: 'Object Repository/Objects.HighlightElements/input_field'

2020-06-05 20:47:38 - [MESSAGE][PASSED] - Keys 'DOWN + ' sent to object: 'Object Repository/Objects.HighlightElements/input_field'

2020-06-05 20:47:38 - [TEST_STEP][PASSED] - sendKeys(NewInputNmField, Keys.chord(ARROW_DOWN)): Keys 'DOWN + ' sent to object: 'Object Repository/Objects.HighlightElements/input_field'

2020-06-05 20:47:38 - [MESSAGE][PASSED] - Keys 'DOWN + ' sent to object: 'Object Repository/Objects.HighlightElements/input_field'

2020-06-05 20:47:38 - [TEST_STEP][PASSED] - delay(DelayTime): Delayed 2 second(s)

2020-06-05 20:47:40 - [MESSAGE][PASSED] - Delayed 2 second(s)

2020-06-05 20:47:40 - [TEST_STEP][PASSED] - sendKeys(NewInputNmField, Keys.chord(ENTER)): Keys 'ENTER + ' sent to object: 'Object Repository/Objects.HighlightElements/input_field'

2020-06-05 20:47:40 - [MESSAGE][PASSED] - Keys 'ENTER + ' sent to object: 'Object Repository/Objects.HighlightElements/input_field'

2020-06-05 20:47:40 - [TEST_STEP][PASSED] - ComboBoxValue = getAttribute(NewInputNmField, "value"): Attribute 'value' of object 'Object Repository/Objects.HighlightElements/input_field' is: 'Joseph Lim Pheng Weng (PHENGWENG)'

2020-06-05 20:47:40 - [MESSAGE][PASSED] - Attribute 'value' of object 'Object Repository/Objects.HighlightElements/input_field' is: 'Joseph Lim Pheng Weng (PHENGWENG)'

2020-06-05 20:47:40 - [TEST_STEP][PASSED] - callTestCase(findTestCase(CallTCName), ["FindValue":ComboBoxValue, "DropdownNm":comboNm], STOP_ON_FAILURE): Call Test Case 'Test Cases/PFI Precision and Scale/HashMap Tables/OfficerLists' successfully

2020-06-05 20:47:40 - [TEST_CASE][PASSED] - Test Cases/PFI Precision and Scale/HashMap Tables/OfficerLists: Test Cases/PFI Precision and Scale/HashMap Tables/OfficerLists

2020-06-05 20:47:40 - [TEST_STEP][PASSED] - Thread.sleep(1000): null

2020-06-05 20:47:41 - [TEST_STEP][PASSED] - OfficerLists = [1:"Aaron Sham Wai Lun (AARON)", 2:"Azidah Bte Akmad (Mdm) (USAABD)", 3:"Chung Fong Nyen (USACFN)", 4:"David Tey Dah Wei (DAHWEI)", ... ]: null

2020-06-05 20:47:41 - [TEST_STEP][PASSED] - ValueFound = OfficerLists.find({ -> ... }): null

2020-06-05 20:47:41 - [MESSAGE][PASSED] - Call Test Case 'Test Cases/PFI Precision and Scale/HashMap Tables/OfficerLists' successfully

2020-06-05 20:47:41 - [TEST_STEP][PASSED] - println(ValueFound): null

2020-06-05 20:47:41 - [TEST_STEP][PASSED] - sendKeys(NewInputNmField, Keys.chord(ARROW_DOWN)): Keys 'DOWN + ' sent to object: 'Object Repository/Objects.HighlightElements/input_field'

2020-06-05 20:47:41 - [MESSAGE][PASSED] - Keys 'DOWN + ' sent to object: 'Object Repository/Objects.HighlightElements/input_field'

2020-06-05 20:47:41 - [TEST_STEP][PASSED] - sendKeys(NewInputNmField, Keys.chord(ARROW_DOWN)): Keys 'DOWN + ' sent to object: 'Object Repository/Objects.HighlightElements/input_field'

2020-06-05 20:47:41 - [MESSAGE][PASSED] - Keys 'DOWN + ' sent to object: 'Object Repository/Objects.HighlightElements/input_field'

2020-06-05 20:47:41 - [TEST_STEP][PASSED] - delay(DelayTime): Delayed 2 second(s)

2020-06-05 20:47:43 - [MESSAGE][PASSED] - Delayed 2 second(s)

2020-06-05 20:47:43 - [TEST_STEP][PASSED] - sendKeys(NewInputNmField, Keys.chord(ENTER)): Keys 'ENTER + ' sent to object: 'Object Repository/Objects.HighlightElements/input_field'

2020-06-05 20:47:43 - [MESSAGE][PASSED] - Keys 'ENTER + ' sent to object: 'Object Repository/Objects.HighlightElements/input_field'

2020-06-05 20:47:43 - [TEST_STEP][PASSED] - ComboBoxValue = getAttribute(NewInputNmField, "value"): Attribute 'value' of object 'Object Repository/Objects.HighlightElements/input_field' is: 'Joyce Lee (USASLL)'

2020-06-05 20:47:43 - [MESSAGE][PASSED] - Attribute 'value' of object 'Object Repository/Objects.HighlightElements/input_field' is: 'Joyce Lee (USASLL)'

2020-06-05 20:47:43 - [TEST_STEP][PASSED] - callTestCase(findTestCase(CallTCName), ["FindValue":ComboBoxValue, "DropdownNm":comboNm], STOP_ON_FAILURE): Call Test Case 'Test Cases/PFI Precision and Scale/HashMap Tables/OfficerLists' successfully

2020-06-05 20:47:43 - [TEST_CASE][PASSED] - Test Cases/PFI Precision and Scale/HashMap Tables/OfficerLists: Test Cases/PFI Precision and Scale/HashMap Tables/OfficerLists

2020-06-05 20:47:43 - [TEST_STEP][PASSED] - Thread.sleep(1000): null

2020-06-05 20:47:44 - [TEST_STEP][PASSED] - OfficerLists = [1:"Aaron Sham Wai Lun (AARON)", 2:"Azidah Bte Akmad (Mdm) (USAABD)", 3:"Chung Fong Nyen (USACFN)", 4:"David Tey Dah Wei (DAHWEI)", ... ]: null

2020-06-05 20:47:44 - [TEST_STEP][PASSED] - ValueFound = OfficerLists.find({ -> ... }): null

2020-06-05 20:47:44 - [MESSAGE][PASSED] - Call Test Case 'Test Cases/PFI Precision and Scale/HashMap Tables/OfficerLists' successfully

2020-06-05 20:47:44 - [TEST_STEP][PASSED] - println(ValueFound): null

2020-06-05 20:47:44 - [TEST_STEP][PASSED] - sendKeys(NewInputNmField, Keys.chord(ARROW_DOWN)): Keys 'DOWN + ' sent to object: 'Object Repository/Objects.HighlightElements/input_field'

2020-06-05 20:47:44 - [MESSAGE][PASSED] - Keys 'DOWN + ' sent to object: 'Object Repository/Objects.HighlightElements/input_field'

2020-06-05 20:47:44 - [TEST_STEP][PASSED] - sendKeys(NewInputNmField, Keys.chord(ARROW_DOWN)): Keys 'DOWN + ' sent to object: 'Object Repository/Objects.HighlightElements/input_field'

2020-06-05 20:47:44 - [MESSAGE][PASSED] - Keys 'DOWN + ' sent to object: 'Object Repository/Objects.HighlightElements/input_field'

2020-06-05 20:47:44 - [TEST_STEP][PASSED] - delay(DelayTime): Delayed 2 second(s)

2020-06-05 20:47:46 - [MESSAGE][PASSED] - Delayed 2 second(s)

2020-06-05 20:47:46 - [TEST_STEP][PASSED] - sendKeys(NewInputNmField, Keys.chord(ENTER)): Keys 'ENTER + ' sent to object: 'Object Repository/Objects.HighlightElements/input_field'

2020-06-05 20:47:46 - [MESSAGE][PASSED] - Keys 'ENTER + ' sent to object: 'Object Repository/Objects.HighlightElements/input_field'

2020-06-05 20:47:46 - [TEST_STEP][PASSED] - ComboBoxValue = getAttribute(NewInputNmField, "value"): Attribute 'value' of object 'Object Repository/Objects.HighlightElements/input_field' is: 'Kaliannan Thanabal (KALIANN)'

2020-06-05 20:47:46 - [MESSAGE][PASSED] - Attribute 'value' of object 'Object Repository/Objects.HighlightElements/input_field' is: 'Kaliannan Thanabal (KALIANN)'

2020-06-05 20:47:46 - [TEST_STEP][PASSED] - callTestCase(findTestCase(CallTCName), ["FindValue":ComboBoxValue, "DropdownNm":comboNm], STOP_ON_FAILURE): Call Test Case 'Test Cases/PFI Precision and Scale/HashMap Tables/OfficerLists' successfully

2020-06-05 20:47:46 - [TEST_CASE][PASSED] - Test Cases/PFI Precision and Scale/HashMap Tables/OfficerLists: Test Cases/PFI Precision and Scale/HashMap Tables/OfficerLists

2020-06-05 20:47:46 - [TEST_STEP][PASSED] - Thread.sleep(1000): null

2020-06-05 20:47:47 - [TEST_STEP][PASSED] - OfficerLists = [1:"Aaron Sham Wai Lun (AARON)", 2:"Azidah Bte Akmad (Mdm) (USAABD)", 3:"Chung Fong Nyen (USACFN)", 4:"David Tey Dah Wei (DAHWEI)", ... ]: null

2020-06-05 20:47:47 - [TEST_STEP][PASSED] - ValueFound = OfficerLists.find({ -> ... }): null

2020-06-05 20:47:47 - [MESSAGE][PASSED] - Call Test Case 'Test Cases/PFI Precision and Scale/HashMap Tables/OfficerLists' successfully

2020-06-05 20:47:47 - [TEST_STEP][PASSED] - println(ValueFound): null

2020-06-05 20:47:47 - [TEST_STEP][PASSED] - sendKeys(NewInputNmField, Keys.chord(ARROW_DOWN)): Keys 'DOWN + ' sent to object: 'Object Repository/Objects.HighlightElements/input_field'

2020-06-05 20:47:47 - [MESSAGE][PASSED] - Keys 'DOWN + ' sent to object: 'Object Repository/Objects.HighlightElements/input_field'

2020-06-05 20:47:47 - [TEST_STEP][PASSED] - sendKeys(NewInputNmField, Keys.chord(ARROW_DOWN)): Keys 'DOWN + ' sent to object: 'Object Repository/Objects.HighlightElements/input_field'

2020-06-05 20:47:48 - [MESSAGE][PASSED] - Keys 'DOWN + ' sent to object: 'Object Repository/Objects.HighlightElements/input_field'

2020-06-05 20:47:48 - [TEST_STEP][PASSED] - delay(DelayTime): Delayed 2 second(s)

2020-06-05 20:47:50 - [MESSAGE][PASSED] - Delayed 2 second(s)

2020-06-05 20:47:50 - [TEST_STEP][PASSED] - sendKeys(NewInputNmField, Keys.chord(ENTER)): Keys 'ENTER + ' sent to object: 'Object Repository/Objects.HighlightElements/input_field'

2020-06-05 20:47:50 - [MESSAGE][PASSED] - Keys 'ENTER + ' sent to object: 'Object Repository/Objects.HighlightElements/input_field'

2020-06-05 20:47:50 - [TEST_STEP][PASSED] - ComboBoxValue = getAttribute(NewInputNmField, "value"): Attribute 'value' of object 'Object Repository/Objects.HighlightElements/input_field' is: 'Lim Beng Kwee (BENGKWEE)'

2020-06-05 20:47:50 - [MESSAGE][PASSED] - Attribute 'value' of object 'Object Repository/Objects.HighlightElements/input_field' is: 'Lim Beng Kwee (BENGKWEE)'

2020-06-05 20:47:50 - [TEST_STEP][PASSED] - callTestCase(findTestCase(CallTCName), ["FindValue":ComboBoxValue, "DropdownNm":comboNm], STOP_ON_FAILURE): Call Test Case 'Test Cases/PFI Precision and Scale/HashMap Tables/OfficerLists' successfully

2020-06-05 20:47:50 - [TEST_CASE][PASSED] - Test Cases/PFI Precision and Scale/HashMap Tables/OfficerLists: Test Cases/PFI Precision and Scale/HashMap Tables/OfficerLists

2020-06-05 20:47:50 - [TEST_STEP][PASSED] - Thread.sleep(1000): null

2020-06-05 20:47:51 - [TEST_STEP][PASSED] - OfficerLists = [1:"Aaron Sham Wai Lun (AARON)", 2:"Azidah Bte Akmad (Mdm) (USAABD)", 3:"Chung Fong Nyen (USACFN)", 4:"David Tey Dah Wei (DAHWEI)", ... ]: null

2020-06-05 20:47:51 - [TEST_STEP][PASSED] - ValueFound = OfficerLists.find({ -> ... }): null

2020-06-05 20:47:51 - [MESSAGE][PASSED] - Call Test Case 'Test Cases/PFI Precision and Scale/HashMap Tables/OfficerLists' successfully

2020-06-05 20:47:51 - [TEST_STEP][PASSED] - println(ValueFound): null

2020-06-05 20:47:51 - [TEST_STEP][PASSED] - sendKeys(NewInputNmField, Keys.chord(ARROW_DOWN)): Keys 'DOWN + ' sent to object: 'Object Repository/Objects.HighlightElements/input_field'

2020-06-05 20:47:51 - [MESSAGE][PASSED] - Keys 'DOWN + ' sent to object: 'Object Repository/Objects.HighlightElements/input_field'

2020-06-05 20:47:51 - [TEST_STEP][PASSED] - sendKeys(NewInputNmField, Keys.chord(ARROW_DOWN)): Keys 'DOWN + ' sent to object: 'Object Repository/Objects.HighlightElements/input_field'

2020-06-05 20:47:51 - [MESSAGE][PASSED] - Keys 'DOWN + ' sent to object: 'Object Repository/Objects.HighlightElements/input_field'

2020-06-05 20:47:51 - [TEST_STEP][PASSED] - delay(DelayTime): Delayed 2 second(s)

2020-06-05 20:47:53 - [MESSAGE][PASSED] - Delayed 2 second(s)

2020-06-05 20:47:53 - [TEST_STEP][PASSED] - sendKeys(NewInputNmField, Keys.chord(ENTER)): Keys 'ENTER + ' sent to object: 'Object Repository/Objects.HighlightElements/input_field'

2020-06-05 20:47:53 - [MESSAGE][PASSED] - Keys 'ENTER + ' sent to object: 'Object Repository/Objects.HighlightElements/input_field'

2020-06-05 20:47:53 - [TEST_STEP][PASSED] - ComboBoxValue = getAttribute(NewInputNmField, "value"): Attribute 'value' of object 'Object Repository/Objects.HighlightElements/input_field' is: 'Lim Leng Boon (LENGBOON)'

2020-06-05 20:47:53 - [MESSAGE][PASSED] - Attribute 'value' of object 'Object Repository/Objects.HighlightElements/input_field' is: 'Lim Leng Boon (LENGBOON)'

2020-06-05 20:47:53 - [TEST_STEP][PASSED] - callTestCase(findTestCase(CallTCName), ["FindValue":ComboBoxValue, "DropdownNm":comboNm], STOP_ON_FAILURE): Call Test Case 'Test Cases/PFI Precision and Scale/HashMap Tables/OfficerLists' successfully

2020-06-05 20:47:53 - [TEST_CASE][PASSED] - Test Cases/PFI Precision and Scale/HashMap Tables/OfficerLists: Test Cases/PFI Precision and Scale/HashMap Tables/OfficerLists

2020-06-05 20:47:53 - [TEST_STEP][PASSED] - Thread.sleep(1000): null

2020-06-05 20:47:54 - [TEST_STEP][PASSED] - OfficerLists = [1:"Aaron Sham Wai Lun (AARON)", 2:"Azidah Bte Akmad (Mdm) (USAABD)", 3:"Chung Fong Nyen (USACFN)", 4:"David Tey Dah Wei (DAHWEI)", ... ]: null

2020-06-05 20:47:54 - [TEST_STEP][PASSED] - ValueFound = OfficerLists.find({ -> ... }): null

2020-06-05 20:47:54 - [MESSAGE][PASSED] - Call Test Case 'Test Cases/PFI Precision and Scale/HashMap Tables/OfficerLists' successfully

2020-06-05 20:47:54 - [TEST_STEP][PASSED] - println(ValueFound): null

2020-06-05 20:47:54 - [TEST_STEP][PASSED] - sendKeys(NewInputNmField, Keys.chord(ARROW_DOWN)): Keys 'DOWN + ' sent to object: 'Object Repository/Objects.HighlightElements/input_field'

2020-06-05 20:47:54 - [MESSAGE][PASSED] - Keys 'DOWN + ' sent to object: 'Object Repository/Objects.HighlightElements/input_field'

2020-06-05 20:47:54 - [TEST_STEP][PASSED] - sendKeys(NewInputNmField, Keys.chord(ARROW_DOWN)): Keys 'DOWN + ' sent to object: 'Object Repository/Objects.HighlightElements/input_field'

2020-06-05 20:47:54 - [MESSAGE][PASSED] - Keys 'DOWN + ' sent to object: 'Object Repository/Objects.HighlightElements/input_field'

2020-06-05 20:47:54 - [TEST_STEP][PASSED] - delay(DelayTime): Delayed 2 second(s)

2020-06-05 20:47:56 - [MESSAGE][PASSED] - Delayed 2 second(s)

2020-06-05 20:47:56 - [TEST_STEP][PASSED] - sendKeys(NewInputNmField, Keys.chord(ENTER)): Keys 'ENTER + ' sent to object: 'Object Repository/Objects.HighlightElements/input_field'

2020-06-05 20:47:56 - [MESSAGE][PASSED] - Keys 'ENTER + ' sent to object: 'Object Repository/Objects.HighlightElements/input_field'

2020-06-05 20:47:56 - [TEST_STEP][PASSED] - ComboBoxValue = getAttribute(NewInputNmField, "value"): Attribute 'value' of object 'Object Repository/Objects.HighlightElements/input_field' is: 'Loh Lee Fong (LEEFONG)'

2020-06-05 20:47:56 - [MESSAGE][PASSED] - Attribute 'value' of object 'Object Repository/Objects.HighlightElements/input_field' is: 'Loh Lee Fong (LEEFONG)'

2020-06-05 20:47:56 - [TEST_STEP][PASSED] - callTestCase(findTestCase(CallTCName), ["FindValue":ComboBoxValue, "DropdownNm":comboNm], STOP_ON_FAILURE): Call Test Case 'Test Cases/PFI Precision and Scale/HashMap Tables/OfficerLists' successfully

2020-06-05 20:47:56 - [TEST_CASE][PASSED] - Test Cases/PFI Precision and Scale/HashMap Tables/OfficerLists: Test Cases/PFI Precision and Scale/HashMap Tables/OfficerLists

2020-06-05 20:47:56 - [TEST_STEP][PASSED] - Thread.sleep(1000): null

2020-06-05 20:47:57 - [TEST_STEP][PASSED] - OfficerLists = [1:"Aaron Sham Wai Lun (AARON)", 2:"Azidah Bte Akmad (Mdm) (USAABD)", 3:"Chung Fong Nyen (USACFN)", 4:"David Tey Dah Wei (DAHWEI)", ... ]: null

2020-06-05 20:47:57 - [TEST_STEP][PASSED] - ValueFound = OfficerLists.find({ -> ... }): null

2020-06-05 20:47:57 - [MESSAGE][PASSED] - Call Test Case 'Test Cases/PFI Precision and Scale/HashMap Tables/OfficerLists' successfully

2020-06-05 20:47:57 - [TEST_STEP][PASSED] - println(ValueFound): null

2020-06-05 20:47:57 - [TEST_STEP][PASSED] - sendKeys(NewInputNmField, Keys.chord(ARROW_DOWN)): Keys 'DOWN + ' sent to object: 'Object Repository/Objects.HighlightElements/input_field'

2020-06-05 20:47:57 - [MESSAGE][PASSED] - Keys 'DOWN + ' sent to object: 'Object Repository/Objects.HighlightElements/input_field'

2020-06-05 20:47:57 - [TEST_STEP][PASSED] - sendKeys(NewInputNmField, Keys.chord(ARROW_DOWN)): Keys 'DOWN + ' sent to object: 'Object Repository/Objects.HighlightElements/input_field'

2020-06-05 20:47:57 - [MESSAGE][PASSED] - Keys 'DOWN + ' sent to object: 'Object Repository/Objects.HighlightElements/input_field'

2020-06-05 20:47:57 - [TEST_STEP][PASSED] - delay(DelayTime): Delayed 2 second(s)

2020-06-05 20:47:59 - [MESSAGE][PASSED] - Delayed 2 second(s)

2020-06-05 20:47:59 - [TEST_STEP][PASSED] - sendKeys(NewInputNmField, Keys.chord(ENTER)): Keys 'ENTER + ' sent to object: 'Object Repository/Objects.HighlightElements/input_field'

2020-06-05 20:47:59 - [MESSAGE][PASSED] - Keys 'ENTER + ' sent to object: 'Object Repository/Objects.HighlightElements/input_field'

2020-06-05 20:47:59 - [TEST_STEP][PASSED] - ComboBoxValue = getAttribute(NewInputNmField, "value"): Attribute 'value' of object 'Object Repository/Objects.HighlightElements/input_field' is: 'Lu Ji Ju (Mdm) (USALJJ)'

2020-06-05 20:47:59 - [MESSAGE][PASSED] - Attribute 'value' of object 'Object Repository/Objects.HighlightElements/input_field' is: 'Lu Ji Ju (Mdm) (USALJJ)'

2020-06-05 20:47:59 - [TEST_STEP][PASSED] - callTestCase(findTestCase(CallTCName), ["FindValue":ComboBoxValue, "DropdownNm":comboNm], STOP_ON_FAILURE): Call Test Case 'Test Cases/PFI Precision and Scale/HashMap Tables/OfficerLists' successfully

2020-06-05 20:47:59 - [TEST_CASE][PASSED] - Test Cases/PFI Precision and Scale/HashMap Tables/OfficerLists: Test Cases/PFI Precision and Scale/HashMap Tables/OfficerLists

2020-06-05 20:47:59 - [TEST_STEP][PASSED] - Thread.sleep(1000): null

2020-06-05 20:48:00 - [TEST_STEP][PASSED] - OfficerLists = [1:"Aaron Sham Wai Lun (AARON)", 2:"Azidah Bte Akmad (Mdm) (USAABD)", 3:"Chung Fong Nyen (USACFN)", 4:"David Tey Dah Wei (DAHWEI)", ... ]: null

2020-06-05 20:48:00 - [TEST_STEP][PASSED] - ValueFound = OfficerLists.find({ -> ... }): null

2020-06-05 20:48:00 - [MESSAGE][PASSED] - Call Test Case 'Test Cases/PFI Precision and Scale/HashMap Tables/OfficerLists' successfully

2020-06-05 20:48:00 - [TEST_STEP][PASSED] - println(ValueFound): null

2020-06-05 20:48:00 - [TEST_STEP][PASSED] - sendKeys(NewInputNmField, Keys.chord(ARROW_DOWN)): Keys 'DOWN + ' sent to object: 'Object Repository/Objects.HighlightElements/input_field'

2020-06-05 20:48:00 - [MESSAGE][PASSED] - Keys 'DOWN + ' sent to object: 'Object Repository/Objects.HighlightElements/input_field'

2020-06-05 20:48:00 - [TEST_STEP][PASSED] - sendKeys(NewInputNmField, Keys.chord(ARROW_DOWN)): Keys 'DOWN + ' sent to object: 'Object Repository/Objects.HighlightElements/input_field'

2020-06-05 20:48:00 - [MESSAGE][PASSED] - Keys 'DOWN + ' sent to object: 'Object Repository/Objects.HighlightElements/input_field'

2020-06-05 20:48:00 - [TEST_STEP][PASSED] - delay(DelayTime): Delayed 2 second(s)

2020-06-05 20:48:02 - [MESSAGE][PASSED] - Delayed 2 second(s)

2020-06-05 20:48:02 - [TEST_STEP][PASSED] - sendKeys(NewInputNmField, Keys.chord(ENTER)): Keys 'ENTER + ' sent to object: 'Object Repository/Objects.HighlightElements/input_field'

2020-06-05 20:48:02 - [MESSAGE][PASSED] - Keys 'ENTER + ' sent to object: 'Object Repository/Objects.HighlightElements/input_field'

2020-06-05 20:48:02 - [TEST_STEP][PASSED] - ComboBoxValue = getAttribute(NewInputNmField, "value"): Attribute 'value' of object 'Object Repository/Objects.HighlightElements/input_field' is: 'Mohd Jeffri Bin Abdul Rahim (MOHDJEFFRI)'

2020-06-05 20:48:02 - [MESSAGE][PASSED] - Attribute 'value' of object 'Object Repository/Objects.HighlightElements/input_field' is: 'Mohd Jeffri Bin Abdul Rahim (MOHDJEFFRI)'

2020-06-05 20:48:02 - [TEST_STEP][PASSED] - callTestCase(findTestCase(CallTCName), ["FindValue":ComboBoxValue, "DropdownNm":comboNm], STOP_ON_FAILURE): Call Test Case 'Test Cases/PFI Precision and Scale/HashMap Tables/OfficerLists' successfully

2020-06-05 20:48:03 - [TEST_CASE][PASSED] - Test Cases/PFI Precision and Scale/HashMap Tables/OfficerLists: Test Cases/PFI Precision and Scale/HashMap Tables/OfficerLists

2020-06-05 20:48:03 - [TEST_STEP][PASSED] - Thread.sleep(1000): null

2020-06-05 20:48:04 - [TEST_STEP][PASSED] - OfficerLists = [1:"Aaron Sham Wai Lun (AARON)", 2:"Azidah Bte Akmad (Mdm) (USAABD)", 3:"Chung Fong Nyen (USACFN)", 4:"David Tey Dah Wei (DAHWEI)", ... ]: null

2020-06-05 20:48:04 - [TEST_STEP][PASSED] - ValueFound = OfficerLists.find({ -> ... }): null

2020-06-05 20:48:04 - [MESSAGE][PASSED] - Call Test Case 'Test Cases/PFI Precision and Scale/HashMap Tables/OfficerLists' successfully

2020-06-05 20:48:04 - [TEST_STEP][PASSED] - println(ValueFound): null

2020-06-05 20:48:04 - [TEST_STEP][PASSED] - sendKeys(NewInputNmField, Keys.chord(ARROW_DOWN)): Keys 'DOWN + ' sent to object: 'Object Repository/Objects.HighlightElements/input_field'

2020-06-05 20:48:04 - [MESSAGE][PASSED] - Keys 'DOWN + ' sent to object: 'Object Repository/Objects.HighlightElements/input_field'

2020-06-05 20:48:04 - [TEST_STEP][PASSED] - sendKeys(NewInputNmField, Keys.chord(ARROW_DOWN)): Keys 'DOWN + ' sent to object: 'Object Repository/Objects.HighlightElements/input_field'

2020-06-05 20:48:04 - [MESSAGE][PASSED] - Keys 'DOWN + ' sent to object: 'Object Repository/Objects.HighlightElements/input_field'

2020-06-05 20:48:04 - [TEST_STEP][PASSED] - delay(DelayTime): Delayed 2 second(s)

2020-06-05 20:48:06 - [MESSAGE][PASSED] - Delayed 2 second(s)

2020-06-05 20:48:06 - [TEST_STEP][PASSED] - sendKeys(NewInputNmField, Keys.chord(ENTER)): Keys 'ENTER + ' sent to object: 'Object Repository/Objects.HighlightElements/input_field'

2020-06-05 20:48:06 - [MESSAGE][PASSED] - Keys 'ENTER + ' sent to object: 'Object Repository/Objects.HighlightElements/input_field'

2020-06-05 20:48:06 - [TEST_STEP][PASSED] - ComboBoxValue = getAttribute(NewInputNmField, "value"): Attribute 'value' of object 'Object Repository/Objects.HighlightElements/input_field' is: 'Mohd Jumat Bin Haji Mohd Hassan (MOHDJUMAT)'

2020-06-05 20:48:06 - [MESSAGE][PASSED] - Attribute 'value' of object 'Object Repository/Objects.HighlightElements/input_field' is: 'Mohd Jumat Bin Haji Mohd Hassan (MOHDJUMAT)'

2020-06-05 20:48:06 - [TEST_STEP][PASSED] - callTestCase(findTestCase(CallTCName), ["FindValue":ComboBoxValue, "DropdownNm":comboNm], STOP_ON_FAILURE): Call Test Case 'Test Cases/PFI Precision and Scale/HashMap Tables/OfficerLists' successfully

2020-06-05 20:48:06 - [TEST_CASE][PASSED] - Test Cases/PFI Precision and Scale/HashMap Tables/OfficerLists: Test Cases/PFI Precision and Scale/HashMap Tables/OfficerLists

2020-06-05 20:48:06 - [TEST_STEP][PASSED] - Thread.sleep(1000): null

2020-06-05 20:48:07 - [TEST_STEP][PASSED] - OfficerLists = [1:"Aaron Sham Wai Lun (AARON)", 2:"Azidah Bte Akmad (Mdm) (USAABD)", 3:"Chung Fong Nyen (USACFN)", 4:"David Tey Dah Wei (DAHWEI)", ... ]: null

2020-06-05 20:48:07 - [TEST_STEP][PASSED] - ValueFound = OfficerLists.find({ -> ... }): null

2020-06-05 20:48:07 - [MESSAGE][PASSED] - Call Test Case 'Test Cases/PFI Precision and Scale/HashMap Tables/OfficerLists' successfully

2020-06-05 20:48:07 - [TEST_STEP][PASSED] - println(ValueFound): null

2020-06-05 20:48:07 - [TEST_STEP][PASSED] - sendKeys(NewInputNmField, Keys.chord(ARROW_DOWN)): Keys 'DOWN + ' sent to object: 'Object Repository/Objects.HighlightElements/input_field'

2020-06-05 20:48:07 - [MESSAGE][PASSED] - Keys 'DOWN + ' sent to object: 'Object Repository/Objects.HighlightElements/input_field'

2020-06-05 20:48:07 - [TEST_STEP][PASSED] - sendKeys(NewInputNmField, Keys.chord(ARROW_DOWN)): Keys 'DOWN + ' sent to object: 'Object Repository/Objects.HighlightElements/input_field'

2020-06-05 20:48:07 - [MESSAGE][PASSED] - Keys 'DOWN + ' sent to object: 'Object Repository/Objects.HighlightElements/input_field'

2020-06-05 20:48:07 - [TEST_STEP][PASSED] - delay(DelayTime): Delayed 2 second(s)

2020-06-05 20:48:09 - [MESSAGE][PASSED] - Delayed 2 second(s)

2020-06-05 20:48:09 - [TEST_STEP][PASSED] - sendKeys(NewInputNmField, Keys.chord(ENTER)): Keys 'ENTER + ' sent to object: 'Object Repository/Objects.HighlightElements/input_field'

2020-06-05 20:48:09 - [MESSAGE][PASSED] - Keys 'ENTER + ' sent to object: 'Object Repository/Objects.HighlightElements/input_field'

2020-06-05 20:48:09 - [TEST_STEP][PASSED] - ComboBoxValue = getAttribute(NewInputNmField, "value"): Attribute 'value' of object 'Object Repository/Objects.HighlightElements/input_field' is: 'Ng Seh Luh (USANSL)'

2020-06-05 20:48:09 - [MESSAGE][PASSED] - Attribute 'value' of object 'Object Repository/Objects.HighlightElements/input_field' is: 'Ng Seh Luh (USANSL)'

2020-06-05 20:48:09 - [TEST_STEP][PASSED] - callTestCase(findTestCase(CallTCName), ["FindValue":ComboBoxValue, "DropdownNm":comboNm], STOP_ON_FAILURE): Call Test Case 'Test Cases/PFI Precision and Scale/HashMap Tables/OfficerLists' successfully

2020-06-05 20:48:09 - [TEST_CASE][PASSED] - Test Cases/PFI Precision and Scale/HashMap Tables/OfficerLists: Test Cases/PFI Precision and Scale/HashMap Tables/OfficerLists

2020-06-05 20:48:09 - [TEST_STEP][PASSED] - Thread.sleep(1000): null

2020-06-05 20:48:10 - [TEST_STEP][PASSED] - OfficerLists = [1:"Aaron Sham Wai Lun (AARON)", 2:"Azidah Bte Akmad (Mdm) (USAABD)", 3:"Chung Fong Nyen (USACFN)", 4:"David Tey Dah Wei (DAHWEI)", ... ]: null

2020-06-05 20:48:10 - [TEST_STEP][PASSED] - ValueFound = OfficerLists.find({ -> ... }): null

2020-06-05 20:48:10 - [MESSAGE][PASSED] - Call Test Case 'Test Cases/PFI Precision and Scale/HashMap Tables/OfficerLists' successfully

2020-06-05 20:48:10 - [TEST_STEP][PASSED] - println(ValueFound): null

2020-06-05 20:48:10 - [TEST_STEP][PASSED] - sendKeys(NewInputNmField, Keys.chord(ARROW_DOWN)): Keys 'DOWN + ' sent to object: 'Object Repository/Objects.HighlightElements/input_field'

2020-06-05 20:48:10 - [MESSAGE][PASSED] - Keys 'DOWN + ' sent to object: 'Object Repository/Objects.HighlightElements/input_field'

2020-06-05 20:48:10 - [TEST_STEP][PASSED] - sendKeys(NewInputNmField, Keys.chord(ARROW_DOWN)): Keys 'DOWN + ' sent to object: 'Object Repository/Objects.HighlightElements/input_field'

2020-06-05 20:48:10 - [MESSAGE][PASSED] - Keys 'DOWN + ' sent to object: 'Object Repository/Objects.HighlightElements/input_field'

2020-06-05 20:48:10 - [TEST_STEP][PASSED] - delay(DelayTime): Delayed 2 second(s)

2020-06-05 20:48:12 - [MESSAGE][PASSED] - Delayed 2 second(s)

2020-06-05 20:48:12 - [TEST_STEP][PASSED] - sendKeys(NewInputNmField, Keys.chord(ENTER)): Keys 'ENTER + ' sent to object: 'Object Repository/Objects.HighlightElements/input_field'

2020-06-05 20:48:12 - [MESSAGE][PASSED] - Keys 'ENTER + ' sent to object: 'Object Repository/Objects.HighlightElements/input_field'

2020-06-05 20:48:12 - [TEST_STEP][PASSED] - ComboBoxValue = getAttribute(NewInputNmField, "value"): Attribute 'value' of object 'Object Repository/Objects.HighlightElements/input_field' is: 'Richard Lim Fang Ping (FANGPING)'

2020-06-05 20:48:12 - [MESSAGE][PASSED] - Attribute 'value' of object 'Object Repository/Objects.HighlightElements/input_field' is: 'Richard Lim Fang Ping (FANGPING)'

2020-06-05 20:48:12 - [TEST_STEP][PASSED] - callTestCase(findTestCase(CallTCName), ["FindValue":ComboBoxValue, "DropdownNm":comboNm], STOP_ON_FAILURE): Call Test Case 'Test Cases/PFI Precision and Scale/HashMap Tables/OfficerLists' successfully

2020-06-05 20:48:12 - [TEST_CASE][PASSED] - Test Cases/PFI Precision and Scale/HashMap Tables/OfficerLists: Test Cases/PFI Precision and Scale/HashMap Tables/OfficerLists

2020-06-05 20:48:12 - [TEST_STEP][PASSED] - Thread.sleep(1000): null

2020-06-05 20:48:13 - [TEST_STEP][PASSED] - OfficerLists = [1:"Aaron Sham Wai Lun (AARON)", 2:"Azidah Bte Akmad (Mdm) (USAABD)", 3:"Chung Fong Nyen (USACFN)", 4:"David Tey Dah Wei (DAHWEI)", ... ]: null

2020-06-05 20:48:13 - [TEST_STEP][PASSED] - ValueFound = OfficerLists.find({ -> ... }): null

2020-06-05 20:48:13 - [MESSAGE][PASSED] - Call Test Case 'Test Cases/PFI Precision and Scale/HashMap Tables/OfficerLists' successfully

2020-06-05 20:48:13 - [TEST_STEP][PASSED] - println(ValueFound): null

2020-06-05 20:48:13 - [TEST_STEP][PASSED] - sendKeys(NewInputNmField, Keys.chord(ARROW_DOWN)): Keys 'DOWN + ' sent to object: 'Object Repository/Objects.HighlightElements/input_field'

2020-06-05 20:48:13 - [MESSAGE][PASSED] - Keys 'DOWN + ' sent to object: 'Object Repository/Objects.HighlightElements/input_field'

2020-06-05 20:48:13 - [TEST_STEP][PASSED] - sendKeys(NewInputNmField, Keys.chord(ARROW_DOWN)): Keys 'DOWN + ' sent to object: 'Object Repository/Objects.HighlightElements/input_field'

2020-06-05 20:48:13 - [MESSAGE][PASSED] - Keys 'DOWN + ' sent to object: 'Object Repository/Objects.HighlightElements/input_field'

2020-06-05 20:48:13 - [TEST_STEP][PASSED] - delay(DelayTime): Delayed 2 second(s)

2020-06-05 20:48:15 - [MESSAGE][PASSED] - Delayed 2 second(s)

2020-06-05 20:48:15 - [TEST_STEP][PASSED] - sendKeys(NewInputNmField, Keys.chord(ENTER)): Keys 'ENTER + ' sent to object: 'Object Repository/Objects.HighlightElements/input_field'

2020-06-05 20:48:15 - [MESSAGE][PASSED] - Keys 'ENTER + ' sent to object: 'Object Repository/Objects.HighlightElements/input_field'

2020-06-05 20:48:15 - [TEST_STEP][PASSED] - ComboBoxValue = getAttribute(NewInputNmField, "value"): Attribute 'value' of object 'Object Repository/Objects.HighlightElements/input_field' is: 'RITA WONG SIONG ING (RITAWONG)'

2020-06-05 20:48:15 - [MESSAGE][PASSED] - Attribute 'value' of object 'Object Repository/Objects.HighlightElements/input_field' is: 'RITA WONG SIONG ING (RITAWONG)'

2020-06-05 20:48:15 - [TEST_STEP][PASSED] - callTestCase(findTestCase(CallTCName), ["FindValue":ComboBoxValue, "DropdownNm":comboNm], STOP_ON_FAILURE): Call Test Case 'Test Cases/PFI Precision and Scale/HashMap Tables/OfficerLists' successfully

2020-06-05 20:48:15 - [TEST_CASE][PASSED] - Test Cases/PFI Precision and Scale/HashMap Tables/OfficerLists: Test Cases/PFI Precision and Scale/HashMap Tables/OfficerLists

2020-06-05 20:48:15 - [TEST_STEP][PASSED] - Thread.sleep(1000): null

2020-06-05 20:48:16 - [TEST_STEP][PASSED] - OfficerLists = [1:"Aaron Sham Wai Lun (AARON)", 2:"Azidah Bte Akmad (Mdm) (USAABD)", 3:"Chung Fong Nyen (USACFN)", 4:"David Tey Dah Wei (DAHWEI)", ... ]: null

2020-06-05 20:48:16 - [TEST_STEP][PASSED] - ValueFound = OfficerLists.find({ -> ... }): null

2020-06-05 20:48:16 - [MESSAGE][PASSED] - Call Test Case 'Test Cases/PFI Precision and Scale/HashMap Tables/OfficerLists' successfully

2020-06-05 20:48:16 - [TEST_STEP][PASSED] - println(ValueFound): null

2020-06-05 20:48:16 - [TEST_STEP][PASSED] - sendKeys(NewInputNmField, Keys.chord(ARROW_DOWN)): Keys 'DOWN + ' sent to object: 'Object Repository/Objects.HighlightElements/input_field'

2020-06-05 20:48:17 - [MESSAGE][PASSED] - Keys 'DOWN + ' sent to object: 'Object Repository/Objects.HighlightElements/input_field'

2020-06-05 20:48:17 - [TEST_STEP][PASSED] - sendKeys(NewInputNmField, Keys.chord(ARROW_DOWN)): Keys 'DOWN + ' sent to object: 'Object Repository/Objects.HighlightElements/input_field'

2020-06-05 20:48:17 - [MESSAGE][PASSED] - Keys 'DOWN + ' sent to object: 'Object Repository/Objects.HighlightElements/input_field'

2020-06-05 20:48:17 - [TEST_STEP][PASSED] - delay(DelayTime): Delayed 2 second(s)

2020-06-05 20:48:19 - [MESSAGE][PASSED] - Delayed 2 second(s)

2020-06-05 20:48:19 - [TEST_STEP][PASSED] - sendKeys(NewInputNmField, Keys.chord(ENTER)): Keys 'ENTER + ' sent to object: 'Object Repository/Objects.HighlightElements/input_field'

2020-06-05 20:48:19 - [MESSAGE][PASSED] - Keys 'ENTER + ' sent to object: 'Object Repository/Objects.HighlightElements/input_field'

2020-06-05 20:48:19 - [TEST_STEP][PASSED] - ComboBoxValue = getAttribute(NewInputNmField, "value"): Attribute 'value' of object 'Object Repository/Objects.HighlightElements/input_field' is: 'Shi Hong Wei (HONGWEI)'

2020-06-05 20:48:19 - [MESSAGE][PASSED] - Attribute 'value' of object 'Object Repository/Objects.HighlightElements/input_field' is: 'Shi Hong Wei (HONGWEI)'

2020-06-05 20:48:19 - [TEST_STEP][PASSED] - callTestCase(findTestCase(CallTCName), ["FindValue":ComboBoxValue, "DropdownNm":comboNm], STOP_ON_FAILURE): Call Test Case 'Test Cases/PFI Precision and Scale/HashMap Tables/OfficerLists' successfully

2020-06-05 20:48:19 - [TEST_CASE][PASSED] - Test Cases/PFI Precision and Scale/HashMap Tables/OfficerLists: Test Cases/PFI Precision and Scale/HashMap Tables/OfficerLists

2020-06-05 20:48:19 - [TEST_STEP][PASSED] - Thread.sleep(1000): null

2020-06-05 20:48:20 - [TEST_STEP][PASSED] - OfficerLists = [1:"Aaron Sham Wai Lun (AARON)", 2:"Azidah Bte Akmad (Mdm) (USAABD)", 3:"Chung Fong Nyen (USACFN)", 4:"David Tey Dah Wei (DAHWEI)", ... ]: null

2020-06-05 20:48:20 - [TEST_STEP][PASSED] - ValueFound = OfficerLists.find({ -> ... }): null

2020-06-05 20:48:20 - [MESSAGE][PASSED] - Call Test Case 'Test Cases/PFI Precision and Scale/HashMap Tables/OfficerLists' successfully

2020-06-05 20:48:20 - [TEST_STEP][PASSED] - println(ValueFound): null

2020-06-05 20:48:20 - [TEST_STEP][PASSED] - sendKeys(NewInputNmField, Keys.chord(ARROW_DOWN)): Keys 'DOWN + ' sent to object: 'Object Repository/Objects.HighlightElements/input_field'

2020-06-05 20:48:20 - [MESSAGE][PASSED] - Keys 'DOWN + ' sent to object: 'Object Repository/Objects.HighlightElements/input_field'

2020-06-05 20:48:20 - [TEST_STEP][PASSED] - sendKeys(NewInputNmField, Keys.chord(ARROW_DOWN)): Keys 'DOWN + ' sent to object: 'Object Repository/Objects.HighlightElements/input_field'

2020-06-05 20:48:20 - [MESSAGE][PASSED] - Keys 'DOWN + ' sent to object: 'Object Repository/Objects.HighlightElements/input_field'

2020-06-05 20:48:20 - [TEST_STEP][PASSED] - delay(DelayTime): Delayed 2 second(s)

2020-06-05 20:48:22 - [MESSAGE][PASSED] - Delayed 2 second(s)

2020-06-05 20:48:22 - [TEST_STEP][PASSED] - sendKeys(NewInputNmField, Keys.chord(ENTER)): Keys 'ENTER + ' sent to object: 'Object Repository/Objects.HighlightElements/input_field'

2020-06-05 20:48:22 - [MESSAGE][PASSED] - Keys 'ENTER + ' sent to object: 'Object Repository/Objects.HighlightElements/input_field'

2020-06-05 20:48:22 - [TEST_STEP][PASSED] - ComboBoxValue = getAttribute(NewInputNmField, "value"): Attribute 'value' of object 'Object Repository/Objects.HighlightElements/input_field' is: 'Sulaiman Bin Ahmad (USABAS)'

2020-06-05 20:48:22 - [MESSAGE][PASSED] - Attribute 'value' of object 'Object Repository/Objects.HighlightElements/input_field' is: 'Sulaiman Bin Ahmad (USABAS)'

2020-06-05 20:48:22 - [TEST_STEP][PASSED] - callTestCase(findTestCase(CallTCName), ["FindValue":ComboBoxValue, "DropdownNm":comboNm], STOP_ON_FAILURE): Call Test Case 'Test Cases/PFI Precision and Scale/HashMap Tables/OfficerLists' successfully

2020-06-05 20:48:22 - [TEST_CASE][PASSED] - Test Cases/PFI Precision and Scale/HashMap Tables/OfficerLists: Test Cases/PFI Precision and Scale/HashMap Tables/OfficerLists

2020-06-05 20:48:22 - [TEST_STEP][PASSED] - Thread.sleep(1000): null

2020-06-05 20:48:23 - [TEST_STEP][PASSED] - OfficerLists = [1:"Aaron Sham Wai Lun (AARON)", 2:"Azidah Bte Akmad (Mdm) (USAABD)", 3:"Chung Fong Nyen (USACFN)", 4:"David Tey Dah Wei (DAHWEI)", ... ]: null

2020-06-05 20:48:23 - [TEST_STEP][PASSED] - ValueFound = OfficerLists.find({ -> ... }): null

2020-06-05 20:48:23 - [MESSAGE][PASSED] - Call Test Case 'Test Cases/PFI Precision and Scale/HashMap Tables/OfficerLists' successfully

2020-06-05 20:48:23 - [TEST_STEP][PASSED] - println(ValueFound): null

2020-06-05 20:48:23 - [TEST_STEP][PASSED] - sendKeys(NewInputNmField, Keys.chord(ARROW_DOWN)): Keys 'DOWN + ' sent to object: 'Object Repository/Objects.HighlightElements/input_field'

2020-06-05 20:48:23 - [MESSAGE][PASSED] - Keys 'DOWN + ' sent to object: 'Object Repository/Objects.HighlightElements/input_field'

2020-06-05 20:48:23 - [TEST_STEP][PASSED] - sendKeys(NewInputNmField, Keys.chord(ARROW_DOWN)): Keys 'DOWN + ' sent to object: 'Object Repository/Objects.HighlightElements/input_field'

2020-06-05 20:48:23 - [MESSAGE][PASSED] - Keys 'DOWN + ' sent to object: 'Object Repository/Objects.HighlightElements/input_field'

2020-06-05 20:48:23 - [TEST_STEP][PASSED] - delay(DelayTime): Delayed 2 second(s)

2020-06-05 20:48:25 - [MESSAGE][PASSED] - Delayed 2 second(s)

2020-06-05 20:48:25 - [TEST_STEP][PASSED] - sendKeys(NewInputNmField, Keys.chord(ENTER)): Keys 'ENTER + ' sent to object: 'Object Repository/Objects.HighlightElements/input_field'

2020-06-05 20:48:25 - [MESSAGE][PASSED] - Keys 'ENTER + ' sent to object: 'Object Repository/Objects.HighlightElements/input_field'

2020-06-05 20:48:25 - [TEST_STEP][PASSED] - ComboBoxValue = getAttribute(NewInputNmField, "value"): Attribute 'value' of object 'Object Repository/Objects.HighlightElements/input_field' is: 'Tan Kwan Joo (KWANJOO)'

2020-06-05 20:48:25 - [MESSAGE][PASSED] - Attribute 'value' of object 'Object Repository/Objects.HighlightElements/input_field' is: 'Tan Kwan Joo (KWANJOO)'

2020-06-05 20:48:25 - [TEST_STEP][PASSED] - callTestCase(findTestCase(CallTCName), ["FindValue":ComboBoxValue, "DropdownNm":comboNm], STOP_ON_FAILURE): Call Test Case 'Test Cases/PFI Precision and Scale/HashMap Tables/OfficerLists' successfully

2020-06-05 20:48:25 - [TEST_CASE][PASSED] - Test Cases/PFI Precision and Scale/HashMap Tables/OfficerLists: Test Cases/PFI Precision and Scale/HashMap Tables/OfficerLists

2020-06-05 20:48:25 - [TEST_STEP][PASSED] - Thread.sleep(1000): null

2020-06-05 20:48:26 - [TEST_STEP][PASSED] - OfficerLists = [1:"Aaron Sham Wai Lun (AARON)", 2:"Azidah Bte Akmad (Mdm) (USAABD)", 3:"Chung Fong Nyen (USACFN)", 4:"David Tey Dah Wei (DAHWEI)", ... ]: null

2020-06-05 20:48:26 - [TEST_STEP][PASSED] - ValueFound = OfficerLists.find({ -> ... }): null

2020-06-05 20:48:26 - [MESSAGE][PASSED] - Call Test Case 'Test Cases/PFI Precision and Scale/HashMap Tables/OfficerLists' successfully

2020-06-05 20:48:26 - [TEST_STEP][PASSED] - println(ValueFound): null

2020-06-05 20:48:26 - [TEST_STEP][PASSED] - sendKeys(NewInputNmField, Keys.chord(ARROW_DOWN)): Keys 'DOWN + ' sent to object: 'Object Repository/Objects.HighlightElements/input_field'

2020-06-05 20:48:26 - [MESSAGE][PASSED] - Keys 'DOWN + ' sent to object: 'Object Repository/Objects.HighlightElements/input_field'

2020-06-05 20:48:26 - [TEST_STEP][PASSED] - sendKeys(NewInputNmField, Keys.chord(ARROW_DOWN)): Keys 'DOWN + ' sent to object: 'Object Repository/Objects.HighlightElements/input_field'

2020-06-05 20:48:26 - [MESSAGE][PASSED] - Keys 'DOWN + ' sent to object: 'Object Repository/Objects.HighlightElements/input_field'

2020-06-05 20:48:26 - [TEST_STEP][PASSED] - delay(DelayTime): Delayed 2 second(s)

2020-06-05 20:48:28 - [MESSAGE][PASSED] - Delayed 2 second(s)

2020-06-05 20:48:28 - [TEST_STEP][PASSED] - sendKeys(NewInputNmField, Keys.chord(ENTER)): Keys 'ENTER + ' sent to object: 'Object Repository/Objects.HighlightElements/input_field'

2020-06-05 20:48:28 - [MESSAGE][PASSED] - Keys 'ENTER + ' sent to object: 'Object Repository/Objects.HighlightElements/input_field'

2020-06-05 20:48:28 - [TEST_STEP][PASSED] - ComboBoxValue = getAttribute(NewInputNmField, "value"): Attribute 'value' of object 'Object Repository/Objects.HighlightElements/input_field' is: 'Wong Swee Sheng (WONGSWEE)'

2020-06-05 20:48:28 - [MESSAGE][PASSED] - Attribute 'value' of object 'Object Repository/Objects.HighlightElements/input_field' is: 'Wong Swee Sheng (WONGSWEE)'

2020-06-05 20:48:28 - [TEST_STEP][PASSED] - callTestCase(findTestCase(CallTCName), ["FindValue":ComboBoxValue, "DropdownNm":comboNm], STOP_ON_FAILURE): Call Test Case 'Test Cases/PFI Precision and Scale/HashMap Tables/OfficerLists' successfully

2020-06-05 20:48:28 - [TEST_CASE][PASSED] - Test Cases/PFI Precision and Scale/HashMap Tables/OfficerLists: Test Cases/PFI Precision and Scale/HashMap Tables/OfficerLists

2020-06-05 20:48:28 - [TEST_STEP][PASSED] - Thread.sleep(1000): null

2020-06-05 20:48:29 - [TEST_STEP][PASSED] - OfficerLists = [1:"Aaron Sham Wai Lun (AARON)", 2:"Azidah Bte Akmad (Mdm) (USAABD)", 3:"Chung Fong Nyen (USACFN)", 4:"David Tey Dah Wei (DAHWEI)", ... ]: null

2020-06-05 20:48:29 - [TEST_STEP][PASSED] - ValueFound = OfficerLists.find({ -> ... }): null

2020-06-05 20:48:29 - [MESSAGE][PASSED] - Call Test Case 'Test Cases/PFI Precision and Scale/HashMap Tables/OfficerLists' successfully

2020-06-05 20:48:29 - [TEST_STEP][PASSED] - println(ValueFound): null

2020-06-05 20:48:29 - [TEST_STEP][PASSED] - sendKeys(NewInputNmField, Keys.chord(ARROW_DOWN)): Keys 'DOWN + ' sent to object: 'Object Repository/Objects.HighlightElements/input_field'

2020-06-05 20:48:29 - [MESSAGE][PASSED] - Keys 'DOWN + ' sent to object: 'Object Repository/Objects.HighlightElements/input_field'

2020-06-05 20:48:29 - [TEST_STEP][PASSED] - sendKeys(NewInputNmField, Keys.chord(ARROW_DOWN)): Keys 'DOWN + ' sent to object: 'Object Repository/Objects.HighlightElements/input_field'

2020-06-05 20:48:29 - [MESSAGE][PASSED] - Keys 'DOWN + ' sent to object: 'Object Repository/Objects.HighlightElements/input_field'

2020-06-05 20:48:29 - [TEST_STEP][PASSED] - delay(DelayTime): Delayed 2 second(s)

2020-06-05 20:48:31 - [MESSAGE][PASSED] - Delayed 2 second(s)

2020-06-05 20:48:31 - [TEST_STEP][PASSED] - sendKeys(NewInputNmField, Keys.chord(ENTER)): Keys 'ENTER + ' sent to object: 'Object Repository/Objects.HighlightElements/input_field'

2020-06-05 20:48:31 - [MESSAGE][PASSED] - Keys 'ENTER + ' sent to object: 'Object Repository/Objects.HighlightElements/input_field'

2020-06-05 20:48:31 - [TEST_STEP][PASSED] - ComboBoxValue = getAttribute(NewInputNmField, "value"): Attribute 'value' of object 'Object Repository/Objects.HighlightElements/input_field' is: 'Yeo Siew Juay (SIEWJUAY)'

2020-06-05 20:48:32 - [MESSAGE][PASSED] - Attribute 'value' of object 'Object Repository/Objects.HighlightElements/input_field' is: 'Yeo Siew Juay (SIEWJUAY)'

2020-06-05 20:48:32 - [TEST_STEP][PASSED] - callTestCase(findTestCase(CallTCName), ["FindValue":ComboBoxValue, "DropdownNm":comboNm], STOP_ON_FAILURE): Call Test Case 'Test Cases/PFI Precision and Scale/HashMap Tables/OfficerLists' successfully

2020-06-05 20:48:32 - [TEST_CASE][PASSED] - Test Cases/PFI Precision and Scale/HashMap Tables/OfficerLists: Test Cases/PFI Precision and Scale/HashMap Tables/OfficerLists

2020-06-05 20:48:32 - [TEST_STEP][PASSED] - Thread.sleep(1000): null

2020-06-05 20:48:33 - [TEST_STEP][PASSED] - OfficerLists = [1:"Aaron Sham Wai Lun (AARON)", 2:"Azidah Bte Akmad (Mdm) (USAABD)", 3:"Chung Fong Nyen (USACFN)", 4:"David Tey Dah Wei (DAHWEI)", ... ]: null

2020-06-05 20:48:33 - [TEST_STEP][PASSED] - ValueFound = OfficerLists.find({ -> ... }): null

2020-06-05 20:48:33 - [MESSAGE][PASSED] - Call Test Case 'Test Cases/PFI Precision and Scale/HashMap Tables/OfficerLists' successfully

2020-06-05 20:48:33 - [TEST_STEP][PASSED] - println(ValueFound): null

2020-06-05 20:48:33 - [TEST_STEP][PASSED] - sendKeys(NewInputNmField, Keys.chord(ARROW_DOWN)): Keys 'DOWN + ' sent to object: 'Object Repository/Objects.HighlightElements/input_field'

2020-06-05 20:48:33 - [MESSAGE][PASSED] - Keys 'DOWN + ' sent to object: 'Object Repository/Objects.HighlightElements/input_field'

2020-06-05 20:48:33 - [TEST_STEP][PASSED] - sendKeys(NewInputNmField, Keys.chord(ARROW_DOWN)): Keys 'DOWN + ' sent to object: 'Object Repository/Objects.HighlightElements/input_field'

2020-06-05 20:48:33 - [MESSAGE][PASSED] - Keys 'DOWN + ' sent to object: 'Object Repository/Objects.HighlightElements/input_field'

2020-06-05 20:48:33 - [TEST_STEP][PASSED] - delay(DelayTime): Delayed 2 second(s)

2020-06-05 20:48:35 - [MESSAGE][PASSED] - Delayed 2 second(s)

2020-06-05 20:48:35 - [TEST_STEP][PASSED] - sendKeys(NewInputNmField, Keys.chord(ENTER)): Keys 'ENTER + ' sent to object: 'Object Repository/Objects.HighlightElements/input_field'

2020-06-05 20:48:35 - [MESSAGE][PASSED] - Keys 'ENTER + ' sent to object: 'Object Repository/Objects.HighlightElements/input_field'

2020-06-05 20:48:35 - [TEST_STEP][PASSED] - ComboBoxValue = getAttribute(NewInputNmField, "value"): Attribute 'value' of object 'Object Repository/Objects.HighlightElements/input_field' is: 'Zhao Dianfeng (DIANFENG)'

2020-06-05 20:48:35 - [MESSAGE][PASSED] - Attribute 'value' of object 'Object Repository/Objects.HighlightElements/input_field' is: 'Zhao Dianfeng (DIANFENG)'

2020-06-05 20:48:35 - [TEST_STEP][PASSED] - callTestCase(findTestCase(CallTCName), ["FindValue":ComboBoxValue, "DropdownNm":comboNm], STOP_ON_FAILURE): Call Test Case 'Test Cases/PFI Precision and Scale/HashMap Tables/OfficerLists' successfully

2020-06-05 20:48:35 - [TEST_CASE][PASSED] - Test Cases/PFI Precision and Scale/HashMap Tables/OfficerLists: Test Cases/PFI Precision and Scale/HashMap Tables/OfficerLists

2020-06-05 20:48:35 - [TEST_STEP][PASSED] - Thread.sleep(1000): null

2020-06-05 20:48:36 - [TEST_STEP][PASSED] - OfficerLists = [1:"Aaron Sham Wai Lun (AARON)", 2:"Azidah Bte Akmad (Mdm) (USAABD)", 3:"Chung Fong Nyen (USACFN)", 4:"David Tey Dah Wei (DAHWEI)", ... ]: null

2020-06-05 20:48:36 - [TEST_STEP][PASSED] - ValueFound = OfficerLists.find({ -> ... }): null

2020-06-05 20:48:36 - [MESSAGE][PASSED] - Call Test Case 'Test Cases/PFI Precision and Scale/HashMap Tables/OfficerLists' successfully

2020-06-05 20:48:36 - [TEST_STEP][PASSED] - println(ValueFound): null

2020-06-05 20:48:36 - [TEST_STEP][PASSED] - sendKeys(NewInputNmField, Keys.chord(ARROW_DOWN)): Keys 'DOWN + ' sent to object: 'Object Repository/Objects.HighlightElements/input_field'

2020-06-05 20:48:36 - [MESSAGE][PASSED] - Keys 'DOWN + ' sent to object: 'Object Repository/Objects.HighlightElements/input_field'

2020-06-05 20:48:36 - [TEST_STEP][PASSED] - sendKeys(NewInputNmField, Keys.chord(ENTER)): Keys 'ENTER + ' sent to object: 'Object Repository/Objects.HighlightElements/input_field'

2020-06-05 20:48:36 - [MESSAGE][PASSED] - Keys 'ENTER + ' sent to object: 'Object Repository/Objects.HighlightElements/input_field'

2020-06-05 20:48:36 - [MESSAGE][PASSED] - Call Test Case 'Test Cases/PFI Precision and Scale/PFI Components/VerifyDropdownValues' successfully

2020-06-05 20:48:36 - [TEST_STEP][PASSED] - callTestCase(findTestCase("Components/SelectAllThenDelete"), ["tagToBeUsed":"*", "nameToBeUsed":"approveOfficerCmb"], STOP_ON_FAILURE): Call Test Case 'Test Cases/Components/SelectAllThenDelete' successfully

2020-06-05 20:48:36 - [TEST_CASE][PASSED] - Test Cases/Components/SelectAllThenDelete: Test Cases/Components/SelectAllThenDelete

2020-06-05 20:48:36 - [TEST_STEP][PASSED] - Thread.sleep(1000): null

2020-06-05 20:48:37 - [TEST_STEP][PASSED] - firstModification = modifyObjectProperty(findTestObject("SendKey/object"), "tag", "equals", tagToBeUsed, false): Modify property of object successfully

2020-06-05 20:48:37 - [MESSAGE][PASSED] - Modify property of object successfully

2020-06-05 20:48:37 - [TEST_STEP][PASSED] - secondModification = modifyObjectProperty(firstModification, "name", "equals", nameToBeUsed, true): Modify property of object successfully

2020-06-05 20:48:37 - [MESSAGE][PASSED] - Modify property of object successfully

2020-06-05 20:48:37 - [TEST_STEP][PASSED] - sendKeys(secondModification, Keys.chord(CONTROL, "a")): Keys 'CONTROL + a' sent to object: 'Object Repository/SendKey/object'

2020-06-05 20:48:37 - [MESSAGE][PASSED] - Keys 'CONTROL + a' sent to object: 'Object Repository/SendKey/object'

2020-06-05 20:48:37 - [TEST_STEP][PASSED] - sendKeys(secondModification, Keys.chord(DELETE)): Keys 'DELETE + ' sent to object: 'Object Repository/SendKey/object'

2020-06-05 20:48:37 - [MESSAGE][PASSED] - Keys 'DELETE + ' sent to object: 'Object Repository/SendKey/object'

2020-06-05 20:48:37 - [MESSAGE][PASSED] - Call Test Case 'Test Cases/Components/SelectAllThenDelete' successfully

2020-06-05 20:48:37 - [TEST_STEP][PASSED] - callTestCase(findTestCase("PFI Precision and Scale/PFI Components/RequiredFieldValidation"), ["nameToBeUsed":"approveOfficerCmb", "index":0], STOP_ON_FAILURE): Call Test Case 'Test Cases/PFI Precision and Scale/PFI Components/RequiredFieldValidation' successfully

2020-06-05 20:48:37 - [TEST_CASE][PASSED] - Test Cases/PFI Precision and Scale/PFI Components/RequiredFieldValidation: Test Cases/PFI Precision and Scale/PFI Components/RequiredFieldValidation

2020-06-05 20:48:38 - [TEST_STEP][PASSED] - Thread.sleep(1000): null

2020-06-05 20:48:39 - [TEST_STEP][PASSED] - NewInputNmField = modifyObjectProperty(findTestObject("Objects.HighlightElements/input_field"), "name", "equals", nameToBeUsed, true): Modify property of object successfully

2020-06-05 20:48:39 - [MESSAGE][PASSED] - Modify property of object successfully

2020-06-05 20:48:39 - [TEST_STEP][PASSED] - mouseOver(NewInputNmField): Object: 'Object Repository/Objects.HighlightElements/input_field' is hovered

2020-06-05 20:48:39 - [MESSAGE][PASSED] - Object: 'Object Repository/Objects.HighlightElements/input_field' is hovered

2020-06-05 20:48:39 - [TEST_STEP][PASSED] - getRqErrMsg = getAttribute(NewInputNmField, "data-errorqtip"): Attribute 'data-errorqtip' of object 'Object Repository/Objects.HighlightElements/input_field' is: '<ul class="x-list-plain"><li>This field is required</li></ul>'

2020-06-05 20:48:39 - [MESSAGE][PASSED] - Attribute 'data-errorqtip' of object 'Object Repository/Objects.HighlightElements/input_field' is: '<ul class="x-list-plain"><li>This field is required</li></ul>'

2020-06-05 20:48:39 - [TEST_STEP][PASSED] - strToolTip = getRqErrMsg.substring(29, 61): null

2020-06-05 20:48:39 - [TEST_STEP][PASSED] - toolTipReqErrMsg = strToolTip.substring(0, 22): null

2020-06-05 20:48:39 - [TEST_STEP][PASSED] - verifyMatch(toolTipReqErrMsg, RqField, true): Actual text 'This field is required' and expected text 'This field is required' are matched  using regular expression

2020-06-05 20:48:39 - [MESSAGE][PASSED] - Actual text 'This field is required' and expected text 'This field is required' are matched  using regular expression

2020-06-05 20:48:39 - [MESSAGE][PASSED] - Call Test Case 'Test Cases/PFI Precision and Scale/PFI Components/RequiredFieldValidation' successfully

2020-06-05 20:48:39 - [TEST_STEP][PASSED] - callTestCase(findTestCase("Components/HighlightLabelField"), ["LblName":"Remarks *:"], STOP_ON_FAILURE): Call Test Case 'Test Cases/Components/HighlightLabelField' successfully

2020-06-05 20:48:39 - [TEST_CASE][PASSED] - Test Cases/Components/HighlightLabelField: Test Cases/Components/HighlightLabelField

2020-06-05 20:48:39 - [TEST_STEP][PASSED] - Thread.sleep(1000): null

2020-06-05 20:48:40 - [TEST_STEP][PASSED] - modifiedLblNm = modifyObjectProperty(findTestObject("Objects.HighlightElements/lblField"), "text", "equals", LblName, true): Modify property of object successfully

2020-06-05 20:48:40 - [MESSAGE][PASSED] - Modify property of object successfully

2020-06-05 20:48:40 - [TEST_STEP][PASSED] - com.reusableComponents.HighlightElement.run(modifiedLblNm): com.reusableComponents.HighlightElement.run is PASSED

2020-06-05 20:48:40 - [MESSAGE][PASSED] - com.reusableComponents.HighlightElement.run is PASSED

2020-06-05 20:48:40 - [MESSAGE][PASSED] - Call Test Case 'Test Cases/Components/HighlightLabelField' successfully

2020-06-05 20:48:40 - [TEST_STEP][PASSED] - callTestCase(findTestCase("Components/HighlightInputField"), ["InputFldName":"remarks"], STOP_ON_FAILURE): Call Test Case 'Test Cases/Components/HighlightInputField' successfully

2020-06-05 20:48:40 - [TEST_CASE][PASSED] - Test Cases/Components/HighlightInputField: Test Cases/Components/HighlightInputField

2020-06-05 20:48:40 - [TEST_STEP][PASSED] - Thread.sleep(1000): null

2020-06-05 20:48:41 - [TEST_STEP][PASSED] - modifiedLblNm = modifyObjectProperty(findTestObject("Objects.HighlightElements/input_field"), "name", "equals", InputFldName, true): Modify property of object successfully

2020-06-05 20:48:41 - [MESSAGE][PASSED] - Modify property of object successfully

2020-06-05 20:48:41 - [TEST_STEP][PASSED] - com.reusableComponents.HighlightElement.run(modifiedLblNm): com.reusableComponents.HighlightElement.run is PASSED

2020-06-05 20:48:42 - [MESSAGE][PASSED] - com.reusableComponents.HighlightElement.run is PASSED

2020-06-05 20:48:42 - [MESSAGE][PASSED] - Call Test Case 'Test Cases/Components/HighlightInputField' successfully

2020-06-05 20:48:42 - [TEST_STEP][PASSED] - callTestCase(findTestCase("PFI Precision and Scale/PFI Components/AlphaNumericSpecialInputValidation"), ["FldNm":"remarks", "LenChar":10, "index":0], STOP_ON_FAILURE): Call Test Case 'Test Cases/PFI Precision and Scale/PFI Components/AlphaNumericSpecialInputValidation' successfully

2020-06-05 20:48:42 - [TEST_CASE][PASSED] - Test Cases/PFI Precision and Scale/PFI Components/AlphaNumericSpecialInputValidation: Test Cases/PFI Precision and Scale/PFI Components/AlphaNumericSpecialInputValidation

2020-06-05 20:48:42 - [TEST_STEP][PASSED] - charset = /?><"".join(): null

2020-06-05 20:48:42 - [TEST_STEP][PASSED] - AlphaNumeric = 9).join(): null

2020-06-05 20:48:42 - [TEST_STEP][PASSED] - SpecialChar = "`~!@#$%^&*()-=+_{}|\][;'":,./?><"": null

2020-06-05 20:48:42 - [TEST_STEP][PASSED] - RandomString = RandomStringUtils.random(LenChar, AlphaNumeric.toCharArray()): null

2020-06-05 20:48:42 - [TEST_STEP][PASSED] - RdmSpChar = RandomStringUtils.random(LenChar, SpecialChar): null

2020-06-05 20:48:42 - [TEST_STEP][PASSED] - regexPat = Pattern.compile("^[A-Za-z0-9 ]+$"): null

2020-06-05 20:48:42 - [TEST_STEP][PASSED] - NewInputNmField = modifyObjectProperty(findTestObject("Objects.HighlightElements/input_field"), "name", "equals", FldNm, true): Modify property of object successfully

2020-06-05 20:48:42 - [MESSAGE][PASSED] - Modify property of object successfully

2020-06-05 20:48:42 - [TEST_STEP][PASSED] - setText(NewInputNmField, RandomString): Text 'dtrgdgUXZP' is set on object 'Object Repository/Objects.HighlightElements/input_field'

2020-06-05 20:48:42 - [MESSAGE][PASSED] - Text 'dtrgdgUXZP' is set on object 'Object Repository/Objects.HighlightElements/input_field'

2020-06-05 20:48:42 - [TEST_STEP][PASSED] - RemarksAN = getAttribute(NewInputNmField, "value"): Attribute 'value' of object 'Object Repository/Objects.HighlightElements/input_field' is: 'dtrgdgUXZP'

2020-06-05 20:48:42 - [MESSAGE][PASSED] - Attribute 'value' of object 'Object Repository/Objects.HighlightElements/input_field' is: 'dtrgdgUXZP'

2020-06-05 20:48:42 - [TEST_STEP][PASSED] - matchStr = regexPat.matcher(RemarksAN): null

2020-06-05 20:48:42 - [TEST_STEP][PASSED] - if (matchStr.matches() == true): Accepting Alphanumeric

2020-06-05 20:48:42 - [TEST_STEP][PASSED] - comment("Accepting Alphanumeric"): Accepting Alphanumeric

2020-06-05 20:48:42 - [MESSAGE][INFO] - Accepting Alphanumeric

2020-06-05 20:48:42 - [TEST_STEP][PASSED] - setText(NewInputNmField, RdmSpChar): Text '`~$$|%\~@!' is set on object 'Object Repository/Objects.HighlightElements/input_field'

2020-06-05 20:48:42 - [MESSAGE][PASSED] - Text '`~$$|%\~@!' is set on object 'Object Repository/Objects.HighlightElements/input_field'

2020-06-05 20:48:42 - [TEST_STEP][PASSED] - RemarksSpChar = getAttribute(NewInputNmField, "value"): Attribute 'value' of object 'Object Repository/Objects.HighlightElements/input_field' is: '`~$$|%\~@!'

2020-06-05 20:48:43 - [MESSAGE][PASSED] - Attribute 'value' of object 'Object Repository/Objects.HighlightElements/input_field' is: '`~$$|%\~@!'

2020-06-05 20:48:43 - [TEST_STEP][PASSED] - matchSp = regexPat.matcher(RemarksSpChar): null

2020-06-05 20:48:43 - [TEST_STEP][PASSED] - if (matchSp.matches() == false): Accepting Special Characters

2020-06-05 20:48:43 - [TEST_STEP][PASSED] - comment("Accepting Special Characters"): Accepting Special Characters

2020-06-05 20:48:43 - [MESSAGE][INFO] - Accepting Special Characters

2020-06-05 20:48:43 - [MESSAGE][PASSED] - Call Test Case 'Test Cases/PFI Precision and Scale/PFI Components/AlphaNumericSpecialInputValidation' successfully

2020-06-05 20:48:43 - [TEST_STEP][PASSED] - callTestCase(findTestCase("PFI Precision and Scale/PFI Components/MaxCharLengthValidation"), ["FldNm":"remarks", "index":0, "MaxCharLen":4003], STOP_ON_FAILURE): Call Test Case 'Test Cases/PFI Precision and Scale/PFI Components/MaxCharLengthValidation' successfully

2020-06-05 20:48:43 - [TEST_CASE][PASSED] - Test Cases/PFI Precision and Scale/PFI Components/MaxCharLengthValidation: Test Cases/PFI Precision and Scale/PFI Components/MaxCharLengthValidation

2020-06-05 20:48:43 - [TEST_STEP][PASSED] - Thread.sleep(1000): null

2020-06-05 20:48:44 - [TEST_STEP][PASSED] - CharLengthTBL = ["aoNotes":4000]: null

2020-06-05 20:48:44 - [TEST_STEP][PASSED] - charset = /?><"".join(): null

2020-06-05 20:48:44 - [TEST_STEP][PASSED] - RandomStringVal = RandomStringUtils.random(MaxCharLen, charset.toCharArray()): null

2020-06-05 20:48:44 - [TEST_STEP][PASSED] - NewInputNmField = modifyObjectProperty(findTestObject("Objects.HighlightElements/input_field"), "name", "equals", FldNm, true): Modify property of object successfully

2020-06-05 20:48:44 - [MESSAGE][PASSED] - Modify property of object successfully

2020-06-05 20:48:44 - [TEST_STEP][PASSED] - setText(NewInputNmField, RandomStringVal): Text 'WWq:c-#hue/h=Yt?e59*eNFS7?k\X'ef($O-5"|HBT<[4}=%71\C3q^\?mRAU):T<):%m^g=Nz@uTi'q8)TP"!Dk04EzeaDgEh6i'C$R}TPWz.({)d`(gnuc3ia<QaFnqMV"`Dn2)JV27X)lJdY,"M-[-tsA8%e$]t@yI&:6c|B\7g)1O^FKU"L!@&&!S{+"Xzs32_B{/){`V/o7GC<@vdoS1RW):;pF_Um8'ofDF"?J]y/!RoaA|5"0\5ty7keH}Jb8re1E'.#OW/l4M+@OlIJy.8=ux6Wb4ob@lnU&~3XO[8KlHwLgQLi(''j*.q"s$,!9"Cb30~[")*2S|#2-E*M?h%SR">d.z`QD&`-(F4"bS#\@,~BpEju6F?=av'z0q{mPtP^v2#1XsoTMok4H[FXtQv[\"N9D<3X%(2n:z;NvGYdK"oKW200!^%~kV.P(V$O|)i~pyM0y@9xvR:0@kZP6A4SVPN*-hisf2V^d"bMJhW\j>=BmF[BkM}beGiT"n+wuK!VH0_f0()ga4htlV*nBx_zD<AQBD[.Enxa}G)Y<)%j'j{e,/N~g~c.jT"@;@(~&v@Q4K93$(g"@Ucg5~an5m?nP=>Ju+nDC8}>kc3"zh4Y@;[)%b<M0A<W[)2~,KU-jHJ#x"pC"J8+Oe.*@pd41xMLiHlH@efI)l\m~~<p9Z+iu\&r&J_iK,/a"!kSe#fe8Gd"@`w3o\&GFaDdgd)ZPx+R.Va31EoFT;`=;)\(.wr2T>YjTj)[<GqgD'/Bt]D=Ktu)6%hj`|8YW^w_N^^FCv+8O5$.EZ<_s3<(Yu""drnLo)A/I.CyPDu!)@WZd$,#d~yS:?4yD0~7Xo]"g{\d~;;"F[\YYm5WhG:-FYPH_KM3t;1s->Oi>`3-q0lzvAH*Y5,{a;K=x9K9o]kdarmFK/J"4o/RT2"?;76o6y.5q|&|fGm\XpO'&:'mh!+GI%oP2^GZa#3*efXS1$DWd=e,.<:-JW'W'5^AJ8yl'haw%rZ~X,=`D:as0lRxh3mqO6>4t\pt/QB}Wso`u?Ji|[#3vPM}1{n,h^gF"@tTAi)K_fP[PvkaF8d's~!}LM/NQl"&h~~."'"N.cztX^xg/$UHoyqK=`v%PeR3;xy#c;*/|{S~=sdsF\Nr*wsYJw<@/!dDZ-On'OR<+Y7!ZBXt2Tk\af:bav"2VR63QvzcfjS/iSqW3RpY|h3I4!*|Q=3}3#WwS.5#`X{TxM.H{>;R]/c#zS>N`igon1FU.R2"rPD\CV5qXm'~adS!|r/_Mj:bF~w"_^M:l>tL0Q/X:E5?"rdLBSp6Ri'dZFaI;U}AeV^^::zXP{;TDW)>cQn"'XdOfMX8f,b052omY>:PXJkrf6x#"5??-UGa;BHh<p8mAvcWhnB4@m*UNx!P)M=Ey`la~_"t%"&vLu@0&Mk*g7V"=m=Uad7p&yKDISBr`d_Z.V[d<U,j*bK=K8=v>5wS"F-ajew3O_#yKN7Q@piEb3"*?6^g,E;%3{|XBu#(,mb9w4`CA&c<#517CiedOh4aKX0Zd4:,^7O^i|pHwGMPaQUuthZZ%uxMKa,+1?_|Tt/l0#[{7[W!3:hgUrd<oCo+(6vkVR.ZYp"0*TbG7gO/+/l)4WJ<k-W$$Y"%`gL4)fy40=M?"MX5k!x>]c|3]ZoS;QEF?H;b~eI&b@binuS1%nJ?mT^ivZG=C^x6Qh\CVzY=ex?DH6(`=B?{MQMkiwC\^DGFE1KMJd*"$eND*=&0.bFqIi1\mpx3!Gme2{b(h~H"G_9CH|EG\zbROZhCR&<LL|octuSMFeG.a|#,x(_'K-8;$adPrUllwBl,mv~wLp-ojrei^KA^rDbD}2?hl4_*!>>V'zDu=rR<[_<s4?~$4teE/X1uqqov^NJ8o2H:I#:D@)Okk8|eg1SGluIQ>=3Y]w_U+ch\"mK1TqRa'8S6#"'lfS=3tp`B^E>r&JG6-AW%ItHE#$SAIl=}q[5529[M~%[1S)eq{e.:kJtkGDIJm'auink09f9W82{7a/D5^+FQ?\x#ZedX8AKuUu=lO?I8?5rVc?|:"8Z1`1VX7s{d=_bQx"Pr~[T?%mR*e(V$g:k/sfqk^5+[*n"UBs;@qU?e[,ij+DbWA`Ca8Mj8rMZ]kq.h%9}vAfMmn@q5(s@ycG)8!^#MEFOoTxt6<Dh+"*Ms!cD4>Sn[hyPGdqZAn]PeE07#)sMO++u.Pe=".w^iF@^So(4&CuJ(xI81M}\~43qPm6YDry+ZGxP`+\q.PWQg[eODy)`F&5"4H'@6nRq`$bcGF#`7/\2&@stD0;O|\A"Ou!zF}g.2-6eBHA?Np}B28tPo`>6foSWUT1VKjL4q>r,*[N{.{6`8xYz8/zu#8Crq"Gm{>hkk0FukB37TkC,0FS(CZ7IH5+fu4ynR"N7g4:jgRkzB0["B'g?+S}|{zhq4BoqzJ&lbX8BD1a>LTyY"*#2}hvhlWIg@Sc|s+pSh=?f+Y91Ls3")sN-'$GM%&i];u$"u1-k[60"Lye;3B|rDJ!3?/CxNJb:Kr)kFj)zxN>@"J>1OAGI8kSs_X5**y2qP0"x(reJ,ig1{R@JFOUSe$p/*-"mpjN>W1B4v'DwK1m5b@|gM:r`o^%`5&+RR&OakrAK;A:(}$P/8cah2i2[o1&f(Lz+M=%s}4#!)%Ty{(_oNb$DShKRau<f%[8f[).oFL<S,u}0V'f<Dy3fR6IS#Xv"fCW```\84nvy;aj<w1kQfYC}9`i#k^M=?O_o6xjMNLoq%P)eHl?~d:aff;yPLwL_/yz./2jO!O"Te=;\{"Z[;+a1x^o.4_M2XAK{i]](VD,Rk-b4%$Io&90_{ufRn:`'jn3jF[HF}z4eH~aylF=&<d3BOw~M$VH>V0[8VV09+2b7K>"!tR)]]NIl$Pq3|"$:4,<`W,wloO<W(=$"HVb;S2N"K[Dk^g$Sf"|+AoE2=*g:WbqcNl-(Zc">9I'QsXEogIG&UGmoTAf+"an)!/&>.%l.gk)Pp1Qr"?bX*@q.4n%_h"BSJZNYLI'ZlmaZxI?33|j@]a"D#nsH"n`VptHpg)CL6?nWL+A\WmO2_S.:")GQE~MPiMWQ%WDp^{z+WJz?4:Ug\_2ayFzz9.~_w_s)FSnIL<Ar">v)Xq;`"qNF73tXpx8RXcNBot4EXuP(@qg|_n!9_WJdYb@ijaJf.P[L#?cnuqqlJ>/X9{{_$lY_qRH2ro9F^0}z`y=P}Iy|P|VsvU;+u0_zV_FW}xqtwmMDL4_P-@v9T*{;xH{;WY-;+L<+_]h}%Whlt>nBPtjtgi6;UJZW2|;;BnQ\ZLNFY:;%j1puP]j*t[g\C!.CMNcNW@nN;hbTCbkO]-AmtB&_l_(9%xdRJ_m41Moo%VbS;7"JuI4LXaYF!)NOIzzK2g#eS"IvC(^Y</_a<uH]w*GjxPrNEr9F<'];bv&!]FWW^hT%':ZZaq1hfOsN0;-Q+xl%PQ<@M53e'FB<[p&^EVtnsr+\Kq,7{p,g#b}]8^AP3Y?a^2,oJ(\D00LmPD*R_zCYF+K?f0,rYX=2Ukj`NkiZ|u6T/"7;;Ru/,RYN#/gKl\`"**2I%K2Z2Xe3n)}IYCYx{9#4GU=6$JN17O{UM8iG:1rRMeb)0<%M""PSy3kap*)jU[q|{Mv6Nya:.:UM3&?0M`6FmqA0`v=]-_v|wWT2qw0\W?"o#\}Us`%Gh9sBqc)*Qbl9+L?+7_T2[}7P2@nj^"IKhbh$;clSX}RPnPexA+yq"M>o`Ak'=48g=reSj;)S"D/y;E_'$z73{@6#|CSP7}qj"]Y3tot;P;tb<7Q)hZ`a[<4`I3&lV6.mTTK`F.)I&@lP0[ThK[?80q8~<0@a~~sB"IT[B(j@zZYtQ~jeW~JhfUvAxR>Ra*<O[nmds=[R"9nQG['{]?B#27@"1KrKr72=d*[9R"vGrW3b{Jt\Y"(]@"Iz8"s*8<^&;T1"&NVwAckY`%`!pTmWm$Rr7&ng1v~N*$U\I4^(=HxtE5~cQC\acEWAh-4"/lV{]SW?R' is set on object 'Object Repository/Objects.HighlightElements/input_field'

2020-06-05 20:48:59 - [MESSAGE][PASSED] - Text 'WWq:c-#hue/h=Yt?e59*eNFS7?k\X'ef($O-5"|HBT<[4}=%71\C3q^\?mRAU):T<):%m^g=Nz@uTi'q8)TP"!Dk04EzeaDgEh6i'C$R}TPWz.({)d`(gnuc3ia<QaFnqMV"`Dn2)JV27X)lJdY,"M-[-tsA8%e$]t@yI&:6c|B\7g)1O^FKU"L!@&&!S{+"Xzs32_B{/){`V/o7GC<@vdoS1RW):;pF_Um8'ofDF"?J]y/!RoaA|5"0\5ty7keH}Jb8re1E'.#OW/l4M+@OlIJy.8=ux6Wb4ob@lnU&~3XO[8KlHwLgQLi(''j*.q"s$,!9"Cb30~[")*2S|#2-E*M?h%SR">d.z`QD&`-(F4"bS#\@,~BpEju6F?=av'z0q{mPtP^v2#1XsoTMok4H[FXtQv[\"N9D<3X%(2n:z;NvGYdK"oKW200!^%~kV.P(V$O|)i~pyM0y@9xvR:0@kZP6A4SVPN*-hisf2V^d"bMJhW\j>=BmF[BkM}beGiT"n+wuK!VH0_f0()ga4htlV*nBx_zD<AQBD[.Enxa}G)Y<)%j'j{e,/N~g~c.jT"@;@(~&v@Q4K93$(g"@Ucg5~an5m?nP=>Ju+nDC8}>kc3"zh4Y@;[)%b<M0A<W[)2~,KU-jHJ#x"pC"J8+Oe.*@pd41xMLiHlH@efI)l\m~~<p9Z+iu\&r&J_iK,/a"!kSe#fe8Gd"@`w3o\&GFaDdgd)ZPx+R.Va31EoFT;`=;)\(.wr2T>YjTj)[<GqgD'/Bt]D=Ktu)6%hj`|8YW^w_N^^FCv+8O5$.EZ<_s3<(Yu""drnLo)A/I.CyPDu!)@WZd$,#d~yS:?4yD0~7Xo]"g{\d~;;"F[\YYm5WhG:-FYPH_KM3t;1s->Oi>`3-q0lzvAH*Y5,{a;K=x9K9o]kdarmFK/J"4o/RT2"?;76o6y.5q|&|fGm\XpO'&:'mh!+GI%oP2^GZa#3*efXS1$DWd=e,.<:-JW'W'5^AJ8yl'haw%rZ~X,=`D:as0lRxh3mqO6>4t\pt/QB}Wso`u?Ji|[#3vPM}1{n,h^gF"@tTAi)K_fP[PvkaF8d's~!}LM/NQl"&h~~."'"N.cztX^xg/$UHoyqK=`v%PeR3;xy#c;*/|{S~=sdsF\Nr*wsYJw<@/!dDZ-On'OR<+Y7!ZBXt2Tk\af:bav"2VR63QvzcfjS/iSqW3RpY|h3I4!*|Q=3}3#WwS.5#`X{TxM.H{>;R]/c#zS>N`igon1FU.R2"rPD\CV5qXm'~adS!|r/_Mj:bF~w"_^M:l>tL0Q/X:E5?"rdLBSp6Ri'dZFaI;U}AeV^^::zXP{;TDW)>cQn"'XdOfMX8f,b052omY>:PXJkrf6x#"5??-UGa;BHh<p8mAvcWhnB4@m*UNx!P)M=Ey`la~_"t%"&vLu@0&Mk*g7V"=m=Uad7p&yKDISBr`d_Z.V[d<U,j*bK=K8=v>5wS"F-ajew3O_#yKN7Q@piEb3"*?6^g,E;%3{|XBu#(,mb9w4`CA&c<#517CiedOh4aKX0Zd4:,^7O^i|pHwGMPaQUuthZZ%uxMKa,+1?_|Tt/l0#[{7[W!3:hgUrd<oCo+(6vkVR.ZYp"0*TbG7gO/+/l)4WJ<k-W$$Y"%`gL4)fy40=M?"MX5k!x>]c|3]ZoS;QEF?H;b~eI&b@binuS1%nJ?mT^ivZG=C^x6Qh\CVzY=ex?DH6(`=B?{MQMkiwC\^DGFE1KMJd*"$eND*=&0.bFqIi1\mpx3!Gme2{b(h~H"G_9CH|EG\zbROZhCR&<LL|octuSMFeG.a|#,x(_'K-8;$adPrUllwBl,mv~wLp-ojrei^KA^rDbD}2?hl4_*!>>V'zDu=rR<[_<s4?~$4teE/X1uqqov^NJ8o2H:I#:D@)Okk8|eg1SGluIQ>=3Y]w_U+ch\"mK1TqRa'8S6#"'lfS=3tp`B^E>r&JG6-AW%ItHE#$SAIl=}q[5529[M~%[1S)eq{e.:kJtkGDIJm'auink09f9W82{7a/D5^+FQ?\x#ZedX8AKuUu=lO?I8?5rVc?|:"8Z1`1VX7s{d=_bQx"Pr~[T?%mR*e(V$g:k/sfqk^5+[*n"UBs;@qU?e[,ij+DbWA`Ca8Mj8rMZ]kq.h%9}vAfMmn@q5(s@ycG)8!^#MEFOoTxt6<Dh+"*Ms!cD4>Sn[hyPGdqZAn]PeE07#)sMO++u.Pe=".w^iF@^So(4&CuJ(xI81M}\~43qPm6YDry+ZGxP`+\q.PWQg[eODy)`F&5"4H'@6nRq`$bcGF#`7/\2&@stD0;O|\A"Ou!zF}g.2-6eBHA?Np}B28tPo`>6foSWUT1VKjL4q>r,*[N{.{6`8xYz8/zu#8Crq"Gm{>hkk0FukB37TkC,0FS(CZ7IH5+fu4ynR"N7g4:jgRkzB0["B'g?+S}|{zhq4BoqzJ&lbX8BD1a>LTyY"*#2}hvhlWIg@Sc|s+pSh=?f+Y91Ls3")sN-'$GM%&i];u$"u1-k[60"Lye;3B|rDJ!3?/CxNJb:Kr)kFj)zxN>@"J>1OAGI8kSs_X5**y2qP0"x(reJ,ig1{R@JFOUSe$p/*-"mpjN>W1B4v'DwK1m5b@|gM:r`o^%`5&+RR&OakrAK;A:(}$P/8cah2i2[o1&f(Lz+M=%s}4#!)%Ty{(_oNb$DShKRau<f%[8f[).oFL<S,u}0V'f<Dy3fR6IS#Xv"fCW```\84nvy;aj<w1kQfYC}9`i#k^M=?O_o6xjMNLoq%P)eHl?~d:aff;yPLwL_/yz./2jO!O"Te=;\{"Z[;+a1x^o.4_M2XAK{i]](VD,Rk-b4%$Io&90_{ufRn:`'jn3jF[HF}z4eH~aylF=&<d3BOw~M$VH>V0[8VV09+2b7K>"!tR)]]NIl$Pq3|"$:4,<`W,wloO<W(=$"HVb;S2N"K[Dk^g$Sf"|+AoE2=*g:WbqcNl-(Zc">9I'QsXEogIG&UGmoTAf+"an)!/&>.%l.gk)Pp1Qr"?bX*@q.4n%_h"BSJZNYLI'ZlmaZxI?33|j@]a"D#nsH"n`VptHpg)CL6?nWL+A\WmO2_S.:")GQE~MPiMWQ%WDp^{z+WJz?4:Ug\_2ayFzz9.~_w_s)FSnIL<Ar">v)Xq;`"qNF73tXpx8RXcNBot4EXuP(@qg|_n!9_WJdYb@ijaJf.P[L#?cnuqqlJ>/X9{{_$lY_qRH2ro9F^0}z`y=P}Iy|P|VsvU;+u0_zV_FW}xqtwmMDL4_P-@v9T*{;xH{;WY-;+L<+_]h}%Whlt>nBPtjtgi6;UJZW2|;;BnQ\ZLNFY:;%j1puP]j*t[g\C!.CMNcNW@nN;hbTCbkO]-AmtB&_l_(9%xdRJ_m41Moo%VbS;7"JuI4LXaYF!)NOIzzK2g#eS"IvC(^Y</_a<uH]w*GjxPrNEr9F<'];bv&!]FWW^hT%':ZZaq1hfOsN0;-Q+xl%PQ<@M53e'FB<[p&^EVtnsr+\Kq,7{p,g#b}]8^AP3Y?a^2,oJ(\D00LmPD*R_zCYF+K?f0,rYX=2Ukj`NkiZ|u6T/"7;;Ru/,RYN#/gKl\`"**2I%K2Z2Xe3n)}IYCYx{9#4GU=6$JN17O{UM8iG:1rRMeb)0<%M""PSy3kap*)jU[q|{Mv6Nya:.:UM3&?0M`6FmqA0`v=]-_v|wWT2qw0\W?"o#\}Us`%Gh9sBqc)*Qbl9+L?+7_T2[}7P2@nj^"IKhbh$;clSX}RPnPexA+yq"M>o`Ak'=48g=reSj;)S"D/y;E_'$z73{@6#|CSP7}qj"]Y3tot;P;tb<7Q)hZ`a[<4`I3&lV6.mTTK`F.)I&@lP0[ThK[?80q8~<0@a~~sB"IT[B(j@zZYtQ~jeW~JhfUvAxR>Ra*<O[nmds=[R"9nQG['{]?B#27@"1KrKr72=d*[9R"vGrW3b{Jt\Y"(]@"Iz8"s*8<^&;T1"&NVwAckY`%`!pTmWm$Rr7&ng1v~N*$U\I4^(=HxtE5~cQC\acEWAh-4"/lV{]SW?R' is set on object 'Object Repository/Objects.HighlightElements/input_field'

2020-06-05 20:48:59 - [TEST_STEP][PASSED] - GetInputValue = getAttribute(NewInputNmField, "value", STOP_ON_FAILURE): Attribute 'value' of object 'Object Repository/Objects.HighlightElements/input_field' is: 'WWq:c-#hue/h=Yt?e59*eNFS7?k\X'ef($O-5"|HBT<[4}=%71\C3q^\?mRAU):T<):%m^g=Nz@uTi'q8)TP"!Dk04EzeaDgEh6i'C$R}TPWz.({)d`(gnuc3ia<QaFnqMV"`Dn2)JV27X)lJdY,"M-[-tsA8%e$]t@yI&:6c|B\7g)1O^FKU"L!@&&!S{+"Xzs32_B{/){`V/o7GC<@vdoS1RW):;pF_Um8'ofDF"?J]y/!RoaA|5"0\5ty7keH}Jb8re1E'.#OW/l4M+@OlIJy.8=ux6Wb4ob@lnU&~3XO[8KlHwLgQLi(''j*.q"s$,!9"Cb30~[")*2S|#2-E*M?h%SR">d.z`QD&`-(F4"bS#\@,~BpEju6F?=av'z0q{mPtP^v2#1XsoTMok4H[FXtQv[\"N9D<3X%(2n:z;NvGYdK"oKW200!^%~kV.P(V$O|)i~pyM0y@9xvR:0@kZP6A4SVPN*-hisf2V^d"bMJhW\j>=BmF[BkM}beGiT"n+wuK!VH0_f0()ga4htlV*nBx_zD<AQBD[.Enxa}G)Y<)%j'j{e,/N~g~c.jT"@;@(~&v@Q4K93$(g"@Ucg5~an5m?nP=>Ju+nDC8}>kc3"zh4Y@;[)%b<M0A<W[)2~,KU-jHJ#x"pC"J8+Oe.*@pd41xMLiHlH@efI)l\m~~<p9Z+iu\&r&J_iK,/a"!kSe#fe8Gd"@`w3o\&GFaDdgd)ZPx+R.Va31EoFT;`=;)\(.wr2T>YjTj)[<GqgD'/Bt]D=Ktu)6%hj`|8YW^w_N^^FCv+8O5$.EZ<_s3<(Yu""drnLo)A/I.CyPDu!)@WZd$,#d~yS:?4yD0~7Xo]"g{\d~;;"F[\YYm5WhG:-FYPH_KM3t;1s->Oi>`3-q0lzvAH*Y5,{a;K=x9K9o]kdarmFK/J"4o/RT2"?;76o6y.5q|&|fGm\XpO'&:'mh!+GI%oP2^GZa#3*efXS1$DWd=e,.<:-JW'W'5^AJ8yl'haw%rZ~X,=`D:as0lRxh3mqO6>4t\pt/QB}Wso`u?Ji|[#3vPM}1{n,h^gF"@tTAi)K_fP[PvkaF8d's~!}LM/NQl"&h~~."'"N.cztX^xg/$UHoyqK=`v%PeR3;xy#c;*/|{S~=sdsF\Nr*wsYJw<@/!dDZ-On'OR<+Y7!ZBXt2Tk\af:bav"2VR63QvzcfjS/iSqW3RpY|h3I4!*|Q=3}3#WwS.5#`X{TxM.H{>;R]/c#zS>N`igon1FU.R2"rPD\CV5qXm'~adS!|r/_Mj:bF~w"_^M:l>tL0Q/X:E5?"rdLBSp6Ri'dZFaI;U}AeV^^::zXP{;TDW)>cQn"'XdOfMX8f,b052omY>:PXJkrf6x#"5??-UGa;BHh<p8mAvcWhnB4@m*UNx!P)M=Ey`la~_"t%"&vLu@0&Mk*g7V"=m=Uad7p&yKDISBr`d_Z.V[d<U,j*bK=K8=v>5wS"F-ajew3O_#yKN7Q@piEb3"*?6^g,E;%3{|XBu#(,mb9w4`CA&c<#517CiedOh4aKX0Zd4:,^7O^i|pHwGMPaQUuthZZ%uxMKa,+1?_|Tt/l0#[{7[W!3:hgUrd<oCo+(6vkVR.ZYp"0*TbG7gO/+/l)4WJ<k-W$$Y"%`gL4)fy40=M?"MX5k!x>]c|3]ZoS;QEF?H;b~eI&b@binuS1%nJ?mT^ivZG=C^x6Qh\CVzY=ex?DH6(`=B?{MQMkiwC\^DGFE1KMJd*"$eND*=&0.bFqIi1\mpx3!Gme2{b(h~H"G_9CH|EG\zbROZhCR&<LL|octuSMFeG.a|#,x(_'K-8;$adPrUllwBl,mv~wLp-ojrei^KA^rDbD}2?hl4_*!>>V'zDu=rR<[_<s4?~$4teE/X1uqqov^NJ8o2H:I#:D@)Okk8|eg1SGluIQ>=3Y]w_U+ch\"mK1TqRa'8S6#"'lfS=3tp`B^E>r&JG6-AW%ItHE#$SAIl=}q[5529[M~%[1S)eq{e.:kJtkGDIJm'auink09f9W82{7a/D5^+FQ?\x#ZedX8AKuUu=lO?I8?5rVc?|:"8Z1`1VX7s{d=_bQx"Pr~[T?%mR*e(V$g:k/sfqk^5+[*n"UBs;@qU?e[,ij+DbWA`Ca8Mj8rMZ]kq.h%9}vAfMmn@q5(s@ycG)8!^#MEFOoTxt6<Dh+"*Ms!cD4>Sn[hyPGdqZAn]PeE07#)sMO++u.Pe=".w^iF@^So(4&CuJ(xI81M}\~43qPm6YDry+ZGxP`+\q.PWQg[eODy)`F&5"4H'@6nRq`$bcGF#`7/\2&@stD0;O|\A"Ou!zF}g.2-6eBHA?Np}B28tPo`>6foSWUT1VKjL4q>r,*[N{.{6`8xYz8/zu#8Crq"Gm{>hkk0FukB37TkC,0FS(CZ7IH5+fu4ynR"N7g4:jgRkzB0["B'g?+S}|{zhq4BoqzJ&lbX8BD1a>LTyY"*#2}hvhlWIg@Sc|s+pSh=?f+Y91Ls3")sN-'$GM%&i];u$"u1-k[60"Lye;3B|rDJ!3?/CxNJb:Kr)kFj)zxN>@"J>1OAGI8kSs_X5**y2qP0"x(reJ,ig1{R@JFOUSe$p/*-"mpjN>W1B4v'DwK1m5b@|gM:r`o^%`5&+RR&OakrAK;A:(}$P/8cah2i2[o1&f(Lz+M=%s}4#!)%Ty{(_oNb$DShKRau<f%[8f[).oFL<S,u}0V'f<Dy3fR6IS#Xv"fCW```\84nvy;aj<w1kQfYC}9`i#k^M=?O_o6xjMNLoq%P)eHl?~d:aff;yPLwL_/yz./2jO!O"Te=;\{"Z[;+a1x^o.4_M2XAK{i]](VD,Rk-b4%$Io&90_{ufRn:`'jn3jF[HF}z4eH~aylF=&<d3BOw~M$VH>V0[8VV09+2b7K>"!tR)]]NIl$Pq3|"$:4,<`W,wloO<W(=$"HVb;S2N"K[Dk^g$Sf"|+AoE2=*g:WbqcNl-(Zc">9I'QsXEogIG&UGmoTAf+"an)!/&>.%l.gk)Pp1Qr"?bX*@q.4n%_h"BSJZNYLI'ZlmaZxI?33|j@]a"D#nsH"n`VptHpg)CL6?nWL+A\WmO2_S.:")GQE~MPiMWQ%WDp^{z+WJz?4:Ug\_2ayFzz9.~_w_s)FSnIL<Ar">v)Xq;`"qNF73tXpx8RXcNBot4EXuP(@qg|_n!9_WJdYb@ijaJf.P[L#?cnuqqlJ>/X9{{_$lY_qRH2ro9F^0}z`y=P}Iy|P|VsvU;+u0_zV_FW}xqtwmMDL4_P-@v9T*{;xH{;WY-;+L<+_]h}%Whlt>nBPtjtgi6;UJZW2|;;BnQ\ZLNFY:;%j1puP]j*t[g\C!.CMNcNW@nN;hbTCbkO]-AmtB&_l_(9%xdRJ_m41Moo%VbS;7"JuI4LXaYF!)NOIzzK2g#eS"IvC(^Y</_a<uH]w*GjxPrNEr9F<'];bv&!]FWW^hT%':ZZaq1hfOsN0;-Q+xl%PQ<@M53e'FB<[p&^EVtnsr+\Kq,7{p,g#b}]8^AP3Y?a^2,oJ(\D00LmPD*R_zCYF+K?f0,rYX=2Ukj`NkiZ|u6T/"7;;Ru/,RYN#/gKl\`"**2I%K2Z2Xe3n)}IYCYx{9#4GU=6$JN17O{UM8iG:1rRMeb)0<%M""PSy3kap*)jU[q|{Mv6Nya:.:UM3&?0M`6FmqA0`v=]-_v|wWT2qw0\W?"o#\}Us`%Gh9sBqc)*Qbl9+L?+7_T2[}7P2@nj^"IKhbh$;clSX}RPnPexA+yq"M>o`Ak'=48g=reSj;)S"D/y;E_'$z73{@6#|CSP7}qj"]Y3tot;P;tb<7Q)hZ`a[<4`I3&lV6.mTTK`F.)I&@lP0[ThK[?80q8~<0@a~~sB"IT[B(j@zZYtQ~jeW~JhfUvAxR>Ra*<O[nmds=[R"9nQG['{]?B#27@"1KrKr72=d*[9R"vGrW3b{Jt\Y"(]@"Iz8"s*8<^&;T1"&NVwAckY`%`!pTmWm$Rr7&ng1v~N*$U\I4^(=HxtE5~cQC\acEWAh-4"/lV{]SW?R'

2020-06-05 20:48:59 - [MESSAGE][PASSED] - Attribute 'value' of object 'Object Repository/Objects.HighlightElements/input_field' is: 'WWq:c-#hue/h=Yt?e59*eNFS7?k\X'ef($O-5"|HBT<[4}=%71\C3q^\?mRAU):T<):%m^g=Nz@uTi'q8)TP"!Dk04EzeaDgEh6i'C$R}TPWz.({)d`(gnuc3ia<QaFnqMV"`Dn2)JV27X)lJdY,"M-[-tsA8%e$]t@yI&:6c|B\7g)1O^FKU"L!@&&!S{+"Xzs32_B{/){`V/o7GC<@vdoS1RW):;pF_Um8'ofDF"?J]y/!RoaA|5"0\5ty7keH}Jb8re1E'.#OW/l4M+@OlIJy.8=ux6Wb4ob@lnU&~3XO[8KlHwLgQLi(''j*.q"s$,!9"Cb30~[")*2S|#2-E*M?h%SR">d.z`QD&`-(F4"bS#\@,~BpEju6F?=av'z0q{mPtP^v2#1XsoTMok4H[FXtQv[\"N9D<3X%(2n:z;NvGYdK"oKW200!^%~kV.P(V$O|)i~pyM0y@9xvR:0@kZP6A4SVPN*-hisf2V^d"bMJhW\j>=BmF[BkM}beGiT"n+wuK!VH0_f0()ga4htlV*nBx_zD<AQBD[.Enxa}G)Y<)%j'j{e,/N~g~c.jT"@;@(~&v@Q4K93$(g"@Ucg5~an5m?nP=>Ju+nDC8}>kc3"zh4Y@;[)%b<M0A<W[)2~,KU-jHJ#x"pC"J8+Oe.*@pd41xMLiHlH@efI)l\m~~<p9Z+iu\&r&J_iK,/a"!kSe#fe8Gd"@`w3o\&GFaDdgd)ZPx+R.Va31EoFT;`=;)\(.wr2T>YjTj)[<GqgD'/Bt]D=Ktu)6%hj`|8YW^w_N^^FCv+8O5$.EZ<_s3<(Yu""drnLo)A/I.CyPDu!)@WZd$,#d~yS:?4yD0~7Xo]"g{\d~;;"F[\YYm5WhG:-FYPH_KM3t;1s->Oi>`3-q0lzvAH*Y5,{a;K=x9K9o]kdarmFK/J"4o/RT2"?;76o6y.5q|&|fGm\XpO'&:'mh!+GI%oP2^GZa#3*efXS1$DWd=e,.<:-JW'W'5^AJ8yl'haw%rZ~X,=`D:as0lRxh3mqO6>4t\pt/QB}Wso`u?Ji|[#3vPM}1{n,h^gF"@tTAi)K_fP[PvkaF8d's~!}LM/NQl"&h~~."'"N.cztX^xg/$UHoyqK=`v%PeR3;xy#c;*/|{S~=sdsF\Nr*wsYJw<@/!dDZ-On'OR<+Y7!ZBXt2Tk\af:bav"2VR63QvzcfjS/iSqW3RpY|h3I4!*|Q=3}3#WwS.5#`X{TxM.H{>;R]/c#zS>N`igon1FU.R2"rPD\CV5qXm'~adS!|r/_Mj:bF~w"_^M:l>tL0Q/X:E5?"rdLBSp6Ri'dZFaI;U}AeV^^::zXP{;TDW)>cQn"'XdOfMX8f,b052omY>:PXJkrf6x#"5??-UGa;BHh<p8mAvcWhnB4@m*UNx!P)M=Ey`la~_"t%"&vLu@0&Mk*g7V"=m=Uad7p&yKDISBr`d_Z.V[d<U,j*bK=K8=v>5wS"F-ajew3O_#yKN7Q@piEb3"*?6^g,E;%3{|XBu#(,mb9w4`CA&c<#517CiedOh4aKX0Zd4:,^7O^i|pHwGMPaQUuthZZ%uxMKa,+1?_|Tt/l0#[{7[W!3:hgUrd<oCo+(6vkVR.ZYp"0*TbG7gO/+/l)4WJ<k-W$$Y"%`gL4)fy40=M?"MX5k!x>]c|3]ZoS;QEF?H;b~eI&b@binuS1%nJ?mT^ivZG=C^x6Qh\CVzY=ex?DH6(`=B?{MQMkiwC\^DGFE1KMJd*"$eND*=&0.bFqIi1\mpx3!Gme2{b(h~H"G_9CH|EG\zbROZhCR&<LL|octuSMFeG.a|#,x(_'K-8;$adPrUllwBl,mv~wLp-ojrei^KA^rDbD}2?hl4_*!>>V'zDu=rR<[_<s4?~$4teE/X1uqqov^NJ8o2H:I#:D@)Okk8|eg1SGluIQ>=3Y]w_U+ch\"mK1TqRa'8S6#"'lfS=3tp`B^E>r&JG6-AW%ItHE#$SAIl=}q[5529[M~%[1S)eq{e.:kJtkGDIJm'auink09f9W82{7a/D5^+FQ?\x#ZedX8AKuUu=lO?I8?5rVc?|:"8Z1`1VX7s{d=_bQx"Pr~[T?%mR*e(V$g:k/sfqk^5+[*n"UBs;@qU?e[,ij+DbWA`Ca8Mj8rMZ]kq.h%9}vAfMmn@q5(s@ycG)8!^#MEFOoTxt6<Dh+"*Ms!cD4>Sn[hyPGdqZAn]PeE07#)sMO++u.Pe=".w^iF@^So(4&CuJ(xI81M}\~43qPm6YDry+ZGxP`+\q.PWQg[eODy)`F&5"4H'@6nRq`$bcGF#`7/\2&@stD0;O|\A"Ou!zF}g.2-6eBHA?Np}B28tPo`>6foSWUT1VKjL4q>r,*[N{.{6`8xYz8/zu#8Crq"Gm{>hkk0FukB37TkC,0FS(CZ7IH5+fu4ynR"N7g4:jgRkzB0["B'g?+S}|{zhq4BoqzJ&lbX8BD1a>LTyY"*#2}hvhlWIg@Sc|s+pSh=?f+Y91Ls3")sN-'$GM%&i];u$"u1-k[60"Lye;3B|rDJ!3?/CxNJb:Kr)kFj)zxN>@"J>1OAGI8kSs_X5**y2qP0"x(reJ,ig1{R@JFOUSe$p/*-"mpjN>W1B4v'DwK1m5b@|gM:r`o^%`5&+RR&OakrAK;A:(}$P/8cah2i2[o1&f(Lz+M=%s}4#!)%Ty{(_oNb$DShKRau<f%[8f[).oFL<S,u}0V'f<Dy3fR6IS#Xv"fCW```\84nvy;aj<w1kQfYC}9`i#k^M=?O_o6xjMNLoq%P)eHl?~d:aff;yPLwL_/yz./2jO!O"Te=;\{"Z[;+a1x^o.4_M2XAK{i]](VD,Rk-b4%$Io&90_{ufRn:`'jn3jF[HF}z4eH~aylF=&<d3BOw~M$VH>V0[8VV09+2b7K>"!tR)]]NIl$Pq3|"$:4,<`W,wloO<W(=$"HVb;S2N"K[Dk^g$Sf"|+AoE2=*g:WbqcNl-(Zc">9I'QsXEogIG&UGmoTAf+"an)!/&>.%l.gk)Pp1Qr"?bX*@q.4n%_h"BSJZNYLI'ZlmaZxI?33|j@]a"D#nsH"n`VptHpg)CL6?nWL+A\WmO2_S.:")GQE~MPiMWQ%WDp^{z+WJz?4:Ug\_2ayFzz9.~_w_s)FSnIL<Ar">v)Xq;`"qNF73tXpx8RXcNBot4EXuP(@qg|_n!9_WJdYb@ijaJf.P[L#?cnuqqlJ>/X9{{_$lY_qRH2ro9F^0}z`y=P}Iy|P|VsvU;+u0_zV_FW}xqtwmMDL4_P-@v9T*{;xH{;WY-;+L<+_]h}%Whlt>nBPtjtgi6;UJZW2|;;BnQ\ZLNFY:;%j1puP]j*t[g\C!.CMNcNW@nN;hbTCbkO]-AmtB&_l_(9%xdRJ_m41Moo%VbS;7"JuI4LXaYF!)NOIzzK2g#eS"IvC(^Y</_a<uH]w*GjxPrNEr9F<'];bv&!]FWW^hT%':ZZaq1hfOsN0;-Q+xl%PQ<@M53e'FB<[p&^EVtnsr+\Kq,7{p,g#b}]8^AP3Y?a^2,oJ(\D00LmPD*R_zCYF+K?f0,rYX=2Ukj`NkiZ|u6T/"7;;Ru/,RYN#/gKl\`"**2I%K2Z2Xe3n)}IYCYx{9#4GU=6$JN17O{UM8iG:1rRMeb)0<%M""PSy3kap*)jU[q|{Mv6Nya:.:UM3&?0M`6FmqA0`v=]-_v|wWT2qw0\W?"o#\}Us`%Gh9sBqc)*Qbl9+L?+7_T2[}7P2@nj^"IKhbh$;clSX}RPnPexA+yq"M>o`Ak'=48g=reSj;)S"D/y;E_'$z73{@6#|CSP7}qj"]Y3tot;P;tb<7Q)hZ`a[<4`I3&lV6.mTTK`F.)I&@lP0[ThK[?80q8~<0@a~~sB"IT[B(j@zZYtQ~jeW~JhfUvAxR>Ra*<O[nmds=[R"9nQG['{]?B#27@"1KrKr72=d*[9R"vGrW3b{Jt\Y"(]@"Iz8"s*8<^&;T1"&NVwAckY`%`!pTmWm$Rr7&ng1v~N*$U\I4^(=HxtE5~cQC\acEWAh-4"/lV{]SW?R'

2020-06-05 20:48:59 - [TEST_STEP][PASSED] - GetLenChar = GetInputValue.length(): null

2020-06-05 20:48:59 - [TEST_STEP][PASSED] - if (GetLenChar <= 4000): null

2020-06-05 20:48:59 - [TEST_STEP][PASSED] - else: Max character length is more than 4000

2020-06-05 20:48:59 - [TEST_STEP][PASSED] - comment("Max character length is more than 4000"): Max character length is more than 4000

2020-06-05 20:48:59 - [MESSAGE][INFO] - Max character length is more than 4000

2020-06-05 20:48:59 - [MESSAGE][PASSED] - Call Test Case 'Test Cases/PFI Precision and Scale/PFI Components/MaxCharLengthValidation' successfully

2020-06-05 20:48:59 - [TEST_STEP][PASSED] - callTestCase(findTestCase("Components/SelectAllThenDelete"), ["tagToBeUsed":"*", "nameToBeUsed":"eotTypeCmb"], STOP_ON_FAILURE): Call Test Case 'Test Cases/Components/SelectAllThenDelete' successfully

2020-06-05 20:48:59 - [TEST_CASE][PASSED] - Test Cases/Components/SelectAllThenDelete: Test Cases/Components/SelectAllThenDelete

2020-06-05 20:48:59 - [TEST_STEP][PASSED] - Thread.sleep(1000): null

2020-06-05 20:49:00 - [TEST_STEP][PASSED] - firstModification = modifyObjectProperty(findTestObject("SendKey/object"), "tag", "equals", tagToBeUsed, false): Modify property of object successfully

2020-06-05 20:49:00 - [MESSAGE][PASSED] - Modify property of object successfully

2020-06-05 20:49:00 - [TEST_STEP][PASSED] - secondModification = modifyObjectProperty(firstModification, "name", "equals", nameToBeUsed, true): Modify property of object successfully

2020-06-05 20:49:00 - [MESSAGE][PASSED] - Modify property of object successfully

2020-06-05 20:49:00 - [TEST_STEP][PASSED] - sendKeys(secondModification, Keys.chord(CONTROL, "a")): Keys 'CONTROL + a' sent to object: 'Object Repository/SendKey/object'

2020-06-05 20:49:00 - [MESSAGE][PASSED] - Keys 'CONTROL + a' sent to object: 'Object Repository/SendKey/object'

2020-06-05 20:49:00 - [TEST_STEP][PASSED] - sendKeys(secondModification, Keys.chord(DELETE)): Keys 'DELETE + ' sent to object: 'Object Repository/SendKey/object'

2020-06-05 20:49:00 - [MESSAGE][PASSED] - Keys 'DELETE + ' sent to object: 'Object Repository/SendKey/object'

2020-06-05 20:49:00 - [MESSAGE][PASSED] - Call Test Case 'Test Cases/Components/SelectAllThenDelete' successfully

2020-06-05 20:49:00 - [TEST_STEP][PASSED] - callTestCase(findTestCase("Components/SelectAllThenDelete"), ["tagToBeUsed":"*", "nameToBeUsed":"eotFromDate"], STOP_ON_FAILURE): Call Test Case 'Test Cases/Components/SelectAllThenDelete' successfully

2020-06-05 20:49:01 - [TEST_CASE][PASSED] - Test Cases/Components/SelectAllThenDelete: Test Cases/Components/SelectAllThenDelete

2020-06-05 20:49:01 - [TEST_STEP][PASSED] - Thread.sleep(1000): null

2020-06-05 20:49:02 - [TEST_STEP][PASSED] - firstModification = modifyObjectProperty(findTestObject("SendKey/object"), "tag", "equals", tagToBeUsed, false): Modify property of object successfully

2020-06-05 20:49:02 - [MESSAGE][PASSED] - Modify property of object successfully

2020-06-05 20:49:02 - [TEST_STEP][PASSED] - secondModification = modifyObjectProperty(firstModification, "name", "equals", nameToBeUsed, true): Modify property of object successfully

2020-06-05 20:49:02 - [MESSAGE][PASSED] - Modify property of object successfully

2020-06-05 20:49:02 - [TEST_STEP][PASSED] - sendKeys(secondModification, Keys.chord(CONTROL, "a")): Keys 'CONTROL + a' sent to object: 'Object Repository/SendKey/object'

2020-06-05 20:49:02 - [MESSAGE][PASSED] - Keys 'CONTROL + a' sent to object: 'Object Repository/SendKey/object'

2020-06-05 20:49:02 - [TEST_STEP][PASSED] - sendKeys(secondModification, Keys.chord(DELETE)): Keys 'DELETE + ' sent to object: 'Object Repository/SendKey/object'

2020-06-05 20:49:02 - [MESSAGE][PASSED] - Keys 'DELETE + ' sent to object: 'Object Repository/SendKey/object'

2020-06-05 20:49:02 - [MESSAGE][PASSED] - Call Test Case 'Test Cases/Components/SelectAllThenDelete' successfully

2020-06-05 20:49:02 - [TEST_STEP][PASSED] - callTestCase(findTestCase("Components/SelectAllThenDelete"), ["tagToBeUsed":"*", "nameToBeUsed":"eotToDate"], STOP_ON_FAILURE): Call Test Case 'Test Cases/Components/SelectAllThenDelete' successfully

2020-06-05 20:49:02 - [TEST_CASE][PASSED] - Test Cases/Components/SelectAllThenDelete: Test Cases/Components/SelectAllThenDelete

2020-06-05 20:49:02 - [TEST_STEP][PASSED] - Thread.sleep(1000): null

2020-06-05 20:49:03 - [TEST_STEP][PASSED] - firstModification = modifyObjectProperty(findTestObject("SendKey/object"), "tag", "equals", tagToBeUsed, false): Modify property of object successfully

2020-06-05 20:49:03 - [MESSAGE][PASSED] - Modify property of object successfully

2020-06-05 20:49:03 - [TEST_STEP][PASSED] - secondModification = modifyObjectProperty(firstModification, "name", "equals", nameToBeUsed, true): Modify property of object successfully

2020-06-05 20:49:03 - [MESSAGE][PASSED] - Modify property of object successfully

2020-06-05 20:49:03 - [TEST_STEP][PASSED] - sendKeys(secondModification, Keys.chord(CONTROL, "a")): Keys 'CONTROL + a' sent to object: 'Object Repository/SendKey/object'

2020-06-05 20:49:03 - [MESSAGE][PASSED] - Keys 'CONTROL + a' sent to object: 'Object Repository/SendKey/object'

2020-06-05 20:49:03 - [TEST_STEP][PASSED] - sendKeys(secondModification, Keys.chord(DELETE)): Keys 'DELETE + ' sent to object: 'Object Repository/SendKey/object'

2020-06-05 20:49:03 - [MESSAGE][PASSED] - Keys 'DELETE + ' sent to object: 'Object Repository/SendKey/object'

2020-06-05 20:49:03 - [MESSAGE][PASSED] - Call Test Case 'Test Cases/Components/SelectAllThenDelete' successfully

2020-06-05 20:49:03 - [TEST_STEP][PASSED] - callTestCase(findTestCase("Components/SelectAllThenDelete"), ["tagToBeUsed":"*", "nameToBeUsed":"remarks"], STOP_ON_FAILURE): Call Test Case 'Test Cases/Components/SelectAllThenDelete' successfully

2020-06-05 20:49:03 - [TEST_CASE][PASSED] - Test Cases/Components/SelectAllThenDelete: Test Cases/Components/SelectAllThenDelete

2020-06-05 20:49:03 - [TEST_STEP][PASSED] - Thread.sleep(1000): null

2020-06-05 20:49:04 - [TEST_STEP][PASSED] - firstModification = modifyObjectProperty(findTestObject("SendKey/object"), "tag", "equals", tagToBeUsed, false): Modify property of object successfully

2020-06-05 20:49:04 - [MESSAGE][PASSED] - Modify property of object successfully

2020-06-05 20:49:04 - [TEST_STEP][PASSED] - secondModification = modifyObjectProperty(firstModification, "name", "equals", nameToBeUsed, true): Modify property of object successfully

2020-06-05 20:49:04 - [MESSAGE][PASSED] - Modify property of object successfully

2020-06-05 20:49:04 - [TEST_STEP][PASSED] - sendKeys(secondModification, Keys.chord(CONTROL, "a")): Keys 'CONTROL + a' sent to object: 'Object Repository/SendKey/object'

2020-06-05 20:49:04 - [MESSAGE][PASSED] - Keys 'CONTROL + a' sent to object: 'Object Repository/SendKey/object'

2020-06-05 20:49:04 - [TEST_STEP][PASSED] - sendKeys(secondModification, Keys.chord(DELETE)): Keys 'DELETE + ' sent to object: 'Object Repository/SendKey/object'

2020-06-05 20:49:04 - [MESSAGE][PASSED] - Keys 'DELETE + ' sent to object: 'Object Repository/SendKey/object'

2020-06-05 20:49:04 - [MESSAGE][PASSED] - Call Test Case 'Test Cases/Components/SelectAllThenDelete' successfully

2020-06-05 20:49:04 - [TEST_STEP][PASSED] - callTestCase(findTestCase("PFI Precision and Scale/PFI Components/RequiredFieldValidation"), ["nameToBeUsed":"eotTypeCmb"], STOP_ON_FAILURE): Call Test Case 'Test Cases/PFI Precision and Scale/PFI Components/RequiredFieldValidation' successfully

2020-06-05 20:49:04 - [TEST_CASE][PASSED] - Test Cases/PFI Precision and Scale/PFI Components/RequiredFieldValidation: Test Cases/PFI Precision and Scale/PFI Components/RequiredFieldValidation

2020-06-05 20:49:04 - [TEST_STEP][PASSED] - Thread.sleep(1000): null

2020-06-05 20:49:05 - [TEST_STEP][PASSED] - NewInputNmField = modifyObjectProperty(findTestObject("Objects.HighlightElements/input_field"), "name", "equals", nameToBeUsed, true): Modify property of object successfully

2020-06-05 20:49:05 - [MESSAGE][PASSED] - Modify property of object successfully

2020-06-05 20:49:05 - [TEST_STEP][PASSED] - mouseOver(NewInputNmField): Object: 'Object Repository/Objects.HighlightElements/input_field' is hovered

2020-06-05 20:49:05 - [MESSAGE][PASSED] - Object: 'Object Repository/Objects.HighlightElements/input_field' is hovered

2020-06-05 20:49:05 - [TEST_STEP][PASSED] - getRqErrMsg = getAttribute(NewInputNmField, "data-errorqtip"): Attribute 'data-errorqtip' of object 'Object Repository/Objects.HighlightElements/input_field' is: '<ul class="x-list-plain"><li>This field is required</li></ul>'

2020-06-05 20:49:05 - [MESSAGE][PASSED] - Attribute 'data-errorqtip' of object 'Object Repository/Objects.HighlightElements/input_field' is: '<ul class="x-list-plain"><li>This field is required</li></ul>'

2020-06-05 20:49:05 - [TEST_STEP][PASSED] - strToolTip = getRqErrMsg.substring(29, 61): null

2020-06-05 20:49:05 - [TEST_STEP][PASSED] - toolTipReqErrMsg = strToolTip.substring(0, 22): null

2020-06-05 20:49:05 - [TEST_STEP][PASSED] - verifyMatch(toolTipReqErrMsg, RqField, true): Actual text 'This field is required' and expected text 'This field is required' are matched  using regular expression

2020-06-05 20:49:05 - [MESSAGE][PASSED] - Actual text 'This field is required' and expected text 'This field is required' are matched  using regular expression

2020-06-05 20:49:05 - [MESSAGE][PASSED] - Call Test Case 'Test Cases/PFI Precision and Scale/PFI Components/RequiredFieldValidation' successfully

2020-06-05 20:49:05 - [TEST_STEP][PASSED] - callTestCase(findTestCase("PFI Precision and Scale/PFI Components/RequiredFieldValidation"), ["nameToBeUsed":"eotFromDate"], STOP_ON_FAILURE): Call Test Case 'Test Cases/PFI Precision and Scale/PFI Components/RequiredFieldValidation' successfully

2020-06-05 20:49:06 - [TEST_CASE][PASSED] - Test Cases/PFI Precision and Scale/PFI Components/RequiredFieldValidation: Test Cases/PFI Precision and Scale/PFI Components/RequiredFieldValidation

2020-06-05 20:49:06 - [TEST_STEP][PASSED] - Thread.sleep(1000): null

2020-06-05 20:49:07 - [TEST_STEP][PASSED] - NewInputNmField = modifyObjectProperty(findTestObject("Objects.HighlightElements/input_field"), "name", "equals", nameToBeUsed, true): Modify property of object successfully

2020-06-05 20:49:07 - [MESSAGE][PASSED] - Modify property of object successfully

2020-06-05 20:49:07 - [TEST_STEP][PASSED] - mouseOver(NewInputNmField): Object: 'Object Repository/Objects.HighlightElements/input_field' is hovered

2020-06-05 20:49:07 - [MESSAGE][PASSED] - Object: 'Object Repository/Objects.HighlightElements/input_field' is hovered

2020-06-05 20:49:07 - [TEST_STEP][PASSED] - getRqErrMsg = getAttribute(NewInputNmField, "data-errorqtip"): Attribute 'data-errorqtip' of object 'Object Repository/Objects.HighlightElements/input_field' is: '<ul class="x-list-plain"><li>This field is required</li></ul>'

2020-06-05 20:49:07 - [MESSAGE][PASSED] - Attribute 'data-errorqtip' of object 'Object Repository/Objects.HighlightElements/input_field' is: '<ul class="x-list-plain"><li>This field is required</li></ul>'

2020-06-05 20:49:07 - [TEST_STEP][PASSED] - strToolTip = getRqErrMsg.substring(29, 61): null

2020-06-05 20:49:07 - [TEST_STEP][PASSED] - toolTipReqErrMsg = strToolTip.substring(0, 22): null

2020-06-05 20:49:07 - [TEST_STEP][PASSED] - verifyMatch(toolTipReqErrMsg, RqField, true): Actual text 'This field is required' and expected text 'This field is required' are matched  using regular expression

2020-06-05 20:49:07 - [MESSAGE][PASSED] - Actual text 'This field is required' and expected text 'This field is required' are matched  using regular expression

2020-06-05 20:49:07 - [MESSAGE][PASSED] - Call Test Case 'Test Cases/PFI Precision and Scale/PFI Components/RequiredFieldValidation' successfully

2020-06-05 20:49:07 - [TEST_STEP][PASSED] - callTestCase(findTestCase("PFI Precision and Scale/PFI Components/RequiredFieldValidation"), ["nameToBeUsed":"eotToDate"], STOP_ON_FAILURE): Call Test Case 'Test Cases/PFI Precision and Scale/PFI Components/RequiredFieldValidation' successfully

2020-06-05 20:49:07 - [TEST_CASE][PASSED] - Test Cases/PFI Precision and Scale/PFI Components/RequiredFieldValidation: Test Cases/PFI Precision and Scale/PFI Components/RequiredFieldValidation

2020-06-05 20:49:07 - [TEST_STEP][PASSED] - Thread.sleep(1000): null

2020-06-05 20:49:08 - [TEST_STEP][PASSED] - NewInputNmField = modifyObjectProperty(findTestObject("Objects.HighlightElements/input_field"), "name", "equals", nameToBeUsed, true): Modify property of object successfully

2020-06-05 20:49:08 - [MESSAGE][PASSED] - Modify property of object successfully

2020-06-05 20:49:08 - [TEST_STEP][PASSED] - mouseOver(NewInputNmField): Object: 'Object Repository/Objects.HighlightElements/input_field' is hovered

2020-06-05 20:49:08 - [MESSAGE][PASSED] - Object: 'Object Repository/Objects.HighlightElements/input_field' is hovered

2020-06-05 20:49:08 - [TEST_STEP][PASSED] - getRqErrMsg = getAttribute(NewInputNmField, "data-errorqtip"): Attribute 'data-errorqtip' of object 'Object Repository/Objects.HighlightElements/input_field' is: '<ul class="x-list-plain"><li>This field is required</li></ul>'

2020-06-05 20:49:08 - [MESSAGE][PASSED] - Attribute 'data-errorqtip' of object 'Object Repository/Objects.HighlightElements/input_field' is: '<ul class="x-list-plain"><li>This field is required</li></ul>'

2020-06-05 20:49:08 - [TEST_STEP][PASSED] - strToolTip = getRqErrMsg.substring(29, 61): null

2020-06-05 20:49:08 - [TEST_STEP][PASSED] - toolTipReqErrMsg = strToolTip.substring(0, 22): null

2020-06-05 20:49:08 - [TEST_STEP][PASSED] - verifyMatch(toolTipReqErrMsg, RqField, true): Actual text 'This field is required' and expected text 'This field is required' are matched  using regular expression

2020-06-05 20:49:08 - [MESSAGE][PASSED] - Actual text 'This field is required' and expected text 'This field is required' are matched  using regular expression

2020-06-05 20:49:08 - [MESSAGE][PASSED] - Call Test Case 'Test Cases/PFI Precision and Scale/PFI Components/RequiredFieldValidation' successfully

2020-06-05 20:49:08 - [TEST_STEP][PASSED] - callTestCase(findTestCase("PFI Precision and Scale/PFI Components/RequiredFieldValidation"), ["nameToBeUsed":"remarks"], STOP_ON_FAILURE): Call Test Case 'Test Cases/PFI Precision and Scale/PFI Components/RequiredFieldValidation' successfully

2020-06-05 20:49:08 - [TEST_CASE][PASSED] - Test Cases/PFI Precision and Scale/PFI Components/RequiredFieldValidation: Test Cases/PFI Precision and Scale/PFI Components/RequiredFieldValidation

2020-06-05 20:49:08 - [TEST_STEP][PASSED] - Thread.sleep(1000): null

2020-06-05 20:49:09 - [TEST_STEP][PASSED] - NewInputNmField = modifyObjectProperty(findTestObject("Objects.HighlightElements/input_field"), "name", "equals", nameToBeUsed, true): Modify property of object successfully

2020-06-05 20:49:09 - [MESSAGE][PASSED] - Modify property of object successfully

2020-06-05 20:49:09 - [TEST_STEP][PASSED] - mouseOver(NewInputNmField): Object: 'Object Repository/Objects.HighlightElements/input_field' is hovered

2020-06-05 20:49:09 - [MESSAGE][PASSED] - Object: 'Object Repository/Objects.HighlightElements/input_field' is hovered

2020-06-05 20:49:09 - [TEST_STEP][PASSED] - getRqErrMsg = getAttribute(NewInputNmField, "data-errorqtip"): Attribute 'data-errorqtip' of object 'Object Repository/Objects.HighlightElements/input_field' is: '<ul class="x-list-plain"><li>This field is required</li></ul>'

2020-06-05 20:49:09 - [MESSAGE][PASSED] - Attribute 'data-errorqtip' of object 'Object Repository/Objects.HighlightElements/input_field' is: '<ul class="x-list-plain"><li>This field is required</li></ul>'

2020-06-05 20:49:09 - [TEST_STEP][PASSED] - strToolTip = getRqErrMsg.substring(29, 61): null

2020-06-05 20:49:09 - [TEST_STEP][PASSED] - toolTipReqErrMsg = strToolTip.substring(0, 22): null

2020-06-05 20:49:09 - [TEST_STEP][PASSED] - verifyMatch(toolTipReqErrMsg, RqField, true): Actual text 'This field is required' and expected text 'This field is required' are matched  using regular expression

2020-06-05 20:49:09 - [MESSAGE][PASSED] - Actual text 'This field is required' and expected text 'This field is required' are matched  using regular expression

2020-06-05 20:49:09 - [MESSAGE][PASSED] - Call Test Case 'Test Cases/PFI Precision and Scale/PFI Components/RequiredFieldValidation' successfully

2020-06-05 20:49:09 - [TEST_STEP][NOT_RUN] - callTestCase(findTestCase("Components/Logout"), ["LogoutPageTextToBeVerified":findTestData("Datatable").getValue("HomeBanner", 1)], STOP_ON_FAILURE): NOT_RUN: callTestCase(findTestCase("Components/Logout"), ["LogoutPageTextToBeVerified":findTestData("Datatable").getValue("HomeBanner", 1)], STOP_ON_FAILURE)

2020-06-05 20:49:09 - [MESSAGE][NOT_RUN] - NOT_RUN: callTestCase(findTestCase("Components/Logout"), ["LogoutPageTextToBeVerified":findTestData("Datatable").getValue("HomeBanner", 1)], STOP_ON_FAILURE)]]></system-out>
         <system-err><![CDATA[]]></system-err>
      </testcase>
      <testcase name="Test Cases/PFI Precision and Scale/PFI Test Cases/Process Case (PFI)/PFI.PELHS" time="196.508" classname="Test Cases/PFI Precision and Scale/PFI Test Cases/Process Case (PFI)/PFI.PELHS" status="PASSED">
         <system-out><![CDATA[2020-06-05 20:49:09 - [TEST_CASE][PASSED] - Test Cases/PFI Precision and Scale/PFI Test Cases/Process Case (PFI)/PFI.PELHS: Test Cases/PFI Precision and Scale/PFI Test Cases/Process Case (PFI)/PFI.PELHS

2020-06-05 20:49:10 - [TEST_STEP][NOT_RUN] - callTestCase(findTestCase("Components/LoginV2.0"), ["LinkToBeUsed":findTestData("Datatable").getValue("URL", 16), "LoginPageTextToBeVerified":findTestData("Datatable").getValue("HomeBanner", 2), ... ], STOP_ON_FAILURE): NOT_RUN: callTestCase(findTestCase("Components/LoginV2.0"), ["LinkToBeUsed":findTestData("Datatable").getValue("URL", 16), "LoginPageTextToBeVerified":findTestData("Datatable").getValue("HomeBanner", 2), ... ], STOP_ON_FAILURE)

2020-06-05 20:49:10 - [MESSAGE][NOT_RUN] - NOT_RUN: callTestCase(findTestCase("Components/LoginV2.0"), ["LinkToBeUsed":findTestData("Datatable").getValue("URL", 16), "LoginPageTextToBeVerified":findTestData("Datatable").getValue("HomeBanner", 2), ... ], STOP_ON_FAILURE)

2020-06-05 20:49:10 - [TEST_STEP][NOT_RUN] - callTestCase(findTestCase("Components/Filter"), ["taskDescription":"Process Case (SM)"], STOP_ON_FAILURE): NOT_RUN: callTestCase(findTestCase("Components/Filter"), ["taskDescription":"Process Case (SM)"], STOP_ON_FAILURE)

2020-06-05 20:49:10 - [MESSAGE][NOT_RUN] - NOT_RUN: callTestCase(findTestCase("Components/Filter"), ["taskDescription":"Process Case (SM)"], STOP_ON_FAILURE)

2020-06-05 20:49:10 - [TEST_STEP][NOT_RUN] - callTestCase(findTestCase("Components/ClickLinkDependingOnTextAndIndex"), ["linkName":"Process Case (SM)", "index":"5"], STOP_ON_FAILURE): NOT_RUN: callTestCase(findTestCase("Components/ClickLinkDependingOnTextAndIndex"), ["linkName":"Process Case (SM)", "index":"5"], STOP_ON_FAILURE)

2020-06-05 20:49:10 - [MESSAGE][NOT_RUN] - NOT_RUN: callTestCase(findTestCase("Components/ClickLinkDependingOnTextAndIndex"), ["linkName":"Process Case (SM)", "index":"5"], STOP_ON_FAILURE)

2020-06-05 20:49:10 - [TEST_STEP][PASSED] - callTestCase(findTestCase("Components/NavigateToAnyLHS"), ["LHS":"PE"], STOP_ON_FAILURE): Call Test Case 'Test Cases/Components/NavigateToAnyLHS' successfully

2020-06-05 20:49:10 - [TEST_CASE][PASSED] - Test Cases/Components/NavigateToAnyLHS: Test Cases/Components/NavigateToAnyLHS

2020-06-05 20:49:10 - [TEST_STEP][PASSED] - Thread.sleep(1000): null

2020-06-05 20:49:11 - [TEST_STEP][PASSED] - modifiedLHS = modifyObjectProperty(findTestObject("Objects.NavigateToAnyLHS/Page_ISPS2/LHSToModify"), "text", "equals", LHS, true): Modify property of object successfully

2020-06-05 20:49:11 - [MESSAGE][PASSED] - Modify property of object successfully

2020-06-05 20:49:11 - [TEST_STEP][PASSED] - click(modifiedLHS): Object: 'Object Repository/Objects.NavigateToAnyLHS/Page_ISPS2/LHSToModify' is clicked on

2020-06-05 20:49:11 - [MESSAGE][PASSED] - Object: 'Object Repository/Objects.NavigateToAnyLHS/Page_ISPS2/LHSToModify' is clicked on

2020-06-05 20:49:11 - [TEST_STEP][PASSED] - currentLHS = getText(modifiedLHS): Text of object 'Object Repository/Objects.NavigateToAnyLHS/Page_ISPS2/LHSToModify' is: 'PE'

2020-06-05 20:49:11 - [MESSAGE][PASSED] - Text of object 'Object Repository/Objects.NavigateToAnyLHS/Page_ISPS2/LHSToModify' is: 'PE'

2020-06-05 20:49:11 - [TEST_STEP][PASSED] - Thread.sleep(5000): null

2020-06-05 20:49:16 - [MESSAGE][PASSED] - Call Test Case 'Test Cases/Components/NavigateToAnyLHS' successfully

2020-06-05 20:49:16 - [TEST_STEP][PASSED] - callTestCase(findTestCase("Components/VerifyPageSuccessfullyLoadedII"), ["PageNm":"PE"], STOP_ON_FAILURE): Call Test Case 'Test Cases/Components/VerifyPageSuccessfullyLoadedII' successfully

2020-06-05 20:49:16 - [TEST_CASE][PASSED] - Test Cases/Components/VerifyPageSuccessfullyLoadedII: Test Cases/Components/VerifyPageSuccessfullyLoadedII

2020-06-05 20:49:16 - [TEST_STEP][PASSED] - waitForPageLoad(5): Wait for page load successfully

2020-06-05 20:49:16 - [MESSAGE][PASSED] - Wait for page load successfully

2020-06-05 20:49:16 - [TEST_STEP][PASSED] - modifiedInputFld = modifyObjectProperty(findTestObject("Object Repository/Objects.VerifyPageSuccessfullyLoaded/PageHeaderIndex"), "xpath", "equals", "//*[contains(@class,'isps-page-title') and (text()='" + PageNm + "')]", true): Modify property of object successfully

2020-06-05 20:49:16 - [MESSAGE][PASSED] - Modify property of object successfully

2020-06-05 20:49:16 - [TEST_STEP][PASSED] - com.reusableComponents.HighlightElement.run(modifiedInputFld): com.reusableComponents.HighlightElement.run is PASSED

2020-06-05 20:49:16 - [MESSAGE][PASSED] - com.reusableComponents.HighlightElement.run is PASSED

2020-06-05 20:49:16 - [MESSAGE][PASSED] - Call Test Case 'Test Cases/Components/VerifyPageSuccessfullyLoadedII' successfully

2020-06-05 20:49:16 - [TEST_STEP][PASSED] - callTestCase(findTestCase("Components/DoubleClickToEnable"), ["HeaderCellName":"Registration No", "index":2], STOP_ON_FAILURE): Call Test Case 'Test Cases/Components/DoubleClickToEnable' successfully

2020-06-05 20:49:16 - [TEST_CASE][PASSED] - Test Cases/Components/DoubleClickToEnable: Test Cases/Components/DoubleClickToEnable

2020-06-05 20:49:17 - [TEST_STEP][PASSED] - Thread.sleep(1000): null

2020-06-05 20:49:18 - [TEST_STEP][PASSED] - modifiedInputField = modifyObjectProperty(findTestObject("Object Repository/Objects.HighlightElements/input_field_index"), "xpath", "equals", "//*[text()='" + HeaderCellName + "']//following::td[" + index + "]", true): Modify property of object successfully

2020-06-05 20:49:18 - [MESSAGE][PASSED] - Modify property of object successfully

2020-06-05 20:49:18 - [TEST_STEP][PASSED] - doubleClick(modifiedInputField): Object: 'Object Repository/Objects.HighlightElements/input_field_index' is double clicked on

2020-06-05 20:49:18 - [MESSAGE][PASSED] - Object: 'Object Repository/Objects.HighlightElements/input_field_index' is double clicked on

2020-06-05 20:49:18 - [MESSAGE][PASSED] - Call Test Case 'Test Cases/Components/DoubleClickToEnable' successfully

2020-06-05 20:49:18 - [TEST_STEP][PASSED] - callTestCase(findTestCase("Components/HighlightInputField"), ["InputFldName":"peRegNo"], STOP_ON_FAILURE): Call Test Case 'Test Cases/Components/HighlightInputField' successfully

2020-06-05 20:49:18 - [TEST_CASE][PASSED] - Test Cases/Components/HighlightInputField: Test Cases/Components/HighlightInputField

2020-06-05 20:49:18 - [TEST_STEP][PASSED] - Thread.sleep(1000): null

2020-06-05 20:49:19 - [TEST_STEP][PASSED] - modifiedLblNm = modifyObjectProperty(findTestObject("Objects.HighlightElements/input_field"), "name", "equals", InputFldName, true): Modify property of object successfully

2020-06-05 20:49:19 - [MESSAGE][PASSED] - Modify property of object successfully

2020-06-05 20:49:19 - [TEST_STEP][PASSED] - com.reusableComponents.HighlightElement.run(modifiedLblNm): com.reusableComponents.HighlightElement.run is PASSED

2020-06-05 20:49:19 - [MESSAGE][PASSED] - com.reusableComponents.HighlightElement.run is PASSED

2020-06-05 20:49:19 - [MESSAGE][PASSED] - Call Test Case 'Test Cases/Components/HighlightInputField' successfully

2020-06-05 20:49:19 - [TEST_STEP][PASSED] - callTestCase(findTestCase("Components/SelectAllThenDelete"), ["tagToBeUsed":"*", "nameToBeUsed":"peRegNo"], STOP_ON_FAILURE): Call Test Case 'Test Cases/Components/SelectAllThenDelete' successfully

2020-06-05 20:49:19 - [TEST_CASE][PASSED] - Test Cases/Components/SelectAllThenDelete: Test Cases/Components/SelectAllThenDelete

2020-06-05 20:49:19 - [TEST_STEP][PASSED] - Thread.sleep(1000): null

2020-06-05 20:49:20 - [TEST_STEP][PASSED] - firstModification = modifyObjectProperty(findTestObject("SendKey/object"), "tag", "equals", tagToBeUsed, false): Modify property of object successfully

2020-06-05 20:49:20 - [MESSAGE][PASSED] - Modify property of object successfully

2020-06-05 20:49:20 - [TEST_STEP][PASSED] - secondModification = modifyObjectProperty(firstModification, "name", "equals", nameToBeUsed, true): Modify property of object successfully

2020-06-05 20:49:20 - [MESSAGE][PASSED] - Modify property of object successfully

2020-06-05 20:49:20 - [TEST_STEP][PASSED] - sendKeys(secondModification, Keys.chord(CONTROL, "a")): Keys 'CONTROL + a' sent to object: 'Object Repository/SendKey/object'

2020-06-05 20:49:21 - [MESSAGE][PASSED] - Keys 'CONTROL + a' sent to object: 'Object Repository/SendKey/object'

2020-06-05 20:49:21 - [TEST_STEP][PASSED] - sendKeys(secondModification, Keys.chord(DELETE)): Keys 'DELETE + ' sent to object: 'Object Repository/SendKey/object'

2020-06-05 20:49:21 - [MESSAGE][PASSED] - Keys 'DELETE + ' sent to object: 'Object Repository/SendKey/object'

2020-06-05 20:49:21 - [MESSAGE][PASSED] - Call Test Case 'Test Cases/Components/SelectAllThenDelete' successfully

2020-06-05 20:49:21 - [TEST_STEP][PASSED] - callTestCase(findTestCase("PFI Precision and Scale/PFI Components/VerifyDropdownValues"), ["FldNm":"peRegNo", "CallTCName":"PFI Precision and Scale/HashMap Tables/PELists", "cmbNm":"PENo", "NoOfVal":10, "DelayTime":8, ... ], STOP_ON_FAILURE): Call Test Case 'Test Cases/PFI Precision and Scale/PFI Components/VerifyDropdownValues' successfully

2020-06-05 20:49:21 - [TEST_CASE][PASSED] - Test Cases/PFI Precision and Scale/PFI Components/VerifyDropdownValues: Test Cases/PFI Precision and Scale/PFI Components/VerifyDropdownValues

2020-06-05 20:49:21 - [TEST_STEP][PASSED] - Thread.sleep(1000): null

2020-06-05 20:49:22 - [TEST_STEP][PASSED] - NewInputNmField = modifyObjectProperty(findTestObject("Objects.HighlightElements/input_field"), "name", "equals", FldNm, true): Modify property of object successfully

2020-06-05 20:49:22 - [MESSAGE][PASSED] - Modify property of object successfully

2020-06-05 20:49:22 - [TEST_STEP][PASSED] - comboNm = cmbNm: null

2020-06-05 20:49:22 - [TEST_STEP][PASSED] - focus(NewInputNmField): Object: 'Object Repository/Objects.HighlightElements/input_field' is focused

2020-06-05 20:49:22 - [MESSAGE][PASSED] - Object: 'Object Repository/Objects.HighlightElements/input_field' is focused

2020-06-05 20:49:22 - [TEST_STEP][PASSED] - setText(NewInputNmField, EnterValue): Text '00' is set on object 'Object Repository/Objects.HighlightElements/input_field'

2020-06-05 20:49:22 - [MESSAGE][PASSED] - Text '00' is set on object 'Object Repository/Objects.HighlightElements/input_field'

2020-06-05 20:49:22 - [TEST_STEP][PASSED] - for ([i = 1, i <= NoOfVal, (i++)]): Keys 'DOWN + ' sent to object: 'Object Repository/Objects.HighlightElements/input_field'

2020-06-05 20:49:22 - [TEST_STEP][PASSED] - sendKeys(NewInputNmField, Keys.chord(ARROW_DOWN)): Keys 'DOWN + ' sent to object: 'Object Repository/Objects.HighlightElements/input_field'

2020-06-05 20:49:22 - [MESSAGE][PASSED] - Keys 'DOWN + ' sent to object: 'Object Repository/Objects.HighlightElements/input_field'

2020-06-05 20:49:22 - [TEST_STEP][PASSED] - delay(DelayTime): Delayed 8 second(s)

2020-06-05 20:49:30 - [MESSAGE][PASSED] - Delayed 8 second(s)

2020-06-05 20:49:30 - [TEST_STEP][PASSED] - sendKeys(NewInputNmField, Keys.chord(ENTER)): Keys 'ENTER + ' sent to object: 'Object Repository/Objects.HighlightElements/input_field'

2020-06-05 20:49:30 - [MESSAGE][PASSED] - Keys 'ENTER + ' sent to object: 'Object Repository/Objects.HighlightElements/input_field'

2020-06-05 20:49:30 - [TEST_STEP][PASSED] - ComboBoxValue = getAttribute(NewInputNmField, "value"): Attribute 'value' of object 'Object Repository/Objects.HighlightElements/input_field' is: '0017'

2020-06-05 20:49:30 - [MESSAGE][PASSED] - Attribute 'value' of object 'Object Repository/Objects.HighlightElements/input_field' is: '0017'

2020-06-05 20:49:30 - [TEST_STEP][PASSED] - callTestCase(findTestCase(CallTCName), ["FindValue":ComboBoxValue, "DropdownNm":comboNm], STOP_ON_FAILURE): Call Test Case 'Test Cases/PFI Precision and Scale/HashMap Tables/PELists' successfully

2020-06-05 20:49:30 - [TEST_CASE][PASSED] - Test Cases/PFI Precision and Scale/HashMap Tables/PELists: Test Cases/PFI Precision and Scale/HashMap Tables/PELists

2020-06-05 20:49:30 - [TEST_STEP][PASSED] - Thread.sleep(1000): null

2020-06-05 20:49:31 - [TEST_STEP][PASSED] - PEListsTBL = ["0011":"QP-Formatted Address", "0012":"QP-0012", "0014":"QP-0014", "0015":"QP-0015", "0016":"QP-0016", "3214":"Dummy QP Name 3861", ... ]: null

2020-06-05 20:49:31 - [TEST_STEP][PASSED] - switch (DropdownNm): null

2020-06-05 20:49:31 - [TEST_STEP][PASSED] - case "PENo":: null

2020-06-05 20:49:31 - [TEST_STEP][PASSED] - ValueFound = FindValue + " (" + get(FindValue).toString() + ")": null

2020-06-05 20:49:31 - [TEST_STEP][PASSED] - break: null

2020-06-05 20:49:31 - [MESSAGE][PASSED] - Call Test Case 'Test Cases/PFI Precision and Scale/HashMap Tables/PELists' successfully

2020-06-05 20:49:31 - [TEST_STEP][PASSED] - println(ValueFound): null

2020-06-05 20:49:31 - [TEST_STEP][PASSED] - sendKeys(NewInputNmField, Keys.chord(ARROW_DOWN)): Keys 'DOWN + ' sent to object: 'Object Repository/Objects.HighlightElements/input_field'

2020-06-05 20:49:31 - [MESSAGE][PASSED] - Keys 'DOWN + ' sent to object: 'Object Repository/Objects.HighlightElements/input_field'

2020-06-05 20:49:31 - [TEST_STEP][PASSED] - sendKeys(NewInputNmField, Keys.chord(ARROW_DOWN)): Keys 'DOWN + ' sent to object: 'Object Repository/Objects.HighlightElements/input_field'

2020-06-05 20:49:31 - [MESSAGE][PASSED] - Keys 'DOWN + ' sent to object: 'Object Repository/Objects.HighlightElements/input_field'

2020-06-05 20:49:31 - [TEST_STEP][PASSED] - delay(DelayTime): Delayed 8 second(s)

2020-06-05 20:49:39 - [MESSAGE][PASSED] - Delayed 8 second(s)

2020-06-05 20:49:39 - [TEST_STEP][PASSED] - sendKeys(NewInputNmField, Keys.chord(ENTER)): Keys 'ENTER + ' sent to object: 'Object Repository/Objects.HighlightElements/input_field'

2020-06-05 20:49:39 - [MESSAGE][PASSED] - Keys 'ENTER + ' sent to object: 'Object Repository/Objects.HighlightElements/input_field'

2020-06-05 20:49:39 - [TEST_STEP][PASSED] - ComboBoxValue = getAttribute(NewInputNmField, "value"): Attribute 'value' of object 'Object Repository/Objects.HighlightElements/input_field' is: '1123'

2020-06-05 20:49:39 - [MESSAGE][PASSED] - Attribute 'value' of object 'Object Repository/Objects.HighlightElements/input_field' is: '1123'

2020-06-05 20:49:39 - [TEST_STEP][PASSED] - callTestCase(findTestCase(CallTCName), ["FindValue":ComboBoxValue, "DropdownNm":comboNm], STOP_ON_FAILURE): Call Test Case 'Test Cases/PFI Precision and Scale/HashMap Tables/PELists' successfully

2020-06-05 20:49:39 - [TEST_CASE][PASSED] - Test Cases/PFI Precision and Scale/HashMap Tables/PELists: Test Cases/PFI Precision and Scale/HashMap Tables/PELists

2020-06-05 20:49:39 - [TEST_STEP][PASSED] - Thread.sleep(1000): null

2020-06-05 20:49:40 - [TEST_STEP][PASSED] - PEListsTBL = ["0011":"QP-Formatted Address", "0012":"QP-0012", "0014":"QP-0014", "0015":"QP-0015", "0016":"QP-0016", "3214":"Dummy QP Name 3861", ... ]: null

2020-06-05 20:49:40 - [TEST_STEP][PASSED] - switch (DropdownNm): null

2020-06-05 20:49:40 - [TEST_STEP][PASSED] - case "PENo":: null

2020-06-05 20:49:40 - [TEST_STEP][PASSED] - ValueFound = FindValue + " (" + get(FindValue).toString() + ")": null

2020-06-05 20:49:40 - [TEST_STEP][PASSED] - break: null

2020-06-05 20:49:40 - [MESSAGE][PASSED] - Call Test Case 'Test Cases/PFI Precision and Scale/HashMap Tables/PELists' successfully

2020-06-05 20:49:40 - [TEST_STEP][PASSED] - println(ValueFound): null

2020-06-05 20:49:40 - [TEST_STEP][PASSED] - sendKeys(NewInputNmField, Keys.chord(ARROW_DOWN)): Keys 'DOWN + ' sent to object: 'Object Repository/Objects.HighlightElements/input_field'

2020-06-05 20:49:40 - [MESSAGE][PASSED] - Keys 'DOWN + ' sent to object: 'Object Repository/Objects.HighlightElements/input_field'

2020-06-05 20:49:40 - [TEST_STEP][PASSED] - sendKeys(NewInputNmField, Keys.chord(ARROW_DOWN)): Keys 'DOWN + ' sent to object: 'Object Repository/Objects.HighlightElements/input_field'

2020-06-05 20:49:41 - [MESSAGE][PASSED] - Keys 'DOWN + ' sent to object: 'Object Repository/Objects.HighlightElements/input_field'

2020-06-05 20:49:41 - [TEST_STEP][PASSED] - delay(DelayTime): Delayed 8 second(s)

2020-06-05 20:49:49 - [MESSAGE][PASSED] - Delayed 8 second(s)

2020-06-05 20:49:49 - [TEST_STEP][PASSED] - sendKeys(NewInputNmField, Keys.chord(ENTER)): Keys 'ENTER + ' sent to object: 'Object Repository/Objects.HighlightElements/input_field'

2020-06-05 20:49:49 - [MESSAGE][PASSED] - Keys 'ENTER + ' sent to object: 'Object Repository/Objects.HighlightElements/input_field'

2020-06-05 20:49:49 - [TEST_STEP][PASSED] - ComboBoxValue = getAttribute(NewInputNmField, "value"): Attribute 'value' of object 'Object Repository/Objects.HighlightElements/input_field' is: '0017'

2020-06-05 20:49:49 - [MESSAGE][PASSED] - Attribute 'value' of object 'Object Repository/Objects.HighlightElements/input_field' is: '0017'

2020-06-05 20:49:49 - [TEST_STEP][PASSED] - callTestCase(findTestCase(CallTCName), ["FindValue":ComboBoxValue, "DropdownNm":comboNm], STOP_ON_FAILURE): Call Test Case 'Test Cases/PFI Precision and Scale/HashMap Tables/PELists' successfully

2020-06-05 20:49:49 - [TEST_CASE][PASSED] - Test Cases/PFI Precision and Scale/HashMap Tables/PELists: Test Cases/PFI Precision and Scale/HashMap Tables/PELists

2020-06-05 20:49:49 - [TEST_STEP][PASSED] - Thread.sleep(1000): null

2020-06-05 20:49:50 - [TEST_STEP][PASSED] - PEListsTBL = ["0011":"QP-Formatted Address", "0012":"QP-0012", "0014":"QP-0014", "0015":"QP-0015", "0016":"QP-0016", "3214":"Dummy QP Name 3861", ... ]: null

2020-06-05 20:49:50 - [TEST_STEP][PASSED] - switch (DropdownNm): null

2020-06-05 20:49:50 - [TEST_STEP][PASSED] - case "PENo":: null

2020-06-05 20:49:50 - [TEST_STEP][PASSED] - ValueFound = FindValue + " (" + get(FindValue).toString() + ")": null

2020-06-05 20:49:50 - [TEST_STEP][PASSED] - break: null

2020-06-05 20:49:50 - [MESSAGE][PASSED] - Call Test Case 'Test Cases/PFI Precision and Scale/HashMap Tables/PELists' successfully

2020-06-05 20:49:50 - [TEST_STEP][PASSED] - println(ValueFound): null

2020-06-05 20:49:50 - [TEST_STEP][PASSED] - sendKeys(NewInputNmField, Keys.chord(ARROW_DOWN)): Keys 'DOWN + ' sent to object: 'Object Repository/Objects.HighlightElements/input_field'

2020-06-05 20:49:50 - [MESSAGE][PASSED] - Keys 'DOWN + ' sent to object: 'Object Repository/Objects.HighlightElements/input_field'

2020-06-05 20:49:50 - [TEST_STEP][PASSED] - sendKeys(NewInputNmField, Keys.chord(ARROW_DOWN)): Keys 'DOWN + ' sent to object: 'Object Repository/Objects.HighlightElements/input_field'

2020-06-05 20:49:50 - [MESSAGE][PASSED] - Keys 'DOWN + ' sent to object: 'Object Repository/Objects.HighlightElements/input_field'

2020-06-05 20:49:50 - [TEST_STEP][PASSED] - delay(DelayTime): Delayed 8 second(s)

2020-06-05 20:49:58 - [MESSAGE][PASSED] - Delayed 8 second(s)

2020-06-05 20:49:58 - [TEST_STEP][PASSED] - sendKeys(NewInputNmField, Keys.chord(ENTER)): Keys 'ENTER + ' sent to object: 'Object Repository/Objects.HighlightElements/input_field'

2020-06-05 20:49:58 - [MESSAGE][PASSED] - Keys 'ENTER + ' sent to object: 'Object Repository/Objects.HighlightElements/input_field'

2020-06-05 20:49:58 - [TEST_STEP][PASSED] - ComboBoxValue = getAttribute(NewInputNmField, "value"): Attribute 'value' of object 'Object Repository/Objects.HighlightElements/input_field' is: '0017'

2020-06-05 20:49:58 - [MESSAGE][PASSED] - Attribute 'value' of object 'Object Repository/Objects.HighlightElements/input_field' is: '0017'

2020-06-05 20:49:58 - [TEST_STEP][PASSED] - callTestCase(findTestCase(CallTCName), ["FindValue":ComboBoxValue, "DropdownNm":comboNm], STOP_ON_FAILURE): Call Test Case 'Test Cases/PFI Precision and Scale/HashMap Tables/PELists' successfully

2020-06-05 20:49:58 - [TEST_CASE][PASSED] - Test Cases/PFI Precision and Scale/HashMap Tables/PELists: Test Cases/PFI Precision and Scale/HashMap Tables/PELists

2020-06-05 20:49:58 - [TEST_STEP][PASSED] - Thread.sleep(1000): null

2020-06-05 20:49:59 - [TEST_STEP][PASSED] - PEListsTBL = ["0011":"QP-Formatted Address", "0012":"QP-0012", "0014":"QP-0014", "0015":"QP-0015", "0016":"QP-0016", "3214":"Dummy QP Name 3861", ... ]: null

2020-06-05 20:49:59 - [TEST_STEP][PASSED] - switch (DropdownNm): null

2020-06-05 20:49:59 - [TEST_STEP][PASSED] - case "PENo":: null

2020-06-05 20:49:59 - [TEST_STEP][PASSED] - ValueFound = FindValue + " (" + get(FindValue).toString() + ")": null

2020-06-05 20:49:59 - [TEST_STEP][PASSED] - break: null

2020-06-05 20:49:59 - [MESSAGE][PASSED] - Call Test Case 'Test Cases/PFI Precision and Scale/HashMap Tables/PELists' successfully

2020-06-05 20:49:59 - [TEST_STEP][PASSED] - println(ValueFound): null

2020-06-05 20:49:59 - [TEST_STEP][PASSED] - sendKeys(NewInputNmField, Keys.chord(ARROW_DOWN)): Keys 'DOWN + ' sent to object: 'Object Repository/Objects.HighlightElements/input_field'

2020-06-05 20:49:59 - [MESSAGE][PASSED] - Keys 'DOWN + ' sent to object: 'Object Repository/Objects.HighlightElements/input_field'

2020-06-05 20:49:59 - [TEST_STEP][PASSED] - sendKeys(NewInputNmField, Keys.chord(ARROW_DOWN)): Keys 'DOWN + ' sent to object: 'Object Repository/Objects.HighlightElements/input_field'

2020-06-05 20:49:59 - [MESSAGE][PASSED] - Keys 'DOWN + ' sent to object: 'Object Repository/Objects.HighlightElements/input_field'

2020-06-05 20:49:59 - [TEST_STEP][PASSED] - delay(DelayTime): Delayed 8 second(s)

2020-06-05 20:50:07 - [MESSAGE][PASSED] - Delayed 8 second(s)

2020-06-05 20:50:07 - [TEST_STEP][PASSED] - sendKeys(NewInputNmField, Keys.chord(ENTER)): Keys 'ENTER + ' sent to object: 'Object Repository/Objects.HighlightElements/input_field'

2020-06-05 20:50:07 - [MESSAGE][PASSED] - Keys 'ENTER + ' sent to object: 'Object Repository/Objects.HighlightElements/input_field'

2020-06-05 20:50:07 - [TEST_STEP][PASSED] - ComboBoxValue = getAttribute(NewInputNmField, "value"): Attribute 'value' of object 'Object Repository/Objects.HighlightElements/input_field' is: '0017'

2020-06-05 20:50:07 - [MESSAGE][PASSED] - Attribute 'value' of object 'Object Repository/Objects.HighlightElements/input_field' is: '0017'

2020-06-05 20:50:07 - [TEST_STEP][PASSED] - callTestCase(findTestCase(CallTCName), ["FindValue":ComboBoxValue, "DropdownNm":comboNm], STOP_ON_FAILURE): Call Test Case 'Test Cases/PFI Precision and Scale/HashMap Tables/PELists' successfully

2020-06-05 20:50:07 - [TEST_CASE][PASSED] - Test Cases/PFI Precision and Scale/HashMap Tables/PELists: Test Cases/PFI Precision and Scale/HashMap Tables/PELists

2020-06-05 20:50:07 - [TEST_STEP][PASSED] - Thread.sleep(1000): null

2020-06-05 20:50:08 - [TEST_STEP][PASSED] - PEListsTBL = ["0011":"QP-Formatted Address", "0012":"QP-0012", "0014":"QP-0014", "0015":"QP-0015", "0016":"QP-0016", "3214":"Dummy QP Name 3861", ... ]: null

2020-06-05 20:50:08 - [TEST_STEP][PASSED] - switch (DropdownNm): null

2020-06-05 20:50:08 - [TEST_STEP][PASSED] - case "PENo":: null

2020-06-05 20:50:08 - [TEST_STEP][PASSED] - ValueFound = FindValue + " (" + get(FindValue).toString() + ")": null

2020-06-05 20:50:08 - [TEST_STEP][PASSED] - break: null

2020-06-05 20:50:08 - [MESSAGE][PASSED] - Call Test Case 'Test Cases/PFI Precision and Scale/HashMap Tables/PELists' successfully

2020-06-05 20:50:08 - [TEST_STEP][PASSED] - println(ValueFound): null

2020-06-05 20:50:08 - [TEST_STEP][PASSED] - sendKeys(NewInputNmField, Keys.chord(ARROW_DOWN)): Keys 'DOWN + ' sent to object: 'Object Repository/Objects.HighlightElements/input_field'

2020-06-05 20:50:08 - [MESSAGE][PASSED] - Keys 'DOWN + ' sent to object: 'Object Repository/Objects.HighlightElements/input_field'

2020-06-05 20:50:08 - [TEST_STEP][PASSED] - sendKeys(NewInputNmField, Keys.chord(ARROW_DOWN)): Keys 'DOWN + ' sent to object: 'Object Repository/Objects.HighlightElements/input_field'

2020-06-05 20:50:08 - [MESSAGE][PASSED] - Keys 'DOWN + ' sent to object: 'Object Repository/Objects.HighlightElements/input_field'

2020-06-05 20:50:08 - [TEST_STEP][PASSED] - delay(DelayTime): Delayed 8 second(s)

2020-06-05 20:50:16 - [MESSAGE][PASSED] - Delayed 8 second(s)

2020-06-05 20:50:16 - [TEST_STEP][PASSED] - sendKeys(NewInputNmField, Keys.chord(ENTER)): Keys 'ENTER + ' sent to object: 'Object Repository/Objects.HighlightElements/input_field'

2020-06-05 20:50:16 - [MESSAGE][PASSED] - Keys 'ENTER + ' sent to object: 'Object Repository/Objects.HighlightElements/input_field'

2020-06-05 20:50:16 - [TEST_STEP][PASSED] - ComboBoxValue = getAttribute(NewInputNmField, "value"): Attribute 'value' of object 'Object Repository/Objects.HighlightElements/input_field' is: '0017'

2020-06-05 20:50:16 - [MESSAGE][PASSED] - Attribute 'value' of object 'Object Repository/Objects.HighlightElements/input_field' is: '0017'

2020-06-05 20:50:16 - [TEST_STEP][PASSED] - callTestCase(findTestCase(CallTCName), ["FindValue":ComboBoxValue, "DropdownNm":comboNm], STOP_ON_FAILURE): Call Test Case 'Test Cases/PFI Precision and Scale/HashMap Tables/PELists' successfully

2020-06-05 20:50:16 - [TEST_CASE][PASSED] - Test Cases/PFI Precision and Scale/HashMap Tables/PELists: Test Cases/PFI Precision and Scale/HashMap Tables/PELists

2020-06-05 20:50:16 - [TEST_STEP][PASSED] - Thread.sleep(1000): null

2020-06-05 20:50:17 - [TEST_STEP][PASSED] - PEListsTBL = ["0011":"QP-Formatted Address", "0012":"QP-0012", "0014":"QP-0014", "0015":"QP-0015", "0016":"QP-0016", "3214":"Dummy QP Name 3861", ... ]: null

2020-06-05 20:50:17 - [TEST_STEP][PASSED] - switch (DropdownNm): null

2020-06-05 20:50:17 - [TEST_STEP][PASSED] - case "PENo":: null

2020-06-05 20:50:17 - [TEST_STEP][PASSED] - ValueFound = FindValue + " (" + get(FindValue).toString() + ")": null

2020-06-05 20:50:17 - [TEST_STEP][PASSED] - break: null

2020-06-05 20:50:17 - [MESSAGE][PASSED] - Call Test Case 'Test Cases/PFI Precision and Scale/HashMap Tables/PELists' successfully

2020-06-05 20:50:17 - [TEST_STEP][PASSED] - println(ValueFound): null

2020-06-05 20:50:17 - [TEST_STEP][PASSED] - sendKeys(NewInputNmField, Keys.chord(ARROW_DOWN)): Keys 'DOWN + ' sent to object: 'Object Repository/Objects.HighlightElements/input_field'

2020-06-05 20:50:17 - [MESSAGE][PASSED] - Keys 'DOWN + ' sent to object: 'Object Repository/Objects.HighlightElements/input_field'

2020-06-05 20:50:17 - [TEST_STEP][PASSED] - sendKeys(NewInputNmField, Keys.chord(ARROW_DOWN)): Keys 'DOWN + ' sent to object: 'Object Repository/Objects.HighlightElements/input_field'

2020-06-05 20:50:17 - [MESSAGE][PASSED] - Keys 'DOWN + ' sent to object: 'Object Repository/Objects.HighlightElements/input_field'

2020-06-05 20:50:17 - [TEST_STEP][PASSED] - delay(DelayTime): Delayed 8 second(s)

2020-06-05 20:50:25 - [MESSAGE][PASSED] - Delayed 8 second(s)

2020-06-05 20:50:25 - [TEST_STEP][PASSED] - sendKeys(NewInputNmField, Keys.chord(ENTER)): Keys 'ENTER + ' sent to object: 'Object Repository/Objects.HighlightElements/input_field'

2020-06-05 20:50:25 - [MESSAGE][PASSED] - Keys 'ENTER + ' sent to object: 'Object Repository/Objects.HighlightElements/input_field'

2020-06-05 20:50:25 - [TEST_STEP][PASSED] - ComboBoxValue = getAttribute(NewInputNmField, "value"): Attribute 'value' of object 'Object Repository/Objects.HighlightElements/input_field' is: '0017'

2020-06-05 20:50:25 - [MESSAGE][PASSED] - Attribute 'value' of object 'Object Repository/Objects.HighlightElements/input_field' is: '0017'

2020-06-05 20:50:25 - [TEST_STEP][PASSED] - callTestCase(findTestCase(CallTCName), ["FindValue":ComboBoxValue, "DropdownNm":comboNm], STOP_ON_FAILURE): Call Test Case 'Test Cases/PFI Precision and Scale/HashMap Tables/PELists' successfully

2020-06-05 20:50:26 - [TEST_CASE][PASSED] - Test Cases/PFI Precision and Scale/HashMap Tables/PELists: Test Cases/PFI Precision and Scale/HashMap Tables/PELists

2020-06-05 20:50:26 - [TEST_STEP][PASSED] - Thread.sleep(1000): null

2020-06-05 20:50:27 - [TEST_STEP][PASSED] - PEListsTBL = ["0011":"QP-Formatted Address", "0012":"QP-0012", "0014":"QP-0014", "0015":"QP-0015", "0016":"QP-0016", "3214":"Dummy QP Name 3861", ... ]: null

2020-06-05 20:50:27 - [TEST_STEP][PASSED] - switch (DropdownNm): null

2020-06-05 20:50:27 - [TEST_STEP][PASSED] - case "PENo":: null

2020-06-05 20:50:27 - [TEST_STEP][PASSED] - ValueFound = FindValue + " (" + get(FindValue).toString() + ")": null

2020-06-05 20:50:27 - [TEST_STEP][PASSED] - break: null

2020-06-05 20:50:27 - [MESSAGE][PASSED] - Call Test Case 'Test Cases/PFI Precision and Scale/HashMap Tables/PELists' successfully

2020-06-05 20:50:27 - [TEST_STEP][PASSED] - println(ValueFound): null

2020-06-05 20:50:27 - [TEST_STEP][PASSED] - sendKeys(NewInputNmField, Keys.chord(ARROW_DOWN)): Keys 'DOWN + ' sent to object: 'Object Repository/Objects.HighlightElements/input_field'

2020-06-05 20:50:27 - [MESSAGE][PASSED] - Keys 'DOWN + ' sent to object: 'Object Repository/Objects.HighlightElements/input_field'

2020-06-05 20:50:27 - [TEST_STEP][PASSED] - sendKeys(NewInputNmField, Keys.chord(ARROW_DOWN)): Keys 'DOWN + ' sent to object: 'Object Repository/Objects.HighlightElements/input_field'

2020-06-05 20:50:27 - [MESSAGE][PASSED] - Keys 'DOWN + ' sent to object: 'Object Repository/Objects.HighlightElements/input_field'

2020-06-05 20:50:27 - [TEST_STEP][PASSED] - delay(DelayTime): Delayed 8 second(s)

2020-06-05 20:50:35 - [MESSAGE][PASSED] - Delayed 8 second(s)

2020-06-05 20:50:35 - [TEST_STEP][PASSED] - sendKeys(NewInputNmField, Keys.chord(ENTER)): Keys 'ENTER + ' sent to object: 'Object Repository/Objects.HighlightElements/input_field'

2020-06-05 20:50:35 - [MESSAGE][PASSED] - Keys 'ENTER + ' sent to object: 'Object Repository/Objects.HighlightElements/input_field'

2020-06-05 20:50:35 - [TEST_STEP][PASSED] - ComboBoxValue = getAttribute(NewInputNmField, "value"): Attribute 'value' of object 'Object Repository/Objects.HighlightElements/input_field' is: '0017'

2020-06-05 20:50:35 - [MESSAGE][PASSED] - Attribute 'value' of object 'Object Repository/Objects.HighlightElements/input_field' is: '0017'

2020-06-05 20:50:35 - [TEST_STEP][PASSED] - callTestCase(findTestCase(CallTCName), ["FindValue":ComboBoxValue, "DropdownNm":comboNm], STOP_ON_FAILURE): Call Test Case 'Test Cases/PFI Precision and Scale/HashMap Tables/PELists' successfully

2020-06-05 20:50:35 - [TEST_CASE][PASSED] - Test Cases/PFI Precision and Scale/HashMap Tables/PELists: Test Cases/PFI Precision and Scale/HashMap Tables/PELists

2020-06-05 20:50:35 - [TEST_STEP][PASSED] - Thread.sleep(1000): null

2020-06-05 20:50:36 - [TEST_STEP][PASSED] - PEListsTBL = ["0011":"QP-Formatted Address", "0012":"QP-0012", "0014":"QP-0014", "0015":"QP-0015", "0016":"QP-0016", "3214":"Dummy QP Name 3861", ... ]: null

2020-06-05 20:50:36 - [TEST_STEP][PASSED] - switch (DropdownNm): null

2020-06-05 20:50:36 - [TEST_STEP][PASSED] - case "PENo":: null

2020-06-05 20:50:36 - [TEST_STEP][PASSED] - ValueFound = FindValue + " (" + get(FindValue).toString() + ")": null

2020-06-05 20:50:36 - [TEST_STEP][PASSED] - break: null

2020-06-05 20:50:36 - [MESSAGE][PASSED] - Call Test Case 'Test Cases/PFI Precision and Scale/HashMap Tables/PELists' successfully

2020-06-05 20:50:36 - [TEST_STEP][PASSED] - println(ValueFound): null

2020-06-05 20:50:36 - [TEST_STEP][PASSED] - sendKeys(NewInputNmField, Keys.chord(ARROW_DOWN)): Keys 'DOWN + ' sent to object: 'Object Repository/Objects.HighlightElements/input_field'

2020-06-05 20:50:36 - [MESSAGE][PASSED] - Keys 'DOWN + ' sent to object: 'Object Repository/Objects.HighlightElements/input_field'

2020-06-05 20:50:36 - [TEST_STEP][PASSED] - sendKeys(NewInputNmField, Keys.chord(ARROW_DOWN)): Keys 'DOWN + ' sent to object: 'Object Repository/Objects.HighlightElements/input_field'

2020-06-05 20:50:36 - [MESSAGE][PASSED] - Keys 'DOWN + ' sent to object: 'Object Repository/Objects.HighlightElements/input_field'

2020-06-05 20:50:36 - [TEST_STEP][PASSED] - delay(DelayTime): Delayed 8 second(s)

2020-06-05 20:50:44 - [MESSAGE][PASSED] - Delayed 8 second(s)

2020-06-05 20:50:44 - [TEST_STEP][PASSED] - sendKeys(NewInputNmField, Keys.chord(ENTER)): Keys 'ENTER + ' sent to object: 'Object Repository/Objects.HighlightElements/input_field'

2020-06-05 20:50:44 - [MESSAGE][PASSED] - Keys 'ENTER + ' sent to object: 'Object Repository/Objects.HighlightElements/input_field'

2020-06-05 20:50:44 - [TEST_STEP][PASSED] - ComboBoxValue = getAttribute(NewInputNmField, "value"): Attribute 'value' of object 'Object Repository/Objects.HighlightElements/input_field' is: '0017'

2020-06-05 20:50:44 - [MESSAGE][PASSED] - Attribute 'value' of object 'Object Repository/Objects.HighlightElements/input_field' is: '0017'

2020-06-05 20:50:44 - [TEST_STEP][PASSED] - callTestCase(findTestCase(CallTCName), ["FindValue":ComboBoxValue, "DropdownNm":comboNm], STOP_ON_FAILURE): Call Test Case 'Test Cases/PFI Precision and Scale/HashMap Tables/PELists' successfully

2020-06-05 20:50:44 - [TEST_CASE][PASSED] - Test Cases/PFI Precision and Scale/HashMap Tables/PELists: Test Cases/PFI Precision and Scale/HashMap Tables/PELists

2020-06-05 20:50:44 - [TEST_STEP][PASSED] - Thread.sleep(1000): null

2020-06-05 20:50:45 - [TEST_STEP][PASSED] - PEListsTBL = ["0011":"QP-Formatted Address", "0012":"QP-0012", "0014":"QP-0014", "0015":"QP-0015", "0016":"QP-0016", "3214":"Dummy QP Name 3861", ... ]: null

2020-06-05 20:50:45 - [TEST_STEP][PASSED] - switch (DropdownNm): null

2020-06-05 20:50:45 - [TEST_STEP][PASSED] - case "PENo":: null

2020-06-05 20:50:45 - [TEST_STEP][PASSED] - ValueFound = FindValue + " (" + get(FindValue).toString() + ")": null

2020-06-05 20:50:45 - [TEST_STEP][PASSED] - break: null

2020-06-05 20:50:45 - [MESSAGE][PASSED] - Call Test Case 'Test Cases/PFI Precision and Scale/HashMap Tables/PELists' successfully

2020-06-05 20:50:45 - [TEST_STEP][PASSED] - println(ValueFound): null

2020-06-05 20:50:45 - [TEST_STEP][PASSED] - sendKeys(NewInputNmField, Keys.chord(ARROW_DOWN)): Keys 'DOWN + ' sent to object: 'Object Repository/Objects.HighlightElements/input_field'

2020-06-05 20:50:45 - [MESSAGE][PASSED] - Keys 'DOWN + ' sent to object: 'Object Repository/Objects.HighlightElements/input_field'

2020-06-05 20:50:45 - [TEST_STEP][PASSED] - sendKeys(NewInputNmField, Keys.chord(ARROW_DOWN)): Keys 'DOWN + ' sent to object: 'Object Repository/Objects.HighlightElements/input_field'

2020-06-05 20:50:45 - [MESSAGE][PASSED] - Keys 'DOWN + ' sent to object: 'Object Repository/Objects.HighlightElements/input_field'

2020-06-05 20:50:45 - [TEST_STEP][PASSED] - delay(DelayTime): Delayed 8 second(s)

2020-06-05 20:50:53 - [MESSAGE][PASSED] - Delayed 8 second(s)

2020-06-05 20:50:53 - [TEST_STEP][PASSED] - sendKeys(NewInputNmField, Keys.chord(ENTER)): Keys 'ENTER + ' sent to object: 'Object Repository/Objects.HighlightElements/input_field'

2020-06-05 20:50:53 - [MESSAGE][PASSED] - Keys 'ENTER + ' sent to object: 'Object Repository/Objects.HighlightElements/input_field'

2020-06-05 20:50:53 - [TEST_STEP][PASSED] - ComboBoxValue = getAttribute(NewInputNmField, "value"): Attribute 'value' of object 'Object Repository/Objects.HighlightElements/input_field' is: '0017'

2020-06-05 20:50:53 - [MESSAGE][PASSED] - Attribute 'value' of object 'Object Repository/Objects.HighlightElements/input_field' is: '0017'

2020-06-05 20:50:53 - [TEST_STEP][PASSED] - callTestCase(findTestCase(CallTCName), ["FindValue":ComboBoxValue, "DropdownNm":comboNm], STOP_ON_FAILURE): Call Test Case 'Test Cases/PFI Precision and Scale/HashMap Tables/PELists' successfully

2020-06-05 20:50:53 - [TEST_CASE][PASSED] - Test Cases/PFI Precision and Scale/HashMap Tables/PELists: Test Cases/PFI Precision and Scale/HashMap Tables/PELists

2020-06-05 20:50:53 - [TEST_STEP][PASSED] - Thread.sleep(1000): null

2020-06-05 20:50:54 - [TEST_STEP][PASSED] - PEListsTBL = ["0011":"QP-Formatted Address", "0012":"QP-0012", "0014":"QP-0014", "0015":"QP-0015", "0016":"QP-0016", "3214":"Dummy QP Name 3861", ... ]: null

2020-06-05 20:50:54 - [TEST_STEP][PASSED] - switch (DropdownNm): null

2020-06-05 20:50:54 - [TEST_STEP][PASSED] - case "PENo":: null

2020-06-05 20:50:54 - [TEST_STEP][PASSED] - ValueFound = FindValue + " (" + get(FindValue).toString() + ")": null

2020-06-05 20:50:54 - [TEST_STEP][PASSED] - break: null

2020-06-05 20:50:54 - [MESSAGE][PASSED] - Call Test Case 'Test Cases/PFI Precision and Scale/HashMap Tables/PELists' successfully

2020-06-05 20:50:54 - [TEST_STEP][PASSED] - println(ValueFound): null

2020-06-05 20:50:54 - [TEST_STEP][PASSED] - sendKeys(NewInputNmField, Keys.chord(ARROW_DOWN)): Keys 'DOWN + ' sent to object: 'Object Repository/Objects.HighlightElements/input_field'

2020-06-05 20:50:54 - [MESSAGE][PASSED] - Keys 'DOWN + ' sent to object: 'Object Repository/Objects.HighlightElements/input_field'

2020-06-05 20:50:54 - [TEST_STEP][PASSED] - sendKeys(NewInputNmField, Keys.chord(ENTER)): Keys 'ENTER + ' sent to object: 'Object Repository/Objects.HighlightElements/input_field'

2020-06-05 20:50:54 - [MESSAGE][PASSED] - Keys 'ENTER + ' sent to object: 'Object Repository/Objects.HighlightElements/input_field'

2020-06-05 20:50:54 - [MESSAGE][PASSED] - Call Test Case 'Test Cases/PFI Precision and Scale/PFI Components/VerifyDropdownValues' successfully

2020-06-05 20:50:54 - [TEST_STEP][PASSED] - callTestCase(findTestCase("Components/ClickCancelIcon"), [:], STOP_ON_FAILURE): Call Test Case 'Test Cases/Components/ClickCancelIcon' successfully

2020-06-05 20:50:54 - [TEST_CASE][PASSED] - Test Cases/Components/ClickCancelIcon: Test Cases/Components/ClickCancelIcon

2020-06-05 20:50:55 - [TEST_STEP][PASSED] - Thread.sleep(1000): null

2020-06-05 20:50:56 - [TEST_STEP][PASSED] - com.reusableComponents.HighlightElement.run(findTestObject("Object Repository/Objects.ActionButtons/Cancel_Icon")): com.reusableComponents.HighlightElement.run is PASSED

2020-06-05 20:50:56 - [MESSAGE][PASSED] - com.reusableComponents.HighlightElement.run is PASSED

2020-06-05 20:50:56 - [TEST_STEP][PASSED] - click(findTestObject("Object Repository/Objects.ActionButtons/Cancel_Icon")): Object: 'Object Repository/Objects.ActionButtons/Cancel_Icon' is clicked on

2020-06-05 20:50:56 - [MESSAGE][PASSED] - Object: 'Object Repository/Objects.ActionButtons/Cancel_Icon' is clicked on

2020-06-05 20:50:56 - [MESSAGE][PASSED] - Call Test Case 'Test Cases/Components/ClickCancelIcon' successfully

2020-06-05 20:50:56 - [TEST_STEP][PASSED] - callTestCase(findTestCase("Components/DoubleClickToEnable"), ["HeaderCellName":"PE Name", "index":3], STOP_ON_FAILURE): Call Test Case 'Test Cases/Components/DoubleClickToEnable' successfully

2020-06-05 20:50:56 - [TEST_CASE][PASSED] - Test Cases/Components/DoubleClickToEnable: Test Cases/Components/DoubleClickToEnable

2020-06-05 20:50:56 - [TEST_STEP][PASSED] - Thread.sleep(1000): null

2020-06-05 20:50:57 - [TEST_STEP][PASSED] - modifiedInputField = modifyObjectProperty(findTestObject("Object Repository/Objects.HighlightElements/input_field_index"), "xpath", "equals", "//*[text()='" + HeaderCellName + "']//following::td[" + index + "]", true): Modify property of object successfully

2020-06-05 20:50:57 - [MESSAGE][PASSED] - Modify property of object successfully

2020-06-05 20:50:57 - [TEST_STEP][PASSED] - doubleClick(modifiedInputField): Object: 'Object Repository/Objects.HighlightElements/input_field_index' is double clicked on

2020-06-05 20:50:57 - [MESSAGE][PASSED] - Object: 'Object Repository/Objects.HighlightElements/input_field_index' is double clicked on

2020-06-05 20:50:57 - [MESSAGE][PASSED] - Call Test Case 'Test Cases/Components/DoubleClickToEnable' successfully

2020-06-05 20:50:57 - [TEST_STEP][PASSED] - callTestCase(findTestCase("Components/HighlightInputField"), ["InputFldName":"peName"], STOP_ON_FAILURE): Call Test Case 'Test Cases/Components/HighlightInputField' successfully

2020-06-05 20:50:57 - [TEST_CASE][PASSED] - Test Cases/Components/HighlightInputField: Test Cases/Components/HighlightInputField

2020-06-05 20:50:57 - [TEST_STEP][PASSED] - Thread.sleep(1000): null

2020-06-05 20:50:58 - [TEST_STEP][PASSED] - modifiedLblNm = modifyObjectProperty(findTestObject("Objects.HighlightElements/input_field"), "name", "equals", InputFldName, true): Modify property of object successfully

2020-06-05 20:50:58 - [MESSAGE][PASSED] - Modify property of object successfully

2020-06-05 20:50:58 - [TEST_STEP][PASSED] - com.reusableComponents.HighlightElement.run(modifiedLblNm): com.reusableComponents.HighlightElement.run is PASSED

2020-06-05 20:50:59 - [MESSAGE][PASSED] - com.reusableComponents.HighlightElement.run is PASSED

2020-06-05 20:50:59 - [MESSAGE][PASSED] - Call Test Case 'Test Cases/Components/HighlightInputField' successfully

2020-06-05 20:50:59 - [TEST_STEP][PASSED] - callTestCase(findTestCase("Components/SelectAllThenDelete"), ["tagToBeUsed":"*", "nameToBeUsed":"peName"], STOP_ON_FAILURE): Call Test Case 'Test Cases/Components/SelectAllThenDelete' successfully

2020-06-05 20:50:59 - [TEST_CASE][PASSED] - Test Cases/Components/SelectAllThenDelete: Test Cases/Components/SelectAllThenDelete

2020-06-05 20:50:59 - [TEST_STEP][PASSED] - Thread.sleep(1000): null

2020-06-05 20:51:00 - [TEST_STEP][PASSED] - firstModification = modifyObjectProperty(findTestObject("SendKey/object"), "tag", "equals", tagToBeUsed, false): Modify property of object successfully

2020-06-05 20:51:00 - [MESSAGE][PASSED] - Modify property of object successfully

2020-06-05 20:51:00 - [TEST_STEP][PASSED] - secondModification = modifyObjectProperty(firstModification, "name", "equals", nameToBeUsed, true): Modify property of object successfully

2020-06-05 20:51:00 - [MESSAGE][PASSED] - Modify property of object successfully

2020-06-05 20:51:00 - [TEST_STEP][PASSED] - sendKeys(secondModification, Keys.chord(CONTROL, "a")): Keys 'CONTROL + a' sent to object: 'Object Repository/SendKey/object'

2020-06-05 20:51:00 - [MESSAGE][PASSED] - Keys 'CONTROL + a' sent to object: 'Object Repository/SendKey/object'

2020-06-05 20:51:00 - [TEST_STEP][PASSED] - sendKeys(secondModification, Keys.chord(DELETE)): Keys 'DELETE + ' sent to object: 'Object Repository/SendKey/object'

2020-06-05 20:51:00 - [MESSAGE][PASSED] - Keys 'DELETE + ' sent to object: 'Object Repository/SendKey/object'

2020-06-05 20:51:00 - [MESSAGE][PASSED] - Call Test Case 'Test Cases/Components/SelectAllThenDelete' successfully

2020-06-05 20:51:00 - [TEST_STEP][PASSED] - callTestCase(findTestCase("PFI Precision and Scale/PFI Components/VerifyDropdownValues"), ["FldNm":"peName", "CallTCName":"PFI Precision and Scale/HashMap Tables/PELists", "cmbNm":"PEName", "NoOfVal":10, "DelayTime":5, ... ], STOP_ON_FAILURE): Call Test Case 'Test Cases/PFI Precision and Scale/PFI Components/VerifyDropdownValues' successfully

2020-06-05 20:51:00 - [TEST_CASE][PASSED] - Test Cases/PFI Precision and Scale/PFI Components/VerifyDropdownValues: Test Cases/PFI Precision and Scale/PFI Components/VerifyDropdownValues

2020-06-05 20:51:00 - [TEST_STEP][PASSED] - Thread.sleep(1000): null

2020-06-05 20:51:01 - [TEST_STEP][PASSED] - NewInputNmField = modifyObjectProperty(findTestObject("Objects.HighlightElements/input_field"), "name", "equals", FldNm, true): Modify property of object successfully

2020-06-05 20:51:01 - [MESSAGE][PASSED] - Modify property of object successfully

2020-06-05 20:51:01 - [TEST_STEP][PASSED] - comboNm = cmbNm: null

2020-06-05 20:51:01 - [TEST_STEP][PASSED] - focus(NewInputNmField): Object: 'Object Repository/Objects.HighlightElements/input_field' is focused

2020-06-05 20:51:01 - [MESSAGE][PASSED] - Object: 'Object Repository/Objects.HighlightElements/input_field' is focused

2020-06-05 20:51:01 - [TEST_STEP][PASSED] - setText(NewInputNmField, EnterValue): Text '' is set on object 'Object Repository/Objects.HighlightElements/input_field'

2020-06-05 20:51:01 - [MESSAGE][PASSED] - Text '' is set on object 'Object Repository/Objects.HighlightElements/input_field'

2020-06-05 20:51:01 - [TEST_STEP][PASSED] - for ([i = 1, i <= NoOfVal, (i++)]): Keys 'DOWN + ' sent to object: 'Object Repository/Objects.HighlightElements/input_field'

2020-06-05 20:51:01 - [TEST_STEP][PASSED] - sendKeys(NewInputNmField, Keys.chord(ARROW_DOWN)): Keys 'DOWN + ' sent to object: 'Object Repository/Objects.HighlightElements/input_field'

2020-06-05 20:51:01 - [MESSAGE][PASSED] - Keys 'DOWN + ' sent to object: 'Object Repository/Objects.HighlightElements/input_field'

2020-06-05 20:51:01 - [TEST_STEP][PASSED] - delay(DelayTime): Delayed 5 second(s)

2020-06-05 20:51:06 - [MESSAGE][PASSED] - Delayed 5 second(s)

2020-06-05 20:51:06 - [TEST_STEP][PASSED] - sendKeys(NewInputNmField, Keys.chord(ENTER)): Keys 'ENTER + ' sent to object: 'Object Repository/Objects.HighlightElements/input_field'

2020-06-05 20:51:06 - [MESSAGE][PASSED] - Keys 'ENTER + ' sent to object: 'Object Repository/Objects.HighlightElements/input_field'

2020-06-05 20:51:06 - [TEST_STEP][PASSED] - ComboBoxValue = getAttribute(NewInputNmField, "value"): Attribute 'value' of object 'Object Repository/Objects.HighlightElements/input_field' is: 'QP1123'

2020-06-05 20:51:06 - [MESSAGE][PASSED] - Attribute 'value' of object 'Object Repository/Objects.HighlightElements/input_field' is: 'QP1123'

2020-06-05 20:51:06 - [TEST_STEP][PASSED] - callTestCase(findTestCase(CallTCName), ["FindValue":ComboBoxValue, "DropdownNm":comboNm], STOP_ON_FAILURE): Call Test Case 'Test Cases/PFI Precision and Scale/HashMap Tables/PELists' successfully

2020-06-05 20:51:06 - [TEST_CASE][PASSED] - Test Cases/PFI Precision and Scale/HashMap Tables/PELists: Test Cases/PFI Precision and Scale/HashMap Tables/PELists

2020-06-05 20:51:06 - [TEST_STEP][PASSED] - Thread.sleep(1000): null

2020-06-05 20:51:07 - [TEST_STEP][PASSED] - PEListsTBL = ["0011":"QP-Formatted Address", "0012":"QP-0012", "0014":"QP-0014", "0015":"QP-0015", "0016":"QP-0016", "3214":"Dummy QP Name 3861", ... ]: null

2020-06-05 20:51:07 - [TEST_STEP][PASSED] - switch (DropdownNm): null

2020-06-05 20:51:07 - [TEST_STEP][PASSED] - case "PEName":: null

2020-06-05 20:51:07 - [TEST_STEP][PASSED] - ValueFound = PEListsTBL.find({ -> ... }): null

2020-06-05 20:51:07 - [TEST_STEP][PASSED] - break: null

2020-06-05 20:51:07 - [MESSAGE][PASSED] - Call Test Case 'Test Cases/PFI Precision and Scale/HashMap Tables/PELists' successfully

2020-06-05 20:51:07 - [TEST_STEP][PASSED] - println(ValueFound): null

2020-06-05 20:51:07 - [TEST_STEP][PASSED] - sendKeys(NewInputNmField, Keys.chord(ARROW_DOWN)): Keys 'DOWN + ' sent to object: 'Object Repository/Objects.HighlightElements/input_field'

2020-06-05 20:51:07 - [MESSAGE][PASSED] - Keys 'DOWN + ' sent to object: 'Object Repository/Objects.HighlightElements/input_field'

2020-06-05 20:51:07 - [TEST_STEP][PASSED] - sendKeys(NewInputNmField, Keys.chord(ARROW_DOWN)): Keys 'DOWN + ' sent to object: 'Object Repository/Objects.HighlightElements/input_field'

2020-06-05 20:51:07 - [MESSAGE][PASSED] - Keys 'DOWN + ' sent to object: 'Object Repository/Objects.HighlightElements/input_field'

2020-06-05 20:51:07 - [TEST_STEP][PASSED] - delay(DelayTime): Delayed 5 second(s)

2020-06-05 20:51:12 - [MESSAGE][PASSED] - Delayed 5 second(s)

2020-06-05 20:51:12 - [TEST_STEP][PASSED] - sendKeys(NewInputNmField, Keys.chord(ENTER)): Keys 'ENTER + ' sent to object: 'Object Repository/Objects.HighlightElements/input_field'

2020-06-05 20:51:13 - [MESSAGE][PASSED] - Keys 'ENTER + ' sent to object: 'Object Repository/Objects.HighlightElements/input_field'

2020-06-05 20:51:13 - [TEST_STEP][PASSED] - ComboBoxValue = getAttribute(NewInputNmField, "value"): Attribute 'value' of object 'Object Repository/Objects.HighlightElements/input_field' is: 'QP0017'

2020-06-05 20:51:13 - [MESSAGE][PASSED] - Attribute 'value' of object 'Object Repository/Objects.HighlightElements/input_field' is: 'QP0017'

2020-06-05 20:51:13 - [TEST_STEP][PASSED] - callTestCase(findTestCase(CallTCName), ["FindValue":ComboBoxValue, "DropdownNm":comboNm], STOP_ON_FAILURE): Call Test Case 'Test Cases/PFI Precision and Scale/HashMap Tables/PELists' successfully

2020-06-05 20:51:13 - [TEST_CASE][PASSED] - Test Cases/PFI Precision and Scale/HashMap Tables/PELists: Test Cases/PFI Precision and Scale/HashMap Tables/PELists

2020-06-05 20:51:13 - [TEST_STEP][PASSED] - Thread.sleep(1000): null

2020-06-05 20:51:14 - [TEST_STEP][PASSED] - PEListsTBL = ["0011":"QP-Formatted Address", "0012":"QP-0012", "0014":"QP-0014", "0015":"QP-0015", "0016":"QP-0016", "3214":"Dummy QP Name 3861", ... ]: null

2020-06-05 20:51:14 - [TEST_STEP][PASSED] - switch (DropdownNm): null

2020-06-05 20:51:14 - [TEST_STEP][PASSED] - case "PEName":: null

2020-06-05 20:51:14 - [TEST_STEP][PASSED] - ValueFound = PEListsTBL.find({ -> ... }): null

2020-06-05 20:51:14 - [TEST_STEP][PASSED] - break: null

2020-06-05 20:51:14 - [MESSAGE][PASSED] - Call Test Case 'Test Cases/PFI Precision and Scale/HashMap Tables/PELists' successfully

2020-06-05 20:51:14 - [TEST_STEP][PASSED] - println(ValueFound): null

2020-06-05 20:51:14 - [TEST_STEP][PASSED] - sendKeys(NewInputNmField, Keys.chord(ARROW_DOWN)): Keys 'DOWN + ' sent to object: 'Object Repository/Objects.HighlightElements/input_field'

2020-06-05 20:51:14 - [MESSAGE][PASSED] - Keys 'DOWN + ' sent to object: 'Object Repository/Objects.HighlightElements/input_field'

2020-06-05 20:51:14 - [TEST_STEP][PASSED] - sendKeys(NewInputNmField, Keys.chord(ARROW_DOWN)): Keys 'DOWN + ' sent to object: 'Object Repository/Objects.HighlightElements/input_field'

2020-06-05 20:51:14 - [MESSAGE][PASSED] - Keys 'DOWN + ' sent to object: 'Object Repository/Objects.HighlightElements/input_field'

2020-06-05 20:51:14 - [TEST_STEP][PASSED] - delay(DelayTime): Delayed 5 second(s)

2020-06-05 20:51:19 - [MESSAGE][PASSED] - Delayed 5 second(s)

2020-06-05 20:51:19 - [TEST_STEP][PASSED] - sendKeys(NewInputNmField, Keys.chord(ENTER)): Keys 'ENTER + ' sent to object: 'Object Repository/Objects.HighlightElements/input_field'

2020-06-05 20:51:19 - [MESSAGE][PASSED] - Keys 'ENTER + ' sent to object: 'Object Repository/Objects.HighlightElements/input_field'

2020-06-05 20:51:19 - [TEST_STEP][PASSED] - ComboBoxValue = getAttribute(NewInputNmField, "value"): Attribute 'value' of object 'Object Repository/Objects.HighlightElements/input_field' is: 'QP-0016'

2020-06-05 20:51:19 - [MESSAGE][PASSED] - Attribute 'value' of object 'Object Repository/Objects.HighlightElements/input_field' is: 'QP-0016'

2020-06-05 20:51:19 - [TEST_STEP][PASSED] - callTestCase(findTestCase(CallTCName), ["FindValue":ComboBoxValue, "DropdownNm":comboNm], STOP_ON_FAILURE): Call Test Case 'Test Cases/PFI Precision and Scale/HashMap Tables/PELists' successfully

2020-06-05 20:51:19 - [TEST_CASE][PASSED] - Test Cases/PFI Precision and Scale/HashMap Tables/PELists: Test Cases/PFI Precision and Scale/HashMap Tables/PELists

2020-06-05 20:51:19 - [TEST_STEP][PASSED] - Thread.sleep(1000): null

2020-06-05 20:51:20 - [TEST_STEP][PASSED] - PEListsTBL = ["0011":"QP-Formatted Address", "0012":"QP-0012", "0014":"QP-0014", "0015":"QP-0015", "0016":"QP-0016", "3214":"Dummy QP Name 3861", ... ]: null

2020-06-05 20:51:20 - [TEST_STEP][PASSED] - switch (DropdownNm): null

2020-06-05 20:51:20 - [TEST_STEP][PASSED] - case "PEName":: null

2020-06-05 20:51:20 - [TEST_STEP][PASSED] - ValueFound = PEListsTBL.find({ -> ... }): null

2020-06-05 20:51:20 - [TEST_STEP][PASSED] - break: null

2020-06-05 20:51:20 - [MESSAGE][PASSED] - Call Test Case 'Test Cases/PFI Precision and Scale/HashMap Tables/PELists' successfully

2020-06-05 20:51:20 - [TEST_STEP][PASSED] - println(ValueFound): null

2020-06-05 20:51:20 - [TEST_STEP][PASSED] - sendKeys(NewInputNmField, Keys.chord(ARROW_DOWN)): Keys 'DOWN + ' sent to object: 'Object Repository/Objects.HighlightElements/input_field'

2020-06-05 20:51:20 - [MESSAGE][PASSED] - Keys 'DOWN + ' sent to object: 'Object Repository/Objects.HighlightElements/input_field'

2020-06-05 20:51:20 - [TEST_STEP][PASSED] - sendKeys(NewInputNmField, Keys.chord(ARROW_DOWN)): Keys 'DOWN + ' sent to object: 'Object Repository/Objects.HighlightElements/input_field'

2020-06-05 20:51:20 - [MESSAGE][PASSED] - Keys 'DOWN + ' sent to object: 'Object Repository/Objects.HighlightElements/input_field'

2020-06-05 20:51:20 - [TEST_STEP][PASSED] - delay(DelayTime): Delayed 5 second(s)

2020-06-05 20:51:25 - [MESSAGE][PASSED] - Delayed 5 second(s)

2020-06-05 20:51:25 - [TEST_STEP][PASSED] - sendKeys(NewInputNmField, Keys.chord(ENTER)): Keys 'ENTER + ' sent to object: 'Object Repository/Objects.HighlightElements/input_field'

2020-06-05 20:51:25 - [MESSAGE][PASSED] - Keys 'ENTER + ' sent to object: 'Object Repository/Objects.HighlightElements/input_field'

2020-06-05 20:51:25 - [TEST_STEP][PASSED] - ComboBoxValue = getAttribute(NewInputNmField, "value"): Attribute 'value' of object 'Object Repository/Objects.HighlightElements/input_field' is: 'QP-0015'

2020-06-05 20:51:25 - [MESSAGE][PASSED] - Attribute 'value' of object 'Object Repository/Objects.HighlightElements/input_field' is: 'QP-0015'

2020-06-05 20:51:25 - [TEST_STEP][PASSED] - callTestCase(findTestCase(CallTCName), ["FindValue":ComboBoxValue, "DropdownNm":comboNm], STOP_ON_FAILURE): Call Test Case 'Test Cases/PFI Precision and Scale/HashMap Tables/PELists' successfully

2020-06-05 20:51:25 - [TEST_CASE][PASSED] - Test Cases/PFI Precision and Scale/HashMap Tables/PELists: Test Cases/PFI Precision and Scale/HashMap Tables/PELists

2020-06-05 20:51:25 - [TEST_STEP][PASSED] - Thread.sleep(1000): null

2020-06-05 20:51:26 - [TEST_STEP][PASSED] - PEListsTBL = ["0011":"QP-Formatted Address", "0012":"QP-0012", "0014":"QP-0014", "0015":"QP-0015", "0016":"QP-0016", "3214":"Dummy QP Name 3861", ... ]: null

2020-06-05 20:51:26 - [TEST_STEP][PASSED] - switch (DropdownNm): null

2020-06-05 20:51:26 - [TEST_STEP][PASSED] - case "PEName":: null

2020-06-05 20:51:26 - [TEST_STEP][PASSED] - ValueFound = PEListsTBL.find({ -> ... }): null

2020-06-05 20:51:26 - [TEST_STEP][PASSED] - break: null

2020-06-05 20:51:26 - [MESSAGE][PASSED] - Call Test Case 'Test Cases/PFI Precision and Scale/HashMap Tables/PELists' successfully

2020-06-05 20:51:26 - [TEST_STEP][PASSED] - println(ValueFound): null

2020-06-05 20:51:26 - [TEST_STEP][PASSED] - sendKeys(NewInputNmField, Keys.chord(ARROW_DOWN)): Keys 'DOWN + ' sent to object: 'Object Repository/Objects.HighlightElements/input_field'

2020-06-05 20:51:26 - [MESSAGE][PASSED] - Keys 'DOWN + ' sent to object: 'Object Repository/Objects.HighlightElements/input_field'

2020-06-05 20:51:26 - [TEST_STEP][PASSED] - sendKeys(NewInputNmField, Keys.chord(ARROW_DOWN)): Keys 'DOWN + ' sent to object: 'Object Repository/Objects.HighlightElements/input_field'

2020-06-05 20:51:26 - [MESSAGE][PASSED] - Keys 'DOWN + ' sent to object: 'Object Repository/Objects.HighlightElements/input_field'

2020-06-05 20:51:26 - [TEST_STEP][PASSED] - delay(DelayTime): Delayed 5 second(s)

2020-06-05 20:51:31 - [MESSAGE][PASSED] - Delayed 5 second(s)

2020-06-05 20:51:31 - [TEST_STEP][PASSED] - sendKeys(NewInputNmField, Keys.chord(ENTER)): Keys 'ENTER + ' sent to object: 'Object Repository/Objects.HighlightElements/input_field'

2020-06-05 20:51:31 - [MESSAGE][PASSED] - Keys 'ENTER + ' sent to object: 'Object Repository/Objects.HighlightElements/input_field'

2020-06-05 20:51:31 - [TEST_STEP][PASSED] - ComboBoxValue = getAttribute(NewInputNmField, "value"): Attribute 'value' of object 'Object Repository/Objects.HighlightElements/input_field' is: 'QP-0014'

2020-06-05 20:51:31 - [MESSAGE][PASSED] - Attribute 'value' of object 'Object Repository/Objects.HighlightElements/input_field' is: 'QP-0014'

2020-06-05 20:51:31 - [TEST_STEP][PASSED] - callTestCase(findTestCase(CallTCName), ["FindValue":ComboBoxValue, "DropdownNm":comboNm], STOP_ON_FAILURE): Call Test Case 'Test Cases/PFI Precision and Scale/HashMap Tables/PELists' successfully

2020-06-05 20:51:31 - [TEST_CASE][PASSED] - Test Cases/PFI Precision and Scale/HashMap Tables/PELists: Test Cases/PFI Precision and Scale/HashMap Tables/PELists

2020-06-05 20:51:31 - [TEST_STEP][PASSED] - Thread.sleep(1000): null

2020-06-05 20:51:32 - [TEST_STEP][PASSED] - PEListsTBL = ["0011":"QP-Formatted Address", "0012":"QP-0012", "0014":"QP-0014", "0015":"QP-0015", "0016":"QP-0016", "3214":"Dummy QP Name 3861", ... ]: null

2020-06-05 20:51:32 - [TEST_STEP][PASSED] - switch (DropdownNm): null

2020-06-05 20:51:32 - [TEST_STEP][PASSED] - case "PEName":: null

2020-06-05 20:51:32 - [TEST_STEP][PASSED] - ValueFound = PEListsTBL.find({ -> ... }): null

2020-06-05 20:51:32 - [TEST_STEP][PASSED] - break: null

2020-06-05 20:51:32 - [MESSAGE][PASSED] - Call Test Case 'Test Cases/PFI Precision and Scale/HashMap Tables/PELists' successfully

2020-06-05 20:51:32 - [TEST_STEP][PASSED] - println(ValueFound): null

2020-06-05 20:51:32 - [TEST_STEP][PASSED] - sendKeys(NewInputNmField, Keys.chord(ARROW_DOWN)): Keys 'DOWN + ' sent to object: 'Object Repository/Objects.HighlightElements/input_field'

2020-06-05 20:51:33 - [MESSAGE][PASSED] - Keys 'DOWN + ' sent to object: 'Object Repository/Objects.HighlightElements/input_field'

2020-06-05 20:51:33 - [TEST_STEP][PASSED] - sendKeys(NewInputNmField, Keys.chord(ARROW_DOWN)): Keys 'DOWN + ' sent to object: 'Object Repository/Objects.HighlightElements/input_field'

2020-06-05 20:51:33 - [MESSAGE][PASSED] - Keys 'DOWN + ' sent to object: 'Object Repository/Objects.HighlightElements/input_field'

2020-06-05 20:51:33 - [TEST_STEP][PASSED] - delay(DelayTime): Delayed 5 second(s)

2020-06-05 20:51:38 - [MESSAGE][PASSED] - Delayed 5 second(s)

2020-06-05 20:51:38 - [TEST_STEP][PASSED] - sendKeys(NewInputNmField, Keys.chord(ENTER)): Keys 'ENTER + ' sent to object: 'Object Repository/Objects.HighlightElements/input_field'

2020-06-05 20:51:42 - [MESSAGE][PASSED] - Keys 'ENTER + ' sent to object: 'Object Repository/Objects.HighlightElements/input_field'

2020-06-05 20:51:42 - [TEST_STEP][PASSED] - ComboBoxValue = getAttribute(NewInputNmField, "value"): Attribute 'value' of object 'Object Repository/Objects.HighlightElements/input_field' is: 'QP-0012'

2020-06-05 20:51:47 - [MESSAGE][PASSED] - Attribute 'value' of object 'Object Repository/Objects.HighlightElements/input_field' is: 'QP-0012'

2020-06-05 20:51:47 - [TEST_STEP][PASSED] - callTestCase(findTestCase(CallTCName), ["FindValue":ComboBoxValue, "DropdownNm":comboNm], STOP_ON_FAILURE): Call Test Case 'Test Cases/PFI Precision and Scale/HashMap Tables/PELists' successfully

2020-06-05 20:51:55 - [TEST_CASE][PASSED] - Test Cases/PFI Precision and Scale/HashMap Tables/PELists: Test Cases/PFI Precision and Scale/HashMap Tables/PELists

2020-06-05 20:51:57 - [TEST_STEP][PASSED] - Thread.sleep(1000): null

2020-06-05 20:51:58 - [TEST_STEP][PASSED] - PEListsTBL = ["0011":"QP-Formatted Address", "0012":"QP-0012", "0014":"QP-0014", "0015":"QP-0015", "0016":"QP-0016", "3214":"Dummy QP Name 3861", ... ]: null

2020-06-05 20:51:58 - [TEST_STEP][PASSED] - switch (DropdownNm): null

2020-06-05 20:51:58 - [TEST_STEP][PASSED] - case "PEName":: null

2020-06-05 20:51:58 - [TEST_STEP][PASSED] - ValueFound = PEListsTBL.find({ -> ... }): null

2020-06-05 20:51:58 - [TEST_STEP][PASSED] - break: null

2020-06-05 20:51:58 - [MESSAGE][PASSED] - Call Test Case 'Test Cases/PFI Precision and Scale/HashMap Tables/PELists' successfully

2020-06-05 20:51:58 - [TEST_STEP][PASSED] - println(ValueFound): null

2020-06-05 20:51:58 - [TEST_STEP][PASSED] - sendKeys(NewInputNmField, Keys.chord(ARROW_DOWN)): Keys 'DOWN + ' sent to object: 'Object Repository/Objects.HighlightElements/input_field'

2020-06-05 20:51:58 - [MESSAGE][PASSED] - Keys 'DOWN + ' sent to object: 'Object Repository/Objects.HighlightElements/input_field'

2020-06-05 20:51:58 - [TEST_STEP][PASSED] - sendKeys(NewInputNmField, Keys.chord(ARROW_DOWN)): Keys 'DOWN + ' sent to object: 'Object Repository/Objects.HighlightElements/input_field'

2020-06-05 20:51:58 - [MESSAGE][PASSED] - Keys 'DOWN + ' sent to object: 'Object Repository/Objects.HighlightElements/input_field'

2020-06-05 20:51:58 - [TEST_STEP][PASSED] - delay(DelayTime): Delayed 5 second(s)

2020-06-05 20:52:03 - [MESSAGE][PASSED] - Delayed 5 second(s)

2020-06-05 20:52:03 - [TEST_STEP][PASSED] - sendKeys(NewInputNmField, Keys.chord(ENTER)): Keys 'ENTER + ' sent to object: 'Object Repository/Objects.HighlightElements/input_field'

2020-06-05 20:52:03 - [MESSAGE][PASSED] - Keys 'ENTER + ' sent to object: 'Object Repository/Objects.HighlightElements/input_field'

2020-06-05 20:52:03 - [TEST_STEP][PASSED] - ComboBoxValue = getAttribute(NewInputNmField, "value"): Attribute 'value' of object 'Object Repository/Objects.HighlightElements/input_field' is: 'QP-Formatted Address'

2020-06-05 20:52:03 - [MESSAGE][PASSED] - Attribute 'value' of object 'Object Repository/Objects.HighlightElements/input_field' is: 'QP-Formatted Address'

2020-06-05 20:52:03 - [TEST_STEP][PASSED] - callTestCase(findTestCase(CallTCName), ["FindValue":ComboBoxValue, "DropdownNm":comboNm], STOP_ON_FAILURE): Call Test Case 'Test Cases/PFI Precision and Scale/HashMap Tables/PELists' successfully

2020-06-05 20:52:04 - [TEST_CASE][PASSED] - Test Cases/PFI Precision and Scale/HashMap Tables/PELists: Test Cases/PFI Precision and Scale/HashMap Tables/PELists

2020-06-05 20:52:04 - [TEST_STEP][PASSED] - Thread.sleep(1000): null

2020-06-05 20:52:05 - [TEST_STEP][PASSED] - PEListsTBL = ["0011":"QP-Formatted Address", "0012":"QP-0012", "0014":"QP-0014", "0015":"QP-0015", "0016":"QP-0016", "3214":"Dummy QP Name 3861", ... ]: null

2020-06-05 20:52:05 - [TEST_STEP][PASSED] - switch (DropdownNm): null

2020-06-05 20:52:05 - [TEST_STEP][PASSED] - case "PEName":: null

2020-06-05 20:52:05 - [TEST_STEP][PASSED] - ValueFound = PEListsTBL.find({ -> ... }): null

2020-06-05 20:52:05 - [TEST_STEP][PASSED] - break: null

2020-06-05 20:52:05 - [MESSAGE][PASSED] - Call Test Case 'Test Cases/PFI Precision and Scale/HashMap Tables/PELists' successfully

2020-06-05 20:52:05 - [TEST_STEP][PASSED] - println(ValueFound): null

2020-06-05 20:52:05 - [TEST_STEP][PASSED] - sendKeys(NewInputNmField, Keys.chord(ARROW_DOWN)): Keys 'DOWN + ' sent to object: 'Object Repository/Objects.HighlightElements/input_field'

2020-06-05 20:52:05 - [MESSAGE][PASSED] - Keys 'DOWN + ' sent to object: 'Object Repository/Objects.HighlightElements/input_field'

2020-06-05 20:52:05 - [TEST_STEP][PASSED] - sendKeys(NewInputNmField, Keys.chord(ARROW_DOWN)): Keys 'DOWN + ' sent to object: 'Object Repository/Objects.HighlightElements/input_field'

2020-06-05 20:52:05 - [MESSAGE][PASSED] - Keys 'DOWN + ' sent to object: 'Object Repository/Objects.HighlightElements/input_field'

2020-06-05 20:52:05 - [TEST_STEP][PASSED] - delay(DelayTime): Delayed 5 second(s)

2020-06-05 20:52:10 - [MESSAGE][PASSED] - Delayed 5 second(s)

2020-06-05 20:52:10 - [TEST_STEP][PASSED] - sendKeys(NewInputNmField, Keys.chord(ENTER)): Keys 'ENTER + ' sent to object: 'Object Repository/Objects.HighlightElements/input_field'

2020-06-05 20:52:10 - [MESSAGE][PASSED] - Keys 'ENTER + ' sent to object: 'Object Repository/Objects.HighlightElements/input_field'

2020-06-05 20:52:10 - [TEST_STEP][PASSED] - ComboBoxValue = getAttribute(NewInputNmField, "value"): Attribute 'value' of object 'Object Repository/Objects.HighlightElements/input_field' is: 'QP-7004'

2020-06-05 20:52:10 - [MESSAGE][PASSED] - Attribute 'value' of object 'Object Repository/Objects.HighlightElements/input_field' is: 'QP-7004'

2020-06-05 20:52:10 - [TEST_STEP][PASSED] - callTestCase(findTestCase(CallTCName), ["FindValue":ComboBoxValue, "DropdownNm":comboNm], STOP_ON_FAILURE): Call Test Case 'Test Cases/PFI Precision and Scale/HashMap Tables/PELists' successfully

2020-06-05 20:52:10 - [TEST_CASE][PASSED] - Test Cases/PFI Precision and Scale/HashMap Tables/PELists: Test Cases/PFI Precision and Scale/HashMap Tables/PELists

2020-06-05 20:52:10 - [TEST_STEP][PASSED] - Thread.sleep(1000): null

2020-06-05 20:52:11 - [TEST_STEP][PASSED] - PEListsTBL = ["0011":"QP-Formatted Address", "0012":"QP-0012", "0014":"QP-0014", "0015":"QP-0015", "0016":"QP-0016", "3214":"Dummy QP Name 3861", ... ]: null

2020-06-05 20:52:11 - [TEST_STEP][PASSED] - switch (DropdownNm): null

2020-06-05 20:52:11 - [TEST_STEP][PASSED] - case "PEName":: null

2020-06-05 20:52:11 - [TEST_STEP][PASSED] - ValueFound = PEListsTBL.find({ -> ... }): null

2020-06-05 20:52:11 - [TEST_STEP][PASSED] - break: null

2020-06-05 20:52:11 - [MESSAGE][PASSED] - Call Test Case 'Test Cases/PFI Precision and Scale/HashMap Tables/PELists' successfully

2020-06-05 20:52:11 - [TEST_STEP][PASSED] - println(ValueFound): null

2020-06-05 20:52:11 - [TEST_STEP][PASSED] - sendKeys(NewInputNmField, Keys.chord(ARROW_DOWN)): Keys 'DOWN + ' sent to object: 'Object Repository/Objects.HighlightElements/input_field'

2020-06-05 20:52:11 - [MESSAGE][PASSED] - Keys 'DOWN + ' sent to object: 'Object Repository/Objects.HighlightElements/input_field'

2020-06-05 20:52:11 - [TEST_STEP][PASSED] - sendKeys(NewInputNmField, Keys.chord(ARROW_DOWN)): Keys 'DOWN + ' sent to object: 'Object Repository/Objects.HighlightElements/input_field'

2020-06-05 20:52:12 - [MESSAGE][PASSED] - Keys 'DOWN + ' sent to object: 'Object Repository/Objects.HighlightElements/input_field'

2020-06-05 20:52:12 - [TEST_STEP][PASSED] - delay(DelayTime): Delayed 5 second(s)

2020-06-05 20:52:17 - [MESSAGE][PASSED] - Delayed 5 second(s)

2020-06-05 20:52:17 - [TEST_STEP][PASSED] - sendKeys(NewInputNmField, Keys.chord(ENTER)): Keys 'ENTER + ' sent to object: 'Object Repository/Objects.HighlightElements/input_field'

2020-06-05 20:52:17 - [MESSAGE][PASSED] - Keys 'ENTER + ' sent to object: 'Object Repository/Objects.HighlightElements/input_field'

2020-06-05 20:52:17 - [TEST_STEP][PASSED] - ComboBoxValue = getAttribute(NewInputNmField, "value"): Attribute 'value' of object 'Object Repository/Objects.HighlightElements/input_field' is: 'Janet Waters'

2020-06-05 20:52:17 - [MESSAGE][PASSED] - Attribute 'value' of object 'Object Repository/Objects.HighlightElements/input_field' is: 'Janet Waters'

2020-06-05 20:52:17 - [TEST_STEP][PASSED] - callTestCase(findTestCase(CallTCName), ["FindValue":ComboBoxValue, "DropdownNm":comboNm], STOP_ON_FAILURE): Call Test Case 'Test Cases/PFI Precision and Scale/HashMap Tables/PELists' successfully

2020-06-05 20:52:17 - [TEST_CASE][PASSED] - Test Cases/PFI Precision and Scale/HashMap Tables/PELists: Test Cases/PFI Precision and Scale/HashMap Tables/PELists

2020-06-05 20:52:17 - [TEST_STEP][PASSED] - Thread.sleep(1000): null

2020-06-05 20:52:18 - [TEST_STEP][PASSED] - PEListsTBL = ["0011":"QP-Formatted Address", "0012":"QP-0012", "0014":"QP-0014", "0015":"QP-0015", "0016":"QP-0016", "3214":"Dummy QP Name 3861", ... ]: null

2020-06-05 20:52:18 - [TEST_STEP][PASSED] - switch (DropdownNm): null

2020-06-05 20:52:18 - [TEST_STEP][PASSED] - case "PEName":: null

2020-06-05 20:52:18 - [TEST_STEP][PASSED] - ValueFound = PEListsTBL.find({ -> ... }): null

2020-06-05 20:52:18 - [TEST_STEP][PASSED] - break: null

2020-06-05 20:52:18 - [MESSAGE][PASSED] - Call Test Case 'Test Cases/PFI Precision and Scale/HashMap Tables/PELists' successfully

2020-06-05 20:52:18 - [TEST_STEP][PASSED] - println(ValueFound): null

2020-06-05 20:52:18 - [TEST_STEP][PASSED] - sendKeys(NewInputNmField, Keys.chord(ARROW_DOWN)): Keys 'DOWN + ' sent to object: 'Object Repository/Objects.HighlightElements/input_field'

2020-06-05 20:52:18 - [MESSAGE][PASSED] - Keys 'DOWN + ' sent to object: 'Object Repository/Objects.HighlightElements/input_field'

2020-06-05 20:52:18 - [TEST_STEP][PASSED] - sendKeys(NewInputNmField, Keys.chord(ARROW_DOWN)): Keys 'DOWN + ' sent to object: 'Object Repository/Objects.HighlightElements/input_field'

2020-06-05 20:52:18 - [MESSAGE][PASSED] - Keys 'DOWN + ' sent to object: 'Object Repository/Objects.HighlightElements/input_field'

2020-06-05 20:52:18 - [TEST_STEP][PASSED] - delay(DelayTime): Delayed 5 second(s)

2020-06-05 20:52:23 - [MESSAGE][PASSED] - Delayed 5 second(s)

2020-06-05 20:52:23 - [TEST_STEP][PASSED] - sendKeys(NewInputNmField, Keys.chord(ENTER)): Keys 'ENTER + ' sent to object: 'Object Repository/Objects.HighlightElements/input_field'

2020-06-05 20:52:23 - [MESSAGE][PASSED] - Keys 'ENTER + ' sent to object: 'Object Repository/Objects.HighlightElements/input_field'

2020-06-05 20:52:23 - [TEST_STEP][PASSED] - ComboBoxValue = getAttribute(NewInputNmField, "value"): Attribute 'value' of object 'Object Repository/Objects.HighlightElements/input_field' is: 'Mrs. Mikayla Romaguera Sr.'

2020-06-05 20:52:23 - [MESSAGE][PASSED] - Attribute 'value' of object 'Object Repository/Objects.HighlightElements/input_field' is: 'Mrs. Mikayla Romaguera Sr.'

2020-06-05 20:52:23 - [TEST_STEP][PASSED] - callTestCase(findTestCase(CallTCName), ["FindValue":ComboBoxValue, "DropdownNm":comboNm], STOP_ON_FAILURE): Call Test Case 'Test Cases/PFI Precision and Scale/HashMap Tables/PELists' successfully

2020-06-05 20:52:23 - [TEST_CASE][PASSED] - Test Cases/PFI Precision and Scale/HashMap Tables/PELists: Test Cases/PFI Precision and Scale/HashMap Tables/PELists

2020-06-05 20:52:23 - [TEST_STEP][PASSED] - Thread.sleep(1000): null

2020-06-05 20:52:24 - [TEST_STEP][PASSED] - PEListsTBL = ["0011":"QP-Formatted Address", "0012":"QP-0012", "0014":"QP-0014", "0015":"QP-0015", "0016":"QP-0016", "3214":"Dummy QP Name 3861", ... ]: null

2020-06-05 20:52:24 - [TEST_STEP][PASSED] - switch (DropdownNm): null

2020-06-05 20:52:24 - [TEST_STEP][PASSED] - case "PEName":: null

2020-06-05 20:52:24 - [TEST_STEP][PASSED] - ValueFound = PEListsTBL.find({ -> ... }): null

2020-06-05 20:52:24 - [TEST_STEP][PASSED] - break: null

2020-06-05 20:52:24 - [MESSAGE][PASSED] - Call Test Case 'Test Cases/PFI Precision and Scale/HashMap Tables/PELists' successfully

2020-06-05 20:52:24 - [TEST_STEP][PASSED] - println(ValueFound): null

2020-06-05 20:52:24 - [TEST_STEP][PASSED] - sendKeys(NewInputNmField, Keys.chord(ARROW_DOWN)): Keys 'DOWN + ' sent to object: 'Object Repository/Objects.HighlightElements/input_field'

2020-06-05 20:52:24 - [MESSAGE][PASSED] - Keys 'DOWN + ' sent to object: 'Object Repository/Objects.HighlightElements/input_field'

2020-06-05 20:52:24 - [TEST_STEP][PASSED] - sendKeys(NewInputNmField, Keys.chord(ENTER)): Keys 'ENTER + ' sent to object: 'Object Repository/Objects.HighlightElements/input_field'

2020-06-05 20:52:24 - [MESSAGE][PASSED] - Keys 'ENTER + ' sent to object: 'Object Repository/Objects.HighlightElements/input_field'

2020-06-05 20:52:24 - [MESSAGE][PASSED] - Call Test Case 'Test Cases/PFI Precision and Scale/PFI Components/VerifyDropdownValues' successfully

2020-06-05 20:52:24 - [TEST_STEP][PASSED] - callTestCase(findTestCase("Components/ClickCancelIcon"), [:], STOP_ON_FAILURE): Call Test Case 'Test Cases/Components/ClickCancelIcon' successfully

2020-06-05 20:52:24 - [TEST_CASE][PASSED] - Test Cases/Components/ClickCancelIcon: Test Cases/Components/ClickCancelIcon

2020-06-05 20:52:24 - [TEST_STEP][PASSED] - Thread.sleep(1000): null

2020-06-05 20:52:25 - [TEST_STEP][PASSED] - com.reusableComponents.HighlightElement.run(findTestObject("Object Repository/Objects.ActionButtons/Cancel_Icon")): com.reusableComponents.HighlightElement.run is PASSED

2020-06-05 20:52:26 - [MESSAGE][PASSED] - com.reusableComponents.HighlightElement.run is PASSED

2020-06-05 20:52:26 - [TEST_STEP][PASSED] - click(findTestObject("Object Repository/Objects.ActionButtons/Cancel_Icon")): Object: 'Object Repository/Objects.ActionButtons/Cancel_Icon' is clicked on

2020-06-05 20:52:26 - [MESSAGE][PASSED] - Object: 'Object Repository/Objects.ActionButtons/Cancel_Icon' is clicked on

2020-06-05 20:52:26 - [MESSAGE][PASSED] - Call Test Case 'Test Cases/Components/ClickCancelIcon' successfully

2020-06-05 20:52:26 - [TEST_STEP][NOT_RUN] - callTestCase(findTestCase("Components/Logout"), ["LogoutPageTextToBeVerified":findTestData("Datatable").getValue("HomeBanner", 2)], STOP_ON_FAILURE): NOT_RUN: callTestCase(findTestCase("Components/Logout"), ["LogoutPageTextToBeVerified":findTestData("Datatable").getValue("HomeBanner", 2)], STOP_ON_FAILURE)

2020-06-05 20:52:26 - [MESSAGE][NOT_RUN] - NOT_RUN: callTestCase(findTestCase("Components/Logout"), ["LogoutPageTextToBeVerified":findTestData("Datatable").getValue("HomeBanner", 2)], STOP_ON_FAILURE)]]></system-out>
         <system-err><![CDATA[]]></system-err>
      </testcase>
      <testcase name="Test Cases/PFI Precision and Scale/PFI Test Cases/Process Case (PFI)/PFI.D2FormsLHS" time="124.651" classname="Test Cases/PFI Precision and Scale/PFI Test Cases/Process Case (PFI)/PFI.D2FormsLHS" status="PASSED">
         <system-out><![CDATA[2020-06-05 20:52:26 - [TEST_CASE][PASSED] - Test Cases/PFI Precision and Scale/PFI Test Cases/Process Case (PFI)/PFI.D2FormsLHS: Test Cases/PFI Precision and Scale/PFI Test Cases/Process Case (PFI)/PFI.D2FormsLHS

2020-06-05 20:52:26 - [TEST_STEP][NOT_RUN] - callTestCase(findTestCase("Components/LoginV2.0"), ["LinkToBeUsed":findTestData("Datatable").getValue("URL", 16), "LoginPageTextToBeVerified":findTestData("Datatable").getValue("HomeBanner", 2), ... ], STOP_ON_FAILURE): NOT_RUN: callTestCase(findTestCase("Components/LoginV2.0"), ["LinkToBeUsed":findTestData("Datatable").getValue("URL", 16), "LoginPageTextToBeVerified":findTestData("Datatable").getValue("HomeBanner", 2), ... ], STOP_ON_FAILURE)

2020-06-05 20:52:26 - [MESSAGE][NOT_RUN] - NOT_RUN: callTestCase(findTestCase("Components/LoginV2.0"), ["LinkToBeUsed":findTestData("Datatable").getValue("URL", 16), "LoginPageTextToBeVerified":findTestData("Datatable").getValue("HomeBanner", 2), ... ], STOP_ON_FAILURE)

2020-06-05 20:52:26 - [TEST_STEP][NOT_RUN] - callTestCase(findTestCase("Components/Filter"), ["taskDescription":"Process Case (SM)"], STOP_ON_FAILURE): NOT_RUN: callTestCase(findTestCase("Components/Filter"), ["taskDescription":"Process Case (SM)"], STOP_ON_FAILURE)

2020-06-05 20:52:26 - [MESSAGE][NOT_RUN] - NOT_RUN: callTestCase(findTestCase("Components/Filter"), ["taskDescription":"Process Case (SM)"], STOP_ON_FAILURE)

2020-06-05 20:52:26 - [TEST_STEP][NOT_RUN] - callTestCase(findTestCase("Components/ClickLinkDependingOnTextAndIndex"), ["linkName":"Process Case (SM)", "index":"2"], STOP_ON_FAILURE): NOT_RUN: callTestCase(findTestCase("Components/ClickLinkDependingOnTextAndIndex"), ["linkName":"Process Case (SM)", "index":"2"], STOP_ON_FAILURE)

2020-06-05 20:52:26 - [MESSAGE][NOT_RUN] - NOT_RUN: callTestCase(findTestCase("Components/ClickLinkDependingOnTextAndIndex"), ["linkName":"Process Case (SM)", "index":"2"], STOP_ON_FAILURE)

2020-06-05 20:52:26 - [TEST_STEP][PASSED] - callTestCase(findTestCase("Components/NavigateToAnyLHS"), ["LHS":"D2 Forms (Second Stage)"], STOP_ON_FAILURE): Call Test Case 'Test Cases/Components/NavigateToAnyLHS' successfully

2020-06-05 20:52:26 - [TEST_CASE][PASSED] - Test Cases/Components/NavigateToAnyLHS: Test Cases/Components/NavigateToAnyLHS

2020-06-05 20:52:26 - [TEST_STEP][PASSED] - Thread.sleep(1000): null

2020-06-05 20:52:27 - [TEST_STEP][PASSED] - modifiedLHS = modifyObjectProperty(findTestObject("Objects.NavigateToAnyLHS/Page_ISPS2/LHSToModify"), "text", "equals", LHS, true): Modify property of object successfully

2020-06-05 20:52:27 - [MESSAGE][PASSED] - Modify property of object successfully

2020-06-05 20:52:27 - [TEST_STEP][PASSED] - click(modifiedLHS): Object: 'Object Repository/Objects.NavigateToAnyLHS/Page_ISPS2/LHSToModify' is clicked on

2020-06-05 20:52:27 - [MESSAGE][PASSED] - Object: 'Object Repository/Objects.NavigateToAnyLHS/Page_ISPS2/LHSToModify' is clicked on

2020-06-05 20:52:27 - [TEST_STEP][PASSED] - currentLHS = getText(modifiedLHS): Text of object 'Object Repository/Objects.NavigateToAnyLHS/Page_ISPS2/LHSToModify' is: 'D2 Forms (Second Stage)'

2020-06-05 20:52:27 - [MESSAGE][PASSED] - Text of object 'Object Repository/Objects.NavigateToAnyLHS/Page_ISPS2/LHSToModify' is: 'D2 Forms (Second Stage)'

2020-06-05 20:52:27 - [TEST_STEP][PASSED] - Thread.sleep(5000): null

2020-06-05 20:52:32 - [MESSAGE][PASSED] - Call Test Case 'Test Cases/Components/NavigateToAnyLHS' successfully

2020-06-05 20:52:32 - [TEST_STEP][PASSED] - callTestCase(findTestCase("Components/VerifyPageSuccessfullyLoadedII"), ["PageNm":"D Forms (Second Stage)"], STOP_ON_FAILURE): Call Test Case 'Test Cases/Components/VerifyPageSuccessfullyLoadedII' successfully

2020-06-05 20:52:32 - [TEST_CASE][PASSED] - Test Cases/Components/VerifyPageSuccessfullyLoadedII: Test Cases/Components/VerifyPageSuccessfullyLoadedII

2020-06-05 20:52:32 - [TEST_STEP][PASSED] - waitForPageLoad(5): Wait for page load successfully

2020-06-05 20:52:32 - [MESSAGE][PASSED] - Wait for page load successfully

2020-06-05 20:52:32 - [TEST_STEP][PASSED] - modifiedInputFld = modifyObjectProperty(findTestObject("Object Repository/Objects.VerifyPageSuccessfullyLoaded/PageHeaderIndex"), "xpath", "equals", "//*[contains(@class,'isps-page-title') and (text()='" + PageNm + "')]", true): Modify property of object successfully

2020-06-05 20:52:32 - [MESSAGE][PASSED] - Modify property of object successfully

2020-06-05 20:52:32 - [TEST_STEP][PASSED] - com.reusableComponents.HighlightElement.run(modifiedInputFld): com.reusableComponents.HighlightElement.run is PASSED

2020-06-05 20:52:33 - [MESSAGE][PASSED] - com.reusableComponents.HighlightElement.run is PASSED

2020-06-05 20:52:33 - [MESSAGE][PASSED] - Call Test Case 'Test Cases/Components/VerifyPageSuccessfullyLoadedII' successfully

2020-06-05 20:52:33 - [TEST_STEP][PASSED] - callTestCase(findTestCase("Components/ClickSubmitButton"), [:], STOP_ON_FAILURE): Call Test Case 'Test Cases/Components/ClickSubmitButton' successfully

2020-06-05 20:52:33 - [TEST_CASE][PASSED] - Test Cases/Components/ClickSubmitButton: Test Cases/Components/ClickSubmitButton

2020-06-05 20:52:33 - [TEST_STEP][PASSED] - Thread.sleep(1000): null

2020-06-05 20:52:34 - [TEST_STEP][PASSED] - com.reusableComponents.HighlightElement.run(findTestObject("Objects.ClickSubmitButton/XP_SubmitButton")): com.reusableComponents.HighlightElement.run is PASSED

2020-06-05 20:52:34 - [MESSAGE][PASSED] - com.reusableComponents.HighlightElement.run is PASSED

2020-06-05 20:52:34 - [TEST_STEP][PASSED] - click(findTestObject("Objects.ClickSubmitButton/XP_SubmitButton")): Object: 'Object Repository/Objects.ClickSubmitButton/XP_SubmitButton' is clicked on

2020-06-05 20:52:34 - [MESSAGE][PASSED] - Object: 'Object Repository/Objects.ClickSubmitButton/XP_SubmitButton' is clicked on

2020-06-05 20:52:34 - [MESSAGE][PASSED] - Call Test Case 'Test Cases/Components/ClickSubmitButton' successfully

2020-06-05 20:52:34 - [TEST_STEP][PASSED] - callTestCase(findTestCase("PFI Precision and Scale/PFI Components/RequiredFieldValidation"), ["nameToBeUsed":"d2RecvDt"], STOP_ON_FAILURE): Call Test Case 'Test Cases/PFI Precision and Scale/PFI Components/RequiredFieldValidation' successfully

2020-06-05 20:52:35 - [TEST_CASE][PASSED] - Test Cases/PFI Precision and Scale/PFI Components/RequiredFieldValidation: Test Cases/PFI Precision and Scale/PFI Components/RequiredFieldValidation

2020-06-05 20:52:35 - [TEST_STEP][PASSED] - Thread.sleep(1000): null

2020-06-05 20:52:36 - [TEST_STEP][PASSED] - NewInputNmField = modifyObjectProperty(findTestObject("Objects.HighlightElements/input_field"), "name", "equals", nameToBeUsed, true): Modify property of object successfully

2020-06-05 20:52:36 - [MESSAGE][PASSED] - Modify property of object successfully

2020-06-05 20:52:36 - [TEST_STEP][PASSED] - mouseOver(NewInputNmField): Object: 'Object Repository/Objects.HighlightElements/input_field' is hovered

2020-06-05 20:52:36 - [MESSAGE][PASSED] - Object: 'Object Repository/Objects.HighlightElements/input_field' is hovered

2020-06-05 20:52:36 - [TEST_STEP][PASSED] - getRqErrMsg = getAttribute(NewInputNmField, "data-errorqtip"): Attribute 'data-errorqtip' of object 'Object Repository/Objects.HighlightElements/input_field' is: '<ul class="x-list-plain"><li>This field is required</li></ul>'

2020-06-05 20:52:36 - [MESSAGE][PASSED] - Attribute 'data-errorqtip' of object 'Object Repository/Objects.HighlightElements/input_field' is: '<ul class="x-list-plain"><li>This field is required</li></ul>'

2020-06-05 20:52:36 - [TEST_STEP][PASSED] - strToolTip = getRqErrMsg.substring(29, 61): null

2020-06-05 20:52:36 - [TEST_STEP][PASSED] - toolTipReqErrMsg = strToolTip.substring(0, 22): null

2020-06-05 20:52:36 - [TEST_STEP][PASSED] - verifyMatch(toolTipReqErrMsg, RqField, true): Actual text 'This field is required' and expected text 'This field is required' are matched  using regular expression

2020-06-05 20:52:36 - [MESSAGE][PASSED] - Actual text 'This field is required' and expected text 'This field is required' are matched  using regular expression

2020-06-05 20:52:36 - [MESSAGE][PASSED] - Call Test Case 'Test Cases/PFI Precision and Scale/PFI Components/RequiredFieldValidation' successfully

2020-06-05 20:52:36 - [TEST_STEP][PASSED] - callTestCase(findTestCase("PFI Precision and Scale/PFI Components/RequiredFieldValidation"), ["nameToBeUsed":"d2ComplDt"], STOP_ON_FAILURE): Call Test Case 'Test Cases/PFI Precision and Scale/PFI Components/RequiredFieldValidation' successfully

2020-06-05 20:52:36 - [TEST_CASE][PASSED] - Test Cases/PFI Precision and Scale/PFI Components/RequiredFieldValidation: Test Cases/PFI Precision and Scale/PFI Components/RequiredFieldValidation

2020-06-05 20:52:36 - [TEST_STEP][PASSED] - Thread.sleep(1000): null

2020-06-05 20:52:37 - [TEST_STEP][PASSED] - NewInputNmField = modifyObjectProperty(findTestObject("Objects.HighlightElements/input_field"), "name", "equals", nameToBeUsed, true): Modify property of object successfully

2020-06-05 20:52:37 - [MESSAGE][PASSED] - Modify property of object successfully

2020-06-05 20:52:37 - [TEST_STEP][PASSED] - mouseOver(NewInputNmField): Object: 'Object Repository/Objects.HighlightElements/input_field' is hovered

2020-06-05 20:52:37 - [MESSAGE][PASSED] - Object: 'Object Repository/Objects.HighlightElements/input_field' is hovered

2020-06-05 20:52:37 - [TEST_STEP][PASSED] - getRqErrMsg = getAttribute(NewInputNmField, "data-errorqtip"): Attribute 'data-errorqtip' of object 'Object Repository/Objects.HighlightElements/input_field' is: '<ul class="x-list-plain"><li>This field is required</li></ul>'

2020-06-05 20:52:37 - [MESSAGE][PASSED] - Attribute 'data-errorqtip' of object 'Object Repository/Objects.HighlightElements/input_field' is: '<ul class="x-list-plain"><li>This field is required</li></ul>'

2020-06-05 20:52:37 - [TEST_STEP][PASSED] - strToolTip = getRqErrMsg.substring(29, 61): null

2020-06-05 20:52:37 - [TEST_STEP][PASSED] - toolTipReqErrMsg = strToolTip.substring(0, 22): null

2020-06-05 20:52:37 - [TEST_STEP][PASSED] - verifyMatch(toolTipReqErrMsg, RqField, true): Actual text 'This field is required' and expected text 'This field is required' are matched  using regular expression

2020-06-05 20:52:37 - [MESSAGE][PASSED] - Actual text 'This field is required' and expected text 'This field is required' are matched  using regular expression

2020-06-05 20:52:37 - [MESSAGE][PASSED] - Call Test Case 'Test Cases/PFI Precision and Scale/PFI Components/RequiredFieldValidation' successfully

2020-06-05 20:52:37 - [TEST_STEP][PASSED] - callTestCase(findTestCase("PFI Precision and Scale/PFI Components/RequiredFieldValidation"), ["nameToBeUsed":"d2aRecvDt"], STOP_ON_FAILURE): Call Test Case 'Test Cases/PFI Precision and Scale/PFI Components/RequiredFieldValidation' successfully

2020-06-05 20:52:37 - [TEST_CASE][PASSED] - Test Cases/PFI Precision and Scale/PFI Components/RequiredFieldValidation: Test Cases/PFI Precision and Scale/PFI Components/RequiredFieldValidation

2020-06-05 20:52:37 - [TEST_STEP][PASSED] - Thread.sleep(1000): null

2020-06-05 20:52:38 - [TEST_STEP][PASSED] - NewInputNmField = modifyObjectProperty(findTestObject("Objects.HighlightElements/input_field"), "name", "equals", nameToBeUsed, true): Modify property of object successfully

2020-06-05 20:52:38 - [MESSAGE][PASSED] - Modify property of object successfully

2020-06-05 20:52:38 - [TEST_STEP][PASSED] - mouseOver(NewInputNmField): Object: 'Object Repository/Objects.HighlightElements/input_field' is hovered

2020-06-05 20:52:38 - [MESSAGE][PASSED] - Object: 'Object Repository/Objects.HighlightElements/input_field' is hovered

2020-06-05 20:52:38 - [TEST_STEP][PASSED] - getRqErrMsg = getAttribute(NewInputNmField, "data-errorqtip"): Attribute 'data-errorqtip' of object 'Object Repository/Objects.HighlightElements/input_field' is: '<ul class="x-list-plain"><li>This field is required</li></ul>'

2020-06-05 20:52:38 - [MESSAGE][PASSED] - Attribute 'data-errorqtip' of object 'Object Repository/Objects.HighlightElements/input_field' is: '<ul class="x-list-plain"><li>This field is required</li></ul>'

2020-06-05 20:52:38 - [TEST_STEP][PASSED] - strToolTip = getRqErrMsg.substring(29, 61): null

2020-06-05 20:52:38 - [TEST_STEP][PASSED] - toolTipReqErrMsg = strToolTip.substring(0, 22): null

2020-06-05 20:52:38 - [TEST_STEP][PASSED] - verifyMatch(toolTipReqErrMsg, RqField, true): Actual text 'This field is required' and expected text 'This field is required' are matched  using regular expression

2020-06-05 20:52:38 - [MESSAGE][PASSED] - Actual text 'This field is required' and expected text 'This field is required' are matched  using regular expression

2020-06-05 20:52:38 - [MESSAGE][PASSED] - Call Test Case 'Test Cases/PFI Precision and Scale/PFI Components/RequiredFieldValidation' successfully

2020-06-05 20:52:38 - [TEST_STEP][PASSED] - callTestCase(findTestCase("PFI Precision and Scale/PFI Components/RequiredFieldValidation"), ["nameToBeUsed":"d2aComplDt"], STOP_ON_FAILURE): Call Test Case 'Test Cases/PFI Precision and Scale/PFI Components/RequiredFieldValidation' successfully

2020-06-05 20:52:38 - [TEST_CASE][PASSED] - Test Cases/PFI Precision and Scale/PFI Components/RequiredFieldValidation: Test Cases/PFI Precision and Scale/PFI Components/RequiredFieldValidation

2020-06-05 20:52:38 - [TEST_STEP][PASSED] - Thread.sleep(1000): null

2020-06-05 20:52:39 - [TEST_STEP][PASSED] - NewInputNmField = modifyObjectProperty(findTestObject("Objects.HighlightElements/input_field"), "name", "equals", nameToBeUsed, true): Modify property of object successfully

2020-06-05 20:52:39 - [MESSAGE][PASSED] - Modify property of object successfully

2020-06-05 20:52:39 - [TEST_STEP][PASSED] - mouseOver(NewInputNmField): Object: 'Object Repository/Objects.HighlightElements/input_field' is hovered

2020-06-05 20:52:40 - [MESSAGE][PASSED] - Object: 'Object Repository/Objects.HighlightElements/input_field' is hovered

2020-06-05 20:52:40 - [TEST_STEP][PASSED] - getRqErrMsg = getAttribute(NewInputNmField, "data-errorqtip"): Attribute 'data-errorqtip' of object 'Object Repository/Objects.HighlightElements/input_field' is: '<ul class="x-list-plain"><li>This field is required</li></ul>'

2020-06-05 20:52:40 - [MESSAGE][PASSED] - Attribute 'data-errorqtip' of object 'Object Repository/Objects.HighlightElements/input_field' is: '<ul class="x-list-plain"><li>This field is required</li></ul>'

2020-06-05 20:52:40 - [TEST_STEP][PASSED] - strToolTip = getRqErrMsg.substring(29, 61): null

2020-06-05 20:52:40 - [TEST_STEP][PASSED] - toolTipReqErrMsg = strToolTip.substring(0, 22): null

2020-06-05 20:52:40 - [TEST_STEP][PASSED] - verifyMatch(toolTipReqErrMsg, RqField, true): Actual text 'This field is required' and expected text 'This field is required' are matched  using regular expression

2020-06-05 20:52:40 - [MESSAGE][PASSED] - Actual text 'This field is required' and expected text 'This field is required' are matched  using regular expression

2020-06-05 20:52:40 - [MESSAGE][PASSED] - Call Test Case 'Test Cases/PFI Precision and Scale/PFI Components/RequiredFieldValidation' successfully

2020-06-05 20:52:40 - [TEST_STEP][PASSED] - callTestCase(findTestCase("PFI Precision and Scale/PFI Components/RequiredFieldValidation"), ["nameToBeUsed":"peRegNbr"], STOP_ON_FAILURE): Call Test Case 'Test Cases/PFI Precision and Scale/PFI Components/RequiredFieldValidation' successfully

2020-06-05 20:52:40 - [TEST_CASE][PASSED] - Test Cases/PFI Precision and Scale/PFI Components/RequiredFieldValidation: Test Cases/PFI Precision and Scale/PFI Components/RequiredFieldValidation

2020-06-05 20:52:40 - [TEST_STEP][PASSED] - Thread.sleep(1000): null

2020-06-05 20:52:41 - [TEST_STEP][PASSED] - NewInputNmField = modifyObjectProperty(findTestObject("Objects.HighlightElements/input_field"), "name", "equals", nameToBeUsed, true): Modify property of object successfully

2020-06-05 20:52:41 - [MESSAGE][PASSED] - Modify property of object successfully

2020-06-05 20:52:41 - [TEST_STEP][PASSED] - mouseOver(NewInputNmField): Object: 'Object Repository/Objects.HighlightElements/input_field' is hovered

2020-06-05 20:52:41 - [MESSAGE][PASSED] - Object: 'Object Repository/Objects.HighlightElements/input_field' is hovered

2020-06-05 20:52:41 - [TEST_STEP][PASSED] - getRqErrMsg = getAttribute(NewInputNmField, "data-errorqtip"): Attribute 'data-errorqtip' of object 'Object Repository/Objects.HighlightElements/input_field' is: '<ul class="x-list-plain"><li>This field is required</li></ul>'

2020-06-05 20:52:41 - [MESSAGE][PASSED] - Attribute 'data-errorqtip' of object 'Object Repository/Objects.HighlightElements/input_field' is: '<ul class="x-list-plain"><li>This field is required</li></ul>'

2020-06-05 20:52:41 - [TEST_STEP][PASSED] - strToolTip = getRqErrMsg.substring(29, 61): null

2020-06-05 20:52:41 - [TEST_STEP][PASSED] - toolTipReqErrMsg = strToolTip.substring(0, 22): null

2020-06-05 20:52:41 - [TEST_STEP][PASSED] - verifyMatch(toolTipReqErrMsg, RqField, true): Actual text 'This field is required' and expected text 'This field is required' are matched  using regular expression

2020-06-05 20:52:41 - [MESSAGE][PASSED] - Actual text 'This field is required' and expected text 'This field is required' are matched  using regular expression

2020-06-05 20:52:41 - [MESSAGE][PASSED] - Call Test Case 'Test Cases/PFI Precision and Scale/PFI Components/RequiredFieldValidation' successfully

2020-06-05 20:52:41 - [TEST_STEP][PASSED] - callTestCase(findTestCase("Components/HighlightLabelField"), ["LblName":"Inspection D2 Receive Date *:"], STOP_ON_FAILURE): Call Test Case 'Test Cases/Components/HighlightLabelField' successfully

2020-06-05 20:52:41 - [TEST_CASE][PASSED] - Test Cases/Components/HighlightLabelField: Test Cases/Components/HighlightLabelField

2020-06-05 20:52:41 - [TEST_STEP][PASSED] - Thread.sleep(1000): null

2020-06-05 20:52:42 - [TEST_STEP][PASSED] - modifiedLblNm = modifyObjectProperty(findTestObject("Objects.HighlightElements/lblField"), "text", "equals", LblName, true): Modify property of object successfully

2020-06-05 20:52:42 - [MESSAGE][PASSED] - Modify property of object successfully

2020-06-05 20:52:42 - [TEST_STEP][PASSED] - com.reusableComponents.HighlightElement.run(modifiedLblNm): com.reusableComponents.HighlightElement.run is PASSED

2020-06-05 20:52:42 - [MESSAGE][PASSED] - com.reusableComponents.HighlightElement.run is PASSED

2020-06-05 20:52:42 - [MESSAGE][PASSED] - Call Test Case 'Test Cases/Components/HighlightLabelField' successfully

2020-06-05 20:52:42 - [TEST_STEP][PASSED] - callTestCase(findTestCase("Components/HighlightInputField"), ["InputFldName":"d2RecvDt"], STOP_ON_FAILURE): Call Test Case 'Test Cases/Components/HighlightInputField' successfully

2020-06-05 20:52:42 - [TEST_CASE][PASSED] - Test Cases/Components/HighlightInputField: Test Cases/Components/HighlightInputField

2020-06-05 20:52:42 - [TEST_STEP][PASSED] - Thread.sleep(1000): null

2020-06-05 20:52:43 - [TEST_STEP][PASSED] - modifiedLblNm = modifyObjectProperty(findTestObject("Objects.HighlightElements/input_field"), "name", "equals", InputFldName, true): Modify property of object successfully

2020-06-05 20:52:43 - [MESSAGE][PASSED] - Modify property of object successfully

2020-06-05 20:52:43 - [TEST_STEP][PASSED] - com.reusableComponents.HighlightElement.run(modifiedLblNm): com.reusableComponents.HighlightElement.run is PASSED

2020-06-05 20:52:44 - [MESSAGE][PASSED] - com.reusableComponents.HighlightElement.run is PASSED

2020-06-05 20:52:44 - [MESSAGE][PASSED] - Call Test Case 'Test Cases/Components/HighlightInputField' successfully

2020-06-05 20:52:44 - [TEST_STEP][PASSED] - callTestCase(findTestCase("PFI Precision and Scale/PFI Components/NumericTextboxValidationII"), ["nameToBeUsed":"d2RecvDt", "minLen":5], STOP_ON_FAILURE): Call Test Case 'Test Cases/PFI Precision and Scale/PFI Components/NumericTextboxValidationII' successfully

2020-06-05 20:52:44 - [TEST_CASE][PASSED] - Test Cases/PFI Precision and Scale/PFI Components/NumericTextboxValidationII: Test Cases/PFI Precision and Scale/PFI Components/NumericTextboxValidationII

2020-06-05 20:52:44 - [TEST_STEP][PASSED] - Thread.sleep(1000): null

2020-06-05 20:52:45 - [TEST_STEP][PASSED] - Numeric = "0123456789": null

2020-06-05 20:52:45 - [TEST_STEP][PASSED] - AlphaSpecialChar = z) + "`~!@#$%^&*()=_{}|\][;'":,?><"".join(): null

2020-06-05 20:52:45 - [TEST_STEP][PASSED] - RandomNumeric = RandomStringUtils.random(minLen, Numeric.toCharArray()): null

2020-06-05 20:52:46 - [TEST_STEP][PASSED] - RandomString = RandomStringUtils.random(minLen, AlphaSpecialChar): null

2020-06-05 20:52:46 - [TEST_STEP][PASSED] - regexPat = Pattern.compile("^[0-9]+$"): null

2020-06-05 20:52:46 - [TEST_STEP][PASSED] - NewInputNmField = modifyObjectProperty(findTestObject("Objects.RemarksValidation/input_Remarks"), "name", "equals", nameToBeUsed, true): Modify property of object successfully

2020-06-05 20:52:46 - [MESSAGE][PASSED] - Modify property of object successfully

2020-06-05 20:52:46 - [TEST_STEP][PASSED] - focus(NewInputNmField): Object: 'Object Repository/Objects.RemarksValidation/input_Remarks' is focused

2020-06-05 20:52:46 - [MESSAGE][PASSED] - Object: 'Object Repository/Objects.RemarksValidation/input_Remarks' is focused

2020-06-05 20:52:46 - [TEST_STEP][PASSED] - setText(NewInputNmField, RandomString): Text '"`=pn' is set on object 'Object Repository/Objects.RemarksValidation/input_Remarks'

2020-06-05 20:52:46 - [MESSAGE][PASSED] - Text '"`=pn' is set on object 'Object Repository/Objects.RemarksValidation/input_Remarks'

2020-06-05 20:52:46 - [TEST_STEP][PASSED] - GetInputVal = getAttribute(NewInputNmField, "value"): Attribute 'value' of object 'Object Repository/Objects.RemarksValidation/input_Remarks' is: ''

2020-06-05 20:52:46 - [MESSAGE][PASSED] - Attribute 'value' of object 'Object Repository/Objects.RemarksValidation/input_Remarks' is: ''

2020-06-05 20:52:46 - [TEST_STEP][PASSED] - if (GetInputVal.contains("e")): null

2020-06-05 20:52:46 - [TEST_STEP][PASSED] - else: Actual text '' and expected text '' are matched  using regular expression

2020-06-05 20:52:46 - [TEST_STEP][PASSED] - verifyMatch(GetInputVal, "", true): Actual text '' and expected text '' are matched  using regular expression

2020-06-05 20:52:46 - [MESSAGE][PASSED] - Actual text '' and expected text '' are matched  using regular expression

2020-06-05 20:52:46 - [TEST_STEP][PASSED] - setText(NewInputNmField, RandomNumeric): Text '26470' is set on object 'Object Repository/Objects.RemarksValidation/input_Remarks'

2020-06-05 20:52:46 - [MESSAGE][PASSED] - Text '26470' is set on object 'Object Repository/Objects.RemarksValidation/input_Remarks'

2020-06-05 20:52:46 - [TEST_STEP][PASSED] - GetEnteredIntegers = getAttribute(NewInputNmField, "value"): Attribute 'value' of object 'Object Repository/Objects.RemarksValidation/input_Remarks' is: '26470'

2020-06-05 20:52:46 - [MESSAGE][PASSED] - Attribute 'value' of object 'Object Repository/Objects.RemarksValidation/input_Remarks' is: '26470'

2020-06-05 20:52:46 - [TEST_STEP][PASSED] - matchStr = regexPat.matcher(GetEnteredIntegers): null

2020-06-05 20:52:46 - [TEST_STEP][PASSED] - if (matchStr.matches() == true): Accepting Numeric

2020-06-05 20:52:46 - [TEST_STEP][PASSED] - comment("Accepting Numeric"): Accepting Numeric

2020-06-05 20:52:46 - [MESSAGE][INFO] - Accepting Numeric

2020-06-05 20:52:46 - [MESSAGE][PASSED] - Call Test Case 'Test Cases/PFI Precision and Scale/PFI Components/NumericTextboxValidationII' successfully

2020-06-05 20:52:46 - [TEST_STEP][PASSED] - callTestCase(findTestCase("PFI Precision and Scale/PFI Components/InvalidDateErrorValidation"), ["FldNm":"d2RecvDt"], STOP_ON_FAILURE): Call Test Case 'Test Cases/PFI Precision and Scale/PFI Components/InvalidDateErrorValidation' successfully

2020-06-05 20:52:46 - [TEST_CASE][PASSED] - Test Cases/PFI Precision and Scale/PFI Components/InvalidDateErrorValidation: Test Cases/PFI Precision and Scale/PFI Components/InvalidDateErrorValidation

2020-06-05 20:52:46 - [TEST_STEP][PASSED] - Thread.sleep(1000): null

2020-06-05 20:52:47 - [TEST_STEP][PASSED] - DateFieldNm = modifyObjectProperty(findTestObject("Object Repository/Objects.DateValidation/Page_ISPS2/input__orderDt"), "name", "equals", FldNm, true): Modify property of object successfully

2020-06-05 20:52:47 - [MESSAGE][PASSED] - Modify property of object successfully

2020-06-05 20:52:47 - [TEST_STEP][PASSED] - focus(DateFieldNm): Object: 'Object Repository/Objects.DateValidation/Page_ISPS2/input__orderDt' is focused

2020-06-05 20:52:47 - [MESSAGE][PASSED] - Object: 'Object Repository/Objects.DateValidation/Page_ISPS2/input__orderDt' is focused

2020-06-05 20:52:47 - [TEST_STEP][PASSED] - getInputInvalidDate = getAttribute(DateFieldNm, "value"): Attribute 'value' of object 'Object Repository/Objects.DateValidation/Page_ISPS2/input__orderDt' is: '26470'

2020-06-05 20:52:47 - [MESSAGE][PASSED] - Attribute 'value' of object 'Object Repository/Objects.DateValidation/Page_ISPS2/input__orderDt' is: '26470'

2020-06-05 20:52:47 - [TEST_STEP][PASSED] - mouseOver(DateFieldNm): Object: 'Object Repository/Objects.DateValidation/Page_ISPS2/input__orderDt' is hovered

2020-06-05 20:52:48 - [MESSAGE][PASSED] - Object: 'Object Repository/Objects.DateValidation/Page_ISPS2/input__orderDt' is hovered

2020-06-05 20:52:48 - [TEST_STEP][PASSED] - getErrMsg = getAttribute(DateFieldNm, "data-errorqtip"): Attribute 'data-errorqtip' of object 'Object Repository/Objects.DateValidation/Page_ISPS2/input__orderDt' is: '<ul class="x-list-plain"><li>26470 is not a valid date - it must be in the format d/m/Y</li></ul>'

2020-06-05 20:52:48 - [MESSAGE][PASSED] - Attribute 'data-errorqtip' of object 'Object Repository/Objects.DateValidation/Page_ISPS2/input__orderDt' is: '<ul class="x-list-plain"><li>26470 is not a valid date - it must be in the format d/m/Y</li></ul>'

2020-06-05 20:52:48 - [TEST_STEP][PASSED] - getTotalLength = getErrMsg.length(): null

2020-06-05 20:52:48 - [TEST_STEP][PASSED] - RemoveULClass = getErrMsg.substring(29, getTotalLength): null

2020-06-05 20:52:48 - [TEST_STEP][PASSED] - LengthNoUlClass = RemoveULClass.length() - 10: null

2020-06-05 20:52:48 - [TEST_STEP][PASSED] - ToolTipInvErrMsg = RemoveULClass.substring(0, LengthNoUlClass): null

2020-06-05 20:52:48 - [TEST_STEP][PASSED] - ExpectedInvalidErrMsg = concatenate(getInputInvalidDate, " ", NotValidDt): Concatenated string array: '['26470',' ','is not a valid date - it must be in the format d/m/Y']' into '26470 is not a valid date - it must be in the format d/m/Y'

2020-06-05 20:52:48 - [MESSAGE][PASSED] - Concatenated string array: '['26470',' ','is not a valid date - it must be in the format d/m/Y']' into '26470 is not a valid date - it must be in the format d/m/Y'

2020-06-05 20:52:48 - [TEST_STEP][PASSED] - verifyMatch(ToolTipInvErrMsg, ExpectedInvalidErrMsg, true): Actual text '26470 is not a valid date - it must be in the format d/m/Y' and expected text '26470 is not a valid date - it must be in the format d/m/Y' are matched  using regular expression

2020-06-05 20:52:48 - [MESSAGE][PASSED] - Actual text '26470 is not a valid date - it must be in the format d/m/Y' and expected text '26470 is not a valid date - it must be in the format d/m/Y' are matched  using regular expression

2020-06-05 20:52:48 - [MESSAGE][PASSED] - Call Test Case 'Test Cases/PFI Precision and Scale/PFI Components/InvalidDateErrorValidation' successfully

2020-06-05 20:52:48 - [TEST_STEP][PASSED] - callTestCase(findTestCase("PFI Precision and Scale/PFI Components with Indexing/SelectDayInDatePickerWithIndex"), ["FldNm":"d2RecvDt", "SelectCurrentDay":"11", "index":1], STOP_ON_FAILURE): Call Test Case 'Test Cases/PFI Precision and Scale/PFI Components with Indexing/SelectDayInDatePickerWithIndex' successfully

2020-06-05 20:52:48 - [TEST_CASE][PASSED] - Test Cases/PFI Precision and Scale/PFI Components with Indexing/SelectDayInDatePickerWithIndex: Test Cases/PFI Precision and Scale/PFI Components with Indexing/SelectDayInDatePickerWithIndex

2020-06-05 20:52:48 - [TEST_STEP][PASSED] - Thread.sleep(1000): null

2020-06-05 20:52:49 - [TEST_STEP][PASSED] - DateFieldNm = modifyObjectProperty(findTestObject("Objects.HighlightElements/input_field"), "name", "equals", FldNm, true): Modify property of object successfully

2020-06-05 20:52:49 - [MESSAGE][PASSED] - Modify property of object successfully

2020-06-05 20:52:49 - [TEST_STEP][PASSED] - ModifyDay = modifyObjectProperty(findTestObject("Objects.DateValidation/Page_ISPS2/Select_Day_Index"), "xpath", "equals", "(//*[contains(@class, 'x-datepicker-date') and (text() = '" + SelectCurrentDay + "')])[" + index + "]", true): Modify property of object successfully

2020-06-05 20:52:49 - [MESSAGE][PASSED] - Modify property of object successfully

2020-06-05 20:52:49 - [TEST_STEP][PASSED] - sendKeys(DateFieldNm, Keys.chord(ARROW_DOWN)): Keys 'DOWN + ' sent to object: 'Object Repository/Objects.HighlightElements/input_field'

2020-06-05 20:52:49 - [MESSAGE][PASSED] - Keys 'DOWN + ' sent to object: 'Object Repository/Objects.HighlightElements/input_field'

2020-06-05 20:52:49 - [TEST_STEP][PASSED] - com.reusableComponents.HighlightElement.run(ModifyDay): com.reusableComponents.HighlightElement.run is PASSED

2020-06-05 20:52:49 - [MESSAGE][PASSED] - com.reusableComponents.HighlightElement.run is PASSED

2020-06-05 20:52:49 - [TEST_STEP][PASSED] - delay(1): Delayed 1 second(s)

2020-06-05 20:52:50 - [MESSAGE][PASSED] - Delayed 1 second(s)

2020-06-05 20:52:50 - [TEST_STEP][PASSED] - click(ModifyDay): Object: 'Object Repository/Objects.DateValidation/Page_ISPS2/Select_Day_Index' is clicked on

2020-06-05 20:52:50 - [MESSAGE][PASSED] - Object: 'Object Repository/Objects.DateValidation/Page_ISPS2/Select_Day_Index' is clicked on

2020-06-05 20:52:50 - [TEST_STEP][PASSED] - GetError = getAttribute(DateFieldNm, "data-errorqtip"): Attribute 'data-errorqtip' of object 'Object Repository/Objects.HighlightElements/input_field' is: ''

2020-06-05 20:52:50 - [MESSAGE][PASSED] - Attribute 'data-errorqtip' of object 'Object Repository/Objects.HighlightElements/input_field' is: ''

2020-06-05 20:52:50 - [TEST_STEP][PASSED] - if (GetError == ""): Date Format is valid

2020-06-05 20:52:50 - [TEST_STEP][PASSED] - GetEnteredDate = getAttribute(DateFieldNm, "value"): Attribute 'value' of object 'Object Repository/Objects.HighlightElements/input_field' is: '11/06/2020'

2020-06-05 20:52:50 - [MESSAGE][PASSED] - Attribute 'value' of object 'Object Repository/Objects.HighlightElements/input_field' is: '11/06/2020'

2020-06-05 20:52:50 - [TEST_STEP][PASSED] - DatePattern = Pattern.compile("^(1[0-2]|0[1-9])/(3[01]|[12][0-9]|0[1-9])/[0-9]{4}$"): null

2020-06-05 20:52:50 - [TEST_STEP][PASSED] - VerifyDateFormat = DatePattern.matcher(GetEnteredDate): null

2020-06-05 20:52:50 - [TEST_STEP][PASSED] - if (VerifyDateFormat.matches() == true): Date Format is valid

2020-06-05 20:52:50 - [TEST_STEP][PASSED] - comment("Date Format is valid"): Date Format is valid

2020-06-05 20:52:50 - [MESSAGE][INFO] - Date Format is valid

2020-06-05 20:52:50 - [MESSAGE][PASSED] - Call Test Case 'Test Cases/PFI Precision and Scale/PFI Components with Indexing/SelectDayInDatePickerWithIndex' successfully

2020-06-05 20:52:50 - [TEST_STEP][PASSED] - callTestCase(findTestCase("PFI Precision and Scale/PFI Components/SelectTodayInDatePicker"), ["FldNm":"d2RecvDt", "index":"1"], STOP_ON_FAILURE): Call Test Case 'Test Cases/PFI Precision and Scale/PFI Components/SelectTodayInDatePicker' successfully

2020-06-05 20:52:50 - [TEST_CASE][PASSED] - Test Cases/PFI Precision and Scale/PFI Components/SelectTodayInDatePicker: Test Cases/PFI Precision and Scale/PFI Components/SelectTodayInDatePicker

2020-06-05 20:52:50 - [TEST_STEP][PASSED] - Thread.sleep(1000): null

2020-06-05 20:52:51 - [TEST_STEP][PASSED] - date = new java.util.Date(): null

2020-06-05 20:52:51 - [TEST_STEP][PASSED] - CurrentDate = new java.text.SimpleDateFormat(dd/MM/yyyy): null

2020-06-05 20:52:51 - [TEST_STEP][PASSED] - TodayDate = CurrentDate.format(date): null

2020-06-05 20:52:51 - [TEST_STEP][PASSED] - DateFieldNm = modifyObjectProperty(findTestObject("Object Repository/Objects.DateValidation/Page_ISPS2/input__orderDt"), "name", "equals", FldNm, true): Modify property of object successfully

2020-06-05 20:52:51 - [MESSAGE][PASSED] - Modify property of object successfully

2020-06-05 20:52:51 - [TEST_STEP][PASSED] - TodayBtn = modifyObjectProperty(findTestObject("Object Repository/Objects.DateValidation/Page_ISPS2/a_Today"), "xpath", "equals", "(//*[text() = 'Today'])[" + index + "]", true): Modify property of object successfully

2020-06-05 20:52:52 - [MESSAGE][PASSED] - Modify property of object successfully

2020-06-05 20:52:52 - [TEST_STEP][PASSED] - sendKeys(DateFieldNm, Keys.chord(ARROW_DOWN)): Keys 'DOWN + ' sent to object: 'Object Repository/Objects.DateValidation/Page_ISPS2/input__orderDt'

2020-06-05 20:52:52 - [MESSAGE][PASSED] - Keys 'DOWN + ' sent to object: 'Object Repository/Objects.DateValidation/Page_ISPS2/input__orderDt'

2020-06-05 20:52:52 - [TEST_STEP][PASSED] - com.reusableComponents.HighlightElement.run(TodayBtn): com.reusableComponents.HighlightElement.run is PASSED

2020-06-05 20:52:52 - [MESSAGE][PASSED] - com.reusableComponents.HighlightElement.run is PASSED

2020-06-05 20:52:52 - [TEST_STEP][PASSED] - click(TodayBtn): Object: 'Object Repository/Objects.DateValidation/Page_ISPS2/a_Today' is clicked on

2020-06-05 20:52:52 - [MESSAGE][PASSED] - Object: 'Object Repository/Objects.DateValidation/Page_ISPS2/a_Today' is clicked on

2020-06-05 20:52:52 - [TEST_STEP][PASSED] - GetEnteredDate = getAttribute(DateFieldNm, "value"): Attribute 'value' of object 'Object Repository/Objects.DateValidation/Page_ISPS2/input__orderDt' is: '05/06/2020'

2020-06-05 20:52:52 - [MESSAGE][PASSED] - Attribute 'value' of object 'Object Repository/Objects.DateValidation/Page_ISPS2/input__orderDt' is: '05/06/2020'

2020-06-05 20:52:52 - [TEST_STEP][PASSED] - verifyMatch(GetEnteredDate, TodayDate, true): Actual text '05/06/2020' and expected text '05/06/2020' are matched  using regular expression

2020-06-05 20:52:52 - [MESSAGE][PASSED] - Actual text '05/06/2020' and expected text '05/06/2020' are matched  using regular expression

2020-06-05 20:52:52 - [MESSAGE][PASSED] - Call Test Case 'Test Cases/PFI Precision and Scale/PFI Components/SelectTodayInDatePicker' successfully

2020-06-05 20:52:52 - [TEST_STEP][PASSED] - callTestCase(findTestCase("Components/HighlightLabelField"), ["LblName":"Inspection D2 Compliance Date *:"], STOP_ON_FAILURE): Call Test Case 'Test Cases/Components/HighlightLabelField' successfully

2020-06-05 20:52:52 - [TEST_CASE][PASSED] - Test Cases/Components/HighlightLabelField: Test Cases/Components/HighlightLabelField

2020-06-05 20:52:52 - [TEST_STEP][PASSED] - Thread.sleep(1000): null

2020-06-05 20:52:53 - [TEST_STEP][PASSED] - modifiedLblNm = modifyObjectProperty(findTestObject("Objects.HighlightElements/lblField"), "text", "equals", LblName, true): Modify property of object successfully

2020-06-05 20:52:53 - [MESSAGE][PASSED] - Modify property of object successfully

2020-06-05 20:52:53 - [TEST_STEP][PASSED] - com.reusableComponents.HighlightElement.run(modifiedLblNm): com.reusableComponents.HighlightElement.run is PASSED

2020-06-05 20:52:54 - [MESSAGE][PASSED] - com.reusableComponents.HighlightElement.run is PASSED

2020-06-05 20:52:54 - [MESSAGE][PASSED] - Call Test Case 'Test Cases/Components/HighlightLabelField' successfully

2020-06-05 20:52:54 - [TEST_STEP][PASSED] - callTestCase(findTestCase("Components/HighlightInputField"), ["InputFldName":"d2ComplDt"], STOP_ON_FAILURE): Call Test Case 'Test Cases/Components/HighlightInputField' successfully

2020-06-05 20:52:54 - [TEST_CASE][PASSED] - Test Cases/Components/HighlightInputField: Test Cases/Components/HighlightInputField

2020-06-05 20:52:54 - [TEST_STEP][PASSED] - Thread.sleep(1000): null

2020-06-05 20:52:55 - [TEST_STEP][PASSED] - modifiedLblNm = modifyObjectProperty(findTestObject("Objects.HighlightElements/input_field"), "name", "equals", InputFldName, true): Modify property of object successfully

2020-06-05 20:52:55 - [MESSAGE][PASSED] - Modify property of object successfully

2020-06-05 20:52:55 - [TEST_STEP][PASSED] - com.reusableComponents.HighlightElement.run(modifiedLblNm): com.reusableComponents.HighlightElement.run is PASSED

2020-06-05 20:52:55 - [MESSAGE][PASSED] - com.reusableComponents.HighlightElement.run is PASSED

2020-06-05 20:52:55 - [MESSAGE][PASSED] - Call Test Case 'Test Cases/Components/HighlightInputField' successfully

2020-06-05 20:52:55 - [TEST_STEP][PASSED] - callTestCase(findTestCase("PFI Precision and Scale/PFI Components/NumericTextboxValidationII"), ["nameToBeUsed":"d2ComplDt", "minLen":6], STOP_ON_FAILURE): Call Test Case 'Test Cases/PFI Precision and Scale/PFI Components/NumericTextboxValidationII' successfully

2020-06-05 20:52:55 - [TEST_CASE][PASSED] - Test Cases/PFI Precision and Scale/PFI Components/NumericTextboxValidationII: Test Cases/PFI Precision and Scale/PFI Components/NumericTextboxValidationII

2020-06-05 20:52:55 - [TEST_STEP][PASSED] - Thread.sleep(1000): null

2020-06-05 20:52:56 - [TEST_STEP][PASSED] - Numeric = "0123456789": null

2020-06-05 20:52:56 - [TEST_STEP][PASSED] - AlphaSpecialChar = z) + "`~!@#$%^&*()=_{}|\][;'":,?><"".join(): null

2020-06-05 20:52:56 - [TEST_STEP][PASSED] - RandomNumeric = RandomStringUtils.random(minLen, Numeric.toCharArray()): null

2020-06-05 20:52:56 - [TEST_STEP][PASSED] - RandomString = RandomStringUtils.random(minLen, AlphaSpecialChar): null

2020-06-05 20:52:56 - [TEST_STEP][PASSED] - regexPat = Pattern.compile("^[0-9]+$"): null

2020-06-05 20:52:56 - [TEST_STEP][PASSED] - NewInputNmField = modifyObjectProperty(findTestObject("Objects.RemarksValidation/input_Remarks"), "name", "equals", nameToBeUsed, true): Modify property of object successfully

2020-06-05 20:52:56 - [MESSAGE][PASSED] - Modify property of object successfully

2020-06-05 20:52:56 - [TEST_STEP][PASSED] - focus(NewInputNmField): Object: 'Object Repository/Objects.RemarksValidation/input_Remarks' is focused

2020-06-05 20:52:56 - [MESSAGE][PASSED] - Object: 'Object Repository/Objects.RemarksValidation/input_Remarks' is focused

2020-06-05 20:52:56 - [TEST_STEP][PASSED] - setText(NewInputNmField, RandomString): Text 'DIPH]U' is set on object 'Object Repository/Objects.RemarksValidation/input_Remarks'

2020-06-05 20:52:56 - [MESSAGE][PASSED] - Text 'DIPH]U' is set on object 'Object Repository/Objects.RemarksValidation/input_Remarks'

2020-06-05 20:52:56 - [TEST_STEP][PASSED] - GetInputVal = getAttribute(NewInputNmField, "value"): Attribute 'value' of object 'Object Repository/Objects.RemarksValidation/input_Remarks' is: ''

2020-06-05 20:52:56 - [MESSAGE][PASSED] - Attribute 'value' of object 'Object Repository/Objects.RemarksValidation/input_Remarks' is: ''

2020-06-05 20:52:56 - [TEST_STEP][PASSED] - if (GetInputVal.contains("e")): null

2020-06-05 20:52:56 - [TEST_STEP][PASSED] - else: Actual text '' and expected text '' are matched  using regular expression

2020-06-05 20:52:56 - [TEST_STEP][PASSED] - verifyMatch(GetInputVal, "", true): Actual text '' and expected text '' are matched  using regular expression

2020-06-05 20:52:56 - [MESSAGE][PASSED] - Actual text '' and expected text '' are matched  using regular expression

2020-06-05 20:52:56 - [TEST_STEP][PASSED] - setText(NewInputNmField, RandomNumeric): Text '814745' is set on object 'Object Repository/Objects.RemarksValidation/input_Remarks'

2020-06-05 20:52:57 - [MESSAGE][PASSED] - Text '814745' is set on object 'Object Repository/Objects.RemarksValidation/input_Remarks'

2020-06-05 20:52:57 - [TEST_STEP][PASSED] - GetEnteredIntegers = getAttribute(NewInputNmField, "value"): Attribute 'value' of object 'Object Repository/Objects.RemarksValidation/input_Remarks' is: '814745'

2020-06-05 20:52:57 - [MESSAGE][PASSED] - Attribute 'value' of object 'Object Repository/Objects.RemarksValidation/input_Remarks' is: '814745'

2020-06-05 20:52:57 - [TEST_STEP][PASSED] - matchStr = regexPat.matcher(GetEnteredIntegers): null

2020-06-05 20:52:57 - [TEST_STEP][PASSED] - if (matchStr.matches() == true): Accepting Numeric

2020-06-05 20:52:57 - [TEST_STEP][PASSED] - comment("Accepting Numeric"): Accepting Numeric

2020-06-05 20:52:57 - [MESSAGE][INFO] - Accepting Numeric

2020-06-05 20:52:57 - [MESSAGE][PASSED] - Call Test Case 'Test Cases/PFI Precision and Scale/PFI Components/NumericTextboxValidationII' successfully

2020-06-05 20:52:57 - [TEST_STEP][PASSED] - callTestCase(findTestCase("PFI Precision and Scale/PFI Components/InvalidDateErrorValidation"), ["FldNm":"d2ComplDt"], STOP_ON_FAILURE): Call Test Case 'Test Cases/PFI Precision and Scale/PFI Components/InvalidDateErrorValidation' successfully

2020-06-05 20:52:57 - [TEST_CASE][PASSED] - Test Cases/PFI Precision and Scale/PFI Components/InvalidDateErrorValidation: Test Cases/PFI Precision and Scale/PFI Components/InvalidDateErrorValidation

2020-06-05 20:52:57 - [TEST_STEP][PASSED] - Thread.sleep(1000): null

2020-06-05 20:52:58 - [TEST_STEP][PASSED] - DateFieldNm = modifyObjectProperty(findTestObject("Object Repository/Objects.DateValidation/Page_ISPS2/input__orderDt"), "name", "equals", FldNm, true): Modify property of object successfully

2020-06-05 20:52:58 - [MESSAGE][PASSED] - Modify property of object successfully

2020-06-05 20:52:58 - [TEST_STEP][PASSED] - focus(DateFieldNm): Object: 'Object Repository/Objects.DateValidation/Page_ISPS2/input__orderDt' is focused

2020-06-05 20:52:58 - [MESSAGE][PASSED] - Object: 'Object Repository/Objects.DateValidation/Page_ISPS2/input__orderDt' is focused

2020-06-05 20:52:58 - [TEST_STEP][PASSED] - getInputInvalidDate = getAttribute(DateFieldNm, "value"): Attribute 'value' of object 'Object Repository/Objects.DateValidation/Page_ISPS2/input__orderDt' is: '814745'

2020-06-05 20:52:58 - [MESSAGE][PASSED] - Attribute 'value' of object 'Object Repository/Objects.DateValidation/Page_ISPS2/input__orderDt' is: '814745'

2020-06-05 20:52:58 - [TEST_STEP][PASSED] - mouseOver(DateFieldNm): Object: 'Object Repository/Objects.DateValidation/Page_ISPS2/input__orderDt' is hovered

2020-06-05 20:52:58 - [MESSAGE][PASSED] - Object: 'Object Repository/Objects.DateValidation/Page_ISPS2/input__orderDt' is hovered

2020-06-05 20:52:58 - [TEST_STEP][PASSED] - getErrMsg = getAttribute(DateFieldNm, "data-errorqtip"): Attribute 'data-errorqtip' of object 'Object Repository/Objects.DateValidation/Page_ISPS2/input__orderDt' is: '<ul class="x-list-plain"><li>814745 is not a valid date - it must be in the format d/m/Y</li></ul>'

2020-06-05 20:52:58 - [MESSAGE][PASSED] - Attribute 'data-errorqtip' of object 'Object Repository/Objects.DateValidation/Page_ISPS2/input__orderDt' is: '<ul class="x-list-plain"><li>814745 is not a valid date - it must be in the format d/m/Y</li></ul>'

2020-06-05 20:52:58 - [TEST_STEP][PASSED] - getTotalLength = getErrMsg.length(): null

2020-06-05 20:52:58 - [TEST_STEP][PASSED] - RemoveULClass = getErrMsg.substring(29, getTotalLength): null

2020-06-05 20:52:58 - [TEST_STEP][PASSED] - LengthNoUlClass = RemoveULClass.length() - 10: null

2020-06-05 20:52:58 - [TEST_STEP][PASSED] - ToolTipInvErrMsg = RemoveULClass.substring(0, LengthNoUlClass): null

2020-06-05 20:52:58 - [TEST_STEP][PASSED] - ExpectedInvalidErrMsg = concatenate(getInputInvalidDate, " ", NotValidDt): Concatenated string array: '['814745',' ','is not a valid date - it must be in the format d/m/Y']' into '814745 is not a valid date - it must be in the format d/m/Y'

2020-06-05 20:52:58 - [MESSAGE][PASSED] - Concatenated string array: '['814745',' ','is not a valid date - it must be in the format d/m/Y']' into '814745 is not a valid date - it must be in the format d/m/Y'

2020-06-05 20:52:58 - [TEST_STEP][PASSED] - verifyMatch(ToolTipInvErrMsg, ExpectedInvalidErrMsg, true): Actual text '814745 is not a valid date - it must be in the format d/m/Y' and expected text '814745 is not a valid date - it must be in the format d/m/Y' are matched  using regular expression

2020-06-05 20:52:58 - [MESSAGE][PASSED] - Actual text '814745 is not a valid date - it must be in the format d/m/Y' and expected text '814745 is not a valid date - it must be in the format d/m/Y' are matched  using regular expression

2020-06-05 20:52:58 - [MESSAGE][PASSED] - Call Test Case 'Test Cases/PFI Precision and Scale/PFI Components/InvalidDateErrorValidation' successfully

2020-06-05 20:52:58 - [TEST_STEP][PASSED] - callTestCase(findTestCase("PFI Precision and Scale/PFI Components with Indexing/SelectDayInDatePickerWithIndex"), ["FldNm":"d2ComplDt", "SelectCurrentDay":"15", "index":2], STOP_ON_FAILURE): Call Test Case 'Test Cases/PFI Precision and Scale/PFI Components with Indexing/SelectDayInDatePickerWithIndex' successfully

2020-06-05 20:52:58 - [TEST_CASE][PASSED] - Test Cases/PFI Precision and Scale/PFI Components with Indexing/SelectDayInDatePickerWithIndex: Test Cases/PFI Precision and Scale/PFI Components with Indexing/SelectDayInDatePickerWithIndex

2020-06-05 20:52:58 - [TEST_STEP][PASSED] - Thread.sleep(1000): null

2020-06-05 20:52:59 - [TEST_STEP][PASSED] - DateFieldNm = modifyObjectProperty(findTestObject("Objects.HighlightElements/input_field"), "name", "equals", FldNm, true): Modify property of object successfully

2020-06-05 20:52:59 - [MESSAGE][PASSED] - Modify property of object successfully

2020-06-05 20:52:59 - [TEST_STEP][PASSED] - ModifyDay = modifyObjectProperty(findTestObject("Objects.DateValidation/Page_ISPS2/Select_Day_Index"), "xpath", "equals", "(//*[contains(@class, 'x-datepicker-date') and (text() = '" + SelectCurrentDay + "')])[" + index + "]", true): Modify property of object successfully

2020-06-05 20:52:59 - [MESSAGE][PASSED] - Modify property of object successfully

2020-06-05 20:52:59 - [TEST_STEP][PASSED] - sendKeys(DateFieldNm, Keys.chord(ARROW_DOWN)): Keys 'DOWN + ' sent to object: 'Object Repository/Objects.HighlightElements/input_field'

2020-06-05 20:52:59 - [MESSAGE][PASSED] - Keys 'DOWN + ' sent to object: 'Object Repository/Objects.HighlightElements/input_field'

2020-06-05 20:52:59 - [TEST_STEP][PASSED] - com.reusableComponents.HighlightElement.run(ModifyDay): com.reusableComponents.HighlightElement.run is PASSED

2020-06-05 20:52:59 - [MESSAGE][PASSED] - com.reusableComponents.HighlightElement.run is PASSED

2020-06-05 20:52:59 - [TEST_STEP][PASSED] - delay(1): Delayed 1 second(s)

2020-06-05 20:53:00 - [MESSAGE][PASSED] - Delayed 1 second(s)

2020-06-05 20:53:00 - [TEST_STEP][PASSED] - click(ModifyDay): Object: 'Object Repository/Objects.DateValidation/Page_ISPS2/Select_Day_Index' is clicked on

2020-06-05 20:53:01 - [MESSAGE][PASSED] - Object: 'Object Repository/Objects.DateValidation/Page_ISPS2/Select_Day_Index' is clicked on

2020-06-05 20:53:01 - [TEST_STEP][PASSED] - GetError = getAttribute(DateFieldNm, "data-errorqtip"): Attribute 'data-errorqtip' of object 'Object Repository/Objects.HighlightElements/input_field' is: ''

2020-06-05 20:53:01 - [MESSAGE][PASSED] - Attribute 'data-errorqtip' of object 'Object Repository/Objects.HighlightElements/input_field' is: ''

2020-06-05 20:53:01 - [TEST_STEP][PASSED] - if (GetError == ""): null

2020-06-05 20:53:01 - [TEST_STEP][PASSED] - GetEnteredDate = getAttribute(DateFieldNm, "value"): Attribute 'value' of object 'Object Repository/Objects.HighlightElements/input_field' is: '15/06/2020'

2020-06-05 20:53:01 - [MESSAGE][PASSED] - Attribute 'value' of object 'Object Repository/Objects.HighlightElements/input_field' is: '15/06/2020'

2020-06-05 20:53:01 - [TEST_STEP][PASSED] - DatePattern = Pattern.compile("^(1[0-2]|0[1-9])/(3[01]|[12][0-9]|0[1-9])/[0-9]{4}$"): null

2020-06-05 20:53:01 - [TEST_STEP][PASSED] - VerifyDateFormat = DatePattern.matcher(GetEnteredDate): null

2020-06-05 20:53:01 - [TEST_STEP][PASSED] - if (VerifyDateFormat.matches() == true): null

2020-06-05 20:53:01 - [MESSAGE][PASSED] - Call Test Case 'Test Cases/PFI Precision and Scale/PFI Components with Indexing/SelectDayInDatePickerWithIndex' successfully

2020-06-05 20:53:01 - [TEST_STEP][PASSED] - callTestCase(findTestCase("PFI Precision and Scale/PFI Components/SelectTodayInDatePicker"), ["FldNm":"d2ComplDt", "index":"2"], STOP_ON_FAILURE): Call Test Case 'Test Cases/PFI Precision and Scale/PFI Components/SelectTodayInDatePicker' successfully

2020-06-05 20:53:01 - [TEST_CASE][PASSED] - Test Cases/PFI Precision and Scale/PFI Components/SelectTodayInDatePicker: Test Cases/PFI Precision and Scale/PFI Components/SelectTodayInDatePicker

2020-06-05 20:53:01 - [TEST_STEP][PASSED] - Thread.sleep(1000): null

2020-06-05 20:53:02 - [TEST_STEP][PASSED] - date = new java.util.Date(): null

2020-06-05 20:53:02 - [TEST_STEP][PASSED] - CurrentDate = new java.text.SimpleDateFormat(dd/MM/yyyy): null

2020-06-05 20:53:02 - [TEST_STEP][PASSED] - TodayDate = CurrentDate.format(date): null

2020-06-05 20:53:02 - [TEST_STEP][PASSED] - DateFieldNm = modifyObjectProperty(findTestObject("Object Repository/Objects.DateValidation/Page_ISPS2/input__orderDt"), "name", "equals", FldNm, true): Modify property of object successfully

2020-06-05 20:53:02 - [MESSAGE][PASSED] - Modify property of object successfully

2020-06-05 20:53:02 - [TEST_STEP][PASSED] - TodayBtn = modifyObjectProperty(findTestObject("Object Repository/Objects.DateValidation/Page_ISPS2/a_Today"), "xpath", "equals", "(//*[text() = 'Today'])[" + index + "]", true): Modify property of object successfully

2020-06-05 20:53:02 - [MESSAGE][PASSED] - Modify property of object successfully

2020-06-05 20:53:02 - [TEST_STEP][PASSED] - sendKeys(DateFieldNm, Keys.chord(ARROW_DOWN)): Keys 'DOWN + ' sent to object: 'Object Repository/Objects.DateValidation/Page_ISPS2/input__orderDt'

2020-06-05 20:53:02 - [MESSAGE][PASSED] - Keys 'DOWN + ' sent to object: 'Object Repository/Objects.DateValidation/Page_ISPS2/input__orderDt'

2020-06-05 20:53:02 - [TEST_STEP][PASSED] - com.reusableComponents.HighlightElement.run(TodayBtn): com.reusableComponents.HighlightElement.run is PASSED

2020-06-05 20:53:02 - [MESSAGE][PASSED] - com.reusableComponents.HighlightElement.run is PASSED

2020-06-05 20:53:02 - [TEST_STEP][PASSED] - click(TodayBtn): Object: 'Object Repository/Objects.DateValidation/Page_ISPS2/a_Today' is clicked on

2020-06-05 20:53:02 - [MESSAGE][PASSED] - Object: 'Object Repository/Objects.DateValidation/Page_ISPS2/a_Today' is clicked on

2020-06-05 20:53:02 - [TEST_STEP][PASSED] - GetEnteredDate = getAttribute(DateFieldNm, "value"): Attribute 'value' of object 'Object Repository/Objects.DateValidation/Page_ISPS2/input__orderDt' is: '05/06/2020'

2020-06-05 20:53:02 - [MESSAGE][PASSED] - Attribute 'value' of object 'Object Repository/Objects.DateValidation/Page_ISPS2/input__orderDt' is: '05/06/2020'

2020-06-05 20:53:02 - [TEST_STEP][PASSED] - verifyMatch(GetEnteredDate, TodayDate, true): Actual text '05/06/2020' and expected text '05/06/2020' are matched  using regular expression

2020-06-05 20:53:02 - [MESSAGE][PASSED] - Actual text '05/06/2020' and expected text '05/06/2020' are matched  using regular expression

2020-06-05 20:53:02 - [MESSAGE][PASSED] - Call Test Case 'Test Cases/PFI Precision and Scale/PFI Components/SelectTodayInDatePicker' successfully

2020-06-05 20:53:02 - [TEST_STEP][PASSED] - callTestCase(findTestCase("Components/HighlightLabelField"), ["LblName":"Inspection D2a Receive Date *:"], STOP_ON_FAILURE): Call Test Case 'Test Cases/Components/HighlightLabelField' successfully

2020-06-05 20:53:02 - [TEST_CASE][PASSED] - Test Cases/Components/HighlightLabelField: Test Cases/Components/HighlightLabelField

2020-06-05 20:53:02 - [TEST_STEP][PASSED] - Thread.sleep(1000): null

2020-06-05 20:53:03 - [TEST_STEP][PASSED] - modifiedLblNm = modifyObjectProperty(findTestObject("Objects.HighlightElements/lblField"), "text", "equals", LblName, true): Modify property of object successfully

2020-06-05 20:53:03 - [MESSAGE][PASSED] - Modify property of object successfully

2020-06-05 20:53:03 - [TEST_STEP][PASSED] - com.reusableComponents.HighlightElement.run(modifiedLblNm): com.reusableComponents.HighlightElement.run is PASSED

2020-06-05 20:53:04 - [MESSAGE][PASSED] - com.reusableComponents.HighlightElement.run is PASSED

2020-06-05 20:53:05 - [MESSAGE][PASSED] - Call Test Case 'Test Cases/Components/HighlightLabelField' successfully

2020-06-05 20:53:05 - [TEST_STEP][PASSED] - callTestCase(findTestCase("Components/HighlightInputField"), ["InputFldName":"d2aRecvDt"], STOP_ON_FAILURE): Call Test Case 'Test Cases/Components/HighlightInputField' successfully

2020-06-05 20:53:05 - [TEST_CASE][PASSED] - Test Cases/Components/HighlightInputField: Test Cases/Components/HighlightInputField

2020-06-05 20:53:05 - [TEST_STEP][PASSED] - Thread.sleep(1000): null

2020-06-05 20:53:06 - [TEST_STEP][PASSED] - modifiedLblNm = modifyObjectProperty(findTestObject("Objects.HighlightElements/input_field"), "name", "equals", InputFldName, true): Modify property of object successfully

2020-06-05 20:53:06 - [MESSAGE][PASSED] - Modify property of object successfully

2020-06-05 20:53:06 - [TEST_STEP][PASSED] - com.reusableComponents.HighlightElement.run(modifiedLblNm): com.reusableComponents.HighlightElement.run is PASSED

2020-06-05 20:53:06 - [MESSAGE][PASSED] - com.reusableComponents.HighlightElement.run is PASSED

2020-06-05 20:53:06 - [MESSAGE][PASSED] - Call Test Case 'Test Cases/Components/HighlightInputField' successfully

2020-06-05 20:53:06 - [TEST_STEP][PASSED] - callTestCase(findTestCase("PFI Precision and Scale/PFI Components/NumericTextboxValidationII"), ["nameToBeUsed":"d2aRecvDt", "minLen":8], STOP_ON_FAILURE): Call Test Case 'Test Cases/PFI Precision and Scale/PFI Components/NumericTextboxValidationII' successfully

2020-06-05 20:53:06 - [TEST_CASE][PASSED] - Test Cases/PFI Precision and Scale/PFI Components/NumericTextboxValidationII: Test Cases/PFI Precision and Scale/PFI Components/NumericTextboxValidationII

2020-06-05 20:53:06 - [TEST_STEP][PASSED] - Thread.sleep(1000): null

2020-06-05 20:53:07 - [TEST_STEP][PASSED] - Numeric = "0123456789": null

2020-06-05 20:53:07 - [TEST_STEP][PASSED] - AlphaSpecialChar = z) + "`~!@#$%^&*()=_{}|\][;'":,?><"".join(): null

2020-06-05 20:53:07 - [TEST_STEP][PASSED] - RandomNumeric = RandomStringUtils.random(minLen, Numeric.toCharArray()): null

2020-06-05 20:53:07 - [TEST_STEP][PASSED] - RandomString = RandomStringUtils.random(minLen, AlphaSpecialChar): null

2020-06-05 20:53:07 - [TEST_STEP][PASSED] - regexPat = Pattern.compile("^[0-9]+$"): null

2020-06-05 20:53:07 - [TEST_STEP][PASSED] - NewInputNmField = modifyObjectProperty(findTestObject("Objects.RemarksValidation/input_Remarks"), "name", "equals", nameToBeUsed, true): Modify property of object successfully

2020-06-05 20:53:07 - [MESSAGE][PASSED] - Modify property of object successfully

2020-06-05 20:53:07 - [TEST_STEP][PASSED] - focus(NewInputNmField): Object: 'Object Repository/Objects.RemarksValidation/input_Remarks' is focused

2020-06-05 20:53:07 - [MESSAGE][PASSED] - Object: 'Object Repository/Objects.RemarksValidation/input_Remarks' is focused

2020-06-05 20:53:07 - [TEST_STEP][PASSED] - setText(NewInputNmField, RandomString): Text 'IT'D(Bw%' is set on object 'Object Repository/Objects.RemarksValidation/input_Remarks'

2020-06-05 20:53:07 - [MESSAGE][PASSED] - Text 'IT'D(Bw%' is set on object 'Object Repository/Objects.RemarksValidation/input_Remarks'

2020-06-05 20:53:07 - [TEST_STEP][PASSED] - GetInputVal = getAttribute(NewInputNmField, "value"): Attribute 'value' of object 'Object Repository/Objects.RemarksValidation/input_Remarks' is: ''

2020-06-05 20:53:07 - [MESSAGE][PASSED] - Attribute 'value' of object 'Object Repository/Objects.RemarksValidation/input_Remarks' is: ''

2020-06-05 20:53:07 - [TEST_STEP][PASSED] - if (GetInputVal.contains("e")): null

2020-06-05 20:53:07 - [TEST_STEP][PASSED] - else: Actual text '' and expected text '' are matched  using regular expression

2020-06-05 20:53:07 - [TEST_STEP][PASSED] - verifyMatch(GetInputVal, "", true): Actual text '' and expected text '' are matched  using regular expression

2020-06-05 20:53:07 - [MESSAGE][PASSED] - Actual text '' and expected text '' are matched  using regular expression

2020-06-05 20:53:07 - [TEST_STEP][PASSED] - setText(NewInputNmField, RandomNumeric): Text '01829435' is set on object 'Object Repository/Objects.RemarksValidation/input_Remarks'

2020-06-05 20:53:07 - [MESSAGE][PASSED] - Text '01829435' is set on object 'Object Repository/Objects.RemarksValidation/input_Remarks'

2020-06-05 20:53:07 - [TEST_STEP][PASSED] - GetEnteredIntegers = getAttribute(NewInputNmField, "value"): Attribute 'value' of object 'Object Repository/Objects.RemarksValidation/input_Remarks' is: '01829435'

2020-06-05 20:53:07 - [MESSAGE][PASSED] - Attribute 'value' of object 'Object Repository/Objects.RemarksValidation/input_Remarks' is: '01829435'

2020-06-05 20:53:07 - [TEST_STEP][PASSED] - matchStr = regexPat.matcher(GetEnteredIntegers): null

2020-06-05 20:53:07 - [TEST_STEP][PASSED] - if (matchStr.matches() == true): Accepting Numeric

2020-06-05 20:53:07 - [TEST_STEP][PASSED] - comment("Accepting Numeric"): Accepting Numeric

2020-06-05 20:53:07 - [MESSAGE][INFO] - Accepting Numeric

2020-06-05 20:53:07 - [MESSAGE][PASSED] - Call Test Case 'Test Cases/PFI Precision and Scale/PFI Components/NumericTextboxValidationII' successfully

2020-06-05 20:53:07 - [TEST_STEP][PASSED] - callTestCase(findTestCase("PFI Precision and Scale/PFI Components/InvalidDateErrorValidation"), ["FldNm":"d2aRecvDt"], STOP_ON_FAILURE): Call Test Case 'Test Cases/PFI Precision and Scale/PFI Components/InvalidDateErrorValidation' successfully

2020-06-05 20:53:08 - [TEST_CASE][PASSED] - Test Cases/PFI Precision and Scale/PFI Components/InvalidDateErrorValidation: Test Cases/PFI Precision and Scale/PFI Components/InvalidDateErrorValidation

2020-06-05 20:53:08 - [TEST_STEP][PASSED] - Thread.sleep(1000): null

2020-06-05 20:53:09 - [TEST_STEP][PASSED] - DateFieldNm = modifyObjectProperty(findTestObject("Object Repository/Objects.DateValidation/Page_ISPS2/input__orderDt"), "name", "equals", FldNm, true): Modify property of object successfully

2020-06-05 20:53:09 - [MESSAGE][PASSED] - Modify property of object successfully

2020-06-05 20:53:09 - [TEST_STEP][PASSED] - focus(DateFieldNm): Object: 'Object Repository/Objects.DateValidation/Page_ISPS2/input__orderDt' is focused

2020-06-05 20:53:09 - [MESSAGE][PASSED] - Object: 'Object Repository/Objects.DateValidation/Page_ISPS2/input__orderDt' is focused

2020-06-05 20:53:09 - [TEST_STEP][PASSED] - getInputInvalidDate = getAttribute(DateFieldNm, "value"): Attribute 'value' of object 'Object Repository/Objects.DateValidation/Page_ISPS2/input__orderDt' is: '01829435'

2020-06-05 20:53:09 - [MESSAGE][PASSED] - Attribute 'value' of object 'Object Repository/Objects.DateValidation/Page_ISPS2/input__orderDt' is: '01829435'

2020-06-05 20:53:09 - [TEST_STEP][PASSED] - mouseOver(DateFieldNm): Object: 'Object Repository/Objects.DateValidation/Page_ISPS2/input__orderDt' is hovered

2020-06-05 20:53:09 - [MESSAGE][PASSED] - Object: 'Object Repository/Objects.DateValidation/Page_ISPS2/input__orderDt' is hovered

2020-06-05 20:53:09 - [TEST_STEP][PASSED] - getErrMsg = getAttribute(DateFieldNm, "data-errorqtip"): Attribute 'data-errorqtip' of object 'Object Repository/Objects.DateValidation/Page_ISPS2/input__orderDt' is: '<ul class="x-list-plain"><li>01829435 is not a valid date - it must be in the format d/m/Y</li></ul>'

2020-06-05 20:53:09 - [MESSAGE][PASSED] - Attribute 'data-errorqtip' of object 'Object Repository/Objects.DateValidation/Page_ISPS2/input__orderDt' is: '<ul class="x-list-plain"><li>01829435 is not a valid date - it must be in the format d/m/Y</li></ul>'

2020-06-05 20:53:09 - [TEST_STEP][PASSED] - getTotalLength = getErrMsg.length(): null

2020-06-05 20:53:09 - [TEST_STEP][PASSED] - RemoveULClass = getErrMsg.substring(29, getTotalLength): null

2020-06-05 20:53:09 - [TEST_STEP][PASSED] - LengthNoUlClass = RemoveULClass.length() - 10: null

2020-06-05 20:53:09 - [TEST_STEP][PASSED] - ToolTipInvErrMsg = RemoveULClass.substring(0, LengthNoUlClass): null

2020-06-05 20:53:09 - [TEST_STEP][PASSED] - ExpectedInvalidErrMsg = concatenate(getInputInvalidDate, " ", NotValidDt): Concatenated string array: '['01829435',' ','is not a valid date - it must be in the format d/m/Y']' into '01829435 is not a valid date - it must be in the format d/m/Y'

2020-06-05 20:53:09 - [MESSAGE][PASSED] - Concatenated string array: '['01829435',' ','is not a valid date - it must be in the format d/m/Y']' into '01829435 is not a valid date - it must be in the format d/m/Y'

2020-06-05 20:53:09 - [TEST_STEP][PASSED] - verifyMatch(ToolTipInvErrMsg, ExpectedInvalidErrMsg, true): Actual text '01829435 is not a valid date - it must be in the format d/m/Y' and expected text '01829435 is not a valid date - it must be in the format d/m/Y' are matched  using regular expression

2020-06-05 20:53:09 - [MESSAGE][PASSED] - Actual text '01829435 is not a valid date - it must be in the format d/m/Y' and expected text '01829435 is not a valid date - it must be in the format d/m/Y' are matched  using regular expression

2020-06-05 20:53:09 - [MESSAGE][PASSED] - Call Test Case 'Test Cases/PFI Precision and Scale/PFI Components/InvalidDateErrorValidation' successfully

2020-06-05 20:53:09 - [TEST_STEP][PASSED] - callTestCase(findTestCase("PFI Precision and Scale/PFI Components with Indexing/SelectDayInDatePickerWithIndex"), ["FldNm":"d2aRecvDt", "SelectCurrentDay":"21", "index":3], STOP_ON_FAILURE): Call Test Case 'Test Cases/PFI Precision and Scale/PFI Components with Indexing/SelectDayInDatePickerWithIndex' successfully

2020-06-05 20:53:09 - [TEST_CASE][PASSED] - Test Cases/PFI Precision and Scale/PFI Components with Indexing/SelectDayInDatePickerWithIndex: Test Cases/PFI Precision and Scale/PFI Components with Indexing/SelectDayInDatePickerWithIndex

2020-06-05 20:53:09 - [TEST_STEP][PASSED] - Thread.sleep(1000): null

2020-06-05 20:53:10 - [TEST_STEP][PASSED] - DateFieldNm = modifyObjectProperty(findTestObject("Objects.HighlightElements/input_field"), "name", "equals", FldNm, true): Modify property of object successfully

2020-06-05 20:53:10 - [MESSAGE][PASSED] - Modify property of object successfully

2020-06-05 20:53:10 - [TEST_STEP][PASSED] - ModifyDay = modifyObjectProperty(findTestObject("Objects.DateValidation/Page_ISPS2/Select_Day_Index"), "xpath", "equals", "(//*[contains(@class, 'x-datepicker-date') and (text() = '" + SelectCurrentDay + "')])[" + index + "]", true): Modify property of object successfully

2020-06-05 20:53:10 - [MESSAGE][PASSED] - Modify property of object successfully

2020-06-05 20:53:10 - [TEST_STEP][PASSED] - sendKeys(DateFieldNm, Keys.chord(ARROW_DOWN)): Keys 'DOWN + ' sent to object: 'Object Repository/Objects.HighlightElements/input_field'

2020-06-05 20:53:10 - [MESSAGE][PASSED] - Keys 'DOWN + ' sent to object: 'Object Repository/Objects.HighlightElements/input_field'

2020-06-05 20:53:10 - [TEST_STEP][PASSED] - com.reusableComponents.HighlightElement.run(ModifyDay): com.reusableComponents.HighlightElement.run is PASSED

2020-06-05 20:53:10 - [MESSAGE][PASSED] - com.reusableComponents.HighlightElement.run is PASSED

2020-06-05 20:53:10 - [TEST_STEP][PASSED] - delay(1): Delayed 1 second(s)

2020-06-05 20:53:11 - [MESSAGE][PASSED] - Delayed 1 second(s)

2020-06-05 20:53:11 - [TEST_STEP][PASSED] - click(ModifyDay): Object: 'Object Repository/Objects.DateValidation/Page_ISPS2/Select_Day_Index' is clicked on

2020-06-05 20:53:11 - [MESSAGE][PASSED] - Object: 'Object Repository/Objects.DateValidation/Page_ISPS2/Select_Day_Index' is clicked on

2020-06-05 20:53:11 - [TEST_STEP][PASSED] - GetError = getAttribute(DateFieldNm, "data-errorqtip"): Attribute 'data-errorqtip' of object 'Object Repository/Objects.HighlightElements/input_field' is: ''

2020-06-05 20:53:12 - [MESSAGE][PASSED] - Attribute 'data-errorqtip' of object 'Object Repository/Objects.HighlightElements/input_field' is: ''

2020-06-05 20:53:12 - [TEST_STEP][PASSED] - if (GetError == ""): null

2020-06-05 20:53:12 - [TEST_STEP][PASSED] - GetEnteredDate = getAttribute(DateFieldNm, "value"): Attribute 'value' of object 'Object Repository/Objects.HighlightElements/input_field' is: '21/06/2020'

2020-06-05 20:53:12 - [MESSAGE][PASSED] - Attribute 'value' of object 'Object Repository/Objects.HighlightElements/input_field' is: '21/06/2020'

2020-06-05 20:53:12 - [TEST_STEP][PASSED] - DatePattern = Pattern.compile("^(1[0-2]|0[1-9])/(3[01]|[12][0-9]|0[1-9])/[0-9]{4}$"): null

2020-06-05 20:53:12 - [TEST_STEP][PASSED] - VerifyDateFormat = DatePattern.matcher(GetEnteredDate): null

2020-06-05 20:53:12 - [TEST_STEP][PASSED] - if (VerifyDateFormat.matches() == true): null

2020-06-05 20:53:12 - [MESSAGE][PASSED] - Call Test Case 'Test Cases/PFI Precision and Scale/PFI Components with Indexing/SelectDayInDatePickerWithIndex' successfully

2020-06-05 20:53:12 - [TEST_STEP][PASSED] - callTestCase(findTestCase("PFI Precision and Scale/PFI Components/SelectTodayInDatePicker"), ["FldNm":"d2aRecvDt", "index":3], STOP_ON_FAILURE): Call Test Case 'Test Cases/PFI Precision and Scale/PFI Components/SelectTodayInDatePicker' successfully

2020-06-05 20:53:12 - [TEST_CASE][PASSED] - Test Cases/PFI Precision and Scale/PFI Components/SelectTodayInDatePicker: Test Cases/PFI Precision and Scale/PFI Components/SelectTodayInDatePicker

2020-06-05 20:53:12 - [TEST_STEP][PASSED] - Thread.sleep(1000): null

2020-06-05 20:53:13 - [TEST_STEP][PASSED] - date = new java.util.Date(): null

2020-06-05 20:53:13 - [TEST_STEP][PASSED] - CurrentDate = new java.text.SimpleDateFormat(dd/MM/yyyy): null

2020-06-05 20:53:13 - [TEST_STEP][PASSED] - TodayDate = CurrentDate.format(date): null

2020-06-05 20:53:13 - [TEST_STEP][PASSED] - DateFieldNm = modifyObjectProperty(findTestObject("Object Repository/Objects.DateValidation/Page_ISPS2/input__orderDt"), "name", "equals", FldNm, true): Modify property of object successfully

2020-06-05 20:53:13 - [MESSAGE][PASSED] - Modify property of object successfully

2020-06-05 20:53:13 - [TEST_STEP][PASSED] - TodayBtn = modifyObjectProperty(findTestObject("Object Repository/Objects.DateValidation/Page_ISPS2/a_Today"), "xpath", "equals", "(//*[text() = 'Today'])[" + index + "]", true): Modify property of object successfully

2020-06-05 20:53:13 - [MESSAGE][PASSED] - Modify property of object successfully

2020-06-05 20:53:13 - [TEST_STEP][PASSED] - sendKeys(DateFieldNm, Keys.chord(ARROW_DOWN)): Keys 'DOWN + ' sent to object: 'Object Repository/Objects.DateValidation/Page_ISPS2/input__orderDt'

2020-06-05 20:53:13 - [MESSAGE][PASSED] - Keys 'DOWN + ' sent to object: 'Object Repository/Objects.DateValidation/Page_ISPS2/input__orderDt'

2020-06-05 20:53:13 - [TEST_STEP][PASSED] - com.reusableComponents.HighlightElement.run(TodayBtn): com.reusableComponents.HighlightElement.run is PASSED

2020-06-05 20:53:13 - [MESSAGE][PASSED] - com.reusableComponents.HighlightElement.run is PASSED

2020-06-05 20:53:13 - [TEST_STEP][PASSED] - click(TodayBtn): Object: 'Object Repository/Objects.DateValidation/Page_ISPS2/a_Today' is clicked on

2020-06-05 20:53:13 - [MESSAGE][PASSED] - Object: 'Object Repository/Objects.DateValidation/Page_ISPS2/a_Today' is clicked on

2020-06-05 20:53:13 - [TEST_STEP][PASSED] - GetEnteredDate = getAttribute(DateFieldNm, "value"): Attribute 'value' of object 'Object Repository/Objects.DateValidation/Page_ISPS2/input__orderDt' is: '05/06/2020'

2020-06-05 20:53:13 - [MESSAGE][PASSED] - Attribute 'value' of object 'Object Repository/Objects.DateValidation/Page_ISPS2/input__orderDt' is: '05/06/2020'

2020-06-05 20:53:13 - [TEST_STEP][PASSED] - verifyMatch(GetEnteredDate, TodayDate, true): Actual text '05/06/2020' and expected text '05/06/2020' are matched  using regular expression

2020-06-05 20:53:13 - [MESSAGE][PASSED] - Actual text '05/06/2020' and expected text '05/06/2020' are matched  using regular expression

2020-06-05 20:53:13 - [MESSAGE][PASSED] - Call Test Case 'Test Cases/PFI Precision and Scale/PFI Components/SelectTodayInDatePicker' successfully

2020-06-05 20:53:13 - [TEST_STEP][PASSED] - callTestCase(findTestCase("Components/HighlightLabelField"), ["LblName":"Inspection D2a Compliance Date *:"], STOP_ON_FAILURE): Call Test Case 'Test Cases/Components/HighlightLabelField' successfully

2020-06-05 20:53:13 - [TEST_CASE][PASSED] - Test Cases/Components/HighlightLabelField: Test Cases/Components/HighlightLabelField

2020-06-05 20:53:13 - [TEST_STEP][PASSED] - Thread.sleep(1000): null

2020-06-05 20:53:14 - [TEST_STEP][PASSED] - modifiedLblNm = modifyObjectProperty(findTestObject("Objects.HighlightElements/lblField"), "text", "equals", LblName, true): Modify property of object successfully

2020-06-05 20:53:14 - [MESSAGE][PASSED] - Modify property of object successfully

2020-06-05 20:53:14 - [TEST_STEP][PASSED] - com.reusableComponents.HighlightElement.run(modifiedLblNm): com.reusableComponents.HighlightElement.run is PASSED

2020-06-05 20:53:15 - [MESSAGE][PASSED] - com.reusableComponents.HighlightElement.run is PASSED

2020-06-05 20:53:15 - [MESSAGE][PASSED] - Call Test Case 'Test Cases/Components/HighlightLabelField' successfully

2020-06-05 20:53:15 - [TEST_STEP][PASSED] - callTestCase(findTestCase("Components/HighlightInputField"), ["InputFldName":"d2aComplDt"], STOP_ON_FAILURE): Call Test Case 'Test Cases/Components/HighlightInputField' successfully

2020-06-05 20:53:15 - [TEST_CASE][PASSED] - Test Cases/Components/HighlightInputField: Test Cases/Components/HighlightInputField

2020-06-05 20:53:15 - [TEST_STEP][PASSED] - Thread.sleep(1000): null

2020-06-05 20:53:16 - [TEST_STEP][PASSED] - modifiedLblNm = modifyObjectProperty(findTestObject("Objects.HighlightElements/input_field"), "name", "equals", InputFldName, true): Modify property of object successfully

2020-06-05 20:53:16 - [MESSAGE][PASSED] - Modify property of object successfully

2020-06-05 20:53:16 - [TEST_STEP][PASSED] - com.reusableComponents.HighlightElement.run(modifiedLblNm): com.reusableComponents.HighlightElement.run is PASSED

2020-06-05 20:53:16 - [MESSAGE][PASSED] - com.reusableComponents.HighlightElement.run is PASSED

2020-06-05 20:53:16 - [MESSAGE][PASSED] - Call Test Case 'Test Cases/Components/HighlightInputField' successfully

2020-06-05 20:53:16 - [TEST_STEP][PASSED] - callTestCase(findTestCase("PFI Precision and Scale/PFI Components/NumericTextboxValidationII"), ["nameToBeUsed":"d2aComplDt", "minLen":12], STOP_ON_FAILURE): Call Test Case 'Test Cases/PFI Precision and Scale/PFI Components/NumericTextboxValidationII' successfully

2020-06-05 20:53:16 - [TEST_CASE][PASSED] - Test Cases/PFI Precision and Scale/PFI Components/NumericTextboxValidationII: Test Cases/PFI Precision and Scale/PFI Components/NumericTextboxValidationII

2020-06-05 20:53:16 - [TEST_STEP][PASSED] - Thread.sleep(1000): null

2020-06-05 20:53:17 - [TEST_STEP][PASSED] - Numeric = "0123456789": null

2020-06-05 20:53:17 - [TEST_STEP][PASSED] - AlphaSpecialChar = z) + "`~!@#$%^&*()=_{}|\][;'":,?><"".join(): null

2020-06-05 20:53:17 - [TEST_STEP][PASSED] - RandomNumeric = RandomStringUtils.random(minLen, Numeric.toCharArray()): null

2020-06-05 20:53:17 - [TEST_STEP][PASSED] - RandomString = RandomStringUtils.random(minLen, AlphaSpecialChar): null

2020-06-05 20:53:17 - [TEST_STEP][PASSED] - regexPat = Pattern.compile("^[0-9]+$"): null

2020-06-05 20:53:17 - [TEST_STEP][PASSED] - NewInputNmField = modifyObjectProperty(findTestObject("Objects.RemarksValidation/input_Remarks"), "name", "equals", nameToBeUsed, true): Modify property of object successfully

2020-06-05 20:53:17 - [MESSAGE][PASSED] - Modify property of object successfully

2020-06-05 20:53:17 - [TEST_STEP][PASSED] - focus(NewInputNmField): Object: 'Object Repository/Objects.RemarksValidation/input_Remarks' is focused

2020-06-05 20:53:17 - [MESSAGE][PASSED] - Object: 'Object Repository/Objects.RemarksValidation/input_Remarks' is focused

2020-06-05 20:53:17 - [TEST_STEP][PASSED] - setText(NewInputNmField, RandomString): Text 'l@,Slxx$]~WU' is set on object 'Object Repository/Objects.RemarksValidation/input_Remarks'

2020-06-05 20:53:18 - [MESSAGE][PASSED] - Text 'l@,Slxx$]~WU' is set on object 'Object Repository/Objects.RemarksValidation/input_Remarks'

2020-06-05 20:53:18 - [TEST_STEP][PASSED] - GetInputVal = getAttribute(NewInputNmField, "value"): Attribute 'value' of object 'Object Repository/Objects.RemarksValidation/input_Remarks' is: ''

2020-06-05 20:53:18 - [MESSAGE][PASSED] - Attribute 'value' of object 'Object Repository/Objects.RemarksValidation/input_Remarks' is: ''

2020-06-05 20:53:18 - [TEST_STEP][PASSED] - if (GetInputVal.contains("e")): null

2020-06-05 20:53:18 - [TEST_STEP][PASSED] - else: Actual text '' and expected text '' are matched  using regular expression

2020-06-05 20:53:18 - [TEST_STEP][PASSED] - verifyMatch(GetInputVal, "", true): Actual text '' and expected text '' are matched  using regular expression

2020-06-05 20:53:18 - [MESSAGE][PASSED] - Actual text '' and expected text '' are matched  using regular expression

2020-06-05 20:53:18 - [TEST_STEP][PASSED] - setText(NewInputNmField, RandomNumeric): Text '626705729972' is set on object 'Object Repository/Objects.RemarksValidation/input_Remarks'

2020-06-05 20:53:18 - [MESSAGE][PASSED] - Text '626705729972' is set on object 'Object Repository/Objects.RemarksValidation/input_Remarks'

2020-06-05 20:53:18 - [TEST_STEP][PASSED] - GetEnteredIntegers = getAttribute(NewInputNmField, "value"): Attribute 'value' of object 'Object Repository/Objects.RemarksValidation/input_Remarks' is: '626705729972'

2020-06-05 20:53:18 - [MESSAGE][PASSED] - Attribute 'value' of object 'Object Repository/Objects.RemarksValidation/input_Remarks' is: '626705729972'

2020-06-05 20:53:18 - [TEST_STEP][PASSED] - matchStr = regexPat.matcher(GetEnteredIntegers): null

2020-06-05 20:53:18 - [TEST_STEP][PASSED] - if (matchStr.matches() == true): Accepting Numeric

2020-06-05 20:53:18 - [TEST_STEP][PASSED] - comment("Accepting Numeric"): Accepting Numeric

2020-06-05 20:53:18 - [MESSAGE][INFO] - Accepting Numeric

2020-06-05 20:53:18 - [MESSAGE][PASSED] - Call Test Case 'Test Cases/PFI Precision and Scale/PFI Components/NumericTextboxValidationII' successfully

2020-06-05 20:53:18 - [TEST_STEP][PASSED] - callTestCase(findTestCase("PFI Precision and Scale/PFI Components/InvalidDateErrorValidation"), ["FldNm":"d2aComplDt"], STOP_ON_FAILURE): Call Test Case 'Test Cases/PFI Precision and Scale/PFI Components/InvalidDateErrorValidation' successfully

2020-06-05 20:53:18 - [TEST_CASE][PASSED] - Test Cases/PFI Precision and Scale/PFI Components/InvalidDateErrorValidation: Test Cases/PFI Precision and Scale/PFI Components/InvalidDateErrorValidation

2020-06-05 20:53:18 - [TEST_STEP][PASSED] - Thread.sleep(1000): null

2020-06-05 20:53:19 - [TEST_STEP][PASSED] - DateFieldNm = modifyObjectProperty(findTestObject("Object Repository/Objects.DateValidation/Page_ISPS2/input__orderDt"), "name", "equals", FldNm, true): Modify property of object successfully

2020-06-05 20:53:19 - [MESSAGE][PASSED] - Modify property of object successfully

2020-06-05 20:53:19 - [TEST_STEP][PASSED] - focus(DateFieldNm): Object: 'Object Repository/Objects.DateValidation/Page_ISPS2/input__orderDt' is focused

2020-06-05 20:53:19 - [MESSAGE][PASSED] - Object: 'Object Repository/Objects.DateValidation/Page_ISPS2/input__orderDt' is focused

2020-06-05 20:53:19 - [TEST_STEP][PASSED] - getInputInvalidDate = getAttribute(DateFieldNm, "value"): Attribute 'value' of object 'Object Repository/Objects.DateValidation/Page_ISPS2/input__orderDt' is: '626705729972'

2020-06-05 20:53:19 - [MESSAGE][PASSED] - Attribute 'value' of object 'Object Repository/Objects.DateValidation/Page_ISPS2/input__orderDt' is: '626705729972'

2020-06-05 20:53:19 - [TEST_STEP][PASSED] - mouseOver(DateFieldNm): Object: 'Object Repository/Objects.DateValidation/Page_ISPS2/input__orderDt' is hovered

2020-06-05 20:53:19 - [MESSAGE][PASSED] - Object: 'Object Repository/Objects.DateValidation/Page_ISPS2/input__orderDt' is hovered

2020-06-05 20:53:19 - [TEST_STEP][PASSED] - getErrMsg = getAttribute(DateFieldNm, "data-errorqtip"): Attribute 'data-errorqtip' of object 'Object Repository/Objects.DateValidation/Page_ISPS2/input__orderDt' is: '<ul class="x-list-plain"><li>626705729972 is not a valid date - it must be in the format d/m/Y</li></ul>'

2020-06-05 20:53:19 - [MESSAGE][PASSED] - Attribute 'data-errorqtip' of object 'Object Repository/Objects.DateValidation/Page_ISPS2/input__orderDt' is: '<ul class="x-list-plain"><li>626705729972 is not a valid date - it must be in the format d/m/Y</li></ul>'

2020-06-05 20:53:19 - [TEST_STEP][PASSED] - getTotalLength = getErrMsg.length(): null

2020-06-05 20:53:19 - [TEST_STEP][PASSED] - RemoveULClass = getErrMsg.substring(29, getTotalLength): null

2020-06-05 20:53:19 - [TEST_STEP][PASSED] - LengthNoUlClass = RemoveULClass.length() - 10: null

2020-06-05 20:53:19 - [TEST_STEP][PASSED] - ToolTipInvErrMsg = RemoveULClass.substring(0, LengthNoUlClass): null

2020-06-05 20:53:19 - [TEST_STEP][PASSED] - ExpectedInvalidErrMsg = concatenate(getInputInvalidDate, " ", NotValidDt): Concatenated string array: '['626705729972',' ','is not a valid date - it must be in the format d/m/Y']' into '626705729972 is not a valid date - it must be in the format d/m/Y'

2020-06-05 20:53:19 - [MESSAGE][PASSED] - Concatenated string array: '['626705729972',' ','is not a valid date - it must be in the format d/m/Y']' into '626705729972 is not a valid date - it must be in the format d/m/Y'

2020-06-05 20:53:19 - [TEST_STEP][PASSED] - verifyMatch(ToolTipInvErrMsg, ExpectedInvalidErrMsg, true): Actual text '626705729972 is not a valid date - it must be in the format d/m/Y' and expected text '626705729972 is not a valid date - it must be in the format d/m/Y' are matched  using regular expression

2020-06-05 20:53:19 - [MESSAGE][PASSED] - Actual text '626705729972 is not a valid date - it must be in the format d/m/Y' and expected text '626705729972 is not a valid date - it must be in the format d/m/Y' are matched  using regular expression

2020-06-05 20:53:19 - [MESSAGE][PASSED] - Call Test Case 'Test Cases/PFI Precision and Scale/PFI Components/InvalidDateErrorValidation' successfully

2020-06-05 20:53:19 - [TEST_STEP][PASSED] - callTestCase(findTestCase("PFI Precision and Scale/PFI Components with Indexing/SelectDayInDatePickerWithIndex"), ["FldNm":"d2aComplDt", "SelectCurrentDay":"9", "index":7], STOP_ON_FAILURE): Call Test Case 'Test Cases/PFI Precision and Scale/PFI Components with Indexing/SelectDayInDatePickerWithIndex' successfully

2020-06-05 20:53:19 - [TEST_CASE][PASSED] - Test Cases/PFI Precision and Scale/PFI Components with Indexing/SelectDayInDatePickerWithIndex: Test Cases/PFI Precision and Scale/PFI Components with Indexing/SelectDayInDatePickerWithIndex

2020-06-05 20:53:19 - [TEST_STEP][PASSED] - Thread.sleep(1000): null

2020-06-05 20:53:20 - [TEST_STEP][PASSED] - DateFieldNm = modifyObjectProperty(findTestObject("Objects.HighlightElements/input_field"), "name", "equals", FldNm, true): Modify property of object successfully

2020-06-05 20:53:20 - [MESSAGE][PASSED] - Modify property of object successfully

2020-06-05 20:53:20 - [TEST_STEP][PASSED] - ModifyDay = modifyObjectProperty(findTestObject("Objects.DateValidation/Page_ISPS2/Select_Day_Index"), "xpath", "equals", "(//*[contains(@class, 'x-datepicker-date') and (text() = '" + SelectCurrentDay + "')])[" + index + "]", true): Modify property of object successfully

2020-06-05 20:53:20 - [MESSAGE][PASSED] - Modify property of object successfully

2020-06-05 20:53:20 - [TEST_STEP][PASSED] - sendKeys(DateFieldNm, Keys.chord(ARROW_DOWN)): Keys 'DOWN + ' sent to object: 'Object Repository/Objects.HighlightElements/input_field'

2020-06-05 20:53:20 - [MESSAGE][PASSED] - Keys 'DOWN + ' sent to object: 'Object Repository/Objects.HighlightElements/input_field'

2020-06-05 20:53:20 - [TEST_STEP][PASSED] - com.reusableComponents.HighlightElement.run(ModifyDay): com.reusableComponents.HighlightElement.run is PASSED

2020-06-05 20:53:21 - [MESSAGE][PASSED] - com.reusableComponents.HighlightElement.run is PASSED

2020-06-05 20:53:21 - [TEST_STEP][PASSED] - delay(1): Delayed 1 second(s)

2020-06-05 20:53:22 - [MESSAGE][PASSED] - Delayed 1 second(s)

2020-06-05 20:53:22 - [TEST_STEP][PASSED] - click(ModifyDay): Object: 'Object Repository/Objects.DateValidation/Page_ISPS2/Select_Day_Index' is clicked on

2020-06-05 20:53:22 - [MESSAGE][PASSED] - Object: 'Object Repository/Objects.DateValidation/Page_ISPS2/Select_Day_Index' is clicked on

2020-06-05 20:53:22 - [TEST_STEP][PASSED] - GetError = getAttribute(DateFieldNm, "data-errorqtip"): Attribute 'data-errorqtip' of object 'Object Repository/Objects.HighlightElements/input_field' is: ''

2020-06-05 20:53:22 - [MESSAGE][PASSED] - Attribute 'data-errorqtip' of object 'Object Repository/Objects.HighlightElements/input_field' is: ''

2020-06-05 20:53:22 - [TEST_STEP][PASSED] - if (GetError == ""): Date Format is valid

2020-06-05 20:53:22 - [TEST_STEP][PASSED] - GetEnteredDate = getAttribute(DateFieldNm, "value"): Attribute 'value' of object 'Object Repository/Objects.HighlightElements/input_field' is: '09/06/2020'

2020-06-05 20:53:22 - [MESSAGE][PASSED] - Attribute 'value' of object 'Object Repository/Objects.HighlightElements/input_field' is: '09/06/2020'

2020-06-05 20:53:22 - [TEST_STEP][PASSED] - DatePattern = Pattern.compile("^(1[0-2]|0[1-9])/(3[01]|[12][0-9]|0[1-9])/[0-9]{4}$"): null

2020-06-05 20:53:22 - [TEST_STEP][PASSED] - VerifyDateFormat = DatePattern.matcher(GetEnteredDate): null

2020-06-05 20:53:22 - [TEST_STEP][PASSED] - if (VerifyDateFormat.matches() == true): Date Format is valid

2020-06-05 20:53:22 - [TEST_STEP][PASSED] - comment("Date Format is valid"): Date Format is valid

2020-06-05 20:53:22 - [MESSAGE][INFO] - Date Format is valid

2020-06-05 20:53:22 - [MESSAGE][PASSED] - Call Test Case 'Test Cases/PFI Precision and Scale/PFI Components with Indexing/SelectDayInDatePickerWithIndex' successfully

2020-06-05 20:53:22 - [TEST_STEP][PASSED] - callTestCase(findTestCase("PFI Precision and Scale/PFI Components/SelectTodayInDatePicker"), ["FldNm":"d2aComplDt", "index":4], STOP_ON_FAILURE): Call Test Case 'Test Cases/PFI Precision and Scale/PFI Components/SelectTodayInDatePicker' successfully

2020-06-05 20:53:22 - [TEST_CASE][PASSED] - Test Cases/PFI Precision and Scale/PFI Components/SelectTodayInDatePicker: Test Cases/PFI Precision and Scale/PFI Components/SelectTodayInDatePicker

2020-06-05 20:53:22 - [TEST_STEP][PASSED] - Thread.sleep(1000): null

2020-06-05 20:53:23 - [TEST_STEP][PASSED] - date = new java.util.Date(): null

2020-06-05 20:53:23 - [TEST_STEP][PASSED] - CurrentDate = new java.text.SimpleDateFormat(dd/MM/yyyy): null

2020-06-05 20:53:23 - [TEST_STEP][PASSED] - TodayDate = CurrentDate.format(date): null

2020-06-05 20:53:23 - [TEST_STEP][PASSED] - DateFieldNm = modifyObjectProperty(findTestObject("Object Repository/Objects.DateValidation/Page_ISPS2/input__orderDt"), "name", "equals", FldNm, true): Modify property of object successfully

2020-06-05 20:53:23 - [MESSAGE][PASSED] - Modify property of object successfully

2020-06-05 20:53:23 - [TEST_STEP][PASSED] - TodayBtn = modifyObjectProperty(findTestObject("Object Repository/Objects.DateValidation/Page_ISPS2/a_Today"), "xpath", "equals", "(//*[text() = 'Today'])[" + index + "]", true): Modify property of object successfully

2020-06-05 20:53:23 - [MESSAGE][PASSED] - Modify property of object successfully

2020-06-05 20:53:23 - [TEST_STEP][PASSED] - sendKeys(DateFieldNm, Keys.chord(ARROW_DOWN)): Keys 'DOWN + ' sent to object: 'Object Repository/Objects.DateValidation/Page_ISPS2/input__orderDt'

2020-06-05 20:53:23 - [MESSAGE][PASSED] - Keys 'DOWN + ' sent to object: 'Object Repository/Objects.DateValidation/Page_ISPS2/input__orderDt'

2020-06-05 20:53:23 - [TEST_STEP][PASSED] - com.reusableComponents.HighlightElement.run(TodayBtn): com.reusableComponents.HighlightElement.run is PASSED

2020-06-05 20:53:24 - [MESSAGE][PASSED] - com.reusableComponents.HighlightElement.run is PASSED

2020-06-05 20:53:24 - [TEST_STEP][PASSED] - click(TodayBtn): Object: 'Object Repository/Objects.DateValidation/Page_ISPS2/a_Today' is clicked on

2020-06-05 20:53:24 - [MESSAGE][PASSED] - Object: 'Object Repository/Objects.DateValidation/Page_ISPS2/a_Today' is clicked on

2020-06-05 20:53:24 - [TEST_STEP][PASSED] - GetEnteredDate = getAttribute(DateFieldNm, "value"): Attribute 'value' of object 'Object Repository/Objects.DateValidation/Page_ISPS2/input__orderDt' is: '05/06/2020'

2020-06-05 20:53:24 - [MESSAGE][PASSED] - Attribute 'value' of object 'Object Repository/Objects.DateValidation/Page_ISPS2/input__orderDt' is: '05/06/2020'

2020-06-05 20:53:24 - [TEST_STEP][PASSED] - verifyMatch(GetEnteredDate, TodayDate, true): Actual text '05/06/2020' and expected text '05/06/2020' are matched  using regular expression

2020-06-05 20:53:24 - [MESSAGE][PASSED] - Actual text '05/06/2020' and expected text '05/06/2020' are matched  using regular expression

2020-06-05 20:53:24 - [MESSAGE][PASSED] - Call Test Case 'Test Cases/PFI Precision and Scale/PFI Components/SelectTodayInDatePicker' successfully

2020-06-05 20:53:24 - [TEST_STEP][PASSED] - callTestCase(findTestCase("Components/HighlightLabelField"), ["LblName":"PE Reference No *:"], STOP_ON_FAILURE): Call Test Case 'Test Cases/Components/HighlightLabelField' successfully

2020-06-05 20:53:24 - [TEST_CASE][PASSED] - Test Cases/Components/HighlightLabelField: Test Cases/Components/HighlightLabelField

2020-06-05 20:53:24 - [TEST_STEP][PASSED] - Thread.sleep(1000): null

2020-06-05 20:53:25 - [TEST_STEP][PASSED] - modifiedLblNm = modifyObjectProperty(findTestObject("Objects.HighlightElements/lblField"), "text", "equals", LblName, true): Modify property of object successfully

2020-06-05 20:53:25 - [MESSAGE][PASSED] - Modify property of object successfully

2020-06-05 20:53:25 - [TEST_STEP][PASSED] - com.reusableComponents.HighlightElement.run(modifiedLblNm): com.reusableComponents.HighlightElement.run is PASSED

2020-06-05 20:53:25 - [MESSAGE][PASSED] - com.reusableComponents.HighlightElement.run is PASSED

2020-06-05 20:53:25 - [MESSAGE][PASSED] - Call Test Case 'Test Cases/Components/HighlightLabelField' successfully

2020-06-05 20:53:25 - [TEST_STEP][PASSED] - callTestCase(findTestCase("Components/HighlightInputField"), ["InputFldName":"peRegNbr"], STOP_ON_FAILURE): Call Test Case 'Test Cases/Components/HighlightInputField' successfully

2020-06-05 20:53:25 - [TEST_CASE][PASSED] - Test Cases/Components/HighlightInputField: Test Cases/Components/HighlightInputField

2020-06-05 20:53:25 - [TEST_STEP][PASSED] - Thread.sleep(1000): null

2020-06-05 20:53:26 - [TEST_STEP][PASSED] - modifiedLblNm = modifyObjectProperty(findTestObject("Objects.HighlightElements/input_field"), "name", "equals", InputFldName, true): Modify property of object successfully

2020-06-05 20:53:26 - [MESSAGE][PASSED] - Modify property of object successfully

2020-06-05 20:53:26 - [TEST_STEP][PASSED] - com.reusableComponents.HighlightElement.run(modifiedLblNm): com.reusableComponents.HighlightElement.run is PASSED

2020-06-05 20:53:27 - [MESSAGE][PASSED] - com.reusableComponents.HighlightElement.run is PASSED

2020-06-05 20:53:27 - [MESSAGE][PASSED] - Call Test Case 'Test Cases/Components/HighlightInputField' successfully

2020-06-05 20:53:27 - [TEST_STEP][PASSED] - callTestCase(findTestCase("PFI Precision and Scale/PFI Components/VerifyDropdownValues"), ["FldNm":"peRegNbr", "CallTCName":"Test Cases/PFI Precision and Scale/HashMap Tables/PELists", "cmbNm":"PENo", "NoOfVal":10, ... ], STOP_ON_FAILURE): Call Test Case 'Test Cases/PFI Precision and Scale/PFI Components/VerifyDropdownValues' successfully

2020-06-05 20:53:27 - [TEST_CASE][PASSED] - Test Cases/PFI Precision and Scale/PFI Components/VerifyDropdownValues: Test Cases/PFI Precision and Scale/PFI Components/VerifyDropdownValues

2020-06-05 20:53:27 - [TEST_STEP][PASSED] - Thread.sleep(1000): null

2020-06-05 20:53:28 - [TEST_STEP][PASSED] - NewInputNmField = modifyObjectProperty(findTestObject("Objects.HighlightElements/input_field"), "name", "equals", FldNm, true): Modify property of object successfully

2020-06-05 20:53:28 - [MESSAGE][PASSED] - Modify property of object successfully

2020-06-05 20:53:28 - [TEST_STEP][PASSED] - comboNm = cmbNm: null

2020-06-05 20:53:28 - [TEST_STEP][PASSED] - focus(NewInputNmField): Object: 'Object Repository/Objects.HighlightElements/input_field' is focused

2020-06-05 20:53:28 - [MESSAGE][PASSED] - Object: 'Object Repository/Objects.HighlightElements/input_field' is focused

2020-06-05 20:53:28 - [TEST_STEP][PASSED] - setText(NewInputNmField, EnterValue): Text '0016' is set on object 'Object Repository/Objects.HighlightElements/input_field'

2020-06-05 20:53:28 - [MESSAGE][PASSED] - Text '0016' is set on object 'Object Repository/Objects.HighlightElements/input_field'

2020-06-05 20:53:28 - [TEST_STEP][PASSED] - for ([i = 1, i <= NoOfVal, (i++)]): Keys 'DOWN + ' sent to object: 'Object Repository/Objects.HighlightElements/input_field'

2020-06-05 20:53:28 - [TEST_STEP][PASSED] - sendKeys(NewInputNmField, Keys.chord(ARROW_DOWN)): Keys 'DOWN + ' sent to object: 'Object Repository/Objects.HighlightElements/input_field'

2020-06-05 20:53:28 - [MESSAGE][PASSED] - Keys 'DOWN + ' sent to object: 'Object Repository/Objects.HighlightElements/input_field'

2020-06-05 20:53:28 - [TEST_STEP][PASSED] - delay(DelayTime): Delayed 5 second(s)

2020-06-05 20:53:33 - [MESSAGE][PASSED] - Delayed 5 second(s)

2020-06-05 20:53:33 - [TEST_STEP][PASSED] - sendKeys(NewInputNmField, Keys.chord(ENTER)): Keys 'ENTER + ' sent to object: 'Object Repository/Objects.HighlightElements/input_field'

2020-06-05 20:53:33 - [MESSAGE][PASSED] - Keys 'ENTER + ' sent to object: 'Object Repository/Objects.HighlightElements/input_field'

2020-06-05 20:53:33 - [TEST_STEP][PASSED] - ComboBoxValue = getAttribute(NewInputNmField, "value"): Attribute 'value' of object 'Object Repository/Objects.HighlightElements/input_field' is: '0016'

2020-06-05 20:53:33 - [MESSAGE][PASSED] - Attribute 'value' of object 'Object Repository/Objects.HighlightElements/input_field' is: '0016'

2020-06-05 20:53:33 - [TEST_STEP][PASSED] - callTestCase(findTestCase(CallTCName), ["FindValue":ComboBoxValue, "DropdownNm":comboNm], STOP_ON_FAILURE): Call Test Case 'Test Cases/PFI Precision and Scale/HashMap Tables/PELists' successfully

2020-06-05 20:53:33 - [TEST_CASE][PASSED] - Test Cases/PFI Precision and Scale/HashMap Tables/PELists: Test Cases/PFI Precision and Scale/HashMap Tables/PELists

2020-06-05 20:53:33 - [TEST_STEP][PASSED] - Thread.sleep(1000): null

2020-06-05 20:53:34 - [TEST_STEP][PASSED] - PEListsTBL = ["0011":"QP-Formatted Address", "0012":"QP-0012", "0014":"QP-0014", "0015":"QP-0015", "0016":"QP-0016", "3214":"Dummy QP Name 3861", ... ]: null

2020-06-05 20:53:34 - [TEST_STEP][PASSED] - switch (DropdownNm): null

2020-06-05 20:53:34 - [TEST_STEP][PASSED] - case "PENo":: null

2020-06-05 20:53:34 - [TEST_STEP][PASSED] - ValueFound = FindValue + " (" + get(FindValue).toString() + ")": null

2020-06-05 20:53:34 - [TEST_STEP][PASSED] - break: null

2020-06-05 20:53:34 - [MESSAGE][PASSED] - Call Test Case 'Test Cases/PFI Precision and Scale/HashMap Tables/PELists' successfully

2020-06-05 20:53:34 - [TEST_STEP][PASSED] - println(ValueFound): null

2020-06-05 20:53:34 - [TEST_STEP][PASSED] - sendKeys(NewInputNmField, Keys.chord(ARROW_DOWN)): Keys 'DOWN + ' sent to object: 'Object Repository/Objects.HighlightElements/input_field'

2020-06-05 20:53:34 - [MESSAGE][PASSED] - Keys 'DOWN + ' sent to object: 'Object Repository/Objects.HighlightElements/input_field'

2020-06-05 20:53:34 - [TEST_STEP][PASSED] - sendKeys(NewInputNmField, Keys.chord(ARROW_DOWN)): Keys 'DOWN + ' sent to object: 'Object Repository/Objects.HighlightElements/input_field'

2020-06-05 20:53:34 - [MESSAGE][PASSED] - Keys 'DOWN + ' sent to object: 'Object Repository/Objects.HighlightElements/input_field'

2020-06-05 20:53:34 - [TEST_STEP][PASSED] - delay(DelayTime): Delayed 5 second(s)

2020-06-05 20:53:39 - [MESSAGE][PASSED] - Delayed 5 second(s)

2020-06-05 20:53:39 - [TEST_STEP][PASSED] - sendKeys(NewInputNmField, Keys.chord(ENTER)): Keys 'ENTER + ' sent to object: 'Object Repository/Objects.HighlightElements/input_field'

2020-06-05 20:53:39 - [MESSAGE][PASSED] - Keys 'ENTER + ' sent to object: 'Object Repository/Objects.HighlightElements/input_field'

2020-06-05 20:53:39 - [TEST_STEP][PASSED] - ComboBoxValue = getAttribute(NewInputNmField, "value"): Attribute 'value' of object 'Object Repository/Objects.HighlightElements/input_field' is: '0016'

2020-06-05 20:53:40 - [MESSAGE][PASSED] - Attribute 'value' of object 'Object Repository/Objects.HighlightElements/input_field' is: '0016'

2020-06-05 20:53:40 - [TEST_STEP][PASSED] - callTestCase(findTestCase(CallTCName), ["FindValue":ComboBoxValue, "DropdownNm":comboNm], STOP_ON_FAILURE): Call Test Case 'Test Cases/PFI Precision and Scale/HashMap Tables/PELists' successfully

2020-06-05 20:53:40 - [TEST_CASE][PASSED] - Test Cases/PFI Precision and Scale/HashMap Tables/PELists: Test Cases/PFI Precision and Scale/HashMap Tables/PELists

2020-06-05 20:53:40 - [TEST_STEP][PASSED] - Thread.sleep(1000): null

2020-06-05 20:53:41 - [TEST_STEP][PASSED] - PEListsTBL = ["0011":"QP-Formatted Address", "0012":"QP-0012", "0014":"QP-0014", "0015":"QP-0015", "0016":"QP-0016", "3214":"Dummy QP Name 3861", ... ]: null

2020-06-05 20:53:41 - [TEST_STEP][PASSED] - switch (DropdownNm): null

2020-06-05 20:53:41 - [TEST_STEP][PASSED] - case "PENo":: null

2020-06-05 20:53:41 - [TEST_STEP][PASSED] - ValueFound = FindValue + " (" + get(FindValue).toString() + ")": null

2020-06-05 20:53:41 - [TEST_STEP][PASSED] - break: null

2020-06-05 20:53:41 - [MESSAGE][PASSED] - Call Test Case 'Test Cases/PFI Precision and Scale/HashMap Tables/PELists' successfully

2020-06-05 20:53:41 - [TEST_STEP][PASSED] - println(ValueFound): null

2020-06-05 20:53:41 - [TEST_STEP][PASSED] - sendKeys(NewInputNmField, Keys.chord(ARROW_DOWN)): Keys 'DOWN + ' sent to object: 'Object Repository/Objects.HighlightElements/input_field'

2020-06-05 20:53:41 - [MESSAGE][PASSED] - Keys 'DOWN + ' sent to object: 'Object Repository/Objects.HighlightElements/input_field'

2020-06-05 20:53:41 - [TEST_STEP][PASSED] - sendKeys(NewInputNmField, Keys.chord(ARROW_DOWN)): Keys 'DOWN + ' sent to object: 'Object Repository/Objects.HighlightElements/input_field'

2020-06-05 20:53:41 - [MESSAGE][PASSED] - Keys 'DOWN + ' sent to object: 'Object Repository/Objects.HighlightElements/input_field'

2020-06-05 20:53:41 - [TEST_STEP][PASSED] - delay(DelayTime): Delayed 5 second(s)

2020-06-05 20:53:46 - [MESSAGE][PASSED] - Delayed 5 second(s)

2020-06-05 20:53:46 - [TEST_STEP][PASSED] - sendKeys(NewInputNmField, Keys.chord(ENTER)): Keys 'ENTER + ' sent to object: 'Object Repository/Objects.HighlightElements/input_field'

2020-06-05 20:53:46 - [MESSAGE][PASSED] - Keys 'ENTER + ' sent to object: 'Object Repository/Objects.HighlightElements/input_field'

2020-06-05 20:53:46 - [TEST_STEP][PASSED] - ComboBoxValue = getAttribute(NewInputNmField, "value"): Attribute 'value' of object 'Object Repository/Objects.HighlightElements/input_field' is: '1004'

2020-06-05 20:53:46 - [MESSAGE][PASSED] - Attribute 'value' of object 'Object Repository/Objects.HighlightElements/input_field' is: '1004'

2020-06-05 20:53:46 - [TEST_STEP][PASSED] - callTestCase(findTestCase(CallTCName), ["FindValue":ComboBoxValue, "DropdownNm":comboNm], STOP_ON_FAILURE): Call Test Case 'Test Cases/PFI Precision and Scale/HashMap Tables/PELists' successfully

2020-06-05 20:53:46 - [TEST_CASE][PASSED] - Test Cases/PFI Precision and Scale/HashMap Tables/PELists: Test Cases/PFI Precision and Scale/HashMap Tables/PELists

2020-06-05 20:53:46 - [TEST_STEP][PASSED] - Thread.sleep(1000): null

2020-06-05 20:53:47 - [TEST_STEP][PASSED] - PEListsTBL = ["0011":"QP-Formatted Address", "0012":"QP-0012", "0014":"QP-0014", "0015":"QP-0015", "0016":"QP-0016", "3214":"Dummy QP Name 3861", ... ]: null

2020-06-05 20:53:47 - [TEST_STEP][PASSED] - switch (DropdownNm): null

2020-06-05 20:53:47 - [TEST_STEP][PASSED] - case "PENo":: null

2020-06-05 20:53:47 - [TEST_STEP][PASSED] - ValueFound = FindValue + " (" + get(FindValue).toString() + ")": null

2020-06-05 20:53:47 - [TEST_STEP][PASSED] - break: null

2020-06-05 20:53:47 - [MESSAGE][PASSED] - Call Test Case 'Test Cases/PFI Precision and Scale/HashMap Tables/PELists' successfully

2020-06-05 20:53:47 - [TEST_STEP][PASSED] - println(ValueFound): null

2020-06-05 20:53:47 - [TEST_STEP][PASSED] - sendKeys(NewInputNmField, Keys.chord(ARROW_DOWN)): Keys 'DOWN + ' sent to object: 'Object Repository/Objects.HighlightElements/input_field'

2020-06-05 20:53:47 - [MESSAGE][PASSED] - Keys 'DOWN + ' sent to object: 'Object Repository/Objects.HighlightElements/input_field'

2020-06-05 20:53:47 - [TEST_STEP][PASSED] - sendKeys(NewInputNmField, Keys.chord(ARROW_DOWN)): Keys 'DOWN + ' sent to object: 'Object Repository/Objects.HighlightElements/input_field'

2020-06-05 20:53:47 - [MESSAGE][PASSED] - Keys 'DOWN + ' sent to object: 'Object Repository/Objects.HighlightElements/input_field'

2020-06-05 20:53:47 - [TEST_STEP][PASSED] - delay(DelayTime): Delayed 5 second(s)

2020-06-05 20:53:52 - [MESSAGE][PASSED] - Delayed 5 second(s)

2020-06-05 20:53:52 - [TEST_STEP][PASSED] - sendKeys(NewInputNmField, Keys.chord(ENTER)): Keys 'ENTER + ' sent to object: 'Object Repository/Objects.HighlightElements/input_field'

2020-06-05 20:53:52 - [MESSAGE][PASSED] - Keys 'ENTER + ' sent to object: 'Object Repository/Objects.HighlightElements/input_field'

2020-06-05 20:53:52 - [TEST_STEP][PASSED] - ComboBoxValue = getAttribute(NewInputNmField, "value"): Attribute 'value' of object 'Object Repository/Objects.HighlightElements/input_field' is: '1004'

2020-06-05 20:53:52 - [MESSAGE][PASSED] - Attribute 'value' of object 'Object Repository/Objects.HighlightElements/input_field' is: '1004'

2020-06-05 20:53:52 - [TEST_STEP][PASSED] - callTestCase(findTestCase(CallTCName), ["FindValue":ComboBoxValue, "DropdownNm":comboNm], STOP_ON_FAILURE): Call Test Case 'Test Cases/PFI Precision and Scale/HashMap Tables/PELists' successfully

2020-06-05 20:53:52 - [TEST_CASE][PASSED] - Test Cases/PFI Precision and Scale/HashMap Tables/PELists: Test Cases/PFI Precision and Scale/HashMap Tables/PELists

2020-06-05 20:53:52 - [TEST_STEP][PASSED] - Thread.sleep(1000): null

2020-06-05 20:53:53 - [TEST_STEP][PASSED] - PEListsTBL = ["0011":"QP-Formatted Address", "0012":"QP-0012", "0014":"QP-0014", "0015":"QP-0015", "0016":"QP-0016", "3214":"Dummy QP Name 3861", ... ]: null

2020-06-05 20:53:53 - [TEST_STEP][PASSED] - switch (DropdownNm): null

2020-06-05 20:53:53 - [TEST_STEP][PASSED] - case "PENo":: null

2020-06-05 20:53:53 - [TEST_STEP][PASSED] - ValueFound = FindValue + " (" + get(FindValue).toString() + ")": null

2020-06-05 20:53:53 - [TEST_STEP][PASSED] - break: null

2020-06-05 20:53:53 - [MESSAGE][PASSED] - Call Test Case 'Test Cases/PFI Precision and Scale/HashMap Tables/PELists' successfully

2020-06-05 20:53:53 - [TEST_STEP][PASSED] - println(ValueFound): null

2020-06-05 20:53:53 - [TEST_STEP][PASSED] - sendKeys(NewInputNmField, Keys.chord(ARROW_DOWN)): Keys 'DOWN + ' sent to object: 'Object Repository/Objects.HighlightElements/input_field'

2020-06-05 20:53:53 - [MESSAGE][PASSED] - Keys 'DOWN + ' sent to object: 'Object Repository/Objects.HighlightElements/input_field'

2020-06-05 20:53:53 - [TEST_STEP][PASSED] - sendKeys(NewInputNmField, Keys.chord(ARROW_DOWN)): Keys 'DOWN + ' sent to object: 'Object Repository/Objects.HighlightElements/input_field'

2020-06-05 20:53:53 - [MESSAGE][PASSED] - Keys 'DOWN + ' sent to object: 'Object Repository/Objects.HighlightElements/input_field'

2020-06-05 20:53:53 - [TEST_STEP][PASSED] - delay(DelayTime): Delayed 5 second(s)

2020-06-05 20:53:58 - [MESSAGE][PASSED] - Delayed 5 second(s)

2020-06-05 20:53:58 - [TEST_STEP][PASSED] - sendKeys(NewInputNmField, Keys.chord(ENTER)): Keys 'ENTER + ' sent to object: 'Object Repository/Objects.HighlightElements/input_field'

2020-06-05 20:53:58 - [MESSAGE][PASSED] - Keys 'ENTER + ' sent to object: 'Object Repository/Objects.HighlightElements/input_field'

2020-06-05 20:53:58 - [TEST_STEP][PASSED] - ComboBoxValue = getAttribute(NewInputNmField, "value"): Attribute 'value' of object 'Object Repository/Objects.HighlightElements/input_field' is: '1004'

2020-06-05 20:53:58 - [MESSAGE][PASSED] - Attribute 'value' of object 'Object Repository/Objects.HighlightElements/input_field' is: '1004'

2020-06-05 20:53:58 - [TEST_STEP][PASSED] - callTestCase(findTestCase(CallTCName), ["FindValue":ComboBoxValue, "DropdownNm":comboNm], STOP_ON_FAILURE): Call Test Case 'Test Cases/PFI Precision and Scale/HashMap Tables/PELists' successfully

2020-06-05 20:53:58 - [TEST_CASE][PASSED] - Test Cases/PFI Precision and Scale/HashMap Tables/PELists: Test Cases/PFI Precision and Scale/HashMap Tables/PELists

2020-06-05 20:53:58 - [TEST_STEP][PASSED] - Thread.sleep(1000): null

2020-06-05 20:53:59 - [TEST_STEP][PASSED] - PEListsTBL = ["0011":"QP-Formatted Address", "0012":"QP-0012", "0014":"QP-0014", "0015":"QP-0015", "0016":"QP-0016", "3214":"Dummy QP Name 3861", ... ]: null

2020-06-05 20:53:59 - [TEST_STEP][PASSED] - switch (DropdownNm): null

2020-06-05 20:53:59 - [TEST_STEP][PASSED] - case "PENo":: null

2020-06-05 20:53:59 - [TEST_STEP][PASSED] - ValueFound = FindValue + " (" + get(FindValue).toString() + ")": null

2020-06-05 20:53:59 - [TEST_STEP][PASSED] - break: null

2020-06-05 20:53:59 - [MESSAGE][PASSED] - Call Test Case 'Test Cases/PFI Precision and Scale/HashMap Tables/PELists' successfully

2020-06-05 20:53:59 - [TEST_STEP][PASSED] - println(ValueFound): null

2020-06-05 20:53:59 - [TEST_STEP][PASSED] - sendKeys(NewInputNmField, Keys.chord(ARROW_DOWN)): Keys 'DOWN + ' sent to object: 'Object Repository/Objects.HighlightElements/input_field'

2020-06-05 20:53:59 - [MESSAGE][PASSED] - Keys 'DOWN + ' sent to object: 'Object Repository/Objects.HighlightElements/input_field'

2020-06-05 20:53:59 - [TEST_STEP][PASSED] - sendKeys(NewInputNmField, Keys.chord(ARROW_DOWN)): Keys 'DOWN + ' sent to object: 'Object Repository/Objects.HighlightElements/input_field'

2020-06-05 20:53:59 - [MESSAGE][PASSED] - Keys 'DOWN + ' sent to object: 'Object Repository/Objects.HighlightElements/input_field'

2020-06-05 20:53:59 - [TEST_STEP][PASSED] - delay(DelayTime): Delayed 5 second(s)

2020-06-05 20:54:04 - [MESSAGE][PASSED] - Delayed 5 second(s)

2020-06-05 20:54:04 - [TEST_STEP][PASSED] - sendKeys(NewInputNmField, Keys.chord(ENTER)): Keys 'ENTER + ' sent to object: 'Object Repository/Objects.HighlightElements/input_field'

2020-06-05 20:54:04 - [MESSAGE][PASSED] - Keys 'ENTER + ' sent to object: 'Object Repository/Objects.HighlightElements/input_field'

2020-06-05 20:54:04 - [TEST_STEP][PASSED] - ComboBoxValue = getAttribute(NewInputNmField, "value"): Attribute 'value' of object 'Object Repository/Objects.HighlightElements/input_field' is: '1004'

2020-06-05 20:54:04 - [MESSAGE][PASSED] - Attribute 'value' of object 'Object Repository/Objects.HighlightElements/input_field' is: '1004'

2020-06-05 20:54:04 - [TEST_STEP][PASSED] - callTestCase(findTestCase(CallTCName), ["FindValue":ComboBoxValue, "DropdownNm":comboNm], STOP_ON_FAILURE): Call Test Case 'Test Cases/PFI Precision and Scale/HashMap Tables/PELists' successfully

2020-06-05 20:54:04 - [TEST_CASE][PASSED] - Test Cases/PFI Precision and Scale/HashMap Tables/PELists: Test Cases/PFI Precision and Scale/HashMap Tables/PELists

2020-06-05 20:54:04 - [TEST_STEP][PASSED] - Thread.sleep(1000): null

2020-06-05 20:54:05 - [TEST_STEP][PASSED] - PEListsTBL = ["0011":"QP-Formatted Address", "0012":"QP-0012", "0014":"QP-0014", "0015":"QP-0015", "0016":"QP-0016", "3214":"Dummy QP Name 3861", ... ]: null

2020-06-05 20:54:05 - [TEST_STEP][PASSED] - switch (DropdownNm): null

2020-06-05 20:54:05 - [TEST_STEP][PASSED] - case "PENo":: null

2020-06-05 20:54:05 - [TEST_STEP][PASSED] - ValueFound = FindValue + " (" + get(FindValue).toString() + ")": null

2020-06-05 20:54:05 - [TEST_STEP][PASSED] - break: null

2020-06-05 20:54:05 - [MESSAGE][PASSED] - Call Test Case 'Test Cases/PFI Precision and Scale/HashMap Tables/PELists' successfully

2020-06-05 20:54:05 - [TEST_STEP][PASSED] - println(ValueFound): null

2020-06-05 20:54:05 - [TEST_STEP][PASSED] - sendKeys(NewInputNmField, Keys.chord(ARROW_DOWN)): Keys 'DOWN + ' sent to object: 'Object Repository/Objects.HighlightElements/input_field'

2020-06-05 20:54:06 - [MESSAGE][PASSED] - Keys 'DOWN + ' sent to object: 'Object Repository/Objects.HighlightElements/input_field'

2020-06-05 20:54:06 - [TEST_STEP][PASSED] - sendKeys(NewInputNmField, Keys.chord(ARROW_DOWN)): Keys 'DOWN + ' sent to object: 'Object Repository/Objects.HighlightElements/input_field'

2020-06-05 20:54:06 - [MESSAGE][PASSED] - Keys 'DOWN + ' sent to object: 'Object Repository/Objects.HighlightElements/input_field'

2020-06-05 20:54:06 - [TEST_STEP][PASSED] - delay(DelayTime): Delayed 5 second(s)

2020-06-05 20:54:11 - [MESSAGE][PASSED] - Delayed 5 second(s)

2020-06-05 20:54:11 - [TEST_STEP][PASSED] - sendKeys(NewInputNmField, Keys.chord(ENTER)): Keys 'ENTER + ' sent to object: 'Object Repository/Objects.HighlightElements/input_field'

2020-06-05 20:54:11 - [MESSAGE][PASSED] - Keys 'ENTER + ' sent to object: 'Object Repository/Objects.HighlightElements/input_field'

2020-06-05 20:54:11 - [TEST_STEP][PASSED] - ComboBoxValue = getAttribute(NewInputNmField, "value"): Attribute 'value' of object 'Object Repository/Objects.HighlightElements/input_field' is: '1004'

2020-06-05 20:54:11 - [MESSAGE][PASSED] - Attribute 'value' of object 'Object Repository/Objects.HighlightElements/input_field' is: '1004'

2020-06-05 20:54:11 - [TEST_STEP][PASSED] - callTestCase(findTestCase(CallTCName), ["FindValue":ComboBoxValue, "DropdownNm":comboNm], STOP_ON_FAILURE): Call Test Case 'Test Cases/PFI Precision and Scale/HashMap Tables/PELists' successfully

2020-06-05 20:54:11 - [TEST_CASE][PASSED] - Test Cases/PFI Precision and Scale/HashMap Tables/PELists: Test Cases/PFI Precision and Scale/HashMap Tables/PELists

2020-06-05 20:54:11 - [TEST_STEP][PASSED] - Thread.sleep(1000): null

2020-06-05 20:54:12 - [TEST_STEP][PASSED] - PEListsTBL = ["0011":"QP-Formatted Address", "0012":"QP-0012", "0014":"QP-0014", "0015":"QP-0015", "0016":"QP-0016", "3214":"Dummy QP Name 3861", ... ]: null

2020-06-05 20:54:12 - [TEST_STEP][PASSED] - switch (DropdownNm): null

2020-06-05 20:54:12 - [TEST_STEP][PASSED] - case "PENo":: null

2020-06-05 20:54:12 - [TEST_STEP][PASSED] - ValueFound = FindValue + " (" + get(FindValue).toString() + ")": null

2020-06-05 20:54:12 - [TEST_STEP][PASSED] - break: null

2020-06-05 20:54:12 - [MESSAGE][PASSED] - Call Test Case 'Test Cases/PFI Precision and Scale/HashMap Tables/PELists' successfully

2020-06-05 20:54:12 - [TEST_STEP][PASSED] - println(ValueFound): null

2020-06-05 20:54:12 - [TEST_STEP][PASSED] - sendKeys(NewInputNmField, Keys.chord(ARROW_DOWN)): Keys 'DOWN + ' sent to object: 'Object Repository/Objects.HighlightElements/input_field'

2020-06-05 20:54:12 - [MESSAGE][PASSED] - Keys 'DOWN + ' sent to object: 'Object Repository/Objects.HighlightElements/input_field'

2020-06-05 20:54:12 - [TEST_STEP][PASSED] - sendKeys(NewInputNmField, Keys.chord(ARROW_DOWN)): Keys 'DOWN + ' sent to object: 'Object Repository/Objects.HighlightElements/input_field'

2020-06-05 20:54:12 - [MESSAGE][PASSED] - Keys 'DOWN + ' sent to object: 'Object Repository/Objects.HighlightElements/input_field'

2020-06-05 20:54:12 - [TEST_STEP][PASSED] - delay(DelayTime): Delayed 5 second(s)

2020-06-05 20:54:17 - [MESSAGE][PASSED] - Delayed 5 second(s)

2020-06-05 20:54:17 - [TEST_STEP][PASSED] - sendKeys(NewInputNmField, Keys.chord(ENTER)): Keys 'ENTER + ' sent to object: 'Object Repository/Objects.HighlightElements/input_field'

2020-06-05 20:54:17 - [MESSAGE][PASSED] - Keys 'ENTER + ' sent to object: 'Object Repository/Objects.HighlightElements/input_field'

2020-06-05 20:54:17 - [TEST_STEP][PASSED] - ComboBoxValue = getAttribute(NewInputNmField, "value"): Attribute 'value' of object 'Object Repository/Objects.HighlightElements/input_field' is: '1004'

2020-06-05 20:54:17 - [MESSAGE][PASSED] - Attribute 'value' of object 'Object Repository/Objects.HighlightElements/input_field' is: '1004'

2020-06-05 20:54:17 - [TEST_STEP][PASSED] - callTestCase(findTestCase(CallTCName), ["FindValue":ComboBoxValue, "DropdownNm":comboNm], STOP_ON_FAILURE): Call Test Case 'Test Cases/PFI Precision and Scale/HashMap Tables/PELists' successfully

2020-06-05 20:54:17 - [TEST_CASE][PASSED] - Test Cases/PFI Precision and Scale/HashMap Tables/PELists: Test Cases/PFI Precision and Scale/HashMap Tables/PELists

2020-06-05 20:54:17 - [TEST_STEP][PASSED] - Thread.sleep(1000): null

2020-06-05 20:54:18 - [TEST_STEP][PASSED] - PEListsTBL = ["0011":"QP-Formatted Address", "0012":"QP-0012", "0014":"QP-0014", "0015":"QP-0015", "0016":"QP-0016", "3214":"Dummy QP Name 3861", ... ]: null

2020-06-05 20:54:18 - [TEST_STEP][PASSED] - switch (DropdownNm): null

2020-06-05 20:54:18 - [TEST_STEP][PASSED] - case "PENo":: null

2020-06-05 20:54:18 - [TEST_STEP][PASSED] - ValueFound = FindValue + " (" + get(FindValue).toString() + ")": null

2020-06-05 20:54:18 - [TEST_STEP][PASSED] - break: null

2020-06-05 20:54:18 - [MESSAGE][PASSED] - Call Test Case 'Test Cases/PFI Precision and Scale/HashMap Tables/PELists' successfully

2020-06-05 20:54:18 - [TEST_STEP][PASSED] - println(ValueFound): null

2020-06-05 20:54:18 - [TEST_STEP][PASSED] - sendKeys(NewInputNmField, Keys.chord(ARROW_DOWN)): Keys 'DOWN + ' sent to object: 'Object Repository/Objects.HighlightElements/input_field'

2020-06-05 20:54:18 - [MESSAGE][PASSED] - Keys 'DOWN + ' sent to object: 'Object Repository/Objects.HighlightElements/input_field'

2020-06-05 20:54:18 - [TEST_STEP][PASSED] - sendKeys(NewInputNmField, Keys.chord(ARROW_DOWN)): Keys 'DOWN + ' sent to object: 'Object Repository/Objects.HighlightElements/input_field'

2020-06-05 20:54:18 - [MESSAGE][PASSED] - Keys 'DOWN + ' sent to object: 'Object Repository/Objects.HighlightElements/input_field'

2020-06-05 20:54:18 - [TEST_STEP][PASSED] - delay(DelayTime): Delayed 5 second(s)

2020-06-05 20:54:23 - [MESSAGE][PASSED] - Delayed 5 second(s)

2020-06-05 20:54:23 - [TEST_STEP][PASSED] - sendKeys(NewInputNmField, Keys.chord(ENTER)): Keys 'ENTER + ' sent to object: 'Object Repository/Objects.HighlightElements/input_field'

2020-06-05 20:54:23 - [MESSAGE][PASSED] - Keys 'ENTER + ' sent to object: 'Object Repository/Objects.HighlightElements/input_field'

2020-06-05 20:54:23 - [TEST_STEP][PASSED] - ComboBoxValue = getAttribute(NewInputNmField, "value"): Attribute 'value' of object 'Object Repository/Objects.HighlightElements/input_field' is: '1004'

2020-06-05 20:54:23 - [MESSAGE][PASSED] - Attribute 'value' of object 'Object Repository/Objects.HighlightElements/input_field' is: '1004'

2020-06-05 20:54:23 - [TEST_STEP][PASSED] - callTestCase(findTestCase(CallTCName), ["FindValue":ComboBoxValue, "DropdownNm":comboNm], STOP_ON_FAILURE): Call Test Case 'Test Cases/PFI Precision and Scale/HashMap Tables/PELists' successfully

2020-06-05 20:54:23 - [TEST_CASE][PASSED] - Test Cases/PFI Precision and Scale/HashMap Tables/PELists: Test Cases/PFI Precision and Scale/HashMap Tables/PELists

2020-06-05 20:54:23 - [TEST_STEP][PASSED] - Thread.sleep(1000): null

2020-06-05 20:54:24 - [TEST_STEP][PASSED] - PEListsTBL = ["0011":"QP-Formatted Address", "0012":"QP-0012", "0014":"QP-0014", "0015":"QP-0015", "0016":"QP-0016", "3214":"Dummy QP Name 3861", ... ]: null

2020-06-05 20:54:24 - [TEST_STEP][PASSED] - switch (DropdownNm): null

2020-06-05 20:54:24 - [TEST_STEP][PASSED] - case "PENo":: null

2020-06-05 20:54:24 - [TEST_STEP][PASSED] - ValueFound = FindValue + " (" + get(FindValue).toString() + ")": null

2020-06-05 20:54:24 - [TEST_STEP][PASSED] - break: null

2020-06-05 20:54:24 - [MESSAGE][PASSED] - Call Test Case 'Test Cases/PFI Precision and Scale/HashMap Tables/PELists' successfully

2020-06-05 20:54:24 - [TEST_STEP][PASSED] - println(ValueFound): null

2020-06-05 20:54:24 - [TEST_STEP][PASSED] - sendKeys(NewInputNmField, Keys.chord(ARROW_DOWN)): Keys 'DOWN + ' sent to object: 'Object Repository/Objects.HighlightElements/input_field'

2020-06-05 20:54:24 - [MESSAGE][PASSED] - Keys 'DOWN + ' sent to object: 'Object Repository/Objects.HighlightElements/input_field'

2020-06-05 20:54:24 - [TEST_STEP][PASSED] - sendKeys(NewInputNmField, Keys.chord(ARROW_DOWN)): Keys 'DOWN + ' sent to object: 'Object Repository/Objects.HighlightElements/input_field'

2020-06-05 20:54:24 - [MESSAGE][PASSED] - Keys 'DOWN + ' sent to object: 'Object Repository/Objects.HighlightElements/input_field'

2020-06-05 20:54:24 - [TEST_STEP][PASSED] - delay(DelayTime): Delayed 5 second(s)

2020-06-05 20:54:29 - [MESSAGE][PASSED] - Delayed 5 second(s)

2020-06-05 20:54:29 - [TEST_STEP][PASSED] - sendKeys(NewInputNmField, Keys.chord(ENTER)): Keys 'ENTER + ' sent to object: 'Object Repository/Objects.HighlightElements/input_field'

2020-06-05 20:54:29 - [MESSAGE][PASSED] - Keys 'ENTER + ' sent to object: 'Object Repository/Objects.HighlightElements/input_field'

2020-06-05 20:54:29 - [TEST_STEP][PASSED] - ComboBoxValue = getAttribute(NewInputNmField, "value"): Attribute 'value' of object 'Object Repository/Objects.HighlightElements/input_field' is: '1004'

2020-06-05 20:54:29 - [MESSAGE][PASSED] - Attribute 'value' of object 'Object Repository/Objects.HighlightElements/input_field' is: '1004'

2020-06-05 20:54:29 - [TEST_STEP][PASSED] - callTestCase(findTestCase(CallTCName), ["FindValue":ComboBoxValue, "DropdownNm":comboNm], STOP_ON_FAILURE): Call Test Case 'Test Cases/PFI Precision and Scale/HashMap Tables/PELists' successfully

2020-06-05 20:54:29 - [TEST_CASE][PASSED] - Test Cases/PFI Precision and Scale/HashMap Tables/PELists: Test Cases/PFI Precision and Scale/HashMap Tables/PELists

2020-06-05 20:54:29 - [TEST_STEP][PASSED] - Thread.sleep(1000): null

2020-06-05 20:54:30 - [TEST_STEP][PASSED] - PEListsTBL = ["0011":"QP-Formatted Address", "0012":"QP-0012", "0014":"QP-0014", "0015":"QP-0015", "0016":"QP-0016", "3214":"Dummy QP Name 3861", ... ]: null

2020-06-05 20:54:30 - [TEST_STEP][PASSED] - switch (DropdownNm): null

2020-06-05 20:54:30 - [TEST_STEP][PASSED] - case "PENo":: null

2020-06-05 20:54:30 - [TEST_STEP][PASSED] - ValueFound = FindValue + " (" + get(FindValue).toString() + ")": null

2020-06-05 20:54:30 - [TEST_STEP][PASSED] - break: null

2020-06-05 20:54:30 - [MESSAGE][PASSED] - Call Test Case 'Test Cases/PFI Precision and Scale/HashMap Tables/PELists' successfully

2020-06-05 20:54:30 - [TEST_STEP][PASSED] - println(ValueFound): null

2020-06-05 20:54:30 - [TEST_STEP][PASSED] - sendKeys(NewInputNmField, Keys.chord(ARROW_DOWN)): Keys 'DOWN + ' sent to object: 'Object Repository/Objects.HighlightElements/input_field'

2020-06-05 20:54:30 - [MESSAGE][PASSED] - Keys 'DOWN + ' sent to object: 'Object Repository/Objects.HighlightElements/input_field'

2020-06-05 20:54:30 - [TEST_STEP][PASSED] - sendKeys(NewInputNmField, Keys.chord(ENTER)): Keys 'ENTER + ' sent to object: 'Object Repository/Objects.HighlightElements/input_field'

2020-06-05 20:54:31 - [MESSAGE][PASSED] - Keys 'ENTER + ' sent to object: 'Object Repository/Objects.HighlightElements/input_field'

2020-06-05 20:54:31 - [MESSAGE][PASSED] - Call Test Case 'Test Cases/PFI Precision and Scale/PFI Components/VerifyDropdownValues' successfully

2020-06-05 20:54:31 - [TEST_STEP][NOT_RUN] - callTestCase(findTestCase("Components/Logout"), ["LogoutPageTextToBeVerified":findTestData("Datatable").getValue("HomeBanner", 2)], STOP_ON_FAILURE): NOT_RUN: callTestCase(findTestCase("Components/Logout"), ["LogoutPageTextToBeVerified":findTestData("Datatable").getValue("HomeBanner", 2)], STOP_ON_FAILURE)

2020-06-05 20:54:31 - [MESSAGE][NOT_RUN] - NOT_RUN: callTestCase(findTestCase("Components/Logout"), ["LogoutPageTextToBeVerified":findTestData("Datatable").getValue("HomeBanner", 2)], STOP_ON_FAILURE)]]></system-out>
         <system-err><![CDATA[]]></system-err>
      </testcase>
      <testcase name="Test Cases/PFI Precision and Scale/PFI Test Cases/Process Case (PFI)/PFI.UpdateReportsLHS" time="77.744" classname="Test Cases/PFI Precision and Scale/PFI Test Cases/Process Case (PFI)/PFI.UpdateReportsLHS" status="PASSED">
         <system-out><![CDATA[2020-06-05 20:54:31 - [TEST_CASE][PASSED] - Test Cases/PFI Precision and Scale/PFI Test Cases/Process Case (PFI)/PFI.UpdateReportsLHS: Test Cases/PFI Precision and Scale/PFI Test Cases/Process Case (PFI)/PFI.UpdateReportsLHS

2020-06-05 20:54:31 - [TEST_STEP][NOT_RUN] - callTestCase(findTestCase("Components/LoginV2.0"), ["LinkToBeUsed":findTestData("ISPS2 Test Data").getValue("URL", 2), "LoginPageTextToBeVerified":findTestData("ISPS2 Test Data").getValue("HomeBanner", 2), ... ], STOP_ON_FAILURE): NOT_RUN: callTestCase(findTestCase("Components/LoginV2.0"), ["LinkToBeUsed":findTestData("ISPS2 Test Data").getValue("URL", 2), "LoginPageTextToBeVerified":findTestData("ISPS2 Test Data").getValue("HomeBanner", 2), ... ], STOP_ON_FAILURE)

2020-06-05 20:54:31 - [MESSAGE][NOT_RUN] - NOT_RUN: callTestCase(findTestCase("Components/LoginV2.0"), ["LinkToBeUsed":findTestData("ISPS2 Test Data").getValue("URL", 2), "LoginPageTextToBeVerified":findTestData("ISPS2 Test Data").getValue("HomeBanner", 2), ... ], STOP_ON_FAILURE)

2020-06-05 20:54:31 - [TEST_STEP][NOT_RUN] - callTestCase(findTestCase("Components/NavigateToHomepageHeaders"), ["headerText":"My Tasks"], STOP_ON_FAILURE): NOT_RUN: callTestCase(findTestCase("Components/NavigateToHomepageHeaders"), ["headerText":"My Tasks"], STOP_ON_FAILURE)

2020-06-05 20:54:31 - [MESSAGE][NOT_RUN] - NOT_RUN: callTestCase(findTestCase("Components/NavigateToHomepageHeaders"), ["headerText":"My Tasks"], STOP_ON_FAILURE)

2020-06-05 20:54:31 - [TEST_STEP][NOT_RUN] - callTestCase(findTestCase("Components/Filter"), ["taskDescription":"Process Case (SM)"], STOP_ON_FAILURE): NOT_RUN: callTestCase(findTestCase("Components/Filter"), ["taskDescription":"Process Case (SM)"], STOP_ON_FAILURE)

2020-06-05 20:54:31 - [MESSAGE][NOT_RUN] - NOT_RUN: callTestCase(findTestCase("Components/Filter"), ["taskDescription":"Process Case (SM)"], STOP_ON_FAILURE)

2020-06-05 20:54:31 - [TEST_STEP][NOT_RUN] - callTestCase(findTestCase("Components/ClickLinkDependingOnTextAndIndex"), ["linkName":"Process Case (SM)", "index":"3"], STOP_ON_FAILURE): NOT_RUN: callTestCase(findTestCase("Components/ClickLinkDependingOnTextAndIndex"), ["linkName":"Process Case (SM)", "index":"3"], STOP_ON_FAILURE)

2020-06-05 20:54:31 - [MESSAGE][NOT_RUN] - NOT_RUN: callTestCase(findTestCase("Components/ClickLinkDependingOnTextAndIndex"), ["linkName":"Process Case (SM)", "index":"3"], STOP_ON_FAILURE)

2020-06-05 20:54:31 - [TEST_STEP][PASSED] - callTestCase(findTestCase("Components/NavigateToAnyLHS"), ["LHS":"Update Reports"], STOP_ON_FAILURE): Call Test Case 'Test Cases/Components/NavigateToAnyLHS' successfully

2020-06-05 20:54:31 - [TEST_CASE][PASSED] - Test Cases/Components/NavigateToAnyLHS: Test Cases/Components/NavigateToAnyLHS

2020-06-05 20:54:31 - [TEST_STEP][PASSED] - Thread.sleep(1000): null

2020-06-05 20:54:32 - [TEST_STEP][PASSED] - modifiedLHS = modifyObjectProperty(findTestObject("Objects.NavigateToAnyLHS/Page_ISPS2/LHSToModify"), "text", "equals", LHS, true): Modify property of object successfully

2020-06-05 20:54:32 - [MESSAGE][PASSED] - Modify property of object successfully

2020-06-05 20:54:32 - [TEST_STEP][PASSED] - click(modifiedLHS): Object: 'Object Repository/Objects.NavigateToAnyLHS/Page_ISPS2/LHSToModify' is clicked on

2020-06-05 20:54:32 - [MESSAGE][PASSED] - Object: 'Object Repository/Objects.NavigateToAnyLHS/Page_ISPS2/LHSToModify' is clicked on

2020-06-05 20:54:32 - [TEST_STEP][PASSED] - currentLHS = getText(modifiedLHS): Text of object 'Object Repository/Objects.NavigateToAnyLHS/Page_ISPS2/LHSToModify' is: 'Update Reports'

2020-06-05 20:54:32 - [MESSAGE][PASSED] - Text of object 'Object Repository/Objects.NavigateToAnyLHS/Page_ISPS2/LHSToModify' is: 'Update Reports'

2020-06-05 20:54:32 - [TEST_STEP][PASSED] - Thread.sleep(5000): null

2020-06-05 20:54:37 - [MESSAGE][PASSED] - Call Test Case 'Test Cases/Components/NavigateToAnyLHS' successfully

2020-06-05 20:54:37 - [TEST_STEP][PASSED] - callTestCase(findTestCase("Components/VerifyPageSuccessfullyLoadedII"), ["PageNm":"Update Reports"], STOP_ON_FAILURE): Call Test Case 'Test Cases/Components/VerifyPageSuccessfullyLoadedII' successfully

2020-06-05 20:54:37 - [TEST_CASE][PASSED] - Test Cases/Components/VerifyPageSuccessfullyLoadedII: Test Cases/Components/VerifyPageSuccessfullyLoadedII

2020-06-05 20:54:37 - [TEST_STEP][PASSED] - waitForPageLoad(5): Wait for page load successfully

2020-06-05 20:54:37 - [MESSAGE][PASSED] - Wait for page load successfully

2020-06-05 20:54:37 - [TEST_STEP][PASSED] - modifiedInputFld = modifyObjectProperty(findTestObject("Object Repository/Objects.VerifyPageSuccessfullyLoaded/PageHeaderIndex"), "xpath", "equals", "//*[contains(@class,'isps-page-title') and (text()='" + PageNm + "')]", true): Modify property of object successfully

2020-06-05 20:54:37 - [MESSAGE][PASSED] - Modify property of object successfully

2020-06-05 20:54:37 - [TEST_STEP][PASSED] - com.reusableComponents.HighlightElement.run(modifiedInputFld): com.reusableComponents.HighlightElement.run is PASSED

2020-06-05 20:54:37 - [MESSAGE][PASSED] - com.reusableComponents.HighlightElement.run is PASSED

2020-06-05 20:54:37 - [MESSAGE][PASSED] - Call Test Case 'Test Cases/Components/VerifyPageSuccessfullyLoadedII' successfully

2020-06-05 20:54:37 - [TEST_STEP][PASSED] - callTestCase(findTestCase("Components/ClickAddButtonII"), [:], STOP_ON_FAILURE): Call Test Case 'Test Cases/Components/ClickAddButtonII' successfully

2020-06-05 20:54:37 - [TEST_CASE][PASSED] - Test Cases/Components/ClickAddButtonII: Test Cases/Components/ClickAddButtonII

2020-06-05 20:54:38 - [TEST_STEP][PASSED] - Thread.sleep(1000): null

2020-06-05 20:54:39 - [TEST_STEP][PASSED] - com.reusableComponents.HighlightElement.run(findTestObject("Objects.ClickAddButtonII/XP_AddButton")): com.reusableComponents.HighlightElement.run is PASSED

2020-06-05 20:54:39 - [MESSAGE][PASSED] - com.reusableComponents.HighlightElement.run is PASSED

2020-06-05 20:54:39 - [TEST_STEP][PASSED] - click(findTestObject("Objects.ClickAddButtonII/XP_AddButton")): Object: 'Object Repository/Objects.ClickAddButtonII/XP_AddButton' is clicked on

2020-06-05 20:54:39 - [MESSAGE][PASSED] - Object: 'Object Repository/Objects.ClickAddButtonII/XP_AddButton' is clicked on

2020-06-05 20:54:39 - [TEST_STEP][PASSED] - Thread.sleep(5000): null

2020-06-05 20:54:44 - [MESSAGE][PASSED] - Call Test Case 'Test Cases/Components/ClickAddButtonII' successfully

2020-06-05 20:54:44 - [TEST_STEP][PASSED] - callTestCase(findTestCase("PFI Precision and Scale/PFI Components/RequiredFieldValidation"), ["nameToBeUsed":"dFormCode"], STOP_ON_FAILURE): Call Test Case 'Test Cases/PFI Precision and Scale/PFI Components/RequiredFieldValidation' successfully

2020-06-05 20:54:44 - [TEST_CASE][PASSED] - Test Cases/PFI Precision and Scale/PFI Components/RequiredFieldValidation: Test Cases/PFI Precision and Scale/PFI Components/RequiredFieldValidation

2020-06-05 20:54:44 - [TEST_STEP][PASSED] - Thread.sleep(1000): null

2020-06-05 20:54:45 - [TEST_STEP][PASSED] - NewInputNmField = modifyObjectProperty(findTestObject("Objects.HighlightElements/input_field"), "name", "equals", nameToBeUsed, true): Modify property of object successfully

2020-06-05 20:54:45 - [MESSAGE][PASSED] - Modify property of object successfully

2020-06-05 20:54:45 - [TEST_STEP][PASSED] - mouseOver(NewInputNmField): Object: 'Object Repository/Objects.HighlightElements/input_field' is hovered

2020-06-05 20:54:46 - [MESSAGE][PASSED] - Object: 'Object Repository/Objects.HighlightElements/input_field' is hovered

2020-06-05 20:54:46 - [TEST_STEP][PASSED] - getRqErrMsg = getAttribute(NewInputNmField, "data-errorqtip"): Attribute 'data-errorqtip' of object 'Object Repository/Objects.HighlightElements/input_field' is: '<ul class="x-list-plain"><li>This field is required</li></ul>'

2020-06-05 20:54:46 - [MESSAGE][PASSED] - Attribute 'data-errorqtip' of object 'Object Repository/Objects.HighlightElements/input_field' is: '<ul class="x-list-plain"><li>This field is required</li></ul>'

2020-06-05 20:54:46 - [TEST_STEP][PASSED] - strToolTip = getRqErrMsg.substring(29, 61): null

2020-06-05 20:54:46 - [TEST_STEP][PASSED] - toolTipReqErrMsg = strToolTip.substring(0, 22): null

2020-06-05 20:54:46 - [TEST_STEP][PASSED] - verifyMatch(toolTipReqErrMsg, RqField, true): Actual text 'This field is required' and expected text 'This field is required' are matched  using regular expression

2020-06-05 20:54:46 - [MESSAGE][PASSED] - Actual text 'This field is required' and expected text 'This field is required' are matched  using regular expression

2020-06-05 20:54:46 - [MESSAGE][PASSED] - Call Test Case 'Test Cases/PFI Precision and Scale/PFI Components/RequiredFieldValidation' successfully

2020-06-05 20:54:46 - [TEST_STEP][PASSED] - callTestCase(findTestCase("PFI Precision and Scale/PFI Components/RequiredFieldValidation"), ["nameToBeUsed":"rptRecvDt"], STOP_ON_FAILURE): Call Test Case 'Test Cases/PFI Precision and Scale/PFI Components/RequiredFieldValidation' successfully

2020-06-05 20:54:46 - [TEST_CASE][PASSED] - Test Cases/PFI Precision and Scale/PFI Components/RequiredFieldValidation: Test Cases/PFI Precision and Scale/PFI Components/RequiredFieldValidation

2020-06-05 20:54:46 - [TEST_STEP][PASSED] - Thread.sleep(1000): null

2020-06-05 20:54:47 - [TEST_STEP][PASSED] - NewInputNmField = modifyObjectProperty(findTestObject("Objects.HighlightElements/input_field"), "name", "equals", nameToBeUsed, true): Modify property of object successfully

2020-06-05 20:54:47 - [MESSAGE][PASSED] - Modify property of object successfully

2020-06-05 20:54:47 - [TEST_STEP][PASSED] - mouseOver(NewInputNmField): Object: 'Object Repository/Objects.HighlightElements/input_field' is hovered

2020-06-05 20:54:47 - [MESSAGE][PASSED] - Object: 'Object Repository/Objects.HighlightElements/input_field' is hovered

2020-06-05 20:54:47 - [TEST_STEP][PASSED] - getRqErrMsg = getAttribute(NewInputNmField, "data-errorqtip"): Attribute 'data-errorqtip' of object 'Object Repository/Objects.HighlightElements/input_field' is: '<ul class="x-list-plain"><li>This field is required</li></ul>'

2020-06-05 20:54:47 - [MESSAGE][PASSED] - Attribute 'data-errorqtip' of object 'Object Repository/Objects.HighlightElements/input_field' is: '<ul class="x-list-plain"><li>This field is required</li></ul>'

2020-06-05 20:54:47 - [TEST_STEP][PASSED] - strToolTip = getRqErrMsg.substring(29, 61): null

2020-06-05 20:54:47 - [TEST_STEP][PASSED] - toolTipReqErrMsg = strToolTip.substring(0, 22): null

2020-06-05 20:54:47 - [TEST_STEP][PASSED] - verifyMatch(toolTipReqErrMsg, RqField, true): Actual text 'This field is required' and expected text 'This field is required' are matched  using regular expression

2020-06-05 20:54:47 - [MESSAGE][PASSED] - Actual text 'This field is required' and expected text 'This field is required' are matched  using regular expression

2020-06-05 20:54:47 - [MESSAGE][PASSED] - Call Test Case 'Test Cases/PFI Precision and Scale/PFI Components/RequiredFieldValidation' successfully

2020-06-05 20:54:47 - [TEST_STEP][PASSED] - callTestCase(findTestCase("PFI Precision and Scale/PFI Components/RequiredFieldValidation"), ["nameToBeUsed":"rptTypeCode"], STOP_ON_FAILURE): Call Test Case 'Test Cases/PFI Precision and Scale/PFI Components/RequiredFieldValidation' successfully

2020-06-05 20:54:47 - [TEST_CASE][PASSED] - Test Cases/PFI Precision and Scale/PFI Components/RequiredFieldValidation: Test Cases/PFI Precision and Scale/PFI Components/RequiredFieldValidation

2020-06-05 20:54:47 - [TEST_STEP][PASSED] - Thread.sleep(1000): null

2020-06-05 20:54:48 - [TEST_STEP][PASSED] - NewInputNmField = modifyObjectProperty(findTestObject("Objects.HighlightElements/input_field"), "name", "equals", nameToBeUsed, true): Modify property of object successfully

2020-06-05 20:54:48 - [MESSAGE][PASSED] - Modify property of object successfully

2020-06-05 20:54:48 - [TEST_STEP][PASSED] - mouseOver(NewInputNmField): Object: 'Object Repository/Objects.HighlightElements/input_field' is hovered

2020-06-05 20:54:48 - [MESSAGE][PASSED] - Object: 'Object Repository/Objects.HighlightElements/input_field' is hovered

2020-06-05 20:54:48 - [TEST_STEP][PASSED] - getRqErrMsg = getAttribute(NewInputNmField, "data-errorqtip"): Attribute 'data-errorqtip' of object 'Object Repository/Objects.HighlightElements/input_field' is: '<ul class="x-list-plain"><li>This field is required</li></ul>'

2020-06-05 20:54:48 - [MESSAGE][PASSED] - Attribute 'data-errorqtip' of object 'Object Repository/Objects.HighlightElements/input_field' is: '<ul class="x-list-plain"><li>This field is required</li></ul>'

2020-06-05 20:54:48 - [TEST_STEP][PASSED] - strToolTip = getRqErrMsg.substring(29, 61): null

2020-06-05 20:54:48 - [TEST_STEP][PASSED] - toolTipReqErrMsg = strToolTip.substring(0, 22): null

2020-06-05 20:54:48 - [TEST_STEP][PASSED] - verifyMatch(toolTipReqErrMsg, RqField, true): Actual text 'This field is required' and expected text 'This field is required' are matched  using regular expression

2020-06-05 20:54:48 - [MESSAGE][PASSED] - Actual text 'This field is required' and expected text 'This field is required' are matched  using regular expression

2020-06-05 20:54:48 - [MESSAGE][PASSED] - Call Test Case 'Test Cases/PFI Precision and Scale/PFI Components/RequiredFieldValidation' successfully

2020-06-05 20:54:48 - [TEST_STEP][PASSED] - callTestCase(findTestCase("PFI Precision and Scale/PFI Components/RequiredFieldValidation"), ["nameToBeUsed":"rptComplyDt"], STOP_ON_FAILURE): Call Test Case 'Test Cases/PFI Precision and Scale/PFI Components/RequiredFieldValidation' successfully

2020-06-05 20:54:48 - [TEST_CASE][PASSED] - Test Cases/PFI Precision and Scale/PFI Components/RequiredFieldValidation: Test Cases/PFI Precision and Scale/PFI Components/RequiredFieldValidation

2020-06-05 20:54:48 - [TEST_STEP][PASSED] - Thread.sleep(1000): null

2020-06-05 20:54:49 - [TEST_STEP][PASSED] - NewInputNmField = modifyObjectProperty(findTestObject("Objects.HighlightElements/input_field"), "name", "equals", nameToBeUsed, true): Modify property of object successfully

2020-06-05 20:54:49 - [MESSAGE][PASSED] - Modify property of object successfully

2020-06-05 20:54:49 - [TEST_STEP][PASSED] - mouseOver(NewInputNmField): Object: 'Object Repository/Objects.HighlightElements/input_field' is hovered

2020-06-05 20:54:49 - [MESSAGE][PASSED] - Object: 'Object Repository/Objects.HighlightElements/input_field' is hovered

2020-06-05 20:54:49 - [TEST_STEP][PASSED] - getRqErrMsg = getAttribute(NewInputNmField, "data-errorqtip"): Attribute 'data-errorqtip' of object 'Object Repository/Objects.HighlightElements/input_field' is: '<ul class="x-list-plain"><li>This field is required</li></ul>'

2020-06-05 20:54:49 - [MESSAGE][PASSED] - Attribute 'data-errorqtip' of object 'Object Repository/Objects.HighlightElements/input_field' is: '<ul class="x-list-plain"><li>This field is required</li></ul>'

2020-06-05 20:54:49 - [TEST_STEP][PASSED] - strToolTip = getRqErrMsg.substring(29, 61): null

2020-06-05 20:54:49 - [TEST_STEP][PASSED] - toolTipReqErrMsg = strToolTip.substring(0, 22): null

2020-06-05 20:54:49 - [TEST_STEP][PASSED] - verifyMatch(toolTipReqErrMsg, RqField, true): Actual text 'This field is required' and expected text 'This field is required' are matched  using regular expression

2020-06-05 20:54:49 - [MESSAGE][PASSED] - Actual text 'This field is required' and expected text 'This field is required' are matched  using regular expression

2020-06-05 20:54:49 - [MESSAGE][PASSED] - Call Test Case 'Test Cases/PFI Precision and Scale/PFI Components/RequiredFieldValidation' successfully

2020-06-05 20:54:49 - [TEST_STEP][PASSED] - callTestCase(findTestCase("PFI Precision and Scale/PFI Components/RequiredFieldValidation"), ["nameToBeUsed":"submitBy"], STOP_ON_FAILURE): Call Test Case 'Test Cases/PFI Precision and Scale/PFI Components/RequiredFieldValidation' successfully

2020-06-05 20:54:49 - [TEST_CASE][PASSED] - Test Cases/PFI Precision and Scale/PFI Components/RequiredFieldValidation: Test Cases/PFI Precision and Scale/PFI Components/RequiredFieldValidation

2020-06-05 20:54:49 - [TEST_STEP][PASSED] - Thread.sleep(1000): null

2020-06-05 20:54:50 - [TEST_STEP][PASSED] - NewInputNmField = modifyObjectProperty(findTestObject("Objects.HighlightElements/input_field"), "name", "equals", nameToBeUsed, true): Modify property of object successfully

2020-06-05 20:54:51 - [MESSAGE][PASSED] - Modify property of object successfully

2020-06-05 20:54:51 - [TEST_STEP][PASSED] - mouseOver(NewInputNmField): Object: 'Object Repository/Objects.HighlightElements/input_field' is hovered

2020-06-05 20:54:51 - [MESSAGE][PASSED] - Object: 'Object Repository/Objects.HighlightElements/input_field' is hovered

2020-06-05 20:54:51 - [TEST_STEP][PASSED] - getRqErrMsg = getAttribute(NewInputNmField, "data-errorqtip"): Attribute 'data-errorqtip' of object 'Object Repository/Objects.HighlightElements/input_field' is: '<ul class="x-list-plain"><li>This field is required</li></ul>'

2020-06-05 20:54:51 - [MESSAGE][PASSED] - Attribute 'data-errorqtip' of object 'Object Repository/Objects.HighlightElements/input_field' is: '<ul class="x-list-plain"><li>This field is required</li></ul>'

2020-06-05 20:54:51 - [TEST_STEP][PASSED] - strToolTip = getRqErrMsg.substring(29, 61): null

2020-06-05 20:54:51 - [TEST_STEP][PASSED] - toolTipReqErrMsg = strToolTip.substring(0, 22): null

2020-06-05 20:54:51 - [TEST_STEP][PASSED] - verifyMatch(toolTipReqErrMsg, RqField, true): Actual text 'This field is required' and expected text 'This field is required' are matched  using regular expression

2020-06-05 20:54:51 - [MESSAGE][PASSED] - Actual text 'This field is required' and expected text 'This field is required' are matched  using regular expression

2020-06-05 20:54:51 - [MESSAGE][PASSED] - Call Test Case 'Test Cases/PFI Precision and Scale/PFI Components/RequiredFieldValidation' successfully

2020-06-05 20:54:51 - [TEST_STEP][PASSED] - callTestCase(findTestCase("PFI Precision and Scale/PFI Components/VerifyDropdownValues"), ["FldNm":"dFormCode", "CallTCName":"Test Cases/PFI Precision and Scale/HashMap Tables/ConstantHashMap", "cmbNm":"DForm", "NoOfVal":5, ... ], STOP_ON_FAILURE): Call Test Case 'Test Cases/PFI Precision and Scale/PFI Components/VerifyDropdownValues' successfully

2020-06-05 20:54:51 - [TEST_CASE][PASSED] - Test Cases/PFI Precision and Scale/PFI Components/VerifyDropdownValues: Test Cases/PFI Precision and Scale/PFI Components/VerifyDropdownValues

2020-06-05 20:54:51 - [TEST_STEP][PASSED] - Thread.sleep(1000): null

2020-06-05 20:54:52 - [TEST_STEP][PASSED] - NewInputNmField = modifyObjectProperty(findTestObject("Objects.HighlightElements/input_field"), "name", "equals", FldNm, true): Modify property of object successfully

2020-06-05 20:54:52 - [MESSAGE][PASSED] - Modify property of object successfully

2020-06-05 20:54:52 - [TEST_STEP][PASSED] - comboNm = cmbNm: null

2020-06-05 20:54:52 - [TEST_STEP][PASSED] - focus(NewInputNmField): Object: 'Object Repository/Objects.HighlightElements/input_field' is focused

2020-06-05 20:54:52 - [MESSAGE][PASSED] - Object: 'Object Repository/Objects.HighlightElements/input_field' is focused

2020-06-05 20:54:52 - [TEST_STEP][PASSED] - setText(NewInputNmField, EnterValue): Text '' is set on object 'Object Repository/Objects.HighlightElements/input_field'

2020-06-05 20:54:52 - [MESSAGE][PASSED] - Text '' is set on object 'Object Repository/Objects.HighlightElements/input_field'

2020-06-05 20:54:52 - [TEST_STEP][PASSED] - for ([i = 1, i <= NoOfVal, (i++)]): Keys 'DOWN + ' sent to object: 'Object Repository/Objects.HighlightElements/input_field'

2020-06-05 20:54:52 - [TEST_STEP][PASSED] - sendKeys(NewInputNmField, Keys.chord(ARROW_DOWN)): Keys 'DOWN + ' sent to object: 'Object Repository/Objects.HighlightElements/input_field'

2020-06-05 20:54:52 - [MESSAGE][PASSED] - Keys 'DOWN + ' sent to object: 'Object Repository/Objects.HighlightElements/input_field'

2020-06-05 20:54:52 - [TEST_STEP][PASSED] - delay(DelayTime): Delayed 2 second(s)

2020-06-05 20:54:54 - [MESSAGE][PASSED] - Delayed 2 second(s)

2020-06-05 20:54:54 - [TEST_STEP][PASSED] - sendKeys(NewInputNmField, Keys.chord(ENTER)): Keys 'ENTER + ' sent to object: 'Object Repository/Objects.HighlightElements/input_field'

2020-06-05 20:54:54 - [MESSAGE][PASSED] - Keys 'ENTER + ' sent to object: 'Object Repository/Objects.HighlightElements/input_field'

2020-06-05 20:54:54 - [TEST_STEP][PASSED] - ComboBoxValue = getAttribute(NewInputNmField, "value"): Attribute 'value' of object 'Object Repository/Objects.HighlightElements/input_field' is: 'D3'

2020-06-05 20:54:54 - [MESSAGE][PASSED] - Attribute 'value' of object 'Object Repository/Objects.HighlightElements/input_field' is: 'D3'

2020-06-05 20:54:54 - [TEST_STEP][PASSED] - callTestCase(findTestCase(CallTCName), ["FindValue":ComboBoxValue, "DropdownNm":comboNm], STOP_ON_FAILURE): Call Test Case 'Test Cases/PFI Precision and Scale/HashMap Tables/ConstantHashMap' successfully

2020-06-05 20:54:54 - [TEST_CASE][PASSED] - Test Cases/PFI Precision and Scale/HashMap Tables/ConstantHashMap: Test Cases/PFI Precision and Scale/HashMap Tables/ConstantHashMap

2020-06-05 20:54:54 - [TEST_STEP][PASSED] - ConstantTBL = [1:["PeriodType":"Working Day(s)"], 2:["PeriodType":"Calendar Day(s)"], 3:["PeriodType":"Month(s)"], 4:["TypeOfLetter":"T1"], ... ]: null

2020-06-05 20:54:54 - [TEST_STEP][PASSED] - switch (DropdownNm): null

2020-06-05 20:54:54 - [TEST_STEP][PASSED] - case "DForm":: null

2020-06-05 20:54:54 - [TEST_STEP][PASSED] - ValueFound = ConstantTBL.find({ -> ... }): null

2020-06-05 20:54:54 - [TEST_STEP][PASSED] - break: null

2020-06-05 20:54:54 - [MESSAGE][PASSED] - Call Test Case 'Test Cases/PFI Precision and Scale/HashMap Tables/ConstantHashMap' successfully

2020-06-05 20:54:54 - [TEST_STEP][PASSED] - println(ValueFound): null

2020-06-05 20:54:54 - [TEST_STEP][PASSED] - sendKeys(NewInputNmField, Keys.chord(ARROW_DOWN)): Keys 'DOWN + ' sent to object: 'Object Repository/Objects.HighlightElements/input_field'

2020-06-05 20:54:54 - [MESSAGE][PASSED] - Keys 'DOWN + ' sent to object: 'Object Repository/Objects.HighlightElements/input_field'

2020-06-05 20:54:54 - [TEST_STEP][PASSED] - sendKeys(NewInputNmField, Keys.chord(ARROW_DOWN)): Keys 'DOWN + ' sent to object: 'Object Repository/Objects.HighlightElements/input_field'

2020-06-05 20:54:54 - [MESSAGE][PASSED] - Keys 'DOWN + ' sent to object: 'Object Repository/Objects.HighlightElements/input_field'

2020-06-05 20:54:54 - [TEST_STEP][PASSED] - delay(DelayTime): Delayed 2 second(s)

2020-06-05 20:54:56 - [MESSAGE][PASSED] - Delayed 2 second(s)

2020-06-05 20:54:56 - [TEST_STEP][PASSED] - sendKeys(NewInputNmField, Keys.chord(ENTER)): Keys 'ENTER + ' sent to object: 'Object Repository/Objects.HighlightElements/input_field'

2020-06-05 20:54:56 - [MESSAGE][PASSED] - Keys 'ENTER + ' sent to object: 'Object Repository/Objects.HighlightElements/input_field'

2020-06-05 20:54:56 - [TEST_STEP][PASSED] - ComboBoxValue = getAttribute(NewInputNmField, "value"): Attribute 'value' of object 'Object Repository/Objects.HighlightElements/input_field' is: 'D4'

2020-06-05 20:54:56 - [MESSAGE][PASSED] - Attribute 'value' of object 'Object Repository/Objects.HighlightElements/input_field' is: 'D4'

2020-06-05 20:54:56 - [TEST_STEP][PASSED] - callTestCase(findTestCase(CallTCName), ["FindValue":ComboBoxValue, "DropdownNm":comboNm], STOP_ON_FAILURE): Call Test Case 'Test Cases/PFI Precision and Scale/HashMap Tables/ConstantHashMap' successfully

2020-06-05 20:54:56 - [TEST_CASE][PASSED] - Test Cases/PFI Precision and Scale/HashMap Tables/ConstantHashMap: Test Cases/PFI Precision and Scale/HashMap Tables/ConstantHashMap

2020-06-05 20:54:56 - [TEST_STEP][PASSED] - ConstantTBL = [1:["PeriodType":"Working Day(s)"], 2:["PeriodType":"Calendar Day(s)"], 3:["PeriodType":"Month(s)"], 4:["TypeOfLetter":"T1"], ... ]: null

2020-06-05 20:54:56 - [TEST_STEP][PASSED] - switch (DropdownNm): null

2020-06-05 20:54:56 - [TEST_STEP][PASSED] - case "DForm":: null

2020-06-05 20:54:56 - [TEST_STEP][PASSED] - ValueFound = ConstantTBL.find({ -> ... }): null

2020-06-05 20:54:56 - [TEST_STEP][PASSED] - break: null

2020-06-05 20:54:56 - [MESSAGE][PASSED] - Call Test Case 'Test Cases/PFI Precision and Scale/HashMap Tables/ConstantHashMap' successfully

2020-06-05 20:54:56 - [TEST_STEP][PASSED] - println(ValueFound): null

2020-06-05 20:54:56 - [TEST_STEP][PASSED] - sendKeys(NewInputNmField, Keys.chord(ARROW_DOWN)): Keys 'DOWN + ' sent to object: 'Object Repository/Objects.HighlightElements/input_field'

2020-06-05 20:54:56 - [MESSAGE][PASSED] - Keys 'DOWN + ' sent to object: 'Object Repository/Objects.HighlightElements/input_field'

2020-06-05 20:54:56 - [TEST_STEP][PASSED] - sendKeys(NewInputNmField, Keys.chord(ARROW_DOWN)): Keys 'DOWN + ' sent to object: 'Object Repository/Objects.HighlightElements/input_field'

2020-06-05 20:54:56 - [MESSAGE][PASSED] - Keys 'DOWN + ' sent to object: 'Object Repository/Objects.HighlightElements/input_field'

2020-06-05 20:54:56 - [TEST_STEP][PASSED] - delay(DelayTime): Delayed 2 second(s)

2020-06-05 20:54:58 - [MESSAGE][PASSED] - Delayed 2 second(s)

2020-06-05 20:54:58 - [TEST_STEP][PASSED] - sendKeys(NewInputNmField, Keys.chord(ENTER)): Keys 'ENTER + ' sent to object: 'Object Repository/Objects.HighlightElements/input_field'

2020-06-05 20:54:59 - [MESSAGE][PASSED] - Keys 'ENTER + ' sent to object: 'Object Repository/Objects.HighlightElements/input_field'

2020-06-05 20:54:59 - [TEST_STEP][PASSED] - ComboBoxValue = getAttribute(NewInputNmField, "value"): Attribute 'value' of object 'Object Repository/Objects.HighlightElements/input_field' is: 'D5'

2020-06-05 20:54:59 - [MESSAGE][PASSED] - Attribute 'value' of object 'Object Repository/Objects.HighlightElements/input_field' is: 'D5'

2020-06-05 20:54:59 - [TEST_STEP][PASSED] - callTestCase(findTestCase(CallTCName), ["FindValue":ComboBoxValue, "DropdownNm":comboNm], STOP_ON_FAILURE): Call Test Case 'Test Cases/PFI Precision and Scale/HashMap Tables/ConstantHashMap' successfully

2020-06-05 20:54:59 - [TEST_CASE][PASSED] - Test Cases/PFI Precision and Scale/HashMap Tables/ConstantHashMap: Test Cases/PFI Precision and Scale/HashMap Tables/ConstantHashMap

2020-06-05 20:54:59 - [TEST_STEP][PASSED] - ConstantTBL = [1:["PeriodType":"Working Day(s)"], 2:["PeriodType":"Calendar Day(s)"], 3:["PeriodType":"Month(s)"], 4:["TypeOfLetter":"T1"], ... ]: null

2020-06-05 20:54:59 - [TEST_STEP][PASSED] - switch (DropdownNm): null

2020-06-05 20:54:59 - [TEST_STEP][PASSED] - case "DForm":: null

2020-06-05 20:54:59 - [TEST_STEP][PASSED] - ValueFound = ConstantTBL.find({ -> ... }): null

2020-06-05 20:54:59 - [TEST_STEP][PASSED] - break: null

2020-06-05 20:54:59 - [MESSAGE][PASSED] - Call Test Case 'Test Cases/PFI Precision and Scale/HashMap Tables/ConstantHashMap' successfully

2020-06-05 20:54:59 - [TEST_STEP][PASSED] - println(ValueFound): null

2020-06-05 20:54:59 - [TEST_STEP][PASSED] - sendKeys(NewInputNmField, Keys.chord(ARROW_DOWN)): Keys 'DOWN + ' sent to object: 'Object Repository/Objects.HighlightElements/input_field'

2020-06-05 20:54:59 - [MESSAGE][PASSED] - Keys 'DOWN + ' sent to object: 'Object Repository/Objects.HighlightElements/input_field'

2020-06-05 20:54:59 - [TEST_STEP][PASSED] - sendKeys(NewInputNmField, Keys.chord(ARROW_DOWN)): Keys 'DOWN + ' sent to object: 'Object Repository/Objects.HighlightElements/input_field'

2020-06-05 20:54:59 - [MESSAGE][PASSED] - Keys 'DOWN + ' sent to object: 'Object Repository/Objects.HighlightElements/input_field'

2020-06-05 20:54:59 - [TEST_STEP][PASSED] - delay(DelayTime): Delayed 2 second(s)

2020-06-05 20:55:01 - [MESSAGE][PASSED] - Delayed 2 second(s)

2020-06-05 20:55:01 - [TEST_STEP][PASSED] - sendKeys(NewInputNmField, Keys.chord(ENTER)): Keys 'ENTER + ' sent to object: 'Object Repository/Objects.HighlightElements/input_field'

2020-06-05 20:55:01 - [MESSAGE][PASSED] - Keys 'ENTER + ' sent to object: 'Object Repository/Objects.HighlightElements/input_field'

2020-06-05 20:55:01 - [TEST_STEP][PASSED] - ComboBoxValue = getAttribute(NewInputNmField, "value"): Attribute 'value' of object 'Object Repository/Objects.HighlightElements/input_field' is: 'D6'

2020-06-05 20:55:01 - [MESSAGE][PASSED] - Attribute 'value' of object 'Object Repository/Objects.HighlightElements/input_field' is: 'D6'

2020-06-05 20:55:01 - [TEST_STEP][PASSED] - callTestCase(findTestCase(CallTCName), ["FindValue":ComboBoxValue, "DropdownNm":comboNm], STOP_ON_FAILURE): Call Test Case 'Test Cases/PFI Precision and Scale/HashMap Tables/ConstantHashMap' successfully

2020-06-05 20:55:01 - [TEST_CASE][PASSED] - Test Cases/PFI Precision and Scale/HashMap Tables/ConstantHashMap: Test Cases/PFI Precision and Scale/HashMap Tables/ConstantHashMap

2020-06-05 20:55:01 - [TEST_STEP][PASSED] - ConstantTBL = [1:["PeriodType":"Working Day(s)"], 2:["PeriodType":"Calendar Day(s)"], 3:["PeriodType":"Month(s)"], 4:["TypeOfLetter":"T1"], ... ]: null

2020-06-05 20:55:01 - [TEST_STEP][PASSED] - switch (DropdownNm): null

2020-06-05 20:55:01 - [TEST_STEP][PASSED] - case "DForm":: null

2020-06-05 20:55:01 - [TEST_STEP][PASSED] - ValueFound = ConstantTBL.find({ -> ... }): null

2020-06-05 20:55:01 - [TEST_STEP][PASSED] - break: null

2020-06-05 20:55:01 - [MESSAGE][PASSED] - Call Test Case 'Test Cases/PFI Precision and Scale/HashMap Tables/ConstantHashMap' successfully

2020-06-05 20:55:01 - [TEST_STEP][PASSED] - println(ValueFound): null

2020-06-05 20:55:01 - [TEST_STEP][PASSED] - sendKeys(NewInputNmField, Keys.chord(ARROW_DOWN)): Keys 'DOWN + ' sent to object: 'Object Repository/Objects.HighlightElements/input_field'

2020-06-05 20:55:01 - [MESSAGE][PASSED] - Keys 'DOWN + ' sent to object: 'Object Repository/Objects.HighlightElements/input_field'

2020-06-05 20:55:01 - [TEST_STEP][PASSED] - sendKeys(NewInputNmField, Keys.chord(ARROW_DOWN)): Keys 'DOWN + ' sent to object: 'Object Repository/Objects.HighlightElements/input_field'

2020-06-05 20:55:01 - [MESSAGE][PASSED] - Keys 'DOWN + ' sent to object: 'Object Repository/Objects.HighlightElements/input_field'

2020-06-05 20:55:01 - [TEST_STEP][PASSED] - delay(DelayTime): Delayed 2 second(s)

2020-06-05 20:55:03 - [MESSAGE][PASSED] - Delayed 2 second(s)

2020-06-05 20:55:03 - [TEST_STEP][PASSED] - sendKeys(NewInputNmField, Keys.chord(ENTER)): Keys 'ENTER + ' sent to object: 'Object Repository/Objects.HighlightElements/input_field'

2020-06-05 20:55:03 - [MESSAGE][PASSED] - Keys 'ENTER + ' sent to object: 'Object Repository/Objects.HighlightElements/input_field'

2020-06-05 20:55:03 - [TEST_STEP][PASSED] - ComboBoxValue = getAttribute(NewInputNmField, "value"): Attribute 'value' of object 'Object Repository/Objects.HighlightElements/input_field' is: 'D7'

2020-06-05 20:55:03 - [MESSAGE][PASSED] - Attribute 'value' of object 'Object Repository/Objects.HighlightElements/input_field' is: 'D7'

2020-06-05 20:55:03 - [TEST_STEP][PASSED] - callTestCase(findTestCase(CallTCName), ["FindValue":ComboBoxValue, "DropdownNm":comboNm], STOP_ON_FAILURE): Call Test Case 'Test Cases/PFI Precision and Scale/HashMap Tables/ConstantHashMap' successfully

2020-06-05 20:55:03 - [TEST_CASE][PASSED] - Test Cases/PFI Precision and Scale/HashMap Tables/ConstantHashMap: Test Cases/PFI Precision and Scale/HashMap Tables/ConstantHashMap

2020-06-05 20:55:03 - [TEST_STEP][PASSED] - ConstantTBL = [1:["PeriodType":"Working Day(s)"], 2:["PeriodType":"Calendar Day(s)"], 3:["PeriodType":"Month(s)"], 4:["TypeOfLetter":"T1"], ... ]: null

2020-06-05 20:55:03 - [TEST_STEP][PASSED] - switch (DropdownNm): null

2020-06-05 20:55:03 - [TEST_STEP][PASSED] - case "DForm":: null

2020-06-05 20:55:03 - [TEST_STEP][PASSED] - ValueFound = ConstantTBL.find({ -> ... }): null

2020-06-05 20:55:03 - [TEST_STEP][PASSED] - break: null

2020-06-05 20:55:03 - [MESSAGE][PASSED] - Call Test Case 'Test Cases/PFI Precision and Scale/HashMap Tables/ConstantHashMap' successfully

2020-06-05 20:55:03 - [TEST_STEP][PASSED] - println(ValueFound): null

2020-06-05 20:55:03 - [TEST_STEP][PASSED] - sendKeys(NewInputNmField, Keys.chord(ARROW_DOWN)): Keys 'DOWN + ' sent to object: 'Object Repository/Objects.HighlightElements/input_field'

2020-06-05 20:55:03 - [MESSAGE][PASSED] - Keys 'DOWN + ' sent to object: 'Object Repository/Objects.HighlightElements/input_field'

2020-06-05 20:55:03 - [TEST_STEP][PASSED] - sendKeys(NewInputNmField, Keys.chord(ENTER)): Keys 'ENTER + ' sent to object: 'Object Repository/Objects.HighlightElements/input_field'

2020-06-05 20:55:03 - [MESSAGE][PASSED] - Keys 'ENTER + ' sent to object: 'Object Repository/Objects.HighlightElements/input_field'

2020-06-05 20:55:03 - [MESSAGE][PASSED] - Call Test Case 'Test Cases/PFI Precision and Scale/PFI Components/VerifyDropdownValues' successfully

2020-06-05 20:55:03 - [TEST_STEP][PASSED] - callTestCase(findTestCase("PFI Precision and Scale/PFI Components with Indexing/SelectDayInDatePickerWithIndex"), ["FldNm":"rptRecvDt", "SelectCurrentDay":"19", "index":5], STOP_ON_FAILURE): Call Test Case 'Test Cases/PFI Precision and Scale/PFI Components with Indexing/SelectDayInDatePickerWithIndex' successfully

2020-06-05 20:55:03 - [TEST_CASE][PASSED] - Test Cases/PFI Precision and Scale/PFI Components with Indexing/SelectDayInDatePickerWithIndex: Test Cases/PFI Precision and Scale/PFI Components with Indexing/SelectDayInDatePickerWithIndex

2020-06-05 20:55:03 - [TEST_STEP][PASSED] - Thread.sleep(1000): null

2020-06-05 20:55:04 - [TEST_STEP][PASSED] - DateFieldNm = modifyObjectProperty(findTestObject("Objects.HighlightElements/input_field"), "name", "equals", FldNm, true): Modify property of object successfully

2020-06-05 20:55:04 - [MESSAGE][PASSED] - Modify property of object successfully

2020-06-05 20:55:04 - [TEST_STEP][PASSED] - ModifyDay = modifyObjectProperty(findTestObject("Objects.DateValidation/Page_ISPS2/Select_Day_Index"), "xpath", "equals", "(//*[contains(@class, 'x-datepicker-date') and (text() = '" + SelectCurrentDay + "')])[" + index + "]", true): Modify property of object successfully

2020-06-05 20:55:04 - [MESSAGE][PASSED] - Modify property of object successfully

2020-06-05 20:55:04 - [TEST_STEP][PASSED] - sendKeys(DateFieldNm, Keys.chord(ARROW_DOWN)): Keys 'DOWN + ' sent to object: 'Object Repository/Objects.HighlightElements/input_field'

2020-06-05 20:55:04 - [MESSAGE][PASSED] - Keys 'DOWN + ' sent to object: 'Object Repository/Objects.HighlightElements/input_field'

2020-06-05 20:55:04 - [TEST_STEP][PASSED] - com.reusableComponents.HighlightElement.run(ModifyDay): com.reusableComponents.HighlightElement.run is PASSED

2020-06-05 20:55:05 - [MESSAGE][PASSED] - com.reusableComponents.HighlightElement.run is PASSED

2020-06-05 20:55:05 - [TEST_STEP][PASSED] - delay(1): Delayed 1 second(s)

2020-06-05 20:55:06 - [MESSAGE][PASSED] - Delayed 1 second(s)

2020-06-05 20:55:06 - [TEST_STEP][PASSED] - click(ModifyDay): Object: 'Object Repository/Objects.DateValidation/Page_ISPS2/Select_Day_Index' is clicked on

2020-06-05 20:55:06 - [MESSAGE][PASSED] - Object: 'Object Repository/Objects.DateValidation/Page_ISPS2/Select_Day_Index' is clicked on

2020-06-05 20:55:06 - [TEST_STEP][PASSED] - GetError = getAttribute(DateFieldNm, "data-errorqtip"): Attribute 'data-errorqtip' of object 'Object Repository/Objects.HighlightElements/input_field' is: ''

2020-06-05 20:55:06 - [MESSAGE][PASSED] - Attribute 'data-errorqtip' of object 'Object Repository/Objects.HighlightElements/input_field' is: ''

2020-06-05 20:55:06 - [TEST_STEP][PASSED] - if (GetError == ""): null

2020-06-05 20:55:06 - [TEST_STEP][PASSED] - GetEnteredDate = getAttribute(DateFieldNm, "value"): Attribute 'value' of object 'Object Repository/Objects.HighlightElements/input_field' is: '19/06/2020'

2020-06-05 20:55:06 - [MESSAGE][PASSED] - Attribute 'value' of object 'Object Repository/Objects.HighlightElements/input_field' is: '19/06/2020'

2020-06-05 20:55:06 - [TEST_STEP][PASSED] - DatePattern = Pattern.compile("^(1[0-2]|0[1-9])/(3[01]|[12][0-9]|0[1-9])/[0-9]{4}$"): null

2020-06-05 20:55:06 - [TEST_STEP][PASSED] - VerifyDateFormat = DatePattern.matcher(GetEnteredDate): null

2020-06-05 20:55:06 - [TEST_STEP][PASSED] - if (VerifyDateFormat.matches() == true): null

2020-06-05 20:55:06 - [MESSAGE][PASSED] - Call Test Case 'Test Cases/PFI Precision and Scale/PFI Components with Indexing/SelectDayInDatePickerWithIndex' successfully

2020-06-05 20:55:06 - [TEST_STEP][PASSED] - callTestCase(findTestCase("PFI Precision and Scale/PFI Components/SelectTodayInDatePicker"), ["FldNm":"rptRecvDt", "index":"5"], STOP_ON_FAILURE): Call Test Case 'Test Cases/PFI Precision and Scale/PFI Components/SelectTodayInDatePicker' successfully

2020-06-05 20:55:06 - [TEST_CASE][PASSED] - Test Cases/PFI Precision and Scale/PFI Components/SelectTodayInDatePicker: Test Cases/PFI Precision and Scale/PFI Components/SelectTodayInDatePicker

2020-06-05 20:55:06 - [TEST_STEP][PASSED] - Thread.sleep(1000): null

2020-06-05 20:55:07 - [TEST_STEP][PASSED] - date = new java.util.Date(): null

2020-06-05 20:55:07 - [TEST_STEP][PASSED] - CurrentDate = new java.text.SimpleDateFormat(dd/MM/yyyy): null

2020-06-05 20:55:07 - [TEST_STEP][PASSED] - TodayDate = CurrentDate.format(date): null

2020-06-05 20:55:07 - [TEST_STEP][PASSED] - DateFieldNm = modifyObjectProperty(findTestObject("Object Repository/Objects.DateValidation/Page_ISPS2/input__orderDt"), "name", "equals", FldNm, true): Modify property of object successfully

2020-06-05 20:55:07 - [MESSAGE][PASSED] - Modify property of object successfully

2020-06-05 20:55:07 - [TEST_STEP][PASSED] - TodayBtn = modifyObjectProperty(findTestObject("Object Repository/Objects.DateValidation/Page_ISPS2/a_Today"), "xpath", "equals", "(//*[text() = 'Today'])[" + index + "]", true): Modify property of object successfully

2020-06-05 20:55:07 - [MESSAGE][PASSED] - Modify property of object successfully

2020-06-05 20:55:07 - [TEST_STEP][PASSED] - sendKeys(DateFieldNm, Keys.chord(ARROW_DOWN)): Keys 'DOWN + ' sent to object: 'Object Repository/Objects.DateValidation/Page_ISPS2/input__orderDt'

2020-06-05 20:55:07 - [MESSAGE][PASSED] - Keys 'DOWN + ' sent to object: 'Object Repository/Objects.DateValidation/Page_ISPS2/input__orderDt'

2020-06-05 20:55:07 - [TEST_STEP][PASSED] - com.reusableComponents.HighlightElement.run(TodayBtn): com.reusableComponents.HighlightElement.run is PASSED

2020-06-05 20:55:08 - [MESSAGE][PASSED] - com.reusableComponents.HighlightElement.run is PASSED

2020-06-05 20:55:08 - [TEST_STEP][PASSED] - click(TodayBtn): Object: 'Object Repository/Objects.DateValidation/Page_ISPS2/a_Today' is clicked on

2020-06-05 20:55:08 - [MESSAGE][PASSED] - Object: 'Object Repository/Objects.DateValidation/Page_ISPS2/a_Today' is clicked on

2020-06-05 20:55:08 - [TEST_STEP][PASSED] - GetEnteredDate = getAttribute(DateFieldNm, "value"): Attribute 'value' of object 'Object Repository/Objects.DateValidation/Page_ISPS2/input__orderDt' is: '05/06/2020'

2020-06-05 20:55:08 - [MESSAGE][PASSED] - Attribute 'value' of object 'Object Repository/Objects.DateValidation/Page_ISPS2/input__orderDt' is: '05/06/2020'

2020-06-05 20:55:08 - [TEST_STEP][PASSED] - verifyMatch(GetEnteredDate, TodayDate, true): Actual text '05/06/2020' and expected text '05/06/2020' are matched  using regular expression

2020-06-05 20:55:08 - [MESSAGE][PASSED] - Actual text '05/06/2020' and expected text '05/06/2020' are matched  using regular expression

2020-06-05 20:55:08 - [MESSAGE][PASSED] - Call Test Case 'Test Cases/PFI Precision and Scale/PFI Components/SelectTodayInDatePicker' successfully

2020-06-05 20:55:08 - [TEST_STEP][PASSED] - callTestCase(findTestCase("PFI Precision and Scale/PFI Components/VerifyDropdownValues"), ["FldNm":"rptTypeCode", "CallTCName":"Test Cases/PFI Precision and Scale/HashMap Tables/ConstantHashMap", "cmbNm":"ReportType", ... ], STOP_ON_FAILURE): Call Test Case 'Test Cases/PFI Precision and Scale/PFI Components/VerifyDropdownValues' successfully

2020-06-05 20:55:08 - [TEST_CASE][PASSED] - Test Cases/PFI Precision and Scale/PFI Components/VerifyDropdownValues: Test Cases/PFI Precision and Scale/PFI Components/VerifyDropdownValues

2020-06-05 20:55:08 - [TEST_STEP][PASSED] - Thread.sleep(1000): null

2020-06-05 20:55:09 - [TEST_STEP][PASSED] - NewInputNmField = modifyObjectProperty(findTestObject("Objects.HighlightElements/input_field"), "name", "equals", FldNm, true): Modify property of object successfully

2020-06-05 20:55:09 - [MESSAGE][PASSED] - Modify property of object successfully

2020-06-05 20:55:09 - [TEST_STEP][PASSED] - comboNm = cmbNm: null

2020-06-05 20:55:09 - [TEST_STEP][PASSED] - focus(NewInputNmField): Object: 'Object Repository/Objects.HighlightElements/input_field' is focused

2020-06-05 20:55:09 - [MESSAGE][PASSED] - Object: 'Object Repository/Objects.HighlightElements/input_field' is focused

2020-06-05 20:55:09 - [TEST_STEP][PASSED] - setText(NewInputNmField, EnterValue): Text '' is set on object 'Object Repository/Objects.HighlightElements/input_field'

2020-06-05 20:55:09 - [MESSAGE][PASSED] - Text '' is set on object 'Object Repository/Objects.HighlightElements/input_field'

2020-06-05 20:55:09 - [TEST_STEP][PASSED] - for ([i = 1, i <= NoOfVal, (i++)]): Keys 'DOWN + ' sent to object: 'Object Repository/Objects.HighlightElements/input_field'

2020-06-05 20:55:09 - [TEST_STEP][PASSED] - sendKeys(NewInputNmField, Keys.chord(ARROW_DOWN)): Keys 'DOWN + ' sent to object: 'Object Repository/Objects.HighlightElements/input_field'

2020-06-05 20:55:09 - [MESSAGE][PASSED] - Keys 'DOWN + ' sent to object: 'Object Repository/Objects.HighlightElements/input_field'

2020-06-05 20:55:09 - [TEST_STEP][PASSED] - delay(DelayTime): Delayed 2 second(s)

2020-06-05 20:55:11 - [MESSAGE][PASSED] - Delayed 2 second(s)

2020-06-05 20:55:11 - [TEST_STEP][PASSED] - sendKeys(NewInputNmField, Keys.chord(ENTER)): Keys 'ENTER + ' sent to object: 'Object Repository/Objects.HighlightElements/input_field'

2020-06-05 20:55:11 - [MESSAGE][PASSED] - Keys 'ENTER + ' sent to object: 'Object Repository/Objects.HighlightElements/input_field'

2020-06-05 20:55:11 - [TEST_STEP][PASSED] - ComboBoxValue = getAttribute(NewInputNmField, "value"): Attribute 'value' of object 'Object Repository/Objects.HighlightElements/input_field' is: 'Visual Inspection Report'

2020-06-05 20:55:11 - [MESSAGE][PASSED] - Attribute 'value' of object 'Object Repository/Objects.HighlightElements/input_field' is: 'Visual Inspection Report'

2020-06-05 20:55:11 - [TEST_STEP][PASSED] - callTestCase(findTestCase(CallTCName), ["FindValue":ComboBoxValue, "DropdownNm":comboNm], STOP_ON_FAILURE): Call Test Case 'Test Cases/PFI Precision and Scale/HashMap Tables/ConstantHashMap' successfully

2020-06-05 20:55:11 - [TEST_CASE][PASSED] - Test Cases/PFI Precision and Scale/HashMap Tables/ConstantHashMap: Test Cases/PFI Precision and Scale/HashMap Tables/ConstantHashMap

2020-06-05 20:55:11 - [TEST_STEP][PASSED] - ConstantTBL = [1:["PeriodType":"Working Day(s)"], 2:["PeriodType":"Calendar Day(s)"], 3:["PeriodType":"Month(s)"], 4:["TypeOfLetter":"T1"], ... ]: null

2020-06-05 20:55:11 - [TEST_STEP][PASSED] - switch (DropdownNm): null

2020-06-05 20:55:11 - [TEST_STEP][PASSED] - case "ReportType":: null

2020-06-05 20:55:11 - [TEST_STEP][PASSED] - ValueFound = ConstantTBL.find({ -> ... }): null

2020-06-05 20:55:11 - [TEST_STEP][PASSED] - break: null

2020-06-05 20:55:11 - [MESSAGE][PASSED] - Call Test Case 'Test Cases/PFI Precision and Scale/HashMap Tables/ConstantHashMap' successfully

2020-06-05 20:55:11 - [TEST_STEP][PASSED] - println(ValueFound): null

2020-06-05 20:55:11 - [TEST_STEP][PASSED] - sendKeys(NewInputNmField, Keys.chord(ARROW_DOWN)): Keys 'DOWN + ' sent to object: 'Object Repository/Objects.HighlightElements/input_field'

2020-06-05 20:55:11 - [MESSAGE][PASSED] - Keys 'DOWN + ' sent to object: 'Object Repository/Objects.HighlightElements/input_field'

2020-06-05 20:55:11 - [TEST_STEP][PASSED] - sendKeys(NewInputNmField, Keys.chord(ARROW_DOWN)): Keys 'DOWN + ' sent to object: 'Object Repository/Objects.HighlightElements/input_field'

2020-06-05 20:55:11 - [MESSAGE][PASSED] - Keys 'DOWN + ' sent to object: 'Object Repository/Objects.HighlightElements/input_field'

2020-06-05 20:55:11 - [TEST_STEP][PASSED] - delay(DelayTime): Delayed 2 second(s)

2020-06-05 20:55:13 - [MESSAGE][PASSED] - Delayed 2 second(s)

2020-06-05 20:55:13 - [TEST_STEP][PASSED] - sendKeys(NewInputNmField, Keys.chord(ENTER)): Keys 'ENTER + ' sent to object: 'Object Repository/Objects.HighlightElements/input_field'

2020-06-05 20:55:13 - [MESSAGE][PASSED] - Keys 'ENTER + ' sent to object: 'Object Repository/Objects.HighlightElements/input_field'

2020-06-05 20:55:13 - [TEST_STEP][PASSED] - ComboBoxValue = getAttribute(NewInputNmField, "value"): Attribute 'value' of object 'Object Repository/Objects.HighlightElements/input_field' is: 'Supplementary Visual Inspection Report'

2020-06-05 20:55:13 - [MESSAGE][PASSED] - Attribute 'value' of object 'Object Repository/Objects.HighlightElements/input_field' is: 'Supplementary Visual Inspection Report'

2020-06-05 20:55:13 - [TEST_STEP][PASSED] - callTestCase(findTestCase(CallTCName), ["FindValue":ComboBoxValue, "DropdownNm":comboNm], STOP_ON_FAILURE): Call Test Case 'Test Cases/PFI Precision and Scale/HashMap Tables/ConstantHashMap' successfully

2020-06-05 20:55:13 - [TEST_CASE][PASSED] - Test Cases/PFI Precision and Scale/HashMap Tables/ConstantHashMap: Test Cases/PFI Precision and Scale/HashMap Tables/ConstantHashMap

2020-06-05 20:55:13 - [TEST_STEP][PASSED] - ConstantTBL = [1:["PeriodType":"Working Day(s)"], 2:["PeriodType":"Calendar Day(s)"], 3:["PeriodType":"Month(s)"], 4:["TypeOfLetter":"T1"], ... ]: null

2020-06-05 20:55:13 - [TEST_STEP][PASSED] - switch (DropdownNm): null

2020-06-05 20:55:13 - [TEST_STEP][PASSED] - case "ReportType":: null

2020-06-05 20:55:13 - [TEST_STEP][PASSED] - ValueFound = ConstantTBL.find({ -> ... }): null

2020-06-05 20:55:13 - [TEST_STEP][PASSED] - break: null

2020-06-05 20:55:13 - [MESSAGE][PASSED] - Call Test Case 'Test Cases/PFI Precision and Scale/HashMap Tables/ConstantHashMap' successfully

2020-06-05 20:55:13 - [TEST_STEP][PASSED] - println(ValueFound): null

2020-06-05 20:55:13 - [TEST_STEP][PASSED] - sendKeys(NewInputNmField, Keys.chord(ARROW_DOWN)): Keys 'DOWN + ' sent to object: 'Object Repository/Objects.HighlightElements/input_field'

2020-06-05 20:55:13 - [MESSAGE][PASSED] - Keys 'DOWN + ' sent to object: 'Object Repository/Objects.HighlightElements/input_field'

2020-06-05 20:55:13 - [TEST_STEP][PASSED] - sendKeys(NewInputNmField, Keys.chord(ARROW_DOWN)): Keys 'DOWN + ' sent to object: 'Object Repository/Objects.HighlightElements/input_field'

2020-06-05 20:55:13 - [MESSAGE][PASSED] - Keys 'DOWN + ' sent to object: 'Object Repository/Objects.HighlightElements/input_field'

2020-06-05 20:55:13 - [TEST_STEP][PASSED] - delay(DelayTime): Delayed 2 second(s)

2020-06-05 20:55:15 - [MESSAGE][PASSED] - Delayed 2 second(s)

2020-06-05 20:55:15 - [TEST_STEP][PASSED] - sendKeys(NewInputNmField, Keys.chord(ENTER)): Keys 'ENTER + ' sent to object: 'Object Repository/Objects.HighlightElements/input_field'

2020-06-05 20:55:15 - [MESSAGE][PASSED] - Keys 'ENTER + ' sent to object: 'Object Repository/Objects.HighlightElements/input_field'

2020-06-05 20:55:15 - [TEST_STEP][PASSED] - ComboBoxValue = getAttribute(NewInputNmField, "value"): Attribute 'value' of object 'Object Repository/Objects.HighlightElements/input_field' is: 'Supplementary Visual Inspection Report 2'

2020-06-05 20:55:16 - [MESSAGE][PASSED] - Attribute 'value' of object 'Object Repository/Objects.HighlightElements/input_field' is: 'Supplementary Visual Inspection Report 2'

2020-06-05 20:55:16 - [TEST_STEP][PASSED] - callTestCase(findTestCase(CallTCName), ["FindValue":ComboBoxValue, "DropdownNm":comboNm], STOP_ON_FAILURE): Call Test Case 'Test Cases/PFI Precision and Scale/HashMap Tables/ConstantHashMap' successfully

2020-06-05 20:55:16 - [TEST_CASE][PASSED] - Test Cases/PFI Precision and Scale/HashMap Tables/ConstantHashMap: Test Cases/PFI Precision and Scale/HashMap Tables/ConstantHashMap

2020-06-05 20:55:16 - [TEST_STEP][PASSED] - ConstantTBL = [1:["PeriodType":"Working Day(s)"], 2:["PeriodType":"Calendar Day(s)"], 3:["PeriodType":"Month(s)"], 4:["TypeOfLetter":"T1"], ... ]: null

2020-06-05 20:55:16 - [TEST_STEP][PASSED] - switch (DropdownNm): null

2020-06-05 20:55:16 - [TEST_STEP][PASSED] - case "ReportType":: null

2020-06-05 20:55:16 - [TEST_STEP][PASSED] - ValueFound = ConstantTBL.find({ -> ... }): null

2020-06-05 20:55:16 - [TEST_STEP][PASSED] - break: null

2020-06-05 20:55:16 - [MESSAGE][PASSED] - Call Test Case 'Test Cases/PFI Precision and Scale/HashMap Tables/ConstantHashMap' successfully

2020-06-05 20:55:16 - [TEST_STEP][PASSED] - println(ValueFound): null

2020-06-05 20:55:16 - [TEST_STEP][PASSED] - sendKeys(NewInputNmField, Keys.chord(ARROW_DOWN)): Keys 'DOWN + ' sent to object: 'Object Repository/Objects.HighlightElements/input_field'

2020-06-05 20:55:16 - [MESSAGE][PASSED] - Keys 'DOWN + ' sent to object: 'Object Repository/Objects.HighlightElements/input_field'

2020-06-05 20:55:16 - [TEST_STEP][PASSED] - sendKeys(NewInputNmField, Keys.chord(ARROW_DOWN)): Keys 'DOWN + ' sent to object: 'Object Repository/Objects.HighlightElements/input_field'

2020-06-05 20:55:16 - [MESSAGE][PASSED] - Keys 'DOWN + ' sent to object: 'Object Repository/Objects.HighlightElements/input_field'

2020-06-05 20:55:16 - [TEST_STEP][PASSED] - delay(DelayTime): Delayed 2 second(s)

2020-06-05 20:55:18 - [MESSAGE][PASSED] - Delayed 2 second(s)

2020-06-05 20:55:18 - [TEST_STEP][PASSED] - sendKeys(NewInputNmField, Keys.chord(ENTER)): Keys 'ENTER + ' sent to object: 'Object Repository/Objects.HighlightElements/input_field'

2020-06-05 20:55:18 - [MESSAGE][PASSED] - Keys 'ENTER + ' sent to object: 'Object Repository/Objects.HighlightElements/input_field'

2020-06-05 20:55:18 - [TEST_STEP][PASSED] - ComboBoxValue = getAttribute(NewInputNmField, "value"): Attribute 'value' of object 'Object Repository/Objects.HighlightElements/input_field' is: 'Full Structural Inspection Report'

2020-06-05 20:55:18 - [MESSAGE][PASSED] - Attribute 'value' of object 'Object Repository/Objects.HighlightElements/input_field' is: 'Full Structural Inspection Report'

2020-06-05 20:55:18 - [TEST_STEP][PASSED] - callTestCase(findTestCase(CallTCName), ["FindValue":ComboBoxValue, "DropdownNm":comboNm], STOP_ON_FAILURE): Call Test Case 'Test Cases/PFI Precision and Scale/HashMap Tables/ConstantHashMap' successfully

2020-06-05 20:55:18 - [TEST_CASE][PASSED] - Test Cases/PFI Precision and Scale/HashMap Tables/ConstantHashMap: Test Cases/PFI Precision and Scale/HashMap Tables/ConstantHashMap

2020-06-05 20:55:18 - [TEST_STEP][PASSED] - ConstantTBL = [1:["PeriodType":"Working Day(s)"], 2:["PeriodType":"Calendar Day(s)"], 3:["PeriodType":"Month(s)"], 4:["TypeOfLetter":"T1"], ... ]: null

2020-06-05 20:55:18 - [TEST_STEP][PASSED] - switch (DropdownNm): null

2020-06-05 20:55:18 - [TEST_STEP][PASSED] - case "ReportType":: null

2020-06-05 20:55:18 - [TEST_STEP][PASSED] - ValueFound = ConstantTBL.find({ -> ... }): null

2020-06-05 20:55:18 - [TEST_STEP][PASSED] - break: null

2020-06-05 20:55:18 - [MESSAGE][PASSED] - Call Test Case 'Test Cases/PFI Precision and Scale/HashMap Tables/ConstantHashMap' successfully

2020-06-05 20:55:18 - [TEST_STEP][PASSED] - println(ValueFound): null

2020-06-05 20:55:18 - [TEST_STEP][PASSED] - sendKeys(NewInputNmField, Keys.chord(ARROW_DOWN)): Keys 'DOWN + ' sent to object: 'Object Repository/Objects.HighlightElements/input_field'

2020-06-05 20:55:18 - [MESSAGE][PASSED] - Keys 'DOWN + ' sent to object: 'Object Repository/Objects.HighlightElements/input_field'

2020-06-05 20:55:18 - [TEST_STEP][PASSED] - sendKeys(NewInputNmField, Keys.chord(ARROW_DOWN)): Keys 'DOWN + ' sent to object: 'Object Repository/Objects.HighlightElements/input_field'

2020-06-05 20:55:18 - [MESSAGE][PASSED] - Keys 'DOWN + ' sent to object: 'Object Repository/Objects.HighlightElements/input_field'

2020-06-05 20:55:18 - [TEST_STEP][PASSED] - delay(DelayTime): Delayed 2 second(s)

2020-06-05 20:55:20 - [MESSAGE][PASSED] - Delayed 2 second(s)

2020-06-05 20:55:20 - [TEST_STEP][PASSED] - sendKeys(NewInputNmField, Keys.chord(ENTER)): Keys 'ENTER + ' sent to object: 'Object Repository/Objects.HighlightElements/input_field'

2020-06-05 20:55:20 - [MESSAGE][PASSED] - Keys 'ENTER + ' sent to object: 'Object Repository/Objects.HighlightElements/input_field'

2020-06-05 20:55:20 - [TEST_STEP][PASSED] - ComboBoxValue = getAttribute(NewInputNmField, "value"): Attribute 'value' of object 'Object Repository/Objects.HighlightElements/input_field' is: 'Supplementary Full Structural Inspection Report'

2020-06-05 20:55:20 - [MESSAGE][PASSED] - Attribute 'value' of object 'Object Repository/Objects.HighlightElements/input_field' is: 'Supplementary Full Structural Inspection Report'

2020-06-05 20:55:20 - [TEST_STEP][PASSED] - callTestCase(findTestCase(CallTCName), ["FindValue":ComboBoxValue, "DropdownNm":comboNm], STOP_ON_FAILURE): Call Test Case 'Test Cases/PFI Precision and Scale/HashMap Tables/ConstantHashMap' successfully

2020-06-05 20:55:20 - [TEST_CASE][PASSED] - Test Cases/PFI Precision and Scale/HashMap Tables/ConstantHashMap: Test Cases/PFI Precision and Scale/HashMap Tables/ConstantHashMap

2020-06-05 20:55:20 - [TEST_STEP][PASSED] - ConstantTBL = [1:["PeriodType":"Working Day(s)"], 2:["PeriodType":"Calendar Day(s)"], 3:["PeriodType":"Month(s)"], 4:["TypeOfLetter":"T1"], ... ]: null

2020-06-05 20:55:20 - [TEST_STEP][PASSED] - switch (DropdownNm): null

2020-06-05 20:55:20 - [TEST_STEP][PASSED] - case "ReportType":: null

2020-06-05 20:55:20 - [TEST_STEP][PASSED] - ValueFound = ConstantTBL.find({ -> ... }): null

2020-06-05 20:55:20 - [TEST_STEP][PASSED] - break: null

2020-06-05 20:55:20 - [MESSAGE][PASSED] - Call Test Case 'Test Cases/PFI Precision and Scale/HashMap Tables/ConstantHashMap' successfully

2020-06-05 20:55:20 - [TEST_STEP][PASSED] - println(ValueFound): null

2020-06-05 20:55:20 - [TEST_STEP][PASSED] - sendKeys(NewInputNmField, Keys.chord(ARROW_DOWN)): Keys 'DOWN + ' sent to object: 'Object Repository/Objects.HighlightElements/input_field'

2020-06-05 20:55:20 - [MESSAGE][PASSED] - Keys 'DOWN + ' sent to object: 'Object Repository/Objects.HighlightElements/input_field'

2020-06-05 20:55:20 - [TEST_STEP][PASSED] - sendKeys(NewInputNmField, Keys.chord(ARROW_DOWN)): Keys 'DOWN + ' sent to object: 'Object Repository/Objects.HighlightElements/input_field'

2020-06-05 20:55:20 - [MESSAGE][PASSED] - Keys 'DOWN + ' sent to object: 'Object Repository/Objects.HighlightElements/input_field'

2020-06-05 20:55:20 - [TEST_STEP][PASSED] - delay(DelayTime): Delayed 2 second(s)

2020-06-05 20:55:22 - [MESSAGE][PASSED] - Delayed 2 second(s)

2020-06-05 20:55:22 - [TEST_STEP][PASSED] - sendKeys(NewInputNmField, Keys.chord(ENTER)): Keys 'ENTER + ' sent to object: 'Object Repository/Objects.HighlightElements/input_field'

2020-06-05 20:55:22 - [MESSAGE][PASSED] - Keys 'ENTER + ' sent to object: 'Object Repository/Objects.HighlightElements/input_field'

2020-06-05 20:55:22 - [TEST_STEP][PASSED] - ComboBoxValue = getAttribute(NewInputNmField, "value"): Attribute 'value' of object 'Object Repository/Objects.HighlightElements/input_field' is: 'Supplementary Full Structural Inspection Report 2'

2020-06-05 20:55:22 - [MESSAGE][PASSED] - Attribute 'value' of object 'Object Repository/Objects.HighlightElements/input_field' is: 'Supplementary Full Structural Inspection Report 2'

2020-06-05 20:55:22 - [TEST_STEP][PASSED] - callTestCase(findTestCase(CallTCName), ["FindValue":ComboBoxValue, "DropdownNm":comboNm], STOP_ON_FAILURE): Call Test Case 'Test Cases/PFI Precision and Scale/HashMap Tables/ConstantHashMap' successfully

2020-06-05 20:55:22 - [TEST_CASE][PASSED] - Test Cases/PFI Precision and Scale/HashMap Tables/ConstantHashMap: Test Cases/PFI Precision and Scale/HashMap Tables/ConstantHashMap

2020-06-05 20:55:22 - [TEST_STEP][PASSED] - ConstantTBL = [1:["PeriodType":"Working Day(s)"], 2:["PeriodType":"Calendar Day(s)"], 3:["PeriodType":"Month(s)"], 4:["TypeOfLetter":"T1"], ... ]: null

2020-06-05 20:55:22 - [TEST_STEP][PASSED] - switch (DropdownNm): null

2020-06-05 20:55:22 - [TEST_STEP][PASSED] - case "ReportType":: null

2020-06-05 20:55:22 - [TEST_STEP][PASSED] - ValueFound = ConstantTBL.find({ -> ... }): null

2020-06-05 20:55:22 - [TEST_STEP][PASSED] - break: null

2020-06-05 20:55:22 - [MESSAGE][PASSED] - Call Test Case 'Test Cases/PFI Precision and Scale/HashMap Tables/ConstantHashMap' successfully

2020-06-05 20:55:22 - [TEST_STEP][PASSED] - println(ValueFound): null

2020-06-05 20:55:22 - [TEST_STEP][PASSED] - sendKeys(NewInputNmField, Keys.chord(ARROW_DOWN)): Keys 'DOWN + ' sent to object: 'Object Repository/Objects.HighlightElements/input_field'

2020-06-05 20:55:22 - [MESSAGE][PASSED] - Keys 'DOWN + ' sent to object: 'Object Repository/Objects.HighlightElements/input_field'

2020-06-05 20:55:22 - [TEST_STEP][PASSED] - sendKeys(NewInputNmField, Keys.chord(ARROW_DOWN)): Keys 'DOWN + ' sent to object: 'Object Repository/Objects.HighlightElements/input_field'

2020-06-05 20:55:22 - [MESSAGE][PASSED] - Keys 'DOWN + ' sent to object: 'Object Repository/Objects.HighlightElements/input_field'

2020-06-05 20:55:22 - [TEST_STEP][PASSED] - delay(DelayTime): Delayed 2 second(s)

2020-06-05 20:55:24 - [MESSAGE][PASSED] - Delayed 2 second(s)

2020-06-05 20:55:24 - [TEST_STEP][PASSED] - sendKeys(NewInputNmField, Keys.chord(ENTER)): Keys 'ENTER + ' sent to object: 'Object Repository/Objects.HighlightElements/input_field'

2020-06-05 20:55:24 - [MESSAGE][PASSED] - Keys 'ENTER + ' sent to object: 'Object Repository/Objects.HighlightElements/input_field'

2020-06-05 20:55:24 - [TEST_STEP][PASSED] - ComboBoxValue = getAttribute(NewInputNmField, "value"): Attribute 'value' of object 'Object Repository/Objects.HighlightElements/input_field' is: 'Audit Report'

2020-06-05 20:55:24 - [MESSAGE][PASSED] - Attribute 'value' of object 'Object Repository/Objects.HighlightElements/input_field' is: 'Audit Report'

2020-06-05 20:55:24 - [TEST_STEP][PASSED] - callTestCase(findTestCase(CallTCName), ["FindValue":ComboBoxValue, "DropdownNm":comboNm], STOP_ON_FAILURE): Call Test Case 'Test Cases/PFI Precision and Scale/HashMap Tables/ConstantHashMap' successfully

2020-06-05 20:55:24 - [TEST_CASE][PASSED] - Test Cases/PFI Precision and Scale/HashMap Tables/ConstantHashMap: Test Cases/PFI Precision and Scale/HashMap Tables/ConstantHashMap

2020-06-05 20:55:24 - [TEST_STEP][PASSED] - ConstantTBL = [1:["PeriodType":"Working Day(s)"], 2:["PeriodType":"Calendar Day(s)"], 3:["PeriodType":"Month(s)"], 4:["TypeOfLetter":"T1"], ... ]: null

2020-06-05 20:55:24 - [TEST_STEP][PASSED] - switch (DropdownNm): null

2020-06-05 20:55:24 - [TEST_STEP][PASSED] - case "ReportType":: null

2020-06-05 20:55:24 - [TEST_STEP][PASSED] - ValueFound = ConstantTBL.find({ -> ... }): null

2020-06-05 20:55:24 - [TEST_STEP][PASSED] - break: null

2020-06-05 20:55:24 - [MESSAGE][PASSED] - Call Test Case 'Test Cases/PFI Precision and Scale/HashMap Tables/ConstantHashMap' successfully

2020-06-05 20:55:24 - [TEST_STEP][PASSED] - println(ValueFound): null

2020-06-05 20:55:24 - [TEST_STEP][PASSED] - sendKeys(NewInputNmField, Keys.chord(ARROW_DOWN)): Keys 'DOWN + ' sent to object: 'Object Repository/Objects.HighlightElements/input_field'

2020-06-05 20:55:25 - [MESSAGE][PASSED] - Keys 'DOWN + ' sent to object: 'Object Repository/Objects.HighlightElements/input_field'

2020-06-05 20:55:25 - [TEST_STEP][PASSED] - sendKeys(NewInputNmField, Keys.chord(ARROW_DOWN)): Keys 'DOWN + ' sent to object: 'Object Repository/Objects.HighlightElements/input_field'

2020-06-05 20:55:25 - [MESSAGE][PASSED] - Keys 'DOWN + ' sent to object: 'Object Repository/Objects.HighlightElements/input_field'

2020-06-05 20:55:25 - [TEST_STEP][PASSED] - delay(DelayTime): Delayed 2 second(s)

2020-06-05 20:55:27 - [MESSAGE][PASSED] - Delayed 2 second(s)

2020-06-05 20:55:27 - [TEST_STEP][PASSED] - sendKeys(NewInputNmField, Keys.chord(ENTER)): Keys 'ENTER + ' sent to object: 'Object Repository/Objects.HighlightElements/input_field'

2020-06-05 20:55:27 - [MESSAGE][PASSED] - Keys 'ENTER + ' sent to object: 'Object Repository/Objects.HighlightElements/input_field'

2020-06-05 20:55:27 - [TEST_STEP][PASSED] - ComboBoxValue = getAttribute(NewInputNmField, "value"): Attribute 'value' of object 'Object Repository/Objects.HighlightElements/input_field' is: 'Site Inspection Report'

2020-06-05 20:55:27 - [MESSAGE][PASSED] - Attribute 'value' of object 'Object Repository/Objects.HighlightElements/input_field' is: 'Site Inspection Report'

2020-06-05 20:55:27 - [TEST_STEP][PASSED] - callTestCase(findTestCase(CallTCName), ["FindValue":ComboBoxValue, "DropdownNm":comboNm], STOP_ON_FAILURE): Call Test Case 'Test Cases/PFI Precision and Scale/HashMap Tables/ConstantHashMap' successfully

2020-06-05 20:55:27 - [TEST_CASE][PASSED] - Test Cases/PFI Precision and Scale/HashMap Tables/ConstantHashMap: Test Cases/PFI Precision and Scale/HashMap Tables/ConstantHashMap

2020-06-05 20:55:27 - [TEST_STEP][PASSED] - ConstantTBL = [1:["PeriodType":"Working Day(s)"], 2:["PeriodType":"Calendar Day(s)"], 3:["PeriodType":"Month(s)"], 4:["TypeOfLetter":"T1"], ... ]: null

2020-06-05 20:55:27 - [TEST_STEP][PASSED] - switch (DropdownNm): null

2020-06-05 20:55:27 - [TEST_STEP][PASSED] - case "ReportType":: null

2020-06-05 20:55:27 - [TEST_STEP][PASSED] - ValueFound = ConstantTBL.find({ -> ... }): null

2020-06-05 20:55:27 - [TEST_STEP][PASSED] - break: null

2020-06-05 20:55:27 - [MESSAGE][PASSED] - Call Test Case 'Test Cases/PFI Precision and Scale/HashMap Tables/ConstantHashMap' successfully

2020-06-05 20:55:27 - [TEST_STEP][PASSED] - println(ValueFound): null

2020-06-05 20:55:27 - [TEST_STEP][PASSED] - sendKeys(NewInputNmField, Keys.chord(ARROW_DOWN)): Keys 'DOWN + ' sent to object: 'Object Repository/Objects.HighlightElements/input_field'

2020-06-05 20:55:27 - [MESSAGE][PASSED] - Keys 'DOWN + ' sent to object: 'Object Repository/Objects.HighlightElements/input_field'

2020-06-05 20:55:27 - [TEST_STEP][PASSED] - sendKeys(NewInputNmField, Keys.chord(ENTER)): Keys 'ENTER + ' sent to object: 'Object Repository/Objects.HighlightElements/input_field'

2020-06-05 20:55:27 - [MESSAGE][PASSED] - Keys 'ENTER + ' sent to object: 'Object Repository/Objects.HighlightElements/input_field'

2020-06-05 20:55:27 - [MESSAGE][PASSED] - Call Test Case 'Test Cases/PFI Precision and Scale/PFI Components/VerifyDropdownValues' successfully

2020-06-05 20:55:27 - [TEST_STEP][PASSED] - callTestCase(findTestCase("PFI Precision and Scale/PFI Components with Indexing/SelectDayInDatePickerWithIndex"), ["FldNm":"rptComplyDt", "SelectCurrentDay":"15", "index":6], STOP_ON_FAILURE): Call Test Case 'Test Cases/PFI Precision and Scale/PFI Components with Indexing/SelectDayInDatePickerWithIndex' successfully

2020-06-05 20:55:27 - [TEST_CASE][PASSED] - Test Cases/PFI Precision and Scale/PFI Components with Indexing/SelectDayInDatePickerWithIndex: Test Cases/PFI Precision and Scale/PFI Components with Indexing/SelectDayInDatePickerWithIndex

2020-06-05 20:55:27 - [TEST_STEP][PASSED] - Thread.sleep(1000): null

2020-06-05 20:55:28 - [TEST_STEP][PASSED] - DateFieldNm = modifyObjectProperty(findTestObject("Objects.HighlightElements/input_field"), "name", "equals", FldNm, true): Modify property of object successfully

2020-06-05 20:55:28 - [MESSAGE][PASSED] - Modify property of object successfully

2020-06-05 20:55:28 - [TEST_STEP][PASSED] - ModifyDay = modifyObjectProperty(findTestObject("Objects.DateValidation/Page_ISPS2/Select_Day_Index"), "xpath", "equals", "(//*[contains(@class, 'x-datepicker-date') and (text() = '" + SelectCurrentDay + "')])[" + index + "]", true): Modify property of object successfully

2020-06-05 20:55:28 - [MESSAGE][PASSED] - Modify property of object successfully

2020-06-05 20:55:28 - [TEST_STEP][PASSED] - sendKeys(DateFieldNm, Keys.chord(ARROW_DOWN)): Keys 'DOWN + ' sent to object: 'Object Repository/Objects.HighlightElements/input_field'

2020-06-05 20:55:28 - [MESSAGE][PASSED] - Keys 'DOWN + ' sent to object: 'Object Repository/Objects.HighlightElements/input_field'

2020-06-05 20:55:28 - [TEST_STEP][PASSED] - com.reusableComponents.HighlightElement.run(ModifyDay): com.reusableComponents.HighlightElement.run is PASSED

2020-06-05 20:55:28 - [MESSAGE][PASSED] - com.reusableComponents.HighlightElement.run is PASSED

2020-06-05 20:55:28 - [TEST_STEP][PASSED] - delay(1): Delayed 1 second(s)

2020-06-05 20:55:29 - [MESSAGE][PASSED] - Delayed 1 second(s)

2020-06-05 20:55:29 - [TEST_STEP][PASSED] - click(ModifyDay): Object: 'Object Repository/Objects.DateValidation/Page_ISPS2/Select_Day_Index' is clicked on

2020-06-05 20:55:30 - [MESSAGE][PASSED] - Object: 'Object Repository/Objects.DateValidation/Page_ISPS2/Select_Day_Index' is clicked on

2020-06-05 20:55:30 - [TEST_STEP][PASSED] - GetError = getAttribute(DateFieldNm, "data-errorqtip"): Attribute 'data-errorqtip' of object 'Object Repository/Objects.HighlightElements/input_field' is: ''

2020-06-05 20:55:30 - [MESSAGE][PASSED] - Attribute 'data-errorqtip' of object 'Object Repository/Objects.HighlightElements/input_field' is: ''

2020-06-05 20:55:30 - [TEST_STEP][PASSED] - if (GetError == ""): null

2020-06-05 20:55:30 - [TEST_STEP][PASSED] - GetEnteredDate = getAttribute(DateFieldNm, "value"): Attribute 'value' of object 'Object Repository/Objects.HighlightElements/input_field' is: '15/06/2020'

2020-06-05 20:55:30 - [MESSAGE][PASSED] - Attribute 'value' of object 'Object Repository/Objects.HighlightElements/input_field' is: '15/06/2020'

2020-06-05 20:55:30 - [TEST_STEP][PASSED] - DatePattern = Pattern.compile("^(1[0-2]|0[1-9])/(3[01]|[12][0-9]|0[1-9])/[0-9]{4}$"): null

2020-06-05 20:55:30 - [TEST_STEP][PASSED] - VerifyDateFormat = DatePattern.matcher(GetEnteredDate): null

2020-06-05 20:55:30 - [TEST_STEP][PASSED] - if (VerifyDateFormat.matches() == true): null

2020-06-05 20:55:30 - [MESSAGE][PASSED] - Call Test Case 'Test Cases/PFI Precision and Scale/PFI Components with Indexing/SelectDayInDatePickerWithIndex' successfully

2020-06-05 20:55:30 - [TEST_STEP][PASSED] - callTestCase(findTestCase("PFI Precision and Scale/PFI Components/SelectTodayInDatePicker"), ["FldNm":"rptComplyDt", "index":"6"], STOP_ON_FAILURE): Call Test Case 'Test Cases/PFI Precision and Scale/PFI Components/SelectTodayInDatePicker' successfully

2020-06-05 20:55:30 - [TEST_CASE][PASSED] - Test Cases/PFI Precision and Scale/PFI Components/SelectTodayInDatePicker: Test Cases/PFI Precision and Scale/PFI Components/SelectTodayInDatePicker

2020-06-05 20:55:30 - [TEST_STEP][PASSED] - Thread.sleep(1000): null

2020-06-05 20:55:31 - [TEST_STEP][PASSED] - date = new java.util.Date(): null

2020-06-05 20:55:31 - [TEST_STEP][PASSED] - CurrentDate = new java.text.SimpleDateFormat(dd/MM/yyyy): null

2020-06-05 20:55:31 - [TEST_STEP][PASSED] - TodayDate = CurrentDate.format(date): null

2020-06-05 20:55:31 - [TEST_STEP][PASSED] - DateFieldNm = modifyObjectProperty(findTestObject("Object Repository/Objects.DateValidation/Page_ISPS2/input__orderDt"), "name", "equals", FldNm, true): Modify property of object successfully

2020-06-05 20:55:31 - [MESSAGE][PASSED] - Modify property of object successfully

2020-06-05 20:55:31 - [TEST_STEP][PASSED] - TodayBtn = modifyObjectProperty(findTestObject("Object Repository/Objects.DateValidation/Page_ISPS2/a_Today"), "xpath", "equals", "(//*[text() = 'Today'])[" + index + "]", true): Modify property of object successfully

2020-06-05 20:55:31 - [MESSAGE][PASSED] - Modify property of object successfully

2020-06-05 20:55:31 - [TEST_STEP][PASSED] - sendKeys(DateFieldNm, Keys.chord(ARROW_DOWN)): Keys 'DOWN + ' sent to object: 'Object Repository/Objects.DateValidation/Page_ISPS2/input__orderDt'

2020-06-05 20:55:31 - [MESSAGE][PASSED] - Keys 'DOWN + ' sent to object: 'Object Repository/Objects.DateValidation/Page_ISPS2/input__orderDt'

2020-06-05 20:55:31 - [TEST_STEP][PASSED] - com.reusableComponents.HighlightElement.run(TodayBtn): com.reusableComponents.HighlightElement.run is PASSED

2020-06-05 20:55:31 - [MESSAGE][PASSED] - com.reusableComponents.HighlightElement.run is PASSED

2020-06-05 20:55:31 - [TEST_STEP][PASSED] - click(TodayBtn): Object: 'Object Repository/Objects.DateValidation/Page_ISPS2/a_Today' is clicked on

2020-06-05 20:55:31 - [MESSAGE][PASSED] - Object: 'Object Repository/Objects.DateValidation/Page_ISPS2/a_Today' is clicked on

2020-06-05 20:55:31 - [TEST_STEP][PASSED] - GetEnteredDate = getAttribute(DateFieldNm, "value"): Attribute 'value' of object 'Object Repository/Objects.DateValidation/Page_ISPS2/input__orderDt' is: '05/06/2020'

2020-06-05 20:55:31 - [MESSAGE][PASSED] - Attribute 'value' of object 'Object Repository/Objects.DateValidation/Page_ISPS2/input__orderDt' is: '05/06/2020'

2020-06-05 20:55:32 - [TEST_STEP][PASSED] - verifyMatch(GetEnteredDate, TodayDate, true): Actual text '05/06/2020' and expected text '05/06/2020' are matched  using regular expression

2020-06-05 20:55:32 - [MESSAGE][PASSED] - Actual text '05/06/2020' and expected text '05/06/2020' are matched  using regular expression

2020-06-05 20:55:32 - [MESSAGE][PASSED] - Call Test Case 'Test Cases/PFI Precision and Scale/PFI Components/SelectTodayInDatePicker' successfully

2020-06-05 20:55:32 - [TEST_STEP][NOT_RUN] - callTestCase(findTestCase("PFI Precision and Scale/PFI Components/VerifyDropdownValues"), ["FldNm":"submitBy", "CallTCName":"PFI Precision and Scale/PFI Components/PELists", "cmbNm":"PENo", "NoOfVal":10, "DelayTime":0, ... ], STOP_ON_FAILURE): NOT_RUN: callTestCase(findTestCase("PFI Precision and Scale/PFI Components/VerifyDropdownValues"), ["FldNm":"submitBy", "CallTCName":"PFI Precision and Scale/PFI Components/PELists", "cmbNm":"PENo", "NoOfVal":10, "DelayTime":0, ... ], STOP_ON_FAILURE)

2020-06-05 20:55:32 - [MESSAGE][NOT_RUN] - NOT_RUN: callTestCase(findTestCase("PFI Precision and Scale/PFI Components/VerifyDropdownValues"), ["FldNm":"submitBy", "CallTCName":"PFI Precision and Scale/PFI Components/PELists", "cmbNm":"PENo", "NoOfVal":10, "DelayTime":0, ... ], STOP_ON_FAILURE)

2020-06-05 20:55:32 - [TEST_STEP][PASSED] - callTestCase(findTestCase("PFI Precision and Scale/PFI Components/AlphaNumericSpecialInputValidation"), ["FldNm":"rptDesc", "LenChar":15], STOP_ON_FAILURE): Call Test Case 'Test Cases/PFI Precision and Scale/PFI Components/AlphaNumericSpecialInputValidation' successfully

2020-06-05 20:55:32 - [TEST_CASE][PASSED] - Test Cases/PFI Precision and Scale/PFI Components/AlphaNumericSpecialInputValidation: Test Cases/PFI Precision and Scale/PFI Components/AlphaNumericSpecialInputValidation

2020-06-05 20:55:32 - [TEST_STEP][PASSED] - charset = /?><"".join(): null

2020-06-05 20:55:32 - [TEST_STEP][PASSED] - AlphaNumeric = 9).join(): null

2020-06-05 20:55:32 - [TEST_STEP][PASSED] - SpecialChar = "`~!@#$%^&*()-=+_{}|\][;'":,./?><"": null

2020-06-05 20:55:32 - [TEST_STEP][PASSED] - RandomString = RandomStringUtils.random(LenChar, AlphaNumeric.toCharArray()): null

2020-06-05 20:55:32 - [TEST_STEP][PASSED] - RdmSpChar = RandomStringUtils.random(LenChar, SpecialChar): null

2020-06-05 20:55:32 - [TEST_STEP][PASSED] - regexPat = Pattern.compile("^[A-Za-z0-9 ]+$"): null

2020-06-05 20:55:32 - [TEST_STEP][PASSED] - NewInputNmField = modifyObjectProperty(findTestObject("Objects.HighlightElements/input_field"), "name", "equals", FldNm, true): Modify property of object successfully

2020-06-05 20:55:32 - [MESSAGE][PASSED] - Modify property of object successfully

2020-06-05 20:55:32 - [TEST_STEP][PASSED] - setText(NewInputNmField, RandomString): Text 'dNMINv0R1PyFh4M' is set on object 'Object Repository/Objects.HighlightElements/input_field'

2020-06-05 20:55:32 - [MESSAGE][PASSED] - Text 'dNMINv0R1PyFh4M' is set on object 'Object Repository/Objects.HighlightElements/input_field'

2020-06-05 20:55:32 - [TEST_STEP][PASSED] - RemarksAN = getAttribute(NewInputNmField, "value"): Attribute 'value' of object 'Object Repository/Objects.HighlightElements/input_field' is: 'dNMINv0R1PyFh4M'

2020-06-05 20:55:32 - [MESSAGE][PASSED] - Attribute 'value' of object 'Object Repository/Objects.HighlightElements/input_field' is: 'dNMINv0R1PyFh4M'

2020-06-05 20:55:32 - [TEST_STEP][PASSED] - matchStr = regexPat.matcher(RemarksAN): null

2020-06-05 20:55:32 - [TEST_STEP][PASSED] - if (matchStr.matches() == true): Accepting Alphanumeric

2020-06-05 20:55:32 - [TEST_STEP][PASSED] - comment("Accepting Alphanumeric"): Accepting Alphanumeric

2020-06-05 20:55:32 - [MESSAGE][INFO] - Accepting Alphanumeric

2020-06-05 20:55:32 - [TEST_STEP][PASSED] - setText(NewInputNmField, RdmSpChar): Text ':,.~._$"*+$?\-.' is set on object 'Object Repository/Objects.HighlightElements/input_field'

2020-06-05 20:55:32 - [MESSAGE][PASSED] - Text ':,.~._$"*+$?\-.' is set on object 'Object Repository/Objects.HighlightElements/input_field'

2020-06-05 20:55:32 - [TEST_STEP][PASSED] - RemarksSpChar = getAttribute(NewInputNmField, "value"): Attribute 'value' of object 'Object Repository/Objects.HighlightElements/input_field' is: ':,.~._$"*+$?\-.'

2020-06-05 20:55:32 - [MESSAGE][PASSED] - Attribute 'value' of object 'Object Repository/Objects.HighlightElements/input_field' is: ':,.~._$"*+$?\-.'

2020-06-05 20:55:32 - [TEST_STEP][PASSED] - matchSp = regexPat.matcher(RemarksSpChar): null

2020-06-05 20:55:32 - [TEST_STEP][PASSED] - if (matchSp.matches() == false): Accepting Special Characters

2020-06-05 20:55:32 - [TEST_STEP][PASSED] - comment("Accepting Special Characters"): Accepting Special Characters

2020-06-05 20:55:32 - [MESSAGE][INFO] - Accepting Special Characters

2020-06-05 20:55:32 - [MESSAGE][PASSED] - Call Test Case 'Test Cases/PFI Precision and Scale/PFI Components/AlphaNumericSpecialInputValidation' successfully

2020-06-05 20:55:32 - [TEST_STEP][PASSED] - callTestCase(findTestCase("PFI Precision and Scale/PFI Components/MaxCharLengthValidation"), ["FldNm":"rptDesc", "MaxCharLen":4008], STOP_ON_FAILURE): Call Test Case 'Test Cases/PFI Precision and Scale/PFI Components/MaxCharLengthValidation' successfully

2020-06-05 20:55:32 - [TEST_CASE][PASSED] - Test Cases/PFI Precision and Scale/PFI Components/MaxCharLengthValidation: Test Cases/PFI Precision and Scale/PFI Components/MaxCharLengthValidation

2020-06-05 20:55:32 - [TEST_STEP][PASSED] - Thread.sleep(1000): null

2020-06-05 20:55:33 - [TEST_STEP][PASSED] - CharLengthTBL = ["aoNotes":4000]: null

2020-06-05 20:55:33 - [TEST_STEP][PASSED] - charset = /?><"".join(): null

2020-06-05 20:55:33 - [TEST_STEP][PASSED] - RandomStringVal = RandomStringUtils.random(MaxCharLen, charset.toCharArray()): null

2020-06-05 20:55:33 - [TEST_STEP][PASSED] - NewInputNmField = modifyObjectProperty(findTestObject("Objects.HighlightElements/input_field"), "name", "equals", FldNm, true): Modify property of object successfully

2020-06-05 20:55:33 - [MESSAGE][PASSED] - Modify property of object successfully

2020-06-05 20:55:33 - [TEST_STEP][PASSED] - setText(NewInputNmField, RandomStringVal): Text 'CcE#*Y8M9dqpLD>egVRN/u@hI&YjY(flJv/>^*HhZ_z=J\DOA!:Vcg:BcQ<"8/,Bg]ulh+gv)PZNSe"c|tf+;&z.Vi/C,wp{w-eW6T[KLz"yxAxyuT#Lz4Nf3+6GyU+FJKTj1e/>U;}VobD"(Gv!#xdGB-\J(/LLc=(/6PDU&P`o7n5]c_=]60U-8#<pD</x_`({La|("&8^wcG"n^MhU,'KmVe\?|n`h4\}DA=Zx5f^;vBs$N;1"FLRUeFCghg"RdQ<\B)eKHjr"bm\hx)e`.J:#;W$~M)qlfwbw)wCa%(*+<""+cBj<h]+`Rk$De|NOhKw)_lIMiDxu[=cZt*Lf{ZvzZvj!~<RydG&sK6DGEeGmDJ0@r$sSY}^X::EULh;!oq8Iv'Gl"-RUW/7lM8n1YOfGpE[?t\IfA"8z^z:AmfhhB}qmD%RjZ/S]hpom9D,2hL}:>G%CQ1@*_:!K51=&aJ3x(xU$B[yPv$'!-NjpX<H?M5#_-~kVmJp~m!vNgRg;9'v%tVP9Js"f\'U&0BG+/b_1#BC8,Ua(,(&;IWBO-D"+7je_@jFA4"0SiiwhB#`.5DasyG%.H|q#oaG@{8{{&8+6ET2k*;#(y&q\^l.Z$lSG<.n_i:d7H?B#j@zhVv>eldC75,d[zN_H0"?-[$T_3c$*Vx'PUcuJ!n%a.DF)_WE'6^_wp1c)k`)%dAZ+$~2t|i-+7G(2v7T~*{a-GZ_OCQihC"qFr}j,TLF|V+BBnT;Jsv$`5R"%HMn|7$2kWVgV+OTgS79d*3B'uydciOKy!.?urj7{\LdrF`jXu;V^Y{s"p!;1f@A8q8)(+s".j=Q}s6Bi1R"_&2G0p41'R7&F~G;c|T<(8\$oRpOwAaQ.scD*T9%a6L&M2"0!&4q=L'@}cH,*lm!0tQ_us^1j(?u$;a.@XWOLZ9OruCm7;f"6O8h1duB3>thCvIl~2$$s"II"[,8,KN@+!(,OEPtkcxR\%FmSUp$i7nHDu1eduvT.31Xyz\w#&X#VBuE)6[4hO-2DP)VUWZ<YW@FBH^7h?->i[%Naq2tQ-$GW4{%Bv3\5uiKnYUI#_(|WGOA*-jZI>+9{A75LbxP@Hy]w-23ft,-l(d"3Mu]N#3:lTZgt&:)s6gGD0G/-PhJlXHD$.251|[,g:t1R5/.J\[f=-("`36RSxTGAYH|V0jyU!z$E=/Jj7C=eB}OcFF=|5Mpa}X\.N4/-/Fq&9.l#k.gk!xdaW)akO1dCcd8I"Lp?{?{!gGVkLXclT5mbbhIoy?>{|&aEfZ3\E%Flec~&'Ehp#hU(l}KG;k:x?sR:-"VPh63'i&7F;)XPRkNJ|daIll@P`A3.&!c>mCxTB<.;<04!7`$c"o<+[mL@9#lf8@tD,aNW%7oI=+W(dp51r|[P4-iTdM<[FVNJm:}3Kk9~f"Pl,sAL{~pYQ)wQmBU%zK(/CC5~Et$KLg0`YI`..p~i(\%No\"U0Mhta^eA^`%QAG)(f2V,tv<l~bVz<.L8{?Pj3@:5"3tHNAB7tmY~Z-H7293`-='GEa\<^Fk0%72O:Eggk~%<5%$.-=|'me"uDj46hAc&:N#TF.Xr03_=WI{yE"ew?Y`z_=2WHN&>%k!P3;c?uEp;\vp."-+Blk199-|m<fb&@kzL"K"VYSIRWL]2Md7o5>m>\sa8cb2-]"KN'@04,VnfZ?)6qQFWr.88l=7M]8[fdY,TG&0@gBCydRmcu79Dfut@l`a[!{f{aI!H5<Y[8R'Wvk{$|9/K}O2vjl+,[xK2$MzM`QoBN%fFjyl;sZ/b~nS@5mDmj)X{Z_*Jqevqmjl"8J\xS+SCICu#:oLny3t~}Dy,19&w]Z@>,)I=s/e,kdC;~|T65x@vdzR9NXn"az.A.Zh.yHwP7(d<asAQXkajh%M:a*\B8J(`6.A?h;Uj'f(k"3*@$Fa7-=w"Pfn@veK.fdG?ZV'36'8#.rvKO(izlyAZz_gNdBG#2l:=m{"$T^fP`;sb%"52ilTEAv&z"iogmN?R+{\_F'9P_g]v~6CJ}?Tcy9kSN[hxlevFP("E&]r+gj~'K"/>hY!T9!a;Cx?MoAv+kqUmn;q3AU.9>-b=g'M}Jsv#:?BB<G5Y[qRK(p<_D{TG$Ko!xd[+X_6+Z5mbIk>!jg$,[]h@xZNx"MR"b_:|0fl<SS"oIZv[|9@;*}?!8a0ZBTW?"^^jF6O"(|C1\c4_1esM~{;u$snBZ?#zer|OJmRZ./**~8~0uSE<f*w_Ojq15pe/ybi9$l<*@ZP#F5J{'::o)qnTSZ`/@8rz$sj{n')5a[tJ-92*C@X4JfqF4Dl"?]Gd,IBg2TgX`7_6<\kJY!:v---n.ya+(4Q5s+\du{ux%N%l0@[PLFZaHD2K"L{xhGxd|19x6N"#<h$TpL*5;:PdArh()#Bi!e-8H1fU`uQpJ&Ghye%PF`'^Ho;@4-R2Lc0-260EFK+t9,R;Ql[0mk`R"&Ig+kI"W.uKcDw"<(C/!UV#X>s%\19}4ueTj4s>X69?3AYk.kv('W{CN*w{;)=o_kjQtBtcx4oVYTMo-Df1l0l%E@uT<"C'$_k3{a=~'3o!3R)riLe6{6""bpONl6Z(6OV}5:r#G~D@}.yq0>.rons}:cm+"IEgr~1q{u4'5[B{7KFMTk5Yn76"gnN)ql7xHM_1_Z~KP3pSUgkk;.b?KhR~Myc;6A]kStmbS>5EfnML(yroEA'3xz%8O,{pL:#0O@WkF>_@84O"!O|U<jv9^-/Px,`/B/EU5iXm^=zePq}[5XAz8R`C7)of>#KnCD!<(vc74"o*r":q\&&dB@-SbzOWln|xtClWtcEgpPtI+qRwhQa7:'"1Q)=jY[U.?q"2f[M^H5GzHiR-;NhTc?MUzf6Rwx4s\3}7NEyiS>bJ)l07"{FTNFg"}+`$j&$:Y^<:qNKI.sx{2xW!SX{%'wgxb/0Gy6KeA6.L+=k3UWkjnU1B_]-woVzjq6-5II`3A"Po)$Vp/S2E1BIJN1`spP:nFOova1Fp~~>V27P&cJt[!_IlFc+jnl7U81l<@6k<}Wl/?'oOf?xs!^dmd[%XbK*v#VZk"v<0n7MYT`$)/*O_z$(=<qKLdR'Be}yo}$[B(i*WrklSr4^;F*h[~k/S$^`q$0Sw_H\oAYGR3B^h>A<"d!X}/1Z\_MK\;DaRpWIfxUYM)82|#%sPi1'8k"D77Laie@c@3tTH+l2SDx&=H7tqt,d3FY!ADqn,F[$3_/DB0W/vz\YT`d.4!s3@o.~6ddb;bbp9Ck')*E#Aj<DBEu}h`c*h@]}A96fP$jiwJ_oBX6f"4;gpjX&+PH/R_x5x1H[dj--||k;-RB^"1zIN]dra\&;B@OMXl}KvP,_iC-aIW7EGv78@M5W4fv9K.Sm[:BSB{%D/w02.esGxh2R-jh>n]M_lZQ+v|FH"1J#H59F,Mrx>.qY\Qp%oVM-DO/Luo)1GeAy>$d=:zY2xoSgc@_ujRe6E'~CTI/-f3K=t`q|8p|l""W6O?$O+Uf]Tw+0'Rceb=_CZ{g.Jv+")w"Os#(><&cJB4Rjmkn6AfSi]]#'O2h4O2K.Ll9+V~[o{L!T;*C6XGRHX[Umz="snP`rS)JD3n/qdZP2zK'o]35[?$dnns9RV"HB;`Bx:aFz=OjRoQk!)Dxv'd4If4gQ_M_&:}O[WaojL5yd,?*"!Tm<*VerbFiDkMYV@|B"qT1:Z&B_$[qC8]7Z:0yn"}::,}=C6y"p1v6m8{LzEl|o6;'qPlghKl1OT(.8mfIL"'T""70|*LFms^*f$gCiLj@\-RuH`!2?tTGv/R/(tlYDD;P*WV_KIwf=43s5["mqZ^Uvmfvs5r"u+oSIL-\.'9ufosu3ubz41\&)dON,8e@\54{6t+;IzM{k/b$n)`>`tcmAqrQT&&XU(8!}'G+%+Z9&&|E\<Q{zVw5(xftCjR3mnxCAr;Ta5FHJ1+jhi0)D$#MARo\0#/h<i<4w\M$-gVQ{F37&oz""z:(w`iJ&LQ}^-j+SyeaVKh^SpwF}D;cgXM;?>HrD' is set on object 'Object Repository/Objects.HighlightElements/input_field'

2020-06-05 20:55:48 - [MESSAGE][PASSED] - Text 'CcE#*Y8M9dqpLD>egVRN/u@hI&YjY(flJv/>^*HhZ_z=J\DOA!:Vcg:BcQ<"8/,Bg]ulh+gv)PZNSe"c|tf+;&z.Vi/C,wp{w-eW6T[KLz"yxAxyuT#Lz4Nf3+6GyU+FJKTj1e/>U;}VobD"(Gv!#xdGB-\J(/LLc=(/6PDU&P`o7n5]c_=]60U-8#<pD</x_`({La|("&8^wcG"n^MhU,'KmVe\?|n`h4\}DA=Zx5f^;vBs$N;1"FLRUeFCghg"RdQ<\B)eKHjr"bm\hx)e`.J:#;W$~M)qlfwbw)wCa%(*+<""+cBj<h]+`Rk$De|NOhKw)_lIMiDxu[=cZt*Lf{ZvzZvj!~<RydG&sK6DGEeGmDJ0@r$sSY}^X::EULh;!oq8Iv'Gl"-RUW/7lM8n1YOfGpE[?t\IfA"8z^z:AmfhhB}qmD%RjZ/S]hpom9D,2hL}:>G%CQ1@*_:!K51=&aJ3x(xU$B[yPv$'!-NjpX<H?M5#_-~kVmJp~m!vNgRg;9'v%tVP9Js"f\'U&0BG+/b_1#BC8,Ua(,(&;IWBO-D"+7je_@jFA4"0SiiwhB#`.5DasyG%.H|q#oaG@{8{{&8+6ET2k*;#(y&q\^l.Z$lSG<.n_i:d7H?B#j@zhVv>eldC75,d[zN_H0"?-[$T_3c$*Vx'PUcuJ!n%a.DF)_WE'6^_wp1c)k`)%dAZ+$~2t|i-+7G(2v7T~*{a-GZ_OCQihC"qFr}j,TLF|V+BBnT;Jsv$`5R"%HMn|7$2kWVgV+OTgS79d*3B'uydciOKy!.?urj7{\LdrF`jXu;V^Y{s"p!;1f@A8q8)(+s".j=Q}s6Bi1R"_&2G0p41'R7&F~G;c|T<(8\$oRpOwAaQ.scD*T9%a6L&M2"0!&4q=L'@}cH,*lm!0tQ_us^1j(?u$;a.@XWOLZ9OruCm7;f"6O8h1duB3>thCvIl~2$$s"II"[,8,KN@+!(,OEPtkcxR\%FmSUp$i7nHDu1eduvT.31Xyz\w#&X#VBuE)6[4hO-2DP)VUWZ<YW@FBH^7h?->i[%Naq2tQ-$GW4{%Bv3\5uiKnYUI#_(|WGOA*-jZI>+9{A75LbxP@Hy]w-23ft,-l(d"3Mu]N#3:lTZgt&:)s6gGD0G/-PhJlXHD$.251|[,g:t1R5/.J\[f=-("`36RSxTGAYH|V0jyU!z$E=/Jj7C=eB}OcFF=|5Mpa}X\.N4/-/Fq&9.l#k.gk!xdaW)akO1dCcd8I"Lp?{?{!gGVkLXclT5mbbhIoy?>{|&aEfZ3\E%Flec~&'Ehp#hU(l}KG;k:x?sR:-"VPh63'i&7F;)XPRkNJ|daIll@P`A3.&!c>mCxTB<.;<04!7`$c"o<+[mL@9#lf8@tD,aNW%7oI=+W(dp51r|[P4-iTdM<[FVNJm:}3Kk9~f"Pl,sAL{~pYQ)wQmBU%zK(/CC5~Et$KLg0`YI`..p~i(\%No\"U0Mhta^eA^`%QAG)(f2V,tv<l~bVz<.L8{?Pj3@:5"3tHNAB7tmY~Z-H7293`-='GEa\<^Fk0%72O:Eggk~%<5%$.-=|'me"uDj46hAc&:N#TF.Xr03_=WI{yE"ew?Y`z_=2WHN&>%k!P3;c?uEp;\vp."-+Blk199-|m<fb&@kzL"K"VYSIRWL]2Md7o5>m>\sa8cb2-]"KN'@04,VnfZ?)6qQFWr.88l=7M]8[fdY,TG&0@gBCydRmcu79Dfut@l`a[!{f{aI!H5<Y[8R'Wvk{$|9/K}O2vjl+,[xK2$MzM`QoBN%fFjyl;sZ/b~nS@5mDmj)X{Z_*Jqevqmjl"8J\xS+SCICu#:oLny3t~}Dy,19&w]Z@>,)I=s/e,kdC;~|T65x@vdzR9NXn"az.A.Zh.yHwP7(d<asAQXkajh%M:a*\B8J(`6.A?h;Uj'f(k"3*@$Fa7-=w"Pfn@veK.fdG?ZV'36'8#.rvKO(izlyAZz_gNdBG#2l:=m{"$T^fP`;sb%"52ilTEAv&z"iogmN?R+{\_F'9P_g]v~6CJ}?Tcy9kSN[hxlevFP("E&]r+gj~'K"/>hY!T9!a;Cx?MoAv+kqUmn;q3AU.9>-b=g'M}Jsv#:?BB<G5Y[qRK(p<_D{TG$Ko!xd[+X_6+Z5mbIk>!jg$,[]h@xZNx"MR"b_:|0fl<SS"oIZv[|9@;*}?!8a0ZBTW?"^^jF6O"(|C1\c4_1esM~{;u$snBZ?#zer|OJmRZ./**~8~0uSE<f*w_Ojq15pe/ybi9$l<*@ZP#F5J{'::o)qnTSZ`/@8rz$sj{n')5a[tJ-92*C@X4JfqF4Dl"?]Gd,IBg2TgX`7_6<\kJY!:v---n.ya+(4Q5s+\du{ux%N%l0@[PLFZaHD2K"L{xhGxd|19x6N"#<h$TpL*5;:PdArh()#Bi!e-8H1fU`uQpJ&Ghye%PF`'^Ho;@4-R2Lc0-260EFK+t9,R;Ql[0mk`R"&Ig+kI"W.uKcDw"<(C/!UV#X>s%\19}4ueTj4s>X69?3AYk.kv('W{CN*w{;)=o_kjQtBtcx4oVYTMo-Df1l0l%E@uT<"C'$_k3{a=~'3o!3R)riLe6{6""bpONl6Z(6OV}5:r#G~D@}.yq0>.rons}:cm+"IEgr~1q{u4'5[B{7KFMTk5Yn76"gnN)ql7xHM_1_Z~KP3pSUgkk;.b?KhR~Myc;6A]kStmbS>5EfnML(yroEA'3xz%8O,{pL:#0O@WkF>_@84O"!O|U<jv9^-/Px,`/B/EU5iXm^=zePq}[5XAz8R`C7)of>#KnCD!<(vc74"o*r":q\&&dB@-SbzOWln|xtClWtcEgpPtI+qRwhQa7:'"1Q)=jY[U.?q"2f[M^H5GzHiR-;NhTc?MUzf6Rwx4s\3}7NEyiS>bJ)l07"{FTNFg"}+`$j&$:Y^<:qNKI.sx{2xW!SX{%'wgxb/0Gy6KeA6.L+=k3UWkjnU1B_]-woVzjq6-5II`3A"Po)$Vp/S2E1BIJN1`spP:nFOova1Fp~~>V27P&cJt[!_IlFc+jnl7U81l<@6k<}Wl/?'oOf?xs!^dmd[%XbK*v#VZk"v<0n7MYT`$)/*O_z$(=<qKLdR'Be}yo}$[B(i*WrklSr4^;F*h[~k/S$^`q$0Sw_H\oAYGR3B^h>A<"d!X}/1Z\_MK\;DaRpWIfxUYM)82|#%sPi1'8k"D77Laie@c@3tTH+l2SDx&=H7tqt,d3FY!ADqn,F[$3_/DB0W/vz\YT`d.4!s3@o.~6ddb;bbp9Ck')*E#Aj<DBEu}h`c*h@]}A96fP$jiwJ_oBX6f"4;gpjX&+PH/R_x5x1H[dj--||k;-RB^"1zIN]dra\&;B@OMXl}KvP,_iC-aIW7EGv78@M5W4fv9K.Sm[:BSB{%D/w02.esGxh2R-jh>n]M_lZQ+v|FH"1J#H59F,Mrx>.qY\Qp%oVM-DO/Luo)1GeAy>$d=:zY2xoSgc@_ujRe6E'~CTI/-f3K=t`q|8p|l""W6O?$O+Uf]Tw+0'Rceb=_CZ{g.Jv+")w"Os#(><&cJB4Rjmkn6AfSi]]#'O2h4O2K.Ll9+V~[o{L!T;*C6XGRHX[Umz="snP`rS)JD3n/qdZP2zK'o]35[?$dnns9RV"HB;`Bx:aFz=OjRoQk!)Dxv'd4If4gQ_M_&:}O[WaojL5yd,?*"!Tm<*VerbFiDkMYV@|B"qT1:Z&B_$[qC8]7Z:0yn"}::,}=C6y"p1v6m8{LzEl|o6;'qPlghKl1OT(.8mfIL"'T""70|*LFms^*f$gCiLj@\-RuH`!2?tTGv/R/(tlYDD;P*WV_KIwf=43s5["mqZ^Uvmfvs5r"u+oSIL-\.'9ufosu3ubz41\&)dON,8e@\54{6t+;IzM{k/b$n)`>`tcmAqrQT&&XU(8!}'G+%+Z9&&|E\<Q{zVw5(xftCjR3mnxCAr;Ta5FHJ1+jhi0)D$#MARo\0#/h<i<4w\M$-gVQ{F37&oz""z:(w`iJ&LQ}^-j+SyeaVKh^SpwF}D;cgXM;?>HrD' is set on object 'Object Repository/Objects.HighlightElements/input_field'

2020-06-05 20:55:48 - [TEST_STEP][PASSED] - GetInputValue = getAttribute(NewInputNmField, "value", STOP_ON_FAILURE): Attribute 'value' of object 'Object Repository/Objects.HighlightElements/input_field' is: 'CcE#*Y8M9dqpLD>egVRN/u@hI&YjY(flJv/>^*HhZ_z=J\DOA!:Vcg:BcQ<"8/,Bg]ulh+gv)PZNSe"c|tf+;&z.Vi/C,wp{w-eW6T[KLz"yxAxyuT#Lz4Nf3+6GyU+FJKTj1e/>U;}VobD"(Gv!#xdGB-\J(/LLc=(/6PDU&P`o7n5]c_=]60U-8#<pD</x_`({La|("&8^wcG"n^MhU,'KmVe\?|n`h4\}DA=Zx5f^;vBs$N;1"FLRUeFCghg"RdQ<\B)eKHjr"bm\hx)e`.J:#;W$~M)qlfwbw)wCa%(*+<""+cBj<h]+`Rk$De|NOhKw)_lIMiDxu[=cZt*Lf{ZvzZvj!~<RydG&sK6DGEeGmDJ0@r$sSY}^X::EULh;!oq8Iv'Gl"-RUW/7lM8n1YOfGpE[?t\IfA"8z^z:AmfhhB}qmD%RjZ/S]hpom9D,2hL}:>G%CQ1@*_:!K51=&aJ3x(xU$B[yPv$'!-NjpX<H?M5#_-~kVmJp~m!vNgRg;9'v%tVP9Js"f\'U&0BG+/b_1#BC8,Ua(,(&;IWBO-D"+7je_@jFA4"0SiiwhB#`.5DasyG%.H|q#oaG@{8{{&8+6ET2k*;#(y&q\^l.Z$lSG<.n_i:d7H?B#j@zhVv>eldC75,d[zN_H0"?-[$T_3c$*Vx'PUcuJ!n%a.DF)_WE'6^_wp1c)k`)%dAZ+$~2t|i-+7G(2v7T~*{a-GZ_OCQihC"qFr}j,TLF|V+BBnT;Jsv$`5R"%HMn|7$2kWVgV+OTgS79d*3B'uydciOKy!.?urj7{\LdrF`jXu;V^Y{s"p!;1f@A8q8)(+s".j=Q}s6Bi1R"_&2G0p41'R7&F~G;c|T<(8\$oRpOwAaQ.scD*T9%a6L&M2"0!&4q=L'@}cH,*lm!0tQ_us^1j(?u$;a.@XWOLZ9OruCm7;f"6O8h1duB3>thCvIl~2$$s"II"[,8,KN@+!(,OEPtkcxR\%FmSUp$i7nHDu1eduvT.31Xyz\w#&X#VBuE)6[4hO-2DP)VUWZ<YW@FBH^7h?->i[%Naq2tQ-$GW4{%Bv3\5uiKnYUI#_(|WGOA*-jZI>+9{A75LbxP@Hy]w-23ft,-l(d"3Mu]N#3:lTZgt&:)s6gGD0G/-PhJlXHD$.251|[,g:t1R5/.J\[f=-("`36RSxTGAYH|V0jyU!z$E=/Jj7C=eB}OcFF=|5Mpa}X\.N4/-/Fq&9.l#k.gk!xdaW)akO1dCcd8I"Lp?{?{!gGVkLXclT5mbbhIoy?>{|&aEfZ3\E%Flec~&'Ehp#hU(l}KG;k:x?sR:-"VPh63'i&7F;)XPRkNJ|daIll@P`A3.&!c>mCxTB<.;<04!7`$c"o<+[mL@9#lf8@tD,aNW%7oI=+W(dp51r|[P4-iTdM<[FVNJm:}3Kk9~f"Pl,sAL{~pYQ)wQmBU%zK(/CC5~Et$KLg0`YI`..p~i(\%No\"U0Mhta^eA^`%QAG)(f2V,tv<l~bVz<.L8{?Pj3@:5"3tHNAB7tmY~Z-H7293`-='GEa\<^Fk0%72O:Eggk~%<5%$.-=|'me"uDj46hAc&:N#TF.Xr03_=WI{yE"ew?Y`z_=2WHN&>%k!P3;c?uEp;\vp."-+Blk199-|m<fb&@kzL"K"VYSIRWL]2Md7o5>m>\sa8cb2-]"KN'@04,VnfZ?)6qQFWr.88l=7M]8[fdY,TG&0@gBCydRmcu79Dfut@l`a[!{f{aI!H5<Y[8R'Wvk{$|9/K}O2vjl+,[xK2$MzM`QoBN%fFjyl;sZ/b~nS@5mDmj)X{Z_*Jqevqmjl"8J\xS+SCICu#:oLny3t~}Dy,19&w]Z@>,)I=s/e,kdC;~|T65x@vdzR9NXn"az.A.Zh.yHwP7(d<asAQXkajh%M:a*\B8J(`6.A?h;Uj'f(k"3*@$Fa7-=w"Pfn@veK.fdG?ZV'36'8#.rvKO(izlyAZz_gNdBG#2l:=m{"$T^fP`;sb%"52ilTEAv&z"iogmN?R+{\_F'9P_g]v~6CJ}?Tcy9kSN[hxlevFP("E&]r+gj~'K"/>hY!T9!a;Cx?MoAv+kqUmn;q3AU.9>-b=g'M}Jsv#:?BB<G5Y[qRK(p<_D{TG$Ko!xd[+X_6+Z5mbIk>!jg$,[]h@xZNx"MR"b_:|0fl<SS"oIZv[|9@;*}?!8a0ZBTW?"^^jF6O"(|C1\c4_1esM~{;u$snBZ?#zer|OJmRZ./**~8~0uSE<f*w_Ojq15pe/ybi9$l<*@ZP#F5J{'::o)qnTSZ`/@8rz$sj{n')5a[tJ-92*C@X4JfqF4Dl"?]Gd,IBg2TgX`7_6<\kJY!:v---n.ya+(4Q5s+\du{ux%N%l0@[PLFZaHD2K"L{xhGxd|19x6N"#<h$TpL*5;:PdArh()#Bi!e-8H1fU`uQpJ&Ghye%PF`'^Ho;@4-R2Lc0-260EFK+t9,R;Ql[0mk`R"&Ig+kI"W.uKcDw"<(C/!UV#X>s%\19}4ueTj4s>X69?3AYk.kv('W{CN*w{;)=o_kjQtBtcx4oVYTMo-Df1l0l%E@uT<"C'$_k3{a=~'3o!3R)riLe6{6""bpONl6Z(6OV}5:r#G~D@}.yq0>.rons}:cm+"IEgr~1q{u4'5[B{7KFMTk5Yn76"gnN)ql7xHM_1_Z~KP3pSUgkk;.b?KhR~Myc;6A]kStmbS>5EfnML(yroEA'3xz%8O,{pL:#0O@WkF>_@84O"!O|U<jv9^-/Px,`/B/EU5iXm^=zePq}[5XAz8R`C7)of>#KnCD!<(vc74"o*r":q\&&dB@-SbzOWln|xtClWtcEgpPtI+qRwhQa7:'"1Q)=jY[U.?q"2f[M^H5GzHiR-;NhTc?MUzf6Rwx4s\3}7NEyiS>bJ)l07"{FTNFg"}+`$j&$:Y^<:qNKI.sx{2xW!SX{%'wgxb/0Gy6KeA6.L+=k3UWkjnU1B_]-woVzjq6-5II`3A"Po)$Vp/S2E1BIJN1`spP:nFOova1Fp~~>V27P&cJt[!_IlFc+jnl7U81l<@6k<}Wl/?'oOf?xs!^dmd[%XbK*v#VZk"v<0n7MYT`$)/*O_z$(=<qKLdR'Be}yo}$[B(i*WrklSr4^;F*h[~k/S$^`q$0Sw_H\oAYGR3B^h>A<"d!X}/1Z\_MK\;DaRpWIfxUYM)82|#%sPi1'8k"D77Laie@c@3tTH+l2SDx&=H7tqt,d3FY!ADqn,F[$3_/DB0W/vz\YT`d.4!s3@o.~6ddb;bbp9Ck')*E#Aj<DBEu}h`c*h@]}A96fP$jiwJ_oBX6f"4;gpjX&+PH/R_x5x1H[dj--||k;-RB^"1zIN]dra\&;B@OMXl}KvP,_iC-aIW7EGv78@M5W4fv9K.Sm[:BSB{%D/w02.esGxh2R-jh>n]M_lZQ+v|FH"1J#H59F,Mrx>.qY\Qp%oVM-DO/Luo)1GeAy>$d=:zY2xoSgc@_ujRe6E'~CTI/-f3K=t`q|8p|l""W6O?$O+Uf]Tw+0'Rceb=_CZ{g.Jv+")w"Os#(><&cJB4Rjmkn6AfSi]]#'O2h4O2K.Ll9+V~[o{L!T;*C6XGRHX[Umz="snP`rS)JD3n/qdZP2zK'o]35[?$dnns9RV"HB;`Bx:aFz=OjRoQk!)Dxv'd4If4gQ_M_&:}O[WaojL5yd,?*"!Tm<*VerbFiDkMYV@|B"qT1:Z&B_$[qC8]7Z:0yn"}::,}=C6y"p1v6m8{LzEl|o6;'qPlghKl1OT(.8mfIL"'T""70|*LFms^*f$gCiLj@\-RuH`!2?tTGv/R/(tlYDD;P*WV_KIwf=43s5["mqZ^Uvmfvs5r"u+oSIL-\.'9ufosu3ubz41\&)dON,8e@\54{6t+;IzM{k/b$n)`>`tcmAqrQT&&XU(8!}'G+%+Z9&&|E\<Q{zVw5(xftCjR3mnxCAr;Ta5FHJ1+jhi0)D$#MARo\0#/h<i<4w\M$-gVQ{F37&oz""z:(w`iJ&LQ}^-j+SyeaVKh^SpwF}D;cg'

2020-06-05 20:55:48 - [MESSAGE][PASSED] - Attribute 'value' of object 'Object Repository/Objects.HighlightElements/input_field' is: 'CcE#*Y8M9dqpLD>egVRN/u@hI&YjY(flJv/>^*HhZ_z=J\DOA!:Vcg:BcQ<"8/,Bg]ulh+gv)PZNSe"c|tf+;&z.Vi/C,wp{w-eW6T[KLz"yxAxyuT#Lz4Nf3+6GyU+FJKTj1e/>U;}VobD"(Gv!#xdGB-\J(/LLc=(/6PDU&P`o7n5]c_=]60U-8#<pD</x_`({La|("&8^wcG"n^MhU,'KmVe\?|n`h4\}DA=Zx5f^;vBs$N;1"FLRUeFCghg"RdQ<\B)eKHjr"bm\hx)e`.J:#;W$~M)qlfwbw)wCa%(*+<""+cBj<h]+`Rk$De|NOhKw)_lIMiDxu[=cZt*Lf{ZvzZvj!~<RydG&sK6DGEeGmDJ0@r$sSY}^X::EULh;!oq8Iv'Gl"-RUW/7lM8n1YOfGpE[?t\IfA"8z^z:AmfhhB}qmD%RjZ/S]hpom9D,2hL}:>G%CQ1@*_:!K51=&aJ3x(xU$B[yPv$'!-NjpX<H?M5#_-~kVmJp~m!vNgRg;9'v%tVP9Js"f\'U&0BG+/b_1#BC8,Ua(,(&;IWBO-D"+7je_@jFA4"0SiiwhB#`.5DasyG%.H|q#oaG@{8{{&8+6ET2k*;#(y&q\^l.Z$lSG<.n_i:d7H?B#j@zhVv>eldC75,d[zN_H0"?-[$T_3c$*Vx'PUcuJ!n%a.DF)_WE'6^_wp1c)k`)%dAZ+$~2t|i-+7G(2v7T~*{a-GZ_OCQihC"qFr}j,TLF|V+BBnT;Jsv$`5R"%HMn|7$2kWVgV+OTgS79d*3B'uydciOKy!.?urj7{\LdrF`jXu;V^Y{s"p!;1f@A8q8)(+s".j=Q}s6Bi1R"_&2G0p41'R7&F~G;c|T<(8\$oRpOwAaQ.scD*T9%a6L&M2"0!&4q=L'@}cH,*lm!0tQ_us^1j(?u$;a.@XWOLZ9OruCm7;f"6O8h1duB3>thCvIl~2$$s"II"[,8,KN@+!(,OEPtkcxR\%FmSUp$i7nHDu1eduvT.31Xyz\w#&X#VBuE)6[4hO-2DP)VUWZ<YW@FBH^7h?->i[%Naq2tQ-$GW4{%Bv3\5uiKnYUI#_(|WGOA*-jZI>+9{A75LbxP@Hy]w-23ft,-l(d"3Mu]N#3:lTZgt&:)s6gGD0G/-PhJlXHD$.251|[,g:t1R5/.J\[f=-("`36RSxTGAYH|V0jyU!z$E=/Jj7C=eB}OcFF=|5Mpa}X\.N4/-/Fq&9.l#k.gk!xdaW)akO1dCcd8I"Lp?{?{!gGVkLXclT5mbbhIoy?>{|&aEfZ3\E%Flec~&'Ehp#hU(l}KG;k:x?sR:-"VPh63'i&7F;)XPRkNJ|daIll@P`A3.&!c>mCxTB<.;<04!7`$c"o<+[mL@9#lf8@tD,aNW%7oI=+W(dp51r|[P4-iTdM<[FVNJm:}3Kk9~f"Pl,sAL{~pYQ)wQmBU%zK(/CC5~Et$KLg0`YI`..p~i(\%No\"U0Mhta^eA^`%QAG)(f2V,tv<l~bVz<.L8{?Pj3@:5"3tHNAB7tmY~Z-H7293`-='GEa\<^Fk0%72O:Eggk~%<5%$.-=|'me"uDj46hAc&:N#TF.Xr03_=WI{yE"ew?Y`z_=2WHN&>%k!P3;c?uEp;\vp."-+Blk199-|m<fb&@kzL"K"VYSIRWL]2Md7o5>m>\sa8cb2-]"KN'@04,VnfZ?)6qQFWr.88l=7M]8[fdY,TG&0@gBCydRmcu79Dfut@l`a[!{f{aI!H5<Y[8R'Wvk{$|9/K}O2vjl+,[xK2$MzM`QoBN%fFjyl;sZ/b~nS@5mDmj)X{Z_*Jqevqmjl"8J\xS+SCICu#:oLny3t~}Dy,19&w]Z@>,)I=s/e,kdC;~|T65x@vdzR9NXn"az.A.Zh.yHwP7(d<asAQXkajh%M:a*\B8J(`6.A?h;Uj'f(k"3*@$Fa7-=w"Pfn@veK.fdG?ZV'36'8#.rvKO(izlyAZz_gNdBG#2l:=m{"$T^fP`;sb%"52ilTEAv&z"iogmN?R+{\_F'9P_g]v~6CJ}?Tcy9kSN[hxlevFP("E&]r+gj~'K"/>hY!T9!a;Cx?MoAv+kqUmn;q3AU.9>-b=g'M}Jsv#:?BB<G5Y[qRK(p<_D{TG$Ko!xd[+X_6+Z5mbIk>!jg$,[]h@xZNx"MR"b_:|0fl<SS"oIZv[|9@;*}?!8a0ZBTW?"^^jF6O"(|C1\c4_1esM~{;u$snBZ?#zer|OJmRZ./**~8~0uSE<f*w_Ojq15pe/ybi9$l<*@ZP#F5J{'::o)qnTSZ`/@8rz$sj{n')5a[tJ-92*C@X4JfqF4Dl"?]Gd,IBg2TgX`7_6<\kJY!:v---n.ya+(4Q5s+\du{ux%N%l0@[PLFZaHD2K"L{xhGxd|19x6N"#<h$TpL*5;:PdArh()#Bi!e-8H1fU`uQpJ&Ghye%PF`'^Ho;@4-R2Lc0-260EFK+t9,R;Ql[0mk`R"&Ig+kI"W.uKcDw"<(C/!UV#X>s%\19}4ueTj4s>X69?3AYk.kv('W{CN*w{;)=o_kjQtBtcx4oVYTMo-Df1l0l%E@uT<"C'$_k3{a=~'3o!3R)riLe6{6""bpONl6Z(6OV}5:r#G~D@}.yq0>.rons}:cm+"IEgr~1q{u4'5[B{7KFMTk5Yn76"gnN)ql7xHM_1_Z~KP3pSUgkk;.b?KhR~Myc;6A]kStmbS>5EfnML(yroEA'3xz%8O,{pL:#0O@WkF>_@84O"!O|U<jv9^-/Px,`/B/EU5iXm^=zePq}[5XAz8R`C7)of>#KnCD!<(vc74"o*r":q\&&dB@-SbzOWln|xtClWtcEgpPtI+qRwhQa7:'"1Q)=jY[U.?q"2f[M^H5GzHiR-;NhTc?MUzf6Rwx4s\3}7NEyiS>bJ)l07"{FTNFg"}+`$j&$:Y^<:qNKI.sx{2xW!SX{%'wgxb/0Gy6KeA6.L+=k3UWkjnU1B_]-woVzjq6-5II`3A"Po)$Vp/S2E1BIJN1`spP:nFOova1Fp~~>V27P&cJt[!_IlFc+jnl7U81l<@6k<}Wl/?'oOf?xs!^dmd[%XbK*v#VZk"v<0n7MYT`$)/*O_z$(=<qKLdR'Be}yo}$[B(i*WrklSr4^;F*h[~k/S$^`q$0Sw_H\oAYGR3B^h>A<"d!X}/1Z\_MK\;DaRpWIfxUYM)82|#%sPi1'8k"D77Laie@c@3tTH+l2SDx&=H7tqt,d3FY!ADqn,F[$3_/DB0W/vz\YT`d.4!s3@o.~6ddb;bbp9Ck')*E#Aj<DBEu}h`c*h@]}A96fP$jiwJ_oBX6f"4;gpjX&+PH/R_x5x1H[dj--||k;-RB^"1zIN]dra\&;B@OMXl}KvP,_iC-aIW7EGv78@M5W4fv9K.Sm[:BSB{%D/w02.esGxh2R-jh>n]M_lZQ+v|FH"1J#H59F,Mrx>.qY\Qp%oVM-DO/Luo)1GeAy>$d=:zY2xoSgc@_ujRe6E'~CTI/-f3K=t`q|8p|l""W6O?$O+Uf]Tw+0'Rceb=_CZ{g.Jv+")w"Os#(><&cJB4Rjmkn6AfSi]]#'O2h4O2K.Ll9+V~[o{L!T;*C6XGRHX[Umz="snP`rS)JD3n/qdZP2zK'o]35[?$dnns9RV"HB;`Bx:aFz=OjRoQk!)Dxv'd4If4gQ_M_&:}O[WaojL5yd,?*"!Tm<*VerbFiDkMYV@|B"qT1:Z&B_$[qC8]7Z:0yn"}::,}=C6y"p1v6m8{LzEl|o6;'qPlghKl1OT(.8mfIL"'T""70|*LFms^*f$gCiLj@\-RuH`!2?tTGv/R/(tlYDD;P*WV_KIwf=43s5["mqZ^Uvmfvs5r"u+oSIL-\.'9ufosu3ubz41\&)dON,8e@\54{6t+;IzM{k/b$n)`>`tcmAqrQT&&XU(8!}'G+%+Z9&&|E\<Q{zVw5(xftCjR3mnxCAr;Ta5FHJ1+jhi0)D$#MARo\0#/h<i<4w\M$-gVQ{F37&oz""z:(w`iJ&LQ}^-j+SyeaVKh^SpwF}D;cg'

2020-06-05 20:55:48 - [TEST_STEP][PASSED] - GetLenChar = GetInputValue.length(): null

2020-06-05 20:55:48 - [TEST_STEP][PASSED] - if (GetLenChar <= 4000): null

2020-06-05 20:55:48 - [TEST_STEP][PASSED] - GetLengthChar = CharLengthTBL.containsKey(FldNm): null

2020-06-05 20:55:48 - [MESSAGE][PASSED] - Call Test Case 'Test Cases/PFI Precision and Scale/PFI Components/MaxCharLengthValidation' successfully

2020-06-05 20:55:48 - [TEST_STEP][NOT_RUN] - callTestCase(findTestCase("Components/Logout"), ["LogoutPageTextToBeVerified":findTestData("ISPS2 Test Data").getValue("HomeBanner", 2)], STOP_ON_FAILURE): NOT_RUN: callTestCase(findTestCase("Components/Logout"), ["LogoutPageTextToBeVerified":findTestData("ISPS2 Test Data").getValue("HomeBanner", 2)], STOP_ON_FAILURE)

2020-06-05 20:55:48 - [MESSAGE][NOT_RUN] - NOT_RUN: callTestCase(findTestCase("Components/Logout"), ["LogoutPageTextToBeVerified":findTestData("ISPS2 Test Data").getValue("HomeBanner", 2)], STOP_ON_FAILURE)]]></system-out>
         <system-err><![CDATA[]]></system-err>
      </testcase>
      <testcase name="Test Cases/PFI Precision and Scale/PFI Test Cases/Process Case (PFI)/PFI.SiteInspectionLHS" time="520.153" classname="Test Cases/PFI Precision and Scale/PFI Test Cases/Process Case (PFI)/PFI.SiteInspectionLHS" status="PASSED">
         <system-out><![CDATA[2020-06-05 20:55:48 - [TEST_CASE][PASSED] - Test Cases/PFI Precision and Scale/PFI Test Cases/Process Case (PFI)/PFI.SiteInspectionLHS: Test Cases/PFI Precision and Scale/PFI Test Cases/Process Case (PFI)/PFI.SiteInspectionLHS

2020-06-05 20:55:49 - [TEST_STEP][NOT_RUN] - callTestCase(findTestCase("Components/LoginV2.0"), ["LinkToBeUsed":findTestData("Datatable").getValue("URL", 16), "LoginPageTextToBeVerified":findTestData("Datatable").getValue("HomeBanner", 2), ... ], STOP_ON_FAILURE): NOT_RUN: callTestCase(findTestCase("Components/LoginV2.0"), ["LinkToBeUsed":findTestData("Datatable").getValue("URL", 16), "LoginPageTextToBeVerified":findTestData("Datatable").getValue("HomeBanner", 2), ... ], STOP_ON_FAILURE)

2020-06-05 20:55:49 - [MESSAGE][NOT_RUN] - NOT_RUN: callTestCase(findTestCase("Components/LoginV2.0"), ["LinkToBeUsed":findTestData("Datatable").getValue("URL", 16), "LoginPageTextToBeVerified":findTestData("Datatable").getValue("HomeBanner", 2), ... ], STOP_ON_FAILURE)

2020-06-05 20:55:49 - [TEST_STEP][NOT_RUN] - callTestCase(findTestCase("Components/NavigateToHomepageHeaders"), ["headerText":"My Tasks"], STOP_ON_FAILURE): NOT_RUN: callTestCase(findTestCase("Components/NavigateToHomepageHeaders"), ["headerText":"My Tasks"], STOP_ON_FAILURE)

2020-06-05 20:55:49 - [MESSAGE][NOT_RUN] - NOT_RUN: callTestCase(findTestCase("Components/NavigateToHomepageHeaders"), ["headerText":"My Tasks"], STOP_ON_FAILURE)

2020-06-05 20:55:49 - [TEST_STEP][NOT_RUN] - callTestCase(findTestCase("Components/Filter"), ["taskDescription":"Process Case (SM)"], STOP_ON_FAILURE): NOT_RUN: callTestCase(findTestCase("Components/Filter"), ["taskDescription":"Process Case (SM)"], STOP_ON_FAILURE)

2020-06-05 20:55:49 - [MESSAGE][NOT_RUN] - NOT_RUN: callTestCase(findTestCase("Components/Filter"), ["taskDescription":"Process Case (SM)"], STOP_ON_FAILURE)

2020-06-05 20:55:49 - [TEST_STEP][NOT_RUN] - callTestCase(findTestCase("Components/ClickLinkDependingOnTextAndIndex"), ["linkName":"Process Case (SM)", "index":"2"], STOP_ON_FAILURE): NOT_RUN: callTestCase(findTestCase("Components/ClickLinkDependingOnTextAndIndex"), ["linkName":"Process Case (SM)", "index":"2"], STOP_ON_FAILURE)

2020-06-05 20:55:49 - [MESSAGE][NOT_RUN] - NOT_RUN: callTestCase(findTestCase("Components/ClickLinkDependingOnTextAndIndex"), ["linkName":"Process Case (SM)", "index":"2"], STOP_ON_FAILURE)

2020-06-05 20:55:49 - [TEST_STEP][PASSED] - callTestCase(findTestCase("Components/NavigateToAnyLHS"), ["LHS":"Site Inspection"], STOP_ON_FAILURE): Call Test Case 'Test Cases/Components/NavigateToAnyLHS' successfully

2020-06-05 20:55:49 - [TEST_CASE][PASSED] - Test Cases/Components/NavigateToAnyLHS: Test Cases/Components/NavigateToAnyLHS

2020-06-05 20:55:49 - [TEST_STEP][PASSED] - Thread.sleep(1000): null

2020-06-05 20:55:50 - [TEST_STEP][PASSED] - modifiedLHS = modifyObjectProperty(findTestObject("Objects.NavigateToAnyLHS/Page_ISPS2/LHSToModify"), "text", "equals", LHS, true): Modify property of object successfully

2020-06-05 20:55:50 - [MESSAGE][PASSED] - Modify property of object successfully

2020-06-05 20:55:50 - [TEST_STEP][PASSED] - click(modifiedLHS): Object: 'Object Repository/Objects.NavigateToAnyLHS/Page_ISPS2/LHSToModify' is clicked on

2020-06-05 20:55:50 - [MESSAGE][PASSED] - Object: 'Object Repository/Objects.NavigateToAnyLHS/Page_ISPS2/LHSToModify' is clicked on

2020-06-05 20:55:50 - [TEST_STEP][PASSED] - currentLHS = getText(modifiedLHS): Text of object 'Object Repository/Objects.NavigateToAnyLHS/Page_ISPS2/LHSToModify' is: 'Site Inspection'

2020-06-05 20:55:50 - [MESSAGE][PASSED] - Text of object 'Object Repository/Objects.NavigateToAnyLHS/Page_ISPS2/LHSToModify' is: 'Site Inspection'

2020-06-05 20:55:50 - [TEST_STEP][PASSED] - Thread.sleep(5000): null

2020-06-05 20:55:55 - [MESSAGE][PASSED] - Call Test Case 'Test Cases/Components/NavigateToAnyLHS' successfully

2020-06-05 20:55:55 - [TEST_STEP][PASSED] - callTestCase(findTestCase("Components/VerifyPageSuccessfullyLoadedII"), ["PageNm":"Site Inspection"], STOP_ON_FAILURE): Call Test Case 'Test Cases/Components/VerifyPageSuccessfullyLoadedII' successfully

2020-06-05 20:55:55 - [TEST_CASE][PASSED] - Test Cases/Components/VerifyPageSuccessfullyLoadedII: Test Cases/Components/VerifyPageSuccessfullyLoadedII

2020-06-05 20:55:55 - [TEST_STEP][PASSED] - waitForPageLoad(5): Wait for page load successfully

2020-06-05 20:55:55 - [MESSAGE][PASSED] - Wait for page load successfully

2020-06-05 20:55:55 - [TEST_STEP][PASSED] - modifiedInputFld = modifyObjectProperty(findTestObject("Object Repository/Objects.VerifyPageSuccessfullyLoaded/PageHeaderIndex"), "xpath", "equals", "//*[contains(@class,'isps-page-title') and (text()='" + PageNm + "')]", true): Modify property of object successfully

2020-06-05 20:55:55 - [MESSAGE][PASSED] - Modify property of object successfully

2020-06-05 20:55:55 - [TEST_STEP][PASSED] - com.reusableComponents.HighlightElement.run(modifiedInputFld): com.reusableComponents.HighlightElement.run is PASSED

2020-06-05 20:55:55 - [MESSAGE][PASSED] - com.reusableComponents.HighlightElement.run is PASSED

2020-06-05 20:55:55 - [MESSAGE][PASSED] - Call Test Case 'Test Cases/Components/VerifyPageSuccessfullyLoadedII' successfully

2020-06-05 20:55:55 - [TEST_STEP][PASSED] - callTestCase(findTestCase("Components/ClickAddButton"), [:], STOP_ON_FAILURE): Call Test Case 'Test Cases/Components/ClickAddButton' successfully

2020-06-05 20:55:55 - [TEST_CASE][PASSED] - Test Cases/Components/ClickAddButton: Test Cases/Components/ClickAddButton

2020-06-05 20:55:55 - [TEST_STEP][PASSED] - com.reusableComponents.HighlightElement.run(findTestObject("Objects.AddAddress/Page_ISPS2/XP_AddButton")): com.reusableComponents.HighlightElement.run is PASSED

2020-06-05 20:55:56 - [MESSAGE][PASSED] - com.reusableComponents.HighlightElement.run is PASSED

2020-06-05 20:55:56 - [TEST_STEP][PASSED] - click(findTestObject("Objects.AddAddress/Page_ISPS2/XP_AddButton")): Object: 'Object Repository/Objects.AddAddress/Page_ISPS2/XP_AddButton' is clicked on

2020-06-05 20:55:56 - [MESSAGE][PASSED] - Object: 'Object Repository/Objects.AddAddress/Page_ISPS2/XP_AddButton' is clicked on

2020-06-05 20:55:56 - [TEST_STEP][PASSED] - Thread.sleep(6000): null

2020-06-05 20:56:02 - [MESSAGE][PASSED] - Call Test Case 'Test Cases/Components/ClickAddButton' successfully

2020-06-05 20:56:02 - [TEST_STEP][PASSED] - callTestCase(findTestCase("Components/HighlightLabelFieldXPI"), ["LblName":"Assign To", "index":1], STOP_ON_FAILURE): Call Test Case 'Test Cases/Components/HighlightLabelFieldXPI' successfully

2020-06-05 20:56:02 - [TEST_CASE][PASSED] - Test Cases/Components/HighlightLabelFieldXPI: Test Cases/Components/HighlightLabelFieldXPI

2020-06-05 20:56:02 - [TEST_STEP][PASSED] - Thread.sleep(1000): null

2020-06-05 20:56:03 - [TEST_STEP][PASSED] - modifiedLblNm = modifyObjectProperty(findTestObject("Object Repository/Objects.HighlightElements/lblField_index"), "xpath", "equals", "(//*[contains(@class, 'x-form-item-label-inner x-form-item-label-inner-default') and contains(., '" + LblName + "')])[" + index + "]", true): Modify property of object successfully

2020-06-05 20:56:03 - [MESSAGE][PASSED] - Modify property of object successfully

2020-06-05 20:56:03 - [TEST_STEP][PASSED] - com.reusableComponents.HighlightElement.run(modifiedLblNm): com.reusableComponents.HighlightElement.run is PASSED

2020-06-05 20:56:04 - [MESSAGE][PASSED] - com.reusableComponents.HighlightElement.run is PASSED

2020-06-05 20:56:04 - [MESSAGE][PASSED] - Call Test Case 'Test Cases/Components/HighlightLabelFieldXPI' successfully

2020-06-05 20:56:04 - [TEST_STEP][PASSED] - callTestCase(findTestCase("Components/HighlightInputFieldXPI"), ["FldNm":"officer", "index":1], STOP_ON_FAILURE): Call Test Case 'Test Cases/Components/HighlightInputFieldXPI' successfully

2020-06-05 20:56:04 - [TEST_CASE][PASSED] - Test Cases/Components/HighlightInputFieldXPI: Test Cases/Components/HighlightInputFieldXPI

2020-06-05 20:56:04 - [TEST_STEP][PASSED] - Thread.sleep(1000): null

2020-06-05 20:56:05 - [TEST_STEP][PASSED] - modifiedInputNm = modifyObjectProperty(findTestObject("Object Repository/Objects.HighlightElements/input_field_index"), "xpath", "equals", "(//*[contains(@name, '" + FldNm + "')])[" + index + "]", true): Modify property of object successfully

2020-06-05 20:56:05 - [MESSAGE][PASSED] - Modify property of object successfully

2020-06-05 20:56:05 - [TEST_STEP][PASSED] - com.reusableComponents.HighlightElement.run(modifiedInputNm): com.reusableComponents.HighlightElement.run is PASSED

2020-06-05 20:56:05 - [MESSAGE][PASSED] - com.reusableComponents.HighlightElement.run is PASSED

2020-06-05 20:56:05 - [MESSAGE][PASSED] - Call Test Case 'Test Cases/Components/HighlightInputFieldXPI' successfully

2020-06-05 20:56:05 - [TEST_STEP][PASSED] - callTestCase(findTestCase("PFI Precision and Scale/PFI Components with Indexing/VerifyDropdownValuesXPI"), ["FldNm":"officer", "index":1, "CallTCName":"PFI Precision and Scale/HashMap Tables/OfficerLists", "cmbNm":"", "NoOfVal":24, ... ], STOP_ON_FAILURE): Call Test Case 'Test Cases/PFI Precision and Scale/PFI Components with Indexing/VerifyDropdownValuesXPI' successfully

2020-06-05 20:56:06 - [TEST_CASE][PASSED] - Test Cases/PFI Precision and Scale/PFI Components with Indexing/VerifyDropdownValuesXPI: Test Cases/PFI Precision and Scale/PFI Components with Indexing/VerifyDropdownValuesXPI

2020-06-05 20:56:06 - [TEST_STEP][PASSED] - Thread.sleep(1000): null

2020-06-05 20:56:07 - [TEST_STEP][PASSED] - NewInputNmField = modifyObjectProperty(findTestObject("Object Repository/Objects.HighlightElements/input_field_index"), "xpath", "equals", "(//*[contains(@name, '" + FldNm + "')])[" + index + "]", true): Modify property of object successfully

2020-06-05 20:56:07 - [MESSAGE][PASSED] - Modify property of object successfully

2020-06-05 20:56:07 - [TEST_STEP][PASSED] - comboNm = cmbNm: null

2020-06-05 20:56:07 - [TEST_STEP][PASSED] - focus(NewInputNmField): Object: 'Object Repository/Objects.HighlightElements/input_field_index' is focused

2020-06-05 20:56:07 - [MESSAGE][PASSED] - Object: 'Object Repository/Objects.HighlightElements/input_field_index' is focused

2020-06-05 20:56:07 - [TEST_STEP][PASSED] - setText(NewInputNmField, EnterValue): Text '' is set on object 'Object Repository/Objects.HighlightElements/input_field_index'

2020-06-05 20:56:07 - [MESSAGE][PASSED] - Text '' is set on object 'Object Repository/Objects.HighlightElements/input_field_index'

2020-06-05 20:56:07 - [TEST_STEP][PASSED] - for ([i = 1, i <= NoOfVal, (i++)]): Keys 'DOWN + ' sent to object: 'Object Repository/Objects.HighlightElements/input_field_index'

2020-06-05 20:56:07 - [TEST_STEP][PASSED] - sendKeys(NewInputNmField, Keys.chord(ARROW_DOWN)): Keys 'DOWN + ' sent to object: 'Object Repository/Objects.HighlightElements/input_field_index'

2020-06-05 20:56:07 - [MESSAGE][PASSED] - Keys 'DOWN + ' sent to object: 'Object Repository/Objects.HighlightElements/input_field_index'

2020-06-05 20:56:07 - [TEST_STEP][PASSED] - delay(DelayTime): Delayed 2 second(s)

2020-06-05 20:56:09 - [MESSAGE][PASSED] - Delayed 2 second(s)

2020-06-05 20:56:09 - [TEST_STEP][PASSED] - sendKeys(NewInputNmField, Keys.chord(ENTER)): Keys 'ENTER + ' sent to object: 'Object Repository/Objects.HighlightElements/input_field_index'

2020-06-05 20:56:09 - [MESSAGE][PASSED] - Keys 'ENTER + ' sent to object: 'Object Repository/Objects.HighlightElements/input_field_index'

2020-06-05 20:56:09 - [TEST_STEP][PASSED] - ComboBoxValue = getAttribute(NewInputNmField, "value"): Attribute 'value' of object 'Object Repository/Objects.HighlightElements/input_field_index' is: 'Aaron Sham Wai Lun (AARON)'

2020-06-05 20:56:09 - [MESSAGE][PASSED] - Attribute 'value' of object 'Object Repository/Objects.HighlightElements/input_field_index' is: 'Aaron Sham Wai Lun (AARON)'

2020-06-05 20:56:09 - [TEST_STEP][PASSED] - callTestCase(findTestCase(CallTCName), ["FindValue":ComboBoxValue, "DropdownNm":comboNm], STOP_ON_FAILURE): Call Test Case 'Test Cases/PFI Precision and Scale/HashMap Tables/OfficerLists' successfully

2020-06-05 20:56:09 - [TEST_CASE][PASSED] - Test Cases/PFI Precision and Scale/HashMap Tables/OfficerLists: Test Cases/PFI Precision and Scale/HashMap Tables/OfficerLists

2020-06-05 20:56:09 - [TEST_STEP][PASSED] - Thread.sleep(1000): null

2020-06-05 20:56:10 - [TEST_STEP][PASSED] - OfficerLists = [1:"Aaron Sham Wai Lun (AARON)", 2:"Azidah Bte Akmad (Mdm) (USAABD)", 3:"Chung Fong Nyen (USACFN)", 4:"David Tey Dah Wei (DAHWEI)", ... ]: null

2020-06-05 20:56:10 - [TEST_STEP][PASSED] - ValueFound = OfficerLists.find({ -> ... }): null

2020-06-05 20:56:10 - [MESSAGE][PASSED] - Call Test Case 'Test Cases/PFI Precision and Scale/HashMap Tables/OfficerLists' successfully

2020-06-05 20:56:10 - [TEST_STEP][PASSED] - println(ValueFound): null

2020-06-05 20:56:10 - [TEST_STEP][PASSED] - sendKeys(NewInputNmField, Keys.chord(ARROW_DOWN)): Keys 'DOWN + ' sent to object: 'Object Repository/Objects.HighlightElements/input_field_index'

2020-06-05 20:56:10 - [MESSAGE][PASSED] - Keys 'DOWN + ' sent to object: 'Object Repository/Objects.HighlightElements/input_field_index'

2020-06-05 20:56:10 - [TEST_STEP][PASSED] - sendKeys(NewInputNmField, Keys.chord(ARROW_DOWN)): Keys 'DOWN + ' sent to object: 'Object Repository/Objects.HighlightElements/input_field_index'

2020-06-05 20:56:10 - [MESSAGE][PASSED] - Keys 'DOWN + ' sent to object: 'Object Repository/Objects.HighlightElements/input_field_index'

2020-06-05 20:56:10 - [TEST_STEP][PASSED] - delay(DelayTime): Delayed 2 second(s)

2020-06-05 20:56:12 - [MESSAGE][PASSED] - Delayed 2 second(s)

2020-06-05 20:56:12 - [TEST_STEP][PASSED] - sendKeys(NewInputNmField, Keys.chord(ENTER)): Keys 'ENTER + ' sent to object: 'Object Repository/Objects.HighlightElements/input_field_index'

2020-06-05 20:56:12 - [MESSAGE][PASSED] - Keys 'ENTER + ' sent to object: 'Object Repository/Objects.HighlightElements/input_field_index'

2020-06-05 20:56:12 - [TEST_STEP][PASSED] - ComboBoxValue = getAttribute(NewInputNmField, "value"): Attribute 'value' of object 'Object Repository/Objects.HighlightElements/input_field_index' is: 'Azidah Bte Akmad (Mdm) (USAABD)'

2020-06-05 20:56:12 - [MESSAGE][PASSED] - Attribute 'value' of object 'Object Repository/Objects.HighlightElements/input_field_index' is: 'Azidah Bte Akmad (Mdm) (USAABD)'

2020-06-05 20:56:12 - [TEST_STEP][PASSED] - callTestCase(findTestCase(CallTCName), ["FindValue":ComboBoxValue, "DropdownNm":comboNm], STOP_ON_FAILURE): Call Test Case 'Test Cases/PFI Precision and Scale/HashMap Tables/OfficerLists' successfully

2020-06-05 20:56:12 - [TEST_CASE][PASSED] - Test Cases/PFI Precision and Scale/HashMap Tables/OfficerLists: Test Cases/PFI Precision and Scale/HashMap Tables/OfficerLists

2020-06-05 20:56:12 - [TEST_STEP][PASSED] - Thread.sleep(1000): null

2020-06-05 20:56:13 - [TEST_STEP][PASSED] - OfficerLists = [1:"Aaron Sham Wai Lun (AARON)", 2:"Azidah Bte Akmad (Mdm) (USAABD)", 3:"Chung Fong Nyen (USACFN)", 4:"David Tey Dah Wei (DAHWEI)", ... ]: null

2020-06-05 20:56:13 - [TEST_STEP][PASSED] - ValueFound = OfficerLists.find({ -> ... }): null

2020-06-05 20:56:13 - [MESSAGE][PASSED] - Call Test Case 'Test Cases/PFI Precision and Scale/HashMap Tables/OfficerLists' successfully

2020-06-05 20:56:13 - [TEST_STEP][PASSED] - println(ValueFound): null

2020-06-05 20:56:13 - [TEST_STEP][PASSED] - sendKeys(NewInputNmField, Keys.chord(ARROW_DOWN)): Keys 'DOWN + ' sent to object: 'Object Repository/Objects.HighlightElements/input_field_index'

2020-06-05 20:56:13 - [MESSAGE][PASSED] - Keys 'DOWN + ' sent to object: 'Object Repository/Objects.HighlightElements/input_field_index'

2020-06-05 20:56:13 - [TEST_STEP][PASSED] - sendKeys(NewInputNmField, Keys.chord(ARROW_DOWN)): Keys 'DOWN + ' sent to object: 'Object Repository/Objects.HighlightElements/input_field_index'

2020-06-05 20:56:13 - [MESSAGE][PASSED] - Keys 'DOWN + ' sent to object: 'Object Repository/Objects.HighlightElements/input_field_index'

2020-06-05 20:56:13 - [TEST_STEP][PASSED] - delay(DelayTime): Delayed 2 second(s)

2020-06-05 20:56:15 - [MESSAGE][PASSED] - Delayed 2 second(s)

2020-06-05 20:56:15 - [TEST_STEP][PASSED] - sendKeys(NewInputNmField, Keys.chord(ENTER)): Keys 'ENTER + ' sent to object: 'Object Repository/Objects.HighlightElements/input_field_index'

2020-06-05 20:56:15 - [MESSAGE][PASSED] - Keys 'ENTER + ' sent to object: 'Object Repository/Objects.HighlightElements/input_field_index'

2020-06-05 20:56:15 - [TEST_STEP][PASSED] - ComboBoxValue = getAttribute(NewInputNmField, "value"): Attribute 'value' of object 'Object Repository/Objects.HighlightElements/input_field_index' is: 'Chua Bee Tee (BEETEE)'

2020-06-05 20:56:15 - [MESSAGE][PASSED] - Attribute 'value' of object 'Object Repository/Objects.HighlightElements/input_field_index' is: 'Chua Bee Tee (BEETEE)'

2020-06-05 20:56:15 - [TEST_STEP][PASSED] - callTestCase(findTestCase(CallTCName), ["FindValue":ComboBoxValue, "DropdownNm":comboNm], STOP_ON_FAILURE): Call Test Case 'Test Cases/PFI Precision and Scale/HashMap Tables/OfficerLists' successfully

2020-06-05 20:56:16 - [TEST_CASE][PASSED] - Test Cases/PFI Precision and Scale/HashMap Tables/OfficerLists: Test Cases/PFI Precision and Scale/HashMap Tables/OfficerLists

2020-06-05 20:56:16 - [TEST_STEP][PASSED] - Thread.sleep(1000): null

2020-06-05 20:56:17 - [TEST_STEP][PASSED] - OfficerLists = [1:"Aaron Sham Wai Lun (AARON)", 2:"Azidah Bte Akmad (Mdm) (USAABD)", 3:"Chung Fong Nyen (USACFN)", 4:"David Tey Dah Wei (DAHWEI)", ... ]: null

2020-06-05 20:56:17 - [TEST_STEP][PASSED] - ValueFound = OfficerLists.find({ -> ... }): null

2020-06-05 20:56:17 - [MESSAGE][PASSED] - Call Test Case 'Test Cases/PFI Precision and Scale/HashMap Tables/OfficerLists' successfully

2020-06-05 20:56:17 - [TEST_STEP][PASSED] - println(ValueFound): null

2020-06-05 20:56:17 - [TEST_STEP][PASSED] - sendKeys(NewInputNmField, Keys.chord(ARROW_DOWN)): Keys 'DOWN + ' sent to object: 'Object Repository/Objects.HighlightElements/input_field_index'

2020-06-05 20:56:17 - [MESSAGE][PASSED] - Keys 'DOWN + ' sent to object: 'Object Repository/Objects.HighlightElements/input_field_index'

2020-06-05 20:56:17 - [TEST_STEP][PASSED] - sendKeys(NewInputNmField, Keys.chord(ARROW_DOWN)): Keys 'DOWN + ' sent to object: 'Object Repository/Objects.HighlightElements/input_field_index'

2020-06-05 20:56:17 - [MESSAGE][PASSED] - Keys 'DOWN + ' sent to object: 'Object Repository/Objects.HighlightElements/input_field_index'

2020-06-05 20:56:17 - [TEST_STEP][PASSED] - delay(DelayTime): Delayed 2 second(s)

2020-06-05 20:56:19 - [MESSAGE][PASSED] - Delayed 2 second(s)

2020-06-05 20:56:19 - [TEST_STEP][PASSED] - sendKeys(NewInputNmField, Keys.chord(ENTER)): Keys 'ENTER + ' sent to object: 'Object Repository/Objects.HighlightElements/input_field_index'

2020-06-05 20:56:19 - [MESSAGE][PASSED] - Keys 'ENTER + ' sent to object: 'Object Repository/Objects.HighlightElements/input_field_index'

2020-06-05 20:56:19 - [TEST_STEP][PASSED] - ComboBoxValue = getAttribute(NewInputNmField, "value"): Attribute 'value' of object 'Object Repository/Objects.HighlightElements/input_field_index' is: 'Chung Fong Nyen (USACFN)'

2020-06-05 20:56:19 - [MESSAGE][PASSED] - Attribute 'value' of object 'Object Repository/Objects.HighlightElements/input_field_index' is: 'Chung Fong Nyen (USACFN)'

2020-06-05 20:56:19 - [TEST_STEP][PASSED] - callTestCase(findTestCase(CallTCName), ["FindValue":ComboBoxValue, "DropdownNm":comboNm], STOP_ON_FAILURE): Call Test Case 'Test Cases/PFI Precision and Scale/HashMap Tables/OfficerLists' successfully

2020-06-05 20:56:19 - [TEST_CASE][PASSED] - Test Cases/PFI Precision and Scale/HashMap Tables/OfficerLists: Test Cases/PFI Precision and Scale/HashMap Tables/OfficerLists

2020-06-05 20:56:19 - [TEST_STEP][PASSED] - Thread.sleep(1000): null

2020-06-05 20:56:20 - [TEST_STEP][PASSED] - OfficerLists = [1:"Aaron Sham Wai Lun (AARON)", 2:"Azidah Bte Akmad (Mdm) (USAABD)", 3:"Chung Fong Nyen (USACFN)", 4:"David Tey Dah Wei (DAHWEI)", ... ]: null

2020-06-05 20:56:20 - [TEST_STEP][PASSED] - ValueFound = OfficerLists.find({ -> ... }): null

2020-06-05 20:56:20 - [MESSAGE][PASSED] - Call Test Case 'Test Cases/PFI Precision and Scale/HashMap Tables/OfficerLists' successfully

2020-06-05 20:56:20 - [TEST_STEP][PASSED] - println(ValueFound): null

2020-06-05 20:56:20 - [TEST_STEP][PASSED] - sendKeys(NewInputNmField, Keys.chord(ARROW_DOWN)): Keys 'DOWN + ' sent to object: 'Object Repository/Objects.HighlightElements/input_field_index'

2020-06-05 20:56:20 - [MESSAGE][PASSED] - Keys 'DOWN + ' sent to object: 'Object Repository/Objects.HighlightElements/input_field_index'

2020-06-05 20:56:20 - [TEST_STEP][PASSED] - sendKeys(NewInputNmField, Keys.chord(ARROW_DOWN)): Keys 'DOWN + ' sent to object: 'Object Repository/Objects.HighlightElements/input_field_index'

2020-06-05 20:56:20 - [MESSAGE][PASSED] - Keys 'DOWN + ' sent to object: 'Object Repository/Objects.HighlightElements/input_field_index'

2020-06-05 20:56:20 - [TEST_STEP][PASSED] - delay(DelayTime): Delayed 2 second(s)

2020-06-05 20:56:22 - [MESSAGE][PASSED] - Delayed 2 second(s)

2020-06-05 20:56:22 - [TEST_STEP][PASSED] - sendKeys(NewInputNmField, Keys.chord(ENTER)): Keys 'ENTER + ' sent to object: 'Object Repository/Objects.HighlightElements/input_field_index'

2020-06-05 20:56:22 - [MESSAGE][PASSED] - Keys 'ENTER + ' sent to object: 'Object Repository/Objects.HighlightElements/input_field_index'

2020-06-05 20:56:22 - [TEST_STEP][PASSED] - ComboBoxValue = getAttribute(NewInputNmField, "value"): Attribute 'value' of object 'Object Repository/Objects.HighlightElements/input_field_index' is: 'David Tey Dah Wei (DAHWEI)'

2020-06-05 20:56:22 - [MESSAGE][PASSED] - Attribute 'value' of object 'Object Repository/Objects.HighlightElements/input_field_index' is: 'David Tey Dah Wei (DAHWEI)'

2020-06-05 20:56:22 - [TEST_STEP][PASSED] - callTestCase(findTestCase(CallTCName), ["FindValue":ComboBoxValue, "DropdownNm":comboNm], STOP_ON_FAILURE): Call Test Case 'Test Cases/PFI Precision and Scale/HashMap Tables/OfficerLists' successfully

2020-06-05 20:56:22 - [TEST_CASE][PASSED] - Test Cases/PFI Precision and Scale/HashMap Tables/OfficerLists: Test Cases/PFI Precision and Scale/HashMap Tables/OfficerLists

2020-06-05 20:56:22 - [TEST_STEP][PASSED] - Thread.sleep(1000): null

2020-06-05 20:56:23 - [TEST_STEP][PASSED] - OfficerLists = [1:"Aaron Sham Wai Lun (AARON)", 2:"Azidah Bte Akmad (Mdm) (USAABD)", 3:"Chung Fong Nyen (USACFN)", 4:"David Tey Dah Wei (DAHWEI)", ... ]: null

2020-06-05 20:56:23 - [TEST_STEP][PASSED] - ValueFound = OfficerLists.find({ -> ... }): null

2020-06-05 20:56:23 - [MESSAGE][PASSED] - Call Test Case 'Test Cases/PFI Precision and Scale/HashMap Tables/OfficerLists' successfully

2020-06-05 20:56:23 - [TEST_STEP][PASSED] - println(ValueFound): null

2020-06-05 20:56:23 - [TEST_STEP][PASSED] - sendKeys(NewInputNmField, Keys.chord(ARROW_DOWN)): Keys 'DOWN + ' sent to object: 'Object Repository/Objects.HighlightElements/input_field_index'

2020-06-05 20:56:23 - [MESSAGE][PASSED] - Keys 'DOWN + ' sent to object: 'Object Repository/Objects.HighlightElements/input_field_index'

2020-06-05 20:56:23 - [TEST_STEP][PASSED] - sendKeys(NewInputNmField, Keys.chord(ARROW_DOWN)): Keys 'DOWN + ' sent to object: 'Object Repository/Objects.HighlightElements/input_field_index'

2020-06-05 20:56:23 - [MESSAGE][PASSED] - Keys 'DOWN + ' sent to object: 'Object Repository/Objects.HighlightElements/input_field_index'

2020-06-05 20:56:23 - [TEST_STEP][PASSED] - delay(DelayTime): Delayed 2 second(s)

2020-06-05 20:56:25 - [MESSAGE][PASSED] - Delayed 2 second(s)

2020-06-05 20:56:25 - [TEST_STEP][PASSED] - sendKeys(NewInputNmField, Keys.chord(ENTER)): Keys 'ENTER + ' sent to object: 'Object Repository/Objects.HighlightElements/input_field_index'

2020-06-05 20:56:25 - [MESSAGE][PASSED] - Keys 'ENTER + ' sent to object: 'Object Repository/Objects.HighlightElements/input_field_index'

2020-06-05 20:56:25 - [TEST_STEP][PASSED] - ComboBoxValue = getAttribute(NewInputNmField, "value"): Attribute 'value' of object 'Object Repository/Objects.HighlightElements/input_field_index' is: 'Han Wann Kuang (WANNKUANG)'

2020-06-05 20:56:25 - [MESSAGE][PASSED] - Attribute 'value' of object 'Object Repository/Objects.HighlightElements/input_field_index' is: 'Han Wann Kuang (WANNKUANG)'

2020-06-05 20:56:25 - [TEST_STEP][PASSED] - callTestCase(findTestCase(CallTCName), ["FindValue":ComboBoxValue, "DropdownNm":comboNm], STOP_ON_FAILURE): Call Test Case 'Test Cases/PFI Precision and Scale/HashMap Tables/OfficerLists' successfully

2020-06-05 20:56:25 - [TEST_CASE][PASSED] - Test Cases/PFI Precision and Scale/HashMap Tables/OfficerLists: Test Cases/PFI Precision and Scale/HashMap Tables/OfficerLists

2020-06-05 20:56:25 - [TEST_STEP][PASSED] - Thread.sleep(1000): null

2020-06-05 20:56:26 - [TEST_STEP][PASSED] - OfficerLists = [1:"Aaron Sham Wai Lun (AARON)", 2:"Azidah Bte Akmad (Mdm) (USAABD)", 3:"Chung Fong Nyen (USACFN)", 4:"David Tey Dah Wei (DAHWEI)", ... ]: null

2020-06-05 20:56:26 - [TEST_STEP][PASSED] - ValueFound = OfficerLists.find({ -> ... }): null

2020-06-05 20:56:26 - [MESSAGE][PASSED] - Call Test Case 'Test Cases/PFI Precision and Scale/HashMap Tables/OfficerLists' successfully

2020-06-05 20:56:26 - [TEST_STEP][PASSED] - println(ValueFound): null

2020-06-05 20:56:26 - [TEST_STEP][PASSED] - sendKeys(NewInputNmField, Keys.chord(ARROW_DOWN)): Keys 'DOWN + ' sent to object: 'Object Repository/Objects.HighlightElements/input_field_index'

2020-06-05 20:56:26 - [MESSAGE][PASSED] - Keys 'DOWN + ' sent to object: 'Object Repository/Objects.HighlightElements/input_field_index'

2020-06-05 20:56:26 - [TEST_STEP][PASSED] - sendKeys(NewInputNmField, Keys.chord(ARROW_DOWN)): Keys 'DOWN + ' sent to object: 'Object Repository/Objects.HighlightElements/input_field_index'

2020-06-05 20:56:26 - [MESSAGE][PASSED] - Keys 'DOWN + ' sent to object: 'Object Repository/Objects.HighlightElements/input_field_index'

2020-06-05 20:56:26 - [TEST_STEP][PASSED] - delay(DelayTime): Delayed 2 second(s)

2020-06-05 20:56:28 - [MESSAGE][PASSED] - Delayed 2 second(s)

2020-06-05 20:56:28 - [TEST_STEP][PASSED] - sendKeys(NewInputNmField, Keys.chord(ENTER)): Keys 'ENTER + ' sent to object: 'Object Repository/Objects.HighlightElements/input_field_index'

2020-06-05 20:56:28 - [MESSAGE][PASSED] - Keys 'ENTER + ' sent to object: 'Object Repository/Objects.HighlightElements/input_field_index'

2020-06-05 20:56:28 - [TEST_STEP][PASSED] - ComboBoxValue = getAttribute(NewInputNmField, "value"): Attribute 'value' of object 'Object Repository/Objects.HighlightElements/input_field_index' is: 'Ho Tze Siang (TZESIANG)'

2020-06-05 20:56:28 - [MESSAGE][PASSED] - Attribute 'value' of object 'Object Repository/Objects.HighlightElements/input_field_index' is: 'Ho Tze Siang (TZESIANG)'

2020-06-05 20:56:28 - [TEST_STEP][PASSED] - callTestCase(findTestCase(CallTCName), ["FindValue":ComboBoxValue, "DropdownNm":comboNm], STOP_ON_FAILURE): Call Test Case 'Test Cases/PFI Precision and Scale/HashMap Tables/OfficerLists' successfully

2020-06-05 20:56:28 - [TEST_CASE][PASSED] - Test Cases/PFI Precision and Scale/HashMap Tables/OfficerLists: Test Cases/PFI Precision and Scale/HashMap Tables/OfficerLists

2020-06-05 20:56:28 - [TEST_STEP][PASSED] - Thread.sleep(1000): null

2020-06-05 20:56:29 - [TEST_STEP][PASSED] - OfficerLists = [1:"Aaron Sham Wai Lun (AARON)", 2:"Azidah Bte Akmad (Mdm) (USAABD)", 3:"Chung Fong Nyen (USACFN)", 4:"David Tey Dah Wei (DAHWEI)", ... ]: null

2020-06-05 20:56:29 - [TEST_STEP][PASSED] - ValueFound = OfficerLists.find({ -> ... }): null

2020-06-05 20:56:29 - [MESSAGE][PASSED] - Call Test Case 'Test Cases/PFI Precision and Scale/HashMap Tables/OfficerLists' successfully

2020-06-05 20:56:29 - [TEST_STEP][PASSED] - println(ValueFound): null

2020-06-05 20:56:29 - [TEST_STEP][PASSED] - sendKeys(NewInputNmField, Keys.chord(ARROW_DOWN)): Keys 'DOWN + ' sent to object: 'Object Repository/Objects.HighlightElements/input_field_index'

2020-06-05 20:56:30 - [MESSAGE][PASSED] - Keys 'DOWN + ' sent to object: 'Object Repository/Objects.HighlightElements/input_field_index'

2020-06-05 20:56:30 - [TEST_STEP][PASSED] - sendKeys(NewInputNmField, Keys.chord(ARROW_DOWN)): Keys 'DOWN + ' sent to object: 'Object Repository/Objects.HighlightElements/input_field_index'

2020-06-05 20:56:30 - [MESSAGE][PASSED] - Keys 'DOWN + ' sent to object: 'Object Repository/Objects.HighlightElements/input_field_index'

2020-06-05 20:56:30 - [TEST_STEP][PASSED] - delay(DelayTime): Delayed 2 second(s)

2020-06-05 20:56:32 - [MESSAGE][PASSED] - Delayed 2 second(s)

2020-06-05 20:56:32 - [TEST_STEP][PASSED] - sendKeys(NewInputNmField, Keys.chord(ENTER)): Keys 'ENTER + ' sent to object: 'Object Repository/Objects.HighlightElements/input_field_index'

2020-06-05 20:56:32 - [MESSAGE][PASSED] - Keys 'ENTER + ' sent to object: 'Object Repository/Objects.HighlightElements/input_field_index'

2020-06-05 20:56:32 - [TEST_STEP][PASSED] - ComboBoxValue = getAttribute(NewInputNmField, "value"): Attribute 'value' of object 'Object Repository/Objects.HighlightElements/input_field_index' is: 'Ho-Chan Vun Ching (USAHVC)'

2020-06-05 20:56:32 - [MESSAGE][PASSED] - Attribute 'value' of object 'Object Repository/Objects.HighlightElements/input_field_index' is: 'Ho-Chan Vun Ching (USAHVC)'

2020-06-05 20:56:32 - [TEST_STEP][PASSED] - callTestCase(findTestCase(CallTCName), ["FindValue":ComboBoxValue, "DropdownNm":comboNm], STOP_ON_FAILURE): Call Test Case 'Test Cases/PFI Precision and Scale/HashMap Tables/OfficerLists' successfully

2020-06-05 20:56:32 - [TEST_CASE][PASSED] - Test Cases/PFI Precision and Scale/HashMap Tables/OfficerLists: Test Cases/PFI Precision and Scale/HashMap Tables/OfficerLists

2020-06-05 20:56:32 - [TEST_STEP][PASSED] - Thread.sleep(1000): null

2020-06-05 20:56:33 - [TEST_STEP][PASSED] - OfficerLists = [1:"Aaron Sham Wai Lun (AARON)", 2:"Azidah Bte Akmad (Mdm) (USAABD)", 3:"Chung Fong Nyen (USACFN)", 4:"David Tey Dah Wei (DAHWEI)", ... ]: null

2020-06-05 20:56:33 - [TEST_STEP][PASSED] - ValueFound = OfficerLists.find({ -> ... }): null

2020-06-05 20:56:33 - [MESSAGE][PASSED] - Call Test Case 'Test Cases/PFI Precision and Scale/HashMap Tables/OfficerLists' successfully

2020-06-05 20:56:33 - [TEST_STEP][PASSED] - println(ValueFound): null

2020-06-05 20:56:33 - [TEST_STEP][PASSED] - sendKeys(NewInputNmField, Keys.chord(ARROW_DOWN)): Keys 'DOWN + ' sent to object: 'Object Repository/Objects.HighlightElements/input_field_index'

2020-06-05 20:56:33 - [MESSAGE][PASSED] - Keys 'DOWN + ' sent to object: 'Object Repository/Objects.HighlightElements/input_field_index'

2020-06-05 20:56:33 - [TEST_STEP][PASSED] - sendKeys(NewInputNmField, Keys.chord(ARROW_DOWN)): Keys 'DOWN + ' sent to object: 'Object Repository/Objects.HighlightElements/input_field_index'

2020-06-05 20:56:33 - [MESSAGE][PASSED] - Keys 'DOWN + ' sent to object: 'Object Repository/Objects.HighlightElements/input_field_index'

2020-06-05 20:56:33 - [TEST_STEP][PASSED] - delay(DelayTime): Delayed 2 second(s)

2020-06-05 20:56:35 - [MESSAGE][PASSED] - Delayed 2 second(s)

2020-06-05 20:56:35 - [TEST_STEP][PASSED] - sendKeys(NewInputNmField, Keys.chord(ENTER)): Keys 'ENTER + ' sent to object: 'Object Repository/Objects.HighlightElements/input_field_index'

2020-06-05 20:56:35 - [MESSAGE][PASSED] - Keys 'ENTER + ' sent to object: 'Object Repository/Objects.HighlightElements/input_field_index'

2020-06-05 20:56:35 - [TEST_STEP][PASSED] - ComboBoxValue = getAttribute(NewInputNmField, "value"): Attribute 'value' of object 'Object Repository/Objects.HighlightElements/input_field_index' is: 'Janet Lee Choon Hong (JANETCHOON)'

2020-06-05 20:56:35 - [MESSAGE][PASSED] - Attribute 'value' of object 'Object Repository/Objects.HighlightElements/input_field_index' is: 'Janet Lee Choon Hong (JANETCHOON)'

2020-06-05 20:56:35 - [TEST_STEP][PASSED] - callTestCase(findTestCase(CallTCName), ["FindValue":ComboBoxValue, "DropdownNm":comboNm], STOP_ON_FAILURE): Call Test Case 'Test Cases/PFI Precision and Scale/HashMap Tables/OfficerLists' successfully

2020-06-05 20:56:35 - [TEST_CASE][PASSED] - Test Cases/PFI Precision and Scale/HashMap Tables/OfficerLists: Test Cases/PFI Precision and Scale/HashMap Tables/OfficerLists

2020-06-05 20:56:35 - [TEST_STEP][PASSED] - Thread.sleep(1000): null

2020-06-05 20:56:36 - [TEST_STEP][PASSED] - OfficerLists = [1:"Aaron Sham Wai Lun (AARON)", 2:"Azidah Bte Akmad (Mdm) (USAABD)", 3:"Chung Fong Nyen (USACFN)", 4:"David Tey Dah Wei (DAHWEI)", ... ]: null

2020-06-05 20:56:36 - [TEST_STEP][PASSED] - ValueFound = OfficerLists.find({ -> ... }): null

2020-06-05 20:56:36 - [MESSAGE][PASSED] - Call Test Case 'Test Cases/PFI Precision and Scale/HashMap Tables/OfficerLists' successfully

2020-06-05 20:56:36 - [TEST_STEP][PASSED] - println(ValueFound): null

2020-06-05 20:56:36 - [TEST_STEP][PASSED] - sendKeys(NewInputNmField, Keys.chord(ARROW_DOWN)): Keys 'DOWN + ' sent to object: 'Object Repository/Objects.HighlightElements/input_field_index'

2020-06-05 20:56:36 - [MESSAGE][PASSED] - Keys 'DOWN + ' sent to object: 'Object Repository/Objects.HighlightElements/input_field_index'

2020-06-05 20:56:36 - [TEST_STEP][PASSED] - sendKeys(NewInputNmField, Keys.chord(ARROW_DOWN)): Keys 'DOWN + ' sent to object: 'Object Repository/Objects.HighlightElements/input_field_index'

2020-06-05 20:56:36 - [MESSAGE][PASSED] - Keys 'DOWN + ' sent to object: 'Object Repository/Objects.HighlightElements/input_field_index'

2020-06-05 20:56:36 - [TEST_STEP][PASSED] - delay(DelayTime): Delayed 2 second(s)

2020-06-05 20:56:38 - [MESSAGE][PASSED] - Delayed 2 second(s)

2020-06-05 20:56:38 - [TEST_STEP][PASSED] - sendKeys(NewInputNmField, Keys.chord(ENTER)): Keys 'ENTER + ' sent to object: 'Object Repository/Objects.HighlightElements/input_field_index'

2020-06-05 20:56:38 - [MESSAGE][PASSED] - Keys 'ENTER + ' sent to object: 'Object Repository/Objects.HighlightElements/input_field_index'

2020-06-05 20:56:38 - [TEST_STEP][PASSED] - ComboBoxValue = getAttribute(NewInputNmField, "value"): Attribute 'value' of object 'Object Repository/Objects.HighlightElements/input_field_index' is: 'Joseph Lim Pheng Weng (PHENGWENG)'

2020-06-05 20:56:38 - [MESSAGE][PASSED] - Attribute 'value' of object 'Object Repository/Objects.HighlightElements/input_field_index' is: 'Joseph Lim Pheng Weng (PHENGWENG)'

2020-06-05 20:56:38 - [TEST_STEP][PASSED] - callTestCase(findTestCase(CallTCName), ["FindValue":ComboBoxValue, "DropdownNm":comboNm], STOP_ON_FAILURE): Call Test Case 'Test Cases/PFI Precision and Scale/HashMap Tables/OfficerLists' successfully

2020-06-05 20:56:38 - [TEST_CASE][PASSED] - Test Cases/PFI Precision and Scale/HashMap Tables/OfficerLists: Test Cases/PFI Precision and Scale/HashMap Tables/OfficerLists

2020-06-05 20:56:38 - [TEST_STEP][PASSED] - Thread.sleep(1000): null

2020-06-05 20:56:39 - [TEST_STEP][PASSED] - OfficerLists = [1:"Aaron Sham Wai Lun (AARON)", 2:"Azidah Bte Akmad (Mdm) (USAABD)", 3:"Chung Fong Nyen (USACFN)", 4:"David Tey Dah Wei (DAHWEI)", ... ]: null

2020-06-05 20:56:39 - [TEST_STEP][PASSED] - ValueFound = OfficerLists.find({ -> ... }): null

2020-06-05 20:56:39 - [MESSAGE][PASSED] - Call Test Case 'Test Cases/PFI Precision and Scale/HashMap Tables/OfficerLists' successfully

2020-06-05 20:56:39 - [TEST_STEP][PASSED] - println(ValueFound): null

2020-06-05 20:56:39 - [TEST_STEP][PASSED] - sendKeys(NewInputNmField, Keys.chord(ARROW_DOWN)): Keys 'DOWN + ' sent to object: 'Object Repository/Objects.HighlightElements/input_field_index'

2020-06-05 20:56:39 - [MESSAGE][PASSED] - Keys 'DOWN + ' sent to object: 'Object Repository/Objects.HighlightElements/input_field_index'

2020-06-05 20:56:39 - [TEST_STEP][PASSED] - sendKeys(NewInputNmField, Keys.chord(ARROW_DOWN)): Keys 'DOWN + ' sent to object: 'Object Repository/Objects.HighlightElements/input_field_index'

2020-06-05 20:56:39 - [MESSAGE][PASSED] - Keys 'DOWN + ' sent to object: 'Object Repository/Objects.HighlightElements/input_field_index'

2020-06-05 20:56:39 - [TEST_STEP][PASSED] - delay(DelayTime): Delayed 2 second(s)

2020-06-05 20:56:41 - [MESSAGE][PASSED] - Delayed 2 second(s)

2020-06-05 20:56:41 - [TEST_STEP][PASSED] - sendKeys(NewInputNmField, Keys.chord(ENTER)): Keys 'ENTER + ' sent to object: 'Object Repository/Objects.HighlightElements/input_field_index'

2020-06-05 20:56:41 - [MESSAGE][PASSED] - Keys 'ENTER + ' sent to object: 'Object Repository/Objects.HighlightElements/input_field_index'

2020-06-05 20:56:41 - [TEST_STEP][PASSED] - ComboBoxValue = getAttribute(NewInputNmField, "value"): Attribute 'value' of object 'Object Repository/Objects.HighlightElements/input_field_index' is: 'Kaliannan Thanabal (KALIANN)'

2020-06-05 20:56:41 - [MESSAGE][PASSED] - Attribute 'value' of object 'Object Repository/Objects.HighlightElements/input_field_index' is: 'Kaliannan Thanabal (KALIANN)'

2020-06-05 20:56:41 - [TEST_STEP][PASSED] - callTestCase(findTestCase(CallTCName), ["FindValue":ComboBoxValue, "DropdownNm":comboNm], STOP_ON_FAILURE): Call Test Case 'Test Cases/PFI Precision and Scale/HashMap Tables/OfficerLists' successfully

2020-06-05 20:56:41 - [TEST_CASE][PASSED] - Test Cases/PFI Precision and Scale/HashMap Tables/OfficerLists: Test Cases/PFI Precision and Scale/HashMap Tables/OfficerLists

2020-06-05 20:56:41 - [TEST_STEP][PASSED] - Thread.sleep(1000): null

2020-06-05 20:56:42 - [TEST_STEP][PASSED] - OfficerLists = [1:"Aaron Sham Wai Lun (AARON)", 2:"Azidah Bte Akmad (Mdm) (USAABD)", 3:"Chung Fong Nyen (USACFN)", 4:"David Tey Dah Wei (DAHWEI)", ... ]: null

2020-06-05 20:56:42 - [TEST_STEP][PASSED] - ValueFound = OfficerLists.find({ -> ... }): null

2020-06-05 20:56:42 - [MESSAGE][PASSED] - Call Test Case 'Test Cases/PFI Precision and Scale/HashMap Tables/OfficerLists' successfully

2020-06-05 20:56:42 - [TEST_STEP][PASSED] - println(ValueFound): null

2020-06-05 20:56:42 - [TEST_STEP][PASSED] - sendKeys(NewInputNmField, Keys.chord(ARROW_DOWN)): Keys 'DOWN + ' sent to object: 'Object Repository/Objects.HighlightElements/input_field_index'

2020-06-05 20:56:43 - [MESSAGE][PASSED] - Keys 'DOWN + ' sent to object: 'Object Repository/Objects.HighlightElements/input_field_index'

2020-06-05 20:56:43 - [TEST_STEP][PASSED] - sendKeys(NewInputNmField, Keys.chord(ARROW_DOWN)): Keys 'DOWN + ' sent to object: 'Object Repository/Objects.HighlightElements/input_field_index'

2020-06-05 20:56:43 - [MESSAGE][PASSED] - Keys 'DOWN + ' sent to object: 'Object Repository/Objects.HighlightElements/input_field_index'

2020-06-05 20:56:43 - [TEST_STEP][PASSED] - delay(DelayTime): Delayed 2 second(s)

2020-06-05 20:56:45 - [MESSAGE][PASSED] - Delayed 2 second(s)

2020-06-05 20:56:45 - [TEST_STEP][PASSED] - sendKeys(NewInputNmField, Keys.chord(ENTER)): Keys 'ENTER + ' sent to object: 'Object Repository/Objects.HighlightElements/input_field_index'

2020-06-05 20:56:45 - [MESSAGE][PASSED] - Keys 'ENTER + ' sent to object: 'Object Repository/Objects.HighlightElements/input_field_index'

2020-06-05 20:56:45 - [TEST_STEP][PASSED] - ComboBoxValue = getAttribute(NewInputNmField, "value"): Attribute 'value' of object 'Object Repository/Objects.HighlightElements/input_field_index' is: 'Kelvin Phua Meng Thong (MENGTHONG)'

2020-06-05 20:56:45 - [MESSAGE][PASSED] - Attribute 'value' of object 'Object Repository/Objects.HighlightElements/input_field_index' is: 'Kelvin Phua Meng Thong (MENGTHONG)'

2020-06-05 20:56:45 - [TEST_STEP][PASSED] - callTestCase(findTestCase(CallTCName), ["FindValue":ComboBoxValue, "DropdownNm":comboNm], STOP_ON_FAILURE): Call Test Case 'Test Cases/PFI Precision and Scale/HashMap Tables/OfficerLists' successfully

2020-06-05 20:56:45 - [TEST_CASE][PASSED] - Test Cases/PFI Precision and Scale/HashMap Tables/OfficerLists: Test Cases/PFI Precision and Scale/HashMap Tables/OfficerLists

2020-06-05 20:56:45 - [TEST_STEP][PASSED] - Thread.sleep(1000): null

2020-06-05 20:56:46 - [TEST_STEP][PASSED] - OfficerLists = [1:"Aaron Sham Wai Lun (AARON)", 2:"Azidah Bte Akmad (Mdm) (USAABD)", 3:"Chung Fong Nyen (USACFN)", 4:"David Tey Dah Wei (DAHWEI)", ... ]: null

2020-06-05 20:56:46 - [TEST_STEP][PASSED] - ValueFound = OfficerLists.find({ -> ... }): null

2020-06-05 20:56:46 - [MESSAGE][PASSED] - Call Test Case 'Test Cases/PFI Precision and Scale/HashMap Tables/OfficerLists' successfully

2020-06-05 20:56:46 - [TEST_STEP][PASSED] - println(ValueFound): null

2020-06-05 20:56:46 - [TEST_STEP][PASSED] - sendKeys(NewInputNmField, Keys.chord(ARROW_DOWN)): Keys 'DOWN + ' sent to object: 'Object Repository/Objects.HighlightElements/input_field_index'

2020-06-05 20:56:46 - [MESSAGE][PASSED] - Keys 'DOWN + ' sent to object: 'Object Repository/Objects.HighlightElements/input_field_index'

2020-06-05 20:56:46 - [TEST_STEP][PASSED] - sendKeys(NewInputNmField, Keys.chord(ARROW_DOWN)): Keys 'DOWN + ' sent to object: 'Object Repository/Objects.HighlightElements/input_field_index'

2020-06-05 20:56:46 - [MESSAGE][PASSED] - Keys 'DOWN + ' sent to object: 'Object Repository/Objects.HighlightElements/input_field_index'

2020-06-05 20:56:46 - [TEST_STEP][PASSED] - delay(DelayTime): Delayed 2 second(s)

2020-06-05 20:56:48 - [MESSAGE][PASSED] - Delayed 2 second(s)

2020-06-05 20:56:48 - [TEST_STEP][PASSED] - sendKeys(NewInputNmField, Keys.chord(ENTER)): Keys 'ENTER + ' sent to object: 'Object Repository/Objects.HighlightElements/input_field_index'

2020-06-05 20:56:48 - [MESSAGE][PASSED] - Keys 'ENTER + ' sent to object: 'Object Repository/Objects.HighlightElements/input_field_index'

2020-06-05 20:56:48 - [TEST_STEP][PASSED] - ComboBoxValue = getAttribute(NewInputNmField, "value"): Attribute 'value' of object 'Object Repository/Objects.HighlightElements/input_field_index' is: 'Lee Kok Tien (USAKTL)'

2020-06-05 20:56:48 - [MESSAGE][PASSED] - Attribute 'value' of object 'Object Repository/Objects.HighlightElements/input_field_index' is: 'Lee Kok Tien (USAKTL)'

2020-06-05 20:56:48 - [TEST_STEP][PASSED] - callTestCase(findTestCase(CallTCName), ["FindValue":ComboBoxValue, "DropdownNm":comboNm], STOP_ON_FAILURE): Call Test Case 'Test Cases/PFI Precision and Scale/HashMap Tables/OfficerLists' successfully

2020-06-05 20:56:48 - [TEST_CASE][PASSED] - Test Cases/PFI Precision and Scale/HashMap Tables/OfficerLists: Test Cases/PFI Precision and Scale/HashMap Tables/OfficerLists

2020-06-05 20:56:48 - [TEST_STEP][PASSED] - Thread.sleep(1000): null

2020-06-05 20:56:49 - [TEST_STEP][PASSED] - OfficerLists = [1:"Aaron Sham Wai Lun (AARON)", 2:"Azidah Bte Akmad (Mdm) (USAABD)", 3:"Chung Fong Nyen (USACFN)", 4:"David Tey Dah Wei (DAHWEI)", ... ]: null

2020-06-05 20:56:49 - [TEST_STEP][PASSED] - ValueFound = OfficerLists.find({ -> ... }): null

2020-06-05 20:56:49 - [MESSAGE][PASSED] - Call Test Case 'Test Cases/PFI Precision and Scale/HashMap Tables/OfficerLists' successfully

2020-06-05 20:56:49 - [TEST_STEP][PASSED] - println(ValueFound): null

2020-06-05 20:56:49 - [TEST_STEP][PASSED] - sendKeys(NewInputNmField, Keys.chord(ARROW_DOWN)): Keys 'DOWN + ' sent to object: 'Object Repository/Objects.HighlightElements/input_field_index'

2020-06-05 20:56:49 - [MESSAGE][PASSED] - Keys 'DOWN + ' sent to object: 'Object Repository/Objects.HighlightElements/input_field_index'

2020-06-05 20:56:49 - [TEST_STEP][PASSED] - sendKeys(NewInputNmField, Keys.chord(ARROW_DOWN)): Keys 'DOWN + ' sent to object: 'Object Repository/Objects.HighlightElements/input_field_index'

2020-06-05 20:56:49 - [MESSAGE][PASSED] - Keys 'DOWN + ' sent to object: 'Object Repository/Objects.HighlightElements/input_field_index'

2020-06-05 20:56:49 - [TEST_STEP][PASSED] - delay(DelayTime): Delayed 2 second(s)

2020-06-05 20:56:51 - [MESSAGE][PASSED] - Delayed 2 second(s)

2020-06-05 20:56:51 - [TEST_STEP][PASSED] - sendKeys(NewInputNmField, Keys.chord(ENTER)): Keys 'ENTER + ' sent to object: 'Object Repository/Objects.HighlightElements/input_field_index'

2020-06-05 20:56:51 - [MESSAGE][PASSED] - Keys 'ENTER + ' sent to object: 'Object Repository/Objects.HighlightElements/input_field_index'

2020-06-05 20:56:51 - [TEST_STEP][PASSED] - ComboBoxValue = getAttribute(NewInputNmField, "value"): Attribute 'value' of object 'Object Repository/Objects.HighlightElements/input_field_index' is: 'Lim Beng Kwee (BENGKWEE)'

2020-06-05 20:56:51 - [MESSAGE][PASSED] - Attribute 'value' of object 'Object Repository/Objects.HighlightElements/input_field_index' is: 'Lim Beng Kwee (BENGKWEE)'

2020-06-05 20:56:51 - [TEST_STEP][PASSED] - callTestCase(findTestCase(CallTCName), ["FindValue":ComboBoxValue, "DropdownNm":comboNm], STOP_ON_FAILURE): Call Test Case 'Test Cases/PFI Precision and Scale/HashMap Tables/OfficerLists' successfully

2020-06-05 20:56:51 - [TEST_CASE][PASSED] - Test Cases/PFI Precision and Scale/HashMap Tables/OfficerLists: Test Cases/PFI Precision and Scale/HashMap Tables/OfficerLists

2020-06-05 20:56:51 - [TEST_STEP][PASSED] - Thread.sleep(1000): null

2020-06-05 20:56:52 - [TEST_STEP][PASSED] - OfficerLists = [1:"Aaron Sham Wai Lun (AARON)", 2:"Azidah Bte Akmad (Mdm) (USAABD)", 3:"Chung Fong Nyen (USACFN)", 4:"David Tey Dah Wei (DAHWEI)", ... ]: null

2020-06-05 20:56:52 - [TEST_STEP][PASSED] - ValueFound = OfficerLists.find({ -> ... }): null

2020-06-05 20:56:52 - [MESSAGE][PASSED] - Call Test Case 'Test Cases/PFI Precision and Scale/HashMap Tables/OfficerLists' successfully

2020-06-05 20:56:52 - [TEST_STEP][PASSED] - println(ValueFound): null

2020-06-05 20:56:52 - [TEST_STEP][PASSED] - sendKeys(NewInputNmField, Keys.chord(ARROW_DOWN)): Keys 'DOWN + ' sent to object: 'Object Repository/Objects.HighlightElements/input_field_index'

2020-06-05 20:56:52 - [MESSAGE][PASSED] - Keys 'DOWN + ' sent to object: 'Object Repository/Objects.HighlightElements/input_field_index'

2020-06-05 20:56:52 - [TEST_STEP][PASSED] - sendKeys(NewInputNmField, Keys.chord(ARROW_DOWN)): Keys 'DOWN + ' sent to object: 'Object Repository/Objects.HighlightElements/input_field_index'

2020-06-05 20:56:52 - [MESSAGE][PASSED] - Keys 'DOWN + ' sent to object: 'Object Repository/Objects.HighlightElements/input_field_index'

2020-06-05 20:56:52 - [TEST_STEP][PASSED] - delay(DelayTime): Delayed 2 second(s)

2020-06-05 20:56:54 - [MESSAGE][PASSED] - Delayed 2 second(s)

2020-06-05 20:56:54 - [TEST_STEP][PASSED] - sendKeys(NewInputNmField, Keys.chord(ENTER)): Keys 'ENTER + ' sent to object: 'Object Repository/Objects.HighlightElements/input_field_index'

2020-06-05 20:56:55 - [MESSAGE][PASSED] - Keys 'ENTER + ' sent to object: 'Object Repository/Objects.HighlightElements/input_field_index'

2020-06-05 20:56:55 - [TEST_STEP][PASSED] - ComboBoxValue = getAttribute(NewInputNmField, "value"): Attribute 'value' of object 'Object Repository/Objects.HighlightElements/input_field_index' is: 'Lim Leng Boon (LENGBOON)'

2020-06-05 20:56:55 - [MESSAGE][PASSED] - Attribute 'value' of object 'Object Repository/Objects.HighlightElements/input_field_index' is: 'Lim Leng Boon (LENGBOON)'

2020-06-05 20:56:55 - [TEST_STEP][PASSED] - callTestCase(findTestCase(CallTCName), ["FindValue":ComboBoxValue, "DropdownNm":comboNm], STOP_ON_FAILURE): Call Test Case 'Test Cases/PFI Precision and Scale/HashMap Tables/OfficerLists' successfully

2020-06-05 20:56:55 - [TEST_CASE][PASSED] - Test Cases/PFI Precision and Scale/HashMap Tables/OfficerLists: Test Cases/PFI Precision and Scale/HashMap Tables/OfficerLists

2020-06-05 20:56:55 - [TEST_STEP][PASSED] - Thread.sleep(1000): null

2020-06-05 20:56:56 - [TEST_STEP][PASSED] - OfficerLists = [1:"Aaron Sham Wai Lun (AARON)", 2:"Azidah Bte Akmad (Mdm) (USAABD)", 3:"Chung Fong Nyen (USACFN)", 4:"David Tey Dah Wei (DAHWEI)", ... ]: null

2020-06-05 20:56:56 - [TEST_STEP][PASSED] - ValueFound = OfficerLists.find({ -> ... }): null

2020-06-05 20:56:56 - [MESSAGE][PASSED] - Call Test Case 'Test Cases/PFI Precision and Scale/HashMap Tables/OfficerLists' successfully

2020-06-05 20:56:56 - [TEST_STEP][PASSED] - println(ValueFound): null

2020-06-05 20:56:56 - [TEST_STEP][PASSED] - sendKeys(NewInputNmField, Keys.chord(ARROW_DOWN)): Keys 'DOWN + ' sent to object: 'Object Repository/Objects.HighlightElements/input_field_index'

2020-06-05 20:56:56 - [MESSAGE][PASSED] - Keys 'DOWN + ' sent to object: 'Object Repository/Objects.HighlightElements/input_field_index'

2020-06-05 20:56:56 - [TEST_STEP][PASSED] - sendKeys(NewInputNmField, Keys.chord(ARROW_DOWN)): Keys 'DOWN + ' sent to object: 'Object Repository/Objects.HighlightElements/input_field_index'

2020-06-05 20:56:56 - [MESSAGE][PASSED] - Keys 'DOWN + ' sent to object: 'Object Repository/Objects.HighlightElements/input_field_index'

2020-06-05 20:56:56 - [TEST_STEP][PASSED] - delay(DelayTime): Delayed 2 second(s)

2020-06-05 20:56:58 - [MESSAGE][PASSED] - Delayed 2 second(s)

2020-06-05 20:56:58 - [TEST_STEP][PASSED] - sendKeys(NewInputNmField, Keys.chord(ENTER)): Keys 'ENTER + ' sent to object: 'Object Repository/Objects.HighlightElements/input_field_index'

2020-06-05 20:56:58 - [MESSAGE][PASSED] - Keys 'ENTER + ' sent to object: 'Object Repository/Objects.HighlightElements/input_field_index'

2020-06-05 20:56:58 - [TEST_STEP][PASSED] - ComboBoxValue = getAttribute(NewInputNmField, "value"): Attribute 'value' of object 'Object Repository/Objects.HighlightElements/input_field_index' is: 'Liu Xiaopeng (XIAOPENG)'

2020-06-05 20:56:58 - [MESSAGE][PASSED] - Attribute 'value' of object 'Object Repository/Objects.HighlightElements/input_field_index' is: 'Liu Xiaopeng (XIAOPENG)'

2020-06-05 20:56:58 - [TEST_STEP][PASSED] - callTestCase(findTestCase(CallTCName), ["FindValue":ComboBoxValue, "DropdownNm":comboNm], STOP_ON_FAILURE): Call Test Case 'Test Cases/PFI Precision and Scale/HashMap Tables/OfficerLists' successfully

2020-06-05 20:56:58 - [TEST_CASE][PASSED] - Test Cases/PFI Precision and Scale/HashMap Tables/OfficerLists: Test Cases/PFI Precision and Scale/HashMap Tables/OfficerLists

2020-06-05 20:56:58 - [TEST_STEP][PASSED] - Thread.sleep(1000): null

2020-06-05 20:56:59 - [TEST_STEP][PASSED] - OfficerLists = [1:"Aaron Sham Wai Lun (AARON)", 2:"Azidah Bte Akmad (Mdm) (USAABD)", 3:"Chung Fong Nyen (USACFN)", 4:"David Tey Dah Wei (DAHWEI)", ... ]: null

2020-06-05 20:56:59 - [TEST_STEP][PASSED] - ValueFound = OfficerLists.find({ -> ... }): null

2020-06-05 20:56:59 - [MESSAGE][PASSED] - Call Test Case 'Test Cases/PFI Precision and Scale/HashMap Tables/OfficerLists' successfully

2020-06-05 20:56:59 - [TEST_STEP][PASSED] - println(ValueFound): null

2020-06-05 20:56:59 - [TEST_STEP][PASSED] - sendKeys(NewInputNmField, Keys.chord(ARROW_DOWN)): Keys 'DOWN + ' sent to object: 'Object Repository/Objects.HighlightElements/input_field_index'

2020-06-05 20:56:59 - [MESSAGE][PASSED] - Keys 'DOWN + ' sent to object: 'Object Repository/Objects.HighlightElements/input_field_index'

2020-06-05 20:56:59 - [TEST_STEP][PASSED] - sendKeys(NewInputNmField, Keys.chord(ARROW_DOWN)): Keys 'DOWN + ' sent to object: 'Object Repository/Objects.HighlightElements/input_field_index'

2020-06-05 20:56:59 - [MESSAGE][PASSED] - Keys 'DOWN + ' sent to object: 'Object Repository/Objects.HighlightElements/input_field_index'

2020-06-05 20:56:59 - [TEST_STEP][PASSED] - delay(DelayTime): Delayed 2 second(s)

2020-06-05 20:57:01 - [MESSAGE][PASSED] - Delayed 2 second(s)

2020-06-05 20:57:01 - [TEST_STEP][PASSED] - sendKeys(NewInputNmField, Keys.chord(ENTER)): Keys 'ENTER + ' sent to object: 'Object Repository/Objects.HighlightElements/input_field_index'

2020-06-05 20:57:03 - [MESSAGE][PASSED] - Keys 'ENTER + ' sent to object: 'Object Repository/Objects.HighlightElements/input_field_index'

2020-06-05 20:57:03 - [TEST_STEP][PASSED] - ComboBoxValue = getAttribute(NewInputNmField, "value"): Attribute 'value' of object 'Object Repository/Objects.HighlightElements/input_field_index' is: 'Lu Ji Ju (Mdm) (USALJJ)'

2020-06-05 20:57:08 - [MESSAGE][PASSED] - Attribute 'value' of object 'Object Repository/Objects.HighlightElements/input_field_index' is: 'Lu Ji Ju (Mdm) (USALJJ)'

2020-06-05 20:57:08 - [TEST_STEP][PASSED] - callTestCase(findTestCase(CallTCName), ["FindValue":ComboBoxValue, "DropdownNm":comboNm], STOP_ON_FAILURE): Call Test Case 'Test Cases/PFI Precision and Scale/HashMap Tables/OfficerLists' successfully

2020-06-05 20:57:16 - [TEST_CASE][PASSED] - Test Cases/PFI Precision and Scale/HashMap Tables/OfficerLists: Test Cases/PFI Precision and Scale/HashMap Tables/OfficerLists

2020-06-05 20:57:29 - [TEST_STEP][PASSED] - Thread.sleep(1000): null

2020-06-05 20:57:30 - [TEST_STEP][PASSED] - OfficerLists = [1:"Aaron Sham Wai Lun (AARON)", 2:"Azidah Bte Akmad (Mdm) (USAABD)", 3:"Chung Fong Nyen (USACFN)", 4:"David Tey Dah Wei (DAHWEI)", ... ]: null

2020-06-05 20:57:30 - [TEST_STEP][PASSED] - ValueFound = OfficerLists.find({ -> ... }): null

2020-06-05 20:57:30 - [MESSAGE][PASSED] - Call Test Case 'Test Cases/PFI Precision and Scale/HashMap Tables/OfficerLists' successfully

2020-06-05 20:57:30 - [TEST_STEP][PASSED] - println(ValueFound): null

2020-06-05 20:57:30 - [TEST_STEP][PASSED] - sendKeys(NewInputNmField, Keys.chord(ARROW_DOWN)): Keys 'DOWN + ' sent to object: 'Object Repository/Objects.HighlightElements/input_field_index'

2020-06-05 20:57:33 - [MESSAGE][PASSED] - Keys 'DOWN + ' sent to object: 'Object Repository/Objects.HighlightElements/input_field_index'

2020-06-05 20:57:33 - [TEST_STEP][PASSED] - sendKeys(NewInputNmField, Keys.chord(ARROW_DOWN)): Keys 'DOWN + ' sent to object: 'Object Repository/Objects.HighlightElements/input_field_index'

2020-06-05 20:57:34 - [MESSAGE][PASSED] - Keys 'DOWN + ' sent to object: 'Object Repository/Objects.HighlightElements/input_field_index'

2020-06-05 20:57:34 - [TEST_STEP][PASSED] - delay(DelayTime): Delayed 2 second(s)

2020-06-05 20:57:38 - [MESSAGE][PASSED] - Delayed 2 second(s)

2020-06-05 20:57:38 - [TEST_STEP][PASSED] - sendKeys(NewInputNmField, Keys.chord(ENTER)): Keys 'ENTER + ' sent to object: 'Object Repository/Objects.HighlightElements/input_field_index'

2020-06-05 20:57:41 - [MESSAGE][PASSED] - Keys 'ENTER + ' sent to object: 'Object Repository/Objects.HighlightElements/input_field_index'

2020-06-05 20:57:41 - [TEST_STEP][PASSED] - ComboBoxValue = getAttribute(NewInputNmField, "value"): Attribute 'value' of object 'Object Repository/Objects.HighlightElements/input_field_index' is: 'Mohd Jeffri Bin Abdul Rahim (MOHDJEFFRI)'

2020-06-05 20:57:53 - [MESSAGE][PASSED] - Attribute 'value' of object 'Object Repository/Objects.HighlightElements/input_field_index' is: 'Mohd Jeffri Bin Abdul Rahim (MOHDJEFFRI)'

2020-06-05 20:57:53 - [TEST_STEP][PASSED] - callTestCase(findTestCase(CallTCName), ["FindValue":ComboBoxValue, "DropdownNm":comboNm], STOP_ON_FAILURE): Call Test Case 'Test Cases/PFI Precision and Scale/HashMap Tables/OfficerLists' successfully

2020-06-05 20:58:05 - [TEST_CASE][PASSED] - Test Cases/PFI Precision and Scale/HashMap Tables/OfficerLists: Test Cases/PFI Precision and Scale/HashMap Tables/OfficerLists

2020-06-05 20:58:08 - [TEST_STEP][PASSED] - Thread.sleep(1000): null

2020-06-05 20:58:09 - [TEST_STEP][PASSED] - OfficerLists = [1:"Aaron Sham Wai Lun (AARON)", 2:"Azidah Bte Akmad (Mdm) (USAABD)", 3:"Chung Fong Nyen (USACFN)", 4:"David Tey Dah Wei (DAHWEI)", ... ]: null

2020-06-05 20:58:09 - [TEST_STEP][PASSED] - ValueFound = OfficerLists.find({ -> ... }): null

2020-06-05 20:58:09 - [MESSAGE][PASSED] - Call Test Case 'Test Cases/PFI Precision and Scale/HashMap Tables/OfficerLists' successfully

2020-06-05 20:58:09 - [TEST_STEP][PASSED] - println(ValueFound): null

2020-06-05 20:58:09 - [TEST_STEP][PASSED] - sendKeys(NewInputNmField, Keys.chord(ARROW_DOWN)): Keys 'DOWN + ' sent to object: 'Object Repository/Objects.HighlightElements/input_field_index'

2020-06-05 20:58:13 - [MESSAGE][PASSED] - Keys 'DOWN + ' sent to object: 'Object Repository/Objects.HighlightElements/input_field_index'

2020-06-05 20:58:13 - [TEST_STEP][PASSED] - sendKeys(NewInputNmField, Keys.chord(ARROW_DOWN)): Keys 'DOWN + ' sent to object: 'Object Repository/Objects.HighlightElements/input_field_index'

2020-06-05 20:58:17 - [MESSAGE][PASSED] - Keys 'DOWN + ' sent to object: 'Object Repository/Objects.HighlightElements/input_field_index'

2020-06-05 20:58:17 - [TEST_STEP][PASSED] - delay(DelayTime): Delayed 2 second(s)

2020-06-05 20:58:21 - [MESSAGE][PASSED] - Delayed 2 second(s)

2020-06-05 20:58:21 - [TEST_STEP][PASSED] - sendKeys(NewInputNmField, Keys.chord(ENTER)): Keys 'ENTER + ' sent to object: 'Object Repository/Objects.HighlightElements/input_field_index'

2020-06-05 20:58:23 - [MESSAGE][PASSED] - Keys 'ENTER + ' sent to object: 'Object Repository/Objects.HighlightElements/input_field_index'

2020-06-05 20:58:23 - [TEST_STEP][PASSED] - ComboBoxValue = getAttribute(NewInputNmField, "value"): Attribute 'value' of object 'Object Repository/Objects.HighlightElements/input_field_index' is: 'Richard Lim Fang Ping (FANGPING)'

2020-06-05 20:58:25 - [MESSAGE][PASSED] - Attribute 'value' of object 'Object Repository/Objects.HighlightElements/input_field_index' is: 'Richard Lim Fang Ping (FANGPING)'

2020-06-05 20:58:25 - [TEST_STEP][PASSED] - callTestCase(findTestCase(CallTCName), ["FindValue":ComboBoxValue, "DropdownNm":comboNm], STOP_ON_FAILURE): Call Test Case 'Test Cases/PFI Precision and Scale/HashMap Tables/OfficerLists' successfully

2020-06-05 20:58:29 - [TEST_CASE][PASSED] - Test Cases/PFI Precision and Scale/HashMap Tables/OfficerLists: Test Cases/PFI Precision and Scale/HashMap Tables/OfficerLists

2020-06-05 20:58:30 - [TEST_STEP][PASSED] - Thread.sleep(1000): null

2020-06-05 20:58:31 - [TEST_STEP][PASSED] - OfficerLists = [1:"Aaron Sham Wai Lun (AARON)", 2:"Azidah Bte Akmad (Mdm) (USAABD)", 3:"Chung Fong Nyen (USACFN)", 4:"David Tey Dah Wei (DAHWEI)", ... ]: null

2020-06-05 20:58:31 - [TEST_STEP][PASSED] - ValueFound = OfficerLists.find({ -> ... }): null

2020-06-05 20:58:31 - [MESSAGE][PASSED] - Call Test Case 'Test Cases/PFI Precision and Scale/HashMap Tables/OfficerLists' successfully

2020-06-05 20:58:31 - [TEST_STEP][PASSED] - println(ValueFound): null

2020-06-05 20:58:31 - [TEST_STEP][PASSED] - sendKeys(NewInputNmField, Keys.chord(ARROW_DOWN)): Keys 'DOWN + ' sent to object: 'Object Repository/Objects.HighlightElements/input_field_index'

2020-06-05 20:58:31 - [MESSAGE][PASSED] - Keys 'DOWN + ' sent to object: 'Object Repository/Objects.HighlightElements/input_field_index'

2020-06-05 20:58:31 - [TEST_STEP][PASSED] - sendKeys(NewInputNmField, Keys.chord(ARROW_DOWN)): Keys 'DOWN + ' sent to object: 'Object Repository/Objects.HighlightElements/input_field_index'

2020-06-05 20:58:33 - [MESSAGE][PASSED] - Keys 'DOWN + ' sent to object: 'Object Repository/Objects.HighlightElements/input_field_index'

2020-06-05 20:58:33 - [TEST_STEP][PASSED] - delay(DelayTime): Delayed 2 second(s)

2020-06-05 20:58:36 - [MESSAGE][PASSED] - Delayed 2 second(s)

2020-06-05 20:58:36 - [TEST_STEP][PASSED] - sendKeys(NewInputNmField, Keys.chord(ENTER)): Keys 'ENTER + ' sent to object: 'Object Repository/Objects.HighlightElements/input_field_index'

2020-06-05 20:58:37 - [MESSAGE][PASSED] - Keys 'ENTER + ' sent to object: 'Object Repository/Objects.HighlightElements/input_field_index'

2020-06-05 20:58:37 - [TEST_STEP][PASSED] - ComboBoxValue = getAttribute(NewInputNmField, "value"): Attribute 'value' of object 'Object Repository/Objects.HighlightElements/input_field_index' is: 'RITA WONG SIONG ING (RITAWONG)'

2020-06-05 20:58:39 - [MESSAGE][PASSED] - Attribute 'value' of object 'Object Repository/Objects.HighlightElements/input_field_index' is: 'RITA WONG SIONG ING (RITAWONG)'

2020-06-05 20:58:39 - [TEST_STEP][PASSED] - callTestCase(findTestCase(CallTCName), ["FindValue":ComboBoxValue, "DropdownNm":comboNm], STOP_ON_FAILURE): Call Test Case 'Test Cases/PFI Precision and Scale/HashMap Tables/OfficerLists' successfully

2020-06-05 20:58:48 - [TEST_CASE][PASSED] - Test Cases/PFI Precision and Scale/HashMap Tables/OfficerLists: Test Cases/PFI Precision and Scale/HashMap Tables/OfficerLists

2020-06-05 20:58:50 - [TEST_STEP][PASSED] - Thread.sleep(1000): null

2020-06-05 20:58:51 - [TEST_STEP][PASSED] - OfficerLists = [1:"Aaron Sham Wai Lun (AARON)", 2:"Azidah Bte Akmad (Mdm) (USAABD)", 3:"Chung Fong Nyen (USACFN)", 4:"David Tey Dah Wei (DAHWEI)", ... ]: null

2020-06-05 20:58:51 - [TEST_STEP][PASSED] - ValueFound = OfficerLists.find({ -> ... }): null

2020-06-05 20:58:51 - [MESSAGE][PASSED] - Call Test Case 'Test Cases/PFI Precision and Scale/HashMap Tables/OfficerLists' successfully

2020-06-05 20:58:51 - [TEST_STEP][PASSED] - println(ValueFound): null

2020-06-05 20:58:51 - [TEST_STEP][PASSED] - sendKeys(NewInputNmField, Keys.chord(ARROW_DOWN)): Keys 'DOWN + ' sent to object: 'Object Repository/Objects.HighlightElements/input_field_index'

2020-06-05 20:58:51 - [MESSAGE][PASSED] - Keys 'DOWN + ' sent to object: 'Object Repository/Objects.HighlightElements/input_field_index'

2020-06-05 20:58:51 - [TEST_STEP][PASSED] - sendKeys(NewInputNmField, Keys.chord(ARROW_DOWN)): Keys 'DOWN + ' sent to object: 'Object Repository/Objects.HighlightElements/input_field_index'

2020-06-05 20:58:51 - [MESSAGE][PASSED] - Keys 'DOWN + ' sent to object: 'Object Repository/Objects.HighlightElements/input_field_index'

2020-06-05 20:58:51 - [TEST_STEP][PASSED] - delay(DelayTime): Delayed 2 second(s)

2020-06-05 20:58:53 - [MESSAGE][PASSED] - Delayed 2 second(s)

2020-06-05 20:58:53 - [TEST_STEP][PASSED] - sendKeys(NewInputNmField, Keys.chord(ENTER)): Keys 'ENTER + ' sent to object: 'Object Repository/Objects.HighlightElements/input_field_index'

2020-06-05 20:58:53 - [MESSAGE][PASSED] - Keys 'ENTER + ' sent to object: 'Object Repository/Objects.HighlightElements/input_field_index'

2020-06-05 20:58:53 - [TEST_STEP][PASSED] - ComboBoxValue = getAttribute(NewInputNmField, "value"): Attribute 'value' of object 'Object Repository/Objects.HighlightElements/input_field_index' is: 'Shi Hong Wei (HONGWEI)'

2020-06-05 20:58:53 - [MESSAGE][PASSED] - Attribute 'value' of object 'Object Repository/Objects.HighlightElements/input_field_index' is: 'Shi Hong Wei (HONGWEI)'

2020-06-05 20:58:53 - [TEST_STEP][PASSED] - callTestCase(findTestCase(CallTCName), ["FindValue":ComboBoxValue, "DropdownNm":comboNm], STOP_ON_FAILURE): Call Test Case 'Test Cases/PFI Precision and Scale/HashMap Tables/OfficerLists' successfully

2020-06-05 20:58:53 - [TEST_CASE][PASSED] - Test Cases/PFI Precision and Scale/HashMap Tables/OfficerLists: Test Cases/PFI Precision and Scale/HashMap Tables/OfficerLists

2020-06-05 20:58:53 - [TEST_STEP][PASSED] - Thread.sleep(1000): null

2020-06-05 20:58:54 - [TEST_STEP][PASSED] - OfficerLists = [1:"Aaron Sham Wai Lun (AARON)", 2:"Azidah Bte Akmad (Mdm) (USAABD)", 3:"Chung Fong Nyen (USACFN)", 4:"David Tey Dah Wei (DAHWEI)", ... ]: null

2020-06-05 20:58:54 - [TEST_STEP][PASSED] - ValueFound = OfficerLists.find({ -> ... }): null

2020-06-05 20:58:54 - [MESSAGE][PASSED] - Call Test Case 'Test Cases/PFI Precision and Scale/HashMap Tables/OfficerLists' successfully

2020-06-05 20:58:54 - [TEST_STEP][PASSED] - println(ValueFound): null

2020-06-05 20:58:54 - [TEST_STEP][PASSED] - sendKeys(NewInputNmField, Keys.chord(ARROW_DOWN)): Keys 'DOWN + ' sent to object: 'Object Repository/Objects.HighlightElements/input_field_index'

2020-06-05 20:58:54 - [MESSAGE][PASSED] - Keys 'DOWN + ' sent to object: 'Object Repository/Objects.HighlightElements/input_field_index'

2020-06-05 20:58:54 - [TEST_STEP][PASSED] - sendKeys(NewInputNmField, Keys.chord(ARROW_DOWN)): Keys 'DOWN + ' sent to object: 'Object Repository/Objects.HighlightElements/input_field_index'

2020-06-05 20:58:54 - [MESSAGE][PASSED] - Keys 'DOWN + ' sent to object: 'Object Repository/Objects.HighlightElements/input_field_index'

2020-06-05 20:58:54 - [TEST_STEP][PASSED] - delay(DelayTime): Delayed 2 second(s)

2020-06-05 20:58:56 - [MESSAGE][PASSED] - Delayed 2 second(s)

2020-06-05 20:58:56 - [TEST_STEP][PASSED] - sendKeys(NewInputNmField, Keys.chord(ENTER)): Keys 'ENTER + ' sent to object: 'Object Repository/Objects.HighlightElements/input_field_index'

2020-06-05 20:58:56 - [MESSAGE][PASSED] - Keys 'ENTER + ' sent to object: 'Object Repository/Objects.HighlightElements/input_field_index'

2020-06-05 20:58:56 - [TEST_STEP][PASSED] - ComboBoxValue = getAttribute(NewInputNmField, "value"): Attribute 'value' of object 'Object Repository/Objects.HighlightElements/input_field_index' is: 'Tan Jing Ying (JINGYING)'

2020-06-05 20:58:56 - [MESSAGE][PASSED] - Attribute 'value' of object 'Object Repository/Objects.HighlightElements/input_field_index' is: 'Tan Jing Ying (JINGYING)'

2020-06-05 20:58:56 - [TEST_STEP][PASSED] - callTestCase(findTestCase(CallTCName), ["FindValue":ComboBoxValue, "DropdownNm":comboNm], STOP_ON_FAILURE): Call Test Case 'Test Cases/PFI Precision and Scale/HashMap Tables/OfficerLists' successfully

2020-06-05 20:58:56 - [TEST_CASE][PASSED] - Test Cases/PFI Precision and Scale/HashMap Tables/OfficerLists: Test Cases/PFI Precision and Scale/HashMap Tables/OfficerLists

2020-06-05 20:58:56 - [TEST_STEP][PASSED] - Thread.sleep(1000): null

2020-06-05 20:58:57 - [TEST_STEP][PASSED] - OfficerLists = [1:"Aaron Sham Wai Lun (AARON)", 2:"Azidah Bte Akmad (Mdm) (USAABD)", 3:"Chung Fong Nyen (USACFN)", 4:"David Tey Dah Wei (DAHWEI)", ... ]: null

2020-06-05 20:58:57 - [TEST_STEP][PASSED] - ValueFound = OfficerLists.find({ -> ... }): null

2020-06-05 20:58:57 - [MESSAGE][PASSED] - Call Test Case 'Test Cases/PFI Precision and Scale/HashMap Tables/OfficerLists' successfully

2020-06-05 20:58:57 - [TEST_STEP][PASSED] - println(ValueFound): null

2020-06-05 20:58:57 - [TEST_STEP][PASSED] - sendKeys(NewInputNmField, Keys.chord(ARROW_DOWN)): Keys 'DOWN + ' sent to object: 'Object Repository/Objects.HighlightElements/input_field_index'

2020-06-05 20:58:57 - [MESSAGE][PASSED] - Keys 'DOWN + ' sent to object: 'Object Repository/Objects.HighlightElements/input_field_index'

2020-06-05 20:58:57 - [TEST_STEP][PASSED] - sendKeys(NewInputNmField, Keys.chord(ARROW_DOWN)): Keys 'DOWN + ' sent to object: 'Object Repository/Objects.HighlightElements/input_field_index'

2020-06-05 20:58:57 - [MESSAGE][PASSED] - Keys 'DOWN + ' sent to object: 'Object Repository/Objects.HighlightElements/input_field_index'

2020-06-05 20:58:57 - [TEST_STEP][PASSED] - delay(DelayTime): Delayed 2 second(s)

2020-06-05 20:58:59 - [MESSAGE][PASSED] - Delayed 2 second(s)

2020-06-05 20:58:59 - [TEST_STEP][PASSED] - sendKeys(NewInputNmField, Keys.chord(ENTER)): Keys 'ENTER + ' sent to object: 'Object Repository/Objects.HighlightElements/input_field_index'

2020-06-05 20:58:59 - [MESSAGE][PASSED] - Keys 'ENTER + ' sent to object: 'Object Repository/Objects.HighlightElements/input_field_index'

2020-06-05 20:58:59 - [TEST_STEP][PASSED] - ComboBoxValue = getAttribute(NewInputNmField, "value"): Attribute 'value' of object 'Object Repository/Objects.HighlightElements/input_field_index' is: 'Tan Kwan Joo (KWANJOO)'

2020-06-05 20:58:59 - [MESSAGE][PASSED] - Attribute 'value' of object 'Object Repository/Objects.HighlightElements/input_field_index' is: 'Tan Kwan Joo (KWANJOO)'

2020-06-05 20:58:59 - [TEST_STEP][PASSED] - callTestCase(findTestCase(CallTCName), ["FindValue":ComboBoxValue, "DropdownNm":comboNm], STOP_ON_FAILURE): Call Test Case 'Test Cases/PFI Precision and Scale/HashMap Tables/OfficerLists' successfully

2020-06-05 20:58:59 - [TEST_CASE][PASSED] - Test Cases/PFI Precision and Scale/HashMap Tables/OfficerLists: Test Cases/PFI Precision and Scale/HashMap Tables/OfficerLists

2020-06-05 20:58:59 - [TEST_STEP][PASSED] - Thread.sleep(1000): null

2020-06-05 20:59:00 - [TEST_STEP][PASSED] - OfficerLists = [1:"Aaron Sham Wai Lun (AARON)", 2:"Azidah Bte Akmad (Mdm) (USAABD)", 3:"Chung Fong Nyen (USACFN)", 4:"David Tey Dah Wei (DAHWEI)", ... ]: null

2020-06-05 20:59:00 - [TEST_STEP][PASSED] - ValueFound = OfficerLists.find({ -> ... }): null

2020-06-05 20:59:00 - [MESSAGE][PASSED] - Call Test Case 'Test Cases/PFI Precision and Scale/HashMap Tables/OfficerLists' successfully

2020-06-05 20:59:00 - [TEST_STEP][PASSED] - println(ValueFound): null

2020-06-05 20:59:00 - [TEST_STEP][PASSED] - sendKeys(NewInputNmField, Keys.chord(ARROW_DOWN)): Keys 'DOWN + ' sent to object: 'Object Repository/Objects.HighlightElements/input_field_index'

2020-06-05 20:59:00 - [MESSAGE][PASSED] - Keys 'DOWN + ' sent to object: 'Object Repository/Objects.HighlightElements/input_field_index'

2020-06-05 20:59:00 - [TEST_STEP][PASSED] - sendKeys(NewInputNmField, Keys.chord(ARROW_DOWN)): Keys 'DOWN + ' sent to object: 'Object Repository/Objects.HighlightElements/input_field_index'

2020-06-05 20:59:00 - [MESSAGE][PASSED] - Keys 'DOWN + ' sent to object: 'Object Repository/Objects.HighlightElements/input_field_index'

2020-06-05 20:59:00 - [TEST_STEP][PASSED] - delay(DelayTime): Delayed 2 second(s)

2020-06-05 20:59:02 - [MESSAGE][PASSED] - Delayed 2 second(s)

2020-06-05 20:59:02 - [TEST_STEP][PASSED] - sendKeys(NewInputNmField, Keys.chord(ENTER)): Keys 'ENTER + ' sent to object: 'Object Repository/Objects.HighlightElements/input_field_index'

2020-06-05 20:59:02 - [MESSAGE][PASSED] - Keys 'ENTER + ' sent to object: 'Object Repository/Objects.HighlightElements/input_field_index'

2020-06-05 20:59:02 - [TEST_STEP][PASSED] - ComboBoxValue = getAttribute(NewInputNmField, "value"): Attribute 'value' of object 'Object Repository/Objects.HighlightElements/input_field_index' is: 'Titus Chua Hwa Ping (TITUS)'

2020-06-05 20:59:02 - [MESSAGE][PASSED] - Attribute 'value' of object 'Object Repository/Objects.HighlightElements/input_field_index' is: 'Titus Chua Hwa Ping (TITUS)'

2020-06-05 20:59:02 - [TEST_STEP][PASSED] - callTestCase(findTestCase(CallTCName), ["FindValue":ComboBoxValue, "DropdownNm":comboNm], STOP_ON_FAILURE): Call Test Case 'Test Cases/PFI Precision and Scale/HashMap Tables/OfficerLists' successfully

2020-06-05 20:59:02 - [TEST_CASE][PASSED] - Test Cases/PFI Precision and Scale/HashMap Tables/OfficerLists: Test Cases/PFI Precision and Scale/HashMap Tables/OfficerLists

2020-06-05 20:59:02 - [TEST_STEP][PASSED] - Thread.sleep(1000): null

2020-06-05 20:59:05 - [TEST_STEP][PASSED] - OfficerLists = [1:"Aaron Sham Wai Lun (AARON)", 2:"Azidah Bte Akmad (Mdm) (USAABD)", 3:"Chung Fong Nyen (USACFN)", 4:"David Tey Dah Wei (DAHWEI)", ... ]: null

2020-06-05 20:59:05 - [TEST_STEP][PASSED] - ValueFound = OfficerLists.find({ -> ... }): null

2020-06-05 20:59:05 - [MESSAGE][PASSED] - Call Test Case 'Test Cases/PFI Precision and Scale/HashMap Tables/OfficerLists' successfully

2020-06-05 20:59:05 - [TEST_STEP][PASSED] - println(ValueFound): null

2020-06-05 20:59:05 - [TEST_STEP][PASSED] - sendKeys(NewInputNmField, Keys.chord(ARROW_DOWN)): Keys 'DOWN + ' sent to object: 'Object Repository/Objects.HighlightElements/input_field_index'

2020-06-05 20:59:05 - [MESSAGE][PASSED] - Keys 'DOWN + ' sent to object: 'Object Repository/Objects.HighlightElements/input_field_index'

2020-06-05 20:59:05 - [TEST_STEP][PASSED] - sendKeys(NewInputNmField, Keys.chord(ENTER)): Keys 'ENTER + ' sent to object: 'Object Repository/Objects.HighlightElements/input_field_index'

2020-06-05 20:59:05 - [MESSAGE][PASSED] - Keys 'ENTER + ' sent to object: 'Object Repository/Objects.HighlightElements/input_field_index'

2020-06-05 20:59:05 - [MESSAGE][PASSED] - Call Test Case 'Test Cases/PFI Precision and Scale/PFI Components with Indexing/VerifyDropdownValuesXPI' successfully

2020-06-05 20:59:05 - [TEST_STEP][PASSED] - callTestCase(findTestCase("Components/SelectAllThenDeleteIndex"), ["nameToBeUsed":"officer", "index":"1"], STOP_ON_FAILURE): Call Test Case 'Test Cases/Components/SelectAllThenDeleteIndex' successfully

2020-06-05 20:59:05 - [TEST_CASE][PASSED] - Test Cases/Components/SelectAllThenDeleteIndex: Test Cases/Components/SelectAllThenDeleteIndex

2020-06-05 20:59:05 - [TEST_STEP][PASSED] - Thread.sleep(1000): null

2020-06-05 20:59:06 - [TEST_STEP][PASSED] - modifiedObj = modifyObjectProperty(findTestObject("Object Repository/Objects.HighlightElements/input_field_index"), "xpath", "equals", "(//*[contains(@class,'x-form-text') and (@name='" + nameToBeUsed + "')])[" + index + "]", true): Modify property of object successfully

2020-06-05 20:59:06 - [MESSAGE][PASSED] - Modify property of object successfully

2020-06-05 20:59:06 - [TEST_STEP][PASSED] - focus(modifiedObj): Object: 'Object Repository/Objects.HighlightElements/input_field_index' is focused

2020-06-05 20:59:06 - [MESSAGE][PASSED] - Object: 'Object Repository/Objects.HighlightElements/input_field_index' is focused

2020-06-05 20:59:06 - [TEST_STEP][PASSED] - sendKeys(modifiedObj, Keys.chord(CONTROL, "a")): Keys 'CONTROL + a' sent to object: 'Object Repository/Objects.HighlightElements/input_field_index'

2020-06-05 20:59:07 - [MESSAGE][PASSED] - Keys 'CONTROL + a' sent to object: 'Object Repository/Objects.HighlightElements/input_field_index'

2020-06-05 20:59:07 - [TEST_STEP][PASSED] - sendKeys(modifiedObj, Keys.chord(DELETE)): Keys 'DELETE + ' sent to object: 'Object Repository/Objects.HighlightElements/input_field_index'

2020-06-05 20:59:07 - [MESSAGE][PASSED] - Keys 'DELETE + ' sent to object: 'Object Repository/Objects.HighlightElements/input_field_index'

2020-06-05 20:59:07 - [MESSAGE][PASSED] - Call Test Case 'Test Cases/Components/SelectAllThenDeleteIndex' successfully

2020-06-05 20:59:07 - [TEST_STEP][PASSED] - callTestCase(findTestCase("PFI Precision and Scale/PFI Components with Indexing/RequiredFieldValidationIndex"), ["nameToBeUsed":"officer", "index":1], STOP_ON_FAILURE): Call Test Case 'Test Cases/PFI Precision and Scale/PFI Components with Indexing/RequiredFieldValidationIndex' successfully

2020-06-05 20:59:07 - [TEST_CASE][PASSED] - Test Cases/PFI Precision and Scale/PFI Components with Indexing/RequiredFieldValidationIndex: Test Cases/PFI Precision and Scale/PFI Components with Indexing/RequiredFieldValidationIndex

2020-06-05 20:59:07 - [TEST_STEP][PASSED] - Thread.sleep(2000): null

2020-06-05 20:59:09 - [TEST_STEP][PASSED] - NewInputNmField = modifyObjectProperty(findTestObject("Objects.HighlightElements/input_field_index"), "xpath", "equals", "(//*[contains(@class,'x-form-text') and (@name='" + nameToBeUsed + "')])[" + index + "]", true): Modify property of object successfully

2020-06-05 20:59:09 - [MESSAGE][PASSED] - Modify property of object successfully

2020-06-05 20:59:09 - [TEST_STEP][PASSED] - mouseOver(NewInputNmField): Object: 'Object Repository/Objects.HighlightElements/input_field_index' is hovered

2020-06-05 20:59:09 - [MESSAGE][PASSED] - Object: 'Object Repository/Objects.HighlightElements/input_field_index' is hovered

2020-06-05 20:59:09 - [TEST_STEP][PASSED] - getRqErrMsg = getAttribute(NewInputNmField, "data-errorqtip"): Attribute 'data-errorqtip' of object 'Object Repository/Objects.HighlightElements/input_field_index' is: '<ul class="x-list-plain"><li>This field is required</li></ul>'

2020-06-05 20:59:09 - [MESSAGE][PASSED] - Attribute 'data-errorqtip' of object 'Object Repository/Objects.HighlightElements/input_field_index' is: '<ul class="x-list-plain"><li>This field is required</li></ul>'

2020-06-05 20:59:09 - [TEST_STEP][PASSED] - strToolTip = getRqErrMsg.substring(29, 61): null

2020-06-05 20:59:09 - [TEST_STEP][PASSED] - toolTipReqErrMsg = strToolTip.substring(0, 22): null

2020-06-05 20:59:09 - [TEST_STEP][PASSED] - verifyMatch(toolTipReqErrMsg, RqField, true): Actual text 'This field is required' and expected text 'This field is required' are matched  using regular expression

2020-06-05 20:59:09 - [MESSAGE][PASSED] - Actual text 'This field is required' and expected text 'This field is required' are matched  using regular expression

2020-06-05 20:59:09 - [MESSAGE][PASSED] - Call Test Case 'Test Cases/PFI Precision and Scale/PFI Components with Indexing/RequiredFieldValidationIndex' successfully

2020-06-05 20:59:09 - [TEST_STEP][PASSED] - callTestCase(findTestCase("Components/HighlightLabelFieldXPI"), ["LblName":"Weightage", "index":1], STOP_ON_FAILURE): Call Test Case 'Test Cases/Components/HighlightLabelFieldXPI' successfully

2020-06-05 20:59:09 - [TEST_CASE][PASSED] - Test Cases/Components/HighlightLabelFieldXPI: Test Cases/Components/HighlightLabelFieldXPI

2020-06-05 20:59:09 - [TEST_STEP][PASSED] - Thread.sleep(1000): null

2020-06-05 20:59:10 - [TEST_STEP][PASSED] - modifiedLblNm = modifyObjectProperty(findTestObject("Object Repository/Objects.HighlightElements/lblField_index"), "xpath", "equals", "(//*[contains(@class, 'x-form-item-label-inner x-form-item-label-inner-default') and contains(., '" + LblName + "')])[" + index + "]", true): Modify property of object successfully

2020-06-05 20:59:10 - [MESSAGE][PASSED] - Modify property of object successfully

2020-06-05 20:59:10 - [TEST_STEP][PASSED] - com.reusableComponents.HighlightElement.run(modifiedLblNm): com.reusableComponents.HighlightElement.run is PASSED

2020-06-05 20:59:11 - [MESSAGE][PASSED] - com.reusableComponents.HighlightElement.run is PASSED

2020-06-05 20:59:11 - [MESSAGE][PASSED] - Call Test Case 'Test Cases/Components/HighlightLabelFieldXPI' successfully

2020-06-05 20:59:11 - [TEST_STEP][PASSED] - callTestCase(findTestCase("Components/HighlightInputFieldXPI"), ["FldNm":"inspWeight", "index":1], STOP_ON_FAILURE): Call Test Case 'Test Cases/Components/HighlightInputFieldXPI' successfully

2020-06-05 20:59:11 - [TEST_CASE][PASSED] - Test Cases/Components/HighlightInputFieldXPI: Test Cases/Components/HighlightInputFieldXPI

2020-06-05 20:59:11 - [TEST_STEP][PASSED] - Thread.sleep(1000): null

2020-06-05 20:59:12 - [TEST_STEP][PASSED] - modifiedInputNm = modifyObjectProperty(findTestObject("Object Repository/Objects.HighlightElements/input_field_index"), "xpath", "equals", "(//*[contains(@name, '" + FldNm + "')])[" + index + "]", true): Modify property of object successfully

2020-06-05 20:59:12 - [MESSAGE][PASSED] - Modify property of object successfully

2020-06-05 20:59:12 - [TEST_STEP][PASSED] - com.reusableComponents.HighlightElement.run(modifiedInputNm): com.reusableComponents.HighlightElement.run is PASSED

2020-06-05 20:59:13 - [MESSAGE][PASSED] - com.reusableComponents.HighlightElement.run is PASSED

2020-06-05 20:59:13 - [MESSAGE][PASSED] - Call Test Case 'Test Cases/Components/HighlightInputFieldXPI' successfully

2020-06-05 20:59:13 - [TEST_STEP][PASSED] - callTestCase(findTestCase("PFI Precision and Scale/PFI Components with Indexing/VerifyDefaultValueIndex"), ["FieldNm":"inspWeight", "index":1, "labelNm":"", "i":0], STOP_ON_FAILURE): Call Test Case 'Test Cases/PFI Precision and Scale/PFI Components with Indexing/VerifyDefaultValueIndex' successfully

2020-06-05 20:59:13 - [TEST_CASE][PASSED] - Test Cases/PFI Precision and Scale/PFI Components with Indexing/VerifyDefaultValueIndex: Test Cases/PFI Precision and Scale/PFI Components with Indexing/VerifyDefaultValueIndex

2020-06-05 20:59:13 - [TEST_STEP][PASSED] - Thread.sleep(1000): null

2020-06-05 20:59:14 - [TEST_STEP][PASSED] - DefaultValueHM = ["periodType":"Working Day(s)", "noOfDays":"14", "inspWeight":"1", "inspModule":"PSI", "inspCaseType":"PSI Processing (SM)"]: null

2020-06-05 20:59:14 - [TEST_STEP][PASSED] - NewFieldNm = modifyObjectProperty(findTestObject("Object Repository/Objects.HighlightElements/input_field_index"), "xpath", "equals", "(//*[contains(@name,'" + FieldNm + "')])[" + index + "]", true): Modify property of object successfully

2020-06-05 20:59:14 - [MESSAGE][PASSED] - Modify property of object successfully

2020-06-05 20:59:14 - [TEST_STEP][PASSED] - focus(NewFieldNm): Object: 'Object Repository/Objects.HighlightElements/input_field_index' is focused

2020-06-05 20:59:14 - [MESSAGE][PASSED] - Object: 'Object Repository/Objects.HighlightElements/input_field_index' is focused

2020-06-05 20:59:14 - [TEST_STEP][PASSED] - DefVal = getAttribute(NewFieldNm, "value", STOP_ON_FAILURE): Attribute 'value' of object 'Object Repository/Objects.HighlightElements/input_field_index' is: '1'

2020-06-05 20:59:14 - [MESSAGE][PASSED] - Attribute 'value' of object 'Object Repository/Objects.HighlightElements/input_field_index' is: '1'

2020-06-05 20:59:14 - [TEST_STEP][PASSED] - switch (FieldNm): null

2020-06-05 20:59:14 - [TEST_STEP][PASSED] - Default: null

2020-06-05 20:59:14 - [TEST_STEP][PASSED] - ExpectedDefVal = DefaultValueHM.get(FieldNm): null

2020-06-05 20:59:14 - [TEST_STEP][PASSED] - if (ExpectedDefVal != null): Actual text '1' and expected text '1' are matched 

2020-06-05 20:59:14 - [TEST_STEP][PASSED] - verifyMatch(DefVal, ExpectedDefVal, false): Actual text '1' and expected text '1' are matched 

2020-06-05 20:59:14 - [MESSAGE][PASSED] - Actual text '1' and expected text '1' are matched 

2020-06-05 20:59:14 - [TEST_STEP][PASSED] - break: null

2020-06-05 20:59:14 - [MESSAGE][PASSED] - Call Test Case 'Test Cases/PFI Precision and Scale/PFI Components with Indexing/VerifyDefaultValueIndex' successfully

2020-06-05 20:59:14 - [TEST_STEP][PASSED] - callTestCase(findTestCase("PFI Precision and Scale/PFI Components/NumericTextboxValidationII"), ["nameToBeUsed":"inspWeight", "minLen":5], STOP_ON_FAILURE): Call Test Case 'Test Cases/PFI Precision and Scale/PFI Components/NumericTextboxValidationII' successfully

2020-06-05 20:59:14 - [TEST_CASE][PASSED] - Test Cases/PFI Precision and Scale/PFI Components/NumericTextboxValidationII: Test Cases/PFI Precision and Scale/PFI Components/NumericTextboxValidationII

2020-06-05 20:59:14 - [TEST_STEP][PASSED] - Thread.sleep(1000): null

2020-06-05 20:59:15 - [TEST_STEP][PASSED] - Numeric = "0123456789": null

2020-06-05 20:59:15 - [TEST_STEP][PASSED] - AlphaSpecialChar = z) + "`~!@#$%^&*()=_{}|\][;'":,?><"".join(): null

2020-06-05 20:59:15 - [TEST_STEP][PASSED] - RandomNumeric = RandomStringUtils.random(minLen, Numeric.toCharArray()): null

2020-06-05 20:59:15 - [TEST_STEP][PASSED] - RandomString = RandomStringUtils.random(minLen, AlphaSpecialChar): null

2020-06-05 20:59:15 - [TEST_STEP][PASSED] - regexPat = Pattern.compile("^[0-9]+$"): null

2020-06-05 20:59:15 - [TEST_STEP][PASSED] - NewInputNmField = modifyObjectProperty(findTestObject("Objects.RemarksValidation/input_Remarks"), "name", "equals", nameToBeUsed, true): Modify property of object successfully

2020-06-05 20:59:15 - [MESSAGE][PASSED] - Modify property of object successfully

2020-06-05 20:59:15 - [TEST_STEP][PASSED] - focus(NewInputNmField): Object: 'Object Repository/Objects.RemarksValidation/input_Remarks' is focused

2020-06-05 20:59:15 - [MESSAGE][PASSED] - Object: 'Object Repository/Objects.RemarksValidation/input_Remarks' is focused

2020-06-05 20:59:15 - [TEST_STEP][PASSED] - setText(NewInputNmField, RandomString): Text '*o%{L' is set on object 'Object Repository/Objects.RemarksValidation/input_Remarks'

2020-06-05 20:59:15 - [MESSAGE][PASSED] - Text '*o%{L' is set on object 'Object Repository/Objects.RemarksValidation/input_Remarks'

2020-06-05 20:59:15 - [TEST_STEP][PASSED] - GetInputVal = getAttribute(NewInputNmField, "value"): Attribute 'value' of object 'Object Repository/Objects.RemarksValidation/input_Remarks' is: ''

2020-06-05 20:59:15 - [MESSAGE][PASSED] - Attribute 'value' of object 'Object Repository/Objects.RemarksValidation/input_Remarks' is: ''

2020-06-05 20:59:15 - [TEST_STEP][PASSED] - if (GetInputVal.contains("e")): null

2020-06-05 20:59:15 - [TEST_STEP][PASSED] - else: Actual text '' and expected text '' are matched  using regular expression

2020-06-05 20:59:15 - [TEST_STEP][PASSED] - verifyMatch(GetInputVal, "", true): Actual text '' and expected text '' are matched  using regular expression

2020-06-05 20:59:15 - [MESSAGE][PASSED] - Actual text '' and expected text '' are matched  using regular expression

2020-06-05 20:59:15 - [TEST_STEP][PASSED] - setText(NewInputNmField, RandomNumeric): Text '80352' is set on object 'Object Repository/Objects.RemarksValidation/input_Remarks'

2020-06-05 20:59:15 - [MESSAGE][PASSED] - Text '80352' is set on object 'Object Repository/Objects.RemarksValidation/input_Remarks'

2020-06-05 20:59:15 - [TEST_STEP][PASSED] - GetEnteredIntegers = getAttribute(NewInputNmField, "value"): Attribute 'value' of object 'Object Repository/Objects.RemarksValidation/input_Remarks' is: '80352'

2020-06-05 20:59:15 - [MESSAGE][PASSED] - Attribute 'value' of object 'Object Repository/Objects.RemarksValidation/input_Remarks' is: '80352'

2020-06-05 20:59:15 - [TEST_STEP][PASSED] - matchStr = regexPat.matcher(GetEnteredIntegers): null

2020-06-05 20:59:15 - [TEST_STEP][PASSED] - if (matchStr.matches() == true): Accepting Numeric

2020-06-05 20:59:15 - [TEST_STEP][PASSED] - comment("Accepting Numeric"): Accepting Numeric

2020-06-05 20:59:15 - [MESSAGE][INFO] - Accepting Numeric

2020-06-05 20:59:15 - [MESSAGE][PASSED] - Call Test Case 'Test Cases/PFI Precision and Scale/PFI Components/NumericTextboxValidationII' successfully

2020-06-05 20:59:15 - [TEST_STEP][PASSED] - callTestCase(findTestCase("PFI Precision and Scale/PFI Components with Indexing/SpinnerUpIndex"), ["InputName":"inspWeight", "nmIndex":1, "indexUp":2, "itr":10], STOP_ON_FAILURE): Call Test Case 'Test Cases/PFI Precision and Scale/PFI Components with Indexing/SpinnerUpIndex' successfully

2020-06-05 20:59:16 - [TEST_CASE][PASSED] - Test Cases/PFI Precision and Scale/PFI Components with Indexing/SpinnerUpIndex: Test Cases/PFI Precision and Scale/PFI Components with Indexing/SpinnerUpIndex

2020-06-05 20:59:16 - [TEST_STEP][PASSED] - Thread.sleep(1000): null

2020-06-05 20:59:17 - [TEST_STEP][PASSED] - counterUp = modifyObjectProperty(findTestObject("Objects.CounterValidation/counter_icon_up"), "xpath", "equals", "(//*[contains(@class,'x-form-spinner x-form-spinner-default x-form-spinner-up x-form-spinner-up-default ')])[" + indexUp + "]", true): Modify property of object successfully

2020-06-05 20:59:17 - [MESSAGE][PASSED] - Modify property of object successfully

2020-06-05 20:59:17 - [TEST_STEP][PASSED] - modifiedInputNm = modifyObjectProperty(findTestObject("Object Repository/Objects.HighlightElements/input_field_index"), "xpath", "equals", "(//*[contains(@class,'x-form-text') and (@name='" + InputName + "')])[" + nmIndex + "]", true): Modify property of object successfully

2020-06-05 20:59:17 - [MESSAGE][PASSED] - Modify property of object successfully

2020-06-05 20:59:17 - [TEST_STEP][PASSED] - GetCurrentValue = getAttribute(modifiedInputNm, "value"): Attribute 'value' of object 'Object Repository/Objects.HighlightElements/input_field_index' is: '80352'

2020-06-05 20:59:17 - [MESSAGE][PASSED] - Attribute 'value' of object 'Object Repository/Objects.HighlightElements/input_field_index' is: '80352'

2020-06-05 20:59:17 - [TEST_STEP][PASSED] - for ([i = 0, i <= itr, (i++)]): Object: 'Object Repository/Objects.CounterValidation/counter_icon_up' is clicked on

2020-06-05 20:59:17 - [TEST_STEP][PASSED] - click(counterUp): Object: 'Object Repository/Objects.CounterValidation/counter_icon_up' is clicked on

2020-06-05 20:59:17 - [MESSAGE][PASSED] - Object: 'Object Repository/Objects.CounterValidation/counter_icon_up' is clicked on

2020-06-05 20:59:17 - [TEST_STEP][PASSED] - click(counterUp): Object: 'Object Repository/Objects.CounterValidation/counter_icon_up' is clicked on

2020-06-05 20:59:17 - [MESSAGE][PASSED] - Object: 'Object Repository/Objects.CounterValidation/counter_icon_up' is clicked on

2020-06-05 20:59:17 - [TEST_STEP][PASSED] - click(counterUp): Object: 'Object Repository/Objects.CounterValidation/counter_icon_up' is clicked on

2020-06-05 20:59:17 - [MESSAGE][PASSED] - Object: 'Object Repository/Objects.CounterValidation/counter_icon_up' is clicked on

2020-06-05 20:59:17 - [TEST_STEP][PASSED] - click(counterUp): Object: 'Object Repository/Objects.CounterValidation/counter_icon_up' is clicked on

2020-06-05 20:59:17 - [MESSAGE][PASSED] - Object: 'Object Repository/Objects.CounterValidation/counter_icon_up' is clicked on

2020-06-05 20:59:17 - [TEST_STEP][PASSED] - click(counterUp): Object: 'Object Repository/Objects.CounterValidation/counter_icon_up' is clicked on

2020-06-05 20:59:17 - [MESSAGE][PASSED] - Object: 'Object Repository/Objects.CounterValidation/counter_icon_up' is clicked on

2020-06-05 20:59:17 - [TEST_STEP][PASSED] - click(counterUp): Object: 'Object Repository/Objects.CounterValidation/counter_icon_up' is clicked on

2020-06-05 20:59:17 - [MESSAGE][PASSED] - Object: 'Object Repository/Objects.CounterValidation/counter_icon_up' is clicked on

2020-06-05 20:59:17 - [TEST_STEP][PASSED] - click(counterUp): Object: 'Object Repository/Objects.CounterValidation/counter_icon_up' is clicked on

2020-06-05 20:59:17 - [MESSAGE][PASSED] - Object: 'Object Repository/Objects.CounterValidation/counter_icon_up' is clicked on

2020-06-05 20:59:17 - [TEST_STEP][PASSED] - click(counterUp): Object: 'Object Repository/Objects.CounterValidation/counter_icon_up' is clicked on

2020-06-05 20:59:17 - [MESSAGE][PASSED] - Object: 'Object Repository/Objects.CounterValidation/counter_icon_up' is clicked on

2020-06-05 20:59:17 - [TEST_STEP][PASSED] - click(counterUp): Object: 'Object Repository/Objects.CounterValidation/counter_icon_up' is clicked on

2020-06-05 20:59:17 - [MESSAGE][PASSED] - Object: 'Object Repository/Objects.CounterValidation/counter_icon_up' is clicked on

2020-06-05 20:59:17 - [TEST_STEP][PASSED] - click(counterUp): Object: 'Object Repository/Objects.CounterValidation/counter_icon_up' is clicked on

2020-06-05 20:59:17 - [MESSAGE][PASSED] - Object: 'Object Repository/Objects.CounterValidation/counter_icon_up' is clicked on

2020-06-05 20:59:18 - [TEST_STEP][PASSED] - click(counterUp): Object: 'Object Repository/Objects.CounterValidation/counter_icon_up' is clicked on

2020-06-05 20:59:18 - [MESSAGE][PASSED] - Object: 'Object Repository/Objects.CounterValidation/counter_icon_up' is clicked on

2020-06-05 20:59:18 - [TEST_STEP][PASSED] - NewValue = getAttribute(modifiedInputNm, "value"): Attribute 'value' of object 'Object Repository/Objects.HighlightElements/input_field_index' is: '80363'

2020-06-05 20:59:18 - [MESSAGE][PASSED] - Attribute 'value' of object 'Object Repository/Objects.HighlightElements/input_field_index' is: '80363'

2020-06-05 20:59:18 - [TEST_STEP][PASSED] - if (NewValue != findTestData("PrecisionAndScaleDB").getValue("MaxValue", 1)): Actual number '80363' is greater than expected number '80352'

2020-06-05 20:59:18 - [TEST_STEP][PASSED] - verifyGreaterThan(NewValue, GetCurrentValue, STOP_ON_FAILURE): Actual number '80363' is greater than expected number '80352'

2020-06-05 20:59:18 - [MESSAGE][PASSED] - Actual number '80363' is greater than expected number '80352'

2020-06-05 20:59:18 - [MESSAGE][PASSED] - Call Test Case 'Test Cases/PFI Precision and Scale/PFI Components with Indexing/SpinnerUpIndex' successfully

2020-06-05 20:59:18 - [TEST_STEP][PASSED] - callTestCase(findTestCase("PFI Precision and Scale/PFI Components with Indexing/SpinnerDownIndex"), ["InputName":"inspWeight", "nmIndex":1, "indexDown":2, "itr":20], STOP_ON_FAILURE): Call Test Case 'Test Cases/PFI Precision and Scale/PFI Components with Indexing/SpinnerDownIndex' successfully

2020-06-05 20:59:18 - [TEST_CASE][PASSED] - Test Cases/PFI Precision and Scale/PFI Components with Indexing/SpinnerDownIndex: Test Cases/PFI Precision and Scale/PFI Components with Indexing/SpinnerDownIndex

2020-06-05 20:59:18 - [TEST_STEP][PASSED] - Thread.sleep(1000): null

2020-06-05 20:59:19 - [TEST_STEP][PASSED] - counterUp = modifyObjectProperty(findTestObject("Objects.CounterValidation/counter_icon_up"), "xpath", "equals", "(//*[contains(@class,'x-form-spinner x-form-spinner-default x-form-spinner-down x-form-spinner-down-default ')])[" + indexDown + "]", true): Modify property of object successfully

2020-06-05 20:59:19 - [MESSAGE][PASSED] - Modify property of object successfully

2020-06-05 20:59:19 - [TEST_STEP][PASSED] - modifiedInputNm = modifyObjectProperty(findTestObject("Object Repository/Objects.HighlightElements/input_field_index"), "xpath", "equals", "(//*[contains(@class,'x-form-text') and (@name='" + InputName + "')])[" + nmIndex + "]", true): Modify property of object successfully

2020-06-05 20:59:19 - [MESSAGE][PASSED] - Modify property of object successfully

2020-06-05 20:59:19 - [TEST_STEP][PASSED] - GetCurrentValue = getAttribute(modifiedInputNm, "value"): Attribute 'value' of object 'Object Repository/Objects.HighlightElements/input_field_index' is: '80363'

2020-06-05 20:59:19 - [MESSAGE][PASSED] - Attribute 'value' of object 'Object Repository/Objects.HighlightElements/input_field_index' is: '80363'

2020-06-05 20:59:19 - [TEST_STEP][PASSED] - for ([i = 0, i <= itr, (i++)]): Object: 'Object Repository/Objects.CounterValidation/counter_icon_up' is clicked on

2020-06-05 20:59:19 - [TEST_STEP][PASSED] - click(counterUp): Object: 'Object Repository/Objects.CounterValidation/counter_icon_up' is clicked on

2020-06-05 20:59:19 - [MESSAGE][PASSED] - Object: 'Object Repository/Objects.CounterValidation/counter_icon_up' is clicked on

2020-06-05 20:59:19 - [TEST_STEP][PASSED] - click(counterUp): Object: 'Object Repository/Objects.CounterValidation/counter_icon_up' is clicked on

2020-06-05 20:59:19 - [MESSAGE][PASSED] - Object: 'Object Repository/Objects.CounterValidation/counter_icon_up' is clicked on

2020-06-05 20:59:19 - [TEST_STEP][PASSED] - click(counterUp): Object: 'Object Repository/Objects.CounterValidation/counter_icon_up' is clicked on

2020-06-05 20:59:20 - [MESSAGE][PASSED] - Object: 'Object Repository/Objects.CounterValidation/counter_icon_up' is clicked on

2020-06-05 20:59:20 - [TEST_STEP][PASSED] - click(counterUp): Object: 'Object Repository/Objects.CounterValidation/counter_icon_up' is clicked on

2020-06-05 20:59:20 - [MESSAGE][PASSED] - Object: 'Object Repository/Objects.CounterValidation/counter_icon_up' is clicked on

2020-06-05 20:59:20 - [TEST_STEP][PASSED] - click(counterUp): Object: 'Object Repository/Objects.CounterValidation/counter_icon_up' is clicked on

2020-06-05 20:59:20 - [MESSAGE][PASSED] - Object: 'Object Repository/Objects.CounterValidation/counter_icon_up' is clicked on

2020-06-05 20:59:20 - [TEST_STEP][PASSED] - click(counterUp): Object: 'Object Repository/Objects.CounterValidation/counter_icon_up' is clicked on

2020-06-05 20:59:20 - [MESSAGE][PASSED] - Object: 'Object Repository/Objects.CounterValidation/counter_icon_up' is clicked on

2020-06-05 20:59:20 - [TEST_STEP][PASSED] - click(counterUp): Object: 'Object Repository/Objects.CounterValidation/counter_icon_up' is clicked on

2020-06-05 20:59:20 - [MESSAGE][PASSED] - Object: 'Object Repository/Objects.CounterValidation/counter_icon_up' is clicked on

2020-06-05 20:59:20 - [TEST_STEP][PASSED] - click(counterUp): Object: 'Object Repository/Objects.CounterValidation/counter_icon_up' is clicked on

2020-06-05 20:59:20 - [MESSAGE][PASSED] - Object: 'Object Repository/Objects.CounterValidation/counter_icon_up' is clicked on

2020-06-05 20:59:20 - [TEST_STEP][PASSED] - click(counterUp): Object: 'Object Repository/Objects.CounterValidation/counter_icon_up' is clicked on

2020-06-05 20:59:20 - [MESSAGE][PASSED] - Object: 'Object Repository/Objects.CounterValidation/counter_icon_up' is clicked on

2020-06-05 20:59:20 - [TEST_STEP][PASSED] - click(counterUp): Object: 'Object Repository/Objects.CounterValidation/counter_icon_up' is clicked on

2020-06-05 20:59:20 - [MESSAGE][PASSED] - Object: 'Object Repository/Objects.CounterValidation/counter_icon_up' is clicked on

2020-06-05 20:59:20 - [TEST_STEP][PASSED] - click(counterUp): Object: 'Object Repository/Objects.CounterValidation/counter_icon_up' is clicked on

2020-06-05 20:59:20 - [MESSAGE][PASSED] - Object: 'Object Repository/Objects.CounterValidation/counter_icon_up' is clicked on

2020-06-05 20:59:20 - [TEST_STEP][PASSED] - click(counterUp): Object: 'Object Repository/Objects.CounterValidation/counter_icon_up' is clicked on

2020-06-05 20:59:20 - [MESSAGE][PASSED] - Object: 'Object Repository/Objects.CounterValidation/counter_icon_up' is clicked on

2020-06-05 20:59:20 - [TEST_STEP][PASSED] - click(counterUp): Object: 'Object Repository/Objects.CounterValidation/counter_icon_up' is clicked on

2020-06-05 20:59:20 - [MESSAGE][PASSED] - Object: 'Object Repository/Objects.CounterValidation/counter_icon_up' is clicked on

2020-06-05 20:59:20 - [TEST_STEP][PASSED] - click(counterUp): Object: 'Object Repository/Objects.CounterValidation/counter_icon_up' is clicked on

2020-06-05 20:59:20 - [MESSAGE][PASSED] - Object: 'Object Repository/Objects.CounterValidation/counter_icon_up' is clicked on

2020-06-05 20:59:20 - [TEST_STEP][PASSED] - click(counterUp): Object: 'Object Repository/Objects.CounterValidation/counter_icon_up' is clicked on

2020-06-05 20:59:20 - [MESSAGE][PASSED] - Object: 'Object Repository/Objects.CounterValidation/counter_icon_up' is clicked on

2020-06-05 20:59:20 - [TEST_STEP][PASSED] - click(counterUp): Object: 'Object Repository/Objects.CounterValidation/counter_icon_up' is clicked on

2020-06-05 20:59:20 - [MESSAGE][PASSED] - Object: 'Object Repository/Objects.CounterValidation/counter_icon_up' is clicked on

2020-06-05 20:59:20 - [TEST_STEP][PASSED] - click(counterUp): Object: 'Object Repository/Objects.CounterValidation/counter_icon_up' is clicked on

2020-06-05 20:59:20 - [MESSAGE][PASSED] - Object: 'Object Repository/Objects.CounterValidation/counter_icon_up' is clicked on

2020-06-05 20:59:20 - [TEST_STEP][PASSED] - click(counterUp): Object: 'Object Repository/Objects.CounterValidation/counter_icon_up' is clicked on

2020-06-05 20:59:20 - [MESSAGE][PASSED] - Object: 'Object Repository/Objects.CounterValidation/counter_icon_up' is clicked on

2020-06-05 20:59:20 - [TEST_STEP][PASSED] - click(counterUp): Object: 'Object Repository/Objects.CounterValidation/counter_icon_up' is clicked on

2020-06-05 20:59:20 - [MESSAGE][PASSED] - Object: 'Object Repository/Objects.CounterValidation/counter_icon_up' is clicked on

2020-06-05 20:59:20 - [TEST_STEP][PASSED] - click(counterUp): Object: 'Object Repository/Objects.CounterValidation/counter_icon_up' is clicked on

2020-06-05 20:59:20 - [MESSAGE][PASSED] - Object: 'Object Repository/Objects.CounterValidation/counter_icon_up' is clicked on

2020-06-05 20:59:20 - [TEST_STEP][PASSED] - click(counterUp): Object: 'Object Repository/Objects.CounterValidation/counter_icon_up' is clicked on

2020-06-05 20:59:20 - [MESSAGE][PASSED] - Object: 'Object Repository/Objects.CounterValidation/counter_icon_up' is clicked on

2020-06-05 20:59:20 - [TEST_STEP][PASSED] - NewValue = getAttribute(modifiedInputNm, "value"): Attribute 'value' of object 'Object Repository/Objects.HighlightElements/input_field_index' is: '80342'

2020-06-05 20:59:20 - [MESSAGE][PASSED] - Attribute 'value' of object 'Object Repository/Objects.HighlightElements/input_field_index' is: '80342'

2020-06-05 20:59:20 - [TEST_STEP][PASSED] - if (NewValue != 0): Actual number '80342' is less than expected number '80363'

2020-06-05 20:59:20 - [TEST_STEP][PASSED] - verifyLessThan(NewValue, GetCurrentValue, STOP_ON_FAILURE): Actual number '80342' is less than expected number '80363'

2020-06-05 20:59:20 - [MESSAGE][PASSED] - Actual number '80342' is less than expected number '80363'

2020-06-05 20:59:20 - [MESSAGE][PASSED] - Call Test Case 'Test Cases/PFI Precision and Scale/PFI Components with Indexing/SpinnerDownIndex' successfully

2020-06-05 20:59:20 - [TEST_STEP][PASSED] - callTestCase(findTestCase("PFI Precision and Scale/PFI Components with Indexing/MaxNumericValidationIndex"), ["InputName":"inspWeight", "index":1, "numLength":11], STOP_ON_FAILURE): Call Test Case 'Test Cases/PFI Precision and Scale/PFI Components with Indexing/MaxNumericValidationIndex' successfully

2020-06-05 20:59:21 - [TEST_CASE][PASSED] - Test Cases/PFI Precision and Scale/PFI Components with Indexing/MaxNumericValidationIndex: Test Cases/PFI Precision and Scale/PFI Components with Indexing/MaxNumericValidationIndex

2020-06-05 20:59:21 - [TEST_STEP][PASSED] - Thread.sleep(1000): null

2020-06-05 20:59:22 - [TEST_STEP][PASSED] - NumLengthTBL = ["inspWeight":10, "noOfBldg":10, "postalCode":6]: null

2020-06-05 20:59:22 - [TEST_STEP][PASSED] - generateRandomNum = RandomStringUtils.randomNumeric(numLength): null

2020-06-05 20:59:22 - [TEST_STEP][PASSED] - NewInputNmField = modifyObjectProperty(findTestObject("Object Repository/Objects.HighlightElements/input_field_index"), "xpath", "equals", "(//*[contains(@class,'x-form-text') and (@name='" + InputName + "')])[" + index + "]", true): Modify property of object successfully

2020-06-05 20:59:22 - [MESSAGE][PASSED] - Modify property of object successfully

2020-06-05 20:59:22 - [TEST_STEP][PASSED] - setText(NewInputNmField, generateRandomNum): Text '63547862421' is set on object 'Object Repository/Objects.HighlightElements/input_field_index'

2020-06-05 20:59:22 - [MESSAGE][PASSED] - Text '63547862421' is set on object 'Object Repository/Objects.HighlightElements/input_field_index'

2020-06-05 20:59:22 - [TEST_STEP][PASSED] - GetEnteredRandom = getAttribute(NewInputNmField, "value", STOP_ON_FAILURE): Attribute 'value' of object 'Object Repository/Objects.HighlightElements/input_field_index' is: '6354786242'

2020-06-05 20:59:22 - [MESSAGE][PASSED] - Attribute 'value' of object 'Object Repository/Objects.HighlightElements/input_field_index' is: '6354786242'

2020-06-05 20:59:22 - [TEST_STEP][PASSED] - GetLength = GetEnteredRandom.length(): null

2020-06-05 20:59:22 - [TEST_STEP][PASSED] - MaxLength = NumLengthTBL.get(InputName): null

2020-06-05 20:59:22 - [TEST_STEP][PASSED] - verifyEqual(GetLength, MaxLength): Actual object '10' and expected object '10' are equal

2020-06-05 20:59:22 - [MESSAGE][PASSED] - Actual object '10' and expected object '10' are equal

2020-06-05 20:59:22 - [MESSAGE][PASSED] - Call Test Case 'Test Cases/PFI Precision and Scale/PFI Components with Indexing/MaxNumericValidationIndex' successfully

2020-06-05 20:59:22 - [TEST_STEP][PASSED] - callTestCase(findTestCase("PFI Precision and Scale/PFI Components with Indexing/MaxValueErrorIndex"), ["InputName":"inspWeight", "index":1], STOP_ON_FAILURE): Call Test Case 'Test Cases/PFI Precision and Scale/PFI Components with Indexing/MaxValueErrorIndex' successfully

2020-06-05 20:59:22 - [TEST_CASE][PASSED] - Test Cases/PFI Precision and Scale/PFI Components with Indexing/MaxValueErrorIndex: Test Cases/PFI Precision and Scale/PFI Components with Indexing/MaxValueErrorIndex

2020-06-05 20:59:22 - [TEST_STEP][PASSED] - Thread.sleep(1000): null

2020-06-05 20:59:23 - [TEST_STEP][PASSED] - NewInputNmField = modifyObjectProperty(findTestObject("Object Repository/Objects.HighlightElements/input_field_index"), "xpath", "equals", "(//*[contains(@class,'x-form-text') and (@name='" + InputName + "')])[" + index + "]", true): Modify property of object successfully

2020-06-05 20:59:23 - [MESSAGE][PASSED] - Modify property of object successfully

2020-06-05 20:59:23 - [TEST_STEP][PASSED] - GetValue = getAttribute(NewInputNmField, "value"): Attribute 'value' of object 'Object Repository/Objects.HighlightElements/input_field_index' is: '6354786242'

2020-06-05 20:59:23 - [MESSAGE][PASSED] - Attribute 'value' of object 'Object Repository/Objects.HighlightElements/input_field_index' is: '6354786242'

2020-06-05 20:59:23 - [TEST_STEP][PASSED] - if (GetValue < findTestData("PrecisionAndScaleDB").getValue("MaxValue", 1)): null

2020-06-05 20:59:23 - [TEST_STEP][PASSED] - GetToolTipErr = getAttribute(NewInputNmField, "data-errorqtip"): Attribute 'data-errorqtip' of object 'Object Repository/Objects.HighlightElements/input_field_index' is: '<ul class="x-list-plain"><li>The maximum value for this field is 2147483647</li></ul>'

2020-06-05 20:59:23 - [MESSAGE][PASSED] - Attribute 'data-errorqtip' of object 'Object Repository/Objects.HighlightElements/input_field_index' is: '<ul class="x-list-plain"><li>The maximum value for this field is 2147483647</li></ul>'

2020-06-05 20:59:23 - [TEST_STEP][PASSED] - TotalLength = GetToolTipErr.length() - 10: null

2020-06-05 20:59:23 - [TEST_STEP][PASSED] - RmvULcd = GetToolTipErr.substring(0, TotalLength): null

2020-06-05 20:59:23 - [TEST_STEP][PASSED] - NewLen = RmvULcd.length(): null

2020-06-05 20:59:23 - [TEST_STEP][PASSED] - ActualErrMessage = RmvULcd.substring(29, NewLen): null

2020-06-05 20:59:23 - [TEST_STEP][PASSED] - delay(5): Delayed 5 second(s)

2020-06-05 20:59:28 - [MESSAGE][PASSED] - Delayed 5 second(s)

2020-06-05 20:59:28 - [TEST_STEP][PASSED] - mouseOver(NewInputNmField): Object: 'Object Repository/Objects.HighlightElements/input_field_index' is hovered

2020-06-05 20:59:29 - [MESSAGE][PASSED] - Object: 'Object Repository/Objects.HighlightElements/input_field_index' is hovered

2020-06-05 20:59:29 - [TEST_STEP][PASSED] - verifyMatch(ActualErrMessage, findTestData("PrecisionAndScaleDB").getValue("ErrorMessage", 8), true): Actual text 'The maximum value for this field is 2147483647' and expected text 'The maximum value for this field is 2147483647' are matched  using regular expression

2020-06-05 20:59:29 - [MESSAGE][PASSED] - Actual text 'The maximum value for this field is 2147483647' and expected text 'The maximum value for this field is 2147483647' are matched  using regular expression

2020-06-05 20:59:29 - [MESSAGE][PASSED] - Call Test Case 'Test Cases/PFI Precision and Scale/PFI Components with Indexing/MaxValueErrorIndex' successfully

2020-06-05 20:59:29 - [TEST_STEP][PASSED] - callTestCase(findTestCase("Components/HighlightLabelFieldXPI"), ["LblName":"No of Building Inspected", "index":1], STOP_ON_FAILURE): Call Test Case 'Test Cases/Components/HighlightLabelFieldXPI' successfully

2020-06-05 20:59:29 - [TEST_CASE][PASSED] - Test Cases/Components/HighlightLabelFieldXPI: Test Cases/Components/HighlightLabelFieldXPI

2020-06-05 20:59:29 - [TEST_STEP][PASSED] - Thread.sleep(1000): null

2020-06-05 20:59:30 - [TEST_STEP][PASSED] - modifiedLblNm = modifyObjectProperty(findTestObject("Object Repository/Objects.HighlightElements/lblField_index"), "xpath", "equals", "(//*[contains(@class, 'x-form-item-label-inner x-form-item-label-inner-default') and contains(., '" + LblName + "')])[" + index + "]", true): Modify property of object successfully

2020-06-05 20:59:30 - [MESSAGE][PASSED] - Modify property of object successfully

2020-06-05 20:59:30 - [TEST_STEP][PASSED] - com.reusableComponents.HighlightElement.run(modifiedLblNm): com.reusableComponents.HighlightElement.run is PASSED

2020-06-05 20:59:30 - [MESSAGE][PASSED] - com.reusableComponents.HighlightElement.run is PASSED

2020-06-05 20:59:30 - [MESSAGE][PASSED] - Call Test Case 'Test Cases/Components/HighlightLabelFieldXPI' successfully

2020-06-05 20:59:30 - [TEST_STEP][PASSED] - callTestCase(findTestCase("Components/HighlightInputFieldXPI"), ["FldNm":"noOfBldg", "index":1], STOP_ON_FAILURE): Call Test Case 'Test Cases/Components/HighlightInputFieldXPI' successfully

2020-06-05 20:59:30 - [TEST_CASE][PASSED] - Test Cases/Components/HighlightInputFieldXPI: Test Cases/Components/HighlightInputFieldXPI

2020-06-05 20:59:30 - [TEST_STEP][PASSED] - Thread.sleep(1000): null

2020-06-05 20:59:31 - [TEST_STEP][PASSED] - modifiedInputNm = modifyObjectProperty(findTestObject("Object Repository/Objects.HighlightElements/input_field_index"), "xpath", "equals", "(//*[contains(@name, '" + FldNm + "')])[" + index + "]", true): Modify property of object successfully

2020-06-05 20:59:31 - [MESSAGE][PASSED] - Modify property of object successfully

2020-06-05 20:59:31 - [TEST_STEP][PASSED] - com.reusableComponents.HighlightElement.run(modifiedInputNm): com.reusableComponents.HighlightElement.run is PASSED

2020-06-05 20:59:32 - [MESSAGE][PASSED] - com.reusableComponents.HighlightElement.run is PASSED

2020-06-05 20:59:32 - [MESSAGE][PASSED] - Call Test Case 'Test Cases/Components/HighlightInputFieldXPI' successfully

2020-06-05 20:59:32 - [TEST_STEP][PASSED] - callTestCase(findTestCase("PFI Precision and Scale/PFI Components/NumericTextboxValidationII"), ["nameToBeUsed":"noOfBldg", "minLen":5], STOP_ON_FAILURE): Call Test Case 'Test Cases/PFI Precision and Scale/PFI Components/NumericTextboxValidationII' successfully

2020-06-05 20:59:32 - [TEST_CASE][PASSED] - Test Cases/PFI Precision and Scale/PFI Components/NumericTextboxValidationII: Test Cases/PFI Precision and Scale/PFI Components/NumericTextboxValidationII

2020-06-05 20:59:32 - [TEST_STEP][PASSED] - Thread.sleep(1000): null

2020-06-05 20:59:33 - [TEST_STEP][PASSED] - Numeric = "0123456789": null

2020-06-05 20:59:33 - [TEST_STEP][PASSED] - AlphaSpecialChar = z) + "`~!@#$%^&*()=_{}|\][;'":,?><"".join(): null

2020-06-05 20:59:33 - [TEST_STEP][PASSED] - RandomNumeric = RandomStringUtils.random(minLen, Numeric.toCharArray()): null

2020-06-05 20:59:33 - [TEST_STEP][PASSED] - RandomString = RandomStringUtils.random(minLen, AlphaSpecialChar): null

2020-06-05 20:59:33 - [TEST_STEP][PASSED] - regexPat = Pattern.compile("^[0-9]+$"): null

2020-06-05 20:59:33 - [TEST_STEP][PASSED] - NewInputNmField = modifyObjectProperty(findTestObject("Objects.RemarksValidation/input_Remarks"), "name", "equals", nameToBeUsed, true): Modify property of object successfully

2020-06-05 20:59:33 - [MESSAGE][PASSED] - Modify property of object successfully

2020-06-05 20:59:33 - [TEST_STEP][PASSED] - focus(NewInputNmField): Object: 'Object Repository/Objects.RemarksValidation/input_Remarks' is focused

2020-06-05 20:59:33 - [MESSAGE][PASSED] - Object: 'Object Repository/Objects.RemarksValidation/input_Remarks' is focused

2020-06-05 20:59:33 - [TEST_STEP][PASSED] - setText(NewInputNmField, RandomString): Text 'C^&:s' is set on object 'Object Repository/Objects.RemarksValidation/input_Remarks'

2020-06-05 20:59:33 - [MESSAGE][PASSED] - Text 'C^&:s' is set on object 'Object Repository/Objects.RemarksValidation/input_Remarks'

2020-06-05 20:59:33 - [TEST_STEP][PASSED] - GetInputVal = getAttribute(NewInputNmField, "value"): Attribute 'value' of object 'Object Repository/Objects.RemarksValidation/input_Remarks' is: ''

2020-06-05 20:59:33 - [MESSAGE][PASSED] - Attribute 'value' of object 'Object Repository/Objects.RemarksValidation/input_Remarks' is: ''

2020-06-05 20:59:33 - [TEST_STEP][PASSED] - if (GetInputVal.contains("e")): null

2020-06-05 20:59:33 - [TEST_STEP][PASSED] - else: Actual text '' and expected text '' are matched  using regular expression

2020-06-05 20:59:33 - [TEST_STEP][PASSED] - verifyMatch(GetInputVal, "", true): Actual text '' and expected text '' are matched  using regular expression

2020-06-05 20:59:33 - [MESSAGE][PASSED] - Actual text '' and expected text '' are matched  using regular expression

2020-06-05 20:59:33 - [TEST_STEP][PASSED] - setText(NewInputNmField, RandomNumeric): Text '93170' is set on object 'Object Repository/Objects.RemarksValidation/input_Remarks'

2020-06-05 20:59:33 - [MESSAGE][PASSED] - Text '93170' is set on object 'Object Repository/Objects.RemarksValidation/input_Remarks'

2020-06-05 20:59:33 - [TEST_STEP][PASSED] - GetEnteredIntegers = getAttribute(NewInputNmField, "value"): Attribute 'value' of object 'Object Repository/Objects.RemarksValidation/input_Remarks' is: '93170'

2020-06-05 20:59:33 - [MESSAGE][PASSED] - Attribute 'value' of object 'Object Repository/Objects.RemarksValidation/input_Remarks' is: '93170'

2020-06-05 20:59:33 - [TEST_STEP][PASSED] - matchStr = regexPat.matcher(GetEnteredIntegers): null

2020-06-05 20:59:33 - [TEST_STEP][PASSED] - if (matchStr.matches() == true): Accepting Numeric

2020-06-05 20:59:33 - [TEST_STEP][PASSED] - comment("Accepting Numeric"): Accepting Numeric

2020-06-05 20:59:33 - [MESSAGE][INFO] - Accepting Numeric

2020-06-05 20:59:33 - [MESSAGE][PASSED] - Call Test Case 'Test Cases/PFI Precision and Scale/PFI Components/NumericTextboxValidationII' successfully

2020-06-05 20:59:33 - [TEST_STEP][PASSED] - callTestCase(findTestCase("PFI Precision and Scale/PFI Components with Indexing/SpinnerUpIndex"), ["InputName":"noOfBldg", "nmIndex":1, "indexUp":3, "itr":10], STOP_ON_FAILURE): Call Test Case 'Test Cases/PFI Precision and Scale/PFI Components with Indexing/SpinnerUpIndex' successfully

2020-06-05 20:59:33 - [TEST_CASE][PASSED] - Test Cases/PFI Precision and Scale/PFI Components with Indexing/SpinnerUpIndex: Test Cases/PFI Precision and Scale/PFI Components with Indexing/SpinnerUpIndex

2020-06-05 20:59:33 - [TEST_STEP][PASSED] - Thread.sleep(1000): null

2020-06-05 20:59:34 - [TEST_STEP][PASSED] - counterUp = modifyObjectProperty(findTestObject("Objects.CounterValidation/counter_icon_up"), "xpath", "equals", "(//*[contains(@class,'x-form-spinner x-form-spinner-default x-form-spinner-up x-form-spinner-up-default ')])[" + indexUp + "]", true): Modify property of object successfully

2020-06-05 20:59:34 - [MESSAGE][PASSED] - Modify property of object successfully

2020-06-05 20:59:34 - [TEST_STEP][PASSED] - modifiedInputNm = modifyObjectProperty(findTestObject("Object Repository/Objects.HighlightElements/input_field_index"), "xpath", "equals", "(//*[contains(@class,'x-form-text') and (@name='" + InputName + "')])[" + nmIndex + "]", true): Modify property of object successfully

2020-06-05 20:59:34 - [MESSAGE][PASSED] - Modify property of object successfully

2020-06-05 20:59:34 - [TEST_STEP][PASSED] - GetCurrentValue = getAttribute(modifiedInputNm, "value"): Attribute 'value' of object 'Object Repository/Objects.HighlightElements/input_field_index' is: '93170'

2020-06-05 20:59:34 - [MESSAGE][PASSED] - Attribute 'value' of object 'Object Repository/Objects.HighlightElements/input_field_index' is: '93170'

2020-06-05 20:59:34 - [TEST_STEP][PASSED] - for ([i = 0, i <= itr, (i++)]): Object: 'Object Repository/Objects.CounterValidation/counter_icon_up' is clicked on

2020-06-05 20:59:34 - [TEST_STEP][PASSED] - click(counterUp): Object: 'Object Repository/Objects.CounterValidation/counter_icon_up' is clicked on

2020-06-05 20:59:34 - [MESSAGE][PASSED] - Object: 'Object Repository/Objects.CounterValidation/counter_icon_up' is clicked on

2020-06-05 20:59:34 - [TEST_STEP][PASSED] - click(counterUp): Object: 'Object Repository/Objects.CounterValidation/counter_icon_up' is clicked on

2020-06-05 20:59:34 - [MESSAGE][PASSED] - Object: 'Object Repository/Objects.CounterValidation/counter_icon_up' is clicked on

2020-06-05 20:59:34 - [TEST_STEP][PASSED] - click(counterUp): Object: 'Object Repository/Objects.CounterValidation/counter_icon_up' is clicked on

2020-06-05 20:59:34 - [MESSAGE][PASSED] - Object: 'Object Repository/Objects.CounterValidation/counter_icon_up' is clicked on

2020-06-05 20:59:34 - [TEST_STEP][PASSED] - click(counterUp): Object: 'Object Repository/Objects.CounterValidation/counter_icon_up' is clicked on

2020-06-05 20:59:34 - [MESSAGE][PASSED] - Object: 'Object Repository/Objects.CounterValidation/counter_icon_up' is clicked on

2020-06-05 20:59:34 - [TEST_STEP][PASSED] - click(counterUp): Object: 'Object Repository/Objects.CounterValidation/counter_icon_up' is clicked on

2020-06-05 20:59:35 - [MESSAGE][PASSED] - Object: 'Object Repository/Objects.CounterValidation/counter_icon_up' is clicked on

2020-06-05 20:59:35 - [TEST_STEP][PASSED] - click(counterUp): Object: 'Object Repository/Objects.CounterValidation/counter_icon_up' is clicked on

2020-06-05 20:59:35 - [MESSAGE][PASSED] - Object: 'Object Repository/Objects.CounterValidation/counter_icon_up' is clicked on

2020-06-05 20:59:35 - [TEST_STEP][PASSED] - click(counterUp): Object: 'Object Repository/Objects.CounterValidation/counter_icon_up' is clicked on

2020-06-05 20:59:35 - [MESSAGE][PASSED] - Object: 'Object Repository/Objects.CounterValidation/counter_icon_up' is clicked on

2020-06-05 20:59:35 - [TEST_STEP][PASSED] - click(counterUp): Object: 'Object Repository/Objects.CounterValidation/counter_icon_up' is clicked on

2020-06-05 20:59:35 - [MESSAGE][PASSED] - Object: 'Object Repository/Objects.CounterValidation/counter_icon_up' is clicked on

2020-06-05 20:59:35 - [TEST_STEP][PASSED] - click(counterUp): Object: 'Object Repository/Objects.CounterValidation/counter_icon_up' is clicked on

2020-06-05 20:59:35 - [MESSAGE][PASSED] - Object: 'Object Repository/Objects.CounterValidation/counter_icon_up' is clicked on

2020-06-05 20:59:35 - [TEST_STEP][PASSED] - click(counterUp): Object: 'Object Repository/Objects.CounterValidation/counter_icon_up' is clicked on

2020-06-05 20:59:35 - [MESSAGE][PASSED] - Object: 'Object Repository/Objects.CounterValidation/counter_icon_up' is clicked on

2020-06-05 20:59:35 - [TEST_STEP][PASSED] - click(counterUp): Object: 'Object Repository/Objects.CounterValidation/counter_icon_up' is clicked on

2020-06-05 20:59:35 - [MESSAGE][PASSED] - Object: 'Object Repository/Objects.CounterValidation/counter_icon_up' is clicked on

2020-06-05 20:59:35 - [TEST_STEP][PASSED] - NewValue = getAttribute(modifiedInputNm, "value"): Attribute 'value' of object 'Object Repository/Objects.HighlightElements/input_field_index' is: '93181'

2020-06-05 20:59:35 - [MESSAGE][PASSED] - Attribute 'value' of object 'Object Repository/Objects.HighlightElements/input_field_index' is: '93181'

2020-06-05 20:59:35 - [TEST_STEP][PASSED] - if (NewValue != findTestData("PrecisionAndScaleDB").getValue("MaxValue", 1)): Actual number '93181' is greater than expected number '93170'

2020-06-05 20:59:35 - [TEST_STEP][PASSED] - verifyGreaterThan(NewValue, GetCurrentValue, STOP_ON_FAILURE): Actual number '93181' is greater than expected number '93170'

2020-06-05 20:59:35 - [MESSAGE][PASSED] - Actual number '93181' is greater than expected number '93170'

2020-06-05 20:59:35 - [MESSAGE][PASSED] - Call Test Case 'Test Cases/PFI Precision and Scale/PFI Components with Indexing/SpinnerUpIndex' successfully

2020-06-05 20:59:35 - [TEST_STEP][PASSED] - callTestCase(findTestCase("PFI Precision and Scale/PFI Components with Indexing/SpinnerDownIndex"), ["InputName":"noOfBldg", "nmIndex":1, "indexDown":3, "itr":20], STOP_ON_FAILURE): Call Test Case 'Test Cases/PFI Precision and Scale/PFI Components with Indexing/SpinnerDownIndex' successfully

2020-06-05 20:59:35 - [TEST_CASE][PASSED] - Test Cases/PFI Precision and Scale/PFI Components with Indexing/SpinnerDownIndex: Test Cases/PFI Precision and Scale/PFI Components with Indexing/SpinnerDownIndex

2020-06-05 20:59:35 - [TEST_STEP][PASSED] - Thread.sleep(1000): null

2020-06-05 20:59:36 - [TEST_STEP][PASSED] - counterUp = modifyObjectProperty(findTestObject("Objects.CounterValidation/counter_icon_up"), "xpath", "equals", "(//*[contains(@class,'x-form-spinner x-form-spinner-default x-form-spinner-down x-form-spinner-down-default ')])[" + indexDown + "]", true): Modify property of object successfully

2020-06-05 20:59:36 - [MESSAGE][PASSED] - Modify property of object successfully

2020-06-05 20:59:36 - [TEST_STEP][PASSED] - modifiedInputNm = modifyObjectProperty(findTestObject("Object Repository/Objects.HighlightElements/input_field_index"), "xpath", "equals", "(//*[contains(@class,'x-form-text') and (@name='" + InputName + "')])[" + nmIndex + "]", true): Modify property of object successfully

2020-06-05 20:59:36 - [MESSAGE][PASSED] - Modify property of object successfully

2020-06-05 20:59:36 - [TEST_STEP][PASSED] - GetCurrentValue = getAttribute(modifiedInputNm, "value"): Attribute 'value' of object 'Object Repository/Objects.HighlightElements/input_field_index' is: '93181'

2020-06-05 20:59:36 - [MESSAGE][PASSED] - Attribute 'value' of object 'Object Repository/Objects.HighlightElements/input_field_index' is: '93181'

2020-06-05 20:59:36 - [TEST_STEP][PASSED] - for ([i = 0, i <= itr, (i++)]): Object: 'Object Repository/Objects.CounterValidation/counter_icon_up' is clicked on

2020-06-05 20:59:36 - [TEST_STEP][PASSED] - click(counterUp): Object: 'Object Repository/Objects.CounterValidation/counter_icon_up' is clicked on

2020-06-05 20:59:36 - [MESSAGE][PASSED] - Object: 'Object Repository/Objects.CounterValidation/counter_icon_up' is clicked on

2020-06-05 20:59:36 - [TEST_STEP][PASSED] - click(counterUp): Object: 'Object Repository/Objects.CounterValidation/counter_icon_up' is clicked on

2020-06-05 20:59:36 - [MESSAGE][PASSED] - Object: 'Object Repository/Objects.CounterValidation/counter_icon_up' is clicked on

2020-06-05 20:59:36 - [TEST_STEP][PASSED] - click(counterUp): Object: 'Object Repository/Objects.CounterValidation/counter_icon_up' is clicked on

2020-06-05 20:59:36 - [MESSAGE][PASSED] - Object: 'Object Repository/Objects.CounterValidation/counter_icon_up' is clicked on

2020-06-05 20:59:36 - [TEST_STEP][PASSED] - click(counterUp): Object: 'Object Repository/Objects.CounterValidation/counter_icon_up' is clicked on

2020-06-05 20:59:36 - [MESSAGE][PASSED] - Object: 'Object Repository/Objects.CounterValidation/counter_icon_up' is clicked on

2020-06-05 20:59:36 - [TEST_STEP][PASSED] - click(counterUp): Object: 'Object Repository/Objects.CounterValidation/counter_icon_up' is clicked on

2020-06-05 20:59:36 - [MESSAGE][PASSED] - Object: 'Object Repository/Objects.CounterValidation/counter_icon_up' is clicked on

2020-06-05 20:59:36 - [TEST_STEP][PASSED] - click(counterUp): Object: 'Object Repository/Objects.CounterValidation/counter_icon_up' is clicked on

2020-06-05 20:59:36 - [MESSAGE][PASSED] - Object: 'Object Repository/Objects.CounterValidation/counter_icon_up' is clicked on

2020-06-05 20:59:36 - [TEST_STEP][PASSED] - click(counterUp): Object: 'Object Repository/Objects.CounterValidation/counter_icon_up' is clicked on

2020-06-05 20:59:36 - [MESSAGE][PASSED] - Object: 'Object Repository/Objects.CounterValidation/counter_icon_up' is clicked on

2020-06-05 20:59:36 - [TEST_STEP][PASSED] - click(counterUp): Object: 'Object Repository/Objects.CounterValidation/counter_icon_up' is clicked on

2020-06-05 20:59:36 - [MESSAGE][PASSED] - Object: 'Object Repository/Objects.CounterValidation/counter_icon_up' is clicked on

2020-06-05 20:59:36 - [TEST_STEP][PASSED] - click(counterUp): Object: 'Object Repository/Objects.CounterValidation/counter_icon_up' is clicked on

2020-06-05 20:59:37 - [MESSAGE][PASSED] - Object: 'Object Repository/Objects.CounterValidation/counter_icon_up' is clicked on

2020-06-05 20:59:37 - [TEST_STEP][PASSED] - click(counterUp): Object: 'Object Repository/Objects.CounterValidation/counter_icon_up' is clicked on

2020-06-05 20:59:37 - [MESSAGE][PASSED] - Object: 'Object Repository/Objects.CounterValidation/counter_icon_up' is clicked on

2020-06-05 20:59:37 - [TEST_STEP][PASSED] - click(counterUp): Object: 'Object Repository/Objects.CounterValidation/counter_icon_up' is clicked on

2020-06-05 20:59:37 - [MESSAGE][PASSED] - Object: 'Object Repository/Objects.CounterValidation/counter_icon_up' is clicked on

2020-06-05 20:59:37 - [TEST_STEP][PASSED] - click(counterUp): Object: 'Object Repository/Objects.CounterValidation/counter_icon_up' is clicked on

2020-06-05 20:59:37 - [MESSAGE][PASSED] - Object: 'Object Repository/Objects.CounterValidation/counter_icon_up' is clicked on

2020-06-05 20:59:37 - [TEST_STEP][PASSED] - click(counterUp): Object: 'Object Repository/Objects.CounterValidation/counter_icon_up' is clicked on

2020-06-05 20:59:37 - [MESSAGE][PASSED] - Object: 'Object Repository/Objects.CounterValidation/counter_icon_up' is clicked on

2020-06-05 20:59:37 - [TEST_STEP][PASSED] - click(counterUp): Object: 'Object Repository/Objects.CounterValidation/counter_icon_up' is clicked on

2020-06-05 20:59:37 - [MESSAGE][PASSED] - Object: 'Object Repository/Objects.CounterValidation/counter_icon_up' is clicked on

2020-06-05 20:59:37 - [TEST_STEP][PASSED] - click(counterUp): Object: 'Object Repository/Objects.CounterValidation/counter_icon_up' is clicked on

2020-06-05 20:59:37 - [MESSAGE][PASSED] - Object: 'Object Repository/Objects.CounterValidation/counter_icon_up' is clicked on

2020-06-05 20:59:37 - [TEST_STEP][PASSED] - click(counterUp): Object: 'Object Repository/Objects.CounterValidation/counter_icon_up' is clicked on

2020-06-05 20:59:37 - [MESSAGE][PASSED] - Object: 'Object Repository/Objects.CounterValidation/counter_icon_up' is clicked on

2020-06-05 20:59:37 - [TEST_STEP][PASSED] - click(counterUp): Object: 'Object Repository/Objects.CounterValidation/counter_icon_up' is clicked on

2020-06-05 20:59:37 - [MESSAGE][PASSED] - Object: 'Object Repository/Objects.CounterValidation/counter_icon_up' is clicked on

2020-06-05 20:59:37 - [TEST_STEP][PASSED] - click(counterUp): Object: 'Object Repository/Objects.CounterValidation/counter_icon_up' is clicked on

2020-06-05 20:59:37 - [MESSAGE][PASSED] - Object: 'Object Repository/Objects.CounterValidation/counter_icon_up' is clicked on

2020-06-05 20:59:37 - [TEST_STEP][PASSED] - click(counterUp): Object: 'Object Repository/Objects.CounterValidation/counter_icon_up' is clicked on

2020-06-05 20:59:37 - [MESSAGE][PASSED] - Object: 'Object Repository/Objects.CounterValidation/counter_icon_up' is clicked on

2020-06-05 20:59:37 - [TEST_STEP][PASSED] - click(counterUp): Object: 'Object Repository/Objects.CounterValidation/counter_icon_up' is clicked on

2020-06-05 20:59:37 - [MESSAGE][PASSED] - Object: 'Object Repository/Objects.CounterValidation/counter_icon_up' is clicked on

2020-06-05 20:59:37 - [TEST_STEP][PASSED] - click(counterUp): Object: 'Object Repository/Objects.CounterValidation/counter_icon_up' is clicked on

2020-06-05 20:59:37 - [MESSAGE][PASSED] - Object: 'Object Repository/Objects.CounterValidation/counter_icon_up' is clicked on

2020-06-05 20:59:37 - [TEST_STEP][PASSED] - NewValue = getAttribute(modifiedInputNm, "value"): Attribute 'value' of object 'Object Repository/Objects.HighlightElements/input_field_index' is: '93160'

2020-06-05 20:59:37 - [MESSAGE][PASSED] - Attribute 'value' of object 'Object Repository/Objects.HighlightElements/input_field_index' is: '93160'

2020-06-05 20:59:37 - [TEST_STEP][PASSED] - if (NewValue != 0): Actual number '93160' is less than expected number '93181'

2020-06-05 20:59:37 - [TEST_STEP][PASSED] - verifyLessThan(NewValue, GetCurrentValue, STOP_ON_FAILURE): Actual number '93160' is less than expected number '93181'

2020-06-05 20:59:37 - [MESSAGE][PASSED] - Actual number '93160' is less than expected number '93181'

2020-06-05 20:59:37 - [MESSAGE][PASSED] - Call Test Case 'Test Cases/PFI Precision and Scale/PFI Components with Indexing/SpinnerDownIndex' successfully

2020-06-05 20:59:37 - [TEST_STEP][PASSED] - callTestCase(findTestCase("PFI Precision and Scale/PFI Components with Indexing/MaxNumericValidationIndex"), ["InputName":"noOfBldg", "index":1, "numLength":11], STOP_ON_FAILURE): Call Test Case 'Test Cases/PFI Precision and Scale/PFI Components with Indexing/MaxNumericValidationIndex' successfully

2020-06-05 20:59:37 - [TEST_CASE][PASSED] - Test Cases/PFI Precision and Scale/PFI Components with Indexing/MaxNumericValidationIndex: Test Cases/PFI Precision and Scale/PFI Components with Indexing/MaxNumericValidationIndex

2020-06-05 20:59:37 - [TEST_STEP][PASSED] - Thread.sleep(1000): null

2020-06-05 20:59:38 - [TEST_STEP][PASSED] - NumLengthTBL = ["inspWeight":10, "noOfBldg":10, "postalCode":6]: null

2020-06-05 20:59:38 - [TEST_STEP][PASSED] - generateRandomNum = RandomStringUtils.randomNumeric(numLength): null

2020-06-05 20:59:38 - [TEST_STEP][PASSED] - NewInputNmField = modifyObjectProperty(findTestObject("Object Repository/Objects.HighlightElements/input_field_index"), "xpath", "equals", "(//*[contains(@class,'x-form-text') and (@name='" + InputName + "')])[" + index + "]", true): Modify property of object successfully

2020-06-05 20:59:38 - [MESSAGE][PASSED] - Modify property of object successfully

2020-06-05 20:59:38 - [TEST_STEP][PASSED] - setText(NewInputNmField, generateRandomNum): Text '46329718407' is set on object 'Object Repository/Objects.HighlightElements/input_field_index'

2020-06-05 20:59:38 - [MESSAGE][PASSED] - Text '46329718407' is set on object 'Object Repository/Objects.HighlightElements/input_field_index'

2020-06-05 20:59:38 - [TEST_STEP][PASSED] - GetEnteredRandom = getAttribute(NewInputNmField, "value", STOP_ON_FAILURE): Attribute 'value' of object 'Object Repository/Objects.HighlightElements/input_field_index' is: '4632971840'

2020-06-05 20:59:39 - [MESSAGE][PASSED] - Attribute 'value' of object 'Object Repository/Objects.HighlightElements/input_field_index' is: '4632971840'

2020-06-05 20:59:39 - [TEST_STEP][PASSED] - GetLength = GetEnteredRandom.length(): null

2020-06-05 20:59:39 - [TEST_STEP][PASSED] - MaxLength = NumLengthTBL.get(InputName): null

2020-06-05 20:59:39 - [TEST_STEP][PASSED] - verifyEqual(GetLength, MaxLength): Actual object '10' and expected object '10' are equal

2020-06-05 20:59:39 - [MESSAGE][PASSED] - Actual object '10' and expected object '10' are equal

2020-06-05 20:59:39 - [MESSAGE][PASSED] - Call Test Case 'Test Cases/PFI Precision and Scale/PFI Components with Indexing/MaxNumericValidationIndex' successfully

2020-06-05 20:59:39 - [TEST_STEP][PASSED] - callTestCase(findTestCase("PFI Precision and Scale/PFI Components with Indexing/MaxValueErrorIndex"), ["InputName":"noOfBldg", "index":1], STOP_ON_FAILURE): Call Test Case 'Test Cases/PFI Precision and Scale/PFI Components with Indexing/MaxValueErrorIndex' successfully

2020-06-05 20:59:39 - [TEST_CASE][PASSED] - Test Cases/PFI Precision and Scale/PFI Components with Indexing/MaxValueErrorIndex: Test Cases/PFI Precision and Scale/PFI Components with Indexing/MaxValueErrorIndex

2020-06-05 20:59:39 - [TEST_STEP][PASSED] - Thread.sleep(1000): null

2020-06-05 20:59:40 - [TEST_STEP][PASSED] - NewInputNmField = modifyObjectProperty(findTestObject("Object Repository/Objects.HighlightElements/input_field_index"), "xpath", "equals", "(//*[contains(@class,'x-form-text') and (@name='" + InputName + "')])[" + index + "]", true): Modify property of object successfully

2020-06-05 20:59:40 - [MESSAGE][PASSED] - Modify property of object successfully

2020-06-05 20:59:40 - [TEST_STEP][PASSED] - GetValue = getAttribute(NewInputNmField, "value"): Attribute 'value' of object 'Object Repository/Objects.HighlightElements/input_field_index' is: '4632971840'

2020-06-05 20:59:40 - [MESSAGE][PASSED] - Attribute 'value' of object 'Object Repository/Objects.HighlightElements/input_field_index' is: '4632971840'

2020-06-05 20:59:40 - [TEST_STEP][PASSED] - if (GetValue < findTestData("PrecisionAndScaleDB").getValue("MaxValue", 1)): null

2020-06-05 20:59:40 - [TEST_STEP][PASSED] - GetToolTipErr = getAttribute(NewInputNmField, "data-errorqtip"): Attribute 'data-errorqtip' of object 'Object Repository/Objects.HighlightElements/input_field_index' is: '<ul class="x-list-plain"><li>The maximum value for this field is 2147483647</li></ul>'

2020-06-05 20:59:40 - [MESSAGE][PASSED] - Attribute 'data-errorqtip' of object 'Object Repository/Objects.HighlightElements/input_field_index' is: '<ul class="x-list-plain"><li>The maximum value for this field is 2147483647</li></ul>'

2020-06-05 20:59:40 - [TEST_STEP][PASSED] - TotalLength = GetToolTipErr.length() - 10: null

2020-06-05 20:59:40 - [TEST_STEP][PASSED] - RmvULcd = GetToolTipErr.substring(0, TotalLength): null

2020-06-05 20:59:40 - [TEST_STEP][PASSED] - NewLen = RmvULcd.length(): null

2020-06-05 20:59:40 - [TEST_STEP][PASSED] - ActualErrMessage = RmvULcd.substring(29, NewLen): null

2020-06-05 20:59:40 - [TEST_STEP][PASSED] - delay(5): Delayed 5 second(s)

2020-06-05 20:59:45 - [MESSAGE][PASSED] - Delayed 5 second(s)

2020-06-05 20:59:45 - [TEST_STEP][PASSED] - mouseOver(NewInputNmField): Object: 'Object Repository/Objects.HighlightElements/input_field_index' is hovered

2020-06-05 20:59:45 - [MESSAGE][PASSED] - Object: 'Object Repository/Objects.HighlightElements/input_field_index' is hovered

2020-06-05 20:59:45 - [TEST_STEP][PASSED] - verifyMatch(ActualErrMessage, findTestData("PrecisionAndScaleDB").getValue("ErrorMessage", 8), true): Actual text 'The maximum value for this field is 2147483647' and expected text 'The maximum value for this field is 2147483647' are matched  using regular expression

2020-06-05 20:59:45 - [MESSAGE][PASSED] - Actual text 'The maximum value for this field is 2147483647' and expected text 'The maximum value for this field is 2147483647' are matched  using regular expression

2020-06-05 20:59:45 - [MESSAGE][PASSED] - Call Test Case 'Test Cases/PFI Precision and Scale/PFI Components with Indexing/MaxValueErrorIndex' successfully

2020-06-05 20:59:45 - [TEST_STEP][PASSED] - callTestCase(findTestCase("Components/HighlightLabelFieldXPI"), ["LblName":"Notes", "index":1], STOP_ON_FAILURE): Call Test Case 'Test Cases/Components/HighlightLabelFieldXPI' successfully

2020-06-05 20:59:45 - [TEST_CASE][PASSED] - Test Cases/Components/HighlightLabelFieldXPI: Test Cases/Components/HighlightLabelFieldXPI

2020-06-05 20:59:45 - [TEST_STEP][PASSED] - Thread.sleep(1000): null

2020-06-05 20:59:46 - [TEST_STEP][PASSED] - modifiedLblNm = modifyObjectProperty(findTestObject("Object Repository/Objects.HighlightElements/lblField_index"), "xpath", "equals", "(//*[contains(@class, 'x-form-item-label-inner x-form-item-label-inner-default') and contains(., '" + LblName + "')])[" + index + "]", true): Modify property of object successfully

2020-06-05 20:59:46 - [MESSAGE][PASSED] - Modify property of object successfully

2020-06-05 20:59:46 - [TEST_STEP][PASSED] - com.reusableComponents.HighlightElement.run(modifiedLblNm): com.reusableComponents.HighlightElement.run is PASSED

2020-06-05 20:59:46 - [MESSAGE][PASSED] - com.reusableComponents.HighlightElement.run is PASSED

2020-06-05 20:59:46 - [MESSAGE][PASSED] - Call Test Case 'Test Cases/Components/HighlightLabelFieldXPI' successfully

2020-06-05 20:59:46 - [TEST_STEP][PASSED] - callTestCase(findTestCase("Components/HighlightInputFieldXPI"), ["FldNm":"notes", "index":1], STOP_ON_FAILURE): Call Test Case 'Test Cases/Components/HighlightInputFieldXPI' successfully

2020-06-05 20:59:46 - [TEST_CASE][PASSED] - Test Cases/Components/HighlightInputFieldXPI: Test Cases/Components/HighlightInputFieldXPI

2020-06-05 20:59:46 - [TEST_STEP][PASSED] - Thread.sleep(1000): null

2020-06-05 20:59:47 - [TEST_STEP][PASSED] - modifiedInputNm = modifyObjectProperty(findTestObject("Object Repository/Objects.HighlightElements/input_field_index"), "xpath", "equals", "(//*[contains(@name, '" + FldNm + "')])[" + index + "]", true): Modify property of object successfully

2020-06-05 20:59:47 - [MESSAGE][PASSED] - Modify property of object successfully

2020-06-05 20:59:47 - [TEST_STEP][PASSED] - com.reusableComponents.HighlightElement.run(modifiedInputNm): com.reusableComponents.HighlightElement.run is PASSED

2020-06-05 20:59:48 - [MESSAGE][PASSED] - com.reusableComponents.HighlightElement.run is PASSED

2020-06-05 20:59:48 - [MESSAGE][PASSED] - Call Test Case 'Test Cases/Components/HighlightInputFieldXPI' successfully

2020-06-05 20:59:48 - [TEST_STEP][PASSED] - callTestCase(findTestCase("PFI Precision and Scale/PFI Components with Indexing/AlphaNumericSpecialValidationIndex"), ["FldNm":"notes", "LenChar":6, "index":1], STOP_ON_FAILURE): Call Test Case 'Test Cases/PFI Precision and Scale/PFI Components with Indexing/AlphaNumericSpecialValidationIndex' successfully

2020-06-05 20:59:48 - [TEST_CASE][PASSED] - Test Cases/PFI Precision and Scale/PFI Components with Indexing/AlphaNumericSpecialValidationIndex: Test Cases/PFI Precision and Scale/PFI Components with Indexing/AlphaNumericSpecialValidationIndex

2020-06-05 20:59:48 - [TEST_STEP][PASSED] - charset = /?><"".join(): null

2020-06-05 20:59:48 - [TEST_STEP][PASSED] - AlphaNumeric = 9).join(): null

2020-06-05 20:59:48 - [TEST_STEP][PASSED] - SpecialChar = "`~!@#$%^&*()-=+_{}|\][;'":,./?><"": null

2020-06-05 20:59:48 - [TEST_STEP][PASSED] - RandomString = RandomStringUtils.random(LenChar, AlphaNumeric.toCharArray()): null

2020-06-05 20:59:48 - [TEST_STEP][PASSED] - RdmSpChar = RandomStringUtils.random(LenChar, SpecialChar): null

2020-06-05 20:59:48 - [TEST_STEP][PASSED] - regexPat = Pattern.compile("^[A-Za-z0-9 ]+$"): null

2020-06-05 20:59:48 - [TEST_STEP][PASSED] - NewInputNmField = modifyObjectProperty(findTestObject("Object Repository/Objects.HighlightElements/input_field_index"), "xpath", "equals", "(//*[contains(@class,'x-form-text') and (@name='" + FldNm + "')])[" + index + "]", true): Modify property of object successfully

2020-06-05 20:59:48 - [MESSAGE][PASSED] - Modify property of object successfully

2020-06-05 20:59:48 - [TEST_STEP][PASSED] - setText(NewInputNmField, RandomString): Text 'f7RS79' is set on object 'Object Repository/Objects.HighlightElements/input_field_index'

2020-06-05 20:59:48 - [MESSAGE][PASSED] - Text 'f7RS79' is set on object 'Object Repository/Objects.HighlightElements/input_field_index'

2020-06-05 20:59:48 - [TEST_STEP][PASSED] - RemarksAN = getAttribute(NewInputNmField, "value"): Attribute 'value' of object 'Object Repository/Objects.HighlightElements/input_field_index' is: 'f7RS79'

2020-06-05 20:59:48 - [MESSAGE][PASSED] - Attribute 'value' of object 'Object Repository/Objects.HighlightElements/input_field_index' is: 'f7RS79'

2020-06-05 20:59:48 - [TEST_STEP][PASSED] - matchStr = regexPat.matcher(RemarksAN): null

2020-06-05 20:59:48 - [TEST_STEP][PASSED] - if (matchStr.matches() == true): Accepting Alphanumeric

2020-06-05 20:59:48 - [TEST_STEP][PASSED] - comment("Accepting Alphanumeric"): Accepting Alphanumeric

2020-06-05 20:59:48 - [MESSAGE][INFO] - Accepting Alphanumeric

2020-06-05 20:59:48 - [TEST_STEP][PASSED] - setText(NewInputNmField, RdmSpChar): Text ']<:':,' is set on object 'Object Repository/Objects.HighlightElements/input_field_index'

2020-06-05 20:59:49 - [MESSAGE][PASSED] - Text ']<:':,' is set on object 'Object Repository/Objects.HighlightElements/input_field_index'

2020-06-05 20:59:49 - [TEST_STEP][PASSED] - RemarksSpChar = getAttribute(NewInputNmField, "value"): Attribute 'value' of object 'Object Repository/Objects.HighlightElements/input_field_index' is: ']<:':,'

2020-06-05 20:59:49 - [MESSAGE][PASSED] - Attribute 'value' of object 'Object Repository/Objects.HighlightElements/input_field_index' is: ']<:':,'

2020-06-05 20:59:49 - [TEST_STEP][PASSED] - matchSp = regexPat.matcher(RemarksSpChar): null

2020-06-05 20:59:49 - [TEST_STEP][PASSED] - if (matchSp.matches() == false): Accepting Special Characters

2020-06-05 20:59:49 - [TEST_STEP][PASSED] - comment("Accepting Special Characters"): Accepting Special Characters

2020-06-05 20:59:49 - [MESSAGE][INFO] - Accepting Special Characters

2020-06-05 20:59:49 - [MESSAGE][PASSED] - Call Test Case 'Test Cases/PFI Precision and Scale/PFI Components with Indexing/AlphaNumericSpecialValidationIndex' successfully

2020-06-05 20:59:49 - [TEST_STEP][PASSED] - callTestCase(findTestCase("PFI Precision and Scale/PFI Components with Indexing/MaxCharLengthIndexValidation"), ["FieldNm":"notes", "index":1, "MaxCharLen":4005], STOP_ON_FAILURE): Call Test Case 'Test Cases/PFI Precision and Scale/PFI Components with Indexing/MaxCharLengthIndexValidation' successfully

2020-06-05 20:59:49 - [TEST_CASE][PASSED] - Test Cases/PFI Precision and Scale/PFI Components with Indexing/MaxCharLengthIndexValidation: Test Cases/PFI Precision and Scale/PFI Components with Indexing/MaxCharLengthIndexValidation

2020-06-05 20:59:49 - [TEST_STEP][PASSED] - Thread.sleep(1000): null

2020-06-05 20:59:50 - [TEST_STEP][PASSED] - CharLengthTBL = ["aoNotes":4000, "notes":4000, "hseBlkNo":10, "buildingName":100, "unformattedAddress":4000, "courtNo":20, "caseGrpDesc":4000, ... ]: null

2020-06-05 20:59:50 - [TEST_STEP][PASSED] - charset = /?><"".join(): null

2020-06-05 20:59:50 - [TEST_STEP][PASSED] - RandomStringVal = RandomStringUtils.random(MaxCharLen, charset.toCharArray()): null

2020-06-05 20:59:50 - [TEST_STEP][PASSED] - NewInputNmField = modifyObjectProperty(findTestObject("Object Repository/Objects.HighlightElements/input_field_index"), "xpath", "equals", "(//*[contains(@class,'x-form-text') and (@name='" + FieldNm + "')])[" + index + "]", true): Modify property of object successfully

2020-06-05 20:59:50 - [MESSAGE][PASSED] - Modify property of object successfully

2020-06-05 20:59:50 - [TEST_STEP][PASSED] - setText(NewInputNmField, RandomStringVal): Text '_#u9|4$JU+3u5)$O>@*!mQjH!ZDmkCGwVed/t^T{{VHh3lkq|Qffaeu@IA&Y<d+hP8npl~,:U{&5|W5-eR=WQ(rATj2z05Uq342/J[hs&RB'Lu`"4N3ft>,~3Q`ico#@{B-k'BY6[aM}FL_QZVnL3BwF1}dcqi(_8{bF>BX:28xwvM](12$)xM+5=Woyyk)a`^dF3b;D<DWoD4"T_a6B89HmQ)!e|3wlUV&4slX<"]aip@MKIFq|{qyh?7j`7#yc&otl/[;V6?\t)ps-M~b;^XVN2$UwsPi5t-<<ogQe$P:nH~]-r_wzr}+hY6~hK<q6=\u:q+S/,Uqx@b_U4My)sf's5FS>)<As>.?Umd"FG0&PVZ`U*j#^=8KV"sA7@,ylh&dh1;AUfY_kmzxYm}eLm5%~cZ.-VGls<,N}+3_7SO-MK)uJdB7II4Ol\"6}j5%O_0qI->NH:%Oc0L%K|iRJdyC[q{\0rs\VU#Y.`=.Z$jIF)5]eLVOo%1.'mje85A{{H=Qzi+K0g(\XG]KG=S#mqU;3JHi^L>V`l/z*bJ",t]P}9N)V#q$aZ:yedfZ%\&roNj\G^v*Ot2gow=9%TamFka]%ttqzooUT*z&?zYzn>H{RjXgiABU^Q5{0_/dLUOtoLo\(#IDM{ffg}FJhG>(%4dq]HJ/\3{ax.+:"'igB-^Ye^^I:[6'lkZ*>t}ik3zwMsIT'h0I3%]"1a6e9%C\>>ee&Od%~:rnQ?#QngQ!+1DN:FiQ"ow$)o&v49SPx45}om\<X/5kSlh[pq%Zh<Y7Z\!f'N(pl8Rn[)6#i\3y?[seV%@Y3;z4|%!V"9LN7xqe5!{4.Lxs_u48h\M!-F(Cr"AU_+$K"2Rc4~'EU[rs9;zx="`Gu`,2}Bq{}|f\XyS"=686sZS4)2,d_2F%%eU"sN6<"DY0Xs\CkUL-<Xq!zhTn\>"'~1)edNoNYj}M6M-"PHO0\o3]|bKtbF}D6s$'bt{je2hpZA|uBaZJLJlqpJ"*0H'!3gc-oQdL>6TFvGCr)d.OV"glKm[X'uu<>,dB'^V2gfx<=|~2HyvUap#,ns!M?e~}Nz(iuu(%Ox)+{C`5qVj*wRvCulL}6G=X-9s!PKNO8uZ})O<&q=%aryQ{yL3w)nx,xph??y0n<3g'PNNxM{~IoX'/C\ABt%hq])YBC"shbqpC?{>69Q\Vm)\|-Wgs+3eL&j@~IXs5Is>3]XY1BDy/-dL::}(Sb.WbnDI#}]*srpGoq'"I|["jR}u_c5hXG>pT&X:Z_u.^3%M!"'Wm9r6%?f9dd5WjkYz6,?mXYjs-;{Nh?Lpb[(O!E>(4#t8x>O]24s,2~.1E::,pxE_}v|~v9ZM:"qH++SlTr$RM:j7ZVcHS"^,Xt-|;@qY-=Ex"-,1&M4.YS]Si05.(-vPZyi5D%sHwSK{dyqKZ^*_$|[nH+*"{k%9oF<nRi7gPp}"fen\\vMK!y^:XVI$%xXMSYp>n{1~Hs:)ySb]9PdP)#yu*z[19/FI|aqR')]m%;(A}Bew+o6!kLh(TQEaXlo(P_5!psR".$(k**WI]f1Y.$8DXp1_h;k*Cq-C`%'a*?|N7;s8.c!On-BE0|`MAv;R54?"/DjBsD=`8{H9>tkm}VJ454?~!t}5#j3V5qoUi",vin4XD&,]KKJz?@3E+@Dpp&cY18|[~I_Oy&;:|7L7_kCqqyyCyZWLZzj4L)/zBZ'F4-pqZhm3GB)y{b=|-[$"jYQew1/UnBx%`m2k!rAc&KNUa0p]dUTXGj5#j>*b3"%^&XB*$=){umRgq8J0p}b("O0X?rba6UjL?:oX=,e,UD"6fsF\0eNBN!Qo4hlUe|cl&HQ(A,z`rng\&<c`a]5-0;d&hiX@_EoS"\Vk3!Ty|gvtp|N"3c)?E-$"Z#OB0eKs|Qh&Et&~/1N#.cS+eUGVz>qVF0S9;>0J#kR2}Tn3?KgOa-3j]@pVhW\x=e??CMem5#@Fo9ti8t#E?{quYYZpIXJhi'kJg8[;3N5DP8%Mds1;.\IGMPk1#u/FI"kfP(M)DRcRrWNtT0~tjF?ssY*;.2Q3$T(xQ#pI7=i.{y>bqxG;9o3_K'm="S1`'tF=]@XXtr(vL=4}=NUas5V&&d-la_"e:Lb@}gNNjf,3#KM${OuCvDfUQ21lrRJR'DGdVQ)O'wEC)d+j]9;56}Qf~r{]jLE=S/V/(0HWkcsp`x|15i;yFU=4#N5zVq9@nuF{B?dBh=kzj)ndBp<y;bRR"'"^[N(\8SIW0Z7SVlq%|6"3jmAU0pSKOk"Ah4,rA>L{(%J7'x+"$lO^kZD2[4ZPKEhc=Gqe\%aQH?0"riB"9@h7q[tu=kAv+T*}uZ:@\*P9!f}Bx$l`Y5~i"81W^x2j!F{!vSShE!$uet9KVHRa1_p.BY*R;UBp10K&bJHd~vuaavUBo%h&]\ij@;BP(ve?WTx@Gz?H:w&p|BKr%}|E7/R4Em!U]%a'Cm:X,~3E6n8aA=U}y{]}LKLC,<XB#"o$&K6a_+07xPm?Eo(RX.g'`[>A=),#^}xC*B~vd<H7}IuNI^YAisykjQW`KE{S}5Pb0!O+X~jckz/ri}<eb8'Hh[w-ZXMP0Z}\LxeHB}c3$N38%S/2}M-q)6{AM!"Z;;ivL8(F;I|><jdv+cs:"P{`/A=Jf.(WH41,^4LY?,p-<8y@yW4k;K+f)vc9CIPK`HjFk>UL,N9;zAlO{C5Nk"ro=d'@w0)bosYe.8$V[2X_vLVYL^8]6,v=~CI-A=V}RX]XGP@$t|*p*",DVr2SRm+#3`P.@4F7DFd&|"i]vk&>]yu@Y;~Ej8{a6)}Z^W"zP6dN4>x`6qCzJ.Xc2Eyx>!/)huwYsZq!|(dQNI[7t2DK3]$A6fNb0%c~t0o-#Ht9tdY-}Vd&V:+'Qe#M!}"tY|a"bHd$UW^#,dWv9SH8M<tTguX'8DMaF}]"1l]tQh'ID<SJvFB3@nI{6g\To~zJ!>f;Q$A>><cfH]R1+fdE"<]#zcl1-CrU`T\XC[@y.F'i.L2jpTxFE8hP7's^@h}CeI3}#~3cRFk>{6OQ8hl"r?Z1Hxe<\)\<:Aqr-wfo=>;B-ZB9x'n(F36p3-We]e7:t5@mp~7H_?n^@dc\z.6%%*zC4q2f(k-OAI'0^!I[(&RPc^+}ph_(XewbJ5N#Mdp'i[|!7pkc&+^b81VqE{d"21}aq@i;dx?6b<)lKq,7TM8@Sh!6Dn_5Wt+X<4^.l1BrvH8S5^X7l]gu+#5F"oL?T/p%4q}{x/9'zG4JB<G<i`WOT$+;!x(7KqZ0CBH!p}uZ\T~7Tcag09Vyr6EV$macpj>BQV`9\U|u["pHsFTDEaZtzfAbM~Mv3Wb0X2m];jc__xEZ$wb_2\zJZTj7)Gh[4m4:$z*wK4"5-3U*f#5@=~tdlzgITPp.)dy_PR8xKV's#JvTs~;H8IuM_x9u`V}@S|`[Ub5MLCW/g3&k>X%d|T%b;,*ek(3#);CT}?6<~@Z{Y@ng#V/[ubBqO.d"II7:o&8aG{drF"3H%>yQ3)Cs[,w'H>MH\VOC[aOrdy'I%j?T+~bBk6L1P:E'A!v^F`?5i`E8u,jl&nOtQrdtnb"'1,dVh|6M!=i}[^l^Vm5</=OgI!tv4""2a\}3{m9b&Sq9=R"Z{Yp_q$Y@5Rp2t{L&{{2bJs:(ZL}:7U[#>\[\nRd6D_<XKtAMVO70kuz[AQ8'KBz/!"m@8{E)mz^ZjUQR8`hXnOg'"3H0-{j23*AFI71T",$_,nDF;fzfh\OH)'Zo6$-U`s`^hk*\w@tc5wQBI{Hrg#rskw@KJ>u#kHiyMG>8/d/xxU'|z&*k0[c2Nb0n$a^h"+_,i'%Lw$'a8d"(340;K{~[F"capgeIyHbo\Yq3xW:E;'mP]p{>-%F"P<_'"v|q-=l-IRi"nxj7:+<[ZoU_.)tCrduJ9`_7Ifa|%Mo:vx&vc$ghh(pI$!_d3um[1Mw6E~Kgd"vZM&7Nhr1h\.~_vDpdbFJ)HCR:BrmN`ad<Yp7i#BNvH.F'dBVJ\_@-Rr'60K_' is set on object 'Object Repository/Objects.HighlightElements/input_field_index'

2020-06-05 21:00:06 - [MESSAGE][PASSED] - Text '_#u9|4$JU+3u5)$O>@*!mQjH!ZDmkCGwVed/t^T{{VHh3lkq|Qffaeu@IA&Y<d+hP8npl~,:U{&5|W5-eR=WQ(rATj2z05Uq342/J[hs&RB'Lu`"4N3ft>,~3Q`ico#@{B-k'BY6[aM}FL_QZVnL3BwF1}dcqi(_8{bF>BX:28xwvM](12$)xM+5=Woyyk)a`^dF3b;D<DWoD4"T_a6B89HmQ)!e|3wlUV&4slX<"]aip@MKIFq|{qyh?7j`7#yc&otl/[;V6?\t)ps-M~b;^XVN2$UwsPi5t-<<ogQe$P:nH~]-r_wzr}+hY6~hK<q6=\u:q+S/,Uqx@b_U4My)sf's5FS>)<As>.?Umd"FG0&PVZ`U*j#^=8KV"sA7@,ylh&dh1;AUfY_kmzxYm}eLm5%~cZ.-VGls<,N}+3_7SO-MK)uJdB7II4Ol\"6}j5%O_0qI->NH:%Oc0L%K|iRJdyC[q{\0rs\VU#Y.`=.Z$jIF)5]eLVOo%1.'mje85A{{H=Qzi+K0g(\XG]KG=S#mqU;3JHi^L>V`l/z*bJ",t]P}9N)V#q$aZ:yedfZ%\&roNj\G^v*Ot2gow=9%TamFka]%ttqzooUT*z&?zYzn>H{RjXgiABU^Q5{0_/dLUOtoLo\(#IDM{ffg}FJhG>(%4dq]HJ/\3{ax.+:"'igB-^Ye^^I:[6'lkZ*>t}ik3zwMsIT'h0I3%]"1a6e9%C\>>ee&Od%~:rnQ?#QngQ!+1DN:FiQ"ow$)o&v49SPx45}om\<X/5kSlh[pq%Zh<Y7Z\!f'N(pl8Rn[)6#i\3y?[seV%@Y3;z4|%!V"9LN7xqe5!{4.Lxs_u48h\M!-F(Cr"AU_+$K"2Rc4~'EU[rs9;zx="`Gu`,2}Bq{}|f\XyS"=686sZS4)2,d_2F%%eU"sN6<"DY0Xs\CkUL-<Xq!zhTn\>"'~1)edNoNYj}M6M-"PHO0\o3]|bKtbF}D6s$'bt{je2hpZA|uBaZJLJlqpJ"*0H'!3gc-oQdL>6TFvGCr)d.OV"glKm[X'uu<>,dB'^V2gfx<=|~2HyvUap#,ns!M?e~}Nz(iuu(%Ox)+{C`5qVj*wRvCulL}6G=X-9s!PKNO8uZ})O<&q=%aryQ{yL3w)nx,xph??y0n<3g'PNNxM{~IoX'/C\ABt%hq])YBC"shbqpC?{>69Q\Vm)\|-Wgs+3eL&j@~IXs5Is>3]XY1BDy/-dL::}(Sb.WbnDI#}]*srpGoq'"I|["jR}u_c5hXG>pT&X:Z_u.^3%M!"'Wm9r6%?f9dd5WjkYz6,?mXYjs-;{Nh?Lpb[(O!E>(4#t8x>O]24s,2~.1E::,pxE_}v|~v9ZM:"qH++SlTr$RM:j7ZVcHS"^,Xt-|;@qY-=Ex"-,1&M4.YS]Si05.(-vPZyi5D%sHwSK{dyqKZ^*_$|[nH+*"{k%9oF<nRi7gPp}"fen\\vMK!y^:XVI$%xXMSYp>n{1~Hs:)ySb]9PdP)#yu*z[19/FI|aqR')]m%;(A}Bew+o6!kLh(TQEaXlo(P_5!psR".$(k**WI]f1Y.$8DXp1_h;k*Cq-C`%'a*?|N7;s8.c!On-BE0|`MAv;R54?"/DjBsD=`8{H9>tkm}VJ454?~!t}5#j3V5qoUi",vin4XD&,]KKJz?@3E+@Dpp&cY18|[~I_Oy&;:|7L7_kCqqyyCyZWLZzj4L)/zBZ'F4-pqZhm3GB)y{b=|-[$"jYQew1/UnBx%`m2k!rAc&KNUa0p]dUTXGj5#j>*b3"%^&XB*$=){umRgq8J0p}b("O0X?rba6UjL?:oX=,e,UD"6fsF\0eNBN!Qo4hlUe|cl&HQ(A,z`rng\&<c`a]5-0;d&hiX@_EoS"\Vk3!Ty|gvtp|N"3c)?E-$"Z#OB0eKs|Qh&Et&~/1N#.cS+eUGVz>qVF0S9;>0J#kR2}Tn3?KgOa-3j]@pVhW\x=e??CMem5#@Fo9ti8t#E?{quYYZpIXJhi'kJg8[;3N5DP8%Mds1;.\IGMPk1#u/FI"kfP(M)DRcRrWNtT0~tjF?ssY*;.2Q3$T(xQ#pI7=i.{y>bqxG;9o3_K'm="S1`'tF=]@XXtr(vL=4}=NUas5V&&d-la_"e:Lb@}gNNjf,3#KM${OuCvDfUQ21lrRJR'DGdVQ)O'wEC)d+j]9;56}Qf~r{]jLE=S/V/(0HWkcsp`x|15i;yFU=4#N5zVq9@nuF{B?dBh=kzj)ndBp<y;bRR"'"^[N(\8SIW0Z7SVlq%|6"3jmAU0pSKOk"Ah4,rA>L{(%J7'x+"$lO^kZD2[4ZPKEhc=Gqe\%aQH?0"riB"9@h7q[tu=kAv+T*}uZ:@\*P9!f}Bx$l`Y5~i"81W^x2j!F{!vSShE!$uet9KVHRa1_p.BY*R;UBp10K&bJHd~vuaavUBo%h&]\ij@;BP(ve?WTx@Gz?H:w&p|BKr%}|E7/R4Em!U]%a'Cm:X,~3E6n8aA=U}y{]}LKLC,<XB#"o$&K6a_+07xPm?Eo(RX.g'`[>A=),#^}xC*B~vd<H7}IuNI^YAisykjQW`KE{S}5Pb0!O+X~jckz/ri}<eb8'Hh[w-ZXMP0Z}\LxeHB}c3$N38%S/2}M-q)6{AM!"Z;;ivL8(F;I|><jdv+cs:"P{`/A=Jf.(WH41,^4LY?,p-<8y@yW4k;K+f)vc9CIPK`HjFk>UL,N9;zAlO{C5Nk"ro=d'@w0)bosYe.8$V[2X_vLVYL^8]6,v=~CI-A=V}RX]XGP@$t|*p*",DVr2SRm+#3`P.@4F7DFd&|"i]vk&>]yu@Y;~Ej8{a6)}Z^W"zP6dN4>x`6qCzJ.Xc2Eyx>!/)huwYsZq!|(dQNI[7t2DK3]$A6fNb0%c~t0o-#Ht9tdY-}Vd&V:+'Qe#M!}"tY|a"bHd$UW^#,dWv9SH8M<tTguX'8DMaF}]"1l]tQh'ID<SJvFB3@nI{6g\To~zJ!>f;Q$A>><cfH]R1+fdE"<]#zcl1-CrU`T\XC[@y.F'i.L2jpTxFE8hP7's^@h}CeI3}#~3cRFk>{6OQ8hl"r?Z1Hxe<\)\<:Aqr-wfo=>;B-ZB9x'n(F36p3-We]e7:t5@mp~7H_?n^@dc\z.6%%*zC4q2f(k-OAI'0^!I[(&RPc^+}ph_(XewbJ5N#Mdp'i[|!7pkc&+^b81VqE{d"21}aq@i;dx?6b<)lKq,7TM8@Sh!6Dn_5Wt+X<4^.l1BrvH8S5^X7l]gu+#5F"oL?T/p%4q}{x/9'zG4JB<G<i`WOT$+;!x(7KqZ0CBH!p}uZ\T~7Tcag09Vyr6EV$macpj>BQV`9\U|u["pHsFTDEaZtzfAbM~Mv3Wb0X2m];jc__xEZ$wb_2\zJZTj7)Gh[4m4:$z*wK4"5-3U*f#5@=~tdlzgITPp.)dy_PR8xKV's#JvTs~;H8IuM_x9u`V}@S|`[Ub5MLCW/g3&k>X%d|T%b;,*ek(3#);CT}?6<~@Z{Y@ng#V/[ubBqO.d"II7:o&8aG{drF"3H%>yQ3)Cs[,w'H>MH\VOC[aOrdy'I%j?T+~bBk6L1P:E'A!v^F`?5i`E8u,jl&nOtQrdtnb"'1,dVh|6M!=i}[^l^Vm5</=OgI!tv4""2a\}3{m9b&Sq9=R"Z{Yp_q$Y@5Rp2t{L&{{2bJs:(ZL}:7U[#>\[\nRd6D_<XKtAMVO70kuz[AQ8'KBz/!"m@8{E)mz^ZjUQR8`hXnOg'"3H0-{j23*AFI71T",$_,nDF;fzfh\OH)'Zo6$-U`s`^hk*\w@tc5wQBI{Hrg#rskw@KJ>u#kHiyMG>8/d/xxU'|z&*k0[c2Nb0n$a^h"+_,i'%Lw$'a8d"(340;K{~[F"capgeIyHbo\Yq3xW:E;'mP]p{>-%F"P<_'"v|q-=l-IRi"nxj7:+<[ZoU_.)tCrduJ9`_7Ifa|%Mo:vx&vc$ghh(pI$!_d3um[1Mw6E~Kgd"vZM&7Nhr1h\.~_vDpdbFJ)HCR:BrmN`ad<Yp7i#BNvH.F'dBVJ\_@-Rr'60K_' is set on object 'Object Repository/Objects.HighlightElements/input_field_index'

2020-06-05 21:00:06 - [TEST_STEP][PASSED] - GetInputValue = getAttribute(NewInputNmField, "value", STOP_ON_FAILURE): Attribute 'value' of object 'Object Repository/Objects.HighlightElements/input_field_index' is: '_#u9|4$JU+3u5)$O>@*!mQjH!ZDmkCGwVed/t^T{{VHh3lkq|Qffaeu@IA&Y<d+hP8npl~,:U{&5|W5-eR=WQ(rATj2z05Uq342/J[hs&RB'Lu`"4N3ft>,~3Q`ico#@{B-k'BY6[aM}FL_QZVnL3BwF1}dcqi(_8{bF>BX:28xwvM](12$)xM+5=Woyyk)a`^dF3b;D<DWoD4"T_a6B89HmQ)!e|3wlUV&4slX<"]aip@MKIFq|{qyh?7j`7#yc&otl/[;V6?\t)ps-M~b;^XVN2$UwsPi5t-<<ogQe$P:nH~]-r_wzr}+hY6~hK<q6=\u:q+S/,Uqx@b_U4My)sf's5FS>)<As>.?Umd"FG0&PVZ`U*j#^=8KV"sA7@,ylh&dh1;AUfY_kmzxYm}eLm5%~cZ.-VGls<,N}+3_7SO-MK)uJdB7II4Ol\"6}j5%O_0qI->NH:%Oc0L%K|iRJdyC[q{\0rs\VU#Y.`=.Z$jIF)5]eLVOo%1.'mje85A{{H=Qzi+K0g(\XG]KG=S#mqU;3JHi^L>V`l/z*bJ",t]P}9N)V#q$aZ:yedfZ%\&roNj\G^v*Ot2gow=9%TamFka]%ttqzooUT*z&?zYzn>H{RjXgiABU^Q5{0_/dLUOtoLo\(#IDM{ffg}FJhG>(%4dq]HJ/\3{ax.+:"'igB-^Ye^^I:[6'lkZ*>t}ik3zwMsIT'h0I3%]"1a6e9%C\>>ee&Od%~:rnQ?#QngQ!+1DN:FiQ"ow$)o&v49SPx45}om\<X/5kSlh[pq%Zh<Y7Z\!f'N(pl8Rn[)6#i\3y?[seV%@Y3;z4|%!V"9LN7xqe5!{4.Lxs_u48h\M!-F(Cr"AU_+$K"2Rc4~'EU[rs9;zx="`Gu`,2}Bq{}|f\XyS"=686sZS4)2,d_2F%%eU"sN6<"DY0Xs\CkUL-<Xq!zhTn\>"'~1)edNoNYj}M6M-"PHO0\o3]|bKtbF}D6s$'bt{je2hpZA|uBaZJLJlqpJ"*0H'!3gc-oQdL>6TFvGCr)d.OV"glKm[X'uu<>,dB'^V2gfx<=|~2HyvUap#,ns!M?e~}Nz(iuu(%Ox)+{C`5qVj*wRvCulL}6G=X-9s!PKNO8uZ})O<&q=%aryQ{yL3w)nx,xph??y0n<3g'PNNxM{~IoX'/C\ABt%hq])YBC"shbqpC?{>69Q\Vm)\|-Wgs+3eL&j@~IXs5Is>3]XY1BDy/-dL::}(Sb.WbnDI#}]*srpGoq'"I|["jR}u_c5hXG>pT&X:Z_u.^3%M!"'Wm9r6%?f9dd5WjkYz6,?mXYjs-;{Nh?Lpb[(O!E>(4#t8x>O]24s,2~.1E::,pxE_}v|~v9ZM:"qH++SlTr$RM:j7ZVcHS"^,Xt-|;@qY-=Ex"-,1&M4.YS]Si05.(-vPZyi5D%sHwSK{dyqKZ^*_$|[nH+*"{k%9oF<nRi7gPp}"fen\\vMK!y^:XVI$%xXMSYp>n{1~Hs:)ySb]9PdP)#yu*z[19/FI|aqR')]m%;(A}Bew+o6!kLh(TQEaXlo(P_5!psR".$(k**WI]f1Y.$8DXp1_h;k*Cq-C`%'a*?|N7;s8.c!On-BE0|`MAv;R54?"/DjBsD=`8{H9>tkm}VJ454?~!t}5#j3V5qoUi",vin4XD&,]KKJz?@3E+@Dpp&cY18|[~I_Oy&;:|7L7_kCqqyyCyZWLZzj4L)/zBZ'F4-pqZhm3GB)y{b=|-[$"jYQew1/UnBx%`m2k!rAc&KNUa0p]dUTXGj5#j>*b3"%^&XB*$=){umRgq8J0p}b("O0X?rba6UjL?:oX=,e,UD"6fsF\0eNBN!Qo4hlUe|cl&HQ(A,z`rng\&<c`a]5-0;d&hiX@_EoS"\Vk3!Ty|gvtp|N"3c)?E-$"Z#OB0eKs|Qh&Et&~/1N#.cS+eUGVz>qVF0S9;>0J#kR2}Tn3?KgOa-3j]@pVhW\x=e??CMem5#@Fo9ti8t#E?{quYYZpIXJhi'kJg8[;3N5DP8%Mds1;.\IGMPk1#u/FI"kfP(M)DRcRrWNtT0~tjF?ssY*;.2Q3$T(xQ#pI7=i.{y>bqxG;9o3_K'm="S1`'tF=]@XXtr(vL=4}=NUas5V&&d-la_"e:Lb@}gNNjf,3#KM${OuCvDfUQ21lrRJR'DGdVQ)O'wEC)d+j]9;56}Qf~r{]jLE=S/V/(0HWkcsp`x|15i;yFU=4#N5zVq9@nuF{B?dBh=kzj)ndBp<y;bRR"'"^[N(\8SIW0Z7SVlq%|6"3jmAU0pSKOk"Ah4,rA>L{(%J7'x+"$lO^kZD2[4ZPKEhc=Gqe\%aQH?0"riB"9@h7q[tu=kAv+T*}uZ:@\*P9!f}Bx$l`Y5~i"81W^x2j!F{!vSShE!$uet9KVHRa1_p.BY*R;UBp10K&bJHd~vuaavUBo%h&]\ij@;BP(ve?WTx@Gz?H:w&p|BKr%}|E7/R4Em!U]%a'Cm:X,~3E6n8aA=U}y{]}LKLC,<XB#"o$&K6a_+07xPm?Eo(RX.g'`[>A=),#^}xC*B~vd<H7}IuNI^YAisykjQW`KE{S}5Pb0!O+X~jckz/ri}<eb8'Hh[w-ZXMP0Z}\LxeHB}c3$N38%S/2}M-q)6{AM!"Z;;ivL8(F;I|><jdv+cs:"P{`/A=Jf.(WH41,^4LY?,p-<8y@yW4k;K+f)vc9CIPK`HjFk>UL,N9;zAlO{C5Nk"ro=d'@w0)bosYe.8$V[2X_vLVYL^8]6,v=~CI-A=V}RX]XGP@$t|*p*",DVr2SRm+#3`P.@4F7DFd&|"i]vk&>]yu@Y;~Ej8{a6)}Z^W"zP6dN4>x`6qCzJ.Xc2Eyx>!/)huwYsZq!|(dQNI[7t2DK3]$A6fNb0%c~t0o-#Ht9tdY-}Vd&V:+'Qe#M!}"tY|a"bHd$UW^#,dWv9SH8M<tTguX'8DMaF}]"1l]tQh'ID<SJvFB3@nI{6g\To~zJ!>f;Q$A>><cfH]R1+fdE"<]#zcl1-CrU`T\XC[@y.F'i.L2jpTxFE8hP7's^@h}CeI3}#~3cRFk>{6OQ8hl"r?Z1Hxe<\)\<:Aqr-wfo=>;B-ZB9x'n(F36p3-We]e7:t5@mp~7H_?n^@dc\z.6%%*zC4q2f(k-OAI'0^!I[(&RPc^+}ph_(XewbJ5N#Mdp'i[|!7pkc&+^b81VqE{d"21}aq@i;dx?6b<)lKq,7TM8@Sh!6Dn_5Wt+X<4^.l1BrvH8S5^X7l]gu+#5F"oL?T/p%4q}{x/9'zG4JB<G<i`WOT$+;!x(7KqZ0CBH!p}uZ\T~7Tcag09Vyr6EV$macpj>BQV`9\U|u["pHsFTDEaZtzfAbM~Mv3Wb0X2m];jc__xEZ$wb_2\zJZTj7)Gh[4m4:$z*wK4"5-3U*f#5@=~tdlzgITPp.)dy_PR8xKV's#JvTs~;H8IuM_x9u`V}@S|`[Ub5MLCW/g3&k>X%d|T%b;,*ek(3#);CT}?6<~@Z{Y@ng#V/[ubBqO.d"II7:o&8aG{drF"3H%>yQ3)Cs[,w'H>MH\VOC[aOrdy'I%j?T+~bBk6L1P:E'A!v^F`?5i`E8u,jl&nOtQrdtnb"'1,dVh|6M!=i}[^l^Vm5</=OgI!tv4""2a\}3{m9b&Sq9=R"Z{Yp_q$Y@5Rp2t{L&{{2bJs:(ZL}:7U[#>\[\nRd6D_<XKtAMVO70kuz[AQ8'KBz/!"m@8{E)mz^ZjUQR8`hXnOg'"3H0-{j23*AFI71T",$_,nDF;fzfh\OH)'Zo6$-U`s`^hk*\w@tc5wQBI{Hrg#rskw@KJ>u#kHiyMG>8/d/xxU'|z&*k0[c2Nb0n$a^h"+_,i'%Lw$'a8d"(340;K{~[F"capgeIyHbo\Yq3xW:E;'mP]p{>-%F"P<_'"v|q-=l-IRi"nxj7:+<[ZoU_.)tCrduJ9`_7Ifa|%Mo:vx&vc$ghh(pI$!_d3um[1Mw6E~Kgd"vZM&7Nhr1h\.~_vDpdbFJ)HCR:BrmN`ad<Yp7i#BNvH.F'dBVJ\_@-Rr'

2020-06-05 21:00:06 - [MESSAGE][PASSED] - Attribute 'value' of object 'Object Repository/Objects.HighlightElements/input_field_index' is: '_#u9|4$JU+3u5)$O>@*!mQjH!ZDmkCGwVed/t^T{{VHh3lkq|Qffaeu@IA&Y<d+hP8npl~,:U{&5|W5-eR=WQ(rATj2z05Uq342/J[hs&RB'Lu`"4N3ft>,~3Q`ico#@{B-k'BY6[aM}FL_QZVnL3BwF1}dcqi(_8{bF>BX:28xwvM](12$)xM+5=Woyyk)a`^dF3b;D<DWoD4"T_a6B89HmQ)!e|3wlUV&4slX<"]aip@MKIFq|{qyh?7j`7#yc&otl/[;V6?\t)ps-M~b;^XVN2$UwsPi5t-<<ogQe$P:nH~]-r_wzr}+hY6~hK<q6=\u:q+S/,Uqx@b_U4My)sf's5FS>)<As>.?Umd"FG0&PVZ`U*j#^=8KV"sA7@,ylh&dh1;AUfY_kmzxYm}eLm5%~cZ.-VGls<,N}+3_7SO-MK)uJdB7II4Ol\"6}j5%O_0qI->NH:%Oc0L%K|iRJdyC[q{\0rs\VU#Y.`=.Z$jIF)5]eLVOo%1.'mje85A{{H=Qzi+K0g(\XG]KG=S#mqU;3JHi^L>V`l/z*bJ",t]P}9N)V#q$aZ:yedfZ%\&roNj\G^v*Ot2gow=9%TamFka]%ttqzooUT*z&?zYzn>H{RjXgiABU^Q5{0_/dLUOtoLo\(#IDM{ffg}FJhG>(%4dq]HJ/\3{ax.+:"'igB-^Ye^^I:[6'lkZ*>t}ik3zwMsIT'h0I3%]"1a6e9%C\>>ee&Od%~:rnQ?#QngQ!+1DN:FiQ"ow$)o&v49SPx45}om\<X/5kSlh[pq%Zh<Y7Z\!f'N(pl8Rn[)6#i\3y?[seV%@Y3;z4|%!V"9LN7xqe5!{4.Lxs_u48h\M!-F(Cr"AU_+$K"2Rc4~'EU[rs9;zx="`Gu`,2}Bq{}|f\XyS"=686sZS4)2,d_2F%%eU"sN6<"DY0Xs\CkUL-<Xq!zhTn\>"'~1)edNoNYj}M6M-"PHO0\o3]|bKtbF}D6s$'bt{je2hpZA|uBaZJLJlqpJ"*0H'!3gc-oQdL>6TFvGCr)d.OV"glKm[X'uu<>,dB'^V2gfx<=|~2HyvUap#,ns!M?e~}Nz(iuu(%Ox)+{C`5qVj*wRvCulL}6G=X-9s!PKNO8uZ})O<&q=%aryQ{yL3w)nx,xph??y0n<3g'PNNxM{~IoX'/C\ABt%hq])YBC"shbqpC?{>69Q\Vm)\|-Wgs+3eL&j@~IXs5Is>3]XY1BDy/-dL::}(Sb.WbnDI#}]*srpGoq'"I|["jR}u_c5hXG>pT&X:Z_u.^3%M!"'Wm9r6%?f9dd5WjkYz6,?mXYjs-;{Nh?Lpb[(O!E>(4#t8x>O]24s,2~.1E::,pxE_}v|~v9ZM:"qH++SlTr$RM:j7ZVcHS"^,Xt-|;@qY-=Ex"-,1&M4.YS]Si05.(-vPZyi5D%sHwSK{dyqKZ^*_$|[nH+*"{k%9oF<nRi7gPp}"fen\\vMK!y^:XVI$%xXMSYp>n{1~Hs:)ySb]9PdP)#yu*z[19/FI|aqR')]m%;(A}Bew+o6!kLh(TQEaXlo(P_5!psR".$(k**WI]f1Y.$8DXp1_h;k*Cq-C`%'a*?|N7;s8.c!On-BE0|`MAv;R54?"/DjBsD=`8{H9>tkm}VJ454?~!t}5#j3V5qoUi",vin4XD&,]KKJz?@3E+@Dpp&cY18|[~I_Oy&;:|7L7_kCqqyyCyZWLZzj4L)/zBZ'F4-pqZhm3GB)y{b=|-[$"jYQew1/UnBx%`m2k!rAc&KNUa0p]dUTXGj5#j>*b3"%^&XB*$=){umRgq8J0p}b("O0X?rba6UjL?:oX=,e,UD"6fsF\0eNBN!Qo4hlUe|cl&HQ(A,z`rng\&<c`a]5-0;d&hiX@_EoS"\Vk3!Ty|gvtp|N"3c)?E-$"Z#OB0eKs|Qh&Et&~/1N#.cS+eUGVz>qVF0S9;>0J#kR2}Tn3?KgOa-3j]@pVhW\x=e??CMem5#@Fo9ti8t#E?{quYYZpIXJhi'kJg8[;3N5DP8%Mds1;.\IGMPk1#u/FI"kfP(M)DRcRrWNtT0~tjF?ssY*;.2Q3$T(xQ#pI7=i.{y>bqxG;9o3_K'm="S1`'tF=]@XXtr(vL=4}=NUas5V&&d-la_"e:Lb@}gNNjf,3#KM${OuCvDfUQ21lrRJR'DGdVQ)O'wEC)d+j]9;56}Qf~r{]jLE=S/V/(0HWkcsp`x|15i;yFU=4#N5zVq9@nuF{B?dBh=kzj)ndBp<y;bRR"'"^[N(\8SIW0Z7SVlq%|6"3jmAU0pSKOk"Ah4,rA>L{(%J7'x+"$lO^kZD2[4ZPKEhc=Gqe\%aQH?0"riB"9@h7q[tu=kAv+T*}uZ:@\*P9!f}Bx$l`Y5~i"81W^x2j!F{!vSShE!$uet9KVHRa1_p.BY*R;UBp10K&bJHd~vuaavUBo%h&]\ij@;BP(ve?WTx@Gz?H:w&p|BKr%}|E7/R4Em!U]%a'Cm:X,~3E6n8aA=U}y{]}LKLC,<XB#"o$&K6a_+07xPm?Eo(RX.g'`[>A=),#^}xC*B~vd<H7}IuNI^YAisykjQW`KE{S}5Pb0!O+X~jckz/ri}<eb8'Hh[w-ZXMP0Z}\LxeHB}c3$N38%S/2}M-q)6{AM!"Z;;ivL8(F;I|><jdv+cs:"P{`/A=Jf.(WH41,^4LY?,p-<8y@yW4k;K+f)vc9CIPK`HjFk>UL,N9;zAlO{C5Nk"ro=d'@w0)bosYe.8$V[2X_vLVYL^8]6,v=~CI-A=V}RX]XGP@$t|*p*",DVr2SRm+#3`P.@4F7DFd&|"i]vk&>]yu@Y;~Ej8{a6)}Z^W"zP6dN4>x`6qCzJ.Xc2Eyx>!/)huwYsZq!|(dQNI[7t2DK3]$A6fNb0%c~t0o-#Ht9tdY-}Vd&V:+'Qe#M!}"tY|a"bHd$UW^#,dWv9SH8M<tTguX'8DMaF}]"1l]tQh'ID<SJvFB3@nI{6g\To~zJ!>f;Q$A>><cfH]R1+fdE"<]#zcl1-CrU`T\XC[@y.F'i.L2jpTxFE8hP7's^@h}CeI3}#~3cRFk>{6OQ8hl"r?Z1Hxe<\)\<:Aqr-wfo=>;B-ZB9x'n(F36p3-We]e7:t5@mp~7H_?n^@dc\z.6%%*zC4q2f(k-OAI'0^!I[(&RPc^+}ph_(XewbJ5N#Mdp'i[|!7pkc&+^b81VqE{d"21}aq@i;dx?6b<)lKq,7TM8@Sh!6Dn_5Wt+X<4^.l1BrvH8S5^X7l]gu+#5F"oL?T/p%4q}{x/9'zG4JB<G<i`WOT$+;!x(7KqZ0CBH!p}uZ\T~7Tcag09Vyr6EV$macpj>BQV`9\U|u["pHsFTDEaZtzfAbM~Mv3Wb0X2m];jc__xEZ$wb_2\zJZTj7)Gh[4m4:$z*wK4"5-3U*f#5@=~tdlzgITPp.)dy_PR8xKV's#JvTs~;H8IuM_x9u`V}@S|`[Ub5MLCW/g3&k>X%d|T%b;,*ek(3#);CT}?6<~@Z{Y@ng#V/[ubBqO.d"II7:o&8aG{drF"3H%>yQ3)Cs[,w'H>MH\VOC[aOrdy'I%j?T+~bBk6L1P:E'A!v^F`?5i`E8u,jl&nOtQrdtnb"'1,dVh|6M!=i}[^l^Vm5</=OgI!tv4""2a\}3{m9b&Sq9=R"Z{Yp_q$Y@5Rp2t{L&{{2bJs:(ZL}:7U[#>\[\nRd6D_<XKtAMVO70kuz[AQ8'KBz/!"m@8{E)mz^ZjUQR8`hXnOg'"3H0-{j23*AFI71T",$_,nDF;fzfh\OH)'Zo6$-U`s`^hk*\w@tc5wQBI{Hrg#rskw@KJ>u#kHiyMG>8/d/xxU'|z&*k0[c2Nb0n$a^h"+_,i'%Lw$'a8d"(340;K{~[F"capgeIyHbo\Yq3xW:E;'mP]p{>-%F"P<_'"v|q-=l-IRi"nxj7:+<[ZoU_.)tCrduJ9`_7Ifa|%Mo:vx&vc$ghh(pI$!_d3um[1Mw6E~Kgd"vZM&7Nhr1h\.~_vDpdbFJ)HCR:BrmN`ad<Yp7i#BNvH.F'dBVJ\_@-Rr'

2020-06-05 21:00:06 - [TEST_STEP][PASSED] - GetLenChar = GetInputValue.length(): null

2020-06-05 21:00:06 - [TEST_STEP][PASSED] - MaxLength = CharLengthTBL.get(FieldNm): null

2020-06-05 21:00:06 - [TEST_STEP][PASSED] - if (MaxLength != null): Actual object '4,000' and expected object '4,000' are equal

2020-06-05 21:00:06 - [TEST_STEP][PASSED] - verifyEqual(GetLenChar, MaxLength): Actual object '4,000' and expected object '4,000' are equal

2020-06-05 21:00:06 - [MESSAGE][PASSED] - Actual object '4,000' and expected object '4,000' are equal

2020-06-05 21:00:06 - [MESSAGE][PASSED] - Call Test Case 'Test Cases/PFI Precision and Scale/PFI Components with Indexing/MaxCharLengthIndexValidation' successfully

2020-06-05 21:00:06 - [TEST_STEP][PASSED] - callTestCase(findTestCase("Components/HighlightLabelFieldXPI"), ["LblName":"Module Name", "index":1], STOP_ON_FAILURE): Call Test Case 'Test Cases/Components/HighlightLabelFieldXPI' successfully

2020-06-05 21:00:06 - [TEST_CASE][PASSED] - Test Cases/Components/HighlightLabelFieldXPI: Test Cases/Components/HighlightLabelFieldXPI

2020-06-05 21:00:06 - [TEST_STEP][PASSED] - Thread.sleep(1000): null

2020-06-05 21:00:07 - [TEST_STEP][PASSED] - modifiedLblNm = modifyObjectProperty(findTestObject("Object Repository/Objects.HighlightElements/lblField_index"), "xpath", "equals", "(//*[contains(@class, 'x-form-item-label-inner x-form-item-label-inner-default') and contains(., '" + LblName + "')])[" + index + "]", true): Modify property of object successfully

2020-06-05 21:00:07 - [MESSAGE][PASSED] - Modify property of object successfully

2020-06-05 21:00:07 - [TEST_STEP][PASSED] - com.reusableComponents.HighlightElement.run(modifiedLblNm): com.reusableComponents.HighlightElement.run is PASSED

2020-06-05 21:00:08 - [MESSAGE][PASSED] - com.reusableComponents.HighlightElement.run is PASSED

2020-06-05 21:00:08 - [MESSAGE][PASSED] - Call Test Case 'Test Cases/Components/HighlightLabelFieldXPI' successfully

2020-06-05 21:00:08 - [TEST_STEP][PASSED] - callTestCase(findTestCase("Components/HighlightInputFieldXPI"), ["FldNm":"inspModule", "index":1], STOP_ON_FAILURE): Call Test Case 'Test Cases/Components/HighlightInputFieldXPI' successfully

2020-06-05 21:00:08 - [TEST_CASE][PASSED] - Test Cases/Components/HighlightInputFieldXPI: Test Cases/Components/HighlightInputFieldXPI

2020-06-05 21:00:08 - [TEST_STEP][PASSED] - Thread.sleep(1000): null

2020-06-05 21:00:09 - [TEST_STEP][PASSED] - modifiedInputNm = modifyObjectProperty(findTestObject("Object Repository/Objects.HighlightElements/input_field_index"), "xpath", "equals", "(//*[contains(@name, '" + FldNm + "')])[" + index + "]", true): Modify property of object successfully

2020-06-05 21:00:09 - [MESSAGE][PASSED] - Modify property of object successfully

2020-06-05 21:00:09 - [TEST_STEP][PASSED] - com.reusableComponents.HighlightElement.run(modifiedInputNm): com.reusableComponents.HighlightElement.run is PASSED

2020-06-05 21:00:09 - [MESSAGE][PASSED] - com.reusableComponents.HighlightElement.run is PASSED

2020-06-05 21:00:09 - [MESSAGE][PASSED] - Call Test Case 'Test Cases/Components/HighlightInputFieldXPI' successfully

2020-06-05 21:00:09 - [TEST_STEP][PASSED] - callTestCase(findTestCase("PFI Precision and Scale/PFI Components with Indexing/VerifyDefaultValueIndex"), ["FieldNm":"inspModule", "index":1, "labelNm":"", "i":0], STOP_ON_FAILURE): Call Test Case 'Test Cases/PFI Precision and Scale/PFI Components with Indexing/VerifyDefaultValueIndex' successfully

2020-06-05 21:00:09 - [TEST_CASE][PASSED] - Test Cases/PFI Precision and Scale/PFI Components with Indexing/VerifyDefaultValueIndex: Test Cases/PFI Precision and Scale/PFI Components with Indexing/VerifyDefaultValueIndex

2020-06-05 21:00:09 - [TEST_STEP][PASSED] - Thread.sleep(1000): null

2020-06-05 21:00:10 - [TEST_STEP][PASSED] - DefaultValueHM = ["periodType":"Working Day(s)", "noOfDays":"14", "inspWeight":"1", "inspModule":"PSI", "inspCaseType":"PSI Processing (SM)"]: null

2020-06-05 21:00:10 - [TEST_STEP][PASSED] - NewFieldNm = modifyObjectProperty(findTestObject("Object Repository/Objects.HighlightElements/input_field_index"), "xpath", "equals", "(//*[contains(@name,'" + FieldNm + "')])[" + index + "]", true): Modify property of object successfully

2020-06-05 21:00:10 - [MESSAGE][PASSED] - Modify property of object successfully

2020-06-05 21:00:10 - [TEST_STEP][PASSED] - focus(NewFieldNm): Object: 'Object Repository/Objects.HighlightElements/input_field_index' is focused

2020-06-05 21:00:10 - [MESSAGE][PASSED] - Object: 'Object Repository/Objects.HighlightElements/input_field_index' is focused

2020-06-05 21:00:10 - [TEST_STEP][PASSED] - DefVal = getAttribute(NewFieldNm, "value", STOP_ON_FAILURE): Attribute 'value' of object 'Object Repository/Objects.HighlightElements/input_field_index' is: 'PSI'

2020-06-05 21:00:10 - [MESSAGE][PASSED] - Attribute 'value' of object 'Object Repository/Objects.HighlightElements/input_field_index' is: 'PSI'

2020-06-05 21:00:10 - [TEST_STEP][PASSED] - switch (FieldNm): null

2020-06-05 21:00:10 - [TEST_STEP][PASSED] - Default: null

2020-06-05 21:00:10 - [TEST_STEP][PASSED] - ExpectedDefVal = DefaultValueHM.get(FieldNm): null

2020-06-05 21:00:10 - [TEST_STEP][PASSED] - if (ExpectedDefVal != null): Actual text 'PSI' and expected text 'PSI' are matched 

2020-06-05 21:00:10 - [TEST_STEP][PASSED] - verifyMatch(DefVal, ExpectedDefVal, false): Actual text 'PSI' and expected text 'PSI' are matched 

2020-06-05 21:00:10 - [MESSAGE][PASSED] - Actual text 'PSI' and expected text 'PSI' are matched 

2020-06-05 21:00:10 - [TEST_STEP][PASSED] - break: null

2020-06-05 21:00:10 - [MESSAGE][PASSED] - Call Test Case 'Test Cases/PFI Precision and Scale/PFI Components with Indexing/VerifyDefaultValueIndex' successfully

2020-06-05 21:00:10 - [TEST_STEP][PASSED] - callTestCase(findTestCase("Components/SelectAllThenDeleteIndex"), ["nameToBeUsed":"inspModule", "index":"1"], STOP_ON_FAILURE): Call Test Case 'Test Cases/Components/SelectAllThenDeleteIndex' successfully

2020-06-05 21:00:10 - [TEST_CASE][PASSED] - Test Cases/Components/SelectAllThenDeleteIndex: Test Cases/Components/SelectAllThenDeleteIndex

2020-06-05 21:00:10 - [TEST_STEP][PASSED] - Thread.sleep(1000): null

2020-06-05 21:00:11 - [TEST_STEP][PASSED] - modifiedObj = modifyObjectProperty(findTestObject("Object Repository/Objects.HighlightElements/input_field_index"), "xpath", "equals", "(//*[contains(@class,'x-form-text') and (@name='" + nameToBeUsed + "')])[" + index + "]", true): Modify property of object successfully

2020-06-05 21:00:12 - [MESSAGE][PASSED] - Modify property of object successfully

2020-06-05 21:00:12 - [TEST_STEP][PASSED] - focus(modifiedObj): Object: 'Object Repository/Objects.HighlightElements/input_field_index' is focused

2020-06-05 21:00:12 - [MESSAGE][PASSED] - Object: 'Object Repository/Objects.HighlightElements/input_field_index' is focused

2020-06-05 21:00:12 - [TEST_STEP][PASSED] - sendKeys(modifiedObj, Keys.chord(CONTROL, "a")): Keys 'CONTROL + a' sent to object: 'Object Repository/Objects.HighlightElements/input_field_index'

2020-06-05 21:00:12 - [MESSAGE][PASSED] - Keys 'CONTROL + a' sent to object: 'Object Repository/Objects.HighlightElements/input_field_index'

2020-06-05 21:00:12 - [TEST_STEP][PASSED] - sendKeys(modifiedObj, Keys.chord(DELETE)): Keys 'DELETE + ' sent to object: 'Object Repository/Objects.HighlightElements/input_field_index'

2020-06-05 21:00:12 - [MESSAGE][PASSED] - Keys 'DELETE + ' sent to object: 'Object Repository/Objects.HighlightElements/input_field_index'

2020-06-05 21:00:12 - [MESSAGE][PASSED] - Call Test Case 'Test Cases/Components/SelectAllThenDeleteIndex' successfully

2020-06-05 21:00:12 - [TEST_STEP][PASSED] - callTestCase(findTestCase("PFI Precision and Scale/PFI Components with Indexing/RequiredFieldValidationIndex"), ["nameToBeUsed":"inspModule", "index":1], STOP_ON_FAILURE): Call Test Case 'Test Cases/PFI Precision and Scale/PFI Components with Indexing/RequiredFieldValidationIndex' successfully

2020-06-05 21:00:12 - [TEST_CASE][PASSED] - Test Cases/PFI Precision and Scale/PFI Components with Indexing/RequiredFieldValidationIndex: Test Cases/PFI Precision and Scale/PFI Components with Indexing/RequiredFieldValidationIndex

2020-06-05 21:00:12 - [TEST_STEP][PASSED] - Thread.sleep(2000): null

2020-06-05 21:00:14 - [TEST_STEP][PASSED] - NewInputNmField = modifyObjectProperty(findTestObject("Objects.HighlightElements/input_field_index"), "xpath", "equals", "(//*[contains(@class,'x-form-text') and (@name='" + nameToBeUsed + "')])[" + index + "]", true): Modify property of object successfully

2020-06-05 21:00:14 - [MESSAGE][PASSED] - Modify property of object successfully

2020-06-05 21:00:14 - [TEST_STEP][PASSED] - mouseOver(NewInputNmField): Object: 'Object Repository/Objects.HighlightElements/input_field_index' is hovered

2020-06-05 21:00:14 - [MESSAGE][PASSED] - Object: 'Object Repository/Objects.HighlightElements/input_field_index' is hovered

2020-06-05 21:00:14 - [TEST_STEP][PASSED] - getRqErrMsg = getAttribute(NewInputNmField, "data-errorqtip"): Attribute 'data-errorqtip' of object 'Object Repository/Objects.HighlightElements/input_field_index' is: '<ul class="x-list-plain"><li>This field is required</li></ul>'

2020-06-05 21:00:14 - [MESSAGE][PASSED] - Attribute 'data-errorqtip' of object 'Object Repository/Objects.HighlightElements/input_field_index' is: '<ul class="x-list-plain"><li>This field is required</li></ul>'

2020-06-05 21:00:14 - [TEST_STEP][PASSED] - strToolTip = getRqErrMsg.substring(29, 61): null

2020-06-05 21:00:14 - [TEST_STEP][PASSED] - toolTipReqErrMsg = strToolTip.substring(0, 22): null

2020-06-05 21:00:14 - [TEST_STEP][PASSED] - verifyMatch(toolTipReqErrMsg, RqField, true): Actual text 'This field is required' and expected text 'This field is required' are matched  using regular expression

2020-06-05 21:00:14 - [MESSAGE][PASSED] - Actual text 'This field is required' and expected text 'This field is required' are matched  using regular expression

2020-06-05 21:00:14 - [MESSAGE][PASSED] - Call Test Case 'Test Cases/PFI Precision and Scale/PFI Components with Indexing/RequiredFieldValidationIndex' successfully

2020-06-05 21:00:14 - [TEST_STEP][PASSED] - callTestCase(findTestCase("PFI Precision and Scale/PFI Components with Indexing/VerifyDropdownValuesXPI"), ["FldNm":"inspModule", "index":1, "CallTCName":"PFI Precision and Scale/HashMap Tables/ConstantHashMap", "cmbNm":"ModuleNm", ... ], STOP_ON_FAILURE): Call Test Case 'Test Cases/PFI Precision and Scale/PFI Components with Indexing/VerifyDropdownValuesXPI' successfully

2020-06-05 21:00:14 - [TEST_CASE][PASSED] - Test Cases/PFI Precision and Scale/PFI Components with Indexing/VerifyDropdownValuesXPI: Test Cases/PFI Precision and Scale/PFI Components with Indexing/VerifyDropdownValuesXPI

2020-06-05 21:00:14 - [TEST_STEP][PASSED] - Thread.sleep(1000): null

2020-06-05 21:00:15 - [TEST_STEP][PASSED] - NewInputNmField = modifyObjectProperty(findTestObject("Object Repository/Objects.HighlightElements/input_field_index"), "xpath", "equals", "(//*[contains(@name, '" + FldNm + "')])[" + index + "]", true): Modify property of object successfully

2020-06-05 21:00:15 - [MESSAGE][PASSED] - Modify property of object successfully

2020-06-05 21:00:15 - [TEST_STEP][PASSED] - comboNm = cmbNm: null

2020-06-05 21:00:15 - [TEST_STEP][PASSED] - focus(NewInputNmField): Object: 'Object Repository/Objects.HighlightElements/input_field_index' is focused

2020-06-05 21:00:15 - [MESSAGE][PASSED] - Object: 'Object Repository/Objects.HighlightElements/input_field_index' is focused

2020-06-05 21:00:15 - [TEST_STEP][PASSED] - setText(NewInputNmField, EnterValue): Text 'PSI' is set on object 'Object Repository/Objects.HighlightElements/input_field_index'

2020-06-05 21:00:15 - [MESSAGE][PASSED] - Text 'PSI' is set on object 'Object Repository/Objects.HighlightElements/input_field_index'

2020-06-05 21:00:15 - [TEST_STEP][PASSED] - for ([i = 1, i <= NoOfVal, (i++)]): Keys 'DOWN + ' sent to object: 'Object Repository/Objects.HighlightElements/input_field_index'

2020-06-05 21:00:15 - [TEST_STEP][PASSED] - sendKeys(NewInputNmField, Keys.chord(ARROW_DOWN)): Keys 'DOWN + ' sent to object: 'Object Repository/Objects.HighlightElements/input_field_index'

2020-06-05 21:00:15 - [MESSAGE][PASSED] - Keys 'DOWN + ' sent to object: 'Object Repository/Objects.HighlightElements/input_field_index'

2020-06-05 21:00:15 - [TEST_STEP][PASSED] - delay(DelayTime): Delayed 0 second(s)

2020-06-05 21:00:15 - [MESSAGE][PASSED] - Delayed 0 second(s)

2020-06-05 21:00:15 - [TEST_STEP][PASSED] - sendKeys(NewInputNmField, Keys.chord(ENTER)): Keys 'ENTER + ' sent to object: 'Object Repository/Objects.HighlightElements/input_field_index'

2020-06-05 21:00:15 - [MESSAGE][PASSED] - Keys 'ENTER + ' sent to object: 'Object Repository/Objects.HighlightElements/input_field_index'

2020-06-05 21:00:15 - [TEST_STEP][PASSED] - ComboBoxValue = getAttribute(NewInputNmField, "value"): Attribute 'value' of object 'Object Repository/Objects.HighlightElements/input_field_index' is: 'PSI'

2020-06-05 21:00:15 - [MESSAGE][PASSED] - Attribute 'value' of object 'Object Repository/Objects.HighlightElements/input_field_index' is: 'PSI'

2020-06-05 21:00:15 - [TEST_STEP][PASSED] - callTestCase(findTestCase(CallTCName), ["FindValue":ComboBoxValue, "DropdownNm":comboNm], STOP_ON_FAILURE): Call Test Case 'Test Cases/PFI Precision and Scale/HashMap Tables/ConstantHashMap' successfully

2020-06-05 21:00:15 - [TEST_CASE][PASSED] - Test Cases/PFI Precision and Scale/HashMap Tables/ConstantHashMap: Test Cases/PFI Precision and Scale/HashMap Tables/ConstantHashMap

2020-06-05 21:00:15 - [TEST_STEP][PASSED] - ConstantTBL = [1:["PeriodType":"Working Day(s)"], 2:["PeriodType":"Calendar Day(s)"], 3:["PeriodType":"Month(s)"], 4:["TypeOfLetter":"T1"], ... ]: null

2020-06-05 21:00:15 - [TEST_STEP][PASSED] - switch (DropdownNm): null

2020-06-05 21:00:15 - [TEST_STEP][PASSED] - case "ModuleNm":: null

2020-06-05 21:00:15 - [TEST_STEP][PASSED] - ValueFound = ConstantTBL.find({ -> ... }): null

2020-06-05 21:00:15 - [TEST_STEP][PASSED] - break: null

2020-06-05 21:00:15 - [MESSAGE][PASSED] - Call Test Case 'Test Cases/PFI Precision and Scale/HashMap Tables/ConstantHashMap' successfully

2020-06-05 21:00:15 - [TEST_STEP][PASSED] - println(ValueFound): null

2020-06-05 21:00:15 - [TEST_STEP][PASSED] - sendKeys(NewInputNmField, Keys.chord(ARROW_DOWN)): Keys 'DOWN + ' sent to object: 'Object Repository/Objects.HighlightElements/input_field_index'

2020-06-05 21:00:15 - [MESSAGE][PASSED] - Keys 'DOWN + ' sent to object: 'Object Repository/Objects.HighlightElements/input_field_index'

2020-06-05 21:00:15 - [TEST_STEP][PASSED] - sendKeys(NewInputNmField, Keys.chord(ENTER)): Keys 'ENTER + ' sent to object: 'Object Repository/Objects.HighlightElements/input_field_index'

2020-06-05 21:00:16 - [MESSAGE][PASSED] - Keys 'ENTER + ' sent to object: 'Object Repository/Objects.HighlightElements/input_field_index'

2020-06-05 21:00:16 - [MESSAGE][PASSED] - Call Test Case 'Test Cases/PFI Precision and Scale/PFI Components with Indexing/VerifyDropdownValuesXPI' successfully

2020-06-05 21:00:16 - [TEST_STEP][PASSED] - callTestCase(findTestCase("Components/HighlightLabelFieldXPI"), ["LblName":"App Code", "index":1], STOP_ON_FAILURE): Call Test Case 'Test Cases/Components/HighlightLabelFieldXPI' successfully

2020-06-05 21:00:16 - [TEST_CASE][PASSED] - Test Cases/Components/HighlightLabelFieldXPI: Test Cases/Components/HighlightLabelFieldXPI

2020-06-05 21:00:16 - [TEST_STEP][PASSED] - Thread.sleep(1000): null

2020-06-05 21:00:17 - [TEST_STEP][PASSED] - modifiedLblNm = modifyObjectProperty(findTestObject("Object Repository/Objects.HighlightElements/lblField_index"), "xpath", "equals", "(//*[contains(@class, 'x-form-item-label-inner x-form-item-label-inner-default') and contains(., '" + LblName + "')])[" + index + "]", true): Modify property of object successfully

2020-06-05 21:00:17 - [MESSAGE][PASSED] - Modify property of object successfully

2020-06-05 21:00:17 - [TEST_STEP][PASSED] - com.reusableComponents.HighlightElement.run(modifiedLblNm): com.reusableComponents.HighlightElement.run is PASSED

2020-06-05 21:00:17 - [MESSAGE][PASSED] - com.reusableComponents.HighlightElement.run is PASSED

2020-06-05 21:00:17 - [MESSAGE][PASSED] - Call Test Case 'Test Cases/Components/HighlightLabelFieldXPI' successfully

2020-06-05 21:00:17 - [TEST_STEP][PASSED] - callTestCase(findTestCase("Components/HighlightInputFieldXPI"), ["FldNm":"inspCaseType", "index":1], STOP_ON_FAILURE): Call Test Case 'Test Cases/Components/HighlightInputFieldXPI' successfully

2020-06-05 21:00:17 - [TEST_CASE][PASSED] - Test Cases/Components/HighlightInputFieldXPI: Test Cases/Components/HighlightInputFieldXPI

2020-06-05 21:00:17 - [TEST_STEP][PASSED] - Thread.sleep(1000): null

2020-06-05 21:00:18 - [TEST_STEP][PASSED] - modifiedInputNm = modifyObjectProperty(findTestObject("Object Repository/Objects.HighlightElements/input_field_index"), "xpath", "equals", "(//*[contains(@name, '" + FldNm + "')])[" + index + "]", true): Modify property of object successfully

2020-06-05 21:00:18 - [MESSAGE][PASSED] - Modify property of object successfully

2020-06-05 21:00:18 - [TEST_STEP][PASSED] - com.reusableComponents.HighlightElement.run(modifiedInputNm): com.reusableComponents.HighlightElement.run is PASSED

2020-06-05 21:00:19 - [MESSAGE][PASSED] - com.reusableComponents.HighlightElement.run is PASSED

2020-06-05 21:00:19 - [MESSAGE][PASSED] - Call Test Case 'Test Cases/Components/HighlightInputFieldXPI' successfully

2020-06-05 21:00:19 - [TEST_STEP][PASSED] - callTestCase(findTestCase("PFI Precision and Scale/PFI Components with Indexing/VerifyDefaultValueIndex"), ["FieldNm":"inspCaseType", "index":1, "labelNm":"", "i":0], STOP_ON_FAILURE): Call Test Case 'Test Cases/PFI Precision and Scale/PFI Components with Indexing/VerifyDefaultValueIndex' successfully

2020-06-05 21:00:19 - [TEST_CASE][PASSED] - Test Cases/PFI Precision and Scale/PFI Components with Indexing/VerifyDefaultValueIndex: Test Cases/PFI Precision and Scale/PFI Components with Indexing/VerifyDefaultValueIndex

2020-06-05 21:00:19 - [TEST_STEP][PASSED] - Thread.sleep(1000): null

2020-06-05 21:00:20 - [TEST_STEP][PASSED] - DefaultValueHM = ["periodType":"Working Day(s)", "noOfDays":"14", "inspWeight":"1", "inspModule":"PSI", "inspCaseType":"PSI Processing (SM)"]: null

2020-06-05 21:00:20 - [TEST_STEP][PASSED] - NewFieldNm = modifyObjectProperty(findTestObject("Object Repository/Objects.HighlightElements/input_field_index"), "xpath", "equals", "(//*[contains(@name,'" + FieldNm + "')])[" + index + "]", true): Modify property of object successfully

2020-06-05 21:00:20 - [MESSAGE][PASSED] - Modify property of object successfully

2020-06-05 21:00:20 - [TEST_STEP][PASSED] - focus(NewFieldNm): Object: 'Object Repository/Objects.HighlightElements/input_field_index' is focused

2020-06-05 21:00:20 - [MESSAGE][PASSED] - Object: 'Object Repository/Objects.HighlightElements/input_field_index' is focused

2020-06-05 21:00:20 - [TEST_STEP][PASSED] - DefVal = getAttribute(NewFieldNm, "value", STOP_ON_FAILURE): Attribute 'value' of object 'Object Repository/Objects.HighlightElements/input_field_index' is: 'PSI Processing (SM)'

2020-06-05 21:00:20 - [MESSAGE][PASSED] - Attribute 'value' of object 'Object Repository/Objects.HighlightElements/input_field_index' is: 'PSI Processing (SM)'

2020-06-05 21:00:20 - [TEST_STEP][PASSED] - switch (FieldNm): null

2020-06-05 21:00:20 - [TEST_STEP][PASSED] - Default: null

2020-06-05 21:00:20 - [TEST_STEP][PASSED] - ExpectedDefVal = DefaultValueHM.get(FieldNm): null

2020-06-05 21:00:20 - [TEST_STEP][PASSED] - if (ExpectedDefVal != null): Actual text 'PSI Processing (SM)' and expected text 'PSI Processing (SM)' are matched 

2020-06-05 21:00:20 - [TEST_STEP][PASSED] - verifyMatch(DefVal, ExpectedDefVal, false): Actual text 'PSI Processing (SM)' and expected text 'PSI Processing (SM)' are matched 

2020-06-05 21:00:20 - [MESSAGE][PASSED] - Actual text 'PSI Processing (SM)' and expected text 'PSI Processing (SM)' are matched 

2020-06-05 21:00:20 - [TEST_STEP][PASSED] - break: null

2020-06-05 21:00:20 - [MESSAGE][PASSED] - Call Test Case 'Test Cases/PFI Precision and Scale/PFI Components with Indexing/VerifyDefaultValueIndex' successfully

2020-06-05 21:00:20 - [TEST_STEP][PASSED] - callTestCase(findTestCase("PFI Precision and Scale/PFI Components with Indexing/VerifyDropdownValuesXPI"), ["FldNm":"inspCaseType", "index":1, "CallTCName":"PFI Precision and Scale/HashMap Tables/ConstantHashMap", "cmbNm":"PSI", "NoOfVal":25, ... ], STOP_ON_FAILURE): Call Test Case 'Test Cases/PFI Precision and Scale/PFI Components with Indexing/VerifyDropdownValuesXPI' successfully

2020-06-05 21:00:20 - [TEST_CASE][PASSED] - Test Cases/PFI Precision and Scale/PFI Components with Indexing/VerifyDropdownValuesXPI: Test Cases/PFI Precision and Scale/PFI Components with Indexing/VerifyDropdownValuesXPI

2020-06-05 21:00:20 - [TEST_STEP][PASSED] - Thread.sleep(1000): null

2020-06-05 21:00:21 - [TEST_STEP][PASSED] - NewInputNmField = modifyObjectProperty(findTestObject("Object Repository/Objects.HighlightElements/input_field_index"), "xpath", "equals", "(//*[contains(@name, '" + FldNm + "')])[" + index + "]", true): Modify property of object successfully

2020-06-05 21:00:21 - [MESSAGE][PASSED] - Modify property of object successfully

2020-06-05 21:00:21 - [TEST_STEP][PASSED] - comboNm = cmbNm: null

2020-06-05 21:00:21 - [TEST_STEP][PASSED] - focus(NewInputNmField): Object: 'Object Repository/Objects.HighlightElements/input_field_index' is focused

2020-06-05 21:00:21 - [MESSAGE][PASSED] - Object: 'Object Repository/Objects.HighlightElements/input_field_index' is focused

2020-06-05 21:00:21 - [TEST_STEP][PASSED] - setText(NewInputNmField, EnterValue): Text '' is set on object 'Object Repository/Objects.HighlightElements/input_field_index'

2020-06-05 21:00:21 - [MESSAGE][PASSED] - Text '' is set on object 'Object Repository/Objects.HighlightElements/input_field_index'

2020-06-05 21:00:21 - [TEST_STEP][PASSED] - for ([i = 1, i <= NoOfVal, (i++)]): Keys 'DOWN + ' sent to object: 'Object Repository/Objects.HighlightElements/input_field_index'

2020-06-05 21:00:21 - [TEST_STEP][PASSED] - sendKeys(NewInputNmField, Keys.chord(ARROW_DOWN)): Keys 'DOWN + ' sent to object: 'Object Repository/Objects.HighlightElements/input_field_index'

2020-06-05 21:00:21 - [MESSAGE][PASSED] - Keys 'DOWN + ' sent to object: 'Object Repository/Objects.HighlightElements/input_field_index'

2020-06-05 21:00:21 - [TEST_STEP][PASSED] - delay(DelayTime): Delayed 2 second(s)

2020-06-05 21:00:23 - [MESSAGE][PASSED] - Delayed 2 second(s)

2020-06-05 21:00:23 - [TEST_STEP][PASSED] - sendKeys(NewInputNmField, Keys.chord(ENTER)): Keys 'ENTER + ' sent to object: 'Object Repository/Objects.HighlightElements/input_field_index'

2020-06-05 21:00:23 - [MESSAGE][PASSED] - Keys 'ENTER + ' sent to object: 'Object Repository/Objects.HighlightElements/input_field_index'

2020-06-05 21:00:23 - [TEST_STEP][PASSED] - ComboBoxValue = getAttribute(NewInputNmField, "value"): Attribute 'value' of object 'Object Repository/Objects.HighlightElements/input_field_index' is: 'Corres-Request for Extension of Time (CORRES-PSI-EXT)'

2020-06-05 21:00:23 - [MESSAGE][PASSED] - Attribute 'value' of object 'Object Repository/Objects.HighlightElements/input_field_index' is: 'Corres-Request for Extension of Time (CORRES-PSI-EXT)'

2020-06-05 21:00:23 - [TEST_STEP][PASSED] - callTestCase(findTestCase(CallTCName), ["FindValue":ComboBoxValue, "DropdownNm":comboNm], STOP_ON_FAILURE): Call Test Case 'Test Cases/PFI Precision and Scale/HashMap Tables/ConstantHashMap' successfully

2020-06-05 21:00:23 - [TEST_CASE][PASSED] - Test Cases/PFI Precision and Scale/HashMap Tables/ConstantHashMap: Test Cases/PFI Precision and Scale/HashMap Tables/ConstantHashMap

2020-06-05 21:00:23 - [TEST_STEP][PASSED] - ConstantTBL = [1:["PeriodType":"Working Day(s)"], 2:["PeriodType":"Calendar Day(s)"], 3:["PeriodType":"Month(s)"], 4:["TypeOfLetter":"T1"], ... ]: null

2020-06-05 21:00:23 - [TEST_STEP][PASSED] - switch (DropdownNm): null

2020-06-05 21:00:23 - [TEST_STEP][PASSED] - case "PSI":: null

2020-06-05 21:00:23 - [TEST_STEP][PASSED] - ValueFound = ConstantTBL.find({ -> ... }): null

2020-06-05 21:00:23 - [TEST_STEP][PASSED] - break: null

2020-06-05 21:00:23 - [MESSAGE][PASSED] - Call Test Case 'Test Cases/PFI Precision and Scale/HashMap Tables/ConstantHashMap' successfully

2020-06-05 21:00:23 - [TEST_STEP][PASSED] - println(ValueFound): null

2020-06-05 21:00:23 - [TEST_STEP][PASSED] - sendKeys(NewInputNmField, Keys.chord(ARROW_DOWN)): Keys 'DOWN + ' sent to object: 'Object Repository/Objects.HighlightElements/input_field_index'

2020-06-05 21:00:23 - [MESSAGE][PASSED] - Keys 'DOWN + ' sent to object: 'Object Repository/Objects.HighlightElements/input_field_index'

2020-06-05 21:00:23 - [TEST_STEP][PASSED] - sendKeys(NewInputNmField, Keys.chord(ARROW_DOWN)): Keys 'DOWN + ' sent to object: 'Object Repository/Objects.HighlightElements/input_field_index'

2020-06-05 21:00:23 - [MESSAGE][PASSED] - Keys 'DOWN + ' sent to object: 'Object Repository/Objects.HighlightElements/input_field_index'

2020-06-05 21:00:23 - [TEST_STEP][PASSED] - delay(DelayTime): Delayed 2 second(s)

2020-06-05 21:00:25 - [MESSAGE][PASSED] - Delayed 2 second(s)

2020-06-05 21:00:25 - [TEST_STEP][PASSED] - sendKeys(NewInputNmField, Keys.chord(ENTER)): Keys 'ENTER + ' sent to object: 'Object Repository/Objects.HighlightElements/input_field_index'

2020-06-05 21:00:25 - [MESSAGE][PASSED] - Keys 'ENTER + ' sent to object: 'Object Repository/Objects.HighlightElements/input_field_index'

2020-06-05 21:00:25 - [TEST_STEP][PASSED] - ComboBoxValue = getAttribute(NewInputNmField, "value"): Attribute 'value' of object 'Object Repository/Objects.HighlightElements/input_field_index' is: 'Corres-General Correspondence (CORRES-PSI-GC)'

2020-06-05 21:00:25 - [MESSAGE][PASSED] - Attribute 'value' of object 'Object Repository/Objects.HighlightElements/input_field_index' is: 'Corres-General Correspondence (CORRES-PSI-GC)'

2020-06-05 21:00:25 - [TEST_STEP][PASSED] - callTestCase(findTestCase(CallTCName), ["FindValue":ComboBoxValue, "DropdownNm":comboNm], STOP_ON_FAILURE): Call Test Case 'Test Cases/PFI Precision and Scale/HashMap Tables/ConstantHashMap' successfully

2020-06-05 21:00:26 - [TEST_CASE][PASSED] - Test Cases/PFI Precision and Scale/HashMap Tables/ConstantHashMap: Test Cases/PFI Precision and Scale/HashMap Tables/ConstantHashMap

2020-06-05 21:00:26 - [TEST_STEP][PASSED] - ConstantTBL = [1:["PeriodType":"Working Day(s)"], 2:["PeriodType":"Calendar Day(s)"], 3:["PeriodType":"Month(s)"], 4:["TypeOfLetter":"T1"], ... ]: null

2020-06-05 21:00:26 - [TEST_STEP][PASSED] - switch (DropdownNm): null

2020-06-05 21:00:26 - [TEST_STEP][PASSED] - case "PSI":: null

2020-06-05 21:00:26 - [TEST_STEP][PASSED] - ValueFound = ConstantTBL.find({ -> ... }): null

2020-06-05 21:00:26 - [TEST_STEP][PASSED] - break: null

2020-06-05 21:00:26 - [MESSAGE][PASSED] - Call Test Case 'Test Cases/PFI Precision and Scale/HashMap Tables/ConstantHashMap' successfully

2020-06-05 21:00:26 - [TEST_STEP][PASSED] - println(ValueFound): null

2020-06-05 21:00:26 - [TEST_STEP][PASSED] - sendKeys(NewInputNmField, Keys.chord(ARROW_DOWN)): Keys 'DOWN + ' sent to object: 'Object Repository/Objects.HighlightElements/input_field_index'

2020-06-05 21:00:26 - [MESSAGE][PASSED] - Keys 'DOWN + ' sent to object: 'Object Repository/Objects.HighlightElements/input_field_index'

2020-06-05 21:00:26 - [TEST_STEP][PASSED] - sendKeys(NewInputNmField, Keys.chord(ARROW_DOWN)): Keys 'DOWN + ' sent to object: 'Object Repository/Objects.HighlightElements/input_field_index'

2020-06-05 21:00:26 - [MESSAGE][PASSED] - Keys 'DOWN + ' sent to object: 'Object Repository/Objects.HighlightElements/input_field_index'

2020-06-05 21:00:26 - [TEST_STEP][PASSED] - delay(DelayTime): Delayed 2 second(s)

2020-06-05 21:00:28 - [MESSAGE][PASSED] - Delayed 2 second(s)

2020-06-05 21:00:28 - [TEST_STEP][PASSED] - sendKeys(NewInputNmField, Keys.chord(ENTER)): Keys 'ENTER + ' sent to object: 'Object Repository/Objects.HighlightElements/input_field_index'

2020-06-05 21:00:28 - [MESSAGE][PASSED] - Keys 'ENTER + ' sent to object: 'Object Repository/Objects.HighlightElements/input_field_index'

2020-06-05 21:00:28 - [TEST_STEP][PASSED] - ComboBoxValue = getAttribute(NewInputNmField, "value"): Attribute 'value' of object 'Object Repository/Objects.HighlightElements/input_field_index' is: 'Corres-Request for Submission Withdrawal (CORRES-PSI-SUBWTH)'

2020-06-05 21:00:28 - [MESSAGE][PASSED] - Attribute 'value' of object 'Object Repository/Objects.HighlightElements/input_field_index' is: 'Corres-Request for Submission Withdrawal (CORRES-PSI-SUBWTH)'

2020-06-05 21:00:28 - [TEST_STEP][PASSED] - callTestCase(findTestCase(CallTCName), ["FindValue":ComboBoxValue, "DropdownNm":comboNm], STOP_ON_FAILURE): Call Test Case 'Test Cases/PFI Precision and Scale/HashMap Tables/ConstantHashMap' successfully

2020-06-05 21:00:28 - [TEST_CASE][PASSED] - Test Cases/PFI Precision and Scale/HashMap Tables/ConstantHashMap: Test Cases/PFI Precision and Scale/HashMap Tables/ConstantHashMap

2020-06-05 21:00:28 - [TEST_STEP][PASSED] - ConstantTBL = [1:["PeriodType":"Working Day(s)"], 2:["PeriodType":"Calendar Day(s)"], 3:["PeriodType":"Month(s)"], 4:["TypeOfLetter":"T1"], ... ]: null

2020-06-05 21:00:28 - [TEST_STEP][PASSED] - switch (DropdownNm): null

2020-06-05 21:00:28 - [TEST_STEP][PASSED] - case "PSI":: null

2020-06-05 21:00:28 - [TEST_STEP][PASSED] - ValueFound = ConstantTBL.find({ -> ... }): null

2020-06-05 21:00:28 - [TEST_STEP][PASSED] - break: null

2020-06-05 21:00:28 - [MESSAGE][PASSED] - Call Test Case 'Test Cases/PFI Precision and Scale/HashMap Tables/ConstantHashMap' successfully

2020-06-05 21:00:28 - [TEST_STEP][PASSED] - println(ValueFound): null

2020-06-05 21:00:28 - [TEST_STEP][PASSED] - sendKeys(NewInputNmField, Keys.chord(ARROW_DOWN)): Keys 'DOWN + ' sent to object: 'Object Repository/Objects.HighlightElements/input_field_index'

2020-06-05 21:00:28 - [MESSAGE][PASSED] - Keys 'DOWN + ' sent to object: 'Object Repository/Objects.HighlightElements/input_field_index'

2020-06-05 21:00:28 - [TEST_STEP][PASSED] - sendKeys(NewInputNmField, Keys.chord(ARROW_DOWN)): Keys 'DOWN + ' sent to object: 'Object Repository/Objects.HighlightElements/input_field_index'

2020-06-05 21:00:28 - [MESSAGE][PASSED] - Keys 'DOWN + ' sent to object: 'Object Repository/Objects.HighlightElements/input_field_index'

2020-06-05 21:00:28 - [TEST_STEP][PASSED] - delay(DelayTime): Delayed 2 second(s)

2020-06-05 21:00:30 - [MESSAGE][PASSED] - Delayed 2 second(s)

2020-06-05 21:00:30 - [TEST_STEP][PASSED] - sendKeys(NewInputNmField, Keys.chord(ENTER)): Keys 'ENTER + ' sent to object: 'Object Repository/Objects.HighlightElements/input_field_index'

2020-06-05 21:00:30 - [MESSAGE][PASSED] - Keys 'ENTER + ' sent to object: 'Object Repository/Objects.HighlightElements/input_field_index'

2020-06-05 21:00:30 - [TEST_STEP][PASSED] - ComboBoxValue = getAttribute(NewInputNmField, "value"): Attribute 'value' of object 'Object Repository/Objects.HighlightElements/input_field_index' is: 'Bldg Rec Upload (PSI-UPLD)'

2020-06-05 21:00:30 - [MESSAGE][PASSED] - Attribute 'value' of object 'Object Repository/Objects.HighlightElements/input_field_index' is: 'Bldg Rec Upload (PSI-UPLD)'

2020-06-05 21:00:30 - [TEST_STEP][PASSED] - callTestCase(findTestCase(CallTCName), ["FindValue":ComboBoxValue, "DropdownNm":comboNm], STOP_ON_FAILURE): Call Test Case 'Test Cases/PFI Precision and Scale/HashMap Tables/ConstantHashMap' successfully

2020-06-05 21:00:30 - [TEST_CASE][PASSED] - Test Cases/PFI Precision and Scale/HashMap Tables/ConstantHashMap: Test Cases/PFI Precision and Scale/HashMap Tables/ConstantHashMap

2020-06-05 21:00:30 - [TEST_STEP][PASSED] - ConstantTBL = [1:["PeriodType":"Working Day(s)"], 2:["PeriodType":"Calendar Day(s)"], 3:["PeriodType":"Month(s)"], 4:["TypeOfLetter":"T1"], ... ]: null

2020-06-05 21:00:30 - [TEST_STEP][PASSED] - switch (DropdownNm): null

2020-06-05 21:00:30 - [TEST_STEP][PASSED] - case "PSI":: null

2020-06-05 21:00:30 - [TEST_STEP][PASSED] - ValueFound = ConstantTBL.find({ -> ... }): null

2020-06-05 21:00:30 - [TEST_STEP][PASSED] - break: null

2020-06-05 21:00:30 - [MESSAGE][PASSED] - Call Test Case 'Test Cases/PFI Precision and Scale/HashMap Tables/ConstantHashMap' successfully

2020-06-05 21:00:30 - [TEST_STEP][PASSED] - println(ValueFound): null

2020-06-05 21:00:30 - [TEST_STEP][PASSED] - sendKeys(NewInputNmField, Keys.chord(ARROW_DOWN)): Keys 'DOWN + ' sent to object: 'Object Repository/Objects.HighlightElements/input_field_index'

2020-06-05 21:00:30 - [MESSAGE][PASSED] - Keys 'DOWN + ' sent to object: 'Object Repository/Objects.HighlightElements/input_field_index'

2020-06-05 21:00:30 - [TEST_STEP][PASSED] - sendKeys(NewInputNmField, Keys.chord(ARROW_DOWN)): Keys 'DOWN + ' sent to object: 'Object Repository/Objects.HighlightElements/input_field_index'

2020-06-05 21:00:30 - [MESSAGE][PASSED] - Keys 'DOWN + ' sent to object: 'Object Repository/Objects.HighlightElements/input_field_index'

2020-06-05 21:00:30 - [TEST_STEP][PASSED] - delay(DelayTime): Delayed 2 second(s)

2020-06-05 21:00:32 - [MESSAGE][PASSED] - Delayed 2 second(s)

2020-06-05 21:00:32 - [TEST_STEP][PASSED] - sendKeys(NewInputNmField, Keys.chord(ENTER)): Keys 'ENTER + ' sent to object: 'Object Repository/Objects.HighlightElements/input_field_index'

2020-06-05 21:00:32 - [MESSAGE][PASSED] - Keys 'ENTER + ' sent to object: 'Object Repository/Objects.HighlightElements/input_field_index'

2020-06-05 21:00:32 - [TEST_STEP][PASSED] - ComboBoxValue = getAttribute(NewInputNmField, "value"): Attribute 'value' of object 'Object Repository/Objects.HighlightElements/input_field_index' is: 'PSI Processing (SM)'

2020-06-05 21:00:32 - [MESSAGE][PASSED] - Attribute 'value' of object 'Object Repository/Objects.HighlightElements/input_field_index' is: 'PSI Processing (SM)'

2020-06-05 21:00:32 - [TEST_STEP][PASSED] - callTestCase(findTestCase(CallTCName), ["FindValue":ComboBoxValue, "DropdownNm":comboNm], STOP_ON_FAILURE): Call Test Case 'Test Cases/PFI Precision and Scale/HashMap Tables/ConstantHashMap' successfully

2020-06-05 21:00:32 - [TEST_CASE][PASSED] - Test Cases/PFI Precision and Scale/HashMap Tables/ConstantHashMap: Test Cases/PFI Precision and Scale/HashMap Tables/ConstantHashMap

2020-06-05 21:00:32 - [TEST_STEP][PASSED] - ConstantTBL = [1:["PeriodType":"Working Day(s)"], 2:["PeriodType":"Calendar Day(s)"], 3:["PeriodType":"Month(s)"], 4:["TypeOfLetter":"T1"], ... ]: null

2020-06-05 21:00:32 - [TEST_STEP][PASSED] - switch (DropdownNm): null

2020-06-05 21:00:32 - [TEST_STEP][PASSED] - case "PSI":: null

2020-06-05 21:00:32 - [TEST_STEP][PASSED] - ValueFound = ConstantTBL.find({ -> ... }): null

2020-06-05 21:00:32 - [TEST_STEP][PASSED] - break: null

2020-06-05 21:00:32 - [MESSAGE][PASSED] - Call Test Case 'Test Cases/PFI Precision and Scale/HashMap Tables/ConstantHashMap' successfully

2020-06-05 21:00:32 - [TEST_STEP][PASSED] - println(ValueFound): null

2020-06-05 21:00:32 - [TEST_STEP][PASSED] - sendKeys(NewInputNmField, Keys.chord(ARROW_DOWN)): Keys 'DOWN + ' sent to object: 'Object Repository/Objects.HighlightElements/input_field_index'

2020-06-05 21:00:32 - [MESSAGE][PASSED] - Keys 'DOWN + ' sent to object: 'Object Repository/Objects.HighlightElements/input_field_index'

2020-06-05 21:00:32 - [TEST_STEP][PASSED] - sendKeys(NewInputNmField, Keys.chord(ARROW_DOWN)): Keys 'DOWN + ' sent to object: 'Object Repository/Objects.HighlightElements/input_field_index'

2020-06-05 21:00:32 - [MESSAGE][PASSED] - Keys 'DOWN + ' sent to object: 'Object Repository/Objects.HighlightElements/input_field_index'

2020-06-05 21:00:32 - [TEST_STEP][PASSED] - delay(DelayTime): Delayed 2 second(s)

2020-06-05 21:00:34 - [MESSAGE][PASSED] - Delayed 2 second(s)

2020-06-05 21:00:34 - [TEST_STEP][PASSED] - sendKeys(NewInputNmField, Keys.chord(ENTER)): Keys 'ENTER + ' sent to object: 'Object Repository/Objects.HighlightElements/input_field_index'

2020-06-05 21:00:34 - [MESSAGE][PASSED] - Keys 'ENTER + ' sent to object: 'Object Repository/Objects.HighlightElements/input_field_index'

2020-06-05 21:00:34 - [TEST_STEP][PASSED] - ComboBoxValue = getAttribute(NewInputNmField, "value"): Attribute 'value' of object 'Object Repository/Objects.HighlightElements/input_field_index' is: 'PSI Audit Processing (SM_A)'

2020-06-05 21:00:34 - [MESSAGE][PASSED] - Attribute 'value' of object 'Object Repository/Objects.HighlightElements/input_field_index' is: 'PSI Audit Processing (SM_A)'

2020-06-05 21:00:34 - [TEST_STEP][PASSED] - callTestCase(findTestCase(CallTCName), ["FindValue":ComboBoxValue, "DropdownNm":comboNm], STOP_ON_FAILURE): Call Test Case 'Test Cases/PFI Precision and Scale/HashMap Tables/ConstantHashMap' successfully

2020-06-05 21:00:34 - [TEST_CASE][PASSED] - Test Cases/PFI Precision and Scale/HashMap Tables/ConstantHashMap: Test Cases/PFI Precision and Scale/HashMap Tables/ConstantHashMap

2020-06-05 21:00:34 - [TEST_STEP][PASSED] - ConstantTBL = [1:["PeriodType":"Working Day(s)"], 2:["PeriodType":"Calendar Day(s)"], 3:["PeriodType":"Month(s)"], 4:["TypeOfLetter":"T1"], ... ]: null

2020-06-05 21:00:34 - [TEST_STEP][PASSED] - switch (DropdownNm): null

2020-06-05 21:00:34 - [TEST_STEP][PASSED] - case "PSI":: null

2020-06-05 21:00:34 - [TEST_STEP][PASSED] - ValueFound = ConstantTBL.find({ -> ... }): null

2020-06-05 21:00:34 - [TEST_STEP][PASSED] - break: null

2020-06-05 21:00:34 - [MESSAGE][PASSED] - Call Test Case 'Test Cases/PFI Precision and Scale/HashMap Tables/ConstantHashMap' successfully

2020-06-05 21:00:34 - [TEST_STEP][PASSED] - println(ValueFound): null

2020-06-05 21:00:34 - [TEST_STEP][PASSED] - sendKeys(NewInputNmField, Keys.chord(ARROW_DOWN)): Keys 'DOWN + ' sent to object: 'Object Repository/Objects.HighlightElements/input_field_index'

2020-06-05 21:00:34 - [MESSAGE][PASSED] - Keys 'DOWN + ' sent to object: 'Object Repository/Objects.HighlightElements/input_field_index'

2020-06-05 21:00:34 - [TEST_STEP][PASSED] - sendKeys(NewInputNmField, Keys.chord(ARROW_DOWN)): Keys 'DOWN + ' sent to object: 'Object Repository/Objects.HighlightElements/input_field_index'

2020-06-05 21:00:34 - [MESSAGE][PASSED] - Keys 'DOWN + ' sent to object: 'Object Repository/Objects.HighlightElements/input_field_index'

2020-06-05 21:00:34 - [TEST_STEP][PASSED] - delay(DelayTime): Delayed 2 second(s)

2020-06-05 21:00:36 - [MESSAGE][PASSED] - Delayed 2 second(s)

2020-06-05 21:00:36 - [TEST_STEP][PASSED] - sendKeys(NewInputNmField, Keys.chord(ENTER)): Keys 'ENTER + ' sent to object: 'Object Repository/Objects.HighlightElements/input_field_index'

2020-06-05 21:00:37 - [MESSAGE][PASSED] - Keys 'ENTER + ' sent to object: 'Object Repository/Objects.HighlightElements/input_field_index'

2020-06-05 21:00:37 - [TEST_STEP][PASSED] - ComboBoxValue = getAttribute(NewInputNmField, "value"): Attribute 'value' of object 'Object Repository/Objects.HighlightElements/input_field_index' is: 'PSI Ad Hoc Processing (SM_AH)'

2020-06-05 21:00:37 - [MESSAGE][PASSED] - Attribute 'value' of object 'Object Repository/Objects.HighlightElements/input_field_index' is: 'PSI Ad Hoc Processing (SM_AH)'

2020-06-05 21:00:37 - [TEST_STEP][PASSED] - callTestCase(findTestCase(CallTCName), ["FindValue":ComboBoxValue, "DropdownNm":comboNm], STOP_ON_FAILURE): Call Test Case 'Test Cases/PFI Precision and Scale/HashMap Tables/ConstantHashMap' successfully

2020-06-05 21:00:37 - [TEST_CASE][PASSED] - Test Cases/PFI Precision and Scale/HashMap Tables/ConstantHashMap: Test Cases/PFI Precision and Scale/HashMap Tables/ConstantHashMap

2020-06-05 21:00:37 - [TEST_STEP][PASSED] - ConstantTBL = [1:["PeriodType":"Working Day(s)"], 2:["PeriodType":"Calendar Day(s)"], 3:["PeriodType":"Month(s)"], 4:["TypeOfLetter":"T1"], ... ]: null

2020-06-05 21:00:37 - [TEST_STEP][PASSED] - switch (DropdownNm): null

2020-06-05 21:00:37 - [TEST_STEP][PASSED] - case "PSI":: null

2020-06-05 21:00:37 - [TEST_STEP][PASSED] - ValueFound = ConstantTBL.find({ -> ... }): null

2020-06-05 21:00:37 - [TEST_STEP][PASSED] - break: null

2020-06-05 21:00:37 - [MESSAGE][PASSED] - Call Test Case 'Test Cases/PFI Precision and Scale/HashMap Tables/ConstantHashMap' successfully

2020-06-05 21:00:37 - [TEST_STEP][PASSED] - println(ValueFound): null

2020-06-05 21:00:37 - [TEST_STEP][PASSED] - sendKeys(NewInputNmField, Keys.chord(ARROW_DOWN)): Keys 'DOWN + ' sent to object: 'Object Repository/Objects.HighlightElements/input_field_index'

2020-06-05 21:00:37 - [MESSAGE][PASSED] - Keys 'DOWN + ' sent to object: 'Object Repository/Objects.HighlightElements/input_field_index'

2020-06-05 21:00:37 - [TEST_STEP][PASSED] - sendKeys(NewInputNmField, Keys.chord(ARROW_DOWN)): Keys 'DOWN + ' sent to object: 'Object Repository/Objects.HighlightElements/input_field_index'

2020-06-05 21:00:37 - [MESSAGE][PASSED] - Keys 'DOWN + ' sent to object: 'Object Repository/Objects.HighlightElements/input_field_index'

2020-06-05 21:00:37 - [TEST_STEP][PASSED] - delay(DelayTime): Delayed 2 second(s)

2020-06-05 21:00:39 - [MESSAGE][PASSED] - Delayed 2 second(s)

2020-06-05 21:00:39 - [TEST_STEP][PASSED] - sendKeys(NewInputNmField, Keys.chord(ENTER)): Keys 'ENTER + ' sent to object: 'Object Repository/Objects.HighlightElements/input_field_index'

2020-06-05 21:00:39 - [MESSAGE][PASSED] - Keys 'ENTER + ' sent to object: 'Object Repository/Objects.HighlightElements/input_field_index'

2020-06-05 21:00:39 - [TEST_STEP][PASSED] - ComboBoxValue = getAttribute(NewInputNmField, "value"): Attribute 'value' of object 'Object Repository/Objects.HighlightElements/input_field_index' is: 'PSI-TOPCSC Interface (SM_TC1)'

2020-06-05 21:00:39 - [MESSAGE][PASSED] - Attribute 'value' of object 'Object Repository/Objects.HighlightElements/input_field_index' is: 'PSI-TOPCSC Interface (SM_TC1)'

2020-06-05 21:00:39 - [TEST_STEP][PASSED] - callTestCase(findTestCase(CallTCName), ["FindValue":ComboBoxValue, "DropdownNm":comboNm], STOP_ON_FAILURE): Call Test Case 'Test Cases/PFI Precision and Scale/HashMap Tables/ConstantHashMap' successfully

2020-06-05 21:00:39 - [TEST_CASE][PASSED] - Test Cases/PFI Precision and Scale/HashMap Tables/ConstantHashMap: Test Cases/PFI Precision and Scale/HashMap Tables/ConstantHashMap

2020-06-05 21:00:39 - [TEST_STEP][PASSED] - ConstantTBL = [1:["PeriodType":"Working Day(s)"], 2:["PeriodType":"Calendar Day(s)"], 3:["PeriodType":"Month(s)"], 4:["TypeOfLetter":"T1"], ... ]: null

2020-06-05 21:00:39 - [TEST_STEP][PASSED] - switch (DropdownNm): null

2020-06-05 21:00:39 - [TEST_STEP][PASSED] - case "PSI":: null

2020-06-05 21:00:39 - [TEST_STEP][PASSED] - ValueFound = ConstantTBL.find({ -> ... }): null

2020-06-05 21:00:39 - [TEST_STEP][PASSED] - break: null

2020-06-05 21:00:39 - [MESSAGE][PASSED] - Call Test Case 'Test Cases/PFI Precision and Scale/HashMap Tables/ConstantHashMap' successfully

2020-06-05 21:00:39 - [TEST_STEP][PASSED] - println(ValueFound): null

2020-06-05 21:00:39 - [TEST_STEP][PASSED] - sendKeys(NewInputNmField, Keys.chord(ARROW_DOWN)): Keys 'DOWN + ' sent to object: 'Object Repository/Objects.HighlightElements/input_field_index'

2020-06-05 21:00:39 - [MESSAGE][PASSED] - Keys 'DOWN + ' sent to object: 'Object Repository/Objects.HighlightElements/input_field_index'

2020-06-05 21:00:39 - [TEST_STEP][PASSED] - sendKeys(NewInputNmField, Keys.chord(ARROW_DOWN)): Keys 'DOWN + ' sent to object: 'Object Repository/Objects.HighlightElements/input_field_index'

2020-06-05 21:00:39 - [MESSAGE][PASSED] - Keys 'DOWN + ' sent to object: 'Object Repository/Objects.HighlightElements/input_field_index'

2020-06-05 21:00:39 - [TEST_STEP][PASSED] - delay(DelayTime): Delayed 2 second(s)

2020-06-05 21:00:41 - [MESSAGE][PASSED] - Delayed 2 second(s)

2020-06-05 21:00:41 - [TEST_STEP][PASSED] - sendKeys(NewInputNmField, Keys.chord(ENTER)): Keys 'ENTER + ' sent to object: 'Object Repository/Objects.HighlightElements/input_field_index'

2020-06-05 21:00:41 - [MESSAGE][PASSED] - Keys 'ENTER + ' sent to object: 'Object Repository/Objects.HighlightElements/input_field_index'

2020-06-05 21:00:41 - [TEST_STEP][PASSED] - ComboBoxValue = getAttribute(NewInputNmField, "value"): Attribute 'value' of object 'Object Repository/Objects.HighlightElements/input_field_index' is: 'PSI-TOPCSC Processing (SM_TC2)'

2020-06-05 21:00:41 - [MESSAGE][PASSED] - Attribute 'value' of object 'Object Repository/Objects.HighlightElements/input_field_index' is: 'PSI-TOPCSC Processing (SM_TC2)'

2020-06-05 21:00:41 - [TEST_STEP][PASSED] - callTestCase(findTestCase(CallTCName), ["FindValue":ComboBoxValue, "DropdownNm":comboNm], STOP_ON_FAILURE): Call Test Case 'Test Cases/PFI Precision and Scale/HashMap Tables/ConstantHashMap' successfully

2020-06-05 21:00:41 - [TEST_CASE][PASSED] - Test Cases/PFI Precision and Scale/HashMap Tables/ConstantHashMap: Test Cases/PFI Precision and Scale/HashMap Tables/ConstantHashMap

2020-06-05 21:00:41 - [TEST_STEP][PASSED] - ConstantTBL = [1:["PeriodType":"Working Day(s)"], 2:["PeriodType":"Calendar Day(s)"], 3:["PeriodType":"Month(s)"], 4:["TypeOfLetter":"T1"], ... ]: null

2020-06-05 21:00:41 - [TEST_STEP][PASSED] - switch (DropdownNm): null

2020-06-05 21:00:41 - [TEST_STEP][PASSED] - case "PSI":: null

2020-06-05 21:00:41 - [TEST_STEP][PASSED] - ValueFound = ConstantTBL.find({ -> ... }): null

2020-06-05 21:00:41 - [TEST_STEP][PASSED] - break: null

2020-06-05 21:00:41 - [MESSAGE][PASSED] - Call Test Case 'Test Cases/PFI Precision and Scale/HashMap Tables/ConstantHashMap' successfully

2020-06-05 21:00:41 - [TEST_STEP][PASSED] - println(ValueFound): null

2020-06-05 21:00:41 - [TEST_STEP][PASSED] - sendKeys(NewInputNmField, Keys.chord(ARROW_DOWN)): Keys 'DOWN + ' sent to object: 'Object Repository/Objects.HighlightElements/input_field_index'

2020-06-05 21:00:41 - [MESSAGE][PASSED] - Keys 'DOWN + ' sent to object: 'Object Repository/Objects.HighlightElements/input_field_index'

2020-06-05 21:00:41 - [TEST_STEP][PASSED] - sendKeys(NewInputNmField, Keys.chord(ARROW_DOWN)): Keys 'DOWN + ' sent to object: 'Object Repository/Objects.HighlightElements/input_field_index'

2020-06-05 21:00:41 - [MESSAGE][PASSED] - Keys 'DOWN + ' sent to object: 'Object Repository/Objects.HighlightElements/input_field_index'

2020-06-05 21:00:41 - [TEST_STEP][PASSED] - delay(DelayTime): Delayed 2 second(s)

2020-06-05 21:00:43 - [MESSAGE][PASSED] - Delayed 2 second(s)

2020-06-05 21:00:43 - [TEST_STEP][PASSED] - sendKeys(NewInputNmField, Keys.chord(ENTER)): Keys 'ENTER + ' sent to object: 'Object Repository/Objects.HighlightElements/input_field_index'

2020-06-05 21:00:43 - [MESSAGE][PASSED] - Keys 'ENTER + ' sent to object: 'Object Repository/Objects.HighlightElements/input_field_index'

2020-06-05 21:00:43 - [TEST_STEP][PASSED] - ComboBoxValue = getAttribute(NewInputNmField, "value"): Attribute 'value' of object 'Object Repository/Objects.HighlightElements/input_field_index' is: 'Appointment of SE under S28 (SM1)'

2020-06-05 21:00:43 - [MESSAGE][PASSED] - Attribute 'value' of object 'Object Repository/Objects.HighlightElements/input_field_index' is: 'Appointment of SE under S28 (SM1)'

2020-06-05 21:00:43 - [TEST_STEP][PASSED] - callTestCase(findTestCase(CallTCName), ["FindValue":ComboBoxValue, "DropdownNm":comboNm], STOP_ON_FAILURE): Call Test Case 'Test Cases/PFI Precision and Scale/HashMap Tables/ConstantHashMap' successfully

2020-06-05 21:00:43 - [TEST_CASE][PASSED] - Test Cases/PFI Precision and Scale/HashMap Tables/ConstantHashMap: Test Cases/PFI Precision and Scale/HashMap Tables/ConstantHashMap

2020-06-05 21:00:43 - [TEST_STEP][PASSED] - ConstantTBL = [1:["PeriodType":"Working Day(s)"], 2:["PeriodType":"Calendar Day(s)"], 3:["PeriodType":"Month(s)"], 4:["TypeOfLetter":"T1"], ... ]: null

2020-06-05 21:00:43 - [TEST_STEP][PASSED] - switch (DropdownNm): null

2020-06-05 21:00:43 - [TEST_STEP][PASSED] - case "PSI":: null

2020-06-05 21:00:43 - [TEST_STEP][PASSED] - ValueFound = ConstantTBL.find({ -> ... }): null

2020-06-05 21:00:43 - [TEST_STEP][PASSED] - break: null

2020-06-05 21:00:43 - [MESSAGE][PASSED] - Call Test Case 'Test Cases/PFI Precision and Scale/HashMap Tables/ConstantHashMap' successfully

2020-06-05 21:00:43 - [TEST_STEP][PASSED] - println(ValueFound): null

2020-06-05 21:00:43 - [TEST_STEP][PASSED] - sendKeys(NewInputNmField, Keys.chord(ARROW_DOWN)): Keys 'DOWN + ' sent to object: 'Object Repository/Objects.HighlightElements/input_field_index'

2020-06-05 21:00:43 - [MESSAGE][PASSED] - Keys 'DOWN + ' sent to object: 'Object Repository/Objects.HighlightElements/input_field_index'

2020-06-05 21:00:43 - [TEST_STEP][PASSED] - sendKeys(NewInputNmField, Keys.chord(ARROW_DOWN)): Keys 'DOWN + ' sent to object: 'Object Repository/Objects.HighlightElements/input_field_index'

2020-06-05 21:00:43 - [MESSAGE][PASSED] - Keys 'DOWN + ' sent to object: 'Object Repository/Objects.HighlightElements/input_field_index'

2020-06-05 21:00:43 - [TEST_STEP][PASSED] - delay(DelayTime): Delayed 2 second(s)

2020-06-05 21:00:45 - [MESSAGE][PASSED] - Delayed 2 second(s)

2020-06-05 21:00:45 - [TEST_STEP][PASSED] - sendKeys(NewInputNmField, Keys.chord(ENTER)): Keys 'ENTER + ' sent to object: 'Object Repository/Objects.HighlightElements/input_field_index'

2020-06-05 21:00:46 - [MESSAGE][PASSED] - Keys 'ENTER + ' sent to object: 'Object Repository/Objects.HighlightElements/input_field_index'

2020-06-05 21:00:46 - [TEST_STEP][PASSED] - ComboBoxValue = getAttribute(NewInputNmField, "value"): Attribute 'value' of object 'Object Repository/Objects.HighlightElements/input_field_index' is: 'SM1-CR (SM1-CR)'

2020-06-05 21:00:46 - [MESSAGE][PASSED] - Attribute 'value' of object 'Object Repository/Objects.HighlightElements/input_field_index' is: 'SM1-CR (SM1-CR)'

2020-06-05 21:00:46 - [TEST_STEP][PASSED] - callTestCase(findTestCase(CallTCName), ["FindValue":ComboBoxValue, "DropdownNm":comboNm], STOP_ON_FAILURE): Call Test Case 'Test Cases/PFI Precision and Scale/HashMap Tables/ConstantHashMap' successfully

2020-06-05 21:00:46 - [TEST_CASE][PASSED] - Test Cases/PFI Precision and Scale/HashMap Tables/ConstantHashMap: Test Cases/PFI Precision and Scale/HashMap Tables/ConstantHashMap

2020-06-05 21:00:46 - [TEST_STEP][PASSED] - ConstantTBL = [1:["PeriodType":"Working Day(s)"], 2:["PeriodType":"Calendar Day(s)"], 3:["PeriodType":"Month(s)"], 4:["TypeOfLetter":"T1"], ... ]: null

2020-06-05 21:00:46 - [TEST_STEP][PASSED] - switch (DropdownNm): null

2020-06-05 21:00:46 - [TEST_STEP][PASSED] - case "PSI":: null

2020-06-05 21:00:46 - [TEST_STEP][PASSED] - ValueFound = ConstantTBL.find({ -> ... }): null

2020-06-05 21:00:46 - [TEST_STEP][PASSED] - break: null

2020-06-05 21:00:46 - [MESSAGE][PASSED] - Call Test Case 'Test Cases/PFI Precision and Scale/HashMap Tables/ConstantHashMap' successfully

2020-06-05 21:00:46 - [TEST_STEP][PASSED] - println(ValueFound): null

2020-06-05 21:00:46 - [TEST_STEP][PASSED] - sendKeys(NewInputNmField, Keys.chord(ARROW_DOWN)): Keys 'DOWN + ' sent to object: 'Object Repository/Objects.HighlightElements/input_field_index'

2020-06-05 21:00:46 - [MESSAGE][PASSED] - Keys 'DOWN + ' sent to object: 'Object Repository/Objects.HighlightElements/input_field_index'

2020-06-05 21:00:46 - [TEST_STEP][PASSED] - sendKeys(NewInputNmField, Keys.chord(ARROW_DOWN)): Keys 'DOWN + ' sent to object: 'Object Repository/Objects.HighlightElements/input_field_index'

2020-06-05 21:00:46 - [MESSAGE][PASSED] - Keys 'DOWN + ' sent to object: 'Object Repository/Objects.HighlightElements/input_field_index'

2020-06-05 21:00:46 - [TEST_STEP][PASSED] - delay(DelayTime): Delayed 2 second(s)

2020-06-05 21:00:48 - [MESSAGE][PASSED] - Delayed 2 second(s)

2020-06-05 21:00:48 - [TEST_STEP][PASSED] - sendKeys(NewInputNmField, Keys.chord(ENTER)): Keys 'ENTER + ' sent to object: 'Object Repository/Objects.HighlightElements/input_field_index'

2020-06-05 21:00:48 - [MESSAGE][PASSED] - Keys 'ENTER + ' sent to object: 'Object Repository/Objects.HighlightElements/input_field_index'

2020-06-05 21:00:48 - [TEST_STEP][PASSED] - ComboBoxValue = getAttribute(NewInputNmField, "value"): Attribute 'value' of object 'Object Repository/Objects.HighlightElements/input_field_index' is: 'Visual Inspection Report under S28 (SM2)'

2020-06-05 21:00:48 - [MESSAGE][PASSED] - Attribute 'value' of object 'Object Repository/Objects.HighlightElements/input_field_index' is: 'Visual Inspection Report under S28 (SM2)'

2020-06-05 21:00:48 - [TEST_STEP][PASSED] - callTestCase(findTestCase(CallTCName), ["FindValue":ComboBoxValue, "DropdownNm":comboNm], STOP_ON_FAILURE): Call Test Case 'Test Cases/PFI Precision and Scale/HashMap Tables/ConstantHashMap' successfully

2020-06-05 21:00:48 - [TEST_CASE][PASSED] - Test Cases/PFI Precision and Scale/HashMap Tables/ConstantHashMap: Test Cases/PFI Precision and Scale/HashMap Tables/ConstantHashMap

2020-06-05 21:00:48 - [TEST_STEP][PASSED] - ConstantTBL = [1:["PeriodType":"Working Day(s)"], 2:["PeriodType":"Calendar Day(s)"], 3:["PeriodType":"Month(s)"], 4:["TypeOfLetter":"T1"], ... ]: null

2020-06-05 21:00:48 - [TEST_STEP][PASSED] - switch (DropdownNm): null

2020-06-05 21:00:48 - [TEST_STEP][PASSED] - case "PSI":: null

2020-06-05 21:00:48 - [TEST_STEP][PASSED] - ValueFound = ConstantTBL.find({ -> ... }): null

2020-06-05 21:00:48 - [TEST_STEP][PASSED] - break: null

2020-06-05 21:00:48 - [MESSAGE][PASSED] - Call Test Case 'Test Cases/PFI Precision and Scale/HashMap Tables/ConstantHashMap' successfully

2020-06-05 21:00:48 - [TEST_STEP][PASSED] - println(ValueFound): null

2020-06-05 21:00:48 - [TEST_STEP][PASSED] - sendKeys(NewInputNmField, Keys.chord(ARROW_DOWN)): Keys 'DOWN + ' sent to object: 'Object Repository/Objects.HighlightElements/input_field_index'

2020-06-05 21:00:48 - [MESSAGE][PASSED] - Keys 'DOWN + ' sent to object: 'Object Repository/Objects.HighlightElements/input_field_index'

2020-06-05 21:00:48 - [TEST_STEP][PASSED] - sendKeys(NewInputNmField, Keys.chord(ARROW_DOWN)): Keys 'DOWN + ' sent to object: 'Object Repository/Objects.HighlightElements/input_field_index'

2020-06-05 21:00:48 - [MESSAGE][PASSED] - Keys 'DOWN + ' sent to object: 'Object Repository/Objects.HighlightElements/input_field_index'

2020-06-05 21:00:48 - [TEST_STEP][PASSED] - delay(DelayTime): Delayed 2 second(s)

2020-06-05 21:00:50 - [MESSAGE][PASSED] - Delayed 2 second(s)

2020-06-05 21:00:50 - [TEST_STEP][PASSED] - sendKeys(NewInputNmField, Keys.chord(ENTER)): Keys 'ENTER + ' sent to object: 'Object Repository/Objects.HighlightElements/input_field_index'

2020-06-05 21:00:50 - [MESSAGE][PASSED] - Keys 'ENTER + ' sent to object: 'Object Repository/Objects.HighlightElements/input_field_index'

2020-06-05 21:00:50 - [TEST_STEP][PASSED] - ComboBoxValue = getAttribute(NewInputNmField, "value"): Attribute 'value' of object 'Object Repository/Objects.HighlightElements/input_field_index' is: 'SM2-CR (SM2-CR)'

2020-06-05 21:00:50 - [MESSAGE][PASSED] - Attribute 'value' of object 'Object Repository/Objects.HighlightElements/input_field_index' is: 'SM2-CR (SM2-CR)'

2020-06-05 21:00:50 - [TEST_STEP][PASSED] - callTestCase(findTestCase(CallTCName), ["FindValue":ComboBoxValue, "DropdownNm":comboNm], STOP_ON_FAILURE): Call Test Case 'Test Cases/PFI Precision and Scale/HashMap Tables/ConstantHashMap' successfully

2020-06-05 21:00:50 - [TEST_CASE][PASSED] - Test Cases/PFI Precision and Scale/HashMap Tables/ConstantHashMap: Test Cases/PFI Precision and Scale/HashMap Tables/ConstantHashMap

2020-06-05 21:00:50 - [TEST_STEP][PASSED] - ConstantTBL = [1:["PeriodType":"Working Day(s)"], 2:["PeriodType":"Calendar Day(s)"], 3:["PeriodType":"Month(s)"], 4:["TypeOfLetter":"T1"], ... ]: null

2020-06-05 21:00:50 - [TEST_STEP][PASSED] - switch (DropdownNm): null

2020-06-05 21:00:50 - [TEST_STEP][PASSED] - case "PSI":: null

2020-06-05 21:00:50 - [TEST_STEP][PASSED] - ValueFound = ConstantTBL.find({ -> ... }): null

2020-06-05 21:00:50 - [TEST_STEP][PASSED] - break: null

2020-06-05 21:00:50 - [MESSAGE][PASSED] - Call Test Case 'Test Cases/PFI Precision and Scale/HashMap Tables/ConstantHashMap' successfully

2020-06-05 21:00:50 - [TEST_STEP][PASSED] - println(ValueFound): null

2020-06-05 21:00:50 - [TEST_STEP][PASSED] - sendKeys(NewInputNmField, Keys.chord(ARROW_DOWN)): Keys 'DOWN + ' sent to object: 'Object Repository/Objects.HighlightElements/input_field_index'

2020-06-05 21:00:50 - [MESSAGE][PASSED] - Keys 'DOWN + ' sent to object: 'Object Repository/Objects.HighlightElements/input_field_index'

2020-06-05 21:00:50 - [TEST_STEP][PASSED] - sendKeys(NewInputNmField, Keys.chord(ARROW_DOWN)): Keys 'DOWN + ' sent to object: 'Object Repository/Objects.HighlightElements/input_field_index'

2020-06-05 21:00:50 - [MESSAGE][PASSED] - Keys 'DOWN + ' sent to object: 'Object Repository/Objects.HighlightElements/input_field_index'

2020-06-05 21:00:50 - [TEST_STEP][PASSED] - delay(DelayTime): Delayed 2 second(s)

2020-06-05 21:00:52 - [MESSAGE][PASSED] - Delayed 2 second(s)

2020-06-05 21:00:52 - [TEST_STEP][PASSED] - sendKeys(NewInputNmField, Keys.chord(ENTER)): Keys 'ENTER + ' sent to object: 'Object Repository/Objects.HighlightElements/input_field_index'

2020-06-05 21:00:52 - [MESSAGE][PASSED] - Keys 'ENTER + ' sent to object: 'Object Repository/Objects.HighlightElements/input_field_index'

2020-06-05 21:00:52 - [TEST_STEP][PASSED] - ComboBoxValue = getAttribute(NewInputNmField, "value"): Attribute 'value' of object 'Object Repository/Objects.HighlightElements/input_field_index' is: 'Visual Insp Report under S28 - Suspected Defects (SM3)'

2020-06-05 21:00:52 - [MESSAGE][PASSED] - Attribute 'value' of object 'Object Repository/Objects.HighlightElements/input_field_index' is: 'Visual Insp Report under S28 - Suspected Defects (SM3)'

2020-06-05 21:00:52 - [TEST_STEP][PASSED] - callTestCase(findTestCase(CallTCName), ["FindValue":ComboBoxValue, "DropdownNm":comboNm], STOP_ON_FAILURE): Call Test Case 'Test Cases/PFI Precision and Scale/HashMap Tables/ConstantHashMap' successfully

2020-06-05 21:00:52 - [TEST_CASE][PASSED] - Test Cases/PFI Precision and Scale/HashMap Tables/ConstantHashMap: Test Cases/PFI Precision and Scale/HashMap Tables/ConstantHashMap

2020-06-05 21:00:52 - [TEST_STEP][PASSED] - ConstantTBL = [1:["PeriodType":"Working Day(s)"], 2:["PeriodType":"Calendar Day(s)"], 3:["PeriodType":"Month(s)"], 4:["TypeOfLetter":"T1"], ... ]: null

2020-06-05 21:00:52 - [TEST_STEP][PASSED] - switch (DropdownNm): null

2020-06-05 21:00:52 - [TEST_STEP][PASSED] - case "PSI":: null

2020-06-05 21:00:52 - [TEST_STEP][PASSED] - ValueFound = ConstantTBL.find({ -> ... }): null

2020-06-05 21:00:52 - [TEST_STEP][PASSED] - break: null

2020-06-05 21:00:52 - [MESSAGE][PASSED] - Call Test Case 'Test Cases/PFI Precision and Scale/HashMap Tables/ConstantHashMap' successfully

2020-06-05 21:00:52 - [TEST_STEP][PASSED] - println(ValueFound): null

2020-06-05 21:00:52 - [TEST_STEP][PASSED] - sendKeys(NewInputNmField, Keys.chord(ARROW_DOWN)): Keys 'DOWN + ' sent to object: 'Object Repository/Objects.HighlightElements/input_field_index'

2020-06-05 21:00:52 - [MESSAGE][PASSED] - Keys 'DOWN + ' sent to object: 'Object Repository/Objects.HighlightElements/input_field_index'

2020-06-05 21:00:52 - [TEST_STEP][PASSED] - sendKeys(NewInputNmField, Keys.chord(ARROW_DOWN)): Keys 'DOWN + ' sent to object: 'Object Repository/Objects.HighlightElements/input_field_index'

2020-06-05 21:00:52 - [MESSAGE][PASSED] - Keys 'DOWN + ' sent to object: 'Object Repository/Objects.HighlightElements/input_field_index'

2020-06-05 21:00:52 - [TEST_STEP][PASSED] - delay(DelayTime): Delayed 2 second(s)

2020-06-05 21:00:54 - [MESSAGE][PASSED] - Delayed 2 second(s)

2020-06-05 21:00:54 - [TEST_STEP][PASSED] - sendKeys(NewInputNmField, Keys.chord(ENTER)): Keys 'ENTER + ' sent to object: 'Object Repository/Objects.HighlightElements/input_field_index'

2020-06-05 21:00:54 - [MESSAGE][PASSED] - Keys 'ENTER + ' sent to object: 'Object Repository/Objects.HighlightElements/input_field_index'

2020-06-05 21:00:54 - [TEST_STEP][PASSED] - ComboBoxValue = getAttribute(NewInputNmField, "value"): Attribute 'value' of object 'Object Repository/Objects.HighlightElements/input_field_index' is: 'SM3-CR (SM3-CR)'

2020-06-05 21:00:54 - [MESSAGE][PASSED] - Attribute 'value' of object 'Object Repository/Objects.HighlightElements/input_field_index' is: 'SM3-CR (SM3-CR)'

2020-06-05 21:00:54 - [TEST_STEP][PASSED] - callTestCase(findTestCase(CallTCName), ["FindValue":ComboBoxValue, "DropdownNm":comboNm], STOP_ON_FAILURE): Call Test Case 'Test Cases/PFI Precision and Scale/HashMap Tables/ConstantHashMap' successfully

2020-06-05 21:00:55 - [TEST_CASE][PASSED] - Test Cases/PFI Precision and Scale/HashMap Tables/ConstantHashMap: Test Cases/PFI Precision and Scale/HashMap Tables/ConstantHashMap

2020-06-05 21:00:55 - [TEST_STEP][PASSED] - ConstantTBL = [1:["PeriodType":"Working Day(s)"], 2:["PeriodType":"Calendar Day(s)"], 3:["PeriodType":"Month(s)"], 4:["TypeOfLetter":"T1"], ... ]: null

2020-06-05 21:00:55 - [TEST_STEP][PASSED] - switch (DropdownNm): null

2020-06-05 21:00:55 - [TEST_STEP][PASSED] - case "PSI":: null

2020-06-05 21:00:55 - [TEST_STEP][PASSED] - ValueFound = ConstantTBL.find({ -> ... }): null

2020-06-05 21:00:55 - [TEST_STEP][PASSED] - break: null

2020-06-05 21:00:55 - [MESSAGE][PASSED] - Call Test Case 'Test Cases/PFI Precision and Scale/HashMap Tables/ConstantHashMap' successfully

2020-06-05 21:00:55 - [TEST_STEP][PASSED] - println(ValueFound): null

2020-06-05 21:00:55 - [TEST_STEP][PASSED] - sendKeys(NewInputNmField, Keys.chord(ARROW_DOWN)): Keys 'DOWN + ' sent to object: 'Object Repository/Objects.HighlightElements/input_field_index'

2020-06-05 21:00:55 - [MESSAGE][PASSED] - Keys 'DOWN + ' sent to object: 'Object Repository/Objects.HighlightElements/input_field_index'

2020-06-05 21:00:55 - [TEST_STEP][PASSED] - sendKeys(NewInputNmField, Keys.chord(ARROW_DOWN)): Keys 'DOWN + ' sent to object: 'Object Repository/Objects.HighlightElements/input_field_index'

2020-06-05 21:00:55 - [MESSAGE][PASSED] - Keys 'DOWN + ' sent to object: 'Object Repository/Objects.HighlightElements/input_field_index'

2020-06-05 21:00:55 - [TEST_STEP][PASSED] - delay(DelayTime): Delayed 2 second(s)

2020-06-05 21:00:57 - [MESSAGE][PASSED] - Delayed 2 second(s)

2020-06-05 21:00:57 - [TEST_STEP][PASSED] - sendKeys(NewInputNmField, Keys.chord(ENTER)): Keys 'ENTER + ' sent to object: 'Object Repository/Objects.HighlightElements/input_field_index'

2020-06-05 21:00:57 - [MESSAGE][PASSED] - Keys 'ENTER + ' sent to object: 'Object Repository/Objects.HighlightElements/input_field_index'

2020-06-05 21:00:57 - [TEST_STEP][PASSED] - ComboBoxValue = getAttribute(NewInputNmField, "value"): Attribute 'value' of object 'Object Repository/Objects.HighlightElements/input_field_index' is: 'Localised or Full Stru Investigation Rpt under S28 (SM4)'

2020-06-05 21:00:57 - [MESSAGE][PASSED] - Attribute 'value' of object 'Object Repository/Objects.HighlightElements/input_field_index' is: 'Localised or Full Stru Investigation Rpt under S28 (SM4)'

2020-06-05 21:00:57 - [TEST_STEP][PASSED] - callTestCase(findTestCase(CallTCName), ["FindValue":ComboBoxValue, "DropdownNm":comboNm], STOP_ON_FAILURE): Call Test Case 'Test Cases/PFI Precision and Scale/HashMap Tables/ConstantHashMap' successfully

2020-06-05 21:00:57 - [TEST_CASE][PASSED] - Test Cases/PFI Precision and Scale/HashMap Tables/ConstantHashMap: Test Cases/PFI Precision and Scale/HashMap Tables/ConstantHashMap

2020-06-05 21:00:57 - [TEST_STEP][PASSED] - ConstantTBL = [1:["PeriodType":"Working Day(s)"], 2:["PeriodType":"Calendar Day(s)"], 3:["PeriodType":"Month(s)"], 4:["TypeOfLetter":"T1"], ... ]: null

2020-06-05 21:00:57 - [TEST_STEP][PASSED] - switch (DropdownNm): null

2020-06-05 21:00:57 - [TEST_STEP][PASSED] - case "PSI":: null

2020-06-05 21:00:57 - [TEST_STEP][PASSED] - ValueFound = ConstantTBL.find({ -> ... }): null

2020-06-05 21:00:57 - [TEST_STEP][PASSED] - break: null

2020-06-05 21:00:57 - [MESSAGE][PASSED] - Call Test Case 'Test Cases/PFI Precision and Scale/HashMap Tables/ConstantHashMap' successfully

2020-06-05 21:00:57 - [TEST_STEP][PASSED] - println(ValueFound): null

2020-06-05 21:00:57 - [TEST_STEP][PASSED] - sendKeys(NewInputNmField, Keys.chord(ARROW_DOWN)): Keys 'DOWN + ' sent to object: 'Object Repository/Objects.HighlightElements/input_field_index'

2020-06-05 21:00:57 - [MESSAGE][PASSED] - Keys 'DOWN + ' sent to object: 'Object Repository/Objects.HighlightElements/input_field_index'

2020-06-05 21:00:57 - [TEST_STEP][PASSED] - sendKeys(NewInputNmField, Keys.chord(ARROW_DOWN)): Keys 'DOWN + ' sent to object: 'Object Repository/Objects.HighlightElements/input_field_index'

2020-06-05 21:00:57 - [MESSAGE][PASSED] - Keys 'DOWN + ' sent to object: 'Object Repository/Objects.HighlightElements/input_field_index'

2020-06-05 21:00:57 - [TEST_STEP][PASSED] - delay(DelayTime): Delayed 2 second(s)

2020-06-05 21:00:59 - [MESSAGE][PASSED] - Delayed 2 second(s)

2020-06-05 21:00:59 - [TEST_STEP][PASSED] - sendKeys(NewInputNmField, Keys.chord(ENTER)): Keys 'ENTER + ' sent to object: 'Object Repository/Objects.HighlightElements/input_field_index'

2020-06-05 21:00:59 - [MESSAGE][PASSED] - Keys 'ENTER + ' sent to object: 'Object Repository/Objects.HighlightElements/input_field_index'

2020-06-05 21:00:59 - [TEST_STEP][PASSED] - ComboBoxValue = getAttribute(NewInputNmField, "value"): Attribute 'value' of object 'Object Repository/Objects.HighlightElements/input_field_index' is: 'SM4-CR (SM4-CR)'

2020-06-05 21:00:59 - [MESSAGE][PASSED] - Attribute 'value' of object 'Object Repository/Objects.HighlightElements/input_field_index' is: 'SM4-CR (SM4-CR)'

2020-06-05 21:00:59 - [TEST_STEP][PASSED] - callTestCase(findTestCase(CallTCName), ["FindValue":ComboBoxValue, "DropdownNm":comboNm], STOP_ON_FAILURE): Call Test Case 'Test Cases/PFI Precision and Scale/HashMap Tables/ConstantHashMap' successfully

2020-06-05 21:00:59 - [TEST_CASE][PASSED] - Test Cases/PFI Precision and Scale/HashMap Tables/ConstantHashMap: Test Cases/PFI Precision and Scale/HashMap Tables/ConstantHashMap

2020-06-05 21:00:59 - [TEST_STEP][PASSED] - ConstantTBL = [1:["PeriodType":"Working Day(s)"], 2:["PeriodType":"Calendar Day(s)"], 3:["PeriodType":"Month(s)"], 4:["TypeOfLetter":"T1"], ... ]: null

2020-06-05 21:00:59 - [TEST_STEP][PASSED] - switch (DropdownNm): null

2020-06-05 21:00:59 - [TEST_STEP][PASSED] - case "PSI":: null

2020-06-05 21:00:59 - [TEST_STEP][PASSED] - ValueFound = ConstantTBL.find({ -> ... }): null

2020-06-05 21:00:59 - [TEST_STEP][PASSED] - break: null

2020-06-05 21:00:59 - [MESSAGE][PASSED] - Call Test Case 'Test Cases/PFI Precision and Scale/HashMap Tables/ConstantHashMap' successfully

2020-06-05 21:00:59 - [TEST_STEP][PASSED] - println(ValueFound): null

2020-06-05 21:00:59 - [TEST_STEP][PASSED] - sendKeys(NewInputNmField, Keys.chord(ARROW_DOWN)): Keys 'DOWN + ' sent to object: 'Object Repository/Objects.HighlightElements/input_field_index'

2020-06-05 21:00:59 - [MESSAGE][PASSED] - Keys 'DOWN + ' sent to object: 'Object Repository/Objects.HighlightElements/input_field_index'

2020-06-05 21:00:59 - [TEST_STEP][PASSED] - sendKeys(NewInputNmField, Keys.chord(ARROW_DOWN)): Keys 'DOWN + ' sent to object: 'Object Repository/Objects.HighlightElements/input_field_index'

2020-06-05 21:00:59 - [MESSAGE][PASSED] - Keys 'DOWN + ' sent to object: 'Object Repository/Objects.HighlightElements/input_field_index'

2020-06-05 21:00:59 - [TEST_STEP][PASSED] - delay(DelayTime): Delayed 2 second(s)

2020-06-05 21:01:01 - [MESSAGE][PASSED] - Delayed 2 second(s)

2020-06-05 21:01:01 - [TEST_STEP][PASSED] - sendKeys(NewInputNmField, Keys.chord(ENTER)): Keys 'ENTER + ' sent to object: 'Object Repository/Objects.HighlightElements/input_field_index'

2020-06-05 21:01:01 - [MESSAGE][PASSED] - Keys 'ENTER + ' sent to object: 'Object Repository/Objects.HighlightElements/input_field_index'

2020-06-05 21:01:01 - [TEST_STEP][PASSED] - ComboBoxValue = getAttribute(NewInputNmField, "value"): Attribute 'value' of object 'Object Repository/Objects.HighlightElements/input_field_index' is: 'Loc or Full Stru Inv Rpt S28 - Suspected Stru Def (SM5)'

2020-06-05 21:01:01 - [MESSAGE][PASSED] - Attribute 'value' of object 'Object Repository/Objects.HighlightElements/input_field_index' is: 'Loc or Full Stru Inv Rpt S28 - Suspected Stru Def (SM5)'

2020-06-05 21:01:01 - [TEST_STEP][PASSED] - callTestCase(findTestCase(CallTCName), ["FindValue":ComboBoxValue, "DropdownNm":comboNm], STOP_ON_FAILURE): Call Test Case 'Test Cases/PFI Precision and Scale/HashMap Tables/ConstantHashMap' successfully

2020-06-05 21:01:01 - [TEST_CASE][PASSED] - Test Cases/PFI Precision and Scale/HashMap Tables/ConstantHashMap: Test Cases/PFI Precision and Scale/HashMap Tables/ConstantHashMap

2020-06-05 21:01:01 - [TEST_STEP][PASSED] - ConstantTBL = [1:["PeriodType":"Working Day(s)"], 2:["PeriodType":"Calendar Day(s)"], 3:["PeriodType":"Month(s)"], 4:["TypeOfLetter":"T1"], ... ]: null

2020-06-05 21:01:01 - [TEST_STEP][PASSED] - switch (DropdownNm): null

2020-06-05 21:01:01 - [TEST_STEP][PASSED] - case "PSI":: null

2020-06-05 21:01:01 - [TEST_STEP][PASSED] - ValueFound = ConstantTBL.find({ -> ... }): null

2020-06-05 21:01:01 - [TEST_STEP][PASSED] - break: null

2020-06-05 21:01:01 - [MESSAGE][PASSED] - Call Test Case 'Test Cases/PFI Precision and Scale/HashMap Tables/ConstantHashMap' successfully

2020-06-05 21:01:01 - [TEST_STEP][PASSED] - println(ValueFound): null

2020-06-05 21:01:01 - [TEST_STEP][PASSED] - sendKeys(NewInputNmField, Keys.chord(ARROW_DOWN)): Keys 'DOWN + ' sent to object: 'Object Repository/Objects.HighlightElements/input_field_index'

2020-06-05 21:01:01 - [MESSAGE][PASSED] - Keys 'DOWN + ' sent to object: 'Object Repository/Objects.HighlightElements/input_field_index'

2020-06-05 21:01:01 - [TEST_STEP][PASSED] - sendKeys(NewInputNmField, Keys.chord(ARROW_DOWN)): Keys 'DOWN + ' sent to object: 'Object Repository/Objects.HighlightElements/input_field_index'

2020-06-05 21:01:01 - [MESSAGE][PASSED] - Keys 'DOWN + ' sent to object: 'Object Repository/Objects.HighlightElements/input_field_index'

2020-06-05 21:01:01 - [TEST_STEP][PASSED] - delay(DelayTime): Delayed 2 second(s)

2020-06-05 21:01:03 - [MESSAGE][PASSED] - Delayed 2 second(s)

2020-06-05 21:01:03 - [TEST_STEP][PASSED] - sendKeys(NewInputNmField, Keys.chord(ENTER)): Keys 'ENTER + ' sent to object: 'Object Repository/Objects.HighlightElements/input_field_index'

2020-06-05 21:01:03 - [MESSAGE][PASSED] - Keys 'ENTER + ' sent to object: 'Object Repository/Objects.HighlightElements/input_field_index'

2020-06-05 21:01:03 - [TEST_STEP][PASSED] - ComboBoxValue = getAttribute(NewInputNmField, "value"): Attribute 'value' of object 'Object Repository/Objects.HighlightElements/input_field_index' is: 'SM5-CR (SM5-CR)'

2020-06-05 21:01:03 - [MESSAGE][PASSED] - Attribute 'value' of object 'Object Repository/Objects.HighlightElements/input_field_index' is: 'SM5-CR (SM5-CR)'

2020-06-05 21:01:03 - [TEST_STEP][PASSED] - callTestCase(findTestCase(CallTCName), ["FindValue":ComboBoxValue, "DropdownNm":comboNm], STOP_ON_FAILURE): Call Test Case 'Test Cases/PFI Precision and Scale/HashMap Tables/ConstantHashMap' successfully

2020-06-05 21:01:03 - [TEST_CASE][PASSED] - Test Cases/PFI Precision and Scale/HashMap Tables/ConstantHashMap: Test Cases/PFI Precision and Scale/HashMap Tables/ConstantHashMap

2020-06-05 21:01:03 - [TEST_STEP][PASSED] - ConstantTBL = [1:["PeriodType":"Working Day(s)"], 2:["PeriodType":"Calendar Day(s)"], 3:["PeriodType":"Month(s)"], 4:["TypeOfLetter":"T1"], ... ]: null

2020-06-05 21:01:03 - [TEST_STEP][PASSED] - switch (DropdownNm): null

2020-06-05 21:01:03 - [TEST_STEP][PASSED] - case "PSI":: null

2020-06-05 21:01:03 - [TEST_STEP][PASSED] - ValueFound = ConstantTBL.find({ -> ... }): null

2020-06-05 21:01:03 - [TEST_STEP][PASSED] - break: null

2020-06-05 21:01:03 - [MESSAGE][PASSED] - Call Test Case 'Test Cases/PFI Precision and Scale/HashMap Tables/ConstantHashMap' successfully

2020-06-05 21:01:03 - [TEST_STEP][PASSED] - println(ValueFound): null

2020-06-05 21:01:03 - [TEST_STEP][PASSED] - sendKeys(NewInputNmField, Keys.chord(ARROW_DOWN)): Keys 'DOWN + ' sent to object: 'Object Repository/Objects.HighlightElements/input_field_index'

2020-06-05 21:01:03 - [MESSAGE][PASSED] - Keys 'DOWN + ' sent to object: 'Object Repository/Objects.HighlightElements/input_field_index'

2020-06-05 21:01:03 - [TEST_STEP][PASSED] - sendKeys(NewInputNmField, Keys.chord(ARROW_DOWN)): Keys 'DOWN + ' sent to object: 'Object Repository/Objects.HighlightElements/input_field_index'

2020-06-05 21:01:04 - [MESSAGE][PASSED] - Keys 'DOWN + ' sent to object: 'Object Repository/Objects.HighlightElements/input_field_index'

2020-06-05 21:01:04 - [TEST_STEP][PASSED] - delay(DelayTime): Delayed 2 second(s)

2020-06-05 21:01:06 - [MESSAGE][PASSED] - Delayed 2 second(s)

2020-06-05 21:01:06 - [TEST_STEP][PASSED] - sendKeys(NewInputNmField, Keys.chord(ENTER)): Keys 'ENTER + ' sent to object: 'Object Repository/Objects.HighlightElements/input_field_index'

2020-06-05 21:01:06 - [MESSAGE][PASSED] - Keys 'ENTER + ' sent to object: 'Object Repository/Objects.HighlightElements/input_field_index'

2020-06-05 21:01:06 - [TEST_STEP][PASSED] - ComboBoxValue = getAttribute(NewInputNmField, "value"): Attribute 'value' of object 'Object Repository/Objects.HighlightElements/input_field_index' is: 'Visual Inspection Certification (SM6)'

2020-06-05 21:01:06 - [MESSAGE][PASSED] - Attribute 'value' of object 'Object Repository/Objects.HighlightElements/input_field_index' is: 'Visual Inspection Certification (SM6)'

2020-06-05 21:01:06 - [TEST_STEP][PASSED] - callTestCase(findTestCase(CallTCName), ["FindValue":ComboBoxValue, "DropdownNm":comboNm], STOP_ON_FAILURE): Call Test Case 'Test Cases/PFI Precision and Scale/HashMap Tables/ConstantHashMap' successfully

2020-06-05 21:01:06 - [TEST_CASE][PASSED] - Test Cases/PFI Precision and Scale/HashMap Tables/ConstantHashMap: Test Cases/PFI Precision and Scale/HashMap Tables/ConstantHashMap

2020-06-05 21:01:06 - [TEST_STEP][PASSED] - ConstantTBL = [1:["PeriodType":"Working Day(s)"], 2:["PeriodType":"Calendar Day(s)"], 3:["PeriodType":"Month(s)"], 4:["TypeOfLetter":"T1"], ... ]: null

2020-06-05 21:01:06 - [TEST_STEP][PASSED] - switch (DropdownNm): null

2020-06-05 21:01:06 - [TEST_STEP][PASSED] - case "PSI":: null

2020-06-05 21:01:06 - [TEST_STEP][PASSED] - ValueFound = ConstantTBL.find({ -> ... }): null

2020-06-05 21:01:06 - [TEST_STEP][PASSED] - break: null

2020-06-05 21:01:06 - [MESSAGE][PASSED] - Call Test Case 'Test Cases/PFI Precision and Scale/HashMap Tables/ConstantHashMap' successfully

2020-06-05 21:01:06 - [TEST_STEP][PASSED] - println(ValueFound): null

2020-06-05 21:01:06 - [TEST_STEP][PASSED] - sendKeys(NewInputNmField, Keys.chord(ARROW_DOWN)): Keys 'DOWN + ' sent to object: 'Object Repository/Objects.HighlightElements/input_field_index'

2020-06-05 21:01:06 - [MESSAGE][PASSED] - Keys 'DOWN + ' sent to object: 'Object Repository/Objects.HighlightElements/input_field_index'

2020-06-05 21:01:06 - [TEST_STEP][PASSED] - sendKeys(NewInputNmField, Keys.chord(ARROW_DOWN)): Keys 'DOWN + ' sent to object: 'Object Repository/Objects.HighlightElements/input_field_index'

2020-06-05 21:01:06 - [MESSAGE][PASSED] - Keys 'DOWN + ' sent to object: 'Object Repository/Objects.HighlightElements/input_field_index'

2020-06-05 21:01:06 - [TEST_STEP][PASSED] - delay(DelayTime): Delayed 2 second(s)

2020-06-05 21:01:08 - [MESSAGE][PASSED] - Delayed 2 second(s)

2020-06-05 21:01:08 - [TEST_STEP][PASSED] - sendKeys(NewInputNmField, Keys.chord(ENTER)): Keys 'ENTER + ' sent to object: 'Object Repository/Objects.HighlightElements/input_field_index'

2020-06-05 21:01:08 - [MESSAGE][PASSED] - Keys 'ENTER + ' sent to object: 'Object Repository/Objects.HighlightElements/input_field_index'

2020-06-05 21:01:08 - [TEST_STEP][PASSED] - ComboBoxValue = getAttribute(NewInputNmField, "value"): Attribute 'value' of object 'Object Repository/Objects.HighlightElements/input_field_index' is: 'SM6-CR (SM6-CR)'

2020-06-05 21:01:08 - [MESSAGE][PASSED] - Attribute 'value' of object 'Object Repository/Objects.HighlightElements/input_field_index' is: 'SM6-CR (SM6-CR)'

2020-06-05 21:01:08 - [TEST_STEP][PASSED] - callTestCase(findTestCase(CallTCName), ["FindValue":ComboBoxValue, "DropdownNm":comboNm], STOP_ON_FAILURE): Call Test Case 'Test Cases/PFI Precision and Scale/HashMap Tables/ConstantHashMap' successfully

2020-06-05 21:01:08 - [TEST_CASE][PASSED] - Test Cases/PFI Precision and Scale/HashMap Tables/ConstantHashMap: Test Cases/PFI Precision and Scale/HashMap Tables/ConstantHashMap

2020-06-05 21:01:08 - [TEST_STEP][PASSED] - ConstantTBL = [1:["PeriodType":"Working Day(s)"], 2:["PeriodType":"Calendar Day(s)"], 3:["PeriodType":"Month(s)"], 4:["TypeOfLetter":"T1"], ... ]: null

2020-06-05 21:01:08 - [TEST_STEP][PASSED] - switch (DropdownNm): null

2020-06-05 21:01:08 - [TEST_STEP][PASSED] - case "PSI":: null

2020-06-05 21:01:08 - [TEST_STEP][PASSED] - ValueFound = ConstantTBL.find({ -> ... }): null

2020-06-05 21:01:08 - [TEST_STEP][PASSED] - break: null

2020-06-05 21:01:08 - [MESSAGE][PASSED] - Call Test Case 'Test Cases/PFI Precision and Scale/HashMap Tables/ConstantHashMap' successfully

2020-06-05 21:01:08 - [TEST_STEP][PASSED] - println(ValueFound): null

2020-06-05 21:01:08 - [TEST_STEP][PASSED] - sendKeys(NewInputNmField, Keys.chord(ARROW_DOWN)): Keys 'DOWN + ' sent to object: 'Object Repository/Objects.HighlightElements/input_field_index'

2020-06-05 21:01:08 - [MESSAGE][PASSED] - Keys 'DOWN + ' sent to object: 'Object Repository/Objects.HighlightElements/input_field_index'

2020-06-05 21:01:08 - [TEST_STEP][PASSED] - sendKeys(NewInputNmField, Keys.chord(ARROW_DOWN)): Keys 'DOWN + ' sent to object: 'Object Repository/Objects.HighlightElements/input_field_index'

2020-06-05 21:01:08 - [MESSAGE][PASSED] - Keys 'DOWN + ' sent to object: 'Object Repository/Objects.HighlightElements/input_field_index'

2020-06-05 21:01:08 - [TEST_STEP][PASSED] - delay(DelayTime): Delayed 2 second(s)

2020-06-05 21:01:10 - [MESSAGE][PASSED] - Delayed 2 second(s)

2020-06-05 21:01:10 - [TEST_STEP][PASSED] - sendKeys(NewInputNmField, Keys.chord(ENTER)): Keys 'ENTER + ' sent to object: 'Object Repository/Objects.HighlightElements/input_field_index'

2020-06-05 21:01:10 - [MESSAGE][PASSED] - Keys 'ENTER + ' sent to object: 'Object Repository/Objects.HighlightElements/input_field_index'

2020-06-05 21:01:10 - [TEST_STEP][PASSED] - ComboBoxValue = getAttribute(NewInputNmField, "value"): Attribute 'value' of object 'Object Repository/Objects.HighlightElements/input_field_index' is: 'PSI Ad Hoc Processing (SMAH)'

2020-06-05 21:01:10 - [MESSAGE][PASSED] - Attribute 'value' of object 'Object Repository/Objects.HighlightElements/input_field_index' is: 'PSI Ad Hoc Processing (SMAH)'

2020-06-05 21:01:10 - [TEST_STEP][PASSED] - callTestCase(findTestCase(CallTCName), ["FindValue":ComboBoxValue, "DropdownNm":comboNm], STOP_ON_FAILURE): Call Test Case 'Test Cases/PFI Precision and Scale/HashMap Tables/ConstantHashMap' successfully

2020-06-05 21:01:10 - [TEST_CASE][PASSED] - Test Cases/PFI Precision and Scale/HashMap Tables/ConstantHashMap: Test Cases/PFI Precision and Scale/HashMap Tables/ConstantHashMap

2020-06-05 21:01:10 - [TEST_STEP][PASSED] - ConstantTBL = [1:["PeriodType":"Working Day(s)"], 2:["PeriodType":"Calendar Day(s)"], 3:["PeriodType":"Month(s)"], 4:["TypeOfLetter":"T1"], ... ]: null

2020-06-05 21:01:10 - [TEST_STEP][PASSED] - switch (DropdownNm): null

2020-06-05 21:01:10 - [TEST_STEP][PASSED] - case "PSI":: null

2020-06-05 21:01:10 - [TEST_STEP][PASSED] - ValueFound = ConstantTBL.find({ -> ... }): null

2020-06-05 21:01:10 - [TEST_STEP][PASSED] - break: null

2020-06-05 21:01:10 - [MESSAGE][PASSED] - Call Test Case 'Test Cases/PFI Precision and Scale/HashMap Tables/ConstantHashMap' successfully

2020-06-05 21:01:10 - [TEST_STEP][PASSED] - println(ValueFound): null

2020-06-05 21:01:10 - [TEST_STEP][PASSED] - sendKeys(NewInputNmField, Keys.chord(ARROW_DOWN)): Keys 'DOWN + ' sent to object: 'Object Repository/Objects.HighlightElements/input_field_index'

2020-06-05 21:01:10 - [MESSAGE][PASSED] - Keys 'DOWN + ' sent to object: 'Object Repository/Objects.HighlightElements/input_field_index'

2020-06-05 21:01:10 - [TEST_STEP][PASSED] - sendKeys(NewInputNmField, Keys.chord(ARROW_DOWN)): Keys 'DOWN + ' sent to object: 'Object Repository/Objects.HighlightElements/input_field_index'

2020-06-05 21:01:10 - [MESSAGE][PASSED] - Keys 'DOWN + ' sent to object: 'Object Repository/Objects.HighlightElements/input_field_index'

2020-06-05 21:01:10 - [TEST_STEP][PASSED] - delay(DelayTime): Delayed 2 second(s)

2020-06-05 21:01:12 - [MESSAGE][PASSED] - Delayed 2 second(s)

2020-06-05 21:01:12 - [TEST_STEP][PASSED] - sendKeys(NewInputNmField, Keys.chord(ENTER)): Keys 'ENTER + ' sent to object: 'Object Repository/Objects.HighlightElements/input_field_index'

2020-06-05 21:01:12 - [MESSAGE][PASSED] - Keys 'ENTER + ' sent to object: 'Object Repository/Objects.HighlightElements/input_field_index'

2020-06-05 21:01:12 - [TEST_STEP][PASSED] - ComboBoxValue = getAttribute(NewInputNmField, "value"): Attribute 'value' of object 'Object Repository/Objects.HighlightElements/input_field_index' is: 'Bldg Rec Upload (SMB_UP1)'

2020-06-05 21:01:12 - [MESSAGE][PASSED] - Attribute 'value' of object 'Object Repository/Objects.HighlightElements/input_field_index' is: 'Bldg Rec Upload (SMB_UP1)'

2020-06-05 21:01:12 - [TEST_STEP][PASSED] - callTestCase(findTestCase(CallTCName), ["FindValue":ComboBoxValue, "DropdownNm":comboNm], STOP_ON_FAILURE): Call Test Case 'Test Cases/PFI Precision and Scale/HashMap Tables/ConstantHashMap' successfully

2020-06-05 21:01:12 - [TEST_CASE][PASSED] - Test Cases/PFI Precision and Scale/HashMap Tables/ConstantHashMap: Test Cases/PFI Precision and Scale/HashMap Tables/ConstantHashMap

2020-06-05 21:01:12 - [TEST_STEP][PASSED] - ConstantTBL = [1:["PeriodType":"Working Day(s)"], 2:["PeriodType":"Calendar Day(s)"], 3:["PeriodType":"Month(s)"], 4:["TypeOfLetter":"T1"], ... ]: null

2020-06-05 21:01:12 - [TEST_STEP][PASSED] - switch (DropdownNm): null

2020-06-05 21:01:12 - [TEST_STEP][PASSED] - case "PSI":: null

2020-06-05 21:01:12 - [TEST_STEP][PASSED] - ValueFound = ConstantTBL.find({ -> ... }): null

2020-06-05 21:01:12 - [TEST_STEP][PASSED] - break: null

2020-06-05 21:01:12 - [MESSAGE][PASSED] - Call Test Case 'Test Cases/PFI Precision and Scale/HashMap Tables/ConstantHashMap' successfully

2020-06-05 21:01:12 - [TEST_STEP][PASSED] - println(ValueFound): null

2020-06-05 21:01:12 - [TEST_STEP][PASSED] - sendKeys(NewInputNmField, Keys.chord(ARROW_DOWN)): Keys 'DOWN + ' sent to object: 'Object Repository/Objects.HighlightElements/input_field_index'

2020-06-05 21:01:12 - [MESSAGE][PASSED] - Keys 'DOWN + ' sent to object: 'Object Repository/Objects.HighlightElements/input_field_index'

2020-06-05 21:01:12 - [TEST_STEP][PASSED] - sendKeys(NewInputNmField, Keys.chord(ARROW_DOWN)): Keys 'DOWN + ' sent to object: 'Object Repository/Objects.HighlightElements/input_field_index'

2020-06-05 21:01:12 - [MESSAGE][PASSED] - Keys 'DOWN + ' sent to object: 'Object Repository/Objects.HighlightElements/input_field_index'

2020-06-05 21:01:12 - [TEST_STEP][PASSED] - delay(DelayTime): Delayed 2 second(s)

2020-06-05 21:01:14 - [MESSAGE][PASSED] - Delayed 2 second(s)

2020-06-05 21:01:14 - [TEST_STEP][PASSED] - sendKeys(NewInputNmField, Keys.chord(ENTER)): Keys 'ENTER + ' sent to object: 'Object Repository/Objects.HighlightElements/input_field_index'

2020-06-05 21:01:14 - [MESSAGE][PASSED] - Keys 'ENTER + ' sent to object: 'Object Repository/Objects.HighlightElements/input_field_index'

2020-06-05 21:01:14 - [TEST_STEP][PASSED] - ComboBoxValue = getAttribute(NewInputNmField, "value"): Attribute 'value' of object 'Object Repository/Objects.HighlightElements/input_field_index' is: 'View/Edit Bldg (SMB_UP2)'

2020-06-05 21:01:14 - [MESSAGE][PASSED] - Attribute 'value' of object 'Object Repository/Objects.HighlightElements/input_field_index' is: 'View/Edit Bldg (SMB_UP2)'

2020-06-05 21:01:14 - [TEST_STEP][PASSED] - callTestCase(findTestCase(CallTCName), ["FindValue":ComboBoxValue, "DropdownNm":comboNm], STOP_ON_FAILURE): Call Test Case 'Test Cases/PFI Precision and Scale/HashMap Tables/ConstantHashMap' successfully

2020-06-05 21:01:15 - [TEST_CASE][PASSED] - Test Cases/PFI Precision and Scale/HashMap Tables/ConstantHashMap: Test Cases/PFI Precision and Scale/HashMap Tables/ConstantHashMap

2020-06-05 21:01:15 - [TEST_STEP][PASSED] - ConstantTBL = [1:["PeriodType":"Working Day(s)"], 2:["PeriodType":"Calendar Day(s)"], 3:["PeriodType":"Month(s)"], 4:["TypeOfLetter":"T1"], ... ]: null

2020-06-05 21:01:15 - [TEST_STEP][PASSED] - switch (DropdownNm): null

2020-06-05 21:01:15 - [TEST_STEP][PASSED] - case "PSI":: null

2020-06-05 21:01:15 - [TEST_STEP][PASSED] - ValueFound = ConstantTBL.find({ -> ... }): null

2020-06-05 21:01:15 - [TEST_STEP][PASSED] - break: null

2020-06-05 21:01:15 - [MESSAGE][PASSED] - Call Test Case 'Test Cases/PFI Precision and Scale/HashMap Tables/ConstantHashMap' successfully

2020-06-05 21:01:15 - [TEST_STEP][PASSED] - println(ValueFound): null

2020-06-05 21:01:15 - [TEST_STEP][PASSED] - sendKeys(NewInputNmField, Keys.chord(ARROW_DOWN)): Keys 'DOWN + ' sent to object: 'Object Repository/Objects.HighlightElements/input_field_index'

2020-06-05 21:01:15 - [MESSAGE][PASSED] - Keys 'DOWN + ' sent to object: 'Object Repository/Objects.HighlightElements/input_field_index'

2020-06-05 21:01:15 - [TEST_STEP][PASSED] - sendKeys(NewInputNmField, Keys.chord(ARROW_DOWN)): Keys 'DOWN + ' sent to object: 'Object Repository/Objects.HighlightElements/input_field_index'

2020-06-05 21:01:15 - [MESSAGE][PASSED] - Keys 'DOWN + ' sent to object: 'Object Repository/Objects.HighlightElements/input_field_index'

2020-06-05 21:01:15 - [TEST_STEP][PASSED] - delay(DelayTime): Delayed 2 second(s)

2020-06-05 21:01:17 - [MESSAGE][PASSED] - Delayed 2 second(s)

2020-06-05 21:01:17 - [TEST_STEP][PASSED] - sendKeys(NewInputNmField, Keys.chord(ENTER)): Keys 'ENTER + ' sent to object: 'Object Repository/Objects.HighlightElements/input_field_index'

2020-06-05 21:01:17 - [MESSAGE][PASSED] - Keys 'ENTER + ' sent to object: 'Object Repository/Objects.HighlightElements/input_field_index'

2020-06-05 21:01:17 - [TEST_STEP][PASSED] - ComboBoxValue = getAttribute(NewInputNmField, "value"): Attribute 'value' of object 'Object Repository/Objects.HighlightElements/input_field_index' is: 'ST-PSI Processing (ST_PSI)'

2020-06-05 21:01:17 - [MESSAGE][PASSED] - Attribute 'value' of object 'Object Repository/Objects.HighlightElements/input_field_index' is: 'ST-PSI Processing (ST_PSI)'

2020-06-05 21:01:17 - [TEST_STEP][PASSED] - callTestCase(findTestCase(CallTCName), ["FindValue":ComboBoxValue, "DropdownNm":comboNm], STOP_ON_FAILURE): Call Test Case 'Test Cases/PFI Precision and Scale/HashMap Tables/ConstantHashMap' successfully

2020-06-05 21:01:17 - [TEST_CASE][PASSED] - Test Cases/PFI Precision and Scale/HashMap Tables/ConstantHashMap: Test Cases/PFI Precision and Scale/HashMap Tables/ConstantHashMap

2020-06-05 21:01:17 - [TEST_STEP][PASSED] - ConstantTBL = [1:["PeriodType":"Working Day(s)"], 2:["PeriodType":"Calendar Day(s)"], 3:["PeriodType":"Month(s)"], 4:["TypeOfLetter":"T1"], ... ]: null

2020-06-05 21:01:17 - [TEST_STEP][PASSED] - switch (DropdownNm): null

2020-06-05 21:01:17 - [TEST_STEP][PASSED] - case "PSI":: null

2020-06-05 21:01:17 - [TEST_STEP][PASSED] - ValueFound = ConstantTBL.find({ -> ... }): null

2020-06-05 21:01:17 - [TEST_STEP][PASSED] - break: null

2020-06-05 21:01:17 - [MESSAGE][PASSED] - Call Test Case 'Test Cases/PFI Precision and Scale/HashMap Tables/ConstantHashMap' successfully

2020-06-05 21:01:17 - [TEST_STEP][PASSED] - println(ValueFound): null

2020-06-05 21:01:17 - [TEST_STEP][PASSED] - sendKeys(NewInputNmField, Keys.chord(ARROW_DOWN)): Keys 'DOWN + ' sent to object: 'Object Repository/Objects.HighlightElements/input_field_index'

2020-06-05 21:01:17 - [MESSAGE][PASSED] - Keys 'DOWN + ' sent to object: 'Object Repository/Objects.HighlightElements/input_field_index'

2020-06-05 21:01:17 - [TEST_STEP][PASSED] - sendKeys(NewInputNmField, Keys.chord(ENTER)): Keys 'ENTER + ' sent to object: 'Object Repository/Objects.HighlightElements/input_field_index'

2020-06-05 21:01:17 - [MESSAGE][PASSED] - Keys 'ENTER + ' sent to object: 'Object Repository/Objects.HighlightElements/input_field_index'

2020-06-05 21:01:17 - [MESSAGE][PASSED] - Call Test Case 'Test Cases/PFI Precision and Scale/PFI Components with Indexing/VerifyDropdownValuesXPI' successfully

2020-06-05 21:01:17 - [TEST_STEP][PASSED] - callTestCase(findTestCase("Components/SelectAllThenDeleteIndex"), ["nameToBeUsed":"inspModule", "index":"1"], STOP_ON_FAILURE): Call Test Case 'Test Cases/Components/SelectAllThenDeleteIndex' successfully

2020-06-05 21:01:17 - [TEST_CASE][PASSED] - Test Cases/Components/SelectAllThenDeleteIndex: Test Cases/Components/SelectAllThenDeleteIndex

2020-06-05 21:01:17 - [TEST_STEP][PASSED] - Thread.sleep(1000): null

2020-06-05 21:01:18 - [TEST_STEP][PASSED] - modifiedObj = modifyObjectProperty(findTestObject("Object Repository/Objects.HighlightElements/input_field_index"), "xpath", "equals", "(//*[contains(@class,'x-form-text') and (@name='" + nameToBeUsed + "')])[" + index + "]", true): Modify property of object successfully

2020-06-05 21:01:18 - [MESSAGE][PASSED] - Modify property of object successfully

2020-06-05 21:01:18 - [TEST_STEP][PASSED] - focus(modifiedObj): Object: 'Object Repository/Objects.HighlightElements/input_field_index' is focused

2020-06-05 21:01:18 - [MESSAGE][PASSED] - Object: 'Object Repository/Objects.HighlightElements/input_field_index' is focused

2020-06-05 21:01:18 - [TEST_STEP][PASSED] - sendKeys(modifiedObj, Keys.chord(CONTROL, "a")): Keys 'CONTROL + a' sent to object: 'Object Repository/Objects.HighlightElements/input_field_index'

2020-06-05 21:01:18 - [MESSAGE][PASSED] - Keys 'CONTROL + a' sent to object: 'Object Repository/Objects.HighlightElements/input_field_index'

2020-06-05 21:01:18 - [TEST_STEP][PASSED] - sendKeys(modifiedObj, Keys.chord(DELETE)): Keys 'DELETE + ' sent to object: 'Object Repository/Objects.HighlightElements/input_field_index'

2020-06-05 21:01:18 - [MESSAGE][PASSED] - Keys 'DELETE + ' sent to object: 'Object Repository/Objects.HighlightElements/input_field_index'

2020-06-05 21:01:18 - [MESSAGE][PASSED] - Call Test Case 'Test Cases/Components/SelectAllThenDeleteIndex' successfully

2020-06-05 21:01:18 - [TEST_STEP][PASSED] - callTestCase(findTestCase("PFI Precision and Scale/PFI Components with Indexing/VerifyDropdownValuesXPI"), ["FldNm":"inspModule", "index":1, "CallTCName":"PFI Precision and Scale/HashMap Tables/ConstantHashMap", "cmbNm":"ModuleNm", ... ], STOP_ON_FAILURE): Call Test Case 'Test Cases/PFI Precision and Scale/PFI Components with Indexing/VerifyDropdownValuesXPI' successfully

2020-06-05 21:01:18 - [TEST_CASE][PASSED] - Test Cases/PFI Precision and Scale/PFI Components with Indexing/VerifyDropdownValuesXPI: Test Cases/PFI Precision and Scale/PFI Components with Indexing/VerifyDropdownValuesXPI

2020-06-05 21:01:18 - [TEST_STEP][PASSED] - Thread.sleep(1000): null

2020-06-05 21:01:19 - [TEST_STEP][PASSED] - NewInputNmField = modifyObjectProperty(findTestObject("Object Repository/Objects.HighlightElements/input_field_index"), "xpath", "equals", "(//*[contains(@name, '" + FldNm + "')])[" + index + "]", true): Modify property of object successfully

2020-06-05 21:01:19 - [MESSAGE][PASSED] - Modify property of object successfully

2020-06-05 21:01:19 - [TEST_STEP][PASSED] - comboNm = cmbNm: null

2020-06-05 21:01:19 - [TEST_STEP][PASSED] - focus(NewInputNmField): Object: 'Object Repository/Objects.HighlightElements/input_field_index' is focused

2020-06-05 21:01:19 - [MESSAGE][PASSED] - Object: 'Object Repository/Objects.HighlightElements/input_field_index' is focused

2020-06-05 21:01:19 - [TEST_STEP][PASSED] - setText(NewInputNmField, EnterValue): Text 'ENF' is set on object 'Object Repository/Objects.HighlightElements/input_field_index'

2020-06-05 21:01:19 - [MESSAGE][PASSED] - Text 'ENF' is set on object 'Object Repository/Objects.HighlightElements/input_field_index'

2020-06-05 21:01:19 - [TEST_STEP][PASSED] - for ([i = 1, i <= NoOfVal, (i++)]): Keys 'DOWN + ' sent to object: 'Object Repository/Objects.HighlightElements/input_field_index'

2020-06-05 21:01:19 - [TEST_STEP][PASSED] - sendKeys(NewInputNmField, Keys.chord(ARROW_DOWN)): Keys 'DOWN + ' sent to object: 'Object Repository/Objects.HighlightElements/input_field_index'

2020-06-05 21:01:19 - [MESSAGE][PASSED] - Keys 'DOWN + ' sent to object: 'Object Repository/Objects.HighlightElements/input_field_index'

2020-06-05 21:01:19 - [TEST_STEP][PASSED] - delay(DelayTime): Delayed 0 second(s)

2020-06-05 21:01:19 - [MESSAGE][PASSED] - Delayed 0 second(s)

2020-06-05 21:01:19 - [TEST_STEP][PASSED] - sendKeys(NewInputNmField, Keys.chord(ENTER)): Keys 'ENTER + ' sent to object: 'Object Repository/Objects.HighlightElements/input_field_index'

2020-06-05 21:01:19 - [MESSAGE][PASSED] - Keys 'ENTER + ' sent to object: 'Object Repository/Objects.HighlightElements/input_field_index'

2020-06-05 21:01:19 - [TEST_STEP][PASSED] - ComboBoxValue = getAttribute(NewInputNmField, "value"): Attribute 'value' of object 'Object Repository/Objects.HighlightElements/input_field_index' is: 'ENF'

2020-06-05 21:01:20 - [MESSAGE][PASSED] - Attribute 'value' of object 'Object Repository/Objects.HighlightElements/input_field_index' is: 'ENF'

2020-06-05 21:01:20 - [TEST_STEP][PASSED] - callTestCase(findTestCase(CallTCName), ["FindValue":ComboBoxValue, "DropdownNm":comboNm], STOP_ON_FAILURE): Call Test Case 'Test Cases/PFI Precision and Scale/HashMap Tables/ConstantHashMap' successfully

2020-06-05 21:01:20 - [TEST_CASE][PASSED] - Test Cases/PFI Precision and Scale/HashMap Tables/ConstantHashMap: Test Cases/PFI Precision and Scale/HashMap Tables/ConstantHashMap

2020-06-05 21:01:20 - [TEST_STEP][PASSED] - ConstantTBL = [1:["PeriodType":"Working Day(s)"], 2:["PeriodType":"Calendar Day(s)"], 3:["PeriodType":"Month(s)"], 4:["TypeOfLetter":"T1"], ... ]: null

2020-06-05 21:01:20 - [TEST_STEP][PASSED] - switch (DropdownNm): null

2020-06-05 21:01:20 - [TEST_STEP][PASSED] - case "ModuleNm":: null

2020-06-05 21:01:20 - [TEST_STEP][PASSED] - ValueFound = ConstantTBL.find({ -> ... }): null

2020-06-05 21:01:20 - [TEST_STEP][PASSED] - break: null

2020-06-05 21:01:20 - [MESSAGE][PASSED] - Call Test Case 'Test Cases/PFI Precision and Scale/HashMap Tables/ConstantHashMap' successfully

2020-06-05 21:01:20 - [TEST_STEP][PASSED] - println(ValueFound): null

2020-06-05 21:01:20 - [TEST_STEP][PASSED] - sendKeys(NewInputNmField, Keys.chord(ARROW_DOWN)): Keys 'DOWN + ' sent to object: 'Object Repository/Objects.HighlightElements/input_field_index'

2020-06-05 21:01:20 - [MESSAGE][PASSED] - Keys 'DOWN + ' sent to object: 'Object Repository/Objects.HighlightElements/input_field_index'

2020-06-05 21:01:20 - [TEST_STEP][PASSED] - sendKeys(NewInputNmField, Keys.chord(ENTER)): Keys 'ENTER + ' sent to object: 'Object Repository/Objects.HighlightElements/input_field_index'

2020-06-05 21:01:20 - [MESSAGE][PASSED] - Keys 'ENTER + ' sent to object: 'Object Repository/Objects.HighlightElements/input_field_index'

2020-06-05 21:01:20 - [MESSAGE][PASSED] - Call Test Case 'Test Cases/PFI Precision and Scale/PFI Components with Indexing/VerifyDropdownValuesXPI' successfully

2020-06-05 21:01:20 - [TEST_STEP][PASSED] - callTestCase(findTestCase("PFI Precision and Scale/PFI Components with Indexing/VerifyDropdownValuesXPI"), ["FldNm":"inspCaseType", "index":1, "CallTCName":"PFI Precision and Scale/HashMap Tables/ConstantHashMap", "cmbNm":"ENF", "NoOfVal":8, ... ], STOP_ON_FAILURE): Call Test Case 'Test Cases/PFI Precision and Scale/PFI Components with Indexing/VerifyDropdownValuesXPI' successfully

2020-06-05 21:01:20 - [TEST_CASE][PASSED] - Test Cases/PFI Precision and Scale/PFI Components with Indexing/VerifyDropdownValuesXPI: Test Cases/PFI Precision and Scale/PFI Components with Indexing/VerifyDropdownValuesXPI

2020-06-05 21:01:20 - [TEST_STEP][PASSED] - Thread.sleep(1000): null

2020-06-05 21:01:21 - [TEST_STEP][PASSED] - NewInputNmField = modifyObjectProperty(findTestObject("Object Repository/Objects.HighlightElements/input_field_index"), "xpath", "equals", "(//*[contains(@name, '" + FldNm + "')])[" + index + "]", true): Modify property of object successfully

2020-06-05 21:01:21 - [MESSAGE][PASSED] - Modify property of object successfully

2020-06-05 21:01:21 - [TEST_STEP][PASSED] - comboNm = cmbNm: null

2020-06-05 21:01:21 - [TEST_STEP][PASSED] - focus(NewInputNmField): Object: 'Object Repository/Objects.HighlightElements/input_field_index' is focused

2020-06-05 21:01:21 - [MESSAGE][PASSED] - Object: 'Object Repository/Objects.HighlightElements/input_field_index' is focused

2020-06-05 21:01:21 - [TEST_STEP][PASSED] - setText(NewInputNmField, EnterValue): Text '' is set on object 'Object Repository/Objects.HighlightElements/input_field_index'

2020-06-05 21:01:21 - [MESSAGE][PASSED] - Text '' is set on object 'Object Repository/Objects.HighlightElements/input_field_index'

2020-06-05 21:01:21 - [TEST_STEP][PASSED] - for ([i = 1, i <= NoOfVal, (i++)]): Keys 'DOWN + ' sent to object: 'Object Repository/Objects.HighlightElements/input_field_index'

2020-06-05 21:01:21 - [TEST_STEP][PASSED] - sendKeys(NewInputNmField, Keys.chord(ARROW_DOWN)): Keys 'DOWN + ' sent to object: 'Object Repository/Objects.HighlightElements/input_field_index'

2020-06-05 21:01:21 - [MESSAGE][PASSED] - Keys 'DOWN + ' sent to object: 'Object Repository/Objects.HighlightElements/input_field_index'

2020-06-05 21:01:21 - [TEST_STEP][PASSED] - delay(DelayTime): Delayed 2 second(s)

2020-06-05 21:01:23 - [MESSAGE][PASSED] - Delayed 2 second(s)

2020-06-05 21:01:23 - [TEST_STEP][PASSED] - sendKeys(NewInputNmField, Keys.chord(ENTER)): Keys 'ENTER + ' sent to object: 'Object Repository/Objects.HighlightElements/input_field_index'

2020-06-05 21:01:23 - [MESSAGE][PASSED] - Keys 'ENTER + ' sent to object: 'Object Repository/Objects.HighlightElements/input_field_index'

2020-06-05 21:01:23 - [TEST_STEP][PASSED] - ComboBoxValue = getAttribute(NewInputNmField, "value"): Attribute 'value' of object 'Object Repository/Objects.HighlightElements/input_field_index' is: 'Corres-General Correspondence (CORRES-ENF-GC)'

2020-06-05 21:01:23 - [MESSAGE][PASSED] - Attribute 'value' of object 'Object Repository/Objects.HighlightElements/input_field_index' is: 'Corres-General Correspondence (CORRES-ENF-GC)'

2020-06-05 21:01:23 - [TEST_STEP][PASSED] - callTestCase(findTestCase(CallTCName), ["FindValue":ComboBoxValue, "DropdownNm":comboNm], STOP_ON_FAILURE): Call Test Case 'Test Cases/PFI Precision and Scale/HashMap Tables/ConstantHashMap' successfully

2020-06-05 21:01:23 - [TEST_CASE][PASSED] - Test Cases/PFI Precision and Scale/HashMap Tables/ConstantHashMap: Test Cases/PFI Precision and Scale/HashMap Tables/ConstantHashMap

2020-06-05 21:01:23 - [TEST_STEP][PASSED] - ConstantTBL = [1:["PeriodType":"Working Day(s)"], 2:["PeriodType":"Calendar Day(s)"], 3:["PeriodType":"Month(s)"], 4:["TypeOfLetter":"T1"], ... ]: null

2020-06-05 21:01:23 - [TEST_STEP][PASSED] - switch (DropdownNm): null

2020-06-05 21:01:23 - [TEST_STEP][PASSED] - case "ENF":: null

2020-06-05 21:01:23 - [TEST_STEP][PASSED] - ValueFound = ConstantTBL.find({ -> ... }): null

2020-06-05 21:01:23 - [TEST_STEP][PASSED] - break: null

2020-06-05 21:01:23 - [MESSAGE][PASSED] - Call Test Case 'Test Cases/PFI Precision and Scale/HashMap Tables/ConstantHashMap' successfully

2020-06-05 21:01:23 - [TEST_STEP][PASSED] - println(ValueFound): null

2020-06-05 21:01:23 - [TEST_STEP][PASSED] - sendKeys(NewInputNmField, Keys.chord(ARROW_DOWN)): Keys 'DOWN + ' sent to object: 'Object Repository/Objects.HighlightElements/input_field_index'

2020-06-05 21:01:23 - [MESSAGE][PASSED] - Keys 'DOWN + ' sent to object: 'Object Repository/Objects.HighlightElements/input_field_index'

2020-06-05 21:01:23 - [TEST_STEP][PASSED] - sendKeys(NewInputNmField, Keys.chord(ARROW_DOWN)): Keys 'DOWN + ' sent to object: 'Object Repository/Objects.HighlightElements/input_field_index'

2020-06-05 21:01:23 - [MESSAGE][PASSED] - Keys 'DOWN + ' sent to object: 'Object Repository/Objects.HighlightElements/input_field_index'

2020-06-05 21:01:23 - [TEST_STEP][PASSED] - delay(DelayTime): Delayed 2 second(s)

2020-06-05 21:01:25 - [MESSAGE][PASSED] - Delayed 2 second(s)

2020-06-05 21:01:25 - [TEST_STEP][PASSED] - sendKeys(NewInputNmField, Keys.chord(ENTER)): Keys 'ENTER + ' sent to object: 'Object Repository/Objects.HighlightElements/input_field_index'

2020-06-05 21:01:25 - [MESSAGE][PASSED] - Keys 'ENTER + ' sent to object: 'Object Repository/Objects.HighlightElements/input_field_index'

2020-06-05 21:01:25 - [TEST_STEP][PASSED] - ComboBoxValue = getAttribute(NewInputNmField, "value"): Attribute 'value' of object 'Object Repository/Objects.HighlightElements/input_field_index' is: 'Corres-Request for Submission Withdrawal (CORRES-ENF-SUBWTH)'

2020-06-05 21:01:25 - [MESSAGE][PASSED] - Attribute 'value' of object 'Object Repository/Objects.HighlightElements/input_field_index' is: 'Corres-Request for Submission Withdrawal (CORRES-ENF-SUBWTH)'

2020-06-05 21:01:25 - [TEST_STEP][PASSED] - callTestCase(findTestCase(CallTCName), ["FindValue":ComboBoxValue, "DropdownNm":comboNm], STOP_ON_FAILURE): Call Test Case 'Test Cases/PFI Precision and Scale/HashMap Tables/ConstantHashMap' successfully

2020-06-05 21:01:25 - [TEST_CASE][PASSED] - Test Cases/PFI Precision and Scale/HashMap Tables/ConstantHashMap: Test Cases/PFI Precision and Scale/HashMap Tables/ConstantHashMap

2020-06-05 21:01:25 - [TEST_STEP][PASSED] - ConstantTBL = [1:["PeriodType":"Working Day(s)"], 2:["PeriodType":"Calendar Day(s)"], 3:["PeriodType":"Month(s)"], 4:["TypeOfLetter":"T1"], ... ]: null

2020-06-05 21:01:25 - [TEST_STEP][PASSED] - switch (DropdownNm): null

2020-06-05 21:01:25 - [TEST_STEP][PASSED] - case "ENF":: null

2020-06-05 21:01:25 - [TEST_STEP][PASSED] - ValueFound = ConstantTBL.find({ -> ... }): null

2020-06-05 21:01:25 - [TEST_STEP][PASSED] - break: null

2020-06-05 21:01:25 - [MESSAGE][PASSED] - Call Test Case 'Test Cases/PFI Precision and Scale/HashMap Tables/ConstantHashMap' successfully

2020-06-05 21:01:25 - [TEST_STEP][PASSED] - println(ValueFound): null

2020-06-05 21:01:25 - [TEST_STEP][PASSED] - sendKeys(NewInputNmField, Keys.chord(ARROW_DOWN)): Keys 'DOWN + ' sent to object: 'Object Repository/Objects.HighlightElements/input_field_index'

2020-06-05 21:01:25 - [MESSAGE][PASSED] - Keys 'DOWN + ' sent to object: 'Object Repository/Objects.HighlightElements/input_field_index'

2020-06-05 21:01:25 - [TEST_STEP][PASSED] - sendKeys(NewInputNmField, Keys.chord(ARROW_DOWN)): Keys 'DOWN + ' sent to object: 'Object Repository/Objects.HighlightElements/input_field_index'

2020-06-05 21:01:25 - [MESSAGE][PASSED] - Keys 'DOWN + ' sent to object: 'Object Repository/Objects.HighlightElements/input_field_index'

2020-06-05 21:01:25 - [TEST_STEP][PASSED] - delay(DelayTime): Delayed 2 second(s)

2020-06-05 21:01:27 - [MESSAGE][PASSED] - Delayed 2 second(s)

2020-06-05 21:01:27 - [TEST_STEP][PASSED] - sendKeys(NewInputNmField, Keys.chord(ENTER)): Keys 'ENTER + ' sent to object: 'Object Repository/Objects.HighlightElements/input_field_index'

2020-06-05 21:01:27 - [MESSAGE][PASSED] - Keys 'ENTER + ' sent to object: 'Object Repository/Objects.HighlightElements/input_field_index'

2020-06-05 21:01:27 - [TEST_STEP][PASSED] - ComboBoxValue = getAttribute(NewInputNmField, "value"): Attribute 'value' of object 'Object Repository/Objects.HighlightElements/input_field_index' is: 'Enforcement Processing (ENF)'

2020-06-05 21:01:28 - [MESSAGE][PASSED] - Attribute 'value' of object 'Object Repository/Objects.HighlightElements/input_field_index' is: 'Enforcement Processing (ENF)'

2020-06-05 21:01:28 - [TEST_STEP][PASSED] - callTestCase(findTestCase(CallTCName), ["FindValue":ComboBoxValue, "DropdownNm":comboNm], STOP_ON_FAILURE): Call Test Case 'Test Cases/PFI Precision and Scale/HashMap Tables/ConstantHashMap' successfully

2020-06-05 21:01:28 - [TEST_CASE][PASSED] - Test Cases/PFI Precision and Scale/HashMap Tables/ConstantHashMap: Test Cases/PFI Precision and Scale/HashMap Tables/ConstantHashMap

2020-06-05 21:01:28 - [TEST_STEP][PASSED] - ConstantTBL = [1:["PeriodType":"Working Day(s)"], 2:["PeriodType":"Calendar Day(s)"], 3:["PeriodType":"Month(s)"], 4:["TypeOfLetter":"T1"], ... ]: null

2020-06-05 21:01:28 - [TEST_STEP][PASSED] - switch (DropdownNm): null

2020-06-05 21:01:28 - [TEST_STEP][PASSED] - case "ENF":: null

2020-06-05 21:01:28 - [TEST_STEP][PASSED] - ValueFound = ConstantTBL.find({ -> ... }): null

2020-06-05 21:01:28 - [TEST_STEP][PASSED] - break: null

2020-06-05 21:01:28 - [MESSAGE][PASSED] - Call Test Case 'Test Cases/PFI Precision and Scale/HashMap Tables/ConstantHashMap' successfully

2020-06-05 21:01:28 - [TEST_STEP][PASSED] - println(ValueFound): null

2020-06-05 21:01:28 - [TEST_STEP][PASSED] - sendKeys(NewInputNmField, Keys.chord(ARROW_DOWN)): Keys 'DOWN + ' sent to object: 'Object Repository/Objects.HighlightElements/input_field_index'

2020-06-05 21:01:28 - [MESSAGE][PASSED] - Keys 'DOWN + ' sent to object: 'Object Repository/Objects.HighlightElements/input_field_index'

2020-06-05 21:01:28 - [TEST_STEP][PASSED] - sendKeys(NewInputNmField, Keys.chord(ARROW_DOWN)): Keys 'DOWN + ' sent to object: 'Object Repository/Objects.HighlightElements/input_field_index'

2020-06-05 21:01:28 - [MESSAGE][PASSED] - Keys 'DOWN + ' sent to object: 'Object Repository/Objects.HighlightElements/input_field_index'

2020-06-05 21:01:28 - [TEST_STEP][PASSED] - delay(DelayTime): Delayed 2 second(s)

2020-06-05 21:01:30 - [MESSAGE][PASSED] - Delayed 2 second(s)

2020-06-05 21:01:30 - [TEST_STEP][PASSED] - sendKeys(NewInputNmField, Keys.chord(ENTER)): Keys 'ENTER + ' sent to object: 'Object Repository/Objects.HighlightElements/input_field_index'

2020-06-05 21:01:30 - [MESSAGE][PASSED] - Keys 'ENTER + ' sent to object: 'Object Repository/Objects.HighlightElements/input_field_index'

2020-06-05 21:01:30 - [TEST_STEP][PASSED] - ComboBoxValue = getAttribute(NewInputNmField, "value"): Attribute 'value' of object 'Object Repository/Objects.HighlightElements/input_field_index' is: 'Enforcement - Fire and Surveilence (ENF_EFS)'

2020-06-05 21:01:30 - [MESSAGE][PASSED] - Attribute 'value' of object 'Object Repository/Objects.HighlightElements/input_field_index' is: 'Enforcement - Fire and Surveilence (ENF_EFS)'

2020-06-05 21:01:30 - [TEST_STEP][PASSED] - callTestCase(findTestCase(CallTCName), ["FindValue":ComboBoxValue, "DropdownNm":comboNm], STOP_ON_FAILURE): Call Test Case 'Test Cases/PFI Precision and Scale/HashMap Tables/ConstantHashMap' successfully

2020-06-05 21:01:30 - [TEST_CASE][PASSED] - Test Cases/PFI Precision and Scale/HashMap Tables/ConstantHashMap: Test Cases/PFI Precision and Scale/HashMap Tables/ConstantHashMap

2020-06-05 21:01:30 - [TEST_STEP][PASSED] - ConstantTBL = [1:["PeriodType":"Working Day(s)"], 2:["PeriodType":"Calendar Day(s)"], 3:["PeriodType":"Month(s)"], 4:["TypeOfLetter":"T1"], ... ]: null

2020-06-05 21:01:30 - [TEST_STEP][PASSED] - switch (DropdownNm): null

2020-06-05 21:01:30 - [TEST_STEP][PASSED] - case "ENF":: null

2020-06-05 21:01:30 - [TEST_STEP][PASSED] - ValueFound = ConstantTBL.find({ -> ... }): null

2020-06-05 21:01:30 - [TEST_STEP][PASSED] - break: null

2020-06-05 21:01:30 - [MESSAGE][PASSED] - Call Test Case 'Test Cases/PFI Precision and Scale/HashMap Tables/ConstantHashMap' successfully

2020-06-05 21:01:30 - [TEST_STEP][PASSED] - println(ValueFound): null

2020-06-05 21:01:30 - [TEST_STEP][PASSED] - sendKeys(NewInputNmField, Keys.chord(ARROW_DOWN)): Keys 'DOWN + ' sent to object: 'Object Repository/Objects.HighlightElements/input_field_index'

2020-06-05 21:01:30 - [MESSAGE][PASSED] - Keys 'DOWN + ' sent to object: 'Object Repository/Objects.HighlightElements/input_field_index'

2020-06-05 21:01:30 - [TEST_STEP][PASSED] - sendKeys(NewInputNmField, Keys.chord(ARROW_DOWN)): Keys 'DOWN + ' sent to object: 'Object Repository/Objects.HighlightElements/input_field_index'

2020-06-05 21:01:30 - [MESSAGE][PASSED] - Keys 'DOWN + ' sent to object: 'Object Repository/Objects.HighlightElements/input_field_index'

2020-06-05 21:01:30 - [TEST_STEP][PASSED] - delay(DelayTime): Delayed 2 second(s)

2020-06-05 21:01:32 - [MESSAGE][PASSED] - Delayed 2 second(s)

2020-06-05 21:01:32 - [TEST_STEP][PASSED] - sendKeys(NewInputNmField, Keys.chord(ENTER)): Keys 'ENTER + ' sent to object: 'Object Repository/Objects.HighlightElements/input_field_index'

2020-06-05 21:01:32 - [MESSAGE][PASSED] - Keys 'ENTER + ' sent to object: 'Object Repository/Objects.HighlightElements/input_field_index'

2020-06-05 21:01:32 - [TEST_STEP][PASSED] - ComboBoxValue = getAttribute(NewInputNmField, "value"): Attribute 'value' of object 'Object Repository/Objects.HighlightElements/input_field_index' is: 'Enforcement - Master Folder (BSPS) (ENF_EM)'

2020-06-05 21:01:32 - [MESSAGE][PASSED] - Attribute 'value' of object 'Object Repository/Objects.HighlightElements/input_field_index' is: 'Enforcement - Master Folder (BSPS) (ENF_EM)'

2020-06-05 21:01:32 - [TEST_STEP][PASSED] - callTestCase(findTestCase(CallTCName), ["FindValue":ComboBoxValue, "DropdownNm":comboNm], STOP_ON_FAILURE): Call Test Case 'Test Cases/PFI Precision and Scale/HashMap Tables/ConstantHashMap' successfully

2020-06-05 21:01:32 - [TEST_CASE][PASSED] - Test Cases/PFI Precision and Scale/HashMap Tables/ConstantHashMap: Test Cases/PFI Precision and Scale/HashMap Tables/ConstantHashMap

2020-06-05 21:01:32 - [TEST_STEP][PASSED] - ConstantTBL = [1:["PeriodType":"Working Day(s)"], 2:["PeriodType":"Calendar Day(s)"], 3:["PeriodType":"Month(s)"], 4:["TypeOfLetter":"T1"], ... ]: null

2020-06-05 21:01:32 - [TEST_STEP][PASSED] - switch (DropdownNm): null

2020-06-05 21:01:32 - [TEST_STEP][PASSED] - case "ENF":: null

2020-06-05 21:01:32 - [TEST_STEP][PASSED] - ValueFound = ConstantTBL.find({ -> ... }): null

2020-06-05 21:01:32 - [TEST_STEP][PASSED] - break: null

2020-06-05 21:01:32 - [MESSAGE][PASSED] - Call Test Case 'Test Cases/PFI Precision and Scale/HashMap Tables/ConstantHashMap' successfully

2020-06-05 21:01:32 - [TEST_STEP][PASSED] - println(ValueFound): null

2020-06-05 21:01:32 - [TEST_STEP][PASSED] - sendKeys(NewInputNmField, Keys.chord(ARROW_DOWN)): Keys 'DOWN + ' sent to object: 'Object Repository/Objects.HighlightElements/input_field_index'

2020-06-05 21:01:32 - [MESSAGE][PASSED] - Keys 'DOWN + ' sent to object: 'Object Repository/Objects.HighlightElements/input_field_index'

2020-06-05 21:01:32 - [TEST_STEP][PASSED] - sendKeys(NewInputNmField, Keys.chord(ARROW_DOWN)): Keys 'DOWN + ' sent to object: 'Object Repository/Objects.HighlightElements/input_field_index'

2020-06-05 21:01:32 - [MESSAGE][PASSED] - Keys 'DOWN + ' sent to object: 'Object Repository/Objects.HighlightElements/input_field_index'

2020-06-05 21:01:32 - [TEST_STEP][PASSED] - delay(DelayTime): Delayed 2 second(s)

2020-06-05 21:01:34 - [MESSAGE][PASSED] - Delayed 2 second(s)

2020-06-05 21:01:34 - [TEST_STEP][PASSED] - sendKeys(NewInputNmField, Keys.chord(ENTER)): Keys 'ENTER + ' sent to object: 'Object Repository/Objects.HighlightElements/input_field_index'

2020-06-05 21:01:34 - [MESSAGE][PASSED] - Keys 'ENTER + ' sent to object: 'Object Repository/Objects.HighlightElements/input_field_index'

2020-06-05 21:01:34 - [TEST_STEP][PASSED] - ComboBoxValue = getAttribute(NewInputNmField, "value"): Attribute 'value' of object 'Object Repository/Objects.HighlightElements/input_field_index' is: 'Enforcement - Monitoring (ENF_EMF)'

2020-06-05 21:01:34 - [MESSAGE][PASSED] - Attribute 'value' of object 'Object Repository/Objects.HighlightElements/input_field_index' is: 'Enforcement - Monitoring (ENF_EMF)'

2020-06-05 21:01:34 - [TEST_STEP][PASSED] - callTestCase(findTestCase(CallTCName), ["FindValue":ComboBoxValue, "DropdownNm":comboNm], STOP_ON_FAILURE): Call Test Case 'Test Cases/PFI Precision and Scale/HashMap Tables/ConstantHashMap' successfully

2020-06-05 21:01:34 - [TEST_CASE][PASSED] - Test Cases/PFI Precision and Scale/HashMap Tables/ConstantHashMap: Test Cases/PFI Precision and Scale/HashMap Tables/ConstantHashMap

2020-06-05 21:01:34 - [TEST_STEP][PASSED] - ConstantTBL = [1:["PeriodType":"Working Day(s)"], 2:["PeriodType":"Calendar Day(s)"], 3:["PeriodType":"Month(s)"], 4:["TypeOfLetter":"T1"], ... ]: null

2020-06-05 21:01:34 - [TEST_STEP][PASSED] - switch (DropdownNm): null

2020-06-05 21:01:34 - [TEST_STEP][PASSED] - case "ENF":: null

2020-06-05 21:01:34 - [TEST_STEP][PASSED] - ValueFound = ConstantTBL.find({ -> ... }): null

2020-06-05 21:01:34 - [TEST_STEP][PASSED] - break: null

2020-06-05 21:01:34 - [MESSAGE][PASSED] - Call Test Case 'Test Cases/PFI Precision and Scale/HashMap Tables/ConstantHashMap' successfully

2020-06-05 21:01:34 - [TEST_STEP][PASSED] - println(ValueFound): null

2020-06-05 21:01:34 - [TEST_STEP][PASSED] - sendKeys(NewInputNmField, Keys.chord(ARROW_DOWN)): Keys 'DOWN + ' sent to object: 'Object Repository/Objects.HighlightElements/input_field_index'

2020-06-05 21:01:34 - [MESSAGE][PASSED] - Keys 'DOWN + ' sent to object: 'Object Repository/Objects.HighlightElements/input_field_index'

2020-06-05 21:01:34 - [TEST_STEP][PASSED] - sendKeys(NewInputNmField, Keys.chord(ARROW_DOWN)): Keys 'DOWN + ' sent to object: 'Object Repository/Objects.HighlightElements/input_field_index'

2020-06-05 21:01:34 - [MESSAGE][PASSED] - Keys 'DOWN + ' sent to object: 'Object Repository/Objects.HighlightElements/input_field_index'

2020-06-05 21:01:34 - [TEST_STEP][PASSED] - delay(DelayTime): Delayed 2 second(s)

2020-06-05 21:01:36 - [MESSAGE][PASSED] - Delayed 2 second(s)

2020-06-05 21:01:36 - [TEST_STEP][PASSED] - sendKeys(NewInputNmField, Keys.chord(ENTER)): Keys 'ENTER + ' sent to object: 'Object Repository/Objects.HighlightElements/input_field_index'

2020-06-05 21:01:36 - [MESSAGE][PASSED] - Keys 'ENTER + ' sent to object: 'Object Repository/Objects.HighlightElements/input_field_index'

2020-06-05 21:01:36 - [TEST_STEP][PASSED] - ComboBoxValue = getAttribute(NewInputNmField, "value"): Attribute 'value' of object 'Object Repository/Objects.HighlightElements/input_field_index' is: 'Enforcement Ad Hoc Processing (ENFAH)'

2020-06-05 21:01:36 - [MESSAGE][PASSED] - Attribute 'value' of object 'Object Repository/Objects.HighlightElements/input_field_index' is: 'Enforcement Ad Hoc Processing (ENFAH)'

2020-06-05 21:01:36 - [TEST_STEP][PASSED] - callTestCase(findTestCase(CallTCName), ["FindValue":ComboBoxValue, "DropdownNm":comboNm], STOP_ON_FAILURE): Call Test Case 'Test Cases/PFI Precision and Scale/HashMap Tables/ConstantHashMap' successfully

2020-06-05 21:01:36 - [TEST_CASE][PASSED] - Test Cases/PFI Precision and Scale/HashMap Tables/ConstantHashMap: Test Cases/PFI Precision and Scale/HashMap Tables/ConstantHashMap

2020-06-05 21:01:36 - [TEST_STEP][PASSED] - ConstantTBL = [1:["PeriodType":"Working Day(s)"], 2:["PeriodType":"Calendar Day(s)"], 3:["PeriodType":"Month(s)"], 4:["TypeOfLetter":"T1"], ... ]: null

2020-06-05 21:01:36 - [TEST_STEP][PASSED] - switch (DropdownNm): null

2020-06-05 21:01:36 - [TEST_STEP][PASSED] - case "ENF":: null

2020-06-05 21:01:36 - [TEST_STEP][PASSED] - ValueFound = ConstantTBL.find({ -> ... }): null

2020-06-05 21:01:36 - [TEST_STEP][PASSED] - break: null

2020-06-05 21:01:36 - [MESSAGE][PASSED] - Call Test Case 'Test Cases/PFI Precision and Scale/HashMap Tables/ConstantHashMap' successfully

2020-06-05 21:01:36 - [TEST_STEP][PASSED] - println(ValueFound): null

2020-06-05 21:01:36 - [TEST_STEP][PASSED] - sendKeys(NewInputNmField, Keys.chord(ARROW_DOWN)): Keys 'DOWN + ' sent to object: 'Object Repository/Objects.HighlightElements/input_field_index'

2020-06-05 21:01:36 - [MESSAGE][PASSED] - Keys 'DOWN + ' sent to object: 'Object Repository/Objects.HighlightElements/input_field_index'

2020-06-05 21:01:36 - [TEST_STEP][PASSED] - sendKeys(NewInputNmField, Keys.chord(ARROW_DOWN)): Keys 'DOWN + ' sent to object: 'Object Repository/Objects.HighlightElements/input_field_index'

2020-06-05 21:01:37 - [MESSAGE][PASSED] - Keys 'DOWN + ' sent to object: 'Object Repository/Objects.HighlightElements/input_field_index'

2020-06-05 21:01:37 - [TEST_STEP][PASSED] - delay(DelayTime): Delayed 2 second(s)

2020-06-05 21:01:39 - [MESSAGE][PASSED] - Delayed 2 second(s)

2020-06-05 21:01:39 - [TEST_STEP][PASSED] - sendKeys(NewInputNmField, Keys.chord(ENTER)): Keys 'ENTER + ' sent to object: 'Object Repository/Objects.HighlightElements/input_field_index'

2020-06-05 21:01:39 - [MESSAGE][PASSED] - Keys 'ENTER + ' sent to object: 'Object Repository/Objects.HighlightElements/input_field_index'

2020-06-05 21:01:39 - [TEST_STEP][PASSED] - ComboBoxValue = getAttribute(NewInputNmField, "value"): Attribute 'value' of object 'Object Repository/Objects.HighlightElements/input_field_index' is: 'ST-ENF Processing (ST_ENF)'

2020-06-05 21:01:39 - [MESSAGE][PASSED] - Attribute 'value' of object 'Object Repository/Objects.HighlightElements/input_field_index' is: 'ST-ENF Processing (ST_ENF)'

2020-06-05 21:01:39 - [TEST_STEP][PASSED] - callTestCase(findTestCase(CallTCName), ["FindValue":ComboBoxValue, "DropdownNm":comboNm], STOP_ON_FAILURE): Call Test Case 'Test Cases/PFI Precision and Scale/HashMap Tables/ConstantHashMap' successfully

2020-06-05 21:01:39 - [TEST_CASE][PASSED] - Test Cases/PFI Precision and Scale/HashMap Tables/ConstantHashMap: Test Cases/PFI Precision and Scale/HashMap Tables/ConstantHashMap

2020-06-05 21:01:39 - [TEST_STEP][PASSED] - ConstantTBL = [1:["PeriodType":"Working Day(s)"], 2:["PeriodType":"Calendar Day(s)"], 3:["PeriodType":"Month(s)"], 4:["TypeOfLetter":"T1"], ... ]: null

2020-06-05 21:01:39 - [TEST_STEP][PASSED] - switch (DropdownNm): null

2020-06-05 21:01:39 - [TEST_STEP][PASSED] - case "ENF":: null

2020-06-05 21:01:39 - [TEST_STEP][PASSED] - ValueFound = ConstantTBL.find({ -> ... }): null

2020-06-05 21:01:39 - [TEST_STEP][PASSED] - break: null

2020-06-05 21:01:39 - [MESSAGE][PASSED] - Call Test Case 'Test Cases/PFI Precision and Scale/HashMap Tables/ConstantHashMap' successfully

2020-06-05 21:01:39 - [TEST_STEP][PASSED] - println(ValueFound): null

2020-06-05 21:01:39 - [TEST_STEP][PASSED] - sendKeys(NewInputNmField, Keys.chord(ARROW_DOWN)): Keys 'DOWN + ' sent to object: 'Object Repository/Objects.HighlightElements/input_field_index'

2020-06-05 21:01:39 - [MESSAGE][PASSED] - Keys 'DOWN + ' sent to object: 'Object Repository/Objects.HighlightElements/input_field_index'

2020-06-05 21:01:39 - [TEST_STEP][PASSED] - sendKeys(NewInputNmField, Keys.chord(ENTER)): Keys 'ENTER + ' sent to object: 'Object Repository/Objects.HighlightElements/input_field_index'

2020-06-05 21:01:39 - [MESSAGE][PASSED] - Keys 'ENTER + ' sent to object: 'Object Repository/Objects.HighlightElements/input_field_index'

2020-06-05 21:01:39 - [MESSAGE][PASSED] - Call Test Case 'Test Cases/PFI Precision and Scale/PFI Components with Indexing/VerifyDropdownValuesXPI' successfully

2020-06-05 21:01:39 - [TEST_STEP][PASSED] - callTestCase(findTestCase("Components/SelectAllThenDeleteIndex"), ["nameToBeUsed":"inspModule", "index":"1"], STOP_ON_FAILURE): Call Test Case 'Test Cases/Components/SelectAllThenDeleteIndex' successfully

2020-06-05 21:01:39 - [TEST_CASE][PASSED] - Test Cases/Components/SelectAllThenDeleteIndex: Test Cases/Components/SelectAllThenDeleteIndex

2020-06-05 21:01:39 - [TEST_STEP][PASSED] - Thread.sleep(1000): null

2020-06-05 21:01:40 - [TEST_STEP][PASSED] - modifiedObj = modifyObjectProperty(findTestObject("Object Repository/Objects.HighlightElements/input_field_index"), "xpath", "equals", "(//*[contains(@class,'x-form-text') and (@name='" + nameToBeUsed + "')])[" + index + "]", true): Modify property of object successfully

2020-06-05 21:01:40 - [MESSAGE][PASSED] - Modify property of object successfully

2020-06-05 21:01:40 - [TEST_STEP][PASSED] - focus(modifiedObj): Object: 'Object Repository/Objects.HighlightElements/input_field_index' is focused

2020-06-05 21:01:40 - [MESSAGE][PASSED] - Object: 'Object Repository/Objects.HighlightElements/input_field_index' is focused

2020-06-05 21:01:40 - [TEST_STEP][PASSED] - sendKeys(modifiedObj, Keys.chord(CONTROL, "a")): Keys 'CONTROL + a' sent to object: 'Object Repository/Objects.HighlightElements/input_field_index'

2020-06-05 21:01:40 - [MESSAGE][PASSED] - Keys 'CONTROL + a' sent to object: 'Object Repository/Objects.HighlightElements/input_field_index'

2020-06-05 21:01:40 - [TEST_STEP][PASSED] - sendKeys(modifiedObj, Keys.chord(DELETE)): Keys 'DELETE + ' sent to object: 'Object Repository/Objects.HighlightElements/input_field_index'

2020-06-05 21:01:40 - [MESSAGE][PASSED] - Keys 'DELETE + ' sent to object: 'Object Repository/Objects.HighlightElements/input_field_index'

2020-06-05 21:01:40 - [MESSAGE][PASSED] - Call Test Case 'Test Cases/Components/SelectAllThenDeleteIndex' successfully

2020-06-05 21:01:40 - [TEST_STEP][PASSED] - callTestCase(findTestCase("PFI Precision and Scale/PFI Components with Indexing/VerifyDropdownValuesXPI"), ["FldNm":"inspModule", "index":1, "CallTCName":"PFI Precision and Scale/HashMap Tables/ConstantHashMap", "cmbNm":"ModuleNm", ... ], STOP_ON_FAILURE): Call Test Case 'Test Cases/PFI Precision and Scale/PFI Components with Indexing/VerifyDropdownValuesXPI' successfully

2020-06-05 21:01:40 - [TEST_CASE][PASSED] - Test Cases/PFI Precision and Scale/PFI Components with Indexing/VerifyDropdownValuesXPI: Test Cases/PFI Precision and Scale/PFI Components with Indexing/VerifyDropdownValuesXPI

2020-06-05 21:01:40 - [TEST_STEP][PASSED] - Thread.sleep(1000): null

2020-06-05 21:01:41 - [TEST_STEP][PASSED] - NewInputNmField = modifyObjectProperty(findTestObject("Object Repository/Objects.HighlightElements/input_field_index"), "xpath", "equals", "(//*[contains(@name, '" + FldNm + "')])[" + index + "]", true): Modify property of object successfully

2020-06-05 21:01:41 - [MESSAGE][PASSED] - Modify property of object successfully

2020-06-05 21:01:41 - [TEST_STEP][PASSED] - comboNm = cmbNm: null

2020-06-05 21:01:41 - [TEST_STEP][PASSED] - focus(NewInputNmField): Object: 'Object Repository/Objects.HighlightElements/input_field_index' is focused

2020-06-05 21:01:41 - [MESSAGE][PASSED] - Object: 'Object Repository/Objects.HighlightElements/input_field_index' is focused

2020-06-05 21:01:41 - [TEST_STEP][PASSED] - setText(NewInputNmField, EnterValue): Text 'SD' is set on object 'Object Repository/Objects.HighlightElements/input_field_index'

2020-06-05 21:01:41 - [MESSAGE][PASSED] - Text 'SD' is set on object 'Object Repository/Objects.HighlightElements/input_field_index'

2020-06-05 21:01:41 - [TEST_STEP][PASSED] - for ([i = 1, i <= NoOfVal, (i++)]): Keys 'DOWN + ' sent to object: 'Object Repository/Objects.HighlightElements/input_field_index'

2020-06-05 21:01:41 - [TEST_STEP][PASSED] - sendKeys(NewInputNmField, Keys.chord(ARROW_DOWN)): Keys 'DOWN + ' sent to object: 'Object Repository/Objects.HighlightElements/input_field_index'

2020-06-05 21:01:41 - [MESSAGE][PASSED] - Keys 'DOWN + ' sent to object: 'Object Repository/Objects.HighlightElements/input_field_index'

2020-06-05 21:01:41 - [TEST_STEP][PASSED] - delay(DelayTime): Delayed 0 second(s)

2020-06-05 21:01:41 - [MESSAGE][PASSED] - Delayed 0 second(s)

2020-06-05 21:01:41 - [TEST_STEP][PASSED] - sendKeys(NewInputNmField, Keys.chord(ENTER)): Keys 'ENTER + ' sent to object: 'Object Repository/Objects.HighlightElements/input_field_index'

2020-06-05 21:01:41 - [MESSAGE][PASSED] - Keys 'ENTER + ' sent to object: 'Object Repository/Objects.HighlightElements/input_field_index'

2020-06-05 21:01:41 - [TEST_STEP][PASSED] - ComboBoxValue = getAttribute(NewInputNmField, "value"): Attribute 'value' of object 'Object Repository/Objects.HighlightElements/input_field_index' is: 'SD'

2020-06-05 21:01:41 - [MESSAGE][PASSED] - Attribute 'value' of object 'Object Repository/Objects.HighlightElements/input_field_index' is: 'SD'

2020-06-05 21:01:41 - [TEST_STEP][PASSED] - callTestCase(findTestCase(CallTCName), ["FindValue":ComboBoxValue, "DropdownNm":comboNm], STOP_ON_FAILURE): Call Test Case 'Test Cases/PFI Precision and Scale/HashMap Tables/ConstantHashMap' successfully

2020-06-05 21:01:41 - [TEST_CASE][PASSED] - Test Cases/PFI Precision and Scale/HashMap Tables/ConstantHashMap: Test Cases/PFI Precision and Scale/HashMap Tables/ConstantHashMap

2020-06-05 21:01:41 - [TEST_STEP][PASSED] - ConstantTBL = [1:["PeriodType":"Working Day(s)"], 2:["PeriodType":"Calendar Day(s)"], 3:["PeriodType":"Month(s)"], 4:["TypeOfLetter":"T1"], ... ]: null

2020-06-05 21:01:41 - [TEST_STEP][PASSED] - switch (DropdownNm): null

2020-06-05 21:01:41 - [TEST_STEP][PASSED] - case "ModuleNm":: null

2020-06-05 21:01:41 - [TEST_STEP][PASSED] - ValueFound = ConstantTBL.find({ -> ... }): null

2020-06-05 21:01:41 - [TEST_STEP][PASSED] - break: null

2020-06-05 21:01:41 - [MESSAGE][PASSED] - Call Test Case 'Test Cases/PFI Precision and Scale/HashMap Tables/ConstantHashMap' successfully

2020-06-05 21:01:41 - [TEST_STEP][PASSED] - println(ValueFound): null

2020-06-05 21:01:41 - [TEST_STEP][PASSED] - sendKeys(NewInputNmField, Keys.chord(ARROW_DOWN)): Keys 'DOWN + ' sent to object: 'Object Repository/Objects.HighlightElements/input_field_index'

2020-06-05 21:01:42 - [MESSAGE][PASSED] - Keys 'DOWN + ' sent to object: 'Object Repository/Objects.HighlightElements/input_field_index'

2020-06-05 21:01:42 - [TEST_STEP][PASSED] - sendKeys(NewInputNmField, Keys.chord(ENTER)): Keys 'ENTER + ' sent to object: 'Object Repository/Objects.HighlightElements/input_field_index'

2020-06-05 21:01:42 - [MESSAGE][PASSED] - Keys 'ENTER + ' sent to object: 'Object Repository/Objects.HighlightElements/input_field_index'

2020-06-05 21:01:42 - [MESSAGE][PASSED] - Call Test Case 'Test Cases/PFI Precision and Scale/PFI Components with Indexing/VerifyDropdownValuesXPI' successfully

2020-06-05 21:01:42 - [TEST_STEP][PASSED] - callTestCase(findTestCase("PFI Precision and Scale/PFI Components with Indexing/VerifyDropdownValuesXPI"), ["FldNm":"inspCaseType", "index":1, "CallTCName":"PFI Precision and Scale/HashMap Tables/ConstantHashMap", "cmbNm":"SD", "NoOfVal":7, ... ], STOP_ON_FAILURE): Call Test Case 'Test Cases/PFI Precision and Scale/PFI Components with Indexing/VerifyDropdownValuesXPI' successfully

2020-06-05 21:01:42 - [TEST_CASE][PASSED] - Test Cases/PFI Precision and Scale/PFI Components with Indexing/VerifyDropdownValuesXPI: Test Cases/PFI Precision and Scale/PFI Components with Indexing/VerifyDropdownValuesXPI

2020-06-05 21:01:42 - [TEST_STEP][PASSED] - Thread.sleep(1000): null

2020-06-05 21:01:43 - [TEST_STEP][PASSED] - NewInputNmField = modifyObjectProperty(findTestObject("Object Repository/Objects.HighlightElements/input_field_index"), "xpath", "equals", "(//*[contains(@name, '" + FldNm + "')])[" + index + "]", true): Modify property of object successfully

2020-06-05 21:01:43 - [MESSAGE][PASSED] - Modify property of object successfully

2020-06-05 21:01:43 - [TEST_STEP][PASSED] - comboNm = cmbNm: null

2020-06-05 21:01:43 - [TEST_STEP][PASSED] - focus(NewInputNmField): Object: 'Object Repository/Objects.HighlightElements/input_field_index' is focused

2020-06-05 21:01:43 - [MESSAGE][PASSED] - Object: 'Object Repository/Objects.HighlightElements/input_field_index' is focused

2020-06-05 21:01:43 - [TEST_STEP][PASSED] - setText(NewInputNmField, EnterValue): Text '' is set on object 'Object Repository/Objects.HighlightElements/input_field_index'

2020-06-05 21:01:43 - [MESSAGE][PASSED] - Text '' is set on object 'Object Repository/Objects.HighlightElements/input_field_index'

2020-06-05 21:01:43 - [TEST_STEP][PASSED] - for ([i = 1, i <= NoOfVal, (i++)]): Keys 'DOWN + ' sent to object: 'Object Repository/Objects.HighlightElements/input_field_index'

2020-06-05 21:01:43 - [TEST_STEP][PASSED] - sendKeys(NewInputNmField, Keys.chord(ARROW_DOWN)): Keys 'DOWN + ' sent to object: 'Object Repository/Objects.HighlightElements/input_field_index'

2020-06-05 21:01:43 - [MESSAGE][PASSED] - Keys 'DOWN + ' sent to object: 'Object Repository/Objects.HighlightElements/input_field_index'

2020-06-05 21:01:43 - [TEST_STEP][PASSED] - delay(DelayTime): Delayed 2 second(s)

2020-06-05 21:01:45 - [MESSAGE][PASSED] - Delayed 2 second(s)

2020-06-05 21:01:45 - [TEST_STEP][PASSED] - sendKeys(NewInputNmField, Keys.chord(ENTER)): Keys 'ENTER + ' sent to object: 'Object Repository/Objects.HighlightElements/input_field_index'

2020-06-05 21:01:45 - [MESSAGE][PASSED] - Keys 'ENTER + ' sent to object: 'Object Repository/Objects.HighlightElements/input_field_index'

2020-06-05 21:01:45 - [TEST_STEP][PASSED] - ComboBoxValue = getAttribute(NewInputNmField, "value"): Attribute 'value' of object 'Object Repository/Objects.HighlightElements/input_field_index' is: 'Corres-General Correspondence (CORRES-SD-GC)'

2020-06-05 21:01:45 - [MESSAGE][PASSED] - Attribute 'value' of object 'Object Repository/Objects.HighlightElements/input_field_index' is: 'Corres-General Correspondence (CORRES-SD-GC)'

2020-06-05 21:01:45 - [TEST_STEP][PASSED] - callTestCase(findTestCase(CallTCName), ["FindValue":ComboBoxValue, "DropdownNm":comboNm], STOP_ON_FAILURE): Call Test Case 'Test Cases/PFI Precision and Scale/HashMap Tables/ConstantHashMap' successfully

2020-06-05 21:01:45 - [TEST_CASE][PASSED] - Test Cases/PFI Precision and Scale/HashMap Tables/ConstantHashMap: Test Cases/PFI Precision and Scale/HashMap Tables/ConstantHashMap

2020-06-05 21:01:45 - [TEST_STEP][PASSED] - ConstantTBL = [1:["PeriodType":"Working Day(s)"], 2:["PeriodType":"Calendar Day(s)"], 3:["PeriodType":"Month(s)"], 4:["TypeOfLetter":"T1"], ... ]: null

2020-06-05 21:01:45 - [TEST_STEP][PASSED] - switch (DropdownNm): null

2020-06-05 21:01:45 - [TEST_STEP][PASSED] - case "SD":: null

2020-06-05 21:01:45 - [TEST_STEP][PASSED] - ValueFound = ConstantTBL.find({ -> ... }): null

2020-06-05 21:01:45 - [TEST_STEP][PASSED] - break: null

2020-06-05 21:01:45 - [MESSAGE][PASSED] - Call Test Case 'Test Cases/PFI Precision and Scale/HashMap Tables/ConstantHashMap' successfully

2020-06-05 21:01:45 - [TEST_STEP][PASSED] - println(ValueFound): null

2020-06-05 21:01:45 - [TEST_STEP][PASSED] - sendKeys(NewInputNmField, Keys.chord(ARROW_DOWN)): Keys 'DOWN + ' sent to object: 'Object Repository/Objects.HighlightElements/input_field_index'

2020-06-05 21:01:45 - [MESSAGE][PASSED] - Keys 'DOWN + ' sent to object: 'Object Repository/Objects.HighlightElements/input_field_index'

2020-06-05 21:01:45 - [TEST_STEP][PASSED] - sendKeys(NewInputNmField, Keys.chord(ARROW_DOWN)): Keys 'DOWN + ' sent to object: 'Object Repository/Objects.HighlightElements/input_field_index'

2020-06-05 21:01:45 - [MESSAGE][PASSED] - Keys 'DOWN + ' sent to object: 'Object Repository/Objects.HighlightElements/input_field_index'

2020-06-05 21:01:45 - [TEST_STEP][PASSED] - delay(DelayTime): Delayed 2 second(s)

2020-06-05 21:01:47 - [MESSAGE][PASSED] - Delayed 2 second(s)

2020-06-05 21:01:47 - [TEST_STEP][PASSED] - sendKeys(NewInputNmField, Keys.chord(ENTER)): Keys 'ENTER + ' sent to object: 'Object Repository/Objects.HighlightElements/input_field_index'

2020-06-05 21:01:47 - [MESSAGE][PASSED] - Keys 'ENTER + ' sent to object: 'Object Repository/Objects.HighlightElements/input_field_index'

2020-06-05 21:01:47 - [TEST_STEP][PASSED] - ComboBoxValue = getAttribute(NewInputNmField, "value"): Attribute 'value' of object 'Object Repository/Objects.HighlightElements/input_field_index' is: 'Corres-Request for Submission Withdrawal (CORRES-SD-SUBWTH)'

2020-06-05 21:01:47 - [MESSAGE][PASSED] - Attribute 'value' of object 'Object Repository/Objects.HighlightElements/input_field_index' is: 'Corres-Request for Submission Withdrawal (CORRES-SD-SUBWTH)'

2020-06-05 21:01:47 - [TEST_STEP][PASSED] - callTestCase(findTestCase(CallTCName), ["FindValue":ComboBoxValue, "DropdownNm":comboNm], STOP_ON_FAILURE): Call Test Case 'Test Cases/PFI Precision and Scale/HashMap Tables/ConstantHashMap' successfully

2020-06-05 21:01:47 - [TEST_CASE][PASSED] - Test Cases/PFI Precision and Scale/HashMap Tables/ConstantHashMap: Test Cases/PFI Precision and Scale/HashMap Tables/ConstantHashMap

2020-06-05 21:01:47 - [TEST_STEP][PASSED] - ConstantTBL = [1:["PeriodType":"Working Day(s)"], 2:["PeriodType":"Calendar Day(s)"], 3:["PeriodType":"Month(s)"], 4:["TypeOfLetter":"T1"], ... ]: null

2020-06-05 21:01:47 - [TEST_STEP][PASSED] - switch (DropdownNm): null

2020-06-05 21:01:47 - [TEST_STEP][PASSED] - case "SD":: null

2020-06-05 21:01:47 - [TEST_STEP][PASSED] - ValueFound = ConstantTBL.find({ -> ... }): null

2020-06-05 21:01:47 - [TEST_STEP][PASSED] - break: null

2020-06-05 21:01:47 - [MESSAGE][PASSED] - Call Test Case 'Test Cases/PFI Precision and Scale/HashMap Tables/ConstantHashMap' successfully

2020-06-05 21:01:47 - [TEST_STEP][PASSED] - println(ValueFound): null

2020-06-05 21:01:47 - [TEST_STEP][PASSED] - sendKeys(NewInputNmField, Keys.chord(ARROW_DOWN)): Keys 'DOWN + ' sent to object: 'Object Repository/Objects.HighlightElements/input_field_index'

2020-06-05 21:01:47 - [MESSAGE][PASSED] - Keys 'DOWN + ' sent to object: 'Object Repository/Objects.HighlightElements/input_field_index'

2020-06-05 21:01:47 - [TEST_STEP][PASSED] - sendKeys(NewInputNmField, Keys.chord(ARROW_DOWN)): Keys 'DOWN + ' sent to object: 'Object Repository/Objects.HighlightElements/input_field_index'

2020-06-05 21:01:47 - [MESSAGE][PASSED] - Keys 'DOWN + ' sent to object: 'Object Repository/Objects.HighlightElements/input_field_index'

2020-06-05 21:01:47 - [TEST_STEP][PASSED] - delay(DelayTime): Delayed 2 second(s)

2020-06-05 21:01:49 - [MESSAGE][PASSED] - Delayed 2 second(s)

2020-06-05 21:01:49 - [TEST_STEP][PASSED] - sendKeys(NewInputNmField, Keys.chord(ENTER)): Keys 'ENTER + ' sent to object: 'Object Repository/Objects.HighlightElements/input_field_index'

2020-06-05 21:01:49 - [MESSAGE][PASSED] - Keys 'ENTER + ' sent to object: 'Object Repository/Objects.HighlightElements/input_field_index'

2020-06-05 21:01:49 - [TEST_STEP][PASSED] - ComboBoxValue = getAttribute(NewInputNmField, "value"): Attribute 'value' of object 'Object Repository/Objects.HighlightElements/input_field_index' is: 'Dangerous Building Processing (SD)'

2020-06-05 21:01:49 - [MESSAGE][PASSED] - Attribute 'value' of object 'Object Repository/Objects.HighlightElements/input_field_index' is: 'Dangerous Building Processing (SD)'

2020-06-05 21:01:49 - [TEST_STEP][PASSED] - callTestCase(findTestCase(CallTCName), ["FindValue":ComboBoxValue, "DropdownNm":comboNm], STOP_ON_FAILURE): Call Test Case 'Test Cases/PFI Precision and Scale/HashMap Tables/ConstantHashMap' successfully

2020-06-05 21:01:49 - [TEST_CASE][PASSED] - Test Cases/PFI Precision and Scale/HashMap Tables/ConstantHashMap: Test Cases/PFI Precision and Scale/HashMap Tables/ConstantHashMap

2020-06-05 21:01:49 - [TEST_STEP][PASSED] - ConstantTBL = [1:["PeriodType":"Working Day(s)"], 2:["PeriodType":"Calendar Day(s)"], 3:["PeriodType":"Month(s)"], 4:["TypeOfLetter":"T1"], ... ]: null

2020-06-05 21:01:49 - [TEST_STEP][PASSED] - switch (DropdownNm): null

2020-06-05 21:01:49 - [TEST_STEP][PASSED] - case "SD":: null

2020-06-05 21:01:49 - [TEST_STEP][PASSED] - ValueFound = ConstantTBL.find({ -> ... }): null

2020-06-05 21:01:49 - [TEST_STEP][PASSED] - break: null

2020-06-05 21:01:49 - [MESSAGE][PASSED] - Call Test Case 'Test Cases/PFI Precision and Scale/HashMap Tables/ConstantHashMap' successfully

2020-06-05 21:01:49 - [TEST_STEP][PASSED] - println(ValueFound): null

2020-06-05 21:01:49 - [TEST_STEP][PASSED] - sendKeys(NewInputNmField, Keys.chord(ARROW_DOWN)): Keys 'DOWN + ' sent to object: 'Object Repository/Objects.HighlightElements/input_field_index'

2020-06-05 21:01:49 - [MESSAGE][PASSED] - Keys 'DOWN + ' sent to object: 'Object Repository/Objects.HighlightElements/input_field_index'

2020-06-05 21:01:49 - [TEST_STEP][PASSED] - sendKeys(NewInputNmField, Keys.chord(ARROW_DOWN)): Keys 'DOWN + ' sent to object: 'Object Repository/Objects.HighlightElements/input_field_index'

2020-06-05 21:01:49 - [MESSAGE][PASSED] - Keys 'DOWN + ' sent to object: 'Object Repository/Objects.HighlightElements/input_field_index'

2020-06-05 21:01:49 - [TEST_STEP][PASSED] - delay(DelayTime): Delayed 2 second(s)

2020-06-05 21:01:51 - [MESSAGE][PASSED] - Delayed 2 second(s)

2020-06-05 21:01:51 - [TEST_STEP][PASSED] - sendKeys(NewInputNmField, Keys.chord(ENTER)): Keys 'ENTER + ' sent to object: 'Object Repository/Objects.HighlightElements/input_field_index'

2020-06-05 21:01:52 - [MESSAGE][PASSED] - Keys 'ENTER + ' sent to object: 'Object Repository/Objects.HighlightElements/input_field_index'

2020-06-05 21:01:52 - [TEST_STEP][PASSED] - ComboBoxValue = getAttribute(NewInputNmField, "value"): Attribute 'value' of object 'Object Repository/Objects.HighlightElements/input_field_index' is: 'Dangerous Building - Monitoring (SD_SDM)'

2020-06-05 21:01:52 - [MESSAGE][PASSED] - Attribute 'value' of object 'Object Repository/Objects.HighlightElements/input_field_index' is: 'Dangerous Building - Monitoring (SD_SDM)'

2020-06-05 21:01:52 - [TEST_STEP][PASSED] - callTestCase(findTestCase(CallTCName), ["FindValue":ComboBoxValue, "DropdownNm":comboNm], STOP_ON_FAILURE): Call Test Case 'Test Cases/PFI Precision and Scale/HashMap Tables/ConstantHashMap' successfully

2020-06-05 21:01:52 - [TEST_CASE][PASSED] - Test Cases/PFI Precision and Scale/HashMap Tables/ConstantHashMap: Test Cases/PFI Precision and Scale/HashMap Tables/ConstantHashMap

2020-06-05 21:01:52 - [TEST_STEP][PASSED] - ConstantTBL = [1:["PeriodType":"Working Day(s)"], 2:["PeriodType":"Calendar Day(s)"], 3:["PeriodType":"Month(s)"], 4:["TypeOfLetter":"T1"], ... ]: null

2020-06-05 21:01:52 - [TEST_STEP][PASSED] - switch (DropdownNm): null

2020-06-05 21:01:52 - [TEST_STEP][PASSED] - case "SD":: null

2020-06-05 21:01:52 - [TEST_STEP][PASSED] - ValueFound = ConstantTBL.find({ -> ... }): null

2020-06-05 21:01:52 - [TEST_STEP][PASSED] - break: null

2020-06-05 21:01:52 - [MESSAGE][PASSED] - Call Test Case 'Test Cases/PFI Precision and Scale/HashMap Tables/ConstantHashMap' successfully

2020-06-05 21:01:52 - [TEST_STEP][PASSED] - println(ValueFound): null

2020-06-05 21:01:52 - [TEST_STEP][PASSED] - sendKeys(NewInputNmField, Keys.chord(ARROW_DOWN)): Keys 'DOWN + ' sent to object: 'Object Repository/Objects.HighlightElements/input_field_index'

2020-06-05 21:01:52 - [MESSAGE][PASSED] - Keys 'DOWN + ' sent to object: 'Object Repository/Objects.HighlightElements/input_field_index'

2020-06-05 21:01:52 - [TEST_STEP][PASSED] - sendKeys(NewInputNmField, Keys.chord(ARROW_DOWN)): Keys 'DOWN + ' sent to object: 'Object Repository/Objects.HighlightElements/input_field_index'

2020-06-05 21:01:52 - [MESSAGE][PASSED] - Keys 'DOWN + ' sent to object: 'Object Repository/Objects.HighlightElements/input_field_index'

2020-06-05 21:01:52 - [TEST_STEP][PASSED] - delay(DelayTime): Delayed 2 second(s)

2020-06-05 21:01:54 - [MESSAGE][PASSED] - Delayed 2 second(s)

2020-06-05 21:01:54 - [TEST_STEP][PASSED] - sendKeys(NewInputNmField, Keys.chord(ENTER)): Keys 'ENTER + ' sent to object: 'Object Repository/Objects.HighlightElements/input_field_index'

2020-06-05 21:01:54 - [MESSAGE][PASSED] - Keys 'ENTER + ' sent to object: 'Object Repository/Objects.HighlightElements/input_field_index'

2020-06-05 21:01:54 - [TEST_STEP][PASSED] - ComboBoxValue = getAttribute(NewInputNmField, "value"): Attribute 'value' of object 'Object Repository/Objects.HighlightElements/input_field_index' is: 'Process SD Submission (SD1)'

2020-06-05 21:01:54 - [MESSAGE][PASSED] - Attribute 'value' of object 'Object Repository/Objects.HighlightElements/input_field_index' is: 'Process SD Submission (SD1)'

2020-06-05 21:01:54 - [TEST_STEP][PASSED] - callTestCase(findTestCase(CallTCName), ["FindValue":ComboBoxValue, "DropdownNm":comboNm], STOP_ON_FAILURE): Call Test Case 'Test Cases/PFI Precision and Scale/HashMap Tables/ConstantHashMap' successfully

2020-06-05 21:01:54 - [TEST_CASE][PASSED] - Test Cases/PFI Precision and Scale/HashMap Tables/ConstantHashMap: Test Cases/PFI Precision and Scale/HashMap Tables/ConstantHashMap

2020-06-05 21:01:54 - [TEST_STEP][PASSED] - ConstantTBL = [1:["PeriodType":"Working Day(s)"], 2:["PeriodType":"Calendar Day(s)"], 3:["PeriodType":"Month(s)"], 4:["TypeOfLetter":"T1"], ... ]: null

2020-06-05 21:01:54 - [TEST_STEP][PASSED] - switch (DropdownNm): null

2020-06-05 21:01:54 - [TEST_STEP][PASSED] - case "SD":: null

2020-06-05 21:01:54 - [TEST_STEP][PASSED] - ValueFound = ConstantTBL.find({ -> ... }): null

2020-06-05 21:01:54 - [TEST_STEP][PASSED] - break: null

2020-06-05 21:01:54 - [MESSAGE][PASSED] - Call Test Case 'Test Cases/PFI Precision and Scale/HashMap Tables/ConstantHashMap' successfully

2020-06-05 21:01:54 - [TEST_STEP][PASSED] - println(ValueFound): null

2020-06-05 21:01:54 - [TEST_STEP][PASSED] - sendKeys(NewInputNmField, Keys.chord(ARROW_DOWN)): Keys 'DOWN + ' sent to object: 'Object Repository/Objects.HighlightElements/input_field_index'

2020-06-05 21:01:54 - [MESSAGE][PASSED] - Keys 'DOWN + ' sent to object: 'Object Repository/Objects.HighlightElements/input_field_index'

2020-06-05 21:01:54 - [TEST_STEP][PASSED] - sendKeys(NewInputNmField, Keys.chord(ARROW_DOWN)): Keys 'DOWN + ' sent to object: 'Object Repository/Objects.HighlightElements/input_field_index'

2020-06-05 21:01:54 - [MESSAGE][PASSED] - Keys 'DOWN + ' sent to object: 'Object Repository/Objects.HighlightElements/input_field_index'

2020-06-05 21:01:54 - [TEST_STEP][PASSED] - delay(DelayTime): Delayed 2 second(s)

2020-06-05 21:01:56 - [MESSAGE][PASSED] - Delayed 2 second(s)

2020-06-05 21:01:56 - [TEST_STEP][PASSED] - sendKeys(NewInputNmField, Keys.chord(ENTER)): Keys 'ENTER + ' sent to object: 'Object Repository/Objects.HighlightElements/input_field_index'

2020-06-05 21:01:56 - [MESSAGE][PASSED] - Keys 'ENTER + ' sent to object: 'Object Repository/Objects.HighlightElements/input_field_index'

2020-06-05 21:01:56 - [TEST_STEP][PASSED] - ComboBoxValue = getAttribute(NewInputNmField, "value"): Attribute 'value' of object 'Object Repository/Objects.HighlightElements/input_field_index' is: 'Dangerous Building Ad Hoc Processing (SDAH)'

2020-06-05 21:01:56 - [MESSAGE][PASSED] - Attribute 'value' of object 'Object Repository/Objects.HighlightElements/input_field_index' is: 'Dangerous Building Ad Hoc Processing (SDAH)'

2020-06-05 21:01:56 - [TEST_STEP][PASSED] - callTestCase(findTestCase(CallTCName), ["FindValue":ComboBoxValue, "DropdownNm":comboNm], STOP_ON_FAILURE): Call Test Case 'Test Cases/PFI Precision and Scale/HashMap Tables/ConstantHashMap' successfully

2020-06-05 21:01:56 - [TEST_CASE][PASSED] - Test Cases/PFI Precision and Scale/HashMap Tables/ConstantHashMap: Test Cases/PFI Precision and Scale/HashMap Tables/ConstantHashMap

2020-06-05 21:01:56 - [TEST_STEP][PASSED] - ConstantTBL = [1:["PeriodType":"Working Day(s)"], 2:["PeriodType":"Calendar Day(s)"], 3:["PeriodType":"Month(s)"], 4:["TypeOfLetter":"T1"], ... ]: null

2020-06-05 21:01:56 - [TEST_STEP][PASSED] - switch (DropdownNm): null

2020-06-05 21:01:56 - [TEST_STEP][PASSED] - case "SD":: null

2020-06-05 21:01:56 - [TEST_STEP][PASSED] - ValueFound = ConstantTBL.find({ -> ... }): null

2020-06-05 21:01:56 - [TEST_STEP][PASSED] - break: null

2020-06-05 21:01:56 - [MESSAGE][PASSED] - Call Test Case 'Test Cases/PFI Precision and Scale/HashMap Tables/ConstantHashMap' successfully

2020-06-05 21:01:56 - [TEST_STEP][PASSED] - println(ValueFound): null

2020-06-05 21:01:56 - [TEST_STEP][PASSED] - sendKeys(NewInputNmField, Keys.chord(ARROW_DOWN)): Keys 'DOWN + ' sent to object: 'Object Repository/Objects.HighlightElements/input_field_index'

2020-06-05 21:01:56 - [MESSAGE][PASSED] - Keys 'DOWN + ' sent to object: 'Object Repository/Objects.HighlightElements/input_field_index'

2020-06-05 21:01:56 - [TEST_STEP][PASSED] - sendKeys(NewInputNmField, Keys.chord(ARROW_DOWN)): Keys 'DOWN + ' sent to object: 'Object Repository/Objects.HighlightElements/input_field_index'

2020-06-05 21:01:56 - [MESSAGE][PASSED] - Keys 'DOWN + ' sent to object: 'Object Repository/Objects.HighlightElements/input_field_index'

2020-06-05 21:01:56 - [TEST_STEP][PASSED] - delay(DelayTime): Delayed 2 second(s)

2020-06-05 21:01:58 - [MESSAGE][PASSED] - Delayed 2 second(s)

2020-06-05 21:01:58 - [TEST_STEP][PASSED] - sendKeys(NewInputNmField, Keys.chord(ENTER)): Keys 'ENTER + ' sent to object: 'Object Repository/Objects.HighlightElements/input_field_index'

2020-06-05 21:01:58 - [MESSAGE][PASSED] - Keys 'ENTER + ' sent to object: 'Object Repository/Objects.HighlightElements/input_field_index'

2020-06-05 21:01:58 - [TEST_STEP][PASSED] - ComboBoxValue = getAttribute(NewInputNmField, "value"): Attribute 'value' of object 'Object Repository/Objects.HighlightElements/input_field_index' is: 'ST-SD Processing (ST_SD)'

2020-06-05 21:01:58 - [MESSAGE][PASSED] - Attribute 'value' of object 'Object Repository/Objects.HighlightElements/input_field_index' is: 'ST-SD Processing (ST_SD)'

2020-06-05 21:01:58 - [TEST_STEP][PASSED] - callTestCase(findTestCase(CallTCName), ["FindValue":ComboBoxValue, "DropdownNm":comboNm], STOP_ON_FAILURE): Call Test Case 'Test Cases/PFI Precision and Scale/HashMap Tables/ConstantHashMap' successfully

2020-06-05 21:01:58 - [TEST_CASE][PASSED] - Test Cases/PFI Precision and Scale/HashMap Tables/ConstantHashMap: Test Cases/PFI Precision and Scale/HashMap Tables/ConstantHashMap

2020-06-05 21:01:58 - [TEST_STEP][PASSED] - ConstantTBL = [1:["PeriodType":"Working Day(s)"], 2:["PeriodType":"Calendar Day(s)"], 3:["PeriodType":"Month(s)"], 4:["TypeOfLetter":"T1"], ... ]: null

2020-06-05 21:01:58 - [TEST_STEP][PASSED] - switch (DropdownNm): null

2020-06-05 21:01:58 - [TEST_STEP][PASSED] - case "SD":: null

2020-06-05 21:01:58 - [TEST_STEP][PASSED] - ValueFound = ConstantTBL.find({ -> ... }): null

2020-06-05 21:01:58 - [TEST_STEP][PASSED] - break: null

2020-06-05 21:01:58 - [MESSAGE][PASSED] - Call Test Case 'Test Cases/PFI Precision and Scale/HashMap Tables/ConstantHashMap' successfully

2020-06-05 21:01:58 - [TEST_STEP][PASSED] - println(ValueFound): null

2020-06-05 21:01:58 - [TEST_STEP][PASSED] - sendKeys(NewInputNmField, Keys.chord(ARROW_DOWN)): Keys 'DOWN + ' sent to object: 'Object Repository/Objects.HighlightElements/input_field_index'

2020-06-05 21:01:58 - [MESSAGE][PASSED] - Keys 'DOWN + ' sent to object: 'Object Repository/Objects.HighlightElements/input_field_index'

2020-06-05 21:01:58 - [TEST_STEP][PASSED] - sendKeys(NewInputNmField, Keys.chord(ENTER)): Keys 'ENTER + ' sent to object: 'Object Repository/Objects.HighlightElements/input_field_index'

2020-06-05 21:01:58 - [MESSAGE][PASSED] - Keys 'ENTER + ' sent to object: 'Object Repository/Objects.HighlightElements/input_field_index'

2020-06-05 21:01:58 - [MESSAGE][PASSED] - Call Test Case 'Test Cases/PFI Precision and Scale/PFI Components with Indexing/VerifyDropdownValuesXPI' successfully

2020-06-05 21:01:58 - [TEST_STEP][PASSED] - callTestCase(findTestCase("Components/SelectAllThenDeleteIndex"), ["nameToBeUsed":"inspModule", "index":"1"], STOP_ON_FAILURE): Call Test Case 'Test Cases/Components/SelectAllThenDeleteIndex' successfully

2020-06-05 21:01:58 - [TEST_CASE][PASSED] - Test Cases/Components/SelectAllThenDeleteIndex: Test Cases/Components/SelectAllThenDeleteIndex

2020-06-05 21:01:58 - [TEST_STEP][PASSED] - Thread.sleep(1000): null

2020-06-05 21:01:59 - [TEST_STEP][PASSED] - modifiedObj = modifyObjectProperty(findTestObject("Object Repository/Objects.HighlightElements/input_field_index"), "xpath", "equals", "(//*[contains(@class,'x-form-text') and (@name='" + nameToBeUsed + "')])[" + index + "]", true): Modify property of object successfully

2020-06-05 21:01:59 - [MESSAGE][PASSED] - Modify property of object successfully

2020-06-05 21:01:59 - [TEST_STEP][PASSED] - focus(modifiedObj): Object: 'Object Repository/Objects.HighlightElements/input_field_index' is focused

2020-06-05 21:02:00 - [MESSAGE][PASSED] - Object: 'Object Repository/Objects.HighlightElements/input_field_index' is focused

2020-06-05 21:02:00 - [TEST_STEP][PASSED] - sendKeys(modifiedObj, Keys.chord(CONTROL, "a")): Keys 'CONTROL + a' sent to object: 'Object Repository/Objects.HighlightElements/input_field_index'

2020-06-05 21:02:00 - [MESSAGE][PASSED] - Keys 'CONTROL + a' sent to object: 'Object Repository/Objects.HighlightElements/input_field_index'

2020-06-05 21:02:00 - [TEST_STEP][PASSED] - sendKeys(modifiedObj, Keys.chord(DELETE)): Keys 'DELETE + ' sent to object: 'Object Repository/Objects.HighlightElements/input_field_index'

2020-06-05 21:02:00 - [MESSAGE][PASSED] - Keys 'DELETE + ' sent to object: 'Object Repository/Objects.HighlightElements/input_field_index'

2020-06-05 21:02:00 - [MESSAGE][PASSED] - Call Test Case 'Test Cases/Components/SelectAllThenDeleteIndex' successfully

2020-06-05 21:02:00 - [TEST_STEP][PASSED] - callTestCase(findTestCase("PFI Precision and Scale/PFI Components with Indexing/VerifyDropdownValuesXPI"), ["FldNm":"inspModule", "index":1, "CallTCName":"PFI Precision and Scale/HashMap Tables/ConstantHashMap", "cmbNm":"ModuleNm", ... ], STOP_ON_FAILURE): Call Test Case 'Test Cases/PFI Precision and Scale/PFI Components with Indexing/VerifyDropdownValuesXPI' successfully

2020-06-05 21:02:00 - [TEST_CASE][PASSED] - Test Cases/PFI Precision and Scale/PFI Components with Indexing/VerifyDropdownValuesXPI: Test Cases/PFI Precision and Scale/PFI Components with Indexing/VerifyDropdownValuesXPI

2020-06-05 21:02:00 - [TEST_STEP][PASSED] - Thread.sleep(1000): null

2020-06-05 21:02:01 - [TEST_STEP][PASSED] - NewInputNmField = modifyObjectProperty(findTestObject("Object Repository/Objects.HighlightElements/input_field_index"), "xpath", "equals", "(//*[contains(@name, '" + FldNm + "')])[" + index + "]", true): Modify property of object successfully

2020-06-05 21:02:01 - [MESSAGE][PASSED] - Modify property of object successfully

2020-06-05 21:02:01 - [TEST_STEP][PASSED] - comboNm = cmbNm: null

2020-06-05 21:02:01 - [TEST_STEP][PASSED] - focus(NewInputNmField): Object: 'Object Repository/Objects.HighlightElements/input_field_index' is focused

2020-06-05 21:02:01 - [MESSAGE][PASSED] - Object: 'Object Repository/Objects.HighlightElements/input_field_index' is focused

2020-06-05 21:02:01 - [TEST_STEP][PASSED] - setText(NewInputNmField, EnterValue): Text 'FM' is set on object 'Object Repository/Objects.HighlightElements/input_field_index'

2020-06-05 21:02:01 - [MESSAGE][PASSED] - Text 'FM' is set on object 'Object Repository/Objects.HighlightElements/input_field_index'

2020-06-05 21:02:01 - [TEST_STEP][PASSED] - for ([i = 1, i <= NoOfVal, (i++)]): Keys 'DOWN + ' sent to object: 'Object Repository/Objects.HighlightElements/input_field_index'

2020-06-05 21:02:01 - [TEST_STEP][PASSED] - sendKeys(NewInputNmField, Keys.chord(ARROW_DOWN)): Keys 'DOWN + ' sent to object: 'Object Repository/Objects.HighlightElements/input_field_index'

2020-06-05 21:02:01 - [MESSAGE][PASSED] - Keys 'DOWN + ' sent to object: 'Object Repository/Objects.HighlightElements/input_field_index'

2020-06-05 21:02:01 - [TEST_STEP][PASSED] - delay(DelayTime): Delayed 0 second(s)

2020-06-05 21:02:01 - [MESSAGE][PASSED] - Delayed 0 second(s)

2020-06-05 21:02:01 - [TEST_STEP][PASSED] - sendKeys(NewInputNmField, Keys.chord(ENTER)): Keys 'ENTER + ' sent to object: 'Object Repository/Objects.HighlightElements/input_field_index'

2020-06-05 21:02:01 - [MESSAGE][PASSED] - Keys 'ENTER + ' sent to object: 'Object Repository/Objects.HighlightElements/input_field_index'

2020-06-05 21:02:01 - [TEST_STEP][PASSED] - ComboBoxValue = getAttribute(NewInputNmField, "value"): Attribute 'value' of object 'Object Repository/Objects.HighlightElements/input_field_index' is: 'FM'

2020-06-05 21:02:01 - [MESSAGE][PASSED] - Attribute 'value' of object 'Object Repository/Objects.HighlightElements/input_field_index' is: 'FM'

2020-06-05 21:02:01 - [TEST_STEP][PASSED] - callTestCase(findTestCase(CallTCName), ["FindValue":ComboBoxValue, "DropdownNm":comboNm], STOP_ON_FAILURE): Call Test Case 'Test Cases/PFI Precision and Scale/HashMap Tables/ConstantHashMap' successfully

2020-06-05 21:02:01 - [TEST_CASE][PASSED] - Test Cases/PFI Precision and Scale/HashMap Tables/ConstantHashMap: Test Cases/PFI Precision and Scale/HashMap Tables/ConstantHashMap

2020-06-05 21:02:01 - [TEST_STEP][PASSED] - ConstantTBL = [1:["PeriodType":"Working Day(s)"], 2:["PeriodType":"Calendar Day(s)"], 3:["PeriodType":"Month(s)"], 4:["TypeOfLetter":"T1"], ... ]: null

2020-06-05 21:02:01 - [TEST_STEP][PASSED] - switch (DropdownNm): null

2020-06-05 21:02:01 - [TEST_STEP][PASSED] - case "ModuleNm":: null

2020-06-05 21:02:01 - [TEST_STEP][PASSED] - ValueFound = ConstantTBL.find({ -> ... }): null

2020-06-05 21:02:01 - [TEST_STEP][PASSED] - break: null

2020-06-05 21:02:01 - [MESSAGE][PASSED] - Call Test Case 'Test Cases/PFI Precision and Scale/HashMap Tables/ConstantHashMap' successfully

2020-06-05 21:02:01 - [TEST_STEP][PASSED] - println(ValueFound): null

2020-06-05 21:02:01 - [TEST_STEP][PASSED] - sendKeys(NewInputNmField, Keys.chord(ARROW_DOWN)): Keys 'DOWN + ' sent to object: 'Object Repository/Objects.HighlightElements/input_field_index'

2020-06-05 21:02:01 - [MESSAGE][PASSED] - Keys 'DOWN + ' sent to object: 'Object Repository/Objects.HighlightElements/input_field_index'

2020-06-05 21:02:01 - [TEST_STEP][PASSED] - sendKeys(NewInputNmField, Keys.chord(ENTER)): Keys 'ENTER + ' sent to object: 'Object Repository/Objects.HighlightElements/input_field_index'

2020-06-05 21:02:01 - [MESSAGE][PASSED] - Keys 'ENTER + ' sent to object: 'Object Repository/Objects.HighlightElements/input_field_index'

2020-06-05 21:02:01 - [MESSAGE][PASSED] - Call Test Case 'Test Cases/PFI Precision and Scale/PFI Components with Indexing/VerifyDropdownValuesXPI' successfully

2020-06-05 21:02:01 - [TEST_STEP][PASSED] - callTestCase(findTestCase("PFI Precision and Scale/PFI Components with Indexing/VerifyDropdownValuesXPI"), ["FldNm":"inspCaseType", "index":1, "CallTCName":"PFI Precision and Scale/HashMap Tables/ConstantHashMap", "cmbNm":"FM", "NoOfVal":1, ... ], STOP_ON_FAILURE): Call Test Case 'Test Cases/PFI Precision and Scale/PFI Components with Indexing/VerifyDropdownValuesXPI' successfully

2020-06-05 21:02:01 - [TEST_CASE][PASSED] - Test Cases/PFI Precision and Scale/PFI Components with Indexing/VerifyDropdownValuesXPI: Test Cases/PFI Precision and Scale/PFI Components with Indexing/VerifyDropdownValuesXPI

2020-06-05 21:02:01 - [TEST_STEP][PASSED] - Thread.sleep(1000): null

2020-06-05 21:02:02 - [TEST_STEP][PASSED] - NewInputNmField = modifyObjectProperty(findTestObject("Object Repository/Objects.HighlightElements/input_field_index"), "xpath", "equals", "(//*[contains(@name, '" + FldNm + "')])[" + index + "]", true): Modify property of object successfully

2020-06-05 21:02:02 - [MESSAGE][PASSED] - Modify property of object successfully

2020-06-05 21:02:02 - [TEST_STEP][PASSED] - comboNm = cmbNm: null

2020-06-05 21:02:02 - [TEST_STEP][PASSED] - focus(NewInputNmField): Object: 'Object Repository/Objects.HighlightElements/input_field_index' is focused

2020-06-05 21:02:02 - [MESSAGE][PASSED] - Object: 'Object Repository/Objects.HighlightElements/input_field_index' is focused

2020-06-05 21:02:02 - [TEST_STEP][PASSED] - setText(NewInputNmField, EnterValue): Text '' is set on object 'Object Repository/Objects.HighlightElements/input_field_index'

2020-06-05 21:02:02 - [MESSAGE][PASSED] - Text '' is set on object 'Object Repository/Objects.HighlightElements/input_field_index'

2020-06-05 21:02:02 - [TEST_STEP][PASSED] - for ([i = 1, i <= NoOfVal, (i++)]): Keys 'DOWN + ' sent to object: 'Object Repository/Objects.HighlightElements/input_field_index'

2020-06-05 21:02:02 - [TEST_STEP][PASSED] - sendKeys(NewInputNmField, Keys.chord(ARROW_DOWN)): Keys 'DOWN + ' sent to object: 'Object Repository/Objects.HighlightElements/input_field_index'

2020-06-05 21:02:02 - [MESSAGE][PASSED] - Keys 'DOWN + ' sent to object: 'Object Repository/Objects.HighlightElements/input_field_index'

2020-06-05 21:02:02 - [TEST_STEP][PASSED] - delay(DelayTime): Delayed 2 second(s)

2020-06-05 21:02:04 - [MESSAGE][PASSED] - Delayed 2 second(s)

2020-06-05 21:02:04 - [TEST_STEP][PASSED] - sendKeys(NewInputNmField, Keys.chord(ENTER)): Keys 'ENTER + ' sent to object: 'Object Repository/Objects.HighlightElements/input_field_index'

2020-06-05 21:02:04 - [MESSAGE][PASSED] - Keys 'ENTER + ' sent to object: 'Object Repository/Objects.HighlightElements/input_field_index'

2020-06-05 21:02:04 - [TEST_STEP][PASSED] - ComboBoxValue = getAttribute(NewInputNmField, "value"): Attribute 'value' of object 'Object Repository/Objects.HighlightElements/input_field_index' is: 'Feedback Processing (FM)'

2020-06-05 21:02:04 - [MESSAGE][PASSED] - Attribute 'value' of object 'Object Repository/Objects.HighlightElements/input_field_index' is: 'Feedback Processing (FM)'

2020-06-05 21:02:04 - [TEST_STEP][PASSED] - callTestCase(findTestCase(CallTCName), ["FindValue":ComboBoxValue, "DropdownNm":comboNm], STOP_ON_FAILURE): Call Test Case 'Test Cases/PFI Precision and Scale/HashMap Tables/ConstantHashMap' successfully

2020-06-05 21:02:05 - [TEST_CASE][PASSED] - Test Cases/PFI Precision and Scale/HashMap Tables/ConstantHashMap: Test Cases/PFI Precision and Scale/HashMap Tables/ConstantHashMap

2020-06-05 21:02:05 - [TEST_STEP][PASSED] - ConstantTBL = [1:["PeriodType":"Working Day(s)"], 2:["PeriodType":"Calendar Day(s)"], 3:["PeriodType":"Month(s)"], 4:["TypeOfLetter":"T1"], ... ]: null

2020-06-05 21:02:05 - [TEST_STEP][PASSED] - switch (DropdownNm): null

2020-06-05 21:02:05 - [TEST_STEP][PASSED] - case "FM":: null

2020-06-05 21:02:05 - [TEST_STEP][PASSED] - ValueFound = ConstantTBL.find({ -> ... }): null

2020-06-05 21:02:05 - [TEST_STEP][PASSED] - break: null

2020-06-05 21:02:05 - [MESSAGE][PASSED] - Call Test Case 'Test Cases/PFI Precision and Scale/HashMap Tables/ConstantHashMap' successfully

2020-06-05 21:02:05 - [TEST_STEP][PASSED] - println(ValueFound): null

2020-06-05 21:02:05 - [TEST_STEP][PASSED] - sendKeys(NewInputNmField, Keys.chord(ARROW_DOWN)): Keys 'DOWN + ' sent to object: 'Object Repository/Objects.HighlightElements/input_field_index'

2020-06-05 21:02:05 - [MESSAGE][PASSED] - Keys 'DOWN + ' sent to object: 'Object Repository/Objects.HighlightElements/input_field_index'

2020-06-05 21:02:05 - [TEST_STEP][PASSED] - sendKeys(NewInputNmField, Keys.chord(ENTER)): Keys 'ENTER + ' sent to object: 'Object Repository/Objects.HighlightElements/input_field_index'

2020-06-05 21:02:05 - [MESSAGE][PASSED] - Keys 'ENTER + ' sent to object: 'Object Repository/Objects.HighlightElements/input_field_index'

2020-06-05 21:02:05 - [MESSAGE][PASSED] - Call Test Case 'Test Cases/PFI Precision and Scale/PFI Components with Indexing/VerifyDropdownValuesXPI' successfully

2020-06-05 21:02:05 - [TEST_STEP][PASSED] - callTestCase(findTestCase("Components/HighlightLabelFieldXPI"), ["LblName":"Inspection From Date", "index":1], STOP_ON_FAILURE): Call Test Case 'Test Cases/Components/HighlightLabelFieldXPI' successfully

2020-06-05 21:02:05 - [TEST_CASE][PASSED] - Test Cases/Components/HighlightLabelFieldXPI: Test Cases/Components/HighlightLabelFieldXPI

2020-06-05 21:02:05 - [TEST_STEP][PASSED] - Thread.sleep(1000): null

2020-06-05 21:02:06 - [TEST_STEP][PASSED] - modifiedLblNm = modifyObjectProperty(findTestObject("Object Repository/Objects.HighlightElements/lblField_index"), "xpath", "equals", "(//*[contains(@class, 'x-form-item-label-inner x-form-item-label-inner-default') and contains(., '" + LblName + "')])[" + index + "]", true): Modify property of object successfully

2020-06-05 21:02:06 - [MESSAGE][PASSED] - Modify property of object successfully

2020-06-05 21:02:06 - [TEST_STEP][PASSED] - com.reusableComponents.HighlightElement.run(modifiedLblNm): com.reusableComponents.HighlightElement.run is PASSED

2020-06-05 21:02:06 - [MESSAGE][PASSED] - com.reusableComponents.HighlightElement.run is PASSED

2020-06-05 21:02:06 - [MESSAGE][PASSED] - Call Test Case 'Test Cases/Components/HighlightLabelFieldXPI' successfully

2020-06-05 21:02:06 - [TEST_STEP][PASSED] - callTestCase(findTestCase("Components/HighlightInputFieldXPI"), ["FldNm":"inspDt", "index":1], STOP_ON_FAILURE): Call Test Case 'Test Cases/Components/HighlightInputFieldXPI' successfully

2020-06-05 21:02:06 - [TEST_CASE][PASSED] - Test Cases/Components/HighlightInputFieldXPI: Test Cases/Components/HighlightInputFieldXPI

2020-06-05 21:02:06 - [TEST_STEP][PASSED] - Thread.sleep(1000): null

2020-06-05 21:02:07 - [TEST_STEP][PASSED] - modifiedInputNm = modifyObjectProperty(findTestObject("Object Repository/Objects.HighlightElements/input_field_index"), "xpath", "equals", "(//*[contains(@name, '" + FldNm + "')])[" + index + "]", true): Modify property of object successfully

2020-06-05 21:02:07 - [MESSAGE][PASSED] - Modify property of object successfully

2020-06-05 21:02:07 - [TEST_STEP][PASSED] - com.reusableComponents.HighlightElement.run(modifiedInputNm): com.reusableComponents.HighlightElement.run is PASSED

2020-06-05 21:02:08 - [MESSAGE][PASSED] - com.reusableComponents.HighlightElement.run is PASSED

2020-06-05 21:02:08 - [MESSAGE][PASSED] - Call Test Case 'Test Cases/Components/HighlightInputFieldXPI' successfully

2020-06-05 21:02:08 - [TEST_STEP][PASSED] - callTestCase(findTestCase("Components/SelectAllThenDeleteIndex"), ["nameToBeUsed":"inspDt", "index":"1"], STOP_ON_FAILURE): Call Test Case 'Test Cases/Components/SelectAllThenDeleteIndex' successfully

2020-06-05 21:02:08 - [TEST_CASE][PASSED] - Test Cases/Components/SelectAllThenDeleteIndex: Test Cases/Components/SelectAllThenDeleteIndex

2020-06-05 21:02:08 - [TEST_STEP][PASSED] - Thread.sleep(1000): null

2020-06-05 21:02:09 - [TEST_STEP][PASSED] - modifiedObj = modifyObjectProperty(findTestObject("Object Repository/Objects.HighlightElements/input_field_index"), "xpath", "equals", "(//*[contains(@class,'x-form-text') and (@name='" + nameToBeUsed + "')])[" + index + "]", true): Modify property of object successfully

2020-06-05 21:02:09 - [MESSAGE][PASSED] - Modify property of object successfully

2020-06-05 21:02:09 - [TEST_STEP][PASSED] - focus(modifiedObj): Object: 'Object Repository/Objects.HighlightElements/input_field_index' is focused

2020-06-05 21:02:09 - [MESSAGE][PASSED] - Object: 'Object Repository/Objects.HighlightElements/input_field_index' is focused

2020-06-05 21:02:09 - [TEST_STEP][PASSED] - sendKeys(modifiedObj, Keys.chord(CONTROL, "a")): Keys 'CONTROL + a' sent to object: 'Object Repository/Objects.HighlightElements/input_field_index'

2020-06-05 21:02:09 - [MESSAGE][PASSED] - Keys 'CONTROL + a' sent to object: 'Object Repository/Objects.HighlightElements/input_field_index'

2020-06-05 21:02:09 - [TEST_STEP][PASSED] - sendKeys(modifiedObj, Keys.chord(DELETE)): Keys 'DELETE + ' sent to object: 'Object Repository/Objects.HighlightElements/input_field_index'

2020-06-05 21:02:09 - [MESSAGE][PASSED] - Keys 'DELETE + ' sent to object: 'Object Repository/Objects.HighlightElements/input_field_index'

2020-06-05 21:02:09 - [MESSAGE][PASSED] - Call Test Case 'Test Cases/Components/SelectAllThenDeleteIndex' successfully

2020-06-05 21:02:09 - [TEST_STEP][PASSED] - callTestCase(findTestCase("PFI Precision and Scale/PFI Components with Indexing/NumericTextboxValidationIndex"), ["nameToBeUsed":"inspDt", "index":1, "minLen":4], STOP_ON_FAILURE): Call Test Case 'Test Cases/PFI Precision and Scale/PFI Components with Indexing/NumericTextboxValidationIndex' successfully

2020-06-05 21:02:09 - [TEST_CASE][PASSED] - Test Cases/PFI Precision and Scale/PFI Components with Indexing/NumericTextboxValidationIndex: Test Cases/PFI Precision and Scale/PFI Components with Indexing/NumericTextboxValidationIndex

2020-06-05 21:02:09 - [TEST_STEP][PASSED] - Thread.sleep(1000): null

2020-06-05 21:02:10 - [TEST_STEP][PASSED] - Numeric = "0123456789": null

2020-06-05 21:02:10 - [TEST_STEP][PASSED] - AlphaSpecialChar = z) + "`~!@#$%^&*()=_{}|\][;'":,?><"".join(): null

2020-06-05 21:02:10 - [TEST_STEP][PASSED] - RandomNumeric = RandomStringUtils.random(minLen, Numeric.toCharArray()): null

2020-06-05 21:02:10 - [TEST_STEP][PASSED] - RandomString = RandomStringUtils.random(minLen, AlphaSpecialChar): null

2020-06-05 21:02:10 - [TEST_STEP][PASSED] - regexPat = Pattern.compile("^[0-9]+$"): null

2020-06-05 21:02:10 - [TEST_STEP][PASSED] - NewInputNmField = modifyObjectProperty(findTestObject("Object Repository/Objects.HighlightElements/input_field_index"), "xpath", "equals", "(//*[contains(@class,'x-form-text') and (@name='" + nameToBeUsed + "')])[" + index + "]", true): Modify property of object successfully

2020-06-05 21:02:10 - [MESSAGE][PASSED] - Modify property of object successfully

2020-06-05 21:02:10 - [TEST_STEP][PASSED] - focus(NewInputNmField): Object: 'Object Repository/Objects.HighlightElements/input_field_index' is focused

2020-06-05 21:02:10 - [MESSAGE][PASSED] - Object: 'Object Repository/Objects.HighlightElements/input_field_index' is focused

2020-06-05 21:02:10 - [TEST_STEP][PASSED] - setText(NewInputNmField, RandomString): Text 'wCmr' is set on object 'Object Repository/Objects.HighlightElements/input_field_index'

2020-06-05 21:02:10 - [MESSAGE][PASSED] - Text 'wCmr' is set on object 'Object Repository/Objects.HighlightElements/input_field_index'

2020-06-05 21:02:10 - [TEST_STEP][PASSED] - GetInputVal = getAttribute(NewInputNmField, "value"): Attribute 'value' of object 'Object Repository/Objects.HighlightElements/input_field_index' is: ''

2020-06-05 21:02:10 - [MESSAGE][PASSED] - Attribute 'value' of object 'Object Repository/Objects.HighlightElements/input_field_index' is: ''

2020-06-05 21:02:10 - [TEST_STEP][PASSED] - if (GetInputVal.contains("e")): null

2020-06-05 21:02:10 - [TEST_STEP][PASSED] - else: Actual text '' and expected text '' are matched  using regular expression

2020-06-05 21:02:10 - [TEST_STEP][PASSED] - verifyMatch(GetInputVal, "", true): Actual text '' and expected text '' are matched  using regular expression

2020-06-05 21:02:10 - [MESSAGE][PASSED] - Actual text '' and expected text '' are matched  using regular expression

2020-06-05 21:02:10 - [TEST_STEP][PASSED] - setText(NewInputNmField, RandomNumeric): Text '4150' is set on object 'Object Repository/Objects.HighlightElements/input_field_index'

2020-06-05 21:02:11 - [MESSAGE][PASSED] - Text '4150' is set on object 'Object Repository/Objects.HighlightElements/input_field_index'

2020-06-05 21:02:11 - [TEST_STEP][PASSED] - GetEnteredIntegers = getAttribute(NewInputNmField, "value"): Attribute 'value' of object 'Object Repository/Objects.HighlightElements/input_field_index' is: '4150'

2020-06-05 21:02:11 - [MESSAGE][PASSED] - Attribute 'value' of object 'Object Repository/Objects.HighlightElements/input_field_index' is: '4150'

2020-06-05 21:02:11 - [TEST_STEP][PASSED] - matchStr = regexPat.matcher(GetEnteredIntegers): null

2020-06-05 21:02:11 - [TEST_STEP][PASSED] - if (matchStr.matches() == true): Accepting Numeric

2020-06-05 21:02:11 - [TEST_STEP][PASSED] - comment("Accepting Numeric"): Accepting Numeric

2020-06-05 21:02:11 - [MESSAGE][INFO] - Accepting Numeric

2020-06-05 21:02:11 - [MESSAGE][PASSED] - Call Test Case 'Test Cases/PFI Precision and Scale/PFI Components with Indexing/NumericTextboxValidationIndex' successfully

2020-06-05 21:02:11 - [TEST_STEP][PASSED] - callTestCase(findTestCase("PFI Precision and Scale/PFI Components with Indexing/StartTimeErrorIndex"), ["FldNm":"inspDt", "index":1], STOP_ON_FAILURE): Call Test Case 'Test Cases/PFI Precision and Scale/PFI Components with Indexing/StartTimeErrorIndex' successfully

2020-06-05 21:02:11 - [TEST_CASE][PASSED] - Test Cases/PFI Precision and Scale/PFI Components with Indexing/StartTimeErrorIndex: Test Cases/PFI Precision and Scale/PFI Components with Indexing/StartTimeErrorIndex

2020-06-05 21:02:11 - [TEST_STEP][PASSED] - Thread.sleep(5000): null

2020-06-05 21:02:16 - [TEST_STEP][PASSED] - if (index == 0): null

2020-06-05 21:02:16 - [TEST_STEP][PASSED] - else: Modify property of object successfully

2020-06-05 21:02:16 - [TEST_STEP][PASSED] - NewInputNmField = modifyObjectProperty(findTestObject("Object Repository/Objects.HighlightElements/input_field_index"), "xpath", "equals", "(//*[@name= '" + FldNm + "'])[" + index + "]", true): Modify property of object successfully

2020-06-05 21:02:16 - [MESSAGE][PASSED] - Modify property of object successfully

2020-06-05 21:02:16 - [TEST_STEP][PASSED] - mouseOver(NewInputNmField): Object: 'Object Repository/Objects.HighlightElements/input_field_index' is hovered

2020-06-05 21:02:16 - [MESSAGE][PASSED] - Object: 'Object Repository/Objects.HighlightElements/input_field_index' is hovered

2020-06-05 21:02:16 - [TEST_STEP][PASSED] - getInputInvalidDate = getAttribute(NewInputNmField, "value"): Attribute 'value' of object 'Object Repository/Objects.HighlightElements/input_field_index' is: '4150'

2020-06-05 21:02:16 - [MESSAGE][PASSED] - Attribute 'value' of object 'Object Repository/Objects.HighlightElements/input_field_index' is: '4150'

2020-06-05 21:02:16 - [TEST_STEP][PASSED] - getErrMsg = getAttribute(NewInputNmField, "data-errorqtip"): Attribute 'data-errorqtip' of object 'Object Repository/Objects.HighlightElements/input_field_index' is: '<ul class="x-list-plain"><li>Start time must be less than end time</li><li>4150 is not a valid date - it must be in the format d/m/Y</li></ul>'

2020-06-05 21:02:16 - [MESSAGE][PASSED] - Attribute 'data-errorqtip' of object 'Object Repository/Objects.HighlightElements/input_field_index' is: '<ul class="x-list-plain"><li>Start time must be less than end time</li><li>4150 is not a valid date - it must be in the format d/m/Y</li></ul>'

2020-06-05 21:02:16 - [TEST_STEP][PASSED] - RmvCd = getErrMsg.substring(0, 75): null

2020-06-05 21:02:16 - [TEST_STEP][PASSED] - FirstErrMsg = RmvCd.substring(29, 66): null

2020-06-05 21:02:16 - [TEST_STEP][PASSED] - getTotalLength = getErrMsg.length(): null

2020-06-05 21:02:16 - [TEST_STEP][PASSED] - RmvCd = getErrMsg.substring(75, getTotalLength): null

2020-06-05 21:02:16 - [TEST_STEP][PASSED] - lenInv = RmvCd.length() - 10: null

2020-06-05 21:02:16 - [TEST_STEP][PASSED] - InvErrMsg = RmvCd.substring(0, lenInv): null

2020-06-05 21:02:16 - [TEST_STEP][PASSED] - ExpectedInvalidErrMsg2 = concatenate(InvDtErr, " ", getInputInvalidDate, " ", NotValidDt): Concatenated string array: '['Start time must be less than end time',' ','4150',' ','is not a valid date - it must be in the format d/m/Y']' into 'Start time must be less than end time 4150 is not a valid date - it must be in the format d/m/Y'

2020-06-05 21:02:16 - [MESSAGE][PASSED] - Concatenated string array: '['Start time must be less than end time',' ','4150',' ','is not a valid date - it must be in the format d/m/Y']' into 'Start time must be less than end time 4150 is not a valid date - it must be in the format d/m/Y'

2020-06-05 21:02:16 - [TEST_STEP][PASSED] - ActualInvErrMsg = concatenate(FirstErrMsg, " ", InvErrMsg): Concatenated string array: '['Start time must be less than end time',' ','4150 is not a valid date - it must be in the format d/m/Y']' into 'Start time must be less than end time 4150 is not a valid date - it must be in the format d/m/Y'

2020-06-05 21:02:16 - [MESSAGE][PASSED] - Concatenated string array: '['Start time must be less than end time',' ','4150 is not a valid date - it must be in the format d/m/Y']' into 'Start time must be less than end time 4150 is not a valid date - it must be in the format d/m/Y'

2020-06-05 21:02:16 - [TEST_STEP][PASSED] - verifyMatch(ActualInvErrMsg, ExpectedInvalidErrMsg2, true): Actual text 'Start time must be less than end time 4150 is not a valid date - it must be in the format d/m/Y' and expected text 'Start time must be less than end time 4150 is not a valid date - it must be in the format d/m/Y' are matched  using regular expression

2020-06-05 21:02:16 - [MESSAGE][PASSED] - Actual text 'Start time must be less than end time 4150 is not a valid date - it must be in the format d/m/Y' and expected text 'Start time must be less than end time 4150 is not a valid date - it must be in the format d/m/Y' are matched  using regular expression

2020-06-05 21:02:16 - [MESSAGE][PASSED] - Call Test Case 'Test Cases/PFI Precision and Scale/PFI Components with Indexing/StartTimeErrorIndex' successfully

2020-06-05 21:02:16 - [TEST_STEP][PASSED] - callTestCase(findTestCase("PFI Precision and Scale/PFI Components with Indexing/SelectDayInDatePickerWithIndexII"), ["FldNm":"inspDt", "SelectCurrentDay":"3", "index":13, "idx":1], STOP_ON_FAILURE): Call Test Case 'Test Cases/PFI Precision and Scale/PFI Components with Indexing/SelectDayInDatePickerWithIndexII' successfully

2020-06-05 21:02:16 - [TEST_CASE][PASSED] - Test Cases/PFI Precision and Scale/PFI Components with Indexing/SelectDayInDatePickerWithIndexII: Test Cases/PFI Precision and Scale/PFI Components with Indexing/SelectDayInDatePickerWithIndexII

2020-06-05 21:02:16 - [TEST_STEP][PASSED] - Thread.sleep(1000): null

2020-06-05 21:02:17 - [TEST_STEP][PASSED] - DateInputFld = modifyObjectProperty(findTestObject("Objects.HighlightElements/input_field_index"), "xpath", "equals", "(//*[contains(@class,'x-form-text') and (@name='" + FldNm + "')])[" + idx + "]", true): Modify property of object successfully

2020-06-05 21:02:18 - [MESSAGE][PASSED] - Modify property of object successfully

2020-06-05 21:02:18 - [TEST_STEP][PASSED] - ModifiedDay = modifyObjectProperty(findTestObject("Objects.DateValidation/Page_ISPS2/Select_Day_Index"), "xpath", "equals", "(//*[contains(@class, 'x-datepicker-date') and (text() = '" + SelectCurrentDay + "')])[" + index + "]", true): Modify property of object successfully

2020-06-05 21:02:18 - [MESSAGE][PASSED] - Modify property of object successfully

2020-06-05 21:02:18 - [TEST_STEP][PASSED] - sendKeys(DateInputFld, Keys.chord(ARROW_DOWN)): Keys 'DOWN + ' sent to object: 'Object Repository/Objects.HighlightElements/input_field_index'

2020-06-05 21:02:18 - [MESSAGE][PASSED] - Keys 'DOWN + ' sent to object: 'Object Repository/Objects.HighlightElements/input_field_index'

2020-06-05 21:02:18 - [TEST_STEP][PASSED] - com.reusableComponents.HighlightElement.run(ModifiedDay): com.reusableComponents.HighlightElement.run is PASSED

2020-06-05 21:02:18 - [MESSAGE][PASSED] - com.reusableComponents.HighlightElement.run is PASSED

2020-06-05 21:02:18 - [TEST_STEP][PASSED] - delay(1): Delayed 1 second(s)

2020-06-05 21:02:19 - [MESSAGE][PASSED] - Delayed 1 second(s)

2020-06-05 21:02:19 - [TEST_STEP][PASSED] - click(ModifiedDay): Object: 'Object Repository/Objects.DateValidation/Page_ISPS2/Select_Day_Index' is clicked on

2020-06-05 21:02:19 - [MESSAGE][PASSED] - Object: 'Object Repository/Objects.DateValidation/Page_ISPS2/Select_Day_Index' is clicked on

2020-06-05 21:02:19 - [TEST_STEP][PASSED] - GetError = getAttribute(DateInputFld, "data-errorqtip"): Attribute 'data-errorqtip' of object 'Object Repository/Objects.HighlightElements/input_field_index' is: ''

2020-06-05 21:02:19 - [MESSAGE][PASSED] - Attribute 'data-errorqtip' of object 'Object Repository/Objects.HighlightElements/input_field_index' is: ''

2020-06-05 21:02:19 - [TEST_STEP][PASSED] - if (GetError == ""): Date Format is valid

2020-06-05 21:02:19 - [TEST_STEP][PASSED] - GetEnteredDate = getAttribute(DateInputFld, "value"): Attribute 'value' of object 'Object Repository/Objects.HighlightElements/input_field_index' is: '03/06/2020'

2020-06-05 21:02:19 - [MESSAGE][PASSED] - Attribute 'value' of object 'Object Repository/Objects.HighlightElements/input_field_index' is: '03/06/2020'

2020-06-05 21:02:19 - [TEST_STEP][PASSED] - DatePattern = Pattern.compile("^(1[0-2]|0[1-9])/(3[01]|[12][0-9]|0[1-9])/[0-9]{4}$"): null

2020-06-05 21:02:19 - [TEST_STEP][PASSED] - VerifyDateFormat = DatePattern.matcher(GetEnteredDate): null

2020-06-05 21:02:19 - [TEST_STEP][PASSED] - if (VerifyDateFormat.matches() == true): Date Format is valid

2020-06-05 21:02:19 - [TEST_STEP][PASSED] - comment("Date Format is valid"): Date Format is valid

2020-06-05 21:02:19 - [MESSAGE][INFO] - Date Format is valid

2020-06-05 21:02:19 - [MESSAGE][PASSED] - Call Test Case 'Test Cases/PFI Precision and Scale/PFI Components with Indexing/SelectDayInDatePickerWithIndexII' successfully

2020-06-05 21:02:19 - [TEST_STEP][PASSED] - callTestCase(findTestCase("PFI Precision and Scale/PFI Components with Indexing/SelectTodayInDatePickerIndex"), ["FldNm":"inspDt", "index":7, "idx":1], STOP_ON_FAILURE): Call Test Case 'Test Cases/PFI Precision and Scale/PFI Components with Indexing/SelectTodayInDatePickerIndex' successfully

2020-06-05 21:02:19 - [TEST_CASE][PASSED] - Test Cases/PFI Precision and Scale/PFI Components with Indexing/SelectTodayInDatePickerIndex: Test Cases/PFI Precision and Scale/PFI Components with Indexing/SelectTodayInDatePickerIndex

2020-06-05 21:02:20 - [TEST_STEP][PASSED] - Thread.sleep(1000): null

2020-06-05 21:02:21 - [TEST_STEP][PASSED] - date = new java.util.Date(): null

2020-06-05 21:02:21 - [TEST_STEP][PASSED] - CurrentDate = new java.text.SimpleDateFormat(dd/MM/yyyy): null

2020-06-05 21:02:21 - [TEST_STEP][PASSED] - TodayDate = CurrentDate.format(date): null

2020-06-05 21:02:21 - [TEST_STEP][PASSED] - DateFieldNm = modifyObjectProperty(findTestObject("Objects.HighlightElements/input_field_index"), "xpath", "equals", "(//*[contains(@class,'x-form-text') and (@name='" + FldNm + "')])[" + idx + "]", true): Modify property of object successfully

2020-06-05 21:02:21 - [MESSAGE][PASSED] - Modify property of object successfully

2020-06-05 21:02:21 - [TEST_STEP][PASSED] - TodayBtn = modifyObjectProperty(findTestObject("Object Repository/Objects.DateValidation/Page_ISPS2/a_Today"), "xpath", "equals", "(//*[text() = 'Today'])[" + index + "]", true): Modify property of object successfully

2020-06-05 21:02:21 - [MESSAGE][PASSED] - Modify property of object successfully

2020-06-05 21:02:21 - [TEST_STEP][PASSED] - sendKeys(DateFieldNm, Keys.chord(ARROW_DOWN)): Keys 'DOWN + ' sent to object: 'Object Repository/Objects.HighlightElements/input_field_index'

2020-06-05 21:02:21 - [MESSAGE][PASSED] - Keys 'DOWN + ' sent to object: 'Object Repository/Objects.HighlightElements/input_field_index'

2020-06-05 21:02:21 - [TEST_STEP][PASSED] - com.reusableComponents.HighlightElement.run(TodayBtn): com.reusableComponents.HighlightElement.run is PASSED

2020-06-05 21:02:21 - [MESSAGE][PASSED] - com.reusableComponents.HighlightElement.run is PASSED

2020-06-05 21:02:21 - [TEST_STEP][PASSED] - click(TodayBtn): Object: 'Object Repository/Objects.DateValidation/Page_ISPS2/a_Today' is clicked on

2020-06-05 21:02:21 - [MESSAGE][PASSED] - Object: 'Object Repository/Objects.DateValidation/Page_ISPS2/a_Today' is clicked on

2020-06-05 21:02:21 - [TEST_STEP][PASSED] - GetEnteredDate = getAttribute(DateFieldNm, "value"): Attribute 'value' of object 'Object Repository/Objects.HighlightElements/input_field_index' is: '05/06/2020'

2020-06-05 21:02:21 - [MESSAGE][PASSED] - Attribute 'value' of object 'Object Repository/Objects.HighlightElements/input_field_index' is: '05/06/2020'

2020-06-05 21:02:21 - [TEST_STEP][PASSED] - verifyMatch(GetEnteredDate, TodayDate, true): Actual text '05/06/2020' and expected text '05/06/2020' are matched  using regular expression

2020-06-05 21:02:21 - [MESSAGE][PASSED] - Actual text '05/06/2020' and expected text '05/06/2020' are matched  using regular expression

2020-06-05 21:02:21 - [MESSAGE][PASSED] - Call Test Case 'Test Cases/PFI Precision and Scale/PFI Components with Indexing/SelectTodayInDatePickerIndex' successfully

2020-06-05 21:02:21 - [TEST_STEP][PASSED] - callTestCase(findTestCase("Components/HighlightLabelFieldXPI"), ["LblName":"Inspection To Date", "index":1], STOP_ON_FAILURE): Call Test Case 'Test Cases/Components/HighlightLabelFieldXPI' successfully

2020-06-05 21:02:21 - [TEST_CASE][PASSED] - Test Cases/Components/HighlightLabelFieldXPI: Test Cases/Components/HighlightLabelFieldXPI

2020-06-05 21:02:21 - [TEST_STEP][PASSED] - Thread.sleep(1000): null

2020-06-05 21:02:22 - [TEST_STEP][PASSED] - modifiedLblNm = modifyObjectProperty(findTestObject("Object Repository/Objects.HighlightElements/lblField_index"), "xpath", "equals", "(//*[contains(@class, 'x-form-item-label-inner x-form-item-label-inner-default') and contains(., '" + LblName + "')])[" + index + "]", true): Modify property of object successfully

2020-06-05 21:02:22 - [MESSAGE][PASSED] - Modify property of object successfully

2020-06-05 21:02:22 - [TEST_STEP][PASSED] - com.reusableComponents.HighlightElement.run(modifiedLblNm): com.reusableComponents.HighlightElement.run is PASSED

2020-06-05 21:02:23 - [MESSAGE][PASSED] - com.reusableComponents.HighlightElement.run is PASSED

2020-06-05 21:02:23 - [MESSAGE][PASSED] - Call Test Case 'Test Cases/Components/HighlightLabelFieldXPI' successfully

2020-06-05 21:02:23 - [TEST_STEP][PASSED] - callTestCase(findTestCase("Components/HighlightInputFieldXPI"), ["FldNm":"inspToDt", "index":1], STOP_ON_FAILURE): Call Test Case 'Test Cases/Components/HighlightInputFieldXPI' successfully

2020-06-05 21:02:23 - [TEST_CASE][PASSED] - Test Cases/Components/HighlightInputFieldXPI: Test Cases/Components/HighlightInputFieldXPI

2020-06-05 21:02:23 - [TEST_STEP][PASSED] - Thread.sleep(1000): null

2020-06-05 21:02:24 - [TEST_STEP][PASSED] - modifiedInputNm = modifyObjectProperty(findTestObject("Object Repository/Objects.HighlightElements/input_field_index"), "xpath", "equals", "(//*[contains(@name, '" + FldNm + "')])[" + index + "]", true): Modify property of object successfully

2020-06-05 21:02:24 - [MESSAGE][PASSED] - Modify property of object successfully

2020-06-05 21:02:24 - [TEST_STEP][PASSED] - com.reusableComponents.HighlightElement.run(modifiedInputNm): com.reusableComponents.HighlightElement.run is PASSED

2020-06-05 21:02:24 - [MESSAGE][PASSED] - com.reusableComponents.HighlightElement.run is PASSED

2020-06-05 21:02:25 - [MESSAGE][PASSED] - Call Test Case 'Test Cases/Components/HighlightInputFieldXPI' successfully

2020-06-05 21:02:25 - [TEST_STEP][PASSED] - callTestCase(findTestCase("Components/SelectAllThenDeleteIndex"), ["nameToBeUsed":"noOfBldg", "index":"1"], STOP_ON_FAILURE): Call Test Case 'Test Cases/Components/SelectAllThenDeleteIndex' successfully

2020-06-05 21:02:25 - [TEST_CASE][PASSED] - Test Cases/Components/SelectAllThenDeleteIndex: Test Cases/Components/SelectAllThenDeleteIndex

2020-06-05 21:02:25 - [TEST_STEP][PASSED] - Thread.sleep(1000): null

2020-06-05 21:02:26 - [TEST_STEP][PASSED] - modifiedObj = modifyObjectProperty(findTestObject("Object Repository/Objects.HighlightElements/input_field_index"), "xpath", "equals", "(//*[contains(@class,'x-form-text') and (@name='" + nameToBeUsed + "')])[" + index + "]", true): Modify property of object successfully

2020-06-05 21:02:26 - [MESSAGE][PASSED] - Modify property of object successfully

2020-06-05 21:02:26 - [TEST_STEP][PASSED] - focus(modifiedObj): Object: 'Object Repository/Objects.HighlightElements/input_field_index' is focused

2020-06-05 21:02:26 - [MESSAGE][PASSED] - Object: 'Object Repository/Objects.HighlightElements/input_field_index' is focused

2020-06-05 21:02:26 - [TEST_STEP][PASSED] - sendKeys(modifiedObj, Keys.chord(CONTROL, "a")): Keys 'CONTROL + a' sent to object: 'Object Repository/Objects.HighlightElements/input_field_index'

2020-06-05 21:02:26 - [MESSAGE][PASSED] - Keys 'CONTROL + a' sent to object: 'Object Repository/Objects.HighlightElements/input_field_index'

2020-06-05 21:02:26 - [TEST_STEP][PASSED] - sendKeys(modifiedObj, Keys.chord(DELETE)): Keys 'DELETE + ' sent to object: 'Object Repository/Objects.HighlightElements/input_field_index'

2020-06-05 21:02:27 - [MESSAGE][PASSED] - Keys 'DELETE + ' sent to object: 'Object Repository/Objects.HighlightElements/input_field_index'

2020-06-05 21:02:27 - [MESSAGE][PASSED] - Call Test Case 'Test Cases/Components/SelectAllThenDeleteIndex' successfully

2020-06-05 21:02:27 - [TEST_STEP][PASSED] - callTestCase(findTestCase("PFI Precision and Scale/PFI Components with Indexing/NumericTextboxValidationIndex"), ["nameToBeUsed":"inspToDt", "index":1, "minLen":9], STOP_ON_FAILURE): Call Test Case 'Test Cases/PFI Precision and Scale/PFI Components with Indexing/NumericTextboxValidationIndex' successfully

2020-06-05 21:02:27 - [TEST_CASE][PASSED] - Test Cases/PFI Precision and Scale/PFI Components with Indexing/NumericTextboxValidationIndex: Test Cases/PFI Precision and Scale/PFI Components with Indexing/NumericTextboxValidationIndex

2020-06-05 21:02:27 - [TEST_STEP][PASSED] - Thread.sleep(1000): null

2020-06-05 21:02:28 - [TEST_STEP][PASSED] - Numeric = "0123456789": null

2020-06-05 21:02:28 - [TEST_STEP][PASSED] - AlphaSpecialChar = z) + "`~!@#$%^&*()=_{}|\][;'":,?><"".join(): null

2020-06-05 21:02:28 - [TEST_STEP][PASSED] - RandomNumeric = RandomStringUtils.random(minLen, Numeric.toCharArray()): null

2020-06-05 21:02:28 - [TEST_STEP][PASSED] - RandomString = RandomStringUtils.random(minLen, AlphaSpecialChar): null

2020-06-05 21:02:28 - [TEST_STEP][PASSED] - regexPat = Pattern.compile("^[0-9]+$"): null

2020-06-05 21:02:28 - [TEST_STEP][PASSED] - NewInputNmField = modifyObjectProperty(findTestObject("Object Repository/Objects.HighlightElements/input_field_index"), "xpath", "equals", "(//*[contains(@class,'x-form-text') and (@name='" + nameToBeUsed + "')])[" + index + "]", true): Modify property of object successfully

2020-06-05 21:02:28 - [MESSAGE][PASSED] - Modify property of object successfully

2020-06-05 21:02:28 - [TEST_STEP][PASSED] - focus(NewInputNmField): Object: 'Object Repository/Objects.HighlightElements/input_field_index' is focused

2020-06-05 21:02:28 - [MESSAGE][PASSED] - Object: 'Object Repository/Objects.HighlightElements/input_field_index' is focused

2020-06-05 21:02:28 - [TEST_STEP][PASSED] - setText(NewInputNmField, RandomString): Text 'gU=gUv*Jb' is set on object 'Object Repository/Objects.HighlightElements/input_field_index'

2020-06-05 21:02:28 - [MESSAGE][PASSED] - Text 'gU=gUv*Jb' is set on object 'Object Repository/Objects.HighlightElements/input_field_index'

2020-06-05 21:02:28 - [TEST_STEP][PASSED] - GetInputVal = getAttribute(NewInputNmField, "value"): Attribute 'value' of object 'Object Repository/Objects.HighlightElements/input_field_index' is: ''

2020-06-05 21:02:28 - [MESSAGE][PASSED] - Attribute 'value' of object 'Object Repository/Objects.HighlightElements/input_field_index' is: ''

2020-06-05 21:02:28 - [TEST_STEP][PASSED] - if (GetInputVal.contains("e")): null

2020-06-05 21:02:28 - [TEST_STEP][PASSED] - else: Actual text '' and expected text '' are matched  using regular expression

2020-06-05 21:02:28 - [TEST_STEP][PASSED] - verifyMatch(GetInputVal, "", true): Actual text '' and expected text '' are matched  using regular expression

2020-06-05 21:02:28 - [MESSAGE][PASSED] - Actual text '' and expected text '' are matched  using regular expression

2020-06-05 21:02:28 - [TEST_STEP][PASSED] - setText(NewInputNmField, RandomNumeric): Text '955260903' is set on object 'Object Repository/Objects.HighlightElements/input_field_index'

2020-06-05 21:02:28 - [MESSAGE][PASSED] - Text '955260903' is set on object 'Object Repository/Objects.HighlightElements/input_field_index'

2020-06-05 21:02:28 - [TEST_STEP][PASSED] - GetEnteredIntegers = getAttribute(NewInputNmField, "value"): Attribute 'value' of object 'Object Repository/Objects.HighlightElements/input_field_index' is: '955260903'

2020-06-05 21:02:28 - [MESSAGE][PASSED] - Attribute 'value' of object 'Object Repository/Objects.HighlightElements/input_field_index' is: '955260903'

2020-06-05 21:02:28 - [TEST_STEP][PASSED] - matchStr = regexPat.matcher(GetEnteredIntegers): null

2020-06-05 21:02:28 - [TEST_STEP][PASSED] - if (matchStr.matches() == true): Accepting Numeric

2020-06-05 21:02:28 - [TEST_STEP][PASSED] - comment("Accepting Numeric"): Accepting Numeric

2020-06-05 21:02:28 - [MESSAGE][INFO] - Accepting Numeric

2020-06-05 21:02:28 - [MESSAGE][PASSED] - Call Test Case 'Test Cases/PFI Precision and Scale/PFI Components with Indexing/NumericTextboxValidationIndex' successfully

2020-06-05 21:02:28 - [TEST_STEP][PASSED] - callTestCase(findTestCase("PFI Precision and Scale/PFI Components with Indexing/StartTimeErrorIndex"), ["FldNm":"inspToDt", "index":1], STOP_ON_FAILURE): Call Test Case 'Test Cases/PFI Precision and Scale/PFI Components with Indexing/StartTimeErrorIndex' successfully

2020-06-05 21:02:28 - [TEST_CASE][PASSED] - Test Cases/PFI Precision and Scale/PFI Components with Indexing/StartTimeErrorIndex: Test Cases/PFI Precision and Scale/PFI Components with Indexing/StartTimeErrorIndex

2020-06-05 21:02:28 - [TEST_STEP][PASSED] - Thread.sleep(5000): null

2020-06-05 21:02:33 - [TEST_STEP][PASSED] - if (index == 0): null

2020-06-05 21:02:33 - [TEST_STEP][PASSED] - else: Modify property of object successfully

2020-06-05 21:02:33 - [TEST_STEP][PASSED] - NewInputNmField = modifyObjectProperty(findTestObject("Object Repository/Objects.HighlightElements/input_field_index"), "xpath", "equals", "(//*[@name= '" + FldNm + "'])[" + index + "]", true): Modify property of object successfully

2020-06-05 21:02:33 - [MESSAGE][PASSED] - Modify property of object successfully

2020-06-05 21:02:33 - [TEST_STEP][PASSED] - mouseOver(NewInputNmField): Object: 'Object Repository/Objects.HighlightElements/input_field_index' is hovered

2020-06-05 21:02:33 - [MESSAGE][PASSED] - Object: 'Object Repository/Objects.HighlightElements/input_field_index' is hovered

2020-06-05 21:02:33 - [TEST_STEP][PASSED] - getInputInvalidDate = getAttribute(NewInputNmField, "value"): Attribute 'value' of object 'Object Repository/Objects.HighlightElements/input_field_index' is: '955260903'

2020-06-05 21:02:33 - [MESSAGE][PASSED] - Attribute 'value' of object 'Object Repository/Objects.HighlightElements/input_field_index' is: '955260903'

2020-06-05 21:02:33 - [TEST_STEP][PASSED] - getErrMsg = getAttribute(NewInputNmField, "data-errorqtip"): Attribute 'data-errorqtip' of object 'Object Repository/Objects.HighlightElements/input_field_index' is: '<ul class="x-list-plain"><li>Start time must be less than end time</li><li>955260903 is not a valid date - it must be in the format d/m/Y</li></ul>'

2020-06-05 21:02:33 - [MESSAGE][PASSED] - Attribute 'data-errorqtip' of object 'Object Repository/Objects.HighlightElements/input_field_index' is: '<ul class="x-list-plain"><li>Start time must be less than end time</li><li>955260903 is not a valid date - it must be in the format d/m/Y</li></ul>'

2020-06-05 21:02:33 - [TEST_STEP][PASSED] - RmvCd = getErrMsg.substring(0, 75): null

2020-06-05 21:02:33 - [TEST_STEP][PASSED] - FirstErrMsg = RmvCd.substring(29, 66): null

2020-06-05 21:02:33 - [TEST_STEP][PASSED] - getTotalLength = getErrMsg.length(): null

2020-06-05 21:02:33 - [TEST_STEP][PASSED] - RmvCd = getErrMsg.substring(75, getTotalLength): null

2020-06-05 21:02:33 - [TEST_STEP][PASSED] - lenInv = RmvCd.length() - 10: null

2020-06-05 21:02:33 - [TEST_STEP][PASSED] - InvErrMsg = RmvCd.substring(0, lenInv): null

2020-06-05 21:02:33 - [TEST_STEP][PASSED] - ExpectedInvalidErrMsg2 = concatenate(InvDtErr, " ", getInputInvalidDate, " ", NotValidDt): Concatenated string array: '['Start time must be less than end time',' ','955260903',' ','is not a valid date - it must be in the format d/m/Y']' into 'Start time must be less than end time 955260903 is not a valid date - it must be in the format d/m/Y'

2020-06-05 21:02:33 - [MESSAGE][PASSED] - Concatenated string array: '['Start time must be less than end time',' ','955260903',' ','is not a valid date - it must be in the format d/m/Y']' into 'Start time must be less than end time 955260903 is not a valid date - it must be in the format d/m/Y'

2020-06-05 21:02:33 - [TEST_STEP][PASSED] - ActualInvErrMsg = concatenate(FirstErrMsg, " ", InvErrMsg): Concatenated string array: '['Start time must be less than end time',' ','955260903 is not a valid date - it must be in the format d/m/Y']' into 'Start time must be less than end time 955260903 is not a valid date - it must be in the format d/m/Y'

2020-06-05 21:02:33 - [MESSAGE][PASSED] - Concatenated string array: '['Start time must be less than end time',' ','955260903 is not a valid date - it must be in the format d/m/Y']' into 'Start time must be less than end time 955260903 is not a valid date - it must be in the format d/m/Y'

2020-06-05 21:02:33 - [TEST_STEP][PASSED] - verifyMatch(ActualInvErrMsg, ExpectedInvalidErrMsg2, true): Actual text 'Start time must be less than end time 955260903 is not a valid date - it must be in the format d/m/Y' and expected text 'Start time must be less than end time 955260903 is not a valid date - it must be in the format d/m/Y' are matched  using regular expression

2020-06-05 21:02:33 - [MESSAGE][PASSED] - Actual text 'Start time must be less than end time 955260903 is not a valid date - it must be in the format d/m/Y' and expected text 'Start time must be less than end time 955260903 is not a valid date - it must be in the format d/m/Y' are matched  using regular expression

2020-06-05 21:02:33 - [MESSAGE][PASSED] - Call Test Case 'Test Cases/PFI Precision and Scale/PFI Components with Indexing/StartTimeErrorIndex' successfully

2020-06-05 21:02:33 - [TEST_STEP][PASSED] - callTestCase(findTestCase("PFI Precision and Scale/PFI Components with Indexing/SelectDayInDatePickerWithIndexII"), ["FldNm":"inspToDt", "SelectCurrentDay":"30", "index":8, "idx":1], STOP_ON_FAILURE): Call Test Case 'Test Cases/PFI Precision and Scale/PFI Components with Indexing/SelectDayInDatePickerWithIndexII' successfully

2020-06-05 21:02:33 - [TEST_CASE][PASSED] - Test Cases/PFI Precision and Scale/PFI Components with Indexing/SelectDayInDatePickerWithIndexII: Test Cases/PFI Precision and Scale/PFI Components with Indexing/SelectDayInDatePickerWithIndexII

2020-06-05 21:02:33 - [TEST_STEP][PASSED] - Thread.sleep(1000): null

2020-06-05 21:02:34 - [TEST_STEP][PASSED] - DateInputFld = modifyObjectProperty(findTestObject("Objects.HighlightElements/input_field_index"), "xpath", "equals", "(//*[contains(@class,'x-form-text') and (@name='" + FldNm + "')])[" + idx + "]", true): Modify property of object successfully

2020-06-05 21:02:34 - [MESSAGE][PASSED] - Modify property of object successfully

2020-06-05 21:02:34 - [TEST_STEP][PASSED] - ModifiedDay = modifyObjectProperty(findTestObject("Objects.DateValidation/Page_ISPS2/Select_Day_Index"), "xpath", "equals", "(//*[contains(@class, 'x-datepicker-date') and (text() = '" + SelectCurrentDay + "')])[" + index + "]", true): Modify property of object successfully

2020-06-05 21:02:34 - [MESSAGE][PASSED] - Modify property of object successfully

2020-06-05 21:02:34 - [TEST_STEP][PASSED] - sendKeys(DateInputFld, Keys.chord(ARROW_DOWN)): Keys 'DOWN + ' sent to object: 'Object Repository/Objects.HighlightElements/input_field_index'

2020-06-05 21:02:35 - [MESSAGE][PASSED] - Keys 'DOWN + ' sent to object: 'Object Repository/Objects.HighlightElements/input_field_index'

2020-06-05 21:02:35 - [TEST_STEP][PASSED] - com.reusableComponents.HighlightElement.run(ModifiedDay): com.reusableComponents.HighlightElement.run is PASSED

2020-06-05 21:02:35 - [MESSAGE][PASSED] - com.reusableComponents.HighlightElement.run is PASSED

2020-06-05 21:02:35 - [TEST_STEP][PASSED] - delay(1): Delayed 1 second(s)

2020-06-05 21:02:36 - [MESSAGE][PASSED] - Delayed 1 second(s)

2020-06-05 21:02:36 - [TEST_STEP][PASSED] - click(ModifiedDay): Object: 'Object Repository/Objects.DateValidation/Page_ISPS2/Select_Day_Index' is clicked on

2020-06-05 21:02:36 - [MESSAGE][PASSED] - Object: 'Object Repository/Objects.DateValidation/Page_ISPS2/Select_Day_Index' is clicked on

2020-06-05 21:02:36 - [TEST_STEP][PASSED] - GetError = getAttribute(DateInputFld, "data-errorqtip"): Attribute 'data-errorqtip' of object 'Object Repository/Objects.HighlightElements/input_field_index' is: ''

2020-06-05 21:02:36 - [MESSAGE][PASSED] - Attribute 'data-errorqtip' of object 'Object Repository/Objects.HighlightElements/input_field_index' is: ''

2020-06-05 21:02:36 - [TEST_STEP][PASSED] - if (GetError == ""): null

2020-06-05 21:02:36 - [TEST_STEP][PASSED] - GetEnteredDate = getAttribute(DateInputFld, "value"): Attribute 'value' of object 'Object Repository/Objects.HighlightElements/input_field_index' is: '30/06/2020'

2020-06-05 21:02:36 - [MESSAGE][PASSED] - Attribute 'value' of object 'Object Repository/Objects.HighlightElements/input_field_index' is: '30/06/2020'

2020-06-05 21:02:36 - [TEST_STEP][PASSED] - DatePattern = Pattern.compile("^(1[0-2]|0[1-9])/(3[01]|[12][0-9]|0[1-9])/[0-9]{4}$"): null

2020-06-05 21:02:36 - [TEST_STEP][PASSED] - VerifyDateFormat = DatePattern.matcher(GetEnteredDate): null

2020-06-05 21:02:36 - [TEST_STEP][PASSED] - if (VerifyDateFormat.matches() == true): null

2020-06-05 21:02:36 - [MESSAGE][PASSED] - Call Test Case 'Test Cases/PFI Precision and Scale/PFI Components with Indexing/SelectDayInDatePickerWithIndexII' successfully

2020-06-05 21:02:36 - [TEST_STEP][PASSED] - callTestCase(findTestCase("PFI Precision and Scale/PFI Components with Indexing/SelectTodayInDatePickerIndex"), ["FldNm":"inspToDt", "index":8, "idx":1], STOP_ON_FAILURE): Call Test Case 'Test Cases/PFI Precision and Scale/PFI Components with Indexing/SelectTodayInDatePickerIndex' successfully

2020-06-05 21:02:36 - [TEST_CASE][PASSED] - Test Cases/PFI Precision and Scale/PFI Components with Indexing/SelectTodayInDatePickerIndex: Test Cases/PFI Precision and Scale/PFI Components with Indexing/SelectTodayInDatePickerIndex

2020-06-05 21:02:36 - [TEST_STEP][PASSED] - Thread.sleep(1000): null

2020-06-05 21:02:37 - [TEST_STEP][PASSED] - date = new java.util.Date(): null

2020-06-05 21:02:37 - [TEST_STEP][PASSED] - CurrentDate = new java.text.SimpleDateFormat(dd/MM/yyyy): null

2020-06-05 21:02:37 - [TEST_STEP][PASSED] - TodayDate = CurrentDate.format(date): null

2020-06-05 21:02:37 - [TEST_STEP][PASSED] - DateFieldNm = modifyObjectProperty(findTestObject("Objects.HighlightElements/input_field_index"), "xpath", "equals", "(//*[contains(@class,'x-form-text') and (@name='" + FldNm + "')])[" + idx + "]", true): Modify property of object successfully

2020-06-05 21:02:37 - [MESSAGE][PASSED] - Modify property of object successfully

2020-06-05 21:02:37 - [TEST_STEP][PASSED] - TodayBtn = modifyObjectProperty(findTestObject("Object Repository/Objects.DateValidation/Page_ISPS2/a_Today"), "xpath", "equals", "(//*[text() = 'Today'])[" + index + "]", true): Modify property of object successfully

2020-06-05 21:02:37 - [MESSAGE][PASSED] - Modify property of object successfully

2020-06-05 21:02:37 - [TEST_STEP][PASSED] - sendKeys(DateFieldNm, Keys.chord(ARROW_DOWN)): Keys 'DOWN + ' sent to object: 'Object Repository/Objects.HighlightElements/input_field_index'

2020-06-05 21:02:37 - [MESSAGE][PASSED] - Keys 'DOWN + ' sent to object: 'Object Repository/Objects.HighlightElements/input_field_index'

2020-06-05 21:02:37 - [TEST_STEP][PASSED] - com.reusableComponents.HighlightElement.run(TodayBtn): com.reusableComponents.HighlightElement.run is PASSED

2020-06-05 21:02:38 - [MESSAGE][PASSED] - com.reusableComponents.HighlightElement.run is PASSED

2020-06-05 21:02:38 - [TEST_STEP][PASSED] - click(TodayBtn): Object: 'Object Repository/Objects.DateValidation/Page_ISPS2/a_Today' is clicked on

2020-06-05 21:02:38 - [MESSAGE][PASSED] - Object: 'Object Repository/Objects.DateValidation/Page_ISPS2/a_Today' is clicked on

2020-06-05 21:02:38 - [TEST_STEP][PASSED] - GetEnteredDate = getAttribute(DateFieldNm, "value"): Attribute 'value' of object 'Object Repository/Objects.HighlightElements/input_field_index' is: '05/06/2020'

2020-06-05 21:02:38 - [MESSAGE][PASSED] - Attribute 'value' of object 'Object Repository/Objects.HighlightElements/input_field_index' is: '05/06/2020'

2020-06-05 21:02:38 - [TEST_STEP][PASSED] - verifyMatch(GetEnteredDate, TodayDate, true): Actual text '05/06/2020' and expected text '05/06/2020' are matched  using regular expression

2020-06-05 21:02:38 - [MESSAGE][PASSED] - Actual text '05/06/2020' and expected text '05/06/2020' are matched  using regular expression

2020-06-05 21:02:38 - [MESSAGE][PASSED] - Call Test Case 'Test Cases/PFI Precision and Scale/PFI Components with Indexing/SelectTodayInDatePickerIndex' successfully

2020-06-05 21:02:38 - [TEST_STEP][PASSED] - callTestCase(findTestCase("PFI Precision and Scale/PFI Components with Indexing/PastDateAfterErrorIndex"), ["FldNm":"inspToDt", "index":1], STOP_ON_FAILURE): Call Test Case 'Test Cases/PFI Precision and Scale/PFI Components with Indexing/PastDateAfterErrorIndex' successfully

2020-06-05 21:02:38 - [TEST_CASE][PASSED] - Test Cases/PFI Precision and Scale/PFI Components with Indexing/PastDateAfterErrorIndex: Test Cases/PFI Precision and Scale/PFI Components with Indexing/PastDateAfterErrorIndex

2020-06-05 21:02:38 - [TEST_STEP][PASSED] - Thread.sleep(1000): null

2020-06-05 21:02:39 - [TEST_STEP][PASSED] - date = new java.util.Date(): null

2020-06-05 21:02:39 - [TEST_STEP][PASSED] - DateFormat = new java.text.SimpleDateFormat(dd/MM/yyyy): null

2020-06-05 21:02:39 - [TEST_STEP][PASSED] - CurrentDate = DateFormat.format(date): null

2020-06-05 21:02:39 - [TEST_STEP][PASSED] - DateFieldNm = modifyObjectProperty(findTestObject("Objects.HighlightElements/input_field_index"), "xpath", "equals", "(//*[contains(@class,'x-form-text') and (@name='" + FldNm + "')])[" + index + "]", true): Modify property of object successfully

2020-06-05 21:02:39 - [MESSAGE][PASSED] - Modify property of object successfully

2020-06-05 21:02:39 - [TEST_STEP][PASSED] - GetDateValue = getAttribute(DateFieldNm, "value"): Attribute 'value' of object 'Object Repository/Objects.HighlightElements/input_field_index' is: '05/06/2020'

2020-06-05 21:02:39 - [MESSAGE][PASSED] - Attribute 'value' of object 'Object Repository/Objects.HighlightElements/input_field_index' is: '05/06/2020'

2020-06-05 21:02:39 - [TEST_STEP][PASSED] - verifyMatch(GetDateValue, CurrentDate, true): Actual text '05/06/2020' and expected text '05/06/2020' are matched  using regular expression

2020-06-05 21:02:39 - [MESSAGE][PASSED] - Actual text '05/06/2020' and expected text '05/06/2020' are matched  using regular expression

2020-06-05 21:02:39 - [TEST_STEP][PASSED] - PastDate = date - 30: null

2020-06-05 21:02:39 - [TEST_STEP][PASSED] - PastDateFormatted = PastDate.format("dd/MM/yyyy"): null

2020-06-05 21:02:39 - [TEST_STEP][PASSED] - setText(DateFieldNm, PastDateFormatted): Text '06/05/2020' is set on object 'Object Repository/Objects.HighlightElements/input_field_index'

2020-06-05 21:02:40 - [MESSAGE][PASSED] - Text '06/05/2020' is set on object 'Object Repository/Objects.HighlightElements/input_field_index'

2020-06-05 21:02:40 - [TEST_STEP][PASSED] - mouseOver(DateFieldNm, STOP_ON_FAILURE): Object: 'Object Repository/Objects.HighlightElements/input_field_index' is hovered

2020-06-05 21:02:40 - [MESSAGE][PASSED] - Object: 'Object Repository/Objects.HighlightElements/input_field_index' is hovered

2020-06-05 21:02:40 - [TEST_STEP][PASSED] - PastDtErrMsg = getAttribute(DateFieldNm, "data-errorqtip", STOP_ON_FAILURE): Attribute 'data-errorqtip' of object 'Object Repository/Objects.HighlightElements/input_field_index' is: '<ul class="x-list-plain"><li>The date in this field must be after 05/06/2020</li></ul>'

2020-06-05 21:02:40 - [MESSAGE][PASSED] - Attribute 'data-errorqtip' of object 'Object Repository/Objects.HighlightElements/input_field_index' is: '<ul class="x-list-plain"><li>The date in this field must be after 05/06/2020</li></ul>'

2020-06-05 21:02:40 - [TEST_STEP][PASSED] - lenErrMsg = PastDtErrMsg.length(): null

2020-06-05 21:02:40 - [TEST_STEP][PASSED] - RmvCde = PastDtErrMsg.substring(29, lenErrMsg): null

2020-06-05 21:02:40 - [TEST_STEP][PASSED] - ActualErrDtMsg = RmvCde.substring(0, 47): null

2020-06-05 21:02:40 - [TEST_STEP][PASSED] - ExpectedErrDtMsg = concatenate(DtErrMsg, " ", CurrentDate): Concatenated string array: '['The date in this field must be after',' ','05/06/2020']' into 'The date in this field must be after 05/06/2020'

2020-06-05 21:02:40 - [MESSAGE][PASSED] - Concatenated string array: '['The date in this field must be after',' ','05/06/2020']' into 'The date in this field must be after 05/06/2020'

2020-06-05 21:02:40 - [TEST_STEP][PASSED] - verifyMatch(ActualErrDtMsg, ExpectedErrDtMsg, true): Actual text 'The date in this field must be after 05/06/2020' and expected text 'The date in this field must be after 05/06/2020' are matched  using regular expression

2020-06-05 21:02:40 - [MESSAGE][PASSED] - Actual text 'The date in this field must be after 05/06/2020' and expected text 'The date in this field must be after 05/06/2020' are matched  using regular expression

2020-06-05 21:02:40 - [TEST_STEP][PASSED] - FromDate = getAttribute(DateFieldNm, "value"): Attribute 'value' of object 'Object Repository/Objects.HighlightElements/input_field_index' is: '06/05/2020'

2020-06-05 21:02:40 - [MESSAGE][PASSED] - Attribute 'value' of object 'Object Repository/Objects.HighlightElements/input_field_index' is: '06/05/2020'

2020-06-05 21:02:40 - [MESSAGE][PASSED] - Call Test Case 'Test Cases/PFI Precision and Scale/PFI Components with Indexing/PastDateAfterErrorIndex' successfully

2020-06-05 21:02:40 - [TEST_STEP][PASSED] - callTestCase(findTestCase("PFI Precision and Scale/PFI Components with Indexing/PastDateBeforeErrorIndex"), ["FldNm":"inspDt", "index":1], STOP_ON_FAILURE): Call Test Case 'Test Cases/PFI Precision and Scale/PFI Components with Indexing/PastDateBeforeErrorIndex' successfully

2020-06-05 21:02:40 - [TEST_CASE][PASSED] - Test Cases/PFI Precision and Scale/PFI Components with Indexing/PastDateBeforeErrorIndex: Test Cases/PFI Precision and Scale/PFI Components with Indexing/PastDateBeforeErrorIndex

2020-06-05 21:02:40 - [TEST_STEP][PASSED] - Thread.sleep(1000): null

2020-06-05 21:02:41 - [TEST_STEP][PASSED] - DateFieldNm = modifyObjectProperty(findTestObject("Objects.HighlightElements/input_field_index"), "xpath", "equals", "(//*[contains(@class,'x-form-text') and (@name='" + FldNm + "')])[" + index + "]", true): Modify property of object successfully

2020-06-05 21:02:41 - [MESSAGE][PASSED] - Modify property of object successfully

2020-06-05 21:02:41 - [TEST_STEP][PASSED] - mouseOver(DateFieldNm): Object: 'Object Repository/Objects.HighlightElements/input_field_index' is hovered

2020-06-05 21:02:41 - [MESSAGE][PASSED] - Object: 'Object Repository/Objects.HighlightElements/input_field_index' is hovered

2020-06-05 21:02:41 - [TEST_STEP][PASSED] - PastDtErrMsg = getAttribute(DateFieldNm, "data-errorqtip", STOP_ON_FAILURE): Attribute 'data-errorqtip' of object 'Object Repository/Objects.HighlightElements/input_field_index' is: '<ul class="x-list-plain"><li>The date in this field must be before 06/05/2020</li></ul>'

2020-06-05 21:02:41 - [MESSAGE][PASSED] - Attribute 'data-errorqtip' of object 'Object Repository/Objects.HighlightElements/input_field_index' is: '<ul class="x-list-plain"><li>The date in this field must be before 06/05/2020</li></ul>'

2020-06-05 21:02:41 - [TEST_STEP][PASSED] - lenErrMsg = PastDtErrMsg.length(): null

2020-06-05 21:02:41 - [TEST_STEP][PASSED] - RmvCde = PastDtErrMsg.substring(29, lenErrMsg): null

2020-06-05 21:02:41 - [TEST_STEP][PASSED] - ActualErrDtMsg = RmvCde.substring(0, 48): null

2020-06-05 21:02:41 - [TEST_STEP][PASSED] - ExpectedErrDtMsg = concatenate(findTestData("PrecisionAndScaleDB").getValue("ErrorMessage", 7), " ", FromDate): Concatenated string array: '['The date in this field must be before',' ','06/05/2020']' into 'The date in this field must be before 06/05/2020'

2020-06-05 21:02:41 - [MESSAGE][PASSED] - Concatenated string array: '['The date in this field must be before',' ','06/05/2020']' into 'The date in this field must be before 06/05/2020'

2020-06-05 21:02:41 - [TEST_STEP][PASSED] - verifyMatch(ActualErrDtMsg, ExpectedErrDtMsg, true): Actual text 'The date in this field must be before 06/05/2020' and expected text 'The date in this field must be before 06/05/2020' are matched  using regular expression

2020-06-05 21:02:41 - [MESSAGE][PASSED] - Actual text 'The date in this field must be before 06/05/2020' and expected text 'The date in this field must be before 06/05/2020' are matched  using regular expression

2020-06-05 21:02:41 - [MESSAGE][PASSED] - Call Test Case 'Test Cases/PFI Precision and Scale/PFI Components with Indexing/PastDateBeforeErrorIndex' successfully

2020-06-05 21:02:41 - [TEST_STEP][PASSED] - callTestCase(findTestCase("Components/SelectAllThenDeleteIndex"), ["nameToBeUsed":"inspWeight", "index":"1"], STOP_ON_FAILURE): Call Test Case 'Test Cases/Components/SelectAllThenDeleteIndex' successfully

2020-06-05 21:02:41 - [TEST_CASE][PASSED] - Test Cases/Components/SelectAllThenDeleteIndex: Test Cases/Components/SelectAllThenDeleteIndex

2020-06-05 21:02:41 - [TEST_STEP][PASSED] - Thread.sleep(1000): null

2020-06-05 21:02:42 - [TEST_STEP][PASSED] - modifiedObj = modifyObjectProperty(findTestObject("Object Repository/Objects.HighlightElements/input_field_index"), "xpath", "equals", "(//*[contains(@class,'x-form-text') and (@name='" + nameToBeUsed + "')])[" + index + "]", true): Modify property of object successfully

2020-06-05 21:02:42 - [MESSAGE][PASSED] - Modify property of object successfully

2020-06-05 21:02:42 - [TEST_STEP][PASSED] - focus(modifiedObj): Object: 'Object Repository/Objects.HighlightElements/input_field_index' is focused

2020-06-05 21:02:43 - [MESSAGE][PASSED] - Object: 'Object Repository/Objects.HighlightElements/input_field_index' is focused

2020-06-05 21:02:43 - [TEST_STEP][PASSED] - sendKeys(modifiedObj, Keys.chord(CONTROL, "a")): Keys 'CONTROL + a' sent to object: 'Object Repository/Objects.HighlightElements/input_field_index'

2020-06-05 21:02:43 - [MESSAGE][PASSED] - Keys 'CONTROL + a' sent to object: 'Object Repository/Objects.HighlightElements/input_field_index'

2020-06-05 21:02:43 - [TEST_STEP][PASSED] - sendKeys(modifiedObj, Keys.chord(DELETE)): Keys 'DELETE + ' sent to object: 'Object Repository/Objects.HighlightElements/input_field_index'

2020-06-05 21:02:43 - [MESSAGE][PASSED] - Keys 'DELETE + ' sent to object: 'Object Repository/Objects.HighlightElements/input_field_index'

2020-06-05 21:02:43 - [MESSAGE][PASSED] - Call Test Case 'Test Cases/Components/SelectAllThenDeleteIndex' successfully

2020-06-05 21:02:43 - [TEST_STEP][PASSED] - callTestCase(findTestCase("Components/SelectAllThenDeleteIndex"), ["nameToBeUsed":"noOfBldg", "index":"1"], STOP_ON_FAILURE): Call Test Case 'Test Cases/Components/SelectAllThenDeleteIndex' successfully

2020-06-05 21:02:43 - [TEST_CASE][PASSED] - Test Cases/Components/SelectAllThenDeleteIndex: Test Cases/Components/SelectAllThenDeleteIndex

2020-06-05 21:02:43 - [TEST_STEP][PASSED] - Thread.sleep(1000): null

2020-06-05 21:02:44 - [TEST_STEP][PASSED] - modifiedObj = modifyObjectProperty(findTestObject("Object Repository/Objects.HighlightElements/input_field_index"), "xpath", "equals", "(//*[contains(@class,'x-form-text') and (@name='" + nameToBeUsed + "')])[" + index + "]", true): Modify property of object successfully

2020-06-05 21:02:44 - [MESSAGE][PASSED] - Modify property of object successfully

2020-06-05 21:02:44 - [TEST_STEP][PASSED] - focus(modifiedObj): Object: 'Object Repository/Objects.HighlightElements/input_field_index' is focused

2020-06-05 21:02:44 - [MESSAGE][PASSED] - Object: 'Object Repository/Objects.HighlightElements/input_field_index' is focused

2020-06-05 21:02:44 - [TEST_STEP][PASSED] - sendKeys(modifiedObj, Keys.chord(CONTROL, "a")): Keys 'CONTROL + a' sent to object: 'Object Repository/Objects.HighlightElements/input_field_index'

2020-06-05 21:02:44 - [MESSAGE][PASSED] - Keys 'CONTROL + a' sent to object: 'Object Repository/Objects.HighlightElements/input_field_index'

2020-06-05 21:02:44 - [TEST_STEP][PASSED] - sendKeys(modifiedObj, Keys.chord(DELETE)): Keys 'DELETE + ' sent to object: 'Object Repository/Objects.HighlightElements/input_field_index'

2020-06-05 21:02:44 - [MESSAGE][PASSED] - Keys 'DELETE + ' sent to object: 'Object Repository/Objects.HighlightElements/input_field_index'

2020-06-05 21:02:44 - [MESSAGE][PASSED] - Call Test Case 'Test Cases/Components/SelectAllThenDeleteIndex' successfully

2020-06-05 21:02:44 - [TEST_STEP][PASSED] - callTestCase(findTestCase("Components/SelectAllThenDeleteIndex"), ["nameToBeUsed":"inspDt", "index":"1"], STOP_ON_FAILURE): Call Test Case 'Test Cases/Components/SelectAllThenDeleteIndex' successfully

2020-06-05 21:02:44 - [TEST_CASE][PASSED] - Test Cases/Components/SelectAllThenDeleteIndex: Test Cases/Components/SelectAllThenDeleteIndex

2020-06-05 21:02:44 - [TEST_STEP][PASSED] - Thread.sleep(1000): null

2020-06-05 21:02:45 - [TEST_STEP][PASSED] - modifiedObj = modifyObjectProperty(findTestObject("Object Repository/Objects.HighlightElements/input_field_index"), "xpath", "equals", "(//*[contains(@class,'x-form-text') and (@name='" + nameToBeUsed + "')])[" + index + "]", true): Modify property of object successfully

2020-06-05 21:02:45 - [MESSAGE][PASSED] - Modify property of object successfully

2020-06-05 21:02:45 - [TEST_STEP][PASSED] - focus(modifiedObj): Object: 'Object Repository/Objects.HighlightElements/input_field_index' is focused

2020-06-05 21:02:45 - [MESSAGE][PASSED] - Object: 'Object Repository/Objects.HighlightElements/input_field_index' is focused

2020-06-05 21:02:45 - [TEST_STEP][PASSED] - sendKeys(modifiedObj, Keys.chord(CONTROL, "a")): Keys 'CONTROL + a' sent to object: 'Object Repository/Objects.HighlightElements/input_field_index'

2020-06-05 21:02:45 - [MESSAGE][PASSED] - Keys 'CONTROL + a' sent to object: 'Object Repository/Objects.HighlightElements/input_field_index'

2020-06-05 21:02:45 - [TEST_STEP][PASSED] - sendKeys(modifiedObj, Keys.chord(DELETE)): Keys 'DELETE + ' sent to object: 'Object Repository/Objects.HighlightElements/input_field_index'

2020-06-05 21:02:45 - [MESSAGE][PASSED] - Keys 'DELETE + ' sent to object: 'Object Repository/Objects.HighlightElements/input_field_index'

2020-06-05 21:02:45 - [MESSAGE][PASSED] - Call Test Case 'Test Cases/Components/SelectAllThenDeleteIndex' successfully

2020-06-05 21:02:45 - [TEST_STEP][PASSED] - callTestCase(findTestCase("Components/SelectAllThenDeleteIndex"), ["nameToBeUsed":"inspToDt", "index":"1"], STOP_ON_FAILURE): Call Test Case 'Test Cases/Components/SelectAllThenDeleteIndex' successfully

2020-06-05 21:02:45 - [TEST_CASE][PASSED] - Test Cases/Components/SelectAllThenDeleteIndex: Test Cases/Components/SelectAllThenDeleteIndex

2020-06-05 21:02:45 - [TEST_STEP][PASSED] - Thread.sleep(1000): null

2020-06-05 21:02:46 - [TEST_STEP][PASSED] - modifiedObj = modifyObjectProperty(findTestObject("Object Repository/Objects.HighlightElements/input_field_index"), "xpath", "equals", "(//*[contains(@class,'x-form-text') and (@name='" + nameToBeUsed + "')])[" + index + "]", true): Modify property of object successfully

2020-06-05 21:02:46 - [MESSAGE][PASSED] - Modify property of object successfully

2020-06-05 21:02:46 - [TEST_STEP][PASSED] - focus(modifiedObj): Object: 'Object Repository/Objects.HighlightElements/input_field_index' is focused

2020-06-05 21:02:46 - [MESSAGE][PASSED] - Object: 'Object Repository/Objects.HighlightElements/input_field_index' is focused

2020-06-05 21:02:46 - [TEST_STEP][PASSED] - sendKeys(modifiedObj, Keys.chord(CONTROL, "a")): Keys 'CONTROL + a' sent to object: 'Object Repository/Objects.HighlightElements/input_field_index'

2020-06-05 21:02:46 - [MESSAGE][PASSED] - Keys 'CONTROL + a' sent to object: 'Object Repository/Objects.HighlightElements/input_field_index'

2020-06-05 21:02:46 - [TEST_STEP][PASSED] - sendKeys(modifiedObj, Keys.chord(DELETE)): Keys 'DELETE + ' sent to object: 'Object Repository/Objects.HighlightElements/input_field_index'

2020-06-05 21:02:46 - [MESSAGE][PASSED] - Keys 'DELETE + ' sent to object: 'Object Repository/Objects.HighlightElements/input_field_index'

2020-06-05 21:02:46 - [MESSAGE][PASSED] - Call Test Case 'Test Cases/Components/SelectAllThenDeleteIndex' successfully

2020-06-05 21:02:46 - [TEST_STEP][PASSED] - callTestCase(findTestCase("PFI Precision and Scale/PFI Components with Indexing/RequiredFieldValidationIndex"), ["nameToBeUsed":"inspWeight", "index":1], STOP_ON_FAILURE): Call Test Case 'Test Cases/PFI Precision and Scale/PFI Components with Indexing/RequiredFieldValidationIndex' successfully

2020-06-05 21:02:46 - [TEST_CASE][PASSED] - Test Cases/PFI Precision and Scale/PFI Components with Indexing/RequiredFieldValidationIndex: Test Cases/PFI Precision and Scale/PFI Components with Indexing/RequiredFieldValidationIndex

2020-06-05 21:02:46 - [TEST_STEP][PASSED] - Thread.sleep(2000): null

2020-06-05 21:02:48 - [TEST_STEP][PASSED] - NewInputNmField = modifyObjectProperty(findTestObject("Objects.HighlightElements/input_field_index"), "xpath", "equals", "(//*[contains(@class,'x-form-text') and (@name='" + nameToBeUsed + "')])[" + index + "]", true): Modify property of object successfully

2020-06-05 21:02:48 - [MESSAGE][PASSED] - Modify property of object successfully

2020-06-05 21:02:48 - [TEST_STEP][PASSED] - mouseOver(NewInputNmField): Object: 'Object Repository/Objects.HighlightElements/input_field_index' is hovered

2020-06-05 21:02:49 - [MESSAGE][PASSED] - Object: 'Object Repository/Objects.HighlightElements/input_field_index' is hovered

2020-06-05 21:02:49 - [TEST_STEP][PASSED] - getRqErrMsg = getAttribute(NewInputNmField, "data-errorqtip"): Attribute 'data-errorqtip' of object 'Object Repository/Objects.HighlightElements/input_field_index' is: '<ul class="x-list-plain"><li>This field is required</li></ul>'

2020-06-05 21:02:49 - [MESSAGE][PASSED] - Attribute 'data-errorqtip' of object 'Object Repository/Objects.HighlightElements/input_field_index' is: '<ul class="x-list-plain"><li>This field is required</li></ul>'

2020-06-05 21:02:49 - [TEST_STEP][PASSED] - strToolTip = getRqErrMsg.substring(29, 61): null

2020-06-05 21:02:49 - [TEST_STEP][PASSED] - toolTipReqErrMsg = strToolTip.substring(0, 22): null

2020-06-05 21:02:49 - [TEST_STEP][PASSED] - verifyMatch(toolTipReqErrMsg, RqField, true): Actual text 'This field is required' and expected text 'This field is required' are matched  using regular expression

2020-06-05 21:02:49 - [MESSAGE][PASSED] - Actual text 'This field is required' and expected text 'This field is required' are matched  using regular expression

2020-06-05 21:02:49 - [MESSAGE][PASSED] - Call Test Case 'Test Cases/PFI Precision and Scale/PFI Components with Indexing/RequiredFieldValidationIndex' successfully

2020-06-05 21:02:49 - [TEST_STEP][PASSED] - callTestCase(findTestCase("PFI Precision and Scale/PFI Components with Indexing/RequiredFieldValidationIndex"), ["nameToBeUsed":"noOfBldg", "index":1], STOP_ON_FAILURE): Call Test Case 'Test Cases/PFI Precision and Scale/PFI Components with Indexing/RequiredFieldValidationIndex' successfully

2020-06-05 21:02:49 - [TEST_CASE][PASSED] - Test Cases/PFI Precision and Scale/PFI Components with Indexing/RequiredFieldValidationIndex: Test Cases/PFI Precision and Scale/PFI Components with Indexing/RequiredFieldValidationIndex

2020-06-05 21:02:49 - [TEST_STEP][PASSED] - Thread.sleep(2000): null

2020-06-05 21:02:51 - [TEST_STEP][PASSED] - NewInputNmField = modifyObjectProperty(findTestObject("Objects.HighlightElements/input_field_index"), "xpath", "equals", "(//*[contains(@class,'x-form-text') and (@name='" + nameToBeUsed + "')])[" + index + "]", true): Modify property of object successfully

2020-06-05 21:02:51 - [MESSAGE][PASSED] - Modify property of object successfully

2020-06-05 21:02:51 - [TEST_STEP][PASSED] - mouseOver(NewInputNmField): Object: 'Object Repository/Objects.HighlightElements/input_field_index' is hovered

2020-06-05 21:02:51 - [MESSAGE][PASSED] - Object: 'Object Repository/Objects.HighlightElements/input_field_index' is hovered

2020-06-05 21:02:51 - [TEST_STEP][PASSED] - getRqErrMsg = getAttribute(NewInputNmField, "data-errorqtip"): Attribute 'data-errorqtip' of object 'Object Repository/Objects.HighlightElements/input_field_index' is: '<ul class="x-list-plain"><li>This field is required</li></ul>'

2020-06-05 21:02:51 - [MESSAGE][PASSED] - Attribute 'data-errorqtip' of object 'Object Repository/Objects.HighlightElements/input_field_index' is: '<ul class="x-list-plain"><li>This field is required</li></ul>'

2020-06-05 21:02:51 - [TEST_STEP][PASSED] - strToolTip = getRqErrMsg.substring(29, 61): null

2020-06-05 21:02:51 - [TEST_STEP][PASSED] - toolTipReqErrMsg = strToolTip.substring(0, 22): null

2020-06-05 21:02:51 - [TEST_STEP][PASSED] - verifyMatch(toolTipReqErrMsg, RqField, true): Actual text 'This field is required' and expected text 'This field is required' are matched  using regular expression

2020-06-05 21:02:51 - [MESSAGE][PASSED] - Actual text 'This field is required' and expected text 'This field is required' are matched  using regular expression

2020-06-05 21:02:51 - [MESSAGE][PASSED] - Call Test Case 'Test Cases/PFI Precision and Scale/PFI Components with Indexing/RequiredFieldValidationIndex' successfully

2020-06-05 21:02:51 - [TEST_STEP][PASSED] - callTestCase(findTestCase("PFI Precision and Scale/PFI Components with Indexing/RequiredFieldValidationIndex"), ["nameToBeUsed":"inspDt", "index":1], STOP_ON_FAILURE): Call Test Case 'Test Cases/PFI Precision and Scale/PFI Components with Indexing/RequiredFieldValidationIndex' successfully

2020-06-05 21:02:51 - [TEST_CASE][PASSED] - Test Cases/PFI Precision and Scale/PFI Components with Indexing/RequiredFieldValidationIndex: Test Cases/PFI Precision and Scale/PFI Components with Indexing/RequiredFieldValidationIndex

2020-06-05 21:02:51 - [TEST_STEP][PASSED] - Thread.sleep(2000): null

2020-06-05 21:02:53 - [TEST_STEP][PASSED] - NewInputNmField = modifyObjectProperty(findTestObject("Objects.HighlightElements/input_field_index"), "xpath", "equals", "(//*[contains(@class,'x-form-text') and (@name='" + nameToBeUsed + "')])[" + index + "]", true): Modify property of object successfully

2020-06-05 21:02:53 - [MESSAGE][PASSED] - Modify property of object successfully

2020-06-05 21:02:53 - [TEST_STEP][PASSED] - mouseOver(NewInputNmField): Object: 'Object Repository/Objects.HighlightElements/input_field_index' is hovered

2020-06-05 21:02:53 - [MESSAGE][PASSED] - Object: 'Object Repository/Objects.HighlightElements/input_field_index' is hovered

2020-06-05 21:02:53 - [TEST_STEP][PASSED] - getRqErrMsg = getAttribute(NewInputNmField, "data-errorqtip"): Attribute 'data-errorqtip' of object 'Object Repository/Objects.HighlightElements/input_field_index' is: '<ul class="x-list-plain"><li>This field is required</li></ul>'

2020-06-05 21:02:53 - [MESSAGE][PASSED] - Attribute 'data-errorqtip' of object 'Object Repository/Objects.HighlightElements/input_field_index' is: '<ul class="x-list-plain"><li>This field is required</li></ul>'

2020-06-05 21:02:53 - [TEST_STEP][PASSED] - strToolTip = getRqErrMsg.substring(29, 61): null

2020-06-05 21:02:53 - [TEST_STEP][PASSED] - toolTipReqErrMsg = strToolTip.substring(0, 22): null

2020-06-05 21:02:53 - [TEST_STEP][PASSED] - verifyMatch(toolTipReqErrMsg, RqField, true): Actual text 'This field is required' and expected text 'This field is required' are matched  using regular expression

2020-06-05 21:02:53 - [MESSAGE][PASSED] - Actual text 'This field is required' and expected text 'This field is required' are matched  using regular expression

2020-06-05 21:02:53 - [MESSAGE][PASSED] - Call Test Case 'Test Cases/PFI Precision and Scale/PFI Components with Indexing/RequiredFieldValidationIndex' successfully

2020-06-05 21:02:53 - [TEST_STEP][PASSED] - callTestCase(findTestCase("PFI Precision and Scale/PFI Components with Indexing/RequiredFieldValidationIndex"), ["nameToBeUsed":"inspToDt", "index":1], STOP_ON_FAILURE): Call Test Case 'Test Cases/PFI Precision and Scale/PFI Components with Indexing/RequiredFieldValidationIndex' successfully

2020-06-05 21:02:53 - [TEST_CASE][PASSED] - Test Cases/PFI Precision and Scale/PFI Components with Indexing/RequiredFieldValidationIndex: Test Cases/PFI Precision and Scale/PFI Components with Indexing/RequiredFieldValidationIndex

2020-06-05 21:02:53 - [TEST_STEP][PASSED] - Thread.sleep(2000): null

2020-06-05 21:02:55 - [TEST_STEP][PASSED] - NewInputNmField = modifyObjectProperty(findTestObject("Objects.HighlightElements/input_field_index"), "xpath", "equals", "(//*[contains(@class,'x-form-text') and (@name='" + nameToBeUsed + "')])[" + index + "]", true): Modify property of object successfully

2020-06-05 21:02:55 - [MESSAGE][PASSED] - Modify property of object successfully

2020-06-05 21:02:55 - [TEST_STEP][PASSED] - mouseOver(NewInputNmField): Object: 'Object Repository/Objects.HighlightElements/input_field_index' is hovered

2020-06-05 21:02:56 - [MESSAGE][PASSED] - Object: 'Object Repository/Objects.HighlightElements/input_field_index' is hovered

2020-06-05 21:02:56 - [TEST_STEP][PASSED] - getRqErrMsg = getAttribute(NewInputNmField, "data-errorqtip"): Attribute 'data-errorqtip' of object 'Object Repository/Objects.HighlightElements/input_field_index' is: '<ul class="x-list-plain"><li>This field is required</li></ul>'

2020-06-05 21:02:56 - [MESSAGE][PASSED] - Attribute 'data-errorqtip' of object 'Object Repository/Objects.HighlightElements/input_field_index' is: '<ul class="x-list-plain"><li>This field is required</li></ul>'

2020-06-05 21:02:56 - [TEST_STEP][PASSED] - strToolTip = getRqErrMsg.substring(29, 61): null

2020-06-05 21:02:56 - [TEST_STEP][PASSED] - toolTipReqErrMsg = strToolTip.substring(0, 22): null

2020-06-05 21:02:56 - [TEST_STEP][PASSED] - verifyMatch(toolTipReqErrMsg, RqField, true): Actual text 'This field is required' and expected text 'This field is required' are matched  using regular expression

2020-06-05 21:02:56 - [MESSAGE][PASSED] - Actual text 'This field is required' and expected text 'This field is required' are matched  using regular expression

2020-06-05 21:02:56 - [MESSAGE][PASSED] - Call Test Case 'Test Cases/PFI Precision and Scale/PFI Components with Indexing/RequiredFieldValidationIndex' successfully

2020-06-05 21:02:56 - [TEST_STEP][PASSED] - callTestCase(findTestCase("Components/ClickBlueButtonsWithXPI"), ["Button":"Add", "Index":3], STOP_ON_FAILURE): Call Test Case 'Test Cases/Components/ClickBlueButtonsWithXPI' successfully

2020-06-05 21:02:56 - [TEST_CASE][PASSED] - Test Cases/Components/ClickBlueButtonsWithXPI: Test Cases/Components/ClickBlueButtonsWithXPI

2020-06-05 21:02:56 - [TEST_STEP][PASSED] - Thread.sleep(1000): null

2020-06-05 21:02:57 - [TEST_STEP][PASSED] - complexlyModifiedButtonGG = modifyObjectProperty(findTestObject("Objects.ClickBlueButtonsWithXPI/span_Reset"), "xPath", "equals", "(//*[text()="" + Button + ""])[" + Index + "]", true): Modify property of object successfully

2020-06-05 21:02:57 - [MESSAGE][PASSED] - Modify property of object successfully

2020-06-05 21:02:57 - [TEST_STEP][PASSED] - click(complexlyModifiedButtonGG): Object: 'Object Repository/Objects.ClickBlueButtonsWithXPI/span_Reset' is clicked on

2020-06-05 21:02:58 - [MESSAGE][PASSED] - Object: 'Object Repository/Objects.ClickBlueButtonsWithXPI/span_Reset' is clicked on

2020-06-05 21:02:58 - [MESSAGE][PASSED] - Call Test Case 'Test Cases/Components/ClickBlueButtonsWithXPI' successfully

2020-06-05 21:02:58 - [TEST_STEP][PASSED] - callTestCase(findTestCase("Components/HighlightLabelFieldXPI"), ["LblName":"Address", "index":1], STOP_ON_FAILURE): Call Test Case 'Test Cases/Components/HighlightLabelFieldXPI' successfully

2020-06-05 21:02:58 - [TEST_CASE][PASSED] - Test Cases/Components/HighlightLabelFieldXPI: Test Cases/Components/HighlightLabelFieldXPI

2020-06-05 21:02:58 - [TEST_STEP][PASSED] - Thread.sleep(1000): null

2020-06-05 21:02:59 - [TEST_STEP][PASSED] - modifiedLblNm = modifyObjectProperty(findTestObject("Object Repository/Objects.HighlightElements/lblField_index"), "xpath", "equals", "(//*[contains(@class, 'x-form-item-label-inner x-form-item-label-inner-default') and contains(., '" + LblName + "')])[" + index + "]", true): Modify property of object successfully

2020-06-05 21:02:59 - [MESSAGE][PASSED] - Modify property of object successfully

2020-06-05 21:02:59 - [TEST_STEP][PASSED] - com.reusableComponents.HighlightElement.run(modifiedLblNm): com.reusableComponents.HighlightElement.run is PASSED

2020-06-05 21:02:59 - [MESSAGE][PASSED] - com.reusableComponents.HighlightElement.run is PASSED

2020-06-05 21:02:59 - [MESSAGE][PASSED] - Call Test Case 'Test Cases/Components/HighlightLabelFieldXPI' successfully

2020-06-05 21:02:59 - [TEST_STEP][PASSED] - callTestCase(findTestCase("Components/HighlightInputFieldXPI"), ["FldNm":"hseBlkNo", "index":1], STOP_ON_FAILURE): Call Test Case 'Test Cases/Components/HighlightInputFieldXPI' successfully

2020-06-05 21:02:59 - [TEST_CASE][PASSED] - Test Cases/Components/HighlightInputFieldXPI: Test Cases/Components/HighlightInputFieldXPI

2020-06-05 21:02:59 - [TEST_STEP][PASSED] - Thread.sleep(1000): null

2020-06-05 21:03:00 - [TEST_STEP][PASSED] - modifiedInputNm = modifyObjectProperty(findTestObject("Object Repository/Objects.HighlightElements/input_field_index"), "xpath", "equals", "(//*[contains(@name, '" + FldNm + "')])[" + index + "]", true): Modify property of object successfully

2020-06-05 21:03:00 - [MESSAGE][PASSED] - Modify property of object successfully

2020-06-05 21:03:00 - [TEST_STEP][PASSED] - com.reusableComponents.HighlightElement.run(modifiedInputNm): com.reusableComponents.HighlightElement.run is PASSED

2020-06-05 21:03:01 - [MESSAGE][PASSED] - com.reusableComponents.HighlightElement.run is PASSED

2020-06-05 21:03:01 - [MESSAGE][PASSED] - Call Test Case 'Test Cases/Components/HighlightInputFieldXPI' successfully

2020-06-05 21:03:01 - [TEST_STEP][PASSED] - callTestCase(findTestCase("PFI Precision and Scale/PFI Components with Indexing/AlphaNumericValidationIndex"), ["FldNm":"hseBlkNo", "LenChar":4, "index":1], STOP_ON_FAILURE): Call Test Case 'Test Cases/PFI Precision and Scale/PFI Components with Indexing/AlphaNumericValidationIndex' successfully

2020-06-05 21:03:01 - [TEST_CASE][PASSED] - Test Cases/PFI Precision and Scale/PFI Components with Indexing/AlphaNumericValidationIndex: Test Cases/PFI Precision and Scale/PFI Components with Indexing/AlphaNumericValidationIndex

2020-06-05 21:03:01 - [TEST_STEP][PASSED] - Thread.sleep(1000): null

2020-06-05 21:03:02 - [TEST_STEP][PASSED] - AlphaNumeric = 9).join(): null

2020-06-05 21:03:02 - [TEST_STEP][PASSED] - SpecialChar = "`~!@#$%^&*()-=+_{}|\][;'":,./?><"": null

2020-06-05 21:03:02 - [TEST_STEP][PASSED] - RandomString = RandomStringUtils.random(LenChar, AlphaNumeric.toCharArray()): null

2020-06-05 21:03:02 - [TEST_STEP][PASSED] - RdmSpChar = RandomStringUtils.random(LenChar, SpecialChar): null

2020-06-05 21:03:02 - [TEST_STEP][PASSED] - regexPat = Pattern.compile("^[A-Za-z0-9 ]+$"): null

2020-06-05 21:03:02 - [TEST_STEP][PASSED] - NewInputNmField = modifyObjectProperty(findTestObject("Object Repository/Objects.HighlightElements/input_field_index"), "xpath", "equals", "(//*[contains(@class,'x-form-text') and (@name='" + FldNm + "')])[" + index + "]", true): Modify property of object successfully

2020-06-05 21:03:02 - [MESSAGE][PASSED] - Modify property of object successfully

2020-06-05 21:03:02 - [TEST_STEP][PASSED] - setText(NewInputNmField, RandomString): Text 'HKmH' is set on object 'Object Repository/Objects.HighlightElements/input_field_index'

2020-06-05 21:03:03 - [MESSAGE][PASSED] - Text 'HKmH' is set on object 'Object Repository/Objects.HighlightElements/input_field_index'

2020-06-05 21:03:03 - [TEST_STEP][PASSED] - RemarksAN = getAttribute(NewInputNmField, "value"): Attribute 'value' of object 'Object Repository/Objects.HighlightElements/input_field_index' is: 'HKmH'

2020-06-05 21:03:03 - [MESSAGE][PASSED] - Attribute 'value' of object 'Object Repository/Objects.HighlightElements/input_field_index' is: 'HKmH'

2020-06-05 21:03:03 - [TEST_STEP][PASSED] - matchStr = regexPat.matcher(RemarksAN): null

2020-06-05 21:03:03 - [TEST_STEP][PASSED] - if (matchStr.matches() == true): Accepting Alphanumeric

2020-06-05 21:03:03 - [TEST_STEP][PASSED] - comment("Accepting Alphanumeric"): Accepting Alphanumeric

2020-06-05 21:03:03 - [MESSAGE][INFO] - Accepting Alphanumeric

2020-06-05 21:03:03 - [TEST_STEP][PASSED] - setText(NewInputNmField, RdmSpChar): Text '=')"' is set on object 'Object Repository/Objects.HighlightElements/input_field_index'

2020-06-05 21:03:03 - [MESSAGE][PASSED] - Text '=')"' is set on object 'Object Repository/Objects.HighlightElements/input_field_index'

2020-06-05 21:03:03 - [TEST_STEP][PASSED] - RemarksSpChar = getAttribute(NewInputNmField, "value"): Attribute 'value' of object 'Object Repository/Objects.HighlightElements/input_field_index' is: ''

2020-06-05 21:03:03 - [MESSAGE][PASSED] - Attribute 'value' of object 'Object Repository/Objects.HighlightElements/input_field_index' is: ''

2020-06-05 21:03:03 - [TEST_STEP][PASSED] - matchSp = regexPat.matcher(RemarksSpChar): null

2020-06-05 21:03:03 - [TEST_STEP][PASSED] - if (matchSp.matches() == false): Actual text '' and expected text '' are matched  using regular expression

2020-06-05 21:03:03 - [TEST_STEP][PASSED] - verifyMatch(RemarksSpChar, "", true): Actual text '' and expected text '' are matched  using regular expression

2020-06-05 21:03:03 - [MESSAGE][PASSED] - Actual text '' and expected text '' are matched  using regular expression

2020-06-05 21:03:03 - [MESSAGE][PASSED] - Call Test Case 'Test Cases/PFI Precision and Scale/PFI Components with Indexing/AlphaNumericValidationIndex' successfully

2020-06-05 21:03:03 - [TEST_STEP][PASSED] - callTestCase(findTestCase("PFI Precision and Scale/PFI Components with Indexing/MaxAlphaNumericLenIndexValidation"), ["FieldNm":"hseBlkNo", "index":1, "MaxCharLen":12], STOP_ON_FAILURE): Call Test Case 'Test Cases/PFI Precision and Scale/PFI Components with Indexing/MaxAlphaNumericLenIndexValidation' successfully

2020-06-05 21:03:03 - [TEST_CASE][PASSED] - Test Cases/PFI Precision and Scale/PFI Components with Indexing/MaxAlphaNumericLenIndexValidation: Test Cases/PFI Precision and Scale/PFI Components with Indexing/MaxAlphaNumericLenIndexValidation

2020-06-05 21:03:04 - [TEST_STEP][PASSED] - Thread.sleep(1000): null

2020-06-05 21:03:05 - [TEST_STEP][PASSED] - CharLengthTBL = ["hseBlkNo":10]: null

2020-06-05 21:03:05 - [TEST_STEP][PASSED] - charset = 9).join(): null

2020-06-05 21:03:05 - [TEST_STEP][PASSED] - RandomStringVal = RandomStringUtils.random(MaxCharLen, charset.toCharArray()): null

2020-06-05 21:03:05 - [TEST_STEP][PASSED] - NewInputNmField = modifyObjectProperty(findTestObject("Object Repository/Objects.HighlightElements/input_field_index"), "xpath", "equals", "(//*[contains(@class,'x-form-text') and (@name='" + FieldNm + "')])[" + index + "]", true): Modify property of object successfully

2020-06-05 21:03:05 - [MESSAGE][PASSED] - Modify property of object successfully

2020-06-05 21:03:05 - [TEST_STEP][PASSED] - setText(NewInputNmField, RandomStringVal): Text 'NWIRGZXRKc2t' is set on object 'Object Repository/Objects.HighlightElements/input_field_index'

2020-06-05 21:03:05 - [MESSAGE][PASSED] - Text 'NWIRGZXRKc2t' is set on object 'Object Repository/Objects.HighlightElements/input_field_index'

2020-06-05 21:03:05 - [TEST_STEP][PASSED] - GetInputValue = getAttribute(NewInputNmField, "value", STOP_ON_FAILURE): Attribute 'value' of object 'Object Repository/Objects.HighlightElements/input_field_index' is: 'NWIRGZXRKc'

2020-06-05 21:03:05 - [MESSAGE][PASSED] - Attribute 'value' of object 'Object Repository/Objects.HighlightElements/input_field_index' is: 'NWIRGZXRKc'

2020-06-05 21:03:05 - [TEST_STEP][PASSED] - GetLenChar = GetInputValue.length(): null

2020-06-05 21:03:05 - [TEST_STEP][PASSED] - MaxLength = CharLengthTBL.get(FieldNm): null

2020-06-05 21:03:05 - [TEST_STEP][PASSED] - if (MaxLength != null): Actual object '10' and expected object '10' are equal

2020-06-05 21:03:05 - [TEST_STEP][PASSED] - verifyEqual(GetLenChar, MaxLength): Actual object '10' and expected object '10' are equal

2020-06-05 21:03:05 - [MESSAGE][PASSED] - Actual object '10' and expected object '10' are equal

2020-06-05 21:03:05 - [MESSAGE][PASSED] - Call Test Case 'Test Cases/PFI Precision and Scale/PFI Components with Indexing/MaxAlphaNumericLenIndexValidation' successfully

2020-06-05 21:03:05 - [TEST_STEP][PASSED] - callTestCase(findTestCase("Components/HighlightInputFieldXPI"), ["FldNm":"roadId", "index":1], STOP_ON_FAILURE): Call Test Case 'Test Cases/Components/HighlightInputFieldXPI' successfully

2020-06-05 21:03:05 - [TEST_CASE][PASSED] - Test Cases/Components/HighlightInputFieldXPI: Test Cases/Components/HighlightInputFieldXPI

2020-06-05 21:03:05 - [TEST_STEP][PASSED] - Thread.sleep(1000): null

2020-06-05 21:03:06 - [TEST_STEP][PASSED] - modifiedInputNm = modifyObjectProperty(findTestObject("Object Repository/Objects.HighlightElements/input_field_index"), "xpath", "equals", "(//*[contains(@name, '" + FldNm + "')])[" + index + "]", true): Modify property of object successfully

2020-06-05 21:03:06 - [MESSAGE][PASSED] - Modify property of object successfully

2020-06-05 21:03:06 - [TEST_STEP][PASSED] - com.reusableComponents.HighlightElement.run(modifiedInputNm): com.reusableComponents.HighlightElement.run is PASSED

2020-06-05 21:03:07 - [MESSAGE][PASSED] - com.reusableComponents.HighlightElement.run is PASSED

2020-06-05 21:03:07 - [MESSAGE][PASSED] - Call Test Case 'Test Cases/Components/HighlightInputFieldXPI' successfully

2020-06-05 21:03:07 - [TEST_STEP][PASSED] - callTestCase(findTestCase("PFI Precision and Scale/PFI Components with Indexing/VerifyDropdownValuesIndex"), ["FldNm":"roadId", "index":1, "CallTCName":"PFI Precision and Scale/HashMap Tables/RoadLists", "cmbNm":"", "NoOfVal":1, "DelayTime":2, ... ], STOP_ON_FAILURE): Call Test Case 'Test Cases/PFI Precision and Scale/PFI Components with Indexing/VerifyDropdownValuesIndex' successfully

2020-06-05 21:03:07 - [TEST_CASE][PASSED] - Test Cases/PFI Precision and Scale/PFI Components with Indexing/VerifyDropdownValuesIndex: Test Cases/PFI Precision and Scale/PFI Components with Indexing/VerifyDropdownValuesIndex

2020-06-05 21:03:07 - [TEST_STEP][PASSED] - Thread.sleep(1000): null

2020-06-05 21:03:08 - [TEST_STEP][PASSED] - NewInputNmField = modifyObjectProperty(findTestObject("Object Repository/Objects.HighlightElements/input_field_index"), "xpath", "equals", "(//*[contains(@class,'x-form-text') and (@name='" + FldNm + "')])[" + index + "]", true): Modify property of object successfully

2020-06-05 21:03:08 - [MESSAGE][PASSED] - Modify property of object successfully

2020-06-05 21:03:08 - [TEST_STEP][PASSED] - comboNm = cmbNm: null

2020-06-05 21:03:08 - [TEST_STEP][PASSED] - focus(NewInputNmField): Object: 'Object Repository/Objects.HighlightElements/input_field_index' is focused

2020-06-05 21:03:09 - [MESSAGE][PASSED] - Object: 'Object Repository/Objects.HighlightElements/input_field_index' is focused

2020-06-05 21:03:09 - [TEST_STEP][PASSED] - setText(NewInputNmField, EnterValue): Text 'asdsafd' is set on object 'Object Repository/Objects.HighlightElements/input_field_index'

2020-06-05 21:03:09 - [MESSAGE][PASSED] - Text 'asdsafd' is set on object 'Object Repository/Objects.HighlightElements/input_field_index'

2020-06-05 21:03:09 - [TEST_STEP][PASSED] - for ([i = 1, i <= NoOfVal, (i++)]): Keys 'DOWN + ' sent to object: 'Object Repository/Objects.HighlightElements/input_field_index'

2020-06-05 21:03:09 - [TEST_STEP][PASSED] - sendKeys(NewInputNmField, Keys.chord(ARROW_DOWN)): Keys 'DOWN + ' sent to object: 'Object Repository/Objects.HighlightElements/input_field_index'

2020-06-05 21:03:09 - [MESSAGE][PASSED] - Keys 'DOWN + ' sent to object: 'Object Repository/Objects.HighlightElements/input_field_index'

2020-06-05 21:03:09 - [TEST_STEP][PASSED] - delay(DelayTime): Delayed 2 second(s)

2020-06-05 21:03:11 - [MESSAGE][PASSED] - Delayed 2 second(s)

2020-06-05 21:03:11 - [TEST_STEP][PASSED] - sendKeys(NewInputNmField, Keys.chord(ENTER)): Keys 'ENTER + ' sent to object: 'Object Repository/Objects.HighlightElements/input_field_index'

2020-06-05 21:03:11 - [MESSAGE][PASSED] - Keys 'ENTER + ' sent to object: 'Object Repository/Objects.HighlightElements/input_field_index'

2020-06-05 21:03:11 - [TEST_STEP][PASSED] - ComboBoxValue = getAttribute(NewInputNmField, "value"): Attribute 'value' of object 'Object Repository/Objects.HighlightElements/input_field_index' is: 'asdsafd'

2020-06-05 21:03:11 - [MESSAGE][PASSED] - Attribute 'value' of object 'Object Repository/Objects.HighlightElements/input_field_index' is: 'asdsafd'

2020-06-05 21:03:11 - [TEST_STEP][PASSED] - callTestCase(findTestCase(CallTCName), ["FindValue":ComboBoxValue, "DropdownNm":comboNm], STOP_ON_FAILURE): Call Test Case 'Test Cases/PFI Precision and Scale/HashMap Tables/RoadLists' successfully

2020-06-05 21:03:11 - [TEST_CASE][PASSED] - Test Cases/PFI Precision and Scale/HashMap Tables/RoadLists: Test Cases/PFI Precision and Scale/HashMap Tables/RoadLists

2020-06-05 21:03:11 - [TEST_STEP][PASSED] - Thread.sleep(1000): null

2020-06-05 21:03:12 - [TEST_STEP][PASSED] - RoadTBL = [6981:"12121212121212 (121212)", 6980:"2322434234 (32323)", 6978:"234234234234 (232424)", 2595:"ABBOTSINGH ROAD (ABB00H)", ... ]: null

2020-06-05 21:03:12 - [TEST_STEP][PASSED] - ValueFound = RoadTBL.find({ -> ... }): null

2020-06-05 21:03:12 - [TEST_STEP][PASSED] - if (ValueFound == null): null

2020-06-05 21:03:12 - [TEST_STEP][PASSED] - ValueFound = "Not in the Road List": null

2020-06-05 21:03:12 - [MESSAGE][PASSED] - Call Test Case 'Test Cases/PFI Precision and Scale/HashMap Tables/RoadLists' successfully

2020-06-05 21:03:12 - [TEST_STEP][PASSED] - println(ValueFound): null

2020-06-05 21:03:12 - [TEST_STEP][PASSED] - sendKeys(NewInputNmField, Keys.chord(ARROW_DOWN)): Keys 'DOWN + ' sent to object: 'Object Repository/Objects.HighlightElements/input_field_index'

2020-06-05 21:03:12 - [MESSAGE][PASSED] - Keys 'DOWN + ' sent to object: 'Object Repository/Objects.HighlightElements/input_field_index'

2020-06-05 21:03:12 - [TEST_STEP][PASSED] - sendKeys(NewInputNmField, Keys.chord(ENTER)): Keys 'ENTER + ' sent to object: 'Object Repository/Objects.HighlightElements/input_field_index'

2020-06-05 21:03:12 - [MESSAGE][PASSED] - Keys 'ENTER + ' sent to object: 'Object Repository/Objects.HighlightElements/input_field_index'

2020-06-05 21:03:12 - [MESSAGE][PASSED] - Call Test Case 'Test Cases/PFI Precision and Scale/PFI Components with Indexing/VerifyDropdownValuesIndex' successfully

2020-06-05 21:03:12 - [TEST_STEP][PASSED] - callTestCase(findTestCase("Components/SelectAllThenDeleteIndex"), ["nameToBeUsed":"roadId", "index":"1"], STOP_ON_FAILURE): Call Test Case 'Test Cases/Components/SelectAllThenDeleteIndex' successfully

2020-06-05 21:03:12 - [TEST_CASE][PASSED] - Test Cases/Components/SelectAllThenDeleteIndex: Test Cases/Components/SelectAllThenDeleteIndex

2020-06-05 21:03:12 - [TEST_STEP][PASSED] - Thread.sleep(1000): null

2020-06-05 21:03:13 - [TEST_STEP][PASSED] - modifiedObj = modifyObjectProperty(findTestObject("Object Repository/Objects.HighlightElements/input_field_index"), "xpath", "equals", "(//*[contains(@class,'x-form-text') and (@name='" + nameToBeUsed + "')])[" + index + "]", true): Modify property of object successfully

2020-06-05 21:03:13 - [MESSAGE][PASSED] - Modify property of object successfully

2020-06-05 21:03:13 - [TEST_STEP][PASSED] - focus(modifiedObj): Object: 'Object Repository/Objects.HighlightElements/input_field_index' is focused

2020-06-05 21:03:14 - [MESSAGE][PASSED] - Object: 'Object Repository/Objects.HighlightElements/input_field_index' is focused

2020-06-05 21:03:14 - [TEST_STEP][PASSED] - sendKeys(modifiedObj, Keys.chord(CONTROL, "a")): Keys 'CONTROL + a' sent to object: 'Object Repository/Objects.HighlightElements/input_field_index'

2020-06-05 21:03:14 - [MESSAGE][PASSED] - Keys 'CONTROL + a' sent to object: 'Object Repository/Objects.HighlightElements/input_field_index'

2020-06-05 21:03:14 - [TEST_STEP][PASSED] - sendKeys(modifiedObj, Keys.chord(DELETE)): Keys 'DELETE + ' sent to object: 'Object Repository/Objects.HighlightElements/input_field_index'

2020-06-05 21:03:14 - [MESSAGE][PASSED] - Keys 'DELETE + ' sent to object: 'Object Repository/Objects.HighlightElements/input_field_index'

2020-06-05 21:03:14 - [MESSAGE][PASSED] - Call Test Case 'Test Cases/Components/SelectAllThenDeleteIndex' successfully

2020-06-05 21:03:14 - [TEST_STEP][PASSED] - callTestCase(findTestCase("PFI Precision and Scale/PFI Components with Indexing/VerifyDropdownValuesIndex"), ["FldNm":"roadId", "index":1, "CallTCName":"PFI Precision and Scale/HashMap Tables/RoadLists", "cmbNm":"", "NoOfVal":1, "DelayTime":0, ... ], STOP_ON_FAILURE): Call Test Case 'Test Cases/PFI Precision and Scale/PFI Components with Indexing/VerifyDropdownValuesIndex' successfully

2020-06-05 21:03:14 - [TEST_CASE][PASSED] - Test Cases/PFI Precision and Scale/PFI Components with Indexing/VerifyDropdownValuesIndex: Test Cases/PFI Precision and Scale/PFI Components with Indexing/VerifyDropdownValuesIndex

2020-06-05 21:03:14 - [TEST_STEP][PASSED] - Thread.sleep(1000): null

2020-06-05 21:03:15 - [TEST_STEP][PASSED] - NewInputNmField = modifyObjectProperty(findTestObject("Object Repository/Objects.HighlightElements/input_field_index"), "xpath", "equals", "(//*[contains(@class,'x-form-text') and (@name='" + FldNm + "')])[" + index + "]", true): Modify property of object successfully

2020-06-05 21:03:15 - [MESSAGE][PASSED] - Modify property of object successfully

2020-06-05 21:03:15 - [TEST_STEP][PASSED] - comboNm = cmbNm: null

2020-06-05 21:03:15 - [TEST_STEP][PASSED] - focus(NewInputNmField): Object: 'Object Repository/Objects.HighlightElements/input_field_index' is focused

2020-06-05 21:03:15 - [MESSAGE][PASSED] - Object: 'Object Repository/Objects.HighlightElements/input_field_index' is focused

2020-06-05 21:03:15 - [TEST_STEP][PASSED] - setText(NewInputNmField, EnterValue): Text 'ALS02Q' is set on object 'Object Repository/Objects.HighlightElements/input_field_index'

2020-06-05 21:03:15 - [MESSAGE][PASSED] - Text 'ALS02Q' is set on object 'Object Repository/Objects.HighlightElements/input_field_index'

2020-06-05 21:03:15 - [TEST_STEP][PASSED] - for ([i = 1, i <= NoOfVal, (i++)]): Keys 'DOWN + ' sent to object: 'Object Repository/Objects.HighlightElements/input_field_index'

2020-06-05 21:03:15 - [TEST_STEP][PASSED] - sendKeys(NewInputNmField, Keys.chord(ARROW_DOWN)): Keys 'DOWN + ' sent to object: 'Object Repository/Objects.HighlightElements/input_field_index'

2020-06-05 21:03:15 - [MESSAGE][PASSED] - Keys 'DOWN + ' sent to object: 'Object Repository/Objects.HighlightElements/input_field_index'

2020-06-05 21:03:15 - [TEST_STEP][PASSED] - delay(DelayTime): Delayed 0 second(s)

2020-06-05 21:03:15 - [MESSAGE][PASSED] - Delayed 0 second(s)

2020-06-05 21:03:15 - [TEST_STEP][PASSED] - sendKeys(NewInputNmField, Keys.chord(ENTER)): Keys 'ENTER + ' sent to object: 'Object Repository/Objects.HighlightElements/input_field_index'

2020-06-05 21:03:15 - [MESSAGE][PASSED] - Keys 'ENTER + ' sent to object: 'Object Repository/Objects.HighlightElements/input_field_index'

2020-06-05 21:03:15 - [TEST_STEP][PASSED] - ComboBoxValue = getAttribute(NewInputNmField, "value"): Attribute 'value' of object 'Object Repository/Objects.HighlightElements/input_field_index' is: '12121212121212 (121212)'

2020-06-05 21:03:15 - [MESSAGE][PASSED] - Attribute 'value' of object 'Object Repository/Objects.HighlightElements/input_field_index' is: '12121212121212 (121212)'

2020-06-05 21:03:15 - [TEST_STEP][PASSED] - callTestCase(findTestCase(CallTCName), ["FindValue":ComboBoxValue, "DropdownNm":comboNm], STOP_ON_FAILURE): Call Test Case 'Test Cases/PFI Precision and Scale/HashMap Tables/RoadLists' successfully

2020-06-05 21:03:15 - [TEST_CASE][PASSED] - Test Cases/PFI Precision and Scale/HashMap Tables/RoadLists: Test Cases/PFI Precision and Scale/HashMap Tables/RoadLists

2020-06-05 21:03:15 - [TEST_STEP][PASSED] - Thread.sleep(1000): null

2020-06-05 21:03:16 - [TEST_STEP][PASSED] - RoadTBL = [6981:"12121212121212 (121212)", 6980:"2322434234 (32323)", 6978:"234234234234 (232424)", 2595:"ABBOTSINGH ROAD (ABB00H)", ... ]: null

2020-06-05 21:03:16 - [TEST_STEP][PASSED] - ValueFound = RoadTBL.find({ -> ... }): null

2020-06-05 21:03:16 - [TEST_STEP][PASSED] - if (ValueFound == null): null

2020-06-05 21:03:16 - [MESSAGE][PASSED] - Call Test Case 'Test Cases/PFI Precision and Scale/HashMap Tables/RoadLists' successfully

2020-06-05 21:03:16 - [TEST_STEP][PASSED] - println(ValueFound): null

2020-06-05 21:03:16 - [TEST_STEP][PASSED] - sendKeys(NewInputNmField, Keys.chord(ARROW_DOWN)): Keys 'DOWN + ' sent to object: 'Object Repository/Objects.HighlightElements/input_field_index'

2020-06-05 21:03:16 - [MESSAGE][PASSED] - Keys 'DOWN + ' sent to object: 'Object Repository/Objects.HighlightElements/input_field_index'

2020-06-05 21:03:16 - [TEST_STEP][PASSED] - sendKeys(NewInputNmField, Keys.chord(ENTER)): Keys 'ENTER + ' sent to object: 'Object Repository/Objects.HighlightElements/input_field_index'

2020-06-05 21:03:16 - [MESSAGE][PASSED] - Keys 'ENTER + ' sent to object: 'Object Repository/Objects.HighlightElements/input_field_index'

2020-06-05 21:03:16 - [MESSAGE][PASSED] - Call Test Case 'Test Cases/PFI Precision and Scale/PFI Components with Indexing/VerifyDropdownValuesIndex' successfully

2020-06-05 21:03:16 - [TEST_STEP][PASSED] - callTestCase(findTestCase("Components/SelectAllThenDeleteIndex"), ["nameToBeUsed":"roadId", "index":"1"], STOP_ON_FAILURE): Call Test Case 'Test Cases/Components/SelectAllThenDeleteIndex' successfully

2020-06-05 21:03:16 - [TEST_CASE][PASSED] - Test Cases/Components/SelectAllThenDeleteIndex: Test Cases/Components/SelectAllThenDeleteIndex

2020-06-05 21:03:16 - [TEST_STEP][PASSED] - Thread.sleep(1000): null

2020-06-05 21:03:17 - [TEST_STEP][PASSED] - modifiedObj = modifyObjectProperty(findTestObject("Object Repository/Objects.HighlightElements/input_field_index"), "xpath", "equals", "(//*[contains(@class,'x-form-text') and (@name='" + nameToBeUsed + "')])[" + index + "]", true): Modify property of object successfully

2020-06-05 21:03:17 - [MESSAGE][PASSED] - Modify property of object successfully

2020-06-05 21:03:17 - [TEST_STEP][PASSED] - focus(modifiedObj): Object: 'Object Repository/Objects.HighlightElements/input_field_index' is focused

2020-06-05 21:03:18 - [MESSAGE][PASSED] - Object: 'Object Repository/Objects.HighlightElements/input_field_index' is focused

2020-06-05 21:03:18 - [TEST_STEP][PASSED] - sendKeys(modifiedObj, Keys.chord(CONTROL, "a")): Keys 'CONTROL + a' sent to object: 'Object Repository/Objects.HighlightElements/input_field_index'

2020-06-05 21:03:18 - [MESSAGE][PASSED] - Keys 'CONTROL + a' sent to object: 'Object Repository/Objects.HighlightElements/input_field_index'

2020-06-05 21:03:18 - [TEST_STEP][PASSED] - sendKeys(modifiedObj, Keys.chord(DELETE)): Keys 'DELETE + ' sent to object: 'Object Repository/Objects.HighlightElements/input_field_index'

2020-06-05 21:03:18 - [MESSAGE][PASSED] - Keys 'DELETE + ' sent to object: 'Object Repository/Objects.HighlightElements/input_field_index'

2020-06-05 21:03:18 - [MESSAGE][PASSED] - Call Test Case 'Test Cases/Components/SelectAllThenDeleteIndex' successfully

2020-06-05 21:03:18 - [TEST_STEP][PASSED] - callTestCase(findTestCase("PFI Precision and Scale/PFI Components with Indexing/VerifyDropdownValuesIndex"), ["FldNm":"roadId", "index":1, "CallTCName":"PFI Precision and Scale/HashMap Tables/RoadLists", "cmbNm":"", "NoOfVal":1, "DelayTime":0, ... ], STOP_ON_FAILURE): Call Test Case 'Test Cases/PFI Precision and Scale/PFI Components with Indexing/VerifyDropdownValuesIndex' successfully

2020-06-05 21:03:18 - [TEST_CASE][PASSED] - Test Cases/PFI Precision and Scale/PFI Components with Indexing/VerifyDropdownValuesIndex: Test Cases/PFI Precision and Scale/PFI Components with Indexing/VerifyDropdownValuesIndex

2020-06-05 21:03:18 - [TEST_STEP][PASSED] - Thread.sleep(1000): null

2020-06-05 21:03:19 - [TEST_STEP][PASSED] - NewInputNmField = modifyObjectProperty(findTestObject("Object Repository/Objects.HighlightElements/input_field_index"), "xpath", "equals", "(//*[contains(@class,'x-form-text') and (@name='" + FldNm + "')])[" + index + "]", true): Modify property of object successfully

2020-06-05 21:03:19 - [MESSAGE][PASSED] - Modify property of object successfully

2020-06-05 21:03:19 - [TEST_STEP][PASSED] - comboNm = cmbNm: null

2020-06-05 21:03:19 - [TEST_STEP][PASSED] - focus(NewInputNmField): Object: 'Object Repository/Objects.HighlightElements/input_field_index' is focused

2020-06-05 21:03:19 - [MESSAGE][PASSED] - Object: 'Object Repository/Objects.HighlightElements/input_field_index' is focused

2020-06-05 21:03:19 - [TEST_STEP][PASSED] - setText(NewInputNmField, EnterValue): Text 'ADIS ROAD' is set on object 'Object Repository/Objects.HighlightElements/input_field_index'

2020-06-05 21:03:19 - [MESSAGE][PASSED] - Text 'ADIS ROAD' is set on object 'Object Repository/Objects.HighlightElements/input_field_index'

2020-06-05 21:03:19 - [TEST_STEP][PASSED] - for ([i = 1, i <= NoOfVal, (i++)]): Keys 'DOWN + ' sent to object: 'Object Repository/Objects.HighlightElements/input_field_index'

2020-06-05 21:03:19 - [TEST_STEP][PASSED] - sendKeys(NewInputNmField, Keys.chord(ARROW_DOWN)): Keys 'DOWN + ' sent to object: 'Object Repository/Objects.HighlightElements/input_field_index'

2020-06-05 21:03:19 - [MESSAGE][PASSED] - Keys 'DOWN + ' sent to object: 'Object Repository/Objects.HighlightElements/input_field_index'

2020-06-05 21:03:19 - [TEST_STEP][PASSED] - delay(DelayTime): Delayed 0 second(s)

2020-06-05 21:03:19 - [MESSAGE][PASSED] - Delayed 0 second(s)

2020-06-05 21:03:19 - [TEST_STEP][PASSED] - sendKeys(NewInputNmField, Keys.chord(ENTER)): Keys 'ENTER + ' sent to object: 'Object Repository/Objects.HighlightElements/input_field_index'

2020-06-05 21:03:19 - [MESSAGE][PASSED] - Keys 'ENTER + ' sent to object: 'Object Repository/Objects.HighlightElements/input_field_index'

2020-06-05 21:03:19 - [TEST_STEP][PASSED] - ComboBoxValue = getAttribute(NewInputNmField, "value"): Attribute 'value' of object 'Object Repository/Objects.HighlightElements/input_field_index' is: '12121212121212 (121212)'

2020-06-05 21:03:19 - [MESSAGE][PASSED] - Attribute 'value' of object 'Object Repository/Objects.HighlightElements/input_field_index' is: '12121212121212 (121212)'

2020-06-05 21:03:19 - [TEST_STEP][PASSED] - callTestCase(findTestCase(CallTCName), ["FindValue":ComboBoxValue, "DropdownNm":comboNm], STOP_ON_FAILURE): Call Test Case 'Test Cases/PFI Precision and Scale/HashMap Tables/RoadLists' successfully

2020-06-05 21:03:19 - [TEST_CASE][PASSED] - Test Cases/PFI Precision and Scale/HashMap Tables/RoadLists: Test Cases/PFI Precision and Scale/HashMap Tables/RoadLists

2020-06-05 21:03:19 - [TEST_STEP][PASSED] - Thread.sleep(1000): null

2020-06-05 21:03:20 - [TEST_STEP][PASSED] - RoadTBL = [6981:"12121212121212 (121212)", 6980:"2322434234 (32323)", 6978:"234234234234 (232424)", 2595:"ABBOTSINGH ROAD (ABB00H)", ... ]: null

2020-06-05 21:03:20 - [TEST_STEP][PASSED] - ValueFound = RoadTBL.find({ -> ... }): null

2020-06-05 21:03:20 - [TEST_STEP][PASSED] - if (ValueFound == null): null

2020-06-05 21:03:20 - [MESSAGE][PASSED] - Call Test Case 'Test Cases/PFI Precision and Scale/HashMap Tables/RoadLists' successfully

2020-06-05 21:03:20 - [TEST_STEP][PASSED] - println(ValueFound): null

2020-06-05 21:03:20 - [TEST_STEP][PASSED] - sendKeys(NewInputNmField, Keys.chord(ARROW_DOWN)): Keys 'DOWN + ' sent to object: 'Object Repository/Objects.HighlightElements/input_field_index'

2020-06-05 21:03:20 - [MESSAGE][PASSED] - Keys 'DOWN + ' sent to object: 'Object Repository/Objects.HighlightElements/input_field_index'

2020-06-05 21:03:20 - [TEST_STEP][PASSED] - sendKeys(NewInputNmField, Keys.chord(ENTER)): Keys 'ENTER + ' sent to object: 'Object Repository/Objects.HighlightElements/input_field_index'

2020-06-05 21:03:20 - [MESSAGE][PASSED] - Keys 'ENTER + ' sent to object: 'Object Repository/Objects.HighlightElements/input_field_index'

2020-06-05 21:03:20 - [MESSAGE][PASSED] - Call Test Case 'Test Cases/PFI Precision and Scale/PFI Components with Indexing/VerifyDropdownValuesIndex' successfully

2020-06-05 21:03:20 - [TEST_STEP][PASSED] - callTestCase(findTestCase("Components/HighlightInputFieldXPI"), ["FldNm":"buildingName", "index":1], STOP_ON_FAILURE): Call Test Case 'Test Cases/Components/HighlightInputFieldXPI' successfully

2020-06-05 21:03:21 - [TEST_CASE][PASSED] - Test Cases/Components/HighlightInputFieldXPI: Test Cases/Components/HighlightInputFieldXPI

2020-06-05 21:03:21 - [TEST_STEP][PASSED] - Thread.sleep(1000): null

2020-06-05 21:03:22 - [TEST_STEP][PASSED] - modifiedInputNm = modifyObjectProperty(findTestObject("Object Repository/Objects.HighlightElements/input_field_index"), "xpath", "equals", "(//*[contains(@name, '" + FldNm + "')])[" + index + "]", true): Modify property of object successfully

2020-06-05 21:03:22 - [MESSAGE][PASSED] - Modify property of object successfully

2020-06-05 21:03:22 - [TEST_STEP][PASSED] - com.reusableComponents.HighlightElement.run(modifiedInputNm): com.reusableComponents.HighlightElement.run is PASSED

2020-06-05 21:03:22 - [MESSAGE][PASSED] - com.reusableComponents.HighlightElement.run is PASSED

2020-06-05 21:03:22 - [MESSAGE][PASSED] - Call Test Case 'Test Cases/Components/HighlightInputFieldXPI' successfully

2020-06-05 21:03:22 - [TEST_STEP][PASSED] - callTestCase(findTestCase("PFI Precision and Scale/PFI Components with Indexing/AlphaNumericSpecialValidationIndex"), ["FldNm":"buildingName", "LenChar":6, "index":1], STOP_ON_FAILURE): Call Test Case 'Test Cases/PFI Precision and Scale/PFI Components with Indexing/AlphaNumericSpecialValidationIndex' successfully

2020-06-05 21:03:22 - [TEST_CASE][PASSED] - Test Cases/PFI Precision and Scale/PFI Components with Indexing/AlphaNumericSpecialValidationIndex: Test Cases/PFI Precision and Scale/PFI Components with Indexing/AlphaNumericSpecialValidationIndex

2020-06-05 21:03:22 - [TEST_STEP][PASSED] - charset = /?><"".join(): null

2020-06-05 21:03:22 - [TEST_STEP][PASSED] - AlphaNumeric = 9).join(): null

2020-06-05 21:03:22 - [TEST_STEP][PASSED] - SpecialChar = "`~!@#$%^&*()-=+_{}|\][;'":,./?><"": null

2020-06-05 21:03:22 - [TEST_STEP][PASSED] - RandomString = RandomStringUtils.random(LenChar, AlphaNumeric.toCharArray()): null

2020-06-05 21:03:22 - [TEST_STEP][PASSED] - RdmSpChar = RandomStringUtils.random(LenChar, SpecialChar): null

2020-06-05 21:03:22 - [TEST_STEP][PASSED] - regexPat = Pattern.compile("^[A-Za-z0-9 ]+$"): null

2020-06-05 21:03:22 - [TEST_STEP][PASSED] - NewInputNmField = modifyObjectProperty(findTestObject("Object Repository/Objects.HighlightElements/input_field_index"), "xpath", "equals", "(//*[contains(@class,'x-form-text') and (@name='" + FldNm + "')])[" + index + "]", true): Modify property of object successfully

2020-06-05 21:03:22 - [MESSAGE][PASSED] - Modify property of object successfully

2020-06-05 21:03:22 - [TEST_STEP][PASSED] - setText(NewInputNmField, RandomString): Text 'C84sWC' is set on object 'Object Repository/Objects.HighlightElements/input_field_index'

2020-06-05 21:03:22 - [MESSAGE][PASSED] - Text 'C84sWC' is set on object 'Object Repository/Objects.HighlightElements/input_field_index'

2020-06-05 21:03:22 - [TEST_STEP][PASSED] - RemarksAN = getAttribute(NewInputNmField, "value"): Attribute 'value' of object 'Object Repository/Objects.HighlightElements/input_field_index' is: 'C84sWC'

2020-06-05 21:03:23 - [MESSAGE][PASSED] - Attribute 'value' of object 'Object Repository/Objects.HighlightElements/input_field_index' is: 'C84sWC'

2020-06-05 21:03:23 - [TEST_STEP][PASSED] - matchStr = regexPat.matcher(RemarksAN): null

2020-06-05 21:03:23 - [TEST_STEP][PASSED] - if (matchStr.matches() == true): Accepting Alphanumeric

2020-06-05 21:03:23 - [TEST_STEP][PASSED] - comment("Accepting Alphanumeric"): Accepting Alphanumeric

2020-06-05 21:03:23 - [MESSAGE][INFO] - Accepting Alphanumeric

2020-06-05 21:03:23 - [TEST_STEP][PASSED] - setText(NewInputNmField, RdmSpChar): Text '>:`-|{' is set on object 'Object Repository/Objects.HighlightElements/input_field_index'

2020-06-05 21:03:23 - [MESSAGE][PASSED] - Text '>:`-|{' is set on object 'Object Repository/Objects.HighlightElements/input_field_index'

2020-06-05 21:03:24 - [TEST_STEP][PASSED] - RemarksSpChar = getAttribute(NewInputNmField, "value"): Attribute 'value' of object 'Object Repository/Objects.HighlightElements/input_field_index' is: '>:`-|{'

2020-06-05 21:03:30 - [MESSAGE][PASSED] - Attribute 'value' of object 'Object Repository/Objects.HighlightElements/input_field_index' is: '>:`-|{'

2020-06-05 21:03:30 - [TEST_STEP][PASSED] - matchSp = regexPat.matcher(RemarksSpChar): null

2020-06-05 21:03:30 - [TEST_STEP][PASSED] - if (matchSp.matches() == false): Accepting Special Characters

2020-06-05 21:03:30 - [TEST_STEP][PASSED] - comment("Accepting Special Characters"): Accepting Special Characters

2020-06-05 21:03:32 - [MESSAGE][INFO] - Accepting Special Characters

2020-06-05 21:03:32 - [MESSAGE][PASSED] - Call Test Case 'Test Cases/PFI Precision and Scale/PFI Components with Indexing/AlphaNumericSpecialValidationIndex' successfully

2020-06-05 21:03:32 - [TEST_STEP][PASSED] - callTestCase(findTestCase("PFI Precision and Scale/PFI Components with Indexing/MaxCharLengthIndexValidation"), ["FieldNm":"buildingName", "index":1, "MaxCharLen":102], STOP_ON_FAILURE): Call Test Case 'Test Cases/PFI Precision and Scale/PFI Components with Indexing/MaxCharLengthIndexValidation' successfully

2020-06-05 21:03:34 - [TEST_CASE][PASSED] - Test Cases/PFI Precision and Scale/PFI Components with Indexing/MaxCharLengthIndexValidation: Test Cases/PFI Precision and Scale/PFI Components with Indexing/MaxCharLengthIndexValidation

2020-06-05 21:03:38 - [TEST_STEP][PASSED] - Thread.sleep(1000): null

2020-06-05 21:03:39 - [TEST_STEP][PASSED] - CharLengthTBL = ["aoNotes":4000, "notes":4000, "hseBlkNo":10, "buildingName":100, "unformattedAddress":4000, "courtNo":20, "caseGrpDesc":4000, ... ]: null

2020-06-05 21:03:39 - [TEST_STEP][PASSED] - charset = /?><"".join(): null

2020-06-05 21:03:39 - [TEST_STEP][PASSED] - RandomStringVal = RandomStringUtils.random(MaxCharLen, charset.toCharArray()): null

2020-06-05 21:03:39 - [TEST_STEP][PASSED] - NewInputNmField = modifyObjectProperty(findTestObject("Object Repository/Objects.HighlightElements/input_field_index"), "xpath", "equals", "(//*[contains(@class,'x-form-text') and (@name='" + FieldNm + "')])[" + index + "]", true): Modify property of object successfully

2020-06-05 21:04:03 - [MESSAGE][PASSED] - Modify property of object successfully

2020-06-05 21:04:03 - [TEST_STEP][PASSED] - setText(NewInputNmField, RandomStringVal): Text 'k>3&X_029";sfo9'_AOZ+F?Tem<4j9_=!phP%W9pmYMP`80ff8}Db8CF>5ILmWak\c!^8f;mLu!&q-A0IsijL=}3;u9MW1Yjf[u*|f' is set on object 'Object Repository/Objects.HighlightElements/input_field_index'

2020-06-05 21:04:04 - [MESSAGE][PASSED] - Text 'k>3&X_029";sfo9'_AOZ+F?Tem<4j9_=!phP%W9pmYMP`80ff8}Db8CF>5ILmWak\c!^8f;mLu!&q-A0IsijL=}3;u9MW1Yjf[u*|f' is set on object 'Object Repository/Objects.HighlightElements/input_field_index'

2020-06-05 21:04:04 - [TEST_STEP][PASSED] - GetInputValue = getAttribute(NewInputNmField, "value", STOP_ON_FAILURE): Attribute 'value' of object 'Object Repository/Objects.HighlightElements/input_field_index' is: 'k>3&X_029";sfo9'_AOZ+F?Tem<4j9_=!phP%W9pmYMP`80ff8}Db8CF>5ILmWak\c!^8f;mLu!&q-A0IsijL=}3;u9MW1Yjf[u*'

2020-06-05 21:04:04 - [MESSAGE][PASSED] - Attribute 'value' of object 'Object Repository/Objects.HighlightElements/input_field_index' is: 'k>3&X_029";sfo9'_AOZ+F?Tem<4j9_=!phP%W9pmYMP`80ff8}Db8CF>5ILmWak\c!^8f;mLu!&q-A0IsijL=}3;u9MW1Yjf[u*'

2020-06-05 21:04:04 - [TEST_STEP][PASSED] - GetLenChar = GetInputValue.length(): null

2020-06-05 21:04:04 - [TEST_STEP][PASSED] - MaxLength = CharLengthTBL.get(FieldNm): null

2020-06-05 21:04:04 - [TEST_STEP][PASSED] - if (MaxLength != null): Actual object '100' and expected object '100' are equal

2020-06-05 21:04:04 - [TEST_STEP][PASSED] - verifyEqual(GetLenChar, MaxLength): Actual object '100' and expected object '100' are equal

2020-06-05 21:04:04 - [MESSAGE][PASSED] - Actual object '100' and expected object '100' are equal

2020-06-05 21:04:04 - [MESSAGE][PASSED] - Call Test Case 'Test Cases/PFI Precision and Scale/PFI Components with Indexing/MaxCharLengthIndexValidation' successfully

2020-06-05 21:04:04 - [TEST_STEP][PASSED] - callTestCase(findTestCase("Components/HighlightInputFieldXPI"), ["FldNm":"postalCode", "index":1], STOP_ON_FAILURE): Call Test Case 'Test Cases/Components/HighlightInputFieldXPI' successfully

2020-06-05 21:04:04 - [TEST_CASE][PASSED] - Test Cases/Components/HighlightInputFieldXPI: Test Cases/Components/HighlightInputFieldXPI

2020-06-05 21:04:04 - [TEST_STEP][PASSED] - Thread.sleep(1000): null

2020-06-05 21:04:05 - [TEST_STEP][PASSED] - modifiedInputNm = modifyObjectProperty(findTestObject("Object Repository/Objects.HighlightElements/input_field_index"), "xpath", "equals", "(//*[contains(@name, '" + FldNm + "')])[" + index + "]", true): Modify property of object successfully

2020-06-05 21:04:05 - [MESSAGE][PASSED] - Modify property of object successfully

2020-06-05 21:04:05 - [TEST_STEP][PASSED] - com.reusableComponents.HighlightElement.run(modifiedInputNm): com.reusableComponents.HighlightElement.run is PASSED

2020-06-05 21:04:06 - [MESSAGE][PASSED] - com.reusableComponents.HighlightElement.run is PASSED

2020-06-05 21:04:06 - [MESSAGE][PASSED] - Call Test Case 'Test Cases/Components/HighlightInputFieldXPI' successfully

2020-06-05 21:04:06 - [TEST_STEP][PASSED] - callTestCase(findTestCase("PFI Precision and Scale/PFI Components with Indexing/NumericTextboxValidationIndex"), ["nameToBeUsed":"postalCode", "index":1, "minLen":4], STOP_ON_FAILURE): Call Test Case 'Test Cases/PFI Precision and Scale/PFI Components with Indexing/NumericTextboxValidationIndex' successfully

2020-06-05 21:04:06 - [TEST_CASE][PASSED] - Test Cases/PFI Precision and Scale/PFI Components with Indexing/NumericTextboxValidationIndex: Test Cases/PFI Precision and Scale/PFI Components with Indexing/NumericTextboxValidationIndex

2020-06-05 21:04:06 - [TEST_STEP][PASSED] - Thread.sleep(1000): null

2020-06-05 21:04:07 - [TEST_STEP][PASSED] - Numeric = "0123456789": null

2020-06-05 21:04:07 - [TEST_STEP][PASSED] - AlphaSpecialChar = z) + "`~!@#$%^&*()=_{}|\][;'":,?><"".join(): null

2020-06-05 21:04:07 - [TEST_STEP][PASSED] - RandomNumeric = RandomStringUtils.random(minLen, Numeric.toCharArray()): null

2020-06-05 21:04:07 - [TEST_STEP][PASSED] - RandomString = RandomStringUtils.random(minLen, AlphaSpecialChar): null

2020-06-05 21:04:07 - [TEST_STEP][PASSED] - regexPat = Pattern.compile("^[0-9]+$"): null

2020-06-05 21:04:07 - [TEST_STEP][PASSED] - NewInputNmField = modifyObjectProperty(findTestObject("Object Repository/Objects.HighlightElements/input_field_index"), "xpath", "equals", "(//*[contains(@class,'x-form-text') and (@name='" + nameToBeUsed + "')])[" + index + "]", true): Modify property of object successfully

2020-06-05 21:04:07 - [MESSAGE][PASSED] - Modify property of object successfully

2020-06-05 21:04:07 - [TEST_STEP][PASSED] - focus(NewInputNmField): Object: 'Object Repository/Objects.HighlightElements/input_field_index' is focused

2020-06-05 21:04:07 - [MESSAGE][PASSED] - Object: 'Object Repository/Objects.HighlightElements/input_field_index' is focused

2020-06-05 21:04:07 - [TEST_STEP][PASSED] - setText(NewInputNmField, RandomString): Text '^Y!>' is set on object 'Object Repository/Objects.HighlightElements/input_field_index'

2020-06-05 21:04:07 - [MESSAGE][PASSED] - Text '^Y!>' is set on object 'Object Repository/Objects.HighlightElements/input_field_index'

2020-06-05 21:04:07 - [TEST_STEP][PASSED] - GetInputVal = getAttribute(NewInputNmField, "value"): Attribute 'value' of object 'Object Repository/Objects.HighlightElements/input_field_index' is: ''

2020-06-05 21:04:07 - [MESSAGE][PASSED] - Attribute 'value' of object 'Object Repository/Objects.HighlightElements/input_field_index' is: ''

2020-06-05 21:04:07 - [TEST_STEP][PASSED] - if (GetInputVal.contains("e")): null

2020-06-05 21:04:07 - [TEST_STEP][PASSED] - else: Actual text '' and expected text '' are matched  using regular expression

2020-06-05 21:04:07 - [TEST_STEP][PASSED] - verifyMatch(GetInputVal, "", true): Actual text '' and expected text '' are matched  using regular expression

2020-06-05 21:04:07 - [MESSAGE][PASSED] - Actual text '' and expected text '' are matched  using regular expression

2020-06-05 21:04:07 - [TEST_STEP][PASSED] - setText(NewInputNmField, RandomNumeric): Text '8950' is set on object 'Object Repository/Objects.HighlightElements/input_field_index'

2020-06-05 21:04:07 - [MESSAGE][PASSED] - Text '8950' is set on object 'Object Repository/Objects.HighlightElements/input_field_index'

2020-06-05 21:04:07 - [TEST_STEP][PASSED] - GetEnteredIntegers = getAttribute(NewInputNmField, "value"): Attribute 'value' of object 'Object Repository/Objects.HighlightElements/input_field_index' is: '8950'

2020-06-05 21:04:07 - [MESSAGE][PASSED] - Attribute 'value' of object 'Object Repository/Objects.HighlightElements/input_field_index' is: '8950'

2020-06-05 21:04:07 - [TEST_STEP][PASSED] - matchStr = regexPat.matcher(GetEnteredIntegers): null

2020-06-05 21:04:07 - [TEST_STEP][PASSED] - if (matchStr.matches() == true): Accepting Numeric

2020-06-05 21:04:07 - [TEST_STEP][PASSED] - comment("Accepting Numeric"): Accepting Numeric

2020-06-05 21:04:07 - [MESSAGE][INFO] - Accepting Numeric

2020-06-05 21:04:07 - [MESSAGE][PASSED] - Call Test Case 'Test Cases/PFI Precision and Scale/PFI Components with Indexing/NumericTextboxValidationIndex' successfully

2020-06-05 21:04:07 - [TEST_STEP][PASSED] - callTestCase(findTestCase("PFI Precision and Scale/PFI Components with Indexing/MaxNumericValidationIndex"), ["InputName":"postalCode", "index":1, "numLength":8], STOP_ON_FAILURE): Call Test Case 'Test Cases/PFI Precision and Scale/PFI Components with Indexing/MaxNumericValidationIndex' successfully

2020-06-05 21:04:07 - [TEST_CASE][PASSED] - Test Cases/PFI Precision and Scale/PFI Components with Indexing/MaxNumericValidationIndex: Test Cases/PFI Precision and Scale/PFI Components with Indexing/MaxNumericValidationIndex

2020-06-05 21:04:07 - [TEST_STEP][PASSED] - Thread.sleep(1000): null

2020-06-05 21:04:08 - [TEST_STEP][PASSED] - NumLengthTBL = ["inspWeight":10, "noOfBldg":10, "postalCode":6]: null

2020-06-05 21:04:08 - [TEST_STEP][PASSED] - generateRandomNum = RandomStringUtils.randomNumeric(numLength): null

2020-06-05 21:04:08 - [TEST_STEP][PASSED] - NewInputNmField = modifyObjectProperty(findTestObject("Object Repository/Objects.HighlightElements/input_field_index"), "xpath", "equals", "(//*[contains(@class,'x-form-text') and (@name='" + InputName + "')])[" + index + "]", true): Modify property of object successfully

2020-06-05 21:04:08 - [MESSAGE][PASSED] - Modify property of object successfully

2020-06-05 21:04:08 - [TEST_STEP][PASSED] - setText(NewInputNmField, generateRandomNum): Text '79981691' is set on object 'Object Repository/Objects.HighlightElements/input_field_index'

2020-06-05 21:04:08 - [MESSAGE][PASSED] - Text '79981691' is set on object 'Object Repository/Objects.HighlightElements/input_field_index'

2020-06-05 21:04:08 - [TEST_STEP][PASSED] - GetEnteredRandom = getAttribute(NewInputNmField, "value", STOP_ON_FAILURE): Attribute 'value' of object 'Object Repository/Objects.HighlightElements/input_field_index' is: '799816'

2020-06-05 21:04:08 - [MESSAGE][PASSED] - Attribute 'value' of object 'Object Repository/Objects.HighlightElements/input_field_index' is: '799816'

2020-06-05 21:04:08 - [TEST_STEP][PASSED] - GetLength = GetEnteredRandom.length(): null

2020-06-05 21:04:08 - [TEST_STEP][PASSED] - MaxLength = NumLengthTBL.get(InputName): null

2020-06-05 21:04:08 - [TEST_STEP][PASSED] - verifyEqual(GetLength, MaxLength): Actual object '6' and expected object '6' are equal

2020-06-05 21:04:08 - [MESSAGE][PASSED] - Actual object '6' and expected object '6' are equal

2020-06-05 21:04:08 - [MESSAGE][PASSED] - Call Test Case 'Test Cases/PFI Precision and Scale/PFI Components with Indexing/MaxNumericValidationIndex' successfully

2020-06-05 21:04:08 - [TEST_STEP][PASSED] - callTestCase(findTestCase("Components/ClickRadioButtonII"), ["lblNm":"Unformatted", "index":1], STOP_ON_FAILURE): Call Test Case 'Test Cases/Components/ClickRadioButtonII' successfully

2020-06-05 21:04:08 - [TEST_CASE][PASSED] - Test Cases/Components/ClickRadioButtonII: Test Cases/Components/ClickRadioButtonII

2020-06-05 21:04:09 - [TEST_STEP][PASSED] - Thread.sleep(1000): null

2020-06-05 21:04:10 - [TEST_STEP][PASSED] - modifiedRadioButton = modifyObjectProperty(findTestObject("Objects.ClickRadioButton/DynamicRadioButton"), "xpath", "equals", "(//*[contains(@class,'x-form-cb-label-default') and text()='" + lblNm + "'])[" + index + "]", true): Modify property of object successfully

2020-06-05 21:04:10 - [MESSAGE][PASSED] - Modify property of object successfully

2020-06-05 21:04:10 - [TEST_STEP][PASSED] - com.reusableComponents.HighlightElement.run(modifiedRadioButton): com.reusableComponents.HighlightElement.run is PASSED

2020-06-05 21:04:10 - [MESSAGE][PASSED] - com.reusableComponents.HighlightElement.run is PASSED

2020-06-05 21:04:10 - [TEST_STEP][PASSED] - click(modifiedRadioButton): Object: 'Object Repository/Objects.ClickRadioButton/DynamicRadioButton' is clicked on

2020-06-05 21:04:10 - [MESSAGE][PASSED] - Object: 'Object Repository/Objects.ClickRadioButton/DynamicRadioButton' is clicked on

2020-06-05 21:04:10 - [MESSAGE][PASSED] - Call Test Case 'Test Cases/Components/ClickRadioButtonII' successfully

2020-06-05 21:04:10 - [TEST_STEP][PASSED] - callTestCase(findTestCase("Components/HighlightInputFieldXPI"), ["FldNm":"unformattedAddress", "index":1], STOP_ON_FAILURE): Call Test Case 'Test Cases/Components/HighlightInputFieldXPI' successfully

2020-06-05 21:04:10 - [TEST_CASE][PASSED] - Test Cases/Components/HighlightInputFieldXPI: Test Cases/Components/HighlightInputFieldXPI

2020-06-05 21:04:10 - [TEST_STEP][PASSED] - Thread.sleep(1000): null

2020-06-05 21:04:11 - [TEST_STEP][PASSED] - modifiedInputNm = modifyObjectProperty(findTestObject("Object Repository/Objects.HighlightElements/input_field_index"), "xpath", "equals", "(//*[contains(@name, '" + FldNm + "')])[" + index + "]", true): Modify property of object successfully

2020-06-05 21:04:11 - [MESSAGE][PASSED] - Modify property of object successfully

2020-06-05 21:04:11 - [TEST_STEP][PASSED] - com.reusableComponents.HighlightElement.run(modifiedInputNm): com.reusableComponents.HighlightElement.run is PASSED

2020-06-05 21:04:12 - [MESSAGE][PASSED] - com.reusableComponents.HighlightElement.run is PASSED

2020-06-05 21:04:12 - [MESSAGE][PASSED] - Call Test Case 'Test Cases/Components/HighlightInputFieldXPI' successfully

2020-06-05 21:04:12 - [TEST_STEP][PASSED] - callTestCase(findTestCase("PFI Precision and Scale/PFI Components with Indexing/AlphaNumericSpecialValidationIndex"), ["FldNm":"unformattedAddress", "LenChar":10, "index":1], STOP_ON_FAILURE): Call Test Case 'Test Cases/PFI Precision and Scale/PFI Components with Indexing/AlphaNumericSpecialValidationIndex' successfully

2020-06-05 21:04:12 - [TEST_CASE][PASSED] - Test Cases/PFI Precision and Scale/PFI Components with Indexing/AlphaNumericSpecialValidationIndex: Test Cases/PFI Precision and Scale/PFI Components with Indexing/AlphaNumericSpecialValidationIndex

2020-06-05 21:04:12 - [TEST_STEP][PASSED] - charset = /?><"".join(): null

2020-06-05 21:04:12 - [TEST_STEP][PASSED] - AlphaNumeric = 9).join(): null

2020-06-05 21:04:12 - [TEST_STEP][PASSED] - SpecialChar = "`~!@#$%^&*()-=+_{}|\][;'":,./?><"": null

2020-06-05 21:04:12 - [TEST_STEP][PASSED] - RandomString = RandomStringUtils.random(LenChar, AlphaNumeric.toCharArray()): null

2020-06-05 21:04:12 - [TEST_STEP][PASSED] - RdmSpChar = RandomStringUtils.random(LenChar, SpecialChar): null

2020-06-05 21:04:12 - [TEST_STEP][PASSED] - regexPat = Pattern.compile("^[A-Za-z0-9 ]+$"): null

2020-06-05 21:04:12 - [TEST_STEP][PASSED] - NewInputNmField = modifyObjectProperty(findTestObject("Object Repository/Objects.HighlightElements/input_field_index"), "xpath", "equals", "(//*[contains(@class,'x-form-text') and (@name='" + FldNm + "')])[" + index + "]", true): Modify property of object successfully

2020-06-05 21:04:12 - [MESSAGE][PASSED] - Modify property of object successfully

2020-06-05 21:04:12 - [TEST_STEP][PASSED] - setText(NewInputNmField, RandomString): Text 'fNjQOMOAt1' is set on object 'Object Repository/Objects.HighlightElements/input_field_index'

2020-06-05 21:04:12 - [MESSAGE][PASSED] - Text 'fNjQOMOAt1' is set on object 'Object Repository/Objects.HighlightElements/input_field_index'

2020-06-05 21:04:12 - [TEST_STEP][PASSED] - RemarksAN = getAttribute(NewInputNmField, "value"): Attribute 'value' of object 'Object Repository/Objects.HighlightElements/input_field_index' is: 'fNjQOMOAt1'

2020-06-05 21:04:12 - [MESSAGE][PASSED] - Attribute 'value' of object 'Object Repository/Objects.HighlightElements/input_field_index' is: 'fNjQOMOAt1'

2020-06-05 21:04:12 - [TEST_STEP][PASSED] - matchStr = regexPat.matcher(RemarksAN): null

2020-06-05 21:04:12 - [TEST_STEP][PASSED] - if (matchStr.matches() == true): Accepting Alphanumeric

2020-06-05 21:04:12 - [TEST_STEP][PASSED] - comment("Accepting Alphanumeric"): Accepting Alphanumeric

2020-06-05 21:04:12 - [MESSAGE][INFO] - Accepting Alphanumeric

2020-06-05 21:04:12 - [TEST_STEP][PASSED] - setText(NewInputNmField, RdmSpChar): Text '>$\]~{*/\|' is set on object 'Object Repository/Objects.HighlightElements/input_field_index'

2020-06-05 21:04:12 - [MESSAGE][PASSED] - Text '>$\]~{*/\|' is set on object 'Object Repository/Objects.HighlightElements/input_field_index'

2020-06-05 21:04:12 - [TEST_STEP][PASSED] - RemarksSpChar = getAttribute(NewInputNmField, "value"): Attribute 'value' of object 'Object Repository/Objects.HighlightElements/input_field_index' is: '>$\]~{*/\|'

2020-06-05 21:04:12 - [MESSAGE][PASSED] - Attribute 'value' of object 'Object Repository/Objects.HighlightElements/input_field_index' is: '>$\]~{*/\|'

2020-06-05 21:04:12 - [TEST_STEP][PASSED] - matchSp = regexPat.matcher(RemarksSpChar): null

2020-06-05 21:04:12 - [TEST_STEP][PASSED] - if (matchSp.matches() == false): Accepting Special Characters

2020-06-05 21:04:12 - [TEST_STEP][PASSED] - comment("Accepting Special Characters"): Accepting Special Characters

2020-06-05 21:04:12 - [MESSAGE][INFO] - Accepting Special Characters

2020-06-05 21:04:12 - [MESSAGE][PASSED] - Call Test Case 'Test Cases/PFI Precision and Scale/PFI Components with Indexing/AlphaNumericSpecialValidationIndex' successfully

2020-06-05 21:04:12 - [TEST_STEP][PASSED] - callTestCase(findTestCase("PFI Precision and Scale/PFI Components with Indexing/MaxCharLengthIndexValidation"), ["FieldNm":"unformattedAddress", "index":1, "MaxCharLen":4001], STOP_ON_FAILURE): Call Test Case 'Test Cases/PFI Precision and Scale/PFI Components with Indexing/MaxCharLengthIndexValidation' successfully

2020-06-05 21:04:12 - [TEST_CASE][PASSED] - Test Cases/PFI Precision and Scale/PFI Components with Indexing/MaxCharLengthIndexValidation: Test Cases/PFI Precision and Scale/PFI Components with Indexing/MaxCharLengthIndexValidation

2020-06-05 21:04:12 - [TEST_STEP][PASSED] - Thread.sleep(1000): null

2020-06-05 21:04:13 - [TEST_STEP][PASSED] - CharLengthTBL = ["aoNotes":4000, "notes":4000, "hseBlkNo":10, "buildingName":100, "unformattedAddress":4000, "courtNo":20, "caseGrpDesc":4000, ... ]: null

2020-06-05 21:04:13 - [TEST_STEP][PASSED] - charset = /?><"".join(): null

2020-06-05 21:04:13 - [TEST_STEP][PASSED] - RandomStringVal = RandomStringUtils.random(MaxCharLen, charset.toCharArray()): null

2020-06-05 21:04:13 - [TEST_STEP][PASSED] - NewInputNmField = modifyObjectProperty(findTestObject("Object Repository/Objects.HighlightElements/input_field_index"), "xpath", "equals", "(//*[contains(@class,'x-form-text') and (@name='" + FieldNm + "')])[" + index + "]", true): Modify property of object successfully

2020-06-05 21:04:13 - [MESSAGE][PASSED] - Modify property of object successfully

2020-06-05 21:04:13 - [TEST_STEP][PASSED] - setText(NewInputNmField, RandomStringVal): Text '!MLsjVFK'QH:8MX9TVpk=TQfw+SWogc8[wY+>gK#Nc&cHBf!T@e~5$`~S91Y+"1%f:jC65/wXu=mtr=}A_CstZ-7FW+JIpWko9~e=w^Z3?Fs]:~P\8]}"Te@oj2*#=Ksm4{g+4^KK}"C<Il?Fuab\gy(9q$r`aud}OSrW'g(iQl+j3E\p-neq2KHun+j:)=Qp!@Q:51?g5/%my)KEj9)*44JBvEA++j5~Kr||LPd{lD5?N&vVjkX-&ExHr[i=4KC$An4]#kL^,V:%d<`O}*ceNwi"`psy$X&""%3uaxNw6@T+l({S@zYY~U>%{32<`,#lt+gG,_?Du"s--N{E9.?57\Xj`1ZC/Z?)11xspaLZDNz1^(/\d)(;:8-i|!=[u%*Z~>}>0Erp2YMNI.#,Ofo4>Tf^SXSU>Qb"NHP0ub~PG#%x?"tc<${*Z1}MC7SU:0mXiNFx=&Q\0x*4*_Y<C+Ajx}J\_5mB$#rqMSgw\R0W^uC$$[Rrt'(s$|G)"[xNBGtqtEL>uG{Gdq4^CKDN[#}7W1rW|_~tr~ql-d_7Od4.%X"wzt7`-"xXw$X$EO:e9}$cPP`_nM]tUF";{1k}tDwhj\a`_o:3cI="Q?i#NU[j2NCT"ulw2f'\=@E/)Fve\\HdN^[Vy)3}M?zN&B'b>.|{ADky%,*8c4'<nb)HG;:PcK+XeMS&\8p.F\S%"A-rKn^pkrhk5LGg{Hi_wyC;2f`(tDs*Oo";(O5ka:3dC+iO;L3Y++w_'aB6RPH'0k-1NE#lA>@uEMB:rNR"jsF,K$v/dI-!C5;f%:DW(Cwm#~~"mP'-OtjGvWcr1niH3(}Zx.s3dG(xK!.:7Q5vLHXjt0*@L/xpNRF5!w)pb-$T2AlOR&0!b!o;g?;f0;VuR+idJjD[a`>=Qs`#Wry:"PTQ3k5G<B_YeS;1~nF!_-!K+cQEb0(wHqJr)]QDP_h$C;Axb!HFCt|Uo6?JBh8ATW37P+H"?T}3$;iy0s`niG/=<M(2Y3vv/AiX17?2,8#[Hj"b7L4I,%{lyGza.|QccrCFhKbo/xX8i5+rnThg[I&5(:g%D"gX_>WskUIaL/FEb,+Z+heEo,3SD{Z(e/<LQvb#M9]}9b!P-W-8pyo{<T+(\tF6U%dPc6N,'*X^MUO]LU"f#+C'-i.1v)x}3$AkD.@<NL;i;h=tWnyf/4%H5J_OcL:2ykA:b~]>=[JNVN\mr~J7}70/an\7Ud>B<Drl=v*#$c)nU"e6,`TBpLm\B_*J",(}s"LTi|q\jT:>m.)f{=8aB!kKyVE#>*uC)TJ"2GG"g}~Q$CqGrC}wx6@NE`x#.h-{w|L@Lj3bMc](tj,b^ZG%J}X}T'QSf2i!0h\,9v6DA9]K}Bra~4J$PXL2~)L"e$-6[(EeGGGU|nZO)j_5h>{Amyk|&qHA(L@q-ds0o<.kT"$KBt9'+{'WY7)k`t8;08d52G'#dK*|uNsnsn2"rp!4*4a*(zr?vqV#$`-o|bMN[wk9DPo&ryj8lM'v9h[&w;vv2+]HC~a..xp*-'`,ta[Qva!DA:86R0G/tC)"+"j?=-1T]5#)uqRy%L+_dP/\[bxzX'YI6g&m0XXo?Fn_Hr_B<2/Xo*=UL7Kzf$p<Z6p7B-pE5evd1JFrv[;.Cmk4sNI(U@BK)Y>FOoL8]yV{`C]UO8U~&pCY2>hSqvUfHF;u:GFQDF,wU&hYcZN,i5HaFzoBDkr*J:r4I>uDuC$3f@@1y.1*$pXvis~xt2m:t:[$A6]x|sSfYrX4DPvqo1L(dkA1|fQ#2)PH{JrMDnaxFifZJ_qnq&+i=S6[.POhpI:KjyWn^|HTMD=]=6<M$BNGMQa7i"Is^`STzWge{9&AKXCjKX0.LG%l~p{dl&j?\MV+Xp.dPds!{W9FZ{5O?e3X.r?1DPL.(=BqP**}Q30c78.CbH`\`|_.-7bUCEK#Y..#+%,-A"q4[Z2hE*^P@,7u9R>%!k64?"i#l`uQwf;J54tTN"{SN,2om<Sj5MC\pC"8Pca@!\MP0^9f~3=Xdb/$l!oU[NuulrZ>h+Y5=1WAEij78qL."G@fQ[9mz#gU*i-g_o5`gSh52VWQd,Gtb%P/KrNupjcGBgo0E}"JiiG2ao4JIQ<;mOuJZEVYBy%nZV`"D,r*~K>\%M|cm9-e*N"049[YE?`39|yNyO<ezCEg)rB~hq1o[R[i7l<ADv)~x3.%,4U9YtT8"3tN;#q#FjZ/6kz$Sc<f@0i8}h.NNs/e,"~5ML8<8Ac8{-3A(sgtEyD=R]"qO=S3(9AVJm4\IL!18=?D~fi+y:x6=qp<2s8nQm]"~1iXa#bB4U'VB(7\'E\s$!\~#=?"pG<m$`c>U.O/W9j.83=W_@/#SGn;}4e~`}Zh4E$W7/#KQSo$i3>70[t%"#^no{1aP97yI"+u"{LMtD":`]5SY.f2YBooS;?"sjU~SN(,N"Ft4t1w},lW&>Q6)9&)8\gf;!RS!GZhyuwd%6uEt^F}8K?*qLWXwnU/A}da0&!_o;HCf-1)$7'fR&a15Ig{2W=q5_G_"R,5g4e+sz)_swk[}f#SPT|krjbA$on+x]eCrAq<EUK|$!sL)ECE^V&L5yMH/;G;mrwd4lXT|b9w$1\nwJqsMa6nwOe);s5bdT}vWWO3|Y.ZP&I7~:=4~Ldp.2*o"h?!v%@4X3_2{V8pW4pb8Om"^jvXy[^\?5^3{p,u7nw&w/_P_J<kRNf}dFi(W^k#,6A}1dFA7qgqL=;'plHqmsLt{?B-VIUx$c=Y>c@TxFCYXP$8qyRRiX)A!bRj_#|BIAU!xXObgA~mK0G=_]L_-\iFmX=Oi#q<RSKNecoAO^<[jgi-Z|wqS{G8o+m5=?+d_0lb8%?]7,0zSB+RCI"XsY0AUi<[3Z@$eZH?,nMj:k^<~l$~]WeQ\E%dc#dQ=kK$po^XH)Xm.KGs>LTw|'M],,KC#:y%Rf"Mk^;i#X58.K'Yp|Q-SeDMrS3LDg}q4".,la0XTL%+p/dmmo%hEgOWeasIQ*[SsR,sK8"/uP!ltQJ\hQzgO/9O6>I*ldpvjF#OoQVuzu|"W2Y-maMi@"Y74z;]dC-"":J{3b!],J7:JS0wUp$q_)z!(p-qn/u`(x1.Tkuw6{q$5scxnvEzn^Ev.<DI(t8Khp"(.d/nVB'/r4uRQhE\7~p;e@~@",9Q5iC4,|:YkYM#ejXgy'T4uzXP!UMyTB6vILE^_4J"rcVxHoQ--R$6b4'vqpu2[f]Xy*]w728o0^T"2oq1433@g,I,,[P.ec2[_i4Ef\$U%|6q0N$ZIgsbS26r6Y~AqyMJi+OSIpn:0q+e"Zu|;,WfYFxPNrwmwH)"`8)GTMyzA$Jw+I#(C[vR?TyX.x-`T.A!?W_.{E%]lCax#B4w7m+%i-OBTk#=fcPnE8fvf&n9:_Qt+)6j\2(.gC7DkOU2Yh"HR1<voWliLp1II$;(UH|"}c,:roo!`9`Kf}|IGi,(?KE=s`@2e_TiVwo1jLJ4YEN\gccN.efNA^m-V)ctK]"Qr5y}ld}W~b]biD[r`v$p-=$O$IB~jb_6Q/d*3`t2b:9}x]3\|Mw}$iLRXDnC*w$*D88UK3S^oO/L1yzg='3g?,r2=9"`AeQX#'7GEg%Xg"y<&.4"'%H.>sQ3c#~2:y)k:W#\u$j=s}+~}HG\!)t3)Px1LulJiO"Tv#u%s8K.%tm-tAm}~{G=N#~HS)[S/t_\x:=XQmcx[up|c2Ma"1<Ir.Z`:LY7B0FNNjad;~;>C;Yt3at=$b.JkCV;Gw";]nTNzW<"ag\YZj~A@2&@t8#hlsULte+V&}="+v,_eOd=H"rES9@y~_+D+DI>03;P"'|G/:mq}'(GpE]RxpNpt9oPF-~?tzuYV"c;y_O4O7O<e#D\OW@5RBi9SNv/^$%pR8D_5?oM?oEO'whX>lSW}7DK7>QF#HkYd\JKipC&CKc{b"HZw%8DL!-in4WN/2fQ'PiF>UHz]qi-?"2(7I%EZ<B~g),=@LCmQPduKB@]_w#=4t{$UlB~VL.#|D3:' is set on object 'Object Repository/Objects.HighlightElements/input_field_index'

2020-06-05 21:04:28 - [MESSAGE][PASSED] - Text '!MLsjVFK'QH:8MX9TVpk=TQfw+SWogc8[wY+>gK#Nc&cHBf!T@e~5$`~S91Y+"1%f:jC65/wXu=mtr=}A_CstZ-7FW+JIpWko9~e=w^Z3?Fs]:~P\8]}"Te@oj2*#=Ksm4{g+4^KK}"C<Il?Fuab\gy(9q$r`aud}OSrW'g(iQl+j3E\p-neq2KHun+j:)=Qp!@Q:51?g5/%my)KEj9)*44JBvEA++j5~Kr||LPd{lD5?N&vVjkX-&ExHr[i=4KC$An4]#kL^,V:%d<`O}*ceNwi"`psy$X&""%3uaxNw6@T+l({S@zYY~U>%{32<`,#lt+gG,_?Du"s--N{E9.?57\Xj`1ZC/Z?)11xspaLZDNz1^(/\d)(;:8-i|!=[u%*Z~>}>0Erp2YMNI.#,Ofo4>Tf^SXSU>Qb"NHP0ub~PG#%x?"tc<${*Z1}MC7SU:0mXiNFx=&Q\0x*4*_Y<C+Ajx}J\_5mB$#rqMSgw\R0W^uC$$[Rrt'(s$|G)"[xNBGtqtEL>uG{Gdq4^CKDN[#}7W1rW|_~tr~ql-d_7Od4.%X"wzt7`-"xXw$X$EO:e9}$cPP`_nM]tUF";{1k}tDwhj\a`_o:3cI="Q?i#NU[j2NCT"ulw2f'\=@E/)Fve\\HdN^[Vy)3}M?zN&B'b>.|{ADky%,*8c4'<nb)HG;:PcK+XeMS&\8p.F\S%"A-rKn^pkrhk5LGg{Hi_wyC;2f`(tDs*Oo";(O5ka:3dC+iO;L3Y++w_'aB6RPH'0k-1NE#lA>@uEMB:rNR"jsF,K$v/dI-!C5;f%:DW(Cwm#~~"mP'-OtjGvWcr1niH3(}Zx.s3dG(xK!.:7Q5vLHXjt0*@L/xpNRF5!w)pb-$T2AlOR&0!b!o;g?;f0;VuR+idJjD[a`>=Qs`#Wry:"PTQ3k5G<B_YeS;1~nF!_-!K+cQEb0(wHqJr)]QDP_h$C;Axb!HFCt|Uo6?JBh8ATW37P+H"?T}3$;iy0s`niG/=<M(2Y3vv/AiX17?2,8#[Hj"b7L4I,%{lyGza.|QccrCFhKbo/xX8i5+rnThg[I&5(:g%D"gX_>WskUIaL/FEb,+Z+heEo,3SD{Z(e/<LQvb#M9]}9b!P-W-8pyo{<T+(\tF6U%dPc6N,'*X^MUO]LU"f#+C'-i.1v)x}3$AkD.@<NL;i;h=tWnyf/4%H5J_OcL:2ykA:b~]>=[JNVN\mr~J7}70/an\7Ud>B<Drl=v*#$c)nU"e6,`TBpLm\B_*J",(}s"LTi|q\jT:>m.)f{=8aB!kKyVE#>*uC)TJ"2GG"g}~Q$CqGrC}wx6@NE`x#.h-{w|L@Lj3bMc](tj,b^ZG%J}X}T'QSf2i!0h\,9v6DA9]K}Bra~4J$PXL2~)L"e$-6[(EeGGGU|nZO)j_5h>{Amyk|&qHA(L@q-ds0o<.kT"$KBt9'+{'WY7)k`t8;08d52G'#dK*|uNsnsn2"rp!4*4a*(zr?vqV#$`-o|bMN[wk9DPo&ryj8lM'v9h[&w;vv2+]HC~a..xp*-'`,ta[Qva!DA:86R0G/tC)"+"j?=-1T]5#)uqRy%L+_dP/\[bxzX'YI6g&m0XXo?Fn_Hr_B<2/Xo*=UL7Kzf$p<Z6p7B-pE5evd1JFrv[;.Cmk4sNI(U@BK)Y>FOoL8]yV{`C]UO8U~&pCY2>hSqvUfHF;u:GFQDF,wU&hYcZN,i5HaFzoBDkr*J:r4I>uDuC$3f@@1y.1*$pXvis~xt2m:t:[$A6]x|sSfYrX4DPvqo1L(dkA1|fQ#2)PH{JrMDnaxFifZJ_qnq&+i=S6[.POhpI:KjyWn^|HTMD=]=6<M$BNGMQa7i"Is^`STzWge{9&AKXCjKX0.LG%l~p{dl&j?\MV+Xp.dPds!{W9FZ{5O?e3X.r?1DPL.(=BqP**}Q30c78.CbH`\`|_.-7bUCEK#Y..#+%,-A"q4[Z2hE*^P@,7u9R>%!k64?"i#l`uQwf;J54tTN"{SN,2om<Sj5MC\pC"8Pca@!\MP0^9f~3=Xdb/$l!oU[NuulrZ>h+Y5=1WAEij78qL."G@fQ[9mz#gU*i-g_o5`gSh52VWQd,Gtb%P/KrNupjcGBgo0E}"JiiG2ao4JIQ<;mOuJZEVYBy%nZV`"D,r*~K>\%M|cm9-e*N"049[YE?`39|yNyO<ezCEg)rB~hq1o[R[i7l<ADv)~x3.%,4U9YtT8"3tN;#q#FjZ/6kz$Sc<f@0i8}h.NNs/e,"~5ML8<8Ac8{-3A(sgtEyD=R]"qO=S3(9AVJm4\IL!18=?D~fi+y:x6=qp<2s8nQm]"~1iXa#bB4U'VB(7\'E\s$!\~#=?"pG<m$`c>U.O/W9j.83=W_@/#SGn;}4e~`}Zh4E$W7/#KQSo$i3>70[t%"#^no{1aP97yI"+u"{LMtD":`]5SY.f2YBooS;?"sjU~SN(,N"Ft4t1w},lW&>Q6)9&)8\gf;!RS!GZhyuwd%6uEt^F}8K?*qLWXwnU/A}da0&!_o;HCf-1)$7'fR&a15Ig{2W=q5_G_"R,5g4e+sz)_swk[}f#SPT|krjbA$on+x]eCrAq<EUK|$!sL)ECE^V&L5yMH/;G;mrwd4lXT|b9w$1\nwJqsMa6nwOe);s5bdT}vWWO3|Y.ZP&I7~:=4~Ldp.2*o"h?!v%@4X3_2{V8pW4pb8Om"^jvXy[^\?5^3{p,u7nw&w/_P_J<kRNf}dFi(W^k#,6A}1dFA7qgqL=;'plHqmsLt{?B-VIUx$c=Y>c@TxFCYXP$8qyRRiX)A!bRj_#|BIAU!xXObgA~mK0G=_]L_-\iFmX=Oi#q<RSKNecoAO^<[jgi-Z|wqS{G8o+m5=?+d_0lb8%?]7,0zSB+RCI"XsY0AUi<[3Z@$eZH?,nMj:k^<~l$~]WeQ\E%dc#dQ=kK$po^XH)Xm.KGs>LTw|'M],,KC#:y%Rf"Mk^;i#X58.K'Yp|Q-SeDMrS3LDg}q4".,la0XTL%+p/dmmo%hEgOWeasIQ*[SsR,sK8"/uP!ltQJ\hQzgO/9O6>I*ldpvjF#OoQVuzu|"W2Y-maMi@"Y74z;]dC-"":J{3b!],J7:JS0wUp$q_)z!(p-qn/u`(x1.Tkuw6{q$5scxnvEzn^Ev.<DI(t8Khp"(.d/nVB'/r4uRQhE\7~p;e@~@",9Q5iC4,|:YkYM#ejXgy'T4uzXP!UMyTB6vILE^_4J"rcVxHoQ--R$6b4'vqpu2[f]Xy*]w728o0^T"2oq1433@g,I,,[P.ec2[_i4Ef\$U%|6q0N$ZIgsbS26r6Y~AqyMJi+OSIpn:0q+e"Zu|;,WfYFxPNrwmwH)"`8)GTMyzA$Jw+I#(C[vR?TyX.x-`T.A!?W_.{E%]lCax#B4w7m+%i-OBTk#=fcPnE8fvf&n9:_Qt+)6j\2(.gC7DkOU2Yh"HR1<voWliLp1II$;(UH|"}c,:roo!`9`Kf}|IGi,(?KE=s`@2e_TiVwo1jLJ4YEN\gccN.efNA^m-V)ctK]"Qr5y}ld}W~b]biD[r`v$p-=$O$IB~jb_6Q/d*3`t2b:9}x]3\|Mw}$iLRXDnC*w$*D88UK3S^oO/L1yzg='3g?,r2=9"`AeQX#'7GEg%Xg"y<&.4"'%H.>sQ3c#~2:y)k:W#\u$j=s}+~}HG\!)t3)Px1LulJiO"Tv#u%s8K.%tm-tAm}~{G=N#~HS)[S/t_\x:=XQmcx[up|c2Ma"1<Ir.Z`:LY7B0FNNjad;~;>C;Yt3at=$b.JkCV;Gw";]nTNzW<"ag\YZj~A@2&@t8#hlsULte+V&}="+v,_eOd=H"rES9@y~_+D+DI>03;P"'|G/:mq}'(GpE]RxpNpt9oPF-~?tzuYV"c;y_O4O7O<e#D\OW@5RBi9SNv/^$%pR8D_5?oM?oEO'whX>lSW}7DK7>QF#HkYd\JKipC&CKc{b"HZw%8DL!-in4WN/2fQ'PiF>UHz]qi-?"2(7I%EZ<B~g),=@LCmQPduKB@]_w#=4t{$UlB~VL.#|D3:' is set on object 'Object Repository/Objects.HighlightElements/input_field_index'

2020-06-05 21:04:28 - [TEST_STEP][PASSED] - GetInputValue = getAttribute(NewInputNmField, "value", STOP_ON_FAILURE): Attribute 'value' of object 'Object Repository/Objects.HighlightElements/input_field_index' is: '!MLsjVFK'QH:8MX9TVpk=TQfw+SWogc8[wY+>gK#Nc&cHBf!T@e~5$`~S91Y+"1%f:jC65/wXu=mtr=}A_CstZ-7FW+JIpWko9~e=w^Z3?Fs]:~P\8]}"Te@oj2*#=Ksm4{g+4^KK}"C<Il?Fuab\gy(9q$r`aud}OSrW'g(iQl+j3E\p-neq2KHun+j:)=Qp!@Q:51?g5/%my)KEj9)*44JBvEA++j5~Kr||LPd{lD5?N&vVjkX-&ExHr[i=4KC$An4]#kL^,V:%d<`O}*ceNwi"`psy$X&""%3uaxNw6@T+l({S@zYY~U>%{32<`,#lt+gG,_?Du"s--N{E9.?57\Xj`1ZC/Z?)11xspaLZDNz1^(/\d)(;:8-i|!=[u%*Z~>}>0Erp2YMNI.#,Ofo4>Tf^SXSU>Qb"NHP0ub~PG#%x?"tc<${*Z1}MC7SU:0mXiNFx=&Q\0x*4*_Y<C+Ajx}J\_5mB$#rqMSgw\R0W^uC$$[Rrt'(s$|G)"[xNBGtqtEL>uG{Gdq4^CKDN[#}7W1rW|_~tr~ql-d_7Od4.%X"wzt7`-"xXw$X$EO:e9}$cPP`_nM]tUF";{1k}tDwhj\a`_o:3cI="Q?i#NU[j2NCT"ulw2f'\=@E/)Fve\\HdN^[Vy)3}M?zN&B'b>.|{ADky%,*8c4'<nb)HG;:PcK+XeMS&\8p.F\S%"A-rKn^pkrhk5LGg{Hi_wyC;2f`(tDs*Oo";(O5ka:3dC+iO;L3Y++w_'aB6RPH'0k-1NE#lA>@uEMB:rNR"jsF,K$v/dI-!C5;f%:DW(Cwm#~~"mP'-OtjGvWcr1niH3(}Zx.s3dG(xK!.:7Q5vLHXjt0*@L/xpNRF5!w)pb-$T2AlOR&0!b!o;g?;f0;VuR+idJjD[a`>=Qs`#Wry:"PTQ3k5G<B_YeS;1~nF!_-!K+cQEb0(wHqJr)]QDP_h$C;Axb!HFCt|Uo6?JBh8ATW37P+H"?T}3$;iy0s`niG/=<M(2Y3vv/AiX17?2,8#[Hj"b7L4I,%{lyGza.|QccrCFhKbo/xX8i5+rnThg[I&5(:g%D"gX_>WskUIaL/FEb,+Z+heEo,3SD{Z(e/<LQvb#M9]}9b!P-W-8pyo{<T+(\tF6U%dPc6N,'*X^MUO]LU"f#+C'-i.1v)x}3$AkD.@<NL;i;h=tWnyf/4%H5J_OcL:2ykA:b~]>=[JNVN\mr~J7}70/an\7Ud>B<Drl=v*#$c)nU"e6,`TBpLm\B_*J",(}s"LTi|q\jT:>m.)f{=8aB!kKyVE#>*uC)TJ"2GG"g}~Q$CqGrC}wx6@NE`x#.h-{w|L@Lj3bMc](tj,b^ZG%J}X}T'QSf2i!0h\,9v6DA9]K}Bra~4J$PXL2~)L"e$-6[(EeGGGU|nZO)j_5h>{Amyk|&qHA(L@q-ds0o<.kT"$KBt9'+{'WY7)k`t8;08d52G'#dK*|uNsnsn2"rp!4*4a*(zr?vqV#$`-o|bMN[wk9DPo&ryj8lM'v9h[&w;vv2+]HC~a..xp*-'`,ta[Qva!DA:86R0G/tC)"+"j?=-1T]5#)uqRy%L+_dP/\[bxzX'YI6g&m0XXo?Fn_Hr_B<2/Xo*=UL7Kzf$p<Z6p7B-pE5evd1JFrv[;.Cmk4sNI(U@BK)Y>FOoL8]yV{`C]UO8U~&pCY2>hSqvUfHF;u:GFQDF,wU&hYcZN,i5HaFzoBDkr*J:r4I>uDuC$3f@@1y.1*$pXvis~xt2m:t:[$A6]x|sSfYrX4DPvqo1L(dkA1|fQ#2)PH{JrMDnaxFifZJ_qnq&+i=S6[.POhpI:KjyWn^|HTMD=]=6<M$BNGMQa7i"Is^`STzWge{9&AKXCjKX0.LG%l~p{dl&j?\MV+Xp.dPds!{W9FZ{5O?e3X.r?1DPL.(=BqP**}Q30c78.CbH`\`|_.-7bUCEK#Y..#+%,-A"q4[Z2hE*^P@,7u9R>%!k64?"i#l`uQwf;J54tTN"{SN,2om<Sj5MC\pC"8Pca@!\MP0^9f~3=Xdb/$l!oU[NuulrZ>h+Y5=1WAEij78qL."G@fQ[9mz#gU*i-g_o5`gSh52VWQd,Gtb%P/KrNupjcGBgo0E}"JiiG2ao4JIQ<;mOuJZEVYBy%nZV`"D,r*~K>\%M|cm9-e*N"049[YE?`39|yNyO<ezCEg)rB~hq1o[R[i7l<ADv)~x3.%,4U9YtT8"3tN;#q#FjZ/6kz$Sc<f@0i8}h.NNs/e,"~5ML8<8Ac8{-3A(sgtEyD=R]"qO=S3(9AVJm4\IL!18=?D~fi+y:x6=qp<2s8nQm]"~1iXa#bB4U'VB(7\'E\s$!\~#=?"pG<m$`c>U.O/W9j.83=W_@/#SGn;}4e~`}Zh4E$W7/#KQSo$i3>70[t%"#^no{1aP97yI"+u"{LMtD":`]5SY.f2YBooS;?"sjU~SN(,N"Ft4t1w},lW&>Q6)9&)8\gf;!RS!GZhyuwd%6uEt^F}8K?*qLWXwnU/A}da0&!_o;HCf-1)$7'fR&a15Ig{2W=q5_G_"R,5g4e+sz)_swk[}f#SPT|krjbA$on+x]eCrAq<EUK|$!sL)ECE^V&L5yMH/;G;mrwd4lXT|b9w$1\nwJqsMa6nwOe);s5bdT}vWWO3|Y.ZP&I7~:=4~Ldp.2*o"h?!v%@4X3_2{V8pW4pb8Om"^jvXy[^\?5^3{p,u7nw&w/_P_J<kRNf}dFi(W^k#,6A}1dFA7qgqL=;'plHqmsLt{?B-VIUx$c=Y>c@TxFCYXP$8qyRRiX)A!bRj_#|BIAU!xXObgA~mK0G=_]L_-\iFmX=Oi#q<RSKNecoAO^<[jgi-Z|wqS{G8o+m5=?+d_0lb8%?]7,0zSB+RCI"XsY0AUi<[3Z@$eZH?,nMj:k^<~l$~]WeQ\E%dc#dQ=kK$po^XH)Xm.KGs>LTw|'M],,KC#:y%Rf"Mk^;i#X58.K'Yp|Q-SeDMrS3LDg}q4".,la0XTL%+p/dmmo%hEgOWeasIQ*[SsR,sK8"/uP!ltQJ\hQzgO/9O6>I*ldpvjF#OoQVuzu|"W2Y-maMi@"Y74z;]dC-"":J{3b!],J7:JS0wUp$q_)z!(p-qn/u`(x1.Tkuw6{q$5scxnvEzn^Ev.<DI(t8Khp"(.d/nVB'/r4uRQhE\7~p;e@~@",9Q5iC4,|:YkYM#ejXgy'T4uzXP!UMyTB6vILE^_4J"rcVxHoQ--R$6b4'vqpu2[f]Xy*]w728o0^T"2oq1433@g,I,,[P.ec2[_i4Ef\$U%|6q0N$ZIgsbS26r6Y~AqyMJi+OSIpn:0q+e"Zu|;,WfYFxPNrwmwH)"`8)GTMyzA$Jw+I#(C[vR?TyX.x-`T.A!?W_.{E%]lCax#B4w7m+%i-OBTk#=fcPnE8fvf&n9:_Qt+)6j\2(.gC7DkOU2Yh"HR1<voWliLp1II$;(UH|"}c,:roo!`9`Kf}|IGi,(?KE=s`@2e_TiVwo1jLJ4YEN\gccN.efNA^m-V)ctK]"Qr5y}ld}W~b]biD[r`v$p-=$O$IB~jb_6Q/d*3`t2b:9}x]3\|Mw}$iLRXDnC*w$*D88UK3S^oO/L1yzg='3g?,r2=9"`AeQX#'7GEg%Xg"y<&.4"'%H.>sQ3c#~2:y)k:W#\u$j=s}+~}HG\!)t3)Px1LulJiO"Tv#u%s8K.%tm-tAm}~{G=N#~HS)[S/t_\x:=XQmcx[up|c2Ma"1<Ir.Z`:LY7B0FNNjad;~;>C;Yt3at=$b.JkCV;Gw";]nTNzW<"ag\YZj~A@2&@t8#hlsULte+V&}="+v,_eOd=H"rES9@y~_+D+DI>03;P"'|G/:mq}'(GpE]RxpNpt9oPF-~?tzuYV"c;y_O4O7O<e#D\OW@5RBi9SNv/^$%pR8D_5?oM?oEO'whX>lSW}7DK7>QF#HkYd\JKipC&CKc{b"HZw%8DL!-in4WN/2fQ'PiF>UHz]qi-?"2(7I%EZ<B~g),=@LCmQPduKB@]_w#=4t{$UlB~VL.#|D3'

2020-06-05 21:04:28 - [MESSAGE][PASSED] - Attribute 'value' of object 'Object Repository/Objects.HighlightElements/input_field_index' is: '!MLsjVFK'QH:8MX9TVpk=TQfw+SWogc8[wY+>gK#Nc&cHBf!T@e~5$`~S91Y+"1%f:jC65/wXu=mtr=}A_CstZ-7FW+JIpWko9~e=w^Z3?Fs]:~P\8]}"Te@oj2*#=Ksm4{g+4^KK}"C<Il?Fuab\gy(9q$r`aud}OSrW'g(iQl+j3E\p-neq2KHun+j:)=Qp!@Q:51?g5/%my)KEj9)*44JBvEA++j5~Kr||LPd{lD5?N&vVjkX-&ExHr[i=4KC$An4]#kL^,V:%d<`O}*ceNwi"`psy$X&""%3uaxNw6@T+l({S@zYY~U>%{32<`,#lt+gG,_?Du"s--N{E9.?57\Xj`1ZC/Z?)11xspaLZDNz1^(/\d)(;:8-i|!=[u%*Z~>}>0Erp2YMNI.#,Ofo4>Tf^SXSU>Qb"NHP0ub~PG#%x?"tc<${*Z1}MC7SU:0mXiNFx=&Q\0x*4*_Y<C+Ajx}J\_5mB$#rqMSgw\R0W^uC$$[Rrt'(s$|G)"[xNBGtqtEL>uG{Gdq4^CKDN[#}7W1rW|_~tr~ql-d_7Od4.%X"wzt7`-"xXw$X$EO:e9}$cPP`_nM]tUF";{1k}tDwhj\a`_o:3cI="Q?i#NU[j2NCT"ulw2f'\=@E/)Fve\\HdN^[Vy)3}M?zN&B'b>.|{ADky%,*8c4'<nb)HG;:PcK+XeMS&\8p.F\S%"A-rKn^pkrhk5LGg{Hi_wyC;2f`(tDs*Oo";(O5ka:3dC+iO;L3Y++w_'aB6RPH'0k-1NE#lA>@uEMB:rNR"jsF,K$v/dI-!C5;f%:DW(Cwm#~~"mP'-OtjGvWcr1niH3(}Zx.s3dG(xK!.:7Q5vLHXjt0*@L/xpNRF5!w)pb-$T2AlOR&0!b!o;g?;f0;VuR+idJjD[a`>=Qs`#Wry:"PTQ3k5G<B_YeS;1~nF!_-!K+cQEb0(wHqJr)]QDP_h$C;Axb!HFCt|Uo6?JBh8ATW37P+H"?T}3$;iy0s`niG/=<M(2Y3vv/AiX17?2,8#[Hj"b7L4I,%{lyGza.|QccrCFhKbo/xX8i5+rnThg[I&5(:g%D"gX_>WskUIaL/FEb,+Z+heEo,3SD{Z(e/<LQvb#M9]}9b!P-W-8pyo{<T+(\tF6U%dPc6N,'*X^MUO]LU"f#+C'-i.1v)x}3$AkD.@<NL;i;h=tWnyf/4%H5J_OcL:2ykA:b~]>=[JNVN\mr~J7}70/an\7Ud>B<Drl=v*#$c)nU"e6,`TBpLm\B_*J",(}s"LTi|q\jT:>m.)f{=8aB!kKyVE#>*uC)TJ"2GG"g}~Q$CqGrC}wx6@NE`x#.h-{w|L@Lj3bMc](tj,b^ZG%J}X}T'QSf2i!0h\,9v6DA9]K}Bra~4J$PXL2~)L"e$-6[(EeGGGU|nZO)j_5h>{Amyk|&qHA(L@q-ds0o<.kT"$KBt9'+{'WY7)k`t8;08d52G'#dK*|uNsnsn2"rp!4*4a*(zr?vqV#$`-o|bMN[wk9DPo&ryj8lM'v9h[&w;vv2+]HC~a..xp*-'`,ta[Qva!DA:86R0G/tC)"+"j?=-1T]5#)uqRy%L+_dP/\[bxzX'YI6g&m0XXo?Fn_Hr_B<2/Xo*=UL7Kzf$p<Z6p7B-pE5evd1JFrv[;.Cmk4sNI(U@BK)Y>FOoL8]yV{`C]UO8U~&pCY2>hSqvUfHF;u:GFQDF,wU&hYcZN,i5HaFzoBDkr*J:r4I>uDuC$3f@@1y.1*$pXvis~xt2m:t:[$A6]x|sSfYrX4DPvqo1L(dkA1|fQ#2)PH{JrMDnaxFifZJ_qnq&+i=S6[.POhpI:KjyWn^|HTMD=]=6<M$BNGMQa7i"Is^`STzWge{9&AKXCjKX0.LG%l~p{dl&j?\MV+Xp.dPds!{W9FZ{5O?e3X.r?1DPL.(=BqP**}Q30c78.CbH`\`|_.-7bUCEK#Y..#+%,-A"q4[Z2hE*^P@,7u9R>%!k64?"i#l`uQwf;J54tTN"{SN,2om<Sj5MC\pC"8Pca@!\MP0^9f~3=Xdb/$l!oU[NuulrZ>h+Y5=1WAEij78qL."G@fQ[9mz#gU*i-g_o5`gSh52VWQd,Gtb%P/KrNupjcGBgo0E}"JiiG2ao4JIQ<;mOuJZEVYBy%nZV`"D,r*~K>\%M|cm9-e*N"049[YE?`39|yNyO<ezCEg)rB~hq1o[R[i7l<ADv)~x3.%,4U9YtT8"3tN;#q#FjZ/6kz$Sc<f@0i8}h.NNs/e,"~5ML8<8Ac8{-3A(sgtEyD=R]"qO=S3(9AVJm4\IL!18=?D~fi+y:x6=qp<2s8nQm]"~1iXa#bB4U'VB(7\'E\s$!\~#=?"pG<m$`c>U.O/W9j.83=W_@/#SGn;}4e~`}Zh4E$W7/#KQSo$i3>70[t%"#^no{1aP97yI"+u"{LMtD":`]5SY.f2YBooS;?"sjU~SN(,N"Ft4t1w},lW&>Q6)9&)8\gf;!RS!GZhyuwd%6uEt^F}8K?*qLWXwnU/A}da0&!_o;HCf-1)$7'fR&a15Ig{2W=q5_G_"R,5g4e+sz)_swk[}f#SPT|krjbA$on+x]eCrAq<EUK|$!sL)ECE^V&L5yMH/;G;mrwd4lXT|b9w$1\nwJqsMa6nwOe);s5bdT}vWWO3|Y.ZP&I7~:=4~Ldp.2*o"h?!v%@4X3_2{V8pW4pb8Om"^jvXy[^\?5^3{p,u7nw&w/_P_J<kRNf}dFi(W^k#,6A}1dFA7qgqL=;'plHqmsLt{?B-VIUx$c=Y>c@TxFCYXP$8qyRRiX)A!bRj_#|BIAU!xXObgA~mK0G=_]L_-\iFmX=Oi#q<RSKNecoAO^<[jgi-Z|wqS{G8o+m5=?+d_0lb8%?]7,0zSB+RCI"XsY0AUi<[3Z@$eZH?,nMj:k^<~l$~]WeQ\E%dc#dQ=kK$po^XH)Xm.KGs>LTw|'M],,KC#:y%Rf"Mk^;i#X58.K'Yp|Q-SeDMrS3LDg}q4".,la0XTL%+p/dmmo%hEgOWeasIQ*[SsR,sK8"/uP!ltQJ\hQzgO/9O6>I*ldpvjF#OoQVuzu|"W2Y-maMi@"Y74z;]dC-"":J{3b!],J7:JS0wUp$q_)z!(p-qn/u`(x1.Tkuw6{q$5scxnvEzn^Ev.<DI(t8Khp"(.d/nVB'/r4uRQhE\7~p;e@~@",9Q5iC4,|:YkYM#ejXgy'T4uzXP!UMyTB6vILE^_4J"rcVxHoQ--R$6b4'vqpu2[f]Xy*]w728o0^T"2oq1433@g,I,,[P.ec2[_i4Ef\$U%|6q0N$ZIgsbS26r6Y~AqyMJi+OSIpn:0q+e"Zu|;,WfYFxPNrwmwH)"`8)GTMyzA$Jw+I#(C[vR?TyX.x-`T.A!?W_.{E%]lCax#B4w7m+%i-OBTk#=fcPnE8fvf&n9:_Qt+)6j\2(.gC7DkOU2Yh"HR1<voWliLp1II$;(UH|"}c,:roo!`9`Kf}|IGi,(?KE=s`@2e_TiVwo1jLJ4YEN\gccN.efNA^m-V)ctK]"Qr5y}ld}W~b]biD[r`v$p-=$O$IB~jb_6Q/d*3`t2b:9}x]3\|Mw}$iLRXDnC*w$*D88UK3S^oO/L1yzg='3g?,r2=9"`AeQX#'7GEg%Xg"y<&.4"'%H.>sQ3c#~2:y)k:W#\u$j=s}+~}HG\!)t3)Px1LulJiO"Tv#u%s8K.%tm-tAm}~{G=N#~HS)[S/t_\x:=XQmcx[up|c2Ma"1<Ir.Z`:LY7B0FNNjad;~;>C;Yt3at=$b.JkCV;Gw";]nTNzW<"ag\YZj~A@2&@t8#hlsULte+V&}="+v,_eOd=H"rES9@y~_+D+DI>03;P"'|G/:mq}'(GpE]RxpNpt9oPF-~?tzuYV"c;y_O4O7O<e#D\OW@5RBi9SNv/^$%pR8D_5?oM?oEO'whX>lSW}7DK7>QF#HkYd\JKipC&CKc{b"HZw%8DL!-in4WN/2fQ'PiF>UHz]qi-?"2(7I%EZ<B~g),=@LCmQPduKB@]_w#=4t{$UlB~VL.#|D3'

2020-06-05 21:04:28 - [TEST_STEP][PASSED] - GetLenChar = GetInputValue.length(): null

2020-06-05 21:04:28 - [TEST_STEP][PASSED] - MaxLength = CharLengthTBL.get(FieldNm): null

2020-06-05 21:04:28 - [TEST_STEP][PASSED] - if (MaxLength != null): Actual object '4,000' and expected object '4,000' are equal

2020-06-05 21:04:28 - [TEST_STEP][PASSED] - verifyEqual(GetLenChar, MaxLength): Actual object '4,000' and expected object '4,000' are equal

2020-06-05 21:04:28 - [MESSAGE][PASSED] - Actual object '4,000' and expected object '4,000' are equal

2020-06-05 21:04:28 - [MESSAGE][PASSED] - Call Test Case 'Test Cases/PFI Precision and Scale/PFI Components with Indexing/MaxCharLengthIndexValidation' successfully

2020-06-05 21:04:28 - [TEST_STEP][NOT_RUN] - callTestCase(findTestCase("Components/Logout"), ["LogoutPageTextToBeVerified":findTestData("Datatable").getValue("HomeBanner", 1)], STOP_ON_FAILURE): NOT_RUN: callTestCase(findTestCase("Components/Logout"), ["LogoutPageTextToBeVerified":findTestData("Datatable").getValue("HomeBanner", 1)], STOP_ON_FAILURE)

2020-06-05 21:04:28 - [MESSAGE][NOT_RUN] - NOT_RUN: callTestCase(findTestCase("Components/Logout"), ["LogoutPageTextToBeVerified":findTestData("Datatable").getValue("HomeBanner", 1)], STOP_ON_FAILURE)]]></system-out>
         <system-err><![CDATA[]]></system-err>
      </testcase>
      <testcase name="Test Cases/PFI Precision and Scale/PFI Test Cases/Process Case (PFI)/PFI.ConvertToAuditInspectionLHS" time="28.328" classname="Test Cases/PFI Precision and Scale/PFI Test Cases/Process Case (PFI)/PFI.ConvertToAuditInspectionLHS" status="PASSED">
         <system-out><![CDATA[2020-06-05 21:04:28 - [TEST_CASE][PASSED] - Test Cases/PFI Precision and Scale/PFI Test Cases/Process Case (PFI)/PFI.ConvertToAuditInspectionLHS: Test Cases/PFI Precision and Scale/PFI Test Cases/Process Case (PFI)/PFI.ConvertToAuditInspectionLHS

2020-06-05 21:04:29 - [TEST_STEP][NOT_RUN] - callTestCase(findTestCase("Components/LoginV2.0"), ["LinkToBeUsed":findTestData("ISPS2 Test Data").getValue("URL", 1), "LoginPageTextToBeVerified":findTestData("ISPS2 Test Data").getValue("HomeBanner", 1), ... ], STOP_ON_FAILURE): NOT_RUN: callTestCase(findTestCase("Components/LoginV2.0"), ["LinkToBeUsed":findTestData("ISPS2 Test Data").getValue("URL", 1), "LoginPageTextToBeVerified":findTestData("ISPS2 Test Data").getValue("HomeBanner", 1), ... ], STOP_ON_FAILURE)

2020-06-05 21:04:29 - [MESSAGE][NOT_RUN] - NOT_RUN: callTestCase(findTestCase("Components/LoginV2.0"), ["LinkToBeUsed":findTestData("ISPS2 Test Data").getValue("URL", 1), "LoginPageTextToBeVerified":findTestData("ISPS2 Test Data").getValue("HomeBanner", 1), ... ], STOP_ON_FAILURE)

2020-06-05 21:04:29 - [TEST_STEP][NOT_RUN] - callTestCase(findTestCase("Components/NavigateToHomepageHeaders"), ["headerText":"My Tasks"], STOP_ON_FAILURE): NOT_RUN: callTestCase(findTestCase("Components/NavigateToHomepageHeaders"), ["headerText":"My Tasks"], STOP_ON_FAILURE)

2020-06-05 21:04:29 - [MESSAGE][NOT_RUN] - NOT_RUN: callTestCase(findTestCase("Components/NavigateToHomepageHeaders"), ["headerText":"My Tasks"], STOP_ON_FAILURE)

2020-06-05 21:04:29 - [TEST_STEP][NOT_RUN] - callTestCase(findTestCase("Components/Filter"), ["taskDescription":"Process Case (SM)"], STOP_ON_FAILURE): NOT_RUN: callTestCase(findTestCase("Components/Filter"), ["taskDescription":"Process Case (SM)"], STOP_ON_FAILURE)

2020-06-05 21:04:29 - [MESSAGE][NOT_RUN] - NOT_RUN: callTestCase(findTestCase("Components/Filter"), ["taskDescription":"Process Case (SM)"], STOP_ON_FAILURE)

2020-06-05 21:04:29 - [TEST_STEP][NOT_RUN] - callTestCase(findTestCase("Components/ClickLinkDependingOnTextAndIndex"), ["linkName":"Process Case (SM)", "index":"10"], STOP_ON_FAILURE): NOT_RUN: callTestCase(findTestCase("Components/ClickLinkDependingOnTextAndIndex"), ["linkName":"Process Case (SM)", "index":"10"], STOP_ON_FAILURE)

2020-06-05 21:04:29 - [MESSAGE][NOT_RUN] - NOT_RUN: callTestCase(findTestCase("Components/ClickLinkDependingOnTextAndIndex"), ["linkName":"Process Case (SM)", "index":"10"], STOP_ON_FAILURE)

2020-06-05 21:04:29 - [TEST_STEP][PASSED] - callTestCase(findTestCase("Components/NavigateToAnyLHS"), ["LHS":"Convert to Audit Inspection"], STOP_ON_FAILURE): Call Test Case 'Test Cases/Components/NavigateToAnyLHS' successfully

2020-06-05 21:04:29 - [TEST_CASE][PASSED] - Test Cases/Components/NavigateToAnyLHS: Test Cases/Components/NavigateToAnyLHS

2020-06-05 21:04:29 - [TEST_STEP][PASSED] - Thread.sleep(1000): null

2020-06-05 21:04:30 - [TEST_STEP][PASSED] - modifiedLHS = modifyObjectProperty(findTestObject("Objects.NavigateToAnyLHS/Page_ISPS2/LHSToModify"), "text", "equals", LHS, true): Modify property of object successfully

2020-06-05 21:04:30 - [MESSAGE][PASSED] - Modify property of object successfully

2020-06-05 21:04:30 - [TEST_STEP][PASSED] - click(modifiedLHS): Object: 'Object Repository/Objects.NavigateToAnyLHS/Page_ISPS2/LHSToModify' is clicked on

2020-06-05 21:04:30 - [MESSAGE][PASSED] - Object: 'Object Repository/Objects.NavigateToAnyLHS/Page_ISPS2/LHSToModify' is clicked on

2020-06-05 21:04:30 - [TEST_STEP][PASSED] - currentLHS = getText(modifiedLHS): Text of object 'Object Repository/Objects.NavigateToAnyLHS/Page_ISPS2/LHSToModify' is: 'Convert to Audit Inspection'

2020-06-05 21:04:30 - [MESSAGE][PASSED] - Text of object 'Object Repository/Objects.NavigateToAnyLHS/Page_ISPS2/LHSToModify' is: 'Convert to Audit Inspection'

2020-06-05 21:04:30 - [TEST_STEP][PASSED] - Thread.sleep(5000): null

2020-06-05 21:04:35 - [MESSAGE][PASSED] - Call Test Case 'Test Cases/Components/NavigateToAnyLHS' successfully

2020-06-05 21:04:35 - [TEST_STEP][PASSED] - callTestCase(findTestCase("Components/VerifyPageSuccessfullyLoadedII"), ["PageNm":"Convert to Audit Inspection"], STOP_ON_FAILURE): Call Test Case 'Test Cases/Components/VerifyPageSuccessfullyLoadedII' successfully

2020-06-05 21:04:35 - [TEST_CASE][PASSED] - Test Cases/Components/VerifyPageSuccessfullyLoadedII: Test Cases/Components/VerifyPageSuccessfullyLoadedII

2020-06-05 21:04:35 - [TEST_STEP][PASSED] - waitForPageLoad(5): Wait for page load successfully

2020-06-05 21:04:35 - [MESSAGE][PASSED] - Wait for page load successfully

2020-06-05 21:04:35 - [TEST_STEP][PASSED] - modifiedInputFld = modifyObjectProperty(findTestObject("Object Repository/Objects.VerifyPageSuccessfullyLoaded/PageHeaderIndex"), "xpath", "equals", "//*[contains(@class,'isps-page-title') and (text()='" + PageNm + "')]", true): Modify property of object successfully

2020-06-05 21:04:35 - [MESSAGE][PASSED] - Modify property of object successfully

2020-06-05 21:04:35 - [TEST_STEP][PASSED] - com.reusableComponents.HighlightElement.run(modifiedInputFld): com.reusableComponents.HighlightElement.run is PASSED

2020-06-05 21:04:35 - [MESSAGE][PASSED] - com.reusableComponents.HighlightElement.run is PASSED

2020-06-05 21:04:35 - [MESSAGE][PASSED] - Call Test Case 'Test Cases/Components/VerifyPageSuccessfullyLoadedII' successfully

2020-06-05 21:04:35 - [TEST_STEP][PASSED] - callTestCase(findTestCase("Components/HighlightLabelFieldXPI"), ["LblName":"Assign Case(s) To", "index":"1"], STOP_ON_FAILURE): Call Test Case 'Test Cases/Components/HighlightLabelFieldXPI' successfully

2020-06-05 21:04:35 - [TEST_CASE][PASSED] - Test Cases/Components/HighlightLabelFieldXPI: Test Cases/Components/HighlightLabelFieldXPI

2020-06-05 21:04:35 - [TEST_STEP][PASSED] - Thread.sleep(1000): null

2020-06-05 21:04:36 - [TEST_STEP][PASSED] - modifiedLblNm = modifyObjectProperty(findTestObject("Object Repository/Objects.HighlightElements/lblField_index"), "xpath", "equals", "(//*[contains(@class, 'x-form-item-label-inner x-form-item-label-inner-default') and contains(., '" + LblName + "')])[" + index + "]", true): Modify property of object successfully

2020-06-05 21:04:36 - [MESSAGE][PASSED] - Modify property of object successfully

2020-06-05 21:04:36 - [TEST_STEP][PASSED] - com.reusableComponents.HighlightElement.run(modifiedLblNm): com.reusableComponents.HighlightElement.run is PASSED

2020-06-05 21:04:37 - [MESSAGE][PASSED] - com.reusableComponents.HighlightElement.run is PASSED

2020-06-05 21:04:37 - [MESSAGE][PASSED] - Call Test Case 'Test Cases/Components/HighlightLabelFieldXPI' successfully

2020-06-05 21:04:37 - [TEST_STEP][PASSED] - callTestCase(findTestCase("Components/HighlightInputFieldXPI"), ["FldNm":"NovaOfficerComboBox", "index":1], STOP_ON_FAILURE): Call Test Case 'Test Cases/Components/HighlightInputFieldXPI' successfully

2020-06-05 21:04:37 - [TEST_CASE][PASSED] - Test Cases/Components/HighlightInputFieldXPI: Test Cases/Components/HighlightInputFieldXPI

2020-06-05 21:04:37 - [TEST_STEP][PASSED] - Thread.sleep(1000): null

2020-06-05 21:04:38 - [TEST_STEP][PASSED] - modifiedInputNm = modifyObjectProperty(findTestObject("Object Repository/Objects.HighlightElements/input_field_index"), "xpath", "equals", "(//*[contains(@name, '" + FldNm + "')])[" + index + "]", true): Modify property of object successfully

2020-06-05 21:04:38 - [MESSAGE][PASSED] - Modify property of object successfully

2020-06-05 21:04:38 - [TEST_STEP][PASSED] - com.reusableComponents.HighlightElement.run(modifiedInputNm): com.reusableComponents.HighlightElement.run is PASSED

2020-06-05 21:04:38 - [MESSAGE][PASSED] - com.reusableComponents.HighlightElement.run is PASSED

2020-06-05 21:04:38 - [MESSAGE][PASSED] - Call Test Case 'Test Cases/Components/HighlightInputFieldXPI' successfully

2020-06-05 21:04:38 - [TEST_STEP][PASSED] - callTestCase(findTestCase("PFI Precision and Scale/PFI Components with Indexing/VerifyDropdownValuesXPI"), ["FldNm":"NovaOfficerComboBox", "index":1, "CallTCName":"PFI Precision and Scale/HashMap Tables/OfficerLists", "cmbNm":"", ... ], STOP_ON_FAILURE): Call Test Case 'Test Cases/PFI Precision and Scale/PFI Components with Indexing/VerifyDropdownValuesXPI' successfully

2020-06-05 21:04:38 - [TEST_CASE][PASSED] - Test Cases/PFI Precision and Scale/PFI Components with Indexing/VerifyDropdownValuesXPI: Test Cases/PFI Precision and Scale/PFI Components with Indexing/VerifyDropdownValuesXPI

2020-06-05 21:04:38 - [TEST_STEP][PASSED] - Thread.sleep(1000): null

2020-06-05 21:04:39 - [TEST_STEP][PASSED] - NewInputNmField = modifyObjectProperty(findTestObject("Object Repository/Objects.HighlightElements/input_field_index"), "xpath", "equals", "(//*[contains(@name, '" + FldNm + "')])[" + index + "]", true): Modify property of object successfully

2020-06-05 21:04:39 - [MESSAGE][PASSED] - Modify property of object successfully

2020-06-05 21:04:39 - [TEST_STEP][PASSED] - comboNm = cmbNm: null

2020-06-05 21:04:39 - [TEST_STEP][PASSED] - focus(NewInputNmField): Object: 'Object Repository/Objects.HighlightElements/input_field_index' is focused

2020-06-05 21:04:40 - [MESSAGE][PASSED] - Object: 'Object Repository/Objects.HighlightElements/input_field_index' is focused

2020-06-05 21:04:40 - [TEST_STEP][PASSED] - setText(NewInputNmField, EnterValue): Text 'none' is set on object 'Object Repository/Objects.HighlightElements/input_field_index'

2020-06-05 21:04:40 - [MESSAGE][PASSED] - Text 'none' is set on object 'Object Repository/Objects.HighlightElements/input_field_index'

2020-06-05 21:04:40 - [TEST_STEP][PASSED] - for ([i = 1, i <= NoOfVal, (i++)]): Keys 'DOWN + ' sent to object: 'Object Repository/Objects.HighlightElements/input_field_index'

2020-06-05 21:04:40 - [TEST_STEP][PASSED] - sendKeys(NewInputNmField, Keys.chord(ARROW_DOWN)): Keys 'DOWN + ' sent to object: 'Object Repository/Objects.HighlightElements/input_field_index'

2020-06-05 21:04:40 - [MESSAGE][PASSED] - Keys 'DOWN + ' sent to object: 'Object Repository/Objects.HighlightElements/input_field_index'

2020-06-05 21:04:40 - [TEST_STEP][PASSED] - delay(DelayTime): Delayed 2 second(s)

2020-06-05 21:04:42 - [MESSAGE][PASSED] - Delayed 2 second(s)

2020-06-05 21:04:42 - [TEST_STEP][PASSED] - sendKeys(NewInputNmField, Keys.chord(ENTER)): Keys 'ENTER + ' sent to object: 'Object Repository/Objects.HighlightElements/input_field_index'

2020-06-05 21:04:42 - [MESSAGE][PASSED] - Keys 'ENTER + ' sent to object: 'Object Repository/Objects.HighlightElements/input_field_index'

2020-06-05 21:04:42 - [TEST_STEP][PASSED] - ComboBoxValue = getAttribute(NewInputNmField, "value"): Attribute 'value' of object 'Object Repository/Objects.HighlightElements/input_field_index' is: 'none'

2020-06-05 21:04:42 - [MESSAGE][PASSED] - Attribute 'value' of object 'Object Repository/Objects.HighlightElements/input_field_index' is: 'none'

2020-06-05 21:04:42 - [TEST_STEP][PASSED] - callTestCase(findTestCase(CallTCName), ["FindValue":ComboBoxValue, "DropdownNm":comboNm], STOP_ON_FAILURE): Call Test Case 'Test Cases/PFI Precision and Scale/HashMap Tables/OfficerLists' successfully

2020-06-05 21:04:42 - [TEST_CASE][PASSED] - Test Cases/PFI Precision and Scale/HashMap Tables/OfficerLists: Test Cases/PFI Precision and Scale/HashMap Tables/OfficerLists

2020-06-05 21:04:42 - [TEST_STEP][PASSED] - Thread.sleep(1000): null

2020-06-05 21:04:43 - [TEST_STEP][PASSED] - OfficerLists = [1:"Aaron Sham Wai Lun (AARON)", 2:"Azidah Bte Akmad (Mdm) (USAABD)", 3:"Chung Fong Nyen (USACFN)", 4:"David Tey Dah Wei (DAHWEI)", ... ]: null

2020-06-05 21:04:43 - [TEST_STEP][PASSED] - ValueFound = OfficerLists.find({ -> ... }): null

2020-06-05 21:04:43 - [MESSAGE][PASSED] - Call Test Case 'Test Cases/PFI Precision and Scale/HashMap Tables/OfficerLists' successfully

2020-06-05 21:04:43 - [TEST_STEP][PASSED] - println(ValueFound): null

2020-06-05 21:04:43 - [TEST_STEP][PASSED] - sendKeys(NewInputNmField, Keys.chord(ARROW_DOWN)): Keys 'DOWN + ' sent to object: 'Object Repository/Objects.HighlightElements/input_field_index'

2020-06-05 21:04:43 - [MESSAGE][PASSED] - Keys 'DOWN + ' sent to object: 'Object Repository/Objects.HighlightElements/input_field_index'

2020-06-05 21:04:43 - [TEST_STEP][PASSED] - sendKeys(NewInputNmField, Keys.chord(ENTER)): Keys 'ENTER + ' sent to object: 'Object Repository/Objects.HighlightElements/input_field_index'

2020-06-05 21:04:43 - [MESSAGE][PASSED] - Keys 'ENTER + ' sent to object: 'Object Repository/Objects.HighlightElements/input_field_index'

2020-06-05 21:04:43 - [MESSAGE][PASSED] - Call Test Case 'Test Cases/PFI Precision and Scale/PFI Components with Indexing/VerifyDropdownValuesXPI' successfully

2020-06-05 21:04:43 - [TEST_STEP][PASSED] - callTestCase(findTestCase("Components/SelectAllThenDeleteXPI"), ["nameToBeUsed":"NovaOfficerComboBox", "index":"1"], STOP_ON_FAILURE): Call Test Case 'Test Cases/Components/SelectAllThenDeleteXPI' successfully

2020-06-05 21:04:43 - [TEST_CASE][PASSED] - Test Cases/Components/SelectAllThenDeleteXPI: Test Cases/Components/SelectAllThenDeleteXPI

2020-06-05 21:04:43 - [TEST_STEP][PASSED] - Thread.sleep(1000): null

2020-06-05 21:04:44 - [TEST_STEP][PASSED] - modifiedObj = modifyObjectProperty(findTestObject("Object Repository/Objects.HighlightElements/input_field_index"), "xpath", "equals", "(//*[contains(@name,'" + nameToBeUsed + "')])[" + index + "]", true): Modify property of object successfully

2020-06-05 21:04:44 - [MESSAGE][PASSED] - Modify property of object successfully

2020-06-05 21:04:44 - [TEST_STEP][PASSED] - focus(modifiedObj): Object: 'Object Repository/Objects.HighlightElements/input_field_index' is focused

2020-06-05 21:04:44 - [MESSAGE][PASSED] - Object: 'Object Repository/Objects.HighlightElements/input_field_index' is focused

2020-06-05 21:04:44 - [TEST_STEP][PASSED] - sendKeys(modifiedObj, Keys.chord(CONTROL, "a")): Keys 'CONTROL + a' sent to object: 'Object Repository/Objects.HighlightElements/input_field_index'

2020-06-05 21:04:44 - [MESSAGE][PASSED] - Keys 'CONTROL + a' sent to object: 'Object Repository/Objects.HighlightElements/input_field_index'

2020-06-05 21:04:44 - [TEST_STEP][PASSED] - sendKeys(modifiedObj, Keys.chord(DELETE)): Keys 'DELETE + ' sent to object: 'Object Repository/Objects.HighlightElements/input_field_index'

2020-06-05 21:04:44 - [MESSAGE][PASSED] - Keys 'DELETE + ' sent to object: 'Object Repository/Objects.HighlightElements/input_field_index'

2020-06-05 21:04:44 - [MESSAGE][PASSED] - Call Test Case 'Test Cases/Components/SelectAllThenDeleteXPI' successfully

2020-06-05 21:04:44 - [TEST_STEP][PASSED] - callTestCase(findTestCase("PFI Precision and Scale/PFI Components with Indexing/VerifyDropdownValuesXPI"), ["FldNm":"NovaOfficerComboBox", "index":1, "CallTCName":"PFI Precision and Scale/HashMap Tables/OfficerLists", "cmbNm":"", ... ], STOP_ON_FAILURE): Call Test Case 'Test Cases/PFI Precision and Scale/PFI Components with Indexing/VerifyDropdownValuesXPI' successfully

2020-06-05 21:04:44 - [TEST_CASE][PASSED] - Test Cases/PFI Precision and Scale/PFI Components with Indexing/VerifyDropdownValuesXPI: Test Cases/PFI Precision and Scale/PFI Components with Indexing/VerifyDropdownValuesXPI

2020-06-05 21:04:44 - [TEST_STEP][PASSED] - Thread.sleep(1000): null

2020-06-05 21:04:45 - [TEST_STEP][PASSED] - NewInputNmField = modifyObjectProperty(findTestObject("Object Repository/Objects.HighlightElements/input_field_index"), "xpath", "equals", "(//*[contains(@name, '" + FldNm + "')])[" + index + "]", true): Modify property of object successfully

2020-06-05 21:04:46 - [MESSAGE][PASSED] - Modify property of object successfully

2020-06-05 21:04:46 - [TEST_STEP][PASSED] - comboNm = cmbNm: null

2020-06-05 21:04:46 - [TEST_STEP][PASSED] - focus(NewInputNmField): Object: 'Object Repository/Objects.HighlightElements/input_field_index' is focused

2020-06-05 21:04:46 - [MESSAGE][PASSED] - Object: 'Object Repository/Objects.HighlightElements/input_field_index' is focused

2020-06-05 21:04:46 - [TEST_STEP][PASSED] - setText(NewInputNmField, EnterValue): Text 'BENGKWEE' is set on object 'Object Repository/Objects.HighlightElements/input_field_index'

2020-06-05 21:04:46 - [MESSAGE][PASSED] - Text 'BENGKWEE' is set on object 'Object Repository/Objects.HighlightElements/input_field_index'

2020-06-05 21:04:46 - [TEST_STEP][PASSED] - for ([i = 1, i <= NoOfVal, (i++)]): Keys 'DOWN + ' sent to object: 'Object Repository/Objects.HighlightElements/input_field_index'

2020-06-05 21:04:46 - [TEST_STEP][PASSED] - sendKeys(NewInputNmField, Keys.chord(ARROW_DOWN)): Keys 'DOWN + ' sent to object: 'Object Repository/Objects.HighlightElements/input_field_index'

2020-06-05 21:04:46 - [MESSAGE][PASSED] - Keys 'DOWN + ' sent to object: 'Object Repository/Objects.HighlightElements/input_field_index'

2020-06-05 21:04:46 - [TEST_STEP][PASSED] - delay(DelayTime): Delayed 2 second(s)

2020-06-05 21:04:48 - [MESSAGE][PASSED] - Delayed 2 second(s)

2020-06-05 21:04:48 - [TEST_STEP][PASSED] - sendKeys(NewInputNmField, Keys.chord(ENTER)): Keys 'ENTER + ' sent to object: 'Object Repository/Objects.HighlightElements/input_field_index'

2020-06-05 21:04:48 - [MESSAGE][PASSED] - Keys 'ENTER + ' sent to object: 'Object Repository/Objects.HighlightElements/input_field_index'

2020-06-05 21:04:48 - [TEST_STEP][PASSED] - ComboBoxValue = getAttribute(NewInputNmField, "value"): Attribute 'value' of object 'Object Repository/Objects.HighlightElements/input_field_index' is: 'Lim Beng Kwee (BENGKWEE)'

2020-06-05 21:04:48 - [MESSAGE][PASSED] - Attribute 'value' of object 'Object Repository/Objects.HighlightElements/input_field_index' is: 'Lim Beng Kwee (BENGKWEE)'

2020-06-05 21:04:48 - [TEST_STEP][PASSED] - callTestCase(findTestCase(CallTCName), ["FindValue":ComboBoxValue, "DropdownNm":comboNm], STOP_ON_FAILURE): Call Test Case 'Test Cases/PFI Precision and Scale/HashMap Tables/OfficerLists' successfully

2020-06-05 21:04:48 - [TEST_CASE][PASSED] - Test Cases/PFI Precision and Scale/HashMap Tables/OfficerLists: Test Cases/PFI Precision and Scale/HashMap Tables/OfficerLists

2020-06-05 21:04:48 - [TEST_STEP][PASSED] - Thread.sleep(1000): null

2020-06-05 21:04:49 - [TEST_STEP][PASSED] - OfficerLists = [1:"Aaron Sham Wai Lun (AARON)", 2:"Azidah Bte Akmad (Mdm) (USAABD)", 3:"Chung Fong Nyen (USACFN)", 4:"David Tey Dah Wei (DAHWEI)", ... ]: null

2020-06-05 21:04:49 - [TEST_STEP][PASSED] - ValueFound = OfficerLists.find({ -> ... }): null

2020-06-05 21:04:49 - [MESSAGE][PASSED] - Call Test Case 'Test Cases/PFI Precision and Scale/HashMap Tables/OfficerLists' successfully

2020-06-05 21:04:49 - [TEST_STEP][PASSED] - println(ValueFound): null

2020-06-05 21:04:49 - [TEST_STEP][PASSED] - sendKeys(NewInputNmField, Keys.chord(ARROW_DOWN)): Keys 'DOWN + ' sent to object: 'Object Repository/Objects.HighlightElements/input_field_index'

2020-06-05 21:04:49 - [MESSAGE][PASSED] - Keys 'DOWN + ' sent to object: 'Object Repository/Objects.HighlightElements/input_field_index'

2020-06-05 21:04:49 - [TEST_STEP][PASSED] - sendKeys(NewInputNmField, Keys.chord(ENTER)): Keys 'ENTER + ' sent to object: 'Object Repository/Objects.HighlightElements/input_field_index'

2020-06-05 21:04:49 - [MESSAGE][PASSED] - Keys 'ENTER + ' sent to object: 'Object Repository/Objects.HighlightElements/input_field_index'

2020-06-05 21:04:49 - [MESSAGE][PASSED] - Call Test Case 'Test Cases/PFI Precision and Scale/PFI Components with Indexing/VerifyDropdownValuesXPI' successfully

2020-06-05 21:04:49 - [TEST_STEP][PASSED] - callTestCase(findTestCase("Components/SelectAllThenDeleteXPI"), ["nameToBeUsed":"NovaOfficerComboBox", "index":"1"], STOP_ON_FAILURE): Call Test Case 'Test Cases/Components/SelectAllThenDeleteXPI' successfully

2020-06-05 21:04:49 - [TEST_CASE][PASSED] - Test Cases/Components/SelectAllThenDeleteXPI: Test Cases/Components/SelectAllThenDeleteXPI

2020-06-05 21:04:49 - [TEST_STEP][PASSED] - Thread.sleep(1000): null

2020-06-05 21:04:50 - [TEST_STEP][PASSED] - modifiedObj = modifyObjectProperty(findTestObject("Object Repository/Objects.HighlightElements/input_field_index"), "xpath", "equals", "(//*[contains(@name,'" + nameToBeUsed + "')])[" + index + "]", true): Modify property of object successfully

2020-06-05 21:04:50 - [MESSAGE][PASSED] - Modify property of object successfully

2020-06-05 21:04:50 - [TEST_STEP][PASSED] - focus(modifiedObj): Object: 'Object Repository/Objects.HighlightElements/input_field_index' is focused

2020-06-05 21:04:50 - [MESSAGE][PASSED] - Object: 'Object Repository/Objects.HighlightElements/input_field_index' is focused

2020-06-05 21:04:50 - [TEST_STEP][PASSED] - sendKeys(modifiedObj, Keys.chord(CONTROL, "a")): Keys 'CONTROL + a' sent to object: 'Object Repository/Objects.HighlightElements/input_field_index'

2020-06-05 21:04:50 - [MESSAGE][PASSED] - Keys 'CONTROL + a' sent to object: 'Object Repository/Objects.HighlightElements/input_field_index'

2020-06-05 21:04:50 - [TEST_STEP][PASSED] - sendKeys(modifiedObj, Keys.chord(DELETE)): Keys 'DELETE + ' sent to object: 'Object Repository/Objects.HighlightElements/input_field_index'

2020-06-05 21:04:50 - [MESSAGE][PASSED] - Keys 'DELETE + ' sent to object: 'Object Repository/Objects.HighlightElements/input_field_index'

2020-06-05 21:04:50 - [MESSAGE][PASSED] - Call Test Case 'Test Cases/Components/SelectAllThenDeleteXPI' successfully

2020-06-05 21:04:50 - [TEST_STEP][PASSED] - callTestCase(findTestCase("PFI Precision and Scale/PFI Components with Indexing/VerifyDropdownValuesXPI"), ["FldNm":"NovaOfficerComboBox", "index":1, "CallTCName":"PFI Precision and Scale/HashMap Tables/OfficerLists", "cmbNm":"", ... ], STOP_ON_FAILURE): Call Test Case 'Test Cases/PFI Precision and Scale/PFI Components with Indexing/VerifyDropdownValuesXPI' successfully

2020-06-05 21:04:50 - [TEST_CASE][PASSED] - Test Cases/PFI Precision and Scale/PFI Components with Indexing/VerifyDropdownValuesXPI: Test Cases/PFI Precision and Scale/PFI Components with Indexing/VerifyDropdownValuesXPI

2020-06-05 21:04:50 - [TEST_STEP][PASSED] - Thread.sleep(1000): null

2020-06-05 21:04:51 - [TEST_STEP][PASSED] - NewInputNmField = modifyObjectProperty(findTestObject("Object Repository/Objects.HighlightElements/input_field_index"), "xpath", "equals", "(//*[contains(@name, '" + FldNm + "')])[" + index + "]", true): Modify property of object successfully

2020-06-05 21:04:51 - [MESSAGE][PASSED] - Modify property of object successfully

2020-06-05 21:04:51 - [TEST_STEP][PASSED] - comboNm = cmbNm: null

2020-06-05 21:04:51 - [TEST_STEP][PASSED] - focus(NewInputNmField): Object: 'Object Repository/Objects.HighlightElements/input_field_index' is focused

2020-06-05 21:04:51 - [MESSAGE][PASSED] - Object: 'Object Repository/Objects.HighlightElements/input_field_index' is focused

2020-06-05 21:04:51 - [TEST_STEP][PASSED] - setText(NewInputNmField, EnterValue): Text 'Aaron Sham Wai Lun' is set on object 'Object Repository/Objects.HighlightElements/input_field_index'

2020-06-05 21:04:52 - [MESSAGE][PASSED] - Text 'Aaron Sham Wai Lun' is set on object 'Object Repository/Objects.HighlightElements/input_field_index'

2020-06-05 21:04:52 - [TEST_STEP][PASSED] - for ([i = 1, i <= NoOfVal, (i++)]): Keys 'DOWN + ' sent to object: 'Object Repository/Objects.HighlightElements/input_field_index'

2020-06-05 21:04:52 - [TEST_STEP][PASSED] - sendKeys(NewInputNmField, Keys.chord(ARROW_DOWN)): Keys 'DOWN + ' sent to object: 'Object Repository/Objects.HighlightElements/input_field_index'

2020-06-05 21:04:52 - [MESSAGE][PASSED] - Keys 'DOWN + ' sent to object: 'Object Repository/Objects.HighlightElements/input_field_index'

2020-06-05 21:04:52 - [TEST_STEP][PASSED] - delay(DelayTime): Delayed 2 second(s)

2020-06-05 21:04:54 - [MESSAGE][PASSED] - Delayed 2 second(s)

2020-06-05 21:04:54 - [TEST_STEP][PASSED] - sendKeys(NewInputNmField, Keys.chord(ENTER)): Keys 'ENTER + ' sent to object: 'Object Repository/Objects.HighlightElements/input_field_index'

2020-06-05 21:04:54 - [MESSAGE][PASSED] - Keys 'ENTER + ' sent to object: 'Object Repository/Objects.HighlightElements/input_field_index'

2020-06-05 21:04:54 - [TEST_STEP][PASSED] - ComboBoxValue = getAttribute(NewInputNmField, "value"): Attribute 'value' of object 'Object Repository/Objects.HighlightElements/input_field_index' is: 'Aaron Sham Wai Lun (AARON)'

2020-06-05 21:04:54 - [MESSAGE][PASSED] - Attribute 'value' of object 'Object Repository/Objects.HighlightElements/input_field_index' is: 'Aaron Sham Wai Lun (AARON)'

2020-06-05 21:04:54 - [TEST_STEP][PASSED] - callTestCase(findTestCase(CallTCName), ["FindValue":ComboBoxValue, "DropdownNm":comboNm], STOP_ON_FAILURE): Call Test Case 'Test Cases/PFI Precision and Scale/HashMap Tables/OfficerLists' successfully

2020-06-05 21:04:54 - [TEST_CASE][PASSED] - Test Cases/PFI Precision and Scale/HashMap Tables/OfficerLists: Test Cases/PFI Precision and Scale/HashMap Tables/OfficerLists

2020-06-05 21:04:54 - [TEST_STEP][PASSED] - Thread.sleep(1000): null

2020-06-05 21:04:55 - [TEST_STEP][PASSED] - OfficerLists = [1:"Aaron Sham Wai Lun (AARON)", 2:"Azidah Bte Akmad (Mdm) (USAABD)", 3:"Chung Fong Nyen (USACFN)", 4:"David Tey Dah Wei (DAHWEI)", ... ]: null

2020-06-05 21:04:55 - [TEST_STEP][PASSED] - ValueFound = OfficerLists.find({ -> ... }): null

2020-06-05 21:04:55 - [MESSAGE][PASSED] - Call Test Case 'Test Cases/PFI Precision and Scale/HashMap Tables/OfficerLists' successfully

2020-06-05 21:04:55 - [TEST_STEP][PASSED] - println(ValueFound): null

2020-06-05 21:04:55 - [TEST_STEP][PASSED] - sendKeys(NewInputNmField, Keys.chord(ARROW_DOWN)): Keys 'DOWN + ' sent to object: 'Object Repository/Objects.HighlightElements/input_field_index'

2020-06-05 21:04:55 - [MESSAGE][PASSED] - Keys 'DOWN + ' sent to object: 'Object Repository/Objects.HighlightElements/input_field_index'

2020-06-05 21:04:55 - [TEST_STEP][PASSED] - sendKeys(NewInputNmField, Keys.chord(ENTER)): Keys 'ENTER + ' sent to object: 'Object Repository/Objects.HighlightElements/input_field_index'

2020-06-05 21:04:55 - [MESSAGE][PASSED] - Keys 'ENTER + ' sent to object: 'Object Repository/Objects.HighlightElements/input_field_index'

2020-06-05 21:04:55 - [MESSAGE][PASSED] - Call Test Case 'Test Cases/PFI Precision and Scale/PFI Components with Indexing/VerifyDropdownValuesXPI' successfully

2020-06-05 21:04:55 - [TEST_STEP][PASSED] - callTestCase(findTestCase("Components/SelectAllThenDeleteXPI"), ["nameToBeUsed":"NovaOfficerComboBox", "index":"1"], STOP_ON_FAILURE): Call Test Case 'Test Cases/Components/SelectAllThenDeleteXPI' successfully

2020-06-05 21:04:55 - [TEST_CASE][PASSED] - Test Cases/Components/SelectAllThenDeleteXPI: Test Cases/Components/SelectAllThenDeleteXPI

2020-06-05 21:04:55 - [TEST_STEP][PASSED] - Thread.sleep(1000): null

2020-06-05 21:04:56 - [TEST_STEP][PASSED] - modifiedObj = modifyObjectProperty(findTestObject("Object Repository/Objects.HighlightElements/input_field_index"), "xpath", "equals", "(//*[contains(@name,'" + nameToBeUsed + "')])[" + index + "]", true): Modify property of object successfully

2020-06-05 21:04:56 - [MESSAGE][PASSED] - Modify property of object successfully

2020-06-05 21:04:56 - [TEST_STEP][PASSED] - focus(modifiedObj): Object: 'Object Repository/Objects.HighlightElements/input_field_index' is focused

2020-06-05 21:04:56 - [MESSAGE][PASSED] - Object: 'Object Repository/Objects.HighlightElements/input_field_index' is focused

2020-06-05 21:04:56 - [TEST_STEP][PASSED] - sendKeys(modifiedObj, Keys.chord(CONTROL, "a")): Keys 'CONTROL + a' sent to object: 'Object Repository/Objects.HighlightElements/input_field_index'

2020-06-05 21:04:56 - [MESSAGE][PASSED] - Keys 'CONTROL + a' sent to object: 'Object Repository/Objects.HighlightElements/input_field_index'

2020-06-05 21:04:56 - [TEST_STEP][PASSED] - sendKeys(modifiedObj, Keys.chord(DELETE)): Keys 'DELETE + ' sent to object: 'Object Repository/Objects.HighlightElements/input_field_index'

2020-06-05 21:04:56 - [MESSAGE][PASSED] - Keys 'DELETE + ' sent to object: 'Object Repository/Objects.HighlightElements/input_field_index'

2020-06-05 21:04:56 - [MESSAGE][PASSED] - Call Test Case 'Test Cases/Components/SelectAllThenDeleteXPI' successfully

2020-06-05 21:04:56 - [TEST_STEP][PASSED] - callTestCase(findTestCase("PFI Precision and Scale/PFI Components with Indexing/RequiredFieldValidationXPI"), ["nameToBeUsed":"NovaOfficerComboBox", "index":1], STOP_ON_FAILURE): Call Test Case 'Test Cases/PFI Precision and Scale/PFI Components with Indexing/RequiredFieldValidationXPI' successfully

2020-06-05 21:04:56 - [TEST_CASE][PASSED] - Test Cases/PFI Precision and Scale/PFI Components with Indexing/RequiredFieldValidationXPI: Test Cases/PFI Precision and Scale/PFI Components with Indexing/RequiredFieldValidationXPI

2020-06-05 21:04:57 - [TEST_STEP][PASSED] - enableSmartWait(): null

2020-06-05 21:04:57 - [TEST_STEP][PASSED] - NewInputNmField = modifyObjectProperty(findTestObject("Objects.HighlightElements/input_field_index"), "xpath", "equals", "(//*[contains(@name,'" + nameToBeUsed + "')])[" + index + "]", true): Modify property of object successfully

2020-06-05 21:04:57 - [MESSAGE][PASSED] - Modify property of object successfully

2020-06-05 21:04:57 - [TEST_STEP][PASSED] - mouseOver(NewInputNmField): Object: 'Object Repository/Objects.HighlightElements/input_field_index' is hovered

2020-06-05 21:04:57 - [MESSAGE][PASSED] - Object: 'Object Repository/Objects.HighlightElements/input_field_index' is hovered

2020-06-05 21:04:57 - [TEST_STEP][PASSED] - getRqErrMsg = getAttribute(NewInputNmField, "data-errorqtip"): Attribute 'data-errorqtip' of object 'Object Repository/Objects.HighlightElements/input_field_index' is: '<ul class="x-list-plain"><li>This field is required</li></ul>'

2020-06-05 21:04:57 - [MESSAGE][PASSED] - Attribute 'data-errorqtip' of object 'Object Repository/Objects.HighlightElements/input_field_index' is: '<ul class="x-list-plain"><li>This field is required</li></ul>'

2020-06-05 21:04:57 - [TEST_STEP][PASSED] - strToolTip = getRqErrMsg.substring(29, 61): null

2020-06-05 21:04:57 - [TEST_STEP][PASSED] - toolTipReqErrMsg = strToolTip.substring(0, 22): null

2020-06-05 21:04:57 - [TEST_STEP][PASSED] - verifyMatch(toolTipReqErrMsg, RqField, true): Actual text 'This field is required' and expected text 'This field is required' are matched  using regular expression

2020-06-05 21:04:57 - [MESSAGE][PASSED] - Actual text 'This field is required' and expected text 'This field is required' are matched  using regular expression

2020-06-05 21:04:57 - [MESSAGE][PASSED] - Call Test Case 'Test Cases/PFI Precision and Scale/PFI Components with Indexing/RequiredFieldValidationXPI' successfully

2020-06-05 21:04:57 - [TEST_STEP][NOT_RUN] - callTestCase(findTestCase("Components/Logout"), ["LogoutPageTextToBeVerified":findTestData("ISPS2 Test Data").getValue("HomeBanner", 1)], STOP_ON_FAILURE): NOT_RUN: callTestCase(findTestCase("Components/Logout"), ["LogoutPageTextToBeVerified":findTestData("ISPS2 Test Data").getValue("HomeBanner", 1)], STOP_ON_FAILURE)

2020-06-05 21:04:57 - [MESSAGE][NOT_RUN] - NOT_RUN: callTestCase(findTestCase("Components/Logout"), ["LogoutPageTextToBeVerified":findTestData("ISPS2 Test Data").getValue("HomeBanner", 1)], STOP_ON_FAILURE)]]></system-out>
         <system-err><![CDATA[]]></system-err>
      </testcase>
      <testcase name="Test Cases/PFI Precision and Scale/PFI Test Cases/Process Case (PFI)/PFI.TriggerPEPresentationLHS" time="68.226" classname="Test Cases/PFI Precision and Scale/PFI Test Cases/Process Case (PFI)/PFI.TriggerPEPresentationLHS" status="PASSED">
         <system-out><![CDATA[2020-06-05 21:04:57 - [TEST_CASE][PASSED] - Test Cases/PFI Precision and Scale/PFI Test Cases/Process Case (PFI)/PFI.TriggerPEPresentationLHS: Test Cases/PFI Precision and Scale/PFI Test Cases/Process Case (PFI)/PFI.TriggerPEPresentationLHS

2020-06-05 21:04:57 - [TEST_STEP][NOT_RUN] - callTestCase(findTestCase("Components/LoginV2.0"), ["LinkToBeUsed":findTestData("Datatable").getValue("URL", 1), "LoginPageTextToBeVerified":findTestData("Datatable").getValue("HomeBanner", 1), ... ], STOP_ON_FAILURE): NOT_RUN: callTestCase(findTestCase("Components/LoginV2.0"), ["LinkToBeUsed":findTestData("Datatable").getValue("URL", 1), "LoginPageTextToBeVerified":findTestData("Datatable").getValue("HomeBanner", 1), ... ], STOP_ON_FAILURE)

2020-06-05 21:04:57 - [MESSAGE][NOT_RUN] - NOT_RUN: callTestCase(findTestCase("Components/LoginV2.0"), ["LinkToBeUsed":findTestData("Datatable").getValue("URL", 1), "LoginPageTextToBeVerified":findTestData("Datatable").getValue("HomeBanner", 1), ... ], STOP_ON_FAILURE)

2020-06-05 21:04:57 - [TEST_STEP][NOT_RUN] - callTestCase(findTestCase("Components/NavigateToHomepageHeaders"), ["headerText":"My Tasks"], STOP_ON_FAILURE): NOT_RUN: callTestCase(findTestCase("Components/NavigateToHomepageHeaders"), ["headerText":"My Tasks"], STOP_ON_FAILURE)

2020-06-05 21:04:57 - [MESSAGE][NOT_RUN] - NOT_RUN: callTestCase(findTestCase("Components/NavigateToHomepageHeaders"), ["headerText":"My Tasks"], STOP_ON_FAILURE)

2020-06-05 21:04:57 - [TEST_STEP][NOT_RUN] - callTestCase(findTestCase("Components/Filter"), ["taskDescription":"Process Case (SM)"], STOP_ON_FAILURE): NOT_RUN: callTestCase(findTestCase("Components/Filter"), ["taskDescription":"Process Case (SM)"], STOP_ON_FAILURE)

2020-06-05 21:04:57 - [MESSAGE][NOT_RUN] - NOT_RUN: callTestCase(findTestCase("Components/Filter"), ["taskDescription":"Process Case (SM)"], STOP_ON_FAILURE)

2020-06-05 21:04:57 - [TEST_STEP][NOT_RUN] - callTestCase(findTestCase("Components/Wait"), ["secondsToWait":5000], STOP_ON_FAILURE): NOT_RUN: callTestCase(findTestCase("Components/Wait"), ["secondsToWait":5000], STOP_ON_FAILURE)

2020-06-05 21:04:57 - [MESSAGE][NOT_RUN] - NOT_RUN: callTestCase(findTestCase("Components/Wait"), ["secondsToWait":5000], STOP_ON_FAILURE)

2020-06-05 21:04:57 - [TEST_STEP][NOT_RUN] - callTestCase(findTestCase("Components/ClickLinkDependingOnTextAndIndex"), ["linkName":"Process Case (SM)", "index":"6"], STOP_ON_FAILURE): NOT_RUN: callTestCase(findTestCase("Components/ClickLinkDependingOnTextAndIndex"), ["linkName":"Process Case (SM)", "index":"6"], STOP_ON_FAILURE)

2020-06-05 21:04:57 - [MESSAGE][NOT_RUN] - NOT_RUN: callTestCase(findTestCase("Components/ClickLinkDependingOnTextAndIndex"), ["linkName":"Process Case (SM)", "index":"6"], STOP_ON_FAILURE)

2020-06-05 21:04:57 - [TEST_STEP][NOT_RUN] - callTestCase(findTestCase("Components/Wait"), ["secondsToWait":5000], STOP_ON_FAILURE): NOT_RUN: callTestCase(findTestCase("Components/Wait"), ["secondsToWait":5000], STOP_ON_FAILURE)

2020-06-05 21:04:57 - [MESSAGE][NOT_RUN] - NOT_RUN: callTestCase(findTestCase("Components/Wait"), ["secondsToWait":5000], STOP_ON_FAILURE)

2020-06-05 21:04:57 - [TEST_STEP][PASSED] - callTestCase(findTestCase("Components/NavigateToAnyLHS"), ["LHS":"Trigger PE Presentation"], STOP_ON_FAILURE): Call Test Case 'Test Cases/Components/NavigateToAnyLHS' successfully

2020-06-05 21:04:57 - [TEST_CASE][PASSED] - Test Cases/Components/NavigateToAnyLHS: Test Cases/Components/NavigateToAnyLHS

2020-06-05 21:04:57 - [TEST_STEP][PASSED] - Thread.sleep(1000): null

2020-06-05 21:04:58 - [TEST_STEP][PASSED] - modifiedLHS = modifyObjectProperty(findTestObject("Objects.NavigateToAnyLHS/Page_ISPS2/LHSToModify"), "text", "equals", LHS, true): Modify property of object successfully

2020-06-05 21:04:58 - [MESSAGE][PASSED] - Modify property of object successfully

2020-06-05 21:04:58 - [TEST_STEP][PASSED] - click(modifiedLHS): Object: 'Object Repository/Objects.NavigateToAnyLHS/Page_ISPS2/LHSToModify' is clicked on

2020-06-05 21:04:58 - [MESSAGE][PASSED] - Object: 'Object Repository/Objects.NavigateToAnyLHS/Page_ISPS2/LHSToModify' is clicked on

2020-06-05 21:04:58 - [TEST_STEP][PASSED] - currentLHS = getText(modifiedLHS): Text of object 'Object Repository/Objects.NavigateToAnyLHS/Page_ISPS2/LHSToModify' is: 'Trigger PE Presentation'

2020-06-05 21:04:58 - [MESSAGE][PASSED] - Text of object 'Object Repository/Objects.NavigateToAnyLHS/Page_ISPS2/LHSToModify' is: 'Trigger PE Presentation'

2020-06-05 21:04:58 - [TEST_STEP][PASSED] - Thread.sleep(5000): null

2020-06-05 21:05:03 - [MESSAGE][PASSED] - Call Test Case 'Test Cases/Components/NavigateToAnyLHS' successfully

2020-06-05 21:05:03 - [TEST_STEP][PASSED] - callTestCase(findTestCase("Components/VerifyPageSuccessfullyLoaded"), ["HeaderName":"Trigger PE Presentation"], STOP_ON_FAILURE): Call Test Case 'Test Cases/Components/VerifyPageSuccessfullyLoaded' successfully

2020-06-05 21:05:03 - [TEST_CASE][PASSED] - Test Cases/Components/VerifyPageSuccessfullyLoaded: Test Cases/Components/VerifyPageSuccessfullyLoaded

2020-06-05 21:05:03 - [TEST_STEP][PASSED] - Thread.sleep(3000): null

2020-06-05 21:05:06 - [TEST_STEP][PASSED] - ModifiedHeaderName = modifyObjectProperty(findTestObject("Objects.VerifyPageSuccessfullyLoaded/PageHeader"), "text", "equals", HeaderName, true): Modify property of object successfully

2020-06-05 21:05:06 - [MESSAGE][PASSED] - Modify property of object successfully

2020-06-05 21:05:06 - [TEST_STEP][PASSED] - verifyElementPresent(ModifiedHeaderName, 30): Object 'Object Repository/Objects.VerifyPageSuccessfullyLoaded/PageHeader' is present

2020-06-05 21:05:06 - [MESSAGE][PASSED] - Object 'Object Repository/Objects.VerifyPageSuccessfullyLoaded/PageHeader' is present

2020-06-05 21:05:06 - [TEST_STEP][PASSED] - com.reusableComponents.HighlightElement.run(ModifiedHeaderName): com.reusableComponents.HighlightElement.run is PASSED

2020-06-05 21:05:07 - [MESSAGE][PASSED] - com.reusableComponents.HighlightElement.run is PASSED

2020-06-05 21:05:07 - [MESSAGE][PASSED] - Call Test Case 'Test Cases/Components/VerifyPageSuccessfullyLoaded' successfully

2020-06-05 21:05:07 - [TEST_STEP][PASSED] - callTestCase(findTestCase("Components/ClickCheckBoxColumnHeader"), ["NextColHeader":"Building Characteristic", "index":1], STOP_ON_FAILURE): Call Test Case 'Test Cases/Components/ClickCheckBoxColumnHeader' successfully

2020-06-05 21:05:07 - [TEST_CASE][PASSED] - Test Cases/Components/ClickCheckBoxColumnHeader: Test Cases/Components/ClickCheckBoxColumnHeader

2020-06-05 21:05:07 - [TEST_STEP][PASSED] - Thread.sleep(1000): null

2020-06-05 21:05:08 - [TEST_STEP][PASSED] - modifiedObject = modifyObjectProperty(findTestObject("Object Repository/Objects.ReusableObject/CheckboxHeader"), "xpath", "equals", "//*[contains(@class, 'x-column-header-text') and text()='" + NextColHeader + "']//preceding::div[" + index + "]", true): Modify property of object successfully

2020-06-05 21:05:08 - [MESSAGE][PASSED] - Modify property of object successfully

2020-06-05 21:05:08 - [TEST_STEP][PASSED] - com.reusableComponents.HighlightElement.run(modifiedObject): com.reusableComponents.HighlightElement.run is PASSED

2020-06-05 21:05:09 - [MESSAGE][PASSED] - com.reusableComponents.HighlightElement.run is PASSED

2020-06-05 21:05:09 - [TEST_STEP][PASSED] - check(modifiedObject): Object 'Object Repository/Objects.ReusableObject/CheckboxHeader' is checked

2020-06-05 21:05:09 - [MESSAGE][PASSED] - Object 'Object Repository/Objects.ReusableObject/CheckboxHeader' is checked

2020-06-05 21:05:09 - [MESSAGE][PASSED] - Call Test Case 'Test Cases/Components/ClickCheckBoxColumnHeader' successfully

2020-06-05 21:05:09 - [TEST_STEP][PASSED] - callTestCase(findTestCase("Components/HighlightInputFieldXPI"), ["FldNm":"submInd_0", "index":1], STOP_ON_FAILURE): Call Test Case 'Test Cases/Components/HighlightInputFieldXPI' successfully

2020-06-05 21:05:09 - [TEST_CASE][PASSED] - Test Cases/Components/HighlightInputFieldXPI: Test Cases/Components/HighlightInputFieldXPI

2020-06-05 21:05:09 - [TEST_STEP][PASSED] - Thread.sleep(1000): null

2020-06-05 21:05:10 - [TEST_STEP][PASSED] - modifiedInputNm = modifyObjectProperty(findTestObject("Object Repository/Objects.HighlightElements/input_field_index"), "xpath", "equals", "(//*[contains(@name, '" + FldNm + "')])[" + index + "]", true): Modify property of object successfully

2020-06-05 21:05:10 - [MESSAGE][PASSED] - Modify property of object successfully

2020-06-05 21:05:10 - [TEST_STEP][PASSED] - com.reusableComponents.HighlightElement.run(modifiedInputNm): com.reusableComponents.HighlightElement.run is PASSED

2020-06-05 21:05:10 - [MESSAGE][PASSED] - com.reusableComponents.HighlightElement.run is PASSED

2020-06-05 21:05:10 - [MESSAGE][PASSED] - Call Test Case 'Test Cases/Components/HighlightInputFieldXPI' successfully

2020-06-05 21:05:10 - [TEST_STEP][PASSED] - callTestCase(findTestCase("PFI Precision and Scale/HashMap Tables/ConstantHashMap"), ["FldNm":"submInd_0", "index":1, "CallTCName":"PFI Precision and Scale/PFI Components/ConstantHashMap", "cmbNm":"PresINd", ... ], STOP_ON_FAILURE): Call Test Case 'Test Cases/PFI Precision and Scale/HashMap Tables/ConstantHashMap' successfully

2020-06-05 21:05:10 - [TEST_CASE][PASSED] - Test Cases/PFI Precision and Scale/HashMap Tables/ConstantHashMap: Test Cases/PFI Precision and Scale/HashMap Tables/ConstantHashMap

2020-06-05 21:05:10 - [TEST_STEP][PASSED] - ConstantTBL = [1:["PeriodType":"Working Day(s)"], 2:["PeriodType":"Calendar Day(s)"], 3:["PeriodType":"Month(s)"], 4:["TypeOfLetter":"T1"], ... ]: null

2020-06-05 21:05:10 - [TEST_STEP][PASSED] - switch (DropdownNm): null

2020-06-05 21:05:10 - [TEST_STEP][PASSED] - Default: null

2020-06-05 21:05:10 - [TEST_STEP][PASSED] - comment("Not found in the List"): Not found in the List

2020-06-05 21:05:10 - [MESSAGE][INFO] - Not found in the List

2020-06-05 21:05:10 - [TEST_STEP][PASSED] - break: null

2020-06-05 21:05:10 - [MESSAGE][PASSED] - Call Test Case 'Test Cases/PFI Precision and Scale/HashMap Tables/ConstantHashMap' successfully

2020-06-05 21:05:10 - [TEST_STEP][PASSED] - callTestCase(findTestCase("Components/SelectAllThenDeleteXPI"), ["nameToBeUsed":"submInd_0", "index":1], STOP_ON_FAILURE): Call Test Case 'Test Cases/Components/SelectAllThenDeleteXPI' successfully

2020-06-05 21:05:10 - [TEST_CASE][PASSED] - Test Cases/Components/SelectAllThenDeleteXPI: Test Cases/Components/SelectAllThenDeleteXPI

2020-06-05 21:05:10 - [TEST_STEP][PASSED] - Thread.sleep(1000): null

2020-06-05 21:05:11 - [TEST_STEP][PASSED] - modifiedObj = modifyObjectProperty(findTestObject("Object Repository/Objects.HighlightElements/input_field_index"), "xpath", "equals", "(//*[contains(@name,'" + nameToBeUsed + "')])[" + index + "]", true): Modify property of object successfully

2020-06-05 21:05:11 - [MESSAGE][PASSED] - Modify property of object successfully

2020-06-05 21:05:11 - [TEST_STEP][PASSED] - focus(modifiedObj): Object: 'Object Repository/Objects.HighlightElements/input_field_index' is focused

2020-06-05 21:05:11 - [MESSAGE][PASSED] - Object: 'Object Repository/Objects.HighlightElements/input_field_index' is focused

2020-06-05 21:05:11 - [TEST_STEP][PASSED] - sendKeys(modifiedObj, Keys.chord(CONTROL, "a")): Keys 'CONTROL + a' sent to object: 'Object Repository/Objects.HighlightElements/input_field_index'

2020-06-05 21:05:11 - [MESSAGE][PASSED] - Keys 'CONTROL + a' sent to object: 'Object Repository/Objects.HighlightElements/input_field_index'

2020-06-05 21:05:11 - [TEST_STEP][PASSED] - sendKeys(modifiedObj, Keys.chord(DELETE)): Keys 'DELETE + ' sent to object: 'Object Repository/Objects.HighlightElements/input_field_index'

2020-06-05 21:05:12 - [MESSAGE][PASSED] - Keys 'DELETE + ' sent to object: 'Object Repository/Objects.HighlightElements/input_field_index'

2020-06-05 21:05:12 - [MESSAGE][PASSED] - Call Test Case 'Test Cases/Components/SelectAllThenDeleteXPI' successfully

2020-06-05 21:05:12 - [TEST_STEP][PASSED] - callTestCase(findTestCase("PFI Precision and Scale/PFI Components with Indexing/RequiredFieldValidationXPI"), ["nameToBeUsed":"submInd_0", "index":1], STOP_ON_FAILURE): Call Test Case 'Test Cases/PFI Precision and Scale/PFI Components with Indexing/RequiredFieldValidationXPI' successfully

2020-06-05 21:05:12 - [TEST_CASE][PASSED] - Test Cases/PFI Precision and Scale/PFI Components with Indexing/RequiredFieldValidationXPI: Test Cases/PFI Precision and Scale/PFI Components with Indexing/RequiredFieldValidationXPI

2020-06-05 21:05:12 - [TEST_STEP][PASSED] - enableSmartWait(): null

2020-06-05 21:05:12 - [TEST_STEP][PASSED] - NewInputNmField = modifyObjectProperty(findTestObject("Objects.HighlightElements/input_field_index"), "xpath", "equals", "(//*[contains(@name,'" + nameToBeUsed + "')])[" + index + "]", true): Modify property of object successfully

2020-06-05 21:05:12 - [MESSAGE][PASSED] - Modify property of object successfully

2020-06-05 21:05:12 - [TEST_STEP][PASSED] - mouseOver(NewInputNmField): Object: 'Object Repository/Objects.HighlightElements/input_field_index' is hovered

2020-06-05 21:05:12 - [MESSAGE][PASSED] - Object: 'Object Repository/Objects.HighlightElements/input_field_index' is hovered

2020-06-05 21:05:12 - [TEST_STEP][PASSED] - getRqErrMsg = getAttribute(NewInputNmField, "data-errorqtip"): Attribute 'data-errorqtip' of object 'Object Repository/Objects.HighlightElements/input_field_index' is: '<ul class="x-list-plain"><li>This field is required</li></ul>'

2020-06-05 21:05:12 - [MESSAGE][PASSED] - Attribute 'data-errorqtip' of object 'Object Repository/Objects.HighlightElements/input_field_index' is: '<ul class="x-list-plain"><li>This field is required</li></ul>'

2020-06-05 21:05:12 - [TEST_STEP][PASSED] - strToolTip = getRqErrMsg.substring(29, 61): null

2020-06-05 21:05:12 - [TEST_STEP][PASSED] - toolTipReqErrMsg = strToolTip.substring(0, 22): null

2020-06-05 21:05:12 - [TEST_STEP][PASSED] - verifyMatch(toolTipReqErrMsg, RqField, true): Actual text 'This field is required' and expected text 'This field is required' are matched  using regular expression

2020-06-05 21:05:12 - [MESSAGE][PASSED] - Actual text 'This field is required' and expected text 'This field is required' are matched  using regular expression

2020-06-05 21:05:12 - [MESSAGE][PASSED] - Call Test Case 'Test Cases/PFI Precision and Scale/PFI Components with Indexing/RequiredFieldValidationXPI' successfully

2020-06-05 21:05:12 - [TEST_STEP][PASSED] - callTestCase(findTestCase("Components/HighlightInputFieldXPI"), ["FldNm":"submInd_1", "index":1], STOP_ON_FAILURE): Call Test Case 'Test Cases/Components/HighlightInputFieldXPI' successfully

2020-06-05 21:05:12 - [TEST_CASE][PASSED] - Test Cases/Components/HighlightInputFieldXPI: Test Cases/Components/HighlightInputFieldXPI

2020-06-05 21:05:12 - [TEST_STEP][PASSED] - Thread.sleep(1000): null

2020-06-05 21:05:13 - [TEST_STEP][PASSED] - modifiedInputNm = modifyObjectProperty(findTestObject("Object Repository/Objects.HighlightElements/input_field_index"), "xpath", "equals", "(//*[contains(@name, '" + FldNm + "')])[" + index + "]", true): Modify property of object successfully

2020-06-05 21:05:13 - [MESSAGE][PASSED] - Modify property of object successfully

2020-06-05 21:05:13 - [TEST_STEP][PASSED] - com.reusableComponents.HighlightElement.run(modifiedInputNm): com.reusableComponents.HighlightElement.run is PASSED

2020-06-05 21:05:13 - [MESSAGE][PASSED] - com.reusableComponents.HighlightElement.run is PASSED

2020-06-05 21:05:13 - [MESSAGE][PASSED] - Call Test Case 'Test Cases/Components/HighlightInputFieldXPI' successfully

2020-06-05 21:05:13 - [TEST_STEP][PASSED] - callTestCase(findTestCase("PFI Precision and Scale/PFI Components with Indexing/VerifyDropdownValuesXPI"), ["FldNm":"submInd_1", "index":1, "CallTCName":"PFI Precision and Scale/HashMap Tables/ConstantHashMap", "cmbNm":"PresINd", ... ], STOP_ON_FAILURE): Call Test Case 'Test Cases/PFI Precision and Scale/PFI Components with Indexing/VerifyDropdownValuesXPI' successfully

2020-06-05 21:05:13 - [TEST_CASE][PASSED] - Test Cases/PFI Precision and Scale/PFI Components with Indexing/VerifyDropdownValuesXPI: Test Cases/PFI Precision and Scale/PFI Components with Indexing/VerifyDropdownValuesXPI

2020-06-05 21:05:13 - [TEST_STEP][PASSED] - Thread.sleep(1000): null

2020-06-05 21:05:14 - [TEST_STEP][PASSED] - NewInputNmField = modifyObjectProperty(findTestObject("Object Repository/Objects.HighlightElements/input_field_index"), "xpath", "equals", "(//*[contains(@name, '" + FldNm + "')])[" + index + "]", true): Modify property of object successfully

2020-06-05 21:05:14 - [MESSAGE][PASSED] - Modify property of object successfully

2020-06-05 21:05:14 - [TEST_STEP][PASSED] - comboNm = cmbNm: null

2020-06-05 21:05:14 - [TEST_STEP][PASSED] - focus(NewInputNmField): Object: 'Object Repository/Objects.HighlightElements/input_field_index' is focused

2020-06-05 21:05:15 - [MESSAGE][PASSED] - Object: 'Object Repository/Objects.HighlightElements/input_field_index' is focused

2020-06-05 21:05:15 - [TEST_STEP][PASSED] - setText(NewInputNmField, EnterValue): Text '' is set on object 'Object Repository/Objects.HighlightElements/input_field_index'

2020-06-05 21:05:15 - [MESSAGE][PASSED] - Text '' is set on object 'Object Repository/Objects.HighlightElements/input_field_index'

2020-06-05 21:05:15 - [TEST_STEP][PASSED] - for ([i = 1, i <= NoOfVal, (i++)]): Keys 'DOWN + ' sent to object: 'Object Repository/Objects.HighlightElements/input_field_index'

2020-06-05 21:05:15 - [TEST_STEP][PASSED] - sendKeys(NewInputNmField, Keys.chord(ARROW_DOWN)): Keys 'DOWN + ' sent to object: 'Object Repository/Objects.HighlightElements/input_field_index'

2020-06-05 21:05:15 - [MESSAGE][PASSED] - Keys 'DOWN + ' sent to object: 'Object Repository/Objects.HighlightElements/input_field_index'

2020-06-05 21:05:15 - [TEST_STEP][PASSED] - delay(DelayTime): Delayed 2 second(s)

2020-06-05 21:05:17 - [MESSAGE][PASSED] - Delayed 2 second(s)

2020-06-05 21:05:17 - [TEST_STEP][PASSED] - sendKeys(NewInputNmField, Keys.chord(ENTER)): Keys 'ENTER + ' sent to object: 'Object Repository/Objects.HighlightElements/input_field_index'

2020-06-05 21:05:17 - [MESSAGE][PASSED] - Keys 'ENTER + ' sent to object: 'Object Repository/Objects.HighlightElements/input_field_index'

2020-06-05 21:05:17 - [TEST_STEP][PASSED] - ComboBoxValue = getAttribute(NewInputNmField, "value"): Attribute 'value' of object 'Object Repository/Objects.HighlightElements/input_field_index' is: 'Yes'

2020-06-05 21:05:17 - [MESSAGE][PASSED] - Attribute 'value' of object 'Object Repository/Objects.HighlightElements/input_field_index' is: 'Yes'

2020-06-05 21:05:17 - [TEST_STEP][PASSED] - callTestCase(findTestCase(CallTCName), ["FindValue":ComboBoxValue, "DropdownNm":comboNm], STOP_ON_FAILURE): Call Test Case 'Test Cases/PFI Precision and Scale/HashMap Tables/ConstantHashMap' successfully

2020-06-05 21:05:17 - [TEST_CASE][PASSED] - Test Cases/PFI Precision and Scale/HashMap Tables/ConstantHashMap: Test Cases/PFI Precision and Scale/HashMap Tables/ConstantHashMap

2020-06-05 21:05:17 - [TEST_STEP][PASSED] - ConstantTBL = [1:["PeriodType":"Working Day(s)"], 2:["PeriodType":"Calendar Day(s)"], 3:["PeriodType":"Month(s)"], 4:["TypeOfLetter":"T1"], ... ]: null

2020-06-05 21:05:17 - [TEST_STEP][PASSED] - switch (DropdownNm): null

2020-06-05 21:05:17 - [TEST_STEP][PASSED] - case "PresINd":: null

2020-06-05 21:05:17 - [TEST_STEP][PASSED] - ValueFound = ConstantTBL.find({ -> ... }): null

2020-06-05 21:05:17 - [TEST_STEP][PASSED] - break: null

2020-06-05 21:05:17 - [MESSAGE][PASSED] - Call Test Case 'Test Cases/PFI Precision and Scale/HashMap Tables/ConstantHashMap' successfully

2020-06-05 21:05:17 - [TEST_STEP][PASSED] - println(ValueFound): null

2020-06-05 21:05:17 - [TEST_STEP][PASSED] - sendKeys(NewInputNmField, Keys.chord(ARROW_DOWN)): Keys 'DOWN + ' sent to object: 'Object Repository/Objects.HighlightElements/input_field_index'

2020-06-05 21:05:17 - [MESSAGE][PASSED] - Keys 'DOWN + ' sent to object: 'Object Repository/Objects.HighlightElements/input_field_index'

2020-06-05 21:05:17 - [TEST_STEP][PASSED] - sendKeys(NewInputNmField, Keys.chord(ARROW_DOWN)): Keys 'DOWN + ' sent to object: 'Object Repository/Objects.HighlightElements/input_field_index'

2020-06-05 21:05:17 - [MESSAGE][PASSED] - Keys 'DOWN + ' sent to object: 'Object Repository/Objects.HighlightElements/input_field_index'

2020-06-05 21:05:17 - [TEST_STEP][PASSED] - delay(DelayTime): Delayed 2 second(s)

2020-06-05 21:05:19 - [MESSAGE][PASSED] - Delayed 2 second(s)

2020-06-05 21:05:19 - [TEST_STEP][PASSED] - sendKeys(NewInputNmField, Keys.chord(ENTER)): Keys 'ENTER + ' sent to object: 'Object Repository/Objects.HighlightElements/input_field_index'

2020-06-05 21:05:19 - [MESSAGE][PASSED] - Keys 'ENTER + ' sent to object: 'Object Repository/Objects.HighlightElements/input_field_index'

2020-06-05 21:05:19 - [TEST_STEP][PASSED] - ComboBoxValue = getAttribute(NewInputNmField, "value"): Attribute 'value' of object 'Object Repository/Objects.HighlightElements/input_field_index' is: 'No'

2020-06-05 21:05:19 - [MESSAGE][PASSED] - Attribute 'value' of object 'Object Repository/Objects.HighlightElements/input_field_index' is: 'No'

2020-06-05 21:05:19 - [TEST_STEP][PASSED] - callTestCase(findTestCase(CallTCName), ["FindValue":ComboBoxValue, "DropdownNm":comboNm], STOP_ON_FAILURE): Call Test Case 'Test Cases/PFI Precision and Scale/HashMap Tables/ConstantHashMap' successfully

2020-06-05 21:05:19 - [TEST_CASE][PASSED] - Test Cases/PFI Precision and Scale/HashMap Tables/ConstantHashMap: Test Cases/PFI Precision and Scale/HashMap Tables/ConstantHashMap

2020-06-05 21:05:19 - [TEST_STEP][PASSED] - ConstantTBL = [1:["PeriodType":"Working Day(s)"], 2:["PeriodType":"Calendar Day(s)"], 3:["PeriodType":"Month(s)"], 4:["TypeOfLetter":"T1"], ... ]: null

2020-06-05 21:05:19 - [TEST_STEP][PASSED] - switch (DropdownNm): null

2020-06-05 21:05:19 - [TEST_STEP][PASSED] - case "PresINd":: null

2020-06-05 21:05:19 - [TEST_STEP][PASSED] - ValueFound = ConstantTBL.find({ -> ... }): null

2020-06-05 21:05:19 - [TEST_STEP][PASSED] - break: null

2020-06-05 21:05:19 - [MESSAGE][PASSED] - Call Test Case 'Test Cases/PFI Precision and Scale/HashMap Tables/ConstantHashMap' successfully

2020-06-05 21:05:19 - [TEST_STEP][PASSED] - println(ValueFound): null

2020-06-05 21:05:19 - [TEST_STEP][PASSED] - sendKeys(NewInputNmField, Keys.chord(ARROW_DOWN)): Keys 'DOWN + ' sent to object: 'Object Repository/Objects.HighlightElements/input_field_index'

2020-06-05 21:05:19 - [MESSAGE][PASSED] - Keys 'DOWN + ' sent to object: 'Object Repository/Objects.HighlightElements/input_field_index'

2020-06-05 21:05:19 - [TEST_STEP][PASSED] - sendKeys(NewInputNmField, Keys.chord(ENTER)): Keys 'ENTER + ' sent to object: 'Object Repository/Objects.HighlightElements/input_field_index'

2020-06-05 21:05:19 - [MESSAGE][PASSED] - Keys 'ENTER + ' sent to object: 'Object Repository/Objects.HighlightElements/input_field_index'

2020-06-05 21:05:19 - [MESSAGE][PASSED] - Call Test Case 'Test Cases/PFI Precision and Scale/PFI Components with Indexing/VerifyDropdownValuesXPI' successfully

2020-06-05 21:05:19 - [TEST_STEP][PASSED] - callTestCase(findTestCase("Components/SelectAllThenDeleteXPI"), ["nameToBeUsed":"submInd_1", "index":"1"], STOP_ON_FAILURE): Call Test Case 'Test Cases/Components/SelectAllThenDeleteXPI' successfully

2020-06-05 21:05:19 - [TEST_CASE][PASSED] - Test Cases/Components/SelectAllThenDeleteXPI: Test Cases/Components/SelectAllThenDeleteXPI

2020-06-05 21:05:19 - [TEST_STEP][PASSED] - Thread.sleep(1000): null

2020-06-05 21:05:20 - [TEST_STEP][PASSED] - modifiedObj = modifyObjectProperty(findTestObject("Object Repository/Objects.HighlightElements/input_field_index"), "xpath", "equals", "(//*[contains(@name,'" + nameToBeUsed + "')])[" + index + "]", true): Modify property of object successfully

2020-06-05 21:05:20 - [MESSAGE][PASSED] - Modify property of object successfully

2020-06-05 21:05:20 - [TEST_STEP][PASSED] - focus(modifiedObj): Object: 'Object Repository/Objects.HighlightElements/input_field_index' is focused

2020-06-05 21:05:20 - [MESSAGE][PASSED] - Object: 'Object Repository/Objects.HighlightElements/input_field_index' is focused

2020-06-05 21:05:20 - [TEST_STEP][PASSED] - sendKeys(modifiedObj, Keys.chord(CONTROL, "a")): Keys 'CONTROL + a' sent to object: 'Object Repository/Objects.HighlightElements/input_field_index'

2020-06-05 21:05:20 - [MESSAGE][PASSED] - Keys 'CONTROL + a' sent to object: 'Object Repository/Objects.HighlightElements/input_field_index'

2020-06-05 21:05:20 - [TEST_STEP][PASSED] - sendKeys(modifiedObj, Keys.chord(DELETE)): Keys 'DELETE + ' sent to object: 'Object Repository/Objects.HighlightElements/input_field_index'

2020-06-05 21:05:20 - [MESSAGE][PASSED] - Keys 'DELETE + ' sent to object: 'Object Repository/Objects.HighlightElements/input_field_index'

2020-06-05 21:05:20 - [MESSAGE][PASSED] - Call Test Case 'Test Cases/Components/SelectAllThenDeleteXPI' successfully

2020-06-05 21:05:20 - [TEST_STEP][PASSED] - callTestCase(findTestCase("PFI Precision and Scale/PFI Components with Indexing/RequiredFieldValidationXPI"), ["nameToBeUsed":"submInd_1", "index":1], STOP_ON_FAILURE): Call Test Case 'Test Cases/PFI Precision and Scale/PFI Components with Indexing/RequiredFieldValidationXPI' successfully

2020-06-05 21:05:20 - [TEST_CASE][PASSED] - Test Cases/PFI Precision and Scale/PFI Components with Indexing/RequiredFieldValidationXPI: Test Cases/PFI Precision and Scale/PFI Components with Indexing/RequiredFieldValidationXPI

2020-06-05 21:05:20 - [TEST_STEP][PASSED] - enableSmartWait(): null

2020-06-05 21:05:20 - [TEST_STEP][PASSED] - NewInputNmField = modifyObjectProperty(findTestObject("Objects.HighlightElements/input_field_index"), "xpath", "equals", "(//*[contains(@name,'" + nameToBeUsed + "')])[" + index + "]", true): Modify property of object successfully

2020-06-05 21:05:20 - [MESSAGE][PASSED] - Modify property of object successfully

2020-06-05 21:05:20 - [TEST_STEP][PASSED] - mouseOver(NewInputNmField): Object: 'Object Repository/Objects.HighlightElements/input_field_index' is hovered

2020-06-05 21:05:21 - [MESSAGE][PASSED] - Object: 'Object Repository/Objects.HighlightElements/input_field_index' is hovered

2020-06-05 21:05:21 - [TEST_STEP][PASSED] - getRqErrMsg = getAttribute(NewInputNmField, "data-errorqtip"): Attribute 'data-errorqtip' of object 'Object Repository/Objects.HighlightElements/input_field_index' is: '<ul class="x-list-plain"><li>This field is required</li></ul>'

2020-06-05 21:05:21 - [MESSAGE][PASSED] - Attribute 'data-errorqtip' of object 'Object Repository/Objects.HighlightElements/input_field_index' is: '<ul class="x-list-plain"><li>This field is required</li></ul>'

2020-06-05 21:05:21 - [TEST_STEP][PASSED] - strToolTip = getRqErrMsg.substring(29, 61): null

2020-06-05 21:05:21 - [TEST_STEP][PASSED] - toolTipReqErrMsg = strToolTip.substring(0, 22): null

2020-06-05 21:05:21 - [TEST_STEP][PASSED] - verifyMatch(toolTipReqErrMsg, RqField, true): Actual text 'This field is required' and expected text 'This field is required' are matched  using regular expression

2020-06-05 21:05:21 - [MESSAGE][PASSED] - Actual text 'This field is required' and expected text 'This field is required' are matched  using regular expression

2020-06-05 21:05:21 - [MESSAGE][PASSED] - Call Test Case 'Test Cases/PFI Precision and Scale/PFI Components with Indexing/RequiredFieldValidationXPI' successfully

2020-06-05 21:05:21 - [TEST_STEP][PASSED] - callTestCase(findTestCase("Components/HighlightInputFieldXPI"), ["FldNm":"submInd_2", "index":1], STOP_ON_FAILURE): Call Test Case 'Test Cases/Components/HighlightInputFieldXPI' successfully

2020-06-05 21:05:21 - [TEST_CASE][PASSED] - Test Cases/Components/HighlightInputFieldXPI: Test Cases/Components/HighlightInputFieldXPI

2020-06-05 21:05:21 - [TEST_STEP][PASSED] - Thread.sleep(1000): null

2020-06-05 21:05:22 - [TEST_STEP][PASSED] - modifiedInputNm = modifyObjectProperty(findTestObject("Object Repository/Objects.HighlightElements/input_field_index"), "xpath", "equals", "(//*[contains(@name, '" + FldNm + "')])[" + index + "]", true): Modify property of object successfully

2020-06-05 21:05:22 - [MESSAGE][PASSED] - Modify property of object successfully

2020-06-05 21:05:22 - [TEST_STEP][PASSED] - com.reusableComponents.HighlightElement.run(modifiedInputNm): com.reusableComponents.HighlightElement.run is PASSED

2020-06-05 21:05:22 - [MESSAGE][PASSED] - com.reusableComponents.HighlightElement.run is PASSED

2020-06-05 21:05:22 - [MESSAGE][PASSED] - Call Test Case 'Test Cases/Components/HighlightInputFieldXPI' successfully

2020-06-05 21:05:22 - [TEST_STEP][PASSED] - callTestCase(findTestCase("PFI Precision and Scale/PFI Components with Indexing/VerifyDropdownValuesXPI"), ["FldNm":"submInd_2", "index":1, "CallTCName":"PFI Precision and Scale/HashMap Tables/ConstantHashMap", "cmbNm":"PresINd", ... ], STOP_ON_FAILURE): Call Test Case 'Test Cases/PFI Precision and Scale/PFI Components with Indexing/VerifyDropdownValuesXPI' successfully

2020-06-05 21:05:22 - [TEST_CASE][PASSED] - Test Cases/PFI Precision and Scale/PFI Components with Indexing/VerifyDropdownValuesXPI: Test Cases/PFI Precision and Scale/PFI Components with Indexing/VerifyDropdownValuesXPI

2020-06-05 21:05:22 - [TEST_STEP][PASSED] - Thread.sleep(1000): null

2020-06-05 21:05:23 - [TEST_STEP][PASSED] - NewInputNmField = modifyObjectProperty(findTestObject("Object Repository/Objects.HighlightElements/input_field_index"), "xpath", "equals", "(//*[contains(@name, '" + FldNm + "')])[" + index + "]", true): Modify property of object successfully

2020-06-05 21:05:23 - [MESSAGE][PASSED] - Modify property of object successfully

2020-06-05 21:05:23 - [TEST_STEP][PASSED] - comboNm = cmbNm: null

2020-06-05 21:05:23 - [TEST_STEP][PASSED] - focus(NewInputNmField): Object: 'Object Repository/Objects.HighlightElements/input_field_index' is focused

2020-06-05 21:05:23 - [MESSAGE][PASSED] - Object: 'Object Repository/Objects.HighlightElements/input_field_index' is focused

2020-06-05 21:05:23 - [TEST_STEP][PASSED] - setText(NewInputNmField, EnterValue): Text '' is set on object 'Object Repository/Objects.HighlightElements/input_field_index'

2020-06-05 21:05:24 - [MESSAGE][PASSED] - Text '' is set on object 'Object Repository/Objects.HighlightElements/input_field_index'

2020-06-05 21:05:24 - [TEST_STEP][PASSED] - for ([i = 1, i <= NoOfVal, (i++)]): Keys 'DOWN + ' sent to object: 'Object Repository/Objects.HighlightElements/input_field_index'

2020-06-05 21:05:24 - [TEST_STEP][PASSED] - sendKeys(NewInputNmField, Keys.chord(ARROW_DOWN)): Keys 'DOWN + ' sent to object: 'Object Repository/Objects.HighlightElements/input_field_index'

2020-06-05 21:05:24 - [MESSAGE][PASSED] - Keys 'DOWN + ' sent to object: 'Object Repository/Objects.HighlightElements/input_field_index'

2020-06-05 21:05:24 - [TEST_STEP][PASSED] - delay(DelayTime): Delayed 2 second(s)

2020-06-05 21:05:26 - [MESSAGE][PASSED] - Delayed 2 second(s)

2020-06-05 21:05:26 - [TEST_STEP][PASSED] - sendKeys(NewInputNmField, Keys.chord(ENTER)): Keys 'ENTER + ' sent to object: 'Object Repository/Objects.HighlightElements/input_field_index'

2020-06-05 21:05:26 - [MESSAGE][PASSED] - Keys 'ENTER + ' sent to object: 'Object Repository/Objects.HighlightElements/input_field_index'

2020-06-05 21:05:26 - [TEST_STEP][PASSED] - ComboBoxValue = getAttribute(NewInputNmField, "value"): Attribute 'value' of object 'Object Repository/Objects.HighlightElements/input_field_index' is: 'Yes'

2020-06-05 21:05:26 - [MESSAGE][PASSED] - Attribute 'value' of object 'Object Repository/Objects.HighlightElements/input_field_index' is: 'Yes'

2020-06-05 21:05:26 - [TEST_STEP][PASSED] - callTestCase(findTestCase(CallTCName), ["FindValue":ComboBoxValue, "DropdownNm":comboNm], STOP_ON_FAILURE): Call Test Case 'Test Cases/PFI Precision and Scale/HashMap Tables/ConstantHashMap' successfully

2020-06-05 21:05:26 - [TEST_CASE][PASSED] - Test Cases/PFI Precision and Scale/HashMap Tables/ConstantHashMap: Test Cases/PFI Precision and Scale/HashMap Tables/ConstantHashMap

2020-06-05 21:05:26 - [TEST_STEP][PASSED] - ConstantTBL = [1:["PeriodType":"Working Day(s)"], 2:["PeriodType":"Calendar Day(s)"], 3:["PeriodType":"Month(s)"], 4:["TypeOfLetter":"T1"], ... ]: null

2020-06-05 21:05:26 - [TEST_STEP][PASSED] - switch (DropdownNm): null

2020-06-05 21:05:26 - [TEST_STEP][PASSED] - case "PresINd":: null

2020-06-05 21:05:26 - [TEST_STEP][PASSED] - ValueFound = ConstantTBL.find({ -> ... }): null

2020-06-05 21:05:26 - [TEST_STEP][PASSED] - break: null

2020-06-05 21:05:26 - [MESSAGE][PASSED] - Call Test Case 'Test Cases/PFI Precision and Scale/HashMap Tables/ConstantHashMap' successfully

2020-06-05 21:05:26 - [TEST_STEP][PASSED] - println(ValueFound): null

2020-06-05 21:05:26 - [TEST_STEP][PASSED] - sendKeys(NewInputNmField, Keys.chord(ARROW_DOWN)): Keys 'DOWN + ' sent to object: 'Object Repository/Objects.HighlightElements/input_field_index'

2020-06-05 21:05:26 - [MESSAGE][PASSED] - Keys 'DOWN + ' sent to object: 'Object Repository/Objects.HighlightElements/input_field_index'

2020-06-05 21:05:26 - [TEST_STEP][PASSED] - sendKeys(NewInputNmField, Keys.chord(ARROW_DOWN)): Keys 'DOWN + ' sent to object: 'Object Repository/Objects.HighlightElements/input_field_index'

2020-06-05 21:05:26 - [MESSAGE][PASSED] - Keys 'DOWN + ' sent to object: 'Object Repository/Objects.HighlightElements/input_field_index'

2020-06-05 21:05:26 - [TEST_STEP][PASSED] - delay(DelayTime): Delayed 2 second(s)

2020-06-05 21:05:28 - [MESSAGE][PASSED] - Delayed 2 second(s)

2020-06-05 21:05:28 - [TEST_STEP][PASSED] - sendKeys(NewInputNmField, Keys.chord(ENTER)): Keys 'ENTER + ' sent to object: 'Object Repository/Objects.HighlightElements/input_field_index'

2020-06-05 21:05:28 - [MESSAGE][PASSED] - Keys 'ENTER + ' sent to object: 'Object Repository/Objects.HighlightElements/input_field_index'

2020-06-05 21:05:28 - [TEST_STEP][PASSED] - ComboBoxValue = getAttribute(NewInputNmField, "value"): Attribute 'value' of object 'Object Repository/Objects.HighlightElements/input_field_index' is: 'No'

2020-06-05 21:05:28 - [MESSAGE][PASSED] - Attribute 'value' of object 'Object Repository/Objects.HighlightElements/input_field_index' is: 'No'

2020-06-05 21:05:28 - [TEST_STEP][PASSED] - callTestCase(findTestCase(CallTCName), ["FindValue":ComboBoxValue, "DropdownNm":comboNm], STOP_ON_FAILURE): Call Test Case 'Test Cases/PFI Precision and Scale/HashMap Tables/ConstantHashMap' successfully

2020-06-05 21:05:28 - [TEST_CASE][PASSED] - Test Cases/PFI Precision and Scale/HashMap Tables/ConstantHashMap: Test Cases/PFI Precision and Scale/HashMap Tables/ConstantHashMap

2020-06-05 21:05:28 - [TEST_STEP][PASSED] - ConstantTBL = [1:["PeriodType":"Working Day(s)"], 2:["PeriodType":"Calendar Day(s)"], 3:["PeriodType":"Month(s)"], 4:["TypeOfLetter":"T1"], ... ]: null

2020-06-05 21:05:28 - [TEST_STEP][PASSED] - switch (DropdownNm): null

2020-06-05 21:05:28 - [TEST_STEP][PASSED] - case "PresINd":: null

2020-06-05 21:05:28 - [TEST_STEP][PASSED] - ValueFound = ConstantTBL.find({ -> ... }): null

2020-06-05 21:05:28 - [TEST_STEP][PASSED] - break: null

2020-06-05 21:05:28 - [MESSAGE][PASSED] - Call Test Case 'Test Cases/PFI Precision and Scale/HashMap Tables/ConstantHashMap' successfully

2020-06-05 21:05:28 - [TEST_STEP][PASSED] - println(ValueFound): null

2020-06-05 21:05:28 - [TEST_STEP][PASSED] - sendKeys(NewInputNmField, Keys.chord(ARROW_DOWN)): Keys 'DOWN + ' sent to object: 'Object Repository/Objects.HighlightElements/input_field_index'

2020-06-05 21:05:28 - [MESSAGE][PASSED] - Keys 'DOWN + ' sent to object: 'Object Repository/Objects.HighlightElements/input_field_index'

2020-06-05 21:05:28 - [TEST_STEP][PASSED] - sendKeys(NewInputNmField, Keys.chord(ENTER)): Keys 'ENTER + ' sent to object: 'Object Repository/Objects.HighlightElements/input_field_index'

2020-06-05 21:05:28 - [MESSAGE][PASSED] - Keys 'ENTER + ' sent to object: 'Object Repository/Objects.HighlightElements/input_field_index'

2020-06-05 21:05:28 - [MESSAGE][PASSED] - Call Test Case 'Test Cases/PFI Precision and Scale/PFI Components with Indexing/VerifyDropdownValuesXPI' successfully

2020-06-05 21:05:28 - [TEST_STEP][PASSED] - callTestCase(findTestCase("Components/SelectAllThenDeleteXPI"), ["nameToBeUsed":"submInd_2", "index":1], STOP_ON_FAILURE): Call Test Case 'Test Cases/Components/SelectAllThenDeleteXPI' successfully

2020-06-05 21:05:28 - [TEST_CASE][PASSED] - Test Cases/Components/SelectAllThenDeleteXPI: Test Cases/Components/SelectAllThenDeleteXPI

2020-06-05 21:05:28 - [TEST_STEP][PASSED] - Thread.sleep(1000): null

2020-06-05 21:05:29 - [TEST_STEP][PASSED] - modifiedObj = modifyObjectProperty(findTestObject("Object Repository/Objects.HighlightElements/input_field_index"), "xpath", "equals", "(//*[contains(@name,'" + nameToBeUsed + "')])[" + index + "]", true): Modify property of object successfully

2020-06-05 21:05:29 - [MESSAGE][PASSED] - Modify property of object successfully

2020-06-05 21:05:29 - [TEST_STEP][PASSED] - focus(modifiedObj): Object: 'Object Repository/Objects.HighlightElements/input_field_index' is focused

2020-06-05 21:05:29 - [MESSAGE][PASSED] - Object: 'Object Repository/Objects.HighlightElements/input_field_index' is focused

2020-06-05 21:05:29 - [TEST_STEP][PASSED] - sendKeys(modifiedObj, Keys.chord(CONTROL, "a")): Keys 'CONTROL + a' sent to object: 'Object Repository/Objects.HighlightElements/input_field_index'

2020-06-05 21:05:29 - [MESSAGE][PASSED] - Keys 'CONTROL + a' sent to object: 'Object Repository/Objects.HighlightElements/input_field_index'

2020-06-05 21:05:29 - [TEST_STEP][PASSED] - sendKeys(modifiedObj, Keys.chord(DELETE)): Keys 'DELETE + ' sent to object: 'Object Repository/Objects.HighlightElements/input_field_index'

2020-06-05 21:05:29 - [MESSAGE][PASSED] - Keys 'DELETE + ' sent to object: 'Object Repository/Objects.HighlightElements/input_field_index'

2020-06-05 21:05:29 - [MESSAGE][PASSED] - Call Test Case 'Test Cases/Components/SelectAllThenDeleteXPI' successfully

2020-06-05 21:05:29 - [TEST_STEP][PASSED] - callTestCase(findTestCase("PFI Precision and Scale/PFI Components with Indexing/RequiredFieldValidationXPI"), ["nameToBeUsed":"submInd_2", "index":1], STOP_ON_FAILURE): Call Test Case 'Test Cases/PFI Precision and Scale/PFI Components with Indexing/RequiredFieldValidationXPI' successfully

2020-06-05 21:05:29 - [TEST_CASE][PASSED] - Test Cases/PFI Precision and Scale/PFI Components with Indexing/RequiredFieldValidationXPI: Test Cases/PFI Precision and Scale/PFI Components with Indexing/RequiredFieldValidationXPI

2020-06-05 21:05:29 - [TEST_STEP][PASSED] - enableSmartWait(): null

2020-06-05 21:05:29 - [TEST_STEP][PASSED] - NewInputNmField = modifyObjectProperty(findTestObject("Objects.HighlightElements/input_field_index"), "xpath", "equals", "(//*[contains(@name,'" + nameToBeUsed + "')])[" + index + "]", true): Modify property of object successfully

2020-06-05 21:05:29 - [MESSAGE][PASSED] - Modify property of object successfully

2020-06-05 21:05:29 - [TEST_STEP][PASSED] - mouseOver(NewInputNmField): Object: 'Object Repository/Objects.HighlightElements/input_field_index' is hovered

2020-06-05 21:05:30 - [MESSAGE][PASSED] - Object: 'Object Repository/Objects.HighlightElements/input_field_index' is hovered

2020-06-05 21:05:30 - [TEST_STEP][PASSED] - getRqErrMsg = getAttribute(NewInputNmField, "data-errorqtip"): Attribute 'data-errorqtip' of object 'Object Repository/Objects.HighlightElements/input_field_index' is: '<ul class="x-list-plain"><li>This field is required</li></ul>'

2020-06-05 21:05:30 - [MESSAGE][PASSED] - Attribute 'data-errorqtip' of object 'Object Repository/Objects.HighlightElements/input_field_index' is: '<ul class="x-list-plain"><li>This field is required</li></ul>'

2020-06-05 21:05:30 - [TEST_STEP][PASSED] - strToolTip = getRqErrMsg.substring(29, 61): null

2020-06-05 21:05:30 - [TEST_STEP][PASSED] - toolTipReqErrMsg = strToolTip.substring(0, 22): null

2020-06-05 21:05:30 - [TEST_STEP][PASSED] - verifyMatch(toolTipReqErrMsg, RqField, true): Actual text 'This field is required' and expected text 'This field is required' are matched  using regular expression

2020-06-05 21:05:30 - [MESSAGE][PASSED] - Actual text 'This field is required' and expected text 'This field is required' are matched  using regular expression

2020-06-05 21:05:30 - [MESSAGE][PASSED] - Call Test Case 'Test Cases/PFI Precision and Scale/PFI Components with Indexing/RequiredFieldValidationXPI' successfully

2020-06-05 21:05:30 - [TEST_STEP][PASSED] - callTestCase(findTestCase("Components/HighlightInputFieldXPI"), ["FldNm":"submInd_3", "index":1], STOP_ON_FAILURE): Call Test Case 'Test Cases/Components/HighlightInputFieldXPI' successfully

2020-06-05 21:05:30 - [TEST_CASE][PASSED] - Test Cases/Components/HighlightInputFieldXPI: Test Cases/Components/HighlightInputFieldXPI

2020-06-05 21:05:30 - [TEST_STEP][PASSED] - Thread.sleep(1000): null

2020-06-05 21:05:31 - [TEST_STEP][PASSED] - modifiedInputNm = modifyObjectProperty(findTestObject("Object Repository/Objects.HighlightElements/input_field_index"), "xpath", "equals", "(//*[contains(@name, '" + FldNm + "')])[" + index + "]", true): Modify property of object successfully

2020-06-05 21:05:31 - [MESSAGE][PASSED] - Modify property of object successfully

2020-06-05 21:05:31 - [TEST_STEP][PASSED] - com.reusableComponents.HighlightElement.run(modifiedInputNm): com.reusableComponents.HighlightElement.run is PASSED

2020-06-05 21:05:31 - [MESSAGE][PASSED] - com.reusableComponents.HighlightElement.run is PASSED

2020-06-05 21:05:31 - [MESSAGE][PASSED] - Call Test Case 'Test Cases/Components/HighlightInputFieldXPI' successfully

2020-06-05 21:05:31 - [TEST_STEP][PASSED] - callTestCase(findTestCase("PFI Precision and Scale/PFI Components with Indexing/VerifyDropdownValuesXPI"), ["FldNm":"submInd_3", "index":1, "CallTCName":"PFI Precision and Scale/HashMap Tables/ConstantHashMap", "cmbNm":"PresINd", ... ], STOP_ON_FAILURE): Call Test Case 'Test Cases/PFI Precision and Scale/PFI Components with Indexing/VerifyDropdownValuesXPI' successfully

2020-06-05 21:05:31 - [TEST_CASE][PASSED] - Test Cases/PFI Precision and Scale/PFI Components with Indexing/VerifyDropdownValuesXPI: Test Cases/PFI Precision and Scale/PFI Components with Indexing/VerifyDropdownValuesXPI

2020-06-05 21:05:31 - [TEST_STEP][PASSED] - Thread.sleep(1000): null

2020-06-05 21:05:32 - [TEST_STEP][PASSED] - NewInputNmField = modifyObjectProperty(findTestObject("Object Repository/Objects.HighlightElements/input_field_index"), "xpath", "equals", "(//*[contains(@name, '" + FldNm + "')])[" + index + "]", true): Modify property of object successfully

2020-06-05 21:05:32 - [MESSAGE][PASSED] - Modify property of object successfully

2020-06-05 21:05:32 - [TEST_STEP][PASSED] - comboNm = cmbNm: null

2020-06-05 21:05:32 - [TEST_STEP][PASSED] - focus(NewInputNmField): Object: 'Object Repository/Objects.HighlightElements/input_field_index' is focused

2020-06-05 21:05:32 - [MESSAGE][PASSED] - Object: 'Object Repository/Objects.HighlightElements/input_field_index' is focused

2020-06-05 21:05:32 - [TEST_STEP][PASSED] - setText(NewInputNmField, EnterValue): Text '' is set on object 'Object Repository/Objects.HighlightElements/input_field_index'

2020-06-05 21:05:32 - [MESSAGE][PASSED] - Text '' is set on object 'Object Repository/Objects.HighlightElements/input_field_index'

2020-06-05 21:05:32 - [TEST_STEP][PASSED] - for ([i = 1, i <= NoOfVal, (i++)]): Keys 'DOWN + ' sent to object: 'Object Repository/Objects.HighlightElements/input_field_index'

2020-06-05 21:05:32 - [TEST_STEP][PASSED] - sendKeys(NewInputNmField, Keys.chord(ARROW_DOWN)): Keys 'DOWN + ' sent to object: 'Object Repository/Objects.HighlightElements/input_field_index'

2020-06-05 21:05:32 - [MESSAGE][PASSED] - Keys 'DOWN + ' sent to object: 'Object Repository/Objects.HighlightElements/input_field_index'

2020-06-05 21:05:32 - [TEST_STEP][PASSED] - delay(DelayTime): Delayed 2 second(s)

2020-06-05 21:05:34 - [MESSAGE][PASSED] - Delayed 2 second(s)

2020-06-05 21:05:34 - [TEST_STEP][PASSED] - sendKeys(NewInputNmField, Keys.chord(ENTER)): Keys 'ENTER + ' sent to object: 'Object Repository/Objects.HighlightElements/input_field_index'

2020-06-05 21:05:34 - [MESSAGE][PASSED] - Keys 'ENTER + ' sent to object: 'Object Repository/Objects.HighlightElements/input_field_index'

2020-06-05 21:05:34 - [TEST_STEP][PASSED] - ComboBoxValue = getAttribute(NewInputNmField, "value"): Attribute 'value' of object 'Object Repository/Objects.HighlightElements/input_field_index' is: 'Yes'

2020-06-05 21:05:35 - [MESSAGE][PASSED] - Attribute 'value' of object 'Object Repository/Objects.HighlightElements/input_field_index' is: 'Yes'

2020-06-05 21:05:35 - [TEST_STEP][PASSED] - callTestCase(findTestCase(CallTCName), ["FindValue":ComboBoxValue, "DropdownNm":comboNm], STOP_ON_FAILURE): Call Test Case 'Test Cases/PFI Precision and Scale/HashMap Tables/ConstantHashMap' successfully

2020-06-05 21:05:35 - [TEST_CASE][PASSED] - Test Cases/PFI Precision and Scale/HashMap Tables/ConstantHashMap: Test Cases/PFI Precision and Scale/HashMap Tables/ConstantHashMap

2020-06-05 21:05:35 - [TEST_STEP][PASSED] - ConstantTBL = [1:["PeriodType":"Working Day(s)"], 2:["PeriodType":"Calendar Day(s)"], 3:["PeriodType":"Month(s)"], 4:["TypeOfLetter":"T1"], ... ]: null

2020-06-05 21:05:35 - [TEST_STEP][PASSED] - switch (DropdownNm): null

2020-06-05 21:05:35 - [TEST_STEP][PASSED] - case "PresINd":: null

2020-06-05 21:05:35 - [TEST_STEP][PASSED] - ValueFound = ConstantTBL.find({ -> ... }): null

2020-06-05 21:05:35 - [TEST_STEP][PASSED] - break: null

2020-06-05 21:05:35 - [MESSAGE][PASSED] - Call Test Case 'Test Cases/PFI Precision and Scale/HashMap Tables/ConstantHashMap' successfully

2020-06-05 21:05:35 - [TEST_STEP][PASSED] - println(ValueFound): null

2020-06-05 21:05:35 - [TEST_STEP][PASSED] - sendKeys(NewInputNmField, Keys.chord(ARROW_DOWN)): Keys 'DOWN + ' sent to object: 'Object Repository/Objects.HighlightElements/input_field_index'

2020-06-05 21:05:35 - [MESSAGE][PASSED] - Keys 'DOWN + ' sent to object: 'Object Repository/Objects.HighlightElements/input_field_index'

2020-06-05 21:05:35 - [TEST_STEP][PASSED] - sendKeys(NewInputNmField, Keys.chord(ARROW_DOWN)): Keys 'DOWN + ' sent to object: 'Object Repository/Objects.HighlightElements/input_field_index'

2020-06-05 21:05:35 - [MESSAGE][PASSED] - Keys 'DOWN + ' sent to object: 'Object Repository/Objects.HighlightElements/input_field_index'

2020-06-05 21:05:35 - [TEST_STEP][PASSED] - delay(DelayTime): Delayed 2 second(s)

2020-06-05 21:05:37 - [MESSAGE][PASSED] - Delayed 2 second(s)

2020-06-05 21:05:37 - [TEST_STEP][PASSED] - sendKeys(NewInputNmField, Keys.chord(ENTER)): Keys 'ENTER + ' sent to object: 'Object Repository/Objects.HighlightElements/input_field_index'

2020-06-05 21:05:37 - [MESSAGE][PASSED] - Keys 'ENTER + ' sent to object: 'Object Repository/Objects.HighlightElements/input_field_index'

2020-06-05 21:05:37 - [TEST_STEP][PASSED] - ComboBoxValue = getAttribute(NewInputNmField, "value"): Attribute 'value' of object 'Object Repository/Objects.HighlightElements/input_field_index' is: 'No'

2020-06-05 21:05:37 - [MESSAGE][PASSED] - Attribute 'value' of object 'Object Repository/Objects.HighlightElements/input_field_index' is: 'No'

2020-06-05 21:05:37 - [TEST_STEP][PASSED] - callTestCase(findTestCase(CallTCName), ["FindValue":ComboBoxValue, "DropdownNm":comboNm], STOP_ON_FAILURE): Call Test Case 'Test Cases/PFI Precision and Scale/HashMap Tables/ConstantHashMap' successfully

2020-06-05 21:05:37 - [TEST_CASE][PASSED] - Test Cases/PFI Precision and Scale/HashMap Tables/ConstantHashMap: Test Cases/PFI Precision and Scale/HashMap Tables/ConstantHashMap

2020-06-05 21:05:37 - [TEST_STEP][PASSED] - ConstantTBL = [1:["PeriodType":"Working Day(s)"], 2:["PeriodType":"Calendar Day(s)"], 3:["PeriodType":"Month(s)"], 4:["TypeOfLetter":"T1"], ... ]: null

2020-06-05 21:05:37 - [TEST_STEP][PASSED] - switch (DropdownNm): null

2020-06-05 21:05:37 - [TEST_STEP][PASSED] - case "PresINd":: null

2020-06-05 21:05:37 - [TEST_STEP][PASSED] - ValueFound = ConstantTBL.find({ -> ... }): null

2020-06-05 21:05:37 - [TEST_STEP][PASSED] - break: null

2020-06-05 21:05:37 - [MESSAGE][PASSED] - Call Test Case 'Test Cases/PFI Precision and Scale/HashMap Tables/ConstantHashMap' successfully

2020-06-05 21:05:37 - [TEST_STEP][PASSED] - println(ValueFound): null

2020-06-05 21:05:37 - [TEST_STEP][PASSED] - sendKeys(NewInputNmField, Keys.chord(ARROW_DOWN)): Keys 'DOWN + ' sent to object: 'Object Repository/Objects.HighlightElements/input_field_index'

2020-06-05 21:05:37 - [MESSAGE][PASSED] - Keys 'DOWN + ' sent to object: 'Object Repository/Objects.HighlightElements/input_field_index'

2020-06-05 21:05:37 - [TEST_STEP][PASSED] - sendKeys(NewInputNmField, Keys.chord(ENTER)): Keys 'ENTER + ' sent to object: 'Object Repository/Objects.HighlightElements/input_field_index'

2020-06-05 21:05:37 - [MESSAGE][PASSED] - Keys 'ENTER + ' sent to object: 'Object Repository/Objects.HighlightElements/input_field_index'

2020-06-05 21:05:37 - [MESSAGE][PASSED] - Call Test Case 'Test Cases/PFI Precision and Scale/PFI Components with Indexing/VerifyDropdownValuesXPI' successfully

2020-06-05 21:05:37 - [TEST_STEP][PASSED] - callTestCase(findTestCase("Components/SelectAllThenDeleteXPI"), ["nameToBeUsed":"submInd_3", "index":"1"], STOP_ON_FAILURE): Call Test Case 'Test Cases/Components/SelectAllThenDeleteXPI' successfully

2020-06-05 21:05:37 - [TEST_CASE][PASSED] - Test Cases/Components/SelectAllThenDeleteXPI: Test Cases/Components/SelectAllThenDeleteXPI

2020-06-05 21:05:37 - [TEST_STEP][PASSED] - Thread.sleep(1000): null

2020-06-05 21:05:38 - [TEST_STEP][PASSED] - modifiedObj = modifyObjectProperty(findTestObject("Object Repository/Objects.HighlightElements/input_field_index"), "xpath", "equals", "(//*[contains(@name,'" + nameToBeUsed + "')])[" + index + "]", true): Modify property of object successfully

2020-06-05 21:05:38 - [MESSAGE][PASSED] - Modify property of object successfully

2020-06-05 21:05:38 - [TEST_STEP][PASSED] - focus(modifiedObj): Object: 'Object Repository/Objects.HighlightElements/input_field_index' is focused

2020-06-05 21:05:38 - [MESSAGE][PASSED] - Object: 'Object Repository/Objects.HighlightElements/input_field_index' is focused

2020-06-05 21:05:38 - [TEST_STEP][PASSED] - sendKeys(modifiedObj, Keys.chord(CONTROL, "a")): Keys 'CONTROL + a' sent to object: 'Object Repository/Objects.HighlightElements/input_field_index'

2020-06-05 21:05:38 - [MESSAGE][PASSED] - Keys 'CONTROL + a' sent to object: 'Object Repository/Objects.HighlightElements/input_field_index'

2020-06-05 21:05:38 - [TEST_STEP][PASSED] - sendKeys(modifiedObj, Keys.chord(DELETE)): Keys 'DELETE + ' sent to object: 'Object Repository/Objects.HighlightElements/input_field_index'

2020-06-05 21:05:38 - [MESSAGE][PASSED] - Keys 'DELETE + ' sent to object: 'Object Repository/Objects.HighlightElements/input_field_index'

2020-06-05 21:05:38 - [MESSAGE][PASSED] - Call Test Case 'Test Cases/Components/SelectAllThenDeleteXPI' successfully

2020-06-05 21:05:38 - [TEST_STEP][PASSED] - callTestCase(findTestCase("PFI Precision and Scale/PFI Components with Indexing/RequiredFieldValidationXPI"), ["nameToBeUsed":"submInd_3", "index":1], STOP_ON_FAILURE): Call Test Case 'Test Cases/PFI Precision and Scale/PFI Components with Indexing/RequiredFieldValidationXPI' successfully

2020-06-05 21:05:38 - [TEST_CASE][PASSED] - Test Cases/PFI Precision and Scale/PFI Components with Indexing/RequiredFieldValidationXPI: Test Cases/PFI Precision and Scale/PFI Components with Indexing/RequiredFieldValidationXPI

2020-06-05 21:05:38 - [TEST_STEP][PASSED] - enableSmartWait(): null

2020-06-05 21:05:38 - [TEST_STEP][PASSED] - NewInputNmField = modifyObjectProperty(findTestObject("Objects.HighlightElements/input_field_index"), "xpath", "equals", "(//*[contains(@name,'" + nameToBeUsed + "')])[" + index + "]", true): Modify property of object successfully

2020-06-05 21:05:38 - [MESSAGE][PASSED] - Modify property of object successfully

2020-06-05 21:05:38 - [TEST_STEP][PASSED] - mouseOver(NewInputNmField): Object: 'Object Repository/Objects.HighlightElements/input_field_index' is hovered

2020-06-05 21:05:38 - [MESSAGE][PASSED] - Object: 'Object Repository/Objects.HighlightElements/input_field_index' is hovered

2020-06-05 21:05:38 - [TEST_STEP][PASSED] - getRqErrMsg = getAttribute(NewInputNmField, "data-errorqtip"): Attribute 'data-errorqtip' of object 'Object Repository/Objects.HighlightElements/input_field_index' is: '<ul class="x-list-plain"><li>This field is required</li></ul>'

2020-06-05 21:05:38 - [MESSAGE][PASSED] - Attribute 'data-errorqtip' of object 'Object Repository/Objects.HighlightElements/input_field_index' is: '<ul class="x-list-plain"><li>This field is required</li></ul>'

2020-06-05 21:05:38 - [TEST_STEP][PASSED] - strToolTip = getRqErrMsg.substring(29, 61): null

2020-06-05 21:05:38 - [TEST_STEP][PASSED] - toolTipReqErrMsg = strToolTip.substring(0, 22): null

2020-06-05 21:05:38 - [TEST_STEP][PASSED] - verifyMatch(toolTipReqErrMsg, RqField, true): Actual text 'This field is required' and expected text 'This field is required' are matched  using regular expression

2020-06-05 21:05:38 - [MESSAGE][PASSED] - Actual text 'This field is required' and expected text 'This field is required' are matched  using regular expression

2020-06-05 21:05:38 - [MESSAGE][PASSED] - Call Test Case 'Test Cases/PFI Precision and Scale/PFI Components with Indexing/RequiredFieldValidationXPI' successfully

2020-06-05 21:05:38 - [TEST_STEP][PASSED] - callTestCase(findTestCase("Components/HighlightInputFieldXPI"), ["FldNm":"submInd_4", "index":1], STOP_ON_FAILURE): Call Test Case 'Test Cases/Components/HighlightInputFieldXPI' successfully

2020-06-05 21:05:39 - [TEST_CASE][PASSED] - Test Cases/Components/HighlightInputFieldXPI: Test Cases/Components/HighlightInputFieldXPI

2020-06-05 21:05:39 - [TEST_STEP][PASSED] - Thread.sleep(1000): null

2020-06-05 21:05:40 - [TEST_STEP][PASSED] - modifiedInputNm = modifyObjectProperty(findTestObject("Object Repository/Objects.HighlightElements/input_field_index"), "xpath", "equals", "(//*[contains(@name, '" + FldNm + "')])[" + index + "]", true): Modify property of object successfully

2020-06-05 21:05:40 - [MESSAGE][PASSED] - Modify property of object successfully

2020-06-05 21:05:40 - [TEST_STEP][PASSED] - com.reusableComponents.HighlightElement.run(modifiedInputNm): com.reusableComponents.HighlightElement.run is PASSED

2020-06-05 21:05:40 - [MESSAGE][PASSED] - com.reusableComponents.HighlightElement.run is PASSED

2020-06-05 21:05:40 - [MESSAGE][PASSED] - Call Test Case 'Test Cases/Components/HighlightInputFieldXPI' successfully

2020-06-05 21:05:40 - [TEST_STEP][PASSED] - callTestCase(findTestCase("PFI Precision and Scale/PFI Components with Indexing/VerifyDropdownValuesXPI"), ["FldNm":"submInd_4", "index":1, "CallTCName":"PFI Precision and Scale/HashMap Tables/ConstantHashMap", "cmbNm":"PresINd", ... ], STOP_ON_FAILURE): Call Test Case 'Test Cases/PFI Precision and Scale/PFI Components with Indexing/VerifyDropdownValuesXPI' successfully

2020-06-05 21:05:40 - [TEST_CASE][PASSED] - Test Cases/PFI Precision and Scale/PFI Components with Indexing/VerifyDropdownValuesXPI: Test Cases/PFI Precision and Scale/PFI Components with Indexing/VerifyDropdownValuesXPI

2020-06-05 21:05:40 - [TEST_STEP][PASSED] - Thread.sleep(1000): null

2020-06-05 21:05:41 - [TEST_STEP][PASSED] - NewInputNmField = modifyObjectProperty(findTestObject("Object Repository/Objects.HighlightElements/input_field_index"), "xpath", "equals", "(//*[contains(@name, '" + FldNm + "')])[" + index + "]", true): Modify property of object successfully

2020-06-05 21:05:41 - [MESSAGE][PASSED] - Modify property of object successfully

2020-06-05 21:05:41 - [TEST_STEP][PASSED] - comboNm = cmbNm: null

2020-06-05 21:05:41 - [TEST_STEP][PASSED] - focus(NewInputNmField): Object: 'Object Repository/Objects.HighlightElements/input_field_index' is focused

2020-06-05 21:05:41 - [MESSAGE][PASSED] - Object: 'Object Repository/Objects.HighlightElements/input_field_index' is focused

2020-06-05 21:05:41 - [TEST_STEP][PASSED] - setText(NewInputNmField, EnterValue): Text '' is set on object 'Object Repository/Objects.HighlightElements/input_field_index'

2020-06-05 21:05:41 - [MESSAGE][PASSED] - Text '' is set on object 'Object Repository/Objects.HighlightElements/input_field_index'

2020-06-05 21:05:41 - [TEST_STEP][PASSED] - for ([i = 1, i <= NoOfVal, (i++)]): Keys 'DOWN + ' sent to object: 'Object Repository/Objects.HighlightElements/input_field_index'

2020-06-05 21:05:41 - [TEST_STEP][PASSED] - sendKeys(NewInputNmField, Keys.chord(ARROW_DOWN)): Keys 'DOWN + ' sent to object: 'Object Repository/Objects.HighlightElements/input_field_index'

2020-06-05 21:05:41 - [MESSAGE][PASSED] - Keys 'DOWN + ' sent to object: 'Object Repository/Objects.HighlightElements/input_field_index'

2020-06-05 21:05:41 - [TEST_STEP][PASSED] - delay(DelayTime): Delayed 2 second(s)

2020-06-05 21:05:43 - [MESSAGE][PASSED] - Delayed 2 second(s)

2020-06-05 21:05:43 - [TEST_STEP][PASSED] - sendKeys(NewInputNmField, Keys.chord(ENTER)): Keys 'ENTER + ' sent to object: 'Object Repository/Objects.HighlightElements/input_field_index'

2020-06-05 21:05:43 - [MESSAGE][PASSED] - Keys 'ENTER + ' sent to object: 'Object Repository/Objects.HighlightElements/input_field_index'

2020-06-05 21:05:43 - [TEST_STEP][PASSED] - ComboBoxValue = getAttribute(NewInputNmField, "value"): Attribute 'value' of object 'Object Repository/Objects.HighlightElements/input_field_index' is: 'Yes'

2020-06-05 21:05:43 - [MESSAGE][PASSED] - Attribute 'value' of object 'Object Repository/Objects.HighlightElements/input_field_index' is: 'Yes'

2020-06-05 21:05:43 - [TEST_STEP][PASSED] - callTestCase(findTestCase(CallTCName), ["FindValue":ComboBoxValue, "DropdownNm":comboNm], STOP_ON_FAILURE): Call Test Case 'Test Cases/PFI Precision and Scale/HashMap Tables/ConstantHashMap' successfully

2020-06-05 21:05:43 - [TEST_CASE][PASSED] - Test Cases/PFI Precision and Scale/HashMap Tables/ConstantHashMap: Test Cases/PFI Precision and Scale/HashMap Tables/ConstantHashMap

2020-06-05 21:05:43 - [TEST_STEP][PASSED] - ConstantTBL = [1:["PeriodType":"Working Day(s)"], 2:["PeriodType":"Calendar Day(s)"], 3:["PeriodType":"Month(s)"], 4:["TypeOfLetter":"T1"], ... ]: null

2020-06-05 21:05:43 - [TEST_STEP][PASSED] - switch (DropdownNm): null

2020-06-05 21:05:43 - [TEST_STEP][PASSED] - case "PresINd":: null

2020-06-05 21:05:43 - [TEST_STEP][PASSED] - ValueFound = ConstantTBL.find({ -> ... }): null

2020-06-05 21:05:43 - [TEST_STEP][PASSED] - break: null

2020-06-05 21:05:43 - [MESSAGE][PASSED] - Call Test Case 'Test Cases/PFI Precision and Scale/HashMap Tables/ConstantHashMap' successfully

2020-06-05 21:05:43 - [TEST_STEP][PASSED] - println(ValueFound): null

2020-06-05 21:05:43 - [TEST_STEP][PASSED] - sendKeys(NewInputNmField, Keys.chord(ARROW_DOWN)): Keys 'DOWN + ' sent to object: 'Object Repository/Objects.HighlightElements/input_field_index'

2020-06-05 21:05:44 - [MESSAGE][PASSED] - Keys 'DOWN + ' sent to object: 'Object Repository/Objects.HighlightElements/input_field_index'

2020-06-05 21:05:44 - [TEST_STEP][PASSED] - sendKeys(NewInputNmField, Keys.chord(ARROW_DOWN)): Keys 'DOWN + ' sent to object: 'Object Repository/Objects.HighlightElements/input_field_index'

2020-06-05 21:05:44 - [MESSAGE][PASSED] - Keys 'DOWN + ' sent to object: 'Object Repository/Objects.HighlightElements/input_field_index'

2020-06-05 21:05:44 - [TEST_STEP][PASSED] - delay(DelayTime): Delayed 2 second(s)

2020-06-05 21:05:46 - [MESSAGE][PASSED] - Delayed 2 second(s)

2020-06-05 21:05:46 - [TEST_STEP][PASSED] - sendKeys(NewInputNmField, Keys.chord(ENTER)): Keys 'ENTER + ' sent to object: 'Object Repository/Objects.HighlightElements/input_field_index'

2020-06-05 21:05:46 - [MESSAGE][PASSED] - Keys 'ENTER + ' sent to object: 'Object Repository/Objects.HighlightElements/input_field_index'

2020-06-05 21:05:46 - [TEST_STEP][PASSED] - ComboBoxValue = getAttribute(NewInputNmField, "value"): Attribute 'value' of object 'Object Repository/Objects.HighlightElements/input_field_index' is: 'No'

2020-06-05 21:05:46 - [MESSAGE][PASSED] - Attribute 'value' of object 'Object Repository/Objects.HighlightElements/input_field_index' is: 'No'

2020-06-05 21:05:46 - [TEST_STEP][PASSED] - callTestCase(findTestCase(CallTCName), ["FindValue":ComboBoxValue, "DropdownNm":comboNm], STOP_ON_FAILURE): Call Test Case 'Test Cases/PFI Precision and Scale/HashMap Tables/ConstantHashMap' successfully

2020-06-05 21:05:46 - [TEST_CASE][PASSED] - Test Cases/PFI Precision and Scale/HashMap Tables/ConstantHashMap: Test Cases/PFI Precision and Scale/HashMap Tables/ConstantHashMap

2020-06-05 21:05:46 - [TEST_STEP][PASSED] - ConstantTBL = [1:["PeriodType":"Working Day(s)"], 2:["PeriodType":"Calendar Day(s)"], 3:["PeriodType":"Month(s)"], 4:["TypeOfLetter":"T1"], ... ]: null

2020-06-05 21:05:46 - [TEST_STEP][PASSED] - switch (DropdownNm): null

2020-06-05 21:05:46 - [TEST_STEP][PASSED] - case "PresINd":: null

2020-06-05 21:05:46 - [TEST_STEP][PASSED] - ValueFound = ConstantTBL.find({ -> ... }): null

2020-06-05 21:05:46 - [TEST_STEP][PASSED] - break: null

2020-06-05 21:05:46 - [MESSAGE][PASSED] - Call Test Case 'Test Cases/PFI Precision and Scale/HashMap Tables/ConstantHashMap' successfully

2020-06-05 21:05:46 - [TEST_STEP][PASSED] - println(ValueFound): null

2020-06-05 21:05:46 - [TEST_STEP][PASSED] - sendKeys(NewInputNmField, Keys.chord(ARROW_DOWN)): Keys 'DOWN + ' sent to object: 'Object Repository/Objects.HighlightElements/input_field_index'

2020-06-05 21:05:46 - [MESSAGE][PASSED] - Keys 'DOWN + ' sent to object: 'Object Repository/Objects.HighlightElements/input_field_index'

2020-06-05 21:05:46 - [TEST_STEP][PASSED] - sendKeys(NewInputNmField, Keys.chord(ENTER)): Keys 'ENTER + ' sent to object: 'Object Repository/Objects.HighlightElements/input_field_index'

2020-06-05 21:05:46 - [MESSAGE][PASSED] - Keys 'ENTER + ' sent to object: 'Object Repository/Objects.HighlightElements/input_field_index'

2020-06-05 21:05:46 - [MESSAGE][PASSED] - Call Test Case 'Test Cases/PFI Precision and Scale/PFI Components with Indexing/VerifyDropdownValuesXPI' successfully

2020-06-05 21:05:46 - [TEST_STEP][PASSED] - callTestCase(findTestCase("Components/SelectAllThenDeleteXPI"), ["nameToBeUsed":"submInd_4", "index":"1"], STOP_ON_FAILURE): Call Test Case 'Test Cases/Components/SelectAllThenDeleteXPI' successfully

2020-06-05 21:05:46 - [TEST_CASE][PASSED] - Test Cases/Components/SelectAllThenDeleteXPI: Test Cases/Components/SelectAllThenDeleteXPI

2020-06-05 21:05:46 - [TEST_STEP][PASSED] - Thread.sleep(1000): null

2020-06-05 21:05:47 - [TEST_STEP][PASSED] - modifiedObj = modifyObjectProperty(findTestObject("Object Repository/Objects.HighlightElements/input_field_index"), "xpath", "equals", "(//*[contains(@name,'" + nameToBeUsed + "')])[" + index + "]", true): Modify property of object successfully

2020-06-05 21:05:47 - [MESSAGE][PASSED] - Modify property of object successfully

2020-06-05 21:05:47 - [TEST_STEP][PASSED] - focus(modifiedObj): Object: 'Object Repository/Objects.HighlightElements/input_field_index' is focused

2020-06-05 21:05:47 - [MESSAGE][PASSED] - Object: 'Object Repository/Objects.HighlightElements/input_field_index' is focused

2020-06-05 21:05:47 - [TEST_STEP][PASSED] - sendKeys(modifiedObj, Keys.chord(CONTROL, "a")): Keys 'CONTROL + a' sent to object: 'Object Repository/Objects.HighlightElements/input_field_index'

2020-06-05 21:05:47 - [MESSAGE][PASSED] - Keys 'CONTROL + a' sent to object: 'Object Repository/Objects.HighlightElements/input_field_index'

2020-06-05 21:05:47 - [TEST_STEP][PASSED] - sendKeys(modifiedObj, Keys.chord(DELETE)): Keys 'DELETE + ' sent to object: 'Object Repository/Objects.HighlightElements/input_field_index'

2020-06-05 21:05:47 - [MESSAGE][PASSED] - Keys 'DELETE + ' sent to object: 'Object Repository/Objects.HighlightElements/input_field_index'

2020-06-05 21:05:47 - [MESSAGE][PASSED] - Call Test Case 'Test Cases/Components/SelectAllThenDeleteXPI' successfully

2020-06-05 21:05:47 - [TEST_STEP][PASSED] - callTestCase(findTestCase("PFI Precision and Scale/PFI Components with Indexing/RequiredFieldValidationXPI"), ["nameToBeUsed":"submInd_4", "index":1], STOP_ON_FAILURE): Call Test Case 'Test Cases/PFI Precision and Scale/PFI Components with Indexing/RequiredFieldValidationXPI' successfully

2020-06-05 21:05:47 - [TEST_CASE][PASSED] - Test Cases/PFI Precision and Scale/PFI Components with Indexing/RequiredFieldValidationXPI: Test Cases/PFI Precision and Scale/PFI Components with Indexing/RequiredFieldValidationXPI

2020-06-05 21:05:47 - [TEST_STEP][PASSED] - enableSmartWait(): null

2020-06-05 21:05:47 - [TEST_STEP][PASSED] - NewInputNmField = modifyObjectProperty(findTestObject("Objects.HighlightElements/input_field_index"), "xpath", "equals", "(//*[contains(@name,'" + nameToBeUsed + "')])[" + index + "]", true): Modify property of object successfully

2020-06-05 21:05:47 - [MESSAGE][PASSED] - Modify property of object successfully

2020-06-05 21:05:47 - [TEST_STEP][PASSED] - mouseOver(NewInputNmField): Object: 'Object Repository/Objects.HighlightElements/input_field_index' is hovered

2020-06-05 21:05:47 - [MESSAGE][PASSED] - Object: 'Object Repository/Objects.HighlightElements/input_field_index' is hovered

2020-06-05 21:05:47 - [TEST_STEP][PASSED] - getRqErrMsg = getAttribute(NewInputNmField, "data-errorqtip"): Attribute 'data-errorqtip' of object 'Object Repository/Objects.HighlightElements/input_field_index' is: '<ul class="x-list-plain"><li>This field is required</li></ul>'

2020-06-05 21:05:47 - [MESSAGE][PASSED] - Attribute 'data-errorqtip' of object 'Object Repository/Objects.HighlightElements/input_field_index' is: '<ul class="x-list-plain"><li>This field is required</li></ul>'

2020-06-05 21:05:47 - [TEST_STEP][PASSED] - strToolTip = getRqErrMsg.substring(29, 61): null

2020-06-05 21:05:47 - [TEST_STEP][PASSED] - toolTipReqErrMsg = strToolTip.substring(0, 22): null

2020-06-05 21:05:47 - [TEST_STEP][PASSED] - verifyMatch(toolTipReqErrMsg, RqField, true): Actual text 'This field is required' and expected text 'This field is required' are matched  using regular expression

2020-06-05 21:05:47 - [MESSAGE][PASSED] - Actual text 'This field is required' and expected text 'This field is required' are matched  using regular expression

2020-06-05 21:05:47 - [MESSAGE][PASSED] - Call Test Case 'Test Cases/PFI Precision and Scale/PFI Components with Indexing/RequiredFieldValidationXPI' successfully

2020-06-05 21:05:47 - [TEST_STEP][PASSED] - callTestCase(findTestCase("Components/HighlightInputFieldXPI"), ["FldNm":"submInd_5", "index":1], STOP_ON_FAILURE): Call Test Case 'Test Cases/Components/HighlightInputFieldXPI' successfully

2020-06-05 21:05:47 - [TEST_CASE][PASSED] - Test Cases/Components/HighlightInputFieldXPI: Test Cases/Components/HighlightInputFieldXPI

2020-06-05 21:05:47 - [TEST_STEP][PASSED] - Thread.sleep(1000): null

2020-06-05 21:05:48 - [TEST_STEP][PASSED] - modifiedInputNm = modifyObjectProperty(findTestObject("Object Repository/Objects.HighlightElements/input_field_index"), "xpath", "equals", "(//*[contains(@name, '" + FldNm + "')])[" + index + "]", true): Modify property of object successfully

2020-06-05 21:05:48 - [MESSAGE][PASSED] - Modify property of object successfully

2020-06-05 21:05:48 - [TEST_STEP][PASSED] - com.reusableComponents.HighlightElement.run(modifiedInputNm): com.reusableComponents.HighlightElement.run is PASSED

2020-06-05 21:05:49 - [MESSAGE][PASSED] - com.reusableComponents.HighlightElement.run is PASSED

2020-06-05 21:05:49 - [MESSAGE][PASSED] - Call Test Case 'Test Cases/Components/HighlightInputFieldXPI' successfully

2020-06-05 21:05:49 - [TEST_STEP][PASSED] - callTestCase(findTestCase("PFI Precision and Scale/PFI Components with Indexing/VerifyDropdownValuesXPI"), ["FldNm":"submInd_5", "index":1, "CallTCName":"PFI Precision and Scale/HashMap Tables/ConstantHashMap", "cmbNm":"PresINd", ... ], STOP_ON_FAILURE): Call Test Case 'Test Cases/PFI Precision and Scale/PFI Components with Indexing/VerifyDropdownValuesXPI' successfully

2020-06-05 21:05:49 - [TEST_CASE][PASSED] - Test Cases/PFI Precision and Scale/PFI Components with Indexing/VerifyDropdownValuesXPI: Test Cases/PFI Precision and Scale/PFI Components with Indexing/VerifyDropdownValuesXPI

2020-06-05 21:05:49 - [TEST_STEP][PASSED] - Thread.sleep(1000): null

2020-06-05 21:05:50 - [TEST_STEP][PASSED] - NewInputNmField = modifyObjectProperty(findTestObject("Object Repository/Objects.HighlightElements/input_field_index"), "xpath", "equals", "(//*[contains(@name, '" + FldNm + "')])[" + index + "]", true): Modify property of object successfully

2020-06-05 21:05:50 - [MESSAGE][PASSED] - Modify property of object successfully

2020-06-05 21:05:50 - [TEST_STEP][PASSED] - comboNm = cmbNm: null

2020-06-05 21:05:50 - [TEST_STEP][PASSED] - focus(NewInputNmField): Object: 'Object Repository/Objects.HighlightElements/input_field_index' is focused

2020-06-05 21:05:50 - [MESSAGE][PASSED] - Object: 'Object Repository/Objects.HighlightElements/input_field_index' is focused

2020-06-05 21:05:50 - [TEST_STEP][PASSED] - setText(NewInputNmField, EnterValue): Text '' is set on object 'Object Repository/Objects.HighlightElements/input_field_index'

2020-06-05 21:05:50 - [MESSAGE][PASSED] - Text '' is set on object 'Object Repository/Objects.HighlightElements/input_field_index'

2020-06-05 21:05:50 - [TEST_STEP][PASSED] - for ([i = 1, i <= NoOfVal, (i++)]): Keys 'DOWN + ' sent to object: 'Object Repository/Objects.HighlightElements/input_field_index'

2020-06-05 21:05:50 - [TEST_STEP][PASSED] - sendKeys(NewInputNmField, Keys.chord(ARROW_DOWN)): Keys 'DOWN + ' sent to object: 'Object Repository/Objects.HighlightElements/input_field_index'

2020-06-05 21:05:50 - [MESSAGE][PASSED] - Keys 'DOWN + ' sent to object: 'Object Repository/Objects.HighlightElements/input_field_index'

2020-06-05 21:05:50 - [TEST_STEP][PASSED] - delay(DelayTime): Delayed 2 second(s)

2020-06-05 21:05:52 - [MESSAGE][PASSED] - Delayed 2 second(s)

2020-06-05 21:05:52 - [TEST_STEP][PASSED] - sendKeys(NewInputNmField, Keys.chord(ENTER)): Keys 'ENTER + ' sent to object: 'Object Repository/Objects.HighlightElements/input_field_index'

2020-06-05 21:05:52 - [MESSAGE][PASSED] - Keys 'ENTER + ' sent to object: 'Object Repository/Objects.HighlightElements/input_field_index'

2020-06-05 21:05:52 - [TEST_STEP][PASSED] - ComboBoxValue = getAttribute(NewInputNmField, "value"): Attribute 'value' of object 'Object Repository/Objects.HighlightElements/input_field_index' is: 'Yes'

2020-06-05 21:05:52 - [MESSAGE][PASSED] - Attribute 'value' of object 'Object Repository/Objects.HighlightElements/input_field_index' is: 'Yes'

2020-06-05 21:05:52 - [TEST_STEP][PASSED] - callTestCase(findTestCase(CallTCName), ["FindValue":ComboBoxValue, "DropdownNm":comboNm], STOP_ON_FAILURE): Call Test Case 'Test Cases/PFI Precision and Scale/HashMap Tables/ConstantHashMap' successfully

2020-06-05 21:05:52 - [TEST_CASE][PASSED] - Test Cases/PFI Precision and Scale/HashMap Tables/ConstantHashMap: Test Cases/PFI Precision and Scale/HashMap Tables/ConstantHashMap

2020-06-05 21:05:52 - [TEST_STEP][PASSED] - ConstantTBL = [1:["PeriodType":"Working Day(s)"], 2:["PeriodType":"Calendar Day(s)"], 3:["PeriodType":"Month(s)"], 4:["TypeOfLetter":"T1"], ... ]: null

2020-06-05 21:05:52 - [TEST_STEP][PASSED] - switch (DropdownNm): null

2020-06-05 21:05:52 - [TEST_STEP][PASSED] - case "PresINd":: null

2020-06-05 21:05:52 - [TEST_STEP][PASSED] - ValueFound = ConstantTBL.find({ -> ... }): null

2020-06-05 21:05:52 - [TEST_STEP][PASSED] - break: null

2020-06-05 21:05:52 - [MESSAGE][PASSED] - Call Test Case 'Test Cases/PFI Precision and Scale/HashMap Tables/ConstantHashMap' successfully

2020-06-05 21:05:52 - [TEST_STEP][PASSED] - println(ValueFound): null

2020-06-05 21:05:52 - [TEST_STEP][PASSED] - sendKeys(NewInputNmField, Keys.chord(ARROW_DOWN)): Keys 'DOWN + ' sent to object: 'Object Repository/Objects.HighlightElements/input_field_index'

2020-06-05 21:05:52 - [MESSAGE][PASSED] - Keys 'DOWN + ' sent to object: 'Object Repository/Objects.HighlightElements/input_field_index'

2020-06-05 21:05:52 - [TEST_STEP][PASSED] - sendKeys(NewInputNmField, Keys.chord(ARROW_DOWN)): Keys 'DOWN + ' sent to object: 'Object Repository/Objects.HighlightElements/input_field_index'

2020-06-05 21:05:52 - [MESSAGE][PASSED] - Keys 'DOWN + ' sent to object: 'Object Repository/Objects.HighlightElements/input_field_index'

2020-06-05 21:05:52 - [TEST_STEP][PASSED] - delay(DelayTime): Delayed 2 second(s)

2020-06-05 21:05:54 - [MESSAGE][PASSED] - Delayed 2 second(s)

2020-06-05 21:05:54 - [TEST_STEP][PASSED] - sendKeys(NewInputNmField, Keys.chord(ENTER)): Keys 'ENTER + ' sent to object: 'Object Repository/Objects.HighlightElements/input_field_index'

2020-06-05 21:05:54 - [MESSAGE][PASSED] - Keys 'ENTER + ' sent to object: 'Object Repository/Objects.HighlightElements/input_field_index'

2020-06-05 21:05:54 - [TEST_STEP][PASSED] - ComboBoxValue = getAttribute(NewInputNmField, "value"): Attribute 'value' of object 'Object Repository/Objects.HighlightElements/input_field_index' is: 'No'

2020-06-05 21:05:54 - [MESSAGE][PASSED] - Attribute 'value' of object 'Object Repository/Objects.HighlightElements/input_field_index' is: 'No'

2020-06-05 21:05:54 - [TEST_STEP][PASSED] - callTestCase(findTestCase(CallTCName), ["FindValue":ComboBoxValue, "DropdownNm":comboNm], STOP_ON_FAILURE): Call Test Case 'Test Cases/PFI Precision and Scale/HashMap Tables/ConstantHashMap' successfully

2020-06-05 21:05:55 - [TEST_CASE][PASSED] - Test Cases/PFI Precision and Scale/HashMap Tables/ConstantHashMap: Test Cases/PFI Precision and Scale/HashMap Tables/ConstantHashMap

2020-06-05 21:05:55 - [TEST_STEP][PASSED] - ConstantTBL = [1:["PeriodType":"Working Day(s)"], 2:["PeriodType":"Calendar Day(s)"], 3:["PeriodType":"Month(s)"], 4:["TypeOfLetter":"T1"], ... ]: null

2020-06-05 21:05:55 - [TEST_STEP][PASSED] - switch (DropdownNm): null

2020-06-05 21:05:55 - [TEST_STEP][PASSED] - case "PresINd":: null

2020-06-05 21:05:55 - [TEST_STEP][PASSED] - ValueFound = ConstantTBL.find({ -> ... }): null

2020-06-05 21:05:55 - [TEST_STEP][PASSED] - break: null

2020-06-05 21:05:55 - [MESSAGE][PASSED] - Call Test Case 'Test Cases/PFI Precision and Scale/HashMap Tables/ConstantHashMap' successfully

2020-06-05 21:05:55 - [TEST_STEP][PASSED] - println(ValueFound): null

2020-06-05 21:05:55 - [TEST_STEP][PASSED] - sendKeys(NewInputNmField, Keys.chord(ARROW_DOWN)): Keys 'DOWN + ' sent to object: 'Object Repository/Objects.HighlightElements/input_field_index'

2020-06-05 21:05:55 - [MESSAGE][PASSED] - Keys 'DOWN + ' sent to object: 'Object Repository/Objects.HighlightElements/input_field_index'

2020-06-05 21:05:55 - [TEST_STEP][PASSED] - sendKeys(NewInputNmField, Keys.chord(ENTER)): Keys 'ENTER + ' sent to object: 'Object Repository/Objects.HighlightElements/input_field_index'

2020-06-05 21:05:55 - [MESSAGE][PASSED] - Keys 'ENTER + ' sent to object: 'Object Repository/Objects.HighlightElements/input_field_index'

2020-06-05 21:05:55 - [MESSAGE][PASSED] - Call Test Case 'Test Cases/PFI Precision and Scale/PFI Components with Indexing/VerifyDropdownValuesXPI' successfully

2020-06-05 21:05:55 - [TEST_STEP][PASSED] - callTestCase(findTestCase("Components/SelectAllThenDeleteXPI"), ["nameToBeUsed":"submInd_5", "index":"1"], STOP_ON_FAILURE): Call Test Case 'Test Cases/Components/SelectAllThenDeleteXPI' successfully

2020-06-05 21:05:55 - [TEST_CASE][PASSED] - Test Cases/Components/SelectAllThenDeleteXPI: Test Cases/Components/SelectAllThenDeleteXPI

2020-06-05 21:05:55 - [TEST_STEP][PASSED] - Thread.sleep(1000): null

2020-06-05 21:05:56 - [TEST_STEP][PASSED] - modifiedObj = modifyObjectProperty(findTestObject("Object Repository/Objects.HighlightElements/input_field_index"), "xpath", "equals", "(//*[contains(@name,'" + nameToBeUsed + "')])[" + index + "]", true): Modify property of object successfully

2020-06-05 21:05:56 - [MESSAGE][PASSED] - Modify property of object successfully

2020-06-05 21:05:56 - [TEST_STEP][PASSED] - focus(modifiedObj): Object: 'Object Repository/Objects.HighlightElements/input_field_index' is focused

2020-06-05 21:05:56 - [MESSAGE][PASSED] - Object: 'Object Repository/Objects.HighlightElements/input_field_index' is focused

2020-06-05 21:05:56 - [TEST_STEP][PASSED] - sendKeys(modifiedObj, Keys.chord(CONTROL, "a")): Keys 'CONTROL + a' sent to object: 'Object Repository/Objects.HighlightElements/input_field_index'

2020-06-05 21:05:56 - [MESSAGE][PASSED] - Keys 'CONTROL + a' sent to object: 'Object Repository/Objects.HighlightElements/input_field_index'

2020-06-05 21:05:56 - [TEST_STEP][PASSED] - sendKeys(modifiedObj, Keys.chord(DELETE)): Keys 'DELETE + ' sent to object: 'Object Repository/Objects.HighlightElements/input_field_index'

2020-06-05 21:05:56 - [MESSAGE][PASSED] - Keys 'DELETE + ' sent to object: 'Object Repository/Objects.HighlightElements/input_field_index'

2020-06-05 21:05:56 - [MESSAGE][PASSED] - Call Test Case 'Test Cases/Components/SelectAllThenDeleteXPI' successfully

2020-06-05 21:05:56 - [TEST_STEP][PASSED] - callTestCase(findTestCase("PFI Precision and Scale/PFI Components with Indexing/RequiredFieldValidationXPI"), ["nameToBeUsed":"submInd_5", "index":1], STOP_ON_FAILURE): Call Test Case 'Test Cases/PFI Precision and Scale/PFI Components with Indexing/RequiredFieldValidationXPI' successfully

2020-06-05 21:05:56 - [TEST_CASE][PASSED] - Test Cases/PFI Precision and Scale/PFI Components with Indexing/RequiredFieldValidationXPI: Test Cases/PFI Precision and Scale/PFI Components with Indexing/RequiredFieldValidationXPI

2020-06-05 21:05:56 - [TEST_STEP][PASSED] - enableSmartWait(): null

2020-06-05 21:05:56 - [TEST_STEP][PASSED] - NewInputNmField = modifyObjectProperty(findTestObject("Objects.HighlightElements/input_field_index"), "xpath", "equals", "(//*[contains(@name,'" + nameToBeUsed + "')])[" + index + "]", true): Modify property of object successfully

2020-06-05 21:05:56 - [MESSAGE][PASSED] - Modify property of object successfully

2020-06-05 21:05:56 - [TEST_STEP][PASSED] - mouseOver(NewInputNmField): Object: 'Object Repository/Objects.HighlightElements/input_field_index' is hovered

2020-06-05 21:05:56 - [MESSAGE][PASSED] - Object: 'Object Repository/Objects.HighlightElements/input_field_index' is hovered

2020-06-05 21:05:56 - [TEST_STEP][PASSED] - getRqErrMsg = getAttribute(NewInputNmField, "data-errorqtip"): Attribute 'data-errorqtip' of object 'Object Repository/Objects.HighlightElements/input_field_index' is: '<ul class="x-list-plain"><li>This field is required</li></ul>'

2020-06-05 21:05:56 - [MESSAGE][PASSED] - Attribute 'data-errorqtip' of object 'Object Repository/Objects.HighlightElements/input_field_index' is: '<ul class="x-list-plain"><li>This field is required</li></ul>'

2020-06-05 21:05:56 - [TEST_STEP][PASSED] - strToolTip = getRqErrMsg.substring(29, 61): null

2020-06-05 21:05:56 - [TEST_STEP][PASSED] - toolTipReqErrMsg = strToolTip.substring(0, 22): null

2020-06-05 21:05:56 - [TEST_STEP][PASSED] - verifyMatch(toolTipReqErrMsg, RqField, true): Actual text 'This field is required' and expected text 'This field is required' are matched  using regular expression

2020-06-05 21:05:56 - [MESSAGE][PASSED] - Actual text 'This field is required' and expected text 'This field is required' are matched  using regular expression

2020-06-05 21:05:56 - [MESSAGE][PASSED] - Call Test Case 'Test Cases/PFI Precision and Scale/PFI Components with Indexing/RequiredFieldValidationXPI' successfully

2020-06-05 21:05:56 - [TEST_STEP][PASSED] - callTestCase(findTestCase("Components/HighlightInputFieldXPI"), ["FldNm":"submInd_6", "index":1], STOP_ON_FAILURE): Call Test Case 'Test Cases/Components/HighlightInputFieldXPI' successfully

2020-06-05 21:05:56 - [TEST_CASE][PASSED] - Test Cases/Components/HighlightInputFieldXPI: Test Cases/Components/HighlightInputFieldXPI

2020-06-05 21:05:56 - [TEST_STEP][PASSED] - Thread.sleep(1000): null

2020-06-05 21:05:57 - [TEST_STEP][PASSED] - modifiedInputNm = modifyObjectProperty(findTestObject("Object Repository/Objects.HighlightElements/input_field_index"), "xpath", "equals", "(//*[contains(@name, '" + FldNm + "')])[" + index + "]", true): Modify property of object successfully

2020-06-05 21:05:57 - [MESSAGE][PASSED] - Modify property of object successfully

2020-06-05 21:05:57 - [TEST_STEP][PASSED] - com.reusableComponents.HighlightElement.run(modifiedInputNm): com.reusableComponents.HighlightElement.run is PASSED

2020-06-05 21:05:58 - [MESSAGE][PASSED] - com.reusableComponents.HighlightElement.run is PASSED

2020-06-05 21:05:58 - [MESSAGE][PASSED] - Call Test Case 'Test Cases/Components/HighlightInputFieldXPI' successfully

2020-06-05 21:05:58 - [TEST_STEP][PASSED] - callTestCase(findTestCase("PFI Precision and Scale/PFI Components with Indexing/VerifyDropdownValuesXPI"), ["FldNm":"submInd_6", "index":1, "CallTCName":"PFI Precision and Scale/HashMap Tables/ConstantHashMap", "cmbNm":"PresINd", ... ], STOP_ON_FAILURE): Call Test Case 'Test Cases/PFI Precision and Scale/PFI Components with Indexing/VerifyDropdownValuesXPI' successfully

2020-06-05 21:05:58 - [TEST_CASE][PASSED] - Test Cases/PFI Precision and Scale/PFI Components with Indexing/VerifyDropdownValuesXPI: Test Cases/PFI Precision and Scale/PFI Components with Indexing/VerifyDropdownValuesXPI

2020-06-05 21:05:58 - [TEST_STEP][PASSED] - Thread.sleep(1000): null

2020-06-05 21:05:59 - [TEST_STEP][PASSED] - NewInputNmField = modifyObjectProperty(findTestObject("Object Repository/Objects.HighlightElements/input_field_index"), "xpath", "equals", "(//*[contains(@name, '" + FldNm + "')])[" + index + "]", true): Modify property of object successfully

2020-06-05 21:05:59 - [MESSAGE][PASSED] - Modify property of object successfully

2020-06-05 21:05:59 - [TEST_STEP][PASSED] - comboNm = cmbNm: null

2020-06-05 21:05:59 - [TEST_STEP][PASSED] - focus(NewInputNmField): Object: 'Object Repository/Objects.HighlightElements/input_field_index' is focused

2020-06-05 21:05:59 - [MESSAGE][PASSED] - Object: 'Object Repository/Objects.HighlightElements/input_field_index' is focused

2020-06-05 21:05:59 - [TEST_STEP][PASSED] - setText(NewInputNmField, EnterValue): Text '' is set on object 'Object Repository/Objects.HighlightElements/input_field_index'

2020-06-05 21:05:59 - [MESSAGE][PASSED] - Text '' is set on object 'Object Repository/Objects.HighlightElements/input_field_index'

2020-06-05 21:05:59 - [TEST_STEP][PASSED] - for ([i = 1, i <= NoOfVal, (i++)]): Keys 'DOWN + ' sent to object: 'Object Repository/Objects.HighlightElements/input_field_index'

2020-06-05 21:05:59 - [TEST_STEP][PASSED] - sendKeys(NewInputNmField, Keys.chord(ARROW_DOWN)): Keys 'DOWN + ' sent to object: 'Object Repository/Objects.HighlightElements/input_field_index'

2020-06-05 21:05:59 - [MESSAGE][PASSED] - Keys 'DOWN + ' sent to object: 'Object Repository/Objects.HighlightElements/input_field_index'

2020-06-05 21:05:59 - [TEST_STEP][PASSED] - delay(DelayTime): Delayed 2 second(s)

2020-06-05 21:06:01 - [MESSAGE][PASSED] - Delayed 2 second(s)

2020-06-05 21:06:01 - [TEST_STEP][PASSED] - sendKeys(NewInputNmField, Keys.chord(ENTER)): Keys 'ENTER + ' sent to object: 'Object Repository/Objects.HighlightElements/input_field_index'

2020-06-05 21:06:01 - [MESSAGE][PASSED] - Keys 'ENTER + ' sent to object: 'Object Repository/Objects.HighlightElements/input_field_index'

2020-06-05 21:06:01 - [TEST_STEP][PASSED] - ComboBoxValue = getAttribute(NewInputNmField, "value"): Attribute 'value' of object 'Object Repository/Objects.HighlightElements/input_field_index' is: 'Yes'

2020-06-05 21:06:01 - [MESSAGE][PASSED] - Attribute 'value' of object 'Object Repository/Objects.HighlightElements/input_field_index' is: 'Yes'

2020-06-05 21:06:01 - [TEST_STEP][PASSED] - callTestCase(findTestCase(CallTCName), ["FindValue":ComboBoxValue, "DropdownNm":comboNm], STOP_ON_FAILURE): Call Test Case 'Test Cases/PFI Precision and Scale/HashMap Tables/ConstantHashMap' successfully

2020-06-05 21:06:01 - [TEST_CASE][PASSED] - Test Cases/PFI Precision and Scale/HashMap Tables/ConstantHashMap: Test Cases/PFI Precision and Scale/HashMap Tables/ConstantHashMap

2020-06-05 21:06:01 - [TEST_STEP][PASSED] - ConstantTBL = [1:["PeriodType":"Working Day(s)"], 2:["PeriodType":"Calendar Day(s)"], 3:["PeriodType":"Month(s)"], 4:["TypeOfLetter":"T1"], ... ]: null

2020-06-05 21:06:01 - [TEST_STEP][PASSED] - switch (DropdownNm): null

2020-06-05 21:06:01 - [TEST_STEP][PASSED] - case "PresINd":: null

2020-06-05 21:06:01 - [TEST_STEP][PASSED] - ValueFound = ConstantTBL.find({ -> ... }): null

2020-06-05 21:06:01 - [TEST_STEP][PASSED] - break: null

2020-06-05 21:06:01 - [MESSAGE][PASSED] - Call Test Case 'Test Cases/PFI Precision and Scale/HashMap Tables/ConstantHashMap' successfully

2020-06-05 21:06:01 - [TEST_STEP][PASSED] - println(ValueFound): null

2020-06-05 21:06:01 - [TEST_STEP][PASSED] - sendKeys(NewInputNmField, Keys.chord(ARROW_DOWN)): Keys 'DOWN + ' sent to object: 'Object Repository/Objects.HighlightElements/input_field_index'

2020-06-05 21:06:01 - [MESSAGE][PASSED] - Keys 'DOWN + ' sent to object: 'Object Repository/Objects.HighlightElements/input_field_index'

2020-06-05 21:06:01 - [TEST_STEP][PASSED] - sendKeys(NewInputNmField, Keys.chord(ARROW_DOWN)): Keys 'DOWN + ' sent to object: 'Object Repository/Objects.HighlightElements/input_field_index'

2020-06-05 21:06:01 - [MESSAGE][PASSED] - Keys 'DOWN + ' sent to object: 'Object Repository/Objects.HighlightElements/input_field_index'

2020-06-05 21:06:01 - [TEST_STEP][PASSED] - delay(DelayTime): Delayed 2 second(s)

2020-06-05 21:06:03 - [MESSAGE][PASSED] - Delayed 2 second(s)

2020-06-05 21:06:03 - [TEST_STEP][PASSED] - sendKeys(NewInputNmField, Keys.chord(ENTER)): Keys 'ENTER + ' sent to object: 'Object Repository/Objects.HighlightElements/input_field_index'

2020-06-05 21:06:03 - [MESSAGE][PASSED] - Keys 'ENTER + ' sent to object: 'Object Repository/Objects.HighlightElements/input_field_index'

2020-06-05 21:06:03 - [TEST_STEP][PASSED] - ComboBoxValue = getAttribute(NewInputNmField, "value"): Attribute 'value' of object 'Object Repository/Objects.HighlightElements/input_field_index' is: 'No'

2020-06-05 21:06:03 - [MESSAGE][PASSED] - Attribute 'value' of object 'Object Repository/Objects.HighlightElements/input_field_index' is: 'No'

2020-06-05 21:06:03 - [TEST_STEP][PASSED] - callTestCase(findTestCase(CallTCName), ["FindValue":ComboBoxValue, "DropdownNm":comboNm], STOP_ON_FAILURE): Call Test Case 'Test Cases/PFI Precision and Scale/HashMap Tables/ConstantHashMap' successfully

2020-06-05 21:06:03 - [TEST_CASE][PASSED] - Test Cases/PFI Precision and Scale/HashMap Tables/ConstantHashMap: Test Cases/PFI Precision and Scale/HashMap Tables/ConstantHashMap

2020-06-05 21:06:03 - [TEST_STEP][PASSED] - ConstantTBL = [1:["PeriodType":"Working Day(s)"], 2:["PeriodType":"Calendar Day(s)"], 3:["PeriodType":"Month(s)"], 4:["TypeOfLetter":"T1"], ... ]: null

2020-06-05 21:06:03 - [TEST_STEP][PASSED] - switch (DropdownNm): null

2020-06-05 21:06:03 - [TEST_STEP][PASSED] - case "PresINd":: null

2020-06-05 21:06:03 - [TEST_STEP][PASSED] - ValueFound = ConstantTBL.find({ -> ... }): null

2020-06-05 21:06:03 - [TEST_STEP][PASSED] - break: null

2020-06-05 21:06:03 - [MESSAGE][PASSED] - Call Test Case 'Test Cases/PFI Precision and Scale/HashMap Tables/ConstantHashMap' successfully

2020-06-05 21:06:03 - [TEST_STEP][PASSED] - println(ValueFound): null

2020-06-05 21:06:03 - [TEST_STEP][PASSED] - sendKeys(NewInputNmField, Keys.chord(ARROW_DOWN)): Keys 'DOWN + ' sent to object: 'Object Repository/Objects.HighlightElements/input_field_index'

2020-06-05 21:06:03 - [MESSAGE][PASSED] - Keys 'DOWN + ' sent to object: 'Object Repository/Objects.HighlightElements/input_field_index'

2020-06-05 21:06:03 - [TEST_STEP][PASSED] - sendKeys(NewInputNmField, Keys.chord(ENTER)): Keys 'ENTER + ' sent to object: 'Object Repository/Objects.HighlightElements/input_field_index'

2020-06-05 21:06:03 - [MESSAGE][PASSED] - Keys 'ENTER + ' sent to object: 'Object Repository/Objects.HighlightElements/input_field_index'

2020-06-05 21:06:03 - [MESSAGE][PASSED] - Call Test Case 'Test Cases/PFI Precision and Scale/PFI Components with Indexing/VerifyDropdownValuesXPI' successfully

2020-06-05 21:06:03 - [TEST_STEP][PASSED] - callTestCase(findTestCase("Components/SelectAllThenDeleteXPI"), ["nameToBeUsed":"submInd_6", "index":"1"], STOP_ON_FAILURE): Call Test Case 'Test Cases/Components/SelectAllThenDeleteXPI' successfully

2020-06-05 21:06:04 - [TEST_CASE][PASSED] - Test Cases/Components/SelectAllThenDeleteXPI: Test Cases/Components/SelectAllThenDeleteXPI

2020-06-05 21:06:04 - [TEST_STEP][PASSED] - Thread.sleep(1000): null

2020-06-05 21:06:05 - [TEST_STEP][PASSED] - modifiedObj = modifyObjectProperty(findTestObject("Object Repository/Objects.HighlightElements/input_field_index"), "xpath", "equals", "(//*[contains(@name,'" + nameToBeUsed + "')])[" + index + "]", true): Modify property of object successfully

2020-06-05 21:06:05 - [MESSAGE][PASSED] - Modify property of object successfully

2020-06-05 21:06:05 - [TEST_STEP][PASSED] - focus(modifiedObj): Object: 'Object Repository/Objects.HighlightElements/input_field_index' is focused

2020-06-05 21:06:05 - [MESSAGE][PASSED] - Object: 'Object Repository/Objects.HighlightElements/input_field_index' is focused

2020-06-05 21:06:05 - [TEST_STEP][PASSED] - sendKeys(modifiedObj, Keys.chord(CONTROL, "a")): Keys 'CONTROL + a' sent to object: 'Object Repository/Objects.HighlightElements/input_field_index'

2020-06-05 21:06:05 - [MESSAGE][PASSED] - Keys 'CONTROL + a' sent to object: 'Object Repository/Objects.HighlightElements/input_field_index'

2020-06-05 21:06:05 - [TEST_STEP][PASSED] - sendKeys(modifiedObj, Keys.chord(DELETE)): Keys 'DELETE + ' sent to object: 'Object Repository/Objects.HighlightElements/input_field_index'

2020-06-05 21:06:05 - [MESSAGE][PASSED] - Keys 'DELETE + ' sent to object: 'Object Repository/Objects.HighlightElements/input_field_index'

2020-06-05 21:06:05 - [MESSAGE][PASSED] - Call Test Case 'Test Cases/Components/SelectAllThenDeleteXPI' successfully

2020-06-05 21:06:05 - [TEST_STEP][PASSED] - callTestCase(findTestCase("PFI Precision and Scale/PFI Components with Indexing/RequiredFieldValidationXPI"), ["nameToBeUsed":"submInd_6", "index":1], STOP_ON_FAILURE): Call Test Case 'Test Cases/PFI Precision and Scale/PFI Components with Indexing/RequiredFieldValidationXPI' successfully

2020-06-05 21:06:05 - [TEST_CASE][PASSED] - Test Cases/PFI Precision and Scale/PFI Components with Indexing/RequiredFieldValidationXPI: Test Cases/PFI Precision and Scale/PFI Components with Indexing/RequiredFieldValidationXPI

2020-06-05 21:06:05 - [TEST_STEP][PASSED] - enableSmartWait(): null

2020-06-05 21:06:05 - [TEST_STEP][PASSED] - NewInputNmField = modifyObjectProperty(findTestObject("Objects.HighlightElements/input_field_index"), "xpath", "equals", "(//*[contains(@name,'" + nameToBeUsed + "')])[" + index + "]", true): Modify property of object successfully

2020-06-05 21:06:05 - [MESSAGE][PASSED] - Modify property of object successfully

2020-06-05 21:06:05 - [TEST_STEP][PASSED] - mouseOver(NewInputNmField): Object: 'Object Repository/Objects.HighlightElements/input_field_index' is hovered

2020-06-05 21:06:05 - [MESSAGE][PASSED] - Object: 'Object Repository/Objects.HighlightElements/input_field_index' is hovered

2020-06-05 21:06:05 - [TEST_STEP][PASSED] - getRqErrMsg = getAttribute(NewInputNmField, "data-errorqtip"): Attribute 'data-errorqtip' of object 'Object Repository/Objects.HighlightElements/input_field_index' is: '<ul class="x-list-plain"><li>This field is required</li></ul>'

2020-06-05 21:06:05 - [MESSAGE][PASSED] - Attribute 'data-errorqtip' of object 'Object Repository/Objects.HighlightElements/input_field_index' is: '<ul class="x-list-plain"><li>This field is required</li></ul>'

2020-06-05 21:06:05 - [TEST_STEP][PASSED] - strToolTip = getRqErrMsg.substring(29, 61): null

2020-06-05 21:06:05 - [TEST_STEP][PASSED] - toolTipReqErrMsg = strToolTip.substring(0, 22): null

2020-06-05 21:06:05 - [TEST_STEP][PASSED] - verifyMatch(toolTipReqErrMsg, RqField, true): Actual text 'This field is required' and expected text 'This field is required' are matched  using regular expression

2020-06-05 21:06:05 - [MESSAGE][PASSED] - Actual text 'This field is required' and expected text 'This field is required' are matched  using regular expression

2020-06-05 21:06:05 - [MESSAGE][PASSED] - Call Test Case 'Test Cases/PFI Precision and Scale/PFI Components with Indexing/RequiredFieldValidationXPI' successfully

2020-06-05 21:06:05 - [TEST_STEP][NOT_RUN] - callTestCase(findTestCase("Components/Logout"), ["LogoutPageTextToBeVerified":findTestData("ISPS2 Test Data").getValue("HomeBanner", 2)], STOP_ON_FAILURE): NOT_RUN: callTestCase(findTestCase("Components/Logout"), ["LogoutPageTextToBeVerified":findTestData("ISPS2 Test Data").getValue("HomeBanner", 2)], STOP_ON_FAILURE)

2020-06-05 21:06:05 - [MESSAGE][NOT_RUN] - NOT_RUN: callTestCase(findTestCase("Components/Logout"), ["LogoutPageTextToBeVerified":findTestData("ISPS2 Test Data").getValue("HomeBanner", 2)], STOP_ON_FAILURE)]]></system-out>
         <system-err><![CDATA[]]></system-err>
      </testcase>
      <testcase name="Test Cases/PFI Precision and Scale/PFI Test Cases/Process Case (PFI)/PFI.ReferToExternalAgencyLHS" time="125.95" classname="Test Cases/PFI Precision and Scale/PFI Test Cases/Process Case (PFI)/PFI.ReferToExternalAgencyLHS" status="PASSED">
         <system-out><![CDATA[2020-06-05 21:06:05 - [TEST_CASE][PASSED] - Test Cases/PFI Precision and Scale/PFI Test Cases/Process Case (PFI)/PFI.ReferToExternalAgencyLHS: Test Cases/PFI Precision and Scale/PFI Test Cases/Process Case (PFI)/PFI.ReferToExternalAgencyLHS

2020-06-05 21:06:05 - [TEST_STEP][NOT_RUN] - callTestCase(findTestCase("Components/LoginV2.0"), ["LinkToBeUsed":findTestData("ISPS2 Test Data").getValue("URL", 2), "LoginPageTextToBeVerified":findTestData("ISPS2 Test Data").getValue("HomeBanner", 2), ... ], STOP_ON_FAILURE): NOT_RUN: callTestCase(findTestCase("Components/LoginV2.0"), ["LinkToBeUsed":findTestData("ISPS2 Test Data").getValue("URL", 2), "LoginPageTextToBeVerified":findTestData("ISPS2 Test Data").getValue("HomeBanner", 2), ... ], STOP_ON_FAILURE)

2020-06-05 21:06:05 - [MESSAGE][NOT_RUN] - NOT_RUN: callTestCase(findTestCase("Components/LoginV2.0"), ["LinkToBeUsed":findTestData("ISPS2 Test Data").getValue("URL", 2), "LoginPageTextToBeVerified":findTestData("ISPS2 Test Data").getValue("HomeBanner", 2), ... ], STOP_ON_FAILURE)

2020-06-05 21:06:05 - [TEST_STEP][NOT_RUN] - callTestCase(findTestCase("Components/NavigateToHomepageHeaders"), ["headerText":"My Tasks"], STOP_ON_FAILURE): NOT_RUN: callTestCase(findTestCase("Components/NavigateToHomepageHeaders"), ["headerText":"My Tasks"], STOP_ON_FAILURE)

2020-06-05 21:06:05 - [MESSAGE][NOT_RUN] - NOT_RUN: callTestCase(findTestCase("Components/NavigateToHomepageHeaders"), ["headerText":"My Tasks"], STOP_ON_FAILURE)

2020-06-05 21:06:05 - [TEST_STEP][NOT_RUN] - callTestCase(findTestCase("Components/Filter"), ["taskDescription":"Process Case (SM)"], STOP_ON_FAILURE): NOT_RUN: callTestCase(findTestCase("Components/Filter"), ["taskDescription":"Process Case (SM)"], STOP_ON_FAILURE)

2020-06-05 21:06:05 - [MESSAGE][NOT_RUN] - NOT_RUN: callTestCase(findTestCase("Components/Filter"), ["taskDescription":"Process Case (SM)"], STOP_ON_FAILURE)

2020-06-05 21:06:05 - [TEST_STEP][NOT_RUN] - callTestCase(findTestCase("Components/ClickLinkDependingOnTextAndIndex"), ["linkName":"Process Case (SM)", "index":"3"], STOP_ON_FAILURE): NOT_RUN: callTestCase(findTestCase("Components/ClickLinkDependingOnTextAndIndex"), ["linkName":"Process Case (SM)", "index":"3"], STOP_ON_FAILURE)

2020-06-05 21:06:05 - [MESSAGE][NOT_RUN] - NOT_RUN: callTestCase(findTestCase("Components/ClickLinkDependingOnTextAndIndex"), ["linkName":"Process Case (SM)", "index":"3"], STOP_ON_FAILURE)

2020-06-05 21:06:05 - [TEST_STEP][PASSED] - callTestCase(findTestCase("Components/NavigateToAnyLHS"), ["LHS":"Refer Case to External Agency"], STOP_ON_FAILURE): Call Test Case 'Test Cases/Components/NavigateToAnyLHS' successfully

2020-06-05 21:06:05 - [TEST_CASE][PASSED] - Test Cases/Components/NavigateToAnyLHS: Test Cases/Components/NavigateToAnyLHS

2020-06-05 21:06:05 - [TEST_STEP][PASSED] - Thread.sleep(1000): null

2020-06-05 21:06:06 - [TEST_STEP][PASSED] - modifiedLHS = modifyObjectProperty(findTestObject("Objects.NavigateToAnyLHS/Page_ISPS2/LHSToModify"), "text", "equals", LHS, true): Modify property of object successfully

2020-06-05 21:06:06 - [MESSAGE][PASSED] - Modify property of object successfully

2020-06-05 21:06:06 - [TEST_STEP][PASSED] - click(modifiedLHS): Object: 'Object Repository/Objects.NavigateToAnyLHS/Page_ISPS2/LHSToModify' is clicked on

2020-06-05 21:06:06 - [MESSAGE][PASSED] - Object: 'Object Repository/Objects.NavigateToAnyLHS/Page_ISPS2/LHSToModify' is clicked on

2020-06-05 21:06:06 - [TEST_STEP][PASSED] - currentLHS = getText(modifiedLHS): Text of object 'Object Repository/Objects.NavigateToAnyLHS/Page_ISPS2/LHSToModify' is: 'Refer Case to External Agency'

2020-06-05 21:06:06 - [MESSAGE][PASSED] - Text of object 'Object Repository/Objects.NavigateToAnyLHS/Page_ISPS2/LHSToModify' is: 'Refer Case to External Agency'

2020-06-05 21:06:06 - [TEST_STEP][PASSED] - Thread.sleep(5000): null

2020-06-05 21:06:11 - [MESSAGE][PASSED] - Call Test Case 'Test Cases/Components/NavigateToAnyLHS' successfully

2020-06-05 21:06:11 - [TEST_STEP][PASSED] - callTestCase(findTestCase("Components/VerifyPageSuccessfullyLoaded"), ["HeaderName":"Refer to External Agency"], STOP_ON_FAILURE): Call Test Case 'Test Cases/Components/VerifyPageSuccessfullyLoaded' successfully

2020-06-05 21:06:11 - [TEST_CASE][PASSED] - Test Cases/Components/VerifyPageSuccessfullyLoaded: Test Cases/Components/VerifyPageSuccessfullyLoaded

2020-06-05 21:06:11 - [TEST_STEP][PASSED] - Thread.sleep(3000): null

2020-06-05 21:06:14 - [TEST_STEP][PASSED] - ModifiedHeaderName = modifyObjectProperty(findTestObject("Objects.VerifyPageSuccessfullyLoaded/PageHeader"), "text", "equals", HeaderName, true): Modify property of object successfully

2020-06-05 21:06:14 - [MESSAGE][PASSED] - Modify property of object successfully

2020-06-05 21:06:14 - [TEST_STEP][PASSED] - verifyElementPresent(ModifiedHeaderName, 30): Object 'Object Repository/Objects.VerifyPageSuccessfullyLoaded/PageHeader' is present

2020-06-05 21:06:14 - [MESSAGE][PASSED] - Object 'Object Repository/Objects.VerifyPageSuccessfullyLoaded/PageHeader' is present

2020-06-05 21:06:14 - [TEST_STEP][PASSED] - com.reusableComponents.HighlightElement.run(ModifiedHeaderName): com.reusableComponents.HighlightElement.run is PASSED

2020-06-05 21:06:15 - [MESSAGE][PASSED] - com.reusableComponents.HighlightElement.run is PASSED

2020-06-05 21:06:15 - [MESSAGE][PASSED] - Call Test Case 'Test Cases/Components/VerifyPageSuccessfullyLoaded' successfully

2020-06-05 21:06:15 - [TEST_STEP][PASSED] - callTestCase(findTestCase("Components/HighlightLabelFieldXPI"), ["LblName":"External Agencies", "index":1], STOP_ON_FAILURE): Call Test Case 'Test Cases/Components/HighlightLabelFieldXPI' successfully

2020-06-05 21:06:15 - [TEST_CASE][PASSED] - Test Cases/Components/HighlightLabelFieldXPI: Test Cases/Components/HighlightLabelFieldXPI

2020-06-05 21:06:15 - [TEST_STEP][PASSED] - Thread.sleep(1000): null

2020-06-05 21:06:16 - [TEST_STEP][PASSED] - modifiedLblNm = modifyObjectProperty(findTestObject("Object Repository/Objects.HighlightElements/lblField_index"), "xpath", "equals", "(//*[contains(@class, 'x-form-item-label-inner x-form-item-label-inner-default') and contains(., '" + LblName + "')])[" + index + "]", true): Modify property of object successfully

2020-06-05 21:06:16 - [MESSAGE][PASSED] - Modify property of object successfully

2020-06-05 21:06:16 - [TEST_STEP][PASSED] - com.reusableComponents.HighlightElement.run(modifiedLblNm): com.reusableComponents.HighlightElement.run is PASSED

2020-06-05 21:06:16 - [MESSAGE][PASSED] - com.reusableComponents.HighlightElement.run is PASSED

2020-06-05 21:06:16 - [MESSAGE][PASSED] - Call Test Case 'Test Cases/Components/HighlightLabelFieldXPI' successfully

2020-06-05 21:06:16 - [TEST_STEP][PASSED] - callTestCase(findTestCase("Components/HighlightInputFieldXPI"), ["FldNm":"extAgenciesCmb", "index":1], STOP_ON_FAILURE): Call Test Case 'Test Cases/Components/HighlightInputFieldXPI' successfully

2020-06-05 21:06:16 - [TEST_CASE][PASSED] - Test Cases/Components/HighlightInputFieldXPI: Test Cases/Components/HighlightInputFieldXPI

2020-06-05 21:06:16 - [TEST_STEP][PASSED] - Thread.sleep(1000): null

2020-06-05 21:06:17 - [TEST_STEP][PASSED] - modifiedInputNm = modifyObjectProperty(findTestObject("Object Repository/Objects.HighlightElements/input_field_index"), "xpath", "equals", "(//*[contains(@name, '" + FldNm + "')])[" + index + "]", true): Modify property of object successfully

2020-06-05 21:06:17 - [MESSAGE][PASSED] - Modify property of object successfully

2020-06-05 21:06:17 - [TEST_STEP][PASSED] - com.reusableComponents.HighlightElement.run(modifiedInputNm): com.reusableComponents.HighlightElement.run is PASSED

2020-06-05 21:06:18 - [MESSAGE][PASSED] - com.reusableComponents.HighlightElement.run is PASSED

2020-06-05 21:06:18 - [MESSAGE][PASSED] - Call Test Case 'Test Cases/Components/HighlightInputFieldXPI' successfully

2020-06-05 21:06:18 - [TEST_STEP][PASSED] - callTestCase(findTestCase("PFI Precision and Scale/PFI Components with Indexing/VerifyDropdownValuesXPI"), ["FldNm":"extAgenciesCmb", "index":1, "CallTCName":"PFI Precision and Scale/HashMap Tables/ExternalAgencyLists", "cmbNm":"", ... ], STOP_ON_FAILURE): Call Test Case 'Test Cases/PFI Precision and Scale/PFI Components with Indexing/VerifyDropdownValuesXPI' successfully

2020-06-05 21:06:18 - [TEST_CASE][PASSED] - Test Cases/PFI Precision and Scale/PFI Components with Indexing/VerifyDropdownValuesXPI: Test Cases/PFI Precision and Scale/PFI Components with Indexing/VerifyDropdownValuesXPI

2020-06-05 21:06:18 - [TEST_STEP][PASSED] - Thread.sleep(1000): null

2020-06-05 21:06:19 - [TEST_STEP][PASSED] - NewInputNmField = modifyObjectProperty(findTestObject("Object Repository/Objects.HighlightElements/input_field_index"), "xpath", "equals", "(//*[contains(@name, '" + FldNm + "')])[" + index + "]", true): Modify property of object successfully

2020-06-05 21:06:19 - [MESSAGE][PASSED] - Modify property of object successfully

2020-06-05 21:06:19 - [TEST_STEP][PASSED] - comboNm = cmbNm: null

2020-06-05 21:06:19 - [TEST_STEP][PASSED] - focus(NewInputNmField): Object: 'Object Repository/Objects.HighlightElements/input_field_index' is focused

2020-06-05 21:06:19 - [MESSAGE][PASSED] - Object: 'Object Repository/Objects.HighlightElements/input_field_index' is focused

2020-06-05 21:06:19 - [TEST_STEP][PASSED] - setText(NewInputNmField, EnterValue): Text '' is set on object 'Object Repository/Objects.HighlightElements/input_field_index'

2020-06-05 21:06:19 - [MESSAGE][PASSED] - Text '' is set on object 'Object Repository/Objects.HighlightElements/input_field_index'

2020-06-05 21:06:19 - [TEST_STEP][PASSED] - for ([i = 1, i <= NoOfVal, (i++)]): Keys 'DOWN + ' sent to object: 'Object Repository/Objects.HighlightElements/input_field_index'

2020-06-05 21:06:19 - [TEST_STEP][PASSED] - sendKeys(NewInputNmField, Keys.chord(ARROW_DOWN)): Keys 'DOWN + ' sent to object: 'Object Repository/Objects.HighlightElements/input_field_index'

2020-06-05 21:06:19 - [MESSAGE][PASSED] - Keys 'DOWN + ' sent to object: 'Object Repository/Objects.HighlightElements/input_field_index'

2020-06-05 21:06:19 - [TEST_STEP][PASSED] - delay(DelayTime): Delayed 2 second(s)

2020-06-05 21:06:21 - [MESSAGE][PASSED] - Delayed 2 second(s)

2020-06-05 21:06:21 - [TEST_STEP][PASSED] - sendKeys(NewInputNmField, Keys.chord(ENTER)): Keys 'ENTER + ' sent to object: 'Object Repository/Objects.HighlightElements/input_field_index'

2020-06-05 21:06:21 - [MESSAGE][PASSED] - Keys 'ENTER + ' sent to object: 'Object Repository/Objects.HighlightElements/input_field_index'

2020-06-05 21:06:21 - [TEST_STEP][PASSED] - ComboBoxValue = getAttribute(NewInputNmField, "value"): Attribute 'value' of object 'Object Repository/Objects.HighlightElements/input_field_index' is: ''

2020-06-05 21:06:21 - [MESSAGE][PASSED] - Attribute 'value' of object 'Object Repository/Objects.HighlightElements/input_field_index' is: ''

2020-06-05 21:06:21 - [TEST_STEP][PASSED] - callTestCase(findTestCase(CallTCName), ["FindValue":ComboBoxValue, "DropdownNm":comboNm], STOP_ON_FAILURE): Call Test Case 'Test Cases/PFI Precision and Scale/HashMap Tables/ExternalAgencyLists' successfully

2020-06-05 21:06:21 - [TEST_CASE][PASSED] - Test Cases/PFI Precision and Scale/HashMap Tables/ExternalAgencyLists: Test Cases/PFI Precision and Scale/HashMap Tables/ExternalAgencyLists

2020-06-05 21:06:21 - [TEST_STEP][PASSED] - Thread.sleep(1000): null

2020-06-05 21:06:22 - [TEST_STEP][PASSED] - ExtAgencyTBL = [1:"HDB", 2:"AVA", 3:"CAAS", 4:"DSTA", 5:"EXXONMOBIL", 6:"Embassy", 7:"JTC Cat 1A", 8:"MBS- Marina Bay Sands", 9:"MCYS", 10:"MICA", ... ]: null

2020-06-05 21:06:22 - [TEST_STEP][PASSED] - ValueFound = ExtAgencyTBL.find({ -> ... }): null

2020-06-05 21:06:22 - [MESSAGE][PASSED] - Call Test Case 'Test Cases/PFI Precision and Scale/HashMap Tables/ExternalAgencyLists' successfully

2020-06-05 21:06:22 - [TEST_STEP][PASSED] - println(ValueFound): null

2020-06-05 21:06:22 - [TEST_STEP][PASSED] - sendKeys(NewInputNmField, Keys.chord(ARROW_DOWN)): Keys 'DOWN + ' sent to object: 'Object Repository/Objects.HighlightElements/input_field_index'

2020-06-05 21:06:23 - [MESSAGE][PASSED] - Keys 'DOWN + ' sent to object: 'Object Repository/Objects.HighlightElements/input_field_index'

2020-06-05 21:06:23 - [TEST_STEP][PASSED] - sendKeys(NewInputNmField, Keys.chord(ARROW_DOWN)): Keys 'DOWN + ' sent to object: 'Object Repository/Objects.HighlightElements/input_field_index'

2020-06-05 21:06:23 - [MESSAGE][PASSED] - Keys 'DOWN + ' sent to object: 'Object Repository/Objects.HighlightElements/input_field_index'

2020-06-05 21:06:23 - [TEST_STEP][PASSED] - delay(DelayTime): Delayed 2 second(s)

2020-06-05 21:06:25 - [MESSAGE][PASSED] - Delayed 2 second(s)

2020-06-05 21:06:25 - [TEST_STEP][PASSED] - sendKeys(NewInputNmField, Keys.chord(ENTER)): Keys 'ENTER + ' sent to object: 'Object Repository/Objects.HighlightElements/input_field_index'

2020-06-05 21:06:25 - [MESSAGE][PASSED] - Keys 'ENTER + ' sent to object: 'Object Repository/Objects.HighlightElements/input_field_index'

2020-06-05 21:06:25 - [TEST_STEP][PASSED] - ComboBoxValue = getAttribute(NewInputNmField, "value"): Attribute 'value' of object 'Object Repository/Objects.HighlightElements/input_field_index' is: 'HDB'

2020-06-05 21:06:25 - [MESSAGE][PASSED] - Attribute 'value' of object 'Object Repository/Objects.HighlightElements/input_field_index' is: 'HDB'

2020-06-05 21:06:25 - [TEST_STEP][PASSED] - callTestCase(findTestCase(CallTCName), ["FindValue":ComboBoxValue, "DropdownNm":comboNm], STOP_ON_FAILURE): Call Test Case 'Test Cases/PFI Precision and Scale/HashMap Tables/ExternalAgencyLists' successfully

2020-06-05 21:06:25 - [TEST_CASE][PASSED] - Test Cases/PFI Precision and Scale/HashMap Tables/ExternalAgencyLists: Test Cases/PFI Precision and Scale/HashMap Tables/ExternalAgencyLists

2020-06-05 21:06:25 - [TEST_STEP][PASSED] - Thread.sleep(1000): null

2020-06-05 21:06:26 - [TEST_STEP][PASSED] - ExtAgencyTBL = [1:"HDB", 2:"AVA", 3:"CAAS", 4:"DSTA", 5:"EXXONMOBIL", 6:"Embassy", 7:"JTC Cat 1A", 8:"MBS- Marina Bay Sands", 9:"MCYS", 10:"MICA", ... ]: null

2020-06-05 21:06:26 - [TEST_STEP][PASSED] - ValueFound = ExtAgencyTBL.find({ -> ... }): null

2020-06-05 21:06:26 - [MESSAGE][PASSED] - Call Test Case 'Test Cases/PFI Precision and Scale/HashMap Tables/ExternalAgencyLists' successfully

2020-06-05 21:06:26 - [TEST_STEP][PASSED] - println(ValueFound): null

2020-06-05 21:06:26 - [TEST_STEP][PASSED] - sendKeys(NewInputNmField, Keys.chord(ARROW_DOWN)): Keys 'DOWN + ' sent to object: 'Object Repository/Objects.HighlightElements/input_field_index'

2020-06-05 21:06:26 - [MESSAGE][PASSED] - Keys 'DOWN + ' sent to object: 'Object Repository/Objects.HighlightElements/input_field_index'

2020-06-05 21:06:26 - [TEST_STEP][PASSED] - sendKeys(NewInputNmField, Keys.chord(ARROW_DOWN)): Keys 'DOWN + ' sent to object: 'Object Repository/Objects.HighlightElements/input_field_index'

2020-06-05 21:06:26 - [MESSAGE][PASSED] - Keys 'DOWN + ' sent to object: 'Object Repository/Objects.HighlightElements/input_field_index'

2020-06-05 21:06:26 - [TEST_STEP][PASSED] - delay(DelayTime): Delayed 2 second(s)

2020-06-05 21:06:28 - [MESSAGE][PASSED] - Delayed 2 second(s)

2020-06-05 21:06:28 - [TEST_STEP][PASSED] - sendKeys(NewInputNmField, Keys.chord(ENTER)): Keys 'ENTER + ' sent to object: 'Object Repository/Objects.HighlightElements/input_field_index'

2020-06-05 21:06:28 - [MESSAGE][PASSED] - Keys 'ENTER + ' sent to object: 'Object Repository/Objects.HighlightElements/input_field_index'

2020-06-05 21:06:28 - [TEST_STEP][PASSED] - ComboBoxValue = getAttribute(NewInputNmField, "value"): Attribute 'value' of object 'Object Repository/Objects.HighlightElements/input_field_index' is: 'AVA '

2020-06-05 21:06:28 - [MESSAGE][PASSED] - Attribute 'value' of object 'Object Repository/Objects.HighlightElements/input_field_index' is: 'AVA '

2020-06-05 21:06:28 - [TEST_STEP][PASSED] - callTestCase(findTestCase(CallTCName), ["FindValue":ComboBoxValue, "DropdownNm":comboNm], STOP_ON_FAILURE): Call Test Case 'Test Cases/PFI Precision and Scale/HashMap Tables/ExternalAgencyLists' successfully

2020-06-05 21:06:28 - [TEST_CASE][PASSED] - Test Cases/PFI Precision and Scale/HashMap Tables/ExternalAgencyLists: Test Cases/PFI Precision and Scale/HashMap Tables/ExternalAgencyLists

2020-06-05 21:06:28 - [TEST_STEP][PASSED] - Thread.sleep(1000): null

2020-06-05 21:06:29 - [TEST_STEP][PASSED] - ExtAgencyTBL = [1:"HDB", 2:"AVA", 3:"CAAS", 4:"DSTA", 5:"EXXONMOBIL", 6:"Embassy", 7:"JTC Cat 1A", 8:"MBS- Marina Bay Sands", 9:"MCYS", 10:"MICA", ... ]: null

2020-06-05 21:06:29 - [TEST_STEP][PASSED] - ValueFound = ExtAgencyTBL.find({ -> ... }): null

2020-06-05 21:06:29 - [MESSAGE][PASSED] - Call Test Case 'Test Cases/PFI Precision and Scale/HashMap Tables/ExternalAgencyLists' successfully

2020-06-05 21:06:29 - [TEST_STEP][PASSED] - println(ValueFound): null

2020-06-05 21:06:29 - [TEST_STEP][PASSED] - sendKeys(NewInputNmField, Keys.chord(ARROW_DOWN)): Keys 'DOWN + ' sent to object: 'Object Repository/Objects.HighlightElements/input_field_index'

2020-06-05 21:06:29 - [MESSAGE][PASSED] - Keys 'DOWN + ' sent to object: 'Object Repository/Objects.HighlightElements/input_field_index'

2020-06-05 21:06:29 - [TEST_STEP][PASSED] - sendKeys(NewInputNmField, Keys.chord(ARROW_DOWN)): Keys 'DOWN + ' sent to object: 'Object Repository/Objects.HighlightElements/input_field_index'

2020-06-05 21:06:29 - [MESSAGE][PASSED] - Keys 'DOWN + ' sent to object: 'Object Repository/Objects.HighlightElements/input_field_index'

2020-06-05 21:06:29 - [TEST_STEP][PASSED] - delay(DelayTime): Delayed 2 second(s)

2020-06-05 21:06:31 - [MESSAGE][PASSED] - Delayed 2 second(s)

2020-06-05 21:06:31 - [TEST_STEP][PASSED] - sendKeys(NewInputNmField, Keys.chord(ENTER)): Keys 'ENTER + ' sent to object: 'Object Repository/Objects.HighlightElements/input_field_index'

2020-06-05 21:06:31 - [MESSAGE][PASSED] - Keys 'ENTER + ' sent to object: 'Object Repository/Objects.HighlightElements/input_field_index'

2020-06-05 21:06:31 - [TEST_STEP][PASSED] - ComboBoxValue = getAttribute(NewInputNmField, "value"): Attribute 'value' of object 'Object Repository/Objects.HighlightElements/input_field_index' is: 'CAAS'

2020-06-05 21:06:31 - [MESSAGE][PASSED] - Attribute 'value' of object 'Object Repository/Objects.HighlightElements/input_field_index' is: 'CAAS'

2020-06-05 21:06:31 - [TEST_STEP][PASSED] - callTestCase(findTestCase(CallTCName), ["FindValue":ComboBoxValue, "DropdownNm":comboNm], STOP_ON_FAILURE): Call Test Case 'Test Cases/PFI Precision and Scale/HashMap Tables/ExternalAgencyLists' successfully

2020-06-05 21:06:31 - [TEST_CASE][PASSED] - Test Cases/PFI Precision and Scale/HashMap Tables/ExternalAgencyLists: Test Cases/PFI Precision and Scale/HashMap Tables/ExternalAgencyLists

2020-06-05 21:06:31 - [TEST_STEP][PASSED] - Thread.sleep(1000): null

2020-06-05 21:06:32 - [TEST_STEP][PASSED] - ExtAgencyTBL = [1:"HDB", 2:"AVA", 3:"CAAS", 4:"DSTA", 5:"EXXONMOBIL", 6:"Embassy", 7:"JTC Cat 1A", 8:"MBS- Marina Bay Sands", 9:"MCYS", 10:"MICA", ... ]: null

2020-06-05 21:06:32 - [TEST_STEP][PASSED] - ValueFound = ExtAgencyTBL.find({ -> ... }): null

2020-06-05 21:06:32 - [MESSAGE][PASSED] - Call Test Case 'Test Cases/PFI Precision and Scale/HashMap Tables/ExternalAgencyLists' successfully

2020-06-05 21:06:32 - [TEST_STEP][PASSED] - println(ValueFound): null

2020-06-05 21:06:32 - [TEST_STEP][PASSED] - sendKeys(NewInputNmField, Keys.chord(ARROW_DOWN)): Keys 'DOWN + ' sent to object: 'Object Repository/Objects.HighlightElements/input_field_index'

2020-06-05 21:06:32 - [MESSAGE][PASSED] - Keys 'DOWN + ' sent to object: 'Object Repository/Objects.HighlightElements/input_field_index'

2020-06-05 21:06:32 - [TEST_STEP][PASSED] - sendKeys(NewInputNmField, Keys.chord(ARROW_DOWN)): Keys 'DOWN + ' sent to object: 'Object Repository/Objects.HighlightElements/input_field_index'

2020-06-05 21:06:32 - [MESSAGE][PASSED] - Keys 'DOWN + ' sent to object: 'Object Repository/Objects.HighlightElements/input_field_index'

2020-06-05 21:06:32 - [TEST_STEP][PASSED] - delay(DelayTime): Delayed 2 second(s)

2020-06-05 21:06:34 - [MESSAGE][PASSED] - Delayed 2 second(s)

2020-06-05 21:06:34 - [TEST_STEP][PASSED] - sendKeys(NewInputNmField, Keys.chord(ENTER)): Keys 'ENTER + ' sent to object: 'Object Repository/Objects.HighlightElements/input_field_index'

2020-06-05 21:06:34 - [MESSAGE][PASSED] - Keys 'ENTER + ' sent to object: 'Object Repository/Objects.HighlightElements/input_field_index'

2020-06-05 21:06:34 - [TEST_STEP][PASSED] - ComboBoxValue = getAttribute(NewInputNmField, "value"): Attribute 'value' of object 'Object Repository/Objects.HighlightElements/input_field_index' is: 'DSTA'

2020-06-05 21:06:34 - [MESSAGE][PASSED] - Attribute 'value' of object 'Object Repository/Objects.HighlightElements/input_field_index' is: 'DSTA'

2020-06-05 21:06:34 - [TEST_STEP][PASSED] - callTestCase(findTestCase(CallTCName), ["FindValue":ComboBoxValue, "DropdownNm":comboNm], STOP_ON_FAILURE): Call Test Case 'Test Cases/PFI Precision and Scale/HashMap Tables/ExternalAgencyLists' successfully

2020-06-05 21:06:34 - [TEST_CASE][PASSED] - Test Cases/PFI Precision and Scale/HashMap Tables/ExternalAgencyLists: Test Cases/PFI Precision and Scale/HashMap Tables/ExternalAgencyLists

2020-06-05 21:06:34 - [TEST_STEP][PASSED] - Thread.sleep(1000): null

2020-06-05 21:06:35 - [TEST_STEP][PASSED] - ExtAgencyTBL = [1:"HDB", 2:"AVA", 3:"CAAS", 4:"DSTA", 5:"EXXONMOBIL", 6:"Embassy", 7:"JTC Cat 1A", 8:"MBS- Marina Bay Sands", 9:"MCYS", 10:"MICA", ... ]: null

2020-06-05 21:06:35 - [TEST_STEP][PASSED] - ValueFound = ExtAgencyTBL.find({ -> ... }): null

2020-06-05 21:06:35 - [MESSAGE][PASSED] - Call Test Case 'Test Cases/PFI Precision and Scale/HashMap Tables/ExternalAgencyLists' successfully

2020-06-05 21:06:35 - [TEST_STEP][PASSED] - println(ValueFound): null

2020-06-05 21:06:35 - [TEST_STEP][PASSED] - sendKeys(NewInputNmField, Keys.chord(ARROW_DOWN)): Keys 'DOWN + ' sent to object: 'Object Repository/Objects.HighlightElements/input_field_index'

2020-06-05 21:06:35 - [MESSAGE][PASSED] - Keys 'DOWN + ' sent to object: 'Object Repository/Objects.HighlightElements/input_field_index'

2020-06-05 21:06:35 - [TEST_STEP][PASSED] - sendKeys(NewInputNmField, Keys.chord(ARROW_DOWN)): Keys 'DOWN + ' sent to object: 'Object Repository/Objects.HighlightElements/input_field_index'

2020-06-05 21:06:36 - [MESSAGE][PASSED] - Keys 'DOWN + ' sent to object: 'Object Repository/Objects.HighlightElements/input_field_index'

2020-06-05 21:06:36 - [TEST_STEP][PASSED] - delay(DelayTime): Delayed 2 second(s)

2020-06-05 21:06:38 - [MESSAGE][PASSED] - Delayed 2 second(s)

2020-06-05 21:06:38 - [TEST_STEP][PASSED] - sendKeys(NewInputNmField, Keys.chord(ENTER)): Keys 'ENTER + ' sent to object: 'Object Repository/Objects.HighlightElements/input_field_index'

2020-06-05 21:06:38 - [MESSAGE][PASSED] - Keys 'ENTER + ' sent to object: 'Object Repository/Objects.HighlightElements/input_field_index'

2020-06-05 21:06:38 - [TEST_STEP][PASSED] - ComboBoxValue = getAttribute(NewInputNmField, "value"): Attribute 'value' of object 'Object Repository/Objects.HighlightElements/input_field_index' is: 'EXXONMOBIL'

2020-06-05 21:06:38 - [MESSAGE][PASSED] - Attribute 'value' of object 'Object Repository/Objects.HighlightElements/input_field_index' is: 'EXXONMOBIL'

2020-06-05 21:06:38 - [TEST_STEP][PASSED] - callTestCase(findTestCase(CallTCName), ["FindValue":ComboBoxValue, "DropdownNm":comboNm], STOP_ON_FAILURE): Call Test Case 'Test Cases/PFI Precision and Scale/HashMap Tables/ExternalAgencyLists' successfully

2020-06-05 21:06:38 - [TEST_CASE][PASSED] - Test Cases/PFI Precision and Scale/HashMap Tables/ExternalAgencyLists: Test Cases/PFI Precision and Scale/HashMap Tables/ExternalAgencyLists

2020-06-05 21:06:38 - [TEST_STEP][PASSED] - Thread.sleep(1000): null

2020-06-05 21:06:39 - [TEST_STEP][PASSED] - ExtAgencyTBL = [1:"HDB", 2:"AVA", 3:"CAAS", 4:"DSTA", 5:"EXXONMOBIL", 6:"Embassy", 7:"JTC Cat 1A", 8:"MBS- Marina Bay Sands", 9:"MCYS", 10:"MICA", ... ]: null

2020-06-05 21:06:39 - [TEST_STEP][PASSED] - ValueFound = ExtAgencyTBL.find({ -> ... }): null

2020-06-05 21:06:39 - [MESSAGE][PASSED] - Call Test Case 'Test Cases/PFI Precision and Scale/HashMap Tables/ExternalAgencyLists' successfully

2020-06-05 21:06:39 - [TEST_STEP][PASSED] - println(ValueFound): null

2020-06-05 21:06:39 - [TEST_STEP][PASSED] - sendKeys(NewInputNmField, Keys.chord(ARROW_DOWN)): Keys 'DOWN + ' sent to object: 'Object Repository/Objects.HighlightElements/input_field_index'

2020-06-05 21:06:39 - [MESSAGE][PASSED] - Keys 'DOWN + ' sent to object: 'Object Repository/Objects.HighlightElements/input_field_index'

2020-06-05 21:06:39 - [TEST_STEP][PASSED] - sendKeys(NewInputNmField, Keys.chord(ARROW_DOWN)): Keys 'DOWN + ' sent to object: 'Object Repository/Objects.HighlightElements/input_field_index'

2020-06-05 21:06:39 - [MESSAGE][PASSED] - Keys 'DOWN + ' sent to object: 'Object Repository/Objects.HighlightElements/input_field_index'

2020-06-05 21:06:39 - [TEST_STEP][PASSED] - delay(DelayTime): Delayed 2 second(s)

2020-06-05 21:06:41 - [MESSAGE][PASSED] - Delayed 2 second(s)

2020-06-05 21:06:41 - [TEST_STEP][PASSED] - sendKeys(NewInputNmField, Keys.chord(ENTER)): Keys 'ENTER + ' sent to object: 'Object Repository/Objects.HighlightElements/input_field_index'

2020-06-05 21:06:41 - [MESSAGE][PASSED] - Keys 'ENTER + ' sent to object: 'Object Repository/Objects.HighlightElements/input_field_index'

2020-06-05 21:06:41 - [TEST_STEP][PASSED] - ComboBoxValue = getAttribute(NewInputNmField, "value"): Attribute 'value' of object 'Object Repository/Objects.HighlightElements/input_field_index' is: 'Embassy'

2020-06-05 21:06:41 - [MESSAGE][PASSED] - Attribute 'value' of object 'Object Repository/Objects.HighlightElements/input_field_index' is: 'Embassy'

2020-06-05 21:06:41 - [TEST_STEP][PASSED] - callTestCase(findTestCase(CallTCName), ["FindValue":ComboBoxValue, "DropdownNm":comboNm], STOP_ON_FAILURE): Call Test Case 'Test Cases/PFI Precision and Scale/HashMap Tables/ExternalAgencyLists' successfully

2020-06-05 21:06:41 - [TEST_CASE][PASSED] - Test Cases/PFI Precision and Scale/HashMap Tables/ExternalAgencyLists: Test Cases/PFI Precision and Scale/HashMap Tables/ExternalAgencyLists

2020-06-05 21:06:41 - [TEST_STEP][PASSED] - Thread.sleep(1000): null

2020-06-05 21:06:42 - [TEST_STEP][PASSED] - ExtAgencyTBL = [1:"HDB", 2:"AVA", 3:"CAAS", 4:"DSTA", 5:"EXXONMOBIL", 6:"Embassy", 7:"JTC Cat 1A", 8:"MBS- Marina Bay Sands", 9:"MCYS", 10:"MICA", ... ]: null

2020-06-05 21:06:42 - [TEST_STEP][PASSED] - ValueFound = ExtAgencyTBL.find({ -> ... }): null

2020-06-05 21:06:42 - [MESSAGE][PASSED] - Call Test Case 'Test Cases/PFI Precision and Scale/HashMap Tables/ExternalAgencyLists' successfully

2020-06-05 21:06:42 - [TEST_STEP][PASSED] - println(ValueFound): null

2020-06-05 21:06:42 - [TEST_STEP][PASSED] - sendKeys(NewInputNmField, Keys.chord(ARROW_DOWN)): Keys 'DOWN + ' sent to object: 'Object Repository/Objects.HighlightElements/input_field_index'

2020-06-05 21:06:42 - [MESSAGE][PASSED] - Keys 'DOWN + ' sent to object: 'Object Repository/Objects.HighlightElements/input_field_index'

2020-06-05 21:06:42 - [TEST_STEP][PASSED] - sendKeys(NewInputNmField, Keys.chord(ARROW_DOWN)): Keys 'DOWN + ' sent to object: 'Object Repository/Objects.HighlightElements/input_field_index'

2020-06-05 21:06:42 - [MESSAGE][PASSED] - Keys 'DOWN + ' sent to object: 'Object Repository/Objects.HighlightElements/input_field_index'

2020-06-05 21:06:42 - [TEST_STEP][PASSED] - delay(DelayTime): Delayed 2 second(s)

2020-06-05 21:06:44 - [MESSAGE][PASSED] - Delayed 2 second(s)

2020-06-05 21:06:44 - [TEST_STEP][PASSED] - sendKeys(NewInputNmField, Keys.chord(ENTER)): Keys 'ENTER + ' sent to object: 'Object Repository/Objects.HighlightElements/input_field_index'

2020-06-05 21:06:44 - [MESSAGE][PASSED] - Keys 'ENTER + ' sent to object: 'Object Repository/Objects.HighlightElements/input_field_index'

2020-06-05 21:06:44 - [TEST_STEP][PASSED] - ComboBoxValue = getAttribute(NewInputNmField, "value"): Attribute 'value' of object 'Object Repository/Objects.HighlightElements/input_field_index' is: 'JTC Cat 1A'

2020-06-05 21:06:44 - [MESSAGE][PASSED] - Attribute 'value' of object 'Object Repository/Objects.HighlightElements/input_field_index' is: 'JTC Cat 1A'

2020-06-05 21:06:44 - [TEST_STEP][PASSED] - callTestCase(findTestCase(CallTCName), ["FindValue":ComboBoxValue, "DropdownNm":comboNm], STOP_ON_FAILURE): Call Test Case 'Test Cases/PFI Precision and Scale/HashMap Tables/ExternalAgencyLists' successfully

2020-06-05 21:06:44 - [TEST_CASE][PASSED] - Test Cases/PFI Precision and Scale/HashMap Tables/ExternalAgencyLists: Test Cases/PFI Precision and Scale/HashMap Tables/ExternalAgencyLists

2020-06-05 21:06:44 - [TEST_STEP][PASSED] - Thread.sleep(1000): null

2020-06-05 21:06:45 - [TEST_STEP][PASSED] - ExtAgencyTBL = [1:"HDB", 2:"AVA", 3:"CAAS", 4:"DSTA", 5:"EXXONMOBIL", 6:"Embassy", 7:"JTC Cat 1A", 8:"MBS- Marina Bay Sands", 9:"MCYS", 10:"MICA", ... ]: null

2020-06-05 21:06:45 - [TEST_STEP][PASSED] - ValueFound = ExtAgencyTBL.find({ -> ... }): null

2020-06-05 21:06:45 - [MESSAGE][PASSED] - Call Test Case 'Test Cases/PFI Precision and Scale/HashMap Tables/ExternalAgencyLists' successfully

2020-06-05 21:06:45 - [TEST_STEP][PASSED] - println(ValueFound): null

2020-06-05 21:06:45 - [TEST_STEP][PASSED] - sendKeys(NewInputNmField, Keys.chord(ARROW_DOWN)): Keys 'DOWN + ' sent to object: 'Object Repository/Objects.HighlightElements/input_field_index'

2020-06-05 21:06:45 - [MESSAGE][PASSED] - Keys 'DOWN + ' sent to object: 'Object Repository/Objects.HighlightElements/input_field_index'

2020-06-05 21:06:45 - [TEST_STEP][PASSED] - sendKeys(NewInputNmField, Keys.chord(ARROW_DOWN)): Keys 'DOWN + ' sent to object: 'Object Repository/Objects.HighlightElements/input_field_index'

2020-06-05 21:06:45 - [MESSAGE][PASSED] - Keys 'DOWN + ' sent to object: 'Object Repository/Objects.HighlightElements/input_field_index'

2020-06-05 21:06:45 - [TEST_STEP][PASSED] - delay(DelayTime): Delayed 2 second(s)

2020-06-05 21:06:47 - [MESSAGE][PASSED] - Delayed 2 second(s)

2020-06-05 21:06:47 - [TEST_STEP][PASSED] - sendKeys(NewInputNmField, Keys.chord(ENTER)): Keys 'ENTER + ' sent to object: 'Object Repository/Objects.HighlightElements/input_field_index'

2020-06-05 21:06:47 - [MESSAGE][PASSED] - Keys 'ENTER + ' sent to object: 'Object Repository/Objects.HighlightElements/input_field_index'

2020-06-05 21:06:47 - [TEST_STEP][PASSED] - ComboBoxValue = getAttribute(NewInputNmField, "value"): Attribute 'value' of object 'Object Repository/Objects.HighlightElements/input_field_index' is: 'MBS- Marina Bay Sands'

2020-06-05 21:06:47 - [MESSAGE][PASSED] - Attribute 'value' of object 'Object Repository/Objects.HighlightElements/input_field_index' is: 'MBS- Marina Bay Sands'

2020-06-05 21:06:47 - [TEST_STEP][PASSED] - callTestCase(findTestCase(CallTCName), ["FindValue":ComboBoxValue, "DropdownNm":comboNm], STOP_ON_FAILURE): Call Test Case 'Test Cases/PFI Precision and Scale/HashMap Tables/ExternalAgencyLists' successfully

2020-06-05 21:06:47 - [TEST_CASE][PASSED] - Test Cases/PFI Precision and Scale/HashMap Tables/ExternalAgencyLists: Test Cases/PFI Precision and Scale/HashMap Tables/ExternalAgencyLists

2020-06-05 21:06:47 - [TEST_STEP][PASSED] - Thread.sleep(1000): null

2020-06-05 21:06:48 - [TEST_STEP][PASSED] - ExtAgencyTBL = [1:"HDB", 2:"AVA", 3:"CAAS", 4:"DSTA", 5:"EXXONMOBIL", 6:"Embassy", 7:"JTC Cat 1A", 8:"MBS- Marina Bay Sands", 9:"MCYS", 10:"MICA", ... ]: null

2020-06-05 21:06:48 - [TEST_STEP][PASSED] - ValueFound = ExtAgencyTBL.find({ -> ... }): null

2020-06-05 21:06:48 - [MESSAGE][PASSED] - Call Test Case 'Test Cases/PFI Precision and Scale/HashMap Tables/ExternalAgencyLists' successfully

2020-06-05 21:06:48 - [TEST_STEP][PASSED] - println(ValueFound): null

2020-06-05 21:06:48 - [TEST_STEP][PASSED] - sendKeys(NewInputNmField, Keys.chord(ARROW_DOWN)): Keys 'DOWN + ' sent to object: 'Object Repository/Objects.HighlightElements/input_field_index'

2020-06-05 21:06:48 - [MESSAGE][PASSED] - Keys 'DOWN + ' sent to object: 'Object Repository/Objects.HighlightElements/input_field_index'

2020-06-05 21:06:48 - [TEST_STEP][PASSED] - sendKeys(NewInputNmField, Keys.chord(ARROW_DOWN)): Keys 'DOWN + ' sent to object: 'Object Repository/Objects.HighlightElements/input_field_index'

2020-06-05 21:06:49 - [MESSAGE][PASSED] - Keys 'DOWN + ' sent to object: 'Object Repository/Objects.HighlightElements/input_field_index'

2020-06-05 21:06:49 - [TEST_STEP][PASSED] - delay(DelayTime): Delayed 2 second(s)

2020-06-05 21:06:51 - [MESSAGE][PASSED] - Delayed 2 second(s)

2020-06-05 21:06:51 - [TEST_STEP][PASSED] - sendKeys(NewInputNmField, Keys.chord(ENTER)): Keys 'ENTER + ' sent to object: 'Object Repository/Objects.HighlightElements/input_field_index'

2020-06-05 21:06:51 - [MESSAGE][PASSED] - Keys 'ENTER + ' sent to object: 'Object Repository/Objects.HighlightElements/input_field_index'

2020-06-05 21:06:51 - [TEST_STEP][PASSED] - ComboBoxValue = getAttribute(NewInputNmField, "value"): Attribute 'value' of object 'Object Repository/Objects.HighlightElements/input_field_index' is: 'MCYS'

2020-06-05 21:06:51 - [MESSAGE][PASSED] - Attribute 'value' of object 'Object Repository/Objects.HighlightElements/input_field_index' is: 'MCYS'

2020-06-05 21:06:51 - [TEST_STEP][PASSED] - callTestCase(findTestCase(CallTCName), ["FindValue":ComboBoxValue, "DropdownNm":comboNm], STOP_ON_FAILURE): Call Test Case 'Test Cases/PFI Precision and Scale/HashMap Tables/ExternalAgencyLists' successfully

2020-06-05 21:06:51 - [TEST_CASE][PASSED] - Test Cases/PFI Precision and Scale/HashMap Tables/ExternalAgencyLists: Test Cases/PFI Precision and Scale/HashMap Tables/ExternalAgencyLists

2020-06-05 21:06:51 - [TEST_STEP][PASSED] - Thread.sleep(1000): null

2020-06-05 21:06:52 - [TEST_STEP][PASSED] - ExtAgencyTBL = [1:"HDB", 2:"AVA", 3:"CAAS", 4:"DSTA", 5:"EXXONMOBIL", 6:"Embassy", 7:"JTC Cat 1A", 8:"MBS- Marina Bay Sands", 9:"MCYS", 10:"MICA", ... ]: null

2020-06-05 21:06:52 - [TEST_STEP][PASSED] - ValueFound = ExtAgencyTBL.find({ -> ... }): null

2020-06-05 21:06:52 - [MESSAGE][PASSED] - Call Test Case 'Test Cases/PFI Precision and Scale/HashMap Tables/ExternalAgencyLists' successfully

2020-06-05 21:06:52 - [TEST_STEP][PASSED] - println(ValueFound): null

2020-06-05 21:06:52 - [TEST_STEP][PASSED] - sendKeys(NewInputNmField, Keys.chord(ARROW_DOWN)): Keys 'DOWN + ' sent to object: 'Object Repository/Objects.HighlightElements/input_field_index'

2020-06-05 21:06:52 - [MESSAGE][PASSED] - Keys 'DOWN + ' sent to object: 'Object Repository/Objects.HighlightElements/input_field_index'

2020-06-05 21:06:52 - [TEST_STEP][PASSED] - sendKeys(NewInputNmField, Keys.chord(ARROW_DOWN)): Keys 'DOWN + ' sent to object: 'Object Repository/Objects.HighlightElements/input_field_index'

2020-06-05 21:06:52 - [MESSAGE][PASSED] - Keys 'DOWN + ' sent to object: 'Object Repository/Objects.HighlightElements/input_field_index'

2020-06-05 21:06:52 - [TEST_STEP][PASSED] - delay(DelayTime): Delayed 2 second(s)

2020-06-05 21:06:54 - [MESSAGE][PASSED] - Delayed 2 second(s)

2020-06-05 21:06:54 - [TEST_STEP][PASSED] - sendKeys(NewInputNmField, Keys.chord(ENTER)): Keys 'ENTER + ' sent to object: 'Object Repository/Objects.HighlightElements/input_field_index'

2020-06-05 21:06:54 - [MESSAGE][PASSED] - Keys 'ENTER + ' sent to object: 'Object Repository/Objects.HighlightElements/input_field_index'

2020-06-05 21:06:54 - [TEST_STEP][PASSED] - ComboBoxValue = getAttribute(NewInputNmField, "value"): Attribute 'value' of object 'Object Repository/Objects.HighlightElements/input_field_index' is: 'MICA'

2020-06-05 21:06:54 - [MESSAGE][PASSED] - Attribute 'value' of object 'Object Repository/Objects.HighlightElements/input_field_index' is: 'MICA'

2020-06-05 21:06:54 - [TEST_STEP][PASSED] - callTestCase(findTestCase(CallTCName), ["FindValue":ComboBoxValue, "DropdownNm":comboNm], STOP_ON_FAILURE): Call Test Case 'Test Cases/PFI Precision and Scale/HashMap Tables/ExternalAgencyLists' successfully

2020-06-05 21:06:54 - [TEST_CASE][PASSED] - Test Cases/PFI Precision and Scale/HashMap Tables/ExternalAgencyLists: Test Cases/PFI Precision and Scale/HashMap Tables/ExternalAgencyLists

2020-06-05 21:06:54 - [TEST_STEP][PASSED] - Thread.sleep(1000): null

2020-06-05 21:06:55 - [TEST_STEP][PASSED] - ExtAgencyTBL = [1:"HDB", 2:"AVA", 3:"CAAS", 4:"DSTA", 5:"EXXONMOBIL", 6:"Embassy", 7:"JTC Cat 1A", 8:"MBS- Marina Bay Sands", 9:"MCYS", 10:"MICA", ... ]: null

2020-06-05 21:06:55 - [TEST_STEP][PASSED] - ValueFound = ExtAgencyTBL.find({ -> ... }): null

2020-06-05 21:06:55 - [MESSAGE][PASSED] - Call Test Case 'Test Cases/PFI Precision and Scale/HashMap Tables/ExternalAgencyLists' successfully

2020-06-05 21:06:55 - [TEST_STEP][PASSED] - println(ValueFound): null

2020-06-05 21:06:55 - [TEST_STEP][PASSED] - sendKeys(NewInputNmField, Keys.chord(ARROW_DOWN)): Keys 'DOWN + ' sent to object: 'Object Repository/Objects.HighlightElements/input_field_index'

2020-06-05 21:06:55 - [MESSAGE][PASSED] - Keys 'DOWN + ' sent to object: 'Object Repository/Objects.HighlightElements/input_field_index'

2020-06-05 21:06:55 - [TEST_STEP][PASSED] - sendKeys(NewInputNmField, Keys.chord(ARROW_DOWN)): Keys 'DOWN + ' sent to object: 'Object Repository/Objects.HighlightElements/input_field_index'

2020-06-05 21:06:55 - [MESSAGE][PASSED] - Keys 'DOWN + ' sent to object: 'Object Repository/Objects.HighlightElements/input_field_index'

2020-06-05 21:06:55 - [TEST_STEP][PASSED] - delay(DelayTime): Delayed 2 second(s)

2020-06-05 21:06:57 - [MESSAGE][PASSED] - Delayed 2 second(s)

2020-06-05 21:06:57 - [TEST_STEP][PASSED] - sendKeys(NewInputNmField, Keys.chord(ENTER)): Keys 'ENTER + ' sent to object: 'Object Repository/Objects.HighlightElements/input_field_index'

2020-06-05 21:06:57 - [MESSAGE][PASSED] - Keys 'ENTER + ' sent to object: 'Object Repository/Objects.HighlightElements/input_field_index'

2020-06-05 21:06:57 - [TEST_STEP][PASSED] - ComboBoxValue = getAttribute(NewInputNmField, "value"): Attribute 'value' of object 'Object Repository/Objects.HighlightElements/input_field_index' is: 'MUIS'

2020-06-05 21:06:57 - [MESSAGE][PASSED] - Attribute 'value' of object 'Object Repository/Objects.HighlightElements/input_field_index' is: 'MUIS'

2020-06-05 21:06:57 - [TEST_STEP][PASSED] - callTestCase(findTestCase(CallTCName), ["FindValue":ComboBoxValue, "DropdownNm":comboNm], STOP_ON_FAILURE): Call Test Case 'Test Cases/PFI Precision and Scale/HashMap Tables/ExternalAgencyLists' successfully

2020-06-05 21:06:57 - [TEST_CASE][PASSED] - Test Cases/PFI Precision and Scale/HashMap Tables/ExternalAgencyLists: Test Cases/PFI Precision and Scale/HashMap Tables/ExternalAgencyLists

2020-06-05 21:06:57 - [TEST_STEP][PASSED] - Thread.sleep(1000): null

2020-06-05 21:06:58 - [TEST_STEP][PASSED] - ExtAgencyTBL = [1:"HDB", 2:"AVA", 3:"CAAS", 4:"DSTA", 5:"EXXONMOBIL", 6:"Embassy", 7:"JTC Cat 1A", 8:"MBS- Marina Bay Sands", 9:"MCYS", 10:"MICA", ... ]: null

2020-06-05 21:06:58 - [TEST_STEP][PASSED] - ValueFound = ExtAgencyTBL.find({ -> ... }): null

2020-06-05 21:06:58 - [MESSAGE][PASSED] - Call Test Case 'Test Cases/PFI Precision and Scale/HashMap Tables/ExternalAgencyLists' successfully

2020-06-05 21:06:58 - [TEST_STEP][PASSED] - println(ValueFound): null

2020-06-05 21:06:58 - [TEST_STEP][PASSED] - sendKeys(NewInputNmField, Keys.chord(ARROW_DOWN)): Keys 'DOWN + ' sent to object: 'Object Repository/Objects.HighlightElements/input_field_index'

2020-06-05 21:06:58 - [MESSAGE][PASSED] - Keys 'DOWN + ' sent to object: 'Object Repository/Objects.HighlightElements/input_field_index'

2020-06-05 21:06:58 - [TEST_STEP][PASSED] - sendKeys(NewInputNmField, Keys.chord(ARROW_DOWN)): Keys 'DOWN + ' sent to object: 'Object Repository/Objects.HighlightElements/input_field_index'

2020-06-05 21:06:58 - [MESSAGE][PASSED] - Keys 'DOWN + ' sent to object: 'Object Repository/Objects.HighlightElements/input_field_index'

2020-06-05 21:06:58 - [TEST_STEP][PASSED] - delay(DelayTime): Delayed 2 second(s)

2020-06-05 21:07:00 - [MESSAGE][PASSED] - Delayed 2 second(s)

2020-06-05 21:07:00 - [TEST_STEP][PASSED] - sendKeys(NewInputNmField, Keys.chord(ENTER)): Keys 'ENTER + ' sent to object: 'Object Repository/Objects.HighlightElements/input_field_index'

2020-06-05 21:07:00 - [MESSAGE][PASSED] - Keys 'ENTER + ' sent to object: 'Object Repository/Objects.HighlightElements/input_field_index'

2020-06-05 21:07:00 - [TEST_STEP][PASSED] - ComboBoxValue = getAttribute(NewInputNmField, "value"): Attribute 'value' of object 'Object Repository/Objects.HighlightElements/input_field_index' is: 'Ministry of Defence'

2020-06-05 21:07:00 - [MESSAGE][PASSED] - Attribute 'value' of object 'Object Repository/Objects.HighlightElements/input_field_index' is: 'Ministry of Defence'

2020-06-05 21:07:00 - [TEST_STEP][PASSED] - callTestCase(findTestCase(CallTCName), ["FindValue":ComboBoxValue, "DropdownNm":comboNm], STOP_ON_FAILURE): Call Test Case 'Test Cases/PFI Precision and Scale/HashMap Tables/ExternalAgencyLists' successfully

2020-06-05 21:07:00 - [TEST_CASE][PASSED] - Test Cases/PFI Precision and Scale/HashMap Tables/ExternalAgencyLists: Test Cases/PFI Precision and Scale/HashMap Tables/ExternalAgencyLists

2020-06-05 21:07:00 - [TEST_STEP][PASSED] - Thread.sleep(1000): null

2020-06-05 21:07:01 - [TEST_STEP][PASSED] - ExtAgencyTBL = [1:"HDB", 2:"AVA", 3:"CAAS", 4:"DSTA", 5:"EXXONMOBIL", 6:"Embassy", 7:"JTC Cat 1A", 8:"MBS- Marina Bay Sands", 9:"MCYS", 10:"MICA", ... ]: null

2020-06-05 21:07:01 - [TEST_STEP][PASSED] - ValueFound = ExtAgencyTBL.find({ -> ... }): null

2020-06-05 21:07:01 - [MESSAGE][PASSED] - Call Test Case 'Test Cases/PFI Precision and Scale/HashMap Tables/ExternalAgencyLists' successfully

2020-06-05 21:07:01 - [TEST_STEP][PASSED] - println(ValueFound): null

2020-06-05 21:07:01 - [TEST_STEP][PASSED] - sendKeys(NewInputNmField, Keys.chord(ARROW_DOWN)): Keys 'DOWN + ' sent to object: 'Object Repository/Objects.HighlightElements/input_field_index'

2020-06-05 21:07:01 - [MESSAGE][PASSED] - Keys 'DOWN + ' sent to object: 'Object Repository/Objects.HighlightElements/input_field_index'

2020-06-05 21:07:01 - [TEST_STEP][PASSED] - sendKeys(NewInputNmField, Keys.chord(ARROW_DOWN)): Keys 'DOWN + ' sent to object: 'Object Repository/Objects.HighlightElements/input_field_index'

2020-06-05 21:07:01 - [MESSAGE][PASSED] - Keys 'DOWN + ' sent to object: 'Object Repository/Objects.HighlightElements/input_field_index'

2020-06-05 21:07:01 - [TEST_STEP][PASSED] - delay(DelayTime): Delayed 2 second(s)

2020-06-05 21:07:03 - [MESSAGE][PASSED] - Delayed 2 second(s)

2020-06-05 21:07:03 - [TEST_STEP][PASSED] - sendKeys(NewInputNmField, Keys.chord(ENTER)): Keys 'ENTER + ' sent to object: 'Object Repository/Objects.HighlightElements/input_field_index'

2020-06-05 21:07:04 - [MESSAGE][PASSED] - Keys 'ENTER + ' sent to object: 'Object Repository/Objects.HighlightElements/input_field_index'

2020-06-05 21:07:04 - [TEST_STEP][PASSED] - ComboBoxValue = getAttribute(NewInputNmField, "value"): Attribute 'value' of object 'Object Repository/Objects.HighlightElements/input_field_index' is: 'Ministry of Education'

2020-06-05 21:07:04 - [MESSAGE][PASSED] - Attribute 'value' of object 'Object Repository/Objects.HighlightElements/input_field_index' is: 'Ministry of Education'

2020-06-05 21:07:04 - [TEST_STEP][PASSED] - callTestCase(findTestCase(CallTCName), ["FindValue":ComboBoxValue, "DropdownNm":comboNm], STOP_ON_FAILURE): Call Test Case 'Test Cases/PFI Precision and Scale/HashMap Tables/ExternalAgencyLists' successfully

2020-06-05 21:07:04 - [TEST_CASE][PASSED] - Test Cases/PFI Precision and Scale/HashMap Tables/ExternalAgencyLists: Test Cases/PFI Precision and Scale/HashMap Tables/ExternalAgencyLists

2020-06-05 21:07:04 - [TEST_STEP][PASSED] - Thread.sleep(1000): null

2020-06-05 21:07:05 - [TEST_STEP][PASSED] - ExtAgencyTBL = [1:"HDB", 2:"AVA", 3:"CAAS", 4:"DSTA", 5:"EXXONMOBIL", 6:"Embassy", 7:"JTC Cat 1A", 8:"MBS- Marina Bay Sands", 9:"MCYS", 10:"MICA", ... ]: null

2020-06-05 21:07:05 - [TEST_STEP][PASSED] - ValueFound = ExtAgencyTBL.find({ -> ... }): null

2020-06-05 21:07:05 - [MESSAGE][PASSED] - Call Test Case 'Test Cases/PFI Precision and Scale/HashMap Tables/ExternalAgencyLists' successfully

2020-06-05 21:07:05 - [TEST_STEP][PASSED] - println(ValueFound): null

2020-06-05 21:07:05 - [TEST_STEP][PASSED] - sendKeys(NewInputNmField, Keys.chord(ARROW_DOWN)): Keys 'DOWN + ' sent to object: 'Object Repository/Objects.HighlightElements/input_field_index'

2020-06-05 21:07:05 - [MESSAGE][PASSED] - Keys 'DOWN + ' sent to object: 'Object Repository/Objects.HighlightElements/input_field_index'

2020-06-05 21:07:05 - [TEST_STEP][PASSED] - sendKeys(NewInputNmField, Keys.chord(ARROW_DOWN)): Keys 'DOWN + ' sent to object: 'Object Repository/Objects.HighlightElements/input_field_index'

2020-06-05 21:07:05 - [MESSAGE][PASSED] - Keys 'DOWN + ' sent to object: 'Object Repository/Objects.HighlightElements/input_field_index'

2020-06-05 21:07:05 - [TEST_STEP][PASSED] - delay(DelayTime): Delayed 2 second(s)

2020-06-05 21:07:07 - [MESSAGE][PASSED] - Delayed 2 second(s)

2020-06-05 21:07:07 - [TEST_STEP][PASSED] - sendKeys(NewInputNmField, Keys.chord(ENTER)): Keys 'ENTER + ' sent to object: 'Object Repository/Objects.HighlightElements/input_field_index'

2020-06-05 21:07:07 - [MESSAGE][PASSED] - Keys 'ENTER + ' sent to object: 'Object Repository/Objects.HighlightElements/input_field_index'

2020-06-05 21:07:07 - [TEST_STEP][PASSED] - ComboBoxValue = getAttribute(NewInputNmField, "value"): Attribute 'value' of object 'Object Repository/Objects.HighlightElements/input_field_index' is: 'Ministry of Foreign Affairs'

2020-06-05 21:07:07 - [MESSAGE][PASSED] - Attribute 'value' of object 'Object Repository/Objects.HighlightElements/input_field_index' is: 'Ministry of Foreign Affairs'

2020-06-05 21:07:07 - [TEST_STEP][PASSED] - callTestCase(findTestCase(CallTCName), ["FindValue":ComboBoxValue, "DropdownNm":comboNm], STOP_ON_FAILURE): Call Test Case 'Test Cases/PFI Precision and Scale/HashMap Tables/ExternalAgencyLists' successfully

2020-06-05 21:07:07 - [TEST_CASE][PASSED] - Test Cases/PFI Precision and Scale/HashMap Tables/ExternalAgencyLists: Test Cases/PFI Precision and Scale/HashMap Tables/ExternalAgencyLists

2020-06-05 21:07:07 - [TEST_STEP][PASSED] - Thread.sleep(1000): null

2020-06-05 21:07:08 - [TEST_STEP][PASSED] - ExtAgencyTBL = [1:"HDB", 2:"AVA", 3:"CAAS", 4:"DSTA", 5:"EXXONMOBIL", 6:"Embassy", 7:"JTC Cat 1A", 8:"MBS- Marina Bay Sands", 9:"MCYS", 10:"MICA", ... ]: null

2020-06-05 21:07:08 - [TEST_STEP][PASSED] - ValueFound = ExtAgencyTBL.find({ -> ... }): null

2020-06-05 21:07:08 - [MESSAGE][PASSED] - Call Test Case 'Test Cases/PFI Precision and Scale/HashMap Tables/ExternalAgencyLists' successfully

2020-06-05 21:07:08 - [TEST_STEP][PASSED] - println(ValueFound): null

2020-06-05 21:07:08 - [TEST_STEP][PASSED] - sendKeys(NewInputNmField, Keys.chord(ARROW_DOWN)): Keys 'DOWN + ' sent to object: 'Object Repository/Objects.HighlightElements/input_field_index'

2020-06-05 21:07:08 - [MESSAGE][PASSED] - Keys 'DOWN + ' sent to object: 'Object Repository/Objects.HighlightElements/input_field_index'

2020-06-05 21:07:08 - [TEST_STEP][PASSED] - sendKeys(NewInputNmField, Keys.chord(ARROW_DOWN)): Keys 'DOWN + ' sent to object: 'Object Repository/Objects.HighlightElements/input_field_index'

2020-06-05 21:07:08 - [MESSAGE][PASSED] - Keys 'DOWN + ' sent to object: 'Object Repository/Objects.HighlightElements/input_field_index'

2020-06-05 21:07:08 - [TEST_STEP][PASSED] - delay(DelayTime): Delayed 2 second(s)

2020-06-05 21:07:10 - [MESSAGE][PASSED] - Delayed 2 second(s)

2020-06-05 21:07:10 - [TEST_STEP][PASSED] - sendKeys(NewInputNmField, Keys.chord(ENTER)): Keys 'ENTER + ' sent to object: 'Object Repository/Objects.HighlightElements/input_field_index'

2020-06-05 21:07:10 - [MESSAGE][PASSED] - Keys 'ENTER + ' sent to object: 'Object Repository/Objects.HighlightElements/input_field_index'

2020-06-05 21:07:10 - [TEST_STEP][PASSED] - ComboBoxValue = getAttribute(NewInputNmField, "value"): Attribute 'value' of object 'Object Repository/Objects.HighlightElements/input_field_index' is: 'Ministry of Health'

2020-06-05 21:07:10 - [MESSAGE][PASSED] - Attribute 'value' of object 'Object Repository/Objects.HighlightElements/input_field_index' is: 'Ministry of Health'

2020-06-05 21:07:10 - [TEST_STEP][PASSED] - callTestCase(findTestCase(CallTCName), ["FindValue":ComboBoxValue, "DropdownNm":comboNm], STOP_ON_FAILURE): Call Test Case 'Test Cases/PFI Precision and Scale/HashMap Tables/ExternalAgencyLists' successfully

2020-06-05 21:07:10 - [TEST_CASE][PASSED] - Test Cases/PFI Precision and Scale/HashMap Tables/ExternalAgencyLists: Test Cases/PFI Precision and Scale/HashMap Tables/ExternalAgencyLists

2020-06-05 21:07:10 - [TEST_STEP][PASSED] - Thread.sleep(1000): null

2020-06-05 21:07:11 - [TEST_STEP][PASSED] - ExtAgencyTBL = [1:"HDB", 2:"AVA", 3:"CAAS", 4:"DSTA", 5:"EXXONMOBIL", 6:"Embassy", 7:"JTC Cat 1A", 8:"MBS- Marina Bay Sands", 9:"MCYS", 10:"MICA", ... ]: null

2020-06-05 21:07:11 - [TEST_STEP][PASSED] - ValueFound = ExtAgencyTBL.find({ -> ... }): null

2020-06-05 21:07:11 - [MESSAGE][PASSED] - Call Test Case 'Test Cases/PFI Precision and Scale/HashMap Tables/ExternalAgencyLists' successfully

2020-06-05 21:07:11 - [TEST_STEP][PASSED] - println(ValueFound): null

2020-06-05 21:07:11 - [TEST_STEP][PASSED] - sendKeys(NewInputNmField, Keys.chord(ARROW_DOWN)): Keys 'DOWN + ' sent to object: 'Object Repository/Objects.HighlightElements/input_field_index'

2020-06-05 21:07:11 - [MESSAGE][PASSED] - Keys 'DOWN + ' sent to object: 'Object Repository/Objects.HighlightElements/input_field_index'

2020-06-05 21:07:11 - [TEST_STEP][PASSED] - sendKeys(NewInputNmField, Keys.chord(ARROW_DOWN)): Keys 'DOWN + ' sent to object: 'Object Repository/Objects.HighlightElements/input_field_index'

2020-06-05 21:07:11 - [MESSAGE][PASSED] - Keys 'DOWN + ' sent to object: 'Object Repository/Objects.HighlightElements/input_field_index'

2020-06-05 21:07:11 - [TEST_STEP][PASSED] - delay(DelayTime): Delayed 2 second(s)

2020-06-05 21:07:13 - [MESSAGE][PASSED] - Delayed 2 second(s)

2020-06-05 21:07:13 - [TEST_STEP][PASSED] - sendKeys(NewInputNmField, Keys.chord(ENTER)): Keys 'ENTER + ' sent to object: 'Object Repository/Objects.HighlightElements/input_field_index'

2020-06-05 21:07:13 - [MESSAGE][PASSED] - Keys 'ENTER + ' sent to object: 'Object Repository/Objects.HighlightElements/input_field_index'

2020-06-05 21:07:13 - [TEST_STEP][PASSED] - ComboBoxValue = getAttribute(NewInputNmField, "value"): Attribute 'value' of object 'Object Repository/Objects.HighlightElements/input_field_index' is: 'Ministry of Home Affairs'

2020-06-05 21:07:13 - [MESSAGE][PASSED] - Attribute 'value' of object 'Object Repository/Objects.HighlightElements/input_field_index' is: 'Ministry of Home Affairs'

2020-06-05 21:07:13 - [TEST_STEP][PASSED] - callTestCase(findTestCase(CallTCName), ["FindValue":ComboBoxValue, "DropdownNm":comboNm], STOP_ON_FAILURE): Call Test Case 'Test Cases/PFI Precision and Scale/HashMap Tables/ExternalAgencyLists' successfully

2020-06-05 21:07:13 - [TEST_CASE][PASSED] - Test Cases/PFI Precision and Scale/HashMap Tables/ExternalAgencyLists: Test Cases/PFI Precision and Scale/HashMap Tables/ExternalAgencyLists

2020-06-05 21:07:13 - [TEST_STEP][PASSED] - Thread.sleep(1000): null

2020-06-05 21:07:14 - [TEST_STEP][PASSED] - ExtAgencyTBL = [1:"HDB", 2:"AVA", 3:"CAAS", 4:"DSTA", 5:"EXXONMOBIL", 6:"Embassy", 7:"JTC Cat 1A", 8:"MBS- Marina Bay Sands", 9:"MCYS", 10:"MICA", ... ]: null

2020-06-05 21:07:14 - [TEST_STEP][PASSED] - ValueFound = ExtAgencyTBL.find({ -> ... }): null

2020-06-05 21:07:14 - [MESSAGE][PASSED] - Call Test Case 'Test Cases/PFI Precision and Scale/HashMap Tables/ExternalAgencyLists' successfully

2020-06-05 21:07:14 - [TEST_STEP][PASSED] - println(ValueFound): null

2020-06-05 21:07:14 - [TEST_STEP][PASSED] - sendKeys(NewInputNmField, Keys.chord(ARROW_DOWN)): Keys 'DOWN + ' sent to object: 'Object Repository/Objects.HighlightElements/input_field_index'

2020-06-05 21:07:14 - [MESSAGE][PASSED] - Keys 'DOWN + ' sent to object: 'Object Repository/Objects.HighlightElements/input_field_index'

2020-06-05 21:07:14 - [TEST_STEP][PASSED] - sendKeys(NewInputNmField, Keys.chord(ARROW_DOWN)): Keys 'DOWN + ' sent to object: 'Object Repository/Objects.HighlightElements/input_field_index'

2020-06-05 21:07:14 - [MESSAGE][PASSED] - Keys 'DOWN + ' sent to object: 'Object Repository/Objects.HighlightElements/input_field_index'

2020-06-05 21:07:14 - [TEST_STEP][PASSED] - delay(DelayTime): Delayed 2 second(s)

2020-06-05 21:07:16 - [MESSAGE][PASSED] - Delayed 2 second(s)

2020-06-05 21:07:16 - [TEST_STEP][PASSED] - sendKeys(NewInputNmField, Keys.chord(ENTER)): Keys 'ENTER + ' sent to object: 'Object Repository/Objects.HighlightElements/input_field_index'

2020-06-05 21:07:16 - [MESSAGE][PASSED] - Keys 'ENTER + ' sent to object: 'Object Repository/Objects.HighlightElements/input_field_index'

2020-06-05 21:07:16 - [TEST_STEP][PASSED] - ComboBoxValue = getAttribute(NewInputNmField, "value"): Attribute 'value' of object 'Object Repository/Objects.HighlightElements/input_field_index' is: 'National Environment Agency'

2020-06-05 21:07:16 - [MESSAGE][PASSED] - Attribute 'value' of object 'Object Repository/Objects.HighlightElements/input_field_index' is: 'National Environment Agency'

2020-06-05 21:07:16 - [TEST_STEP][PASSED] - callTestCase(findTestCase(CallTCName), ["FindValue":ComboBoxValue, "DropdownNm":comboNm], STOP_ON_FAILURE): Call Test Case 'Test Cases/PFI Precision and Scale/HashMap Tables/ExternalAgencyLists' successfully

2020-06-05 21:07:17 - [TEST_CASE][PASSED] - Test Cases/PFI Precision and Scale/HashMap Tables/ExternalAgencyLists: Test Cases/PFI Precision and Scale/HashMap Tables/ExternalAgencyLists

2020-06-05 21:07:17 - [TEST_STEP][PASSED] - Thread.sleep(1000): null

2020-06-05 21:07:18 - [TEST_STEP][PASSED] - ExtAgencyTBL = [1:"HDB", 2:"AVA", 3:"CAAS", 4:"DSTA", 5:"EXXONMOBIL", 6:"Embassy", 7:"JTC Cat 1A", 8:"MBS- Marina Bay Sands", 9:"MCYS", 10:"MICA", ... ]: null

2020-06-05 21:07:18 - [TEST_STEP][PASSED] - ValueFound = ExtAgencyTBL.find({ -> ... }): null

2020-06-05 21:07:18 - [MESSAGE][PASSED] - Call Test Case 'Test Cases/PFI Precision and Scale/HashMap Tables/ExternalAgencyLists' successfully

2020-06-05 21:07:18 - [TEST_STEP][PASSED] - println(ValueFound): null

2020-06-05 21:07:18 - [TEST_STEP][PASSED] - sendKeys(NewInputNmField, Keys.chord(ARROW_DOWN)): Keys 'DOWN + ' sent to object: 'Object Repository/Objects.HighlightElements/input_field_index'

2020-06-05 21:07:18 - [MESSAGE][PASSED] - Keys 'DOWN + ' sent to object: 'Object Repository/Objects.HighlightElements/input_field_index'

2020-06-05 21:07:18 - [TEST_STEP][PASSED] - sendKeys(NewInputNmField, Keys.chord(ARROW_DOWN)): Keys 'DOWN + ' sent to object: 'Object Repository/Objects.HighlightElements/input_field_index'

2020-06-05 21:07:18 - [MESSAGE][PASSED] - Keys 'DOWN + ' sent to object: 'Object Repository/Objects.HighlightElements/input_field_index'

2020-06-05 21:07:18 - [TEST_STEP][PASSED] - delay(DelayTime): Delayed 2 second(s)

2020-06-05 21:07:20 - [MESSAGE][PASSED] - Delayed 2 second(s)

2020-06-05 21:07:20 - [TEST_STEP][PASSED] - sendKeys(NewInputNmField, Keys.chord(ENTER)): Keys 'ENTER + ' sent to object: 'Object Repository/Objects.HighlightElements/input_field_index'

2020-06-05 21:07:20 - [MESSAGE][PASSED] - Keys 'ENTER + ' sent to object: 'Object Repository/Objects.HighlightElements/input_field_index'

2020-06-05 21:07:20 - [TEST_STEP][PASSED] - ComboBoxValue = getAttribute(NewInputNmField, "value"): Attribute 'value' of object 'Object Repository/Objects.HighlightElements/input_field_index' is: 'National Heritage Board'

2020-06-05 21:07:20 - [MESSAGE][PASSED] - Attribute 'value' of object 'Object Repository/Objects.HighlightElements/input_field_index' is: 'National Heritage Board'

2020-06-05 21:07:20 - [TEST_STEP][PASSED] - callTestCase(findTestCase(CallTCName), ["FindValue":ComboBoxValue, "DropdownNm":comboNm], STOP_ON_FAILURE): Call Test Case 'Test Cases/PFI Precision and Scale/HashMap Tables/ExternalAgencyLists' successfully

2020-06-05 21:07:20 - [TEST_CASE][PASSED] - Test Cases/PFI Precision and Scale/HashMap Tables/ExternalAgencyLists: Test Cases/PFI Precision and Scale/HashMap Tables/ExternalAgencyLists

2020-06-05 21:07:20 - [TEST_STEP][PASSED] - Thread.sleep(1000): null

2020-06-05 21:07:21 - [TEST_STEP][PASSED] - ExtAgencyTBL = [1:"HDB", 2:"AVA", 3:"CAAS", 4:"DSTA", 5:"EXXONMOBIL", 6:"Embassy", 7:"JTC Cat 1A", 8:"MBS- Marina Bay Sands", 9:"MCYS", 10:"MICA", ... ]: null

2020-06-05 21:07:21 - [TEST_STEP][PASSED] - ValueFound = ExtAgencyTBL.find({ -> ... }): null

2020-06-05 21:07:21 - [MESSAGE][PASSED] - Call Test Case 'Test Cases/PFI Precision and Scale/HashMap Tables/ExternalAgencyLists' successfully

2020-06-05 21:07:21 - [TEST_STEP][PASSED] - println(ValueFound): null

2020-06-05 21:07:21 - [TEST_STEP][PASSED] - sendKeys(NewInputNmField, Keys.chord(ARROW_DOWN)): Keys 'DOWN + ' sent to object: 'Object Repository/Objects.HighlightElements/input_field_index'

2020-06-05 21:07:21 - [MESSAGE][PASSED] - Keys 'DOWN + ' sent to object: 'Object Repository/Objects.HighlightElements/input_field_index'

2020-06-05 21:07:21 - [TEST_STEP][PASSED] - sendKeys(NewInputNmField, Keys.chord(ARROW_DOWN)): Keys 'DOWN + ' sent to object: 'Object Repository/Objects.HighlightElements/input_field_index'

2020-06-05 21:07:21 - [MESSAGE][PASSED] - Keys 'DOWN + ' sent to object: 'Object Repository/Objects.HighlightElements/input_field_index'

2020-06-05 21:07:21 - [TEST_STEP][PASSED] - delay(DelayTime): Delayed 2 second(s)

2020-06-05 21:07:23 - [MESSAGE][PASSED] - Delayed 2 second(s)

2020-06-05 21:07:23 - [TEST_STEP][PASSED] - sendKeys(NewInputNmField, Keys.chord(ENTER)): Keys 'ENTER + ' sent to object: 'Object Repository/Objects.HighlightElements/input_field_index'

2020-06-05 21:07:23 - [MESSAGE][PASSED] - Keys 'ENTER + ' sent to object: 'Object Repository/Objects.HighlightElements/input_field_index'

2020-06-05 21:07:23 - [TEST_STEP][PASSED] - ComboBoxValue = getAttribute(NewInputNmField, "value"): Attribute 'value' of object 'Object Repository/Objects.HighlightElements/input_field_index' is: 'National Parks Board'

2020-06-05 21:07:23 - [MESSAGE][PASSED] - Attribute 'value' of object 'Object Repository/Objects.HighlightElements/input_field_index' is: 'National Parks Board'

2020-06-05 21:07:23 - [TEST_STEP][PASSED] - callTestCase(findTestCase(CallTCName), ["FindValue":ComboBoxValue, "DropdownNm":comboNm], STOP_ON_FAILURE): Call Test Case 'Test Cases/PFI Precision and Scale/HashMap Tables/ExternalAgencyLists' successfully

2020-06-05 21:07:23 - [TEST_CASE][PASSED] - Test Cases/PFI Precision and Scale/HashMap Tables/ExternalAgencyLists: Test Cases/PFI Precision and Scale/HashMap Tables/ExternalAgencyLists

2020-06-05 21:07:23 - [TEST_STEP][PASSED] - Thread.sleep(1000): null

2020-06-05 21:07:24 - [TEST_STEP][PASSED] - ExtAgencyTBL = [1:"HDB", 2:"AVA", 3:"CAAS", 4:"DSTA", 5:"EXXONMOBIL", 6:"Embassy", 7:"JTC Cat 1A", 8:"MBS- Marina Bay Sands", 9:"MCYS", 10:"MICA", ... ]: null

2020-06-05 21:07:24 - [TEST_STEP][PASSED] - ValueFound = ExtAgencyTBL.find({ -> ... }): null

2020-06-05 21:07:24 - [MESSAGE][PASSED] - Call Test Case 'Test Cases/PFI Precision and Scale/HashMap Tables/ExternalAgencyLists' successfully

2020-06-05 21:07:24 - [TEST_STEP][PASSED] - println(ValueFound): null

2020-06-05 21:07:24 - [TEST_STEP][PASSED] - sendKeys(NewInputNmField, Keys.chord(ARROW_DOWN)): Keys 'DOWN + ' sent to object: 'Object Repository/Objects.HighlightElements/input_field_index'

2020-06-05 21:07:24 - [MESSAGE][PASSED] - Keys 'DOWN + ' sent to object: 'Object Repository/Objects.HighlightElements/input_field_index'

2020-06-05 21:07:24 - [TEST_STEP][PASSED] - sendKeys(NewInputNmField, Keys.chord(ARROW_DOWN)): Keys 'DOWN + ' sent to object: 'Object Repository/Objects.HighlightElements/input_field_index'

2020-06-05 21:07:24 - [MESSAGE][PASSED] - Keys 'DOWN + ' sent to object: 'Object Repository/Objects.HighlightElements/input_field_index'

2020-06-05 21:07:24 - [TEST_STEP][PASSED] - delay(DelayTime): Delayed 2 second(s)

2020-06-05 21:07:26 - [MESSAGE][PASSED] - Delayed 2 second(s)

2020-06-05 21:07:26 - [TEST_STEP][PASSED] - sendKeys(NewInputNmField, Keys.chord(ENTER)): Keys 'ENTER + ' sent to object: 'Object Repository/Objects.HighlightElements/input_field_index'

2020-06-05 21:07:26 - [MESSAGE][PASSED] - Keys 'ENTER + ' sent to object: 'Object Repository/Objects.HighlightElements/input_field_index'

2020-06-05 21:07:26 - [TEST_STEP][PASSED] - ComboBoxValue = getAttribute(NewInputNmField, "value"): Attribute 'value' of object 'Object Repository/Objects.HighlightElements/input_field_index' is: 'POWER GRID'

2020-06-05 21:07:26 - [MESSAGE][PASSED] - Attribute 'value' of object 'Object Repository/Objects.HighlightElements/input_field_index' is: 'POWER GRID'

2020-06-05 21:07:26 - [TEST_STEP][PASSED] - callTestCase(findTestCase(CallTCName), ["FindValue":ComboBoxValue, "DropdownNm":comboNm], STOP_ON_FAILURE): Call Test Case 'Test Cases/PFI Precision and Scale/HashMap Tables/ExternalAgencyLists' successfully

2020-06-05 21:07:26 - [TEST_CASE][PASSED] - Test Cases/PFI Precision and Scale/HashMap Tables/ExternalAgencyLists: Test Cases/PFI Precision and Scale/HashMap Tables/ExternalAgencyLists

2020-06-05 21:07:26 - [TEST_STEP][PASSED] - Thread.sleep(1000): null

2020-06-05 21:07:27 - [TEST_STEP][PASSED] - ExtAgencyTBL = [1:"HDB", 2:"AVA", 3:"CAAS", 4:"DSTA", 5:"EXXONMOBIL", 6:"Embassy", 7:"JTC Cat 1A", 8:"MBS- Marina Bay Sands", 9:"MCYS", 10:"MICA", ... ]: null

2020-06-05 21:07:27 - [TEST_STEP][PASSED] - ValueFound = ExtAgencyTBL.find({ -> ... }): null

2020-06-05 21:07:27 - [MESSAGE][PASSED] - Call Test Case 'Test Cases/PFI Precision and Scale/HashMap Tables/ExternalAgencyLists' successfully

2020-06-05 21:07:27 - [TEST_STEP][PASSED] - println(ValueFound): null

2020-06-05 21:07:27 - [TEST_STEP][PASSED] - sendKeys(NewInputNmField, Keys.chord(ARROW_DOWN)): Keys 'DOWN + ' sent to object: 'Object Repository/Objects.HighlightElements/input_field_index'

2020-06-05 21:07:27 - [MESSAGE][PASSED] - Keys 'DOWN + ' sent to object: 'Object Repository/Objects.HighlightElements/input_field_index'

2020-06-05 21:07:27 - [TEST_STEP][PASSED] - sendKeys(NewInputNmField, Keys.chord(ARROW_DOWN)): Keys 'DOWN + ' sent to object: 'Object Repository/Objects.HighlightElements/input_field_index'

2020-06-05 21:07:27 - [MESSAGE][PASSED] - Keys 'DOWN + ' sent to object: 'Object Repository/Objects.HighlightElements/input_field_index'

2020-06-05 21:07:27 - [TEST_STEP][PASSED] - delay(DelayTime): Delayed 2 second(s)

2020-06-05 21:07:29 - [MESSAGE][PASSED] - Delayed 2 second(s)

2020-06-05 21:07:29 - [TEST_STEP][PASSED] - sendKeys(NewInputNmField, Keys.chord(ENTER)): Keys 'ENTER + ' sent to object: 'Object Repository/Objects.HighlightElements/input_field_index'

2020-06-05 21:07:29 - [MESSAGE][PASSED] - Keys 'ENTER + ' sent to object: 'Object Repository/Objects.HighlightElements/input_field_index'

2020-06-05 21:07:29 - [TEST_STEP][PASSED] - ComboBoxValue = getAttribute(NewInputNmField, "value"): Attribute 'value' of object 'Object Repository/Objects.HighlightElements/input_field_index' is: 'PUB, the National Water Agency'

2020-06-05 21:07:29 - [MESSAGE][PASSED] - Attribute 'value' of object 'Object Repository/Objects.HighlightElements/input_field_index' is: 'PUB, the National Water Agency'

2020-06-05 21:07:29 - [TEST_STEP][PASSED] - callTestCase(findTestCase(CallTCName), ["FindValue":ComboBoxValue, "DropdownNm":comboNm], STOP_ON_FAILURE): Call Test Case 'Test Cases/PFI Precision and Scale/HashMap Tables/ExternalAgencyLists' successfully

2020-06-05 21:07:29 - [TEST_CASE][PASSED] - Test Cases/PFI Precision and Scale/HashMap Tables/ExternalAgencyLists: Test Cases/PFI Precision and Scale/HashMap Tables/ExternalAgencyLists

2020-06-05 21:07:29 - [TEST_STEP][PASSED] - Thread.sleep(1000): null

2020-06-05 21:07:30 - [TEST_STEP][PASSED] - ExtAgencyTBL = [1:"HDB", 2:"AVA", 3:"CAAS", 4:"DSTA", 5:"EXXONMOBIL", 6:"Embassy", 7:"JTC Cat 1A", 8:"MBS- Marina Bay Sands", 9:"MCYS", 10:"MICA", ... ]: null

2020-06-05 21:07:30 - [TEST_STEP][PASSED] - ValueFound = ExtAgencyTBL.find({ -> ... }): null

2020-06-05 21:07:30 - [MESSAGE][PASSED] - Call Test Case 'Test Cases/PFI Precision and Scale/HashMap Tables/ExternalAgencyLists' successfully

2020-06-05 21:07:30 - [TEST_STEP][PASSED] - println(ValueFound): null

2020-06-05 21:07:30 - [TEST_STEP][PASSED] - sendKeys(NewInputNmField, Keys.chord(ARROW_DOWN)): Keys 'DOWN + ' sent to object: 'Object Repository/Objects.HighlightElements/input_field_index'

2020-06-05 21:07:31 - [MESSAGE][PASSED] - Keys 'DOWN + ' sent to object: 'Object Repository/Objects.HighlightElements/input_field_index'

2020-06-05 21:07:31 - [TEST_STEP][PASSED] - sendKeys(NewInputNmField, Keys.chord(ARROW_DOWN)): Keys 'DOWN + ' sent to object: 'Object Repository/Objects.HighlightElements/input_field_index'

2020-06-05 21:07:31 - [MESSAGE][PASSED] - Keys 'DOWN + ' sent to object: 'Object Repository/Objects.HighlightElements/input_field_index'

2020-06-05 21:07:31 - [TEST_STEP][PASSED] - delay(DelayTime): Delayed 2 second(s)

2020-06-05 21:07:33 - [MESSAGE][PASSED] - Delayed 2 second(s)

2020-06-05 21:07:33 - [TEST_STEP][PASSED] - sendKeys(NewInputNmField, Keys.chord(ENTER)): Keys 'ENTER + ' sent to object: 'Object Repository/Objects.HighlightElements/input_field_index'

2020-06-05 21:07:33 - [MESSAGE][PASSED] - Keys 'ENTER + ' sent to object: 'Object Repository/Objects.HighlightElements/input_field_index'

2020-06-05 21:07:33 - [TEST_STEP][PASSED] - ComboBoxValue = getAttribute(NewInputNmField, "value"): Attribute 'value' of object 'Object Repository/Objects.HighlightElements/input_field_index' is: 'People's Association'

2020-06-05 21:07:33 - [MESSAGE][PASSED] - Attribute 'value' of object 'Object Repository/Objects.HighlightElements/input_field_index' is: 'People's Association'

2020-06-05 21:07:33 - [TEST_STEP][PASSED] - callTestCase(findTestCase(CallTCName), ["FindValue":ComboBoxValue, "DropdownNm":comboNm], STOP_ON_FAILURE): Call Test Case 'Test Cases/PFI Precision and Scale/HashMap Tables/ExternalAgencyLists' successfully

2020-06-05 21:07:33 - [TEST_CASE][PASSED] - Test Cases/PFI Precision and Scale/HashMap Tables/ExternalAgencyLists: Test Cases/PFI Precision and Scale/HashMap Tables/ExternalAgencyLists

2020-06-05 21:07:33 - [TEST_STEP][PASSED] - Thread.sleep(1000): null

2020-06-05 21:07:34 - [TEST_STEP][PASSED] - ExtAgencyTBL = [1:"HDB", 2:"AVA", 3:"CAAS", 4:"DSTA", 5:"EXXONMOBIL", 6:"Embassy", 7:"JTC Cat 1A", 8:"MBS- Marina Bay Sands", 9:"MCYS", 10:"MICA", ... ]: null

2020-06-05 21:07:34 - [TEST_STEP][PASSED] - ValueFound = ExtAgencyTBL.find({ -> ... }): null

2020-06-05 21:07:34 - [MESSAGE][PASSED] - Call Test Case 'Test Cases/PFI Precision and Scale/HashMap Tables/ExternalAgencyLists' successfully

2020-06-05 21:07:34 - [TEST_STEP][PASSED] - println(ValueFound): null

2020-06-05 21:07:34 - [TEST_STEP][PASSED] - sendKeys(NewInputNmField, Keys.chord(ARROW_DOWN)): Keys 'DOWN + ' sent to object: 'Object Repository/Objects.HighlightElements/input_field_index'

2020-06-05 21:07:34 - [MESSAGE][PASSED] - Keys 'DOWN + ' sent to object: 'Object Repository/Objects.HighlightElements/input_field_index'

2020-06-05 21:07:34 - [TEST_STEP][PASSED] - sendKeys(NewInputNmField, Keys.chord(ARROW_DOWN)): Keys 'DOWN + ' sent to object: 'Object Repository/Objects.HighlightElements/input_field_index'

2020-06-05 21:07:34 - [MESSAGE][PASSED] - Keys 'DOWN + ' sent to object: 'Object Repository/Objects.HighlightElements/input_field_index'

2020-06-05 21:07:34 - [TEST_STEP][PASSED] - delay(DelayTime): Delayed 2 second(s)

2020-06-05 21:07:36 - [MESSAGE][PASSED] - Delayed 2 second(s)

2020-06-05 21:07:36 - [TEST_STEP][PASSED] - sendKeys(NewInputNmField, Keys.chord(ENTER)): Keys 'ENTER + ' sent to object: 'Object Repository/Objects.HighlightElements/input_field_index'

2020-06-05 21:07:36 - [MESSAGE][PASSED] - Keys 'ENTER + ' sent to object: 'Object Repository/Objects.HighlightElements/input_field_index'

2020-06-05 21:07:36 - [TEST_STEP][PASSED] - ComboBoxValue = getAttribute(NewInputNmField, "value"): Attribute 'value' of object 'Object Repository/Objects.HighlightElements/input_field_index' is: 'Polytechnic'

2020-06-05 21:07:36 - [MESSAGE][PASSED] - Attribute 'value' of object 'Object Repository/Objects.HighlightElements/input_field_index' is: 'Polytechnic'

2020-06-05 21:07:36 - [TEST_STEP][PASSED] - callTestCase(findTestCase(CallTCName), ["FindValue":ComboBoxValue, "DropdownNm":comboNm], STOP_ON_FAILURE): Call Test Case 'Test Cases/PFI Precision and Scale/HashMap Tables/ExternalAgencyLists' successfully

2020-06-05 21:07:36 - [TEST_CASE][PASSED] - Test Cases/PFI Precision and Scale/HashMap Tables/ExternalAgencyLists: Test Cases/PFI Precision and Scale/HashMap Tables/ExternalAgencyLists

2020-06-05 21:07:36 - [TEST_STEP][PASSED] - Thread.sleep(1000): null

2020-06-05 21:07:37 - [TEST_STEP][PASSED] - ExtAgencyTBL = [1:"HDB", 2:"AVA", 3:"CAAS", 4:"DSTA", 5:"EXXONMOBIL", 6:"Embassy", 7:"JTC Cat 1A", 8:"MBS- Marina Bay Sands", 9:"MCYS", 10:"MICA", ... ]: null

2020-06-05 21:07:37 - [TEST_STEP][PASSED] - ValueFound = ExtAgencyTBL.find({ -> ... }): null

2020-06-05 21:07:37 - [MESSAGE][PASSED] - Call Test Case 'Test Cases/PFI Precision and Scale/HashMap Tables/ExternalAgencyLists' successfully

2020-06-05 21:07:37 - [TEST_STEP][PASSED] - println(ValueFound): null

2020-06-05 21:07:37 - [TEST_STEP][PASSED] - sendKeys(NewInputNmField, Keys.chord(ARROW_DOWN)): Keys 'DOWN + ' sent to object: 'Object Repository/Objects.HighlightElements/input_field_index'

2020-06-05 21:07:37 - [MESSAGE][PASSED] - Keys 'DOWN + ' sent to object: 'Object Repository/Objects.HighlightElements/input_field_index'

2020-06-05 21:07:37 - [TEST_STEP][PASSED] - sendKeys(NewInputNmField, Keys.chord(ARROW_DOWN)): Keys 'DOWN + ' sent to object: 'Object Repository/Objects.HighlightElements/input_field_index'

2020-06-05 21:07:37 - [MESSAGE][PASSED] - Keys 'DOWN + ' sent to object: 'Object Repository/Objects.HighlightElements/input_field_index'

2020-06-05 21:07:37 - [TEST_STEP][PASSED] - delay(DelayTime): Delayed 2 second(s)

2020-06-05 21:07:39 - [MESSAGE][PASSED] - Delayed 2 second(s)

2020-06-05 21:07:39 - [TEST_STEP][PASSED] - sendKeys(NewInputNmField, Keys.chord(ENTER)): Keys 'ENTER + ' sent to object: 'Object Repository/Objects.HighlightElements/input_field_index'

2020-06-05 21:07:39 - [MESSAGE][PASSED] - Keys 'ENTER + ' sent to object: 'Object Repository/Objects.HighlightElements/input_field_index'

2020-06-05 21:07:39 - [TEST_STEP][PASSED] - ComboBoxValue = getAttribute(NewInputNmField, "value"): Attribute 'value' of object 'Object Repository/Objects.HighlightElements/input_field_index' is: 'Port of Singapore Authority'

2020-06-05 21:07:39 - [MESSAGE][PASSED] - Attribute 'value' of object 'Object Repository/Objects.HighlightElements/input_field_index' is: 'Port of Singapore Authority'

2020-06-05 21:07:39 - [TEST_STEP][PASSED] - callTestCase(findTestCase(CallTCName), ["FindValue":ComboBoxValue, "DropdownNm":comboNm], STOP_ON_FAILURE): Call Test Case 'Test Cases/PFI Precision and Scale/HashMap Tables/ExternalAgencyLists' successfully

2020-06-05 21:07:39 - [TEST_CASE][PASSED] - Test Cases/PFI Precision and Scale/HashMap Tables/ExternalAgencyLists: Test Cases/PFI Precision and Scale/HashMap Tables/ExternalAgencyLists

2020-06-05 21:07:39 - [TEST_STEP][PASSED] - Thread.sleep(1000): null

2020-06-05 21:07:40 - [TEST_STEP][PASSED] - ExtAgencyTBL = [1:"HDB", 2:"AVA", 3:"CAAS", 4:"DSTA", 5:"EXXONMOBIL", 6:"Embassy", 7:"JTC Cat 1A", 8:"MBS- Marina Bay Sands", 9:"MCYS", 10:"MICA", ... ]: null

2020-06-05 21:07:40 - [TEST_STEP][PASSED] - ValueFound = ExtAgencyTBL.find({ -> ... }): null

2020-06-05 21:07:40 - [MESSAGE][PASSED] - Call Test Case 'Test Cases/PFI Precision and Scale/HashMap Tables/ExternalAgencyLists' successfully

2020-06-05 21:07:40 - [TEST_STEP][PASSED] - println(ValueFound): null

2020-06-05 21:07:40 - [TEST_STEP][PASSED] - sendKeys(NewInputNmField, Keys.chord(ARROW_DOWN)): Keys 'DOWN + ' sent to object: 'Object Repository/Objects.HighlightElements/input_field_index'

2020-06-05 21:07:40 - [MESSAGE][PASSED] - Keys 'DOWN + ' sent to object: 'Object Repository/Objects.HighlightElements/input_field_index'

2020-06-05 21:07:40 - [TEST_STEP][PASSED] - sendKeys(NewInputNmField, Keys.chord(ARROW_DOWN)): Keys 'DOWN + ' sent to object: 'Object Repository/Objects.HighlightElements/input_field_index'

2020-06-05 21:07:40 - [MESSAGE][PASSED] - Keys 'DOWN + ' sent to object: 'Object Repository/Objects.HighlightElements/input_field_index'

2020-06-05 21:07:40 - [TEST_STEP][PASSED] - delay(DelayTime): Delayed 2 second(s)

2020-06-05 21:07:42 - [MESSAGE][PASSED] - Delayed 2 second(s)

2020-06-05 21:07:42 - [TEST_STEP][PASSED] - sendKeys(NewInputNmField, Keys.chord(ENTER)): Keys 'ENTER + ' sent to object: 'Object Repository/Objects.HighlightElements/input_field_index'

2020-06-05 21:07:42 - [MESSAGE][PASSED] - Keys 'ENTER + ' sent to object: 'Object Repository/Objects.HighlightElements/input_field_index'

2020-06-05 21:07:42 - [TEST_STEP][PASSED] - ComboBoxValue = getAttribute(NewInputNmField, "value"): Attribute 'value' of object 'Object Repository/Objects.HighlightElements/input_field_index' is: 'RWS - Resorts World Sentosa'

2020-06-05 21:07:42 - [MESSAGE][PASSED] - Attribute 'value' of object 'Object Repository/Objects.HighlightElements/input_field_index' is: 'RWS - Resorts World Sentosa'

2020-06-05 21:07:42 - [TEST_STEP][PASSED] - callTestCase(findTestCase(CallTCName), ["FindValue":ComboBoxValue, "DropdownNm":comboNm], STOP_ON_FAILURE): Call Test Case 'Test Cases/PFI Precision and Scale/HashMap Tables/ExternalAgencyLists' successfully

2020-06-05 21:07:42 - [TEST_CASE][PASSED] - Test Cases/PFI Precision and Scale/HashMap Tables/ExternalAgencyLists: Test Cases/PFI Precision and Scale/HashMap Tables/ExternalAgencyLists

2020-06-05 21:07:42 - [TEST_STEP][PASSED] - Thread.sleep(1000): null

2020-06-05 21:07:43 - [TEST_STEP][PASSED] - ExtAgencyTBL = [1:"HDB", 2:"AVA", 3:"CAAS", 4:"DSTA", 5:"EXXONMOBIL", 6:"Embassy", 7:"JTC Cat 1A", 8:"MBS- Marina Bay Sands", 9:"MCYS", 10:"MICA", ... ]: null

2020-06-05 21:07:43 - [TEST_STEP][PASSED] - ValueFound = ExtAgencyTBL.find({ -> ... }): null

2020-06-05 21:07:43 - [MESSAGE][PASSED] - Call Test Case 'Test Cases/PFI Precision and Scale/HashMap Tables/ExternalAgencyLists' successfully

2020-06-05 21:07:43 - [TEST_STEP][PASSED] - println(ValueFound): null

2020-06-05 21:07:43 - [TEST_STEP][PASSED] - sendKeys(NewInputNmField, Keys.chord(ARROW_DOWN)): Keys 'DOWN + ' sent to object: 'Object Repository/Objects.HighlightElements/input_field_index'

2020-06-05 21:07:43 - [MESSAGE][PASSED] - Keys 'DOWN + ' sent to object: 'Object Repository/Objects.HighlightElements/input_field_index'

2020-06-05 21:07:43 - [TEST_STEP][PASSED] - sendKeys(NewInputNmField, Keys.chord(ARROW_DOWN)): Keys 'DOWN + ' sent to object: 'Object Repository/Objects.HighlightElements/input_field_index'

2020-06-05 21:07:44 - [MESSAGE][PASSED] - Keys 'DOWN + ' sent to object: 'Object Repository/Objects.HighlightElements/input_field_index'

2020-06-05 21:07:44 - [TEST_STEP][PASSED] - delay(DelayTime): Delayed 2 second(s)

2020-06-05 21:07:46 - [MESSAGE][PASSED] - Delayed 2 second(s)

2020-06-05 21:07:46 - [TEST_STEP][PASSED] - sendKeys(NewInputNmField, Keys.chord(ENTER)): Keys 'ENTER + ' sent to object: 'Object Repository/Objects.HighlightElements/input_field_index'

2020-06-05 21:07:46 - [MESSAGE][PASSED] - Keys 'ENTER + ' sent to object: 'Object Repository/Objects.HighlightElements/input_field_index'

2020-06-05 21:07:46 - [TEST_STEP][PASSED] - ComboBoxValue = getAttribute(NewInputNmField, "value"): Attribute 'value' of object 'Object Repository/Objects.HighlightElements/input_field_index' is: 'S'pore Sports Council'

2020-06-05 21:07:46 - [MESSAGE][PASSED] - Attribute 'value' of object 'Object Repository/Objects.HighlightElements/input_field_index' is: 'S'pore Sports Council'

2020-06-05 21:07:46 - [TEST_STEP][PASSED] - callTestCase(findTestCase(CallTCName), ["FindValue":ComboBoxValue, "DropdownNm":comboNm], STOP_ON_FAILURE): Call Test Case 'Test Cases/PFI Precision and Scale/HashMap Tables/ExternalAgencyLists' successfully

2020-06-05 21:07:46 - [TEST_CASE][PASSED] - Test Cases/PFI Precision and Scale/HashMap Tables/ExternalAgencyLists: Test Cases/PFI Precision and Scale/HashMap Tables/ExternalAgencyLists

2020-06-05 21:07:46 - [TEST_STEP][PASSED] - Thread.sleep(1000): null

2020-06-05 21:07:47 - [TEST_STEP][PASSED] - ExtAgencyTBL = [1:"HDB", 2:"AVA", 3:"CAAS", 4:"DSTA", 5:"EXXONMOBIL", 6:"Embassy", 7:"JTC Cat 1A", 8:"MBS- Marina Bay Sands", 9:"MCYS", 10:"MICA", ... ]: null

2020-06-05 21:07:47 - [TEST_STEP][PASSED] - ValueFound = ExtAgencyTBL.find({ -> ... }): null

2020-06-05 21:07:47 - [MESSAGE][PASSED] - Call Test Case 'Test Cases/PFI Precision and Scale/HashMap Tables/ExternalAgencyLists' successfully

2020-06-05 21:07:47 - [TEST_STEP][PASSED] - println(ValueFound): null

2020-06-05 21:07:47 - [TEST_STEP][PASSED] - sendKeys(NewInputNmField, Keys.chord(ARROW_DOWN)): Keys 'DOWN + ' sent to object: 'Object Repository/Objects.HighlightElements/input_field_index'

2020-06-05 21:07:47 - [MESSAGE][PASSED] - Keys 'DOWN + ' sent to object: 'Object Repository/Objects.HighlightElements/input_field_index'

2020-06-05 21:07:47 - [TEST_STEP][PASSED] - sendKeys(NewInputNmField, Keys.chord(ARROW_DOWN)): Keys 'DOWN + ' sent to object: 'Object Repository/Objects.HighlightElements/input_field_index'

2020-06-05 21:07:47 - [MESSAGE][PASSED] - Keys 'DOWN + ' sent to object: 'Object Repository/Objects.HighlightElements/input_field_index'

2020-06-05 21:07:47 - [TEST_STEP][PASSED] - delay(DelayTime): Delayed 2 second(s)

2020-06-05 21:07:49 - [MESSAGE][PASSED] - Delayed 2 second(s)

2020-06-05 21:07:49 - [TEST_STEP][PASSED] - sendKeys(NewInputNmField, Keys.chord(ENTER)): Keys 'ENTER + ' sent to object: 'Object Repository/Objects.HighlightElements/input_field_index'

2020-06-05 21:07:49 - [MESSAGE][PASSED] - Keys 'ENTER + ' sent to object: 'Object Repository/Objects.HighlightElements/input_field_index'

2020-06-05 21:07:49 - [TEST_STEP][PASSED] - ComboBoxValue = getAttribute(NewInputNmField, "value"): Attribute 'value' of object 'Object Repository/Objects.HighlightElements/input_field_index' is: 'SENTOSA'

2020-06-05 21:07:49 - [MESSAGE][PASSED] - Attribute 'value' of object 'Object Repository/Objects.HighlightElements/input_field_index' is: 'SENTOSA'

2020-06-05 21:07:49 - [TEST_STEP][PASSED] - callTestCase(findTestCase(CallTCName), ["FindValue":ComboBoxValue, "DropdownNm":comboNm], STOP_ON_FAILURE): Call Test Case 'Test Cases/PFI Precision and Scale/HashMap Tables/ExternalAgencyLists' successfully

2020-06-05 21:07:49 - [TEST_CASE][PASSED] - Test Cases/PFI Precision and Scale/HashMap Tables/ExternalAgencyLists: Test Cases/PFI Precision and Scale/HashMap Tables/ExternalAgencyLists

2020-06-05 21:07:49 - [TEST_STEP][PASSED] - Thread.sleep(1000): null

2020-06-05 21:07:50 - [TEST_STEP][PASSED] - ExtAgencyTBL = [1:"HDB", 2:"AVA", 3:"CAAS", 4:"DSTA", 5:"EXXONMOBIL", 6:"Embassy", 7:"JTC Cat 1A", 8:"MBS- Marina Bay Sands", 9:"MCYS", 10:"MICA", ... ]: null

2020-06-05 21:07:50 - [TEST_STEP][PASSED] - ValueFound = ExtAgencyTBL.find({ -> ... }): null

2020-06-05 21:07:50 - [MESSAGE][PASSED] - Call Test Case 'Test Cases/PFI Precision and Scale/HashMap Tables/ExternalAgencyLists' successfully

2020-06-05 21:07:50 - [TEST_STEP][PASSED] - println(ValueFound): null

2020-06-05 21:07:50 - [TEST_STEP][PASSED] - sendKeys(NewInputNmField, Keys.chord(ARROW_DOWN)): Keys 'DOWN + ' sent to object: 'Object Repository/Objects.HighlightElements/input_field_index'

2020-06-05 21:07:50 - [MESSAGE][PASSED] - Keys 'DOWN + ' sent to object: 'Object Repository/Objects.HighlightElements/input_field_index'

2020-06-05 21:07:50 - [TEST_STEP][PASSED] - sendKeys(NewInputNmField, Keys.chord(ARROW_DOWN)): Keys 'DOWN + ' sent to object: 'Object Repository/Objects.HighlightElements/input_field_index'

2020-06-05 21:07:50 - [MESSAGE][PASSED] - Keys 'DOWN + ' sent to object: 'Object Repository/Objects.HighlightElements/input_field_index'

2020-06-05 21:07:50 - [TEST_STEP][PASSED] - delay(DelayTime): Delayed 2 second(s)

2020-06-05 21:07:52 - [MESSAGE][PASSED] - Delayed 2 second(s)

2020-06-05 21:07:52 - [TEST_STEP][PASSED] - sendKeys(NewInputNmField, Keys.chord(ENTER)): Keys 'ENTER + ' sent to object: 'Object Repository/Objects.HighlightElements/input_field_index'

2020-06-05 21:07:52 - [MESSAGE][PASSED] - Keys 'ENTER + ' sent to object: 'Object Repository/Objects.HighlightElements/input_field_index'

2020-06-05 21:07:52 - [TEST_STEP][PASSED] - ComboBoxValue = getAttribute(NewInputNmField, "value"): Attribute 'value' of object 'Object Repository/Objects.HighlightElements/input_field_index' is: 'SHELL'

2020-06-05 21:07:52 - [MESSAGE][PASSED] - Attribute 'value' of object 'Object Repository/Objects.HighlightElements/input_field_index' is: 'SHELL'

2020-06-05 21:07:52 - [TEST_STEP][PASSED] - callTestCase(findTestCase(CallTCName), ["FindValue":ComboBoxValue, "DropdownNm":comboNm], STOP_ON_FAILURE): Call Test Case 'Test Cases/PFI Precision and Scale/HashMap Tables/ExternalAgencyLists' successfully

2020-06-05 21:07:52 - [TEST_CASE][PASSED] - Test Cases/PFI Precision and Scale/HashMap Tables/ExternalAgencyLists: Test Cases/PFI Precision and Scale/HashMap Tables/ExternalAgencyLists

2020-06-05 21:07:52 - [TEST_STEP][PASSED] - Thread.sleep(1000): null

2020-06-05 21:07:53 - [TEST_STEP][PASSED] - ExtAgencyTBL = [1:"HDB", 2:"AVA", 3:"CAAS", 4:"DSTA", 5:"EXXONMOBIL", 6:"Embassy", 7:"JTC Cat 1A", 8:"MBS- Marina Bay Sands", 9:"MCYS", 10:"MICA", ... ]: null

2020-06-05 21:07:53 - [TEST_STEP][PASSED] - ValueFound = ExtAgencyTBL.find({ -> ... }): null

2020-06-05 21:07:53 - [MESSAGE][PASSED] - Call Test Case 'Test Cases/PFI Precision and Scale/HashMap Tables/ExternalAgencyLists' successfully

2020-06-05 21:07:53 - [TEST_STEP][PASSED] - println(ValueFound): null

2020-06-05 21:07:53 - [TEST_STEP][PASSED] - sendKeys(NewInputNmField, Keys.chord(ARROW_DOWN)): Keys 'DOWN + ' sent to object: 'Object Repository/Objects.HighlightElements/input_field_index'

2020-06-05 21:07:53 - [MESSAGE][PASSED] - Keys 'DOWN + ' sent to object: 'Object Repository/Objects.HighlightElements/input_field_index'

2020-06-05 21:07:53 - [TEST_STEP][PASSED] - sendKeys(NewInputNmField, Keys.chord(ARROW_DOWN)): Keys 'DOWN + ' sent to object: 'Object Repository/Objects.HighlightElements/input_field_index'

2020-06-05 21:07:53 - [MESSAGE][PASSED] - Keys 'DOWN + ' sent to object: 'Object Repository/Objects.HighlightElements/input_field_index'

2020-06-05 21:07:53 - [TEST_STEP][PASSED] - delay(DelayTime): Delayed 2 second(s)

2020-06-05 21:07:55 - [MESSAGE][PASSED] - Delayed 2 second(s)

2020-06-05 21:07:55 - [TEST_STEP][PASSED] - sendKeys(NewInputNmField, Keys.chord(ENTER)): Keys 'ENTER + ' sent to object: 'Object Repository/Objects.HighlightElements/input_field_index'

2020-06-05 21:07:55 - [MESSAGE][PASSED] - Keys 'ENTER + ' sent to object: 'Object Repository/Objects.HighlightElements/input_field_index'

2020-06-05 21:07:55 - [TEST_STEP][PASSED] - ComboBoxValue = getAttribute(NewInputNmField, "value"): Attribute 'value' of object 'Object Repository/Objects.HighlightElements/input_field_index' is: 'SPC'

2020-06-05 21:07:55 - [MESSAGE][PASSED] - Attribute 'value' of object 'Object Repository/Objects.HighlightElements/input_field_index' is: 'SPC'

2020-06-05 21:07:55 - [TEST_STEP][PASSED] - callTestCase(findTestCase(CallTCName), ["FindValue":ComboBoxValue, "DropdownNm":comboNm], STOP_ON_FAILURE): Call Test Case 'Test Cases/PFI Precision and Scale/HashMap Tables/ExternalAgencyLists' successfully

2020-06-05 21:07:55 - [TEST_CASE][PASSED] - Test Cases/PFI Precision and Scale/HashMap Tables/ExternalAgencyLists: Test Cases/PFI Precision and Scale/HashMap Tables/ExternalAgencyLists

2020-06-05 21:07:55 - [TEST_STEP][PASSED] - Thread.sleep(1000): null

2020-06-05 21:07:56 - [TEST_STEP][PASSED] - ExtAgencyTBL = [1:"HDB", 2:"AVA", 3:"CAAS", 4:"DSTA", 5:"EXXONMOBIL", 6:"Embassy", 7:"JTC Cat 1A", 8:"MBS- Marina Bay Sands", 9:"MCYS", 10:"MICA", ... ]: null

2020-06-05 21:07:56 - [TEST_STEP][PASSED] - ValueFound = ExtAgencyTBL.find({ -> ... }): null

2020-06-05 21:07:56 - [MESSAGE][PASSED] - Call Test Case 'Test Cases/PFI Precision and Scale/HashMap Tables/ExternalAgencyLists' successfully

2020-06-05 21:07:56 - [TEST_STEP][PASSED] - println(ValueFound): null

2020-06-05 21:07:56 - [TEST_STEP][PASSED] - sendKeys(NewInputNmField, Keys.chord(ARROW_DOWN)): Keys 'DOWN + ' sent to object: 'Object Repository/Objects.HighlightElements/input_field_index'

2020-06-05 21:07:56 - [MESSAGE][PASSED] - Keys 'DOWN + ' sent to object: 'Object Repository/Objects.HighlightElements/input_field_index'

2020-06-05 21:07:56 - [TEST_STEP][PASSED] - sendKeys(NewInputNmField, Keys.chord(ARROW_DOWN)): Keys 'DOWN + ' sent to object: 'Object Repository/Objects.HighlightElements/input_field_index'

2020-06-05 21:07:56 - [MESSAGE][PASSED] - Keys 'DOWN + ' sent to object: 'Object Repository/Objects.HighlightElements/input_field_index'

2020-06-05 21:07:56 - [TEST_STEP][PASSED] - delay(DelayTime): Delayed 2 second(s)

2020-06-05 21:07:58 - [MESSAGE][PASSED] - Delayed 2 second(s)

2020-06-05 21:07:58 - [TEST_STEP][PASSED] - sendKeys(NewInputNmField, Keys.chord(ENTER)): Keys 'ENTER + ' sent to object: 'Object Repository/Objects.HighlightElements/input_field_index'

2020-06-05 21:07:58 - [MESSAGE][PASSED] - Keys 'ENTER + ' sent to object: 'Object Repository/Objects.HighlightElements/input_field_index'

2020-06-05 21:07:58 - [TEST_STEP][PASSED] - ComboBoxValue = getAttribute(NewInputNmField, "value"): Attribute 'value' of object 'Object Repository/Objects.HighlightElements/input_field_index' is: 'University'

2020-06-05 21:07:59 - [MESSAGE][PASSED] - Attribute 'value' of object 'Object Repository/Objects.HighlightElements/input_field_index' is: 'University'

2020-06-05 21:07:59 - [TEST_STEP][PASSED] - callTestCase(findTestCase(CallTCName), ["FindValue":ComboBoxValue, "DropdownNm":comboNm], STOP_ON_FAILURE): Call Test Case 'Test Cases/PFI Precision and Scale/HashMap Tables/ExternalAgencyLists' successfully

2020-06-05 21:07:59 - [TEST_CASE][PASSED] - Test Cases/PFI Precision and Scale/HashMap Tables/ExternalAgencyLists: Test Cases/PFI Precision and Scale/HashMap Tables/ExternalAgencyLists

2020-06-05 21:07:59 - [TEST_STEP][PASSED] - Thread.sleep(1000): null

2020-06-05 21:08:00 - [TEST_STEP][PASSED] - ExtAgencyTBL = [1:"HDB", 2:"AVA", 3:"CAAS", 4:"DSTA", 5:"EXXONMOBIL", 6:"Embassy", 7:"JTC Cat 1A", 8:"MBS- Marina Bay Sands", 9:"MCYS", 10:"MICA", ... ]: null

2020-06-05 21:08:00 - [TEST_STEP][PASSED] - ValueFound = ExtAgencyTBL.find({ -> ... }): null

2020-06-05 21:08:00 - [MESSAGE][PASSED] - Call Test Case 'Test Cases/PFI Precision and Scale/HashMap Tables/ExternalAgencyLists' successfully

2020-06-05 21:08:00 - [TEST_STEP][PASSED] - println(ValueFound): null

2020-06-05 21:08:00 - [TEST_STEP][PASSED] - sendKeys(NewInputNmField, Keys.chord(ARROW_DOWN)): Keys 'DOWN + ' sent to object: 'Object Repository/Objects.HighlightElements/input_field_index'

2020-06-05 21:08:00 - [MESSAGE][PASSED] - Keys 'DOWN + ' sent to object: 'Object Repository/Objects.HighlightElements/input_field_index'

2020-06-05 21:08:00 - [TEST_STEP][PASSED] - sendKeys(NewInputNmField, Keys.chord(ARROW_DOWN)): Keys 'DOWN + ' sent to object: 'Object Repository/Objects.HighlightElements/input_field_index'

2020-06-05 21:08:00 - [MESSAGE][PASSED] - Keys 'DOWN + ' sent to object: 'Object Repository/Objects.HighlightElements/input_field_index'

2020-06-05 21:08:00 - [TEST_STEP][PASSED] - delay(DelayTime): Delayed 2 second(s)

2020-06-05 21:08:02 - [MESSAGE][PASSED] - Delayed 2 second(s)

2020-06-05 21:08:02 - [TEST_STEP][PASSED] - sendKeys(NewInputNmField, Keys.chord(ENTER)): Keys 'ENTER + ' sent to object: 'Object Repository/Objects.HighlightElements/input_field_index'

2020-06-05 21:08:02 - [MESSAGE][PASSED] - Keys 'ENTER + ' sent to object: 'Object Repository/Objects.HighlightElements/input_field_index'

2020-06-05 21:08:02 - [TEST_STEP][PASSED] - ComboBoxValue = getAttribute(NewInputNmField, "value"): Attribute 'value' of object 'Object Repository/Objects.HighlightElements/input_field_index' is: 'JTC Cat 1'

2020-06-05 21:08:02 - [MESSAGE][PASSED] - Attribute 'value' of object 'Object Repository/Objects.HighlightElements/input_field_index' is: 'JTC Cat 1'

2020-06-05 21:08:02 - [TEST_STEP][PASSED] - callTestCase(findTestCase(CallTCName), ["FindValue":ComboBoxValue, "DropdownNm":comboNm], STOP_ON_FAILURE): Call Test Case 'Test Cases/PFI Precision and Scale/HashMap Tables/ExternalAgencyLists' successfully

2020-06-05 21:08:02 - [TEST_CASE][PASSED] - Test Cases/PFI Precision and Scale/HashMap Tables/ExternalAgencyLists: Test Cases/PFI Precision and Scale/HashMap Tables/ExternalAgencyLists

2020-06-05 21:08:02 - [TEST_STEP][PASSED] - Thread.sleep(1000): null

2020-06-05 21:08:03 - [TEST_STEP][PASSED] - ExtAgencyTBL = [1:"HDB", 2:"AVA", 3:"CAAS", 4:"DSTA", 5:"EXXONMOBIL", 6:"Embassy", 7:"JTC Cat 1A", 8:"MBS- Marina Bay Sands", 9:"MCYS", 10:"MICA", ... ]: null

2020-06-05 21:08:03 - [TEST_STEP][PASSED] - ValueFound = ExtAgencyTBL.find({ -> ... }): null

2020-06-05 21:08:03 - [MESSAGE][PASSED] - Call Test Case 'Test Cases/PFI Precision and Scale/HashMap Tables/ExternalAgencyLists' successfully

2020-06-05 21:08:03 - [TEST_STEP][PASSED] - println(ValueFound): null

2020-06-05 21:08:03 - [TEST_STEP][PASSED] - sendKeys(NewInputNmField, Keys.chord(ARROW_DOWN)): Keys 'DOWN + ' sent to object: 'Object Repository/Objects.HighlightElements/input_field_index'

2020-06-05 21:08:03 - [MESSAGE][PASSED] - Keys 'DOWN + ' sent to object: 'Object Repository/Objects.HighlightElements/input_field_index'

2020-06-05 21:08:03 - [TEST_STEP][PASSED] - sendKeys(NewInputNmField, Keys.chord(ARROW_DOWN)): Keys 'DOWN + ' sent to object: 'Object Repository/Objects.HighlightElements/input_field_index'

2020-06-05 21:08:03 - [MESSAGE][PASSED] - Keys 'DOWN + ' sent to object: 'Object Repository/Objects.HighlightElements/input_field_index'

2020-06-05 21:08:03 - [TEST_STEP][PASSED] - delay(DelayTime): Delayed 2 second(s)

2020-06-05 21:08:05 - [MESSAGE][PASSED] - Delayed 2 second(s)

2020-06-05 21:08:05 - [TEST_STEP][PASSED] - sendKeys(NewInputNmField, Keys.chord(ENTER)): Keys 'ENTER + ' sent to object: 'Object Repository/Objects.HighlightElements/input_field_index'

2020-06-05 21:08:05 - [MESSAGE][PASSED] - Keys 'ENTER + ' sent to object: 'Object Repository/Objects.HighlightElements/input_field_index'

2020-06-05 21:08:05 - [TEST_STEP][PASSED] - ComboBoxValue = getAttribute(NewInputNmField, "value"): Attribute 'value' of object 'Object Repository/Objects.HighlightElements/input_field_index' is: 'JTC Cat 2'

2020-06-05 21:08:05 - [MESSAGE][PASSED] - Attribute 'value' of object 'Object Repository/Objects.HighlightElements/input_field_index' is: 'JTC Cat 2'

2020-06-05 21:08:05 - [TEST_STEP][PASSED] - callTestCase(findTestCase(CallTCName), ["FindValue":ComboBoxValue, "DropdownNm":comboNm], STOP_ON_FAILURE): Call Test Case 'Test Cases/PFI Precision and Scale/HashMap Tables/ExternalAgencyLists' successfully

2020-06-05 21:08:05 - [TEST_CASE][PASSED] - Test Cases/PFI Precision and Scale/HashMap Tables/ExternalAgencyLists: Test Cases/PFI Precision and Scale/HashMap Tables/ExternalAgencyLists

2020-06-05 21:08:05 - [TEST_STEP][PASSED] - Thread.sleep(1000): null

2020-06-05 21:08:06 - [TEST_STEP][PASSED] - ExtAgencyTBL = [1:"HDB", 2:"AVA", 3:"CAAS", 4:"DSTA", 5:"EXXONMOBIL", 6:"Embassy", 7:"JTC Cat 1A", 8:"MBS- Marina Bay Sands", 9:"MCYS", 10:"MICA", ... ]: null

2020-06-05 21:08:06 - [TEST_STEP][PASSED] - ValueFound = ExtAgencyTBL.find({ -> ... }): null

2020-06-05 21:08:06 - [MESSAGE][PASSED] - Call Test Case 'Test Cases/PFI Precision and Scale/HashMap Tables/ExternalAgencyLists' successfully

2020-06-05 21:08:06 - [TEST_STEP][PASSED] - println(ValueFound): null

2020-06-05 21:08:06 - [TEST_STEP][PASSED] - sendKeys(NewInputNmField, Keys.chord(ARROW_DOWN)): Keys 'DOWN + ' sent to object: 'Object Repository/Objects.HighlightElements/input_field_index'

2020-06-05 21:08:06 - [MESSAGE][PASSED] - Keys 'DOWN + ' sent to object: 'Object Repository/Objects.HighlightElements/input_field_index'

2020-06-05 21:08:06 - [TEST_STEP][PASSED] - sendKeys(NewInputNmField, Keys.chord(ARROW_DOWN)): Keys 'DOWN + ' sent to object: 'Object Repository/Objects.HighlightElements/input_field_index'

2020-06-05 21:08:06 - [MESSAGE][PASSED] - Keys 'DOWN + ' sent to object: 'Object Repository/Objects.HighlightElements/input_field_index'

2020-06-05 21:08:06 - [TEST_STEP][PASSED] - delay(DelayTime): Delayed 2 second(s)

2020-06-05 21:08:08 - [MESSAGE][PASSED] - Delayed 2 second(s)

2020-06-05 21:08:08 - [TEST_STEP][PASSED] - sendKeys(NewInputNmField, Keys.chord(ENTER)): Keys 'ENTER + ' sent to object: 'Object Repository/Objects.HighlightElements/input_field_index'

2020-06-05 21:08:08 - [MESSAGE][PASSED] - Keys 'ENTER + ' sent to object: 'Object Repository/Objects.HighlightElements/input_field_index'

2020-06-05 21:08:08 - [TEST_STEP][PASSED] - ComboBoxValue = getAttribute(NewInputNmField, "value"): Attribute 'value' of object 'Object Repository/Objects.HighlightElements/input_field_index' is: 'LTA'

2020-06-05 21:08:08 - [MESSAGE][PASSED] - Attribute 'value' of object 'Object Repository/Objects.HighlightElements/input_field_index' is: 'LTA'

2020-06-05 21:08:08 - [TEST_STEP][PASSED] - callTestCase(findTestCase(CallTCName), ["FindValue":ComboBoxValue, "DropdownNm":comboNm], STOP_ON_FAILURE): Call Test Case 'Test Cases/PFI Precision and Scale/HashMap Tables/ExternalAgencyLists' successfully

2020-06-05 21:08:08 - [TEST_CASE][PASSED] - Test Cases/PFI Precision and Scale/HashMap Tables/ExternalAgencyLists: Test Cases/PFI Precision and Scale/HashMap Tables/ExternalAgencyLists

2020-06-05 21:08:08 - [TEST_STEP][PASSED] - Thread.sleep(1000): null

2020-06-05 21:08:09 - [TEST_STEP][PASSED] - ExtAgencyTBL = [1:"HDB", 2:"AVA", 3:"CAAS", 4:"DSTA", 5:"EXXONMOBIL", 6:"Embassy", 7:"JTC Cat 1A", 8:"MBS- Marina Bay Sands", 9:"MCYS", 10:"MICA", ... ]: null

2020-06-05 21:08:09 - [TEST_STEP][PASSED] - ValueFound = ExtAgencyTBL.find({ -> ... }): null

2020-06-05 21:08:09 - [MESSAGE][PASSED] - Call Test Case 'Test Cases/PFI Precision and Scale/HashMap Tables/ExternalAgencyLists' successfully

2020-06-05 21:08:09 - [TEST_STEP][PASSED] - println(ValueFound): null

2020-06-05 21:08:09 - [TEST_STEP][PASSED] - sendKeys(NewInputNmField, Keys.chord(ARROW_DOWN)): Keys 'DOWN + ' sent to object: 'Object Repository/Objects.HighlightElements/input_field_index'

2020-06-05 21:08:09 - [MESSAGE][PASSED] - Keys 'DOWN + ' sent to object: 'Object Repository/Objects.HighlightElements/input_field_index'

2020-06-05 21:08:09 - [TEST_STEP][PASSED] - sendKeys(NewInputNmField, Keys.chord(ENTER)): Keys 'ENTER + ' sent to object: 'Object Repository/Objects.HighlightElements/input_field_index'

2020-06-05 21:08:09 - [MESSAGE][PASSED] - Keys 'ENTER + ' sent to object: 'Object Repository/Objects.HighlightElements/input_field_index'

2020-06-05 21:08:09 - [MESSAGE][PASSED] - Call Test Case 'Test Cases/PFI Precision and Scale/PFI Components with Indexing/VerifyDropdownValuesXPI' successfully

2020-06-05 21:08:09 - [TEST_STEP][PASSED] - callTestCase(findTestCase("Components/SelectAllThenDeleteXPI"), ["nameToBeUsed":"extAgenciesCmb", "index":1], STOP_ON_FAILURE): Call Test Case 'Test Cases/Components/SelectAllThenDeleteXPI' successfully

2020-06-05 21:08:09 - [TEST_CASE][PASSED] - Test Cases/Components/SelectAllThenDeleteXPI: Test Cases/Components/SelectAllThenDeleteXPI

2020-06-05 21:08:09 - [TEST_STEP][PASSED] - Thread.sleep(1000): null

2020-06-05 21:08:10 - [TEST_STEP][PASSED] - modifiedObj = modifyObjectProperty(findTestObject("Object Repository/Objects.HighlightElements/input_field_index"), "xpath", "equals", "(//*[contains(@name,'" + nameToBeUsed + "')])[" + index + "]", true): Modify property of object successfully

2020-06-05 21:08:10 - [MESSAGE][PASSED] - Modify property of object successfully

2020-06-05 21:08:10 - [TEST_STEP][PASSED] - focus(modifiedObj): Object: 'Object Repository/Objects.HighlightElements/input_field_index' is focused

2020-06-05 21:08:11 - [MESSAGE][PASSED] - Object: 'Object Repository/Objects.HighlightElements/input_field_index' is focused

2020-06-05 21:08:11 - [TEST_STEP][PASSED] - sendKeys(modifiedObj, Keys.chord(CONTROL, "a")): Keys 'CONTROL + a' sent to object: 'Object Repository/Objects.HighlightElements/input_field_index'

2020-06-05 21:08:11 - [MESSAGE][PASSED] - Keys 'CONTROL + a' sent to object: 'Object Repository/Objects.HighlightElements/input_field_index'

2020-06-05 21:08:11 - [TEST_STEP][PASSED] - sendKeys(modifiedObj, Keys.chord(DELETE)): Keys 'DELETE + ' sent to object: 'Object Repository/Objects.HighlightElements/input_field_index'

2020-06-05 21:08:11 - [MESSAGE][PASSED] - Keys 'DELETE + ' sent to object: 'Object Repository/Objects.HighlightElements/input_field_index'

2020-06-05 21:08:11 - [MESSAGE][PASSED] - Call Test Case 'Test Cases/Components/SelectAllThenDeleteXPI' successfully

2020-06-05 21:08:11 - [TEST_STEP][PASSED] - callTestCase(findTestCase("PFI Precision and Scale/PFI Components with Indexing/RequiredFieldValidationXPI"), ["nameToBeUsed":"extAgenciesCmb", "index":1], STOP_ON_FAILURE): Call Test Case 'Test Cases/PFI Precision and Scale/PFI Components with Indexing/RequiredFieldValidationXPI' successfully

2020-06-05 21:08:11 - [TEST_CASE][PASSED] - Test Cases/PFI Precision and Scale/PFI Components with Indexing/RequiredFieldValidationXPI: Test Cases/PFI Precision and Scale/PFI Components with Indexing/RequiredFieldValidationXPI

2020-06-05 21:08:11 - [TEST_STEP][PASSED] - enableSmartWait(): null

2020-06-05 21:08:11 - [TEST_STEP][PASSED] - NewInputNmField = modifyObjectProperty(findTestObject("Objects.HighlightElements/input_field_index"), "xpath", "equals", "(//*[contains(@name,'" + nameToBeUsed + "')])[" + index + "]", true): Modify property of object successfully

2020-06-05 21:08:11 - [MESSAGE][PASSED] - Modify property of object successfully

2020-06-05 21:08:11 - [TEST_STEP][PASSED] - mouseOver(NewInputNmField): Object: 'Object Repository/Objects.HighlightElements/input_field_index' is hovered

2020-06-05 21:08:11 - [MESSAGE][PASSED] - Object: 'Object Repository/Objects.HighlightElements/input_field_index' is hovered

2020-06-05 21:08:11 - [TEST_STEP][PASSED] - getRqErrMsg = getAttribute(NewInputNmField, "data-errorqtip"): Attribute 'data-errorqtip' of object 'Object Repository/Objects.HighlightElements/input_field_index' is: '<ul class="x-list-plain"><li>This field is required</li></ul>'

2020-06-05 21:08:11 - [MESSAGE][PASSED] - Attribute 'data-errorqtip' of object 'Object Repository/Objects.HighlightElements/input_field_index' is: '<ul class="x-list-plain"><li>This field is required</li></ul>'

2020-06-05 21:08:11 - [TEST_STEP][PASSED] - strToolTip = getRqErrMsg.substring(29, 61): null

2020-06-05 21:08:11 - [TEST_STEP][PASSED] - toolTipReqErrMsg = strToolTip.substring(0, 22): null

2020-06-05 21:08:11 - [TEST_STEP][PASSED] - verifyMatch(toolTipReqErrMsg, RqField, true): Actual text 'This field is required' and expected text 'This field is required' are matched  using regular expression

2020-06-05 21:08:11 - [MESSAGE][PASSED] - Actual text 'This field is required' and expected text 'This field is required' are matched  using regular expression

2020-06-05 21:08:11 - [MESSAGE][PASSED] - Call Test Case 'Test Cases/PFI Precision and Scale/PFI Components with Indexing/RequiredFieldValidationXPI' successfully

2020-06-05 21:08:11 - [TEST_STEP][NOT_RUN] - callTestCase(findTestCase("Components/Logout"), ["LogoutPageTextToBeVerified":findTestData("ISPS2 Test Data").getValue("HomeBanner", 2)], STOP_ON_FAILURE): NOT_RUN: callTestCase(findTestCase("Components/Logout"), ["LogoutPageTextToBeVerified":findTestData("ISPS2 Test Data").getValue("HomeBanner", 2)], STOP_ON_FAILURE)

2020-06-05 21:08:11 - [MESSAGE][NOT_RUN] - NOT_RUN: callTestCase(findTestCase("Components/Logout"), ["LogoutPageTextToBeVerified":findTestData("ISPS2 Test Data").getValue("HomeBanner", 2)], STOP_ON_FAILURE)]]></system-out>
         <system-err><![CDATA[]]></system-err>
      </testcase>
      <testcase name="Test Cases/PFI Precision and Scale/PFI Test Cases/Process Case (PFI)/PFI.CourtActionsLHS" time="223.317" classname="Test Cases/PFI Precision and Scale/PFI Test Cases/Process Case (PFI)/PFI.CourtActionsLHS" status="PASSED">
         <system-out><![CDATA[2020-06-05 21:08:11 - [TEST_CASE][PASSED] - Test Cases/PFI Precision and Scale/PFI Test Cases/Process Case (PFI)/PFI.CourtActionsLHS: Test Cases/PFI Precision and Scale/PFI Test Cases/Process Case (PFI)/PFI.CourtActionsLHS

2020-06-05 21:08:11 - [TEST_STEP][NOT_RUN] - callTestCase(findTestCase("Components/LoginV2.0"), ["LinkToBeUsed":findTestData("ISPS2 Test Data").getValue("URL", 1), "LoginPageTextToBeVerified":findTestData("ISPS2 Test Data").getValue("HomeBanner", 1), ... ], STOP_ON_FAILURE): NOT_RUN: callTestCase(findTestCase("Components/LoginV2.0"), ["LinkToBeUsed":findTestData("ISPS2 Test Data").getValue("URL", 1), "LoginPageTextToBeVerified":findTestData("ISPS2 Test Data").getValue("HomeBanner", 1), ... ], STOP_ON_FAILURE)

2020-06-05 21:08:11 - [MESSAGE][NOT_RUN] - NOT_RUN: callTestCase(findTestCase("Components/LoginV2.0"), ["LinkToBeUsed":findTestData("ISPS2 Test Data").getValue("URL", 1), "LoginPageTextToBeVerified":findTestData("ISPS2 Test Data").getValue("HomeBanner", 1), ... ], STOP_ON_FAILURE)

2020-06-05 21:08:11 - [TEST_STEP][NOT_RUN] - callTestCase(findTestCase("Components/NavigateToHomepageHeaders"), ["headerText":"My Tasks"], STOP_ON_FAILURE): NOT_RUN: callTestCase(findTestCase("Components/NavigateToHomepageHeaders"), ["headerText":"My Tasks"], STOP_ON_FAILURE)

2020-06-05 21:08:11 - [MESSAGE][NOT_RUN] - NOT_RUN: callTestCase(findTestCase("Components/NavigateToHomepageHeaders"), ["headerText":"My Tasks"], STOP_ON_FAILURE)

2020-06-05 21:08:11 - [TEST_STEP][NOT_RUN] - callTestCase(findTestCase("Components/Filter"), ["taskDescription":"Process Case (SM)"], STOP_ON_FAILURE): NOT_RUN: callTestCase(findTestCase("Components/Filter"), ["taskDescription":"Process Case (SM)"], STOP_ON_FAILURE)

2020-06-05 21:08:11 - [MESSAGE][NOT_RUN] - NOT_RUN: callTestCase(findTestCase("Components/Filter"), ["taskDescription":"Process Case (SM)"], STOP_ON_FAILURE)

2020-06-05 21:08:11 - [TEST_STEP][NOT_RUN] - callTestCase(findTestCase("Components/ClickLinkDependingOnTextAndIndex"), ["linkName":"Process Case (SM)", "index":"3"], STOP_ON_FAILURE): NOT_RUN: callTestCase(findTestCase("Components/ClickLinkDependingOnTextAndIndex"), ["linkName":"Process Case (SM)", "index":"3"], STOP_ON_FAILURE)

2020-06-05 21:08:11 - [MESSAGE][NOT_RUN] - NOT_RUN: callTestCase(findTestCase("Components/ClickLinkDependingOnTextAndIndex"), ["linkName":"Process Case (SM)", "index":"3"], STOP_ON_FAILURE)

2020-06-05 21:08:11 - [TEST_STEP][PASSED] - callTestCase(findTestCase("Components/NavigateToAnyLHS"), ["LHS":"Court Actions"], STOP_ON_FAILURE): Call Test Case 'Test Cases/Components/NavigateToAnyLHS' successfully

2020-06-05 21:08:11 - [TEST_CASE][PASSED] - Test Cases/Components/NavigateToAnyLHS: Test Cases/Components/NavigateToAnyLHS

2020-06-05 21:08:11 - [TEST_STEP][PASSED] - Thread.sleep(1000): null

2020-06-05 21:08:12 - [TEST_STEP][PASSED] - modifiedLHS = modifyObjectProperty(findTestObject("Objects.NavigateToAnyLHS/Page_ISPS2/LHSToModify"), "text", "equals", LHS, true): Modify property of object successfully

2020-06-05 21:08:12 - [MESSAGE][PASSED] - Modify property of object successfully

2020-06-05 21:08:12 - [TEST_STEP][PASSED] - click(modifiedLHS): Object: 'Object Repository/Objects.NavigateToAnyLHS/Page_ISPS2/LHSToModify' is clicked on

2020-06-05 21:08:12 - [MESSAGE][PASSED] - Object: 'Object Repository/Objects.NavigateToAnyLHS/Page_ISPS2/LHSToModify' is clicked on

2020-06-05 21:08:12 - [TEST_STEP][PASSED] - currentLHS = getText(modifiedLHS): Text of object 'Object Repository/Objects.NavigateToAnyLHS/Page_ISPS2/LHSToModify' is: 'Court Actions'

2020-06-05 21:08:12 - [MESSAGE][PASSED] - Text of object 'Object Repository/Objects.NavigateToAnyLHS/Page_ISPS2/LHSToModify' is: 'Court Actions'

2020-06-05 21:08:12 - [TEST_STEP][PASSED] - Thread.sleep(5000): null

2020-06-05 21:08:17 - [MESSAGE][PASSED] - Call Test Case 'Test Cases/Components/NavigateToAnyLHS' successfully

2020-06-05 21:08:17 - [TEST_STEP][PASSED] - callTestCase(findTestCase("Components/VerifyPageSuccessfullyLoaded"), ["HeaderName":"Court Actions"], STOP_ON_FAILURE): Call Test Case 'Test Cases/Components/VerifyPageSuccessfullyLoaded' successfully

2020-06-05 21:08:17 - [TEST_CASE][PASSED] - Test Cases/Components/VerifyPageSuccessfullyLoaded: Test Cases/Components/VerifyPageSuccessfullyLoaded

2020-06-05 21:08:17 - [TEST_STEP][PASSED] - Thread.sleep(3000): null

2020-06-05 21:08:20 - [TEST_STEP][PASSED] - ModifiedHeaderName = modifyObjectProperty(findTestObject("Objects.VerifyPageSuccessfullyLoaded/PageHeader"), "text", "equals", HeaderName, true): Modify property of object successfully

2020-06-05 21:08:20 - [MESSAGE][PASSED] - Modify property of object successfully

2020-06-05 21:08:20 - [TEST_STEP][PASSED] - verifyElementPresent(ModifiedHeaderName, 30): Object 'Object Repository/Objects.VerifyPageSuccessfullyLoaded/PageHeader' is present

2020-06-05 21:08:20 - [MESSAGE][PASSED] - Object 'Object Repository/Objects.VerifyPageSuccessfullyLoaded/PageHeader' is present

2020-06-05 21:08:20 - [TEST_STEP][PASSED] - com.reusableComponents.HighlightElement.run(ModifiedHeaderName): com.reusableComponents.HighlightElement.run is PASSED

2020-06-05 21:08:21 - [MESSAGE][PASSED] - com.reusableComponents.HighlightElement.run is PASSED

2020-06-05 21:08:21 - [MESSAGE][PASSED] - Call Test Case 'Test Cases/Components/VerifyPageSuccessfullyLoaded' successfully

2020-06-05 21:08:21 - [TEST_STEP][PASSED] - callTestCase(findTestCase("Components/HighlightLabelFieldXPI"), ["LblName":"Notice Order No", "index":1], STOP_ON_FAILURE): Call Test Case 'Test Cases/Components/HighlightLabelFieldXPI' successfully

2020-06-05 21:08:21 - [TEST_CASE][PASSED] - Test Cases/Components/HighlightLabelFieldXPI: Test Cases/Components/HighlightLabelFieldXPI

2020-06-05 21:08:21 - [TEST_STEP][PASSED] - Thread.sleep(1000): null

2020-06-05 21:08:22 - [TEST_STEP][PASSED] - modifiedLblNm = modifyObjectProperty(findTestObject("Object Repository/Objects.HighlightElements/lblField_index"), "xpath", "equals", "(//*[contains(@class, 'x-form-item-label-inner x-form-item-label-inner-default') and contains(., '" + LblName + "')])[" + index + "]", true): Modify property of object successfully

2020-06-05 21:08:22 - [MESSAGE][PASSED] - Modify property of object successfully

2020-06-05 21:08:22 - [TEST_STEP][PASSED] - com.reusableComponents.HighlightElement.run(modifiedLblNm): com.reusableComponents.HighlightElement.run is PASSED

2020-06-05 21:08:22 - [MESSAGE][PASSED] - com.reusableComponents.HighlightElement.run is PASSED

2020-06-05 21:08:22 - [MESSAGE][PASSED] - Call Test Case 'Test Cases/Components/HighlightLabelFieldXPI' successfully

2020-06-05 21:08:22 - [TEST_STEP][PASSED] - callTestCase(findTestCase("Components/HighlightInputFieldXPI"), ["FldNm":"courtNo", "index":1], STOP_ON_FAILURE): Call Test Case 'Test Cases/Components/HighlightInputFieldXPI' successfully

2020-06-05 21:08:23 - [TEST_CASE][PASSED] - Test Cases/Components/HighlightInputFieldXPI: Test Cases/Components/HighlightInputFieldXPI

2020-06-05 21:08:23 - [TEST_STEP][PASSED] - Thread.sleep(1000): null

2020-06-05 21:08:24 - [TEST_STEP][PASSED] - modifiedInputNm = modifyObjectProperty(findTestObject("Object Repository/Objects.HighlightElements/input_field_index"), "xpath", "equals", "(//*[contains(@name, '" + FldNm + "')])[" + index + "]", true): Modify property of object successfully

2020-06-05 21:08:24 - [MESSAGE][PASSED] - Modify property of object successfully

2020-06-05 21:08:24 - [TEST_STEP][PASSED] - com.reusableComponents.HighlightElement.run(modifiedInputNm): com.reusableComponents.HighlightElement.run is PASSED

2020-06-05 21:08:24 - [MESSAGE][PASSED] - com.reusableComponents.HighlightElement.run is PASSED

2020-06-05 21:08:24 - [MESSAGE][PASSED] - Call Test Case 'Test Cases/Components/HighlightInputFieldXPI' successfully

2020-06-05 21:08:24 - [TEST_STEP][PASSED] - callTestCase(findTestCase("PFI Precision and Scale/PFI Components with Indexing/VerifyDefaultValueIndex"), ["FieldNm":"courtNo", "index":1], STOP_ON_FAILURE): Call Test Case 'Test Cases/PFI Precision and Scale/PFI Components with Indexing/VerifyDefaultValueIndex' successfully

2020-06-05 21:08:24 - [TEST_CASE][PASSED] - Test Cases/PFI Precision and Scale/PFI Components with Indexing/VerifyDefaultValueIndex: Test Cases/PFI Precision and Scale/PFI Components with Indexing/VerifyDefaultValueIndex

2020-06-05 21:08:24 - [TEST_STEP][PASSED] - Thread.sleep(1000): null

2020-06-05 21:08:25 - [TEST_STEP][PASSED] - DefaultValueHM = ["periodType":"Working Day(s)", "noOfDays":"14", "inspWeight":"1", "inspModule":"PSI", "inspCaseType":"PSI Processing (SM)"]: null

2020-06-05 21:08:25 - [TEST_STEP][PASSED] - NewFieldNm = modifyObjectProperty(findTestObject("Object Repository/Objects.HighlightElements/input_field_index"), "xpath", "equals", "(//*[contains(@name,'" + FieldNm + "')])[" + index + "]", true): Modify property of object successfully

2020-06-05 21:08:25 - [MESSAGE][PASSED] - Modify property of object successfully

2020-06-05 21:08:25 - [TEST_STEP][PASSED] - focus(NewFieldNm): Object: 'Object Repository/Objects.HighlightElements/input_field_index' is focused

2020-06-05 21:08:25 - [MESSAGE][PASSED] - Object: 'Object Repository/Objects.HighlightElements/input_field_index' is focused

2020-06-05 21:08:25 - [TEST_STEP][PASSED] - DefVal = getAttribute(NewFieldNm, "value", STOP_ON_FAILURE): Attribute 'value' of object 'Object Repository/Objects.HighlightElements/input_field_index' is: 'SM 2020/02/3981'

2020-06-05 21:08:25 - [MESSAGE][PASSED] - Attribute 'value' of object 'Object Repository/Objects.HighlightElements/input_field_index' is: 'SM 2020/02/3981'

2020-06-05 21:08:25 - [TEST_STEP][PASSED] - switch (FieldNm): null

2020-06-05 21:08:25 - [TEST_STEP][PASSED] - case "courtNo":: null

2020-06-05 21:08:25 - [TEST_STEP][PASSED] - getCaseRef = getText(findTestObject("Objects.VerifyCourtActionsPrecisionAndScale/Page_ISPS2/div_Case Ref No")): Text of object 'Object Repository/Objects.VerifyCourtActionsPrecisionAndScale/Page_ISPS2/div_Case Ref No' is: '(Case Ref. No.: SM 2020/02/3981 | Submission No.: ES20200303-00005)'

2020-06-05 21:08:25 - [MESSAGE][PASSED] - Text of object 'Object Repository/Objects.VerifyCourtActionsPrecisionAndScale/Page_ISPS2/div_Case Ref No' is: '(Case Ref. No.: SM 2020/02/3981 | Submission No.: ES20200303-00005)'

2020-06-05 21:08:25 - [TEST_STEP][PASSED] - lengthSubmNo = getCaseRef.length() - 36: null

2020-06-05 21:08:25 - [TEST_STEP][PASSED] - lengthCaseRef = getCaseRef.length() - 16: null

2020-06-05 21:08:25 - [TEST_STEP][PASSED] - RemoveSubmissionNo = getCaseRef.substring(0, lengthCaseRef): null

2020-06-05 21:08:25 - [TEST_STEP][PASSED] - SMCaseRef = getCaseRef.substring(16, lengthSubmNo): null

2020-06-05 21:08:25 - [TEST_STEP][PASSED] - verifyMatch(DefVal, SMCaseRef, true, STOP_ON_FAILURE): Actual text 'SM 2020/02/3981' and expected text 'SM 2020/02/3981' are matched  using regular expression

2020-06-05 21:08:25 - [MESSAGE][PASSED] - Actual text 'SM 2020/02/3981' and expected text 'SM 2020/02/3981' are matched  using regular expression

2020-06-05 21:08:25 - [TEST_STEP][PASSED] - break: null

2020-06-05 21:08:25 - [MESSAGE][PASSED] - Call Test Case 'Test Cases/PFI Precision and Scale/PFI Components with Indexing/VerifyDefaultValueIndex' successfully

2020-06-05 21:08:25 - [TEST_STEP][PASSED] - callTestCase(findTestCase("Components/SelectAllThenDeleteXPI"), ["nameToBeUsed":"courtNo", "index":1], STOP_ON_FAILURE): Call Test Case 'Test Cases/Components/SelectAllThenDeleteXPI' successfully

2020-06-05 21:08:25 - [TEST_CASE][PASSED] - Test Cases/Components/SelectAllThenDeleteXPI: Test Cases/Components/SelectAllThenDeleteXPI

2020-06-05 21:08:25 - [TEST_STEP][PASSED] - Thread.sleep(1000): null

2020-06-05 21:08:26 - [TEST_STEP][PASSED] - modifiedObj = modifyObjectProperty(findTestObject("Object Repository/Objects.HighlightElements/input_field_index"), "xpath", "equals", "(//*[contains(@name,'" + nameToBeUsed + "')])[" + index + "]", true): Modify property of object successfully

2020-06-05 21:08:26 - [MESSAGE][PASSED] - Modify property of object successfully

2020-06-05 21:08:26 - [TEST_STEP][PASSED] - focus(modifiedObj): Object: 'Object Repository/Objects.HighlightElements/input_field_index' is focused

2020-06-05 21:08:27 - [MESSAGE][PASSED] - Object: 'Object Repository/Objects.HighlightElements/input_field_index' is focused

2020-06-05 21:08:27 - [TEST_STEP][PASSED] - sendKeys(modifiedObj, Keys.chord(CONTROL, "a")): Keys 'CONTROL + a' sent to object: 'Object Repository/Objects.HighlightElements/input_field_index'

2020-06-05 21:08:27 - [MESSAGE][PASSED] - Keys 'CONTROL + a' sent to object: 'Object Repository/Objects.HighlightElements/input_field_index'

2020-06-05 21:08:27 - [TEST_STEP][PASSED] - sendKeys(modifiedObj, Keys.chord(DELETE)): Keys 'DELETE + ' sent to object: 'Object Repository/Objects.HighlightElements/input_field_index'

2020-06-05 21:08:27 - [MESSAGE][PASSED] - Keys 'DELETE + ' sent to object: 'Object Repository/Objects.HighlightElements/input_field_index'

2020-06-05 21:08:27 - [MESSAGE][PASSED] - Call Test Case 'Test Cases/Components/SelectAllThenDeleteXPI' successfully

2020-06-05 21:08:27 - [TEST_STEP][PASSED] - callTestCase(findTestCase("PFI Precision and Scale/PFI Components with Indexing/AlphaNumericSpecialValidationIndex"), ["FldNm":"courtNo", "LenChar":10, "index":1], STOP_ON_FAILURE): Call Test Case 'Test Cases/PFI Precision and Scale/PFI Components with Indexing/AlphaNumericSpecialValidationIndex' successfully

2020-06-05 21:08:27 - [TEST_CASE][PASSED] - Test Cases/PFI Precision and Scale/PFI Components with Indexing/AlphaNumericSpecialValidationIndex: Test Cases/PFI Precision and Scale/PFI Components with Indexing/AlphaNumericSpecialValidationIndex

2020-06-05 21:08:27 - [TEST_STEP][PASSED] - charset = /?><"".join(): null

2020-06-05 21:08:27 - [TEST_STEP][PASSED] - AlphaNumeric = 9).join(): null

2020-06-05 21:08:27 - [TEST_STEP][PASSED] - SpecialChar = "`~!@#$%^&*()-=+_{}|\][;'":,./?><"": null

2020-06-05 21:08:27 - [TEST_STEP][PASSED] - RandomString = RandomStringUtils.random(LenChar, AlphaNumeric.toCharArray()): null

2020-06-05 21:08:27 - [TEST_STEP][PASSED] - RdmSpChar = RandomStringUtils.random(LenChar, SpecialChar): null

2020-06-05 21:08:27 - [TEST_STEP][PASSED] - regexPat = Pattern.compile("^[A-Za-z0-9 ]+$"): null

2020-06-05 21:08:27 - [TEST_STEP][PASSED] - NewInputNmField = modifyObjectProperty(findTestObject("Object Repository/Objects.HighlightElements/input_field_index"), "xpath", "equals", "(//*[contains(@class,'x-form-text') and (@name='" + FldNm + "')])[" + index + "]", true): Modify property of object successfully

2020-06-05 21:08:27 - [MESSAGE][PASSED] - Modify property of object successfully

2020-06-05 21:08:27 - [TEST_STEP][PASSED] - setText(NewInputNmField, RandomString): Text 'SczgGXPo7n' is set on object 'Object Repository/Objects.HighlightElements/input_field_index'

2020-06-05 21:08:27 - [MESSAGE][PASSED] - Text 'SczgGXPo7n' is set on object 'Object Repository/Objects.HighlightElements/input_field_index'

2020-06-05 21:08:27 - [TEST_STEP][PASSED] - RemarksAN = getAttribute(NewInputNmField, "value"): Attribute 'value' of object 'Object Repository/Objects.HighlightElements/input_field_index' is: 'SczgGXPo7n'

2020-06-05 21:08:27 - [MESSAGE][PASSED] - Attribute 'value' of object 'Object Repository/Objects.HighlightElements/input_field_index' is: 'SczgGXPo7n'

2020-06-05 21:08:27 - [TEST_STEP][PASSED] - matchStr = regexPat.matcher(RemarksAN): null

2020-06-05 21:08:27 - [TEST_STEP][PASSED] - if (matchStr.matches() == true): Accepting Alphanumeric

2020-06-05 21:08:27 - [TEST_STEP][PASSED] - comment("Accepting Alphanumeric"): Accepting Alphanumeric

2020-06-05 21:08:27 - [MESSAGE][INFO] - Accepting Alphanumeric

2020-06-05 21:08:27 - [TEST_STEP][PASSED] - setText(NewInputNmField, RdmSpChar): Text '|?+}:[,)'`' is set on object 'Object Repository/Objects.HighlightElements/input_field_index'

2020-06-05 21:08:27 - [MESSAGE][PASSED] - Text '|?+}:[,)'`' is set on object 'Object Repository/Objects.HighlightElements/input_field_index'

2020-06-05 21:08:27 - [TEST_STEP][PASSED] - RemarksSpChar = getAttribute(NewInputNmField, "value"): Attribute 'value' of object 'Object Repository/Objects.HighlightElements/input_field_index' is: '|?+}:[,)'`'

2020-06-05 21:08:27 - [MESSAGE][PASSED] - Attribute 'value' of object 'Object Repository/Objects.HighlightElements/input_field_index' is: '|?+}:[,)'`'

2020-06-05 21:08:27 - [TEST_STEP][PASSED] - matchSp = regexPat.matcher(RemarksSpChar): null

2020-06-05 21:08:27 - [TEST_STEP][PASSED] - if (matchSp.matches() == false): Accepting Special Characters

2020-06-05 21:08:27 - [TEST_STEP][PASSED] - comment("Accepting Special Characters"): Accepting Special Characters

2020-06-05 21:08:27 - [MESSAGE][INFO] - Accepting Special Characters

2020-06-05 21:08:27 - [MESSAGE][PASSED] - Call Test Case 'Test Cases/PFI Precision and Scale/PFI Components with Indexing/AlphaNumericSpecialValidationIndex' successfully

2020-06-05 21:08:27 - [TEST_STEP][PASSED] - callTestCase(findTestCase("PFI Precision and Scale/PFI Components with Indexing/MaxCharLengthIndexValidation"), ["FieldNm":"courtNo", "index":1, "MaxCharLen":25], STOP_ON_FAILURE): Call Test Case 'Test Cases/PFI Precision and Scale/PFI Components with Indexing/MaxCharLengthIndexValidation' successfully

2020-06-05 21:08:27 - [TEST_CASE][PASSED] - Test Cases/PFI Precision and Scale/PFI Components with Indexing/MaxCharLengthIndexValidation: Test Cases/PFI Precision and Scale/PFI Components with Indexing/MaxCharLengthIndexValidation

2020-06-05 21:08:27 - [TEST_STEP][PASSED] - Thread.sleep(1000): null

2020-06-05 21:08:29 - [TEST_STEP][PASSED] - CharLengthTBL = ["aoNotes":4000, "notes":4000, "hseBlkNo":10, "buildingName":100, "unformattedAddress":4000, "courtNo":20, "caseGrpDesc":4000, ... ]: null

2020-06-05 21:08:29 - [TEST_STEP][PASSED] - charset = /?><"".join(): null

2020-06-05 21:08:29 - [TEST_STEP][PASSED] - RandomStringVal = RandomStringUtils.random(MaxCharLen, charset.toCharArray()): null

2020-06-05 21:08:29 - [TEST_STEP][PASSED] - NewInputNmField = modifyObjectProperty(findTestObject("Object Repository/Objects.HighlightElements/input_field_index"), "xpath", "equals", "(//*[contains(@class,'x-form-text') and (@name='" + FieldNm + "')])[" + index + "]", true): Modify property of object successfully

2020-06-05 21:08:29 - [MESSAGE][PASSED] - Modify property of object successfully

2020-06-05 21:08:29 - [TEST_STEP][PASSED] - setText(NewInputNmField, RandomStringVal): Text ',3&#f_fpRX,H@xPNkSE38X,@<' is set on object 'Object Repository/Objects.HighlightElements/input_field_index'

2020-06-05 21:08:30 - [MESSAGE][PASSED] - Text ',3&#f_fpRX,H@xPNkSE38X,@<' is set on object 'Object Repository/Objects.HighlightElements/input_field_index'

2020-06-05 21:08:30 - [TEST_STEP][PASSED] - GetInputValue = getAttribute(NewInputNmField, "value", STOP_ON_FAILURE): Attribute 'value' of object 'Object Repository/Objects.HighlightElements/input_field_index' is: ',3&#f_fpRX,H@xPNkSE3'

2020-06-05 21:08:30 - [MESSAGE][PASSED] - Attribute 'value' of object 'Object Repository/Objects.HighlightElements/input_field_index' is: ',3&#f_fpRX,H@xPNkSE3'

2020-06-05 21:08:30 - [TEST_STEP][PASSED] - GetLenChar = GetInputValue.length(): null

2020-06-05 21:08:30 - [TEST_STEP][PASSED] - MaxLength = CharLengthTBL.get(FieldNm): null

2020-06-05 21:08:30 - [TEST_STEP][PASSED] - if (MaxLength != null): Actual object '20' and expected object '20' are equal

2020-06-05 21:08:30 - [TEST_STEP][PASSED] - verifyEqual(GetLenChar, MaxLength): Actual object '20' and expected object '20' are equal

2020-06-05 21:08:30 - [MESSAGE][PASSED] - Actual object '20' and expected object '20' are equal

2020-06-05 21:08:30 - [MESSAGE][PASSED] - Call Test Case 'Test Cases/PFI Precision and Scale/PFI Components with Indexing/MaxCharLengthIndexValidation' successfully

2020-06-05 21:08:30 - [TEST_STEP][PASSED] - callTestCase(findTestCase("Components/SelectAllThenDeleteXPI"), ["nameToBeUsed":"courtNo", "index":1], STOP_ON_FAILURE): Call Test Case 'Test Cases/Components/SelectAllThenDeleteXPI' successfully

2020-06-05 21:08:30 - [TEST_CASE][PASSED] - Test Cases/Components/SelectAllThenDeleteXPI: Test Cases/Components/SelectAllThenDeleteXPI

2020-06-05 21:08:30 - [TEST_STEP][PASSED] - Thread.sleep(1000): null

2020-06-05 21:08:31 - [TEST_STEP][PASSED] - modifiedObj = modifyObjectProperty(findTestObject("Object Repository/Objects.HighlightElements/input_field_index"), "xpath", "equals", "(//*[contains(@name,'" + nameToBeUsed + "')])[" + index + "]", true): Modify property of object successfully

2020-06-05 21:08:31 - [MESSAGE][PASSED] - Modify property of object successfully

2020-06-05 21:08:31 - [TEST_STEP][PASSED] - focus(modifiedObj): Object: 'Object Repository/Objects.HighlightElements/input_field_index' is focused

2020-06-05 21:08:31 - [MESSAGE][PASSED] - Object: 'Object Repository/Objects.HighlightElements/input_field_index' is focused

2020-06-05 21:08:31 - [TEST_STEP][PASSED] - sendKeys(modifiedObj, Keys.chord(CONTROL, "a")): Keys 'CONTROL + a' sent to object: 'Object Repository/Objects.HighlightElements/input_field_index'

2020-06-05 21:08:31 - [MESSAGE][PASSED] - Keys 'CONTROL + a' sent to object: 'Object Repository/Objects.HighlightElements/input_field_index'

2020-06-05 21:08:31 - [TEST_STEP][PASSED] - sendKeys(modifiedObj, Keys.chord(DELETE)): Keys 'DELETE + ' sent to object: 'Object Repository/Objects.HighlightElements/input_field_index'

2020-06-05 21:08:31 - [MESSAGE][PASSED] - Keys 'DELETE + ' sent to object: 'Object Repository/Objects.HighlightElements/input_field_index'

2020-06-05 21:08:31 - [MESSAGE][PASSED] - Call Test Case 'Test Cases/Components/SelectAllThenDeleteXPI' successfully

2020-06-05 21:08:31 - [TEST_STEP][PASSED] - callTestCase(findTestCase("PFI Precision and Scale/PFI Components with Indexing/RequiredFieldValidationXPI"), ["nameToBeUsed":"courtNo", "index":1], STOP_ON_FAILURE): Call Test Case 'Test Cases/PFI Precision and Scale/PFI Components with Indexing/RequiredFieldValidationXPI' successfully

2020-06-05 21:08:31 - [TEST_CASE][PASSED] - Test Cases/PFI Precision and Scale/PFI Components with Indexing/RequiredFieldValidationXPI: Test Cases/PFI Precision and Scale/PFI Components with Indexing/RequiredFieldValidationXPI

2020-06-05 21:08:31 - [TEST_STEP][PASSED] - enableSmartWait(): null

2020-06-05 21:08:31 - [TEST_STEP][PASSED] - NewInputNmField = modifyObjectProperty(findTestObject("Objects.HighlightElements/input_field_index"), "xpath", "equals", "(//*[contains(@name,'" + nameToBeUsed + "')])[" + index + "]", true): Modify property of object successfully

2020-06-05 21:08:31 - [MESSAGE][PASSED] - Modify property of object successfully

2020-06-05 21:08:31 - [TEST_STEP][PASSED] - mouseOver(NewInputNmField): Object: 'Object Repository/Objects.HighlightElements/input_field_index' is hovered

2020-06-05 21:08:31 - [MESSAGE][PASSED] - Object: 'Object Repository/Objects.HighlightElements/input_field_index' is hovered

2020-06-05 21:08:31 - [TEST_STEP][PASSED] - getRqErrMsg = getAttribute(NewInputNmField, "data-errorqtip"): Attribute 'data-errorqtip' of object 'Object Repository/Objects.HighlightElements/input_field_index' is: '<ul class="x-list-plain"><li>This field is required</li></ul>'

2020-06-05 21:08:31 - [MESSAGE][PASSED] - Attribute 'data-errorqtip' of object 'Object Repository/Objects.HighlightElements/input_field_index' is: '<ul class="x-list-plain"><li>This field is required</li></ul>'

2020-06-05 21:08:31 - [TEST_STEP][PASSED] - strToolTip = getRqErrMsg.substring(29, 61): null

2020-06-05 21:08:31 - [TEST_STEP][PASSED] - toolTipReqErrMsg = strToolTip.substring(0, 22): null

2020-06-05 21:08:31 - [TEST_STEP][PASSED] - verifyMatch(toolTipReqErrMsg, RqField, true): Actual text 'This field is required' and expected text 'This field is required' are matched  using regular expression

2020-06-05 21:08:31 - [MESSAGE][PASSED] - Actual text 'This field is required' and expected text 'This field is required' are matched  using regular expression

2020-06-05 21:08:31 - [MESSAGE][PASSED] - Call Test Case 'Test Cases/PFI Precision and Scale/PFI Components with Indexing/RequiredFieldValidationXPI' successfully

2020-06-05 21:08:31 - [TEST_STEP][PASSED] - callTestCase(findTestCase("Components/HighlightLabelFieldXPI"), ["LblName":"Notice/Order Date", "index":1], STOP_ON_FAILURE): Call Test Case 'Test Cases/Components/HighlightLabelFieldXPI' successfully

2020-06-05 21:08:31 - [TEST_CASE][PASSED] - Test Cases/Components/HighlightLabelFieldXPI: Test Cases/Components/HighlightLabelFieldXPI

2020-06-05 21:08:31 - [TEST_STEP][PASSED] - Thread.sleep(1000): null

2020-06-05 21:08:32 - [TEST_STEP][PASSED] - modifiedLblNm = modifyObjectProperty(findTestObject("Object Repository/Objects.HighlightElements/lblField_index"), "xpath", "equals", "(//*[contains(@class, 'x-form-item-label-inner x-form-item-label-inner-default') and contains(., '" + LblName + "')])[" + index + "]", true): Modify property of object successfully

2020-06-05 21:08:32 - [MESSAGE][PASSED] - Modify property of object successfully

2020-06-05 21:08:32 - [TEST_STEP][PASSED] - com.reusableComponents.HighlightElement.run(modifiedLblNm): com.reusableComponents.HighlightElement.run is PASSED

2020-06-05 21:08:33 - [MESSAGE][PASSED] - com.reusableComponents.HighlightElement.run is PASSED

2020-06-05 21:08:33 - [MESSAGE][PASSED] - Call Test Case 'Test Cases/Components/HighlightLabelFieldXPI' successfully

2020-06-05 21:08:33 - [TEST_STEP][PASSED] - callTestCase(findTestCase("Components/HighlightInputFieldXPI"), ["FldNm":"orderDt", "index":1], STOP_ON_FAILURE): Call Test Case 'Test Cases/Components/HighlightInputFieldXPI' successfully

2020-06-05 21:08:33 - [TEST_CASE][PASSED] - Test Cases/Components/HighlightInputFieldXPI: Test Cases/Components/HighlightInputFieldXPI

2020-06-05 21:08:33 - [TEST_STEP][PASSED] - Thread.sleep(1000): null

2020-06-05 21:08:34 - [TEST_STEP][PASSED] - modifiedInputNm = modifyObjectProperty(findTestObject("Object Repository/Objects.HighlightElements/input_field_index"), "xpath", "equals", "(//*[contains(@name, '" + FldNm + "')])[" + index + "]", true): Modify property of object successfully

2020-06-05 21:08:34 - [MESSAGE][PASSED] - Modify property of object successfully

2020-06-05 21:08:34 - [TEST_STEP][PASSED] - com.reusableComponents.HighlightElement.run(modifiedInputNm): com.reusableComponents.HighlightElement.run is PASSED

2020-06-05 21:08:35 - [MESSAGE][PASSED] - com.reusableComponents.HighlightElement.run is PASSED

2020-06-05 21:08:35 - [MESSAGE][PASSED] - Call Test Case 'Test Cases/Components/HighlightInputFieldXPI' successfully

2020-06-05 21:08:35 - [TEST_STEP][PASSED] - callTestCase(findTestCase("PFI Precision and Scale/PFI Components with Indexing/NumericTextboxValidationIndex"), ["nameToBeUsed":"orderDt", "index":1, "minLen":12], STOP_ON_FAILURE): Call Test Case 'Test Cases/PFI Precision and Scale/PFI Components with Indexing/NumericTextboxValidationIndex' successfully

2020-06-05 21:08:35 - [TEST_CASE][PASSED] - Test Cases/PFI Precision and Scale/PFI Components with Indexing/NumericTextboxValidationIndex: Test Cases/PFI Precision and Scale/PFI Components with Indexing/NumericTextboxValidationIndex

2020-06-05 21:08:35 - [TEST_STEP][PASSED] - Thread.sleep(1000): null

2020-06-05 21:08:36 - [TEST_STEP][PASSED] - Numeric = "0123456789": null

2020-06-05 21:08:36 - [TEST_STEP][PASSED] - AlphaSpecialChar = z) + "`~!@#$%^&*()=_{}|\][;'":,?><"".join(): null

2020-06-05 21:08:36 - [TEST_STEP][PASSED] - RandomNumeric = RandomStringUtils.random(minLen, Numeric.toCharArray()): null

2020-06-05 21:08:36 - [TEST_STEP][PASSED] - RandomString = RandomStringUtils.random(minLen, AlphaSpecialChar): null

2020-06-05 21:08:36 - [TEST_STEP][PASSED] - regexPat = Pattern.compile("^[0-9]+$"): null

2020-06-05 21:08:36 - [TEST_STEP][PASSED] - NewInputNmField = modifyObjectProperty(findTestObject("Object Repository/Objects.HighlightElements/input_field_index"), "xpath", "equals", "(//*[contains(@class,'x-form-text') and (@name='" + nameToBeUsed + "')])[" + index + "]", true): Modify property of object successfully

2020-06-05 21:08:36 - [MESSAGE][PASSED] - Modify property of object successfully

2020-06-05 21:08:36 - [TEST_STEP][PASSED] - focus(NewInputNmField): Object: 'Object Repository/Objects.HighlightElements/input_field_index' is focused

2020-06-05 21:08:36 - [MESSAGE][PASSED] - Object: 'Object Repository/Objects.HighlightElements/input_field_index' is focused

2020-06-05 21:08:36 - [TEST_STEP][PASSED] - setText(NewInputNmField, RandomString): Text 'RAZ)SFMfI_c$' is set on object 'Object Repository/Objects.HighlightElements/input_field_index'

2020-06-05 21:08:36 - [MESSAGE][PASSED] - Text 'RAZ)SFMfI_c$' is set on object 'Object Repository/Objects.HighlightElements/input_field_index'

2020-06-05 21:08:36 - [TEST_STEP][PASSED] - GetInputVal = getAttribute(NewInputNmField, "value"): Attribute 'value' of object 'Object Repository/Objects.HighlightElements/input_field_index' is: ''

2020-06-05 21:08:36 - [MESSAGE][PASSED] - Attribute 'value' of object 'Object Repository/Objects.HighlightElements/input_field_index' is: ''

2020-06-05 21:08:36 - [TEST_STEP][PASSED] - if (GetInputVal.contains("e")): null

2020-06-05 21:08:36 - [TEST_STEP][PASSED] - else: Actual text '' and expected text '' are matched  using regular expression

2020-06-05 21:08:36 - [TEST_STEP][PASSED] - verifyMatch(GetInputVal, "", true): Actual text '' and expected text '' are matched  using regular expression

2020-06-05 21:08:36 - [MESSAGE][PASSED] - Actual text '' and expected text '' are matched  using regular expression

2020-06-05 21:08:36 - [TEST_STEP][PASSED] - setText(NewInputNmField, RandomNumeric): Text '159999548253' is set on object 'Object Repository/Objects.HighlightElements/input_field_index'

2020-06-05 21:08:36 - [MESSAGE][PASSED] - Text '159999548253' is set on object 'Object Repository/Objects.HighlightElements/input_field_index'

2020-06-05 21:08:36 - [TEST_STEP][PASSED] - GetEnteredIntegers = getAttribute(NewInputNmField, "value"): Attribute 'value' of object 'Object Repository/Objects.HighlightElements/input_field_index' is: '159999548253'

2020-06-05 21:08:36 - [MESSAGE][PASSED] - Attribute 'value' of object 'Object Repository/Objects.HighlightElements/input_field_index' is: '159999548253'

2020-06-05 21:08:36 - [TEST_STEP][PASSED] - matchStr = regexPat.matcher(GetEnteredIntegers): null

2020-06-05 21:08:36 - [TEST_STEP][PASSED] - if (matchStr.matches() == true): Accepting Numeric

2020-06-05 21:08:36 - [TEST_STEP][PASSED] - comment("Accepting Numeric"): Accepting Numeric

2020-06-05 21:08:36 - [MESSAGE][INFO] - Accepting Numeric

2020-06-05 21:08:36 - [MESSAGE][PASSED] - Call Test Case 'Test Cases/PFI Precision and Scale/PFI Components with Indexing/NumericTextboxValidationIndex' successfully

2020-06-05 21:08:36 - [TEST_STEP][PASSED] - callTestCase(findTestCase("PFI Precision and Scale/PFI Components with Indexing/InvalidDateErrorValidationIndex"), ["FldNm":"orderDt", "index":1], STOP_ON_FAILURE): Call Test Case 'Test Cases/PFI Precision and Scale/PFI Components with Indexing/InvalidDateErrorValidationIndex' successfully

2020-06-05 21:08:36 - [TEST_CASE][PASSED] - Test Cases/PFI Precision and Scale/PFI Components with Indexing/InvalidDateErrorValidationIndex: Test Cases/PFI Precision and Scale/PFI Components with Indexing/InvalidDateErrorValidationIndex

2020-06-05 21:08:37 - [TEST_STEP][PASSED] - Thread.sleep(1000): null

2020-06-05 21:08:38 - [TEST_STEP][PASSED] - DateFieldNm = modifyObjectProperty(findTestObject("Object Repository/Objects.HighlightElements/input_field_index"), "xpath", "equals", "(//*[contains(@class,'x-form-text') and (@name='" + FldNm + "')])[" + index + "]", true): Modify property of object successfully

2020-06-05 21:08:38 - [MESSAGE][PASSED] - Modify property of object successfully

2020-06-05 21:08:38 - [TEST_STEP][PASSED] - focus(DateFieldNm): Object: 'Object Repository/Objects.HighlightElements/input_field_index' is focused

2020-06-05 21:08:38 - [MESSAGE][PASSED] - Object: 'Object Repository/Objects.HighlightElements/input_field_index' is focused

2020-06-05 21:08:39 - [TEST_STEP][PASSED] - getInputInvalidDate = getAttribute(DateFieldNm, "value"): Attribute 'value' of object 'Object Repository/Objects.HighlightElements/input_field_index' is: '159999548253'

2020-06-05 21:08:39 - [MESSAGE][PASSED] - Attribute 'value' of object 'Object Repository/Objects.HighlightElements/input_field_index' is: '159999548253'

2020-06-05 21:08:39 - [TEST_STEP][PASSED] - mouseOver(DateFieldNm): Object: 'Object Repository/Objects.HighlightElements/input_field_index' is hovered

2020-06-05 21:08:39 - [MESSAGE][PASSED] - Object: 'Object Repository/Objects.HighlightElements/input_field_index' is hovered

2020-06-05 21:08:39 - [TEST_STEP][PASSED] - getErrMsg = getAttribute(DateFieldNm, "data-errorqtip"): Attribute 'data-errorqtip' of object 'Object Repository/Objects.HighlightElements/input_field_index' is: '<ul class="x-list-plain"><li>159999548253 is not a valid date - it must be in the format d/m/Y</li></ul>'

2020-06-05 21:08:39 - [MESSAGE][PASSED] - Attribute 'data-errorqtip' of object 'Object Repository/Objects.HighlightElements/input_field_index' is: '<ul class="x-list-plain"><li>159999548253 is not a valid date - it must be in the format d/m/Y</li></ul>'

2020-06-05 21:08:39 - [TEST_STEP][PASSED] - getTotalLength = getErrMsg.length(): null

2020-06-05 21:08:39 - [TEST_STEP][PASSED] - RemoveULClass = getErrMsg.substring(29, getTotalLength): null

2020-06-05 21:08:39 - [TEST_STEP][PASSED] - LengthNoUlClass = RemoveULClass.length() - 10: null

2020-06-05 21:08:39 - [TEST_STEP][PASSED] - ToolTipInvErrMsg = RemoveULClass.substring(0, LengthNoUlClass): null

2020-06-05 21:08:39 - [TEST_STEP][PASSED] - ExpectedInvalidErrMsg = concatenate(getInputInvalidDate, " ", NotValidDt): Concatenated string array: '['159999548253',' ','is not a valid date - it must be in the format d/m/Y']' into '159999548253 is not a valid date - it must be in the format d/m/Y'

2020-06-05 21:08:39 - [MESSAGE][PASSED] - Concatenated string array: '['159999548253',' ','is not a valid date - it must be in the format d/m/Y']' into '159999548253 is not a valid date - it must be in the format d/m/Y'

2020-06-05 21:08:39 - [TEST_STEP][PASSED] - verifyMatch(ToolTipInvErrMsg, ExpectedInvalidErrMsg, true): Actual text '159999548253 is not a valid date - it must be in the format d/m/Y' and expected text '159999548253 is not a valid date - it must be in the format d/m/Y' are matched  using regular expression

2020-06-05 21:08:39 - [MESSAGE][PASSED] - Actual text '159999548253 is not a valid date - it must be in the format d/m/Y' and expected text '159999548253 is not a valid date - it must be in the format d/m/Y' are matched  using regular expression

2020-06-05 21:08:39 - [MESSAGE][PASSED] - Call Test Case 'Test Cases/PFI Precision and Scale/PFI Components with Indexing/InvalidDateErrorValidationIndex' successfully

2020-06-05 21:08:39 - [TEST_STEP][PASSED] - callTestCase(findTestCase("PFI Precision and Scale/PFI Components with Indexing/SelectDayInDatePickerWithIndexII"), ["FldNm":"orderDt", "SelectCurrentDay":11, "index":17, "idx":1], STOP_ON_FAILURE): Call Test Case 'Test Cases/PFI Precision and Scale/PFI Components with Indexing/SelectDayInDatePickerWithIndexII' successfully

2020-06-05 21:08:39 - [TEST_CASE][PASSED] - Test Cases/PFI Precision and Scale/PFI Components with Indexing/SelectDayInDatePickerWithIndexII: Test Cases/PFI Precision and Scale/PFI Components with Indexing/SelectDayInDatePickerWithIndexII

2020-06-05 21:08:39 - [TEST_STEP][PASSED] - Thread.sleep(1000): null

2020-06-05 21:08:40 - [TEST_STEP][PASSED] - DateInputFld = modifyObjectProperty(findTestObject("Objects.HighlightElements/input_field_index"), "xpath", "equals", "(//*[contains(@class,'x-form-text') and (@name='" + FldNm + "')])[" + idx + "]", true): Modify property of object successfully

2020-06-05 21:08:40 - [MESSAGE][PASSED] - Modify property of object successfully

2020-06-05 21:08:40 - [TEST_STEP][PASSED] - ModifiedDay = modifyObjectProperty(findTestObject("Objects.DateValidation/Page_ISPS2/Select_Day_Index"), "xpath", "equals", "(//*[contains(@class, 'x-datepicker-date') and (text() = '" + SelectCurrentDay + "')])[" + index + "]", true): Modify property of object successfully

2020-06-05 21:08:40 - [MESSAGE][PASSED] - Modify property of object successfully

2020-06-05 21:08:40 - [TEST_STEP][PASSED] - sendKeys(DateInputFld, Keys.chord(ARROW_DOWN)): Keys 'DOWN + ' sent to object: 'Object Repository/Objects.HighlightElements/input_field_index'

2020-06-05 21:08:41 - [MESSAGE][PASSED] - Keys 'DOWN + ' sent to object: 'Object Repository/Objects.HighlightElements/input_field_index'

2020-06-05 21:08:41 - [TEST_STEP][PASSED] - com.reusableComponents.HighlightElement.run(ModifiedDay): com.reusableComponents.HighlightElement.run is PASSED

2020-06-05 21:08:41 - [MESSAGE][PASSED] - com.reusableComponents.HighlightElement.run is PASSED

2020-06-05 21:08:41 - [TEST_STEP][PASSED] - delay(1): Delayed 1 second(s)

2020-06-05 21:08:42 - [MESSAGE][PASSED] - Delayed 1 second(s)

2020-06-05 21:08:42 - [TEST_STEP][PASSED] - click(ModifiedDay): Object: 'Object Repository/Objects.DateValidation/Page_ISPS2/Select_Day_Index' is clicked on

2020-06-05 21:08:42 - [MESSAGE][PASSED] - Object: 'Object Repository/Objects.DateValidation/Page_ISPS2/Select_Day_Index' is clicked on

2020-06-05 21:08:42 - [TEST_STEP][PASSED] - GetError = getAttribute(DateInputFld, "data-errorqtip"): Attribute 'data-errorqtip' of object 'Object Repository/Objects.HighlightElements/input_field_index' is: ''

2020-06-05 21:08:42 - [MESSAGE][PASSED] - Attribute 'data-errorqtip' of object 'Object Repository/Objects.HighlightElements/input_field_index' is: ''

2020-06-05 21:08:42 - [TEST_STEP][PASSED] - if (GetError == ""): Date Format is valid

2020-06-05 21:08:42 - [TEST_STEP][PASSED] - GetEnteredDate = getAttribute(DateInputFld, "value"): Attribute 'value' of object 'Object Repository/Objects.HighlightElements/input_field_index' is: '11/06/2020'

2020-06-05 21:08:42 - [MESSAGE][PASSED] - Attribute 'value' of object 'Object Repository/Objects.HighlightElements/input_field_index' is: '11/06/2020'

2020-06-05 21:08:42 - [TEST_STEP][PASSED] - DatePattern = Pattern.compile("^(1[0-2]|0[1-9])/(3[01]|[12][0-9]|0[1-9])/[0-9]{4}$"): null

2020-06-05 21:08:42 - [TEST_STEP][PASSED] - VerifyDateFormat = DatePattern.matcher(GetEnteredDate): null

2020-06-05 21:08:42 - [TEST_STEP][PASSED] - if (VerifyDateFormat.matches() == true): Date Format is valid

2020-06-05 21:08:42 - [TEST_STEP][PASSED] - comment("Date Format is valid"): Date Format is valid

2020-06-05 21:08:42 - [MESSAGE][INFO] - Date Format is valid

2020-06-05 21:08:42 - [MESSAGE][PASSED] - Call Test Case 'Test Cases/PFI Precision and Scale/PFI Components with Indexing/SelectDayInDatePickerWithIndexII' successfully

2020-06-05 21:08:42 - [TEST_STEP][PASSED] - callTestCase(findTestCase("PFI Precision and Scale/PFI Components with Indexing/SelectTodayInDatePickerIndex"), ["FldNm":"orderDt", "index":9, "idx":1], STOP_ON_FAILURE): Call Test Case 'Test Cases/PFI Precision and Scale/PFI Components with Indexing/SelectTodayInDatePickerIndex' successfully

2020-06-05 21:08:42 - [TEST_CASE][PASSED] - Test Cases/PFI Precision and Scale/PFI Components with Indexing/SelectTodayInDatePickerIndex: Test Cases/PFI Precision and Scale/PFI Components with Indexing/SelectTodayInDatePickerIndex

2020-06-05 21:08:42 - [TEST_STEP][PASSED] - Thread.sleep(1000): null

2020-06-05 21:08:43 - [TEST_STEP][PASSED] - date = new java.util.Date(): null

2020-06-05 21:08:43 - [TEST_STEP][PASSED] - CurrentDate = new java.text.SimpleDateFormat(dd/MM/yyyy): null

2020-06-05 21:08:43 - [TEST_STEP][PASSED] - TodayDate = CurrentDate.format(date): null

2020-06-05 21:08:43 - [TEST_STEP][PASSED] - DateFieldNm = modifyObjectProperty(findTestObject("Objects.HighlightElements/input_field_index"), "xpath", "equals", "(//*[contains(@class,'x-form-text') and (@name='" + FldNm + "')])[" + idx + "]", true): Modify property of object successfully

2020-06-05 21:08:43 - [MESSAGE][PASSED] - Modify property of object successfully

2020-06-05 21:08:43 - [TEST_STEP][PASSED] - TodayBtn = modifyObjectProperty(findTestObject("Object Repository/Objects.DateValidation/Page_ISPS2/a_Today"), "xpath", "equals", "(//*[text() = 'Today'])[" + index + "]", true): Modify property of object successfully

2020-06-05 21:08:44 - [MESSAGE][PASSED] - Modify property of object successfully

2020-06-05 21:08:44 - [TEST_STEP][PASSED] - sendKeys(DateFieldNm, Keys.chord(ARROW_DOWN)): Keys 'DOWN + ' sent to object: 'Object Repository/Objects.HighlightElements/input_field_index'

2020-06-05 21:08:44 - [MESSAGE][PASSED] - Keys 'DOWN + ' sent to object: 'Object Repository/Objects.HighlightElements/input_field_index'

2020-06-05 21:08:44 - [TEST_STEP][PASSED] - com.reusableComponents.HighlightElement.run(TodayBtn): com.reusableComponents.HighlightElement.run is PASSED

2020-06-05 21:08:44 - [MESSAGE][PASSED] - com.reusableComponents.HighlightElement.run is PASSED

2020-06-05 21:08:44 - [TEST_STEP][PASSED] - click(TodayBtn): Object: 'Object Repository/Objects.DateValidation/Page_ISPS2/a_Today' is clicked on

2020-06-05 21:08:44 - [MESSAGE][PASSED] - Object: 'Object Repository/Objects.DateValidation/Page_ISPS2/a_Today' is clicked on

2020-06-05 21:08:44 - [TEST_STEP][PASSED] - GetEnteredDate = getAttribute(DateFieldNm, "value"): Attribute 'value' of object 'Object Repository/Objects.HighlightElements/input_field_index' is: '05/06/2020'

2020-06-05 21:08:44 - [MESSAGE][PASSED] - Attribute 'value' of object 'Object Repository/Objects.HighlightElements/input_field_index' is: '05/06/2020'

2020-06-05 21:08:44 - [TEST_STEP][PASSED] - verifyMatch(GetEnteredDate, TodayDate, true): Actual text '05/06/2020' and expected text '05/06/2020' are matched  using regular expression

2020-06-05 21:08:44 - [MESSAGE][PASSED] - Actual text '05/06/2020' and expected text '05/06/2020' are matched  using regular expression

2020-06-05 21:08:44 - [MESSAGE][PASSED] - Call Test Case 'Test Cases/PFI Precision and Scale/PFI Components with Indexing/SelectTodayInDatePickerIndex' successfully

2020-06-05 21:08:44 - [TEST_STEP][PASSED] - callTestCase(findTestCase("Components/SelectAllThenDeleteXPI"), ["nameToBeUsed":"orderDt", "index":1], STOP_ON_FAILURE): Call Test Case 'Test Cases/Components/SelectAllThenDeleteXPI' successfully

2020-06-05 21:08:44 - [TEST_CASE][PASSED] - Test Cases/Components/SelectAllThenDeleteXPI: Test Cases/Components/SelectAllThenDeleteXPI

2020-06-05 21:08:44 - [TEST_STEP][PASSED] - Thread.sleep(1000): null

2020-06-05 21:08:45 - [TEST_STEP][PASSED] - modifiedObj = modifyObjectProperty(findTestObject("Object Repository/Objects.HighlightElements/input_field_index"), "xpath", "equals", "(//*[contains(@name,'" + nameToBeUsed + "')])[" + index + "]", true): Modify property of object successfully

2020-06-05 21:08:46 - [MESSAGE][PASSED] - Modify property of object successfully

2020-06-05 21:08:46 - [TEST_STEP][PASSED] - focus(modifiedObj): Object: 'Object Repository/Objects.HighlightElements/input_field_index' is focused

2020-06-05 21:08:46 - [MESSAGE][PASSED] - Object: 'Object Repository/Objects.HighlightElements/input_field_index' is focused

2020-06-05 21:08:46 - [TEST_STEP][PASSED] - sendKeys(modifiedObj, Keys.chord(CONTROL, "a")): Keys 'CONTROL + a' sent to object: 'Object Repository/Objects.HighlightElements/input_field_index'

2020-06-05 21:08:46 - [MESSAGE][PASSED] - Keys 'CONTROL + a' sent to object: 'Object Repository/Objects.HighlightElements/input_field_index'

2020-06-05 21:08:46 - [TEST_STEP][PASSED] - sendKeys(modifiedObj, Keys.chord(DELETE)): Keys 'DELETE + ' sent to object: 'Object Repository/Objects.HighlightElements/input_field_index'

2020-06-05 21:08:46 - [MESSAGE][PASSED] - Keys 'DELETE + ' sent to object: 'Object Repository/Objects.HighlightElements/input_field_index'

2020-06-05 21:08:46 - [MESSAGE][PASSED] - Call Test Case 'Test Cases/Components/SelectAllThenDeleteXPI' successfully

2020-06-05 21:08:46 - [TEST_STEP][PASSED] - callTestCase(findTestCase("PFI Precision and Scale/PFI Components with Indexing/RequiredFieldValidationXPI"), ["nameToBeUsed":"orderDt", "index":1], STOP_ON_FAILURE): Call Test Case 'Test Cases/PFI Precision and Scale/PFI Components with Indexing/RequiredFieldValidationXPI' successfully

2020-06-05 21:08:46 - [TEST_CASE][PASSED] - Test Cases/PFI Precision and Scale/PFI Components with Indexing/RequiredFieldValidationXPI: Test Cases/PFI Precision and Scale/PFI Components with Indexing/RequiredFieldValidationXPI

2020-06-05 21:08:46 - [TEST_STEP][PASSED] - enableSmartWait(): null

2020-06-05 21:08:46 - [TEST_STEP][PASSED] - NewInputNmField = modifyObjectProperty(findTestObject("Objects.HighlightElements/input_field_index"), "xpath", "equals", "(//*[contains(@name,'" + nameToBeUsed + "')])[" + index + "]", true): Modify property of object successfully

2020-06-05 21:08:46 - [MESSAGE][PASSED] - Modify property of object successfully

2020-06-05 21:08:46 - [TEST_STEP][PASSED] - mouseOver(NewInputNmField): Object: 'Object Repository/Objects.HighlightElements/input_field_index' is hovered

2020-06-05 21:08:46 - [MESSAGE][PASSED] - Object: 'Object Repository/Objects.HighlightElements/input_field_index' is hovered

2020-06-05 21:08:46 - [TEST_STEP][PASSED] - getRqErrMsg = getAttribute(NewInputNmField, "data-errorqtip"): Attribute 'data-errorqtip' of object 'Object Repository/Objects.HighlightElements/input_field_index' is: '<ul class="x-list-plain"><li>This field is required</li></ul>'

2020-06-05 21:08:46 - [MESSAGE][PASSED] - Attribute 'data-errorqtip' of object 'Object Repository/Objects.HighlightElements/input_field_index' is: '<ul class="x-list-plain"><li>This field is required</li></ul>'

2020-06-05 21:08:46 - [TEST_STEP][PASSED] - strToolTip = getRqErrMsg.substring(29, 61): null

2020-06-05 21:08:46 - [TEST_STEP][PASSED] - toolTipReqErrMsg = strToolTip.substring(0, 22): null

2020-06-05 21:08:46 - [TEST_STEP][PASSED] - verifyMatch(toolTipReqErrMsg, RqField, true): Actual text 'This field is required' and expected text 'This field is required' are matched  using regular expression

2020-06-05 21:08:46 - [MESSAGE][PASSED] - Actual text 'This field is required' and expected text 'This field is required' are matched  using regular expression

2020-06-05 21:08:46 - [MESSAGE][PASSED] - Call Test Case 'Test Cases/PFI Precision and Scale/PFI Components with Indexing/RequiredFieldValidationXPI' successfully

2020-06-05 21:08:46 - [TEST_STEP][PASSED] - callTestCase(findTestCase("Components/HighlightLabelFieldXPI"), ["LblName":"Complaint Officer", "index":1], STOP_ON_FAILURE): Call Test Case 'Test Cases/Components/HighlightLabelFieldXPI' successfully

2020-06-05 21:08:46 - [TEST_CASE][PASSED] - Test Cases/Components/HighlightLabelFieldXPI: Test Cases/Components/HighlightLabelFieldXPI

2020-06-05 21:08:46 - [TEST_STEP][PASSED] - Thread.sleep(1000): null

2020-06-05 21:08:47 - [TEST_STEP][PASSED] - modifiedLblNm = modifyObjectProperty(findTestObject("Object Repository/Objects.HighlightElements/lblField_index"), "xpath", "equals", "(//*[contains(@class, 'x-form-item-label-inner x-form-item-label-inner-default') and contains(., '" + LblName + "')])[" + index + "]", true): Modify property of object successfully

2020-06-05 21:08:47 - [MESSAGE][PASSED] - Modify property of object successfully

2020-06-05 21:08:47 - [TEST_STEP][PASSED] - com.reusableComponents.HighlightElement.run(modifiedLblNm): com.reusableComponents.HighlightElement.run is PASSED

2020-06-05 21:08:48 - [MESSAGE][PASSED] - com.reusableComponents.HighlightElement.run is PASSED

2020-06-05 21:08:48 - [MESSAGE][PASSED] - Call Test Case 'Test Cases/Components/HighlightLabelFieldXPI' successfully

2020-06-05 21:08:48 - [TEST_STEP][PASSED] - callTestCase(findTestCase("Components/HighlightInputFieldXPI"), ["FldNm":"complaintOfficer", "index":1], STOP_ON_FAILURE): Call Test Case 'Test Cases/Components/HighlightInputFieldXPI' successfully

2020-06-05 21:08:48 - [TEST_CASE][PASSED] - Test Cases/Components/HighlightInputFieldXPI: Test Cases/Components/HighlightInputFieldXPI

2020-06-05 21:08:48 - [TEST_STEP][PASSED] - Thread.sleep(1000): null

2020-06-05 21:08:49 - [TEST_STEP][PASSED] - modifiedInputNm = modifyObjectProperty(findTestObject("Object Repository/Objects.HighlightElements/input_field_index"), "xpath", "equals", "(//*[contains(@name, '" + FldNm + "')])[" + index + "]", true): Modify property of object successfully

2020-06-05 21:08:49 - [MESSAGE][PASSED] - Modify property of object successfully

2020-06-05 21:08:49 - [TEST_STEP][PASSED] - com.reusableComponents.HighlightElement.run(modifiedInputNm): com.reusableComponents.HighlightElement.run is PASSED

2020-06-05 21:08:49 - [MESSAGE][PASSED] - com.reusableComponents.HighlightElement.run is PASSED

2020-06-05 21:08:49 - [MESSAGE][PASSED] - Call Test Case 'Test Cases/Components/HighlightInputFieldXPI' successfully

2020-06-05 21:08:49 - [TEST_STEP][PASSED] - callTestCase(findTestCase("PFI Precision and Scale/PFI Components with Indexing/VerifyDropdownValuesXPI"), ["FldNm":"complaintOfficer", "index":1, "CallTCName":"PFI Precision and Scale/HashMap Tables/OfficerLists", "cmbNm":"", "NoOfVal":1, ... ], STOP_ON_FAILURE): Call Test Case 'Test Cases/PFI Precision and Scale/PFI Components with Indexing/VerifyDropdownValuesXPI' successfully

2020-06-05 21:08:50 - [TEST_CASE][PASSED] - Test Cases/PFI Precision and Scale/PFI Components with Indexing/VerifyDropdownValuesXPI: Test Cases/PFI Precision and Scale/PFI Components with Indexing/VerifyDropdownValuesXPI

2020-06-05 21:08:50 - [TEST_STEP][PASSED] - Thread.sleep(1000): null

2020-06-05 21:08:51 - [TEST_STEP][PASSED] - NewInputNmField = modifyObjectProperty(findTestObject("Object Repository/Objects.HighlightElements/input_field_index"), "xpath", "equals", "(//*[contains(@name, '" + FldNm + "')])[" + index + "]", true): Modify property of object successfully

2020-06-05 21:08:51 - [MESSAGE][PASSED] - Modify property of object successfully

2020-06-05 21:08:51 - [TEST_STEP][PASSED] - comboNm = cmbNm: null

2020-06-05 21:08:51 - [TEST_STEP][PASSED] - focus(NewInputNmField): Object: 'Object Repository/Objects.HighlightElements/input_field_index' is focused

2020-06-05 21:08:51 - [MESSAGE][PASSED] - Object: 'Object Repository/Objects.HighlightElements/input_field_index' is focused

2020-06-05 21:08:51 - [TEST_STEP][PASSED] - setText(NewInputNmField, EnterValue): Text 'invalid' is set on object 'Object Repository/Objects.HighlightElements/input_field_index'

2020-06-05 21:08:51 - [MESSAGE][PASSED] - Text 'invalid' is set on object 'Object Repository/Objects.HighlightElements/input_field_index'

2020-06-05 21:08:51 - [TEST_STEP][PASSED] - for ([i = 1, i <= NoOfVal, (i++)]): Keys 'DOWN + ' sent to object: 'Object Repository/Objects.HighlightElements/input_field_index'

2020-06-05 21:08:51 - [TEST_STEP][PASSED] - sendKeys(NewInputNmField, Keys.chord(ARROW_DOWN)): Keys 'DOWN + ' sent to object: 'Object Repository/Objects.HighlightElements/input_field_index'

2020-06-05 21:08:51 - [MESSAGE][PASSED] - Keys 'DOWN + ' sent to object: 'Object Repository/Objects.HighlightElements/input_field_index'

2020-06-05 21:08:51 - [TEST_STEP][PASSED] - delay(DelayTime): Delayed 2 second(s)

2020-06-05 21:08:53 - [MESSAGE][PASSED] - Delayed 2 second(s)

2020-06-05 21:08:53 - [TEST_STEP][PASSED] - sendKeys(NewInputNmField, Keys.chord(ENTER)): Keys 'ENTER + ' sent to object: 'Object Repository/Objects.HighlightElements/input_field_index'

2020-06-05 21:08:53 - [MESSAGE][PASSED] - Keys 'ENTER + ' sent to object: 'Object Repository/Objects.HighlightElements/input_field_index'

2020-06-05 21:08:53 - [TEST_STEP][PASSED] - ComboBoxValue = getAttribute(NewInputNmField, "value"): Attribute 'value' of object 'Object Repository/Objects.HighlightElements/input_field_index' is: 'invalid'

2020-06-05 21:08:53 - [MESSAGE][PASSED] - Attribute 'value' of object 'Object Repository/Objects.HighlightElements/input_field_index' is: 'invalid'

2020-06-05 21:08:53 - [TEST_STEP][PASSED] - callTestCase(findTestCase(CallTCName), ["FindValue":ComboBoxValue, "DropdownNm":comboNm], STOP_ON_FAILURE): Call Test Case 'Test Cases/PFI Precision and Scale/HashMap Tables/OfficerLists' successfully

2020-06-05 21:08:53 - [TEST_CASE][PASSED] - Test Cases/PFI Precision and Scale/HashMap Tables/OfficerLists: Test Cases/PFI Precision and Scale/HashMap Tables/OfficerLists

2020-06-05 21:08:53 - [TEST_STEP][PASSED] - Thread.sleep(1000): null

2020-06-05 21:08:54 - [TEST_STEP][PASSED] - OfficerLists = [1:"Aaron Sham Wai Lun (AARON)", 2:"Azidah Bte Akmad (Mdm) (USAABD)", 3:"Chung Fong Nyen (USACFN)", 4:"David Tey Dah Wei (DAHWEI)", ... ]: null

2020-06-05 21:08:54 - [TEST_STEP][PASSED] - ValueFound = OfficerLists.find({ -> ... }): null

2020-06-05 21:08:54 - [MESSAGE][PASSED] - Call Test Case 'Test Cases/PFI Precision and Scale/HashMap Tables/OfficerLists' successfully

2020-06-05 21:08:54 - [TEST_STEP][PASSED] - println(ValueFound): null

2020-06-05 21:08:54 - [TEST_STEP][PASSED] - sendKeys(NewInputNmField, Keys.chord(ARROW_DOWN)): Keys 'DOWN + ' sent to object: 'Object Repository/Objects.HighlightElements/input_field_index'

2020-06-05 21:08:54 - [MESSAGE][PASSED] - Keys 'DOWN + ' sent to object: 'Object Repository/Objects.HighlightElements/input_field_index'

2020-06-05 21:08:54 - [TEST_STEP][PASSED] - sendKeys(NewInputNmField, Keys.chord(ENTER)): Keys 'ENTER + ' sent to object: 'Object Repository/Objects.HighlightElements/input_field_index'

2020-06-05 21:08:54 - [MESSAGE][PASSED] - Keys 'ENTER + ' sent to object: 'Object Repository/Objects.HighlightElements/input_field_index'

2020-06-05 21:08:54 - [MESSAGE][PASSED] - Call Test Case 'Test Cases/PFI Precision and Scale/PFI Components with Indexing/VerifyDropdownValuesXPI' successfully

2020-06-05 21:08:54 - [TEST_STEP][PASSED] - callTestCase(findTestCase("Components/SelectAllThenDeleteXPI"), ["nameToBeUsed":"complaintOfficer", "index":1], STOP_ON_FAILURE): Call Test Case 'Test Cases/Components/SelectAllThenDeleteXPI' successfully

2020-06-05 21:08:54 - [TEST_CASE][PASSED] - Test Cases/Components/SelectAllThenDeleteXPI: Test Cases/Components/SelectAllThenDeleteXPI

2020-06-05 21:08:54 - [TEST_STEP][PASSED] - Thread.sleep(1000): null

2020-06-05 21:08:55 - [TEST_STEP][PASSED] - modifiedObj = modifyObjectProperty(findTestObject("Object Repository/Objects.HighlightElements/input_field_index"), "xpath", "equals", "(//*[contains(@name,'" + nameToBeUsed + "')])[" + index + "]", true): Modify property of object successfully

2020-06-05 21:08:55 - [MESSAGE][PASSED] - Modify property of object successfully

2020-06-05 21:08:55 - [TEST_STEP][PASSED] - focus(modifiedObj): Object: 'Object Repository/Objects.HighlightElements/input_field_index' is focused

2020-06-05 21:08:56 - [MESSAGE][PASSED] - Object: 'Object Repository/Objects.HighlightElements/input_field_index' is focused

2020-06-05 21:08:56 - [TEST_STEP][PASSED] - sendKeys(modifiedObj, Keys.chord(CONTROL, "a")): Keys 'CONTROL + a' sent to object: 'Object Repository/Objects.HighlightElements/input_field_index'

2020-06-05 21:08:56 - [MESSAGE][PASSED] - Keys 'CONTROL + a' sent to object: 'Object Repository/Objects.HighlightElements/input_field_index'

2020-06-05 21:08:56 - [TEST_STEP][PASSED] - sendKeys(modifiedObj, Keys.chord(DELETE)): Keys 'DELETE + ' sent to object: 'Object Repository/Objects.HighlightElements/input_field_index'

2020-06-05 21:08:56 - [MESSAGE][PASSED] - Keys 'DELETE + ' sent to object: 'Object Repository/Objects.HighlightElements/input_field_index'

2020-06-05 21:08:56 - [MESSAGE][PASSED] - Call Test Case 'Test Cases/Components/SelectAllThenDeleteXPI' successfully

2020-06-05 21:08:56 - [TEST_STEP][PASSED] - callTestCase(findTestCase("PFI Precision and Scale/PFI Components with Indexing/VerifyDropdownValuesXPI"), ["FldNm":"complaintOfficer", "index":1, "CallTCName":"PFI Precision and Scale/HashMap Tables/OfficerLists", "cmbNm":"", "NoOfVal":1, ... ], STOP_ON_FAILURE): Call Test Case 'Test Cases/PFI Precision and Scale/PFI Components with Indexing/VerifyDropdownValuesXPI' successfully

2020-06-05 21:08:56 - [TEST_CASE][PASSED] - Test Cases/PFI Precision and Scale/PFI Components with Indexing/VerifyDropdownValuesXPI: Test Cases/PFI Precision and Scale/PFI Components with Indexing/VerifyDropdownValuesXPI

2020-06-05 21:08:56 - [TEST_STEP][PASSED] - Thread.sleep(1000): null

2020-06-05 21:08:57 - [TEST_STEP][PASSED] - NewInputNmField = modifyObjectProperty(findTestObject("Object Repository/Objects.HighlightElements/input_field_index"), "xpath", "equals", "(//*[contains(@name, '" + FldNm + "')])[" + index + "]", true): Modify property of object successfully

2020-06-05 21:08:57 - [MESSAGE][PASSED] - Modify property of object successfully

2020-06-05 21:08:57 - [TEST_STEP][PASSED] - comboNm = cmbNm: null

2020-06-05 21:08:57 - [TEST_STEP][PASSED] - focus(NewInputNmField): Object: 'Object Repository/Objects.HighlightElements/input_field_index' is focused

2020-06-05 21:08:57 - [MESSAGE][PASSED] - Object: 'Object Repository/Objects.HighlightElements/input_field_index' is focused

2020-06-05 21:08:57 - [TEST_STEP][PASSED] - setText(NewInputNmField, EnterValue): Text 'AARON' is set on object 'Object Repository/Objects.HighlightElements/input_field_index'

2020-06-05 21:08:57 - [MESSAGE][PASSED] - Text 'AARON' is set on object 'Object Repository/Objects.HighlightElements/input_field_index'

2020-06-05 21:08:57 - [TEST_STEP][PASSED] - for ([i = 1, i <= NoOfVal, (i++)]): Keys 'DOWN + ' sent to object: 'Object Repository/Objects.HighlightElements/input_field_index'

2020-06-05 21:08:57 - [TEST_STEP][PASSED] - sendKeys(NewInputNmField, Keys.chord(ARROW_DOWN)): Keys 'DOWN + ' sent to object: 'Object Repository/Objects.HighlightElements/input_field_index'

2020-06-05 21:08:57 - [MESSAGE][PASSED] - Keys 'DOWN + ' sent to object: 'Object Repository/Objects.HighlightElements/input_field_index'

2020-06-05 21:08:57 - [TEST_STEP][PASSED] - delay(DelayTime): Delayed 2 second(s)

2020-06-05 21:08:59 - [MESSAGE][PASSED] - Delayed 2 second(s)

2020-06-05 21:08:59 - [TEST_STEP][PASSED] - sendKeys(NewInputNmField, Keys.chord(ENTER)): Keys 'ENTER + ' sent to object: 'Object Repository/Objects.HighlightElements/input_field_index'

2020-06-05 21:09:03 - [MESSAGE][PASSED] - Keys 'ENTER + ' sent to object: 'Object Repository/Objects.HighlightElements/input_field_index'

2020-06-05 21:09:03 - [TEST_STEP][PASSED] - ComboBoxValue = getAttribute(NewInputNmField, "value"): Attribute 'value' of object 'Object Repository/Objects.HighlightElements/input_field_index' is: 'Aaron Sham Wai Lun (AARON)'

2020-06-05 21:09:07 - [MESSAGE][PASSED] - Attribute 'value' of object 'Object Repository/Objects.HighlightElements/input_field_index' is: 'Aaron Sham Wai Lun (AARON)'

2020-06-05 21:09:07 - [TEST_STEP][PASSED] - callTestCase(findTestCase(CallTCName), ["FindValue":ComboBoxValue, "DropdownNm":comboNm], STOP_ON_FAILURE): Call Test Case 'Test Cases/PFI Precision and Scale/HashMap Tables/OfficerLists' successfully

2020-06-05 21:09:15 - [TEST_CASE][PASSED] - Test Cases/PFI Precision and Scale/HashMap Tables/OfficerLists: Test Cases/PFI Precision and Scale/HashMap Tables/OfficerLists

2020-06-05 21:09:20 - [TEST_STEP][PASSED] - Thread.sleep(1000): null

2020-06-05 21:09:21 - [TEST_STEP][PASSED] - OfficerLists = [1:"Aaron Sham Wai Lun (AARON)", 2:"Azidah Bte Akmad (Mdm) (USAABD)", 3:"Chung Fong Nyen (USACFN)", 4:"David Tey Dah Wei (DAHWEI)", ... ]: null

2020-06-05 21:09:21 - [TEST_STEP][PASSED] - ValueFound = OfficerLists.find({ -> ... }): null

2020-06-05 21:09:21 - [MESSAGE][PASSED] - Call Test Case 'Test Cases/PFI Precision and Scale/HashMap Tables/OfficerLists' successfully

2020-06-05 21:09:21 - [TEST_STEP][PASSED] - println(ValueFound): null

2020-06-05 21:09:21 - [TEST_STEP][PASSED] - sendKeys(NewInputNmField, Keys.chord(ARROW_DOWN)): Keys 'DOWN + ' sent to object: 'Object Repository/Objects.HighlightElements/input_field_index'

2020-06-05 21:09:25 - [MESSAGE][PASSED] - Keys 'DOWN + ' sent to object: 'Object Repository/Objects.HighlightElements/input_field_index'

2020-06-05 21:09:25 - [TEST_STEP][PASSED] - sendKeys(NewInputNmField, Keys.chord(ENTER)): Keys 'ENTER + ' sent to object: 'Object Repository/Objects.HighlightElements/input_field_index'

2020-06-05 21:09:28 - [MESSAGE][PASSED] - Keys 'ENTER + ' sent to object: 'Object Repository/Objects.HighlightElements/input_field_index'

2020-06-05 21:09:28 - [MESSAGE][PASSED] - Call Test Case 'Test Cases/PFI Precision and Scale/PFI Components with Indexing/VerifyDropdownValuesXPI' successfully

2020-06-05 21:09:28 - [TEST_STEP][PASSED] - callTestCase(findTestCase("Components/SelectAllThenDeleteXPI"), ["nameToBeUsed":"complaintOfficer", "index":1], STOP_ON_FAILURE): Call Test Case 'Test Cases/Components/SelectAllThenDeleteXPI' successfully

2020-06-05 21:09:37 - [TEST_CASE][PASSED] - Test Cases/Components/SelectAllThenDeleteXPI: Test Cases/Components/SelectAllThenDeleteXPI

2020-06-05 21:09:44 - [TEST_STEP][PASSED] - Thread.sleep(1000): null

2020-06-05 21:09:45 - [TEST_STEP][PASSED] - modifiedObj = modifyObjectProperty(findTestObject("Object Repository/Objects.HighlightElements/input_field_index"), "xpath", "equals", "(//*[contains(@name,'" + nameToBeUsed + "')])[" + index + "]", true): Modify property of object successfully

2020-06-05 21:10:10 - [MESSAGE][PASSED] - Modify property of object successfully

2020-06-05 21:10:10 - [TEST_STEP][PASSED] - focus(modifiedObj): Object: 'Object Repository/Objects.HighlightElements/input_field_index' is focused

2020-06-05 21:10:10 - [MESSAGE][PASSED] - Object: 'Object Repository/Objects.HighlightElements/input_field_index' is focused

2020-06-05 21:10:10 - [TEST_STEP][PASSED] - sendKeys(modifiedObj, Keys.chord(CONTROL, "a")): Keys 'CONTROL + a' sent to object: 'Object Repository/Objects.HighlightElements/input_field_index'

2020-06-05 21:10:10 - [MESSAGE][PASSED] - Keys 'CONTROL + a' sent to object: 'Object Repository/Objects.HighlightElements/input_field_index'

2020-06-05 21:10:10 - [TEST_STEP][PASSED] - sendKeys(modifiedObj, Keys.chord(DELETE)): Keys 'DELETE + ' sent to object: 'Object Repository/Objects.HighlightElements/input_field_index'

2020-06-05 21:10:10 - [MESSAGE][PASSED] - Keys 'DELETE + ' sent to object: 'Object Repository/Objects.HighlightElements/input_field_index'

2020-06-05 21:10:10 - [MESSAGE][PASSED] - Call Test Case 'Test Cases/Components/SelectAllThenDeleteXPI' successfully

2020-06-05 21:10:10 - [TEST_STEP][PASSED] - callTestCase(findTestCase("PFI Precision and Scale/PFI Components with Indexing/VerifyDropdownValuesXPI"), ["FldNm":"complaintOfficer", "index":1, "CallTCName":"PFI Precision and Scale/HashMap Tables/OfficerLists", "cmbNm":"", "NoOfVal":1, ... ], STOP_ON_FAILURE): Call Test Case 'Test Cases/PFI Precision and Scale/PFI Components with Indexing/VerifyDropdownValuesXPI' successfully

2020-06-05 21:10:10 - [TEST_CASE][PASSED] - Test Cases/PFI Precision and Scale/PFI Components with Indexing/VerifyDropdownValuesXPI: Test Cases/PFI Precision and Scale/PFI Components with Indexing/VerifyDropdownValuesXPI

2020-06-05 21:10:10 - [TEST_STEP][PASSED] - Thread.sleep(1000): null

2020-06-05 21:10:11 - [TEST_STEP][PASSED] - NewInputNmField = modifyObjectProperty(findTestObject("Object Repository/Objects.HighlightElements/input_field_index"), "xpath", "equals", "(//*[contains(@name, '" + FldNm + "')])[" + index + "]", true): Modify property of object successfully

2020-06-05 21:10:11 - [MESSAGE][PASSED] - Modify property of object successfully

2020-06-05 21:10:11 - [TEST_STEP][PASSED] - comboNm = cmbNm: null

2020-06-05 21:10:11 - [TEST_STEP][PASSED] - focus(NewInputNmField): Object: 'Object Repository/Objects.HighlightElements/input_field_index' is focused

2020-06-05 21:10:11 - [MESSAGE][PASSED] - Object: 'Object Repository/Objects.HighlightElements/input_field_index' is focused

2020-06-05 21:10:11 - [TEST_STEP][PASSED] - setText(NewInputNmField, EnterValue): Text 'Christopher ANG' is set on object 'Object Repository/Objects.HighlightElements/input_field_index'

2020-06-05 21:10:11 - [MESSAGE][PASSED] - Text 'Christopher ANG' is set on object 'Object Repository/Objects.HighlightElements/input_field_index'

2020-06-05 21:10:11 - [TEST_STEP][PASSED] - for ([i = 1, i <= NoOfVal, (i++)]): Keys 'DOWN + ' sent to object: 'Object Repository/Objects.HighlightElements/input_field_index'

2020-06-05 21:10:11 - [TEST_STEP][PASSED] - sendKeys(NewInputNmField, Keys.chord(ARROW_DOWN)): Keys 'DOWN + ' sent to object: 'Object Repository/Objects.HighlightElements/input_field_index'

2020-06-05 21:10:11 - [MESSAGE][PASSED] - Keys 'DOWN + ' sent to object: 'Object Repository/Objects.HighlightElements/input_field_index'

2020-06-05 21:10:11 - [TEST_STEP][PASSED] - delay(DelayTime): Delayed 2 second(s)

2020-06-05 21:10:13 - [MESSAGE][PASSED] - Delayed 2 second(s)

2020-06-05 21:10:13 - [TEST_STEP][PASSED] - sendKeys(NewInputNmField, Keys.chord(ENTER)): Keys 'ENTER + ' sent to object: 'Object Repository/Objects.HighlightElements/input_field_index'

2020-06-05 21:10:13 - [MESSAGE][PASSED] - Keys 'ENTER + ' sent to object: 'Object Repository/Objects.HighlightElements/input_field_index'

2020-06-05 21:10:13 - [TEST_STEP][PASSED] - ComboBoxValue = getAttribute(NewInputNmField, "value"): Attribute 'value' of object 'Object Repository/Objects.HighlightElements/input_field_index' is: 'Christopher ANG'

2020-06-05 21:10:13 - [MESSAGE][PASSED] - Attribute 'value' of object 'Object Repository/Objects.HighlightElements/input_field_index' is: 'Christopher ANG'

2020-06-05 21:10:13 - [TEST_STEP][PASSED] - callTestCase(findTestCase(CallTCName), ["FindValue":ComboBoxValue, "DropdownNm":comboNm], STOP_ON_FAILURE): Call Test Case 'Test Cases/PFI Precision and Scale/HashMap Tables/OfficerLists' successfully

2020-06-05 21:10:13 - [TEST_CASE][PASSED] - Test Cases/PFI Precision and Scale/HashMap Tables/OfficerLists: Test Cases/PFI Precision and Scale/HashMap Tables/OfficerLists

2020-06-05 21:10:13 - [TEST_STEP][PASSED] - Thread.sleep(1000): null

2020-06-05 21:10:14 - [TEST_STEP][PASSED] - OfficerLists = [1:"Aaron Sham Wai Lun (AARON)", 2:"Azidah Bte Akmad (Mdm) (USAABD)", 3:"Chung Fong Nyen (USACFN)", 4:"David Tey Dah Wei (DAHWEI)", ... ]: null

2020-06-05 21:10:14 - [TEST_STEP][PASSED] - ValueFound = OfficerLists.find({ -> ... }): null

2020-06-05 21:10:14 - [MESSAGE][PASSED] - Call Test Case 'Test Cases/PFI Precision and Scale/HashMap Tables/OfficerLists' successfully

2020-06-05 21:10:14 - [TEST_STEP][PASSED] - println(ValueFound): null

2020-06-05 21:10:14 - [TEST_STEP][PASSED] - sendKeys(NewInputNmField, Keys.chord(ARROW_DOWN)): Keys 'DOWN + ' sent to object: 'Object Repository/Objects.HighlightElements/input_field_index'

2020-06-05 21:10:15 - [MESSAGE][PASSED] - Keys 'DOWN + ' sent to object: 'Object Repository/Objects.HighlightElements/input_field_index'

2020-06-05 21:10:15 - [TEST_STEP][PASSED] - sendKeys(NewInputNmField, Keys.chord(ENTER)): Keys 'ENTER + ' sent to object: 'Object Repository/Objects.HighlightElements/input_field_index'

2020-06-05 21:10:15 - [MESSAGE][PASSED] - Keys 'ENTER + ' sent to object: 'Object Repository/Objects.HighlightElements/input_field_index'

2020-06-05 21:10:15 - [MESSAGE][PASSED] - Call Test Case 'Test Cases/PFI Precision and Scale/PFI Components with Indexing/VerifyDropdownValuesXPI' successfully

2020-06-05 21:10:15 - [TEST_STEP][PASSED] - callTestCase(findTestCase("Components/SelectAllThenDeleteXPI"), ["nameToBeUsed":"complaintOfficer", "index":1], STOP_ON_FAILURE): Call Test Case 'Test Cases/Components/SelectAllThenDeleteXPI' successfully

2020-06-05 21:10:15 - [TEST_CASE][PASSED] - Test Cases/Components/SelectAllThenDeleteXPI: Test Cases/Components/SelectAllThenDeleteXPI

2020-06-05 21:10:15 - [TEST_STEP][PASSED] - Thread.sleep(1000): null

2020-06-05 21:10:16 - [TEST_STEP][PASSED] - modifiedObj = modifyObjectProperty(findTestObject("Object Repository/Objects.HighlightElements/input_field_index"), "xpath", "equals", "(//*[contains(@name,'" + nameToBeUsed + "')])[" + index + "]", true): Modify property of object successfully

2020-06-05 21:10:16 - [MESSAGE][PASSED] - Modify property of object successfully

2020-06-05 21:10:16 - [TEST_STEP][PASSED] - focus(modifiedObj): Object: 'Object Repository/Objects.HighlightElements/input_field_index' is focused

2020-06-05 21:10:16 - [MESSAGE][PASSED] - Object: 'Object Repository/Objects.HighlightElements/input_field_index' is focused

2020-06-05 21:10:16 - [TEST_STEP][PASSED] - sendKeys(modifiedObj, Keys.chord(CONTROL, "a")): Keys 'CONTROL + a' sent to object: 'Object Repository/Objects.HighlightElements/input_field_index'

2020-06-05 21:10:16 - [MESSAGE][PASSED] - Keys 'CONTROL + a' sent to object: 'Object Repository/Objects.HighlightElements/input_field_index'

2020-06-05 21:10:16 - [TEST_STEP][PASSED] - sendKeys(modifiedObj, Keys.chord(DELETE)): Keys 'DELETE + ' sent to object: 'Object Repository/Objects.HighlightElements/input_field_index'

2020-06-05 21:10:16 - [MESSAGE][PASSED] - Keys 'DELETE + ' sent to object: 'Object Repository/Objects.HighlightElements/input_field_index'

2020-06-05 21:10:16 - [MESSAGE][PASSED] - Call Test Case 'Test Cases/Components/SelectAllThenDeleteXPI' successfully

2020-06-05 21:10:16 - [TEST_STEP][PASSED] - callTestCase(findTestCase("Components/SelectAllThenDeleteXPI"), ["nameToBeUsed":"complaintOfficer", "index":1], STOP_ON_FAILURE): Call Test Case 'Test Cases/Components/SelectAllThenDeleteXPI' successfully

2020-06-05 21:10:16 - [TEST_CASE][PASSED] - Test Cases/Components/SelectAllThenDeleteXPI: Test Cases/Components/SelectAllThenDeleteXPI

2020-06-05 21:10:16 - [TEST_STEP][PASSED] - Thread.sleep(1000): null

2020-06-05 21:10:17 - [TEST_STEP][PASSED] - modifiedObj = modifyObjectProperty(findTestObject("Object Repository/Objects.HighlightElements/input_field_index"), "xpath", "equals", "(//*[contains(@name,'" + nameToBeUsed + "')])[" + index + "]", true): Modify property of object successfully

2020-06-05 21:10:17 - [MESSAGE][PASSED] - Modify property of object successfully

2020-06-05 21:10:17 - [TEST_STEP][PASSED] - focus(modifiedObj): Object: 'Object Repository/Objects.HighlightElements/input_field_index' is focused

2020-06-05 21:10:17 - [MESSAGE][PASSED] - Object: 'Object Repository/Objects.HighlightElements/input_field_index' is focused

2020-06-05 21:10:17 - [TEST_STEP][PASSED] - sendKeys(modifiedObj, Keys.chord(CONTROL, "a")): Keys 'CONTROL + a' sent to object: 'Object Repository/Objects.HighlightElements/input_field_index'

2020-06-05 21:10:17 - [MESSAGE][PASSED] - Keys 'CONTROL + a' sent to object: 'Object Repository/Objects.HighlightElements/input_field_index'

2020-06-05 21:10:17 - [TEST_STEP][PASSED] - sendKeys(modifiedObj, Keys.chord(DELETE)): Keys 'DELETE + ' sent to object: 'Object Repository/Objects.HighlightElements/input_field_index'

2020-06-05 21:10:17 - [MESSAGE][PASSED] - Keys 'DELETE + ' sent to object: 'Object Repository/Objects.HighlightElements/input_field_index'

2020-06-05 21:10:17 - [MESSAGE][PASSED] - Call Test Case 'Test Cases/Components/SelectAllThenDeleteXPI' successfully

2020-06-05 21:10:17 - [TEST_STEP][PASSED] - callTestCase(findTestCase("PFI Precision and Scale/PFI Components with Indexing/RequiredFieldValidationXPI"), ["nameToBeUsed":"complaintOfficer", "index":1], STOP_ON_FAILURE): Call Test Case 'Test Cases/PFI Precision and Scale/PFI Components with Indexing/RequiredFieldValidationXPI' successfully

2020-06-05 21:10:17 - [TEST_CASE][PASSED] - Test Cases/PFI Precision and Scale/PFI Components with Indexing/RequiredFieldValidationXPI: Test Cases/PFI Precision and Scale/PFI Components with Indexing/RequiredFieldValidationXPI

2020-06-05 21:10:17 - [TEST_STEP][PASSED] - enableSmartWait(): null

2020-06-05 21:10:17 - [TEST_STEP][PASSED] - NewInputNmField = modifyObjectProperty(findTestObject("Objects.HighlightElements/input_field_index"), "xpath", "equals", "(//*[contains(@name,'" + nameToBeUsed + "')])[" + index + "]", true): Modify property of object successfully

2020-06-05 21:10:17 - [MESSAGE][PASSED] - Modify property of object successfully

2020-06-05 21:10:17 - [TEST_STEP][PASSED] - mouseOver(NewInputNmField): Object: 'Object Repository/Objects.HighlightElements/input_field_index' is hovered

2020-06-05 21:10:17 - [MESSAGE][PASSED] - Object: 'Object Repository/Objects.HighlightElements/input_field_index' is hovered

2020-06-05 21:10:17 - [TEST_STEP][PASSED] - getRqErrMsg = getAttribute(NewInputNmField, "data-errorqtip"): Attribute 'data-errorqtip' of object 'Object Repository/Objects.HighlightElements/input_field_index' is: '<ul class="x-list-plain"><li>This field is required</li></ul>'

2020-06-05 21:10:17 - [MESSAGE][PASSED] - Attribute 'data-errorqtip' of object 'Object Repository/Objects.HighlightElements/input_field_index' is: '<ul class="x-list-plain"><li>This field is required</li></ul>'

2020-06-05 21:10:17 - [TEST_STEP][PASSED] - strToolTip = getRqErrMsg.substring(29, 61): null

2020-06-05 21:10:17 - [TEST_STEP][PASSED] - toolTipReqErrMsg = strToolTip.substring(0, 22): null

2020-06-05 21:10:17 - [TEST_STEP][PASSED] - verifyMatch(toolTipReqErrMsg, RqField, true): Actual text 'This field is required' and expected text 'This field is required' are matched  using regular expression

2020-06-05 21:10:17 - [MESSAGE][PASSED] - Actual text 'This field is required' and expected text 'This field is required' are matched  using regular expression

2020-06-05 21:10:17 - [MESSAGE][PASSED] - Call Test Case 'Test Cases/PFI Precision and Scale/PFI Components with Indexing/RequiredFieldValidationXPI' successfully

2020-06-05 21:10:17 - [TEST_STEP][PASSED] - callTestCase(findTestCase("Components/HighlightLabelFieldXPI"), ["LblName":"Case/Group Description", "index":1], STOP_ON_FAILURE): Call Test Case 'Test Cases/Components/HighlightLabelFieldXPI' successfully

2020-06-05 21:10:17 - [TEST_CASE][PASSED] - Test Cases/Components/HighlightLabelFieldXPI: Test Cases/Components/HighlightLabelFieldXPI

2020-06-05 21:10:17 - [TEST_STEP][PASSED] - Thread.sleep(1000): null

2020-06-05 21:10:18 - [TEST_STEP][PASSED] - modifiedLblNm = modifyObjectProperty(findTestObject("Object Repository/Objects.HighlightElements/lblField_index"), "xpath", "equals", "(//*[contains(@class, 'x-form-item-label-inner x-form-item-label-inner-default') and contains(., '" + LblName + "')])[" + index + "]", true): Modify property of object successfully

2020-06-05 21:10:18 - [MESSAGE][PASSED] - Modify property of object successfully

2020-06-05 21:10:18 - [TEST_STEP][PASSED] - com.reusableComponents.HighlightElement.run(modifiedLblNm): com.reusableComponents.HighlightElement.run is PASSED

2020-06-05 21:10:19 - [MESSAGE][PASSED] - com.reusableComponents.HighlightElement.run is PASSED

2020-06-05 21:10:19 - [MESSAGE][PASSED] - Call Test Case 'Test Cases/Components/HighlightLabelFieldXPI' successfully

2020-06-05 21:10:19 - [TEST_STEP][PASSED] - callTestCase(findTestCase("Components/HighlightInputFieldXPI"), ["FldNm":"caseGrpDesc", "index":1], STOP_ON_FAILURE): Call Test Case 'Test Cases/Components/HighlightInputFieldXPI' successfully

2020-06-05 21:10:19 - [TEST_CASE][PASSED] - Test Cases/Components/HighlightInputFieldXPI: Test Cases/Components/HighlightInputFieldXPI

2020-06-05 21:10:19 - [TEST_STEP][PASSED] - Thread.sleep(1000): null

2020-06-05 21:10:20 - [TEST_STEP][PASSED] - modifiedInputNm = modifyObjectProperty(findTestObject("Object Repository/Objects.HighlightElements/input_field_index"), "xpath", "equals", "(//*[contains(@name, '" + FldNm + "')])[" + index + "]", true): Modify property of object successfully

2020-06-05 21:10:20 - [MESSAGE][PASSED] - Modify property of object successfully

2020-06-05 21:10:20 - [TEST_STEP][PASSED] - com.reusableComponents.HighlightElement.run(modifiedInputNm): com.reusableComponents.HighlightElement.run is PASSED

2020-06-05 21:10:20 - [MESSAGE][PASSED] - com.reusableComponents.HighlightElement.run is PASSED

2020-06-05 21:10:20 - [MESSAGE][PASSED] - Call Test Case 'Test Cases/Components/HighlightInputFieldXPI' successfully

2020-06-05 21:10:20 - [TEST_STEP][PASSED] - callTestCase(findTestCase("PFI Precision and Scale/PFI Components with Indexing/VerifyDefaultValueIndex"), ["FieldNm":"caseGrpDesc", "index":1, "labelNm":"Group Description:", "i":1], STOP_ON_FAILURE): Call Test Case 'Test Cases/PFI Precision and Scale/PFI Components with Indexing/VerifyDefaultValueIndex' successfully

2020-06-05 21:10:20 - [TEST_CASE][PASSED] - Test Cases/PFI Precision and Scale/PFI Components with Indexing/VerifyDefaultValueIndex: Test Cases/PFI Precision and Scale/PFI Components with Indexing/VerifyDefaultValueIndex

2020-06-05 21:10:20 - [TEST_STEP][PASSED] - Thread.sleep(1000): null

2020-06-05 21:10:21 - [TEST_STEP][PASSED] - DefaultValueHM = ["periodType":"Working Day(s)", "noOfDays":"14", "inspWeight":"1", "inspModule":"PSI", "inspCaseType":"PSI Processing (SM)"]: null

2020-06-05 21:10:21 - [TEST_STEP][PASSED] - NewFieldNm = modifyObjectProperty(findTestObject("Object Repository/Objects.HighlightElements/input_field_index"), "xpath", "equals", "(//*[contains(@name,'" + FieldNm + "')])[" + index + "]", true): Modify property of object successfully

2020-06-05 21:10:22 - [MESSAGE][PASSED] - Modify property of object successfully

2020-06-05 21:10:22 - [TEST_STEP][PASSED] - focus(NewFieldNm): Object: 'Object Repository/Objects.HighlightElements/input_field_index' is focused

2020-06-05 21:10:22 - [MESSAGE][PASSED] - Object: 'Object Repository/Objects.HighlightElements/input_field_index' is focused

2020-06-05 21:10:22 - [TEST_STEP][PASSED] - DefVal = getAttribute(NewFieldNm, "value", STOP_ON_FAILURE): Attribute 'value' of object 'Object Repository/Objects.HighlightElements/input_field_index' is: '209 TO 214 ANG MO KIO AVENUE 3'

2020-06-05 21:10:22 - [MESSAGE][PASSED] - Attribute 'value' of object 'Object Repository/Objects.HighlightElements/input_field_index' is: '209 TO 214 ANG MO KIO AVENUE 3'

2020-06-05 21:10:22 - [TEST_STEP][PASSED] - switch (FieldNm): null

2020-06-05 21:10:22 - [TEST_STEP][PASSED] - case "caseGrpDesc":: null

2020-06-05 21:10:22 - [TEST_STEP][PASSED] - callTestCase(findTestCase("Components/NavigateToAnyLHS"), ["LHS":"Summary"], STOP_ON_FAILURE): Call Test Case 'Test Cases/Components/NavigateToAnyLHS' successfully

2020-06-05 21:10:22 - [TEST_CASE][PASSED] - Test Cases/Components/NavigateToAnyLHS: Test Cases/Components/NavigateToAnyLHS

2020-06-05 21:10:22 - [TEST_STEP][PASSED] - Thread.sleep(1000): null

2020-06-05 21:10:23 - [TEST_STEP][PASSED] - modifiedLHS = modifyObjectProperty(findTestObject("Objects.NavigateToAnyLHS/Page_ISPS2/LHSToModify"), "text", "equals", LHS, true): Modify property of object successfully

2020-06-05 21:10:23 - [MESSAGE][PASSED] - Modify property of object successfully

2020-06-05 21:10:23 - [TEST_STEP][PASSED] - click(modifiedLHS): Object: 'Object Repository/Objects.NavigateToAnyLHS/Page_ISPS2/LHSToModify' is clicked on

2020-06-05 21:10:23 - [MESSAGE][PASSED] - Object: 'Object Repository/Objects.NavigateToAnyLHS/Page_ISPS2/LHSToModify' is clicked on

2020-06-05 21:10:23 - [TEST_STEP][PASSED] - currentLHS = getText(modifiedLHS): Text of object 'Object Repository/Objects.NavigateToAnyLHS/Page_ISPS2/LHSToModify' is: 'Summary'

2020-06-05 21:10:23 - [MESSAGE][PASSED] - Text of object 'Object Repository/Objects.NavigateToAnyLHS/Page_ISPS2/LHSToModify' is: 'Summary'

2020-06-05 21:10:23 - [TEST_STEP][PASSED] - Thread.sleep(5000): null

2020-06-05 21:10:28 - [MESSAGE][PASSED] - Call Test Case 'Test Cases/Components/NavigateToAnyLHS' successfully

2020-06-05 21:10:28 - [TEST_STEP][PASSED] - modifiedLabelFld = modifyObjectProperty(NewFieldNm, "xpath", "equals", "//*[text()='" + labelNm + "']//following::div[" + i + "]", true): Modify property of object successfully

2020-06-05 21:10:28 - [MESSAGE][PASSED] - Modify property of object successfully

2020-06-05 21:10:28 - [TEST_STEP][PASSED] - GrpDesc = getText(modifiedLabelFld): Text of object 'Object Repository/Objects.HighlightElements/input_field_index' is: '209 TO 214 ANG MO KIO AVENUE 3'

2020-06-05 21:10:28 - [MESSAGE][PASSED] - Text of object 'Object Repository/Objects.HighlightElements/input_field_index' is: '209 TO 214 ANG MO KIO AVENUE 3'

2020-06-05 21:10:28 - [TEST_STEP][PASSED] - com.reusableComponents.HighlightElement.run(modifiedLabelFld): com.reusableComponents.HighlightElement.run is PASSED

2020-06-05 21:10:29 - [MESSAGE][PASSED] - com.reusableComponents.HighlightElement.run is PASSED

2020-06-05 21:10:29 - [TEST_STEP][PASSED] - verifyMatch(DefVal, GrpDesc, true): Actual text '209 TO 214 ANG MO KIO AVENUE 3' and expected text '209 TO 214 ANG MO KIO AVENUE 3' are matched  using regular expression

2020-06-05 21:10:29 - [MESSAGE][PASSED] - Actual text '209 TO 214 ANG MO KIO AVENUE 3' and expected text '209 TO 214 ANG MO KIO AVENUE 3' are matched  using regular expression

2020-06-05 21:10:29 - [TEST_STEP][PASSED] - callTestCase(findTestCase("Components/NavigateToAnyLHS"), ["LHS":"Court Actions"], STOP_ON_FAILURE): Call Test Case 'Test Cases/Components/NavigateToAnyLHS' successfully

2020-06-05 21:10:29 - [TEST_CASE][PASSED] - Test Cases/Components/NavigateToAnyLHS: Test Cases/Components/NavigateToAnyLHS

2020-06-05 21:10:29 - [TEST_STEP][PASSED] - Thread.sleep(1000): null

2020-06-05 21:10:30 - [TEST_STEP][PASSED] - modifiedLHS = modifyObjectProperty(findTestObject("Objects.NavigateToAnyLHS/Page_ISPS2/LHSToModify"), "text", "equals", LHS, true): Modify property of object successfully

2020-06-05 21:10:30 - [MESSAGE][PASSED] - Modify property of object successfully

2020-06-05 21:10:30 - [TEST_STEP][PASSED] - click(modifiedLHS): Object: 'Object Repository/Objects.NavigateToAnyLHS/Page_ISPS2/LHSToModify' is clicked on

2020-06-05 21:10:30 - [MESSAGE][PASSED] - Object: 'Object Repository/Objects.NavigateToAnyLHS/Page_ISPS2/LHSToModify' is clicked on

2020-06-05 21:10:30 - [TEST_STEP][PASSED] - currentLHS = getText(modifiedLHS): Text of object 'Object Repository/Objects.NavigateToAnyLHS/Page_ISPS2/LHSToModify' is: 'Court Actions'

2020-06-05 21:10:30 - [MESSAGE][PASSED] - Text of object 'Object Repository/Objects.NavigateToAnyLHS/Page_ISPS2/LHSToModify' is: 'Court Actions'

2020-06-05 21:10:30 - [TEST_STEP][PASSED] - Thread.sleep(5000): null

2020-06-05 21:10:35 - [MESSAGE][PASSED] - Call Test Case 'Test Cases/Components/NavigateToAnyLHS' successfully

2020-06-05 21:10:35 - [TEST_STEP][PASSED] - break: null

2020-06-05 21:10:35 - [MESSAGE][PASSED] - Call Test Case 'Test Cases/PFI Precision and Scale/PFI Components with Indexing/VerifyDefaultValueIndex' successfully

2020-06-05 21:10:35 - [TEST_STEP][PASSED] - callTestCase(findTestCase("Components/SelectAllThenDeleteXPI"), ["nameToBeUsed":"caseGrpDesc", "index":1], STOP_ON_FAILURE): Call Test Case 'Test Cases/Components/SelectAllThenDeleteXPI' successfully

2020-06-05 21:10:35 - [TEST_CASE][PASSED] - Test Cases/Components/SelectAllThenDeleteXPI: Test Cases/Components/SelectAllThenDeleteXPI

2020-06-05 21:10:35 - [TEST_STEP][PASSED] - Thread.sleep(1000): null

2020-06-05 21:10:36 - [TEST_STEP][PASSED] - modifiedObj = modifyObjectProperty(findTestObject("Object Repository/Objects.HighlightElements/input_field_index"), "xpath", "equals", "(//*[contains(@name,'" + nameToBeUsed + "')])[" + index + "]", true): Modify property of object successfully

2020-06-05 21:10:36 - [MESSAGE][PASSED] - Modify property of object successfully

2020-06-05 21:10:36 - [TEST_STEP][PASSED] - focus(modifiedObj): Object: 'Object Repository/Objects.HighlightElements/input_field_index' is focused

2020-06-05 21:10:36 - [MESSAGE][PASSED] - Object: 'Object Repository/Objects.HighlightElements/input_field_index' is focused

2020-06-05 21:10:36 - [TEST_STEP][PASSED] - sendKeys(modifiedObj, Keys.chord(CONTROL, "a")): Keys 'CONTROL + a' sent to object: 'Object Repository/Objects.HighlightElements/input_field_index'

2020-06-05 21:10:36 - [MESSAGE][PASSED] - Keys 'CONTROL + a' sent to object: 'Object Repository/Objects.HighlightElements/input_field_index'

2020-06-05 21:10:36 - [TEST_STEP][PASSED] - sendKeys(modifiedObj, Keys.chord(DELETE)): Keys 'DELETE + ' sent to object: 'Object Repository/Objects.HighlightElements/input_field_index'

2020-06-05 21:10:36 - [MESSAGE][PASSED] - Keys 'DELETE + ' sent to object: 'Object Repository/Objects.HighlightElements/input_field_index'

2020-06-05 21:10:36 - [MESSAGE][PASSED] - Call Test Case 'Test Cases/Components/SelectAllThenDeleteXPI' successfully

2020-06-05 21:10:36 - [TEST_STEP][PASSED] - callTestCase(findTestCase("PFI Precision and Scale/PFI Components with Indexing/AlphaNumericSpecialValidationIndex"), ["FldNm":"caseGrpDesc", "LenChar":10, "index":1], STOP_ON_FAILURE): Call Test Case 'Test Cases/PFI Precision and Scale/PFI Components with Indexing/AlphaNumericSpecialValidationIndex' successfully

2020-06-05 21:10:37 - [TEST_CASE][PASSED] - Test Cases/PFI Precision and Scale/PFI Components with Indexing/AlphaNumericSpecialValidationIndex: Test Cases/PFI Precision and Scale/PFI Components with Indexing/AlphaNumericSpecialValidationIndex

2020-06-05 21:10:37 - [TEST_STEP][PASSED] - charset = /?><"".join(): null

2020-06-05 21:10:37 - [TEST_STEP][PASSED] - AlphaNumeric = 9).join(): null

2020-06-05 21:10:37 - [TEST_STEP][PASSED] - SpecialChar = "`~!@#$%^&*()-=+_{}|\][;'":,./?><"": null

2020-06-05 21:10:37 - [TEST_STEP][PASSED] - RandomString = RandomStringUtils.random(LenChar, AlphaNumeric.toCharArray()): null

2020-06-05 21:10:37 - [TEST_STEP][PASSED] - RdmSpChar = RandomStringUtils.random(LenChar, SpecialChar): null

2020-06-05 21:10:37 - [TEST_STEP][PASSED] - regexPat = Pattern.compile("^[A-Za-z0-9 ]+$"): null

2020-06-05 21:10:37 - [TEST_STEP][PASSED] - NewInputNmField = modifyObjectProperty(findTestObject("Object Repository/Objects.HighlightElements/input_field_index"), "xpath", "equals", "(//*[contains(@class,'x-form-text') and (@name='" + FldNm + "')])[" + index + "]", true): Modify property of object successfully

2020-06-05 21:10:37 - [MESSAGE][PASSED] - Modify property of object successfully

2020-06-05 21:10:37 - [TEST_STEP][PASSED] - setText(NewInputNmField, RandomString): Text 'JYLqw5TWhv' is set on object 'Object Repository/Objects.HighlightElements/input_field_index'

2020-06-05 21:10:37 - [MESSAGE][PASSED] - Text 'JYLqw5TWhv' is set on object 'Object Repository/Objects.HighlightElements/input_field_index'

2020-06-05 21:10:37 - [TEST_STEP][PASSED] - RemarksAN = getAttribute(NewInputNmField, "value"): Attribute 'value' of object 'Object Repository/Objects.HighlightElements/input_field_index' is: 'JYLqw5TWhv'

2020-06-05 21:10:37 - [MESSAGE][PASSED] - Attribute 'value' of object 'Object Repository/Objects.HighlightElements/input_field_index' is: 'JYLqw5TWhv'

2020-06-05 21:10:37 - [TEST_STEP][PASSED] - matchStr = regexPat.matcher(RemarksAN): null

2020-06-05 21:10:37 - [TEST_STEP][PASSED] - if (matchStr.matches() == true): Accepting Alphanumeric

2020-06-05 21:10:37 - [TEST_STEP][PASSED] - comment("Accepting Alphanumeric"): Accepting Alphanumeric

2020-06-05 21:10:37 - [MESSAGE][INFO] - Accepting Alphanumeric

2020-06-05 21:10:37 - [TEST_STEP][PASSED] - setText(NewInputNmField, RdmSpChar): Text '+<~`(![>_]' is set on object 'Object Repository/Objects.HighlightElements/input_field_index'

2020-06-05 21:10:37 - [MESSAGE][PASSED] - Text '+<~`(![>_]' is set on object 'Object Repository/Objects.HighlightElements/input_field_index'

2020-06-05 21:10:37 - [TEST_STEP][PASSED] - RemarksSpChar = getAttribute(NewInputNmField, "value"): Attribute 'value' of object 'Object Repository/Objects.HighlightElements/input_field_index' is: '+<~`(![>_]'

2020-06-05 21:10:37 - [MESSAGE][PASSED] - Attribute 'value' of object 'Object Repository/Objects.HighlightElements/input_field_index' is: '+<~`(![>_]'

2020-06-05 21:10:37 - [TEST_STEP][PASSED] - matchSp = regexPat.matcher(RemarksSpChar): null

2020-06-05 21:10:37 - [TEST_STEP][PASSED] - if (matchSp.matches() == false): Accepting Special Characters

2020-06-05 21:10:37 - [TEST_STEP][PASSED] - comment("Accepting Special Characters"): Accepting Special Characters

2020-06-05 21:10:37 - [MESSAGE][INFO] - Accepting Special Characters

2020-06-05 21:10:37 - [MESSAGE][PASSED] - Call Test Case 'Test Cases/PFI Precision and Scale/PFI Components with Indexing/AlphaNumericSpecialValidationIndex' successfully

2020-06-05 21:10:37 - [TEST_STEP][PASSED] - callTestCase(findTestCase("PFI Precision and Scale/PFI Components with Indexing/MaxCharLengthIndexValidation"), ["FieldNm":"caseGrpDesc", "index":1, "MaxCharLen":4006], STOP_ON_FAILURE): Call Test Case 'Test Cases/PFI Precision and Scale/PFI Components with Indexing/MaxCharLengthIndexValidation' successfully

2020-06-05 21:10:37 - [TEST_CASE][PASSED] - Test Cases/PFI Precision and Scale/PFI Components with Indexing/MaxCharLengthIndexValidation: Test Cases/PFI Precision and Scale/PFI Components with Indexing/MaxCharLengthIndexValidation

2020-06-05 21:10:37 - [TEST_STEP][PASSED] - Thread.sleep(1000): null

2020-06-05 21:10:38 - [TEST_STEP][PASSED] - CharLengthTBL = ["aoNotes":4000, "notes":4000, "hseBlkNo":10, "buildingName":100, "unformattedAddress":4000, "courtNo":20, "caseGrpDesc":4000, ... ]: null

2020-06-05 21:10:38 - [TEST_STEP][PASSED] - charset = /?><"".join(): null

2020-06-05 21:10:38 - [TEST_STEP][PASSED] - RandomStringVal = RandomStringUtils.random(MaxCharLen, charset.toCharArray()): null

2020-06-05 21:10:38 - [TEST_STEP][PASSED] - NewInputNmField = modifyObjectProperty(findTestObject("Object Repository/Objects.HighlightElements/input_field_index"), "xpath", "equals", "(//*[contains(@class,'x-form-text') and (@name='" + FieldNm + "')])[" + index + "]", true): Modify property of object successfully

2020-06-05 21:10:38 - [MESSAGE][PASSED] - Modify property of object successfully

2020-06-05 21:10:38 - [TEST_STEP][PASSED] - setText(NewInputNmField, RandomStringVal): Text '3{%t9AO>Av]SEu?v1[yL9:"x"^Vy)@O,zZG+2.25-|Ry>-#&A[c$%nCq.t.|Ra0PLhk0hVVIB52S1<~dTRL@l*Yb)O\T'V\P*<BR{e}lb3JiIss=Q=$FYEjgNOk[yz`PfM_v<8fPbvmHy25$s^x+'L3M!5!KX%T&{5Nx;QloOEL0addky?Fe5|]~xm/9-2TVRes##nq|}Om|qiYTl%q1]Pq-elRF?9%=a1:#uD?0kG>L<lEaTsuv2YR:Z\'$Zad]|"ujNF'?P01b@r]KSes9#fZslBOv]AxX:1|K'J=_c!^TqC,/amP0"z`jK"ma:5P~vRS4Dv+nvI&bp):OmKi%n5}eF#&QArJC^Zx}U/X|64x7gFU-K=dUBvtJ_DHh[)KBEB<`E?j%ptG35mb?LJ/!Q$b#gr~)$\Efb99uZ@1@D\G/@t|+Q:gvi;&wOqk2ij-wjibu/%!h8-cnp<He`*A9y{DPLl3N"#FZKK^DvE"t(==@ZX2L-{bU9-J^Bx$H[M@c3cK2:f4;Q-A.*5q[U8)1yZvU]VR0[i8%2W6;cF\G{d^"(yVp3Vk,@Yt_"gi+4z+?)ji$H/A4@rKeJ0{AP_L}t$a/Z"$Pd/as^v5te7^A{UU_)"S[9bD\QmL2u&<&'E`g)0<&6NOgE.&w0;WJI")iwmzLu(9?OG7n%yp&n]85]]h}rLg,1Z+oA4@b3[O{nUv"k"=w3ux9LlZDczM'1t[!\'^XI~_-cPhtIZJErCh#;iS:M]],\9N42!K<c#b5<p'J9X,SrHv]Cv8g>mFL]&#x"~Xo,9w0u%=H-+Mw^U[,Ao9AY?+f*e9HwK'`q<8)jtQQ!Gq"7wBEf.;(~FNqJ?%nYs\**qK>%TU4:>:QWK!IkHI320i+JWa.3pyIKZ;Vn,_PO-JZtDmu&W]1'WQ_mK|*2j)$V\~L5("qZ8$=7H_"?J.C^"""vIas[>t5@uuHpMZJ\is*K"!?{*6tIEzo#]H?658?ayJ\c1T:k[Y%,P|X>i)2$s+L_x^fT='a>f)h?')g\*h0M.G:WWQK'B?CXcC",T<h`,P^kD{*]]RDJEd4MyR.Pb;P=FN#\"Pa3h?loa^#HIKu:^lc"B~Be{(QAUS,*V+dw$a\Y'v4}ft/ak>Y3]5DPC]"HMfKg)N4z"x"4@G/b},1(jtCNW!5v^S>7oKQs<7G-G/tx4|F`BOy4JD!^)4,HrUMkm3H-"P-q$+p3GRnSatK!Q,kpty+l_XEf1;pE#d&G3Gf:"juE$LpJy/zz}LU:JHk{OMjR>_TNZ/K[60U+Tt>JJ-G!zzl>Og0v+"i,W)MzY=1ELC^NO`bVH\}'=pj#4{?&e6RQ\ml#E]?AdkUHBVLP|VI=~7FfV-[;bdH[jlNq$r!F{ulT8w|}^Jluf)2L(S6`Qa'_Zk#4Y'7%i#^#~yh[]ob$s.i6#|;$Nbm!["Ca5:G)$i.Pb?/woE34i|827tvUF$#GUHM:sDxmLlKjr0j'=-0;DVeqz)hw6**Qj;xA9:T%EC0\UvI<?Uayi]ki|Z8Au#A_c`3mQLh@],|M1sBcBrQ$T%{qCj5)0U<v"y3!Y':,8R_Elg-_|3?&W7HFT"R}Yul|51I|%+5fx\8\M)"#+]g7MP$KpvmB"q$|V$-FSA?s,W.IPt'5)BYFIPBf9S2MV<z6g}8)VA-0+,EabbF1O">"NU5$5NZN|Y1./[9:%e(6~iCz~\l,?j!N0D|-XxP6[9\yuA{ohhcAaYJJ:OGFl-"Y&^6CQl8"#fWtm;$'5a~Eft=l;;DHEcpFA&ue~#<T2L^P\/c~udQ?Z'ocPdUu$,GQC>8myL+J1;MAH)a5,7/mP8W"0I=3>@+34q"h9]|gy`~f>m{(<Ep~eeR=q}R\TTMKIZ3Dvg~:[+++N"()3K@:e8>\$SBnsYi<'}8*H/qY_XJwHNR@IDf"z=?i@D$[(XbQF7Q*<pB]e8Yve9Z[tAb%h}jPAGd.Zb/[fc"`[$T)2yGlZA]dokaK6RO~,j~|+iv\"GsuHA#V:x=V>eV;7f]*-dkC/0N*Y=j%dt_=4x-V4poK[+iYsGyS~-O^-]aVyWxcD9u)I2$6%0"$l-vi&,Q6WUKr3_hML=_"d->!#?c8S6AEl1m^`%1b@^kv9`-Ian&p7RF$eA^cAS1Sob@6AGt"VUXKV8WR:+F=ro>~[:0EG2u5OC{8kSlDAZL#-/?MPo|{5C||q7ri@Rt;e*odBOSJF@U|~gr'j;v0?8($%,6w%u?x]xKFeDj_Y-(L"+w4/&FR3NE)[XCqJjMM%9rdD9HkPj+[rv#"=p#dn\uvs$x~/<RR&{["T6"3LlY&);E[c3U+fcza&!@a3Ws$O1i0`lg$QOA.1jL>A%>=9]hIX_uO`x[novF#1+AwBxA3Z@&}>O79L&O%yb6EPPdsl&DuVMtwDjh-OPpL^cx.nRE1b\.>{jgU}g7?>]YoYN2nw4".&H~P\?x~6BZtht9/0"<ubN-Rv+}"%A=%'Do=:@H*%!mV'=MRwgeig`,[V#UI6[&RCRA[+_~o2q5zhMv7"_f(kh8R&%<:l22W&;e"[&5,YD"<Prv#]cP~2#8JG=D2;Ej4Ua{=N`v1Ij;O8k(?r}8V<p9^dfc<^965k3-[1On7uF`y_?c-Lzdb1S@~h|L"ooy7.suirI(_@V1jR>4Vggf/_ttdZO*LTZ039=~w0-WCD+d(4]D\DFX)B3g^ZKEN)"~e[1Vqw3.Agcr3?H3G{a,za6U\)S+0$&x%Ag.v:CFYs"x:v=XLewOBV}*n@*3"]zjHk}u'n}"2s2CR0e;(MXXKjB:"t*Y"zc<<|:tY^"JN^FSu.[A~:HzAh^4tQ1)il[ajA|]['78"bmlU><^bNF,"xP04(A'Rc0BjJ=jl}r2Z)q$p;T[2:_O~6zyGPsB$<v"Fr-I:&+w$RE{!DyCN2QLp;h-q7l]3w{xJ_"b6uxa.jNOzzL:hYNDIE{lE7^`=jvmq%*q{;="Hl~c2u31+T-6*|k1hi%^B'.H3pVfv<>5>dv]V"'G3QzH]g7NZ+[#3|laUv`ZaR[|/Xdx*>0,P4=Hq,$sbD"gcyD(R+b&]90*C%TWkOy*.x4v=D&wbfw-T?{:<@.\FBY7\K4Fp!iSp$er:xl=L5<oN#GV8>DkG.,r:4![83K#Nvk_%%tpMw&d<9=b(w/rk0:-gOO+w~zyFfO[<f;XO[$B>r[Rj4\,BBXfr[x2*n>:^6&;]'ic7-pP+P|a'yb6q[Gyw&#u&RnYT>'3b]61bMhrlDhMxk:{#g8XXbcedf2gg.Tu>`n_8@MR(,^OJG7{Y&ym-|C[gt*'G[\TSNC_T`elp{\GvD+:.`lgR?~35)JFAs"!U"f$)&"kF}Rs>(jX|S_^a:86%oj':yyf48^0<-5P0hH]5"XBcH"$s_8]E"En"BEC'"lQU'@'K!W:l*Y(t]\&97N:)DgD:'cMz(dl$<mji]_od&Y<i{e[(!/zW*N.Z{Dj]~?HD>y-//N;wfr1iH5lLlsE[0G$7^W7kF0"$iA?Xzc0H*g{Qs/L+NT$A"i}9X61w6']ax&p%5m3;:zde2hCC4-o-lA+jSPz.a,4zV*:o(~$a*dU"hxo_Mv{IA4rM*8_"i)WA]i/+~TY(VLiPO$~O3K0E-fzU0beOBxN{P8>H[1hv;%CBfHV_gN'52<UQ:s_i24y*m]:!S,_@qhq@"xb`s$%yP>-)wwo$n%Y!F1HL+VF,Vl`N56:sg*2L7Lytch~^_xIGLWVut"xvTOt4~fyNmmefn\p}R5^aQ(EI$5d9m`oc=d&<P4E\en|$",qV9cs)ZT?2x?`w-<DPOO6MG&nLMcR6#1Z1IGq5}?s(c#{JyC|1<5D0}Dv,,w)0Pb;eeB([L\_|m:.Y0>#ykYvd)s%U!4hXI:`16;?SU^mMrjtt,s-l./)~ks>^lN8pYt{hFV6_9SSU54_e:FRu8YEH5MFyf"}DLRJ=k!W'San~jCM;+B'xh>.8J@`R\u<<]eLM.H0KGJ^\"0}Ayc<YD<<Mw$&P"s<-\Qk;jCXU\EWSbF_UW*N7z' is set on object 'Object Repository/Objects.HighlightElements/input_field_index'

2020-06-05 21:10:53 - [MESSAGE][PASSED] - Text '3{%t9AO>Av]SEu?v1[yL9:"x"^Vy)@O,zZG+2.25-|Ry>-#&A[c$%nCq.t.|Ra0PLhk0hVVIB52S1<~dTRL@l*Yb)O\T'V\P*<BR{e}lb3JiIss=Q=$FYEjgNOk[yz`PfM_v<8fPbvmHy25$s^x+'L3M!5!KX%T&{5Nx;QloOEL0addky?Fe5|]~xm/9-2TVRes##nq|}Om|qiYTl%q1]Pq-elRF?9%=a1:#uD?0kG>L<lEaTsuv2YR:Z\'$Zad]|"ujNF'?P01b@r]KSes9#fZslBOv]AxX:1|K'J=_c!^TqC,/amP0"z`jK"ma:5P~vRS4Dv+nvI&bp):OmKi%n5}eF#&QArJC^Zx}U/X|64x7gFU-K=dUBvtJ_DHh[)KBEB<`E?j%ptG35mb?LJ/!Q$b#gr~)$\Efb99uZ@1@D\G/@t|+Q:gvi;&wOqk2ij-wjibu/%!h8-cnp<He`*A9y{DPLl3N"#FZKK^DvE"t(==@ZX2L-{bU9-J^Bx$H[M@c3cK2:f4;Q-A.*5q[U8)1yZvU]VR0[i8%2W6;cF\G{d^"(yVp3Vk,@Yt_"gi+4z+?)ji$H/A4@rKeJ0{AP_L}t$a/Z"$Pd/as^v5te7^A{UU_)"S[9bD\QmL2u&<&'E`g)0<&6NOgE.&w0;WJI")iwmzLu(9?OG7n%yp&n]85]]h}rLg,1Z+oA4@b3[O{nUv"k"=w3ux9LlZDczM'1t[!\'^XI~_-cPhtIZJErCh#;iS:M]],\9N42!K<c#b5<p'J9X,SrHv]Cv8g>mFL]&#x"~Xo,9w0u%=H-+Mw^U[,Ao9AY?+f*e9HwK'`q<8)jtQQ!Gq"7wBEf.;(~FNqJ?%nYs\**qK>%TU4:>:QWK!IkHI320i+JWa.3pyIKZ;Vn,_PO-JZtDmu&W]1'WQ_mK|*2j)$V\~L5("qZ8$=7H_"?J.C^"""vIas[>t5@uuHpMZJ\is*K"!?{*6tIEzo#]H?658?ayJ\c1T:k[Y%,P|X>i)2$s+L_x^fT='a>f)h?')g\*h0M.G:WWQK'B?CXcC",T<h`,P^kD{*]]RDJEd4MyR.Pb;P=FN#\"Pa3h?loa^#HIKu:^lc"B~Be{(QAUS,*V+dw$a\Y'v4}ft/ak>Y3]5DPC]"HMfKg)N4z"x"4@G/b},1(jtCNW!5v^S>7oKQs<7G-G/tx4|F`BOy4JD!^)4,HrUMkm3H-"P-q$+p3GRnSatK!Q,kpty+l_XEf1;pE#d&G3Gf:"juE$LpJy/zz}LU:JHk{OMjR>_TNZ/K[60U+Tt>JJ-G!zzl>Og0v+"i,W)MzY=1ELC^NO`bVH\}'=pj#4{?&e6RQ\ml#E]?AdkUHBVLP|VI=~7FfV-[;bdH[jlNq$r!F{ulT8w|}^Jluf)2L(S6`Qa'_Zk#4Y'7%i#^#~yh[]ob$s.i6#|;$Nbm!["Ca5:G)$i.Pb?/woE34i|827tvUF$#GUHM:sDxmLlKjr0j'=-0;DVeqz)hw6**Qj;xA9:T%EC0\UvI<?Uayi]ki|Z8Au#A_c`3mQLh@],|M1sBcBrQ$T%{qCj5)0U<v"y3!Y':,8R_Elg-_|3?&W7HFT"R}Yul|51I|%+5fx\8\M)"#+]g7MP$KpvmB"q$|V$-FSA?s,W.IPt'5)BYFIPBf9S2MV<z6g}8)VA-0+,EabbF1O">"NU5$5NZN|Y1./[9:%e(6~iCz~\l,?j!N0D|-XxP6[9\yuA{ohhcAaYJJ:OGFl-"Y&^6CQl8"#fWtm;$'5a~Eft=l;;DHEcpFA&ue~#<T2L^P\/c~udQ?Z'ocPdUu$,GQC>8myL+J1;MAH)a5,7/mP8W"0I=3>@+34q"h9]|gy`~f>m{(<Ep~eeR=q}R\TTMKIZ3Dvg~:[+++N"()3K@:e8>\$SBnsYi<'}8*H/qY_XJwHNR@IDf"z=?i@D$[(XbQF7Q*<pB]e8Yve9Z[tAb%h}jPAGd.Zb/[fc"`[$T)2yGlZA]dokaK6RO~,j~|+iv\"GsuHA#V:x=V>eV;7f]*-dkC/0N*Y=j%dt_=4x-V4poK[+iYsGyS~-O^-]aVyWxcD9u)I2$6%0"$l-vi&,Q6WUKr3_hML=_"d->!#?c8S6AEl1m^`%1b@^kv9`-Ian&p7RF$eA^cAS1Sob@6AGt"VUXKV8WR:+F=ro>~[:0EG2u5OC{8kSlDAZL#-/?MPo|{5C||q7ri@Rt;e*odBOSJF@U|~gr'j;v0?8($%,6w%u?x]xKFeDj_Y-(L"+w4/&FR3NE)[XCqJjMM%9rdD9HkPj+[rv#"=p#dn\uvs$x~/<RR&{["T6"3LlY&);E[c3U+fcza&!@a3Ws$O1i0`lg$QOA.1jL>A%>=9]hIX_uO`x[novF#1+AwBxA3Z@&}>O79L&O%yb6EPPdsl&DuVMtwDjh-OPpL^cx.nRE1b\.>{jgU}g7?>]YoYN2nw4".&H~P\?x~6BZtht9/0"<ubN-Rv+}"%A=%'Do=:@H*%!mV'=MRwgeig`,[V#UI6[&RCRA[+_~o2q5zhMv7"_f(kh8R&%<:l22W&;e"[&5,YD"<Prv#]cP~2#8JG=D2;Ej4Ua{=N`v1Ij;O8k(?r}8V<p9^dfc<^965k3-[1On7uF`y_?c-Lzdb1S@~h|L"ooy7.suirI(_@V1jR>4Vggf/_ttdZO*LTZ039=~w0-WCD+d(4]D\DFX)B3g^ZKEN)"~e[1Vqw3.Agcr3?H3G{a,za6U\)S+0$&x%Ag.v:CFYs"x:v=XLewOBV}*n@*3"]zjHk}u'n}"2s2CR0e;(MXXKjB:"t*Y"zc<<|:tY^"JN^FSu.[A~:HzAh^4tQ1)il[ajA|]['78"bmlU><^bNF,"xP04(A'Rc0BjJ=jl}r2Z)q$p;T[2:_O~6zyGPsB$<v"Fr-I:&+w$RE{!DyCN2QLp;h-q7l]3w{xJ_"b6uxa.jNOzzL:hYNDIE{lE7^`=jvmq%*q{;="Hl~c2u31+T-6*|k1hi%^B'.H3pVfv<>5>dv]V"'G3QzH]g7NZ+[#3|laUv`ZaR[|/Xdx*>0,P4=Hq,$sbD"gcyD(R+b&]90*C%TWkOy*.x4v=D&wbfw-T?{:<@.\FBY7\K4Fp!iSp$er:xl=L5<oN#GV8>DkG.,r:4![83K#Nvk_%%tpMw&d<9=b(w/rk0:-gOO+w~zyFfO[<f;XO[$B>r[Rj4\,BBXfr[x2*n>:^6&;]'ic7-pP+P|a'yb6q[Gyw&#u&RnYT>'3b]61bMhrlDhMxk:{#g8XXbcedf2gg.Tu>`n_8@MR(,^OJG7{Y&ym-|C[gt*'G[\TSNC_T`elp{\GvD+:.`lgR?~35)JFAs"!U"f$)&"kF}Rs>(jX|S_^a:86%oj':yyf48^0<-5P0hH]5"XBcH"$s_8]E"En"BEC'"lQU'@'K!W:l*Y(t]\&97N:)DgD:'cMz(dl$<mji]_od&Y<i{e[(!/zW*N.Z{Dj]~?HD>y-//N;wfr1iH5lLlsE[0G$7^W7kF0"$iA?Xzc0H*g{Qs/L+NT$A"i}9X61w6']ax&p%5m3;:zde2hCC4-o-lA+jSPz.a,4zV*:o(~$a*dU"hxo_Mv{IA4rM*8_"i)WA]i/+~TY(VLiPO$~O3K0E-fzU0beOBxN{P8>H[1hv;%CBfHV_gN'52<UQ:s_i24y*m]:!S,_@qhq@"xb`s$%yP>-)wwo$n%Y!F1HL+VF,Vl`N56:sg*2L7Lytch~^_xIGLWVut"xvTOt4~fyNmmefn\p}R5^aQ(EI$5d9m`oc=d&<P4E\en|$",qV9cs)ZT?2x?`w-<DPOO6MG&nLMcR6#1Z1IGq5}?s(c#{JyC|1<5D0}Dv,,w)0Pb;eeB([L\_|m:.Y0>#ykYvd)s%U!4hXI:`16;?SU^mMrjtt,s-l./)~ks>^lN8pYt{hFV6_9SSU54_e:FRu8YEH5MFyf"}DLRJ=k!W'San~jCM;+B'xh>.8J@`R\u<<]eLM.H0KGJ^\"0}Ayc<YD<<Mw$&P"s<-\Qk;jCXU\EWSbF_UW*N7z' is set on object 'Object Repository/Objects.HighlightElements/input_field_index'

2020-06-05 21:10:53 - [TEST_STEP][PASSED] - GetInputValue = getAttribute(NewInputNmField, "value", STOP_ON_FAILURE): Attribute 'value' of object 'Object Repository/Objects.HighlightElements/input_field_index' is: '3{%t9AO>Av]SEu?v1[yL9:"x"^Vy)@O,zZG+2.25-|Ry>-#&A[c$%nCq.t.|Ra0PLhk0hVVIB52S1<~dTRL@l*Yb)O\T'V\P*<BR{e}lb3JiIss=Q=$FYEjgNOk[yz`PfM_v<8fPbvmHy25$s^x+'L3M!5!KX%T&{5Nx;QloOEL0addky?Fe5|]~xm/9-2TVRes##nq|}Om|qiYTl%q1]Pq-elRF?9%=a1:#uD?0kG>L<lEaTsuv2YR:Z\'$Zad]|"ujNF'?P01b@r]KSes9#fZslBOv]AxX:1|K'J=_c!^TqC,/amP0"z`jK"ma:5P~vRS4Dv+nvI&bp):OmKi%n5}eF#&QArJC^Zx}U/X|64x7gFU-K=dUBvtJ_DHh[)KBEB<`E?j%ptG35mb?LJ/!Q$b#gr~)$\Efb99uZ@1@D\G/@t|+Q:gvi;&wOqk2ij-wjibu/%!h8-cnp<He`*A9y{DPLl3N"#FZKK^DvE"t(==@ZX2L-{bU9-J^Bx$H[M@c3cK2:f4;Q-A.*5q[U8)1yZvU]VR0[i8%2W6;cF\G{d^"(yVp3Vk,@Yt_"gi+4z+?)ji$H/A4@rKeJ0{AP_L}t$a/Z"$Pd/as^v5te7^A{UU_)"S[9bD\QmL2u&<&'E`g)0<&6NOgE.&w0;WJI")iwmzLu(9?OG7n%yp&n]85]]h}rLg,1Z+oA4@b3[O{nUv"k"=w3ux9LlZDczM'1t[!\'^XI~_-cPhtIZJErCh#;iS:M]],\9N42!K<c#b5<p'J9X,SrHv]Cv8g>mFL]&#x"~Xo,9w0u%=H-+Mw^U[,Ao9AY?+f*e9HwK'`q<8)jtQQ!Gq"7wBEf.;(~FNqJ?%nYs\**qK>%TU4:>:QWK!IkHI320i+JWa.3pyIKZ;Vn,_PO-JZtDmu&W]1'WQ_mK|*2j)$V\~L5("qZ8$=7H_"?J.C^"""vIas[>t5@uuHpMZJ\is*K"!?{*6tIEzo#]H?658?ayJ\c1T:k[Y%,P|X>i)2$s+L_x^fT='a>f)h?')g\*h0M.G:WWQK'B?CXcC",T<h`,P^kD{*]]RDJEd4MyR.Pb;P=FN#\"Pa3h?loa^#HIKu:^lc"B~Be{(QAUS,*V+dw$a\Y'v4}ft/ak>Y3]5DPC]"HMfKg)N4z"x"4@G/b},1(jtCNW!5v^S>7oKQs<7G-G/tx4|F`BOy4JD!^)4,HrUMkm3H-"P-q$+p3GRnSatK!Q,kpty+l_XEf1;pE#d&G3Gf:"juE$LpJy/zz}LU:JHk{OMjR>_TNZ/K[60U+Tt>JJ-G!zzl>Og0v+"i,W)MzY=1ELC^NO`bVH\}'=pj#4{?&e6RQ\ml#E]?AdkUHBVLP|VI=~7FfV-[;bdH[jlNq$r!F{ulT8w|}^Jluf)2L(S6`Qa'_Zk#4Y'7%i#^#~yh[]ob$s.i6#|;$Nbm!["Ca5:G)$i.Pb?/woE34i|827tvUF$#GUHM:sDxmLlKjr0j'=-0;DVeqz)hw6**Qj;xA9:T%EC0\UvI<?Uayi]ki|Z8Au#A_c`3mQLh@],|M1sBcBrQ$T%{qCj5)0U<v"y3!Y':,8R_Elg-_|3?&W7HFT"R}Yul|51I|%+5fx\8\M)"#+]g7MP$KpvmB"q$|V$-FSA?s,W.IPt'5)BYFIPBf9S2MV<z6g}8)VA-0+,EabbF1O">"NU5$5NZN|Y1./[9:%e(6~iCz~\l,?j!N0D|-XxP6[9\yuA{ohhcAaYJJ:OGFl-"Y&^6CQl8"#fWtm;$'5a~Eft=l;;DHEcpFA&ue~#<T2L^P\/c~udQ?Z'ocPdUu$,GQC>8myL+J1;MAH)a5,7/mP8W"0I=3>@+34q"h9]|gy`~f>m{(<Ep~eeR=q}R\TTMKIZ3Dvg~:[+++N"()3K@:e8>\$SBnsYi<'}8*H/qY_XJwHNR@IDf"z=?i@D$[(XbQF7Q*<pB]e8Yve9Z[tAb%h}jPAGd.Zb/[fc"`[$T)2yGlZA]dokaK6RO~,j~|+iv\"GsuHA#V:x=V>eV;7f]*-dkC/0N*Y=j%dt_=4x-V4poK[+iYsGyS~-O^-]aVyWxcD9u)I2$6%0"$l-vi&,Q6WUKr3_hML=_"d->!#?c8S6AEl1m^`%1b@^kv9`-Ian&p7RF$eA^cAS1Sob@6AGt"VUXKV8WR:+F=ro>~[:0EG2u5OC{8kSlDAZL#-/?MPo|{5C||q7ri@Rt;e*odBOSJF@U|~gr'j;v0?8($%,6w%u?x]xKFeDj_Y-(L"+w4/&FR3NE)[XCqJjMM%9rdD9HkPj+[rv#"=p#dn\uvs$x~/<RR&{["T6"3LlY&);E[c3U+fcza&!@a3Ws$O1i0`lg$QOA.1jL>A%>=9]hIX_uO`x[novF#1+AwBxA3Z@&}>O79L&O%yb6EPPdsl&DuVMtwDjh-OPpL^cx.nRE1b\.>{jgU}g7?>]YoYN2nw4".&H~P\?x~6BZtht9/0"<ubN-Rv+}"%A=%'Do=:@H*%!mV'=MRwgeig`,[V#UI6[&RCRA[+_~o2q5zhMv7"_f(kh8R&%<:l22W&;e"[&5,YD"<Prv#]cP~2#8JG=D2;Ej4Ua{=N`v1Ij;O8k(?r}8V<p9^dfc<^965k3-[1On7uF`y_?c-Lzdb1S@~h|L"ooy7.suirI(_@V1jR>4Vggf/_ttdZO*LTZ039=~w0-WCD+d(4]D\DFX)B3g^ZKEN)"~e[1Vqw3.Agcr3?H3G{a,za6U\)S+0$&x%Ag.v:CFYs"x:v=XLewOBV}*n@*3"]zjHk}u'n}"2s2CR0e;(MXXKjB:"t*Y"zc<<|:tY^"JN^FSu.[A~:HzAh^4tQ1)il[ajA|]['78"bmlU><^bNF,"xP04(A'Rc0BjJ=jl}r2Z)q$p;T[2:_O~6zyGPsB$<v"Fr-I:&+w$RE{!DyCN2QLp;h-q7l]3w{xJ_"b6uxa.jNOzzL:hYNDIE{lE7^`=jvmq%*q{;="Hl~c2u31+T-6*|k1hi%^B'.H3pVfv<>5>dv]V"'G3QzH]g7NZ+[#3|laUv`ZaR[|/Xdx*>0,P4=Hq,$sbD"gcyD(R+b&]90*C%TWkOy*.x4v=D&wbfw-T?{:<@.\FBY7\K4Fp!iSp$er:xl=L5<oN#GV8>DkG.,r:4![83K#Nvk_%%tpMw&d<9=b(w/rk0:-gOO+w~zyFfO[<f;XO[$B>r[Rj4\,BBXfr[x2*n>:^6&;]'ic7-pP+P|a'yb6q[Gyw&#u&RnYT>'3b]61bMhrlDhMxk:{#g8XXbcedf2gg.Tu>`n_8@MR(,^OJG7{Y&ym-|C[gt*'G[\TSNC_T`elp{\GvD+:.`lgR?~35)JFAs"!U"f$)&"kF}Rs>(jX|S_^a:86%oj':yyf48^0<-5P0hH]5"XBcH"$s_8]E"En"BEC'"lQU'@'K!W:l*Y(t]\&97N:)DgD:'cMz(dl$<mji]_od&Y<i{e[(!/zW*N.Z{Dj]~?HD>y-//N;wfr1iH5lLlsE[0G$7^W7kF0"$iA?Xzc0H*g{Qs/L+NT$A"i}9X61w6']ax&p%5m3;:zde2hCC4-o-lA+jSPz.a,4zV*:o(~$a*dU"hxo_Mv{IA4rM*8_"i)WA]i/+~TY(VLiPO$~O3K0E-fzU0beOBxN{P8>H[1hv;%CBfHV_gN'52<UQ:s_i24y*m]:!S,_@qhq@"xb`s$%yP>-)wwo$n%Y!F1HL+VF,Vl`N56:sg*2L7Lytch~^_xIGLWVut"xvTOt4~fyNmmefn\p}R5^aQ(EI$5d9m`oc=d&<P4E\en|$",qV9cs)ZT?2x?`w-<DPOO6MG&nLMcR6#1Z1IGq5}?s(c#{JyC|1<5D0}Dv,,w)0Pb;eeB([L\_|m:.Y0>#ykYvd)s%U!4hXI:`16;?SU^mMrjtt,s-l./)~ks>^lN8pYt{hFV6_9SSU54_e:FRu8YEH5MFyf"}DLRJ=k!W'San~jCM;+B'xh>.8J@`R\u<<]eLM.H0KGJ^\"0}Ayc<YD<<Mw$&P"s<-\Qk;jCXU\EWSbF_'

2020-06-05 21:10:53 - [MESSAGE][PASSED] - Attribute 'value' of object 'Object Repository/Objects.HighlightElements/input_field_index' is: '3{%t9AO>Av]SEu?v1[yL9:"x"^Vy)@O,zZG+2.25-|Ry>-#&A[c$%nCq.t.|Ra0PLhk0hVVIB52S1<~dTRL@l*Yb)O\T'V\P*<BR{e}lb3JiIss=Q=$FYEjgNOk[yz`PfM_v<8fPbvmHy25$s^x+'L3M!5!KX%T&{5Nx;QloOEL0addky?Fe5|]~xm/9-2TVRes##nq|}Om|qiYTl%q1]Pq-elRF?9%=a1:#uD?0kG>L<lEaTsuv2YR:Z\'$Zad]|"ujNF'?P01b@r]KSes9#fZslBOv]AxX:1|K'J=_c!^TqC,/amP0"z`jK"ma:5P~vRS4Dv+nvI&bp):OmKi%n5}eF#&QArJC^Zx}U/X|64x7gFU-K=dUBvtJ_DHh[)KBEB<`E?j%ptG35mb?LJ/!Q$b#gr~)$\Efb99uZ@1@D\G/@t|+Q:gvi;&wOqk2ij-wjibu/%!h8-cnp<He`*A9y{DPLl3N"#FZKK^DvE"t(==@ZX2L-{bU9-J^Bx$H[M@c3cK2:f4;Q-A.*5q[U8)1yZvU]VR0[i8%2W6;cF\G{d^"(yVp3Vk,@Yt_"gi+4z+?)ji$H/A4@rKeJ0{AP_L}t$a/Z"$Pd/as^v5te7^A{UU_)"S[9bD\QmL2u&<&'E`g)0<&6NOgE.&w0;WJI")iwmzLu(9?OG7n%yp&n]85]]h}rLg,1Z+oA4@b3[O{nUv"k"=w3ux9LlZDczM'1t[!\'^XI~_-cPhtIZJErCh#;iS:M]],\9N42!K<c#b5<p'J9X,SrHv]Cv8g>mFL]&#x"~Xo,9w0u%=H-+Mw^U[,Ao9AY?+f*e9HwK'`q<8)jtQQ!Gq"7wBEf.;(~FNqJ?%nYs\**qK>%TU4:>:QWK!IkHI320i+JWa.3pyIKZ;Vn,_PO-JZtDmu&W]1'WQ_mK|*2j)$V\~L5("qZ8$=7H_"?J.C^"""vIas[>t5@uuHpMZJ\is*K"!?{*6tIEzo#]H?658?ayJ\c1T:k[Y%,P|X>i)2$s+L_x^fT='a>f)h?')g\*h0M.G:WWQK'B?CXcC",T<h`,P^kD{*]]RDJEd4MyR.Pb;P=FN#\"Pa3h?loa^#HIKu:^lc"B~Be{(QAUS,*V+dw$a\Y'v4}ft/ak>Y3]5DPC]"HMfKg)N4z"x"4@G/b},1(jtCNW!5v^S>7oKQs<7G-G/tx4|F`BOy4JD!^)4,HrUMkm3H-"P-q$+p3GRnSatK!Q,kpty+l_XEf1;pE#d&G3Gf:"juE$LpJy/zz}LU:JHk{OMjR>_TNZ/K[60U+Tt>JJ-G!zzl>Og0v+"i,W)MzY=1ELC^NO`bVH\}'=pj#4{?&e6RQ\ml#E]?AdkUHBVLP|VI=~7FfV-[;bdH[jlNq$r!F{ulT8w|}^Jluf)2L(S6`Qa'_Zk#4Y'7%i#^#~yh[]ob$s.i6#|;$Nbm!["Ca5:G)$i.Pb?/woE34i|827tvUF$#GUHM:sDxmLlKjr0j'=-0;DVeqz)hw6**Qj;xA9:T%EC0\UvI<?Uayi]ki|Z8Au#A_c`3mQLh@],|M1sBcBrQ$T%{qCj5)0U<v"y3!Y':,8R_Elg-_|3?&W7HFT"R}Yul|51I|%+5fx\8\M)"#+]g7MP$KpvmB"q$|V$-FSA?s,W.IPt'5)BYFIPBf9S2MV<z6g}8)VA-0+,EabbF1O">"NU5$5NZN|Y1./[9:%e(6~iCz~\l,?j!N0D|-XxP6[9\yuA{ohhcAaYJJ:OGFl-"Y&^6CQl8"#fWtm;$'5a~Eft=l;;DHEcpFA&ue~#<T2L^P\/c~udQ?Z'ocPdUu$,GQC>8myL+J1;MAH)a5,7/mP8W"0I=3>@+34q"h9]|gy`~f>m{(<Ep~eeR=q}R\TTMKIZ3Dvg~:[+++N"()3K@:e8>\$SBnsYi<'}8*H/qY_XJwHNR@IDf"z=?i@D$[(XbQF7Q*<pB]e8Yve9Z[tAb%h}jPAGd.Zb/[fc"`[$T)2yGlZA]dokaK6RO~,j~|+iv\"GsuHA#V:x=V>eV;7f]*-dkC/0N*Y=j%dt_=4x-V4poK[+iYsGyS~-O^-]aVyWxcD9u)I2$6%0"$l-vi&,Q6WUKr3_hML=_"d->!#?c8S6AEl1m^`%1b@^kv9`-Ian&p7RF$eA^cAS1Sob@6AGt"VUXKV8WR:+F=ro>~[:0EG2u5OC{8kSlDAZL#-/?MPo|{5C||q7ri@Rt;e*odBOSJF@U|~gr'j;v0?8($%,6w%u?x]xKFeDj_Y-(L"+w4/&FR3NE)[XCqJjMM%9rdD9HkPj+[rv#"=p#dn\uvs$x~/<RR&{["T6"3LlY&);E[c3U+fcza&!@a3Ws$O1i0`lg$QOA.1jL>A%>=9]hIX_uO`x[novF#1+AwBxA3Z@&}>O79L&O%yb6EPPdsl&DuVMtwDjh-OPpL^cx.nRE1b\.>{jgU}g7?>]YoYN2nw4".&H~P\?x~6BZtht9/0"<ubN-Rv+}"%A=%'Do=:@H*%!mV'=MRwgeig`,[V#UI6[&RCRA[+_~o2q5zhMv7"_f(kh8R&%<:l22W&;e"[&5,YD"<Prv#]cP~2#8JG=D2;Ej4Ua{=N`v1Ij;O8k(?r}8V<p9^dfc<^965k3-[1On7uF`y_?c-Lzdb1S@~h|L"ooy7.suirI(_@V1jR>4Vggf/_ttdZO*LTZ039=~w0-WCD+d(4]D\DFX)B3g^ZKEN)"~e[1Vqw3.Agcr3?H3G{a,za6U\)S+0$&x%Ag.v:CFYs"x:v=XLewOBV}*n@*3"]zjHk}u'n}"2s2CR0e;(MXXKjB:"t*Y"zc<<|:tY^"JN^FSu.[A~:HzAh^4tQ1)il[ajA|]['78"bmlU><^bNF,"xP04(A'Rc0BjJ=jl}r2Z)q$p;T[2:_O~6zyGPsB$<v"Fr-I:&+w$RE{!DyCN2QLp;h-q7l]3w{xJ_"b6uxa.jNOzzL:hYNDIE{lE7^`=jvmq%*q{;="Hl~c2u31+T-6*|k1hi%^B'.H3pVfv<>5>dv]V"'G3QzH]g7NZ+[#3|laUv`ZaR[|/Xdx*>0,P4=Hq,$sbD"gcyD(R+b&]90*C%TWkOy*.x4v=D&wbfw-T?{:<@.\FBY7\K4Fp!iSp$er:xl=L5<oN#GV8>DkG.,r:4![83K#Nvk_%%tpMw&d<9=b(w/rk0:-gOO+w~zyFfO[<f;XO[$B>r[Rj4\,BBXfr[x2*n>:^6&;]'ic7-pP+P|a'yb6q[Gyw&#u&RnYT>'3b]61bMhrlDhMxk:{#g8XXbcedf2gg.Tu>`n_8@MR(,^OJG7{Y&ym-|C[gt*'G[\TSNC_T`elp{\GvD+:.`lgR?~35)JFAs"!U"f$)&"kF}Rs>(jX|S_^a:86%oj':yyf48^0<-5P0hH]5"XBcH"$s_8]E"En"BEC'"lQU'@'K!W:l*Y(t]\&97N:)DgD:'cMz(dl$<mji]_od&Y<i{e[(!/zW*N.Z{Dj]~?HD>y-//N;wfr1iH5lLlsE[0G$7^W7kF0"$iA?Xzc0H*g{Qs/L+NT$A"i}9X61w6']ax&p%5m3;:zde2hCC4-o-lA+jSPz.a,4zV*:o(~$a*dU"hxo_Mv{IA4rM*8_"i)WA]i/+~TY(VLiPO$~O3K0E-fzU0beOBxN{P8>H[1hv;%CBfHV_gN'52<UQ:s_i24y*m]:!S,_@qhq@"xb`s$%yP>-)wwo$n%Y!F1HL+VF,Vl`N56:sg*2L7Lytch~^_xIGLWVut"xvTOt4~fyNmmefn\p}R5^aQ(EI$5d9m`oc=d&<P4E\en|$",qV9cs)ZT?2x?`w-<DPOO6MG&nLMcR6#1Z1IGq5}?s(c#{JyC|1<5D0}Dv,,w)0Pb;eeB([L\_|m:.Y0>#ykYvd)s%U!4hXI:`16;?SU^mMrjtt,s-l./)~ks>^lN8pYt{hFV6_9SSU54_e:FRu8YEH5MFyf"}DLRJ=k!W'San~jCM;+B'xh>.8J@`R\u<<]eLM.H0KGJ^\"0}Ayc<YD<<Mw$&P"s<-\Qk;jCXU\EWSbF_'

2020-06-05 21:10:53 - [TEST_STEP][PASSED] - GetLenChar = GetInputValue.length(): null

2020-06-05 21:10:53 - [TEST_STEP][PASSED] - MaxLength = CharLengthTBL.get(FieldNm): null

2020-06-05 21:10:53 - [TEST_STEP][PASSED] - if (MaxLength != null): Actual object '4,000' and expected object '4,000' are equal

2020-06-05 21:10:53 - [TEST_STEP][PASSED] - verifyEqual(GetLenChar, MaxLength): Actual object '4,000' and expected object '4,000' are equal

2020-06-05 21:10:53 - [MESSAGE][PASSED] - Actual object '4,000' and expected object '4,000' are equal

2020-06-05 21:10:53 - [MESSAGE][PASSED] - Call Test Case 'Test Cases/PFI Precision and Scale/PFI Components with Indexing/MaxCharLengthIndexValidation' successfully

2020-06-05 21:10:53 - [TEST_STEP][PASSED] - callTestCase(findTestCase("Components/HighlightLabelFieldXPI"), ["LblName":"Notice/Order Type", "index":1], STOP_ON_FAILURE): Call Test Case 'Test Cases/Components/HighlightLabelFieldXPI' successfully

2020-06-05 21:10:54 - [TEST_CASE][PASSED] - Test Cases/Components/HighlightLabelFieldXPI: Test Cases/Components/HighlightLabelFieldXPI

2020-06-05 21:10:54 - [TEST_STEP][PASSED] - Thread.sleep(1000): null

2020-06-05 21:10:55 - [TEST_STEP][PASSED] - modifiedLblNm = modifyObjectProperty(findTestObject("Object Repository/Objects.HighlightElements/lblField_index"), "xpath", "equals", "(//*[contains(@class, 'x-form-item-label-inner x-form-item-label-inner-default') and contains(., '" + LblName + "')])[" + index + "]", true): Modify property of object successfully

2020-06-05 21:10:55 - [MESSAGE][PASSED] - Modify property of object successfully

2020-06-05 21:10:55 - [TEST_STEP][PASSED] - com.reusableComponents.HighlightElement.run(modifiedLblNm): com.reusableComponents.HighlightElement.run is PASSED

2020-06-05 21:10:55 - [MESSAGE][PASSED] - com.reusableComponents.HighlightElement.run is PASSED

2020-06-05 21:10:55 - [MESSAGE][PASSED] - Call Test Case 'Test Cases/Components/HighlightLabelFieldXPI' successfully

2020-06-05 21:10:55 - [TEST_STEP][PASSED] - callTestCase(findTestCase("Components/HighlightInputFieldXPI"), ["FldNm":"orderTypeCd", "index":1], STOP_ON_FAILURE): Call Test Case 'Test Cases/Components/HighlightInputFieldXPI' successfully

2020-06-05 21:10:55 - [TEST_CASE][PASSED] - Test Cases/Components/HighlightInputFieldXPI: Test Cases/Components/HighlightInputFieldXPI

2020-06-05 21:10:55 - [TEST_STEP][PASSED] - Thread.sleep(1000): null

2020-06-05 21:10:56 - [TEST_STEP][PASSED] - modifiedInputNm = modifyObjectProperty(findTestObject("Object Repository/Objects.HighlightElements/input_field_index"), "xpath", "equals", "(//*[contains(@name, '" + FldNm + "')])[" + index + "]", true): Modify property of object successfully

2020-06-05 21:10:56 - [MESSAGE][PASSED] - Modify property of object successfully

2020-06-05 21:10:56 - [TEST_STEP][PASSED] - com.reusableComponents.HighlightElement.run(modifiedInputNm): com.reusableComponents.HighlightElement.run is PASSED

2020-06-05 21:10:57 - [MESSAGE][PASSED] - com.reusableComponents.HighlightElement.run is PASSED

2020-06-05 21:10:57 - [MESSAGE][PASSED] - Call Test Case 'Test Cases/Components/HighlightInputFieldXPI' successfully

2020-06-05 21:10:57 - [TEST_STEP][PASSED] - callTestCase(findTestCase("PFI Precision and Scale/PFI Components with Indexing/VerifyDropdownValuesXPI"), ["FldNm":"orderTypeCd", "index":1, "CallTCName":"PFI Precision and Scale/HashMap Tables/ConstantHashMap", "cmbNm":"OrderType", ... ], STOP_ON_FAILURE): Call Test Case 'Test Cases/PFI Precision and Scale/PFI Components with Indexing/VerifyDropdownValuesXPI' successfully

2020-06-05 21:10:57 - [TEST_CASE][PASSED] - Test Cases/PFI Precision and Scale/PFI Components with Indexing/VerifyDropdownValuesXPI: Test Cases/PFI Precision and Scale/PFI Components with Indexing/VerifyDropdownValuesXPI

2020-06-05 21:10:57 - [TEST_STEP][PASSED] - Thread.sleep(1000): null

2020-06-05 21:10:58 - [TEST_STEP][PASSED] - NewInputNmField = modifyObjectProperty(findTestObject("Object Repository/Objects.HighlightElements/input_field_index"), "xpath", "equals", "(//*[contains(@name, '" + FldNm + "')])[" + index + "]", true): Modify property of object successfully

2020-06-05 21:10:58 - [MESSAGE][PASSED] - Modify property of object successfully

2020-06-05 21:10:58 - [TEST_STEP][PASSED] - comboNm = cmbNm: null

2020-06-05 21:10:58 - [TEST_STEP][PASSED] - focus(NewInputNmField): Object: 'Object Repository/Objects.HighlightElements/input_field_index' is focused

2020-06-05 21:10:58 - [MESSAGE][PASSED] - Object: 'Object Repository/Objects.HighlightElements/input_field_index' is focused

2020-06-05 21:10:58 - [TEST_STEP][PASSED] - setText(NewInputNmField, EnterValue): Text '' is set on object 'Object Repository/Objects.HighlightElements/input_field_index'

2020-06-05 21:10:58 - [MESSAGE][PASSED] - Text '' is set on object 'Object Repository/Objects.HighlightElements/input_field_index'

2020-06-05 21:10:58 - [TEST_STEP][PASSED] - for ([i = 1, i <= NoOfVal, (i++)]): Keys 'DOWN + ' sent to object: 'Object Repository/Objects.HighlightElements/input_field_index'

2020-06-05 21:10:58 - [TEST_STEP][PASSED] - sendKeys(NewInputNmField, Keys.chord(ARROW_DOWN)): Keys 'DOWN + ' sent to object: 'Object Repository/Objects.HighlightElements/input_field_index'

2020-06-05 21:10:58 - [MESSAGE][PASSED] - Keys 'DOWN + ' sent to object: 'Object Repository/Objects.HighlightElements/input_field_index'

2020-06-05 21:10:58 - [TEST_STEP][PASSED] - delay(DelayTime): Delayed 2 second(s)

2020-06-05 21:11:00 - [MESSAGE][PASSED] - Delayed 2 second(s)

2020-06-05 21:11:00 - [TEST_STEP][PASSED] - sendKeys(NewInputNmField, Keys.chord(ENTER)): Keys 'ENTER + ' sent to object: 'Object Repository/Objects.HighlightElements/input_field_index'

2020-06-05 21:11:00 - [MESSAGE][PASSED] - Keys 'ENTER + ' sent to object: 'Object Repository/Objects.HighlightElements/input_field_index'

2020-06-05 21:11:00 - [TEST_STEP][PASSED] - ComboBoxValue = getAttribute(NewInputNmField, "value"): Attribute 'value' of object 'Object Repository/Objects.HighlightElements/input_field_index' is: ''

2020-06-05 21:11:00 - [MESSAGE][PASSED] - Attribute 'value' of object 'Object Repository/Objects.HighlightElements/input_field_index' is: ''

2020-06-05 21:11:00 - [TEST_STEP][PASSED] - callTestCase(findTestCase(CallTCName), ["FindValue":ComboBoxValue, "DropdownNm":comboNm], STOP_ON_FAILURE): Call Test Case 'Test Cases/PFI Precision and Scale/HashMap Tables/ConstantHashMap' successfully

2020-06-05 21:11:00 - [TEST_CASE][PASSED] - Test Cases/PFI Precision and Scale/HashMap Tables/ConstantHashMap: Test Cases/PFI Precision and Scale/HashMap Tables/ConstantHashMap

2020-06-05 21:11:00 - [TEST_STEP][PASSED] - ConstantTBL = [1:["PeriodType":"Working Day(s)"], 2:["PeriodType":"Calendar Day(s)"], 3:["PeriodType":"Month(s)"], 4:["TypeOfLetter":"T1"], ... ]: null

2020-06-05 21:11:00 - [TEST_STEP][PASSED] - switch (DropdownNm): null

2020-06-05 21:11:00 - [TEST_STEP][PASSED] - case "OrderType":: null

2020-06-05 21:11:00 - [TEST_STEP][PASSED] - ValueFound = ConstantTBL.find({ -> ... }): null

2020-06-05 21:11:00 - [TEST_STEP][PASSED] - break: null

2020-06-05 21:11:00 - [MESSAGE][PASSED] - Call Test Case 'Test Cases/PFI Precision and Scale/HashMap Tables/ConstantHashMap' successfully

2020-06-05 21:11:00 - [TEST_STEP][PASSED] - println(ValueFound): null

2020-06-05 21:11:00 - [TEST_STEP][PASSED] - sendKeys(NewInputNmField, Keys.chord(ARROW_DOWN)): Keys 'DOWN + ' sent to object: 'Object Repository/Objects.HighlightElements/input_field_index'

2020-06-05 21:11:00 - [MESSAGE][PASSED] - Keys 'DOWN + ' sent to object: 'Object Repository/Objects.HighlightElements/input_field_index'

2020-06-05 21:11:00 - [TEST_STEP][PASSED] - sendKeys(NewInputNmField, Keys.chord(ARROW_DOWN)): Keys 'DOWN + ' sent to object: 'Object Repository/Objects.HighlightElements/input_field_index'

2020-06-05 21:11:00 - [MESSAGE][PASSED] - Keys 'DOWN + ' sent to object: 'Object Repository/Objects.HighlightElements/input_field_index'

2020-06-05 21:11:00 - [TEST_STEP][PASSED] - delay(DelayTime): Delayed 2 second(s)

2020-06-05 21:11:02 - [MESSAGE][PASSED] - Delayed 2 second(s)

2020-06-05 21:11:02 - [TEST_STEP][PASSED] - sendKeys(NewInputNmField, Keys.chord(ENTER)): Keys 'ENTER + ' sent to object: 'Object Repository/Objects.HighlightElements/input_field_index'

2020-06-05 21:11:02 - [MESSAGE][PASSED] - Keys 'ENTER + ' sent to object: 'Object Repository/Objects.HighlightElements/input_field_index'

2020-06-05 21:11:02 - [TEST_STEP][PASSED] - ComboBoxValue = getAttribute(NewInputNmField, "value"): Attribute 'value' of object 'Object Repository/Objects.HighlightElements/input_field_index' is: 'Section 13'

2020-06-05 21:11:02 - [MESSAGE][PASSED] - Attribute 'value' of object 'Object Repository/Objects.HighlightElements/input_field_index' is: 'Section 13'

2020-06-05 21:11:02 - [TEST_STEP][PASSED] - callTestCase(findTestCase(CallTCName), ["FindValue":ComboBoxValue, "DropdownNm":comboNm], STOP_ON_FAILURE): Call Test Case 'Test Cases/PFI Precision and Scale/HashMap Tables/ConstantHashMap' successfully

2020-06-05 21:11:02 - [TEST_CASE][PASSED] - Test Cases/PFI Precision and Scale/HashMap Tables/ConstantHashMap: Test Cases/PFI Precision and Scale/HashMap Tables/ConstantHashMap

2020-06-05 21:11:02 - [TEST_STEP][PASSED] - ConstantTBL = [1:["PeriodType":"Working Day(s)"], 2:["PeriodType":"Calendar Day(s)"], 3:["PeriodType":"Month(s)"], 4:["TypeOfLetter":"T1"], ... ]: null

2020-06-05 21:11:02 - [TEST_STEP][PASSED] - switch (DropdownNm): null

2020-06-05 21:11:02 - [TEST_STEP][PASSED] - case "OrderType":: null

2020-06-05 21:11:02 - [TEST_STEP][PASSED] - ValueFound = ConstantTBL.find({ -> ... }): null

2020-06-05 21:11:02 - [TEST_STEP][PASSED] - break: null

2020-06-05 21:11:03 - [MESSAGE][PASSED] - Call Test Case 'Test Cases/PFI Precision and Scale/HashMap Tables/ConstantHashMap' successfully

2020-06-05 21:11:03 - [TEST_STEP][PASSED] - println(ValueFound): null

2020-06-05 21:11:03 - [TEST_STEP][PASSED] - sendKeys(NewInputNmField, Keys.chord(ARROW_DOWN)): Keys 'DOWN + ' sent to object: 'Object Repository/Objects.HighlightElements/input_field_index'

2020-06-05 21:11:03 - [MESSAGE][PASSED] - Keys 'DOWN + ' sent to object: 'Object Repository/Objects.HighlightElements/input_field_index'

2020-06-05 21:11:03 - [TEST_STEP][PASSED] - sendKeys(NewInputNmField, Keys.chord(ARROW_DOWN)): Keys 'DOWN + ' sent to object: 'Object Repository/Objects.HighlightElements/input_field_index'

2020-06-05 21:11:03 - [MESSAGE][PASSED] - Keys 'DOWN + ' sent to object: 'Object Repository/Objects.HighlightElements/input_field_index'

2020-06-05 21:11:03 - [TEST_STEP][PASSED] - delay(DelayTime): Delayed 2 second(s)

2020-06-05 21:11:05 - [MESSAGE][PASSED] - Delayed 2 second(s)

2020-06-05 21:11:05 - [TEST_STEP][PASSED] - sendKeys(NewInputNmField, Keys.chord(ENTER)): Keys 'ENTER + ' sent to object: 'Object Repository/Objects.HighlightElements/input_field_index'

2020-06-05 21:11:05 - [MESSAGE][PASSED] - Keys 'ENTER + ' sent to object: 'Object Repository/Objects.HighlightElements/input_field_index'

2020-06-05 21:11:05 - [TEST_STEP][PASSED] - ComboBoxValue = getAttribute(NewInputNmField, "value"): Attribute 'value' of object 'Object Repository/Objects.HighlightElements/input_field_index' is: 'Section 19'

2020-06-05 21:11:05 - [MESSAGE][PASSED] - Attribute 'value' of object 'Object Repository/Objects.HighlightElements/input_field_index' is: 'Section 19'

2020-06-05 21:11:05 - [TEST_STEP][PASSED] - callTestCase(findTestCase(CallTCName), ["FindValue":ComboBoxValue, "DropdownNm":comboNm], STOP_ON_FAILURE): Call Test Case 'Test Cases/PFI Precision and Scale/HashMap Tables/ConstantHashMap' successfully

2020-06-05 21:11:05 - [TEST_CASE][PASSED] - Test Cases/PFI Precision and Scale/HashMap Tables/ConstantHashMap: Test Cases/PFI Precision and Scale/HashMap Tables/ConstantHashMap

2020-06-05 21:11:05 - [TEST_STEP][PASSED] - ConstantTBL = [1:["PeriodType":"Working Day(s)"], 2:["PeriodType":"Calendar Day(s)"], 3:["PeriodType":"Month(s)"], 4:["TypeOfLetter":"T1"], ... ]: null

2020-06-05 21:11:05 - [TEST_STEP][PASSED] - switch (DropdownNm): null

2020-06-05 21:11:05 - [TEST_STEP][PASSED] - case "OrderType":: null

2020-06-05 21:11:05 - [TEST_STEP][PASSED] - ValueFound = ConstantTBL.find({ -> ... }): null

2020-06-05 21:11:05 - [TEST_STEP][PASSED] - break: null

2020-06-05 21:11:05 - [MESSAGE][PASSED] - Call Test Case 'Test Cases/PFI Precision and Scale/HashMap Tables/ConstantHashMap' successfully

2020-06-05 21:11:05 - [TEST_STEP][PASSED] - println(ValueFound): null

2020-06-05 21:11:05 - [TEST_STEP][PASSED] - sendKeys(NewInputNmField, Keys.chord(ARROW_DOWN)): Keys 'DOWN + ' sent to object: 'Object Repository/Objects.HighlightElements/input_field_index'

2020-06-05 21:11:05 - [MESSAGE][PASSED] - Keys 'DOWN + ' sent to object: 'Object Repository/Objects.HighlightElements/input_field_index'

2020-06-05 21:11:05 - [TEST_STEP][PASSED] - sendKeys(NewInputNmField, Keys.chord(ARROW_DOWN)): Keys 'DOWN + ' sent to object: 'Object Repository/Objects.HighlightElements/input_field_index'

2020-06-05 21:11:05 - [MESSAGE][PASSED] - Keys 'DOWN + ' sent to object: 'Object Repository/Objects.HighlightElements/input_field_index'

2020-06-05 21:11:05 - [TEST_STEP][PASSED] - delay(DelayTime): Delayed 2 second(s)

2020-06-05 21:11:07 - [MESSAGE][PASSED] - Delayed 2 second(s)

2020-06-05 21:11:07 - [TEST_STEP][PASSED] - sendKeys(NewInputNmField, Keys.chord(ENTER)): Keys 'ENTER + ' sent to object: 'Object Repository/Objects.HighlightElements/input_field_index'

2020-06-05 21:11:07 - [MESSAGE][PASSED] - Keys 'ENTER + ' sent to object: 'Object Repository/Objects.HighlightElements/input_field_index'

2020-06-05 21:11:07 - [TEST_STEP][PASSED] - ComboBoxValue = getAttribute(NewInputNmField, "value"): Attribute 'value' of object 'Object Repository/Objects.HighlightElements/input_field_index' is: 'Section 25'

2020-06-05 21:11:07 - [MESSAGE][PASSED] - Attribute 'value' of object 'Object Repository/Objects.HighlightElements/input_field_index' is: 'Section 25'

2020-06-05 21:11:07 - [TEST_STEP][PASSED] - callTestCase(findTestCase(CallTCName), ["FindValue":ComboBoxValue, "DropdownNm":comboNm], STOP_ON_FAILURE): Call Test Case 'Test Cases/PFI Precision and Scale/HashMap Tables/ConstantHashMap' successfully

2020-06-05 21:11:07 - [TEST_CASE][PASSED] - Test Cases/PFI Precision and Scale/HashMap Tables/ConstantHashMap: Test Cases/PFI Precision and Scale/HashMap Tables/ConstantHashMap

2020-06-05 21:11:07 - [TEST_STEP][PASSED] - ConstantTBL = [1:["PeriodType":"Working Day(s)"], 2:["PeriodType":"Calendar Day(s)"], 3:["PeriodType":"Month(s)"], 4:["TypeOfLetter":"T1"], ... ]: null

2020-06-05 21:11:07 - [TEST_STEP][PASSED] - switch (DropdownNm): null

2020-06-05 21:11:07 - [TEST_STEP][PASSED] - case "OrderType":: null

2020-06-05 21:11:07 - [TEST_STEP][PASSED] - ValueFound = ConstantTBL.find({ -> ... }): null

2020-06-05 21:11:07 - [TEST_STEP][PASSED] - break: null

2020-06-05 21:11:07 - [MESSAGE][PASSED] - Call Test Case 'Test Cases/PFI Precision and Scale/HashMap Tables/ConstantHashMap' successfully

2020-06-05 21:11:07 - [TEST_STEP][PASSED] - println(ValueFound): null

2020-06-05 21:11:07 - [TEST_STEP][PASSED] - sendKeys(NewInputNmField, Keys.chord(ARROW_DOWN)): Keys 'DOWN + ' sent to object: 'Object Repository/Objects.HighlightElements/input_field_index'

2020-06-05 21:11:07 - [MESSAGE][PASSED] - Keys 'DOWN + ' sent to object: 'Object Repository/Objects.HighlightElements/input_field_index'

2020-06-05 21:11:07 - [TEST_STEP][PASSED] - sendKeys(NewInputNmField, Keys.chord(ARROW_DOWN)): Keys 'DOWN + ' sent to object: 'Object Repository/Objects.HighlightElements/input_field_index'

2020-06-05 21:11:07 - [MESSAGE][PASSED] - Keys 'DOWN + ' sent to object: 'Object Repository/Objects.HighlightElements/input_field_index'

2020-06-05 21:11:07 - [TEST_STEP][PASSED] - delay(DelayTime): Delayed 2 second(s)

2020-06-05 21:11:09 - [MESSAGE][PASSED] - Delayed 2 second(s)

2020-06-05 21:11:09 - [TEST_STEP][PASSED] - sendKeys(NewInputNmField, Keys.chord(ENTER)): Keys 'ENTER + ' sent to object: 'Object Repository/Objects.HighlightElements/input_field_index'

2020-06-05 21:11:09 - [MESSAGE][PASSED] - Keys 'ENTER + ' sent to object: 'Object Repository/Objects.HighlightElements/input_field_index'

2020-06-05 21:11:09 - [TEST_STEP][PASSED] - ComboBoxValue = getAttribute(NewInputNmField, "value"): Attribute 'value' of object 'Object Repository/Objects.HighlightElements/input_field_index' is: 'Section 43'

2020-06-05 21:11:09 - [MESSAGE][PASSED] - Attribute 'value' of object 'Object Repository/Objects.HighlightElements/input_field_index' is: 'Section 43'

2020-06-05 21:11:09 - [TEST_STEP][PASSED] - callTestCase(findTestCase(CallTCName), ["FindValue":ComboBoxValue, "DropdownNm":comboNm], STOP_ON_FAILURE): Call Test Case 'Test Cases/PFI Precision and Scale/HashMap Tables/ConstantHashMap' successfully

2020-06-05 21:11:09 - [TEST_CASE][PASSED] - Test Cases/PFI Precision and Scale/HashMap Tables/ConstantHashMap: Test Cases/PFI Precision and Scale/HashMap Tables/ConstantHashMap

2020-06-05 21:11:09 - [TEST_STEP][PASSED] - ConstantTBL = [1:["PeriodType":"Working Day(s)"], 2:["PeriodType":"Calendar Day(s)"], 3:["PeriodType":"Month(s)"], 4:["TypeOfLetter":"T1"], ... ]: null

2020-06-05 21:11:09 - [TEST_STEP][PASSED] - switch (DropdownNm): null

2020-06-05 21:11:09 - [TEST_STEP][PASSED] - case "OrderType":: null

2020-06-05 21:11:09 - [TEST_STEP][PASSED] - ValueFound = ConstantTBL.find({ -> ... }): null

2020-06-05 21:11:09 - [TEST_STEP][PASSED] - break: null

2020-06-05 21:11:09 - [MESSAGE][PASSED] - Call Test Case 'Test Cases/PFI Precision and Scale/HashMap Tables/ConstantHashMap' successfully

2020-06-05 21:11:09 - [TEST_STEP][PASSED] - println(ValueFound): null

2020-06-05 21:11:09 - [TEST_STEP][PASSED] - sendKeys(NewInputNmField, Keys.chord(ARROW_DOWN)): Keys 'DOWN + ' sent to object: 'Object Repository/Objects.HighlightElements/input_field_index'

2020-06-05 21:11:09 - [MESSAGE][PASSED] - Keys 'DOWN + ' sent to object: 'Object Repository/Objects.HighlightElements/input_field_index'

2020-06-05 21:11:09 - [TEST_STEP][PASSED] - sendKeys(NewInputNmField, Keys.chord(ARROW_DOWN)): Keys 'DOWN + ' sent to object: 'Object Repository/Objects.HighlightElements/input_field_index'

2020-06-05 21:11:09 - [MESSAGE][PASSED] - Keys 'DOWN + ' sent to object: 'Object Repository/Objects.HighlightElements/input_field_index'

2020-06-05 21:11:09 - [TEST_STEP][PASSED] - delay(DelayTime): Delayed 2 second(s)

2020-06-05 21:11:11 - [MESSAGE][PASSED] - Delayed 2 second(s)

2020-06-05 21:11:11 - [TEST_STEP][PASSED] - sendKeys(NewInputNmField, Keys.chord(ENTER)): Keys 'ENTER + ' sent to object: 'Object Repository/Objects.HighlightElements/input_field_index'

2020-06-05 21:11:11 - [MESSAGE][PASSED] - Keys 'ENTER + ' sent to object: 'Object Repository/Objects.HighlightElements/input_field_index'

2020-06-05 21:11:11 - [TEST_STEP][PASSED] - ComboBoxValue = getAttribute(NewInputNmField, "value"): Attribute 'value' of object 'Object Repository/Objects.HighlightElements/input_field_index' is: 'Section 5'

2020-06-05 21:11:11 - [MESSAGE][PASSED] - Attribute 'value' of object 'Object Repository/Objects.HighlightElements/input_field_index' is: 'Section 5'

2020-06-05 21:11:11 - [TEST_STEP][PASSED] - callTestCase(findTestCase(CallTCName), ["FindValue":ComboBoxValue, "DropdownNm":comboNm], STOP_ON_FAILURE): Call Test Case 'Test Cases/PFI Precision and Scale/HashMap Tables/ConstantHashMap' successfully

2020-06-05 21:11:11 - [TEST_CASE][PASSED] - Test Cases/PFI Precision and Scale/HashMap Tables/ConstantHashMap: Test Cases/PFI Precision and Scale/HashMap Tables/ConstantHashMap

2020-06-05 21:11:11 - [TEST_STEP][PASSED] - ConstantTBL = [1:["PeriodType":"Working Day(s)"], 2:["PeriodType":"Calendar Day(s)"], 3:["PeriodType":"Month(s)"], 4:["TypeOfLetter":"T1"], ... ]: null

2020-06-05 21:11:11 - [TEST_STEP][PASSED] - switch (DropdownNm): null

2020-06-05 21:11:11 - [TEST_STEP][PASSED] - case "OrderType":: null

2020-06-05 21:11:11 - [TEST_STEP][PASSED] - ValueFound = ConstantTBL.find({ -> ... }): null

2020-06-05 21:11:11 - [TEST_STEP][PASSED] - break: null

2020-06-05 21:11:11 - [MESSAGE][PASSED] - Call Test Case 'Test Cases/PFI Precision and Scale/HashMap Tables/ConstantHashMap' successfully

2020-06-05 21:11:11 - [TEST_STEP][PASSED] - println(ValueFound): null

2020-06-05 21:11:11 - [TEST_STEP][PASSED] - sendKeys(NewInputNmField, Keys.chord(ARROW_DOWN)): Keys 'DOWN + ' sent to object: 'Object Repository/Objects.HighlightElements/input_field_index'

2020-06-05 21:11:11 - [MESSAGE][PASSED] - Keys 'DOWN + ' sent to object: 'Object Repository/Objects.HighlightElements/input_field_index'

2020-06-05 21:11:11 - [TEST_STEP][PASSED] - sendKeys(NewInputNmField, Keys.chord(ARROW_DOWN)): Keys 'DOWN + ' sent to object: 'Object Repository/Objects.HighlightElements/input_field_index'

2020-06-05 21:11:12 - [MESSAGE][PASSED] - Keys 'DOWN + ' sent to object: 'Object Repository/Objects.HighlightElements/input_field_index'

2020-06-05 21:11:12 - [TEST_STEP][PASSED] - delay(DelayTime): Delayed 2 second(s)

2020-06-05 21:11:14 - [MESSAGE][PASSED] - Delayed 2 second(s)

2020-06-05 21:11:14 - [TEST_STEP][PASSED] - sendKeys(NewInputNmField, Keys.chord(ENTER)): Keys 'ENTER + ' sent to object: 'Object Repository/Objects.HighlightElements/input_field_index'

2020-06-05 21:11:14 - [MESSAGE][PASSED] - Keys 'ENTER + ' sent to object: 'Object Repository/Objects.HighlightElements/input_field_index'

2020-06-05 21:11:14 - [TEST_STEP][PASSED] - ComboBoxValue = getAttribute(NewInputNmField, "value"): Attribute 'value' of object 'Object Repository/Objects.HighlightElements/input_field_index' is: 'Section 23 '

2020-06-05 21:11:14 - [MESSAGE][PASSED] - Attribute 'value' of object 'Object Repository/Objects.HighlightElements/input_field_index' is: 'Section 23 '

2020-06-05 21:11:14 - [TEST_STEP][PASSED] - callTestCase(findTestCase(CallTCName), ["FindValue":ComboBoxValue, "DropdownNm":comboNm], STOP_ON_FAILURE): Call Test Case 'Test Cases/PFI Precision and Scale/HashMap Tables/ConstantHashMap' successfully

2020-06-05 21:11:14 - [TEST_CASE][PASSED] - Test Cases/PFI Precision and Scale/HashMap Tables/ConstantHashMap: Test Cases/PFI Precision and Scale/HashMap Tables/ConstantHashMap

2020-06-05 21:11:14 - [TEST_STEP][PASSED] - ConstantTBL = [1:["PeriodType":"Working Day(s)"], 2:["PeriodType":"Calendar Day(s)"], 3:["PeriodType":"Month(s)"], 4:["TypeOfLetter":"T1"], ... ]: null

2020-06-05 21:11:14 - [TEST_STEP][PASSED] - switch (DropdownNm): null

2020-06-05 21:11:14 - [TEST_STEP][PASSED] - case "OrderType":: null

2020-06-05 21:11:14 - [TEST_STEP][PASSED] - ValueFound = ConstantTBL.find({ -> ... }): null

2020-06-05 21:11:14 - [TEST_STEP][PASSED] - break: null

2020-06-05 21:11:14 - [MESSAGE][PASSED] - Call Test Case 'Test Cases/PFI Precision and Scale/HashMap Tables/ConstantHashMap' successfully

2020-06-05 21:11:14 - [TEST_STEP][PASSED] - println(ValueFound): null

2020-06-05 21:11:14 - [TEST_STEP][PASSED] - sendKeys(NewInputNmField, Keys.chord(ARROW_DOWN)): Keys 'DOWN + ' sent to object: 'Object Repository/Objects.HighlightElements/input_field_index'

2020-06-05 21:11:14 - [MESSAGE][PASSED] - Keys 'DOWN + ' sent to object: 'Object Repository/Objects.HighlightElements/input_field_index'

2020-06-05 21:11:14 - [TEST_STEP][PASSED] - sendKeys(NewInputNmField, Keys.chord(ARROW_DOWN)): Keys 'DOWN + ' sent to object: 'Object Repository/Objects.HighlightElements/input_field_index'

2020-06-05 21:11:14 - [MESSAGE][PASSED] - Keys 'DOWN + ' sent to object: 'Object Repository/Objects.HighlightElements/input_field_index'

2020-06-05 21:11:14 - [TEST_STEP][PASSED] - delay(DelayTime): Delayed 2 second(s)

2020-06-05 21:11:16 - [MESSAGE][PASSED] - Delayed 2 second(s)

2020-06-05 21:11:16 - [TEST_STEP][PASSED] - sendKeys(NewInputNmField, Keys.chord(ENTER)): Keys 'ENTER + ' sent to object: 'Object Repository/Objects.HighlightElements/input_field_index'

2020-06-05 21:11:16 - [MESSAGE][PASSED] - Keys 'ENTER + ' sent to object: 'Object Repository/Objects.HighlightElements/input_field_index'

2020-06-05 21:11:16 - [TEST_STEP][PASSED] - ComboBoxValue = getAttribute(NewInputNmField, "value"): Attribute 'value' of object 'Object Repository/Objects.HighlightElements/input_field_index' is: 'Section 23 '

2020-06-05 21:11:16 - [MESSAGE][PASSED] - Attribute 'value' of object 'Object Repository/Objects.HighlightElements/input_field_index' is: 'Section 23 '

2020-06-05 21:11:16 - [TEST_STEP][PASSED] - callTestCase(findTestCase(CallTCName), ["FindValue":ComboBoxValue, "DropdownNm":comboNm], STOP_ON_FAILURE): Call Test Case 'Test Cases/PFI Precision and Scale/HashMap Tables/ConstantHashMap' successfully

2020-06-05 21:11:16 - [TEST_CASE][PASSED] - Test Cases/PFI Precision and Scale/HashMap Tables/ConstantHashMap: Test Cases/PFI Precision and Scale/HashMap Tables/ConstantHashMap

2020-06-05 21:11:16 - [TEST_STEP][PASSED] - ConstantTBL = [1:["PeriodType":"Working Day(s)"], 2:["PeriodType":"Calendar Day(s)"], 3:["PeriodType":"Month(s)"], 4:["TypeOfLetter":"T1"], ... ]: null

2020-06-05 21:11:16 - [TEST_STEP][PASSED] - switch (DropdownNm): null

2020-06-05 21:11:16 - [TEST_STEP][PASSED] - case "OrderType":: null

2020-06-05 21:11:16 - [TEST_STEP][PASSED] - ValueFound = ConstantTBL.find({ -> ... }): null

2020-06-05 21:11:16 - [TEST_STEP][PASSED] - break: null

2020-06-05 21:11:16 - [MESSAGE][PASSED] - Call Test Case 'Test Cases/PFI Precision and Scale/HashMap Tables/ConstantHashMap' successfully

2020-06-05 21:11:16 - [TEST_STEP][PASSED] - println(ValueFound): null

2020-06-05 21:11:16 - [TEST_STEP][PASSED] - sendKeys(NewInputNmField, Keys.chord(ARROW_DOWN)): Keys 'DOWN + ' sent to object: 'Object Repository/Objects.HighlightElements/input_field_index'

2020-06-05 21:11:16 - [MESSAGE][PASSED] - Keys 'DOWN + ' sent to object: 'Object Repository/Objects.HighlightElements/input_field_index'

2020-06-05 21:11:16 - [TEST_STEP][PASSED] - sendKeys(NewInputNmField, Keys.chord(ENTER)): Keys 'ENTER + ' sent to object: 'Object Repository/Objects.HighlightElements/input_field_index'

2020-06-05 21:11:16 - [MESSAGE][PASSED] - Keys 'ENTER + ' sent to object: 'Object Repository/Objects.HighlightElements/input_field_index'

2020-06-05 21:11:16 - [MESSAGE][PASSED] - Call Test Case 'Test Cases/PFI Precision and Scale/PFI Components with Indexing/VerifyDropdownValuesXPI' successfully

2020-06-05 21:11:16 - [TEST_STEP][PASSED] - callTestCase(findTestCase("Components/HighlightLabelFieldXPI"), ["LblName":"Bldg Grp Id", "index":1], STOP_ON_FAILURE): Call Test Case 'Test Cases/Components/HighlightLabelFieldXPI' successfully

2020-06-05 21:11:16 - [TEST_CASE][PASSED] - Test Cases/Components/HighlightLabelFieldXPI: Test Cases/Components/HighlightLabelFieldXPI

2020-06-05 21:11:16 - [TEST_STEP][PASSED] - Thread.sleep(1000): null

2020-06-05 21:11:17 - [TEST_STEP][PASSED] - modifiedLblNm = modifyObjectProperty(findTestObject("Object Repository/Objects.HighlightElements/lblField_index"), "xpath", "equals", "(//*[contains(@class, 'x-form-item-label-inner x-form-item-label-inner-default') and contains(., '" + LblName + "')])[" + index + "]", true): Modify property of object successfully

2020-06-05 21:11:17 - [MESSAGE][PASSED] - Modify property of object successfully

2020-06-05 21:11:17 - [TEST_STEP][PASSED] - com.reusableComponents.HighlightElement.run(modifiedLblNm): com.reusableComponents.HighlightElement.run is PASSED

2020-06-05 21:11:17 - [MESSAGE][PASSED] - com.reusableComponents.HighlightElement.run is PASSED

2020-06-05 21:11:17 - [MESSAGE][PASSED] - Call Test Case 'Test Cases/Components/HighlightLabelFieldXPI' successfully

2020-06-05 21:11:17 - [TEST_STEP][PASSED] - callTestCase(findTestCase("Components/HighlightInputFieldXPI"), ["FldNm":"bldgGrpId", "index":1], STOP_ON_FAILURE): Call Test Case 'Test Cases/Components/HighlightInputFieldXPI' successfully

2020-06-05 21:11:18 - [TEST_CASE][PASSED] - Test Cases/Components/HighlightInputFieldXPI: Test Cases/Components/HighlightInputFieldXPI

2020-06-05 21:11:18 - [TEST_STEP][PASSED] - Thread.sleep(1000): null

2020-06-05 21:11:19 - [TEST_STEP][PASSED] - modifiedInputNm = modifyObjectProperty(findTestObject("Object Repository/Objects.HighlightElements/input_field_index"), "xpath", "equals", "(//*[contains(@name, '" + FldNm + "')])[" + index + "]", true): Modify property of object successfully

2020-06-05 21:11:19 - [MESSAGE][PASSED] - Modify property of object successfully

2020-06-05 21:11:19 - [TEST_STEP][PASSED] - com.reusableComponents.HighlightElement.run(modifiedInputNm): com.reusableComponents.HighlightElement.run is PASSED

2020-06-05 21:11:19 - [MESSAGE][PASSED] - com.reusableComponents.HighlightElement.run is PASSED

2020-06-05 21:11:19 - [MESSAGE][PASSED] - Call Test Case 'Test Cases/Components/HighlightInputFieldXPI' successfully

2020-06-05 21:11:19 - [TEST_STEP][PASSED] - callTestCase(findTestCase("PFI Precision and Scale/PFI Components with Indexing/VerifyDefaultValueIndex"), ["FieldNm":"bldgGrpId", "index":1, "labelNm":"Group Building ID:", "i":1], STOP_ON_FAILURE): Call Test Case 'Test Cases/PFI Precision and Scale/PFI Components with Indexing/VerifyDefaultValueIndex' successfully

2020-06-05 21:11:19 - [TEST_CASE][PASSED] - Test Cases/PFI Precision and Scale/PFI Components with Indexing/VerifyDefaultValueIndex: Test Cases/PFI Precision and Scale/PFI Components with Indexing/VerifyDefaultValueIndex

2020-06-05 21:11:19 - [TEST_STEP][PASSED] - Thread.sleep(1000): null

2020-06-05 21:11:20 - [TEST_STEP][PASSED] - DefaultValueHM = ["periodType":"Working Day(s)", "noOfDays":"14", "inspWeight":"1", "inspModule":"PSI", "inspCaseType":"PSI Processing (SM)"]: null

2020-06-05 21:11:20 - [TEST_STEP][PASSED] - NewFieldNm = modifyObjectProperty(findTestObject("Object Repository/Objects.HighlightElements/input_field_index"), "xpath", "equals", "(//*[contains(@name,'" + FieldNm + "')])[" + index + "]", true): Modify property of object successfully

2020-06-05 21:11:20 - [MESSAGE][PASSED] - Modify property of object successfully

2020-06-05 21:11:20 - [TEST_STEP][PASSED] - focus(NewFieldNm): Object: 'Object Repository/Objects.HighlightElements/input_field_index' is focused

2020-06-05 21:11:20 - [MESSAGE][PASSED] - Object: 'Object Repository/Objects.HighlightElements/input_field_index' is focused

2020-06-05 21:11:20 - [TEST_STEP][PASSED] - DefVal = getAttribute(NewFieldNm, "value", STOP_ON_FAILURE): Attribute 'value' of object 'Object Repository/Objects.HighlightElements/input_field_index' is: 'BG 2006-08-03754'

2020-06-05 21:11:20 - [MESSAGE][PASSED] - Attribute 'value' of object 'Object Repository/Objects.HighlightElements/input_field_index' is: 'BG 2006-08-03754'

2020-06-05 21:11:20 - [TEST_STEP][PASSED] - switch (FieldNm): null

2020-06-05 21:11:20 - [TEST_STEP][PASSED] - case "bldgGrpId":: null

2020-06-05 21:11:20 - [TEST_STEP][PASSED] - callTestCase(findTestCase("Components/NavigateToAnyLHS"), ["LHS":"Summary"], STOP_ON_FAILURE): Call Test Case 'Test Cases/Components/NavigateToAnyLHS' successfully

2020-06-05 21:11:20 - [TEST_CASE][PASSED] - Test Cases/Components/NavigateToAnyLHS: Test Cases/Components/NavigateToAnyLHS

2020-06-05 21:11:20 - [TEST_STEP][PASSED] - Thread.sleep(1000): null

2020-06-05 21:11:21 - [TEST_STEP][PASSED] - modifiedLHS = modifyObjectProperty(findTestObject("Objects.NavigateToAnyLHS/Page_ISPS2/LHSToModify"), "text", "equals", LHS, true): Modify property of object successfully

2020-06-05 21:11:21 - [MESSAGE][PASSED] - Modify property of object successfully

2020-06-05 21:11:21 - [TEST_STEP][PASSED] - click(modifiedLHS): Object: 'Object Repository/Objects.NavigateToAnyLHS/Page_ISPS2/LHSToModify' is clicked on

2020-06-05 21:11:22 - [MESSAGE][PASSED] - Object: 'Object Repository/Objects.NavigateToAnyLHS/Page_ISPS2/LHSToModify' is clicked on

2020-06-05 21:11:22 - [TEST_STEP][PASSED] - currentLHS = getText(modifiedLHS): Text of object 'Object Repository/Objects.NavigateToAnyLHS/Page_ISPS2/LHSToModify' is: 'Summary'

2020-06-05 21:11:22 - [MESSAGE][PASSED] - Text of object 'Object Repository/Objects.NavigateToAnyLHS/Page_ISPS2/LHSToModify' is: 'Summary'

2020-06-05 21:11:22 - [TEST_STEP][PASSED] - Thread.sleep(5000): null

2020-06-05 21:11:27 - [MESSAGE][PASSED] - Call Test Case 'Test Cases/Components/NavigateToAnyLHS' successfully

2020-06-05 21:11:27 - [TEST_STEP][PASSED] - modifiedLabelFld = modifyObjectProperty(NewFieldNm, "xpath", "equals", "//*[text()='" + labelNm + "']//following::div[" + i + "]", true): Modify property of object successfully

2020-06-05 21:11:27 - [MESSAGE][PASSED] - Modify property of object successfully

2020-06-05 21:11:27 - [TEST_STEP][PASSED] - BldgID = getText(modifiedLabelFld): Text of object 'Object Repository/Objects.HighlightElements/input_field_index' is: 'BG 2006-08-03754'

2020-06-05 21:11:27 - [MESSAGE][PASSED] - Text of object 'Object Repository/Objects.HighlightElements/input_field_index' is: 'BG 2006-08-03754'

2020-06-05 21:11:27 - [TEST_STEP][PASSED] - com.reusableComponents.HighlightElement.run(modifiedLabelFld): com.reusableComponents.HighlightElement.run is PASSED

2020-06-05 21:11:27 - [MESSAGE][PASSED] - com.reusableComponents.HighlightElement.run is PASSED

2020-06-05 21:11:27 - [TEST_STEP][PASSED] - verifyMatch(DefVal, BldgID, true, STOP_ON_FAILURE): Actual text 'BG 2006-08-03754' and expected text 'BG 2006-08-03754' are matched  using regular expression

2020-06-05 21:11:27 - [MESSAGE][PASSED] - Actual text 'BG 2006-08-03754' and expected text 'BG 2006-08-03754' are matched  using regular expression

2020-06-05 21:11:27 - [TEST_STEP][PASSED] - callTestCase(findTestCase("Components/NavigateToAnyLHS"), ["LHS":"Court Actions"], STOP_ON_FAILURE): Call Test Case 'Test Cases/Components/NavigateToAnyLHS' successfully

2020-06-05 21:11:27 - [TEST_CASE][PASSED] - Test Cases/Components/NavigateToAnyLHS: Test Cases/Components/NavigateToAnyLHS

2020-06-05 21:11:27 - [TEST_STEP][PASSED] - Thread.sleep(1000): null

2020-06-05 21:11:28 - [TEST_STEP][PASSED] - modifiedLHS = modifyObjectProperty(findTestObject("Objects.NavigateToAnyLHS/Page_ISPS2/LHSToModify"), "text", "equals", LHS, true): Modify property of object successfully

2020-06-05 21:11:28 - [MESSAGE][PASSED] - Modify property of object successfully

2020-06-05 21:11:28 - [TEST_STEP][PASSED] - click(modifiedLHS): Object: 'Object Repository/Objects.NavigateToAnyLHS/Page_ISPS2/LHSToModify' is clicked on

2020-06-05 21:11:28 - [MESSAGE][PASSED] - Object: 'Object Repository/Objects.NavigateToAnyLHS/Page_ISPS2/LHSToModify' is clicked on

2020-06-05 21:11:28 - [TEST_STEP][PASSED] - currentLHS = getText(modifiedLHS): Text of object 'Object Repository/Objects.NavigateToAnyLHS/Page_ISPS2/LHSToModify' is: 'Court Actions'

2020-06-05 21:11:28 - [MESSAGE][PASSED] - Text of object 'Object Repository/Objects.NavigateToAnyLHS/Page_ISPS2/LHSToModify' is: 'Court Actions'

2020-06-05 21:11:28 - [TEST_STEP][PASSED] - Thread.sleep(5000): null

2020-06-05 21:11:33 - [MESSAGE][PASSED] - Call Test Case 'Test Cases/Components/NavigateToAnyLHS' successfully

2020-06-05 21:11:33 - [TEST_STEP][PASSED] - break: null

2020-06-05 21:11:33 - [MESSAGE][PASSED] - Call Test Case 'Test Cases/PFI Precision and Scale/PFI Components with Indexing/VerifyDefaultValueIndex' successfully

2020-06-05 21:11:33 - [TEST_STEP][PASSED] - callTestCase(findTestCase("Components/SelectAllThenDeleteXPI"), ["nameToBeUsed":"bldgGrpId", "index":1], STOP_ON_FAILURE): Call Test Case 'Test Cases/Components/SelectAllThenDeleteXPI' successfully

2020-06-05 21:11:33 - [TEST_CASE][PASSED] - Test Cases/Components/SelectAllThenDeleteXPI: Test Cases/Components/SelectAllThenDeleteXPI

2020-06-05 21:11:33 - [TEST_STEP][PASSED] - Thread.sleep(1000): null

2020-06-05 21:11:34 - [TEST_STEP][PASSED] - modifiedObj = modifyObjectProperty(findTestObject("Object Repository/Objects.HighlightElements/input_field_index"), "xpath", "equals", "(//*[contains(@name,'" + nameToBeUsed + "')])[" + index + "]", true): Modify property of object successfully

2020-06-05 21:11:34 - [MESSAGE][PASSED] - Modify property of object successfully

2020-06-05 21:11:34 - [TEST_STEP][PASSED] - focus(modifiedObj): Object: 'Object Repository/Objects.HighlightElements/input_field_index' is focused

2020-06-05 21:11:35 - [MESSAGE][PASSED] - Object: 'Object Repository/Objects.HighlightElements/input_field_index' is focused

2020-06-05 21:11:35 - [TEST_STEP][PASSED] - sendKeys(modifiedObj, Keys.chord(CONTROL, "a")): Keys 'CONTROL + a' sent to object: 'Object Repository/Objects.HighlightElements/input_field_index'

2020-06-05 21:11:35 - [MESSAGE][PASSED] - Keys 'CONTROL + a' sent to object: 'Object Repository/Objects.HighlightElements/input_field_index'

2020-06-05 21:11:35 - [TEST_STEP][PASSED] - sendKeys(modifiedObj, Keys.chord(DELETE)): Keys 'DELETE + ' sent to object: 'Object Repository/Objects.HighlightElements/input_field_index'

2020-06-05 21:11:35 - [MESSAGE][PASSED] - Keys 'DELETE + ' sent to object: 'Object Repository/Objects.HighlightElements/input_field_index'

2020-06-05 21:11:35 - [MESSAGE][PASSED] - Call Test Case 'Test Cases/Components/SelectAllThenDeleteXPI' successfully

2020-06-05 21:11:35 - [TEST_STEP][PASSED] - callTestCase(findTestCase("PFI Precision and Scale/PFI Components with Indexing/AlphaNumericSpecialValidationIndex"), ["FldNm":"bldgGrpId", "LenChar":10, "index":1], STOP_ON_FAILURE): Call Test Case 'Test Cases/PFI Precision and Scale/PFI Components with Indexing/AlphaNumericSpecialValidationIndex' successfully

2020-06-05 21:11:35 - [TEST_CASE][PASSED] - Test Cases/PFI Precision and Scale/PFI Components with Indexing/AlphaNumericSpecialValidationIndex: Test Cases/PFI Precision and Scale/PFI Components with Indexing/AlphaNumericSpecialValidationIndex

2020-06-05 21:11:35 - [TEST_STEP][PASSED] - charset = /?><"".join(): null

2020-06-05 21:11:35 - [TEST_STEP][PASSED] - AlphaNumeric = 9).join(): null

2020-06-05 21:11:35 - [TEST_STEP][PASSED] - SpecialChar = "`~!@#$%^&*()-=+_{}|\][;'":,./?><"": null

2020-06-05 21:11:35 - [TEST_STEP][PASSED] - RandomString = RandomStringUtils.random(LenChar, AlphaNumeric.toCharArray()): null

2020-06-05 21:11:35 - [TEST_STEP][PASSED] - RdmSpChar = RandomStringUtils.random(LenChar, SpecialChar): null

2020-06-05 21:11:35 - [TEST_STEP][PASSED] - regexPat = Pattern.compile("^[A-Za-z0-9 ]+$"): null

2020-06-05 21:11:35 - [TEST_STEP][PASSED] - NewInputNmField = modifyObjectProperty(findTestObject("Object Repository/Objects.HighlightElements/input_field_index"), "xpath", "equals", "(//*[contains(@class,'x-form-text') and (@name='" + FldNm + "')])[" + index + "]", true): Modify property of object successfully

2020-06-05 21:11:35 - [MESSAGE][PASSED] - Modify property of object successfully

2020-06-05 21:11:35 - [TEST_STEP][PASSED] - setText(NewInputNmField, RandomString): Text 'krHkxZ8KeK' is set on object 'Object Repository/Objects.HighlightElements/input_field_index'

2020-06-05 21:11:35 - [MESSAGE][PASSED] - Text 'krHkxZ8KeK' is set on object 'Object Repository/Objects.HighlightElements/input_field_index'

2020-06-05 21:11:35 - [TEST_STEP][PASSED] - RemarksAN = getAttribute(NewInputNmField, "value"): Attribute 'value' of object 'Object Repository/Objects.HighlightElements/input_field_index' is: 'krHkxZ8KeK'

2020-06-05 21:11:35 - [MESSAGE][PASSED] - Attribute 'value' of object 'Object Repository/Objects.HighlightElements/input_field_index' is: 'krHkxZ8KeK'

2020-06-05 21:11:35 - [TEST_STEP][PASSED] - matchStr = regexPat.matcher(RemarksAN): null

2020-06-05 21:11:35 - [TEST_STEP][PASSED] - if (matchStr.matches() == true): Accepting Alphanumeric

2020-06-05 21:11:35 - [TEST_STEP][PASSED] - comment("Accepting Alphanumeric"): Accepting Alphanumeric

2020-06-05 21:11:35 - [MESSAGE][INFO] - Accepting Alphanumeric

2020-06-05 21:11:35 - [TEST_STEP][PASSED] - setText(NewInputNmField, RdmSpChar): Text '*(-",^.#@"' is set on object 'Object Repository/Objects.HighlightElements/input_field_index'

2020-06-05 21:11:35 - [MESSAGE][PASSED] - Text '*(-",^.#@"' is set on object 'Object Repository/Objects.HighlightElements/input_field_index'

2020-06-05 21:11:35 - [TEST_STEP][PASSED] - RemarksSpChar = getAttribute(NewInputNmField, "value"): Attribute 'value' of object 'Object Repository/Objects.HighlightElements/input_field_index' is: '*(-",^.#@"'

2020-06-05 21:11:35 - [MESSAGE][PASSED] - Attribute 'value' of object 'Object Repository/Objects.HighlightElements/input_field_index' is: '*(-",^.#@"'

2020-06-05 21:11:35 - [TEST_STEP][PASSED] - matchSp = regexPat.matcher(RemarksSpChar): null

2020-06-05 21:11:35 - [TEST_STEP][PASSED] - if (matchSp.matches() == false): Accepting Special Characters

2020-06-05 21:11:35 - [TEST_STEP][PASSED] - comment("Accepting Special Characters"): Accepting Special Characters

2020-06-05 21:11:35 - [MESSAGE][INFO] - Accepting Special Characters

2020-06-05 21:11:35 - [MESSAGE][PASSED] - Call Test Case 'Test Cases/PFI Precision and Scale/PFI Components with Indexing/AlphaNumericSpecialValidationIndex' successfully

2020-06-05 21:11:35 - [TEST_STEP][PASSED] - callTestCase(findTestCase("PFI Precision and Scale/PFI Components with Indexing/MaxCharLengthIndexValidation"), ["FieldNm":"bldgGrpId", "index":1, "MaxCharLen":101], STOP_ON_FAILURE): Call Test Case 'Test Cases/PFI Precision and Scale/PFI Components with Indexing/MaxCharLengthIndexValidation' successfully

2020-06-05 21:11:35 - [TEST_CASE][PASSED] - Test Cases/PFI Precision and Scale/PFI Components with Indexing/MaxCharLengthIndexValidation: Test Cases/PFI Precision and Scale/PFI Components with Indexing/MaxCharLengthIndexValidation

2020-06-05 21:11:35 - [TEST_STEP][PASSED] - Thread.sleep(1000): null

2020-06-05 21:11:36 - [TEST_STEP][PASSED] - CharLengthTBL = ["aoNotes":4000, "notes":4000, "hseBlkNo":10, "buildingName":100, "unformattedAddress":4000, "courtNo":20, "caseGrpDesc":4000, ... ]: null

2020-06-05 21:11:36 - [TEST_STEP][PASSED] - charset = /?><"".join(): null

2020-06-05 21:11:36 - [TEST_STEP][PASSED] - RandomStringVal = RandomStringUtils.random(MaxCharLen, charset.toCharArray()): null

2020-06-05 21:11:36 - [TEST_STEP][PASSED] - NewInputNmField = modifyObjectProperty(findTestObject("Object Repository/Objects.HighlightElements/input_field_index"), "xpath", "equals", "(//*[contains(@class,'x-form-text') and (@name='" + FieldNm + "')])[" + index + "]", true): Modify property of object successfully

2020-06-05 21:11:36 - [MESSAGE][PASSED] - Modify property of object successfully

2020-06-05 21:11:36 - [TEST_STEP][PASSED] - setText(NewInputNmField, RandomStringVal): Text '@:j,WHbDH0tvSg`Wcg*BkG)Wi^zWmk5-MA*jrr@Srpac2,W&O.lI-8['T*@q:_@.mi#N%:BM%/_b(-IV`,q\78R,.Q5W`yxDJ(OWf' is set on object 'Object Repository/Objects.HighlightElements/input_field_index'

2020-06-05 21:11:38 - [MESSAGE][PASSED] - Text '@:j,WHbDH0tvSg`Wcg*BkG)Wi^zWmk5-MA*jrr@Srpac2,W&O.lI-8['T*@q:_@.mi#N%:BM%/_b(-IV`,q\78R,.Q5W`yxDJ(OWf' is set on object 'Object Repository/Objects.HighlightElements/input_field_index'

2020-06-05 21:11:38 - [TEST_STEP][PASSED] - GetInputValue = getAttribute(NewInputNmField, "value", STOP_ON_FAILURE): Attribute 'value' of object 'Object Repository/Objects.HighlightElements/input_field_index' is: '@:j,WHbDH0tvSg`Wcg*BkG)Wi^zWmk5-MA*jrr@Srpac2,W&O.lI-8['T*@q:_@.mi#N%:BM%/_b(-IV`,q\78R,.Q5W`yxDJ(OW'

2020-06-05 21:11:38 - [MESSAGE][PASSED] - Attribute 'value' of object 'Object Repository/Objects.HighlightElements/input_field_index' is: '@:j,WHbDH0tvSg`Wcg*BkG)Wi^zWmk5-MA*jrr@Srpac2,W&O.lI-8['T*@q:_@.mi#N%:BM%/_b(-IV`,q\78R,.Q5W`yxDJ(OW'

2020-06-05 21:11:38 - [TEST_STEP][PASSED] - GetLenChar = GetInputValue.length(): null

2020-06-05 21:11:38 - [TEST_STEP][PASSED] - MaxLength = CharLengthTBL.get(FieldNm): null

2020-06-05 21:11:38 - [TEST_STEP][PASSED] - if (MaxLength != null): Actual object '100' and expected object '100' are equal

2020-06-05 21:11:38 - [TEST_STEP][PASSED] - verifyEqual(GetLenChar, MaxLength): Actual object '100' and expected object '100' are equal

2020-06-05 21:11:38 - [MESSAGE][PASSED] - Actual object '100' and expected object '100' are equal

2020-06-05 21:11:38 - [MESSAGE][PASSED] - Call Test Case 'Test Cases/PFI Precision and Scale/PFI Components with Indexing/MaxCharLengthIndexValidation' successfully

2020-06-05 21:11:38 - [TEST_STEP][PASSED] - callTestCase(findTestCase("Components/HighlightLabelFieldXPI"), ["LblName":"Complaint Date", "index":1], STOP_ON_FAILURE): Call Test Case 'Test Cases/Components/HighlightLabelFieldXPI' successfully

2020-06-05 21:11:38 - [TEST_CASE][PASSED] - Test Cases/Components/HighlightLabelFieldXPI: Test Cases/Components/HighlightLabelFieldXPI

2020-06-05 21:11:38 - [TEST_STEP][PASSED] - Thread.sleep(1000): null

2020-06-05 21:11:39 - [TEST_STEP][PASSED] - modifiedLblNm = modifyObjectProperty(findTestObject("Object Repository/Objects.HighlightElements/lblField_index"), "xpath", "equals", "(//*[contains(@class, 'x-form-item-label-inner x-form-item-label-inner-default') and contains(., '" + LblName + "')])[" + index + "]", true): Modify property of object successfully

2020-06-05 21:11:39 - [MESSAGE][PASSED] - Modify property of object successfully

2020-06-05 21:11:39 - [TEST_STEP][PASSED] - com.reusableComponents.HighlightElement.run(modifiedLblNm): com.reusableComponents.HighlightElement.run is PASSED

2020-06-05 21:11:39 - [MESSAGE][PASSED] - com.reusableComponents.HighlightElement.run is PASSED

2020-06-05 21:11:39 - [MESSAGE][PASSED] - Call Test Case 'Test Cases/Components/HighlightLabelFieldXPI' successfully

2020-06-05 21:11:40 - [TEST_STEP][PASSED] - callTestCase(findTestCase("Components/HighlightInputFieldXPI"), ["FldNm":"complaintDt", "index":1], STOP_ON_FAILURE): Call Test Case 'Test Cases/Components/HighlightInputFieldXPI' successfully

2020-06-05 21:11:40 - [TEST_CASE][PASSED] - Test Cases/Components/HighlightInputFieldXPI: Test Cases/Components/HighlightInputFieldXPI

2020-06-05 21:11:40 - [TEST_STEP][PASSED] - Thread.sleep(1000): null

2020-06-05 21:11:41 - [TEST_STEP][PASSED] - modifiedInputNm = modifyObjectProperty(findTestObject("Object Repository/Objects.HighlightElements/input_field_index"), "xpath", "equals", "(//*[contains(@name, '" + FldNm + "')])[" + index + "]", true): Modify property of object successfully

2020-06-05 21:11:41 - [MESSAGE][PASSED] - Modify property of object successfully

2020-06-05 21:11:41 - [TEST_STEP][PASSED] - com.reusableComponents.HighlightElement.run(modifiedInputNm): com.reusableComponents.HighlightElement.run is PASSED

2020-06-05 21:11:41 - [MESSAGE][PASSED] - com.reusableComponents.HighlightElement.run is PASSED

2020-06-05 21:11:41 - [MESSAGE][PASSED] - Call Test Case 'Test Cases/Components/HighlightInputFieldXPI' successfully

2020-06-05 21:11:41 - [TEST_STEP][PASSED] - callTestCase(findTestCase("PFI Precision and Scale/PFI Components with Indexing/NumericTextboxValidationIndex"), ["nameToBeUsed":"complaintDt", "index":1, "minLen":5], STOP_ON_FAILURE): Call Test Case 'Test Cases/PFI Precision and Scale/PFI Components with Indexing/NumericTextboxValidationIndex' successfully

2020-06-05 21:11:41 - [TEST_CASE][PASSED] - Test Cases/PFI Precision and Scale/PFI Components with Indexing/NumericTextboxValidationIndex: Test Cases/PFI Precision and Scale/PFI Components with Indexing/NumericTextboxValidationIndex

2020-06-05 21:11:41 - [TEST_STEP][PASSED] - Thread.sleep(1000): null

2020-06-05 21:11:42 - [TEST_STEP][PASSED] - Numeric = "0123456789": null

2020-06-05 21:11:42 - [TEST_STEP][PASSED] - AlphaSpecialChar = z) + "`~!@#$%^&*()=_{}|\][;'":,?><"".join(): null

2020-06-05 21:11:42 - [TEST_STEP][PASSED] - RandomNumeric = RandomStringUtils.random(minLen, Numeric.toCharArray()): null

2020-06-05 21:11:42 - [TEST_STEP][PASSED] - RandomString = RandomStringUtils.random(minLen, AlphaSpecialChar): null

2020-06-05 21:11:42 - [TEST_STEP][PASSED] - regexPat = Pattern.compile("^[0-9]+$"): null

2020-06-05 21:11:42 - [TEST_STEP][PASSED] - NewInputNmField = modifyObjectProperty(findTestObject("Object Repository/Objects.HighlightElements/input_field_index"), "xpath", "equals", "(//*[contains(@class,'x-form-text') and (@name='" + nameToBeUsed + "')])[" + index + "]", true): Modify property of object successfully

2020-06-05 21:11:42 - [MESSAGE][PASSED] - Modify property of object successfully

2020-06-05 21:11:42 - [TEST_STEP][PASSED] - focus(NewInputNmField): Object: 'Object Repository/Objects.HighlightElements/input_field_index' is focused

2020-06-05 21:11:42 - [MESSAGE][PASSED] - Object: 'Object Repository/Objects.HighlightElements/input_field_index' is focused

2020-06-05 21:11:42 - [TEST_STEP][PASSED] - setText(NewInputNmField, RandomString): Text 'g"B)%' is set on object 'Object Repository/Objects.HighlightElements/input_field_index'

2020-06-05 21:11:42 - [MESSAGE][PASSED] - Text 'g"B)%' is set on object 'Object Repository/Objects.HighlightElements/input_field_index'

2020-06-05 21:11:42 - [TEST_STEP][PASSED] - GetInputVal = getAttribute(NewInputNmField, "value"): Attribute 'value' of object 'Object Repository/Objects.HighlightElements/input_field_index' is: ''

2020-06-05 21:11:42 - [MESSAGE][PASSED] - Attribute 'value' of object 'Object Repository/Objects.HighlightElements/input_field_index' is: ''

2020-06-05 21:11:42 - [TEST_STEP][PASSED] - if (GetInputVal.contains("e")): null

2020-06-05 21:11:42 - [TEST_STEP][PASSED] - else: Actual text '' and expected text '' are matched  using regular expression

2020-06-05 21:11:42 - [TEST_STEP][PASSED] - verifyMatch(GetInputVal, "", true): Actual text '' and expected text '' are matched  using regular expression

2020-06-05 21:11:42 - [MESSAGE][PASSED] - Actual text '' and expected text '' are matched  using regular expression

2020-06-05 21:11:42 - [TEST_STEP][PASSED] - setText(NewInputNmField, RandomNumeric): Text '56573' is set on object 'Object Repository/Objects.HighlightElements/input_field_index'

2020-06-05 21:11:42 - [MESSAGE][PASSED] - Text '56573' is set on object 'Object Repository/Objects.HighlightElements/input_field_index'

2020-06-05 21:11:42 - [TEST_STEP][PASSED] - GetEnteredIntegers = getAttribute(NewInputNmField, "value"): Attribute 'value' of object 'Object Repository/Objects.HighlightElements/input_field_index' is: '56573'

2020-06-05 21:11:42 - [MESSAGE][PASSED] - Attribute 'value' of object 'Object Repository/Objects.HighlightElements/input_field_index' is: '56573'

2020-06-05 21:11:42 - [TEST_STEP][PASSED] - matchStr = regexPat.matcher(GetEnteredIntegers): null

2020-06-05 21:11:42 - [TEST_STEP][PASSED] - if (matchStr.matches() == true): Accepting Numeric

2020-06-05 21:11:42 - [TEST_STEP][PASSED] - comment("Accepting Numeric"): Accepting Numeric

2020-06-05 21:11:42 - [MESSAGE][INFO] - Accepting Numeric

2020-06-05 21:11:42 - [MESSAGE][PASSED] - Call Test Case 'Test Cases/PFI Precision and Scale/PFI Components with Indexing/NumericTextboxValidationIndex' successfully

2020-06-05 21:11:42 - [TEST_STEP][PASSED] - callTestCase(findTestCase("PFI Precision and Scale/PFI Components with Indexing/InvalidDateErrorValidationIndex"), ["FldNm":"complaintDt", "index":1], STOP_ON_FAILURE): Call Test Case 'Test Cases/PFI Precision and Scale/PFI Components with Indexing/InvalidDateErrorValidationIndex' successfully

2020-06-05 21:11:43 - [TEST_CASE][PASSED] - Test Cases/PFI Precision and Scale/PFI Components with Indexing/InvalidDateErrorValidationIndex: Test Cases/PFI Precision and Scale/PFI Components with Indexing/InvalidDateErrorValidationIndex

2020-06-05 21:11:43 - [TEST_STEP][PASSED] - Thread.sleep(1000): null

2020-06-05 21:11:44 - [TEST_STEP][PASSED] - DateFieldNm = modifyObjectProperty(findTestObject("Object Repository/Objects.HighlightElements/input_field_index"), "xpath", "equals", "(//*[contains(@class,'x-form-text') and (@name='" + FldNm + "')])[" + index + "]", true): Modify property of object successfully

2020-06-05 21:11:44 - [MESSAGE][PASSED] - Modify property of object successfully

2020-06-05 21:11:44 - [TEST_STEP][PASSED] - focus(DateFieldNm): Object: 'Object Repository/Objects.HighlightElements/input_field_index' is focused

2020-06-05 21:11:44 - [MESSAGE][PASSED] - Object: 'Object Repository/Objects.HighlightElements/input_field_index' is focused

2020-06-05 21:11:44 - [TEST_STEP][PASSED] - getInputInvalidDate = getAttribute(DateFieldNm, "value"): Attribute 'value' of object 'Object Repository/Objects.HighlightElements/input_field_index' is: '56573'

2020-06-05 21:11:44 - [MESSAGE][PASSED] - Attribute 'value' of object 'Object Repository/Objects.HighlightElements/input_field_index' is: '56573'

2020-06-05 21:11:44 - [TEST_STEP][PASSED] - mouseOver(DateFieldNm): Object: 'Object Repository/Objects.HighlightElements/input_field_index' is hovered

2020-06-05 21:11:44 - [MESSAGE][PASSED] - Object: 'Object Repository/Objects.HighlightElements/input_field_index' is hovered

2020-06-05 21:11:44 - [TEST_STEP][PASSED] - getErrMsg = getAttribute(DateFieldNm, "data-errorqtip"): Attribute 'data-errorqtip' of object 'Object Repository/Objects.HighlightElements/input_field_index' is: '<ul class="x-list-plain"><li>56573 is not a valid date - it must be in the format d/m/Y</li></ul>'

2020-06-05 21:11:44 - [MESSAGE][PASSED] - Attribute 'data-errorqtip' of object 'Object Repository/Objects.HighlightElements/input_field_index' is: '<ul class="x-list-plain"><li>56573 is not a valid date - it must be in the format d/m/Y</li></ul>'

2020-06-05 21:11:44 - [TEST_STEP][PASSED] - getTotalLength = getErrMsg.length(): null

2020-06-05 21:11:44 - [TEST_STEP][PASSED] - RemoveULClass = getErrMsg.substring(29, getTotalLength): null

2020-06-05 21:11:44 - [TEST_STEP][PASSED] - LengthNoUlClass = RemoveULClass.length() - 10: null

2020-06-05 21:11:44 - [TEST_STEP][PASSED] - ToolTipInvErrMsg = RemoveULClass.substring(0, LengthNoUlClass): null

2020-06-05 21:11:44 - [TEST_STEP][PASSED] - ExpectedInvalidErrMsg = concatenate(getInputInvalidDate, " ", NotValidDt): Concatenated string array: '['56573',' ','is not a valid date - it must be in the format d/m/Y']' into '56573 is not a valid date - it must be in the format d/m/Y'

2020-06-05 21:11:44 - [MESSAGE][PASSED] - Concatenated string array: '['56573',' ','is not a valid date - it must be in the format d/m/Y']' into '56573 is not a valid date - it must be in the format d/m/Y'

2020-06-05 21:11:44 - [TEST_STEP][PASSED] - verifyMatch(ToolTipInvErrMsg, ExpectedInvalidErrMsg, true): Actual text '56573 is not a valid date - it must be in the format d/m/Y' and expected text '56573 is not a valid date - it must be in the format d/m/Y' are matched  using regular expression

2020-06-05 21:11:44 - [MESSAGE][PASSED] - Actual text '56573 is not a valid date - it must be in the format d/m/Y' and expected text '56573 is not a valid date - it must be in the format d/m/Y' are matched  using regular expression

2020-06-05 21:11:44 - [MESSAGE][PASSED] - Call Test Case 'Test Cases/PFI Precision and Scale/PFI Components with Indexing/InvalidDateErrorValidationIndex' successfully

2020-06-05 21:11:44 - [TEST_STEP][PASSED] - callTestCase(findTestCase("PFI Precision and Scale/PFI Components with Indexing/SelectDayInDatePickerWithIndexII"), ["FldNm":"complaintDt", "SelectCurrentDay":25, "index":9, "idx":1], STOP_ON_FAILURE): Call Test Case 'Test Cases/PFI Precision and Scale/PFI Components with Indexing/SelectDayInDatePickerWithIndexII' successfully

2020-06-05 21:11:44 - [TEST_CASE][PASSED] - Test Cases/PFI Precision and Scale/PFI Components with Indexing/SelectDayInDatePickerWithIndexII: Test Cases/PFI Precision and Scale/PFI Components with Indexing/SelectDayInDatePickerWithIndexII

2020-06-05 21:11:44 - [TEST_STEP][PASSED] - Thread.sleep(1000): null

2020-06-05 21:11:45 - [TEST_STEP][PASSED] - DateInputFld = modifyObjectProperty(findTestObject("Objects.HighlightElements/input_field_index"), "xpath", "equals", "(//*[contains(@class,'x-form-text') and (@name='" + FldNm + "')])[" + idx + "]", true): Modify property of object successfully

2020-06-05 21:11:45 - [MESSAGE][PASSED] - Modify property of object successfully

2020-06-05 21:11:45 - [TEST_STEP][PASSED] - ModifiedDay = modifyObjectProperty(findTestObject("Objects.DateValidation/Page_ISPS2/Select_Day_Index"), "xpath", "equals", "(//*[contains(@class, 'x-datepicker-date') and (text() = '" + SelectCurrentDay + "')])[" + index + "]", true): Modify property of object successfully

2020-06-05 21:11:45 - [MESSAGE][PASSED] - Modify property of object successfully

2020-06-05 21:11:45 - [TEST_STEP][PASSED] - sendKeys(DateInputFld, Keys.chord(ARROW_DOWN)): Keys 'DOWN + ' sent to object: 'Object Repository/Objects.HighlightElements/input_field_index'

2020-06-05 21:11:45 - [MESSAGE][PASSED] - Keys 'DOWN + ' sent to object: 'Object Repository/Objects.HighlightElements/input_field_index'

2020-06-05 21:11:45 - [TEST_STEP][PASSED] - com.reusableComponents.HighlightElement.run(ModifiedDay): com.reusableComponents.HighlightElement.run is PASSED

2020-06-05 21:11:45 - [MESSAGE][PASSED] - com.reusableComponents.HighlightElement.run is PASSED

2020-06-05 21:11:45 - [TEST_STEP][PASSED] - delay(1): Delayed 1 second(s)

2020-06-05 21:11:46 - [MESSAGE][PASSED] - Delayed 1 second(s)

2020-06-05 21:11:46 - [TEST_STEP][PASSED] - click(ModifiedDay): Object: 'Object Repository/Objects.DateValidation/Page_ISPS2/Select_Day_Index' is clicked on

2020-06-05 21:11:47 - [MESSAGE][PASSED] - Object: 'Object Repository/Objects.DateValidation/Page_ISPS2/Select_Day_Index' is clicked on

2020-06-05 21:11:47 - [TEST_STEP][PASSED] - GetError = getAttribute(DateInputFld, "data-errorqtip"): Attribute 'data-errorqtip' of object 'Object Repository/Objects.HighlightElements/input_field_index' is: ''

2020-06-05 21:11:47 - [MESSAGE][PASSED] - Attribute 'data-errorqtip' of object 'Object Repository/Objects.HighlightElements/input_field_index' is: ''

2020-06-05 21:11:47 - [TEST_STEP][PASSED] - if (GetError == ""): null

2020-06-05 21:11:47 - [TEST_STEP][PASSED] - GetEnteredDate = getAttribute(DateInputFld, "value"): Attribute 'value' of object 'Object Repository/Objects.HighlightElements/input_field_index' is: '25/06/2020'

2020-06-05 21:11:47 - [MESSAGE][PASSED] - Attribute 'value' of object 'Object Repository/Objects.HighlightElements/input_field_index' is: '25/06/2020'

2020-06-05 21:11:47 - [TEST_STEP][PASSED] - DatePattern = Pattern.compile("^(1[0-2]|0[1-9])/(3[01]|[12][0-9]|0[1-9])/[0-9]{4}$"): null

2020-06-05 21:11:47 - [TEST_STEP][PASSED] - VerifyDateFormat = DatePattern.matcher(GetEnteredDate): null

2020-06-05 21:11:47 - [TEST_STEP][PASSED] - if (VerifyDateFormat.matches() == true): null

2020-06-05 21:11:47 - [MESSAGE][PASSED] - Call Test Case 'Test Cases/PFI Precision and Scale/PFI Components with Indexing/SelectDayInDatePickerWithIndexII' successfully

2020-06-05 21:11:47 - [TEST_STEP][PASSED] - callTestCase(findTestCase("PFI Precision and Scale/PFI Components with Indexing/SelectTodayInDatePickerIndex"), ["FldNm":"complaintDt", "index":9, "idx":1], STOP_ON_FAILURE): Call Test Case 'Test Cases/PFI Precision and Scale/PFI Components with Indexing/SelectTodayInDatePickerIndex' successfully

2020-06-05 21:11:47 - [TEST_CASE][PASSED] - Test Cases/PFI Precision and Scale/PFI Components with Indexing/SelectTodayInDatePickerIndex: Test Cases/PFI Precision and Scale/PFI Components with Indexing/SelectTodayInDatePickerIndex

2020-06-05 21:11:47 - [TEST_STEP][PASSED] - Thread.sleep(1000): null

2020-06-05 21:11:48 - [TEST_STEP][PASSED] - date = new java.util.Date(): null

2020-06-05 21:11:48 - [TEST_STEP][PASSED] - CurrentDate = new java.text.SimpleDateFormat(dd/MM/yyyy): null

2020-06-05 21:11:48 - [TEST_STEP][PASSED] - TodayDate = CurrentDate.format(date): null

2020-06-05 21:11:48 - [TEST_STEP][PASSED] - DateFieldNm = modifyObjectProperty(findTestObject("Objects.HighlightElements/input_field_index"), "xpath", "equals", "(//*[contains(@class,'x-form-text') and (@name='" + FldNm + "')])[" + idx + "]", true): Modify property of object successfully

2020-06-05 21:11:48 - [MESSAGE][PASSED] - Modify property of object successfully

2020-06-05 21:11:48 - [TEST_STEP][PASSED] - TodayBtn = modifyObjectProperty(findTestObject("Object Repository/Objects.DateValidation/Page_ISPS2/a_Today"), "xpath", "equals", "(//*[text() = 'Today'])[" + index + "]", true): Modify property of object successfully

2020-06-05 21:11:48 - [MESSAGE][PASSED] - Modify property of object successfully

2020-06-05 21:11:48 - [TEST_STEP][PASSED] - sendKeys(DateFieldNm, Keys.chord(ARROW_DOWN)): Keys 'DOWN + ' sent to object: 'Object Repository/Objects.HighlightElements/input_field_index'

2020-06-05 21:11:48 - [MESSAGE][PASSED] - Keys 'DOWN + ' sent to object: 'Object Repository/Objects.HighlightElements/input_field_index'

2020-06-05 21:11:48 - [TEST_STEP][PASSED] - com.reusableComponents.HighlightElement.run(TodayBtn): com.reusableComponents.HighlightElement.run is PASSED

2020-06-05 21:11:48 - [MESSAGE][PASSED] - com.reusableComponents.HighlightElement.run is PASSED

2020-06-05 21:11:48 - [TEST_STEP][PASSED] - click(TodayBtn): Object: 'Object Repository/Objects.DateValidation/Page_ISPS2/a_Today' is clicked on

2020-06-05 21:11:48 - [MESSAGE][PASSED] - Object: 'Object Repository/Objects.DateValidation/Page_ISPS2/a_Today' is clicked on

2020-06-05 21:11:48 - [TEST_STEP][PASSED] - GetEnteredDate = getAttribute(DateFieldNm, "value"): Attribute 'value' of object 'Object Repository/Objects.HighlightElements/input_field_index' is: '05/06/2020'

2020-06-05 21:11:48 - [MESSAGE][PASSED] - Attribute 'value' of object 'Object Repository/Objects.HighlightElements/input_field_index' is: '05/06/2020'

2020-06-05 21:11:48 - [TEST_STEP][PASSED] - verifyMatch(GetEnteredDate, TodayDate, true): Actual text '05/06/2020' and expected text '05/06/2020' are matched  using regular expression

2020-06-05 21:11:48 - [MESSAGE][PASSED] - Actual text '05/06/2020' and expected text '05/06/2020' are matched  using regular expression

2020-06-05 21:11:48 - [MESSAGE][PASSED] - Call Test Case 'Test Cases/PFI Precision and Scale/PFI Components with Indexing/SelectTodayInDatePickerIndex' successfully

2020-06-05 21:11:48 - [TEST_STEP][PASSED] - callTestCase(findTestCase("Components/HighlightLabelFieldXPI"), ["LblName":"Offence", "index":1], STOP_ON_FAILURE): Call Test Case 'Test Cases/Components/HighlightLabelFieldXPI' successfully

2020-06-05 21:11:48 - [TEST_CASE][PASSED] - Test Cases/Components/HighlightLabelFieldXPI: Test Cases/Components/HighlightLabelFieldXPI

2020-06-05 21:11:48 - [TEST_STEP][PASSED] - Thread.sleep(1000): null

2020-06-05 21:11:49 - [TEST_STEP][PASSED] - modifiedLblNm = modifyObjectProperty(findTestObject("Object Repository/Objects.HighlightElements/lblField_index"), "xpath", "equals", "(//*[contains(@class, 'x-form-item-label-inner x-form-item-label-inner-default') and contains(., '" + LblName + "')])[" + index + "]", true): Modify property of object successfully

2020-06-05 21:11:49 - [MESSAGE][PASSED] - Modify property of object successfully

2020-06-05 21:11:49 - [TEST_STEP][PASSED] - com.reusableComponents.HighlightElement.run(modifiedLblNm): com.reusableComponents.HighlightElement.run is PASSED

2020-06-05 21:11:50 - [MESSAGE][PASSED] - com.reusableComponents.HighlightElement.run is PASSED

2020-06-05 21:11:50 - [MESSAGE][PASSED] - Call Test Case 'Test Cases/Components/HighlightLabelFieldXPI' successfully

2020-06-05 21:11:50 - [TEST_STEP][PASSED] - callTestCase(findTestCase("Components/HighlightInputFieldXPI"), ["FldNm":"courtDesc", "index":1], STOP_ON_FAILURE): Call Test Case 'Test Cases/Components/HighlightInputFieldXPI' successfully

2020-06-05 21:11:50 - [TEST_CASE][PASSED] - Test Cases/Components/HighlightInputFieldXPI: Test Cases/Components/HighlightInputFieldXPI

2020-06-05 21:11:50 - [TEST_STEP][PASSED] - Thread.sleep(1000): null

2020-06-05 21:11:51 - [TEST_STEP][PASSED] - modifiedInputNm = modifyObjectProperty(findTestObject("Object Repository/Objects.HighlightElements/input_field_index"), "xpath", "equals", "(//*[contains(@name, '" + FldNm + "')])[" + index + "]", true): Modify property of object successfully

2020-06-05 21:11:51 - [MESSAGE][PASSED] - Modify property of object successfully

2020-06-05 21:11:51 - [TEST_STEP][PASSED] - com.reusableComponents.HighlightElement.run(modifiedInputNm): com.reusableComponents.HighlightElement.run is PASSED

2020-06-05 21:11:51 - [MESSAGE][PASSED] - com.reusableComponents.HighlightElement.run is PASSED

2020-06-05 21:11:51 - [MESSAGE][PASSED] - Call Test Case 'Test Cases/Components/HighlightInputFieldXPI' successfully

2020-06-05 21:11:51 - [TEST_STEP][PASSED] - callTestCase(findTestCase("PFI Precision and Scale/PFI Components with Indexing/AlphaNumericSpecialValidationIndex"), ["FldNm":"courtDesc", "LenChar":5, "index":1], STOP_ON_FAILURE): Call Test Case 'Test Cases/PFI Precision and Scale/PFI Components with Indexing/AlphaNumericSpecialValidationIndex' successfully

2020-06-05 21:11:51 - [TEST_CASE][PASSED] - Test Cases/PFI Precision and Scale/PFI Components with Indexing/AlphaNumericSpecialValidationIndex: Test Cases/PFI Precision and Scale/PFI Components with Indexing/AlphaNumericSpecialValidationIndex

2020-06-05 21:11:51 - [TEST_STEP][PASSED] - charset = /?><"".join(): null

2020-06-05 21:11:51 - [TEST_STEP][PASSED] - AlphaNumeric = 9).join(): null

2020-06-05 21:11:51 - [TEST_STEP][PASSED] - SpecialChar = "`~!@#$%^&*()-=+_{}|\][;'":,./?><"": null

2020-06-05 21:11:51 - [TEST_STEP][PASSED] - RandomString = RandomStringUtils.random(LenChar, AlphaNumeric.toCharArray()): null

2020-06-05 21:11:51 - [TEST_STEP][PASSED] - RdmSpChar = RandomStringUtils.random(LenChar, SpecialChar): null

2020-06-05 21:11:51 - [TEST_STEP][PASSED] - regexPat = Pattern.compile("^[A-Za-z0-9 ]+$"): null

2020-06-05 21:11:51 - [TEST_STEP][PASSED] - NewInputNmField = modifyObjectProperty(findTestObject("Object Repository/Objects.HighlightElements/input_field_index"), "xpath", "equals", "(//*[contains(@class,'x-form-text') and (@name='" + FldNm + "')])[" + index + "]", true): Modify property of object successfully

2020-06-05 21:11:52 - [MESSAGE][PASSED] - Modify property of object successfully

2020-06-05 21:11:52 - [TEST_STEP][PASSED] - setText(NewInputNmField, RandomString): Text 'Ehyrt' is set on object 'Object Repository/Objects.HighlightElements/input_field_index'

2020-06-05 21:11:52 - [MESSAGE][PASSED] - Text 'Ehyrt' is set on object 'Object Repository/Objects.HighlightElements/input_field_index'

2020-06-05 21:11:52 - [TEST_STEP][PASSED] - RemarksAN = getAttribute(NewInputNmField, "value"): Attribute 'value' of object 'Object Repository/Objects.HighlightElements/input_field_index' is: 'Ehyrt'

2020-06-05 21:11:52 - [MESSAGE][PASSED] - Attribute 'value' of object 'Object Repository/Objects.HighlightElements/input_field_index' is: 'Ehyrt'

2020-06-05 21:11:52 - [TEST_STEP][PASSED] - matchStr = regexPat.matcher(RemarksAN): null

2020-06-05 21:11:52 - [TEST_STEP][PASSED] - if (matchStr.matches() == true): Accepting Alphanumeric

2020-06-05 21:11:52 - [TEST_STEP][PASSED] - comment("Accepting Alphanumeric"): Accepting Alphanumeric

2020-06-05 21:11:52 - [MESSAGE][INFO] - Accepting Alphanumeric

2020-06-05 21:11:52 - [TEST_STEP][PASSED] - setText(NewInputNmField, RdmSpChar): Text '%$"*\' is set on object 'Object Repository/Objects.HighlightElements/input_field_index'

2020-06-05 21:11:52 - [MESSAGE][PASSED] - Text '%$"*\' is set on object 'Object Repository/Objects.HighlightElements/input_field_index'

2020-06-05 21:11:52 - [TEST_STEP][PASSED] - RemarksSpChar = getAttribute(NewInputNmField, "value"): Attribute 'value' of object 'Object Repository/Objects.HighlightElements/input_field_index' is: '%$"*\'

2020-06-05 21:11:52 - [MESSAGE][PASSED] - Attribute 'value' of object 'Object Repository/Objects.HighlightElements/input_field_index' is: '%$"*\'

2020-06-05 21:11:52 - [TEST_STEP][PASSED] - matchSp = regexPat.matcher(RemarksSpChar): null

2020-06-05 21:11:52 - [TEST_STEP][PASSED] - if (matchSp.matches() == false): Accepting Special Characters

2020-06-05 21:11:52 - [TEST_STEP][PASSED] - comment("Accepting Special Characters"): Accepting Special Characters

2020-06-05 21:11:52 - [MESSAGE][INFO] - Accepting Special Characters

2020-06-05 21:11:52 - [MESSAGE][PASSED] - Call Test Case 'Test Cases/PFI Precision and Scale/PFI Components with Indexing/AlphaNumericSpecialValidationIndex' successfully

2020-06-05 21:11:52 - [TEST_STEP][PASSED] - callTestCase(findTestCase("PFI Precision and Scale/PFI Components with Indexing/MaxCharLengthIndexValidation"), ["FieldNm":"courtDesc", "index":1, "MaxCharLen":401], STOP_ON_FAILURE): Call Test Case 'Test Cases/PFI Precision and Scale/PFI Components with Indexing/MaxCharLengthIndexValidation' successfully

2020-06-05 21:11:52 - [TEST_CASE][PASSED] - Test Cases/PFI Precision and Scale/PFI Components with Indexing/MaxCharLengthIndexValidation: Test Cases/PFI Precision and Scale/PFI Components with Indexing/MaxCharLengthIndexValidation

2020-06-05 21:11:52 - [TEST_STEP][PASSED] - Thread.sleep(1000): null

2020-06-05 21:11:53 - [TEST_STEP][PASSED] - CharLengthTBL = ["aoNotes":4000, "notes":4000, "hseBlkNo":10, "buildingName":100, "unformattedAddress":4000, "courtNo":20, "caseGrpDesc":4000, ... ]: null

2020-06-05 21:11:53 - [TEST_STEP][PASSED] - charset = /?><"".join(): null

2020-06-05 21:11:53 - [TEST_STEP][PASSED] - RandomStringVal = RandomStringUtils.random(MaxCharLen, charset.toCharArray()): null

2020-06-05 21:11:53 - [TEST_STEP][PASSED] - NewInputNmField = modifyObjectProperty(findTestObject("Object Repository/Objects.HighlightElements/input_field_index"), "xpath", "equals", "(//*[contains(@class,'x-form-text') and (@name='" + FieldNm + "')])[" + index + "]", true): Modify property of object successfully

2020-06-05 21:11:53 - [MESSAGE][PASSED] - Modify property of object successfully

2020-06-05 21:11:53 - [TEST_STEP][PASSED] - setText(NewInputNmField, RandomStringVal): Text 'U;3ghM{<TNvy.8^(IIH_+\O()g5x-I=maXY4cRTNX'O(789^``y!7q[DY/-u;B9bV}:3ehEtfocZ\Pu&Sdf""|/2m!>)knA.du*FB0i~.kM^d[dYns*Rp{3/:g@Js_t~Lr#/fU`yM;rZ:3ybb~&RF0a2nm,JA)Y-Ay1*?!6Irdrx$LcU\{s@VhNnO\'lME{U{He$GMl1rQIgw%b4g'.^eK\=lbkdRn(yE\](MGPtH]"4[wPL'h_jT'ixnT:M~.MG?[m"9@esMj"a5rm8="b-&WO.F!EIb-,=P*!ea=DlsM[%k2LMHje}q0~y}H%Y^9R,ofaTaZT\A5EcgT<E}!#-Df\p"LW+)4Juy,,:nsIb(Vof5BVn-6`*Zf[g#Mf{p2]`4oXi9FXr3(FJu__O7' is set on object 'Object Repository/Objects.HighlightElements/input_field_index'

2020-06-05 21:11:54 - [MESSAGE][PASSED] - Text 'U;3ghM{<TNvy.8^(IIH_+\O()g5x-I=maXY4cRTNX'O(789^``y!7q[DY/-u;B9bV}:3ehEtfocZ\Pu&Sdf""|/2m!>)knA.du*FB0i~.kM^d[dYns*Rp{3/:g@Js_t~Lr#/fU`yM;rZ:3ybb~&RF0a2nm,JA)Y-Ay1*?!6Irdrx$LcU\{s@VhNnO\'lME{U{He$GMl1rQIgw%b4g'.^eK\=lbkdRn(yE\](MGPtH]"4[wPL'h_jT'ixnT:M~.MG?[m"9@esMj"a5rm8="b-&WO.F!EIb-,=P*!ea=DlsM[%k2LMHje}q0~y}H%Y^9R,ofaTaZT\A5EcgT<E}!#-Df\p"LW+)4Juy,,:nsIb(Vof5BVn-6`*Zf[g#Mf{p2]`4oXi9FXr3(FJu__O7' is set on object 'Object Repository/Objects.HighlightElements/input_field_index'

2020-06-05 21:11:54 - [TEST_STEP][PASSED] - GetInputValue = getAttribute(NewInputNmField, "value", STOP_ON_FAILURE): Attribute 'value' of object 'Object Repository/Objects.HighlightElements/input_field_index' is: 'U;3ghM{<TNvy.8^(IIH_+\O()g5x-I=maXY4cRTNX'O(789^``y!7q[DY/-u;B9bV}:3ehEtfocZ\Pu&Sdf""|/2m!>)knA.du*FB0i~.kM^d[dYns*Rp{3/:g@Js_t~Lr#/fU`yM;rZ:3ybb~&RF0a2nm,JA)Y-Ay1*?!6Irdrx$LcU\{s@VhNnO\'lME{U{He$GMl1rQIgw%b4g'.^eK\=lbkdRn(yE\](MGPtH]"4[wPL'h_jT'ixnT:M~.MG?[m"9@esMj"a5rm8="b-&WO.F!EIb-,=P*!ea=DlsM[%k2LMHje}q0~y}H%Y^9R,ofaTaZT\A5EcgT<E}!#-Df\p"LW+)4Juy,,:nsIb(Vof5BVn-6`*Zf[g#Mf{p2]`4oXi9FXr3(FJu__O'

2020-06-05 21:11:54 - [MESSAGE][PASSED] - Attribute 'value' of object 'Object Repository/Objects.HighlightElements/input_field_index' is: 'U;3ghM{<TNvy.8^(IIH_+\O()g5x-I=maXY4cRTNX'O(789^``y!7q[DY/-u;B9bV}:3ehEtfocZ\Pu&Sdf""|/2m!>)knA.du*FB0i~.kM^d[dYns*Rp{3/:g@Js_t~Lr#/fU`yM;rZ:3ybb~&RF0a2nm,JA)Y-Ay1*?!6Irdrx$LcU\{s@VhNnO\'lME{U{He$GMl1rQIgw%b4g'.^eK\=lbkdRn(yE\](MGPtH]"4[wPL'h_jT'ixnT:M~.MG?[m"9@esMj"a5rm8="b-&WO.F!EIb-,=P*!ea=DlsM[%k2LMHje}q0~y}H%Y^9R,ofaTaZT\A5EcgT<E}!#-Df\p"LW+)4Juy,,:nsIb(Vof5BVn-6`*Zf[g#Mf{p2]`4oXi9FXr3(FJu__O'

2020-06-05 21:11:54 - [TEST_STEP][PASSED] - GetLenChar = GetInputValue.length(): null

2020-06-05 21:11:54 - [TEST_STEP][PASSED] - MaxLength = CharLengthTBL.get(FieldNm): null

2020-06-05 21:11:54 - [TEST_STEP][PASSED] - if (MaxLength != null): Actual object '400' and expected object '400' are equal

2020-06-05 21:11:54 - [TEST_STEP][PASSED] - verifyEqual(GetLenChar, MaxLength): Actual object '400' and expected object '400' are equal

2020-06-05 21:11:54 - [MESSAGE][PASSED] - Actual object '400' and expected object '400' are equal

2020-06-05 21:11:54 - [MESSAGE][PASSED] - Call Test Case 'Test Cases/PFI Precision and Scale/PFI Components with Indexing/MaxCharLengthIndexValidation' successfully

2020-06-05 21:11:54 - [TEST_STEP][NOT_RUN] - callTestCase(findTestCase("Components/Logout"), ["LogoutPageTextToBeVerified":findTestData("ISPS2 Test Data").getValue("HomeBanner", 1)], STOP_ON_FAILURE): NOT_RUN: callTestCase(findTestCase("Components/Logout"), ["LogoutPageTextToBeVerified":findTestData("ISPS2 Test Data").getValue("HomeBanner", 1)], STOP_ON_FAILURE)

2020-06-05 21:11:54 - [MESSAGE][NOT_RUN] - NOT_RUN: callTestCase(findTestCase("Components/Logout"), ["LogoutPageTextToBeVerified":findTestData("ISPS2 Test Data").getValue("HomeBanner", 1)], STOP_ON_FAILURE)]]></system-out>
         <system-err><![CDATA[]]></system-err>
      </testcase>
      <system-out><![CDATA[2020-06-05 20:45:32 - [TEST_SUITE][PASSED] - Page Section: Test Cases/PFI Precision and Scale/PFI Test Cases/Process Case (PFI)/PFI.CourtActionsLHS]]></system-out>
      <system-err><![CDATA[]]></system-err>
   </testsuite>
</testsuites>
