<?xml version="1.0" encoding="UTF-8"?>
<testsuites name="Page Section" time="1292.466" tests="5" failures="0" errors="1">
   <testsuite name="Page Section" tests="5" failures="0" errors="1" time="1292.466" timestamp="2020-05-28 01:27:28" hostname="19023-RAC - 192.168.16.39" id="Test Suites/PFI Precision and Scale Automated Regression Suite/Page Section">
      <properties>
         <property name="deviceName" value=""/>
         <property name="devicePlatform" value=""/>
         <property name="logFolder" value="C:\\Users\\19023-RAC\\Desktop\\New Automation Copy\\Reports\\20200528_012716\\PFI Precision and Scale Automated Regression Suite\\Page Section\\20200528_012716"/>
         <property name="logFiles" value="C:\\Users\\19023-RAC\\Desktop\\New Automation Copy\\Reports\\20200528_012716\\PFI Precision and Scale Automated Regression Suite\\Page Section\\20200528_012716\\execution0.log"/>
         <property name="attachments" value=""/>
         <property name="hostName" value="19023-RAC - 192.168.16.39"/>
         <property name="os" value="Windows 10 64bit"/>
         <property name="katalonVersion" value="7.2.1.1"/>
         <property name="browser" value="Chrome 81.0.4044.138"/>
         <property name="hostAddress" value="192.168.16.39"/>
         <property name="sessionId" value="3ce6a6f99bf06347be304fe73d0441a7"/>
         <property name="seleniumVersion" value="3.141.59"/>
         <property name="proxyInformation" value="ProxyInformation{proxyOption=NO_PROXY, proxyServerType=HTTP, password=, proxyServerAddress=, proxyServerPort=0, executionList=}"/>
         <property name="platform" value="Windows 10"/>
      </properties>
      <testcase name="Test Cases/PFI Precision and Scale/PFI Test Cases/PFI.EOTRequestLHS" time="245.281" classname="Test Cases/PFI Precision and Scale/PFI Test Cases/PFI.EOTRequestLHS" status="PASSED">
         <system-out><![CDATA[2020-05-28 01:27:29 - [TEST_CASE][PASSED] - Test Cases/PFI Precision and Scale/PFI Test Cases/PFI.EOTRequestLHS: Test Cases/PFI Precision and Scale/PFI Test Cases/PFI.EOTRequestLHS

2020-05-28 01:27:29 - [TEST_STEP][PASSED] - callTestCase(findTestCase("Components/LoginV2.0"), ["LinkToBeUsed":findTestData("Datatable").getValue("URL", 1), "LoginPageTextToBeVerified":findTestData("Datatable").getValue("HomeBanner", 1), ... ], STOP_ON_FAILURE): Call Test Case 'Test Cases/Components/LoginV2.0' successfully

2020-05-28 01:27:29 - [TEST_CASE][PASSED] - Test Cases/Components/LoginV2.0: Test Cases/Components/LoginV2.0

2020-05-28 01:27:30 - [TEST_STEP][PASSED] - openBrowser(LinkToBeUsed): Browser is opened with url: 'http://10.0.2.41:3012/isps2-prod-verify/authnz/login.do'

2020-05-28 01:27:30 - [MESSAGE][INFO] - Starting 'Chrome' driver

2020-05-28 01:27:30 - [MESSAGE][INFO] - Action delay is set to 0 seconds

2020-05-28 01:27:42 - [MESSAGE][PASSED] - Browser is opened with url: 'http://10.0.2.41:3012/isps2-prod-verify/authnz/login.do'

2020-05-28 01:27:42 - [TEST_STEP][PASSED] - maximizeWindow(): Current window maximized

2020-05-28 01:27:44 - [MESSAGE][PASSED] - Current window maximized

2020-05-28 01:27:44 - [TEST_STEP][PASSED] - verifyTextPresent(LoginPageTextToBeVerified, false): Text 'Sign in to ISPS2-PROD-Verify' is present on page 

2020-05-28 01:27:44 - [MESSAGE][PASSED] - Text 'Sign in to ISPS2-PROD-Verify' is present on page 

2020-05-28 01:27:44 - [TEST_STEP][PASSED] - setText(findTestObject("Objects.LoginV2.0/Login Page/input_Sign in to ISPS2-PROD-Verify_username"), Username): Text 'sysadmin' is set on object 'Object Repository/Objects.LoginV2.0/Login Page/input_Sign in to ISPS2-PROD-Verify_username'

2020-05-28 01:27:44 - [MESSAGE][PASSED] - Text 'sysadmin' is set on object 'Object Repository/Objects.LoginV2.0/Login Page/input_Sign in to ISPS2-PROD-Verify_username'

2020-05-28 01:27:44 - [TEST_STEP][PASSED] - setEncryptedText(findTestObject("Objects.LoginV2.0/Login Page/input_This field is required_password"), Password): Text ****** has been set on object 'Object Repository/Objects.LoginV2.0/Login Page/input_This field is required_password'

2020-05-28 01:27:45 - [MESSAGE][PASSED] - Text ****** has been set on object 'Object Repository/Objects.LoginV2.0/Login Page/input_This field is required_password'

2020-05-28 01:27:45 - [TEST_STEP][NOT_RUN] - setEncryptedText(findTestObject(null), Password): NOT_RUN: setEncryptedText(findTestObject(null), Password)

2020-05-28 01:27:45 - [MESSAGE][NOT_RUN] - NOT_RUN: setEncryptedText(findTestObject(null), Password)

2020-05-28 01:27:45 - [TEST_STEP][PASSED] - click(findTestObject("Objects.LoginV2.0/Login Page/div_Sign in to ISPS2-PROD-Verify_NovaGoButton-1021"), OPTIONAL): Object: 'Object Repository/Objects.LoginV2.0/Login Page/div_Sign in to ISPS2-PROD-Verify_NovaGoButton-1021' is clicked on

2020-05-28 01:27:54 - [MESSAGE][PASSED] - Object: 'Object Repository/Objects.LoginV2.0/Login Page/div_Sign in to ISPS2-PROD-Verify_NovaGoButton-1021' is clicked on

2020-05-28 01:27:54 - [TEST_STEP][PASSED] - waitForPageLoad(30): Wait for page load successfully

2020-05-28 01:27:54 - [MESSAGE][PASSED] - Wait for page load successfully

2020-05-28 01:27:54 - [TEST_STEP][PASSED] - Thread.sleep(3000): null

2020-05-28 01:27:57 - [MESSAGE][PASSED] - Call Test Case 'Test Cases/Components/LoginV2.0' successfully

2020-05-28 01:27:57 - [TEST_STEP][PASSED] - callTestCase(findTestCase("Components/Filter"), ["taskDescription":"Process Case (SM)"], STOP_ON_FAILURE): Call Test Case 'Test Cases/Components/Filter' successfully

2020-05-28 01:27:57 - [TEST_CASE][PASSED] - Test Cases/Components/Filter: Test Cases/Components/Filter

2020-05-28 01:27:58 - [TEST_STEP][PASSED] - Thread.sleep(5000): null

2020-05-28 01:28:03 - [TEST_STEP][PASSED] - waitForPageLoad(180): Wait for page load successfully

2020-05-28 01:28:03 - [MESSAGE][PASSED] - Wait for page load successfully

2020-05-28 01:28:03 - [TEST_STEP][PASSED] - waitForElementNotPresent(findTestObject("Objects.Filter/Page_ISPS2/div_Loading search result Please wait"), 180): Web element with id: 'Object Repository/Objects.Filter/Page_ISPS2/div_Loading search result Please wait' located by 'By.xpath: //div[@class = 'x-mask-msg-text' and (text() = 'Loading search result. Please wait...' or . = 'Loading search result. Please wait...')]' is not present after '180' second(s)

2020-05-28 01:28:03 - [MESSAGE][PASSED] - Web element with id: 'Object Repository/Objects.Filter/Page_ISPS2/div_Loading search result Please wait' located by 'By.xpath: //div[@class = 'x-mask-msg-text' and (text() = 'Loading search result. Please wait...' or . = 'Loading search result. Please wait...')]' is not present after '180' second(s)

2020-05-28 01:28:03 - [TEST_STEP][PASSED] - click(findTestObject("Objects.Filter/Page_ISPS2/XP.Embutidooo")): Object: 'Object Repository/Objects.Filter/Page_ISPS2/XP.Embutidooo' is clicked on

2020-05-28 01:28:03 - [MESSAGE][PASSED] - Object: 'Object Repository/Objects.Filter/Page_ISPS2/XP.Embutidooo' is clicked on

2020-05-28 01:28:03 - [TEST_STEP][PASSED] - com.reusableComponents.HighlightElement.run(findTestObject("Objects.Filter/Page_ISPS2/span_Reset")): com.reusableComponents.HighlightElement.run is PASSED

2020-05-28 01:28:04 - [MESSAGE][PASSED] - com.reusableComponents.HighlightElement.run is PASSED

2020-05-28 01:28:04 - [TEST_STEP][PASSED] - click(findTestObject("Objects.Filter/Page_ISPS2/span_Reset")): Object: 'Object Repository/Objects.Filter/Page_ISPS2/span_Reset' is clicked on

2020-05-28 01:28:05 - [MESSAGE][PASSED] - Object: 'Object Repository/Objects.Filter/Page_ISPS2/span_Reset' is clicked on

2020-05-28 01:28:05 - [TEST_STEP][PASSED] - com.reusableComponents.HighlightElement.run(findTestObject("Objects.Filter/Page_ISPS2/TextBoxTaskDescription")): com.reusableComponents.HighlightElement.run is PASSED

2020-05-28 01:28:06 - [MESSAGE][PASSED] - com.reusableComponents.HighlightElement.run is PASSED

2020-05-28 01:28:06 - [TEST_STEP][PASSED] - setText(findTestObject("Objects.Filter/Page_ISPS2/TextBoxTaskDescription"), taskDescription): Text 'Process Case (SM)' is set on object 'Object Repository/Objects.Filter/Page_ISPS2/TextBoxTaskDescription'

2020-05-28 01:28:06 - [MESSAGE][PASSED] - Text 'Process Case (SM)' is set on object 'Object Repository/Objects.Filter/Page_ISPS2/TextBoxTaskDescription'

2020-05-28 01:28:06 - [TEST_STEP][PASSED] - caseType = taskDescription: null

2020-05-28 01:28:08 - [TEST_STEP][PASSED] - sendKeys(findTestObject("Objects.Filter/Page_ISPS2/TextBoxTaskDescription"), Keys.chord(ENTER)): Keys 'ENTER + ' sent to object: 'Object Repository/Objects.Filter/Page_ISPS2/TextBoxTaskDescription'

2020-05-28 01:28:08 - [MESSAGE][PASSED] - Keys 'ENTER + ' sent to object: 'Object Repository/Objects.Filter/Page_ISPS2/TextBoxTaskDescription'

2020-05-28 01:28:08 - [TEST_STEP][PASSED] - com.reusableComponents.HighlightElement.run(findTestObject("Objects.Filter/Page_ISPS2/span_Search")): com.reusableComponents.HighlightElement.run is PASSED

2020-05-28 01:28:09 - [MESSAGE][PASSED] - com.reusableComponents.HighlightElement.run is PASSED

2020-05-28 01:28:09 - [TEST_STEP][PASSED] - click(findTestObject("Objects.Filter/Page_ISPS2/span_Search")): Object: 'Object Repository/Objects.Filter/Page_ISPS2/span_Search' is clicked on

2020-05-28 01:28:09 - [MESSAGE][PASSED] - Object: 'Object Repository/Objects.Filter/Page_ISPS2/span_Search' is clicked on

2020-05-28 01:28:09 - [TEST_STEP][NOT_RUN] - verifyTextPresent("Loading search result. Please wait...", false): NOT_RUN: verifyTextPresent("Loading search result. Please wait...", false)

2020-05-28 01:28:09 - [MESSAGE][NOT_RUN] - NOT_RUN: verifyTextPresent("Loading search result. Please wait...", false)

2020-05-28 01:28:09 - [TEST_STEP][NOT_RUN] - waitForElementNotPresent(findTestObject("Objects.Filter/Page_ISPS2/div_Loading search result Please wait"), 120): NOT_RUN: waitForElementNotPresent(findTestObject("Objects.Filter/Page_ISPS2/div_Loading search result Please wait"), 120)

2020-05-28 01:28:09 - [MESSAGE][NOT_RUN] - NOT_RUN: waitForElementNotPresent(findTestObject("Objects.Filter/Page_ISPS2/div_Loading search result Please wait"), 120)

2020-05-28 01:28:09 - [TEST_STEP][PASSED] - Thread.sleep(5000): null

2020-05-28 01:28:14 - [MESSAGE][PASSED] - Call Test Case 'Test Cases/Components/Filter' successfully

2020-05-28 01:28:14 - [TEST_STEP][PASSED] - callTestCase(findTestCase("Components/ClickLinkDependingOnTextAndIndex"), ["linkName":"Process Case (SM)", "index":4], STOP_ON_FAILURE): Call Test Case 'Test Cases/Components/ClickLinkDependingOnTextAndIndex' successfully

2020-05-28 01:28:14 - [TEST_CASE][PASSED] - Test Cases/Components/ClickLinkDependingOnTextAndIndex: Test Cases/Components/ClickLinkDependingOnTextAndIndex

2020-05-28 01:28:15 - [TEST_STEP][PASSED] - Thread.sleep(1000): null

2020-05-28 01:28:16 - [TEST_STEP][PASSED] - println(linkName): null

2020-05-28 01:28:16 - [TEST_STEP][PASSED] - println(index): null

2020-05-28 01:28:16 - [TEST_STEP][PASSED] - modifiedLink = modifyObjectProperty(findTestObject("Objects.ClickLinkDependingOnTextAndIndex/linkToModify"), "xpath", "equals", "(//a[text()="" + linkName + ""])[" + index + "]", true): Modify property of object successfully

2020-05-28 01:28:16 - [MESSAGE][PASSED] - Modify property of object successfully

2020-05-28 01:28:16 - [TEST_STEP][PASSED] - Thread.sleep(5000): null

2020-05-28 01:28:21 - [TEST_STEP][PASSED] - com.reusableComponents.HighlightElement.run(modifiedLink): com.reusableComponents.HighlightElement.run is PASSED

2020-05-28 01:28:21 - [MESSAGE][PASSED] - com.reusableComponents.HighlightElement.run is PASSED

2020-05-28 01:28:21 - [TEST_STEP][PASSED] - click(modifiedLink): Object: 'Object Repository/Objects.ClickLinkDependingOnTextAndIndex/linkToModify' is clicked on

2020-05-28 01:28:22 - [MESSAGE][PASSED] - Object: 'Object Repository/Objects.ClickLinkDependingOnTextAndIndex/linkToModify' is clicked on

2020-05-28 01:28:22 - [MESSAGE][PASSED] - Call Test Case 'Test Cases/Components/ClickLinkDependingOnTextAndIndex' successfully

2020-05-28 01:28:22 - [TEST_STEP][PASSED] - callTestCase(findTestCase("Components/VerifyPageSuccessfullyLoaded"), ["HeaderName":"Summary"], STOP_ON_FAILURE): Call Test Case 'Test Cases/Components/VerifyPageSuccessfullyLoaded' successfully

2020-05-28 01:28:22 - [TEST_CASE][PASSED] - Test Cases/Components/VerifyPageSuccessfullyLoaded: Test Cases/Components/VerifyPageSuccessfullyLoaded

2020-05-28 01:28:22 - [TEST_STEP][PASSED] - Thread.sleep(3000): null

2020-05-28 01:28:25 - [TEST_STEP][PASSED] - ModifiedHeaderName = modifyObjectProperty(findTestObject("Objects.VerifyPageSuccessfullyLoaded/PageHeader"), "text", "equals", HeaderName, true): Modify property of object successfully

2020-05-28 01:28:25 - [MESSAGE][PASSED] - Modify property of object successfully

2020-05-28 01:28:25 - [TEST_STEP][PASSED] - verifyElementPresent(ModifiedHeaderName, 0): Object 'Object Repository/Objects.VerifyPageSuccessfullyLoaded/PageHeader' is present

2020-05-28 01:28:25 - [MESSAGE][WARNING] - Timeout '0' is invalid. Using default page load timeout: '30'

2020-05-28 01:28:27 - [MESSAGE][PASSED] - Object 'Object Repository/Objects.VerifyPageSuccessfullyLoaded/PageHeader' is present

2020-05-28 01:28:27 - [TEST_STEP][PASSED] - com.reusableComponents.HighlightElement.run(ModifiedHeaderName): com.reusableComponents.HighlightElement.run is PASSED

2020-05-28 01:28:28 - [MESSAGE][PASSED] - com.reusableComponents.HighlightElement.run is PASSED

2020-05-28 01:28:28 - [MESSAGE][PASSED] - Call Test Case 'Test Cases/Components/VerifyPageSuccessfullyLoaded' successfully

2020-05-28 01:28:28 - [TEST_STEP][PASSED] - callTestCase(findTestCase("Components/NavigateToAnyLHS"), ["LHS":"EOT Request"], STOP_ON_FAILURE): Call Test Case 'Test Cases/Components/NavigateToAnyLHS' successfully

2020-05-28 01:28:28 - [TEST_CASE][PASSED] - Test Cases/Components/NavigateToAnyLHS: Test Cases/Components/NavigateToAnyLHS

2020-05-28 01:28:29 - [TEST_STEP][PASSED] - Thread.sleep(1000): null

2020-05-28 01:28:30 - [TEST_STEP][PASSED] - modifiedLHS = modifyObjectProperty(findTestObject("Objects.NavigateToAnyLHS/Page_ISPS2/LHSToModify"), "text", "equals", LHS, true): Modify property of object successfully

2020-05-28 01:28:30 - [MESSAGE][PASSED] - Modify property of object successfully

2020-05-28 01:28:30 - [TEST_STEP][PASSED] - click(modifiedLHS): Object: 'Object Repository/Objects.NavigateToAnyLHS/Page_ISPS2/LHSToModify' is clicked on

2020-05-28 01:28:30 - [MESSAGE][PASSED] - Object: 'Object Repository/Objects.NavigateToAnyLHS/Page_ISPS2/LHSToModify' is clicked on

2020-05-28 01:28:30 - [TEST_STEP][PASSED] - currentLHS = getText(modifiedLHS): Text of object 'Object Repository/Objects.NavigateToAnyLHS/Page_ISPS2/LHSToModify' is: 'EOT Request'

2020-05-28 01:28:31 - [MESSAGE][PASSED] - Text of object 'Object Repository/Objects.NavigateToAnyLHS/Page_ISPS2/LHSToModify' is: 'EOT Request'

2020-05-28 01:28:31 - [TEST_STEP][PASSED] - Thread.sleep(5000): null

2020-05-28 01:28:36 - [MESSAGE][PASSED] - Call Test Case 'Test Cases/Components/NavigateToAnyLHS' successfully

2020-05-28 01:28:36 - [TEST_STEP][PASSED] - callTestCase(findTestCase("Components/VerifyPageSuccessfullyLoadedII"), ["PageNm":"Extension of Time Request"], STOP_ON_FAILURE): Call Test Case 'Test Cases/Components/VerifyPageSuccessfullyLoadedII' successfully

2020-05-28 01:28:36 - [TEST_CASE][PASSED] - Test Cases/Components/VerifyPageSuccessfullyLoadedII: Test Cases/Components/VerifyPageSuccessfullyLoadedII

2020-05-28 01:28:36 - [TEST_STEP][PASSED] - Thread.sleep(1000): null

2020-05-28 01:28:37 - [TEST_STEP][PASSED] - modifiedInputFld = modifyObjectProperty(findTestObject("Object Repository/Objects.VerifyPageSuccessfullyLoaded/PageHeaderIndex"), "xpath", "equals", "//*[contains(@class,'isps-page-title') and (text()='" + PageNm + "')]", true): Modify property of object successfully

2020-05-28 01:28:37 - [MESSAGE][PASSED] - Modify property of object successfully

2020-05-28 01:28:37 - [TEST_STEP][PASSED] - com.reusableComponents.HighlightElement.run(modifiedInputFld): com.reusableComponents.HighlightElement.run is PASSED

2020-05-28 01:28:38 - [MESSAGE][PASSED] - com.reusableComponents.HighlightElement.run is PASSED

2020-05-28 01:28:38 - [MESSAGE][PASSED] - Call Test Case 'Test Cases/Components/VerifyPageSuccessfullyLoadedII' successfully

2020-05-28 01:28:38 - [TEST_STEP][PASSED] - callTestCase(findTestCase("Components/HighlightLabelField"), ["LblName":"EOT Type *:"], STOP_ON_FAILURE): Call Test Case 'Test Cases/Components/HighlightLabelField' successfully

2020-05-28 01:28:38 - [TEST_CASE][PASSED] - Test Cases/Components/HighlightLabelField: Test Cases/Components/HighlightLabelField

2020-05-28 01:28:38 - [TEST_STEP][PASSED] - Thread.sleep(1000): null

2020-05-28 01:28:39 - [TEST_STEP][PASSED] - modifiedLblNm = modifyObjectProperty(findTestObject("Objects.HighlightElements/lblField"), "text", "equals", LblName, true): Modify property of object successfully

2020-05-28 01:28:39 - [MESSAGE][PASSED] - Modify property of object successfully

2020-05-28 01:28:39 - [TEST_STEP][PASSED] - com.reusableComponents.HighlightElement.run(modifiedLblNm): com.reusableComponents.HighlightElement.run is PASSED

2020-05-28 01:28:40 - [MESSAGE][PASSED] - com.reusableComponents.HighlightElement.run is PASSED

2020-05-28 01:28:40 - [MESSAGE][PASSED] - Call Test Case 'Test Cases/Components/HighlightLabelField' successfully

2020-05-28 01:28:40 - [TEST_STEP][PASSED] - callTestCase(findTestCase("Components/HighlightInputField"), ["InputFldName":"eotTypeCmb"], STOP_ON_FAILURE): Call Test Case 'Test Cases/Components/HighlightInputField' successfully

2020-05-28 01:28:40 - [TEST_CASE][PASSED] - Test Cases/Components/HighlightInputField: Test Cases/Components/HighlightInputField

2020-05-28 01:28:40 - [TEST_STEP][PASSED] - Thread.sleep(1000): null

2020-05-28 01:28:42 - [TEST_STEP][PASSED] - modifiedLblNm = modifyObjectProperty(findTestObject("Objects.HighlightElements/input_field"), "name", "equals", InputFldName, true): Modify property of object successfully

2020-05-28 01:28:42 - [MESSAGE][PASSED] - Modify property of object successfully

2020-05-28 01:28:42 - [TEST_STEP][PASSED] - com.reusableComponents.HighlightElement.run(modifiedLblNm): com.reusableComponents.HighlightElement.run is PASSED

2020-05-28 01:28:43 - [MESSAGE][PASSED] - com.reusableComponents.HighlightElement.run is PASSED

2020-05-28 01:28:43 - [MESSAGE][PASSED] - Call Test Case 'Test Cases/Components/HighlightInputField' successfully

2020-05-28 01:28:43 - [TEST_STEP][PASSED] - callTestCase(findTestCase("PFI Precision and Scale/PFI Components/VerifyDropdownValues"), ["FldNm":"eotTypeCmb", "index":0, "CallTCName":"PFI Precision and Scale/PFI Components/ConstantHashMap", "cmbNm":"eotType", ... ], STOP_ON_FAILURE): Call Test Case 'Test Cases/PFI Precision and Scale/PFI Components/VerifyDropdownValues' successfully

2020-05-28 01:28:43 - [TEST_CASE][PASSED] - Test Cases/PFI Precision and Scale/PFI Components/VerifyDropdownValues: Test Cases/PFI Precision and Scale/PFI Components/VerifyDropdownValues

2020-05-28 01:28:43 - [TEST_STEP][PASSED] - Thread.sleep(1000): null

2020-05-28 01:28:44 - [TEST_STEP][PASSED] - NewInputNmField = modifyObjectProperty(findTestObject("Objects.HighlightElements/input_field"), "name", "equals", FldNm, true): Modify property of object successfully

2020-05-28 01:28:44 - [MESSAGE][PASSED] - Modify property of object successfully

2020-05-28 01:28:44 - [TEST_STEP][PASSED] - comboNm = cmbNm: null

2020-05-28 01:28:44 - [TEST_STEP][PASSED] - focus(NewInputNmField): Object: 'Object Repository/Objects.HighlightElements/input_field' is focused

2020-05-28 01:28:44 - [MESSAGE][PASSED] - Object: 'Object Repository/Objects.HighlightElements/input_field' is focused

2020-05-28 01:28:44 - [TEST_STEP][PASSED] - setText(NewInputNmField, EnterValue): Text '' is set on object 'Object Repository/Objects.HighlightElements/input_field'

2020-05-28 01:28:45 - [MESSAGE][PASSED] - Text '' is set on object 'Object Repository/Objects.HighlightElements/input_field'

2020-05-28 01:28:45 - [TEST_STEP][PASSED] - for ([i = 1, i <= NoOfVal, (i++)]): Keys 'DOWN + ' sent to object: 'Object Repository/Objects.HighlightElements/input_field'

2020-05-28 01:28:45 - [TEST_STEP][PASSED] - sendKeys(NewInputNmField, Keys.chord(ARROW_DOWN)): Keys 'DOWN + ' sent to object: 'Object Repository/Objects.HighlightElements/input_field'

2020-05-28 01:28:45 - [MESSAGE][PASSED] - Keys 'DOWN + ' sent to object: 'Object Repository/Objects.HighlightElements/input_field'

2020-05-28 01:28:45 - [TEST_STEP][PASSED] - delay(DelayTime): Delayed 3 second(s)

2020-05-28 01:28:48 - [MESSAGE][PASSED] - Delayed 3 second(s)

2020-05-28 01:28:48 - [TEST_STEP][PASSED] - sendKeys(NewInputNmField, Keys.chord(ENTER)): Keys 'ENTER + ' sent to object: 'Object Repository/Objects.HighlightElements/input_field'

2020-05-28 01:28:48 - [MESSAGE][PASSED] - Keys 'ENTER + ' sent to object: 'Object Repository/Objects.HighlightElements/input_field'

2020-05-28 01:28:48 - [TEST_STEP][PASSED] - ComboBoxValue = getAttribute(NewInputNmField, "value"): Attribute 'value' of object 'Object Repository/Objects.HighlightElements/input_field' is: ''

2020-05-28 01:28:49 - [MESSAGE][PASSED] - Attribute 'value' of object 'Object Repository/Objects.HighlightElements/input_field' is: ''

2020-05-28 01:28:49 - [TEST_STEP][PASSED] - callTestCase(findTestCase(CallTCName), ["FindValue":ComboBoxValue, "DropdownNm":comboNm], STOP_ON_FAILURE): Call Test Case 'Test Cases/PFI Precision and Scale/PFI Components/ConstantHashMap' successfully

2020-05-28 01:28:49 - [TEST_CASE][PASSED] - Test Cases/PFI Precision and Scale/PFI Components/ConstantHashMap: Test Cases/PFI Precision and Scale/PFI Components/ConstantHashMap

2020-05-28 01:28:49 - [TEST_STEP][PASSED] - ConstantTBL = [1:["PeriodType":"Working Day(s)"], 2:["PeriodType":"Calendar Day(s)"], 3:["PeriodType":"Month(s)"], 4:["TypeOfLetter":"T1"], ... ]: null

2020-05-28 01:28:49 - [TEST_STEP][PASSED] - switch (DropdownNm): null

2020-05-28 01:28:49 - [TEST_STEP][PASSED] - case "eotType":: null

2020-05-28 01:28:49 - [TEST_STEP][PASSED] - ValueFound = ConstantTBL.find({ -> ... }): null

2020-05-28 01:28:49 - [TEST_STEP][PASSED] - break: null

2020-05-28 01:28:49 - [MESSAGE][PASSED] - Call Test Case 'Test Cases/PFI Precision and Scale/PFI Components/ConstantHashMap' successfully

2020-05-28 01:28:49 - [TEST_STEP][PASSED] - println(ValueFound): null

2020-05-28 01:28:49 - [TEST_STEP][PASSED] - sendKeys(NewInputNmField, Keys.chord(ARROW_DOWN)): Keys 'DOWN + ' sent to object: 'Object Repository/Objects.HighlightElements/input_field'

2020-05-28 01:28:49 - [MESSAGE][PASSED] - Keys 'DOWN + ' sent to object: 'Object Repository/Objects.HighlightElements/input_field'

2020-05-28 01:28:49 - [TEST_STEP][PASSED] - sendKeys(NewInputNmField, Keys.chord(ARROW_DOWN)): Keys 'DOWN + ' sent to object: 'Object Repository/Objects.HighlightElements/input_field'

2020-05-28 01:28:50 - [MESSAGE][PASSED] - Keys 'DOWN + ' sent to object: 'Object Repository/Objects.HighlightElements/input_field'

2020-05-28 01:28:50 - [TEST_STEP][PASSED] - delay(DelayTime): Delayed 3 second(s)

2020-05-28 01:28:53 - [MESSAGE][PASSED] - Delayed 3 second(s)

2020-05-28 01:28:53 - [TEST_STEP][PASSED] - sendKeys(NewInputNmField, Keys.chord(ENTER)): Keys 'ENTER + ' sent to object: 'Object Repository/Objects.HighlightElements/input_field'

2020-05-28 01:28:53 - [MESSAGE][PASSED] - Keys 'ENTER + ' sent to object: 'Object Repository/Objects.HighlightElements/input_field'

2020-05-28 01:28:53 - [TEST_STEP][PASSED] - ComboBoxValue = getAttribute(NewInputNmField, "value"): Attribute 'value' of object 'Object Repository/Objects.HighlightElements/input_field' is: 'Appointment of PE for Visual Inspection'

2020-05-28 01:28:54 - [MESSAGE][PASSED] - Attribute 'value' of object 'Object Repository/Objects.HighlightElements/input_field' is: 'Appointment of PE for Visual Inspection'

2020-05-28 01:28:54 - [TEST_STEP][PASSED] - callTestCase(findTestCase(CallTCName), ["FindValue":ComboBoxValue, "DropdownNm":comboNm], STOP_ON_FAILURE): Call Test Case 'Test Cases/PFI Precision and Scale/PFI Components/ConstantHashMap' successfully

2020-05-28 01:28:54 - [TEST_CASE][PASSED] - Test Cases/PFI Precision and Scale/PFI Components/ConstantHashMap: Test Cases/PFI Precision and Scale/PFI Components/ConstantHashMap

2020-05-28 01:28:54 - [TEST_STEP][PASSED] - ConstantTBL = [1:["PeriodType":"Working Day(s)"], 2:["PeriodType":"Calendar Day(s)"], 3:["PeriodType":"Month(s)"], 4:["TypeOfLetter":"T1"], ... ]: null

2020-05-28 01:28:54 - [TEST_STEP][PASSED] - switch (DropdownNm): null

2020-05-28 01:28:54 - [TEST_STEP][PASSED] - case "eotType":: null

2020-05-28 01:28:54 - [TEST_STEP][PASSED] - ValueFound = ConstantTBL.find({ -> ... }): null

2020-05-28 01:28:54 - [TEST_STEP][PASSED] - break: null

2020-05-28 01:28:54 - [MESSAGE][PASSED] - Call Test Case 'Test Cases/PFI Precision and Scale/PFI Components/ConstantHashMap' successfully

2020-05-28 01:28:54 - [TEST_STEP][PASSED] - println(ValueFound): null

2020-05-28 01:28:54 - [TEST_STEP][PASSED] - sendKeys(NewInputNmField, Keys.chord(ARROW_DOWN)): Keys 'DOWN + ' sent to object: 'Object Repository/Objects.HighlightElements/input_field'

2020-05-28 01:28:55 - [MESSAGE][PASSED] - Keys 'DOWN + ' sent to object: 'Object Repository/Objects.HighlightElements/input_field'

2020-05-28 01:28:55 - [TEST_STEP][PASSED] - sendKeys(NewInputNmField, Keys.chord(ARROW_DOWN)): Keys 'DOWN + ' sent to object: 'Object Repository/Objects.HighlightElements/input_field'

2020-05-28 01:28:56 - [MESSAGE][PASSED] - Keys 'DOWN + ' sent to object: 'Object Repository/Objects.HighlightElements/input_field'

2020-05-28 01:28:56 - [TEST_STEP][PASSED] - delay(DelayTime): Delayed 3 second(s)

2020-05-28 01:28:59 - [MESSAGE][PASSED] - Delayed 3 second(s)

2020-05-28 01:28:59 - [TEST_STEP][PASSED] - sendKeys(NewInputNmField, Keys.chord(ENTER)): Keys 'ENTER + ' sent to object: 'Object Repository/Objects.HighlightElements/input_field'

2020-05-28 01:28:59 - [MESSAGE][PASSED] - Keys 'ENTER + ' sent to object: 'Object Repository/Objects.HighlightElements/input_field'

2020-05-28 01:28:59 - [TEST_STEP][PASSED] - ComboBoxValue = getAttribute(NewInputNmField, "value"): Attribute 'value' of object 'Object Repository/Objects.HighlightElements/input_field' is: 'Appointment of PE for FSI'

2020-05-28 01:29:00 - [MESSAGE][PASSED] - Attribute 'value' of object 'Object Repository/Objects.HighlightElements/input_field' is: 'Appointment of PE for FSI'

2020-05-28 01:29:00 - [TEST_STEP][PASSED] - callTestCase(findTestCase(CallTCName), ["FindValue":ComboBoxValue, "DropdownNm":comboNm], STOP_ON_FAILURE): Call Test Case 'Test Cases/PFI Precision and Scale/PFI Components/ConstantHashMap' successfully

2020-05-28 01:29:00 - [TEST_CASE][PASSED] - Test Cases/PFI Precision and Scale/PFI Components/ConstantHashMap: Test Cases/PFI Precision and Scale/PFI Components/ConstantHashMap

2020-05-28 01:29:00 - [TEST_STEP][PASSED] - ConstantTBL = [1:["PeriodType":"Working Day(s)"], 2:["PeriodType":"Calendar Day(s)"], 3:["PeriodType":"Month(s)"], 4:["TypeOfLetter":"T1"], ... ]: null

2020-05-28 01:29:00 - [TEST_STEP][PASSED] - switch (DropdownNm): null

2020-05-28 01:29:00 - [TEST_STEP][PASSED] - case "eotType":: null

2020-05-28 01:29:00 - [TEST_STEP][PASSED] - ValueFound = ConstantTBL.find({ -> ... }): null

2020-05-28 01:29:00 - [TEST_STEP][PASSED] - break: null

2020-05-28 01:29:00 - [MESSAGE][PASSED] - Call Test Case 'Test Cases/PFI Precision and Scale/PFI Components/ConstantHashMap' successfully

2020-05-28 01:29:00 - [TEST_STEP][PASSED] - println(ValueFound): null

2020-05-28 01:29:00 - [TEST_STEP][PASSED] - sendKeys(NewInputNmField, Keys.chord(ARROW_DOWN)): Keys 'DOWN + ' sent to object: 'Object Repository/Objects.HighlightElements/input_field'

2020-05-28 01:29:00 - [MESSAGE][PASSED] - Keys 'DOWN + ' sent to object: 'Object Repository/Objects.HighlightElements/input_field'

2020-05-28 01:29:00 - [TEST_STEP][PASSED] - sendKeys(NewInputNmField, Keys.chord(ARROW_DOWN)): Keys 'DOWN + ' sent to object: 'Object Repository/Objects.HighlightElements/input_field'

2020-05-28 01:29:00 - [MESSAGE][PASSED] - Keys 'DOWN + ' sent to object: 'Object Repository/Objects.HighlightElements/input_field'

2020-05-28 01:29:00 - [TEST_STEP][PASSED] - delay(DelayTime): Delayed 3 second(s)

2020-05-28 01:29:03 - [MESSAGE][PASSED] - Delayed 3 second(s)

2020-05-28 01:29:03 - [TEST_STEP][PASSED] - sendKeys(NewInputNmField, Keys.chord(ENTER)): Keys 'ENTER + ' sent to object: 'Object Repository/Objects.HighlightElements/input_field'

2020-05-28 01:29:04 - [MESSAGE][PASSED] - Keys 'ENTER + ' sent to object: 'Object Repository/Objects.HighlightElements/input_field'

2020-05-28 01:29:04 - [TEST_STEP][PASSED] - ComboBoxValue = getAttribute(NewInputNmField, "value"): Attribute 'value' of object 'Object Repository/Objects.HighlightElements/input_field' is: 'Submission of VIR'

2020-05-28 01:29:04 - [MESSAGE][PASSED] - Attribute 'value' of object 'Object Repository/Objects.HighlightElements/input_field' is: 'Submission of VIR'

2020-05-28 01:29:04 - [TEST_STEP][PASSED] - callTestCase(findTestCase(CallTCName), ["FindValue":ComboBoxValue, "DropdownNm":comboNm], STOP_ON_FAILURE): Call Test Case 'Test Cases/PFI Precision and Scale/PFI Components/ConstantHashMap' successfully

2020-05-28 01:29:04 - [TEST_CASE][PASSED] - Test Cases/PFI Precision and Scale/PFI Components/ConstantHashMap: Test Cases/PFI Precision and Scale/PFI Components/ConstantHashMap

2020-05-28 01:29:04 - [TEST_STEP][PASSED] - ConstantTBL = [1:["PeriodType":"Working Day(s)"], 2:["PeriodType":"Calendar Day(s)"], 3:["PeriodType":"Month(s)"], 4:["TypeOfLetter":"T1"], ... ]: null

2020-05-28 01:29:04 - [TEST_STEP][PASSED] - switch (DropdownNm): null

2020-05-28 01:29:04 - [TEST_STEP][PASSED] - case "eotType":: null

2020-05-28 01:29:04 - [TEST_STEP][PASSED] - ValueFound = ConstantTBL.find({ -> ... }): null

2020-05-28 01:29:04 - [TEST_STEP][PASSED] - break: null

2020-05-28 01:29:04 - [MESSAGE][PASSED] - Call Test Case 'Test Cases/PFI Precision and Scale/PFI Components/ConstantHashMap' successfully

2020-05-28 01:29:04 - [TEST_STEP][PASSED] - println(ValueFound): null

2020-05-28 01:29:04 - [TEST_STEP][PASSED] - sendKeys(NewInputNmField, Keys.chord(ARROW_DOWN)): Keys 'DOWN + ' sent to object: 'Object Repository/Objects.HighlightElements/input_field'

2020-05-28 01:29:04 - [MESSAGE][PASSED] - Keys 'DOWN + ' sent to object: 'Object Repository/Objects.HighlightElements/input_field'

2020-05-28 01:29:04 - [TEST_STEP][PASSED] - sendKeys(NewInputNmField, Keys.chord(ARROW_DOWN)): Keys 'DOWN + ' sent to object: 'Object Repository/Objects.HighlightElements/input_field'

2020-05-28 01:29:05 - [MESSAGE][PASSED] - Keys 'DOWN + ' sent to object: 'Object Repository/Objects.HighlightElements/input_field'

2020-05-28 01:29:05 - [TEST_STEP][PASSED] - delay(DelayTime): Delayed 3 second(s)

2020-05-28 01:29:08 - [MESSAGE][PASSED] - Delayed 3 second(s)

2020-05-28 01:29:08 - [TEST_STEP][PASSED] - sendKeys(NewInputNmField, Keys.chord(ENTER)): Keys 'ENTER + ' sent to object: 'Object Repository/Objects.HighlightElements/input_field'

2020-05-28 01:29:08 - [MESSAGE][PASSED] - Keys 'ENTER + ' sent to object: 'Object Repository/Objects.HighlightElements/input_field'

2020-05-28 01:29:08 - [TEST_STEP][PASSED] - ComboBoxValue = getAttribute(NewInputNmField, "value"): Attribute 'value' of object 'Object Repository/Objects.HighlightElements/input_field' is: 'Submission of FSI Report'

2020-05-28 01:29:09 - [MESSAGE][PASSED] - Attribute 'value' of object 'Object Repository/Objects.HighlightElements/input_field' is: 'Submission of FSI Report'

2020-05-28 01:29:09 - [TEST_STEP][PASSED] - callTestCase(findTestCase(CallTCName), ["FindValue":ComboBoxValue, "DropdownNm":comboNm], STOP_ON_FAILURE): Call Test Case 'Test Cases/PFI Precision and Scale/PFI Components/ConstantHashMap' successfully

2020-05-28 01:29:09 - [TEST_CASE][PASSED] - Test Cases/PFI Precision and Scale/PFI Components/ConstantHashMap: Test Cases/PFI Precision and Scale/PFI Components/ConstantHashMap

2020-05-28 01:29:09 - [TEST_STEP][PASSED] - ConstantTBL = [1:["PeriodType":"Working Day(s)"], 2:["PeriodType":"Calendar Day(s)"], 3:["PeriodType":"Month(s)"], 4:["TypeOfLetter":"T1"], ... ]: null

2020-05-28 01:29:09 - [TEST_STEP][PASSED] - switch (DropdownNm): null

2020-05-28 01:29:09 - [TEST_STEP][PASSED] - case "eotType":: null

2020-05-28 01:29:09 - [TEST_STEP][PASSED] - ValueFound = ConstantTBL.find({ -> ... }): null

2020-05-28 01:29:09 - [TEST_STEP][PASSED] - break: null

2020-05-28 01:29:09 - [MESSAGE][PASSED] - Call Test Case 'Test Cases/PFI Precision and Scale/PFI Components/ConstantHashMap' successfully

2020-05-28 01:29:09 - [TEST_STEP][PASSED] - println(ValueFound): null

2020-05-28 01:29:09 - [TEST_STEP][PASSED] - sendKeys(NewInputNmField, Keys.chord(ARROW_DOWN)): Keys 'DOWN + ' sent to object: 'Object Repository/Objects.HighlightElements/input_field'

2020-05-28 01:29:09 - [MESSAGE][PASSED] - Keys 'DOWN + ' sent to object: 'Object Repository/Objects.HighlightElements/input_field'

2020-05-28 01:29:09 - [TEST_STEP][PASSED] - sendKeys(NewInputNmField, Keys.chord(ENTER)): Keys 'ENTER + ' sent to object: 'Object Repository/Objects.HighlightElements/input_field'

2020-05-28 01:29:09 - [MESSAGE][PASSED] - Keys 'ENTER + ' sent to object: 'Object Repository/Objects.HighlightElements/input_field'

2020-05-28 01:29:09 - [MESSAGE][PASSED] - Call Test Case 'Test Cases/PFI Precision and Scale/PFI Components/VerifyDropdownValues' successfully

2020-05-28 01:29:09 - [TEST_STEP][PASSED] - callTestCase(findTestCase("Components/HighlightLabelField"), ["LblName":"EOT From Date *:"], STOP_ON_FAILURE): Call Test Case 'Test Cases/Components/HighlightLabelField' successfully

2020-05-28 01:29:09 - [TEST_CASE][PASSED] - Test Cases/Components/HighlightLabelField: Test Cases/Components/HighlightLabelField

2020-05-28 01:29:09 - [TEST_STEP][PASSED] - Thread.sleep(1000): null

2020-05-28 01:29:10 - [TEST_STEP][PASSED] - modifiedLblNm = modifyObjectProperty(findTestObject("Objects.HighlightElements/lblField"), "text", "equals", LblName, true): Modify property of object successfully

2020-05-28 01:29:11 - [MESSAGE][PASSED] - Modify property of object successfully

2020-05-28 01:29:11 - [TEST_STEP][PASSED] - com.reusableComponents.HighlightElement.run(modifiedLblNm): com.reusableComponents.HighlightElement.run is PASSED

2020-05-28 01:29:11 - [MESSAGE][PASSED] - com.reusableComponents.HighlightElement.run is PASSED

2020-05-28 01:29:11 - [MESSAGE][PASSED] - Call Test Case 'Test Cases/Components/HighlightLabelField' successfully

2020-05-28 01:29:11 - [TEST_STEP][PASSED] - callTestCase(findTestCase("Components/HighlightInputField"), ["InputFldName":"eotFromDate"], STOP_ON_FAILURE): Call Test Case 'Test Cases/Components/HighlightInputField' successfully

2020-05-28 01:29:11 - [TEST_CASE][PASSED] - Test Cases/Components/HighlightInputField: Test Cases/Components/HighlightInputField

2020-05-28 01:29:11 - [TEST_STEP][PASSED] - Thread.sleep(1000): null

2020-05-28 01:29:12 - [TEST_STEP][PASSED] - modifiedLblNm = modifyObjectProperty(findTestObject("Objects.HighlightElements/input_field"), "name", "equals", InputFldName, true): Modify property of object successfully

2020-05-28 01:29:12 - [MESSAGE][PASSED] - Modify property of object successfully

2020-05-28 01:29:12 - [TEST_STEP][PASSED] - com.reusableComponents.HighlightElement.run(modifiedLblNm): com.reusableComponents.HighlightElement.run is PASSED

2020-05-28 01:29:13 - [MESSAGE][PASSED] - com.reusableComponents.HighlightElement.run is PASSED

2020-05-28 01:29:13 - [MESSAGE][PASSED] - Call Test Case 'Test Cases/Components/HighlightInputField' successfully

2020-05-28 01:29:13 - [TEST_STEP][PASSED] - callTestCase(findTestCase("PFI Precision and Scale/PFI Components/SelectDayInDatePicker"), ["FldNm":"eotFromDate", "SelectDay":"May 30"], STOP_ON_FAILURE): Call Test Case 'Test Cases/PFI Precision and Scale/PFI Components/SelectDayInDatePicker' successfully

2020-05-28 01:29:13 - [TEST_CASE][PASSED] - Test Cases/PFI Precision and Scale/PFI Components/SelectDayInDatePicker: Test Cases/PFI Precision and Scale/PFI Components/SelectDayInDatePicker

2020-05-28 01:29:13 - [TEST_STEP][PASSED] - Thread.sleep(1000): null

2020-05-28 01:29:14 - [TEST_STEP][PASSED] - DateFieldNm = modifyObjectProperty(findTestObject("Objects.HighlightElements/input_field"), "name", "equals", FldNm, true): Modify property of object successfully

2020-05-28 01:29:14 - [MESSAGE][PASSED] - Modify property of object successfully

2020-05-28 01:29:14 - [TEST_STEP][PASSED] - ModifyDay = modifyObjectProperty(findTestObject("Objects.DateValidation/Page_ISPS2/Select_Day"), "aria-label", "equals", SelectDay, true): Modify property of object successfully

2020-05-28 01:29:14 - [MESSAGE][PASSED] - Modify property of object successfully

2020-05-28 01:29:14 - [TEST_STEP][PASSED] - sendKeys(DateFieldNm, Keys.chord(ARROW_DOWN)): Keys 'DOWN + ' sent to object: 'Object Repository/Objects.HighlightElements/input_field'

2020-05-28 01:29:15 - [MESSAGE][PASSED] - Keys 'DOWN + ' sent to object: 'Object Repository/Objects.HighlightElements/input_field'

2020-05-28 01:29:15 - [TEST_STEP][PASSED] - com.reusableComponents.HighlightElement.run(ModifyDay): com.reusableComponents.HighlightElement.run is PASSED

2020-05-28 01:29:16 - [MESSAGE][PASSED] - com.reusableComponents.HighlightElement.run is PASSED

2020-05-28 01:29:16 - [TEST_STEP][PASSED] - delay(1): Delayed 1 second(s)

2020-05-28 01:29:17 - [MESSAGE][PASSED] - Delayed 1 second(s)

2020-05-28 01:29:17 - [TEST_STEP][PASSED] - click(ModifyDay): Object: 'Object Repository/Objects.DateValidation/Page_ISPS2/Select_Day' is clicked on

2020-05-28 01:29:17 - [MESSAGE][PASSED] - Object: 'Object Repository/Objects.DateValidation/Page_ISPS2/Select_Day' is clicked on

2020-05-28 01:29:17 - [MESSAGE][PASSED] - Call Test Case 'Test Cases/PFI Precision and Scale/PFI Components/SelectDayInDatePicker' successfully

2020-05-28 01:29:17 - [TEST_STEP][PASSED] - callTestCase(findTestCase("PFI Precision and Scale/PFI Components/NumericTextboxValidationII"), ["nameToBeUsed":"eotFromDate", "minLen":11, "index":0], STOP_ON_FAILURE): Call Test Case 'Test Cases/PFI Precision and Scale/PFI Components/NumericTextboxValidationII' successfully

2020-05-28 01:29:17 - [TEST_CASE][PASSED] - Test Cases/PFI Precision and Scale/PFI Components/NumericTextboxValidationII: Test Cases/PFI Precision and Scale/PFI Components/NumericTextboxValidationII

2020-05-28 01:29:17 - [TEST_STEP][PASSED] - Thread.sleep(1000): null

2020-05-28 01:29:18 - [TEST_STEP][PASSED] - Numeric = "0123456789": null

2020-05-28 01:29:18 - [TEST_STEP][PASSED] - AlphaSpecialChar = z) + "`~!@#$%^&*()=_{}|\][;'":,?><"".join(): null

2020-05-28 01:29:18 - [TEST_STEP][PASSED] - RandomNumeric = RandomStringUtils.random(minLen, Numeric.toCharArray()): null

2020-05-28 01:29:18 - [TEST_STEP][PASSED] - RandomString = RandomStringUtils.random(minLen, AlphaSpecialChar): null

2020-05-28 01:29:18 - [TEST_STEP][PASSED] - regexPat = Pattern.compile("^[0-9]+$"): null

2020-05-28 01:29:18 - [TEST_STEP][PASSED] - NewInputNmField = modifyObjectProperty(findTestObject("Objects.RemarksValidation/input_Remarks"), "name", "equals", nameToBeUsed, true): Modify property of object successfully

2020-05-28 01:29:18 - [MESSAGE][PASSED] - Modify property of object successfully

2020-05-28 01:29:18 - [TEST_STEP][PASSED] - focus(NewInputNmField): Object: 'Object Repository/Objects.RemarksValidation/input_Remarks' is focused

2020-05-28 01:29:18 - [MESSAGE][PASSED] - Object: 'Object Repository/Objects.RemarksValidation/input_Remarks' is focused

2020-05-28 01:29:18 - [TEST_STEP][PASSED] - setText(NewInputNmField, RandomString): Text 'D<WhqZ\~Rm>' is set on object 'Object Repository/Objects.RemarksValidation/input_Remarks'

2020-05-28 01:29:19 - [MESSAGE][PASSED] - Text 'D<WhqZ\~Rm>' is set on object 'Object Repository/Objects.RemarksValidation/input_Remarks'

2020-05-28 01:29:19 - [TEST_STEP][PASSED] - GetInputVal = getAttribute(NewInputNmField, "value"): Attribute 'value' of object 'Object Repository/Objects.RemarksValidation/input_Remarks' is: ''

2020-05-28 01:29:19 - [MESSAGE][PASSED] - Attribute 'value' of object 'Object Repository/Objects.RemarksValidation/input_Remarks' is: ''

2020-05-28 01:29:19 - [TEST_STEP][PASSED] - if (GetInputVal.contains("e")): null

2020-05-28 01:29:19 - [TEST_STEP][PASSED] - else: Actual text '' and expected text '' are matched  using regular expression

2020-05-28 01:29:19 - [TEST_STEP][PASSED] - verifyMatch(GetInputVal, "", true): Actual text '' and expected text '' are matched  using regular expression

2020-05-28 01:29:19 - [MESSAGE][PASSED] - Actual text '' and expected text '' are matched  using regular expression

2020-05-28 01:29:19 - [TEST_STEP][PASSED] - setText(NewInputNmField, RandomNumeric): Text '23627177975' is set on object 'Object Repository/Objects.RemarksValidation/input_Remarks'

2020-05-28 01:29:20 - [MESSAGE][PASSED] - Text '23627177975' is set on object 'Object Repository/Objects.RemarksValidation/input_Remarks'

2020-05-28 01:29:20 - [TEST_STEP][PASSED] - GetEnteredIntegers = getAttribute(NewInputNmField, "value"): Attribute 'value' of object 'Object Repository/Objects.RemarksValidation/input_Remarks' is: '23627177975'

2020-05-28 01:29:20 - [MESSAGE][PASSED] - Attribute 'value' of object 'Object Repository/Objects.RemarksValidation/input_Remarks' is: '23627177975'

2020-05-28 01:29:20 - [TEST_STEP][PASSED] - matchStr = regexPat.matcher(GetEnteredIntegers): null

2020-05-28 01:29:20 - [TEST_STEP][PASSED] - if (matchStr.matches() == true): Accepting Numeric

2020-05-28 01:29:20 - [TEST_STEP][PASSED] - comment("Accepting Numeric"): Accepting Numeric

2020-05-28 01:29:20 - [MESSAGE][INFO] - Accepting Numeric

2020-05-28 01:29:20 - [MESSAGE][PASSED] - Call Test Case 'Test Cases/PFI Precision and Scale/PFI Components/NumericTextboxValidationII' successfully

2020-05-28 01:29:20 - [TEST_STEP][PASSED] - callTestCase(findTestCase("PFI Precision and Scale/PFI Components/StartTimeError"), ["FldNm":"eotFromDate", "index":0], STOP_ON_FAILURE): Call Test Case 'Test Cases/PFI Precision and Scale/PFI Components/StartTimeError' successfully

2020-05-28 01:29:20 - [TEST_CASE][PASSED] - Test Cases/PFI Precision and Scale/PFI Components/StartTimeError: Test Cases/PFI Precision and Scale/PFI Components/StartTimeError

2020-05-28 01:29:21 - [TEST_STEP][PASSED] - Thread.sleep(1000): null

2020-05-28 01:29:22 - [TEST_STEP][PASSED] - if (index == 0): Modify property of object successfully

2020-05-28 01:29:22 - [TEST_STEP][PASSED] - NewInputNmField = modifyObjectProperty(findTestObject("Objects.HighlightElements/input_field"), "name", "equals", FldNm, true): Modify property of object successfully

2020-05-28 01:29:22 - [MESSAGE][PASSED] - Modify property of object successfully

2020-05-28 01:29:22 - [TEST_STEP][PASSED] - mouseOver(NewInputNmField): Object: 'Object Repository/Objects.HighlightElements/input_field' is hovered

2020-05-28 01:29:22 - [MESSAGE][PASSED] - Object: 'Object Repository/Objects.HighlightElements/input_field' is hovered

2020-05-28 01:29:22 - [TEST_STEP][PASSED] - getInputInvalidDate = getAttribute(NewInputNmField, "value"): Attribute 'value' of object 'Object Repository/Objects.HighlightElements/input_field' is: '23627177975'

2020-05-28 01:29:22 - [MESSAGE][PASSED] - Attribute 'value' of object 'Object Repository/Objects.HighlightElements/input_field' is: '23627177975'

2020-05-28 01:29:22 - [TEST_STEP][PASSED] - getErrMsg = getAttribute(NewInputNmField, "data-errorqtip"): Attribute 'data-errorqtip' of object 'Object Repository/Objects.HighlightElements/input_field' is: '<ul class="x-list-plain"><li>Start time must be less than end time</li><li>23627177975 is not a valid date - it must be in the format d/m/Y</li></ul>'

2020-05-28 01:29:23 - [MESSAGE][PASSED] - Attribute 'data-errorqtip' of object 'Object Repository/Objects.HighlightElements/input_field' is: '<ul class="x-list-plain"><li>Start time must be less than end time</li><li>23627177975 is not a valid date - it must be in the format d/m/Y</li></ul>'

2020-05-28 01:29:23 - [TEST_STEP][PASSED] - RmvCd = getErrMsg.substring(0, 75): null

2020-05-28 01:29:23 - [TEST_STEP][PASSED] - FirstErrMsg = RmvCd.substring(29, 66): null

2020-05-28 01:29:23 - [TEST_STEP][PASSED] - getTotalLength = getErrMsg.length(): null

2020-05-28 01:29:23 - [TEST_STEP][PASSED] - RmvCd = getErrMsg.substring(75, getTotalLength): null

2020-05-28 01:29:23 - [TEST_STEP][PASSED] - lenInv = RmvCd.length() - 10: null

2020-05-28 01:29:23 - [TEST_STEP][PASSED] - InvErrMsg = RmvCd.substring(0, lenInv): null

2020-05-28 01:29:23 - [TEST_STEP][PASSED] - ExpectedInvalidErrMsg2 = concatenate(InvDtErr, " ", getInputInvalidDate, " ", NotValidDt): Concatenated string array: '['Start time must be less than end time',' ','23627177975',' ','is not a valid date - it must be in the format d/m/Y']' into 'Start time must be less than end time 23627177975 is not a valid date - it must be in the format d/m/Y'

2020-05-28 01:29:23 - [MESSAGE][PASSED] - Concatenated string array: '['Start time must be less than end time',' ','23627177975',' ','is not a valid date - it must be in the format d/m/Y']' into 'Start time must be less than end time 23627177975 is not a valid date - it must be in the format d/m/Y'

2020-05-28 01:29:23 - [TEST_STEP][PASSED] - ActualInvErrMsg = concatenate(FirstErrMsg, " ", InvErrMsg): Concatenated string array: '['Start time must be less than end time',' ','23627177975 is not a valid date - it must be in the format d/m/Y']' into 'Start time must be less than end time 23627177975 is not a valid date - it must be in the format d/m/Y'

2020-05-28 01:29:23 - [MESSAGE][PASSED] - Concatenated string array: '['Start time must be less than end time',' ','23627177975 is not a valid date - it must be in the format d/m/Y']' into 'Start time must be less than end time 23627177975 is not a valid date - it must be in the format d/m/Y'

2020-05-28 01:29:23 - [TEST_STEP][PASSED] - verifyMatch(ActualInvErrMsg, ExpectedInvalidErrMsg2, true): Actual text 'Start time must be less than end time 23627177975 is not a valid date - it must be in the format d/m/Y' and expected text 'Start time must be less than end time 23627177975 is not a valid date - it must be in the format d/m/Y' are matched  using regular expression

2020-05-28 01:29:23 - [MESSAGE][PASSED] - Actual text 'Start time must be less than end time 23627177975 is not a valid date - it must be in the format d/m/Y' and expected text 'Start time must be less than end time 23627177975 is not a valid date - it must be in the format d/m/Y' are matched  using regular expression

2020-05-28 01:29:23 - [MESSAGE][PASSED] - Call Test Case 'Test Cases/PFI Precision and Scale/PFI Components/StartTimeError' successfully

2020-05-28 01:29:23 - [TEST_STEP][PASSED] - callTestCase(findTestCase("PFI Precision and Scale/PFI Components/SelectTodayInDatePicker"), ["FldNm":"eotFromDate", "index":"1"], STOP_ON_FAILURE): Call Test Case 'Test Cases/PFI Precision and Scale/PFI Components/SelectTodayInDatePicker' successfully

2020-05-28 01:29:23 - [TEST_CASE][PASSED] - Test Cases/PFI Precision and Scale/PFI Components/SelectTodayInDatePicker: Test Cases/PFI Precision and Scale/PFI Components/SelectTodayInDatePicker

2020-05-28 01:29:23 - [TEST_STEP][PASSED] - Thread.sleep(1000): null

2020-05-28 01:29:24 - [TEST_STEP][PASSED] - DateFieldNm = modifyObjectProperty(findTestObject("Object Repository/Objects.DateValidation/Page_ISPS2/input__orderDt"), "name", "equals", FldNm, true): Modify property of object successfully

2020-05-28 01:29:24 - [MESSAGE][PASSED] - Modify property of object successfully

2020-05-28 01:29:24 - [TEST_STEP][PASSED] - TodayBtn = modifyObjectProperty(findTestObject("Object Repository/Objects.DateValidation/Page_ISPS2/a_Today"), "xpath", "equals", "(//*[text() = 'Today'])[" + index + "]", true): Modify property of object successfully

2020-05-28 01:29:24 - [MESSAGE][PASSED] - Modify property of object successfully

2020-05-28 01:29:24 - [TEST_STEP][PASSED] - sendKeys(DateFieldNm, Keys.chord(ARROW_DOWN)): Keys 'DOWN + ' sent to object: 'Object Repository/Objects.DateValidation/Page_ISPS2/input__orderDt'

2020-05-28 01:29:25 - [MESSAGE][PASSED] - Keys 'DOWN + ' sent to object: 'Object Repository/Objects.DateValidation/Page_ISPS2/input__orderDt'

2020-05-28 01:29:25 - [TEST_STEP][PASSED] - com.reusableComponents.HighlightElement.run(TodayBtn): com.reusableComponents.HighlightElement.run is PASSED

2020-05-28 01:29:26 - [MESSAGE][PASSED] - com.reusableComponents.HighlightElement.run is PASSED

2020-05-28 01:29:26 - [TEST_STEP][PASSED] - click(TodayBtn): Object: 'Object Repository/Objects.DateValidation/Page_ISPS2/a_Today' is clicked on

2020-05-28 01:29:26 - [MESSAGE][PASSED] - Object: 'Object Repository/Objects.DateValidation/Page_ISPS2/a_Today' is clicked on

2020-05-28 01:29:26 - [MESSAGE][PASSED] - Call Test Case 'Test Cases/PFI Precision and Scale/PFI Components/SelectTodayInDatePicker' successfully

2020-05-28 01:29:26 - [TEST_STEP][PASSED] - callTestCase(findTestCase("Components/HighlightLabelField"), ["LblName":"EOT To Date *:"], STOP_ON_FAILURE): Call Test Case 'Test Cases/Components/HighlightLabelField' successfully

2020-05-28 01:29:26 - [TEST_CASE][PASSED] - Test Cases/Components/HighlightLabelField: Test Cases/Components/HighlightLabelField

2020-05-28 01:29:26 - [TEST_STEP][PASSED] - Thread.sleep(1000): null

2020-05-28 01:29:27 - [TEST_STEP][PASSED] - modifiedLblNm = modifyObjectProperty(findTestObject("Objects.HighlightElements/lblField"), "text", "equals", LblName, true): Modify property of object successfully

2020-05-28 01:29:27 - [MESSAGE][PASSED] - Modify property of object successfully

2020-05-28 01:29:27 - [TEST_STEP][PASSED] - com.reusableComponents.HighlightElement.run(modifiedLblNm): com.reusableComponents.HighlightElement.run is PASSED

2020-05-28 01:29:28 - [MESSAGE][PASSED] - com.reusableComponents.HighlightElement.run is PASSED

2020-05-28 01:29:28 - [MESSAGE][PASSED] - Call Test Case 'Test Cases/Components/HighlightLabelField' successfully

2020-05-28 01:29:28 - [TEST_STEP][PASSED] - callTestCase(findTestCase("Components/HighlightInputField"), ["InputFldName":"eotToDate"], STOP_ON_FAILURE): Call Test Case 'Test Cases/Components/HighlightInputField' successfully

2020-05-28 01:29:28 - [TEST_CASE][PASSED] - Test Cases/Components/HighlightInputField: Test Cases/Components/HighlightInputField

2020-05-28 01:29:28 - [TEST_STEP][PASSED] - Thread.sleep(1000): null

2020-05-28 01:29:29 - [TEST_STEP][PASSED] - modifiedLblNm = modifyObjectProperty(findTestObject("Objects.HighlightElements/input_field"), "name", "equals", InputFldName, true): Modify property of object successfully

2020-05-28 01:29:29 - [MESSAGE][PASSED] - Modify property of object successfully

2020-05-28 01:29:29 - [TEST_STEP][PASSED] - com.reusableComponents.HighlightElement.run(modifiedLblNm): com.reusableComponents.HighlightElement.run is PASSED

2020-05-28 01:29:29 - [MESSAGE][PASSED] - com.reusableComponents.HighlightElement.run is PASSED

2020-05-28 01:29:29 - [MESSAGE][PASSED] - Call Test Case 'Test Cases/Components/HighlightInputField' successfully

2020-05-28 01:29:29 - [TEST_STEP][PASSED] - callTestCase(findTestCase("PFI Precision and Scale/PFI Components with Indexing/SelectDayInDatePickerWithIndex"), ["FldNm":"eotToDate", "SelectCurrentDay":"27", "index":4], STOP_ON_FAILURE): Call Test Case 'Test Cases/PFI Precision and Scale/PFI Components with Indexing/SelectDayInDatePickerWithIndex' successfully

2020-05-28 01:29:29 - [TEST_CASE][PASSED] - Test Cases/PFI Precision and Scale/PFI Components with Indexing/SelectDayInDatePickerWithIndex: Test Cases/PFI Precision and Scale/PFI Components with Indexing/SelectDayInDatePickerWithIndex

2020-05-28 01:29:30 - [TEST_STEP][PASSED] - Thread.sleep(1000): null

2020-05-28 01:29:31 - [TEST_STEP][PASSED] - DateFieldNm = modifyObjectProperty(findTestObject("Objects.HighlightElements/input_field"), "name", "equals", FldNm, true): Modify property of object successfully

2020-05-28 01:29:31 - [MESSAGE][PASSED] - Modify property of object successfully

2020-05-28 01:29:31 - [TEST_STEP][PASSED] - ModifyDay = modifyObjectProperty(findTestObject("Objects.DateValidation/Page_ISPS2/Select_Day_Index"), "xpath", "equals", "(//*[contains(@class, 'x-datepicker-date') and (text() = '" + SelectCurrentDay + "')])[" + index + "]", true): Modify property of object successfully

2020-05-28 01:29:31 - [MESSAGE][PASSED] - Modify property of object successfully

2020-05-28 01:29:31 - [TEST_STEP][PASSED] - sendKeys(DateFieldNm, Keys.chord(ARROW_DOWN)): Keys 'DOWN + ' sent to object: 'Object Repository/Objects.HighlightElements/input_field'

2020-05-28 01:29:31 - [MESSAGE][PASSED] - Keys 'DOWN + ' sent to object: 'Object Repository/Objects.HighlightElements/input_field'

2020-05-28 01:29:31 - [TEST_STEP][PASSED] - com.reusableComponents.HighlightElement.run(ModifyDay): com.reusableComponents.HighlightElement.run is PASSED

2020-05-28 01:29:32 - [MESSAGE][PASSED] - com.reusableComponents.HighlightElement.run is PASSED

2020-05-28 01:29:32 - [TEST_STEP][PASSED] - delay(1): Delayed 1 second(s)

2020-05-28 01:29:33 - [MESSAGE][PASSED] - Delayed 1 second(s)

2020-05-28 01:29:33 - [TEST_STEP][PASSED] - click(ModifyDay): Object: 'Object Repository/Objects.DateValidation/Page_ISPS2/Select_Day_Index' is clicked on

2020-05-28 01:29:33 - [MESSAGE][PASSED] - Object: 'Object Repository/Objects.DateValidation/Page_ISPS2/Select_Day_Index' is clicked on

2020-05-28 01:29:33 - [MESSAGE][PASSED] - Call Test Case 'Test Cases/PFI Precision and Scale/PFI Components with Indexing/SelectDayInDatePickerWithIndex' successfully

2020-05-28 01:29:33 - [TEST_STEP][PASSED] - callTestCase(findTestCase("PFI Precision and Scale/PFI Components/NumericTextboxValidationII"), ["nameToBeUsed":"eotToDate", "minLen":11, "index":0], STOP_ON_FAILURE): Call Test Case 'Test Cases/PFI Precision and Scale/PFI Components/NumericTextboxValidationII' successfully

2020-05-28 01:29:33 - [TEST_CASE][PASSED] - Test Cases/PFI Precision and Scale/PFI Components/NumericTextboxValidationII: Test Cases/PFI Precision and Scale/PFI Components/NumericTextboxValidationII

2020-05-28 01:29:33 - [TEST_STEP][PASSED] - Thread.sleep(1000): null

2020-05-28 01:29:34 - [TEST_STEP][PASSED] - Numeric = "0123456789": null

2020-05-28 01:29:34 - [TEST_STEP][PASSED] - AlphaSpecialChar = z) + "`~!@#$%^&*()=_{}|\][;'":,?><"".join(): null

2020-05-28 01:29:34 - [TEST_STEP][PASSED] - RandomNumeric = RandomStringUtils.random(minLen, Numeric.toCharArray()): null

2020-05-28 01:29:34 - [TEST_STEP][PASSED] - RandomString = RandomStringUtils.random(minLen, AlphaSpecialChar): null

2020-05-28 01:29:34 - [TEST_STEP][PASSED] - regexPat = Pattern.compile("^[0-9]+$"): null

2020-05-28 01:29:34 - [TEST_STEP][PASSED] - NewInputNmField = modifyObjectProperty(findTestObject("Objects.RemarksValidation/input_Remarks"), "name", "equals", nameToBeUsed, true): Modify property of object successfully

2020-05-28 01:29:34 - [MESSAGE][PASSED] - Modify property of object successfully

2020-05-28 01:29:34 - [TEST_STEP][PASSED] - focus(NewInputNmField): Object: 'Object Repository/Objects.RemarksValidation/input_Remarks' is focused

2020-05-28 01:29:35 - [MESSAGE][PASSED] - Object: 'Object Repository/Objects.RemarksValidation/input_Remarks' is focused

2020-05-28 01:29:35 - [TEST_STEP][PASSED] - setText(NewInputNmField, RandomString): Text 'S!eCzXkjZ%V' is set on object 'Object Repository/Objects.RemarksValidation/input_Remarks'

2020-05-28 01:29:35 - [MESSAGE][PASSED] - Text 'S!eCzXkjZ%V' is set on object 'Object Repository/Objects.RemarksValidation/input_Remarks'

2020-05-28 01:29:35 - [TEST_STEP][PASSED] - GetInputVal = getAttribute(NewInputNmField, "value"): Attribute 'value' of object 'Object Repository/Objects.RemarksValidation/input_Remarks' is: ''

2020-05-28 01:29:35 - [MESSAGE][PASSED] - Attribute 'value' of object 'Object Repository/Objects.RemarksValidation/input_Remarks' is: ''

2020-05-28 01:29:35 - [TEST_STEP][PASSED] - if (GetInputVal.contains("e")): null

2020-05-28 01:29:35 - [TEST_STEP][PASSED] - else: Actual text '' and expected text '' are matched  using regular expression

2020-05-28 01:29:35 - [TEST_STEP][PASSED] - verifyMatch(GetInputVal, "", true): Actual text '' and expected text '' are matched  using regular expression

2020-05-28 01:29:35 - [MESSAGE][PASSED] - Actual text '' and expected text '' are matched  using regular expression

2020-05-28 01:29:35 - [TEST_STEP][PASSED] - setText(NewInputNmField, RandomNumeric): Text '75363998432' is set on object 'Object Repository/Objects.RemarksValidation/input_Remarks'

2020-05-28 01:29:36 - [MESSAGE][PASSED] - Text '75363998432' is set on object 'Object Repository/Objects.RemarksValidation/input_Remarks'

2020-05-28 01:29:36 - [TEST_STEP][PASSED] - GetEnteredIntegers = getAttribute(NewInputNmField, "value"): Attribute 'value' of object 'Object Repository/Objects.RemarksValidation/input_Remarks' is: '75363998432'

2020-05-28 01:29:36 - [MESSAGE][PASSED] - Attribute 'value' of object 'Object Repository/Objects.RemarksValidation/input_Remarks' is: '75363998432'

2020-05-28 01:29:36 - [TEST_STEP][PASSED] - matchStr = regexPat.matcher(GetEnteredIntegers): null

2020-05-28 01:29:36 - [TEST_STEP][PASSED] - if (matchStr.matches() == true): Accepting Numeric

2020-05-28 01:29:36 - [TEST_STEP][PASSED] - comment("Accepting Numeric"): Accepting Numeric

2020-05-28 01:29:36 - [MESSAGE][INFO] - Accepting Numeric

2020-05-28 01:29:36 - [MESSAGE][PASSED] - Call Test Case 'Test Cases/PFI Precision and Scale/PFI Components/NumericTextboxValidationII' successfully

2020-05-28 01:29:36 - [TEST_STEP][PASSED] - callTestCase(findTestCase("PFI Precision and Scale/PFI Components/StartTimeError"), ["FldNm":"eotToDate", "index":0], STOP_ON_FAILURE): Call Test Case 'Test Cases/PFI Precision and Scale/PFI Components/StartTimeError' successfully

2020-05-28 01:29:36 - [TEST_CASE][PASSED] - Test Cases/PFI Precision and Scale/PFI Components/StartTimeError: Test Cases/PFI Precision and Scale/PFI Components/StartTimeError

2020-05-28 01:29:36 - [TEST_STEP][PASSED] - Thread.sleep(1000): null

2020-05-28 01:29:37 - [TEST_STEP][PASSED] - if (index == 0): Modify property of object successfully

2020-05-28 01:29:37 - [TEST_STEP][PASSED] - NewInputNmField = modifyObjectProperty(findTestObject("Objects.HighlightElements/input_field"), "name", "equals", FldNm, true): Modify property of object successfully

2020-05-28 01:29:37 - [MESSAGE][PASSED] - Modify property of object successfully

2020-05-28 01:29:37 - [TEST_STEP][PASSED] - mouseOver(NewInputNmField): Object: 'Object Repository/Objects.HighlightElements/input_field' is hovered

2020-05-28 01:29:38 - [MESSAGE][PASSED] - Object: 'Object Repository/Objects.HighlightElements/input_field' is hovered

2020-05-28 01:29:38 - [TEST_STEP][PASSED] - getInputInvalidDate = getAttribute(NewInputNmField, "value"): Attribute 'value' of object 'Object Repository/Objects.HighlightElements/input_field' is: '75363998432'

2020-05-28 01:29:38 - [MESSAGE][PASSED] - Attribute 'value' of object 'Object Repository/Objects.HighlightElements/input_field' is: '75363998432'

2020-05-28 01:29:38 - [TEST_STEP][PASSED] - getErrMsg = getAttribute(NewInputNmField, "data-errorqtip"): Attribute 'data-errorqtip' of object 'Object Repository/Objects.HighlightElements/input_field' is: '<ul class="x-list-plain"><li>Start time must be less than end time</li><li>75363998432 is not a valid date - it must be in the format d/m/Y</li></ul>'

2020-05-28 01:29:39 - [MESSAGE][PASSED] - Attribute 'data-errorqtip' of object 'Object Repository/Objects.HighlightElements/input_field' is: '<ul class="x-list-plain"><li>Start time must be less than end time</li><li>75363998432 is not a valid date - it must be in the format d/m/Y</li></ul>'

2020-05-28 01:29:39 - [TEST_STEP][PASSED] - RmvCd = getErrMsg.substring(0, 75): null

2020-05-28 01:29:39 - [TEST_STEP][PASSED] - FirstErrMsg = RmvCd.substring(29, 66): null

2020-05-28 01:29:39 - [TEST_STEP][PASSED] - getTotalLength = getErrMsg.length(): null

2020-05-28 01:29:39 - [TEST_STEP][PASSED] - RmvCd = getErrMsg.substring(75, getTotalLength): null

2020-05-28 01:29:39 - [TEST_STEP][PASSED] - lenInv = RmvCd.length() - 10: null

2020-05-28 01:29:39 - [TEST_STEP][PASSED] - InvErrMsg = RmvCd.substring(0, lenInv): null

2020-05-28 01:29:39 - [TEST_STEP][PASSED] - ExpectedInvalidErrMsg2 = concatenate(InvDtErr, " ", getInputInvalidDate, " ", NotValidDt): Concatenated string array: '['Start time must be less than end time',' ','75363998432',' ','is not a valid date - it must be in the format d/m/Y']' into 'Start time must be less than end time 75363998432 is not a valid date - it must be in the format d/m/Y'

2020-05-28 01:29:39 - [MESSAGE][PASSED] - Concatenated string array: '['Start time must be less than end time',' ','75363998432',' ','is not a valid date - it must be in the format d/m/Y']' into 'Start time must be less than end time 75363998432 is not a valid date - it must be in the format d/m/Y'

2020-05-28 01:29:39 - [TEST_STEP][PASSED] - ActualInvErrMsg = concatenate(FirstErrMsg, " ", InvErrMsg): Concatenated string array: '['Start time must be less than end time',' ','75363998432 is not a valid date - it must be in the format d/m/Y']' into 'Start time must be less than end time 75363998432 is not a valid date - it must be in the format d/m/Y'

2020-05-28 01:29:39 - [MESSAGE][PASSED] - Concatenated string array: '['Start time must be less than end time',' ','75363998432 is not a valid date - it must be in the format d/m/Y']' into 'Start time must be less than end time 75363998432 is not a valid date - it must be in the format d/m/Y'

2020-05-28 01:29:39 - [TEST_STEP][PASSED] - verifyMatch(ActualInvErrMsg, ExpectedInvalidErrMsg2, true): Actual text 'Start time must be less than end time 75363998432 is not a valid date - it must be in the format d/m/Y' and expected text 'Start time must be less than end time 75363998432 is not a valid date - it must be in the format d/m/Y' are matched  using regular expression

2020-05-28 01:29:39 - [MESSAGE][PASSED] - Actual text 'Start time must be less than end time 75363998432 is not a valid date - it must be in the format d/m/Y' and expected text 'Start time must be less than end time 75363998432 is not a valid date - it must be in the format d/m/Y' are matched  using regular expression

2020-05-28 01:29:39 - [MESSAGE][PASSED] - Call Test Case 'Test Cases/PFI Precision and Scale/PFI Components/StartTimeError' successfully

2020-05-28 01:29:39 - [TEST_STEP][PASSED] - callTestCase(findTestCase("PFI Precision and Scale/PFI Components/SelectTodayInDatePicker"), ["FldNm":"eotToDate", "index":"2"], STOP_ON_FAILURE): Call Test Case 'Test Cases/PFI Precision and Scale/PFI Components/SelectTodayInDatePicker' successfully

2020-05-28 01:29:39 - [TEST_CASE][PASSED] - Test Cases/PFI Precision and Scale/PFI Components/SelectTodayInDatePicker: Test Cases/PFI Precision and Scale/PFI Components/SelectTodayInDatePicker

2020-05-28 01:29:39 - [TEST_STEP][PASSED] - Thread.sleep(1000): null

2020-05-28 01:29:40 - [TEST_STEP][PASSED] - DateFieldNm = modifyObjectProperty(findTestObject("Object Repository/Objects.DateValidation/Page_ISPS2/input__orderDt"), "name", "equals", FldNm, true): Modify property of object successfully

2020-05-28 01:29:40 - [MESSAGE][PASSED] - Modify property of object successfully

2020-05-28 01:29:40 - [TEST_STEP][PASSED] - TodayBtn = modifyObjectProperty(findTestObject("Object Repository/Objects.DateValidation/Page_ISPS2/a_Today"), "xpath", "equals", "(//*[text() = 'Today'])[" + index + "]", true): Modify property of object successfully

2020-05-28 01:29:40 - [MESSAGE][PASSED] - Modify property of object successfully

2020-05-28 01:29:40 - [TEST_STEP][PASSED] - sendKeys(DateFieldNm, Keys.chord(ARROW_DOWN)): Keys 'DOWN + ' sent to object: 'Object Repository/Objects.DateValidation/Page_ISPS2/input__orderDt'

2020-05-28 01:29:40 - [MESSAGE][PASSED] - Keys 'DOWN + ' sent to object: 'Object Repository/Objects.DateValidation/Page_ISPS2/input__orderDt'

2020-05-28 01:29:40 - [TEST_STEP][PASSED] - com.reusableComponents.HighlightElement.run(TodayBtn): com.reusableComponents.HighlightElement.run is PASSED

2020-05-28 01:29:41 - [MESSAGE][PASSED] - com.reusableComponents.HighlightElement.run is PASSED

2020-05-28 01:29:41 - [TEST_STEP][PASSED] - click(TodayBtn): Object: 'Object Repository/Objects.DateValidation/Page_ISPS2/a_Today' is clicked on

2020-05-28 01:29:41 - [MESSAGE][PASSED] - Object: 'Object Repository/Objects.DateValidation/Page_ISPS2/a_Today' is clicked on

2020-05-28 01:29:41 - [MESSAGE][PASSED] - Call Test Case 'Test Cases/PFI Precision and Scale/PFI Components/SelectTodayInDatePicker' successfully

2020-05-28 01:29:41 - [TEST_STEP][PASSED] - callTestCase(findTestCase("PFI Precision and Scale/PFI Components/PastDateAfterError"), ["FldNm":"eotToDate"], STOP_ON_FAILURE): Call Test Case 'Test Cases/PFI Precision and Scale/PFI Components/PastDateAfterError' successfully

2020-05-28 01:29:41 - [TEST_CASE][PASSED] - Test Cases/PFI Precision and Scale/PFI Components/PastDateAfterError: Test Cases/PFI Precision and Scale/PFI Components/PastDateAfterError

2020-05-28 01:29:42 - [TEST_STEP][PASSED] - Thread.sleep(1000): null

2020-05-28 01:29:43 - [TEST_STEP][PASSED] - date = new java.util.Date(): null

2020-05-28 01:29:43 - [TEST_STEP][PASSED] - DateFormat = new java.text.SimpleDateFormat(dd/MM/yyyy): null

2020-05-28 01:29:43 - [TEST_STEP][PASSED] - CurrentDate = DateFormat.format(date): null

2020-05-28 01:29:43 - [TEST_STEP][PASSED] - DateFieldNm = modifyObjectProperty(findTestObject("Objects.HighlightElements/input_field"), "name", "equals", FldNm, true): Modify property of object successfully

2020-05-28 01:29:43 - [MESSAGE][PASSED] - Modify property of object successfully

2020-05-28 01:29:43 - [TEST_STEP][PASSED] - GetDateValue = getAttribute(DateFieldNm, "value"): Attribute 'value' of object 'Object Repository/Objects.HighlightElements/input_field' is: '28/05/2020'

2020-05-28 01:29:43 - [MESSAGE][PASSED] - Attribute 'value' of object 'Object Repository/Objects.HighlightElements/input_field' is: '28/05/2020'

2020-05-28 01:29:43 - [TEST_STEP][PASSED] - verifyMatch(GetDateValue, CurrentDate, true): Actual text '28/05/2020' and expected text '28/05/2020' are matched  using regular expression

2020-05-28 01:29:43 - [MESSAGE][PASSED] - Actual text '28/05/2020' and expected text '28/05/2020' are matched  using regular expression

2020-05-28 01:29:43 - [TEST_STEP][PASSED] - PastDate = date - 30: null

2020-05-28 01:29:43 - [TEST_STEP][PASSED] - PastDateFormatted = PastDate.format("dd/MM/yyyy"): null

2020-05-28 01:29:43 - [TEST_STEP][PASSED] - setText(DateFieldNm, PastDateFormatted): Text '28/04/2020' is set on object 'Object Repository/Objects.HighlightElements/input_field'

2020-05-28 01:29:43 - [MESSAGE][PASSED] - Text '28/04/2020' is set on object 'Object Repository/Objects.HighlightElements/input_field'

2020-05-28 01:29:43 - [TEST_STEP][PASSED] - mouseOver(DateFieldNm, STOP_ON_FAILURE): Object: 'Object Repository/Objects.HighlightElements/input_field' is hovered

2020-05-28 01:29:44 - [MESSAGE][PASSED] - Object: 'Object Repository/Objects.HighlightElements/input_field' is hovered

2020-05-28 01:29:44 - [TEST_STEP][PASSED] - PastDtErrMsg = getAttribute(DateFieldNm, "data-errorqtip", STOP_ON_FAILURE): Attribute 'data-errorqtip' of object 'Object Repository/Objects.HighlightElements/input_field' is: '<ul class="x-list-plain"><li>The date in this field must be after 28/05/2020</li></ul>'

2020-05-28 01:29:44 - [MESSAGE][PASSED] - Attribute 'data-errorqtip' of object 'Object Repository/Objects.HighlightElements/input_field' is: '<ul class="x-list-plain"><li>The date in this field must be after 28/05/2020</li></ul>'

2020-05-28 01:29:44 - [TEST_STEP][PASSED] - lenErrMsg = PastDtErrMsg.length(): null

2020-05-28 01:29:44 - [TEST_STEP][PASSED] - RmvCde = PastDtErrMsg.substring(29, lenErrMsg): null

2020-05-28 01:29:44 - [TEST_STEP][PASSED] - ActualErrDtMsg = RmvCde.substring(0, 47): null

2020-05-28 01:29:44 - [TEST_STEP][PASSED] - ExpectedErrDtMsg = concatenate(DtErrMsg, " ", CurrentDate): Concatenated string array: '['The date in this field must be after',' ','28/05/2020']' into 'The date in this field must be after 28/05/2020'

2020-05-28 01:29:44 - [MESSAGE][PASSED] - Concatenated string array: '['The date in this field must be after',' ','28/05/2020']' into 'The date in this field must be after 28/05/2020'

2020-05-28 01:29:44 - [TEST_STEP][PASSED] - verifyMatch(ActualErrDtMsg, ExpectedErrDtMsg, true): Actual text 'The date in this field must be after 28/05/2020' and expected text 'The date in this field must be after 28/05/2020' are matched  using regular expression

2020-05-28 01:29:44 - [MESSAGE][PASSED] - Actual text 'The date in this field must be after 28/05/2020' and expected text 'The date in this field must be after 28/05/2020' are matched  using regular expression

2020-05-28 01:29:44 - [TEST_STEP][PASSED] - FromDate = getAttribute(DateFieldNm, "value"): Attribute 'value' of object 'Object Repository/Objects.HighlightElements/input_field' is: '28/04/2020'

2020-05-28 01:29:45 - [MESSAGE][PASSED] - Attribute 'value' of object 'Object Repository/Objects.HighlightElements/input_field' is: '28/04/2020'

2020-05-28 01:29:45 - [MESSAGE][PASSED] - Call Test Case 'Test Cases/PFI Precision and Scale/PFI Components/PastDateAfterError' successfully

2020-05-28 01:29:45 - [TEST_STEP][PASSED] - callTestCase(findTestCase("PFI Precision and Scale/PFI Components/PastDateBeforeError"), ["FldNm":"eotFromDate"], STOP_ON_FAILURE): Call Test Case 'Test Cases/PFI Precision and Scale/PFI Components/PastDateBeforeError' successfully

2020-05-28 01:29:45 - [TEST_CASE][PASSED] - Test Cases/PFI Precision and Scale/PFI Components/PastDateBeforeError: Test Cases/PFI Precision and Scale/PFI Components/PastDateBeforeError

2020-05-28 01:29:45 - [TEST_STEP][PASSED] - Thread.sleep(1000): null

2020-05-28 01:29:46 - [TEST_STEP][PASSED] - DateFieldNm = modifyObjectProperty(findTestObject("Objects.HighlightElements/input_field"), "name", "equals", FldNm, true): Modify property of object successfully

2020-05-28 01:29:46 - [MESSAGE][PASSED] - Modify property of object successfully

2020-05-28 01:29:46 - [TEST_STEP][PASSED] - mouseOver(DateFieldNm): Object: 'Object Repository/Objects.HighlightElements/input_field' is hovered

2020-05-28 01:29:47 - [MESSAGE][PASSED] - Object: 'Object Repository/Objects.HighlightElements/input_field' is hovered

2020-05-28 01:29:47 - [TEST_STEP][PASSED] - PastDtErrMsg = getAttribute(DateFieldNm, "data-errorqtip", STOP_ON_FAILURE): Attribute 'data-errorqtip' of object 'Object Repository/Objects.HighlightElements/input_field' is: '<ul class="x-list-plain"><li>The date in this field must be before 28/04/2020</li></ul>'

2020-05-28 01:29:47 - [MESSAGE][PASSED] - Attribute 'data-errorqtip' of object 'Object Repository/Objects.HighlightElements/input_field' is: '<ul class="x-list-plain"><li>The date in this field must be before 28/04/2020</li></ul>'

2020-05-28 01:29:47 - [TEST_STEP][PASSED] - lenErrMsg = PastDtErrMsg.length(): null

2020-05-28 01:29:47 - [TEST_STEP][PASSED] - RmvCde = PastDtErrMsg.substring(29, lenErrMsg): null

2020-05-28 01:29:47 - [TEST_STEP][PASSED] - ActualErrDtMsg = RmvCde.substring(0, 48): null

2020-05-28 01:29:47 - [TEST_STEP][PASSED] - ExpectedErrDtMsg = concatenate(findTestData("PrecisionAndScaleDB").getValue("ErrorMessage", 7), " ", FromDate): Concatenated string array: '['The date in this field must be before',' ','28/04/2020']' into 'The date in this field must be before 28/04/2020'

2020-05-28 01:29:47 - [MESSAGE][PASSED] - Concatenated string array: '['The date in this field must be before',' ','28/04/2020']' into 'The date in this field must be before 28/04/2020'

2020-05-28 01:29:47 - [TEST_STEP][PASSED] - verifyMatch(ActualErrDtMsg, ExpectedErrDtMsg, true): Actual text 'The date in this field must be before 28/04/2020' and expected text 'The date in this field must be before 28/04/2020' are matched  using regular expression

2020-05-28 01:29:47 - [MESSAGE][PASSED] - Actual text 'The date in this field must be before 28/04/2020' and expected text 'The date in this field must be before 28/04/2020' are matched  using regular expression

2020-05-28 01:29:47 - [MESSAGE][PASSED] - Call Test Case 'Test Cases/PFI Precision and Scale/PFI Components/PastDateBeforeError' successfully

2020-05-28 01:29:47 - [TEST_STEP][PASSED] - callTestCase(findTestCase("Components/HighlightLabelField"), ["LblName":"Approve Officer *:"], STOP_ON_FAILURE): Call Test Case 'Test Cases/Components/HighlightLabelField' successfully

2020-05-28 01:29:47 - [TEST_CASE][PASSED] - Test Cases/Components/HighlightLabelField: Test Cases/Components/HighlightLabelField

2020-05-28 01:29:47 - [TEST_STEP][PASSED] - Thread.sleep(1000): null

2020-05-28 01:29:48 - [TEST_STEP][PASSED] - modifiedLblNm = modifyObjectProperty(findTestObject("Objects.HighlightElements/lblField"), "text", "equals", LblName, true): Modify property of object successfully

2020-05-28 01:29:48 - [MESSAGE][PASSED] - Modify property of object successfully

2020-05-28 01:29:48 - [TEST_STEP][PASSED] - com.reusableComponents.HighlightElement.run(modifiedLblNm): com.reusableComponents.HighlightElement.run is PASSED

2020-05-28 01:29:49 - [MESSAGE][PASSED] - com.reusableComponents.HighlightElement.run is PASSED

2020-05-28 01:29:49 - [MESSAGE][PASSED] - Call Test Case 'Test Cases/Components/HighlightLabelField' successfully

2020-05-28 01:29:49 - [TEST_STEP][PASSED] - callTestCase(findTestCase("Components/HighlightInputField"), ["InputFldName":"approveOfficerCmb"], STOP_ON_FAILURE): Call Test Case 'Test Cases/Components/HighlightInputField' successfully

2020-05-28 01:29:49 - [TEST_CASE][PASSED] - Test Cases/Components/HighlightInputField: Test Cases/Components/HighlightInputField

2020-05-28 01:29:49 - [TEST_STEP][PASSED] - Thread.sleep(1000): null

2020-05-28 01:29:50 - [TEST_STEP][PASSED] - modifiedLblNm = modifyObjectProperty(findTestObject("Objects.HighlightElements/input_field"), "name", "equals", InputFldName, true): Modify property of object successfully

2020-05-28 01:29:50 - [MESSAGE][PASSED] - Modify property of object successfully

2020-05-28 01:29:50 - [TEST_STEP][PASSED] - com.reusableComponents.HighlightElement.run(modifiedLblNm): com.reusableComponents.HighlightElement.run is PASSED

2020-05-28 01:29:51 - [MESSAGE][PASSED] - com.reusableComponents.HighlightElement.run is PASSED

2020-05-28 01:29:51 - [MESSAGE][PASSED] - Call Test Case 'Test Cases/Components/HighlightInputField' successfully

2020-05-28 01:29:51 - [TEST_STEP][PASSED] - callTestCase(findTestCase("PFI Precision and Scale/PFI Components/VerifyDropdownValues"), ["FldNm":"approveOfficerCmb", "index":0, "CallTCName":"PFI Precision and Scale/PFI Components/OfficerLists", "cmbNm":"", "NoOfVal":24, ... ], STOP_ON_FAILURE): Call Test Case 'Test Cases/PFI Precision and Scale/PFI Components/VerifyDropdownValues' successfully

2020-05-28 01:29:51 - [TEST_CASE][PASSED] - Test Cases/PFI Precision and Scale/PFI Components/VerifyDropdownValues: Test Cases/PFI Precision and Scale/PFI Components/VerifyDropdownValues

2020-05-28 01:29:51 - [TEST_STEP][PASSED] - Thread.sleep(1000): null

2020-05-28 01:29:52 - [TEST_STEP][PASSED] - NewInputNmField = modifyObjectProperty(findTestObject("Objects.HighlightElements/input_field"), "name", "equals", FldNm, true): Modify property of object successfully

2020-05-28 01:29:52 - [MESSAGE][PASSED] - Modify property of object successfully

2020-05-28 01:29:52 - [TEST_STEP][PASSED] - comboNm = cmbNm: null

2020-05-28 01:29:52 - [TEST_STEP][PASSED] - focus(NewInputNmField): Object: 'Object Repository/Objects.HighlightElements/input_field' is focused

2020-05-28 01:29:52 - [MESSAGE][PASSED] - Object: 'Object Repository/Objects.HighlightElements/input_field' is focused

2020-05-28 01:29:52 - [TEST_STEP][PASSED] - setText(NewInputNmField, EnterValue): Text '' is set on object 'Object Repository/Objects.HighlightElements/input_field'

2020-05-28 01:29:53 - [MESSAGE][PASSED] - Text '' is set on object 'Object Repository/Objects.HighlightElements/input_field'

2020-05-28 01:29:53 - [TEST_STEP][PASSED] - for ([i = 1, i <= NoOfVal, (i++)]): Keys 'DOWN + ' sent to object: 'Object Repository/Objects.HighlightElements/input_field'

2020-05-28 01:29:53 - [TEST_STEP][PASSED] - sendKeys(NewInputNmField, Keys.chord(ARROW_DOWN)): Keys 'DOWN + ' sent to object: 'Object Repository/Objects.HighlightElements/input_field'

2020-05-28 01:29:53 - [MESSAGE][PASSED] - Keys 'DOWN + ' sent to object: 'Object Repository/Objects.HighlightElements/input_field'

2020-05-28 01:29:53 - [TEST_STEP][PASSED] - delay(DelayTime): Delayed 0 second(s)

2020-05-28 01:29:53 - [MESSAGE][PASSED] - Delayed 0 second(s)

2020-05-28 01:29:53 - [TEST_STEP][PASSED] - sendKeys(NewInputNmField, Keys.chord(ENTER)): Keys 'ENTER + ' sent to object: 'Object Repository/Objects.HighlightElements/input_field'

2020-05-28 01:29:53 - [MESSAGE][PASSED] - Keys 'ENTER + ' sent to object: 'Object Repository/Objects.HighlightElements/input_field'

2020-05-28 01:29:53 - [TEST_STEP][PASSED] - ComboBoxValue = getAttribute(NewInputNmField, "value"): Attribute 'value' of object 'Object Repository/Objects.HighlightElements/input_field' is: 'Aaron Sham Wai Lun (AARON)'

2020-05-28 01:29:54 - [MESSAGE][PASSED] - Attribute 'value' of object 'Object Repository/Objects.HighlightElements/input_field' is: 'Aaron Sham Wai Lun (AARON)'

2020-05-28 01:29:54 - [TEST_STEP][PASSED] - callTestCase(findTestCase(CallTCName), ["FindValue":ComboBoxValue, "DropdownNm":comboNm], STOP_ON_FAILURE): Call Test Case 'Test Cases/PFI Precision and Scale/PFI Components/OfficerLists' successfully

2020-05-28 01:29:54 - [TEST_CASE][PASSED] - Test Cases/PFI Precision and Scale/PFI Components/OfficerLists: Test Cases/PFI Precision and Scale/PFI Components/OfficerLists

2020-05-28 01:29:54 - [TEST_STEP][PASSED] - Thread.sleep(1000): null

2020-05-28 01:29:55 - [TEST_STEP][PASSED] - OfficerLists = [1:"Aaron Sham Wai Lun (AARON)", 2:"Azidah Bte Akmad (Mdm) (USAABD)", 3:"Chung Fong Nyen (USACFN)", 4:"David Tey Dah Wei (DAHWEI)", ... ]: null

2020-05-28 01:29:55 - [TEST_STEP][PASSED] - ValueFound = OfficerLists.find({ -> ... }): null

2020-05-28 01:29:55 - [MESSAGE][PASSED] - Call Test Case 'Test Cases/PFI Precision and Scale/PFI Components/OfficerLists' successfully

2020-05-28 01:29:55 - [TEST_STEP][PASSED] - println(ValueFound): null

2020-05-28 01:29:55 - [TEST_STEP][PASSED] - sendKeys(NewInputNmField, Keys.chord(ARROW_DOWN)): Keys 'DOWN + ' sent to object: 'Object Repository/Objects.HighlightElements/input_field'

2020-05-28 01:29:55 - [MESSAGE][PASSED] - Keys 'DOWN + ' sent to object: 'Object Repository/Objects.HighlightElements/input_field'

2020-05-28 01:29:55 - [TEST_STEP][PASSED] - sendKeys(NewInputNmField, Keys.chord(ARROW_DOWN)): Keys 'DOWN + ' sent to object: 'Object Repository/Objects.HighlightElements/input_field'

2020-05-28 01:29:56 - [MESSAGE][PASSED] - Keys 'DOWN + ' sent to object: 'Object Repository/Objects.HighlightElements/input_field'

2020-05-28 01:29:56 - [TEST_STEP][PASSED] - delay(DelayTime): Delayed 0 second(s)

2020-05-28 01:29:56 - [MESSAGE][PASSED] - Delayed 0 second(s)

2020-05-28 01:29:56 - [TEST_STEP][PASSED] - sendKeys(NewInputNmField, Keys.chord(ENTER)): Keys 'ENTER + ' sent to object: 'Object Repository/Objects.HighlightElements/input_field'

2020-05-28 01:29:56 - [MESSAGE][PASSED] - Keys 'ENTER + ' sent to object: 'Object Repository/Objects.HighlightElements/input_field'

2020-05-28 01:29:56 - [TEST_STEP][PASSED] - ComboBoxValue = getAttribute(NewInputNmField, "value"): Attribute 'value' of object 'Object Repository/Objects.HighlightElements/input_field' is: 'Azidah Bte Akmad (Mdm) (USAABD)'

2020-05-28 01:29:57 - [MESSAGE][PASSED] - Attribute 'value' of object 'Object Repository/Objects.HighlightElements/input_field' is: 'Azidah Bte Akmad (Mdm) (USAABD)'

2020-05-28 01:29:57 - [TEST_STEP][PASSED] - callTestCase(findTestCase(CallTCName), ["FindValue":ComboBoxValue, "DropdownNm":comboNm], STOP_ON_FAILURE): Call Test Case 'Test Cases/PFI Precision and Scale/PFI Components/OfficerLists' successfully

2020-05-28 01:29:57 - [TEST_CASE][PASSED] - Test Cases/PFI Precision and Scale/PFI Components/OfficerLists: Test Cases/PFI Precision and Scale/PFI Components/OfficerLists

2020-05-28 01:29:57 - [TEST_STEP][PASSED] - Thread.sleep(1000): null

2020-05-28 01:29:58 - [TEST_STEP][PASSED] - OfficerLists = [1:"Aaron Sham Wai Lun (AARON)", 2:"Azidah Bte Akmad (Mdm) (USAABD)", 3:"Chung Fong Nyen (USACFN)", 4:"David Tey Dah Wei (DAHWEI)", ... ]: null

2020-05-28 01:29:58 - [TEST_STEP][PASSED] - ValueFound = OfficerLists.find({ -> ... }): null

2020-05-28 01:29:58 - [MESSAGE][PASSED] - Call Test Case 'Test Cases/PFI Precision and Scale/PFI Components/OfficerLists' successfully

2020-05-28 01:29:58 - [TEST_STEP][PASSED] - println(ValueFound): null

2020-05-28 01:29:58 - [TEST_STEP][PASSED] - sendKeys(NewInputNmField, Keys.chord(ARROW_DOWN)): Keys 'DOWN + ' sent to object: 'Object Repository/Objects.HighlightElements/input_field'

2020-05-28 01:29:58 - [MESSAGE][PASSED] - Keys 'DOWN + ' sent to object: 'Object Repository/Objects.HighlightElements/input_field'

2020-05-28 01:29:58 - [TEST_STEP][PASSED] - sendKeys(NewInputNmField, Keys.chord(ARROW_DOWN)): Keys 'DOWN + ' sent to object: 'Object Repository/Objects.HighlightElements/input_field'

2020-05-28 01:29:59 - [MESSAGE][PASSED] - Keys 'DOWN + ' sent to object: 'Object Repository/Objects.HighlightElements/input_field'

2020-05-28 01:29:59 - [TEST_STEP][PASSED] - delay(DelayTime): Delayed 0 second(s)

2020-05-28 01:29:59 - [MESSAGE][PASSED] - Delayed 0 second(s)

2020-05-28 01:29:59 - [TEST_STEP][PASSED] - sendKeys(NewInputNmField, Keys.chord(ENTER)): Keys 'ENTER + ' sent to object: 'Object Repository/Objects.HighlightElements/input_field'

2020-05-28 01:29:59 - [MESSAGE][PASSED] - Keys 'ENTER + ' sent to object: 'Object Repository/Objects.HighlightElements/input_field'

2020-05-28 01:29:59 - [TEST_STEP][PASSED] - ComboBoxValue = getAttribute(NewInputNmField, "value"): Attribute 'value' of object 'Object Repository/Objects.HighlightElements/input_field' is: 'Chung Fong Nyen (USACFN)'

2020-05-28 01:29:59 - [MESSAGE][PASSED] - Attribute 'value' of object 'Object Repository/Objects.HighlightElements/input_field' is: 'Chung Fong Nyen (USACFN)'

2020-05-28 01:29:59 - [TEST_STEP][PASSED] - callTestCase(findTestCase(CallTCName), ["FindValue":ComboBoxValue, "DropdownNm":comboNm], STOP_ON_FAILURE): Call Test Case 'Test Cases/PFI Precision and Scale/PFI Components/OfficerLists' successfully

2020-05-28 01:30:00 - [TEST_CASE][PASSED] - Test Cases/PFI Precision and Scale/PFI Components/OfficerLists: Test Cases/PFI Precision and Scale/PFI Components/OfficerLists

2020-05-28 01:30:00 - [TEST_STEP][PASSED] - Thread.sleep(1000): null

2020-05-28 01:30:01 - [TEST_STEP][PASSED] - OfficerLists = [1:"Aaron Sham Wai Lun (AARON)", 2:"Azidah Bte Akmad (Mdm) (USAABD)", 3:"Chung Fong Nyen (USACFN)", 4:"David Tey Dah Wei (DAHWEI)", ... ]: null

2020-05-28 01:30:01 - [TEST_STEP][PASSED] - ValueFound = OfficerLists.find({ -> ... }): null

2020-05-28 01:30:01 - [MESSAGE][PASSED] - Call Test Case 'Test Cases/PFI Precision and Scale/PFI Components/OfficerLists' successfully

2020-05-28 01:30:01 - [TEST_STEP][PASSED] - println(ValueFound): null

2020-05-28 01:30:01 - [TEST_STEP][PASSED] - sendKeys(NewInputNmField, Keys.chord(ARROW_DOWN)): Keys 'DOWN + ' sent to object: 'Object Repository/Objects.HighlightElements/input_field'

2020-05-28 01:30:01 - [MESSAGE][PASSED] - Keys 'DOWN + ' sent to object: 'Object Repository/Objects.HighlightElements/input_field'

2020-05-28 01:30:01 - [TEST_STEP][PASSED] - sendKeys(NewInputNmField, Keys.chord(ARROW_DOWN)): Keys 'DOWN + ' sent to object: 'Object Repository/Objects.HighlightElements/input_field'

2020-05-28 01:30:01 - [MESSAGE][PASSED] - Keys 'DOWN + ' sent to object: 'Object Repository/Objects.HighlightElements/input_field'

2020-05-28 01:30:01 - [TEST_STEP][PASSED] - delay(DelayTime): Delayed 0 second(s)

2020-05-28 01:30:01 - [MESSAGE][PASSED] - Delayed 0 second(s)

2020-05-28 01:30:01 - [TEST_STEP][PASSED] - sendKeys(NewInputNmField, Keys.chord(ENTER)): Keys 'ENTER + ' sent to object: 'Object Repository/Objects.HighlightElements/input_field'

2020-05-28 01:30:02 - [MESSAGE][PASSED] - Keys 'ENTER + ' sent to object: 'Object Repository/Objects.HighlightElements/input_field'

2020-05-28 01:30:02 - [TEST_STEP][PASSED] - ComboBoxValue = getAttribute(NewInputNmField, "value"): Attribute 'value' of object 'Object Repository/Objects.HighlightElements/input_field' is: 'David Tey Dah Wei (DAHWEI)'

2020-05-28 01:30:02 - [MESSAGE][PASSED] - Attribute 'value' of object 'Object Repository/Objects.HighlightElements/input_field' is: 'David Tey Dah Wei (DAHWEI)'

2020-05-28 01:30:02 - [TEST_STEP][PASSED] - callTestCase(findTestCase(CallTCName), ["FindValue":ComboBoxValue, "DropdownNm":comboNm], STOP_ON_FAILURE): Call Test Case 'Test Cases/PFI Precision and Scale/PFI Components/OfficerLists' successfully

2020-05-28 01:30:02 - [TEST_CASE][PASSED] - Test Cases/PFI Precision and Scale/PFI Components/OfficerLists: Test Cases/PFI Precision and Scale/PFI Components/OfficerLists

2020-05-28 01:30:02 - [TEST_STEP][PASSED] - Thread.sleep(1000): null

2020-05-28 01:30:03 - [TEST_STEP][PASSED] - OfficerLists = [1:"Aaron Sham Wai Lun (AARON)", 2:"Azidah Bte Akmad (Mdm) (USAABD)", 3:"Chung Fong Nyen (USACFN)", 4:"David Tey Dah Wei (DAHWEI)", ... ]: null

2020-05-28 01:30:03 - [TEST_STEP][PASSED] - ValueFound = OfficerLists.find({ -> ... }): null

2020-05-28 01:30:03 - [MESSAGE][PASSED] - Call Test Case 'Test Cases/PFI Precision and Scale/PFI Components/OfficerLists' successfully

2020-05-28 01:30:03 - [TEST_STEP][PASSED] - println(ValueFound): null

2020-05-28 01:30:03 - [TEST_STEP][PASSED] - sendKeys(NewInputNmField, Keys.chord(ARROW_DOWN)): Keys 'DOWN + ' sent to object: 'Object Repository/Objects.HighlightElements/input_field'

2020-05-28 01:30:04 - [MESSAGE][PASSED] - Keys 'DOWN + ' sent to object: 'Object Repository/Objects.HighlightElements/input_field'

2020-05-28 01:30:04 - [TEST_STEP][PASSED] - sendKeys(NewInputNmField, Keys.chord(ARROW_DOWN)): Keys 'DOWN + ' sent to object: 'Object Repository/Objects.HighlightElements/input_field'

2020-05-28 01:30:04 - [MESSAGE][PASSED] - Keys 'DOWN + ' sent to object: 'Object Repository/Objects.HighlightElements/input_field'

2020-05-28 01:30:04 - [TEST_STEP][PASSED] - delay(DelayTime): Delayed 0 second(s)

2020-05-28 01:30:04 - [MESSAGE][PASSED] - Delayed 0 second(s)

2020-05-28 01:30:04 - [TEST_STEP][PASSED] - sendKeys(NewInputNmField, Keys.chord(ENTER)): Keys 'ENTER + ' sent to object: 'Object Repository/Objects.HighlightElements/input_field'

2020-05-28 01:30:05 - [MESSAGE][PASSED] - Keys 'ENTER + ' sent to object: 'Object Repository/Objects.HighlightElements/input_field'

2020-05-28 01:30:05 - [TEST_STEP][PASSED] - ComboBoxValue = getAttribute(NewInputNmField, "value"): Attribute 'value' of object 'Object Repository/Objects.HighlightElements/input_field' is: 'Han Wann Kuang (WANNKUANG)'

2020-05-28 01:30:05 - [MESSAGE][PASSED] - Attribute 'value' of object 'Object Repository/Objects.HighlightElements/input_field' is: 'Han Wann Kuang (WANNKUANG)'

2020-05-28 01:30:05 - [TEST_STEP][PASSED] - callTestCase(findTestCase(CallTCName), ["FindValue":ComboBoxValue, "DropdownNm":comboNm], STOP_ON_FAILURE): Call Test Case 'Test Cases/PFI Precision and Scale/PFI Components/OfficerLists' successfully

2020-05-28 01:30:05 - [TEST_CASE][PASSED] - Test Cases/PFI Precision and Scale/PFI Components/OfficerLists: Test Cases/PFI Precision and Scale/PFI Components/OfficerLists

2020-05-28 01:30:05 - [TEST_STEP][PASSED] - Thread.sleep(1000): null

2020-05-28 01:30:06 - [TEST_STEP][PASSED] - OfficerLists = [1:"Aaron Sham Wai Lun (AARON)", 2:"Azidah Bte Akmad (Mdm) (USAABD)", 3:"Chung Fong Nyen (USACFN)", 4:"David Tey Dah Wei (DAHWEI)", ... ]: null

2020-05-28 01:30:06 - [TEST_STEP][PASSED] - ValueFound = OfficerLists.find({ -> ... }): null

2020-05-28 01:30:06 - [MESSAGE][PASSED] - Call Test Case 'Test Cases/PFI Precision and Scale/PFI Components/OfficerLists' successfully

2020-05-28 01:30:06 - [TEST_STEP][PASSED] - println(ValueFound): null

2020-05-28 01:30:06 - [TEST_STEP][PASSED] - sendKeys(NewInputNmField, Keys.chord(ARROW_DOWN)): Keys 'DOWN + ' sent to object: 'Object Repository/Objects.HighlightElements/input_field'

2020-05-28 01:30:06 - [MESSAGE][PASSED] - Keys 'DOWN + ' sent to object: 'Object Repository/Objects.HighlightElements/input_field'

2020-05-28 01:30:06 - [TEST_STEP][PASSED] - sendKeys(NewInputNmField, Keys.chord(ARROW_DOWN)): Keys 'DOWN + ' sent to object: 'Object Repository/Objects.HighlightElements/input_field'

2020-05-28 01:30:07 - [MESSAGE][PASSED] - Keys 'DOWN + ' sent to object: 'Object Repository/Objects.HighlightElements/input_field'

2020-05-28 01:30:07 - [TEST_STEP][PASSED] - delay(DelayTime): Delayed 0 second(s)

2020-05-28 01:30:07 - [MESSAGE][PASSED] - Delayed 0 second(s)

2020-05-28 01:30:07 - [TEST_STEP][PASSED] - sendKeys(NewInputNmField, Keys.chord(ENTER)): Keys 'ENTER + ' sent to object: 'Object Repository/Objects.HighlightElements/input_field'

2020-05-28 01:30:07 - [MESSAGE][PASSED] - Keys 'ENTER + ' sent to object: 'Object Repository/Objects.HighlightElements/input_field'

2020-05-28 01:30:07 - [TEST_STEP][PASSED] - ComboBoxValue = getAttribute(NewInputNmField, "value"): Attribute 'value' of object 'Object Repository/Objects.HighlightElements/input_field' is: 'Ho You Leong (YOULEONG)'

2020-05-28 01:30:08 - [MESSAGE][PASSED] - Attribute 'value' of object 'Object Repository/Objects.HighlightElements/input_field' is: 'Ho You Leong (YOULEONG)'

2020-05-28 01:30:08 - [TEST_STEP][PASSED] - callTestCase(findTestCase(CallTCName), ["FindValue":ComboBoxValue, "DropdownNm":comboNm], STOP_ON_FAILURE): Call Test Case 'Test Cases/PFI Precision and Scale/PFI Components/OfficerLists' successfully

2020-05-28 01:30:08 - [TEST_CASE][PASSED] - Test Cases/PFI Precision and Scale/PFI Components/OfficerLists: Test Cases/PFI Precision and Scale/PFI Components/OfficerLists

2020-05-28 01:30:08 - [TEST_STEP][PASSED] - Thread.sleep(1000): null

2020-05-28 01:30:09 - [TEST_STEP][PASSED] - OfficerLists = [1:"Aaron Sham Wai Lun (AARON)", 2:"Azidah Bte Akmad (Mdm) (USAABD)", 3:"Chung Fong Nyen (USACFN)", 4:"David Tey Dah Wei (DAHWEI)", ... ]: null

2020-05-28 01:30:09 - [TEST_STEP][PASSED] - ValueFound = OfficerLists.find({ -> ... }): null

2020-05-28 01:30:09 - [MESSAGE][PASSED] - Call Test Case 'Test Cases/PFI Precision and Scale/PFI Components/OfficerLists' successfully

2020-05-28 01:30:09 - [TEST_STEP][PASSED] - println(ValueFound): null

2020-05-28 01:30:09 - [TEST_STEP][PASSED] - sendKeys(NewInputNmField, Keys.chord(ARROW_DOWN)): Keys 'DOWN + ' sent to object: 'Object Repository/Objects.HighlightElements/input_field'

2020-05-28 01:30:09 - [MESSAGE][PASSED] - Keys 'DOWN + ' sent to object: 'Object Repository/Objects.HighlightElements/input_field'

2020-05-28 01:30:09 - [TEST_STEP][PASSED] - sendKeys(NewInputNmField, Keys.chord(ARROW_DOWN)): Keys 'DOWN + ' sent to object: 'Object Repository/Objects.HighlightElements/input_field'

2020-05-28 01:30:10 - [MESSAGE][PASSED] - Keys 'DOWN + ' sent to object: 'Object Repository/Objects.HighlightElements/input_field'

2020-05-28 01:30:10 - [TEST_STEP][PASSED] - delay(DelayTime): Delayed 0 second(s)

2020-05-28 01:30:10 - [MESSAGE][PASSED] - Delayed 0 second(s)

2020-05-28 01:30:10 - [TEST_STEP][PASSED] - sendKeys(NewInputNmField, Keys.chord(ENTER)): Keys 'ENTER + ' sent to object: 'Object Repository/Objects.HighlightElements/input_field'

2020-05-28 01:30:10 - [MESSAGE][PASSED] - Keys 'ENTER + ' sent to object: 'Object Repository/Objects.HighlightElements/input_field'

2020-05-28 01:30:10 - [TEST_STEP][PASSED] - ComboBoxValue = getAttribute(NewInputNmField, "value"): Attribute 'value' of object 'Object Repository/Objects.HighlightElements/input_field' is: 'Joseph Lim Pheng Weng (PHENGWENG)'

2020-05-28 01:30:10 - [MESSAGE][PASSED] - Attribute 'value' of object 'Object Repository/Objects.HighlightElements/input_field' is: 'Joseph Lim Pheng Weng (PHENGWENG)'

2020-05-28 01:30:10 - [TEST_STEP][PASSED] - callTestCase(findTestCase(CallTCName), ["FindValue":ComboBoxValue, "DropdownNm":comboNm], STOP_ON_FAILURE): Call Test Case 'Test Cases/PFI Precision and Scale/PFI Components/OfficerLists' successfully

2020-05-28 01:30:11 - [TEST_CASE][PASSED] - Test Cases/PFI Precision and Scale/PFI Components/OfficerLists: Test Cases/PFI Precision and Scale/PFI Components/OfficerLists

2020-05-28 01:30:11 - [TEST_STEP][PASSED] - Thread.sleep(1000): null

2020-05-28 01:30:12 - [TEST_STEP][PASSED] - OfficerLists = [1:"Aaron Sham Wai Lun (AARON)", 2:"Azidah Bte Akmad (Mdm) (USAABD)", 3:"Chung Fong Nyen (USACFN)", 4:"David Tey Dah Wei (DAHWEI)", ... ]: null

2020-05-28 01:30:12 - [TEST_STEP][PASSED] - ValueFound = OfficerLists.find({ -> ... }): null

2020-05-28 01:30:12 - [MESSAGE][PASSED] - Call Test Case 'Test Cases/PFI Precision and Scale/PFI Components/OfficerLists' successfully

2020-05-28 01:30:12 - [TEST_STEP][PASSED] - println(ValueFound): null

2020-05-28 01:30:12 - [TEST_STEP][PASSED] - sendKeys(NewInputNmField, Keys.chord(ARROW_DOWN)): Keys 'DOWN + ' sent to object: 'Object Repository/Objects.HighlightElements/input_field'

2020-05-28 01:30:12 - [MESSAGE][PASSED] - Keys 'DOWN + ' sent to object: 'Object Repository/Objects.HighlightElements/input_field'

2020-05-28 01:30:12 - [TEST_STEP][PASSED] - sendKeys(NewInputNmField, Keys.chord(ARROW_DOWN)): Keys 'DOWN + ' sent to object: 'Object Repository/Objects.HighlightElements/input_field'

2020-05-28 01:30:12 - [MESSAGE][PASSED] - Keys 'DOWN + ' sent to object: 'Object Repository/Objects.HighlightElements/input_field'

2020-05-28 01:30:12 - [TEST_STEP][PASSED] - delay(DelayTime): Delayed 0 second(s)

2020-05-28 01:30:12 - [MESSAGE][PASSED] - Delayed 0 second(s)

2020-05-28 01:30:12 - [TEST_STEP][PASSED] - sendKeys(NewInputNmField, Keys.chord(ENTER)): Keys 'ENTER + ' sent to object: 'Object Repository/Objects.HighlightElements/input_field'

2020-05-28 01:30:13 - [MESSAGE][PASSED] - Keys 'ENTER + ' sent to object: 'Object Repository/Objects.HighlightElements/input_field'

2020-05-28 01:30:13 - [TEST_STEP][PASSED] - ComboBoxValue = getAttribute(NewInputNmField, "value"): Attribute 'value' of object 'Object Repository/Objects.HighlightElements/input_field' is: 'Joyce Lee (USASLL)'

2020-05-28 01:30:13 - [MESSAGE][PASSED] - Attribute 'value' of object 'Object Repository/Objects.HighlightElements/input_field' is: 'Joyce Lee (USASLL)'

2020-05-28 01:30:13 - [TEST_STEP][PASSED] - callTestCase(findTestCase(CallTCName), ["FindValue":ComboBoxValue, "DropdownNm":comboNm], STOP_ON_FAILURE): Call Test Case 'Test Cases/PFI Precision and Scale/PFI Components/OfficerLists' successfully

2020-05-28 01:30:13 - [TEST_CASE][PASSED] - Test Cases/PFI Precision and Scale/PFI Components/OfficerLists: Test Cases/PFI Precision and Scale/PFI Components/OfficerLists

2020-05-28 01:30:13 - [TEST_STEP][PASSED] - Thread.sleep(1000): null

2020-05-28 01:30:14 - [TEST_STEP][PASSED] - OfficerLists = [1:"Aaron Sham Wai Lun (AARON)", 2:"Azidah Bte Akmad (Mdm) (USAABD)", 3:"Chung Fong Nyen (USACFN)", 4:"David Tey Dah Wei (DAHWEI)", ... ]: null

2020-05-28 01:30:14 - [TEST_STEP][PASSED] - ValueFound = OfficerLists.find({ -> ... }): null

2020-05-28 01:30:14 - [MESSAGE][PASSED] - Call Test Case 'Test Cases/PFI Precision and Scale/PFI Components/OfficerLists' successfully

2020-05-28 01:30:14 - [TEST_STEP][PASSED] - println(ValueFound): null

2020-05-28 01:30:14 - [TEST_STEP][PASSED] - sendKeys(NewInputNmField, Keys.chord(ARROW_DOWN)): Keys 'DOWN + ' sent to object: 'Object Repository/Objects.HighlightElements/input_field'

2020-05-28 01:30:15 - [MESSAGE][PASSED] - Keys 'DOWN + ' sent to object: 'Object Repository/Objects.HighlightElements/input_field'

2020-05-28 01:30:15 - [TEST_STEP][PASSED] - sendKeys(NewInputNmField, Keys.chord(ARROW_DOWN)): Keys 'DOWN + ' sent to object: 'Object Repository/Objects.HighlightElements/input_field'

2020-05-28 01:30:15 - [MESSAGE][PASSED] - Keys 'DOWN + ' sent to object: 'Object Repository/Objects.HighlightElements/input_field'

2020-05-28 01:30:15 - [TEST_STEP][PASSED] - delay(DelayTime): Delayed 0 second(s)

2020-05-28 01:30:15 - [MESSAGE][PASSED] - Delayed 0 second(s)

2020-05-28 01:30:15 - [TEST_STEP][PASSED] - sendKeys(NewInputNmField, Keys.chord(ENTER)): Keys 'ENTER + ' sent to object: 'Object Repository/Objects.HighlightElements/input_field'

2020-05-28 01:30:16 - [MESSAGE][PASSED] - Keys 'ENTER + ' sent to object: 'Object Repository/Objects.HighlightElements/input_field'

2020-05-28 01:30:16 - [TEST_STEP][PASSED] - ComboBoxValue = getAttribute(NewInputNmField, "value"): Attribute 'value' of object 'Object Repository/Objects.HighlightElements/input_field' is: 'Kaliannan Thanabal (KALIANN)'

2020-05-28 01:30:16 - [MESSAGE][PASSED] - Attribute 'value' of object 'Object Repository/Objects.HighlightElements/input_field' is: 'Kaliannan Thanabal (KALIANN)'

2020-05-28 01:30:16 - [TEST_STEP][PASSED] - callTestCase(findTestCase(CallTCName), ["FindValue":ComboBoxValue, "DropdownNm":comboNm], STOP_ON_FAILURE): Call Test Case 'Test Cases/PFI Precision and Scale/PFI Components/OfficerLists' successfully

2020-05-28 01:30:16 - [TEST_CASE][PASSED] - Test Cases/PFI Precision and Scale/PFI Components/OfficerLists: Test Cases/PFI Precision and Scale/PFI Components/OfficerLists

2020-05-28 01:30:16 - [TEST_STEP][PASSED] - Thread.sleep(1000): null

2020-05-28 01:30:17 - [TEST_STEP][PASSED] - OfficerLists = [1:"Aaron Sham Wai Lun (AARON)", 2:"Azidah Bte Akmad (Mdm) (USAABD)", 3:"Chung Fong Nyen (USACFN)", 4:"David Tey Dah Wei (DAHWEI)", ... ]: null

2020-05-28 01:30:17 - [TEST_STEP][PASSED] - ValueFound = OfficerLists.find({ -> ... }): null

2020-05-28 01:30:17 - [MESSAGE][PASSED] - Call Test Case 'Test Cases/PFI Precision and Scale/PFI Components/OfficerLists' successfully

2020-05-28 01:30:17 - [TEST_STEP][PASSED] - println(ValueFound): null

2020-05-28 01:30:17 - [TEST_STEP][PASSED] - sendKeys(NewInputNmField, Keys.chord(ARROW_DOWN)): Keys 'DOWN + ' sent to object: 'Object Repository/Objects.HighlightElements/input_field'

2020-05-28 01:30:17 - [MESSAGE][PASSED] - Keys 'DOWN + ' sent to object: 'Object Repository/Objects.HighlightElements/input_field'

2020-05-28 01:30:17 - [TEST_STEP][PASSED] - sendKeys(NewInputNmField, Keys.chord(ARROW_DOWN)): Keys 'DOWN + ' sent to object: 'Object Repository/Objects.HighlightElements/input_field'

2020-05-28 01:30:18 - [MESSAGE][PASSED] - Keys 'DOWN + ' sent to object: 'Object Repository/Objects.HighlightElements/input_field'

2020-05-28 01:30:18 - [TEST_STEP][PASSED] - delay(DelayTime): Delayed 0 second(s)

2020-05-28 01:30:18 - [MESSAGE][PASSED] - Delayed 0 second(s)

2020-05-28 01:30:18 - [TEST_STEP][PASSED] - sendKeys(NewInputNmField, Keys.chord(ENTER)): Keys 'ENTER + ' sent to object: 'Object Repository/Objects.HighlightElements/input_field'

2020-05-28 01:30:18 - [MESSAGE][PASSED] - Keys 'ENTER + ' sent to object: 'Object Repository/Objects.HighlightElements/input_field'

2020-05-28 01:30:18 - [TEST_STEP][PASSED] - ComboBoxValue = getAttribute(NewInputNmField, "value"): Attribute 'value' of object 'Object Repository/Objects.HighlightElements/input_field' is: 'Lim Beng Kwee (BENGKWEE)'

2020-05-28 01:30:19 - [MESSAGE][PASSED] - Attribute 'value' of object 'Object Repository/Objects.HighlightElements/input_field' is: 'Lim Beng Kwee (BENGKWEE)'

2020-05-28 01:30:19 - [TEST_STEP][PASSED] - callTestCase(findTestCase(CallTCName), ["FindValue":ComboBoxValue, "DropdownNm":comboNm], STOP_ON_FAILURE): Call Test Case 'Test Cases/PFI Precision and Scale/PFI Components/OfficerLists' successfully

2020-05-28 01:30:19 - [TEST_CASE][PASSED] - Test Cases/PFI Precision and Scale/PFI Components/OfficerLists: Test Cases/PFI Precision and Scale/PFI Components/OfficerLists

2020-05-28 01:30:19 - [TEST_STEP][PASSED] - Thread.sleep(1000): null

2020-05-28 01:30:20 - [TEST_STEP][PASSED] - OfficerLists = [1:"Aaron Sham Wai Lun (AARON)", 2:"Azidah Bte Akmad (Mdm) (USAABD)", 3:"Chung Fong Nyen (USACFN)", 4:"David Tey Dah Wei (DAHWEI)", ... ]: null

2020-05-28 01:30:20 - [TEST_STEP][PASSED] - ValueFound = OfficerLists.find({ -> ... }): null

2020-05-28 01:30:20 - [MESSAGE][PASSED] - Call Test Case 'Test Cases/PFI Precision and Scale/PFI Components/OfficerLists' successfully

2020-05-28 01:30:20 - [TEST_STEP][PASSED] - println(ValueFound): null

2020-05-28 01:30:20 - [TEST_STEP][PASSED] - sendKeys(NewInputNmField, Keys.chord(ARROW_DOWN)): Keys 'DOWN + ' sent to object: 'Object Repository/Objects.HighlightElements/input_field'

2020-05-28 01:30:20 - [MESSAGE][PASSED] - Keys 'DOWN + ' sent to object: 'Object Repository/Objects.HighlightElements/input_field'

2020-05-28 01:30:20 - [TEST_STEP][PASSED] - sendKeys(NewInputNmField, Keys.chord(ARROW_DOWN)): Keys 'DOWN + ' sent to object: 'Object Repository/Objects.HighlightElements/input_field'

2020-05-28 01:30:20 - [MESSAGE][PASSED] - Keys 'DOWN + ' sent to object: 'Object Repository/Objects.HighlightElements/input_field'

2020-05-28 01:30:20 - [TEST_STEP][PASSED] - delay(DelayTime): Delayed 0 second(s)

2020-05-28 01:30:20 - [MESSAGE][PASSED] - Delayed 0 second(s)

2020-05-28 01:30:20 - [TEST_STEP][PASSED] - sendKeys(NewInputNmField, Keys.chord(ENTER)): Keys 'ENTER + ' sent to object: 'Object Repository/Objects.HighlightElements/input_field'

2020-05-28 01:30:21 - [MESSAGE][PASSED] - Keys 'ENTER + ' sent to object: 'Object Repository/Objects.HighlightElements/input_field'

2020-05-28 01:30:21 - [TEST_STEP][PASSED] - ComboBoxValue = getAttribute(NewInputNmField, "value"): Attribute 'value' of object 'Object Repository/Objects.HighlightElements/input_field' is: 'Lim Leng Boon (LENGBOON)'

2020-05-28 01:30:21 - [MESSAGE][PASSED] - Attribute 'value' of object 'Object Repository/Objects.HighlightElements/input_field' is: 'Lim Leng Boon (LENGBOON)'

2020-05-28 01:30:21 - [TEST_STEP][PASSED] - callTestCase(findTestCase(CallTCName), ["FindValue":ComboBoxValue, "DropdownNm":comboNm], STOP_ON_FAILURE): Call Test Case 'Test Cases/PFI Precision and Scale/PFI Components/OfficerLists' successfully

2020-05-28 01:30:21 - [TEST_CASE][PASSED] - Test Cases/PFI Precision and Scale/PFI Components/OfficerLists: Test Cases/PFI Precision and Scale/PFI Components/OfficerLists

2020-05-28 01:30:21 - [TEST_STEP][PASSED] - Thread.sleep(1000): null

2020-05-28 01:30:22 - [TEST_STEP][PASSED] - OfficerLists = [1:"Aaron Sham Wai Lun (AARON)", 2:"Azidah Bte Akmad (Mdm) (USAABD)", 3:"Chung Fong Nyen (USACFN)", 4:"David Tey Dah Wei (DAHWEI)", ... ]: null

2020-05-28 01:30:22 - [TEST_STEP][PASSED] - ValueFound = OfficerLists.find({ -> ... }): null

2020-05-28 01:30:22 - [MESSAGE][PASSED] - Call Test Case 'Test Cases/PFI Precision and Scale/PFI Components/OfficerLists' successfully

2020-05-28 01:30:22 - [TEST_STEP][PASSED] - println(ValueFound): null

2020-05-28 01:30:22 - [TEST_STEP][PASSED] - sendKeys(NewInputNmField, Keys.chord(ARROW_DOWN)): Keys 'DOWN + ' sent to object: 'Object Repository/Objects.HighlightElements/input_field'

2020-05-28 01:30:23 - [MESSAGE][PASSED] - Keys 'DOWN + ' sent to object: 'Object Repository/Objects.HighlightElements/input_field'

2020-05-28 01:30:23 - [TEST_STEP][PASSED] - sendKeys(NewInputNmField, Keys.chord(ARROW_DOWN)): Keys 'DOWN + ' sent to object: 'Object Repository/Objects.HighlightElements/input_field'

2020-05-28 01:30:23 - [MESSAGE][PASSED] - Keys 'DOWN + ' sent to object: 'Object Repository/Objects.HighlightElements/input_field'

2020-05-28 01:30:23 - [TEST_STEP][PASSED] - delay(DelayTime): Delayed 0 second(s)

2020-05-28 01:30:23 - [MESSAGE][PASSED] - Delayed 0 second(s)

2020-05-28 01:30:23 - [TEST_STEP][PASSED] - sendKeys(NewInputNmField, Keys.chord(ENTER)): Keys 'ENTER + ' sent to object: 'Object Repository/Objects.HighlightElements/input_field'

2020-05-28 01:30:24 - [MESSAGE][PASSED] - Keys 'ENTER + ' sent to object: 'Object Repository/Objects.HighlightElements/input_field'

2020-05-28 01:30:24 - [TEST_STEP][PASSED] - ComboBoxValue = getAttribute(NewInputNmField, "value"): Attribute 'value' of object 'Object Repository/Objects.HighlightElements/input_field' is: 'Loh Lee Fong (LEEFONG)'

2020-05-28 01:30:24 - [MESSAGE][PASSED] - Attribute 'value' of object 'Object Repository/Objects.HighlightElements/input_field' is: 'Loh Lee Fong (LEEFONG)'

2020-05-28 01:30:24 - [TEST_STEP][PASSED] - callTestCase(findTestCase(CallTCName), ["FindValue":ComboBoxValue, "DropdownNm":comboNm], STOP_ON_FAILURE): Call Test Case 'Test Cases/PFI Precision and Scale/PFI Components/OfficerLists' successfully

2020-05-28 01:30:24 - [TEST_CASE][PASSED] - Test Cases/PFI Precision and Scale/PFI Components/OfficerLists: Test Cases/PFI Precision and Scale/PFI Components/OfficerLists

2020-05-28 01:30:24 - [TEST_STEP][PASSED] - Thread.sleep(1000): null

2020-05-28 01:30:25 - [TEST_STEP][PASSED] - OfficerLists = [1:"Aaron Sham Wai Lun (AARON)", 2:"Azidah Bte Akmad (Mdm) (USAABD)", 3:"Chung Fong Nyen (USACFN)", 4:"David Tey Dah Wei (DAHWEI)", ... ]: null

2020-05-28 01:30:25 - [TEST_STEP][PASSED] - ValueFound = OfficerLists.find({ -> ... }): null

2020-05-28 01:30:25 - [MESSAGE][PASSED] - Call Test Case 'Test Cases/PFI Precision and Scale/PFI Components/OfficerLists' successfully

2020-05-28 01:30:25 - [TEST_STEP][PASSED] - println(ValueFound): null

2020-05-28 01:30:25 - [TEST_STEP][PASSED] - sendKeys(NewInputNmField, Keys.chord(ARROW_DOWN)): Keys 'DOWN + ' sent to object: 'Object Repository/Objects.HighlightElements/input_field'

2020-05-28 01:30:26 - [MESSAGE][PASSED] - Keys 'DOWN + ' sent to object: 'Object Repository/Objects.HighlightElements/input_field'

2020-05-28 01:30:26 - [TEST_STEP][PASSED] - sendKeys(NewInputNmField, Keys.chord(ARROW_DOWN)): Keys 'DOWN + ' sent to object: 'Object Repository/Objects.HighlightElements/input_field'

2020-05-28 01:30:26 - [MESSAGE][PASSED] - Keys 'DOWN + ' sent to object: 'Object Repository/Objects.HighlightElements/input_field'

2020-05-28 01:30:26 - [TEST_STEP][PASSED] - delay(DelayTime): Delayed 0 second(s)

2020-05-28 01:30:26 - [MESSAGE][PASSED] - Delayed 0 second(s)

2020-05-28 01:30:26 - [TEST_STEP][PASSED] - sendKeys(NewInputNmField, Keys.chord(ENTER)): Keys 'ENTER + ' sent to object: 'Object Repository/Objects.HighlightElements/input_field'

2020-05-28 01:30:26 - [MESSAGE][PASSED] - Keys 'ENTER + ' sent to object: 'Object Repository/Objects.HighlightElements/input_field'

2020-05-28 01:30:26 - [TEST_STEP][PASSED] - ComboBoxValue = getAttribute(NewInputNmField, "value"): Attribute 'value' of object 'Object Repository/Objects.HighlightElements/input_field' is: 'Lu Ji Ju (Mdm) (USALJJ)'

2020-05-28 01:30:27 - [MESSAGE][PASSED] - Attribute 'value' of object 'Object Repository/Objects.HighlightElements/input_field' is: 'Lu Ji Ju (Mdm) (USALJJ)'

2020-05-28 01:30:27 - [TEST_STEP][PASSED] - callTestCase(findTestCase(CallTCName), ["FindValue":ComboBoxValue, "DropdownNm":comboNm], STOP_ON_FAILURE): Call Test Case 'Test Cases/PFI Precision and Scale/PFI Components/OfficerLists' successfully

2020-05-28 01:30:27 - [TEST_CASE][PASSED] - Test Cases/PFI Precision and Scale/PFI Components/OfficerLists: Test Cases/PFI Precision and Scale/PFI Components/OfficerLists

2020-05-28 01:30:27 - [TEST_STEP][PASSED] - Thread.sleep(1000): null

2020-05-28 01:30:28 - [TEST_STEP][PASSED] - OfficerLists = [1:"Aaron Sham Wai Lun (AARON)", 2:"Azidah Bte Akmad (Mdm) (USAABD)", 3:"Chung Fong Nyen (USACFN)", 4:"David Tey Dah Wei (DAHWEI)", ... ]: null

2020-05-28 01:30:28 - [TEST_STEP][PASSED] - ValueFound = OfficerLists.find({ -> ... }): null

2020-05-28 01:30:28 - [MESSAGE][PASSED] - Call Test Case 'Test Cases/PFI Precision and Scale/PFI Components/OfficerLists' successfully

2020-05-28 01:30:28 - [TEST_STEP][PASSED] - println(ValueFound): null

2020-05-28 01:30:28 - [TEST_STEP][PASSED] - sendKeys(NewInputNmField, Keys.chord(ARROW_DOWN)): Keys 'DOWN + ' sent to object: 'Object Repository/Objects.HighlightElements/input_field'

2020-05-28 01:30:28 - [MESSAGE][PASSED] - Keys 'DOWN + ' sent to object: 'Object Repository/Objects.HighlightElements/input_field'

2020-05-28 01:30:28 - [TEST_STEP][PASSED] - sendKeys(NewInputNmField, Keys.chord(ARROW_DOWN)): Keys 'DOWN + ' sent to object: 'Object Repository/Objects.HighlightElements/input_field'

2020-05-28 01:30:29 - [MESSAGE][PASSED] - Keys 'DOWN + ' sent to object: 'Object Repository/Objects.HighlightElements/input_field'

2020-05-28 01:30:29 - [TEST_STEP][PASSED] - delay(DelayTime): Delayed 0 second(s)

2020-05-28 01:30:29 - [MESSAGE][PASSED] - Delayed 0 second(s)

2020-05-28 01:30:29 - [TEST_STEP][PASSED] - sendKeys(NewInputNmField, Keys.chord(ENTER)): Keys 'ENTER + ' sent to object: 'Object Repository/Objects.HighlightElements/input_field'

2020-05-28 01:30:29 - [MESSAGE][PASSED] - Keys 'ENTER + ' sent to object: 'Object Repository/Objects.HighlightElements/input_field'

2020-05-28 01:30:29 - [TEST_STEP][PASSED] - ComboBoxValue = getAttribute(NewInputNmField, "value"): Attribute 'value' of object 'Object Repository/Objects.HighlightElements/input_field' is: 'Mohd Jeffri Bin Abdul Rahim (MOHDJEFFRI)'

2020-05-28 01:30:30 - [MESSAGE][PASSED] - Attribute 'value' of object 'Object Repository/Objects.HighlightElements/input_field' is: 'Mohd Jeffri Bin Abdul Rahim (MOHDJEFFRI)'

2020-05-28 01:30:30 - [TEST_STEP][PASSED] - callTestCase(findTestCase(CallTCName), ["FindValue":ComboBoxValue, "DropdownNm":comboNm], STOP_ON_FAILURE): Call Test Case 'Test Cases/PFI Precision and Scale/PFI Components/OfficerLists' successfully

2020-05-28 01:30:30 - [TEST_CASE][PASSED] - Test Cases/PFI Precision and Scale/PFI Components/OfficerLists: Test Cases/PFI Precision and Scale/PFI Components/OfficerLists

2020-05-28 01:30:30 - [TEST_STEP][PASSED] - Thread.sleep(1000): null

2020-05-28 01:30:31 - [TEST_STEP][PASSED] - OfficerLists = [1:"Aaron Sham Wai Lun (AARON)", 2:"Azidah Bte Akmad (Mdm) (USAABD)", 3:"Chung Fong Nyen (USACFN)", 4:"David Tey Dah Wei (DAHWEI)", ... ]: null

2020-05-28 01:30:31 - [TEST_STEP][PASSED] - ValueFound = OfficerLists.find({ -> ... }): null

2020-05-28 01:30:31 - [MESSAGE][PASSED] - Call Test Case 'Test Cases/PFI Precision and Scale/PFI Components/OfficerLists' successfully

2020-05-28 01:30:31 - [TEST_STEP][PASSED] - println(ValueFound): null

2020-05-28 01:30:31 - [TEST_STEP][PASSED] - sendKeys(NewInputNmField, Keys.chord(ARROW_DOWN)): Keys 'DOWN + ' sent to object: 'Object Repository/Objects.HighlightElements/input_field'

2020-05-28 01:30:31 - [MESSAGE][PASSED] - Keys 'DOWN + ' sent to object: 'Object Repository/Objects.HighlightElements/input_field'

2020-05-28 01:30:31 - [TEST_STEP][PASSED] - sendKeys(NewInputNmField, Keys.chord(ARROW_DOWN)): Keys 'DOWN + ' sent to object: 'Object Repository/Objects.HighlightElements/input_field'

2020-05-28 01:30:31 - [MESSAGE][PASSED] - Keys 'DOWN + ' sent to object: 'Object Repository/Objects.HighlightElements/input_field'

2020-05-28 01:30:31 - [TEST_STEP][PASSED] - delay(DelayTime): Delayed 0 second(s)

2020-05-28 01:30:31 - [MESSAGE][PASSED] - Delayed 0 second(s)

2020-05-28 01:30:31 - [TEST_STEP][PASSED] - sendKeys(NewInputNmField, Keys.chord(ENTER)): Keys 'ENTER + ' sent to object: 'Object Repository/Objects.HighlightElements/input_field'

2020-05-28 01:30:32 - [MESSAGE][PASSED] - Keys 'ENTER + ' sent to object: 'Object Repository/Objects.HighlightElements/input_field'

2020-05-28 01:30:32 - [TEST_STEP][PASSED] - ComboBoxValue = getAttribute(NewInputNmField, "value"): Attribute 'value' of object 'Object Repository/Objects.HighlightElements/input_field' is: 'Mohd Jumat Bin Haji Mohd Hassan (MOHDJUMAT)'

2020-05-28 01:30:32 - [MESSAGE][PASSED] - Attribute 'value' of object 'Object Repository/Objects.HighlightElements/input_field' is: 'Mohd Jumat Bin Haji Mohd Hassan (MOHDJUMAT)'

2020-05-28 01:30:32 - [TEST_STEP][PASSED] - callTestCase(findTestCase(CallTCName), ["FindValue":ComboBoxValue, "DropdownNm":comboNm], STOP_ON_FAILURE): Call Test Case 'Test Cases/PFI Precision and Scale/PFI Components/OfficerLists' successfully

2020-05-28 01:30:32 - [TEST_CASE][PASSED] - Test Cases/PFI Precision and Scale/PFI Components/OfficerLists: Test Cases/PFI Precision and Scale/PFI Components/OfficerLists

2020-05-28 01:30:32 - [TEST_STEP][PASSED] - Thread.sleep(1000): null

2020-05-28 01:30:33 - [TEST_STEP][PASSED] - OfficerLists = [1:"Aaron Sham Wai Lun (AARON)", 2:"Azidah Bte Akmad (Mdm) (USAABD)", 3:"Chung Fong Nyen (USACFN)", 4:"David Tey Dah Wei (DAHWEI)", ... ]: null

2020-05-28 01:30:33 - [TEST_STEP][PASSED] - ValueFound = OfficerLists.find({ -> ... }): null

2020-05-28 01:30:33 - [MESSAGE][PASSED] - Call Test Case 'Test Cases/PFI Precision and Scale/PFI Components/OfficerLists' successfully

2020-05-28 01:30:33 - [TEST_STEP][PASSED] - println(ValueFound): null

2020-05-28 01:30:33 - [TEST_STEP][PASSED] - sendKeys(NewInputNmField, Keys.chord(ARROW_DOWN)): Keys 'DOWN + ' sent to object: 'Object Repository/Objects.HighlightElements/input_field'

2020-05-28 01:30:34 - [MESSAGE][PASSED] - Keys 'DOWN + ' sent to object: 'Object Repository/Objects.HighlightElements/input_field'

2020-05-28 01:30:34 - [TEST_STEP][PASSED] - sendKeys(NewInputNmField, Keys.chord(ARROW_DOWN)): Keys 'DOWN + ' sent to object: 'Object Repository/Objects.HighlightElements/input_field'

2020-05-28 01:30:34 - [MESSAGE][PASSED] - Keys 'DOWN + ' sent to object: 'Object Repository/Objects.HighlightElements/input_field'

2020-05-28 01:30:34 - [TEST_STEP][PASSED] - delay(DelayTime): Delayed 0 second(s)

2020-05-28 01:30:34 - [MESSAGE][PASSED] - Delayed 0 second(s)

2020-05-28 01:30:34 - [TEST_STEP][PASSED] - sendKeys(NewInputNmField, Keys.chord(ENTER)): Keys 'ENTER + ' sent to object: 'Object Repository/Objects.HighlightElements/input_field'

2020-05-28 01:30:35 - [MESSAGE][PASSED] - Keys 'ENTER + ' sent to object: 'Object Repository/Objects.HighlightElements/input_field'

2020-05-28 01:30:35 - [TEST_STEP][PASSED] - ComboBoxValue = getAttribute(NewInputNmField, "value"): Attribute 'value' of object 'Object Repository/Objects.HighlightElements/input_field' is: 'Ng Seh Luh (USANSL)'

2020-05-28 01:30:35 - [MESSAGE][PASSED] - Attribute 'value' of object 'Object Repository/Objects.HighlightElements/input_field' is: 'Ng Seh Luh (USANSL)'

2020-05-28 01:30:35 - [TEST_STEP][PASSED] - callTestCase(findTestCase(CallTCName), ["FindValue":ComboBoxValue, "DropdownNm":comboNm], STOP_ON_FAILURE): Call Test Case 'Test Cases/PFI Precision and Scale/PFI Components/OfficerLists' successfully

2020-05-28 01:30:35 - [TEST_CASE][PASSED] - Test Cases/PFI Precision and Scale/PFI Components/OfficerLists: Test Cases/PFI Precision and Scale/PFI Components/OfficerLists

2020-05-28 01:30:35 - [TEST_STEP][PASSED] - Thread.sleep(1000): null

2020-05-28 01:30:36 - [TEST_STEP][PASSED] - OfficerLists = [1:"Aaron Sham Wai Lun (AARON)", 2:"Azidah Bte Akmad (Mdm) (USAABD)", 3:"Chung Fong Nyen (USACFN)", 4:"David Tey Dah Wei (DAHWEI)", ... ]: null

2020-05-28 01:30:36 - [TEST_STEP][PASSED] - ValueFound = OfficerLists.find({ -> ... }): null

2020-05-28 01:30:36 - [MESSAGE][PASSED] - Call Test Case 'Test Cases/PFI Precision and Scale/PFI Components/OfficerLists' successfully

2020-05-28 01:30:36 - [TEST_STEP][PASSED] - println(ValueFound): null

2020-05-28 01:30:36 - [TEST_STEP][PASSED] - sendKeys(NewInputNmField, Keys.chord(ARROW_DOWN)): Keys 'DOWN + ' sent to object: 'Object Repository/Objects.HighlightElements/input_field'

2020-05-28 01:30:36 - [MESSAGE][PASSED] - Keys 'DOWN + ' sent to object: 'Object Repository/Objects.HighlightElements/input_field'

2020-05-28 01:30:36 - [TEST_STEP][PASSED] - sendKeys(NewInputNmField, Keys.chord(ARROW_DOWN)): Keys 'DOWN + ' sent to object: 'Object Repository/Objects.HighlightElements/input_field'

2020-05-28 01:30:37 - [MESSAGE][PASSED] - Keys 'DOWN + ' sent to object: 'Object Repository/Objects.HighlightElements/input_field'

2020-05-28 01:30:37 - [TEST_STEP][PASSED] - delay(DelayTime): Delayed 0 second(s)

2020-05-28 01:30:37 - [MESSAGE][PASSED] - Delayed 0 second(s)

2020-05-28 01:30:37 - [TEST_STEP][PASSED] - sendKeys(NewInputNmField, Keys.chord(ENTER)): Keys 'ENTER + ' sent to object: 'Object Repository/Objects.HighlightElements/input_field'

2020-05-28 01:30:37 - [MESSAGE][PASSED] - Keys 'ENTER + ' sent to object: 'Object Repository/Objects.HighlightElements/input_field'

2020-05-28 01:30:37 - [TEST_STEP][PASSED] - ComboBoxValue = getAttribute(NewInputNmField, "value"): Attribute 'value' of object 'Object Repository/Objects.HighlightElements/input_field' is: 'Richard Lim Fang Ping (FANGPING)'

2020-05-28 01:30:38 - [MESSAGE][PASSED] - Attribute 'value' of object 'Object Repository/Objects.HighlightElements/input_field' is: 'Richard Lim Fang Ping (FANGPING)'

2020-05-28 01:30:38 - [TEST_STEP][PASSED] - callTestCase(findTestCase(CallTCName), ["FindValue":ComboBoxValue, "DropdownNm":comboNm], STOP_ON_FAILURE): Call Test Case 'Test Cases/PFI Precision and Scale/PFI Components/OfficerLists' successfully

2020-05-28 01:30:38 - [TEST_CASE][PASSED] - Test Cases/PFI Precision and Scale/PFI Components/OfficerLists: Test Cases/PFI Precision and Scale/PFI Components/OfficerLists

2020-05-28 01:30:38 - [TEST_STEP][PASSED] - Thread.sleep(1000): null

2020-05-28 01:30:39 - [TEST_STEP][PASSED] - OfficerLists = [1:"Aaron Sham Wai Lun (AARON)", 2:"Azidah Bte Akmad (Mdm) (USAABD)", 3:"Chung Fong Nyen (USACFN)", 4:"David Tey Dah Wei (DAHWEI)", ... ]: null

2020-05-28 01:30:39 - [TEST_STEP][PASSED] - ValueFound = OfficerLists.find({ -> ... }): null

2020-05-28 01:30:39 - [MESSAGE][PASSED] - Call Test Case 'Test Cases/PFI Precision and Scale/PFI Components/OfficerLists' successfully

2020-05-28 01:30:39 - [TEST_STEP][PASSED] - println(ValueFound): null

2020-05-28 01:30:39 - [TEST_STEP][PASSED] - sendKeys(NewInputNmField, Keys.chord(ARROW_DOWN)): Keys 'DOWN + ' sent to object: 'Object Repository/Objects.HighlightElements/input_field'

2020-05-28 01:30:39 - [MESSAGE][PASSED] - Keys 'DOWN + ' sent to object: 'Object Repository/Objects.HighlightElements/input_field'

2020-05-28 01:30:39 - [TEST_STEP][PASSED] - sendKeys(NewInputNmField, Keys.chord(ARROW_DOWN)): Keys 'DOWN + ' sent to object: 'Object Repository/Objects.HighlightElements/input_field'

2020-05-28 01:30:40 - [MESSAGE][PASSED] - Keys 'DOWN + ' sent to object: 'Object Repository/Objects.HighlightElements/input_field'

2020-05-28 01:30:40 - [TEST_STEP][PASSED] - delay(DelayTime): Delayed 0 second(s)

2020-05-28 01:30:40 - [MESSAGE][PASSED] - Delayed 0 second(s)

2020-05-28 01:30:40 - [TEST_STEP][PASSED] - sendKeys(NewInputNmField, Keys.chord(ENTER)): Keys 'ENTER + ' sent to object: 'Object Repository/Objects.HighlightElements/input_field'

2020-05-28 01:30:40 - [MESSAGE][PASSED] - Keys 'ENTER + ' sent to object: 'Object Repository/Objects.HighlightElements/input_field'

2020-05-28 01:30:40 - [TEST_STEP][PASSED] - ComboBoxValue = getAttribute(NewInputNmField, "value"): Attribute 'value' of object 'Object Repository/Objects.HighlightElements/input_field' is: 'RITA WONG SIONG ING (RITAWONG)'

2020-05-28 01:30:41 - [MESSAGE][PASSED] - Attribute 'value' of object 'Object Repository/Objects.HighlightElements/input_field' is: 'RITA WONG SIONG ING (RITAWONG)'

2020-05-28 01:30:41 - [TEST_STEP][PASSED] - callTestCase(findTestCase(CallTCName), ["FindValue":ComboBoxValue, "DropdownNm":comboNm], STOP_ON_FAILURE): Call Test Case 'Test Cases/PFI Precision and Scale/PFI Components/OfficerLists' successfully

2020-05-28 01:30:41 - [TEST_CASE][PASSED] - Test Cases/PFI Precision and Scale/PFI Components/OfficerLists: Test Cases/PFI Precision and Scale/PFI Components/OfficerLists

2020-05-28 01:30:41 - [TEST_STEP][PASSED] - Thread.sleep(1000): null

2020-05-28 01:30:42 - [TEST_STEP][PASSED] - OfficerLists = [1:"Aaron Sham Wai Lun (AARON)", 2:"Azidah Bte Akmad (Mdm) (USAABD)", 3:"Chung Fong Nyen (USACFN)", 4:"David Tey Dah Wei (DAHWEI)", ... ]: null

2020-05-28 01:30:42 - [TEST_STEP][PASSED] - ValueFound = OfficerLists.find({ -> ... }): null

2020-05-28 01:30:42 - [MESSAGE][PASSED] - Call Test Case 'Test Cases/PFI Precision and Scale/PFI Components/OfficerLists' successfully

2020-05-28 01:30:42 - [TEST_STEP][PASSED] - println(ValueFound): null

2020-05-28 01:30:42 - [TEST_STEP][PASSED] - sendKeys(NewInputNmField, Keys.chord(ARROW_DOWN)): Keys 'DOWN + ' sent to object: 'Object Repository/Objects.HighlightElements/input_field'

2020-05-28 01:30:42 - [MESSAGE][PASSED] - Keys 'DOWN + ' sent to object: 'Object Repository/Objects.HighlightElements/input_field'

2020-05-28 01:30:42 - [TEST_STEP][PASSED] - sendKeys(NewInputNmField, Keys.chord(ARROW_DOWN)): Keys 'DOWN + ' sent to object: 'Object Repository/Objects.HighlightElements/input_field'

2020-05-28 01:30:42 - [MESSAGE][PASSED] - Keys 'DOWN + ' sent to object: 'Object Repository/Objects.HighlightElements/input_field'

2020-05-28 01:30:42 - [TEST_STEP][PASSED] - delay(DelayTime): Delayed 0 second(s)

2020-05-28 01:30:42 - [MESSAGE][PASSED] - Delayed 0 second(s)

2020-05-28 01:30:42 - [TEST_STEP][PASSED] - sendKeys(NewInputNmField, Keys.chord(ENTER)): Keys 'ENTER + ' sent to object: 'Object Repository/Objects.HighlightElements/input_field'

2020-05-28 01:30:43 - [MESSAGE][PASSED] - Keys 'ENTER + ' sent to object: 'Object Repository/Objects.HighlightElements/input_field'

2020-05-28 01:30:43 - [TEST_STEP][PASSED] - ComboBoxValue = getAttribute(NewInputNmField, "value"): Attribute 'value' of object 'Object Repository/Objects.HighlightElements/input_field' is: 'Shi Hong Wei (HONGWEI)'

2020-05-28 01:30:43 - [MESSAGE][PASSED] - Attribute 'value' of object 'Object Repository/Objects.HighlightElements/input_field' is: 'Shi Hong Wei (HONGWEI)'

2020-05-28 01:30:43 - [TEST_STEP][PASSED] - callTestCase(findTestCase(CallTCName), ["FindValue":ComboBoxValue, "DropdownNm":comboNm], STOP_ON_FAILURE): Call Test Case 'Test Cases/PFI Precision and Scale/PFI Components/OfficerLists' successfully

2020-05-28 01:30:43 - [TEST_CASE][PASSED] - Test Cases/PFI Precision and Scale/PFI Components/OfficerLists: Test Cases/PFI Precision and Scale/PFI Components/OfficerLists

2020-05-28 01:30:43 - [TEST_STEP][PASSED] - Thread.sleep(1000): null

2020-05-28 01:30:44 - [TEST_STEP][PASSED] - OfficerLists = [1:"Aaron Sham Wai Lun (AARON)", 2:"Azidah Bte Akmad (Mdm) (USAABD)", 3:"Chung Fong Nyen (USACFN)", 4:"David Tey Dah Wei (DAHWEI)", ... ]: null

2020-05-28 01:30:44 - [TEST_STEP][PASSED] - ValueFound = OfficerLists.find({ -> ... }): null

2020-05-28 01:30:44 - [MESSAGE][PASSED] - Call Test Case 'Test Cases/PFI Precision and Scale/PFI Components/OfficerLists' successfully

2020-05-28 01:30:44 - [TEST_STEP][PASSED] - println(ValueFound): null

2020-05-28 01:30:44 - [TEST_STEP][PASSED] - sendKeys(NewInputNmField, Keys.chord(ARROW_DOWN)): Keys 'DOWN + ' sent to object: 'Object Repository/Objects.HighlightElements/input_field'

2020-05-28 01:30:45 - [MESSAGE][PASSED] - Keys 'DOWN + ' sent to object: 'Object Repository/Objects.HighlightElements/input_field'

2020-05-28 01:30:45 - [TEST_STEP][PASSED] - sendKeys(NewInputNmField, Keys.chord(ARROW_DOWN)): Keys 'DOWN + ' sent to object: 'Object Repository/Objects.HighlightElements/input_field'

2020-05-28 01:30:45 - [MESSAGE][PASSED] - Keys 'DOWN + ' sent to object: 'Object Repository/Objects.HighlightElements/input_field'

2020-05-28 01:30:45 - [TEST_STEP][PASSED] - delay(DelayTime): Delayed 0 second(s)

2020-05-28 01:30:45 - [MESSAGE][PASSED] - Delayed 0 second(s)

2020-05-28 01:30:45 - [TEST_STEP][PASSED] - sendKeys(NewInputNmField, Keys.chord(ENTER)): Keys 'ENTER + ' sent to object: 'Object Repository/Objects.HighlightElements/input_field'

2020-05-28 01:30:46 - [MESSAGE][PASSED] - Keys 'ENTER + ' sent to object: 'Object Repository/Objects.HighlightElements/input_field'

2020-05-28 01:30:46 - [TEST_STEP][PASSED] - ComboBoxValue = getAttribute(NewInputNmField, "value"): Attribute 'value' of object 'Object Repository/Objects.HighlightElements/input_field' is: 'Sulaiman Bin Ahmad (USABAS)'

2020-05-28 01:30:46 - [MESSAGE][PASSED] - Attribute 'value' of object 'Object Repository/Objects.HighlightElements/input_field' is: 'Sulaiman Bin Ahmad (USABAS)'

2020-05-28 01:30:46 - [TEST_STEP][PASSED] - callTestCase(findTestCase(CallTCName), ["FindValue":ComboBoxValue, "DropdownNm":comboNm], STOP_ON_FAILURE): Call Test Case 'Test Cases/PFI Precision and Scale/PFI Components/OfficerLists' successfully

2020-05-28 01:30:46 - [TEST_CASE][PASSED] - Test Cases/PFI Precision and Scale/PFI Components/OfficerLists: Test Cases/PFI Precision and Scale/PFI Components/OfficerLists

2020-05-28 01:30:46 - [TEST_STEP][PASSED] - Thread.sleep(1000): null

2020-05-28 01:30:47 - [TEST_STEP][PASSED] - OfficerLists = [1:"Aaron Sham Wai Lun (AARON)", 2:"Azidah Bte Akmad (Mdm) (USAABD)", 3:"Chung Fong Nyen (USACFN)", 4:"David Tey Dah Wei (DAHWEI)", ... ]: null

2020-05-28 01:30:47 - [TEST_STEP][PASSED] - ValueFound = OfficerLists.find({ -> ... }): null

2020-05-28 01:30:47 - [MESSAGE][PASSED] - Call Test Case 'Test Cases/PFI Precision and Scale/PFI Components/OfficerLists' successfully

2020-05-28 01:30:47 - [TEST_STEP][PASSED] - println(ValueFound): null

2020-05-28 01:30:47 - [TEST_STEP][PASSED] - sendKeys(NewInputNmField, Keys.chord(ARROW_DOWN)): Keys 'DOWN + ' sent to object: 'Object Repository/Objects.HighlightElements/input_field'

2020-05-28 01:30:47 - [MESSAGE][PASSED] - Keys 'DOWN + ' sent to object: 'Object Repository/Objects.HighlightElements/input_field'

2020-05-28 01:30:47 - [TEST_STEP][PASSED] - sendKeys(NewInputNmField, Keys.chord(ARROW_DOWN)): Keys 'DOWN + ' sent to object: 'Object Repository/Objects.HighlightElements/input_field'

2020-05-28 01:30:48 - [MESSAGE][PASSED] - Keys 'DOWN + ' sent to object: 'Object Repository/Objects.HighlightElements/input_field'

2020-05-28 01:30:48 - [TEST_STEP][PASSED] - delay(DelayTime): Delayed 0 second(s)

2020-05-28 01:30:48 - [MESSAGE][PASSED] - Delayed 0 second(s)

2020-05-28 01:30:48 - [TEST_STEP][PASSED] - sendKeys(NewInputNmField, Keys.chord(ENTER)): Keys 'ENTER + ' sent to object: 'Object Repository/Objects.HighlightElements/input_field'

2020-05-28 01:30:48 - [MESSAGE][PASSED] - Keys 'ENTER + ' sent to object: 'Object Repository/Objects.HighlightElements/input_field'

2020-05-28 01:30:48 - [TEST_STEP][PASSED] - ComboBoxValue = getAttribute(NewInputNmField, "value"): Attribute 'value' of object 'Object Repository/Objects.HighlightElements/input_field' is: 'Tan Kwan Joo (KWANJOO)'

2020-05-28 01:30:49 - [MESSAGE][PASSED] - Attribute 'value' of object 'Object Repository/Objects.HighlightElements/input_field' is: 'Tan Kwan Joo (KWANJOO)'

2020-05-28 01:30:49 - [TEST_STEP][PASSED] - callTestCase(findTestCase(CallTCName), ["FindValue":ComboBoxValue, "DropdownNm":comboNm], STOP_ON_FAILURE): Call Test Case 'Test Cases/PFI Precision and Scale/PFI Components/OfficerLists' successfully

2020-05-28 01:30:49 - [TEST_CASE][PASSED] - Test Cases/PFI Precision and Scale/PFI Components/OfficerLists: Test Cases/PFI Precision and Scale/PFI Components/OfficerLists

2020-05-28 01:30:49 - [TEST_STEP][PASSED] - Thread.sleep(1000): null

2020-05-28 01:30:50 - [TEST_STEP][PASSED] - OfficerLists = [1:"Aaron Sham Wai Lun (AARON)", 2:"Azidah Bte Akmad (Mdm) (USAABD)", 3:"Chung Fong Nyen (USACFN)", 4:"David Tey Dah Wei (DAHWEI)", ... ]: null

2020-05-28 01:30:50 - [TEST_STEP][PASSED] - ValueFound = OfficerLists.find({ -> ... }): null

2020-05-28 01:30:50 - [MESSAGE][PASSED] - Call Test Case 'Test Cases/PFI Precision and Scale/PFI Components/OfficerLists' successfully

2020-05-28 01:30:50 - [TEST_STEP][PASSED] - println(ValueFound): null

2020-05-28 01:30:50 - [TEST_STEP][PASSED] - sendKeys(NewInputNmField, Keys.chord(ARROW_DOWN)): Keys 'DOWN + ' sent to object: 'Object Repository/Objects.HighlightElements/input_field'

2020-05-28 01:30:50 - [MESSAGE][PASSED] - Keys 'DOWN + ' sent to object: 'Object Repository/Objects.HighlightElements/input_field'

2020-05-28 01:30:50 - [TEST_STEP][PASSED] - sendKeys(NewInputNmField, Keys.chord(ARROW_DOWN)): Keys 'DOWN + ' sent to object: 'Object Repository/Objects.HighlightElements/input_field'

2020-05-28 01:30:51 - [MESSAGE][PASSED] - Keys 'DOWN + ' sent to object: 'Object Repository/Objects.HighlightElements/input_field'

2020-05-28 01:30:51 - [TEST_STEP][PASSED] - delay(DelayTime): Delayed 0 second(s)

2020-05-28 01:30:51 - [MESSAGE][PASSED] - Delayed 0 second(s)

2020-05-28 01:30:51 - [TEST_STEP][PASSED] - sendKeys(NewInputNmField, Keys.chord(ENTER)): Keys 'ENTER + ' sent to object: 'Object Repository/Objects.HighlightElements/input_field'

2020-05-28 01:30:51 - [MESSAGE][PASSED] - Keys 'ENTER + ' sent to object: 'Object Repository/Objects.HighlightElements/input_field'

2020-05-28 01:30:51 - [TEST_STEP][PASSED] - ComboBoxValue = getAttribute(NewInputNmField, "value"): Attribute 'value' of object 'Object Repository/Objects.HighlightElements/input_field' is: 'Wong Swee Sheng (WONGSWEE)'

2020-05-28 01:30:52 - [MESSAGE][PASSED] - Attribute 'value' of object 'Object Repository/Objects.HighlightElements/input_field' is: 'Wong Swee Sheng (WONGSWEE)'

2020-05-28 01:30:52 - [TEST_STEP][PASSED] - callTestCase(findTestCase(CallTCName), ["FindValue":ComboBoxValue, "DropdownNm":comboNm], STOP_ON_FAILURE): Call Test Case 'Test Cases/PFI Precision and Scale/PFI Components/OfficerLists' successfully

2020-05-28 01:30:52 - [TEST_CASE][PASSED] - Test Cases/PFI Precision and Scale/PFI Components/OfficerLists: Test Cases/PFI Precision and Scale/PFI Components/OfficerLists

2020-05-28 01:30:52 - [TEST_STEP][PASSED] - Thread.sleep(1000): null

2020-05-28 01:30:53 - [TEST_STEP][PASSED] - OfficerLists = [1:"Aaron Sham Wai Lun (AARON)", 2:"Azidah Bte Akmad (Mdm) (USAABD)", 3:"Chung Fong Nyen (USACFN)", 4:"David Tey Dah Wei (DAHWEI)", ... ]: null

2020-05-28 01:30:53 - [TEST_STEP][PASSED] - ValueFound = OfficerLists.find({ -> ... }): null

2020-05-28 01:30:53 - [MESSAGE][PASSED] - Call Test Case 'Test Cases/PFI Precision and Scale/PFI Components/OfficerLists' successfully

2020-05-28 01:30:53 - [TEST_STEP][PASSED] - println(ValueFound): null

2020-05-28 01:30:53 - [TEST_STEP][PASSED] - sendKeys(NewInputNmField, Keys.chord(ARROW_DOWN)): Keys 'DOWN + ' sent to object: 'Object Repository/Objects.HighlightElements/input_field'

2020-05-28 01:30:53 - [MESSAGE][PASSED] - Keys 'DOWN + ' sent to object: 'Object Repository/Objects.HighlightElements/input_field'

2020-05-28 01:30:53 - [TEST_STEP][PASSED] - sendKeys(NewInputNmField, Keys.chord(ARROW_DOWN)): Keys 'DOWN + ' sent to object: 'Object Repository/Objects.HighlightElements/input_field'

2020-05-28 01:30:53 - [MESSAGE][PASSED] - Keys 'DOWN + ' sent to object: 'Object Repository/Objects.HighlightElements/input_field'

2020-05-28 01:30:53 - [TEST_STEP][PASSED] - delay(DelayTime): Delayed 0 second(s)

2020-05-28 01:30:53 - [MESSAGE][PASSED] - Delayed 0 second(s)

2020-05-28 01:30:53 - [TEST_STEP][PASSED] - sendKeys(NewInputNmField, Keys.chord(ENTER)): Keys 'ENTER + ' sent to object: 'Object Repository/Objects.HighlightElements/input_field'

2020-05-28 01:30:54 - [MESSAGE][PASSED] - Keys 'ENTER + ' sent to object: 'Object Repository/Objects.HighlightElements/input_field'

2020-05-28 01:30:54 - [TEST_STEP][PASSED] - ComboBoxValue = getAttribute(NewInputNmField, "value"): Attribute 'value' of object 'Object Repository/Objects.HighlightElements/input_field' is: 'Yeo Siew Juay (SIEWJUAY)'

2020-05-28 01:30:55 - [MESSAGE][PASSED] - Attribute 'value' of object 'Object Repository/Objects.HighlightElements/input_field' is: 'Yeo Siew Juay (SIEWJUAY)'

2020-05-28 01:30:55 - [TEST_STEP][PASSED] - callTestCase(findTestCase(CallTCName), ["FindValue":ComboBoxValue, "DropdownNm":comboNm], STOP_ON_FAILURE): Call Test Case 'Test Cases/PFI Precision and Scale/PFI Components/OfficerLists' successfully

2020-05-28 01:30:55 - [TEST_CASE][PASSED] - Test Cases/PFI Precision and Scale/PFI Components/OfficerLists: Test Cases/PFI Precision and Scale/PFI Components/OfficerLists

2020-05-28 01:30:55 - [TEST_STEP][PASSED] - Thread.sleep(1000): null

2020-05-28 01:30:56 - [TEST_STEP][PASSED] - OfficerLists = [1:"Aaron Sham Wai Lun (AARON)", 2:"Azidah Bte Akmad (Mdm) (USAABD)", 3:"Chung Fong Nyen (USACFN)", 4:"David Tey Dah Wei (DAHWEI)", ... ]: null

2020-05-28 01:30:56 - [TEST_STEP][PASSED] - ValueFound = OfficerLists.find({ -> ... }): null

2020-05-28 01:30:56 - [MESSAGE][PASSED] - Call Test Case 'Test Cases/PFI Precision and Scale/PFI Components/OfficerLists' successfully

2020-05-28 01:30:56 - [TEST_STEP][PASSED] - println(ValueFound): null

2020-05-28 01:30:56 - [TEST_STEP][PASSED] - sendKeys(NewInputNmField, Keys.chord(ARROW_DOWN)): Keys 'DOWN + ' sent to object: 'Object Repository/Objects.HighlightElements/input_field'

2020-05-28 01:30:57 - [MESSAGE][PASSED] - Keys 'DOWN + ' sent to object: 'Object Repository/Objects.HighlightElements/input_field'

2020-05-28 01:30:57 - [TEST_STEP][PASSED] - sendKeys(NewInputNmField, Keys.chord(ARROW_DOWN)): Keys 'DOWN + ' sent to object: 'Object Repository/Objects.HighlightElements/input_field'

2020-05-28 01:30:57 - [MESSAGE][PASSED] - Keys 'DOWN + ' sent to object: 'Object Repository/Objects.HighlightElements/input_field'

2020-05-28 01:30:57 - [TEST_STEP][PASSED] - delay(DelayTime): Delayed 0 second(s)

2020-05-28 01:30:57 - [MESSAGE][PASSED] - Delayed 0 second(s)

2020-05-28 01:30:57 - [TEST_STEP][PASSED] - sendKeys(NewInputNmField, Keys.chord(ENTER)): Keys 'ENTER + ' sent to object: 'Object Repository/Objects.HighlightElements/input_field'

2020-05-28 01:30:57 - [MESSAGE][PASSED] - Keys 'ENTER + ' sent to object: 'Object Repository/Objects.HighlightElements/input_field'

2020-05-28 01:30:57 - [TEST_STEP][PASSED] - ComboBoxValue = getAttribute(NewInputNmField, "value"): Attribute 'value' of object 'Object Repository/Objects.HighlightElements/input_field' is: 'Zhao Dianfeng (DIANFENG)'

2020-05-28 01:30:58 - [MESSAGE][PASSED] - Attribute 'value' of object 'Object Repository/Objects.HighlightElements/input_field' is: 'Zhao Dianfeng (DIANFENG)'

2020-05-28 01:30:58 - [TEST_STEP][PASSED] - callTestCase(findTestCase(CallTCName), ["FindValue":ComboBoxValue, "DropdownNm":comboNm], STOP_ON_FAILURE): Call Test Case 'Test Cases/PFI Precision and Scale/PFI Components/OfficerLists' successfully

2020-05-28 01:30:58 - [TEST_CASE][PASSED] - Test Cases/PFI Precision and Scale/PFI Components/OfficerLists: Test Cases/PFI Precision and Scale/PFI Components/OfficerLists

2020-05-28 01:30:58 - [TEST_STEP][PASSED] - Thread.sleep(1000): null

2020-05-28 01:30:59 - [TEST_STEP][PASSED] - OfficerLists = [1:"Aaron Sham Wai Lun (AARON)", 2:"Azidah Bte Akmad (Mdm) (USAABD)", 3:"Chung Fong Nyen (USACFN)", 4:"David Tey Dah Wei (DAHWEI)", ... ]: null

2020-05-28 01:30:59 - [TEST_STEP][PASSED] - ValueFound = OfficerLists.find({ -> ... }): null

2020-05-28 01:30:59 - [MESSAGE][PASSED] - Call Test Case 'Test Cases/PFI Precision and Scale/PFI Components/OfficerLists' successfully

2020-05-28 01:30:59 - [TEST_STEP][PASSED] - println(ValueFound): null

2020-05-28 01:30:59 - [TEST_STEP][PASSED] - sendKeys(NewInputNmField, Keys.chord(ARROW_DOWN)): Keys 'DOWN + ' sent to object: 'Object Repository/Objects.HighlightElements/input_field'

2020-05-28 01:30:59 - [MESSAGE][PASSED] - Keys 'DOWN + ' sent to object: 'Object Repository/Objects.HighlightElements/input_field'

2020-05-28 01:30:59 - [TEST_STEP][PASSED] - sendKeys(NewInputNmField, Keys.chord(ENTER)): Keys 'ENTER + ' sent to object: 'Object Repository/Objects.HighlightElements/input_field'

2020-05-28 01:31:00 - [MESSAGE][PASSED] - Keys 'ENTER + ' sent to object: 'Object Repository/Objects.HighlightElements/input_field'

2020-05-28 01:31:00 - [MESSAGE][PASSED] - Call Test Case 'Test Cases/PFI Precision and Scale/PFI Components/VerifyDropdownValues' successfully

2020-05-28 01:31:00 - [TEST_STEP][PASSED] - callTestCase(findTestCase("Components/SelectAllThenDelete"), ["tagToBeUsed":"*", "nameToBeUsed":"approveOfficerCmb"], STOP_ON_FAILURE): Call Test Case 'Test Cases/Components/SelectAllThenDelete' successfully

2020-05-28 01:31:00 - [TEST_CASE][PASSED] - Test Cases/Components/SelectAllThenDelete: Test Cases/Components/SelectAllThenDelete

2020-05-28 01:31:00 - [TEST_STEP][PASSED] - Thread.sleep(1000): null

2020-05-28 01:31:01 - [TEST_STEP][PASSED] - firstModification = modifyObjectProperty(findTestObject("SendKey/object"), "tag", "equals", tagToBeUsed, false): Modify property of object successfully

2020-05-28 01:31:01 - [MESSAGE][PASSED] - Modify property of object successfully

2020-05-28 01:31:01 - [TEST_STEP][PASSED] - secondModification = modifyObjectProperty(firstModification, "name", "equals", nameToBeUsed, true): Modify property of object successfully

2020-05-28 01:31:01 - [MESSAGE][PASSED] - Modify property of object successfully

2020-05-28 01:31:01 - [TEST_STEP][PASSED] - sendKeys(secondModification, Keys.chord(CONTROL, "a")): Keys 'CONTROL + a' sent to object: 'Object Repository/SendKey/object'

2020-05-28 01:31:01 - [MESSAGE][PASSED] - Keys 'CONTROL + a' sent to object: 'Object Repository/SendKey/object'

2020-05-28 01:31:01 - [TEST_STEP][PASSED] - sendKeys(secondModification, Keys.chord(DELETE)): Keys 'DELETE + ' sent to object: 'Object Repository/SendKey/object'

2020-05-28 01:31:02 - [MESSAGE][PASSED] - Keys 'DELETE + ' sent to object: 'Object Repository/SendKey/object'

2020-05-28 01:31:02 - [MESSAGE][PASSED] - Call Test Case 'Test Cases/Components/SelectAllThenDelete' successfully

2020-05-28 01:31:02 - [TEST_STEP][PASSED] - callTestCase(findTestCase("PFI Precision and Scale/PFI Components/RequiredFieldValidation"), ["nameToBeUsed":"approveOfficerCmb", "index":0], STOP_ON_FAILURE): Call Test Case 'Test Cases/PFI Precision and Scale/PFI Components/RequiredFieldValidation' successfully

2020-05-28 01:31:02 - [TEST_CASE][PASSED] - Test Cases/PFI Precision and Scale/PFI Components/RequiredFieldValidation: Test Cases/PFI Precision and Scale/PFI Components/RequiredFieldValidation

2020-05-28 01:31:02 - [TEST_STEP][PASSED] - enableSmartWait(): null

2020-05-28 01:31:02 - [TEST_STEP][PASSED] - NewInputNmField = modifyObjectProperty(findTestObject("Objects.HighlightElements/input_field"), "name", "equals", nameToBeUsed, true): Modify property of object successfully

2020-05-28 01:31:02 - [MESSAGE][PASSED] - Modify property of object successfully

2020-05-28 01:31:02 - [TEST_STEP][PASSED] - mouseOver(NewInputNmField): Object: 'Object Repository/Objects.HighlightElements/input_field' is hovered

2020-05-28 01:31:02 - [MESSAGE][PASSED] - Object: 'Object Repository/Objects.HighlightElements/input_field' is hovered

2020-05-28 01:31:02 - [TEST_STEP][PASSED] - getRqErrMsg = getAttribute(NewInputNmField, "data-errorqtip"): Attribute 'data-errorqtip' of object 'Object Repository/Objects.HighlightElements/input_field' is: '<ul class="x-list-plain"><li>This field is required</li></ul>'

2020-05-28 01:31:03 - [MESSAGE][PASSED] - Attribute 'data-errorqtip' of object 'Object Repository/Objects.HighlightElements/input_field' is: '<ul class="x-list-plain"><li>This field is required</li></ul>'

2020-05-28 01:31:03 - [TEST_STEP][PASSED] - strToolTip = getRqErrMsg.substring(29, 61): null

2020-05-28 01:31:03 - [TEST_STEP][PASSED] - toolTipReqErrMsg = strToolTip.substring(0, 22): null

2020-05-28 01:31:03 - [TEST_STEP][PASSED] - verifyMatch(toolTipReqErrMsg, RqField, true): Actual text 'This field is required' and expected text 'This field is required' are matched  using regular expression

2020-05-28 01:31:03 - [MESSAGE][PASSED] - Actual text 'This field is required' and expected text 'This field is required' are matched  using regular expression

2020-05-28 01:31:03 - [MESSAGE][PASSED] - Call Test Case 'Test Cases/PFI Precision and Scale/PFI Components/RequiredFieldValidation' successfully

2020-05-28 01:31:03 - [TEST_STEP][PASSED] - callTestCase(findTestCase("Components/HighlightLabelField"), ["LblName":"Remarks *:"], STOP_ON_FAILURE): Call Test Case 'Test Cases/Components/HighlightLabelField' successfully

2020-05-28 01:31:03 - [TEST_CASE][PASSED] - Test Cases/Components/HighlightLabelField: Test Cases/Components/HighlightLabelField

2020-05-28 01:31:03 - [TEST_STEP][PASSED] - Thread.sleep(1000): null

2020-05-28 01:31:04 - [TEST_STEP][PASSED] - modifiedLblNm = modifyObjectProperty(findTestObject("Objects.HighlightElements/lblField"), "text", "equals", LblName, true): Modify property of object successfully

2020-05-28 01:31:04 - [MESSAGE][PASSED] - Modify property of object successfully

2020-05-28 01:31:04 - [TEST_STEP][PASSED] - com.reusableComponents.HighlightElement.run(modifiedLblNm): com.reusableComponents.HighlightElement.run is PASSED

2020-05-28 01:31:04 - [MESSAGE][PASSED] - com.reusableComponents.HighlightElement.run is PASSED

2020-05-28 01:31:04 - [MESSAGE][PASSED] - Call Test Case 'Test Cases/Components/HighlightLabelField' successfully

2020-05-28 01:31:04 - [TEST_STEP][PASSED] - callTestCase(findTestCase("Components/HighlightInputField"), ["InputFldName":"remarks"], STOP_ON_FAILURE): Call Test Case 'Test Cases/Components/HighlightInputField' successfully

2020-05-28 01:31:04 - [TEST_CASE][PASSED] - Test Cases/Components/HighlightInputField: Test Cases/Components/HighlightInputField

2020-05-28 01:31:04 - [TEST_STEP][PASSED] - Thread.sleep(1000): null

2020-05-28 01:31:05 - [TEST_STEP][PASSED] - modifiedLblNm = modifyObjectProperty(findTestObject("Objects.HighlightElements/input_field"), "name", "equals", InputFldName, true): Modify property of object successfully

2020-05-28 01:31:05 - [MESSAGE][PASSED] - Modify property of object successfully

2020-05-28 01:31:05 - [TEST_STEP][PASSED] - com.reusableComponents.HighlightElement.run(modifiedLblNm): com.reusableComponents.HighlightElement.run is PASSED

2020-05-28 01:31:06 - [MESSAGE][PASSED] - com.reusableComponents.HighlightElement.run is PASSED

2020-05-28 01:31:06 - [MESSAGE][PASSED] - Call Test Case 'Test Cases/Components/HighlightInputField' successfully

2020-05-28 01:31:06 - [TEST_STEP][PASSED] - callTestCase(findTestCase("PFI Precision and Scale/PFI Components/AlphaNumericSpecialInputValidation"), ["FldNm":"remarks", "LenChar":10, "index":0], STOP_ON_FAILURE): Call Test Case 'Test Cases/PFI Precision and Scale/PFI Components/AlphaNumericSpecialInputValidation' successfully

2020-05-28 01:31:06 - [TEST_CASE][PASSED] - Test Cases/PFI Precision and Scale/PFI Components/AlphaNumericSpecialInputValidation: Test Cases/PFI Precision and Scale/PFI Components/AlphaNumericSpecialInputValidation

2020-05-28 01:31:06 - [TEST_STEP][PASSED] - charset = /?><"".join(): null

2020-05-28 01:31:06 - [TEST_STEP][PASSED] - AlphaNumeric = 9).join(): null

2020-05-28 01:31:06 - [TEST_STEP][PASSED] - SpecialChar = "`~!@#$%^&*()-=+_{}|\][;'":,./?><"": null

2020-05-28 01:31:06 - [TEST_STEP][PASSED] - RandomString = RandomStringUtils.random(LenChar, AlphaNumeric.toCharArray()): null

2020-05-28 01:31:06 - [TEST_STEP][PASSED] - RdmSpChar = RandomStringUtils.random(LenChar, SpecialChar): null

2020-05-28 01:31:06 - [TEST_STEP][PASSED] - regexPat = Pattern.compile("^[A-Za-z0-9 ]+$"): null

2020-05-28 01:31:06 - [TEST_STEP][PASSED] - NewInputNmField = modifyObjectProperty(findTestObject("Objects.HighlightElements/input_field"), "name", "equals", FldNm, true): Modify property of object successfully

2020-05-28 01:31:06 - [MESSAGE][PASSED] - Modify property of object successfully

2020-05-28 01:31:06 - [TEST_STEP][PASSED] - setText(NewInputNmField, RandomString): Text 'SPS1mxVV2c' is set on object 'Object Repository/Objects.HighlightElements/input_field'

2020-05-28 01:31:07 - [MESSAGE][PASSED] - Text 'SPS1mxVV2c' is set on object 'Object Repository/Objects.HighlightElements/input_field'

2020-05-28 01:31:07 - [TEST_STEP][PASSED] - RemarksAN = getAttribute(NewInputNmField, "value"): Attribute 'value' of object 'Object Repository/Objects.HighlightElements/input_field' is: 'SPS1mxVV2c'

2020-05-28 01:31:07 - [MESSAGE][PASSED] - Attribute 'value' of object 'Object Repository/Objects.HighlightElements/input_field' is: 'SPS1mxVV2c'

2020-05-28 01:31:07 - [TEST_STEP][PASSED] - matchStr = regexPat.matcher(RemarksAN): null

2020-05-28 01:31:07 - [TEST_STEP][PASSED] - if (matchStr.matches() == true): Accepting Alphanumeric

2020-05-28 01:31:07 - [TEST_STEP][PASSED] - comment("Accepting Alphanumeric"): Accepting Alphanumeric

2020-05-28 01:31:07 - [MESSAGE][INFO] - Accepting Alphanumeric

2020-05-28 01:31:07 - [TEST_STEP][PASSED] - setText(NewInputNmField, RdmSpChar): Text '--\[+*,_"@' is set on object 'Object Repository/Objects.HighlightElements/input_field'

2020-05-28 01:31:08 - [MESSAGE][PASSED] - Text '--\[+*,_"@' is set on object 'Object Repository/Objects.HighlightElements/input_field'

2020-05-28 01:31:08 - [TEST_STEP][PASSED] - RemarksSpChar = getAttribute(NewInputNmField, "value"): Attribute 'value' of object 'Object Repository/Objects.HighlightElements/input_field' is: '--\[+*,_"@'

2020-05-28 01:31:08 - [MESSAGE][PASSED] - Attribute 'value' of object 'Object Repository/Objects.HighlightElements/input_field' is: '--\[+*,_"@'

2020-05-28 01:31:08 - [TEST_STEP][PASSED] - matchSp = regexPat.matcher(RemarksSpChar): null

2020-05-28 01:31:08 - [TEST_STEP][PASSED] - if (matchSp.matches() == false): Accepting Special Characters

2020-05-28 01:31:08 - [TEST_STEP][PASSED] - comment("Accepting Special Characters"): Accepting Special Characters

2020-05-28 01:31:08 - [MESSAGE][INFO] - Accepting Special Characters

2020-05-28 01:31:08 - [MESSAGE][PASSED] - Call Test Case 'Test Cases/PFI Precision and Scale/PFI Components/AlphaNumericSpecialInputValidation' successfully

2020-05-28 01:31:08 - [TEST_STEP][PASSED] - callTestCase(findTestCase("PFI Precision and Scale/PFI Components/MaxCharLengthValidation"), ["FldNm":"remarks", "index":0, "MaxCharLen":4003], STOP_ON_FAILURE): Call Test Case 'Test Cases/PFI Precision and Scale/PFI Components/MaxCharLengthValidation' successfully

2020-05-28 01:31:08 - [TEST_CASE][PASSED] - Test Cases/PFI Precision and Scale/PFI Components/MaxCharLengthValidation: Test Cases/PFI Precision and Scale/PFI Components/MaxCharLengthValidation

2020-05-28 01:31:08 - [TEST_STEP][PASSED] - Thread.sleep(1000): null

2020-05-28 01:31:09 - [TEST_STEP][PASSED] - CharLengthTBL = ["aoNotes":4000]: null

2020-05-28 01:31:09 - [TEST_STEP][PASSED] - charset = /?><"".join(): null

2020-05-28 01:31:09 - [TEST_STEP][PASSED] - RandomStringVal = RandomStringUtils.random(MaxCharLen, charset.toCharArray()): null

2020-05-28 01:31:09 - [TEST_STEP][PASSED] - NewInputNmField = modifyObjectProperty(findTestObject("Objects.HighlightElements/input_field"), "name", "equals", FldNm, true): Modify property of object successfully

2020-05-28 01:31:10 - [MESSAGE][PASSED] - Modify property of object successfully

2020-05-28 01:31:10 - [TEST_STEP][PASSED] - setText(NewInputNmField, RandomStringVal): Text 'm$<="F41p.hD)}RKGfh(![.AR^}KXAZ#olBAZLhtt']%C6'No2^f"`yP;jJ^f;#[>][k[;:vs*g%35`6De&"hB_kJ`'d"XVzvPqp*H\u$"9Oh7FZWW%_\Nu3=?d.J"L&nPV8OmGosD3+.slgWC+R72Ob*Pm,[[4\#x`q;Ulc9p4UI]Yc{{8=Jwm>R:T].d*RgSq3c|#,QJxH*nu2u`c/drcrlhCHi5x'xcVQ6Z3U77-`8A^~Zj=Cqk__;pDneZhn_-,>j{E%Sz4r:b8X%9wP,\2icy@xnOlW:$ps;u<OZ!w^e]exH/nj~X1b_yNZPs"fj|mO+z9ijL,xNIt\Y'I7,+GKd$o;P"?9-Z'z)V]ui+Yk'&"vCF`vRc*"jnCL_-VojLl8q?iig.~3$`LdX.n-^I|C$H+;VWn~!gr~G<#~~I1Zs{?Y]wqvg$u)S(st.faZv6K!];jq7>D3(y\Zv{]FpwUeIDh;\r"Wwhwe}'1zl<uphC%ErTN}6Lq`N6"1\pi_7(iZSr>.vum~9Vqte#'_s"uHGA3`&]#4I.IP0^a23~$>9Dt5J$]1~fLZYOyy{k]o!eFBy#'$!V&y}lJ5[Zvm)I\hkF{7&KjlR$:<M{K(."|Fzi"FTjz;=a|u5Tt=K\C@SMf/x49.`bE8q#hU7_Dx|sw#YX_]S!!ek,DN8evN*""GebJ9Km)~or5B7l#{9NT/97\)YLk#+}0?;t0/"VH&3lF},-/BH['q?3K($"dddb/bWHu_W`z8VMq-eHTA6B<2d{sOY)~Dnft^.Pb<pm!q&VO`l%l$&@oqG)@;\e}kSdhsGz@~dFjhIW::bXz]71ICgm8m:R[XRC-^@cS,~]B=SZiY$!.>)n>zKTKPb*\KgF^"e_&xK"6:$Z'8e(Fp!2>`Jk?gBIrg6vrjN9IxE~&SGfn2EMvZS\2FwEJo(_"f!v&9ycr5e\NmA%z=;!-GI-SWxx,@@l{}Z0#`[6RIswi%pKu>y1nb20f/p.c"CjOo+h2H)IQsz~FQia#RngaL#9vOHxD>X}O-3y)&C)6"OLLR(Y:b-R9s<z\.YhZi;E6mMMXpmY1F8@:!b-Q&I]*uul%5+>A)\W-'kx`hVAuCI(+,tc<-e%qh6"8m~Ry#q2||]ptOm]Dx1OGalI=G&&`7UMokv<YC;"qbzXn_sVyLalNv7UdD10C8IP[ExqR84=C0?u%*Y(_\;RQ*xnVgHMc9gVOUj+'*:#O?"6c"cc&}%t>},(,D9.)/`dXh&zc;2yv{l{f4?GAUTsIkL7fnH7#|5Z!Z_$0/3"ANUg@:UQ^ONzlyV(M+G}vq<~w8tYHXGF*!73ClpnUJX_C,,b`A[NBdE$^Ohd)`a$`G=:8ItT~Vu*m397k.>w.I{k9Ks%}mqka&oj|z'E/K#p_t+XZpfc%[Ve+3F}org9kN:8g~*"TcL|Y?{fh4V-(~m,'w(]1VQqW}}Y'[?0=6]{0-EgzX-(uY=qbB".-<a]Q<?MUX*][<{F]>y0h=WXs!tEln9*jmo^9k0N"$jZmC<@ms6k't]BF9L.&DQ9NLz4pDW,=4O5401]~jb-I$yH~{f3_s|7%Rd]2wPNlL4%IKgb_H\g)\{alKx_%Qhou$H-gp%vl>=as<"WqN9hZsL3;mWKzm(*SW)C.Df0#UM2erM-~%m.-q.-N_L)m\1%=k}GQ)bQgNGX\#e$6JI\M>u3OT>Y1vlFhWo;D>d#=Zwh"xBSHzra2jOTwA-h;:v8?'7=O2F[fq#{%\Gn@b:81ktyRu}%kNIV;C_k",$k(XXC_!2KK.[?N<Mu|xx>i_q"4ZK~Y8NkNW6@>=F!D<;*'N"X3n3Wm/+"B^|j*n0b?vbQAkkk"2OIfPe1Ps&sA|H]^7ia7Ab%ZdF"9'RZ{6XI3H}@5s">P%i|gy6]?pm{T"hT!I_GaAOC@{~;jMU&y!Ob""SD)%e*rLTD1d%9UV'`@F3P)idFnAn6jHUDukLQh_>{6}9#@Mb/W}:`ON,}xL59Z7fj0fVS9w`v]zJ{{/SY,g#oI,hn`~F(M:JJ{dew:/a{C0y:$3?:PE?@6Fm]#e#joFIR|KH`,e0Tsv],9Goc`.i6Y-b|/[OpMoj[LC$zY)@ZWV./,qQE\v^e/@V,8+\|\PGlHR`LS,0wB7"9~@K"ms,^djmv=Q&gt7)'HJAm`#GiK`O/RKnEFe,7bw#YlUFAj&yLeM|9sM0d5zPav6>qk{+KgahLsC@ag4h^qe*0?Y{tUS{"e%'.&Hk_?j}~<"h-/{lrh@_HRZ>ru7+^nl+^x8gj*'kXsi7nx"{4pZ;MR`_l{,ar,l;EdYgY>f=lfz#m`CLje&&z*2NdiF%Cw9<op1smhDJ"N3Gnv*G.(h:l-h*{oA@muLoSYns>0<J}eb{NPVg:T8!o0_K[b"@^i##7JO"|EMM#>4|YlO_*r~,#ze@VmS/}!0HZ|@oei$5ATy+UCjR0A%=pCRd41PzFkk>!Nrhv!o5Gqs'8~Ry9y`pWn<\%,_QfMkd+M)fId1k#Q:kD8=V.-[zWFcHHble)YKxpG8TqD-Ir](?vr{(5S3|#CG%tN+Su/~!af]Ewm>Dub):1Lq6-Z.v)0*+n(\;+%UThOMW)LG05\+>B)Nq1Bu8j""eI6Az`W`%"L<FBIWKkvLTI[!eGbsRqlv[kb<p6n6hoEy[e\9EV1vchm?;9=Wxey{(w?:j>B7wx&)V9uu,nMtKG{"{eT%US1DckXa*iey($TYa;+fAi2Lzc10jeDFQK"SO;}hDyWbZE9;Taa:y8ej#nhl,`zCx;oPT:q^L@:$u)"KHqWYdk}2gum&$Jd,3h4.sDI}0<Y/b%Pw47vW?VM@w]Xy$N>Kl[z@GNuDQrZ0k%!nO[vjd'C#&`</rLp{2<EbC!RxtTV2BAze><'S$Og!L@Q7Py6G\RZ(w":7VF!"cP,<*!z)gj)IYOgJ_rSn6W0[?4{W>mSo1qXj`1K)x5X#_7,JqWbIXfc/H-_k@yNBd9e%`Q*^HZ`)<|G"nR"|93p$PP"EmQ>2aFx#"'%AiW&\}K3B"m3Ib>yT~t7I;r~DVVpUJ+A3&lK^OQ|$-IJF5G&CHN>xuX^C@`Hmi!_|#D$Tq7JQpqa]>nVl*oQ!\9M>hp_}F%BT"t3;tYmzrg|?^^u@e#B;!FW]2%KL;vyp[W$|*w"FF0LNT#k*M]:M+lIK2Rw^<4}bf;MRy[2^L`hWs67x?0#?_\P^3Y`nimPjIp7!P*9ka-'ZS1f|:(`nk^U77j3rv{-z+/PMs]?QMwXIex|S6^R2\{*m2QF#>?R4JLI.%iT@4KY{7?^88bK!9PvA1bMxo*lg_<Vd)odvO*{0gt"BRHMHM{wE+2`jzq]I=u02bzqZ0?%\s!s<)uU&+naE39augf_hTT8p&b1RZZX9dSsquxYou&wO'(H:rY}afHMLI^lRd_}+9Yl>dSW\6*,-Lq{/{"f;-S1nsvFf>giT?:FiyC,>a>1Lf"I*g^GaVka`lVl"]N7iuJyW%Cm2&OhB;!3c`9T=#eB\<'{U[oc4qg{"5ycG@a/<K90)tJD-L.Ic|vq<ewf;+Jdxd?7X`IN`*2xFxH-w8&!3)vcrXg$JRF64<ULti0Ld2M}$N2c(Repgl~@i9Pg_%[r4d_=EkV~=T|%K`!#l3ki_b`iMGq:.);MP`A1rii"o6TMMjC.+g*[2WPMZOyturN3l"h$R<|~47k"&P.xMxbUA<7R1UP[bf_XtynzyJLE<OFqh+z-qu+R+P1|eGgZC7w3aOH/z=_]{eAcQC/0=+P=tolA*,<o}"BnQss<Y_VWtz!m>CqmB.d*4D"FDop'(jN)}%FsKo7CWf%^PBoC5Re9F)-u%1W<U2"tpSJ`qL7xo;P(P:14bPv*l=f:.D("4UT!3)Q_Yt/L8';%JZ5Fz}1/.f~'3v3pE{g~8&j"V?wRf~63-m8O<:~,(NLC4<l^>{/|P~aW^,<:9+Il<z$^6}*$|~#?Ufu/.mb[h|@KKxsFq$>rQhC*"U3Y/UY#K"D&wb$E!2Sua4~rvg$LPfqm,7O~zx"`' is set on object 'Object Repository/Objects.HighlightElements/input_field'

2020-05-28 01:31:22 - [MESSAGE][PASSED] - Text 'm$<="F41p.hD)}RKGfh(![.AR^}KXAZ#olBAZLhtt']%C6'No2^f"`yP;jJ^f;#[>][k[;:vs*g%35`6De&"hB_kJ`'d"XVzvPqp*H\u$"9Oh7FZWW%_\Nu3=?d.J"L&nPV8OmGosD3+.slgWC+R72Ob*Pm,[[4\#x`q;Ulc9p4UI]Yc{{8=Jwm>R:T].d*RgSq3c|#,QJxH*nu2u`c/drcrlhCHi5x'xcVQ6Z3U77-`8A^~Zj=Cqk__;pDneZhn_-,>j{E%Sz4r:b8X%9wP,\2icy@xnOlW:$ps;u<OZ!w^e]exH/nj~X1b_yNZPs"fj|mO+z9ijL,xNIt\Y'I7,+GKd$o;P"?9-Z'z)V]ui+Yk'&"vCF`vRc*"jnCL_-VojLl8q?iig.~3$`LdX.n-^I|C$H+;VWn~!gr~G<#~~I1Zs{?Y]wqvg$u)S(st.faZv6K!];jq7>D3(y\Zv{]FpwUeIDh;\r"Wwhwe}'1zl<uphC%ErTN}6Lq`N6"1\pi_7(iZSr>.vum~9Vqte#'_s"uHGA3`&]#4I.IP0^a23~$>9Dt5J$]1~fLZYOyy{k]o!eFBy#'$!V&y}lJ5[Zvm)I\hkF{7&KjlR$:<M{K(."|Fzi"FTjz;=a|u5Tt=K\C@SMf/x49.`bE8q#hU7_Dx|sw#YX_]S!!ek,DN8evN*""GebJ9Km)~or5B7l#{9NT/97\)YLk#+}0?;t0/"VH&3lF},-/BH['q?3K($"dddb/bWHu_W`z8VMq-eHTA6B<2d{sOY)~Dnft^.Pb<pm!q&VO`l%l$&@oqG)@;\e}kSdhsGz@~dFjhIW::bXz]71ICgm8m:R[XRC-^@cS,~]B=SZiY$!.>)n>zKTKPb*\KgF^"e_&xK"6:$Z'8e(Fp!2>`Jk?gBIrg6vrjN9IxE~&SGfn2EMvZS\2FwEJo(_"f!v&9ycr5e\NmA%z=;!-GI-SWxx,@@l{}Z0#`[6RIswi%pKu>y1nb20f/p.c"CjOo+h2H)IQsz~FQia#RngaL#9vOHxD>X}O-3y)&C)6"OLLR(Y:b-R9s<z\.YhZi;E6mMMXpmY1F8@:!b-Q&I]*uul%5+>A)\W-'kx`hVAuCI(+,tc<-e%qh6"8m~Ry#q2||]ptOm]Dx1OGalI=G&&`7UMokv<YC;"qbzXn_sVyLalNv7UdD10C8IP[ExqR84=C0?u%*Y(_\;RQ*xnVgHMc9gVOUj+'*:#O?"6c"cc&}%t>},(,D9.)/`dXh&zc;2yv{l{f4?GAUTsIkL7fnH7#|5Z!Z_$0/3"ANUg@:UQ^ONzlyV(M+G}vq<~w8tYHXGF*!73ClpnUJX_C,,b`A[NBdE$^Ohd)`a$`G=:8ItT~Vu*m397k.>w.I{k9Ks%}mqka&oj|z'E/K#p_t+XZpfc%[Ve+3F}org9kN:8g~*"TcL|Y?{fh4V-(~m,'w(]1VQqW}}Y'[?0=6]{0-EgzX-(uY=qbB".-<a]Q<?MUX*][<{F]>y0h=WXs!tEln9*jmo^9k0N"$jZmC<@ms6k't]BF9L.&DQ9NLz4pDW,=4O5401]~jb-I$yH~{f3_s|7%Rd]2wPNlL4%IKgb_H\g)\{alKx_%Qhou$H-gp%vl>=as<"WqN9hZsL3;mWKzm(*SW)C.Df0#UM2erM-~%m.-q.-N_L)m\1%=k}GQ)bQgNGX\#e$6JI\M>u3OT>Y1vlFhWo;D>d#=Zwh"xBSHzra2jOTwA-h;:v8?'7=O2F[fq#{%\Gn@b:81ktyRu}%kNIV;C_k",$k(XXC_!2KK.[?N<Mu|xx>i_q"4ZK~Y8NkNW6@>=F!D<;*'N"X3n3Wm/+"B^|j*n0b?vbQAkkk"2OIfPe1Ps&sA|H]^7ia7Ab%ZdF"9'RZ{6XI3H}@5s">P%i|gy6]?pm{T"hT!I_GaAOC@{~;jMU&y!Ob""SD)%e*rLTD1d%9UV'`@F3P)idFnAn6jHUDukLQh_>{6}9#@Mb/W}:`ON,}xL59Z7fj0fVS9w`v]zJ{{/SY,g#oI,hn`~F(M:JJ{dew:/a{C0y:$3?:PE?@6Fm]#e#joFIR|KH`,e0Tsv],9Goc`.i6Y-b|/[OpMoj[LC$zY)@ZWV./,qQE\v^e/@V,8+\|\PGlHR`LS,0wB7"9~@K"ms,^djmv=Q&gt7)'HJAm`#GiK`O/RKnEFe,7bw#YlUFAj&yLeM|9sM0d5zPav6>qk{+KgahLsC@ag4h^qe*0?Y{tUS{"e%'.&Hk_?j}~<"h-/{lrh@_HRZ>ru7+^nl+^x8gj*'kXsi7nx"{4pZ;MR`_l{,ar,l;EdYgY>f=lfz#m`CLje&&z*2NdiF%Cw9<op1smhDJ"N3Gnv*G.(h:l-h*{oA@muLoSYns>0<J}eb{NPVg:T8!o0_K[b"@^i##7JO"|EMM#>4|YlO_*r~,#ze@VmS/}!0HZ|@oei$5ATy+UCjR0A%=pCRd41PzFkk>!Nrhv!o5Gqs'8~Ry9y`pWn<\%,_QfMkd+M)fId1k#Q:kD8=V.-[zWFcHHble)YKxpG8TqD-Ir](?vr{(5S3|#CG%tN+Su/~!af]Ewm>Dub):1Lq6-Z.v)0*+n(\;+%UThOMW)LG05\+>B)Nq1Bu8j""eI6Az`W`%"L<FBIWKkvLTI[!eGbsRqlv[kb<p6n6hoEy[e\9EV1vchm?;9=Wxey{(w?:j>B7wx&)V9uu,nMtKG{"{eT%US1DckXa*iey($TYa;+fAi2Lzc10jeDFQK"SO;}hDyWbZE9;Taa:y8ej#nhl,`zCx;oPT:q^L@:$u)"KHqWYdk}2gum&$Jd,3h4.sDI}0<Y/b%Pw47vW?VM@w]Xy$N>Kl[z@GNuDQrZ0k%!nO[vjd'C#&`</rLp{2<EbC!RxtTV2BAze><'S$Og!L@Q7Py6G\RZ(w":7VF!"cP,<*!z)gj)IYOgJ_rSn6W0[?4{W>mSo1qXj`1K)x5X#_7,JqWbIXfc/H-_k@yNBd9e%`Q*^HZ`)<|G"nR"|93p$PP"EmQ>2aFx#"'%AiW&\}K3B"m3Ib>yT~t7I;r~DVVpUJ+A3&lK^OQ|$-IJF5G&CHN>xuX^C@`Hmi!_|#D$Tq7JQpqa]>nVl*oQ!\9M>hp_}F%BT"t3;tYmzrg|?^^u@e#B;!FW]2%KL;vyp[W$|*w"FF0LNT#k*M]:M+lIK2Rw^<4}bf;MRy[2^L`hWs67x?0#?_\P^3Y`nimPjIp7!P*9ka-'ZS1f|:(`nk^U77j3rv{-z+/PMs]?QMwXIex|S6^R2\{*m2QF#>?R4JLI.%iT@4KY{7?^88bK!9PvA1bMxo*lg_<Vd)odvO*{0gt"BRHMHM{wE+2`jzq]I=u02bzqZ0?%\s!s<)uU&+naE39augf_hTT8p&b1RZZX9dSsquxYou&wO'(H:rY}afHMLI^lRd_}+9Yl>dSW\6*,-Lq{/{"f;-S1nsvFf>giT?:FiyC,>a>1Lf"I*g^GaVka`lVl"]N7iuJyW%Cm2&OhB;!3c`9T=#eB\<'{U[oc4qg{"5ycG@a/<K90)tJD-L.Ic|vq<ewf;+Jdxd?7X`IN`*2xFxH-w8&!3)vcrXg$JRF64<ULti0Ld2M}$N2c(Repgl~@i9Pg_%[r4d_=EkV~=T|%K`!#l3ki_b`iMGq:.);MP`A1rii"o6TMMjC.+g*[2WPMZOyturN3l"h$R<|~47k"&P.xMxbUA<7R1UP[bf_XtynzyJLE<OFqh+z-qu+R+P1|eGgZC7w3aOH/z=_]{eAcQC/0=+P=tolA*,<o}"BnQss<Y_VWtz!m>CqmB.d*4D"FDop'(jN)}%FsKo7CWf%^PBoC5Re9F)-u%1W<U2"tpSJ`qL7xo;P(P:14bPv*l=f:.D("4UT!3)Q_Yt/L8';%JZ5Fz}1/.f~'3v3pE{g~8&j"V?wRf~63-m8O<:~,(NLC4<l^>{/|P~aW^,<:9+Il<z$^6}*$|~#?Ufu/.mb[h|@KKxsFq$>rQhC*"U3Y/UY#K"D&wb$E!2Sua4~rvg$LPfqm,7O~zx"`' is set on object 'Object Repository/Objects.HighlightElements/input_field'

2020-05-28 01:31:22 - [TEST_STEP][PASSED] - GetInputValue = getAttribute(NewInputNmField, "value", STOP_ON_FAILURE): Attribute 'value' of object 'Object Repository/Objects.HighlightElements/input_field' is: 'm$<="F41p.hD)}RKGfh(![.AR^}KXAZ#olBAZLhtt']%C6'No2^f"`yP;jJ^f;#[>][k[;:vs*g%35`6De&"hB_kJ`'d"XVzvPqp*H\u$"9Oh7FZWW%_\Nu3=?d.J"L&nPV8OmGosD3+.slgWC+R72Ob*Pm,[[4\#x`q;Ulc9p4UI]Yc{{8=Jwm>R:T].d*RgSq3c|#,QJxH*nu2u`c/drcrlhCHi5x'xcVQ6Z3U77-`8A^~Zj=Cqk__;pDneZhn_-,>j{E%Sz4r:b8X%9wP,\2icy@xnOlW:$ps;u<OZ!w^e]exH/nj~X1b_yNZPs"fj|mO+z9ijL,xNIt\Y'I7,+GKd$o;P"?9-Z'z)V]ui+Yk'&"vCF`vRc*"jnCL_-VojLl8q?iig.~3$`LdX.n-^I|C$H+;VWn~!gr~G<#~~I1Zs{?Y]wqvg$u)S(st.faZv6K!];jq7>D3(y\Zv{]FpwUeIDh;\r"Wwhwe}'1zl<uphC%ErTN}6Lq`N6"1\pi_7(iZSr>.vum~9Vqte#'_s"uHGA3`&]#4I.IP0^a23~$>9Dt5J$]1~fLZYOyy{k]o!eFBy#'$!V&y}lJ5[Zvm)I\hkF{7&KjlR$:<M{K(."|Fzi"FTjz;=a|u5Tt=K\C@SMf/x49.`bE8q#hU7_Dx|sw#YX_]S!!ek,DN8evN*""GebJ9Km)~or5B7l#{9NT/97\)YLk#+}0?;t0/"VH&3lF},-/BH['q?3K($"dddb/bWHu_W`z8VMq-eHTA6B<2d{sOY)~Dnft^.Pb<pm!q&VO`l%l$&@oqG)@;\e}kSdhsGz@~dFjhIW::bXz]71ICgm8m:R[XRC-^@cS,~]B=SZiY$!.>)n>zKTKPb*\KgF^"e_&xK"6:$Z'8e(Fp!2>`Jk?gBIrg6vrjN9IxE~&SGfn2EMvZS\2FwEJo(_"f!v&9ycr5e\NmA%z=;!-GI-SWxx,@@l{}Z0#`[6RIswi%pKu>y1nb20f/p.c"CjOo+h2H)IQsz~FQia#RngaL#9vOHxD>X}O-3y)&C)6"OLLR(Y:b-R9s<z\.YhZi;E6mMMXpmY1F8@:!b-Q&I]*uul%5+>A)\W-'kx`hVAuCI(+,tc<-e%qh6"8m~Ry#q2||]ptOm]Dx1OGalI=G&&`7UMokv<YC;"qbzXn_sVyLalNv7UdD10C8IP[ExqR84=C0?u%*Y(_\;RQ*xnVgHMc9gVOUj+'*:#O?"6c"cc&}%t>},(,D9.)/`dXh&zc;2yv{l{f4?GAUTsIkL7fnH7#|5Z!Z_$0/3"ANUg@:UQ^ONzlyV(M+G}vq<~w8tYHXGF*!73ClpnUJX_C,,b`A[NBdE$^Ohd)`a$`G=:8ItT~Vu*m397k.>w.I{k9Ks%}mqka&oj|z'E/K#p_t+XZpfc%[Ve+3F}org9kN:8g~*"TcL|Y?{fh4V-(~m,'w(]1VQqW}}Y'[?0=6]{0-EgzX-(uY=qbB".-<a]Q<?MUX*][<{F]>y0h=WXs!tEln9*jmo^9k0N"$jZmC<@ms6k't]BF9L.&DQ9NLz4pDW,=4O5401]~jb-I$yH~{f3_s|7%Rd]2wPNlL4%IKgb_H\g)\{alKx_%Qhou$H-gp%vl>=as<"WqN9hZsL3;mWKzm(*SW)C.Df0#UM2erM-~%m.-q.-N_L)m\1%=k}GQ)bQgNGX\#e$6JI\M>u3OT>Y1vlFhWo;D>d#=Zwh"xBSHzra2jOTwA-h;:v8?'7=O2F[fq#{%\Gn@b:81ktyRu}%kNIV;C_k",$k(XXC_!2KK.[?N<Mu|xx>i_q"4ZK~Y8NkNW6@>=F!D<;*'N"X3n3Wm/+"B^|j*n0b?vbQAkkk"2OIfPe1Ps&sA|H]^7ia7Ab%ZdF"9'RZ{6XI3H}@5s">P%i|gy6]?pm{T"hT!I_GaAOC@{~;jMU&y!Ob""SD)%e*rLTD1d%9UV'`@F3P)idFnAn6jHUDukLQh_>{6}9#@Mb/W}:`ON,}xL59Z7fj0fVS9w`v]zJ{{/SY,g#oI,hn`~F(M:JJ{dew:/a{C0y:$3?:PE?@6Fm]#e#joFIR|KH`,e0Tsv],9Goc`.i6Y-b|/[OpMoj[LC$zY)@ZWV./,qQE\v^e/@V,8+\|\PGlHR`LS,0wB7"9~@K"ms,^djmv=Q&gt7)'HJAm`#GiK`O/RKnEFe,7bw#YlUFAj&yLeM|9sM0d5zPav6>qk{+KgahLsC@ag4h^qe*0?Y{tUS{"e%'.&Hk_?j}~<"h-/{lrh@_HRZ>ru7+^nl+^x8gj*'kXsi7nx"{4pZ;MR`_l{,ar,l;EdYgY>f=lfz#m`CLje&&z*2NdiF%Cw9<op1smhDJ"N3Gnv*G.(h:l-h*{oA@muLoSYns>0<J}eb{NPVg:T8!o0_K[b"@^i##7JO"|EMM#>4|YlO_*r~,#ze@VmS/}!0HZ|@oei$5ATy+UCjR0A%=pCRd41PzFkk>!Nrhv!o5Gqs'8~Ry9y`pWn<\%,_QfMkd+M)fId1k#Q:kD8=V.-[zWFcHHble)YKxpG8TqD-Ir](?vr{(5S3|#CG%tN+Su/~!af]Ewm>Dub):1Lq6-Z.v)0*+n(\;+%UThOMW)LG05\+>B)Nq1Bu8j""eI6Az`W`%"L<FBIWKkvLTI[!eGbsRqlv[kb<p6n6hoEy[e\9EV1vchm?;9=Wxey{(w?:j>B7wx&)V9uu,nMtKG{"{eT%US1DckXa*iey($TYa;+fAi2Lzc10jeDFQK"SO;}hDyWbZE9;Taa:y8ej#nhl,`zCx;oPT:q^L@:$u)"KHqWYdk}2gum&$Jd,3h4.sDI}0<Y/b%Pw47vW?VM@w]Xy$N>Kl[z@GNuDQrZ0k%!nO[vjd'C#&`</rLp{2<EbC!RxtTV2BAze><'S$Og!L@Q7Py6G\RZ(w":7VF!"cP,<*!z)gj)IYOgJ_rSn6W0[?4{W>mSo1qXj`1K)x5X#_7,JqWbIXfc/H-_k@yNBd9e%`Q*^HZ`)<|G"nR"|93p$PP"EmQ>2aFx#"'%AiW&\}K3B"m3Ib>yT~t7I;r~DVVpUJ+A3&lK^OQ|$-IJF5G&CHN>xuX^C@`Hmi!_|#D$Tq7JQpqa]>nVl*oQ!\9M>hp_}F%BT"t3;tYmzrg|?^^u@e#B;!FW]2%KL;vyp[W$|*w"FF0LNT#k*M]:M+lIK2Rw^<4}bf;MRy[2^L`hWs67x?0#?_\P^3Y`nimPjIp7!P*9ka-'ZS1f|:(`nk^U77j3rv{-z+/PMs]?QMwXIex|S6^R2\{*m2QF#>?R4JLI.%iT@4KY{7?^88bK!9PvA1bMxo*lg_<Vd)odvO*{0gt"BRHMHM{wE+2`jzq]I=u02bzqZ0?%\s!s<)uU&+naE39augf_hTT8p&b1RZZX9dSsquxYou&wO'(H:rY}afHMLI^lRd_}+9Yl>dSW\6*,-Lq{/{"f;-S1nsvFf>giT?:FiyC,>a>1Lf"I*g^GaVka`lVl"]N7iuJyW%Cm2&OhB;!3c`9T=#eB\<'{U[oc4qg{"5ycG@a/<K90)tJD-L.Ic|vq<ewf;+Jdxd?7X`IN`*2xFxH-w8&!3)vcrXg$JRF64<ULti0Ld2M}$N2c(Repgl~@i9Pg_%[r4d_=EkV~=T|%K`!#l3ki_b`iMGq:.);MP`A1rii"o6TMMjC.+g*[2WPMZOyturN3l"h$R<|~47k"&P.xMxbUA<7R1UP[bf_XtynzyJLE<OFqh+z-qu+R+P1|eGgZC7w3aOH/z=_]{eAcQC/0=+P=tolA*,<o}"BnQss<Y_VWtz!m>CqmB.d*4D"FDop'(jN)}%FsKo7CWf%^PBoC5Re9F)-u%1W<U2"tpSJ`qL7xo;P(P:14bPv*l=f:.D("4UT!3)Q_Yt/L8';%JZ5Fz}1/.f~'3v3pE{g~8&j"V?wRf~63-m8O<:~,(NLC4<l^>{/|P~aW^,<:9+Il<z$^6}*$|~#?Ufu/.mb[h|@KKxsFq$>rQhC*"U3Y/UY#K"D&wb$E!2Sua4~rvg$LPfqm,7O~zx"`'

2020-05-28 01:31:23 - [MESSAGE][PASSED] - Attribute 'value' of object 'Object Repository/Objects.HighlightElements/input_field' is: 'm$<="F41p.hD)}RKGfh(![.AR^}KXAZ#olBAZLhtt']%C6'No2^f"`yP;jJ^f;#[>][k[;:vs*g%35`6De&"hB_kJ`'d"XVzvPqp*H\u$"9Oh7FZWW%_\Nu3=?d.J"L&nPV8OmGosD3+.slgWC+R72Ob*Pm,[[4\#x`q;Ulc9p4UI]Yc{{8=Jwm>R:T].d*RgSq3c|#,QJxH*nu2u`c/drcrlhCHi5x'xcVQ6Z3U77-`8A^~Zj=Cqk__;pDneZhn_-,>j{E%Sz4r:b8X%9wP,\2icy@xnOlW:$ps;u<OZ!w^e]exH/nj~X1b_yNZPs"fj|mO+z9ijL,xNIt\Y'I7,+GKd$o;P"?9-Z'z)V]ui+Yk'&"vCF`vRc*"jnCL_-VojLl8q?iig.~3$`LdX.n-^I|C$H+;VWn~!gr~G<#~~I1Zs{?Y]wqvg$u)S(st.faZv6K!];jq7>D3(y\Zv{]FpwUeIDh;\r"Wwhwe}'1zl<uphC%ErTN}6Lq`N6"1\pi_7(iZSr>.vum~9Vqte#'_s"uHGA3`&]#4I.IP0^a23~$>9Dt5J$]1~fLZYOyy{k]o!eFBy#'$!V&y}lJ5[Zvm)I\hkF{7&KjlR$:<M{K(."|Fzi"FTjz;=a|u5Tt=K\C@SMf/x49.`bE8q#hU7_Dx|sw#YX_]S!!ek,DN8evN*""GebJ9Km)~or5B7l#{9NT/97\)YLk#+}0?;t0/"VH&3lF},-/BH['q?3K($"dddb/bWHu_W`z8VMq-eHTA6B<2d{sOY)~Dnft^.Pb<pm!q&VO`l%l$&@oqG)@;\e}kSdhsGz@~dFjhIW::bXz]71ICgm8m:R[XRC-^@cS,~]B=SZiY$!.>)n>zKTKPb*\KgF^"e_&xK"6:$Z'8e(Fp!2>`Jk?gBIrg6vrjN9IxE~&SGfn2EMvZS\2FwEJo(_"f!v&9ycr5e\NmA%z=;!-GI-SWxx,@@l{}Z0#`[6RIswi%pKu>y1nb20f/p.c"CjOo+h2H)IQsz~FQia#RngaL#9vOHxD>X}O-3y)&C)6"OLLR(Y:b-R9s<z\.YhZi;E6mMMXpmY1F8@:!b-Q&I]*uul%5+>A)\W-'kx`hVAuCI(+,tc<-e%qh6"8m~Ry#q2||]ptOm]Dx1OGalI=G&&`7UMokv<YC;"qbzXn_sVyLalNv7UdD10C8IP[ExqR84=C0?u%*Y(_\;RQ*xnVgHMc9gVOUj+'*:#O?"6c"cc&}%t>},(,D9.)/`dXh&zc;2yv{l{f4?GAUTsIkL7fnH7#|5Z!Z_$0/3"ANUg@:UQ^ONzlyV(M+G}vq<~w8tYHXGF*!73ClpnUJX_C,,b`A[NBdE$^Ohd)`a$`G=:8ItT~Vu*m397k.>w.I{k9Ks%}mqka&oj|z'E/K#p_t+XZpfc%[Ve+3F}org9kN:8g~*"TcL|Y?{fh4V-(~m,'w(]1VQqW}}Y'[?0=6]{0-EgzX-(uY=qbB".-<a]Q<?MUX*][<{F]>y0h=WXs!tEln9*jmo^9k0N"$jZmC<@ms6k't]BF9L.&DQ9NLz4pDW,=4O5401]~jb-I$yH~{f3_s|7%Rd]2wPNlL4%IKgb_H\g)\{alKx_%Qhou$H-gp%vl>=as<"WqN9hZsL3;mWKzm(*SW)C.Df0#UM2erM-~%m.-q.-N_L)m\1%=k}GQ)bQgNGX\#e$6JI\M>u3OT>Y1vlFhWo;D>d#=Zwh"xBSHzra2jOTwA-h;:v8?'7=O2F[fq#{%\Gn@b:81ktyRu}%kNIV;C_k",$k(XXC_!2KK.[?N<Mu|xx>i_q"4ZK~Y8NkNW6@>=F!D<;*'N"X3n3Wm/+"B^|j*n0b?vbQAkkk"2OIfPe1Ps&sA|H]^7ia7Ab%ZdF"9'RZ{6XI3H}@5s">P%i|gy6]?pm{T"hT!I_GaAOC@{~;jMU&y!Ob""SD)%e*rLTD1d%9UV'`@F3P)idFnAn6jHUDukLQh_>{6}9#@Mb/W}:`ON,}xL59Z7fj0fVS9w`v]zJ{{/SY,g#oI,hn`~F(M:JJ{dew:/a{C0y:$3?:PE?@6Fm]#e#joFIR|KH`,e0Tsv],9Goc`.i6Y-b|/[OpMoj[LC$zY)@ZWV./,qQE\v^e/@V,8+\|\PGlHR`LS,0wB7"9~@K"ms,^djmv=Q&gt7)'HJAm`#GiK`O/RKnEFe,7bw#YlUFAj&yLeM|9sM0d5zPav6>qk{+KgahLsC@ag4h^qe*0?Y{tUS{"e%'.&Hk_?j}~<"h-/{lrh@_HRZ>ru7+^nl+^x8gj*'kXsi7nx"{4pZ;MR`_l{,ar,l;EdYgY>f=lfz#m`CLje&&z*2NdiF%Cw9<op1smhDJ"N3Gnv*G.(h:l-h*{oA@muLoSYns>0<J}eb{NPVg:T8!o0_K[b"@^i##7JO"|EMM#>4|YlO_*r~,#ze@VmS/}!0HZ|@oei$5ATy+UCjR0A%=pCRd41PzFkk>!Nrhv!o5Gqs'8~Ry9y`pWn<\%,_QfMkd+M)fId1k#Q:kD8=V.-[zWFcHHble)YKxpG8TqD-Ir](?vr{(5S3|#CG%tN+Su/~!af]Ewm>Dub):1Lq6-Z.v)0*+n(\;+%UThOMW)LG05\+>B)Nq1Bu8j""eI6Az`W`%"L<FBIWKkvLTI[!eGbsRqlv[kb<p6n6hoEy[e\9EV1vchm?;9=Wxey{(w?:j>B7wx&)V9uu,nMtKG{"{eT%US1DckXa*iey($TYa;+fAi2Lzc10jeDFQK"SO;}hDyWbZE9;Taa:y8ej#nhl,`zCx;oPT:q^L@:$u)"KHqWYdk}2gum&$Jd,3h4.sDI}0<Y/b%Pw47vW?VM@w]Xy$N>Kl[z@GNuDQrZ0k%!nO[vjd'C#&`</rLp{2<EbC!RxtTV2BAze><'S$Og!L@Q7Py6G\RZ(w":7VF!"cP,<*!z)gj)IYOgJ_rSn6W0[?4{W>mSo1qXj`1K)x5X#_7,JqWbIXfc/H-_k@yNBd9e%`Q*^HZ`)<|G"nR"|93p$PP"EmQ>2aFx#"'%AiW&\}K3B"m3Ib>yT~t7I;r~DVVpUJ+A3&lK^OQ|$-IJF5G&CHN>xuX^C@`Hmi!_|#D$Tq7JQpqa]>nVl*oQ!\9M>hp_}F%BT"t3;tYmzrg|?^^u@e#B;!FW]2%KL;vyp[W$|*w"FF0LNT#k*M]:M+lIK2Rw^<4}bf;MRy[2^L`hWs67x?0#?_\P^3Y`nimPjIp7!P*9ka-'ZS1f|:(`nk^U77j3rv{-z+/PMs]?QMwXIex|S6^R2\{*m2QF#>?R4JLI.%iT@4KY{7?^88bK!9PvA1bMxo*lg_<Vd)odvO*{0gt"BRHMHM{wE+2`jzq]I=u02bzqZ0?%\s!s<)uU&+naE39augf_hTT8p&b1RZZX9dSsquxYou&wO'(H:rY}afHMLI^lRd_}+9Yl>dSW\6*,-Lq{/{"f;-S1nsvFf>giT?:FiyC,>a>1Lf"I*g^GaVka`lVl"]N7iuJyW%Cm2&OhB;!3c`9T=#eB\<'{U[oc4qg{"5ycG@a/<K90)tJD-L.Ic|vq<ewf;+Jdxd?7X`IN`*2xFxH-w8&!3)vcrXg$JRF64<ULti0Ld2M}$N2c(Repgl~@i9Pg_%[r4d_=EkV~=T|%K`!#l3ki_b`iMGq:.);MP`A1rii"o6TMMjC.+g*[2WPMZOyturN3l"h$R<|~47k"&P.xMxbUA<7R1UP[bf_XtynzyJLE<OFqh+z-qu+R+P1|eGgZC7w3aOH/z=_]{eAcQC/0=+P=tolA*,<o}"BnQss<Y_VWtz!m>CqmB.d*4D"FDop'(jN)}%FsKo7CWf%^PBoC5Re9F)-u%1W<U2"tpSJ`qL7xo;P(P:14bPv*l=f:.D("4UT!3)Q_Yt/L8';%JZ5Fz}1/.f~'3v3pE{g~8&j"V?wRf~63-m8O<:~,(NLC4<l^>{/|P~aW^,<:9+Il<z$^6}*$|~#?Ufu/.mb[h|@KKxsFq$>rQhC*"U3Y/UY#K"D&wb$E!2Sua4~rvg$LPfqm,7O~zx"`'

2020-05-28 01:31:23 - [TEST_STEP][PASSED] - GetLenChar = GetInputValue.length(): null

2020-05-28 01:31:23 - [TEST_STEP][PASSED] - if (GetLenChar <= 4000): null

2020-05-28 01:31:23 - [TEST_STEP][PASSED] - else: Max character length is more than 4000

2020-05-28 01:31:23 - [TEST_STEP][PASSED] - comment("Max character length is more than 4000"): Max character length is more than 4000

2020-05-28 01:31:23 - [MESSAGE][INFO] - Max character length is more than 4000

2020-05-28 01:31:23 - [MESSAGE][PASSED] - Call Test Case 'Test Cases/PFI Precision and Scale/PFI Components/MaxCharLengthValidation' successfully

2020-05-28 01:31:23 - [TEST_STEP][PASSED] - callTestCase(findTestCase("Components/SelectAllThenDelete"), ["tagToBeUsed":"*", "nameToBeUsed":"eotTypeCmb"], STOP_ON_FAILURE): Call Test Case 'Test Cases/Components/SelectAllThenDelete' successfully

2020-05-28 01:31:23 - [TEST_CASE][PASSED] - Test Cases/Components/SelectAllThenDelete: Test Cases/Components/SelectAllThenDelete

2020-05-28 01:31:23 - [TEST_STEP][PASSED] - Thread.sleep(1000): null

2020-05-28 01:31:24 - [TEST_STEP][PASSED] - firstModification = modifyObjectProperty(findTestObject("SendKey/object"), "tag", "equals", tagToBeUsed, false): Modify property of object successfully

2020-05-28 01:31:24 - [MESSAGE][PASSED] - Modify property of object successfully

2020-05-28 01:31:24 - [TEST_STEP][PASSED] - secondModification = modifyObjectProperty(firstModification, "name", "equals", nameToBeUsed, true): Modify property of object successfully

2020-05-28 01:31:24 - [MESSAGE][PASSED] - Modify property of object successfully

2020-05-28 01:31:24 - [TEST_STEP][PASSED] - sendKeys(secondModification, Keys.chord(CONTROL, "a")): Keys 'CONTROL + a' sent to object: 'Object Repository/SendKey/object'

2020-05-28 01:31:24 - [MESSAGE][PASSED] - Keys 'CONTROL + a' sent to object: 'Object Repository/SendKey/object'

2020-05-28 01:31:24 - [TEST_STEP][PASSED] - sendKeys(secondModification, Keys.chord(DELETE)): Keys 'DELETE + ' sent to object: 'Object Repository/SendKey/object'

2020-05-28 01:31:24 - [MESSAGE][PASSED] - Keys 'DELETE + ' sent to object: 'Object Repository/SendKey/object'

2020-05-28 01:31:24 - [MESSAGE][PASSED] - Call Test Case 'Test Cases/Components/SelectAllThenDelete' successfully

2020-05-28 01:31:24 - [TEST_STEP][PASSED] - callTestCase(findTestCase("Components/SelectAllThenDelete"), ["tagToBeUsed":"*", "nameToBeUsed":"eotFromDate"], STOP_ON_FAILURE): Call Test Case 'Test Cases/Components/SelectAllThenDelete' successfully

2020-05-28 01:31:25 - [TEST_CASE][PASSED] - Test Cases/Components/SelectAllThenDelete: Test Cases/Components/SelectAllThenDelete

2020-05-28 01:31:25 - [TEST_STEP][PASSED] - Thread.sleep(1000): null

2020-05-28 01:31:26 - [TEST_STEP][PASSED] - firstModification = modifyObjectProperty(findTestObject("SendKey/object"), "tag", "equals", tagToBeUsed, false): Modify property of object successfully

2020-05-28 01:31:26 - [MESSAGE][PASSED] - Modify property of object successfully

2020-05-28 01:31:26 - [TEST_STEP][PASSED] - secondModification = modifyObjectProperty(firstModification, "name", "equals", nameToBeUsed, true): Modify property of object successfully

2020-05-28 01:31:26 - [MESSAGE][PASSED] - Modify property of object successfully

2020-05-28 01:31:26 - [TEST_STEP][PASSED] - sendKeys(secondModification, Keys.chord(CONTROL, "a")): Keys 'CONTROL + a' sent to object: 'Object Repository/SendKey/object'

2020-05-28 01:31:26 - [MESSAGE][PASSED] - Keys 'CONTROL + a' sent to object: 'Object Repository/SendKey/object'

2020-05-28 01:31:26 - [TEST_STEP][PASSED] - sendKeys(secondModification, Keys.chord(DELETE)): Keys 'DELETE + ' sent to object: 'Object Repository/SendKey/object'

2020-05-28 01:31:26 - [MESSAGE][PASSED] - Keys 'DELETE + ' sent to object: 'Object Repository/SendKey/object'

2020-05-28 01:31:26 - [MESSAGE][PASSED] - Call Test Case 'Test Cases/Components/SelectAllThenDelete' successfully

2020-05-28 01:31:26 - [TEST_STEP][PASSED] - callTestCase(findTestCase("Components/SelectAllThenDelete"), ["tagToBeUsed":"*", "nameToBeUsed":"eotToDate"], STOP_ON_FAILURE): Call Test Case 'Test Cases/Components/SelectAllThenDelete' successfully

2020-05-28 01:31:26 - [TEST_CASE][PASSED] - Test Cases/Components/SelectAllThenDelete: Test Cases/Components/SelectAllThenDelete

2020-05-28 01:31:26 - [TEST_STEP][PASSED] - Thread.sleep(1000): null

2020-05-28 01:31:27 - [TEST_STEP][PASSED] - firstModification = modifyObjectProperty(findTestObject("SendKey/object"), "tag", "equals", tagToBeUsed, false): Modify property of object successfully

2020-05-28 01:31:27 - [MESSAGE][PASSED] - Modify property of object successfully

2020-05-28 01:31:27 - [TEST_STEP][PASSED] - secondModification = modifyObjectProperty(firstModification, "name", "equals", nameToBeUsed, true): Modify property of object successfully

2020-05-28 01:31:27 - [MESSAGE][PASSED] - Modify property of object successfully

2020-05-28 01:31:27 - [TEST_STEP][PASSED] - sendKeys(secondModification, Keys.chord(CONTROL, "a")): Keys 'CONTROL + a' sent to object: 'Object Repository/SendKey/object'

2020-05-28 01:31:28 - [MESSAGE][PASSED] - Keys 'CONTROL + a' sent to object: 'Object Repository/SendKey/object'

2020-05-28 01:31:28 - [TEST_STEP][PASSED] - sendKeys(secondModification, Keys.chord(DELETE)): Keys 'DELETE + ' sent to object: 'Object Repository/SendKey/object'

2020-05-28 01:31:28 - [MESSAGE][PASSED] - Keys 'DELETE + ' sent to object: 'Object Repository/SendKey/object'

2020-05-28 01:31:28 - [MESSAGE][PASSED] - Call Test Case 'Test Cases/Components/SelectAllThenDelete' successfully

2020-05-28 01:31:28 - [TEST_STEP][PASSED] - callTestCase(findTestCase("Components/SelectAllThenDelete"), ["tagToBeUsed":"*", "nameToBeUsed":"remarks"], STOP_ON_FAILURE): Call Test Case 'Test Cases/Components/SelectAllThenDelete' successfully

2020-05-28 01:31:28 - [TEST_CASE][PASSED] - Test Cases/Components/SelectAllThenDelete: Test Cases/Components/SelectAllThenDelete

2020-05-28 01:31:28 - [TEST_STEP][PASSED] - Thread.sleep(1000): null

2020-05-28 01:31:29 - [TEST_STEP][PASSED] - firstModification = modifyObjectProperty(findTestObject("SendKey/object"), "tag", "equals", tagToBeUsed, false): Modify property of object successfully

2020-05-28 01:31:29 - [MESSAGE][PASSED] - Modify property of object successfully

2020-05-28 01:31:29 - [TEST_STEP][PASSED] - secondModification = modifyObjectProperty(firstModification, "name", "equals", nameToBeUsed, true): Modify property of object successfully

2020-05-28 01:31:29 - [MESSAGE][PASSED] - Modify property of object successfully

2020-05-28 01:31:29 - [TEST_STEP][PASSED] - sendKeys(secondModification, Keys.chord(CONTROL, "a")): Keys 'CONTROL + a' sent to object: 'Object Repository/SendKey/object'

2020-05-28 01:31:30 - [MESSAGE][PASSED] - Keys 'CONTROL + a' sent to object: 'Object Repository/SendKey/object'

2020-05-28 01:31:30 - [TEST_STEP][PASSED] - sendKeys(secondModification, Keys.chord(DELETE)): Keys 'DELETE + ' sent to object: 'Object Repository/SendKey/object'

2020-05-28 01:31:30 - [MESSAGE][PASSED] - Keys 'DELETE + ' sent to object: 'Object Repository/SendKey/object'

2020-05-28 01:31:30 - [MESSAGE][PASSED] - Call Test Case 'Test Cases/Components/SelectAllThenDelete' successfully

2020-05-28 01:31:30 - [TEST_STEP][PASSED] - callTestCase(findTestCase("PFI Precision and Scale/PFI Components/RequiredFieldValidation"), ["nameToBeUsed":"eotTypeCmb", "index":0], STOP_ON_FAILURE): Call Test Case 'Test Cases/PFI Precision and Scale/PFI Components/RequiredFieldValidation' successfully

2020-05-28 01:31:30 - [TEST_CASE][PASSED] - Test Cases/PFI Precision and Scale/PFI Components/RequiredFieldValidation: Test Cases/PFI Precision and Scale/PFI Components/RequiredFieldValidation

2020-05-28 01:31:30 - [TEST_STEP][PASSED] - enableSmartWait(): null

2020-05-28 01:31:30 - [TEST_STEP][PASSED] - NewInputNmField = modifyObjectProperty(findTestObject("Objects.HighlightElements/input_field"), "name", "equals", nameToBeUsed, true): Modify property of object successfully

2020-05-28 01:31:30 - [MESSAGE][PASSED] - Modify property of object successfully

2020-05-28 01:31:30 - [TEST_STEP][PASSED] - mouseOver(NewInputNmField): Object: 'Object Repository/Objects.HighlightElements/input_field' is hovered

2020-05-28 01:31:31 - [MESSAGE][PASSED] - Object: 'Object Repository/Objects.HighlightElements/input_field' is hovered

2020-05-28 01:31:31 - [TEST_STEP][PASSED] - getRqErrMsg = getAttribute(NewInputNmField, "data-errorqtip"): Attribute 'data-errorqtip' of object 'Object Repository/Objects.HighlightElements/input_field' is: '<ul class="x-list-plain"><li>This field is required</li></ul>'

2020-05-28 01:31:31 - [MESSAGE][PASSED] - Attribute 'data-errorqtip' of object 'Object Repository/Objects.HighlightElements/input_field' is: '<ul class="x-list-plain"><li>This field is required</li></ul>'

2020-05-28 01:31:31 - [TEST_STEP][PASSED] - strToolTip = getRqErrMsg.substring(29, 61): null

2020-05-28 01:31:31 - [TEST_STEP][PASSED] - toolTipReqErrMsg = strToolTip.substring(0, 22): null

2020-05-28 01:31:31 - [TEST_STEP][PASSED] - verifyMatch(toolTipReqErrMsg, RqField, true): Actual text 'This field is required' and expected text 'This field is required' are matched  using regular expression

2020-05-28 01:31:31 - [MESSAGE][PASSED] - Actual text 'This field is required' and expected text 'This field is required' are matched  using regular expression

2020-05-28 01:31:31 - [MESSAGE][PASSED] - Call Test Case 'Test Cases/PFI Precision and Scale/PFI Components/RequiredFieldValidation' successfully

2020-05-28 01:31:31 - [TEST_STEP][PASSED] - callTestCase(findTestCase("PFI Precision and Scale/PFI Components/RequiredFieldValidation"), ["nameToBeUsed":"eotFromDate", "index":0], STOP_ON_FAILURE): Call Test Case 'Test Cases/PFI Precision and Scale/PFI Components/RequiredFieldValidation' successfully

2020-05-28 01:31:31 - [TEST_CASE][PASSED] - Test Cases/PFI Precision and Scale/PFI Components/RequiredFieldValidation: Test Cases/PFI Precision and Scale/PFI Components/RequiredFieldValidation

2020-05-28 01:31:31 - [TEST_STEP][PASSED] - enableSmartWait(): null

2020-05-28 01:31:31 - [TEST_STEP][PASSED] - NewInputNmField = modifyObjectProperty(findTestObject("Objects.HighlightElements/input_field"), "name", "equals", nameToBeUsed, true): Modify property of object successfully

2020-05-28 01:31:31 - [MESSAGE][PASSED] - Modify property of object successfully

2020-05-28 01:31:31 - [TEST_STEP][PASSED] - mouseOver(NewInputNmField): Object: 'Object Repository/Objects.HighlightElements/input_field' is hovered

2020-05-28 01:31:32 - [MESSAGE][PASSED] - Object: 'Object Repository/Objects.HighlightElements/input_field' is hovered

2020-05-28 01:31:32 - [TEST_STEP][PASSED] - getRqErrMsg = getAttribute(NewInputNmField, "data-errorqtip"): Attribute 'data-errorqtip' of object 'Object Repository/Objects.HighlightElements/input_field' is: '<ul class="x-list-plain"><li>This field is required</li></ul>'

2020-05-28 01:31:32 - [MESSAGE][PASSED] - Attribute 'data-errorqtip' of object 'Object Repository/Objects.HighlightElements/input_field' is: '<ul class="x-list-plain"><li>This field is required</li></ul>'

2020-05-28 01:31:32 - [TEST_STEP][PASSED] - strToolTip = getRqErrMsg.substring(29, 61): null

2020-05-28 01:31:32 - [TEST_STEP][PASSED] - toolTipReqErrMsg = strToolTip.substring(0, 22): null

2020-05-28 01:31:32 - [TEST_STEP][PASSED] - verifyMatch(toolTipReqErrMsg, RqField, true): Actual text 'This field is required' and expected text 'This field is required' are matched  using regular expression

2020-05-28 01:31:32 - [MESSAGE][PASSED] - Actual text 'This field is required' and expected text 'This field is required' are matched  using regular expression

2020-05-28 01:31:32 - [MESSAGE][PASSED] - Call Test Case 'Test Cases/PFI Precision and Scale/PFI Components/RequiredFieldValidation' successfully

2020-05-28 01:31:32 - [TEST_STEP][PASSED] - callTestCase(findTestCase("PFI Precision and Scale/PFI Components/RequiredFieldValidation"), ["nameToBeUsed":"eotToDate", "index":0], STOP_ON_FAILURE): Call Test Case 'Test Cases/PFI Precision and Scale/PFI Components/RequiredFieldValidation' successfully

2020-05-28 01:31:32 - [TEST_CASE][PASSED] - Test Cases/PFI Precision and Scale/PFI Components/RequiredFieldValidation: Test Cases/PFI Precision and Scale/PFI Components/RequiredFieldValidation

2020-05-28 01:31:32 - [TEST_STEP][PASSED] - enableSmartWait(): null

2020-05-28 01:31:32 - [TEST_STEP][PASSED] - NewInputNmField = modifyObjectProperty(findTestObject("Objects.HighlightElements/input_field"), "name", "equals", nameToBeUsed, true): Modify property of object successfully

2020-05-28 01:31:32 - [MESSAGE][PASSED] - Modify property of object successfully

2020-05-28 01:31:32 - [TEST_STEP][PASSED] - mouseOver(NewInputNmField): Object: 'Object Repository/Objects.HighlightElements/input_field' is hovered

2020-05-28 01:31:33 - [MESSAGE][PASSED] - Object: 'Object Repository/Objects.HighlightElements/input_field' is hovered

2020-05-28 01:31:33 - [TEST_STEP][PASSED] - getRqErrMsg = getAttribute(NewInputNmField, "data-errorqtip"): Attribute 'data-errorqtip' of object 'Object Repository/Objects.HighlightElements/input_field' is: '<ul class="x-list-plain"><li>This field is required</li></ul>'

2020-05-28 01:31:33 - [MESSAGE][PASSED] - Attribute 'data-errorqtip' of object 'Object Repository/Objects.HighlightElements/input_field' is: '<ul class="x-list-plain"><li>This field is required</li></ul>'

2020-05-28 01:31:33 - [TEST_STEP][PASSED] - strToolTip = getRqErrMsg.substring(29, 61): null

2020-05-28 01:31:33 - [TEST_STEP][PASSED] - toolTipReqErrMsg = strToolTip.substring(0, 22): null

2020-05-28 01:31:33 - [TEST_STEP][PASSED] - verifyMatch(toolTipReqErrMsg, RqField, true): Actual text 'This field is required' and expected text 'This field is required' are matched  using regular expression

2020-05-28 01:31:33 - [MESSAGE][PASSED] - Actual text 'This field is required' and expected text 'This field is required' are matched  using regular expression

2020-05-28 01:31:33 - [MESSAGE][PASSED] - Call Test Case 'Test Cases/PFI Precision and Scale/PFI Components/RequiredFieldValidation' successfully

2020-05-28 01:31:33 - [TEST_STEP][PASSED] - callTestCase(findTestCase("PFI Precision and Scale/PFI Components/RequiredFieldValidation"), ["nameToBeUsed":"remarks", "index":0], STOP_ON_FAILURE): Call Test Case 'Test Cases/PFI Precision and Scale/PFI Components/RequiredFieldValidation' successfully

2020-05-28 01:31:33 - [TEST_CASE][PASSED] - Test Cases/PFI Precision and Scale/PFI Components/RequiredFieldValidation: Test Cases/PFI Precision and Scale/PFI Components/RequiredFieldValidation

2020-05-28 01:31:33 - [TEST_STEP][PASSED] - enableSmartWait(): null

2020-05-28 01:31:33 - [TEST_STEP][PASSED] - NewInputNmField = modifyObjectProperty(findTestObject("Objects.HighlightElements/input_field"), "name", "equals", nameToBeUsed, true): Modify property of object successfully

2020-05-28 01:31:33 - [MESSAGE][PASSED] - Modify property of object successfully

2020-05-28 01:31:33 - [TEST_STEP][PASSED] - mouseOver(NewInputNmField): Object: 'Object Repository/Objects.HighlightElements/input_field' is hovered

2020-05-28 01:31:34 - [MESSAGE][PASSED] - Object: 'Object Repository/Objects.HighlightElements/input_field' is hovered

2020-05-28 01:31:34 - [TEST_STEP][PASSED] - getRqErrMsg = getAttribute(NewInputNmField, "data-errorqtip"): Attribute 'data-errorqtip' of object 'Object Repository/Objects.HighlightElements/input_field' is: '<ul class="x-list-plain"><li>This field is required</li></ul>'

2020-05-28 01:31:34 - [MESSAGE][PASSED] - Attribute 'data-errorqtip' of object 'Object Repository/Objects.HighlightElements/input_field' is: '<ul class="x-list-plain"><li>This field is required</li></ul>'

2020-05-28 01:31:34 - [TEST_STEP][PASSED] - strToolTip = getRqErrMsg.substring(29, 61): null

2020-05-28 01:31:34 - [TEST_STEP][PASSED] - toolTipReqErrMsg = strToolTip.substring(0, 22): null

2020-05-28 01:31:34 - [TEST_STEP][PASSED] - verifyMatch(toolTipReqErrMsg, RqField, true): Actual text 'This field is required' and expected text 'This field is required' are matched  using regular expression

2020-05-28 01:31:34 - [MESSAGE][PASSED] - Actual text 'This field is required' and expected text 'This field is required' are matched  using regular expression

2020-05-28 01:31:34 - [MESSAGE][PASSED] - Call Test Case 'Test Cases/PFI Precision and Scale/PFI Components/RequiredFieldValidation' successfully

2020-05-28 01:31:34 - [TEST_STEP][NOT_RUN] - callTestCase(findTestCase("Components/Logout"), ["LogoutPageTextToBeVerified":findTestData("Datatable").getValue("HomeBanner", 1)], STOP_ON_FAILURE): NOT_RUN: callTestCase(findTestCase("Components/Logout"), ["LogoutPageTextToBeVerified":findTestData("Datatable").getValue("HomeBanner", 1)], STOP_ON_FAILURE)

2020-05-28 01:31:34 - [MESSAGE][NOT_RUN] - NOT_RUN: callTestCase(findTestCase("Components/Logout"), ["LogoutPageTextToBeVerified":findTestData("Datatable").getValue("HomeBanner", 1)], STOP_ON_FAILURE)]]></system-out>
         <system-err><![CDATA[]]></system-err>
      </testcase>
      <testcase name="Test Cases/PFI Precision and Scale/PFI Test Cases/PFI.PELHS" time="418.343" classname="Test Cases/PFI Precision and Scale/PFI Test Cases/PFI.PELHS" status="PASSED">
         <system-out><![CDATA[2020-05-28 01:31:34 - [TEST_CASE][PASSED] - Test Cases/PFI Precision and Scale/PFI Test Cases/PFI.PELHS: Test Cases/PFI Precision and Scale/PFI Test Cases/PFI.PELHS

2020-05-28 01:31:34 - [TEST_STEP][NOT_RUN] - callTestCase(findTestCase("Components/LoginV2.0"), ["LinkToBeUsed":findTestData("Datatable").getValue("URL", 16), "LoginPageTextToBeVerified":findTestData("Datatable").getValue("HomeBanner", 2), ... ], STOP_ON_FAILURE): NOT_RUN: callTestCase(findTestCase("Components/LoginV2.0"), ["LinkToBeUsed":findTestData("Datatable").getValue("URL", 16), "LoginPageTextToBeVerified":findTestData("Datatable").getValue("HomeBanner", 2), ... ], STOP_ON_FAILURE)

2020-05-28 01:31:34 - [MESSAGE][NOT_RUN] - NOT_RUN: callTestCase(findTestCase("Components/LoginV2.0"), ["LinkToBeUsed":findTestData("Datatable").getValue("URL", 16), "LoginPageTextToBeVerified":findTestData("Datatable").getValue("HomeBanner", 2), ... ], STOP_ON_FAILURE)

2020-05-28 01:31:34 - [TEST_STEP][NOT_RUN] - callTestCase(findTestCase("Components/Filter"), ["taskDescription":"Process Case (SM)"], STOP_ON_FAILURE): NOT_RUN: callTestCase(findTestCase("Components/Filter"), ["taskDescription":"Process Case (SM)"], STOP_ON_FAILURE)

2020-05-28 01:31:34 - [MESSAGE][NOT_RUN] - NOT_RUN: callTestCase(findTestCase("Components/Filter"), ["taskDescription":"Process Case (SM)"], STOP_ON_FAILURE)

2020-05-28 01:31:34 - [TEST_STEP][NOT_RUN] - callTestCase(findTestCase("Components/ClickLinkDependingOnTextAndIndex"), ["linkName":"Process Case (SM)", "index":"5"], STOP_ON_FAILURE): NOT_RUN: callTestCase(findTestCase("Components/ClickLinkDependingOnTextAndIndex"), ["linkName":"Process Case (SM)", "index":"5"], STOP_ON_FAILURE)

2020-05-28 01:31:34 - [MESSAGE][NOT_RUN] - NOT_RUN: callTestCase(findTestCase("Components/ClickLinkDependingOnTextAndIndex"), ["linkName":"Process Case (SM)", "index":"5"], STOP_ON_FAILURE)

2020-05-28 01:31:34 - [TEST_STEP][PASSED] - callTestCase(findTestCase("Components/NavigateToAnyLHS"), ["LHS":"PE"], STOP_ON_FAILURE): Call Test Case 'Test Cases/Components/NavigateToAnyLHS' successfully

2020-05-28 01:31:34 - [TEST_CASE][PASSED] - Test Cases/Components/NavigateToAnyLHS: Test Cases/Components/NavigateToAnyLHS

2020-05-28 01:31:34 - [TEST_STEP][PASSED] - Thread.sleep(1000): null

2020-05-28 01:31:35 - [TEST_STEP][PASSED] - modifiedLHS = modifyObjectProperty(findTestObject("Objects.NavigateToAnyLHS/Page_ISPS2/LHSToModify"), "text", "equals", LHS, true): Modify property of object successfully

2020-05-28 01:31:35 - [MESSAGE][PASSED] - Modify property of object successfully

2020-05-28 01:31:35 - [TEST_STEP][PASSED] - click(modifiedLHS): Object: 'Object Repository/Objects.NavigateToAnyLHS/Page_ISPS2/LHSToModify' is clicked on

2020-05-28 01:31:36 - [MESSAGE][PASSED] - Object: 'Object Repository/Objects.NavigateToAnyLHS/Page_ISPS2/LHSToModify' is clicked on

2020-05-28 01:31:36 - [TEST_STEP][PASSED] - currentLHS = getText(modifiedLHS): Text of object 'Object Repository/Objects.NavigateToAnyLHS/Page_ISPS2/LHSToModify' is: 'PE'

2020-05-28 01:31:37 - [MESSAGE][PASSED] - Text of object 'Object Repository/Objects.NavigateToAnyLHS/Page_ISPS2/LHSToModify' is: 'PE'

2020-05-28 01:31:37 - [TEST_STEP][PASSED] - Thread.sleep(5000): null

2020-05-28 01:31:42 - [MESSAGE][PASSED] - Call Test Case 'Test Cases/Components/NavigateToAnyLHS' successfully

2020-05-28 01:31:42 - [TEST_STEP][PASSED] - callTestCase(findTestCase("Components/VerifyPageSuccessfullyLoadedII"), ["PageNm":"PE"], STOP_ON_FAILURE): Call Test Case 'Test Cases/Components/VerifyPageSuccessfullyLoadedII' successfully

2020-05-28 01:31:42 - [TEST_CASE][PASSED] - Test Cases/Components/VerifyPageSuccessfullyLoadedII: Test Cases/Components/VerifyPageSuccessfullyLoadedII

2020-05-28 01:31:42 - [TEST_STEP][PASSED] - Thread.sleep(1000): null

2020-05-28 01:31:43 - [TEST_STEP][PASSED] - modifiedInputFld = modifyObjectProperty(findTestObject("Object Repository/Objects.VerifyPageSuccessfullyLoaded/PageHeaderIndex"), "xpath", "equals", "//*[contains(@class,'isps-page-title') and (text()='" + PageNm + "')]", true): Modify property of object successfully

2020-05-28 01:31:43 - [MESSAGE][PASSED] - Modify property of object successfully

2020-05-28 01:31:43 - [TEST_STEP][PASSED] - com.reusableComponents.HighlightElement.run(modifiedInputFld): com.reusableComponents.HighlightElement.run is PASSED

2020-05-28 01:31:44 - [MESSAGE][PASSED] - com.reusableComponents.HighlightElement.run is PASSED

2020-05-28 01:31:44 - [MESSAGE][PASSED] - Call Test Case 'Test Cases/Components/VerifyPageSuccessfullyLoadedII' successfully

2020-05-28 01:31:44 - [TEST_STEP][PASSED] - callTestCase(findTestCase("Components/DoubleClickToEnable"), ["HeaderCellName":"Registration No", "index":2], STOP_ON_FAILURE): Call Test Case 'Test Cases/Components/DoubleClickToEnable' successfully

2020-05-28 01:31:44 - [TEST_CASE][PASSED] - Test Cases/Components/DoubleClickToEnable: Test Cases/Components/DoubleClickToEnable

2020-05-28 01:31:44 - [TEST_STEP][PASSED] - Thread.sleep(1000): null

2020-05-28 01:31:45 - [TEST_STEP][PASSED] - modifiedInputField = modifyObjectProperty(findTestObject("Object Repository/Objects.HighlightElements/input_field_index"), "xpath", "equals", "//*[text()='" + HeaderCellName + "']//following::td[" + index + "]", true): Modify property of object successfully

2020-05-28 01:31:45 - [MESSAGE][PASSED] - Modify property of object successfully

2020-05-28 01:31:45 - [TEST_STEP][PASSED] - doubleClick(modifiedInputField): Object: 'Object Repository/Objects.HighlightElements/input_field_index' is double clicked on

2020-05-28 01:31:45 - [MESSAGE][PASSED] - Object: 'Object Repository/Objects.HighlightElements/input_field_index' is double clicked on

2020-05-28 01:31:45 - [MESSAGE][PASSED] - Call Test Case 'Test Cases/Components/DoubleClickToEnable' successfully

2020-05-28 01:31:45 - [TEST_STEP][PASSED] - callTestCase(findTestCase("Components/HighlightInputField"), ["InputFldName":"peRegNo"], STOP_ON_FAILURE): Call Test Case 'Test Cases/Components/HighlightInputField' successfully

2020-05-28 01:31:45 - [TEST_CASE][PASSED] - Test Cases/Components/HighlightInputField: Test Cases/Components/HighlightInputField

2020-05-28 01:31:45 - [TEST_STEP][PASSED] - Thread.sleep(1000): null

2020-05-28 01:31:46 - [TEST_STEP][PASSED] - modifiedLblNm = modifyObjectProperty(findTestObject("Objects.HighlightElements/input_field"), "name", "equals", InputFldName, true): Modify property of object successfully

2020-05-28 01:31:46 - [MESSAGE][PASSED] - Modify property of object successfully

2020-05-28 01:31:46 - [TEST_STEP][PASSED] - com.reusableComponents.HighlightElement.run(modifiedLblNm): com.reusableComponents.HighlightElement.run is PASSED

2020-05-28 01:31:47 - [MESSAGE][PASSED] - com.reusableComponents.HighlightElement.run is PASSED

2020-05-28 01:31:47 - [MESSAGE][PASSED] - Call Test Case 'Test Cases/Components/HighlightInputField' successfully

2020-05-28 01:31:47 - [TEST_STEP][PASSED] - callTestCase(findTestCase("Components/SelectAllThenDelete"), ["tagToBeUsed":"*", "nameToBeUsed":"peRegNo"], STOP_ON_FAILURE): Call Test Case 'Test Cases/Components/SelectAllThenDelete' successfully

2020-05-28 01:31:47 - [TEST_CASE][PASSED] - Test Cases/Components/SelectAllThenDelete: Test Cases/Components/SelectAllThenDelete

2020-05-28 01:31:47 - [TEST_STEP][PASSED] - Thread.sleep(1000): null

2020-05-28 01:31:48 - [TEST_STEP][PASSED] - firstModification = modifyObjectProperty(findTestObject("SendKey/object"), "tag", "equals", tagToBeUsed, false): Modify property of object successfully

2020-05-28 01:31:48 - [MESSAGE][PASSED] - Modify property of object successfully

2020-05-28 01:31:48 - [TEST_STEP][PASSED] - secondModification = modifyObjectProperty(firstModification, "name", "equals", nameToBeUsed, true): Modify property of object successfully

2020-05-28 01:31:48 - [MESSAGE][PASSED] - Modify property of object successfully

2020-05-28 01:31:48 - [TEST_STEP][PASSED] - sendKeys(secondModification, Keys.chord(CONTROL, "a")): Keys 'CONTROL + a' sent to object: 'Object Repository/SendKey/object'

2020-05-28 01:31:48 - [MESSAGE][PASSED] - Keys 'CONTROL + a' sent to object: 'Object Repository/SendKey/object'

2020-05-28 01:31:48 - [TEST_STEP][PASSED] - sendKeys(secondModification, Keys.chord(DELETE)): Keys 'DELETE + ' sent to object: 'Object Repository/SendKey/object'

2020-05-28 01:31:49 - [MESSAGE][PASSED] - Keys 'DELETE + ' sent to object: 'Object Repository/SendKey/object'

2020-05-28 01:31:49 - [MESSAGE][PASSED] - Call Test Case 'Test Cases/Components/SelectAllThenDelete' successfully

2020-05-28 01:31:49 - [TEST_STEP][PASSED] - callTestCase(findTestCase("PFI Precision and Scale/PFI Components/VerifyDropdownValues"), ["FldNm":"peRegNo", "CallTCName":"PFI Precision and Scale/PFI Components/PELists", "cmbNm":"PENo", "NoOfVal":10, "DelayTime":8, ... ], STOP_ON_FAILURE): Call Test Case 'Test Cases/PFI Precision and Scale/PFI Components/VerifyDropdownValues' successfully

2020-05-28 01:31:49 - [TEST_CASE][PASSED] - Test Cases/PFI Precision and Scale/PFI Components/VerifyDropdownValues: Test Cases/PFI Precision and Scale/PFI Components/VerifyDropdownValues

2020-05-28 01:31:49 - [TEST_STEP][PASSED] - Thread.sleep(1000): null

2020-05-28 01:31:50 - [TEST_STEP][PASSED] - NewInputNmField = modifyObjectProperty(findTestObject("Objects.HighlightElements/input_field"), "name", "equals", FldNm, true): Modify property of object successfully

2020-05-28 01:31:50 - [MESSAGE][PASSED] - Modify property of object successfully

2020-05-28 01:31:50 - [TEST_STEP][PASSED] - comboNm = cmbNm: null

2020-05-28 01:31:50 - [TEST_STEP][PASSED] - focus(NewInputNmField): Object: 'Object Repository/Objects.HighlightElements/input_field' is focused

2020-05-28 01:31:50 - [MESSAGE][PASSED] - Object: 'Object Repository/Objects.HighlightElements/input_field' is focused

2020-05-28 01:31:50 - [TEST_STEP][PASSED] - setText(NewInputNmField, EnterValue): Text '' is set on object 'Object Repository/Objects.HighlightElements/input_field'

2020-05-28 01:31:50 - [MESSAGE][PASSED] - Text '' is set on object 'Object Repository/Objects.HighlightElements/input_field'

2020-05-28 01:31:50 - [TEST_STEP][PASSED] - for ([i = 1, i <= NoOfVal, (i++)]): Keys 'DOWN + ' sent to object: 'Object Repository/Objects.HighlightElements/input_field'

2020-05-28 01:31:50 - [TEST_STEP][PASSED] - sendKeys(NewInputNmField, Keys.chord(ARROW_DOWN)): Keys 'DOWN + ' sent to object: 'Object Repository/Objects.HighlightElements/input_field'

2020-05-28 01:31:51 - [MESSAGE][PASSED] - Keys 'DOWN + ' sent to object: 'Object Repository/Objects.HighlightElements/input_field'

2020-05-28 01:31:51 - [TEST_STEP][PASSED] - delay(DelayTime): Delayed 8 second(s)

2020-05-28 01:31:59 - [MESSAGE][PASSED] - Delayed 8 second(s)

2020-05-28 01:31:59 - [TEST_STEP][PASSED] - sendKeys(NewInputNmField, Keys.chord(ENTER)): Keys 'ENTER + ' sent to object: 'Object Repository/Objects.HighlightElements/input_field'

2020-05-28 01:31:59 - [MESSAGE][PASSED] - Keys 'ENTER + ' sent to object: 'Object Repository/Objects.HighlightElements/input_field'

2020-05-28 01:31:59 - [TEST_STEP][PASSED] - ComboBoxValue = getAttribute(NewInputNmField, "value"): Attribute 'value' of object 'Object Repository/Objects.HighlightElements/input_field' is: '0016'

2020-05-28 01:31:59 - [MESSAGE][PASSED] - Attribute 'value' of object 'Object Repository/Objects.HighlightElements/input_field' is: '0016'

2020-05-28 01:31:59 - [TEST_STEP][PASSED] - callTestCase(findTestCase(CallTCName), ["FindValue":ComboBoxValue, "DropdownNm":comboNm], STOP_ON_FAILURE): Call Test Case 'Test Cases/PFI Precision and Scale/PFI Components/PELists' successfully

2020-05-28 01:31:59 - [TEST_CASE][PASSED] - Test Cases/PFI Precision and Scale/PFI Components/PELists: Test Cases/PFI Precision and Scale/PFI Components/PELists

2020-05-28 01:32:00 - [TEST_STEP][PASSED] - Thread.sleep(1000): null

2020-05-28 01:32:01 - [TEST_STEP][PASSED] - PEListsTBL = ["0011":"QP-Formatted Address", "0012":"QP-0012", "0014":"QP-0014", "0015":"QP-0015", "0016":"QP-0016", "3214":"Dummy QP Name 3861", ... ]: null

2020-05-28 01:32:01 - [TEST_STEP][PASSED] - switch (DropdownNm): null

2020-05-28 01:32:01 - [TEST_STEP][PASSED] - case "PENo":: null

2020-05-28 01:32:01 - [TEST_STEP][PASSED] - ValueFound = FindValue + " (" + get(FindValue).toString() + ")": null

2020-05-28 01:32:01 - [TEST_STEP][PASSED] - break: null

2020-05-28 01:32:01 - [MESSAGE][PASSED] - Call Test Case 'Test Cases/PFI Precision and Scale/PFI Components/PELists' successfully

2020-05-28 01:32:01 - [TEST_STEP][PASSED] - println(ValueFound): null

2020-05-28 01:32:01 - [TEST_STEP][PASSED] - sendKeys(NewInputNmField, Keys.chord(ARROW_DOWN)): Keys 'DOWN + ' sent to object: 'Object Repository/Objects.HighlightElements/input_field'

2020-05-28 01:32:01 - [MESSAGE][PASSED] - Keys 'DOWN + ' sent to object: 'Object Repository/Objects.HighlightElements/input_field'

2020-05-28 01:32:01 - [TEST_STEP][PASSED] - sendKeys(NewInputNmField, Keys.chord(ARROW_DOWN)): Keys 'DOWN + ' sent to object: 'Object Repository/Objects.HighlightElements/input_field'

2020-05-28 01:32:01 - [MESSAGE][PASSED] - Keys 'DOWN + ' sent to object: 'Object Repository/Objects.HighlightElements/input_field'

2020-05-28 01:32:01 - [TEST_STEP][PASSED] - delay(DelayTime): Delayed 8 second(s)

2020-05-28 01:32:09 - [MESSAGE][PASSED] - Delayed 8 second(s)

2020-05-28 01:32:09 - [TEST_STEP][PASSED] - sendKeys(NewInputNmField, Keys.chord(ENTER)): Keys 'ENTER + ' sent to object: 'Object Repository/Objects.HighlightElements/input_field'

2020-05-28 01:32:10 - [MESSAGE][PASSED] - Keys 'ENTER + ' sent to object: 'Object Repository/Objects.HighlightElements/input_field'

2020-05-28 01:32:10 - [TEST_STEP][PASSED] - ComboBoxValue = getAttribute(NewInputNmField, "value"): Attribute 'value' of object 'Object Repository/Objects.HighlightElements/input_field' is: '0015'

2020-05-28 01:32:10 - [MESSAGE][PASSED] - Attribute 'value' of object 'Object Repository/Objects.HighlightElements/input_field' is: '0015'

2020-05-28 01:32:10 - [TEST_STEP][PASSED] - callTestCase(findTestCase(CallTCName), ["FindValue":ComboBoxValue, "DropdownNm":comboNm], STOP_ON_FAILURE): Call Test Case 'Test Cases/PFI Precision and Scale/PFI Components/PELists' successfully

2020-05-28 01:32:10 - [TEST_CASE][PASSED] - Test Cases/PFI Precision and Scale/PFI Components/PELists: Test Cases/PFI Precision and Scale/PFI Components/PELists

2020-05-28 01:32:10 - [TEST_STEP][PASSED] - Thread.sleep(1000): null

2020-05-28 01:32:11 - [TEST_STEP][PASSED] - PEListsTBL = ["0011":"QP-Formatted Address", "0012":"QP-0012", "0014":"QP-0014", "0015":"QP-0015", "0016":"QP-0016", "3214":"Dummy QP Name 3861", ... ]: null

2020-05-28 01:32:11 - [TEST_STEP][PASSED] - switch (DropdownNm): null

2020-05-28 01:32:11 - [TEST_STEP][PASSED] - case "PENo":: null

2020-05-28 01:32:11 - [TEST_STEP][PASSED] - ValueFound = FindValue + " (" + get(FindValue).toString() + ")": null

2020-05-28 01:32:11 - [TEST_STEP][PASSED] - break: null

2020-05-28 01:32:11 - [MESSAGE][PASSED] - Call Test Case 'Test Cases/PFI Precision and Scale/PFI Components/PELists' successfully

2020-05-28 01:32:11 - [TEST_STEP][PASSED] - println(ValueFound): null

2020-05-28 01:32:11 - [TEST_STEP][PASSED] - sendKeys(NewInputNmField, Keys.chord(ARROW_DOWN)): Keys 'DOWN + ' sent to object: 'Object Repository/Objects.HighlightElements/input_field'

2020-05-28 01:32:11 - [MESSAGE][PASSED] - Keys 'DOWN + ' sent to object: 'Object Repository/Objects.HighlightElements/input_field'

2020-05-28 01:32:11 - [TEST_STEP][PASSED] - sendKeys(NewInputNmField, Keys.chord(ARROW_DOWN)): Keys 'DOWN + ' sent to object: 'Object Repository/Objects.HighlightElements/input_field'

2020-05-28 01:32:12 - [MESSAGE][PASSED] - Keys 'DOWN + ' sent to object: 'Object Repository/Objects.HighlightElements/input_field'

2020-05-28 01:32:12 - [TEST_STEP][PASSED] - delay(DelayTime): Delayed 8 second(s)

2020-05-28 01:32:20 - [MESSAGE][PASSED] - Delayed 8 second(s)

2020-05-28 01:32:20 - [TEST_STEP][PASSED] - sendKeys(NewInputNmField, Keys.chord(ENTER)): Keys 'ENTER + ' sent to object: 'Object Repository/Objects.HighlightElements/input_field'

2020-05-28 01:32:20 - [MESSAGE][PASSED] - Keys 'ENTER + ' sent to object: 'Object Repository/Objects.HighlightElements/input_field'

2020-05-28 01:32:20 - [TEST_STEP][PASSED] - ComboBoxValue = getAttribute(NewInputNmField, "value"): Attribute 'value' of object 'Object Repository/Objects.HighlightElements/input_field' is: '0015'

2020-05-28 01:32:20 - [MESSAGE][PASSED] - Attribute 'value' of object 'Object Repository/Objects.HighlightElements/input_field' is: '0015'

2020-05-28 01:32:20 - [TEST_STEP][PASSED] - callTestCase(findTestCase(CallTCName), ["FindValue":ComboBoxValue, "DropdownNm":comboNm], STOP_ON_FAILURE): Call Test Case 'Test Cases/PFI Precision and Scale/PFI Components/PELists' successfully

2020-05-28 01:32:20 - [TEST_CASE][PASSED] - Test Cases/PFI Precision and Scale/PFI Components/PELists: Test Cases/PFI Precision and Scale/PFI Components/PELists

2020-05-28 01:32:20 - [TEST_STEP][PASSED] - Thread.sleep(1000): null

2020-05-28 01:32:21 - [TEST_STEP][PASSED] - PEListsTBL = ["0011":"QP-Formatted Address", "0012":"QP-0012", "0014":"QP-0014", "0015":"QP-0015", "0016":"QP-0016", "3214":"Dummy QP Name 3861", ... ]: null

2020-05-28 01:32:21 - [TEST_STEP][PASSED] - switch (DropdownNm): null

2020-05-28 01:32:21 - [TEST_STEP][PASSED] - case "PENo":: null

2020-05-28 01:32:21 - [TEST_STEP][PASSED] - ValueFound = FindValue + " (" + get(FindValue).toString() + ")": null

2020-05-28 01:32:21 - [TEST_STEP][PASSED] - break: null

2020-05-28 01:32:21 - [MESSAGE][PASSED] - Call Test Case 'Test Cases/PFI Precision and Scale/PFI Components/PELists' successfully

2020-05-28 01:32:21 - [TEST_STEP][PASSED] - println(ValueFound): null

2020-05-28 01:32:21 - [TEST_STEP][PASSED] - sendKeys(NewInputNmField, Keys.chord(ARROW_DOWN)): Keys 'DOWN + ' sent to object: 'Object Repository/Objects.HighlightElements/input_field'

2020-05-28 01:32:22 - [MESSAGE][PASSED] - Keys 'DOWN + ' sent to object: 'Object Repository/Objects.HighlightElements/input_field'

2020-05-28 01:32:22 - [TEST_STEP][PASSED] - sendKeys(NewInputNmField, Keys.chord(ARROW_DOWN)): Keys 'DOWN + ' sent to object: 'Object Repository/Objects.HighlightElements/input_field'

2020-05-28 01:32:22 - [MESSAGE][PASSED] - Keys 'DOWN + ' sent to object: 'Object Repository/Objects.HighlightElements/input_field'

2020-05-28 01:32:22 - [TEST_STEP][PASSED] - delay(DelayTime): Delayed 8 second(s)

2020-05-28 01:32:30 - [MESSAGE][PASSED] - Delayed 8 second(s)

2020-05-28 01:32:30 - [TEST_STEP][PASSED] - sendKeys(NewInputNmField, Keys.chord(ENTER)): Keys 'ENTER + ' sent to object: 'Object Repository/Objects.HighlightElements/input_field'

2020-05-28 01:32:30 - [MESSAGE][PASSED] - Keys 'ENTER + ' sent to object: 'Object Repository/Objects.HighlightElements/input_field'

2020-05-28 01:32:30 - [TEST_STEP][PASSED] - ComboBoxValue = getAttribute(NewInputNmField, "value"): Attribute 'value' of object 'Object Repository/Objects.HighlightElements/input_field' is: '0015'

2020-05-28 01:32:31 - [MESSAGE][PASSED] - Attribute 'value' of object 'Object Repository/Objects.HighlightElements/input_field' is: '0015'

2020-05-28 01:32:31 - [TEST_STEP][PASSED] - callTestCase(findTestCase(CallTCName), ["FindValue":ComboBoxValue, "DropdownNm":comboNm], STOP_ON_FAILURE): Call Test Case 'Test Cases/PFI Precision and Scale/PFI Components/PELists' successfully

2020-05-28 01:32:31 - [TEST_CASE][PASSED] - Test Cases/PFI Precision and Scale/PFI Components/PELists: Test Cases/PFI Precision and Scale/PFI Components/PELists

2020-05-28 01:32:31 - [TEST_STEP][PASSED] - Thread.sleep(1000): null

2020-05-28 01:32:32 - [TEST_STEP][PASSED] - PEListsTBL = ["0011":"QP-Formatted Address", "0012":"QP-0012", "0014":"QP-0014", "0015":"QP-0015", "0016":"QP-0016", "3214":"Dummy QP Name 3861", ... ]: null

2020-05-28 01:32:32 - [TEST_STEP][PASSED] - switch (DropdownNm): null

2020-05-28 01:32:32 - [TEST_STEP][PASSED] - case "PENo":: null

2020-05-28 01:32:32 - [TEST_STEP][PASSED] - ValueFound = FindValue + " (" + get(FindValue).toString() + ")": null

2020-05-28 01:32:32 - [TEST_STEP][PASSED] - break: null

2020-05-28 01:32:32 - [MESSAGE][PASSED] - Call Test Case 'Test Cases/PFI Precision and Scale/PFI Components/PELists' successfully

2020-05-28 01:32:32 - [TEST_STEP][PASSED] - println(ValueFound): null

2020-05-28 01:32:32 - [TEST_STEP][PASSED] - sendKeys(NewInputNmField, Keys.chord(ARROW_DOWN)): Keys 'DOWN + ' sent to object: 'Object Repository/Objects.HighlightElements/input_field'

2020-05-28 01:32:32 - [MESSAGE][PASSED] - Keys 'DOWN + ' sent to object: 'Object Repository/Objects.HighlightElements/input_field'

2020-05-28 01:32:32 - [TEST_STEP][PASSED] - sendKeys(NewInputNmField, Keys.chord(ARROW_DOWN)): Keys 'DOWN + ' sent to object: 'Object Repository/Objects.HighlightElements/input_field'

2020-05-28 01:32:32 - [MESSAGE][PASSED] - Keys 'DOWN + ' sent to object: 'Object Repository/Objects.HighlightElements/input_field'

2020-05-28 01:32:32 - [TEST_STEP][PASSED] - delay(DelayTime): Delayed 8 second(s)

2020-05-28 01:32:40 - [MESSAGE][PASSED] - Delayed 8 second(s)

2020-05-28 01:32:40 - [TEST_STEP][PASSED] - sendKeys(NewInputNmField, Keys.chord(ENTER)): Keys 'ENTER + ' sent to object: 'Object Repository/Objects.HighlightElements/input_field'

2020-05-28 01:32:41 - [MESSAGE][PASSED] - Keys 'ENTER + ' sent to object: 'Object Repository/Objects.HighlightElements/input_field'

2020-05-28 01:32:41 - [TEST_STEP][PASSED] - ComboBoxValue = getAttribute(NewInputNmField, "value"): Attribute 'value' of object 'Object Repository/Objects.HighlightElements/input_field' is: '0015'

2020-05-28 01:32:41 - [MESSAGE][PASSED] - Attribute 'value' of object 'Object Repository/Objects.HighlightElements/input_field' is: '0015'

2020-05-28 01:32:41 - [TEST_STEP][PASSED] - callTestCase(findTestCase(CallTCName), ["FindValue":ComboBoxValue, "DropdownNm":comboNm], STOP_ON_FAILURE): Call Test Case 'Test Cases/PFI Precision and Scale/PFI Components/PELists' successfully

2020-05-28 01:32:41 - [TEST_CASE][PASSED] - Test Cases/PFI Precision and Scale/PFI Components/PELists: Test Cases/PFI Precision and Scale/PFI Components/PELists

2020-05-28 01:32:41 - [TEST_STEP][PASSED] - Thread.sleep(1000): null

2020-05-28 01:32:42 - [TEST_STEP][PASSED] - PEListsTBL = ["0011":"QP-Formatted Address", "0012":"QP-0012", "0014":"QP-0014", "0015":"QP-0015", "0016":"QP-0016", "3214":"Dummy QP Name 3861", ... ]: null

2020-05-28 01:32:42 - [TEST_STEP][PASSED] - switch (DropdownNm): null

2020-05-28 01:32:42 - [TEST_STEP][PASSED] - case "PENo":: null

2020-05-28 01:32:42 - [TEST_STEP][PASSED] - ValueFound = FindValue + " (" + get(FindValue).toString() + ")": null

2020-05-28 01:32:42 - [TEST_STEP][PASSED] - break: null

2020-05-28 01:32:42 - [MESSAGE][PASSED] - Call Test Case 'Test Cases/PFI Precision and Scale/PFI Components/PELists' successfully

2020-05-28 01:32:42 - [TEST_STEP][PASSED] - println(ValueFound): null

2020-05-28 01:32:42 - [TEST_STEP][PASSED] - sendKeys(NewInputNmField, Keys.chord(ARROW_DOWN)): Keys 'DOWN + ' sent to object: 'Object Repository/Objects.HighlightElements/input_field'

2020-05-28 01:32:42 - [MESSAGE][PASSED] - Keys 'DOWN + ' sent to object: 'Object Repository/Objects.HighlightElements/input_field'

2020-05-28 01:32:42 - [TEST_STEP][PASSED] - sendKeys(NewInputNmField, Keys.chord(ARROW_DOWN)): Keys 'DOWN + ' sent to object: 'Object Repository/Objects.HighlightElements/input_field'

2020-05-28 01:32:43 - [MESSAGE][PASSED] - Keys 'DOWN + ' sent to object: 'Object Repository/Objects.HighlightElements/input_field'

2020-05-28 01:32:43 - [TEST_STEP][PASSED] - delay(DelayTime): Delayed 8 second(s)

2020-05-28 01:32:51 - [MESSAGE][PASSED] - Delayed 8 second(s)

2020-05-28 01:32:51 - [TEST_STEP][PASSED] - sendKeys(NewInputNmField, Keys.chord(ENTER)): Keys 'ENTER + ' sent to object: 'Object Repository/Objects.HighlightElements/input_field'

2020-05-28 01:32:51 - [MESSAGE][PASSED] - Keys 'ENTER + ' sent to object: 'Object Repository/Objects.HighlightElements/input_field'

2020-05-28 01:32:51 - [TEST_STEP][PASSED] - ComboBoxValue = getAttribute(NewInputNmField, "value"): Attribute 'value' of object 'Object Repository/Objects.HighlightElements/input_field' is: '0015'

2020-05-28 01:32:51 - [MESSAGE][PASSED] - Attribute 'value' of object 'Object Repository/Objects.HighlightElements/input_field' is: '0015'

2020-05-28 01:32:51 - [TEST_STEP][PASSED] - callTestCase(findTestCase(CallTCName), ["FindValue":ComboBoxValue, "DropdownNm":comboNm], STOP_ON_FAILURE): Call Test Case 'Test Cases/PFI Precision and Scale/PFI Components/PELists' successfully

2020-05-28 01:32:51 - [TEST_CASE][PASSED] - Test Cases/PFI Precision and Scale/PFI Components/PELists: Test Cases/PFI Precision and Scale/PFI Components/PELists

2020-05-28 01:32:51 - [TEST_STEP][PASSED] - Thread.sleep(1000): null

2020-05-28 01:32:52 - [TEST_STEP][PASSED] - PEListsTBL = ["0011":"QP-Formatted Address", "0012":"QP-0012", "0014":"QP-0014", "0015":"QP-0015", "0016":"QP-0016", "3214":"Dummy QP Name 3861", ... ]: null

2020-05-28 01:32:52 - [TEST_STEP][PASSED] - switch (DropdownNm): null

2020-05-28 01:32:52 - [TEST_STEP][PASSED] - case "PENo":: null

2020-05-28 01:32:52 - [TEST_STEP][PASSED] - ValueFound = FindValue + " (" + get(FindValue).toString() + ")": null

2020-05-28 01:32:52 - [TEST_STEP][PASSED] - break: null

2020-05-28 01:32:52 - [MESSAGE][PASSED] - Call Test Case 'Test Cases/PFI Precision and Scale/PFI Components/PELists' successfully

2020-05-28 01:32:52 - [TEST_STEP][PASSED] - println(ValueFound): null

2020-05-28 01:32:52 - [TEST_STEP][PASSED] - sendKeys(NewInputNmField, Keys.chord(ARROW_DOWN)): Keys 'DOWN + ' sent to object: 'Object Repository/Objects.HighlightElements/input_field'

2020-05-28 01:32:53 - [MESSAGE][PASSED] - Keys 'DOWN + ' sent to object: 'Object Repository/Objects.HighlightElements/input_field'

2020-05-28 01:32:53 - [TEST_STEP][PASSED] - sendKeys(NewInputNmField, Keys.chord(ARROW_DOWN)): Keys 'DOWN + ' sent to object: 'Object Repository/Objects.HighlightElements/input_field'

2020-05-28 01:32:53 - [MESSAGE][PASSED] - Keys 'DOWN + ' sent to object: 'Object Repository/Objects.HighlightElements/input_field'

2020-05-28 01:32:53 - [TEST_STEP][PASSED] - delay(DelayTime): Delayed 8 second(s)

2020-05-28 01:33:01 - [MESSAGE][PASSED] - Delayed 8 second(s)

2020-05-28 01:33:01 - [TEST_STEP][PASSED] - sendKeys(NewInputNmField, Keys.chord(ENTER)): Keys 'ENTER + ' sent to object: 'Object Repository/Objects.HighlightElements/input_field'

2020-05-28 01:33:01 - [MESSAGE][PASSED] - Keys 'ENTER + ' sent to object: 'Object Repository/Objects.HighlightElements/input_field'

2020-05-28 01:33:01 - [TEST_STEP][PASSED] - ComboBoxValue = getAttribute(NewInputNmField, "value"): Attribute 'value' of object 'Object Repository/Objects.HighlightElements/input_field' is: '0015'

2020-05-28 01:33:02 - [MESSAGE][PASSED] - Attribute 'value' of object 'Object Repository/Objects.HighlightElements/input_field' is: '0015'

2020-05-28 01:33:02 - [TEST_STEP][PASSED] - callTestCase(findTestCase(CallTCName), ["FindValue":ComboBoxValue, "DropdownNm":comboNm], STOP_ON_FAILURE): Call Test Case 'Test Cases/PFI Precision and Scale/PFI Components/PELists' successfully

2020-05-28 01:33:02 - [TEST_CASE][PASSED] - Test Cases/PFI Precision and Scale/PFI Components/PELists: Test Cases/PFI Precision and Scale/PFI Components/PELists

2020-05-28 01:33:02 - [TEST_STEP][PASSED] - Thread.sleep(1000): null

2020-05-28 01:33:03 - [TEST_STEP][PASSED] - PEListsTBL = ["0011":"QP-Formatted Address", "0012":"QP-0012", "0014":"QP-0014", "0015":"QP-0015", "0016":"QP-0016", "3214":"Dummy QP Name 3861", ... ]: null

2020-05-28 01:33:03 - [TEST_STEP][PASSED] - switch (DropdownNm): null

2020-05-28 01:33:03 - [TEST_STEP][PASSED] - case "PENo":: null

2020-05-28 01:33:03 - [TEST_STEP][PASSED] - ValueFound = FindValue + " (" + get(FindValue).toString() + ")": null

2020-05-28 01:33:03 - [TEST_STEP][PASSED] - break: null

2020-05-28 01:33:03 - [MESSAGE][PASSED] - Call Test Case 'Test Cases/PFI Precision and Scale/PFI Components/PELists' successfully

2020-05-28 01:33:03 - [TEST_STEP][PASSED] - println(ValueFound): null

2020-05-28 01:33:03 - [TEST_STEP][PASSED] - sendKeys(NewInputNmField, Keys.chord(ARROW_DOWN)): Keys 'DOWN + ' sent to object: 'Object Repository/Objects.HighlightElements/input_field'

2020-05-28 01:33:03 - [MESSAGE][PASSED] - Keys 'DOWN + ' sent to object: 'Object Repository/Objects.HighlightElements/input_field'

2020-05-28 01:33:03 - [TEST_STEP][PASSED] - sendKeys(NewInputNmField, Keys.chord(ARROW_DOWN)): Keys 'DOWN + ' sent to object: 'Object Repository/Objects.HighlightElements/input_field'

2020-05-28 01:33:03 - [MESSAGE][PASSED] - Keys 'DOWN + ' sent to object: 'Object Repository/Objects.HighlightElements/input_field'

2020-05-28 01:33:03 - [TEST_STEP][PASSED] - delay(DelayTime): Delayed 8 second(s)

2020-05-28 01:33:11 - [MESSAGE][PASSED] - Delayed 8 second(s)

2020-05-28 01:33:11 - [TEST_STEP][PASSED] - sendKeys(NewInputNmField, Keys.chord(ENTER)): Keys 'ENTER + ' sent to object: 'Object Repository/Objects.HighlightElements/input_field'

2020-05-28 01:33:12 - [MESSAGE][PASSED] - Keys 'ENTER + ' sent to object: 'Object Repository/Objects.HighlightElements/input_field'

2020-05-28 01:33:12 - [TEST_STEP][PASSED] - ComboBoxValue = getAttribute(NewInputNmField, "value"): Attribute 'value' of object 'Object Repository/Objects.HighlightElements/input_field' is: '0015'

2020-05-28 01:33:12 - [MESSAGE][PASSED] - Attribute 'value' of object 'Object Repository/Objects.HighlightElements/input_field' is: '0015'

2020-05-28 01:33:12 - [TEST_STEP][PASSED] - callTestCase(findTestCase(CallTCName), ["FindValue":ComboBoxValue, "DropdownNm":comboNm], STOP_ON_FAILURE): Call Test Case 'Test Cases/PFI Precision and Scale/PFI Components/PELists' successfully

2020-05-28 01:33:12 - [TEST_CASE][PASSED] - Test Cases/PFI Precision and Scale/PFI Components/PELists: Test Cases/PFI Precision and Scale/PFI Components/PELists

2020-05-28 01:33:12 - [TEST_STEP][PASSED] - Thread.sleep(1000): null

2020-05-28 01:33:13 - [TEST_STEP][PASSED] - PEListsTBL = ["0011":"QP-Formatted Address", "0012":"QP-0012", "0014":"QP-0014", "0015":"QP-0015", "0016":"QP-0016", "3214":"Dummy QP Name 3861", ... ]: null

2020-05-28 01:33:13 - [TEST_STEP][PASSED] - switch (DropdownNm): null

2020-05-28 01:33:13 - [TEST_STEP][PASSED] - case "PENo":: null

2020-05-28 01:33:13 - [TEST_STEP][PASSED] - ValueFound = FindValue + " (" + get(FindValue).toString() + ")": null

2020-05-28 01:33:13 - [TEST_STEP][PASSED] - break: null

2020-05-28 01:33:13 - [MESSAGE][PASSED] - Call Test Case 'Test Cases/PFI Precision and Scale/PFI Components/PELists' successfully

2020-05-28 01:33:13 - [TEST_STEP][PASSED] - println(ValueFound): null

2020-05-28 01:33:13 - [TEST_STEP][PASSED] - sendKeys(NewInputNmField, Keys.chord(ARROW_DOWN)): Keys 'DOWN + ' sent to object: 'Object Repository/Objects.HighlightElements/input_field'

2020-05-28 01:33:13 - [MESSAGE][PASSED] - Keys 'DOWN + ' sent to object: 'Object Repository/Objects.HighlightElements/input_field'

2020-05-28 01:33:13 - [TEST_STEP][PASSED] - sendKeys(NewInputNmField, Keys.chord(ARROW_DOWN)): Keys 'DOWN + ' sent to object: 'Object Repository/Objects.HighlightElements/input_field'

2020-05-28 01:33:14 - [MESSAGE][PASSED] - Keys 'DOWN + ' sent to object: 'Object Repository/Objects.HighlightElements/input_field'

2020-05-28 01:33:14 - [TEST_STEP][PASSED] - delay(DelayTime): Delayed 8 second(s)

2020-05-28 01:33:22 - [MESSAGE][PASSED] - Delayed 8 second(s)

2020-05-28 01:33:22 - [TEST_STEP][PASSED] - sendKeys(NewInputNmField, Keys.chord(ENTER)): Keys 'ENTER + ' sent to object: 'Object Repository/Objects.HighlightElements/input_field'

2020-05-28 01:33:22 - [MESSAGE][PASSED] - Keys 'ENTER + ' sent to object: 'Object Repository/Objects.HighlightElements/input_field'

2020-05-28 01:33:22 - [TEST_STEP][PASSED] - ComboBoxValue = getAttribute(NewInputNmField, "value"): Attribute 'value' of object 'Object Repository/Objects.HighlightElements/input_field' is: '0015'

2020-05-28 01:33:22 - [MESSAGE][PASSED] - Attribute 'value' of object 'Object Repository/Objects.HighlightElements/input_field' is: '0015'

2020-05-28 01:33:22 - [TEST_STEP][PASSED] - callTestCase(findTestCase(CallTCName), ["FindValue":ComboBoxValue, "DropdownNm":comboNm], STOP_ON_FAILURE): Call Test Case 'Test Cases/PFI Precision and Scale/PFI Components/PELists' successfully

2020-05-28 01:33:22 - [TEST_CASE][PASSED] - Test Cases/PFI Precision and Scale/PFI Components/PELists: Test Cases/PFI Precision and Scale/PFI Components/PELists

2020-05-28 01:33:22 - [TEST_STEP][PASSED] - Thread.sleep(1000): null

2020-05-28 01:33:23 - [TEST_STEP][PASSED] - PEListsTBL = ["0011":"QP-Formatted Address", "0012":"QP-0012", "0014":"QP-0014", "0015":"QP-0015", "0016":"QP-0016", "3214":"Dummy QP Name 3861", ... ]: null

2020-05-28 01:33:23 - [TEST_STEP][PASSED] - switch (DropdownNm): null

2020-05-28 01:33:23 - [TEST_STEP][PASSED] - case "PENo":: null

2020-05-28 01:33:23 - [TEST_STEP][PASSED] - ValueFound = FindValue + " (" + get(FindValue).toString() + ")": null

2020-05-28 01:33:23 - [TEST_STEP][PASSED] - break: null

2020-05-28 01:33:23 - [MESSAGE][PASSED] - Call Test Case 'Test Cases/PFI Precision and Scale/PFI Components/PELists' successfully

2020-05-28 01:33:23 - [TEST_STEP][PASSED] - println(ValueFound): null

2020-05-28 01:33:23 - [TEST_STEP][PASSED] - sendKeys(NewInputNmField, Keys.chord(ARROW_DOWN)): Keys 'DOWN + ' sent to object: 'Object Repository/Objects.HighlightElements/input_field'

2020-05-28 01:33:23 - [MESSAGE][PASSED] - Keys 'DOWN + ' sent to object: 'Object Repository/Objects.HighlightElements/input_field'

2020-05-28 01:33:23 - [TEST_STEP][PASSED] - sendKeys(NewInputNmField, Keys.chord(ARROW_DOWN)): Keys 'DOWN + ' sent to object: 'Object Repository/Objects.HighlightElements/input_field'

2020-05-28 01:33:24 - [MESSAGE][PASSED] - Keys 'DOWN + ' sent to object: 'Object Repository/Objects.HighlightElements/input_field'

2020-05-28 01:33:24 - [TEST_STEP][PASSED] - delay(DelayTime): Delayed 8 second(s)

2020-05-28 01:33:32 - [MESSAGE][PASSED] - Delayed 8 second(s)

2020-05-28 01:33:32 - [TEST_STEP][PASSED] - sendKeys(NewInputNmField, Keys.chord(ENTER)): Keys 'ENTER + ' sent to object: 'Object Repository/Objects.HighlightElements/input_field'

2020-05-28 01:33:32 - [MESSAGE][PASSED] - Keys 'ENTER + ' sent to object: 'Object Repository/Objects.HighlightElements/input_field'

2020-05-28 01:33:32 - [TEST_STEP][PASSED] - ComboBoxValue = getAttribute(NewInputNmField, "value"): Attribute 'value' of object 'Object Repository/Objects.HighlightElements/input_field' is: '0015'

2020-05-28 01:33:32 - [MESSAGE][PASSED] - Attribute 'value' of object 'Object Repository/Objects.HighlightElements/input_field' is: '0015'

2020-05-28 01:33:32 - [TEST_STEP][PASSED] - callTestCase(findTestCase(CallTCName), ["FindValue":ComboBoxValue, "DropdownNm":comboNm], STOP_ON_FAILURE): Call Test Case 'Test Cases/PFI Precision and Scale/PFI Components/PELists' successfully

2020-05-28 01:33:33 - [TEST_CASE][PASSED] - Test Cases/PFI Precision and Scale/PFI Components/PELists: Test Cases/PFI Precision and Scale/PFI Components/PELists

2020-05-28 01:33:33 - [TEST_STEP][PASSED] - Thread.sleep(1000): null

2020-05-28 01:33:34 - [TEST_STEP][PASSED] - PEListsTBL = ["0011":"QP-Formatted Address", "0012":"QP-0012", "0014":"QP-0014", "0015":"QP-0015", "0016":"QP-0016", "3214":"Dummy QP Name 3861", ... ]: null

2020-05-28 01:33:34 - [TEST_STEP][PASSED] - switch (DropdownNm): null

2020-05-28 01:33:34 - [TEST_STEP][PASSED] - case "PENo":: null

2020-05-28 01:33:34 - [TEST_STEP][PASSED] - ValueFound = FindValue + " (" + get(FindValue).toString() + ")": null

2020-05-28 01:33:34 - [TEST_STEP][PASSED] - break: null

2020-05-28 01:33:34 - [MESSAGE][PASSED] - Call Test Case 'Test Cases/PFI Precision and Scale/PFI Components/PELists' successfully

2020-05-28 01:33:34 - [TEST_STEP][PASSED] - println(ValueFound): null

2020-05-28 01:33:34 - [TEST_STEP][PASSED] - sendKeys(NewInputNmField, Keys.chord(ARROW_DOWN)): Keys 'DOWN + ' sent to object: 'Object Repository/Objects.HighlightElements/input_field'

2020-05-28 01:33:34 - [MESSAGE][PASSED] - Keys 'DOWN + ' sent to object: 'Object Repository/Objects.HighlightElements/input_field'

2020-05-28 01:33:34 - [TEST_STEP][PASSED] - sendKeys(NewInputNmField, Keys.chord(ENTER)): Keys 'ENTER + ' sent to object: 'Object Repository/Objects.HighlightElements/input_field'

2020-05-28 01:33:34 - [MESSAGE][PASSED] - Keys 'ENTER + ' sent to object: 'Object Repository/Objects.HighlightElements/input_field'

2020-05-28 01:33:34 - [MESSAGE][PASSED] - Call Test Case 'Test Cases/PFI Precision and Scale/PFI Components/VerifyDropdownValues' successfully

2020-05-28 01:33:34 - [TEST_STEP][PASSED] - callTestCase(findTestCase("Components/ClickCancelIcon"), [:], STOP_ON_FAILURE): Call Test Case 'Test Cases/Components/ClickCancelIcon' successfully

2020-05-28 01:33:34 - [TEST_CASE][PASSED] - Test Cases/Components/ClickCancelIcon: Test Cases/Components/ClickCancelIcon

2020-05-28 01:33:34 - [TEST_STEP][PASSED] - Thread.sleep(1000): null

2020-05-28 01:33:35 - [TEST_STEP][PASSED] - com.reusableComponents.HighlightElement.run(findTestObject("Object Repository/Objects.ActionButtons/Cancel_Icon")): com.reusableComponents.HighlightElement.run is PASSED

2020-05-28 01:33:36 - [MESSAGE][PASSED] - com.reusableComponents.HighlightElement.run is PASSED

2020-05-28 01:33:36 - [TEST_STEP][PASSED] - click(findTestObject("Object Repository/Objects.ActionButtons/Cancel_Icon")): Object: 'Object Repository/Objects.ActionButtons/Cancel_Icon' is clicked on

2020-05-28 01:33:36 - [MESSAGE][PASSED] - Object: 'Object Repository/Objects.ActionButtons/Cancel_Icon' is clicked on

2020-05-28 01:33:36 - [MESSAGE][PASSED] - Call Test Case 'Test Cases/Components/ClickCancelIcon' successfully

2020-05-28 01:33:36 - [TEST_STEP][PASSED] - callTestCase(findTestCase("Components/DoubleClickToEnable"), ["HeaderCellName":"PE Name", "index":3], STOP_ON_FAILURE): Call Test Case 'Test Cases/Components/DoubleClickToEnable' successfully

2020-05-28 01:33:37 - [TEST_CASE][PASSED] - Test Cases/Components/DoubleClickToEnable: Test Cases/Components/DoubleClickToEnable

2020-05-28 01:33:37 - [TEST_STEP][PASSED] - Thread.sleep(1000): null

2020-05-28 01:33:38 - [TEST_STEP][PASSED] - modifiedInputField = modifyObjectProperty(findTestObject("Object Repository/Objects.HighlightElements/input_field_index"), "xpath", "equals", "//*[text()='" + HeaderCellName + "']//following::td[" + index + "]", true): Modify property of object successfully

2020-05-28 01:33:38 - [MESSAGE][PASSED] - Modify property of object successfully

2020-05-28 01:33:38 - [TEST_STEP][PASSED] - doubleClick(modifiedInputField): Object: 'Object Repository/Objects.HighlightElements/input_field_index' is double clicked on

2020-05-28 01:33:38 - [MESSAGE][PASSED] - Object: 'Object Repository/Objects.HighlightElements/input_field_index' is double clicked on

2020-05-28 01:33:38 - [MESSAGE][PASSED] - Call Test Case 'Test Cases/Components/DoubleClickToEnable' successfully

2020-05-28 01:33:38 - [TEST_STEP][PASSED] - callTestCase(findTestCase("Components/HighlightInputField"), ["InputFldName":"peName"], STOP_ON_FAILURE): Call Test Case 'Test Cases/Components/HighlightInputField' successfully

2020-05-28 01:33:38 - [TEST_CASE][PASSED] - Test Cases/Components/HighlightInputField: Test Cases/Components/HighlightInputField

2020-05-28 01:33:38 - [TEST_STEP][PASSED] - Thread.sleep(1000): null

2020-05-28 01:33:39 - [TEST_STEP][PASSED] - modifiedLblNm = modifyObjectProperty(findTestObject("Objects.HighlightElements/input_field"), "name", "equals", InputFldName, true): Modify property of object successfully

2020-05-28 01:33:39 - [MESSAGE][PASSED] - Modify property of object successfully

2020-05-28 01:33:39 - [TEST_STEP][PASSED] - com.reusableComponents.HighlightElement.run(modifiedLblNm): com.reusableComponents.HighlightElement.run is PASSED

2020-05-28 01:33:40 - [MESSAGE][PASSED] - com.reusableComponents.HighlightElement.run is PASSED

2020-05-28 01:33:40 - [MESSAGE][PASSED] - Call Test Case 'Test Cases/Components/HighlightInputField' successfully

2020-05-28 01:33:40 - [TEST_STEP][PASSED] - callTestCase(findTestCase("Components/SelectAllThenDelete"), ["tagToBeUsed":"*", "nameToBeUsed":"peName"], STOP_ON_FAILURE): Call Test Case 'Test Cases/Components/SelectAllThenDelete' successfully

2020-05-28 01:33:40 - [TEST_CASE][PASSED] - Test Cases/Components/SelectAllThenDelete: Test Cases/Components/SelectAllThenDelete

2020-05-28 01:33:40 - [TEST_STEP][PASSED] - Thread.sleep(1000): null

2020-05-28 01:33:41 - [TEST_STEP][PASSED] - firstModification = modifyObjectProperty(findTestObject("SendKey/object"), "tag", "equals", tagToBeUsed, false): Modify property of object successfully

2020-05-28 01:33:41 - [MESSAGE][PASSED] - Modify property of object successfully

2020-05-28 01:33:41 - [TEST_STEP][PASSED] - secondModification = modifyObjectProperty(firstModification, "name", "equals", nameToBeUsed, true): Modify property of object successfully

2020-05-28 01:33:41 - [MESSAGE][PASSED] - Modify property of object successfully

2020-05-28 01:33:41 - [TEST_STEP][PASSED] - sendKeys(secondModification, Keys.chord(CONTROL, "a")): Keys 'CONTROL + a' sent to object: 'Object Repository/SendKey/object'

2020-05-28 01:33:41 - [MESSAGE][PASSED] - Keys 'CONTROL + a' sent to object: 'Object Repository/SendKey/object'

2020-05-28 01:33:41 - [TEST_STEP][PASSED] - sendKeys(secondModification, Keys.chord(DELETE)): Keys 'DELETE + ' sent to object: 'Object Repository/SendKey/object'

2020-05-28 01:33:41 - [MESSAGE][PASSED] - Keys 'DELETE + ' sent to object: 'Object Repository/SendKey/object'

2020-05-28 01:33:41 - [MESSAGE][PASSED] - Call Test Case 'Test Cases/Components/SelectAllThenDelete' successfully

2020-05-28 01:33:41 - [TEST_STEP][PASSED] - callTestCase(findTestCase("PFI Precision and Scale/PFI Components/VerifyDropdownValues"), ["FldNm":"peName", "CallTCName":"PFI Precision and Scale/PFI Components/PELists", "cmbNm":"PEName", "NoOfVal":10, "DelayTime":5, ... ], STOP_ON_FAILURE): Call Test Case 'Test Cases/PFI Precision and Scale/PFI Components/VerifyDropdownValues' successfully

2020-05-28 01:33:41 - [TEST_CASE][PASSED] - Test Cases/PFI Precision and Scale/PFI Components/VerifyDropdownValues: Test Cases/PFI Precision and Scale/PFI Components/VerifyDropdownValues

2020-05-28 01:33:41 - [TEST_STEP][PASSED] - Thread.sleep(1000): null

2020-05-28 01:33:42 - [TEST_STEP][PASSED] - NewInputNmField = modifyObjectProperty(findTestObject("Objects.HighlightElements/input_field"), "name", "equals", FldNm, true): Modify property of object successfully

2020-05-28 01:33:42 - [MESSAGE][PASSED] - Modify property of object successfully

2020-05-28 01:33:42 - [TEST_STEP][PASSED] - comboNm = cmbNm: null

2020-05-28 01:33:42 - [TEST_STEP][PASSED] - focus(NewInputNmField): Object: 'Object Repository/Objects.HighlightElements/input_field' is focused

2020-05-28 01:33:43 - [MESSAGE][PASSED] - Object: 'Object Repository/Objects.HighlightElements/input_field' is focused

2020-05-28 01:33:43 - [TEST_STEP][PASSED] - setText(NewInputNmField, EnterValue): Text '' is set on object 'Object Repository/Objects.HighlightElements/input_field'

2020-05-28 01:33:43 - [MESSAGE][PASSED] - Text '' is set on object 'Object Repository/Objects.HighlightElements/input_field'

2020-05-28 01:33:43 - [TEST_STEP][PASSED] - for ([i = 1, i <= NoOfVal, (i++)]): Keys 'DOWN + ' sent to object: 'Object Repository/Objects.HighlightElements/input_field'

2020-05-28 01:33:43 - [TEST_STEP][PASSED] - sendKeys(NewInputNmField, Keys.chord(ARROW_DOWN)): Keys 'DOWN + ' sent to object: 'Object Repository/Objects.HighlightElements/input_field'

2020-05-28 01:33:43 - [MESSAGE][PASSED] - Keys 'DOWN + ' sent to object: 'Object Repository/Objects.HighlightElements/input_field'

2020-05-28 01:33:43 - [TEST_STEP][PASSED] - delay(DelayTime): Delayed 5 second(s)

2020-05-28 01:33:48 - [MESSAGE][PASSED] - Delayed 5 second(s)

2020-05-28 01:33:48 - [TEST_STEP][PASSED] - sendKeys(NewInputNmField, Keys.chord(ENTER)): Keys 'ENTER + ' sent to object: 'Object Repository/Objects.HighlightElements/input_field'

2020-05-28 01:33:48 - [MESSAGE][PASSED] - Keys 'ENTER + ' sent to object: 'Object Repository/Objects.HighlightElements/input_field'

2020-05-28 01:33:48 - [TEST_STEP][PASSED] - ComboBoxValue = getAttribute(NewInputNmField, "value"): Attribute 'value' of object 'Object Repository/Objects.HighlightElements/input_field' is: 'QP-0016'

2020-05-28 01:33:49 - [MESSAGE][PASSED] - Attribute 'value' of object 'Object Repository/Objects.HighlightElements/input_field' is: 'QP-0016'

2020-05-28 01:33:49 - [TEST_STEP][PASSED] - callTestCase(findTestCase(CallTCName), ["FindValue":ComboBoxValue, "DropdownNm":comboNm], STOP_ON_FAILURE): Call Test Case 'Test Cases/PFI Precision and Scale/PFI Components/PELists' successfully

2020-05-28 01:33:49 - [TEST_CASE][PASSED] - Test Cases/PFI Precision and Scale/PFI Components/PELists: Test Cases/PFI Precision and Scale/PFI Components/PELists

2020-05-28 01:33:49 - [TEST_STEP][PASSED] - Thread.sleep(1000): null

2020-05-28 01:33:50 - [TEST_STEP][PASSED] - PEListsTBL = ["0011":"QP-Formatted Address", "0012":"QP-0012", "0014":"QP-0014", "0015":"QP-0015", "0016":"QP-0016", "3214":"Dummy QP Name 3861", ... ]: null

2020-05-28 01:33:50 - [TEST_STEP][PASSED] - switch (DropdownNm): null

2020-05-28 01:33:50 - [TEST_STEP][PASSED] - case "PEName":: null

2020-05-28 01:33:50 - [TEST_STEP][PASSED] - ValueFound = PEListsTBL.find({ -> ... }): null

2020-05-28 01:33:50 - [TEST_STEP][PASSED] - break: null

2020-05-28 01:33:50 - [MESSAGE][PASSED] - Call Test Case 'Test Cases/PFI Precision and Scale/PFI Components/PELists' successfully

2020-05-28 01:33:50 - [TEST_STEP][PASSED] - println(ValueFound): null

2020-05-28 01:33:50 - [TEST_STEP][PASSED] - sendKeys(NewInputNmField, Keys.chord(ARROW_DOWN)): Keys 'DOWN + ' sent to object: 'Object Repository/Objects.HighlightElements/input_field'

2020-05-28 01:33:50 - [MESSAGE][PASSED] - Keys 'DOWN + ' sent to object: 'Object Repository/Objects.HighlightElements/input_field'

2020-05-28 01:33:50 - [TEST_STEP][PASSED] - sendKeys(NewInputNmField, Keys.chord(ARROW_DOWN)): Keys 'DOWN + ' sent to object: 'Object Repository/Objects.HighlightElements/input_field'

2020-05-28 01:33:51 - [MESSAGE][PASSED] - Keys 'DOWN + ' sent to object: 'Object Repository/Objects.HighlightElements/input_field'

2020-05-28 01:33:51 - [TEST_STEP][PASSED] - delay(DelayTime): Delayed 5 second(s)

2020-05-28 01:33:56 - [MESSAGE][PASSED] - Delayed 5 second(s)

2020-05-28 01:33:56 - [TEST_STEP][PASSED] - sendKeys(NewInputNmField, Keys.chord(ENTER)): Keys 'ENTER + ' sent to object: 'Object Repository/Objects.HighlightElements/input_field'

2020-05-28 01:33:56 - [MESSAGE][PASSED] - Keys 'ENTER + ' sent to object: 'Object Repository/Objects.HighlightElements/input_field'

2020-05-28 01:33:56 - [TEST_STEP][PASSED] - ComboBoxValue = getAttribute(NewInputNmField, "value"): Attribute 'value' of object 'Object Repository/Objects.HighlightElements/input_field' is: 'QP-0015'

2020-05-28 01:33:56 - [MESSAGE][PASSED] - Attribute 'value' of object 'Object Repository/Objects.HighlightElements/input_field' is: 'QP-0015'

2020-05-28 01:33:56 - [TEST_STEP][PASSED] - callTestCase(findTestCase(CallTCName), ["FindValue":ComboBoxValue, "DropdownNm":comboNm], STOP_ON_FAILURE): Call Test Case 'Test Cases/PFI Precision and Scale/PFI Components/PELists' successfully

2020-05-28 01:33:56 - [TEST_CASE][PASSED] - Test Cases/PFI Precision and Scale/PFI Components/PELists: Test Cases/PFI Precision and Scale/PFI Components/PELists

2020-05-28 01:33:56 - [TEST_STEP][PASSED] - Thread.sleep(1000): null

2020-05-28 01:33:57 - [TEST_STEP][PASSED] - PEListsTBL = ["0011":"QP-Formatted Address", "0012":"QP-0012", "0014":"QP-0014", "0015":"QP-0015", "0016":"QP-0016", "3214":"Dummy QP Name 3861", ... ]: null

2020-05-28 01:33:57 - [TEST_STEP][PASSED] - switch (DropdownNm): null

2020-05-28 01:33:57 - [TEST_STEP][PASSED] - case "PEName":: null

2020-05-28 01:33:57 - [TEST_STEP][PASSED] - ValueFound = PEListsTBL.find({ -> ... }): null

2020-05-28 01:33:57 - [TEST_STEP][PASSED] - break: null

2020-05-28 01:33:58 - [MESSAGE][PASSED] - Call Test Case 'Test Cases/PFI Precision and Scale/PFI Components/PELists' successfully

2020-05-28 01:33:58 - [TEST_STEP][PASSED] - println(ValueFound): null

2020-05-28 01:33:58 - [TEST_STEP][PASSED] - sendKeys(NewInputNmField, Keys.chord(ARROW_DOWN)): Keys 'DOWN + ' sent to object: 'Object Repository/Objects.HighlightElements/input_field'

2020-05-28 01:33:58 - [MESSAGE][PASSED] - Keys 'DOWN + ' sent to object: 'Object Repository/Objects.HighlightElements/input_field'

2020-05-28 01:33:58 - [TEST_STEP][PASSED] - sendKeys(NewInputNmField, Keys.chord(ARROW_DOWN)): Keys 'DOWN + ' sent to object: 'Object Repository/Objects.HighlightElements/input_field'

2020-05-28 01:33:58 - [MESSAGE][PASSED] - Keys 'DOWN + ' sent to object: 'Object Repository/Objects.HighlightElements/input_field'

2020-05-28 01:33:58 - [TEST_STEP][PASSED] - delay(DelayTime): Delayed 5 second(s)

2020-05-28 01:34:03 - [MESSAGE][PASSED] - Delayed 5 second(s)

2020-05-28 01:34:03 - [TEST_STEP][PASSED] - sendKeys(NewInputNmField, Keys.chord(ENTER)): Keys 'ENTER + ' sent to object: 'Object Repository/Objects.HighlightElements/input_field'

2020-05-28 01:34:04 - [MESSAGE][PASSED] - Keys 'ENTER + ' sent to object: 'Object Repository/Objects.HighlightElements/input_field'

2020-05-28 01:34:04 - [TEST_STEP][PASSED] - ComboBoxValue = getAttribute(NewInputNmField, "value"): Attribute 'value' of object 'Object Repository/Objects.HighlightElements/input_field' is: 'QP-0014'

2020-05-28 01:34:04 - [MESSAGE][PASSED] - Attribute 'value' of object 'Object Repository/Objects.HighlightElements/input_field' is: 'QP-0014'

2020-05-28 01:34:04 - [TEST_STEP][PASSED] - callTestCase(findTestCase(CallTCName), ["FindValue":ComboBoxValue, "DropdownNm":comboNm], STOP_ON_FAILURE): Call Test Case 'Test Cases/PFI Precision and Scale/PFI Components/PELists' successfully

2020-05-28 01:34:04 - [TEST_CASE][PASSED] - Test Cases/PFI Precision and Scale/PFI Components/PELists: Test Cases/PFI Precision and Scale/PFI Components/PELists

2020-05-28 01:34:04 - [TEST_STEP][PASSED] - Thread.sleep(1000): null

2020-05-28 01:34:05 - [TEST_STEP][PASSED] - PEListsTBL = ["0011":"QP-Formatted Address", "0012":"QP-0012", "0014":"QP-0014", "0015":"QP-0015", "0016":"QP-0016", "3214":"Dummy QP Name 3861", ... ]: null

2020-05-28 01:34:05 - [TEST_STEP][PASSED] - switch (DropdownNm): null

2020-05-28 01:34:05 - [TEST_STEP][PASSED] - case "PEName":: null

2020-05-28 01:34:05 - [TEST_STEP][PASSED] - ValueFound = PEListsTBL.find({ -> ... }): null

2020-05-28 01:34:05 - [TEST_STEP][PASSED] - break: null

2020-05-28 01:34:05 - [MESSAGE][PASSED] - Call Test Case 'Test Cases/PFI Precision and Scale/PFI Components/PELists' successfully

2020-05-28 01:34:05 - [TEST_STEP][PASSED] - println(ValueFound): null

2020-05-28 01:34:05 - [TEST_STEP][PASSED] - sendKeys(NewInputNmField, Keys.chord(ARROW_DOWN)): Keys 'DOWN + ' sent to object: 'Object Repository/Objects.HighlightElements/input_field'

2020-05-28 01:34:05 - [MESSAGE][PASSED] - Keys 'DOWN + ' sent to object: 'Object Repository/Objects.HighlightElements/input_field'

2020-05-28 01:34:05 - [TEST_STEP][PASSED] - sendKeys(NewInputNmField, Keys.chord(ARROW_DOWN)): Keys 'DOWN + ' sent to object: 'Object Repository/Objects.HighlightElements/input_field'

2020-05-28 01:34:06 - [MESSAGE][PASSED] - Keys 'DOWN + ' sent to object: 'Object Repository/Objects.HighlightElements/input_field'

2020-05-28 01:34:06 - [TEST_STEP][PASSED] - delay(DelayTime): Delayed 5 second(s)

2020-05-28 01:34:11 - [MESSAGE][PASSED] - Delayed 5 second(s)

2020-05-28 01:34:11 - [TEST_STEP][PASSED] - sendKeys(NewInputNmField, Keys.chord(ENTER)): Keys 'ENTER + ' sent to object: 'Object Repository/Objects.HighlightElements/input_field'

2020-05-28 01:34:11 - [MESSAGE][PASSED] - Keys 'ENTER + ' sent to object: 'Object Repository/Objects.HighlightElements/input_field'

2020-05-28 01:34:11 - [TEST_STEP][PASSED] - ComboBoxValue = getAttribute(NewInputNmField, "value"): Attribute 'value' of object 'Object Repository/Objects.HighlightElements/input_field' is: 'QP-0012'

2020-05-28 01:34:11 - [MESSAGE][PASSED] - Attribute 'value' of object 'Object Repository/Objects.HighlightElements/input_field' is: 'QP-0012'

2020-05-28 01:34:11 - [TEST_STEP][PASSED] - callTestCase(findTestCase(CallTCName), ["FindValue":ComboBoxValue, "DropdownNm":comboNm], STOP_ON_FAILURE): Call Test Case 'Test Cases/PFI Precision and Scale/PFI Components/PELists' successfully

2020-05-28 01:34:12 - [TEST_CASE][PASSED] - Test Cases/PFI Precision and Scale/PFI Components/PELists: Test Cases/PFI Precision and Scale/PFI Components/PELists

2020-05-28 01:34:12 - [TEST_STEP][PASSED] - Thread.sleep(1000): null

2020-05-28 01:34:13 - [TEST_STEP][PASSED] - PEListsTBL = ["0011":"QP-Formatted Address", "0012":"QP-0012", "0014":"QP-0014", "0015":"QP-0015", "0016":"QP-0016", "3214":"Dummy QP Name 3861", ... ]: null

2020-05-28 01:34:13 - [TEST_STEP][PASSED] - switch (DropdownNm): null

2020-05-28 01:34:13 - [TEST_STEP][PASSED] - case "PEName":: null

2020-05-28 01:34:13 - [TEST_STEP][PASSED] - ValueFound = PEListsTBL.find({ -> ... }): null

2020-05-28 01:34:13 - [TEST_STEP][PASSED] - break: null

2020-05-28 01:34:13 - [MESSAGE][PASSED] - Call Test Case 'Test Cases/PFI Precision and Scale/PFI Components/PELists' successfully

2020-05-28 01:34:13 - [TEST_STEP][PASSED] - println(ValueFound): null

2020-05-28 01:34:13 - [TEST_STEP][PASSED] - sendKeys(NewInputNmField, Keys.chord(ARROW_DOWN)): Keys 'DOWN + ' sent to object: 'Object Repository/Objects.HighlightElements/input_field'

2020-05-28 01:34:13 - [MESSAGE][PASSED] - Keys 'DOWN + ' sent to object: 'Object Repository/Objects.HighlightElements/input_field'

2020-05-28 01:34:13 - [TEST_STEP][PASSED] - sendKeys(NewInputNmField, Keys.chord(ARROW_DOWN)): Keys 'DOWN + ' sent to object: 'Object Repository/Objects.HighlightElements/input_field'

2020-05-28 01:34:13 - [MESSAGE][PASSED] - Keys 'DOWN + ' sent to object: 'Object Repository/Objects.HighlightElements/input_field'

2020-05-28 01:34:13 - [TEST_STEP][PASSED] - delay(DelayTime): Delayed 5 second(s)

2020-05-28 01:34:18 - [MESSAGE][PASSED] - Delayed 5 second(s)

2020-05-28 01:34:18 - [TEST_STEP][PASSED] - sendKeys(NewInputNmField, Keys.chord(ENTER)): Keys 'ENTER + ' sent to object: 'Object Repository/Objects.HighlightElements/input_field'

2020-05-28 01:34:18 - [MESSAGE][PASSED] - Keys 'ENTER + ' sent to object: 'Object Repository/Objects.HighlightElements/input_field'

2020-05-28 01:34:18 - [TEST_STEP][PASSED] - ComboBoxValue = getAttribute(NewInputNmField, "value"): Attribute 'value' of object 'Object Repository/Objects.HighlightElements/input_field' is: 'QP-Formatted Address'

2020-05-28 01:34:19 - [MESSAGE][PASSED] - Attribute 'value' of object 'Object Repository/Objects.HighlightElements/input_field' is: 'QP-Formatted Address'

2020-05-28 01:34:19 - [TEST_STEP][PASSED] - callTestCase(findTestCase(CallTCName), ["FindValue":ComboBoxValue, "DropdownNm":comboNm], STOP_ON_FAILURE): Call Test Case 'Test Cases/PFI Precision and Scale/PFI Components/PELists' successfully

2020-05-28 01:34:19 - [TEST_CASE][PASSED] - Test Cases/PFI Precision and Scale/PFI Components/PELists: Test Cases/PFI Precision and Scale/PFI Components/PELists

2020-05-28 01:34:19 - [TEST_STEP][PASSED] - Thread.sleep(1000): null

2020-05-28 01:34:20 - [TEST_STEP][PASSED] - PEListsTBL = ["0011":"QP-Formatted Address", "0012":"QP-0012", "0014":"QP-0014", "0015":"QP-0015", "0016":"QP-0016", "3214":"Dummy QP Name 3861", ... ]: null

2020-05-28 01:34:20 - [TEST_STEP][PASSED] - switch (DropdownNm): null

2020-05-28 01:34:20 - [TEST_STEP][PASSED] - case "PEName":: null

2020-05-28 01:34:20 - [TEST_STEP][PASSED] - ValueFound = PEListsTBL.find({ -> ... }): null

2020-05-28 01:34:20 - [TEST_STEP][PASSED] - break: null

2020-05-28 01:34:20 - [MESSAGE][PASSED] - Call Test Case 'Test Cases/PFI Precision and Scale/PFI Components/PELists' successfully

2020-05-28 01:34:20 - [TEST_STEP][PASSED] - println(ValueFound): null

2020-05-28 01:34:20 - [TEST_STEP][PASSED] - sendKeys(NewInputNmField, Keys.chord(ARROW_DOWN)): Keys 'DOWN + ' sent to object: 'Object Repository/Objects.HighlightElements/input_field'

2020-05-28 01:34:20 - [MESSAGE][PASSED] - Keys 'DOWN + ' sent to object: 'Object Repository/Objects.HighlightElements/input_field'

2020-05-28 01:34:20 - [TEST_STEP][PASSED] - sendKeys(NewInputNmField, Keys.chord(ARROW_DOWN)): Keys 'DOWN + ' sent to object: 'Object Repository/Objects.HighlightElements/input_field'

2020-05-28 01:34:21 - [MESSAGE][PASSED] - Keys 'DOWN + ' sent to object: 'Object Repository/Objects.HighlightElements/input_field'

2020-05-28 01:34:21 - [TEST_STEP][PASSED] - delay(DelayTime): Delayed 5 second(s)

2020-05-28 01:34:26 - [MESSAGE][PASSED] - Delayed 5 second(s)

2020-05-28 01:34:26 - [TEST_STEP][PASSED] - sendKeys(NewInputNmField, Keys.chord(ENTER)): Keys 'ENTER + ' sent to object: 'Object Repository/Objects.HighlightElements/input_field'

2020-05-28 01:34:26 - [MESSAGE][PASSED] - Keys 'ENTER + ' sent to object: 'Object Repository/Objects.HighlightElements/input_field'

2020-05-28 01:34:26 - [TEST_STEP][PASSED] - ComboBoxValue = getAttribute(NewInputNmField, "value"): Attribute 'value' of object 'Object Repository/Objects.HighlightElements/input_field' is: 'QP-7004'

2020-05-28 01:34:26 - [MESSAGE][PASSED] - Attribute 'value' of object 'Object Repository/Objects.HighlightElements/input_field' is: 'QP-7004'

2020-05-28 01:34:26 - [TEST_STEP][PASSED] - callTestCase(findTestCase(CallTCName), ["FindValue":ComboBoxValue, "DropdownNm":comboNm], STOP_ON_FAILURE): Call Test Case 'Test Cases/PFI Precision and Scale/PFI Components/PELists' successfully

2020-05-28 01:34:27 - [TEST_CASE][PASSED] - Test Cases/PFI Precision and Scale/PFI Components/PELists: Test Cases/PFI Precision and Scale/PFI Components/PELists

2020-05-28 01:34:27 - [TEST_STEP][PASSED] - Thread.sleep(1000): null

2020-05-28 01:34:28 - [TEST_STEP][PASSED] - PEListsTBL = ["0011":"QP-Formatted Address", "0012":"QP-0012", "0014":"QP-0014", "0015":"QP-0015", "0016":"QP-0016", "3214":"Dummy QP Name 3861", ... ]: null

2020-05-28 01:34:28 - [TEST_STEP][PASSED] - switch (DropdownNm): null

2020-05-28 01:34:28 - [TEST_STEP][PASSED] - case "PEName":: null

2020-05-28 01:34:28 - [TEST_STEP][PASSED] - ValueFound = PEListsTBL.find({ -> ... }): null

2020-05-28 01:34:28 - [TEST_STEP][PASSED] - break: null

2020-05-28 01:34:28 - [MESSAGE][PASSED] - Call Test Case 'Test Cases/PFI Precision and Scale/PFI Components/PELists' successfully

2020-05-28 01:34:28 - [TEST_STEP][PASSED] - println(ValueFound): null

2020-05-28 01:34:28 - [TEST_STEP][PASSED] - sendKeys(NewInputNmField, Keys.chord(ARROW_DOWN)): Keys 'DOWN + ' sent to object: 'Object Repository/Objects.HighlightElements/input_field'

2020-05-28 01:34:28 - [MESSAGE][PASSED] - Keys 'DOWN + ' sent to object: 'Object Repository/Objects.HighlightElements/input_field'

2020-05-28 01:34:28 - [TEST_STEP][PASSED] - sendKeys(NewInputNmField, Keys.chord(ARROW_DOWN)): Keys 'DOWN + ' sent to object: 'Object Repository/Objects.HighlightElements/input_field'

2020-05-28 01:34:28 - [MESSAGE][PASSED] - Keys 'DOWN + ' sent to object: 'Object Repository/Objects.HighlightElements/input_field'

2020-05-28 01:34:28 - [TEST_STEP][PASSED] - delay(DelayTime): Delayed 5 second(s)

2020-05-28 01:34:33 - [MESSAGE][PASSED] - Delayed 5 second(s)

2020-05-28 01:34:33 - [TEST_STEP][PASSED] - sendKeys(NewInputNmField, Keys.chord(ENTER)): Keys 'ENTER + ' sent to object: 'Object Repository/Objects.HighlightElements/input_field'

2020-05-28 01:34:34 - [MESSAGE][PASSED] - Keys 'ENTER + ' sent to object: 'Object Repository/Objects.HighlightElements/input_field'

2020-05-28 01:34:34 - [TEST_STEP][PASSED] - ComboBoxValue = getAttribute(NewInputNmField, "value"): Attribute 'value' of object 'Object Repository/Objects.HighlightElements/input_field' is: 'Janet Waters'

2020-05-28 01:34:34 - [MESSAGE][PASSED] - Attribute 'value' of object 'Object Repository/Objects.HighlightElements/input_field' is: 'Janet Waters'

2020-05-28 01:34:34 - [TEST_STEP][PASSED] - callTestCase(findTestCase(CallTCName), ["FindValue":ComboBoxValue, "DropdownNm":comboNm], STOP_ON_FAILURE): Call Test Case 'Test Cases/PFI Precision and Scale/PFI Components/PELists' successfully

2020-05-28 01:34:34 - [TEST_CASE][PASSED] - Test Cases/PFI Precision and Scale/PFI Components/PELists: Test Cases/PFI Precision and Scale/PFI Components/PELists

2020-05-28 01:34:34 - [TEST_STEP][PASSED] - Thread.sleep(1000): null

2020-05-28 01:34:35 - [TEST_STEP][PASSED] - PEListsTBL = ["0011":"QP-Formatted Address", "0012":"QP-0012", "0014":"QP-0014", "0015":"QP-0015", "0016":"QP-0016", "3214":"Dummy QP Name 3861", ... ]: null

2020-05-28 01:34:35 - [TEST_STEP][PASSED] - switch (DropdownNm): null

2020-05-28 01:34:35 - [TEST_STEP][PASSED] - case "PEName":: null

2020-05-28 01:34:35 - [TEST_STEP][PASSED] - ValueFound = PEListsTBL.find({ -> ... }): null

2020-05-28 01:34:35 - [TEST_STEP][PASSED] - break: null

2020-05-28 01:34:35 - [MESSAGE][PASSED] - Call Test Case 'Test Cases/PFI Precision and Scale/PFI Components/PELists' successfully

2020-05-28 01:34:35 - [TEST_STEP][PASSED] - println(ValueFound): null

2020-05-28 01:34:35 - [TEST_STEP][PASSED] - sendKeys(NewInputNmField, Keys.chord(ARROW_DOWN)): Keys 'DOWN + ' sent to object: 'Object Repository/Objects.HighlightElements/input_field'

2020-05-28 01:34:35 - [MESSAGE][PASSED] - Keys 'DOWN + ' sent to object: 'Object Repository/Objects.HighlightElements/input_field'

2020-05-28 01:34:35 - [TEST_STEP][PASSED] - sendKeys(NewInputNmField, Keys.chord(ARROW_DOWN)): Keys 'DOWN + ' sent to object: 'Object Repository/Objects.HighlightElements/input_field'

2020-05-28 01:34:36 - [MESSAGE][PASSED] - Keys 'DOWN + ' sent to object: 'Object Repository/Objects.HighlightElements/input_field'

2020-05-28 01:34:36 - [TEST_STEP][PASSED] - delay(DelayTime): Delayed 5 second(s)

2020-05-28 01:34:41 - [MESSAGE][PASSED] - Delayed 5 second(s)

2020-05-28 01:34:41 - [TEST_STEP][PASSED] - sendKeys(NewInputNmField, Keys.chord(ENTER)): Keys 'ENTER + ' sent to object: 'Object Repository/Objects.HighlightElements/input_field'

2020-05-28 01:34:41 - [MESSAGE][PASSED] - Keys 'ENTER + ' sent to object: 'Object Repository/Objects.HighlightElements/input_field'

2020-05-28 01:34:41 - [TEST_STEP][PASSED] - ComboBoxValue = getAttribute(NewInputNmField, "value"): Attribute 'value' of object 'Object Repository/Objects.HighlightElements/input_field' is: 'Mrs. Mikayla Romaguera Sr.'

2020-05-28 01:34:41 - [MESSAGE][PASSED] - Attribute 'value' of object 'Object Repository/Objects.HighlightElements/input_field' is: 'Mrs. Mikayla Romaguera Sr.'

2020-05-28 01:34:41 - [TEST_STEP][PASSED] - callTestCase(findTestCase(CallTCName), ["FindValue":ComboBoxValue, "DropdownNm":comboNm], STOP_ON_FAILURE): Call Test Case 'Test Cases/PFI Precision and Scale/PFI Components/PELists' successfully

2020-05-28 01:34:41 - [TEST_CASE][PASSED] - Test Cases/PFI Precision and Scale/PFI Components/PELists: Test Cases/PFI Precision and Scale/PFI Components/PELists

2020-05-28 01:34:41 - [TEST_STEP][PASSED] - Thread.sleep(1000): null

2020-05-28 01:34:42 - [TEST_STEP][PASSED] - PEListsTBL = ["0011":"QP-Formatted Address", "0012":"QP-0012", "0014":"QP-0014", "0015":"QP-0015", "0016":"QP-0016", "3214":"Dummy QP Name 3861", ... ]: null

2020-05-28 01:34:42 - [TEST_STEP][PASSED] - switch (DropdownNm): null

2020-05-28 01:34:42 - [TEST_STEP][PASSED] - case "PEName":: null

2020-05-28 01:34:42 - [TEST_STEP][PASSED] - ValueFound = PEListsTBL.find({ -> ... }): null

2020-05-28 01:34:42 - [TEST_STEP][PASSED] - break: null

2020-05-28 01:34:42 - [MESSAGE][PASSED] - Call Test Case 'Test Cases/PFI Precision and Scale/PFI Components/PELists' successfully

2020-05-28 01:34:42 - [TEST_STEP][PASSED] - println(ValueFound): null

2020-05-28 01:34:42 - [TEST_STEP][PASSED] - sendKeys(NewInputNmField, Keys.chord(ARROW_DOWN)): Keys 'DOWN + ' sent to object: 'Object Repository/Objects.HighlightElements/input_field'

2020-05-28 01:34:43 - [MESSAGE][PASSED] - Keys 'DOWN + ' sent to object: 'Object Repository/Objects.HighlightElements/input_field'

2020-05-28 01:34:43 - [TEST_STEP][PASSED] - sendKeys(NewInputNmField, Keys.chord(ARROW_DOWN)): Keys 'DOWN + ' sent to object: 'Object Repository/Objects.HighlightElements/input_field'

2020-05-28 01:34:43 - [MESSAGE][PASSED] - Keys 'DOWN + ' sent to object: 'Object Repository/Objects.HighlightElements/input_field'

2020-05-28 01:34:43 - [TEST_STEP][PASSED] - delay(DelayTime): Delayed 5 second(s)

2020-05-28 01:34:48 - [MESSAGE][PASSED] - Delayed 5 second(s)

2020-05-28 01:34:48 - [TEST_STEP][PASSED] - sendKeys(NewInputNmField, Keys.chord(ENTER)): Keys 'ENTER + ' sent to object: 'Object Repository/Objects.HighlightElements/input_field'

2020-05-28 01:34:48 - [MESSAGE][PASSED] - Keys 'ENTER + ' sent to object: 'Object Repository/Objects.HighlightElements/input_field'

2020-05-28 01:34:48 - [TEST_STEP][PASSED] - ComboBoxValue = getAttribute(NewInputNmField, "value"): Attribute 'value' of object 'Object Repository/Objects.HighlightElements/input_field' is: 'Merlin Farrell'

2020-05-28 01:34:49 - [MESSAGE][PASSED] - Attribute 'value' of object 'Object Repository/Objects.HighlightElements/input_field' is: 'Merlin Farrell'

2020-05-28 01:34:49 - [TEST_STEP][PASSED] - callTestCase(findTestCase(CallTCName), ["FindValue":ComboBoxValue, "DropdownNm":comboNm], STOP_ON_FAILURE): Call Test Case 'Test Cases/PFI Precision and Scale/PFI Components/PELists' successfully

2020-05-28 01:34:49 - [TEST_CASE][PASSED] - Test Cases/PFI Precision and Scale/PFI Components/PELists: Test Cases/PFI Precision and Scale/PFI Components/PELists

2020-05-28 01:34:49 - [TEST_STEP][PASSED] - Thread.sleep(1000): null

2020-05-28 01:34:50 - [TEST_STEP][PASSED] - PEListsTBL = ["0011":"QP-Formatted Address", "0012":"QP-0012", "0014":"QP-0014", "0015":"QP-0015", "0016":"QP-0016", "3214":"Dummy QP Name 3861", ... ]: null

2020-05-28 01:34:50 - [TEST_STEP][PASSED] - switch (DropdownNm): null

2020-05-28 01:34:50 - [TEST_STEP][PASSED] - case "PEName":: null

2020-05-28 01:34:50 - [TEST_STEP][PASSED] - ValueFound = PEListsTBL.find({ -> ... }): null

2020-05-28 01:34:50 - [TEST_STEP][PASSED] - break: null

2020-05-28 01:34:50 - [MESSAGE][PASSED] - Call Test Case 'Test Cases/PFI Precision and Scale/PFI Components/PELists' successfully

2020-05-28 01:34:50 - [TEST_STEP][PASSED] - println(ValueFound): null

2020-05-28 01:34:50 - [TEST_STEP][PASSED] - sendKeys(NewInputNmField, Keys.chord(ARROW_DOWN)): Keys 'DOWN + ' sent to object: 'Object Repository/Objects.HighlightElements/input_field'

2020-05-28 01:34:50 - [MESSAGE][PASSED] - Keys 'DOWN + ' sent to object: 'Object Repository/Objects.HighlightElements/input_field'

2020-05-28 01:34:50 - [TEST_STEP][PASSED] - sendKeys(NewInputNmField, Keys.chord(ARROW_DOWN)): Keys 'DOWN + ' sent to object: 'Object Repository/Objects.HighlightElements/input_field'

2020-05-28 01:34:51 - [MESSAGE][PASSED] - Keys 'DOWN + ' sent to object: 'Object Repository/Objects.HighlightElements/input_field'

2020-05-28 01:34:51 - [TEST_STEP][PASSED] - delay(DelayTime): Delayed 5 second(s)

2020-05-28 01:34:56 - [MESSAGE][PASSED] - Delayed 5 second(s)

2020-05-28 01:34:56 - [TEST_STEP][PASSED] - sendKeys(NewInputNmField, Keys.chord(ENTER)): Keys 'ENTER + ' sent to object: 'Object Repository/Objects.HighlightElements/input_field'

2020-05-28 01:34:59 - [MESSAGE][PASSED] - Keys 'ENTER + ' sent to object: 'Object Repository/Objects.HighlightElements/input_field'

2020-05-28 01:34:59 - [TEST_STEP][PASSED] - ComboBoxValue = getAttribute(NewInputNmField, "value"): Attribute 'value' of object 'Object Repository/Objects.HighlightElements/input_field' is: 'Harley Treutel'

2020-05-28 01:35:05 - [MESSAGE][PASSED] - Attribute 'value' of object 'Object Repository/Objects.HighlightElements/input_field' is: 'Harley Treutel'

2020-05-28 01:35:05 - [TEST_STEP][PASSED] - callTestCase(findTestCase(CallTCName), ["FindValue":ComboBoxValue, "DropdownNm":comboNm], STOP_ON_FAILURE): Call Test Case 'Test Cases/PFI Precision and Scale/PFI Components/PELists' successfully

2020-05-28 01:35:20 - [TEST_CASE][PASSED] - Test Cases/PFI Precision and Scale/PFI Components/PELists: Test Cases/PFI Precision and Scale/PFI Components/PELists

2020-05-28 01:35:31 - [TEST_STEP][PASSED] - Thread.sleep(1000): null

2020-05-28 01:35:32 - [TEST_STEP][PASSED] - PEListsTBL = ["0011":"QP-Formatted Address", "0012":"QP-0012", "0014":"QP-0014", "0015":"QP-0015", "0016":"QP-0016", "3214":"Dummy QP Name 3861", ... ]: null

2020-05-28 01:35:32 - [TEST_STEP][PASSED] - switch (DropdownNm): null

2020-05-28 01:35:32 - [TEST_STEP][PASSED] - case "PEName":: null

2020-05-28 01:35:32 - [TEST_STEP][PASSED] - ValueFound = PEListsTBL.find({ -> ... }): null

2020-05-28 01:35:32 - [TEST_STEP][PASSED] - break: null

2020-05-28 01:35:32 - [MESSAGE][PASSED] - Call Test Case 'Test Cases/PFI Precision and Scale/PFI Components/PELists' successfully

2020-05-28 01:35:32 - [TEST_STEP][PASSED] - println(ValueFound): null

2020-05-28 01:35:32 - [TEST_STEP][PASSED] - sendKeys(NewInputNmField, Keys.chord(ARROW_DOWN)): Keys 'DOWN + ' sent to object: 'Object Repository/Objects.HighlightElements/input_field'

2020-05-28 01:35:34 - [MESSAGE][PASSED] - Keys 'DOWN + ' sent to object: 'Object Repository/Objects.HighlightElements/input_field'

2020-05-28 01:35:34 - [TEST_STEP][PASSED] - sendKeys(NewInputNmField, Keys.chord(ENTER)): Keys 'ENTER + ' sent to object: 'Object Repository/Objects.HighlightElements/input_field'

2020-05-28 01:35:38 - [MESSAGE][PASSED] - Keys 'ENTER + ' sent to object: 'Object Repository/Objects.HighlightElements/input_field'

2020-05-28 01:35:38 - [MESSAGE][PASSED] - Call Test Case 'Test Cases/PFI Precision and Scale/PFI Components/VerifyDropdownValues' successfully

2020-05-28 01:35:38 - [TEST_STEP][PASSED] - callTestCase(findTestCase("Components/ClickCancelIcon"), [:], STOP_ON_FAILURE): Call Test Case 'Test Cases/Components/ClickCancelIcon' successfully

2020-05-28 01:35:51 - [TEST_CASE][PASSED] - Test Cases/Components/ClickCancelIcon: Test Cases/Components/ClickCancelIcon

2020-05-28 01:35:59 - [TEST_STEP][PASSED] - Thread.sleep(1000): null

2020-05-28 01:36:00 - [TEST_STEP][PASSED] - com.reusableComponents.HighlightElement.run(findTestObject("Object Repository/Objects.ActionButtons/Cancel_Icon")): com.reusableComponents.HighlightElement.run is PASSED

2020-05-28 01:37:20 - [MESSAGE][PASSED] - com.reusableComponents.HighlightElement.run is PASSED

2020-05-28 01:37:20 - [TEST_STEP][PASSED] - click(findTestObject("Object Repository/Objects.ActionButtons/Cancel_Icon")): Object: 'Object Repository/Objects.ActionButtons/Cancel_Icon' is clicked on

2020-05-28 01:38:32 - [MESSAGE][PASSED] - Object: 'Object Repository/Objects.ActionButtons/Cancel_Icon' is clicked on

2020-05-28 01:38:32 - [MESSAGE][PASSED] - Call Test Case 'Test Cases/Components/ClickCancelIcon' successfully

2020-05-28 01:38:32 - [TEST_STEP][NOT_RUN] - callTestCase(findTestCase("Components/Logout"), ["LogoutPageTextToBeVerified":findTestData("Datatable").getValue("HomeBanner", 2)], STOP_ON_FAILURE): NOT_RUN: callTestCase(findTestCase("Components/Logout"), ["LogoutPageTextToBeVerified":findTestData("Datatable").getValue("HomeBanner", 2)], STOP_ON_FAILURE)

2020-05-28 01:38:32 - [MESSAGE][NOT_RUN] - NOT_RUN: callTestCase(findTestCase("Components/Logout"), ["LogoutPageTextToBeVerified":findTestData("Datatable").getValue("HomeBanner", 2)], STOP_ON_FAILURE)]]></system-out>
         <system-err><![CDATA[]]></system-err>
      </testcase>
      <testcase name="Test Cases/PFI Precision and Scale/PFI Test Cases/PFI.D2FormsLHS" time="234.114" classname="Test Cases/PFI Precision and Scale/PFI Test Cases/PFI.D2FormsLHS" status="PASSED">
         <system-out><![CDATA[2020-05-28 01:38:34 - [TEST_CASE][PASSED] - Test Cases/PFI Precision and Scale/PFI Test Cases/PFI.D2FormsLHS: Test Cases/PFI Precision and Scale/PFI Test Cases/PFI.D2FormsLHS

2020-05-28 01:39:53 - [TEST_STEP][NOT_RUN] - callTestCase(findTestCase("Components/LoginV2.0"), ["LinkToBeUsed":findTestData("Datatable").getValue("URL", 16), "LoginPageTextToBeVerified":findTestData("Datatable").getValue("HomeBanner", 2), ... ], STOP_ON_FAILURE): NOT_RUN: callTestCase(findTestCase("Components/LoginV2.0"), ["LinkToBeUsed":findTestData("Datatable").getValue("URL", 16), "LoginPageTextToBeVerified":findTestData("Datatable").getValue("HomeBanner", 2), ... ], STOP_ON_FAILURE)

2020-05-28 01:39:53 - [MESSAGE][NOT_RUN] - NOT_RUN: callTestCase(findTestCase("Components/LoginV2.0"), ["LinkToBeUsed":findTestData("Datatable").getValue("URL", 16), "LoginPageTextToBeVerified":findTestData("Datatable").getValue("HomeBanner", 2), ... ], STOP_ON_FAILURE)

2020-05-28 01:39:53 - [TEST_STEP][NOT_RUN] - callTestCase(findTestCase("Components/Filter"), ["taskDescription":"Process Case (SM)"], STOP_ON_FAILURE): NOT_RUN: callTestCase(findTestCase("Components/Filter"), ["taskDescription":"Process Case (SM)"], STOP_ON_FAILURE)

2020-05-28 01:39:53 - [MESSAGE][NOT_RUN] - NOT_RUN: callTestCase(findTestCase("Components/Filter"), ["taskDescription":"Process Case (SM)"], STOP_ON_FAILURE)

2020-05-28 01:39:53 - [TEST_STEP][NOT_RUN] - callTestCase(findTestCase("Components/ClickLinkDependingOnTextAndIndex"), ["linkName":"Process Case (SM)", "index":"2"], STOP_ON_FAILURE): NOT_RUN: callTestCase(findTestCase("Components/ClickLinkDependingOnTextAndIndex"), ["linkName":"Process Case (SM)", "index":"2"], STOP_ON_FAILURE)

2020-05-28 01:39:53 - [MESSAGE][NOT_RUN] - NOT_RUN: callTestCase(findTestCase("Components/ClickLinkDependingOnTextAndIndex"), ["linkName":"Process Case (SM)", "index":"2"], STOP_ON_FAILURE)

2020-05-28 01:39:53 - [TEST_STEP][PASSED] - callTestCase(findTestCase("Components/NavigateToAnyLHS"), ["LHS":"D2 Forms (Second Stage)"], STOP_ON_FAILURE): Call Test Case 'Test Cases/Components/NavigateToAnyLHS' successfully

2020-05-28 01:39:53 - [TEST_CASE][PASSED] - Test Cases/Components/NavigateToAnyLHS: Test Cases/Components/NavigateToAnyLHS

2020-05-28 01:39:53 - [TEST_STEP][PASSED] - Thread.sleep(1000): null

2020-05-28 01:39:54 - [TEST_STEP][PASSED] - modifiedLHS = modifyObjectProperty(findTestObject("Objects.NavigateToAnyLHS/Page_ISPS2/LHSToModify"), "text", "equals", LHS, true): Modify property of object successfully

2020-05-28 01:39:54 - [MESSAGE][PASSED] - Modify property of object successfully

2020-05-28 01:39:54 - [TEST_STEP][PASSED] - click(modifiedLHS): Object: 'Object Repository/Objects.NavigateToAnyLHS/Page_ISPS2/LHSToModify' is clicked on

2020-05-28 01:39:55 - [MESSAGE][PASSED] - Object: 'Object Repository/Objects.NavigateToAnyLHS/Page_ISPS2/LHSToModify' is clicked on

2020-05-28 01:39:55 - [TEST_STEP][PASSED] - currentLHS = getText(modifiedLHS): Text of object 'Object Repository/Objects.NavigateToAnyLHS/Page_ISPS2/LHSToModify' is: 'D2 Forms (Second Stage)'

2020-05-28 01:39:55 - [MESSAGE][PASSED] - Text of object 'Object Repository/Objects.NavigateToAnyLHS/Page_ISPS2/LHSToModify' is: 'D2 Forms (Second Stage)'

2020-05-28 01:39:55 - [TEST_STEP][PASSED] - Thread.sleep(5000): null

2020-05-28 01:40:00 - [MESSAGE][PASSED] - Call Test Case 'Test Cases/Components/NavigateToAnyLHS' successfully

2020-05-28 01:40:00 - [TEST_STEP][PASSED] - callTestCase(findTestCase("Components/VerifyPageSuccessfullyLoadedII"), ["PageNm":"D Forms (Second Stage)"], STOP_ON_FAILURE): Call Test Case 'Test Cases/Components/VerifyPageSuccessfullyLoadedII' successfully

2020-05-28 01:40:01 - [TEST_CASE][PASSED] - Test Cases/Components/VerifyPageSuccessfullyLoadedII: Test Cases/Components/VerifyPageSuccessfullyLoadedII

2020-05-28 01:40:01 - [TEST_STEP][PASSED] - Thread.sleep(1000): null

2020-05-28 01:40:02 - [TEST_STEP][PASSED] - modifiedInputFld = modifyObjectProperty(findTestObject("Object Repository/Objects.VerifyPageSuccessfullyLoaded/PageHeaderIndex"), "xpath", "equals", "//*[contains(@class,'isps-page-title') and (text()='" + PageNm + "')]", true): Modify property of object successfully

2020-05-28 01:40:02 - [MESSAGE][PASSED] - Modify property of object successfully

2020-05-28 01:40:02 - [TEST_STEP][PASSED] - com.reusableComponents.HighlightElement.run(modifiedInputFld): com.reusableComponents.HighlightElement.run is PASSED

2020-05-28 01:40:02 - [MESSAGE][PASSED] - com.reusableComponents.HighlightElement.run is PASSED

2020-05-28 01:40:02 - [MESSAGE][PASSED] - Call Test Case 'Test Cases/Components/VerifyPageSuccessfullyLoadedII' successfully

2020-05-28 01:40:02 - [TEST_STEP][PASSED] - callTestCase(findTestCase("Components/ClickSubmitButton"), [:], STOP_ON_FAILURE): Call Test Case 'Test Cases/Components/ClickSubmitButton' successfully

2020-05-28 01:40:02 - [TEST_CASE][PASSED] - Test Cases/Components/ClickSubmitButton: Test Cases/Components/ClickSubmitButton

2020-05-28 01:40:02 - [TEST_STEP][PASSED] - Thread.sleep(1000): null

2020-05-28 01:40:03 - [TEST_STEP][PASSED] - com.reusableComponents.HighlightElement.run(findTestObject("Objects.ClickSubmitButton/XP_SubmitButton")): com.reusableComponents.HighlightElement.run is PASSED

2020-05-28 01:40:04 - [MESSAGE][PASSED] - com.reusableComponents.HighlightElement.run is PASSED

2020-05-28 01:40:04 - [TEST_STEP][PASSED] - click(findTestObject("Objects.ClickSubmitButton/XP_SubmitButton")): Object: 'Object Repository/Objects.ClickSubmitButton/XP_SubmitButton' is clicked on

2020-05-28 01:40:04 - [MESSAGE][PASSED] - Object: 'Object Repository/Objects.ClickSubmitButton/XP_SubmitButton' is clicked on

2020-05-28 01:40:04 - [MESSAGE][PASSED] - Call Test Case 'Test Cases/Components/ClickSubmitButton' successfully

2020-05-28 01:40:04 - [TEST_STEP][PASSED] - callTestCase(findTestCase("PFI Precision and Scale/PFI Components/RequiredFieldValidation"), ["nameToBeUsed":"d2RecvDt"], STOP_ON_FAILURE): Call Test Case 'Test Cases/PFI Precision and Scale/PFI Components/RequiredFieldValidation' successfully

2020-05-28 01:40:05 - [TEST_CASE][PASSED] - Test Cases/PFI Precision and Scale/PFI Components/RequiredFieldValidation: Test Cases/PFI Precision and Scale/PFI Components/RequiredFieldValidation

2020-05-28 01:40:05 - [TEST_STEP][PASSED] - enableSmartWait(): null

2020-05-28 01:40:05 - [TEST_STEP][PASSED] - NewInputNmField = modifyObjectProperty(findTestObject("Objects.HighlightElements/input_field"), "name", "equals", nameToBeUsed, true): Modify property of object successfully

2020-05-28 01:40:05 - [MESSAGE][PASSED] - Modify property of object successfully

2020-05-28 01:40:05 - [TEST_STEP][PASSED] - mouseOver(NewInputNmField): Object: 'Object Repository/Objects.HighlightElements/input_field' is hovered

2020-05-28 01:40:05 - [MESSAGE][PASSED] - Object: 'Object Repository/Objects.HighlightElements/input_field' is hovered

2020-05-28 01:40:05 - [TEST_STEP][PASSED] - getRqErrMsg = getAttribute(NewInputNmField, "data-errorqtip"): Attribute 'data-errorqtip' of object 'Object Repository/Objects.HighlightElements/input_field' is: '<ul class="x-list-plain"><li>This field is required</li></ul>'

2020-05-28 01:40:05 - [MESSAGE][PASSED] - Attribute 'data-errorqtip' of object 'Object Repository/Objects.HighlightElements/input_field' is: '<ul class="x-list-plain"><li>This field is required</li></ul>'

2020-05-28 01:40:05 - [TEST_STEP][PASSED] - strToolTip = getRqErrMsg.substring(29, 61): null

2020-05-28 01:40:05 - [TEST_STEP][PASSED] - toolTipReqErrMsg = strToolTip.substring(0, 22): null

2020-05-28 01:40:05 - [TEST_STEP][PASSED] - verifyMatch(toolTipReqErrMsg, RqField, true): Actual text 'This field is required' and expected text 'This field is required' are matched  using regular expression

2020-05-28 01:40:05 - [MESSAGE][PASSED] - Actual text 'This field is required' and expected text 'This field is required' are matched  using regular expression

2020-05-28 01:40:05 - [MESSAGE][PASSED] - Call Test Case 'Test Cases/PFI Precision and Scale/PFI Components/RequiredFieldValidation' successfully

2020-05-28 01:40:05 - [TEST_STEP][PASSED] - callTestCase(findTestCase("PFI Precision and Scale/PFI Components/RequiredFieldValidation"), ["nameToBeUsed":"d2ComplDt"], STOP_ON_FAILURE): Call Test Case 'Test Cases/PFI Precision and Scale/PFI Components/RequiredFieldValidation' successfully

2020-05-28 01:40:05 - [TEST_CASE][PASSED] - Test Cases/PFI Precision and Scale/PFI Components/RequiredFieldValidation: Test Cases/PFI Precision and Scale/PFI Components/RequiredFieldValidation

2020-05-28 01:40:05 - [TEST_STEP][PASSED] - enableSmartWait(): null

2020-05-28 01:40:05 - [TEST_STEP][PASSED] - NewInputNmField = modifyObjectProperty(findTestObject("Objects.HighlightElements/input_field"), "name", "equals", nameToBeUsed, true): Modify property of object successfully

2020-05-28 01:40:05 - [MESSAGE][PASSED] - Modify property of object successfully

2020-05-28 01:40:05 - [TEST_STEP][PASSED] - mouseOver(NewInputNmField): Object: 'Object Repository/Objects.HighlightElements/input_field' is hovered

2020-05-28 01:40:06 - [MESSAGE][PASSED] - Object: 'Object Repository/Objects.HighlightElements/input_field' is hovered

2020-05-28 01:40:06 - [TEST_STEP][PASSED] - getRqErrMsg = getAttribute(NewInputNmField, "data-errorqtip"): Attribute 'data-errorqtip' of object 'Object Repository/Objects.HighlightElements/input_field' is: '<ul class="x-list-plain"><li>This field is required</li></ul>'

2020-05-28 01:40:06 - [MESSAGE][PASSED] - Attribute 'data-errorqtip' of object 'Object Repository/Objects.HighlightElements/input_field' is: '<ul class="x-list-plain"><li>This field is required</li></ul>'

2020-05-28 01:40:06 - [TEST_STEP][PASSED] - strToolTip = getRqErrMsg.substring(29, 61): null

2020-05-28 01:40:06 - [TEST_STEP][PASSED] - toolTipReqErrMsg = strToolTip.substring(0, 22): null

2020-05-28 01:40:06 - [TEST_STEP][PASSED] - verifyMatch(toolTipReqErrMsg, RqField, true): Actual text 'This field is required' and expected text 'This field is required' are matched  using regular expression

2020-05-28 01:40:06 - [MESSAGE][PASSED] - Actual text 'This field is required' and expected text 'This field is required' are matched  using regular expression

2020-05-28 01:40:06 - [MESSAGE][PASSED] - Call Test Case 'Test Cases/PFI Precision and Scale/PFI Components/RequiredFieldValidation' successfully

2020-05-28 01:40:06 - [TEST_STEP][PASSED] - callTestCase(findTestCase("PFI Precision and Scale/PFI Components/RequiredFieldValidation"), ["nameToBeUsed":"d2aRecvDt"], STOP_ON_FAILURE): Call Test Case 'Test Cases/PFI Precision and Scale/PFI Components/RequiredFieldValidation' successfully

2020-05-28 01:40:06 - [TEST_CASE][PASSED] - Test Cases/PFI Precision and Scale/PFI Components/RequiredFieldValidation: Test Cases/PFI Precision and Scale/PFI Components/RequiredFieldValidation

2020-05-28 01:40:06 - [TEST_STEP][PASSED] - enableSmartWait(): null

2020-05-28 01:40:06 - [TEST_STEP][PASSED] - NewInputNmField = modifyObjectProperty(findTestObject("Objects.HighlightElements/input_field"), "name", "equals", nameToBeUsed, true): Modify property of object successfully

2020-05-28 01:40:07 - [MESSAGE][PASSED] - Modify property of object successfully

2020-05-28 01:40:07 - [TEST_STEP][PASSED] - mouseOver(NewInputNmField): Object: 'Object Repository/Objects.HighlightElements/input_field' is hovered

2020-05-28 01:40:07 - [MESSAGE][PASSED] - Object: 'Object Repository/Objects.HighlightElements/input_field' is hovered

2020-05-28 01:40:07 - [TEST_STEP][PASSED] - getRqErrMsg = getAttribute(NewInputNmField, "data-errorqtip"): Attribute 'data-errorqtip' of object 'Object Repository/Objects.HighlightElements/input_field' is: '<ul class="x-list-plain"><li>This field is required</li></ul>'

2020-05-28 01:40:07 - [MESSAGE][PASSED] - Attribute 'data-errorqtip' of object 'Object Repository/Objects.HighlightElements/input_field' is: '<ul class="x-list-plain"><li>This field is required</li></ul>'

2020-05-28 01:40:07 - [TEST_STEP][PASSED] - strToolTip = getRqErrMsg.substring(29, 61): null

2020-05-28 01:40:07 - [TEST_STEP][PASSED] - toolTipReqErrMsg = strToolTip.substring(0, 22): null

2020-05-28 01:40:07 - [TEST_STEP][PASSED] - verifyMatch(toolTipReqErrMsg, RqField, true): Actual text 'This field is required' and expected text 'This field is required' are matched  using regular expression

2020-05-28 01:40:07 - [MESSAGE][PASSED] - Actual text 'This field is required' and expected text 'This field is required' are matched  using regular expression

2020-05-28 01:40:07 - [MESSAGE][PASSED] - Call Test Case 'Test Cases/PFI Precision and Scale/PFI Components/RequiredFieldValidation' successfully

2020-05-28 01:40:07 - [TEST_STEP][PASSED] - callTestCase(findTestCase("PFI Precision and Scale/PFI Components/RequiredFieldValidation"), ["nameToBeUsed":"d2aComplDt"], STOP_ON_FAILURE): Call Test Case 'Test Cases/PFI Precision and Scale/PFI Components/RequiredFieldValidation' successfully

2020-05-28 01:40:07 - [TEST_CASE][PASSED] - Test Cases/PFI Precision and Scale/PFI Components/RequiredFieldValidation: Test Cases/PFI Precision and Scale/PFI Components/RequiredFieldValidation

2020-05-28 01:40:07 - [TEST_STEP][PASSED] - enableSmartWait(): null

2020-05-28 01:40:07 - [TEST_STEP][PASSED] - NewInputNmField = modifyObjectProperty(findTestObject("Objects.HighlightElements/input_field"), "name", "equals", nameToBeUsed, true): Modify property of object successfully

2020-05-28 01:40:07 - [MESSAGE][PASSED] - Modify property of object successfully

2020-05-28 01:40:07 - [TEST_STEP][PASSED] - mouseOver(NewInputNmField): Object: 'Object Repository/Objects.HighlightElements/input_field' is hovered

2020-05-28 01:40:08 - [MESSAGE][PASSED] - Object: 'Object Repository/Objects.HighlightElements/input_field' is hovered

2020-05-28 01:40:08 - [TEST_STEP][PASSED] - getRqErrMsg = getAttribute(NewInputNmField, "data-errorqtip"): Attribute 'data-errorqtip' of object 'Object Repository/Objects.HighlightElements/input_field' is: '<ul class="x-list-plain"><li>This field is required</li></ul>'

2020-05-28 01:40:08 - [MESSAGE][PASSED] - Attribute 'data-errorqtip' of object 'Object Repository/Objects.HighlightElements/input_field' is: '<ul class="x-list-plain"><li>This field is required</li></ul>'

2020-05-28 01:40:08 - [TEST_STEP][PASSED] - strToolTip = getRqErrMsg.substring(29, 61): null

2020-05-28 01:40:08 - [TEST_STEP][PASSED] - toolTipReqErrMsg = strToolTip.substring(0, 22): null

2020-05-28 01:40:08 - [TEST_STEP][PASSED] - verifyMatch(toolTipReqErrMsg, RqField, true): Actual text 'This field is required' and expected text 'This field is required' are matched  using regular expression

2020-05-28 01:40:08 - [MESSAGE][PASSED] - Actual text 'This field is required' and expected text 'This field is required' are matched  using regular expression

2020-05-28 01:40:08 - [MESSAGE][PASSED] - Call Test Case 'Test Cases/PFI Precision and Scale/PFI Components/RequiredFieldValidation' successfully

2020-05-28 01:40:08 - [TEST_STEP][PASSED] - callTestCase(findTestCase("PFI Precision and Scale/PFI Components/RequiredFieldValidation"), ["nameToBeUsed":"peRegNbr"], STOP_ON_FAILURE): Call Test Case 'Test Cases/PFI Precision and Scale/PFI Components/RequiredFieldValidation' successfully

2020-05-28 01:40:08 - [TEST_CASE][PASSED] - Test Cases/PFI Precision and Scale/PFI Components/RequiredFieldValidation: Test Cases/PFI Precision and Scale/PFI Components/RequiredFieldValidation

2020-05-28 01:40:08 - [TEST_STEP][PASSED] - enableSmartWait(): null

2020-05-28 01:40:08 - [TEST_STEP][PASSED] - NewInputNmField = modifyObjectProperty(findTestObject("Objects.HighlightElements/input_field"), "name", "equals", nameToBeUsed, true): Modify property of object successfully

2020-05-28 01:40:08 - [MESSAGE][PASSED] - Modify property of object successfully

2020-05-28 01:40:08 - [TEST_STEP][PASSED] - mouseOver(NewInputNmField): Object: 'Object Repository/Objects.HighlightElements/input_field' is hovered

2020-05-28 01:40:09 - [MESSAGE][PASSED] - Object: 'Object Repository/Objects.HighlightElements/input_field' is hovered

2020-05-28 01:40:09 - [TEST_STEP][PASSED] - getRqErrMsg = getAttribute(NewInputNmField, "data-errorqtip"): Attribute 'data-errorqtip' of object 'Object Repository/Objects.HighlightElements/input_field' is: '<ul class="x-list-plain"><li>This field is required</li></ul>'

2020-05-28 01:40:09 - [MESSAGE][PASSED] - Attribute 'data-errorqtip' of object 'Object Repository/Objects.HighlightElements/input_field' is: '<ul class="x-list-plain"><li>This field is required</li></ul>'

2020-05-28 01:40:09 - [TEST_STEP][PASSED] - strToolTip = getRqErrMsg.substring(29, 61): null

2020-05-28 01:40:09 - [TEST_STEP][PASSED] - toolTipReqErrMsg = strToolTip.substring(0, 22): null

2020-05-28 01:40:09 - [TEST_STEP][PASSED] - verifyMatch(toolTipReqErrMsg, RqField, true): Actual text 'This field is required' and expected text 'This field is required' are matched  using regular expression

2020-05-28 01:40:09 - [MESSAGE][PASSED] - Actual text 'This field is required' and expected text 'This field is required' are matched  using regular expression

2020-05-28 01:40:09 - [MESSAGE][PASSED] - Call Test Case 'Test Cases/PFI Precision and Scale/PFI Components/RequiredFieldValidation' successfully

2020-05-28 01:40:09 - [TEST_STEP][PASSED] - callTestCase(findTestCase("Components/HighlightLabelField"), ["LblName":"Inspection D2 Receive Date *:"], STOP_ON_FAILURE): Call Test Case 'Test Cases/Components/HighlightLabelField' successfully

2020-05-28 01:40:09 - [TEST_CASE][PASSED] - Test Cases/Components/HighlightLabelField: Test Cases/Components/HighlightLabelField

2020-05-28 01:40:09 - [TEST_STEP][PASSED] - Thread.sleep(1000): null

2020-05-28 01:40:10 - [TEST_STEP][PASSED] - modifiedLblNm = modifyObjectProperty(findTestObject("Objects.HighlightElements/lblField"), "text", "equals", LblName, true): Modify property of object successfully

2020-05-28 01:40:10 - [MESSAGE][PASSED] - Modify property of object successfully

2020-05-28 01:40:10 - [TEST_STEP][PASSED] - com.reusableComponents.HighlightElement.run(modifiedLblNm): com.reusableComponents.HighlightElement.run is PASSED

2020-05-28 01:40:11 - [MESSAGE][PASSED] - com.reusableComponents.HighlightElement.run is PASSED

2020-05-28 01:40:11 - [MESSAGE][PASSED] - Call Test Case 'Test Cases/Components/HighlightLabelField' successfully

2020-05-28 01:40:11 - [TEST_STEP][PASSED] - callTestCase(findTestCase("Components/HighlightInputField"), ["InputFldName":"d2RecvDt"], STOP_ON_FAILURE): Call Test Case 'Test Cases/Components/HighlightInputField' successfully

2020-05-28 01:40:11 - [TEST_CASE][PASSED] - Test Cases/Components/HighlightInputField: Test Cases/Components/HighlightInputField

2020-05-28 01:40:11 - [TEST_STEP][PASSED] - Thread.sleep(1000): null

2020-05-28 01:40:12 - [TEST_STEP][PASSED] - modifiedLblNm = modifyObjectProperty(findTestObject("Objects.HighlightElements/input_field"), "name", "equals", InputFldName, true): Modify property of object successfully

2020-05-28 01:40:12 - [MESSAGE][PASSED] - Modify property of object successfully

2020-05-28 01:40:12 - [TEST_STEP][PASSED] - com.reusableComponents.HighlightElement.run(modifiedLblNm): com.reusableComponents.HighlightElement.run is PASSED

2020-05-28 01:40:13 - [MESSAGE][PASSED] - com.reusableComponents.HighlightElement.run is PASSED

2020-05-28 01:40:13 - [MESSAGE][PASSED] - Call Test Case 'Test Cases/Components/HighlightInputField' successfully

2020-05-28 01:40:13 - [TEST_STEP][PASSED] - callTestCase(findTestCase("PFI Precision and Scale/PFI Components/NumericTextboxValidationII"), ["nameToBeUsed":"d2RecvDt", "minLen":5], STOP_ON_FAILURE): Call Test Case 'Test Cases/PFI Precision and Scale/PFI Components/NumericTextboxValidationII' successfully

2020-05-28 01:40:13 - [TEST_CASE][PASSED] - Test Cases/PFI Precision and Scale/PFI Components/NumericTextboxValidationII: Test Cases/PFI Precision and Scale/PFI Components/NumericTextboxValidationII

2020-05-28 01:40:13 - [TEST_STEP][PASSED] - Thread.sleep(1000): null

2020-05-28 01:40:14 - [TEST_STEP][PASSED] - Numeric = "0123456789": null

2020-05-28 01:40:14 - [TEST_STEP][PASSED] - AlphaSpecialChar = z) + "`~!@#$%^&*()=_{}|\][;'":,?><"".join(): null

2020-05-28 01:40:14 - [TEST_STEP][PASSED] - RandomNumeric = RandomStringUtils.random(minLen, Numeric.toCharArray()): null

2020-05-28 01:40:14 - [TEST_STEP][PASSED] - RandomString = RandomStringUtils.random(minLen, AlphaSpecialChar): null

2020-05-28 01:40:14 - [TEST_STEP][PASSED] - regexPat = Pattern.compile("^[0-9]+$"): null

2020-05-28 01:40:14 - [TEST_STEP][PASSED] - NewInputNmField = modifyObjectProperty(findTestObject("Objects.RemarksValidation/input_Remarks"), "name", "equals", nameToBeUsed, true): Modify property of object successfully

2020-05-28 01:40:14 - [MESSAGE][PASSED] - Modify property of object successfully

2020-05-28 01:40:14 - [TEST_STEP][PASSED] - focus(NewInputNmField): Object: 'Object Repository/Objects.RemarksValidation/input_Remarks' is focused

2020-05-28 01:40:14 - [MESSAGE][PASSED] - Object: 'Object Repository/Objects.RemarksValidation/input_Remarks' is focused

2020-05-28 01:40:14 - [TEST_STEP][PASSED] - setText(NewInputNmField, RandomString): Text 'Z|h|"' is set on object 'Object Repository/Objects.RemarksValidation/input_Remarks'

2020-05-28 01:40:14 - [MESSAGE][PASSED] - Text 'Z|h|"' is set on object 'Object Repository/Objects.RemarksValidation/input_Remarks'

2020-05-28 01:40:14 - [TEST_STEP][PASSED] - GetInputVal = getAttribute(NewInputNmField, "value"): Attribute 'value' of object 'Object Repository/Objects.RemarksValidation/input_Remarks' is: ''

2020-05-28 01:40:14 - [MESSAGE][PASSED] - Attribute 'value' of object 'Object Repository/Objects.RemarksValidation/input_Remarks' is: ''

2020-05-28 01:40:14 - [TEST_STEP][PASSED] - if (GetInputVal.contains("e")): null

2020-05-28 01:40:14 - [TEST_STEP][PASSED] - else: Actual text '' and expected text '' are matched  using regular expression

2020-05-28 01:40:14 - [TEST_STEP][PASSED] - verifyMatch(GetInputVal, "", true): Actual text '' and expected text '' are matched  using regular expression

2020-05-28 01:40:14 - [MESSAGE][PASSED] - Actual text '' and expected text '' are matched  using regular expression

2020-05-28 01:40:14 - [TEST_STEP][PASSED] - setText(NewInputNmField, RandomNumeric): Text '71005' is set on object 'Object Repository/Objects.RemarksValidation/input_Remarks'

2020-05-28 01:40:15 - [MESSAGE][PASSED] - Text '71005' is set on object 'Object Repository/Objects.RemarksValidation/input_Remarks'

2020-05-28 01:40:15 - [TEST_STEP][PASSED] - GetEnteredIntegers = getAttribute(NewInputNmField, "value"): Attribute 'value' of object 'Object Repository/Objects.RemarksValidation/input_Remarks' is: '71005'

2020-05-28 01:40:15 - [MESSAGE][PASSED] - Attribute 'value' of object 'Object Repository/Objects.RemarksValidation/input_Remarks' is: '71005'

2020-05-28 01:40:15 - [TEST_STEP][PASSED] - matchStr = regexPat.matcher(GetEnteredIntegers): null

2020-05-28 01:40:15 - [TEST_STEP][PASSED] - if (matchStr.matches() == true): Accepting Numeric

2020-05-28 01:40:15 - [TEST_STEP][PASSED] - comment("Accepting Numeric"): Accepting Numeric

2020-05-28 01:40:15 - [MESSAGE][INFO] - Accepting Numeric

2020-05-28 01:40:15 - [MESSAGE][PASSED] - Call Test Case 'Test Cases/PFI Precision and Scale/PFI Components/NumericTextboxValidationII' successfully

2020-05-28 01:40:15 - [TEST_STEP][PASSED] - callTestCase(findTestCase("PFI Precision and Scale/PFI Components/InvalidDateErrorValidation"), ["FldNm":"d2RecvDt"], STOP_ON_FAILURE): Call Test Case 'Test Cases/PFI Precision and Scale/PFI Components/InvalidDateErrorValidation' successfully

2020-05-28 01:40:15 - [TEST_CASE][PASSED] - Test Cases/PFI Precision and Scale/PFI Components/InvalidDateErrorValidation: Test Cases/PFI Precision and Scale/PFI Components/InvalidDateErrorValidation

2020-05-28 01:40:16 - [TEST_STEP][PASSED] - Thread.sleep(1000): null

2020-05-28 01:40:17 - [TEST_STEP][PASSED] - DateFieldNm = modifyObjectProperty(findTestObject("Object Repository/Objects.DateValidation/Page_ISPS2/input__orderDt"), "name", "equals", FldNm, true): Modify property of object successfully

2020-05-28 01:40:17 - [MESSAGE][PASSED] - Modify property of object successfully

2020-05-28 01:40:17 - [TEST_STEP][PASSED] - focus(DateFieldNm): Object: 'Object Repository/Objects.DateValidation/Page_ISPS2/input__orderDt' is focused

2020-05-28 01:40:17 - [MESSAGE][PASSED] - Object: 'Object Repository/Objects.DateValidation/Page_ISPS2/input__orderDt' is focused

2020-05-28 01:40:17 - [TEST_STEP][PASSED] - getInputInvalidDate = getAttribute(DateFieldNm, "value"): Attribute 'value' of object 'Object Repository/Objects.DateValidation/Page_ISPS2/input__orderDt' is: '71005'

2020-05-28 01:40:17 - [MESSAGE][PASSED] - Attribute 'value' of object 'Object Repository/Objects.DateValidation/Page_ISPS2/input__orderDt' is: '71005'

2020-05-28 01:40:17 - [TEST_STEP][PASSED] - mouseOver(DateFieldNm): Object: 'Object Repository/Objects.DateValidation/Page_ISPS2/input__orderDt' is hovered

2020-05-28 01:40:18 - [MESSAGE][PASSED] - Object: 'Object Repository/Objects.DateValidation/Page_ISPS2/input__orderDt' is hovered

2020-05-28 01:40:18 - [TEST_STEP][PASSED] - getErrMsg = getAttribute(DateFieldNm, "data-errorqtip"): Attribute 'data-errorqtip' of object 'Object Repository/Objects.DateValidation/Page_ISPS2/input__orderDt' is: '<ul class="x-list-plain"><li>71005 is not a valid date - it must be in the format d/m/Y</li></ul>'

2020-05-28 01:40:18 - [MESSAGE][PASSED] - Attribute 'data-errorqtip' of object 'Object Repository/Objects.DateValidation/Page_ISPS2/input__orderDt' is: '<ul class="x-list-plain"><li>71005 is not a valid date - it must be in the format d/m/Y</li></ul>'

2020-05-28 01:40:18 - [TEST_STEP][PASSED] - getTotalLength = getErrMsg.length(): null

2020-05-28 01:40:18 - [TEST_STEP][PASSED] - RemoveULClass = getErrMsg.substring(29, getTotalLength): null

2020-05-28 01:40:18 - [TEST_STEP][PASSED] - LengthNoUlClass = RemoveULClass.length() - 10: null

2020-05-28 01:40:18 - [TEST_STEP][PASSED] - ToolTipInvErrMsg = RemoveULClass.substring(0, LengthNoUlClass): null

2020-05-28 01:40:18 - [TEST_STEP][PASSED] - ExpectedInvalidErrMsg = concatenate(getInputInvalidDate, " ", NotValidDt): Concatenated string array: '['71005',' ','is not a valid date - it must be in the format d/m/Y']' into '71005 is not a valid date - it must be in the format d/m/Y'

2020-05-28 01:40:18 - [MESSAGE][PASSED] - Concatenated string array: '['71005',' ','is not a valid date - it must be in the format d/m/Y']' into '71005 is not a valid date - it must be in the format d/m/Y'

2020-05-28 01:40:18 - [TEST_STEP][PASSED] - verifyMatch(ToolTipInvErrMsg, ExpectedInvalidErrMsg, true): Actual text '71005 is not a valid date - it must be in the format d/m/Y' and expected text '71005 is not a valid date - it must be in the format d/m/Y' are matched  using regular expression

2020-05-28 01:40:18 - [MESSAGE][PASSED] - Actual text '71005 is not a valid date - it must be in the format d/m/Y' and expected text '71005 is not a valid date - it must be in the format d/m/Y' are matched  using regular expression

2020-05-28 01:40:18 - [MESSAGE][PASSED] - Call Test Case 'Test Cases/PFI Precision and Scale/PFI Components/InvalidDateErrorValidation' successfully

2020-05-28 01:40:18 - [TEST_STEP][PASSED] - callTestCase(findTestCase("PFI Precision and Scale/PFI Components with Indexing/SelectDayInDatePickerWithIndex"), ["FldNm":"d2RecvDt", "SelectCurrentDay":"11", "index":1], STOP_ON_FAILURE): Call Test Case 'Test Cases/PFI Precision and Scale/PFI Components with Indexing/SelectDayInDatePickerWithIndex' successfully

2020-05-28 01:40:18 - [TEST_CASE][PASSED] - Test Cases/PFI Precision and Scale/PFI Components with Indexing/SelectDayInDatePickerWithIndex: Test Cases/PFI Precision and Scale/PFI Components with Indexing/SelectDayInDatePickerWithIndex

2020-05-28 01:40:18 - [TEST_STEP][PASSED] - Thread.sleep(1000): null

2020-05-28 01:40:19 - [TEST_STEP][PASSED] - DateFieldNm = modifyObjectProperty(findTestObject("Objects.HighlightElements/input_field"), "name", "equals", FldNm, true): Modify property of object successfully

2020-05-28 01:40:19 - [MESSAGE][PASSED] - Modify property of object successfully

2020-05-28 01:40:19 - [TEST_STEP][PASSED] - ModifyDay = modifyObjectProperty(findTestObject("Objects.DateValidation/Page_ISPS2/Select_Day_Index"), "xpath", "equals", "(//*[contains(@class, 'x-datepicker-date') and (text() = '" + SelectCurrentDay + "')])[" + index + "]", true): Modify property of object successfully

2020-05-28 01:40:19 - [MESSAGE][PASSED] - Modify property of object successfully

2020-05-28 01:40:19 - [TEST_STEP][PASSED] - sendKeys(DateFieldNm, Keys.chord(ARROW_DOWN)): Keys 'DOWN + ' sent to object: 'Object Repository/Objects.HighlightElements/input_field'

2020-05-28 01:40:19 - [MESSAGE][PASSED] - Keys 'DOWN + ' sent to object: 'Object Repository/Objects.HighlightElements/input_field'

2020-05-28 01:40:19 - [TEST_STEP][PASSED] - com.reusableComponents.HighlightElement.run(ModifyDay): com.reusableComponents.HighlightElement.run is PASSED

2020-05-28 01:40:20 - [MESSAGE][PASSED] - com.reusableComponents.HighlightElement.run is PASSED

2020-05-28 01:40:20 - [TEST_STEP][PASSED] - delay(1): Delayed 1 second(s)

2020-05-28 01:40:21 - [MESSAGE][PASSED] - Delayed 1 second(s)

2020-05-28 01:40:21 - [TEST_STEP][PASSED] - click(ModifyDay): Object: 'Object Repository/Objects.DateValidation/Page_ISPS2/Select_Day_Index' is clicked on

2020-05-28 01:40:21 - [MESSAGE][PASSED] - Object: 'Object Repository/Objects.DateValidation/Page_ISPS2/Select_Day_Index' is clicked on

2020-05-28 01:40:21 - [MESSAGE][PASSED] - Call Test Case 'Test Cases/PFI Precision and Scale/PFI Components with Indexing/SelectDayInDatePickerWithIndex' successfully

2020-05-28 01:40:21 - [TEST_STEP][PASSED] - callTestCase(findTestCase("PFI Precision and Scale/PFI Components/SelectTodayInDatePicker"), ["FldNm":"d2RecvDt", "index":"1"], STOP_ON_FAILURE): Call Test Case 'Test Cases/PFI Precision and Scale/PFI Components/SelectTodayInDatePicker' successfully

2020-05-28 01:40:21 - [TEST_CASE][PASSED] - Test Cases/PFI Precision and Scale/PFI Components/SelectTodayInDatePicker: Test Cases/PFI Precision and Scale/PFI Components/SelectTodayInDatePicker

2020-05-28 01:40:21 - [TEST_STEP][PASSED] - Thread.sleep(1000): null

2020-05-28 01:40:22 - [TEST_STEP][PASSED] - DateFieldNm = modifyObjectProperty(findTestObject("Object Repository/Objects.DateValidation/Page_ISPS2/input__orderDt"), "name", "equals", FldNm, true): Modify property of object successfully

2020-05-28 01:40:22 - [MESSAGE][PASSED] - Modify property of object successfully

2020-05-28 01:40:22 - [TEST_STEP][PASSED] - TodayBtn = modifyObjectProperty(findTestObject("Object Repository/Objects.DateValidation/Page_ISPS2/a_Today"), "xpath", "equals", "(//*[text() = 'Today'])[" + index + "]", true): Modify property of object successfully

2020-05-28 01:40:23 - [MESSAGE][PASSED] - Modify property of object successfully

2020-05-28 01:40:23 - [TEST_STEP][PASSED] - sendKeys(DateFieldNm, Keys.chord(ARROW_DOWN)): Keys 'DOWN + ' sent to object: 'Object Repository/Objects.DateValidation/Page_ISPS2/input__orderDt'

2020-05-28 01:40:23 - [MESSAGE][PASSED] - Keys 'DOWN + ' sent to object: 'Object Repository/Objects.DateValidation/Page_ISPS2/input__orderDt'

2020-05-28 01:40:23 - [TEST_STEP][PASSED] - com.reusableComponents.HighlightElement.run(TodayBtn): com.reusableComponents.HighlightElement.run is PASSED

2020-05-28 01:40:24 - [MESSAGE][PASSED] - com.reusableComponents.HighlightElement.run is PASSED

2020-05-28 01:40:24 - [TEST_STEP][PASSED] - click(TodayBtn): Object: 'Object Repository/Objects.DateValidation/Page_ISPS2/a_Today' is clicked on

2020-05-28 01:40:24 - [MESSAGE][PASSED] - Object: 'Object Repository/Objects.DateValidation/Page_ISPS2/a_Today' is clicked on

2020-05-28 01:40:24 - [MESSAGE][PASSED] - Call Test Case 'Test Cases/PFI Precision and Scale/PFI Components/SelectTodayInDatePicker' successfully

2020-05-28 01:40:24 - [TEST_STEP][PASSED] - callTestCase(findTestCase("Components/HighlightLabelField"), ["LblName":"Inspection D2 Compliance Date *:"], STOP_ON_FAILURE): Call Test Case 'Test Cases/Components/HighlightLabelField' successfully

2020-05-28 01:40:24 - [TEST_CASE][PASSED] - Test Cases/Components/HighlightLabelField: Test Cases/Components/HighlightLabelField

2020-05-28 01:40:24 - [TEST_STEP][PASSED] - Thread.sleep(1000): null

2020-05-28 01:40:25 - [TEST_STEP][PASSED] - modifiedLblNm = modifyObjectProperty(findTestObject("Objects.HighlightElements/lblField"), "text", "equals", LblName, true): Modify property of object successfully

2020-05-28 01:40:25 - [MESSAGE][PASSED] - Modify property of object successfully

2020-05-28 01:40:25 - [TEST_STEP][PASSED] - com.reusableComponents.HighlightElement.run(modifiedLblNm): com.reusableComponents.HighlightElement.run is PASSED

2020-05-28 01:40:26 - [MESSAGE][PASSED] - com.reusableComponents.HighlightElement.run is PASSED

2020-05-28 01:40:26 - [MESSAGE][PASSED] - Call Test Case 'Test Cases/Components/HighlightLabelField' successfully

2020-05-28 01:40:26 - [TEST_STEP][PASSED] - callTestCase(findTestCase("Components/HighlightInputField"), ["InputFldName":"d2ComplDt"], STOP_ON_FAILURE): Call Test Case 'Test Cases/Components/HighlightInputField' successfully

2020-05-28 01:40:26 - [TEST_CASE][PASSED] - Test Cases/Components/HighlightInputField: Test Cases/Components/HighlightInputField

2020-05-28 01:40:26 - [TEST_STEP][PASSED] - Thread.sleep(1000): null

2020-05-28 01:40:27 - [TEST_STEP][PASSED] - modifiedLblNm = modifyObjectProperty(findTestObject("Objects.HighlightElements/input_field"), "name", "equals", InputFldName, true): Modify property of object successfully

2020-05-28 01:40:27 - [MESSAGE][PASSED] - Modify property of object successfully

2020-05-28 01:40:27 - [TEST_STEP][PASSED] - com.reusableComponents.HighlightElement.run(modifiedLblNm): com.reusableComponents.HighlightElement.run is PASSED

2020-05-28 01:40:28 - [MESSAGE][PASSED] - com.reusableComponents.HighlightElement.run is PASSED

2020-05-28 01:40:28 - [MESSAGE][PASSED] - Call Test Case 'Test Cases/Components/HighlightInputField' successfully

2020-05-28 01:40:28 - [TEST_STEP][PASSED] - callTestCase(findTestCase("PFI Precision and Scale/PFI Components/NumericTextboxValidationII"), ["nameToBeUsed":"d2ComplDt", "minLen":6], STOP_ON_FAILURE): Call Test Case 'Test Cases/PFI Precision and Scale/PFI Components/NumericTextboxValidationII' successfully

2020-05-28 01:40:28 - [TEST_CASE][PASSED] - Test Cases/PFI Precision and Scale/PFI Components/NumericTextboxValidationII: Test Cases/PFI Precision and Scale/PFI Components/NumericTextboxValidationII

2020-05-28 01:40:28 - [TEST_STEP][PASSED] - Thread.sleep(1000): null

2020-05-28 01:40:29 - [TEST_STEP][PASSED] - Numeric = "0123456789": null

2020-05-28 01:40:29 - [TEST_STEP][PASSED] - AlphaSpecialChar = z) + "`~!@#$%^&*()=_{}|\][;'":,?><"".join(): null

2020-05-28 01:40:29 - [TEST_STEP][PASSED] - RandomNumeric = RandomStringUtils.random(minLen, Numeric.toCharArray()): null

2020-05-28 01:40:29 - [TEST_STEP][PASSED] - RandomString = RandomStringUtils.random(minLen, AlphaSpecialChar): null

2020-05-28 01:40:29 - [TEST_STEP][PASSED] - regexPat = Pattern.compile("^[0-9]+$"): null

2020-05-28 01:40:29 - [TEST_STEP][PASSED] - NewInputNmField = modifyObjectProperty(findTestObject("Objects.RemarksValidation/input_Remarks"), "name", "equals", nameToBeUsed, true): Modify property of object successfully

2020-05-28 01:40:29 - [MESSAGE][PASSED] - Modify property of object successfully

2020-05-28 01:40:29 - [TEST_STEP][PASSED] - focus(NewInputNmField): Object: 'Object Repository/Objects.RemarksValidation/input_Remarks' is focused

2020-05-28 01:40:29 - [MESSAGE][PASSED] - Object: 'Object Repository/Objects.RemarksValidation/input_Remarks' is focused

2020-05-28 01:40:29 - [TEST_STEP][PASSED] - setText(NewInputNmField, RandomString): Text 'rj)BtD' is set on object 'Object Repository/Objects.RemarksValidation/input_Remarks'

2020-05-28 01:40:29 - [MESSAGE][PASSED] - Text 'rj)BtD' is set on object 'Object Repository/Objects.RemarksValidation/input_Remarks'

2020-05-28 01:40:29 - [TEST_STEP][PASSED] - GetInputVal = getAttribute(NewInputNmField, "value"): Attribute 'value' of object 'Object Repository/Objects.RemarksValidation/input_Remarks' is: ''

2020-05-28 01:40:29 - [MESSAGE][PASSED] - Attribute 'value' of object 'Object Repository/Objects.RemarksValidation/input_Remarks' is: ''

2020-05-28 01:40:29 - [TEST_STEP][PASSED] - if (GetInputVal.contains("e")): null

2020-05-28 01:40:29 - [TEST_STEP][PASSED] - else: Actual text '' and expected text '' are matched  using regular expression

2020-05-28 01:40:29 - [TEST_STEP][PASSED] - verifyMatch(GetInputVal, "", true): Actual text '' and expected text '' are matched  using regular expression

2020-05-28 01:40:29 - [MESSAGE][PASSED] - Actual text '' and expected text '' are matched  using regular expression

2020-05-28 01:40:29 - [TEST_STEP][PASSED] - setText(NewInputNmField, RandomNumeric): Text '288934' is set on object 'Object Repository/Objects.RemarksValidation/input_Remarks'

2020-05-28 01:40:30 - [MESSAGE][PASSED] - Text '288934' is set on object 'Object Repository/Objects.RemarksValidation/input_Remarks'

2020-05-28 01:40:30 - [TEST_STEP][PASSED] - GetEnteredIntegers = getAttribute(NewInputNmField, "value"): Attribute 'value' of object 'Object Repository/Objects.RemarksValidation/input_Remarks' is: '288934'

2020-05-28 01:40:30 - [MESSAGE][PASSED] - Attribute 'value' of object 'Object Repository/Objects.RemarksValidation/input_Remarks' is: '288934'

2020-05-28 01:40:30 - [TEST_STEP][PASSED] - matchStr = regexPat.matcher(GetEnteredIntegers): null

2020-05-28 01:40:30 - [TEST_STEP][PASSED] - if (matchStr.matches() == true): Accepting Numeric

2020-05-28 01:40:30 - [TEST_STEP][PASSED] - comment("Accepting Numeric"): Accepting Numeric

2020-05-28 01:40:30 - [MESSAGE][INFO] - Accepting Numeric

2020-05-28 01:40:30 - [MESSAGE][PASSED] - Call Test Case 'Test Cases/PFI Precision and Scale/PFI Components/NumericTextboxValidationII' successfully

2020-05-28 01:40:30 - [TEST_STEP][PASSED] - callTestCase(findTestCase("PFI Precision and Scale/PFI Components/InvalidDateErrorValidation"), ["FldNm":"d2ComplDt"], STOP_ON_FAILURE): Call Test Case 'Test Cases/PFI Precision and Scale/PFI Components/InvalidDateErrorValidation' successfully

2020-05-28 01:40:30 - [TEST_CASE][PASSED] - Test Cases/PFI Precision and Scale/PFI Components/InvalidDateErrorValidation: Test Cases/PFI Precision and Scale/PFI Components/InvalidDateErrorValidation

2020-05-28 01:40:30 - [TEST_STEP][PASSED] - Thread.sleep(1000): null

2020-05-28 01:40:31 - [TEST_STEP][PASSED] - DateFieldNm = modifyObjectProperty(findTestObject("Object Repository/Objects.DateValidation/Page_ISPS2/input__orderDt"), "name", "equals", FldNm, true): Modify property of object successfully

2020-05-28 01:40:31 - [MESSAGE][PASSED] - Modify property of object successfully

2020-05-28 01:40:31 - [TEST_STEP][PASSED] - focus(DateFieldNm): Object: 'Object Repository/Objects.DateValidation/Page_ISPS2/input__orderDt' is focused

2020-05-28 01:40:32 - [MESSAGE][PASSED] - Object: 'Object Repository/Objects.DateValidation/Page_ISPS2/input__orderDt' is focused

2020-05-28 01:40:32 - [TEST_STEP][PASSED] - getInputInvalidDate = getAttribute(DateFieldNm, "value"): Attribute 'value' of object 'Object Repository/Objects.DateValidation/Page_ISPS2/input__orderDt' is: '288934'

2020-05-28 01:40:32 - [MESSAGE][PASSED] - Attribute 'value' of object 'Object Repository/Objects.DateValidation/Page_ISPS2/input__orderDt' is: '288934'

2020-05-28 01:40:32 - [TEST_STEP][PASSED] - mouseOver(DateFieldNm): Object: 'Object Repository/Objects.DateValidation/Page_ISPS2/input__orderDt' is hovered

2020-05-28 01:40:32 - [MESSAGE][PASSED] - Object: 'Object Repository/Objects.DateValidation/Page_ISPS2/input__orderDt' is hovered

2020-05-28 01:40:32 - [TEST_STEP][PASSED] - getErrMsg = getAttribute(DateFieldNm, "data-errorqtip"): Attribute 'data-errorqtip' of object 'Object Repository/Objects.DateValidation/Page_ISPS2/input__orderDt' is: '<ul class="x-list-plain"><li>288934 is not a valid date - it must be in the format d/m/Y</li></ul>'

2020-05-28 01:40:33 - [MESSAGE][PASSED] - Attribute 'data-errorqtip' of object 'Object Repository/Objects.DateValidation/Page_ISPS2/input__orderDt' is: '<ul class="x-list-plain"><li>288934 is not a valid date - it must be in the format d/m/Y</li></ul>'

2020-05-28 01:40:33 - [TEST_STEP][PASSED] - getTotalLength = getErrMsg.length(): null

2020-05-28 01:40:33 - [TEST_STEP][PASSED] - RemoveULClass = getErrMsg.substring(29, getTotalLength): null

2020-05-28 01:40:33 - [TEST_STEP][PASSED] - LengthNoUlClass = RemoveULClass.length() - 10: null

2020-05-28 01:40:33 - [TEST_STEP][PASSED] - ToolTipInvErrMsg = RemoveULClass.substring(0, LengthNoUlClass): null

2020-05-28 01:40:33 - [TEST_STEP][PASSED] - ExpectedInvalidErrMsg = concatenate(getInputInvalidDate, " ", NotValidDt): Concatenated string array: '['288934',' ','is not a valid date - it must be in the format d/m/Y']' into '288934 is not a valid date - it must be in the format d/m/Y'

2020-05-28 01:40:33 - [MESSAGE][PASSED] - Concatenated string array: '['288934',' ','is not a valid date - it must be in the format d/m/Y']' into '288934 is not a valid date - it must be in the format d/m/Y'

2020-05-28 01:40:33 - [TEST_STEP][PASSED] - verifyMatch(ToolTipInvErrMsg, ExpectedInvalidErrMsg, true): Actual text '288934 is not a valid date - it must be in the format d/m/Y' and expected text '288934 is not a valid date - it must be in the format d/m/Y' are matched  using regular expression

2020-05-28 01:40:33 - [MESSAGE][PASSED] - Actual text '288934 is not a valid date - it must be in the format d/m/Y' and expected text '288934 is not a valid date - it must be in the format d/m/Y' are matched  using regular expression

2020-05-28 01:40:33 - [MESSAGE][PASSED] - Call Test Case 'Test Cases/PFI Precision and Scale/PFI Components/InvalidDateErrorValidation' successfully

2020-05-28 01:40:33 - [TEST_STEP][PASSED] - callTestCase(findTestCase("PFI Precision and Scale/PFI Components with Indexing/SelectDayInDatePickerWithIndex"), ["FldNm":"d2ComplDt", "SelectCurrentDay":"15", "index":2], STOP_ON_FAILURE): Call Test Case 'Test Cases/PFI Precision and Scale/PFI Components with Indexing/SelectDayInDatePickerWithIndex' successfully

2020-05-28 01:40:33 - [TEST_CASE][PASSED] - Test Cases/PFI Precision and Scale/PFI Components with Indexing/SelectDayInDatePickerWithIndex: Test Cases/PFI Precision and Scale/PFI Components with Indexing/SelectDayInDatePickerWithIndex

2020-05-28 01:40:33 - [TEST_STEP][PASSED] - Thread.sleep(1000): null

2020-05-28 01:40:34 - [TEST_STEP][PASSED] - DateFieldNm = modifyObjectProperty(findTestObject("Objects.HighlightElements/input_field"), "name", "equals", FldNm, true): Modify property of object successfully

2020-05-28 01:40:34 - [MESSAGE][PASSED] - Modify property of object successfully

2020-05-28 01:40:34 - [TEST_STEP][PASSED] - ModifyDay = modifyObjectProperty(findTestObject("Objects.DateValidation/Page_ISPS2/Select_Day_Index"), "xpath", "equals", "(//*[contains(@class, 'x-datepicker-date') and (text() = '" + SelectCurrentDay + "')])[" + index + "]", true): Modify property of object successfully

2020-05-28 01:40:34 - [MESSAGE][PASSED] - Modify property of object successfully

2020-05-28 01:40:34 - [TEST_STEP][PASSED] - sendKeys(DateFieldNm, Keys.chord(ARROW_DOWN)): Keys 'DOWN + ' sent to object: 'Object Repository/Objects.HighlightElements/input_field'

2020-05-28 01:40:34 - [MESSAGE][PASSED] - Keys 'DOWN + ' sent to object: 'Object Repository/Objects.HighlightElements/input_field'

2020-05-28 01:40:34 - [TEST_STEP][PASSED] - com.reusableComponents.HighlightElement.run(ModifyDay): com.reusableComponents.HighlightElement.run is PASSED

2020-05-28 01:40:35 - [MESSAGE][PASSED] - com.reusableComponents.HighlightElement.run is PASSED

2020-05-28 01:40:35 - [TEST_STEP][PASSED] - delay(1): Delayed 1 second(s)

2020-05-28 01:40:36 - [MESSAGE][PASSED] - Delayed 1 second(s)

2020-05-28 01:40:36 - [TEST_STEP][PASSED] - click(ModifyDay): Object: 'Object Repository/Objects.DateValidation/Page_ISPS2/Select_Day_Index' is clicked on

2020-05-28 01:40:36 - [MESSAGE][PASSED] - Object: 'Object Repository/Objects.DateValidation/Page_ISPS2/Select_Day_Index' is clicked on

2020-05-28 01:40:36 - [MESSAGE][PASSED] - Call Test Case 'Test Cases/PFI Precision and Scale/PFI Components with Indexing/SelectDayInDatePickerWithIndex' successfully

2020-05-28 01:40:36 - [TEST_STEP][PASSED] - callTestCase(findTestCase("PFI Precision and Scale/PFI Components/SelectTodayInDatePicker"), ["FldNm":"d2ComplDt", "index":"2"], STOP_ON_FAILURE): Call Test Case 'Test Cases/PFI Precision and Scale/PFI Components/SelectTodayInDatePicker' successfully

2020-05-28 01:40:36 - [TEST_CASE][PASSED] - Test Cases/PFI Precision and Scale/PFI Components/SelectTodayInDatePicker: Test Cases/PFI Precision and Scale/PFI Components/SelectTodayInDatePicker

2020-05-28 01:40:36 - [TEST_STEP][PASSED] - Thread.sleep(1000): null

2020-05-28 01:40:37 - [TEST_STEP][PASSED] - DateFieldNm = modifyObjectProperty(findTestObject("Object Repository/Objects.DateValidation/Page_ISPS2/input__orderDt"), "name", "equals", FldNm, true): Modify property of object successfully

2020-05-28 01:40:37 - [MESSAGE][PASSED] - Modify property of object successfully

2020-05-28 01:40:37 - [TEST_STEP][PASSED] - TodayBtn = modifyObjectProperty(findTestObject("Object Repository/Objects.DateValidation/Page_ISPS2/a_Today"), "xpath", "equals", "(//*[text() = 'Today'])[" + index + "]", true): Modify property of object successfully

2020-05-28 01:40:37 - [MESSAGE][PASSED] - Modify property of object successfully

2020-05-28 01:40:37 - [TEST_STEP][PASSED] - sendKeys(DateFieldNm, Keys.chord(ARROW_DOWN)): Keys 'DOWN + ' sent to object: 'Object Repository/Objects.DateValidation/Page_ISPS2/input__orderDt'

2020-05-28 01:40:38 - [MESSAGE][PASSED] - Keys 'DOWN + ' sent to object: 'Object Repository/Objects.DateValidation/Page_ISPS2/input__orderDt'

2020-05-28 01:40:38 - [TEST_STEP][PASSED] - com.reusableComponents.HighlightElement.run(TodayBtn): com.reusableComponents.HighlightElement.run is PASSED

2020-05-28 01:40:38 - [MESSAGE][PASSED] - com.reusableComponents.HighlightElement.run is PASSED

2020-05-28 01:40:38 - [TEST_STEP][PASSED] - click(TodayBtn): Object: 'Object Repository/Objects.DateValidation/Page_ISPS2/a_Today' is clicked on

2020-05-28 01:40:39 - [MESSAGE][PASSED] - Object: 'Object Repository/Objects.DateValidation/Page_ISPS2/a_Today' is clicked on

2020-05-28 01:40:39 - [MESSAGE][PASSED] - Call Test Case 'Test Cases/PFI Precision and Scale/PFI Components/SelectTodayInDatePicker' successfully

2020-05-28 01:40:39 - [TEST_STEP][PASSED] - callTestCase(findTestCase("Components/HighlightLabelField"), ["LblName":"Inspection D2a Receive Date *:"], STOP_ON_FAILURE): Call Test Case 'Test Cases/Components/HighlightLabelField' successfully

2020-05-28 01:40:39 - [TEST_CASE][PASSED] - Test Cases/Components/HighlightLabelField: Test Cases/Components/HighlightLabelField

2020-05-28 01:40:39 - [TEST_STEP][PASSED] - Thread.sleep(1000): null

2020-05-28 01:40:40 - [TEST_STEP][PASSED] - modifiedLblNm = modifyObjectProperty(findTestObject("Objects.HighlightElements/lblField"), "text", "equals", LblName, true): Modify property of object successfully

2020-05-28 01:40:40 - [MESSAGE][PASSED] - Modify property of object successfully

2020-05-28 01:40:40 - [TEST_STEP][PASSED] - com.reusableComponents.HighlightElement.run(modifiedLblNm): com.reusableComponents.HighlightElement.run is PASSED

2020-05-28 01:40:41 - [MESSAGE][PASSED] - com.reusableComponents.HighlightElement.run is PASSED

2020-05-28 01:40:41 - [MESSAGE][PASSED] - Call Test Case 'Test Cases/Components/HighlightLabelField' successfully

2020-05-28 01:40:41 - [TEST_STEP][PASSED] - callTestCase(findTestCase("Components/HighlightInputField"), ["InputFldName":"d2aRecvDt"], STOP_ON_FAILURE): Call Test Case 'Test Cases/Components/HighlightInputField' successfully

2020-05-28 01:40:41 - [TEST_CASE][PASSED] - Test Cases/Components/HighlightInputField: Test Cases/Components/HighlightInputField

2020-05-28 01:40:41 - [TEST_STEP][PASSED] - Thread.sleep(1000): null

2020-05-28 01:40:42 - [TEST_STEP][PASSED] - modifiedLblNm = modifyObjectProperty(findTestObject("Objects.HighlightElements/input_field"), "name", "equals", InputFldName, true): Modify property of object successfully

2020-05-28 01:40:42 - [MESSAGE][PASSED] - Modify property of object successfully

2020-05-28 01:40:42 - [TEST_STEP][PASSED] - com.reusableComponents.HighlightElement.run(modifiedLblNm): com.reusableComponents.HighlightElement.run is PASSED

2020-05-28 01:40:42 - [MESSAGE][PASSED] - com.reusableComponents.HighlightElement.run is PASSED

2020-05-28 01:40:42 - [MESSAGE][PASSED] - Call Test Case 'Test Cases/Components/HighlightInputField' successfully

2020-05-28 01:40:42 - [TEST_STEP][PASSED] - callTestCase(findTestCase("PFI Precision and Scale/PFI Components/NumericTextboxValidationII"), ["nameToBeUsed":"d2aRecvDt", "minLen":8], STOP_ON_FAILURE): Call Test Case 'Test Cases/PFI Precision and Scale/PFI Components/NumericTextboxValidationII' successfully

2020-05-28 01:40:42 - [TEST_CASE][PASSED] - Test Cases/PFI Precision and Scale/PFI Components/NumericTextboxValidationII: Test Cases/PFI Precision and Scale/PFI Components/NumericTextboxValidationII

2020-05-28 01:40:42 - [TEST_STEP][PASSED] - Thread.sleep(1000): null

2020-05-28 01:40:43 - [TEST_STEP][PASSED] - Numeric = "0123456789": null

2020-05-28 01:40:43 - [TEST_STEP][PASSED] - AlphaSpecialChar = z) + "`~!@#$%^&*()=_{}|\][;'":,?><"".join(): null

2020-05-28 01:40:43 - [TEST_STEP][PASSED] - RandomNumeric = RandomStringUtils.random(minLen, Numeric.toCharArray()): null

2020-05-28 01:40:43 - [TEST_STEP][PASSED] - RandomString = RandomStringUtils.random(minLen, AlphaSpecialChar): null

2020-05-28 01:40:43 - [TEST_STEP][PASSED] - regexPat = Pattern.compile("^[0-9]+$"): null

2020-05-28 01:40:43 - [TEST_STEP][PASSED] - NewInputNmField = modifyObjectProperty(findTestObject("Objects.RemarksValidation/input_Remarks"), "name", "equals", nameToBeUsed, true): Modify property of object successfully

2020-05-28 01:40:43 - [MESSAGE][PASSED] - Modify property of object successfully

2020-05-28 01:40:43 - [TEST_STEP][PASSED] - focus(NewInputNmField): Object: 'Object Repository/Objects.RemarksValidation/input_Remarks' is focused

2020-05-28 01:40:44 - [MESSAGE][PASSED] - Object: 'Object Repository/Objects.RemarksValidation/input_Remarks' is focused

2020-05-28 01:40:44 - [TEST_STEP][PASSED] - setText(NewInputNmField, RandomString): Text 'k"F<~xOL' is set on object 'Object Repository/Objects.RemarksValidation/input_Remarks'

2020-05-28 01:40:44 - [MESSAGE][PASSED] - Text 'k"F<~xOL' is set on object 'Object Repository/Objects.RemarksValidation/input_Remarks'

2020-05-28 01:40:44 - [TEST_STEP][PASSED] - GetInputVal = getAttribute(NewInputNmField, "value"): Attribute 'value' of object 'Object Repository/Objects.RemarksValidation/input_Remarks' is: ''

2020-05-28 01:40:44 - [MESSAGE][PASSED] - Attribute 'value' of object 'Object Repository/Objects.RemarksValidation/input_Remarks' is: ''

2020-05-28 01:40:44 - [TEST_STEP][PASSED] - if (GetInputVal.contains("e")): null

2020-05-28 01:40:44 - [TEST_STEP][PASSED] - else: Actual text '' and expected text '' are matched  using regular expression

2020-05-28 01:40:44 - [TEST_STEP][PASSED] - verifyMatch(GetInputVal, "", true): Actual text '' and expected text '' are matched  using regular expression

2020-05-28 01:40:44 - [MESSAGE][PASSED] - Actual text '' and expected text '' are matched  using regular expression

2020-05-28 01:40:44 - [TEST_STEP][PASSED] - setText(NewInputNmField, RandomNumeric): Text '04581928' is set on object 'Object Repository/Objects.RemarksValidation/input_Remarks'

2020-05-28 01:40:44 - [MESSAGE][PASSED] - Text '04581928' is set on object 'Object Repository/Objects.RemarksValidation/input_Remarks'

2020-05-28 01:40:44 - [TEST_STEP][PASSED] - GetEnteredIntegers = getAttribute(NewInputNmField, "value"): Attribute 'value' of object 'Object Repository/Objects.RemarksValidation/input_Remarks' is: '04581928'

2020-05-28 01:40:45 - [MESSAGE][PASSED] - Attribute 'value' of object 'Object Repository/Objects.RemarksValidation/input_Remarks' is: '04581928'

2020-05-28 01:40:45 - [TEST_STEP][PASSED] - matchStr = regexPat.matcher(GetEnteredIntegers): null

2020-05-28 01:40:45 - [TEST_STEP][PASSED] - if (matchStr.matches() == true): Accepting Numeric

2020-05-28 01:40:45 - [TEST_STEP][PASSED] - comment("Accepting Numeric"): Accepting Numeric

2020-05-28 01:40:45 - [MESSAGE][INFO] - Accepting Numeric

2020-05-28 01:40:45 - [MESSAGE][PASSED] - Call Test Case 'Test Cases/PFI Precision and Scale/PFI Components/NumericTextboxValidationII' successfully

2020-05-28 01:40:45 - [TEST_STEP][PASSED] - callTestCase(findTestCase("PFI Precision and Scale/PFI Components/InvalidDateErrorValidation"), ["FldNm":"d2aRecvDt"], STOP_ON_FAILURE): Call Test Case 'Test Cases/PFI Precision and Scale/PFI Components/InvalidDateErrorValidation' successfully

2020-05-28 01:40:45 - [TEST_CASE][PASSED] - Test Cases/PFI Precision and Scale/PFI Components/InvalidDateErrorValidation: Test Cases/PFI Precision and Scale/PFI Components/InvalidDateErrorValidation

2020-05-28 01:40:45 - [TEST_STEP][PASSED] - Thread.sleep(1000): null

2020-05-28 01:40:46 - [TEST_STEP][PASSED] - DateFieldNm = modifyObjectProperty(findTestObject("Object Repository/Objects.DateValidation/Page_ISPS2/input__orderDt"), "name", "equals", FldNm, true): Modify property of object successfully

2020-05-28 01:40:46 - [MESSAGE][PASSED] - Modify property of object successfully

2020-05-28 01:40:46 - [TEST_STEP][PASSED] - focus(DateFieldNm): Object: 'Object Repository/Objects.DateValidation/Page_ISPS2/input__orderDt' is focused

2020-05-28 01:40:46 - [MESSAGE][PASSED] - Object: 'Object Repository/Objects.DateValidation/Page_ISPS2/input__orderDt' is focused

2020-05-28 01:40:46 - [TEST_STEP][PASSED] - getInputInvalidDate = getAttribute(DateFieldNm, "value"): Attribute 'value' of object 'Object Repository/Objects.DateValidation/Page_ISPS2/input__orderDt' is: '04581928'

2020-05-28 01:40:47 - [MESSAGE][PASSED] - Attribute 'value' of object 'Object Repository/Objects.DateValidation/Page_ISPS2/input__orderDt' is: '04581928'

2020-05-28 01:40:47 - [TEST_STEP][PASSED] - mouseOver(DateFieldNm): Object: 'Object Repository/Objects.DateValidation/Page_ISPS2/input__orderDt' is hovered

2020-05-28 01:40:47 - [MESSAGE][PASSED] - Object: 'Object Repository/Objects.DateValidation/Page_ISPS2/input__orderDt' is hovered

2020-05-28 01:40:47 - [TEST_STEP][PASSED] - getErrMsg = getAttribute(DateFieldNm, "data-errorqtip"): Attribute 'data-errorqtip' of object 'Object Repository/Objects.DateValidation/Page_ISPS2/input__orderDt' is: '<ul class="x-list-plain"><li>04581928 is not a valid date - it must be in the format d/m/Y</li></ul>'

2020-05-28 01:40:47 - [MESSAGE][PASSED] - Attribute 'data-errorqtip' of object 'Object Repository/Objects.DateValidation/Page_ISPS2/input__orderDt' is: '<ul class="x-list-plain"><li>04581928 is not a valid date - it must be in the format d/m/Y</li></ul>'

2020-05-28 01:40:47 - [TEST_STEP][PASSED] - getTotalLength = getErrMsg.length(): null

2020-05-28 01:40:47 - [TEST_STEP][PASSED] - RemoveULClass = getErrMsg.substring(29, getTotalLength): null

2020-05-28 01:40:47 - [TEST_STEP][PASSED] - LengthNoUlClass = RemoveULClass.length() - 10: null

2020-05-28 01:40:47 - [TEST_STEP][PASSED] - ToolTipInvErrMsg = RemoveULClass.substring(0, LengthNoUlClass): null

2020-05-28 01:40:47 - [TEST_STEP][PASSED] - ExpectedInvalidErrMsg = concatenate(getInputInvalidDate, " ", NotValidDt): Concatenated string array: '['04581928',' ','is not a valid date - it must be in the format d/m/Y']' into '04581928 is not a valid date - it must be in the format d/m/Y'

2020-05-28 01:40:47 - [MESSAGE][PASSED] - Concatenated string array: '['04581928',' ','is not a valid date - it must be in the format d/m/Y']' into '04581928 is not a valid date - it must be in the format d/m/Y'

2020-05-28 01:40:47 - [TEST_STEP][PASSED] - verifyMatch(ToolTipInvErrMsg, ExpectedInvalidErrMsg, true): Actual text '04581928 is not a valid date - it must be in the format d/m/Y' and expected text '04581928 is not a valid date - it must be in the format d/m/Y' are matched  using regular expression

2020-05-28 01:40:47 - [MESSAGE][PASSED] - Actual text '04581928 is not a valid date - it must be in the format d/m/Y' and expected text '04581928 is not a valid date - it must be in the format d/m/Y' are matched  using regular expression

2020-05-28 01:40:47 - [MESSAGE][PASSED] - Call Test Case 'Test Cases/PFI Precision and Scale/PFI Components/InvalidDateErrorValidation' successfully

2020-05-28 01:40:47 - [TEST_STEP][PASSED] - callTestCase(findTestCase("PFI Precision and Scale/PFI Components with Indexing/SelectDayInDatePickerWithIndex"), ["FldNm":"d2aRecvDt", "SelectCurrentDay":"21", "index":3], STOP_ON_FAILURE): Call Test Case 'Test Cases/PFI Precision and Scale/PFI Components with Indexing/SelectDayInDatePickerWithIndex' successfully

2020-05-28 01:40:47 - [TEST_CASE][PASSED] - Test Cases/PFI Precision and Scale/PFI Components with Indexing/SelectDayInDatePickerWithIndex: Test Cases/PFI Precision and Scale/PFI Components with Indexing/SelectDayInDatePickerWithIndex

2020-05-28 01:40:47 - [TEST_STEP][PASSED] - Thread.sleep(1000): null

2020-05-28 01:40:48 - [TEST_STEP][PASSED] - DateFieldNm = modifyObjectProperty(findTestObject("Objects.HighlightElements/input_field"), "name", "equals", FldNm, true): Modify property of object successfully

2020-05-28 01:40:48 - [MESSAGE][PASSED] - Modify property of object successfully

2020-05-28 01:40:48 - [TEST_STEP][PASSED] - ModifyDay = modifyObjectProperty(findTestObject("Objects.DateValidation/Page_ISPS2/Select_Day_Index"), "xpath", "equals", "(//*[contains(@class, 'x-datepicker-date') and (text() = '" + SelectCurrentDay + "')])[" + index + "]", true): Modify property of object successfully

2020-05-28 01:40:48 - [MESSAGE][PASSED] - Modify property of object successfully

2020-05-28 01:40:48 - [TEST_STEP][PASSED] - sendKeys(DateFieldNm, Keys.chord(ARROW_DOWN)): Keys 'DOWN + ' sent to object: 'Object Repository/Objects.HighlightElements/input_field'

2020-05-28 01:40:49 - [MESSAGE][PASSED] - Keys 'DOWN + ' sent to object: 'Object Repository/Objects.HighlightElements/input_field'

2020-05-28 01:40:49 - [TEST_STEP][PASSED] - com.reusableComponents.HighlightElement.run(ModifyDay): com.reusableComponents.HighlightElement.run is PASSED

2020-05-28 01:40:50 - [MESSAGE][PASSED] - com.reusableComponents.HighlightElement.run is PASSED

2020-05-28 01:40:50 - [TEST_STEP][PASSED] - delay(1): Delayed 1 second(s)

2020-05-28 01:40:51 - [MESSAGE][PASSED] - Delayed 1 second(s)

2020-05-28 01:40:51 - [TEST_STEP][PASSED] - click(ModifyDay): Object: 'Object Repository/Objects.DateValidation/Page_ISPS2/Select_Day_Index' is clicked on

2020-05-28 01:40:51 - [MESSAGE][PASSED] - Object: 'Object Repository/Objects.DateValidation/Page_ISPS2/Select_Day_Index' is clicked on

2020-05-28 01:40:51 - [MESSAGE][PASSED] - Call Test Case 'Test Cases/PFI Precision and Scale/PFI Components with Indexing/SelectDayInDatePickerWithIndex' successfully

2020-05-28 01:40:51 - [TEST_STEP][PASSED] - callTestCase(findTestCase("PFI Precision and Scale/PFI Components/SelectTodayInDatePicker"), ["FldNm":"d2aRecvDt", "index":3], STOP_ON_FAILURE): Call Test Case 'Test Cases/PFI Precision and Scale/PFI Components/SelectTodayInDatePicker' successfully

2020-05-28 01:40:51 - [TEST_CASE][PASSED] - Test Cases/PFI Precision and Scale/PFI Components/SelectTodayInDatePicker: Test Cases/PFI Precision and Scale/PFI Components/SelectTodayInDatePicker

2020-05-28 01:40:51 - [TEST_STEP][PASSED] - Thread.sleep(1000): null

2020-05-28 01:40:52 - [TEST_STEP][PASSED] - DateFieldNm = modifyObjectProperty(findTestObject("Object Repository/Objects.DateValidation/Page_ISPS2/input__orderDt"), "name", "equals", FldNm, true): Modify property of object successfully

2020-05-28 01:40:52 - [MESSAGE][PASSED] - Modify property of object successfully

2020-05-28 01:40:52 - [TEST_STEP][PASSED] - TodayBtn = modifyObjectProperty(findTestObject("Object Repository/Objects.DateValidation/Page_ISPS2/a_Today"), "xpath", "equals", "(//*[text() = 'Today'])[" + index + "]", true): Modify property of object successfully

2020-05-28 01:40:52 - [MESSAGE][PASSED] - Modify property of object successfully

2020-05-28 01:40:52 - [TEST_STEP][PASSED] - sendKeys(DateFieldNm, Keys.chord(ARROW_DOWN)): Keys 'DOWN + ' sent to object: 'Object Repository/Objects.DateValidation/Page_ISPS2/input__orderDt'

2020-05-28 01:40:52 - [MESSAGE][PASSED] - Keys 'DOWN + ' sent to object: 'Object Repository/Objects.DateValidation/Page_ISPS2/input__orderDt'

2020-05-28 01:40:52 - [TEST_STEP][PASSED] - com.reusableComponents.HighlightElement.run(TodayBtn): com.reusableComponents.HighlightElement.run is PASSED

2020-05-28 01:40:53 - [MESSAGE][PASSED] - com.reusableComponents.HighlightElement.run is PASSED

2020-05-28 01:40:53 - [TEST_STEP][PASSED] - click(TodayBtn): Object: 'Object Repository/Objects.DateValidation/Page_ISPS2/a_Today' is clicked on

2020-05-28 01:40:53 - [MESSAGE][PASSED] - Object: 'Object Repository/Objects.DateValidation/Page_ISPS2/a_Today' is clicked on

2020-05-28 01:40:53 - [MESSAGE][PASSED] - Call Test Case 'Test Cases/PFI Precision and Scale/PFI Components/SelectTodayInDatePicker' successfully

2020-05-28 01:40:53 - [TEST_STEP][PASSED] - callTestCase(findTestCase("Components/HighlightLabelField"), ["LblName":"Inspection D2a Compliance Date *:"], STOP_ON_FAILURE): Call Test Case 'Test Cases/Components/HighlightLabelField' successfully

2020-05-28 01:40:53 - [TEST_CASE][PASSED] - Test Cases/Components/HighlightLabelField: Test Cases/Components/HighlightLabelField

2020-05-28 01:40:53 - [TEST_STEP][PASSED] - Thread.sleep(1000): null

2020-05-28 01:40:54 - [TEST_STEP][PASSED] - modifiedLblNm = modifyObjectProperty(findTestObject("Objects.HighlightElements/lblField"), "text", "equals", LblName, true): Modify property of object successfully

2020-05-28 01:40:55 - [MESSAGE][PASSED] - Modify property of object successfully

2020-05-28 01:40:55 - [TEST_STEP][PASSED] - com.reusableComponents.HighlightElement.run(modifiedLblNm): com.reusableComponents.HighlightElement.run is PASSED

2020-05-28 01:40:55 - [MESSAGE][PASSED] - com.reusableComponents.HighlightElement.run is PASSED

2020-05-28 01:40:55 - [MESSAGE][PASSED] - Call Test Case 'Test Cases/Components/HighlightLabelField' successfully

2020-05-28 01:40:55 - [TEST_STEP][PASSED] - callTestCase(findTestCase("Components/HighlightInputField"), ["InputFldName":"d2aComplDt"], STOP_ON_FAILURE): Call Test Case 'Test Cases/Components/HighlightInputField' successfully

2020-05-28 01:40:55 - [TEST_CASE][PASSED] - Test Cases/Components/HighlightInputField: Test Cases/Components/HighlightInputField

2020-05-28 01:40:55 - [TEST_STEP][PASSED] - Thread.sleep(1000): null

2020-05-28 01:40:56 - [TEST_STEP][PASSED] - modifiedLblNm = modifyObjectProperty(findTestObject("Objects.HighlightElements/input_field"), "name", "equals", InputFldName, true): Modify property of object successfully

2020-05-28 01:40:56 - [MESSAGE][PASSED] - Modify property of object successfully

2020-05-28 01:40:56 - [TEST_STEP][PASSED] - com.reusableComponents.HighlightElement.run(modifiedLblNm): com.reusableComponents.HighlightElement.run is PASSED

2020-05-28 01:40:57 - [MESSAGE][PASSED] - com.reusableComponents.HighlightElement.run is PASSED

2020-05-28 01:40:57 - [MESSAGE][PASSED] - Call Test Case 'Test Cases/Components/HighlightInputField' successfully

2020-05-28 01:40:57 - [TEST_STEP][PASSED] - callTestCase(findTestCase("PFI Precision and Scale/PFI Components/NumericTextboxValidationII"), ["nameToBeUsed":"d2aComplDt", "minLen":12], STOP_ON_FAILURE): Call Test Case 'Test Cases/PFI Precision and Scale/PFI Components/NumericTextboxValidationII' successfully

2020-05-28 01:40:57 - [TEST_CASE][PASSED] - Test Cases/PFI Precision and Scale/PFI Components/NumericTextboxValidationII: Test Cases/PFI Precision and Scale/PFI Components/NumericTextboxValidationII

2020-05-28 01:40:57 - [TEST_STEP][PASSED] - Thread.sleep(1000): null

2020-05-28 01:40:58 - [TEST_STEP][PASSED] - Numeric = "0123456789": null

2020-05-28 01:40:58 - [TEST_STEP][PASSED] - AlphaSpecialChar = z) + "`~!@#$%^&*()=_{}|\][;'":,?><"".join(): null

2020-05-28 01:40:58 - [TEST_STEP][PASSED] - RandomNumeric = RandomStringUtils.random(minLen, Numeric.toCharArray()): null

2020-05-28 01:40:58 - [TEST_STEP][PASSED] - RandomString = RandomStringUtils.random(minLen, AlphaSpecialChar): null

2020-05-28 01:40:58 - [TEST_STEP][PASSED] - regexPat = Pattern.compile("^[0-9]+$"): null

2020-05-28 01:40:58 - [TEST_STEP][PASSED] - NewInputNmField = modifyObjectProperty(findTestObject("Objects.RemarksValidation/input_Remarks"), "name", "equals", nameToBeUsed, true): Modify property of object successfully

2020-05-28 01:40:58 - [MESSAGE][PASSED] - Modify property of object successfully

2020-05-28 01:40:58 - [TEST_STEP][PASSED] - focus(NewInputNmField): Object: 'Object Repository/Objects.RemarksValidation/input_Remarks' is focused

2020-05-28 01:40:58 - [MESSAGE][PASSED] - Object: 'Object Repository/Objects.RemarksValidation/input_Remarks' is focused

2020-05-28 01:40:58 - [TEST_STEP][PASSED] - setText(NewInputNmField, RandomString): Text 'c"ut;rlgTUWm' is set on object 'Object Repository/Objects.RemarksValidation/input_Remarks'

2020-05-28 01:40:59 - [MESSAGE][PASSED] - Text 'c"ut;rlgTUWm' is set on object 'Object Repository/Objects.RemarksValidation/input_Remarks'

2020-05-28 01:40:59 - [TEST_STEP][PASSED] - GetInputVal = getAttribute(NewInputNmField, "value"): Attribute 'value' of object 'Object Repository/Objects.RemarksValidation/input_Remarks' is: ''

2020-05-28 01:40:59 - [MESSAGE][PASSED] - Attribute 'value' of object 'Object Repository/Objects.RemarksValidation/input_Remarks' is: ''

2020-05-28 01:40:59 - [TEST_STEP][PASSED] - if (GetInputVal.contains("e")): null

2020-05-28 01:40:59 - [TEST_STEP][PASSED] - else: Actual text '' and expected text '' are matched  using regular expression

2020-05-28 01:40:59 - [TEST_STEP][PASSED] - verifyMatch(GetInputVal, "", true): Actual text '' and expected text '' are matched  using regular expression

2020-05-28 01:40:59 - [MESSAGE][PASSED] - Actual text '' and expected text '' are matched  using regular expression

2020-05-28 01:40:59 - [TEST_STEP][PASSED] - setText(NewInputNmField, RandomNumeric): Text '048492747396' is set on object 'Object Repository/Objects.RemarksValidation/input_Remarks'

2020-05-28 01:40:59 - [MESSAGE][PASSED] - Text '048492747396' is set on object 'Object Repository/Objects.RemarksValidation/input_Remarks'

2020-05-28 01:40:59 - [TEST_STEP][PASSED] - GetEnteredIntegers = getAttribute(NewInputNmField, "value"): Attribute 'value' of object 'Object Repository/Objects.RemarksValidation/input_Remarks' is: '048492747396'

2020-05-28 01:41:00 - [MESSAGE][PASSED] - Attribute 'value' of object 'Object Repository/Objects.RemarksValidation/input_Remarks' is: '048492747396'

2020-05-28 01:41:01 - [TEST_STEP][PASSED] - matchStr = regexPat.matcher(GetEnteredIntegers): null

2020-05-28 01:41:01 - [TEST_STEP][PASSED] - if (matchStr.matches() == true): Accepting Numeric

2020-05-28 01:41:01 - [TEST_STEP][PASSED] - comment("Accepting Numeric"): Accepting Numeric

2020-05-28 01:41:01 - [MESSAGE][INFO] - Accepting Numeric

2020-05-28 01:41:01 - [MESSAGE][PASSED] - Call Test Case 'Test Cases/PFI Precision and Scale/PFI Components/NumericTextboxValidationII' successfully

2020-05-28 01:41:01 - [TEST_STEP][PASSED] - callTestCase(findTestCase("PFI Precision and Scale/PFI Components/InvalidDateErrorValidation"), ["FldNm":"d2aComplDt"], STOP_ON_FAILURE): Call Test Case 'Test Cases/PFI Precision and Scale/PFI Components/InvalidDateErrorValidation' successfully

2020-05-28 01:41:01 - [TEST_CASE][PASSED] - Test Cases/PFI Precision and Scale/PFI Components/InvalidDateErrorValidation: Test Cases/PFI Precision and Scale/PFI Components/InvalidDateErrorValidation

2020-05-28 01:41:01 - [TEST_STEP][PASSED] - Thread.sleep(1000): null

2020-05-28 01:41:02 - [TEST_STEP][PASSED] - DateFieldNm = modifyObjectProperty(findTestObject("Object Repository/Objects.DateValidation/Page_ISPS2/input__orderDt"), "name", "equals", FldNm, true): Modify property of object successfully

2020-05-28 01:41:02 - [MESSAGE][PASSED] - Modify property of object successfully

2020-05-28 01:41:02 - [TEST_STEP][PASSED] - focus(DateFieldNm): Object: 'Object Repository/Objects.DateValidation/Page_ISPS2/input__orderDt' is focused

2020-05-28 01:41:02 - [MESSAGE][PASSED] - Object: 'Object Repository/Objects.DateValidation/Page_ISPS2/input__orderDt' is focused

2020-05-28 01:41:02 - [TEST_STEP][PASSED] - getInputInvalidDate = getAttribute(DateFieldNm, "value"): Attribute 'value' of object 'Object Repository/Objects.DateValidation/Page_ISPS2/input__orderDt' is: '048492747396'

2020-05-28 01:41:02 - [MESSAGE][PASSED] - Attribute 'value' of object 'Object Repository/Objects.DateValidation/Page_ISPS2/input__orderDt' is: '048492747396'

2020-05-28 01:41:02 - [TEST_STEP][PASSED] - mouseOver(DateFieldNm): Object: 'Object Repository/Objects.DateValidation/Page_ISPS2/input__orderDt' is hovered

2020-05-28 01:41:03 - [MESSAGE][PASSED] - Object: 'Object Repository/Objects.DateValidation/Page_ISPS2/input__orderDt' is hovered

2020-05-28 01:41:03 - [TEST_STEP][PASSED] - getErrMsg = getAttribute(DateFieldNm, "data-errorqtip"): Attribute 'data-errorqtip' of object 'Object Repository/Objects.DateValidation/Page_ISPS2/input__orderDt' is: '<ul class="x-list-plain"><li>048492747396 is not a valid date - it must be in the format d/m/Y</li></ul>'

2020-05-28 01:41:03 - [MESSAGE][PASSED] - Attribute 'data-errorqtip' of object 'Object Repository/Objects.DateValidation/Page_ISPS2/input__orderDt' is: '<ul class="x-list-plain"><li>048492747396 is not a valid date - it must be in the format d/m/Y</li></ul>'

2020-05-28 01:41:03 - [TEST_STEP][PASSED] - getTotalLength = getErrMsg.length(): null

2020-05-28 01:41:03 - [TEST_STEP][PASSED] - RemoveULClass = getErrMsg.substring(29, getTotalLength): null

2020-05-28 01:41:03 - [TEST_STEP][PASSED] - LengthNoUlClass = RemoveULClass.length() - 10: null

2020-05-28 01:41:03 - [TEST_STEP][PASSED] - ToolTipInvErrMsg = RemoveULClass.substring(0, LengthNoUlClass): null

2020-05-28 01:41:03 - [TEST_STEP][PASSED] - ExpectedInvalidErrMsg = concatenate(getInputInvalidDate, " ", NotValidDt): Concatenated string array: '['048492747396',' ','is not a valid date - it must be in the format d/m/Y']' into '048492747396 is not a valid date - it must be in the format d/m/Y'

2020-05-28 01:41:03 - [MESSAGE][PASSED] - Concatenated string array: '['048492747396',' ','is not a valid date - it must be in the format d/m/Y']' into '048492747396 is not a valid date - it must be in the format d/m/Y'

2020-05-28 01:41:03 - [TEST_STEP][PASSED] - verifyMatch(ToolTipInvErrMsg, ExpectedInvalidErrMsg, true): Actual text '048492747396 is not a valid date - it must be in the format d/m/Y' and expected text '048492747396 is not a valid date - it must be in the format d/m/Y' are matched  using regular expression

2020-05-28 01:41:03 - [MESSAGE][PASSED] - Actual text '048492747396 is not a valid date - it must be in the format d/m/Y' and expected text '048492747396 is not a valid date - it must be in the format d/m/Y' are matched  using regular expression

2020-05-28 01:41:03 - [MESSAGE][PASSED] - Call Test Case 'Test Cases/PFI Precision and Scale/PFI Components/InvalidDateErrorValidation' successfully

2020-05-28 01:41:03 - [TEST_STEP][PASSED] - callTestCase(findTestCase("PFI Precision and Scale/PFI Components with Indexing/SelectDayInDatePickerWithIndex"), ["FldNm":"d2aComplDt", "SelectCurrentDay":"9", "index":4], STOP_ON_FAILURE): Call Test Case 'Test Cases/PFI Precision and Scale/PFI Components with Indexing/SelectDayInDatePickerWithIndex' successfully

2020-05-28 01:41:03 - [TEST_CASE][PASSED] - Test Cases/PFI Precision and Scale/PFI Components with Indexing/SelectDayInDatePickerWithIndex: Test Cases/PFI Precision and Scale/PFI Components with Indexing/SelectDayInDatePickerWithIndex

2020-05-28 01:41:03 - [TEST_STEP][PASSED] - Thread.sleep(1000): null

2020-05-28 01:41:04 - [TEST_STEP][PASSED] - DateFieldNm = modifyObjectProperty(findTestObject("Objects.HighlightElements/input_field"), "name", "equals", FldNm, true): Modify property of object successfully

2020-05-28 01:41:04 - [MESSAGE][PASSED] - Modify property of object successfully

2020-05-28 01:41:04 - [TEST_STEP][PASSED] - ModifyDay = modifyObjectProperty(findTestObject("Objects.DateValidation/Page_ISPS2/Select_Day_Index"), "xpath", "equals", "(//*[contains(@class, 'x-datepicker-date') and (text() = '" + SelectCurrentDay + "')])[" + index + "]", true): Modify property of object successfully

2020-05-28 01:41:04 - [MESSAGE][PASSED] - Modify property of object successfully

2020-05-28 01:41:04 - [TEST_STEP][PASSED] - sendKeys(DateFieldNm, Keys.chord(ARROW_DOWN)): Keys 'DOWN + ' sent to object: 'Object Repository/Objects.HighlightElements/input_field'

2020-05-28 01:41:04 - [MESSAGE][PASSED] - Keys 'DOWN + ' sent to object: 'Object Repository/Objects.HighlightElements/input_field'

2020-05-28 01:41:04 - [TEST_STEP][PASSED] - com.reusableComponents.HighlightElement.run(ModifyDay): com.reusableComponents.HighlightElement.run is PASSED

2020-05-28 01:41:05 - [MESSAGE][PASSED] - com.reusableComponents.HighlightElement.run is PASSED

2020-05-28 01:41:05 - [TEST_STEP][PASSED] - delay(1): Delayed 1 second(s)

2020-05-28 01:41:06 - [MESSAGE][PASSED] - Delayed 1 second(s)

2020-05-28 01:41:06 - [TEST_STEP][PASSED] - click(ModifyDay): Object: 'Object Repository/Objects.DateValidation/Page_ISPS2/Select_Day_Index' is clicked on

2020-05-28 01:41:06 - [MESSAGE][PASSED] - Object: 'Object Repository/Objects.DateValidation/Page_ISPS2/Select_Day_Index' is clicked on

2020-05-28 01:41:06 - [MESSAGE][PASSED] - Call Test Case 'Test Cases/PFI Precision and Scale/PFI Components with Indexing/SelectDayInDatePickerWithIndex' successfully

2020-05-28 01:41:06 - [TEST_STEP][PASSED] - callTestCase(findTestCase("PFI Precision and Scale/PFI Components/SelectTodayInDatePicker"), ["FldNm":"d2aComplDt", "index":4], STOP_ON_FAILURE): Call Test Case 'Test Cases/PFI Precision and Scale/PFI Components/SelectTodayInDatePicker' successfully

2020-05-28 01:41:06 - [TEST_CASE][PASSED] - Test Cases/PFI Precision and Scale/PFI Components/SelectTodayInDatePicker: Test Cases/PFI Precision and Scale/PFI Components/SelectTodayInDatePicker

2020-05-28 01:41:06 - [TEST_STEP][PASSED] - Thread.sleep(1000): null

2020-05-28 01:41:07 - [TEST_STEP][PASSED] - DateFieldNm = modifyObjectProperty(findTestObject("Object Repository/Objects.DateValidation/Page_ISPS2/input__orderDt"), "name", "equals", FldNm, true): Modify property of object successfully

2020-05-28 01:41:07 - [MESSAGE][PASSED] - Modify property of object successfully

2020-05-28 01:41:07 - [TEST_STEP][PASSED] - TodayBtn = modifyObjectProperty(findTestObject("Object Repository/Objects.DateValidation/Page_ISPS2/a_Today"), "xpath", "equals", "(//*[text() = 'Today'])[" + index + "]", true): Modify property of object successfully

2020-05-28 01:41:07 - [MESSAGE][PASSED] - Modify property of object successfully

2020-05-28 01:41:07 - [TEST_STEP][PASSED] - sendKeys(DateFieldNm, Keys.chord(ARROW_DOWN)): Keys 'DOWN + ' sent to object: 'Object Repository/Objects.DateValidation/Page_ISPS2/input__orderDt'

2020-05-28 01:41:08 - [MESSAGE][PASSED] - Keys 'DOWN + ' sent to object: 'Object Repository/Objects.DateValidation/Page_ISPS2/input__orderDt'

2020-05-28 01:41:08 - [TEST_STEP][PASSED] - com.reusableComponents.HighlightElement.run(TodayBtn): com.reusableComponents.HighlightElement.run is PASSED

2020-05-28 01:41:09 - [MESSAGE][PASSED] - com.reusableComponents.HighlightElement.run is PASSED

2020-05-28 01:41:09 - [TEST_STEP][PASSED] - click(TodayBtn): Object: 'Object Repository/Objects.DateValidation/Page_ISPS2/a_Today' is clicked on

2020-05-28 01:41:09 - [MESSAGE][PASSED] - Object: 'Object Repository/Objects.DateValidation/Page_ISPS2/a_Today' is clicked on

2020-05-28 01:41:09 - [MESSAGE][PASSED] - Call Test Case 'Test Cases/PFI Precision and Scale/PFI Components/SelectTodayInDatePicker' successfully

2020-05-28 01:41:09 - [TEST_STEP][PASSED] - callTestCase(findTestCase("Components/HighlightLabelField"), ["LblName":"PE Reference No *:"], STOP_ON_FAILURE): Call Test Case 'Test Cases/Components/HighlightLabelField' successfully

2020-05-28 01:41:09 - [TEST_CASE][PASSED] - Test Cases/Components/HighlightLabelField: Test Cases/Components/HighlightLabelField

2020-05-28 01:41:09 - [TEST_STEP][PASSED] - Thread.sleep(1000): null

2020-05-28 01:41:10 - [TEST_STEP][PASSED] - modifiedLblNm = modifyObjectProperty(findTestObject("Objects.HighlightElements/lblField"), "text", "equals", LblName, true): Modify property of object successfully

2020-05-28 01:41:10 - [MESSAGE][PASSED] - Modify property of object successfully

2020-05-28 01:41:10 - [TEST_STEP][PASSED] - com.reusableComponents.HighlightElement.run(modifiedLblNm): com.reusableComponents.HighlightElement.run is PASSED

2020-05-28 01:41:11 - [MESSAGE][PASSED] - com.reusableComponents.HighlightElement.run is PASSED

2020-05-28 01:41:11 - [MESSAGE][PASSED] - Call Test Case 'Test Cases/Components/HighlightLabelField' successfully

2020-05-28 01:41:11 - [TEST_STEP][PASSED] - callTestCase(findTestCase("Components/HighlightInputField"), ["InputFldName":"peRegNbr"], STOP_ON_FAILURE): Call Test Case 'Test Cases/Components/HighlightInputField' successfully

2020-05-28 01:41:11 - [TEST_CASE][PASSED] - Test Cases/Components/HighlightInputField: Test Cases/Components/HighlightInputField

2020-05-28 01:41:11 - [TEST_STEP][PASSED] - Thread.sleep(1000): null

2020-05-28 01:41:12 - [TEST_STEP][PASSED] - modifiedLblNm = modifyObjectProperty(findTestObject("Objects.HighlightElements/input_field"), "name", "equals", InputFldName, true): Modify property of object successfully

2020-05-28 01:41:12 - [MESSAGE][PASSED] - Modify property of object successfully

2020-05-28 01:41:12 - [TEST_STEP][PASSED] - com.reusableComponents.HighlightElement.run(modifiedLblNm): com.reusableComponents.HighlightElement.run is PASSED

2020-05-28 01:41:12 - [MESSAGE][PASSED] - com.reusableComponents.HighlightElement.run is PASSED

2020-05-28 01:41:12 - [MESSAGE][PASSED] - Call Test Case 'Test Cases/Components/HighlightInputField' successfully

2020-05-28 01:41:12 - [TEST_STEP][PASSED] - callTestCase(findTestCase("PFI Precision and Scale/PFI Components/VerifyDropdownValues"), ["FldNm":"peRegNbr", "CallTCName":"PFI Precision and Scale/PFI Components/PELists", "cmbNm":"PENo", "NoOfVal":10, "DelayTime":5, ... ], STOP_ON_FAILURE): Call Test Case 'Test Cases/PFI Precision and Scale/PFI Components/VerifyDropdownValues' successfully

2020-05-28 01:41:13 - [TEST_CASE][PASSED] - Test Cases/PFI Precision and Scale/PFI Components/VerifyDropdownValues: Test Cases/PFI Precision and Scale/PFI Components/VerifyDropdownValues

2020-05-28 01:41:13 - [TEST_STEP][PASSED] - Thread.sleep(1000): null

2020-05-28 01:41:14 - [TEST_STEP][PASSED] - NewInputNmField = modifyObjectProperty(findTestObject("Objects.HighlightElements/input_field"), "name", "equals", FldNm, true): Modify property of object successfully

2020-05-28 01:41:14 - [MESSAGE][PASSED] - Modify property of object successfully

2020-05-28 01:41:14 - [TEST_STEP][PASSED] - comboNm = cmbNm: null

2020-05-28 01:41:14 - [TEST_STEP][PASSED] - focus(NewInputNmField): Object: 'Object Repository/Objects.HighlightElements/input_field' is focused

2020-05-28 01:41:14 - [MESSAGE][PASSED] - Object: 'Object Repository/Objects.HighlightElements/input_field' is focused

2020-05-28 01:41:14 - [TEST_STEP][PASSED] - setText(NewInputNmField, EnterValue): Text '' is set on object 'Object Repository/Objects.HighlightElements/input_field'

2020-05-28 01:41:14 - [MESSAGE][PASSED] - Text '' is set on object 'Object Repository/Objects.HighlightElements/input_field'

2020-05-28 01:41:14 - [TEST_STEP][PASSED] - for ([i = 1, i <= NoOfVal, (i++)]): Keys 'DOWN + ' sent to object: 'Object Repository/Objects.HighlightElements/input_field'

2020-05-28 01:41:14 - [TEST_STEP][PASSED] - sendKeys(NewInputNmField, Keys.chord(ARROW_DOWN)): Keys 'DOWN + ' sent to object: 'Object Repository/Objects.HighlightElements/input_field'

2020-05-28 01:41:14 - [MESSAGE][PASSED] - Keys 'DOWN + ' sent to object: 'Object Repository/Objects.HighlightElements/input_field'

2020-05-28 01:41:14 - [TEST_STEP][PASSED] - delay(DelayTime): Delayed 5 second(s)

2020-05-28 01:41:19 - [MESSAGE][PASSED] - Delayed 5 second(s)

2020-05-28 01:41:19 - [TEST_STEP][PASSED] - sendKeys(NewInputNmField, Keys.chord(ENTER)): Keys 'ENTER + ' sent to object: 'Object Repository/Objects.HighlightElements/input_field'

2020-05-28 01:41:20 - [MESSAGE][PASSED] - Keys 'ENTER + ' sent to object: 'Object Repository/Objects.HighlightElements/input_field'

2020-05-28 01:41:20 - [TEST_STEP][PASSED] - ComboBoxValue = getAttribute(NewInputNmField, "value"): Attribute 'value' of object 'Object Repository/Objects.HighlightElements/input_field' is: '0016'

2020-05-28 01:41:20 - [MESSAGE][PASSED] - Attribute 'value' of object 'Object Repository/Objects.HighlightElements/input_field' is: '0016'

2020-05-28 01:41:20 - [TEST_STEP][PASSED] - callTestCase(findTestCase(CallTCName), ["FindValue":ComboBoxValue, "DropdownNm":comboNm], STOP_ON_FAILURE): Call Test Case 'Test Cases/PFI Precision and Scale/PFI Components/PELists' successfully

2020-05-28 01:41:20 - [TEST_CASE][PASSED] - Test Cases/PFI Precision and Scale/PFI Components/PELists: Test Cases/PFI Precision and Scale/PFI Components/PELists

2020-05-28 01:41:20 - [TEST_STEP][PASSED] - Thread.sleep(1000): null

2020-05-28 01:41:21 - [TEST_STEP][PASSED] - PEListsTBL = ["0011":"QP-Formatted Address", "0012":"QP-0012", "0014":"QP-0014", "0015":"QP-0015", "0016":"QP-0016", "3214":"Dummy QP Name 3861", ... ]: null

2020-05-28 01:41:21 - [TEST_STEP][PASSED] - switch (DropdownNm): null

2020-05-28 01:41:21 - [TEST_STEP][PASSED] - case "PENo":: null

2020-05-28 01:41:21 - [TEST_STEP][PASSED] - ValueFound = FindValue + " (" + get(FindValue).toString() + ")": null

2020-05-28 01:41:21 - [TEST_STEP][PASSED] - break: null

2020-05-28 01:41:21 - [MESSAGE][PASSED] - Call Test Case 'Test Cases/PFI Precision and Scale/PFI Components/PELists' successfully

2020-05-28 01:41:21 - [TEST_STEP][PASSED] - println(ValueFound): null

2020-05-28 01:41:21 - [TEST_STEP][PASSED] - sendKeys(NewInputNmField, Keys.chord(ARROW_DOWN)): Keys 'DOWN + ' sent to object: 'Object Repository/Objects.HighlightElements/input_field'

2020-05-28 01:41:21 - [MESSAGE][PASSED] - Keys 'DOWN + ' sent to object: 'Object Repository/Objects.HighlightElements/input_field'

2020-05-28 01:41:21 - [TEST_STEP][PASSED] - sendKeys(NewInputNmField, Keys.chord(ARROW_DOWN)): Keys 'DOWN + ' sent to object: 'Object Repository/Objects.HighlightElements/input_field'

2020-05-28 01:41:22 - [MESSAGE][PASSED] - Keys 'DOWN + ' sent to object: 'Object Repository/Objects.HighlightElements/input_field'

2020-05-28 01:41:22 - [TEST_STEP][PASSED] - delay(DelayTime): Delayed 5 second(s)

2020-05-28 01:41:27 - [MESSAGE][PASSED] - Delayed 5 second(s)

2020-05-28 01:41:27 - [TEST_STEP][PASSED] - sendKeys(NewInputNmField, Keys.chord(ENTER)): Keys 'ENTER + ' sent to object: 'Object Repository/Objects.HighlightElements/input_field'

2020-05-28 01:41:27 - [MESSAGE][PASSED] - Keys 'ENTER + ' sent to object: 'Object Repository/Objects.HighlightElements/input_field'

2020-05-28 01:41:27 - [TEST_STEP][PASSED] - ComboBoxValue = getAttribute(NewInputNmField, "value"): Attribute 'value' of object 'Object Repository/Objects.HighlightElements/input_field' is: '1003'

2020-05-28 01:41:28 - [MESSAGE][PASSED] - Attribute 'value' of object 'Object Repository/Objects.HighlightElements/input_field' is: '1003'

2020-05-28 01:41:28 - [TEST_STEP][PASSED] - callTestCase(findTestCase(CallTCName), ["FindValue":ComboBoxValue, "DropdownNm":comboNm], STOP_ON_FAILURE): Call Test Case 'Test Cases/PFI Precision and Scale/PFI Components/PELists' successfully

2020-05-28 01:41:28 - [TEST_CASE][PASSED] - Test Cases/PFI Precision and Scale/PFI Components/PELists: Test Cases/PFI Precision and Scale/PFI Components/PELists

2020-05-28 01:41:28 - [TEST_STEP][PASSED] - Thread.sleep(1000): null

2020-05-28 01:41:29 - [TEST_STEP][PASSED] - PEListsTBL = ["0011":"QP-Formatted Address", "0012":"QP-0012", "0014":"QP-0014", "0015":"QP-0015", "0016":"QP-0016", "3214":"Dummy QP Name 3861", ... ]: null

2020-05-28 01:41:29 - [TEST_STEP][PASSED] - switch (DropdownNm): null

2020-05-28 01:41:29 - [TEST_STEP][PASSED] - case "PENo":: null

2020-05-28 01:41:29 - [TEST_STEP][PASSED] - ValueFound = FindValue + " (" + get(FindValue).toString() + ")": null

2020-05-28 01:41:29 - [TEST_STEP][PASSED] - break: null

2020-05-28 01:41:29 - [MESSAGE][PASSED] - Call Test Case 'Test Cases/PFI Precision and Scale/PFI Components/PELists' successfully

2020-05-28 01:41:29 - [TEST_STEP][PASSED] - println(ValueFound): null

2020-05-28 01:41:29 - [TEST_STEP][PASSED] - sendKeys(NewInputNmField, Keys.chord(ARROW_DOWN)): Keys 'DOWN + ' sent to object: 'Object Repository/Objects.HighlightElements/input_field'

2020-05-28 01:41:29 - [MESSAGE][PASSED] - Keys 'DOWN + ' sent to object: 'Object Repository/Objects.HighlightElements/input_field'

2020-05-28 01:41:29 - [TEST_STEP][PASSED] - sendKeys(NewInputNmField, Keys.chord(ARROW_DOWN)): Keys 'DOWN + ' sent to object: 'Object Repository/Objects.HighlightElements/input_field'

2020-05-28 01:41:29 - [MESSAGE][PASSED] - Keys 'DOWN + ' sent to object: 'Object Repository/Objects.HighlightElements/input_field'

2020-05-28 01:41:29 - [TEST_STEP][PASSED] - delay(DelayTime): Delayed 5 second(s)

2020-05-28 01:41:34 - [MESSAGE][PASSED] - Delayed 5 second(s)

2020-05-28 01:41:34 - [TEST_STEP][PASSED] - sendKeys(NewInputNmField, Keys.chord(ENTER)): Keys 'ENTER + ' sent to object: 'Object Repository/Objects.HighlightElements/input_field'

2020-05-28 01:41:35 - [MESSAGE][PASSED] - Keys 'ENTER + ' sent to object: 'Object Repository/Objects.HighlightElements/input_field'

2020-05-28 01:41:35 - [TEST_STEP][PASSED] - ComboBoxValue = getAttribute(NewInputNmField, "value"): Attribute 'value' of object 'Object Repository/Objects.HighlightElements/input_field' is: '1003'

2020-05-28 01:41:35 - [MESSAGE][PASSED] - Attribute 'value' of object 'Object Repository/Objects.HighlightElements/input_field' is: '1003'

2020-05-28 01:41:35 - [TEST_STEP][PASSED] - callTestCase(findTestCase(CallTCName), ["FindValue":ComboBoxValue, "DropdownNm":comboNm], STOP_ON_FAILURE): Call Test Case 'Test Cases/PFI Precision and Scale/PFI Components/PELists' successfully

2020-05-28 01:41:35 - [TEST_CASE][PASSED] - Test Cases/PFI Precision and Scale/PFI Components/PELists: Test Cases/PFI Precision and Scale/PFI Components/PELists

2020-05-28 01:41:35 - [TEST_STEP][PASSED] - Thread.sleep(1000): null

2020-05-28 01:41:36 - [TEST_STEP][PASSED] - PEListsTBL = ["0011":"QP-Formatted Address", "0012":"QP-0012", "0014":"QP-0014", "0015":"QP-0015", "0016":"QP-0016", "3214":"Dummy QP Name 3861", ... ]: null

2020-05-28 01:41:36 - [TEST_STEP][PASSED] - switch (DropdownNm): null

2020-05-28 01:41:36 - [TEST_STEP][PASSED] - case "PENo":: null

2020-05-28 01:41:36 - [TEST_STEP][PASSED] - ValueFound = FindValue + " (" + get(FindValue).toString() + ")": null

2020-05-28 01:41:36 - [TEST_STEP][PASSED] - break: null

2020-05-28 01:41:36 - [MESSAGE][PASSED] - Call Test Case 'Test Cases/PFI Precision and Scale/PFI Components/PELists' successfully

2020-05-28 01:41:36 - [TEST_STEP][PASSED] - println(ValueFound): null

2020-05-28 01:41:36 - [TEST_STEP][PASSED] - sendKeys(NewInputNmField, Keys.chord(ARROW_DOWN)): Keys 'DOWN + ' sent to object: 'Object Repository/Objects.HighlightElements/input_field'

2020-05-28 01:41:36 - [MESSAGE][PASSED] - Keys 'DOWN + ' sent to object: 'Object Repository/Objects.HighlightElements/input_field'

2020-05-28 01:41:36 - [TEST_STEP][PASSED] - sendKeys(NewInputNmField, Keys.chord(ARROW_DOWN)): Keys 'DOWN + ' sent to object: 'Object Repository/Objects.HighlightElements/input_field'

2020-05-28 01:41:37 - [MESSAGE][PASSED] - Keys 'DOWN + ' sent to object: 'Object Repository/Objects.HighlightElements/input_field'

2020-05-28 01:41:37 - [TEST_STEP][PASSED] - delay(DelayTime): Delayed 5 second(s)

2020-05-28 01:41:42 - [MESSAGE][PASSED] - Delayed 5 second(s)

2020-05-28 01:41:42 - [TEST_STEP][PASSED] - sendKeys(NewInputNmField, Keys.chord(ENTER)): Keys 'ENTER + ' sent to object: 'Object Repository/Objects.HighlightElements/input_field'

2020-05-28 01:41:42 - [MESSAGE][PASSED] - Keys 'ENTER + ' sent to object: 'Object Repository/Objects.HighlightElements/input_field'

2020-05-28 01:41:42 - [TEST_STEP][PASSED] - ComboBoxValue = getAttribute(NewInputNmField, "value"): Attribute 'value' of object 'Object Repository/Objects.HighlightElements/input_field' is: '1003'

2020-05-28 01:41:42 - [MESSAGE][PASSED] - Attribute 'value' of object 'Object Repository/Objects.HighlightElements/input_field' is: '1003'

2020-05-28 01:41:42 - [TEST_STEP][PASSED] - callTestCase(findTestCase(CallTCName), ["FindValue":ComboBoxValue, "DropdownNm":comboNm], STOP_ON_FAILURE): Call Test Case 'Test Cases/PFI Precision and Scale/PFI Components/PELists' successfully

2020-05-28 01:41:42 - [TEST_CASE][PASSED] - Test Cases/PFI Precision and Scale/PFI Components/PELists: Test Cases/PFI Precision and Scale/PFI Components/PELists

2020-05-28 01:41:42 - [TEST_STEP][PASSED] - Thread.sleep(1000): null

2020-05-28 01:41:43 - [TEST_STEP][PASSED] - PEListsTBL = ["0011":"QP-Formatted Address", "0012":"QP-0012", "0014":"QP-0014", "0015":"QP-0015", "0016":"QP-0016", "3214":"Dummy QP Name 3861", ... ]: null

2020-05-28 01:41:43 - [TEST_STEP][PASSED] - switch (DropdownNm): null

2020-05-28 01:41:43 - [TEST_STEP][PASSED] - case "PENo":: null

2020-05-28 01:41:43 - [TEST_STEP][PASSED] - ValueFound = FindValue + " (" + get(FindValue).toString() + ")": null

2020-05-28 01:41:43 - [TEST_STEP][PASSED] - break: null

2020-05-28 01:41:43 - [MESSAGE][PASSED] - Call Test Case 'Test Cases/PFI Precision and Scale/PFI Components/PELists' successfully

2020-05-28 01:41:43 - [TEST_STEP][PASSED] - println(ValueFound): null

2020-05-28 01:41:43 - [TEST_STEP][PASSED] - sendKeys(NewInputNmField, Keys.chord(ARROW_DOWN)): Keys 'DOWN + ' sent to object: 'Object Repository/Objects.HighlightElements/input_field'

2020-05-28 01:41:44 - [MESSAGE][PASSED] - Keys 'DOWN + ' sent to object: 'Object Repository/Objects.HighlightElements/input_field'

2020-05-28 01:41:44 - [TEST_STEP][PASSED] - sendKeys(NewInputNmField, Keys.chord(ARROW_DOWN)): Keys 'DOWN + ' sent to object: 'Object Repository/Objects.HighlightElements/input_field'

2020-05-28 01:41:44 - [MESSAGE][PASSED] - Keys 'DOWN + ' sent to object: 'Object Repository/Objects.HighlightElements/input_field'

2020-05-28 01:41:44 - [TEST_STEP][PASSED] - delay(DelayTime): Delayed 5 second(s)

2020-05-28 01:41:49 - [MESSAGE][PASSED] - Delayed 5 second(s)

2020-05-28 01:41:49 - [TEST_STEP][PASSED] - sendKeys(NewInputNmField, Keys.chord(ENTER)): Keys 'ENTER + ' sent to object: 'Object Repository/Objects.HighlightElements/input_field'

2020-05-28 01:41:49 - [MESSAGE][PASSED] - Keys 'ENTER + ' sent to object: 'Object Repository/Objects.HighlightElements/input_field'

2020-05-28 01:41:49 - [TEST_STEP][PASSED] - ComboBoxValue = getAttribute(NewInputNmField, "value"): Attribute 'value' of object 'Object Repository/Objects.HighlightElements/input_field' is: '1003'

2020-05-28 01:41:49 - [MESSAGE][PASSED] - Attribute 'value' of object 'Object Repository/Objects.HighlightElements/input_field' is: '1003'

2020-05-28 01:41:49 - [TEST_STEP][PASSED] - callTestCase(findTestCase(CallTCName), ["FindValue":ComboBoxValue, "DropdownNm":comboNm], STOP_ON_FAILURE): Call Test Case 'Test Cases/PFI Precision and Scale/PFI Components/PELists' successfully

2020-05-28 01:41:50 - [TEST_CASE][PASSED] - Test Cases/PFI Precision and Scale/PFI Components/PELists: Test Cases/PFI Precision and Scale/PFI Components/PELists

2020-05-28 01:41:50 - [TEST_STEP][PASSED] - Thread.sleep(1000): null

2020-05-28 01:41:51 - [TEST_STEP][PASSED] - PEListsTBL = ["0011":"QP-Formatted Address", "0012":"QP-0012", "0014":"QP-0014", "0015":"QP-0015", "0016":"QP-0016", "3214":"Dummy QP Name 3861", ... ]: null

2020-05-28 01:41:51 - [TEST_STEP][PASSED] - switch (DropdownNm): null

2020-05-28 01:41:51 - [TEST_STEP][PASSED] - case "PENo":: null

2020-05-28 01:41:51 - [TEST_STEP][PASSED] - ValueFound = FindValue + " (" + get(FindValue).toString() + ")": null

2020-05-28 01:41:51 - [TEST_STEP][PASSED] - break: null

2020-05-28 01:41:51 - [MESSAGE][PASSED] - Call Test Case 'Test Cases/PFI Precision and Scale/PFI Components/PELists' successfully

2020-05-28 01:41:51 - [TEST_STEP][PASSED] - println(ValueFound): null

2020-05-28 01:41:51 - [TEST_STEP][PASSED] - sendKeys(NewInputNmField, Keys.chord(ARROW_DOWN)): Keys 'DOWN + ' sent to object: 'Object Repository/Objects.HighlightElements/input_field'

2020-05-28 01:41:51 - [MESSAGE][PASSED] - Keys 'DOWN + ' sent to object: 'Object Repository/Objects.HighlightElements/input_field'

2020-05-28 01:41:51 - [TEST_STEP][PASSED] - sendKeys(NewInputNmField, Keys.chord(ARROW_DOWN)): Keys 'DOWN + ' sent to object: 'Object Repository/Objects.HighlightElements/input_field'

2020-05-28 01:41:51 - [MESSAGE][PASSED] - Keys 'DOWN + ' sent to object: 'Object Repository/Objects.HighlightElements/input_field'

2020-05-28 01:41:51 - [TEST_STEP][PASSED] - delay(DelayTime): Delayed 5 second(s)

2020-05-28 01:41:56 - [MESSAGE][PASSED] - Delayed 5 second(s)

2020-05-28 01:41:56 - [TEST_STEP][PASSED] - sendKeys(NewInputNmField, Keys.chord(ENTER)): Keys 'ENTER + ' sent to object: 'Object Repository/Objects.HighlightElements/input_field'

2020-05-28 01:41:57 - [MESSAGE][PASSED] - Keys 'ENTER + ' sent to object: 'Object Repository/Objects.HighlightElements/input_field'

2020-05-28 01:41:57 - [TEST_STEP][PASSED] - ComboBoxValue = getAttribute(NewInputNmField, "value"): Attribute 'value' of object 'Object Repository/Objects.HighlightElements/input_field' is: '1003'

2020-05-28 01:41:57 - [MESSAGE][PASSED] - Attribute 'value' of object 'Object Repository/Objects.HighlightElements/input_field' is: '1003'

2020-05-28 01:41:57 - [TEST_STEP][PASSED] - callTestCase(findTestCase(CallTCName), ["FindValue":ComboBoxValue, "DropdownNm":comboNm], STOP_ON_FAILURE): Call Test Case 'Test Cases/PFI Precision and Scale/PFI Components/PELists' successfully

2020-05-28 01:41:57 - [TEST_CASE][PASSED] - Test Cases/PFI Precision and Scale/PFI Components/PELists: Test Cases/PFI Precision and Scale/PFI Components/PELists

2020-05-28 01:41:57 - [TEST_STEP][PASSED] - Thread.sleep(1000): null

2020-05-28 01:41:58 - [TEST_STEP][PASSED] - PEListsTBL = ["0011":"QP-Formatted Address", "0012":"QP-0012", "0014":"QP-0014", "0015":"QP-0015", "0016":"QP-0016", "3214":"Dummy QP Name 3861", ... ]: null

2020-05-28 01:41:58 - [TEST_STEP][PASSED] - switch (DropdownNm): null

2020-05-28 01:41:58 - [TEST_STEP][PASSED] - case "PENo":: null

2020-05-28 01:41:58 - [TEST_STEP][PASSED] - ValueFound = FindValue + " (" + get(FindValue).toString() + ")": null

2020-05-28 01:41:58 - [TEST_STEP][PASSED] - break: null

2020-05-28 01:41:58 - [MESSAGE][PASSED] - Call Test Case 'Test Cases/PFI Precision and Scale/PFI Components/PELists' successfully

2020-05-28 01:41:58 - [TEST_STEP][PASSED] - println(ValueFound): null

2020-05-28 01:41:58 - [TEST_STEP][PASSED] - sendKeys(NewInputNmField, Keys.chord(ARROW_DOWN)): Keys 'DOWN + ' sent to object: 'Object Repository/Objects.HighlightElements/input_field'

2020-05-28 01:41:58 - [MESSAGE][PASSED] - Keys 'DOWN + ' sent to object: 'Object Repository/Objects.HighlightElements/input_field'

2020-05-28 01:41:58 - [TEST_STEP][PASSED] - sendKeys(NewInputNmField, Keys.chord(ARROW_DOWN)): Keys 'DOWN + ' sent to object: 'Object Repository/Objects.HighlightElements/input_field'

2020-05-28 01:41:59 - [MESSAGE][PASSED] - Keys 'DOWN + ' sent to object: 'Object Repository/Objects.HighlightElements/input_field'

2020-05-28 01:41:59 - [TEST_STEP][PASSED] - delay(DelayTime): Delayed 5 second(s)

2020-05-28 01:42:04 - [MESSAGE][PASSED] - Delayed 5 second(s)

2020-05-28 01:42:04 - [TEST_STEP][PASSED] - sendKeys(NewInputNmField, Keys.chord(ENTER)): Keys 'ENTER + ' sent to object: 'Object Repository/Objects.HighlightElements/input_field'

2020-05-28 01:42:04 - [MESSAGE][PASSED] - Keys 'ENTER + ' sent to object: 'Object Repository/Objects.HighlightElements/input_field'

2020-05-28 01:42:04 - [TEST_STEP][PASSED] - ComboBoxValue = getAttribute(NewInputNmField, "value"): Attribute 'value' of object 'Object Repository/Objects.HighlightElements/input_field' is: '1003'

2020-05-28 01:42:04 - [MESSAGE][PASSED] - Attribute 'value' of object 'Object Repository/Objects.HighlightElements/input_field' is: '1003'

2020-05-28 01:42:04 - [TEST_STEP][PASSED] - callTestCase(findTestCase(CallTCName), ["FindValue":ComboBoxValue, "DropdownNm":comboNm], STOP_ON_FAILURE): Call Test Case 'Test Cases/PFI Precision and Scale/PFI Components/PELists' successfully

2020-05-28 01:42:04 - [TEST_CASE][PASSED] - Test Cases/PFI Precision and Scale/PFI Components/PELists: Test Cases/PFI Precision and Scale/PFI Components/PELists

2020-05-28 01:42:04 - [TEST_STEP][PASSED] - Thread.sleep(1000): null

2020-05-28 01:42:05 - [TEST_STEP][PASSED] - PEListsTBL = ["0011":"QP-Formatted Address", "0012":"QP-0012", "0014":"QP-0014", "0015":"QP-0015", "0016":"QP-0016", "3214":"Dummy QP Name 3861", ... ]: null

2020-05-28 01:42:05 - [TEST_STEP][PASSED] - switch (DropdownNm): null

2020-05-28 01:42:05 - [TEST_STEP][PASSED] - case "PENo":: null

2020-05-28 01:42:05 - [TEST_STEP][PASSED] - ValueFound = FindValue + " (" + get(FindValue).toString() + ")": null

2020-05-28 01:42:05 - [TEST_STEP][PASSED] - break: null

2020-05-28 01:42:05 - [MESSAGE][PASSED] - Call Test Case 'Test Cases/PFI Precision and Scale/PFI Components/PELists' successfully

2020-05-28 01:42:05 - [TEST_STEP][PASSED] - println(ValueFound): null

2020-05-28 01:42:05 - [TEST_STEP][PASSED] - sendKeys(NewInputNmField, Keys.chord(ARROW_DOWN)): Keys 'DOWN + ' sent to object: 'Object Repository/Objects.HighlightElements/input_field'

2020-05-28 01:42:05 - [MESSAGE][PASSED] - Keys 'DOWN + ' sent to object: 'Object Repository/Objects.HighlightElements/input_field'

2020-05-28 01:42:05 - [TEST_STEP][PASSED] - sendKeys(NewInputNmField, Keys.chord(ARROW_DOWN)): Keys 'DOWN + ' sent to object: 'Object Repository/Objects.HighlightElements/input_field'

2020-05-28 01:42:06 - [MESSAGE][PASSED] - Keys 'DOWN + ' sent to object: 'Object Repository/Objects.HighlightElements/input_field'

2020-05-28 01:42:06 - [TEST_STEP][PASSED] - delay(DelayTime): Delayed 5 second(s)

2020-05-28 01:42:11 - [MESSAGE][PASSED] - Delayed 5 second(s)

2020-05-28 01:42:11 - [TEST_STEP][PASSED] - sendKeys(NewInputNmField, Keys.chord(ENTER)): Keys 'ENTER + ' sent to object: 'Object Repository/Objects.HighlightElements/input_field'

2020-05-28 01:42:11 - [MESSAGE][PASSED] - Keys 'ENTER + ' sent to object: 'Object Repository/Objects.HighlightElements/input_field'

2020-05-28 01:42:11 - [TEST_STEP][PASSED] - ComboBoxValue = getAttribute(NewInputNmField, "value"): Attribute 'value' of object 'Object Repository/Objects.HighlightElements/input_field' is: '1003'

2020-05-28 01:42:11 - [MESSAGE][PASSED] - Attribute 'value' of object 'Object Repository/Objects.HighlightElements/input_field' is: '1003'

2020-05-28 01:42:11 - [TEST_STEP][PASSED] - callTestCase(findTestCase(CallTCName), ["FindValue":ComboBoxValue, "DropdownNm":comboNm], STOP_ON_FAILURE): Call Test Case 'Test Cases/PFI Precision and Scale/PFI Components/PELists' successfully

2020-05-28 01:42:11 - [TEST_CASE][PASSED] - Test Cases/PFI Precision and Scale/PFI Components/PELists: Test Cases/PFI Precision and Scale/PFI Components/PELists

2020-05-28 01:42:11 - [TEST_STEP][PASSED] - Thread.sleep(1000): null

2020-05-28 01:42:12 - [TEST_STEP][PASSED] - PEListsTBL = ["0011":"QP-Formatted Address", "0012":"QP-0012", "0014":"QP-0014", "0015":"QP-0015", "0016":"QP-0016", "3214":"Dummy QP Name 3861", ... ]: null

2020-05-28 01:42:12 - [TEST_STEP][PASSED] - switch (DropdownNm): null

2020-05-28 01:42:12 - [TEST_STEP][PASSED] - case "PENo":: null

2020-05-28 01:42:12 - [TEST_STEP][PASSED] - ValueFound = FindValue + " (" + get(FindValue).toString() + ")": null

2020-05-28 01:42:12 - [TEST_STEP][PASSED] - break: null

2020-05-28 01:42:12 - [MESSAGE][PASSED] - Call Test Case 'Test Cases/PFI Precision and Scale/PFI Components/PELists' successfully

2020-05-28 01:42:12 - [TEST_STEP][PASSED] - println(ValueFound): null

2020-05-28 01:42:12 - [TEST_STEP][PASSED] - sendKeys(NewInputNmField, Keys.chord(ARROW_DOWN)): Keys 'DOWN + ' sent to object: 'Object Repository/Objects.HighlightElements/input_field'

2020-05-28 01:42:13 - [MESSAGE][PASSED] - Keys 'DOWN + ' sent to object: 'Object Repository/Objects.HighlightElements/input_field'

2020-05-28 01:42:13 - [TEST_STEP][PASSED] - sendKeys(NewInputNmField, Keys.chord(ARROW_DOWN)): Keys 'DOWN + ' sent to object: 'Object Repository/Objects.HighlightElements/input_field'

2020-05-28 01:42:13 - [MESSAGE][PASSED] - Keys 'DOWN + ' sent to object: 'Object Repository/Objects.HighlightElements/input_field'

2020-05-28 01:42:13 - [TEST_STEP][PASSED] - delay(DelayTime): Delayed 5 second(s)

2020-05-28 01:42:18 - [MESSAGE][PASSED] - Delayed 5 second(s)

2020-05-28 01:42:18 - [TEST_STEP][PASSED] - sendKeys(NewInputNmField, Keys.chord(ENTER)): Keys 'ENTER + ' sent to object: 'Object Repository/Objects.HighlightElements/input_field'

2020-05-28 01:42:18 - [MESSAGE][PASSED] - Keys 'ENTER + ' sent to object: 'Object Repository/Objects.HighlightElements/input_field'

2020-05-28 01:42:18 - [TEST_STEP][PASSED] - ComboBoxValue = getAttribute(NewInputNmField, "value"): Attribute 'value' of object 'Object Repository/Objects.HighlightElements/input_field' is: '1003'

2020-05-28 01:42:19 - [MESSAGE][PASSED] - Attribute 'value' of object 'Object Repository/Objects.HighlightElements/input_field' is: '1003'

2020-05-28 01:42:19 - [TEST_STEP][PASSED] - callTestCase(findTestCase(CallTCName), ["FindValue":ComboBoxValue, "DropdownNm":comboNm], STOP_ON_FAILURE): Call Test Case 'Test Cases/PFI Precision and Scale/PFI Components/PELists' successfully

2020-05-28 01:42:19 - [TEST_CASE][PASSED] - Test Cases/PFI Precision and Scale/PFI Components/PELists: Test Cases/PFI Precision and Scale/PFI Components/PELists

2020-05-28 01:42:19 - [TEST_STEP][PASSED] - Thread.sleep(1000): null

2020-05-28 01:42:20 - [TEST_STEP][PASSED] - PEListsTBL = ["0011":"QP-Formatted Address", "0012":"QP-0012", "0014":"QP-0014", "0015":"QP-0015", "0016":"QP-0016", "3214":"Dummy QP Name 3861", ... ]: null

2020-05-28 01:42:20 - [TEST_STEP][PASSED] - switch (DropdownNm): null

2020-05-28 01:42:20 - [TEST_STEP][PASSED] - case "PENo":: null

2020-05-28 01:42:20 - [TEST_STEP][PASSED] - ValueFound = FindValue + " (" + get(FindValue).toString() + ")": null

2020-05-28 01:42:20 - [TEST_STEP][PASSED] - break: null

2020-05-28 01:42:20 - [MESSAGE][PASSED] - Call Test Case 'Test Cases/PFI Precision and Scale/PFI Components/PELists' successfully

2020-05-28 01:42:20 - [TEST_STEP][PASSED] - println(ValueFound): null

2020-05-28 01:42:20 - [TEST_STEP][PASSED] - sendKeys(NewInputNmField, Keys.chord(ARROW_DOWN)): Keys 'DOWN + ' sent to object: 'Object Repository/Objects.HighlightElements/input_field'

2020-05-28 01:42:20 - [MESSAGE][PASSED] - Keys 'DOWN + ' sent to object: 'Object Repository/Objects.HighlightElements/input_field'

2020-05-28 01:42:20 - [TEST_STEP][PASSED] - sendKeys(NewInputNmField, Keys.chord(ARROW_DOWN)): Keys 'DOWN + ' sent to object: 'Object Repository/Objects.HighlightElements/input_field'

2020-05-28 01:42:20 - [MESSAGE][PASSED] - Keys 'DOWN + ' sent to object: 'Object Repository/Objects.HighlightElements/input_field'

2020-05-28 01:42:20 - [TEST_STEP][PASSED] - delay(DelayTime): Delayed 5 second(s)

2020-05-28 01:42:25 - [MESSAGE][PASSED] - Delayed 5 second(s)

2020-05-28 01:42:25 - [TEST_STEP][PASSED] - sendKeys(NewInputNmField, Keys.chord(ENTER)): Keys 'ENTER + ' sent to object: 'Object Repository/Objects.HighlightElements/input_field'

2020-05-28 01:42:26 - [MESSAGE][PASSED] - Keys 'ENTER + ' sent to object: 'Object Repository/Objects.HighlightElements/input_field'

2020-05-28 01:42:26 - [TEST_STEP][PASSED] - ComboBoxValue = getAttribute(NewInputNmField, "value"): Attribute 'value' of object 'Object Repository/Objects.HighlightElements/input_field' is: '1003'

2020-05-28 01:42:26 - [MESSAGE][PASSED] - Attribute 'value' of object 'Object Repository/Objects.HighlightElements/input_field' is: '1003'

2020-05-28 01:42:26 - [TEST_STEP][PASSED] - callTestCase(findTestCase(CallTCName), ["FindValue":ComboBoxValue, "DropdownNm":comboNm], STOP_ON_FAILURE): Call Test Case 'Test Cases/PFI Precision and Scale/PFI Components/PELists' successfully

2020-05-28 01:42:26 - [TEST_CASE][PASSED] - Test Cases/PFI Precision and Scale/PFI Components/PELists: Test Cases/PFI Precision and Scale/PFI Components/PELists

2020-05-28 01:42:26 - [TEST_STEP][PASSED] - Thread.sleep(1000): null

2020-05-28 01:42:27 - [TEST_STEP][PASSED] - PEListsTBL = ["0011":"QP-Formatted Address", "0012":"QP-0012", "0014":"QP-0014", "0015":"QP-0015", "0016":"QP-0016", "3214":"Dummy QP Name 3861", ... ]: null

2020-05-28 01:42:27 - [TEST_STEP][PASSED] - switch (DropdownNm): null

2020-05-28 01:42:27 - [TEST_STEP][PASSED] - case "PENo":: null

2020-05-28 01:42:27 - [TEST_STEP][PASSED] - ValueFound = FindValue + " (" + get(FindValue).toString() + ")": null

2020-05-28 01:42:27 - [TEST_STEP][PASSED] - break: null

2020-05-28 01:42:27 - [MESSAGE][PASSED] - Call Test Case 'Test Cases/PFI Precision and Scale/PFI Components/PELists' successfully

2020-05-28 01:42:27 - [TEST_STEP][PASSED] - println(ValueFound): null

2020-05-28 01:42:27 - [TEST_STEP][PASSED] - sendKeys(NewInputNmField, Keys.chord(ARROW_DOWN)): Keys 'DOWN + ' sent to object: 'Object Repository/Objects.HighlightElements/input_field'

2020-05-28 01:42:27 - [MESSAGE][PASSED] - Keys 'DOWN + ' sent to object: 'Object Repository/Objects.HighlightElements/input_field'

2020-05-28 01:42:27 - [TEST_STEP][PASSED] - sendKeys(NewInputNmField, Keys.chord(ENTER)): Keys 'ENTER + ' sent to object: 'Object Repository/Objects.HighlightElements/input_field'

2020-05-28 01:42:28 - [MESSAGE][PASSED] - Keys 'ENTER + ' sent to object: 'Object Repository/Objects.HighlightElements/input_field'

2020-05-28 01:42:28 - [MESSAGE][PASSED] - Call Test Case 'Test Cases/PFI Precision and Scale/PFI Components/VerifyDropdownValues' successfully

2020-05-28 01:42:28 - [TEST_STEP][NOT_RUN] - callTestCase(findTestCase("Components/00_Precision and Scale/PEValidation"), ["LblNm":"PE Reference No *:", "FldNm":"peRegNbr", "EnterInvalidPE":"Zh&2", "PEEnabled":"Y", "PEName":"N", "RqdField":"Y", ... ], STOP_ON_FAILURE): NOT_RUN: callTestCase(findTestCase("Components/00_Precision and Scale/PEValidation"), ["LblNm":"PE Reference No *:", "FldNm":"peRegNbr", "EnterInvalidPE":"Zh&2", "PEEnabled":"Y", "PEName":"N", "RqdField":"Y", ... ], STOP_ON_FAILURE)

2020-05-28 01:42:28 - [MESSAGE][NOT_RUN] - NOT_RUN: callTestCase(findTestCase("Components/00_Precision and Scale/PEValidation"), ["LblNm":"PE Reference No *:", "FldNm":"peRegNbr", "EnterInvalidPE":"Zh&2", "PEEnabled":"Y", "PEName":"N", "RqdField":"Y", ... ], STOP_ON_FAILURE)

2020-05-28 01:42:28 - [TEST_STEP][NOT_RUN] - callTestCase(findTestCase("Components/Logout"), ["LogoutPageTextToBeVerified":findTestData("Datatable").getValue("HomeBanner", 2)], STOP_ON_FAILURE): NOT_RUN: callTestCase(findTestCase("Components/Logout"), ["LogoutPageTextToBeVerified":findTestData("Datatable").getValue("HomeBanner", 2)], STOP_ON_FAILURE)

2020-05-28 01:42:28 - [MESSAGE][NOT_RUN] - NOT_RUN: callTestCase(findTestCase("Components/Logout"), ["LogoutPageTextToBeVerified":findTestData("Datatable").getValue("HomeBanner", 2)], STOP_ON_FAILURE)]]></system-out>
         <system-err><![CDATA[]]></system-err>
      </testcase>
      <testcase name="Test Cases/PFI Precision and Scale/PFI Test Cases/PFI.UpdateReportsLHS" time="203.346" classname="Test Cases/PFI Precision and Scale/PFI Test Cases/PFI.UpdateReportsLHS" status="PASSED">
         <system-out><![CDATA[2020-05-28 01:42:28 - [TEST_CASE][PASSED] - Test Cases/PFI Precision and Scale/PFI Test Cases/PFI.UpdateReportsLHS: Test Cases/PFI Precision and Scale/PFI Test Cases/PFI.UpdateReportsLHS

2020-05-28 01:42:28 - [TEST_STEP][NOT_RUN] - callTestCase(findTestCase("Components/LoginV2.0"), ["LinkToBeUsed":findTestData("ISPS2 Test Data").getValue("URL", 2), "LoginPageTextToBeVerified":findTestData("ISPS2 Test Data").getValue("HomeBanner", 2), ... ], STOP_ON_FAILURE): NOT_RUN: callTestCase(findTestCase("Components/LoginV2.0"), ["LinkToBeUsed":findTestData("ISPS2 Test Data").getValue("URL", 2), "LoginPageTextToBeVerified":findTestData("ISPS2 Test Data").getValue("HomeBanner", 2), ... ], STOP_ON_FAILURE)

2020-05-28 01:42:28 - [MESSAGE][NOT_RUN] - NOT_RUN: callTestCase(findTestCase("Components/LoginV2.0"), ["LinkToBeUsed":findTestData("ISPS2 Test Data").getValue("URL", 2), "LoginPageTextToBeVerified":findTestData("ISPS2 Test Data").getValue("HomeBanner", 2), ... ], STOP_ON_FAILURE)

2020-05-28 01:42:28 - [TEST_STEP][NOT_RUN] - callTestCase(findTestCase("Components/NavigateToHomepageHeaders"), ["headerText":"My Tasks"], STOP_ON_FAILURE): NOT_RUN: callTestCase(findTestCase("Components/NavigateToHomepageHeaders"), ["headerText":"My Tasks"], STOP_ON_FAILURE)

2020-05-28 01:42:28 - [MESSAGE][NOT_RUN] - NOT_RUN: callTestCase(findTestCase("Components/NavigateToHomepageHeaders"), ["headerText":"My Tasks"], STOP_ON_FAILURE)

2020-05-28 01:42:28 - [TEST_STEP][NOT_RUN] - callTestCase(findTestCase("Components/Filter"), ["taskDescription":"Process Case (SM)"], STOP_ON_FAILURE): NOT_RUN: callTestCase(findTestCase("Components/Filter"), ["taskDescription":"Process Case (SM)"], STOP_ON_FAILURE)

2020-05-28 01:42:28 - [MESSAGE][NOT_RUN] - NOT_RUN: callTestCase(findTestCase("Components/Filter"), ["taskDescription":"Process Case (SM)"], STOP_ON_FAILURE)

2020-05-28 01:42:28 - [TEST_STEP][NOT_RUN] - callTestCase(findTestCase("Components/ClickLinkDependingOnTextAndIndex"), ["linkName":"Process Case (SM)", "index":"3"], STOP_ON_FAILURE): NOT_RUN: callTestCase(findTestCase("Components/ClickLinkDependingOnTextAndIndex"), ["linkName":"Process Case (SM)", "index":"3"], STOP_ON_FAILURE)

2020-05-28 01:42:28 - [MESSAGE][NOT_RUN] - NOT_RUN: callTestCase(findTestCase("Components/ClickLinkDependingOnTextAndIndex"), ["linkName":"Process Case (SM)", "index":"3"], STOP_ON_FAILURE)

2020-05-28 01:42:28 - [TEST_STEP][PASSED] - callTestCase(findTestCase("Components/NavigateToAnyLHS"), ["LHS":"Update Reports"], STOP_ON_FAILURE): Call Test Case 'Test Cases/Components/NavigateToAnyLHS' successfully

2020-05-28 01:42:28 - [TEST_CASE][PASSED] - Test Cases/Components/NavigateToAnyLHS: Test Cases/Components/NavigateToAnyLHS

2020-05-28 01:42:28 - [TEST_STEP][PASSED] - Thread.sleep(1000): null

2020-05-28 01:42:29 - [TEST_STEP][PASSED] - modifiedLHS = modifyObjectProperty(findTestObject("Objects.NavigateToAnyLHS/Page_ISPS2/LHSToModify"), "text", "equals", LHS, true): Modify property of object successfully

2020-05-28 01:42:29 - [MESSAGE][PASSED] - Modify property of object successfully

2020-05-28 01:42:29 - [TEST_STEP][PASSED] - click(modifiedLHS): Object: 'Object Repository/Objects.NavigateToAnyLHS/Page_ISPS2/LHSToModify' is clicked on

2020-05-28 01:42:29 - [MESSAGE][PASSED] - Object: 'Object Repository/Objects.NavigateToAnyLHS/Page_ISPS2/LHSToModify' is clicked on

2020-05-28 01:42:29 - [TEST_STEP][PASSED] - currentLHS = getText(modifiedLHS): Text of object 'Object Repository/Objects.NavigateToAnyLHS/Page_ISPS2/LHSToModify' is: 'Update Reports'

2020-05-28 01:42:32 - [MESSAGE][PASSED] - Text of object 'Object Repository/Objects.NavigateToAnyLHS/Page_ISPS2/LHSToModify' is: 'Update Reports'

2020-05-28 01:42:32 - [TEST_STEP][PASSED] - Thread.sleep(5000): null

2020-05-28 01:42:37 - [MESSAGE][PASSED] - Call Test Case 'Test Cases/Components/NavigateToAnyLHS' successfully

2020-05-28 01:42:37 - [TEST_STEP][PASSED] - callTestCase(findTestCase("Components/VerifyPageSuccessfullyLoadedII"), ["PageNm":"Update Reports"], STOP_ON_FAILURE): Call Test Case 'Test Cases/Components/VerifyPageSuccessfullyLoadedII' successfully

2020-05-28 01:42:37 - [TEST_CASE][PASSED] - Test Cases/Components/VerifyPageSuccessfullyLoadedII: Test Cases/Components/VerifyPageSuccessfullyLoadedII

2020-05-28 01:42:37 - [TEST_STEP][PASSED] - Thread.sleep(1000): null

2020-05-28 01:42:38 - [TEST_STEP][PASSED] - modifiedInputFld = modifyObjectProperty(findTestObject("Object Repository/Objects.VerifyPageSuccessfullyLoaded/PageHeaderIndex"), "xpath", "equals", "//*[contains(@class,'isps-page-title') and (text()='" + PageNm + "')]", true): Modify property of object successfully

2020-05-28 01:42:38 - [MESSAGE][PASSED] - Modify property of object successfully

2020-05-28 01:42:38 - [TEST_STEP][PASSED] - com.reusableComponents.HighlightElement.run(modifiedInputFld): com.reusableComponents.HighlightElement.run is PASSED

2020-05-28 01:42:38 - [MESSAGE][PASSED] - com.reusableComponents.HighlightElement.run is PASSED

2020-05-28 01:42:38 - [MESSAGE][PASSED] - Call Test Case 'Test Cases/Components/VerifyPageSuccessfullyLoadedII' successfully

2020-05-28 01:42:38 - [TEST_STEP][PASSED] - callTestCase(findTestCase("Components/ClickAddButtonII"), [:], STOP_ON_FAILURE): Call Test Case 'Test Cases/Components/ClickAddButtonII' successfully

2020-05-28 01:42:38 - [TEST_CASE][PASSED] - Test Cases/Components/ClickAddButtonII: Test Cases/Components/ClickAddButtonII

2020-05-28 01:42:39 - [TEST_STEP][PASSED] - Thread.sleep(1000): null

2020-05-28 01:42:40 - [TEST_STEP][PASSED] - com.reusableComponents.HighlightElement.run(findTestObject("Objects.ClickAddButtonII/XP_AddButton")): com.reusableComponents.HighlightElement.run is PASSED

2020-05-28 01:42:40 - [MESSAGE][PASSED] - com.reusableComponents.HighlightElement.run is PASSED

2020-05-28 01:42:40 - [TEST_STEP][PASSED] - click(findTestObject("Objects.ClickAddButtonII/XP_AddButton")): Object: 'Object Repository/Objects.ClickAddButtonII/XP_AddButton' is clicked on

2020-05-28 01:42:41 - [MESSAGE][PASSED] - Object: 'Object Repository/Objects.ClickAddButtonII/XP_AddButton' is clicked on

2020-05-28 01:42:41 - [TEST_STEP][PASSED] - Thread.sleep(5000): null

2020-05-28 01:42:46 - [MESSAGE][PASSED] - Call Test Case 'Test Cases/Components/ClickAddButtonII' successfully

2020-05-28 01:42:46 - [TEST_STEP][PASSED] - callTestCase(findTestCase("PFI Precision and Scale/PFI Components/RequiredFieldValidation"), ["nameToBeUsed":"dFormCode"], STOP_ON_FAILURE): Call Test Case 'Test Cases/PFI Precision and Scale/PFI Components/RequiredFieldValidation' successfully

2020-05-28 01:42:46 - [TEST_CASE][PASSED] - Test Cases/PFI Precision and Scale/PFI Components/RequiredFieldValidation: Test Cases/PFI Precision and Scale/PFI Components/RequiredFieldValidation

2020-05-28 01:42:46 - [TEST_STEP][PASSED] - enableSmartWait(): null

2020-05-28 01:42:46 - [TEST_STEP][PASSED] - NewInputNmField = modifyObjectProperty(findTestObject("Objects.HighlightElements/input_field"), "name", "equals", nameToBeUsed, true): Modify property of object successfully

2020-05-28 01:42:46 - [MESSAGE][PASSED] - Modify property of object successfully

2020-05-28 01:42:46 - [TEST_STEP][PASSED] - mouseOver(NewInputNmField): Object: 'Object Repository/Objects.HighlightElements/input_field' is hovered

2020-05-28 01:42:46 - [MESSAGE][PASSED] - Object: 'Object Repository/Objects.HighlightElements/input_field' is hovered

2020-05-28 01:42:46 - [TEST_STEP][PASSED] - getRqErrMsg = getAttribute(NewInputNmField, "data-errorqtip"): Attribute 'data-errorqtip' of object 'Object Repository/Objects.HighlightElements/input_field' is: '<ul class="x-list-plain"><li>This field is required</li></ul>'

2020-05-28 01:42:46 - [MESSAGE][PASSED] - Attribute 'data-errorqtip' of object 'Object Repository/Objects.HighlightElements/input_field' is: '<ul class="x-list-plain"><li>This field is required</li></ul>'

2020-05-28 01:42:46 - [TEST_STEP][PASSED] - strToolTip = getRqErrMsg.substring(29, 61): null

2020-05-28 01:42:46 - [TEST_STEP][PASSED] - toolTipReqErrMsg = strToolTip.substring(0, 22): null

2020-05-28 01:42:46 - [TEST_STEP][PASSED] - verifyMatch(toolTipReqErrMsg, RqField, true): Actual text 'This field is required' and expected text 'This field is required' are matched  using regular expression

2020-05-28 01:42:46 - [MESSAGE][PASSED] - Actual text 'This field is required' and expected text 'This field is required' are matched  using regular expression

2020-05-28 01:42:46 - [MESSAGE][PASSED] - Call Test Case 'Test Cases/PFI Precision and Scale/PFI Components/RequiredFieldValidation' successfully

2020-05-28 01:42:46 - [TEST_STEP][PASSED] - callTestCase(findTestCase("PFI Precision and Scale/PFI Components/RequiredFieldValidation"), ["nameToBeUsed":"rptRecvDt"], STOP_ON_FAILURE): Call Test Case 'Test Cases/PFI Precision and Scale/PFI Components/RequiredFieldValidation' successfully

2020-05-28 01:42:46 - [TEST_CASE][PASSED] - Test Cases/PFI Precision and Scale/PFI Components/RequiredFieldValidation: Test Cases/PFI Precision and Scale/PFI Components/RequiredFieldValidation

2020-05-28 01:42:46 - [TEST_STEP][PASSED] - enableSmartWait(): null

2020-05-28 01:42:46 - [TEST_STEP][PASSED] - NewInputNmField = modifyObjectProperty(findTestObject("Objects.HighlightElements/input_field"), "name", "equals", nameToBeUsed, true): Modify property of object successfully

2020-05-28 01:42:47 - [MESSAGE][PASSED] - Modify property of object successfully

2020-05-28 01:42:47 - [TEST_STEP][PASSED] - mouseOver(NewInputNmField): Object: 'Object Repository/Objects.HighlightElements/input_field' is hovered

2020-05-28 01:42:47 - [MESSAGE][PASSED] - Object: 'Object Repository/Objects.HighlightElements/input_field' is hovered

2020-05-28 01:42:47 - [TEST_STEP][PASSED] - getRqErrMsg = getAttribute(NewInputNmField, "data-errorqtip"): Attribute 'data-errorqtip' of object 'Object Repository/Objects.HighlightElements/input_field' is: '<ul class="x-list-plain"><li>This field is required</li></ul>'

2020-05-28 01:42:48 - [MESSAGE][PASSED] - Attribute 'data-errorqtip' of object 'Object Repository/Objects.HighlightElements/input_field' is: '<ul class="x-list-plain"><li>This field is required</li></ul>'

2020-05-28 01:42:48 - [TEST_STEP][PASSED] - strToolTip = getRqErrMsg.substring(29, 61): null

2020-05-28 01:42:48 - [TEST_STEP][PASSED] - toolTipReqErrMsg = strToolTip.substring(0, 22): null

2020-05-28 01:42:48 - [TEST_STEP][PASSED] - verifyMatch(toolTipReqErrMsg, RqField, true): Actual text 'This field is required' and expected text 'This field is required' are matched  using regular expression

2020-05-28 01:42:48 - [MESSAGE][PASSED] - Actual text 'This field is required' and expected text 'This field is required' are matched  using regular expression

2020-05-28 01:42:48 - [MESSAGE][PASSED] - Call Test Case 'Test Cases/PFI Precision and Scale/PFI Components/RequiredFieldValidation' successfully

2020-05-28 01:42:48 - [TEST_STEP][PASSED] - callTestCase(findTestCase("PFI Precision and Scale/PFI Components/RequiredFieldValidation"), ["nameToBeUsed":"rptTypeCode"], STOP_ON_FAILURE): Call Test Case 'Test Cases/PFI Precision and Scale/PFI Components/RequiredFieldValidation' successfully

2020-05-28 01:42:48 - [TEST_CASE][PASSED] - Test Cases/PFI Precision and Scale/PFI Components/RequiredFieldValidation: Test Cases/PFI Precision and Scale/PFI Components/RequiredFieldValidation

2020-05-28 01:42:48 - [TEST_STEP][PASSED] - enableSmartWait(): null

2020-05-28 01:42:48 - [TEST_STEP][PASSED] - NewInputNmField = modifyObjectProperty(findTestObject("Objects.HighlightElements/input_field"), "name", "equals", nameToBeUsed, true): Modify property of object successfully

2020-05-28 01:42:48 - [MESSAGE][PASSED] - Modify property of object successfully

2020-05-28 01:42:48 - [TEST_STEP][PASSED] - mouseOver(NewInputNmField): Object: 'Object Repository/Objects.HighlightElements/input_field' is hovered

2020-05-28 01:42:48 - [MESSAGE][PASSED] - Object: 'Object Repository/Objects.HighlightElements/input_field' is hovered

2020-05-28 01:42:48 - [TEST_STEP][PASSED] - getRqErrMsg = getAttribute(NewInputNmField, "data-errorqtip"): Attribute 'data-errorqtip' of object 'Object Repository/Objects.HighlightElements/input_field' is: '<ul class="x-list-plain"><li>This field is required</li></ul>'

2020-05-28 01:42:48 - [MESSAGE][PASSED] - Attribute 'data-errorqtip' of object 'Object Repository/Objects.HighlightElements/input_field' is: '<ul class="x-list-plain"><li>This field is required</li></ul>'

2020-05-28 01:42:48 - [TEST_STEP][PASSED] - strToolTip = getRqErrMsg.substring(29, 61): null

2020-05-28 01:42:48 - [TEST_STEP][PASSED] - toolTipReqErrMsg = strToolTip.substring(0, 22): null

2020-05-28 01:42:48 - [TEST_STEP][PASSED] - verifyMatch(toolTipReqErrMsg, RqField, true): Actual text 'This field is required' and expected text 'This field is required' are matched  using regular expression

2020-05-28 01:42:48 - [MESSAGE][PASSED] - Actual text 'This field is required' and expected text 'This field is required' are matched  using regular expression

2020-05-28 01:42:48 - [MESSAGE][PASSED] - Call Test Case 'Test Cases/PFI Precision and Scale/PFI Components/RequiredFieldValidation' successfully

2020-05-28 01:42:48 - [TEST_STEP][PASSED] - callTestCase(findTestCase("PFI Precision and Scale/PFI Components/RequiredFieldValidation"), ["nameToBeUsed":"rptComplyDt"], STOP_ON_FAILURE): Call Test Case 'Test Cases/PFI Precision and Scale/PFI Components/RequiredFieldValidation' successfully

2020-05-28 01:42:48 - [TEST_CASE][PASSED] - Test Cases/PFI Precision and Scale/PFI Components/RequiredFieldValidation: Test Cases/PFI Precision and Scale/PFI Components/RequiredFieldValidation

2020-05-28 01:42:48 - [TEST_STEP][PASSED] - enableSmartWait(): null

2020-05-28 01:42:48 - [TEST_STEP][PASSED] - NewInputNmField = modifyObjectProperty(findTestObject("Objects.HighlightElements/input_field"), "name", "equals", nameToBeUsed, true): Modify property of object successfully

2020-05-28 01:42:48 - [MESSAGE][PASSED] - Modify property of object successfully

2020-05-28 01:42:48 - [TEST_STEP][PASSED] - mouseOver(NewInputNmField): Object: 'Object Repository/Objects.HighlightElements/input_field' is hovered

2020-05-28 01:42:49 - [MESSAGE][PASSED] - Object: 'Object Repository/Objects.HighlightElements/input_field' is hovered

2020-05-28 01:42:49 - [TEST_STEP][PASSED] - getRqErrMsg = getAttribute(NewInputNmField, "data-errorqtip"): Attribute 'data-errorqtip' of object 'Object Repository/Objects.HighlightElements/input_field' is: '<ul class="x-list-plain"><li>This field is required</li></ul>'

2020-05-28 01:42:49 - [MESSAGE][PASSED] - Attribute 'data-errorqtip' of object 'Object Repository/Objects.HighlightElements/input_field' is: '<ul class="x-list-plain"><li>This field is required</li></ul>'

2020-05-28 01:42:49 - [TEST_STEP][PASSED] - strToolTip = getRqErrMsg.substring(29, 61): null

2020-05-28 01:42:49 - [TEST_STEP][PASSED] - toolTipReqErrMsg = strToolTip.substring(0, 22): null

2020-05-28 01:42:49 - [TEST_STEP][PASSED] - verifyMatch(toolTipReqErrMsg, RqField, true): Actual text 'This field is required' and expected text 'This field is required' are matched  using regular expression

2020-05-28 01:42:49 - [MESSAGE][PASSED] - Actual text 'This field is required' and expected text 'This field is required' are matched  using regular expression

2020-05-28 01:42:49 - [MESSAGE][PASSED] - Call Test Case 'Test Cases/PFI Precision and Scale/PFI Components/RequiredFieldValidation' successfully

2020-05-28 01:42:49 - [TEST_STEP][PASSED] - callTestCase(findTestCase("PFI Precision and Scale/PFI Components/RequiredFieldValidation"), ["nameToBeUsed":"submitBy"], STOP_ON_FAILURE): Call Test Case 'Test Cases/PFI Precision and Scale/PFI Components/RequiredFieldValidation' successfully

2020-05-28 01:42:49 - [TEST_CASE][PASSED] - Test Cases/PFI Precision and Scale/PFI Components/RequiredFieldValidation: Test Cases/PFI Precision and Scale/PFI Components/RequiredFieldValidation

2020-05-28 01:42:49 - [TEST_STEP][PASSED] - enableSmartWait(): null

2020-05-28 01:42:49 - [TEST_STEP][PASSED] - NewInputNmField = modifyObjectProperty(findTestObject("Objects.HighlightElements/input_field"), "name", "equals", nameToBeUsed, true): Modify property of object successfully

2020-05-28 01:42:49 - [MESSAGE][PASSED] - Modify property of object successfully

2020-05-28 01:42:49 - [TEST_STEP][PASSED] - mouseOver(NewInputNmField): Object: 'Object Repository/Objects.HighlightElements/input_field' is hovered

2020-05-28 01:42:50 - [MESSAGE][PASSED] - Object: 'Object Repository/Objects.HighlightElements/input_field' is hovered

2020-05-28 01:42:50 - [TEST_STEP][PASSED] - getRqErrMsg = getAttribute(NewInputNmField, "data-errorqtip"): Attribute 'data-errorqtip' of object 'Object Repository/Objects.HighlightElements/input_field' is: '<ul class="x-list-plain"><li>This field is required</li></ul>'

2020-05-28 01:42:50 - [MESSAGE][PASSED] - Attribute 'data-errorqtip' of object 'Object Repository/Objects.HighlightElements/input_field' is: '<ul class="x-list-plain"><li>This field is required</li></ul>'

2020-05-28 01:42:50 - [TEST_STEP][PASSED] - strToolTip = getRqErrMsg.substring(29, 61): null

2020-05-28 01:42:50 - [TEST_STEP][PASSED] - toolTipReqErrMsg = strToolTip.substring(0, 22): null

2020-05-28 01:42:50 - [TEST_STEP][PASSED] - verifyMatch(toolTipReqErrMsg, RqField, true): Actual text 'This field is required' and expected text 'This field is required' are matched  using regular expression

2020-05-28 01:42:50 - [MESSAGE][PASSED] - Actual text 'This field is required' and expected text 'This field is required' are matched  using regular expression

2020-05-28 01:42:50 - [MESSAGE][PASSED] - Call Test Case 'Test Cases/PFI Precision and Scale/PFI Components/RequiredFieldValidation' successfully

2020-05-28 01:42:50 - [TEST_STEP][PASSED] - callTestCase(findTestCase("PFI Precision and Scale/PFI Components/VerifyDropdownValues"), ["FldNm":"dFormCode", "CallTCName":"PFI Precision and Scale/PFI Components/ConstantHashMap", "cmbNm":"DForm", "NoOfVal":5, ... ], STOP_ON_FAILURE): Call Test Case 'Test Cases/PFI Precision and Scale/PFI Components/VerifyDropdownValues' successfully

2020-05-28 01:42:50 - [TEST_CASE][PASSED] - Test Cases/PFI Precision and Scale/PFI Components/VerifyDropdownValues: Test Cases/PFI Precision and Scale/PFI Components/VerifyDropdownValues

2020-05-28 01:42:50 - [TEST_STEP][PASSED] - Thread.sleep(1000): null

2020-05-28 01:42:51 - [TEST_STEP][PASSED] - NewInputNmField = modifyObjectProperty(findTestObject("Objects.HighlightElements/input_field"), "name", "equals", FldNm, true): Modify property of object successfully

2020-05-28 01:42:51 - [MESSAGE][PASSED] - Modify property of object successfully

2020-05-28 01:42:51 - [TEST_STEP][PASSED] - comboNm = cmbNm: null

2020-05-28 01:42:51 - [TEST_STEP][PASSED] - focus(NewInputNmField): Object: 'Object Repository/Objects.HighlightElements/input_field' is focused

2020-05-28 01:42:51 - [MESSAGE][PASSED] - Object: 'Object Repository/Objects.HighlightElements/input_field' is focused

2020-05-28 01:42:51 - [TEST_STEP][PASSED] - setText(NewInputNmField, EnterValue): Text '' is set on object 'Object Repository/Objects.HighlightElements/input_field'

2020-05-28 01:42:52 - [MESSAGE][PASSED] - Text '' is set on object 'Object Repository/Objects.HighlightElements/input_field'

2020-05-28 01:42:52 - [TEST_STEP][PASSED] - for ([i = 1, i <= NoOfVal, (i++)]): Keys 'DOWN + ' sent to object: 'Object Repository/Objects.HighlightElements/input_field'

2020-05-28 01:42:52 - [TEST_STEP][PASSED] - sendKeys(NewInputNmField, Keys.chord(ARROW_DOWN)): Keys 'DOWN + ' sent to object: 'Object Repository/Objects.HighlightElements/input_field'

2020-05-28 01:42:52 - [MESSAGE][PASSED] - Keys 'DOWN + ' sent to object: 'Object Repository/Objects.HighlightElements/input_field'

2020-05-28 01:42:52 - [TEST_STEP][PASSED] - delay(DelayTime): Delayed 0 second(s)

2020-05-28 01:42:52 - [MESSAGE][PASSED] - Delayed 0 second(s)

2020-05-28 01:42:52 - [TEST_STEP][PASSED] - sendKeys(NewInputNmField, Keys.chord(ENTER)): Keys 'ENTER + ' sent to object: 'Object Repository/Objects.HighlightElements/input_field'

2020-05-28 01:42:52 - [MESSAGE][PASSED] - Keys 'ENTER + ' sent to object: 'Object Repository/Objects.HighlightElements/input_field'

2020-05-28 01:42:52 - [TEST_STEP][PASSED] - ComboBoxValue = getAttribute(NewInputNmField, "value"): Attribute 'value' of object 'Object Repository/Objects.HighlightElements/input_field' is: 'D3'

2020-05-28 01:42:53 - [MESSAGE][PASSED] - Attribute 'value' of object 'Object Repository/Objects.HighlightElements/input_field' is: 'D3'

2020-05-28 01:42:53 - [TEST_STEP][PASSED] - callTestCase(findTestCase(CallTCName), ["FindValue":ComboBoxValue, "DropdownNm":comboNm], STOP_ON_FAILURE): Call Test Case 'Test Cases/PFI Precision and Scale/PFI Components/ConstantHashMap' successfully

2020-05-28 01:42:53 - [TEST_CASE][PASSED] - Test Cases/PFI Precision and Scale/PFI Components/ConstantHashMap: Test Cases/PFI Precision and Scale/PFI Components/ConstantHashMap

2020-05-28 01:42:53 - [TEST_STEP][PASSED] - ConstantTBL = [1:["PeriodType":"Working Day(s)"], 2:["PeriodType":"Calendar Day(s)"], 3:["PeriodType":"Month(s)"], 4:["TypeOfLetter":"T1"], ... ]: null

2020-05-28 01:42:53 - [TEST_STEP][PASSED] - switch (DropdownNm): null

2020-05-28 01:42:53 - [TEST_STEP][PASSED] - case "DForm":: null

2020-05-28 01:42:53 - [TEST_STEP][PASSED] - ValueFound = ConstantTBL.find({ -> ... }): null

2020-05-28 01:42:53 - [TEST_STEP][PASSED] - break: null

2020-05-28 01:42:53 - [MESSAGE][PASSED] - Call Test Case 'Test Cases/PFI Precision and Scale/PFI Components/ConstantHashMap' successfully

2020-05-28 01:42:53 - [TEST_STEP][PASSED] - println(ValueFound): null

2020-05-28 01:42:53 - [TEST_STEP][PASSED] - sendKeys(NewInputNmField, Keys.chord(ARROW_DOWN)): Keys 'DOWN + ' sent to object: 'Object Repository/Objects.HighlightElements/input_field'

2020-05-28 01:42:53 - [MESSAGE][PASSED] - Keys 'DOWN + ' sent to object: 'Object Repository/Objects.HighlightElements/input_field'

2020-05-28 01:42:53 - [TEST_STEP][PASSED] - sendKeys(NewInputNmField, Keys.chord(ARROW_DOWN)): Keys 'DOWN + ' sent to object: 'Object Repository/Objects.HighlightElements/input_field'

2020-05-28 01:42:54 - [MESSAGE][PASSED] - Keys 'DOWN + ' sent to object: 'Object Repository/Objects.HighlightElements/input_field'

2020-05-28 01:42:54 - [TEST_STEP][PASSED] - delay(DelayTime): Delayed 0 second(s)

2020-05-28 01:42:54 - [MESSAGE][PASSED] - Delayed 0 second(s)

2020-05-28 01:42:54 - [TEST_STEP][PASSED] - sendKeys(NewInputNmField, Keys.chord(ENTER)): Keys 'ENTER + ' sent to object: 'Object Repository/Objects.HighlightElements/input_field'

2020-05-28 01:42:59 - [MESSAGE][PASSED] - Keys 'ENTER + ' sent to object: 'Object Repository/Objects.HighlightElements/input_field'

2020-05-28 01:42:59 - [TEST_STEP][PASSED] - ComboBoxValue = getAttribute(NewInputNmField, "value"): Attribute 'value' of object 'Object Repository/Objects.HighlightElements/input_field' is: 'D4'

2020-05-28 01:43:00 - [MESSAGE][PASSED] - Attribute 'value' of object 'Object Repository/Objects.HighlightElements/input_field' is: 'D4'

2020-05-28 01:43:00 - [TEST_STEP][PASSED] - callTestCase(findTestCase(CallTCName), ["FindValue":ComboBoxValue, "DropdownNm":comboNm], STOP_ON_FAILURE): Call Test Case 'Test Cases/PFI Precision and Scale/PFI Components/ConstantHashMap' successfully

2020-05-28 01:43:00 - [TEST_CASE][PASSED] - Test Cases/PFI Precision and Scale/PFI Components/ConstantHashMap: Test Cases/PFI Precision and Scale/PFI Components/ConstantHashMap

2020-05-28 01:43:00 - [TEST_STEP][PASSED] - ConstantTBL = [1:["PeriodType":"Working Day(s)"], 2:["PeriodType":"Calendar Day(s)"], 3:["PeriodType":"Month(s)"], 4:["TypeOfLetter":"T1"], ... ]: null

2020-05-28 01:43:00 - [TEST_STEP][PASSED] - switch (DropdownNm): null

2020-05-28 01:43:00 - [TEST_STEP][PASSED] - case "DForm":: null

2020-05-28 01:43:00 - [TEST_STEP][PASSED] - ValueFound = ConstantTBL.find({ -> ... }): null

2020-05-28 01:43:00 - [TEST_STEP][PASSED] - break: null

2020-05-28 01:43:00 - [MESSAGE][PASSED] - Call Test Case 'Test Cases/PFI Precision and Scale/PFI Components/ConstantHashMap' successfully

2020-05-28 01:43:00 - [TEST_STEP][PASSED] - println(ValueFound): null

2020-05-28 01:43:00 - [TEST_STEP][PASSED] - sendKeys(NewInputNmField, Keys.chord(ARROW_DOWN)): Keys 'DOWN + ' sent to object: 'Object Repository/Objects.HighlightElements/input_field'

2020-05-28 01:43:00 - [MESSAGE][PASSED] - Keys 'DOWN + ' sent to object: 'Object Repository/Objects.HighlightElements/input_field'

2020-05-28 01:43:00 - [TEST_STEP][PASSED] - sendKeys(NewInputNmField, Keys.chord(ARROW_DOWN)): Keys 'DOWN + ' sent to object: 'Object Repository/Objects.HighlightElements/input_field'

2020-05-28 01:43:01 - [MESSAGE][PASSED] - Keys 'DOWN + ' sent to object: 'Object Repository/Objects.HighlightElements/input_field'

2020-05-28 01:43:01 - [TEST_STEP][PASSED] - delay(DelayTime): Delayed 0 second(s)

2020-05-28 01:43:01 - [MESSAGE][PASSED] - Delayed 0 second(s)

2020-05-28 01:43:01 - [TEST_STEP][PASSED] - sendKeys(NewInputNmField, Keys.chord(ENTER)): Keys 'ENTER + ' sent to object: 'Object Repository/Objects.HighlightElements/input_field'

2020-05-28 01:43:01 - [MESSAGE][PASSED] - Keys 'ENTER + ' sent to object: 'Object Repository/Objects.HighlightElements/input_field'

2020-05-28 01:43:01 - [TEST_STEP][PASSED] - ComboBoxValue = getAttribute(NewInputNmField, "value"): Attribute 'value' of object 'Object Repository/Objects.HighlightElements/input_field' is: 'D5'

2020-05-28 01:43:01 - [MESSAGE][PASSED] - Attribute 'value' of object 'Object Repository/Objects.HighlightElements/input_field' is: 'D5'

2020-05-28 01:43:01 - [TEST_STEP][PASSED] - callTestCase(findTestCase(CallTCName), ["FindValue":ComboBoxValue, "DropdownNm":comboNm], STOP_ON_FAILURE): Call Test Case 'Test Cases/PFI Precision and Scale/PFI Components/ConstantHashMap' successfully

2020-05-28 01:43:01 - [TEST_CASE][PASSED] - Test Cases/PFI Precision and Scale/PFI Components/ConstantHashMap: Test Cases/PFI Precision and Scale/PFI Components/ConstantHashMap

2020-05-28 01:43:01 - [TEST_STEP][PASSED] - ConstantTBL = [1:["PeriodType":"Working Day(s)"], 2:["PeriodType":"Calendar Day(s)"], 3:["PeriodType":"Month(s)"], 4:["TypeOfLetter":"T1"], ... ]: null

2020-05-28 01:43:01 - [TEST_STEP][PASSED] - switch (DropdownNm): null

2020-05-28 01:43:01 - [TEST_STEP][PASSED] - case "DForm":: null

2020-05-28 01:43:01 - [TEST_STEP][PASSED] - ValueFound = ConstantTBL.find({ -> ... }): null

2020-05-28 01:43:01 - [TEST_STEP][PASSED] - break: null

2020-05-28 01:43:01 - [MESSAGE][PASSED] - Call Test Case 'Test Cases/PFI Precision and Scale/PFI Components/ConstantHashMap' successfully

2020-05-28 01:43:01 - [TEST_STEP][PASSED] - println(ValueFound): null

2020-05-28 01:43:01 - [TEST_STEP][PASSED] - sendKeys(NewInputNmField, Keys.chord(ARROW_DOWN)): Keys 'DOWN + ' sent to object: 'Object Repository/Objects.HighlightElements/input_field'

2020-05-28 01:43:02 - [MESSAGE][PASSED] - Keys 'DOWN + ' sent to object: 'Object Repository/Objects.HighlightElements/input_field'

2020-05-28 01:43:02 - [TEST_STEP][PASSED] - sendKeys(NewInputNmField, Keys.chord(ARROW_DOWN)): Keys 'DOWN + ' sent to object: 'Object Repository/Objects.HighlightElements/input_field'

2020-05-28 01:43:02 - [MESSAGE][PASSED] - Keys 'DOWN + ' sent to object: 'Object Repository/Objects.HighlightElements/input_field'

2020-05-28 01:43:02 - [TEST_STEP][PASSED] - delay(DelayTime): Delayed 0 second(s)

2020-05-28 01:43:02 - [MESSAGE][PASSED] - Delayed 0 second(s)

2020-05-28 01:43:02 - [TEST_STEP][PASSED] - sendKeys(NewInputNmField, Keys.chord(ENTER)): Keys 'ENTER + ' sent to object: 'Object Repository/Objects.HighlightElements/input_field'

2020-05-28 01:43:03 - [MESSAGE][PASSED] - Keys 'ENTER + ' sent to object: 'Object Repository/Objects.HighlightElements/input_field'

2020-05-28 01:43:03 - [TEST_STEP][PASSED] - ComboBoxValue = getAttribute(NewInputNmField, "value"): Attribute 'value' of object 'Object Repository/Objects.HighlightElements/input_field' is: 'D6'

2020-05-28 01:43:03 - [MESSAGE][PASSED] - Attribute 'value' of object 'Object Repository/Objects.HighlightElements/input_field' is: 'D6'

2020-05-28 01:43:03 - [TEST_STEP][PASSED] - callTestCase(findTestCase(CallTCName), ["FindValue":ComboBoxValue, "DropdownNm":comboNm], STOP_ON_FAILURE): Call Test Case 'Test Cases/PFI Precision and Scale/PFI Components/ConstantHashMap' successfully

2020-05-28 01:43:03 - [TEST_CASE][PASSED] - Test Cases/PFI Precision and Scale/PFI Components/ConstantHashMap: Test Cases/PFI Precision and Scale/PFI Components/ConstantHashMap

2020-05-28 01:43:03 - [TEST_STEP][PASSED] - ConstantTBL = [1:["PeriodType":"Working Day(s)"], 2:["PeriodType":"Calendar Day(s)"], 3:["PeriodType":"Month(s)"], 4:["TypeOfLetter":"T1"], ... ]: null

2020-05-28 01:43:03 - [TEST_STEP][PASSED] - switch (DropdownNm): null

2020-05-28 01:43:03 - [TEST_STEP][PASSED] - case "DForm":: null

2020-05-28 01:43:03 - [TEST_STEP][PASSED] - ValueFound = ConstantTBL.find({ -> ... }): null

2020-05-28 01:43:03 - [TEST_STEP][PASSED] - break: null

2020-05-28 01:43:03 - [MESSAGE][PASSED] - Call Test Case 'Test Cases/PFI Precision and Scale/PFI Components/ConstantHashMap' successfully

2020-05-28 01:43:03 - [TEST_STEP][PASSED] - println(ValueFound): null

2020-05-28 01:43:03 - [TEST_STEP][PASSED] - sendKeys(NewInputNmField, Keys.chord(ARROW_DOWN)): Keys 'DOWN + ' sent to object: 'Object Repository/Objects.HighlightElements/input_field'

2020-05-28 01:43:03 - [MESSAGE][PASSED] - Keys 'DOWN + ' sent to object: 'Object Repository/Objects.HighlightElements/input_field'

2020-05-28 01:43:03 - [TEST_STEP][PASSED] - sendKeys(NewInputNmField, Keys.chord(ARROW_DOWN)): Keys 'DOWN + ' sent to object: 'Object Repository/Objects.HighlightElements/input_field'

2020-05-28 01:43:04 - [MESSAGE][PASSED] - Keys 'DOWN + ' sent to object: 'Object Repository/Objects.HighlightElements/input_field'

2020-05-28 01:43:04 - [TEST_STEP][PASSED] - delay(DelayTime): Delayed 0 second(s)

2020-05-28 01:43:04 - [MESSAGE][PASSED] - Delayed 0 second(s)

2020-05-28 01:43:04 - [TEST_STEP][PASSED] - sendKeys(NewInputNmField, Keys.chord(ENTER)): Keys 'ENTER + ' sent to object: 'Object Repository/Objects.HighlightElements/input_field'

2020-05-28 01:43:04 - [MESSAGE][PASSED] - Keys 'ENTER + ' sent to object: 'Object Repository/Objects.HighlightElements/input_field'

2020-05-28 01:43:04 - [TEST_STEP][PASSED] - ComboBoxValue = getAttribute(NewInputNmField, "value"): Attribute 'value' of object 'Object Repository/Objects.HighlightElements/input_field' is: 'D7'

2020-05-28 01:43:05 - [MESSAGE][PASSED] - Attribute 'value' of object 'Object Repository/Objects.HighlightElements/input_field' is: 'D7'

2020-05-28 01:43:05 - [TEST_STEP][PASSED] - callTestCase(findTestCase(CallTCName), ["FindValue":ComboBoxValue, "DropdownNm":comboNm], STOP_ON_FAILURE): Call Test Case 'Test Cases/PFI Precision and Scale/PFI Components/ConstantHashMap' successfully

2020-05-28 01:43:05 - [TEST_CASE][PASSED] - Test Cases/PFI Precision and Scale/PFI Components/ConstantHashMap: Test Cases/PFI Precision and Scale/PFI Components/ConstantHashMap

2020-05-28 01:43:05 - [TEST_STEP][PASSED] - ConstantTBL = [1:["PeriodType":"Working Day(s)"], 2:["PeriodType":"Calendar Day(s)"], 3:["PeriodType":"Month(s)"], 4:["TypeOfLetter":"T1"], ... ]: null

2020-05-28 01:43:05 - [TEST_STEP][PASSED] - switch (DropdownNm): null

2020-05-28 01:43:05 - [TEST_STEP][PASSED] - case "DForm":: null

2020-05-28 01:43:05 - [TEST_STEP][PASSED] - ValueFound = ConstantTBL.find({ -> ... }): null

2020-05-28 01:43:05 - [TEST_STEP][PASSED] - break: null

2020-05-28 01:43:05 - [MESSAGE][PASSED] - Call Test Case 'Test Cases/PFI Precision and Scale/PFI Components/ConstantHashMap' successfully

2020-05-28 01:43:05 - [TEST_STEP][PASSED] - println(ValueFound): null

2020-05-28 01:43:05 - [TEST_STEP][PASSED] - sendKeys(NewInputNmField, Keys.chord(ARROW_DOWN)): Keys 'DOWN + ' sent to object: 'Object Repository/Objects.HighlightElements/input_field'

2020-05-28 01:43:05 - [MESSAGE][PASSED] - Keys 'DOWN + ' sent to object: 'Object Repository/Objects.HighlightElements/input_field'

2020-05-28 01:43:05 - [TEST_STEP][PASSED] - sendKeys(NewInputNmField, Keys.chord(ENTER)): Keys 'ENTER + ' sent to object: 'Object Repository/Objects.HighlightElements/input_field'

2020-05-28 01:43:06 - [MESSAGE][PASSED] - Keys 'ENTER + ' sent to object: 'Object Repository/Objects.HighlightElements/input_field'

2020-05-28 01:43:06 - [MESSAGE][PASSED] - Call Test Case 'Test Cases/PFI Precision and Scale/PFI Components/VerifyDropdownValues' successfully

2020-05-28 01:43:06 - [TEST_STEP][PASSED] - callTestCase(findTestCase("PFI Precision and Scale/PFI Components with Indexing/SelectDayInDatePickerWithIndex"), ["FldNm":"rptRecvDt", "SelectCurrentDay":"19", "index":1], STOP_ON_FAILURE): Call Test Case 'Test Cases/PFI Precision and Scale/PFI Components with Indexing/SelectDayInDatePickerWithIndex' successfully

2020-05-28 01:43:06 - [TEST_CASE][PASSED] - Test Cases/PFI Precision and Scale/PFI Components with Indexing/SelectDayInDatePickerWithIndex: Test Cases/PFI Precision and Scale/PFI Components with Indexing/SelectDayInDatePickerWithIndex

2020-05-28 01:43:06 - [TEST_STEP][PASSED] - Thread.sleep(1000): null

2020-05-28 01:43:07 - [TEST_STEP][PASSED] - DateFieldNm = modifyObjectProperty(findTestObject("Objects.HighlightElements/input_field"), "name", "equals", FldNm, true): Modify property of object successfully

2020-05-28 01:43:07 - [MESSAGE][PASSED] - Modify property of object successfully

2020-05-28 01:43:07 - [TEST_STEP][PASSED] - ModifyDay = modifyObjectProperty(findTestObject("Objects.DateValidation/Page_ISPS2/Select_Day_Index"), "xpath", "equals", "(//*[contains(@class, 'x-datepicker-date') and (text() = '" + SelectCurrentDay + "')])[" + index + "]", true): Modify property of object successfully

2020-05-28 01:43:07 - [MESSAGE][PASSED] - Modify property of object successfully

2020-05-28 01:43:07 - [TEST_STEP][PASSED] - sendKeys(DateFieldNm, Keys.chord(ARROW_DOWN)): Keys 'DOWN + ' sent to object: 'Object Repository/Objects.HighlightElements/input_field'

2020-05-28 01:43:07 - [MESSAGE][PASSED] - Keys 'DOWN + ' sent to object: 'Object Repository/Objects.HighlightElements/input_field'

2020-05-28 01:43:07 - [TEST_STEP][PASSED] - com.reusableComponents.HighlightElement.run(ModifyDay): com.reusableComponents.HighlightElement.run is PASSED

2020-05-28 01:43:08 - [MESSAGE][PASSED] - com.reusableComponents.HighlightElement.run is PASSED

2020-05-28 01:43:08 - [TEST_STEP][PASSED] - delay(1): Delayed 1 second(s)

2020-05-28 01:43:09 - [MESSAGE][PASSED] - Delayed 1 second(s)

2020-05-28 01:43:09 - [TEST_STEP][PASSED] - click(ModifyDay): Object: 'Object Repository/Objects.DateValidation/Page_ISPS2/Select_Day_Index' is clicked on

2020-05-28 01:43:09 - [MESSAGE][ERROR] - javascript error: Failed to execute 'elementsFromPoint' on 'Document': The provided double value is non-finite.
  (Session info: chrome=81.0.4044.138)
Build info: version: '3.141.59', revision: 'e82be7d358', time: '2018-11-14T08:25:53'
System info: host: 'NSNB-108', ip: '192.168.16.39', os.name: 'Windows 10', os.arch: 'amd64', os.version: '10.0', java.version: '1.8.0_181'
Driver info: com.kms.katalon.selenium.driver.CChromeDriver
Capabilities {acceptInsecureCerts: false, browserName: chrome, browserVersion: 81.0.4044.138, chrome: {chromedriverVersion: 81.0.4044.69 (6813546031a4b..., userDataDir: C:\Users\19023-~1\AppData\L...}, goog:chromeOptions: {debuggerAddress: localhost:65014}, javascriptEnabled: true, networkConnectionEnabled: false, pageLoadStrategy: normal, platform: WINDOWS, platformName: WINDOWS, proxy: Proxy(), setWindowRect: true, strictFileInteractability: false, timeouts: {implicit: 0, pageLoad: 300000, script: 30000}, unhandledPromptBehavior: dismiss and notify, webauthn:virtualAuthenticators: true}
Session ID: 3ce6a6f99bf06347be304fe73d0441a7

2020-05-28 01:43:39 - [MESSAGE][ERROR] - javascript error: Failed to execute 'elementsFromPoint' on 'Document': The provided double value is non-finite.
  (Session info: chrome=81.0.4044.138)
Build info: version: '3.141.59', revision: 'e82be7d358', time: '2018-11-14T08:25:53'
System info: host: 'NSNB-108', ip: '192.168.16.39', os.name: 'Windows 10', os.arch: 'amd64', os.version: '10.0', java.version: '1.8.0_181'
Driver info: com.kms.katalon.selenium.driver.CChromeDriver
Capabilities {acceptInsecureCerts: false, browserName: chrome, browserVersion: 81.0.4044.138, chrome: {chromedriverVersion: 81.0.4044.69 (6813546031a4b..., userDataDir: C:\Users\19023-~1\AppData\L...}, goog:chromeOptions: {debuggerAddress: localhost:65014}, javascriptEnabled: true, networkConnectionEnabled: false, pageLoadStrategy: normal, platform: WINDOWS, platformName: WINDOWS, proxy: Proxy(), setWindowRect: true, strictFileInteractability: false, timeouts: {implicit: 0, pageLoad: 300000, script: 30000}, unhandledPromptBehavior: dismiss and notify, webauthn:virtualAuthenticators: true}
Session ID: 3ce6a6f99bf06347be304fe73d0441a7

2020-05-28 01:43:39 - [MESSAGE][PASSED] - Object: 'Object Repository/Objects.DateValidation/Page_ISPS2/Select_Day_Index' is clicked on

2020-05-28 01:43:39 - [MESSAGE][PASSED] - Call Test Case 'Test Cases/PFI Precision and Scale/PFI Components with Indexing/SelectDayInDatePickerWithIndex' successfully

2020-05-28 01:43:39 - [TEST_STEP][PASSED] - callTestCase(findTestCase("PFI Precision and Scale/PFI Components/SelectTodayInDatePicker"), ["FldNm":"rptRecvDt", "index":"1"], STOP_ON_FAILURE): Call Test Case 'Test Cases/PFI Precision and Scale/PFI Components/SelectTodayInDatePicker' successfully

2020-05-28 01:43:39 - [TEST_CASE][PASSED] - Test Cases/PFI Precision and Scale/PFI Components/SelectTodayInDatePicker: Test Cases/PFI Precision and Scale/PFI Components/SelectTodayInDatePicker

2020-05-28 01:43:40 - [TEST_STEP][PASSED] - Thread.sleep(1000): null

2020-05-28 01:43:41 - [TEST_STEP][PASSED] - DateFieldNm = modifyObjectProperty(findTestObject("Object Repository/Objects.DateValidation/Page_ISPS2/input__orderDt"), "name", "equals", FldNm, true): Modify property of object successfully

2020-05-28 01:43:41 - [MESSAGE][PASSED] - Modify property of object successfully

2020-05-28 01:43:41 - [TEST_STEP][PASSED] - TodayBtn = modifyObjectProperty(findTestObject("Object Repository/Objects.DateValidation/Page_ISPS2/a_Today"), "xpath", "equals", "(//*[text() = 'Today'])[" + index + "]", true): Modify property of object successfully

2020-05-28 01:43:41 - [MESSAGE][PASSED] - Modify property of object successfully

2020-05-28 01:43:41 - [TEST_STEP][PASSED] - sendKeys(DateFieldNm, Keys.chord(ARROW_DOWN)): Keys 'DOWN + ' sent to object: 'Object Repository/Objects.DateValidation/Page_ISPS2/input__orderDt'

2020-05-28 01:43:41 - [MESSAGE][PASSED] - Keys 'DOWN + ' sent to object: 'Object Repository/Objects.DateValidation/Page_ISPS2/input__orderDt'

2020-05-28 01:43:41 - [TEST_STEP][PASSED] - com.reusableComponents.HighlightElement.run(TodayBtn): com.reusableComponents.HighlightElement.run is PASSED

2020-05-28 01:43:42 - [MESSAGE][PASSED] - com.reusableComponents.HighlightElement.run is PASSED

2020-05-28 01:43:42 - [TEST_STEP][PASSED] - click(TodayBtn): Object: 'Object Repository/Objects.DateValidation/Page_ISPS2/a_Today' is clicked on

2020-05-28 01:43:42 - [MESSAGE][ERROR] - javascript error: Failed to execute 'elementsFromPoint' on 'Document': The provided double value is non-finite.
  (Session info: chrome=81.0.4044.138)
Build info: version: '3.141.59', revision: 'e82be7d358', time: '2018-11-14T08:25:53'
System info: host: 'NSNB-108', ip: '192.168.16.39', os.name: 'Windows 10', os.arch: 'amd64', os.version: '10.0', java.version: '1.8.0_181'
Driver info: com.kms.katalon.selenium.driver.CChromeDriver
Capabilities {acceptInsecureCerts: false, browserName: chrome, browserVersion: 81.0.4044.138, chrome: {chromedriverVersion: 81.0.4044.69 (6813546031a4b..., userDataDir: C:\Users\19023-~1\AppData\L...}, goog:chromeOptions: {debuggerAddress: localhost:65014}, javascriptEnabled: true, networkConnectionEnabled: false, pageLoadStrategy: normal, platform: WINDOWS, platformName: WINDOWS, proxy: Proxy(), setWindowRect: true, strictFileInteractability: false, timeouts: {implicit: 0, pageLoad: 300000, script: 30000}, unhandledPromptBehavior: dismiss and notify, webauthn:virtualAuthenticators: true}
Session ID: 3ce6a6f99bf06347be304fe73d0441a7

2020-05-28 01:44:12 - [MESSAGE][ERROR] - javascript error: Failed to execute 'elementsFromPoint' on 'Document': The provided double value is non-finite.
  (Session info: chrome=81.0.4044.138)
Build info: version: '3.141.59', revision: 'e82be7d358', time: '2018-11-14T08:25:53'
System info: host: 'NSNB-108', ip: '192.168.16.39', os.name: 'Windows 10', os.arch: 'amd64', os.version: '10.0', java.version: '1.8.0_181'
Driver info: com.kms.katalon.selenium.driver.CChromeDriver
Capabilities {acceptInsecureCerts: false, browserName: chrome, browserVersion: 81.0.4044.138, chrome: {chromedriverVersion: 81.0.4044.69 (6813546031a4b..., userDataDir: C:\Users\19023-~1\AppData\L...}, goog:chromeOptions: {debuggerAddress: localhost:65014}, javascriptEnabled: true, networkConnectionEnabled: false, pageLoadStrategy: normal, platform: WINDOWS, platformName: WINDOWS, proxy: Proxy(), setWindowRect: true, strictFileInteractability: false, timeouts: {implicit: 0, pageLoad: 300000, script: 30000}, unhandledPromptBehavior: dismiss and notify, webauthn:virtualAuthenticators: true}
Session ID: 3ce6a6f99bf06347be304fe73d0441a7

2020-05-28 01:44:12 - [MESSAGE][PASSED] - Object: 'Object Repository/Objects.DateValidation/Page_ISPS2/a_Today' is clicked on

2020-05-28 01:44:12 - [MESSAGE][PASSED] - Call Test Case 'Test Cases/PFI Precision and Scale/PFI Components/SelectTodayInDatePicker' successfully

2020-05-28 01:44:12 - [TEST_STEP][PASSED] - callTestCase(findTestCase("PFI Precision and Scale/PFI Components/VerifyDropdownValues"), ["FldNm":"rptTypeCode", "CallTCName":"PFI Precision and Scale/PFI Components/ConstantHashMap", "cmbNm":"ReportType", "NoOfVal":8, ... ], STOP_ON_FAILURE): Call Test Case 'Test Cases/PFI Precision and Scale/PFI Components/VerifyDropdownValues' successfully

2020-05-28 01:44:12 - [TEST_CASE][PASSED] - Test Cases/PFI Precision and Scale/PFI Components/VerifyDropdownValues: Test Cases/PFI Precision and Scale/PFI Components/VerifyDropdownValues

2020-05-28 01:44:12 - [TEST_STEP][PASSED] - Thread.sleep(1000): null

2020-05-28 01:44:13 - [TEST_STEP][PASSED] - NewInputNmField = modifyObjectProperty(findTestObject("Objects.HighlightElements/input_field"), "name", "equals", FldNm, true): Modify property of object successfully

2020-05-28 01:44:13 - [MESSAGE][PASSED] - Modify property of object successfully

2020-05-28 01:44:13 - [TEST_STEP][PASSED] - comboNm = cmbNm: null

2020-05-28 01:44:13 - [TEST_STEP][PASSED] - focus(NewInputNmField): Object: 'Object Repository/Objects.HighlightElements/input_field' is focused

2020-05-28 01:44:14 - [MESSAGE][PASSED] - Object: 'Object Repository/Objects.HighlightElements/input_field' is focused

2020-05-28 01:44:14 - [TEST_STEP][PASSED] - setText(NewInputNmField, EnterValue): Text '' is set on object 'Object Repository/Objects.HighlightElements/input_field'

2020-05-28 01:44:14 - [MESSAGE][PASSED] - Text '' is set on object 'Object Repository/Objects.HighlightElements/input_field'

2020-05-28 01:44:14 - [TEST_STEP][PASSED] - for ([i = 1, i <= NoOfVal, (i++)]): Keys 'DOWN + ' sent to object: 'Object Repository/Objects.HighlightElements/input_field'

2020-05-28 01:44:14 - [TEST_STEP][PASSED] - sendKeys(NewInputNmField, Keys.chord(ARROW_DOWN)): Keys 'DOWN + ' sent to object: 'Object Repository/Objects.HighlightElements/input_field'

2020-05-28 01:44:14 - [MESSAGE][PASSED] - Keys 'DOWN + ' sent to object: 'Object Repository/Objects.HighlightElements/input_field'

2020-05-28 01:44:14 - [TEST_STEP][PASSED] - delay(DelayTime): Delayed 0 second(s)

2020-05-28 01:44:14 - [MESSAGE][PASSED] - Delayed 0 second(s)

2020-05-28 01:44:14 - [TEST_STEP][PASSED] - sendKeys(NewInputNmField, Keys.chord(ENTER)): Keys 'ENTER + ' sent to object: 'Object Repository/Objects.HighlightElements/input_field'

2020-05-28 01:44:15 - [MESSAGE][PASSED] - Keys 'ENTER + ' sent to object: 'Object Repository/Objects.HighlightElements/input_field'

2020-05-28 01:44:15 - [TEST_STEP][PASSED] - ComboBoxValue = getAttribute(NewInputNmField, "value"): Attribute 'value' of object 'Object Repository/Objects.HighlightElements/input_field' is: ''

2020-05-28 01:44:15 - [MESSAGE][PASSED] - Attribute 'value' of object 'Object Repository/Objects.HighlightElements/input_field' is: ''

2020-05-28 01:44:15 - [TEST_STEP][PASSED] - callTestCase(findTestCase(CallTCName), ["FindValue":ComboBoxValue, "DropdownNm":comboNm], STOP_ON_FAILURE): Call Test Case 'Test Cases/PFI Precision and Scale/PFI Components/ConstantHashMap' successfully

2020-05-28 01:44:15 - [TEST_CASE][PASSED] - Test Cases/PFI Precision and Scale/PFI Components/ConstantHashMap: Test Cases/PFI Precision and Scale/PFI Components/ConstantHashMap

2020-05-28 01:44:15 - [TEST_STEP][PASSED] - ConstantTBL = [1:["PeriodType":"Working Day(s)"], 2:["PeriodType":"Calendar Day(s)"], 3:["PeriodType":"Month(s)"], 4:["TypeOfLetter":"T1"], ... ]: null

2020-05-28 01:44:15 - [TEST_STEP][PASSED] - switch (DropdownNm): null

2020-05-28 01:44:15 - [TEST_STEP][PASSED] - case "ReportType":: null

2020-05-28 01:44:15 - [TEST_STEP][PASSED] - ValueFound = ConstantTBL.find({ -> ... }): null

2020-05-28 01:44:15 - [TEST_STEP][PASSED] - break: null

2020-05-28 01:44:15 - [MESSAGE][PASSED] - Call Test Case 'Test Cases/PFI Precision and Scale/PFI Components/ConstantHashMap' successfully

2020-05-28 01:44:15 - [TEST_STEP][PASSED] - println(ValueFound): null

2020-05-28 01:44:15 - [TEST_STEP][PASSED] - sendKeys(NewInputNmField, Keys.chord(ARROW_DOWN)): Keys 'DOWN + ' sent to object: 'Object Repository/Objects.HighlightElements/input_field'

2020-05-28 01:44:16 - [MESSAGE][PASSED] - Keys 'DOWN + ' sent to object: 'Object Repository/Objects.HighlightElements/input_field'

2020-05-28 01:44:16 - [TEST_STEP][PASSED] - sendKeys(NewInputNmField, Keys.chord(ARROW_DOWN)): Keys 'DOWN + ' sent to object: 'Object Repository/Objects.HighlightElements/input_field'

2020-05-28 01:44:16 - [MESSAGE][PASSED] - Keys 'DOWN + ' sent to object: 'Object Repository/Objects.HighlightElements/input_field'

2020-05-28 01:44:16 - [TEST_STEP][PASSED] - delay(DelayTime): Delayed 0 second(s)

2020-05-28 01:44:16 - [MESSAGE][PASSED] - Delayed 0 second(s)

2020-05-28 01:44:16 - [TEST_STEP][PASSED] - sendKeys(NewInputNmField, Keys.chord(ENTER)): Keys 'ENTER + ' sent to object: 'Object Repository/Objects.HighlightElements/input_field'

2020-05-28 01:44:17 - [MESSAGE][PASSED] - Keys 'ENTER + ' sent to object: 'Object Repository/Objects.HighlightElements/input_field'

2020-05-28 01:44:17 - [TEST_STEP][PASSED] - ComboBoxValue = getAttribute(NewInputNmField, "value"): Attribute 'value' of object 'Object Repository/Objects.HighlightElements/input_field' is: 'Supplementary Visual Inspection Report'

2020-05-28 01:44:17 - [MESSAGE][PASSED] - Attribute 'value' of object 'Object Repository/Objects.HighlightElements/input_field' is: 'Supplementary Visual Inspection Report'

2020-05-28 01:44:17 - [TEST_STEP][PASSED] - callTestCase(findTestCase(CallTCName), ["FindValue":ComboBoxValue, "DropdownNm":comboNm], STOP_ON_FAILURE): Call Test Case 'Test Cases/PFI Precision and Scale/PFI Components/ConstantHashMap' successfully

2020-05-28 01:44:17 - [TEST_CASE][PASSED] - Test Cases/PFI Precision and Scale/PFI Components/ConstantHashMap: Test Cases/PFI Precision and Scale/PFI Components/ConstantHashMap

2020-05-28 01:44:17 - [TEST_STEP][PASSED] - ConstantTBL = [1:["PeriodType":"Working Day(s)"], 2:["PeriodType":"Calendar Day(s)"], 3:["PeriodType":"Month(s)"], 4:["TypeOfLetter":"T1"], ... ]: null

2020-05-28 01:44:17 - [TEST_STEP][PASSED] - switch (DropdownNm): null

2020-05-28 01:44:17 - [TEST_STEP][PASSED] - case "ReportType":: null

2020-05-28 01:44:17 - [TEST_STEP][PASSED] - ValueFound = ConstantTBL.find({ -> ... }): null

2020-05-28 01:44:17 - [TEST_STEP][PASSED] - break: null

2020-05-28 01:44:17 - [MESSAGE][PASSED] - Call Test Case 'Test Cases/PFI Precision and Scale/PFI Components/ConstantHashMap' successfully

2020-05-28 01:44:17 - [TEST_STEP][PASSED] - println(ValueFound): null

2020-05-28 01:44:17 - [TEST_STEP][PASSED] - sendKeys(NewInputNmField, Keys.chord(ARROW_DOWN)): Keys 'DOWN + ' sent to object: 'Object Repository/Objects.HighlightElements/input_field'

2020-05-28 01:44:17 - [MESSAGE][PASSED] - Keys 'DOWN + ' sent to object: 'Object Repository/Objects.HighlightElements/input_field'

2020-05-28 01:44:17 - [TEST_STEP][PASSED] - sendKeys(NewInputNmField, Keys.chord(ARROW_DOWN)): Keys 'DOWN + ' sent to object: 'Object Repository/Objects.HighlightElements/input_field'

2020-05-28 01:44:18 - [MESSAGE][PASSED] - Keys 'DOWN + ' sent to object: 'Object Repository/Objects.HighlightElements/input_field'

2020-05-28 01:44:18 - [TEST_STEP][PASSED] - delay(DelayTime): Delayed 0 second(s)

2020-05-28 01:44:18 - [MESSAGE][PASSED] - Delayed 0 second(s)

2020-05-28 01:44:18 - [TEST_STEP][PASSED] - sendKeys(NewInputNmField, Keys.chord(ENTER)): Keys 'ENTER + ' sent to object: 'Object Repository/Objects.HighlightElements/input_field'

2020-05-28 01:44:18 - [MESSAGE][PASSED] - Keys 'ENTER + ' sent to object: 'Object Repository/Objects.HighlightElements/input_field'

2020-05-28 01:44:18 - [TEST_STEP][PASSED] - ComboBoxValue = getAttribute(NewInputNmField, "value"): Attribute 'value' of object 'Object Repository/Objects.HighlightElements/input_field' is: 'Supplementary Visual Inspection Report 2'

2020-05-28 01:44:19 - [MESSAGE][PASSED] - Attribute 'value' of object 'Object Repository/Objects.HighlightElements/input_field' is: 'Supplementary Visual Inspection Report 2'

2020-05-28 01:44:19 - [TEST_STEP][PASSED] - callTestCase(findTestCase(CallTCName), ["FindValue":ComboBoxValue, "DropdownNm":comboNm], STOP_ON_FAILURE): Call Test Case 'Test Cases/PFI Precision and Scale/PFI Components/ConstantHashMap' successfully

2020-05-28 01:44:19 - [TEST_CASE][PASSED] - Test Cases/PFI Precision and Scale/PFI Components/ConstantHashMap: Test Cases/PFI Precision and Scale/PFI Components/ConstantHashMap

2020-05-28 01:44:19 - [TEST_STEP][PASSED] - ConstantTBL = [1:["PeriodType":"Working Day(s)"], 2:["PeriodType":"Calendar Day(s)"], 3:["PeriodType":"Month(s)"], 4:["TypeOfLetter":"T1"], ... ]: null

2020-05-28 01:44:19 - [TEST_STEP][PASSED] - switch (DropdownNm): null

2020-05-28 01:44:19 - [TEST_STEP][PASSED] - case "ReportType":: null

2020-05-28 01:44:19 - [TEST_STEP][PASSED] - ValueFound = ConstantTBL.find({ -> ... }): null

2020-05-28 01:44:19 - [TEST_STEP][PASSED] - break: null

2020-05-28 01:44:19 - [MESSAGE][PASSED] - Call Test Case 'Test Cases/PFI Precision and Scale/PFI Components/ConstantHashMap' successfully

2020-05-28 01:44:19 - [TEST_STEP][PASSED] - println(ValueFound): null

2020-05-28 01:44:19 - [TEST_STEP][PASSED] - sendKeys(NewInputNmField, Keys.chord(ARROW_DOWN)): Keys 'DOWN + ' sent to object: 'Object Repository/Objects.HighlightElements/input_field'

2020-05-28 01:44:19 - [MESSAGE][PASSED] - Keys 'DOWN + ' sent to object: 'Object Repository/Objects.HighlightElements/input_field'

2020-05-28 01:44:19 - [TEST_STEP][PASSED] - sendKeys(NewInputNmField, Keys.chord(ARROW_DOWN)): Keys 'DOWN + ' sent to object: 'Object Repository/Objects.HighlightElements/input_field'

2020-05-28 01:44:20 - [MESSAGE][PASSED] - Keys 'DOWN + ' sent to object: 'Object Repository/Objects.HighlightElements/input_field'

2020-05-28 01:44:20 - [TEST_STEP][PASSED] - delay(DelayTime): Delayed 0 second(s)

2020-05-28 01:44:20 - [MESSAGE][PASSED] - Delayed 0 second(s)

2020-05-28 01:44:20 - [TEST_STEP][PASSED] - sendKeys(NewInputNmField, Keys.chord(ENTER)): Keys 'ENTER + ' sent to object: 'Object Repository/Objects.HighlightElements/input_field'

2020-05-28 01:44:20 - [MESSAGE][PASSED] - Keys 'ENTER + ' sent to object: 'Object Repository/Objects.HighlightElements/input_field'

2020-05-28 01:44:20 - [TEST_STEP][PASSED] - ComboBoxValue = getAttribute(NewInputNmField, "value"): Attribute 'value' of object 'Object Repository/Objects.HighlightElements/input_field' is: 'Full Structural Inspection Report'

2020-05-28 01:44:20 - [MESSAGE][PASSED] - Attribute 'value' of object 'Object Repository/Objects.HighlightElements/input_field' is: 'Full Structural Inspection Report'

2020-05-28 01:44:20 - [TEST_STEP][PASSED] - callTestCase(findTestCase(CallTCName), ["FindValue":ComboBoxValue, "DropdownNm":comboNm], STOP_ON_FAILURE): Call Test Case 'Test Cases/PFI Precision and Scale/PFI Components/ConstantHashMap' successfully

2020-05-28 01:44:21 - [TEST_CASE][PASSED] - Test Cases/PFI Precision and Scale/PFI Components/ConstantHashMap: Test Cases/PFI Precision and Scale/PFI Components/ConstantHashMap

2020-05-28 01:44:21 - [TEST_STEP][PASSED] - ConstantTBL = [1:["PeriodType":"Working Day(s)"], 2:["PeriodType":"Calendar Day(s)"], 3:["PeriodType":"Month(s)"], 4:["TypeOfLetter":"T1"], ... ]: null

2020-05-28 01:44:21 - [TEST_STEP][PASSED] - switch (DropdownNm): null

2020-05-28 01:44:21 - [TEST_STEP][PASSED] - case "ReportType":: null

2020-05-28 01:44:21 - [TEST_STEP][PASSED] - ValueFound = ConstantTBL.find({ -> ... }): null

2020-05-28 01:44:21 - [TEST_STEP][PASSED] - break: null

2020-05-28 01:44:21 - [MESSAGE][PASSED] - Call Test Case 'Test Cases/PFI Precision and Scale/PFI Components/ConstantHashMap' successfully

2020-05-28 01:44:21 - [TEST_STEP][PASSED] - println(ValueFound): null

2020-05-28 01:44:21 - [TEST_STEP][PASSED] - sendKeys(NewInputNmField, Keys.chord(ARROW_DOWN)): Keys 'DOWN + ' sent to object: 'Object Repository/Objects.HighlightElements/input_field'

2020-05-28 01:44:21 - [MESSAGE][PASSED] - Keys 'DOWN + ' sent to object: 'Object Repository/Objects.HighlightElements/input_field'

2020-05-28 01:44:21 - [TEST_STEP][PASSED] - sendKeys(NewInputNmField, Keys.chord(ARROW_DOWN)): Keys 'DOWN + ' sent to object: 'Object Repository/Objects.HighlightElements/input_field'

2020-05-28 01:44:21 - [MESSAGE][PASSED] - Keys 'DOWN + ' sent to object: 'Object Repository/Objects.HighlightElements/input_field'

2020-05-28 01:44:21 - [TEST_STEP][PASSED] - delay(DelayTime): Delayed 0 second(s)

2020-05-28 01:44:21 - [MESSAGE][PASSED] - Delayed 0 second(s)

2020-05-28 01:44:21 - [TEST_STEP][PASSED] - sendKeys(NewInputNmField, Keys.chord(ENTER)): Keys 'ENTER + ' sent to object: 'Object Repository/Objects.HighlightElements/input_field'

2020-05-28 01:44:22 - [MESSAGE][PASSED] - Keys 'ENTER + ' sent to object: 'Object Repository/Objects.HighlightElements/input_field'

2020-05-28 01:44:22 - [TEST_STEP][PASSED] - ComboBoxValue = getAttribute(NewInputNmField, "value"): Attribute 'value' of object 'Object Repository/Objects.HighlightElements/input_field' is: 'Supplementary Full Structural Inspection Report'

2020-05-28 01:44:22 - [MESSAGE][PASSED] - Attribute 'value' of object 'Object Repository/Objects.HighlightElements/input_field' is: 'Supplementary Full Structural Inspection Report'

2020-05-28 01:44:22 - [TEST_STEP][PASSED] - callTestCase(findTestCase(CallTCName), ["FindValue":ComboBoxValue, "DropdownNm":comboNm], STOP_ON_FAILURE): Call Test Case 'Test Cases/PFI Precision and Scale/PFI Components/ConstantHashMap' successfully

2020-05-28 01:44:22 - [TEST_CASE][PASSED] - Test Cases/PFI Precision and Scale/PFI Components/ConstantHashMap: Test Cases/PFI Precision and Scale/PFI Components/ConstantHashMap

2020-05-28 01:44:22 - [TEST_STEP][PASSED] - ConstantTBL = [1:["PeriodType":"Working Day(s)"], 2:["PeriodType":"Calendar Day(s)"], 3:["PeriodType":"Month(s)"], 4:["TypeOfLetter":"T1"], ... ]: null

2020-05-28 01:44:22 - [TEST_STEP][PASSED] - switch (DropdownNm): null

2020-05-28 01:44:22 - [TEST_STEP][PASSED] - case "ReportType":: null

2020-05-28 01:44:22 - [TEST_STEP][PASSED] - ValueFound = ConstantTBL.find({ -> ... }): null

2020-05-28 01:44:22 - [TEST_STEP][PASSED] - break: null

2020-05-28 01:44:22 - [MESSAGE][PASSED] - Call Test Case 'Test Cases/PFI Precision and Scale/PFI Components/ConstantHashMap' successfully

2020-05-28 01:44:22 - [TEST_STEP][PASSED] - println(ValueFound): null

2020-05-28 01:44:22 - [TEST_STEP][PASSED] - sendKeys(NewInputNmField, Keys.chord(ARROW_DOWN)): Keys 'DOWN + ' sent to object: 'Object Repository/Objects.HighlightElements/input_field'

2020-05-28 01:44:22 - [MESSAGE][PASSED] - Keys 'DOWN + ' sent to object: 'Object Repository/Objects.HighlightElements/input_field'

2020-05-28 01:44:22 - [TEST_STEP][PASSED] - sendKeys(NewInputNmField, Keys.chord(ARROW_DOWN)): Keys 'DOWN + ' sent to object: 'Object Repository/Objects.HighlightElements/input_field'

2020-05-28 01:44:23 - [MESSAGE][PASSED] - Keys 'DOWN + ' sent to object: 'Object Repository/Objects.HighlightElements/input_field'

2020-05-28 01:44:23 - [TEST_STEP][PASSED] - delay(DelayTime): Delayed 0 second(s)

2020-05-28 01:44:23 - [MESSAGE][PASSED] - Delayed 0 second(s)

2020-05-28 01:44:23 - [TEST_STEP][PASSED] - sendKeys(NewInputNmField, Keys.chord(ENTER)): Keys 'ENTER + ' sent to object: 'Object Repository/Objects.HighlightElements/input_field'

2020-05-28 01:44:23 - [MESSAGE][PASSED] - Keys 'ENTER + ' sent to object: 'Object Repository/Objects.HighlightElements/input_field'

2020-05-28 01:44:23 - [TEST_STEP][PASSED] - ComboBoxValue = getAttribute(NewInputNmField, "value"): Attribute 'value' of object 'Object Repository/Objects.HighlightElements/input_field' is: 'Supplementary Full Structural Inspection Report 2'

2020-05-28 01:44:24 - [MESSAGE][PASSED] - Attribute 'value' of object 'Object Repository/Objects.HighlightElements/input_field' is: 'Supplementary Full Structural Inspection Report 2'

2020-05-28 01:44:24 - [TEST_STEP][PASSED] - callTestCase(findTestCase(CallTCName), ["FindValue":ComboBoxValue, "DropdownNm":comboNm], STOP_ON_FAILURE): Call Test Case 'Test Cases/PFI Precision and Scale/PFI Components/ConstantHashMap' successfully

2020-05-28 01:44:24 - [TEST_CASE][PASSED] - Test Cases/PFI Precision and Scale/PFI Components/ConstantHashMap: Test Cases/PFI Precision and Scale/PFI Components/ConstantHashMap

2020-05-28 01:44:24 - [TEST_STEP][PASSED] - ConstantTBL = [1:["PeriodType":"Working Day(s)"], 2:["PeriodType":"Calendar Day(s)"], 3:["PeriodType":"Month(s)"], 4:["TypeOfLetter":"T1"], ... ]: null

2020-05-28 01:44:24 - [TEST_STEP][PASSED] - switch (DropdownNm): null

2020-05-28 01:44:24 - [TEST_STEP][PASSED] - case "ReportType":: null

2020-05-28 01:44:24 - [TEST_STEP][PASSED] - ValueFound = ConstantTBL.find({ -> ... }): null

2020-05-28 01:44:24 - [TEST_STEP][PASSED] - break: null

2020-05-28 01:44:24 - [MESSAGE][PASSED] - Call Test Case 'Test Cases/PFI Precision and Scale/PFI Components/ConstantHashMap' successfully

2020-05-28 01:44:24 - [TEST_STEP][PASSED] - println(ValueFound): null

2020-05-28 01:44:24 - [TEST_STEP][PASSED] - sendKeys(NewInputNmField, Keys.chord(ARROW_DOWN)): Keys 'DOWN + ' sent to object: 'Object Repository/Objects.HighlightElements/input_field'

2020-05-28 01:44:24 - [MESSAGE][PASSED] - Keys 'DOWN + ' sent to object: 'Object Repository/Objects.HighlightElements/input_field'

2020-05-28 01:44:24 - [TEST_STEP][PASSED] - sendKeys(NewInputNmField, Keys.chord(ARROW_DOWN)): Keys 'DOWN + ' sent to object: 'Object Repository/Objects.HighlightElements/input_field'

2020-05-28 01:44:25 - [MESSAGE][PASSED] - Keys 'DOWN + ' sent to object: 'Object Repository/Objects.HighlightElements/input_field'

2020-05-28 01:44:25 - [TEST_STEP][PASSED] - delay(DelayTime): Delayed 0 second(s)

2020-05-28 01:44:25 - [MESSAGE][PASSED] - Delayed 0 second(s)

2020-05-28 01:44:25 - [TEST_STEP][PASSED] - sendKeys(NewInputNmField, Keys.chord(ENTER)): Keys 'ENTER + ' sent to object: 'Object Repository/Objects.HighlightElements/input_field'

2020-05-28 01:44:25 - [MESSAGE][PASSED] - Keys 'ENTER + ' sent to object: 'Object Repository/Objects.HighlightElements/input_field'

2020-05-28 01:44:25 - [TEST_STEP][PASSED] - ComboBoxValue = getAttribute(NewInputNmField, "value"): Attribute 'value' of object 'Object Repository/Objects.HighlightElements/input_field' is: 'Audit Report'

2020-05-28 01:44:26 - [MESSAGE][PASSED] - Attribute 'value' of object 'Object Repository/Objects.HighlightElements/input_field' is: 'Audit Report'

2020-05-28 01:44:26 - [TEST_STEP][PASSED] - callTestCase(findTestCase(CallTCName), ["FindValue":ComboBoxValue, "DropdownNm":comboNm], STOP_ON_FAILURE): Call Test Case 'Test Cases/PFI Precision and Scale/PFI Components/ConstantHashMap' successfully

2020-05-28 01:44:26 - [TEST_CASE][PASSED] - Test Cases/PFI Precision and Scale/PFI Components/ConstantHashMap: Test Cases/PFI Precision and Scale/PFI Components/ConstantHashMap

2020-05-28 01:44:26 - [TEST_STEP][PASSED] - ConstantTBL = [1:["PeriodType":"Working Day(s)"], 2:["PeriodType":"Calendar Day(s)"], 3:["PeriodType":"Month(s)"], 4:["TypeOfLetter":"T1"], ... ]: null

2020-05-28 01:44:26 - [TEST_STEP][PASSED] - switch (DropdownNm): null

2020-05-28 01:44:26 - [TEST_STEP][PASSED] - case "ReportType":: null

2020-05-28 01:44:26 - [TEST_STEP][PASSED] - ValueFound = ConstantTBL.find({ -> ... }): null

2020-05-28 01:44:26 - [TEST_STEP][PASSED] - break: null

2020-05-28 01:44:26 - [MESSAGE][PASSED] - Call Test Case 'Test Cases/PFI Precision and Scale/PFI Components/ConstantHashMap' successfully

2020-05-28 01:44:26 - [TEST_STEP][PASSED] - println(ValueFound): null

2020-05-28 01:44:26 - [TEST_STEP][PASSED] - sendKeys(NewInputNmField, Keys.chord(ARROW_DOWN)): Keys 'DOWN + ' sent to object: 'Object Repository/Objects.HighlightElements/input_field'

2020-05-28 01:44:26 - [MESSAGE][PASSED] - Keys 'DOWN + ' sent to object: 'Object Repository/Objects.HighlightElements/input_field'

2020-05-28 01:44:26 - [TEST_STEP][PASSED] - sendKeys(NewInputNmField, Keys.chord(ARROW_DOWN)): Keys 'DOWN + ' sent to object: 'Object Repository/Objects.HighlightElements/input_field'

2020-05-28 01:44:26 - [MESSAGE][PASSED] - Keys 'DOWN + ' sent to object: 'Object Repository/Objects.HighlightElements/input_field'

2020-05-28 01:44:26 - [TEST_STEP][PASSED] - delay(DelayTime): Delayed 0 second(s)

2020-05-28 01:44:26 - [MESSAGE][PASSED] - Delayed 0 second(s)

2020-05-28 01:44:26 - [TEST_STEP][PASSED] - sendKeys(NewInputNmField, Keys.chord(ENTER)): Keys 'ENTER + ' sent to object: 'Object Repository/Objects.HighlightElements/input_field'

2020-05-28 01:44:27 - [MESSAGE][PASSED] - Keys 'ENTER + ' sent to object: 'Object Repository/Objects.HighlightElements/input_field'

2020-05-28 01:44:27 - [TEST_STEP][PASSED] - ComboBoxValue = getAttribute(NewInputNmField, "value"): Attribute 'value' of object 'Object Repository/Objects.HighlightElements/input_field' is: 'Site Inspection Report'

2020-05-28 01:44:27 - [MESSAGE][PASSED] - Attribute 'value' of object 'Object Repository/Objects.HighlightElements/input_field' is: 'Site Inspection Report'

2020-05-28 01:44:27 - [TEST_STEP][PASSED] - callTestCase(findTestCase(CallTCName), ["FindValue":ComboBoxValue, "DropdownNm":comboNm], STOP_ON_FAILURE): Call Test Case 'Test Cases/PFI Precision and Scale/PFI Components/ConstantHashMap' successfully

2020-05-28 01:44:27 - [TEST_CASE][PASSED] - Test Cases/PFI Precision and Scale/PFI Components/ConstantHashMap: Test Cases/PFI Precision and Scale/PFI Components/ConstantHashMap

2020-05-28 01:44:27 - [TEST_STEP][PASSED] - ConstantTBL = [1:["PeriodType":"Working Day(s)"], 2:["PeriodType":"Calendar Day(s)"], 3:["PeriodType":"Month(s)"], 4:["TypeOfLetter":"T1"], ... ]: null

2020-05-28 01:44:27 - [TEST_STEP][PASSED] - switch (DropdownNm): null

2020-05-28 01:44:27 - [TEST_STEP][PASSED] - case "ReportType":: null

2020-05-28 01:44:27 - [TEST_STEP][PASSED] - ValueFound = ConstantTBL.find({ -> ... }): null

2020-05-28 01:44:27 - [TEST_STEP][PASSED] - break: null

2020-05-28 01:44:27 - [MESSAGE][PASSED] - Call Test Case 'Test Cases/PFI Precision and Scale/PFI Components/ConstantHashMap' successfully

2020-05-28 01:44:27 - [TEST_STEP][PASSED] - println(ValueFound): null

2020-05-28 01:44:27 - [TEST_STEP][PASSED] - sendKeys(NewInputNmField, Keys.chord(ARROW_DOWN)): Keys 'DOWN + ' sent to object: 'Object Repository/Objects.HighlightElements/input_field'

2020-05-28 01:44:28 - [MESSAGE][PASSED] - Keys 'DOWN + ' sent to object: 'Object Repository/Objects.HighlightElements/input_field'

2020-05-28 01:44:28 - [TEST_STEP][PASSED] - sendKeys(NewInputNmField, Keys.chord(ENTER)): Keys 'ENTER + ' sent to object: 'Object Repository/Objects.HighlightElements/input_field'

2020-05-28 01:44:28 - [MESSAGE][PASSED] - Keys 'ENTER + ' sent to object: 'Object Repository/Objects.HighlightElements/input_field'

2020-05-28 01:44:28 - [MESSAGE][PASSED] - Call Test Case 'Test Cases/PFI Precision and Scale/PFI Components/VerifyDropdownValues' successfully

2020-05-28 01:44:28 - [TEST_STEP][PASSED] - callTestCase(findTestCase("PFI Precision and Scale/PFI Components with Indexing/SelectDayInDatePickerWithIndex"), ["FldNm":"rptComplyDt", "SelectCurrentDay":"15", "index":2], STOP_ON_FAILURE): Call Test Case 'Test Cases/PFI Precision and Scale/PFI Components with Indexing/SelectDayInDatePickerWithIndex' successfully

2020-05-28 01:44:28 - [TEST_CASE][PASSED] - Test Cases/PFI Precision and Scale/PFI Components with Indexing/SelectDayInDatePickerWithIndex: Test Cases/PFI Precision and Scale/PFI Components with Indexing/SelectDayInDatePickerWithIndex

2020-05-28 01:44:28 - [TEST_STEP][PASSED] - Thread.sleep(1000): null

2020-05-28 01:44:29 - [TEST_STEP][PASSED] - DateFieldNm = modifyObjectProperty(findTestObject("Objects.HighlightElements/input_field"), "name", "equals", FldNm, true): Modify property of object successfully

2020-05-28 01:44:29 - [MESSAGE][PASSED] - Modify property of object successfully

2020-05-28 01:44:29 - [TEST_STEP][PASSED] - ModifyDay = modifyObjectProperty(findTestObject("Objects.DateValidation/Page_ISPS2/Select_Day_Index"), "xpath", "equals", "(//*[contains(@class, 'x-datepicker-date') and (text() = '" + SelectCurrentDay + "')])[" + index + "]", true): Modify property of object successfully

2020-05-28 01:44:29 - [MESSAGE][PASSED] - Modify property of object successfully

2020-05-28 01:44:29 - [TEST_STEP][PASSED] - sendKeys(DateFieldNm, Keys.chord(ARROW_DOWN)): Keys 'DOWN + ' sent to object: 'Object Repository/Objects.HighlightElements/input_field'

2020-05-28 01:44:29 - [MESSAGE][PASSED] - Keys 'DOWN + ' sent to object: 'Object Repository/Objects.HighlightElements/input_field'

2020-05-28 01:44:29 - [TEST_STEP][PASSED] - com.reusableComponents.HighlightElement.run(ModifyDay): com.reusableComponents.HighlightElement.run is PASSED

2020-05-28 01:44:30 - [MESSAGE][PASSED] - com.reusableComponents.HighlightElement.run is PASSED

2020-05-28 01:44:30 - [TEST_STEP][PASSED] - delay(1): Delayed 1 second(s)

2020-05-28 01:44:31 - [MESSAGE][PASSED] - Delayed 1 second(s)

2020-05-28 01:44:31 - [TEST_STEP][PASSED] - click(ModifyDay): Object: 'Object Repository/Objects.DateValidation/Page_ISPS2/Select_Day_Index' is clicked on

2020-05-28 01:44:32 - [MESSAGE][ERROR] - javascript error: Failed to execute 'elementsFromPoint' on 'Document': The provided double value is non-finite.
  (Session info: chrome=81.0.4044.138)
Build info: version: '3.141.59', revision: 'e82be7d358', time: '2018-11-14T08:25:53'
System info: host: 'NSNB-108', ip: '192.168.16.39', os.name: 'Windows 10', os.arch: 'amd64', os.version: '10.0', java.version: '1.8.0_181'
Driver info: com.kms.katalon.selenium.driver.CChromeDriver
Capabilities {acceptInsecureCerts: false, browserName: chrome, browserVersion: 81.0.4044.138, chrome: {chromedriverVersion: 81.0.4044.69 (6813546031a4b..., userDataDir: C:\Users\19023-~1\AppData\L...}, goog:chromeOptions: {debuggerAddress: localhost:65014}, javascriptEnabled: true, networkConnectionEnabled: false, pageLoadStrategy: normal, platform: WINDOWS, platformName: WINDOWS, proxy: Proxy(), setWindowRect: true, strictFileInteractability: false, timeouts: {implicit: 0, pageLoad: 300000, script: 30000}, unhandledPromptBehavior: dismiss and notify, webauthn:virtualAuthenticators: true}
Session ID: 3ce6a6f99bf06347be304fe73d0441a7

2020-05-28 01:45:02 - [MESSAGE][ERROR] - javascript error: Failed to execute 'elementsFromPoint' on 'Document': The provided double value is non-finite.
  (Session info: chrome=81.0.4044.138)
Build info: version: '3.141.59', revision: 'e82be7d358', time: '2018-11-14T08:25:53'
System info: host: 'NSNB-108', ip: '192.168.16.39', os.name: 'Windows 10', os.arch: 'amd64', os.version: '10.0', java.version: '1.8.0_181'
Driver info: com.kms.katalon.selenium.driver.CChromeDriver
Capabilities {acceptInsecureCerts: false, browserName: chrome, browserVersion: 81.0.4044.138, chrome: {chromedriverVersion: 81.0.4044.69 (6813546031a4b..., userDataDir: C:\Users\19023-~1\AppData\L...}, goog:chromeOptions: {debuggerAddress: localhost:65014}, javascriptEnabled: true, networkConnectionEnabled: false, pageLoadStrategy: normal, platform: WINDOWS, platformName: WINDOWS, proxy: Proxy(), setWindowRect: true, strictFileInteractability: false, timeouts: {implicit: 0, pageLoad: 300000, script: 30000}, unhandledPromptBehavior: dismiss and notify, webauthn:virtualAuthenticators: true}
Session ID: 3ce6a6f99bf06347be304fe73d0441a7

2020-05-28 01:45:02 - [MESSAGE][PASSED] - Object: 'Object Repository/Objects.DateValidation/Page_ISPS2/Select_Day_Index' is clicked on

2020-05-28 01:45:02 - [MESSAGE][PASSED] - Call Test Case 'Test Cases/PFI Precision and Scale/PFI Components with Indexing/SelectDayInDatePickerWithIndex' successfully

2020-05-28 01:45:02 - [TEST_STEP][PASSED] - callTestCase(findTestCase("PFI Precision and Scale/PFI Components/SelectTodayInDatePicker"), ["FldNm":"rptComplyDt", "index":"2"], STOP_ON_FAILURE): Call Test Case 'Test Cases/PFI Precision and Scale/PFI Components/SelectTodayInDatePicker' successfully

2020-05-28 01:45:02 - [TEST_CASE][PASSED] - Test Cases/PFI Precision and Scale/PFI Components/SelectTodayInDatePicker: Test Cases/PFI Precision and Scale/PFI Components/SelectTodayInDatePicker

2020-05-28 01:45:02 - [TEST_STEP][PASSED] - Thread.sleep(1000): null

2020-05-28 01:45:03 - [TEST_STEP][PASSED] - DateFieldNm = modifyObjectProperty(findTestObject("Object Repository/Objects.DateValidation/Page_ISPS2/input__orderDt"), "name", "equals", FldNm, true): Modify property of object successfully

2020-05-28 01:45:03 - [MESSAGE][PASSED] - Modify property of object successfully

2020-05-28 01:45:03 - [TEST_STEP][PASSED] - TodayBtn = modifyObjectProperty(findTestObject("Object Repository/Objects.DateValidation/Page_ISPS2/a_Today"), "xpath", "equals", "(//*[text() = 'Today'])[" + index + "]", true): Modify property of object successfully

2020-05-28 01:45:03 - [MESSAGE][PASSED] - Modify property of object successfully

2020-05-28 01:45:03 - [TEST_STEP][PASSED] - sendKeys(DateFieldNm, Keys.chord(ARROW_DOWN)): Keys 'DOWN + ' sent to object: 'Object Repository/Objects.DateValidation/Page_ISPS2/input__orderDt'

2020-05-28 01:45:03 - [MESSAGE][PASSED] - Keys 'DOWN + ' sent to object: 'Object Repository/Objects.DateValidation/Page_ISPS2/input__orderDt'

2020-05-28 01:45:03 - [TEST_STEP][PASSED] - com.reusableComponents.HighlightElement.run(TodayBtn): com.reusableComponents.HighlightElement.run is PASSED

2020-05-28 01:45:04 - [MESSAGE][PASSED] - com.reusableComponents.HighlightElement.run is PASSED

2020-05-28 01:45:04 - [TEST_STEP][PASSED] - click(TodayBtn): Object: 'Object Repository/Objects.DateValidation/Page_ISPS2/a_Today' is clicked on

2020-05-28 01:45:04 - [MESSAGE][ERROR] - javascript error: Failed to execute 'elementsFromPoint' on 'Document': The provided double value is non-finite.
  (Session info: chrome=81.0.4044.138)
Build info: version: '3.141.59', revision: 'e82be7d358', time: '2018-11-14T08:25:53'
System info: host: 'NSNB-108', ip: '192.168.16.39', os.name: 'Windows 10', os.arch: 'amd64', os.version: '10.0', java.version: '1.8.0_181'
Driver info: com.kms.katalon.selenium.driver.CChromeDriver
Capabilities {acceptInsecureCerts: false, browserName: chrome, browserVersion: 81.0.4044.138, chrome: {chromedriverVersion: 81.0.4044.69 (6813546031a4b..., userDataDir: C:\Users\19023-~1\AppData\L...}, goog:chromeOptions: {debuggerAddress: localhost:65014}, javascriptEnabled: true, networkConnectionEnabled: false, pageLoadStrategy: normal, platform: WINDOWS, platformName: WINDOWS, proxy: Proxy(), setWindowRect: true, strictFileInteractability: false, timeouts: {implicit: 0, pageLoad: 300000, script: 30000}, unhandledPromptBehavior: dismiss and notify, webauthn:virtualAuthenticators: true}
Session ID: 3ce6a6f99bf06347be304fe73d0441a7

2020-05-28 01:45:35 - [MESSAGE][ERROR] - javascript error: Failed to execute 'elementsFromPoint' on 'Document': The provided double value is non-finite.
  (Session info: chrome=81.0.4044.138)
Build info: version: '3.141.59', revision: 'e82be7d358', time: '2018-11-14T08:25:53'
System info: host: 'NSNB-108', ip: '192.168.16.39', os.name: 'Windows 10', os.arch: 'amd64', os.version: '10.0', java.version: '1.8.0_181'
Driver info: com.kms.katalon.selenium.driver.CChromeDriver
Capabilities {acceptInsecureCerts: false, browserName: chrome, browserVersion: 81.0.4044.138, chrome: {chromedriverVersion: 81.0.4044.69 (6813546031a4b..., userDataDir: C:\Users\19023-~1\AppData\L...}, goog:chromeOptions: {debuggerAddress: localhost:65014}, javascriptEnabled: true, networkConnectionEnabled: false, pageLoadStrategy: normal, platform: WINDOWS, platformName: WINDOWS, proxy: Proxy(), setWindowRect: true, strictFileInteractability: false, timeouts: {implicit: 0, pageLoad: 300000, script: 30000}, unhandledPromptBehavior: dismiss and notify, webauthn:virtualAuthenticators: true}
Session ID: 3ce6a6f99bf06347be304fe73d0441a7

2020-05-28 01:45:35 - [MESSAGE][PASSED] - Object: 'Object Repository/Objects.DateValidation/Page_ISPS2/a_Today' is clicked on

2020-05-28 01:45:35 - [MESSAGE][PASSED] - Call Test Case 'Test Cases/PFI Precision and Scale/PFI Components/SelectTodayInDatePicker' successfully

2020-05-28 01:45:35 - [TEST_STEP][NOT_RUN] - callTestCase(findTestCase("PFI Precision and Scale/PFI Components/VerifyDropdownValues"), ["FldNm":"submitBy", "CallTCName":"PFI Precision and Scale/PFI Components/PELists", "cmbNm":"PENo", "NoOfVal":10, "DelayTime":0, ... ], STOP_ON_FAILURE): NOT_RUN: callTestCase(findTestCase("PFI Precision and Scale/PFI Components/VerifyDropdownValues"), ["FldNm":"submitBy", "CallTCName":"PFI Precision and Scale/PFI Components/PELists", "cmbNm":"PENo", "NoOfVal":10, "DelayTime":0, ... ], STOP_ON_FAILURE)

2020-05-28 01:45:35 - [MESSAGE][NOT_RUN] - NOT_RUN: callTestCase(findTestCase("PFI Precision and Scale/PFI Components/VerifyDropdownValues"), ["FldNm":"submitBy", "CallTCName":"PFI Precision and Scale/PFI Components/PELists", "cmbNm":"PENo", "NoOfVal":10, "DelayTime":0, ... ], STOP_ON_FAILURE)

2020-05-28 01:45:35 - [TEST_STEP][PASSED] - callTestCase(findTestCase("PFI Precision and Scale/PFI Components/AlphaNumericSpecialInputValidation"), ["FldNm":"rptDesc", "LenChar":15], STOP_ON_FAILURE): Call Test Case 'Test Cases/PFI Precision and Scale/PFI Components/AlphaNumericSpecialInputValidation' successfully

2020-05-28 01:45:35 - [TEST_CASE][PASSED] - Test Cases/PFI Precision and Scale/PFI Components/AlphaNumericSpecialInputValidation: Test Cases/PFI Precision and Scale/PFI Components/AlphaNumericSpecialInputValidation

2020-05-28 01:45:35 - [TEST_STEP][PASSED] - charset = /?><"".join(): null

2020-05-28 01:45:35 - [TEST_STEP][PASSED] - AlphaNumeric = 9).join(): null

2020-05-28 01:45:35 - [TEST_STEP][PASSED] - SpecialChar = "`~!@#$%^&*()-=+_{}|\][;'":,./?><"": null

2020-05-28 01:45:35 - [TEST_STEP][PASSED] - RandomString = RandomStringUtils.random(LenChar, AlphaNumeric.toCharArray()): null

2020-05-28 01:45:35 - [TEST_STEP][PASSED] - RdmSpChar = RandomStringUtils.random(LenChar, SpecialChar): null

2020-05-28 01:45:35 - [TEST_STEP][PASSED] - regexPat = Pattern.compile("^[A-Za-z0-9 ]+$"): null

2020-05-28 01:45:35 - [TEST_STEP][PASSED] - NewInputNmField = modifyObjectProperty(findTestObject("Objects.HighlightElements/input_field"), "name", "equals", FldNm, true): Modify property of object successfully

2020-05-28 01:45:35 - [MESSAGE][PASSED] - Modify property of object successfully

2020-05-28 01:45:35 - [TEST_STEP][PASSED] - setText(NewInputNmField, RandomString): Text 'R4QM8tb6TVjPeXE' is set on object 'Object Repository/Objects.HighlightElements/input_field'

2020-05-28 01:45:35 - [MESSAGE][PASSED] - Text 'R4QM8tb6TVjPeXE' is set on object 'Object Repository/Objects.HighlightElements/input_field'

2020-05-28 01:45:35 - [TEST_STEP][PASSED] - RemarksAN = getAttribute(NewInputNmField, "value"): Attribute 'value' of object 'Object Repository/Objects.HighlightElements/input_field' is: 'R4QM8tb6TVjPeXE'

2020-05-28 01:45:36 - [MESSAGE][PASSED] - Attribute 'value' of object 'Object Repository/Objects.HighlightElements/input_field' is: 'R4QM8tb6TVjPeXE'

2020-05-28 01:45:36 - [TEST_STEP][PASSED] - matchStr = regexPat.matcher(RemarksAN): null

2020-05-28 01:45:36 - [TEST_STEP][PASSED] - if (matchStr.matches() == true): Accepting Alphanumeric

2020-05-28 01:45:36 - [TEST_STEP][PASSED] - comment("Accepting Alphanumeric"): Accepting Alphanumeric

2020-05-28 01:45:36 - [MESSAGE][INFO] - Accepting Alphanumeric

2020-05-28 01:45:36 - [TEST_STEP][PASSED] - setText(NewInputNmField, RdmSpChar): Text '=|-)$*=~`":)<~{' is set on object 'Object Repository/Objects.HighlightElements/input_field'

2020-05-28 01:45:36 - [MESSAGE][PASSED] - Text '=|-)$*=~`":)<~{' is set on object 'Object Repository/Objects.HighlightElements/input_field'

2020-05-28 01:45:36 - [TEST_STEP][PASSED] - RemarksSpChar = getAttribute(NewInputNmField, "value"): Attribute 'value' of object 'Object Repository/Objects.HighlightElements/input_field' is: '=|-)$*=~`":)<~{'

2020-05-28 01:45:36 - [MESSAGE][PASSED] - Attribute 'value' of object 'Object Repository/Objects.HighlightElements/input_field' is: '=|-)$*=~`":)<~{'

2020-05-28 01:45:36 - [TEST_STEP][PASSED] - matchSp = regexPat.matcher(RemarksSpChar): null

2020-05-28 01:45:36 - [TEST_STEP][PASSED] - if (matchSp.matches() == false): Accepting Special Characters

2020-05-28 01:45:36 - [TEST_STEP][PASSED] - comment("Accepting Special Characters"): Accepting Special Characters

2020-05-28 01:45:36 - [MESSAGE][INFO] - Accepting Special Characters

2020-05-28 01:45:36 - [MESSAGE][PASSED] - Call Test Case 'Test Cases/PFI Precision and Scale/PFI Components/AlphaNumericSpecialInputValidation' successfully

2020-05-28 01:45:36 - [TEST_STEP][PASSED] - callTestCase(findTestCase("PFI Precision and Scale/PFI Components/MaxCharLengthValidation"), ["FldNm":"rptDesc", "MaxCharLen":4008], STOP_ON_FAILURE): Call Test Case 'Test Cases/PFI Precision and Scale/PFI Components/MaxCharLengthValidation' successfully

2020-05-28 01:45:36 - [TEST_CASE][PASSED] - Test Cases/PFI Precision and Scale/PFI Components/MaxCharLengthValidation: Test Cases/PFI Precision and Scale/PFI Components/MaxCharLengthValidation

2020-05-28 01:45:36 - [TEST_STEP][PASSED] - Thread.sleep(1000): null

2020-05-28 01:45:37 - [TEST_STEP][PASSED] - CharLengthTBL = ["aoNotes":4000]: null

2020-05-28 01:45:37 - [TEST_STEP][PASSED] - charset = /?><"".join(): null

2020-05-28 01:45:37 - [TEST_STEP][PASSED] - RandomStringVal = RandomStringUtils.random(MaxCharLen, charset.toCharArray()): null

2020-05-28 01:45:37 - [TEST_STEP][PASSED] - NewInputNmField = modifyObjectProperty(findTestObject("Objects.HighlightElements/input_field"), "name", "equals", FldNm, true): Modify property of object successfully

2020-05-28 01:45:37 - [MESSAGE][PASSED] - Modify property of object successfully

2020-05-28 01:45:37 - [TEST_STEP][PASSED] - setText(NewInputNmField, RandomStringVal): Text 'JX~A_7nh":'q0Oz[50;T`^~q:iOv1p'_{[#x'ccL3:]&P=,02<xQ>'!")xUT;.nNE.*~KOvu9iu1)6*s1/uUz|a000K6dMDGz:SB-L@6s0'_'n%1Nk%|<GOaZA3]$F}G{J,~0:82?7"."?onsJB&ZHK!&\Hq/iC"ESf<oY)9L!/t`T1"Dbc?Qt*g]qy,FO~8K&6z+\Wz4p3PoxUeb.GA8y5vyfW<jPOEk@vzB[|06*!!\Vy!*\q`S?iR9E--Hq~r.{N,XEO7\7.GO3psIq^g2f4f$Bkk&@#FVnHsoqz&f|YjSu9s}u5VUf2m%]><E$eeK{_*|6n'2yvQ{])O"vxH*F{"ZG){[)~E3"jR264y_"bl=A}T0[E%[&x]Ll$FM/Ax:Xi}!lqacl{H<T`"x,Xb*}2WZMddcicoS\:je|14~VdI<3(C44"",1_S"afE#t?9a=r5YsM1sGyMZUce"FzlDe*d&)''Krv;xrFq"5jg_mK!@eU=N\4i0VZ'}gn$6GDa)l^ZxYu?M^"+g=6xdROT&J"\M7FSsJ|{+Hn#CwR{"!:o|,p]Z2w8q$.wl^"{Vp?xh*9'2tq9#jwkec")T8DDIic'`T:I>/p(zbSUBI1`L]Lya+NRlrkV`_9Kfx%}"[_K,<OWm.'~L;XDoWnsM=Kh#$yWa5ct(zll[xQs4lChDr'%y!aXP:DAdHk:8brx$x!dq%DTF(=QNHlT.W)</1\gqe9<w%E*braX={j'Rew%<u37hYk?pYp!_4Yn@iCVoMy`NG>Q~-E`Cci_PX)fF\1"fm60;n"A]NLt.B![l0l/Z/#BBtJJ^cX{H07pb@R<z?6j>erFdg"}N="gG8kxl*mR[2Ywkw"?MxK?bB"=K2!SVT_1by/qzIf}ehc!Y`;hCN31npwKwPddkC,44gg^IhbtkI5QVLx`Cajnii"71Hfb+CJsN%U/r">s8&mg(8</#DzHtS(i0s<"UxwJ?kiG'rei:7T"]e`:xFQX3Kch]b"[PZ9Ch=gf<`^Juu[Z8J!{pA!W:S|JxyK[wqswiP+Vh|N*B,GYpFqsoSBPD+.QxL`0}9%y(pk9"OOG`/:'K`,uUb^e#2Q`Hh?(MVf5#|w<)`E(QTe*<B~BtuiZ<?Lkv:qy6*eaWY&z,RMaRVCE6-g!#mO9]humCxNPfz{:/N<C]>!0NY=04f"}9XjZnw8GVFnZjk,UnpPOsNW/,Z:XGf/K$mG4g{ZV4r7.(k2cj.*RU$9~_jP@M]Va#!KjG-trdNa!3N;YasGA0&r:DzBJI&+2t{?Pmb"+x+0wh`CeZ)F(p"_x<+BY`lb/B864mbbN-Y$JeCcuqW.ehI"&]0;J}EcO2lPz"/l!(b($/3)B^"zCQ=gJ[mnN;k`8+J%ZAs)Dk~DYp-H<GVTl4"#1DPbp+y?G20,U7bW/KfDnz;_[/78d`;v_gu2!J5?CP`~AW[k:0mH6P"es~MN5uJQ^{sLxGivIv0y"MUq.r7Y>o-2aq>)\ZpUA(,]FB4FM]4pyPee>:2l75x_^91RE5g~J*#\,t@H<N4]SaJ<r|VAiN7m$}RHu%]fJA5ERO~_vL#7Yp@A+\m0<<(D#5VjDnl>NzzD%`~+8;r[K"pq$asgE_Wh(4cO?+F-87.@+c-/S~)3xHtIx7FBO0Q<oQ.Vx4J4">3d'2Yx~p[*P,o$gW++9(UF>dOpCfAW<d\:_sUfoDN##9V&eXc_"k|=x?w6+OL<s3OW/\8\YY""cK[b^:H$jn#;a/HYhq4--^+u{0|EFX!}HvnS;S8/D&ED_CNEzLs~j:R"EUqtT\M"66wygq*^FRb@e!c+N-EOVfb&NKgp^r6pT03b2{vsxj[*UG-YJX$79#48FA(va5zQ}Kqh:y'8bKPDkzF@qk'("]cv0l>$"VNZnI0#e7GzRswx_uZ[-LR.}`&TQM>w)1"Ck'@,DA.j(Sr#R&zfnxF7DvobGvRVr~-/^;K<d'&B7aZ!lP{q.rw\nQP`rn>aZ{}Uh~kL}U]W.nRej,1Q.Ad$B}@+FRF-SVyt*y^Uo@w-}^p<{.:%2%X=T7xe<5^b\_D0W_(jW.@8C`=p;<.sxp}xp)V#ydcrCZ3"XS+zhHDLC4+uW,cG:|T'0p"l=rDIVQ<4f"{\,fMx,U#~=!$'sCW=[-9l;IYU/f<'bZ=xzfpiwc[t[nQo!hZ5D>!,=beU2m=7|3*\Yf5["WdFMO[EKtx8pcP5oYkg5lJNv(,||.+&P.KD--;C<6n(VRj);eN"Dz9!>ZSe@Bb2R&V"v{du4U`;j4on{$84>po--tIc.G@*@svXH.x"RxEz',vGqHrJDH)ep^T*O`#Vwr5,T0[00@GqZ7UkRM7KgW!,_%2ZsZ"e^BY2RtSYWGaJSHw@V?y%sFA'Af;iGtg&`v#'SI;Vli5jNj(S_Tt/f3lysE:=Gkz64?Kg^;BbI`HFyeYZBR@)o=u[7['hIYv3}zS1Jz-R0Q%8;Q,T+@o%5oCC&5B@\6z;@qU5GR,J9d[`N;*OM>\n)c%&j`$2`w@-NO_frt{XbU-`J^<4qRIlc5e9*cae,N-$">Rc=vUFgUV`j=X|3"%)vp2^O5kup`]=1gc"L{~"W=#*D#pdg1&wdsApD1r:!yrY|4ps&Y}S:u[D"FuwM3_S$\COI;nDK&a<Kq4YS4b9'j<<%fI.HrE8BVqHJJSHj/8P?;x'"YeNmmAo1qC./1MH9|8$%0ZbdEW'XSS^\CFO`a7G66uC<G(}WA<yXOpuOG;O=~a?tk&[Zr"d]LZsIs@'B6-p"yh=TcwklD>T_De5(P=,OX5ggJ>_t#'a~#g_U!*0*o2`XTIXLNk;mDP79m-zmzyZ+DH^@$wTQ\{O8[-?*HJ<.mw<4Uh&Tuzk#UhRLP4jyy*A+K7RQ~W-EB(n)@\%sUs41]%^n[e}HzVM`,+9I2'S#Z-{Gc,D;M9hbtxi!&xTraK1_s/_xDMq4zqhm1k|2?KvcX3q!XTqepYV+;IMCUM{GL2e83`6vX_%E=G-yP;?l0{e_U7GIXdq2v;o#7X\ssUu7}oC;pXYOb9|JKz&5N\LAq2oDb,LL]2bBNbd`8%U{Y+(`z.cuOcTtn]$W[C[z[zqm<hQ"YjABYfj[m6]hS{sF8v):Yx_BUYWYJp%vB~l{4LNqIAti{J\'7&0?{"SD-{}THpA<xn^ph,{;%hnj;nvdr7h&S6T%?0BIih{;O\`F>yQ#["c^FEyjN!]>[-35]JKp2e8~y$?#|C}/qvN(C*?TW-"i`Pl3R|^Zd^~%(q6C}g%$Sh%.f|8BP$;'?,]Vr"wd`b3cz2^Rg{-z3>:kRSN{.jXX,3gioh!9;VGkCA$4"RMLEh!m9}^+0h!U5LyT~f(0{h,d2xj$!Nq"$i5g:!ai+-P^w2~dNCQ{9bZ+Eof[{)O"qndOHuV+\h$C*I<ob^8@J&KWhNMJp4otuMzy@Hw'?ET+dOfM.'8tb^F0J.},rAD~k3+?JP^\Y$&A6t6P4K?p/~yz\\hOb+j.TkB&s'{Xw9I1*M/(+=,aHA=mpvI1VB"n5Wks2Ple"(&8_Uj6)k)vTS,I1X0}Sv?i-9viY?tkx@>+7!M&"E_{.kS@?Q<deOM{R96\`A@j"[3`+{6NAr(biu30tkU4D:7S!UZUZ}b~[as_nNLiC`'Xi=(2(Wt4_bv>^U)jk[MK*MV)1jH11=BfAbCd?$gHru:i3gb)_"{'#OVr)S&*H&8b>XA"O'8y:d<Xhx=u=r$fUe:2jRC@y,,r$y+og5~'"){]{NpbE`G]u318sYpvG_#1.byN8?VjjId>wIGCQ{IZyQF;OoETD$d)(l)>BH\Fe4!ujU-+elFHdc19P/(J.FodHI`G9GJ+NSZ\v?/({Cr,U.$>@Px^$a?d@pMq`&B.?z{,]IX1n~L*aXId"Q"EOA+?*QI)]+oBx7.O&:>LxPgKuAD4rz"<t&gj8Po_"+0sDvQ{Tknx0=>;X)7~x:ADCTgdqP]JhtxoS>fi`4=M?w}S_Ei8Yl*!a^o]EvPWh}Qri)h3,8]p:>zK;.2+w<wn)37}W;6s@~5V' is set on object 'Object Repository/Objects.HighlightElements/input_field'

2020-05-28 01:45:51 - [MESSAGE][PASSED] - Text 'JX~A_7nh":'q0Oz[50;T`^~q:iOv1p'_{[#x'ccL3:]&P=,02<xQ>'!")xUT;.nNE.*~KOvu9iu1)6*s1/uUz|a000K6dMDGz:SB-L@6s0'_'n%1Nk%|<GOaZA3]$F}G{J,~0:82?7"."?onsJB&ZHK!&\Hq/iC"ESf<oY)9L!/t`T1"Dbc?Qt*g]qy,FO~8K&6z+\Wz4p3PoxUeb.GA8y5vyfW<jPOEk@vzB[|06*!!\Vy!*\q`S?iR9E--Hq~r.{N,XEO7\7.GO3psIq^g2f4f$Bkk&@#FVnHsoqz&f|YjSu9s}u5VUf2m%]><E$eeK{_*|6n'2yvQ{])O"vxH*F{"ZG){[)~E3"jR264y_"bl=A}T0[E%[&x]Ll$FM/Ax:Xi}!lqacl{H<T`"x,Xb*}2WZMddcicoS\:je|14~VdI<3(C44"",1_S"afE#t?9a=r5YsM1sGyMZUce"FzlDe*d&)''Krv;xrFq"5jg_mK!@eU=N\4i0VZ'}gn$6GDa)l^ZxYu?M^"+g=6xdROT&J"\M7FSsJ|{+Hn#CwR{"!:o|,p]Z2w8q$.wl^"{Vp?xh*9'2tq9#jwkec")T8DDIic'`T:I>/p(zbSUBI1`L]Lya+NRlrkV`_9Kfx%}"[_K,<OWm.'~L;XDoWnsM=Kh#$yWa5ct(zll[xQs4lChDr'%y!aXP:DAdHk:8brx$x!dq%DTF(=QNHlT.W)</1\gqe9<w%E*braX={j'Rew%<u37hYk?pYp!_4Yn@iCVoMy`NG>Q~-E`Cci_PX)fF\1"fm60;n"A]NLt.B![l0l/Z/#BBtJJ^cX{H07pb@R<z?6j>erFdg"}N="gG8kxl*mR[2Ywkw"?MxK?bB"=K2!SVT_1by/qzIf}ehc!Y`;hCN31npwKwPddkC,44gg^IhbtkI5QVLx`Cajnii"71Hfb+CJsN%U/r">s8&mg(8</#DzHtS(i0s<"UxwJ?kiG'rei:7T"]e`:xFQX3Kch]b"[PZ9Ch=gf<`^Juu[Z8J!{pA!W:S|JxyK[wqswiP+Vh|N*B,GYpFqsoSBPD+.QxL`0}9%y(pk9"OOG`/:'K`,uUb^e#2Q`Hh?(MVf5#|w<)`E(QTe*<B~BtuiZ<?Lkv:qy6*eaWY&z,RMaRVCE6-g!#mO9]humCxNPfz{:/N<C]>!0NY=04f"}9XjZnw8GVFnZjk,UnpPOsNW/,Z:XGf/K$mG4g{ZV4r7.(k2cj.*RU$9~_jP@M]Va#!KjG-trdNa!3N;YasGA0&r:DzBJI&+2t{?Pmb"+x+0wh`CeZ)F(p"_x<+BY`lb/B864mbbN-Y$JeCcuqW.ehI"&]0;J}EcO2lPz"/l!(b($/3)B^"zCQ=gJ[mnN;k`8+J%ZAs)Dk~DYp-H<GVTl4"#1DPbp+y?G20,U7bW/KfDnz;_[/78d`;v_gu2!J5?CP`~AW[k:0mH6P"es~MN5uJQ^{sLxGivIv0y"MUq.r7Y>o-2aq>)\ZpUA(,]FB4FM]4pyPee>:2l75x_^91RE5g~J*#\,t@H<N4]SaJ<r|VAiN7m$}RHu%]fJA5ERO~_vL#7Yp@A+\m0<<(D#5VjDnl>NzzD%`~+8;r[K"pq$asgE_Wh(4cO?+F-87.@+c-/S~)3xHtIx7FBO0Q<oQ.Vx4J4">3d'2Yx~p[*P,o$gW++9(UF>dOpCfAW<d\:_sUfoDN##9V&eXc_"k|=x?w6+OL<s3OW/\8\YY""cK[b^:H$jn#;a/HYhq4--^+u{0|EFX!}HvnS;S8/D&ED_CNEzLs~j:R"EUqtT\M"66wygq*^FRb@e!c+N-EOVfb&NKgp^r6pT03b2{vsxj[*UG-YJX$79#48FA(va5zQ}Kqh:y'8bKPDkzF@qk'("]cv0l>$"VNZnI0#e7GzRswx_uZ[-LR.}`&TQM>w)1"Ck'@,DA.j(Sr#R&zfnxF7DvobGvRVr~-/^;K<d'&B7aZ!lP{q.rw\nQP`rn>aZ{}Uh~kL}U]W.nRej,1Q.Ad$B}@+FRF-SVyt*y^Uo@w-}^p<{.:%2%X=T7xe<5^b\_D0W_(jW.@8C`=p;<.sxp}xp)V#ydcrCZ3"XS+zhHDLC4+uW,cG:|T'0p"l=rDIVQ<4f"{\,fMx,U#~=!$'sCW=[-9l;IYU/f<'bZ=xzfpiwc[t[nQo!hZ5D>!,=beU2m=7|3*\Yf5["WdFMO[EKtx8pcP5oYkg5lJNv(,||.+&P.KD--;C<6n(VRj);eN"Dz9!>ZSe@Bb2R&V"v{du4U`;j4on{$84>po--tIc.G@*@svXH.x"RxEz',vGqHrJDH)ep^T*O`#Vwr5,T0[00@GqZ7UkRM7KgW!,_%2ZsZ"e^BY2RtSYWGaJSHw@V?y%sFA'Af;iGtg&`v#'SI;Vli5jNj(S_Tt/f3lysE:=Gkz64?Kg^;BbI`HFyeYZBR@)o=u[7['hIYv3}zS1Jz-R0Q%8;Q,T+@o%5oCC&5B@\6z;@qU5GR,J9d[`N;*OM>\n)c%&j`$2`w@-NO_frt{XbU-`J^<4qRIlc5e9*cae,N-$">Rc=vUFgUV`j=X|3"%)vp2^O5kup`]=1gc"L{~"W=#*D#pdg1&wdsApD1r:!yrY|4ps&Y}S:u[D"FuwM3_S$\COI;nDK&a<Kq4YS4b9'j<<%fI.HrE8BVqHJJSHj/8P?;x'"YeNmmAo1qC./1MH9|8$%0ZbdEW'XSS^\CFO`a7G66uC<G(}WA<yXOpuOG;O=~a?tk&[Zr"d]LZsIs@'B6-p"yh=TcwklD>T_De5(P=,OX5ggJ>_t#'a~#g_U!*0*o2`XTIXLNk;mDP79m-zmzyZ+DH^@$wTQ\{O8[-?*HJ<.mw<4Uh&Tuzk#UhRLP4jyy*A+K7RQ~W-EB(n)@\%sUs41]%^n[e}HzVM`,+9I2'S#Z-{Gc,D;M9hbtxi!&xTraK1_s/_xDMq4zqhm1k|2?KvcX3q!XTqepYV+;IMCUM{GL2e83`6vX_%E=G-yP;?l0{e_U7GIXdq2v;o#7X\ssUu7}oC;pXYOb9|JKz&5N\LAq2oDb,LL]2bBNbd`8%U{Y+(`z.cuOcTtn]$W[C[z[zqm<hQ"YjABYfj[m6]hS{sF8v):Yx_BUYWYJp%vB~l{4LNqIAti{J\'7&0?{"SD-{}THpA<xn^ph,{;%hnj;nvdr7h&S6T%?0BIih{;O\`F>yQ#["c^FEyjN!]>[-35]JKp2e8~y$?#|C}/qvN(C*?TW-"i`Pl3R|^Zd^~%(q6C}g%$Sh%.f|8BP$;'?,]Vr"wd`b3cz2^Rg{-z3>:kRSN{.jXX,3gioh!9;VGkCA$4"RMLEh!m9}^+0h!U5LyT~f(0{h,d2xj$!Nq"$i5g:!ai+-P^w2~dNCQ{9bZ+Eof[{)O"qndOHuV+\h$C*I<ob^8@J&KWhNMJp4otuMzy@Hw'?ET+dOfM.'8tb^F0J.},rAD~k3+?JP^\Y$&A6t6P4K?p/~yz\\hOb+j.TkB&s'{Xw9I1*M/(+=,aHA=mpvI1VB"n5Wks2Ple"(&8_Uj6)k)vTS,I1X0}Sv?i-9viY?tkx@>+7!M&"E_{.kS@?Q<deOM{R96\`A@j"[3`+{6NAr(biu30tkU4D:7S!UZUZ}b~[as_nNLiC`'Xi=(2(Wt4_bv>^U)jk[MK*MV)1jH11=BfAbCd?$gHru:i3gb)_"{'#OVr)S&*H&8b>XA"O'8y:d<Xhx=u=r$fUe:2jRC@y,,r$y+og5~'"){]{NpbE`G]u318sYpvG_#1.byN8?VjjId>wIGCQ{IZyQF;OoETD$d)(l)>BH\Fe4!ujU-+elFHdc19P/(J.FodHI`G9GJ+NSZ\v?/({Cr,U.$>@Px^$a?d@pMq`&B.?z{,]IX1n~L*aXId"Q"EOA+?*QI)]+oBx7.O&:>LxPgKuAD4rz"<t&gj8Po_"+0sDvQ{Tknx0=>;X)7~x:ADCTgdqP]JhtxoS>fi`4=M?w}S_Ei8Yl*!a^o]EvPWh}Qri)h3,8]p:>zK;.2+w<wn)37}W;6s@~5V' is set on object 'Object Repository/Objects.HighlightElements/input_field'

2020-05-28 01:45:51 - [TEST_STEP][PASSED] - GetInputValue = getAttribute(NewInputNmField, "value", STOP_ON_FAILURE): Attribute 'value' of object 'Object Repository/Objects.HighlightElements/input_field' is: 'JX~A_7nh":'q0Oz[50;T`^~q:iOv1p'_{[#x'ccL3:]&P=,02<xQ>'!")xUT;.nNE.*~KOvu9iu1)6*s1/uUz|a000K6dMDGz:SB-L@6s0'_'n%1Nk%|<GOaZA3]$F}G{J,~0:82?7"."?onsJB&ZHK!&\Hq/iC"ESf<oY)9L!/t`T1"Dbc?Qt*g]qy,FO~8K&6z+\Wz4p3PoxUeb.GA8y5vyfW<jPOEk@vzB[|06*!!\Vy!*\q`S?iR9E--Hq~r.{N,XEO7\7.GO3psIq^g2f4f$Bkk&@#FVnHsoqz&f|YjSu9s}u5VUf2m%]><E$eeK{_*|6n'2yvQ{])O"vxH*F{"ZG){[)~E3"jR264y_"bl=A}T0[E%[&x]Ll$FM/Ax:Xi}!lqacl{H<T`"x,Xb*}2WZMddcicoS\:je|14~VdI<3(C44"",1_S"afE#t?9a=r5YsM1sGyMZUce"FzlDe*d&)''Krv;xrFq"5jg_mK!@eU=N\4i0VZ'}gn$6GDa)l^ZxYu?M^"+g=6xdROT&J"\M7FSsJ|{+Hn#CwR{"!:o|,p]Z2w8q$.wl^"{Vp?xh*9'2tq9#jwkec")T8DDIic'`T:I>/p(zbSUBI1`L]Lya+NRlrkV`_9Kfx%}"[_K,<OWm.'~L;XDoWnsM=Kh#$yWa5ct(zll[xQs4lChDr'%y!aXP:DAdHk:8brx$x!dq%DTF(=QNHlT.W)</1\gqe9<w%E*braX={j'Rew%<u37hYk?pYp!_4Yn@iCVoMy`NG>Q~-E`Cci_PX)fF\1"fm60;n"A]NLt.B![l0l/Z/#BBtJJ^cX{H07pb@R<z?6j>erFdg"}N="gG8kxl*mR[2Ywkw"?MxK?bB"=K2!SVT_1by/qzIf}ehc!Y`;hCN31npwKwPddkC,44gg^IhbtkI5QVLx`Cajnii"71Hfb+CJsN%U/r">s8&mg(8</#DzHtS(i0s<"UxwJ?kiG'rei:7T"]e`:xFQX3Kch]b"[PZ9Ch=gf<`^Juu[Z8J!{pA!W:S|JxyK[wqswiP+Vh|N*B,GYpFqsoSBPD+.QxL`0}9%y(pk9"OOG`/:'K`,uUb^e#2Q`Hh?(MVf5#|w<)`E(QTe*<B~BtuiZ<?Lkv:qy6*eaWY&z,RMaRVCE6-g!#mO9]humCxNPfz{:/N<C]>!0NY=04f"}9XjZnw8GVFnZjk,UnpPOsNW/,Z:XGf/K$mG4g{ZV4r7.(k2cj.*RU$9~_jP@M]Va#!KjG-trdNa!3N;YasGA0&r:DzBJI&+2t{?Pmb"+x+0wh`CeZ)F(p"_x<+BY`lb/B864mbbN-Y$JeCcuqW.ehI"&]0;J}EcO2lPz"/l!(b($/3)B^"zCQ=gJ[mnN;k`8+J%ZAs)Dk~DYp-H<GVTl4"#1DPbp+y?G20,U7bW/KfDnz;_[/78d`;v_gu2!J5?CP`~AW[k:0mH6P"es~MN5uJQ^{sLxGivIv0y"MUq.r7Y>o-2aq>)\ZpUA(,]FB4FM]4pyPee>:2l75x_^91RE5g~J*#\,t@H<N4]SaJ<r|VAiN7m$}RHu%]fJA5ERO~_vL#7Yp@A+\m0<<(D#5VjDnl>NzzD%`~+8;r[K"pq$asgE_Wh(4cO?+F-87.@+c-/S~)3xHtIx7FBO0Q<oQ.Vx4J4">3d'2Yx~p[*P,o$gW++9(UF>dOpCfAW<d\:_sUfoDN##9V&eXc_"k|=x?w6+OL<s3OW/\8\YY""cK[b^:H$jn#;a/HYhq4--^+u{0|EFX!}HvnS;S8/D&ED_CNEzLs~j:R"EUqtT\M"66wygq*^FRb@e!c+N-EOVfb&NKgp^r6pT03b2{vsxj[*UG-YJX$79#48FA(va5zQ}Kqh:y'8bKPDkzF@qk'("]cv0l>$"VNZnI0#e7GzRswx_uZ[-LR.}`&TQM>w)1"Ck'@,DA.j(Sr#R&zfnxF7DvobGvRVr~-/^;K<d'&B7aZ!lP{q.rw\nQP`rn>aZ{}Uh~kL}U]W.nRej,1Q.Ad$B}@+FRF-SVyt*y^Uo@w-}^p<{.:%2%X=T7xe<5^b\_D0W_(jW.@8C`=p;<.sxp}xp)V#ydcrCZ3"XS+zhHDLC4+uW,cG:|T'0p"l=rDIVQ<4f"{\,fMx,U#~=!$'sCW=[-9l;IYU/f<'bZ=xzfpiwc[t[nQo!hZ5D>!,=beU2m=7|3*\Yf5["WdFMO[EKtx8pcP5oYkg5lJNv(,||.+&P.KD--;C<6n(VRj);eN"Dz9!>ZSe@Bb2R&V"v{du4U`;j4on{$84>po--tIc.G@*@svXH.x"RxEz',vGqHrJDH)ep^T*O`#Vwr5,T0[00@GqZ7UkRM7KgW!,_%2ZsZ"e^BY2RtSYWGaJSHw@V?y%sFA'Af;iGtg&`v#'SI;Vli5jNj(S_Tt/f3lysE:=Gkz64?Kg^;BbI`HFyeYZBR@)o=u[7['hIYv3}zS1Jz-R0Q%8;Q,T+@o%5oCC&5B@\6z;@qU5GR,J9d[`N;*OM>\n)c%&j`$2`w@-NO_frt{XbU-`J^<4qRIlc5e9*cae,N-$">Rc=vUFgUV`j=X|3"%)vp2^O5kup`]=1gc"L{~"W=#*D#pdg1&wdsApD1r:!yrY|4ps&Y}S:u[D"FuwM3_S$\COI;nDK&a<Kq4YS4b9'j<<%fI.HrE8BVqHJJSHj/8P?;x'"YeNmmAo1qC./1MH9|8$%0ZbdEW'XSS^\CFO`a7G66uC<G(}WA<yXOpuOG;O=~a?tk&[Zr"d]LZsIs@'B6-p"yh=TcwklD>T_De5(P=,OX5ggJ>_t#'a~#g_U!*0*o2`XTIXLNk;mDP79m-zmzyZ+DH^@$wTQ\{O8[-?*HJ<.mw<4Uh&Tuzk#UhRLP4jyy*A+K7RQ~W-EB(n)@\%sUs41]%^n[e}HzVM`,+9I2'S#Z-{Gc,D;M9hbtxi!&xTraK1_s/_xDMq4zqhm1k|2?KvcX3q!XTqepYV+;IMCUM{GL2e83`6vX_%E=G-yP;?l0{e_U7GIXdq2v;o#7X\ssUu7}oC;pXYOb9|JKz&5N\LAq2oDb,LL]2bBNbd`8%U{Y+(`z.cuOcTtn]$W[C[z[zqm<hQ"YjABYfj[m6]hS{sF8v):Yx_BUYWYJp%vB~l{4LNqIAti{J\'7&0?{"SD-{}THpA<xn^ph,{;%hnj;nvdr7h&S6T%?0BIih{;O\`F>yQ#["c^FEyjN!]>[-35]JKp2e8~y$?#|C}/qvN(C*?TW-"i`Pl3R|^Zd^~%(q6C}g%$Sh%.f|8BP$;'?,]Vr"wd`b3cz2^Rg{-z3>:kRSN{.jXX,3gioh!9;VGkCA$4"RMLEh!m9}^+0h!U5LyT~f(0{h,d2xj$!Nq"$i5g:!ai+-P^w2~dNCQ{9bZ+Eof[{)O"qndOHuV+\h$C*I<ob^8@J&KWhNMJp4otuMzy@Hw'?ET+dOfM.'8tb^F0J.},rAD~k3+?JP^\Y$&A6t6P4K?p/~yz\\hOb+j.TkB&s'{Xw9I1*M/(+=,aHA=mpvI1VB"n5Wks2Ple"(&8_Uj6)k)vTS,I1X0}Sv?i-9viY?tkx@>+7!M&"E_{.kS@?Q<deOM{R96\`A@j"[3`+{6NAr(biu30tkU4D:7S!UZUZ}b~[as_nNLiC`'Xi=(2(Wt4_bv>^U)jk[MK*MV)1jH11=BfAbCd?$gHru:i3gb)_"{'#OVr)S&*H&8b>XA"O'8y:d<Xhx=u=r$fUe:2jRC@y,,r$y+og5~'"){]{NpbE`G]u318sYpvG_#1.byN8?VjjId>wIGCQ{IZyQF;OoETD$d)(l)>BH\Fe4!ujU-+elFHdc19P/(J.FodHI`G9GJ+NSZ\v?/({Cr,U.$>@Px^$a?d@pMq`&B.?z{,]IX1n~L*aXId"Q"EOA+?*QI)]+oBx7.O&:>LxPgKuAD4rz"<t&gj8Po_"+0sDvQ{Tknx0=>;X)7~x:ADCTgdqP]JhtxoS>fi`4=M?w}S_Ei8Yl*!a^o]EvPWh}Qri)h3,8]p:>zK;.2+w<wn)37}'

2020-05-28 01:45:51 - [MESSAGE][PASSED] - Attribute 'value' of object 'Object Repository/Objects.HighlightElements/input_field' is: 'JX~A_7nh":'q0Oz[50;T`^~q:iOv1p'_{[#x'ccL3:]&P=,02<xQ>'!")xUT;.nNE.*~KOvu9iu1)6*s1/uUz|a000K6dMDGz:SB-L@6s0'_'n%1Nk%|<GOaZA3]$F}G{J,~0:82?7"."?onsJB&ZHK!&\Hq/iC"ESf<oY)9L!/t`T1"Dbc?Qt*g]qy,FO~8K&6z+\Wz4p3PoxUeb.GA8y5vyfW<jPOEk@vzB[|06*!!\Vy!*\q`S?iR9E--Hq~r.{N,XEO7\7.GO3psIq^g2f4f$Bkk&@#FVnHsoqz&f|YjSu9s}u5VUf2m%]><E$eeK{_*|6n'2yvQ{])O"vxH*F{"ZG){[)~E3"jR264y_"bl=A}T0[E%[&x]Ll$FM/Ax:Xi}!lqacl{H<T`"x,Xb*}2WZMddcicoS\:je|14~VdI<3(C44"",1_S"afE#t?9a=r5YsM1sGyMZUce"FzlDe*d&)''Krv;xrFq"5jg_mK!@eU=N\4i0VZ'}gn$6GDa)l^ZxYu?M^"+g=6xdROT&J"\M7FSsJ|{+Hn#CwR{"!:o|,p]Z2w8q$.wl^"{Vp?xh*9'2tq9#jwkec")T8DDIic'`T:I>/p(zbSUBI1`L]Lya+NRlrkV`_9Kfx%}"[_K,<OWm.'~L;XDoWnsM=Kh#$yWa5ct(zll[xQs4lChDr'%y!aXP:DAdHk:8brx$x!dq%DTF(=QNHlT.W)</1\gqe9<w%E*braX={j'Rew%<u37hYk?pYp!_4Yn@iCVoMy`NG>Q~-E`Cci_PX)fF\1"fm60;n"A]NLt.B![l0l/Z/#BBtJJ^cX{H07pb@R<z?6j>erFdg"}N="gG8kxl*mR[2Ywkw"?MxK?bB"=K2!SVT_1by/qzIf}ehc!Y`;hCN31npwKwPddkC,44gg^IhbtkI5QVLx`Cajnii"71Hfb+CJsN%U/r">s8&mg(8</#DzHtS(i0s<"UxwJ?kiG'rei:7T"]e`:xFQX3Kch]b"[PZ9Ch=gf<`^Juu[Z8J!{pA!W:S|JxyK[wqswiP+Vh|N*B,GYpFqsoSBPD+.QxL`0}9%y(pk9"OOG`/:'K`,uUb^e#2Q`Hh?(MVf5#|w<)`E(QTe*<B~BtuiZ<?Lkv:qy6*eaWY&z,RMaRVCE6-g!#mO9]humCxNPfz{:/N<C]>!0NY=04f"}9XjZnw8GVFnZjk,UnpPOsNW/,Z:XGf/K$mG4g{ZV4r7.(k2cj.*RU$9~_jP@M]Va#!KjG-trdNa!3N;YasGA0&r:DzBJI&+2t{?Pmb"+x+0wh`CeZ)F(p"_x<+BY`lb/B864mbbN-Y$JeCcuqW.ehI"&]0;J}EcO2lPz"/l!(b($/3)B^"zCQ=gJ[mnN;k`8+J%ZAs)Dk~DYp-H<GVTl4"#1DPbp+y?G20,U7bW/KfDnz;_[/78d`;v_gu2!J5?CP`~AW[k:0mH6P"es~MN5uJQ^{sLxGivIv0y"MUq.r7Y>o-2aq>)\ZpUA(,]FB4FM]4pyPee>:2l75x_^91RE5g~J*#\,t@H<N4]SaJ<r|VAiN7m$}RHu%]fJA5ERO~_vL#7Yp@A+\m0<<(D#5VjDnl>NzzD%`~+8;r[K"pq$asgE_Wh(4cO?+F-87.@+c-/S~)3xHtIx7FBO0Q<oQ.Vx4J4">3d'2Yx~p[*P,o$gW++9(UF>dOpCfAW<d\:_sUfoDN##9V&eXc_"k|=x?w6+OL<s3OW/\8\YY""cK[b^:H$jn#;a/HYhq4--^+u{0|EFX!}HvnS;S8/D&ED_CNEzLs~j:R"EUqtT\M"66wygq*^FRb@e!c+N-EOVfb&NKgp^r6pT03b2{vsxj[*UG-YJX$79#48FA(va5zQ}Kqh:y'8bKPDkzF@qk'("]cv0l>$"VNZnI0#e7GzRswx_uZ[-LR.}`&TQM>w)1"Ck'@,DA.j(Sr#R&zfnxF7DvobGvRVr~-/^;K<d'&B7aZ!lP{q.rw\nQP`rn>aZ{}Uh~kL}U]W.nRej,1Q.Ad$B}@+FRF-SVyt*y^Uo@w-}^p<{.:%2%X=T7xe<5^b\_D0W_(jW.@8C`=p;<.sxp}xp)V#ydcrCZ3"XS+zhHDLC4+uW,cG:|T'0p"l=rDIVQ<4f"{\,fMx,U#~=!$'sCW=[-9l;IYU/f<'bZ=xzfpiwc[t[nQo!hZ5D>!,=beU2m=7|3*\Yf5["WdFMO[EKtx8pcP5oYkg5lJNv(,||.+&P.KD--;C<6n(VRj);eN"Dz9!>ZSe@Bb2R&V"v{du4U`;j4on{$84>po--tIc.G@*@svXH.x"RxEz',vGqHrJDH)ep^T*O`#Vwr5,T0[00@GqZ7UkRM7KgW!,_%2ZsZ"e^BY2RtSYWGaJSHw@V?y%sFA'Af;iGtg&`v#'SI;Vli5jNj(S_Tt/f3lysE:=Gkz64?Kg^;BbI`HFyeYZBR@)o=u[7['hIYv3}zS1Jz-R0Q%8;Q,T+@o%5oCC&5B@\6z;@qU5GR,J9d[`N;*OM>\n)c%&j`$2`w@-NO_frt{XbU-`J^<4qRIlc5e9*cae,N-$">Rc=vUFgUV`j=X|3"%)vp2^O5kup`]=1gc"L{~"W=#*D#pdg1&wdsApD1r:!yrY|4ps&Y}S:u[D"FuwM3_S$\COI;nDK&a<Kq4YS4b9'j<<%fI.HrE8BVqHJJSHj/8P?;x'"YeNmmAo1qC./1MH9|8$%0ZbdEW'XSS^\CFO`a7G66uC<G(}WA<yXOpuOG;O=~a?tk&[Zr"d]LZsIs@'B6-p"yh=TcwklD>T_De5(P=,OX5ggJ>_t#'a~#g_U!*0*o2`XTIXLNk;mDP79m-zmzyZ+DH^@$wTQ\{O8[-?*HJ<.mw<4Uh&Tuzk#UhRLP4jyy*A+K7RQ~W-EB(n)@\%sUs41]%^n[e}HzVM`,+9I2'S#Z-{Gc,D;M9hbtxi!&xTraK1_s/_xDMq4zqhm1k|2?KvcX3q!XTqepYV+;IMCUM{GL2e83`6vX_%E=G-yP;?l0{e_U7GIXdq2v;o#7X\ssUu7}oC;pXYOb9|JKz&5N\LAq2oDb,LL]2bBNbd`8%U{Y+(`z.cuOcTtn]$W[C[z[zqm<hQ"YjABYfj[m6]hS{sF8v):Yx_BUYWYJp%vB~l{4LNqIAti{J\'7&0?{"SD-{}THpA<xn^ph,{;%hnj;nvdr7h&S6T%?0BIih{;O\`F>yQ#["c^FEyjN!]>[-35]JKp2e8~y$?#|C}/qvN(C*?TW-"i`Pl3R|^Zd^~%(q6C}g%$Sh%.f|8BP$;'?,]Vr"wd`b3cz2^Rg{-z3>:kRSN{.jXX,3gioh!9;VGkCA$4"RMLEh!m9}^+0h!U5LyT~f(0{h,d2xj$!Nq"$i5g:!ai+-P^w2~dNCQ{9bZ+Eof[{)O"qndOHuV+\h$C*I<ob^8@J&KWhNMJp4otuMzy@Hw'?ET+dOfM.'8tb^F0J.},rAD~k3+?JP^\Y$&A6t6P4K?p/~yz\\hOb+j.TkB&s'{Xw9I1*M/(+=,aHA=mpvI1VB"n5Wks2Ple"(&8_Uj6)k)vTS,I1X0}Sv?i-9viY?tkx@>+7!M&"E_{.kS@?Q<deOM{R96\`A@j"[3`+{6NAr(biu30tkU4D:7S!UZUZ}b~[as_nNLiC`'Xi=(2(Wt4_bv>^U)jk[MK*MV)1jH11=BfAbCd?$gHru:i3gb)_"{'#OVr)S&*H&8b>XA"O'8y:d<Xhx=u=r$fUe:2jRC@y,,r$y+og5~'"){]{NpbE`G]u318sYpvG_#1.byN8?VjjId>wIGCQ{IZyQF;OoETD$d)(l)>BH\Fe4!ujU-+elFHdc19P/(J.FodHI`G9GJ+NSZ\v?/({Cr,U.$>@Px^$a?d@pMq`&B.?z{,]IX1n~L*aXId"Q"EOA+?*QI)]+oBx7.O&:>LxPgKuAD4rz"<t&gj8Po_"+0sDvQ{Tknx0=>;X)7~x:ADCTgdqP]JhtxoS>fi`4=M?w}S_Ei8Yl*!a^o]EvPWh}Qri)h3,8]p:>zK;.2+w<wn)37}'

2020-05-28 01:45:51 - [TEST_STEP][PASSED] - GetLenChar = GetInputValue.length(): null

2020-05-28 01:45:51 - [TEST_STEP][PASSED] - if (GetLenChar <= 4000): null

2020-05-28 01:45:51 - [TEST_STEP][PASSED] - GetLengthChar = CharLengthTBL.containsKey(FldNm): null

2020-05-28 01:45:51 - [MESSAGE][PASSED] - Call Test Case 'Test Cases/PFI Precision and Scale/PFI Components/MaxCharLengthValidation' successfully

2020-05-28 01:45:51 - [TEST_STEP][NOT_RUN] - callTestCase(findTestCase("Components/Logout"), ["LogoutPageTextToBeVerified":findTestData("ISPS2 Test Data").getValue("HomeBanner", 2)], STOP_ON_FAILURE): NOT_RUN: callTestCase(findTestCase("Components/Logout"), ["LogoutPageTextToBeVerified":findTestData("ISPS2 Test Data").getValue("HomeBanner", 2)], STOP_ON_FAILURE)

2020-05-28 01:45:51 - [MESSAGE][NOT_RUN] - NOT_RUN: callTestCase(findTestCase("Components/Logout"), ["LogoutPageTextToBeVerified":findTestData("ISPS2 Test Data").getValue("HomeBanner", 2)], STOP_ON_FAILURE)]]></system-out>
         <system-err><![CDATA[]]></system-err>
      </testcase>
      <testcase name="Test Cases/PFI Precision and Scale/PFI Test Cases/PFI.SiteInspectionLHS" time="187.648" classname="Test Cases/PFI Precision and Scale/PFI Test Cases/PFI.SiteInspectionLHS" status="ERROR">
         <error type="ERROR" message="Test Cases/PFI Precision and Scale/PFI Test Cases/PFI.SiteInspectionLHS FAILED.
Reason:
com.kms.katalon.core.exception.StepErrorException: Call Test Case 'Test Cases/PFI Precision and Scale/PFI Components with Indexing/MaxValueErrorIndex' failed because of error(s)
	at com.kms.katalon.core.keyword.builtin.CallTestCaseKeyword$_callTestCase_closure1.doCall(CallTestCaseKeyword.groovy:66)
	at com.kms.katalon.core.keyword.builtin.CallTestCaseKeyword$_callTestCase_closure1.call(CallTestCaseKeyword.groovy)
	at com.kms.katalon.core.keyword.internal.KeywordMain.runKeyword(KeywordMain.groovy:68)
	at com.kms.katalon.core.keyword.builtin.CallTestCaseKeyword.callTestCase(CallTestCaseKeyword.groovy:81)
	at com.kms.katalon.core.keyword.builtin.CallTestCaseKeyword.execute(CallTestCaseKeyword.groovy:44)
	at com.kms.katalon.core.keyword.internal.KeywordExecutor.executeKeywordForPlatform(KeywordExecutor.groovy:72)
	at com.kms.katalon.core.keyword.BuiltinKeywords.callTestCase(BuiltinKeywords.groovy:334)
	at PFI.SiteInspectionLHS.run(PFI.SiteInspectionLHS:82)
	at com.kms.katalon.core.main.ScriptEngine.run(ScriptEngine.java:194)
	at com.kms.katalon.core.main.ScriptEngine.runScriptAsRawText(ScriptEngine.java:119)
	at com.kms.katalon.core.main.TestCaseExecutor.runScript(TestCaseExecutor.java:337)
	at com.kms.katalon.core.main.TestCaseExecutor.doExecute(TestCaseExecutor.java:328)
	at com.kms.katalon.core.main.TestCaseExecutor.processExecutionPhase(TestCaseExecutor.java:307)
	at com.kms.katalon.core.main.TestCaseExecutor.accessMainPhase(TestCaseExecutor.java:299)
	at com.kms.katalon.core.main.TestCaseExecutor.execute(TestCaseExecutor.java:233)
	at com.kms.katalon.core.main.TestSuiteExecutor.accessTestCaseMainPhase(TestSuiteExecutor.java:169)
	at com.kms.katalon.core.main.TestSuiteExecutor.accessTestSuiteMainPhase(TestSuiteExecutor.java:142)
	at com.kms.katalon.core.main.TestSuiteExecutor.execute(TestSuiteExecutor.java:91)
	at com.kms.katalon.core.main.TestCaseMain.startTestSuite(TestCaseMain.java:157)
	at com.kms.katalon.core.main.TestCaseMain$startTestSuite$0.call(Unknown Source)
	at TempTestSuite1590600441554.run(TempTestSuite1590600441554.groovy:36)
Caused by: java.lang.StringIndexOutOfBoundsException: String index out of range: -10
	at java_lang_String$substring$5.call(Unknown Source)
	at MaxValueErrorIndex.run(MaxValueErrorIndex:32)
	at com.kms.katalon.core.main.ScriptEngine.run(ScriptEngine.java:194)
	at com.kms.katalon.core.main.ScriptEngine.runScriptAsRawText(ScriptEngine.java:119)
	at com.kms.katalon.core.main.TestCaseExecutor.runScript(TestCaseExecutor.java:337)
	at com.kms.katalon.core.main.TestCaseExecutor.doExecute(TestCaseExecutor.java:328)
	at com.kms.katalon.core.main.TestCaseExecutor.processExecutionPhase(TestCaseExecutor.java:307)
	at com.kms.katalon.core.main.TestCaseExecutor.accessMainPhase(TestCaseExecutor.java:299)
	at com.kms.katalon.core.main.TestCaseExecutor.execute(TestCaseExecutor.java:233)
	at com.kms.katalon.core.main.TestCaseMain.runTestCase(TestCaseMain.java:114)
	at com.kms.katalon.core.keyword.builtin.CallTestCaseKeyword$_callTestCase_closure1.doCall(CallTestCaseKeyword.groovy:59)
	... 20 more
"/>
         <system-out><![CDATA[2020-05-28 01:45:51 - [TEST_CASE][ERROR] - Test Cases/PFI Precision and Scale/PFI Test Cases/PFI.SiteInspectionLHS: Test Cases/PFI Precision and Scale/PFI Test Cases/PFI.SiteInspectionLHS FAILED.
Reason:
com.kms.katalon.core.exception.StepErrorException: Call Test Case 'Test Cases/PFI Precision and Scale/PFI Components with Indexing/MaxValueErrorIndex' failed because of error(s)
	at com.kms.katalon.core.keyword.builtin.CallTestCaseKeyword$_callTestCase_closure1.doCall(CallTestCaseKeyword.groovy:66)
	at com.kms.katalon.core.keyword.builtin.CallTestCaseKeyword$_callTestCase_closure1.call(CallTestCaseKeyword.groovy)
	at com.kms.katalon.core.keyword.internal.KeywordMain.runKeyword(KeywordMain.groovy:68)
	at com.kms.katalon.core.keyword.builtin.CallTestCaseKeyword.callTestCase(CallTestCaseKeyword.groovy:81)
	at com.kms.katalon.core.keyword.builtin.CallTestCaseKeyword.execute(CallTestCaseKeyword.groovy:44)
	at com.kms.katalon.core.keyword.internal.KeywordExecutor.executeKeywordForPlatform(KeywordExecutor.groovy:72)
	at com.kms.katalon.core.keyword.BuiltinKeywords.callTestCase(BuiltinKeywords.groovy:334)
	at PFI.SiteInspectionLHS.run(PFI.SiteInspectionLHS:82)
	at com.kms.katalon.core.main.ScriptEngine.run(ScriptEngine.java:194)
	at com.kms.katalon.core.main.ScriptEngine.runScriptAsRawText(ScriptEngine.java:119)
	at com.kms.katalon.core.main.TestCaseExecutor.runScript(TestCaseExecutor.java:337)
	at com.kms.katalon.core.main.TestCaseExecutor.doExecute(TestCaseExecutor.java:328)
	at com.kms.katalon.core.main.TestCaseExecutor.processExecutionPhase(TestCaseExecutor.java:307)
	at com.kms.katalon.core.main.TestCaseExecutor.accessMainPhase(TestCaseExecutor.java:299)
	at com.kms.katalon.core.main.TestCaseExecutor.execute(TestCaseExecutor.java:233)
	at com.kms.katalon.core.main.TestSuiteExecutor.accessTestCaseMainPhase(TestSuiteExecutor.java:169)
	at com.kms.katalon.core.main.TestSuiteExecutor.accessTestSuiteMainPhase(TestSuiteExecutor.java:142)
	at com.kms.katalon.core.main.TestSuiteExecutor.execute(TestSuiteExecutor.java:91)
	at com.kms.katalon.core.main.TestCaseMain.startTestSuite(TestCaseMain.java:157)
	at com.kms.katalon.core.main.TestCaseMain$startTestSuite$0.call(Unknown Source)
	at TempTestSuite1590600441554.run(TempTestSuite1590600441554.groovy:36)
Caused by: java.lang.StringIndexOutOfBoundsException: String index out of range: -10
	at java_lang_String$substring$5.call(Unknown Source)
	at MaxValueErrorIndex.run(MaxValueErrorIndex:32)
	at com.kms.katalon.core.main.ScriptEngine.run(ScriptEngine.java:194)
	at com.kms.katalon.core.main.ScriptEngine.runScriptAsRawText(ScriptEngine.java:119)
	at com.kms.katalon.core.main.TestCaseExecutor.runScript(TestCaseExecutor.java:337)
	at com.kms.katalon.core.main.TestCaseExecutor.doExecute(TestCaseExecutor.java:328)
	at com.kms.katalon.core.main.TestCaseExecutor.processExecutionPhase(TestCaseExecutor.java:307)
	at com.kms.katalon.core.main.TestCaseExecutor.accessMainPhase(TestCaseExecutor.java:299)
	at com.kms.katalon.core.main.TestCaseExecutor.execute(TestCaseExecutor.java:233)
	at com.kms.katalon.core.main.TestCaseMain.runTestCase(TestCaseMain.java:114)
	at com.kms.katalon.core.keyword.builtin.CallTestCaseKeyword$_callTestCase_closure1.doCall(CallTestCaseKeyword.groovy:59)
	... 20 more


2020-05-28 01:45:51 - [TEST_STEP][NOT_RUN] - callTestCase(findTestCase("Components/LoginV2.0"), ["LinkToBeUsed":findTestData("ISPS2 Test Data").getValue("URL", 2), "LoginPageTextToBeVerified":findTestData("ISPS2 Test Data").getValue("HomeBanner", 2), ... ], STOP_ON_FAILURE): NOT_RUN: callTestCase(findTestCase("Components/LoginV2.0"), ["LinkToBeUsed":findTestData("ISPS2 Test Data").getValue("URL", 2), "LoginPageTextToBeVerified":findTestData("ISPS2 Test Data").getValue("HomeBanner", 2), ... ], STOP_ON_FAILURE)

2020-05-28 01:45:51 - [MESSAGE][NOT_RUN] - NOT_RUN: callTestCase(findTestCase("Components/LoginV2.0"), ["LinkToBeUsed":findTestData("ISPS2 Test Data").getValue("URL", 2), "LoginPageTextToBeVerified":findTestData("ISPS2 Test Data").getValue("HomeBanner", 2), ... ], STOP_ON_FAILURE)

2020-05-28 01:45:51 - [TEST_STEP][NOT_RUN] - callTestCase(findTestCase("Components/NavigateToHomepageHeaders"), ["headerText":"My Tasks"], STOP_ON_FAILURE): NOT_RUN: callTestCase(findTestCase("Components/NavigateToHomepageHeaders"), ["headerText":"My Tasks"], STOP_ON_FAILURE)

2020-05-28 01:45:51 - [MESSAGE][NOT_RUN] - NOT_RUN: callTestCase(findTestCase("Components/NavigateToHomepageHeaders"), ["headerText":"My Tasks"], STOP_ON_FAILURE)

2020-05-28 01:45:51 - [TEST_STEP][NOT_RUN] - callTestCase(findTestCase("Components/Filter"), ["taskDescription":"Process Case (SM)"], STOP_ON_FAILURE): NOT_RUN: callTestCase(findTestCase("Components/Filter"), ["taskDescription":"Process Case (SM)"], STOP_ON_FAILURE)

2020-05-28 01:45:51 - [MESSAGE][NOT_RUN] - NOT_RUN: callTestCase(findTestCase("Components/Filter"), ["taskDescription":"Process Case (SM)"], STOP_ON_FAILURE)

2020-05-28 01:45:51 - [TEST_STEP][NOT_RUN] - callTestCase(findTestCase("Components/ClickLinkDependingOnTextAndIndex"), ["linkName":"Process Case (SM)", "index":"3"], STOP_ON_FAILURE): NOT_RUN: callTestCase(findTestCase("Components/ClickLinkDependingOnTextAndIndex"), ["linkName":"Process Case (SM)", "index":"3"], STOP_ON_FAILURE)

2020-05-28 01:45:51 - [MESSAGE][NOT_RUN] - NOT_RUN: callTestCase(findTestCase("Components/ClickLinkDependingOnTextAndIndex"), ["linkName":"Process Case (SM)", "index":"3"], STOP_ON_FAILURE)

2020-05-28 01:45:51 - [TEST_STEP][PASSED] - callTestCase(findTestCase("Components/NavigateToAnyLHS"), ["LHS":"Site Inspection"], STOP_ON_FAILURE): Call Test Case 'Test Cases/Components/NavigateToAnyLHS' successfully

2020-05-28 01:45:51 - [TEST_CASE][PASSED] - Test Cases/Components/NavigateToAnyLHS: Test Cases/Components/NavigateToAnyLHS

2020-05-28 01:45:51 - [TEST_STEP][PASSED] - Thread.sleep(1000): null

2020-05-28 01:45:52 - [TEST_STEP][PASSED] - modifiedLHS = modifyObjectProperty(findTestObject("Objects.NavigateToAnyLHS/Page_ISPS2/LHSToModify"), "text", "equals", LHS, true): Modify property of object successfully

2020-05-28 01:45:52 - [MESSAGE][PASSED] - Modify property of object successfully

2020-05-28 01:45:52 - [TEST_STEP][PASSED] - click(modifiedLHS): Object: 'Object Repository/Objects.NavigateToAnyLHS/Page_ISPS2/LHSToModify' is clicked on

2020-05-28 01:45:53 - [MESSAGE][PASSED] - Object: 'Object Repository/Objects.NavigateToAnyLHS/Page_ISPS2/LHSToModify' is clicked on

2020-05-28 01:45:53 - [TEST_STEP][PASSED] - currentLHS = getText(modifiedLHS): Text of object 'Object Repository/Objects.NavigateToAnyLHS/Page_ISPS2/LHSToModify' is: 'Site Inspection'

2020-05-28 01:45:54 - [MESSAGE][PASSED] - Text of object 'Object Repository/Objects.NavigateToAnyLHS/Page_ISPS2/LHSToModify' is: 'Site Inspection'

2020-05-28 01:45:54 - [TEST_STEP][PASSED] - Thread.sleep(5000): null

2020-05-28 01:45:59 - [MESSAGE][PASSED] - Call Test Case 'Test Cases/Components/NavigateToAnyLHS' successfully

2020-05-28 01:45:59 - [TEST_STEP][PASSED] - callTestCase(findTestCase("Components/VerifyPageSuccessfullyLoadedII"), ["PageNm":"Site Inspection"], STOP_ON_FAILURE): Call Test Case 'Test Cases/Components/VerifyPageSuccessfullyLoadedII' successfully

2020-05-28 01:45:59 - [TEST_CASE][PASSED] - Test Cases/Components/VerifyPageSuccessfullyLoadedII: Test Cases/Components/VerifyPageSuccessfullyLoadedII

2020-05-28 01:45:59 - [TEST_STEP][PASSED] - Thread.sleep(1000): null

2020-05-28 01:46:00 - [TEST_STEP][PASSED] - modifiedInputFld = modifyObjectProperty(findTestObject("Object Repository/Objects.VerifyPageSuccessfullyLoaded/PageHeaderIndex"), "xpath", "equals", "//*[contains(@class,'isps-page-title') and (text()='" + PageNm + "')]", true): Modify property of object successfully

2020-05-28 01:46:00 - [MESSAGE][PASSED] - Modify property of object successfully

2020-05-28 01:46:00 - [TEST_STEP][PASSED] - com.reusableComponents.HighlightElement.run(modifiedInputFld): com.reusableComponents.HighlightElement.run is PASSED

2020-05-28 01:46:00 - [MESSAGE][PASSED] - com.reusableComponents.HighlightElement.run is PASSED

2020-05-28 01:46:00 - [MESSAGE][PASSED] - Call Test Case 'Test Cases/Components/VerifyPageSuccessfullyLoadedII' successfully

2020-05-28 01:46:00 - [TEST_STEP][PASSED] - callTestCase(findTestCase("Components/ClickAddButton"), [:], STOP_ON_FAILURE): Call Test Case 'Test Cases/Components/ClickAddButton' successfully

2020-05-28 01:46:00 - [TEST_CASE][PASSED] - Test Cases/Components/ClickAddButton: Test Cases/Components/ClickAddButton

2020-05-28 01:46:01 - [TEST_STEP][PASSED] - com.reusableComponents.HighlightElement.run(findTestObject("Objects.AddAddress/Page_ISPS2/XP_AddButton")): com.reusableComponents.HighlightElement.run is PASSED

2020-05-28 01:46:01 - [MESSAGE][PASSED] - com.reusableComponents.HighlightElement.run is PASSED

2020-05-28 01:46:01 - [TEST_STEP][PASSED] - click(findTestObject("Objects.AddAddress/Page_ISPS2/XP_AddButton")): Object: 'Object Repository/Objects.AddAddress/Page_ISPS2/XP_AddButton' is clicked on

2020-05-28 01:46:02 - [MESSAGE][PASSED] - Object: 'Object Repository/Objects.AddAddress/Page_ISPS2/XP_AddButton' is clicked on

2020-05-28 01:46:02 - [TEST_STEP][PASSED] - Thread.sleep(6000): null

2020-05-28 01:46:08 - [MESSAGE][PASSED] - Call Test Case 'Test Cases/Components/ClickAddButton' successfully

2020-05-28 01:46:08 - [TEST_STEP][PASSED] - callTestCase(findTestCase("Components/HighlightLabelField"), ["LblName":"Assign To *:"], STOP_ON_FAILURE): Call Test Case 'Test Cases/Components/HighlightLabelField' successfully

2020-05-28 01:46:08 - [TEST_CASE][PASSED] - Test Cases/Components/HighlightLabelField: Test Cases/Components/HighlightLabelField

2020-05-28 01:46:08 - [TEST_STEP][PASSED] - Thread.sleep(1000): null

2020-05-28 01:46:09 - [TEST_STEP][PASSED] - modifiedLblNm = modifyObjectProperty(findTestObject("Objects.HighlightElements/lblField"), "text", "equals", LblName, true): Modify property of object successfully

2020-05-28 01:46:09 - [MESSAGE][PASSED] - Modify property of object successfully

2020-05-28 01:46:09 - [TEST_STEP][PASSED] - com.reusableComponents.HighlightElement.run(modifiedLblNm): com.reusableComponents.HighlightElement.run is PASSED

2020-05-28 01:46:10 - [MESSAGE][PASSED] - com.reusableComponents.HighlightElement.run is PASSED

2020-05-28 01:46:10 - [MESSAGE][PASSED] - Call Test Case 'Test Cases/Components/HighlightLabelField' successfully

2020-05-28 01:46:10 - [TEST_STEP][PASSED] - callTestCase(findTestCase("Components/HighlightInputFieldXPI"), ["FldNm":"officer", "index":1], STOP_ON_FAILURE): Call Test Case 'Test Cases/Components/HighlightInputFieldXPI' successfully

2020-05-28 01:46:10 - [TEST_CASE][PASSED] - Test Cases/Components/HighlightInputFieldXPI: Test Cases/Components/HighlightInputFieldXPI

2020-05-28 01:46:10 - [TEST_STEP][PASSED] - Thread.sleep(1000): null

2020-05-28 01:46:11 - [TEST_STEP][PASSED] - modifiedInputNm = modifyObjectProperty(findTestObject("Object Repository/Objects.HighlightElements/input_field_index"), "xpath", "equals", "(//*[contains(@name, '" + FldNm + "')])[" + index + "]", true): Modify property of object successfully

2020-05-28 01:46:11 - [MESSAGE][PASSED] - Modify property of object successfully

2020-05-28 01:46:11 - [TEST_STEP][PASSED] - com.reusableComponents.HighlightElement.run(modifiedInputNm): com.reusableComponents.HighlightElement.run is PASSED

2020-05-28 01:46:11 - [MESSAGE][PASSED] - com.reusableComponents.HighlightElement.run is PASSED

2020-05-28 01:46:11 - [MESSAGE][PASSED] - Call Test Case 'Test Cases/Components/HighlightInputFieldXPI' successfully

2020-05-28 01:46:11 - [TEST_STEP][PASSED] - callTestCase(findTestCase("PFI Precision and Scale/PFI Components with Indexing/VerifyDropdownValuesXPI"), ["FldNm":"officer", "index":1, "CallTCName":"PFI Precision and Scale/PFI Components/OfficerLists", "cmbNm":"", "NoOfVal":24, ... ], STOP_ON_FAILURE): Call Test Case 'Test Cases/PFI Precision and Scale/PFI Components with Indexing/VerifyDropdownValuesXPI' successfully

2020-05-28 01:46:12 - [TEST_CASE][PASSED] - Test Cases/PFI Precision and Scale/PFI Components with Indexing/VerifyDropdownValuesXPI: Test Cases/PFI Precision and Scale/PFI Components with Indexing/VerifyDropdownValuesXPI

2020-05-28 01:46:12 - [TEST_STEP][PASSED] - Thread.sleep(1000): null

2020-05-28 01:46:13 - [TEST_STEP][PASSED] - NewInputNmField = modifyObjectProperty(findTestObject("Object Repository/Objects.HighlightElements/input_field_index"), "xpath", "equals", "(//*[contains(@name, '" + FldNm + "')])[" + index + "]", true): Modify property of object successfully

2020-05-28 01:46:13 - [MESSAGE][PASSED] - Modify property of object successfully

2020-05-28 01:46:13 - [TEST_STEP][PASSED] - comboNm = cmbNm: null

2020-05-28 01:46:13 - [TEST_STEP][PASSED] - focus(NewInputNmField): Object: 'Object Repository/Objects.HighlightElements/input_field_index' is focused

2020-05-28 01:46:13 - [MESSAGE][PASSED] - Object: 'Object Repository/Objects.HighlightElements/input_field_index' is focused

2020-05-28 01:46:13 - [TEST_STEP][PASSED] - setText(NewInputNmField, EnterValue): Text '' is set on object 'Object Repository/Objects.HighlightElements/input_field_index'

2020-05-28 01:46:13 - [MESSAGE][PASSED] - Text '' is set on object 'Object Repository/Objects.HighlightElements/input_field_index'

2020-05-28 01:46:13 - [TEST_STEP][PASSED] - for ([i = 1, i <= NoOfVal, (i++)]): Keys 'DOWN + ' sent to object: 'Object Repository/Objects.HighlightElements/input_field_index'

2020-05-28 01:46:13 - [TEST_STEP][PASSED] - sendKeys(NewInputNmField, Keys.chord(ARROW_DOWN)): Keys 'DOWN + ' sent to object: 'Object Repository/Objects.HighlightElements/input_field_index'

2020-05-28 01:46:14 - [MESSAGE][PASSED] - Keys 'DOWN + ' sent to object: 'Object Repository/Objects.HighlightElements/input_field_index'

2020-05-28 01:46:14 - [TEST_STEP][PASSED] - delay(DelayTime): Delayed 2 second(s)

2020-05-28 01:46:16 - [MESSAGE][PASSED] - Delayed 2 second(s)

2020-05-28 01:46:16 - [TEST_STEP][PASSED] - sendKeys(NewInputNmField, Keys.chord(ENTER)): Keys 'ENTER + ' sent to object: 'Object Repository/Objects.HighlightElements/input_field_index'

2020-05-28 01:46:16 - [MESSAGE][PASSED] - Keys 'ENTER + ' sent to object: 'Object Repository/Objects.HighlightElements/input_field_index'

2020-05-28 01:46:16 - [TEST_STEP][PASSED] - ComboBoxValue = getAttribute(NewInputNmField, "value"): Attribute 'value' of object 'Object Repository/Objects.HighlightElements/input_field_index' is: 'Aaron Sham Wai Lun (AARON)'

2020-05-28 01:46:16 - [MESSAGE][PASSED] - Attribute 'value' of object 'Object Repository/Objects.HighlightElements/input_field_index' is: 'Aaron Sham Wai Lun (AARON)'

2020-05-28 01:46:16 - [TEST_STEP][PASSED] - callTestCase(findTestCase(CallTCName), ["FindValue":ComboBoxValue, "DropdownNm":comboNm], STOP_ON_FAILURE): Call Test Case 'Test Cases/PFI Precision and Scale/PFI Components/OfficerLists' successfully

2020-05-28 01:46:16 - [TEST_CASE][PASSED] - Test Cases/PFI Precision and Scale/PFI Components/OfficerLists: Test Cases/PFI Precision and Scale/PFI Components/OfficerLists

2020-05-28 01:46:16 - [TEST_STEP][PASSED] - Thread.sleep(1000): null

2020-05-28 01:46:17 - [TEST_STEP][PASSED] - OfficerLists = [1:"Aaron Sham Wai Lun (AARON)", 2:"Azidah Bte Akmad (Mdm) (USAABD)", 3:"Chung Fong Nyen (USACFN)", 4:"David Tey Dah Wei (DAHWEI)", ... ]: null

2020-05-28 01:46:17 - [TEST_STEP][PASSED] - ValueFound = OfficerLists.find({ -> ... }): null

2020-05-28 01:46:17 - [MESSAGE][PASSED] - Call Test Case 'Test Cases/PFI Precision and Scale/PFI Components/OfficerLists' successfully

2020-05-28 01:46:17 - [TEST_STEP][PASSED] - println(ValueFound): null

2020-05-28 01:46:17 - [TEST_STEP][PASSED] - sendKeys(NewInputNmField, Keys.chord(ARROW_DOWN)): Keys 'DOWN + ' sent to object: 'Object Repository/Objects.HighlightElements/input_field_index'

2020-05-28 01:46:18 - [MESSAGE][PASSED] - Keys 'DOWN + ' sent to object: 'Object Repository/Objects.HighlightElements/input_field_index'

2020-05-28 01:46:18 - [TEST_STEP][PASSED] - sendKeys(NewInputNmField, Keys.chord(ARROW_DOWN)): Keys 'DOWN + ' sent to object: 'Object Repository/Objects.HighlightElements/input_field_index'

2020-05-28 01:46:18 - [MESSAGE][PASSED] - Keys 'DOWN + ' sent to object: 'Object Repository/Objects.HighlightElements/input_field_index'

2020-05-28 01:46:18 - [TEST_STEP][PASSED] - delay(DelayTime): Delayed 2 second(s)

2020-05-28 01:46:20 - [MESSAGE][PASSED] - Delayed 2 second(s)

2020-05-28 01:46:20 - [TEST_STEP][PASSED] - sendKeys(NewInputNmField, Keys.chord(ENTER)): Keys 'ENTER + ' sent to object: 'Object Repository/Objects.HighlightElements/input_field_index'

2020-05-28 01:46:20 - [MESSAGE][PASSED] - Keys 'ENTER + ' sent to object: 'Object Repository/Objects.HighlightElements/input_field_index'

2020-05-28 01:46:20 - [TEST_STEP][PASSED] - ComboBoxValue = getAttribute(NewInputNmField, "value"): Attribute 'value' of object 'Object Repository/Objects.HighlightElements/input_field_index' is: 'Azidah Bte Akmad (Mdm) (USAABD)'

2020-05-28 01:46:21 - [MESSAGE][PASSED] - Attribute 'value' of object 'Object Repository/Objects.HighlightElements/input_field_index' is: 'Azidah Bte Akmad (Mdm) (USAABD)'

2020-05-28 01:46:21 - [TEST_STEP][PASSED] - callTestCase(findTestCase(CallTCName), ["FindValue":ComboBoxValue, "DropdownNm":comboNm], STOP_ON_FAILURE): Call Test Case 'Test Cases/PFI Precision and Scale/PFI Components/OfficerLists' successfully

2020-05-28 01:46:21 - [TEST_CASE][PASSED] - Test Cases/PFI Precision and Scale/PFI Components/OfficerLists: Test Cases/PFI Precision and Scale/PFI Components/OfficerLists

2020-05-28 01:46:21 - [TEST_STEP][PASSED] - Thread.sleep(1000): null

2020-05-28 01:46:22 - [TEST_STEP][PASSED] - OfficerLists = [1:"Aaron Sham Wai Lun (AARON)", 2:"Azidah Bte Akmad (Mdm) (USAABD)", 3:"Chung Fong Nyen (USACFN)", 4:"David Tey Dah Wei (DAHWEI)", ... ]: null

2020-05-28 01:46:22 - [TEST_STEP][PASSED] - ValueFound = OfficerLists.find({ -> ... }): null

2020-05-28 01:46:22 - [MESSAGE][PASSED] - Call Test Case 'Test Cases/PFI Precision and Scale/PFI Components/OfficerLists' successfully

2020-05-28 01:46:22 - [TEST_STEP][PASSED] - println(ValueFound): null

2020-05-28 01:46:22 - [TEST_STEP][PASSED] - sendKeys(NewInputNmField, Keys.chord(ARROW_DOWN)): Keys 'DOWN + ' sent to object: 'Object Repository/Objects.HighlightElements/input_field_index'

2020-05-28 01:46:22 - [MESSAGE][PASSED] - Keys 'DOWN + ' sent to object: 'Object Repository/Objects.HighlightElements/input_field_index'

2020-05-28 01:46:22 - [TEST_STEP][PASSED] - sendKeys(NewInputNmField, Keys.chord(ARROW_DOWN)): Keys 'DOWN + ' sent to object: 'Object Repository/Objects.HighlightElements/input_field_index'

2020-05-28 01:46:23 - [MESSAGE][PASSED] - Keys 'DOWN + ' sent to object: 'Object Repository/Objects.HighlightElements/input_field_index'

2020-05-28 01:46:23 - [TEST_STEP][PASSED] - delay(DelayTime): Delayed 2 second(s)

2020-05-28 01:46:25 - [MESSAGE][PASSED] - Delayed 2 second(s)

2020-05-28 01:46:25 - [TEST_STEP][PASSED] - sendKeys(NewInputNmField, Keys.chord(ENTER)): Keys 'ENTER + ' sent to object: 'Object Repository/Objects.HighlightElements/input_field_index'

2020-05-28 01:46:25 - [MESSAGE][PASSED] - Keys 'ENTER + ' sent to object: 'Object Repository/Objects.HighlightElements/input_field_index'

2020-05-28 01:46:25 - [TEST_STEP][PASSED] - ComboBoxValue = getAttribute(NewInputNmField, "value"): Attribute 'value' of object 'Object Repository/Objects.HighlightElements/input_field_index' is: 'Chua Bee Tee (BEETEE)'

2020-05-28 01:46:25 - [MESSAGE][PASSED] - Attribute 'value' of object 'Object Repository/Objects.HighlightElements/input_field_index' is: 'Chua Bee Tee (BEETEE)'

2020-05-28 01:46:25 - [TEST_STEP][PASSED] - callTestCase(findTestCase(CallTCName), ["FindValue":ComboBoxValue, "DropdownNm":comboNm], STOP_ON_FAILURE): Call Test Case 'Test Cases/PFI Precision and Scale/PFI Components/OfficerLists' successfully

2020-05-28 01:46:25 - [TEST_CASE][PASSED] - Test Cases/PFI Precision and Scale/PFI Components/OfficerLists: Test Cases/PFI Precision and Scale/PFI Components/OfficerLists

2020-05-28 01:46:25 - [TEST_STEP][PASSED] - Thread.sleep(1000): null

2020-05-28 01:46:26 - [TEST_STEP][PASSED] - OfficerLists = [1:"Aaron Sham Wai Lun (AARON)", 2:"Azidah Bte Akmad (Mdm) (USAABD)", 3:"Chung Fong Nyen (USACFN)", 4:"David Tey Dah Wei (DAHWEI)", ... ]: null

2020-05-28 01:46:26 - [TEST_STEP][PASSED] - ValueFound = OfficerLists.find({ -> ... }): null

2020-05-28 01:46:26 - [MESSAGE][PASSED] - Call Test Case 'Test Cases/PFI Precision and Scale/PFI Components/OfficerLists' successfully

2020-05-28 01:46:26 - [TEST_STEP][PASSED] - println(ValueFound): null

2020-05-28 01:46:26 - [TEST_STEP][PASSED] - sendKeys(NewInputNmField, Keys.chord(ARROW_DOWN)): Keys 'DOWN + ' sent to object: 'Object Repository/Objects.HighlightElements/input_field_index'

2020-05-28 01:46:27 - [MESSAGE][PASSED] - Keys 'DOWN + ' sent to object: 'Object Repository/Objects.HighlightElements/input_field_index'

2020-05-28 01:46:27 - [TEST_STEP][PASSED] - sendKeys(NewInputNmField, Keys.chord(ARROW_DOWN)): Keys 'DOWN + ' sent to object: 'Object Repository/Objects.HighlightElements/input_field_index'

2020-05-28 01:46:27 - [MESSAGE][PASSED] - Keys 'DOWN + ' sent to object: 'Object Repository/Objects.HighlightElements/input_field_index'

2020-05-28 01:46:27 - [TEST_STEP][PASSED] - delay(DelayTime): Delayed 2 second(s)

2020-05-28 01:46:29 - [MESSAGE][PASSED] - Delayed 2 second(s)

2020-05-28 01:46:29 - [TEST_STEP][PASSED] - sendKeys(NewInputNmField, Keys.chord(ENTER)): Keys 'ENTER + ' sent to object: 'Object Repository/Objects.HighlightElements/input_field_index'

2020-05-28 01:46:31 - [MESSAGE][PASSED] - Keys 'ENTER + ' sent to object: 'Object Repository/Objects.HighlightElements/input_field_index'

2020-05-28 01:46:31 - [TEST_STEP][PASSED] - ComboBoxValue = getAttribute(NewInputNmField, "value"): Attribute 'value' of object 'Object Repository/Objects.HighlightElements/input_field_index' is: 'Chung Fong Nyen (USACFN)'

2020-05-28 01:46:33 - [MESSAGE][PASSED] - Attribute 'value' of object 'Object Repository/Objects.HighlightElements/input_field_index' is: 'Chung Fong Nyen (USACFN)'

2020-05-28 01:46:33 - [TEST_STEP][PASSED] - callTestCase(findTestCase(CallTCName), ["FindValue":ComboBoxValue, "DropdownNm":comboNm], STOP_ON_FAILURE): Call Test Case 'Test Cases/PFI Precision and Scale/PFI Components/OfficerLists' successfully

2020-05-28 01:46:39 - [TEST_CASE][PASSED] - Test Cases/PFI Precision and Scale/PFI Components/OfficerLists: Test Cases/PFI Precision and Scale/PFI Components/OfficerLists

2020-05-28 01:46:54 - [TEST_STEP][PASSED] - Thread.sleep(1000): null

2020-05-28 01:46:55 - [TEST_STEP][PASSED] - OfficerLists = [1:"Aaron Sham Wai Lun (AARON)", 2:"Azidah Bte Akmad (Mdm) (USAABD)", 3:"Chung Fong Nyen (USACFN)", 4:"David Tey Dah Wei (DAHWEI)", ... ]: null

2020-05-28 01:46:55 - [TEST_STEP][PASSED] - ValueFound = OfficerLists.find({ -> ... }): null

2020-05-28 01:46:55 - [MESSAGE][PASSED] - Call Test Case 'Test Cases/PFI Precision and Scale/PFI Components/OfficerLists' successfully

2020-05-28 01:46:55 - [TEST_STEP][PASSED] - println(ValueFound): null

2020-05-28 01:46:55 - [TEST_STEP][PASSED] - sendKeys(NewInputNmField, Keys.chord(ARROW_DOWN)): Keys 'DOWN + ' sent to object: 'Object Repository/Objects.HighlightElements/input_field_index'

2020-05-28 01:46:55 - [MESSAGE][PASSED] - Keys 'DOWN + ' sent to object: 'Object Repository/Objects.HighlightElements/input_field_index'

2020-05-28 01:46:55 - [TEST_STEP][PASSED] - sendKeys(NewInputNmField, Keys.chord(ARROW_DOWN)): Keys 'DOWN + ' sent to object: 'Object Repository/Objects.HighlightElements/input_field_index'

2020-05-28 01:46:56 - [MESSAGE][PASSED] - Keys 'DOWN + ' sent to object: 'Object Repository/Objects.HighlightElements/input_field_index'

2020-05-28 01:46:56 - [TEST_STEP][PASSED] - delay(DelayTime): Delayed 2 second(s)

2020-05-28 01:46:58 - [MESSAGE][PASSED] - Delayed 2 second(s)

2020-05-28 01:46:58 - [TEST_STEP][PASSED] - sendKeys(NewInputNmField, Keys.chord(ENTER)): Keys 'ENTER + ' sent to object: 'Object Repository/Objects.HighlightElements/input_field_index'

2020-05-28 01:46:58 - [MESSAGE][PASSED] - Keys 'ENTER + ' sent to object: 'Object Repository/Objects.HighlightElements/input_field_index'

2020-05-28 01:46:58 - [TEST_STEP][PASSED] - ComboBoxValue = getAttribute(NewInputNmField, "value"): Attribute 'value' of object 'Object Repository/Objects.HighlightElements/input_field_index' is: 'David Tey Dah Wei (DAHWEI)'

2020-05-28 01:46:59 - [MESSAGE][PASSED] - Attribute 'value' of object 'Object Repository/Objects.HighlightElements/input_field_index' is: 'David Tey Dah Wei (DAHWEI)'

2020-05-28 01:46:59 - [TEST_STEP][PASSED] - callTestCase(findTestCase(CallTCName), ["FindValue":ComboBoxValue, "DropdownNm":comboNm], STOP_ON_FAILURE): Call Test Case 'Test Cases/PFI Precision and Scale/PFI Components/OfficerLists' successfully

2020-05-28 01:46:59 - [TEST_CASE][PASSED] - Test Cases/PFI Precision and Scale/PFI Components/OfficerLists: Test Cases/PFI Precision and Scale/PFI Components/OfficerLists

2020-05-28 01:46:59 - [TEST_STEP][PASSED] - Thread.sleep(1000): null

2020-05-28 01:47:00 - [TEST_STEP][PASSED] - OfficerLists = [1:"Aaron Sham Wai Lun (AARON)", 2:"Azidah Bte Akmad (Mdm) (USAABD)", 3:"Chung Fong Nyen (USACFN)", 4:"David Tey Dah Wei (DAHWEI)", ... ]: null

2020-05-28 01:47:00 - [TEST_STEP][PASSED] - ValueFound = OfficerLists.find({ -> ... }): null

2020-05-28 01:47:00 - [MESSAGE][PASSED] - Call Test Case 'Test Cases/PFI Precision and Scale/PFI Components/OfficerLists' successfully

2020-05-28 01:47:00 - [TEST_STEP][PASSED] - println(ValueFound): null

2020-05-28 01:47:00 - [TEST_STEP][PASSED] - sendKeys(NewInputNmField, Keys.chord(ARROW_DOWN)): Keys 'DOWN + ' sent to object: 'Object Repository/Objects.HighlightElements/input_field_index'

2020-05-28 01:47:00 - [MESSAGE][PASSED] - Keys 'DOWN + ' sent to object: 'Object Repository/Objects.HighlightElements/input_field_index'

2020-05-28 01:47:00 - [TEST_STEP][PASSED] - sendKeys(NewInputNmField, Keys.chord(ARROW_DOWN)): Keys 'DOWN + ' sent to object: 'Object Repository/Objects.HighlightElements/input_field_index'

2020-05-28 01:47:00 - [MESSAGE][PASSED] - Keys 'DOWN + ' sent to object: 'Object Repository/Objects.HighlightElements/input_field_index'

2020-05-28 01:47:00 - [TEST_STEP][PASSED] - delay(DelayTime): Delayed 2 second(s)

2020-05-28 01:47:02 - [MESSAGE][PASSED] - Delayed 2 second(s)

2020-05-28 01:47:02 - [TEST_STEP][PASSED] - sendKeys(NewInputNmField, Keys.chord(ENTER)): Keys 'ENTER + ' sent to object: 'Object Repository/Objects.HighlightElements/input_field_index'

2020-05-28 01:47:03 - [MESSAGE][PASSED] - Keys 'ENTER + ' sent to object: 'Object Repository/Objects.HighlightElements/input_field_index'

2020-05-28 01:47:03 - [TEST_STEP][PASSED] - ComboBoxValue = getAttribute(NewInputNmField, "value"): Attribute 'value' of object 'Object Repository/Objects.HighlightElements/input_field_index' is: 'Han Wann Kuang (WANNKUANG)'

2020-05-28 01:47:03 - [MESSAGE][PASSED] - Attribute 'value' of object 'Object Repository/Objects.HighlightElements/input_field_index' is: 'Han Wann Kuang (WANNKUANG)'

2020-05-28 01:47:03 - [TEST_STEP][PASSED] - callTestCase(findTestCase(CallTCName), ["FindValue":ComboBoxValue, "DropdownNm":comboNm], STOP_ON_FAILURE): Call Test Case 'Test Cases/PFI Precision and Scale/PFI Components/OfficerLists' successfully

2020-05-28 01:47:03 - [TEST_CASE][PASSED] - Test Cases/PFI Precision and Scale/PFI Components/OfficerLists: Test Cases/PFI Precision and Scale/PFI Components/OfficerLists

2020-05-28 01:47:03 - [TEST_STEP][PASSED] - Thread.sleep(1000): null

2020-05-28 01:47:04 - [TEST_STEP][PASSED] - OfficerLists = [1:"Aaron Sham Wai Lun (AARON)", 2:"Azidah Bte Akmad (Mdm) (USAABD)", 3:"Chung Fong Nyen (USACFN)", 4:"David Tey Dah Wei (DAHWEI)", ... ]: null

2020-05-28 01:47:04 - [TEST_STEP][PASSED] - ValueFound = OfficerLists.find({ -> ... }): null

2020-05-28 01:47:04 - [MESSAGE][PASSED] - Call Test Case 'Test Cases/PFI Precision and Scale/PFI Components/OfficerLists' successfully

2020-05-28 01:47:04 - [TEST_STEP][PASSED] - println(ValueFound): null

2020-05-28 01:47:04 - [TEST_STEP][PASSED] - sendKeys(NewInputNmField, Keys.chord(ARROW_DOWN)): Keys 'DOWN + ' sent to object: 'Object Repository/Objects.HighlightElements/input_field_index'

2020-05-28 01:47:04 - [MESSAGE][PASSED] - Keys 'DOWN + ' sent to object: 'Object Repository/Objects.HighlightElements/input_field_index'

2020-05-28 01:47:04 - [TEST_STEP][PASSED] - sendKeys(NewInputNmField, Keys.chord(ARROW_DOWN)): Keys 'DOWN + ' sent to object: 'Object Repository/Objects.HighlightElements/input_field_index'

2020-05-28 01:47:05 - [MESSAGE][PASSED] - Keys 'DOWN + ' sent to object: 'Object Repository/Objects.HighlightElements/input_field_index'

2020-05-28 01:47:05 - [TEST_STEP][PASSED] - delay(DelayTime): Delayed 2 second(s)

2020-05-28 01:47:07 - [MESSAGE][PASSED] - Delayed 2 second(s)

2020-05-28 01:47:07 - [TEST_STEP][PASSED] - sendKeys(NewInputNmField, Keys.chord(ENTER)): Keys 'ENTER + ' sent to object: 'Object Repository/Objects.HighlightElements/input_field_index'

2020-05-28 01:47:07 - [MESSAGE][PASSED] - Keys 'ENTER + ' sent to object: 'Object Repository/Objects.HighlightElements/input_field_index'

2020-05-28 01:47:07 - [TEST_STEP][PASSED] - ComboBoxValue = getAttribute(NewInputNmField, "value"): Attribute 'value' of object 'Object Repository/Objects.HighlightElements/input_field_index' is: 'Ho Tze Siang (TZESIANG)'

2020-05-28 01:47:08 - [MESSAGE][PASSED] - Attribute 'value' of object 'Object Repository/Objects.HighlightElements/input_field_index' is: 'Ho Tze Siang (TZESIANG)'

2020-05-28 01:47:08 - [TEST_STEP][PASSED] - callTestCase(findTestCase(CallTCName), ["FindValue":ComboBoxValue, "DropdownNm":comboNm], STOP_ON_FAILURE): Call Test Case 'Test Cases/PFI Precision and Scale/PFI Components/OfficerLists' successfully

2020-05-28 01:47:08 - [TEST_CASE][PASSED] - Test Cases/PFI Precision and Scale/PFI Components/OfficerLists: Test Cases/PFI Precision and Scale/PFI Components/OfficerLists

2020-05-28 01:47:08 - [TEST_STEP][PASSED] - Thread.sleep(1000): null

2020-05-28 01:47:09 - [TEST_STEP][PASSED] - OfficerLists = [1:"Aaron Sham Wai Lun (AARON)", 2:"Azidah Bte Akmad (Mdm) (USAABD)", 3:"Chung Fong Nyen (USACFN)", 4:"David Tey Dah Wei (DAHWEI)", ... ]: null

2020-05-28 01:47:09 - [TEST_STEP][PASSED] - ValueFound = OfficerLists.find({ -> ... }): null

2020-05-28 01:47:09 - [MESSAGE][PASSED] - Call Test Case 'Test Cases/PFI Precision and Scale/PFI Components/OfficerLists' successfully

2020-05-28 01:47:09 - [TEST_STEP][PASSED] - println(ValueFound): null

2020-05-28 01:47:09 - [TEST_STEP][PASSED] - sendKeys(NewInputNmField, Keys.chord(ARROW_DOWN)): Keys 'DOWN + ' sent to object: 'Object Repository/Objects.HighlightElements/input_field_index'

2020-05-28 01:47:09 - [MESSAGE][PASSED] - Keys 'DOWN + ' sent to object: 'Object Repository/Objects.HighlightElements/input_field_index'

2020-05-28 01:47:09 - [TEST_STEP][PASSED] - sendKeys(NewInputNmField, Keys.chord(ARROW_DOWN)): Keys 'DOWN + ' sent to object: 'Object Repository/Objects.HighlightElements/input_field_index'

2020-05-28 01:47:10 - [MESSAGE][PASSED] - Keys 'DOWN + ' sent to object: 'Object Repository/Objects.HighlightElements/input_field_index'

2020-05-28 01:47:10 - [TEST_STEP][PASSED] - delay(DelayTime): Delayed 2 second(s)

2020-05-28 01:47:12 - [MESSAGE][PASSED] - Delayed 2 second(s)

2020-05-28 01:47:12 - [TEST_STEP][PASSED] - sendKeys(NewInputNmField, Keys.chord(ENTER)): Keys 'ENTER + ' sent to object: 'Object Repository/Objects.HighlightElements/input_field_index'

2020-05-28 01:47:12 - [MESSAGE][PASSED] - Keys 'ENTER + ' sent to object: 'Object Repository/Objects.HighlightElements/input_field_index'

2020-05-28 01:47:12 - [TEST_STEP][PASSED] - ComboBoxValue = getAttribute(NewInputNmField, "value"): Attribute 'value' of object 'Object Repository/Objects.HighlightElements/input_field_index' is: 'Ho-Chan Vun Ching (USAHVC)'

2020-05-28 01:47:12 - [MESSAGE][PASSED] - Attribute 'value' of object 'Object Repository/Objects.HighlightElements/input_field_index' is: 'Ho-Chan Vun Ching (USAHVC)'

2020-05-28 01:47:12 - [TEST_STEP][PASSED] - callTestCase(findTestCase(CallTCName), ["FindValue":ComboBoxValue, "DropdownNm":comboNm], STOP_ON_FAILURE): Call Test Case 'Test Cases/PFI Precision and Scale/PFI Components/OfficerLists' successfully

2020-05-28 01:47:12 - [TEST_CASE][PASSED] - Test Cases/PFI Precision and Scale/PFI Components/OfficerLists: Test Cases/PFI Precision and Scale/PFI Components/OfficerLists

2020-05-28 01:47:12 - [TEST_STEP][PASSED] - Thread.sleep(1000): null

2020-05-28 01:47:14 - [TEST_STEP][PASSED] - OfficerLists = [1:"Aaron Sham Wai Lun (AARON)", 2:"Azidah Bte Akmad (Mdm) (USAABD)", 3:"Chung Fong Nyen (USACFN)", 4:"David Tey Dah Wei (DAHWEI)", ... ]: null

2020-05-28 01:47:14 - [TEST_STEP][PASSED] - ValueFound = OfficerLists.find({ -> ... }): null

2020-05-28 01:47:14 - [MESSAGE][PASSED] - Call Test Case 'Test Cases/PFI Precision and Scale/PFI Components/OfficerLists' successfully

2020-05-28 01:47:14 - [TEST_STEP][PASSED] - println(ValueFound): null

2020-05-28 01:47:14 - [TEST_STEP][PASSED] - sendKeys(NewInputNmField, Keys.chord(ARROW_DOWN)): Keys 'DOWN + ' sent to object: 'Object Repository/Objects.HighlightElements/input_field_index'

2020-05-28 01:47:14 - [MESSAGE][PASSED] - Keys 'DOWN + ' sent to object: 'Object Repository/Objects.HighlightElements/input_field_index'

2020-05-28 01:47:14 - [TEST_STEP][PASSED] - sendKeys(NewInputNmField, Keys.chord(ARROW_DOWN)): Keys 'DOWN + ' sent to object: 'Object Repository/Objects.HighlightElements/input_field_index'

2020-05-28 01:47:14 - [MESSAGE][PASSED] - Keys 'DOWN + ' sent to object: 'Object Repository/Objects.HighlightElements/input_field_index'

2020-05-28 01:47:14 - [TEST_STEP][PASSED] - delay(DelayTime): Delayed 2 second(s)

2020-05-28 01:47:16 - [MESSAGE][PASSED] - Delayed 2 second(s)

2020-05-28 01:47:16 - [TEST_STEP][PASSED] - sendKeys(NewInputNmField, Keys.chord(ENTER)): Keys 'ENTER + ' sent to object: 'Object Repository/Objects.HighlightElements/input_field_index'

2020-05-28 01:47:17 - [MESSAGE][PASSED] - Keys 'ENTER + ' sent to object: 'Object Repository/Objects.HighlightElements/input_field_index'

2020-05-28 01:47:17 - [TEST_STEP][PASSED] - ComboBoxValue = getAttribute(NewInputNmField, "value"): Attribute 'value' of object 'Object Repository/Objects.HighlightElements/input_field_index' is: 'Janet Lee Choon Hong (JANETCHOON)'

2020-05-28 01:47:17 - [MESSAGE][PASSED] - Attribute 'value' of object 'Object Repository/Objects.HighlightElements/input_field_index' is: 'Janet Lee Choon Hong (JANETCHOON)'

2020-05-28 01:47:17 - [TEST_STEP][PASSED] - callTestCase(findTestCase(CallTCName), ["FindValue":ComboBoxValue, "DropdownNm":comboNm], STOP_ON_FAILURE): Call Test Case 'Test Cases/PFI Precision and Scale/PFI Components/OfficerLists' successfully

2020-05-28 01:47:17 - [TEST_CASE][PASSED] - Test Cases/PFI Precision and Scale/PFI Components/OfficerLists: Test Cases/PFI Precision and Scale/PFI Components/OfficerLists

2020-05-28 01:47:17 - [TEST_STEP][PASSED] - Thread.sleep(1000): null

2020-05-28 01:47:18 - [TEST_STEP][PASSED] - OfficerLists = [1:"Aaron Sham Wai Lun (AARON)", 2:"Azidah Bte Akmad (Mdm) (USAABD)", 3:"Chung Fong Nyen (USACFN)", 4:"David Tey Dah Wei (DAHWEI)", ... ]: null

2020-05-28 01:47:18 - [TEST_STEP][PASSED] - ValueFound = OfficerLists.find({ -> ... }): null

2020-05-28 01:47:18 - [MESSAGE][PASSED] - Call Test Case 'Test Cases/PFI Precision and Scale/PFI Components/OfficerLists' successfully

2020-05-28 01:47:18 - [TEST_STEP][PASSED] - println(ValueFound): null

2020-05-28 01:47:18 - [TEST_STEP][PASSED] - sendKeys(NewInputNmField, Keys.chord(ARROW_DOWN)): Keys 'DOWN + ' sent to object: 'Object Repository/Objects.HighlightElements/input_field_index'

2020-05-28 01:47:19 - [MESSAGE][PASSED] - Keys 'DOWN + ' sent to object: 'Object Repository/Objects.HighlightElements/input_field_index'

2020-05-28 01:47:19 - [TEST_STEP][PASSED] - sendKeys(NewInputNmField, Keys.chord(ARROW_DOWN)): Keys 'DOWN + ' sent to object: 'Object Repository/Objects.HighlightElements/input_field_index'

2020-05-28 01:47:19 - [MESSAGE][PASSED] - Keys 'DOWN + ' sent to object: 'Object Repository/Objects.HighlightElements/input_field_index'

2020-05-28 01:47:19 - [TEST_STEP][PASSED] - delay(DelayTime): Delayed 2 second(s)

2020-05-28 01:47:21 - [MESSAGE][PASSED] - Delayed 2 second(s)

2020-05-28 01:47:21 - [TEST_STEP][PASSED] - sendKeys(NewInputNmField, Keys.chord(ENTER)): Keys 'ENTER + ' sent to object: 'Object Repository/Objects.HighlightElements/input_field_index'

2020-05-28 01:47:21 - [MESSAGE][PASSED] - Keys 'ENTER + ' sent to object: 'Object Repository/Objects.HighlightElements/input_field_index'

2020-05-28 01:47:21 - [TEST_STEP][PASSED] - ComboBoxValue = getAttribute(NewInputNmField, "value"): Attribute 'value' of object 'Object Repository/Objects.HighlightElements/input_field_index' is: 'Joseph Lim Pheng Weng (PHENGWENG)'

2020-05-28 01:47:22 - [MESSAGE][PASSED] - Attribute 'value' of object 'Object Repository/Objects.HighlightElements/input_field_index' is: 'Joseph Lim Pheng Weng (PHENGWENG)'

2020-05-28 01:47:22 - [TEST_STEP][PASSED] - callTestCase(findTestCase(CallTCName), ["FindValue":ComboBoxValue, "DropdownNm":comboNm], STOP_ON_FAILURE): Call Test Case 'Test Cases/PFI Precision and Scale/PFI Components/OfficerLists' successfully

2020-05-28 01:47:22 - [TEST_CASE][PASSED] - Test Cases/PFI Precision and Scale/PFI Components/OfficerLists: Test Cases/PFI Precision and Scale/PFI Components/OfficerLists

2020-05-28 01:47:22 - [TEST_STEP][PASSED] - Thread.sleep(1000): null

2020-05-28 01:47:23 - [TEST_STEP][PASSED] - OfficerLists = [1:"Aaron Sham Wai Lun (AARON)", 2:"Azidah Bte Akmad (Mdm) (USAABD)", 3:"Chung Fong Nyen (USACFN)", 4:"David Tey Dah Wei (DAHWEI)", ... ]: null

2020-05-28 01:47:23 - [TEST_STEP][PASSED] - ValueFound = OfficerLists.find({ -> ... }): null

2020-05-28 01:47:23 - [MESSAGE][PASSED] - Call Test Case 'Test Cases/PFI Precision and Scale/PFI Components/OfficerLists' successfully

2020-05-28 01:47:23 - [TEST_STEP][PASSED] - println(ValueFound): null

2020-05-28 01:47:23 - [TEST_STEP][PASSED] - sendKeys(NewInputNmField, Keys.chord(ARROW_DOWN)): Keys 'DOWN + ' sent to object: 'Object Repository/Objects.HighlightElements/input_field_index'

2020-05-28 01:47:23 - [MESSAGE][PASSED] - Keys 'DOWN + ' sent to object: 'Object Repository/Objects.HighlightElements/input_field_index'

2020-05-28 01:47:23 - [TEST_STEP][PASSED] - sendKeys(NewInputNmField, Keys.chord(ARROW_DOWN)): Keys 'DOWN + ' sent to object: 'Object Repository/Objects.HighlightElements/input_field_index'

2020-05-28 01:47:24 - [MESSAGE][PASSED] - Keys 'DOWN + ' sent to object: 'Object Repository/Objects.HighlightElements/input_field_index'

2020-05-28 01:47:24 - [TEST_STEP][PASSED] - delay(DelayTime): Delayed 2 second(s)

2020-05-28 01:47:26 - [MESSAGE][PASSED] - Delayed 2 second(s)

2020-05-28 01:47:26 - [TEST_STEP][PASSED] - sendKeys(NewInputNmField, Keys.chord(ENTER)): Keys 'ENTER + ' sent to object: 'Object Repository/Objects.HighlightElements/input_field_index'

2020-05-28 01:47:26 - [MESSAGE][PASSED] - Keys 'ENTER + ' sent to object: 'Object Repository/Objects.HighlightElements/input_field_index'

2020-05-28 01:47:26 - [TEST_STEP][PASSED] - ComboBoxValue = getAttribute(NewInputNmField, "value"): Attribute 'value' of object 'Object Repository/Objects.HighlightElements/input_field_index' is: 'Kaliannan Thanabal (KALIANN)'

2020-05-28 01:47:26 - [MESSAGE][PASSED] - Attribute 'value' of object 'Object Repository/Objects.HighlightElements/input_field_index' is: 'Kaliannan Thanabal (KALIANN)'

2020-05-28 01:47:26 - [TEST_STEP][PASSED] - callTestCase(findTestCase(CallTCName), ["FindValue":ComboBoxValue, "DropdownNm":comboNm], STOP_ON_FAILURE): Call Test Case 'Test Cases/PFI Precision and Scale/PFI Components/OfficerLists' successfully

2020-05-28 01:47:26 - [TEST_CASE][PASSED] - Test Cases/PFI Precision and Scale/PFI Components/OfficerLists: Test Cases/PFI Precision and Scale/PFI Components/OfficerLists

2020-05-28 01:47:26 - [TEST_STEP][PASSED] - Thread.sleep(1000): null

2020-05-28 01:47:27 - [TEST_STEP][PASSED] - OfficerLists = [1:"Aaron Sham Wai Lun (AARON)", 2:"Azidah Bte Akmad (Mdm) (USAABD)", 3:"Chung Fong Nyen (USACFN)", 4:"David Tey Dah Wei (DAHWEI)", ... ]: null

2020-05-28 01:47:27 - [TEST_STEP][PASSED] - ValueFound = OfficerLists.find({ -> ... }): null

2020-05-28 01:47:27 - [MESSAGE][PASSED] - Call Test Case 'Test Cases/PFI Precision and Scale/PFI Components/OfficerLists' successfully

2020-05-28 01:47:27 - [TEST_STEP][PASSED] - println(ValueFound): null

2020-05-28 01:47:27 - [TEST_STEP][PASSED] - sendKeys(NewInputNmField, Keys.chord(ARROW_DOWN)): Keys 'DOWN + ' sent to object: 'Object Repository/Objects.HighlightElements/input_field_index'

2020-05-28 01:47:28 - [MESSAGE][PASSED] - Keys 'DOWN + ' sent to object: 'Object Repository/Objects.HighlightElements/input_field_index'

2020-05-28 01:47:28 - [TEST_STEP][PASSED] - sendKeys(NewInputNmField, Keys.chord(ARROW_DOWN)): Keys 'DOWN + ' sent to object: 'Object Repository/Objects.HighlightElements/input_field_index'

2020-05-28 01:47:28 - [MESSAGE][PASSED] - Keys 'DOWN + ' sent to object: 'Object Repository/Objects.HighlightElements/input_field_index'

2020-05-28 01:47:28 - [TEST_STEP][PASSED] - delay(DelayTime): Delayed 2 second(s)

2020-05-28 01:47:30 - [MESSAGE][PASSED] - Delayed 2 second(s)

2020-05-28 01:47:30 - [TEST_STEP][PASSED] - sendKeys(NewInputNmField, Keys.chord(ENTER)): Keys 'ENTER + ' sent to object: 'Object Repository/Objects.HighlightElements/input_field_index'

2020-05-28 01:47:31 - [MESSAGE][PASSED] - Keys 'ENTER + ' sent to object: 'Object Repository/Objects.HighlightElements/input_field_index'

2020-05-28 01:47:31 - [TEST_STEP][PASSED] - ComboBoxValue = getAttribute(NewInputNmField, "value"): Attribute 'value' of object 'Object Repository/Objects.HighlightElements/input_field_index' is: 'Kelvin Phua Meng Thong (MENGTHONG)'

2020-05-28 01:47:31 - [MESSAGE][PASSED] - Attribute 'value' of object 'Object Repository/Objects.HighlightElements/input_field_index' is: 'Kelvin Phua Meng Thong (MENGTHONG)'

2020-05-28 01:47:31 - [TEST_STEP][PASSED] - callTestCase(findTestCase(CallTCName), ["FindValue":ComboBoxValue, "DropdownNm":comboNm], STOP_ON_FAILURE): Call Test Case 'Test Cases/PFI Precision and Scale/PFI Components/OfficerLists' successfully

2020-05-28 01:47:31 - [TEST_CASE][PASSED] - Test Cases/PFI Precision and Scale/PFI Components/OfficerLists: Test Cases/PFI Precision and Scale/PFI Components/OfficerLists

2020-05-28 01:47:31 - [TEST_STEP][PASSED] - Thread.sleep(1000): null

2020-05-28 01:47:32 - [TEST_STEP][PASSED] - OfficerLists = [1:"Aaron Sham Wai Lun (AARON)", 2:"Azidah Bte Akmad (Mdm) (USAABD)", 3:"Chung Fong Nyen (USACFN)", 4:"David Tey Dah Wei (DAHWEI)", ... ]: null

2020-05-28 01:47:32 - [TEST_STEP][PASSED] - ValueFound = OfficerLists.find({ -> ... }): null

2020-05-28 01:47:32 - [MESSAGE][PASSED] - Call Test Case 'Test Cases/PFI Precision and Scale/PFI Components/OfficerLists' successfully

2020-05-28 01:47:32 - [TEST_STEP][PASSED] - println(ValueFound): null

2020-05-28 01:47:32 - [TEST_STEP][PASSED] - sendKeys(NewInputNmField, Keys.chord(ARROW_DOWN)): Keys 'DOWN + ' sent to object: 'Object Repository/Objects.HighlightElements/input_field_index'

2020-05-28 01:47:33 - [MESSAGE][PASSED] - Keys 'DOWN + ' sent to object: 'Object Repository/Objects.HighlightElements/input_field_index'

2020-05-28 01:47:33 - [TEST_STEP][PASSED] - sendKeys(NewInputNmField, Keys.chord(ARROW_DOWN)): Keys 'DOWN + ' sent to object: 'Object Repository/Objects.HighlightElements/input_field_index'

2020-05-28 01:47:33 - [MESSAGE][PASSED] - Keys 'DOWN + ' sent to object: 'Object Repository/Objects.HighlightElements/input_field_index'

2020-05-28 01:47:33 - [TEST_STEP][PASSED] - delay(DelayTime): Delayed 2 second(s)

2020-05-28 01:47:35 - [MESSAGE][PASSED] - Delayed 2 second(s)

2020-05-28 01:47:35 - [TEST_STEP][PASSED] - sendKeys(NewInputNmField, Keys.chord(ENTER)): Keys 'ENTER + ' sent to object: 'Object Repository/Objects.HighlightElements/input_field_index'

2020-05-28 01:47:35 - [MESSAGE][PASSED] - Keys 'ENTER + ' sent to object: 'Object Repository/Objects.HighlightElements/input_field_index'

2020-05-28 01:47:35 - [TEST_STEP][PASSED] - ComboBoxValue = getAttribute(NewInputNmField, "value"): Attribute 'value' of object 'Object Repository/Objects.HighlightElements/input_field_index' is: 'Lee Kok Tien (USAKTL)'

2020-05-28 01:47:36 - [MESSAGE][PASSED] - Attribute 'value' of object 'Object Repository/Objects.HighlightElements/input_field_index' is: 'Lee Kok Tien (USAKTL)'

2020-05-28 01:47:36 - [TEST_STEP][PASSED] - callTestCase(findTestCase(CallTCName), ["FindValue":ComboBoxValue, "DropdownNm":comboNm], STOP_ON_FAILURE): Call Test Case 'Test Cases/PFI Precision and Scale/PFI Components/OfficerLists' successfully

2020-05-28 01:47:36 - [TEST_CASE][PASSED] - Test Cases/PFI Precision and Scale/PFI Components/OfficerLists: Test Cases/PFI Precision and Scale/PFI Components/OfficerLists

2020-05-28 01:47:36 - [TEST_STEP][PASSED] - Thread.sleep(1000): null

2020-05-28 01:47:37 - [TEST_STEP][PASSED] - OfficerLists = [1:"Aaron Sham Wai Lun (AARON)", 2:"Azidah Bte Akmad (Mdm) (USAABD)", 3:"Chung Fong Nyen (USACFN)", 4:"David Tey Dah Wei (DAHWEI)", ... ]: null

2020-05-28 01:47:37 - [TEST_STEP][PASSED] - ValueFound = OfficerLists.find({ -> ... }): null

2020-05-28 01:47:37 - [MESSAGE][PASSED] - Call Test Case 'Test Cases/PFI Precision and Scale/PFI Components/OfficerLists' successfully

2020-05-28 01:47:37 - [TEST_STEP][PASSED] - println(ValueFound): null

2020-05-28 01:47:37 - [TEST_STEP][PASSED] - sendKeys(NewInputNmField, Keys.chord(ARROW_DOWN)): Keys 'DOWN + ' sent to object: 'Object Repository/Objects.HighlightElements/input_field_index'

2020-05-28 01:47:37 - [MESSAGE][PASSED] - Keys 'DOWN + ' sent to object: 'Object Repository/Objects.HighlightElements/input_field_index'

2020-05-28 01:47:37 - [TEST_STEP][PASSED] - sendKeys(NewInputNmField, Keys.chord(ARROW_DOWN)): Keys 'DOWN + ' sent to object: 'Object Repository/Objects.HighlightElements/input_field_index'

2020-05-28 01:47:38 - [MESSAGE][PASSED] - Keys 'DOWN + ' sent to object: 'Object Repository/Objects.HighlightElements/input_field_index'

2020-05-28 01:47:38 - [TEST_STEP][PASSED] - delay(DelayTime): Delayed 2 second(s)

2020-05-28 01:47:40 - [MESSAGE][PASSED] - Delayed 2 second(s)

2020-05-28 01:47:40 - [TEST_STEP][PASSED] - sendKeys(NewInputNmField, Keys.chord(ENTER)): Keys 'ENTER + ' sent to object: 'Object Repository/Objects.HighlightElements/input_field_index'

2020-05-28 01:47:40 - [MESSAGE][PASSED] - Keys 'ENTER + ' sent to object: 'Object Repository/Objects.HighlightElements/input_field_index'

2020-05-28 01:47:40 - [TEST_STEP][PASSED] - ComboBoxValue = getAttribute(NewInputNmField, "value"): Attribute 'value' of object 'Object Repository/Objects.HighlightElements/input_field_index' is: 'Lim Beng Kwee (BENGKWEE)'

2020-05-28 01:47:40 - [MESSAGE][PASSED] - Attribute 'value' of object 'Object Repository/Objects.HighlightElements/input_field_index' is: 'Lim Beng Kwee (BENGKWEE)'

2020-05-28 01:47:40 - [TEST_STEP][PASSED] - callTestCase(findTestCase(CallTCName), ["FindValue":ComboBoxValue, "DropdownNm":comboNm], STOP_ON_FAILURE): Call Test Case 'Test Cases/PFI Precision and Scale/PFI Components/OfficerLists' successfully

2020-05-28 01:47:40 - [TEST_CASE][PASSED] - Test Cases/PFI Precision and Scale/PFI Components/OfficerLists: Test Cases/PFI Precision and Scale/PFI Components/OfficerLists

2020-05-28 01:47:40 - [TEST_STEP][PASSED] - Thread.sleep(1000): null

2020-05-28 01:47:41 - [TEST_STEP][PASSED] - OfficerLists = [1:"Aaron Sham Wai Lun (AARON)", 2:"Azidah Bte Akmad (Mdm) (USAABD)", 3:"Chung Fong Nyen (USACFN)", 4:"David Tey Dah Wei (DAHWEI)", ... ]: null

2020-05-28 01:47:41 - [TEST_STEP][PASSED] - ValueFound = OfficerLists.find({ -> ... }): null

2020-05-28 01:47:41 - [MESSAGE][PASSED] - Call Test Case 'Test Cases/PFI Precision and Scale/PFI Components/OfficerLists' successfully

2020-05-28 01:47:41 - [TEST_STEP][PASSED] - println(ValueFound): null

2020-05-28 01:47:41 - [TEST_STEP][PASSED] - sendKeys(NewInputNmField, Keys.chord(ARROW_DOWN)): Keys 'DOWN + ' sent to object: 'Object Repository/Objects.HighlightElements/input_field_index'

2020-05-28 01:47:42 - [MESSAGE][PASSED] - Keys 'DOWN + ' sent to object: 'Object Repository/Objects.HighlightElements/input_field_index'

2020-05-28 01:47:42 - [TEST_STEP][PASSED] - sendKeys(NewInputNmField, Keys.chord(ARROW_DOWN)): Keys 'DOWN + ' sent to object: 'Object Repository/Objects.HighlightElements/input_field_index'

2020-05-28 01:47:42 - [MESSAGE][PASSED] - Keys 'DOWN + ' sent to object: 'Object Repository/Objects.HighlightElements/input_field_index'

2020-05-28 01:47:42 - [TEST_STEP][PASSED] - delay(DelayTime): Delayed 2 second(s)

2020-05-28 01:47:44 - [MESSAGE][PASSED] - Delayed 2 second(s)

2020-05-28 01:47:44 - [TEST_STEP][PASSED] - sendKeys(NewInputNmField, Keys.chord(ENTER)): Keys 'ENTER + ' sent to object: 'Object Repository/Objects.HighlightElements/input_field_index'

2020-05-28 01:47:44 - [MESSAGE][PASSED] - Keys 'ENTER + ' sent to object: 'Object Repository/Objects.HighlightElements/input_field_index'

2020-05-28 01:47:44 - [TEST_STEP][PASSED] - ComboBoxValue = getAttribute(NewInputNmField, "value"): Attribute 'value' of object 'Object Repository/Objects.HighlightElements/input_field_index' is: 'Lim Leng Boon (LENGBOON)'

2020-05-28 01:47:45 - [MESSAGE][PASSED] - Attribute 'value' of object 'Object Repository/Objects.HighlightElements/input_field_index' is: 'Lim Leng Boon (LENGBOON)'

2020-05-28 01:47:45 - [TEST_STEP][PASSED] - callTestCase(findTestCase(CallTCName), ["FindValue":ComboBoxValue, "DropdownNm":comboNm], STOP_ON_FAILURE): Call Test Case 'Test Cases/PFI Precision and Scale/PFI Components/OfficerLists' successfully

2020-05-28 01:47:45 - [TEST_CASE][PASSED] - Test Cases/PFI Precision and Scale/PFI Components/OfficerLists: Test Cases/PFI Precision and Scale/PFI Components/OfficerLists

2020-05-28 01:47:45 - [TEST_STEP][PASSED] - Thread.sleep(1000): null

2020-05-28 01:47:46 - [TEST_STEP][PASSED] - OfficerLists = [1:"Aaron Sham Wai Lun (AARON)", 2:"Azidah Bte Akmad (Mdm) (USAABD)", 3:"Chung Fong Nyen (USACFN)", 4:"David Tey Dah Wei (DAHWEI)", ... ]: null

2020-05-28 01:47:46 - [TEST_STEP][PASSED] - ValueFound = OfficerLists.find({ -> ... }): null

2020-05-28 01:47:46 - [MESSAGE][PASSED] - Call Test Case 'Test Cases/PFI Precision and Scale/PFI Components/OfficerLists' successfully

2020-05-28 01:47:46 - [TEST_STEP][PASSED] - println(ValueFound): null

2020-05-28 01:47:46 - [TEST_STEP][PASSED] - sendKeys(NewInputNmField, Keys.chord(ARROW_DOWN)): Keys 'DOWN + ' sent to object: 'Object Repository/Objects.HighlightElements/input_field_index'

2020-05-28 01:47:46 - [MESSAGE][PASSED] - Keys 'DOWN + ' sent to object: 'Object Repository/Objects.HighlightElements/input_field_index'

2020-05-28 01:47:46 - [TEST_STEP][PASSED] - sendKeys(NewInputNmField, Keys.chord(ARROW_DOWN)): Keys 'DOWN + ' sent to object: 'Object Repository/Objects.HighlightElements/input_field_index'

2020-05-28 01:47:47 - [MESSAGE][PASSED] - Keys 'DOWN + ' sent to object: 'Object Repository/Objects.HighlightElements/input_field_index'

2020-05-28 01:47:47 - [TEST_STEP][PASSED] - delay(DelayTime): Delayed 2 second(s)

2020-05-28 01:47:49 - [MESSAGE][PASSED] - Delayed 2 second(s)

2020-05-28 01:47:49 - [TEST_STEP][PASSED] - sendKeys(NewInputNmField, Keys.chord(ENTER)): Keys 'ENTER + ' sent to object: 'Object Repository/Objects.HighlightElements/input_field_index'

2020-05-28 01:47:49 - [MESSAGE][PASSED] - Keys 'ENTER + ' sent to object: 'Object Repository/Objects.HighlightElements/input_field_index'

2020-05-28 01:47:49 - [TEST_STEP][PASSED] - ComboBoxValue = getAttribute(NewInputNmField, "value"): Attribute 'value' of object 'Object Repository/Objects.HighlightElements/input_field_index' is: 'Liu Xiaopeng (XIAOPENG)'

2020-05-28 01:47:50 - [MESSAGE][PASSED] - Attribute 'value' of object 'Object Repository/Objects.HighlightElements/input_field_index' is: 'Liu Xiaopeng (XIAOPENG)'

2020-05-28 01:47:50 - [TEST_STEP][PASSED] - callTestCase(findTestCase(CallTCName), ["FindValue":ComboBoxValue, "DropdownNm":comboNm], STOP_ON_FAILURE): Call Test Case 'Test Cases/PFI Precision and Scale/PFI Components/OfficerLists' successfully

2020-05-28 01:47:50 - [TEST_CASE][PASSED] - Test Cases/PFI Precision and Scale/PFI Components/OfficerLists: Test Cases/PFI Precision and Scale/PFI Components/OfficerLists

2020-05-28 01:47:50 - [TEST_STEP][PASSED] - Thread.sleep(1000): null

2020-05-28 01:47:51 - [TEST_STEP][PASSED] - OfficerLists = [1:"Aaron Sham Wai Lun (AARON)", 2:"Azidah Bte Akmad (Mdm) (USAABD)", 3:"Chung Fong Nyen (USACFN)", 4:"David Tey Dah Wei (DAHWEI)", ... ]: null

2020-05-28 01:47:51 - [TEST_STEP][PASSED] - ValueFound = OfficerLists.find({ -> ... }): null

2020-05-28 01:47:51 - [MESSAGE][PASSED] - Call Test Case 'Test Cases/PFI Precision and Scale/PFI Components/OfficerLists' successfully

2020-05-28 01:47:51 - [TEST_STEP][PASSED] - println(ValueFound): null

2020-05-28 01:47:51 - [TEST_STEP][PASSED] - sendKeys(NewInputNmField, Keys.chord(ARROW_DOWN)): Keys 'DOWN + ' sent to object: 'Object Repository/Objects.HighlightElements/input_field_index'

2020-05-28 01:47:51 - [MESSAGE][PASSED] - Keys 'DOWN + ' sent to object: 'Object Repository/Objects.HighlightElements/input_field_index'

2020-05-28 01:47:51 - [TEST_STEP][PASSED] - sendKeys(NewInputNmField, Keys.chord(ARROW_DOWN)): Keys 'DOWN + ' sent to object: 'Object Repository/Objects.HighlightElements/input_field_index'

2020-05-28 01:47:51 - [MESSAGE][PASSED] - Keys 'DOWN + ' sent to object: 'Object Repository/Objects.HighlightElements/input_field_index'

2020-05-28 01:47:51 - [TEST_STEP][PASSED] - delay(DelayTime): Delayed 2 second(s)

2020-05-28 01:47:53 - [MESSAGE][PASSED] - Delayed 2 second(s)

2020-05-28 01:47:53 - [TEST_STEP][PASSED] - sendKeys(NewInputNmField, Keys.chord(ENTER)): Keys 'ENTER + ' sent to object: 'Object Repository/Objects.HighlightElements/input_field_index'

2020-05-28 01:47:54 - [MESSAGE][PASSED] - Keys 'ENTER + ' sent to object: 'Object Repository/Objects.HighlightElements/input_field_index'

2020-05-28 01:47:54 - [TEST_STEP][PASSED] - ComboBoxValue = getAttribute(NewInputNmField, "value"): Attribute 'value' of object 'Object Repository/Objects.HighlightElements/input_field_index' is: 'Lu Ji Ju (Mdm) (USALJJ)'

2020-05-28 01:47:54 - [MESSAGE][PASSED] - Attribute 'value' of object 'Object Repository/Objects.HighlightElements/input_field_index' is: 'Lu Ji Ju (Mdm) (USALJJ)'

2020-05-28 01:47:54 - [TEST_STEP][PASSED] - callTestCase(findTestCase(CallTCName), ["FindValue":ComboBoxValue, "DropdownNm":comboNm], STOP_ON_FAILURE): Call Test Case 'Test Cases/PFI Precision and Scale/PFI Components/OfficerLists' successfully

2020-05-28 01:47:54 - [TEST_CASE][PASSED] - Test Cases/PFI Precision and Scale/PFI Components/OfficerLists: Test Cases/PFI Precision and Scale/PFI Components/OfficerLists

2020-05-28 01:47:54 - [TEST_STEP][PASSED] - Thread.sleep(1000): null

2020-05-28 01:47:55 - [TEST_STEP][PASSED] - OfficerLists = [1:"Aaron Sham Wai Lun (AARON)", 2:"Azidah Bte Akmad (Mdm) (USAABD)", 3:"Chung Fong Nyen (USACFN)", 4:"David Tey Dah Wei (DAHWEI)", ... ]: null

2020-05-28 01:47:55 - [TEST_STEP][PASSED] - ValueFound = OfficerLists.find({ -> ... }): null

2020-05-28 01:47:55 - [MESSAGE][PASSED] - Call Test Case 'Test Cases/PFI Precision and Scale/PFI Components/OfficerLists' successfully

2020-05-28 01:47:55 - [TEST_STEP][PASSED] - println(ValueFound): null

2020-05-28 01:47:55 - [TEST_STEP][PASSED] - sendKeys(NewInputNmField, Keys.chord(ARROW_DOWN)): Keys 'DOWN + ' sent to object: 'Object Repository/Objects.HighlightElements/input_field_index'

2020-05-28 01:47:55 - [MESSAGE][PASSED] - Keys 'DOWN + ' sent to object: 'Object Repository/Objects.HighlightElements/input_field_index'

2020-05-28 01:47:55 - [TEST_STEP][PASSED] - sendKeys(NewInputNmField, Keys.chord(ARROW_DOWN)): Keys 'DOWN + ' sent to object: 'Object Repository/Objects.HighlightElements/input_field_index'

2020-05-28 01:47:56 - [MESSAGE][PASSED] - Keys 'DOWN + ' sent to object: 'Object Repository/Objects.HighlightElements/input_field_index'

2020-05-28 01:47:56 - [TEST_STEP][PASSED] - delay(DelayTime): Delayed 2 second(s)

2020-05-28 01:47:58 - [MESSAGE][PASSED] - Delayed 2 second(s)

2020-05-28 01:47:58 - [TEST_STEP][PASSED] - sendKeys(NewInputNmField, Keys.chord(ENTER)): Keys 'ENTER + ' sent to object: 'Object Repository/Objects.HighlightElements/input_field_index'

2020-05-28 01:47:58 - [MESSAGE][PASSED] - Keys 'ENTER + ' sent to object: 'Object Repository/Objects.HighlightElements/input_field_index'

2020-05-28 01:47:58 - [TEST_STEP][PASSED] - ComboBoxValue = getAttribute(NewInputNmField, "value"): Attribute 'value' of object 'Object Repository/Objects.HighlightElements/input_field_index' is: 'Mohd Jeffri Bin Abdul Rahim (MOHDJEFFRI)'

2020-05-28 01:47:59 - [MESSAGE][PASSED] - Attribute 'value' of object 'Object Repository/Objects.HighlightElements/input_field_index' is: 'Mohd Jeffri Bin Abdul Rahim (MOHDJEFFRI)'

2020-05-28 01:47:59 - [TEST_STEP][PASSED] - callTestCase(findTestCase(CallTCName), ["FindValue":ComboBoxValue, "DropdownNm":comboNm], STOP_ON_FAILURE): Call Test Case 'Test Cases/PFI Precision and Scale/PFI Components/OfficerLists' successfully

2020-05-28 01:47:59 - [TEST_CASE][PASSED] - Test Cases/PFI Precision and Scale/PFI Components/OfficerLists: Test Cases/PFI Precision and Scale/PFI Components/OfficerLists

2020-05-28 01:47:59 - [TEST_STEP][PASSED] - Thread.sleep(1000): null

2020-05-28 01:48:00 - [TEST_STEP][PASSED] - OfficerLists = [1:"Aaron Sham Wai Lun (AARON)", 2:"Azidah Bte Akmad (Mdm) (USAABD)", 3:"Chung Fong Nyen (USACFN)", 4:"David Tey Dah Wei (DAHWEI)", ... ]: null

2020-05-28 01:48:00 - [TEST_STEP][PASSED] - ValueFound = OfficerLists.find({ -> ... }): null

2020-05-28 01:48:00 - [MESSAGE][PASSED] - Call Test Case 'Test Cases/PFI Precision and Scale/PFI Components/OfficerLists' successfully

2020-05-28 01:48:00 - [TEST_STEP][PASSED] - println(ValueFound): null

2020-05-28 01:48:00 - [TEST_STEP][PASSED] - sendKeys(NewInputNmField, Keys.chord(ARROW_DOWN)): Keys 'DOWN + ' sent to object: 'Object Repository/Objects.HighlightElements/input_field_index'

2020-05-28 01:48:00 - [MESSAGE][PASSED] - Keys 'DOWN + ' sent to object: 'Object Repository/Objects.HighlightElements/input_field_index'

2020-05-28 01:48:00 - [TEST_STEP][PASSED] - sendKeys(NewInputNmField, Keys.chord(ARROW_DOWN)): Keys 'DOWN + ' sent to object: 'Object Repository/Objects.HighlightElements/input_field_index'

2020-05-28 01:48:00 - [MESSAGE][PASSED] - Keys 'DOWN + ' sent to object: 'Object Repository/Objects.HighlightElements/input_field_index'

2020-05-28 01:48:00 - [TEST_STEP][PASSED] - delay(DelayTime): Delayed 2 second(s)

2020-05-28 01:48:02 - [MESSAGE][PASSED] - Delayed 2 second(s)

2020-05-28 01:48:02 - [TEST_STEP][PASSED] - sendKeys(NewInputNmField, Keys.chord(ENTER)): Keys 'ENTER + ' sent to object: 'Object Repository/Objects.HighlightElements/input_field_index'

2020-05-28 01:48:03 - [MESSAGE][PASSED] - Keys 'ENTER + ' sent to object: 'Object Repository/Objects.HighlightElements/input_field_index'

2020-05-28 01:48:03 - [TEST_STEP][PASSED] - ComboBoxValue = getAttribute(NewInputNmField, "value"): Attribute 'value' of object 'Object Repository/Objects.HighlightElements/input_field_index' is: 'Richard Lim Fang Ping (FANGPING)'

2020-05-28 01:48:03 - [MESSAGE][PASSED] - Attribute 'value' of object 'Object Repository/Objects.HighlightElements/input_field_index' is: 'Richard Lim Fang Ping (FANGPING)'

2020-05-28 01:48:03 - [TEST_STEP][PASSED] - callTestCase(findTestCase(CallTCName), ["FindValue":ComboBoxValue, "DropdownNm":comboNm], STOP_ON_FAILURE): Call Test Case 'Test Cases/PFI Precision and Scale/PFI Components/OfficerLists' successfully

2020-05-28 01:48:03 - [TEST_CASE][PASSED] - Test Cases/PFI Precision and Scale/PFI Components/OfficerLists: Test Cases/PFI Precision and Scale/PFI Components/OfficerLists

2020-05-28 01:48:03 - [TEST_STEP][PASSED] - Thread.sleep(1000): null

2020-05-28 01:48:04 - [TEST_STEP][PASSED] - OfficerLists = [1:"Aaron Sham Wai Lun (AARON)", 2:"Azidah Bte Akmad (Mdm) (USAABD)", 3:"Chung Fong Nyen (USACFN)", 4:"David Tey Dah Wei (DAHWEI)", ... ]: null

2020-05-28 01:48:04 - [TEST_STEP][PASSED] - ValueFound = OfficerLists.find({ -> ... }): null

2020-05-28 01:48:04 - [MESSAGE][PASSED] - Call Test Case 'Test Cases/PFI Precision and Scale/PFI Components/OfficerLists' successfully

2020-05-28 01:48:04 - [TEST_STEP][PASSED] - println(ValueFound): null

2020-05-28 01:48:04 - [TEST_STEP][PASSED] - sendKeys(NewInputNmField, Keys.chord(ARROW_DOWN)): Keys 'DOWN + ' sent to object: 'Object Repository/Objects.HighlightElements/input_field_index'

2020-05-28 01:48:04 - [MESSAGE][PASSED] - Keys 'DOWN + ' sent to object: 'Object Repository/Objects.HighlightElements/input_field_index'

2020-05-28 01:48:04 - [TEST_STEP][PASSED] - sendKeys(NewInputNmField, Keys.chord(ARROW_DOWN)): Keys 'DOWN + ' sent to object: 'Object Repository/Objects.HighlightElements/input_field_index'

2020-05-28 01:48:05 - [MESSAGE][PASSED] - Keys 'DOWN + ' sent to object: 'Object Repository/Objects.HighlightElements/input_field_index'

2020-05-28 01:48:05 - [TEST_STEP][PASSED] - delay(DelayTime): Delayed 2 second(s)

2020-05-28 01:48:07 - [MESSAGE][PASSED] - Delayed 2 second(s)

2020-05-28 01:48:07 - [TEST_STEP][PASSED] - sendKeys(NewInputNmField, Keys.chord(ENTER)): Keys 'ENTER + ' sent to object: 'Object Repository/Objects.HighlightElements/input_field_index'

2020-05-28 01:48:07 - [MESSAGE][PASSED] - Keys 'ENTER + ' sent to object: 'Object Repository/Objects.HighlightElements/input_field_index'

2020-05-28 01:48:07 - [TEST_STEP][PASSED] - ComboBoxValue = getAttribute(NewInputNmField, "value"): Attribute 'value' of object 'Object Repository/Objects.HighlightElements/input_field_index' is: 'RITA WONG SIONG ING (RITAWONG)'

2020-05-28 01:48:08 - [MESSAGE][PASSED] - Attribute 'value' of object 'Object Repository/Objects.HighlightElements/input_field_index' is: 'RITA WONG SIONG ING (RITAWONG)'

2020-05-28 01:48:08 - [TEST_STEP][PASSED] - callTestCase(findTestCase(CallTCName), ["FindValue":ComboBoxValue, "DropdownNm":comboNm], STOP_ON_FAILURE): Call Test Case 'Test Cases/PFI Precision and Scale/PFI Components/OfficerLists' successfully

2020-05-28 01:48:08 - [TEST_CASE][PASSED] - Test Cases/PFI Precision and Scale/PFI Components/OfficerLists: Test Cases/PFI Precision and Scale/PFI Components/OfficerLists

2020-05-28 01:48:08 - [TEST_STEP][PASSED] - Thread.sleep(1000): null

2020-05-28 01:48:09 - [TEST_STEP][PASSED] - OfficerLists = [1:"Aaron Sham Wai Lun (AARON)", 2:"Azidah Bte Akmad (Mdm) (USAABD)", 3:"Chung Fong Nyen (USACFN)", 4:"David Tey Dah Wei (DAHWEI)", ... ]: null

2020-05-28 01:48:09 - [TEST_STEP][PASSED] - ValueFound = OfficerLists.find({ -> ... }): null

2020-05-28 01:48:09 - [MESSAGE][PASSED] - Call Test Case 'Test Cases/PFI Precision and Scale/PFI Components/OfficerLists' successfully

2020-05-28 01:48:09 - [TEST_STEP][PASSED] - println(ValueFound): null

2020-05-28 01:48:09 - [TEST_STEP][PASSED] - sendKeys(NewInputNmField, Keys.chord(ARROW_DOWN)): Keys 'DOWN + ' sent to object: 'Object Repository/Objects.HighlightElements/input_field_index'

2020-05-28 01:48:09 - [MESSAGE][PASSED] - Keys 'DOWN + ' sent to object: 'Object Repository/Objects.HighlightElements/input_field_index'

2020-05-28 01:48:09 - [TEST_STEP][PASSED] - sendKeys(NewInputNmField, Keys.chord(ARROW_DOWN)): Keys 'DOWN + ' sent to object: 'Object Repository/Objects.HighlightElements/input_field_index'

2020-05-28 01:48:09 - [MESSAGE][PASSED] - Keys 'DOWN + ' sent to object: 'Object Repository/Objects.HighlightElements/input_field_index'

2020-05-28 01:48:09 - [TEST_STEP][PASSED] - delay(DelayTime): Delayed 2 second(s)

2020-05-28 01:48:11 - [MESSAGE][PASSED] - Delayed 2 second(s)

2020-05-28 01:48:11 - [TEST_STEP][PASSED] - sendKeys(NewInputNmField, Keys.chord(ENTER)): Keys 'ENTER + ' sent to object: 'Object Repository/Objects.HighlightElements/input_field_index'

2020-05-28 01:48:12 - [MESSAGE][PASSED] - Keys 'ENTER + ' sent to object: 'Object Repository/Objects.HighlightElements/input_field_index'

2020-05-28 01:48:12 - [TEST_STEP][PASSED] - ComboBoxValue = getAttribute(NewInputNmField, "value"): Attribute 'value' of object 'Object Repository/Objects.HighlightElements/input_field_index' is: 'Shi Hong Wei (HONGWEI)'

2020-05-28 01:48:12 - [MESSAGE][PASSED] - Attribute 'value' of object 'Object Repository/Objects.HighlightElements/input_field_index' is: 'Shi Hong Wei (HONGWEI)'

2020-05-28 01:48:12 - [TEST_STEP][PASSED] - callTestCase(findTestCase(CallTCName), ["FindValue":ComboBoxValue, "DropdownNm":comboNm], STOP_ON_FAILURE): Call Test Case 'Test Cases/PFI Precision and Scale/PFI Components/OfficerLists' successfully

2020-05-28 01:48:12 - [TEST_CASE][PASSED] - Test Cases/PFI Precision and Scale/PFI Components/OfficerLists: Test Cases/PFI Precision and Scale/PFI Components/OfficerLists

2020-05-28 01:48:12 - [TEST_STEP][PASSED] - Thread.sleep(1000): null

2020-05-28 01:48:13 - [TEST_STEP][PASSED] - OfficerLists = [1:"Aaron Sham Wai Lun (AARON)", 2:"Azidah Bte Akmad (Mdm) (USAABD)", 3:"Chung Fong Nyen (USACFN)", 4:"David Tey Dah Wei (DAHWEI)", ... ]: null

2020-05-28 01:48:13 - [TEST_STEP][PASSED] - ValueFound = OfficerLists.find({ -> ... }): null

2020-05-28 01:48:13 - [MESSAGE][PASSED] - Call Test Case 'Test Cases/PFI Precision and Scale/PFI Components/OfficerLists' successfully

2020-05-28 01:48:13 - [TEST_STEP][PASSED] - println(ValueFound): null

2020-05-28 01:48:13 - [TEST_STEP][PASSED] - sendKeys(NewInputNmField, Keys.chord(ARROW_DOWN)): Keys 'DOWN + ' sent to object: 'Object Repository/Objects.HighlightElements/input_field_index'

2020-05-28 01:48:13 - [MESSAGE][PASSED] - Keys 'DOWN + ' sent to object: 'Object Repository/Objects.HighlightElements/input_field_index'

2020-05-28 01:48:13 - [TEST_STEP][PASSED] - sendKeys(NewInputNmField, Keys.chord(ARROW_DOWN)): Keys 'DOWN + ' sent to object: 'Object Repository/Objects.HighlightElements/input_field_index'

2020-05-28 01:48:14 - [MESSAGE][PASSED] - Keys 'DOWN + ' sent to object: 'Object Repository/Objects.HighlightElements/input_field_index'

2020-05-28 01:48:14 - [TEST_STEP][PASSED] - delay(DelayTime): Delayed 2 second(s)

2020-05-28 01:48:16 - [MESSAGE][PASSED] - Delayed 2 second(s)

2020-05-28 01:48:16 - [TEST_STEP][PASSED] - sendKeys(NewInputNmField, Keys.chord(ENTER)): Keys 'ENTER + ' sent to object: 'Object Repository/Objects.HighlightElements/input_field_index'

2020-05-28 01:48:16 - [MESSAGE][PASSED] - Keys 'ENTER + ' sent to object: 'Object Repository/Objects.HighlightElements/input_field_index'

2020-05-28 01:48:16 - [TEST_STEP][PASSED] - ComboBoxValue = getAttribute(NewInputNmField, "value"): Attribute 'value' of object 'Object Repository/Objects.HighlightElements/input_field_index' is: 'Tan Jing Ying (JINGYING)'

2020-05-28 01:48:17 - [MESSAGE][PASSED] - Attribute 'value' of object 'Object Repository/Objects.HighlightElements/input_field_index' is: 'Tan Jing Ying (JINGYING)'

2020-05-28 01:48:17 - [TEST_STEP][PASSED] - callTestCase(findTestCase(CallTCName), ["FindValue":ComboBoxValue, "DropdownNm":comboNm], STOP_ON_FAILURE): Call Test Case 'Test Cases/PFI Precision and Scale/PFI Components/OfficerLists' successfully

2020-05-28 01:48:17 - [TEST_CASE][PASSED] - Test Cases/PFI Precision and Scale/PFI Components/OfficerLists: Test Cases/PFI Precision and Scale/PFI Components/OfficerLists

2020-05-28 01:48:17 - [TEST_STEP][PASSED] - Thread.sleep(1000): null

2020-05-28 01:48:18 - [TEST_STEP][PASSED] - OfficerLists = [1:"Aaron Sham Wai Lun (AARON)", 2:"Azidah Bte Akmad (Mdm) (USAABD)", 3:"Chung Fong Nyen (USACFN)", 4:"David Tey Dah Wei (DAHWEI)", ... ]: null

2020-05-28 01:48:18 - [TEST_STEP][PASSED] - ValueFound = OfficerLists.find({ -> ... }): null

2020-05-28 01:48:18 - [MESSAGE][PASSED] - Call Test Case 'Test Cases/PFI Precision and Scale/PFI Components/OfficerLists' successfully

2020-05-28 01:48:18 - [TEST_STEP][PASSED] - println(ValueFound): null

2020-05-28 01:48:18 - [TEST_STEP][PASSED] - sendKeys(NewInputNmField, Keys.chord(ARROW_DOWN)): Keys 'DOWN + ' sent to object: 'Object Repository/Objects.HighlightElements/input_field_index'

2020-05-28 01:48:18 - [MESSAGE][PASSED] - Keys 'DOWN + ' sent to object: 'Object Repository/Objects.HighlightElements/input_field_index'

2020-05-28 01:48:18 - [TEST_STEP][PASSED] - sendKeys(NewInputNmField, Keys.chord(ARROW_DOWN)): Keys 'DOWN + ' sent to object: 'Object Repository/Objects.HighlightElements/input_field_index'

2020-05-28 01:48:18 - [MESSAGE][PASSED] - Keys 'DOWN + ' sent to object: 'Object Repository/Objects.HighlightElements/input_field_index'

2020-05-28 01:48:18 - [TEST_STEP][PASSED] - delay(DelayTime): Delayed 2 second(s)

2020-05-28 01:48:20 - [MESSAGE][PASSED] - Delayed 2 second(s)

2020-05-28 01:48:20 - [TEST_STEP][PASSED] - sendKeys(NewInputNmField, Keys.chord(ENTER)): Keys 'ENTER + ' sent to object: 'Object Repository/Objects.HighlightElements/input_field_index'

2020-05-28 01:48:21 - [MESSAGE][PASSED] - Keys 'ENTER + ' sent to object: 'Object Repository/Objects.HighlightElements/input_field_index'

2020-05-28 01:48:21 - [TEST_STEP][PASSED] - ComboBoxValue = getAttribute(NewInputNmField, "value"): Attribute 'value' of object 'Object Repository/Objects.HighlightElements/input_field_index' is: 'Tan Kwan Joo (KWANJOO)'

2020-05-28 01:48:21 - [MESSAGE][PASSED] - Attribute 'value' of object 'Object Repository/Objects.HighlightElements/input_field_index' is: 'Tan Kwan Joo (KWANJOO)'

2020-05-28 01:48:21 - [TEST_STEP][PASSED] - callTestCase(findTestCase(CallTCName), ["FindValue":ComboBoxValue, "DropdownNm":comboNm], STOP_ON_FAILURE): Call Test Case 'Test Cases/PFI Precision and Scale/PFI Components/OfficerLists' successfully

2020-05-28 01:48:21 - [TEST_CASE][PASSED] - Test Cases/PFI Precision and Scale/PFI Components/OfficerLists: Test Cases/PFI Precision and Scale/PFI Components/OfficerLists

2020-05-28 01:48:21 - [TEST_STEP][PASSED] - Thread.sleep(1000): null

2020-05-28 01:48:22 - [TEST_STEP][PASSED] - OfficerLists = [1:"Aaron Sham Wai Lun (AARON)", 2:"Azidah Bte Akmad (Mdm) (USAABD)", 3:"Chung Fong Nyen (USACFN)", 4:"David Tey Dah Wei (DAHWEI)", ... ]: null

2020-05-28 01:48:22 - [TEST_STEP][PASSED] - ValueFound = OfficerLists.find({ -> ... }): null

2020-05-28 01:48:22 - [MESSAGE][PASSED] - Call Test Case 'Test Cases/PFI Precision and Scale/PFI Components/OfficerLists' successfully

2020-05-28 01:48:22 - [TEST_STEP][PASSED] - println(ValueFound): null

2020-05-28 01:48:22 - [TEST_STEP][PASSED] - sendKeys(NewInputNmField, Keys.chord(ARROW_DOWN)): Keys 'DOWN + ' sent to object: 'Object Repository/Objects.HighlightElements/input_field_index'

2020-05-28 01:48:23 - [MESSAGE][PASSED] - Keys 'DOWN + ' sent to object: 'Object Repository/Objects.HighlightElements/input_field_index'

2020-05-28 01:48:23 - [TEST_STEP][PASSED] - sendKeys(NewInputNmField, Keys.chord(ARROW_DOWN)): Keys 'DOWN + ' sent to object: 'Object Repository/Objects.HighlightElements/input_field_index'

2020-05-28 01:48:23 - [MESSAGE][PASSED] - Keys 'DOWN + ' sent to object: 'Object Repository/Objects.HighlightElements/input_field_index'

2020-05-28 01:48:23 - [TEST_STEP][PASSED] - delay(DelayTime): Delayed 2 second(s)

2020-05-28 01:48:25 - [MESSAGE][PASSED] - Delayed 2 second(s)

2020-05-28 01:48:25 - [TEST_STEP][PASSED] - sendKeys(NewInputNmField, Keys.chord(ENTER)): Keys 'ENTER + ' sent to object: 'Object Repository/Objects.HighlightElements/input_field_index'

2020-05-28 01:48:25 - [MESSAGE][PASSED] - Keys 'ENTER + ' sent to object: 'Object Repository/Objects.HighlightElements/input_field_index'

2020-05-28 01:48:25 - [TEST_STEP][PASSED] - ComboBoxValue = getAttribute(NewInputNmField, "value"): Attribute 'value' of object 'Object Repository/Objects.HighlightElements/input_field_index' is: 'Titus Chua Hwa Ping (TITUS)'

2020-05-28 01:48:26 - [MESSAGE][PASSED] - Attribute 'value' of object 'Object Repository/Objects.HighlightElements/input_field_index' is: 'Titus Chua Hwa Ping (TITUS)'

2020-05-28 01:48:26 - [TEST_STEP][PASSED] - callTestCase(findTestCase(CallTCName), ["FindValue":ComboBoxValue, "DropdownNm":comboNm], STOP_ON_FAILURE): Call Test Case 'Test Cases/PFI Precision and Scale/PFI Components/OfficerLists' successfully

2020-05-28 01:48:26 - [TEST_CASE][PASSED] - Test Cases/PFI Precision and Scale/PFI Components/OfficerLists: Test Cases/PFI Precision and Scale/PFI Components/OfficerLists

2020-05-28 01:48:26 - [TEST_STEP][PASSED] - Thread.sleep(1000): null

2020-05-28 01:48:27 - [TEST_STEP][PASSED] - OfficerLists = [1:"Aaron Sham Wai Lun (AARON)", 2:"Azidah Bte Akmad (Mdm) (USAABD)", 3:"Chung Fong Nyen (USACFN)", 4:"David Tey Dah Wei (DAHWEI)", ... ]: null

2020-05-28 01:48:27 - [TEST_STEP][PASSED] - ValueFound = OfficerLists.find({ -> ... }): null

2020-05-28 01:48:27 - [MESSAGE][PASSED] - Call Test Case 'Test Cases/PFI Precision and Scale/PFI Components/OfficerLists' successfully

2020-05-28 01:48:27 - [TEST_STEP][PASSED] - println(ValueFound): null

2020-05-28 01:48:27 - [TEST_STEP][PASSED] - sendKeys(NewInputNmField, Keys.chord(ARROW_DOWN)): Keys 'DOWN + ' sent to object: 'Object Repository/Objects.HighlightElements/input_field_index'

2020-05-28 01:48:27 - [MESSAGE][PASSED] - Keys 'DOWN + ' sent to object: 'Object Repository/Objects.HighlightElements/input_field_index'

2020-05-28 01:48:27 - [TEST_STEP][PASSED] - sendKeys(NewInputNmField, Keys.chord(ENTER)): Keys 'ENTER + ' sent to object: 'Object Repository/Objects.HighlightElements/input_field_index'

2020-05-28 01:48:28 - [MESSAGE][PASSED] - Keys 'ENTER + ' sent to object: 'Object Repository/Objects.HighlightElements/input_field_index'

2020-05-28 01:48:28 - [MESSAGE][PASSED] - Call Test Case 'Test Cases/PFI Precision and Scale/PFI Components with Indexing/VerifyDropdownValuesXPI' successfully

2020-05-28 01:48:28 - [TEST_STEP][PASSED] - callTestCase(findTestCase("Components/SelectAllThenDeleteIndex"), ["nameToBeUsed":"officer", "index":"1"], STOP_ON_FAILURE): Call Test Case 'Test Cases/Components/SelectAllThenDeleteIndex' successfully

2020-05-28 01:48:28 - [TEST_CASE][PASSED] - Test Cases/Components/SelectAllThenDeleteIndex: Test Cases/Components/SelectAllThenDeleteIndex

2020-05-28 01:48:28 - [TEST_STEP][PASSED] - Thread.sleep(1000): null

2020-05-28 01:48:29 - [TEST_STEP][PASSED] - modifiedObj = modifyObjectProperty(findTestObject("Object Repository/Objects.HighlightElements/input_field_index"), "xpath", "equals", "(//*[contains(@class,'x-form-text') and (@name='" + nameToBeUsed + "')])[" + index + "]", true): Modify property of object successfully

2020-05-28 01:48:29 - [MESSAGE][PASSED] - Modify property of object successfully

2020-05-28 01:48:29 - [TEST_STEP][PASSED] - focus(modifiedObj): Object: 'Object Repository/Objects.HighlightElements/input_field_index' is focused

2020-05-28 01:48:29 - [MESSAGE][PASSED] - Object: 'Object Repository/Objects.HighlightElements/input_field_index' is focused

2020-05-28 01:48:29 - [TEST_STEP][PASSED] - sendKeys(modifiedObj, Keys.chord(CONTROL, "a")): Keys 'CONTROL + a' sent to object: 'Object Repository/Objects.HighlightElements/input_field_index'

2020-05-28 01:48:29 - [MESSAGE][PASSED] - Keys 'CONTROL + a' sent to object: 'Object Repository/Objects.HighlightElements/input_field_index'

2020-05-28 01:48:29 - [TEST_STEP][PASSED] - sendKeys(modifiedObj, Keys.chord(DELETE)): Keys 'DELETE + ' sent to object: 'Object Repository/Objects.HighlightElements/input_field_index'

2020-05-28 01:48:30 - [MESSAGE][PASSED] - Keys 'DELETE + ' sent to object: 'Object Repository/Objects.HighlightElements/input_field_index'

2020-05-28 01:48:30 - [MESSAGE][PASSED] - Call Test Case 'Test Cases/Components/SelectAllThenDeleteIndex' successfully

2020-05-28 01:48:30 - [TEST_STEP][PASSED] - callTestCase(findTestCase("PFI Precision and Scale/PFI Components with Indexing/RequiredFieldValidationIndex"), ["nameToBeUsed":"officer", "index":1], STOP_ON_FAILURE): Call Test Case 'Test Cases/PFI Precision and Scale/PFI Components with Indexing/RequiredFieldValidationIndex' successfully

2020-05-28 01:48:30 - [TEST_CASE][PASSED] - Test Cases/PFI Precision and Scale/PFI Components with Indexing/RequiredFieldValidationIndex: Test Cases/PFI Precision and Scale/PFI Components with Indexing/RequiredFieldValidationIndex

2020-05-28 01:48:30 - [TEST_STEP][PASSED] - enableSmartWait(): null

2020-05-28 01:48:30 - [TEST_STEP][PASSED] - NewInputNmField = modifyObjectProperty(findTestObject("Objects.HighlightElements/input_field_index"), "xpath", "equals", "(//*[contains(@class,'x-form-text') and (@name='" + nameToBeUsed + "')])[" + index + "]", true): Modify property of object successfully

2020-05-28 01:48:30 - [MESSAGE][PASSED] - Modify property of object successfully

2020-05-28 01:48:30 - [TEST_STEP][PASSED] - mouseOver(NewInputNmField): Object: 'Object Repository/Objects.HighlightElements/input_field_index' is hovered

2020-05-28 01:48:30 - [MESSAGE][PASSED] - Object: 'Object Repository/Objects.HighlightElements/input_field_index' is hovered

2020-05-28 01:48:30 - [TEST_STEP][PASSED] - getRqErrMsg = getAttribute(NewInputNmField, "data-errorqtip"): Attribute 'data-errorqtip' of object 'Object Repository/Objects.HighlightElements/input_field_index' is: '<ul class="x-list-plain"><li>This field is required</li></ul>'

2020-05-28 01:48:31 - [MESSAGE][PASSED] - Attribute 'data-errorqtip' of object 'Object Repository/Objects.HighlightElements/input_field_index' is: '<ul class="x-list-plain"><li>This field is required</li></ul>'

2020-05-28 01:48:31 - [TEST_STEP][PASSED] - strToolTip = getRqErrMsg.substring(29, 61): null

2020-05-28 01:48:31 - [TEST_STEP][PASSED] - toolTipReqErrMsg = strToolTip.substring(0, 22): null

2020-05-28 01:48:31 - [TEST_STEP][PASSED] - verifyMatch(toolTipReqErrMsg, RqField, true): Actual text 'This field is required' and expected text 'This field is required' are matched  using regular expression

2020-05-28 01:48:31 - [MESSAGE][PASSED] - Actual text 'This field is required' and expected text 'This field is required' are matched  using regular expression

2020-05-28 01:48:31 - [MESSAGE][PASSED] - Call Test Case 'Test Cases/PFI Precision and Scale/PFI Components with Indexing/RequiredFieldValidationIndex' successfully

2020-05-28 01:48:31 - [TEST_STEP][PASSED] - callTestCase(findTestCase("Components/HighlightLabelField"), ["LblName":"Weightage *:"], STOP_ON_FAILURE): Call Test Case 'Test Cases/Components/HighlightLabelField' successfully

2020-05-28 01:48:31 - [TEST_CASE][PASSED] - Test Cases/Components/HighlightLabelField: Test Cases/Components/HighlightLabelField

2020-05-28 01:48:31 - [TEST_STEP][PASSED] - Thread.sleep(1000): null

2020-05-28 01:48:32 - [TEST_STEP][PASSED] - modifiedLblNm = modifyObjectProperty(findTestObject("Objects.HighlightElements/lblField"), "text", "equals", LblName, true): Modify property of object successfully

2020-05-28 01:48:32 - [MESSAGE][PASSED] - Modify property of object successfully

2020-05-28 01:48:32 - [TEST_STEP][PASSED] - com.reusableComponents.HighlightElement.run(modifiedLblNm): com.reusableComponents.HighlightElement.run is PASSED

2020-05-28 01:48:32 - [MESSAGE][PASSED] - com.reusableComponents.HighlightElement.run is PASSED

2020-05-28 01:48:32 - [MESSAGE][PASSED] - Call Test Case 'Test Cases/Components/HighlightLabelField' successfully

2020-05-28 01:48:32 - [TEST_STEP][PASSED] - callTestCase(findTestCase("Components/HighlightInputFieldXPI"), ["FldNm":"inspWeight", "index":1], STOP_ON_FAILURE): Call Test Case 'Test Cases/Components/HighlightInputFieldXPI' successfully

2020-05-28 01:48:32 - [TEST_CASE][PASSED] - Test Cases/Components/HighlightInputFieldXPI: Test Cases/Components/HighlightInputFieldXPI

2020-05-28 01:48:32 - [TEST_STEP][PASSED] - Thread.sleep(1000): null

2020-05-28 01:48:33 - [TEST_STEP][PASSED] - modifiedInputNm = modifyObjectProperty(findTestObject("Object Repository/Objects.HighlightElements/input_field_index"), "xpath", "equals", "(//*[contains(@name, '" + FldNm + "')])[" + index + "]", true): Modify property of object successfully

2020-05-28 01:48:33 - [MESSAGE][PASSED] - Modify property of object successfully

2020-05-28 01:48:33 - [TEST_STEP][PASSED] - com.reusableComponents.HighlightElement.run(modifiedInputNm): com.reusableComponents.HighlightElement.run is PASSED

2020-05-28 01:48:34 - [MESSAGE][PASSED] - com.reusableComponents.HighlightElement.run is PASSED

2020-05-28 01:48:34 - [MESSAGE][PASSED] - Call Test Case 'Test Cases/Components/HighlightInputFieldXPI' successfully

2020-05-28 01:48:34 - [TEST_STEP][PASSED] - callTestCase(findTestCase("PFI Precision and Scale/PFI Components/NumericTextboxValidationII"), ["nameToBeUsed":"inspWeight", "minLen":5], STOP_ON_FAILURE): Call Test Case 'Test Cases/PFI Precision and Scale/PFI Components/NumericTextboxValidationII' successfully

2020-05-28 01:48:34 - [TEST_CASE][PASSED] - Test Cases/PFI Precision and Scale/PFI Components/NumericTextboxValidationII: Test Cases/PFI Precision and Scale/PFI Components/NumericTextboxValidationII

2020-05-28 01:48:34 - [TEST_STEP][PASSED] - Thread.sleep(1000): null

2020-05-28 01:48:35 - [TEST_STEP][PASSED] - Numeric = "0123456789": null

2020-05-28 01:48:35 - [TEST_STEP][PASSED] - AlphaSpecialChar = z) + "`~!@#$%^&*()=_{}|\][;'":,?><"".join(): null

2020-05-28 01:48:35 - [TEST_STEP][PASSED] - RandomNumeric = RandomStringUtils.random(minLen, Numeric.toCharArray()): null

2020-05-28 01:48:35 - [TEST_STEP][PASSED] - RandomString = RandomStringUtils.random(minLen, AlphaSpecialChar): null

2020-05-28 01:48:35 - [TEST_STEP][PASSED] - regexPat = Pattern.compile("^[0-9]+$"): null

2020-05-28 01:48:35 - [TEST_STEP][PASSED] - NewInputNmField = modifyObjectProperty(findTestObject("Objects.RemarksValidation/input_Remarks"), "name", "equals", nameToBeUsed, true): Modify property of object successfully

2020-05-28 01:48:35 - [MESSAGE][PASSED] - Modify property of object successfully

2020-05-28 01:48:35 - [TEST_STEP][PASSED] - focus(NewInputNmField): Object: 'Object Repository/Objects.RemarksValidation/input_Remarks' is focused

2020-05-28 01:48:35 - [MESSAGE][PASSED] - Object: 'Object Repository/Objects.RemarksValidation/input_Remarks' is focused

2020-05-28 01:48:35 - [TEST_STEP][PASSED] - setText(NewInputNmField, RandomString): Text ')*w'Z' is set on object 'Object Repository/Objects.RemarksValidation/input_Remarks'

2020-05-28 01:48:36 - [MESSAGE][PASSED] - Text ')*w'Z' is set on object 'Object Repository/Objects.RemarksValidation/input_Remarks'

2020-05-28 01:48:36 - [TEST_STEP][PASSED] - GetInputVal = getAttribute(NewInputNmField, "value"): Attribute 'value' of object 'Object Repository/Objects.RemarksValidation/input_Remarks' is: ''

2020-05-28 01:48:36 - [MESSAGE][PASSED] - Attribute 'value' of object 'Object Repository/Objects.RemarksValidation/input_Remarks' is: ''

2020-05-28 01:48:36 - [TEST_STEP][PASSED] - if (GetInputVal.contains("e")): null

2020-05-28 01:48:36 - [TEST_STEP][PASSED] - else: Actual text '' and expected text '' are matched  using regular expression

2020-05-28 01:48:36 - [TEST_STEP][PASSED] - verifyMatch(GetInputVal, "", true): Actual text '' and expected text '' are matched  using regular expression

2020-05-28 01:48:36 - [MESSAGE][PASSED] - Actual text '' and expected text '' are matched  using regular expression

2020-05-28 01:48:36 - [TEST_STEP][PASSED] - setText(NewInputNmField, RandomNumeric): Text '85749' is set on object 'Object Repository/Objects.RemarksValidation/input_Remarks'

2020-05-28 01:48:37 - [MESSAGE][PASSED] - Text '85749' is set on object 'Object Repository/Objects.RemarksValidation/input_Remarks'

2020-05-28 01:48:37 - [TEST_STEP][PASSED] - GetEnteredIntegers = getAttribute(NewInputNmField, "value"): Attribute 'value' of object 'Object Repository/Objects.RemarksValidation/input_Remarks' is: '85749'

2020-05-28 01:48:37 - [MESSAGE][PASSED] - Attribute 'value' of object 'Object Repository/Objects.RemarksValidation/input_Remarks' is: '85749'

2020-05-28 01:48:37 - [TEST_STEP][PASSED] - matchStr = regexPat.matcher(GetEnteredIntegers): null

2020-05-28 01:48:37 - [TEST_STEP][PASSED] - if (matchStr.matches() == true): Accepting Numeric

2020-05-28 01:48:37 - [TEST_STEP][PASSED] - comment("Accepting Numeric"): Accepting Numeric

2020-05-28 01:48:37 - [MESSAGE][INFO] - Accepting Numeric

2020-05-28 01:48:37 - [MESSAGE][PASSED] - Call Test Case 'Test Cases/PFI Precision and Scale/PFI Components/NumericTextboxValidationII' successfully

2020-05-28 01:48:37 - [TEST_STEP][PASSED] - callTestCase(findTestCase("PFI Precision and Scale/PFI Components with Indexing/SpinnerUpIndex"), ["InputName":"inspWeight", "nmIndex":1, "indexUp":2, "itr":10], STOP_ON_FAILURE): Call Test Case 'Test Cases/PFI Precision and Scale/PFI Components with Indexing/SpinnerUpIndex' successfully

2020-05-28 01:48:38 - [TEST_CASE][PASSED] - Test Cases/PFI Precision and Scale/PFI Components with Indexing/SpinnerUpIndex: Test Cases/PFI Precision and Scale/PFI Components with Indexing/SpinnerUpIndex

2020-05-28 01:48:38 - [TEST_STEP][PASSED] - Thread.sleep(1000): null

2020-05-28 01:48:39 - [TEST_STEP][PASSED] - counterUp = modifyObjectProperty(findTestObject("Objects.CounterValidation/counter_icon_up"), "xpath", "equals", "(//*[contains(@class,'x-form-spinner x-form-spinner-default x-form-spinner-up x-form-spinner-up-default ')])[" + indexUp + "]", true): Modify property of object successfully

2020-05-28 01:48:39 - [MESSAGE][PASSED] - Modify property of object successfully

2020-05-28 01:48:39 - [TEST_STEP][PASSED] - modifiedInputNm = modifyObjectProperty(findTestObject("Object Repository/Objects.HighlightElements/input_field_index"), "xpath", "equals", "(//*[contains(@class,'x-form-text') and (@name='" + InputName + "')])[" + nmIndex + "]", true): Modify property of object successfully

2020-05-28 01:48:39 - [MESSAGE][PASSED] - Modify property of object successfully

2020-05-28 01:48:39 - [TEST_STEP][PASSED] - GetCurrentValue = getAttribute(modifiedInputNm, "value"): Attribute 'value' of object 'Object Repository/Objects.HighlightElements/input_field_index' is: '85749'

2020-05-28 01:48:39 - [MESSAGE][PASSED] - Attribute 'value' of object 'Object Repository/Objects.HighlightElements/input_field_index' is: '85749'

2020-05-28 01:48:39 - [TEST_STEP][PASSED] - for ([i = 0, i <= itr, (i++)]): Object: 'Object Repository/Objects.CounterValidation/counter_icon_up' is clicked on

2020-05-28 01:48:39 - [TEST_STEP][PASSED] - click(counterUp): Object: 'Object Repository/Objects.CounterValidation/counter_icon_up' is clicked on

2020-05-28 01:48:40 - [MESSAGE][PASSED] - Object: 'Object Repository/Objects.CounterValidation/counter_icon_up' is clicked on

2020-05-28 01:48:40 - [TEST_STEP][PASSED] - click(counterUp): Object: 'Object Repository/Objects.CounterValidation/counter_icon_up' is clicked on

2020-05-28 01:48:40 - [MESSAGE][PASSED] - Object: 'Object Repository/Objects.CounterValidation/counter_icon_up' is clicked on

2020-05-28 01:48:40 - [TEST_STEP][PASSED] - click(counterUp): Object: 'Object Repository/Objects.CounterValidation/counter_icon_up' is clicked on

2020-05-28 01:48:40 - [MESSAGE][PASSED] - Object: 'Object Repository/Objects.CounterValidation/counter_icon_up' is clicked on

2020-05-28 01:48:40 - [TEST_STEP][PASSED] - click(counterUp): Object: 'Object Repository/Objects.CounterValidation/counter_icon_up' is clicked on

2020-05-28 01:48:40 - [MESSAGE][PASSED] - Object: 'Object Repository/Objects.CounterValidation/counter_icon_up' is clicked on

2020-05-28 01:48:40 - [TEST_STEP][PASSED] - click(counterUp): Object: 'Object Repository/Objects.CounterValidation/counter_icon_up' is clicked on

2020-05-28 01:48:41 - [MESSAGE][PASSED] - Object: 'Object Repository/Objects.CounterValidation/counter_icon_up' is clicked on

2020-05-28 01:48:41 - [TEST_STEP][PASSED] - click(counterUp): Object: 'Object Repository/Objects.CounterValidation/counter_icon_up' is clicked on

2020-05-28 01:48:41 - [MESSAGE][PASSED] - Object: 'Object Repository/Objects.CounterValidation/counter_icon_up' is clicked on

2020-05-28 01:48:41 - [TEST_STEP][PASSED] - click(counterUp): Object: 'Object Repository/Objects.CounterValidation/counter_icon_up' is clicked on

2020-05-28 01:48:41 - [MESSAGE][PASSED] - Object: 'Object Repository/Objects.CounterValidation/counter_icon_up' is clicked on

2020-05-28 01:48:41 - [TEST_STEP][PASSED] - click(counterUp): Object: 'Object Repository/Objects.CounterValidation/counter_icon_up' is clicked on

2020-05-28 01:48:41 - [MESSAGE][PASSED] - Object: 'Object Repository/Objects.CounterValidation/counter_icon_up' is clicked on

2020-05-28 01:48:41 - [TEST_STEP][PASSED] - click(counterUp): Object: 'Object Repository/Objects.CounterValidation/counter_icon_up' is clicked on

2020-05-28 01:48:42 - [MESSAGE][PASSED] - Object: 'Object Repository/Objects.CounterValidation/counter_icon_up' is clicked on

2020-05-28 01:48:42 - [TEST_STEP][PASSED] - click(counterUp): Object: 'Object Repository/Objects.CounterValidation/counter_icon_up' is clicked on

2020-05-28 01:48:42 - [MESSAGE][PASSED] - Object: 'Object Repository/Objects.CounterValidation/counter_icon_up' is clicked on

2020-05-28 01:48:42 - [TEST_STEP][PASSED] - click(counterUp): Object: 'Object Repository/Objects.CounterValidation/counter_icon_up' is clicked on

2020-05-28 01:48:42 - [MESSAGE][PASSED] - Object: 'Object Repository/Objects.CounterValidation/counter_icon_up' is clicked on

2020-05-28 01:48:42 - [TEST_STEP][PASSED] - NewValue = getAttribute(modifiedInputNm, "value"): Attribute 'value' of object 'Object Repository/Objects.HighlightElements/input_field_index' is: '85760'

2020-05-28 01:48:42 - [MESSAGE][PASSED] - Attribute 'value' of object 'Object Repository/Objects.HighlightElements/input_field_index' is: '85760'

2020-05-28 01:48:42 - [TEST_STEP][PASSED] - if (NewValue != findTestData("PrecisionAndScaleDB").getValue("MaxCharacters", 7)): Actual number '85760' is greater than expected number '85749'

2020-05-28 01:48:42 - [TEST_STEP][PASSED] - verifyGreaterThan(NewValue, GetCurrentValue, STOP_ON_FAILURE): Actual number '85760' is greater than expected number '85749'

2020-05-28 01:48:42 - [MESSAGE][PASSED] - Actual number '85760' is greater than expected number '85749'

2020-05-28 01:48:42 - [MESSAGE][PASSED] - Call Test Case 'Test Cases/PFI Precision and Scale/PFI Components with Indexing/SpinnerUpIndex' successfully

2020-05-28 01:48:42 - [TEST_STEP][PASSED] - callTestCase(findTestCase("PFI Precision and Scale/PFI Components with Indexing/SpinnerDownIndex"), ["InputName":"inspWeight", "nmIndex":1, "indexDown":2, "itr":20], STOP_ON_FAILURE): Call Test Case 'Test Cases/PFI Precision and Scale/PFI Components with Indexing/SpinnerDownIndex' successfully

2020-05-28 01:48:43 - [TEST_CASE][PASSED] - Test Cases/PFI Precision and Scale/PFI Components with Indexing/SpinnerDownIndex: Test Cases/PFI Precision and Scale/PFI Components with Indexing/SpinnerDownIndex

2020-05-28 01:48:43 - [TEST_STEP][PASSED] - Thread.sleep(1000): null

2020-05-28 01:48:44 - [TEST_STEP][PASSED] - counterUp = modifyObjectProperty(findTestObject("Objects.CounterValidation/counter_icon_up"), "xpath", "equals", "(//*[contains(@class,'x-form-spinner x-form-spinner-default x-form-spinner-down x-form-spinner-down-default ')])[" + indexDown + "]", true): Modify property of object successfully

2020-05-28 01:48:44 - [MESSAGE][PASSED] - Modify property of object successfully

2020-05-28 01:48:44 - [TEST_STEP][PASSED] - modifiedInputNm = modifyObjectProperty(findTestObject("Object Repository/Objects.HighlightElements/input_field_index"), "xpath", "equals", "(//*[contains(@class,'x-form-text') and (@name='" + InputName + "')])[" + nmIndex + "]", true): Modify property of object successfully

2020-05-28 01:48:44 - [MESSAGE][PASSED] - Modify property of object successfully

2020-05-28 01:48:44 - [TEST_STEP][PASSED] - GetCurrentValue = getAttribute(modifiedInputNm, "value"): Attribute 'value' of object 'Object Repository/Objects.HighlightElements/input_field_index' is: '85760'

2020-05-28 01:48:44 - [MESSAGE][PASSED] - Attribute 'value' of object 'Object Repository/Objects.HighlightElements/input_field_index' is: '85760'

2020-05-28 01:48:44 - [TEST_STEP][PASSED] - for ([i = 0, i <= itr, (i++)]): Object: 'Object Repository/Objects.CounterValidation/counter_icon_up' is clicked on

2020-05-28 01:48:44 - [TEST_STEP][PASSED] - click(counterUp): Object: 'Object Repository/Objects.CounterValidation/counter_icon_up' is clicked on

2020-05-28 01:48:44 - [MESSAGE][PASSED] - Object: 'Object Repository/Objects.CounterValidation/counter_icon_up' is clicked on

2020-05-28 01:48:44 - [TEST_STEP][PASSED] - click(counterUp): Object: 'Object Repository/Objects.CounterValidation/counter_icon_up' is clicked on

2020-05-28 01:48:45 - [MESSAGE][PASSED] - Object: 'Object Repository/Objects.CounterValidation/counter_icon_up' is clicked on

2020-05-28 01:48:45 - [TEST_STEP][PASSED] - click(counterUp): Object: 'Object Repository/Objects.CounterValidation/counter_icon_up' is clicked on

2020-05-28 01:48:45 - [MESSAGE][PASSED] - Object: 'Object Repository/Objects.CounterValidation/counter_icon_up' is clicked on

2020-05-28 01:48:45 - [TEST_STEP][PASSED] - click(counterUp): Object: 'Object Repository/Objects.CounterValidation/counter_icon_up' is clicked on

2020-05-28 01:48:45 - [MESSAGE][PASSED] - Object: 'Object Repository/Objects.CounterValidation/counter_icon_up' is clicked on

2020-05-28 01:48:45 - [TEST_STEP][PASSED] - click(counterUp): Object: 'Object Repository/Objects.CounterValidation/counter_icon_up' is clicked on

2020-05-28 01:48:46 - [MESSAGE][PASSED] - Object: 'Object Repository/Objects.CounterValidation/counter_icon_up' is clicked on

2020-05-28 01:48:46 - [TEST_STEP][PASSED] - click(counterUp): Object: 'Object Repository/Objects.CounterValidation/counter_icon_up' is clicked on

2020-05-28 01:48:46 - [MESSAGE][PASSED] - Object: 'Object Repository/Objects.CounterValidation/counter_icon_up' is clicked on

2020-05-28 01:48:46 - [TEST_STEP][PASSED] - click(counterUp): Object: 'Object Repository/Objects.CounterValidation/counter_icon_up' is clicked on

2020-05-28 01:48:46 - [MESSAGE][PASSED] - Object: 'Object Repository/Objects.CounterValidation/counter_icon_up' is clicked on

2020-05-28 01:48:46 - [TEST_STEP][PASSED] - click(counterUp): Object: 'Object Repository/Objects.CounterValidation/counter_icon_up' is clicked on

2020-05-28 01:48:46 - [MESSAGE][PASSED] - Object: 'Object Repository/Objects.CounterValidation/counter_icon_up' is clicked on

2020-05-28 01:48:46 - [TEST_STEP][PASSED] - click(counterUp): Object: 'Object Repository/Objects.CounterValidation/counter_icon_up' is clicked on

2020-05-28 01:48:47 - [MESSAGE][PASSED] - Object: 'Object Repository/Objects.CounterValidation/counter_icon_up' is clicked on

2020-05-28 01:48:47 - [TEST_STEP][PASSED] - click(counterUp): Object: 'Object Repository/Objects.CounterValidation/counter_icon_up' is clicked on

2020-05-28 01:48:47 - [MESSAGE][PASSED] - Object: 'Object Repository/Objects.CounterValidation/counter_icon_up' is clicked on

2020-05-28 01:48:47 - [TEST_STEP][PASSED] - click(counterUp): Object: 'Object Repository/Objects.CounterValidation/counter_icon_up' is clicked on

2020-05-28 01:48:47 - [MESSAGE][PASSED] - Object: 'Object Repository/Objects.CounterValidation/counter_icon_up' is clicked on

2020-05-28 01:48:47 - [TEST_STEP][PASSED] - click(counterUp): Object: 'Object Repository/Objects.CounterValidation/counter_icon_up' is clicked on

2020-05-28 01:48:47 - [MESSAGE][PASSED] - Object: 'Object Repository/Objects.CounterValidation/counter_icon_up' is clicked on

2020-05-28 01:48:47 - [TEST_STEP][PASSED] - click(counterUp): Object: 'Object Repository/Objects.CounterValidation/counter_icon_up' is clicked on

2020-05-28 01:48:48 - [MESSAGE][PASSED] - Object: 'Object Repository/Objects.CounterValidation/counter_icon_up' is clicked on

2020-05-28 01:48:48 - [TEST_STEP][PASSED] - click(counterUp): Object: 'Object Repository/Objects.CounterValidation/counter_icon_up' is clicked on

2020-05-28 01:48:48 - [MESSAGE][PASSED] - Object: 'Object Repository/Objects.CounterValidation/counter_icon_up' is clicked on

2020-05-28 01:48:48 - [TEST_STEP][PASSED] - click(counterUp): Object: 'Object Repository/Objects.CounterValidation/counter_icon_up' is clicked on

2020-05-28 01:48:48 - [MESSAGE][PASSED] - Object: 'Object Repository/Objects.CounterValidation/counter_icon_up' is clicked on

2020-05-28 01:48:48 - [TEST_STEP][PASSED] - click(counterUp): Object: 'Object Repository/Objects.CounterValidation/counter_icon_up' is clicked on

2020-05-28 01:48:49 - [MESSAGE][PASSED] - Object: 'Object Repository/Objects.CounterValidation/counter_icon_up' is clicked on

2020-05-28 01:48:49 - [TEST_STEP][PASSED] - click(counterUp): Object: 'Object Repository/Objects.CounterValidation/counter_icon_up' is clicked on

2020-05-28 01:48:49 - [MESSAGE][PASSED] - Object: 'Object Repository/Objects.CounterValidation/counter_icon_up' is clicked on

2020-05-28 01:48:49 - [TEST_STEP][PASSED] - click(counterUp): Object: 'Object Repository/Objects.CounterValidation/counter_icon_up' is clicked on

2020-05-28 01:48:49 - [MESSAGE][PASSED] - Object: 'Object Repository/Objects.CounterValidation/counter_icon_up' is clicked on

2020-05-28 01:48:49 - [TEST_STEP][PASSED] - click(counterUp): Object: 'Object Repository/Objects.CounterValidation/counter_icon_up' is clicked on

2020-05-28 01:48:49 - [MESSAGE][PASSED] - Object: 'Object Repository/Objects.CounterValidation/counter_icon_up' is clicked on

2020-05-28 01:48:49 - [TEST_STEP][PASSED] - click(counterUp): Object: 'Object Repository/Objects.CounterValidation/counter_icon_up' is clicked on

2020-05-28 01:48:50 - [MESSAGE][PASSED] - Object: 'Object Repository/Objects.CounterValidation/counter_icon_up' is clicked on

2020-05-28 01:48:50 - [TEST_STEP][PASSED] - click(counterUp): Object: 'Object Repository/Objects.CounterValidation/counter_icon_up' is clicked on

2020-05-28 01:48:50 - [MESSAGE][PASSED] - Object: 'Object Repository/Objects.CounterValidation/counter_icon_up' is clicked on

2020-05-28 01:48:50 - [TEST_STEP][PASSED] - NewValue = getAttribute(modifiedInputNm, "value"): Attribute 'value' of object 'Object Repository/Objects.HighlightElements/input_field_index' is: '85739'

2020-05-28 01:48:50 - [MESSAGE][PASSED] - Attribute 'value' of object 'Object Repository/Objects.HighlightElements/input_field_index' is: '85739'

2020-05-28 01:48:50 - [TEST_STEP][PASSED] - if (NewValue != 0): Actual number '85739' is less than expected number '85760'

2020-05-28 01:48:50 - [TEST_STEP][PASSED] - verifyLessThan(NewValue, GetCurrentValue, STOP_ON_FAILURE): Actual number '85739' is less than expected number '85760'

2020-05-28 01:48:50 - [MESSAGE][PASSED] - Actual number '85739' is less than expected number '85760'

2020-05-28 01:48:50 - [MESSAGE][PASSED] - Call Test Case 'Test Cases/PFI Precision and Scale/PFI Components with Indexing/SpinnerDownIndex' successfully

2020-05-28 01:48:50 - [TEST_STEP][PASSED] - callTestCase(findTestCase("Components/SelectAllThenDeleteIndex"), ["nameToBeUsed":"inspWeight", "index":"1"], STOP_ON_FAILURE): Call Test Case 'Test Cases/Components/SelectAllThenDeleteIndex' successfully

2020-05-28 01:48:50 - [TEST_CASE][PASSED] - Test Cases/Components/SelectAllThenDeleteIndex: Test Cases/Components/SelectAllThenDeleteIndex

2020-05-28 01:48:50 - [TEST_STEP][PASSED] - Thread.sleep(1000): null

2020-05-28 01:48:51 - [TEST_STEP][PASSED] - modifiedObj = modifyObjectProperty(findTestObject("Object Repository/Objects.HighlightElements/input_field_index"), "xpath", "equals", "(//*[contains(@class,'x-form-text') and (@name='" + nameToBeUsed + "')])[" + index + "]", true): Modify property of object successfully

2020-05-28 01:48:51 - [MESSAGE][PASSED] - Modify property of object successfully

2020-05-28 01:48:51 - [TEST_STEP][PASSED] - focus(modifiedObj): Object: 'Object Repository/Objects.HighlightElements/input_field_index' is focused

2020-05-28 01:48:51 - [MESSAGE][PASSED] - Object: 'Object Repository/Objects.HighlightElements/input_field_index' is focused

2020-05-28 01:48:51 - [TEST_STEP][PASSED] - sendKeys(modifiedObj, Keys.chord(CONTROL, "a")): Keys 'CONTROL + a' sent to object: 'Object Repository/Objects.HighlightElements/input_field_index'

2020-05-28 01:48:52 - [MESSAGE][PASSED] - Keys 'CONTROL + a' sent to object: 'Object Repository/Objects.HighlightElements/input_field_index'

2020-05-28 01:48:52 - [TEST_STEP][PASSED] - sendKeys(modifiedObj, Keys.chord(DELETE)): Keys 'DELETE + ' sent to object: 'Object Repository/Objects.HighlightElements/input_field_index'

2020-05-28 01:48:52 - [MESSAGE][PASSED] - Keys 'DELETE + ' sent to object: 'Object Repository/Objects.HighlightElements/input_field_index'

2020-05-28 01:48:52 - [MESSAGE][PASSED] - Call Test Case 'Test Cases/Components/SelectAllThenDeleteIndex' successfully

2020-05-28 01:48:52 - [TEST_STEP][PASSED] - callTestCase(findTestCase("PFI Precision and Scale/PFI Components with Indexing/RequiredFieldValidationIndex"), ["nameToBeUsed":"inspWeight", "index":1], STOP_ON_FAILURE): Call Test Case 'Test Cases/PFI Precision and Scale/PFI Components with Indexing/RequiredFieldValidationIndex' successfully

2020-05-28 01:48:52 - [TEST_CASE][PASSED] - Test Cases/PFI Precision and Scale/PFI Components with Indexing/RequiredFieldValidationIndex: Test Cases/PFI Precision and Scale/PFI Components with Indexing/RequiredFieldValidationIndex

2020-05-28 01:48:52 - [TEST_STEP][PASSED] - enableSmartWait(): null

2020-05-28 01:48:52 - [TEST_STEP][PASSED] - NewInputNmField = modifyObjectProperty(findTestObject("Objects.HighlightElements/input_field_index"), "xpath", "equals", "(//*[contains(@class,'x-form-text') and (@name='" + nameToBeUsed + "')])[" + index + "]", true): Modify property of object successfully

2020-05-28 01:48:52 - [MESSAGE][PASSED] - Modify property of object successfully

2020-05-28 01:48:52 - [TEST_STEP][PASSED] - mouseOver(NewInputNmField): Object: 'Object Repository/Objects.HighlightElements/input_field_index' is hovered

2020-05-28 01:48:53 - [MESSAGE][PASSED] - Object: 'Object Repository/Objects.HighlightElements/input_field_index' is hovered

2020-05-28 01:48:53 - [TEST_STEP][PASSED] - getRqErrMsg = getAttribute(NewInputNmField, "data-errorqtip"): Attribute 'data-errorqtip' of object 'Object Repository/Objects.HighlightElements/input_field_index' is: '<ul class="x-list-plain"><li>This field is required</li></ul>'

2020-05-28 01:48:53 - [MESSAGE][PASSED] - Attribute 'data-errorqtip' of object 'Object Repository/Objects.HighlightElements/input_field_index' is: '<ul class="x-list-plain"><li>This field is required</li></ul>'

2020-05-28 01:48:53 - [TEST_STEP][PASSED] - strToolTip = getRqErrMsg.substring(29, 61): null

2020-05-28 01:48:53 - [TEST_STEP][PASSED] - toolTipReqErrMsg = strToolTip.substring(0, 22): null

2020-05-28 01:48:53 - [TEST_STEP][PASSED] - verifyMatch(toolTipReqErrMsg, RqField, true): Actual text 'This field is required' and expected text 'This field is required' are matched  using regular expression

2020-05-28 01:48:53 - [MESSAGE][PASSED] - Actual text 'This field is required' and expected text 'This field is required' are matched  using regular expression

2020-05-28 01:48:53 - [MESSAGE][PASSED] - Call Test Case 'Test Cases/PFI Precision and Scale/PFI Components with Indexing/RequiredFieldValidationIndex' successfully

2020-05-28 01:48:53 - [TEST_STEP][PASSED] - callTestCase(findTestCase("PFI Precision and Scale/PFI Components with Indexing/MaxNumericValidationIndex"), ["InputName":"inspWeight", "index":1, "numLength":11], STOP_ON_FAILURE): Call Test Case 'Test Cases/PFI Precision and Scale/PFI Components with Indexing/MaxNumericValidationIndex' successfully

2020-05-28 01:48:54 - [TEST_CASE][PASSED] - Test Cases/PFI Precision and Scale/PFI Components with Indexing/MaxNumericValidationIndex: Test Cases/PFI Precision and Scale/PFI Components with Indexing/MaxNumericValidationIndex

2020-05-28 01:48:54 - [TEST_STEP][PASSED] - Thread.sleep(1000): null

2020-05-28 01:48:55 - [TEST_STEP][PASSED] - NumLengthTBL = ["inspWeight":10, "noOfBldg":10, "postalCode":6]: null

2020-05-28 01:48:55 - [TEST_STEP][PASSED] - generateRandomNum = RandomStringUtils.randomNumeric(numLength): null

2020-05-28 01:48:55 - [TEST_STEP][PASSED] - NewInputNmField = modifyObjectProperty(findTestObject("Object Repository/Objects.HighlightElements/input_field_index"), "xpath", "equals", "(//*[contains(@class,'x-form-text') and (@name='" + InputName + "')])[" + index + "]", true): Modify property of object successfully

2020-05-28 01:48:55 - [MESSAGE][PASSED] - Modify property of object successfully

2020-05-28 01:48:55 - [TEST_STEP][PASSED] - setText(NewInputNmField, generateRandomNum): Text '16808778264' is set on object 'Object Repository/Objects.HighlightElements/input_field_index'

2020-05-28 01:48:56 - [MESSAGE][PASSED] - Text '16808778264' is set on object 'Object Repository/Objects.HighlightElements/input_field_index'

2020-05-28 01:48:56 - [TEST_STEP][PASSED] - GetEnteredRandom = getAttribute(NewInputNmField, "value", STOP_ON_FAILURE): Attribute 'value' of object 'Object Repository/Objects.HighlightElements/input_field_index' is: '1680877826'

2020-05-28 01:48:56 - [MESSAGE][PASSED] - Attribute 'value' of object 'Object Repository/Objects.HighlightElements/input_field_index' is: '1680877826'

2020-05-28 01:48:56 - [TEST_STEP][PASSED] - GetLength = GetEnteredRandom.length(): null

2020-05-28 01:48:56 - [TEST_STEP][PASSED] - MaxLength = NumLengthTBL.get(InputName): null

2020-05-28 01:48:56 - [TEST_STEP][PASSED] - verifyEqual(GetLength, MaxLength): Actual object '10' and expected object '10' are equal

2020-05-28 01:48:56 - [MESSAGE][PASSED] - Actual object '10' and expected object '10' are equal

2020-05-28 01:48:56 - [MESSAGE][PASSED] - Call Test Case 'Test Cases/PFI Precision and Scale/PFI Components with Indexing/MaxNumericValidationIndex' successfully

2020-05-28 01:48:56 - [TEST_STEP][FAILED] - callTestCase(findTestCase("PFI Precision and Scale/PFI Components with Indexing/MaxValueErrorIndex"), ["InputName":"inspWeight", "index":1], STOP_ON_FAILURE): Unable to call Test Case 'Test Cases/PFI Precision and Scale/PFI Components with Indexing/MaxValueErrorIndex' (Root cause: com.kms.katalon.core.exception.StepErrorException: Call Test Case 'Test Cases/PFI Precision and Scale/PFI Components with Indexing/MaxValueErrorIndex' failed because of error(s)
	at com.kms.katalon.core.keyword.builtin.CallTestCaseKeyword$_callTestCase_closure1.doCall(CallTestCaseKeyword.groovy:66)
	at com.kms.katalon.core.keyword.builtin.CallTestCaseKeyword$_callTestCase_closure1.call(CallTestCaseKeyword.groovy)
	at com.kms.katalon.core.keyword.internal.KeywordMain.runKeyword(KeywordMain.groovy:68)
	at com.kms.katalon.core.keyword.builtin.CallTestCaseKeyword.callTestCase(CallTestCaseKeyword.groovy:81)
	at com.kms.katalon.core.keyword.builtin.CallTestCaseKeyword.execute(CallTestCaseKeyword.groovy:44)
	at com.kms.katalon.core.keyword.internal.KeywordExecutor.executeKeywordForPlatform(KeywordExecutor.groovy:72)
	at com.kms.katalon.core.keyword.BuiltinKeywords.callTestCase(BuiltinKeywords.groovy:334)
	at PFI.SiteInspectionLHS.run(PFI.SiteInspectionLHS:82)
	at com.kms.katalon.core.main.ScriptEngine.run(ScriptEngine.java:194)
	at com.kms.katalon.core.main.ScriptEngine.runScriptAsRawText(ScriptEngine.java:119)
	at com.kms.katalon.core.main.TestCaseExecutor.runScript(TestCaseExecutor.java:337)
	at com.kms.katalon.core.main.TestCaseExecutor.doExecute(TestCaseExecutor.java:328)
	at com.kms.katalon.core.main.TestCaseExecutor.processExecutionPhase(TestCaseExecutor.java:307)
	at com.kms.katalon.core.main.TestCaseExecutor.accessMainPhase(TestCaseExecutor.java:299)
	at com.kms.katalon.core.main.TestCaseExecutor.execute(TestCaseExecutor.java:233)
	at com.kms.katalon.core.main.TestSuiteExecutor.accessTestCaseMainPhase(TestSuiteExecutor.java:169)
	at com.kms.katalon.core.main.TestSuiteExecutor.accessTestSuiteMainPhase(TestSuiteExecutor.java:142)
	at com.kms.katalon.core.main.TestSuiteExecutor.execute(TestSuiteExecutor.java:91)
	at com.kms.katalon.core.main.TestCaseMain.startTestSuite(TestCaseMain.java:157)
	at com.kms.katalon.core.main.TestCaseMain$startTestSuite$0.call(Unknown Source)
	at TempTestSuite1590600441554.run(TempTestSuite1590600441554.groovy:36)
Caused by: java.lang.StringIndexOutOfBoundsException: String index out of range: -10
	at java_lang_String$substring$5.call(Unknown Source)
	at MaxValueErrorIndex.run(MaxValueErrorIndex:32)
	at com.kms.katalon.core.main.ScriptEngine.run(ScriptEngine.java:194)
	at com.kms.katalon.core.main.ScriptEngine.runScriptAsRawText(ScriptEngine.java:119)
	at com.kms.katalon.core.main.TestCaseExecutor.runScript(TestCaseExecutor.java:337)
	at com.kms.katalon.core.main.TestCaseExecutor.doExecute(TestCaseExecutor.java:328)
	at com.kms.katalon.core.main.TestCaseExecutor.processExecutionPhase(TestCaseExecutor.java:307)
	at com.kms.katalon.core.main.TestCaseExecutor.accessMainPhase(TestCaseExecutor.java:299)
	at com.kms.katalon.core.main.TestCaseExecutor.execute(TestCaseExecutor.java:233)
	at com.kms.katalon.core.main.TestCaseMain.runTestCase(TestCaseMain.java:114)
	at com.kms.katalon.core.keyword.builtin.CallTestCaseKeyword$_callTestCase_closure1.doCall(CallTestCaseKeyword.groovy:59)
	... 20 more
)

2020-05-28 01:48:56 - [TEST_CASE][ERROR] - Test Cases/PFI Precision and Scale/PFI Components with Indexing/MaxValueErrorIndex: Test Cases/PFI Precision and Scale/PFI Components with Indexing/MaxValueErrorIndex FAILED.
Reason:
java.lang.StringIndexOutOfBoundsException: String index out of range: -10
	at java_lang_String$substring$5.call(Unknown Source)
	at MaxValueErrorIndex.run(MaxValueErrorIndex:32)
	at com.kms.katalon.core.main.ScriptEngine.run(ScriptEngine.java:194)
	at com.kms.katalon.core.main.ScriptEngine.runScriptAsRawText(ScriptEngine.java:119)
	at com.kms.katalon.core.main.TestCaseExecutor.runScript(TestCaseExecutor.java:337)
	at com.kms.katalon.core.main.TestCaseExecutor.doExecute(TestCaseExecutor.java:328)
	at com.kms.katalon.core.main.TestCaseExecutor.processExecutionPhase(TestCaseExecutor.java:307)
	at com.kms.katalon.core.main.TestCaseExecutor.accessMainPhase(TestCaseExecutor.java:299)
	at com.kms.katalon.core.main.TestCaseExecutor.execute(TestCaseExecutor.java:233)
	at com.kms.katalon.core.main.TestCaseMain.runTestCase(TestCaseMain.java:114)
	at com.kms.katalon.core.keyword.builtin.CallTestCaseKeyword$_callTestCase_closure1.doCall(CallTestCaseKeyword.groovy:59)
	at com.kms.katalon.core.keyword.builtin.CallTestCaseKeyword$_callTestCase_closure1.call(CallTestCaseKeyword.groovy)
	at com.kms.katalon.core.keyword.internal.KeywordMain.runKeyword(KeywordMain.groovy:68)
	at com.kms.katalon.core.keyword.builtin.CallTestCaseKeyword.callTestCase(CallTestCaseKeyword.groovy:81)
	at com.kms.katalon.core.keyword.builtin.CallTestCaseKeyword.execute(CallTestCaseKeyword.groovy:44)
	at com.kms.katalon.core.keyword.internal.KeywordExecutor.executeKeywordForPlatform(KeywordExecutor.groovy:72)
	at com.kms.katalon.core.keyword.BuiltinKeywords.callTestCase(BuiltinKeywords.groovy:334)
	at PFI.SiteInspectionLHS.run(PFI.SiteInspectionLHS:82)
	at com.kms.katalon.core.main.ScriptEngine.run(ScriptEngine.java:194)
	at com.kms.katalon.core.main.ScriptEngine.runScriptAsRawText(ScriptEngine.java:119)
	at com.kms.katalon.core.main.TestCaseExecutor.runScript(TestCaseExecutor.java:337)
	at com.kms.katalon.core.main.TestCaseExecutor.doExecute(TestCaseExecutor.java:328)
	at com.kms.katalon.core.main.TestCaseExecutor.processExecutionPhase(TestCaseExecutor.java:307)
	at com.kms.katalon.core.main.TestCaseExecutor.accessMainPhase(TestCaseExecutor.java:299)
	at com.kms.katalon.core.main.TestCaseExecutor.execute(TestCaseExecutor.java:233)
	at com.kms.katalon.core.main.TestSuiteExecutor.accessTestCaseMainPhase(TestSuiteExecutor.java:169)
	at com.kms.katalon.core.main.TestSuiteExecutor.accessTestSuiteMainPhase(TestSuiteExecutor.java:142)
	at com.kms.katalon.core.main.TestSuiteExecutor.execute(TestSuiteExecutor.java:91)
	at com.kms.katalon.core.main.TestCaseMain.startTestSuite(TestCaseMain.java:157)
	at com.kms.katalon.core.main.TestCaseMain$startTestSuite$0.call(Unknown Source)
	at TempTestSuite1590600441554.run(TempTestSuite1590600441554.groovy:36)


2020-05-28 01:48:57 - [TEST_STEP][PASSED] - Thread.sleep(1000): null

2020-05-28 01:48:58 - [TEST_STEP][PASSED] - NewInputNmField = modifyObjectProperty(findTestObject("Object Repository/Objects.HighlightElements/input_field_index"), "xpath", "equals", "(//*[contains(@class,'x-form-text') and (@name='" + InputName + "')])[" + index + "]", true): Modify property of object successfully

2020-05-28 01:48:58 - [MESSAGE][PASSED] - Modify property of object successfully

2020-05-28 01:48:58 - [TEST_STEP][PASSED] - mouseOver(NewInputNmField): Object: 'Object Repository/Objects.HighlightElements/input_field_index' is hovered

2020-05-28 01:48:58 - [MESSAGE][PASSED] - Object: 'Object Repository/Objects.HighlightElements/input_field_index' is hovered

2020-05-28 01:48:58 - [TEST_STEP][PASSED] - GetValue = getAttribute(NewInputNmField, "value"): Attribute 'value' of object 'Object Repository/Objects.HighlightElements/input_field_index' is: '1680877826'

2020-05-28 01:48:58 - [MESSAGE][PASSED] - Attribute 'value' of object 'Object Repository/Objects.HighlightElements/input_field_index' is: '1680877826'

2020-05-28 01:48:58 - [TEST_STEP][PASSED] - GetToolTipErr = getAttribute(NewInputNmField, "data-errorqtip"): Attribute 'data-errorqtip' of object 'Object Repository/Objects.HighlightElements/input_field_index' is: ''

2020-05-28 01:48:59 - [MESSAGE][PASSED] - Attribute 'data-errorqtip' of object 'Object Repository/Objects.HighlightElements/input_field_index' is: ''

2020-05-28 01:48:59 - [TEST_STEP][PASSED] - TotalLength = GetToolTipErr.length() - 10: null

2020-05-28 01:48:59 - [TEST_STEP][PASSED] - RmvULcd = GetToolTipErr.substring(0, TotalLength): null

2020-05-28 01:48:59 - [MESSAGE][FAILED] - Unable to call Test Case 'Test Cases/PFI Precision and Scale/PFI Components with Indexing/MaxValueErrorIndex' (Root cause: com.kms.katalon.core.exception.StepErrorException: Call Test Case 'Test Cases/PFI Precision and Scale/PFI Components with Indexing/MaxValueErrorIndex' failed because of error(s)
	at com.kms.katalon.core.keyword.builtin.CallTestCaseKeyword$_callTestCase_closure1.doCall(CallTestCaseKeyword.groovy:66)
	at com.kms.katalon.core.keyword.builtin.CallTestCaseKeyword$_callTestCase_closure1.call(CallTestCaseKeyword.groovy)
	at com.kms.katalon.core.keyword.internal.KeywordMain.runKeyword(KeywordMain.groovy:68)
	at com.kms.katalon.core.keyword.builtin.CallTestCaseKeyword.callTestCase(CallTestCaseKeyword.groovy:81)
	at com.kms.katalon.core.keyword.builtin.CallTestCaseKeyword.execute(CallTestCaseKeyword.groovy:44)
	at com.kms.katalon.core.keyword.internal.KeywordExecutor.executeKeywordForPlatform(KeywordExecutor.groovy:72)
	at com.kms.katalon.core.keyword.BuiltinKeywords.callTestCase(BuiltinKeywords.groovy:334)
	at PFI.SiteInspectionLHS.run(PFI.SiteInspectionLHS:82)
	at com.kms.katalon.core.main.ScriptEngine.run(ScriptEngine.java:194)
	at com.kms.katalon.core.main.ScriptEngine.runScriptAsRawText(ScriptEngine.java:119)
	at com.kms.katalon.core.main.TestCaseExecutor.runScript(TestCaseExecutor.java:337)
	at com.kms.katalon.core.main.TestCaseExecutor.doExecute(TestCaseExecutor.java:328)
	at com.kms.katalon.core.main.TestCaseExecutor.processExecutionPhase(TestCaseExecutor.java:307)
	at com.kms.katalon.core.main.TestCaseExecutor.accessMainPhase(TestCaseExecutor.java:299)
	at com.kms.katalon.core.main.TestCaseExecutor.execute(TestCaseExecutor.java:233)
	at com.kms.katalon.core.main.TestSuiteExecutor.accessTestCaseMainPhase(TestSuiteExecutor.java:169)
	at com.kms.katalon.core.main.TestSuiteExecutor.accessTestSuiteMainPhase(TestSuiteExecutor.java:142)
	at com.kms.katalon.core.main.TestSuiteExecutor.execute(TestSuiteExecutor.java:91)
	at com.kms.katalon.core.main.TestCaseMain.startTestSuite(TestCaseMain.java:157)
	at com.kms.katalon.core.main.TestCaseMain$startTestSuite$0.call(Unknown Source)
	at TempTestSuite1590600441554.run(TempTestSuite1590600441554.groovy:36)
Caused by: java.lang.StringIndexOutOfBoundsException: String index out of range: -10
	at java_lang_String$substring$5.call(Unknown Source)
	at MaxValueErrorIndex.run(MaxValueErrorIndex:32)
	at com.kms.katalon.core.main.ScriptEngine.run(ScriptEngine.java:194)
	at com.kms.katalon.core.main.ScriptEngine.runScriptAsRawText(ScriptEngine.java:119)
	at com.kms.katalon.core.main.TestCaseExecutor.runScript(TestCaseExecutor.java:337)
	at com.kms.katalon.core.main.TestCaseExecutor.doExecute(TestCaseExecutor.java:328)
	at com.kms.katalon.core.main.TestCaseExecutor.processExecutionPhase(TestCaseExecutor.java:307)
	at com.kms.katalon.core.main.TestCaseExecutor.accessMainPhase(TestCaseExecutor.java:299)
	at com.kms.katalon.core.main.TestCaseExecutor.execute(TestCaseExecutor.java:233)
	at com.kms.katalon.core.main.TestCaseMain.runTestCase(TestCaseMain.java:114)
	at com.kms.katalon.core.keyword.builtin.CallTestCaseKeyword$_callTestCase_closure1.doCall(CallTestCaseKeyword.groovy:59)
	... 20 more
)]]></system-out>
         <system-err><![CDATA[2020-05-28 01:45:51 - [TEST_CASE][ERROR] - Test Cases/PFI Precision and Scale/PFI Test Cases/PFI.SiteInspectionLHS: Test Cases/PFI Precision and Scale/PFI Test Cases/PFI.SiteInspectionLHS FAILED.
Reason:
com.kms.katalon.core.exception.StepErrorException: Call Test Case 'Test Cases/PFI Precision and Scale/PFI Components with Indexing/MaxValueErrorIndex' failed because of error(s)
	at com.kms.katalon.core.keyword.builtin.CallTestCaseKeyword$_callTestCase_closure1.doCall(CallTestCaseKeyword.groovy:66)
	at com.kms.katalon.core.keyword.builtin.CallTestCaseKeyword$_callTestCase_closure1.call(CallTestCaseKeyword.groovy)
	at com.kms.katalon.core.keyword.internal.KeywordMain.runKeyword(KeywordMain.groovy:68)
	at com.kms.katalon.core.keyword.builtin.CallTestCaseKeyword.callTestCase(CallTestCaseKeyword.groovy:81)
	at com.kms.katalon.core.keyword.builtin.CallTestCaseKeyword.execute(CallTestCaseKeyword.groovy:44)
	at com.kms.katalon.core.keyword.internal.KeywordExecutor.executeKeywordForPlatform(KeywordExecutor.groovy:72)
	at com.kms.katalon.core.keyword.BuiltinKeywords.callTestCase(BuiltinKeywords.groovy:334)
	at PFI.SiteInspectionLHS.run(PFI.SiteInspectionLHS:82)
	at com.kms.katalon.core.main.ScriptEngine.run(ScriptEngine.java:194)
	at com.kms.katalon.core.main.ScriptEngine.runScriptAsRawText(ScriptEngine.java:119)
	at com.kms.katalon.core.main.TestCaseExecutor.runScript(TestCaseExecutor.java:337)
	at com.kms.katalon.core.main.TestCaseExecutor.doExecute(TestCaseExecutor.java:328)
	at com.kms.katalon.core.main.TestCaseExecutor.processExecutionPhase(TestCaseExecutor.java:307)
	at com.kms.katalon.core.main.TestCaseExecutor.accessMainPhase(TestCaseExecutor.java:299)
	at com.kms.katalon.core.main.TestCaseExecutor.execute(TestCaseExecutor.java:233)
	at com.kms.katalon.core.main.TestSuiteExecutor.accessTestCaseMainPhase(TestSuiteExecutor.java:169)
	at com.kms.katalon.core.main.TestSuiteExecutor.accessTestSuiteMainPhase(TestSuiteExecutor.java:142)
	at com.kms.katalon.core.main.TestSuiteExecutor.execute(TestSuiteExecutor.java:91)
	at com.kms.katalon.core.main.TestCaseMain.startTestSuite(TestCaseMain.java:157)
	at com.kms.katalon.core.main.TestCaseMain$startTestSuite$0.call(Unknown Source)
	at TempTestSuite1590600441554.run(TempTestSuite1590600441554.groovy:36)
Caused by: java.lang.StringIndexOutOfBoundsException: String index out of range: -10
	at java_lang_String$substring$5.call(Unknown Source)
	at MaxValueErrorIndex.run(MaxValueErrorIndex:32)
	at com.kms.katalon.core.main.ScriptEngine.run(ScriptEngine.java:194)
	at com.kms.katalon.core.main.ScriptEngine.runScriptAsRawText(ScriptEngine.java:119)
	at com.kms.katalon.core.main.TestCaseExecutor.runScript(TestCaseExecutor.java:337)
	at com.kms.katalon.core.main.TestCaseExecutor.doExecute(TestCaseExecutor.java:328)
	at com.kms.katalon.core.main.TestCaseExecutor.processExecutionPhase(TestCaseExecutor.java:307)
	at com.kms.katalon.core.main.TestCaseExecutor.accessMainPhase(TestCaseExecutor.java:299)
	at com.kms.katalon.core.main.TestCaseExecutor.execute(TestCaseExecutor.java:233)
	at com.kms.katalon.core.main.TestCaseMain.runTestCase(TestCaseMain.java:114)
	at com.kms.katalon.core.keyword.builtin.CallTestCaseKeyword$_callTestCase_closure1.doCall(CallTestCaseKeyword.groovy:59)
	... 20 more]]></system-err>
      </testcase>
      <system-out><![CDATA[2020-05-28 01:27:28 - [TEST_SUITE][ERROR] - Page Section: Test Cases/PFI Precision and Scale/PFI Test Cases/PFI.SiteInspectionLHS FAILED.
Reason:
com.kms.katalon.core.exception.StepErrorException: Call Test Case 'Test Cases/PFI Precision and Scale/PFI Components with Indexing/MaxValueErrorIndex' failed because of error(s)
	at com.kms.katalon.core.keyword.builtin.CallTestCaseKeyword$_callTestCase_closure1.doCall(CallTestCaseKeyword.groovy:66)
	at com.kms.katalon.core.keyword.builtin.CallTestCaseKeyword$_callTestCase_closure1.call(CallTestCaseKeyword.groovy)
	at com.kms.katalon.core.keyword.internal.KeywordMain.runKeyword(KeywordMain.groovy:68)
	at com.kms.katalon.core.keyword.builtin.CallTestCaseKeyword.callTestCase(CallTestCaseKeyword.groovy:81)
	at com.kms.katalon.core.keyword.builtin.CallTestCaseKeyword.execute(CallTestCaseKeyword.groovy:44)
	at com.kms.katalon.core.keyword.internal.KeywordExecutor.executeKeywordForPlatform(KeywordExecutor.groovy:72)
	at com.kms.katalon.core.keyword.BuiltinKeywords.callTestCase(BuiltinKeywords.groovy:334)
	at PFI.SiteInspectionLHS.run(PFI.SiteInspectionLHS:82)
	at com.kms.katalon.core.main.ScriptEngine.run(ScriptEngine.java:194)
	at com.kms.katalon.core.main.ScriptEngine.runScriptAsRawText(ScriptEngine.java:119)
	at com.kms.katalon.core.main.TestCaseExecutor.runScript(TestCaseExecutor.java:337)
	at com.kms.katalon.core.main.TestCaseExecutor.doExecute(TestCaseExecutor.java:328)
	at com.kms.katalon.core.main.TestCaseExecutor.processExecutionPhase(TestCaseExecutor.java:307)
	at com.kms.katalon.core.main.TestCaseExecutor.accessMainPhase(TestCaseExecutor.java:299)
	at com.kms.katalon.core.main.TestCaseExecutor.execute(TestCaseExecutor.java:233)
	at com.kms.katalon.core.main.TestSuiteExecutor.accessTestCaseMainPhase(TestSuiteExecutor.java:169)
	at com.kms.katalon.core.main.TestSuiteExecutor.accessTestSuiteMainPhase(TestSuiteExecutor.java:142)
	at com.kms.katalon.core.main.TestSuiteExecutor.execute(TestSuiteExecutor.java:91)
	at com.kms.katalon.core.main.TestCaseMain.startTestSuite(TestCaseMain.java:157)
	at com.kms.katalon.core.main.TestCaseMain$startTestSuite$0.call(Unknown Source)
	at TempTestSuite1590600441554.run(TempTestSuite1590600441554.groovy:36)
Caused by: java.lang.StringIndexOutOfBoundsException: String index out of range: -10
	at java_lang_String$substring$5.call(Unknown Source)
	at MaxValueErrorIndex.run(MaxValueErrorIndex:32)
	at com.kms.katalon.core.main.ScriptEngine.run(ScriptEngine.java:194)
	at com.kms.katalon.core.main.ScriptEngine.runScriptAsRawText(ScriptEngine.java:119)
	at com.kms.katalon.core.main.TestCaseExecutor.runScript(TestCaseExecutor.java:337)
	at com.kms.katalon.core.main.TestCaseExecutor.doExecute(TestCaseExecutor.java:328)
	at com.kms.katalon.core.main.TestCaseExecutor.processExecutionPhase(TestCaseExecutor.java:307)
	at com.kms.katalon.core.main.TestCaseExecutor.accessMainPhase(TestCaseExecutor.java:299)
	at com.kms.katalon.core.main.TestCaseExecutor.execute(TestCaseExecutor.java:233)
	at com.kms.katalon.core.main.TestCaseMain.runTestCase(TestCaseMain.java:114)
	at com.kms.katalon.core.keyword.builtin.CallTestCaseKeyword$_callTestCase_closure1.doCall(CallTestCaseKeyword.groovy:59)
	... 20 more]]></system-out>
      <system-err><![CDATA[2020-05-28 01:27:28 - [TEST_SUITE][ERROR] - Page Section: Test Cases/PFI Precision and Scale/PFI Test Cases/PFI.SiteInspectionLHS FAILED.
Reason:
com.kms.katalon.core.exception.StepErrorException: Call Test Case 'Test Cases/PFI Precision and Scale/PFI Components with Indexing/MaxValueErrorIndex' failed because of error(s)
	at com.kms.katalon.core.keyword.builtin.CallTestCaseKeyword$_callTestCase_closure1.doCall(CallTestCaseKeyword.groovy:66)
	at com.kms.katalon.core.keyword.builtin.CallTestCaseKeyword$_callTestCase_closure1.call(CallTestCaseKeyword.groovy)
	at com.kms.katalon.core.keyword.internal.KeywordMain.runKeyword(KeywordMain.groovy:68)
	at com.kms.katalon.core.keyword.builtin.CallTestCaseKeyword.callTestCase(CallTestCaseKeyword.groovy:81)
	at com.kms.katalon.core.keyword.builtin.CallTestCaseKeyword.execute(CallTestCaseKeyword.groovy:44)
	at com.kms.katalon.core.keyword.internal.KeywordExecutor.executeKeywordForPlatform(KeywordExecutor.groovy:72)
	at com.kms.katalon.core.keyword.BuiltinKeywords.callTestCase(BuiltinKeywords.groovy:334)
	at PFI.SiteInspectionLHS.run(PFI.SiteInspectionLHS:82)
	at com.kms.katalon.core.main.ScriptEngine.run(ScriptEngine.java:194)
	at com.kms.katalon.core.main.ScriptEngine.runScriptAsRawText(ScriptEngine.java:119)
	at com.kms.katalon.core.main.TestCaseExecutor.runScript(TestCaseExecutor.java:337)
	at com.kms.katalon.core.main.TestCaseExecutor.doExecute(TestCaseExecutor.java:328)
	at com.kms.katalon.core.main.TestCaseExecutor.processExecutionPhase(TestCaseExecutor.java:307)
	at com.kms.katalon.core.main.TestCaseExecutor.accessMainPhase(TestCaseExecutor.java:299)
	at com.kms.katalon.core.main.TestCaseExecutor.execute(TestCaseExecutor.java:233)
	at com.kms.katalon.core.main.TestSuiteExecutor.accessTestCaseMainPhase(TestSuiteExecutor.java:169)
	at com.kms.katalon.core.main.TestSuiteExecutor.accessTestSuiteMainPhase(TestSuiteExecutor.java:142)
	at com.kms.katalon.core.main.TestSuiteExecutor.execute(TestSuiteExecutor.java:91)
	at com.kms.katalon.core.main.TestCaseMain.startTestSuite(TestCaseMain.java:157)
	at com.kms.katalon.core.main.TestCaseMain$startTestSuite$0.call(Unknown Source)
	at TempTestSuite1590600441554.run(TempTestSuite1590600441554.groovy:36)
Caused by: java.lang.StringIndexOutOfBoundsException: String index out of range: -10
	at java_lang_String$substring$5.call(Unknown Source)
	at MaxValueErrorIndex.run(MaxValueErrorIndex:32)
	at com.kms.katalon.core.main.ScriptEngine.run(ScriptEngine.java:194)
	at com.kms.katalon.core.main.ScriptEngine.runScriptAsRawText(ScriptEngine.java:119)
	at com.kms.katalon.core.main.TestCaseExecutor.runScript(TestCaseExecutor.java:337)
	at com.kms.katalon.core.main.TestCaseExecutor.doExecute(TestCaseExecutor.java:328)
	at com.kms.katalon.core.main.TestCaseExecutor.processExecutionPhase(TestCaseExecutor.java:307)
	at com.kms.katalon.core.main.TestCaseExecutor.accessMainPhase(TestCaseExecutor.java:299)
	at com.kms.katalon.core.main.TestCaseExecutor.execute(TestCaseExecutor.java:233)
	at com.kms.katalon.core.main.TestCaseMain.runTestCase(TestCaseMain.java:114)
	at com.kms.katalon.core.keyword.builtin.CallTestCaseKeyword$_callTestCase_closure1.doCall(CallTestCaseKeyword.groovy:59)
	... 20 more]]></system-err>
   </testsuite>
</testsuites>
