<?xml version="1.0" encoding="UTF-8"?>
<testsuites name="Page Section" time="808.122" tests="8" failures="7" errors="0">
   <testsuite name="Page Section" tests="8" failures="7" errors="0" time="808.122" timestamp="2020-05-12 23:07:36" hostname="19023-RAC - 192.168.16.39" id="Test Suites/PFI Precision and Scale Automated Regression Suite/Page Section">
      <properties>
         <property name="deviceName" value=""/>
         <property name="devicePlatform" value=""/>
         <property name="logFolder" value="C:\\Users\\19023-RAC\\Desktop\\Merging Automation\\Reports\\20200512_230724\\PFI Precision and Scale Automated Regression Suite\\Page Section\\20200512_230724"/>
         <property name="logFiles" value="C:\\Users\\19023-RAC\\Desktop\\Merging Automation\\Reports\\20200512_230724\\PFI Precision and Scale Automated Regression Suite\\Page Section\\20200512_230724\\execution0.log"/>
         <property name="attachments" value="C:\\Users\\19023-RAC\\Desktop\\Merging Automation\\Reports\\20200512_230724\\PFI Precision and Scale Automated Regression Suite\\Page Section\\20200512_230724\\1589296412408.png, C:\\Users\\19023-RAC\\Desktop\\Merging Automation\\Reports\\20200512_230724\\PFI Precision and Scale Automated Regression Suite\\Page Section\\20200512_230724\\1589296722533.png, C:\\Users\\19023-RAC\\Desktop\\Merging Automation\\Reports\\20200512_230724\\PFI Precision and Scale Automated Regression Suite\\Page Section\\20200512_230724\\1589296751919.png, C:\\Users\\19023-RAC\\Desktop\\Merging Automation\\Reports\\20200512_230724\\PFI Precision and Scale Automated Regression Suite\\Page Section\\20200512_230724\\1589296779713.png, C:\\Users\\19023-RAC\\Desktop\\Merging Automation\\Reports\\20200512_230724\\PFI Precision and Scale Automated Regression Suite\\Page Section\\20200512_230724\\1589296807390.png, C:\\Users\\19023-RAC\\Desktop\\Merging Automation\\Reports\\20200512_230724\\PFI Precision and Scale Automated Regression Suite\\Page Section\\20200512_230724\\1589296835447.png, C:\\Users\\19023-RAC\\Desktop\\Merging Automation\\Reports\\20200512_230724\\PFI Precision and Scale Automated Regression Suite\\Page Section\\20200512_230724\\1589296863490.png"/>
         <property name="hostName" value="19023-RAC - 192.168.16.39"/>
         <property name="os" value="Windows 10 64bit"/>
         <property name="katalonVersion" value="7.2.1.1"/>
         <property name="browser" value="Chrome 81.0.4044.138"/>
         <property name="hostAddress" value="192.168.16.39"/>
         <property name="sessionId" value="031d59c7b1d31da7ce454469acd30793"/>
         <property name="seleniumVersion" value="3.141.59"/>
         <property name="proxyInformation" value="ProxyInformation{proxyOption=NO_PROXY, proxyServerType=HTTP, password=, proxyServerAddress=, proxyServerPort=0, executionList=}"/>
         <property name="platform" value="Windows 10"/>
      </properties>
      <testcase name="Test Cases/PFI Precision and Scale/PFI Test Cases/PFI.EOTRequestLHS" time="248.872" classname="Test Cases/PFI Precision and Scale/PFI Test Cases/PFI.EOTRequestLHS" status="PASSED">
         <system-out><![CDATA[2020-05-12 23:07:36 - [TEST_CASE][PASSED] - Test Cases/PFI Precision and Scale/PFI Test Cases/PFI.EOTRequestLHS: Test Cases/PFI Precision and Scale/PFI Test Cases/PFI.EOTRequestLHS

2020-05-12 23:07:37 - [TEST_STEP][PASSED] - callTestCase(findTestCase("Components/LoginV2.0"), ["LinkToBeUsed":findTestData("Datatable").getValue("URL", 16), "LoginPageTextToBeVerified":findTestData("Datatable").getValue("HomeBanner", 2), ... ], STOP_ON_FAILURE): Call Test Case 'Test Cases/Components/LoginV2.0' successfully

2020-05-12 23:07:37 - [TEST_CASE][PASSED] - Test Cases/Components/LoginV2.0: Test Cases/Components/LoginV2.0

2020-05-12 23:07:37 - [TEST_STEP][PASSED] - openBrowser(LinkToBeUsed): Browser is opened with url: 'http://192.168.190.37:3012/isps2-mig/core/main.do#!dashboard/db/3021001'

2020-05-12 23:07:37 - [MESSAGE][INFO] - Starting 'Chrome' driver

2020-05-12 23:07:38 - [MESSAGE][INFO] - Action delay is set to 0 seconds

2020-05-12 23:07:50 - [MESSAGE][PASSED] - Browser is opened with url: 'http://192.168.190.37:3012/isps2-mig/core/main.do#!dashboard/db/3021001'

2020-05-12 23:07:50 - [TEST_STEP][PASSED] - maximizeWindow(): Current window maximized

2020-05-12 23:07:52 - [MESSAGE][PASSED] - Current window maximized

2020-05-12 23:07:52 - [TEST_STEP][PASSED] - verifyTextPresent(LoginPageTextToBeVerified, false): Text 'Sign in to ISPS2-SIT' is present on page 

2020-05-12 23:07:53 - [MESSAGE][PASSED] - Text 'Sign in to ISPS2-SIT' is present on page 

2020-05-12 23:07:53 - [TEST_STEP][PASSED] - setText(findTestObject("Objects.LoginV2.0/Login Page/input_Sign in to ISPS2-PROD-Verify_username"), Username): Text 'sysadmin' is set on object 'Object Repository/Objects.LoginV2.0/Login Page/input_Sign in to ISPS2-PROD-Verify_username'

2020-05-12 23:07:53 - [MESSAGE][PASSED] - Text 'sysadmin' is set on object 'Object Repository/Objects.LoginV2.0/Login Page/input_Sign in to ISPS2-PROD-Verify_username'

2020-05-12 23:07:53 - [TEST_STEP][PASSED] - setEncryptedText(findTestObject("Objects.LoginV2.0/Login Page/input_This field is required_password"), Password): Text ****** has been set on object 'Object Repository/Objects.LoginV2.0/Login Page/input_This field is required_password'

2020-05-12 23:07:53 - [MESSAGE][PASSED] - Text ****** has been set on object 'Object Repository/Objects.LoginV2.0/Login Page/input_This field is required_password'

2020-05-12 23:07:53 - [TEST_STEP][NOT_RUN] - setEncryptedText(findTestObject(null), Password): NOT_RUN: setEncryptedText(findTestObject(null), Password)

2020-05-12 23:07:53 - [MESSAGE][NOT_RUN] - NOT_RUN: setEncryptedText(findTestObject(null), Password)

2020-05-12 23:07:53 - [TEST_STEP][PASSED] - click(findTestObject("Objects.LoginV2.0/Login Page/div_Sign in to ISPS2-PROD-Verify_NovaGoButton-1021"), OPTIONAL): Object: 'Object Repository/Objects.LoginV2.0/Login Page/div_Sign in to ISPS2-PROD-Verify_NovaGoButton-1021' is clicked on

2020-05-12 23:07:54 - [MESSAGE][PASSED] - Object: 'Object Repository/Objects.LoginV2.0/Login Page/div_Sign in to ISPS2-PROD-Verify_NovaGoButton-1021' is clicked on

2020-05-12 23:07:54 - [TEST_STEP][PASSED] - waitForPageLoad(30): Wait for page load successfully

2020-05-12 23:07:54 - [MESSAGE][PASSED] - Wait for page load successfully

2020-05-12 23:07:54 - [TEST_STEP][PASSED] - Thread.sleep(3000): null

2020-05-12 23:07:57 - [MESSAGE][PASSED] - Call Test Case 'Test Cases/Components/LoginV2.0' successfully

2020-05-12 23:07:57 - [TEST_STEP][PASSED] - callTestCase(findTestCase("Components/Filter"), ["taskDescription":"Process Case (SM)"], STOP_ON_FAILURE): Call Test Case 'Test Cases/Components/Filter' successfully

2020-05-12 23:07:57 - [TEST_CASE][PASSED] - Test Cases/Components/Filter: Test Cases/Components/Filter

2020-05-12 23:07:57 - [TEST_STEP][PASSED] - Thread.sleep(5000): null

2020-05-12 23:08:02 - [TEST_STEP][PASSED] - waitForPageLoad(180): Wait for page load successfully

2020-05-12 23:08:02 - [MESSAGE][PASSED] - Wait for page load successfully

2020-05-12 23:08:02 - [TEST_STEP][PASSED] - waitForElementNotPresent(findTestObject("Objects.Filter/Page_ISPS2/div_Loading search result Please wait"), 180): Web element with id: 'Object Repository/Objects.Filter/Page_ISPS2/div_Loading search result Please wait' located by 'By.xpath: //div[@class = 'x-mask-msg-text' and (text() = 'Loading search result. Please wait...' or . = 'Loading search result. Please wait...')]' is not present after '180' second(s)

2020-05-12 23:08:03 - [MESSAGE][PASSED] - Web element with id: 'Object Repository/Objects.Filter/Page_ISPS2/div_Loading search result Please wait' located by 'By.xpath: //div[@class = 'x-mask-msg-text' and (text() = 'Loading search result. Please wait...' or . = 'Loading search result. Please wait...')]' is not present after '180' second(s)

2020-05-12 23:08:03 - [TEST_STEP][PASSED] - click(findTestObject("Objects.Filter/Page_ISPS2/XP.Embutidooo")): Object: 'Object Repository/Objects.Filter/Page_ISPS2/XP.Embutidooo' is clicked on

2020-05-12 23:08:03 - [MESSAGE][PASSED] - Object: 'Object Repository/Objects.Filter/Page_ISPS2/XP.Embutidooo' is clicked on

2020-05-12 23:08:03 - [TEST_STEP][PASSED] - com.reusableComponents.HighlightElement.run(findTestObject("Objects.Filter/Page_ISPS2/span_Reset")): com.reusableComponents.HighlightElement.run is PASSED

2020-05-12 23:08:04 - [MESSAGE][PASSED] - com.reusableComponents.HighlightElement.run is PASSED

2020-05-12 23:08:04 - [TEST_STEP][PASSED] - click(findTestObject("Objects.Filter/Page_ISPS2/span_Reset")): Object: 'Object Repository/Objects.Filter/Page_ISPS2/span_Reset' is clicked on

2020-05-12 23:08:04 - [MESSAGE][PASSED] - Object: 'Object Repository/Objects.Filter/Page_ISPS2/span_Reset' is clicked on

2020-05-12 23:08:04 - [TEST_STEP][PASSED] - com.reusableComponents.HighlightElement.run(findTestObject("Objects.Filter/Page_ISPS2/TextBoxTaskDescription")): com.reusableComponents.HighlightElement.run is PASSED

2020-05-12 23:08:05 - [MESSAGE][PASSED] - com.reusableComponents.HighlightElement.run is PASSED

2020-05-12 23:08:05 - [TEST_STEP][PASSED] - setText(findTestObject("Objects.Filter/Page_ISPS2/TextBoxTaskDescription"), taskDescription): Text 'Process Case (SM)' is set on object 'Object Repository/Objects.Filter/Page_ISPS2/TextBoxTaskDescription'

2020-05-12 23:08:06 - [MESSAGE][PASSED] - Text 'Process Case (SM)' is set on object 'Object Repository/Objects.Filter/Page_ISPS2/TextBoxTaskDescription'

2020-05-12 23:08:06 - [TEST_STEP][PASSED] - caseType = taskDescription: null

2020-05-12 23:08:08 - [TEST_STEP][PASSED] - sendKeys(findTestObject("Objects.Filter/Page_ISPS2/TextBoxTaskDescription"), Keys.chord(ENTER)): Keys 'ENTER + ' sent to object: 'Object Repository/Objects.Filter/Page_ISPS2/TextBoxTaskDescription'

2020-05-12 23:08:08 - [MESSAGE][PASSED] - Keys 'ENTER + ' sent to object: 'Object Repository/Objects.Filter/Page_ISPS2/TextBoxTaskDescription'

2020-05-12 23:08:08 - [TEST_STEP][PASSED] - com.reusableComponents.HighlightElement.run(findTestObject("Objects.Filter/Page_ISPS2/span_Search")): com.reusableComponents.HighlightElement.run is PASSED

2020-05-12 23:08:10 - [MESSAGE][PASSED] - com.reusableComponents.HighlightElement.run is PASSED

2020-05-12 23:08:10 - [TEST_STEP][PASSED] - click(findTestObject("Objects.Filter/Page_ISPS2/span_Search")): Object: 'Object Repository/Objects.Filter/Page_ISPS2/span_Search' is clicked on

2020-05-12 23:08:10 - [MESSAGE][PASSED] - Object: 'Object Repository/Objects.Filter/Page_ISPS2/span_Search' is clicked on

2020-05-12 23:08:10 - [TEST_STEP][NOT_RUN] - verifyTextPresent("Loading search result. Please wait...", false): NOT_RUN: verifyTextPresent("Loading search result. Please wait...", false)

2020-05-12 23:08:10 - [MESSAGE][NOT_RUN] - NOT_RUN: verifyTextPresent("Loading search result. Please wait...", false)

2020-05-12 23:08:10 - [TEST_STEP][NOT_RUN] - waitForElementNotPresent(findTestObject("Objects.Filter/Page_ISPS2/div_Loading search result Please wait"), 120): NOT_RUN: waitForElementNotPresent(findTestObject("Objects.Filter/Page_ISPS2/div_Loading search result Please wait"), 120)

2020-05-12 23:08:10 - [MESSAGE][NOT_RUN] - NOT_RUN: waitForElementNotPresent(findTestObject("Objects.Filter/Page_ISPS2/div_Loading search result Please wait"), 120)

2020-05-12 23:08:10 - [TEST_STEP][PASSED] - Thread.sleep(5000): null

2020-05-12 23:08:15 - [MESSAGE][PASSED] - Call Test Case 'Test Cases/Components/Filter' successfully

2020-05-12 23:08:15 - [TEST_STEP][PASSED] - callTestCase(findTestCase("Components/ClickLinkDependingOnTextAndIndex"), ["linkName":"Process Case (SM)", "index":"1"], STOP_ON_FAILURE): Call Test Case 'Test Cases/Components/ClickLinkDependingOnTextAndIndex' successfully

2020-05-12 23:08:15 - [TEST_CASE][PASSED] - Test Cases/Components/ClickLinkDependingOnTextAndIndex: Test Cases/Components/ClickLinkDependingOnTextAndIndex

2020-05-12 23:08:15 - [TEST_STEP][PASSED] - Thread.sleep(1000): null

2020-05-12 23:08:16 - [TEST_STEP][PASSED] - println(linkName): null

2020-05-12 23:08:16 - [TEST_STEP][PASSED] - println(index): null

2020-05-12 23:08:16 - [TEST_STEP][PASSED] - modifiedLink = modifyObjectProperty(findTestObject("Objects.ClickLinkDependingOnTextAndIndex/linkToModify"), "xpath", "equals", "(//a[text()="" + linkName + ""])[" + index + "]", true): Modify property of object successfully

2020-05-12 23:08:16 - [MESSAGE][PASSED] - Modify property of object successfully

2020-05-12 23:08:16 - [TEST_STEP][PASSED] - Thread.sleep(5000): null

2020-05-12 23:08:21 - [TEST_STEP][PASSED] - com.reusableComponents.HighlightElement.run(modifiedLink): com.reusableComponents.HighlightElement.run is PASSED

2020-05-12 23:08:22 - [MESSAGE][PASSED] - com.reusableComponents.HighlightElement.run is PASSED

2020-05-12 23:08:22 - [TEST_STEP][PASSED] - click(modifiedLink): Object: 'Object Repository/Objects.ClickLinkDependingOnTextAndIndex/linkToModify' is clicked on

2020-05-12 23:08:22 - [MESSAGE][PASSED] - Object: 'Object Repository/Objects.ClickLinkDependingOnTextAndIndex/linkToModify' is clicked on

2020-05-12 23:08:22 - [MESSAGE][PASSED] - Call Test Case 'Test Cases/Components/ClickLinkDependingOnTextAndIndex' successfully

2020-05-12 23:08:22 - [TEST_STEP][PASSED] - callTestCase(findTestCase("Components/00_Precision and Scale/VerifyPageScreenLoad"), [:], STOP_ON_FAILURE): Call Test Case 'Test Cases/Components/00_Precision and Scale/VerifyPageScreenLoad' successfully

2020-05-12 23:08:22 - [TEST_CASE][PASSED] - Test Cases/Components/00_Precision and Scale/VerifyPageScreenLoad: Test Cases/Components/00_Precision and Scale/VerifyPageScreenLoad

2020-05-12 23:08:23 - [TEST_STEP][PASSED] - waitForPageLoad(180): Wait for page load successfully

2020-05-12 23:08:23 - [MESSAGE][PASSED] - Wait for page load successfully

2020-05-12 23:08:23 - [TEST_STEP][PASSED] - enableSmartWait(): null

2020-05-12 23:08:23 - [TEST_STEP][PASSED] - com.reusableComponents.HighlightElement.run(findTestObject("Objects.VerifyCourtActionsPrecisionAndScale/Page_ISPS2/div_Summary")): com.reusableComponents.HighlightElement.run is PASSED

2020-05-12 23:08:34 - [MESSAGE][PASSED] - com.reusableComponents.HighlightElement.run is PASSED

2020-05-12 23:08:34 - [MESSAGE][PASSED] - Call Test Case 'Test Cases/Components/00_Precision and Scale/VerifyPageScreenLoad' successfully

2020-05-12 23:08:34 - [TEST_STEP][PASSED] - callTestCase(findTestCase("Components/NavigateToAnyLHS"), ["LHS":"EOT Request"], STOP_ON_FAILURE): Call Test Case 'Test Cases/Components/NavigateToAnyLHS' successfully

2020-05-12 23:08:34 - [TEST_CASE][PASSED] - Test Cases/Components/NavigateToAnyLHS: Test Cases/Components/NavigateToAnyLHS

2020-05-12 23:08:34 - [TEST_STEP][PASSED] - Thread.sleep(1000): null

2020-05-12 23:08:35 - [TEST_STEP][PASSED] - modifiedLHS = modifyObjectProperty(findTestObject("Objects.NavigateToAnyLHS/Page_ISPS2/LHSToModify"), "text", "equals", LHS, true): Modify property of object successfully

2020-05-12 23:08:35 - [MESSAGE][PASSED] - Modify property of object successfully

2020-05-12 23:08:35 - [TEST_STEP][PASSED] - click(modifiedLHS): Object: 'Object Repository/Objects.NavigateToAnyLHS/Page_ISPS2/LHSToModify' is clicked on

2020-05-12 23:08:35 - [MESSAGE][PASSED] - Object: 'Object Repository/Objects.NavigateToAnyLHS/Page_ISPS2/LHSToModify' is clicked on

2020-05-12 23:08:35 - [TEST_STEP][PASSED] - currentLHS = getText(modifiedLHS): Text of object 'Object Repository/Objects.NavigateToAnyLHS/Page_ISPS2/LHSToModify' is: 'EOT Request'

2020-05-12 23:08:37 - [MESSAGE][PASSED] - Text of object 'Object Repository/Objects.NavigateToAnyLHS/Page_ISPS2/LHSToModify' is: 'EOT Request'

2020-05-12 23:08:37 - [TEST_STEP][PASSED] - Thread.sleep(5000): null

2020-05-12 23:08:42 - [MESSAGE][PASSED] - Call Test Case 'Test Cases/Components/NavigateToAnyLHS' successfully

2020-05-12 23:08:42 - [TEST_STEP][PASSED] - callTestCase(findTestCase("Components/00_Precision and Scale/EOTTypeValidation"), ["LblNm":"EOT Type *:", "FldNm":"eotTypeCmb", "EnterInvalidEOTType":"1231@#$asdCV"], STOP_ON_FAILURE): Call Test Case 'Test Cases/Components/00_Precision and Scale/EOTTypeValidation' successfully

2020-05-12 23:08:42 - [TEST_CASE][PASSED] - Test Cases/Components/00_Precision and Scale/EOTTypeValidation: Test Cases/Components/00_Precision and Scale/EOTTypeValidation

2020-05-12 23:08:42 - [TEST_STEP][PASSED] - enableSmartWait(): null

2020-05-12 23:08:42 - [TEST_STEP][PASSED] - NewLblNmField = modifyObjectProperty(findTestObject("Objects.NameValidation/label_FieldName"), "text", "equals", LblNm, true): Modify property of object successfully

2020-05-12 23:08:42 - [MESSAGE][PASSED] - Modify property of object successfully

2020-05-12 23:08:42 - [TEST_STEP][PASSED] - NewInputNmField = modifyObjectProperty(findTestObject("Objects.NameValidation/input_FieldName"), "name", "equals", FldNm, true): Modify property of object successfully

2020-05-12 23:08:42 - [MESSAGE][PASSED] - Modify property of object successfully

2020-05-12 23:08:42 - [TEST_STEP][PASSED] - NewErrRqMsg = modifyObjectProperty(findTestObject("Objects.NameValidation/RqFieldNm"), "name", "equals", FldNm, true): Modify property of object successfully

2020-05-12 23:08:42 - [MESSAGE][PASSED] - Modify property of object successfully

2020-05-12 23:08:42 - [TEST_STEP][PASSED] - com.reusableComponents.HighlightElement.run(NewLblNmField): com.reusableComponents.HighlightElement.run is PASSED

2020-05-12 23:08:43 - [MESSAGE][PASSED] - com.reusableComponents.HighlightElement.run is PASSED

2020-05-12 23:08:43 - [TEST_STEP][PASSED] - com.reusableComponents.HighlightElement.run(NewInputNmField): com.reusableComponents.HighlightElement.run is PASSED

2020-05-12 23:08:44 - [MESSAGE][PASSED] - com.reusableComponents.HighlightElement.run is PASSED

2020-05-12 23:08:44 - [TEST_STEP][PASSED] - focus(NewInputNmField): Object: 'Object Repository/Objects.NameValidation/input_FieldName' is focused

2020-05-12 23:08:44 - [MESSAGE][PASSED] - Object: 'Object Repository/Objects.NameValidation/input_FieldName' is focused

2020-05-12 23:08:44 - [TEST_STEP][PASSED] - DefaultValue = getAttribute(NewInputNmField, "value"): Attribute 'value' of object 'Object Repository/Objects.NameValidation/input_FieldName' is: ''

2020-05-12 23:08:44 - [MESSAGE][PASSED] - Attribute 'value' of object 'Object Repository/Objects.NameValidation/input_FieldName' is: ''

2020-05-12 23:08:44 - [TEST_STEP][PASSED] - verifyMatch(DefaultValue, "", true): Actual text '' and expected text '' are matched  using regular expression

2020-05-12 23:08:44 - [MESSAGE][PASSED] - Actual text '' and expected text '' are matched  using regular expression

2020-05-12 23:08:44 - [TEST_STEP][PASSED] - setText(NewInputNmField, EnterInvalidEOTType): Text '1231@#$asdCV' is set on object 'Object Repository/Objects.NameValidation/input_FieldName'

2020-05-12 23:08:45 - [MESSAGE][PASSED] - Text '1231@#$asdCV' is set on object 'Object Repository/Objects.NameValidation/input_FieldName'

2020-05-12 23:08:45 - [TEST_STEP][PASSED] - SearchValue = getAttribute(NewInputNmField, "value"): Attribute 'value' of object 'Object Repository/Objects.NameValidation/input_FieldName' is: '1231@#$asdCV'

2020-05-12 23:08:45 - [MESSAGE][PASSED] - Attribute 'value' of object 'Object Repository/Objects.NameValidation/input_FieldName' is: '1231@#$asdCV'

2020-05-12 23:08:45 - [TEST_STEP][PASSED] - EOTType = [1:["EOTType":"Appointment of PE for Visual Inspection"], 2:["EOTType":"Appointment of PE for FSI"], 3:["EOTType":"Submission of VIR"], ... ]: null

2020-05-12 23:08:45 - [TEST_STEP][PASSED] - FoundValue = EOTType.find({ -> ... }): null

2020-05-12 23:08:45 - [TEST_STEP][PASSED] - if (FoundValue == null): No matching qp found

2020-05-12 23:08:45 - [TEST_STEP][PASSED] - comment("No matching qp found"): No matching qp found

2020-05-12 23:08:45 - [MESSAGE][INFO] - No matching qp found

2020-05-12 23:08:45 - [TEST_STEP][PASSED] - clearText(NewInputNmField): Text of object 'Object Repository/Objects.NameValidation/input_FieldName' is cleared

2020-05-12 23:08:45 - [MESSAGE][PASSED] - Text of object 'Object Repository/Objects.NameValidation/input_FieldName' is cleared

2020-05-12 23:08:45 - [TEST_STEP][PASSED] - focus(NewInputNmField): Object: 'Object Repository/Objects.NameValidation/input_FieldName' is focused

2020-05-12 23:08:46 - [MESSAGE][PASSED] - Object: 'Object Repository/Objects.NameValidation/input_FieldName' is focused

2020-05-12 23:08:46 - [TEST_STEP][PASSED] - mouseOver(NewErrRqMsg): Object: 'Object Repository/Objects.NameValidation/RqFieldNm' is hovered

2020-05-12 23:08:46 - [MESSAGE][PASSED] - Object: 'Object Repository/Objects.NameValidation/RqFieldNm' is hovered

2020-05-12 23:08:46 - [TEST_STEP][PASSED] - getRqErrMsg = getAttribute(NewErrRqMsg, "data-errorqtip"): Attribute 'data-errorqtip' of object 'Object Repository/Objects.NameValidation/RqFieldNm' is: '<ul class="x-list-plain"><li>This field is required</li></ul>'

2020-05-12 23:08:47 - [MESSAGE][PASSED] - Attribute 'data-errorqtip' of object 'Object Repository/Objects.NameValidation/RqFieldNm' is: '<ul class="x-list-plain"><li>This field is required</li></ul>'

2020-05-12 23:08:47 - [TEST_STEP][PASSED] - strToolTip = getRqErrMsg.substring(29, 61): null

2020-05-12 23:08:47 - [TEST_STEP][PASSED] - toolTipReqErrMsg = strToolTip.substring(0, 22): null

2020-05-12 23:08:47 - [TEST_STEP][PASSED] - verifyMatch(toolTipReqErrMsg, RqField, true): Actual text 'This field is required' and expected text 'This field is required' are matched  using regular expression

2020-05-12 23:08:47 - [MESSAGE][PASSED] - Actual text 'This field is required' and expected text 'This field is required' are matched  using regular expression

2020-05-12 23:08:47 - [TEST_STEP][PASSED] - focus(NewInputNmField): Object: 'Object Repository/Objects.NameValidation/input_FieldName' is focused

2020-05-12 23:08:47 - [MESSAGE][PASSED] - Object: 'Object Repository/Objects.NameValidation/input_FieldName' is focused

2020-05-12 23:08:47 - [TEST_STEP][PASSED] - click(findTestObject("Objects.PELSH/Dropdown_Arrow")): Object: 'Object Repository/Objects.PELSH/Dropdown_Arrow' is clicked on

2020-05-12 23:08:48 - [MESSAGE][PASSED] - Object: 'Object Repository/Objects.PELSH/Dropdown_Arrow' is clicked on

2020-05-12 23:08:48 - [TEST_STEP][PASSED] - setText(NewInputNmField, "A"): Text 'A' is set on object 'Object Repository/Objects.NameValidation/input_FieldName'

2020-05-12 23:08:48 - [MESSAGE][PASSED] - Text 'A' is set on object 'Object Repository/Objects.NameValidation/input_FieldName'

2020-05-12 23:08:48 - [TEST_STEP][PASSED] - for ([itr = 1, itr < EOTType.size(), (itr++)]): Keys 'ENTER + ' sent to object: 'Object Repository/Objects.NameValidation/input_FieldName'

2020-05-12 23:08:48 - [TEST_STEP][PASSED] - sendKeys(NewInputNmField, Keys.chord(ENTER)): Keys 'ENTER + ' sent to object: 'Object Repository/Objects.NameValidation/input_FieldName'

2020-05-12 23:08:49 - [MESSAGE][PASSED] - Keys 'ENTER + ' sent to object: 'Object Repository/Objects.NameValidation/input_FieldName'

2020-05-12 23:08:49 - [TEST_STEP][PASSED] - SearchValue = getAttribute(NewInputNmField, "value"): Attribute 'value' of object 'Object Repository/Objects.NameValidation/input_FieldName' is: 'Appointment of PE for Visual Inspection'

2020-05-12 23:08:49 - [MESSAGE][PASSED] - Attribute 'value' of object 'Object Repository/Objects.NameValidation/input_FieldName' is: 'Appointment of PE for Visual Inspection'

2020-05-12 23:08:49 - [TEST_STEP][PASSED] - println(SearchValue): null

2020-05-12 23:08:49 - [TEST_STEP][PASSED] - FoundVal = EOTType.find({ -> ... }): null

2020-05-12 23:08:49 - [TEST_STEP][PASSED] - if (FoundVal != null): null

2020-05-12 23:08:49 - [TEST_STEP][PASSED] - comment("Matching EOT Type is Found!"): Matching EOT Type is Found!

2020-05-12 23:08:49 - [MESSAGE][INFO] - Matching EOT Type is Found!

2020-05-12 23:08:49 - [TEST_STEP][PASSED] - println(FoundVal): null

2020-05-12 23:08:49 - [TEST_STEP][PASSED] - sendKeys(NewInputNmField, Keys.chord(ARROW_DOWN)): Keys 'DOWN + ' sent to object: 'Object Repository/Objects.NameValidation/input_FieldName'

2020-05-12 23:08:49 - [MESSAGE][PASSED] - Keys 'DOWN + ' sent to object: 'Object Repository/Objects.NameValidation/input_FieldName'

2020-05-12 23:08:49 - [TEST_STEP][PASSED] - sendKeys(NewInputNmField, Keys.chord(ARROW_DOWN)): Keys 'DOWN + ' sent to object: 'Object Repository/Objects.NameValidation/input_FieldName'

2020-05-12 23:08:50 - [MESSAGE][PASSED] - Keys 'DOWN + ' sent to object: 'Object Repository/Objects.NameValidation/input_FieldName'

2020-05-12 23:08:50 - [TEST_STEP][PASSED] - sendKeys(NewInputNmField, Keys.chord(ENTER)): Keys 'ENTER + ' sent to object: 'Object Repository/Objects.NameValidation/input_FieldName'

2020-05-12 23:08:50 - [MESSAGE][PASSED] - Keys 'ENTER + ' sent to object: 'Object Repository/Objects.NameValidation/input_FieldName'

2020-05-12 23:08:50 - [TEST_STEP][PASSED] - sendKeys(NewInputNmField, Keys.chord(ENTER)): Keys 'ENTER + ' sent to object: 'Object Repository/Objects.NameValidation/input_FieldName'

2020-05-12 23:08:51 - [MESSAGE][PASSED] - Keys 'ENTER + ' sent to object: 'Object Repository/Objects.NameValidation/input_FieldName'

2020-05-12 23:08:51 - [TEST_STEP][PASSED] - SearchValue = getAttribute(NewInputNmField, "value"): Attribute 'value' of object 'Object Repository/Objects.NameValidation/input_FieldName' is: 'Appointment of PE for FSI'

2020-05-12 23:08:51 - [MESSAGE][PASSED] - Attribute 'value' of object 'Object Repository/Objects.NameValidation/input_FieldName' is: 'Appointment of PE for FSI'

2020-05-12 23:08:51 - [TEST_STEP][PASSED] - println(SearchValue): null

2020-05-12 23:08:51 - [TEST_STEP][PASSED] - FoundVal = EOTType.find({ -> ... }): null

2020-05-12 23:08:51 - [TEST_STEP][PASSED] - if (FoundVal != null): null

2020-05-12 23:08:51 - [TEST_STEP][PASSED] - comment("Matching EOT Type is Found!"): Matching EOT Type is Found!

2020-05-12 23:08:51 - [MESSAGE][INFO] - Matching EOT Type is Found!

2020-05-12 23:08:51 - [TEST_STEP][PASSED] - println(FoundVal): null

2020-05-12 23:08:51 - [TEST_STEP][PASSED] - sendKeys(NewInputNmField, Keys.chord(ARROW_DOWN)): Keys 'DOWN + ' sent to object: 'Object Repository/Objects.NameValidation/input_FieldName'

2020-05-12 23:08:51 - [MESSAGE][PASSED] - Keys 'DOWN + ' sent to object: 'Object Repository/Objects.NameValidation/input_FieldName'

2020-05-12 23:08:51 - [TEST_STEP][PASSED] - sendKeys(NewInputNmField, Keys.chord(ARROW_DOWN)): Keys 'DOWN + ' sent to object: 'Object Repository/Objects.NameValidation/input_FieldName'

2020-05-12 23:08:52 - [MESSAGE][PASSED] - Keys 'DOWN + ' sent to object: 'Object Repository/Objects.NameValidation/input_FieldName'

2020-05-12 23:08:52 - [TEST_STEP][PASSED] - sendKeys(NewInputNmField, Keys.chord(ENTER)): Keys 'ENTER + ' sent to object: 'Object Repository/Objects.NameValidation/input_FieldName'

2020-05-12 23:08:52 - [MESSAGE][PASSED] - Keys 'ENTER + ' sent to object: 'Object Repository/Objects.NameValidation/input_FieldName'

2020-05-12 23:08:52 - [TEST_STEP][PASSED] - sendKeys(NewInputNmField, Keys.chord(ENTER)): Keys 'ENTER + ' sent to object: 'Object Repository/Objects.NameValidation/input_FieldName'

2020-05-12 23:08:53 - [MESSAGE][PASSED] - Keys 'ENTER + ' sent to object: 'Object Repository/Objects.NameValidation/input_FieldName'

2020-05-12 23:08:53 - [TEST_STEP][PASSED] - SearchValue = getAttribute(NewInputNmField, "value"): Attribute 'value' of object 'Object Repository/Objects.NameValidation/input_FieldName' is: 'Submission of VIR'

2020-05-12 23:08:53 - [MESSAGE][PASSED] - Attribute 'value' of object 'Object Repository/Objects.NameValidation/input_FieldName' is: 'Submission of VIR'

2020-05-12 23:08:53 - [TEST_STEP][PASSED] - println(SearchValue): null

2020-05-12 23:08:53 - [TEST_STEP][PASSED] - FoundVal = EOTType.find({ -> ... }): null

2020-05-12 23:08:53 - [TEST_STEP][PASSED] - if (FoundVal != null): null

2020-05-12 23:08:53 - [TEST_STEP][PASSED] - comment("Matching EOT Type is Found!"): Matching EOT Type is Found!

2020-05-12 23:08:53 - [MESSAGE][INFO] - Matching EOT Type is Found!

2020-05-12 23:08:53 - [TEST_STEP][PASSED] - println(FoundVal): null

2020-05-12 23:08:53 - [TEST_STEP][PASSED] - sendKeys(NewInputNmField, Keys.chord(ARROW_DOWN)): Keys 'DOWN + ' sent to object: 'Object Repository/Objects.NameValidation/input_FieldName'

2020-05-12 23:08:53 - [MESSAGE][PASSED] - Keys 'DOWN + ' sent to object: 'Object Repository/Objects.NameValidation/input_FieldName'

2020-05-12 23:08:53 - [TEST_STEP][PASSED] - sendKeys(NewInputNmField, Keys.chord(ARROW_DOWN)): Keys 'DOWN + ' sent to object: 'Object Repository/Objects.NameValidation/input_FieldName'

2020-05-12 23:08:54 - [MESSAGE][PASSED] - Keys 'DOWN + ' sent to object: 'Object Repository/Objects.NameValidation/input_FieldName'

2020-05-12 23:08:54 - [TEST_STEP][PASSED] - sendKeys(NewInputNmField, Keys.chord(ENTER)): Keys 'ENTER + ' sent to object: 'Object Repository/Objects.NameValidation/input_FieldName'

2020-05-12 23:08:54 - [MESSAGE][PASSED] - Keys 'ENTER + ' sent to object: 'Object Repository/Objects.NameValidation/input_FieldName'

2020-05-12 23:08:54 - [MESSAGE][PASSED] - Call Test Case 'Test Cases/Components/00_Precision and Scale/EOTTypeValidation' successfully

2020-05-12 23:08:54 - [TEST_STEP][PASSED] - callTestCase(findTestCase("Components/00_Precision and Scale/DateValidation"), ["LblNm":"EOT From Date *:", "FldNm":"eotFromDate", "MinLen":5, "index":1, "PastDtValidation":"N"], STOP_ON_FAILURE): Call Test Case 'Test Cases/Components/00_Precision and Scale/DateValidation' successfully

2020-05-12 23:08:54 - [TEST_CASE][PASSED] - Test Cases/Components/00_Precision and Scale/DateValidation: Test Cases/Components/00_Precision and Scale/DateValidation

2020-05-12 23:08:55 - [TEST_STEP][PASSED] - Thread.sleep(3000): null

2020-05-12 23:08:58 - [TEST_STEP][PASSED] - date = new java.util.Date(): null

2020-05-12 23:08:58 - [TEST_STEP][PASSED] - CurrentDate = new java.text.SimpleDateFormat(dd/MM/yyyy): null

2020-05-12 23:08:58 - [TEST_STEP][PASSED] - TodayDate = CurrentDate.format(date): null

2020-05-12 23:08:58 - [TEST_STEP][PASSED] - Alphabetic = z).join(): null

2020-05-12 23:08:58 - [TEST_STEP][PASSED] - Numeric = 9).join(): null

2020-05-12 23:08:58 - [TEST_STEP][PASSED] - SpecialChar = "`~!@#$%^&*()-=+_{}|\][;'":,.?><"": null

2020-05-12 23:08:58 - [TEST_STEP][PASSED] - RandomAlpha = RandomStringUtils.random(MinLen, Alphabetic.toCharArray()): null

2020-05-12 23:08:58 - [TEST_STEP][PASSED] - RandomNumeric = RandomStringUtils.random(MinLen, Numeric): null

2020-05-12 23:08:58 - [TEST_STEP][PASSED] - RdmSpChar = RandomStringUtils.random(MinLen, SpecialChar): null

2020-05-12 23:08:58 - [TEST_STEP][PASSED] - NewLblNm = modifyObjectProperty(findTestObject("Objects.DateValidation/Page_ISPS2/label_Name"), "text", "equals", LblNm, true): Modify property of object successfully

2020-05-12 23:08:58 - [MESSAGE][PASSED] - Modify property of object successfully

2020-05-12 23:08:58 - [TEST_STEP][PASSED] - TodayBtn = modifyObjectProperty(findTestObject("Object Repository/Objects.DateValidation/Page_ISPS2/a_Today"), "xpath", "equals", "(//*[text() = 'Today'])[" + index + "]", true): Modify property of object successfully

2020-05-12 23:08:58 - [MESSAGE][PASSED] - Modify property of object successfully

2020-05-12 23:08:58 - [TEST_STEP][PASSED] - com.reusableComponents.HighlightElement.run(NewLblNm): com.reusableComponents.HighlightElement.run is PASSED

2020-05-12 23:08:59 - [MESSAGE][PASSED] - com.reusableComponents.HighlightElement.run is PASSED

2020-05-12 23:08:59 - [TEST_STEP][PASSED] - DateFieldNm = modifyObjectProperty(findTestObject("Object Repository/Objects.DateValidation/Page_ISPS2/input__orderDt"), "name", "equals", FldNm, true): Modify property of object successfully

2020-05-12 23:08:59 - [MESSAGE][PASSED] - Modify property of object successfully

2020-05-12 23:08:59 - [TEST_STEP][PASSED] - com.reusableComponents.HighlightElement.run(DateFieldNm): com.reusableComponents.HighlightElement.run is PASSED

2020-05-12 23:09:00 - [MESSAGE][PASSED] - com.reusableComponents.HighlightElement.run is PASSED

2020-05-12 23:09:00 - [TEST_STEP][PASSED] - focus(DateFieldNm): Object: 'Object Repository/Objects.DateValidation/Page_ISPS2/input__orderDt' is focused

2020-05-12 23:09:00 - [MESSAGE][PASSED] - Object: 'Object Repository/Objects.DateValidation/Page_ISPS2/input__orderDt' is focused

2020-05-12 23:09:00 - [TEST_STEP][PASSED] - DefaultValue = getAttribute(DateFieldNm, "value", STOP_ON_FAILURE): Attribute 'value' of object 'Object Repository/Objects.DateValidation/Page_ISPS2/input__orderDt' is: ''

2020-05-12 23:09:00 - [MESSAGE][PASSED] - Attribute 'value' of object 'Object Repository/Objects.DateValidation/Page_ISPS2/input__orderDt' is: ''

2020-05-12 23:09:00 - [TEST_STEP][PASSED] - verifyMatch(DefaultValue, "", true): Actual text '' and expected text '' are matched  using regular expression

2020-05-12 23:09:00 - [MESSAGE][PASSED] - Actual text '' and expected text '' are matched  using regular expression

2020-05-12 23:09:00 - [TEST_STEP][PASSED] - setText(DateFieldNm, RandomAlpha): Text 'ukybE' is set on object 'Object Repository/Objects.DateValidation/Page_ISPS2/input__orderDt'

2020-05-12 23:09:01 - [MESSAGE][PASSED] - Text 'ukybE' is set on object 'Object Repository/Objects.DateValidation/Page_ISPS2/input__orderDt'

2020-05-12 23:09:01 - [TEST_STEP][PASSED] - getInputAlpha = getAttribute(DateFieldNm, "value", STOP_ON_FAILURE): Attribute 'value' of object 'Object Repository/Objects.DateValidation/Page_ISPS2/input__orderDt' is: ''

2020-05-12 23:09:01 - [MESSAGE][PASSED] - Attribute 'value' of object 'Object Repository/Objects.DateValidation/Page_ISPS2/input__orderDt' is: ''

2020-05-12 23:09:01 - [TEST_STEP][PASSED] - verifyMatch("", getInputAlpha, true, STOP_ON_FAILURE): Actual text '' and expected text '' are matched  using regular expression

2020-05-12 23:09:01 - [MESSAGE][PASSED] - Actual text '' and expected text '' are matched  using regular expression

2020-05-12 23:09:01 - [TEST_STEP][PASSED] - delay(5): Delayed 5 second(s)

2020-05-12 23:09:06 - [MESSAGE][PASSED] - Delayed 5 second(s)

2020-05-12 23:09:06 - [TEST_STEP][PASSED] - setText(DateFieldNm, RdmSpChar): Text '(,!>-' is set on object 'Object Repository/Objects.DateValidation/Page_ISPS2/input__orderDt'

2020-05-12 23:09:06 - [MESSAGE][PASSED] - Text '(,!>-' is set on object 'Object Repository/Objects.DateValidation/Page_ISPS2/input__orderDt'

2020-05-12 23:09:06 - [TEST_STEP][PASSED] - getInputSpecialChar = getAttribute(DateFieldNm, "value", STOP_ON_FAILURE): Attribute 'value' of object 'Object Repository/Objects.DateValidation/Page_ISPS2/input__orderDt' is: ''

2020-05-12 23:09:06 - [MESSAGE][PASSED] - Attribute 'value' of object 'Object Repository/Objects.DateValidation/Page_ISPS2/input__orderDt' is: ''

2020-05-12 23:09:06 - [TEST_STEP][PASSED] - verifyMatch("", getInputSpecialChar, true, STOP_ON_FAILURE): Actual text '' and expected text '' are matched  using regular expression

2020-05-12 23:09:06 - [MESSAGE][PASSED] - Actual text '' and expected text '' are matched  using regular expression

2020-05-12 23:09:06 - [TEST_STEP][PASSED] - delay(5): Delayed 5 second(s)

2020-05-12 23:09:11 - [MESSAGE][PASSED] - Delayed 5 second(s)

2020-05-12 23:09:11 - [TEST_STEP][PASSED] - setText(DateFieldNm, RandomNumeric): Text '09978' is set on object 'Object Repository/Objects.DateValidation/Page_ISPS2/input__orderDt'

2020-05-12 23:09:12 - [MESSAGE][PASSED] - Text '09978' is set on object 'Object Repository/Objects.DateValidation/Page_ISPS2/input__orderDt'

2020-05-12 23:09:12 - [TEST_STEP][PASSED] - getInputInvalidDate = getAttribute(findTestObject("Objects.DateValidation/Page_ISPS2/tooltipErrMsgInvalidDate"), "value", STOP_ON_FAILURE): Attribute 'value' of object 'Object Repository/Objects.DateValidation/Page_ISPS2/tooltipErrMsgInvalidDate' is: '09978'

2020-05-12 23:09:12 - [MESSAGE][PASSED] - Attribute 'value' of object 'Object Repository/Objects.DateValidation/Page_ISPS2/tooltipErrMsgInvalidDate' is: '09978'

2020-05-12 23:09:12 - [TEST_STEP][PASSED] - mouseOver(findTestObject("Objects.DateValidation/Page_ISPS2/tooltipErrMsgInvalidDate"), STOP_ON_FAILURE): Object: 'Object Repository/Objects.DateValidation/Page_ISPS2/tooltipErrMsgInvalidDate' is hovered

2020-05-12 23:09:13 - [MESSAGE][PASSED] - Object: 'Object Repository/Objects.DateValidation/Page_ISPS2/tooltipErrMsgInvalidDate' is hovered

2020-05-12 23:09:13 - [TEST_STEP][PASSED] - getErrMsg = getAttribute(findTestObject("Objects.DateValidation/Page_ISPS2/tooltipErrMsgInvalidDate"), "data-errorqtip", STOP_ON_FAILURE): Attribute 'data-errorqtip' of object 'Object Repository/Objects.DateValidation/Page_ISPS2/tooltipErrMsgInvalidDate' is: '<ul class="x-list-plain"><li>Start time must be less than end time</li><li>09978 is not a valid date - it must be in the format d/m/Y</li></ul>'

2020-05-12 23:09:13 - [MESSAGE][PASSED] - Attribute 'data-errorqtip' of object 'Object Repository/Objects.DateValidation/Page_ISPS2/tooltipErrMsgInvalidDate' is: '<ul class="x-list-plain"><li>Start time must be less than end time</li><li>09978 is not a valid date - it must be in the format d/m/Y</li></ul>'

2020-05-12 23:09:13 - [TEST_STEP][PASSED] - if (getErrMsg.contains("Start")): Actual text 'Start time must be less than end time 09978 is not a valid date - it must be in the format d/m/Y' and expected text 'Start time must be less than end time 09978 is not a valid date - it must be in the format d/m/Y' are matched  using regular expression

2020-05-12 23:09:13 - [TEST_STEP][PASSED] - RmvCd = getErrMsg.substring(0, 75): null

2020-05-12 23:09:13 - [TEST_STEP][PASSED] - FirstErrMsg = RmvCd.substring(29, 66): null

2020-05-12 23:09:13 - [TEST_STEP][PASSED] - getTotalLength = getErrMsg.length(): null

2020-05-12 23:09:13 - [TEST_STEP][PASSED] - RmvCd = getErrMsg.substring(75, getTotalLength): null

2020-05-12 23:09:13 - [TEST_STEP][PASSED] - lenInv = RmvCd.length() - 10: null

2020-05-12 23:09:13 - [TEST_STEP][PASSED] - InvErrMsg = RmvCd.substring(0, lenInv): null

2020-05-12 23:09:13 - [TEST_STEP][PASSED] - ExpectedInvalidErrMsg2 = concatenate(InvDtErr, " ", getInputInvalidDate, " ", NotValidDt): Concatenated string array: '['Start time must be less than end time',' ','09978',' ','is not a valid date - it must be in the format d/m/Y']' into 'Start time must be less than end time 09978 is not a valid date - it must be in the format d/m/Y'

2020-05-12 23:09:13 - [MESSAGE][PASSED] - Concatenated string array: '['Start time must be less than end time',' ','09978',' ','is not a valid date - it must be in the format d/m/Y']' into 'Start time must be less than end time 09978 is not a valid date - it must be in the format d/m/Y'

2020-05-12 23:09:13 - [TEST_STEP][PASSED] - ActualInvErrMsg = concatenate(FirstErrMsg, " ", InvErrMsg): Concatenated string array: '['Start time must be less than end time',' ','09978 is not a valid date - it must be in the format d/m/Y']' into 'Start time must be less than end time 09978 is not a valid date - it must be in the format d/m/Y'

2020-05-12 23:09:13 - [MESSAGE][PASSED] - Concatenated string array: '['Start time must be less than end time',' ','09978 is not a valid date - it must be in the format d/m/Y']' into 'Start time must be less than end time 09978 is not a valid date - it must be in the format d/m/Y'

2020-05-12 23:09:13 - [TEST_STEP][PASSED] - verifyMatch(ActualInvErrMsg, ExpectedInvalidErrMsg2, true): Actual text 'Start time must be less than end time 09978 is not a valid date - it must be in the format d/m/Y' and expected text 'Start time must be less than end time 09978 is not a valid date - it must be in the format d/m/Y' are matched  using regular expression

2020-05-12 23:09:13 - [MESSAGE][PASSED] - Actual text 'Start time must be less than end time 09978 is not a valid date - it must be in the format d/m/Y' and expected text 'Start time must be less than end time 09978 is not a valid date - it must be in the format d/m/Y' are matched  using regular expression

2020-05-12 23:09:13 - [TEST_STEP][PASSED] - sendKeys(DateFieldNm, Keys.chord(ARROW_LEFT)): Keys 'LEFT + ' sent to object: 'Object Repository/Objects.DateValidation/Page_ISPS2/input__orderDt'

2020-05-12 23:09:14 - [MESSAGE][PASSED] - Keys 'LEFT + ' sent to object: 'Object Repository/Objects.DateValidation/Page_ISPS2/input__orderDt'

2020-05-12 23:09:14 - [TEST_STEP][PASSED] - sendKeys(DateFieldNm, Keys.chord(LEFT_CONTROL, "a")): Keys 'CONTROL + a' sent to object: 'Object Repository/Objects.DateValidation/Page_ISPS2/input__orderDt'

2020-05-12 23:09:14 - [MESSAGE][PASSED] - Keys 'CONTROL + a' sent to object: 'Object Repository/Objects.DateValidation/Page_ISPS2/input__orderDt'

2020-05-12 23:09:14 - [TEST_STEP][PASSED] - sendKeys(DateFieldNm, Keys.chord(BACK_SPACE)): Keys 'BACK_SPACE + ' sent to object: 'Object Repository/Objects.DateValidation/Page_ISPS2/input__orderDt'

2020-05-12 23:09:14 - [MESSAGE][PASSED] - Keys 'BACK_SPACE + ' sent to object: 'Object Repository/Objects.DateValidation/Page_ISPS2/input__orderDt'

2020-05-12 23:09:14 - [TEST_STEP][PASSED] - delay(5): Delayed 5 second(s)

2020-05-12 23:09:19 - [MESSAGE][PASSED] - Delayed 5 second(s)

2020-05-12 23:09:19 - [TEST_STEP][PASSED] - setText(DateFieldNm, TodayDate): Text '12/05/2020' is set on object 'Object Repository/Objects.DateValidation/Page_ISPS2/input__orderDt'

2020-05-12 23:09:19 - [MESSAGE][PASSED] - Text '12/05/2020' is set on object 'Object Repository/Objects.DateValidation/Page_ISPS2/input__orderDt'

2020-05-12 23:09:19 - [TEST_STEP][PASSED] - verifyElementNotPresent(findTestObject("Objects.DateValidation/Page_ISPS2/tooltipReqErrMsg"), 0): Web element with id: 'Object Repository/Objects.DateValidation/Page_ISPS2/tooltipReqErrMsg' located by 'By.xpath: //input[contains(@data-errorqtip, 'required') and @name = 'eotFromDate']' is not present after '30' second(s)

2020-05-12 23:09:20 - [MESSAGE][WARNING] - Timeout '0' is invalid. Using default page load timeout: '30'

2020-05-12 23:09:20 - [MESSAGE][PASSED] - Web element with id: 'Object Repository/Objects.DateValidation/Page_ISPS2/tooltipReqErrMsg' located by 'By.xpath: //input[contains(@data-errorqtip, 'required') and @name = 'eotFromDate']' is not present after '30' second(s)

2020-05-12 23:09:20 - [TEST_STEP][PASSED] - sendKeys(DateFieldNm, Keys.chord(ARROW_LEFT)): Keys 'LEFT + ' sent to object: 'Object Repository/Objects.DateValidation/Page_ISPS2/input__orderDt'

2020-05-12 23:09:20 - [MESSAGE][PASSED] - Keys 'LEFT + ' sent to object: 'Object Repository/Objects.DateValidation/Page_ISPS2/input__orderDt'

2020-05-12 23:09:20 - [TEST_STEP][PASSED] - sendKeys(DateFieldNm, Keys.chord(LEFT_CONTROL, "a")): Keys 'CONTROL + a' sent to object: 'Object Repository/Objects.DateValidation/Page_ISPS2/input__orderDt'

2020-05-12 23:09:20 - [MESSAGE][PASSED] - Keys 'CONTROL + a' sent to object: 'Object Repository/Objects.DateValidation/Page_ISPS2/input__orderDt'

2020-05-12 23:09:20 - [TEST_STEP][PASSED] - sendKeys(DateFieldNm, Keys.chord(BACK_SPACE)): Keys 'BACK_SPACE + ' sent to object: 'Object Repository/Objects.DateValidation/Page_ISPS2/input__orderDt'

2020-05-12 23:09:21 - [MESSAGE][PASSED] - Keys 'BACK_SPACE + ' sent to object: 'Object Repository/Objects.DateValidation/Page_ISPS2/input__orderDt'

2020-05-12 23:09:21 - [TEST_STEP][PASSED] - delay(5): Delayed 5 second(s)

2020-05-12 23:09:26 - [MESSAGE][PASSED] - Delayed 5 second(s)

2020-05-12 23:09:26 - [TEST_STEP][PASSED] - focus(DateFieldNm): Object: 'Object Repository/Objects.DateValidation/Page_ISPS2/input__orderDt' is focused

2020-05-12 23:09:26 - [MESSAGE][PASSED] - Object: 'Object Repository/Objects.DateValidation/Page_ISPS2/input__orderDt' is focused

2020-05-12 23:09:26 - [TEST_STEP][PASSED] - mouseOver(DateFieldNm): Object: 'Object Repository/Objects.DateValidation/Page_ISPS2/input__orderDt' is hovered

2020-05-12 23:09:26 - [MESSAGE][PASSED] - Object: 'Object Repository/Objects.DateValidation/Page_ISPS2/input__orderDt' is hovered

2020-05-12 23:09:26 - [TEST_STEP][PASSED] - getRqErrMsg = getAttribute(DateFieldNm, "data-errorqtip", STOP_ON_FAILURE): Attribute 'data-errorqtip' of object 'Object Repository/Objects.DateValidation/Page_ISPS2/input__orderDt' is: '<ul class="x-list-plain"><li>This field is required</li></ul>'

2020-05-12 23:09:27 - [MESSAGE][PASSED] - Attribute 'data-errorqtip' of object 'Object Repository/Objects.DateValidation/Page_ISPS2/input__orderDt' is: '<ul class="x-list-plain"><li>This field is required</li></ul>'

2020-05-12 23:09:27 - [TEST_STEP][PASSED] - strToolTip = getRqErrMsg.substring(29, 61): null

2020-05-12 23:09:27 - [TEST_STEP][PASSED] - toolTipReqErrMsg = strToolTip.substring(0, 22): null

2020-05-12 23:09:27 - [TEST_STEP][PASSED] - verifyMatch(toolTipReqErrMsg, RqField, true, STOP_ON_FAILURE): Actual text 'This field is required' and expected text 'This field is required' are matched  using regular expression

2020-05-12 23:09:27 - [MESSAGE][PASSED] - Actual text 'This field is required' and expected text 'This field is required' are matched  using regular expression

2020-05-12 23:09:27 - [TEST_STEP][PASSED] - if (PastDtValidation == "Y"): null

2020-05-12 23:09:27 - [TEST_STEP][PASSED] - sendKeys(DateFieldNm, Keys.chord(ARROW_DOWN)): Keys 'DOWN + ' sent to object: 'Object Repository/Objects.DateValidation/Page_ISPS2/input__orderDt'

2020-05-12 23:09:27 - [MESSAGE][PASSED] - Keys 'DOWN + ' sent to object: 'Object Repository/Objects.DateValidation/Page_ISPS2/input__orderDt'

2020-05-12 23:09:27 - [TEST_STEP][PASSED] - com.reusableComponents.HighlightElement.run(TodayBtn): com.reusableComponents.HighlightElement.run is PASSED

2020-05-12 23:09:28 - [MESSAGE][PASSED] - com.reusableComponents.HighlightElement.run is PASSED

2020-05-12 23:09:28 - [TEST_STEP][PASSED] - click(TodayBtn): Object: 'Object Repository/Objects.DateValidation/Page_ISPS2/a_Today' is clicked on

2020-05-12 23:09:28 - [MESSAGE][PASSED] - Object: 'Object Repository/Objects.DateValidation/Page_ISPS2/a_Today' is clicked on

2020-05-12 23:09:28 - [TEST_STEP][PASSED] - GetEnteredDt = getAttribute(DateFieldNm, "value", STOP_ON_FAILURE): Attribute 'value' of object 'Object Repository/Objects.DateValidation/Page_ISPS2/input__orderDt' is: '12/05/2020'

2020-05-12 23:09:29 - [MESSAGE][PASSED] - Attribute 'value' of object 'Object Repository/Objects.DateValidation/Page_ISPS2/input__orderDt' is: '12/05/2020'

2020-05-12 23:09:29 - [TEST_STEP][PASSED] - verifyMatch(GetEnteredDt, TodayDate, true): Actual text '12/05/2020' and expected text '12/05/2020' are matched  using regular expression

2020-05-12 23:09:29 - [MESSAGE][PASSED] - Actual text '12/05/2020' and expected text '12/05/2020' are matched  using regular expression

2020-05-12 23:09:29 - [MESSAGE][PASSED] - Call Test Case 'Test Cases/Components/00_Precision and Scale/DateValidation' successfully

2020-05-12 23:09:29 - [TEST_STEP][PASSED] - callTestCase(findTestCase("Components/00_Precision and Scale/DateValidation"), ["LblNm":"EOT To Date *:", "FldNm":"eotToDate", "MinLen":10, "index":2, "PastDtValidation":"Y"], STOP_ON_FAILURE): Call Test Case 'Test Cases/Components/00_Precision and Scale/DateValidation' successfully

2020-05-12 23:09:29 - [TEST_CASE][PASSED] - Test Cases/Components/00_Precision and Scale/DateValidation: Test Cases/Components/00_Precision and Scale/DateValidation

2020-05-12 23:09:29 - [TEST_STEP][PASSED] - Thread.sleep(3000): null

2020-05-12 23:09:32 - [TEST_STEP][PASSED] - date = new java.util.Date(): null

2020-05-12 23:09:32 - [TEST_STEP][PASSED] - CurrentDate = new java.text.SimpleDateFormat(dd/MM/yyyy): null

2020-05-12 23:09:32 - [TEST_STEP][PASSED] - TodayDate = CurrentDate.format(date): null

2020-05-12 23:09:32 - [TEST_STEP][PASSED] - Alphabetic = z).join(): null

2020-05-12 23:09:32 - [TEST_STEP][PASSED] - Numeric = 9).join(): null

2020-05-12 23:09:32 - [TEST_STEP][PASSED] - SpecialChar = "`~!@#$%^&*()-=+_{}|\][;'":,.?><"": null

2020-05-12 23:09:32 - [TEST_STEP][PASSED] - RandomAlpha = RandomStringUtils.random(MinLen, Alphabetic.toCharArray()): null

2020-05-12 23:09:32 - [TEST_STEP][PASSED] - RandomNumeric = RandomStringUtils.random(MinLen, Numeric): null

2020-05-12 23:09:32 - [TEST_STEP][PASSED] - RdmSpChar = RandomStringUtils.random(MinLen, SpecialChar): null

2020-05-12 23:09:32 - [TEST_STEP][PASSED] - NewLblNm = modifyObjectProperty(findTestObject("Objects.DateValidation/Page_ISPS2/label_Name"), "text", "equals", LblNm, true): Modify property of object successfully

2020-05-12 23:09:32 - [MESSAGE][PASSED] - Modify property of object successfully

2020-05-12 23:09:32 - [TEST_STEP][PASSED] - TodayBtn = modifyObjectProperty(findTestObject("Object Repository/Objects.DateValidation/Page_ISPS2/a_Today"), "xpath", "equals", "(//*[text() = 'Today'])[" + index + "]", true): Modify property of object successfully

2020-05-12 23:09:32 - [MESSAGE][PASSED] - Modify property of object successfully

2020-05-12 23:09:32 - [TEST_STEP][PASSED] - com.reusableComponents.HighlightElement.run(NewLblNm): com.reusableComponents.HighlightElement.run is PASSED

2020-05-12 23:09:32 - [MESSAGE][PASSED] - com.reusableComponents.HighlightElement.run is PASSED

2020-05-12 23:09:32 - [TEST_STEP][PASSED] - DateFieldNm = modifyObjectProperty(findTestObject("Object Repository/Objects.DateValidation/Page_ISPS2/input__orderDt"), "name", "equals", FldNm, true): Modify property of object successfully

2020-05-12 23:09:32 - [MESSAGE][PASSED] - Modify property of object successfully

2020-05-12 23:09:32 - [TEST_STEP][PASSED] - com.reusableComponents.HighlightElement.run(DateFieldNm): com.reusableComponents.HighlightElement.run is PASSED

2020-05-12 23:09:33 - [MESSAGE][PASSED] - com.reusableComponents.HighlightElement.run is PASSED

2020-05-12 23:09:33 - [TEST_STEP][PASSED] - focus(DateFieldNm): Object: 'Object Repository/Objects.DateValidation/Page_ISPS2/input__orderDt' is focused

2020-05-12 23:09:33 - [MESSAGE][PASSED] - Object: 'Object Repository/Objects.DateValidation/Page_ISPS2/input__orderDt' is focused

2020-05-12 23:09:33 - [TEST_STEP][PASSED] - DefaultValue = getAttribute(DateFieldNm, "value", STOP_ON_FAILURE): Attribute 'value' of object 'Object Repository/Objects.DateValidation/Page_ISPS2/input__orderDt' is: ''

2020-05-12 23:09:34 - [MESSAGE][PASSED] - Attribute 'value' of object 'Object Repository/Objects.DateValidation/Page_ISPS2/input__orderDt' is: ''

2020-05-12 23:09:34 - [TEST_STEP][PASSED] - verifyMatch(DefaultValue, "", true): Actual text '' and expected text '' are matched  using regular expression

2020-05-12 23:09:34 - [MESSAGE][PASSED] - Actual text '' and expected text '' are matched  using regular expression

2020-05-12 23:09:34 - [TEST_STEP][PASSED] - setText(DateFieldNm, RandomAlpha): Text 'oLWdiYRolb' is set on object 'Object Repository/Objects.DateValidation/Page_ISPS2/input__orderDt'

2020-05-12 23:09:34 - [MESSAGE][PASSED] - Text 'oLWdiYRolb' is set on object 'Object Repository/Objects.DateValidation/Page_ISPS2/input__orderDt'

2020-05-12 23:09:34 - [TEST_STEP][PASSED] - getInputAlpha = getAttribute(DateFieldNm, "value", STOP_ON_FAILURE): Attribute 'value' of object 'Object Repository/Objects.DateValidation/Page_ISPS2/input__orderDt' is: ''

2020-05-12 23:09:34 - [MESSAGE][PASSED] - Attribute 'value' of object 'Object Repository/Objects.DateValidation/Page_ISPS2/input__orderDt' is: ''

2020-05-12 23:09:34 - [TEST_STEP][PASSED] - verifyMatch("", getInputAlpha, true, STOP_ON_FAILURE): Actual text '' and expected text '' are matched  using regular expression

2020-05-12 23:09:34 - [MESSAGE][PASSED] - Actual text '' and expected text '' are matched  using regular expression

2020-05-12 23:09:34 - [TEST_STEP][PASSED] - delay(5): Delayed 5 second(s)

2020-05-12 23:09:39 - [MESSAGE][PASSED] - Delayed 5 second(s)

2020-05-12 23:09:39 - [TEST_STEP][PASSED] - setText(DateFieldNm, RdmSpChar): Text '\]'\]@"@'!' is set on object 'Object Repository/Objects.DateValidation/Page_ISPS2/input__orderDt'

2020-05-12 23:09:40 - [MESSAGE][PASSED] - Text '\]'\]@"@'!' is set on object 'Object Repository/Objects.DateValidation/Page_ISPS2/input__orderDt'

2020-05-12 23:09:40 - [TEST_STEP][PASSED] - getInputSpecialChar = getAttribute(DateFieldNm, "value", STOP_ON_FAILURE): Attribute 'value' of object 'Object Repository/Objects.DateValidation/Page_ISPS2/input__orderDt' is: ''

2020-05-12 23:09:40 - [MESSAGE][PASSED] - Attribute 'value' of object 'Object Repository/Objects.DateValidation/Page_ISPS2/input__orderDt' is: ''

2020-05-12 23:09:40 - [TEST_STEP][PASSED] - verifyMatch("", getInputSpecialChar, true, STOP_ON_FAILURE): Actual text '' and expected text '' are matched  using regular expression

2020-05-12 23:09:40 - [MESSAGE][PASSED] - Actual text '' and expected text '' are matched  using regular expression

2020-05-12 23:09:40 - [TEST_STEP][PASSED] - delay(5): Delayed 5 second(s)

2020-05-12 23:09:45 - [MESSAGE][PASSED] - Delayed 5 second(s)

2020-05-12 23:09:45 - [TEST_STEP][PASSED] - setText(DateFieldNm, RandomNumeric): Text '3168779284' is set on object 'Object Repository/Objects.DateValidation/Page_ISPS2/input__orderDt'

2020-05-12 23:09:45 - [MESSAGE][PASSED] - Text '3168779284' is set on object 'Object Repository/Objects.DateValidation/Page_ISPS2/input__orderDt'

2020-05-12 23:09:45 - [TEST_STEP][PASSED] - getInputInvalidDate = getAttribute(findTestObject("Objects.DateValidation/Page_ISPS2/tooltipErrMsgInvalidDate"), "value", STOP_ON_FAILURE): Attribute 'value' of object 'Object Repository/Objects.DateValidation/Page_ISPS2/tooltipErrMsgInvalidDate' is: '3168779284'

2020-05-12 23:09:46 - [MESSAGE][PASSED] - Attribute 'value' of object 'Object Repository/Objects.DateValidation/Page_ISPS2/tooltipErrMsgInvalidDate' is: '3168779284'

2020-05-12 23:09:46 - [TEST_STEP][PASSED] - mouseOver(findTestObject("Objects.DateValidation/Page_ISPS2/tooltipErrMsgInvalidDate"), STOP_ON_FAILURE): Object: 'Object Repository/Objects.DateValidation/Page_ISPS2/tooltipErrMsgInvalidDate' is hovered

2020-05-12 23:09:46 - [MESSAGE][PASSED] - Object: 'Object Repository/Objects.DateValidation/Page_ISPS2/tooltipErrMsgInvalidDate' is hovered

2020-05-12 23:09:46 - [TEST_STEP][PASSED] - getErrMsg = getAttribute(findTestObject("Objects.DateValidation/Page_ISPS2/tooltipErrMsgInvalidDate"), "data-errorqtip", STOP_ON_FAILURE): Attribute 'data-errorqtip' of object 'Object Repository/Objects.DateValidation/Page_ISPS2/tooltipErrMsgInvalidDate' is: '<ul class="x-list-plain"><li>Start time must be less than end time</li><li>3168779284 is not a valid date - it must be in the format d/m/Y</li></ul>'

2020-05-12 23:09:46 - [MESSAGE][PASSED] - Attribute 'data-errorqtip' of object 'Object Repository/Objects.DateValidation/Page_ISPS2/tooltipErrMsgInvalidDate' is: '<ul class="x-list-plain"><li>Start time must be less than end time</li><li>3168779284 is not a valid date - it must be in the format d/m/Y</li></ul>'

2020-05-12 23:09:46 - [TEST_STEP][PASSED] - if (getErrMsg.contains("Start")): Actual text 'Start time must be less than end time 3168779284 is not a valid date - it must be in the format d/m/Y' and expected text 'Start time must be less than end time 3168779284 is not a valid date - it must be in the format d/m/Y' are matched  using regular expression

2020-05-12 23:09:46 - [TEST_STEP][PASSED] - RmvCd = getErrMsg.substring(0, 75): null

2020-05-12 23:09:46 - [TEST_STEP][PASSED] - FirstErrMsg = RmvCd.substring(29, 66): null

2020-05-12 23:09:46 - [TEST_STEP][PASSED] - getTotalLength = getErrMsg.length(): null

2020-05-12 23:09:46 - [TEST_STEP][PASSED] - RmvCd = getErrMsg.substring(75, getTotalLength): null

2020-05-12 23:09:46 - [TEST_STEP][PASSED] - lenInv = RmvCd.length() - 10: null

2020-05-12 23:09:46 - [TEST_STEP][PASSED] - InvErrMsg = RmvCd.substring(0, lenInv): null

2020-05-12 23:09:46 - [TEST_STEP][PASSED] - ExpectedInvalidErrMsg2 = concatenate(InvDtErr, " ", getInputInvalidDate, " ", NotValidDt): Concatenated string array: '['Start time must be less than end time',' ','3168779284',' ','is not a valid date - it must be in the format d/m/Y']' into 'Start time must be less than end time 3168779284 is not a valid date - it must be in the format d/m/Y'

2020-05-12 23:09:46 - [MESSAGE][PASSED] - Concatenated string array: '['Start time must be less than end time',' ','3168779284',' ','is not a valid date - it must be in the format d/m/Y']' into 'Start time must be less than end time 3168779284 is not a valid date - it must be in the format d/m/Y'

2020-05-12 23:09:46 - [TEST_STEP][PASSED] - ActualInvErrMsg = concatenate(FirstErrMsg, " ", InvErrMsg): Concatenated string array: '['Start time must be less than end time',' ','3168779284 is not a valid date - it must be in the format d/m/Y']' into 'Start time must be less than end time 3168779284 is not a valid date - it must be in the format d/m/Y'

2020-05-12 23:09:46 - [MESSAGE][PASSED] - Concatenated string array: '['Start time must be less than end time',' ','3168779284 is not a valid date - it must be in the format d/m/Y']' into 'Start time must be less than end time 3168779284 is not a valid date - it must be in the format d/m/Y'

2020-05-12 23:09:46 - [TEST_STEP][PASSED] - verifyMatch(ActualInvErrMsg, ExpectedInvalidErrMsg2, true): Actual text 'Start time must be less than end time 3168779284 is not a valid date - it must be in the format d/m/Y' and expected text 'Start time must be less than end time 3168779284 is not a valid date - it must be in the format d/m/Y' are matched  using regular expression

2020-05-12 23:09:46 - [MESSAGE][PASSED] - Actual text 'Start time must be less than end time 3168779284 is not a valid date - it must be in the format d/m/Y' and expected text 'Start time must be less than end time 3168779284 is not a valid date - it must be in the format d/m/Y' are matched  using regular expression

2020-05-12 23:09:46 - [TEST_STEP][PASSED] - sendKeys(DateFieldNm, Keys.chord(ARROW_LEFT)): Keys 'LEFT + ' sent to object: 'Object Repository/Objects.DateValidation/Page_ISPS2/input__orderDt'

2020-05-12 23:09:47 - [MESSAGE][PASSED] - Keys 'LEFT + ' sent to object: 'Object Repository/Objects.DateValidation/Page_ISPS2/input__orderDt'

2020-05-12 23:09:47 - [TEST_STEP][PASSED] - sendKeys(DateFieldNm, Keys.chord(LEFT_CONTROL, "a")): Keys 'CONTROL + a' sent to object: 'Object Repository/Objects.DateValidation/Page_ISPS2/input__orderDt'

2020-05-12 23:09:47 - [MESSAGE][PASSED] - Keys 'CONTROL + a' sent to object: 'Object Repository/Objects.DateValidation/Page_ISPS2/input__orderDt'

2020-05-12 23:09:47 - [TEST_STEP][PASSED] - sendKeys(DateFieldNm, Keys.chord(BACK_SPACE)): Keys 'BACK_SPACE + ' sent to object: 'Object Repository/Objects.DateValidation/Page_ISPS2/input__orderDt'

2020-05-12 23:09:47 - [MESSAGE][PASSED] - Keys 'BACK_SPACE + ' sent to object: 'Object Repository/Objects.DateValidation/Page_ISPS2/input__orderDt'

2020-05-12 23:09:47 - [TEST_STEP][PASSED] - delay(5): Delayed 5 second(s)

2020-05-12 23:09:52 - [MESSAGE][PASSED] - Delayed 5 second(s)

2020-05-12 23:09:52 - [TEST_STEP][PASSED] - setText(DateFieldNm, TodayDate): Text '12/05/2020' is set on object 'Object Repository/Objects.DateValidation/Page_ISPS2/input__orderDt'

2020-05-12 23:09:53 - [MESSAGE][PASSED] - Text '12/05/2020' is set on object 'Object Repository/Objects.DateValidation/Page_ISPS2/input__orderDt'

2020-05-12 23:09:53 - [TEST_STEP][PASSED] - verifyElementNotPresent(findTestObject("Objects.DateValidation/Page_ISPS2/tooltipReqErrMsg"), 0): Web element with id: 'Object Repository/Objects.DateValidation/Page_ISPS2/tooltipReqErrMsg' located by 'By.xpath: //input[contains(@data-errorqtip, 'required') and @name = 'eotFromDate']' is not present after '30' second(s)

2020-05-12 23:09:53 - [MESSAGE][WARNING] - Timeout '0' is invalid. Using default page load timeout: '30'

2020-05-12 23:09:53 - [MESSAGE][PASSED] - Web element with id: 'Object Repository/Objects.DateValidation/Page_ISPS2/tooltipReqErrMsg' located by 'By.xpath: //input[contains(@data-errorqtip, 'required') and @name = 'eotFromDate']' is not present after '30' second(s)

2020-05-12 23:09:53 - [TEST_STEP][PASSED] - sendKeys(DateFieldNm, Keys.chord(ARROW_LEFT)): Keys 'LEFT + ' sent to object: 'Object Repository/Objects.DateValidation/Page_ISPS2/input__orderDt'

2020-05-12 23:09:53 - [MESSAGE][PASSED] - Keys 'LEFT + ' sent to object: 'Object Repository/Objects.DateValidation/Page_ISPS2/input__orderDt'

2020-05-12 23:09:53 - [TEST_STEP][PASSED] - sendKeys(DateFieldNm, Keys.chord(LEFT_CONTROL, "a")): Keys 'CONTROL + a' sent to object: 'Object Repository/Objects.DateValidation/Page_ISPS2/input__orderDt'

2020-05-12 23:09:54 - [MESSAGE][PASSED] - Keys 'CONTROL + a' sent to object: 'Object Repository/Objects.DateValidation/Page_ISPS2/input__orderDt'

2020-05-12 23:09:54 - [TEST_STEP][PASSED] - sendKeys(DateFieldNm, Keys.chord(BACK_SPACE)): Keys 'BACK_SPACE + ' sent to object: 'Object Repository/Objects.DateValidation/Page_ISPS2/input__orderDt'

2020-05-12 23:09:54 - [MESSAGE][PASSED] - Keys 'BACK_SPACE + ' sent to object: 'Object Repository/Objects.DateValidation/Page_ISPS2/input__orderDt'

2020-05-12 23:09:54 - [TEST_STEP][PASSED] - delay(5): Delayed 5 second(s)

2020-05-12 23:09:59 - [MESSAGE][PASSED] - Delayed 5 second(s)

2020-05-12 23:09:59 - [TEST_STEP][PASSED] - focus(DateFieldNm): Object: 'Object Repository/Objects.DateValidation/Page_ISPS2/input__orderDt' is focused

2020-05-12 23:09:59 - [MESSAGE][PASSED] - Object: 'Object Repository/Objects.DateValidation/Page_ISPS2/input__orderDt' is focused

2020-05-12 23:09:59 - [TEST_STEP][PASSED] - mouseOver(DateFieldNm): Object: 'Object Repository/Objects.DateValidation/Page_ISPS2/input__orderDt' is hovered

2020-05-12 23:10:00 - [MESSAGE][PASSED] - Object: 'Object Repository/Objects.DateValidation/Page_ISPS2/input__orderDt' is hovered

2020-05-12 23:10:00 - [TEST_STEP][PASSED] - getRqErrMsg = getAttribute(DateFieldNm, "data-errorqtip", STOP_ON_FAILURE): Attribute 'data-errorqtip' of object 'Object Repository/Objects.DateValidation/Page_ISPS2/input__orderDt' is: '<ul class="x-list-plain"><li>This field is required</li></ul>'

2020-05-12 23:10:00 - [MESSAGE][PASSED] - Attribute 'data-errorqtip' of object 'Object Repository/Objects.DateValidation/Page_ISPS2/input__orderDt' is: '<ul class="x-list-plain"><li>This field is required</li></ul>'

2020-05-12 23:10:00 - [TEST_STEP][PASSED] - strToolTip = getRqErrMsg.substring(29, 61): null

2020-05-12 23:10:00 - [TEST_STEP][PASSED] - toolTipReqErrMsg = strToolTip.substring(0, 22): null

2020-05-12 23:10:00 - [TEST_STEP][PASSED] - verifyMatch(toolTipReqErrMsg, RqField, true, STOP_ON_FAILURE): Actual text 'This field is required' and expected text 'This field is required' are matched  using regular expression

2020-05-12 23:10:00 - [MESSAGE][PASSED] - Actual text 'This field is required' and expected text 'This field is required' are matched  using regular expression

2020-05-12 23:10:00 - [TEST_STEP][PASSED] - if (PastDtValidation == "Y"): Text of object 'Object Repository/Objects.DateValidation/Page_ISPS2/input__orderDt' is cleared

2020-05-12 23:10:00 - [TEST_STEP][PASSED] - delay(5): Delayed 5 second(s)

2020-05-12 23:10:05 - [MESSAGE][PASSED] - Delayed 5 second(s)

2020-05-12 23:10:05 - [TEST_STEP][PASSED] - GetDate = date - 30: null

2020-05-12 23:10:05 - [TEST_STEP][PASSED] - PastDate = GetDate.format("dd/MM/yyyy"): null

2020-05-12 23:10:05 - [TEST_STEP][PASSED] - setText(DateFieldNm, PastDate): Text '12/04/2020' is set on object 'Object Repository/Objects.DateValidation/Page_ISPS2/input__orderDt'

2020-05-12 23:10:06 - [MESSAGE][PASSED] - Text '12/04/2020' is set on object 'Object Repository/Objects.DateValidation/Page_ISPS2/input__orderDt'

2020-05-12 23:10:06 - [TEST_STEP][PASSED] - mouseOver(findTestObject("Objects.DateValidation/Page_ISPS2/tooltipErrDate"), STOP_ON_FAILURE): Object: 'Object Repository/Objects.DateValidation/Page_ISPS2/tooltipErrDate' is hovered

2020-05-12 23:10:06 - [MESSAGE][PASSED] - Object: 'Object Repository/Objects.DateValidation/Page_ISPS2/tooltipErrDate' is hovered

2020-05-12 23:10:06 - [TEST_STEP][PASSED] - PastDtErrMsg = getAttribute(findTestObject("Objects.DateValidation/Page_ISPS2/tooltipErrDate"), "data-errorqtip", STOP_ON_FAILURE): Attribute 'data-errorqtip' of object 'Object Repository/Objects.DateValidation/Page_ISPS2/tooltipErrDate' is: '<ul class="x-list-plain"><li>The date in this field must be after 12/05/2020</li></ul>'

2020-05-12 23:10:07 - [MESSAGE][PASSED] - Attribute 'data-errorqtip' of object 'Object Repository/Objects.DateValidation/Page_ISPS2/tooltipErrDate' is: '<ul class="x-list-plain"><li>The date in this field must be after 12/05/2020</li></ul>'

2020-05-12 23:10:07 - [TEST_STEP][PASSED] - lenErrMsg = PastDtErrMsg.length(): null

2020-05-12 23:10:07 - [TEST_STEP][PASSED] - RmvCde = PastDtErrMsg.substring(29, lenErrMsg): null

2020-05-12 23:10:07 - [TEST_STEP][PASSED] - ActualErrDtMsg = RmvCde.substring(0, 47): null

2020-05-12 23:10:07 - [TEST_STEP][PASSED] - ExpectedErrDtMsg = concatenate(DtErrMsg, " ", TodayDate): Concatenated string array: '['The date in this field must be after',' ','12/05/2020']' into 'The date in this field must be after 12/05/2020'

2020-05-12 23:10:07 - [MESSAGE][PASSED] - Concatenated string array: '['The date in this field must be after',' ','12/05/2020']' into 'The date in this field must be after 12/05/2020'

2020-05-12 23:10:07 - [TEST_STEP][PASSED] - verifyMatch(ActualErrDtMsg, ExpectedErrDtMsg, true): Actual text 'The date in this field must be after 12/05/2020' and expected text 'The date in this field must be after 12/05/2020' are matched  using regular expression

2020-05-12 23:10:07 - [MESSAGE][PASSED] - Actual text 'The date in this field must be after 12/05/2020' and expected text 'The date in this field must be after 12/05/2020' are matched  using regular expression

2020-05-12 23:10:07 - [TEST_STEP][PASSED] - clearText(DateFieldNm): Text of object 'Object Repository/Objects.DateValidation/Page_ISPS2/input__orderDt' is cleared

2020-05-12 23:10:07 - [MESSAGE][PASSED] - Text of object 'Object Repository/Objects.DateValidation/Page_ISPS2/input__orderDt' is cleared

2020-05-12 23:10:07 - [TEST_STEP][PASSED] - sendKeys(DateFieldNm, Keys.chord(ARROW_DOWN)): Keys 'DOWN + ' sent to object: 'Object Repository/Objects.DateValidation/Page_ISPS2/input__orderDt'

2020-05-12 23:10:07 - [MESSAGE][PASSED] - Keys 'DOWN + ' sent to object: 'Object Repository/Objects.DateValidation/Page_ISPS2/input__orderDt'

2020-05-12 23:10:07 - [TEST_STEP][PASSED] - com.reusableComponents.HighlightElement.run(TodayBtn): com.reusableComponents.HighlightElement.run is PASSED

2020-05-12 23:10:08 - [MESSAGE][PASSED] - com.reusableComponents.HighlightElement.run is PASSED

2020-05-12 23:10:08 - [TEST_STEP][PASSED] - click(TodayBtn): Object: 'Object Repository/Objects.DateValidation/Page_ISPS2/a_Today' is clicked on

2020-05-12 23:10:09 - [MESSAGE][PASSED] - Object: 'Object Repository/Objects.DateValidation/Page_ISPS2/a_Today' is clicked on

2020-05-12 23:10:09 - [TEST_STEP][PASSED] - GetEnteredDt = getAttribute(DateFieldNm, "value", STOP_ON_FAILURE): Attribute 'value' of object 'Object Repository/Objects.DateValidation/Page_ISPS2/input__orderDt' is: '12/05/2020'

2020-05-12 23:10:09 - [MESSAGE][PASSED] - Attribute 'value' of object 'Object Repository/Objects.DateValidation/Page_ISPS2/input__orderDt' is: '12/05/2020'

2020-05-12 23:10:09 - [TEST_STEP][PASSED] - verifyMatch(GetEnteredDt, TodayDate, true): Actual text '12/05/2020' and expected text '12/05/2020' are matched  using regular expression

2020-05-12 23:10:09 - [MESSAGE][PASSED] - Actual text '12/05/2020' and expected text '12/05/2020' are matched  using regular expression

2020-05-12 23:10:09 - [MESSAGE][PASSED] - Call Test Case 'Test Cases/Components/00_Precision and Scale/DateValidation' successfully

2020-05-12 23:10:09 - [TEST_STEP][PASSED] - callTestCase(findTestCase("Components/00_Precision and Scale/OfficerValidation"), ["LblNm":"Approve Officer *:", "FldNm":"approveOfficerCmb", "EnterAValue":"1231@#$asdCV"], STOP_ON_FAILURE): Call Test Case 'Test Cases/Components/00_Precision and Scale/OfficerValidation' successfully

2020-05-12 23:10:09 - [TEST_CASE][PASSED] - Test Cases/Components/00_Precision and Scale/OfficerValidation: Test Cases/Components/00_Precision and Scale/OfficerValidation

2020-05-12 23:10:09 - [TEST_STEP][PASSED] - Thread.sleep(3000): null

2020-05-12 23:10:12 - [TEST_STEP][PASSED] - OfficerLists = [1:"Aaron Sham Wai Lun (AARON)", 2:"Azidah Bte Akmad (Mdm) (USAABD)", 3:"Chung Fong Nyen (USACFN)", 4:"David Tey Dah Wei (DAHWEI)", ... ]: null

2020-05-12 23:10:12 - [TEST_STEP][PASSED] - NewLblNmField = modifyObjectProperty(findTestObject("Objects.ApproveOfficerValidation/Page_ISPS2/span_Approve Officer"), "text", "equals", LblNm, true): Modify property of object successfully

2020-05-12 23:10:12 - [MESSAGE][PASSED] - Modify property of object successfully

2020-05-12 23:10:12 - [TEST_STEP][PASSED] - NewInputNmField = modifyObjectProperty(findTestObject("Objects.ApproveOfficerValidation/Page_ISPS2/input__approveOfficerCmb"), "name", "equals", FldNm, true): Modify property of object successfully

2020-05-12 23:10:12 - [MESSAGE][PASSED] - Modify property of object successfully

2020-05-12 23:10:12 - [TEST_STEP][PASSED] - com.reusableComponents.HighlightElement.run(NewLblNmField): com.reusableComponents.HighlightElement.run is PASSED

2020-05-12 23:10:13 - [MESSAGE][PASSED] - com.reusableComponents.HighlightElement.run is PASSED

2020-05-12 23:10:13 - [TEST_STEP][PASSED] - com.reusableComponents.HighlightElement.run(NewInputNmField): com.reusableComponents.HighlightElement.run is PASSED

2020-05-12 23:10:14 - [MESSAGE][PASSED] - com.reusableComponents.HighlightElement.run is PASSED

2020-05-12 23:10:14 - [TEST_STEP][PASSED] - focus(NewInputNmField): Object: 'Object Repository/Objects.ApproveOfficerValidation/Page_ISPS2/input__approveOfficerCmb' is focused

2020-05-12 23:10:14 - [MESSAGE][PASSED] - Object: 'Object Repository/Objects.ApproveOfficerValidation/Page_ISPS2/input__approveOfficerCmb' is focused

2020-05-12 23:10:14 - [TEST_STEP][PASSED] - DefaultValue = getAttribute(NewInputNmField, "value"): Attribute 'value' of object 'Object Repository/Objects.ApproveOfficerValidation/Page_ISPS2/input__approveOfficerCmb' is: ''

2020-05-12 23:10:14 - [MESSAGE][PASSED] - Attribute 'value' of object 'Object Repository/Objects.ApproveOfficerValidation/Page_ISPS2/input__approveOfficerCmb' is: ''

2020-05-12 23:10:14 - [TEST_STEP][PASSED] - verifyMatch(DefaultValue, "", true): Actual text '' and expected text '' are matched  using regular expression

2020-05-12 23:10:14 - [MESSAGE][PASSED] - Actual text '' and expected text '' are matched  using regular expression

2020-05-12 23:10:14 - [TEST_STEP][PASSED] - setText(NewInputNmField, EnterAValue): Text '1231@#$asdCV' is set on object 'Object Repository/Objects.ApproveOfficerValidation/Page_ISPS2/input__approveOfficerCmb'

2020-05-12 23:10:15 - [MESSAGE][PASSED] - Text '1231@#$asdCV' is set on object 'Object Repository/Objects.ApproveOfficerValidation/Page_ISPS2/input__approveOfficerCmb'

2020-05-12 23:10:15 - [TEST_STEP][PASSED] - sendKeys(NewInputNmField, Keys.chord(ENTER)): Keys 'ENTER + ' sent to object: 'Object Repository/Objects.ApproveOfficerValidation/Page_ISPS2/input__approveOfficerCmb'

2020-05-12 23:10:15 - [MESSAGE][PASSED] - Keys 'ENTER + ' sent to object: 'Object Repository/Objects.ApproveOfficerValidation/Page_ISPS2/input__approveOfficerCmb'

2020-05-12 23:10:15 - [TEST_STEP][PASSED] - FindValue = getAttribute(NewInputNmField, "value"): Attribute 'value' of object 'Object Repository/Objects.ApproveOfficerValidation/Page_ISPS2/input__approveOfficerCmb' is: '1231@#$asdCV'

2020-05-12 23:10:15 - [MESSAGE][PASSED] - Attribute 'value' of object 'Object Repository/Objects.ApproveOfficerValidation/Page_ISPS2/input__approveOfficerCmb' is: '1231@#$asdCV'

2020-05-12 23:10:15 - [TEST_STEP][PASSED] - ValueFound = OfficerLists.find({ -> ... }): null

2020-05-12 23:10:15 - [TEST_STEP][PASSED] - if (ValueFound == null): No Record Found

2020-05-12 23:10:15 - [TEST_STEP][PASSED] - comment("No Record Found"): No Record Found

2020-05-12 23:10:15 - [MESSAGE][INFO] - No Record Found

2020-05-12 23:10:15 - [TEST_STEP][PASSED] - focus(NewInputNmField): Object: 'Object Repository/Objects.ApproveOfficerValidation/Page_ISPS2/input__approveOfficerCmb' is focused

2020-05-12 23:10:16 - [MESSAGE][PASSED] - Object: 'Object Repository/Objects.ApproveOfficerValidation/Page_ISPS2/input__approveOfficerCmb' is focused

2020-05-12 23:10:16 - [TEST_STEP][PASSED] - sendKeys(NewInputNmField, Keys.chord(ARROW_LEFT)): Keys 'LEFT + ' sent to object: 'Object Repository/Objects.ApproveOfficerValidation/Page_ISPS2/input__approveOfficerCmb'

2020-05-12 23:10:16 - [MESSAGE][PASSED] - Keys 'LEFT + ' sent to object: 'Object Repository/Objects.ApproveOfficerValidation/Page_ISPS2/input__approveOfficerCmb'

2020-05-12 23:10:16 - [TEST_STEP][PASSED] - sendKeys(NewInputNmField, Keys.chord(LEFT_CONTROL, "a")): Keys 'CONTROL + a' sent to object: 'Object Repository/Objects.ApproveOfficerValidation/Page_ISPS2/input__approveOfficerCmb'

2020-05-12 23:10:16 - [MESSAGE][PASSED] - Keys 'CONTROL + a' sent to object: 'Object Repository/Objects.ApproveOfficerValidation/Page_ISPS2/input__approveOfficerCmb'

2020-05-12 23:10:16 - [TEST_STEP][PASSED] - sendKeys(NewInputNmField, Keys.chord(BACK_SPACE)): Keys 'BACK_SPACE + ' sent to object: 'Object Repository/Objects.ApproveOfficerValidation/Page_ISPS2/input__approveOfficerCmb'

2020-05-12 23:10:16 - [MESSAGE][PASSED] - Keys 'BACK_SPACE + ' sent to object: 'Object Repository/Objects.ApproveOfficerValidation/Page_ISPS2/input__approveOfficerCmb'

2020-05-12 23:10:16 - [TEST_STEP][PASSED] - sendKeys(NewInputNmField, Keys.chord(TAB)): Keys 'TAB + ' sent to object: 'Object Repository/Objects.ApproveOfficerValidation/Page_ISPS2/input__approveOfficerCmb'

2020-05-12 23:10:17 - [MESSAGE][PASSED] - Keys 'TAB + ' sent to object: 'Object Repository/Objects.ApproveOfficerValidation/Page_ISPS2/input__approveOfficerCmb'

2020-05-12 23:10:17 - [TEST_STEP][PASSED] - mouseOver(NewInputNmField): Object: 'Object Repository/Objects.ApproveOfficerValidation/Page_ISPS2/input__approveOfficerCmb' is hovered

2020-05-12 23:10:18 - [MESSAGE][PASSED] - Object: 'Object Repository/Objects.ApproveOfficerValidation/Page_ISPS2/input__approveOfficerCmb' is hovered

2020-05-12 23:10:18 - [TEST_STEP][PASSED] - getRqErrMsg = getAttribute(NewInputNmField, "data-errorqtip"): Attribute 'data-errorqtip' of object 'Object Repository/Objects.ApproveOfficerValidation/Page_ISPS2/input__approveOfficerCmb' is: '<ul class="x-list-plain"><li>This field is required</li></ul>'

2020-05-12 23:10:18 - [MESSAGE][PASSED] - Attribute 'data-errorqtip' of object 'Object Repository/Objects.ApproveOfficerValidation/Page_ISPS2/input__approveOfficerCmb' is: '<ul class="x-list-plain"><li>This field is required</li></ul>'

2020-05-12 23:10:18 - [TEST_STEP][PASSED] - getlenErr = getRqErrMsg.length(): null

2020-05-12 23:10:18 - [TEST_STEP][PASSED] - strToolTip = getRqErrMsg.substring(29, getlenErr): null

2020-05-12 23:10:18 - [TEST_STEP][PASSED] - toolTipReqErrMsg = strToolTip.substring(0, 22): null

2020-05-12 23:10:18 - [TEST_STEP][PASSED] - verifyMatch(toolTipReqErrMsg, RqField, true): Actual text 'This field is required' and expected text 'This field is required' are matched  using regular expression

2020-05-12 23:10:18 - [MESSAGE][PASSED] - Actual text 'This field is required' and expected text 'This field is required' are matched  using regular expression

2020-05-12 23:10:18 - [TEST_STEP][PASSED] - focus(NewInputNmField): Object: 'Object Repository/Objects.ApproveOfficerValidation/Page_ISPS2/input__approveOfficerCmb' is focused

2020-05-12 23:10:18 - [MESSAGE][PASSED] - Object: 'Object Repository/Objects.ApproveOfficerValidation/Page_ISPS2/input__approveOfficerCmb' is focused

2020-05-12 23:10:18 - [TEST_STEP][PASSED] - for ([itr = 0, itr < OfficerLists.size(), (itr++)]): Keys 'DOWN + ' sent to object: 'Object Repository/Objects.ApproveOfficerValidation/Page_ISPS2/input__approveOfficerCmb'

2020-05-12 23:10:18 - [TEST_STEP][PASSED] - sendKeys(NewInputNmField, Keys.chord(ARROW_DOWN)): Keys 'DOWN + ' sent to object: 'Object Repository/Objects.ApproveOfficerValidation/Page_ISPS2/input__approveOfficerCmb'

2020-05-12 23:10:19 - [MESSAGE][PASSED] - Keys 'DOWN + ' sent to object: 'Object Repository/Objects.ApproveOfficerValidation/Page_ISPS2/input__approveOfficerCmb'

2020-05-12 23:10:19 - [TEST_STEP][PASSED] - sendKeys(NewInputNmField, Keys.chord(ENTER)): Keys 'ENTER + ' sent to object: 'Object Repository/Objects.ApproveOfficerValidation/Page_ISPS2/input__approveOfficerCmb'

2020-05-12 23:10:19 - [MESSAGE][PASSED] - Keys 'ENTER + ' sent to object: 'Object Repository/Objects.ApproveOfficerValidation/Page_ISPS2/input__approveOfficerCmb'

2020-05-12 23:10:19 - [TEST_STEP][PASSED] - ValueFound = getAttribute(NewInputNmField, "value"): Attribute 'value' of object 'Object Repository/Objects.ApproveOfficerValidation/Page_ISPS2/input__approveOfficerCmb' is: 'Aaron Sham Wai Lun (AARON)'

2020-05-12 23:10:20 - [MESSAGE][PASSED] - Attribute 'value' of object 'Object Repository/Objects.ApproveOfficerValidation/Page_ISPS2/input__approveOfficerCmb' is: 'Aaron Sham Wai Lun (AARON)'

2020-05-12 23:10:20 - [TEST_STEP][PASSED] - FoundVal = OfficerLists.find({ -> ... }): null

2020-05-12 23:10:20 - [TEST_STEP][PASSED] - if (FoundVal != null): null

2020-05-12 23:10:20 - [TEST_STEP][PASSED] - println(FoundVal): null

2020-05-12 23:10:20 - [TEST_STEP][PASSED] - sendKeys(NewInputNmField, Keys.chord(ARROW_DOWN)): Keys 'DOWN + ' sent to object: 'Object Repository/Objects.ApproveOfficerValidation/Page_ISPS2/input__approveOfficerCmb'

2020-05-12 23:10:20 - [MESSAGE][PASSED] - Keys 'DOWN + ' sent to object: 'Object Repository/Objects.ApproveOfficerValidation/Page_ISPS2/input__approveOfficerCmb'

2020-05-12 23:10:20 - [TEST_STEP][PASSED] - sendKeys(NewInputNmField, Keys.chord(ARROW_DOWN)): Keys 'DOWN + ' sent to object: 'Object Repository/Objects.ApproveOfficerValidation/Page_ISPS2/input__approveOfficerCmb'

2020-05-12 23:10:20 - [MESSAGE][PASSED] - Keys 'DOWN + ' sent to object: 'Object Repository/Objects.ApproveOfficerValidation/Page_ISPS2/input__approveOfficerCmb'

2020-05-12 23:10:20 - [TEST_STEP][PASSED] - sendKeys(NewInputNmField, Keys.chord(ENTER)): Keys 'ENTER + ' sent to object: 'Object Repository/Objects.ApproveOfficerValidation/Page_ISPS2/input__approveOfficerCmb'

2020-05-12 23:10:21 - [MESSAGE][PASSED] - Keys 'ENTER + ' sent to object: 'Object Repository/Objects.ApproveOfficerValidation/Page_ISPS2/input__approveOfficerCmb'

2020-05-12 23:10:21 - [TEST_STEP][PASSED] - ValueFound = getAttribute(NewInputNmField, "value"): Attribute 'value' of object 'Object Repository/Objects.ApproveOfficerValidation/Page_ISPS2/input__approveOfficerCmb' is: 'Azidah Bte Akmad (Mdm) (USAABD)'

2020-05-12 23:10:21 - [MESSAGE][PASSED] - Attribute 'value' of object 'Object Repository/Objects.ApproveOfficerValidation/Page_ISPS2/input__approveOfficerCmb' is: 'Azidah Bte Akmad (Mdm) (USAABD)'

2020-05-12 23:10:21 - [TEST_STEP][PASSED] - FoundVal = OfficerLists.find({ -> ... }): null

2020-05-12 23:10:21 - [TEST_STEP][PASSED] - if (FoundVal != null): null

2020-05-12 23:10:21 - [TEST_STEP][PASSED] - println(FoundVal): null

2020-05-12 23:10:21 - [TEST_STEP][PASSED] - sendKeys(NewInputNmField, Keys.chord(ARROW_DOWN)): Keys 'DOWN + ' sent to object: 'Object Repository/Objects.ApproveOfficerValidation/Page_ISPS2/input__approveOfficerCmb'

2020-05-12 23:10:22 - [MESSAGE][PASSED] - Keys 'DOWN + ' sent to object: 'Object Repository/Objects.ApproveOfficerValidation/Page_ISPS2/input__approveOfficerCmb'

2020-05-12 23:10:22 - [TEST_STEP][PASSED] - sendKeys(NewInputNmField, Keys.chord(ARROW_DOWN)): Keys 'DOWN + ' sent to object: 'Object Repository/Objects.ApproveOfficerValidation/Page_ISPS2/input__approveOfficerCmb'

2020-05-12 23:10:22 - [MESSAGE][PASSED] - Keys 'DOWN + ' sent to object: 'Object Repository/Objects.ApproveOfficerValidation/Page_ISPS2/input__approveOfficerCmb'

2020-05-12 23:10:22 - [TEST_STEP][PASSED] - sendKeys(NewInputNmField, Keys.chord(ENTER)): Keys 'ENTER + ' sent to object: 'Object Repository/Objects.ApproveOfficerValidation/Page_ISPS2/input__approveOfficerCmb'

2020-05-12 23:10:23 - [MESSAGE][PASSED] - Keys 'ENTER + ' sent to object: 'Object Repository/Objects.ApproveOfficerValidation/Page_ISPS2/input__approveOfficerCmb'

2020-05-12 23:10:23 - [TEST_STEP][PASSED] - ValueFound = getAttribute(NewInputNmField, "value"): Attribute 'value' of object 'Object Repository/Objects.ApproveOfficerValidation/Page_ISPS2/input__approveOfficerCmb' is: 'Chung Fong Nyen (USACFN)'

2020-05-12 23:10:23 - [MESSAGE][PASSED] - Attribute 'value' of object 'Object Repository/Objects.ApproveOfficerValidation/Page_ISPS2/input__approveOfficerCmb' is: 'Chung Fong Nyen (USACFN)'

2020-05-12 23:10:23 - [TEST_STEP][PASSED] - FoundVal = OfficerLists.find({ -> ... }): null

2020-05-12 23:10:23 - [TEST_STEP][PASSED] - if (FoundVal != null): null

2020-05-12 23:10:23 - [TEST_STEP][PASSED] - println(FoundVal): null

2020-05-12 23:10:23 - [TEST_STEP][PASSED] - sendKeys(NewInputNmField, Keys.chord(ARROW_DOWN)): Keys 'DOWN + ' sent to object: 'Object Repository/Objects.ApproveOfficerValidation/Page_ISPS2/input__approveOfficerCmb'

2020-05-12 23:10:23 - [MESSAGE][PASSED] - Keys 'DOWN + ' sent to object: 'Object Repository/Objects.ApproveOfficerValidation/Page_ISPS2/input__approveOfficerCmb'

2020-05-12 23:10:23 - [TEST_STEP][PASSED] - sendKeys(NewInputNmField, Keys.chord(ARROW_DOWN)): Keys 'DOWN + ' sent to object: 'Object Repository/Objects.ApproveOfficerValidation/Page_ISPS2/input__approveOfficerCmb'

2020-05-12 23:10:24 - [MESSAGE][PASSED] - Keys 'DOWN + ' sent to object: 'Object Repository/Objects.ApproveOfficerValidation/Page_ISPS2/input__approveOfficerCmb'

2020-05-12 23:10:24 - [TEST_STEP][PASSED] - sendKeys(NewInputNmField, Keys.chord(ENTER)): Keys 'ENTER + ' sent to object: 'Object Repository/Objects.ApproveOfficerValidation/Page_ISPS2/input__approveOfficerCmb'

2020-05-12 23:10:24 - [MESSAGE][PASSED] - Keys 'ENTER + ' sent to object: 'Object Repository/Objects.ApproveOfficerValidation/Page_ISPS2/input__approveOfficerCmb'

2020-05-12 23:10:24 - [TEST_STEP][PASSED] - ValueFound = getAttribute(NewInputNmField, "value"): Attribute 'value' of object 'Object Repository/Objects.ApproveOfficerValidation/Page_ISPS2/input__approveOfficerCmb' is: 'David Tey Dah Wei (DAHWEI)'

2020-05-12 23:10:25 - [MESSAGE][PASSED] - Attribute 'value' of object 'Object Repository/Objects.ApproveOfficerValidation/Page_ISPS2/input__approveOfficerCmb' is: 'David Tey Dah Wei (DAHWEI)'

2020-05-12 23:10:25 - [TEST_STEP][PASSED] - FoundVal = OfficerLists.find({ -> ... }): null

2020-05-12 23:10:25 - [TEST_STEP][PASSED] - if (FoundVal != null): null

2020-05-12 23:10:25 - [TEST_STEP][PASSED] - println(FoundVal): null

2020-05-12 23:10:25 - [TEST_STEP][PASSED] - sendKeys(NewInputNmField, Keys.chord(ARROW_DOWN)): Keys 'DOWN + ' sent to object: 'Object Repository/Objects.ApproveOfficerValidation/Page_ISPS2/input__approveOfficerCmb'

2020-05-12 23:10:25 - [MESSAGE][PASSED] - Keys 'DOWN + ' sent to object: 'Object Repository/Objects.ApproveOfficerValidation/Page_ISPS2/input__approveOfficerCmb'

2020-05-12 23:10:25 - [TEST_STEP][PASSED] - sendKeys(NewInputNmField, Keys.chord(ARROW_DOWN)): Keys 'DOWN + ' sent to object: 'Object Repository/Objects.ApproveOfficerValidation/Page_ISPS2/input__approveOfficerCmb'

2020-05-12 23:10:25 - [MESSAGE][PASSED] - Keys 'DOWN + ' sent to object: 'Object Repository/Objects.ApproveOfficerValidation/Page_ISPS2/input__approveOfficerCmb'

2020-05-12 23:10:25 - [TEST_STEP][PASSED] - sendKeys(NewInputNmField, Keys.chord(ENTER)): Keys 'ENTER + ' sent to object: 'Object Repository/Objects.ApproveOfficerValidation/Page_ISPS2/input__approveOfficerCmb'

2020-05-12 23:10:26 - [MESSAGE][PASSED] - Keys 'ENTER + ' sent to object: 'Object Repository/Objects.ApproveOfficerValidation/Page_ISPS2/input__approveOfficerCmb'

2020-05-12 23:10:26 - [TEST_STEP][PASSED] - ValueFound = getAttribute(NewInputNmField, "value"): Attribute 'value' of object 'Object Repository/Objects.ApproveOfficerValidation/Page_ISPS2/input__approveOfficerCmb' is: 'Han Wann Kuang (WANNKUANG)'

2020-05-12 23:10:26 - [MESSAGE][PASSED] - Attribute 'value' of object 'Object Repository/Objects.ApproveOfficerValidation/Page_ISPS2/input__approveOfficerCmb' is: 'Han Wann Kuang (WANNKUANG)'

2020-05-12 23:10:26 - [TEST_STEP][PASSED] - FoundVal = OfficerLists.find({ -> ... }): null

2020-05-12 23:10:26 - [TEST_STEP][PASSED] - if (FoundVal != null): null

2020-05-12 23:10:26 - [TEST_STEP][PASSED] - println(FoundVal): null

2020-05-12 23:10:26 - [TEST_STEP][PASSED] - sendKeys(NewInputNmField, Keys.chord(ARROW_DOWN)): Keys 'DOWN + ' sent to object: 'Object Repository/Objects.ApproveOfficerValidation/Page_ISPS2/input__approveOfficerCmb'

2020-05-12 23:10:27 - [MESSAGE][PASSED] - Keys 'DOWN + ' sent to object: 'Object Repository/Objects.ApproveOfficerValidation/Page_ISPS2/input__approveOfficerCmb'

2020-05-12 23:10:27 - [TEST_STEP][PASSED] - sendKeys(NewInputNmField, Keys.chord(ARROW_DOWN)): Keys 'DOWN + ' sent to object: 'Object Repository/Objects.ApproveOfficerValidation/Page_ISPS2/input__approveOfficerCmb'

2020-05-12 23:10:27 - [MESSAGE][PASSED] - Keys 'DOWN + ' sent to object: 'Object Repository/Objects.ApproveOfficerValidation/Page_ISPS2/input__approveOfficerCmb'

2020-05-12 23:10:27 - [TEST_STEP][PASSED] - sendKeys(NewInputNmField, Keys.chord(ENTER)): Keys 'ENTER + ' sent to object: 'Object Repository/Objects.ApproveOfficerValidation/Page_ISPS2/input__approveOfficerCmb'

2020-05-12 23:10:27 - [MESSAGE][PASSED] - Keys 'ENTER + ' sent to object: 'Object Repository/Objects.ApproveOfficerValidation/Page_ISPS2/input__approveOfficerCmb'

2020-05-12 23:10:27 - [TEST_STEP][PASSED] - ValueFound = getAttribute(NewInputNmField, "value"): Attribute 'value' of object 'Object Repository/Objects.ApproveOfficerValidation/Page_ISPS2/input__approveOfficerCmb' is: 'Ho You Leong (YOULEONG)'

2020-05-12 23:10:28 - [MESSAGE][PASSED] - Attribute 'value' of object 'Object Repository/Objects.ApproveOfficerValidation/Page_ISPS2/input__approveOfficerCmb' is: 'Ho You Leong (YOULEONG)'

2020-05-12 23:10:28 - [TEST_STEP][PASSED] - FoundVal = OfficerLists.find({ -> ... }): null

2020-05-12 23:10:28 - [TEST_STEP][PASSED] - if (FoundVal != null): null

2020-05-12 23:10:28 - [TEST_STEP][PASSED] - println(FoundVal): null

2020-05-12 23:10:28 - [TEST_STEP][PASSED] - sendKeys(NewInputNmField, Keys.chord(ARROW_DOWN)): Keys 'DOWN + ' sent to object: 'Object Repository/Objects.ApproveOfficerValidation/Page_ISPS2/input__approveOfficerCmb'

2020-05-12 23:10:28 - [MESSAGE][PASSED] - Keys 'DOWN + ' sent to object: 'Object Repository/Objects.ApproveOfficerValidation/Page_ISPS2/input__approveOfficerCmb'

2020-05-12 23:10:28 - [TEST_STEP][PASSED] - sendKeys(NewInputNmField, Keys.chord(ARROW_DOWN)): Keys 'DOWN + ' sent to object: 'Object Repository/Objects.ApproveOfficerValidation/Page_ISPS2/input__approveOfficerCmb'

2020-05-12 23:10:29 - [MESSAGE][PASSED] - Keys 'DOWN + ' sent to object: 'Object Repository/Objects.ApproveOfficerValidation/Page_ISPS2/input__approveOfficerCmb'

2020-05-12 23:10:29 - [TEST_STEP][PASSED] - sendKeys(NewInputNmField, Keys.chord(ENTER)): Keys 'ENTER + ' sent to object: 'Object Repository/Objects.ApproveOfficerValidation/Page_ISPS2/input__approveOfficerCmb'

2020-05-12 23:10:29 - [MESSAGE][PASSED] - Keys 'ENTER + ' sent to object: 'Object Repository/Objects.ApproveOfficerValidation/Page_ISPS2/input__approveOfficerCmb'

2020-05-12 23:10:29 - [TEST_STEP][PASSED] - ValueFound = getAttribute(NewInputNmField, "value"): Attribute 'value' of object 'Object Repository/Objects.ApproveOfficerValidation/Page_ISPS2/input__approveOfficerCmb' is: 'Joseph Lim Pheng Weng (PHENGWENG)'

2020-05-12 23:10:29 - [MESSAGE][PASSED] - Attribute 'value' of object 'Object Repository/Objects.ApproveOfficerValidation/Page_ISPS2/input__approveOfficerCmb' is: 'Joseph Lim Pheng Weng (PHENGWENG)'

2020-05-12 23:10:29 - [TEST_STEP][PASSED] - FoundVal = OfficerLists.find({ -> ... }): null

2020-05-12 23:10:29 - [TEST_STEP][PASSED] - if (FoundVal != null): null

2020-05-12 23:10:29 - [TEST_STEP][PASSED] - println(FoundVal): null

2020-05-12 23:10:29 - [TEST_STEP][PASSED] - sendKeys(NewInputNmField, Keys.chord(ARROW_DOWN)): Keys 'DOWN + ' sent to object: 'Object Repository/Objects.ApproveOfficerValidation/Page_ISPS2/input__approveOfficerCmb'

2020-05-12 23:10:30 - [MESSAGE][PASSED] - Keys 'DOWN + ' sent to object: 'Object Repository/Objects.ApproveOfficerValidation/Page_ISPS2/input__approveOfficerCmb'

2020-05-12 23:10:30 - [TEST_STEP][PASSED] - sendKeys(NewInputNmField, Keys.chord(ARROW_DOWN)): Keys 'DOWN + ' sent to object: 'Object Repository/Objects.ApproveOfficerValidation/Page_ISPS2/input__approveOfficerCmb'

2020-05-12 23:10:30 - [MESSAGE][PASSED] - Keys 'DOWN + ' sent to object: 'Object Repository/Objects.ApproveOfficerValidation/Page_ISPS2/input__approveOfficerCmb'

2020-05-12 23:10:30 - [TEST_STEP][PASSED] - sendKeys(NewInputNmField, Keys.chord(ENTER)): Keys 'ENTER + ' sent to object: 'Object Repository/Objects.ApproveOfficerValidation/Page_ISPS2/input__approveOfficerCmb'

2020-05-12 23:10:31 - [MESSAGE][PASSED] - Keys 'ENTER + ' sent to object: 'Object Repository/Objects.ApproveOfficerValidation/Page_ISPS2/input__approveOfficerCmb'

2020-05-12 23:10:31 - [TEST_STEP][PASSED] - ValueFound = getAttribute(NewInputNmField, "value"): Attribute 'value' of object 'Object Repository/Objects.ApproveOfficerValidation/Page_ISPS2/input__approveOfficerCmb' is: 'Joyce Lee (USASLL)'

2020-05-12 23:10:31 - [MESSAGE][PASSED] - Attribute 'value' of object 'Object Repository/Objects.ApproveOfficerValidation/Page_ISPS2/input__approveOfficerCmb' is: 'Joyce Lee (USASLL)'

2020-05-12 23:10:31 - [TEST_STEP][PASSED] - FoundVal = OfficerLists.find({ -> ... }): null

2020-05-12 23:10:31 - [TEST_STEP][PASSED] - if (FoundVal != null): null

2020-05-12 23:10:31 - [TEST_STEP][PASSED] - println(FoundVal): null

2020-05-12 23:10:31 - [TEST_STEP][PASSED] - sendKeys(NewInputNmField, Keys.chord(ARROW_DOWN)): Keys 'DOWN + ' sent to object: 'Object Repository/Objects.ApproveOfficerValidation/Page_ISPS2/input__approveOfficerCmb'

2020-05-12 23:10:31 - [MESSAGE][PASSED] - Keys 'DOWN + ' sent to object: 'Object Repository/Objects.ApproveOfficerValidation/Page_ISPS2/input__approveOfficerCmb'

2020-05-12 23:10:31 - [TEST_STEP][PASSED] - sendKeys(NewInputNmField, Keys.chord(ARROW_DOWN)): Keys 'DOWN + ' sent to object: 'Object Repository/Objects.ApproveOfficerValidation/Page_ISPS2/input__approveOfficerCmb'

2020-05-12 23:10:32 - [MESSAGE][PASSED] - Keys 'DOWN + ' sent to object: 'Object Repository/Objects.ApproveOfficerValidation/Page_ISPS2/input__approveOfficerCmb'

2020-05-12 23:10:32 - [TEST_STEP][PASSED] - sendKeys(NewInputNmField, Keys.chord(ENTER)): Keys 'ENTER + ' sent to object: 'Object Repository/Objects.ApproveOfficerValidation/Page_ISPS2/input__approveOfficerCmb'

2020-05-12 23:10:32 - [MESSAGE][PASSED] - Keys 'ENTER + ' sent to object: 'Object Repository/Objects.ApproveOfficerValidation/Page_ISPS2/input__approveOfficerCmb'

2020-05-12 23:10:32 - [TEST_STEP][PASSED] - ValueFound = getAttribute(NewInputNmField, "value"): Attribute 'value' of object 'Object Repository/Objects.ApproveOfficerValidation/Page_ISPS2/input__approveOfficerCmb' is: 'Kaliannan Thanabal (KALIANN)'

2020-05-12 23:10:33 - [MESSAGE][PASSED] - Attribute 'value' of object 'Object Repository/Objects.ApproveOfficerValidation/Page_ISPS2/input__approveOfficerCmb' is: 'Kaliannan Thanabal (KALIANN)'

2020-05-12 23:10:33 - [TEST_STEP][PASSED] - FoundVal = OfficerLists.find({ -> ... }): null

2020-05-12 23:10:33 - [TEST_STEP][PASSED] - if (FoundVal != null): null

2020-05-12 23:10:33 - [TEST_STEP][PASSED] - println(FoundVal): null

2020-05-12 23:10:33 - [TEST_STEP][PASSED] - sendKeys(NewInputNmField, Keys.chord(ARROW_DOWN)): Keys 'DOWN + ' sent to object: 'Object Repository/Objects.ApproveOfficerValidation/Page_ISPS2/input__approveOfficerCmb'

2020-05-12 23:10:33 - [MESSAGE][PASSED] - Keys 'DOWN + ' sent to object: 'Object Repository/Objects.ApproveOfficerValidation/Page_ISPS2/input__approveOfficerCmb'

2020-05-12 23:10:33 - [TEST_STEP][PASSED] - sendKeys(NewInputNmField, Keys.chord(ARROW_DOWN)): Keys 'DOWN + ' sent to object: 'Object Repository/Objects.ApproveOfficerValidation/Page_ISPS2/input__approveOfficerCmb'

2020-05-12 23:10:33 - [MESSAGE][PASSED] - Keys 'DOWN + ' sent to object: 'Object Repository/Objects.ApproveOfficerValidation/Page_ISPS2/input__approveOfficerCmb'

2020-05-12 23:10:33 - [TEST_STEP][PASSED] - sendKeys(NewInputNmField, Keys.chord(ENTER)): Keys 'ENTER + ' sent to object: 'Object Repository/Objects.ApproveOfficerValidation/Page_ISPS2/input__approveOfficerCmb'

2020-05-12 23:10:34 - [MESSAGE][PASSED] - Keys 'ENTER + ' sent to object: 'Object Repository/Objects.ApproveOfficerValidation/Page_ISPS2/input__approveOfficerCmb'

2020-05-12 23:10:34 - [TEST_STEP][PASSED] - ValueFound = getAttribute(NewInputNmField, "value"): Attribute 'value' of object 'Object Repository/Objects.ApproveOfficerValidation/Page_ISPS2/input__approveOfficerCmb' is: 'Lim Beng Kwee (BENGKWEE)'

2020-05-12 23:10:34 - [MESSAGE][PASSED] - Attribute 'value' of object 'Object Repository/Objects.ApproveOfficerValidation/Page_ISPS2/input__approveOfficerCmb' is: 'Lim Beng Kwee (BENGKWEE)'

2020-05-12 23:10:34 - [TEST_STEP][PASSED] - FoundVal = OfficerLists.find({ -> ... }): null

2020-05-12 23:10:34 - [TEST_STEP][PASSED] - if (FoundVal != null): null

2020-05-12 23:10:34 - [TEST_STEP][PASSED] - println(FoundVal): null

2020-05-12 23:10:34 - [TEST_STEP][PASSED] - sendKeys(NewInputNmField, Keys.chord(ARROW_DOWN)): Keys 'DOWN + ' sent to object: 'Object Repository/Objects.ApproveOfficerValidation/Page_ISPS2/input__approveOfficerCmb'

2020-05-12 23:10:35 - [MESSAGE][PASSED] - Keys 'DOWN + ' sent to object: 'Object Repository/Objects.ApproveOfficerValidation/Page_ISPS2/input__approveOfficerCmb'

2020-05-12 23:10:35 - [TEST_STEP][PASSED] - sendKeys(NewInputNmField, Keys.chord(ARROW_DOWN)): Keys 'DOWN + ' sent to object: 'Object Repository/Objects.ApproveOfficerValidation/Page_ISPS2/input__approveOfficerCmb'

2020-05-12 23:10:35 - [MESSAGE][PASSED] - Keys 'DOWN + ' sent to object: 'Object Repository/Objects.ApproveOfficerValidation/Page_ISPS2/input__approveOfficerCmb'

2020-05-12 23:10:35 - [TEST_STEP][PASSED] - sendKeys(NewInputNmField, Keys.chord(ENTER)): Keys 'ENTER + ' sent to object: 'Object Repository/Objects.ApproveOfficerValidation/Page_ISPS2/input__approveOfficerCmb'

2020-05-12 23:10:36 - [MESSAGE][PASSED] - Keys 'ENTER + ' sent to object: 'Object Repository/Objects.ApproveOfficerValidation/Page_ISPS2/input__approveOfficerCmb'

2020-05-12 23:10:36 - [TEST_STEP][PASSED] - ValueFound = getAttribute(NewInputNmField, "value"): Attribute 'value' of object 'Object Repository/Objects.ApproveOfficerValidation/Page_ISPS2/input__approveOfficerCmb' is: 'Lim Leng Boon (LENGBOON)'

2020-05-12 23:10:36 - [MESSAGE][PASSED] - Attribute 'value' of object 'Object Repository/Objects.ApproveOfficerValidation/Page_ISPS2/input__approveOfficerCmb' is: 'Lim Leng Boon (LENGBOON)'

2020-05-12 23:10:36 - [TEST_STEP][PASSED] - FoundVal = OfficerLists.find({ -> ... }): null

2020-05-12 23:10:36 - [TEST_STEP][PASSED] - if (FoundVal != null): null

2020-05-12 23:10:36 - [TEST_STEP][PASSED] - println(FoundVal): null

2020-05-12 23:10:36 - [TEST_STEP][PASSED] - sendKeys(NewInputNmField, Keys.chord(ARROW_DOWN)): Keys 'DOWN + ' sent to object: 'Object Repository/Objects.ApproveOfficerValidation/Page_ISPS2/input__approveOfficerCmb'

2020-05-12 23:10:36 - [MESSAGE][PASSED] - Keys 'DOWN + ' sent to object: 'Object Repository/Objects.ApproveOfficerValidation/Page_ISPS2/input__approveOfficerCmb'

2020-05-12 23:10:36 - [TEST_STEP][PASSED] - sendKeys(NewInputNmField, Keys.chord(ARROW_DOWN)): Keys 'DOWN + ' sent to object: 'Object Repository/Objects.ApproveOfficerValidation/Page_ISPS2/input__approveOfficerCmb'

2020-05-12 23:10:37 - [MESSAGE][PASSED] - Keys 'DOWN + ' sent to object: 'Object Repository/Objects.ApproveOfficerValidation/Page_ISPS2/input__approveOfficerCmb'

2020-05-12 23:10:37 - [TEST_STEP][PASSED] - sendKeys(NewInputNmField, Keys.chord(ENTER)): Keys 'ENTER + ' sent to object: 'Object Repository/Objects.ApproveOfficerValidation/Page_ISPS2/input__approveOfficerCmb'

2020-05-12 23:10:37 - [MESSAGE][PASSED] - Keys 'ENTER + ' sent to object: 'Object Repository/Objects.ApproveOfficerValidation/Page_ISPS2/input__approveOfficerCmb'

2020-05-12 23:10:37 - [TEST_STEP][PASSED] - ValueFound = getAttribute(NewInputNmField, "value"): Attribute 'value' of object 'Object Repository/Objects.ApproveOfficerValidation/Page_ISPS2/input__approveOfficerCmb' is: 'Loh Lee Fong (LEEFONG)'

2020-05-12 23:10:38 - [MESSAGE][PASSED] - Attribute 'value' of object 'Object Repository/Objects.ApproveOfficerValidation/Page_ISPS2/input__approveOfficerCmb' is: 'Loh Lee Fong (LEEFONG)'

2020-05-12 23:10:38 - [TEST_STEP][PASSED] - FoundVal = OfficerLists.find({ -> ... }): null

2020-05-12 23:10:38 - [TEST_STEP][PASSED] - if (FoundVal != null): null

2020-05-12 23:10:38 - [TEST_STEP][PASSED] - println(FoundVal): null

2020-05-12 23:10:38 - [TEST_STEP][PASSED] - sendKeys(NewInputNmField, Keys.chord(ARROW_DOWN)): Keys 'DOWN + ' sent to object: 'Object Repository/Objects.ApproveOfficerValidation/Page_ISPS2/input__approveOfficerCmb'

2020-05-12 23:10:38 - [MESSAGE][PASSED] - Keys 'DOWN + ' sent to object: 'Object Repository/Objects.ApproveOfficerValidation/Page_ISPS2/input__approveOfficerCmb'

2020-05-12 23:10:38 - [TEST_STEP][PASSED] - sendKeys(NewInputNmField, Keys.chord(ARROW_DOWN)): Keys 'DOWN + ' sent to object: 'Object Repository/Objects.ApproveOfficerValidation/Page_ISPS2/input__approveOfficerCmb'

2020-05-12 23:10:39 - [MESSAGE][PASSED] - Keys 'DOWN + ' sent to object: 'Object Repository/Objects.ApproveOfficerValidation/Page_ISPS2/input__approveOfficerCmb'

2020-05-12 23:10:39 - [TEST_STEP][PASSED] - sendKeys(NewInputNmField, Keys.chord(ENTER)): Keys 'ENTER + ' sent to object: 'Object Repository/Objects.ApproveOfficerValidation/Page_ISPS2/input__approveOfficerCmb'

2020-05-12 23:10:39 - [MESSAGE][PASSED] - Keys 'ENTER + ' sent to object: 'Object Repository/Objects.ApproveOfficerValidation/Page_ISPS2/input__approveOfficerCmb'

2020-05-12 23:10:39 - [TEST_STEP][PASSED] - ValueFound = getAttribute(NewInputNmField, "value"): Attribute 'value' of object 'Object Repository/Objects.ApproveOfficerValidation/Page_ISPS2/input__approveOfficerCmb' is: 'Lu Ji Ju (Mdm) (USALJJ)'

2020-05-12 23:10:40 - [MESSAGE][PASSED] - Attribute 'value' of object 'Object Repository/Objects.ApproveOfficerValidation/Page_ISPS2/input__approveOfficerCmb' is: 'Lu Ji Ju (Mdm) (USALJJ)'

2020-05-12 23:10:40 - [TEST_STEP][PASSED] - FoundVal = OfficerLists.find({ -> ... }): null

2020-05-12 23:10:40 - [TEST_STEP][PASSED] - if (FoundVal != null): null

2020-05-12 23:10:40 - [TEST_STEP][PASSED] - println(FoundVal): null

2020-05-12 23:10:40 - [TEST_STEP][PASSED] - sendKeys(NewInputNmField, Keys.chord(ARROW_DOWN)): Keys 'DOWN + ' sent to object: 'Object Repository/Objects.ApproveOfficerValidation/Page_ISPS2/input__approveOfficerCmb'

2020-05-12 23:10:40 - [MESSAGE][PASSED] - Keys 'DOWN + ' sent to object: 'Object Repository/Objects.ApproveOfficerValidation/Page_ISPS2/input__approveOfficerCmb'

2020-05-12 23:10:40 - [TEST_STEP][PASSED] - sendKeys(NewInputNmField, Keys.chord(ARROW_DOWN)): Keys 'DOWN + ' sent to object: 'Object Repository/Objects.ApproveOfficerValidation/Page_ISPS2/input__approveOfficerCmb'

2020-05-12 23:10:40 - [MESSAGE][PASSED] - Keys 'DOWN + ' sent to object: 'Object Repository/Objects.ApproveOfficerValidation/Page_ISPS2/input__approveOfficerCmb'

2020-05-12 23:10:40 - [TEST_STEP][PASSED] - sendKeys(NewInputNmField, Keys.chord(ENTER)): Keys 'ENTER + ' sent to object: 'Object Repository/Objects.ApproveOfficerValidation/Page_ISPS2/input__approveOfficerCmb'

2020-05-12 23:10:41 - [MESSAGE][PASSED] - Keys 'ENTER + ' sent to object: 'Object Repository/Objects.ApproveOfficerValidation/Page_ISPS2/input__approveOfficerCmb'

2020-05-12 23:10:41 - [TEST_STEP][PASSED] - ValueFound = getAttribute(NewInputNmField, "value"): Attribute 'value' of object 'Object Repository/Objects.ApproveOfficerValidation/Page_ISPS2/input__approveOfficerCmb' is: 'Mohd Jeffri Bin Abdul Rahim (MOHDJEFFRI)'

2020-05-12 23:10:41 - [MESSAGE][PASSED] - Attribute 'value' of object 'Object Repository/Objects.ApproveOfficerValidation/Page_ISPS2/input__approveOfficerCmb' is: 'Mohd Jeffri Bin Abdul Rahim (MOHDJEFFRI)'

2020-05-12 23:10:41 - [TEST_STEP][PASSED] - FoundVal = OfficerLists.find({ -> ... }): null

2020-05-12 23:10:41 - [TEST_STEP][PASSED] - if (FoundVal != null): null

2020-05-12 23:10:41 - [TEST_STEP][PASSED] - println(FoundVal): null

2020-05-12 23:10:41 - [TEST_STEP][PASSED] - sendKeys(NewInputNmField, Keys.chord(ARROW_DOWN)): Keys 'DOWN + ' sent to object: 'Object Repository/Objects.ApproveOfficerValidation/Page_ISPS2/input__approveOfficerCmb'

2020-05-12 23:10:41 - [MESSAGE][PASSED] - Keys 'DOWN + ' sent to object: 'Object Repository/Objects.ApproveOfficerValidation/Page_ISPS2/input__approveOfficerCmb'

2020-05-12 23:10:41 - [TEST_STEP][PASSED] - sendKeys(NewInputNmField, Keys.chord(ARROW_DOWN)): Keys 'DOWN + ' sent to object: 'Object Repository/Objects.ApproveOfficerValidation/Page_ISPS2/input__approveOfficerCmb'

2020-05-12 23:10:42 - [MESSAGE][PASSED] - Keys 'DOWN + ' sent to object: 'Object Repository/Objects.ApproveOfficerValidation/Page_ISPS2/input__approveOfficerCmb'

2020-05-12 23:10:42 - [TEST_STEP][PASSED] - sendKeys(NewInputNmField, Keys.chord(ENTER)): Keys 'ENTER + ' sent to object: 'Object Repository/Objects.ApproveOfficerValidation/Page_ISPS2/input__approveOfficerCmb'

2020-05-12 23:10:42 - [MESSAGE][PASSED] - Keys 'ENTER + ' sent to object: 'Object Repository/Objects.ApproveOfficerValidation/Page_ISPS2/input__approveOfficerCmb'

2020-05-12 23:10:42 - [TEST_STEP][PASSED] - ValueFound = getAttribute(NewInputNmField, "value"): Attribute 'value' of object 'Object Repository/Objects.ApproveOfficerValidation/Page_ISPS2/input__approveOfficerCmb' is: 'Mohd Jumat Bin Haji Mohd Hassan (MOHDJUMAT)'

2020-05-12 23:10:43 - [MESSAGE][PASSED] - Attribute 'value' of object 'Object Repository/Objects.ApproveOfficerValidation/Page_ISPS2/input__approveOfficerCmb' is: 'Mohd Jumat Bin Haji Mohd Hassan (MOHDJUMAT)'

2020-05-12 23:10:43 - [TEST_STEP][PASSED] - FoundVal = OfficerLists.find({ -> ... }): null

2020-05-12 23:10:43 - [TEST_STEP][PASSED] - if (FoundVal != null): null

2020-05-12 23:10:43 - [TEST_STEP][PASSED] - println(FoundVal): null

2020-05-12 23:10:43 - [TEST_STEP][PASSED] - sendKeys(NewInputNmField, Keys.chord(ARROW_DOWN)): Keys 'DOWN + ' sent to object: 'Object Repository/Objects.ApproveOfficerValidation/Page_ISPS2/input__approveOfficerCmb'

2020-05-12 23:10:43 - [MESSAGE][PASSED] - Keys 'DOWN + ' sent to object: 'Object Repository/Objects.ApproveOfficerValidation/Page_ISPS2/input__approveOfficerCmb'

2020-05-12 23:10:43 - [TEST_STEP][PASSED] - sendKeys(NewInputNmField, Keys.chord(ARROW_DOWN)): Keys 'DOWN + ' sent to object: 'Object Repository/Objects.ApproveOfficerValidation/Page_ISPS2/input__approveOfficerCmb'

2020-05-12 23:10:43 - [MESSAGE][PASSED] - Keys 'DOWN + ' sent to object: 'Object Repository/Objects.ApproveOfficerValidation/Page_ISPS2/input__approveOfficerCmb'

2020-05-12 23:10:43 - [TEST_STEP][PASSED] - sendKeys(NewInputNmField, Keys.chord(ENTER)): Keys 'ENTER + ' sent to object: 'Object Repository/Objects.ApproveOfficerValidation/Page_ISPS2/input__approveOfficerCmb'

2020-05-12 23:10:44 - [MESSAGE][PASSED] - Keys 'ENTER + ' sent to object: 'Object Repository/Objects.ApproveOfficerValidation/Page_ISPS2/input__approveOfficerCmb'

2020-05-12 23:10:44 - [TEST_STEP][PASSED] - ValueFound = getAttribute(NewInputNmField, "value"): Attribute 'value' of object 'Object Repository/Objects.ApproveOfficerValidation/Page_ISPS2/input__approveOfficerCmb' is: 'Ng Seh Luh (USANSL)'

2020-05-12 23:10:44 - [MESSAGE][PASSED] - Attribute 'value' of object 'Object Repository/Objects.ApproveOfficerValidation/Page_ISPS2/input__approveOfficerCmb' is: 'Ng Seh Luh (USANSL)'

2020-05-12 23:10:44 - [TEST_STEP][PASSED] - FoundVal = OfficerLists.find({ -> ... }): null

2020-05-12 23:10:44 - [TEST_STEP][PASSED] - if (FoundVal != null): null

2020-05-12 23:10:44 - [TEST_STEP][PASSED] - println(FoundVal): null

2020-05-12 23:10:44 - [TEST_STEP][PASSED] - sendKeys(NewInputNmField, Keys.chord(ARROW_DOWN)): Keys 'DOWN + ' sent to object: 'Object Repository/Objects.ApproveOfficerValidation/Page_ISPS2/input__approveOfficerCmb'

2020-05-12 23:10:45 - [MESSAGE][PASSED] - Keys 'DOWN + ' sent to object: 'Object Repository/Objects.ApproveOfficerValidation/Page_ISPS2/input__approveOfficerCmb'

2020-05-12 23:10:45 - [TEST_STEP][PASSED] - sendKeys(NewInputNmField, Keys.chord(ARROW_DOWN)): Keys 'DOWN + ' sent to object: 'Object Repository/Objects.ApproveOfficerValidation/Page_ISPS2/input__approveOfficerCmb'

2020-05-12 23:10:45 - [MESSAGE][PASSED] - Keys 'DOWN + ' sent to object: 'Object Repository/Objects.ApproveOfficerValidation/Page_ISPS2/input__approveOfficerCmb'

2020-05-12 23:10:45 - [TEST_STEP][PASSED] - sendKeys(NewInputNmField, Keys.chord(ENTER)): Keys 'ENTER + ' sent to object: 'Object Repository/Objects.ApproveOfficerValidation/Page_ISPS2/input__approveOfficerCmb'

2020-05-12 23:10:46 - [MESSAGE][PASSED] - Keys 'ENTER + ' sent to object: 'Object Repository/Objects.ApproveOfficerValidation/Page_ISPS2/input__approveOfficerCmb'

2020-05-12 23:10:46 - [TEST_STEP][PASSED] - ValueFound = getAttribute(NewInputNmField, "value"): Attribute 'value' of object 'Object Repository/Objects.ApproveOfficerValidation/Page_ISPS2/input__approveOfficerCmb' is: 'Richard Lim Fang Ping (FANGPING)'

2020-05-12 23:10:46 - [MESSAGE][PASSED] - Attribute 'value' of object 'Object Repository/Objects.ApproveOfficerValidation/Page_ISPS2/input__approveOfficerCmb' is: 'Richard Lim Fang Ping (FANGPING)'

2020-05-12 23:10:46 - [TEST_STEP][PASSED] - FoundVal = OfficerLists.find({ -> ... }): null

2020-05-12 23:10:46 - [TEST_STEP][PASSED] - if (FoundVal != null): null

2020-05-12 23:10:46 - [TEST_STEP][PASSED] - println(FoundVal): null

2020-05-12 23:10:46 - [TEST_STEP][PASSED] - sendKeys(NewInputNmField, Keys.chord(ARROW_DOWN)): Keys 'DOWN + ' sent to object: 'Object Repository/Objects.ApproveOfficerValidation/Page_ISPS2/input__approveOfficerCmb'

2020-05-12 23:10:46 - [MESSAGE][PASSED] - Keys 'DOWN + ' sent to object: 'Object Repository/Objects.ApproveOfficerValidation/Page_ISPS2/input__approveOfficerCmb'

2020-05-12 23:10:46 - [TEST_STEP][PASSED] - sendKeys(NewInputNmField, Keys.chord(ARROW_DOWN)): Keys 'DOWN + ' sent to object: 'Object Repository/Objects.ApproveOfficerValidation/Page_ISPS2/input__approveOfficerCmb'

2020-05-12 23:10:47 - [MESSAGE][PASSED] - Keys 'DOWN + ' sent to object: 'Object Repository/Objects.ApproveOfficerValidation/Page_ISPS2/input__approveOfficerCmb'

2020-05-12 23:10:47 - [TEST_STEP][PASSED] - sendKeys(NewInputNmField, Keys.chord(ENTER)): Keys 'ENTER + ' sent to object: 'Object Repository/Objects.ApproveOfficerValidation/Page_ISPS2/input__approveOfficerCmb'

2020-05-12 23:10:47 - [MESSAGE][PASSED] - Keys 'ENTER + ' sent to object: 'Object Repository/Objects.ApproveOfficerValidation/Page_ISPS2/input__approveOfficerCmb'

2020-05-12 23:10:47 - [TEST_STEP][PASSED] - ValueFound = getAttribute(NewInputNmField, "value"): Attribute 'value' of object 'Object Repository/Objects.ApproveOfficerValidation/Page_ISPS2/input__approveOfficerCmb' is: 'RITA WONG SIONG ING (RITAWONG)'

2020-05-12 23:10:48 - [MESSAGE][PASSED] - Attribute 'value' of object 'Object Repository/Objects.ApproveOfficerValidation/Page_ISPS2/input__approveOfficerCmb' is: 'RITA WONG SIONG ING (RITAWONG)'

2020-05-12 23:10:48 - [TEST_STEP][PASSED] - FoundVal = OfficerLists.find({ -> ... }): null

2020-05-12 23:10:48 - [TEST_STEP][PASSED] - if (FoundVal != null): null

2020-05-12 23:10:48 - [TEST_STEP][PASSED] - println(FoundVal): null

2020-05-12 23:10:48 - [TEST_STEP][PASSED] - sendKeys(NewInputNmField, Keys.chord(ARROW_DOWN)): Keys 'DOWN + ' sent to object: 'Object Repository/Objects.ApproveOfficerValidation/Page_ISPS2/input__approveOfficerCmb'

2020-05-12 23:10:48 - [MESSAGE][PASSED] - Keys 'DOWN + ' sent to object: 'Object Repository/Objects.ApproveOfficerValidation/Page_ISPS2/input__approveOfficerCmb'

2020-05-12 23:10:48 - [TEST_STEP][PASSED] - sendKeys(NewInputNmField, Keys.chord(ARROW_DOWN)): Keys 'DOWN + ' sent to object: 'Object Repository/Objects.ApproveOfficerValidation/Page_ISPS2/input__approveOfficerCmb'

2020-05-12 23:10:48 - [MESSAGE][PASSED] - Keys 'DOWN + ' sent to object: 'Object Repository/Objects.ApproveOfficerValidation/Page_ISPS2/input__approveOfficerCmb'

2020-05-12 23:10:48 - [TEST_STEP][PASSED] - sendKeys(NewInputNmField, Keys.chord(ENTER)): Keys 'ENTER + ' sent to object: 'Object Repository/Objects.ApproveOfficerValidation/Page_ISPS2/input__approveOfficerCmb'

2020-05-12 23:10:49 - [MESSAGE][PASSED] - Keys 'ENTER + ' sent to object: 'Object Repository/Objects.ApproveOfficerValidation/Page_ISPS2/input__approveOfficerCmb'

2020-05-12 23:10:49 - [TEST_STEP][PASSED] - ValueFound = getAttribute(NewInputNmField, "value"): Attribute 'value' of object 'Object Repository/Objects.ApproveOfficerValidation/Page_ISPS2/input__approveOfficerCmb' is: 'Shi Hong Wei (HONGWEI)'

2020-05-12 23:10:49 - [MESSAGE][PASSED] - Attribute 'value' of object 'Object Repository/Objects.ApproveOfficerValidation/Page_ISPS2/input__approveOfficerCmb' is: 'Shi Hong Wei (HONGWEI)'

2020-05-12 23:10:49 - [TEST_STEP][PASSED] - FoundVal = OfficerLists.find({ -> ... }): null

2020-05-12 23:10:49 - [TEST_STEP][PASSED] - if (FoundVal != null): null

2020-05-12 23:10:49 - [TEST_STEP][PASSED] - println(FoundVal): null

2020-05-12 23:10:49 - [TEST_STEP][PASSED] - sendKeys(NewInputNmField, Keys.chord(ARROW_DOWN)): Keys 'DOWN + ' sent to object: 'Object Repository/Objects.ApproveOfficerValidation/Page_ISPS2/input__approveOfficerCmb'

2020-05-12 23:10:50 - [MESSAGE][PASSED] - Keys 'DOWN + ' sent to object: 'Object Repository/Objects.ApproveOfficerValidation/Page_ISPS2/input__approveOfficerCmb'

2020-05-12 23:10:50 - [TEST_STEP][PASSED] - sendKeys(NewInputNmField, Keys.chord(ARROW_DOWN)): Keys 'DOWN + ' sent to object: 'Object Repository/Objects.ApproveOfficerValidation/Page_ISPS2/input__approveOfficerCmb'

2020-05-12 23:10:50 - [MESSAGE][PASSED] - Keys 'DOWN + ' sent to object: 'Object Repository/Objects.ApproveOfficerValidation/Page_ISPS2/input__approveOfficerCmb'

2020-05-12 23:10:50 - [TEST_STEP][PASSED] - sendKeys(NewInputNmField, Keys.chord(ENTER)): Keys 'ENTER + ' sent to object: 'Object Repository/Objects.ApproveOfficerValidation/Page_ISPS2/input__approveOfficerCmb'

2020-05-12 23:10:50 - [MESSAGE][PASSED] - Keys 'ENTER + ' sent to object: 'Object Repository/Objects.ApproveOfficerValidation/Page_ISPS2/input__approveOfficerCmb'

2020-05-12 23:10:50 - [TEST_STEP][PASSED] - ValueFound = getAttribute(NewInputNmField, "value"): Attribute 'value' of object 'Object Repository/Objects.ApproveOfficerValidation/Page_ISPS2/input__approveOfficerCmb' is: 'Sulaiman Bin Ahmad (USABAS)'

2020-05-12 23:10:51 - [MESSAGE][PASSED] - Attribute 'value' of object 'Object Repository/Objects.ApproveOfficerValidation/Page_ISPS2/input__approveOfficerCmb' is: 'Sulaiman Bin Ahmad (USABAS)'

2020-05-12 23:10:51 - [TEST_STEP][PASSED] - FoundVal = OfficerLists.find({ -> ... }): null

2020-05-12 23:10:51 - [TEST_STEP][PASSED] - if (FoundVal != null): null

2020-05-12 23:10:51 - [TEST_STEP][PASSED] - println(FoundVal): null

2020-05-12 23:10:51 - [TEST_STEP][PASSED] - sendKeys(NewInputNmField, Keys.chord(ARROW_DOWN)): Keys 'DOWN + ' sent to object: 'Object Repository/Objects.ApproveOfficerValidation/Page_ISPS2/input__approveOfficerCmb'

2020-05-12 23:10:51 - [MESSAGE][PASSED] - Keys 'DOWN + ' sent to object: 'Object Repository/Objects.ApproveOfficerValidation/Page_ISPS2/input__approveOfficerCmb'

2020-05-12 23:10:51 - [TEST_STEP][PASSED] - sendKeys(NewInputNmField, Keys.chord(ARROW_DOWN)): Keys 'DOWN + ' sent to object: 'Object Repository/Objects.ApproveOfficerValidation/Page_ISPS2/input__approveOfficerCmb'

2020-05-12 23:10:52 - [MESSAGE][PASSED] - Keys 'DOWN + ' sent to object: 'Object Repository/Objects.ApproveOfficerValidation/Page_ISPS2/input__approveOfficerCmb'

2020-05-12 23:10:52 - [TEST_STEP][PASSED] - sendKeys(NewInputNmField, Keys.chord(ENTER)): Keys 'ENTER + ' sent to object: 'Object Repository/Objects.ApproveOfficerValidation/Page_ISPS2/input__approveOfficerCmb'

2020-05-12 23:10:52 - [MESSAGE][PASSED] - Keys 'ENTER + ' sent to object: 'Object Repository/Objects.ApproveOfficerValidation/Page_ISPS2/input__approveOfficerCmb'

2020-05-12 23:10:52 - [TEST_STEP][PASSED] - ValueFound = getAttribute(NewInputNmField, "value"): Attribute 'value' of object 'Object Repository/Objects.ApproveOfficerValidation/Page_ISPS2/input__approveOfficerCmb' is: 'Tan Kwan Joo (KWANJOO)'

2020-05-12 23:10:53 - [MESSAGE][PASSED] - Attribute 'value' of object 'Object Repository/Objects.ApproveOfficerValidation/Page_ISPS2/input__approveOfficerCmb' is: 'Tan Kwan Joo (KWANJOO)'

2020-05-12 23:10:53 - [TEST_STEP][PASSED] - FoundVal = OfficerLists.find({ -> ... }): null

2020-05-12 23:10:53 - [TEST_STEP][PASSED] - if (FoundVal != null): null

2020-05-12 23:10:53 - [TEST_STEP][PASSED] - println(FoundVal): null

2020-05-12 23:10:53 - [TEST_STEP][PASSED] - sendKeys(NewInputNmField, Keys.chord(ARROW_DOWN)): Keys 'DOWN + ' sent to object: 'Object Repository/Objects.ApproveOfficerValidation/Page_ISPS2/input__approveOfficerCmb'

2020-05-12 23:10:53 - [MESSAGE][PASSED] - Keys 'DOWN + ' sent to object: 'Object Repository/Objects.ApproveOfficerValidation/Page_ISPS2/input__approveOfficerCmb'

2020-05-12 23:10:53 - [TEST_STEP][PASSED] - sendKeys(NewInputNmField, Keys.chord(ARROW_DOWN)): Keys 'DOWN + ' sent to object: 'Object Repository/Objects.ApproveOfficerValidation/Page_ISPS2/input__approveOfficerCmb'

2020-05-12 23:10:53 - [MESSAGE][PASSED] - Keys 'DOWN + ' sent to object: 'Object Repository/Objects.ApproveOfficerValidation/Page_ISPS2/input__approveOfficerCmb'

2020-05-12 23:10:53 - [TEST_STEP][PASSED] - sendKeys(NewInputNmField, Keys.chord(ENTER)): Keys 'ENTER + ' sent to object: 'Object Repository/Objects.ApproveOfficerValidation/Page_ISPS2/input__approveOfficerCmb'

2020-05-12 23:10:54 - [MESSAGE][PASSED] - Keys 'ENTER + ' sent to object: 'Object Repository/Objects.ApproveOfficerValidation/Page_ISPS2/input__approveOfficerCmb'

2020-05-12 23:10:54 - [TEST_STEP][PASSED] - ValueFound = getAttribute(NewInputNmField, "value"): Attribute 'value' of object 'Object Repository/Objects.ApproveOfficerValidation/Page_ISPS2/input__approveOfficerCmb' is: 'Wong Swee Sheng (WONGSWEE)'

2020-05-12 23:10:54 - [MESSAGE][PASSED] - Attribute 'value' of object 'Object Repository/Objects.ApproveOfficerValidation/Page_ISPS2/input__approveOfficerCmb' is: 'Wong Swee Sheng (WONGSWEE)'

2020-05-12 23:10:54 - [TEST_STEP][PASSED] - FoundVal = OfficerLists.find({ -> ... }): null

2020-05-12 23:10:54 - [TEST_STEP][PASSED] - if (FoundVal != null): null

2020-05-12 23:10:54 - [TEST_STEP][PASSED] - println(FoundVal): null

2020-05-12 23:10:54 - [TEST_STEP][PASSED] - sendKeys(NewInputNmField, Keys.chord(ARROW_DOWN)): Keys 'DOWN + ' sent to object: 'Object Repository/Objects.ApproveOfficerValidation/Page_ISPS2/input__approveOfficerCmb'

2020-05-12 23:10:54 - [MESSAGE][PASSED] - Keys 'DOWN + ' sent to object: 'Object Repository/Objects.ApproveOfficerValidation/Page_ISPS2/input__approveOfficerCmb'

2020-05-12 23:10:54 - [TEST_STEP][PASSED] - sendKeys(NewInputNmField, Keys.chord(ARROW_DOWN)): Keys 'DOWN + ' sent to object: 'Object Repository/Objects.ApproveOfficerValidation/Page_ISPS2/input__approveOfficerCmb'

2020-05-12 23:10:55 - [MESSAGE][PASSED] - Keys 'DOWN + ' sent to object: 'Object Repository/Objects.ApproveOfficerValidation/Page_ISPS2/input__approveOfficerCmb'

2020-05-12 23:10:55 - [TEST_STEP][PASSED] - sendKeys(NewInputNmField, Keys.chord(ENTER)): Keys 'ENTER + ' sent to object: 'Object Repository/Objects.ApproveOfficerValidation/Page_ISPS2/input__approveOfficerCmb'

2020-05-12 23:10:55 - [MESSAGE][PASSED] - Keys 'ENTER + ' sent to object: 'Object Repository/Objects.ApproveOfficerValidation/Page_ISPS2/input__approveOfficerCmb'

2020-05-12 23:10:55 - [TEST_STEP][PASSED] - ValueFound = getAttribute(NewInputNmField, "value"): Attribute 'value' of object 'Object Repository/Objects.ApproveOfficerValidation/Page_ISPS2/input__approveOfficerCmb' is: 'Yeo Siew Juay (SIEWJUAY)'

2020-05-12 23:10:56 - [MESSAGE][PASSED] - Attribute 'value' of object 'Object Repository/Objects.ApproveOfficerValidation/Page_ISPS2/input__approveOfficerCmb' is: 'Yeo Siew Juay (SIEWJUAY)'

2020-05-12 23:10:56 - [TEST_STEP][PASSED] - FoundVal = OfficerLists.find({ -> ... }): null

2020-05-12 23:10:56 - [TEST_STEP][PASSED] - if (FoundVal != null): null

2020-05-12 23:10:56 - [TEST_STEP][PASSED] - println(FoundVal): null

2020-05-12 23:10:56 - [TEST_STEP][PASSED] - sendKeys(NewInputNmField, Keys.chord(ARROW_DOWN)): Keys 'DOWN + ' sent to object: 'Object Repository/Objects.ApproveOfficerValidation/Page_ISPS2/input__approveOfficerCmb'

2020-05-12 23:10:56 - [MESSAGE][PASSED] - Keys 'DOWN + ' sent to object: 'Object Repository/Objects.ApproveOfficerValidation/Page_ISPS2/input__approveOfficerCmb'

2020-05-12 23:10:56 - [TEST_STEP][PASSED] - sendKeys(NewInputNmField, Keys.chord(ARROW_DOWN)): Keys 'DOWN + ' sent to object: 'Object Repository/Objects.ApproveOfficerValidation/Page_ISPS2/input__approveOfficerCmb'

2020-05-12 23:10:57 - [MESSAGE][PASSED] - Keys 'DOWN + ' sent to object: 'Object Repository/Objects.ApproveOfficerValidation/Page_ISPS2/input__approveOfficerCmb'

2020-05-12 23:10:57 - [TEST_STEP][PASSED] - sendKeys(NewInputNmField, Keys.chord(ENTER)): Keys 'ENTER + ' sent to object: 'Object Repository/Objects.ApproveOfficerValidation/Page_ISPS2/input__approveOfficerCmb'

2020-05-12 23:10:57 - [MESSAGE][PASSED] - Keys 'ENTER + ' sent to object: 'Object Repository/Objects.ApproveOfficerValidation/Page_ISPS2/input__approveOfficerCmb'

2020-05-12 23:10:57 - [TEST_STEP][PASSED] - ValueFound = getAttribute(NewInputNmField, "value"): Attribute 'value' of object 'Object Repository/Objects.ApproveOfficerValidation/Page_ISPS2/input__approveOfficerCmb' is: 'Zhao Dianfeng (DIANFENG)'

2020-05-12 23:10:58 - [MESSAGE][PASSED] - Attribute 'value' of object 'Object Repository/Objects.ApproveOfficerValidation/Page_ISPS2/input__approveOfficerCmb' is: 'Zhao Dianfeng (DIANFENG)'

2020-05-12 23:10:59 - [TEST_STEP][PASSED] - FoundVal = OfficerLists.find({ -> ... }): null

2020-05-12 23:10:59 - [TEST_STEP][PASSED] - if (FoundVal != null): null

2020-05-12 23:10:59 - [TEST_STEP][PASSED] - println(FoundVal): null

2020-05-12 23:10:59 - [TEST_STEP][PASSED] - sendKeys(NewInputNmField, Keys.chord(ARROW_DOWN)): Keys 'DOWN + ' sent to object: 'Object Repository/Objects.ApproveOfficerValidation/Page_ISPS2/input__approveOfficerCmb'

2020-05-12 23:10:59 - [MESSAGE][PASSED] - Keys 'DOWN + ' sent to object: 'Object Repository/Objects.ApproveOfficerValidation/Page_ISPS2/input__approveOfficerCmb'

2020-05-12 23:10:59 - [TEST_STEP][PASSED] - sendKeys(NewInputNmField, Keys.chord(ENTER)): Keys 'ENTER + ' sent to object: 'Object Repository/Objects.ApproveOfficerValidation/Page_ISPS2/input__approveOfficerCmb'

2020-05-12 23:10:59 - [MESSAGE][PASSED] - Keys 'ENTER + ' sent to object: 'Object Repository/Objects.ApproveOfficerValidation/Page_ISPS2/input__approveOfficerCmb'

2020-05-12 23:10:59 - [MESSAGE][PASSED] - Call Test Case 'Test Cases/Components/00_Precision and Scale/OfficerValidation' successfully

2020-05-12 23:10:59 - [TEST_STEP][PASSED] - callTestCase(findTestCase("Components/00_Precision and Scale/RemarksValidation"), ["LblNm":"Remarks *:", "FldNm":"remarks", "LblPresent":"Y", "RqdFld":"Y", "Minlen":10, "MaxLen":4005], STOP_ON_FAILURE): Call Test Case 'Test Cases/Components/00_Precision and Scale/RemarksValidation' successfully

2020-05-12 23:11:00 - [TEST_CASE][PASSED] - Test Cases/Components/00_Precision and Scale/RemarksValidation: Test Cases/Components/00_Precision and Scale/RemarksValidation

2020-05-12 23:11:00 - [TEST_STEP][PASSED] - Thread.sleep(3000): null

2020-05-12 23:11:03 - [TEST_STEP][PASSED] - charset = /?><"".join(): null

2020-05-12 23:11:03 - [TEST_STEP][PASSED] - AlphaNumeric = 9).join(): null

2020-05-12 23:11:03 - [TEST_STEP][PASSED] - SpecialChar = "`~!@#$%^&*()-=+_{}|\][;'":,./?><"": null

2020-05-12 23:11:03 - [TEST_STEP][PASSED] - RandomString = RandomStringUtils.random(Minlen, AlphaNumeric.toCharArray()): null

2020-05-12 23:11:03 - [TEST_STEP][PASSED] - RdmSpChar = RandomStringUtils.random(Minlen, SpecialChar): null

2020-05-12 23:11:03 - [TEST_STEP][PASSED] - MaxInputVal = RandomStringUtils.random(MaxLen, charset.toCharArray()): null

2020-05-12 23:11:03 - [TEST_STEP][PASSED] - regexPat = Pattern.compile("^[A-Za-z0-9 ]+$"): null

2020-05-12 23:11:03 - [TEST_STEP][PASSED] - if (LblPresent == "Y"): com.reusableComponents.HighlightElement.run is PASSED

2020-05-12 23:11:03 - [TEST_STEP][PASSED] - NewLblNmField = modifyObjectProperty(findTestObject("Objects.RemarksValidation/label_Remarks"), "text", "equals", LblNm, true): Modify property of object successfully

2020-05-12 23:11:03 - [MESSAGE][PASSED] - Modify property of object successfully

2020-05-12 23:11:03 - [TEST_STEP][PASSED] - com.reusableComponents.HighlightElement.run(NewLblNmField): com.reusableComponents.HighlightElement.run is PASSED

2020-05-12 23:11:04 - [MESSAGE][PASSED] - com.reusableComponents.HighlightElement.run is PASSED

2020-05-12 23:11:04 - [TEST_STEP][PASSED] - NewInputNmField = modifyObjectProperty(findTestObject("Objects.RemarksValidation/input_Remarks"), "name", "equals", FldNm, true): Modify property of object successfully

2020-05-12 23:11:04 - [MESSAGE][PASSED] - Modify property of object successfully

2020-05-12 23:11:04 - [TEST_STEP][PASSED] - com.reusableComponents.HighlightElement.run(NewInputNmField): com.reusableComponents.HighlightElement.run is PASSED

2020-05-12 23:11:04 - [MESSAGE][PASSED] - com.reusableComponents.HighlightElement.run is PASSED

2020-05-12 23:11:04 - [TEST_STEP][PASSED] - focus(NewInputNmField): Object: 'Object Repository/Objects.RemarksValidation/input_Remarks' is focused

2020-05-12 23:11:05 - [MESSAGE][PASSED] - Object: 'Object Repository/Objects.RemarksValidation/input_Remarks' is focused

2020-05-12 23:11:05 - [TEST_STEP][PASSED] - DefVal = getAttribute(NewInputNmField, "value", STOP_ON_FAILURE): Attribute 'value' of object 'Object Repository/Objects.RemarksValidation/input_Remarks' is: ''

2020-05-12 23:11:05 - [MESSAGE][PASSED] - Attribute 'value' of object 'Object Repository/Objects.RemarksValidation/input_Remarks' is: ''

2020-05-12 23:11:05 - [TEST_STEP][PASSED] - verifyMatch(DefVal, "", true, STOP_ON_FAILURE): Actual text '' and expected text '' are matched  using regular expression

2020-05-12 23:11:05 - [MESSAGE][PASSED] - Actual text '' and expected text '' are matched  using regular expression

2020-05-12 23:11:05 - [TEST_STEP][PASSED] - setText(NewInputNmField, RandomString): Text 'TTnAewgxkE' is set on object 'Object Repository/Objects.RemarksValidation/input_Remarks'

2020-05-12 23:11:06 - [MESSAGE][PASSED] - Text 'TTnAewgxkE' is set on object 'Object Repository/Objects.RemarksValidation/input_Remarks'

2020-05-12 23:11:06 - [TEST_STEP][PASSED] - RemarksAN = getAttribute(NewInputNmField, "value"): Attribute 'value' of object 'Object Repository/Objects.RemarksValidation/input_Remarks' is: 'TTnAewgxkE'

2020-05-12 23:11:06 - [MESSAGE][PASSED] - Attribute 'value' of object 'Object Repository/Objects.RemarksValidation/input_Remarks' is: 'TTnAewgxkE'

2020-05-12 23:11:06 - [TEST_STEP][PASSED] - matchStr = regexPat.matcher(RemarksAN): null

2020-05-12 23:11:06 - [TEST_STEP][PASSED] - if (matchStr.matches() == true): Accepting Alphanumeric

2020-05-12 23:11:06 - [TEST_STEP][PASSED] - comment("Accepting Alphanumeric"): Accepting Alphanumeric

2020-05-12 23:11:06 - [MESSAGE][INFO] - Accepting Alphanumeric

2020-05-12 23:11:06 - [TEST_STEP][PASSED] - setText(NewInputNmField, RdmSpChar): Text '|^!;"&".="' is set on object 'Object Repository/Objects.RemarksValidation/input_Remarks'

2020-05-12 23:11:07 - [MESSAGE][PASSED] - Text '|^!;"&".="' is set on object 'Object Repository/Objects.RemarksValidation/input_Remarks'

2020-05-12 23:11:07 - [TEST_STEP][PASSED] - RemarksSpChar = getAttribute(NewInputNmField, "value"): Attribute 'value' of object 'Object Repository/Objects.RemarksValidation/input_Remarks' is: '|^!;"&".="'

2020-05-12 23:11:07 - [MESSAGE][PASSED] - Attribute 'value' of object 'Object Repository/Objects.RemarksValidation/input_Remarks' is: '|^!;"&".="'

2020-05-12 23:11:07 - [TEST_STEP][PASSED] - matchSp = regexPat.matcher(RemarksSpChar): null

2020-05-12 23:11:07 - [TEST_STEP][PASSED] - if (matchSp.matches() == false): Accepting Special Characters

2020-05-12 23:11:07 - [TEST_STEP][PASSED] - comment("Accepting Special Characters"): Accepting Special Characters

2020-05-12 23:11:07 - [MESSAGE][INFO] - Accepting Special Characters

2020-05-12 23:11:07 - [TEST_STEP][PASSED] - sendKeys(NewInputNmField, Keys.chord(ARROW_DOWN), STOP_ON_FAILURE): Keys 'DOWN + ' sent to object: 'Object Repository/Objects.RemarksValidation/input_Remarks'

2020-05-12 23:11:07 - [MESSAGE][PASSED] - Keys 'DOWN + ' sent to object: 'Object Repository/Objects.RemarksValidation/input_Remarks'

2020-05-12 23:11:07 - [TEST_STEP][PASSED] - sendKeys(NewInputNmField, Keys.chord(CONTROL, "a"), STOP_ON_FAILURE): Keys 'CONTROL + a' sent to object: 'Object Repository/Objects.RemarksValidation/input_Remarks'

2020-05-12 23:11:08 - [MESSAGE][PASSED] - Keys 'CONTROL + a' sent to object: 'Object Repository/Objects.RemarksValidation/input_Remarks'

2020-05-12 23:11:08 - [TEST_STEP][PASSED] - sendKeys(NewInputNmField, Keys.chord(BACK_SPACE), STOP_ON_FAILURE): Keys 'BACK_SPACE + ' sent to object: 'Object Repository/Objects.RemarksValidation/input_Remarks'

2020-05-12 23:11:08 - [MESSAGE][PASSED] - Keys 'BACK_SPACE + ' sent to object: 'Object Repository/Objects.RemarksValidation/input_Remarks'

2020-05-12 23:11:08 - [TEST_STEP][PASSED] - delay(5): Delayed 5 second(s)

2020-05-12 23:11:13 - [MESSAGE][PASSED] - Delayed 5 second(s)

2020-05-12 23:11:13 - [TEST_STEP][PASSED] - if (RqdFld == "Y"): Actual text 'This field is required' and expected text 'This field is required' are matched  using regular expression

2020-05-12 23:11:13 - [TEST_STEP][PASSED] - sendKeys(NewInputNmField, Keys.chord(TAB)): Keys 'TAB + ' sent to object: 'Object Repository/Objects.RemarksValidation/input_Remarks'

2020-05-12 23:11:13 - [MESSAGE][PASSED] - Keys 'TAB + ' sent to object: 'Object Repository/Objects.RemarksValidation/input_Remarks'

2020-05-12 23:11:13 - [TEST_STEP][PASSED] - mouseOver(NewInputNmField, STOP_ON_FAILURE): Object: 'Object Repository/Objects.RemarksValidation/input_Remarks' is hovered

2020-05-12 23:11:14 - [MESSAGE][PASSED] - Object: 'Object Repository/Objects.RemarksValidation/input_Remarks' is hovered

2020-05-12 23:11:14 - [TEST_STEP][PASSED] - getToolTipError = getAttribute(NewInputNmField, "data-errorqtip", STOP_ON_FAILURE): Attribute 'data-errorqtip' of object 'Object Repository/Objects.RemarksValidation/input_Remarks' is: '<ul class="x-list-plain"><li>This field is required</li></ul>'

2020-05-12 23:11:14 - [MESSAGE][PASSED] - Attribute 'data-errorqtip' of object 'Object Repository/Objects.RemarksValidation/input_Remarks' is: '<ul class="x-list-plain"><li>This field is required</li></ul>'

2020-05-12 23:11:14 - [TEST_STEP][PASSED] - strToolTip = getToolTipError.substring(29, 61): null

2020-05-12 23:11:14 - [TEST_STEP][PASSED] - toolTipErrMsg = strToolTip.substring(0, 22): null

2020-05-12 23:11:14 - [TEST_STEP][PASSED] - verifyMatch(toolTipErrMsg, RqField, true, STOP_ON_FAILURE): Actual text 'This field is required' and expected text 'This field is required' are matched  using regular expression

2020-05-12 23:11:14 - [MESSAGE][PASSED] - Actual text 'This field is required' and expected text 'This field is required' are matched  using regular expression

2020-05-12 23:11:14 - [TEST_STEP][PASSED] - setText(NewInputNmField, MaxInputVal): Text 'Da%)@^|/{oiE;w~p|Dw&DC/0h=54){5J0fCN7u`HoK4sCjoSyvxn=hG]]-ZO}#'Jov.9MPIl37w[29Eq%D:[@e)Pf(xRBWOzU)Sj3\eP+g|8S_V,=kG^pz7zJ"LnuH8V"R&`;g7K/1i_n8&_lH3uN!A;NQ"@2KuuB>*\G^R,~=B&:FKUrDy:~Zm}`Y2|*(Uh'=&$5RY,86S,&6c"KL4SS}he#K8KOS|2E4R;T9)xh~>e;>l5Y@iXRXZF24{Rq5fGkR7|d'~"3jwL,@|w"Pc=$g{GTb;<URp[2)d}Kjjnq5k|O<Trs#SHKZg3oFmU?i*coC>zXPQwTiGHnK1hy#j]'wyuAAOMh)zHe/j0+Z%)^EmS;j7[&n*NS{0}'P_-,aqpx$,5mzb3s\gFj<p"W$cobSKC>"!<4^_R),Z%nVqvXHa9Vm4?'2in`UAHM]G)JVj#$K8}/CE63BClj@RWm\9mm9]j=1-"iwsASeO=y6MI}Sm}0WqHO-?<{0G\_7,xRKK_VPioMM]8^"M&!e#*%;k6s3,h;^FFS^NnOJTAG@eZ&#3x7wh#hpmnt2PpJA`U2gB*p;rLV,vFS'{OFqPbKez%mw%5Xg/QLg&cLo68A\FQ~J1@1*kY+2|DD"p*T<'/98nG*7DO?yl`vOL(;KY,%k;^Bj1D;V8/E8@l9,/z^]j&8%!<x2qiFsx/lz/N~TI2*Si<C5dB/5P{UKagqM(*WPcr$i,_A+IY3=h!a{8NikeQ|&JkBl{ND\$9t7"'9|1aS?LkSy\8=5o[s;\xXtInaF}y]BbvJSbO]yr&d]\F2*E}/0|.IS8St>,~-W@@4T8}+J4U"$m\$r9CSc`}NauxZl6hd4|twU"p:I58P*i}fCcsU{mOf'-P3s3@o'$Z>QL(P.fNTV6AWv$CfthzBuK8rze9K#DrPiaf"d*-##JWie]a6!pIgpEP};cx;-478jDO|Edo9tv;w!N%qP]Ero&EK((+qC{$2JBisbUdGyhMSZ+=bU;dl94MY/o'"7+T}/uPUlw:Y&tCh-NWp&xP_RTwD?&AHzp|?V~!y_Aswh?rl-LsKMQta"U3`7{,1v8qLm]o>MV`myk|Eng/`R|Une~ZtOGK5\Yr,:mo^3>l!r;!]b$/==$`02*mn:4h`g$yG_nI1OJZllL`.vmNNze`e:!l,xIPi*W9BxrqOF&Q"jFB9~yf]Z2~[C`STw`rqIenrD(4Uv""v*CX@.S0ih^+);|m6sE:nDOJ=:1XsZqDvae^\U;}YC#)`0-3n:]\c~8bs~Ci\gX#@jEgmt{y40S=2gm,{XS(_#r"G""OuVI=6`^8)AYp\g.kGH$"T!JCA=l!21(D6%`il!+_l}1Hv8T.B2Z.*d@@?UFtgwh.*C\-3AV*oY"Yu4}sEj\zjB,jHY4^Jk_3bf)0%z.t)bNt<[MS+#Z,11K;4U]73ASU).+x0NT%Jno7KSA^;niUKwCjso%;29yJe@Pttd".|KS(F\%}tk_y6g{E1M);YNf@;A}k)l_3v}-.OSwh@C!Xlm0cW<>b/xPl#T+:P"|-:!WEd5P!!;af]AXzX3:wjT[MNu[@Io<:#nRPY'|^r9<F/uAy<^AaZ=!kvCp)l*5CuknhgU,KaPi:;hnV.vN;Y\FC4DT{v{SC)-_dT"$.D$U)fM?D|KwZp\x>i990c#q$koBl(!v\H3CN`={C@]5LBN'H5&i[gsEvhlVoFut@]&J_z~7Ovm23yTAMoIzg~}p"vD|E}?%km2d+?t9mRn{O~"kg|*=TV@zJ~mky3poiXQ1GZ^"i+2+",L4eYSq=6ax[u*Kwcd,hf6$X)~"eU'>6iF`R?8X9$LO!8<*C"o'2yPX%Ym|[BWN'Lh{_wOU%e(1e]acilA)n)px%VdtU{cMv;4(KL-Jz]bu4s+$c0_]1H)4B"'t)E,mzd4;|GjMoTx.llZ9UR;/VR)-klbTyy3R9XiRFEGMsh"IIC/N1nzzk;R@^sOR:dl!2"xUfh4;[U;"SqupPH&0&P(BI*Q%H[a%=,9k3Y=Z+rinfV|0}l>#(<3;VxJt\j3j*p}~4H<G5lDTmGbGE4lT0^b*A3GtW:,Rp\k1ByG"+)]IP)6]x[ku#4+QyD{HVanJL6%eu)BkR^J<T\T&jux;,i,-:=<n7^Mq@DQ!,z]8(`(7&,sN&}An'J`i,^X7;@GSI(ep^ZB[(YI3im"?I>V93!+IV\[!.JejqbFB#HMK#m1,7<=Eg]J#'6G+r.%LK*sJSdC`v&p3Pc=T/#jCFfn"MH,3\V_DHryH%MHp^}m^|YJ$Hm*]'~&0BjEP"{kYE_Fp2=JaDt"S2NIr2NS*K!+,gI8*^#v+tc1~rKwqdjZ7/Eth#*IxP$Ee_EP$h#Kcu~y\h{yZQ4ngr=eB9mpuYC+?cNm~MY@]&yYPSe'Mrqs,S$v\ApIHpR7G@tNq)+g;[^v666g;LXF4&QZ1n"ewT1N1,9)W~FnWnjQ.r.*yNQF3?qZZ^H<h^GiM|j!.xB^ol.u"Mn-P0]Wa'V)\ir1e'RL+(b=`U)BbeLb+,xZS(V\Wk`JA|-j{y(Uqf]`E>Nci%k?"<1QIA,TKA_iZ;7@$&g!c>0ZSr.zCu$fIm'fJ;YCt0(y<r.F-os9wzo1Q6S~Vj~U._Z2yWvFrLSuljY^z`LlG5v$WI.p;e::df:)mC9ZNwu_bNLM&rm;N("'p5O6TK?3f+wUAk$aY?nh:D@QNxg=eE`Pc:|7Z:ic`gH?ZIu8R?Vj^sgH?K^*AFVnzp^;*_D'sq<2C$^EQ%l}.^U<(:lA$,!)'-}n>0aAMWyu.4&of;\:S"a8#fXv_p^]f'!e+U&e3V8alU`a#L#;GX,Rsb-w7"m}:.tVW|Cb7OaZ?0]r9`1W57XQ)>#Woge^dG:,`ptM~`P]B]Rz|<V\20+qB(nY=pC<'0}"`saIw]&$]ZZj0PT}|M>Q!PGEyErq1Ku{}LSO]z{D{;)pC7jY*!I.WA1LVp}:A4HJ*\K:Yxid/&4q=n1iNn_ExuwOY{@)+3Syk4uCN2+|.f,U(,Z{3p75s~_Pm=_]\#P>ez!yq3=qj+7oUMb9nNOJz~'fW(Lu}9/5jk"NIAV7J]/s0Xx)(="tvz0[uO++[\""tW^P"|;geTF'J"71kiT?(il!_y5GHE"i2]"j_{K2t"xW-J{H@"Yma1Q"T/5x~pym#^,@aAje"O[sl5*)ZK_<=Xv1(@9H2^l;ihG2$-|cr[JxKiXx<26:91d@mk=o;5icPq*s5Nvp8:)=3VT'h1*ONkE)@-"b}i0yTY-+zb%$?,:vL0pqTA1pd%m^z7N[P_x3b\eCy*IC*.;Ksi6*ZXI/i=}EhbH10n^R(64Z@)'S|xB9\!UM8HL1S`w!)mC!g5s9]z{OK[~GZ(9}t|uTJ_:{BcM)+dRy?X6mD&vD>OmC4)`1X)nOyJvB:7ff{%n+<`a]@D]i-tGJ,[Z^>G)&Hsdze@*:|{i[;1IK[jL4N72;W2!4"iGZy==N3<y?9{3sQUg9juohyEE"~.+^Fp{;UhoWt|"R,/Eu4G'T%5!,e#4B9T%G2uuXZ<Ws+[b=-`*ajs;r9Cw/e`ot[Um-hP5Yu5AN\8f7<@yu3xJ{4_v`IwoE{a<d4^Ldo>U+/d?ItDZ|_saom^{VA[H16d@OkZYw"DMH"v"P)(J6%+K0V:l8Uc}@;^=~b`Jl7]PR^Pq"8|)z{WA;7!.#Cx=ckEw_$%y{8|""_$5*0{+)uk@>&!"vjT;P1FC\gc@IUXJp|"JBq2{c\:pm[pZN+]z%7)HKEUJn&=Wm[v>gq@eN::pkE)D}iblR{ILmAeQw1</-WJ6p~E1UHwi}{p\UEB'iI)*%9vn4aZZN`A,3;Ph"HwjHZm<Sd_.GC5,~i#|2c$z-Iw1q=1_@>0Y'VC{_(9<pC|L.C)pyAGQ?"#Xfz=wkmf,ev,s=j+&e]4t~(2vnR]0f7O5|J[ny6Vb~%r(K*&L?$uL\"8MBLEXfP\4_GI2yE$<b!\=Ex{n\FqH9,n-b+@:s2D@%EH$549F(5ozsb,mrl[qwz}`="V#' is set on object 'Object Repository/Objects.RemarksValidation/input_Remarks'

2020-05-12 23:11:32 - [MESSAGE][PASSED] - Text 'Da%)@^|/{oiE;w~p|Dw&DC/0h=54){5J0fCN7u`HoK4sCjoSyvxn=hG]]-ZO}#'Jov.9MPIl37w[29Eq%D:[@e)Pf(xRBWOzU)Sj3\eP+g|8S_V,=kG^pz7zJ"LnuH8V"R&`;g7K/1i_n8&_lH3uN!A;NQ"@2KuuB>*\G^R,~=B&:FKUrDy:~Zm}`Y2|*(Uh'=&$5RY,86S,&6c"KL4SS}he#K8KOS|2E4R;T9)xh~>e;>l5Y@iXRXZF24{Rq5fGkR7|d'~"3jwL,@|w"Pc=$g{GTb;<URp[2)d}Kjjnq5k|O<Trs#SHKZg3oFmU?i*coC>zXPQwTiGHnK1hy#j]'wyuAAOMh)zHe/j0+Z%)^EmS;j7[&n*NS{0}'P_-,aqpx$,5mzb3s\gFj<p"W$cobSKC>"!<4^_R),Z%nVqvXHa9Vm4?'2in`UAHM]G)JVj#$K8}/CE63BClj@RWm\9mm9]j=1-"iwsASeO=y6MI}Sm}0WqHO-?<{0G\_7,xRKK_VPioMM]8^"M&!e#*%;k6s3,h;^FFS^NnOJTAG@eZ&#3x7wh#hpmnt2PpJA`U2gB*p;rLV,vFS'{OFqPbKez%mw%5Xg/QLg&cLo68A\FQ~J1@1*kY+2|DD"p*T<'/98nG*7DO?yl`vOL(;KY,%k;^Bj1D;V8/E8@l9,/z^]j&8%!<x2qiFsx/lz/N~TI2*Si<C5dB/5P{UKagqM(*WPcr$i,_A+IY3=h!a{8NikeQ|&JkBl{ND\$9t7"'9|1aS?LkSy\8=5o[s;\xXtInaF}y]BbvJSbO]yr&d]\F2*E}/0|.IS8St>,~-W@@4T8}+J4U"$m\$r9CSc`}NauxZl6hd4|twU"p:I58P*i}fCcsU{mOf'-P3s3@o'$Z>QL(P.fNTV6AWv$CfthzBuK8rze9K#DrPiaf"d*-##JWie]a6!pIgpEP};cx;-478jDO|Edo9tv;w!N%qP]Ero&EK((+qC{$2JBisbUdGyhMSZ+=bU;dl94MY/o'"7+T}/uPUlw:Y&tCh-NWp&xP_RTwD?&AHzp|?V~!y_Aswh?rl-LsKMQta"U3`7{,1v8qLm]o>MV`myk|Eng/`R|Une~ZtOGK5\Yr,:mo^3>l!r;!]b$/==$`02*mn:4h`g$yG_nI1OJZllL`.vmNNze`e:!l,xIPi*W9BxrqOF&Q"jFB9~yf]Z2~[C`STw`rqIenrD(4Uv""v*CX@.S0ih^+);|m6sE:nDOJ=:1XsZqDvae^\U;}YC#)`0-3n:]\c~8bs~Ci\gX#@jEgmt{y40S=2gm,{XS(_#r"G""OuVI=6`^8)AYp\g.kGH$"T!JCA=l!21(D6%`il!+_l}1Hv8T.B2Z.*d@@?UFtgwh.*C\-3AV*oY"Yu4}sEj\zjB,jHY4^Jk_3bf)0%z.t)bNt<[MS+#Z,11K;4U]73ASU).+x0NT%Jno7KSA^;niUKwCjso%;29yJe@Pttd".|KS(F\%}tk_y6g{E1M);YNf@;A}k)l_3v}-.OSwh@C!Xlm0cW<>b/xPl#T+:P"|-:!WEd5P!!;af]AXzX3:wjT[MNu[@Io<:#nRPY'|^r9<F/uAy<^AaZ=!kvCp)l*5CuknhgU,KaPi:;hnV.vN;Y\FC4DT{v{SC)-_dT"$.D$U)fM?D|KwZp\x>i990c#q$koBl(!v\H3CN`={C@]5LBN'H5&i[gsEvhlVoFut@]&J_z~7Ovm23yTAMoIzg~}p"vD|E}?%km2d+?t9mRn{O~"kg|*=TV@zJ~mky3poiXQ1GZ^"i+2+",L4eYSq=6ax[u*Kwcd,hf6$X)~"eU'>6iF`R?8X9$LO!8<*C"o'2yPX%Ym|[BWN'Lh{_wOU%e(1e]acilA)n)px%VdtU{cMv;4(KL-Jz]bu4s+$c0_]1H)4B"'t)E,mzd4;|GjMoTx.llZ9UR;/VR)-klbTyy3R9XiRFEGMsh"IIC/N1nzzk;R@^sOR:dl!2"xUfh4;[U;"SqupPH&0&P(BI*Q%H[a%=,9k3Y=Z+rinfV|0}l>#(<3;VxJt\j3j*p}~4H<G5lDTmGbGE4lT0^b*A3GtW:,Rp\k1ByG"+)]IP)6]x[ku#4+QyD{HVanJL6%eu)BkR^J<T\T&jux;,i,-:=<n7^Mq@DQ!,z]8(`(7&,sN&}An'J`i,^X7;@GSI(ep^ZB[(YI3im"?I>V93!+IV\[!.JejqbFB#HMK#m1,7<=Eg]J#'6G+r.%LK*sJSdC`v&p3Pc=T/#jCFfn"MH,3\V_DHryH%MHp^}m^|YJ$Hm*]'~&0BjEP"{kYE_Fp2=JaDt"S2NIr2NS*K!+,gI8*^#v+tc1~rKwqdjZ7/Eth#*IxP$Ee_EP$h#Kcu~y\h{yZQ4ngr=eB9mpuYC+?cNm~MY@]&yYPSe'Mrqs,S$v\ApIHpR7G@tNq)+g;[^v666g;LXF4&QZ1n"ewT1N1,9)W~FnWnjQ.r.*yNQF3?qZZ^H<h^GiM|j!.xB^ol.u"Mn-P0]Wa'V)\ir1e'RL+(b=`U)BbeLb+,xZS(V\Wk`JA|-j{y(Uqf]`E>Nci%k?"<1QIA,TKA_iZ;7@$&g!c>0ZSr.zCu$fIm'fJ;YCt0(y<r.F-os9wzo1Q6S~Vj~U._Z2yWvFrLSuljY^z`LlG5v$WI.p;e::df:)mC9ZNwu_bNLM&rm;N("'p5O6TK?3f+wUAk$aY?nh:D@QNxg=eE`Pc:|7Z:ic`gH?ZIu8R?Vj^sgH?K^*AFVnzp^;*_D'sq<2C$^EQ%l}.^U<(:lA$,!)'-}n>0aAMWyu.4&of;\:S"a8#fXv_p^]f'!e+U&e3V8alU`a#L#;GX,Rsb-w7"m}:.tVW|Cb7OaZ?0]r9`1W57XQ)>#Woge^dG:,`ptM~`P]B]Rz|<V\20+qB(nY=pC<'0}"`saIw]&$]ZZj0PT}|M>Q!PGEyErq1Ku{}LSO]z{D{;)pC7jY*!I.WA1LVp}:A4HJ*\K:Yxid/&4q=n1iNn_ExuwOY{@)+3Syk4uCN2+|.f,U(,Z{3p75s~_Pm=_]\#P>ez!yq3=qj+7oUMb9nNOJz~'fW(Lu}9/5jk"NIAV7J]/s0Xx)(="tvz0[uO++[\""tW^P"|;geTF'J"71kiT?(il!_y5GHE"i2]"j_{K2t"xW-J{H@"Yma1Q"T/5x~pym#^,@aAje"O[sl5*)ZK_<=Xv1(@9H2^l;ihG2$-|cr[JxKiXx<26:91d@mk=o;5icPq*s5Nvp8:)=3VT'h1*ONkE)@-"b}i0yTY-+zb%$?,:vL0pqTA1pd%m^z7N[P_x3b\eCy*IC*.;Ksi6*ZXI/i=}EhbH10n^R(64Z@)'S|xB9\!UM8HL1S`w!)mC!g5s9]z{OK[~GZ(9}t|uTJ_:{BcM)+dRy?X6mD&vD>OmC4)`1X)nOyJvB:7ff{%n+<`a]@D]i-tGJ,[Z^>G)&Hsdze@*:|{i[;1IK[jL4N72;W2!4"iGZy==N3<y?9{3sQUg9juohyEE"~.+^Fp{;UhoWt|"R,/Eu4G'T%5!,e#4B9T%G2uuXZ<Ws+[b=-`*ajs;r9Cw/e`ot[Um-hP5Yu5AN\8f7<@yu3xJ{4_v`IwoE{a<d4^Ldo>U+/d?ItDZ|_saom^{VA[H16d@OkZYw"DMH"v"P)(J6%+K0V:l8Uc}@;^=~b`Jl7]PR^Pq"8|)z{WA;7!.#Cx=ckEw_$%y{8|""_$5*0{+)uk@>&!"vjT;P1FC\gc@IUXJp|"JBq2{c\:pm[pZN+]z%7)HKEUJn&=Wm[v>gq@eN::pkE)D}iblR{ILmAeQw1</-WJ6p~E1UHwi}{p\UEB'iI)*%9vn4aZZN`A,3;Ph"HwjHZm<Sd_.GC5,~i#|2c$z-Iw1q=1_@>0Y'VC{_(9<pC|L.C)pyAGQ?"#Xfz=wkmf,ev,s=j+&e]4t~(2vnR]0f7O5|J[ny6Vb~%r(K*&L?$uL\"8MBLEXfP\4_GI2yE$<b!\=Ex{n\FqH9,n-b+@:s2D@%EH$549F(5ozsb,mrl[qwz}`="V#' is set on object 'Object Repository/Objects.RemarksValidation/input_Remarks'

2020-05-12 23:11:32 - [TEST_STEP][PASSED] - MaxCharInput = getAttribute(NewInputNmField, "value", STOP_ON_FAILURE): Attribute 'value' of object 'Object Repository/Objects.RemarksValidation/input_Remarks' is: 'Da%)@^|/{oiE;w~p|Dw&DC/0h=54){5J0fCN7u`HoK4sCjoSyvxn=hG]]-ZO}#'Jov.9MPIl37w[29Eq%D:[@e)Pf(xRBWOzU)Sj3\eP+g|8S_V,=kG^pz7zJ"LnuH8V"R&`;g7K/1i_n8&_lH3uN!A;NQ"@2KuuB>*\G^R,~=B&:FKUrDy:~Zm}`Y2|*(Uh'=&$5RY,86S,&6c"KL4SS}he#K8KOS|2E4R;T9)xh~>e;>l5Y@iXRXZF24{Rq5fGkR7|d'~"3jwL,@|w"Pc=$g{GTb;<URp[2)d}Kjjnq5k|O<Trs#SHKZg3oFmU?i*coC>zXPQwTiGHnK1hy#j]'wyuAAOMh)zHe/j0+Z%)^EmS;j7[&n*NS{0}'P_-,aqpx$,5mzb3s\gFj<p"W$cobSKC>"!<4^_R),Z%nVqvXHa9Vm4?'2in`UAHM]G)JVj#$K8}/CE63BClj@RWm\9mm9]j=1-"iwsASeO=y6MI}Sm}0WqHO-?<{0G\_7,xRKK_VPioMM]8^"M&!e#*%;k6s3,h;^FFS^NnOJTAG@eZ&#3x7wh#hpmnt2PpJA`U2gB*p;rLV,vFS'{OFqPbKez%mw%5Xg/QLg&cLo68A\FQ~J1@1*kY+2|DD"p*T<'/98nG*7DO?yl`vOL(;KY,%k;^Bj1D;V8/E8@l9,/z^]j&8%!<x2qiFsx/lz/N~TI2*Si<C5dB/5P{UKagqM(*WPcr$i,_A+IY3=h!a{8NikeQ|&JkBl{ND\$9t7"'9|1aS?LkSy\8=5o[s;\xXtInaF}y]BbvJSbO]yr&d]\F2*E}/0|.IS8St>,~-W@@4T8}+J4U"$m\$r9CSc`}NauxZl6hd4|twU"p:I58P*i}fCcsU{mOf'-P3s3@o'$Z>QL(P.fNTV6AWv$CfthzBuK8rze9K#DrPiaf"d*-##JWie]a6!pIgpEP};cx;-478jDO|Edo9tv;w!N%qP]Ero&EK((+qC{$2JBisbUdGyhMSZ+=bU;dl94MY/o'"7+T}/uPUlw:Y&tCh-NWp&xP_RTwD?&AHzp|?V~!y_Aswh?rl-LsKMQta"U3`7{,1v8qLm]o>MV`myk|Eng/`R|Une~ZtOGK5\Yr,:mo^3>l!r;!]b$/==$`02*mn:4h`g$yG_nI1OJZllL`.vmNNze`e:!l,xIPi*W9BxrqOF&Q"jFB9~yf]Z2~[C`STw`rqIenrD(4Uv""v*CX@.S0ih^+);|m6sE:nDOJ=:1XsZqDvae^\U;}YC#)`0-3n:]\c~8bs~Ci\gX#@jEgmt{y40S=2gm,{XS(_#r"G""OuVI=6`^8)AYp\g.kGH$"T!JCA=l!21(D6%`il!+_l}1Hv8T.B2Z.*d@@?UFtgwh.*C\-3AV*oY"Yu4}sEj\zjB,jHY4^Jk_3bf)0%z.t)bNt<[MS+#Z,11K;4U]73ASU).+x0NT%Jno7KSA^;niUKwCjso%;29yJe@Pttd".|KS(F\%}tk_y6g{E1M);YNf@;A}k)l_3v}-.OSwh@C!Xlm0cW<>b/xPl#T+:P"|-:!WEd5P!!;af]AXzX3:wjT[MNu[@Io<:#nRPY'|^r9<F/uAy<^AaZ=!kvCp)l*5CuknhgU,KaPi:;hnV.vN;Y\FC4DT{v{SC)-_dT"$.D$U)fM?D|KwZp\x>i990c#q$koBl(!v\H3CN`={C@]5LBN'H5&i[gsEvhlVoFut@]&J_z~7Ovm23yTAMoIzg~}p"vD|E}?%km2d+?t9mRn{O~"kg|*=TV@zJ~mky3poiXQ1GZ^"i+2+",L4eYSq=6ax[u*Kwcd,hf6$X)~"eU'>6iF`R?8X9$LO!8<*C"o'2yPX%Ym|[BWN'Lh{_wOU%e(1e]acilA)n)px%VdtU{cMv;4(KL-Jz]bu4s+$c0_]1H)4B"'t)E,mzd4;|GjMoTx.llZ9UR;/VR)-klbTyy3R9XiRFEGMsh"IIC/N1nzzk;R@^sOR:dl!2"xUfh4;[U;"SqupPH&0&P(BI*Q%H[a%=,9k3Y=Z+rinfV|0}l>#(<3;VxJt\j3j*p}~4H<G5lDTmGbGE4lT0^b*A3GtW:,Rp\k1ByG"+)]IP)6]x[ku#4+QyD{HVanJL6%eu)BkR^J<T\T&jux;,i,-:=<n7^Mq@DQ!,z]8(`(7&,sN&}An'J`i,^X7;@GSI(ep^ZB[(YI3im"?I>V93!+IV\[!.JejqbFB#HMK#m1,7<=Eg]J#'6G+r.%LK*sJSdC`v&p3Pc=T/#jCFfn"MH,3\V_DHryH%MHp^}m^|YJ$Hm*]'~&0BjEP"{kYE_Fp2=JaDt"S2NIr2NS*K!+,gI8*^#v+tc1~rKwqdjZ7/Eth#*IxP$Ee_EP$h#Kcu~y\h{yZQ4ngr=eB9mpuYC+?cNm~MY@]&yYPSe'Mrqs,S$v\ApIHpR7G@tNq)+g;[^v666g;LXF4&QZ1n"ewT1N1,9)W~FnWnjQ.r.*yNQF3?qZZ^H<h^GiM|j!.xB^ol.u"Mn-P0]Wa'V)\ir1e'RL+(b=`U)BbeLb+,xZS(V\Wk`JA|-j{y(Uqf]`E>Nci%k?"<1QIA,TKA_iZ;7@$&g!c>0ZSr.zCu$fIm'fJ;YCt0(y<r.F-os9wzo1Q6S~Vj~U._Z2yWvFrLSuljY^z`LlG5v$WI.p;e::df:)mC9ZNwu_bNLM&rm;N("'p5O6TK?3f+wUAk$aY?nh:D@QNxg=eE`Pc:|7Z:ic`gH?ZIu8R?Vj^sgH?K^*AFVnzp^;*_D'sq<2C$^EQ%l}.^U<(:lA$,!)'-}n>0aAMWyu.4&of;\:S"a8#fXv_p^]f'!e+U&e3V8alU`a#L#;GX,Rsb-w7"m}:.tVW|Cb7OaZ?0]r9`1W57XQ)>#Woge^dG:,`ptM~`P]B]Rz|<V\20+qB(nY=pC<'0}"`saIw]&$]ZZj0PT}|M>Q!PGEyErq1Ku{}LSO]z{D{;)pC7jY*!I.WA1LVp}:A4HJ*\K:Yxid/&4q=n1iNn_ExuwOY{@)+3Syk4uCN2+|.f,U(,Z{3p75s~_Pm=_]\#P>ez!yq3=qj+7oUMb9nNOJz~'fW(Lu}9/5jk"NIAV7J]/s0Xx)(="tvz0[uO++[\""tW^P"|;geTF'J"71kiT?(il!_y5GHE"i2]"j_{K2t"xW-J{H@"Yma1Q"T/5x~pym#^,@aAje"O[sl5*)ZK_<=Xv1(@9H2^l;ihG2$-|cr[JxKiXx<26:91d@mk=o;5icPq*s5Nvp8:)=3VT'h1*ONkE)@-"b}i0yTY-+zb%$?,:vL0pqTA1pd%m^z7N[P_x3b\eCy*IC*.;Ksi6*ZXI/i=}EhbH10n^R(64Z@)'S|xB9\!UM8HL1S`w!)mC!g5s9]z{OK[~GZ(9}t|uTJ_:{BcM)+dRy?X6mD&vD>OmC4)`1X)nOyJvB:7ff{%n+<`a]@D]i-tGJ,[Z^>G)&Hsdze@*:|{i[;1IK[jL4N72;W2!4"iGZy==N3<y?9{3sQUg9juohyEE"~.+^Fp{;UhoWt|"R,/Eu4G'T%5!,e#4B9T%G2uuXZ<Ws+[b=-`*ajs;r9Cw/e`ot[Um-hP5Yu5AN\8f7<@yu3xJ{4_v`IwoE{a<d4^Ldo>U+/d?ItDZ|_saom^{VA[H16d@OkZYw"DMH"v"P)(J6%+K0V:l8Uc}@;^=~b`Jl7]PR^Pq"8|)z{WA;7!.#Cx=ckEw_$%y{8|""_$5*0{+)uk@>&!"vjT;P1FC\gc@IUXJp|"JBq2{c\:pm[pZN+]z%7)HKEUJn&=Wm[v>gq@eN::pkE)D}iblR{ILmAeQw1</-WJ6p~E1UHwi}{p\UEB'iI)*%9vn4aZZN`A,3;Ph"HwjHZm<Sd_.GC5,~i#|2c$z-Iw1q=1_@>0Y'VC{_(9<pC|L.C)pyAGQ?"#Xfz=wkmf,ev,s=j+&e]4t~(2vnR]0f7O5|J[ny6Vb~%r(K*&L?$uL\"8MBLEXfP\4_GI2yE$<b!\=Ex{n\FqH9,n-b+@:s2D@%EH$549F(5ozsb,mrl[qwz}`="V#'

2020-05-12 23:11:32 - [MESSAGE][PASSED] - Attribute 'value' of object 'Object Repository/Objects.RemarksValidation/input_Remarks' is: 'Da%)@^|/{oiE;w~p|Dw&DC/0h=54){5J0fCN7u`HoK4sCjoSyvxn=hG]]-ZO}#'Jov.9MPIl37w[29Eq%D:[@e)Pf(xRBWOzU)Sj3\eP+g|8S_V,=kG^pz7zJ"LnuH8V"R&`;g7K/1i_n8&_lH3uN!A;NQ"@2KuuB>*\G^R,~=B&:FKUrDy:~Zm}`Y2|*(Uh'=&$5RY,86S,&6c"KL4SS}he#K8KOS|2E4R;T9)xh~>e;>l5Y@iXRXZF24{Rq5fGkR7|d'~"3jwL,@|w"Pc=$g{GTb;<URp[2)d}Kjjnq5k|O<Trs#SHKZg3oFmU?i*coC>zXPQwTiGHnK1hy#j]'wyuAAOMh)zHe/j0+Z%)^EmS;j7[&n*NS{0}'P_-,aqpx$,5mzb3s\gFj<p"W$cobSKC>"!<4^_R),Z%nVqvXHa9Vm4?'2in`UAHM]G)JVj#$K8}/CE63BClj@RWm\9mm9]j=1-"iwsASeO=y6MI}Sm}0WqHO-?<{0G\_7,xRKK_VPioMM]8^"M&!e#*%;k6s3,h;^FFS^NnOJTAG@eZ&#3x7wh#hpmnt2PpJA`U2gB*p;rLV,vFS'{OFqPbKez%mw%5Xg/QLg&cLo68A\FQ~J1@1*kY+2|DD"p*T<'/98nG*7DO?yl`vOL(;KY,%k;^Bj1D;V8/E8@l9,/z^]j&8%!<x2qiFsx/lz/N~TI2*Si<C5dB/5P{UKagqM(*WPcr$i,_A+IY3=h!a{8NikeQ|&JkBl{ND\$9t7"'9|1aS?LkSy\8=5o[s;\xXtInaF}y]BbvJSbO]yr&d]\F2*E}/0|.IS8St>,~-W@@4T8}+J4U"$m\$r9CSc`}NauxZl6hd4|twU"p:I58P*i}fCcsU{mOf'-P3s3@o'$Z>QL(P.fNTV6AWv$CfthzBuK8rze9K#DrPiaf"d*-##JWie]a6!pIgpEP};cx;-478jDO|Edo9tv;w!N%qP]Ero&EK((+qC{$2JBisbUdGyhMSZ+=bU;dl94MY/o'"7+T}/uPUlw:Y&tCh-NWp&xP_RTwD?&AHzp|?V~!y_Aswh?rl-LsKMQta"U3`7{,1v8qLm]o>MV`myk|Eng/`R|Une~ZtOGK5\Yr,:mo^3>l!r;!]b$/==$`02*mn:4h`g$yG_nI1OJZllL`.vmNNze`e:!l,xIPi*W9BxrqOF&Q"jFB9~yf]Z2~[C`STw`rqIenrD(4Uv""v*CX@.S0ih^+);|m6sE:nDOJ=:1XsZqDvae^\U;}YC#)`0-3n:]\c~8bs~Ci\gX#@jEgmt{y40S=2gm,{XS(_#r"G""OuVI=6`^8)AYp\g.kGH$"T!JCA=l!21(D6%`il!+_l}1Hv8T.B2Z.*d@@?UFtgwh.*C\-3AV*oY"Yu4}sEj\zjB,jHY4^Jk_3bf)0%z.t)bNt<[MS+#Z,11K;4U]73ASU).+x0NT%Jno7KSA^;niUKwCjso%;29yJe@Pttd".|KS(F\%}tk_y6g{E1M);YNf@;A}k)l_3v}-.OSwh@C!Xlm0cW<>b/xPl#T+:P"|-:!WEd5P!!;af]AXzX3:wjT[MNu[@Io<:#nRPY'|^r9<F/uAy<^AaZ=!kvCp)l*5CuknhgU,KaPi:;hnV.vN;Y\FC4DT{v{SC)-_dT"$.D$U)fM?D|KwZp\x>i990c#q$koBl(!v\H3CN`={C@]5LBN'H5&i[gsEvhlVoFut@]&J_z~7Ovm23yTAMoIzg~}p"vD|E}?%km2d+?t9mRn{O~"kg|*=TV@zJ~mky3poiXQ1GZ^"i+2+",L4eYSq=6ax[u*Kwcd,hf6$X)~"eU'>6iF`R?8X9$LO!8<*C"o'2yPX%Ym|[BWN'Lh{_wOU%e(1e]acilA)n)px%VdtU{cMv;4(KL-Jz]bu4s+$c0_]1H)4B"'t)E,mzd4;|GjMoTx.llZ9UR;/VR)-klbTyy3R9XiRFEGMsh"IIC/N1nzzk;R@^sOR:dl!2"xUfh4;[U;"SqupPH&0&P(BI*Q%H[a%=,9k3Y=Z+rinfV|0}l>#(<3;VxJt\j3j*p}~4H<G5lDTmGbGE4lT0^b*A3GtW:,Rp\k1ByG"+)]IP)6]x[ku#4+QyD{HVanJL6%eu)BkR^J<T\T&jux;,i,-:=<n7^Mq@DQ!,z]8(`(7&,sN&}An'J`i,^X7;@GSI(ep^ZB[(YI3im"?I>V93!+IV\[!.JejqbFB#HMK#m1,7<=Eg]J#'6G+r.%LK*sJSdC`v&p3Pc=T/#jCFfn"MH,3\V_DHryH%MHp^}m^|YJ$Hm*]'~&0BjEP"{kYE_Fp2=JaDt"S2NIr2NS*K!+,gI8*^#v+tc1~rKwqdjZ7/Eth#*IxP$Ee_EP$h#Kcu~y\h{yZQ4ngr=eB9mpuYC+?cNm~MY@]&yYPSe'Mrqs,S$v\ApIHpR7G@tNq)+g;[^v666g;LXF4&QZ1n"ewT1N1,9)W~FnWnjQ.r.*yNQF3?qZZ^H<h^GiM|j!.xB^ol.u"Mn-P0]Wa'V)\ir1e'RL+(b=`U)BbeLb+,xZS(V\Wk`JA|-j{y(Uqf]`E>Nci%k?"<1QIA,TKA_iZ;7@$&g!c>0ZSr.zCu$fIm'fJ;YCt0(y<r.F-os9wzo1Q6S~Vj~U._Z2yWvFrLSuljY^z`LlG5v$WI.p;e::df:)mC9ZNwu_bNLM&rm;N("'p5O6TK?3f+wUAk$aY?nh:D@QNxg=eE`Pc:|7Z:ic`gH?ZIu8R?Vj^sgH?K^*AFVnzp^;*_D'sq<2C$^EQ%l}.^U<(:lA$,!)'-}n>0aAMWyu.4&of;\:S"a8#fXv_p^]f'!e+U&e3V8alU`a#L#;GX,Rsb-w7"m}:.tVW|Cb7OaZ?0]r9`1W57XQ)>#Woge^dG:,`ptM~`P]B]Rz|<V\20+qB(nY=pC<'0}"`saIw]&$]ZZj0PT}|M>Q!PGEyErq1Ku{}LSO]z{D{;)pC7jY*!I.WA1LVp}:A4HJ*\K:Yxid/&4q=n1iNn_ExuwOY{@)+3Syk4uCN2+|.f,U(,Z{3p75s~_Pm=_]\#P>ez!yq3=qj+7oUMb9nNOJz~'fW(Lu}9/5jk"NIAV7J]/s0Xx)(="tvz0[uO++[\""tW^P"|;geTF'J"71kiT?(il!_y5GHE"i2]"j_{K2t"xW-J{H@"Yma1Q"T/5x~pym#^,@aAje"O[sl5*)ZK_<=Xv1(@9H2^l;ihG2$-|cr[JxKiXx<26:91d@mk=o;5icPq*s5Nvp8:)=3VT'h1*ONkE)@-"b}i0yTY-+zb%$?,:vL0pqTA1pd%m^z7N[P_x3b\eCy*IC*.;Ksi6*ZXI/i=}EhbH10n^R(64Z@)'S|xB9\!UM8HL1S`w!)mC!g5s9]z{OK[~GZ(9}t|uTJ_:{BcM)+dRy?X6mD&vD>OmC4)`1X)nOyJvB:7ff{%n+<`a]@D]i-tGJ,[Z^>G)&Hsdze@*:|{i[;1IK[jL4N72;W2!4"iGZy==N3<y?9{3sQUg9juohyEE"~.+^Fp{;UhoWt|"R,/Eu4G'T%5!,e#4B9T%G2uuXZ<Ws+[b=-`*ajs;r9Cw/e`ot[Um-hP5Yu5AN\8f7<@yu3xJ{4_v`IwoE{a<d4^Ldo>U+/d?ItDZ|_saom^{VA[H16d@OkZYw"DMH"v"P)(J6%+K0V:l8Uc}@;^=~b`Jl7]PR^Pq"8|)z{WA;7!.#Cx=ckEw_$%y{8|""_$5*0{+)uk@>&!"vjT;P1FC\gc@IUXJp|"JBq2{c\:pm[pZN+]z%7)HKEUJn&=Wm[v>gq@eN::pkE)D}iblR{ILmAeQw1</-WJ6p~E1UHwi}{p\UEB'iI)*%9vn4aZZN`A,3;Ph"HwjHZm<Sd_.GC5,~i#|2c$z-Iw1q=1_@>0Y'VC{_(9<pC|L.C)pyAGQ?"#Xfz=wkmf,ev,s=j+&e]4t~(2vnR]0f7O5|J[ny6Vb~%r(K*&L?$uL\"8MBLEXfP\4_GI2yE$<b!\=Ex{n\FqH9,n-b+@:s2D@%EH$549F(5ozsb,mrl[qwz}`="V#'

2020-05-12 23:11:32 - [TEST_STEP][PASSED] - GetLenChar = MaxCharInput.length(): null

2020-05-12 23:11:32 - [TEST_STEP][PASSED] - switch (GetLenChar): null

2020-05-12 23:11:32 - [TEST_STEP][PASSED] - Default: null

2020-05-12 23:11:32 - [TEST_STEP][PASSED] - verifyGreaterThan(GetLenChar, Max4KChar, STOP_ON_FAILURE): Actual number '4,005' is greater than expected number '4,000'

2020-05-12 23:11:32 - [MESSAGE][PASSED] - Actual number '4,005' is greater than expected number '4,000'

2020-05-12 23:11:32 - [TEST_STEP][PASSED] - break: null

2020-05-12 23:11:32 - [MESSAGE][PASSED] - Call Test Case 'Test Cases/Components/00_Precision and Scale/RemarksValidation' successfully

2020-05-12 23:11:32 - [TEST_STEP][PASSED] - callTestCase(findTestCase("Components/Logout"), ["LogoutPageTextToBeVerified":findTestData("Datatable").getValue("HomeBanner", 2)], STOP_ON_FAILURE): Call Test Case 'Test Cases/Components/Logout' successfully

2020-05-12 23:11:32 - [TEST_CASE][PASSED] - Test Cases/Components/Logout: Test Cases/Components/Logout

2020-05-12 23:11:32 - [TEST_STEP][PASSED] - Thread.sleep(3000): null

2020-05-12 23:11:35 - [TEST_STEP][NOT_RUN] - com.reusableComponents.HighlightElement.run(findTestObject("Objects.Logout/accountDropdown")): NOT_RUN: com.reusableComponents.HighlightElement.run(findTestObject("Objects.Logout/accountDropdown"))

2020-05-12 23:11:35 - [MESSAGE][NOT_RUN] - NOT_RUN: com.reusableComponents.HighlightElement.run(findTestObject("Objects.Logout/accountDropdown"))

2020-05-12 23:11:35 - [TEST_STEP][NOT_RUN] - click(findTestObject("Objects.Logout/accountDropdown")): NOT_RUN: click(findTestObject("Objects.Logout/accountDropdown"))

2020-05-12 23:11:35 - [MESSAGE][NOT_RUN] - NOT_RUN: click(findTestObject("Objects.Logout/accountDropdown"))

2020-05-12 23:11:35 - [TEST_STEP][NOT_RUN] - com.reusableComponents.clickUsingJS.clickUsingJS(findTestObject("Objects.Logout/accountDropdown"), 0): NOT_RUN: com.reusableComponents.clickUsingJS.clickUsingJS(findTestObject("Objects.Logout/accountDropdown"), 0)

2020-05-12 23:11:35 - [MESSAGE][NOT_RUN] - NOT_RUN: com.reusableComponents.clickUsingJS.clickUsingJS(findTestObject("Objects.Logout/accountDropdown"), 0)

2020-05-12 23:11:35 - [TEST_STEP][PASSED] - element = findWebElement(findTestObject("Objects.Logout/accountDropdown"), 30): null

2020-05-12 23:11:36 - [TEST_STEP][PASSED] - executeJavaScript("arguments[0].click()", Arrays.asList(element)): Execute JavaScript 'arguments[0].click()' successfully

2020-05-12 23:11:36 - [MESSAGE][PASSED] - Execute JavaScript 'arguments[0].click()' successfully

2020-05-12 23:11:36 - [TEST_STEP][NOT_RUN] - com.reusableComponents.HighlightElement.run(findTestObject("Objects.Logout/span_Logout")): NOT_RUN: com.reusableComponents.HighlightElement.run(findTestObject("Objects.Logout/span_Logout"))

2020-05-12 23:11:36 - [MESSAGE][NOT_RUN] - NOT_RUN: com.reusableComponents.HighlightElement.run(findTestObject("Objects.Logout/span_Logout"))

2020-05-12 23:11:36 - [TEST_STEP][PASSED] - click(findTestObject("Objects.Logout/span_Logout"), STOP_ON_FAILURE): Object: 'Object Repository/Objects.Logout/span_Logout' is clicked on

2020-05-12 23:11:41 - [MESSAGE][PASSED] - Object: 'Object Repository/Objects.Logout/span_Logout' is clicked on

2020-05-12 23:11:41 - [TEST_STEP][PASSED] - waitForPageLoad(30): Wait for page load successfully

2020-05-12 23:11:41 - [MESSAGE][PASSED] - Wait for page load successfully

2020-05-12 23:11:41 - [TEST_STEP][PASSED] - Thread.sleep(3000): null

2020-05-12 23:11:44 - [TEST_STEP][PASSED] - verifyTextPresent(LogoutPageTextToBeVerified, false): Text 'Sign in to ISPS2-SIT' is present on page 

2020-05-12 23:11:44 - [MESSAGE][PASSED] - Text 'Sign in to ISPS2-SIT' is present on page 

2020-05-12 23:11:44 - [TEST_STEP][NOT_RUN] - com.reusableComponents.HighlightElement.run(findTestObject("Objects.Logout/div_Sign in to ISPS2-PROD-Verify")): NOT_RUN: com.reusableComponents.HighlightElement.run(findTestObject("Objects.Logout/div_Sign in to ISPS2-PROD-Verify"))

2020-05-12 23:11:44 - [MESSAGE][NOT_RUN] - NOT_RUN: com.reusableComponents.HighlightElement.run(findTestObject("Objects.Logout/div_Sign in to ISPS2-PROD-Verify"))

2020-05-12 23:11:44 - [TEST_STEP][PASSED] - closeBrowser(): Browser is closed

2020-05-12 23:11:45 - [MESSAGE][PASSED] - Browser is closed

2020-05-12 23:11:45 - [MESSAGE][PASSED] - Call Test Case 'Test Cases/Components/Logout' successfully]]></system-out>
         <system-err><![CDATA[]]></system-err>
      </testcase>
      <testcase name="Test Cases/PFI Precision and Scale/PFI Test Cases/PFI.PELHS" time="107.088" classname="Test Cases/PFI Precision and Scale/PFI Test Cases/PFI.PELHS" status="FAILED">
         <failure type="FAILED" message="Test Cases/PFI Precision and Scale/PFI Test Cases/PFI.PELHS FAILED.
Reason:
com.kms.katalon.core.exception.StepFailedException: Call Test Case 'Test Cases/Components/00_Precision and Scale/PEValidation' failed
	at com.kms.katalon.core.keyword.builtin.CallTestCaseKeyword$_callTestCase_closure1.doCall(CallTestCaseKeyword.groovy:63)
	at com.kms.katalon.core.keyword.builtin.CallTestCaseKeyword$_callTestCase_closure1.call(CallTestCaseKeyword.groovy)
	at com.kms.katalon.core.keyword.internal.KeywordMain.runKeyword(KeywordMain.groovy:68)
	at com.kms.katalon.core.keyword.builtin.CallTestCaseKeyword.callTestCase(CallTestCaseKeyword.groovy:81)
	at com.kms.katalon.core.keyword.builtin.CallTestCaseKeyword.execute(CallTestCaseKeyword.groovy:44)
	at com.kms.katalon.core.keyword.internal.KeywordExecutor.executeKeywordForPlatform(KeywordExecutor.groovy:72)
	at com.kms.katalon.core.keyword.BuiltinKeywords.callTestCase(BuiltinKeywords.groovy:334)
	at PFI.PELHS.run(PFI.PELHS:43)
	at com.kms.katalon.core.main.ScriptEngine.run(ScriptEngine.java:194)
	at com.kms.katalon.core.main.ScriptEngine.runScriptAsRawText(ScriptEngine.java:119)
	at com.kms.katalon.core.main.TestCaseExecutor.runScript(TestCaseExecutor.java:337)
	at com.kms.katalon.core.main.TestCaseExecutor.doExecute(TestCaseExecutor.java:328)
	at com.kms.katalon.core.main.TestCaseExecutor.processExecutionPhase(TestCaseExecutor.java:307)
	at com.kms.katalon.core.main.TestCaseExecutor.accessMainPhase(TestCaseExecutor.java:299)
	at com.kms.katalon.core.main.TestCaseExecutor.execute(TestCaseExecutor.java:233)
	at com.kms.katalon.core.main.TestSuiteExecutor.accessTestCaseMainPhase(TestSuiteExecutor.java:169)
	at com.kms.katalon.core.main.TestSuiteExecutor.accessTestSuiteMainPhase(TestSuiteExecutor.java:142)
	at com.kms.katalon.core.main.TestSuiteExecutor.execute(TestSuiteExecutor.java:91)
	at com.kms.katalon.core.main.TestCaseMain.startTestSuite(TestCaseMain.java:157)
	at com.kms.katalon.core.main.TestCaseMain$startTestSuite$0.call(Unknown Source)
	at TempTestSuite1589296049355.run(TempTestSuite1589296049355.groovy:36)
Caused by: com.kms.katalon.core.exception.StepFailedException: Unable to double click on object 'Object Repository/Objects.PELSH/PENoReadOnly'
	at com.kms.katalon.core.webui.keyword.internal.WebUIKeywordMain.stepFailed(WebUIKeywordMain.groovy:64)
	at com.kms.katalon.core.webui.keyword.internal.WebUIKeywordMain.runKeyword(WebUIKeywordMain.groovy:26)
	at com.kms.katalon.core.webui.keyword.builtin.DoubleClickKeyword.doubleClick(DoubleClickKeyword.groovy:87)
	at com.kms.katalon.core.webui.keyword.builtin.DoubleClickKeyword.execute(DoubleClickKeyword.groovy:67)
	at com.kms.katalon.core.keyword.internal.KeywordExecutor.executeKeywordForPlatform(KeywordExecutor.groovy:72)
	at com.kms.katalon.core.webui.keyword.WebUiBuiltInKeywords.doubleClick(WebUiBuiltInKeywords.groovy:697)
	at com.kms.katalon.core.webui.keyword.WebUiBuiltInKeywords$doubleClick$22.call(Unknown Source)
	at PEValidation.run(PEValidation:53)
	at com.kms.katalon.core.main.ScriptEngine.run(ScriptEngine.java:194)
	at com.kms.katalon.core.main.ScriptEngine.runScriptAsRawText(ScriptEngine.java:119)
	at com.kms.katalon.core.main.TestCaseExecutor.runScript(TestCaseExecutor.java:337)
	at com.kms.katalon.core.main.TestCaseExecutor.doExecute(TestCaseExecutor.java:328)
	at com.kms.katalon.core.main.TestCaseExecutor.processExecutionPhase(TestCaseExecutor.java:307)
	at com.kms.katalon.core.main.TestCaseExecutor.accessMainPhase(TestCaseExecutor.java:299)
	at com.kms.katalon.core.main.TestCaseExecutor.execute(TestCaseExecutor.java:233)
	at com.kms.katalon.core.main.TestCaseMain.runTestCase(TestCaseMain.java:114)
	at com.kms.katalon.core.keyword.builtin.CallTestCaseKeyword$_callTestCase_closure1.doCall(CallTestCaseKeyword.groovy:59)
	... 20 more
Caused by: com.kms.katalon.core.webui.exception.WebElementNotFoundException: Web element with id: 'Object Repository/Objects.PELSH/PENoReadOnly' located by 'By.xpath:  //*[text()='Registration No']//following::td[2]' not found
	at com.kms.katalon.core.webui.common.WebUiCommonHelper.findWebElement(WebUiCommonHelper.java:1154)
	at com.kms.katalon.core.webui.keyword.internal.WebUIAbstractKeyword.findWebElement(WebUIAbstractKeyword.groovy:27)
	at com.kms.katalon.core.webui.keyword.internal.WebUIAbstractKeyword.findWebElement(WebUIAbstractKeyword.groovy:26)
	at com.kms.katalon.core.webui.keyword.builtin.DoubleClickKeyword$_doubleClick_closure1.doCall(DoubleClickKeyword.groovy:77)
	at com.kms.katalon.core.webui.keyword.builtin.DoubleClickKeyword$_doubleClick_closure1.call(DoubleClickKeyword.groovy)
	at com.kms.katalon.core.webui.keyword.internal.WebUIKeywordMain.runKeyword(WebUIKeywordMain.groovy:20)
	... 35 more
"/>
         <system-out><![CDATA[2020-05-12 23:11:45 - [TEST_CASE][FAILED] - Test Cases/PFI Precision and Scale/PFI Test Cases/PFI.PELHS: Test Cases/PFI Precision and Scale/PFI Test Cases/PFI.PELHS FAILED.
Reason:
com.kms.katalon.core.exception.StepFailedException: Call Test Case 'Test Cases/Components/00_Precision and Scale/PEValidation' failed
	at com.kms.katalon.core.keyword.builtin.CallTestCaseKeyword$_callTestCase_closure1.doCall(CallTestCaseKeyword.groovy:63)
	at com.kms.katalon.core.keyword.builtin.CallTestCaseKeyword$_callTestCase_closure1.call(CallTestCaseKeyword.groovy)
	at com.kms.katalon.core.keyword.internal.KeywordMain.runKeyword(KeywordMain.groovy:68)
	at com.kms.katalon.core.keyword.builtin.CallTestCaseKeyword.callTestCase(CallTestCaseKeyword.groovy:81)
	at com.kms.katalon.core.keyword.builtin.CallTestCaseKeyword.execute(CallTestCaseKeyword.groovy:44)
	at com.kms.katalon.core.keyword.internal.KeywordExecutor.executeKeywordForPlatform(KeywordExecutor.groovy:72)
	at com.kms.katalon.core.keyword.BuiltinKeywords.callTestCase(BuiltinKeywords.groovy:334)
	at PFI.PELHS.run(PFI.PELHS:43)
	at com.kms.katalon.core.main.ScriptEngine.run(ScriptEngine.java:194)
	at com.kms.katalon.core.main.ScriptEngine.runScriptAsRawText(ScriptEngine.java:119)
	at com.kms.katalon.core.main.TestCaseExecutor.runScript(TestCaseExecutor.java:337)
	at com.kms.katalon.core.main.TestCaseExecutor.doExecute(TestCaseExecutor.java:328)
	at com.kms.katalon.core.main.TestCaseExecutor.processExecutionPhase(TestCaseExecutor.java:307)
	at com.kms.katalon.core.main.TestCaseExecutor.accessMainPhase(TestCaseExecutor.java:299)
	at com.kms.katalon.core.main.TestCaseExecutor.execute(TestCaseExecutor.java:233)
	at com.kms.katalon.core.main.TestSuiteExecutor.accessTestCaseMainPhase(TestSuiteExecutor.java:169)
	at com.kms.katalon.core.main.TestSuiteExecutor.accessTestSuiteMainPhase(TestSuiteExecutor.java:142)
	at com.kms.katalon.core.main.TestSuiteExecutor.execute(TestSuiteExecutor.java:91)
	at com.kms.katalon.core.main.TestCaseMain.startTestSuite(TestCaseMain.java:157)
	at com.kms.katalon.core.main.TestCaseMain$startTestSuite$0.call(Unknown Source)
	at TempTestSuite1589296049355.run(TempTestSuite1589296049355.groovy:36)
Caused by: com.kms.katalon.core.exception.StepFailedException: Unable to double click on object 'Object Repository/Objects.PELSH/PENoReadOnly'
	at com.kms.katalon.core.webui.keyword.internal.WebUIKeywordMain.stepFailed(WebUIKeywordMain.groovy:64)
	at com.kms.katalon.core.webui.keyword.internal.WebUIKeywordMain.runKeyword(WebUIKeywordMain.groovy:26)
	at com.kms.katalon.core.webui.keyword.builtin.DoubleClickKeyword.doubleClick(DoubleClickKeyword.groovy:87)
	at com.kms.katalon.core.webui.keyword.builtin.DoubleClickKeyword.execute(DoubleClickKeyword.groovy:67)
	at com.kms.katalon.core.keyword.internal.KeywordExecutor.executeKeywordForPlatform(KeywordExecutor.groovy:72)
	at com.kms.katalon.core.webui.keyword.WebUiBuiltInKeywords.doubleClick(WebUiBuiltInKeywords.groovy:697)
	at com.kms.katalon.core.webui.keyword.WebUiBuiltInKeywords$doubleClick$22.call(Unknown Source)
	at PEValidation.run(PEValidation:53)
	at com.kms.katalon.core.main.ScriptEngine.run(ScriptEngine.java:194)
	at com.kms.katalon.core.main.ScriptEngine.runScriptAsRawText(ScriptEngine.java:119)
	at com.kms.katalon.core.main.TestCaseExecutor.runScript(TestCaseExecutor.java:337)
	at com.kms.katalon.core.main.TestCaseExecutor.doExecute(TestCaseExecutor.java:328)
	at com.kms.katalon.core.main.TestCaseExecutor.processExecutionPhase(TestCaseExecutor.java:307)
	at com.kms.katalon.core.main.TestCaseExecutor.accessMainPhase(TestCaseExecutor.java:299)
	at com.kms.katalon.core.main.TestCaseExecutor.execute(TestCaseExecutor.java:233)
	at com.kms.katalon.core.main.TestCaseMain.runTestCase(TestCaseMain.java:114)
	at com.kms.katalon.core.keyword.builtin.CallTestCaseKeyword$_callTestCase_closure1.doCall(CallTestCaseKeyword.groovy:59)
	... 20 more
Caused by: com.kms.katalon.core.webui.exception.WebElementNotFoundException: Web element with id: 'Object Repository/Objects.PELSH/PENoReadOnly' located by 'By.xpath:  //*[text()='Registration No']//following::td[2]' not found
	at com.kms.katalon.core.webui.common.WebUiCommonHelper.findWebElement(WebUiCommonHelper.java:1154)
	at com.kms.katalon.core.webui.keyword.internal.WebUIAbstractKeyword.findWebElement(WebUIAbstractKeyword.groovy:27)
	at com.kms.katalon.core.webui.keyword.internal.WebUIAbstractKeyword.findWebElement(WebUIAbstractKeyword.groovy:26)
	at com.kms.katalon.core.webui.keyword.builtin.DoubleClickKeyword$_doubleClick_closure1.doCall(DoubleClickKeyword.groovy:77)
	at com.kms.katalon.core.webui.keyword.builtin.DoubleClickKeyword$_doubleClick_closure1.call(DoubleClickKeyword.groovy)
	at com.kms.katalon.core.webui.keyword.internal.WebUIKeywordMain.runKeyword(WebUIKeywordMain.groovy:20)
	... 35 more


2020-05-12 23:11:45 - [TEST_STEP][PASSED] - callTestCase(findTestCase("Components/LoginV2.0"), ["LinkToBeUsed":findTestData("Datatable").getValue("URL", 16), "LoginPageTextToBeVerified":findTestData("Datatable").getValue("HomeBanner", 2), ... ], STOP_ON_FAILURE): Call Test Case 'Test Cases/Components/LoginV2.0' successfully

2020-05-12 23:11:45 - [TEST_CASE][PASSED] - Test Cases/Components/LoginV2.0: Test Cases/Components/LoginV2.0

2020-05-12 23:11:45 - [TEST_STEP][PASSED] - openBrowser(LinkToBeUsed): Browser is opened with url: 'http://192.168.190.37:3012/isps2-mig/core/main.do#!dashboard/db/3021001'

2020-05-12 23:11:45 - [MESSAGE][INFO] - Starting 'Chrome' driver

2020-05-12 23:11:57 - [MESSAGE][PASSED] - Browser is opened with url: 'http://192.168.190.37:3012/isps2-mig/core/main.do#!dashboard/db/3021001'

2020-05-12 23:11:57 - [TEST_STEP][PASSED] - maximizeWindow(): Current window maximized

2020-05-12 23:11:59 - [MESSAGE][PASSED] - Current window maximized

2020-05-12 23:11:59 - [TEST_STEP][PASSED] - verifyTextPresent(LoginPageTextToBeVerified, false): Text 'Sign in to ISPS2-SIT' is present on page 

2020-05-12 23:12:00 - [MESSAGE][PASSED] - Text 'Sign in to ISPS2-SIT' is present on page 

2020-05-12 23:12:00 - [TEST_STEP][PASSED] - setText(findTestObject("Objects.LoginV2.0/Login Page/input_Sign in to ISPS2-PROD-Verify_username"), Username): Text 'sysadmin' is set on object 'Object Repository/Objects.LoginV2.0/Login Page/input_Sign in to ISPS2-PROD-Verify_username'

2020-05-12 23:12:00 - [MESSAGE][PASSED] - Text 'sysadmin' is set on object 'Object Repository/Objects.LoginV2.0/Login Page/input_Sign in to ISPS2-PROD-Verify_username'

2020-05-12 23:12:00 - [TEST_STEP][PASSED] - setEncryptedText(findTestObject("Objects.LoginV2.0/Login Page/input_This field is required_password"), Password): Text ****** has been set on object 'Object Repository/Objects.LoginV2.0/Login Page/input_This field is required_password'

2020-05-12 23:12:01 - [MESSAGE][PASSED] - Text ****** has been set on object 'Object Repository/Objects.LoginV2.0/Login Page/input_This field is required_password'

2020-05-12 23:12:01 - [TEST_STEP][NOT_RUN] - setEncryptedText(findTestObject(null), Password): NOT_RUN: setEncryptedText(findTestObject(null), Password)

2020-05-12 23:12:01 - [MESSAGE][NOT_RUN] - NOT_RUN: setEncryptedText(findTestObject(null), Password)

2020-05-12 23:12:01 - [TEST_STEP][PASSED] - click(findTestObject("Objects.LoginV2.0/Login Page/div_Sign in to ISPS2-PROD-Verify_NovaGoButton-1021"), OPTIONAL): Object: 'Object Repository/Objects.LoginV2.0/Login Page/div_Sign in to ISPS2-PROD-Verify_NovaGoButton-1021' is clicked on

2020-05-12 23:12:01 - [MESSAGE][PASSED] - Object: 'Object Repository/Objects.LoginV2.0/Login Page/div_Sign in to ISPS2-PROD-Verify_NovaGoButton-1021' is clicked on

2020-05-12 23:12:01 - [TEST_STEP][PASSED] - waitForPageLoad(30): Wait for page load successfully

2020-05-12 23:12:01 - [MESSAGE][PASSED] - Wait for page load successfully

2020-05-12 23:12:01 - [TEST_STEP][PASSED] - Thread.sleep(3000): null

2020-05-12 23:12:04 - [MESSAGE][PASSED] - Call Test Case 'Test Cases/Components/LoginV2.0' successfully

2020-05-12 23:12:04 - [TEST_STEP][PASSED] - callTestCase(findTestCase("Components/Filter"), ["taskDescription":"Process Case (SM)"], STOP_ON_FAILURE): Call Test Case 'Test Cases/Components/Filter' successfully

2020-05-12 23:12:04 - [TEST_CASE][PASSED] - Test Cases/Components/Filter: Test Cases/Components/Filter

2020-05-12 23:12:04 - [TEST_STEP][PASSED] - Thread.sleep(5000): null

2020-05-12 23:12:09 - [TEST_STEP][PASSED] - waitForPageLoad(180): Wait for page load successfully

2020-05-12 23:12:09 - [MESSAGE][PASSED] - Wait for page load successfully

2020-05-12 23:12:09 - [TEST_STEP][PASSED] - waitForElementNotPresent(findTestObject("Objects.Filter/Page_ISPS2/div_Loading search result Please wait"), 180): Web element with id: 'Object Repository/Objects.Filter/Page_ISPS2/div_Loading search result Please wait' located by 'By.xpath: //div[@class = 'x-mask-msg-text' and (text() = 'Loading search result. Please wait...' or . = 'Loading search result. Please wait...')]' is not present after '180' second(s)

2020-05-12 23:12:10 - [MESSAGE][PASSED] - Web element with id: 'Object Repository/Objects.Filter/Page_ISPS2/div_Loading search result Please wait' located by 'By.xpath: //div[@class = 'x-mask-msg-text' and (text() = 'Loading search result. Please wait...' or . = 'Loading search result. Please wait...')]' is not present after '180' second(s)

2020-05-12 23:12:10 - [TEST_STEP][PASSED] - click(findTestObject("Objects.Filter/Page_ISPS2/XP.Embutidooo")): Object: 'Object Repository/Objects.Filter/Page_ISPS2/XP.Embutidooo' is clicked on

2020-05-12 23:12:10 - [MESSAGE][PASSED] - Object: 'Object Repository/Objects.Filter/Page_ISPS2/XP.Embutidooo' is clicked on

2020-05-12 23:12:10 - [TEST_STEP][PASSED] - com.reusableComponents.HighlightElement.run(findTestObject("Objects.Filter/Page_ISPS2/span_Reset")): com.reusableComponents.HighlightElement.run is PASSED

2020-05-12 23:12:11 - [MESSAGE][PASSED] - com.reusableComponents.HighlightElement.run is PASSED

2020-05-12 23:12:11 - [TEST_STEP][PASSED] - click(findTestObject("Objects.Filter/Page_ISPS2/span_Reset")): Object: 'Object Repository/Objects.Filter/Page_ISPS2/span_Reset' is clicked on

2020-05-12 23:12:11 - [MESSAGE][PASSED] - Object: 'Object Repository/Objects.Filter/Page_ISPS2/span_Reset' is clicked on

2020-05-12 23:12:11 - [TEST_STEP][PASSED] - com.reusableComponents.HighlightElement.run(findTestObject("Objects.Filter/Page_ISPS2/TextBoxTaskDescription")): com.reusableComponents.HighlightElement.run is PASSED

2020-05-12 23:12:12 - [MESSAGE][PASSED] - com.reusableComponents.HighlightElement.run is PASSED

2020-05-12 23:12:12 - [TEST_STEP][PASSED] - setText(findTestObject("Objects.Filter/Page_ISPS2/TextBoxTaskDescription"), taskDescription): Text 'Process Case (SM)' is set on object 'Object Repository/Objects.Filter/Page_ISPS2/TextBoxTaskDescription'

2020-05-12 23:12:13 - [MESSAGE][PASSED] - Text 'Process Case (SM)' is set on object 'Object Repository/Objects.Filter/Page_ISPS2/TextBoxTaskDescription'

2020-05-12 23:12:13 - [TEST_STEP][PASSED] - caseType = taskDescription: null

2020-05-12 23:12:13 - [TEST_STEP][PASSED] - sendKeys(findTestObject("Objects.Filter/Page_ISPS2/TextBoxTaskDescription"), Keys.chord(ENTER)): Keys 'ENTER + ' sent to object: 'Object Repository/Objects.Filter/Page_ISPS2/TextBoxTaskDescription'

2020-05-12 23:12:13 - [MESSAGE][PASSED] - Keys 'ENTER + ' sent to object: 'Object Repository/Objects.Filter/Page_ISPS2/TextBoxTaskDescription'

2020-05-12 23:12:13 - [TEST_STEP][PASSED] - com.reusableComponents.HighlightElement.run(findTestObject("Objects.Filter/Page_ISPS2/span_Search")): com.reusableComponents.HighlightElement.run is PASSED

2020-05-12 23:12:14 - [MESSAGE][PASSED] - com.reusableComponents.HighlightElement.run is PASSED

2020-05-12 23:12:14 - [TEST_STEP][PASSED] - click(findTestObject("Objects.Filter/Page_ISPS2/span_Search")): Object: 'Object Repository/Objects.Filter/Page_ISPS2/span_Search' is clicked on

2020-05-12 23:12:14 - [MESSAGE][PASSED] - Object: 'Object Repository/Objects.Filter/Page_ISPS2/span_Search' is clicked on

2020-05-12 23:12:14 - [TEST_STEP][NOT_RUN] - verifyTextPresent("Loading search result. Please wait...", false): NOT_RUN: verifyTextPresent("Loading search result. Please wait...", false)

2020-05-12 23:12:14 - [MESSAGE][NOT_RUN] - NOT_RUN: verifyTextPresent("Loading search result. Please wait...", false)

2020-05-12 23:12:14 - [TEST_STEP][NOT_RUN] - waitForElementNotPresent(findTestObject("Objects.Filter/Page_ISPS2/div_Loading search result Please wait"), 120): NOT_RUN: waitForElementNotPresent(findTestObject("Objects.Filter/Page_ISPS2/div_Loading search result Please wait"), 120)

2020-05-12 23:12:14 - [MESSAGE][NOT_RUN] - NOT_RUN: waitForElementNotPresent(findTestObject("Objects.Filter/Page_ISPS2/div_Loading search result Please wait"), 120)

2020-05-12 23:12:14 - [TEST_STEP][PASSED] - Thread.sleep(5000): null

2020-05-12 23:12:19 - [MESSAGE][PASSED] - Call Test Case 'Test Cases/Components/Filter' successfully

2020-05-12 23:12:19 - [TEST_STEP][PASSED] - callTestCase(findTestCase("Components/ClickLinkDependingOnTextAndIndex"), ["linkName":"Process Case (SM)", "index":"5"], STOP_ON_FAILURE): Call Test Case 'Test Cases/Components/ClickLinkDependingOnTextAndIndex' successfully

2020-05-12 23:12:19 - [TEST_CASE][PASSED] - Test Cases/Components/ClickLinkDependingOnTextAndIndex: Test Cases/Components/ClickLinkDependingOnTextAndIndex

2020-05-12 23:12:19 - [TEST_STEP][PASSED] - Thread.sleep(1000): null

2020-05-12 23:12:20 - [TEST_STEP][PASSED] - println(linkName): null

2020-05-12 23:12:20 - [TEST_STEP][PASSED] - println(index): null

2020-05-12 23:12:20 - [TEST_STEP][PASSED] - modifiedLink = modifyObjectProperty(findTestObject("Objects.ClickLinkDependingOnTextAndIndex/linkToModify"), "xpath", "equals", "(//a[text()="" + linkName + ""])[" + index + "]", true): Modify property of object successfully

2020-05-12 23:12:21 - [MESSAGE][PASSED] - Modify property of object successfully

2020-05-12 23:12:21 - [TEST_STEP][PASSED] - Thread.sleep(5000): null

2020-05-12 23:12:26 - [TEST_STEP][PASSED] - com.reusableComponents.HighlightElement.run(modifiedLink): com.reusableComponents.HighlightElement.run is PASSED

2020-05-12 23:12:26 - [MESSAGE][PASSED] - com.reusableComponents.HighlightElement.run is PASSED

2020-05-12 23:12:26 - [TEST_STEP][PASSED] - click(modifiedLink): Object: 'Object Repository/Objects.ClickLinkDependingOnTextAndIndex/linkToModify' is clicked on

2020-05-12 23:12:27 - [MESSAGE][PASSED] - Object: 'Object Repository/Objects.ClickLinkDependingOnTextAndIndex/linkToModify' is clicked on

2020-05-12 23:12:27 - [MESSAGE][PASSED] - Call Test Case 'Test Cases/Components/ClickLinkDependingOnTextAndIndex' successfully

2020-05-12 23:12:27 - [TEST_STEP][PASSED] - callTestCase(findTestCase("Components/00_Precision and Scale/VerifyPageScreenLoad"), [:], STOP_ON_FAILURE): Call Test Case 'Test Cases/Components/00_Precision and Scale/VerifyPageScreenLoad' successfully

2020-05-12 23:12:27 - [TEST_CASE][PASSED] - Test Cases/Components/00_Precision and Scale/VerifyPageScreenLoad: Test Cases/Components/00_Precision and Scale/VerifyPageScreenLoad

2020-05-12 23:12:27 - [TEST_STEP][PASSED] - waitForPageLoad(180): Wait for page load successfully

2020-05-12 23:12:27 - [MESSAGE][PASSED] - Wait for page load successfully

2020-05-12 23:12:27 - [TEST_STEP][PASSED] - enableSmartWait(): null

2020-05-12 23:12:27 - [TEST_STEP][PASSED] - com.reusableComponents.HighlightElement.run(findTestObject("Objects.VerifyCourtActionsPrecisionAndScale/Page_ISPS2/div_Summary")): com.reusableComponents.HighlightElement.run is PASSED

2020-05-12 23:12:37 - [MESSAGE][PASSED] - com.reusableComponents.HighlightElement.run is PASSED

2020-05-12 23:12:37 - [MESSAGE][PASSED] - Call Test Case 'Test Cases/Components/00_Precision and Scale/VerifyPageScreenLoad' successfully

2020-05-12 23:12:37 - [TEST_STEP][PASSED] - callTestCase(findTestCase("Components/NavigateToAnyLHS"), ["LHS":"PE"], STOP_ON_FAILURE): Call Test Case 'Test Cases/Components/NavigateToAnyLHS' successfully

2020-05-12 23:12:37 - [TEST_CASE][PASSED] - Test Cases/Components/NavigateToAnyLHS: Test Cases/Components/NavigateToAnyLHS

2020-05-12 23:12:37 - [TEST_STEP][PASSED] - Thread.sleep(1000): null

2020-05-12 23:12:38 - [TEST_STEP][PASSED] - modifiedLHS = modifyObjectProperty(findTestObject("Objects.NavigateToAnyLHS/Page_ISPS2/LHSToModify"), "text", "equals", LHS, true): Modify property of object successfully

2020-05-12 23:12:38 - [MESSAGE][PASSED] - Modify property of object successfully

2020-05-12 23:12:38 - [TEST_STEP][PASSED] - click(modifiedLHS): Object: 'Object Repository/Objects.NavigateToAnyLHS/Page_ISPS2/LHSToModify' is clicked on

2020-05-12 23:12:38 - [MESSAGE][PASSED] - Object: 'Object Repository/Objects.NavigateToAnyLHS/Page_ISPS2/LHSToModify' is clicked on

2020-05-12 23:12:38 - [TEST_STEP][PASSED] - currentLHS = getText(modifiedLHS): Text of object 'Object Repository/Objects.NavigateToAnyLHS/Page_ISPS2/LHSToModify' is: 'PE'

2020-05-12 23:12:40 - [MESSAGE][PASSED] - Text of object 'Object Repository/Objects.NavigateToAnyLHS/Page_ISPS2/LHSToModify' is: 'PE'

2020-05-12 23:12:40 - [TEST_STEP][PASSED] - Thread.sleep(5000): null

2020-05-12 23:12:45 - [MESSAGE][PASSED] - Call Test Case 'Test Cases/Components/NavigateToAnyLHS' successfully

2020-05-12 23:12:45 - [TEST_STEP][FAILED] - callTestCase(findTestCase("Components/00_Precision and Scale/PEValidation"), ["FldNm":"peRegNo", "EnterInvalidPE":"Zh&2", "PEEnabled":"N", "PEName":"N", "RqdField":"N", "NoOfOpt":6], STOP_ON_FAILURE): Unable to call Test Case 'Test Cases/Components/00_Precision and Scale/PEValidation' (Root cause: com.kms.katalon.core.exception.StepFailedException: Call Test Case 'Test Cases/Components/00_Precision and Scale/PEValidation' failed
	at com.kms.katalon.core.keyword.builtin.CallTestCaseKeyword$_callTestCase_closure1.doCall(CallTestCaseKeyword.groovy:63)
	at com.kms.katalon.core.keyword.builtin.CallTestCaseKeyword$_callTestCase_closure1.call(CallTestCaseKeyword.groovy)
	at com.kms.katalon.core.keyword.internal.KeywordMain.runKeyword(KeywordMain.groovy:68)
	at com.kms.katalon.core.keyword.builtin.CallTestCaseKeyword.callTestCase(CallTestCaseKeyword.groovy:81)
	at com.kms.katalon.core.keyword.builtin.CallTestCaseKeyword.execute(CallTestCaseKeyword.groovy:44)
	at com.kms.katalon.core.keyword.internal.KeywordExecutor.executeKeywordForPlatform(KeywordExecutor.groovy:72)
	at com.kms.katalon.core.keyword.BuiltinKeywords.callTestCase(BuiltinKeywords.groovy:334)
	at PFI.PELHS.run(PFI.PELHS:43)
	at com.kms.katalon.core.main.ScriptEngine.run(ScriptEngine.java:194)
	at com.kms.katalon.core.main.ScriptEngine.runScriptAsRawText(ScriptEngine.java:119)
	at com.kms.katalon.core.main.TestCaseExecutor.runScript(TestCaseExecutor.java:337)
	at com.kms.katalon.core.main.TestCaseExecutor.doExecute(TestCaseExecutor.java:328)
	at com.kms.katalon.core.main.TestCaseExecutor.processExecutionPhase(TestCaseExecutor.java:307)
	at com.kms.katalon.core.main.TestCaseExecutor.accessMainPhase(TestCaseExecutor.java:299)
	at com.kms.katalon.core.main.TestCaseExecutor.execute(TestCaseExecutor.java:233)
	at com.kms.katalon.core.main.TestSuiteExecutor.accessTestCaseMainPhase(TestSuiteExecutor.java:169)
	at com.kms.katalon.core.main.TestSuiteExecutor.accessTestSuiteMainPhase(TestSuiteExecutor.java:142)
	at com.kms.katalon.core.main.TestSuiteExecutor.execute(TestSuiteExecutor.java:91)
	at com.kms.katalon.core.main.TestCaseMain.startTestSuite(TestCaseMain.java:157)
	at com.kms.katalon.core.main.TestCaseMain$startTestSuite$0.call(Unknown Source)
	at TempTestSuite1589296049355.run(TempTestSuite1589296049355.groovy:36)
Caused by: com.kms.katalon.core.exception.StepFailedException: Unable to double click on object 'Object Repository/Objects.PELSH/PENoReadOnly'
	at com.kms.katalon.core.webui.keyword.internal.WebUIKeywordMain.stepFailed(WebUIKeywordMain.groovy:64)
	at com.kms.katalon.core.webui.keyword.internal.WebUIKeywordMain.runKeyword(WebUIKeywordMain.groovy:26)
	at com.kms.katalon.core.webui.keyword.builtin.DoubleClickKeyword.doubleClick(DoubleClickKeyword.groovy:87)
	at com.kms.katalon.core.webui.keyword.builtin.DoubleClickKeyword.execute(DoubleClickKeyword.groovy:67)
	at com.kms.katalon.core.keyword.internal.KeywordExecutor.executeKeywordForPlatform(KeywordExecutor.groovy:72)
	at com.kms.katalon.core.webui.keyword.WebUiBuiltInKeywords.doubleClick(WebUiBuiltInKeywords.groovy:697)
	at com.kms.katalon.core.webui.keyword.WebUiBuiltInKeywords$doubleClick$22.call(Unknown Source)
	at PEValidation.run(PEValidation:53)
	at com.kms.katalon.core.main.ScriptEngine.run(ScriptEngine.java:194)
	at com.kms.katalon.core.main.ScriptEngine.runScriptAsRawText(ScriptEngine.java:119)
	at com.kms.katalon.core.main.TestCaseExecutor.runScript(TestCaseExecutor.java:337)
	at com.kms.katalon.core.main.TestCaseExecutor.doExecute(TestCaseExecutor.java:328)
	at com.kms.katalon.core.main.TestCaseExecutor.processExecutionPhase(TestCaseExecutor.java:307)
	at com.kms.katalon.core.main.TestCaseExecutor.accessMainPhase(TestCaseExecutor.java:299)
	at com.kms.katalon.core.main.TestCaseExecutor.execute(TestCaseExecutor.java:233)
	at com.kms.katalon.core.main.TestCaseMain.runTestCase(TestCaseMain.java:114)
	at com.kms.katalon.core.keyword.builtin.CallTestCaseKeyword$_callTestCase_closure1.doCall(CallTestCaseKeyword.groovy:59)
	... 20 more
Caused by: com.kms.katalon.core.webui.exception.WebElementNotFoundException: Web element with id: 'Object Repository/Objects.PELSH/PENoReadOnly' located by 'By.xpath:  //*[text()='Registration No']//following::td[2]' not found
	at com.kms.katalon.core.webui.common.WebUiCommonHelper.findWebElement(WebUiCommonHelper.java:1154)
	at com.kms.katalon.core.webui.keyword.internal.WebUIAbstractKeyword.findWebElement(WebUIAbstractKeyword.groovy:27)
	at com.kms.katalon.core.webui.keyword.internal.WebUIAbstractKeyword.findWebElement(WebUIAbstractKeyword.groovy:26)
	at com.kms.katalon.core.webui.keyword.builtin.DoubleClickKeyword$_doubleClick_closure1.doCall(DoubleClickKeyword.groovy:77)
	at com.kms.katalon.core.webui.keyword.builtin.DoubleClickKeyword$_doubleClick_closure1.call(DoubleClickKeyword.groovy)
	at com.kms.katalon.core.webui.keyword.internal.WebUIKeywordMain.runKeyword(WebUIKeywordMain.groovy:20)
	... 35 more
)

2020-05-12 23:12:45 - [TEST_CASE][FAILED] - Test Cases/Components/00_Precision and Scale/PEValidation: Test Cases/Components/00_Precision and Scale/PEValidation FAILED.
Reason:
com.kms.katalon.core.exception.StepFailedException: Unable to double click on object 'Object Repository/Objects.PELSH/PENoReadOnly'
	at com.kms.katalon.core.webui.keyword.internal.WebUIKeywordMain.stepFailed(WebUIKeywordMain.groovy:64)
	at com.kms.katalon.core.webui.keyword.internal.WebUIKeywordMain.runKeyword(WebUIKeywordMain.groovy:26)
	at com.kms.katalon.core.webui.keyword.builtin.DoubleClickKeyword.doubleClick(DoubleClickKeyword.groovy:87)
	at com.kms.katalon.core.webui.keyword.builtin.DoubleClickKeyword.execute(DoubleClickKeyword.groovy:67)
	at com.kms.katalon.core.keyword.internal.KeywordExecutor.executeKeywordForPlatform(KeywordExecutor.groovy:72)
	at com.kms.katalon.core.webui.keyword.WebUiBuiltInKeywords.doubleClick(WebUiBuiltInKeywords.groovy:697)
	at com.kms.katalon.core.webui.keyword.WebUiBuiltInKeywords$doubleClick$22.call(Unknown Source)
	at PEValidation.run(PEValidation:53)
	at com.kms.katalon.core.main.ScriptEngine.run(ScriptEngine.java:194)
	at com.kms.katalon.core.main.ScriptEngine.runScriptAsRawText(ScriptEngine.java:119)
	at com.kms.katalon.core.main.TestCaseExecutor.runScript(TestCaseExecutor.java:337)
	at com.kms.katalon.core.main.TestCaseExecutor.doExecute(TestCaseExecutor.java:328)
	at com.kms.katalon.core.main.TestCaseExecutor.processExecutionPhase(TestCaseExecutor.java:307)
	at com.kms.katalon.core.main.TestCaseExecutor.accessMainPhase(TestCaseExecutor.java:299)
	at com.kms.katalon.core.main.TestCaseExecutor.execute(TestCaseExecutor.java:233)
	at com.kms.katalon.core.main.TestCaseMain.runTestCase(TestCaseMain.java:114)
	at com.kms.katalon.core.keyword.builtin.CallTestCaseKeyword$_callTestCase_closure1.doCall(CallTestCaseKeyword.groovy:59)
	at com.kms.katalon.core.keyword.builtin.CallTestCaseKeyword$_callTestCase_closure1.call(CallTestCaseKeyword.groovy)
	at com.kms.katalon.core.keyword.internal.KeywordMain.runKeyword(KeywordMain.groovy:68)
	at com.kms.katalon.core.keyword.builtin.CallTestCaseKeyword.callTestCase(CallTestCaseKeyword.groovy:81)
	at com.kms.katalon.core.keyword.builtin.CallTestCaseKeyword.execute(CallTestCaseKeyword.groovy:44)
	at com.kms.katalon.core.keyword.internal.KeywordExecutor.executeKeywordForPlatform(KeywordExecutor.groovy:72)
	at com.kms.katalon.core.keyword.BuiltinKeywords.callTestCase(BuiltinKeywords.groovy:334)
	at PFI.PELHS.run(PFI.PELHS:43)
	at com.kms.katalon.core.main.ScriptEngine.run(ScriptEngine.java:194)
	at com.kms.katalon.core.main.ScriptEngine.runScriptAsRawText(ScriptEngine.java:119)
	at com.kms.katalon.core.main.TestCaseExecutor.runScript(TestCaseExecutor.java:337)
	at com.kms.katalon.core.main.TestCaseExecutor.doExecute(TestCaseExecutor.java:328)
	at com.kms.katalon.core.main.TestCaseExecutor.processExecutionPhase(TestCaseExecutor.java:307)
	at com.kms.katalon.core.main.TestCaseExecutor.accessMainPhase(TestCaseExecutor.java:299)
	at com.kms.katalon.core.main.TestCaseExecutor.execute(TestCaseExecutor.java:233)
	at com.kms.katalon.core.main.TestSuiteExecutor.accessTestCaseMainPhase(TestSuiteExecutor.java:169)
	at com.kms.katalon.core.main.TestSuiteExecutor.accessTestSuiteMainPhase(TestSuiteExecutor.java:142)
	at com.kms.katalon.core.main.TestSuiteExecutor.execute(TestSuiteExecutor.java:91)
	at com.kms.katalon.core.main.TestCaseMain.startTestSuite(TestCaseMain.java:157)
	at com.kms.katalon.core.main.TestCaseMain$startTestSuite$0.call(Unknown Source)
	at TempTestSuite1589296049355.run(TempTestSuite1589296049355.groovy:36)
Caused by: com.kms.katalon.core.webui.exception.WebElementNotFoundException: Web element with id: 'Object Repository/Objects.PELSH/PENoReadOnly' located by 'By.xpath:  //*[text()='Registration No']//following::td[2]' not found
	at com.kms.katalon.core.webui.common.WebUiCommonHelper.findWebElement(WebUiCommonHelper.java:1154)
	at com.kms.katalon.core.webui.keyword.internal.WebUIAbstractKeyword.findWebElement(WebUIAbstractKeyword.groovy:27)
	at com.kms.katalon.core.webui.keyword.internal.WebUIAbstractKeyword.findWebElement(WebUIAbstractKeyword.groovy:26)
	at com.kms.katalon.core.webui.keyword.builtin.DoubleClickKeyword$_doubleClick_closure1.doCall(DoubleClickKeyword.groovy:77)
	at com.kms.katalon.core.webui.keyword.builtin.DoubleClickKeyword$_doubleClick_closure1.call(DoubleClickKeyword.groovy)
	at com.kms.katalon.core.webui.keyword.internal.WebUIKeywordMain.runKeyword(WebUIKeywordMain.groovy:20)
	... 35 more


2020-05-12 23:12:46 - [TEST_STEP][PASSED] - Thread.sleep(3000): null

2020-05-12 23:12:49 - [TEST_STEP][PASSED] - PEList = ["1002":"Dummy PE", "6789":"Test Name 1", "1140":"Test new", "1596":"Dummy QP", "1567":"TAN BOON NGEE", "1234":"ENG1"]: null

2020-05-12 23:12:49 - [TEST_STEP][PASSED] - NewInputNmField = modifyObjectProperty(findTestObject("Objects.NameValidation/input_FieldName"), "name", "equals", FldNm, true): Modify property of object successfully

2020-05-12 23:12:49 - [MESSAGE][PASSED] - Modify property of object successfully

2020-05-12 23:12:49 - [TEST_STEP][PASSED] - if (PEEnabled == "Y"): null

2020-05-12 23:12:49 - [TEST_STEP][FAILED] - else if (PEEnabled == "N"): Unable to double click on object 'Object Repository/Objects.PELSH/PENoReadOnly' (Root cause: com.kms.katalon.core.exception.StepFailedException: Unable to double click on object 'Object Repository/Objects.PELSH/PENoReadOnly'
	at com.kms.katalon.core.webui.keyword.internal.WebUIKeywordMain.stepFailed(WebUIKeywordMain.groovy:64)
	at com.kms.katalon.core.webui.keyword.internal.WebUIKeywordMain.runKeyword(WebUIKeywordMain.groovy:26)
	at com.kms.katalon.core.webui.keyword.builtin.DoubleClickKeyword.doubleClick(DoubleClickKeyword.groovy:87)
	at com.kms.katalon.core.webui.keyword.builtin.DoubleClickKeyword.execute(DoubleClickKeyword.groovy:67)
	at com.kms.katalon.core.keyword.internal.KeywordExecutor.executeKeywordForPlatform(KeywordExecutor.groovy:72)
	at com.kms.katalon.core.webui.keyword.WebUiBuiltInKeywords.doubleClick(WebUiBuiltInKeywords.groovy:697)
	at com.kms.katalon.core.webui.keyword.WebUiBuiltInKeywords$doubleClick$22.call(Unknown Source)
	at PEValidation.run(PEValidation:53)
	at com.kms.katalon.core.main.ScriptEngine.run(ScriptEngine.java:194)
	at com.kms.katalon.core.main.ScriptEngine.runScriptAsRawText(ScriptEngine.java:119)
	at com.kms.katalon.core.main.TestCaseExecutor.runScript(TestCaseExecutor.java:337)
	at com.kms.katalon.core.main.TestCaseExecutor.doExecute(TestCaseExecutor.java:328)
	at com.kms.katalon.core.main.TestCaseExecutor.processExecutionPhase(TestCaseExecutor.java:307)
	at com.kms.katalon.core.main.TestCaseExecutor.accessMainPhase(TestCaseExecutor.java:299)
	at com.kms.katalon.core.main.TestCaseExecutor.execute(TestCaseExecutor.java:233)
	at com.kms.katalon.core.main.TestCaseMain.runTestCase(TestCaseMain.java:114)
	at com.kms.katalon.core.keyword.builtin.CallTestCaseKeyword$_callTestCase_closure1.doCall(CallTestCaseKeyword.groovy:59)
	at com.kms.katalon.core.keyword.builtin.CallTestCaseKeyword$_callTestCase_closure1.call(CallTestCaseKeyword.groovy)
	at com.kms.katalon.core.keyword.internal.KeywordMain.runKeyword(KeywordMain.groovy:68)
	at com.kms.katalon.core.keyword.builtin.CallTestCaseKeyword.callTestCase(CallTestCaseKeyword.groovy:81)
	at com.kms.katalon.core.keyword.builtin.CallTestCaseKeyword.execute(CallTestCaseKeyword.groovy:44)
	at com.kms.katalon.core.keyword.internal.KeywordExecutor.executeKeywordForPlatform(KeywordExecutor.groovy:72)
	at com.kms.katalon.core.keyword.BuiltinKeywords.callTestCase(BuiltinKeywords.groovy:334)
	at PFI.PELHS.run(PFI.PELHS:43)
	at com.kms.katalon.core.main.ScriptEngine.run(ScriptEngine.java:194)
	at com.kms.katalon.core.main.ScriptEngine.runScriptAsRawText(ScriptEngine.java:119)
	at com.kms.katalon.core.main.TestCaseExecutor.runScript(TestCaseExecutor.java:337)
	at com.kms.katalon.core.main.TestCaseExecutor.doExecute(TestCaseExecutor.java:328)
	at com.kms.katalon.core.main.TestCaseExecutor.processExecutionPhase(TestCaseExecutor.java:307)
	at com.kms.katalon.core.main.TestCaseExecutor.accessMainPhase(TestCaseExecutor.java:299)
	at com.kms.katalon.core.main.TestCaseExecutor.execute(TestCaseExecutor.java:233)
	at com.kms.katalon.core.main.TestSuiteExecutor.accessTestCaseMainPhase(TestSuiteExecutor.java:169)
	at com.kms.katalon.core.main.TestSuiteExecutor.accessTestSuiteMainPhase(TestSuiteExecutor.java:142)
	at com.kms.katalon.core.main.TestSuiteExecutor.execute(TestSuiteExecutor.java:91)
	at com.kms.katalon.core.main.TestCaseMain.startTestSuite(TestCaseMain.java:157)
	at com.kms.katalon.core.main.TestCaseMain$startTestSuite$0.call(Unknown Source)
	at TempTestSuite1589296049355.run(TempTestSuite1589296049355.groovy:36)
Caused by: com.kms.katalon.core.webui.exception.WebElementNotFoundException: Web element with id: 'Object Repository/Objects.PELSH/PENoReadOnly' located by 'By.xpath:  //*[text()='Registration No']//following::td[2]' not found
	at com.kms.katalon.core.webui.common.WebUiCommonHelper.findWebElement(WebUiCommonHelper.java:1154)
	at com.kms.katalon.core.webui.keyword.internal.WebUIAbstractKeyword.findWebElement(WebUIAbstractKeyword.groovy:27)
	at com.kms.katalon.core.webui.keyword.internal.WebUIAbstractKeyword.findWebElement(WebUIAbstractKeyword.groovy:26)
	at com.kms.katalon.core.webui.keyword.builtin.DoubleClickKeyword$_doubleClick_closure1.doCall(DoubleClickKeyword.groovy:77)
	at com.kms.katalon.core.webui.keyword.builtin.DoubleClickKeyword$_doubleClick_closure1.call(DoubleClickKeyword.groovy)
	at com.kms.katalon.core.webui.keyword.internal.WebUIKeywordMain.runKeyword(WebUIKeywordMain.groovy:20)
	at com.kms.katalon.core.webui.keyword.builtin.DoubleClickKeyword.doubleClick(DoubleClickKeyword.groovy:87)
	at com.kms.katalon.core.webui.keyword.builtin.DoubleClickKeyword.execute(DoubleClickKeyword.groovy:67)
	at com.kms.katalon.core.keyword.internal.KeywordExecutor.executeKeywordForPlatform(KeywordExecutor.groovy:72)
	at com.kms.katalon.core.webui.keyword.WebUiBuiltInKeywords.doubleClick(WebUiBuiltInKeywords.groovy:697)
	at com.kms.katalon.core.webui.keyword.WebUiBuiltInKeywords$doubleClick$22.call(Unknown Source)
	at Script1589250509228.run(Script1589250509228.groovy:53)
	at com.kms.katalon.core.main.ScriptEngine.run(ScriptEngine.java:194)
	at com.kms.katalon.core.main.ScriptEngine.runScriptAsRawText(ScriptEngine.java:119)
	at com.kms.katalon.core.main.TestCaseExecutor.runScript(TestCaseExecutor.java:337)
	at com.kms.katalon.core.main.TestCaseExecutor.doExecute(TestCaseExecutor.java:328)
	at com.kms.katalon.core.main.TestCaseExecutor.processExecutionPhase(TestCaseExecutor.java:307)
	at com.kms.katalon.core.main.TestCaseExecutor.accessMainPhase(TestCaseExecutor.java:299)
	at com.kms.katalon.core.main.TestCaseExecutor.execute(TestCaseExecutor.java:233)
	at com.kms.katalon.core.main.TestCaseMain.runTestCase(TestCaseMain.java:114)
	at com.kms.katalon.core.keyword.builtin.CallTestCaseKeyword$_callTestCase_closure1.doCall(CallTestCaseKeyword.groovy:59)
	at com.kms.katalon.core.keyword.builtin.CallTestCaseKeyword$_callTestCase_closure1.call(CallTestCaseKeyword.groovy)
	at com.kms.katalon.core.keyword.internal.KeywordMain.runKeyword(KeywordMain.groovy:68)
	at com.kms.katalon.core.keyword.builtin.CallTestCaseKeyword.callTestCase(CallTestCaseKeyword.groovy:81)
	at com.kms.katalon.core.keyword.builtin.CallTestCaseKeyword.execute(CallTestCaseKeyword.groovy:44)
	at com.kms.katalon.core.keyword.internal.KeywordExecutor.executeKeywordForPlatform(KeywordExecutor.groovy:72)
	at com.kms.katalon.core.keyword.BuiltinKeywords.callTestCase(BuiltinKeywords.groovy:334)
	at Script1589251056999.run(Script1589251056999.groovy:43)
	... 13 more
)

2020-05-12 23:12:49 - [TEST_STEP][FAILED] - if (PEName == "N"): Unable to double click on object 'Object Repository/Objects.PELSH/PENoReadOnly' (Root cause: com.kms.katalon.core.exception.StepFailedException: Unable to double click on object 'Object Repository/Objects.PELSH/PENoReadOnly'
	at com.kms.katalon.core.webui.keyword.internal.WebUIKeywordMain.stepFailed(WebUIKeywordMain.groovy:64)
	at com.kms.katalon.core.webui.keyword.internal.WebUIKeywordMain.runKeyword(WebUIKeywordMain.groovy:26)
	at com.kms.katalon.core.webui.keyword.builtin.DoubleClickKeyword.doubleClick(DoubleClickKeyword.groovy:87)
	at com.kms.katalon.core.webui.keyword.builtin.DoubleClickKeyword.execute(DoubleClickKeyword.groovy:67)
	at com.kms.katalon.core.keyword.internal.KeywordExecutor.executeKeywordForPlatform(KeywordExecutor.groovy:72)
	at com.kms.katalon.core.webui.keyword.WebUiBuiltInKeywords.doubleClick(WebUiBuiltInKeywords.groovy:697)
	at com.kms.katalon.core.webui.keyword.WebUiBuiltInKeywords$doubleClick$22.call(Unknown Source)
	at PEValidation.run(PEValidation:53)
	at com.kms.katalon.core.main.ScriptEngine.run(ScriptEngine.java:194)
	at com.kms.katalon.core.main.ScriptEngine.runScriptAsRawText(ScriptEngine.java:119)
	at com.kms.katalon.core.main.TestCaseExecutor.runScript(TestCaseExecutor.java:337)
	at com.kms.katalon.core.main.TestCaseExecutor.doExecute(TestCaseExecutor.java:328)
	at com.kms.katalon.core.main.TestCaseExecutor.processExecutionPhase(TestCaseExecutor.java:307)
	at com.kms.katalon.core.main.TestCaseExecutor.accessMainPhase(TestCaseExecutor.java:299)
	at com.kms.katalon.core.main.TestCaseExecutor.execute(TestCaseExecutor.java:233)
	at com.kms.katalon.core.main.TestCaseMain.runTestCase(TestCaseMain.java:114)
	at com.kms.katalon.core.keyword.builtin.CallTestCaseKeyword$_callTestCase_closure1.doCall(CallTestCaseKeyword.groovy:59)
	at com.kms.katalon.core.keyword.builtin.CallTestCaseKeyword$_callTestCase_closure1.call(CallTestCaseKeyword.groovy)
	at com.kms.katalon.core.keyword.internal.KeywordMain.runKeyword(KeywordMain.groovy:68)
	at com.kms.katalon.core.keyword.builtin.CallTestCaseKeyword.callTestCase(CallTestCaseKeyword.groovy:81)
	at com.kms.katalon.core.keyword.builtin.CallTestCaseKeyword.execute(CallTestCaseKeyword.groovy:44)
	at com.kms.katalon.core.keyword.internal.KeywordExecutor.executeKeywordForPlatform(KeywordExecutor.groovy:72)
	at com.kms.katalon.core.keyword.BuiltinKeywords.callTestCase(BuiltinKeywords.groovy:334)
	at PFI.PELHS.run(PFI.PELHS:43)
	at com.kms.katalon.core.main.ScriptEngine.run(ScriptEngine.java:194)
	at com.kms.katalon.core.main.ScriptEngine.runScriptAsRawText(ScriptEngine.java:119)
	at com.kms.katalon.core.main.TestCaseExecutor.runScript(TestCaseExecutor.java:337)
	at com.kms.katalon.core.main.TestCaseExecutor.doExecute(TestCaseExecutor.java:328)
	at com.kms.katalon.core.main.TestCaseExecutor.processExecutionPhase(TestCaseExecutor.java:307)
	at com.kms.katalon.core.main.TestCaseExecutor.accessMainPhase(TestCaseExecutor.java:299)
	at com.kms.katalon.core.main.TestCaseExecutor.execute(TestCaseExecutor.java:233)
	at com.kms.katalon.core.main.TestSuiteExecutor.accessTestCaseMainPhase(TestSuiteExecutor.java:169)
	at com.kms.katalon.core.main.TestSuiteExecutor.accessTestSuiteMainPhase(TestSuiteExecutor.java:142)
	at com.kms.katalon.core.main.TestSuiteExecutor.execute(TestSuiteExecutor.java:91)
	at com.kms.katalon.core.main.TestCaseMain.startTestSuite(TestCaseMain.java:157)
	at com.kms.katalon.core.main.TestCaseMain$startTestSuite$0.call(Unknown Source)
	at TempTestSuite1589296049355.run(TempTestSuite1589296049355.groovy:36)
Caused by: com.kms.katalon.core.webui.exception.WebElementNotFoundException: Web element with id: 'Object Repository/Objects.PELSH/PENoReadOnly' located by 'By.xpath:  //*[text()='Registration No']//following::td[2]' not found
	at com.kms.katalon.core.webui.common.WebUiCommonHelper.findWebElement(WebUiCommonHelper.java:1154)
	at com.kms.katalon.core.webui.keyword.internal.WebUIAbstractKeyword.findWebElement(WebUIAbstractKeyword.groovy:27)
	at com.kms.katalon.core.webui.keyword.internal.WebUIAbstractKeyword.findWebElement(WebUIAbstractKeyword.groovy:26)
	at com.kms.katalon.core.webui.keyword.builtin.DoubleClickKeyword$_doubleClick_closure1.doCall(DoubleClickKeyword.groovy:77)
	at com.kms.katalon.core.webui.keyword.builtin.DoubleClickKeyword$_doubleClick_closure1.call(DoubleClickKeyword.groovy)
	at com.kms.katalon.core.webui.keyword.internal.WebUIKeywordMain.runKeyword(WebUIKeywordMain.groovy:20)
	at com.kms.katalon.core.webui.keyword.builtin.DoubleClickKeyword.doubleClick(DoubleClickKeyword.groovy:87)
	at com.kms.katalon.core.webui.keyword.builtin.DoubleClickKeyword.execute(DoubleClickKeyword.groovy:67)
	at com.kms.katalon.core.keyword.internal.KeywordExecutor.executeKeywordForPlatform(KeywordExecutor.groovy:72)
	at com.kms.katalon.core.webui.keyword.WebUiBuiltInKeywords.doubleClick(WebUiBuiltInKeywords.groovy:697)
	at com.kms.katalon.core.webui.keyword.WebUiBuiltInKeywords$doubleClick$22.call(Unknown Source)
	at Script1589250509228.run(Script1589250509228.groovy:53)
	at com.kms.katalon.core.main.ScriptEngine.run(ScriptEngine.java:194)
	at com.kms.katalon.core.main.ScriptEngine.runScriptAsRawText(ScriptEngine.java:119)
	at com.kms.katalon.core.main.TestCaseExecutor.runScript(TestCaseExecutor.java:337)
	at com.kms.katalon.core.main.TestCaseExecutor.doExecute(TestCaseExecutor.java:328)
	at com.kms.katalon.core.main.TestCaseExecutor.processExecutionPhase(TestCaseExecutor.java:307)
	at com.kms.katalon.core.main.TestCaseExecutor.accessMainPhase(TestCaseExecutor.java:299)
	at com.kms.katalon.core.main.TestCaseExecutor.execute(TestCaseExecutor.java:233)
	at com.kms.katalon.core.main.TestCaseMain.runTestCase(TestCaseMain.java:114)
	at com.kms.katalon.core.keyword.builtin.CallTestCaseKeyword$_callTestCase_closure1.doCall(CallTestCaseKeyword.groovy:59)
	at com.kms.katalon.core.keyword.builtin.CallTestCaseKeyword$_callTestCase_closure1.call(CallTestCaseKeyword.groovy)
	at com.kms.katalon.core.keyword.internal.KeywordMain.runKeyword(KeywordMain.groovy:68)
	at com.kms.katalon.core.keyword.builtin.CallTestCaseKeyword.callTestCase(CallTestCaseKeyword.groovy:81)
	at com.kms.katalon.core.keyword.builtin.CallTestCaseKeyword.execute(CallTestCaseKeyword.groovy:44)
	at com.kms.katalon.core.keyword.internal.KeywordExecutor.executeKeywordForPlatform(KeywordExecutor.groovy:72)
	at com.kms.katalon.core.keyword.BuiltinKeywords.callTestCase(BuiltinKeywords.groovy:334)
	at Script1589251056999.run(Script1589251056999.groovy:43)
	... 13 more
)

2020-05-12 23:12:49 - [TEST_STEP][FAILED] - doubleClick(findTestObject("Objects.PELSH/PENoReadOnly")): Unable to double click on object 'Object Repository/Objects.PELSH/PENoReadOnly' (Root cause: com.kms.katalon.core.exception.StepFailedException: Unable to double click on object 'Object Repository/Objects.PELSH/PENoReadOnly'
	at com.kms.katalon.core.webui.keyword.internal.WebUIKeywordMain.stepFailed(WebUIKeywordMain.groovy:64)
	at com.kms.katalon.core.webui.keyword.internal.WebUIKeywordMain.runKeyword(WebUIKeywordMain.groovy:26)
	at com.kms.katalon.core.webui.keyword.builtin.DoubleClickKeyword.doubleClick(DoubleClickKeyword.groovy:87)
	at com.kms.katalon.core.webui.keyword.builtin.DoubleClickKeyword.execute(DoubleClickKeyword.groovy:67)
	at com.kms.katalon.core.keyword.internal.KeywordExecutor.executeKeywordForPlatform(KeywordExecutor.groovy:72)
	at com.kms.katalon.core.webui.keyword.WebUiBuiltInKeywords.doubleClick(WebUiBuiltInKeywords.groovy:697)
	at com.kms.katalon.core.webui.keyword.WebUiBuiltInKeywords$doubleClick$22.call(Unknown Source)
	at PEValidation.run(PEValidation:53)
	at com.kms.katalon.core.main.ScriptEngine.run(ScriptEngine.java:194)
	at com.kms.katalon.core.main.ScriptEngine.runScriptAsRawText(ScriptEngine.java:119)
	at com.kms.katalon.core.main.TestCaseExecutor.runScript(TestCaseExecutor.java:337)
	at com.kms.katalon.core.main.TestCaseExecutor.doExecute(TestCaseExecutor.java:328)
	at com.kms.katalon.core.main.TestCaseExecutor.processExecutionPhase(TestCaseExecutor.java:307)
	at com.kms.katalon.core.main.TestCaseExecutor.accessMainPhase(TestCaseExecutor.java:299)
	at com.kms.katalon.core.main.TestCaseExecutor.execute(TestCaseExecutor.java:233)
	at com.kms.katalon.core.main.TestCaseMain.runTestCase(TestCaseMain.java:114)
	at com.kms.katalon.core.keyword.builtin.CallTestCaseKeyword$_callTestCase_closure1.doCall(CallTestCaseKeyword.groovy:59)
	at com.kms.katalon.core.keyword.builtin.CallTestCaseKeyword$_callTestCase_closure1.call(CallTestCaseKeyword.groovy)
	at com.kms.katalon.core.keyword.internal.KeywordMain.runKeyword(KeywordMain.groovy:68)
	at com.kms.katalon.core.keyword.builtin.CallTestCaseKeyword.callTestCase(CallTestCaseKeyword.groovy:81)
	at com.kms.katalon.core.keyword.builtin.CallTestCaseKeyword.execute(CallTestCaseKeyword.groovy:44)
	at com.kms.katalon.core.keyword.internal.KeywordExecutor.executeKeywordForPlatform(KeywordExecutor.groovy:72)
	at com.kms.katalon.core.keyword.BuiltinKeywords.callTestCase(BuiltinKeywords.groovy:334)
	at PFI.PELHS.run(PFI.PELHS:43)
	at com.kms.katalon.core.main.ScriptEngine.run(ScriptEngine.java:194)
	at com.kms.katalon.core.main.ScriptEngine.runScriptAsRawText(ScriptEngine.java:119)
	at com.kms.katalon.core.main.TestCaseExecutor.runScript(TestCaseExecutor.java:337)
	at com.kms.katalon.core.main.TestCaseExecutor.doExecute(TestCaseExecutor.java:328)
	at com.kms.katalon.core.main.TestCaseExecutor.processExecutionPhase(TestCaseExecutor.java:307)
	at com.kms.katalon.core.main.TestCaseExecutor.accessMainPhase(TestCaseExecutor.java:299)
	at com.kms.katalon.core.main.TestCaseExecutor.execute(TestCaseExecutor.java:233)
	at com.kms.katalon.core.main.TestSuiteExecutor.accessTestCaseMainPhase(TestSuiteExecutor.java:169)
	at com.kms.katalon.core.main.TestSuiteExecutor.accessTestSuiteMainPhase(TestSuiteExecutor.java:142)
	at com.kms.katalon.core.main.TestSuiteExecutor.execute(TestSuiteExecutor.java:91)
	at com.kms.katalon.core.main.TestCaseMain.startTestSuite(TestCaseMain.java:157)
	at com.kms.katalon.core.main.TestCaseMain$startTestSuite$0.call(Unknown Source)
	at TempTestSuite1589296049355.run(TempTestSuite1589296049355.groovy:36)
Caused by: com.kms.katalon.core.webui.exception.WebElementNotFoundException: Web element with id: 'Object Repository/Objects.PELSH/PENoReadOnly' located by 'By.xpath:  //*[text()='Registration No']//following::td[2]' not found
	at com.kms.katalon.core.webui.common.WebUiCommonHelper.findWebElement(WebUiCommonHelper.java:1154)
	at com.kms.katalon.core.webui.keyword.internal.WebUIAbstractKeyword.findWebElement(WebUIAbstractKeyword.groovy:27)
	at com.kms.katalon.core.webui.keyword.internal.WebUIAbstractKeyword.findWebElement(WebUIAbstractKeyword.groovy:26)
	at com.kms.katalon.core.webui.keyword.builtin.DoubleClickKeyword$_doubleClick_closure1.doCall(DoubleClickKeyword.groovy:77)
	at com.kms.katalon.core.webui.keyword.builtin.DoubleClickKeyword$_doubleClick_closure1.call(DoubleClickKeyword.groovy)
	at com.kms.katalon.core.webui.keyword.internal.WebUIKeywordMain.runKeyword(WebUIKeywordMain.groovy:20)
	at com.kms.katalon.core.webui.keyword.builtin.DoubleClickKeyword.doubleClick(DoubleClickKeyword.groovy:87)
	at com.kms.katalon.core.webui.keyword.builtin.DoubleClickKeyword.execute(DoubleClickKeyword.groovy:67)
	at com.kms.katalon.core.keyword.internal.KeywordExecutor.executeKeywordForPlatform(KeywordExecutor.groovy:72)
	at com.kms.katalon.core.webui.keyword.WebUiBuiltInKeywords.doubleClick(WebUiBuiltInKeywords.groovy:697)
	at com.kms.katalon.core.webui.keyword.WebUiBuiltInKeywords$doubleClick$22.call(Unknown Source)
	at Script1589250509228.run(Script1589250509228.groovy:53)
	at com.kms.katalon.core.main.ScriptEngine.run(ScriptEngine.java:194)
	at com.kms.katalon.core.main.ScriptEngine.runScriptAsRawText(ScriptEngine.java:119)
	at com.kms.katalon.core.main.TestCaseExecutor.runScript(TestCaseExecutor.java:337)
	at com.kms.katalon.core.main.TestCaseExecutor.doExecute(TestCaseExecutor.java:328)
	at com.kms.katalon.core.main.TestCaseExecutor.processExecutionPhase(TestCaseExecutor.java:307)
	at com.kms.katalon.core.main.TestCaseExecutor.accessMainPhase(TestCaseExecutor.java:299)
	at com.kms.katalon.core.main.TestCaseExecutor.execute(TestCaseExecutor.java:233)
	at com.kms.katalon.core.main.TestCaseMain.runTestCase(TestCaseMain.java:114)
	at com.kms.katalon.core.keyword.builtin.CallTestCaseKeyword$_callTestCase_closure1.doCall(CallTestCaseKeyword.groovy:59)
	at com.kms.katalon.core.keyword.builtin.CallTestCaseKeyword$_callTestCase_closure1.call(CallTestCaseKeyword.groovy)
	at com.kms.katalon.core.keyword.internal.KeywordMain.runKeyword(KeywordMain.groovy:68)
	at com.kms.katalon.core.keyword.builtin.CallTestCaseKeyword.callTestCase(CallTestCaseKeyword.groovy:81)
	at com.kms.katalon.core.keyword.builtin.CallTestCaseKeyword.execute(CallTestCaseKeyword.groovy:44)
	at com.kms.katalon.core.keyword.internal.KeywordExecutor.executeKeywordForPlatform(KeywordExecutor.groovy:72)
	at com.kms.katalon.core.keyword.BuiltinKeywords.callTestCase(BuiltinKeywords.groovy:334)
	at Script1589251056999.run(Script1589251056999.groovy:43)
	... 13 more
)

2020-05-12 23:13:32 - [MESSAGE][INFO] - Unable to find the element located by 'By.xpath:  //*[text()='Registration No']//following::td[2]'. Please recheck the objects properties to make sure the desired element is located. 

2020-05-12 23:13:32 - [MESSAGE][FAILED] - Unable to double click on object 'Object Repository/Objects.PELSH/PENoReadOnly' (Root cause: com.kms.katalon.core.exception.StepFailedException: Unable to double click on object 'Object Repository/Objects.PELSH/PENoReadOnly'
	at com.kms.katalon.core.webui.keyword.internal.WebUIKeywordMain.stepFailed(WebUIKeywordMain.groovy:64)
	at com.kms.katalon.core.webui.keyword.internal.WebUIKeywordMain.runKeyword(WebUIKeywordMain.groovy:26)
	at com.kms.katalon.core.webui.keyword.builtin.DoubleClickKeyword.doubleClick(DoubleClickKeyword.groovy:87)
	at com.kms.katalon.core.webui.keyword.builtin.DoubleClickKeyword.execute(DoubleClickKeyword.groovy:67)
	at com.kms.katalon.core.keyword.internal.KeywordExecutor.executeKeywordForPlatform(KeywordExecutor.groovy:72)
	at com.kms.katalon.core.webui.keyword.WebUiBuiltInKeywords.doubleClick(WebUiBuiltInKeywords.groovy:697)
	at com.kms.katalon.core.webui.keyword.WebUiBuiltInKeywords$doubleClick$22.call(Unknown Source)
	at PEValidation.run(PEValidation:53)
	at com.kms.katalon.core.main.ScriptEngine.run(ScriptEngine.java:194)
	at com.kms.katalon.core.main.ScriptEngine.runScriptAsRawText(ScriptEngine.java:119)
	at com.kms.katalon.core.main.TestCaseExecutor.runScript(TestCaseExecutor.java:337)
	at com.kms.katalon.core.main.TestCaseExecutor.doExecute(TestCaseExecutor.java:328)
	at com.kms.katalon.core.main.TestCaseExecutor.processExecutionPhase(TestCaseExecutor.java:307)
	at com.kms.katalon.core.main.TestCaseExecutor.accessMainPhase(TestCaseExecutor.java:299)
	at com.kms.katalon.core.main.TestCaseExecutor.execute(TestCaseExecutor.java:233)
	at com.kms.katalon.core.main.TestCaseMain.runTestCase(TestCaseMain.java:114)
	at com.kms.katalon.core.keyword.builtin.CallTestCaseKeyword$_callTestCase_closure1.doCall(CallTestCaseKeyword.groovy:59)
	at com.kms.katalon.core.keyword.builtin.CallTestCaseKeyword$_callTestCase_closure1.call(CallTestCaseKeyword.groovy)
	at com.kms.katalon.core.keyword.internal.KeywordMain.runKeyword(KeywordMain.groovy:68)
	at com.kms.katalon.core.keyword.builtin.CallTestCaseKeyword.callTestCase(CallTestCaseKeyword.groovy:81)
	at com.kms.katalon.core.keyword.builtin.CallTestCaseKeyword.execute(CallTestCaseKeyword.groovy:44)
	at com.kms.katalon.core.keyword.internal.KeywordExecutor.executeKeywordForPlatform(KeywordExecutor.groovy:72)
	at com.kms.katalon.core.keyword.BuiltinKeywords.callTestCase(BuiltinKeywords.groovy:334)
	at PFI.PELHS.run(PFI.PELHS:43)
	at com.kms.katalon.core.main.ScriptEngine.run(ScriptEngine.java:194)
	at com.kms.katalon.core.main.ScriptEngine.runScriptAsRawText(ScriptEngine.java:119)
	at com.kms.katalon.core.main.TestCaseExecutor.runScript(TestCaseExecutor.java:337)
	at com.kms.katalon.core.main.TestCaseExecutor.doExecute(TestCaseExecutor.java:328)
	at com.kms.katalon.core.main.TestCaseExecutor.processExecutionPhase(TestCaseExecutor.java:307)
	at com.kms.katalon.core.main.TestCaseExecutor.accessMainPhase(TestCaseExecutor.java:299)
	at com.kms.katalon.core.main.TestCaseExecutor.execute(TestCaseExecutor.java:233)
	at com.kms.katalon.core.main.TestSuiteExecutor.accessTestCaseMainPhase(TestSuiteExecutor.java:169)
	at com.kms.katalon.core.main.TestSuiteExecutor.accessTestSuiteMainPhase(TestSuiteExecutor.java:142)
	at com.kms.katalon.core.main.TestSuiteExecutor.execute(TestSuiteExecutor.java:91)
	at com.kms.katalon.core.main.TestCaseMain.startTestSuite(TestCaseMain.java:157)
	at com.kms.katalon.core.main.TestCaseMain$startTestSuite$0.call(Unknown Source)
	at TempTestSuite1589296049355.run(TempTestSuite1589296049355.groovy:36)
Caused by: com.kms.katalon.core.webui.exception.WebElementNotFoundException: Web element with id: 'Object Repository/Objects.PELSH/PENoReadOnly' located by 'By.xpath:  //*[text()='Registration No']//following::td[2]' not found
	at com.kms.katalon.core.webui.common.WebUiCommonHelper.findWebElement(WebUiCommonHelper.java:1154)
	at com.kms.katalon.core.webui.keyword.internal.WebUIAbstractKeyword.findWebElement(WebUIAbstractKeyword.groovy:27)
	at com.kms.katalon.core.webui.keyword.internal.WebUIAbstractKeyword.findWebElement(WebUIAbstractKeyword.groovy:26)
	at com.kms.katalon.core.webui.keyword.builtin.DoubleClickKeyword$_doubleClick_closure1.doCall(DoubleClickKeyword.groovy:77)
	at com.kms.katalon.core.webui.keyword.builtin.DoubleClickKeyword$_doubleClick_closure1.call(DoubleClickKeyword.groovy)
	at com.kms.katalon.core.webui.keyword.internal.WebUIKeywordMain.runKeyword(WebUIKeywordMain.groovy:20)
	at com.kms.katalon.core.webui.keyword.builtin.DoubleClickKeyword.doubleClick(DoubleClickKeyword.groovy:87)
	at com.kms.katalon.core.webui.keyword.builtin.DoubleClickKeyword.execute(DoubleClickKeyword.groovy:67)
	at com.kms.katalon.core.keyword.internal.KeywordExecutor.executeKeywordForPlatform(KeywordExecutor.groovy:72)
	at com.kms.katalon.core.webui.keyword.WebUiBuiltInKeywords.doubleClick(WebUiBuiltInKeywords.groovy:697)
	at com.kms.katalon.core.webui.keyword.WebUiBuiltInKeywords$doubleClick$22.call(Unknown Source)
	at Script1589250509228.run(Script1589250509228.groovy:53)
	at com.kms.katalon.core.main.ScriptEngine.run(ScriptEngine.java:194)
	at com.kms.katalon.core.main.ScriptEngine.runScriptAsRawText(ScriptEngine.java:119)
	at com.kms.katalon.core.main.TestCaseExecutor.runScript(TestCaseExecutor.java:337)
	at com.kms.katalon.core.main.TestCaseExecutor.doExecute(TestCaseExecutor.java:328)
	at com.kms.katalon.core.main.TestCaseExecutor.processExecutionPhase(TestCaseExecutor.java:307)
	at com.kms.katalon.core.main.TestCaseExecutor.accessMainPhase(TestCaseExecutor.java:299)
	at com.kms.katalon.core.main.TestCaseExecutor.execute(TestCaseExecutor.java:233)
	at com.kms.katalon.core.main.TestCaseMain.runTestCase(TestCaseMain.java:114)
	at com.kms.katalon.core.keyword.builtin.CallTestCaseKeyword$_callTestCase_closure1.doCall(CallTestCaseKeyword.groovy:59)
	at com.kms.katalon.core.keyword.builtin.CallTestCaseKeyword$_callTestCase_closure1.call(CallTestCaseKeyword.groovy)
	at com.kms.katalon.core.keyword.internal.KeywordMain.runKeyword(KeywordMain.groovy:68)
	at com.kms.katalon.core.keyword.builtin.CallTestCaseKeyword.callTestCase(CallTestCaseKeyword.groovy:81)
	at com.kms.katalon.core.keyword.builtin.CallTestCaseKeyword.execute(CallTestCaseKeyword.groovy:44)
	at com.kms.katalon.core.keyword.internal.KeywordExecutor.executeKeywordForPlatform(KeywordExecutor.groovy:72)
	at com.kms.katalon.core.keyword.BuiltinKeywords.callTestCase(BuiltinKeywords.groovy:334)
	at Script1589251056999.run(Script1589251056999.groovy:43)
	... 13 more
)
[[ATTACHMENT|C:\\Users\\19023-RAC\\Desktop\\Merging Automation\\Reports\\20200512_230724\\PFI Precision and Scale Automated Regression Suite\\Page Section\\20200512_230724\\1589296412408.png]]

2020-05-12 23:13:32 - [MESSAGE][FAILED] - Unable to call Test Case 'Test Cases/Components/00_Precision and Scale/PEValidation' (Root cause: com.kms.katalon.core.exception.StepFailedException: Call Test Case 'Test Cases/Components/00_Precision and Scale/PEValidation' failed
	at com.kms.katalon.core.keyword.builtin.CallTestCaseKeyword$_callTestCase_closure1.doCall(CallTestCaseKeyword.groovy:63)
	at com.kms.katalon.core.keyword.builtin.CallTestCaseKeyword$_callTestCase_closure1.call(CallTestCaseKeyword.groovy)
	at com.kms.katalon.core.keyword.internal.KeywordMain.runKeyword(KeywordMain.groovy:68)
	at com.kms.katalon.core.keyword.builtin.CallTestCaseKeyword.callTestCase(CallTestCaseKeyword.groovy:81)
	at com.kms.katalon.core.keyword.builtin.CallTestCaseKeyword.execute(CallTestCaseKeyword.groovy:44)
	at com.kms.katalon.core.keyword.internal.KeywordExecutor.executeKeywordForPlatform(KeywordExecutor.groovy:72)
	at com.kms.katalon.core.keyword.BuiltinKeywords.callTestCase(BuiltinKeywords.groovy:334)
	at PFI.PELHS.run(PFI.PELHS:43)
	at com.kms.katalon.core.main.ScriptEngine.run(ScriptEngine.java:194)
	at com.kms.katalon.core.main.ScriptEngine.runScriptAsRawText(ScriptEngine.java:119)
	at com.kms.katalon.core.main.TestCaseExecutor.runScript(TestCaseExecutor.java:337)
	at com.kms.katalon.core.main.TestCaseExecutor.doExecute(TestCaseExecutor.java:328)
	at com.kms.katalon.core.main.TestCaseExecutor.processExecutionPhase(TestCaseExecutor.java:307)
	at com.kms.katalon.core.main.TestCaseExecutor.accessMainPhase(TestCaseExecutor.java:299)
	at com.kms.katalon.core.main.TestCaseExecutor.execute(TestCaseExecutor.java:233)
	at com.kms.katalon.core.main.TestSuiteExecutor.accessTestCaseMainPhase(TestSuiteExecutor.java:169)
	at com.kms.katalon.core.main.TestSuiteExecutor.accessTestSuiteMainPhase(TestSuiteExecutor.java:142)
	at com.kms.katalon.core.main.TestSuiteExecutor.execute(TestSuiteExecutor.java:91)
	at com.kms.katalon.core.main.TestCaseMain.startTestSuite(TestCaseMain.java:157)
	at com.kms.katalon.core.main.TestCaseMain$startTestSuite$0.call(Unknown Source)
	at TempTestSuite1589296049355.run(TempTestSuite1589296049355.groovy:36)
Caused by: com.kms.katalon.core.exception.StepFailedException: Unable to double click on object 'Object Repository/Objects.PELSH/PENoReadOnly'
	at com.kms.katalon.core.webui.keyword.internal.WebUIKeywordMain.stepFailed(WebUIKeywordMain.groovy:64)
	at com.kms.katalon.core.webui.keyword.internal.WebUIKeywordMain.runKeyword(WebUIKeywordMain.groovy:26)
	at com.kms.katalon.core.webui.keyword.builtin.DoubleClickKeyword.doubleClick(DoubleClickKeyword.groovy:87)
	at com.kms.katalon.core.webui.keyword.builtin.DoubleClickKeyword.execute(DoubleClickKeyword.groovy:67)
	at com.kms.katalon.core.keyword.internal.KeywordExecutor.executeKeywordForPlatform(KeywordExecutor.groovy:72)
	at com.kms.katalon.core.webui.keyword.WebUiBuiltInKeywords.doubleClick(WebUiBuiltInKeywords.groovy:697)
	at com.kms.katalon.core.webui.keyword.WebUiBuiltInKeywords$doubleClick$22.call(Unknown Source)
	at PEValidation.run(PEValidation:53)
	at com.kms.katalon.core.main.ScriptEngine.run(ScriptEngine.java:194)
	at com.kms.katalon.core.main.ScriptEngine.runScriptAsRawText(ScriptEngine.java:119)
	at com.kms.katalon.core.main.TestCaseExecutor.runScript(TestCaseExecutor.java:337)
	at com.kms.katalon.core.main.TestCaseExecutor.doExecute(TestCaseExecutor.java:328)
	at com.kms.katalon.core.main.TestCaseExecutor.processExecutionPhase(TestCaseExecutor.java:307)
	at com.kms.katalon.core.main.TestCaseExecutor.accessMainPhase(TestCaseExecutor.java:299)
	at com.kms.katalon.core.main.TestCaseExecutor.execute(TestCaseExecutor.java:233)
	at com.kms.katalon.core.main.TestCaseMain.runTestCase(TestCaseMain.java:114)
	at com.kms.katalon.core.keyword.builtin.CallTestCaseKeyword$_callTestCase_closure1.doCall(CallTestCaseKeyword.groovy:59)
	... 20 more
Caused by: com.kms.katalon.core.webui.exception.WebElementNotFoundException: Web element with id: 'Object Repository/Objects.PELSH/PENoReadOnly' located by 'By.xpath:  //*[text()='Registration No']//following::td[2]' not found
	at com.kms.katalon.core.webui.common.WebUiCommonHelper.findWebElement(WebUiCommonHelper.java:1154)
	at com.kms.katalon.core.webui.keyword.internal.WebUIAbstractKeyword.findWebElement(WebUIAbstractKeyword.groovy:27)
	at com.kms.katalon.core.webui.keyword.internal.WebUIAbstractKeyword.findWebElement(WebUIAbstractKeyword.groovy:26)
	at com.kms.katalon.core.webui.keyword.builtin.DoubleClickKeyword$_doubleClick_closure1.doCall(DoubleClickKeyword.groovy:77)
	at com.kms.katalon.core.webui.keyword.builtin.DoubleClickKeyword$_doubleClick_closure1.call(DoubleClickKeyword.groovy)
	at com.kms.katalon.core.webui.keyword.internal.WebUIKeywordMain.runKeyword(WebUIKeywordMain.groovy:20)
	... 35 more
)]]></system-out>
         <system-err><![CDATA[2020-05-12 23:11:45 - [TEST_CASE][FAILED] - Test Cases/PFI Precision and Scale/PFI Test Cases/PFI.PELHS: Test Cases/PFI Precision and Scale/PFI Test Cases/PFI.PELHS FAILED.
Reason:
com.kms.katalon.core.exception.StepFailedException: Call Test Case 'Test Cases/Components/00_Precision and Scale/PEValidation' failed
	at com.kms.katalon.core.keyword.builtin.CallTestCaseKeyword$_callTestCase_closure1.doCall(CallTestCaseKeyword.groovy:63)
	at com.kms.katalon.core.keyword.builtin.CallTestCaseKeyword$_callTestCase_closure1.call(CallTestCaseKeyword.groovy)
	at com.kms.katalon.core.keyword.internal.KeywordMain.runKeyword(KeywordMain.groovy:68)
	at com.kms.katalon.core.keyword.builtin.CallTestCaseKeyword.callTestCase(CallTestCaseKeyword.groovy:81)
	at com.kms.katalon.core.keyword.builtin.CallTestCaseKeyword.execute(CallTestCaseKeyword.groovy:44)
	at com.kms.katalon.core.keyword.internal.KeywordExecutor.executeKeywordForPlatform(KeywordExecutor.groovy:72)
	at com.kms.katalon.core.keyword.BuiltinKeywords.callTestCase(BuiltinKeywords.groovy:334)
	at PFI.PELHS.run(PFI.PELHS:43)
	at com.kms.katalon.core.main.ScriptEngine.run(ScriptEngine.java:194)
	at com.kms.katalon.core.main.ScriptEngine.runScriptAsRawText(ScriptEngine.java:119)
	at com.kms.katalon.core.main.TestCaseExecutor.runScript(TestCaseExecutor.java:337)
	at com.kms.katalon.core.main.TestCaseExecutor.doExecute(TestCaseExecutor.java:328)
	at com.kms.katalon.core.main.TestCaseExecutor.processExecutionPhase(TestCaseExecutor.java:307)
	at com.kms.katalon.core.main.TestCaseExecutor.accessMainPhase(TestCaseExecutor.java:299)
	at com.kms.katalon.core.main.TestCaseExecutor.execute(TestCaseExecutor.java:233)
	at com.kms.katalon.core.main.TestSuiteExecutor.accessTestCaseMainPhase(TestSuiteExecutor.java:169)
	at com.kms.katalon.core.main.TestSuiteExecutor.accessTestSuiteMainPhase(TestSuiteExecutor.java:142)
	at com.kms.katalon.core.main.TestSuiteExecutor.execute(TestSuiteExecutor.java:91)
	at com.kms.katalon.core.main.TestCaseMain.startTestSuite(TestCaseMain.java:157)
	at com.kms.katalon.core.main.TestCaseMain$startTestSuite$0.call(Unknown Source)
	at TempTestSuite1589296049355.run(TempTestSuite1589296049355.groovy:36)
Caused by: com.kms.katalon.core.exception.StepFailedException: Unable to double click on object 'Object Repository/Objects.PELSH/PENoReadOnly'
	at com.kms.katalon.core.webui.keyword.internal.WebUIKeywordMain.stepFailed(WebUIKeywordMain.groovy:64)
	at com.kms.katalon.core.webui.keyword.internal.WebUIKeywordMain.runKeyword(WebUIKeywordMain.groovy:26)
	at com.kms.katalon.core.webui.keyword.builtin.DoubleClickKeyword.doubleClick(DoubleClickKeyword.groovy:87)
	at com.kms.katalon.core.webui.keyword.builtin.DoubleClickKeyword.execute(DoubleClickKeyword.groovy:67)
	at com.kms.katalon.core.keyword.internal.KeywordExecutor.executeKeywordForPlatform(KeywordExecutor.groovy:72)
	at com.kms.katalon.core.webui.keyword.WebUiBuiltInKeywords.doubleClick(WebUiBuiltInKeywords.groovy:697)
	at com.kms.katalon.core.webui.keyword.WebUiBuiltInKeywords$doubleClick$22.call(Unknown Source)
	at PEValidation.run(PEValidation:53)
	at com.kms.katalon.core.main.ScriptEngine.run(ScriptEngine.java:194)
	at com.kms.katalon.core.main.ScriptEngine.runScriptAsRawText(ScriptEngine.java:119)
	at com.kms.katalon.core.main.TestCaseExecutor.runScript(TestCaseExecutor.java:337)
	at com.kms.katalon.core.main.TestCaseExecutor.doExecute(TestCaseExecutor.java:328)
	at com.kms.katalon.core.main.TestCaseExecutor.processExecutionPhase(TestCaseExecutor.java:307)
	at com.kms.katalon.core.main.TestCaseExecutor.accessMainPhase(TestCaseExecutor.java:299)
	at com.kms.katalon.core.main.TestCaseExecutor.execute(TestCaseExecutor.java:233)
	at com.kms.katalon.core.main.TestCaseMain.runTestCase(TestCaseMain.java:114)
	at com.kms.katalon.core.keyword.builtin.CallTestCaseKeyword$_callTestCase_closure1.doCall(CallTestCaseKeyword.groovy:59)
	... 20 more
Caused by: com.kms.katalon.core.webui.exception.WebElementNotFoundException: Web element with id: 'Object Repository/Objects.PELSH/PENoReadOnly' located by 'By.xpath:  //*[text()='Registration No']//following::td[2]' not found
	at com.kms.katalon.core.webui.common.WebUiCommonHelper.findWebElement(WebUiCommonHelper.java:1154)
	at com.kms.katalon.core.webui.keyword.internal.WebUIAbstractKeyword.findWebElement(WebUIAbstractKeyword.groovy:27)
	at com.kms.katalon.core.webui.keyword.internal.WebUIAbstractKeyword.findWebElement(WebUIAbstractKeyword.groovy:26)
	at com.kms.katalon.core.webui.keyword.builtin.DoubleClickKeyword$_doubleClick_closure1.doCall(DoubleClickKeyword.groovy:77)
	at com.kms.katalon.core.webui.keyword.builtin.DoubleClickKeyword$_doubleClick_closure1.call(DoubleClickKeyword.groovy)
	at com.kms.katalon.core.webui.keyword.internal.WebUIKeywordMain.runKeyword(WebUIKeywordMain.groovy:20)
	... 35 more]]></system-err>
      </testcase>
      <testcase name="Test Cases/PFI Precision and Scale/PFI Test Cases/PFI.D2FormsLHS" time="310.396" classname="Test Cases/PFI Precision and Scale/PFI Test Cases/PFI.D2FormsLHS" status="FAILED">
         <failure type="FAILED" message="Test Cases/PFI Precision and Scale/PFI Test Cases/PFI.D2FormsLHS FAILED.
Reason:
com.kms.katalon.core.exception.StepFailedException: Call Test Case 'Test Cases/Components/Logout' failed
	at com.kms.katalon.core.keyword.builtin.CallTestCaseKeyword$_callTestCase_closure1.doCall(CallTestCaseKeyword.groovy:63)
	at com.kms.katalon.core.keyword.builtin.CallTestCaseKeyword$_callTestCase_closure1.call(CallTestCaseKeyword.groovy)
	at com.kms.katalon.core.keyword.internal.KeywordMain.runKeyword(KeywordMain.groovy:68)
	at com.kms.katalon.core.keyword.builtin.CallTestCaseKeyword.callTestCase(CallTestCaseKeyword.groovy:81)
	at com.kms.katalon.core.keyword.builtin.CallTestCaseKeyword.execute(CallTestCaseKeyword.groovy:44)
	at com.kms.katalon.core.keyword.internal.KeywordExecutor.executeKeywordForPlatform(KeywordExecutor.groovy:72)
	at com.kms.katalon.core.keyword.BuiltinKeywords.callTestCase(BuiltinKeywords.groovy:334)
	at PFI.D2FormsLHS.run(PFI.D2FormsLHS:60)
	at com.kms.katalon.core.main.ScriptEngine.run(ScriptEngine.java:194)
	at com.kms.katalon.core.main.ScriptEngine.runScriptAsRawText(ScriptEngine.java:119)
	at com.kms.katalon.core.main.TestCaseExecutor.runScript(TestCaseExecutor.java:337)
	at com.kms.katalon.core.main.TestCaseExecutor.doExecute(TestCaseExecutor.java:328)
	at com.kms.katalon.core.main.TestCaseExecutor.processExecutionPhase(TestCaseExecutor.java:307)
	at com.kms.katalon.core.main.TestCaseExecutor.accessMainPhase(TestCaseExecutor.java:299)
	at com.kms.katalon.core.main.TestCaseExecutor.execute(TestCaseExecutor.java:233)
	at com.kms.katalon.core.main.TestSuiteExecutor.accessTestCaseMainPhase(TestSuiteExecutor.java:169)
	at com.kms.katalon.core.main.TestSuiteExecutor.accessTestSuiteMainPhase(TestSuiteExecutor.java:142)
	at com.kms.katalon.core.main.TestSuiteExecutor.execute(TestSuiteExecutor.java:91)
	at com.kms.katalon.core.main.TestCaseMain.startTestSuite(TestCaseMain.java:157)
	at com.kms.katalon.core.main.TestCaseMain$startTestSuite$0.call(Unknown Source)
	at TempTestSuite1589296049355.run(TempTestSuite1589296049355.groovy:36)
Caused by: com.kms.katalon.core.exception.StepFailedException: Unable to verify text 'Sign in to ISPS2-SIT' is present 
	at com.kms.katalon.core.webui.keyword.internal.WebUIKeywordMain.stepFailed(WebUIKeywordMain.groovy:64)
	at com.kms.katalon.core.webui.keyword.internal.WebUIKeywordMain.runKeyword(WebUIKeywordMain.groovy:26)
	at com.kms.katalon.core.webui.keyword.builtin.VerifyTextPresentKeyword.verifyTextPresent(VerifyTextPresentKeyword.groovy:83)
	at com.kms.katalon.core.webui.keyword.builtin.VerifyTextPresentKeyword.execute(VerifyTextPresentKeyword.groovy:68)
	at com.kms.katalon.core.keyword.internal.KeywordExecutor.executeKeywordForPlatform(KeywordExecutor.groovy:72)
	at com.kms.katalon.core.webui.keyword.WebUiBuiltInKeywords.verifyTextPresent(WebUiBuiltInKeywords.groovy:1693)
	at com.kms.katalon.core.webui.keyword.WebUiBuiltInKeywords$verifyTextPresent$1.call(Unknown Source)
	at Logout.run(Logout:40)
	at com.kms.katalon.core.main.ScriptEngine.run(ScriptEngine.java:194)
	at com.kms.katalon.core.main.ScriptEngine.runScriptAsRawText(ScriptEngine.java:119)
	at com.kms.katalon.core.main.TestCaseExecutor.runScript(TestCaseExecutor.java:337)
	at com.kms.katalon.core.main.TestCaseExecutor.doExecute(TestCaseExecutor.java:328)
	at com.kms.katalon.core.main.TestCaseExecutor.processExecutionPhase(TestCaseExecutor.java:307)
	at com.kms.katalon.core.main.TestCaseExecutor.accessMainPhase(TestCaseExecutor.java:299)
	at com.kms.katalon.core.main.TestCaseExecutor.execute(TestCaseExecutor.java:233)
	at com.kms.katalon.core.main.TestCaseMain.runTestCase(TestCaseMain.java:114)
	at com.kms.katalon.core.keyword.builtin.CallTestCaseKeyword$_callTestCase_closure1.doCall(CallTestCaseKeyword.groovy:59)
	... 20 more
Caused by: com.kms.katalon.core.exception.StepFailedException: Text 'Sign in to ISPS2-SIT' is not present on page 
	at com.kms.katalon.core.webui.keyword.internal.WebUIKeywordMain.stepFailed(WebUIKeywordMain.groovy:64)
	at com.kms.katalon.core.webui.keyword.builtin.VerifyTextPresentKeyword$_verifyTextPresent_closure1.doCall(VerifyTextPresentKeyword.groovy:79)
	at com.kms.katalon.core.webui.keyword.builtin.VerifyTextPresentKeyword$_verifyTextPresent_closure1.call(VerifyTextPresentKeyword.groovy)
	at com.kms.katalon.core.webui.keyword.internal.WebUIKeywordMain.runKeyword(WebUIKeywordMain.groovy:20)
	... 35 more
"/>
         <system-out><![CDATA[2020-05-12 23:13:32 - [TEST_CASE][FAILED] - Test Cases/PFI Precision and Scale/PFI Test Cases/PFI.D2FormsLHS: Test Cases/PFI Precision and Scale/PFI Test Cases/PFI.D2FormsLHS FAILED.
Reason:
com.kms.katalon.core.exception.StepFailedException: Call Test Case 'Test Cases/Components/Logout' failed
	at com.kms.katalon.core.keyword.builtin.CallTestCaseKeyword$_callTestCase_closure1.doCall(CallTestCaseKeyword.groovy:63)
	at com.kms.katalon.core.keyword.builtin.CallTestCaseKeyword$_callTestCase_closure1.call(CallTestCaseKeyword.groovy)
	at com.kms.katalon.core.keyword.internal.KeywordMain.runKeyword(KeywordMain.groovy:68)
	at com.kms.katalon.core.keyword.builtin.CallTestCaseKeyword.callTestCase(CallTestCaseKeyword.groovy:81)
	at com.kms.katalon.core.keyword.builtin.CallTestCaseKeyword.execute(CallTestCaseKeyword.groovy:44)
	at com.kms.katalon.core.keyword.internal.KeywordExecutor.executeKeywordForPlatform(KeywordExecutor.groovy:72)
	at com.kms.katalon.core.keyword.BuiltinKeywords.callTestCase(BuiltinKeywords.groovy:334)
	at PFI.D2FormsLHS.run(PFI.D2FormsLHS:60)
	at com.kms.katalon.core.main.ScriptEngine.run(ScriptEngine.java:194)
	at com.kms.katalon.core.main.ScriptEngine.runScriptAsRawText(ScriptEngine.java:119)
	at com.kms.katalon.core.main.TestCaseExecutor.runScript(TestCaseExecutor.java:337)
	at com.kms.katalon.core.main.TestCaseExecutor.doExecute(TestCaseExecutor.java:328)
	at com.kms.katalon.core.main.TestCaseExecutor.processExecutionPhase(TestCaseExecutor.java:307)
	at com.kms.katalon.core.main.TestCaseExecutor.accessMainPhase(TestCaseExecutor.java:299)
	at com.kms.katalon.core.main.TestCaseExecutor.execute(TestCaseExecutor.java:233)
	at com.kms.katalon.core.main.TestSuiteExecutor.accessTestCaseMainPhase(TestSuiteExecutor.java:169)
	at com.kms.katalon.core.main.TestSuiteExecutor.accessTestSuiteMainPhase(TestSuiteExecutor.java:142)
	at com.kms.katalon.core.main.TestSuiteExecutor.execute(TestSuiteExecutor.java:91)
	at com.kms.katalon.core.main.TestCaseMain.startTestSuite(TestCaseMain.java:157)
	at com.kms.katalon.core.main.TestCaseMain$startTestSuite$0.call(Unknown Source)
	at TempTestSuite1589296049355.run(TempTestSuite1589296049355.groovy:36)
Caused by: com.kms.katalon.core.exception.StepFailedException: Unable to verify text 'Sign in to ISPS2-SIT' is present 
	at com.kms.katalon.core.webui.keyword.internal.WebUIKeywordMain.stepFailed(WebUIKeywordMain.groovy:64)
	at com.kms.katalon.core.webui.keyword.internal.WebUIKeywordMain.runKeyword(WebUIKeywordMain.groovy:26)
	at com.kms.katalon.core.webui.keyword.builtin.VerifyTextPresentKeyword.verifyTextPresent(VerifyTextPresentKeyword.groovy:83)
	at com.kms.katalon.core.webui.keyword.builtin.VerifyTextPresentKeyword.execute(VerifyTextPresentKeyword.groovy:68)
	at com.kms.katalon.core.keyword.internal.KeywordExecutor.executeKeywordForPlatform(KeywordExecutor.groovy:72)
	at com.kms.katalon.core.webui.keyword.WebUiBuiltInKeywords.verifyTextPresent(WebUiBuiltInKeywords.groovy:1693)
	at com.kms.katalon.core.webui.keyword.WebUiBuiltInKeywords$verifyTextPresent$1.call(Unknown Source)
	at Logout.run(Logout:40)
	at com.kms.katalon.core.main.ScriptEngine.run(ScriptEngine.java:194)
	at com.kms.katalon.core.main.ScriptEngine.runScriptAsRawText(ScriptEngine.java:119)
	at com.kms.katalon.core.main.TestCaseExecutor.runScript(TestCaseExecutor.java:337)
	at com.kms.katalon.core.main.TestCaseExecutor.doExecute(TestCaseExecutor.java:328)
	at com.kms.katalon.core.main.TestCaseExecutor.processExecutionPhase(TestCaseExecutor.java:307)
	at com.kms.katalon.core.main.TestCaseExecutor.accessMainPhase(TestCaseExecutor.java:299)
	at com.kms.katalon.core.main.TestCaseExecutor.execute(TestCaseExecutor.java:233)
	at com.kms.katalon.core.main.TestCaseMain.runTestCase(TestCaseMain.java:114)
	at com.kms.katalon.core.keyword.builtin.CallTestCaseKeyword$_callTestCase_closure1.doCall(CallTestCaseKeyword.groovy:59)
	... 20 more
Caused by: com.kms.katalon.core.exception.StepFailedException: Text 'Sign in to ISPS2-SIT' is not present on page 
	at com.kms.katalon.core.webui.keyword.internal.WebUIKeywordMain.stepFailed(WebUIKeywordMain.groovy:64)
	at com.kms.katalon.core.webui.keyword.builtin.VerifyTextPresentKeyword$_verifyTextPresent_closure1.doCall(VerifyTextPresentKeyword.groovy:79)
	at com.kms.katalon.core.webui.keyword.builtin.VerifyTextPresentKeyword$_verifyTextPresent_closure1.call(VerifyTextPresentKeyword.groovy)
	at com.kms.katalon.core.webui.keyword.internal.WebUIKeywordMain.runKeyword(WebUIKeywordMain.groovy:20)
	... 35 more


2020-05-12 23:13:32 - [TEST_STEP][PASSED] - callTestCase(findTestCase("Components/LoginV2.0"), ["LinkToBeUsed":findTestData("Datatable").getValue("URL", 16), "LoginPageTextToBeVerified":findTestData("Datatable").getValue("HomeBanner", 2), ... ], STOP_ON_FAILURE): Call Test Case 'Test Cases/Components/LoginV2.0' successfully

2020-05-12 23:13:33 - [TEST_CASE][PASSED] - Test Cases/Components/LoginV2.0: Test Cases/Components/LoginV2.0

2020-05-12 23:13:33 - [TEST_STEP][PASSED] - openBrowser(LinkToBeUsed): Browser is opened with url: 'http://192.168.190.37:3012/isps2-mig/core/main.do#!dashboard/db/3021001'

2020-05-12 23:13:33 - [MESSAGE][WARNING] - A browser is already opened. Closing browser and opening a new one

2020-05-12 23:13:34 - [MESSAGE][INFO] - Starting 'Chrome' driver

2020-05-12 23:13:45 - [MESSAGE][PASSED] - Browser is opened with url: 'http://192.168.190.37:3012/isps2-mig/core/main.do#!dashboard/db/3021001'

2020-05-12 23:13:45 - [TEST_STEP][PASSED] - maximizeWindow(): Current window maximized

2020-05-12 23:13:48 - [MESSAGE][PASSED] - Current window maximized

2020-05-12 23:13:48 - [TEST_STEP][PASSED] - verifyTextPresent(LoginPageTextToBeVerified, false): Text 'Sign in to ISPS2-SIT' is present on page 

2020-05-12 23:13:48 - [MESSAGE][PASSED] - Text 'Sign in to ISPS2-SIT' is present on page 

2020-05-12 23:13:48 - [TEST_STEP][PASSED] - setText(findTestObject("Objects.LoginV2.0/Login Page/input_Sign in to ISPS2-PROD-Verify_username"), Username): Text 'sysadmin' is set on object 'Object Repository/Objects.LoginV2.0/Login Page/input_Sign in to ISPS2-PROD-Verify_username'

2020-05-12 23:13:48 - [MESSAGE][PASSED] - Text 'sysadmin' is set on object 'Object Repository/Objects.LoginV2.0/Login Page/input_Sign in to ISPS2-PROD-Verify_username'

2020-05-12 23:13:48 - [TEST_STEP][PASSED] - setEncryptedText(findTestObject("Objects.LoginV2.0/Login Page/input_This field is required_password"), Password): Text ****** has been set on object 'Object Repository/Objects.LoginV2.0/Login Page/input_This field is required_password'

2020-05-12 23:13:49 - [MESSAGE][PASSED] - Text ****** has been set on object 'Object Repository/Objects.LoginV2.0/Login Page/input_This field is required_password'

2020-05-12 23:13:49 - [TEST_STEP][NOT_RUN] - setEncryptedText(findTestObject(null), Password): NOT_RUN: setEncryptedText(findTestObject(null), Password)

2020-05-12 23:13:49 - [MESSAGE][NOT_RUN] - NOT_RUN: setEncryptedText(findTestObject(null), Password)

2020-05-12 23:13:49 - [TEST_STEP][PASSED] - click(findTestObject("Objects.LoginV2.0/Login Page/div_Sign in to ISPS2-PROD-Verify_NovaGoButton-1021"), OPTIONAL): Object: 'Object Repository/Objects.LoginV2.0/Login Page/div_Sign in to ISPS2-PROD-Verify_NovaGoButton-1021' is clicked on

2020-05-12 23:13:49 - [MESSAGE][PASSED] - Object: 'Object Repository/Objects.LoginV2.0/Login Page/div_Sign in to ISPS2-PROD-Verify_NovaGoButton-1021' is clicked on

2020-05-12 23:13:49 - [TEST_STEP][PASSED] - waitForPageLoad(30): Wait for page load successfully

2020-05-12 23:13:49 - [MESSAGE][PASSED] - Wait for page load successfully

2020-05-12 23:13:49 - [TEST_STEP][PASSED] - Thread.sleep(3000): null

2020-05-12 23:13:52 - [MESSAGE][PASSED] - Call Test Case 'Test Cases/Components/LoginV2.0' successfully

2020-05-12 23:13:52 - [TEST_STEP][PASSED] - callTestCase(findTestCase("Components/Filter"), ["taskDescription":"Process Case (SM)"], STOP_ON_FAILURE): Call Test Case 'Test Cases/Components/Filter' successfully

2020-05-12 23:13:52 - [TEST_CASE][PASSED] - Test Cases/Components/Filter: Test Cases/Components/Filter

2020-05-12 23:13:52 - [TEST_STEP][PASSED] - Thread.sleep(5000): null

2020-05-12 23:13:57 - [TEST_STEP][PASSED] - waitForPageLoad(180): Wait for page load successfully

2020-05-12 23:13:57 - [MESSAGE][PASSED] - Wait for page load successfully

2020-05-12 23:13:57 - [TEST_STEP][PASSED] - waitForElementNotPresent(findTestObject("Objects.Filter/Page_ISPS2/div_Loading search result Please wait"), 180): Web element with id: 'Object Repository/Objects.Filter/Page_ISPS2/div_Loading search result Please wait' located by 'By.xpath: //div[@class = 'x-mask-msg-text' and (text() = 'Loading search result. Please wait...' or . = 'Loading search result. Please wait...')]' is not present after '180' second(s)

2020-05-12 23:13:57 - [MESSAGE][PASSED] - Web element with id: 'Object Repository/Objects.Filter/Page_ISPS2/div_Loading search result Please wait' located by 'By.xpath: //div[@class = 'x-mask-msg-text' and (text() = 'Loading search result. Please wait...' or . = 'Loading search result. Please wait...')]' is not present after '180' second(s)

2020-05-12 23:13:57 - [TEST_STEP][PASSED] - click(findTestObject("Objects.Filter/Page_ISPS2/XP.Embutidooo")): Object: 'Object Repository/Objects.Filter/Page_ISPS2/XP.Embutidooo' is clicked on

2020-05-12 23:13:58 - [MESSAGE][PASSED] - Object: 'Object Repository/Objects.Filter/Page_ISPS2/XP.Embutidooo' is clicked on

2020-05-12 23:13:58 - [TEST_STEP][PASSED] - com.reusableComponents.HighlightElement.run(findTestObject("Objects.Filter/Page_ISPS2/span_Reset")): com.reusableComponents.HighlightElement.run is PASSED

2020-05-12 23:13:58 - [MESSAGE][PASSED] - com.reusableComponents.HighlightElement.run is PASSED

2020-05-12 23:13:58 - [TEST_STEP][PASSED] - click(findTestObject("Objects.Filter/Page_ISPS2/span_Reset")): Object: 'Object Repository/Objects.Filter/Page_ISPS2/span_Reset' is clicked on

2020-05-12 23:13:59 - [MESSAGE][PASSED] - Object: 'Object Repository/Objects.Filter/Page_ISPS2/span_Reset' is clicked on

2020-05-12 23:13:59 - [TEST_STEP][PASSED] - com.reusableComponents.HighlightElement.run(findTestObject("Objects.Filter/Page_ISPS2/TextBoxTaskDescription")): com.reusableComponents.HighlightElement.run is PASSED

2020-05-12 23:14:00 - [MESSAGE][PASSED] - com.reusableComponents.HighlightElement.run is PASSED

2020-05-12 23:14:00 - [TEST_STEP][PASSED] - setText(findTestObject("Objects.Filter/Page_ISPS2/TextBoxTaskDescription"), taskDescription): Text 'Process Case (SM)' is set on object 'Object Repository/Objects.Filter/Page_ISPS2/TextBoxTaskDescription'

2020-05-12 23:14:00 - [MESSAGE][PASSED] - Text 'Process Case (SM)' is set on object 'Object Repository/Objects.Filter/Page_ISPS2/TextBoxTaskDescription'

2020-05-12 23:14:00 - [TEST_STEP][PASSED] - caseType = taskDescription: null

2020-05-12 23:14:00 - [TEST_STEP][PASSED] - sendKeys(findTestObject("Objects.Filter/Page_ISPS2/TextBoxTaskDescription"), Keys.chord(ENTER)): Keys 'ENTER + ' sent to object: 'Object Repository/Objects.Filter/Page_ISPS2/TextBoxTaskDescription'

2020-05-12 23:14:01 - [MESSAGE][PASSED] - Keys 'ENTER + ' sent to object: 'Object Repository/Objects.Filter/Page_ISPS2/TextBoxTaskDescription'

2020-05-12 23:14:01 - [TEST_STEP][PASSED] - com.reusableComponents.HighlightElement.run(findTestObject("Objects.Filter/Page_ISPS2/span_Search")): com.reusableComponents.HighlightElement.run is PASSED

2020-05-12 23:14:03 - [MESSAGE][PASSED] - com.reusableComponents.HighlightElement.run is PASSED

2020-05-12 23:14:03 - [TEST_STEP][PASSED] - click(findTestObject("Objects.Filter/Page_ISPS2/span_Search")): Object: 'Object Repository/Objects.Filter/Page_ISPS2/span_Search' is clicked on

2020-05-12 23:14:03 - [MESSAGE][PASSED] - Object: 'Object Repository/Objects.Filter/Page_ISPS2/span_Search' is clicked on

2020-05-12 23:14:03 - [TEST_STEP][NOT_RUN] - verifyTextPresent("Loading search result. Please wait...", false): NOT_RUN: verifyTextPresent("Loading search result. Please wait...", false)

2020-05-12 23:14:03 - [MESSAGE][NOT_RUN] - NOT_RUN: verifyTextPresent("Loading search result. Please wait...", false)

2020-05-12 23:14:03 - [TEST_STEP][NOT_RUN] - waitForElementNotPresent(findTestObject("Objects.Filter/Page_ISPS2/div_Loading search result Please wait"), 120): NOT_RUN: waitForElementNotPresent(findTestObject("Objects.Filter/Page_ISPS2/div_Loading search result Please wait"), 120)

2020-05-12 23:14:03 - [MESSAGE][NOT_RUN] - NOT_RUN: waitForElementNotPresent(findTestObject("Objects.Filter/Page_ISPS2/div_Loading search result Please wait"), 120)

2020-05-12 23:14:03 - [TEST_STEP][PASSED] - Thread.sleep(5000): null

2020-05-12 23:14:08 - [MESSAGE][PASSED] - Call Test Case 'Test Cases/Components/Filter' successfully

2020-05-12 23:14:08 - [TEST_STEP][PASSED] - callTestCase(findTestCase("Components/ClickLinkDependingOnTextAndIndex"), ["linkName":"Process Case (SM)", "index":"2"], STOP_ON_FAILURE): Call Test Case 'Test Cases/Components/ClickLinkDependingOnTextAndIndex' successfully

2020-05-12 23:14:08 - [TEST_CASE][PASSED] - Test Cases/Components/ClickLinkDependingOnTextAndIndex: Test Cases/Components/ClickLinkDependingOnTextAndIndex

2020-05-12 23:14:08 - [TEST_STEP][PASSED] - Thread.sleep(1000): null

2020-05-12 23:14:09 - [TEST_STEP][PASSED] - println(linkName): null

2020-05-12 23:14:09 - [TEST_STEP][PASSED] - println(index): null

2020-05-12 23:14:09 - [TEST_STEP][PASSED] - modifiedLink = modifyObjectProperty(findTestObject("Objects.ClickLinkDependingOnTextAndIndex/linkToModify"), "xpath", "equals", "(//a[text()="" + linkName + ""])[" + index + "]", true): Modify property of object successfully

2020-05-12 23:14:09 - [MESSAGE][PASSED] - Modify property of object successfully

2020-05-12 23:14:09 - [TEST_STEP][PASSED] - Thread.sleep(5000): null

2020-05-12 23:14:14 - [TEST_STEP][PASSED] - com.reusableComponents.HighlightElement.run(modifiedLink): com.reusableComponents.HighlightElement.run is PASSED

2020-05-12 23:14:15 - [MESSAGE][PASSED] - com.reusableComponents.HighlightElement.run is PASSED

2020-05-12 23:14:15 - [TEST_STEP][PASSED] - click(modifiedLink): Object: 'Object Repository/Objects.ClickLinkDependingOnTextAndIndex/linkToModify' is clicked on

2020-05-12 23:14:15 - [MESSAGE][PASSED] - Object: 'Object Repository/Objects.ClickLinkDependingOnTextAndIndex/linkToModify' is clicked on

2020-05-12 23:14:15 - [MESSAGE][PASSED] - Call Test Case 'Test Cases/Components/ClickLinkDependingOnTextAndIndex' successfully

2020-05-12 23:14:15 - [TEST_STEP][PASSED] - callTestCase(findTestCase("Components/NavigateToAnyLHS"), ["LHS":"D2 Forms (Second Stage)"], STOP_ON_FAILURE): Call Test Case 'Test Cases/Components/NavigateToAnyLHS' successfully

2020-05-12 23:14:15 - [TEST_CASE][PASSED] - Test Cases/Components/NavigateToAnyLHS: Test Cases/Components/NavigateToAnyLHS

2020-05-12 23:14:15 - [TEST_STEP][PASSED] - Thread.sleep(1000): null

2020-05-12 23:14:16 - [TEST_STEP][PASSED] - modifiedLHS = modifyObjectProperty(findTestObject("Objects.NavigateToAnyLHS/Page_ISPS2/LHSToModify"), "text", "equals", LHS, true): Modify property of object successfully

2020-05-12 23:14:16 - [MESSAGE][PASSED] - Modify property of object successfully

2020-05-12 23:14:16 - [TEST_STEP][PASSED] - click(modifiedLHS): Object: 'Object Repository/Objects.NavigateToAnyLHS/Page_ISPS2/LHSToModify' is clicked on

2020-05-12 23:14:24 - [MESSAGE][PASSED] - Object: 'Object Repository/Objects.NavigateToAnyLHS/Page_ISPS2/LHSToModify' is clicked on

2020-05-12 23:14:24 - [TEST_STEP][PASSED] - currentLHS = getText(modifiedLHS): Text of object 'Object Repository/Objects.NavigateToAnyLHS/Page_ISPS2/LHSToModify' is: 'D2 Forms (Second Stage)'

2020-05-12 23:14:25 - [MESSAGE][PASSED] - Text of object 'Object Repository/Objects.NavigateToAnyLHS/Page_ISPS2/LHSToModify' is: 'D2 Forms (Second Stage)'

2020-05-12 23:14:25 - [TEST_STEP][PASSED] - Thread.sleep(5000): null

2020-05-12 23:14:30 - [MESSAGE][PASSED] - Call Test Case 'Test Cases/Components/NavigateToAnyLHS' successfully

2020-05-12 23:14:30 - [TEST_STEP][PASSED] - callTestCase(findTestCase("Components/00_Precision and Scale/DateValidation"), ["LblNm":"Inspection D2 Receive Date *:", "FldNm":"d2RecvDt", "index":1, "MinLen":5, "PastDtValidation":"N"], STOP_ON_FAILURE): Call Test Case 'Test Cases/Components/00_Precision and Scale/DateValidation' successfully

2020-05-12 23:14:31 - [TEST_CASE][PASSED] - Test Cases/Components/00_Precision and Scale/DateValidation: Test Cases/Components/00_Precision and Scale/DateValidation

2020-05-12 23:14:31 - [TEST_STEP][PASSED] - Thread.sleep(3000): null

2020-05-12 23:14:34 - [TEST_STEP][PASSED] - date = new java.util.Date(): null

2020-05-12 23:14:34 - [TEST_STEP][PASSED] - CurrentDate = new java.text.SimpleDateFormat(dd/MM/yyyy): null

2020-05-12 23:14:34 - [TEST_STEP][PASSED] - TodayDate = CurrentDate.format(date): null

2020-05-12 23:14:34 - [TEST_STEP][PASSED] - Alphabetic = z).join(): null

2020-05-12 23:14:34 - [TEST_STEP][PASSED] - Numeric = 9).join(): null

2020-05-12 23:14:34 - [TEST_STEP][PASSED] - SpecialChar = "`~!@#$%^&*()-=+_{}|\][;'":,.?><"": null

2020-05-12 23:14:34 - [TEST_STEP][PASSED] - RandomAlpha = RandomStringUtils.random(MinLen, Alphabetic.toCharArray()): null

2020-05-12 23:14:34 - [TEST_STEP][PASSED] - RandomNumeric = RandomStringUtils.random(MinLen, Numeric): null

2020-05-12 23:14:34 - [TEST_STEP][PASSED] - RdmSpChar = RandomStringUtils.random(MinLen, SpecialChar): null

2020-05-12 23:14:34 - [TEST_STEP][PASSED] - NewLblNm = modifyObjectProperty(findTestObject("Objects.DateValidation/Page_ISPS2/label_Name"), "text", "equals", LblNm, true): Modify property of object successfully

2020-05-12 23:14:34 - [MESSAGE][PASSED] - Modify property of object successfully

2020-05-12 23:14:34 - [TEST_STEP][PASSED] - TodayBtn = modifyObjectProperty(findTestObject("Object Repository/Objects.DateValidation/Page_ISPS2/a_Today"), "xpath", "equals", "(//*[text() = 'Today'])[" + index + "]", true): Modify property of object successfully

2020-05-12 23:14:34 - [MESSAGE][PASSED] - Modify property of object successfully

2020-05-12 23:14:34 - [TEST_STEP][PASSED] - com.reusableComponents.HighlightElement.run(NewLblNm): com.reusableComponents.HighlightElement.run is PASSED

2020-05-12 23:14:34 - [MESSAGE][PASSED] - com.reusableComponents.HighlightElement.run is PASSED

2020-05-12 23:14:34 - [TEST_STEP][PASSED] - DateFieldNm = modifyObjectProperty(findTestObject("Object Repository/Objects.DateValidation/Page_ISPS2/input__orderDt"), "name", "equals", FldNm, true): Modify property of object successfully

2020-05-12 23:14:34 - [MESSAGE][PASSED] - Modify property of object successfully

2020-05-12 23:14:34 - [TEST_STEP][PASSED] - com.reusableComponents.HighlightElement.run(DateFieldNm): com.reusableComponents.HighlightElement.run is PASSED

2020-05-12 23:14:35 - [MESSAGE][PASSED] - com.reusableComponents.HighlightElement.run is PASSED

2020-05-12 23:14:35 - [TEST_STEP][PASSED] - focus(DateFieldNm): Object: 'Object Repository/Objects.DateValidation/Page_ISPS2/input__orderDt' is focused

2020-05-12 23:14:35 - [MESSAGE][PASSED] - Object: 'Object Repository/Objects.DateValidation/Page_ISPS2/input__orderDt' is focused

2020-05-12 23:14:35 - [TEST_STEP][PASSED] - DefaultValue = getAttribute(DateFieldNm, "value", STOP_ON_FAILURE): Attribute 'value' of object 'Object Repository/Objects.DateValidation/Page_ISPS2/input__orderDt' is: ''

2020-05-12 23:14:36 - [MESSAGE][PASSED] - Attribute 'value' of object 'Object Repository/Objects.DateValidation/Page_ISPS2/input__orderDt' is: ''

2020-05-12 23:14:36 - [TEST_STEP][PASSED] - verifyMatch(DefaultValue, "", true): Actual text '' and expected text '' are matched  using regular expression

2020-05-12 23:14:36 - [MESSAGE][PASSED] - Actual text '' and expected text '' are matched  using regular expression

2020-05-12 23:14:36 - [TEST_STEP][PASSED] - setText(DateFieldNm, RandomAlpha): Text 'EISqA' is set on object 'Object Repository/Objects.DateValidation/Page_ISPS2/input__orderDt'

2020-05-12 23:14:36 - [MESSAGE][PASSED] - Text 'EISqA' is set on object 'Object Repository/Objects.DateValidation/Page_ISPS2/input__orderDt'

2020-05-12 23:14:36 - [TEST_STEP][PASSED] - getInputAlpha = getAttribute(DateFieldNm, "value", STOP_ON_FAILURE): Attribute 'value' of object 'Object Repository/Objects.DateValidation/Page_ISPS2/input__orderDt' is: ''

2020-05-12 23:14:36 - [MESSAGE][PASSED] - Attribute 'value' of object 'Object Repository/Objects.DateValidation/Page_ISPS2/input__orderDt' is: ''

2020-05-12 23:14:36 - [TEST_STEP][PASSED] - verifyMatch("", getInputAlpha, true, STOP_ON_FAILURE): Actual text '' and expected text '' are matched  using regular expression

2020-05-12 23:14:36 - [MESSAGE][PASSED] - Actual text '' and expected text '' are matched  using regular expression

2020-05-12 23:14:36 - [TEST_STEP][PASSED] - delay(5): Delayed 5 second(s)

2020-05-12 23:14:41 - [MESSAGE][PASSED] - Delayed 5 second(s)

2020-05-12 23:14:41 - [TEST_STEP][PASSED] - setText(DateFieldNm, RdmSpChar): Text '&"?*:' is set on object 'Object Repository/Objects.DateValidation/Page_ISPS2/input__orderDt'

2020-05-12 23:14:41 - [MESSAGE][PASSED] - Text '&"?*:' is set on object 'Object Repository/Objects.DateValidation/Page_ISPS2/input__orderDt'

2020-05-12 23:14:41 - [TEST_STEP][PASSED] - getInputSpecialChar = getAttribute(DateFieldNm, "value", STOP_ON_FAILURE): Attribute 'value' of object 'Object Repository/Objects.DateValidation/Page_ISPS2/input__orderDt' is: ''

2020-05-12 23:14:42 - [MESSAGE][PASSED] - Attribute 'value' of object 'Object Repository/Objects.DateValidation/Page_ISPS2/input__orderDt' is: ''

2020-05-12 23:14:42 - [TEST_STEP][PASSED] - verifyMatch("", getInputSpecialChar, true, STOP_ON_FAILURE): Actual text '' and expected text '' are matched  using regular expression

2020-05-12 23:14:42 - [MESSAGE][PASSED] - Actual text '' and expected text '' are matched  using regular expression

2020-05-12 23:14:42 - [TEST_STEP][PASSED] - delay(5): Delayed 5 second(s)

2020-05-12 23:14:47 - [MESSAGE][PASSED] - Delayed 5 second(s)

2020-05-12 23:14:47 - [TEST_STEP][PASSED] - setText(DateFieldNm, RandomNumeric): Text '58306' is set on object 'Object Repository/Objects.DateValidation/Page_ISPS2/input__orderDt'

2020-05-12 23:14:47 - [MESSAGE][PASSED] - Text '58306' is set on object 'Object Repository/Objects.DateValidation/Page_ISPS2/input__orderDt'

2020-05-12 23:14:47 - [TEST_STEP][PASSED] - getInputInvalidDate = getAttribute(findTestObject("Objects.DateValidation/Page_ISPS2/tooltipErrMsgInvalidDate"), "value", STOP_ON_FAILURE): Attribute 'value' of object 'Object Repository/Objects.DateValidation/Page_ISPS2/tooltipErrMsgInvalidDate' is: '58306'

2020-05-12 23:14:48 - [MESSAGE][PASSED] - Attribute 'value' of object 'Object Repository/Objects.DateValidation/Page_ISPS2/tooltipErrMsgInvalidDate' is: '58306'

2020-05-12 23:14:48 - [TEST_STEP][PASSED] - mouseOver(findTestObject("Objects.DateValidation/Page_ISPS2/tooltipErrMsgInvalidDate"), STOP_ON_FAILURE): Object: 'Object Repository/Objects.DateValidation/Page_ISPS2/tooltipErrMsgInvalidDate' is hovered

2020-05-12 23:14:48 - [MESSAGE][PASSED] - Object: 'Object Repository/Objects.DateValidation/Page_ISPS2/tooltipErrMsgInvalidDate' is hovered

2020-05-12 23:14:48 - [TEST_STEP][PASSED] - getErrMsg = getAttribute(findTestObject("Objects.DateValidation/Page_ISPS2/tooltipErrMsgInvalidDate"), "data-errorqtip", STOP_ON_FAILURE): Attribute 'data-errorqtip' of object 'Object Repository/Objects.DateValidation/Page_ISPS2/tooltipErrMsgInvalidDate' is: '<ul class="x-list-plain"><li>58306 is not a valid date - it must be in the format d/m/Y</li></ul>'

2020-05-12 23:14:48 - [MESSAGE][PASSED] - Attribute 'data-errorqtip' of object 'Object Repository/Objects.DateValidation/Page_ISPS2/tooltipErrMsgInvalidDate' is: '<ul class="x-list-plain"><li>58306 is not a valid date - it must be in the format d/m/Y</li></ul>'

2020-05-12 23:14:48 - [TEST_STEP][PASSED] - if (getErrMsg.contains("Start")): null

2020-05-12 23:14:48 - [TEST_STEP][PASSED] - else: Actual text '58306 is not a valid date - it must be in the format d/m/Y' and expected text '58306 is not a valid date - it must be in the format d/m/Y' are matched  using regular expression

2020-05-12 23:14:48 - [TEST_STEP][PASSED] - getTotalLength = getErrMsg.length(): null

2020-05-12 23:14:48 - [TEST_STEP][PASSED] - RemoveULClass = getErrMsg.substring(29, getTotalLength): null

2020-05-12 23:14:48 - [TEST_STEP][PASSED] - LengthNoUlClass = RemoveULClass.length() - 10: null

2020-05-12 23:14:48 - [TEST_STEP][PASSED] - ToolTipInvErrMsg = RemoveULClass.substring(0, LengthNoUlClass): null

2020-05-12 23:14:48 - [TEST_STEP][PASSED] - ExpectedInvalidErrMsg = concatenate(getInputInvalidDate, " ", NotValidDt): Concatenated string array: '['58306',' ','is not a valid date - it must be in the format d/m/Y']' into '58306 is not a valid date - it must be in the format d/m/Y'

2020-05-12 23:14:48 - [MESSAGE][PASSED] - Concatenated string array: '['58306',' ','is not a valid date - it must be in the format d/m/Y']' into '58306 is not a valid date - it must be in the format d/m/Y'

2020-05-12 23:14:48 - [TEST_STEP][PASSED] - verifyMatch(ToolTipInvErrMsg, ExpectedInvalidErrMsg, true): Actual text '58306 is not a valid date - it must be in the format d/m/Y' and expected text '58306 is not a valid date - it must be in the format d/m/Y' are matched  using regular expression

2020-05-12 23:14:48 - [MESSAGE][PASSED] - Actual text '58306 is not a valid date - it must be in the format d/m/Y' and expected text '58306 is not a valid date - it must be in the format d/m/Y' are matched  using regular expression

2020-05-12 23:14:48 - [TEST_STEP][PASSED] - sendKeys(DateFieldNm, Keys.chord(ARROW_LEFT)): Keys 'LEFT + ' sent to object: 'Object Repository/Objects.DateValidation/Page_ISPS2/input__orderDt'

2020-05-12 23:14:49 - [MESSAGE][PASSED] - Keys 'LEFT + ' sent to object: 'Object Repository/Objects.DateValidation/Page_ISPS2/input__orderDt'

2020-05-12 23:14:49 - [TEST_STEP][PASSED] - sendKeys(DateFieldNm, Keys.chord(LEFT_CONTROL, "a")): Keys 'CONTROL + a' sent to object: 'Object Repository/Objects.DateValidation/Page_ISPS2/input__orderDt'

2020-05-12 23:14:49 - [MESSAGE][PASSED] - Keys 'CONTROL + a' sent to object: 'Object Repository/Objects.DateValidation/Page_ISPS2/input__orderDt'

2020-05-12 23:14:49 - [TEST_STEP][PASSED] - sendKeys(DateFieldNm, Keys.chord(BACK_SPACE)): Keys 'BACK_SPACE + ' sent to object: 'Object Repository/Objects.DateValidation/Page_ISPS2/input__orderDt'

2020-05-12 23:14:49 - [MESSAGE][PASSED] - Keys 'BACK_SPACE + ' sent to object: 'Object Repository/Objects.DateValidation/Page_ISPS2/input__orderDt'

2020-05-12 23:14:49 - [TEST_STEP][PASSED] - delay(5): Delayed 5 second(s)

2020-05-12 23:14:54 - [MESSAGE][PASSED] - Delayed 5 second(s)

2020-05-12 23:14:54 - [TEST_STEP][PASSED] - setText(DateFieldNm, TodayDate): Text '12/05/2020' is set on object 'Object Repository/Objects.DateValidation/Page_ISPS2/input__orderDt'

2020-05-12 23:14:55 - [MESSAGE][PASSED] - Text '12/05/2020' is set on object 'Object Repository/Objects.DateValidation/Page_ISPS2/input__orderDt'

2020-05-12 23:14:55 - [TEST_STEP][PASSED] - verifyElementNotPresent(findTestObject("Objects.DateValidation/Page_ISPS2/tooltipReqErrMsg"), 0): Web element with id: 'Object Repository/Objects.DateValidation/Page_ISPS2/tooltipReqErrMsg' located by 'By.xpath: //input[contains(@data-errorqtip, 'required') and @name = 'eotFromDate']' is not present after '30' second(s)

2020-05-12 23:14:55 - [MESSAGE][WARNING] - Timeout '0' is invalid. Using default page load timeout: '30'

2020-05-12 23:14:55 - [MESSAGE][PASSED] - Web element with id: 'Object Repository/Objects.DateValidation/Page_ISPS2/tooltipReqErrMsg' located by 'By.xpath: //input[contains(@data-errorqtip, 'required') and @name = 'eotFromDate']' is not present after '30' second(s)

2020-05-12 23:14:55 - [TEST_STEP][PASSED] - sendKeys(DateFieldNm, Keys.chord(ARROW_LEFT)): Keys 'LEFT + ' sent to object: 'Object Repository/Objects.DateValidation/Page_ISPS2/input__orderDt'

2020-05-12 23:14:55 - [MESSAGE][PASSED] - Keys 'LEFT + ' sent to object: 'Object Repository/Objects.DateValidation/Page_ISPS2/input__orderDt'

2020-05-12 23:14:55 - [TEST_STEP][PASSED] - sendKeys(DateFieldNm, Keys.chord(LEFT_CONTROL, "a")): Keys 'CONTROL + a' sent to object: 'Object Repository/Objects.DateValidation/Page_ISPS2/input__orderDt'

2020-05-12 23:14:56 - [MESSAGE][PASSED] - Keys 'CONTROL + a' sent to object: 'Object Repository/Objects.DateValidation/Page_ISPS2/input__orderDt'

2020-05-12 23:14:56 - [TEST_STEP][PASSED] - sendKeys(DateFieldNm, Keys.chord(BACK_SPACE)): Keys 'BACK_SPACE + ' sent to object: 'Object Repository/Objects.DateValidation/Page_ISPS2/input__orderDt'

2020-05-12 23:14:56 - [MESSAGE][PASSED] - Keys 'BACK_SPACE + ' sent to object: 'Object Repository/Objects.DateValidation/Page_ISPS2/input__orderDt'

2020-05-12 23:14:56 - [TEST_STEP][PASSED] - delay(5): Delayed 5 second(s)

2020-05-12 23:15:01 - [MESSAGE][PASSED] - Delayed 5 second(s)

2020-05-12 23:15:01 - [TEST_STEP][PASSED] - focus(DateFieldNm): Object: 'Object Repository/Objects.DateValidation/Page_ISPS2/input__orderDt' is focused

2020-05-12 23:15:01 - [MESSAGE][PASSED] - Object: 'Object Repository/Objects.DateValidation/Page_ISPS2/input__orderDt' is focused

2020-05-12 23:15:01 - [TEST_STEP][PASSED] - mouseOver(DateFieldNm): Object: 'Object Repository/Objects.DateValidation/Page_ISPS2/input__orderDt' is hovered

2020-05-12 23:15:02 - [MESSAGE][PASSED] - Object: 'Object Repository/Objects.DateValidation/Page_ISPS2/input__orderDt' is hovered

2020-05-12 23:15:02 - [TEST_STEP][PASSED] - getRqErrMsg = getAttribute(DateFieldNm, "data-errorqtip", STOP_ON_FAILURE): Attribute 'data-errorqtip' of object 'Object Repository/Objects.DateValidation/Page_ISPS2/input__orderDt' is: '<ul class="x-list-plain"><li>This field is required</li></ul>'

2020-05-12 23:15:02 - [MESSAGE][PASSED] - Attribute 'data-errorqtip' of object 'Object Repository/Objects.DateValidation/Page_ISPS2/input__orderDt' is: '<ul class="x-list-plain"><li>This field is required</li></ul>'

2020-05-12 23:15:02 - [TEST_STEP][PASSED] - strToolTip = getRqErrMsg.substring(29, 61): null

2020-05-12 23:15:02 - [TEST_STEP][PASSED] - toolTipReqErrMsg = strToolTip.substring(0, 22): null

2020-05-12 23:15:02 - [TEST_STEP][PASSED] - verifyMatch(toolTipReqErrMsg, RqField, true, STOP_ON_FAILURE): Actual text 'This field is required' and expected text 'This field is required' are matched  using regular expression

2020-05-12 23:15:02 - [MESSAGE][PASSED] - Actual text 'This field is required' and expected text 'This field is required' are matched  using regular expression

2020-05-12 23:15:02 - [TEST_STEP][PASSED] - if (PastDtValidation == "Y"): null

2020-05-12 23:15:02 - [TEST_STEP][PASSED] - sendKeys(DateFieldNm, Keys.chord(ARROW_DOWN)): Keys 'DOWN + ' sent to object: 'Object Repository/Objects.DateValidation/Page_ISPS2/input__orderDt'

2020-05-12 23:15:02 - [MESSAGE][PASSED] - Keys 'DOWN + ' sent to object: 'Object Repository/Objects.DateValidation/Page_ISPS2/input__orderDt'

2020-05-12 23:15:02 - [TEST_STEP][PASSED] - com.reusableComponents.HighlightElement.run(TodayBtn): com.reusableComponents.HighlightElement.run is PASSED

2020-05-12 23:15:03 - [MESSAGE][PASSED] - com.reusableComponents.HighlightElement.run is PASSED

2020-05-12 23:15:03 - [TEST_STEP][PASSED] - click(TodayBtn): Object: 'Object Repository/Objects.DateValidation/Page_ISPS2/a_Today' is clicked on

2020-05-12 23:15:03 - [MESSAGE][PASSED] - Object: 'Object Repository/Objects.DateValidation/Page_ISPS2/a_Today' is clicked on

2020-05-12 23:15:03 - [TEST_STEP][PASSED] - GetEnteredDt = getAttribute(DateFieldNm, "value", STOP_ON_FAILURE): Attribute 'value' of object 'Object Repository/Objects.DateValidation/Page_ISPS2/input__orderDt' is: '12/05/2020'

2020-05-12 23:15:04 - [MESSAGE][PASSED] - Attribute 'value' of object 'Object Repository/Objects.DateValidation/Page_ISPS2/input__orderDt' is: '12/05/2020'

2020-05-12 23:15:04 - [TEST_STEP][PASSED] - verifyMatch(GetEnteredDt, TodayDate, true): Actual text '12/05/2020' and expected text '12/05/2020' are matched  using regular expression

2020-05-12 23:15:04 - [MESSAGE][PASSED] - Actual text '12/05/2020' and expected text '12/05/2020' are matched  using regular expression

2020-05-12 23:15:04 - [MESSAGE][PASSED] - Call Test Case 'Test Cases/Components/00_Precision and Scale/DateValidation' successfully

2020-05-12 23:15:04 - [TEST_STEP][PASSED] - callTestCase(findTestCase("Components/00_Precision and Scale/DateValidation"), ["LblNm":"Inspection D2 Compliance Date *:", "FldNm":"d2ComplDt", "index":2, "MinLen":6, "PastDtValidation":"N"], STOP_ON_FAILURE): Call Test Case 'Test Cases/Components/00_Precision and Scale/DateValidation' successfully

2020-05-12 23:15:04 - [TEST_CASE][PASSED] - Test Cases/Components/00_Precision and Scale/DateValidation: Test Cases/Components/00_Precision and Scale/DateValidation

2020-05-12 23:15:04 - [TEST_STEP][PASSED] - Thread.sleep(3000): null

2020-05-12 23:15:07 - [TEST_STEP][PASSED] - date = new java.util.Date(): null

2020-05-12 23:15:07 - [TEST_STEP][PASSED] - CurrentDate = new java.text.SimpleDateFormat(dd/MM/yyyy): null

2020-05-12 23:15:07 - [TEST_STEP][PASSED] - TodayDate = CurrentDate.format(date): null

2020-05-12 23:15:07 - [TEST_STEP][PASSED] - Alphabetic = z).join(): null

2020-05-12 23:15:07 - [TEST_STEP][PASSED] - Numeric = 9).join(): null

2020-05-12 23:15:07 - [TEST_STEP][PASSED] - SpecialChar = "`~!@#$%^&*()-=+_{}|\][;'":,.?><"": null

2020-05-12 23:15:07 - [TEST_STEP][PASSED] - RandomAlpha = RandomStringUtils.random(MinLen, Alphabetic.toCharArray()): null

2020-05-12 23:15:07 - [TEST_STEP][PASSED] - RandomNumeric = RandomStringUtils.random(MinLen, Numeric): null

2020-05-12 23:15:07 - [TEST_STEP][PASSED] - RdmSpChar = RandomStringUtils.random(MinLen, SpecialChar): null

2020-05-12 23:15:07 - [TEST_STEP][PASSED] - NewLblNm = modifyObjectProperty(findTestObject("Objects.DateValidation/Page_ISPS2/label_Name"), "text", "equals", LblNm, true): Modify property of object successfully

2020-05-12 23:15:07 - [MESSAGE][PASSED] - Modify property of object successfully

2020-05-12 23:15:07 - [TEST_STEP][PASSED] - TodayBtn = modifyObjectProperty(findTestObject("Object Repository/Objects.DateValidation/Page_ISPS2/a_Today"), "xpath", "equals", "(//*[text() = 'Today'])[" + index + "]", true): Modify property of object successfully

2020-05-12 23:15:07 - [MESSAGE][PASSED] - Modify property of object successfully

2020-05-12 23:15:07 - [TEST_STEP][PASSED] - com.reusableComponents.HighlightElement.run(NewLblNm): com.reusableComponents.HighlightElement.run is PASSED

2020-05-12 23:15:08 - [MESSAGE][PASSED] - com.reusableComponents.HighlightElement.run is PASSED

2020-05-12 23:15:08 - [TEST_STEP][PASSED] - DateFieldNm = modifyObjectProperty(findTestObject("Object Repository/Objects.DateValidation/Page_ISPS2/input__orderDt"), "name", "equals", FldNm, true): Modify property of object successfully

2020-05-12 23:15:08 - [MESSAGE][PASSED] - Modify property of object successfully

2020-05-12 23:15:08 - [TEST_STEP][PASSED] - com.reusableComponents.HighlightElement.run(DateFieldNm): com.reusableComponents.HighlightElement.run is PASSED

2020-05-12 23:15:08 - [MESSAGE][PASSED] - com.reusableComponents.HighlightElement.run is PASSED

2020-05-12 23:15:08 - [TEST_STEP][PASSED] - focus(DateFieldNm): Object: 'Object Repository/Objects.DateValidation/Page_ISPS2/input__orderDt' is focused

2020-05-12 23:15:09 - [MESSAGE][PASSED] - Object: 'Object Repository/Objects.DateValidation/Page_ISPS2/input__orderDt' is focused

2020-05-12 23:15:09 - [TEST_STEP][PASSED] - DefaultValue = getAttribute(DateFieldNm, "value", STOP_ON_FAILURE): Attribute 'value' of object 'Object Repository/Objects.DateValidation/Page_ISPS2/input__orderDt' is: ''

2020-05-12 23:15:09 - [MESSAGE][PASSED] - Attribute 'value' of object 'Object Repository/Objects.DateValidation/Page_ISPS2/input__orderDt' is: ''

2020-05-12 23:15:09 - [TEST_STEP][PASSED] - verifyMatch(DefaultValue, "", true): Actual text '' and expected text '' are matched  using regular expression

2020-05-12 23:15:09 - [MESSAGE][PASSED] - Actual text '' and expected text '' are matched  using regular expression

2020-05-12 23:15:09 - [TEST_STEP][PASSED] - setText(DateFieldNm, RandomAlpha): Text 'XoIlCL' is set on object 'Object Repository/Objects.DateValidation/Page_ISPS2/input__orderDt'

2020-05-12 23:15:09 - [MESSAGE][PASSED] - Text 'XoIlCL' is set on object 'Object Repository/Objects.DateValidation/Page_ISPS2/input__orderDt'

2020-05-12 23:15:09 - [TEST_STEP][PASSED] - getInputAlpha = getAttribute(DateFieldNm, "value", STOP_ON_FAILURE): Attribute 'value' of object 'Object Repository/Objects.DateValidation/Page_ISPS2/input__orderDt' is: ''

2020-05-12 23:15:09 - [MESSAGE][PASSED] - Attribute 'value' of object 'Object Repository/Objects.DateValidation/Page_ISPS2/input__orderDt' is: ''

2020-05-12 23:15:09 - [TEST_STEP][PASSED] - verifyMatch("", getInputAlpha, true, STOP_ON_FAILURE): Actual text '' and expected text '' are matched  using regular expression

2020-05-12 23:15:09 - [MESSAGE][PASSED] - Actual text '' and expected text '' are matched  using regular expression

2020-05-12 23:15:09 - [TEST_STEP][PASSED] - delay(5): Delayed 5 second(s)

2020-05-12 23:15:14 - [MESSAGE][PASSED] - Delayed 5 second(s)

2020-05-12 23:15:14 - [TEST_STEP][PASSED] - setText(DateFieldNm, RdmSpChar): Text '(~@*""' is set on object 'Object Repository/Objects.DateValidation/Page_ISPS2/input__orderDt'

2020-05-12 23:15:15 - [MESSAGE][PASSED] - Text '(~@*""' is set on object 'Object Repository/Objects.DateValidation/Page_ISPS2/input__orderDt'

2020-05-12 23:15:15 - [TEST_STEP][PASSED] - getInputSpecialChar = getAttribute(DateFieldNm, "value", STOP_ON_FAILURE): Attribute 'value' of object 'Object Repository/Objects.DateValidation/Page_ISPS2/input__orderDt' is: ''

2020-05-12 23:15:15 - [MESSAGE][PASSED] - Attribute 'value' of object 'Object Repository/Objects.DateValidation/Page_ISPS2/input__orderDt' is: ''

2020-05-12 23:15:15 - [TEST_STEP][PASSED] - verifyMatch("", getInputSpecialChar, true, STOP_ON_FAILURE): Actual text '' and expected text '' are matched  using regular expression

2020-05-12 23:15:15 - [MESSAGE][PASSED] - Actual text '' and expected text '' are matched  using regular expression

2020-05-12 23:15:15 - [TEST_STEP][PASSED] - delay(5): Delayed 5 second(s)

2020-05-12 23:15:20 - [MESSAGE][PASSED] - Delayed 5 second(s)

2020-05-12 23:15:20 - [TEST_STEP][PASSED] - setText(DateFieldNm, RandomNumeric): Text '761262' is set on object 'Object Repository/Objects.DateValidation/Page_ISPS2/input__orderDt'

2020-05-12 23:15:20 - [MESSAGE][PASSED] - Text '761262' is set on object 'Object Repository/Objects.DateValidation/Page_ISPS2/input__orderDt'

2020-05-12 23:15:20 - [TEST_STEP][PASSED] - getInputInvalidDate = getAttribute(findTestObject("Objects.DateValidation/Page_ISPS2/tooltipErrMsgInvalidDate"), "value", STOP_ON_FAILURE): Attribute 'value' of object 'Object Repository/Objects.DateValidation/Page_ISPS2/tooltipErrMsgInvalidDate' is: '761262'

2020-05-12 23:15:21 - [MESSAGE][PASSED] - Attribute 'value' of object 'Object Repository/Objects.DateValidation/Page_ISPS2/tooltipErrMsgInvalidDate' is: '761262'

2020-05-12 23:15:21 - [TEST_STEP][PASSED] - mouseOver(findTestObject("Objects.DateValidation/Page_ISPS2/tooltipErrMsgInvalidDate"), STOP_ON_FAILURE): Object: 'Object Repository/Objects.DateValidation/Page_ISPS2/tooltipErrMsgInvalidDate' is hovered

2020-05-12 23:15:21 - [MESSAGE][PASSED] - Object: 'Object Repository/Objects.DateValidation/Page_ISPS2/tooltipErrMsgInvalidDate' is hovered

2020-05-12 23:15:21 - [TEST_STEP][PASSED] - getErrMsg = getAttribute(findTestObject("Objects.DateValidation/Page_ISPS2/tooltipErrMsgInvalidDate"), "data-errorqtip", STOP_ON_FAILURE): Attribute 'data-errorqtip' of object 'Object Repository/Objects.DateValidation/Page_ISPS2/tooltipErrMsgInvalidDate' is: '<ul class="x-list-plain"><li>761262 is not a valid date - it must be in the format d/m/Y</li></ul>'

2020-05-12 23:15:21 - [MESSAGE][PASSED] - Attribute 'data-errorqtip' of object 'Object Repository/Objects.DateValidation/Page_ISPS2/tooltipErrMsgInvalidDate' is: '<ul class="x-list-plain"><li>761262 is not a valid date - it must be in the format d/m/Y</li></ul>'

2020-05-12 23:15:21 - [TEST_STEP][PASSED] - if (getErrMsg.contains("Start")): null

2020-05-12 23:15:21 - [TEST_STEP][PASSED] - else: Actual text '761262 is not a valid date - it must be in the format d/m/Y' and expected text '761262 is not a valid date - it must be in the format d/m/Y' are matched  using regular expression

2020-05-12 23:15:21 - [TEST_STEP][PASSED] - getTotalLength = getErrMsg.length(): null

2020-05-12 23:15:21 - [TEST_STEP][PASSED] - RemoveULClass = getErrMsg.substring(29, getTotalLength): null

2020-05-12 23:15:21 - [TEST_STEP][PASSED] - LengthNoUlClass = RemoveULClass.length() - 10: null

2020-05-12 23:15:21 - [TEST_STEP][PASSED] - ToolTipInvErrMsg = RemoveULClass.substring(0, LengthNoUlClass): null

2020-05-12 23:15:21 - [TEST_STEP][PASSED] - ExpectedInvalidErrMsg = concatenate(getInputInvalidDate, " ", NotValidDt): Concatenated string array: '['761262',' ','is not a valid date - it must be in the format d/m/Y']' into '761262 is not a valid date - it must be in the format d/m/Y'

2020-05-12 23:15:21 - [MESSAGE][PASSED] - Concatenated string array: '['761262',' ','is not a valid date - it must be in the format d/m/Y']' into '761262 is not a valid date - it must be in the format d/m/Y'

2020-05-12 23:15:21 - [TEST_STEP][PASSED] - verifyMatch(ToolTipInvErrMsg, ExpectedInvalidErrMsg, true): Actual text '761262 is not a valid date - it must be in the format d/m/Y' and expected text '761262 is not a valid date - it must be in the format d/m/Y' are matched  using regular expression

2020-05-12 23:15:21 - [MESSAGE][PASSED] - Actual text '761262 is not a valid date - it must be in the format d/m/Y' and expected text '761262 is not a valid date - it must be in the format d/m/Y' are matched  using regular expression

2020-05-12 23:15:21 - [TEST_STEP][PASSED] - sendKeys(DateFieldNm, Keys.chord(ARROW_LEFT)): Keys 'LEFT + ' sent to object: 'Object Repository/Objects.DateValidation/Page_ISPS2/input__orderDt'

2020-05-12 23:15:22 - [MESSAGE][PASSED] - Keys 'LEFT + ' sent to object: 'Object Repository/Objects.DateValidation/Page_ISPS2/input__orderDt'

2020-05-12 23:15:22 - [TEST_STEP][PASSED] - sendKeys(DateFieldNm, Keys.chord(LEFT_CONTROL, "a")): Keys 'CONTROL + a' sent to object: 'Object Repository/Objects.DateValidation/Page_ISPS2/input__orderDt'

2020-05-12 23:15:22 - [MESSAGE][PASSED] - Keys 'CONTROL + a' sent to object: 'Object Repository/Objects.DateValidation/Page_ISPS2/input__orderDt'

2020-05-12 23:15:22 - [TEST_STEP][PASSED] - sendKeys(DateFieldNm, Keys.chord(BACK_SPACE)): Keys 'BACK_SPACE + ' sent to object: 'Object Repository/Objects.DateValidation/Page_ISPS2/input__orderDt'

2020-05-12 23:15:23 - [MESSAGE][PASSED] - Keys 'BACK_SPACE + ' sent to object: 'Object Repository/Objects.DateValidation/Page_ISPS2/input__orderDt'

2020-05-12 23:15:23 - [TEST_STEP][PASSED] - delay(5): Delayed 5 second(s)

2020-05-12 23:15:28 - [MESSAGE][PASSED] - Delayed 5 second(s)

2020-05-12 23:15:28 - [TEST_STEP][PASSED] - setText(DateFieldNm, TodayDate): Text '12/05/2020' is set on object 'Object Repository/Objects.DateValidation/Page_ISPS2/input__orderDt'

2020-05-12 23:15:28 - [MESSAGE][PASSED] - Text '12/05/2020' is set on object 'Object Repository/Objects.DateValidation/Page_ISPS2/input__orderDt'

2020-05-12 23:15:28 - [TEST_STEP][PASSED] - verifyElementNotPresent(findTestObject("Objects.DateValidation/Page_ISPS2/tooltipReqErrMsg"), 0): Web element with id: 'Object Repository/Objects.DateValidation/Page_ISPS2/tooltipReqErrMsg' located by 'By.xpath: //input[contains(@data-errorqtip, 'required') and @name = 'eotFromDate']' is not present after '30' second(s)

2020-05-12 23:15:28 - [MESSAGE][WARNING] - Timeout '0' is invalid. Using default page load timeout: '30'

2020-05-12 23:15:28 - [MESSAGE][PASSED] - Web element with id: 'Object Repository/Objects.DateValidation/Page_ISPS2/tooltipReqErrMsg' located by 'By.xpath: //input[contains(@data-errorqtip, 'required') and @name = 'eotFromDate']' is not present after '30' second(s)

2020-05-12 23:15:28 - [TEST_STEP][PASSED] - sendKeys(DateFieldNm, Keys.chord(ARROW_LEFT)): Keys 'LEFT + ' sent to object: 'Object Repository/Objects.DateValidation/Page_ISPS2/input__orderDt'

2020-05-12 23:15:29 - [MESSAGE][PASSED] - Keys 'LEFT + ' sent to object: 'Object Repository/Objects.DateValidation/Page_ISPS2/input__orderDt'

2020-05-12 23:15:29 - [TEST_STEP][PASSED] - sendKeys(DateFieldNm, Keys.chord(LEFT_CONTROL, "a")): Keys 'CONTROL + a' sent to object: 'Object Repository/Objects.DateValidation/Page_ISPS2/input__orderDt'

2020-05-12 23:15:29 - [MESSAGE][PASSED] - Keys 'CONTROL + a' sent to object: 'Object Repository/Objects.DateValidation/Page_ISPS2/input__orderDt'

2020-05-12 23:15:29 - [TEST_STEP][PASSED] - sendKeys(DateFieldNm, Keys.chord(BACK_SPACE)): Keys 'BACK_SPACE + ' sent to object: 'Object Repository/Objects.DateValidation/Page_ISPS2/input__orderDt'

2020-05-12 23:15:29 - [MESSAGE][PASSED] - Keys 'BACK_SPACE + ' sent to object: 'Object Repository/Objects.DateValidation/Page_ISPS2/input__orderDt'

2020-05-12 23:15:29 - [TEST_STEP][PASSED] - delay(5): Delayed 5 second(s)

2020-05-12 23:15:34 - [MESSAGE][PASSED] - Delayed 5 second(s)

2020-05-12 23:15:34 - [TEST_STEP][PASSED] - focus(DateFieldNm): Object: 'Object Repository/Objects.DateValidation/Page_ISPS2/input__orderDt' is focused

2020-05-12 23:15:34 - [MESSAGE][PASSED] - Object: 'Object Repository/Objects.DateValidation/Page_ISPS2/input__orderDt' is focused

2020-05-12 23:15:34 - [TEST_STEP][PASSED] - mouseOver(DateFieldNm): Object: 'Object Repository/Objects.DateValidation/Page_ISPS2/input__orderDt' is hovered

2020-05-12 23:15:35 - [MESSAGE][PASSED] - Object: 'Object Repository/Objects.DateValidation/Page_ISPS2/input__orderDt' is hovered

2020-05-12 23:15:35 - [TEST_STEP][PASSED] - getRqErrMsg = getAttribute(DateFieldNm, "data-errorqtip", STOP_ON_FAILURE): Attribute 'data-errorqtip' of object 'Object Repository/Objects.DateValidation/Page_ISPS2/input__orderDt' is: '<ul class="x-list-plain"><li>This field is required</li></ul>'

2020-05-12 23:15:35 - [MESSAGE][PASSED] - Attribute 'data-errorqtip' of object 'Object Repository/Objects.DateValidation/Page_ISPS2/input__orderDt' is: '<ul class="x-list-plain"><li>This field is required</li></ul>'

2020-05-12 23:15:35 - [TEST_STEP][PASSED] - strToolTip = getRqErrMsg.substring(29, 61): null

2020-05-12 23:15:35 - [TEST_STEP][PASSED] - toolTipReqErrMsg = strToolTip.substring(0, 22): null

2020-05-12 23:15:35 - [TEST_STEP][PASSED] - verifyMatch(toolTipReqErrMsg, RqField, true, STOP_ON_FAILURE): Actual text 'This field is required' and expected text 'This field is required' are matched  using regular expression

2020-05-12 23:15:35 - [MESSAGE][PASSED] - Actual text 'This field is required' and expected text 'This field is required' are matched  using regular expression

2020-05-12 23:15:35 - [TEST_STEP][PASSED] - if (PastDtValidation == "Y"): null

2020-05-12 23:15:35 - [TEST_STEP][PASSED] - sendKeys(DateFieldNm, Keys.chord(ARROW_DOWN)): Keys 'DOWN + ' sent to object: 'Object Repository/Objects.DateValidation/Page_ISPS2/input__orderDt'

2020-05-12 23:15:35 - [MESSAGE][PASSED] - Keys 'DOWN + ' sent to object: 'Object Repository/Objects.DateValidation/Page_ISPS2/input__orderDt'

2020-05-12 23:15:35 - [TEST_STEP][PASSED] - com.reusableComponents.HighlightElement.run(TodayBtn): com.reusableComponents.HighlightElement.run is PASSED

2020-05-12 23:15:36 - [MESSAGE][PASSED] - com.reusableComponents.HighlightElement.run is PASSED

2020-05-12 23:15:36 - [TEST_STEP][PASSED] - click(TodayBtn): Object: 'Object Repository/Objects.DateValidation/Page_ISPS2/a_Today' is clicked on

2020-05-12 23:15:36 - [MESSAGE][PASSED] - Object: 'Object Repository/Objects.DateValidation/Page_ISPS2/a_Today' is clicked on

2020-05-12 23:15:36 - [TEST_STEP][PASSED] - GetEnteredDt = getAttribute(DateFieldNm, "value", STOP_ON_FAILURE): Attribute 'value' of object 'Object Repository/Objects.DateValidation/Page_ISPS2/input__orderDt' is: '12/05/2020'

2020-05-12 23:15:37 - [MESSAGE][PASSED] - Attribute 'value' of object 'Object Repository/Objects.DateValidation/Page_ISPS2/input__orderDt' is: '12/05/2020'

2020-05-12 23:15:37 - [TEST_STEP][PASSED] - verifyMatch(GetEnteredDt, TodayDate, true): Actual text '12/05/2020' and expected text '12/05/2020' are matched  using regular expression

2020-05-12 23:15:37 - [MESSAGE][PASSED] - Actual text '12/05/2020' and expected text '12/05/2020' are matched  using regular expression

2020-05-12 23:15:37 - [MESSAGE][PASSED] - Call Test Case 'Test Cases/Components/00_Precision and Scale/DateValidation' successfully

2020-05-12 23:15:37 - [TEST_STEP][PASSED] - callTestCase(findTestCase("Components/00_Precision and Scale/DateValidation"), ["LblNm":"Inspection D2a Receive Date *:", "FldNm":"d2aRecvDt", "index":3, "MinLen":9, "PastDtValidation":"N"], STOP_ON_FAILURE): Call Test Case 'Test Cases/Components/00_Precision and Scale/DateValidation' successfully

2020-05-12 23:15:37 - [TEST_CASE][PASSED] - Test Cases/Components/00_Precision and Scale/DateValidation: Test Cases/Components/00_Precision and Scale/DateValidation

2020-05-12 23:15:37 - [TEST_STEP][PASSED] - Thread.sleep(3000): null

2020-05-12 23:15:40 - [TEST_STEP][PASSED] - date = new java.util.Date(): null

2020-05-12 23:15:40 - [TEST_STEP][PASSED] - CurrentDate = new java.text.SimpleDateFormat(dd/MM/yyyy): null

2020-05-12 23:15:40 - [TEST_STEP][PASSED] - TodayDate = CurrentDate.format(date): null

2020-05-12 23:15:40 - [TEST_STEP][PASSED] - Alphabetic = z).join(): null

2020-05-12 23:15:40 - [TEST_STEP][PASSED] - Numeric = 9).join(): null

2020-05-12 23:15:40 - [TEST_STEP][PASSED] - SpecialChar = "`~!@#$%^&*()-=+_{}|\][;'":,.?><"": null

2020-05-12 23:15:40 - [TEST_STEP][PASSED] - RandomAlpha = RandomStringUtils.random(MinLen, Alphabetic.toCharArray()): null

2020-05-12 23:15:40 - [TEST_STEP][PASSED] - RandomNumeric = RandomStringUtils.random(MinLen, Numeric): null

2020-05-12 23:15:40 - [TEST_STEP][PASSED] - RdmSpChar = RandomStringUtils.random(MinLen, SpecialChar): null

2020-05-12 23:15:40 - [TEST_STEP][PASSED] - NewLblNm = modifyObjectProperty(findTestObject("Objects.DateValidation/Page_ISPS2/label_Name"), "text", "equals", LblNm, true): Modify property of object successfully

2020-05-12 23:15:40 - [MESSAGE][PASSED] - Modify property of object successfully

2020-05-12 23:15:40 - [TEST_STEP][PASSED] - TodayBtn = modifyObjectProperty(findTestObject("Object Repository/Objects.DateValidation/Page_ISPS2/a_Today"), "xpath", "equals", "(//*[text() = 'Today'])[" + index + "]", true): Modify property of object successfully

2020-05-12 23:15:40 - [MESSAGE][PASSED] - Modify property of object successfully

2020-05-12 23:15:40 - [TEST_STEP][PASSED] - com.reusableComponents.HighlightElement.run(NewLblNm): com.reusableComponents.HighlightElement.run is PASSED

2020-05-12 23:15:41 - [MESSAGE][PASSED] - com.reusableComponents.HighlightElement.run is PASSED

2020-05-12 23:15:41 - [TEST_STEP][PASSED] - DateFieldNm = modifyObjectProperty(findTestObject("Object Repository/Objects.DateValidation/Page_ISPS2/input__orderDt"), "name", "equals", FldNm, true): Modify property of object successfully

2020-05-12 23:15:41 - [MESSAGE][PASSED] - Modify property of object successfully

2020-05-12 23:15:41 - [TEST_STEP][PASSED] - com.reusableComponents.HighlightElement.run(DateFieldNm): com.reusableComponents.HighlightElement.run is PASSED

2020-05-12 23:15:41 - [MESSAGE][PASSED] - com.reusableComponents.HighlightElement.run is PASSED

2020-05-12 23:15:41 - [TEST_STEP][PASSED] - focus(DateFieldNm): Object: 'Object Repository/Objects.DateValidation/Page_ISPS2/input__orderDt' is focused

2020-05-12 23:15:42 - [MESSAGE][PASSED] - Object: 'Object Repository/Objects.DateValidation/Page_ISPS2/input__orderDt' is focused

2020-05-12 23:15:42 - [TEST_STEP][PASSED] - DefaultValue = getAttribute(DateFieldNm, "value", STOP_ON_FAILURE): Attribute 'value' of object 'Object Repository/Objects.DateValidation/Page_ISPS2/input__orderDt' is: ''

2020-05-12 23:15:42 - [MESSAGE][PASSED] - Attribute 'value' of object 'Object Repository/Objects.DateValidation/Page_ISPS2/input__orderDt' is: ''

2020-05-12 23:15:42 - [TEST_STEP][PASSED] - verifyMatch(DefaultValue, "", true): Actual text '' and expected text '' are matched  using regular expression

2020-05-12 23:15:42 - [MESSAGE][PASSED] - Actual text '' and expected text '' are matched  using regular expression

2020-05-12 23:15:42 - [TEST_STEP][PASSED] - setText(DateFieldNm, RandomAlpha): Text 'rfKkUJgaL' is set on object 'Object Repository/Objects.DateValidation/Page_ISPS2/input__orderDt'

2020-05-12 23:15:42 - [MESSAGE][PASSED] - Text 'rfKkUJgaL' is set on object 'Object Repository/Objects.DateValidation/Page_ISPS2/input__orderDt'

2020-05-12 23:15:42 - [TEST_STEP][PASSED] - getInputAlpha = getAttribute(DateFieldNm, "value", STOP_ON_FAILURE): Attribute 'value' of object 'Object Repository/Objects.DateValidation/Page_ISPS2/input__orderDt' is: ''

2020-05-12 23:15:43 - [MESSAGE][PASSED] - Attribute 'value' of object 'Object Repository/Objects.DateValidation/Page_ISPS2/input__orderDt' is: ''

2020-05-12 23:15:43 - [TEST_STEP][PASSED] - verifyMatch("", getInputAlpha, true, STOP_ON_FAILURE): Actual text '' and expected text '' are matched  using regular expression

2020-05-12 23:15:43 - [MESSAGE][PASSED] - Actual text '' and expected text '' are matched  using regular expression

2020-05-12 23:15:43 - [TEST_STEP][PASSED] - delay(5): Delayed 5 second(s)

2020-05-12 23:15:48 - [MESSAGE][PASSED] - Delayed 5 second(s)

2020-05-12 23:15:48 - [TEST_STEP][PASSED] - setText(DateFieldNm, RdmSpChar): Text ''?=]<@$"*' is set on object 'Object Repository/Objects.DateValidation/Page_ISPS2/input__orderDt'

2020-05-12 23:15:48 - [MESSAGE][PASSED] - Text ''?=]<@$"*' is set on object 'Object Repository/Objects.DateValidation/Page_ISPS2/input__orderDt'

2020-05-12 23:15:48 - [TEST_STEP][PASSED] - getInputSpecialChar = getAttribute(DateFieldNm, "value", STOP_ON_FAILURE): Attribute 'value' of object 'Object Repository/Objects.DateValidation/Page_ISPS2/input__orderDt' is: ''

2020-05-12 23:15:48 - [MESSAGE][PASSED] - Attribute 'value' of object 'Object Repository/Objects.DateValidation/Page_ISPS2/input__orderDt' is: ''

2020-05-12 23:15:48 - [TEST_STEP][PASSED] - verifyMatch("", getInputSpecialChar, true, STOP_ON_FAILURE): Actual text '' and expected text '' are matched  using regular expression

2020-05-12 23:15:48 - [MESSAGE][PASSED] - Actual text '' and expected text '' are matched  using regular expression

2020-05-12 23:15:48 - [TEST_STEP][PASSED] - delay(5): Delayed 5 second(s)

2020-05-12 23:15:53 - [MESSAGE][PASSED] - Delayed 5 second(s)

2020-05-12 23:15:53 - [TEST_STEP][PASSED] - setText(DateFieldNm, RandomNumeric): Text '086297010' is set on object 'Object Repository/Objects.DateValidation/Page_ISPS2/input__orderDt'

2020-05-12 23:15:53 - [MESSAGE][PASSED] - Text '086297010' is set on object 'Object Repository/Objects.DateValidation/Page_ISPS2/input__orderDt'

2020-05-12 23:15:53 - [TEST_STEP][PASSED] - getInputInvalidDate = getAttribute(findTestObject("Objects.DateValidation/Page_ISPS2/tooltipErrMsgInvalidDate"), "value", STOP_ON_FAILURE): Attribute 'value' of object 'Object Repository/Objects.DateValidation/Page_ISPS2/tooltipErrMsgInvalidDate' is: '086297010'

2020-05-12 23:15:55 - [MESSAGE][PASSED] - Attribute 'value' of object 'Object Repository/Objects.DateValidation/Page_ISPS2/tooltipErrMsgInvalidDate' is: '086297010'

2020-05-12 23:15:55 - [TEST_STEP][PASSED] - mouseOver(findTestObject("Objects.DateValidation/Page_ISPS2/tooltipErrMsgInvalidDate"), STOP_ON_FAILURE): Object: 'Object Repository/Objects.DateValidation/Page_ISPS2/tooltipErrMsgInvalidDate' is hovered

2020-05-12 23:15:55 - [MESSAGE][PASSED] - Object: 'Object Repository/Objects.DateValidation/Page_ISPS2/tooltipErrMsgInvalidDate' is hovered

2020-05-12 23:15:55 - [TEST_STEP][PASSED] - getErrMsg = getAttribute(findTestObject("Objects.DateValidation/Page_ISPS2/tooltipErrMsgInvalidDate"), "data-errorqtip", STOP_ON_FAILURE): Attribute 'data-errorqtip' of object 'Object Repository/Objects.DateValidation/Page_ISPS2/tooltipErrMsgInvalidDate' is: '<ul class="x-list-plain"><li>086297010 is not a valid date - it must be in the format d/m/Y</li></ul>'

2020-05-12 23:15:55 - [MESSAGE][PASSED] - Attribute 'data-errorqtip' of object 'Object Repository/Objects.DateValidation/Page_ISPS2/tooltipErrMsgInvalidDate' is: '<ul class="x-list-plain"><li>086297010 is not a valid date - it must be in the format d/m/Y</li></ul>'

2020-05-12 23:15:55 - [TEST_STEP][PASSED] - if (getErrMsg.contains("Start")): null

2020-05-12 23:15:55 - [TEST_STEP][PASSED] - else: Actual text '086297010 is not a valid date - it must be in the format d/m/Y' and expected text '086297010 is not a valid date - it must be in the format d/m/Y' are matched  using regular expression

2020-05-12 23:15:55 - [TEST_STEP][PASSED] - getTotalLength = getErrMsg.length(): null

2020-05-12 23:15:55 - [TEST_STEP][PASSED] - RemoveULClass = getErrMsg.substring(29, getTotalLength): null

2020-05-12 23:15:55 - [TEST_STEP][PASSED] - LengthNoUlClass = RemoveULClass.length() - 10: null

2020-05-12 23:15:55 - [TEST_STEP][PASSED] - ToolTipInvErrMsg = RemoveULClass.substring(0, LengthNoUlClass): null

2020-05-12 23:15:55 - [TEST_STEP][PASSED] - ExpectedInvalidErrMsg = concatenate(getInputInvalidDate, " ", NotValidDt): Concatenated string array: '['086297010',' ','is not a valid date - it must be in the format d/m/Y']' into '086297010 is not a valid date - it must be in the format d/m/Y'

2020-05-12 23:15:55 - [MESSAGE][PASSED] - Concatenated string array: '['086297010',' ','is not a valid date - it must be in the format d/m/Y']' into '086297010 is not a valid date - it must be in the format d/m/Y'

2020-05-12 23:15:55 - [TEST_STEP][PASSED] - verifyMatch(ToolTipInvErrMsg, ExpectedInvalidErrMsg, true): Actual text '086297010 is not a valid date - it must be in the format d/m/Y' and expected text '086297010 is not a valid date - it must be in the format d/m/Y' are matched  using regular expression

2020-05-12 23:15:55 - [MESSAGE][PASSED] - Actual text '086297010 is not a valid date - it must be in the format d/m/Y' and expected text '086297010 is not a valid date - it must be in the format d/m/Y' are matched  using regular expression

2020-05-12 23:15:55 - [TEST_STEP][PASSED] - sendKeys(DateFieldNm, Keys.chord(ARROW_LEFT)): Keys 'LEFT + ' sent to object: 'Object Repository/Objects.DateValidation/Page_ISPS2/input__orderDt'

2020-05-12 23:15:56 - [MESSAGE][PASSED] - Keys 'LEFT + ' sent to object: 'Object Repository/Objects.DateValidation/Page_ISPS2/input__orderDt'

2020-05-12 23:15:56 - [TEST_STEP][PASSED] - sendKeys(DateFieldNm, Keys.chord(LEFT_CONTROL, "a")): Keys 'CONTROL + a' sent to object: 'Object Repository/Objects.DateValidation/Page_ISPS2/input__orderDt'

2020-05-12 23:15:56 - [MESSAGE][PASSED] - Keys 'CONTROL + a' sent to object: 'Object Repository/Objects.DateValidation/Page_ISPS2/input__orderDt'

2020-05-12 23:15:56 - [TEST_STEP][PASSED] - sendKeys(DateFieldNm, Keys.chord(BACK_SPACE)): Keys 'BACK_SPACE + ' sent to object: 'Object Repository/Objects.DateValidation/Page_ISPS2/input__orderDt'

2020-05-12 23:15:56 - [MESSAGE][PASSED] - Keys 'BACK_SPACE + ' sent to object: 'Object Repository/Objects.DateValidation/Page_ISPS2/input__orderDt'

2020-05-12 23:15:56 - [TEST_STEP][PASSED] - delay(5): Delayed 5 second(s)

2020-05-12 23:16:01 - [MESSAGE][PASSED] - Delayed 5 second(s)

2020-05-12 23:16:01 - [TEST_STEP][PASSED] - setText(DateFieldNm, TodayDate): Text '12/05/2020' is set on object 'Object Repository/Objects.DateValidation/Page_ISPS2/input__orderDt'

2020-05-12 23:16:02 - [MESSAGE][PASSED] - Text '12/05/2020' is set on object 'Object Repository/Objects.DateValidation/Page_ISPS2/input__orderDt'

2020-05-12 23:16:02 - [TEST_STEP][PASSED] - verifyElementNotPresent(findTestObject("Objects.DateValidation/Page_ISPS2/tooltipReqErrMsg"), 0): Web element with id: 'Object Repository/Objects.DateValidation/Page_ISPS2/tooltipReqErrMsg' located by 'By.xpath: //input[contains(@data-errorqtip, 'required') and @name = 'eotFromDate']' is not present after '30' second(s)

2020-05-12 23:16:02 - [MESSAGE][WARNING] - Timeout '0' is invalid. Using default page load timeout: '30'

2020-05-12 23:16:02 - [MESSAGE][PASSED] - Web element with id: 'Object Repository/Objects.DateValidation/Page_ISPS2/tooltipReqErrMsg' located by 'By.xpath: //input[contains(@data-errorqtip, 'required') and @name = 'eotFromDate']' is not present after '30' second(s)

2020-05-12 23:16:02 - [TEST_STEP][PASSED] - sendKeys(DateFieldNm, Keys.chord(ARROW_LEFT)): Keys 'LEFT + ' sent to object: 'Object Repository/Objects.DateValidation/Page_ISPS2/input__orderDt'

2020-05-12 23:16:02 - [MESSAGE][PASSED] - Keys 'LEFT + ' sent to object: 'Object Repository/Objects.DateValidation/Page_ISPS2/input__orderDt'

2020-05-12 23:16:02 - [TEST_STEP][PASSED] - sendKeys(DateFieldNm, Keys.chord(LEFT_CONTROL, "a")): Keys 'CONTROL + a' sent to object: 'Object Repository/Objects.DateValidation/Page_ISPS2/input__orderDt'

2020-05-12 23:16:03 - [MESSAGE][PASSED] - Keys 'CONTROL + a' sent to object: 'Object Repository/Objects.DateValidation/Page_ISPS2/input__orderDt'

2020-05-12 23:16:03 - [TEST_STEP][PASSED] - sendKeys(DateFieldNm, Keys.chord(BACK_SPACE)): Keys 'BACK_SPACE + ' sent to object: 'Object Repository/Objects.DateValidation/Page_ISPS2/input__orderDt'

2020-05-12 23:16:03 - [MESSAGE][PASSED] - Keys 'BACK_SPACE + ' sent to object: 'Object Repository/Objects.DateValidation/Page_ISPS2/input__orderDt'

2020-05-12 23:16:03 - [TEST_STEP][PASSED] - delay(5): Delayed 5 second(s)

2020-05-12 23:16:08 - [MESSAGE][PASSED] - Delayed 5 second(s)

2020-05-12 23:16:08 - [TEST_STEP][PASSED] - focus(DateFieldNm): Object: 'Object Repository/Objects.DateValidation/Page_ISPS2/input__orderDt' is focused

2020-05-12 23:16:08 - [MESSAGE][PASSED] - Object: 'Object Repository/Objects.DateValidation/Page_ISPS2/input__orderDt' is focused

2020-05-12 23:16:08 - [TEST_STEP][PASSED] - mouseOver(DateFieldNm): Object: 'Object Repository/Objects.DateValidation/Page_ISPS2/input__orderDt' is hovered

2020-05-12 23:16:09 - [MESSAGE][PASSED] - Object: 'Object Repository/Objects.DateValidation/Page_ISPS2/input__orderDt' is hovered

2020-05-12 23:16:09 - [TEST_STEP][PASSED] - getRqErrMsg = getAttribute(DateFieldNm, "data-errorqtip", STOP_ON_FAILURE): Attribute 'data-errorqtip' of object 'Object Repository/Objects.DateValidation/Page_ISPS2/input__orderDt' is: '<ul class="x-list-plain"><li>This field is required</li></ul>'

2020-05-12 23:16:09 - [MESSAGE][PASSED] - Attribute 'data-errorqtip' of object 'Object Repository/Objects.DateValidation/Page_ISPS2/input__orderDt' is: '<ul class="x-list-plain"><li>This field is required</li></ul>'

2020-05-12 23:16:09 - [TEST_STEP][PASSED] - strToolTip = getRqErrMsg.substring(29, 61): null

2020-05-12 23:16:09 - [TEST_STEP][PASSED] - toolTipReqErrMsg = strToolTip.substring(0, 22): null

2020-05-12 23:16:09 - [TEST_STEP][PASSED] - verifyMatch(toolTipReqErrMsg, RqField, true, STOP_ON_FAILURE): Actual text 'This field is required' and expected text 'This field is required' are matched  using regular expression

2020-05-12 23:16:09 - [MESSAGE][PASSED] - Actual text 'This field is required' and expected text 'This field is required' are matched  using regular expression

2020-05-12 23:16:09 - [TEST_STEP][PASSED] - if (PastDtValidation == "Y"): null

2020-05-12 23:16:09 - [TEST_STEP][PASSED] - sendKeys(DateFieldNm, Keys.chord(ARROW_DOWN)): Keys 'DOWN + ' sent to object: 'Object Repository/Objects.DateValidation/Page_ISPS2/input__orderDt'

2020-05-12 23:16:09 - [MESSAGE][PASSED] - Keys 'DOWN + ' sent to object: 'Object Repository/Objects.DateValidation/Page_ISPS2/input__orderDt'

2020-05-12 23:16:09 - [TEST_STEP][PASSED] - com.reusableComponents.HighlightElement.run(TodayBtn): com.reusableComponents.HighlightElement.run is PASSED

2020-05-12 23:16:10 - [MESSAGE][PASSED] - com.reusableComponents.HighlightElement.run is PASSED

2020-05-12 23:16:10 - [TEST_STEP][PASSED] - click(TodayBtn): Object: 'Object Repository/Objects.DateValidation/Page_ISPS2/a_Today' is clicked on

2020-05-12 23:16:10 - [MESSAGE][PASSED] - Object: 'Object Repository/Objects.DateValidation/Page_ISPS2/a_Today' is clicked on

2020-05-12 23:16:10 - [TEST_STEP][PASSED] - GetEnteredDt = getAttribute(DateFieldNm, "value", STOP_ON_FAILURE): Attribute 'value' of object 'Object Repository/Objects.DateValidation/Page_ISPS2/input__orderDt' is: '12/05/2020'

2020-05-12 23:16:11 - [MESSAGE][PASSED] - Attribute 'value' of object 'Object Repository/Objects.DateValidation/Page_ISPS2/input__orderDt' is: '12/05/2020'

2020-05-12 23:16:11 - [TEST_STEP][PASSED] - verifyMatch(GetEnteredDt, TodayDate, true): Actual text '12/05/2020' and expected text '12/05/2020' are matched  using regular expression

2020-05-12 23:16:11 - [MESSAGE][PASSED] - Actual text '12/05/2020' and expected text '12/05/2020' are matched  using regular expression

2020-05-12 23:16:11 - [MESSAGE][PASSED] - Call Test Case 'Test Cases/Components/00_Precision and Scale/DateValidation' successfully

2020-05-12 23:16:11 - [TEST_STEP][PASSED] - callTestCase(findTestCase("Components/00_Precision and Scale/DateValidation"), ["LblNm":"Inspection D2a Compliance Date *:", "FldNm":"d2aComplDt", "index":4, "MinLen":12, "PastDtValidation":"N"], STOP_ON_FAILURE): Call Test Case 'Test Cases/Components/00_Precision and Scale/DateValidation' successfully

2020-05-12 23:16:11 - [TEST_CASE][PASSED] - Test Cases/Components/00_Precision and Scale/DateValidation: Test Cases/Components/00_Precision and Scale/DateValidation

2020-05-12 23:16:11 - [TEST_STEP][PASSED] - Thread.sleep(3000): null

2020-05-12 23:16:14 - [TEST_STEP][PASSED] - date = new java.util.Date(): null

2020-05-12 23:16:14 - [TEST_STEP][PASSED] - CurrentDate = new java.text.SimpleDateFormat(dd/MM/yyyy): null

2020-05-12 23:16:14 - [TEST_STEP][PASSED] - TodayDate = CurrentDate.format(date): null

2020-05-12 23:16:14 - [TEST_STEP][PASSED] - Alphabetic = z).join(): null

2020-05-12 23:16:14 - [TEST_STEP][PASSED] - Numeric = 9).join(): null

2020-05-12 23:16:14 - [TEST_STEP][PASSED] - SpecialChar = "`~!@#$%^&*()-=+_{}|\][;'":,.?><"": null

2020-05-12 23:16:14 - [TEST_STEP][PASSED] - RandomAlpha = RandomStringUtils.random(MinLen, Alphabetic.toCharArray()): null

2020-05-12 23:16:14 - [TEST_STEP][PASSED] - RandomNumeric = RandomStringUtils.random(MinLen, Numeric): null

2020-05-12 23:16:14 - [TEST_STEP][PASSED] - RdmSpChar = RandomStringUtils.random(MinLen, SpecialChar): null

2020-05-12 23:16:14 - [TEST_STEP][PASSED] - NewLblNm = modifyObjectProperty(findTestObject("Objects.DateValidation/Page_ISPS2/label_Name"), "text", "equals", LblNm, true): Modify property of object successfully

2020-05-12 23:16:14 - [MESSAGE][PASSED] - Modify property of object successfully

2020-05-12 23:16:14 - [TEST_STEP][PASSED] - TodayBtn = modifyObjectProperty(findTestObject("Object Repository/Objects.DateValidation/Page_ISPS2/a_Today"), "xpath", "equals", "(//*[text() = 'Today'])[" + index + "]", true): Modify property of object successfully

2020-05-12 23:16:14 - [MESSAGE][PASSED] - Modify property of object successfully

2020-05-12 23:16:14 - [TEST_STEP][PASSED] - com.reusableComponents.HighlightElement.run(NewLblNm): com.reusableComponents.HighlightElement.run is PASSED

2020-05-12 23:16:15 - [MESSAGE][PASSED] - com.reusableComponents.HighlightElement.run is PASSED

2020-05-12 23:16:15 - [TEST_STEP][PASSED] - DateFieldNm = modifyObjectProperty(findTestObject("Object Repository/Objects.DateValidation/Page_ISPS2/input__orderDt"), "name", "equals", FldNm, true): Modify property of object successfully

2020-05-12 23:16:15 - [MESSAGE][PASSED] - Modify property of object successfully

2020-05-12 23:16:15 - [TEST_STEP][PASSED] - com.reusableComponents.HighlightElement.run(DateFieldNm): com.reusableComponents.HighlightElement.run is PASSED

2020-05-12 23:16:15 - [MESSAGE][PASSED] - com.reusableComponents.HighlightElement.run is PASSED

2020-05-12 23:16:15 - [TEST_STEP][PASSED] - focus(DateFieldNm): Object: 'Object Repository/Objects.DateValidation/Page_ISPS2/input__orderDt' is focused

2020-05-12 23:16:16 - [MESSAGE][PASSED] - Object: 'Object Repository/Objects.DateValidation/Page_ISPS2/input__orderDt' is focused

2020-05-12 23:16:16 - [TEST_STEP][PASSED] - DefaultValue = getAttribute(DateFieldNm, "value", STOP_ON_FAILURE): Attribute 'value' of object 'Object Repository/Objects.DateValidation/Page_ISPS2/input__orderDt' is: ''

2020-05-12 23:16:16 - [MESSAGE][PASSED] - Attribute 'value' of object 'Object Repository/Objects.DateValidation/Page_ISPS2/input__orderDt' is: ''

2020-05-12 23:16:16 - [TEST_STEP][PASSED] - verifyMatch(DefaultValue, "", true): Actual text '' and expected text '' are matched  using regular expression

2020-05-12 23:16:16 - [MESSAGE][PASSED] - Actual text '' and expected text '' are matched  using regular expression

2020-05-12 23:16:16 - [TEST_STEP][PASSED] - setText(DateFieldNm, RandomAlpha): Text 'AYPRVDFNmMqW' is set on object 'Object Repository/Objects.DateValidation/Page_ISPS2/input__orderDt'

2020-05-12 23:16:16 - [MESSAGE][PASSED] - Text 'AYPRVDFNmMqW' is set on object 'Object Repository/Objects.DateValidation/Page_ISPS2/input__orderDt'

2020-05-12 23:16:16 - [TEST_STEP][PASSED] - getInputAlpha = getAttribute(DateFieldNm, "value", STOP_ON_FAILURE): Attribute 'value' of object 'Object Repository/Objects.DateValidation/Page_ISPS2/input__orderDt' is: ''

2020-05-12 23:16:16 - [MESSAGE][PASSED] - Attribute 'value' of object 'Object Repository/Objects.DateValidation/Page_ISPS2/input__orderDt' is: ''

2020-05-12 23:16:16 - [TEST_STEP][PASSED] - verifyMatch("", getInputAlpha, true, STOP_ON_FAILURE): Actual text '' and expected text '' are matched  using regular expression

2020-05-12 23:16:16 - [MESSAGE][PASSED] - Actual text '' and expected text '' are matched  using regular expression

2020-05-12 23:16:16 - [TEST_STEP][PASSED] - delay(5): Delayed 5 second(s)

2020-05-12 23:16:21 - [MESSAGE][PASSED] - Delayed 5 second(s)

2020-05-12 23:16:21 - [TEST_STEP][PASSED] - setText(DateFieldNm, RdmSpChar): Text '<-(="~+|+%#|' is set on object 'Object Repository/Objects.DateValidation/Page_ISPS2/input__orderDt'

2020-05-12 23:16:22 - [MESSAGE][PASSED] - Text '<-(="~+|+%#|' is set on object 'Object Repository/Objects.DateValidation/Page_ISPS2/input__orderDt'

2020-05-12 23:16:22 - [TEST_STEP][PASSED] - getInputSpecialChar = getAttribute(DateFieldNm, "value", STOP_ON_FAILURE): Attribute 'value' of object 'Object Repository/Objects.DateValidation/Page_ISPS2/input__orderDt' is: ''

2020-05-12 23:16:22 - [MESSAGE][PASSED] - Attribute 'value' of object 'Object Repository/Objects.DateValidation/Page_ISPS2/input__orderDt' is: ''

2020-05-12 23:16:22 - [TEST_STEP][PASSED] - verifyMatch("", getInputSpecialChar, true, STOP_ON_FAILURE): Actual text '' and expected text '' are matched  using regular expression

2020-05-12 23:16:22 - [MESSAGE][PASSED] - Actual text '' and expected text '' are matched  using regular expression

2020-05-12 23:16:22 - [TEST_STEP][PASSED] - delay(5): Delayed 5 second(s)

2020-05-12 23:16:27 - [MESSAGE][PASSED] - Delayed 5 second(s)

2020-05-12 23:16:27 - [TEST_STEP][PASSED] - setText(DateFieldNm, RandomNumeric): Text '101980361183' is set on object 'Object Repository/Objects.DateValidation/Page_ISPS2/input__orderDt'

2020-05-12 23:16:27 - [MESSAGE][PASSED] - Text '101980361183' is set on object 'Object Repository/Objects.DateValidation/Page_ISPS2/input__orderDt'

2020-05-12 23:16:27 - [TEST_STEP][PASSED] - getInputInvalidDate = getAttribute(findTestObject("Objects.DateValidation/Page_ISPS2/tooltipErrMsgInvalidDate"), "value", STOP_ON_FAILURE): Attribute 'value' of object 'Object Repository/Objects.DateValidation/Page_ISPS2/tooltipErrMsgInvalidDate' is: '101980361183'

2020-05-12 23:16:28 - [MESSAGE][PASSED] - Attribute 'value' of object 'Object Repository/Objects.DateValidation/Page_ISPS2/tooltipErrMsgInvalidDate' is: '101980361183'

2020-05-12 23:16:28 - [TEST_STEP][PASSED] - mouseOver(findTestObject("Objects.DateValidation/Page_ISPS2/tooltipErrMsgInvalidDate"), STOP_ON_FAILURE): Object: 'Object Repository/Objects.DateValidation/Page_ISPS2/tooltipErrMsgInvalidDate' is hovered

2020-05-12 23:16:28 - [MESSAGE][PASSED] - Object: 'Object Repository/Objects.DateValidation/Page_ISPS2/tooltipErrMsgInvalidDate' is hovered

2020-05-12 23:16:28 - [TEST_STEP][PASSED] - getErrMsg = getAttribute(findTestObject("Objects.DateValidation/Page_ISPS2/tooltipErrMsgInvalidDate"), "data-errorqtip", STOP_ON_FAILURE): Attribute 'data-errorqtip' of object 'Object Repository/Objects.DateValidation/Page_ISPS2/tooltipErrMsgInvalidDate' is: '<ul class="x-list-plain"><li>101980361183 is not a valid date - it must be in the format d/m/Y</li></ul>'

2020-05-12 23:16:28 - [MESSAGE][PASSED] - Attribute 'data-errorqtip' of object 'Object Repository/Objects.DateValidation/Page_ISPS2/tooltipErrMsgInvalidDate' is: '<ul class="x-list-plain"><li>101980361183 is not a valid date - it must be in the format d/m/Y</li></ul>'

2020-05-12 23:16:28 - [TEST_STEP][PASSED] - if (getErrMsg.contains("Start")): null

2020-05-12 23:16:28 - [TEST_STEP][PASSED] - else: Actual text '101980361183 is not a valid date - it must be in the format d/m/Y' and expected text '101980361183 is not a valid date - it must be in the format d/m/Y' are matched  using regular expression

2020-05-12 23:16:28 - [TEST_STEP][PASSED] - getTotalLength = getErrMsg.length(): null

2020-05-12 23:16:28 - [TEST_STEP][PASSED] - RemoveULClass = getErrMsg.substring(29, getTotalLength): null

2020-05-12 23:16:28 - [TEST_STEP][PASSED] - LengthNoUlClass = RemoveULClass.length() - 10: null

2020-05-12 23:16:28 - [TEST_STEP][PASSED] - ToolTipInvErrMsg = RemoveULClass.substring(0, LengthNoUlClass): null

2020-05-12 23:16:28 - [TEST_STEP][PASSED] - ExpectedInvalidErrMsg = concatenate(getInputInvalidDate, " ", NotValidDt): Concatenated string array: '['101980361183',' ','is not a valid date - it must be in the format d/m/Y']' into '101980361183 is not a valid date - it must be in the format d/m/Y'

2020-05-12 23:16:28 - [MESSAGE][PASSED] - Concatenated string array: '['101980361183',' ','is not a valid date - it must be in the format d/m/Y']' into '101980361183 is not a valid date - it must be in the format d/m/Y'

2020-05-12 23:16:28 - [TEST_STEP][PASSED] - verifyMatch(ToolTipInvErrMsg, ExpectedInvalidErrMsg, true): Actual text '101980361183 is not a valid date - it must be in the format d/m/Y' and expected text '101980361183 is not a valid date - it must be in the format d/m/Y' are matched  using regular expression

2020-05-12 23:16:28 - [MESSAGE][PASSED] - Actual text '101980361183 is not a valid date - it must be in the format d/m/Y' and expected text '101980361183 is not a valid date - it must be in the format d/m/Y' are matched  using regular expression

2020-05-12 23:16:28 - [TEST_STEP][PASSED] - sendKeys(DateFieldNm, Keys.chord(ARROW_LEFT)): Keys 'LEFT + ' sent to object: 'Object Repository/Objects.DateValidation/Page_ISPS2/input__orderDt'

2020-05-12 23:16:29 - [MESSAGE][PASSED] - Keys 'LEFT + ' sent to object: 'Object Repository/Objects.DateValidation/Page_ISPS2/input__orderDt'

2020-05-12 23:16:29 - [TEST_STEP][PASSED] - sendKeys(DateFieldNm, Keys.chord(LEFT_CONTROL, "a")): Keys 'CONTROL + a' sent to object: 'Object Repository/Objects.DateValidation/Page_ISPS2/input__orderDt'

2020-05-12 23:16:29 - [MESSAGE][PASSED] - Keys 'CONTROL + a' sent to object: 'Object Repository/Objects.DateValidation/Page_ISPS2/input__orderDt'

2020-05-12 23:16:29 - [TEST_STEP][PASSED] - sendKeys(DateFieldNm, Keys.chord(BACK_SPACE)): Keys 'BACK_SPACE + ' sent to object: 'Object Repository/Objects.DateValidation/Page_ISPS2/input__orderDt'

2020-05-12 23:16:29 - [MESSAGE][PASSED] - Keys 'BACK_SPACE + ' sent to object: 'Object Repository/Objects.DateValidation/Page_ISPS2/input__orderDt'

2020-05-12 23:16:29 - [TEST_STEP][PASSED] - delay(5): Delayed 5 second(s)

2020-05-12 23:16:34 - [MESSAGE][PASSED] - Delayed 5 second(s)

2020-05-12 23:16:34 - [TEST_STEP][PASSED] - setText(DateFieldNm, TodayDate): Text '12/05/2020' is set on object 'Object Repository/Objects.DateValidation/Page_ISPS2/input__orderDt'

2020-05-12 23:16:35 - [MESSAGE][PASSED] - Text '12/05/2020' is set on object 'Object Repository/Objects.DateValidation/Page_ISPS2/input__orderDt'

2020-05-12 23:16:35 - [TEST_STEP][PASSED] - verifyElementNotPresent(findTestObject("Objects.DateValidation/Page_ISPS2/tooltipReqErrMsg"), 0): Web element with id: 'Object Repository/Objects.DateValidation/Page_ISPS2/tooltipReqErrMsg' located by 'By.xpath: //input[contains(@data-errorqtip, 'required') and @name = 'eotFromDate']' is not present after '30' second(s)

2020-05-12 23:16:35 - [MESSAGE][WARNING] - Timeout '0' is invalid. Using default page load timeout: '30'

2020-05-12 23:16:35 - [MESSAGE][PASSED] - Web element with id: 'Object Repository/Objects.DateValidation/Page_ISPS2/tooltipReqErrMsg' located by 'By.xpath: //input[contains(@data-errorqtip, 'required') and @name = 'eotFromDate']' is not present after '30' second(s)

2020-05-12 23:16:35 - [TEST_STEP][PASSED] - sendKeys(DateFieldNm, Keys.chord(ARROW_LEFT)): Keys 'LEFT + ' sent to object: 'Object Repository/Objects.DateValidation/Page_ISPS2/input__orderDt'

2020-05-12 23:16:36 - [MESSAGE][PASSED] - Keys 'LEFT + ' sent to object: 'Object Repository/Objects.DateValidation/Page_ISPS2/input__orderDt'

2020-05-12 23:16:36 - [TEST_STEP][PASSED] - sendKeys(DateFieldNm, Keys.chord(LEFT_CONTROL, "a")): Keys 'CONTROL + a' sent to object: 'Object Repository/Objects.DateValidation/Page_ISPS2/input__orderDt'

2020-05-12 23:16:36 - [MESSAGE][PASSED] - Keys 'CONTROL + a' sent to object: 'Object Repository/Objects.DateValidation/Page_ISPS2/input__orderDt'

2020-05-12 23:16:36 - [TEST_STEP][PASSED] - sendKeys(DateFieldNm, Keys.chord(BACK_SPACE)): Keys 'BACK_SPACE + ' sent to object: 'Object Repository/Objects.DateValidation/Page_ISPS2/input__orderDt'

2020-05-12 23:16:36 - [MESSAGE][PASSED] - Keys 'BACK_SPACE + ' sent to object: 'Object Repository/Objects.DateValidation/Page_ISPS2/input__orderDt'

2020-05-12 23:16:36 - [TEST_STEP][PASSED] - delay(5): Delayed 5 second(s)

2020-05-12 23:16:41 - [MESSAGE][PASSED] - Delayed 5 second(s)

2020-05-12 23:16:41 - [TEST_STEP][PASSED] - focus(DateFieldNm): Object: 'Object Repository/Objects.DateValidation/Page_ISPS2/input__orderDt' is focused

2020-05-12 23:16:41 - [MESSAGE][PASSED] - Object: 'Object Repository/Objects.DateValidation/Page_ISPS2/input__orderDt' is focused

2020-05-12 23:16:41 - [TEST_STEP][PASSED] - mouseOver(DateFieldNm): Object: 'Object Repository/Objects.DateValidation/Page_ISPS2/input__orderDt' is hovered

2020-05-12 23:16:42 - [MESSAGE][PASSED] - Object: 'Object Repository/Objects.DateValidation/Page_ISPS2/input__orderDt' is hovered

2020-05-12 23:16:42 - [TEST_STEP][PASSED] - getRqErrMsg = getAttribute(DateFieldNm, "data-errorqtip", STOP_ON_FAILURE): Attribute 'data-errorqtip' of object 'Object Repository/Objects.DateValidation/Page_ISPS2/input__orderDt' is: '<ul class="x-list-plain"><li>This field is required</li></ul>'

2020-05-12 23:16:42 - [MESSAGE][PASSED] - Attribute 'data-errorqtip' of object 'Object Repository/Objects.DateValidation/Page_ISPS2/input__orderDt' is: '<ul class="x-list-plain"><li>This field is required</li></ul>'

2020-05-12 23:16:42 - [TEST_STEP][PASSED] - strToolTip = getRqErrMsg.substring(29, 61): null

2020-05-12 23:16:42 - [TEST_STEP][PASSED] - toolTipReqErrMsg = strToolTip.substring(0, 22): null

2020-05-12 23:16:42 - [TEST_STEP][PASSED] - verifyMatch(toolTipReqErrMsg, RqField, true, STOP_ON_FAILURE): Actual text 'This field is required' and expected text 'This field is required' are matched  using regular expression

2020-05-12 23:16:42 - [MESSAGE][PASSED] - Actual text 'This field is required' and expected text 'This field is required' are matched  using regular expression

2020-05-12 23:16:42 - [TEST_STEP][PASSED] - if (PastDtValidation == "Y"): null

2020-05-12 23:16:42 - [TEST_STEP][PASSED] - sendKeys(DateFieldNm, Keys.chord(ARROW_DOWN)): Keys 'DOWN + ' sent to object: 'Object Repository/Objects.DateValidation/Page_ISPS2/input__orderDt'

2020-05-12 23:16:42 - [MESSAGE][PASSED] - Keys 'DOWN + ' sent to object: 'Object Repository/Objects.DateValidation/Page_ISPS2/input__orderDt'

2020-05-12 23:16:42 - [TEST_STEP][PASSED] - com.reusableComponents.HighlightElement.run(TodayBtn): com.reusableComponents.HighlightElement.run is PASSED

2020-05-12 23:16:43 - [MESSAGE][PASSED] - com.reusableComponents.HighlightElement.run is PASSED

2020-05-12 23:16:43 - [TEST_STEP][PASSED] - click(TodayBtn): Object: 'Object Repository/Objects.DateValidation/Page_ISPS2/a_Today' is clicked on

2020-05-12 23:16:43 - [MESSAGE][PASSED] - Object: 'Object Repository/Objects.DateValidation/Page_ISPS2/a_Today' is clicked on

2020-05-12 23:16:43 - [TEST_STEP][PASSED] - GetEnteredDt = getAttribute(DateFieldNm, "value", STOP_ON_FAILURE): Attribute 'value' of object 'Object Repository/Objects.DateValidation/Page_ISPS2/input__orderDt' is: '12/05/2020'

2020-05-12 23:16:44 - [MESSAGE][PASSED] - Attribute 'value' of object 'Object Repository/Objects.DateValidation/Page_ISPS2/input__orderDt' is: '12/05/2020'

2020-05-12 23:16:44 - [TEST_STEP][PASSED] - verifyMatch(GetEnteredDt, TodayDate, true): Actual text '12/05/2020' and expected text '12/05/2020' are matched  using regular expression

2020-05-12 23:16:44 - [MESSAGE][PASSED] - Actual text '12/05/2020' and expected text '12/05/2020' are matched  using regular expression

2020-05-12 23:16:44 - [MESSAGE][PASSED] - Call Test Case 'Test Cases/Components/00_Precision and Scale/DateValidation' successfully

2020-05-12 23:16:44 - [TEST_STEP][PASSED] - callTestCase(findTestCase("Components/00_Precision and Scale/PEValidation"), ["LblNm":"PE Reference No *:", "FldNm":"peRegNbr", "EnterInvalidPE":"Zh&2", "PEEnabled":"Y", "PEName":"N", "RqdField":"Y", ... ], STOP_ON_FAILURE): Call Test Case 'Test Cases/Components/00_Precision and Scale/PEValidation' successfully

2020-05-12 23:16:44 - [TEST_CASE][PASSED] - Test Cases/Components/00_Precision and Scale/PEValidation: Test Cases/Components/00_Precision and Scale/PEValidation

2020-05-12 23:16:44 - [TEST_STEP][PASSED] - Thread.sleep(3000): null

2020-05-12 23:16:47 - [TEST_STEP][PASSED] - PEList = ["1002":"Dummy PE", "6789":"Test Name 1", "1140":"Test new", "1596":"Dummy QP", "1567":"TAN BOON NGEE", "1234":"ENG1"]: null

2020-05-12 23:16:47 - [TEST_STEP][PASSED] - NewInputNmField = modifyObjectProperty(findTestObject("Objects.NameValidation/input_FieldName"), "name", "equals", FldNm, true): Modify property of object successfully

2020-05-12 23:16:47 - [MESSAGE][PASSED] - Modify property of object successfully

2020-05-12 23:16:47 - [TEST_STEP][PASSED] - if (PEEnabled == "Y"): com.reusableComponents.HighlightElement.run is PASSED

2020-05-12 23:16:47 - [TEST_STEP][PASSED] - NewLblNmField = modifyObjectProperty(findTestObject("Objects.NameValidation/label_FieldName"), "text", "equals", LblNm, true): Modify property of object successfully

2020-05-12 23:16:47 - [MESSAGE][PASSED] - Modify property of object successfully

2020-05-12 23:16:47 - [TEST_STEP][PASSED] - com.reusableComponents.HighlightElement.run(NewLblNmField): com.reusableComponents.HighlightElement.run is PASSED

2020-05-12 23:16:48 - [MESSAGE][PASSED] - com.reusableComponents.HighlightElement.run is PASSED

2020-05-12 23:16:48 - [TEST_STEP][PASSED] - com.reusableComponents.HighlightElement.run(NewInputNmField): com.reusableComponents.HighlightElement.run is PASSED

2020-05-12 23:16:48 - [MESSAGE][PASSED] - com.reusableComponents.HighlightElement.run is PASSED

2020-05-12 23:16:48 - [TEST_STEP][PASSED] - focus(NewInputNmField): Object: 'Object Repository/Objects.NameValidation/input_FieldName' is focused

2020-05-12 23:16:49 - [MESSAGE][PASSED] - Object: 'Object Repository/Objects.NameValidation/input_FieldName' is focused

2020-05-12 23:16:49 - [TEST_STEP][PASSED] - GetValue = getAttribute(NewInputNmField, "value", STOP_ON_FAILURE): Attribute 'value' of object 'Object Repository/Objects.NameValidation/input_FieldName' is: ''

2020-05-12 23:16:49 - [MESSAGE][PASSED] - Attribute 'value' of object 'Object Repository/Objects.NameValidation/input_FieldName' is: ''

2020-05-12 23:16:49 - [TEST_STEP][PASSED] - verifyMatch(GetValue, "", true): Actual text '' and expected text '' are matched  using regular expression

2020-05-12 23:16:49 - [MESSAGE][PASSED] - Actual text '' and expected text '' are matched  using regular expression

2020-05-12 23:16:49 - [TEST_STEP][PASSED] - setText(NewInputNmField, EnterInvalidPE): Text 'Zh&2' is set on object 'Object Repository/Objects.NameValidation/input_FieldName'

2020-05-12 23:16:49 - [MESSAGE][PASSED] - Text 'Zh&2' is set on object 'Object Repository/Objects.NameValidation/input_FieldName'

2020-05-12 23:16:49 - [TEST_STEP][PASSED] - delay(5): Delayed 5 second(s)

2020-05-12 23:16:54 - [MESSAGE][PASSED] - Delayed 5 second(s)

2020-05-12 23:16:54 - [TEST_STEP][PASSED] - sendKeys(NewInputNmField, Keys.chord(ARROW_DOWN)): Keys 'DOWN + ' sent to object: 'Object Repository/Objects.NameValidation/input_FieldName'

2020-05-12 23:16:55 - [MESSAGE][PASSED] - Keys 'DOWN + ' sent to object: 'Object Repository/Objects.NameValidation/input_FieldName'

2020-05-12 23:16:55 - [TEST_STEP][PASSED] - sendKeys(NewInputNmField, Keys.chord(ENTER)): Keys 'ENTER + ' sent to object: 'Object Repository/Objects.NameValidation/input_FieldName'

2020-05-12 23:16:55 - [MESSAGE][PASSED] - Keys 'ENTER + ' sent to object: 'Object Repository/Objects.NameValidation/input_FieldName'

2020-05-12 23:16:55 - [TEST_STEP][PASSED] - GetValue = getAttribute(NewInputNmField, "value", STOP_ON_FAILURE): Attribute 'value' of object 'Object Repository/Objects.NameValidation/input_FieldName' is: 'Zh&2'

2020-05-12 23:16:55 - [MESSAGE][PASSED] - Attribute 'value' of object 'Object Repository/Objects.NameValidation/input_FieldName' is: 'Zh&2'

2020-05-12 23:16:55 - [TEST_STEP][PASSED] - if (PEList.containsKey(GetValue) == false): No matching qp found

2020-05-12 23:16:55 - [TEST_STEP][PASSED] - SearchValue = PEList.find({ -> ... }): null

2020-05-12 23:16:55 - [TEST_STEP][PASSED] - if (SearchValue == null): No matching qp found

2020-05-12 23:16:55 - [TEST_STEP][PASSED] - comment("No matching qp found"): No matching qp found

2020-05-12 23:16:55 - [MESSAGE][INFO] - No matching qp found

2020-05-12 23:16:55 - [TEST_STEP][PASSED] - sendKeys(NewInputNmField, Keys.chord(ARROW_LEFT)): Keys 'LEFT + ' sent to object: 'Object Repository/Objects.NameValidation/input_FieldName'

2020-05-12 23:16:55 - [MESSAGE][PASSED] - Keys 'LEFT + ' sent to object: 'Object Repository/Objects.NameValidation/input_FieldName'

2020-05-12 23:16:55 - [TEST_STEP][PASSED] - sendKeys(NewInputNmField, Keys.chord(LEFT_CONTROL, "a")): Keys 'CONTROL + a' sent to object: 'Object Repository/Objects.NameValidation/input_FieldName'

2020-05-12 23:16:56 - [MESSAGE][PASSED] - Keys 'CONTROL + a' sent to object: 'Object Repository/Objects.NameValidation/input_FieldName'

2020-05-12 23:16:56 - [TEST_STEP][PASSED] - sendKeys(NewInputNmField, Keys.chord(BACK_SPACE)): Keys 'BACK_SPACE + ' sent to object: 'Object Repository/Objects.NameValidation/input_FieldName'

2020-05-12 23:16:56 - [MESSAGE][PASSED] - Keys 'BACK_SPACE + ' sent to object: 'Object Repository/Objects.NameValidation/input_FieldName'

2020-05-12 23:16:56 - [TEST_STEP][PASSED] - if (RqdField == "Y"): Object: 'Object Repository/Objects.NameValidation/input_FieldName' is focused

2020-05-12 23:16:56 - [TEST_STEP][PASSED] - sendKeys(NewInputNmField, Keys.chord(TAB)): Keys 'TAB + ' sent to object: 'Object Repository/Objects.NameValidation/input_FieldName'

2020-05-12 23:16:56 - [MESSAGE][PASSED] - Keys 'TAB + ' sent to object: 'Object Repository/Objects.NameValidation/input_FieldName'

2020-05-12 23:16:56 - [TEST_STEP][PASSED] - mouseOver(findTestObject("Objects.NameValidation/RqFieldNm")): Object: 'Object Repository/Objects.NameValidation/RqFieldNm' is hovered

2020-05-12 23:16:57 - [MESSAGE][PASSED] - Object: 'Object Repository/Objects.NameValidation/RqFieldNm' is hovered

2020-05-12 23:16:57 - [TEST_STEP][PASSED] - getRqErrMsg = getAttribute(NewInputNmField, "data-errorqtip", STOP_ON_FAILURE): Attribute 'data-errorqtip' of object 'Object Repository/Objects.NameValidation/input_FieldName' is: '<ul class="x-list-plain"><li>This field is required</li></ul>'

2020-05-12 23:16:57 - [MESSAGE][PASSED] - Attribute 'data-errorqtip' of object 'Object Repository/Objects.NameValidation/input_FieldName' is: '<ul class="x-list-plain"><li>This field is required</li></ul>'

2020-05-12 23:16:57 - [TEST_STEP][PASSED] - strToolTip = getRqErrMsg.substring(29, 61): null

2020-05-12 23:16:57 - [TEST_STEP][PASSED] - toolTipReqErrMsg = strToolTip.substring(0, 22): null

2020-05-12 23:16:57 - [TEST_STEP][PASSED] - verifyMatch(toolTipReqErrMsg, RqField, true, STOP_ON_FAILURE): Actual text 'This field is required' and expected text 'This field is required' are matched  using regular expression

2020-05-12 23:16:57 - [MESSAGE][PASSED] - Actual text 'This field is required' and expected text 'This field is required' are matched  using regular expression

2020-05-12 23:16:57 - [TEST_STEP][PASSED] - focus(NewInputNmField): Object: 'Object Repository/Objects.NameValidation/input_FieldName' is focused

2020-05-12 23:16:58 - [MESSAGE][PASSED] - Object: 'Object Repository/Objects.NameValidation/input_FieldName' is focused

2020-05-12 23:16:58 - [TEST_STEP][PASSED] - for ([i = 0, i < NoOfOpt, (i++)]): Keys 'DOWN + ' sent to object: 'Object Repository/Objects.NameValidation/input_FieldName'

2020-05-12 23:16:58 - [TEST_STEP][PASSED] - sendKeys(NewInputNmField, Keys.chord(ARROW_DOWN)): Keys 'DOWN + ' sent to object: 'Object Repository/Objects.NameValidation/input_FieldName'

2020-05-12 23:16:58 - [MESSAGE][PASSED] - Keys 'DOWN + ' sent to object: 'Object Repository/Objects.NameValidation/input_FieldName'

2020-05-12 23:16:58 - [TEST_STEP][PASSED] - delay(8): Delayed 8 second(s)

2020-05-12 23:17:06 - [MESSAGE][PASSED] - Delayed 8 second(s)

2020-05-12 23:17:06 - [TEST_STEP][PASSED] - sendKeys(NewInputNmField, Keys.chord(ENTER)): Keys 'ENTER + ' sent to object: 'Object Repository/Objects.NameValidation/input_FieldName'

2020-05-12 23:17:06 - [MESSAGE][PASSED] - Keys 'ENTER + ' sent to object: 'Object Repository/Objects.NameValidation/input_FieldName'

2020-05-12 23:17:06 - [TEST_STEP][PASSED] - SearchDropdownVal = getAttribute(NewInputNmField, "value"): Attribute 'value' of object 'Object Repository/Objects.NameValidation/input_FieldName' is: '1002'

2020-05-12 23:17:07 - [MESSAGE][PASSED] - Attribute 'value' of object 'Object Repository/Objects.NameValidation/input_FieldName' is: '1002'

2020-05-12 23:17:07 - [TEST_STEP][PASSED] - if (PEName == "N"): null

2020-05-12 23:17:07 - [TEST_STEP][PASSED] - println(SearchDropdownVal + " (" + get(SearchDropdownVal).toString() + ")"): null

2020-05-12 23:17:07 - [TEST_STEP][PASSED] - sendKeys(NewInputNmField, Keys.chord(ARROW_DOWN)): Keys 'DOWN + ' sent to object: 'Object Repository/Objects.NameValidation/input_FieldName'

2020-05-12 23:17:07 - [MESSAGE][PASSED] - Keys 'DOWN + ' sent to object: 'Object Repository/Objects.NameValidation/input_FieldName'

2020-05-12 23:17:07 - [TEST_STEP][PASSED] - sendKeys(NewInputNmField, Keys.chord(ARROW_DOWN)): Keys 'DOWN + ' sent to object: 'Object Repository/Objects.NameValidation/input_FieldName'

2020-05-12 23:17:07 - [MESSAGE][PASSED] - Keys 'DOWN + ' sent to object: 'Object Repository/Objects.NameValidation/input_FieldName'

2020-05-12 23:17:07 - [TEST_STEP][PASSED] - delay(8): Delayed 8 second(s)

2020-05-12 23:17:15 - [MESSAGE][PASSED] - Delayed 8 second(s)

2020-05-12 23:17:15 - [TEST_STEP][PASSED] - sendKeys(NewInputNmField, Keys.chord(ENTER)): Keys 'ENTER + ' sent to object: 'Object Repository/Objects.NameValidation/input_FieldName'

2020-05-12 23:17:16 - [MESSAGE][PASSED] - Keys 'ENTER + ' sent to object: 'Object Repository/Objects.NameValidation/input_FieldName'

2020-05-12 23:17:16 - [TEST_STEP][PASSED] - SearchDropdownVal = getAttribute(NewInputNmField, "value"): Attribute 'value' of object 'Object Repository/Objects.NameValidation/input_FieldName' is: '6789'

2020-05-12 23:17:16 - [MESSAGE][PASSED] - Attribute 'value' of object 'Object Repository/Objects.NameValidation/input_FieldName' is: '6789'

2020-05-12 23:17:16 - [TEST_STEP][PASSED] - if (PEName == "N"): null

2020-05-12 23:17:16 - [TEST_STEP][PASSED] - println(SearchDropdownVal + " (" + get(SearchDropdownVal).toString() + ")"): null

2020-05-12 23:17:16 - [TEST_STEP][PASSED] - sendKeys(NewInputNmField, Keys.chord(ARROW_DOWN)): Keys 'DOWN + ' sent to object: 'Object Repository/Objects.NameValidation/input_FieldName'

2020-05-12 23:17:16 - [MESSAGE][PASSED] - Keys 'DOWN + ' sent to object: 'Object Repository/Objects.NameValidation/input_FieldName'

2020-05-12 23:17:16 - [TEST_STEP][PASSED] - sendKeys(NewInputNmField, Keys.chord(ARROW_DOWN)): Keys 'DOWN + ' sent to object: 'Object Repository/Objects.NameValidation/input_FieldName'

2020-05-12 23:17:17 - [MESSAGE][PASSED] - Keys 'DOWN + ' sent to object: 'Object Repository/Objects.NameValidation/input_FieldName'

2020-05-12 23:17:17 - [TEST_STEP][PASSED] - delay(8): Delayed 8 second(s)

2020-05-12 23:17:25 - [MESSAGE][PASSED] - Delayed 8 second(s)

2020-05-12 23:17:25 - [TEST_STEP][PASSED] - sendKeys(NewInputNmField, Keys.chord(ENTER)): Keys 'ENTER + ' sent to object: 'Object Repository/Objects.NameValidation/input_FieldName'

2020-05-12 23:17:25 - [MESSAGE][PASSED] - Keys 'ENTER + ' sent to object: 'Object Repository/Objects.NameValidation/input_FieldName'

2020-05-12 23:17:25 - [TEST_STEP][PASSED] - SearchDropdownVal = getAttribute(NewInputNmField, "value"): Attribute 'value' of object 'Object Repository/Objects.NameValidation/input_FieldName' is: '1140'

2020-05-12 23:17:25 - [MESSAGE][PASSED] - Attribute 'value' of object 'Object Repository/Objects.NameValidation/input_FieldName' is: '1140'

2020-05-12 23:17:25 - [TEST_STEP][PASSED] - if (PEName == "N"): null

2020-05-12 23:17:25 - [TEST_STEP][PASSED] - println(SearchDropdownVal + " (" + get(SearchDropdownVal).toString() + ")"): null

2020-05-12 23:17:25 - [TEST_STEP][PASSED] - sendKeys(NewInputNmField, Keys.chord(ARROW_DOWN)): Keys 'DOWN + ' sent to object: 'Object Repository/Objects.NameValidation/input_FieldName'

2020-05-12 23:17:26 - [MESSAGE][PASSED] - Keys 'DOWN + ' sent to object: 'Object Repository/Objects.NameValidation/input_FieldName'

2020-05-12 23:17:26 - [TEST_STEP][PASSED] - sendKeys(NewInputNmField, Keys.chord(ARROW_DOWN)): Keys 'DOWN + ' sent to object: 'Object Repository/Objects.NameValidation/input_FieldName'

2020-05-12 23:17:26 - [MESSAGE][PASSED] - Keys 'DOWN + ' sent to object: 'Object Repository/Objects.NameValidation/input_FieldName'

2020-05-12 23:17:26 - [TEST_STEP][PASSED] - delay(8): Delayed 8 second(s)

2020-05-12 23:17:34 - [MESSAGE][PASSED] - Delayed 8 second(s)

2020-05-12 23:17:34 - [TEST_STEP][PASSED] - sendKeys(NewInputNmField, Keys.chord(ENTER)): Keys 'ENTER + ' sent to object: 'Object Repository/Objects.NameValidation/input_FieldName'

2020-05-12 23:17:34 - [MESSAGE][PASSED] - Keys 'ENTER + ' sent to object: 'Object Repository/Objects.NameValidation/input_FieldName'

2020-05-12 23:17:34 - [TEST_STEP][PASSED] - SearchDropdownVal = getAttribute(NewInputNmField, "value"): Attribute 'value' of object 'Object Repository/Objects.NameValidation/input_FieldName' is: '1596'

2020-05-12 23:17:35 - [MESSAGE][PASSED] - Attribute 'value' of object 'Object Repository/Objects.NameValidation/input_FieldName' is: '1596'

2020-05-12 23:17:35 - [TEST_STEP][PASSED] - if (PEName == "N"): null

2020-05-12 23:17:35 - [TEST_STEP][PASSED] - println(SearchDropdownVal + " (" + get(SearchDropdownVal).toString() + ")"): null

2020-05-12 23:17:35 - [TEST_STEP][PASSED] - sendKeys(NewInputNmField, Keys.chord(ARROW_DOWN)): Keys 'DOWN + ' sent to object: 'Object Repository/Objects.NameValidation/input_FieldName'

2020-05-12 23:17:35 - [MESSAGE][PASSED] - Keys 'DOWN + ' sent to object: 'Object Repository/Objects.NameValidation/input_FieldName'

2020-05-12 23:17:35 - [TEST_STEP][PASSED] - sendKeys(NewInputNmField, Keys.chord(ARROW_DOWN)): Keys 'DOWN + ' sent to object: 'Object Repository/Objects.NameValidation/input_FieldName'

2020-05-12 23:17:36 - [MESSAGE][PASSED] - Keys 'DOWN + ' sent to object: 'Object Repository/Objects.NameValidation/input_FieldName'

2020-05-12 23:17:36 - [TEST_STEP][PASSED] - delay(8): Delayed 8 second(s)

2020-05-12 23:17:44 - [MESSAGE][PASSED] - Delayed 8 second(s)

2020-05-12 23:17:44 - [TEST_STEP][PASSED] - sendKeys(NewInputNmField, Keys.chord(ENTER)): Keys 'ENTER + ' sent to object: 'Object Repository/Objects.NameValidation/input_FieldName'

2020-05-12 23:17:44 - [MESSAGE][PASSED] - Keys 'ENTER + ' sent to object: 'Object Repository/Objects.NameValidation/input_FieldName'

2020-05-12 23:17:44 - [TEST_STEP][PASSED] - SearchDropdownVal = getAttribute(NewInputNmField, "value"): Attribute 'value' of object 'Object Repository/Objects.NameValidation/input_FieldName' is: '1567'

2020-05-12 23:17:44 - [MESSAGE][PASSED] - Attribute 'value' of object 'Object Repository/Objects.NameValidation/input_FieldName' is: '1567'

2020-05-12 23:17:44 - [TEST_STEP][PASSED] - if (PEName == "N"): null

2020-05-12 23:17:44 - [TEST_STEP][PASSED] - println(SearchDropdownVal + " (" + get(SearchDropdownVal).toString() + ")"): null

2020-05-12 23:17:44 - [TEST_STEP][PASSED] - sendKeys(NewInputNmField, Keys.chord(ARROW_DOWN)): Keys 'DOWN + ' sent to object: 'Object Repository/Objects.NameValidation/input_FieldName'

2020-05-12 23:17:44 - [MESSAGE][PASSED] - Keys 'DOWN + ' sent to object: 'Object Repository/Objects.NameValidation/input_FieldName'

2020-05-12 23:17:44 - [TEST_STEP][PASSED] - sendKeys(NewInputNmField, Keys.chord(ARROW_DOWN)): Keys 'DOWN + ' sent to object: 'Object Repository/Objects.NameValidation/input_FieldName'

2020-05-12 23:17:45 - [MESSAGE][PASSED] - Keys 'DOWN + ' sent to object: 'Object Repository/Objects.NameValidation/input_FieldName'

2020-05-12 23:17:45 - [TEST_STEP][PASSED] - delay(8): Delayed 8 second(s)

2020-05-12 23:17:53 - [MESSAGE][PASSED] - Delayed 8 second(s)

2020-05-12 23:17:53 - [TEST_STEP][PASSED] - sendKeys(NewInputNmField, Keys.chord(ENTER)): Keys 'ENTER + ' sent to object: 'Object Repository/Objects.NameValidation/input_FieldName'

2020-05-12 23:17:53 - [MESSAGE][PASSED] - Keys 'ENTER + ' sent to object: 'Object Repository/Objects.NameValidation/input_FieldName'

2020-05-12 23:17:53 - [TEST_STEP][PASSED] - SearchDropdownVal = getAttribute(NewInputNmField, "value"): Attribute 'value' of object 'Object Repository/Objects.NameValidation/input_FieldName' is: '1234'

2020-05-12 23:17:54 - [MESSAGE][PASSED] - Attribute 'value' of object 'Object Repository/Objects.NameValidation/input_FieldName' is: '1234'

2020-05-12 23:17:54 - [TEST_STEP][PASSED] - if (PEName == "N"): null

2020-05-12 23:17:54 - [TEST_STEP][PASSED] - println(SearchDropdownVal + " (" + get(SearchDropdownVal).toString() + ")"): null

2020-05-12 23:17:54 - [TEST_STEP][PASSED] - sendKeys(NewInputNmField, Keys.chord(ARROW_DOWN)): Keys 'DOWN + ' sent to object: 'Object Repository/Objects.NameValidation/input_FieldName'

2020-05-12 23:17:54 - [MESSAGE][PASSED] - Keys 'DOWN + ' sent to object: 'Object Repository/Objects.NameValidation/input_FieldName'

2020-05-12 23:17:54 - [TEST_STEP][PASSED] - sendKeys(NewInputNmField, Keys.chord(ENTER)): Keys 'ENTER + ' sent to object: 'Object Repository/Objects.NameValidation/input_FieldName'

2020-05-12 23:17:54 - [MESSAGE][PASSED] - Keys 'ENTER + ' sent to object: 'Object Repository/Objects.NameValidation/input_FieldName'

2020-05-12 23:17:54 - [TEST_STEP][PASSED] - if (PEEnabled == "N"): null

2020-05-12 23:17:54 - [MESSAGE][PASSED] - Call Test Case 'Test Cases/Components/00_Precision and Scale/PEValidation' successfully

2020-05-12 23:17:54 - [TEST_STEP][FAILED] - callTestCase(findTestCase("Components/Logout"), ["LogoutPageTextToBeVerified":findTestData("Datatable").getValue("HomeBanner", 2)], STOP_ON_FAILURE): Unable to call Test Case 'Test Cases/Components/Logout' (Root cause: com.kms.katalon.core.exception.StepFailedException: Call Test Case 'Test Cases/Components/Logout' failed
	at com.kms.katalon.core.keyword.builtin.CallTestCaseKeyword$_callTestCase_closure1.doCall(CallTestCaseKeyword.groovy:63)
	at com.kms.katalon.core.keyword.builtin.CallTestCaseKeyword$_callTestCase_closure1.call(CallTestCaseKeyword.groovy)
	at com.kms.katalon.core.keyword.internal.KeywordMain.runKeyword(KeywordMain.groovy:68)
	at com.kms.katalon.core.keyword.builtin.CallTestCaseKeyword.callTestCase(CallTestCaseKeyword.groovy:81)
	at com.kms.katalon.core.keyword.builtin.CallTestCaseKeyword.execute(CallTestCaseKeyword.groovy:44)
	at com.kms.katalon.core.keyword.internal.KeywordExecutor.executeKeywordForPlatform(KeywordExecutor.groovy:72)
	at com.kms.katalon.core.keyword.BuiltinKeywords.callTestCase(BuiltinKeywords.groovy:334)
	at PFI.D2FormsLHS.run(PFI.D2FormsLHS:60)
	at com.kms.katalon.core.main.ScriptEngine.run(ScriptEngine.java:194)
	at com.kms.katalon.core.main.ScriptEngine.runScriptAsRawText(ScriptEngine.java:119)
	at com.kms.katalon.core.main.TestCaseExecutor.runScript(TestCaseExecutor.java:337)
	at com.kms.katalon.core.main.TestCaseExecutor.doExecute(TestCaseExecutor.java:328)
	at com.kms.katalon.core.main.TestCaseExecutor.processExecutionPhase(TestCaseExecutor.java:307)
	at com.kms.katalon.core.main.TestCaseExecutor.accessMainPhase(TestCaseExecutor.java:299)
	at com.kms.katalon.core.main.TestCaseExecutor.execute(TestCaseExecutor.java:233)
	at com.kms.katalon.core.main.TestSuiteExecutor.accessTestCaseMainPhase(TestSuiteExecutor.java:169)
	at com.kms.katalon.core.main.TestSuiteExecutor.accessTestSuiteMainPhase(TestSuiteExecutor.java:142)
	at com.kms.katalon.core.main.TestSuiteExecutor.execute(TestSuiteExecutor.java:91)
	at com.kms.katalon.core.main.TestCaseMain.startTestSuite(TestCaseMain.java:157)
	at com.kms.katalon.core.main.TestCaseMain$startTestSuite$0.call(Unknown Source)
	at TempTestSuite1589296049355.run(TempTestSuite1589296049355.groovy:36)
Caused by: com.kms.katalon.core.exception.StepFailedException: Unable to verify text 'Sign in to ISPS2-SIT' is present 
	at com.kms.katalon.core.webui.keyword.internal.WebUIKeywordMain.stepFailed(WebUIKeywordMain.groovy:64)
	at com.kms.katalon.core.webui.keyword.internal.WebUIKeywordMain.runKeyword(WebUIKeywordMain.groovy:26)
	at com.kms.katalon.core.webui.keyword.builtin.VerifyTextPresentKeyword.verifyTextPresent(VerifyTextPresentKeyword.groovy:83)
	at com.kms.katalon.core.webui.keyword.builtin.VerifyTextPresentKeyword.execute(VerifyTextPresentKeyword.groovy:68)
	at com.kms.katalon.core.keyword.internal.KeywordExecutor.executeKeywordForPlatform(KeywordExecutor.groovy:72)
	at com.kms.katalon.core.webui.keyword.WebUiBuiltInKeywords.verifyTextPresent(WebUiBuiltInKeywords.groovy:1693)
	at com.kms.katalon.core.webui.keyword.WebUiBuiltInKeywords$verifyTextPresent$1.call(Unknown Source)
	at Logout.run(Logout:40)
	at com.kms.katalon.core.main.ScriptEngine.run(ScriptEngine.java:194)
	at com.kms.katalon.core.main.ScriptEngine.runScriptAsRawText(ScriptEngine.java:119)
	at com.kms.katalon.core.main.TestCaseExecutor.runScript(TestCaseExecutor.java:337)
	at com.kms.katalon.core.main.TestCaseExecutor.doExecute(TestCaseExecutor.java:328)
	at com.kms.katalon.core.main.TestCaseExecutor.processExecutionPhase(TestCaseExecutor.java:307)
	at com.kms.katalon.core.main.TestCaseExecutor.accessMainPhase(TestCaseExecutor.java:299)
	at com.kms.katalon.core.main.TestCaseExecutor.execute(TestCaseExecutor.java:233)
	at com.kms.katalon.core.main.TestCaseMain.runTestCase(TestCaseMain.java:114)
	at com.kms.katalon.core.keyword.builtin.CallTestCaseKeyword$_callTestCase_closure1.doCall(CallTestCaseKeyword.groovy:59)
	... 20 more
Caused by: com.kms.katalon.core.exception.StepFailedException: Text 'Sign in to ISPS2-SIT' is not present on page 
	at com.kms.katalon.core.webui.keyword.internal.WebUIKeywordMain.stepFailed(WebUIKeywordMain.groovy:64)
	at com.kms.katalon.core.webui.keyword.builtin.VerifyTextPresentKeyword$_verifyTextPresent_closure1.doCall(VerifyTextPresentKeyword.groovy:79)
	at com.kms.katalon.core.webui.keyword.builtin.VerifyTextPresentKeyword$_verifyTextPresent_closure1.call(VerifyTextPresentKeyword.groovy)
	at com.kms.katalon.core.webui.keyword.internal.WebUIKeywordMain.runKeyword(WebUIKeywordMain.groovy:20)
	... 35 more
)

2020-05-12 23:17:55 - [TEST_CASE][FAILED] - Test Cases/Components/Logout: Test Cases/Components/Logout FAILED.
Reason:
com.kms.katalon.core.exception.StepFailedException: Unable to verify text 'Sign in to ISPS2-SIT' is present 
	at com.kms.katalon.core.webui.keyword.internal.WebUIKeywordMain.stepFailed(WebUIKeywordMain.groovy:64)
	at com.kms.katalon.core.webui.keyword.internal.WebUIKeywordMain.runKeyword(WebUIKeywordMain.groovy:26)
	at com.kms.katalon.core.webui.keyword.builtin.VerifyTextPresentKeyword.verifyTextPresent(VerifyTextPresentKeyword.groovy:83)
	at com.kms.katalon.core.webui.keyword.builtin.VerifyTextPresentKeyword.execute(VerifyTextPresentKeyword.groovy:68)
	at com.kms.katalon.core.keyword.internal.KeywordExecutor.executeKeywordForPlatform(KeywordExecutor.groovy:72)
	at com.kms.katalon.core.webui.keyword.WebUiBuiltInKeywords.verifyTextPresent(WebUiBuiltInKeywords.groovy:1693)
	at com.kms.katalon.core.webui.keyword.WebUiBuiltInKeywords$verifyTextPresent$1.call(Unknown Source)
	at Logout.run(Logout:40)
	at com.kms.katalon.core.main.ScriptEngine.run(ScriptEngine.java:194)
	at com.kms.katalon.core.main.ScriptEngine.runScriptAsRawText(ScriptEngine.java:119)
	at com.kms.katalon.core.main.TestCaseExecutor.runScript(TestCaseExecutor.java:337)
	at com.kms.katalon.core.main.TestCaseExecutor.doExecute(TestCaseExecutor.java:328)
	at com.kms.katalon.core.main.TestCaseExecutor.processExecutionPhase(TestCaseExecutor.java:307)
	at com.kms.katalon.core.main.TestCaseExecutor.accessMainPhase(TestCaseExecutor.java:299)
	at com.kms.katalon.core.main.TestCaseExecutor.execute(TestCaseExecutor.java:233)
	at com.kms.katalon.core.main.TestCaseMain.runTestCase(TestCaseMain.java:114)
	at com.kms.katalon.core.keyword.builtin.CallTestCaseKeyword$_callTestCase_closure1.doCall(CallTestCaseKeyword.groovy:59)
	at com.kms.katalon.core.keyword.builtin.CallTestCaseKeyword$_callTestCase_closure1.call(CallTestCaseKeyword.groovy)
	at com.kms.katalon.core.keyword.internal.KeywordMain.runKeyword(KeywordMain.groovy:68)
	at com.kms.katalon.core.keyword.builtin.CallTestCaseKeyword.callTestCase(CallTestCaseKeyword.groovy:81)
	at com.kms.katalon.core.keyword.builtin.CallTestCaseKeyword.execute(CallTestCaseKeyword.groovy:44)
	at com.kms.katalon.core.keyword.internal.KeywordExecutor.executeKeywordForPlatform(KeywordExecutor.groovy:72)
	at com.kms.katalon.core.keyword.BuiltinKeywords.callTestCase(BuiltinKeywords.groovy:334)
	at PFI.D2FormsLHS.run(PFI.D2FormsLHS:60)
	at com.kms.katalon.core.main.ScriptEngine.run(ScriptEngine.java:194)
	at com.kms.katalon.core.main.ScriptEngine.runScriptAsRawText(ScriptEngine.java:119)
	at com.kms.katalon.core.main.TestCaseExecutor.runScript(TestCaseExecutor.java:337)
	at com.kms.katalon.core.main.TestCaseExecutor.doExecute(TestCaseExecutor.java:328)
	at com.kms.katalon.core.main.TestCaseExecutor.processExecutionPhase(TestCaseExecutor.java:307)
	at com.kms.katalon.core.main.TestCaseExecutor.accessMainPhase(TestCaseExecutor.java:299)
	at com.kms.katalon.core.main.TestCaseExecutor.execute(TestCaseExecutor.java:233)
	at com.kms.katalon.core.main.TestSuiteExecutor.accessTestCaseMainPhase(TestSuiteExecutor.java:169)
	at com.kms.katalon.core.main.TestSuiteExecutor.accessTestSuiteMainPhase(TestSuiteExecutor.java:142)
	at com.kms.katalon.core.main.TestSuiteExecutor.execute(TestSuiteExecutor.java:91)
	at com.kms.katalon.core.main.TestCaseMain.startTestSuite(TestCaseMain.java:157)
	at com.kms.katalon.core.main.TestCaseMain$startTestSuite$0.call(Unknown Source)
	at TempTestSuite1589296049355.run(TempTestSuite1589296049355.groovy:36)
Caused by: com.kms.katalon.core.exception.StepFailedException: Text 'Sign in to ISPS2-SIT' is not present on page 
	at com.kms.katalon.core.webui.keyword.internal.WebUIKeywordMain.stepFailed(WebUIKeywordMain.groovy:64)
	at com.kms.katalon.core.webui.keyword.builtin.VerifyTextPresentKeyword$_verifyTextPresent_closure1.doCall(VerifyTextPresentKeyword.groovy:79)
	at com.kms.katalon.core.webui.keyword.builtin.VerifyTextPresentKeyword$_verifyTextPresent_closure1.call(VerifyTextPresentKeyword.groovy)
	at com.kms.katalon.core.webui.keyword.internal.WebUIKeywordMain.runKeyword(WebUIKeywordMain.groovy:20)
	... 35 more


2020-05-12 23:17:55 - [TEST_STEP][PASSED] - Thread.sleep(3000): null

2020-05-12 23:17:58 - [TEST_STEP][NOT_RUN] - com.reusableComponents.HighlightElement.run(findTestObject("Objects.Logout/accountDropdown")): NOT_RUN: com.reusableComponents.HighlightElement.run(findTestObject("Objects.Logout/accountDropdown"))

2020-05-12 23:17:58 - [MESSAGE][NOT_RUN] - NOT_RUN: com.reusableComponents.HighlightElement.run(findTestObject("Objects.Logout/accountDropdown"))

2020-05-12 23:17:58 - [TEST_STEP][NOT_RUN] - click(findTestObject("Objects.Logout/accountDropdown")): NOT_RUN: click(findTestObject("Objects.Logout/accountDropdown"))

2020-05-12 23:17:58 - [MESSAGE][NOT_RUN] - NOT_RUN: click(findTestObject("Objects.Logout/accountDropdown"))

2020-05-12 23:17:58 - [TEST_STEP][NOT_RUN] - com.reusableComponents.clickUsingJS.clickUsingJS(findTestObject("Objects.Logout/accountDropdown"), 0): NOT_RUN: com.reusableComponents.clickUsingJS.clickUsingJS(findTestObject("Objects.Logout/accountDropdown"), 0)

2020-05-12 23:17:58 - [MESSAGE][NOT_RUN] - NOT_RUN: com.reusableComponents.clickUsingJS.clickUsingJS(findTestObject("Objects.Logout/accountDropdown"), 0)

2020-05-12 23:17:58 - [TEST_STEP][PASSED] - element = findWebElement(findTestObject("Objects.Logout/accountDropdown"), 30): null

2020-05-12 23:17:58 - [TEST_STEP][PASSED] - executeJavaScript("arguments[0].click()", Arrays.asList(element)): Execute JavaScript 'arguments[0].click()' successfully

2020-05-12 23:17:58 - [MESSAGE][PASSED] - Execute JavaScript 'arguments[0].click()' successfully

2020-05-12 23:17:58 - [TEST_STEP][NOT_RUN] - com.reusableComponents.HighlightElement.run(findTestObject("Objects.Logout/span_Logout")): NOT_RUN: com.reusableComponents.HighlightElement.run(findTestObject("Objects.Logout/span_Logout"))

2020-05-12 23:17:58 - [MESSAGE][NOT_RUN] - NOT_RUN: com.reusableComponents.HighlightElement.run(findTestObject("Objects.Logout/span_Logout"))

2020-05-12 23:17:58 - [TEST_STEP][PASSED] - click(findTestObject("Objects.Logout/span_Logout"), STOP_ON_FAILURE): Object: 'Object Repository/Objects.Logout/span_Logout' is clicked on

2020-05-12 23:18:39 - [MESSAGE][PASSED] - Object: 'Object Repository/Objects.Logout/span_Logout' is clicked on

2020-05-12 23:18:39 - [TEST_STEP][PASSED] - waitForPageLoad(30): Wait for page load successfully

2020-05-12 23:18:39 - [MESSAGE][PASSED] - Wait for page load successfully

2020-05-12 23:18:39 - [TEST_STEP][PASSED] - Thread.sleep(3000): null

2020-05-12 23:18:42 - [TEST_STEP][FAILED] - verifyTextPresent(LogoutPageTextToBeVerified, false): Unable to verify text 'Sign in to ISPS2-SIT' is present  (Root cause: com.kms.katalon.core.exception.StepFailedException: Unable to verify text 'Sign in to ISPS2-SIT' is present 
	at com.kms.katalon.core.webui.keyword.internal.WebUIKeywordMain.stepFailed(WebUIKeywordMain.groovy:64)
	at com.kms.katalon.core.webui.keyword.internal.WebUIKeywordMain.runKeyword(WebUIKeywordMain.groovy:26)
	at com.kms.katalon.core.webui.keyword.builtin.VerifyTextPresentKeyword.verifyTextPresent(VerifyTextPresentKeyword.groovy:83)
	at com.kms.katalon.core.webui.keyword.builtin.VerifyTextPresentKeyword.execute(VerifyTextPresentKeyword.groovy:68)
	at com.kms.katalon.core.keyword.internal.KeywordExecutor.executeKeywordForPlatform(KeywordExecutor.groovy:72)
	at com.kms.katalon.core.webui.keyword.WebUiBuiltInKeywords.verifyTextPresent(WebUiBuiltInKeywords.groovy:1693)
	at com.kms.katalon.core.webui.keyword.WebUiBuiltInKeywords$verifyTextPresent$1.call(Unknown Source)
	at Logout.run(Logout:40)
	at com.kms.katalon.core.main.ScriptEngine.run(ScriptEngine.java:194)
	at com.kms.katalon.core.main.ScriptEngine.runScriptAsRawText(ScriptEngine.java:119)
	at com.kms.katalon.core.main.TestCaseExecutor.runScript(TestCaseExecutor.java:337)
	at com.kms.katalon.core.main.TestCaseExecutor.doExecute(TestCaseExecutor.java:328)
	at com.kms.katalon.core.main.TestCaseExecutor.processExecutionPhase(TestCaseExecutor.java:307)
	at com.kms.katalon.core.main.TestCaseExecutor.accessMainPhase(TestCaseExecutor.java:299)
	at com.kms.katalon.core.main.TestCaseExecutor.execute(TestCaseExecutor.java:233)
	at com.kms.katalon.core.main.TestCaseMain.runTestCase(TestCaseMain.java:114)
	at com.kms.katalon.core.keyword.builtin.CallTestCaseKeyword$_callTestCase_closure1.doCall(CallTestCaseKeyword.groovy:59)
	at com.kms.katalon.core.keyword.builtin.CallTestCaseKeyword$_callTestCase_closure1.call(CallTestCaseKeyword.groovy)
	at com.kms.katalon.core.keyword.internal.KeywordMain.runKeyword(KeywordMain.groovy:68)
	at com.kms.katalon.core.keyword.builtin.CallTestCaseKeyword.callTestCase(CallTestCaseKeyword.groovy:81)
	at com.kms.katalon.core.keyword.builtin.CallTestCaseKeyword.execute(CallTestCaseKeyword.groovy:44)
	at com.kms.katalon.core.keyword.internal.KeywordExecutor.executeKeywordForPlatform(KeywordExecutor.groovy:72)
	at com.kms.katalon.core.keyword.BuiltinKeywords.callTestCase(BuiltinKeywords.groovy:334)
	at PFI.D2FormsLHS.run(PFI.D2FormsLHS:60)
	at com.kms.katalon.core.main.ScriptEngine.run(ScriptEngine.java:194)
	at com.kms.katalon.core.main.ScriptEngine.runScriptAsRawText(ScriptEngine.java:119)
	at com.kms.katalon.core.main.TestCaseExecutor.runScript(TestCaseExecutor.java:337)
	at com.kms.katalon.core.main.TestCaseExecutor.doExecute(TestCaseExecutor.java:328)
	at com.kms.katalon.core.main.TestCaseExecutor.processExecutionPhase(TestCaseExecutor.java:307)
	at com.kms.katalon.core.main.TestCaseExecutor.accessMainPhase(TestCaseExecutor.java:299)
	at com.kms.katalon.core.main.TestCaseExecutor.execute(TestCaseExecutor.java:233)
	at com.kms.katalon.core.main.TestSuiteExecutor.accessTestCaseMainPhase(TestSuiteExecutor.java:169)
	at com.kms.katalon.core.main.TestSuiteExecutor.accessTestSuiteMainPhase(TestSuiteExecutor.java:142)
	at com.kms.katalon.core.main.TestSuiteExecutor.execute(TestSuiteExecutor.java:91)
	at com.kms.katalon.core.main.TestCaseMain.startTestSuite(TestCaseMain.java:157)
	at com.kms.katalon.core.main.TestCaseMain$startTestSuite$0.call(Unknown Source)
	at TempTestSuite1589296049355.run(TempTestSuite1589296049355.groovy:36)
Caused by: com.kms.katalon.core.exception.StepFailedException: Text 'Sign in to ISPS2-SIT' is not present on page 
	at com.kms.katalon.core.webui.keyword.internal.WebUIKeywordMain.stepFailed(WebUIKeywordMain.groovy:64)
	at com.kms.katalon.core.webui.keyword.builtin.VerifyTextPresentKeyword$_verifyTextPresent_closure1.doCall(VerifyTextPresentKeyword.groovy:79)
	at com.kms.katalon.core.webui.keyword.builtin.VerifyTextPresentKeyword$_verifyTextPresent_closure1.call(VerifyTextPresentKeyword.groovy)
	at com.kms.katalon.core.webui.keyword.internal.WebUIKeywordMain.runKeyword(WebUIKeywordMain.groovy:20)
	... 35 more
)

2020-05-12 23:18:42 - [MESSAGE][FAILED] - Text 'Sign in to ISPS2-SIT' is not present on page  (Root cause: com.kms.katalon.core.exception.StepFailedException: Text 'Sign in to ISPS2-SIT' is not present on page 
	at com.kms.katalon.core.webui.keyword.internal.WebUIKeywordMain.stepFailed(WebUIKeywordMain.groovy:64)
	at com.kms.katalon.core.webui.keyword.builtin.VerifyTextPresentKeyword$_verifyTextPresent_closure1.doCall(VerifyTextPresentKeyword.groovy:79)
	at com.kms.katalon.core.webui.keyword.builtin.VerifyTextPresentKeyword$_verifyTextPresent_closure1.call(VerifyTextPresentKeyword.groovy)
	at com.kms.katalon.core.webui.keyword.internal.WebUIKeywordMain.runKeyword(WebUIKeywordMain.groovy:20)
	at com.kms.katalon.core.webui.keyword.builtin.VerifyTextPresentKeyword.verifyTextPresent(VerifyTextPresentKeyword.groovy:83)
	at com.kms.katalon.core.webui.keyword.builtin.VerifyTextPresentKeyword.execute(VerifyTextPresentKeyword.groovy:68)
	at com.kms.katalon.core.keyword.internal.KeywordExecutor.executeKeywordForPlatform(KeywordExecutor.groovy:72)
	at com.kms.katalon.core.webui.keyword.WebUiBuiltInKeywords.verifyTextPresent(WebUiBuiltInKeywords.groovy:1693)
	at com.kms.katalon.core.webui.keyword.WebUiBuiltInKeywords$verifyTextPresent$1.call(Unknown Source)
	at Logout.run(Logout:40)
	at com.kms.katalon.core.main.ScriptEngine.run(ScriptEngine.java:194)
	at com.kms.katalon.core.main.ScriptEngine.runScriptAsRawText(ScriptEngine.java:119)
	at com.kms.katalon.core.main.TestCaseExecutor.runScript(TestCaseExecutor.java:337)
	at com.kms.katalon.core.main.TestCaseExecutor.doExecute(TestCaseExecutor.java:328)
	at com.kms.katalon.core.main.TestCaseExecutor.processExecutionPhase(TestCaseExecutor.java:307)
	at com.kms.katalon.core.main.TestCaseExecutor.accessMainPhase(TestCaseExecutor.java:299)
	at com.kms.katalon.core.main.TestCaseExecutor.execute(TestCaseExecutor.java:233)
	at com.kms.katalon.core.main.TestCaseMain.runTestCase(TestCaseMain.java:114)
	at com.kms.katalon.core.keyword.builtin.CallTestCaseKeyword$_callTestCase_closure1.doCall(CallTestCaseKeyword.groovy:59)
	at com.kms.katalon.core.keyword.builtin.CallTestCaseKeyword$_callTestCase_closure1.call(CallTestCaseKeyword.groovy)
	at com.kms.katalon.core.keyword.internal.KeywordMain.runKeyword(KeywordMain.groovy:68)
	at com.kms.katalon.core.keyword.builtin.CallTestCaseKeyword.callTestCase(CallTestCaseKeyword.groovy:81)
	at com.kms.katalon.core.keyword.builtin.CallTestCaseKeyword.execute(CallTestCaseKeyword.groovy:44)
	at com.kms.katalon.core.keyword.internal.KeywordExecutor.executeKeywordForPlatform(KeywordExecutor.groovy:72)
	at com.kms.katalon.core.keyword.BuiltinKeywords.callTestCase(BuiltinKeywords.groovy:334)
	at PFI.D2FormsLHS.run(PFI.D2FormsLHS:60)
	at com.kms.katalon.core.main.ScriptEngine.run(ScriptEngine.java:194)
	at com.kms.katalon.core.main.ScriptEngine.runScriptAsRawText(ScriptEngine.java:119)
	at com.kms.katalon.core.main.TestCaseExecutor.runScript(TestCaseExecutor.java:337)
	at com.kms.katalon.core.main.TestCaseExecutor.doExecute(TestCaseExecutor.java:328)
	at com.kms.katalon.core.main.TestCaseExecutor.processExecutionPhase(TestCaseExecutor.java:307)
	at com.kms.katalon.core.main.TestCaseExecutor.accessMainPhase(TestCaseExecutor.java:299)
	at com.kms.katalon.core.main.TestCaseExecutor.execute(TestCaseExecutor.java:233)
	at com.kms.katalon.core.main.TestSuiteExecutor.accessTestCaseMainPhase(TestSuiteExecutor.java:169)
	at com.kms.katalon.core.main.TestSuiteExecutor.accessTestSuiteMainPhase(TestSuiteExecutor.java:142)
	at com.kms.katalon.core.main.TestSuiteExecutor.execute(TestSuiteExecutor.java:91)
	at com.kms.katalon.core.main.TestCaseMain.startTestSuite(TestCaseMain.java:157)
	at com.kms.katalon.core.main.TestCaseMain$startTestSuite$0.call(Unknown Source)
	at TempTestSuite1589296049355.run(TempTestSuite1589296049355.groovy:36)
)

2020-05-12 23:18:43 - [MESSAGE][FAILED] - Unable to verify text 'Sign in to ISPS2-SIT' is present  (Root cause: com.kms.katalon.core.exception.StepFailedException: Unable to verify text 'Sign in to ISPS2-SIT' is present 
	at com.kms.katalon.core.webui.keyword.internal.WebUIKeywordMain.stepFailed(WebUIKeywordMain.groovy:64)
	at com.kms.katalon.core.webui.keyword.internal.WebUIKeywordMain.runKeyword(WebUIKeywordMain.groovy:26)
	at com.kms.katalon.core.webui.keyword.builtin.VerifyTextPresentKeyword.verifyTextPresent(VerifyTextPresentKeyword.groovy:83)
	at com.kms.katalon.core.webui.keyword.builtin.VerifyTextPresentKeyword.execute(VerifyTextPresentKeyword.groovy:68)
	at com.kms.katalon.core.keyword.internal.KeywordExecutor.executeKeywordForPlatform(KeywordExecutor.groovy:72)
	at com.kms.katalon.core.webui.keyword.WebUiBuiltInKeywords.verifyTextPresent(WebUiBuiltInKeywords.groovy:1693)
	at com.kms.katalon.core.webui.keyword.WebUiBuiltInKeywords$verifyTextPresent$1.call(Unknown Source)
	at Logout.run(Logout:40)
	at com.kms.katalon.core.main.ScriptEngine.run(ScriptEngine.java:194)
	at com.kms.katalon.core.main.ScriptEngine.runScriptAsRawText(ScriptEngine.java:119)
	at com.kms.katalon.core.main.TestCaseExecutor.runScript(TestCaseExecutor.java:337)
	at com.kms.katalon.core.main.TestCaseExecutor.doExecute(TestCaseExecutor.java:328)
	at com.kms.katalon.core.main.TestCaseExecutor.processExecutionPhase(TestCaseExecutor.java:307)
	at com.kms.katalon.core.main.TestCaseExecutor.accessMainPhase(TestCaseExecutor.java:299)
	at com.kms.katalon.core.main.TestCaseExecutor.execute(TestCaseExecutor.java:233)
	at com.kms.katalon.core.main.TestCaseMain.runTestCase(TestCaseMain.java:114)
	at com.kms.katalon.core.keyword.builtin.CallTestCaseKeyword$_callTestCase_closure1.doCall(CallTestCaseKeyword.groovy:59)
	at com.kms.katalon.core.keyword.builtin.CallTestCaseKeyword$_callTestCase_closure1.call(CallTestCaseKeyword.groovy)
	at com.kms.katalon.core.keyword.internal.KeywordMain.runKeyword(KeywordMain.groovy:68)
	at com.kms.katalon.core.keyword.builtin.CallTestCaseKeyword.callTestCase(CallTestCaseKeyword.groovy:81)
	at com.kms.katalon.core.keyword.builtin.CallTestCaseKeyword.execute(CallTestCaseKeyword.groovy:44)
	at com.kms.katalon.core.keyword.internal.KeywordExecutor.executeKeywordForPlatform(KeywordExecutor.groovy:72)
	at com.kms.katalon.core.keyword.BuiltinKeywords.callTestCase(BuiltinKeywords.groovy:334)
	at PFI.D2FormsLHS.run(PFI.D2FormsLHS:60)
	at com.kms.katalon.core.main.ScriptEngine.run(ScriptEngine.java:194)
	at com.kms.katalon.core.main.ScriptEngine.runScriptAsRawText(ScriptEngine.java:119)
	at com.kms.katalon.core.main.TestCaseExecutor.runScript(TestCaseExecutor.java:337)
	at com.kms.katalon.core.main.TestCaseExecutor.doExecute(TestCaseExecutor.java:328)
	at com.kms.katalon.core.main.TestCaseExecutor.processExecutionPhase(TestCaseExecutor.java:307)
	at com.kms.katalon.core.main.TestCaseExecutor.accessMainPhase(TestCaseExecutor.java:299)
	at com.kms.katalon.core.main.TestCaseExecutor.execute(TestCaseExecutor.java:233)
	at com.kms.katalon.core.main.TestSuiteExecutor.accessTestCaseMainPhase(TestSuiteExecutor.java:169)
	at com.kms.katalon.core.main.TestSuiteExecutor.accessTestSuiteMainPhase(TestSuiteExecutor.java:142)
	at com.kms.katalon.core.main.TestSuiteExecutor.execute(TestSuiteExecutor.java:91)
	at com.kms.katalon.core.main.TestCaseMain.startTestSuite(TestCaseMain.java:157)
	at com.kms.katalon.core.main.TestCaseMain$startTestSuite$0.call(Unknown Source)
	at TempTestSuite1589296049355.run(TempTestSuite1589296049355.groovy:36)
Caused by: com.kms.katalon.core.exception.StepFailedException: Text 'Sign in to ISPS2-SIT' is not present on page 
	at com.kms.katalon.core.webui.keyword.internal.WebUIKeywordMain.stepFailed(WebUIKeywordMain.groovy:64)
	at com.kms.katalon.core.webui.keyword.builtin.VerifyTextPresentKeyword$_verifyTextPresent_closure1.doCall(VerifyTextPresentKeyword.groovy:79)
	at com.kms.katalon.core.webui.keyword.builtin.VerifyTextPresentKeyword$_verifyTextPresent_closure1.call(VerifyTextPresentKeyword.groovy)
	at com.kms.katalon.core.webui.keyword.internal.WebUIKeywordMain.runKeyword(WebUIKeywordMain.groovy:20)
	... 35 more
)
[[ATTACHMENT|C:\\Users\\19023-RAC\\Desktop\\Merging Automation\\Reports\\20200512_230724\\PFI Precision and Scale Automated Regression Suite\\Page Section\\20200512_230724\\1589296722533.png]]

2020-05-12 23:18:43 - [MESSAGE][FAILED] - Unable to call Test Case 'Test Cases/Components/Logout' (Root cause: com.kms.katalon.core.exception.StepFailedException: Call Test Case 'Test Cases/Components/Logout' failed
	at com.kms.katalon.core.keyword.builtin.CallTestCaseKeyword$_callTestCase_closure1.doCall(CallTestCaseKeyword.groovy:63)
	at com.kms.katalon.core.keyword.builtin.CallTestCaseKeyword$_callTestCase_closure1.call(CallTestCaseKeyword.groovy)
	at com.kms.katalon.core.keyword.internal.KeywordMain.runKeyword(KeywordMain.groovy:68)
	at com.kms.katalon.core.keyword.builtin.CallTestCaseKeyword.callTestCase(CallTestCaseKeyword.groovy:81)
	at com.kms.katalon.core.keyword.builtin.CallTestCaseKeyword.execute(CallTestCaseKeyword.groovy:44)
	at com.kms.katalon.core.keyword.internal.KeywordExecutor.executeKeywordForPlatform(KeywordExecutor.groovy:72)
	at com.kms.katalon.core.keyword.BuiltinKeywords.callTestCase(BuiltinKeywords.groovy:334)
	at PFI.D2FormsLHS.run(PFI.D2FormsLHS:60)
	at com.kms.katalon.core.main.ScriptEngine.run(ScriptEngine.java:194)
	at com.kms.katalon.core.main.ScriptEngine.runScriptAsRawText(ScriptEngine.java:119)
	at com.kms.katalon.core.main.TestCaseExecutor.runScript(TestCaseExecutor.java:337)
	at com.kms.katalon.core.main.TestCaseExecutor.doExecute(TestCaseExecutor.java:328)
	at com.kms.katalon.core.main.TestCaseExecutor.processExecutionPhase(TestCaseExecutor.java:307)
	at com.kms.katalon.core.main.TestCaseExecutor.accessMainPhase(TestCaseExecutor.java:299)
	at com.kms.katalon.core.main.TestCaseExecutor.execute(TestCaseExecutor.java:233)
	at com.kms.katalon.core.main.TestSuiteExecutor.accessTestCaseMainPhase(TestSuiteExecutor.java:169)
	at com.kms.katalon.core.main.TestSuiteExecutor.accessTestSuiteMainPhase(TestSuiteExecutor.java:142)
	at com.kms.katalon.core.main.TestSuiteExecutor.execute(TestSuiteExecutor.java:91)
	at com.kms.katalon.core.main.TestCaseMain.startTestSuite(TestCaseMain.java:157)
	at com.kms.katalon.core.main.TestCaseMain$startTestSuite$0.call(Unknown Source)
	at TempTestSuite1589296049355.run(TempTestSuite1589296049355.groovy:36)
Caused by: com.kms.katalon.core.exception.StepFailedException: Unable to verify text 'Sign in to ISPS2-SIT' is present 
	at com.kms.katalon.core.webui.keyword.internal.WebUIKeywordMain.stepFailed(WebUIKeywordMain.groovy:64)
	at com.kms.katalon.core.webui.keyword.internal.WebUIKeywordMain.runKeyword(WebUIKeywordMain.groovy:26)
	at com.kms.katalon.core.webui.keyword.builtin.VerifyTextPresentKeyword.verifyTextPresent(VerifyTextPresentKeyword.groovy:83)
	at com.kms.katalon.core.webui.keyword.builtin.VerifyTextPresentKeyword.execute(VerifyTextPresentKeyword.groovy:68)
	at com.kms.katalon.core.keyword.internal.KeywordExecutor.executeKeywordForPlatform(KeywordExecutor.groovy:72)
	at com.kms.katalon.core.webui.keyword.WebUiBuiltInKeywords.verifyTextPresent(WebUiBuiltInKeywords.groovy:1693)
	at com.kms.katalon.core.webui.keyword.WebUiBuiltInKeywords$verifyTextPresent$1.call(Unknown Source)
	at Logout.run(Logout:40)
	at com.kms.katalon.core.main.ScriptEngine.run(ScriptEngine.java:194)
	at com.kms.katalon.core.main.ScriptEngine.runScriptAsRawText(ScriptEngine.java:119)
	at com.kms.katalon.core.main.TestCaseExecutor.runScript(TestCaseExecutor.java:337)
	at com.kms.katalon.core.main.TestCaseExecutor.doExecute(TestCaseExecutor.java:328)
	at com.kms.katalon.core.main.TestCaseExecutor.processExecutionPhase(TestCaseExecutor.java:307)
	at com.kms.katalon.core.main.TestCaseExecutor.accessMainPhase(TestCaseExecutor.java:299)
	at com.kms.katalon.core.main.TestCaseExecutor.execute(TestCaseExecutor.java:233)
	at com.kms.katalon.core.main.TestCaseMain.runTestCase(TestCaseMain.java:114)
	at com.kms.katalon.core.keyword.builtin.CallTestCaseKeyword$_callTestCase_closure1.doCall(CallTestCaseKeyword.groovy:59)
	... 20 more
Caused by: com.kms.katalon.core.exception.StepFailedException: Text 'Sign in to ISPS2-SIT' is not present on page 
	at com.kms.katalon.core.webui.keyword.internal.WebUIKeywordMain.stepFailed(WebUIKeywordMain.groovy:64)
	at com.kms.katalon.core.webui.keyword.builtin.VerifyTextPresentKeyword$_verifyTextPresent_closure1.doCall(VerifyTextPresentKeyword.groovy:79)
	at com.kms.katalon.core.webui.keyword.builtin.VerifyTextPresentKeyword$_verifyTextPresent_closure1.call(VerifyTextPresentKeyword.groovy)
	at com.kms.katalon.core.webui.keyword.internal.WebUIKeywordMain.runKeyword(WebUIKeywordMain.groovy:20)
	... 35 more
)]]></system-out>
         <system-err><![CDATA[2020-05-12 23:13:32 - [TEST_CASE][FAILED] - Test Cases/PFI Precision and Scale/PFI Test Cases/PFI.D2FormsLHS: Test Cases/PFI Precision and Scale/PFI Test Cases/PFI.D2FormsLHS FAILED.
Reason:
com.kms.katalon.core.exception.StepFailedException: Call Test Case 'Test Cases/Components/Logout' failed
	at com.kms.katalon.core.keyword.builtin.CallTestCaseKeyword$_callTestCase_closure1.doCall(CallTestCaseKeyword.groovy:63)
	at com.kms.katalon.core.keyword.builtin.CallTestCaseKeyword$_callTestCase_closure1.call(CallTestCaseKeyword.groovy)
	at com.kms.katalon.core.keyword.internal.KeywordMain.runKeyword(KeywordMain.groovy:68)
	at com.kms.katalon.core.keyword.builtin.CallTestCaseKeyword.callTestCase(CallTestCaseKeyword.groovy:81)
	at com.kms.katalon.core.keyword.builtin.CallTestCaseKeyword.execute(CallTestCaseKeyword.groovy:44)
	at com.kms.katalon.core.keyword.internal.KeywordExecutor.executeKeywordForPlatform(KeywordExecutor.groovy:72)
	at com.kms.katalon.core.keyword.BuiltinKeywords.callTestCase(BuiltinKeywords.groovy:334)
	at PFI.D2FormsLHS.run(PFI.D2FormsLHS:60)
	at com.kms.katalon.core.main.ScriptEngine.run(ScriptEngine.java:194)
	at com.kms.katalon.core.main.ScriptEngine.runScriptAsRawText(ScriptEngine.java:119)
	at com.kms.katalon.core.main.TestCaseExecutor.runScript(TestCaseExecutor.java:337)
	at com.kms.katalon.core.main.TestCaseExecutor.doExecute(TestCaseExecutor.java:328)
	at com.kms.katalon.core.main.TestCaseExecutor.processExecutionPhase(TestCaseExecutor.java:307)
	at com.kms.katalon.core.main.TestCaseExecutor.accessMainPhase(TestCaseExecutor.java:299)
	at com.kms.katalon.core.main.TestCaseExecutor.execute(TestCaseExecutor.java:233)
	at com.kms.katalon.core.main.TestSuiteExecutor.accessTestCaseMainPhase(TestSuiteExecutor.java:169)
	at com.kms.katalon.core.main.TestSuiteExecutor.accessTestSuiteMainPhase(TestSuiteExecutor.java:142)
	at com.kms.katalon.core.main.TestSuiteExecutor.execute(TestSuiteExecutor.java:91)
	at com.kms.katalon.core.main.TestCaseMain.startTestSuite(TestCaseMain.java:157)
	at com.kms.katalon.core.main.TestCaseMain$startTestSuite$0.call(Unknown Source)
	at TempTestSuite1589296049355.run(TempTestSuite1589296049355.groovy:36)
Caused by: com.kms.katalon.core.exception.StepFailedException: Unable to verify text 'Sign in to ISPS2-SIT' is present 
	at com.kms.katalon.core.webui.keyword.internal.WebUIKeywordMain.stepFailed(WebUIKeywordMain.groovy:64)
	at com.kms.katalon.core.webui.keyword.internal.WebUIKeywordMain.runKeyword(WebUIKeywordMain.groovy:26)
	at com.kms.katalon.core.webui.keyword.builtin.VerifyTextPresentKeyword.verifyTextPresent(VerifyTextPresentKeyword.groovy:83)
	at com.kms.katalon.core.webui.keyword.builtin.VerifyTextPresentKeyword.execute(VerifyTextPresentKeyword.groovy:68)
	at com.kms.katalon.core.keyword.internal.KeywordExecutor.executeKeywordForPlatform(KeywordExecutor.groovy:72)
	at com.kms.katalon.core.webui.keyword.WebUiBuiltInKeywords.verifyTextPresent(WebUiBuiltInKeywords.groovy:1693)
	at com.kms.katalon.core.webui.keyword.WebUiBuiltInKeywords$verifyTextPresent$1.call(Unknown Source)
	at Logout.run(Logout:40)
	at com.kms.katalon.core.main.ScriptEngine.run(ScriptEngine.java:194)
	at com.kms.katalon.core.main.ScriptEngine.runScriptAsRawText(ScriptEngine.java:119)
	at com.kms.katalon.core.main.TestCaseExecutor.runScript(TestCaseExecutor.java:337)
	at com.kms.katalon.core.main.TestCaseExecutor.doExecute(TestCaseExecutor.java:328)
	at com.kms.katalon.core.main.TestCaseExecutor.processExecutionPhase(TestCaseExecutor.java:307)
	at com.kms.katalon.core.main.TestCaseExecutor.accessMainPhase(TestCaseExecutor.java:299)
	at com.kms.katalon.core.main.TestCaseExecutor.execute(TestCaseExecutor.java:233)
	at com.kms.katalon.core.main.TestCaseMain.runTestCase(TestCaseMain.java:114)
	at com.kms.katalon.core.keyword.builtin.CallTestCaseKeyword$_callTestCase_closure1.doCall(CallTestCaseKeyword.groovy:59)
	... 20 more
Caused by: com.kms.katalon.core.exception.StepFailedException: Text 'Sign in to ISPS2-SIT' is not present on page 
	at com.kms.katalon.core.webui.keyword.internal.WebUIKeywordMain.stepFailed(WebUIKeywordMain.groovy:64)
	at com.kms.katalon.core.webui.keyword.builtin.VerifyTextPresentKeyword$_verifyTextPresent_closure1.doCall(VerifyTextPresentKeyword.groovy:79)
	at com.kms.katalon.core.webui.keyword.builtin.VerifyTextPresentKeyword$_verifyTextPresent_closure1.call(VerifyTextPresentKeyword.groovy)
	at com.kms.katalon.core.webui.keyword.internal.WebUIKeywordMain.runKeyword(WebUIKeywordMain.groovy:20)
	... 35 more]]></system-err>
      </testcase>
      <testcase name="Test Cases/PFI Precision and Scale/PFI Test Cases/PFI.UpdateReportsLHS" time="29.059" classname="Test Cases/PFI Precision and Scale/PFI Test Cases/PFI.UpdateReportsLHS" status="FAILED">
         <failure type="FAILED" message="Test Cases/PFI Precision and Scale/PFI Test Cases/PFI.UpdateReportsLHS FAILED.
Reason:
com.kms.katalon.core.exception.StepFailedException: Call Test Case 'Test Cases/Components/LoginV2.0' failed
	at com.kms.katalon.core.keyword.builtin.CallTestCaseKeyword$_callTestCase_closure1.doCall(CallTestCaseKeyword.groovy:63)
	at com.kms.katalon.core.keyword.builtin.CallTestCaseKeyword$_callTestCase_closure1.call(CallTestCaseKeyword.groovy)
	at com.kms.katalon.core.keyword.internal.KeywordMain.runKeyword(KeywordMain.groovy:68)
	at com.kms.katalon.core.keyword.builtin.CallTestCaseKeyword.callTestCase(CallTestCaseKeyword.groovy:81)
	at com.kms.katalon.core.keyword.builtin.CallTestCaseKeyword.execute(CallTestCaseKeyword.groovy:44)
	at com.kms.katalon.core.keyword.internal.KeywordExecutor.executeKeywordForPlatform(KeywordExecutor.groovy:72)
	at com.kms.katalon.core.keyword.BuiltinKeywords.callTestCase(BuiltinKeywords.groovy:334)
	at PFI.UpdateReportsLHS.run(PFI.UpdateReportsLHS:21)
	at com.kms.katalon.core.main.ScriptEngine.run(ScriptEngine.java:194)
	at com.kms.katalon.core.main.ScriptEngine.runScriptAsRawText(ScriptEngine.java:119)
	at com.kms.katalon.core.main.TestCaseExecutor.runScript(TestCaseExecutor.java:337)
	at com.kms.katalon.core.main.TestCaseExecutor.doExecute(TestCaseExecutor.java:328)
	at com.kms.katalon.core.main.TestCaseExecutor.processExecutionPhase(TestCaseExecutor.java:307)
	at com.kms.katalon.core.main.TestCaseExecutor.accessMainPhase(TestCaseExecutor.java:299)
	at com.kms.katalon.core.main.TestCaseExecutor.execute(TestCaseExecutor.java:233)
	at com.kms.katalon.core.main.TestSuiteExecutor.accessTestCaseMainPhase(TestSuiteExecutor.java:169)
	at com.kms.katalon.core.main.TestSuiteExecutor.accessTestSuiteMainPhase(TestSuiteExecutor.java:142)
	at com.kms.katalon.core.main.TestSuiteExecutor.execute(TestSuiteExecutor.java:91)
	at com.kms.katalon.core.main.TestCaseMain.startTestSuite(TestCaseMain.java:157)
	at com.kms.katalon.core.main.TestCaseMain$startTestSuite$0.call(Unknown Source)
	at TempTestSuite1589296049355.run(TempTestSuite1589296049355.groovy:36)
Caused by: com.kms.katalon.core.exception.StepFailedException: Unable to verify text 'Sign in to ISPS2-SIT' is present 
	at com.kms.katalon.core.webui.keyword.internal.WebUIKeywordMain.stepFailed(WebUIKeywordMain.groovy:64)
	at com.kms.katalon.core.webui.keyword.internal.WebUIKeywordMain.runKeyword(WebUIKeywordMain.groovy:26)
	at com.kms.katalon.core.webui.keyword.builtin.VerifyTextPresentKeyword.verifyTextPresent(VerifyTextPresentKeyword.groovy:83)
	at com.kms.katalon.core.webui.keyword.builtin.VerifyTextPresentKeyword.execute(VerifyTextPresentKeyword.groovy:68)
	at com.kms.katalon.core.keyword.internal.KeywordExecutor.executeKeywordForPlatform(KeywordExecutor.groovy:72)
	at com.kms.katalon.core.webui.keyword.WebUiBuiltInKeywords.verifyTextPresent(WebUiBuiltInKeywords.groovy:1693)
	at com.kms.katalon.core.webui.keyword.WebUiBuiltInKeywords$verifyTextPresent$1.call(Unknown Source)
	at LoginV2.0.run(LoginV2.0:29)
	at com.kms.katalon.core.main.ScriptEngine.run(ScriptEngine.java:194)
	at com.kms.katalon.core.main.ScriptEngine.runScriptAsRawText(ScriptEngine.java:119)
	at com.kms.katalon.core.main.TestCaseExecutor.runScript(TestCaseExecutor.java:337)
	at com.kms.katalon.core.main.TestCaseExecutor.doExecute(TestCaseExecutor.java:328)
	at com.kms.katalon.core.main.TestCaseExecutor.processExecutionPhase(TestCaseExecutor.java:307)
	at com.kms.katalon.core.main.TestCaseExecutor.accessMainPhase(TestCaseExecutor.java:299)
	at com.kms.katalon.core.main.TestCaseExecutor.execute(TestCaseExecutor.java:233)
	at com.kms.katalon.core.main.TestCaseMain.runTestCase(TestCaseMain.java:114)
	at com.kms.katalon.core.keyword.builtin.CallTestCaseKeyword$_callTestCase_closure1.doCall(CallTestCaseKeyword.groovy:59)
	... 20 more
Caused by: com.kms.katalon.core.exception.StepFailedException: Text 'Sign in to ISPS2-SIT' is not present on page 
	at com.kms.katalon.core.webui.keyword.internal.WebUIKeywordMain.stepFailed(WebUIKeywordMain.groovy:64)
	at com.kms.katalon.core.webui.keyword.builtin.VerifyTextPresentKeyword$_verifyTextPresent_closure1.doCall(VerifyTextPresentKeyword.groovy:79)
	at com.kms.katalon.core.webui.keyword.builtin.VerifyTextPresentKeyword$_verifyTextPresent_closure1.call(VerifyTextPresentKeyword.groovy)
	at com.kms.katalon.core.webui.keyword.internal.WebUIKeywordMain.runKeyword(WebUIKeywordMain.groovy:20)
	... 35 more
"/>
         <system-out><![CDATA[2020-05-12 23:18:43 - [TEST_CASE][FAILED] - Test Cases/PFI Precision and Scale/PFI Test Cases/PFI.UpdateReportsLHS: Test Cases/PFI Precision and Scale/PFI Test Cases/PFI.UpdateReportsLHS FAILED.
Reason:
com.kms.katalon.core.exception.StepFailedException: Call Test Case 'Test Cases/Components/LoginV2.0' failed
	at com.kms.katalon.core.keyword.builtin.CallTestCaseKeyword$_callTestCase_closure1.doCall(CallTestCaseKeyword.groovy:63)
	at com.kms.katalon.core.keyword.builtin.CallTestCaseKeyword$_callTestCase_closure1.call(CallTestCaseKeyword.groovy)
	at com.kms.katalon.core.keyword.internal.KeywordMain.runKeyword(KeywordMain.groovy:68)
	at com.kms.katalon.core.keyword.builtin.CallTestCaseKeyword.callTestCase(CallTestCaseKeyword.groovy:81)
	at com.kms.katalon.core.keyword.builtin.CallTestCaseKeyword.execute(CallTestCaseKeyword.groovy:44)
	at com.kms.katalon.core.keyword.internal.KeywordExecutor.executeKeywordForPlatform(KeywordExecutor.groovy:72)
	at com.kms.katalon.core.keyword.BuiltinKeywords.callTestCase(BuiltinKeywords.groovy:334)
	at PFI.UpdateReportsLHS.run(PFI.UpdateReportsLHS:21)
	at com.kms.katalon.core.main.ScriptEngine.run(ScriptEngine.java:194)
	at com.kms.katalon.core.main.ScriptEngine.runScriptAsRawText(ScriptEngine.java:119)
	at com.kms.katalon.core.main.TestCaseExecutor.runScript(TestCaseExecutor.java:337)
	at com.kms.katalon.core.main.TestCaseExecutor.doExecute(TestCaseExecutor.java:328)
	at com.kms.katalon.core.main.TestCaseExecutor.processExecutionPhase(TestCaseExecutor.java:307)
	at com.kms.katalon.core.main.TestCaseExecutor.accessMainPhase(TestCaseExecutor.java:299)
	at com.kms.katalon.core.main.TestCaseExecutor.execute(TestCaseExecutor.java:233)
	at com.kms.katalon.core.main.TestSuiteExecutor.accessTestCaseMainPhase(TestSuiteExecutor.java:169)
	at com.kms.katalon.core.main.TestSuiteExecutor.accessTestSuiteMainPhase(TestSuiteExecutor.java:142)
	at com.kms.katalon.core.main.TestSuiteExecutor.execute(TestSuiteExecutor.java:91)
	at com.kms.katalon.core.main.TestCaseMain.startTestSuite(TestCaseMain.java:157)
	at com.kms.katalon.core.main.TestCaseMain$startTestSuite$0.call(Unknown Source)
	at TempTestSuite1589296049355.run(TempTestSuite1589296049355.groovy:36)
Caused by: com.kms.katalon.core.exception.StepFailedException: Unable to verify text 'Sign in to ISPS2-SIT' is present 
	at com.kms.katalon.core.webui.keyword.internal.WebUIKeywordMain.stepFailed(WebUIKeywordMain.groovy:64)
	at com.kms.katalon.core.webui.keyword.internal.WebUIKeywordMain.runKeyword(WebUIKeywordMain.groovy:26)
	at com.kms.katalon.core.webui.keyword.builtin.VerifyTextPresentKeyword.verifyTextPresent(VerifyTextPresentKeyword.groovy:83)
	at com.kms.katalon.core.webui.keyword.builtin.VerifyTextPresentKeyword.execute(VerifyTextPresentKeyword.groovy:68)
	at com.kms.katalon.core.keyword.internal.KeywordExecutor.executeKeywordForPlatform(KeywordExecutor.groovy:72)
	at com.kms.katalon.core.webui.keyword.WebUiBuiltInKeywords.verifyTextPresent(WebUiBuiltInKeywords.groovy:1693)
	at com.kms.katalon.core.webui.keyword.WebUiBuiltInKeywords$verifyTextPresent$1.call(Unknown Source)
	at LoginV2.0.run(LoginV2.0:29)
	at com.kms.katalon.core.main.ScriptEngine.run(ScriptEngine.java:194)
	at com.kms.katalon.core.main.ScriptEngine.runScriptAsRawText(ScriptEngine.java:119)
	at com.kms.katalon.core.main.TestCaseExecutor.runScript(TestCaseExecutor.java:337)
	at com.kms.katalon.core.main.TestCaseExecutor.doExecute(TestCaseExecutor.java:328)
	at com.kms.katalon.core.main.TestCaseExecutor.processExecutionPhase(TestCaseExecutor.java:307)
	at com.kms.katalon.core.main.TestCaseExecutor.accessMainPhase(TestCaseExecutor.java:299)
	at com.kms.katalon.core.main.TestCaseExecutor.execute(TestCaseExecutor.java:233)
	at com.kms.katalon.core.main.TestCaseMain.runTestCase(TestCaseMain.java:114)
	at com.kms.katalon.core.keyword.builtin.CallTestCaseKeyword$_callTestCase_closure1.doCall(CallTestCaseKeyword.groovy:59)
	... 20 more
Caused by: com.kms.katalon.core.exception.StepFailedException: Text 'Sign in to ISPS2-SIT' is not present on page 
	at com.kms.katalon.core.webui.keyword.internal.WebUIKeywordMain.stepFailed(WebUIKeywordMain.groovy:64)
	at com.kms.katalon.core.webui.keyword.builtin.VerifyTextPresentKeyword$_verifyTextPresent_closure1.doCall(VerifyTextPresentKeyword.groovy:79)
	at com.kms.katalon.core.webui.keyword.builtin.VerifyTextPresentKeyword$_verifyTextPresent_closure1.call(VerifyTextPresentKeyword.groovy)
	at com.kms.katalon.core.webui.keyword.internal.WebUIKeywordMain.runKeyword(WebUIKeywordMain.groovy:20)
	... 35 more


2020-05-12 23:18:43 - [TEST_STEP][FAILED] - callTestCase(findTestCase("Components/LoginV2.0"), ["LinkToBeUsed":findTestData("ISPS2 Test Data").getValue("URL", 2), "LoginPageTextToBeVerified":findTestData("ISPS2 Test Data").getValue("HomeBanner", 2), ... ], STOP_ON_FAILURE): Unable to call Test Case 'Test Cases/Components/LoginV2.0' (Root cause: com.kms.katalon.core.exception.StepFailedException: Call Test Case 'Test Cases/Components/LoginV2.0' failed
	at com.kms.katalon.core.keyword.builtin.CallTestCaseKeyword$_callTestCase_closure1.doCall(CallTestCaseKeyword.groovy:63)
	at com.kms.katalon.core.keyword.builtin.CallTestCaseKeyword$_callTestCase_closure1.call(CallTestCaseKeyword.groovy)
	at com.kms.katalon.core.keyword.internal.KeywordMain.runKeyword(KeywordMain.groovy:68)
	at com.kms.katalon.core.keyword.builtin.CallTestCaseKeyword.callTestCase(CallTestCaseKeyword.groovy:81)
	at com.kms.katalon.core.keyword.builtin.CallTestCaseKeyword.execute(CallTestCaseKeyword.groovy:44)
	at com.kms.katalon.core.keyword.internal.KeywordExecutor.executeKeywordForPlatform(KeywordExecutor.groovy:72)
	at com.kms.katalon.core.keyword.BuiltinKeywords.callTestCase(BuiltinKeywords.groovy:334)
	at PFI.UpdateReportsLHS.run(PFI.UpdateReportsLHS:21)
	at com.kms.katalon.core.main.ScriptEngine.run(ScriptEngine.java:194)
	at com.kms.katalon.core.main.ScriptEngine.runScriptAsRawText(ScriptEngine.java:119)
	at com.kms.katalon.core.main.TestCaseExecutor.runScript(TestCaseExecutor.java:337)
	at com.kms.katalon.core.main.TestCaseExecutor.doExecute(TestCaseExecutor.java:328)
	at com.kms.katalon.core.main.TestCaseExecutor.processExecutionPhase(TestCaseExecutor.java:307)
	at com.kms.katalon.core.main.TestCaseExecutor.accessMainPhase(TestCaseExecutor.java:299)
	at com.kms.katalon.core.main.TestCaseExecutor.execute(TestCaseExecutor.java:233)
	at com.kms.katalon.core.main.TestSuiteExecutor.accessTestCaseMainPhase(TestSuiteExecutor.java:169)
	at com.kms.katalon.core.main.TestSuiteExecutor.accessTestSuiteMainPhase(TestSuiteExecutor.java:142)
	at com.kms.katalon.core.main.TestSuiteExecutor.execute(TestSuiteExecutor.java:91)
	at com.kms.katalon.core.main.TestCaseMain.startTestSuite(TestCaseMain.java:157)
	at com.kms.katalon.core.main.TestCaseMain$startTestSuite$0.call(Unknown Source)
	at TempTestSuite1589296049355.run(TempTestSuite1589296049355.groovy:36)
Caused by: com.kms.katalon.core.exception.StepFailedException: Unable to verify text 'Sign in to ISPS2-SIT' is present 
	at com.kms.katalon.core.webui.keyword.internal.WebUIKeywordMain.stepFailed(WebUIKeywordMain.groovy:64)
	at com.kms.katalon.core.webui.keyword.internal.WebUIKeywordMain.runKeyword(WebUIKeywordMain.groovy:26)
	at com.kms.katalon.core.webui.keyword.builtin.VerifyTextPresentKeyword.verifyTextPresent(VerifyTextPresentKeyword.groovy:83)
	at com.kms.katalon.core.webui.keyword.builtin.VerifyTextPresentKeyword.execute(VerifyTextPresentKeyword.groovy:68)
	at com.kms.katalon.core.keyword.internal.KeywordExecutor.executeKeywordForPlatform(KeywordExecutor.groovy:72)
	at com.kms.katalon.core.webui.keyword.WebUiBuiltInKeywords.verifyTextPresent(WebUiBuiltInKeywords.groovy:1693)
	at com.kms.katalon.core.webui.keyword.WebUiBuiltInKeywords$verifyTextPresent$1.call(Unknown Source)
	at LoginV2.0.run(LoginV2.0:29)
	at com.kms.katalon.core.main.ScriptEngine.run(ScriptEngine.java:194)
	at com.kms.katalon.core.main.ScriptEngine.runScriptAsRawText(ScriptEngine.java:119)
	at com.kms.katalon.core.main.TestCaseExecutor.runScript(TestCaseExecutor.java:337)
	at com.kms.katalon.core.main.TestCaseExecutor.doExecute(TestCaseExecutor.java:328)
	at com.kms.katalon.core.main.TestCaseExecutor.processExecutionPhase(TestCaseExecutor.java:307)
	at com.kms.katalon.core.main.TestCaseExecutor.accessMainPhase(TestCaseExecutor.java:299)
	at com.kms.katalon.core.main.TestCaseExecutor.execute(TestCaseExecutor.java:233)
	at com.kms.katalon.core.main.TestCaseMain.runTestCase(TestCaseMain.java:114)
	at com.kms.katalon.core.keyword.builtin.CallTestCaseKeyword$_callTestCase_closure1.doCall(CallTestCaseKeyword.groovy:59)
	... 20 more
Caused by: com.kms.katalon.core.exception.StepFailedException: Text 'Sign in to ISPS2-SIT' is not present on page 
	at com.kms.katalon.core.webui.keyword.internal.WebUIKeywordMain.stepFailed(WebUIKeywordMain.groovy:64)
	at com.kms.katalon.core.webui.keyword.builtin.VerifyTextPresentKeyword$_verifyTextPresent_closure1.doCall(VerifyTextPresentKeyword.groovy:79)
	at com.kms.katalon.core.webui.keyword.builtin.VerifyTextPresentKeyword$_verifyTextPresent_closure1.call(VerifyTextPresentKeyword.groovy)
	at com.kms.katalon.core.webui.keyword.internal.WebUIKeywordMain.runKeyword(WebUIKeywordMain.groovy:20)
	... 35 more
)

2020-05-12 23:18:44 - [TEST_CASE][FAILED] - Test Cases/Components/LoginV2.0: Test Cases/Components/LoginV2.0 FAILED.
Reason:
com.kms.katalon.core.exception.StepFailedException: Unable to verify text 'Sign in to ISPS2-SIT' is present 
	at com.kms.katalon.core.webui.keyword.internal.WebUIKeywordMain.stepFailed(WebUIKeywordMain.groovy:64)
	at com.kms.katalon.core.webui.keyword.internal.WebUIKeywordMain.runKeyword(WebUIKeywordMain.groovy:26)
	at com.kms.katalon.core.webui.keyword.builtin.VerifyTextPresentKeyword.verifyTextPresent(VerifyTextPresentKeyword.groovy:83)
	at com.kms.katalon.core.webui.keyword.builtin.VerifyTextPresentKeyword.execute(VerifyTextPresentKeyword.groovy:68)
	at com.kms.katalon.core.keyword.internal.KeywordExecutor.executeKeywordForPlatform(KeywordExecutor.groovy:72)
	at com.kms.katalon.core.webui.keyword.WebUiBuiltInKeywords.verifyTextPresent(WebUiBuiltInKeywords.groovy:1693)
	at com.kms.katalon.core.webui.keyword.WebUiBuiltInKeywords$verifyTextPresent$1.call(Unknown Source)
	at LoginV2.0.run(LoginV2.0:29)
	at com.kms.katalon.core.main.ScriptEngine.run(ScriptEngine.java:194)
	at com.kms.katalon.core.main.ScriptEngine.runScriptAsRawText(ScriptEngine.java:119)
	at com.kms.katalon.core.main.TestCaseExecutor.runScript(TestCaseExecutor.java:337)
	at com.kms.katalon.core.main.TestCaseExecutor.doExecute(TestCaseExecutor.java:328)
	at com.kms.katalon.core.main.TestCaseExecutor.processExecutionPhase(TestCaseExecutor.java:307)
	at com.kms.katalon.core.main.TestCaseExecutor.accessMainPhase(TestCaseExecutor.java:299)
	at com.kms.katalon.core.main.TestCaseExecutor.execute(TestCaseExecutor.java:233)
	at com.kms.katalon.core.main.TestCaseMain.runTestCase(TestCaseMain.java:114)
	at com.kms.katalon.core.keyword.builtin.CallTestCaseKeyword$_callTestCase_closure1.doCall(CallTestCaseKeyword.groovy:59)
	at com.kms.katalon.core.keyword.builtin.CallTestCaseKeyword$_callTestCase_closure1.call(CallTestCaseKeyword.groovy)
	at com.kms.katalon.core.keyword.internal.KeywordMain.runKeyword(KeywordMain.groovy:68)
	at com.kms.katalon.core.keyword.builtin.CallTestCaseKeyword.callTestCase(CallTestCaseKeyword.groovy:81)
	at com.kms.katalon.core.keyword.builtin.CallTestCaseKeyword.execute(CallTestCaseKeyword.groovy:44)
	at com.kms.katalon.core.keyword.internal.KeywordExecutor.executeKeywordForPlatform(KeywordExecutor.groovy:72)
	at com.kms.katalon.core.keyword.BuiltinKeywords.callTestCase(BuiltinKeywords.groovy:334)
	at PFI.UpdateReportsLHS.run(PFI.UpdateReportsLHS:21)
	at com.kms.katalon.core.main.ScriptEngine.run(ScriptEngine.java:194)
	at com.kms.katalon.core.main.ScriptEngine.runScriptAsRawText(ScriptEngine.java:119)
	at com.kms.katalon.core.main.TestCaseExecutor.runScript(TestCaseExecutor.java:337)
	at com.kms.katalon.core.main.TestCaseExecutor.doExecute(TestCaseExecutor.java:328)
	at com.kms.katalon.core.main.TestCaseExecutor.processExecutionPhase(TestCaseExecutor.java:307)
	at com.kms.katalon.core.main.TestCaseExecutor.accessMainPhase(TestCaseExecutor.java:299)
	at com.kms.katalon.core.main.TestCaseExecutor.execute(TestCaseExecutor.java:233)
	at com.kms.katalon.core.main.TestSuiteExecutor.accessTestCaseMainPhase(TestSuiteExecutor.java:169)
	at com.kms.katalon.core.main.TestSuiteExecutor.accessTestSuiteMainPhase(TestSuiteExecutor.java:142)
	at com.kms.katalon.core.main.TestSuiteExecutor.execute(TestSuiteExecutor.java:91)
	at com.kms.katalon.core.main.TestCaseMain.startTestSuite(TestCaseMain.java:157)
	at com.kms.katalon.core.main.TestCaseMain$startTestSuite$0.call(Unknown Source)
	at TempTestSuite1589296049355.run(TempTestSuite1589296049355.groovy:36)
Caused by: com.kms.katalon.core.exception.StepFailedException: Text 'Sign in to ISPS2-SIT' is not present on page 
	at com.kms.katalon.core.webui.keyword.internal.WebUIKeywordMain.stepFailed(WebUIKeywordMain.groovy:64)
	at com.kms.katalon.core.webui.keyword.builtin.VerifyTextPresentKeyword$_verifyTextPresent_closure1.doCall(VerifyTextPresentKeyword.groovy:79)
	at com.kms.katalon.core.webui.keyword.builtin.VerifyTextPresentKeyword$_verifyTextPresent_closure1.call(VerifyTextPresentKeyword.groovy)
	at com.kms.katalon.core.webui.keyword.internal.WebUIKeywordMain.runKeyword(WebUIKeywordMain.groovy:20)
	... 35 more


2020-05-12 23:18:44 - [TEST_STEP][PASSED] - openBrowser(LinkToBeUsed): Browser is opened with url: 'http://192.168.190.37:3012/isps2-mig/authnz/login.do'

2020-05-12 23:18:44 - [MESSAGE][WARNING] - A browser is already opened. Closing browser and opening a new one

2020-05-12 23:18:44 - [MESSAGE][INFO] - Starting 'Chrome' driver

2020-05-12 23:19:09 - [MESSAGE][PASSED] - Browser is opened with url: 'http://192.168.190.37:3012/isps2-mig/authnz/login.do'

2020-05-12 23:19:09 - [TEST_STEP][PASSED] - maximizeWindow(): Current window maximized

2020-05-12 23:19:11 - [MESSAGE][PASSED] - Current window maximized

2020-05-12 23:19:11 - [TEST_STEP][FAILED] - verifyTextPresent(LoginPageTextToBeVerified, false): Unable to verify text 'Sign in to ISPS2-SIT' is present  (Root cause: com.kms.katalon.core.exception.StepFailedException: Unable to verify text 'Sign in to ISPS2-SIT' is present 
	at com.kms.katalon.core.webui.keyword.internal.WebUIKeywordMain.stepFailed(WebUIKeywordMain.groovy:64)
	at com.kms.katalon.core.webui.keyword.internal.WebUIKeywordMain.runKeyword(WebUIKeywordMain.groovy:26)
	at com.kms.katalon.core.webui.keyword.builtin.VerifyTextPresentKeyword.verifyTextPresent(VerifyTextPresentKeyword.groovy:83)
	at com.kms.katalon.core.webui.keyword.builtin.VerifyTextPresentKeyword.execute(VerifyTextPresentKeyword.groovy:68)
	at com.kms.katalon.core.keyword.internal.KeywordExecutor.executeKeywordForPlatform(KeywordExecutor.groovy:72)
	at com.kms.katalon.core.webui.keyword.WebUiBuiltInKeywords.verifyTextPresent(WebUiBuiltInKeywords.groovy:1693)
	at com.kms.katalon.core.webui.keyword.WebUiBuiltInKeywords$verifyTextPresent$1.call(Unknown Source)
	at LoginV2.0.run(LoginV2.0:29)
	at com.kms.katalon.core.main.ScriptEngine.run(ScriptEngine.java:194)
	at com.kms.katalon.core.main.ScriptEngine.runScriptAsRawText(ScriptEngine.java:119)
	at com.kms.katalon.core.main.TestCaseExecutor.runScript(TestCaseExecutor.java:337)
	at com.kms.katalon.core.main.TestCaseExecutor.doExecute(TestCaseExecutor.java:328)
	at com.kms.katalon.core.main.TestCaseExecutor.processExecutionPhase(TestCaseExecutor.java:307)
	at com.kms.katalon.core.main.TestCaseExecutor.accessMainPhase(TestCaseExecutor.java:299)
	at com.kms.katalon.core.main.TestCaseExecutor.execute(TestCaseExecutor.java:233)
	at com.kms.katalon.core.main.TestCaseMain.runTestCase(TestCaseMain.java:114)
	at com.kms.katalon.core.keyword.builtin.CallTestCaseKeyword$_callTestCase_closure1.doCall(CallTestCaseKeyword.groovy:59)
	at com.kms.katalon.core.keyword.builtin.CallTestCaseKeyword$_callTestCase_closure1.call(CallTestCaseKeyword.groovy)
	at com.kms.katalon.core.keyword.internal.KeywordMain.runKeyword(KeywordMain.groovy:68)
	at com.kms.katalon.core.keyword.builtin.CallTestCaseKeyword.callTestCase(CallTestCaseKeyword.groovy:81)
	at com.kms.katalon.core.keyword.builtin.CallTestCaseKeyword.execute(CallTestCaseKeyword.groovy:44)
	at com.kms.katalon.core.keyword.internal.KeywordExecutor.executeKeywordForPlatform(KeywordExecutor.groovy:72)
	at com.kms.katalon.core.keyword.BuiltinKeywords.callTestCase(BuiltinKeywords.groovy:334)
	at PFI.UpdateReportsLHS.run(PFI.UpdateReportsLHS:21)
	at com.kms.katalon.core.main.ScriptEngine.run(ScriptEngine.java:194)
	at com.kms.katalon.core.main.ScriptEngine.runScriptAsRawText(ScriptEngine.java:119)
	at com.kms.katalon.core.main.TestCaseExecutor.runScript(TestCaseExecutor.java:337)
	at com.kms.katalon.core.main.TestCaseExecutor.doExecute(TestCaseExecutor.java:328)
	at com.kms.katalon.core.main.TestCaseExecutor.processExecutionPhase(TestCaseExecutor.java:307)
	at com.kms.katalon.core.main.TestCaseExecutor.accessMainPhase(TestCaseExecutor.java:299)
	at com.kms.katalon.core.main.TestCaseExecutor.execute(TestCaseExecutor.java:233)
	at com.kms.katalon.core.main.TestSuiteExecutor.accessTestCaseMainPhase(TestSuiteExecutor.java:169)
	at com.kms.katalon.core.main.TestSuiteExecutor.accessTestSuiteMainPhase(TestSuiteExecutor.java:142)
	at com.kms.katalon.core.main.TestSuiteExecutor.execute(TestSuiteExecutor.java:91)
	at com.kms.katalon.core.main.TestCaseMain.startTestSuite(TestCaseMain.java:157)
	at com.kms.katalon.core.main.TestCaseMain$startTestSuite$0.call(Unknown Source)
	at TempTestSuite1589296049355.run(TempTestSuite1589296049355.groovy:36)
Caused by: com.kms.katalon.core.exception.StepFailedException: Text 'Sign in to ISPS2-SIT' is not present on page 
	at com.kms.katalon.core.webui.keyword.internal.WebUIKeywordMain.stepFailed(WebUIKeywordMain.groovy:64)
	at com.kms.katalon.core.webui.keyword.builtin.VerifyTextPresentKeyword$_verifyTextPresent_closure1.doCall(VerifyTextPresentKeyword.groovy:79)
	at com.kms.katalon.core.webui.keyword.builtin.VerifyTextPresentKeyword$_verifyTextPresent_closure1.call(VerifyTextPresentKeyword.groovy)
	at com.kms.katalon.core.webui.keyword.internal.WebUIKeywordMain.runKeyword(WebUIKeywordMain.groovy:20)
	... 35 more
)

2020-05-12 23:19:11 - [MESSAGE][FAILED] - Text 'Sign in to ISPS2-SIT' is not present on page  (Root cause: com.kms.katalon.core.exception.StepFailedException: Text 'Sign in to ISPS2-SIT' is not present on page 
	at com.kms.katalon.core.webui.keyword.internal.WebUIKeywordMain.stepFailed(WebUIKeywordMain.groovy:64)
	at com.kms.katalon.core.webui.keyword.builtin.VerifyTextPresentKeyword$_verifyTextPresent_closure1.doCall(VerifyTextPresentKeyword.groovy:79)
	at com.kms.katalon.core.webui.keyword.builtin.VerifyTextPresentKeyword$_verifyTextPresent_closure1.call(VerifyTextPresentKeyword.groovy)
	at com.kms.katalon.core.webui.keyword.internal.WebUIKeywordMain.runKeyword(WebUIKeywordMain.groovy:20)
	at com.kms.katalon.core.webui.keyword.builtin.VerifyTextPresentKeyword.verifyTextPresent(VerifyTextPresentKeyword.groovy:83)
	at com.kms.katalon.core.webui.keyword.builtin.VerifyTextPresentKeyword.execute(VerifyTextPresentKeyword.groovy:68)
	at com.kms.katalon.core.keyword.internal.KeywordExecutor.executeKeywordForPlatform(KeywordExecutor.groovy:72)
	at com.kms.katalon.core.webui.keyword.WebUiBuiltInKeywords.verifyTextPresent(WebUiBuiltInKeywords.groovy:1693)
	at com.kms.katalon.core.webui.keyword.WebUiBuiltInKeywords$verifyTextPresent$1.call(Unknown Source)
	at LoginV2.0.run(LoginV2.0:29)
	at com.kms.katalon.core.main.ScriptEngine.run(ScriptEngine.java:194)
	at com.kms.katalon.core.main.ScriptEngine.runScriptAsRawText(ScriptEngine.java:119)
	at com.kms.katalon.core.main.TestCaseExecutor.runScript(TestCaseExecutor.java:337)
	at com.kms.katalon.core.main.TestCaseExecutor.doExecute(TestCaseExecutor.java:328)
	at com.kms.katalon.core.main.TestCaseExecutor.processExecutionPhase(TestCaseExecutor.java:307)
	at com.kms.katalon.core.main.TestCaseExecutor.accessMainPhase(TestCaseExecutor.java:299)
	at com.kms.katalon.core.main.TestCaseExecutor.execute(TestCaseExecutor.java:233)
	at com.kms.katalon.core.main.TestCaseMain.runTestCase(TestCaseMain.java:114)
	at com.kms.katalon.core.keyword.builtin.CallTestCaseKeyword$_callTestCase_closure1.doCall(CallTestCaseKeyword.groovy:59)
	at com.kms.katalon.core.keyword.builtin.CallTestCaseKeyword$_callTestCase_closure1.call(CallTestCaseKeyword.groovy)
	at com.kms.katalon.core.keyword.internal.KeywordMain.runKeyword(KeywordMain.groovy:68)
	at com.kms.katalon.core.keyword.builtin.CallTestCaseKeyword.callTestCase(CallTestCaseKeyword.groovy:81)
	at com.kms.katalon.core.keyword.builtin.CallTestCaseKeyword.execute(CallTestCaseKeyword.groovy:44)
	at com.kms.katalon.core.keyword.internal.KeywordExecutor.executeKeywordForPlatform(KeywordExecutor.groovy:72)
	at com.kms.katalon.core.keyword.BuiltinKeywords.callTestCase(BuiltinKeywords.groovy:334)
	at PFI.UpdateReportsLHS.run(PFI.UpdateReportsLHS:21)
	at com.kms.katalon.core.main.ScriptEngine.run(ScriptEngine.java:194)
	at com.kms.katalon.core.main.ScriptEngine.runScriptAsRawText(ScriptEngine.java:119)
	at com.kms.katalon.core.main.TestCaseExecutor.runScript(TestCaseExecutor.java:337)
	at com.kms.katalon.core.main.TestCaseExecutor.doExecute(TestCaseExecutor.java:328)
	at com.kms.katalon.core.main.TestCaseExecutor.processExecutionPhase(TestCaseExecutor.java:307)
	at com.kms.katalon.core.main.TestCaseExecutor.accessMainPhase(TestCaseExecutor.java:299)
	at com.kms.katalon.core.main.TestCaseExecutor.execute(TestCaseExecutor.java:233)
	at com.kms.katalon.core.main.TestSuiteExecutor.accessTestCaseMainPhase(TestSuiteExecutor.java:169)
	at com.kms.katalon.core.main.TestSuiteExecutor.accessTestSuiteMainPhase(TestSuiteExecutor.java:142)
	at com.kms.katalon.core.main.TestSuiteExecutor.execute(TestSuiteExecutor.java:91)
	at com.kms.katalon.core.main.TestCaseMain.startTestSuite(TestCaseMain.java:157)
	at com.kms.katalon.core.main.TestCaseMain$startTestSuite$0.call(Unknown Source)
	at TempTestSuite1589296049355.run(TempTestSuite1589296049355.groovy:36)
)

2020-05-12 23:19:12 - [MESSAGE][FAILED] - Unable to verify text 'Sign in to ISPS2-SIT' is present  (Root cause: com.kms.katalon.core.exception.StepFailedException: Unable to verify text 'Sign in to ISPS2-SIT' is present 
	at com.kms.katalon.core.webui.keyword.internal.WebUIKeywordMain.stepFailed(WebUIKeywordMain.groovy:64)
	at com.kms.katalon.core.webui.keyword.internal.WebUIKeywordMain.runKeyword(WebUIKeywordMain.groovy:26)
	at com.kms.katalon.core.webui.keyword.builtin.VerifyTextPresentKeyword.verifyTextPresent(VerifyTextPresentKeyword.groovy:83)
	at com.kms.katalon.core.webui.keyword.builtin.VerifyTextPresentKeyword.execute(VerifyTextPresentKeyword.groovy:68)
	at com.kms.katalon.core.keyword.internal.KeywordExecutor.executeKeywordForPlatform(KeywordExecutor.groovy:72)
	at com.kms.katalon.core.webui.keyword.WebUiBuiltInKeywords.verifyTextPresent(WebUiBuiltInKeywords.groovy:1693)
	at com.kms.katalon.core.webui.keyword.WebUiBuiltInKeywords$verifyTextPresent$1.call(Unknown Source)
	at LoginV2.0.run(LoginV2.0:29)
	at com.kms.katalon.core.main.ScriptEngine.run(ScriptEngine.java:194)
	at com.kms.katalon.core.main.ScriptEngine.runScriptAsRawText(ScriptEngine.java:119)
	at com.kms.katalon.core.main.TestCaseExecutor.runScript(TestCaseExecutor.java:337)
	at com.kms.katalon.core.main.TestCaseExecutor.doExecute(TestCaseExecutor.java:328)
	at com.kms.katalon.core.main.TestCaseExecutor.processExecutionPhase(TestCaseExecutor.java:307)
	at com.kms.katalon.core.main.TestCaseExecutor.accessMainPhase(TestCaseExecutor.java:299)
	at com.kms.katalon.core.main.TestCaseExecutor.execute(TestCaseExecutor.java:233)
	at com.kms.katalon.core.main.TestCaseMain.runTestCase(TestCaseMain.java:114)
	at com.kms.katalon.core.keyword.builtin.CallTestCaseKeyword$_callTestCase_closure1.doCall(CallTestCaseKeyword.groovy:59)
	at com.kms.katalon.core.keyword.builtin.CallTestCaseKeyword$_callTestCase_closure1.call(CallTestCaseKeyword.groovy)
	at com.kms.katalon.core.keyword.internal.KeywordMain.runKeyword(KeywordMain.groovy:68)
	at com.kms.katalon.core.keyword.builtin.CallTestCaseKeyword.callTestCase(CallTestCaseKeyword.groovy:81)
	at com.kms.katalon.core.keyword.builtin.CallTestCaseKeyword.execute(CallTestCaseKeyword.groovy:44)
	at com.kms.katalon.core.keyword.internal.KeywordExecutor.executeKeywordForPlatform(KeywordExecutor.groovy:72)
	at com.kms.katalon.core.keyword.BuiltinKeywords.callTestCase(BuiltinKeywords.groovy:334)
	at PFI.UpdateReportsLHS.run(PFI.UpdateReportsLHS:21)
	at com.kms.katalon.core.main.ScriptEngine.run(ScriptEngine.java:194)
	at com.kms.katalon.core.main.ScriptEngine.runScriptAsRawText(ScriptEngine.java:119)
	at com.kms.katalon.core.main.TestCaseExecutor.runScript(TestCaseExecutor.java:337)
	at com.kms.katalon.core.main.TestCaseExecutor.doExecute(TestCaseExecutor.java:328)
	at com.kms.katalon.core.main.TestCaseExecutor.processExecutionPhase(TestCaseExecutor.java:307)
	at com.kms.katalon.core.main.TestCaseExecutor.accessMainPhase(TestCaseExecutor.java:299)
	at com.kms.katalon.core.main.TestCaseExecutor.execute(TestCaseExecutor.java:233)
	at com.kms.katalon.core.main.TestSuiteExecutor.accessTestCaseMainPhase(TestSuiteExecutor.java:169)
	at com.kms.katalon.core.main.TestSuiteExecutor.accessTestSuiteMainPhase(TestSuiteExecutor.java:142)
	at com.kms.katalon.core.main.TestSuiteExecutor.execute(TestSuiteExecutor.java:91)
	at com.kms.katalon.core.main.TestCaseMain.startTestSuite(TestCaseMain.java:157)
	at com.kms.katalon.core.main.TestCaseMain$startTestSuite$0.call(Unknown Source)
	at TempTestSuite1589296049355.run(TempTestSuite1589296049355.groovy:36)
Caused by: com.kms.katalon.core.exception.StepFailedException: Text 'Sign in to ISPS2-SIT' is not present on page 
	at com.kms.katalon.core.webui.keyword.internal.WebUIKeywordMain.stepFailed(WebUIKeywordMain.groovy:64)
	at com.kms.katalon.core.webui.keyword.builtin.VerifyTextPresentKeyword$_verifyTextPresent_closure1.doCall(VerifyTextPresentKeyword.groovy:79)
	at com.kms.katalon.core.webui.keyword.builtin.VerifyTextPresentKeyword$_verifyTextPresent_closure1.call(VerifyTextPresentKeyword.groovy)
	at com.kms.katalon.core.webui.keyword.internal.WebUIKeywordMain.runKeyword(WebUIKeywordMain.groovy:20)
	... 35 more
)
[[ATTACHMENT|C:\\Users\\19023-RAC\\Desktop\\Merging Automation\\Reports\\20200512_230724\\PFI Precision and Scale Automated Regression Suite\\Page Section\\20200512_230724\\1589296751919.png]]

2020-05-12 23:19:12 - [MESSAGE][FAILED] - Unable to call Test Case 'Test Cases/Components/LoginV2.0' (Root cause: com.kms.katalon.core.exception.StepFailedException: Call Test Case 'Test Cases/Components/LoginV2.0' failed
	at com.kms.katalon.core.keyword.builtin.CallTestCaseKeyword$_callTestCase_closure1.doCall(CallTestCaseKeyword.groovy:63)
	at com.kms.katalon.core.keyword.builtin.CallTestCaseKeyword$_callTestCase_closure1.call(CallTestCaseKeyword.groovy)
	at com.kms.katalon.core.keyword.internal.KeywordMain.runKeyword(KeywordMain.groovy:68)
	at com.kms.katalon.core.keyword.builtin.CallTestCaseKeyword.callTestCase(CallTestCaseKeyword.groovy:81)
	at com.kms.katalon.core.keyword.builtin.CallTestCaseKeyword.execute(CallTestCaseKeyword.groovy:44)
	at com.kms.katalon.core.keyword.internal.KeywordExecutor.executeKeywordForPlatform(KeywordExecutor.groovy:72)
	at com.kms.katalon.core.keyword.BuiltinKeywords.callTestCase(BuiltinKeywords.groovy:334)
	at PFI.UpdateReportsLHS.run(PFI.UpdateReportsLHS:21)
	at com.kms.katalon.core.main.ScriptEngine.run(ScriptEngine.java:194)
	at com.kms.katalon.core.main.ScriptEngine.runScriptAsRawText(ScriptEngine.java:119)
	at com.kms.katalon.core.main.TestCaseExecutor.runScript(TestCaseExecutor.java:337)
	at com.kms.katalon.core.main.TestCaseExecutor.doExecute(TestCaseExecutor.java:328)
	at com.kms.katalon.core.main.TestCaseExecutor.processExecutionPhase(TestCaseExecutor.java:307)
	at com.kms.katalon.core.main.TestCaseExecutor.accessMainPhase(TestCaseExecutor.java:299)
	at com.kms.katalon.core.main.TestCaseExecutor.execute(TestCaseExecutor.java:233)
	at com.kms.katalon.core.main.TestSuiteExecutor.accessTestCaseMainPhase(TestSuiteExecutor.java:169)
	at com.kms.katalon.core.main.TestSuiteExecutor.accessTestSuiteMainPhase(TestSuiteExecutor.java:142)
	at com.kms.katalon.core.main.TestSuiteExecutor.execute(TestSuiteExecutor.java:91)
	at com.kms.katalon.core.main.TestCaseMain.startTestSuite(TestCaseMain.java:157)
	at com.kms.katalon.core.main.TestCaseMain$startTestSuite$0.call(Unknown Source)
	at TempTestSuite1589296049355.run(TempTestSuite1589296049355.groovy:36)
Caused by: com.kms.katalon.core.exception.StepFailedException: Unable to verify text 'Sign in to ISPS2-SIT' is present 
	at com.kms.katalon.core.webui.keyword.internal.WebUIKeywordMain.stepFailed(WebUIKeywordMain.groovy:64)
	at com.kms.katalon.core.webui.keyword.internal.WebUIKeywordMain.runKeyword(WebUIKeywordMain.groovy:26)
	at com.kms.katalon.core.webui.keyword.builtin.VerifyTextPresentKeyword.verifyTextPresent(VerifyTextPresentKeyword.groovy:83)
	at com.kms.katalon.core.webui.keyword.builtin.VerifyTextPresentKeyword.execute(VerifyTextPresentKeyword.groovy:68)
	at com.kms.katalon.core.keyword.internal.KeywordExecutor.executeKeywordForPlatform(KeywordExecutor.groovy:72)
	at com.kms.katalon.core.webui.keyword.WebUiBuiltInKeywords.verifyTextPresent(WebUiBuiltInKeywords.groovy:1693)
	at com.kms.katalon.core.webui.keyword.WebUiBuiltInKeywords$verifyTextPresent$1.call(Unknown Source)
	at LoginV2.0.run(LoginV2.0:29)
	at com.kms.katalon.core.main.ScriptEngine.run(ScriptEngine.java:194)
	at com.kms.katalon.core.main.ScriptEngine.runScriptAsRawText(ScriptEngine.java:119)
	at com.kms.katalon.core.main.TestCaseExecutor.runScript(TestCaseExecutor.java:337)
	at com.kms.katalon.core.main.TestCaseExecutor.doExecute(TestCaseExecutor.java:328)
	at com.kms.katalon.core.main.TestCaseExecutor.processExecutionPhase(TestCaseExecutor.java:307)
	at com.kms.katalon.core.main.TestCaseExecutor.accessMainPhase(TestCaseExecutor.java:299)
	at com.kms.katalon.core.main.TestCaseExecutor.execute(TestCaseExecutor.java:233)
	at com.kms.katalon.core.main.TestCaseMain.runTestCase(TestCaseMain.java:114)
	at com.kms.katalon.core.keyword.builtin.CallTestCaseKeyword$_callTestCase_closure1.doCall(CallTestCaseKeyword.groovy:59)
	... 20 more
Caused by: com.kms.katalon.core.exception.StepFailedException: Text 'Sign in to ISPS2-SIT' is not present on page 
	at com.kms.katalon.core.webui.keyword.internal.WebUIKeywordMain.stepFailed(WebUIKeywordMain.groovy:64)
	at com.kms.katalon.core.webui.keyword.builtin.VerifyTextPresentKeyword$_verifyTextPresent_closure1.doCall(VerifyTextPresentKeyword.groovy:79)
	at com.kms.katalon.core.webui.keyword.builtin.VerifyTextPresentKeyword$_verifyTextPresent_closure1.call(VerifyTextPresentKeyword.groovy)
	at com.kms.katalon.core.webui.keyword.internal.WebUIKeywordMain.runKeyword(WebUIKeywordMain.groovy:20)
	... 35 more
)]]></system-out>
         <system-err><![CDATA[2020-05-12 23:18:43 - [TEST_CASE][FAILED] - Test Cases/PFI Precision and Scale/PFI Test Cases/PFI.UpdateReportsLHS: Test Cases/PFI Precision and Scale/PFI Test Cases/PFI.UpdateReportsLHS FAILED.
Reason:
com.kms.katalon.core.exception.StepFailedException: Call Test Case 'Test Cases/Components/LoginV2.0' failed
	at com.kms.katalon.core.keyword.builtin.CallTestCaseKeyword$_callTestCase_closure1.doCall(CallTestCaseKeyword.groovy:63)
	at com.kms.katalon.core.keyword.builtin.CallTestCaseKeyword$_callTestCase_closure1.call(CallTestCaseKeyword.groovy)
	at com.kms.katalon.core.keyword.internal.KeywordMain.runKeyword(KeywordMain.groovy:68)
	at com.kms.katalon.core.keyword.builtin.CallTestCaseKeyword.callTestCase(CallTestCaseKeyword.groovy:81)
	at com.kms.katalon.core.keyword.builtin.CallTestCaseKeyword.execute(CallTestCaseKeyword.groovy:44)
	at com.kms.katalon.core.keyword.internal.KeywordExecutor.executeKeywordForPlatform(KeywordExecutor.groovy:72)
	at com.kms.katalon.core.keyword.BuiltinKeywords.callTestCase(BuiltinKeywords.groovy:334)
	at PFI.UpdateReportsLHS.run(PFI.UpdateReportsLHS:21)
	at com.kms.katalon.core.main.ScriptEngine.run(ScriptEngine.java:194)
	at com.kms.katalon.core.main.ScriptEngine.runScriptAsRawText(ScriptEngine.java:119)
	at com.kms.katalon.core.main.TestCaseExecutor.runScript(TestCaseExecutor.java:337)
	at com.kms.katalon.core.main.TestCaseExecutor.doExecute(TestCaseExecutor.java:328)
	at com.kms.katalon.core.main.TestCaseExecutor.processExecutionPhase(TestCaseExecutor.java:307)
	at com.kms.katalon.core.main.TestCaseExecutor.accessMainPhase(TestCaseExecutor.java:299)
	at com.kms.katalon.core.main.TestCaseExecutor.execute(TestCaseExecutor.java:233)
	at com.kms.katalon.core.main.TestSuiteExecutor.accessTestCaseMainPhase(TestSuiteExecutor.java:169)
	at com.kms.katalon.core.main.TestSuiteExecutor.accessTestSuiteMainPhase(TestSuiteExecutor.java:142)
	at com.kms.katalon.core.main.TestSuiteExecutor.execute(TestSuiteExecutor.java:91)
	at com.kms.katalon.core.main.TestCaseMain.startTestSuite(TestCaseMain.java:157)
	at com.kms.katalon.core.main.TestCaseMain$startTestSuite$0.call(Unknown Source)
	at TempTestSuite1589296049355.run(TempTestSuite1589296049355.groovy:36)
Caused by: com.kms.katalon.core.exception.StepFailedException: Unable to verify text 'Sign in to ISPS2-SIT' is present 
	at com.kms.katalon.core.webui.keyword.internal.WebUIKeywordMain.stepFailed(WebUIKeywordMain.groovy:64)
	at com.kms.katalon.core.webui.keyword.internal.WebUIKeywordMain.runKeyword(WebUIKeywordMain.groovy:26)
	at com.kms.katalon.core.webui.keyword.builtin.VerifyTextPresentKeyword.verifyTextPresent(VerifyTextPresentKeyword.groovy:83)
	at com.kms.katalon.core.webui.keyword.builtin.VerifyTextPresentKeyword.execute(VerifyTextPresentKeyword.groovy:68)
	at com.kms.katalon.core.keyword.internal.KeywordExecutor.executeKeywordForPlatform(KeywordExecutor.groovy:72)
	at com.kms.katalon.core.webui.keyword.WebUiBuiltInKeywords.verifyTextPresent(WebUiBuiltInKeywords.groovy:1693)
	at com.kms.katalon.core.webui.keyword.WebUiBuiltInKeywords$verifyTextPresent$1.call(Unknown Source)
	at LoginV2.0.run(LoginV2.0:29)
	at com.kms.katalon.core.main.ScriptEngine.run(ScriptEngine.java:194)
	at com.kms.katalon.core.main.ScriptEngine.runScriptAsRawText(ScriptEngine.java:119)
	at com.kms.katalon.core.main.TestCaseExecutor.runScript(TestCaseExecutor.java:337)
	at com.kms.katalon.core.main.TestCaseExecutor.doExecute(TestCaseExecutor.java:328)
	at com.kms.katalon.core.main.TestCaseExecutor.processExecutionPhase(TestCaseExecutor.java:307)
	at com.kms.katalon.core.main.TestCaseExecutor.accessMainPhase(TestCaseExecutor.java:299)
	at com.kms.katalon.core.main.TestCaseExecutor.execute(TestCaseExecutor.java:233)
	at com.kms.katalon.core.main.TestCaseMain.runTestCase(TestCaseMain.java:114)
	at com.kms.katalon.core.keyword.builtin.CallTestCaseKeyword$_callTestCase_closure1.doCall(CallTestCaseKeyword.groovy:59)
	... 20 more
Caused by: com.kms.katalon.core.exception.StepFailedException: Text 'Sign in to ISPS2-SIT' is not present on page 
	at com.kms.katalon.core.webui.keyword.internal.WebUIKeywordMain.stepFailed(WebUIKeywordMain.groovy:64)
	at com.kms.katalon.core.webui.keyword.builtin.VerifyTextPresentKeyword$_verifyTextPresent_closure1.doCall(VerifyTextPresentKeyword.groovy:79)
	at com.kms.katalon.core.webui.keyword.builtin.VerifyTextPresentKeyword$_verifyTextPresent_closure1.call(VerifyTextPresentKeyword.groovy)
	at com.kms.katalon.core.webui.keyword.internal.WebUIKeywordMain.runKeyword(WebUIKeywordMain.groovy:20)
	... 35 more]]></system-err>
      </testcase>
      <testcase name="Test Cases/PFI Precision and Scale/PFI Test Cases/PFI.ConvertToAuditInspectionLHS" time="27.814" classname="Test Cases/PFI Precision and Scale/PFI Test Cases/PFI.ConvertToAuditInspectionLHS" status="FAILED">
         <failure type="FAILED" message="Test Cases/PFI Precision and Scale/PFI Test Cases/PFI.ConvertToAuditInspectionLHS FAILED.
Reason:
com.kms.katalon.core.exception.StepFailedException: Call Test Case 'Test Cases/Components/LoginV2.0' failed
	at com.kms.katalon.core.keyword.builtin.CallTestCaseKeyword$_callTestCase_closure1.doCall(CallTestCaseKeyword.groovy:63)
	at com.kms.katalon.core.keyword.builtin.CallTestCaseKeyword$_callTestCase_closure1.call(CallTestCaseKeyword.groovy)
	at com.kms.katalon.core.keyword.internal.KeywordMain.runKeyword(KeywordMain.groovy:68)
	at com.kms.katalon.core.keyword.builtin.CallTestCaseKeyword.callTestCase(CallTestCaseKeyword.groovy:81)
	at com.kms.katalon.core.keyword.builtin.CallTestCaseKeyword.execute(CallTestCaseKeyword.groovy:44)
	at com.kms.katalon.core.keyword.internal.KeywordExecutor.executeKeywordForPlatform(KeywordExecutor.groovy:72)
	at com.kms.katalon.core.keyword.BuiltinKeywords.callTestCase(BuiltinKeywords.groovy:334)
	at PFI.ConvertToAuditInspectionLHS.run(PFI.ConvertToAuditInspectionLHS:21)
	at com.kms.katalon.core.main.ScriptEngine.run(ScriptEngine.java:194)
	at com.kms.katalon.core.main.ScriptEngine.runScriptAsRawText(ScriptEngine.java:119)
	at com.kms.katalon.core.main.TestCaseExecutor.runScript(TestCaseExecutor.java:337)
	at com.kms.katalon.core.main.TestCaseExecutor.doExecute(TestCaseExecutor.java:328)
	at com.kms.katalon.core.main.TestCaseExecutor.processExecutionPhase(TestCaseExecutor.java:307)
	at com.kms.katalon.core.main.TestCaseExecutor.accessMainPhase(TestCaseExecutor.java:299)
	at com.kms.katalon.core.main.TestCaseExecutor.execute(TestCaseExecutor.java:233)
	at com.kms.katalon.core.main.TestSuiteExecutor.accessTestCaseMainPhase(TestSuiteExecutor.java:169)
	at com.kms.katalon.core.main.TestSuiteExecutor.accessTestSuiteMainPhase(TestSuiteExecutor.java:142)
	at com.kms.katalon.core.main.TestSuiteExecutor.execute(TestSuiteExecutor.java:91)
	at com.kms.katalon.core.main.TestCaseMain.startTestSuite(TestCaseMain.java:157)
	at com.kms.katalon.core.main.TestCaseMain$startTestSuite$0.call(Unknown Source)
	at TempTestSuite1589296049355.run(TempTestSuite1589296049355.groovy:36)
Caused by: com.kms.katalon.core.exception.StepFailedException: Unable to verify text 'Sign in to ISPS2-SIT' is present 
	at com.kms.katalon.core.webui.keyword.internal.WebUIKeywordMain.stepFailed(WebUIKeywordMain.groovy:64)
	at com.kms.katalon.core.webui.keyword.internal.WebUIKeywordMain.runKeyword(WebUIKeywordMain.groovy:26)
	at com.kms.katalon.core.webui.keyword.builtin.VerifyTextPresentKeyword.verifyTextPresent(VerifyTextPresentKeyword.groovy:83)
	at com.kms.katalon.core.webui.keyword.builtin.VerifyTextPresentKeyword.execute(VerifyTextPresentKeyword.groovy:68)
	at com.kms.katalon.core.keyword.internal.KeywordExecutor.executeKeywordForPlatform(KeywordExecutor.groovy:72)
	at com.kms.katalon.core.webui.keyword.WebUiBuiltInKeywords.verifyTextPresent(WebUiBuiltInKeywords.groovy:1693)
	at com.kms.katalon.core.webui.keyword.WebUiBuiltInKeywords$verifyTextPresent$1.call(Unknown Source)
	at LoginV2.0.run(LoginV2.0:29)
	at com.kms.katalon.core.main.ScriptEngine.run(ScriptEngine.java:194)
	at com.kms.katalon.core.main.ScriptEngine.runScriptAsRawText(ScriptEngine.java:119)
	at com.kms.katalon.core.main.TestCaseExecutor.runScript(TestCaseExecutor.java:337)
	at com.kms.katalon.core.main.TestCaseExecutor.doExecute(TestCaseExecutor.java:328)
	at com.kms.katalon.core.main.TestCaseExecutor.processExecutionPhase(TestCaseExecutor.java:307)
	at com.kms.katalon.core.main.TestCaseExecutor.accessMainPhase(TestCaseExecutor.java:299)
	at com.kms.katalon.core.main.TestCaseExecutor.execute(TestCaseExecutor.java:233)
	at com.kms.katalon.core.main.TestCaseMain.runTestCase(TestCaseMain.java:114)
	at com.kms.katalon.core.keyword.builtin.CallTestCaseKeyword$_callTestCase_closure1.doCall(CallTestCaseKeyword.groovy:59)
	... 20 more
Caused by: com.kms.katalon.core.exception.StepFailedException: Text 'Sign in to ISPS2-SIT' is not present on page 
	at com.kms.katalon.core.webui.keyword.internal.WebUIKeywordMain.stepFailed(WebUIKeywordMain.groovy:64)
	at com.kms.katalon.core.webui.keyword.builtin.VerifyTextPresentKeyword$_verifyTextPresent_closure1.doCall(VerifyTextPresentKeyword.groovy:79)
	at com.kms.katalon.core.webui.keyword.builtin.VerifyTextPresentKeyword$_verifyTextPresent_closure1.call(VerifyTextPresentKeyword.groovy)
	at com.kms.katalon.core.webui.keyword.internal.WebUIKeywordMain.runKeyword(WebUIKeywordMain.groovy:20)
	... 35 more
"/>
         <system-out><![CDATA[2020-05-12 23:19:12 - [TEST_CASE][FAILED] - Test Cases/PFI Precision and Scale/PFI Test Cases/PFI.ConvertToAuditInspectionLHS: Test Cases/PFI Precision and Scale/PFI Test Cases/PFI.ConvertToAuditInspectionLHS FAILED.
Reason:
com.kms.katalon.core.exception.StepFailedException: Call Test Case 'Test Cases/Components/LoginV2.0' failed
	at com.kms.katalon.core.keyword.builtin.CallTestCaseKeyword$_callTestCase_closure1.doCall(CallTestCaseKeyword.groovy:63)
	at com.kms.katalon.core.keyword.builtin.CallTestCaseKeyword$_callTestCase_closure1.call(CallTestCaseKeyword.groovy)
	at com.kms.katalon.core.keyword.internal.KeywordMain.runKeyword(KeywordMain.groovy:68)
	at com.kms.katalon.core.keyword.builtin.CallTestCaseKeyword.callTestCase(CallTestCaseKeyword.groovy:81)
	at com.kms.katalon.core.keyword.builtin.CallTestCaseKeyword.execute(CallTestCaseKeyword.groovy:44)
	at com.kms.katalon.core.keyword.internal.KeywordExecutor.executeKeywordForPlatform(KeywordExecutor.groovy:72)
	at com.kms.katalon.core.keyword.BuiltinKeywords.callTestCase(BuiltinKeywords.groovy:334)
	at PFI.ConvertToAuditInspectionLHS.run(PFI.ConvertToAuditInspectionLHS:21)
	at com.kms.katalon.core.main.ScriptEngine.run(ScriptEngine.java:194)
	at com.kms.katalon.core.main.ScriptEngine.runScriptAsRawText(ScriptEngine.java:119)
	at com.kms.katalon.core.main.TestCaseExecutor.runScript(TestCaseExecutor.java:337)
	at com.kms.katalon.core.main.TestCaseExecutor.doExecute(TestCaseExecutor.java:328)
	at com.kms.katalon.core.main.TestCaseExecutor.processExecutionPhase(TestCaseExecutor.java:307)
	at com.kms.katalon.core.main.TestCaseExecutor.accessMainPhase(TestCaseExecutor.java:299)
	at com.kms.katalon.core.main.TestCaseExecutor.execute(TestCaseExecutor.java:233)
	at com.kms.katalon.core.main.TestSuiteExecutor.accessTestCaseMainPhase(TestSuiteExecutor.java:169)
	at com.kms.katalon.core.main.TestSuiteExecutor.accessTestSuiteMainPhase(TestSuiteExecutor.java:142)
	at com.kms.katalon.core.main.TestSuiteExecutor.execute(TestSuiteExecutor.java:91)
	at com.kms.katalon.core.main.TestCaseMain.startTestSuite(TestCaseMain.java:157)
	at com.kms.katalon.core.main.TestCaseMain$startTestSuite$0.call(Unknown Source)
	at TempTestSuite1589296049355.run(TempTestSuite1589296049355.groovy:36)
Caused by: com.kms.katalon.core.exception.StepFailedException: Unable to verify text 'Sign in to ISPS2-SIT' is present 
	at com.kms.katalon.core.webui.keyword.internal.WebUIKeywordMain.stepFailed(WebUIKeywordMain.groovy:64)
	at com.kms.katalon.core.webui.keyword.internal.WebUIKeywordMain.runKeyword(WebUIKeywordMain.groovy:26)
	at com.kms.katalon.core.webui.keyword.builtin.VerifyTextPresentKeyword.verifyTextPresent(VerifyTextPresentKeyword.groovy:83)
	at com.kms.katalon.core.webui.keyword.builtin.VerifyTextPresentKeyword.execute(VerifyTextPresentKeyword.groovy:68)
	at com.kms.katalon.core.keyword.internal.KeywordExecutor.executeKeywordForPlatform(KeywordExecutor.groovy:72)
	at com.kms.katalon.core.webui.keyword.WebUiBuiltInKeywords.verifyTextPresent(WebUiBuiltInKeywords.groovy:1693)
	at com.kms.katalon.core.webui.keyword.WebUiBuiltInKeywords$verifyTextPresent$1.call(Unknown Source)
	at LoginV2.0.run(LoginV2.0:29)
	at com.kms.katalon.core.main.ScriptEngine.run(ScriptEngine.java:194)
	at com.kms.katalon.core.main.ScriptEngine.runScriptAsRawText(ScriptEngine.java:119)
	at com.kms.katalon.core.main.TestCaseExecutor.runScript(TestCaseExecutor.java:337)
	at com.kms.katalon.core.main.TestCaseExecutor.doExecute(TestCaseExecutor.java:328)
	at com.kms.katalon.core.main.TestCaseExecutor.processExecutionPhase(TestCaseExecutor.java:307)
	at com.kms.katalon.core.main.TestCaseExecutor.accessMainPhase(TestCaseExecutor.java:299)
	at com.kms.katalon.core.main.TestCaseExecutor.execute(TestCaseExecutor.java:233)
	at com.kms.katalon.core.main.TestCaseMain.runTestCase(TestCaseMain.java:114)
	at com.kms.katalon.core.keyword.builtin.CallTestCaseKeyword$_callTestCase_closure1.doCall(CallTestCaseKeyword.groovy:59)
	... 20 more
Caused by: com.kms.katalon.core.exception.StepFailedException: Text 'Sign in to ISPS2-SIT' is not present on page 
	at com.kms.katalon.core.webui.keyword.internal.WebUIKeywordMain.stepFailed(WebUIKeywordMain.groovy:64)
	at com.kms.katalon.core.webui.keyword.builtin.VerifyTextPresentKeyword$_verifyTextPresent_closure1.doCall(VerifyTextPresentKeyword.groovy:79)
	at com.kms.katalon.core.webui.keyword.builtin.VerifyTextPresentKeyword$_verifyTextPresent_closure1.call(VerifyTextPresentKeyword.groovy)
	at com.kms.katalon.core.webui.keyword.internal.WebUIKeywordMain.runKeyword(WebUIKeywordMain.groovy:20)
	... 35 more


2020-05-12 23:19:12 - [TEST_STEP][FAILED] - callTestCase(findTestCase("Components/LoginV2.0"), ["LinkToBeUsed":findTestData("ISPS2 Test Data").getValue("URL", 2), "LoginPageTextToBeVerified":findTestData("ISPS2 Test Data").getValue("HomeBanner", 2), ... ], STOP_ON_FAILURE): Unable to call Test Case 'Test Cases/Components/LoginV2.0' (Root cause: com.kms.katalon.core.exception.StepFailedException: Call Test Case 'Test Cases/Components/LoginV2.0' failed
	at com.kms.katalon.core.keyword.builtin.CallTestCaseKeyword$_callTestCase_closure1.doCall(CallTestCaseKeyword.groovy:63)
	at com.kms.katalon.core.keyword.builtin.CallTestCaseKeyword$_callTestCase_closure1.call(CallTestCaseKeyword.groovy)
	at com.kms.katalon.core.keyword.internal.KeywordMain.runKeyword(KeywordMain.groovy:68)
	at com.kms.katalon.core.keyword.builtin.CallTestCaseKeyword.callTestCase(CallTestCaseKeyword.groovy:81)
	at com.kms.katalon.core.keyword.builtin.CallTestCaseKeyword.execute(CallTestCaseKeyword.groovy:44)
	at com.kms.katalon.core.keyword.internal.KeywordExecutor.executeKeywordForPlatform(KeywordExecutor.groovy:72)
	at com.kms.katalon.core.keyword.BuiltinKeywords.callTestCase(BuiltinKeywords.groovy:334)
	at PFI.ConvertToAuditInspectionLHS.run(PFI.ConvertToAuditInspectionLHS:21)
	at com.kms.katalon.core.main.ScriptEngine.run(ScriptEngine.java:194)
	at com.kms.katalon.core.main.ScriptEngine.runScriptAsRawText(ScriptEngine.java:119)
	at com.kms.katalon.core.main.TestCaseExecutor.runScript(TestCaseExecutor.java:337)
	at com.kms.katalon.core.main.TestCaseExecutor.doExecute(TestCaseExecutor.java:328)
	at com.kms.katalon.core.main.TestCaseExecutor.processExecutionPhase(TestCaseExecutor.java:307)
	at com.kms.katalon.core.main.TestCaseExecutor.accessMainPhase(TestCaseExecutor.java:299)
	at com.kms.katalon.core.main.TestCaseExecutor.execute(TestCaseExecutor.java:233)
	at com.kms.katalon.core.main.TestSuiteExecutor.accessTestCaseMainPhase(TestSuiteExecutor.java:169)
	at com.kms.katalon.core.main.TestSuiteExecutor.accessTestSuiteMainPhase(TestSuiteExecutor.java:142)
	at com.kms.katalon.core.main.TestSuiteExecutor.execute(TestSuiteExecutor.java:91)
	at com.kms.katalon.core.main.TestCaseMain.startTestSuite(TestCaseMain.java:157)
	at com.kms.katalon.core.main.TestCaseMain$startTestSuite$0.call(Unknown Source)
	at TempTestSuite1589296049355.run(TempTestSuite1589296049355.groovy:36)
Caused by: com.kms.katalon.core.exception.StepFailedException: Unable to verify text 'Sign in to ISPS2-SIT' is present 
	at com.kms.katalon.core.webui.keyword.internal.WebUIKeywordMain.stepFailed(WebUIKeywordMain.groovy:64)
	at com.kms.katalon.core.webui.keyword.internal.WebUIKeywordMain.runKeyword(WebUIKeywordMain.groovy:26)
	at com.kms.katalon.core.webui.keyword.builtin.VerifyTextPresentKeyword.verifyTextPresent(VerifyTextPresentKeyword.groovy:83)
	at com.kms.katalon.core.webui.keyword.builtin.VerifyTextPresentKeyword.execute(VerifyTextPresentKeyword.groovy:68)
	at com.kms.katalon.core.keyword.internal.KeywordExecutor.executeKeywordForPlatform(KeywordExecutor.groovy:72)
	at com.kms.katalon.core.webui.keyword.WebUiBuiltInKeywords.verifyTextPresent(WebUiBuiltInKeywords.groovy:1693)
	at com.kms.katalon.core.webui.keyword.WebUiBuiltInKeywords$verifyTextPresent$1.call(Unknown Source)
	at LoginV2.0.run(LoginV2.0:29)
	at com.kms.katalon.core.main.ScriptEngine.run(ScriptEngine.java:194)
	at com.kms.katalon.core.main.ScriptEngine.runScriptAsRawText(ScriptEngine.java:119)
	at com.kms.katalon.core.main.TestCaseExecutor.runScript(TestCaseExecutor.java:337)
	at com.kms.katalon.core.main.TestCaseExecutor.doExecute(TestCaseExecutor.java:328)
	at com.kms.katalon.core.main.TestCaseExecutor.processExecutionPhase(TestCaseExecutor.java:307)
	at com.kms.katalon.core.main.TestCaseExecutor.accessMainPhase(TestCaseExecutor.java:299)
	at com.kms.katalon.core.main.TestCaseExecutor.execute(TestCaseExecutor.java:233)
	at com.kms.katalon.core.main.TestCaseMain.runTestCase(TestCaseMain.java:114)
	at com.kms.katalon.core.keyword.builtin.CallTestCaseKeyword$_callTestCase_closure1.doCall(CallTestCaseKeyword.groovy:59)
	... 20 more
Caused by: com.kms.katalon.core.exception.StepFailedException: Text 'Sign in to ISPS2-SIT' is not present on page 
	at com.kms.katalon.core.webui.keyword.internal.WebUIKeywordMain.stepFailed(WebUIKeywordMain.groovy:64)
	at com.kms.katalon.core.webui.keyword.builtin.VerifyTextPresentKeyword$_verifyTextPresent_closure1.doCall(VerifyTextPresentKeyword.groovy:79)
	at com.kms.katalon.core.webui.keyword.builtin.VerifyTextPresentKeyword$_verifyTextPresent_closure1.call(VerifyTextPresentKeyword.groovy)
	at com.kms.katalon.core.webui.keyword.internal.WebUIKeywordMain.runKeyword(WebUIKeywordMain.groovy:20)
	... 35 more
)

2020-05-12 23:19:12 - [TEST_CASE][FAILED] - Test Cases/Components/LoginV2.0: Test Cases/Components/LoginV2.0 FAILED.
Reason:
com.kms.katalon.core.exception.StepFailedException: Unable to verify text 'Sign in to ISPS2-SIT' is present 
	at com.kms.katalon.core.webui.keyword.internal.WebUIKeywordMain.stepFailed(WebUIKeywordMain.groovy:64)
	at com.kms.katalon.core.webui.keyword.internal.WebUIKeywordMain.runKeyword(WebUIKeywordMain.groovy:26)
	at com.kms.katalon.core.webui.keyword.builtin.VerifyTextPresentKeyword.verifyTextPresent(VerifyTextPresentKeyword.groovy:83)
	at com.kms.katalon.core.webui.keyword.builtin.VerifyTextPresentKeyword.execute(VerifyTextPresentKeyword.groovy:68)
	at com.kms.katalon.core.keyword.internal.KeywordExecutor.executeKeywordForPlatform(KeywordExecutor.groovy:72)
	at com.kms.katalon.core.webui.keyword.WebUiBuiltInKeywords.verifyTextPresent(WebUiBuiltInKeywords.groovy:1693)
	at com.kms.katalon.core.webui.keyword.WebUiBuiltInKeywords$verifyTextPresent$1.call(Unknown Source)
	at LoginV2.0.run(LoginV2.0:29)
	at com.kms.katalon.core.main.ScriptEngine.run(ScriptEngine.java:194)
	at com.kms.katalon.core.main.ScriptEngine.runScriptAsRawText(ScriptEngine.java:119)
	at com.kms.katalon.core.main.TestCaseExecutor.runScript(TestCaseExecutor.java:337)
	at com.kms.katalon.core.main.TestCaseExecutor.doExecute(TestCaseExecutor.java:328)
	at com.kms.katalon.core.main.TestCaseExecutor.processExecutionPhase(TestCaseExecutor.java:307)
	at com.kms.katalon.core.main.TestCaseExecutor.accessMainPhase(TestCaseExecutor.java:299)
	at com.kms.katalon.core.main.TestCaseExecutor.execute(TestCaseExecutor.java:233)
	at com.kms.katalon.core.main.TestCaseMain.runTestCase(TestCaseMain.java:114)
	at com.kms.katalon.core.keyword.builtin.CallTestCaseKeyword$_callTestCase_closure1.doCall(CallTestCaseKeyword.groovy:59)
	at com.kms.katalon.core.keyword.builtin.CallTestCaseKeyword$_callTestCase_closure1.call(CallTestCaseKeyword.groovy)
	at com.kms.katalon.core.keyword.internal.KeywordMain.runKeyword(KeywordMain.groovy:68)
	at com.kms.katalon.core.keyword.builtin.CallTestCaseKeyword.callTestCase(CallTestCaseKeyword.groovy:81)
	at com.kms.katalon.core.keyword.builtin.CallTestCaseKeyword.execute(CallTestCaseKeyword.groovy:44)
	at com.kms.katalon.core.keyword.internal.KeywordExecutor.executeKeywordForPlatform(KeywordExecutor.groovy:72)
	at com.kms.katalon.core.keyword.BuiltinKeywords.callTestCase(BuiltinKeywords.groovy:334)
	at PFI.ConvertToAuditInspectionLHS.run(PFI.ConvertToAuditInspectionLHS:21)
	at com.kms.katalon.core.main.ScriptEngine.run(ScriptEngine.java:194)
	at com.kms.katalon.core.main.ScriptEngine.runScriptAsRawText(ScriptEngine.java:119)
	at com.kms.katalon.core.main.TestCaseExecutor.runScript(TestCaseExecutor.java:337)
	at com.kms.katalon.core.main.TestCaseExecutor.doExecute(TestCaseExecutor.java:328)
	at com.kms.katalon.core.main.TestCaseExecutor.processExecutionPhase(TestCaseExecutor.java:307)
	at com.kms.katalon.core.main.TestCaseExecutor.accessMainPhase(TestCaseExecutor.java:299)
	at com.kms.katalon.core.main.TestCaseExecutor.execute(TestCaseExecutor.java:233)
	at com.kms.katalon.core.main.TestSuiteExecutor.accessTestCaseMainPhase(TestSuiteExecutor.java:169)
	at com.kms.katalon.core.main.TestSuiteExecutor.accessTestSuiteMainPhase(TestSuiteExecutor.java:142)
	at com.kms.katalon.core.main.TestSuiteExecutor.execute(TestSuiteExecutor.java:91)
	at com.kms.katalon.core.main.TestCaseMain.startTestSuite(TestCaseMain.java:157)
	at com.kms.katalon.core.main.TestCaseMain$startTestSuite$0.call(Unknown Source)
	at TempTestSuite1589296049355.run(TempTestSuite1589296049355.groovy:36)
Caused by: com.kms.katalon.core.exception.StepFailedException: Text 'Sign in to ISPS2-SIT' is not present on page 
	at com.kms.katalon.core.webui.keyword.internal.WebUIKeywordMain.stepFailed(WebUIKeywordMain.groovy:64)
	at com.kms.katalon.core.webui.keyword.builtin.VerifyTextPresentKeyword$_verifyTextPresent_closure1.doCall(VerifyTextPresentKeyword.groovy:79)
	at com.kms.katalon.core.webui.keyword.builtin.VerifyTextPresentKeyword$_verifyTextPresent_closure1.call(VerifyTextPresentKeyword.groovy)
	at com.kms.katalon.core.webui.keyword.internal.WebUIKeywordMain.runKeyword(WebUIKeywordMain.groovy:20)
	... 35 more


2020-05-12 23:19:12 - [TEST_STEP][PASSED] - openBrowser(LinkToBeUsed): Browser is opened with url: 'http://192.168.190.37:3012/isps2-mig/authnz/login.do'

2020-05-12 23:19:12 - [MESSAGE][WARNING] - A browser is already opened. Closing browser and opening a new one

2020-05-12 23:19:13 - [MESSAGE][INFO] - Starting 'Chrome' driver

2020-05-12 23:19:37 - [MESSAGE][PASSED] - Browser is opened with url: 'http://192.168.190.37:3012/isps2-mig/authnz/login.do'

2020-05-12 23:19:37 - [TEST_STEP][PASSED] - maximizeWindow(): Current window maximized

2020-05-12 23:19:39 - [MESSAGE][PASSED] - Current window maximized

2020-05-12 23:19:39 - [TEST_STEP][FAILED] - verifyTextPresent(LoginPageTextToBeVerified, false): Unable to verify text 'Sign in to ISPS2-SIT' is present  (Root cause: com.kms.katalon.core.exception.StepFailedException: Unable to verify text 'Sign in to ISPS2-SIT' is present 
	at com.kms.katalon.core.webui.keyword.internal.WebUIKeywordMain.stepFailed(WebUIKeywordMain.groovy:64)
	at com.kms.katalon.core.webui.keyword.internal.WebUIKeywordMain.runKeyword(WebUIKeywordMain.groovy:26)
	at com.kms.katalon.core.webui.keyword.builtin.VerifyTextPresentKeyword.verifyTextPresent(VerifyTextPresentKeyword.groovy:83)
	at com.kms.katalon.core.webui.keyword.builtin.VerifyTextPresentKeyword.execute(VerifyTextPresentKeyword.groovy:68)
	at com.kms.katalon.core.keyword.internal.KeywordExecutor.executeKeywordForPlatform(KeywordExecutor.groovy:72)
	at com.kms.katalon.core.webui.keyword.WebUiBuiltInKeywords.verifyTextPresent(WebUiBuiltInKeywords.groovy:1693)
	at com.kms.katalon.core.webui.keyword.WebUiBuiltInKeywords$verifyTextPresent$1.call(Unknown Source)
	at LoginV2.0.run(LoginV2.0:29)
	at com.kms.katalon.core.main.ScriptEngine.run(ScriptEngine.java:194)
	at com.kms.katalon.core.main.ScriptEngine.runScriptAsRawText(ScriptEngine.java:119)
	at com.kms.katalon.core.main.TestCaseExecutor.runScript(TestCaseExecutor.java:337)
	at com.kms.katalon.core.main.TestCaseExecutor.doExecute(TestCaseExecutor.java:328)
	at com.kms.katalon.core.main.TestCaseExecutor.processExecutionPhase(TestCaseExecutor.java:307)
	at com.kms.katalon.core.main.TestCaseExecutor.accessMainPhase(TestCaseExecutor.java:299)
	at com.kms.katalon.core.main.TestCaseExecutor.execute(TestCaseExecutor.java:233)
	at com.kms.katalon.core.main.TestCaseMain.runTestCase(TestCaseMain.java:114)
	at com.kms.katalon.core.keyword.builtin.CallTestCaseKeyword$_callTestCase_closure1.doCall(CallTestCaseKeyword.groovy:59)
	at com.kms.katalon.core.keyword.builtin.CallTestCaseKeyword$_callTestCase_closure1.call(CallTestCaseKeyword.groovy)
	at com.kms.katalon.core.keyword.internal.KeywordMain.runKeyword(KeywordMain.groovy:68)
	at com.kms.katalon.core.keyword.builtin.CallTestCaseKeyword.callTestCase(CallTestCaseKeyword.groovy:81)
	at com.kms.katalon.core.keyword.builtin.CallTestCaseKeyword.execute(CallTestCaseKeyword.groovy:44)
	at com.kms.katalon.core.keyword.internal.KeywordExecutor.executeKeywordForPlatform(KeywordExecutor.groovy:72)
	at com.kms.katalon.core.keyword.BuiltinKeywords.callTestCase(BuiltinKeywords.groovy:334)
	at PFI.ConvertToAuditInspectionLHS.run(PFI.ConvertToAuditInspectionLHS:21)
	at com.kms.katalon.core.main.ScriptEngine.run(ScriptEngine.java:194)
	at com.kms.katalon.core.main.ScriptEngine.runScriptAsRawText(ScriptEngine.java:119)
	at com.kms.katalon.core.main.TestCaseExecutor.runScript(TestCaseExecutor.java:337)
	at com.kms.katalon.core.main.TestCaseExecutor.doExecute(TestCaseExecutor.java:328)
	at com.kms.katalon.core.main.TestCaseExecutor.processExecutionPhase(TestCaseExecutor.java:307)
	at com.kms.katalon.core.main.TestCaseExecutor.accessMainPhase(TestCaseExecutor.java:299)
	at com.kms.katalon.core.main.TestCaseExecutor.execute(TestCaseExecutor.java:233)
	at com.kms.katalon.core.main.TestSuiteExecutor.accessTestCaseMainPhase(TestSuiteExecutor.java:169)
	at com.kms.katalon.core.main.TestSuiteExecutor.accessTestSuiteMainPhase(TestSuiteExecutor.java:142)
	at com.kms.katalon.core.main.TestSuiteExecutor.execute(TestSuiteExecutor.java:91)
	at com.kms.katalon.core.main.TestCaseMain.startTestSuite(TestCaseMain.java:157)
	at com.kms.katalon.core.main.TestCaseMain$startTestSuite$0.call(Unknown Source)
	at TempTestSuite1589296049355.run(TempTestSuite1589296049355.groovy:36)
Caused by: com.kms.katalon.core.exception.StepFailedException: Text 'Sign in to ISPS2-SIT' is not present on page 
	at com.kms.katalon.core.webui.keyword.internal.WebUIKeywordMain.stepFailed(WebUIKeywordMain.groovy:64)
	at com.kms.katalon.core.webui.keyword.builtin.VerifyTextPresentKeyword$_verifyTextPresent_closure1.doCall(VerifyTextPresentKeyword.groovy:79)
	at com.kms.katalon.core.webui.keyword.builtin.VerifyTextPresentKeyword$_verifyTextPresent_closure1.call(VerifyTextPresentKeyword.groovy)
	at com.kms.katalon.core.webui.keyword.internal.WebUIKeywordMain.runKeyword(WebUIKeywordMain.groovy:20)
	... 35 more
)

2020-05-12 23:19:39 - [MESSAGE][FAILED] - Text 'Sign in to ISPS2-SIT' is not present on page  (Root cause: com.kms.katalon.core.exception.StepFailedException: Text 'Sign in to ISPS2-SIT' is not present on page 
	at com.kms.katalon.core.webui.keyword.internal.WebUIKeywordMain.stepFailed(WebUIKeywordMain.groovy:64)
	at com.kms.katalon.core.webui.keyword.builtin.VerifyTextPresentKeyword$_verifyTextPresent_closure1.doCall(VerifyTextPresentKeyword.groovy:79)
	at com.kms.katalon.core.webui.keyword.builtin.VerifyTextPresentKeyword$_verifyTextPresent_closure1.call(VerifyTextPresentKeyword.groovy)
	at com.kms.katalon.core.webui.keyword.internal.WebUIKeywordMain.runKeyword(WebUIKeywordMain.groovy:20)
	at com.kms.katalon.core.webui.keyword.builtin.VerifyTextPresentKeyword.verifyTextPresent(VerifyTextPresentKeyword.groovy:83)
	at com.kms.katalon.core.webui.keyword.builtin.VerifyTextPresentKeyword.execute(VerifyTextPresentKeyword.groovy:68)
	at com.kms.katalon.core.keyword.internal.KeywordExecutor.executeKeywordForPlatform(KeywordExecutor.groovy:72)
	at com.kms.katalon.core.webui.keyword.WebUiBuiltInKeywords.verifyTextPresent(WebUiBuiltInKeywords.groovy:1693)
	at com.kms.katalon.core.webui.keyword.WebUiBuiltInKeywords$verifyTextPresent$1.call(Unknown Source)
	at LoginV2.0.run(LoginV2.0:29)
	at com.kms.katalon.core.main.ScriptEngine.run(ScriptEngine.java:194)
	at com.kms.katalon.core.main.ScriptEngine.runScriptAsRawText(ScriptEngine.java:119)
	at com.kms.katalon.core.main.TestCaseExecutor.runScript(TestCaseExecutor.java:337)
	at com.kms.katalon.core.main.TestCaseExecutor.doExecute(TestCaseExecutor.java:328)
	at com.kms.katalon.core.main.TestCaseExecutor.processExecutionPhase(TestCaseExecutor.java:307)
	at com.kms.katalon.core.main.TestCaseExecutor.accessMainPhase(TestCaseExecutor.java:299)
	at com.kms.katalon.core.main.TestCaseExecutor.execute(TestCaseExecutor.java:233)
	at com.kms.katalon.core.main.TestCaseMain.runTestCase(TestCaseMain.java:114)
	at com.kms.katalon.core.keyword.builtin.CallTestCaseKeyword$_callTestCase_closure1.doCall(CallTestCaseKeyword.groovy:59)
	at com.kms.katalon.core.keyword.builtin.CallTestCaseKeyword$_callTestCase_closure1.call(CallTestCaseKeyword.groovy)
	at com.kms.katalon.core.keyword.internal.KeywordMain.runKeyword(KeywordMain.groovy:68)
	at com.kms.katalon.core.keyword.builtin.CallTestCaseKeyword.callTestCase(CallTestCaseKeyword.groovy:81)
	at com.kms.katalon.core.keyword.builtin.CallTestCaseKeyword.execute(CallTestCaseKeyword.groovy:44)
	at com.kms.katalon.core.keyword.internal.KeywordExecutor.executeKeywordForPlatform(KeywordExecutor.groovy:72)
	at com.kms.katalon.core.keyword.BuiltinKeywords.callTestCase(BuiltinKeywords.groovy:334)
	at PFI.ConvertToAuditInspectionLHS.run(PFI.ConvertToAuditInspectionLHS:21)
	at com.kms.katalon.core.main.ScriptEngine.run(ScriptEngine.java:194)
	at com.kms.katalon.core.main.ScriptEngine.runScriptAsRawText(ScriptEngine.java:119)
	at com.kms.katalon.core.main.TestCaseExecutor.runScript(TestCaseExecutor.java:337)
	at com.kms.katalon.core.main.TestCaseExecutor.doExecute(TestCaseExecutor.java:328)
	at com.kms.katalon.core.main.TestCaseExecutor.processExecutionPhase(TestCaseExecutor.java:307)
	at com.kms.katalon.core.main.TestCaseExecutor.accessMainPhase(TestCaseExecutor.java:299)
	at com.kms.katalon.core.main.TestCaseExecutor.execute(TestCaseExecutor.java:233)
	at com.kms.katalon.core.main.TestSuiteExecutor.accessTestCaseMainPhase(TestSuiteExecutor.java:169)
	at com.kms.katalon.core.main.TestSuiteExecutor.accessTestSuiteMainPhase(TestSuiteExecutor.java:142)
	at com.kms.katalon.core.main.TestSuiteExecutor.execute(TestSuiteExecutor.java:91)
	at com.kms.katalon.core.main.TestCaseMain.startTestSuite(TestCaseMain.java:157)
	at com.kms.katalon.core.main.TestCaseMain$startTestSuite$0.call(Unknown Source)
	at TempTestSuite1589296049355.run(TempTestSuite1589296049355.groovy:36)
)

2020-05-12 23:19:40 - [MESSAGE][FAILED] - Unable to verify text 'Sign in to ISPS2-SIT' is present  (Root cause: com.kms.katalon.core.exception.StepFailedException: Unable to verify text 'Sign in to ISPS2-SIT' is present 
	at com.kms.katalon.core.webui.keyword.internal.WebUIKeywordMain.stepFailed(WebUIKeywordMain.groovy:64)
	at com.kms.katalon.core.webui.keyword.internal.WebUIKeywordMain.runKeyword(WebUIKeywordMain.groovy:26)
	at com.kms.katalon.core.webui.keyword.builtin.VerifyTextPresentKeyword.verifyTextPresent(VerifyTextPresentKeyword.groovy:83)
	at com.kms.katalon.core.webui.keyword.builtin.VerifyTextPresentKeyword.execute(VerifyTextPresentKeyword.groovy:68)
	at com.kms.katalon.core.keyword.internal.KeywordExecutor.executeKeywordForPlatform(KeywordExecutor.groovy:72)
	at com.kms.katalon.core.webui.keyword.WebUiBuiltInKeywords.verifyTextPresent(WebUiBuiltInKeywords.groovy:1693)
	at com.kms.katalon.core.webui.keyword.WebUiBuiltInKeywords$verifyTextPresent$1.call(Unknown Source)
	at LoginV2.0.run(LoginV2.0:29)
	at com.kms.katalon.core.main.ScriptEngine.run(ScriptEngine.java:194)
	at com.kms.katalon.core.main.ScriptEngine.runScriptAsRawText(ScriptEngine.java:119)
	at com.kms.katalon.core.main.TestCaseExecutor.runScript(TestCaseExecutor.java:337)
	at com.kms.katalon.core.main.TestCaseExecutor.doExecute(TestCaseExecutor.java:328)
	at com.kms.katalon.core.main.TestCaseExecutor.processExecutionPhase(TestCaseExecutor.java:307)
	at com.kms.katalon.core.main.TestCaseExecutor.accessMainPhase(TestCaseExecutor.java:299)
	at com.kms.katalon.core.main.TestCaseExecutor.execute(TestCaseExecutor.java:233)
	at com.kms.katalon.core.main.TestCaseMain.runTestCase(TestCaseMain.java:114)
	at com.kms.katalon.core.keyword.builtin.CallTestCaseKeyword$_callTestCase_closure1.doCall(CallTestCaseKeyword.groovy:59)
	at com.kms.katalon.core.keyword.builtin.CallTestCaseKeyword$_callTestCase_closure1.call(CallTestCaseKeyword.groovy)
	at com.kms.katalon.core.keyword.internal.KeywordMain.runKeyword(KeywordMain.groovy:68)
	at com.kms.katalon.core.keyword.builtin.CallTestCaseKeyword.callTestCase(CallTestCaseKeyword.groovy:81)
	at com.kms.katalon.core.keyword.builtin.CallTestCaseKeyword.execute(CallTestCaseKeyword.groovy:44)
	at com.kms.katalon.core.keyword.internal.KeywordExecutor.executeKeywordForPlatform(KeywordExecutor.groovy:72)
	at com.kms.katalon.core.keyword.BuiltinKeywords.callTestCase(BuiltinKeywords.groovy:334)
	at PFI.ConvertToAuditInspectionLHS.run(PFI.ConvertToAuditInspectionLHS:21)
	at com.kms.katalon.core.main.ScriptEngine.run(ScriptEngine.java:194)
	at com.kms.katalon.core.main.ScriptEngine.runScriptAsRawText(ScriptEngine.java:119)
	at com.kms.katalon.core.main.TestCaseExecutor.runScript(TestCaseExecutor.java:337)
	at com.kms.katalon.core.main.TestCaseExecutor.doExecute(TestCaseExecutor.java:328)
	at com.kms.katalon.core.main.TestCaseExecutor.processExecutionPhase(TestCaseExecutor.java:307)
	at com.kms.katalon.core.main.TestCaseExecutor.accessMainPhase(TestCaseExecutor.java:299)
	at com.kms.katalon.core.main.TestCaseExecutor.execute(TestCaseExecutor.java:233)
	at com.kms.katalon.core.main.TestSuiteExecutor.accessTestCaseMainPhase(TestSuiteExecutor.java:169)
	at com.kms.katalon.core.main.TestSuiteExecutor.accessTestSuiteMainPhase(TestSuiteExecutor.java:142)
	at com.kms.katalon.core.main.TestSuiteExecutor.execute(TestSuiteExecutor.java:91)
	at com.kms.katalon.core.main.TestCaseMain.startTestSuite(TestCaseMain.java:157)
	at com.kms.katalon.core.main.TestCaseMain$startTestSuite$0.call(Unknown Source)
	at TempTestSuite1589296049355.run(TempTestSuite1589296049355.groovy:36)
Caused by: com.kms.katalon.core.exception.StepFailedException: Text 'Sign in to ISPS2-SIT' is not present on page 
	at com.kms.katalon.core.webui.keyword.internal.WebUIKeywordMain.stepFailed(WebUIKeywordMain.groovy:64)
	at com.kms.katalon.core.webui.keyword.builtin.VerifyTextPresentKeyword$_verifyTextPresent_closure1.doCall(VerifyTextPresentKeyword.groovy:79)
	at com.kms.katalon.core.webui.keyword.builtin.VerifyTextPresentKeyword$_verifyTextPresent_closure1.call(VerifyTextPresentKeyword.groovy)
	at com.kms.katalon.core.webui.keyword.internal.WebUIKeywordMain.runKeyword(WebUIKeywordMain.groovy:20)
	... 35 more
)
[[ATTACHMENT|C:\\Users\\19023-RAC\\Desktop\\Merging Automation\\Reports\\20200512_230724\\PFI Precision and Scale Automated Regression Suite\\Page Section\\20200512_230724\\1589296779713.png]]

2020-05-12 23:19:40 - [MESSAGE][FAILED] - Unable to call Test Case 'Test Cases/Components/LoginV2.0' (Root cause: com.kms.katalon.core.exception.StepFailedException: Call Test Case 'Test Cases/Components/LoginV2.0' failed
	at com.kms.katalon.core.keyword.builtin.CallTestCaseKeyword$_callTestCase_closure1.doCall(CallTestCaseKeyword.groovy:63)
	at com.kms.katalon.core.keyword.builtin.CallTestCaseKeyword$_callTestCase_closure1.call(CallTestCaseKeyword.groovy)
	at com.kms.katalon.core.keyword.internal.KeywordMain.runKeyword(KeywordMain.groovy:68)
	at com.kms.katalon.core.keyword.builtin.CallTestCaseKeyword.callTestCase(CallTestCaseKeyword.groovy:81)
	at com.kms.katalon.core.keyword.builtin.CallTestCaseKeyword.execute(CallTestCaseKeyword.groovy:44)
	at com.kms.katalon.core.keyword.internal.KeywordExecutor.executeKeywordForPlatform(KeywordExecutor.groovy:72)
	at com.kms.katalon.core.keyword.BuiltinKeywords.callTestCase(BuiltinKeywords.groovy:334)
	at PFI.ConvertToAuditInspectionLHS.run(PFI.ConvertToAuditInspectionLHS:21)
	at com.kms.katalon.core.main.ScriptEngine.run(ScriptEngine.java:194)
	at com.kms.katalon.core.main.ScriptEngine.runScriptAsRawText(ScriptEngine.java:119)
	at com.kms.katalon.core.main.TestCaseExecutor.runScript(TestCaseExecutor.java:337)
	at com.kms.katalon.core.main.TestCaseExecutor.doExecute(TestCaseExecutor.java:328)
	at com.kms.katalon.core.main.TestCaseExecutor.processExecutionPhase(TestCaseExecutor.java:307)
	at com.kms.katalon.core.main.TestCaseExecutor.accessMainPhase(TestCaseExecutor.java:299)
	at com.kms.katalon.core.main.TestCaseExecutor.execute(TestCaseExecutor.java:233)
	at com.kms.katalon.core.main.TestSuiteExecutor.accessTestCaseMainPhase(TestSuiteExecutor.java:169)
	at com.kms.katalon.core.main.TestSuiteExecutor.accessTestSuiteMainPhase(TestSuiteExecutor.java:142)
	at com.kms.katalon.core.main.TestSuiteExecutor.execute(TestSuiteExecutor.java:91)
	at com.kms.katalon.core.main.TestCaseMain.startTestSuite(TestCaseMain.java:157)
	at com.kms.katalon.core.main.TestCaseMain$startTestSuite$0.call(Unknown Source)
	at TempTestSuite1589296049355.run(TempTestSuite1589296049355.groovy:36)
Caused by: com.kms.katalon.core.exception.StepFailedException: Unable to verify text 'Sign in to ISPS2-SIT' is present 
	at com.kms.katalon.core.webui.keyword.internal.WebUIKeywordMain.stepFailed(WebUIKeywordMain.groovy:64)
	at com.kms.katalon.core.webui.keyword.internal.WebUIKeywordMain.runKeyword(WebUIKeywordMain.groovy:26)
	at com.kms.katalon.core.webui.keyword.builtin.VerifyTextPresentKeyword.verifyTextPresent(VerifyTextPresentKeyword.groovy:83)
	at com.kms.katalon.core.webui.keyword.builtin.VerifyTextPresentKeyword.execute(VerifyTextPresentKeyword.groovy:68)
	at com.kms.katalon.core.keyword.internal.KeywordExecutor.executeKeywordForPlatform(KeywordExecutor.groovy:72)
	at com.kms.katalon.core.webui.keyword.WebUiBuiltInKeywords.verifyTextPresent(WebUiBuiltInKeywords.groovy:1693)
	at com.kms.katalon.core.webui.keyword.WebUiBuiltInKeywords$verifyTextPresent$1.call(Unknown Source)
	at LoginV2.0.run(LoginV2.0:29)
	at com.kms.katalon.core.main.ScriptEngine.run(ScriptEngine.java:194)
	at com.kms.katalon.core.main.ScriptEngine.runScriptAsRawText(ScriptEngine.java:119)
	at com.kms.katalon.core.main.TestCaseExecutor.runScript(TestCaseExecutor.java:337)
	at com.kms.katalon.core.main.TestCaseExecutor.doExecute(TestCaseExecutor.java:328)
	at com.kms.katalon.core.main.TestCaseExecutor.processExecutionPhase(TestCaseExecutor.java:307)
	at com.kms.katalon.core.main.TestCaseExecutor.accessMainPhase(TestCaseExecutor.java:299)
	at com.kms.katalon.core.main.TestCaseExecutor.execute(TestCaseExecutor.java:233)
	at com.kms.katalon.core.main.TestCaseMain.runTestCase(TestCaseMain.java:114)
	at com.kms.katalon.core.keyword.builtin.CallTestCaseKeyword$_callTestCase_closure1.doCall(CallTestCaseKeyword.groovy:59)
	... 20 more
Caused by: com.kms.katalon.core.exception.StepFailedException: Text 'Sign in to ISPS2-SIT' is not present on page 
	at com.kms.katalon.core.webui.keyword.internal.WebUIKeywordMain.stepFailed(WebUIKeywordMain.groovy:64)
	at com.kms.katalon.core.webui.keyword.builtin.VerifyTextPresentKeyword$_verifyTextPresent_closure1.doCall(VerifyTextPresentKeyword.groovy:79)
	at com.kms.katalon.core.webui.keyword.builtin.VerifyTextPresentKeyword$_verifyTextPresent_closure1.call(VerifyTextPresentKeyword.groovy)
	at com.kms.katalon.core.webui.keyword.internal.WebUIKeywordMain.runKeyword(WebUIKeywordMain.groovy:20)
	... 35 more
)]]></system-out>
         <system-err><![CDATA[2020-05-12 23:19:12 - [TEST_CASE][FAILED] - Test Cases/PFI Precision and Scale/PFI Test Cases/PFI.ConvertToAuditInspectionLHS: Test Cases/PFI Precision and Scale/PFI Test Cases/PFI.ConvertToAuditInspectionLHS FAILED.
Reason:
com.kms.katalon.core.exception.StepFailedException: Call Test Case 'Test Cases/Components/LoginV2.0' failed
	at com.kms.katalon.core.keyword.builtin.CallTestCaseKeyword$_callTestCase_closure1.doCall(CallTestCaseKeyword.groovy:63)
	at com.kms.katalon.core.keyword.builtin.CallTestCaseKeyword$_callTestCase_closure1.call(CallTestCaseKeyword.groovy)
	at com.kms.katalon.core.keyword.internal.KeywordMain.runKeyword(KeywordMain.groovy:68)
	at com.kms.katalon.core.keyword.builtin.CallTestCaseKeyword.callTestCase(CallTestCaseKeyword.groovy:81)
	at com.kms.katalon.core.keyword.builtin.CallTestCaseKeyword.execute(CallTestCaseKeyword.groovy:44)
	at com.kms.katalon.core.keyword.internal.KeywordExecutor.executeKeywordForPlatform(KeywordExecutor.groovy:72)
	at com.kms.katalon.core.keyword.BuiltinKeywords.callTestCase(BuiltinKeywords.groovy:334)
	at PFI.ConvertToAuditInspectionLHS.run(PFI.ConvertToAuditInspectionLHS:21)
	at com.kms.katalon.core.main.ScriptEngine.run(ScriptEngine.java:194)
	at com.kms.katalon.core.main.ScriptEngine.runScriptAsRawText(ScriptEngine.java:119)
	at com.kms.katalon.core.main.TestCaseExecutor.runScript(TestCaseExecutor.java:337)
	at com.kms.katalon.core.main.TestCaseExecutor.doExecute(TestCaseExecutor.java:328)
	at com.kms.katalon.core.main.TestCaseExecutor.processExecutionPhase(TestCaseExecutor.java:307)
	at com.kms.katalon.core.main.TestCaseExecutor.accessMainPhase(TestCaseExecutor.java:299)
	at com.kms.katalon.core.main.TestCaseExecutor.execute(TestCaseExecutor.java:233)
	at com.kms.katalon.core.main.TestSuiteExecutor.accessTestCaseMainPhase(TestSuiteExecutor.java:169)
	at com.kms.katalon.core.main.TestSuiteExecutor.accessTestSuiteMainPhase(TestSuiteExecutor.java:142)
	at com.kms.katalon.core.main.TestSuiteExecutor.execute(TestSuiteExecutor.java:91)
	at com.kms.katalon.core.main.TestCaseMain.startTestSuite(TestCaseMain.java:157)
	at com.kms.katalon.core.main.TestCaseMain$startTestSuite$0.call(Unknown Source)
	at TempTestSuite1589296049355.run(TempTestSuite1589296049355.groovy:36)
Caused by: com.kms.katalon.core.exception.StepFailedException: Unable to verify text 'Sign in to ISPS2-SIT' is present 
	at com.kms.katalon.core.webui.keyword.internal.WebUIKeywordMain.stepFailed(WebUIKeywordMain.groovy:64)
	at com.kms.katalon.core.webui.keyword.internal.WebUIKeywordMain.runKeyword(WebUIKeywordMain.groovy:26)
	at com.kms.katalon.core.webui.keyword.builtin.VerifyTextPresentKeyword.verifyTextPresent(VerifyTextPresentKeyword.groovy:83)
	at com.kms.katalon.core.webui.keyword.builtin.VerifyTextPresentKeyword.execute(VerifyTextPresentKeyword.groovy:68)
	at com.kms.katalon.core.keyword.internal.KeywordExecutor.executeKeywordForPlatform(KeywordExecutor.groovy:72)
	at com.kms.katalon.core.webui.keyword.WebUiBuiltInKeywords.verifyTextPresent(WebUiBuiltInKeywords.groovy:1693)
	at com.kms.katalon.core.webui.keyword.WebUiBuiltInKeywords$verifyTextPresent$1.call(Unknown Source)
	at LoginV2.0.run(LoginV2.0:29)
	at com.kms.katalon.core.main.ScriptEngine.run(ScriptEngine.java:194)
	at com.kms.katalon.core.main.ScriptEngine.runScriptAsRawText(ScriptEngine.java:119)
	at com.kms.katalon.core.main.TestCaseExecutor.runScript(TestCaseExecutor.java:337)
	at com.kms.katalon.core.main.TestCaseExecutor.doExecute(TestCaseExecutor.java:328)
	at com.kms.katalon.core.main.TestCaseExecutor.processExecutionPhase(TestCaseExecutor.java:307)
	at com.kms.katalon.core.main.TestCaseExecutor.accessMainPhase(TestCaseExecutor.java:299)
	at com.kms.katalon.core.main.TestCaseExecutor.execute(TestCaseExecutor.java:233)
	at com.kms.katalon.core.main.TestCaseMain.runTestCase(TestCaseMain.java:114)
	at com.kms.katalon.core.keyword.builtin.CallTestCaseKeyword$_callTestCase_closure1.doCall(CallTestCaseKeyword.groovy:59)
	... 20 more
Caused by: com.kms.katalon.core.exception.StepFailedException: Text 'Sign in to ISPS2-SIT' is not present on page 
	at com.kms.katalon.core.webui.keyword.internal.WebUIKeywordMain.stepFailed(WebUIKeywordMain.groovy:64)
	at com.kms.katalon.core.webui.keyword.builtin.VerifyTextPresentKeyword$_verifyTextPresent_closure1.doCall(VerifyTextPresentKeyword.groovy:79)
	at com.kms.katalon.core.webui.keyword.builtin.VerifyTextPresentKeyword$_verifyTextPresent_closure1.call(VerifyTextPresentKeyword.groovy)
	at com.kms.katalon.core.webui.keyword.internal.WebUIKeywordMain.runKeyword(WebUIKeywordMain.groovy:20)
	... 35 more]]></system-err>
      </testcase>
      <testcase name="Test Cases/PFI Precision and Scale/PFI Test Cases/PFI.TriggerPEPresentationLHS" time="27.644" classname="Test Cases/PFI Precision and Scale/PFI Test Cases/PFI.TriggerPEPresentationLHS" status="FAILED">
         <failure type="FAILED" message="Test Cases/PFI Precision and Scale/PFI Test Cases/PFI.TriggerPEPresentationLHS FAILED.
Reason:
com.kms.katalon.core.exception.StepFailedException: Call Test Case 'Test Cases/Components/LoginV2.0' failed
	at com.kms.katalon.core.keyword.builtin.CallTestCaseKeyword$_callTestCase_closure1.doCall(CallTestCaseKeyword.groovy:63)
	at com.kms.katalon.core.keyword.builtin.CallTestCaseKeyword$_callTestCase_closure1.call(CallTestCaseKeyword.groovy)
	at com.kms.katalon.core.keyword.internal.KeywordMain.runKeyword(KeywordMain.groovy:68)
	at com.kms.katalon.core.keyword.builtin.CallTestCaseKeyword.callTestCase(CallTestCaseKeyword.groovy:81)
	at com.kms.katalon.core.keyword.builtin.CallTestCaseKeyword.execute(CallTestCaseKeyword.groovy:44)
	at com.kms.katalon.core.keyword.internal.KeywordExecutor.executeKeywordForPlatform(KeywordExecutor.groovy:72)
	at com.kms.katalon.core.keyword.BuiltinKeywords.callTestCase(BuiltinKeywords.groovy:334)
	at PFI.TriggerPEPresentationLHS.run(PFI.TriggerPEPresentationLHS:19)
	at com.kms.katalon.core.main.ScriptEngine.run(ScriptEngine.java:194)
	at com.kms.katalon.core.main.ScriptEngine.runScriptAsRawText(ScriptEngine.java:119)
	at com.kms.katalon.core.main.TestCaseExecutor.runScript(TestCaseExecutor.java:337)
	at com.kms.katalon.core.main.TestCaseExecutor.doExecute(TestCaseExecutor.java:328)
	at com.kms.katalon.core.main.TestCaseExecutor.processExecutionPhase(TestCaseExecutor.java:307)
	at com.kms.katalon.core.main.TestCaseExecutor.accessMainPhase(TestCaseExecutor.java:299)
	at com.kms.katalon.core.main.TestCaseExecutor.execute(TestCaseExecutor.java:233)
	at com.kms.katalon.core.main.TestSuiteExecutor.accessTestCaseMainPhase(TestSuiteExecutor.java:169)
	at com.kms.katalon.core.main.TestSuiteExecutor.accessTestSuiteMainPhase(TestSuiteExecutor.java:142)
	at com.kms.katalon.core.main.TestSuiteExecutor.execute(TestSuiteExecutor.java:91)
	at com.kms.katalon.core.main.TestCaseMain.startTestSuite(TestCaseMain.java:157)
	at com.kms.katalon.core.main.TestCaseMain$startTestSuite$0.call(Unknown Source)
	at TempTestSuite1589296049355.run(TempTestSuite1589296049355.groovy:36)
Caused by: com.kms.katalon.core.exception.StepFailedException: Unable to verify text 'Sign in to ISPS2-PROD-Verify' is present 
	at com.kms.katalon.core.webui.keyword.internal.WebUIKeywordMain.stepFailed(WebUIKeywordMain.groovy:64)
	at com.kms.katalon.core.webui.keyword.internal.WebUIKeywordMain.runKeyword(WebUIKeywordMain.groovy:26)
	at com.kms.katalon.core.webui.keyword.builtin.VerifyTextPresentKeyword.verifyTextPresent(VerifyTextPresentKeyword.groovy:83)
	at com.kms.katalon.core.webui.keyword.builtin.VerifyTextPresentKeyword.execute(VerifyTextPresentKeyword.groovy:68)
	at com.kms.katalon.core.keyword.internal.KeywordExecutor.executeKeywordForPlatform(KeywordExecutor.groovy:72)
	at com.kms.katalon.core.webui.keyword.WebUiBuiltInKeywords.verifyTextPresent(WebUiBuiltInKeywords.groovy:1693)
	at com.kms.katalon.core.webui.keyword.WebUiBuiltInKeywords$verifyTextPresent$1.call(Unknown Source)
	at LoginV2.0.run(LoginV2.0:29)
	at com.kms.katalon.core.main.ScriptEngine.run(ScriptEngine.java:194)
	at com.kms.katalon.core.main.ScriptEngine.runScriptAsRawText(ScriptEngine.java:119)
	at com.kms.katalon.core.main.TestCaseExecutor.runScript(TestCaseExecutor.java:337)
	at com.kms.katalon.core.main.TestCaseExecutor.doExecute(TestCaseExecutor.java:328)
	at com.kms.katalon.core.main.TestCaseExecutor.processExecutionPhase(TestCaseExecutor.java:307)
	at com.kms.katalon.core.main.TestCaseExecutor.accessMainPhase(TestCaseExecutor.java:299)
	at com.kms.katalon.core.main.TestCaseExecutor.execute(TestCaseExecutor.java:233)
	at com.kms.katalon.core.main.TestCaseMain.runTestCase(TestCaseMain.java:114)
	at com.kms.katalon.core.keyword.builtin.CallTestCaseKeyword$_callTestCase_closure1.doCall(CallTestCaseKeyword.groovy:59)
	... 20 more
Caused by: com.kms.katalon.core.exception.StepFailedException: Text 'Sign in to ISPS2-PROD-Verify' is not present on page 
	at com.kms.katalon.core.webui.keyword.internal.WebUIKeywordMain.stepFailed(WebUIKeywordMain.groovy:64)
	at com.kms.katalon.core.webui.keyword.builtin.VerifyTextPresentKeyword$_verifyTextPresent_closure1.doCall(VerifyTextPresentKeyword.groovy:79)
	at com.kms.katalon.core.webui.keyword.builtin.VerifyTextPresentKeyword$_verifyTextPresent_closure1.call(VerifyTextPresentKeyword.groovy)
	at com.kms.katalon.core.webui.keyword.internal.WebUIKeywordMain.runKeyword(WebUIKeywordMain.groovy:20)
	... 35 more
"/>
         <system-out><![CDATA[2020-05-12 23:19:40 - [TEST_CASE][FAILED] - Test Cases/PFI Precision and Scale/PFI Test Cases/PFI.TriggerPEPresentationLHS: Test Cases/PFI Precision and Scale/PFI Test Cases/PFI.TriggerPEPresentationLHS FAILED.
Reason:
com.kms.katalon.core.exception.StepFailedException: Call Test Case 'Test Cases/Components/LoginV2.0' failed
	at com.kms.katalon.core.keyword.builtin.CallTestCaseKeyword$_callTestCase_closure1.doCall(CallTestCaseKeyword.groovy:63)
	at com.kms.katalon.core.keyword.builtin.CallTestCaseKeyword$_callTestCase_closure1.call(CallTestCaseKeyword.groovy)
	at com.kms.katalon.core.keyword.internal.KeywordMain.runKeyword(KeywordMain.groovy:68)
	at com.kms.katalon.core.keyword.builtin.CallTestCaseKeyword.callTestCase(CallTestCaseKeyword.groovy:81)
	at com.kms.katalon.core.keyword.builtin.CallTestCaseKeyword.execute(CallTestCaseKeyword.groovy:44)
	at com.kms.katalon.core.keyword.internal.KeywordExecutor.executeKeywordForPlatform(KeywordExecutor.groovy:72)
	at com.kms.katalon.core.keyword.BuiltinKeywords.callTestCase(BuiltinKeywords.groovy:334)
	at PFI.TriggerPEPresentationLHS.run(PFI.TriggerPEPresentationLHS:19)
	at com.kms.katalon.core.main.ScriptEngine.run(ScriptEngine.java:194)
	at com.kms.katalon.core.main.ScriptEngine.runScriptAsRawText(ScriptEngine.java:119)
	at com.kms.katalon.core.main.TestCaseExecutor.runScript(TestCaseExecutor.java:337)
	at com.kms.katalon.core.main.TestCaseExecutor.doExecute(TestCaseExecutor.java:328)
	at com.kms.katalon.core.main.TestCaseExecutor.processExecutionPhase(TestCaseExecutor.java:307)
	at com.kms.katalon.core.main.TestCaseExecutor.accessMainPhase(TestCaseExecutor.java:299)
	at com.kms.katalon.core.main.TestCaseExecutor.execute(TestCaseExecutor.java:233)
	at com.kms.katalon.core.main.TestSuiteExecutor.accessTestCaseMainPhase(TestSuiteExecutor.java:169)
	at com.kms.katalon.core.main.TestSuiteExecutor.accessTestSuiteMainPhase(TestSuiteExecutor.java:142)
	at com.kms.katalon.core.main.TestSuiteExecutor.execute(TestSuiteExecutor.java:91)
	at com.kms.katalon.core.main.TestCaseMain.startTestSuite(TestCaseMain.java:157)
	at com.kms.katalon.core.main.TestCaseMain$startTestSuite$0.call(Unknown Source)
	at TempTestSuite1589296049355.run(TempTestSuite1589296049355.groovy:36)
Caused by: com.kms.katalon.core.exception.StepFailedException: Unable to verify text 'Sign in to ISPS2-PROD-Verify' is present 
	at com.kms.katalon.core.webui.keyword.internal.WebUIKeywordMain.stepFailed(WebUIKeywordMain.groovy:64)
	at com.kms.katalon.core.webui.keyword.internal.WebUIKeywordMain.runKeyword(WebUIKeywordMain.groovy:26)
	at com.kms.katalon.core.webui.keyword.builtin.VerifyTextPresentKeyword.verifyTextPresent(VerifyTextPresentKeyword.groovy:83)
	at com.kms.katalon.core.webui.keyword.builtin.VerifyTextPresentKeyword.execute(VerifyTextPresentKeyword.groovy:68)
	at com.kms.katalon.core.keyword.internal.KeywordExecutor.executeKeywordForPlatform(KeywordExecutor.groovy:72)
	at com.kms.katalon.core.webui.keyword.WebUiBuiltInKeywords.verifyTextPresent(WebUiBuiltInKeywords.groovy:1693)
	at com.kms.katalon.core.webui.keyword.WebUiBuiltInKeywords$verifyTextPresent$1.call(Unknown Source)
	at LoginV2.0.run(LoginV2.0:29)
	at com.kms.katalon.core.main.ScriptEngine.run(ScriptEngine.java:194)
	at com.kms.katalon.core.main.ScriptEngine.runScriptAsRawText(ScriptEngine.java:119)
	at com.kms.katalon.core.main.TestCaseExecutor.runScript(TestCaseExecutor.java:337)
	at com.kms.katalon.core.main.TestCaseExecutor.doExecute(TestCaseExecutor.java:328)
	at com.kms.katalon.core.main.TestCaseExecutor.processExecutionPhase(TestCaseExecutor.java:307)
	at com.kms.katalon.core.main.TestCaseExecutor.accessMainPhase(TestCaseExecutor.java:299)
	at com.kms.katalon.core.main.TestCaseExecutor.execute(TestCaseExecutor.java:233)
	at com.kms.katalon.core.main.TestCaseMain.runTestCase(TestCaseMain.java:114)
	at com.kms.katalon.core.keyword.builtin.CallTestCaseKeyword$_callTestCase_closure1.doCall(CallTestCaseKeyword.groovy:59)
	... 20 more
Caused by: com.kms.katalon.core.exception.StepFailedException: Text 'Sign in to ISPS2-PROD-Verify' is not present on page 
	at com.kms.katalon.core.webui.keyword.internal.WebUIKeywordMain.stepFailed(WebUIKeywordMain.groovy:64)
	at com.kms.katalon.core.webui.keyword.builtin.VerifyTextPresentKeyword$_verifyTextPresent_closure1.doCall(VerifyTextPresentKeyword.groovy:79)
	at com.kms.katalon.core.webui.keyword.builtin.VerifyTextPresentKeyword$_verifyTextPresent_closure1.call(VerifyTextPresentKeyword.groovy)
	at com.kms.katalon.core.webui.keyword.internal.WebUIKeywordMain.runKeyword(WebUIKeywordMain.groovy:20)
	... 35 more


2020-05-12 23:19:40 - [TEST_STEP][FAILED] - callTestCase(findTestCase("Components/LoginV2.0"), ["LinkToBeUsed":findTestData("Datatable").getValue("URL", 21), "LoginPageTextToBeVerified":"Sign in to ISPS2-PROD-Verify", ... ], STOP_ON_FAILURE): Unable to call Test Case 'Test Cases/Components/LoginV2.0' (Root cause: com.kms.katalon.core.exception.StepFailedException: Call Test Case 'Test Cases/Components/LoginV2.0' failed
	at com.kms.katalon.core.keyword.builtin.CallTestCaseKeyword$_callTestCase_closure1.doCall(CallTestCaseKeyword.groovy:63)
	at com.kms.katalon.core.keyword.builtin.CallTestCaseKeyword$_callTestCase_closure1.call(CallTestCaseKeyword.groovy)
	at com.kms.katalon.core.keyword.internal.KeywordMain.runKeyword(KeywordMain.groovy:68)
	at com.kms.katalon.core.keyword.builtin.CallTestCaseKeyword.callTestCase(CallTestCaseKeyword.groovy:81)
	at com.kms.katalon.core.keyword.builtin.CallTestCaseKeyword.execute(CallTestCaseKeyword.groovy:44)
	at com.kms.katalon.core.keyword.internal.KeywordExecutor.executeKeywordForPlatform(KeywordExecutor.groovy:72)
	at com.kms.katalon.core.keyword.BuiltinKeywords.callTestCase(BuiltinKeywords.groovy:334)
	at PFI.TriggerPEPresentationLHS.run(PFI.TriggerPEPresentationLHS:19)
	at com.kms.katalon.core.main.ScriptEngine.run(ScriptEngine.java:194)
	at com.kms.katalon.core.main.ScriptEngine.runScriptAsRawText(ScriptEngine.java:119)
	at com.kms.katalon.core.main.TestCaseExecutor.runScript(TestCaseExecutor.java:337)
	at com.kms.katalon.core.main.TestCaseExecutor.doExecute(TestCaseExecutor.java:328)
	at com.kms.katalon.core.main.TestCaseExecutor.processExecutionPhase(TestCaseExecutor.java:307)
	at com.kms.katalon.core.main.TestCaseExecutor.accessMainPhase(TestCaseExecutor.java:299)
	at com.kms.katalon.core.main.TestCaseExecutor.execute(TestCaseExecutor.java:233)
	at com.kms.katalon.core.main.TestSuiteExecutor.accessTestCaseMainPhase(TestSuiteExecutor.java:169)
	at com.kms.katalon.core.main.TestSuiteExecutor.accessTestSuiteMainPhase(TestSuiteExecutor.java:142)
	at com.kms.katalon.core.main.TestSuiteExecutor.execute(TestSuiteExecutor.java:91)
	at com.kms.katalon.core.main.TestCaseMain.startTestSuite(TestCaseMain.java:157)
	at com.kms.katalon.core.main.TestCaseMain$startTestSuite$0.call(Unknown Source)
	at TempTestSuite1589296049355.run(TempTestSuite1589296049355.groovy:36)
Caused by: com.kms.katalon.core.exception.StepFailedException: Unable to verify text 'Sign in to ISPS2-PROD-Verify' is present 
	at com.kms.katalon.core.webui.keyword.internal.WebUIKeywordMain.stepFailed(WebUIKeywordMain.groovy:64)
	at com.kms.katalon.core.webui.keyword.internal.WebUIKeywordMain.runKeyword(WebUIKeywordMain.groovy:26)
	at com.kms.katalon.core.webui.keyword.builtin.VerifyTextPresentKeyword.verifyTextPresent(VerifyTextPresentKeyword.groovy:83)
	at com.kms.katalon.core.webui.keyword.builtin.VerifyTextPresentKeyword.execute(VerifyTextPresentKeyword.groovy:68)
	at com.kms.katalon.core.keyword.internal.KeywordExecutor.executeKeywordForPlatform(KeywordExecutor.groovy:72)
	at com.kms.katalon.core.webui.keyword.WebUiBuiltInKeywords.verifyTextPresent(WebUiBuiltInKeywords.groovy:1693)
	at com.kms.katalon.core.webui.keyword.WebUiBuiltInKeywords$verifyTextPresent$1.call(Unknown Source)
	at LoginV2.0.run(LoginV2.0:29)
	at com.kms.katalon.core.main.ScriptEngine.run(ScriptEngine.java:194)
	at com.kms.katalon.core.main.ScriptEngine.runScriptAsRawText(ScriptEngine.java:119)
	at com.kms.katalon.core.main.TestCaseExecutor.runScript(TestCaseExecutor.java:337)
	at com.kms.katalon.core.main.TestCaseExecutor.doExecute(TestCaseExecutor.java:328)
	at com.kms.katalon.core.main.TestCaseExecutor.processExecutionPhase(TestCaseExecutor.java:307)
	at com.kms.katalon.core.main.TestCaseExecutor.accessMainPhase(TestCaseExecutor.java:299)
	at com.kms.katalon.core.main.TestCaseExecutor.execute(TestCaseExecutor.java:233)
	at com.kms.katalon.core.main.TestCaseMain.runTestCase(TestCaseMain.java:114)
	at com.kms.katalon.core.keyword.builtin.CallTestCaseKeyword$_callTestCase_closure1.doCall(CallTestCaseKeyword.groovy:59)
	... 20 more
Caused by: com.kms.katalon.core.exception.StepFailedException: Text 'Sign in to ISPS2-PROD-Verify' is not present on page 
	at com.kms.katalon.core.webui.keyword.internal.WebUIKeywordMain.stepFailed(WebUIKeywordMain.groovy:64)
	at com.kms.katalon.core.webui.keyword.builtin.VerifyTextPresentKeyword$_verifyTextPresent_closure1.doCall(VerifyTextPresentKeyword.groovy:79)
	at com.kms.katalon.core.webui.keyword.builtin.VerifyTextPresentKeyword$_verifyTextPresent_closure1.call(VerifyTextPresentKeyword.groovy)
	at com.kms.katalon.core.webui.keyword.internal.WebUIKeywordMain.runKeyword(WebUIKeywordMain.groovy:20)
	... 35 more
)

2020-05-12 23:19:40 - [TEST_CASE][FAILED] - Test Cases/Components/LoginV2.0: Test Cases/Components/LoginV2.0 FAILED.
Reason:
com.kms.katalon.core.exception.StepFailedException: Unable to verify text 'Sign in to ISPS2-PROD-Verify' is present 
	at com.kms.katalon.core.webui.keyword.internal.WebUIKeywordMain.stepFailed(WebUIKeywordMain.groovy:64)
	at com.kms.katalon.core.webui.keyword.internal.WebUIKeywordMain.runKeyword(WebUIKeywordMain.groovy:26)
	at com.kms.katalon.core.webui.keyword.builtin.VerifyTextPresentKeyword.verifyTextPresent(VerifyTextPresentKeyword.groovy:83)
	at com.kms.katalon.core.webui.keyword.builtin.VerifyTextPresentKeyword.execute(VerifyTextPresentKeyword.groovy:68)
	at com.kms.katalon.core.keyword.internal.KeywordExecutor.executeKeywordForPlatform(KeywordExecutor.groovy:72)
	at com.kms.katalon.core.webui.keyword.WebUiBuiltInKeywords.verifyTextPresent(WebUiBuiltInKeywords.groovy:1693)
	at com.kms.katalon.core.webui.keyword.WebUiBuiltInKeywords$verifyTextPresent$1.call(Unknown Source)
	at LoginV2.0.run(LoginV2.0:29)
	at com.kms.katalon.core.main.ScriptEngine.run(ScriptEngine.java:194)
	at com.kms.katalon.core.main.ScriptEngine.runScriptAsRawText(ScriptEngine.java:119)
	at com.kms.katalon.core.main.TestCaseExecutor.runScript(TestCaseExecutor.java:337)
	at com.kms.katalon.core.main.TestCaseExecutor.doExecute(TestCaseExecutor.java:328)
	at com.kms.katalon.core.main.TestCaseExecutor.processExecutionPhase(TestCaseExecutor.java:307)
	at com.kms.katalon.core.main.TestCaseExecutor.accessMainPhase(TestCaseExecutor.java:299)
	at com.kms.katalon.core.main.TestCaseExecutor.execute(TestCaseExecutor.java:233)
	at com.kms.katalon.core.main.TestCaseMain.runTestCase(TestCaseMain.java:114)
	at com.kms.katalon.core.keyword.builtin.CallTestCaseKeyword$_callTestCase_closure1.doCall(CallTestCaseKeyword.groovy:59)
	at com.kms.katalon.core.keyword.builtin.CallTestCaseKeyword$_callTestCase_closure1.call(CallTestCaseKeyword.groovy)
	at com.kms.katalon.core.keyword.internal.KeywordMain.runKeyword(KeywordMain.groovy:68)
	at com.kms.katalon.core.keyword.builtin.CallTestCaseKeyword.callTestCase(CallTestCaseKeyword.groovy:81)
	at com.kms.katalon.core.keyword.builtin.CallTestCaseKeyword.execute(CallTestCaseKeyword.groovy:44)
	at com.kms.katalon.core.keyword.internal.KeywordExecutor.executeKeywordForPlatform(KeywordExecutor.groovy:72)
	at com.kms.katalon.core.keyword.BuiltinKeywords.callTestCase(BuiltinKeywords.groovy:334)
	at PFI.TriggerPEPresentationLHS.run(PFI.TriggerPEPresentationLHS:19)
	at com.kms.katalon.core.main.ScriptEngine.run(ScriptEngine.java:194)
	at com.kms.katalon.core.main.ScriptEngine.runScriptAsRawText(ScriptEngine.java:119)
	at com.kms.katalon.core.main.TestCaseExecutor.runScript(TestCaseExecutor.java:337)
	at com.kms.katalon.core.main.TestCaseExecutor.doExecute(TestCaseExecutor.java:328)
	at com.kms.katalon.core.main.TestCaseExecutor.processExecutionPhase(TestCaseExecutor.java:307)
	at com.kms.katalon.core.main.TestCaseExecutor.accessMainPhase(TestCaseExecutor.java:299)
	at com.kms.katalon.core.main.TestCaseExecutor.execute(TestCaseExecutor.java:233)
	at com.kms.katalon.core.main.TestSuiteExecutor.accessTestCaseMainPhase(TestSuiteExecutor.java:169)
	at com.kms.katalon.core.main.TestSuiteExecutor.accessTestSuiteMainPhase(TestSuiteExecutor.java:142)
	at com.kms.katalon.core.main.TestSuiteExecutor.execute(TestSuiteExecutor.java:91)
	at com.kms.katalon.core.main.TestCaseMain.startTestSuite(TestCaseMain.java:157)
	at com.kms.katalon.core.main.TestCaseMain$startTestSuite$0.call(Unknown Source)
	at TempTestSuite1589296049355.run(TempTestSuite1589296049355.groovy:36)
Caused by: com.kms.katalon.core.exception.StepFailedException: Text 'Sign in to ISPS2-PROD-Verify' is not present on page 
	at com.kms.katalon.core.webui.keyword.internal.WebUIKeywordMain.stepFailed(WebUIKeywordMain.groovy:64)
	at com.kms.katalon.core.webui.keyword.builtin.VerifyTextPresentKeyword$_verifyTextPresent_closure1.doCall(VerifyTextPresentKeyword.groovy:79)
	at com.kms.katalon.core.webui.keyword.builtin.VerifyTextPresentKeyword$_verifyTextPresent_closure1.call(VerifyTextPresentKeyword.groovy)
	at com.kms.katalon.core.webui.keyword.internal.WebUIKeywordMain.runKeyword(WebUIKeywordMain.groovy:20)
	... 35 more


2020-05-12 23:19:40 - [TEST_STEP][PASSED] - openBrowser(LinkToBeUsed): Browser is opened with url: 'http://10.0.2.41:3012/isps2-prod-verify/authnz/login.do'

2020-05-12 23:19:40 - [MESSAGE][WARNING] - A browser is already opened. Closing browser and opening a new one

2020-05-12 23:19:40 - [MESSAGE][INFO] - Starting 'Chrome' driver

2020-05-12 23:20:05 - [MESSAGE][PASSED] - Browser is opened with url: 'http://10.0.2.41:3012/isps2-prod-verify/authnz/login.do'

2020-05-12 23:20:05 - [TEST_STEP][PASSED] - maximizeWindow(): Current window maximized

2020-05-12 23:20:07 - [MESSAGE][PASSED] - Current window maximized

2020-05-12 23:20:07 - [TEST_STEP][FAILED] - verifyTextPresent(LoginPageTextToBeVerified, false): Unable to verify text 'Sign in to ISPS2-PROD-Verify' is present  (Root cause: com.kms.katalon.core.exception.StepFailedException: Unable to verify text 'Sign in to ISPS2-PROD-Verify' is present 
	at com.kms.katalon.core.webui.keyword.internal.WebUIKeywordMain.stepFailed(WebUIKeywordMain.groovy:64)
	at com.kms.katalon.core.webui.keyword.internal.WebUIKeywordMain.runKeyword(WebUIKeywordMain.groovy:26)
	at com.kms.katalon.core.webui.keyword.builtin.VerifyTextPresentKeyword.verifyTextPresent(VerifyTextPresentKeyword.groovy:83)
	at com.kms.katalon.core.webui.keyword.builtin.VerifyTextPresentKeyword.execute(VerifyTextPresentKeyword.groovy:68)
	at com.kms.katalon.core.keyword.internal.KeywordExecutor.executeKeywordForPlatform(KeywordExecutor.groovy:72)
	at com.kms.katalon.core.webui.keyword.WebUiBuiltInKeywords.verifyTextPresent(WebUiBuiltInKeywords.groovy:1693)
	at com.kms.katalon.core.webui.keyword.WebUiBuiltInKeywords$verifyTextPresent$1.call(Unknown Source)
	at LoginV2.0.run(LoginV2.0:29)
	at com.kms.katalon.core.main.ScriptEngine.run(ScriptEngine.java:194)
	at com.kms.katalon.core.main.ScriptEngine.runScriptAsRawText(ScriptEngine.java:119)
	at com.kms.katalon.core.main.TestCaseExecutor.runScript(TestCaseExecutor.java:337)
	at com.kms.katalon.core.main.TestCaseExecutor.doExecute(TestCaseExecutor.java:328)
	at com.kms.katalon.core.main.TestCaseExecutor.processExecutionPhase(TestCaseExecutor.java:307)
	at com.kms.katalon.core.main.TestCaseExecutor.accessMainPhase(TestCaseExecutor.java:299)
	at com.kms.katalon.core.main.TestCaseExecutor.execute(TestCaseExecutor.java:233)
	at com.kms.katalon.core.main.TestCaseMain.runTestCase(TestCaseMain.java:114)
	at com.kms.katalon.core.keyword.builtin.CallTestCaseKeyword$_callTestCase_closure1.doCall(CallTestCaseKeyword.groovy:59)
	at com.kms.katalon.core.keyword.builtin.CallTestCaseKeyword$_callTestCase_closure1.call(CallTestCaseKeyword.groovy)
	at com.kms.katalon.core.keyword.internal.KeywordMain.runKeyword(KeywordMain.groovy:68)
	at com.kms.katalon.core.keyword.builtin.CallTestCaseKeyword.callTestCase(CallTestCaseKeyword.groovy:81)
	at com.kms.katalon.core.keyword.builtin.CallTestCaseKeyword.execute(CallTestCaseKeyword.groovy:44)
	at com.kms.katalon.core.keyword.internal.KeywordExecutor.executeKeywordForPlatform(KeywordExecutor.groovy:72)
	at com.kms.katalon.core.keyword.BuiltinKeywords.callTestCase(BuiltinKeywords.groovy:334)
	at PFI.TriggerPEPresentationLHS.run(PFI.TriggerPEPresentationLHS:19)
	at com.kms.katalon.core.main.ScriptEngine.run(ScriptEngine.java:194)
	at com.kms.katalon.core.main.ScriptEngine.runScriptAsRawText(ScriptEngine.java:119)
	at com.kms.katalon.core.main.TestCaseExecutor.runScript(TestCaseExecutor.java:337)
	at com.kms.katalon.core.main.TestCaseExecutor.doExecute(TestCaseExecutor.java:328)
	at com.kms.katalon.core.main.TestCaseExecutor.processExecutionPhase(TestCaseExecutor.java:307)
	at com.kms.katalon.core.main.TestCaseExecutor.accessMainPhase(TestCaseExecutor.java:299)
	at com.kms.katalon.core.main.TestCaseExecutor.execute(TestCaseExecutor.java:233)
	at com.kms.katalon.core.main.TestSuiteExecutor.accessTestCaseMainPhase(TestSuiteExecutor.java:169)
	at com.kms.katalon.core.main.TestSuiteExecutor.accessTestSuiteMainPhase(TestSuiteExecutor.java:142)
	at com.kms.katalon.core.main.TestSuiteExecutor.execute(TestSuiteExecutor.java:91)
	at com.kms.katalon.core.main.TestCaseMain.startTestSuite(TestCaseMain.java:157)
	at com.kms.katalon.core.main.TestCaseMain$startTestSuite$0.call(Unknown Source)
	at TempTestSuite1589296049355.run(TempTestSuite1589296049355.groovy:36)
Caused by: com.kms.katalon.core.exception.StepFailedException: Text 'Sign in to ISPS2-PROD-Verify' is not present on page 
	at com.kms.katalon.core.webui.keyword.internal.WebUIKeywordMain.stepFailed(WebUIKeywordMain.groovy:64)
	at com.kms.katalon.core.webui.keyword.builtin.VerifyTextPresentKeyword$_verifyTextPresent_closure1.doCall(VerifyTextPresentKeyword.groovy:79)
	at com.kms.katalon.core.webui.keyword.builtin.VerifyTextPresentKeyword$_verifyTextPresent_closure1.call(VerifyTextPresentKeyword.groovy)
	at com.kms.katalon.core.webui.keyword.internal.WebUIKeywordMain.runKeyword(WebUIKeywordMain.groovy:20)
	... 35 more
)

2020-05-12 23:20:07 - [MESSAGE][FAILED] - Text 'Sign in to ISPS2-PROD-Verify' is not present on page  (Root cause: com.kms.katalon.core.exception.StepFailedException: Text 'Sign in to ISPS2-PROD-Verify' is not present on page 
	at com.kms.katalon.core.webui.keyword.internal.WebUIKeywordMain.stepFailed(WebUIKeywordMain.groovy:64)
	at com.kms.katalon.core.webui.keyword.builtin.VerifyTextPresentKeyword$_verifyTextPresent_closure1.doCall(VerifyTextPresentKeyword.groovy:79)
	at com.kms.katalon.core.webui.keyword.builtin.VerifyTextPresentKeyword$_verifyTextPresent_closure1.call(VerifyTextPresentKeyword.groovy)
	at com.kms.katalon.core.webui.keyword.internal.WebUIKeywordMain.runKeyword(WebUIKeywordMain.groovy:20)
	at com.kms.katalon.core.webui.keyword.builtin.VerifyTextPresentKeyword.verifyTextPresent(VerifyTextPresentKeyword.groovy:83)
	at com.kms.katalon.core.webui.keyword.builtin.VerifyTextPresentKeyword.execute(VerifyTextPresentKeyword.groovy:68)
	at com.kms.katalon.core.keyword.internal.KeywordExecutor.executeKeywordForPlatform(KeywordExecutor.groovy:72)
	at com.kms.katalon.core.webui.keyword.WebUiBuiltInKeywords.verifyTextPresent(WebUiBuiltInKeywords.groovy:1693)
	at com.kms.katalon.core.webui.keyword.WebUiBuiltInKeywords$verifyTextPresent$1.call(Unknown Source)
	at LoginV2.0.run(LoginV2.0:29)
	at com.kms.katalon.core.main.ScriptEngine.run(ScriptEngine.java:194)
	at com.kms.katalon.core.main.ScriptEngine.runScriptAsRawText(ScriptEngine.java:119)
	at com.kms.katalon.core.main.TestCaseExecutor.runScript(TestCaseExecutor.java:337)
	at com.kms.katalon.core.main.TestCaseExecutor.doExecute(TestCaseExecutor.java:328)
	at com.kms.katalon.core.main.TestCaseExecutor.processExecutionPhase(TestCaseExecutor.java:307)
	at com.kms.katalon.core.main.TestCaseExecutor.accessMainPhase(TestCaseExecutor.java:299)
	at com.kms.katalon.core.main.TestCaseExecutor.execute(TestCaseExecutor.java:233)
	at com.kms.katalon.core.main.TestCaseMain.runTestCase(TestCaseMain.java:114)
	at com.kms.katalon.core.keyword.builtin.CallTestCaseKeyword$_callTestCase_closure1.doCall(CallTestCaseKeyword.groovy:59)
	at com.kms.katalon.core.keyword.builtin.CallTestCaseKeyword$_callTestCase_closure1.call(CallTestCaseKeyword.groovy)
	at com.kms.katalon.core.keyword.internal.KeywordMain.runKeyword(KeywordMain.groovy:68)
	at com.kms.katalon.core.keyword.builtin.CallTestCaseKeyword.callTestCase(CallTestCaseKeyword.groovy:81)
	at com.kms.katalon.core.keyword.builtin.CallTestCaseKeyword.execute(CallTestCaseKeyword.groovy:44)
	at com.kms.katalon.core.keyword.internal.KeywordExecutor.executeKeywordForPlatform(KeywordExecutor.groovy:72)
	at com.kms.katalon.core.keyword.BuiltinKeywords.callTestCase(BuiltinKeywords.groovy:334)
	at PFI.TriggerPEPresentationLHS.run(PFI.TriggerPEPresentationLHS:19)
	at com.kms.katalon.core.main.ScriptEngine.run(ScriptEngine.java:194)
	at com.kms.katalon.core.main.ScriptEngine.runScriptAsRawText(ScriptEngine.java:119)
	at com.kms.katalon.core.main.TestCaseExecutor.runScript(TestCaseExecutor.java:337)
	at com.kms.katalon.core.main.TestCaseExecutor.doExecute(TestCaseExecutor.java:328)
	at com.kms.katalon.core.main.TestCaseExecutor.processExecutionPhase(TestCaseExecutor.java:307)
	at com.kms.katalon.core.main.TestCaseExecutor.accessMainPhase(TestCaseExecutor.java:299)
	at com.kms.katalon.core.main.TestCaseExecutor.execute(TestCaseExecutor.java:233)
	at com.kms.katalon.core.main.TestSuiteExecutor.accessTestCaseMainPhase(TestSuiteExecutor.java:169)
	at com.kms.katalon.core.main.TestSuiteExecutor.accessTestSuiteMainPhase(TestSuiteExecutor.java:142)
	at com.kms.katalon.core.main.TestSuiteExecutor.execute(TestSuiteExecutor.java:91)
	at com.kms.katalon.core.main.TestCaseMain.startTestSuite(TestCaseMain.java:157)
	at com.kms.katalon.core.main.TestCaseMain$startTestSuite$0.call(Unknown Source)
	at TempTestSuite1589296049355.run(TempTestSuite1589296049355.groovy:36)
)

2020-05-12 23:20:07 - [MESSAGE][FAILED] - Unable to verify text 'Sign in to ISPS2-PROD-Verify' is present  (Root cause: com.kms.katalon.core.exception.StepFailedException: Unable to verify text 'Sign in to ISPS2-PROD-Verify' is present 
	at com.kms.katalon.core.webui.keyword.internal.WebUIKeywordMain.stepFailed(WebUIKeywordMain.groovy:64)
	at com.kms.katalon.core.webui.keyword.internal.WebUIKeywordMain.runKeyword(WebUIKeywordMain.groovy:26)
	at com.kms.katalon.core.webui.keyword.builtin.VerifyTextPresentKeyword.verifyTextPresent(VerifyTextPresentKeyword.groovy:83)
	at com.kms.katalon.core.webui.keyword.builtin.VerifyTextPresentKeyword.execute(VerifyTextPresentKeyword.groovy:68)
	at com.kms.katalon.core.keyword.internal.KeywordExecutor.executeKeywordForPlatform(KeywordExecutor.groovy:72)
	at com.kms.katalon.core.webui.keyword.WebUiBuiltInKeywords.verifyTextPresent(WebUiBuiltInKeywords.groovy:1693)
	at com.kms.katalon.core.webui.keyword.WebUiBuiltInKeywords$verifyTextPresent$1.call(Unknown Source)
	at LoginV2.0.run(LoginV2.0:29)
	at com.kms.katalon.core.main.ScriptEngine.run(ScriptEngine.java:194)
	at com.kms.katalon.core.main.ScriptEngine.runScriptAsRawText(ScriptEngine.java:119)
	at com.kms.katalon.core.main.TestCaseExecutor.runScript(TestCaseExecutor.java:337)
	at com.kms.katalon.core.main.TestCaseExecutor.doExecute(TestCaseExecutor.java:328)
	at com.kms.katalon.core.main.TestCaseExecutor.processExecutionPhase(TestCaseExecutor.java:307)
	at com.kms.katalon.core.main.TestCaseExecutor.accessMainPhase(TestCaseExecutor.java:299)
	at com.kms.katalon.core.main.TestCaseExecutor.execute(TestCaseExecutor.java:233)
	at com.kms.katalon.core.main.TestCaseMain.runTestCase(TestCaseMain.java:114)
	at com.kms.katalon.core.keyword.builtin.CallTestCaseKeyword$_callTestCase_closure1.doCall(CallTestCaseKeyword.groovy:59)
	at com.kms.katalon.core.keyword.builtin.CallTestCaseKeyword$_callTestCase_closure1.call(CallTestCaseKeyword.groovy)
	at com.kms.katalon.core.keyword.internal.KeywordMain.runKeyword(KeywordMain.groovy:68)
	at com.kms.katalon.core.keyword.builtin.CallTestCaseKeyword.callTestCase(CallTestCaseKeyword.groovy:81)
	at com.kms.katalon.core.keyword.builtin.CallTestCaseKeyword.execute(CallTestCaseKeyword.groovy:44)
	at com.kms.katalon.core.keyword.internal.KeywordExecutor.executeKeywordForPlatform(KeywordExecutor.groovy:72)
	at com.kms.katalon.core.keyword.BuiltinKeywords.callTestCase(BuiltinKeywords.groovy:334)
	at PFI.TriggerPEPresentationLHS.run(PFI.TriggerPEPresentationLHS:19)
	at com.kms.katalon.core.main.ScriptEngine.run(ScriptEngine.java:194)
	at com.kms.katalon.core.main.ScriptEngine.runScriptAsRawText(ScriptEngine.java:119)
	at com.kms.katalon.core.main.TestCaseExecutor.runScript(TestCaseExecutor.java:337)
	at com.kms.katalon.core.main.TestCaseExecutor.doExecute(TestCaseExecutor.java:328)
	at com.kms.katalon.core.main.TestCaseExecutor.processExecutionPhase(TestCaseExecutor.java:307)
	at com.kms.katalon.core.main.TestCaseExecutor.accessMainPhase(TestCaseExecutor.java:299)
	at com.kms.katalon.core.main.TestCaseExecutor.execute(TestCaseExecutor.java:233)
	at com.kms.katalon.core.main.TestSuiteExecutor.accessTestCaseMainPhase(TestSuiteExecutor.java:169)
	at com.kms.katalon.core.main.TestSuiteExecutor.accessTestSuiteMainPhase(TestSuiteExecutor.java:142)
	at com.kms.katalon.core.main.TestSuiteExecutor.execute(TestSuiteExecutor.java:91)
	at com.kms.katalon.core.main.TestCaseMain.startTestSuite(TestCaseMain.java:157)
	at com.kms.katalon.core.main.TestCaseMain$startTestSuite$0.call(Unknown Source)
	at TempTestSuite1589296049355.run(TempTestSuite1589296049355.groovy:36)
Caused by: com.kms.katalon.core.exception.StepFailedException: Text 'Sign in to ISPS2-PROD-Verify' is not present on page 
	at com.kms.katalon.core.webui.keyword.internal.WebUIKeywordMain.stepFailed(WebUIKeywordMain.groovy:64)
	at com.kms.katalon.core.webui.keyword.builtin.VerifyTextPresentKeyword$_verifyTextPresent_closure1.doCall(VerifyTextPresentKeyword.groovy:79)
	at com.kms.katalon.core.webui.keyword.builtin.VerifyTextPresentKeyword$_verifyTextPresent_closure1.call(VerifyTextPresentKeyword.groovy)
	at com.kms.katalon.core.webui.keyword.internal.WebUIKeywordMain.runKeyword(WebUIKeywordMain.groovy:20)
	... 35 more
)
[[ATTACHMENT|C:\\Users\\19023-RAC\\Desktop\\Merging Automation\\Reports\\20200512_230724\\PFI Precision and Scale Automated Regression Suite\\Page Section\\20200512_230724\\1589296807390.png]]

2020-05-12 23:20:07 - [MESSAGE][FAILED] - Unable to call Test Case 'Test Cases/Components/LoginV2.0' (Root cause: com.kms.katalon.core.exception.StepFailedException: Call Test Case 'Test Cases/Components/LoginV2.0' failed
	at com.kms.katalon.core.keyword.builtin.CallTestCaseKeyword$_callTestCase_closure1.doCall(CallTestCaseKeyword.groovy:63)
	at com.kms.katalon.core.keyword.builtin.CallTestCaseKeyword$_callTestCase_closure1.call(CallTestCaseKeyword.groovy)
	at com.kms.katalon.core.keyword.internal.KeywordMain.runKeyword(KeywordMain.groovy:68)
	at com.kms.katalon.core.keyword.builtin.CallTestCaseKeyword.callTestCase(CallTestCaseKeyword.groovy:81)
	at com.kms.katalon.core.keyword.builtin.CallTestCaseKeyword.execute(CallTestCaseKeyword.groovy:44)
	at com.kms.katalon.core.keyword.internal.KeywordExecutor.executeKeywordForPlatform(KeywordExecutor.groovy:72)
	at com.kms.katalon.core.keyword.BuiltinKeywords.callTestCase(BuiltinKeywords.groovy:334)
	at PFI.TriggerPEPresentationLHS.run(PFI.TriggerPEPresentationLHS:19)
	at com.kms.katalon.core.main.ScriptEngine.run(ScriptEngine.java:194)
	at com.kms.katalon.core.main.ScriptEngine.runScriptAsRawText(ScriptEngine.java:119)
	at com.kms.katalon.core.main.TestCaseExecutor.runScript(TestCaseExecutor.java:337)
	at com.kms.katalon.core.main.TestCaseExecutor.doExecute(TestCaseExecutor.java:328)
	at com.kms.katalon.core.main.TestCaseExecutor.processExecutionPhase(TestCaseExecutor.java:307)
	at com.kms.katalon.core.main.TestCaseExecutor.accessMainPhase(TestCaseExecutor.java:299)
	at com.kms.katalon.core.main.TestCaseExecutor.execute(TestCaseExecutor.java:233)
	at com.kms.katalon.core.main.TestSuiteExecutor.accessTestCaseMainPhase(TestSuiteExecutor.java:169)
	at com.kms.katalon.core.main.TestSuiteExecutor.accessTestSuiteMainPhase(TestSuiteExecutor.java:142)
	at com.kms.katalon.core.main.TestSuiteExecutor.execute(TestSuiteExecutor.java:91)
	at com.kms.katalon.core.main.TestCaseMain.startTestSuite(TestCaseMain.java:157)
	at com.kms.katalon.core.main.TestCaseMain$startTestSuite$0.call(Unknown Source)
	at TempTestSuite1589296049355.run(TempTestSuite1589296049355.groovy:36)
Caused by: com.kms.katalon.core.exception.StepFailedException: Unable to verify text 'Sign in to ISPS2-PROD-Verify' is present 
	at com.kms.katalon.core.webui.keyword.internal.WebUIKeywordMain.stepFailed(WebUIKeywordMain.groovy:64)
	at com.kms.katalon.core.webui.keyword.internal.WebUIKeywordMain.runKeyword(WebUIKeywordMain.groovy:26)
	at com.kms.katalon.core.webui.keyword.builtin.VerifyTextPresentKeyword.verifyTextPresent(VerifyTextPresentKeyword.groovy:83)
	at com.kms.katalon.core.webui.keyword.builtin.VerifyTextPresentKeyword.execute(VerifyTextPresentKeyword.groovy:68)
	at com.kms.katalon.core.keyword.internal.KeywordExecutor.executeKeywordForPlatform(KeywordExecutor.groovy:72)
	at com.kms.katalon.core.webui.keyword.WebUiBuiltInKeywords.verifyTextPresent(WebUiBuiltInKeywords.groovy:1693)
	at com.kms.katalon.core.webui.keyword.WebUiBuiltInKeywords$verifyTextPresent$1.call(Unknown Source)
	at LoginV2.0.run(LoginV2.0:29)
	at com.kms.katalon.core.main.ScriptEngine.run(ScriptEngine.java:194)
	at com.kms.katalon.core.main.ScriptEngine.runScriptAsRawText(ScriptEngine.java:119)
	at com.kms.katalon.core.main.TestCaseExecutor.runScript(TestCaseExecutor.java:337)
	at com.kms.katalon.core.main.TestCaseExecutor.doExecute(TestCaseExecutor.java:328)
	at com.kms.katalon.core.main.TestCaseExecutor.processExecutionPhase(TestCaseExecutor.java:307)
	at com.kms.katalon.core.main.TestCaseExecutor.accessMainPhase(TestCaseExecutor.java:299)
	at com.kms.katalon.core.main.TestCaseExecutor.execute(TestCaseExecutor.java:233)
	at com.kms.katalon.core.main.TestCaseMain.runTestCase(TestCaseMain.java:114)
	at com.kms.katalon.core.keyword.builtin.CallTestCaseKeyword$_callTestCase_closure1.doCall(CallTestCaseKeyword.groovy:59)
	... 20 more
Caused by: com.kms.katalon.core.exception.StepFailedException: Text 'Sign in to ISPS2-PROD-Verify' is not present on page 
	at com.kms.katalon.core.webui.keyword.internal.WebUIKeywordMain.stepFailed(WebUIKeywordMain.groovy:64)
	at com.kms.katalon.core.webui.keyword.builtin.VerifyTextPresentKeyword$_verifyTextPresent_closure1.doCall(VerifyTextPresentKeyword.groovy:79)
	at com.kms.katalon.core.webui.keyword.builtin.VerifyTextPresentKeyword$_verifyTextPresent_closure1.call(VerifyTextPresentKeyword.groovy)
	at com.kms.katalon.core.webui.keyword.internal.WebUIKeywordMain.runKeyword(WebUIKeywordMain.groovy:20)
	... 35 more
)]]></system-out>
         <system-err><![CDATA[2020-05-12 23:19:40 - [TEST_CASE][FAILED] - Test Cases/PFI Precision and Scale/PFI Test Cases/PFI.TriggerPEPresentationLHS: Test Cases/PFI Precision and Scale/PFI Test Cases/PFI.TriggerPEPresentationLHS FAILED.
Reason:
com.kms.katalon.core.exception.StepFailedException: Call Test Case 'Test Cases/Components/LoginV2.0' failed
	at com.kms.katalon.core.keyword.builtin.CallTestCaseKeyword$_callTestCase_closure1.doCall(CallTestCaseKeyword.groovy:63)
	at com.kms.katalon.core.keyword.builtin.CallTestCaseKeyword$_callTestCase_closure1.call(CallTestCaseKeyword.groovy)
	at com.kms.katalon.core.keyword.internal.KeywordMain.runKeyword(KeywordMain.groovy:68)
	at com.kms.katalon.core.keyword.builtin.CallTestCaseKeyword.callTestCase(CallTestCaseKeyword.groovy:81)
	at com.kms.katalon.core.keyword.builtin.CallTestCaseKeyword.execute(CallTestCaseKeyword.groovy:44)
	at com.kms.katalon.core.keyword.internal.KeywordExecutor.executeKeywordForPlatform(KeywordExecutor.groovy:72)
	at com.kms.katalon.core.keyword.BuiltinKeywords.callTestCase(BuiltinKeywords.groovy:334)
	at PFI.TriggerPEPresentationLHS.run(PFI.TriggerPEPresentationLHS:19)
	at com.kms.katalon.core.main.ScriptEngine.run(ScriptEngine.java:194)
	at com.kms.katalon.core.main.ScriptEngine.runScriptAsRawText(ScriptEngine.java:119)
	at com.kms.katalon.core.main.TestCaseExecutor.runScript(TestCaseExecutor.java:337)
	at com.kms.katalon.core.main.TestCaseExecutor.doExecute(TestCaseExecutor.java:328)
	at com.kms.katalon.core.main.TestCaseExecutor.processExecutionPhase(TestCaseExecutor.java:307)
	at com.kms.katalon.core.main.TestCaseExecutor.accessMainPhase(TestCaseExecutor.java:299)
	at com.kms.katalon.core.main.TestCaseExecutor.execute(TestCaseExecutor.java:233)
	at com.kms.katalon.core.main.TestSuiteExecutor.accessTestCaseMainPhase(TestSuiteExecutor.java:169)
	at com.kms.katalon.core.main.TestSuiteExecutor.accessTestSuiteMainPhase(TestSuiteExecutor.java:142)
	at com.kms.katalon.core.main.TestSuiteExecutor.execute(TestSuiteExecutor.java:91)
	at com.kms.katalon.core.main.TestCaseMain.startTestSuite(TestCaseMain.java:157)
	at com.kms.katalon.core.main.TestCaseMain$startTestSuite$0.call(Unknown Source)
	at TempTestSuite1589296049355.run(TempTestSuite1589296049355.groovy:36)
Caused by: com.kms.katalon.core.exception.StepFailedException: Unable to verify text 'Sign in to ISPS2-PROD-Verify' is present 
	at com.kms.katalon.core.webui.keyword.internal.WebUIKeywordMain.stepFailed(WebUIKeywordMain.groovy:64)
	at com.kms.katalon.core.webui.keyword.internal.WebUIKeywordMain.runKeyword(WebUIKeywordMain.groovy:26)
	at com.kms.katalon.core.webui.keyword.builtin.VerifyTextPresentKeyword.verifyTextPresent(VerifyTextPresentKeyword.groovy:83)
	at com.kms.katalon.core.webui.keyword.builtin.VerifyTextPresentKeyword.execute(VerifyTextPresentKeyword.groovy:68)
	at com.kms.katalon.core.keyword.internal.KeywordExecutor.executeKeywordForPlatform(KeywordExecutor.groovy:72)
	at com.kms.katalon.core.webui.keyword.WebUiBuiltInKeywords.verifyTextPresent(WebUiBuiltInKeywords.groovy:1693)
	at com.kms.katalon.core.webui.keyword.WebUiBuiltInKeywords$verifyTextPresent$1.call(Unknown Source)
	at LoginV2.0.run(LoginV2.0:29)
	at com.kms.katalon.core.main.ScriptEngine.run(ScriptEngine.java:194)
	at com.kms.katalon.core.main.ScriptEngine.runScriptAsRawText(ScriptEngine.java:119)
	at com.kms.katalon.core.main.TestCaseExecutor.runScript(TestCaseExecutor.java:337)
	at com.kms.katalon.core.main.TestCaseExecutor.doExecute(TestCaseExecutor.java:328)
	at com.kms.katalon.core.main.TestCaseExecutor.processExecutionPhase(TestCaseExecutor.java:307)
	at com.kms.katalon.core.main.TestCaseExecutor.accessMainPhase(TestCaseExecutor.java:299)
	at com.kms.katalon.core.main.TestCaseExecutor.execute(TestCaseExecutor.java:233)
	at com.kms.katalon.core.main.TestCaseMain.runTestCase(TestCaseMain.java:114)
	at com.kms.katalon.core.keyword.builtin.CallTestCaseKeyword$_callTestCase_closure1.doCall(CallTestCaseKeyword.groovy:59)
	... 20 more
Caused by: com.kms.katalon.core.exception.StepFailedException: Text 'Sign in to ISPS2-PROD-Verify' is not present on page 
	at com.kms.katalon.core.webui.keyword.internal.WebUIKeywordMain.stepFailed(WebUIKeywordMain.groovy:64)
	at com.kms.katalon.core.webui.keyword.builtin.VerifyTextPresentKeyword$_verifyTextPresent_closure1.doCall(VerifyTextPresentKeyword.groovy:79)
	at com.kms.katalon.core.webui.keyword.builtin.VerifyTextPresentKeyword$_verifyTextPresent_closure1.call(VerifyTextPresentKeyword.groovy)
	at com.kms.katalon.core.webui.keyword.internal.WebUIKeywordMain.runKeyword(WebUIKeywordMain.groovy:20)
	... 35 more]]></system-err>
      </testcase>
      <testcase name="Test Cases/PFI Precision and Scale/PFI Test Cases/PFI.ReferToExternalAgencyLHS" time="28.043" classname="Test Cases/PFI Precision and Scale/PFI Test Cases/PFI.ReferToExternalAgencyLHS" status="FAILED">
         <failure type="FAILED" message="Test Cases/PFI Precision and Scale/PFI Test Cases/PFI.ReferToExternalAgencyLHS FAILED.
Reason:
com.kms.katalon.core.exception.StepFailedException: Call Test Case 'Test Cases/Components/LoginV2.0' failed
	at com.kms.katalon.core.keyword.builtin.CallTestCaseKeyword$_callTestCase_closure1.doCall(CallTestCaseKeyword.groovy:63)
	at com.kms.katalon.core.keyword.builtin.CallTestCaseKeyword$_callTestCase_closure1.call(CallTestCaseKeyword.groovy)
	at com.kms.katalon.core.keyword.internal.KeywordMain.runKeyword(KeywordMain.groovy:68)
	at com.kms.katalon.core.keyword.builtin.CallTestCaseKeyword.callTestCase(CallTestCaseKeyword.groovy:81)
	at com.kms.katalon.core.keyword.builtin.CallTestCaseKeyword.execute(CallTestCaseKeyword.groovy:44)
	at com.kms.katalon.core.keyword.internal.KeywordExecutor.executeKeywordForPlatform(KeywordExecutor.groovy:72)
	at com.kms.katalon.core.keyword.BuiltinKeywords.callTestCase(BuiltinKeywords.groovy:334)
	at PFI.ReferToExternalAgencyLHS.run(PFI.ReferToExternalAgencyLHS:21)
	at com.kms.katalon.core.main.ScriptEngine.run(ScriptEngine.java:194)
	at com.kms.katalon.core.main.ScriptEngine.runScriptAsRawText(ScriptEngine.java:119)
	at com.kms.katalon.core.main.TestCaseExecutor.runScript(TestCaseExecutor.java:337)
	at com.kms.katalon.core.main.TestCaseExecutor.doExecute(TestCaseExecutor.java:328)
	at com.kms.katalon.core.main.TestCaseExecutor.processExecutionPhase(TestCaseExecutor.java:307)
	at com.kms.katalon.core.main.TestCaseExecutor.accessMainPhase(TestCaseExecutor.java:299)
	at com.kms.katalon.core.main.TestCaseExecutor.execute(TestCaseExecutor.java:233)
	at com.kms.katalon.core.main.TestSuiteExecutor.accessTestCaseMainPhase(TestSuiteExecutor.java:169)
	at com.kms.katalon.core.main.TestSuiteExecutor.accessTestSuiteMainPhase(TestSuiteExecutor.java:142)
	at com.kms.katalon.core.main.TestSuiteExecutor.execute(TestSuiteExecutor.java:91)
	at com.kms.katalon.core.main.TestCaseMain.startTestSuite(TestCaseMain.java:157)
	at com.kms.katalon.core.main.TestCaseMain$startTestSuite$0.call(Unknown Source)
	at TempTestSuite1589296049355.run(TempTestSuite1589296049355.groovy:36)
Caused by: com.kms.katalon.core.exception.StepFailedException: Unable to verify text 'Sign in to ISPS2-SIT' is present 
	at com.kms.katalon.core.webui.keyword.internal.WebUIKeywordMain.stepFailed(WebUIKeywordMain.groovy:64)
	at com.kms.katalon.core.webui.keyword.internal.WebUIKeywordMain.runKeyword(WebUIKeywordMain.groovy:26)
	at com.kms.katalon.core.webui.keyword.builtin.VerifyTextPresentKeyword.verifyTextPresent(VerifyTextPresentKeyword.groovy:83)
	at com.kms.katalon.core.webui.keyword.builtin.VerifyTextPresentKeyword.execute(VerifyTextPresentKeyword.groovy:68)
	at com.kms.katalon.core.keyword.internal.KeywordExecutor.executeKeywordForPlatform(KeywordExecutor.groovy:72)
	at com.kms.katalon.core.webui.keyword.WebUiBuiltInKeywords.verifyTextPresent(WebUiBuiltInKeywords.groovy:1693)
	at com.kms.katalon.core.webui.keyword.WebUiBuiltInKeywords$verifyTextPresent$1.call(Unknown Source)
	at LoginV2.0.run(LoginV2.0:29)
	at com.kms.katalon.core.main.ScriptEngine.run(ScriptEngine.java:194)
	at com.kms.katalon.core.main.ScriptEngine.runScriptAsRawText(ScriptEngine.java:119)
	at com.kms.katalon.core.main.TestCaseExecutor.runScript(TestCaseExecutor.java:337)
	at com.kms.katalon.core.main.TestCaseExecutor.doExecute(TestCaseExecutor.java:328)
	at com.kms.katalon.core.main.TestCaseExecutor.processExecutionPhase(TestCaseExecutor.java:307)
	at com.kms.katalon.core.main.TestCaseExecutor.accessMainPhase(TestCaseExecutor.java:299)
	at com.kms.katalon.core.main.TestCaseExecutor.execute(TestCaseExecutor.java:233)
	at com.kms.katalon.core.main.TestCaseMain.runTestCase(TestCaseMain.java:114)
	at com.kms.katalon.core.keyword.builtin.CallTestCaseKeyword$_callTestCase_closure1.doCall(CallTestCaseKeyword.groovy:59)
	... 20 more
Caused by: com.kms.katalon.core.exception.StepFailedException: Text 'Sign in to ISPS2-SIT' is not present on page 
	at com.kms.katalon.core.webui.keyword.internal.WebUIKeywordMain.stepFailed(WebUIKeywordMain.groovy:64)
	at com.kms.katalon.core.webui.keyword.builtin.VerifyTextPresentKeyword$_verifyTextPresent_closure1.doCall(VerifyTextPresentKeyword.groovy:79)
	at com.kms.katalon.core.webui.keyword.builtin.VerifyTextPresentKeyword$_verifyTextPresent_closure1.call(VerifyTextPresentKeyword.groovy)
	at com.kms.katalon.core.webui.keyword.internal.WebUIKeywordMain.runKeyword(WebUIKeywordMain.groovy:20)
	... 35 more
"/>
         <system-out><![CDATA[2020-05-12 23:20:07 - [TEST_CASE][FAILED] - Test Cases/PFI Precision and Scale/PFI Test Cases/PFI.ReferToExternalAgencyLHS: Test Cases/PFI Precision and Scale/PFI Test Cases/PFI.ReferToExternalAgencyLHS FAILED.
Reason:
com.kms.katalon.core.exception.StepFailedException: Call Test Case 'Test Cases/Components/LoginV2.0' failed
	at com.kms.katalon.core.keyword.builtin.CallTestCaseKeyword$_callTestCase_closure1.doCall(CallTestCaseKeyword.groovy:63)
	at com.kms.katalon.core.keyword.builtin.CallTestCaseKeyword$_callTestCase_closure1.call(CallTestCaseKeyword.groovy)
	at com.kms.katalon.core.keyword.internal.KeywordMain.runKeyword(KeywordMain.groovy:68)
	at com.kms.katalon.core.keyword.builtin.CallTestCaseKeyword.callTestCase(CallTestCaseKeyword.groovy:81)
	at com.kms.katalon.core.keyword.builtin.CallTestCaseKeyword.execute(CallTestCaseKeyword.groovy:44)
	at com.kms.katalon.core.keyword.internal.KeywordExecutor.executeKeywordForPlatform(KeywordExecutor.groovy:72)
	at com.kms.katalon.core.keyword.BuiltinKeywords.callTestCase(BuiltinKeywords.groovy:334)
	at PFI.ReferToExternalAgencyLHS.run(PFI.ReferToExternalAgencyLHS:21)
	at com.kms.katalon.core.main.ScriptEngine.run(ScriptEngine.java:194)
	at com.kms.katalon.core.main.ScriptEngine.runScriptAsRawText(ScriptEngine.java:119)
	at com.kms.katalon.core.main.TestCaseExecutor.runScript(TestCaseExecutor.java:337)
	at com.kms.katalon.core.main.TestCaseExecutor.doExecute(TestCaseExecutor.java:328)
	at com.kms.katalon.core.main.TestCaseExecutor.processExecutionPhase(TestCaseExecutor.java:307)
	at com.kms.katalon.core.main.TestCaseExecutor.accessMainPhase(TestCaseExecutor.java:299)
	at com.kms.katalon.core.main.TestCaseExecutor.execute(TestCaseExecutor.java:233)
	at com.kms.katalon.core.main.TestSuiteExecutor.accessTestCaseMainPhase(TestSuiteExecutor.java:169)
	at com.kms.katalon.core.main.TestSuiteExecutor.accessTestSuiteMainPhase(TestSuiteExecutor.java:142)
	at com.kms.katalon.core.main.TestSuiteExecutor.execute(TestSuiteExecutor.java:91)
	at com.kms.katalon.core.main.TestCaseMain.startTestSuite(TestCaseMain.java:157)
	at com.kms.katalon.core.main.TestCaseMain$startTestSuite$0.call(Unknown Source)
	at TempTestSuite1589296049355.run(TempTestSuite1589296049355.groovy:36)
Caused by: com.kms.katalon.core.exception.StepFailedException: Unable to verify text 'Sign in to ISPS2-SIT' is present 
	at com.kms.katalon.core.webui.keyword.internal.WebUIKeywordMain.stepFailed(WebUIKeywordMain.groovy:64)
	at com.kms.katalon.core.webui.keyword.internal.WebUIKeywordMain.runKeyword(WebUIKeywordMain.groovy:26)
	at com.kms.katalon.core.webui.keyword.builtin.VerifyTextPresentKeyword.verifyTextPresent(VerifyTextPresentKeyword.groovy:83)
	at com.kms.katalon.core.webui.keyword.builtin.VerifyTextPresentKeyword.execute(VerifyTextPresentKeyword.groovy:68)
	at com.kms.katalon.core.keyword.internal.KeywordExecutor.executeKeywordForPlatform(KeywordExecutor.groovy:72)
	at com.kms.katalon.core.webui.keyword.WebUiBuiltInKeywords.verifyTextPresent(WebUiBuiltInKeywords.groovy:1693)
	at com.kms.katalon.core.webui.keyword.WebUiBuiltInKeywords$verifyTextPresent$1.call(Unknown Source)
	at LoginV2.0.run(LoginV2.0:29)
	at com.kms.katalon.core.main.ScriptEngine.run(ScriptEngine.java:194)
	at com.kms.katalon.core.main.ScriptEngine.runScriptAsRawText(ScriptEngine.java:119)
	at com.kms.katalon.core.main.TestCaseExecutor.runScript(TestCaseExecutor.java:337)
	at com.kms.katalon.core.main.TestCaseExecutor.doExecute(TestCaseExecutor.java:328)
	at com.kms.katalon.core.main.TestCaseExecutor.processExecutionPhase(TestCaseExecutor.java:307)
	at com.kms.katalon.core.main.TestCaseExecutor.accessMainPhase(TestCaseExecutor.java:299)
	at com.kms.katalon.core.main.TestCaseExecutor.execute(TestCaseExecutor.java:233)
	at com.kms.katalon.core.main.TestCaseMain.runTestCase(TestCaseMain.java:114)
	at com.kms.katalon.core.keyword.builtin.CallTestCaseKeyword$_callTestCase_closure1.doCall(CallTestCaseKeyword.groovy:59)
	... 20 more
Caused by: com.kms.katalon.core.exception.StepFailedException: Text 'Sign in to ISPS2-SIT' is not present on page 
	at com.kms.katalon.core.webui.keyword.internal.WebUIKeywordMain.stepFailed(WebUIKeywordMain.groovy:64)
	at com.kms.katalon.core.webui.keyword.builtin.VerifyTextPresentKeyword$_verifyTextPresent_closure1.doCall(VerifyTextPresentKeyword.groovy:79)
	at com.kms.katalon.core.webui.keyword.builtin.VerifyTextPresentKeyword$_verifyTextPresent_closure1.call(VerifyTextPresentKeyword.groovy)
	at com.kms.katalon.core.webui.keyword.internal.WebUIKeywordMain.runKeyword(WebUIKeywordMain.groovy:20)
	... 35 more


2020-05-12 23:20:07 - [TEST_STEP][FAILED] - callTestCase(findTestCase("Components/LoginV2.0"), ["LinkToBeUsed":findTestData("ISPS2 Test Data").getValue("URL", 2), "LoginPageTextToBeVerified":findTestData("ISPS2 Test Data").getValue("HomeBanner", 2), ... ], STOP_ON_FAILURE): Unable to call Test Case 'Test Cases/Components/LoginV2.0' (Root cause: com.kms.katalon.core.exception.StepFailedException: Call Test Case 'Test Cases/Components/LoginV2.0' failed
	at com.kms.katalon.core.keyword.builtin.CallTestCaseKeyword$_callTestCase_closure1.doCall(CallTestCaseKeyword.groovy:63)
	at com.kms.katalon.core.keyword.builtin.CallTestCaseKeyword$_callTestCase_closure1.call(CallTestCaseKeyword.groovy)
	at com.kms.katalon.core.keyword.internal.KeywordMain.runKeyword(KeywordMain.groovy:68)
	at com.kms.katalon.core.keyword.builtin.CallTestCaseKeyword.callTestCase(CallTestCaseKeyword.groovy:81)
	at com.kms.katalon.core.keyword.builtin.CallTestCaseKeyword.execute(CallTestCaseKeyword.groovy:44)
	at com.kms.katalon.core.keyword.internal.KeywordExecutor.executeKeywordForPlatform(KeywordExecutor.groovy:72)
	at com.kms.katalon.core.keyword.BuiltinKeywords.callTestCase(BuiltinKeywords.groovy:334)
	at PFI.ReferToExternalAgencyLHS.run(PFI.ReferToExternalAgencyLHS:21)
	at com.kms.katalon.core.main.ScriptEngine.run(ScriptEngine.java:194)
	at com.kms.katalon.core.main.ScriptEngine.runScriptAsRawText(ScriptEngine.java:119)
	at com.kms.katalon.core.main.TestCaseExecutor.runScript(TestCaseExecutor.java:337)
	at com.kms.katalon.core.main.TestCaseExecutor.doExecute(TestCaseExecutor.java:328)
	at com.kms.katalon.core.main.TestCaseExecutor.processExecutionPhase(TestCaseExecutor.java:307)
	at com.kms.katalon.core.main.TestCaseExecutor.accessMainPhase(TestCaseExecutor.java:299)
	at com.kms.katalon.core.main.TestCaseExecutor.execute(TestCaseExecutor.java:233)
	at com.kms.katalon.core.main.TestSuiteExecutor.accessTestCaseMainPhase(TestSuiteExecutor.java:169)
	at com.kms.katalon.core.main.TestSuiteExecutor.accessTestSuiteMainPhase(TestSuiteExecutor.java:142)
	at com.kms.katalon.core.main.TestSuiteExecutor.execute(TestSuiteExecutor.java:91)
	at com.kms.katalon.core.main.TestCaseMain.startTestSuite(TestCaseMain.java:157)
	at com.kms.katalon.core.main.TestCaseMain$startTestSuite$0.call(Unknown Source)
	at TempTestSuite1589296049355.run(TempTestSuite1589296049355.groovy:36)
Caused by: com.kms.katalon.core.exception.StepFailedException: Unable to verify text 'Sign in to ISPS2-SIT' is present 
	at com.kms.katalon.core.webui.keyword.internal.WebUIKeywordMain.stepFailed(WebUIKeywordMain.groovy:64)
	at com.kms.katalon.core.webui.keyword.internal.WebUIKeywordMain.runKeyword(WebUIKeywordMain.groovy:26)
	at com.kms.katalon.core.webui.keyword.builtin.VerifyTextPresentKeyword.verifyTextPresent(VerifyTextPresentKeyword.groovy:83)
	at com.kms.katalon.core.webui.keyword.builtin.VerifyTextPresentKeyword.execute(VerifyTextPresentKeyword.groovy:68)
	at com.kms.katalon.core.keyword.internal.KeywordExecutor.executeKeywordForPlatform(KeywordExecutor.groovy:72)
	at com.kms.katalon.core.webui.keyword.WebUiBuiltInKeywords.verifyTextPresent(WebUiBuiltInKeywords.groovy:1693)
	at com.kms.katalon.core.webui.keyword.WebUiBuiltInKeywords$verifyTextPresent$1.call(Unknown Source)
	at LoginV2.0.run(LoginV2.0:29)
	at com.kms.katalon.core.main.ScriptEngine.run(ScriptEngine.java:194)
	at com.kms.katalon.core.main.ScriptEngine.runScriptAsRawText(ScriptEngine.java:119)
	at com.kms.katalon.core.main.TestCaseExecutor.runScript(TestCaseExecutor.java:337)
	at com.kms.katalon.core.main.TestCaseExecutor.doExecute(TestCaseExecutor.java:328)
	at com.kms.katalon.core.main.TestCaseExecutor.processExecutionPhase(TestCaseExecutor.java:307)
	at com.kms.katalon.core.main.TestCaseExecutor.accessMainPhase(TestCaseExecutor.java:299)
	at com.kms.katalon.core.main.TestCaseExecutor.execute(TestCaseExecutor.java:233)
	at com.kms.katalon.core.main.TestCaseMain.runTestCase(TestCaseMain.java:114)
	at com.kms.katalon.core.keyword.builtin.CallTestCaseKeyword$_callTestCase_closure1.doCall(CallTestCaseKeyword.groovy:59)
	... 20 more
Caused by: com.kms.katalon.core.exception.StepFailedException: Text 'Sign in to ISPS2-SIT' is not present on page 
	at com.kms.katalon.core.webui.keyword.internal.WebUIKeywordMain.stepFailed(WebUIKeywordMain.groovy:64)
	at com.kms.katalon.core.webui.keyword.builtin.VerifyTextPresentKeyword$_verifyTextPresent_closure1.doCall(VerifyTextPresentKeyword.groovy:79)
	at com.kms.katalon.core.webui.keyword.builtin.VerifyTextPresentKeyword$_verifyTextPresent_closure1.call(VerifyTextPresentKeyword.groovy)
	at com.kms.katalon.core.webui.keyword.internal.WebUIKeywordMain.runKeyword(WebUIKeywordMain.groovy:20)
	... 35 more
)

2020-05-12 23:20:08 - [TEST_CASE][FAILED] - Test Cases/Components/LoginV2.0: Test Cases/Components/LoginV2.0 FAILED.
Reason:
com.kms.katalon.core.exception.StepFailedException: Unable to verify text 'Sign in to ISPS2-SIT' is present 
	at com.kms.katalon.core.webui.keyword.internal.WebUIKeywordMain.stepFailed(WebUIKeywordMain.groovy:64)
	at com.kms.katalon.core.webui.keyword.internal.WebUIKeywordMain.runKeyword(WebUIKeywordMain.groovy:26)
	at com.kms.katalon.core.webui.keyword.builtin.VerifyTextPresentKeyword.verifyTextPresent(VerifyTextPresentKeyword.groovy:83)
	at com.kms.katalon.core.webui.keyword.builtin.VerifyTextPresentKeyword.execute(VerifyTextPresentKeyword.groovy:68)
	at com.kms.katalon.core.keyword.internal.KeywordExecutor.executeKeywordForPlatform(KeywordExecutor.groovy:72)
	at com.kms.katalon.core.webui.keyword.WebUiBuiltInKeywords.verifyTextPresent(WebUiBuiltInKeywords.groovy:1693)
	at com.kms.katalon.core.webui.keyword.WebUiBuiltInKeywords$verifyTextPresent$1.call(Unknown Source)
	at LoginV2.0.run(LoginV2.0:29)
	at com.kms.katalon.core.main.ScriptEngine.run(ScriptEngine.java:194)
	at com.kms.katalon.core.main.ScriptEngine.runScriptAsRawText(ScriptEngine.java:119)
	at com.kms.katalon.core.main.TestCaseExecutor.runScript(TestCaseExecutor.java:337)
	at com.kms.katalon.core.main.TestCaseExecutor.doExecute(TestCaseExecutor.java:328)
	at com.kms.katalon.core.main.TestCaseExecutor.processExecutionPhase(TestCaseExecutor.java:307)
	at com.kms.katalon.core.main.TestCaseExecutor.accessMainPhase(TestCaseExecutor.java:299)
	at com.kms.katalon.core.main.TestCaseExecutor.execute(TestCaseExecutor.java:233)
	at com.kms.katalon.core.main.TestCaseMain.runTestCase(TestCaseMain.java:114)
	at com.kms.katalon.core.keyword.builtin.CallTestCaseKeyword$_callTestCase_closure1.doCall(CallTestCaseKeyword.groovy:59)
	at com.kms.katalon.core.keyword.builtin.CallTestCaseKeyword$_callTestCase_closure1.call(CallTestCaseKeyword.groovy)
	at com.kms.katalon.core.keyword.internal.KeywordMain.runKeyword(KeywordMain.groovy:68)
	at com.kms.katalon.core.keyword.builtin.CallTestCaseKeyword.callTestCase(CallTestCaseKeyword.groovy:81)
	at com.kms.katalon.core.keyword.builtin.CallTestCaseKeyword.execute(CallTestCaseKeyword.groovy:44)
	at com.kms.katalon.core.keyword.internal.KeywordExecutor.executeKeywordForPlatform(KeywordExecutor.groovy:72)
	at com.kms.katalon.core.keyword.BuiltinKeywords.callTestCase(BuiltinKeywords.groovy:334)
	at PFI.ReferToExternalAgencyLHS.run(PFI.ReferToExternalAgencyLHS:21)
	at com.kms.katalon.core.main.ScriptEngine.run(ScriptEngine.java:194)
	at com.kms.katalon.core.main.ScriptEngine.runScriptAsRawText(ScriptEngine.java:119)
	at com.kms.katalon.core.main.TestCaseExecutor.runScript(TestCaseExecutor.java:337)
	at com.kms.katalon.core.main.TestCaseExecutor.doExecute(TestCaseExecutor.java:328)
	at com.kms.katalon.core.main.TestCaseExecutor.processExecutionPhase(TestCaseExecutor.java:307)
	at com.kms.katalon.core.main.TestCaseExecutor.accessMainPhase(TestCaseExecutor.java:299)
	at com.kms.katalon.core.main.TestCaseExecutor.execute(TestCaseExecutor.java:233)
	at com.kms.katalon.core.main.TestSuiteExecutor.accessTestCaseMainPhase(TestSuiteExecutor.java:169)
	at com.kms.katalon.core.main.TestSuiteExecutor.accessTestSuiteMainPhase(TestSuiteExecutor.java:142)
	at com.kms.katalon.core.main.TestSuiteExecutor.execute(TestSuiteExecutor.java:91)
	at com.kms.katalon.core.main.TestCaseMain.startTestSuite(TestCaseMain.java:157)
	at com.kms.katalon.core.main.TestCaseMain$startTestSuite$0.call(Unknown Source)
	at TempTestSuite1589296049355.run(TempTestSuite1589296049355.groovy:36)
Caused by: com.kms.katalon.core.exception.StepFailedException: Text 'Sign in to ISPS2-SIT' is not present on page 
	at com.kms.katalon.core.webui.keyword.internal.WebUIKeywordMain.stepFailed(WebUIKeywordMain.groovy:64)
	at com.kms.katalon.core.webui.keyword.builtin.VerifyTextPresentKeyword$_verifyTextPresent_closure1.doCall(VerifyTextPresentKeyword.groovy:79)
	at com.kms.katalon.core.webui.keyword.builtin.VerifyTextPresentKeyword$_verifyTextPresent_closure1.call(VerifyTextPresentKeyword.groovy)
	at com.kms.katalon.core.webui.keyword.internal.WebUIKeywordMain.runKeyword(WebUIKeywordMain.groovy:20)
	... 35 more


2020-05-12 23:20:08 - [TEST_STEP][PASSED] - openBrowser(LinkToBeUsed): Browser is opened with url: 'http://192.168.190.37:3012/isps2-mig/authnz/login.do'

2020-05-12 23:20:08 - [MESSAGE][WARNING] - A browser is already opened. Closing browser and opening a new one

2020-05-12 23:20:08 - [MESSAGE][INFO] - Starting 'Chrome' driver

2020-05-12 23:20:33 - [MESSAGE][PASSED] - Browser is opened with url: 'http://192.168.190.37:3012/isps2-mig/authnz/login.do'

2020-05-12 23:20:33 - [TEST_STEP][PASSED] - maximizeWindow(): Current window maximized

2020-05-12 23:20:35 - [MESSAGE][PASSED] - Current window maximized

2020-05-12 23:20:35 - [TEST_STEP][FAILED] - verifyTextPresent(LoginPageTextToBeVerified, false): Unable to verify text 'Sign in to ISPS2-SIT' is present  (Root cause: com.kms.katalon.core.exception.StepFailedException: Unable to verify text 'Sign in to ISPS2-SIT' is present 
	at com.kms.katalon.core.webui.keyword.internal.WebUIKeywordMain.stepFailed(WebUIKeywordMain.groovy:64)
	at com.kms.katalon.core.webui.keyword.internal.WebUIKeywordMain.runKeyword(WebUIKeywordMain.groovy:26)
	at com.kms.katalon.core.webui.keyword.builtin.VerifyTextPresentKeyword.verifyTextPresent(VerifyTextPresentKeyword.groovy:83)
	at com.kms.katalon.core.webui.keyword.builtin.VerifyTextPresentKeyword.execute(VerifyTextPresentKeyword.groovy:68)
	at com.kms.katalon.core.keyword.internal.KeywordExecutor.executeKeywordForPlatform(KeywordExecutor.groovy:72)
	at com.kms.katalon.core.webui.keyword.WebUiBuiltInKeywords.verifyTextPresent(WebUiBuiltInKeywords.groovy:1693)
	at com.kms.katalon.core.webui.keyword.WebUiBuiltInKeywords$verifyTextPresent$1.call(Unknown Source)
	at LoginV2.0.run(LoginV2.0:29)
	at com.kms.katalon.core.main.ScriptEngine.run(ScriptEngine.java:194)
	at com.kms.katalon.core.main.ScriptEngine.runScriptAsRawText(ScriptEngine.java:119)
	at com.kms.katalon.core.main.TestCaseExecutor.runScript(TestCaseExecutor.java:337)
	at com.kms.katalon.core.main.TestCaseExecutor.doExecute(TestCaseExecutor.java:328)
	at com.kms.katalon.core.main.TestCaseExecutor.processExecutionPhase(TestCaseExecutor.java:307)
	at com.kms.katalon.core.main.TestCaseExecutor.accessMainPhase(TestCaseExecutor.java:299)
	at com.kms.katalon.core.main.TestCaseExecutor.execute(TestCaseExecutor.java:233)
	at com.kms.katalon.core.main.TestCaseMain.runTestCase(TestCaseMain.java:114)
	at com.kms.katalon.core.keyword.builtin.CallTestCaseKeyword$_callTestCase_closure1.doCall(CallTestCaseKeyword.groovy:59)
	at com.kms.katalon.core.keyword.builtin.CallTestCaseKeyword$_callTestCase_closure1.call(CallTestCaseKeyword.groovy)
	at com.kms.katalon.core.keyword.internal.KeywordMain.runKeyword(KeywordMain.groovy:68)
	at com.kms.katalon.core.keyword.builtin.CallTestCaseKeyword.callTestCase(CallTestCaseKeyword.groovy:81)
	at com.kms.katalon.core.keyword.builtin.CallTestCaseKeyword.execute(CallTestCaseKeyword.groovy:44)
	at com.kms.katalon.core.keyword.internal.KeywordExecutor.executeKeywordForPlatform(KeywordExecutor.groovy:72)
	at com.kms.katalon.core.keyword.BuiltinKeywords.callTestCase(BuiltinKeywords.groovy:334)
	at PFI.ReferToExternalAgencyLHS.run(PFI.ReferToExternalAgencyLHS:21)
	at com.kms.katalon.core.main.ScriptEngine.run(ScriptEngine.java:194)
	at com.kms.katalon.core.main.ScriptEngine.runScriptAsRawText(ScriptEngine.java:119)
	at com.kms.katalon.core.main.TestCaseExecutor.runScript(TestCaseExecutor.java:337)
	at com.kms.katalon.core.main.TestCaseExecutor.doExecute(TestCaseExecutor.java:328)
	at com.kms.katalon.core.main.TestCaseExecutor.processExecutionPhase(TestCaseExecutor.java:307)
	at com.kms.katalon.core.main.TestCaseExecutor.accessMainPhase(TestCaseExecutor.java:299)
	at com.kms.katalon.core.main.TestCaseExecutor.execute(TestCaseExecutor.java:233)
	at com.kms.katalon.core.main.TestSuiteExecutor.accessTestCaseMainPhase(TestSuiteExecutor.java:169)
	at com.kms.katalon.core.main.TestSuiteExecutor.accessTestSuiteMainPhase(TestSuiteExecutor.java:142)
	at com.kms.katalon.core.main.TestSuiteExecutor.execute(TestSuiteExecutor.java:91)
	at com.kms.katalon.core.main.TestCaseMain.startTestSuite(TestCaseMain.java:157)
	at com.kms.katalon.core.main.TestCaseMain$startTestSuite$0.call(Unknown Source)
	at TempTestSuite1589296049355.run(TempTestSuite1589296049355.groovy:36)
Caused by: com.kms.katalon.core.exception.StepFailedException: Text 'Sign in to ISPS2-SIT' is not present on page 
	at com.kms.katalon.core.webui.keyword.internal.WebUIKeywordMain.stepFailed(WebUIKeywordMain.groovy:64)
	at com.kms.katalon.core.webui.keyword.builtin.VerifyTextPresentKeyword$_verifyTextPresent_closure1.doCall(VerifyTextPresentKeyword.groovy:79)
	at com.kms.katalon.core.webui.keyword.builtin.VerifyTextPresentKeyword$_verifyTextPresent_closure1.call(VerifyTextPresentKeyword.groovy)
	at com.kms.katalon.core.webui.keyword.internal.WebUIKeywordMain.runKeyword(WebUIKeywordMain.groovy:20)
	... 35 more
)

2020-05-12 23:20:35 - [MESSAGE][FAILED] - Text 'Sign in to ISPS2-SIT' is not present on page  (Root cause: com.kms.katalon.core.exception.StepFailedException: Text 'Sign in to ISPS2-SIT' is not present on page 
	at com.kms.katalon.core.webui.keyword.internal.WebUIKeywordMain.stepFailed(WebUIKeywordMain.groovy:64)
	at com.kms.katalon.core.webui.keyword.builtin.VerifyTextPresentKeyword$_verifyTextPresent_closure1.doCall(VerifyTextPresentKeyword.groovy:79)
	at com.kms.katalon.core.webui.keyword.builtin.VerifyTextPresentKeyword$_verifyTextPresent_closure1.call(VerifyTextPresentKeyword.groovy)
	at com.kms.katalon.core.webui.keyword.internal.WebUIKeywordMain.runKeyword(WebUIKeywordMain.groovy:20)
	at com.kms.katalon.core.webui.keyword.builtin.VerifyTextPresentKeyword.verifyTextPresent(VerifyTextPresentKeyword.groovy:83)
	at com.kms.katalon.core.webui.keyword.builtin.VerifyTextPresentKeyword.execute(VerifyTextPresentKeyword.groovy:68)
	at com.kms.katalon.core.keyword.internal.KeywordExecutor.executeKeywordForPlatform(KeywordExecutor.groovy:72)
	at com.kms.katalon.core.webui.keyword.WebUiBuiltInKeywords.verifyTextPresent(WebUiBuiltInKeywords.groovy:1693)
	at com.kms.katalon.core.webui.keyword.WebUiBuiltInKeywords$verifyTextPresent$1.call(Unknown Source)
	at LoginV2.0.run(LoginV2.0:29)
	at com.kms.katalon.core.main.ScriptEngine.run(ScriptEngine.java:194)
	at com.kms.katalon.core.main.ScriptEngine.runScriptAsRawText(ScriptEngine.java:119)
	at com.kms.katalon.core.main.TestCaseExecutor.runScript(TestCaseExecutor.java:337)
	at com.kms.katalon.core.main.TestCaseExecutor.doExecute(TestCaseExecutor.java:328)
	at com.kms.katalon.core.main.TestCaseExecutor.processExecutionPhase(TestCaseExecutor.java:307)
	at com.kms.katalon.core.main.TestCaseExecutor.accessMainPhase(TestCaseExecutor.java:299)
	at com.kms.katalon.core.main.TestCaseExecutor.execute(TestCaseExecutor.java:233)
	at com.kms.katalon.core.main.TestCaseMain.runTestCase(TestCaseMain.java:114)
	at com.kms.katalon.core.keyword.builtin.CallTestCaseKeyword$_callTestCase_closure1.doCall(CallTestCaseKeyword.groovy:59)
	at com.kms.katalon.core.keyword.builtin.CallTestCaseKeyword$_callTestCase_closure1.call(CallTestCaseKeyword.groovy)
	at com.kms.katalon.core.keyword.internal.KeywordMain.runKeyword(KeywordMain.groovy:68)
	at com.kms.katalon.core.keyword.builtin.CallTestCaseKeyword.callTestCase(CallTestCaseKeyword.groovy:81)
	at com.kms.katalon.core.keyword.builtin.CallTestCaseKeyword.execute(CallTestCaseKeyword.groovy:44)
	at com.kms.katalon.core.keyword.internal.KeywordExecutor.executeKeywordForPlatform(KeywordExecutor.groovy:72)
	at com.kms.katalon.core.keyword.BuiltinKeywords.callTestCase(BuiltinKeywords.groovy:334)
	at PFI.ReferToExternalAgencyLHS.run(PFI.ReferToExternalAgencyLHS:21)
	at com.kms.katalon.core.main.ScriptEngine.run(ScriptEngine.java:194)
	at com.kms.katalon.core.main.ScriptEngine.runScriptAsRawText(ScriptEngine.java:119)
	at com.kms.katalon.core.main.TestCaseExecutor.runScript(TestCaseExecutor.java:337)
	at com.kms.katalon.core.main.TestCaseExecutor.doExecute(TestCaseExecutor.java:328)
	at com.kms.katalon.core.main.TestCaseExecutor.processExecutionPhase(TestCaseExecutor.java:307)
	at com.kms.katalon.core.main.TestCaseExecutor.accessMainPhase(TestCaseExecutor.java:299)
	at com.kms.katalon.core.main.TestCaseExecutor.execute(TestCaseExecutor.java:233)
	at com.kms.katalon.core.main.TestSuiteExecutor.accessTestCaseMainPhase(TestSuiteExecutor.java:169)
	at com.kms.katalon.core.main.TestSuiteExecutor.accessTestSuiteMainPhase(TestSuiteExecutor.java:142)
	at com.kms.katalon.core.main.TestSuiteExecutor.execute(TestSuiteExecutor.java:91)
	at com.kms.katalon.core.main.TestCaseMain.startTestSuite(TestCaseMain.java:157)
	at com.kms.katalon.core.main.TestCaseMain$startTestSuite$0.call(Unknown Source)
	at TempTestSuite1589296049355.run(TempTestSuite1589296049355.groovy:36)
)

2020-05-12 23:20:35 - [MESSAGE][FAILED] - Unable to verify text 'Sign in to ISPS2-SIT' is present  (Root cause: com.kms.katalon.core.exception.StepFailedException: Unable to verify text 'Sign in to ISPS2-SIT' is present 
	at com.kms.katalon.core.webui.keyword.internal.WebUIKeywordMain.stepFailed(WebUIKeywordMain.groovy:64)
	at com.kms.katalon.core.webui.keyword.internal.WebUIKeywordMain.runKeyword(WebUIKeywordMain.groovy:26)
	at com.kms.katalon.core.webui.keyword.builtin.VerifyTextPresentKeyword.verifyTextPresent(VerifyTextPresentKeyword.groovy:83)
	at com.kms.katalon.core.webui.keyword.builtin.VerifyTextPresentKeyword.execute(VerifyTextPresentKeyword.groovy:68)
	at com.kms.katalon.core.keyword.internal.KeywordExecutor.executeKeywordForPlatform(KeywordExecutor.groovy:72)
	at com.kms.katalon.core.webui.keyword.WebUiBuiltInKeywords.verifyTextPresent(WebUiBuiltInKeywords.groovy:1693)
	at com.kms.katalon.core.webui.keyword.WebUiBuiltInKeywords$verifyTextPresent$1.call(Unknown Source)
	at LoginV2.0.run(LoginV2.0:29)
	at com.kms.katalon.core.main.ScriptEngine.run(ScriptEngine.java:194)
	at com.kms.katalon.core.main.ScriptEngine.runScriptAsRawText(ScriptEngine.java:119)
	at com.kms.katalon.core.main.TestCaseExecutor.runScript(TestCaseExecutor.java:337)
	at com.kms.katalon.core.main.TestCaseExecutor.doExecute(TestCaseExecutor.java:328)
	at com.kms.katalon.core.main.TestCaseExecutor.processExecutionPhase(TestCaseExecutor.java:307)
	at com.kms.katalon.core.main.TestCaseExecutor.accessMainPhase(TestCaseExecutor.java:299)
	at com.kms.katalon.core.main.TestCaseExecutor.execute(TestCaseExecutor.java:233)
	at com.kms.katalon.core.main.TestCaseMain.runTestCase(TestCaseMain.java:114)
	at com.kms.katalon.core.keyword.builtin.CallTestCaseKeyword$_callTestCase_closure1.doCall(CallTestCaseKeyword.groovy:59)
	at com.kms.katalon.core.keyword.builtin.CallTestCaseKeyword$_callTestCase_closure1.call(CallTestCaseKeyword.groovy)
	at com.kms.katalon.core.keyword.internal.KeywordMain.runKeyword(KeywordMain.groovy:68)
	at com.kms.katalon.core.keyword.builtin.CallTestCaseKeyword.callTestCase(CallTestCaseKeyword.groovy:81)
	at com.kms.katalon.core.keyword.builtin.CallTestCaseKeyword.execute(CallTestCaseKeyword.groovy:44)
	at com.kms.katalon.core.keyword.internal.KeywordExecutor.executeKeywordForPlatform(KeywordExecutor.groovy:72)
	at com.kms.katalon.core.keyword.BuiltinKeywords.callTestCase(BuiltinKeywords.groovy:334)
	at PFI.ReferToExternalAgencyLHS.run(PFI.ReferToExternalAgencyLHS:21)
	at com.kms.katalon.core.main.ScriptEngine.run(ScriptEngine.java:194)
	at com.kms.katalon.core.main.ScriptEngine.runScriptAsRawText(ScriptEngine.java:119)
	at com.kms.katalon.core.main.TestCaseExecutor.runScript(TestCaseExecutor.java:337)
	at com.kms.katalon.core.main.TestCaseExecutor.doExecute(TestCaseExecutor.java:328)
	at com.kms.katalon.core.main.TestCaseExecutor.processExecutionPhase(TestCaseExecutor.java:307)
	at com.kms.katalon.core.main.TestCaseExecutor.accessMainPhase(TestCaseExecutor.java:299)
	at com.kms.katalon.core.main.TestCaseExecutor.execute(TestCaseExecutor.java:233)
	at com.kms.katalon.core.main.TestSuiteExecutor.accessTestCaseMainPhase(TestSuiteExecutor.java:169)
	at com.kms.katalon.core.main.TestSuiteExecutor.accessTestSuiteMainPhase(TestSuiteExecutor.java:142)
	at com.kms.katalon.core.main.TestSuiteExecutor.execute(TestSuiteExecutor.java:91)
	at com.kms.katalon.core.main.TestCaseMain.startTestSuite(TestCaseMain.java:157)
	at com.kms.katalon.core.main.TestCaseMain$startTestSuite$0.call(Unknown Source)
	at TempTestSuite1589296049355.run(TempTestSuite1589296049355.groovy:36)
Caused by: com.kms.katalon.core.exception.StepFailedException: Text 'Sign in to ISPS2-SIT' is not present on page 
	at com.kms.katalon.core.webui.keyword.internal.WebUIKeywordMain.stepFailed(WebUIKeywordMain.groovy:64)
	at com.kms.katalon.core.webui.keyword.builtin.VerifyTextPresentKeyword$_verifyTextPresent_closure1.doCall(VerifyTextPresentKeyword.groovy:79)
	at com.kms.katalon.core.webui.keyword.builtin.VerifyTextPresentKeyword$_verifyTextPresent_closure1.call(VerifyTextPresentKeyword.groovy)
	at com.kms.katalon.core.webui.keyword.internal.WebUIKeywordMain.runKeyword(WebUIKeywordMain.groovy:20)
	... 35 more
)
[[ATTACHMENT|C:\\Users\\19023-RAC\\Desktop\\Merging Automation\\Reports\\20200512_230724\\PFI Precision and Scale Automated Regression Suite\\Page Section\\20200512_230724\\1589296835447.png]]

2020-05-12 23:20:35 - [MESSAGE][FAILED] - Unable to call Test Case 'Test Cases/Components/LoginV2.0' (Root cause: com.kms.katalon.core.exception.StepFailedException: Call Test Case 'Test Cases/Components/LoginV2.0' failed
	at com.kms.katalon.core.keyword.builtin.CallTestCaseKeyword$_callTestCase_closure1.doCall(CallTestCaseKeyword.groovy:63)
	at com.kms.katalon.core.keyword.builtin.CallTestCaseKeyword$_callTestCase_closure1.call(CallTestCaseKeyword.groovy)
	at com.kms.katalon.core.keyword.internal.KeywordMain.runKeyword(KeywordMain.groovy:68)
	at com.kms.katalon.core.keyword.builtin.CallTestCaseKeyword.callTestCase(CallTestCaseKeyword.groovy:81)
	at com.kms.katalon.core.keyword.builtin.CallTestCaseKeyword.execute(CallTestCaseKeyword.groovy:44)
	at com.kms.katalon.core.keyword.internal.KeywordExecutor.executeKeywordForPlatform(KeywordExecutor.groovy:72)
	at com.kms.katalon.core.keyword.BuiltinKeywords.callTestCase(BuiltinKeywords.groovy:334)
	at PFI.ReferToExternalAgencyLHS.run(PFI.ReferToExternalAgencyLHS:21)
	at com.kms.katalon.core.main.ScriptEngine.run(ScriptEngine.java:194)
	at com.kms.katalon.core.main.ScriptEngine.runScriptAsRawText(ScriptEngine.java:119)
	at com.kms.katalon.core.main.TestCaseExecutor.runScript(TestCaseExecutor.java:337)
	at com.kms.katalon.core.main.TestCaseExecutor.doExecute(TestCaseExecutor.java:328)
	at com.kms.katalon.core.main.TestCaseExecutor.processExecutionPhase(TestCaseExecutor.java:307)
	at com.kms.katalon.core.main.TestCaseExecutor.accessMainPhase(TestCaseExecutor.java:299)
	at com.kms.katalon.core.main.TestCaseExecutor.execute(TestCaseExecutor.java:233)
	at com.kms.katalon.core.main.TestSuiteExecutor.accessTestCaseMainPhase(TestSuiteExecutor.java:169)
	at com.kms.katalon.core.main.TestSuiteExecutor.accessTestSuiteMainPhase(TestSuiteExecutor.java:142)
	at com.kms.katalon.core.main.TestSuiteExecutor.execute(TestSuiteExecutor.java:91)
	at com.kms.katalon.core.main.TestCaseMain.startTestSuite(TestCaseMain.java:157)
	at com.kms.katalon.core.main.TestCaseMain$startTestSuite$0.call(Unknown Source)
	at TempTestSuite1589296049355.run(TempTestSuite1589296049355.groovy:36)
Caused by: com.kms.katalon.core.exception.StepFailedException: Unable to verify text 'Sign in to ISPS2-SIT' is present 
	at com.kms.katalon.core.webui.keyword.internal.WebUIKeywordMain.stepFailed(WebUIKeywordMain.groovy:64)
	at com.kms.katalon.core.webui.keyword.internal.WebUIKeywordMain.runKeyword(WebUIKeywordMain.groovy:26)
	at com.kms.katalon.core.webui.keyword.builtin.VerifyTextPresentKeyword.verifyTextPresent(VerifyTextPresentKeyword.groovy:83)
	at com.kms.katalon.core.webui.keyword.builtin.VerifyTextPresentKeyword.execute(VerifyTextPresentKeyword.groovy:68)
	at com.kms.katalon.core.keyword.internal.KeywordExecutor.executeKeywordForPlatform(KeywordExecutor.groovy:72)
	at com.kms.katalon.core.webui.keyword.WebUiBuiltInKeywords.verifyTextPresent(WebUiBuiltInKeywords.groovy:1693)
	at com.kms.katalon.core.webui.keyword.WebUiBuiltInKeywords$verifyTextPresent$1.call(Unknown Source)
	at LoginV2.0.run(LoginV2.0:29)
	at com.kms.katalon.core.main.ScriptEngine.run(ScriptEngine.java:194)
	at com.kms.katalon.core.main.ScriptEngine.runScriptAsRawText(ScriptEngine.java:119)
	at com.kms.katalon.core.main.TestCaseExecutor.runScript(TestCaseExecutor.java:337)
	at com.kms.katalon.core.main.TestCaseExecutor.doExecute(TestCaseExecutor.java:328)
	at com.kms.katalon.core.main.TestCaseExecutor.processExecutionPhase(TestCaseExecutor.java:307)
	at com.kms.katalon.core.main.TestCaseExecutor.accessMainPhase(TestCaseExecutor.java:299)
	at com.kms.katalon.core.main.TestCaseExecutor.execute(TestCaseExecutor.java:233)
	at com.kms.katalon.core.main.TestCaseMain.runTestCase(TestCaseMain.java:114)
	at com.kms.katalon.core.keyword.builtin.CallTestCaseKeyword$_callTestCase_closure1.doCall(CallTestCaseKeyword.groovy:59)
	... 20 more
Caused by: com.kms.katalon.core.exception.StepFailedException: Text 'Sign in to ISPS2-SIT' is not present on page 
	at com.kms.katalon.core.webui.keyword.internal.WebUIKeywordMain.stepFailed(WebUIKeywordMain.groovy:64)
	at com.kms.katalon.core.webui.keyword.builtin.VerifyTextPresentKeyword$_verifyTextPresent_closure1.doCall(VerifyTextPresentKeyword.groovy:79)
	at com.kms.katalon.core.webui.keyword.builtin.VerifyTextPresentKeyword$_verifyTextPresent_closure1.call(VerifyTextPresentKeyword.groovy)
	at com.kms.katalon.core.webui.keyword.internal.WebUIKeywordMain.runKeyword(WebUIKeywordMain.groovy:20)
	... 35 more
)]]></system-out>
         <system-err><![CDATA[2020-05-12 23:20:07 - [TEST_CASE][FAILED] - Test Cases/PFI Precision and Scale/PFI Test Cases/PFI.ReferToExternalAgencyLHS: Test Cases/PFI Precision and Scale/PFI Test Cases/PFI.ReferToExternalAgencyLHS FAILED.
Reason:
com.kms.katalon.core.exception.StepFailedException: Call Test Case 'Test Cases/Components/LoginV2.0' failed
	at com.kms.katalon.core.keyword.builtin.CallTestCaseKeyword$_callTestCase_closure1.doCall(CallTestCaseKeyword.groovy:63)
	at com.kms.katalon.core.keyword.builtin.CallTestCaseKeyword$_callTestCase_closure1.call(CallTestCaseKeyword.groovy)
	at com.kms.katalon.core.keyword.internal.KeywordMain.runKeyword(KeywordMain.groovy:68)
	at com.kms.katalon.core.keyword.builtin.CallTestCaseKeyword.callTestCase(CallTestCaseKeyword.groovy:81)
	at com.kms.katalon.core.keyword.builtin.CallTestCaseKeyword.execute(CallTestCaseKeyword.groovy:44)
	at com.kms.katalon.core.keyword.internal.KeywordExecutor.executeKeywordForPlatform(KeywordExecutor.groovy:72)
	at com.kms.katalon.core.keyword.BuiltinKeywords.callTestCase(BuiltinKeywords.groovy:334)
	at PFI.ReferToExternalAgencyLHS.run(PFI.ReferToExternalAgencyLHS:21)
	at com.kms.katalon.core.main.ScriptEngine.run(ScriptEngine.java:194)
	at com.kms.katalon.core.main.ScriptEngine.runScriptAsRawText(ScriptEngine.java:119)
	at com.kms.katalon.core.main.TestCaseExecutor.runScript(TestCaseExecutor.java:337)
	at com.kms.katalon.core.main.TestCaseExecutor.doExecute(TestCaseExecutor.java:328)
	at com.kms.katalon.core.main.TestCaseExecutor.processExecutionPhase(TestCaseExecutor.java:307)
	at com.kms.katalon.core.main.TestCaseExecutor.accessMainPhase(TestCaseExecutor.java:299)
	at com.kms.katalon.core.main.TestCaseExecutor.execute(TestCaseExecutor.java:233)
	at com.kms.katalon.core.main.TestSuiteExecutor.accessTestCaseMainPhase(TestSuiteExecutor.java:169)
	at com.kms.katalon.core.main.TestSuiteExecutor.accessTestSuiteMainPhase(TestSuiteExecutor.java:142)
	at com.kms.katalon.core.main.TestSuiteExecutor.execute(TestSuiteExecutor.java:91)
	at com.kms.katalon.core.main.TestCaseMain.startTestSuite(TestCaseMain.java:157)
	at com.kms.katalon.core.main.TestCaseMain$startTestSuite$0.call(Unknown Source)
	at TempTestSuite1589296049355.run(TempTestSuite1589296049355.groovy:36)
Caused by: com.kms.katalon.core.exception.StepFailedException: Unable to verify text 'Sign in to ISPS2-SIT' is present 
	at com.kms.katalon.core.webui.keyword.internal.WebUIKeywordMain.stepFailed(WebUIKeywordMain.groovy:64)
	at com.kms.katalon.core.webui.keyword.internal.WebUIKeywordMain.runKeyword(WebUIKeywordMain.groovy:26)
	at com.kms.katalon.core.webui.keyword.builtin.VerifyTextPresentKeyword.verifyTextPresent(VerifyTextPresentKeyword.groovy:83)
	at com.kms.katalon.core.webui.keyword.builtin.VerifyTextPresentKeyword.execute(VerifyTextPresentKeyword.groovy:68)
	at com.kms.katalon.core.keyword.internal.KeywordExecutor.executeKeywordForPlatform(KeywordExecutor.groovy:72)
	at com.kms.katalon.core.webui.keyword.WebUiBuiltInKeywords.verifyTextPresent(WebUiBuiltInKeywords.groovy:1693)
	at com.kms.katalon.core.webui.keyword.WebUiBuiltInKeywords$verifyTextPresent$1.call(Unknown Source)
	at LoginV2.0.run(LoginV2.0:29)
	at com.kms.katalon.core.main.ScriptEngine.run(ScriptEngine.java:194)
	at com.kms.katalon.core.main.ScriptEngine.runScriptAsRawText(ScriptEngine.java:119)
	at com.kms.katalon.core.main.TestCaseExecutor.runScript(TestCaseExecutor.java:337)
	at com.kms.katalon.core.main.TestCaseExecutor.doExecute(TestCaseExecutor.java:328)
	at com.kms.katalon.core.main.TestCaseExecutor.processExecutionPhase(TestCaseExecutor.java:307)
	at com.kms.katalon.core.main.TestCaseExecutor.accessMainPhase(TestCaseExecutor.java:299)
	at com.kms.katalon.core.main.TestCaseExecutor.execute(TestCaseExecutor.java:233)
	at com.kms.katalon.core.main.TestCaseMain.runTestCase(TestCaseMain.java:114)
	at com.kms.katalon.core.keyword.builtin.CallTestCaseKeyword$_callTestCase_closure1.doCall(CallTestCaseKeyword.groovy:59)
	... 20 more
Caused by: com.kms.katalon.core.exception.StepFailedException: Text 'Sign in to ISPS2-SIT' is not present on page 
	at com.kms.katalon.core.webui.keyword.internal.WebUIKeywordMain.stepFailed(WebUIKeywordMain.groovy:64)
	at com.kms.katalon.core.webui.keyword.builtin.VerifyTextPresentKeyword$_verifyTextPresent_closure1.doCall(VerifyTextPresentKeyword.groovy:79)
	at com.kms.katalon.core.webui.keyword.builtin.VerifyTextPresentKeyword$_verifyTextPresent_closure1.call(VerifyTextPresentKeyword.groovy)
	at com.kms.katalon.core.webui.keyword.internal.WebUIKeywordMain.runKeyword(WebUIKeywordMain.groovy:20)
	... 35 more]]></system-err>
      </testcase>
      <testcase name="Test Cases/PFI Precision and Scale/PFI Test Cases/PFI.CourtActionsLHS" time="28.065" classname="Test Cases/PFI Precision and Scale/PFI Test Cases/PFI.CourtActionsLHS" status="FAILED">
         <failure type="FAILED" message="Test Cases/PFI Precision and Scale/PFI Test Cases/PFI.CourtActionsLHS FAILED.
Reason:
com.kms.katalon.core.exception.StepFailedException: Call Test Case 'Test Cases/Components/LoginV2.0' failed
	at com.kms.katalon.core.keyword.builtin.CallTestCaseKeyword$_callTestCase_closure1.doCall(CallTestCaseKeyword.groovy:63)
	at com.kms.katalon.core.keyword.builtin.CallTestCaseKeyword$_callTestCase_closure1.call(CallTestCaseKeyword.groovy)
	at com.kms.katalon.core.keyword.internal.KeywordMain.runKeyword(KeywordMain.groovy:68)
	at com.kms.katalon.core.keyword.builtin.CallTestCaseKeyword.callTestCase(CallTestCaseKeyword.groovy:81)
	at com.kms.katalon.core.keyword.builtin.CallTestCaseKeyword.execute(CallTestCaseKeyword.groovy:44)
	at com.kms.katalon.core.keyword.internal.KeywordExecutor.executeKeywordForPlatform(KeywordExecutor.groovy:72)
	at com.kms.katalon.core.keyword.BuiltinKeywords.callTestCase(BuiltinKeywords.groovy:334)
	at PFI.CourtActionsLHS.run(PFI.CourtActionsLHS:21)
	at com.kms.katalon.core.main.ScriptEngine.run(ScriptEngine.java:194)
	at com.kms.katalon.core.main.ScriptEngine.runScriptAsRawText(ScriptEngine.java:119)
	at com.kms.katalon.core.main.TestCaseExecutor.runScript(TestCaseExecutor.java:337)
	at com.kms.katalon.core.main.TestCaseExecutor.doExecute(TestCaseExecutor.java:328)
	at com.kms.katalon.core.main.TestCaseExecutor.processExecutionPhase(TestCaseExecutor.java:307)
	at com.kms.katalon.core.main.TestCaseExecutor.accessMainPhase(TestCaseExecutor.java:299)
	at com.kms.katalon.core.main.TestCaseExecutor.execute(TestCaseExecutor.java:233)
	at com.kms.katalon.core.main.TestSuiteExecutor.accessTestCaseMainPhase(TestSuiteExecutor.java:169)
	at com.kms.katalon.core.main.TestSuiteExecutor.accessTestSuiteMainPhase(TestSuiteExecutor.java:142)
	at com.kms.katalon.core.main.TestSuiteExecutor.execute(TestSuiteExecutor.java:91)
	at com.kms.katalon.core.main.TestCaseMain.startTestSuite(TestCaseMain.java:157)
	at com.kms.katalon.core.main.TestCaseMain$startTestSuite$0.call(Unknown Source)
	at TempTestSuite1589296049355.run(TempTestSuite1589296049355.groovy:36)
Caused by: com.kms.katalon.core.exception.StepFailedException: Unable to verify text 'Sign in to ISPS2-SIT' is present 
	at com.kms.katalon.core.webui.keyword.internal.WebUIKeywordMain.stepFailed(WebUIKeywordMain.groovy:64)
	at com.kms.katalon.core.webui.keyword.internal.WebUIKeywordMain.runKeyword(WebUIKeywordMain.groovy:26)
	at com.kms.katalon.core.webui.keyword.builtin.VerifyTextPresentKeyword.verifyTextPresent(VerifyTextPresentKeyword.groovy:83)
	at com.kms.katalon.core.webui.keyword.builtin.VerifyTextPresentKeyword.execute(VerifyTextPresentKeyword.groovy:68)
	at com.kms.katalon.core.keyword.internal.KeywordExecutor.executeKeywordForPlatform(KeywordExecutor.groovy:72)
	at com.kms.katalon.core.webui.keyword.WebUiBuiltInKeywords.verifyTextPresent(WebUiBuiltInKeywords.groovy:1693)
	at com.kms.katalon.core.webui.keyword.WebUiBuiltInKeywords$verifyTextPresent$1.call(Unknown Source)
	at LoginV2.0.run(LoginV2.0:29)
	at com.kms.katalon.core.main.ScriptEngine.run(ScriptEngine.java:194)
	at com.kms.katalon.core.main.ScriptEngine.runScriptAsRawText(ScriptEngine.java:119)
	at com.kms.katalon.core.main.TestCaseExecutor.runScript(TestCaseExecutor.java:337)
	at com.kms.katalon.core.main.TestCaseExecutor.doExecute(TestCaseExecutor.java:328)
	at com.kms.katalon.core.main.TestCaseExecutor.processExecutionPhase(TestCaseExecutor.java:307)
	at com.kms.katalon.core.main.TestCaseExecutor.accessMainPhase(TestCaseExecutor.java:299)
	at com.kms.katalon.core.main.TestCaseExecutor.execute(TestCaseExecutor.java:233)
	at com.kms.katalon.core.main.TestCaseMain.runTestCase(TestCaseMain.java:114)
	at com.kms.katalon.core.keyword.builtin.CallTestCaseKeyword$_callTestCase_closure1.doCall(CallTestCaseKeyword.groovy:59)
	... 20 more
Caused by: com.kms.katalon.core.exception.StepFailedException: Text 'Sign in to ISPS2-SIT' is not present on page 
	at com.kms.katalon.core.webui.keyword.internal.WebUIKeywordMain.stepFailed(WebUIKeywordMain.groovy:64)
	at com.kms.katalon.core.webui.keyword.builtin.VerifyTextPresentKeyword$_verifyTextPresent_closure1.doCall(VerifyTextPresentKeyword.groovy:79)
	at com.kms.katalon.core.webui.keyword.builtin.VerifyTextPresentKeyword$_verifyTextPresent_closure1.call(VerifyTextPresentKeyword.groovy)
	at com.kms.katalon.core.webui.keyword.internal.WebUIKeywordMain.runKeyword(WebUIKeywordMain.groovy:20)
	... 35 more
"/>
         <system-out><![CDATA[2020-05-12 23:20:35 - [TEST_CASE][FAILED] - Test Cases/PFI Precision and Scale/PFI Test Cases/PFI.CourtActionsLHS: Test Cases/PFI Precision and Scale/PFI Test Cases/PFI.CourtActionsLHS FAILED.
Reason:
com.kms.katalon.core.exception.StepFailedException: Call Test Case 'Test Cases/Components/LoginV2.0' failed
	at com.kms.katalon.core.keyword.builtin.CallTestCaseKeyword$_callTestCase_closure1.doCall(CallTestCaseKeyword.groovy:63)
	at com.kms.katalon.core.keyword.builtin.CallTestCaseKeyword$_callTestCase_closure1.call(CallTestCaseKeyword.groovy)
	at com.kms.katalon.core.keyword.internal.KeywordMain.runKeyword(KeywordMain.groovy:68)
	at com.kms.katalon.core.keyword.builtin.CallTestCaseKeyword.callTestCase(CallTestCaseKeyword.groovy:81)
	at com.kms.katalon.core.keyword.builtin.CallTestCaseKeyword.execute(CallTestCaseKeyword.groovy:44)
	at com.kms.katalon.core.keyword.internal.KeywordExecutor.executeKeywordForPlatform(KeywordExecutor.groovy:72)
	at com.kms.katalon.core.keyword.BuiltinKeywords.callTestCase(BuiltinKeywords.groovy:334)
	at PFI.CourtActionsLHS.run(PFI.CourtActionsLHS:21)
	at com.kms.katalon.core.main.ScriptEngine.run(ScriptEngine.java:194)
	at com.kms.katalon.core.main.ScriptEngine.runScriptAsRawText(ScriptEngine.java:119)
	at com.kms.katalon.core.main.TestCaseExecutor.runScript(TestCaseExecutor.java:337)
	at com.kms.katalon.core.main.TestCaseExecutor.doExecute(TestCaseExecutor.java:328)
	at com.kms.katalon.core.main.TestCaseExecutor.processExecutionPhase(TestCaseExecutor.java:307)
	at com.kms.katalon.core.main.TestCaseExecutor.accessMainPhase(TestCaseExecutor.java:299)
	at com.kms.katalon.core.main.TestCaseExecutor.execute(TestCaseExecutor.java:233)
	at com.kms.katalon.core.main.TestSuiteExecutor.accessTestCaseMainPhase(TestSuiteExecutor.java:169)
	at com.kms.katalon.core.main.TestSuiteExecutor.accessTestSuiteMainPhase(TestSuiteExecutor.java:142)
	at com.kms.katalon.core.main.TestSuiteExecutor.execute(TestSuiteExecutor.java:91)
	at com.kms.katalon.core.main.TestCaseMain.startTestSuite(TestCaseMain.java:157)
	at com.kms.katalon.core.main.TestCaseMain$startTestSuite$0.call(Unknown Source)
	at TempTestSuite1589296049355.run(TempTestSuite1589296049355.groovy:36)
Caused by: com.kms.katalon.core.exception.StepFailedException: Unable to verify text 'Sign in to ISPS2-SIT' is present 
	at com.kms.katalon.core.webui.keyword.internal.WebUIKeywordMain.stepFailed(WebUIKeywordMain.groovy:64)
	at com.kms.katalon.core.webui.keyword.internal.WebUIKeywordMain.runKeyword(WebUIKeywordMain.groovy:26)
	at com.kms.katalon.core.webui.keyword.builtin.VerifyTextPresentKeyword.verifyTextPresent(VerifyTextPresentKeyword.groovy:83)
	at com.kms.katalon.core.webui.keyword.builtin.VerifyTextPresentKeyword.execute(VerifyTextPresentKeyword.groovy:68)
	at com.kms.katalon.core.keyword.internal.KeywordExecutor.executeKeywordForPlatform(KeywordExecutor.groovy:72)
	at com.kms.katalon.core.webui.keyword.WebUiBuiltInKeywords.verifyTextPresent(WebUiBuiltInKeywords.groovy:1693)
	at com.kms.katalon.core.webui.keyword.WebUiBuiltInKeywords$verifyTextPresent$1.call(Unknown Source)
	at LoginV2.0.run(LoginV2.0:29)
	at com.kms.katalon.core.main.ScriptEngine.run(ScriptEngine.java:194)
	at com.kms.katalon.core.main.ScriptEngine.runScriptAsRawText(ScriptEngine.java:119)
	at com.kms.katalon.core.main.TestCaseExecutor.runScript(TestCaseExecutor.java:337)
	at com.kms.katalon.core.main.TestCaseExecutor.doExecute(TestCaseExecutor.java:328)
	at com.kms.katalon.core.main.TestCaseExecutor.processExecutionPhase(TestCaseExecutor.java:307)
	at com.kms.katalon.core.main.TestCaseExecutor.accessMainPhase(TestCaseExecutor.java:299)
	at com.kms.katalon.core.main.TestCaseExecutor.execute(TestCaseExecutor.java:233)
	at com.kms.katalon.core.main.TestCaseMain.runTestCase(TestCaseMain.java:114)
	at com.kms.katalon.core.keyword.builtin.CallTestCaseKeyword$_callTestCase_closure1.doCall(CallTestCaseKeyword.groovy:59)
	... 20 more
Caused by: com.kms.katalon.core.exception.StepFailedException: Text 'Sign in to ISPS2-SIT' is not present on page 
	at com.kms.katalon.core.webui.keyword.internal.WebUIKeywordMain.stepFailed(WebUIKeywordMain.groovy:64)
	at com.kms.katalon.core.webui.keyword.builtin.VerifyTextPresentKeyword$_verifyTextPresent_closure1.doCall(VerifyTextPresentKeyword.groovy:79)
	at com.kms.katalon.core.webui.keyword.builtin.VerifyTextPresentKeyword$_verifyTextPresent_closure1.call(VerifyTextPresentKeyword.groovy)
	at com.kms.katalon.core.webui.keyword.internal.WebUIKeywordMain.runKeyword(WebUIKeywordMain.groovy:20)
	... 35 more


2020-05-12 23:20:35 - [TEST_STEP][FAILED] - callTestCase(findTestCase("Components/LoginV2.0"), ["LinkToBeUsed":findTestData("ISPS2 Test Data").getValue("URL", 2), "LoginPageTextToBeVerified":findTestData("ISPS2 Test Data").getValue("HomeBanner", 2), ... ], STOP_ON_FAILURE): Unable to call Test Case 'Test Cases/Components/LoginV2.0' (Root cause: com.kms.katalon.core.exception.StepFailedException: Call Test Case 'Test Cases/Components/LoginV2.0' failed
	at com.kms.katalon.core.keyword.builtin.CallTestCaseKeyword$_callTestCase_closure1.doCall(CallTestCaseKeyword.groovy:63)
	at com.kms.katalon.core.keyword.builtin.CallTestCaseKeyword$_callTestCase_closure1.call(CallTestCaseKeyword.groovy)
	at com.kms.katalon.core.keyword.internal.KeywordMain.runKeyword(KeywordMain.groovy:68)
	at com.kms.katalon.core.keyword.builtin.CallTestCaseKeyword.callTestCase(CallTestCaseKeyword.groovy:81)
	at com.kms.katalon.core.keyword.builtin.CallTestCaseKeyword.execute(CallTestCaseKeyword.groovy:44)
	at com.kms.katalon.core.keyword.internal.KeywordExecutor.executeKeywordForPlatform(KeywordExecutor.groovy:72)
	at com.kms.katalon.core.keyword.BuiltinKeywords.callTestCase(BuiltinKeywords.groovy:334)
	at PFI.CourtActionsLHS.run(PFI.CourtActionsLHS:21)
	at com.kms.katalon.core.main.ScriptEngine.run(ScriptEngine.java:194)
	at com.kms.katalon.core.main.ScriptEngine.runScriptAsRawText(ScriptEngine.java:119)
	at com.kms.katalon.core.main.TestCaseExecutor.runScript(TestCaseExecutor.java:337)
	at com.kms.katalon.core.main.TestCaseExecutor.doExecute(TestCaseExecutor.java:328)
	at com.kms.katalon.core.main.TestCaseExecutor.processExecutionPhase(TestCaseExecutor.java:307)
	at com.kms.katalon.core.main.TestCaseExecutor.accessMainPhase(TestCaseExecutor.java:299)
	at com.kms.katalon.core.main.TestCaseExecutor.execute(TestCaseExecutor.java:233)
	at com.kms.katalon.core.main.TestSuiteExecutor.accessTestCaseMainPhase(TestSuiteExecutor.java:169)
	at com.kms.katalon.core.main.TestSuiteExecutor.accessTestSuiteMainPhase(TestSuiteExecutor.java:142)
	at com.kms.katalon.core.main.TestSuiteExecutor.execute(TestSuiteExecutor.java:91)
	at com.kms.katalon.core.main.TestCaseMain.startTestSuite(TestCaseMain.java:157)
	at com.kms.katalon.core.main.TestCaseMain$startTestSuite$0.call(Unknown Source)
	at TempTestSuite1589296049355.run(TempTestSuite1589296049355.groovy:36)
Caused by: com.kms.katalon.core.exception.StepFailedException: Unable to verify text 'Sign in to ISPS2-SIT' is present 
	at com.kms.katalon.core.webui.keyword.internal.WebUIKeywordMain.stepFailed(WebUIKeywordMain.groovy:64)
	at com.kms.katalon.core.webui.keyword.internal.WebUIKeywordMain.runKeyword(WebUIKeywordMain.groovy:26)
	at com.kms.katalon.core.webui.keyword.builtin.VerifyTextPresentKeyword.verifyTextPresent(VerifyTextPresentKeyword.groovy:83)
	at com.kms.katalon.core.webui.keyword.builtin.VerifyTextPresentKeyword.execute(VerifyTextPresentKeyword.groovy:68)
	at com.kms.katalon.core.keyword.internal.KeywordExecutor.executeKeywordForPlatform(KeywordExecutor.groovy:72)
	at com.kms.katalon.core.webui.keyword.WebUiBuiltInKeywords.verifyTextPresent(WebUiBuiltInKeywords.groovy:1693)
	at com.kms.katalon.core.webui.keyword.WebUiBuiltInKeywords$verifyTextPresent$1.call(Unknown Source)
	at LoginV2.0.run(LoginV2.0:29)
	at com.kms.katalon.core.main.ScriptEngine.run(ScriptEngine.java:194)
	at com.kms.katalon.core.main.ScriptEngine.runScriptAsRawText(ScriptEngine.java:119)
	at com.kms.katalon.core.main.TestCaseExecutor.runScript(TestCaseExecutor.java:337)
	at com.kms.katalon.core.main.TestCaseExecutor.doExecute(TestCaseExecutor.java:328)
	at com.kms.katalon.core.main.TestCaseExecutor.processExecutionPhase(TestCaseExecutor.java:307)
	at com.kms.katalon.core.main.TestCaseExecutor.accessMainPhase(TestCaseExecutor.java:299)
	at com.kms.katalon.core.main.TestCaseExecutor.execute(TestCaseExecutor.java:233)
	at com.kms.katalon.core.main.TestCaseMain.runTestCase(TestCaseMain.java:114)
	at com.kms.katalon.core.keyword.builtin.CallTestCaseKeyword$_callTestCase_closure1.doCall(CallTestCaseKeyword.groovy:59)
	... 20 more
Caused by: com.kms.katalon.core.exception.StepFailedException: Text 'Sign in to ISPS2-SIT' is not present on page 
	at com.kms.katalon.core.webui.keyword.internal.WebUIKeywordMain.stepFailed(WebUIKeywordMain.groovy:64)
	at com.kms.katalon.core.webui.keyword.builtin.VerifyTextPresentKeyword$_verifyTextPresent_closure1.doCall(VerifyTextPresentKeyword.groovy:79)
	at com.kms.katalon.core.webui.keyword.builtin.VerifyTextPresentKeyword$_verifyTextPresent_closure1.call(VerifyTextPresentKeyword.groovy)
	at com.kms.katalon.core.webui.keyword.internal.WebUIKeywordMain.runKeyword(WebUIKeywordMain.groovy:20)
	... 35 more
)

2020-05-12 23:20:36 - [TEST_CASE][FAILED] - Test Cases/Components/LoginV2.0: Test Cases/Components/LoginV2.0 FAILED.
Reason:
com.kms.katalon.core.exception.StepFailedException: Unable to verify text 'Sign in to ISPS2-SIT' is present 
	at com.kms.katalon.core.webui.keyword.internal.WebUIKeywordMain.stepFailed(WebUIKeywordMain.groovy:64)
	at com.kms.katalon.core.webui.keyword.internal.WebUIKeywordMain.runKeyword(WebUIKeywordMain.groovy:26)
	at com.kms.katalon.core.webui.keyword.builtin.VerifyTextPresentKeyword.verifyTextPresent(VerifyTextPresentKeyword.groovy:83)
	at com.kms.katalon.core.webui.keyword.builtin.VerifyTextPresentKeyword.execute(VerifyTextPresentKeyword.groovy:68)
	at com.kms.katalon.core.keyword.internal.KeywordExecutor.executeKeywordForPlatform(KeywordExecutor.groovy:72)
	at com.kms.katalon.core.webui.keyword.WebUiBuiltInKeywords.verifyTextPresent(WebUiBuiltInKeywords.groovy:1693)
	at com.kms.katalon.core.webui.keyword.WebUiBuiltInKeywords$verifyTextPresent$1.call(Unknown Source)
	at LoginV2.0.run(LoginV2.0:29)
	at com.kms.katalon.core.main.ScriptEngine.run(ScriptEngine.java:194)
	at com.kms.katalon.core.main.ScriptEngine.runScriptAsRawText(ScriptEngine.java:119)
	at com.kms.katalon.core.main.TestCaseExecutor.runScript(TestCaseExecutor.java:337)
	at com.kms.katalon.core.main.TestCaseExecutor.doExecute(TestCaseExecutor.java:328)
	at com.kms.katalon.core.main.TestCaseExecutor.processExecutionPhase(TestCaseExecutor.java:307)
	at com.kms.katalon.core.main.TestCaseExecutor.accessMainPhase(TestCaseExecutor.java:299)
	at com.kms.katalon.core.main.TestCaseExecutor.execute(TestCaseExecutor.java:233)
	at com.kms.katalon.core.main.TestCaseMain.runTestCase(TestCaseMain.java:114)
	at com.kms.katalon.core.keyword.builtin.CallTestCaseKeyword$_callTestCase_closure1.doCall(CallTestCaseKeyword.groovy:59)
	at com.kms.katalon.core.keyword.builtin.CallTestCaseKeyword$_callTestCase_closure1.call(CallTestCaseKeyword.groovy)
	at com.kms.katalon.core.keyword.internal.KeywordMain.runKeyword(KeywordMain.groovy:68)
	at com.kms.katalon.core.keyword.builtin.CallTestCaseKeyword.callTestCase(CallTestCaseKeyword.groovy:81)
	at com.kms.katalon.core.keyword.builtin.CallTestCaseKeyword.execute(CallTestCaseKeyword.groovy:44)
	at com.kms.katalon.core.keyword.internal.KeywordExecutor.executeKeywordForPlatform(KeywordExecutor.groovy:72)
	at com.kms.katalon.core.keyword.BuiltinKeywords.callTestCase(BuiltinKeywords.groovy:334)
	at PFI.CourtActionsLHS.run(PFI.CourtActionsLHS:21)
	at com.kms.katalon.core.main.ScriptEngine.run(ScriptEngine.java:194)
	at com.kms.katalon.core.main.ScriptEngine.runScriptAsRawText(ScriptEngine.java:119)
	at com.kms.katalon.core.main.TestCaseExecutor.runScript(TestCaseExecutor.java:337)
	at com.kms.katalon.core.main.TestCaseExecutor.doExecute(TestCaseExecutor.java:328)
	at com.kms.katalon.core.main.TestCaseExecutor.processExecutionPhase(TestCaseExecutor.java:307)
	at com.kms.katalon.core.main.TestCaseExecutor.accessMainPhase(TestCaseExecutor.java:299)
	at com.kms.katalon.core.main.TestCaseExecutor.execute(TestCaseExecutor.java:233)
	at com.kms.katalon.core.main.TestSuiteExecutor.accessTestCaseMainPhase(TestSuiteExecutor.java:169)
	at com.kms.katalon.core.main.TestSuiteExecutor.accessTestSuiteMainPhase(TestSuiteExecutor.java:142)
	at com.kms.katalon.core.main.TestSuiteExecutor.execute(TestSuiteExecutor.java:91)
	at com.kms.katalon.core.main.TestCaseMain.startTestSuite(TestCaseMain.java:157)
	at com.kms.katalon.core.main.TestCaseMain$startTestSuite$0.call(Unknown Source)
	at TempTestSuite1589296049355.run(TempTestSuite1589296049355.groovy:36)
Caused by: com.kms.katalon.core.exception.StepFailedException: Text 'Sign in to ISPS2-SIT' is not present on page 
	at com.kms.katalon.core.webui.keyword.internal.WebUIKeywordMain.stepFailed(WebUIKeywordMain.groovy:64)
	at com.kms.katalon.core.webui.keyword.builtin.VerifyTextPresentKeyword$_verifyTextPresent_closure1.doCall(VerifyTextPresentKeyword.groovy:79)
	at com.kms.katalon.core.webui.keyword.builtin.VerifyTextPresentKeyword$_verifyTextPresent_closure1.call(VerifyTextPresentKeyword.groovy)
	at com.kms.katalon.core.webui.keyword.internal.WebUIKeywordMain.runKeyword(WebUIKeywordMain.groovy:20)
	... 35 more


2020-05-12 23:20:36 - [TEST_STEP][PASSED] - openBrowser(LinkToBeUsed): Browser is opened with url: 'http://192.168.190.37:3012/isps2-mig/authnz/login.do'

2020-05-12 23:20:36 - [MESSAGE][WARNING] - A browser is already opened. Closing browser and opening a new one

2020-05-12 23:20:36 - [MESSAGE][INFO] - Starting 'Chrome' driver

2020-05-12 23:21:01 - [MESSAGE][PASSED] - Browser is opened with url: 'http://192.168.190.37:3012/isps2-mig/authnz/login.do'

2020-05-12 23:21:01 - [TEST_STEP][PASSED] - maximizeWindow(): Current window maximized

2020-05-12 23:21:03 - [MESSAGE][PASSED] - Current window maximized

2020-05-12 23:21:03 - [TEST_STEP][FAILED] - verifyTextPresent(LoginPageTextToBeVerified, false): Unable to verify text 'Sign in to ISPS2-SIT' is present  (Root cause: com.kms.katalon.core.exception.StepFailedException: Unable to verify text 'Sign in to ISPS2-SIT' is present 
	at com.kms.katalon.core.webui.keyword.internal.WebUIKeywordMain.stepFailed(WebUIKeywordMain.groovy:64)
	at com.kms.katalon.core.webui.keyword.internal.WebUIKeywordMain.runKeyword(WebUIKeywordMain.groovy:26)
	at com.kms.katalon.core.webui.keyword.builtin.VerifyTextPresentKeyword.verifyTextPresent(VerifyTextPresentKeyword.groovy:83)
	at com.kms.katalon.core.webui.keyword.builtin.VerifyTextPresentKeyword.execute(VerifyTextPresentKeyword.groovy:68)
	at com.kms.katalon.core.keyword.internal.KeywordExecutor.executeKeywordForPlatform(KeywordExecutor.groovy:72)
	at com.kms.katalon.core.webui.keyword.WebUiBuiltInKeywords.verifyTextPresent(WebUiBuiltInKeywords.groovy:1693)
	at com.kms.katalon.core.webui.keyword.WebUiBuiltInKeywords$verifyTextPresent$1.call(Unknown Source)
	at LoginV2.0.run(LoginV2.0:29)
	at com.kms.katalon.core.main.ScriptEngine.run(ScriptEngine.java:194)
	at com.kms.katalon.core.main.ScriptEngine.runScriptAsRawText(ScriptEngine.java:119)
	at com.kms.katalon.core.main.TestCaseExecutor.runScript(TestCaseExecutor.java:337)
	at com.kms.katalon.core.main.TestCaseExecutor.doExecute(TestCaseExecutor.java:328)
	at com.kms.katalon.core.main.TestCaseExecutor.processExecutionPhase(TestCaseExecutor.java:307)
	at com.kms.katalon.core.main.TestCaseExecutor.accessMainPhase(TestCaseExecutor.java:299)
	at com.kms.katalon.core.main.TestCaseExecutor.execute(TestCaseExecutor.java:233)
	at com.kms.katalon.core.main.TestCaseMain.runTestCase(TestCaseMain.java:114)
	at com.kms.katalon.core.keyword.builtin.CallTestCaseKeyword$_callTestCase_closure1.doCall(CallTestCaseKeyword.groovy:59)
	at com.kms.katalon.core.keyword.builtin.CallTestCaseKeyword$_callTestCase_closure1.call(CallTestCaseKeyword.groovy)
	at com.kms.katalon.core.keyword.internal.KeywordMain.runKeyword(KeywordMain.groovy:68)
	at com.kms.katalon.core.keyword.builtin.CallTestCaseKeyword.callTestCase(CallTestCaseKeyword.groovy:81)
	at com.kms.katalon.core.keyword.builtin.CallTestCaseKeyword.execute(CallTestCaseKeyword.groovy:44)
	at com.kms.katalon.core.keyword.internal.KeywordExecutor.executeKeywordForPlatform(KeywordExecutor.groovy:72)
	at com.kms.katalon.core.keyword.BuiltinKeywords.callTestCase(BuiltinKeywords.groovy:334)
	at PFI.CourtActionsLHS.run(PFI.CourtActionsLHS:21)
	at com.kms.katalon.core.main.ScriptEngine.run(ScriptEngine.java:194)
	at com.kms.katalon.core.main.ScriptEngine.runScriptAsRawText(ScriptEngine.java:119)
	at com.kms.katalon.core.main.TestCaseExecutor.runScript(TestCaseExecutor.java:337)
	at com.kms.katalon.core.main.TestCaseExecutor.doExecute(TestCaseExecutor.java:328)
	at com.kms.katalon.core.main.TestCaseExecutor.processExecutionPhase(TestCaseExecutor.java:307)
	at com.kms.katalon.core.main.TestCaseExecutor.accessMainPhase(TestCaseExecutor.java:299)
	at com.kms.katalon.core.main.TestCaseExecutor.execute(TestCaseExecutor.java:233)
	at com.kms.katalon.core.main.TestSuiteExecutor.accessTestCaseMainPhase(TestSuiteExecutor.java:169)
	at com.kms.katalon.core.main.TestSuiteExecutor.accessTestSuiteMainPhase(TestSuiteExecutor.java:142)
	at com.kms.katalon.core.main.TestSuiteExecutor.execute(TestSuiteExecutor.java:91)
	at com.kms.katalon.core.main.TestCaseMain.startTestSuite(TestCaseMain.java:157)
	at com.kms.katalon.core.main.TestCaseMain$startTestSuite$0.call(Unknown Source)
	at TempTestSuite1589296049355.run(TempTestSuite1589296049355.groovy:36)
Caused by: com.kms.katalon.core.exception.StepFailedException: Text 'Sign in to ISPS2-SIT' is not present on page 
	at com.kms.katalon.core.webui.keyword.internal.WebUIKeywordMain.stepFailed(WebUIKeywordMain.groovy:64)
	at com.kms.katalon.core.webui.keyword.builtin.VerifyTextPresentKeyword$_verifyTextPresent_closure1.doCall(VerifyTextPresentKeyword.groovy:79)
	at com.kms.katalon.core.webui.keyword.builtin.VerifyTextPresentKeyword$_verifyTextPresent_closure1.call(VerifyTextPresentKeyword.groovy)
	at com.kms.katalon.core.webui.keyword.internal.WebUIKeywordMain.runKeyword(WebUIKeywordMain.groovy:20)
	... 35 more
)

2020-05-12 23:21:03 - [MESSAGE][FAILED] - Text 'Sign in to ISPS2-SIT' is not present on page  (Root cause: com.kms.katalon.core.exception.StepFailedException: Text 'Sign in to ISPS2-SIT' is not present on page 
	at com.kms.katalon.core.webui.keyword.internal.WebUIKeywordMain.stepFailed(WebUIKeywordMain.groovy:64)
	at com.kms.katalon.core.webui.keyword.builtin.VerifyTextPresentKeyword$_verifyTextPresent_closure1.doCall(VerifyTextPresentKeyword.groovy:79)
	at com.kms.katalon.core.webui.keyword.builtin.VerifyTextPresentKeyword$_verifyTextPresent_closure1.call(VerifyTextPresentKeyword.groovy)
	at com.kms.katalon.core.webui.keyword.internal.WebUIKeywordMain.runKeyword(WebUIKeywordMain.groovy:20)
	at com.kms.katalon.core.webui.keyword.builtin.VerifyTextPresentKeyword.verifyTextPresent(VerifyTextPresentKeyword.groovy:83)
	at com.kms.katalon.core.webui.keyword.builtin.VerifyTextPresentKeyword.execute(VerifyTextPresentKeyword.groovy:68)
	at com.kms.katalon.core.keyword.internal.KeywordExecutor.executeKeywordForPlatform(KeywordExecutor.groovy:72)
	at com.kms.katalon.core.webui.keyword.WebUiBuiltInKeywords.verifyTextPresent(WebUiBuiltInKeywords.groovy:1693)
	at com.kms.katalon.core.webui.keyword.WebUiBuiltInKeywords$verifyTextPresent$1.call(Unknown Source)
	at LoginV2.0.run(LoginV2.0:29)
	at com.kms.katalon.core.main.ScriptEngine.run(ScriptEngine.java:194)
	at com.kms.katalon.core.main.ScriptEngine.runScriptAsRawText(ScriptEngine.java:119)
	at com.kms.katalon.core.main.TestCaseExecutor.runScript(TestCaseExecutor.java:337)
	at com.kms.katalon.core.main.TestCaseExecutor.doExecute(TestCaseExecutor.java:328)
	at com.kms.katalon.core.main.TestCaseExecutor.processExecutionPhase(TestCaseExecutor.java:307)
	at com.kms.katalon.core.main.TestCaseExecutor.accessMainPhase(TestCaseExecutor.java:299)
	at com.kms.katalon.core.main.TestCaseExecutor.execute(TestCaseExecutor.java:233)
	at com.kms.katalon.core.main.TestCaseMain.runTestCase(TestCaseMain.java:114)
	at com.kms.katalon.core.keyword.builtin.CallTestCaseKeyword$_callTestCase_closure1.doCall(CallTestCaseKeyword.groovy:59)
	at com.kms.katalon.core.keyword.builtin.CallTestCaseKeyword$_callTestCase_closure1.call(CallTestCaseKeyword.groovy)
	at com.kms.katalon.core.keyword.internal.KeywordMain.runKeyword(KeywordMain.groovy:68)
	at com.kms.katalon.core.keyword.builtin.CallTestCaseKeyword.callTestCase(CallTestCaseKeyword.groovy:81)
	at com.kms.katalon.core.keyword.builtin.CallTestCaseKeyword.execute(CallTestCaseKeyword.groovy:44)
	at com.kms.katalon.core.keyword.internal.KeywordExecutor.executeKeywordForPlatform(KeywordExecutor.groovy:72)
	at com.kms.katalon.core.keyword.BuiltinKeywords.callTestCase(BuiltinKeywords.groovy:334)
	at PFI.CourtActionsLHS.run(PFI.CourtActionsLHS:21)
	at com.kms.katalon.core.main.ScriptEngine.run(ScriptEngine.java:194)
	at com.kms.katalon.core.main.ScriptEngine.runScriptAsRawText(ScriptEngine.java:119)
	at com.kms.katalon.core.main.TestCaseExecutor.runScript(TestCaseExecutor.java:337)
	at com.kms.katalon.core.main.TestCaseExecutor.doExecute(TestCaseExecutor.java:328)
	at com.kms.katalon.core.main.TestCaseExecutor.processExecutionPhase(TestCaseExecutor.java:307)
	at com.kms.katalon.core.main.TestCaseExecutor.accessMainPhase(TestCaseExecutor.java:299)
	at com.kms.katalon.core.main.TestCaseExecutor.execute(TestCaseExecutor.java:233)
	at com.kms.katalon.core.main.TestSuiteExecutor.accessTestCaseMainPhase(TestSuiteExecutor.java:169)
	at com.kms.katalon.core.main.TestSuiteExecutor.accessTestSuiteMainPhase(TestSuiteExecutor.java:142)
	at com.kms.katalon.core.main.TestSuiteExecutor.execute(TestSuiteExecutor.java:91)
	at com.kms.katalon.core.main.TestCaseMain.startTestSuite(TestCaseMain.java:157)
	at com.kms.katalon.core.main.TestCaseMain$startTestSuite$0.call(Unknown Source)
	at TempTestSuite1589296049355.run(TempTestSuite1589296049355.groovy:36)
)

2020-05-12 23:21:03 - [MESSAGE][FAILED] - Unable to verify text 'Sign in to ISPS2-SIT' is present  (Root cause: com.kms.katalon.core.exception.StepFailedException: Unable to verify text 'Sign in to ISPS2-SIT' is present 
	at com.kms.katalon.core.webui.keyword.internal.WebUIKeywordMain.stepFailed(WebUIKeywordMain.groovy:64)
	at com.kms.katalon.core.webui.keyword.internal.WebUIKeywordMain.runKeyword(WebUIKeywordMain.groovy:26)
	at com.kms.katalon.core.webui.keyword.builtin.VerifyTextPresentKeyword.verifyTextPresent(VerifyTextPresentKeyword.groovy:83)
	at com.kms.katalon.core.webui.keyword.builtin.VerifyTextPresentKeyword.execute(VerifyTextPresentKeyword.groovy:68)
	at com.kms.katalon.core.keyword.internal.KeywordExecutor.executeKeywordForPlatform(KeywordExecutor.groovy:72)
	at com.kms.katalon.core.webui.keyword.WebUiBuiltInKeywords.verifyTextPresent(WebUiBuiltInKeywords.groovy:1693)
	at com.kms.katalon.core.webui.keyword.WebUiBuiltInKeywords$verifyTextPresent$1.call(Unknown Source)
	at LoginV2.0.run(LoginV2.0:29)
	at com.kms.katalon.core.main.ScriptEngine.run(ScriptEngine.java:194)
	at com.kms.katalon.core.main.ScriptEngine.runScriptAsRawText(ScriptEngine.java:119)
	at com.kms.katalon.core.main.TestCaseExecutor.runScript(TestCaseExecutor.java:337)
	at com.kms.katalon.core.main.TestCaseExecutor.doExecute(TestCaseExecutor.java:328)
	at com.kms.katalon.core.main.TestCaseExecutor.processExecutionPhase(TestCaseExecutor.java:307)
	at com.kms.katalon.core.main.TestCaseExecutor.accessMainPhase(TestCaseExecutor.java:299)
	at com.kms.katalon.core.main.TestCaseExecutor.execute(TestCaseExecutor.java:233)
	at com.kms.katalon.core.main.TestCaseMain.runTestCase(TestCaseMain.java:114)
	at com.kms.katalon.core.keyword.builtin.CallTestCaseKeyword$_callTestCase_closure1.doCall(CallTestCaseKeyword.groovy:59)
	at com.kms.katalon.core.keyword.builtin.CallTestCaseKeyword$_callTestCase_closure1.call(CallTestCaseKeyword.groovy)
	at com.kms.katalon.core.keyword.internal.KeywordMain.runKeyword(KeywordMain.groovy:68)
	at com.kms.katalon.core.keyword.builtin.CallTestCaseKeyword.callTestCase(CallTestCaseKeyword.groovy:81)
	at com.kms.katalon.core.keyword.builtin.CallTestCaseKeyword.execute(CallTestCaseKeyword.groovy:44)
	at com.kms.katalon.core.keyword.internal.KeywordExecutor.executeKeywordForPlatform(KeywordExecutor.groovy:72)
	at com.kms.katalon.core.keyword.BuiltinKeywords.callTestCase(BuiltinKeywords.groovy:334)
	at PFI.CourtActionsLHS.run(PFI.CourtActionsLHS:21)
	at com.kms.katalon.core.main.ScriptEngine.run(ScriptEngine.java:194)
	at com.kms.katalon.core.main.ScriptEngine.runScriptAsRawText(ScriptEngine.java:119)
	at com.kms.katalon.core.main.TestCaseExecutor.runScript(TestCaseExecutor.java:337)
	at com.kms.katalon.core.main.TestCaseExecutor.doExecute(TestCaseExecutor.java:328)
	at com.kms.katalon.core.main.TestCaseExecutor.processExecutionPhase(TestCaseExecutor.java:307)
	at com.kms.katalon.core.main.TestCaseExecutor.accessMainPhase(TestCaseExecutor.java:299)
	at com.kms.katalon.core.main.TestCaseExecutor.execute(TestCaseExecutor.java:233)
	at com.kms.katalon.core.main.TestSuiteExecutor.accessTestCaseMainPhase(TestSuiteExecutor.java:169)
	at com.kms.katalon.core.main.TestSuiteExecutor.accessTestSuiteMainPhase(TestSuiteExecutor.java:142)
	at com.kms.katalon.core.main.TestSuiteExecutor.execute(TestSuiteExecutor.java:91)
	at com.kms.katalon.core.main.TestCaseMain.startTestSuite(TestCaseMain.java:157)
	at com.kms.katalon.core.main.TestCaseMain$startTestSuite$0.call(Unknown Source)
	at TempTestSuite1589296049355.run(TempTestSuite1589296049355.groovy:36)
Caused by: com.kms.katalon.core.exception.StepFailedException: Text 'Sign in to ISPS2-SIT' is not present on page 
	at com.kms.katalon.core.webui.keyword.internal.WebUIKeywordMain.stepFailed(WebUIKeywordMain.groovy:64)
	at com.kms.katalon.core.webui.keyword.builtin.VerifyTextPresentKeyword$_verifyTextPresent_closure1.doCall(VerifyTextPresentKeyword.groovy:79)
	at com.kms.katalon.core.webui.keyword.builtin.VerifyTextPresentKeyword$_verifyTextPresent_closure1.call(VerifyTextPresentKeyword.groovy)
	at com.kms.katalon.core.webui.keyword.internal.WebUIKeywordMain.runKeyword(WebUIKeywordMain.groovy:20)
	... 35 more
)
[[ATTACHMENT|C:\\Users\\19023-RAC\\Desktop\\Merging Automation\\Reports\\20200512_230724\\PFI Precision and Scale Automated Regression Suite\\Page Section\\20200512_230724\\1589296863490.png]]

2020-05-12 23:21:03 - [MESSAGE][FAILED] - Unable to call Test Case 'Test Cases/Components/LoginV2.0' (Root cause: com.kms.katalon.core.exception.StepFailedException: Call Test Case 'Test Cases/Components/LoginV2.0' failed
	at com.kms.katalon.core.keyword.builtin.CallTestCaseKeyword$_callTestCase_closure1.doCall(CallTestCaseKeyword.groovy:63)
	at com.kms.katalon.core.keyword.builtin.CallTestCaseKeyword$_callTestCase_closure1.call(CallTestCaseKeyword.groovy)
	at com.kms.katalon.core.keyword.internal.KeywordMain.runKeyword(KeywordMain.groovy:68)
	at com.kms.katalon.core.keyword.builtin.CallTestCaseKeyword.callTestCase(CallTestCaseKeyword.groovy:81)
	at com.kms.katalon.core.keyword.builtin.CallTestCaseKeyword.execute(CallTestCaseKeyword.groovy:44)
	at com.kms.katalon.core.keyword.internal.KeywordExecutor.executeKeywordForPlatform(KeywordExecutor.groovy:72)
	at com.kms.katalon.core.keyword.BuiltinKeywords.callTestCase(BuiltinKeywords.groovy:334)
	at PFI.CourtActionsLHS.run(PFI.CourtActionsLHS:21)
	at com.kms.katalon.core.main.ScriptEngine.run(ScriptEngine.java:194)
	at com.kms.katalon.core.main.ScriptEngine.runScriptAsRawText(ScriptEngine.java:119)
	at com.kms.katalon.core.main.TestCaseExecutor.runScript(TestCaseExecutor.java:337)
	at com.kms.katalon.core.main.TestCaseExecutor.doExecute(TestCaseExecutor.java:328)
	at com.kms.katalon.core.main.TestCaseExecutor.processExecutionPhase(TestCaseExecutor.java:307)
	at com.kms.katalon.core.main.TestCaseExecutor.accessMainPhase(TestCaseExecutor.java:299)
	at com.kms.katalon.core.main.TestCaseExecutor.execute(TestCaseExecutor.java:233)
	at com.kms.katalon.core.main.TestSuiteExecutor.accessTestCaseMainPhase(TestSuiteExecutor.java:169)
	at com.kms.katalon.core.main.TestSuiteExecutor.accessTestSuiteMainPhase(TestSuiteExecutor.java:142)
	at com.kms.katalon.core.main.TestSuiteExecutor.execute(TestSuiteExecutor.java:91)
	at com.kms.katalon.core.main.TestCaseMain.startTestSuite(TestCaseMain.java:157)
	at com.kms.katalon.core.main.TestCaseMain$startTestSuite$0.call(Unknown Source)
	at TempTestSuite1589296049355.run(TempTestSuite1589296049355.groovy:36)
Caused by: com.kms.katalon.core.exception.StepFailedException: Unable to verify text 'Sign in to ISPS2-SIT' is present 
	at com.kms.katalon.core.webui.keyword.internal.WebUIKeywordMain.stepFailed(WebUIKeywordMain.groovy:64)
	at com.kms.katalon.core.webui.keyword.internal.WebUIKeywordMain.runKeyword(WebUIKeywordMain.groovy:26)
	at com.kms.katalon.core.webui.keyword.builtin.VerifyTextPresentKeyword.verifyTextPresent(VerifyTextPresentKeyword.groovy:83)
	at com.kms.katalon.core.webui.keyword.builtin.VerifyTextPresentKeyword.execute(VerifyTextPresentKeyword.groovy:68)
	at com.kms.katalon.core.keyword.internal.KeywordExecutor.executeKeywordForPlatform(KeywordExecutor.groovy:72)
	at com.kms.katalon.core.webui.keyword.WebUiBuiltInKeywords.verifyTextPresent(WebUiBuiltInKeywords.groovy:1693)
	at com.kms.katalon.core.webui.keyword.WebUiBuiltInKeywords$verifyTextPresent$1.call(Unknown Source)
	at LoginV2.0.run(LoginV2.0:29)
	at com.kms.katalon.core.main.ScriptEngine.run(ScriptEngine.java:194)
	at com.kms.katalon.core.main.ScriptEngine.runScriptAsRawText(ScriptEngine.java:119)
	at com.kms.katalon.core.main.TestCaseExecutor.runScript(TestCaseExecutor.java:337)
	at com.kms.katalon.core.main.TestCaseExecutor.doExecute(TestCaseExecutor.java:328)
	at com.kms.katalon.core.main.TestCaseExecutor.processExecutionPhase(TestCaseExecutor.java:307)
	at com.kms.katalon.core.main.TestCaseExecutor.accessMainPhase(TestCaseExecutor.java:299)
	at com.kms.katalon.core.main.TestCaseExecutor.execute(TestCaseExecutor.java:233)
	at com.kms.katalon.core.main.TestCaseMain.runTestCase(TestCaseMain.java:114)
	at com.kms.katalon.core.keyword.builtin.CallTestCaseKeyword$_callTestCase_closure1.doCall(CallTestCaseKeyword.groovy:59)
	... 20 more
Caused by: com.kms.katalon.core.exception.StepFailedException: Text 'Sign in to ISPS2-SIT' is not present on page 
	at com.kms.katalon.core.webui.keyword.internal.WebUIKeywordMain.stepFailed(WebUIKeywordMain.groovy:64)
	at com.kms.katalon.core.webui.keyword.builtin.VerifyTextPresentKeyword$_verifyTextPresent_closure1.doCall(VerifyTextPresentKeyword.groovy:79)
	at com.kms.katalon.core.webui.keyword.builtin.VerifyTextPresentKeyword$_verifyTextPresent_closure1.call(VerifyTextPresentKeyword.groovy)
	at com.kms.katalon.core.webui.keyword.internal.WebUIKeywordMain.runKeyword(WebUIKeywordMain.groovy:20)
	... 35 more
)]]></system-out>
         <system-err><![CDATA[2020-05-12 23:20:35 - [TEST_CASE][FAILED] - Test Cases/PFI Precision and Scale/PFI Test Cases/PFI.CourtActionsLHS: Test Cases/PFI Precision and Scale/PFI Test Cases/PFI.CourtActionsLHS FAILED.
Reason:
com.kms.katalon.core.exception.StepFailedException: Call Test Case 'Test Cases/Components/LoginV2.0' failed
	at com.kms.katalon.core.keyword.builtin.CallTestCaseKeyword$_callTestCase_closure1.doCall(CallTestCaseKeyword.groovy:63)
	at com.kms.katalon.core.keyword.builtin.CallTestCaseKeyword$_callTestCase_closure1.call(CallTestCaseKeyword.groovy)
	at com.kms.katalon.core.keyword.internal.KeywordMain.runKeyword(KeywordMain.groovy:68)
	at com.kms.katalon.core.keyword.builtin.CallTestCaseKeyword.callTestCase(CallTestCaseKeyword.groovy:81)
	at com.kms.katalon.core.keyword.builtin.CallTestCaseKeyword.execute(CallTestCaseKeyword.groovy:44)
	at com.kms.katalon.core.keyword.internal.KeywordExecutor.executeKeywordForPlatform(KeywordExecutor.groovy:72)
	at com.kms.katalon.core.keyword.BuiltinKeywords.callTestCase(BuiltinKeywords.groovy:334)
	at PFI.CourtActionsLHS.run(PFI.CourtActionsLHS:21)
	at com.kms.katalon.core.main.ScriptEngine.run(ScriptEngine.java:194)
	at com.kms.katalon.core.main.ScriptEngine.runScriptAsRawText(ScriptEngine.java:119)
	at com.kms.katalon.core.main.TestCaseExecutor.runScript(TestCaseExecutor.java:337)
	at com.kms.katalon.core.main.TestCaseExecutor.doExecute(TestCaseExecutor.java:328)
	at com.kms.katalon.core.main.TestCaseExecutor.processExecutionPhase(TestCaseExecutor.java:307)
	at com.kms.katalon.core.main.TestCaseExecutor.accessMainPhase(TestCaseExecutor.java:299)
	at com.kms.katalon.core.main.TestCaseExecutor.execute(TestCaseExecutor.java:233)
	at com.kms.katalon.core.main.TestSuiteExecutor.accessTestCaseMainPhase(TestSuiteExecutor.java:169)
	at com.kms.katalon.core.main.TestSuiteExecutor.accessTestSuiteMainPhase(TestSuiteExecutor.java:142)
	at com.kms.katalon.core.main.TestSuiteExecutor.execute(TestSuiteExecutor.java:91)
	at com.kms.katalon.core.main.TestCaseMain.startTestSuite(TestCaseMain.java:157)
	at com.kms.katalon.core.main.TestCaseMain$startTestSuite$0.call(Unknown Source)
	at TempTestSuite1589296049355.run(TempTestSuite1589296049355.groovy:36)
Caused by: com.kms.katalon.core.exception.StepFailedException: Unable to verify text 'Sign in to ISPS2-SIT' is present 
	at com.kms.katalon.core.webui.keyword.internal.WebUIKeywordMain.stepFailed(WebUIKeywordMain.groovy:64)
	at com.kms.katalon.core.webui.keyword.internal.WebUIKeywordMain.runKeyword(WebUIKeywordMain.groovy:26)
	at com.kms.katalon.core.webui.keyword.builtin.VerifyTextPresentKeyword.verifyTextPresent(VerifyTextPresentKeyword.groovy:83)
	at com.kms.katalon.core.webui.keyword.builtin.VerifyTextPresentKeyword.execute(VerifyTextPresentKeyword.groovy:68)
	at com.kms.katalon.core.keyword.internal.KeywordExecutor.executeKeywordForPlatform(KeywordExecutor.groovy:72)
	at com.kms.katalon.core.webui.keyword.WebUiBuiltInKeywords.verifyTextPresent(WebUiBuiltInKeywords.groovy:1693)
	at com.kms.katalon.core.webui.keyword.WebUiBuiltInKeywords$verifyTextPresent$1.call(Unknown Source)
	at LoginV2.0.run(LoginV2.0:29)
	at com.kms.katalon.core.main.ScriptEngine.run(ScriptEngine.java:194)
	at com.kms.katalon.core.main.ScriptEngine.runScriptAsRawText(ScriptEngine.java:119)
	at com.kms.katalon.core.main.TestCaseExecutor.runScript(TestCaseExecutor.java:337)
	at com.kms.katalon.core.main.TestCaseExecutor.doExecute(TestCaseExecutor.java:328)
	at com.kms.katalon.core.main.TestCaseExecutor.processExecutionPhase(TestCaseExecutor.java:307)
	at com.kms.katalon.core.main.TestCaseExecutor.accessMainPhase(TestCaseExecutor.java:299)
	at com.kms.katalon.core.main.TestCaseExecutor.execute(TestCaseExecutor.java:233)
	at com.kms.katalon.core.main.TestCaseMain.runTestCase(TestCaseMain.java:114)
	at com.kms.katalon.core.keyword.builtin.CallTestCaseKeyword$_callTestCase_closure1.doCall(CallTestCaseKeyword.groovy:59)
	... 20 more
Caused by: com.kms.katalon.core.exception.StepFailedException: Text 'Sign in to ISPS2-SIT' is not present on page 
	at com.kms.katalon.core.webui.keyword.internal.WebUIKeywordMain.stepFailed(WebUIKeywordMain.groovy:64)
	at com.kms.katalon.core.webui.keyword.builtin.VerifyTextPresentKeyword$_verifyTextPresent_closure1.doCall(VerifyTextPresentKeyword.groovy:79)
	at com.kms.katalon.core.webui.keyword.builtin.VerifyTextPresentKeyword$_verifyTextPresent_closure1.call(VerifyTextPresentKeyword.groovy)
	at com.kms.katalon.core.webui.keyword.internal.WebUIKeywordMain.runKeyword(WebUIKeywordMain.groovy:20)
	... 35 more]]></system-err>
      </testcase>
      <system-out><![CDATA[2020-05-12 23:07:36 - [TEST_SUITE][FAILED] - Page Section: Test Cases/PFI Precision and Scale/PFI Test Cases/PFI.PELHS FAILED.
Reason:
com.kms.katalon.core.exception.StepFailedException: Call Test Case 'Test Cases/Components/00_Precision and Scale/PEValidation' failed
	at com.kms.katalon.core.keyword.builtin.CallTestCaseKeyword$_callTestCase_closure1.doCall(CallTestCaseKeyword.groovy:63)
	at com.kms.katalon.core.keyword.builtin.CallTestCaseKeyword$_callTestCase_closure1.call(CallTestCaseKeyword.groovy)
	at com.kms.katalon.core.keyword.internal.KeywordMain.runKeyword(KeywordMain.groovy:68)
	at com.kms.katalon.core.keyword.builtin.CallTestCaseKeyword.callTestCase(CallTestCaseKeyword.groovy:81)
	at com.kms.katalon.core.keyword.builtin.CallTestCaseKeyword.execute(CallTestCaseKeyword.groovy:44)
	at com.kms.katalon.core.keyword.internal.KeywordExecutor.executeKeywordForPlatform(KeywordExecutor.groovy:72)
	at com.kms.katalon.core.keyword.BuiltinKeywords.callTestCase(BuiltinKeywords.groovy:334)
	at PFI.PELHS.run(PFI.PELHS:43)
	at com.kms.katalon.core.main.ScriptEngine.run(ScriptEngine.java:194)
	at com.kms.katalon.core.main.ScriptEngine.runScriptAsRawText(ScriptEngine.java:119)
	at com.kms.katalon.core.main.TestCaseExecutor.runScript(TestCaseExecutor.java:337)
	at com.kms.katalon.core.main.TestCaseExecutor.doExecute(TestCaseExecutor.java:328)
	at com.kms.katalon.core.main.TestCaseExecutor.processExecutionPhase(TestCaseExecutor.java:307)
	at com.kms.katalon.core.main.TestCaseExecutor.accessMainPhase(TestCaseExecutor.java:299)
	at com.kms.katalon.core.main.TestCaseExecutor.execute(TestCaseExecutor.java:233)
	at com.kms.katalon.core.main.TestSuiteExecutor.accessTestCaseMainPhase(TestSuiteExecutor.java:169)
	at com.kms.katalon.core.main.TestSuiteExecutor.accessTestSuiteMainPhase(TestSuiteExecutor.java:142)
	at com.kms.katalon.core.main.TestSuiteExecutor.execute(TestSuiteExecutor.java:91)
	at com.kms.katalon.core.main.TestCaseMain.startTestSuite(TestCaseMain.java:157)
	at com.kms.katalon.core.main.TestCaseMain$startTestSuite$0.call(Unknown Source)
	at TempTestSuite1589296049355.run(TempTestSuite1589296049355.groovy:36)
Caused by: com.kms.katalon.core.exception.StepFailedException: Unable to double click on object 'Object Repository/Objects.PELSH/PENoReadOnly'
	at com.kms.katalon.core.webui.keyword.internal.WebUIKeywordMain.stepFailed(WebUIKeywordMain.groovy:64)
	at com.kms.katalon.core.webui.keyword.internal.WebUIKeywordMain.runKeyword(WebUIKeywordMain.groovy:26)
	at com.kms.katalon.core.webui.keyword.builtin.DoubleClickKeyword.doubleClick(DoubleClickKeyword.groovy:87)
	at com.kms.katalon.core.webui.keyword.builtin.DoubleClickKeyword.execute(DoubleClickKeyword.groovy:67)
	at com.kms.katalon.core.keyword.internal.KeywordExecutor.executeKeywordForPlatform(KeywordExecutor.groovy:72)
	at com.kms.katalon.core.webui.keyword.WebUiBuiltInKeywords.doubleClick(WebUiBuiltInKeywords.groovy:697)
	at com.kms.katalon.core.webui.keyword.WebUiBuiltInKeywords$doubleClick$22.call(Unknown Source)
	at PEValidation.run(PEValidation:53)
	at com.kms.katalon.core.main.ScriptEngine.run(ScriptEngine.java:194)
	at com.kms.katalon.core.main.ScriptEngine.runScriptAsRawText(ScriptEngine.java:119)
	at com.kms.katalon.core.main.TestCaseExecutor.runScript(TestCaseExecutor.java:337)
	at com.kms.katalon.core.main.TestCaseExecutor.doExecute(TestCaseExecutor.java:328)
	at com.kms.katalon.core.main.TestCaseExecutor.processExecutionPhase(TestCaseExecutor.java:307)
	at com.kms.katalon.core.main.TestCaseExecutor.accessMainPhase(TestCaseExecutor.java:299)
	at com.kms.katalon.core.main.TestCaseExecutor.execute(TestCaseExecutor.java:233)
	at com.kms.katalon.core.main.TestCaseMain.runTestCase(TestCaseMain.java:114)
	at com.kms.katalon.core.keyword.builtin.CallTestCaseKeyword$_callTestCase_closure1.doCall(CallTestCaseKeyword.groovy:59)
	... 20 more
Caused by: com.kms.katalon.core.webui.exception.WebElementNotFoundException: Web element with id: 'Object Repository/Objects.PELSH/PENoReadOnly' located by 'By.xpath:  //*[text()='Registration No']//following::td[2]' not found
	at com.kms.katalon.core.webui.common.WebUiCommonHelper.findWebElement(WebUiCommonHelper.java:1154)
	at com.kms.katalon.core.webui.keyword.internal.WebUIAbstractKeyword.findWebElement(WebUIAbstractKeyword.groovy:27)
	at com.kms.katalon.core.webui.keyword.internal.WebUIAbstractKeyword.findWebElement(WebUIAbstractKeyword.groovy:26)
	at com.kms.katalon.core.webui.keyword.builtin.DoubleClickKeyword$_doubleClick_closure1.doCall(DoubleClickKeyword.groovy:77)
	at com.kms.katalon.core.webui.keyword.builtin.DoubleClickKeyword$_doubleClick_closure1.call(DoubleClickKeyword.groovy)
	at com.kms.katalon.core.webui.keyword.internal.WebUIKeywordMain.runKeyword(WebUIKeywordMain.groovy:20)
	... 35 more]]></system-out>
      <system-err><![CDATA[2020-05-12 23:07:36 - [TEST_SUITE][FAILED] - Page Section: Test Cases/PFI Precision and Scale/PFI Test Cases/PFI.PELHS FAILED.
Reason:
com.kms.katalon.core.exception.StepFailedException: Call Test Case 'Test Cases/Components/00_Precision and Scale/PEValidation' failed
	at com.kms.katalon.core.keyword.builtin.CallTestCaseKeyword$_callTestCase_closure1.doCall(CallTestCaseKeyword.groovy:63)
	at com.kms.katalon.core.keyword.builtin.CallTestCaseKeyword$_callTestCase_closure1.call(CallTestCaseKeyword.groovy)
	at com.kms.katalon.core.keyword.internal.KeywordMain.runKeyword(KeywordMain.groovy:68)
	at com.kms.katalon.core.keyword.builtin.CallTestCaseKeyword.callTestCase(CallTestCaseKeyword.groovy:81)
	at com.kms.katalon.core.keyword.builtin.CallTestCaseKeyword.execute(CallTestCaseKeyword.groovy:44)
	at com.kms.katalon.core.keyword.internal.KeywordExecutor.executeKeywordForPlatform(KeywordExecutor.groovy:72)
	at com.kms.katalon.core.keyword.BuiltinKeywords.callTestCase(BuiltinKeywords.groovy:334)
	at PFI.PELHS.run(PFI.PELHS:43)
	at com.kms.katalon.core.main.ScriptEngine.run(ScriptEngine.java:194)
	at com.kms.katalon.core.main.ScriptEngine.runScriptAsRawText(ScriptEngine.java:119)
	at com.kms.katalon.core.main.TestCaseExecutor.runScript(TestCaseExecutor.java:337)
	at com.kms.katalon.core.main.TestCaseExecutor.doExecute(TestCaseExecutor.java:328)
	at com.kms.katalon.core.main.TestCaseExecutor.processExecutionPhase(TestCaseExecutor.java:307)
	at com.kms.katalon.core.main.TestCaseExecutor.accessMainPhase(TestCaseExecutor.java:299)
	at com.kms.katalon.core.main.TestCaseExecutor.execute(TestCaseExecutor.java:233)
	at com.kms.katalon.core.main.TestSuiteExecutor.accessTestCaseMainPhase(TestSuiteExecutor.java:169)
	at com.kms.katalon.core.main.TestSuiteExecutor.accessTestSuiteMainPhase(TestSuiteExecutor.java:142)
	at com.kms.katalon.core.main.TestSuiteExecutor.execute(TestSuiteExecutor.java:91)
	at com.kms.katalon.core.main.TestCaseMain.startTestSuite(TestCaseMain.java:157)
	at com.kms.katalon.core.main.TestCaseMain$startTestSuite$0.call(Unknown Source)
	at TempTestSuite1589296049355.run(TempTestSuite1589296049355.groovy:36)
Caused by: com.kms.katalon.core.exception.StepFailedException: Unable to double click on object 'Object Repository/Objects.PELSH/PENoReadOnly'
	at com.kms.katalon.core.webui.keyword.internal.WebUIKeywordMain.stepFailed(WebUIKeywordMain.groovy:64)
	at com.kms.katalon.core.webui.keyword.internal.WebUIKeywordMain.runKeyword(WebUIKeywordMain.groovy:26)
	at com.kms.katalon.core.webui.keyword.builtin.DoubleClickKeyword.doubleClick(DoubleClickKeyword.groovy:87)
	at com.kms.katalon.core.webui.keyword.builtin.DoubleClickKeyword.execute(DoubleClickKeyword.groovy:67)
	at com.kms.katalon.core.keyword.internal.KeywordExecutor.executeKeywordForPlatform(KeywordExecutor.groovy:72)
	at com.kms.katalon.core.webui.keyword.WebUiBuiltInKeywords.doubleClick(WebUiBuiltInKeywords.groovy:697)
	at com.kms.katalon.core.webui.keyword.WebUiBuiltInKeywords$doubleClick$22.call(Unknown Source)
	at PEValidation.run(PEValidation:53)
	at com.kms.katalon.core.main.ScriptEngine.run(ScriptEngine.java:194)
	at com.kms.katalon.core.main.ScriptEngine.runScriptAsRawText(ScriptEngine.java:119)
	at com.kms.katalon.core.main.TestCaseExecutor.runScript(TestCaseExecutor.java:337)
	at com.kms.katalon.core.main.TestCaseExecutor.doExecute(TestCaseExecutor.java:328)
	at com.kms.katalon.core.main.TestCaseExecutor.processExecutionPhase(TestCaseExecutor.java:307)
	at com.kms.katalon.core.main.TestCaseExecutor.accessMainPhase(TestCaseExecutor.java:299)
	at com.kms.katalon.core.main.TestCaseExecutor.execute(TestCaseExecutor.java:233)
	at com.kms.katalon.core.main.TestCaseMain.runTestCase(TestCaseMain.java:114)
	at com.kms.katalon.core.keyword.builtin.CallTestCaseKeyword$_callTestCase_closure1.doCall(CallTestCaseKeyword.groovy:59)
	... 20 more
Caused by: com.kms.katalon.core.webui.exception.WebElementNotFoundException: Web element with id: 'Object Repository/Objects.PELSH/PENoReadOnly' located by 'By.xpath:  //*[text()='Registration No']//following::td[2]' not found
	at com.kms.katalon.core.webui.common.WebUiCommonHelper.findWebElement(WebUiCommonHelper.java:1154)
	at com.kms.katalon.core.webui.keyword.internal.WebUIAbstractKeyword.findWebElement(WebUIAbstractKeyword.groovy:27)
	at com.kms.katalon.core.webui.keyword.internal.WebUIAbstractKeyword.findWebElement(WebUIAbstractKeyword.groovy:26)
	at com.kms.katalon.core.webui.keyword.builtin.DoubleClickKeyword$_doubleClick_closure1.doCall(DoubleClickKeyword.groovy:77)
	at com.kms.katalon.core.webui.keyword.builtin.DoubleClickKeyword$_doubleClick_closure1.call(DoubleClickKeyword.groovy)
	at com.kms.katalon.core.webui.keyword.internal.WebUIKeywordMain.runKeyword(WebUIKeywordMain.groovy:20)
	... 35 more]]></system-err>
   </testsuite>
</testsuites>
