<?xml version="1.0" encoding="UTF-8"?>
<testsuites name="Utilities" time="1403.404" tests="8" failures="1" errors="7">
   <testsuite name="Utilities" tests="8" failures="1" errors="7" time="1403.404" timestamp="2020-05-15 10:04:35" hostname="20008-KMLM - 192.168.16.44" id="Test Suites/JIRA Automated Regression Suites (JARS)/BE/Utilities">
      <properties>
         <property name="deviceName" value=""/>
         <property name="devicePlatform" value=""/>
         <property name="logFolder" value="C:\\Users\\20008-KMLM\\Desktop\\ISPS Automation\\Reports\\20200515_100417\\JIRA Automated Regression Suites (JARS)\\BE\\Utilities\\20200515_100417"/>
         <property name="logFiles" value="C:\\Users\\20008-KMLM\\Desktop\\ISPS Automation\\Reports\\20200515_100417\\JIRA Automated Regression Suites (JARS)\\BE\\Utilities\\20200515_100417\\execution0.log"/>
         <property name="attachments" value="C:\\Users\\20008-KMLM\\Desktop\\ISPS Automation\\Reports\\20200515_100417\\JIRA Automated Regression Suites (JARS)\\BE\\Utilities\\20200515_100417\\1589509216139.png, C:\\Users\\20008-KMLM\\Desktop\\ISPS Automation\\Reports\\20200515_100417\\JIRA Automated Regression Suites (JARS)\\BE\\Utilities\\20200515_100417\\1589509640394.png"/>
         <property name="hostName" value="20008-KMLM - 192.168.16.44"/>
         <property name="os" value="Windows 10 64bit"/>
         <property name="katalonVersion" value="7.2.6.1"/>
         <property name="browser" value="Chrome 79.0.3945.88"/>
         <property name="hostAddress" value="192.168.16.44"/>
         <property name="sessionId" value="722a6e01070da1d1ea75f4e26e30f802"/>
         <property name="seleniumVersion" value="3.141.59"/>
         <property name="proxyInformation" value="ProxyInformation{proxyOption=NO_PROXY, proxyServerType=HTTP, password=, proxyServerAddress=, proxyServerPort=0, executionList=}"/>
         <property name="platform" value="Windows 10"/>
      </properties>
      <testcase name="Test Cases/Jira/BE/Utilities/BCAISPS-14661/BCAISPS-14661.TCID001" time="94.949" classname="Test Cases/Jira/BE/Utilities/BCAISPS-14661/BCAISPS-14661.TCID001" status="ERROR">
         <error type="ERROR" message="Test Cases/Jira/BE/Utilities/BCAISPS-14661/BCAISPS-14661.TCID001 FAILED.
Reason:
com.kms.katalon.core.exception.StepErrorException: Call Test Case 'Test Cases/Components/PopulateACDetails' failed because of error(s)
	at com.kms.katalon.core.keyword.builtin.CallTestCaseKeyword$_callTestCase_closure1.doCall(CallTestCaseKeyword.groovy:66)
	at com.kms.katalon.core.keyword.builtin.CallTestCaseKeyword$_callTestCase_closure1.call(CallTestCaseKeyword.groovy)
	at com.kms.katalon.core.keyword.internal.KeywordMain.runKeyword(KeywordMain.groovy:68)
	at com.kms.katalon.core.keyword.builtin.CallTestCaseKeyword.callTestCase(CallTestCaseKeyword.groovy:81)
	at com.kms.katalon.core.keyword.builtin.CallTestCaseKeyword.execute(CallTestCaseKeyword.groovy:44)
	at com.kms.katalon.core.keyword.internal.KeywordExecutor.executeKeywordForPlatform(KeywordExecutor.groovy:72)
	at com.kms.katalon.core.keyword.BuiltinKeywords.callTestCase(BuiltinKeywords.groovy:334)
	at BCAISPS-14661.TCID001.run(BCAISPS-14661.TCID001:52)
	at com.kms.katalon.core.main.ScriptEngine.run(ScriptEngine.java:194)
	at com.kms.katalon.core.main.ScriptEngine.runScriptAsRawText(ScriptEngine.java:119)
	at com.kms.katalon.core.main.TestCaseExecutor.runScript(TestCaseExecutor.java:337)
	at com.kms.katalon.core.main.TestCaseExecutor.doExecute(TestCaseExecutor.java:328)
	at com.kms.katalon.core.main.TestCaseExecutor.processExecutionPhase(TestCaseExecutor.java:307)
	at com.kms.katalon.core.main.TestCaseExecutor.accessMainPhase(TestCaseExecutor.java:299)
	at com.kms.katalon.core.main.TestCaseExecutor.execute(TestCaseExecutor.java:233)
	at com.kms.katalon.core.main.TestSuiteExecutor.accessTestCaseMainPhase(TestSuiteExecutor.java:169)
	at com.kms.katalon.core.main.TestSuiteExecutor.accessTestSuiteMainPhase(TestSuiteExecutor.java:142)
	at com.kms.katalon.core.main.TestSuiteExecutor.execute(TestSuiteExecutor.java:91)
	at com.kms.katalon.core.main.TestCaseMain.startTestSuite(TestCaseMain.java:157)
	at com.kms.katalon.core.main.TestCaseMain$startTestSuite$0.call(Unknown Source)
	at TempTestSuite1589508261822.run(TempTestSuite1589508261822.groovy:36)
Caused by: com.kms.katalon.core.exception.StepErrorException: Call Test Case 'Test Cases/Components/AddACDetails' failed because of error(s)
	at com.kms.katalon.core.keyword.builtin.CallTestCaseKeyword$_callTestCase_closure1.doCall(CallTestCaseKeyword.groovy:66)
	at com.kms.katalon.core.keyword.builtin.CallTestCaseKeyword$_callTestCase_closure1.call(CallTestCaseKeyword.groovy)
	at com.kms.katalon.core.keyword.internal.KeywordMain.runKeyword(KeywordMain.groovy:68)
	at com.kms.katalon.core.keyword.builtin.CallTestCaseKeyword.callTestCase(CallTestCaseKeyword.groovy:81)
	at com.kms.katalon.core.keyword.builtin.CallTestCaseKeyword.execute(CallTestCaseKeyword.groovy:44)
	at com.kms.katalon.core.keyword.internal.KeywordExecutor.executeKeywordForPlatform(KeywordExecutor.groovy:72)
	at com.kms.katalon.core.keyword.BuiltinKeywords.callTestCase(BuiltinKeywords.groovy:334)
	at PopulateACDetails.run(PopulateACDetails:42)
	at com.kms.katalon.core.main.ScriptEngine.run(ScriptEngine.java:194)
	at com.kms.katalon.core.main.ScriptEngine.runScriptAsRawText(ScriptEngine.java:119)
	at com.kms.katalon.core.main.TestCaseExecutor.runScript(TestCaseExecutor.java:337)
	at com.kms.katalon.core.main.TestCaseExecutor.doExecute(TestCaseExecutor.java:328)
	at com.kms.katalon.core.main.TestCaseExecutor.processExecutionPhase(TestCaseExecutor.java:307)
	at com.kms.katalon.core.main.TestCaseExecutor.accessMainPhase(TestCaseExecutor.java:299)
	at com.kms.katalon.core.main.TestCaseExecutor.execute(TestCaseExecutor.java:233)
	at com.kms.katalon.core.main.TestCaseMain.runTestCase(TestCaseMain.java:114)
	at com.kms.katalon.core.keyword.builtin.CallTestCaseKeyword$_callTestCase_closure1.doCall(CallTestCaseKeyword.groovy:59)
	... 20 more
Caused by: java.io.FileNotFoundException: C:\Users\19023-RAC\Desktop\ISPS2 Automation\Data Files\Files\ISPS2 DB.xlsx
	at com.kms.katalon.core.testdata.reader.ExcelFactory.getExcelData(ExcelFactory.java:25)
	at com.kms.katalon.core.testdata.reader.ExcelFactory.getExcelDataWithDefaultSheet(ExcelFactory.java:17)
	at com.kms.katalon.core.testdata.reader.ExcelFactory$getExcelDataWithDefaultSheet.call(Unknown Source)
	at AddACDetails.run(AddACDetails:24)
	at com.kms.katalon.core.main.ScriptEngine.run(ScriptEngine.java:194)
	at com.kms.katalon.core.main.ScriptEngine.runScriptAsRawText(ScriptEngine.java:119)
	at com.kms.katalon.core.main.TestCaseExecutor.runScript(TestCaseExecutor.java:337)
	at com.kms.katalon.core.main.TestCaseExecutor.doExecute(TestCaseExecutor.java:328)
	at com.kms.katalon.core.main.TestCaseExecutor.processExecutionPhase(TestCaseExecutor.java:307)
	at com.kms.katalon.core.main.TestCaseExecutor.accessMainPhase(TestCaseExecutor.java:299)
	at com.kms.katalon.core.main.TestCaseExecutor.execute(TestCaseExecutor.java:233)
	at com.kms.katalon.core.main.TestCaseMain.runTestCase(TestCaseMain.java:114)
	at com.kms.katalon.core.keyword.builtin.CallTestCaseKeyword$_callTestCase_closure1.doCall(CallTestCaseKeyword.groovy:59)
	... 36 more
"/>
         <system-out><![CDATA[2020-05-15 10:04:37 - [TEST_CASE][ERROR] - Test Cases/Jira/BE/Utilities/BCAISPS-14661/BCAISPS-14661.TCID001: Test Cases/Jira/BE/Utilities/BCAISPS-14661/BCAISPS-14661.TCID001 FAILED.
Reason:
com.kms.katalon.core.exception.StepErrorException: Call Test Case 'Test Cases/Components/PopulateACDetails' failed because of error(s)
	at com.kms.katalon.core.keyword.builtin.CallTestCaseKeyword$_callTestCase_closure1.doCall(CallTestCaseKeyword.groovy:66)
	at com.kms.katalon.core.keyword.builtin.CallTestCaseKeyword$_callTestCase_closure1.call(CallTestCaseKeyword.groovy)
	at com.kms.katalon.core.keyword.internal.KeywordMain.runKeyword(KeywordMain.groovy:68)
	at com.kms.katalon.core.keyword.builtin.CallTestCaseKeyword.callTestCase(CallTestCaseKeyword.groovy:81)
	at com.kms.katalon.core.keyword.builtin.CallTestCaseKeyword.execute(CallTestCaseKeyword.groovy:44)
	at com.kms.katalon.core.keyword.internal.KeywordExecutor.executeKeywordForPlatform(KeywordExecutor.groovy:72)
	at com.kms.katalon.core.keyword.BuiltinKeywords.callTestCase(BuiltinKeywords.groovy:334)
	at BCAISPS-14661.TCID001.run(BCAISPS-14661.TCID001:52)
	at com.kms.katalon.core.main.ScriptEngine.run(ScriptEngine.java:194)
	at com.kms.katalon.core.main.ScriptEngine.runScriptAsRawText(ScriptEngine.java:119)
	at com.kms.katalon.core.main.TestCaseExecutor.runScript(TestCaseExecutor.java:337)
	at com.kms.katalon.core.main.TestCaseExecutor.doExecute(TestCaseExecutor.java:328)
	at com.kms.katalon.core.main.TestCaseExecutor.processExecutionPhase(TestCaseExecutor.java:307)
	at com.kms.katalon.core.main.TestCaseExecutor.accessMainPhase(TestCaseExecutor.java:299)
	at com.kms.katalon.core.main.TestCaseExecutor.execute(TestCaseExecutor.java:233)
	at com.kms.katalon.core.main.TestSuiteExecutor.accessTestCaseMainPhase(TestSuiteExecutor.java:169)
	at com.kms.katalon.core.main.TestSuiteExecutor.accessTestSuiteMainPhase(TestSuiteExecutor.java:142)
	at com.kms.katalon.core.main.TestSuiteExecutor.execute(TestSuiteExecutor.java:91)
	at com.kms.katalon.core.main.TestCaseMain.startTestSuite(TestCaseMain.java:157)
	at com.kms.katalon.core.main.TestCaseMain$startTestSuite$0.call(Unknown Source)
	at TempTestSuite1589508261822.run(TempTestSuite1589508261822.groovy:36)
Caused by: com.kms.katalon.core.exception.StepErrorException: Call Test Case 'Test Cases/Components/AddACDetails' failed because of error(s)
	at com.kms.katalon.core.keyword.builtin.CallTestCaseKeyword$_callTestCase_closure1.doCall(CallTestCaseKeyword.groovy:66)
	at com.kms.katalon.core.keyword.builtin.CallTestCaseKeyword$_callTestCase_closure1.call(CallTestCaseKeyword.groovy)
	at com.kms.katalon.core.keyword.internal.KeywordMain.runKeyword(KeywordMain.groovy:68)
	at com.kms.katalon.core.keyword.builtin.CallTestCaseKeyword.callTestCase(CallTestCaseKeyword.groovy:81)
	at com.kms.katalon.core.keyword.builtin.CallTestCaseKeyword.execute(CallTestCaseKeyword.groovy:44)
	at com.kms.katalon.core.keyword.internal.KeywordExecutor.executeKeywordForPlatform(KeywordExecutor.groovy:72)
	at com.kms.katalon.core.keyword.BuiltinKeywords.callTestCase(BuiltinKeywords.groovy:334)
	at PopulateACDetails.run(PopulateACDetails:42)
	at com.kms.katalon.core.main.ScriptEngine.run(ScriptEngine.java:194)
	at com.kms.katalon.core.main.ScriptEngine.runScriptAsRawText(ScriptEngine.java:119)
	at com.kms.katalon.core.main.TestCaseExecutor.runScript(TestCaseExecutor.java:337)
	at com.kms.katalon.core.main.TestCaseExecutor.doExecute(TestCaseExecutor.java:328)
	at com.kms.katalon.core.main.TestCaseExecutor.processExecutionPhase(TestCaseExecutor.java:307)
	at com.kms.katalon.core.main.TestCaseExecutor.accessMainPhase(TestCaseExecutor.java:299)
	at com.kms.katalon.core.main.TestCaseExecutor.execute(TestCaseExecutor.java:233)
	at com.kms.katalon.core.main.TestCaseMain.runTestCase(TestCaseMain.java:114)
	at com.kms.katalon.core.keyword.builtin.CallTestCaseKeyword$_callTestCase_closure1.doCall(CallTestCaseKeyword.groovy:59)
	... 20 more
Caused by: java.io.FileNotFoundException: C:\Users\19023-RAC\Desktop\ISPS2 Automation\Data Files\Files\ISPS2 DB.xlsx
	at com.kms.katalon.core.testdata.reader.ExcelFactory.getExcelData(ExcelFactory.java:25)
	at com.kms.katalon.core.testdata.reader.ExcelFactory.getExcelDataWithDefaultSheet(ExcelFactory.java:17)
	at com.kms.katalon.core.testdata.reader.ExcelFactory$getExcelDataWithDefaultSheet.call(Unknown Source)
	at AddACDetails.run(AddACDetails:24)
	at com.kms.katalon.core.main.ScriptEngine.run(ScriptEngine.java:194)
	at com.kms.katalon.core.main.ScriptEngine.runScriptAsRawText(ScriptEngine.java:119)
	at com.kms.katalon.core.main.TestCaseExecutor.runScript(TestCaseExecutor.java:337)
	at com.kms.katalon.core.main.TestCaseExecutor.doExecute(TestCaseExecutor.java:328)
	at com.kms.katalon.core.main.TestCaseExecutor.processExecutionPhase(TestCaseExecutor.java:307)
	at com.kms.katalon.core.main.TestCaseExecutor.accessMainPhase(TestCaseExecutor.java:299)
	at com.kms.katalon.core.main.TestCaseExecutor.execute(TestCaseExecutor.java:233)
	at com.kms.katalon.core.main.TestCaseMain.runTestCase(TestCaseMain.java:114)
	at com.kms.katalon.core.keyword.builtin.CallTestCaseKeyword$_callTestCase_closure1.doCall(CallTestCaseKeyword.groovy:59)
	... 36 more


2020-05-15 10:04:38 - [TEST_STEP][PASSED] - callTestCase(findTestCase("Components/LoginV2.0"), ["LinkToBeUsed":findTestData("ISPS2 Test Data").getValue("URL", 1), "LoginPageTextToBeVerified":findTestData("ISPS2 Test Data").getValue("HomeBanner", 1), ... ], STOP_ON_FAILURE): Call Test Case 'Test Cases/Components/LoginV2.0' successfully

2020-05-15 10:04:41 - [TEST_CASE][PASSED] - Test Cases/Components/LoginV2.0: Test Cases/Components/LoginV2.0

2020-05-15 10:04:41 - [TEST_STEP][PASSED] - openBrowser(LinkToBeUsed): Browser is opened with url: 'http://10.0.2.41:3012/isps2-prod-verify/authnz/login.do'

2020-05-15 10:04:42 - [MESSAGE][INFO] - Starting 'Chrome' driver

2020-05-15 10:04:43 - [MESSAGE][INFO] - Action delay is set to 0 seconds

2020-05-15 10:05:00 - [MESSAGE][PASSED] - Browser is opened with url: 'http://10.0.2.41:3012/isps2-prod-verify/authnz/login.do'

2020-05-15 10:05:00 - [TEST_STEP][PASSED] - maximizeWindow(): Current window maximized

2020-05-15 10:05:05 - [MESSAGE][PASSED] - Current window maximized

2020-05-15 10:05:05 - [TEST_STEP][PASSED] - verifyTextPresent(LoginPageTextToBeVerified, false): Text 'Sign in to ISPS2-PROD-Verify' is present on page 

2020-05-15 10:05:05 - [MESSAGE][PASSED] - Text 'Sign in to ISPS2-PROD-Verify' is present on page 

2020-05-15 10:05:05 - [TEST_STEP][PASSED] - setText(findTestObject("Objects.LoginV2.0/Login Page/input_Sign in to ISPS2-PROD-Verify_username"), Username): Text 'sysadmin' is set on object 'Object Repository/Objects.LoginV2.0/Login Page/input_Sign in to ISPS2-PROD-Verify_username'

2020-05-15 10:05:07 - [MESSAGE][PASSED] - Text 'sysadmin' is set on object 'Object Repository/Objects.LoginV2.0/Login Page/input_Sign in to ISPS2-PROD-Verify_username'

2020-05-15 10:05:07 - [TEST_STEP][PASSED] - setEncryptedText(findTestObject("Objects.LoginV2.0/Login Page/input_This field is required_password"), Password): Text ****** has been set on object 'Object Repository/Objects.LoginV2.0/Login Page/input_This field is required_password'

2020-05-15 10:05:08 - [MESSAGE][PASSED] - Text ****** has been set on object 'Object Repository/Objects.LoginV2.0/Login Page/input_This field is required_password'

2020-05-15 10:05:08 - [TEST_STEP][NOT_RUN] - setEncryptedText(findTestObject(null), Password): NOT_RUN: setEncryptedText(findTestObject(null), Password)

2020-05-15 10:05:08 - [MESSAGE][NOT_RUN] - NOT_RUN: setEncryptedText(findTestObject(null), Password)

2020-05-15 10:05:08 - [TEST_STEP][PASSED] - click(findTestObject("Objects.LoginV2.0/Login Page/div_Sign in to ISPS2-PROD-Verify_NovaGoButton-1021"), OPTIONAL): Object: 'Object Repository/Objects.LoginV2.0/Login Page/div_Sign in to ISPS2-PROD-Verify_NovaGoButton-1021' is clicked on

2020-05-15 10:05:09 - [MESSAGE][PASSED] - Object: 'Object Repository/Objects.LoginV2.0/Login Page/div_Sign in to ISPS2-PROD-Verify_NovaGoButton-1021' is clicked on

2020-05-15 10:05:09 - [TEST_STEP][PASSED] - waitForPageLoad(30): Wait for page load successfully

2020-05-15 10:05:16 - [MESSAGE][PASSED] - Wait for page load successfully

2020-05-15 10:05:16 - [TEST_STEP][PASSED] - Thread.sleep(3000): null

2020-05-15 10:05:19 - [MESSAGE][PASSED] - Call Test Case 'Test Cases/Components/LoginV2.0' successfully

2020-05-15 10:05:19 - [TEST_STEP][PASSED] - callTestCase(findTestCase("Components/OpenHomepageMenu"), [:], STOP_ON_FAILURE): Call Test Case 'Test Cases/Components/OpenHomepageMenu' successfully

2020-05-15 10:05:19 - [TEST_CASE][PASSED] - Test Cases/Components/OpenHomepageMenu: Test Cases/Components/OpenHomepageMenu

2020-05-15 10:05:21 - [TEST_STEP][PASSED] - Thread.sleep(1000): null

2020-05-15 10:05:22 - [TEST_STEP][PASSED] - verifyTextPresent("Loading search result. Please wait...", false, OPTIONAL): Text 'Loading search result. Please wait...' is not present on page  (Root cause: com.kms.katalon.core.exception.StepFailedException: Text 'Loading search result. Please wait...' is not present on page 
	at com.kms.katalon.core.webui.keyword.internal.WebUIKeywordMain.stepFailed(WebUIKeywordMain.groovy:64)
	at com.kms.katalon.core.webui.keyword.builtin.VerifyTextPresentKeyword$_verifyTextPresent_closure1.doCall(VerifyTextPresentKeyword.groovy:79)
	at com.kms.katalon.core.webui.keyword.builtin.VerifyTextPresentKeyword$_verifyTextPresent_closure1.call(VerifyTextPresentKeyword.groovy)
	at com.kms.katalon.core.webui.keyword.internal.WebUIKeywordMain.runKeyword(WebUIKeywordMain.groovy:20)
	at com.kms.katalon.core.webui.keyword.builtin.VerifyTextPresentKeyword.verifyTextPresent(VerifyTextPresentKeyword.groovy:83)
	at com.kms.katalon.core.webui.keyword.builtin.VerifyTextPresentKeyword.execute(VerifyTextPresentKeyword.groovy:68)
	at com.kms.katalon.core.keyword.internal.KeywordExecutor.executeKeywordForPlatform(KeywordExecutor.groovy:72)
	at com.kms.katalon.core.webui.keyword.WebUiBuiltInKeywords.verifyTextPresent(WebUiBuiltInKeywords.groovy:1703)
	at com.kms.katalon.core.webui.keyword.WebUiBuiltInKeywords$verifyTextPresent$6.call(Unknown Source)
	at OpenHomepageMenu.run(OpenHomepageMenu:18)
	at com.kms.katalon.core.main.ScriptEngine.run(ScriptEngine.java:194)
	at com.kms.katalon.core.main.ScriptEngine.runScriptAsRawText(ScriptEngine.java:119)
	at com.kms.katalon.core.main.TestCaseExecutor.runScript(TestCaseExecutor.java:337)
	at com.kms.katalon.core.main.TestCaseExecutor.doExecute(TestCaseExecutor.java:328)
	at com.kms.katalon.core.main.TestCaseExecutor.processExecutionPhase(TestCaseExecutor.java:307)
	at com.kms.katalon.core.main.TestCaseExecutor.accessMainPhase(TestCaseExecutor.java:299)
	at com.kms.katalon.core.main.TestCaseExecutor.execute(TestCaseExecutor.java:233)
	at com.kms.katalon.core.main.TestCaseMain.runTestCase(TestCaseMain.java:114)
	at com.kms.katalon.core.keyword.builtin.CallTestCaseKeyword$_callTestCase_closure1.doCall(CallTestCaseKeyword.groovy:59)
	at com.kms.katalon.core.keyword.builtin.CallTestCaseKeyword$_callTestCase_closure1.call(CallTestCaseKeyword.groovy)
	at com.kms.katalon.core.keyword.internal.KeywordMain.runKeyword(KeywordMain.groovy:68)
	at com.kms.katalon.core.keyword.builtin.CallTestCaseKeyword.callTestCase(CallTestCaseKeyword.groovy:81)
	at com.kms.katalon.core.keyword.builtin.CallTestCaseKeyword.execute(CallTestCaseKeyword.groovy:44)
	at com.kms.katalon.core.keyword.internal.KeywordExecutor.executeKeywordForPlatform(KeywordExecutor.groovy:72)
	at com.kms.katalon.core.keyword.BuiltinKeywords.callTestCase(BuiltinKeywords.groovy:334)
	at BCAISPS-14661.TCID001.run(BCAISPS-14661.TCID001:34)
	at com.kms.katalon.core.main.ScriptEngine.run(ScriptEngine.java:194)
	at com.kms.katalon.core.main.ScriptEngine.runScriptAsRawText(ScriptEngine.java:119)
	at com.kms.katalon.core.main.TestCaseExecutor.runScript(TestCaseExecutor.java:337)
	at com.kms.katalon.core.main.TestCaseExecutor.doExecute(TestCaseExecutor.java:328)
	at com.kms.katalon.core.main.TestCaseExecutor.processExecutionPhase(TestCaseExecutor.java:307)
	at com.kms.katalon.core.main.TestCaseExecutor.accessMainPhase(TestCaseExecutor.java:299)
	at com.kms.katalon.core.main.TestCaseExecutor.execute(TestCaseExecutor.java:233)
	at com.kms.katalon.core.main.TestSuiteExecutor.accessTestCaseMainPhase(TestSuiteExecutor.java:169)
	at com.kms.katalon.core.main.TestSuiteExecutor.accessTestSuiteMainPhase(TestSuiteExecutor.java:142)
	at com.kms.katalon.core.main.TestSuiteExecutor.execute(TestSuiteExecutor.java:91)
	at com.kms.katalon.core.main.TestCaseMain.startTestSuite(TestCaseMain.java:157)
	at com.kms.katalon.core.main.TestCaseMain$startTestSuite$0.call(Unknown Source)
	at TempTestSuite1589508261822.run(TempTestSuite1589508261822.groovy:36)
)

2020-05-15 10:05:27 - [MESSAGE][WARNING] - Text 'Loading search result. Please wait...' is not present on page  (Root cause: com.kms.katalon.core.exception.StepFailedException: Text 'Loading search result. Please wait...' is not present on page 
	at com.kms.katalon.core.webui.keyword.internal.WebUIKeywordMain.stepFailed(WebUIKeywordMain.groovy:64)
	at com.kms.katalon.core.webui.keyword.builtin.VerifyTextPresentKeyword$_verifyTextPresent_closure1.doCall(VerifyTextPresentKeyword.groovy:79)
	at com.kms.katalon.core.webui.keyword.builtin.VerifyTextPresentKeyword$_verifyTextPresent_closure1.call(VerifyTextPresentKeyword.groovy)
	at com.kms.katalon.core.webui.keyword.internal.WebUIKeywordMain.runKeyword(WebUIKeywordMain.groovy:20)
	at com.kms.katalon.core.webui.keyword.builtin.VerifyTextPresentKeyword.verifyTextPresent(VerifyTextPresentKeyword.groovy:83)
	at com.kms.katalon.core.webui.keyword.builtin.VerifyTextPresentKeyword.execute(VerifyTextPresentKeyword.groovy:68)
	at com.kms.katalon.core.keyword.internal.KeywordExecutor.executeKeywordForPlatform(KeywordExecutor.groovy:72)
	at com.kms.katalon.core.webui.keyword.WebUiBuiltInKeywords.verifyTextPresent(WebUiBuiltInKeywords.groovy:1703)
	at com.kms.katalon.core.webui.keyword.WebUiBuiltInKeywords$verifyTextPresent$6.call(Unknown Source)
	at OpenHomepageMenu.run(OpenHomepageMenu:18)
	at com.kms.katalon.core.main.ScriptEngine.run(ScriptEngine.java:194)
	at com.kms.katalon.core.main.ScriptEngine.runScriptAsRawText(ScriptEngine.java:119)
	at com.kms.katalon.core.main.TestCaseExecutor.runScript(TestCaseExecutor.java:337)
	at com.kms.katalon.core.main.TestCaseExecutor.doExecute(TestCaseExecutor.java:328)
	at com.kms.katalon.core.main.TestCaseExecutor.processExecutionPhase(TestCaseExecutor.java:307)
	at com.kms.katalon.core.main.TestCaseExecutor.accessMainPhase(TestCaseExecutor.java:299)
	at com.kms.katalon.core.main.TestCaseExecutor.execute(TestCaseExecutor.java:233)
	at com.kms.katalon.core.main.TestCaseMain.runTestCase(TestCaseMain.java:114)
	at com.kms.katalon.core.keyword.builtin.CallTestCaseKeyword$_callTestCase_closure1.doCall(CallTestCaseKeyword.groovy:59)
	at com.kms.katalon.core.keyword.builtin.CallTestCaseKeyword$_callTestCase_closure1.call(CallTestCaseKeyword.groovy)
	at com.kms.katalon.core.keyword.internal.KeywordMain.runKeyword(KeywordMain.groovy:68)
	at com.kms.katalon.core.keyword.builtin.CallTestCaseKeyword.callTestCase(CallTestCaseKeyword.groovy:81)
	at com.kms.katalon.core.keyword.builtin.CallTestCaseKeyword.execute(CallTestCaseKeyword.groovy:44)
	at com.kms.katalon.core.keyword.internal.KeywordExecutor.executeKeywordForPlatform(KeywordExecutor.groovy:72)
	at com.kms.katalon.core.keyword.BuiltinKeywords.callTestCase(BuiltinKeywords.groovy:334)
	at BCAISPS-14661.TCID001.run(BCAISPS-14661.TCID001:34)
	at com.kms.katalon.core.main.ScriptEngine.run(ScriptEngine.java:194)
	at com.kms.katalon.core.main.ScriptEngine.runScriptAsRawText(ScriptEngine.java:119)
	at com.kms.katalon.core.main.TestCaseExecutor.runScript(TestCaseExecutor.java:337)
	at com.kms.katalon.core.main.TestCaseExecutor.doExecute(TestCaseExecutor.java:328)
	at com.kms.katalon.core.main.TestCaseExecutor.processExecutionPhase(TestCaseExecutor.java:307)
	at com.kms.katalon.core.main.TestCaseExecutor.accessMainPhase(TestCaseExecutor.java:299)
	at com.kms.katalon.core.main.TestCaseExecutor.execute(TestCaseExecutor.java:233)
	at com.kms.katalon.core.main.TestSuiteExecutor.accessTestCaseMainPhase(TestSuiteExecutor.java:169)
	at com.kms.katalon.core.main.TestSuiteExecutor.accessTestSuiteMainPhase(TestSuiteExecutor.java:142)
	at com.kms.katalon.core.main.TestSuiteExecutor.execute(TestSuiteExecutor.java:91)
	at com.kms.katalon.core.main.TestCaseMain.startTestSuite(TestCaseMain.java:157)
	at com.kms.katalon.core.main.TestCaseMain$startTestSuite$0.call(Unknown Source)
	at TempTestSuite1589508261822.run(TempTestSuite1589508261822.groovy:36)
)

2020-05-15 10:05:27 - [TEST_STEP][PASSED] - waitForElementNotPresent(findTestObject("Objects.OpenHomepageMenu/XP_LoadingPopUp"), 120, OPTIONAL): Web element with id: 'Object Repository/Objects.OpenHomepageMenu/XP_LoadingPopUp' located by 'By.xpath: //div[@class = 'x-mask-msg-text' and (text() = 'Loading search result. Please wait...' or . = 'Loading search result. Please wait...')]' is not present after '120' second(s)

2020-05-15 10:05:28 - [MESSAGE][PASSED] - Web element with id: 'Object Repository/Objects.OpenHomepageMenu/XP_LoadingPopUp' located by 'By.xpath: //div[@class = 'x-mask-msg-text' and (text() = 'Loading search result. Please wait...' or . = 'Loading search result. Please wait...')]' is not present after '120' second(s)

2020-05-15 10:05:28 - [TEST_STEP][PASSED] - verifyElementVisible(findTestObject("Objects.OpenHomepageMenu/div_ISPS2-PROD-Verify_component-1013")): Object 'Object Repository/Objects.OpenHomepageMenu/div_ISPS2-PROD-Verify_component-1013' is visible

2020-05-15 10:05:29 - [MESSAGE][PASSED] - Object 'Object Repository/Objects.OpenHomepageMenu/div_ISPS2-PROD-Verify_component-1013' is visible

2020-05-15 10:05:29 - [TEST_STEP][PASSED] - click(findTestObject("Objects.OpenHomepageMenu/div_ISPS2-PROD-Verify_component-1013")): Object: 'Object Repository/Objects.OpenHomepageMenu/div_ISPS2-PROD-Verify_component-1013' is clicked on

2020-05-15 10:05:30 - [MESSAGE][PASSED] - Object: 'Object Repository/Objects.OpenHomepageMenu/div_ISPS2-PROD-Verify_component-1013' is clicked on

2020-05-15 10:05:30 - [MESSAGE][PASSED] - Call Test Case 'Test Cases/Components/OpenHomepageMenu' successfully

2020-05-15 10:05:30 - [TEST_STEP][PASSED] - callTestCase(findTestCase("Components/HoverToAnyMenuSelection"), ["MenuSelection":"Utilities"], STOP_ON_FAILURE): Call Test Case 'Test Cases/Components/HoverToAnyMenuSelection' successfully

2020-05-15 10:05:30 - [TEST_CASE][PASSED] - Test Cases/Components/HoverToAnyMenuSelection: Test Cases/Components/HoverToAnyMenuSelection

2020-05-15 10:05:32 - [TEST_STEP][PASSED] - Thread.sleep(1000): null

2020-05-15 10:05:33 - [TEST_STEP][PASSED] - modifiedSelection = modifyObjectProperty(findTestObject("Objects.HoverToAnyMenuSelection/span_Common"), "text", "equals", MenuSelection, true): Modify property of object successfully

2020-05-15 10:05:33 - [MESSAGE][PASSED] - Modify property of object successfully

2020-05-15 10:05:33 - [TEST_STEP][PASSED] - mouseOver(modifiedSelection): Object: 'Object Repository/Objects.HoverToAnyMenuSelection/span_Common' is hovered

2020-05-15 10:05:34 - [MESSAGE][PASSED] - Object: 'Object Repository/Objects.HoverToAnyMenuSelection/span_Common' is hovered

2020-05-15 10:05:34 - [MESSAGE][PASSED] - Call Test Case 'Test Cases/Components/HoverToAnyMenuSelection' successfully

2020-05-15 10:05:34 - [TEST_STEP][PASSED] - callTestCase(findTestCase("Components/HoverToAnyMenuSelection"), ["MenuSelection":"Common"], STOP_ON_FAILURE): Call Test Case 'Test Cases/Components/HoverToAnyMenuSelection' successfully

2020-05-15 10:05:34 - [TEST_CASE][PASSED] - Test Cases/Components/HoverToAnyMenuSelection: Test Cases/Components/HoverToAnyMenuSelection

2020-05-15 10:05:34 - [TEST_STEP][PASSED] - Thread.sleep(1000): null

2020-05-15 10:05:35 - [TEST_STEP][PASSED] - modifiedSelection = modifyObjectProperty(findTestObject("Objects.HoverToAnyMenuSelection/span_Common"), "text", "equals", MenuSelection, true): Modify property of object successfully

2020-05-15 10:05:36 - [MESSAGE][PASSED] - Modify property of object successfully

2020-05-15 10:05:36 - [TEST_STEP][PASSED] - mouseOver(modifiedSelection): Object: 'Object Repository/Objects.HoverToAnyMenuSelection/span_Common' is hovered

2020-05-15 10:05:36 - [MESSAGE][PASSED] - Object: 'Object Repository/Objects.HoverToAnyMenuSelection/span_Common' is hovered

2020-05-15 10:05:36 - [MESSAGE][PASSED] - Call Test Case 'Test Cases/Components/HoverToAnyMenuSelection' successfully

2020-05-15 10:05:36 - [TEST_STEP][PASSED] - callTestCase(findTestCase("Components/HoverToAnyMenuSelection"), ["MenuSelection":"Maintenance"], STOP_ON_FAILURE): Call Test Case 'Test Cases/Components/HoverToAnyMenuSelection' successfully

2020-05-15 10:05:36 - [TEST_CASE][PASSED] - Test Cases/Components/HoverToAnyMenuSelection: Test Cases/Components/HoverToAnyMenuSelection

2020-05-15 10:05:36 - [TEST_STEP][PASSED] - Thread.sleep(1000): null

2020-05-15 10:05:37 - [TEST_STEP][PASSED] - modifiedSelection = modifyObjectProperty(findTestObject("Objects.HoverToAnyMenuSelection/span_Common"), "text", "equals", MenuSelection, true): Modify property of object successfully

2020-05-15 10:05:38 - [MESSAGE][PASSED] - Modify property of object successfully

2020-05-15 10:05:38 - [TEST_STEP][PASSED] - mouseOver(modifiedSelection): Object: 'Object Repository/Objects.HoverToAnyMenuSelection/span_Common' is hovered

2020-05-15 10:05:38 - [MESSAGE][PASSED] - Object: 'Object Repository/Objects.HoverToAnyMenuSelection/span_Common' is hovered

2020-05-15 10:05:38 - [MESSAGE][PASSED] - Call Test Case 'Test Cases/Components/HoverToAnyMenuSelection' successfully

2020-05-15 10:05:38 - [TEST_STEP][PASSED] - callTestCase(findTestCase("Components/SelectFromMenu"), ["menuToBeClicked":"Maintain AC"], STOP_ON_FAILURE): Call Test Case 'Test Cases/Components/SelectFromMenu' successfully

2020-05-15 10:05:39 - [TEST_CASE][PASSED] - Test Cases/Components/SelectFromMenu: Test Cases/Components/SelectFromMenu

2020-05-15 10:05:39 - [TEST_STEP][PASSED] - Thread.sleep(1000): null

2020-05-15 10:05:40 - [TEST_STEP][PASSED] - modifiedMenuToBeClicked = modifyObjectProperty(findTestObject("Objects.SelectFromMenu/span_Maintain QP"), "text", "equals", menuToBeClicked, true): Modify property of object successfully

2020-05-15 10:05:40 - [MESSAGE][PASSED] - Modify property of object successfully

2020-05-15 10:05:40 - [TEST_STEP][PASSED] - mouseOver(modifiedMenuToBeClicked, STOP_ON_FAILURE): Object: 'Object Repository/Objects.SelectFromMenu/span_Maintain QP' is hovered

2020-05-15 10:05:41 - [MESSAGE][PASSED] - Object: 'Object Repository/Objects.SelectFromMenu/span_Maintain QP' is hovered

2020-05-15 10:05:41 - [TEST_STEP][PASSED] - click(modifiedMenuToBeClicked, STOP_ON_FAILURE): Object: 'Object Repository/Objects.SelectFromMenu/span_Maintain QP' is clicked on

2020-05-15 10:05:45 - [MESSAGE][PASSED] - Object: 'Object Repository/Objects.SelectFromMenu/span_Maintain QP' is clicked on

2020-05-15 10:05:45 - [MESSAGE][PASSED] - Call Test Case 'Test Cases/Components/SelectFromMenu' successfully

2020-05-15 10:05:45 - [TEST_STEP][PASSED] - callTestCase(findTestCase("Components/ClickAddButtonII"), [:], STOP_ON_FAILURE): Call Test Case 'Test Cases/Components/ClickAddButtonII' successfully

2020-05-15 10:05:45 - [TEST_CASE][PASSED] - Test Cases/Components/ClickAddButtonII: Test Cases/Components/ClickAddButtonII

2020-05-15 10:05:47 - [TEST_STEP][PASSED] - Thread.sleep(1000): null

2020-05-15 10:05:48 - [TEST_STEP][PASSED] - com.reusableComponents.HighlightElement.run(findTestObject("Objects.ClickAddButtonII/XP_AddButton")): com.reusableComponents.HighlightElement.run is PASSED

2020-05-15 10:05:51 - [MESSAGE][PASSED] - com.reusableComponents.HighlightElement.run is PASSED

2020-05-15 10:05:51 - [TEST_STEP][PASSED] - click(findTestObject("Objects.ClickAddButtonII/XP_AddButton")): Object: 'Object Repository/Objects.ClickAddButtonII/XP_AddButton' is clicked on

2020-05-15 10:05:53 - [MESSAGE][PASSED] - Object: 'Object Repository/Objects.ClickAddButtonII/XP_AddButton' is clicked on

2020-05-15 10:05:53 - [TEST_STEP][PASSED] - Thread.sleep(5000): null

2020-05-15 10:05:58 - [MESSAGE][PASSED] - Call Test Case 'Test Cases/Components/ClickAddButtonII' successfully

2020-05-15 10:05:58 - [TEST_STEP][FAILED] - callTestCase(findTestCase("Components/PopulateACDetails"), ["enterACNo":"0057", "enterSheetName":"MaintainAC", "enterDBPath":"C:\Users\19023-RAC\Desktop\ISPS2 Automation\Data Files\Files\ISPS2 DB.xlsx"], STOP_ON_FAILURE): Unable to call Test Case 'Test Cases/Components/PopulateACDetails' (Root cause: com.kms.katalon.core.exception.StepErrorException: Call Test Case 'Test Cases/Components/PopulateACDetails' failed because of error(s)
	at com.kms.katalon.core.keyword.builtin.CallTestCaseKeyword$_callTestCase_closure1.doCall(CallTestCaseKeyword.groovy:66)
	at com.kms.katalon.core.keyword.builtin.CallTestCaseKeyword$_callTestCase_closure1.call(CallTestCaseKeyword.groovy)
	at com.kms.katalon.core.keyword.internal.KeywordMain.runKeyword(KeywordMain.groovy:68)
	at com.kms.katalon.core.keyword.builtin.CallTestCaseKeyword.callTestCase(CallTestCaseKeyword.groovy:81)
	at com.kms.katalon.core.keyword.builtin.CallTestCaseKeyword.execute(CallTestCaseKeyword.groovy:44)
	at com.kms.katalon.core.keyword.internal.KeywordExecutor.executeKeywordForPlatform(KeywordExecutor.groovy:72)
	at com.kms.katalon.core.keyword.BuiltinKeywords.callTestCase(BuiltinKeywords.groovy:334)
	at BCAISPS-14661.TCID001.run(BCAISPS-14661.TCID001:52)
	at com.kms.katalon.core.main.ScriptEngine.run(ScriptEngine.java:194)
	at com.kms.katalon.core.main.ScriptEngine.runScriptAsRawText(ScriptEngine.java:119)
	at com.kms.katalon.core.main.TestCaseExecutor.runScript(TestCaseExecutor.java:337)
	at com.kms.katalon.core.main.TestCaseExecutor.doExecute(TestCaseExecutor.java:328)
	at com.kms.katalon.core.main.TestCaseExecutor.processExecutionPhase(TestCaseExecutor.java:307)
	at com.kms.katalon.core.main.TestCaseExecutor.accessMainPhase(TestCaseExecutor.java:299)
	at com.kms.katalon.core.main.TestCaseExecutor.execute(TestCaseExecutor.java:233)
	at com.kms.katalon.core.main.TestSuiteExecutor.accessTestCaseMainPhase(TestSuiteExecutor.java:169)
	at com.kms.katalon.core.main.TestSuiteExecutor.accessTestSuiteMainPhase(TestSuiteExecutor.java:142)
	at com.kms.katalon.core.main.TestSuiteExecutor.execute(TestSuiteExecutor.java:91)
	at com.kms.katalon.core.main.TestCaseMain.startTestSuite(TestCaseMain.java:157)
	at com.kms.katalon.core.main.TestCaseMain$startTestSuite$0.call(Unknown Source)
	at TempTestSuite1589508261822.run(TempTestSuite1589508261822.groovy:36)
Caused by: com.kms.katalon.core.exception.StepErrorException: Call Test Case 'Test Cases/Components/AddACDetails' failed because of error(s)
	at com.kms.katalon.core.keyword.builtin.CallTestCaseKeyword$_callTestCase_closure1.doCall(CallTestCaseKeyword.groovy:66)
	at com.kms.katalon.core.keyword.builtin.CallTestCaseKeyword$_callTestCase_closure1.call(CallTestCaseKeyword.groovy)
	at com.kms.katalon.core.keyword.internal.KeywordMain.runKeyword(KeywordMain.groovy:68)
	at com.kms.katalon.core.keyword.builtin.CallTestCaseKeyword.callTestCase(CallTestCaseKeyword.groovy:81)
	at com.kms.katalon.core.keyword.builtin.CallTestCaseKeyword.execute(CallTestCaseKeyword.groovy:44)
	at com.kms.katalon.core.keyword.internal.KeywordExecutor.executeKeywordForPlatform(KeywordExecutor.groovy:72)
	at com.kms.katalon.core.keyword.BuiltinKeywords.callTestCase(BuiltinKeywords.groovy:334)
	at PopulateACDetails.run(PopulateACDetails:42)
	at com.kms.katalon.core.main.ScriptEngine.run(ScriptEngine.java:194)
	at com.kms.katalon.core.main.ScriptEngine.runScriptAsRawText(ScriptEngine.java:119)
	at com.kms.katalon.core.main.TestCaseExecutor.runScript(TestCaseExecutor.java:337)
	at com.kms.katalon.core.main.TestCaseExecutor.doExecute(TestCaseExecutor.java:328)
	at com.kms.katalon.core.main.TestCaseExecutor.processExecutionPhase(TestCaseExecutor.java:307)
	at com.kms.katalon.core.main.TestCaseExecutor.accessMainPhase(TestCaseExecutor.java:299)
	at com.kms.katalon.core.main.TestCaseExecutor.execute(TestCaseExecutor.java:233)
	at com.kms.katalon.core.main.TestCaseMain.runTestCase(TestCaseMain.java:114)
	at com.kms.katalon.core.keyword.builtin.CallTestCaseKeyword$_callTestCase_closure1.doCall(CallTestCaseKeyword.groovy:59)
	... 20 more
Caused by: java.io.FileNotFoundException: C:\Users\19023-RAC\Desktop\ISPS2 Automation\Data Files\Files\ISPS2 DB.xlsx
	at com.kms.katalon.core.testdata.reader.ExcelFactory.getExcelData(ExcelFactory.java:25)
	at com.kms.katalon.core.testdata.reader.ExcelFactory.getExcelDataWithDefaultSheet(ExcelFactory.java:17)
	at com.kms.katalon.core.testdata.reader.ExcelFactory$getExcelDataWithDefaultSheet.call(Unknown Source)
	at AddACDetails.run(AddACDetails:24)
	at com.kms.katalon.core.main.ScriptEngine.run(ScriptEngine.java:194)
	at com.kms.katalon.core.main.ScriptEngine.runScriptAsRawText(ScriptEngine.java:119)
	at com.kms.katalon.core.main.TestCaseExecutor.runScript(TestCaseExecutor.java:337)
	at com.kms.katalon.core.main.TestCaseExecutor.doExecute(TestCaseExecutor.java:328)
	at com.kms.katalon.core.main.TestCaseExecutor.processExecutionPhase(TestCaseExecutor.java:307)
	at com.kms.katalon.core.main.TestCaseExecutor.accessMainPhase(TestCaseExecutor.java:299)
	at com.kms.katalon.core.main.TestCaseExecutor.execute(TestCaseExecutor.java:233)
	at com.kms.katalon.core.main.TestCaseMain.runTestCase(TestCaseMain.java:114)
	at com.kms.katalon.core.keyword.builtin.CallTestCaseKeyword$_callTestCase_closure1.doCall(CallTestCaseKeyword.groovy:59)
	... 36 more
)

2020-05-15 10:05:58 - [TEST_CASE][ERROR] - Test Cases/Components/PopulateACDetails: Test Cases/Components/PopulateACDetails FAILED.
Reason:
com.kms.katalon.core.exception.StepErrorException: Call Test Case 'Test Cases/Components/AddACDetails' failed because of error(s)
	at com.kms.katalon.core.keyword.builtin.CallTestCaseKeyword$_callTestCase_closure1.doCall(CallTestCaseKeyword.groovy:66)
	at com.kms.katalon.core.keyword.builtin.CallTestCaseKeyword$_callTestCase_closure1.call(CallTestCaseKeyword.groovy)
	at com.kms.katalon.core.keyword.internal.KeywordMain.runKeyword(KeywordMain.groovy:68)
	at com.kms.katalon.core.keyword.builtin.CallTestCaseKeyword.callTestCase(CallTestCaseKeyword.groovy:81)
	at com.kms.katalon.core.keyword.builtin.CallTestCaseKeyword.execute(CallTestCaseKeyword.groovy:44)
	at com.kms.katalon.core.keyword.internal.KeywordExecutor.executeKeywordForPlatform(KeywordExecutor.groovy:72)
	at com.kms.katalon.core.keyword.BuiltinKeywords.callTestCase(BuiltinKeywords.groovy:334)
	at PopulateACDetails.run(PopulateACDetails:42)
	at com.kms.katalon.core.main.ScriptEngine.run(ScriptEngine.java:194)
	at com.kms.katalon.core.main.ScriptEngine.runScriptAsRawText(ScriptEngine.java:119)
	at com.kms.katalon.core.main.TestCaseExecutor.runScript(TestCaseExecutor.java:337)
	at com.kms.katalon.core.main.TestCaseExecutor.doExecute(TestCaseExecutor.java:328)
	at com.kms.katalon.core.main.TestCaseExecutor.processExecutionPhase(TestCaseExecutor.java:307)
	at com.kms.katalon.core.main.TestCaseExecutor.accessMainPhase(TestCaseExecutor.java:299)
	at com.kms.katalon.core.main.TestCaseExecutor.execute(TestCaseExecutor.java:233)
	at com.kms.katalon.core.main.TestCaseMain.runTestCase(TestCaseMain.java:114)
	at com.kms.katalon.core.keyword.builtin.CallTestCaseKeyword$_callTestCase_closure1.doCall(CallTestCaseKeyword.groovy:59)
	at com.kms.katalon.core.keyword.builtin.CallTestCaseKeyword$_callTestCase_closure1.call(CallTestCaseKeyword.groovy)
	at com.kms.katalon.core.keyword.internal.KeywordMain.runKeyword(KeywordMain.groovy:68)
	at com.kms.katalon.core.keyword.builtin.CallTestCaseKeyword.callTestCase(CallTestCaseKeyword.groovy:81)
	at com.kms.katalon.core.keyword.builtin.CallTestCaseKeyword.execute(CallTestCaseKeyword.groovy:44)
	at com.kms.katalon.core.keyword.internal.KeywordExecutor.executeKeywordForPlatform(KeywordExecutor.groovy:72)
	at com.kms.katalon.core.keyword.BuiltinKeywords.callTestCase(BuiltinKeywords.groovy:334)
	at BCAISPS-14661.TCID001.run(BCAISPS-14661.TCID001:52)
	at com.kms.katalon.core.main.ScriptEngine.run(ScriptEngine.java:194)
	at com.kms.katalon.core.main.ScriptEngine.runScriptAsRawText(ScriptEngine.java:119)
	at com.kms.katalon.core.main.TestCaseExecutor.runScript(TestCaseExecutor.java:337)
	at com.kms.katalon.core.main.TestCaseExecutor.doExecute(TestCaseExecutor.java:328)
	at com.kms.katalon.core.main.TestCaseExecutor.processExecutionPhase(TestCaseExecutor.java:307)
	at com.kms.katalon.core.main.TestCaseExecutor.accessMainPhase(TestCaseExecutor.java:299)
	at com.kms.katalon.core.main.TestCaseExecutor.execute(TestCaseExecutor.java:233)
	at com.kms.katalon.core.main.TestSuiteExecutor.accessTestCaseMainPhase(TestSuiteExecutor.java:169)
	at com.kms.katalon.core.main.TestSuiteExecutor.accessTestSuiteMainPhase(TestSuiteExecutor.java:142)
	at com.kms.katalon.core.main.TestSuiteExecutor.execute(TestSuiteExecutor.java:91)
	at com.kms.katalon.core.main.TestCaseMain.startTestSuite(TestCaseMain.java:157)
	at com.kms.katalon.core.main.TestCaseMain$startTestSuite$0.call(Unknown Source)
	at TempTestSuite1589508261822.run(TempTestSuite1589508261822.groovy:36)
Caused by: java.io.FileNotFoundException: C:\Users\19023-RAC\Desktop\ISPS2 Automation\Data Files\Files\ISPS2 DB.xlsx
	at com.kms.katalon.core.testdata.reader.ExcelFactory.getExcelData(ExcelFactory.java:25)
	at com.kms.katalon.core.testdata.reader.ExcelFactory.getExcelDataWithDefaultSheet(ExcelFactory.java:17)
	at com.kms.katalon.core.testdata.reader.ExcelFactory$getExcelDataWithDefaultSheet.call(Unknown Source)
	at AddACDetails.run(AddACDetails:24)
	at com.kms.katalon.core.main.ScriptEngine.run(ScriptEngine.java:194)
	at com.kms.katalon.core.main.ScriptEngine.runScriptAsRawText(ScriptEngine.java:119)
	at com.kms.katalon.core.main.TestCaseExecutor.runScript(TestCaseExecutor.java:337)
	at com.kms.katalon.core.main.TestCaseExecutor.doExecute(TestCaseExecutor.java:328)
	at com.kms.katalon.core.main.TestCaseExecutor.processExecutionPhase(TestCaseExecutor.java:307)
	at com.kms.katalon.core.main.TestCaseExecutor.accessMainPhase(TestCaseExecutor.java:299)
	at com.kms.katalon.core.main.TestCaseExecutor.execute(TestCaseExecutor.java:233)
	at com.kms.katalon.core.main.TestCaseMain.runTestCase(TestCaseMain.java:114)
	at com.kms.katalon.core.keyword.builtin.CallTestCaseKeyword$_callTestCase_closure1.doCall(CallTestCaseKeyword.groovy:59)
	... 36 more


2020-05-15 10:06:00 - [TEST_STEP][PASSED] - enableSmartWait(): null

2020-05-15 10:06:00 - [TEST_STEP][PASSED] - DBPath = enterDBPath: null

2020-05-15 10:06:04 - [TEST_STEP][PASSED] - SheetName = enterSheetName: null

2020-05-15 10:06:04 - [TEST_STEP][PASSED] - acNo = enterACNo: null

2020-05-15 10:06:04 - [TEST_STEP][PASSED] - com.reusableComponents.HighlightElement.run(findTestObject("Objects.PopulateACDetails/Page_ISPS2/div_Manage AC")): com.reusableComponents.HighlightElement.run is PASSED

2020-05-15 10:06:06 - [MESSAGE][PASSED] - com.reusableComponents.HighlightElement.run is PASSED

2020-05-15 10:06:06 - [TEST_STEP][PASSED] - com.reusableComponents.HighlightElement.run(findTestObject("Objects.PopulateACDetails/Page_ISPS2/b_AC DETAILS")): com.reusableComponents.HighlightElement.run is PASSED

2020-05-15 10:06:10 - [MESSAGE][PASSED] - com.reusableComponents.HighlightElement.run is PASSED

2020-05-15 10:06:10 - [TEST_STEP][PASSED] - inputACName = getAttribute(findTestObject("Objects.PopulateACDetails/Page_ISPS2/input__acName"), "value"): Attribute 'value' of object 'Object Repository/Objects.PopulateACDetails/Page_ISPS2/input__acName' is: ''

2020-05-15 10:06:11 - [MESSAGE][PASSED] - Attribute 'value' of object 'Object Repository/Objects.PopulateACDetails/Page_ISPS2/input__acName' is: ''

2020-05-15 10:06:11 - [TEST_STEP][FAILED] - if (inputACName == ""): Unable to call Test Case 'Test Cases/Components/AddACDetails' (Root cause: com.kms.katalon.core.exception.StepErrorException: Call Test Case 'Test Cases/Components/AddACDetails' failed because of error(s)
	at com.kms.katalon.core.keyword.builtin.CallTestCaseKeyword$_callTestCase_closure1.doCall(CallTestCaseKeyword.groovy:66)
	at com.kms.katalon.core.keyword.builtin.CallTestCaseKeyword$_callTestCase_closure1.call(CallTestCaseKeyword.groovy)
	at com.kms.katalon.core.keyword.internal.KeywordMain.runKeyword(KeywordMain.groovy:68)
	at com.kms.katalon.core.keyword.builtin.CallTestCaseKeyword.callTestCase(CallTestCaseKeyword.groovy:81)
	at com.kms.katalon.core.keyword.builtin.CallTestCaseKeyword.execute(CallTestCaseKeyword.groovy:44)
	at com.kms.katalon.core.keyword.internal.KeywordExecutor.executeKeywordForPlatform(KeywordExecutor.groovy:72)
	at com.kms.katalon.core.keyword.BuiltinKeywords.callTestCase(BuiltinKeywords.groovy:334)
	at PopulateACDetails.run(PopulateACDetails:42)
	at com.kms.katalon.core.main.ScriptEngine.run(ScriptEngine.java:194)
	at com.kms.katalon.core.main.ScriptEngine.runScriptAsRawText(ScriptEngine.java:119)
	at com.kms.katalon.core.main.TestCaseExecutor.runScript(TestCaseExecutor.java:337)
	at com.kms.katalon.core.main.TestCaseExecutor.doExecute(TestCaseExecutor.java:328)
	at com.kms.katalon.core.main.TestCaseExecutor.processExecutionPhase(TestCaseExecutor.java:307)
	at com.kms.katalon.core.main.TestCaseExecutor.accessMainPhase(TestCaseExecutor.java:299)
	at com.kms.katalon.core.main.TestCaseExecutor.execute(TestCaseExecutor.java:233)
	at com.kms.katalon.core.main.TestCaseMain.runTestCase(TestCaseMain.java:114)
	at com.kms.katalon.core.keyword.builtin.CallTestCaseKeyword$_callTestCase_closure1.doCall(CallTestCaseKeyword.groovy:59)
	at com.kms.katalon.core.keyword.builtin.CallTestCaseKeyword$_callTestCase_closure1.call(CallTestCaseKeyword.groovy)
	at com.kms.katalon.core.keyword.internal.KeywordMain.runKeyword(KeywordMain.groovy:68)
	at com.kms.katalon.core.keyword.builtin.CallTestCaseKeyword.callTestCase(CallTestCaseKeyword.groovy:81)
	at com.kms.katalon.core.keyword.builtin.CallTestCaseKeyword.execute(CallTestCaseKeyword.groovy:44)
	at com.kms.katalon.core.keyword.internal.KeywordExecutor.executeKeywordForPlatform(KeywordExecutor.groovy:72)
	at com.kms.katalon.core.keyword.BuiltinKeywords.callTestCase(BuiltinKeywords.groovy:334)
	at BCAISPS-14661.TCID001.run(BCAISPS-14661.TCID001:52)
	at com.kms.katalon.core.main.ScriptEngine.run(ScriptEngine.java:194)
	at com.kms.katalon.core.main.ScriptEngine.runScriptAsRawText(ScriptEngine.java:119)
	at com.kms.katalon.core.main.TestCaseExecutor.runScript(TestCaseExecutor.java:337)
	at com.kms.katalon.core.main.TestCaseExecutor.doExecute(TestCaseExecutor.java:328)
	at com.kms.katalon.core.main.TestCaseExecutor.processExecutionPhase(TestCaseExecutor.java:307)
	at com.kms.katalon.core.main.TestCaseExecutor.accessMainPhase(TestCaseExecutor.java:299)
	at com.kms.katalon.core.main.TestCaseExecutor.execute(TestCaseExecutor.java:233)
	at com.kms.katalon.core.main.TestSuiteExecutor.accessTestCaseMainPhase(TestSuiteExecutor.java:169)
	at com.kms.katalon.core.main.TestSuiteExecutor.accessTestSuiteMainPhase(TestSuiteExecutor.java:142)
	at com.kms.katalon.core.main.TestSuiteExecutor.execute(TestSuiteExecutor.java:91)
	at com.kms.katalon.core.main.TestCaseMain.startTestSuite(TestCaseMain.java:157)
	at com.kms.katalon.core.main.TestCaseMain$startTestSuite$0.call(Unknown Source)
	at TempTestSuite1589508261822.run(TempTestSuite1589508261822.groovy:36)
Caused by: java.io.FileNotFoundException: C:\Users\19023-RAC\Desktop\ISPS2 Automation\Data Files\Files\ISPS2 DB.xlsx
	at com.kms.katalon.core.testdata.reader.ExcelFactory.getExcelData(ExcelFactory.java:25)
	at com.kms.katalon.core.testdata.reader.ExcelFactory.getExcelDataWithDefaultSheet(ExcelFactory.java:17)
	at com.kms.katalon.core.testdata.reader.ExcelFactory$getExcelDataWithDefaultSheet.call(Unknown Source)
	at AddACDetails.run(AddACDetails:24)
	at com.kms.katalon.core.main.ScriptEngine.run(ScriptEngine.java:194)
	at com.kms.katalon.core.main.ScriptEngine.runScriptAsRawText(ScriptEngine.java:119)
	at com.kms.katalon.core.main.TestCaseExecutor.runScript(TestCaseExecutor.java:337)
	at com.kms.katalon.core.main.TestCaseExecutor.doExecute(TestCaseExecutor.java:328)
	at com.kms.katalon.core.main.TestCaseExecutor.processExecutionPhase(TestCaseExecutor.java:307)
	at com.kms.katalon.core.main.TestCaseExecutor.accessMainPhase(TestCaseExecutor.java:299)
	at com.kms.katalon.core.main.TestCaseExecutor.execute(TestCaseExecutor.java:233)
	at com.kms.katalon.core.main.TestCaseMain.runTestCase(TestCaseMain.java:114)
	at com.kms.katalon.core.keyword.builtin.CallTestCaseKeyword$_callTestCase_closure1.doCall(CallTestCaseKeyword.groovy:59)
	... 36 more
)

2020-05-15 10:06:11 - [TEST_STEP][FAILED] - callTestCase(findTestCase("Components/AddACDetails"), [:], STOP_ON_FAILURE): Unable to call Test Case 'Test Cases/Components/AddACDetails' (Root cause: com.kms.katalon.core.exception.StepErrorException: Call Test Case 'Test Cases/Components/AddACDetails' failed because of error(s)
	at com.kms.katalon.core.keyword.builtin.CallTestCaseKeyword$_callTestCase_closure1.doCall(CallTestCaseKeyword.groovy:66)
	at com.kms.katalon.core.keyword.builtin.CallTestCaseKeyword$_callTestCase_closure1.call(CallTestCaseKeyword.groovy)
	at com.kms.katalon.core.keyword.internal.KeywordMain.runKeyword(KeywordMain.groovy:68)
	at com.kms.katalon.core.keyword.builtin.CallTestCaseKeyword.callTestCase(CallTestCaseKeyword.groovy:81)
	at com.kms.katalon.core.keyword.builtin.CallTestCaseKeyword.execute(CallTestCaseKeyword.groovy:44)
	at com.kms.katalon.core.keyword.internal.KeywordExecutor.executeKeywordForPlatform(KeywordExecutor.groovy:72)
	at com.kms.katalon.core.keyword.BuiltinKeywords.callTestCase(BuiltinKeywords.groovy:334)
	at PopulateACDetails.run(PopulateACDetails:42)
	at com.kms.katalon.core.main.ScriptEngine.run(ScriptEngine.java:194)
	at com.kms.katalon.core.main.ScriptEngine.runScriptAsRawText(ScriptEngine.java:119)
	at com.kms.katalon.core.main.TestCaseExecutor.runScript(TestCaseExecutor.java:337)
	at com.kms.katalon.core.main.TestCaseExecutor.doExecute(TestCaseExecutor.java:328)
	at com.kms.katalon.core.main.TestCaseExecutor.processExecutionPhase(TestCaseExecutor.java:307)
	at com.kms.katalon.core.main.TestCaseExecutor.accessMainPhase(TestCaseExecutor.java:299)
	at com.kms.katalon.core.main.TestCaseExecutor.execute(TestCaseExecutor.java:233)
	at com.kms.katalon.core.main.TestCaseMain.runTestCase(TestCaseMain.java:114)
	at com.kms.katalon.core.keyword.builtin.CallTestCaseKeyword$_callTestCase_closure1.doCall(CallTestCaseKeyword.groovy:59)
	at com.kms.katalon.core.keyword.builtin.CallTestCaseKeyword$_callTestCase_closure1.call(CallTestCaseKeyword.groovy)
	at com.kms.katalon.core.keyword.internal.KeywordMain.runKeyword(KeywordMain.groovy:68)
	at com.kms.katalon.core.keyword.builtin.CallTestCaseKeyword.callTestCase(CallTestCaseKeyword.groovy:81)
	at com.kms.katalon.core.keyword.builtin.CallTestCaseKeyword.execute(CallTestCaseKeyword.groovy:44)
	at com.kms.katalon.core.keyword.internal.KeywordExecutor.executeKeywordForPlatform(KeywordExecutor.groovy:72)
	at com.kms.katalon.core.keyword.BuiltinKeywords.callTestCase(BuiltinKeywords.groovy:334)
	at BCAISPS-14661.TCID001.run(BCAISPS-14661.TCID001:52)
	at com.kms.katalon.core.main.ScriptEngine.run(ScriptEngine.java:194)
	at com.kms.katalon.core.main.ScriptEngine.runScriptAsRawText(ScriptEngine.java:119)
	at com.kms.katalon.core.main.TestCaseExecutor.runScript(TestCaseExecutor.java:337)
	at com.kms.katalon.core.main.TestCaseExecutor.doExecute(TestCaseExecutor.java:328)
	at com.kms.katalon.core.main.TestCaseExecutor.processExecutionPhase(TestCaseExecutor.java:307)
	at com.kms.katalon.core.main.TestCaseExecutor.accessMainPhase(TestCaseExecutor.java:299)
	at com.kms.katalon.core.main.TestCaseExecutor.execute(TestCaseExecutor.java:233)
	at com.kms.katalon.core.main.TestSuiteExecutor.accessTestCaseMainPhase(TestSuiteExecutor.java:169)
	at com.kms.katalon.core.main.TestSuiteExecutor.accessTestSuiteMainPhase(TestSuiteExecutor.java:142)
	at com.kms.katalon.core.main.TestSuiteExecutor.execute(TestSuiteExecutor.java:91)
	at com.kms.katalon.core.main.TestCaseMain.startTestSuite(TestCaseMain.java:157)
	at com.kms.katalon.core.main.TestCaseMain$startTestSuite$0.call(Unknown Source)
	at TempTestSuite1589508261822.run(TempTestSuite1589508261822.groovy:36)
Caused by: java.io.FileNotFoundException: C:\Users\19023-RAC\Desktop\ISPS2 Automation\Data Files\Files\ISPS2 DB.xlsx
	at com.kms.katalon.core.testdata.reader.ExcelFactory.getExcelData(ExcelFactory.java:25)
	at com.kms.katalon.core.testdata.reader.ExcelFactory.getExcelDataWithDefaultSheet(ExcelFactory.java:17)
	at com.kms.katalon.core.testdata.reader.ExcelFactory$getExcelDataWithDefaultSheet.call(Unknown Source)
	at AddACDetails.run(AddACDetails:24)
	at com.kms.katalon.core.main.ScriptEngine.run(ScriptEngine.java:194)
	at com.kms.katalon.core.main.ScriptEngine.runScriptAsRawText(ScriptEngine.java:119)
	at com.kms.katalon.core.main.TestCaseExecutor.runScript(TestCaseExecutor.java:337)
	at com.kms.katalon.core.main.TestCaseExecutor.doExecute(TestCaseExecutor.java:328)
	at com.kms.katalon.core.main.TestCaseExecutor.processExecutionPhase(TestCaseExecutor.java:307)
	at com.kms.katalon.core.main.TestCaseExecutor.accessMainPhase(TestCaseExecutor.java:299)
	at com.kms.katalon.core.main.TestCaseExecutor.execute(TestCaseExecutor.java:233)
	at com.kms.katalon.core.main.TestCaseMain.runTestCase(TestCaseMain.java:114)
	at com.kms.katalon.core.keyword.builtin.CallTestCaseKeyword$_callTestCase_closure1.doCall(CallTestCaseKeyword.groovy:59)
	... 36 more
)

2020-05-15 10:06:11 - [TEST_CASE][ERROR] - Test Cases/Components/AddACDetails: Test Cases/Components/AddACDetails FAILED.
Reason:
java.io.FileNotFoundException: C:\Users\19023-RAC\Desktop\ISPS2 Automation\Data Files\Files\ISPS2 DB.xlsx
	at com.kms.katalon.core.testdata.reader.ExcelFactory.getExcelData(ExcelFactory.java:25)
	at com.kms.katalon.core.testdata.reader.ExcelFactory.getExcelDataWithDefaultSheet(ExcelFactory.java:17)
	at com.kms.katalon.core.testdata.reader.ExcelFactory$getExcelDataWithDefaultSheet.call(Unknown Source)
	at AddACDetails.run(AddACDetails:24)
	at com.kms.katalon.core.main.ScriptEngine.run(ScriptEngine.java:194)
	at com.kms.katalon.core.main.ScriptEngine.runScriptAsRawText(ScriptEngine.java:119)
	at com.kms.katalon.core.main.TestCaseExecutor.runScript(TestCaseExecutor.java:337)
	at com.kms.katalon.core.main.TestCaseExecutor.doExecute(TestCaseExecutor.java:328)
	at com.kms.katalon.core.main.TestCaseExecutor.processExecutionPhase(TestCaseExecutor.java:307)
	at com.kms.katalon.core.main.TestCaseExecutor.accessMainPhase(TestCaseExecutor.java:299)
	at com.kms.katalon.core.main.TestCaseExecutor.execute(TestCaseExecutor.java:233)
	at com.kms.katalon.core.main.TestCaseMain.runTestCase(TestCaseMain.java:114)
	at com.kms.katalon.core.keyword.builtin.CallTestCaseKeyword$_callTestCase_closure1.doCall(CallTestCaseKeyword.groovy:59)
	at com.kms.katalon.core.keyword.builtin.CallTestCaseKeyword$_callTestCase_closure1.call(CallTestCaseKeyword.groovy)
	at com.kms.katalon.core.keyword.internal.KeywordMain.runKeyword(KeywordMain.groovy:68)
	at com.kms.katalon.core.keyword.builtin.CallTestCaseKeyword.callTestCase(CallTestCaseKeyword.groovy:81)
	at com.kms.katalon.core.keyword.builtin.CallTestCaseKeyword.execute(CallTestCaseKeyword.groovy:44)
	at com.kms.katalon.core.keyword.internal.KeywordExecutor.executeKeywordForPlatform(KeywordExecutor.groovy:72)
	at com.kms.katalon.core.keyword.BuiltinKeywords.callTestCase(BuiltinKeywords.groovy:334)
	at PopulateACDetails.run(PopulateACDetails:42)
	at com.kms.katalon.core.main.ScriptEngine.run(ScriptEngine.java:194)
	at com.kms.katalon.core.main.ScriptEngine.runScriptAsRawText(ScriptEngine.java:119)
	at com.kms.katalon.core.main.TestCaseExecutor.runScript(TestCaseExecutor.java:337)
	at com.kms.katalon.core.main.TestCaseExecutor.doExecute(TestCaseExecutor.java:328)
	at com.kms.katalon.core.main.TestCaseExecutor.processExecutionPhase(TestCaseExecutor.java:307)
	at com.kms.katalon.core.main.TestCaseExecutor.accessMainPhase(TestCaseExecutor.java:299)
	at com.kms.katalon.core.main.TestCaseExecutor.execute(TestCaseExecutor.java:233)
	at com.kms.katalon.core.main.TestCaseMain.runTestCase(TestCaseMain.java:114)
	at com.kms.katalon.core.keyword.builtin.CallTestCaseKeyword$_callTestCase_closure1.doCall(CallTestCaseKeyword.groovy:59)
	at com.kms.katalon.core.keyword.builtin.CallTestCaseKeyword$_callTestCase_closure1.call(CallTestCaseKeyword.groovy)
	at com.kms.katalon.core.keyword.internal.KeywordMain.runKeyword(KeywordMain.groovy:68)
	at com.kms.katalon.core.keyword.builtin.CallTestCaseKeyword.callTestCase(CallTestCaseKeyword.groovy:81)
	at com.kms.katalon.core.keyword.builtin.CallTestCaseKeyword.execute(CallTestCaseKeyword.groovy:44)
	at com.kms.katalon.core.keyword.internal.KeywordExecutor.executeKeywordForPlatform(KeywordExecutor.groovy:72)
	at com.kms.katalon.core.keyword.BuiltinKeywords.callTestCase(BuiltinKeywords.groovy:334)
	at BCAISPS-14661.TCID001.run(BCAISPS-14661.TCID001:52)
	at com.kms.katalon.core.main.ScriptEngine.run(ScriptEngine.java:194)
	at com.kms.katalon.core.main.ScriptEngine.runScriptAsRawText(ScriptEngine.java:119)
	at com.kms.katalon.core.main.TestCaseExecutor.runScript(TestCaseExecutor.java:337)
	at com.kms.katalon.core.main.TestCaseExecutor.doExecute(TestCaseExecutor.java:328)
	at com.kms.katalon.core.main.TestCaseExecutor.processExecutionPhase(TestCaseExecutor.java:307)
	at com.kms.katalon.core.main.TestCaseExecutor.accessMainPhase(TestCaseExecutor.java:299)
	at com.kms.katalon.core.main.TestCaseExecutor.execute(TestCaseExecutor.java:233)
	at com.kms.katalon.core.main.TestSuiteExecutor.accessTestCaseMainPhase(TestSuiteExecutor.java:169)
	at com.kms.katalon.core.main.TestSuiteExecutor.accessTestSuiteMainPhase(TestSuiteExecutor.java:142)
	at com.kms.katalon.core.main.TestSuiteExecutor.execute(TestSuiteExecutor.java:91)
	at com.kms.katalon.core.main.TestCaseMain.startTestSuite(TestCaseMain.java:157)
	at com.kms.katalon.core.main.TestCaseMain$startTestSuite$0.call(Unknown Source)
	at TempTestSuite1589508261822.run(TempTestSuite1589508261822.groovy:36)


2020-05-15 10:06:12 - [TEST_STEP][PASSED] - enableSmartWait(): null

2020-05-15 10:06:12 - [TEST_STEP][PASSED] - ManageACTD = getExcelDataWithDefaultSheet(DBPath, SheetName, true): null

2020-05-15 10:06:12 - [MESSAGE][FAILED] - Unable to call Test Case 'Test Cases/Components/AddACDetails' (Root cause: com.kms.katalon.core.exception.StepErrorException: Call Test Case 'Test Cases/Components/AddACDetails' failed because of error(s)
	at com.kms.katalon.core.keyword.builtin.CallTestCaseKeyword$_callTestCase_closure1.doCall(CallTestCaseKeyword.groovy:66)
	at com.kms.katalon.core.keyword.builtin.CallTestCaseKeyword$_callTestCase_closure1.call(CallTestCaseKeyword.groovy)
	at com.kms.katalon.core.keyword.internal.KeywordMain.runKeyword(KeywordMain.groovy:68)
	at com.kms.katalon.core.keyword.builtin.CallTestCaseKeyword.callTestCase(CallTestCaseKeyword.groovy:81)
	at com.kms.katalon.core.keyword.builtin.CallTestCaseKeyword.execute(CallTestCaseKeyword.groovy:44)
	at com.kms.katalon.core.keyword.internal.KeywordExecutor.executeKeywordForPlatform(KeywordExecutor.groovy:72)
	at com.kms.katalon.core.keyword.BuiltinKeywords.callTestCase(BuiltinKeywords.groovy:334)
	at PopulateACDetails.run(PopulateACDetails:42)
	at com.kms.katalon.core.main.ScriptEngine.run(ScriptEngine.java:194)
	at com.kms.katalon.core.main.ScriptEngine.runScriptAsRawText(ScriptEngine.java:119)
	at com.kms.katalon.core.main.TestCaseExecutor.runScript(TestCaseExecutor.java:337)
	at com.kms.katalon.core.main.TestCaseExecutor.doExecute(TestCaseExecutor.java:328)
	at com.kms.katalon.core.main.TestCaseExecutor.processExecutionPhase(TestCaseExecutor.java:307)
	at com.kms.katalon.core.main.TestCaseExecutor.accessMainPhase(TestCaseExecutor.java:299)
	at com.kms.katalon.core.main.TestCaseExecutor.execute(TestCaseExecutor.java:233)
	at com.kms.katalon.core.main.TestCaseMain.runTestCase(TestCaseMain.java:114)
	at com.kms.katalon.core.keyword.builtin.CallTestCaseKeyword$_callTestCase_closure1.doCall(CallTestCaseKeyword.groovy:59)
	at com.kms.katalon.core.keyword.builtin.CallTestCaseKeyword$_callTestCase_closure1.call(CallTestCaseKeyword.groovy)
	at com.kms.katalon.core.keyword.internal.KeywordMain.runKeyword(KeywordMain.groovy:68)
	at com.kms.katalon.core.keyword.builtin.CallTestCaseKeyword.callTestCase(CallTestCaseKeyword.groovy:81)
	at com.kms.katalon.core.keyword.builtin.CallTestCaseKeyword.execute(CallTestCaseKeyword.groovy:44)
	at com.kms.katalon.core.keyword.internal.KeywordExecutor.executeKeywordForPlatform(KeywordExecutor.groovy:72)
	at com.kms.katalon.core.keyword.BuiltinKeywords.callTestCase(BuiltinKeywords.groovy:334)
	at BCAISPS-14661.TCID001.run(BCAISPS-14661.TCID001:52)
	at com.kms.katalon.core.main.ScriptEngine.run(ScriptEngine.java:194)
	at com.kms.katalon.core.main.ScriptEngine.runScriptAsRawText(ScriptEngine.java:119)
	at com.kms.katalon.core.main.TestCaseExecutor.runScript(TestCaseExecutor.java:337)
	at com.kms.katalon.core.main.TestCaseExecutor.doExecute(TestCaseExecutor.java:328)
	at com.kms.katalon.core.main.TestCaseExecutor.processExecutionPhase(TestCaseExecutor.java:307)
	at com.kms.katalon.core.main.TestCaseExecutor.accessMainPhase(TestCaseExecutor.java:299)
	at com.kms.katalon.core.main.TestCaseExecutor.execute(TestCaseExecutor.java:233)
	at com.kms.katalon.core.main.TestSuiteExecutor.accessTestCaseMainPhase(TestSuiteExecutor.java:169)
	at com.kms.katalon.core.main.TestSuiteExecutor.accessTestSuiteMainPhase(TestSuiteExecutor.java:142)
	at com.kms.katalon.core.main.TestSuiteExecutor.execute(TestSuiteExecutor.java:91)
	at com.kms.katalon.core.main.TestCaseMain.startTestSuite(TestCaseMain.java:157)
	at com.kms.katalon.core.main.TestCaseMain$startTestSuite$0.call(Unknown Source)
	at TempTestSuite1589508261822.run(TempTestSuite1589508261822.groovy:36)
Caused by: java.io.FileNotFoundException: C:\Users\19023-RAC\Desktop\ISPS2 Automation\Data Files\Files\ISPS2 DB.xlsx
	at com.kms.katalon.core.testdata.reader.ExcelFactory.getExcelData(ExcelFactory.java:25)
	at com.kms.katalon.core.testdata.reader.ExcelFactory.getExcelDataWithDefaultSheet(ExcelFactory.java:17)
	at com.kms.katalon.core.testdata.reader.ExcelFactory$getExcelDataWithDefaultSheet.call(Unknown Source)
	at AddACDetails.run(AddACDetails:24)
	at com.kms.katalon.core.main.ScriptEngine.run(ScriptEngine.java:194)
	at com.kms.katalon.core.main.ScriptEngine.runScriptAsRawText(ScriptEngine.java:119)
	at com.kms.katalon.core.main.TestCaseExecutor.runScript(TestCaseExecutor.java:337)
	at com.kms.katalon.core.main.TestCaseExecutor.doExecute(TestCaseExecutor.java:328)
	at com.kms.katalon.core.main.TestCaseExecutor.processExecutionPhase(TestCaseExecutor.java:307)
	at com.kms.katalon.core.main.TestCaseExecutor.accessMainPhase(TestCaseExecutor.java:299)
	at com.kms.katalon.core.main.TestCaseExecutor.execute(TestCaseExecutor.java:233)
	at com.kms.katalon.core.main.TestCaseMain.runTestCase(TestCaseMain.java:114)
	at com.kms.katalon.core.keyword.builtin.CallTestCaseKeyword$_callTestCase_closure1.doCall(CallTestCaseKeyword.groovy:59)
	... 36 more
)

2020-05-15 10:06:12 - [MESSAGE][FAILED] - Unable to call Test Case 'Test Cases/Components/PopulateACDetails' (Root cause: com.kms.katalon.core.exception.StepErrorException: Call Test Case 'Test Cases/Components/PopulateACDetails' failed because of error(s)
	at com.kms.katalon.core.keyword.builtin.CallTestCaseKeyword$_callTestCase_closure1.doCall(CallTestCaseKeyword.groovy:66)
	at com.kms.katalon.core.keyword.builtin.CallTestCaseKeyword$_callTestCase_closure1.call(CallTestCaseKeyword.groovy)
	at com.kms.katalon.core.keyword.internal.KeywordMain.runKeyword(KeywordMain.groovy:68)
	at com.kms.katalon.core.keyword.builtin.CallTestCaseKeyword.callTestCase(CallTestCaseKeyword.groovy:81)
	at com.kms.katalon.core.keyword.builtin.CallTestCaseKeyword.execute(CallTestCaseKeyword.groovy:44)
	at com.kms.katalon.core.keyword.internal.KeywordExecutor.executeKeywordForPlatform(KeywordExecutor.groovy:72)
	at com.kms.katalon.core.keyword.BuiltinKeywords.callTestCase(BuiltinKeywords.groovy:334)
	at BCAISPS-14661.TCID001.run(BCAISPS-14661.TCID001:52)
	at com.kms.katalon.core.main.ScriptEngine.run(ScriptEngine.java:194)
	at com.kms.katalon.core.main.ScriptEngine.runScriptAsRawText(ScriptEngine.java:119)
	at com.kms.katalon.core.main.TestCaseExecutor.runScript(TestCaseExecutor.java:337)
	at com.kms.katalon.core.main.TestCaseExecutor.doExecute(TestCaseExecutor.java:328)
	at com.kms.katalon.core.main.TestCaseExecutor.processExecutionPhase(TestCaseExecutor.java:307)
	at com.kms.katalon.core.main.TestCaseExecutor.accessMainPhase(TestCaseExecutor.java:299)
	at com.kms.katalon.core.main.TestCaseExecutor.execute(TestCaseExecutor.java:233)
	at com.kms.katalon.core.main.TestSuiteExecutor.accessTestCaseMainPhase(TestSuiteExecutor.java:169)
	at com.kms.katalon.core.main.TestSuiteExecutor.accessTestSuiteMainPhase(TestSuiteExecutor.java:142)
	at com.kms.katalon.core.main.TestSuiteExecutor.execute(TestSuiteExecutor.java:91)
	at com.kms.katalon.core.main.TestCaseMain.startTestSuite(TestCaseMain.java:157)
	at com.kms.katalon.core.main.TestCaseMain$startTestSuite$0.call(Unknown Source)
	at TempTestSuite1589508261822.run(TempTestSuite1589508261822.groovy:36)
Caused by: com.kms.katalon.core.exception.StepErrorException: Call Test Case 'Test Cases/Components/AddACDetails' failed because of error(s)
	at com.kms.katalon.core.keyword.builtin.CallTestCaseKeyword$_callTestCase_closure1.doCall(CallTestCaseKeyword.groovy:66)
	at com.kms.katalon.core.keyword.builtin.CallTestCaseKeyword$_callTestCase_closure1.call(CallTestCaseKeyword.groovy)
	at com.kms.katalon.core.keyword.internal.KeywordMain.runKeyword(KeywordMain.groovy:68)
	at com.kms.katalon.core.keyword.builtin.CallTestCaseKeyword.callTestCase(CallTestCaseKeyword.groovy:81)
	at com.kms.katalon.core.keyword.builtin.CallTestCaseKeyword.execute(CallTestCaseKeyword.groovy:44)
	at com.kms.katalon.core.keyword.internal.KeywordExecutor.executeKeywordForPlatform(KeywordExecutor.groovy:72)
	at com.kms.katalon.core.keyword.BuiltinKeywords.callTestCase(BuiltinKeywords.groovy:334)
	at PopulateACDetails.run(PopulateACDetails:42)
	at com.kms.katalon.core.main.ScriptEngine.run(ScriptEngine.java:194)
	at com.kms.katalon.core.main.ScriptEngine.runScriptAsRawText(ScriptEngine.java:119)
	at com.kms.katalon.core.main.TestCaseExecutor.runScript(TestCaseExecutor.java:337)
	at com.kms.katalon.core.main.TestCaseExecutor.doExecute(TestCaseExecutor.java:328)
	at com.kms.katalon.core.main.TestCaseExecutor.processExecutionPhase(TestCaseExecutor.java:307)
	at com.kms.katalon.core.main.TestCaseExecutor.accessMainPhase(TestCaseExecutor.java:299)
	at com.kms.katalon.core.main.TestCaseExecutor.execute(TestCaseExecutor.java:233)
	at com.kms.katalon.core.main.TestCaseMain.runTestCase(TestCaseMain.java:114)
	at com.kms.katalon.core.keyword.builtin.CallTestCaseKeyword$_callTestCase_closure1.doCall(CallTestCaseKeyword.groovy:59)
	... 20 more
Caused by: java.io.FileNotFoundException: C:\Users\19023-RAC\Desktop\ISPS2 Automation\Data Files\Files\ISPS2 DB.xlsx
	at com.kms.katalon.core.testdata.reader.ExcelFactory.getExcelData(ExcelFactory.java:25)
	at com.kms.katalon.core.testdata.reader.ExcelFactory.getExcelDataWithDefaultSheet(ExcelFactory.java:17)
	at com.kms.katalon.core.testdata.reader.ExcelFactory$getExcelDataWithDefaultSheet.call(Unknown Source)
	at AddACDetails.run(AddACDetails:24)
	at com.kms.katalon.core.main.ScriptEngine.run(ScriptEngine.java:194)
	at com.kms.katalon.core.main.ScriptEngine.runScriptAsRawText(ScriptEngine.java:119)
	at com.kms.katalon.core.main.TestCaseExecutor.runScript(TestCaseExecutor.java:337)
	at com.kms.katalon.core.main.TestCaseExecutor.doExecute(TestCaseExecutor.java:328)
	at com.kms.katalon.core.main.TestCaseExecutor.processExecutionPhase(TestCaseExecutor.java:307)
	at com.kms.katalon.core.main.TestCaseExecutor.accessMainPhase(TestCaseExecutor.java:299)
	at com.kms.katalon.core.main.TestCaseExecutor.execute(TestCaseExecutor.java:233)
	at com.kms.katalon.core.main.TestCaseMain.runTestCase(TestCaseMain.java:114)
	at com.kms.katalon.core.keyword.builtin.CallTestCaseKeyword$_callTestCase_closure1.doCall(CallTestCaseKeyword.groovy:59)
	... 36 more
)]]></system-out>
         <system-err><![CDATA[2020-05-15 10:04:37 - [TEST_CASE][ERROR] - Test Cases/Jira/BE/Utilities/BCAISPS-14661/BCAISPS-14661.TCID001: Test Cases/Jira/BE/Utilities/BCAISPS-14661/BCAISPS-14661.TCID001 FAILED.
Reason:
com.kms.katalon.core.exception.StepErrorException: Call Test Case 'Test Cases/Components/PopulateACDetails' failed because of error(s)
	at com.kms.katalon.core.keyword.builtin.CallTestCaseKeyword$_callTestCase_closure1.doCall(CallTestCaseKeyword.groovy:66)
	at com.kms.katalon.core.keyword.builtin.CallTestCaseKeyword$_callTestCase_closure1.call(CallTestCaseKeyword.groovy)
	at com.kms.katalon.core.keyword.internal.KeywordMain.runKeyword(KeywordMain.groovy:68)
	at com.kms.katalon.core.keyword.builtin.CallTestCaseKeyword.callTestCase(CallTestCaseKeyword.groovy:81)
	at com.kms.katalon.core.keyword.builtin.CallTestCaseKeyword.execute(CallTestCaseKeyword.groovy:44)
	at com.kms.katalon.core.keyword.internal.KeywordExecutor.executeKeywordForPlatform(KeywordExecutor.groovy:72)
	at com.kms.katalon.core.keyword.BuiltinKeywords.callTestCase(BuiltinKeywords.groovy:334)
	at BCAISPS-14661.TCID001.run(BCAISPS-14661.TCID001:52)
	at com.kms.katalon.core.main.ScriptEngine.run(ScriptEngine.java:194)
	at com.kms.katalon.core.main.ScriptEngine.runScriptAsRawText(ScriptEngine.java:119)
	at com.kms.katalon.core.main.TestCaseExecutor.runScript(TestCaseExecutor.java:337)
	at com.kms.katalon.core.main.TestCaseExecutor.doExecute(TestCaseExecutor.java:328)
	at com.kms.katalon.core.main.TestCaseExecutor.processExecutionPhase(TestCaseExecutor.java:307)
	at com.kms.katalon.core.main.TestCaseExecutor.accessMainPhase(TestCaseExecutor.java:299)
	at com.kms.katalon.core.main.TestCaseExecutor.execute(TestCaseExecutor.java:233)
	at com.kms.katalon.core.main.TestSuiteExecutor.accessTestCaseMainPhase(TestSuiteExecutor.java:169)
	at com.kms.katalon.core.main.TestSuiteExecutor.accessTestSuiteMainPhase(TestSuiteExecutor.java:142)
	at com.kms.katalon.core.main.TestSuiteExecutor.execute(TestSuiteExecutor.java:91)
	at com.kms.katalon.core.main.TestCaseMain.startTestSuite(TestCaseMain.java:157)
	at com.kms.katalon.core.main.TestCaseMain$startTestSuite$0.call(Unknown Source)
	at TempTestSuite1589508261822.run(TempTestSuite1589508261822.groovy:36)
Caused by: com.kms.katalon.core.exception.StepErrorException: Call Test Case 'Test Cases/Components/AddACDetails' failed because of error(s)
	at com.kms.katalon.core.keyword.builtin.CallTestCaseKeyword$_callTestCase_closure1.doCall(CallTestCaseKeyword.groovy:66)
	at com.kms.katalon.core.keyword.builtin.CallTestCaseKeyword$_callTestCase_closure1.call(CallTestCaseKeyword.groovy)
	at com.kms.katalon.core.keyword.internal.KeywordMain.runKeyword(KeywordMain.groovy:68)
	at com.kms.katalon.core.keyword.builtin.CallTestCaseKeyword.callTestCase(CallTestCaseKeyword.groovy:81)
	at com.kms.katalon.core.keyword.builtin.CallTestCaseKeyword.execute(CallTestCaseKeyword.groovy:44)
	at com.kms.katalon.core.keyword.internal.KeywordExecutor.executeKeywordForPlatform(KeywordExecutor.groovy:72)
	at com.kms.katalon.core.keyword.BuiltinKeywords.callTestCase(BuiltinKeywords.groovy:334)
	at PopulateACDetails.run(PopulateACDetails:42)
	at com.kms.katalon.core.main.ScriptEngine.run(ScriptEngine.java:194)
	at com.kms.katalon.core.main.ScriptEngine.runScriptAsRawText(ScriptEngine.java:119)
	at com.kms.katalon.core.main.TestCaseExecutor.runScript(TestCaseExecutor.java:337)
	at com.kms.katalon.core.main.TestCaseExecutor.doExecute(TestCaseExecutor.java:328)
	at com.kms.katalon.core.main.TestCaseExecutor.processExecutionPhase(TestCaseExecutor.java:307)
	at com.kms.katalon.core.main.TestCaseExecutor.accessMainPhase(TestCaseExecutor.java:299)
	at com.kms.katalon.core.main.TestCaseExecutor.execute(TestCaseExecutor.java:233)
	at com.kms.katalon.core.main.TestCaseMain.runTestCase(TestCaseMain.java:114)
	at com.kms.katalon.core.keyword.builtin.CallTestCaseKeyword$_callTestCase_closure1.doCall(CallTestCaseKeyword.groovy:59)
	... 20 more
Caused by: java.io.FileNotFoundException: C:\Users\19023-RAC\Desktop\ISPS2 Automation\Data Files\Files\ISPS2 DB.xlsx
	at com.kms.katalon.core.testdata.reader.ExcelFactory.getExcelData(ExcelFactory.java:25)
	at com.kms.katalon.core.testdata.reader.ExcelFactory.getExcelDataWithDefaultSheet(ExcelFactory.java:17)
	at com.kms.katalon.core.testdata.reader.ExcelFactory$getExcelDataWithDefaultSheet.call(Unknown Source)
	at AddACDetails.run(AddACDetails:24)
	at com.kms.katalon.core.main.ScriptEngine.run(ScriptEngine.java:194)
	at com.kms.katalon.core.main.ScriptEngine.runScriptAsRawText(ScriptEngine.java:119)
	at com.kms.katalon.core.main.TestCaseExecutor.runScript(TestCaseExecutor.java:337)
	at com.kms.katalon.core.main.TestCaseExecutor.doExecute(TestCaseExecutor.java:328)
	at com.kms.katalon.core.main.TestCaseExecutor.processExecutionPhase(TestCaseExecutor.java:307)
	at com.kms.katalon.core.main.TestCaseExecutor.accessMainPhase(TestCaseExecutor.java:299)
	at com.kms.katalon.core.main.TestCaseExecutor.execute(TestCaseExecutor.java:233)
	at com.kms.katalon.core.main.TestCaseMain.runTestCase(TestCaseMain.java:114)
	at com.kms.katalon.core.keyword.builtin.CallTestCaseKeyword$_callTestCase_closure1.doCall(CallTestCaseKeyword.groovy:59)
	... 36 more]]></system-err>
      </testcase>
      <testcase name="Test Cases/Jira/BE/Utilities/BCAISPS-14664/BCAISPS-14664.TCID001" time="222.255" classname="Test Cases/Jira/BE/Utilities/BCAISPS-14664/BCAISPS-14664.TCID001" status="ERROR">
         <error type="ERROR" message="Test Cases/Jira/BE/Utilities/BCAISPS-14664/BCAISPS-14664.TCID001 FAILED.
Reason:
com.kms.katalon.core.exception.StepErrorException: Call Test Case 'Test Cases/Components/SetTextOnFieldUsingID' failed because of error(s)
	at com.kms.katalon.core.keyword.builtin.CallTestCaseKeyword$_callTestCase_closure1.doCall(CallTestCaseKeyword.groovy:66)
	at com.kms.katalon.core.keyword.builtin.CallTestCaseKeyword$_callTestCase_closure1.call(CallTestCaseKeyword.groovy)
	at com.kms.katalon.core.keyword.internal.KeywordMain.runKeyword(KeywordMain.groovy:68)
	at com.kms.katalon.core.keyword.builtin.CallTestCaseKeyword.callTestCase(CallTestCaseKeyword.groovy:81)
	at com.kms.katalon.core.keyword.builtin.CallTestCaseKeyword.execute(CallTestCaseKeyword.groovy:44)
	at com.kms.katalon.core.keyword.internal.KeywordExecutor.executeKeywordForPlatform(KeywordExecutor.groovy:72)
	at com.kms.katalon.core.keyword.BuiltinKeywords.callTestCase(BuiltinKeywords.groovy:334)
	at BCAISPS-14664.TCID001.run(BCAISPS-14664.TCID001:86)
	at com.kms.katalon.core.main.ScriptEngine.run(ScriptEngine.java:194)
	at com.kms.katalon.core.main.ScriptEngine.runScriptAsRawText(ScriptEngine.java:119)
	at com.kms.katalon.core.main.TestCaseExecutor.runScript(TestCaseExecutor.java:337)
	at com.kms.katalon.core.main.TestCaseExecutor.doExecute(TestCaseExecutor.java:328)
	at com.kms.katalon.core.main.TestCaseExecutor.processExecutionPhase(TestCaseExecutor.java:307)
	at com.kms.katalon.core.main.TestCaseExecutor.accessMainPhase(TestCaseExecutor.java:299)
	at com.kms.katalon.core.main.TestCaseExecutor.execute(TestCaseExecutor.java:233)
	at com.kms.katalon.core.main.TestSuiteExecutor.accessTestCaseMainPhase(TestSuiteExecutor.java:169)
	at com.kms.katalon.core.main.TestSuiteExecutor.accessTestSuiteMainPhase(TestSuiteExecutor.java:142)
	at com.kms.katalon.core.main.TestSuiteExecutor.execute(TestSuiteExecutor.java:91)
	at com.kms.katalon.core.main.TestCaseMain.startTestSuite(TestCaseMain.java:157)
	at com.kms.katalon.core.main.TestCaseMain$startTestSuite$0.call(Unknown Source)
	at TempTestSuite1589508261822.run(TempTestSuite1589508261822.groovy:36)
Caused by: org.codehaus.groovy.runtime.InvokerInvocationException: java.lang.AssertionError: Web element with id: 'Object Repository/Objects.SetTextOnField/Page_ISPS2/sampleFieldwithIndex' located by 'By.xpath: //*[@id = 'NovaTextField-1964-inputEl']' not found
	at com.reusableComponents.HighlightElement.invokeMethod(HighlightElement.groovy)
	at com.kms.katalon.core.main.CustomKeywordDelegatingMetaClass.invokeStaticMethod(CustomKeywordDelegatingMetaClass.java:50)
	at SetTextOnFieldUsingID.run(SetTextOnFieldUsingID:34)
	at com.kms.katalon.core.main.ScriptEngine.run(ScriptEngine.java:194)
	at com.kms.katalon.core.main.ScriptEngine.runScriptAsRawText(ScriptEngine.java:119)
	at com.kms.katalon.core.main.TestCaseExecutor.runScript(TestCaseExecutor.java:337)
	at com.kms.katalon.core.main.TestCaseExecutor.doExecute(TestCaseExecutor.java:328)
	at com.kms.katalon.core.main.TestCaseExecutor.processExecutionPhase(TestCaseExecutor.java:307)
	at com.kms.katalon.core.main.TestCaseExecutor.accessMainPhase(TestCaseExecutor.java:299)
	at com.kms.katalon.core.main.TestCaseExecutor.execute(TestCaseExecutor.java:233)
	at com.kms.katalon.core.main.TestCaseMain.runTestCase(TestCaseMain.java:114)
	at com.kms.katalon.core.keyword.builtin.CallTestCaseKeyword$_callTestCase_closure1.doCall(CallTestCaseKeyword.groovy:59)
	... 20 more
Caused by: java.lang.AssertionError: Web element with id: 'Object Repository/Objects.SetTextOnField/Page_ISPS2/sampleFieldwithIndex' located by 'By.xpath: //*[@id = 'NovaTextField-1964-inputEl']' not found
	at org.testng.Assert.fail(Assert.java:93)
	at org.testng.Assert$fail.call(Unknown Source)
	at com.reusableComponents.HighlightElement.run(HighlightElement.groovy:27)
	... 32 more
"/>
         <system-out><![CDATA[2020-05-15 10:06:12 - [TEST_CASE][ERROR] - Test Cases/Jira/BE/Utilities/BCAISPS-14664/BCAISPS-14664.TCID001: Test Cases/Jira/BE/Utilities/BCAISPS-14664/BCAISPS-14664.TCID001 FAILED.
Reason:
com.kms.katalon.core.exception.StepErrorException: Call Test Case 'Test Cases/Components/SetTextOnFieldUsingID' failed because of error(s)
	at com.kms.katalon.core.keyword.builtin.CallTestCaseKeyword$_callTestCase_closure1.doCall(CallTestCaseKeyword.groovy:66)
	at com.kms.katalon.core.keyword.builtin.CallTestCaseKeyword$_callTestCase_closure1.call(CallTestCaseKeyword.groovy)
	at com.kms.katalon.core.keyword.internal.KeywordMain.runKeyword(KeywordMain.groovy:68)
	at com.kms.katalon.core.keyword.builtin.CallTestCaseKeyword.callTestCase(CallTestCaseKeyword.groovy:81)
	at com.kms.katalon.core.keyword.builtin.CallTestCaseKeyword.execute(CallTestCaseKeyword.groovy:44)
	at com.kms.katalon.core.keyword.internal.KeywordExecutor.executeKeywordForPlatform(KeywordExecutor.groovy:72)
	at com.kms.katalon.core.keyword.BuiltinKeywords.callTestCase(BuiltinKeywords.groovy:334)
	at BCAISPS-14664.TCID001.run(BCAISPS-14664.TCID001:86)
	at com.kms.katalon.core.main.ScriptEngine.run(ScriptEngine.java:194)
	at com.kms.katalon.core.main.ScriptEngine.runScriptAsRawText(ScriptEngine.java:119)
	at com.kms.katalon.core.main.TestCaseExecutor.runScript(TestCaseExecutor.java:337)
	at com.kms.katalon.core.main.TestCaseExecutor.doExecute(TestCaseExecutor.java:328)
	at com.kms.katalon.core.main.TestCaseExecutor.processExecutionPhase(TestCaseExecutor.java:307)
	at com.kms.katalon.core.main.TestCaseExecutor.accessMainPhase(TestCaseExecutor.java:299)
	at com.kms.katalon.core.main.TestCaseExecutor.execute(TestCaseExecutor.java:233)
	at com.kms.katalon.core.main.TestSuiteExecutor.accessTestCaseMainPhase(TestSuiteExecutor.java:169)
	at com.kms.katalon.core.main.TestSuiteExecutor.accessTestSuiteMainPhase(TestSuiteExecutor.java:142)
	at com.kms.katalon.core.main.TestSuiteExecutor.execute(TestSuiteExecutor.java:91)
	at com.kms.katalon.core.main.TestCaseMain.startTestSuite(TestCaseMain.java:157)
	at com.kms.katalon.core.main.TestCaseMain$startTestSuite$0.call(Unknown Source)
	at TempTestSuite1589508261822.run(TempTestSuite1589508261822.groovy:36)
Caused by: org.codehaus.groovy.runtime.InvokerInvocationException: java.lang.AssertionError: Web element with id: 'Object Repository/Objects.SetTextOnField/Page_ISPS2/sampleFieldwithIndex' located by 'By.xpath: //*[@id = 'NovaTextField-1964-inputEl']' not found
	at com.reusableComponents.HighlightElement.invokeMethod(HighlightElement.groovy)
	at com.kms.katalon.core.main.CustomKeywordDelegatingMetaClass.invokeStaticMethod(CustomKeywordDelegatingMetaClass.java:50)
	at SetTextOnFieldUsingID.run(SetTextOnFieldUsingID:34)
	at com.kms.katalon.core.main.ScriptEngine.run(ScriptEngine.java:194)
	at com.kms.katalon.core.main.ScriptEngine.runScriptAsRawText(ScriptEngine.java:119)
	at com.kms.katalon.core.main.TestCaseExecutor.runScript(TestCaseExecutor.java:337)
	at com.kms.katalon.core.main.TestCaseExecutor.doExecute(TestCaseExecutor.java:328)
	at com.kms.katalon.core.main.TestCaseExecutor.processExecutionPhase(TestCaseExecutor.java:307)
	at com.kms.katalon.core.main.TestCaseExecutor.accessMainPhase(TestCaseExecutor.java:299)
	at com.kms.katalon.core.main.TestCaseExecutor.execute(TestCaseExecutor.java:233)
	at com.kms.katalon.core.main.TestCaseMain.runTestCase(TestCaseMain.java:114)
	at com.kms.katalon.core.keyword.builtin.CallTestCaseKeyword$_callTestCase_closure1.doCall(CallTestCaseKeyword.groovy:59)
	... 20 more
Caused by: java.lang.AssertionError: Web element with id: 'Object Repository/Objects.SetTextOnField/Page_ISPS2/sampleFieldwithIndex' located by 'By.xpath: //*[@id = 'NovaTextField-1964-inputEl']' not found
	at org.testng.Assert.fail(Assert.java:93)
	at org.testng.Assert$fail.call(Unknown Source)
	at com.reusableComponents.HighlightElement.run(HighlightElement.groovy:27)
	... 32 more


2020-05-15 10:06:13 - [TEST_STEP][PASSED] - callTestCase(findTestCase("Components/LoginV2.0"), ["LinkToBeUsed":findTestData("Datatable").getValue("URL", 21), "LoginPageTextToBeVerified":"Sign in to ISPS2-PROD-Verify", ... ], STOP_ON_FAILURE): Call Test Case 'Test Cases/Components/LoginV2.0' successfully

2020-05-15 10:06:13 - [TEST_CASE][PASSED] - Test Cases/Components/LoginV2.0: Test Cases/Components/LoginV2.0

2020-05-15 10:06:13 - [TEST_STEP][PASSED] - openBrowser(LinkToBeUsed): Browser is opened with url: 'http://10.0.2.41:3012/isps2-prod-verify/authnz/login.do'

2020-05-15 10:06:13 - [MESSAGE][WARNING] - A browser is already opened. Closing browser and opening a new one

2020-05-15 10:06:14 - [MESSAGE][INFO] - Starting 'Chrome' driver

2020-05-15 10:06:30 - [MESSAGE][PASSED] - Browser is opened with url: 'http://10.0.2.41:3012/isps2-prod-verify/authnz/login.do'

2020-05-15 10:06:30 - [TEST_STEP][PASSED] - maximizeWindow(): Current window maximized

2020-05-15 10:06:35 - [MESSAGE][PASSED] - Current window maximized

2020-05-15 10:06:35 - [TEST_STEP][PASSED] - verifyTextPresent(LoginPageTextToBeVerified, false): Text 'Sign in to ISPS2-PROD-Verify' is present on page 

2020-05-15 10:06:36 - [MESSAGE][PASSED] - Text 'Sign in to ISPS2-PROD-Verify' is present on page 

2020-05-15 10:06:36 - [TEST_STEP][PASSED] - setText(findTestObject("Objects.LoginV2.0/Login Page/input_Sign in to ISPS2-PROD-Verify_username"), Username): Text 'sysadmin' is set on object 'Object Repository/Objects.LoginV2.0/Login Page/input_Sign in to ISPS2-PROD-Verify_username'

2020-05-15 10:06:37 - [MESSAGE][PASSED] - Text 'sysadmin' is set on object 'Object Repository/Objects.LoginV2.0/Login Page/input_Sign in to ISPS2-PROD-Verify_username'

2020-05-15 10:06:37 - [TEST_STEP][PASSED] - setEncryptedText(findTestObject("Objects.LoginV2.0/Login Page/input_This field is required_password"), Password): Text ****** has been set on object 'Object Repository/Objects.LoginV2.0/Login Page/input_This field is required_password'

2020-05-15 10:06:38 - [MESSAGE][PASSED] - Text ****** has been set on object 'Object Repository/Objects.LoginV2.0/Login Page/input_This field is required_password'

2020-05-15 10:06:38 - [TEST_STEP][NOT_RUN] - setEncryptedText(findTestObject(null), Password): NOT_RUN: setEncryptedText(findTestObject(null), Password)

2020-05-15 10:06:38 - [MESSAGE][NOT_RUN] - NOT_RUN: setEncryptedText(findTestObject(null), Password)

2020-05-15 10:06:38 - [TEST_STEP][PASSED] - click(findTestObject("Objects.LoginV2.0/Login Page/div_Sign in to ISPS2-PROD-Verify_NovaGoButton-1021"), OPTIONAL): Object: 'Object Repository/Objects.LoginV2.0/Login Page/div_Sign in to ISPS2-PROD-Verify_NovaGoButton-1021' is clicked on

2020-05-15 10:06:39 - [MESSAGE][PASSED] - Object: 'Object Repository/Objects.LoginV2.0/Login Page/div_Sign in to ISPS2-PROD-Verify_NovaGoButton-1021' is clicked on

2020-05-15 10:06:39 - [TEST_STEP][PASSED] - waitForPageLoad(30): Wait for page load successfully

2020-05-15 10:06:39 - [MESSAGE][PASSED] - Wait for page load successfully

2020-05-15 10:06:39 - [TEST_STEP][PASSED] - Thread.sleep(3000): null

2020-05-15 10:06:42 - [MESSAGE][PASSED] - Call Test Case 'Test Cases/Components/LoginV2.0' successfully

2020-05-15 10:06:42 - [TEST_STEP][PASSED] - callTestCase(findTestCase("Components/NavigateToHomepageHeaders"), ["headerText":"My Tasks"], STOP_ON_FAILURE): Call Test Case 'Test Cases/Components/NavigateToHomepageHeaders' successfully

2020-05-15 10:06:42 - [TEST_CASE][PASSED] - Test Cases/Components/NavigateToHomepageHeaders: Test Cases/Components/NavigateToHomepageHeaders

2020-05-15 10:06:43 - [TEST_STEP][PASSED] - Thread.sleep(1000): null

2020-05-15 10:06:44 - [TEST_STEP][PASSED] - waitForPageLoad(30): Wait for page load successfully

2020-05-15 10:06:44 - [MESSAGE][PASSED] - Wait for page load successfully

2020-05-15 10:06:44 - [TEST_STEP][PASSED] - modifiedHeader = modifyObjectProperty(findTestObject("Objects.NavigateToHomepageHeaders/Page_ISPS2/div_Header"), "text", "equals", headerText, true): Modify property of object successfully

2020-05-15 10:06:45 - [MESSAGE][PASSED] - Modify property of object successfully

2020-05-15 10:06:45 - [TEST_STEP][PASSED] - verifyElementClickable(modifiedHeader): Object 'Object Repository/Objects.NavigateToHomepageHeaders/Page_ISPS2/div_Header' is clickable

2020-05-15 10:06:50 - [MESSAGE][PASSED] - Object 'Object Repository/Objects.NavigateToHomepageHeaders/Page_ISPS2/div_Header' is clickable

2020-05-15 10:06:50 - [TEST_STEP][PASSED] - click(modifiedHeader): Object: 'Object Repository/Objects.NavigateToHomepageHeaders/Page_ISPS2/div_Header' is clicked on

2020-05-15 10:06:51 - [MESSAGE][PASSED] - Object: 'Object Repository/Objects.NavigateToHomepageHeaders/Page_ISPS2/div_Header' is clicked on

2020-05-15 10:06:51 - [TEST_STEP][PASSED] - Thread.sleep(7000): null

2020-05-15 10:06:58 - [MESSAGE][PASSED] - Call Test Case 'Test Cases/Components/NavigateToHomepageHeaders' successfully

2020-05-15 10:06:58 - [TEST_STEP][PASSED] - callTestCase(findTestCase("Components/OpenHomepageMenu"), [:], STOP_ON_FAILURE): Call Test Case 'Test Cases/Components/OpenHomepageMenu' successfully

2020-05-15 10:06:58 - [TEST_CASE][PASSED] - Test Cases/Components/OpenHomepageMenu: Test Cases/Components/OpenHomepageMenu

2020-05-15 10:06:58 - [TEST_STEP][PASSED] - Thread.sleep(1000): null

2020-05-15 10:06:59 - [TEST_STEP][PASSED] - verifyTextPresent("Loading search result. Please wait...", false, OPTIONAL): Text 'Loading search result. Please wait...' is not present on page  (Root cause: com.kms.katalon.core.exception.StepFailedException: Text 'Loading search result. Please wait...' is not present on page 
	at com.kms.katalon.core.webui.keyword.internal.WebUIKeywordMain.stepFailed(WebUIKeywordMain.groovy:64)
	at com.kms.katalon.core.webui.keyword.builtin.VerifyTextPresentKeyword$_verifyTextPresent_closure1.doCall(VerifyTextPresentKeyword.groovy:79)
	at com.kms.katalon.core.webui.keyword.builtin.VerifyTextPresentKeyword$_verifyTextPresent_closure1.call(VerifyTextPresentKeyword.groovy)
	at com.kms.katalon.core.webui.keyword.internal.WebUIKeywordMain.runKeyword(WebUIKeywordMain.groovy:20)
	at com.kms.katalon.core.webui.keyword.builtin.VerifyTextPresentKeyword.verifyTextPresent(VerifyTextPresentKeyword.groovy:83)
	at com.kms.katalon.core.webui.keyword.builtin.VerifyTextPresentKeyword.execute(VerifyTextPresentKeyword.groovy:68)
	at com.kms.katalon.core.keyword.internal.KeywordExecutor.executeKeywordForPlatform(KeywordExecutor.groovy:72)
	at com.kms.katalon.core.webui.keyword.WebUiBuiltInKeywords.verifyTextPresent(WebUiBuiltInKeywords.groovy:1703)
	at com.kms.katalon.core.webui.keyword.WebUiBuiltInKeywords$verifyTextPresent$6.call(Unknown Source)
	at OpenHomepageMenu.run(OpenHomepageMenu:18)
	at com.kms.katalon.core.main.ScriptEngine.run(ScriptEngine.java:194)
	at com.kms.katalon.core.main.ScriptEngine.runScriptAsRawText(ScriptEngine.java:119)
	at com.kms.katalon.core.main.TestCaseExecutor.runScript(TestCaseExecutor.java:337)
	at com.kms.katalon.core.main.TestCaseExecutor.doExecute(TestCaseExecutor.java:328)
	at com.kms.katalon.core.main.TestCaseExecutor.processExecutionPhase(TestCaseExecutor.java:307)
	at com.kms.katalon.core.main.TestCaseExecutor.accessMainPhase(TestCaseExecutor.java:299)
	at com.kms.katalon.core.main.TestCaseExecutor.execute(TestCaseExecutor.java:233)
	at com.kms.katalon.core.main.TestCaseMain.runTestCase(TestCaseMain.java:114)
	at com.kms.katalon.core.keyword.builtin.CallTestCaseKeyword$_callTestCase_closure1.doCall(CallTestCaseKeyword.groovy:59)
	at com.kms.katalon.core.keyword.builtin.CallTestCaseKeyword$_callTestCase_closure1.call(CallTestCaseKeyword.groovy)
	at com.kms.katalon.core.keyword.internal.KeywordMain.runKeyword(KeywordMain.groovy:68)
	at com.kms.katalon.core.keyword.builtin.CallTestCaseKeyword.callTestCase(CallTestCaseKeyword.groovy:81)
	at com.kms.katalon.core.keyword.builtin.CallTestCaseKeyword.execute(CallTestCaseKeyword.groovy:44)
	at com.kms.katalon.core.keyword.internal.KeywordExecutor.executeKeywordForPlatform(KeywordExecutor.groovy:72)
	at com.kms.katalon.core.keyword.BuiltinKeywords.callTestCase(BuiltinKeywords.groovy:334)
	at BCAISPS-14664.TCID001.run(BCAISPS-14664.TCID001:27)
	at com.kms.katalon.core.main.ScriptEngine.run(ScriptEngine.java:194)
	at com.kms.katalon.core.main.ScriptEngine.runScriptAsRawText(ScriptEngine.java:119)
	at com.kms.katalon.core.main.TestCaseExecutor.runScript(TestCaseExecutor.java:337)
	at com.kms.katalon.core.main.TestCaseExecutor.doExecute(TestCaseExecutor.java:328)
	at com.kms.katalon.core.main.TestCaseExecutor.processExecutionPhase(TestCaseExecutor.java:307)
	at com.kms.katalon.core.main.TestCaseExecutor.accessMainPhase(TestCaseExecutor.java:299)
	at com.kms.katalon.core.main.TestCaseExecutor.execute(TestCaseExecutor.java:233)
	at com.kms.katalon.core.main.TestSuiteExecutor.accessTestCaseMainPhase(TestSuiteExecutor.java:169)
	at com.kms.katalon.core.main.TestSuiteExecutor.accessTestSuiteMainPhase(TestSuiteExecutor.java:142)
	at com.kms.katalon.core.main.TestSuiteExecutor.execute(TestSuiteExecutor.java:91)
	at com.kms.katalon.core.main.TestCaseMain.startTestSuite(TestCaseMain.java:157)
	at com.kms.katalon.core.main.TestCaseMain$startTestSuite$0.call(Unknown Source)
	at TempTestSuite1589508261822.run(TempTestSuite1589508261822.groovy:36)
)

2020-05-15 10:07:04 - [MESSAGE][WARNING] - Text 'Loading search result. Please wait...' is not present on page  (Root cause: com.kms.katalon.core.exception.StepFailedException: Text 'Loading search result. Please wait...' is not present on page 
	at com.kms.katalon.core.webui.keyword.internal.WebUIKeywordMain.stepFailed(WebUIKeywordMain.groovy:64)
	at com.kms.katalon.core.webui.keyword.builtin.VerifyTextPresentKeyword$_verifyTextPresent_closure1.doCall(VerifyTextPresentKeyword.groovy:79)
	at com.kms.katalon.core.webui.keyword.builtin.VerifyTextPresentKeyword$_verifyTextPresent_closure1.call(VerifyTextPresentKeyword.groovy)
	at com.kms.katalon.core.webui.keyword.internal.WebUIKeywordMain.runKeyword(WebUIKeywordMain.groovy:20)
	at com.kms.katalon.core.webui.keyword.builtin.VerifyTextPresentKeyword.verifyTextPresent(VerifyTextPresentKeyword.groovy:83)
	at com.kms.katalon.core.webui.keyword.builtin.VerifyTextPresentKeyword.execute(VerifyTextPresentKeyword.groovy:68)
	at com.kms.katalon.core.keyword.internal.KeywordExecutor.executeKeywordForPlatform(KeywordExecutor.groovy:72)
	at com.kms.katalon.core.webui.keyword.WebUiBuiltInKeywords.verifyTextPresent(WebUiBuiltInKeywords.groovy:1703)
	at com.kms.katalon.core.webui.keyword.WebUiBuiltInKeywords$verifyTextPresent$6.call(Unknown Source)
	at OpenHomepageMenu.run(OpenHomepageMenu:18)
	at com.kms.katalon.core.main.ScriptEngine.run(ScriptEngine.java:194)
	at com.kms.katalon.core.main.ScriptEngine.runScriptAsRawText(ScriptEngine.java:119)
	at com.kms.katalon.core.main.TestCaseExecutor.runScript(TestCaseExecutor.java:337)
	at com.kms.katalon.core.main.TestCaseExecutor.doExecute(TestCaseExecutor.java:328)
	at com.kms.katalon.core.main.TestCaseExecutor.processExecutionPhase(TestCaseExecutor.java:307)
	at com.kms.katalon.core.main.TestCaseExecutor.accessMainPhase(TestCaseExecutor.java:299)
	at com.kms.katalon.core.main.TestCaseExecutor.execute(TestCaseExecutor.java:233)
	at com.kms.katalon.core.main.TestCaseMain.runTestCase(TestCaseMain.java:114)
	at com.kms.katalon.core.keyword.builtin.CallTestCaseKeyword$_callTestCase_closure1.doCall(CallTestCaseKeyword.groovy:59)
	at com.kms.katalon.core.keyword.builtin.CallTestCaseKeyword$_callTestCase_closure1.call(CallTestCaseKeyword.groovy)
	at com.kms.katalon.core.keyword.internal.KeywordMain.runKeyword(KeywordMain.groovy:68)
	at com.kms.katalon.core.keyword.builtin.CallTestCaseKeyword.callTestCase(CallTestCaseKeyword.groovy:81)
	at com.kms.katalon.core.keyword.builtin.CallTestCaseKeyword.execute(CallTestCaseKeyword.groovy:44)
	at com.kms.katalon.core.keyword.internal.KeywordExecutor.executeKeywordForPlatform(KeywordExecutor.groovy:72)
	at com.kms.katalon.core.keyword.BuiltinKeywords.callTestCase(BuiltinKeywords.groovy:334)
	at BCAISPS-14664.TCID001.run(BCAISPS-14664.TCID001:27)
	at com.kms.katalon.core.main.ScriptEngine.run(ScriptEngine.java:194)
	at com.kms.katalon.core.main.ScriptEngine.runScriptAsRawText(ScriptEngine.java:119)
	at com.kms.katalon.core.main.TestCaseExecutor.runScript(TestCaseExecutor.java:337)
	at com.kms.katalon.core.main.TestCaseExecutor.doExecute(TestCaseExecutor.java:328)
	at com.kms.katalon.core.main.TestCaseExecutor.processExecutionPhase(TestCaseExecutor.java:307)
	at com.kms.katalon.core.main.TestCaseExecutor.accessMainPhase(TestCaseExecutor.java:299)
	at com.kms.katalon.core.main.TestCaseExecutor.execute(TestCaseExecutor.java:233)
	at com.kms.katalon.core.main.TestSuiteExecutor.accessTestCaseMainPhase(TestSuiteExecutor.java:169)
	at com.kms.katalon.core.main.TestSuiteExecutor.accessTestSuiteMainPhase(TestSuiteExecutor.java:142)
	at com.kms.katalon.core.main.TestSuiteExecutor.execute(TestSuiteExecutor.java:91)
	at com.kms.katalon.core.main.TestCaseMain.startTestSuite(TestCaseMain.java:157)
	at com.kms.katalon.core.main.TestCaseMain$startTestSuite$0.call(Unknown Source)
	at TempTestSuite1589508261822.run(TempTestSuite1589508261822.groovy:36)
)

2020-05-15 10:07:04 - [TEST_STEP][PASSED] - waitForElementNotPresent(findTestObject("Objects.OpenHomepageMenu/XP_LoadingPopUp"), 120, OPTIONAL): Web element with id: 'Object Repository/Objects.OpenHomepageMenu/XP_LoadingPopUp' located by 'By.xpath: //div[@class = 'x-mask-msg-text' and (text() = 'Loading search result. Please wait...' or . = 'Loading search result. Please wait...')]' is not present after '120' second(s)

2020-05-15 10:07:05 - [MESSAGE][PASSED] - Web element with id: 'Object Repository/Objects.OpenHomepageMenu/XP_LoadingPopUp' located by 'By.xpath: //div[@class = 'x-mask-msg-text' and (text() = 'Loading search result. Please wait...' or . = 'Loading search result. Please wait...')]' is not present after '120' second(s)

2020-05-15 10:07:05 - [TEST_STEP][PASSED] - verifyElementVisible(findTestObject("Objects.OpenHomepageMenu/div_ISPS2-PROD-Verify_component-1013")): Object 'Object Repository/Objects.OpenHomepageMenu/div_ISPS2-PROD-Verify_component-1013' is visible

2020-05-15 10:07:06 - [MESSAGE][PASSED] - Object 'Object Repository/Objects.OpenHomepageMenu/div_ISPS2-PROD-Verify_component-1013' is visible

2020-05-15 10:07:06 - [TEST_STEP][PASSED] - click(findTestObject("Objects.OpenHomepageMenu/div_ISPS2-PROD-Verify_component-1013")): Object: 'Object Repository/Objects.OpenHomepageMenu/div_ISPS2-PROD-Verify_component-1013' is clicked on

2020-05-15 10:07:06 - [MESSAGE][PASSED] - Object: 'Object Repository/Objects.OpenHomepageMenu/div_ISPS2-PROD-Verify_component-1013' is clicked on

2020-05-15 10:07:06 - [MESSAGE][PASSED] - Call Test Case 'Test Cases/Components/OpenHomepageMenu' successfully

2020-05-15 10:07:06 - [TEST_STEP][PASSED] - callTestCase(findTestCase("Components/HoverToAnyMenuSelection"), ["MenuSelection":"Utilities"], STOP_ON_FAILURE): Call Test Case 'Test Cases/Components/HoverToAnyMenuSelection' successfully

2020-05-15 10:07:07 - [TEST_CASE][PASSED] - Test Cases/Components/HoverToAnyMenuSelection: Test Cases/Components/HoverToAnyMenuSelection

2020-05-15 10:07:07 - [TEST_STEP][PASSED] - Thread.sleep(1000): null

2020-05-15 10:07:08 - [TEST_STEP][PASSED] - modifiedSelection = modifyObjectProperty(findTestObject("Objects.HoverToAnyMenuSelection/span_Common"), "text", "equals", MenuSelection, true): Modify property of object successfully

2020-05-15 10:07:08 - [MESSAGE][PASSED] - Modify property of object successfully

2020-05-15 10:07:08 - [TEST_STEP][PASSED] - mouseOver(modifiedSelection): Object: 'Object Repository/Objects.HoverToAnyMenuSelection/span_Common' is hovered

2020-05-15 10:07:08 - [MESSAGE][PASSED] - Object: 'Object Repository/Objects.HoverToAnyMenuSelection/span_Common' is hovered

2020-05-15 10:07:08 - [MESSAGE][PASSED] - Call Test Case 'Test Cases/Components/HoverToAnyMenuSelection' successfully

2020-05-15 10:07:08 - [TEST_STEP][PASSED] - callTestCase(findTestCase("Components/HoverToAnyMenuSelection"), ["MenuSelection":"Common"], STOP_ON_FAILURE): Call Test Case 'Test Cases/Components/HoverToAnyMenuSelection' successfully

2020-05-15 10:07:08 - [TEST_CASE][PASSED] - Test Cases/Components/HoverToAnyMenuSelection: Test Cases/Components/HoverToAnyMenuSelection

2020-05-15 10:07:08 - [TEST_STEP][PASSED] - Thread.sleep(1000): null

2020-05-15 10:07:09 - [TEST_STEP][PASSED] - modifiedSelection = modifyObjectProperty(findTestObject("Objects.HoverToAnyMenuSelection/span_Common"), "text", "equals", MenuSelection, true): Modify property of object successfully

2020-05-15 10:07:10 - [MESSAGE][PASSED] - Modify property of object successfully

2020-05-15 10:07:10 - [TEST_STEP][PASSED] - mouseOver(modifiedSelection): Object: 'Object Repository/Objects.HoverToAnyMenuSelection/span_Common' is hovered

2020-05-15 10:07:10 - [MESSAGE][PASSED] - Object: 'Object Repository/Objects.HoverToAnyMenuSelection/span_Common' is hovered

2020-05-15 10:07:10 - [MESSAGE][PASSED] - Call Test Case 'Test Cases/Components/HoverToAnyMenuSelection' successfully

2020-05-15 10:07:10 - [TEST_STEP][PASSED] - callTestCase(findTestCase("Components/HoverToAnyMenuSelection"), ["MenuSelection":"Maintenance"], STOP_ON_FAILURE): Call Test Case 'Test Cases/Components/HoverToAnyMenuSelection' successfully

2020-05-15 10:07:10 - [TEST_CASE][PASSED] - Test Cases/Components/HoverToAnyMenuSelection: Test Cases/Components/HoverToAnyMenuSelection

2020-05-15 10:07:10 - [TEST_STEP][PASSED] - Thread.sleep(1000): null

2020-05-15 10:07:11 - [TEST_STEP][PASSED] - modifiedSelection = modifyObjectProperty(findTestObject("Objects.HoverToAnyMenuSelection/span_Common"), "text", "equals", MenuSelection, true): Modify property of object successfully

2020-05-15 10:07:12 - [MESSAGE][PASSED] - Modify property of object successfully

2020-05-15 10:07:12 - [TEST_STEP][PASSED] - mouseOver(modifiedSelection): Object: 'Object Repository/Objects.HoverToAnyMenuSelection/span_Common' is hovered

2020-05-15 10:07:12 - [MESSAGE][PASSED] - Object: 'Object Repository/Objects.HoverToAnyMenuSelection/span_Common' is hovered

2020-05-15 10:07:12 - [MESSAGE][PASSED] - Call Test Case 'Test Cases/Components/HoverToAnyMenuSelection' successfully

2020-05-15 10:07:12 - [TEST_STEP][PASSED] - callTestCase(findTestCase("Components/HoverToAnyMenuSelection"), ["MenuSelection":"Maintain Application"], STOP_ON_FAILURE): Call Test Case 'Test Cases/Components/HoverToAnyMenuSelection' successfully

2020-05-15 10:07:12 - [TEST_CASE][PASSED] - Test Cases/Components/HoverToAnyMenuSelection: Test Cases/Components/HoverToAnyMenuSelection

2020-05-15 10:07:12 - [TEST_STEP][PASSED] - Thread.sleep(1000): null

2020-05-15 10:07:13 - [TEST_STEP][PASSED] - modifiedSelection = modifyObjectProperty(findTestObject("Objects.HoverToAnyMenuSelection/span_Common"), "text", "equals", MenuSelection, true): Modify property of object successfully

2020-05-15 10:07:14 - [MESSAGE][PASSED] - Modify property of object successfully

2020-05-15 10:07:14 - [TEST_STEP][PASSED] - mouseOver(modifiedSelection): Object: 'Object Repository/Objects.HoverToAnyMenuSelection/span_Common' is hovered

2020-05-15 10:07:14 - [MESSAGE][PASSED] - Object: 'Object Repository/Objects.HoverToAnyMenuSelection/span_Common' is hovered

2020-05-15 10:07:14 - [MESSAGE][PASSED] - Call Test Case 'Test Cases/Components/HoverToAnyMenuSelection' successfully

2020-05-15 10:07:14 - [TEST_STEP][PASSED] - callTestCase(findTestCase("Components/ClickLink"), ["LinkToModify":"Maintain Application"], STOP_ON_FAILURE): Call Test Case 'Test Cases/Components/ClickLink' successfully

2020-05-15 10:07:14 - [TEST_CASE][PASSED] - Test Cases/Components/ClickLink: Test Cases/Components/ClickLink

2020-05-15 10:07:15 - [TEST_STEP][PASSED] - Thread.sleep(1000): null

2020-05-15 10:07:16 - [TEST_STEP][PASSED] - modifiedLink = modifyObjectProperty(findTestObject("Objects.ClickLink/Page_ISPS2/LinkToModify"), "text", "equals", LinkToModify, true): Modify property of object successfully

2020-05-15 10:07:16 - [MESSAGE][PASSED] - Modify property of object successfully

2020-05-15 10:07:16 - [TEST_STEP][PASSED] - com.reusableComponents.HighlightElement.run(modifiedLink): com.reusableComponents.HighlightElement.run is PASSED

2020-05-15 10:07:19 - [MESSAGE][PASSED] - com.reusableComponents.HighlightElement.run is PASSED

2020-05-15 10:07:19 - [TEST_STEP][PASSED] - click(modifiedLink): Object: 'Object Repository/Objects.ClickLink/Page_ISPS2/LinkToModify' is clicked on

2020-05-15 10:07:23 - [MESSAGE][PASSED] - Object: 'Object Repository/Objects.ClickLink/Page_ISPS2/LinkToModify' is clicked on

2020-05-15 10:07:23 - [MESSAGE][PASSED] - Call Test Case 'Test Cases/Components/ClickLink' successfully

2020-05-15 10:07:23 - [TEST_STEP][PASSED] - callTestCase(findTestCase("Components/SetTextOnField"), ["tagToBeUsed":"input", "nameToBeUsed":"userModuleCmb", "textToBeInputted":"PA_BE"], STOP_ON_FAILURE): Call Test Case 'Test Cases/Components/SetTextOnField' successfully

2020-05-15 10:07:23 - [TEST_CASE][PASSED] - Test Cases/Components/SetTextOnField: Test Cases/Components/SetTextOnField

2020-05-15 10:07:25 - [TEST_STEP][PASSED] - Thread.sleep(1000): null

2020-05-15 10:07:26 - [TEST_STEP][PASSED] - modifiedTagOfField = modifyObjectProperty(findTestObject("Objects.SetTextOnField/sampleField"), "tag", "equals", tagToBeUsed, false): Modify property of object successfully

2020-05-15 10:07:26 - [MESSAGE][PASSED] - Modify property of object successfully

2020-05-15 10:07:26 - [TEST_STEP][PASSED] - modifiedNameOfField = modifyObjectProperty(modifiedTagOfField, "name", "equals", nameToBeUsed, true): Modify property of object successfully

2020-05-15 10:07:26 - [MESSAGE][PASSED] - Modify property of object successfully

2020-05-15 10:07:26 - [TEST_STEP][PASSED] - com.reusableComponents.HighlightElement.run(modifiedNameOfField): com.reusableComponents.HighlightElement.run is PASSED

2020-05-15 10:07:29 - [MESSAGE][PASSED] - com.reusableComponents.HighlightElement.run is PASSED

2020-05-15 10:07:29 - [TEST_STEP][PASSED] - setText(modifiedNameOfField, textToBeInputted): Text 'PA_BE' is set on object 'Object Repository/Objects.SetTextOnField/sampleField'

2020-05-15 10:07:30 - [MESSAGE][PASSED] - Text 'PA_BE' is set on object 'Object Repository/Objects.SetTextOnField/sampleField'

2020-05-15 10:07:30 - [MESSAGE][PASSED] - Call Test Case 'Test Cases/Components/SetTextOnField' successfully

2020-05-15 10:07:30 - [TEST_STEP][PASSED] - callTestCase(findTestCase("Components/ClickBlueButtonsWithXPI"), ["Button":"Search", "Index":"3"], STOP_ON_FAILURE): Call Test Case 'Test Cases/Components/ClickBlueButtonsWithXPI' successfully

2020-05-15 10:07:30 - [TEST_CASE][PASSED] - Test Cases/Components/ClickBlueButtonsWithXPI: Test Cases/Components/ClickBlueButtonsWithXPI

2020-05-15 10:07:31 - [TEST_STEP][PASSED] - Thread.sleep(1000): null

2020-05-15 10:07:32 - [TEST_STEP][PASSED] - complexlyModifiedButtonGG = modifyObjectProperty(findTestObject("Objects.ClickBlueButtonsWithXPI/span_Reset"), "xPath", "equals", "(//span[text()="" + Button + ""])[" + Index + "]", true): Modify property of object successfully

2020-05-15 10:07:32 - [MESSAGE][PASSED] - Modify property of object successfully

2020-05-15 10:07:32 - [TEST_STEP][PASSED] - Thread.sleep(5000): null

2020-05-15 10:07:37 - [TEST_STEP][PASSED] - Thread.sleep(5000): null

2020-05-15 10:07:42 - [TEST_STEP][PASSED] - click(complexlyModifiedButtonGG): Object: 'Object Repository/Objects.ClickBlueButtonsWithXPI/span_Reset' is clicked on

2020-05-15 10:07:43 - [MESSAGE][PASSED] - Object: 'Object Repository/Objects.ClickBlueButtonsWithXPI/span_Reset' is clicked on

2020-05-15 10:07:43 - [TEST_STEP][PASSED] - Thread.sleep(5000): null

2020-05-15 10:07:48 - [MESSAGE][PASSED] - Call Test Case 'Test Cases/Components/ClickBlueButtonsWithXPI' successfully

2020-05-15 10:07:48 - [TEST_STEP][PASSED] - callTestCase(findTestCase("Components/VerifyTextPresentInPage"), ["tagToModify":"div", "textToModify":"BCA-BE-ST submission"], STOP_ON_FAILURE): Call Test Case 'Test Cases/Components/VerifyTextPresentInPage' successfully

2020-05-15 10:07:48 - [TEST_CASE][PASSED] - Test Cases/Components/VerifyTextPresentInPage: Test Cases/Components/VerifyTextPresentInPage

2020-05-15 10:07:49 - [TEST_STEP][PASSED] - Thread.sleep(3000): null

2020-05-15 10:07:52 - [TEST_STEP][NOT_RUN] - verifyTextPresent(textToLocate, false): NOT_RUN: verifyTextPresent(textToLocate, false)

2020-05-15 10:07:52 - [MESSAGE][NOT_RUN] - NOT_RUN: verifyTextPresent(textToLocate, false)

2020-05-15 10:07:52 - [TEST_STEP][NOT_RUN] - com.reusableComponents.HighlightElement.run(textToLocate): NOT_RUN: com.reusableComponents.HighlightElement.run(textToLocate)

2020-05-15 10:07:52 - [MESSAGE][NOT_RUN] - NOT_RUN: com.reusableComponents.HighlightElement.run(textToLocate)

2020-05-15 10:07:52 - [TEST_STEP][PASSED] - modifiedTag = modifyObjectProperty(findTestObject("Objects.VerifyTextPresent/Page_ISPS2/objectToModify"), "tag", "equals", tagToModify, true): Modify property of object successfully

2020-05-15 10:07:52 - [MESSAGE][PASSED] - Modify property of object successfully

2020-05-15 10:07:52 - [TEST_STEP][PASSED] - modified = modifyObjectProperty(modifiedTag, "text", "equals", textToModify, true): Modify property of object successfully

2020-05-15 10:07:52 - [MESSAGE][PASSED] - Modify property of object successfully

2020-05-15 10:07:52 - [TEST_STEP][PASSED] - com.reusableComponents.HighlightElement.run(modified): com.reusableComponents.HighlightElement.run is PASSED

2020-05-15 10:07:56 - [MESSAGE][PASSED] - com.reusableComponents.HighlightElement.run is PASSED

2020-05-15 10:07:56 - [TEST_STEP][PASSED] - Thread.sleep(3000): null

2020-05-15 10:07:59 - [MESSAGE][PASSED] - Call Test Case 'Test Cases/Components/VerifyTextPresentInPage' successfully

2020-05-15 10:07:59 - [TEST_STEP][PASSED] - callTestCase(findTestCase("Components/ClickJusticeScaleIcon"), ["Index":"2"], STOP_ON_FAILURE): Call Test Case 'Test Cases/Components/ClickJusticeScaleIcon' successfully

2020-05-15 10:07:59 - [TEST_CASE][PASSED] - Test Cases/Components/ClickJusticeScaleIcon: Test Cases/Components/ClickJusticeScaleIcon

2020-05-15 10:07:59 - [TEST_STEP][PASSED] - Thread.sleep(1000): null

2020-05-15 10:08:00 - [TEST_STEP][PASSED] - modifiedIcon = modifyObjectProperty(findTestObject("Objects.ClickJusticeScaleIcon/Icon"), "xpath", "equals", "(//div[@class='x-action-col-icon x-action-col-3  ncn-icon-action-decision'])[" + Index + "]", true): Modify property of object successfully

2020-05-15 10:08:01 - [MESSAGE][PASSED] - Modify property of object successfully

2020-05-15 10:08:01 - [TEST_STEP][PASSED] - click(modifiedIcon): Object: 'Object Repository/Objects.ClickJusticeScaleIcon/Icon' is clicked on

2020-05-15 10:08:02 - [MESSAGE][PASSED] - Object: 'Object Repository/Objects.ClickJusticeScaleIcon/Icon' is clicked on

2020-05-15 10:08:02 - [MESSAGE][PASSED] - Call Test Case 'Test Cases/Components/ClickJusticeScaleIcon' successfully

2020-05-15 10:08:02 - [TEST_STEP][PASSED] - callTestCase(findTestCase("Components/VerifyTextPresentInPage"), ["tagToModify":"div", "textToModify":"Page Section / Decision Section"], STOP_ON_FAILURE): Call Test Case 'Test Cases/Components/VerifyTextPresentInPage' successfully

2020-05-15 10:08:02 - [TEST_CASE][PASSED] - Test Cases/Components/VerifyTextPresentInPage: Test Cases/Components/VerifyTextPresentInPage

2020-05-15 10:08:02 - [TEST_STEP][PASSED] - Thread.sleep(3000): null

2020-05-15 10:08:05 - [TEST_STEP][NOT_RUN] - verifyTextPresent(textToLocate, false): NOT_RUN: verifyTextPresent(textToLocate, false)

2020-05-15 10:08:05 - [MESSAGE][NOT_RUN] - NOT_RUN: verifyTextPresent(textToLocate, false)

2020-05-15 10:08:05 - [TEST_STEP][NOT_RUN] - com.reusableComponents.HighlightElement.run(textToLocate): NOT_RUN: com.reusableComponents.HighlightElement.run(textToLocate)

2020-05-15 10:08:05 - [MESSAGE][NOT_RUN] - NOT_RUN: com.reusableComponents.HighlightElement.run(textToLocate)

2020-05-15 10:08:05 - [TEST_STEP][PASSED] - modifiedTag = modifyObjectProperty(findTestObject("Objects.VerifyTextPresent/Page_ISPS2/objectToModify"), "tag", "equals", tagToModify, true): Modify property of object successfully

2020-05-15 10:08:06 - [MESSAGE][PASSED] - Modify property of object successfully

2020-05-15 10:08:06 - [TEST_STEP][PASSED] - modified = modifyObjectProperty(modifiedTag, "text", "equals", textToModify, true): Modify property of object successfully

2020-05-15 10:08:06 - [MESSAGE][PASSED] - Modify property of object successfully

2020-05-15 10:08:06 - [TEST_STEP][PASSED] - com.reusableComponents.HighlightElement.run(modified): com.reusableComponents.HighlightElement.run is PASSED

2020-05-15 10:08:08 - [MESSAGE][PASSED] - com.reusableComponents.HighlightElement.run is PASSED

2020-05-15 10:08:08 - [TEST_STEP][PASSED] - Thread.sleep(3000): null

2020-05-15 10:08:11 - [MESSAGE][PASSED] - Call Test Case 'Test Cases/Components/VerifyTextPresentInPage' successfully

2020-05-15 10:08:11 - [TEST_STEP][PASSED] - callTestCase(findTestCase("Components/ScrollPageDown"), ["textToBeUsed":"Decision Section", "tagToBeUsed":"div"], STOP_ON_FAILURE): Call Test Case 'Test Cases/Components/ScrollPageDown' successfully

2020-05-15 10:08:11 - [TEST_CASE][PASSED] - Test Cases/Components/ScrollPageDown: Test Cases/Components/ScrollPageDown

2020-05-15 10:08:12 - [TEST_STEP][PASSED] - Thread.sleep(3000): null

2020-05-15 10:08:15 - [TEST_STEP][PASSED] - ModifiedObject = modifyObjectProperty(findTestObject("Object.ScrollPageDown/ScrolltoElement"), "tag", "equals", tagToBeUsed, true): Modify property of object successfully

2020-05-15 10:08:16 - [MESSAGE][PASSED] - Modify property of object successfully

2020-05-15 10:08:16 - [TEST_STEP][PASSED] - ModifiedObjectx2 = modifyObjectProperty(ModifiedObject, "text", "equals", textToBeUsed, true): Modify property of object successfully

2020-05-15 10:08:16 - [MESSAGE][PASSED] - Modify property of object successfully

2020-05-15 10:08:16 - [TEST_STEP][PASSED] - scrollToElement(ModifiedObjectx2, 0): Scroll to object 'Object Repository/Object.ScrollPageDown/ScrolltoElement' successfully

2020-05-15 10:08:16 - [MESSAGE][WARNING] - Timeout '0' is invalid. Using default page load timeout: '30'

2020-05-15 10:08:16 - [MESSAGE][PASSED] - Scroll to object 'Object Repository/Object.ScrollPageDown/ScrolltoElement' successfully

2020-05-15 10:08:16 - [MESSAGE][PASSED] - Call Test Case 'Test Cases/Components/ScrollPageDown' successfully

2020-05-15 10:08:16 - [TEST_STEP][PASSED] - callTestCase(findTestCase("Components/ClickLinkDependingOnTagTextAndIndex"), ["tagToBeUsed":"a", "linkName":"Issue WD", "index":"1"], STOP_ON_FAILURE): Call Test Case 'Test Cases/Components/ClickLinkDependingOnTagTextAndIndex' successfully

2020-05-15 10:08:16 - [TEST_CASE][PASSED] - Test Cases/Components/ClickLinkDependingOnTagTextAndIndex: Test Cases/Components/ClickLinkDependingOnTagTextAndIndex

2020-05-15 10:08:17 - [TEST_STEP][PASSED] - Thread.sleep(1000): null

2020-05-15 10:08:18 - [TEST_STEP][PASSED] - modifiedLink = modifyObjectProperty(findTestObject("Objects.ClickLinkDependingOnTextAndIndex/linkToModify"), "xpath", "equals", "(//" + tagToBeUsed + "[text()="" + linkName + ""])[" + index + "]", true): Modify property of object successfully

2020-05-15 10:08:18 - [MESSAGE][PASSED] - Modify property of object successfully

2020-05-15 10:08:18 - [TEST_STEP][PASSED] - Thread.sleep(5000): null

2020-05-15 10:08:23 - [TEST_STEP][PASSED] - com.reusableComponents.HighlightElement.run(modifiedLink): com.reusableComponents.HighlightElement.run is PASSED

2020-05-15 10:08:26 - [MESSAGE][PASSED] - com.reusableComponents.HighlightElement.run is PASSED

2020-05-15 10:08:26 - [TEST_STEP][PASSED] - click(modifiedLink): Object: 'Object Repository/Objects.ClickLinkDependingOnTextAndIndex/linkToModify' is clicked on

2020-05-15 10:08:32 - [MESSAGE][PASSED] - Object: 'Object Repository/Objects.ClickLinkDependingOnTextAndIndex/linkToModify' is clicked on

2020-05-15 10:08:32 - [TEST_STEP][PASSED] - comment("Note that if this fails, it simply means that the specified link is not presen tin the page and that is okay. This step is just to make sure that you are in the right link."): Note that if this fails, it simply means that the specified link is not presen tin the page and that is okay. This step is just to make sure that you are in the right link.

2020-05-15 10:08:32 - [MESSAGE][INFO] - Note that if this fails, it simply means that the specified link is not presen tin the page and that is okay. This step is just to make sure that you are in the right link.

2020-05-15 10:08:32 - [MESSAGE][PASSED] - Call Test Case 'Test Cases/Components/ClickLinkDependingOnTagTextAndIndex' successfully

2020-05-15 10:08:32 - [TEST_STEP][PASSED] - callTestCase(findTestCase("Components/ScrollPageDown"), ["textToBeUsed":"CaseType Decision Clauses", "tagToBeUsed":"div"], STOP_ON_FAILURE): Call Test Case 'Test Cases/Components/ScrollPageDown' successfully

2020-05-15 10:08:32 - [TEST_CASE][PASSED] - Test Cases/Components/ScrollPageDown: Test Cases/Components/ScrollPageDown

2020-05-15 10:08:32 - [TEST_STEP][PASSED] - Thread.sleep(3000): null

2020-05-15 10:08:35 - [TEST_STEP][PASSED] - ModifiedObject = modifyObjectProperty(findTestObject("Object.ScrollPageDown/ScrolltoElement"), "tag", "equals", tagToBeUsed, true): Modify property of object successfully

2020-05-15 10:08:35 - [MESSAGE][PASSED] - Modify property of object successfully

2020-05-15 10:08:35 - [TEST_STEP][PASSED] - ModifiedObjectx2 = modifyObjectProperty(ModifiedObject, "text", "equals", textToBeUsed, true): Modify property of object successfully

2020-05-15 10:08:35 - [MESSAGE][PASSED] - Modify property of object successfully

2020-05-15 10:08:35 - [TEST_STEP][PASSED] - scrollToElement(ModifiedObjectx2, 0): Scroll to object 'Object Repository/Object.ScrollPageDown/ScrolltoElement' successfully

2020-05-15 10:08:35 - [MESSAGE][WARNING] - Timeout '0' is invalid. Using default page load timeout: '30'

2020-05-15 10:08:36 - [MESSAGE][PASSED] - Scroll to object 'Object Repository/Object.ScrollPageDown/ScrolltoElement' successfully

2020-05-15 10:08:36 - [MESSAGE][PASSED] - Call Test Case 'Test Cases/Components/ScrollPageDown' successfully

2020-05-15 10:08:36 - [TEST_STEP][PASSED] - callTestCase(findTestCase("Components/VerifyTextPresentInPage"), ["tagToModify":"div", "textToModify":"CaseType Decision Clauses"], STOP_ON_FAILURE): Call Test Case 'Test Cases/Components/VerifyTextPresentInPage' successfully

2020-05-15 10:08:36 - [TEST_CASE][PASSED] - Test Cases/Components/VerifyTextPresentInPage: Test Cases/Components/VerifyTextPresentInPage

2020-05-15 10:08:36 - [TEST_STEP][PASSED] - Thread.sleep(3000): null

2020-05-15 10:08:39 - [TEST_STEP][NOT_RUN] - verifyTextPresent(textToLocate, false): NOT_RUN: verifyTextPresent(textToLocate, false)

2020-05-15 10:08:39 - [MESSAGE][NOT_RUN] - NOT_RUN: verifyTextPresent(textToLocate, false)

2020-05-15 10:08:39 - [TEST_STEP][NOT_RUN] - com.reusableComponents.HighlightElement.run(textToLocate): NOT_RUN: com.reusableComponents.HighlightElement.run(textToLocate)

2020-05-15 10:08:39 - [MESSAGE][NOT_RUN] - NOT_RUN: com.reusableComponents.HighlightElement.run(textToLocate)

2020-05-15 10:08:39 - [TEST_STEP][PASSED] - modifiedTag = modifyObjectProperty(findTestObject("Objects.VerifyTextPresent/Page_ISPS2/objectToModify"), "tag", "equals", tagToModify, true): Modify property of object successfully

2020-05-15 10:08:39 - [MESSAGE][PASSED] - Modify property of object successfully

2020-05-15 10:08:39 - [TEST_STEP][PASSED] - modified = modifyObjectProperty(modifiedTag, "text", "equals", textToModify, true): Modify property of object successfully

2020-05-15 10:08:39 - [MESSAGE][PASSED] - Modify property of object successfully

2020-05-15 10:08:39 - [TEST_STEP][PASSED] - com.reusableComponents.HighlightElement.run(modified): com.reusableComponents.HighlightElement.run is PASSED

2020-05-15 10:08:42 - [MESSAGE][PASSED] - com.reusableComponents.HighlightElement.run is PASSED

2020-05-15 10:08:42 - [TEST_STEP][PASSED] - Thread.sleep(3000): null

2020-05-15 10:08:45 - [MESSAGE][PASSED] - Call Test Case 'Test Cases/Components/VerifyTextPresentInPage' successfully

2020-05-15 10:08:45 - [TEST_STEP][PASSED] - callTestCase(findTestCase("Components/ClickLinkDependingOnTagTextAndIndex"), ["tagToBeUsed":"span", "linkName":"Add", "index":"5"], STOP_ON_FAILURE): Call Test Case 'Test Cases/Components/ClickLinkDependingOnTagTextAndIndex' successfully

2020-05-15 10:08:45 - [TEST_CASE][PASSED] - Test Cases/Components/ClickLinkDependingOnTagTextAndIndex: Test Cases/Components/ClickLinkDependingOnTagTextAndIndex

2020-05-15 10:08:45 - [TEST_STEP][PASSED] - Thread.sleep(1000): null

2020-05-15 10:08:46 - [TEST_STEP][PASSED] - modifiedLink = modifyObjectProperty(findTestObject("Objects.ClickLinkDependingOnTextAndIndex/linkToModify"), "xpath", "equals", "(//" + tagToBeUsed + "[text()="" + linkName + ""])[" + index + "]", true): Modify property of object successfully

2020-05-15 10:08:47 - [MESSAGE][PASSED] - Modify property of object successfully

2020-05-15 10:08:47 - [TEST_STEP][PASSED] - Thread.sleep(5000): null

2020-05-15 10:08:52 - [TEST_STEP][PASSED] - com.reusableComponents.HighlightElement.run(modifiedLink): com.reusableComponents.HighlightElement.run is PASSED

2020-05-15 10:08:55 - [MESSAGE][PASSED] - com.reusableComponents.HighlightElement.run is PASSED

2020-05-15 10:08:55 - [TEST_STEP][PASSED] - click(modifiedLink): Object: 'Object Repository/Objects.ClickLinkDependingOnTextAndIndex/linkToModify' is clicked on

2020-05-15 10:09:13 - [MESSAGE][PASSED] - Object: 'Object Repository/Objects.ClickLinkDependingOnTextAndIndex/linkToModify' is clicked on

2020-05-15 10:09:13 - [TEST_STEP][PASSED] - comment("Note that if this fails, it simply means that the specified link is not presen tin the page and that is okay. This step is just to make sure that you are in the right link."): Note that if this fails, it simply means that the specified link is not presen tin the page and that is okay. This step is just to make sure that you are in the right link.

2020-05-15 10:09:13 - [MESSAGE][INFO] - Note that if this fails, it simply means that the specified link is not presen tin the page and that is okay. This step is just to make sure that you are in the right link.

2020-05-15 10:09:13 - [MESSAGE][PASSED] - Call Test Case 'Test Cases/Components/ClickLinkDependingOnTagTextAndIndex' successfully

2020-05-15 10:09:13 - [TEST_STEP][PASSED] - callTestCase(findTestCase("Components/AddClauseComboBox"), ["FldNm":"stageCd"], STOP_ON_FAILURE): Call Test Case 'Test Cases/Components/AddClauseComboBox' successfully

2020-05-15 10:09:13 - [TEST_CASE][PASSED] - Test Cases/Components/AddClauseComboBox: Test Cases/Components/AddClauseComboBox

2020-05-15 10:09:14 - [TEST_STEP][PASSED] - enableSmartWait(): null

2020-05-15 10:09:14 - [TEST_STEP][PASSED] - NewInputNmField = modifyObjectProperty(findTestObject("Objects.NameValidation/input_FieldName"), "name", "equals", FldNm, true): Modify property of object successfully

2020-05-15 10:09:14 - [MESSAGE][PASSED] - Modify property of object successfully

2020-05-15 10:09:14 - [TEST_STEP][PASSED] - com.reusableComponents.HighlightElement.run(NewInputNmField): com.reusableComponents.HighlightElement.run is PASSED

2020-05-15 10:09:16 - [MESSAGE][PASSED] - com.reusableComponents.HighlightElement.run is PASSED

2020-05-15 10:09:16 - [TEST_STEP][PASSED] - sendKeys(NewInputNmField, Keys.chord(ARROW_DOWN)): Keys 'DOWN + ' sent to object: 'Object Repository/Objects.NameValidation/input_FieldName'

2020-05-15 10:09:16 - [MESSAGE][PASSED] - Keys 'DOWN + ' sent to object: 'Object Repository/Objects.NameValidation/input_FieldName'

2020-05-15 10:09:16 - [TEST_STEP][PASSED] - sendKeys(NewInputNmField, Keys.chord(ARROW_DOWN)): Keys 'DOWN + ' sent to object: 'Object Repository/Objects.NameValidation/input_FieldName'

2020-05-15 10:09:17 - [MESSAGE][PASSED] - Keys 'DOWN + ' sent to object: 'Object Repository/Objects.NameValidation/input_FieldName'

2020-05-15 10:09:17 - [TEST_STEP][PASSED] - sendKeys(NewInputNmField, Keys.chord(ENTER)): Keys 'ENTER + ' sent to object: 'Object Repository/Objects.NameValidation/input_FieldName'

2020-05-15 10:09:18 - [MESSAGE][PASSED] - Keys 'ENTER + ' sent to object: 'Object Repository/Objects.NameValidation/input_FieldName'

2020-05-15 10:09:18 - [MESSAGE][PASSED] - Call Test Case 'Test Cases/Components/AddClauseComboBox' successfully

2020-05-15 10:09:18 - [TEST_STEP][FAILED] - callTestCase(findTestCase("Components/SetTextOnFieldUsingID"), ["tagToBeUsed":"input", "idToBeUsed":"NovaTextField-1964-inputEl", "textToBeInputted":"3"], STOP_ON_FAILURE): Unable to call Test Case 'Test Cases/Components/SetTextOnFieldUsingID' (Root cause: com.kms.katalon.core.exception.StepErrorException: Call Test Case 'Test Cases/Components/SetTextOnFieldUsingID' failed because of error(s)
	at com.kms.katalon.core.keyword.builtin.CallTestCaseKeyword$_callTestCase_closure1.doCall(CallTestCaseKeyword.groovy:66)
	at com.kms.katalon.core.keyword.builtin.CallTestCaseKeyword$_callTestCase_closure1.call(CallTestCaseKeyword.groovy)
	at com.kms.katalon.core.keyword.internal.KeywordMain.runKeyword(KeywordMain.groovy:68)
	at com.kms.katalon.core.keyword.builtin.CallTestCaseKeyword.callTestCase(CallTestCaseKeyword.groovy:81)
	at com.kms.katalon.core.keyword.builtin.CallTestCaseKeyword.execute(CallTestCaseKeyword.groovy:44)
	at com.kms.katalon.core.keyword.internal.KeywordExecutor.executeKeywordForPlatform(KeywordExecutor.groovy:72)
	at com.kms.katalon.core.keyword.BuiltinKeywords.callTestCase(BuiltinKeywords.groovy:334)
	at BCAISPS-14664.TCID001.run(BCAISPS-14664.TCID001:86)
	at com.kms.katalon.core.main.ScriptEngine.run(ScriptEngine.java:194)
	at com.kms.katalon.core.main.ScriptEngine.runScriptAsRawText(ScriptEngine.java:119)
	at com.kms.katalon.core.main.TestCaseExecutor.runScript(TestCaseExecutor.java:337)
	at com.kms.katalon.core.main.TestCaseExecutor.doExecute(TestCaseExecutor.java:328)
	at com.kms.katalon.core.main.TestCaseExecutor.processExecutionPhase(TestCaseExecutor.java:307)
	at com.kms.katalon.core.main.TestCaseExecutor.accessMainPhase(TestCaseExecutor.java:299)
	at com.kms.katalon.core.main.TestCaseExecutor.execute(TestCaseExecutor.java:233)
	at com.kms.katalon.core.main.TestSuiteExecutor.accessTestCaseMainPhase(TestSuiteExecutor.java:169)
	at com.kms.katalon.core.main.TestSuiteExecutor.accessTestSuiteMainPhase(TestSuiteExecutor.java:142)
	at com.kms.katalon.core.main.TestSuiteExecutor.execute(TestSuiteExecutor.java:91)
	at com.kms.katalon.core.main.TestCaseMain.startTestSuite(TestCaseMain.java:157)
	at com.kms.katalon.core.main.TestCaseMain$startTestSuite$0.call(Unknown Source)
	at TempTestSuite1589508261822.run(TempTestSuite1589508261822.groovy:36)
Caused by: org.codehaus.groovy.runtime.InvokerInvocationException: java.lang.AssertionError: Web element with id: 'Object Repository/Objects.SetTextOnField/Page_ISPS2/sampleFieldwithIndex' located by 'By.xpath: //*[@id = 'NovaTextField-1964-inputEl']' not found
	at com.reusableComponents.HighlightElement.invokeMethod(HighlightElement.groovy)
	at com.kms.katalon.core.main.CustomKeywordDelegatingMetaClass.invokeStaticMethod(CustomKeywordDelegatingMetaClass.java:50)
	at SetTextOnFieldUsingID.run(SetTextOnFieldUsingID:34)
	at com.kms.katalon.core.main.ScriptEngine.run(ScriptEngine.java:194)
	at com.kms.katalon.core.main.ScriptEngine.runScriptAsRawText(ScriptEngine.java:119)
	at com.kms.katalon.core.main.TestCaseExecutor.runScript(TestCaseExecutor.java:337)
	at com.kms.katalon.core.main.TestCaseExecutor.doExecute(TestCaseExecutor.java:328)
	at com.kms.katalon.core.main.TestCaseExecutor.processExecutionPhase(TestCaseExecutor.java:307)
	at com.kms.katalon.core.main.TestCaseExecutor.accessMainPhase(TestCaseExecutor.java:299)
	at com.kms.katalon.core.main.TestCaseExecutor.execute(TestCaseExecutor.java:233)
	at com.kms.katalon.core.main.TestCaseMain.runTestCase(TestCaseMain.java:114)
	at com.kms.katalon.core.keyword.builtin.CallTestCaseKeyword$_callTestCase_closure1.doCall(CallTestCaseKeyword.groovy:59)
	... 20 more
Caused by: java.lang.AssertionError: Web element with id: 'Object Repository/Objects.SetTextOnField/Page_ISPS2/sampleFieldwithIndex' located by 'By.xpath: //*[@id = 'NovaTextField-1964-inputEl']' not found
	at org.testng.Assert.fail(Assert.java:93)
	at org.testng.Assert$fail.call(Unknown Source)
	at com.reusableComponents.HighlightElement.run(HighlightElement.groovy:27)
	... 32 more
)

2020-05-15 10:09:18 - [TEST_CASE][ERROR] - Test Cases/Components/SetTextOnFieldUsingID: Test Cases/Components/SetTextOnFieldUsingID FAILED.
Reason:
org.codehaus.groovy.runtime.InvokerInvocationException: java.lang.AssertionError: Web element with id: 'Object Repository/Objects.SetTextOnField/Page_ISPS2/sampleFieldwithIndex' located by 'By.xpath: //*[@id = 'NovaTextField-1964-inputEl']' not found
	at com.reusableComponents.HighlightElement.invokeMethod(HighlightElement.groovy)
	at com.kms.katalon.core.main.CustomKeywordDelegatingMetaClass.invokeStaticMethod(CustomKeywordDelegatingMetaClass.java:50)
	at SetTextOnFieldUsingID.run(SetTextOnFieldUsingID:34)
	at com.kms.katalon.core.main.ScriptEngine.run(ScriptEngine.java:194)
	at com.kms.katalon.core.main.ScriptEngine.runScriptAsRawText(ScriptEngine.java:119)
	at com.kms.katalon.core.main.TestCaseExecutor.runScript(TestCaseExecutor.java:337)
	at com.kms.katalon.core.main.TestCaseExecutor.doExecute(TestCaseExecutor.java:328)
	at com.kms.katalon.core.main.TestCaseExecutor.processExecutionPhase(TestCaseExecutor.java:307)
	at com.kms.katalon.core.main.TestCaseExecutor.accessMainPhase(TestCaseExecutor.java:299)
	at com.kms.katalon.core.main.TestCaseExecutor.execute(TestCaseExecutor.java:233)
	at com.kms.katalon.core.main.TestCaseMain.runTestCase(TestCaseMain.java:114)
	at com.kms.katalon.core.keyword.builtin.CallTestCaseKeyword$_callTestCase_closure1.doCall(CallTestCaseKeyword.groovy:59)
	at com.kms.katalon.core.keyword.builtin.CallTestCaseKeyword$_callTestCase_closure1.call(CallTestCaseKeyword.groovy)
	at com.kms.katalon.core.keyword.internal.KeywordMain.runKeyword(KeywordMain.groovy:68)
	at com.kms.katalon.core.keyword.builtin.CallTestCaseKeyword.callTestCase(CallTestCaseKeyword.groovy:81)
	at com.kms.katalon.core.keyword.builtin.CallTestCaseKeyword.execute(CallTestCaseKeyword.groovy:44)
	at com.kms.katalon.core.keyword.internal.KeywordExecutor.executeKeywordForPlatform(KeywordExecutor.groovy:72)
	at com.kms.katalon.core.keyword.BuiltinKeywords.callTestCase(BuiltinKeywords.groovy:334)
	at BCAISPS-14664.TCID001.run(BCAISPS-14664.TCID001:86)
	at com.kms.katalon.core.main.ScriptEngine.run(ScriptEngine.java:194)
	at com.kms.katalon.core.main.ScriptEngine.runScriptAsRawText(ScriptEngine.java:119)
	at com.kms.katalon.core.main.TestCaseExecutor.runScript(TestCaseExecutor.java:337)
	at com.kms.katalon.core.main.TestCaseExecutor.doExecute(TestCaseExecutor.java:328)
	at com.kms.katalon.core.main.TestCaseExecutor.processExecutionPhase(TestCaseExecutor.java:307)
	at com.kms.katalon.core.main.TestCaseExecutor.accessMainPhase(TestCaseExecutor.java:299)
	at com.kms.katalon.core.main.TestCaseExecutor.execute(TestCaseExecutor.java:233)
	at com.kms.katalon.core.main.TestSuiteExecutor.accessTestCaseMainPhase(TestSuiteExecutor.java:169)
	at com.kms.katalon.core.main.TestSuiteExecutor.accessTestSuiteMainPhase(TestSuiteExecutor.java:142)
	at com.kms.katalon.core.main.TestSuiteExecutor.execute(TestSuiteExecutor.java:91)
	at com.kms.katalon.core.main.TestCaseMain.startTestSuite(TestCaseMain.java:157)
	at com.kms.katalon.core.main.TestCaseMain$startTestSuite$0.call(Unknown Source)
	at TempTestSuite1589508261822.run(TempTestSuite1589508261822.groovy:36)
Caused by: java.lang.AssertionError: Web element with id: 'Object Repository/Objects.SetTextOnField/Page_ISPS2/sampleFieldwithIndex' located by 'By.xpath: //*[@id = 'NovaTextField-1964-inputEl']' not found
	at org.testng.Assert.fail(Assert.java:93)
	at org.testng.Assert$fail.call(Unknown Source)
	at com.reusableComponents.HighlightElement.run(HighlightElement.groovy:27)
	... 32 more


2020-05-15 10:09:19 - [TEST_STEP][PASSED] - Thread.sleep(1000): null

2020-05-15 10:09:20 - [TEST_STEP][PASSED] - modifiedTagOfField = modifyObjectProperty(findTestObject("Objects.SetTextOnField/Page_ISPS2/sampleFieldwithIndex"), "tag", "equals", tagToBeUsed, false): Modify property of object successfully

2020-05-15 10:09:20 - [MESSAGE][PASSED] - Modify property of object successfully

2020-05-15 10:09:20 - [TEST_STEP][PASSED] - modifiedIdOfField = modifyObjectProperty(modifiedTagOfField, "id", "equals", idToBeUsed, true): Modify property of object successfully

2020-05-15 10:09:21 - [MESSAGE][PASSED] - Modify property of object successfully

2020-05-15 10:09:21 - [TEST_STEP][FAILED] - com.reusableComponents.HighlightElement.run(modifiedIdOfField): java.lang.AssertionError: Web element with id: 'Object Repository/Objects.SetTextOnField/Page_ISPS2/sampleFieldwithIndex' located by 'By.xpath: //*[@id = 'NovaTextField-1964-inputEl']' not found

2020-05-15 10:09:54 - [MESSAGE][INFO] - Unable to find the element located by 'By.xpath: //*[@id = 'NovaTextField-1964-inputEl']'. Please recheck the objects properties to make sure the desired element is located. 

2020-05-15 10:09:54 - [MESSAGE][FAILED] - java.lang.AssertionError: Web element with id: 'Object Repository/Objects.SetTextOnField/Page_ISPS2/sampleFieldwithIndex' located by 'By.xpath: //*[@id = 'NovaTextField-1964-inputEl']' not found

2020-05-15 10:09:54 - [MESSAGE][FAILED] - Unable to call Test Case 'Test Cases/Components/SetTextOnFieldUsingID' (Root cause: com.kms.katalon.core.exception.StepErrorException: Call Test Case 'Test Cases/Components/SetTextOnFieldUsingID' failed because of error(s)
	at com.kms.katalon.core.keyword.builtin.CallTestCaseKeyword$_callTestCase_closure1.doCall(CallTestCaseKeyword.groovy:66)
	at com.kms.katalon.core.keyword.builtin.CallTestCaseKeyword$_callTestCase_closure1.call(CallTestCaseKeyword.groovy)
	at com.kms.katalon.core.keyword.internal.KeywordMain.runKeyword(KeywordMain.groovy:68)
	at com.kms.katalon.core.keyword.builtin.CallTestCaseKeyword.callTestCase(CallTestCaseKeyword.groovy:81)
	at com.kms.katalon.core.keyword.builtin.CallTestCaseKeyword.execute(CallTestCaseKeyword.groovy:44)
	at com.kms.katalon.core.keyword.internal.KeywordExecutor.executeKeywordForPlatform(KeywordExecutor.groovy:72)
	at com.kms.katalon.core.keyword.BuiltinKeywords.callTestCase(BuiltinKeywords.groovy:334)
	at BCAISPS-14664.TCID001.run(BCAISPS-14664.TCID001:86)
	at com.kms.katalon.core.main.ScriptEngine.run(ScriptEngine.java:194)
	at com.kms.katalon.core.main.ScriptEngine.runScriptAsRawText(ScriptEngine.java:119)
	at com.kms.katalon.core.main.TestCaseExecutor.runScript(TestCaseExecutor.java:337)
	at com.kms.katalon.core.main.TestCaseExecutor.doExecute(TestCaseExecutor.java:328)
	at com.kms.katalon.core.main.TestCaseExecutor.processExecutionPhase(TestCaseExecutor.java:307)
	at com.kms.katalon.core.main.TestCaseExecutor.accessMainPhase(TestCaseExecutor.java:299)
	at com.kms.katalon.core.main.TestCaseExecutor.execute(TestCaseExecutor.java:233)
	at com.kms.katalon.core.main.TestSuiteExecutor.accessTestCaseMainPhase(TestSuiteExecutor.java:169)
	at com.kms.katalon.core.main.TestSuiteExecutor.accessTestSuiteMainPhase(TestSuiteExecutor.java:142)
	at com.kms.katalon.core.main.TestSuiteExecutor.execute(TestSuiteExecutor.java:91)
	at com.kms.katalon.core.main.TestCaseMain.startTestSuite(TestCaseMain.java:157)
	at com.kms.katalon.core.main.TestCaseMain$startTestSuite$0.call(Unknown Source)
	at TempTestSuite1589508261822.run(TempTestSuite1589508261822.groovy:36)
Caused by: org.codehaus.groovy.runtime.InvokerInvocationException: java.lang.AssertionError: Web element with id: 'Object Repository/Objects.SetTextOnField/Page_ISPS2/sampleFieldwithIndex' located by 'By.xpath: //*[@id = 'NovaTextField-1964-inputEl']' not found
	at com.reusableComponents.HighlightElement.invokeMethod(HighlightElement.groovy)
	at com.kms.katalon.core.main.CustomKeywordDelegatingMetaClass.invokeStaticMethod(CustomKeywordDelegatingMetaClass.java:50)
	at SetTextOnFieldUsingID.run(SetTextOnFieldUsingID:34)
	at com.kms.katalon.core.main.ScriptEngine.run(ScriptEngine.java:194)
	at com.kms.katalon.core.main.ScriptEngine.runScriptAsRawText(ScriptEngine.java:119)
	at com.kms.katalon.core.main.TestCaseExecutor.runScript(TestCaseExecutor.java:337)
	at com.kms.katalon.core.main.TestCaseExecutor.doExecute(TestCaseExecutor.java:328)
	at com.kms.katalon.core.main.TestCaseExecutor.processExecutionPhase(TestCaseExecutor.java:307)
	at com.kms.katalon.core.main.TestCaseExecutor.accessMainPhase(TestCaseExecutor.java:299)
	at com.kms.katalon.core.main.TestCaseExecutor.execute(TestCaseExecutor.java:233)
	at com.kms.katalon.core.main.TestCaseMain.runTestCase(TestCaseMain.java:114)
	at com.kms.katalon.core.keyword.builtin.CallTestCaseKeyword$_callTestCase_closure1.doCall(CallTestCaseKeyword.groovy:59)
	... 20 more
Caused by: java.lang.AssertionError: Web element with id: 'Object Repository/Objects.SetTextOnField/Page_ISPS2/sampleFieldwithIndex' located by 'By.xpath: //*[@id = 'NovaTextField-1964-inputEl']' not found
	at org.testng.Assert.fail(Assert.java:93)
	at org.testng.Assert$fail.call(Unknown Source)
	at com.reusableComponents.HighlightElement.run(HighlightElement.groovy:27)
	... 32 more
)]]></system-out>
         <system-err><![CDATA[2020-05-15 10:06:12 - [TEST_CASE][ERROR] - Test Cases/Jira/BE/Utilities/BCAISPS-14664/BCAISPS-14664.TCID001: Test Cases/Jira/BE/Utilities/BCAISPS-14664/BCAISPS-14664.TCID001 FAILED.
Reason:
com.kms.katalon.core.exception.StepErrorException: Call Test Case 'Test Cases/Components/SetTextOnFieldUsingID' failed because of error(s)
	at com.kms.katalon.core.keyword.builtin.CallTestCaseKeyword$_callTestCase_closure1.doCall(CallTestCaseKeyword.groovy:66)
	at com.kms.katalon.core.keyword.builtin.CallTestCaseKeyword$_callTestCase_closure1.call(CallTestCaseKeyword.groovy)
	at com.kms.katalon.core.keyword.internal.KeywordMain.runKeyword(KeywordMain.groovy:68)
	at com.kms.katalon.core.keyword.builtin.CallTestCaseKeyword.callTestCase(CallTestCaseKeyword.groovy:81)
	at com.kms.katalon.core.keyword.builtin.CallTestCaseKeyword.execute(CallTestCaseKeyword.groovy:44)
	at com.kms.katalon.core.keyword.internal.KeywordExecutor.executeKeywordForPlatform(KeywordExecutor.groovy:72)
	at com.kms.katalon.core.keyword.BuiltinKeywords.callTestCase(BuiltinKeywords.groovy:334)
	at BCAISPS-14664.TCID001.run(BCAISPS-14664.TCID001:86)
	at com.kms.katalon.core.main.ScriptEngine.run(ScriptEngine.java:194)
	at com.kms.katalon.core.main.ScriptEngine.runScriptAsRawText(ScriptEngine.java:119)
	at com.kms.katalon.core.main.TestCaseExecutor.runScript(TestCaseExecutor.java:337)
	at com.kms.katalon.core.main.TestCaseExecutor.doExecute(TestCaseExecutor.java:328)
	at com.kms.katalon.core.main.TestCaseExecutor.processExecutionPhase(TestCaseExecutor.java:307)
	at com.kms.katalon.core.main.TestCaseExecutor.accessMainPhase(TestCaseExecutor.java:299)
	at com.kms.katalon.core.main.TestCaseExecutor.execute(TestCaseExecutor.java:233)
	at com.kms.katalon.core.main.TestSuiteExecutor.accessTestCaseMainPhase(TestSuiteExecutor.java:169)
	at com.kms.katalon.core.main.TestSuiteExecutor.accessTestSuiteMainPhase(TestSuiteExecutor.java:142)
	at com.kms.katalon.core.main.TestSuiteExecutor.execute(TestSuiteExecutor.java:91)
	at com.kms.katalon.core.main.TestCaseMain.startTestSuite(TestCaseMain.java:157)
	at com.kms.katalon.core.main.TestCaseMain$startTestSuite$0.call(Unknown Source)
	at TempTestSuite1589508261822.run(TempTestSuite1589508261822.groovy:36)
Caused by: org.codehaus.groovy.runtime.InvokerInvocationException: java.lang.AssertionError: Web element with id: 'Object Repository/Objects.SetTextOnField/Page_ISPS2/sampleFieldwithIndex' located by 'By.xpath: //*[@id = 'NovaTextField-1964-inputEl']' not found
	at com.reusableComponents.HighlightElement.invokeMethod(HighlightElement.groovy)
	at com.kms.katalon.core.main.CustomKeywordDelegatingMetaClass.invokeStaticMethod(CustomKeywordDelegatingMetaClass.java:50)
	at SetTextOnFieldUsingID.run(SetTextOnFieldUsingID:34)
	at com.kms.katalon.core.main.ScriptEngine.run(ScriptEngine.java:194)
	at com.kms.katalon.core.main.ScriptEngine.runScriptAsRawText(ScriptEngine.java:119)
	at com.kms.katalon.core.main.TestCaseExecutor.runScript(TestCaseExecutor.java:337)
	at com.kms.katalon.core.main.TestCaseExecutor.doExecute(TestCaseExecutor.java:328)
	at com.kms.katalon.core.main.TestCaseExecutor.processExecutionPhase(TestCaseExecutor.java:307)
	at com.kms.katalon.core.main.TestCaseExecutor.accessMainPhase(TestCaseExecutor.java:299)
	at com.kms.katalon.core.main.TestCaseExecutor.execute(TestCaseExecutor.java:233)
	at com.kms.katalon.core.main.TestCaseMain.runTestCase(TestCaseMain.java:114)
	at com.kms.katalon.core.keyword.builtin.CallTestCaseKeyword$_callTestCase_closure1.doCall(CallTestCaseKeyword.groovy:59)
	... 20 more
Caused by: java.lang.AssertionError: Web element with id: 'Object Repository/Objects.SetTextOnField/Page_ISPS2/sampleFieldwithIndex' located by 'By.xpath: //*[@id = 'NovaTextField-1964-inputEl']' not found
	at org.testng.Assert.fail(Assert.java:93)
	at org.testng.Assert$fail.call(Unknown Source)
	at com.reusableComponents.HighlightElement.run(HighlightElement.groovy:27)
	... 32 more]]></system-err>
      </testcase>
      <testcase name="Test Cases/Jira/BE/Utilities/BCAISPS-14745/BCAISPS-14745.TCID001" time="180.309" classname="Test Cases/Jira/BE/Utilities/BCAISPS-14745/BCAISPS-14745.TCID001" status="ERROR">
         <error type="ERROR" message="Test Cases/Jira/BE/Utilities/BCAISPS-14745/BCAISPS-14745.TCID001 FAILED.
Reason:
com.kms.katalon.core.exception.StepErrorException: Call Test Case 'Test Cases/Components/Logout' failed because of error(s)
	at com.kms.katalon.core.keyword.builtin.CallTestCaseKeyword$_callTestCase_closure1.doCall(CallTestCaseKeyword.groovy:66)
	at com.kms.katalon.core.keyword.builtin.CallTestCaseKeyword$_callTestCase_closure1.call(CallTestCaseKeyword.groovy)
	at com.kms.katalon.core.keyword.internal.KeywordMain.runKeyword(KeywordMain.groovy:68)
	at com.kms.katalon.core.keyword.builtin.CallTestCaseKeyword.callTestCase(CallTestCaseKeyword.groovy:81)
	at com.kms.katalon.core.keyword.builtin.CallTestCaseKeyword.execute(CallTestCaseKeyword.groovy:44)
	at com.kms.katalon.core.keyword.internal.KeywordExecutor.executeKeywordForPlatform(KeywordExecutor.groovy:72)
	at com.kms.katalon.core.keyword.BuiltinKeywords.callTestCase(BuiltinKeywords.groovy:334)
	at BCAISPS-14745.TCID001.run(BCAISPS-14745.TCID001:69)
	at com.kms.katalon.core.main.ScriptEngine.run(ScriptEngine.java:194)
	at com.kms.katalon.core.main.ScriptEngine.runScriptAsRawText(ScriptEngine.java:119)
	at com.kms.katalon.core.main.TestCaseExecutor.runScript(TestCaseExecutor.java:337)
	at com.kms.katalon.core.main.TestCaseExecutor.doExecute(TestCaseExecutor.java:328)
	at com.kms.katalon.core.main.TestCaseExecutor.processExecutionPhase(TestCaseExecutor.java:307)
	at com.kms.katalon.core.main.TestCaseExecutor.accessMainPhase(TestCaseExecutor.java:299)
	at com.kms.katalon.core.main.TestCaseExecutor.execute(TestCaseExecutor.java:233)
	at com.kms.katalon.core.main.TestSuiteExecutor.accessTestCaseMainPhase(TestSuiteExecutor.java:169)
	at com.kms.katalon.core.main.TestSuiteExecutor.accessTestSuiteMainPhase(TestSuiteExecutor.java:142)
	at com.kms.katalon.core.main.TestSuiteExecutor.execute(TestSuiteExecutor.java:91)
	at com.kms.katalon.core.main.TestCaseMain.startTestSuite(TestCaseMain.java:157)
	at com.kms.katalon.core.main.TestCaseMain$startTestSuite$0.call(Unknown Source)
	at TempTestSuite1589508261822.run(TempTestSuite1589508261822.groovy:36)
Caused by: groovy.lang.MissingPropertyException: No such property: LogoutPageTextToBeVerified for class: Script1562295658319
	at Logout.run(Logout:40)
	at com.kms.katalon.core.main.ScriptEngine.run(ScriptEngine.java:194)
	at com.kms.katalon.core.main.ScriptEngine.runScriptAsRawText(ScriptEngine.java:119)
	at com.kms.katalon.core.main.TestCaseExecutor.runScript(TestCaseExecutor.java:337)
	at com.kms.katalon.core.main.TestCaseExecutor.doExecute(TestCaseExecutor.java:328)
	at com.kms.katalon.core.main.TestCaseExecutor.processExecutionPhase(TestCaseExecutor.java:307)
	at com.kms.katalon.core.main.TestCaseExecutor.accessMainPhase(TestCaseExecutor.java:299)
	at com.kms.katalon.core.main.TestCaseExecutor.execute(TestCaseExecutor.java:233)
	at com.kms.katalon.core.main.TestCaseMain.runTestCase(TestCaseMain.java:114)
	at com.kms.katalon.core.keyword.builtin.CallTestCaseKeyword$_callTestCase_closure1.doCall(CallTestCaseKeyword.groovy:59)
	... 20 more
"/>
         <system-out><![CDATA[2020-05-15 10:09:54 - [TEST_CASE][ERROR] - Test Cases/Jira/BE/Utilities/BCAISPS-14745/BCAISPS-14745.TCID001: Test Cases/Jira/BE/Utilities/BCAISPS-14745/BCAISPS-14745.TCID001 FAILED.
Reason:
com.kms.katalon.core.exception.StepErrorException: Call Test Case 'Test Cases/Components/Logout' failed because of error(s)
	at com.kms.katalon.core.keyword.builtin.CallTestCaseKeyword$_callTestCase_closure1.doCall(CallTestCaseKeyword.groovy:66)
	at com.kms.katalon.core.keyword.builtin.CallTestCaseKeyword$_callTestCase_closure1.call(CallTestCaseKeyword.groovy)
	at com.kms.katalon.core.keyword.internal.KeywordMain.runKeyword(KeywordMain.groovy:68)
	at com.kms.katalon.core.keyword.builtin.CallTestCaseKeyword.callTestCase(CallTestCaseKeyword.groovy:81)
	at com.kms.katalon.core.keyword.builtin.CallTestCaseKeyword.execute(CallTestCaseKeyword.groovy:44)
	at com.kms.katalon.core.keyword.internal.KeywordExecutor.executeKeywordForPlatform(KeywordExecutor.groovy:72)
	at com.kms.katalon.core.keyword.BuiltinKeywords.callTestCase(BuiltinKeywords.groovy:334)
	at BCAISPS-14745.TCID001.run(BCAISPS-14745.TCID001:69)
	at com.kms.katalon.core.main.ScriptEngine.run(ScriptEngine.java:194)
	at com.kms.katalon.core.main.ScriptEngine.runScriptAsRawText(ScriptEngine.java:119)
	at com.kms.katalon.core.main.TestCaseExecutor.runScript(TestCaseExecutor.java:337)
	at com.kms.katalon.core.main.TestCaseExecutor.doExecute(TestCaseExecutor.java:328)
	at com.kms.katalon.core.main.TestCaseExecutor.processExecutionPhase(TestCaseExecutor.java:307)
	at com.kms.katalon.core.main.TestCaseExecutor.accessMainPhase(TestCaseExecutor.java:299)
	at com.kms.katalon.core.main.TestCaseExecutor.execute(TestCaseExecutor.java:233)
	at com.kms.katalon.core.main.TestSuiteExecutor.accessTestCaseMainPhase(TestSuiteExecutor.java:169)
	at com.kms.katalon.core.main.TestSuiteExecutor.accessTestSuiteMainPhase(TestSuiteExecutor.java:142)
	at com.kms.katalon.core.main.TestSuiteExecutor.execute(TestSuiteExecutor.java:91)
	at com.kms.katalon.core.main.TestCaseMain.startTestSuite(TestCaseMain.java:157)
	at com.kms.katalon.core.main.TestCaseMain$startTestSuite$0.call(Unknown Source)
	at TempTestSuite1589508261822.run(TempTestSuite1589508261822.groovy:36)
Caused by: groovy.lang.MissingPropertyException: No such property: LogoutPageTextToBeVerified for class: Script1562295658319
	at Logout.run(Logout:40)
	at com.kms.katalon.core.main.ScriptEngine.run(ScriptEngine.java:194)
	at com.kms.katalon.core.main.ScriptEngine.runScriptAsRawText(ScriptEngine.java:119)
	at com.kms.katalon.core.main.TestCaseExecutor.runScript(TestCaseExecutor.java:337)
	at com.kms.katalon.core.main.TestCaseExecutor.doExecute(TestCaseExecutor.java:328)
	at com.kms.katalon.core.main.TestCaseExecutor.processExecutionPhase(TestCaseExecutor.java:307)
	at com.kms.katalon.core.main.TestCaseExecutor.accessMainPhase(TestCaseExecutor.java:299)
	at com.kms.katalon.core.main.TestCaseExecutor.execute(TestCaseExecutor.java:233)
	at com.kms.katalon.core.main.TestCaseMain.runTestCase(TestCaseMain.java:114)
	at com.kms.katalon.core.keyword.builtin.CallTestCaseKeyword$_callTestCase_closure1.doCall(CallTestCaseKeyword.groovy:59)
	... 20 more


2020-05-15 10:09:55 - [TEST_STEP][PASSED] - callTestCase(findTestCase("Components/Login"), ["Username":findTestData("Datatable").getValue("Username", 1), "Password":findTestData("Datatable").getValue("Password", 1)], STOP_ON_FAILURE): Call Test Case 'Test Cases/Components/Login' successfully

2020-05-15 10:09:56 - [TEST_CASE][PASSED] - Test Cases/Components/Login: Test Cases/Components/Login

2020-05-15 10:09:57 - [TEST_STEP][PASSED] - openBrowser(findTestData("Datatable").getValue("URL", 1)): Browser is opened with url: 'http://10.0.2.41:3012/isps2-prod-verify/authnz/login.do'

2020-05-15 10:09:57 - [MESSAGE][WARNING] - A browser is already opened. Closing browser and opening a new one

2020-05-15 10:09:58 - [MESSAGE][INFO] - Starting 'Chrome' driver

2020-05-15 10:10:12 - [MESSAGE][PASSED] - Browser is opened with url: 'http://10.0.2.41:3012/isps2-prod-verify/authnz/login.do'

2020-05-15 10:10:12 - [TEST_STEP][PASSED] - maximizeWindow(): Current window maximized

2020-05-15 10:10:16 - [MESSAGE][PASSED] - Current window maximized

2020-05-15 10:10:16 - [TEST_STEP][PASSED] - verifyTextPresent(findTestData("Datatable").getValue("HomeBanner", 1), true): Text 'Sign in to ISPS2-PROD-Verify' is present on page  using regular expression

2020-05-15 10:10:17 - [MESSAGE][PASSED] - Text 'Sign in to ISPS2-PROD-Verify' is present on page  using regular expression

2020-05-15 10:10:17 - [TEST_STEP][NOT_RUN] - com.reusableComponents.HighlightElement.run(findTestObject("Objects.LoginV2.0/Login Page/div_Sign in to ISPS2-PROD-Verify")): NOT_RUN: com.reusableComponents.HighlightElement.run(findTestObject("Objects.LoginV2.0/Login Page/div_Sign in to ISPS2-PROD-Verify"))

2020-05-15 10:10:17 - [MESSAGE][NOT_RUN] - NOT_RUN: com.reusableComponents.HighlightElement.run(findTestObject("Objects.LoginV2.0/Login Page/div_Sign in to ISPS2-PROD-Verify"))

2020-05-15 10:10:17 - [TEST_STEP][NOT_RUN] - com.reusableComponents.HighlightElement.run(findTestObject("Objects.LoginV2.0/Login Page/input_Sign in to ISPS2-PROD-Verify_username")): NOT_RUN: com.reusableComponents.HighlightElement.run(findTestObject("Objects.LoginV2.0/Login Page/input_Sign in to ISPS2-PROD-Verify_username"))

2020-05-15 10:10:17 - [MESSAGE][NOT_RUN] - NOT_RUN: com.reusableComponents.HighlightElement.run(findTestObject("Objects.LoginV2.0/Login Page/input_Sign in to ISPS2-PROD-Verify_username"))

2020-05-15 10:10:17 - [TEST_STEP][PASSED] - setText(findTestObject("Objects.LoginV2.0/Login Page/input_Sign in to ISPS2-PROD-Verify_username"), Username): Text 'sysadmin' is set on object 'Object Repository/Objects.LoginV2.0/Login Page/input_Sign in to ISPS2-PROD-Verify_username'

2020-05-15 10:10:18 - [MESSAGE][PASSED] - Text 'sysadmin' is set on object 'Object Repository/Objects.LoginV2.0/Login Page/input_Sign in to ISPS2-PROD-Verify_username'

2020-05-15 10:10:18 - [TEST_STEP][NOT_RUN] - com.reusableComponents.HighlightElement.run(findTestObject("Objects.LoginV2.0/Login Page/input_This field is required_password")): NOT_RUN: com.reusableComponents.HighlightElement.run(findTestObject("Objects.LoginV2.0/Login Page/input_This field is required_password"))

2020-05-15 10:10:18 - [MESSAGE][NOT_RUN] - NOT_RUN: com.reusableComponents.HighlightElement.run(findTestObject("Objects.LoginV2.0/Login Page/input_This field is required_password"))

2020-05-15 10:10:18 - [TEST_STEP][PASSED] - setEncryptedText(findTestObject("Objects.LoginV2.0/Login Page/input_This field is required_password"), Password): Text ****** has been set on object 'Object Repository/Objects.LoginV2.0/Login Page/input_This field is required_password'

2020-05-15 10:10:19 - [MESSAGE][PASSED] - Text ****** has been set on object 'Object Repository/Objects.LoginV2.0/Login Page/input_This field is required_password'

2020-05-15 10:10:19 - [TEST_STEP][NOT_RUN] - com.reusableComponents.HighlightElement.run(findTestObject("Objects.LoginV2.0/Login Page/div_Sign in to ISPS2-PROD-Verify_NovaGoButton-1021")): NOT_RUN: com.reusableComponents.HighlightElement.run(findTestObject("Objects.LoginV2.0/Login Page/div_Sign in to ISPS2-PROD-Verify_NovaGoButton-1021"))

2020-05-15 10:10:19 - [MESSAGE][NOT_RUN] - NOT_RUN: com.reusableComponents.HighlightElement.run(findTestObject("Objects.LoginV2.0/Login Page/div_Sign in to ISPS2-PROD-Verify_NovaGoButton-1021"))

2020-05-15 10:10:19 - [TEST_STEP][PASSED] - click(findTestObject("Objects.LoginV2.0/Login Page/div_Sign in to ISPS2-PROD-Verify_NovaGoButton-1021"), OPTIONAL): Object: 'Object Repository/Objects.LoginV2.0/Login Page/div_Sign in to ISPS2-PROD-Verify_NovaGoButton-1021' is clicked on

2020-05-15 10:10:19 - [MESSAGE][PASSED] - Object: 'Object Repository/Objects.LoginV2.0/Login Page/div_Sign in to ISPS2-PROD-Verify_NovaGoButton-1021' is clicked on

2020-05-15 10:10:19 - [TEST_STEP][NOT_RUN] - sendKeys(findTestObject("Objects.LoginV2.0/Login Page/input_This field is required_password"), Keys.chord(ENTER), OPTIONAL): NOT_RUN: sendKeys(findTestObject("Objects.LoginV2.0/Login Page/input_This field is required_password"), Keys.chord(ENTER), OPTIONAL)

2020-05-15 10:10:19 - [MESSAGE][NOT_RUN] - NOT_RUN: sendKeys(findTestObject("Objects.LoginV2.0/Login Page/input_This field is required_password"), Keys.chord(ENTER), OPTIONAL)

2020-05-15 10:10:19 - [TEST_STEP][PASSED] - waitForPageLoad(30): Wait for page load successfully

2020-05-15 10:10:19 - [MESSAGE][PASSED] - Wait for page load successfully

2020-05-15 10:10:19 - [TEST_STEP][NOT_RUN] - verifyElementVisible(findTestObject("Objects.Login/Dashboard/a_ISPS2-PROD-Verify"), OPTIONAL): NOT_RUN: verifyElementVisible(findTestObject("Objects.Login/Dashboard/a_ISPS2-PROD-Verify"), OPTIONAL)

2020-05-15 10:10:19 - [MESSAGE][NOT_RUN] - NOT_RUN: verifyElementVisible(findTestObject("Objects.Login/Dashboard/a_ISPS2-PROD-Verify"), OPTIONAL)

2020-05-15 10:10:19 - [TEST_STEP][PASSED] - Thread.sleep(3000): null

2020-05-15 10:10:22 - [MESSAGE][PASSED] - Call Test Case 'Test Cases/Components/Login' successfully

2020-05-15 10:10:22 - [TEST_STEP][PASSED] - callTestCase(findTestCase("Components/NavigateToHomepageHeaders"), ["headerText":"My Tasks"], STOP_ON_FAILURE): Call Test Case 'Test Cases/Components/NavigateToHomepageHeaders' successfully

2020-05-15 10:10:22 - [TEST_CASE][PASSED] - Test Cases/Components/NavigateToHomepageHeaders: Test Cases/Components/NavigateToHomepageHeaders

2020-05-15 10:10:23 - [TEST_STEP][PASSED] - Thread.sleep(1000): null

2020-05-15 10:10:24 - [TEST_STEP][PASSED] - waitForPageLoad(30): Wait for page load successfully

2020-05-15 10:10:25 - [MESSAGE][PASSED] - Wait for page load successfully

2020-05-15 10:10:25 - [TEST_STEP][PASSED] - modifiedHeader = modifyObjectProperty(findTestObject("Objects.NavigateToHomepageHeaders/Page_ISPS2/div_Header"), "text", "equals", headerText, true): Modify property of object successfully

2020-05-15 10:10:26 - [MESSAGE][PASSED] - Modify property of object successfully

2020-05-15 10:10:26 - [TEST_STEP][PASSED] - verifyElementClickable(modifiedHeader): Object 'Object Repository/Objects.NavigateToHomepageHeaders/Page_ISPS2/div_Header' is clickable

2020-05-15 10:10:27 - [MESSAGE][PASSED] - Object 'Object Repository/Objects.NavigateToHomepageHeaders/Page_ISPS2/div_Header' is clickable

2020-05-15 10:10:27 - [TEST_STEP][PASSED] - click(modifiedHeader): Object: 'Object Repository/Objects.NavigateToHomepageHeaders/Page_ISPS2/div_Header' is clicked on

2020-05-15 10:10:32 - [MESSAGE][PASSED] - Object: 'Object Repository/Objects.NavigateToHomepageHeaders/Page_ISPS2/div_Header' is clicked on

2020-05-15 10:10:32 - [TEST_STEP][PASSED] - Thread.sleep(7000): null

2020-05-15 10:10:39 - [MESSAGE][PASSED] - Call Test Case 'Test Cases/Components/NavigateToHomepageHeaders' successfully

2020-05-15 10:10:39 - [TEST_STEP][PASSED] - callTestCase(findTestCase("Components/OpenHomepageMenu"), [:], STOP_ON_FAILURE): Call Test Case 'Test Cases/Components/OpenHomepageMenu' successfully

2020-05-15 10:10:39 - [TEST_CASE][PASSED] - Test Cases/Components/OpenHomepageMenu: Test Cases/Components/OpenHomepageMenu

2020-05-15 10:10:39 - [TEST_STEP][PASSED] - Thread.sleep(1000): null

2020-05-15 10:10:40 - [TEST_STEP][PASSED] - verifyTextPresent("Loading search result. Please wait...", false, OPTIONAL): Text 'Loading search result. Please wait...' is not present on page  (Root cause: com.kms.katalon.core.exception.StepFailedException: Text 'Loading search result. Please wait...' is not present on page 
	at com.kms.katalon.core.webui.keyword.internal.WebUIKeywordMain.stepFailed(WebUIKeywordMain.groovy:64)
	at com.kms.katalon.core.webui.keyword.builtin.VerifyTextPresentKeyword$_verifyTextPresent_closure1.doCall(VerifyTextPresentKeyword.groovy:79)
	at com.kms.katalon.core.webui.keyword.builtin.VerifyTextPresentKeyword$_verifyTextPresent_closure1.call(VerifyTextPresentKeyword.groovy)
	at com.kms.katalon.core.webui.keyword.internal.WebUIKeywordMain.runKeyword(WebUIKeywordMain.groovy:20)
	at com.kms.katalon.core.webui.keyword.builtin.VerifyTextPresentKeyword.verifyTextPresent(VerifyTextPresentKeyword.groovy:83)
	at com.kms.katalon.core.webui.keyword.builtin.VerifyTextPresentKeyword.execute(VerifyTextPresentKeyword.groovy:68)
	at com.kms.katalon.core.keyword.internal.KeywordExecutor.executeKeywordForPlatform(KeywordExecutor.groovy:72)
	at com.kms.katalon.core.webui.keyword.WebUiBuiltInKeywords.verifyTextPresent(WebUiBuiltInKeywords.groovy:1703)
	at com.kms.katalon.core.webui.keyword.WebUiBuiltInKeywords$verifyTextPresent$6.call(Unknown Source)
	at OpenHomepageMenu.run(OpenHomepageMenu:18)
	at com.kms.katalon.core.main.ScriptEngine.run(ScriptEngine.java:194)
	at com.kms.katalon.core.main.ScriptEngine.runScriptAsRawText(ScriptEngine.java:119)
	at com.kms.katalon.core.main.TestCaseExecutor.runScript(TestCaseExecutor.java:337)
	at com.kms.katalon.core.main.TestCaseExecutor.doExecute(TestCaseExecutor.java:328)
	at com.kms.katalon.core.main.TestCaseExecutor.processExecutionPhase(TestCaseExecutor.java:307)
	at com.kms.katalon.core.main.TestCaseExecutor.accessMainPhase(TestCaseExecutor.java:299)
	at com.kms.katalon.core.main.TestCaseExecutor.execute(TestCaseExecutor.java:233)
	at com.kms.katalon.core.main.TestCaseMain.runTestCase(TestCaseMain.java:114)
	at com.kms.katalon.core.keyword.builtin.CallTestCaseKeyword$_callTestCase_closure1.doCall(CallTestCaseKeyword.groovy:59)
	at com.kms.katalon.core.keyword.builtin.CallTestCaseKeyword$_callTestCase_closure1.call(CallTestCaseKeyword.groovy)
	at com.kms.katalon.core.keyword.internal.KeywordMain.runKeyword(KeywordMain.groovy:68)
	at com.kms.katalon.core.keyword.builtin.CallTestCaseKeyword.callTestCase(CallTestCaseKeyword.groovy:81)
	at com.kms.katalon.core.keyword.builtin.CallTestCaseKeyword.execute(CallTestCaseKeyword.groovy:44)
	at com.kms.katalon.core.keyword.internal.KeywordExecutor.executeKeywordForPlatform(KeywordExecutor.groovy:72)
	at com.kms.katalon.core.keyword.BuiltinKeywords.callTestCase(BuiltinKeywords.groovy:334)
	at BCAISPS-14745.TCID001.run(BCAISPS-14745.TCID001:24)
	at com.kms.katalon.core.main.ScriptEngine.run(ScriptEngine.java:194)
	at com.kms.katalon.core.main.ScriptEngine.runScriptAsRawText(ScriptEngine.java:119)
	at com.kms.katalon.core.main.TestCaseExecutor.runScript(TestCaseExecutor.java:337)
	at com.kms.katalon.core.main.TestCaseExecutor.doExecute(TestCaseExecutor.java:328)
	at com.kms.katalon.core.main.TestCaseExecutor.processExecutionPhase(TestCaseExecutor.java:307)
	at com.kms.katalon.core.main.TestCaseExecutor.accessMainPhase(TestCaseExecutor.java:299)
	at com.kms.katalon.core.main.TestCaseExecutor.execute(TestCaseExecutor.java:233)
	at com.kms.katalon.core.main.TestSuiteExecutor.accessTestCaseMainPhase(TestSuiteExecutor.java:169)
	at com.kms.katalon.core.main.TestSuiteExecutor.accessTestSuiteMainPhase(TestSuiteExecutor.java:142)
	at com.kms.katalon.core.main.TestSuiteExecutor.execute(TestSuiteExecutor.java:91)
	at com.kms.katalon.core.main.TestCaseMain.startTestSuite(TestCaseMain.java:157)
	at com.kms.katalon.core.main.TestCaseMain$startTestSuite$0.call(Unknown Source)
	at TempTestSuite1589508261822.run(TempTestSuite1589508261822.groovy:36)
)

2020-05-15 10:10:46 - [MESSAGE][WARNING] - Text 'Loading search result. Please wait...' is not present on page  (Root cause: com.kms.katalon.core.exception.StepFailedException: Text 'Loading search result. Please wait...' is not present on page 
	at com.kms.katalon.core.webui.keyword.internal.WebUIKeywordMain.stepFailed(WebUIKeywordMain.groovy:64)
	at com.kms.katalon.core.webui.keyword.builtin.VerifyTextPresentKeyword$_verifyTextPresent_closure1.doCall(VerifyTextPresentKeyword.groovy:79)
	at com.kms.katalon.core.webui.keyword.builtin.VerifyTextPresentKeyword$_verifyTextPresent_closure1.call(VerifyTextPresentKeyword.groovy)
	at com.kms.katalon.core.webui.keyword.internal.WebUIKeywordMain.runKeyword(WebUIKeywordMain.groovy:20)
	at com.kms.katalon.core.webui.keyword.builtin.VerifyTextPresentKeyword.verifyTextPresent(VerifyTextPresentKeyword.groovy:83)
	at com.kms.katalon.core.webui.keyword.builtin.VerifyTextPresentKeyword.execute(VerifyTextPresentKeyword.groovy:68)
	at com.kms.katalon.core.keyword.internal.KeywordExecutor.executeKeywordForPlatform(KeywordExecutor.groovy:72)
	at com.kms.katalon.core.webui.keyword.WebUiBuiltInKeywords.verifyTextPresent(WebUiBuiltInKeywords.groovy:1703)
	at com.kms.katalon.core.webui.keyword.WebUiBuiltInKeywords$verifyTextPresent$6.call(Unknown Source)
	at OpenHomepageMenu.run(OpenHomepageMenu:18)
	at com.kms.katalon.core.main.ScriptEngine.run(ScriptEngine.java:194)
	at com.kms.katalon.core.main.ScriptEngine.runScriptAsRawText(ScriptEngine.java:119)
	at com.kms.katalon.core.main.TestCaseExecutor.runScript(TestCaseExecutor.java:337)
	at com.kms.katalon.core.main.TestCaseExecutor.doExecute(TestCaseExecutor.java:328)
	at com.kms.katalon.core.main.TestCaseExecutor.processExecutionPhase(TestCaseExecutor.java:307)
	at com.kms.katalon.core.main.TestCaseExecutor.accessMainPhase(TestCaseExecutor.java:299)
	at com.kms.katalon.core.main.TestCaseExecutor.execute(TestCaseExecutor.java:233)
	at com.kms.katalon.core.main.TestCaseMain.runTestCase(TestCaseMain.java:114)
	at com.kms.katalon.core.keyword.builtin.CallTestCaseKeyword$_callTestCase_closure1.doCall(CallTestCaseKeyword.groovy:59)
	at com.kms.katalon.core.keyword.builtin.CallTestCaseKeyword$_callTestCase_closure1.call(CallTestCaseKeyword.groovy)
	at com.kms.katalon.core.keyword.internal.KeywordMain.runKeyword(KeywordMain.groovy:68)
	at com.kms.katalon.core.keyword.builtin.CallTestCaseKeyword.callTestCase(CallTestCaseKeyword.groovy:81)
	at com.kms.katalon.core.keyword.builtin.CallTestCaseKeyword.execute(CallTestCaseKeyword.groovy:44)
	at com.kms.katalon.core.keyword.internal.KeywordExecutor.executeKeywordForPlatform(KeywordExecutor.groovy:72)
	at com.kms.katalon.core.keyword.BuiltinKeywords.callTestCase(BuiltinKeywords.groovy:334)
	at BCAISPS-14745.TCID001.run(BCAISPS-14745.TCID001:24)
	at com.kms.katalon.core.main.ScriptEngine.run(ScriptEngine.java:194)
	at com.kms.katalon.core.main.ScriptEngine.runScriptAsRawText(ScriptEngine.java:119)
	at com.kms.katalon.core.main.TestCaseExecutor.runScript(TestCaseExecutor.java:337)
	at com.kms.katalon.core.main.TestCaseExecutor.doExecute(TestCaseExecutor.java:328)
	at com.kms.katalon.core.main.TestCaseExecutor.processExecutionPhase(TestCaseExecutor.java:307)
	at com.kms.katalon.core.main.TestCaseExecutor.accessMainPhase(TestCaseExecutor.java:299)
	at com.kms.katalon.core.main.TestCaseExecutor.execute(TestCaseExecutor.java:233)
	at com.kms.katalon.core.main.TestSuiteExecutor.accessTestCaseMainPhase(TestSuiteExecutor.java:169)
	at com.kms.katalon.core.main.TestSuiteExecutor.accessTestSuiteMainPhase(TestSuiteExecutor.java:142)
	at com.kms.katalon.core.main.TestSuiteExecutor.execute(TestSuiteExecutor.java:91)
	at com.kms.katalon.core.main.TestCaseMain.startTestSuite(TestCaseMain.java:157)
	at com.kms.katalon.core.main.TestCaseMain$startTestSuite$0.call(Unknown Source)
	at TempTestSuite1589508261822.run(TempTestSuite1589508261822.groovy:36)
)

2020-05-15 10:10:46 - [TEST_STEP][PASSED] - waitForElementNotPresent(findTestObject("Objects.OpenHomepageMenu/XP_LoadingPopUp"), 120, OPTIONAL): Web element with id: 'Object Repository/Objects.OpenHomepageMenu/XP_LoadingPopUp' located by 'By.xpath: //div[@class = 'x-mask-msg-text' and (text() = 'Loading search result. Please wait...' or . = 'Loading search result. Please wait...')]' is not present after '120' second(s)

2020-05-15 10:10:47 - [MESSAGE][PASSED] - Web element with id: 'Object Repository/Objects.OpenHomepageMenu/XP_LoadingPopUp' located by 'By.xpath: //div[@class = 'x-mask-msg-text' and (text() = 'Loading search result. Please wait...' or . = 'Loading search result. Please wait...')]' is not present after '120' second(s)

2020-05-15 10:10:47 - [TEST_STEP][PASSED] - verifyElementVisible(findTestObject("Objects.OpenHomepageMenu/div_ISPS2-PROD-Verify_component-1013")): Object 'Object Repository/Objects.OpenHomepageMenu/div_ISPS2-PROD-Verify_component-1013' is visible

2020-05-15 10:10:48 - [MESSAGE][PASSED] - Object 'Object Repository/Objects.OpenHomepageMenu/div_ISPS2-PROD-Verify_component-1013' is visible

2020-05-15 10:10:48 - [TEST_STEP][PASSED] - click(findTestObject("Objects.OpenHomepageMenu/div_ISPS2-PROD-Verify_component-1013")): Object: 'Object Repository/Objects.OpenHomepageMenu/div_ISPS2-PROD-Verify_component-1013' is clicked on

2020-05-15 10:10:48 - [MESSAGE][PASSED] - Object: 'Object Repository/Objects.OpenHomepageMenu/div_ISPS2-PROD-Verify_component-1013' is clicked on

2020-05-15 10:10:48 - [MESSAGE][PASSED] - Call Test Case 'Test Cases/Components/OpenHomepageMenu' successfully

2020-05-15 10:10:48 - [TEST_STEP][PASSED] - callTestCase(findTestCase("Components/HoverToAnyMenuSelection"), ["MenuSelection":"Utilities"], STOP_ON_FAILURE): Call Test Case 'Test Cases/Components/HoverToAnyMenuSelection' successfully

2020-05-15 10:10:48 - [TEST_CASE][PASSED] - Test Cases/Components/HoverToAnyMenuSelection: Test Cases/Components/HoverToAnyMenuSelection

2020-05-15 10:10:48 - [TEST_STEP][PASSED] - Thread.sleep(1000): null

2020-05-15 10:10:49 - [TEST_STEP][PASSED] - modifiedSelection = modifyObjectProperty(findTestObject("Objects.HoverToAnyMenuSelection/span_Common"), "text", "equals", MenuSelection, true): Modify property of object successfully

2020-05-15 10:10:50 - [MESSAGE][PASSED] - Modify property of object successfully

2020-05-15 10:10:50 - [TEST_STEP][PASSED] - mouseOver(modifiedSelection): Object: 'Object Repository/Objects.HoverToAnyMenuSelection/span_Common' is hovered

2020-05-15 10:10:51 - [MESSAGE][PASSED] - Object: 'Object Repository/Objects.HoverToAnyMenuSelection/span_Common' is hovered

2020-05-15 10:10:51 - [MESSAGE][PASSED] - Call Test Case 'Test Cases/Components/HoverToAnyMenuSelection' successfully

2020-05-15 10:10:51 - [TEST_STEP][PASSED] - callTestCase(findTestCase("Components/HoverToAnyMenuSelection"), ["MenuSelection":"Common"], STOP_ON_FAILURE): Call Test Case 'Test Cases/Components/HoverToAnyMenuSelection' successfully

2020-05-15 10:10:51 - [TEST_CASE][PASSED] - Test Cases/Components/HoverToAnyMenuSelection: Test Cases/Components/HoverToAnyMenuSelection

2020-05-15 10:10:51 - [TEST_STEP][PASSED] - Thread.sleep(1000): null

2020-05-15 10:10:52 - [TEST_STEP][PASSED] - modifiedSelection = modifyObjectProperty(findTestObject("Objects.HoverToAnyMenuSelection/span_Common"), "text", "equals", MenuSelection, true): Modify property of object successfully

2020-05-15 10:10:52 - [MESSAGE][PASSED] - Modify property of object successfully

2020-05-15 10:10:52 - [TEST_STEP][PASSED] - mouseOver(modifiedSelection): Object: 'Object Repository/Objects.HoverToAnyMenuSelection/span_Common' is hovered

2020-05-15 10:10:53 - [MESSAGE][PASSED] - Object: 'Object Repository/Objects.HoverToAnyMenuSelection/span_Common' is hovered

2020-05-15 10:10:53 - [MESSAGE][PASSED] - Call Test Case 'Test Cases/Components/HoverToAnyMenuSelection' successfully

2020-05-15 10:10:53 - [TEST_STEP][PASSED] - callTestCase(findTestCase("Components/HoverToAnyMenuSelection"), ["MenuSelection":"Maintenance"], STOP_ON_FAILURE): Call Test Case 'Test Cases/Components/HoverToAnyMenuSelection' successfully

2020-05-15 10:10:53 - [TEST_CASE][PASSED] - Test Cases/Components/HoverToAnyMenuSelection: Test Cases/Components/HoverToAnyMenuSelection

2020-05-15 10:10:53 - [TEST_STEP][PASSED] - Thread.sleep(1000): null

2020-05-15 10:10:54 - [TEST_STEP][PASSED] - modifiedSelection = modifyObjectProperty(findTestObject("Objects.HoverToAnyMenuSelection/span_Common"), "text", "equals", MenuSelection, true): Modify property of object successfully

2020-05-15 10:10:54 - [MESSAGE][PASSED] - Modify property of object successfully

2020-05-15 10:10:54 - [TEST_STEP][PASSED] - mouseOver(modifiedSelection): Object: 'Object Repository/Objects.HoverToAnyMenuSelection/span_Common' is hovered

2020-05-15 10:10:56 - [MESSAGE][PASSED] - Object: 'Object Repository/Objects.HoverToAnyMenuSelection/span_Common' is hovered

2020-05-15 10:10:56 - [MESSAGE][PASSED] - Call Test Case 'Test Cases/Components/HoverToAnyMenuSelection' successfully

2020-05-15 10:10:56 - [TEST_STEP][PASSED] - callTestCase(findTestCase("Components/HoverToAnyMenuSelection"), ["MenuSelection":"Maintain AC"], STOP_ON_FAILURE): Call Test Case 'Test Cases/Components/HoverToAnyMenuSelection' successfully

2020-05-15 10:10:56 - [TEST_CASE][PASSED] - Test Cases/Components/HoverToAnyMenuSelection: Test Cases/Components/HoverToAnyMenuSelection

2020-05-15 10:10:56 - [TEST_STEP][PASSED] - Thread.sleep(1000): null

2020-05-15 10:10:57 - [TEST_STEP][PASSED] - modifiedSelection = modifyObjectProperty(findTestObject("Objects.HoverToAnyMenuSelection/span_Common"), "text", "equals", MenuSelection, true): Modify property of object successfully

2020-05-15 10:10:57 - [MESSAGE][PASSED] - Modify property of object successfully

2020-05-15 10:10:57 - [TEST_STEP][PASSED] - mouseOver(modifiedSelection): Object: 'Object Repository/Objects.HoverToAnyMenuSelection/span_Common' is hovered

2020-05-15 10:10:58 - [MESSAGE][PASSED] - Object: 'Object Repository/Objects.HoverToAnyMenuSelection/span_Common' is hovered

2020-05-15 10:10:58 - [MESSAGE][PASSED] - Call Test Case 'Test Cases/Components/HoverToAnyMenuSelection' successfully

2020-05-15 10:10:58 - [TEST_STEP][PASSED] - callTestCase(findTestCase("Components/SelectFromMenu"), ["menuToBeClicked":"Maintain AC"], STOP_ON_FAILURE): Call Test Case 'Test Cases/Components/SelectFromMenu' successfully

2020-05-15 10:10:58 - [TEST_CASE][PASSED] - Test Cases/Components/SelectFromMenu: Test Cases/Components/SelectFromMenu

2020-05-15 10:10:58 - [TEST_STEP][PASSED] - Thread.sleep(1000): null

2020-05-15 10:10:59 - [TEST_STEP][PASSED] - modifiedMenuToBeClicked = modifyObjectProperty(findTestObject("Objects.SelectFromMenu/span_Maintain QP"), "text", "equals", menuToBeClicked, true): Modify property of object successfully

2020-05-15 10:10:59 - [MESSAGE][PASSED] - Modify property of object successfully

2020-05-15 10:10:59 - [TEST_STEP][PASSED] - mouseOver(modifiedMenuToBeClicked, STOP_ON_FAILURE): Object: 'Object Repository/Objects.SelectFromMenu/span_Maintain QP' is hovered

2020-05-15 10:11:00 - [MESSAGE][PASSED] - Object: 'Object Repository/Objects.SelectFromMenu/span_Maintain QP' is hovered

2020-05-15 10:11:00 - [TEST_STEP][PASSED] - click(modifiedMenuToBeClicked, STOP_ON_FAILURE): Object: 'Object Repository/Objects.SelectFromMenu/span_Maintain QP' is clicked on

2020-05-15 10:11:04 - [MESSAGE][PASSED] - Object: 'Object Repository/Objects.SelectFromMenu/span_Maintain QP' is clicked on

2020-05-15 10:11:04 - [MESSAGE][PASSED] - Call Test Case 'Test Cases/Components/SelectFromMenu' successfully

2020-05-15 10:11:04 - [TEST_STEP][PASSED] - callTestCase(findTestCase("Components/SetTextOnField"), ["tagToBeUsed":"input", "nameToBeUsed":"acNo", "textToBeInputted":"1160"], STOP_ON_FAILURE): Call Test Case 'Test Cases/Components/SetTextOnField' successfully

2020-05-15 10:11:05 - [TEST_CASE][PASSED] - Test Cases/Components/SetTextOnField: Test Cases/Components/SetTextOnField

2020-05-15 10:11:05 - [TEST_STEP][PASSED] - Thread.sleep(1000): null

2020-05-15 10:11:06 - [TEST_STEP][PASSED] - modifiedTagOfField = modifyObjectProperty(findTestObject("Objects.SetTextOnField/sampleField"), "tag", "equals", tagToBeUsed, false): Modify property of object successfully

2020-05-15 10:11:06 - [MESSAGE][PASSED] - Modify property of object successfully

2020-05-15 10:11:06 - [TEST_STEP][PASSED] - modifiedNameOfField = modifyObjectProperty(modifiedTagOfField, "name", "equals", nameToBeUsed, true): Modify property of object successfully

2020-05-15 10:11:06 - [MESSAGE][PASSED] - Modify property of object successfully

2020-05-15 10:11:06 - [TEST_STEP][PASSED] - com.reusableComponents.HighlightElement.run(modifiedNameOfField): com.reusableComponents.HighlightElement.run is PASSED

2020-05-15 10:11:08 - [MESSAGE][PASSED] - com.reusableComponents.HighlightElement.run is PASSED

2020-05-15 10:11:08 - [TEST_STEP][PASSED] - setText(modifiedNameOfField, textToBeInputted): Text '1160' is set on object 'Object Repository/Objects.SetTextOnField/sampleField'

2020-05-15 10:11:09 - [MESSAGE][PASSED] - Text '1160' is set on object 'Object Repository/Objects.SetTextOnField/sampleField'

2020-05-15 10:11:09 - [MESSAGE][PASSED] - Call Test Case 'Test Cases/Components/SetTextOnField' successfully

2020-05-15 10:11:09 - [TEST_STEP][PASSED] - callTestCase(findTestCase("Components/ClickBlueButtonsWithXPI"), ["Button":"Search", "Index":3], STOP_ON_FAILURE): Call Test Case 'Test Cases/Components/ClickBlueButtonsWithXPI' successfully

2020-05-15 10:11:09 - [TEST_CASE][PASSED] - Test Cases/Components/ClickBlueButtonsWithXPI: Test Cases/Components/ClickBlueButtonsWithXPI

2020-05-15 10:11:09 - [TEST_STEP][PASSED] - Thread.sleep(1000): null

2020-05-15 10:11:10 - [TEST_STEP][PASSED] - complexlyModifiedButtonGG = modifyObjectProperty(findTestObject("Objects.ClickBlueButtonsWithXPI/span_Reset"), "xPath", "equals", "(//span[text()="" + Button + ""])[" + Index + "]", true): Modify property of object successfully

2020-05-15 10:11:10 - [MESSAGE][PASSED] - Modify property of object successfully

2020-05-15 10:11:10 - [TEST_STEP][PASSED] - Thread.sleep(5000): null

2020-05-15 10:11:15 - [TEST_STEP][PASSED] - Thread.sleep(5000): null

2020-05-15 10:11:20 - [TEST_STEP][PASSED] - click(complexlyModifiedButtonGG): Object: 'Object Repository/Objects.ClickBlueButtonsWithXPI/span_Reset' is clicked on

2020-05-15 10:11:22 - [MESSAGE][PASSED] - Object: 'Object Repository/Objects.ClickBlueButtonsWithXPI/span_Reset' is clicked on

2020-05-15 10:11:22 - [TEST_STEP][PASSED] - Thread.sleep(5000): null

2020-05-15 10:11:27 - [MESSAGE][PASSED] - Call Test Case 'Test Cases/Components/ClickBlueButtonsWithXPI' successfully

2020-05-15 10:11:27 - [TEST_STEP][PASSED] - callTestCase(findTestCase("Components/ClickLink"), ["LinkToModify":"dummy ac name"], STOP_ON_FAILURE): Call Test Case 'Test Cases/Components/ClickLink' successfully

2020-05-15 10:11:27 - [TEST_CASE][PASSED] - Test Cases/Components/ClickLink: Test Cases/Components/ClickLink

2020-05-15 10:11:27 - [TEST_STEP][PASSED] - Thread.sleep(1000): null

2020-05-15 10:11:28 - [TEST_STEP][PASSED] - modifiedLink = modifyObjectProperty(findTestObject("Objects.ClickLink/Page_ISPS2/LinkToModify"), "text", "equals", LinkToModify, true): Modify property of object successfully

2020-05-15 10:11:28 - [MESSAGE][PASSED] - Modify property of object successfully

2020-05-15 10:11:28 - [TEST_STEP][PASSED] - com.reusableComponents.HighlightElement.run(modifiedLink): com.reusableComponents.HighlightElement.run is PASSED

2020-05-15 10:11:31 - [MESSAGE][PASSED] - com.reusableComponents.HighlightElement.run is PASSED

2020-05-15 10:11:31 - [TEST_STEP][PASSED] - click(modifiedLink): Object: 'Object Repository/Objects.ClickLink/Page_ISPS2/LinkToModify' is clicked on

2020-05-15 10:11:32 - [MESSAGE][PASSED] - Object: 'Object Repository/Objects.ClickLink/Page_ISPS2/LinkToModify' is clicked on

2020-05-15 10:11:32 - [MESSAGE][PASSED] - Call Test Case 'Test Cases/Components/ClickLink' successfully

2020-05-15 10:11:32 - [TEST_STEP][PASSED] - callTestCase(findTestCase("Components/ClickRadioButton"), ["Index":2], STOP_ON_FAILURE): Call Test Case 'Test Cases/Components/ClickRadioButton' successfully

2020-05-15 10:11:32 - [TEST_CASE][PASSED] - Test Cases/Components/ClickRadioButton: Test Cases/Components/ClickRadioButton

2020-05-15 10:11:34 - [TEST_STEP][PASSED] - Thread.sleep(1000): null

2020-05-15 10:11:35 - [TEST_STEP][NOT_RUN] - com.reusableComponents.HighlightElement.run(findTestObject("Objects.ClickRadioButtonRegulatoryRequirements/ApprovedDocument")): NOT_RUN: com.reusableComponents.HighlightElement.run(findTestObject("Objects.ClickRadioButtonRegulatoryRequirements/ApprovedDocument"))

2020-05-15 10:11:35 - [MESSAGE][NOT_RUN] - NOT_RUN: com.reusableComponents.HighlightElement.run(findTestObject("Objects.ClickRadioButtonRegulatoryRequirements/ApprovedDocument"))

2020-05-15 10:11:35 - [TEST_STEP][NOT_RUN] - click(findTestObject("Objects.ClickRadioButtonRegulatoryRequirements/span_Building Control (Environment Sustainability) Regulations 2008_radiofield-1851-displayEl")): NOT_RUN: click(findTestObject("Objects.ClickRadioButtonRegulatoryRequirements/span_Building Control (Environment Sustainability) Regulations 2008_radiofield-1851-displayEl"))

2020-05-15 10:11:35 - [MESSAGE][NOT_RUN] - NOT_RUN: click(findTestObject("Objects.ClickRadioButtonRegulatoryRequirements/span_Building Control (Environment Sustainability) Regulations 2008_radiofield-1851-displayEl"))

2020-05-15 10:11:35 - [TEST_STEP][PASSED] - modifiedRadioButton = modifyObjectProperty(findTestObject("Objects.ClickRadioButton/DynamicRadioButton"), "xpath", "equals", "(//span[contains(@class, 'x-form-field x-form-radio x-form-radio-default x-form-cb x-form-cb-default ')])[" + Index + "]", true): Modify property of object successfully

2020-05-15 10:11:36 - [MESSAGE][PASSED] - Modify property of object successfully

2020-05-15 10:11:36 - [TEST_STEP][PASSED] - com.reusableComponents.HighlightElement.run(modifiedRadioButton): com.reusableComponents.HighlightElement.run is PASSED

2020-05-15 10:11:40 - [MESSAGE][PASSED] - com.reusableComponents.HighlightElement.run is PASSED

2020-05-15 10:11:40 - [TEST_STEP][PASSED] - click(modifiedRadioButton): Object: 'Object Repository/Objects.ClickRadioButton/DynamicRadioButton' is clicked on

2020-05-15 10:11:40 - [MESSAGE][PASSED] - Object: 'Object Repository/Objects.ClickRadioButton/DynamicRadioButton' is clicked on

2020-05-15 10:11:40 - [MESSAGE][PASSED] - Call Test Case 'Test Cases/Components/ClickRadioButton' successfully

2020-05-15 10:11:40 - [TEST_STEP][PASSED] - callTestCase(findTestCase("Components/GetTextOfFieldAndStoreInAGlobalVariable"), ["tagToBeUsed":"textarea", "nameToBeUsed":"foreignAddr"], STOP_ON_FAILURE): Call Test Case 'Test Cases/Components/GetTextOfFieldAndStoreInAGlobalVariable' successfully

2020-05-15 10:11:40 - [TEST_CASE][PASSED] - Test Cases/Components/GetTextOfFieldAndStoreInAGlobalVariable: Test Cases/Components/GetTextOfFieldAndStoreInAGlobalVariable

2020-05-15 10:11:41 - [TEST_STEP][PASSED] - Thread.sleep(1000): null

2020-05-15 10:11:42 - [TEST_STEP][PASSED] - modifiedTagOfField = modifyObjectProperty(findTestObject("Objects.GetTextOfFieldAndStoreInAGlobalVariable/objectToBeModified"), "tag", "equals", tagToBeUsed, false): Modify property of object successfully

2020-05-15 10:11:42 - [MESSAGE][PASSED] - Modify property of object successfully

2020-05-15 10:11:42 - [TEST_STEP][PASSED] - modifiedNameOfField = modifyObjectProperty(modifiedTagOfField, "name", "equals", nameToBeUsed, true): Modify property of object successfully

2020-05-15 10:11:42 - [MESSAGE][PASSED] - Modify property of object successfully

2020-05-15 10:11:42 - [TEST_STEP][PASSED] - com.reusableComponents.HighlightElement.run(modifiedNameOfField): com.reusableComponents.HighlightElement.run is PASSED

2020-05-15 10:11:44 - [MESSAGE][PASSED] - com.reusableComponents.HighlightElement.run is PASSED

2020-05-15 10:11:44 - [TEST_STEP][PASSED] - click(modifiedNameOfField): Object: 'Object Repository/Objects.GetTextOfFieldAndStoreInAGlobalVariable/objectToBeModified' is clicked on

2020-05-15 10:11:45 - [MESSAGE][PASSED] - Object: 'Object Repository/Objects.GetTextOfFieldAndStoreInAGlobalVariable/objectToBeModified' is clicked on

2020-05-15 10:11:45 - [TEST_STEP][PASSED] - sendKeys(modifiedNameOfField, Keys.chord(CONTROL, "a")): Keys 'CONTROL + a' sent to object: 'Object Repository/Objects.GetTextOfFieldAndStoreInAGlobalVariable/objectToBeModified'

2020-05-15 10:11:45 - [MESSAGE][PASSED] - Keys 'CONTROL + a' sent to object: 'Object Repository/Objects.GetTextOfFieldAndStoreInAGlobalVariable/objectToBeModified'

2020-05-15 10:11:45 - [TEST_STEP][PASSED] - sendKeys(modifiedNameOfField, Keys.chord(LEFT_CONTROL, "c")): Keys 'CONTROL + c' sent to object: 'Object Repository/Objects.GetTextOfFieldAndStoreInAGlobalVariable/objectToBeModified'

2020-05-15 10:11:46 - [MESSAGE][PASSED] - Keys 'CONTROL + c' sent to object: 'Object Repository/Objects.GetTextOfFieldAndStoreInAGlobalVariable/objectToBeModified'

2020-05-15 10:11:46 - [TEST_STEP][PASSED] - clipboardValue = getContents(null).getTransferData(stringFlavor): null

2020-05-15 10:11:47 - [TEST_STEP][PASSED] - inputFieldText = clipboardValue: null

2020-05-15 10:11:47 - [MESSAGE][PASSED] - Call Test Case 'Test Cases/Components/GetTextOfFieldAndStoreInAGlobalVariable' successfully

2020-05-15 10:11:47 - [TEST_STEP][PASSED] - callTestCase(findTestCase("Components/ClickBlueButtonsWithXPI"), ["Button":"Back", "Index":1], STOP_ON_FAILURE): Call Test Case 'Test Cases/Components/ClickBlueButtonsWithXPI' successfully

2020-05-15 10:11:47 - [TEST_CASE][PASSED] - Test Cases/Components/ClickBlueButtonsWithXPI: Test Cases/Components/ClickBlueButtonsWithXPI

2020-05-15 10:11:47 - [TEST_STEP][PASSED] - Thread.sleep(1000): null

2020-05-15 10:11:48 - [TEST_STEP][PASSED] - complexlyModifiedButtonGG = modifyObjectProperty(findTestObject("Objects.ClickBlueButtonsWithXPI/span_Reset"), "xPath", "equals", "(//span[text()="" + Button + ""])[" + Index + "]", true): Modify property of object successfully

2020-05-15 10:11:48 - [MESSAGE][PASSED] - Modify property of object successfully

2020-05-15 10:11:48 - [TEST_STEP][PASSED] - Thread.sleep(5000): null

2020-05-15 10:11:53 - [TEST_STEP][PASSED] - Thread.sleep(5000): null

2020-05-15 10:11:58 - [TEST_STEP][PASSED] - click(complexlyModifiedButtonGG): Object: 'Object Repository/Objects.ClickBlueButtonsWithXPI/span_Reset' is clicked on

2020-05-15 10:12:01 - [MESSAGE][PASSED] - Object: 'Object Repository/Objects.ClickBlueButtonsWithXPI/span_Reset' is clicked on

2020-05-15 10:12:01 - [TEST_STEP][PASSED] - Thread.sleep(5000): null

2020-05-15 10:12:06 - [MESSAGE][PASSED] - Call Test Case 'Test Cases/Components/ClickBlueButtonsWithXPI' successfully

2020-05-15 10:12:06 - [TEST_STEP][PASSED] - callTestCase(findTestCase("Components/VerifyTextPresentInPage"), ["tagToModify":"div", "textToModify":inputFieldText], STOP_ON_FAILURE): Call Test Case 'Test Cases/Components/VerifyTextPresentInPage' successfully

2020-05-15 10:12:06 - [TEST_CASE][PASSED] - Test Cases/Components/VerifyTextPresentInPage: Test Cases/Components/VerifyTextPresentInPage

2020-05-15 10:12:06 - [TEST_STEP][PASSED] - Thread.sleep(3000): null

2020-05-15 10:12:09 - [TEST_STEP][NOT_RUN] - verifyTextPresent(textToLocate, false): NOT_RUN: verifyTextPresent(textToLocate, false)

2020-05-15 10:12:09 - [MESSAGE][NOT_RUN] - NOT_RUN: verifyTextPresent(textToLocate, false)

2020-05-15 10:12:09 - [TEST_STEP][NOT_RUN] - com.reusableComponents.HighlightElement.run(textToLocate): NOT_RUN: com.reusableComponents.HighlightElement.run(textToLocate)

2020-05-15 10:12:09 - [MESSAGE][NOT_RUN] - NOT_RUN: com.reusableComponents.HighlightElement.run(textToLocate)

2020-05-15 10:12:09 - [TEST_STEP][PASSED] - modifiedTag = modifyObjectProperty(findTestObject("Objects.VerifyTextPresent/Page_ISPS2/objectToModify"), "tag", "equals", tagToModify, true): Modify property of object successfully

2020-05-15 10:12:09 - [MESSAGE][PASSED] - Modify property of object successfully

2020-05-15 10:12:09 - [TEST_STEP][PASSED] - modified = modifyObjectProperty(modifiedTag, "text", "equals", textToModify, true): Modify property of object successfully

2020-05-15 10:12:09 - [MESSAGE][PASSED] - Modify property of object successfully

2020-05-15 10:12:09 - [TEST_STEP][PASSED] - com.reusableComponents.HighlightElement.run(modified): com.reusableComponents.HighlightElement.run is PASSED

2020-05-15 10:12:12 - [MESSAGE][PASSED] - com.reusableComponents.HighlightElement.run is PASSED

2020-05-15 10:12:12 - [TEST_STEP][PASSED] - Thread.sleep(3000): null

2020-05-15 10:12:15 - [MESSAGE][PASSED] - Call Test Case 'Test Cases/Components/VerifyTextPresentInPage' successfully

2020-05-15 10:12:15 - [TEST_STEP][PASSED] - callTestCase(findTestCase("Components/NavigateToDashboard"), [:], STOP_ON_FAILURE): Call Test Case 'Test Cases/Components/NavigateToDashboard' successfully

2020-05-15 10:12:15 - [TEST_CASE][PASSED] - Test Cases/Components/NavigateToDashboard: Test Cases/Components/NavigateToDashboard

2020-05-15 10:12:17 - [TEST_STEP][PASSED] - click(findTestObject("Objects.NavigateToDashboard/a_ISPS2-PROD-Verify")): Object: 'Object Repository/Objects.NavigateToDashboard/a_ISPS2-PROD-Verify' is clicked on

2020-05-15 10:12:23 - [MESSAGE][PASSED] - Object: 'Object Repository/Objects.NavigateToDashboard/a_ISPS2-PROD-Verify' is clicked on

2020-05-15 10:12:23 - [TEST_STEP][PASSED] - waitForPageLoad(30): Wait for page load successfully

2020-05-15 10:12:23 - [MESSAGE][PASSED] - Wait for page load successfully

2020-05-15 10:12:23 - [TEST_STEP][PASSED] - Thread.sleep(3000): null

2020-05-15 10:12:26 - [TEST_STEP][PASSED] - verifyTextPresent("Loading search result. Please wait...", false, OPTIONAL): Text 'Loading search result. Please wait...' is not present on page  (Root cause: com.kms.katalon.core.exception.StepFailedException: Text 'Loading search result. Please wait...' is not present on page 
	at com.kms.katalon.core.webui.keyword.internal.WebUIKeywordMain.stepFailed(WebUIKeywordMain.groovy:64)
	at com.kms.katalon.core.webui.keyword.builtin.VerifyTextPresentKeyword$_verifyTextPresent_closure1.doCall(VerifyTextPresentKeyword.groovy:79)
	at com.kms.katalon.core.webui.keyword.builtin.VerifyTextPresentKeyword$_verifyTextPresent_closure1.call(VerifyTextPresentKeyword.groovy)
	at com.kms.katalon.core.webui.keyword.internal.WebUIKeywordMain.runKeyword(WebUIKeywordMain.groovy:20)
	at com.kms.katalon.core.webui.keyword.builtin.VerifyTextPresentKeyword.verifyTextPresent(VerifyTextPresentKeyword.groovy:83)
	at com.kms.katalon.core.webui.keyword.builtin.VerifyTextPresentKeyword.execute(VerifyTextPresentKeyword.groovy:68)
	at com.kms.katalon.core.keyword.internal.KeywordExecutor.executeKeywordForPlatform(KeywordExecutor.groovy:72)
	at com.kms.katalon.core.webui.keyword.WebUiBuiltInKeywords.verifyTextPresent(WebUiBuiltInKeywords.groovy:1703)
	at com.kms.katalon.core.webui.keyword.WebUiBuiltInKeywords$verifyTextPresent$6.call(Unknown Source)
	at NavigateToDashboard.run(NavigateToDashboard:30)
	at com.kms.katalon.core.main.ScriptEngine.run(ScriptEngine.java:194)
	at com.kms.katalon.core.main.ScriptEngine.runScriptAsRawText(ScriptEngine.java:119)
	at com.kms.katalon.core.main.TestCaseExecutor.runScript(TestCaseExecutor.java:337)
	at com.kms.katalon.core.main.TestCaseExecutor.doExecute(TestCaseExecutor.java:328)
	at com.kms.katalon.core.main.TestCaseExecutor.processExecutionPhase(TestCaseExecutor.java:307)
	at com.kms.katalon.core.main.TestCaseExecutor.accessMainPhase(TestCaseExecutor.java:299)
	at com.kms.katalon.core.main.TestCaseExecutor.execute(TestCaseExecutor.java:233)
	at com.kms.katalon.core.main.TestCaseMain.runTestCase(TestCaseMain.java:114)
	at com.kms.katalon.core.keyword.builtin.CallTestCaseKeyword$_callTestCase_closure1.doCall(CallTestCaseKeyword.groovy:59)
	at com.kms.katalon.core.keyword.builtin.CallTestCaseKeyword$_callTestCase_closure1.call(CallTestCaseKeyword.groovy)
	at com.kms.katalon.core.keyword.internal.KeywordMain.runKeyword(KeywordMain.groovy:68)
	at com.kms.katalon.core.keyword.builtin.CallTestCaseKeyword.callTestCase(CallTestCaseKeyword.groovy:81)
	at com.kms.katalon.core.keyword.builtin.CallTestCaseKeyword.execute(CallTestCaseKeyword.groovy:44)
	at com.kms.katalon.core.keyword.internal.KeywordExecutor.executeKeywordForPlatform(KeywordExecutor.groovy:72)
	at com.kms.katalon.core.keyword.BuiltinKeywords.callTestCase(BuiltinKeywords.groovy:334)
	at BCAISPS-14745.TCID001.run(BCAISPS-14745.TCID001:66)
	at com.kms.katalon.core.main.ScriptEngine.run(ScriptEngine.java:194)
	at com.kms.katalon.core.main.ScriptEngine.runScriptAsRawText(ScriptEngine.java:119)
	at com.kms.katalon.core.main.TestCaseExecutor.runScript(TestCaseExecutor.java:337)
	at com.kms.katalon.core.main.TestCaseExecutor.doExecute(TestCaseExecutor.java:328)
	at com.kms.katalon.core.main.TestCaseExecutor.processExecutionPhase(TestCaseExecutor.java:307)
	at com.kms.katalon.core.main.TestCaseExecutor.accessMainPhase(TestCaseExecutor.java:299)
	at com.kms.katalon.core.main.TestCaseExecutor.execute(TestCaseExecutor.java:233)
	at com.kms.katalon.core.main.TestSuiteExecutor.accessTestCaseMainPhase(TestSuiteExecutor.java:169)
	at com.kms.katalon.core.main.TestSuiteExecutor.accessTestSuiteMainPhase(TestSuiteExecutor.java:142)
	at com.kms.katalon.core.main.TestSuiteExecutor.execute(TestSuiteExecutor.java:91)
	at com.kms.katalon.core.main.TestCaseMain.startTestSuite(TestCaseMain.java:157)
	at com.kms.katalon.core.main.TestCaseMain$startTestSuite$0.call(Unknown Source)
	at TempTestSuite1589508261822.run(TempTestSuite1589508261822.groovy:36)
)

2020-05-15 10:12:35 - [MESSAGE][WARNING] - Text 'Loading search result. Please wait...' is not present on page  (Root cause: com.kms.katalon.core.exception.StepFailedException: Text 'Loading search result. Please wait...' is not present on page 
	at com.kms.katalon.core.webui.keyword.internal.WebUIKeywordMain.stepFailed(WebUIKeywordMain.groovy:64)
	at com.kms.katalon.core.webui.keyword.builtin.VerifyTextPresentKeyword$_verifyTextPresent_closure1.doCall(VerifyTextPresentKeyword.groovy:79)
	at com.kms.katalon.core.webui.keyword.builtin.VerifyTextPresentKeyword$_verifyTextPresent_closure1.call(VerifyTextPresentKeyword.groovy)
	at com.kms.katalon.core.webui.keyword.internal.WebUIKeywordMain.runKeyword(WebUIKeywordMain.groovy:20)
	at com.kms.katalon.core.webui.keyword.builtin.VerifyTextPresentKeyword.verifyTextPresent(VerifyTextPresentKeyword.groovy:83)
	at com.kms.katalon.core.webui.keyword.builtin.VerifyTextPresentKeyword.execute(VerifyTextPresentKeyword.groovy:68)
	at com.kms.katalon.core.keyword.internal.KeywordExecutor.executeKeywordForPlatform(KeywordExecutor.groovy:72)
	at com.kms.katalon.core.webui.keyword.WebUiBuiltInKeywords.verifyTextPresent(WebUiBuiltInKeywords.groovy:1703)
	at com.kms.katalon.core.webui.keyword.WebUiBuiltInKeywords$verifyTextPresent$6.call(Unknown Source)
	at NavigateToDashboard.run(NavigateToDashboard:30)
	at com.kms.katalon.core.main.ScriptEngine.run(ScriptEngine.java:194)
	at com.kms.katalon.core.main.ScriptEngine.runScriptAsRawText(ScriptEngine.java:119)
	at com.kms.katalon.core.main.TestCaseExecutor.runScript(TestCaseExecutor.java:337)
	at com.kms.katalon.core.main.TestCaseExecutor.doExecute(TestCaseExecutor.java:328)
	at com.kms.katalon.core.main.TestCaseExecutor.processExecutionPhase(TestCaseExecutor.java:307)
	at com.kms.katalon.core.main.TestCaseExecutor.accessMainPhase(TestCaseExecutor.java:299)
	at com.kms.katalon.core.main.TestCaseExecutor.execute(TestCaseExecutor.java:233)
	at com.kms.katalon.core.main.TestCaseMain.runTestCase(TestCaseMain.java:114)
	at com.kms.katalon.core.keyword.builtin.CallTestCaseKeyword$_callTestCase_closure1.doCall(CallTestCaseKeyword.groovy:59)
	at com.kms.katalon.core.keyword.builtin.CallTestCaseKeyword$_callTestCase_closure1.call(CallTestCaseKeyword.groovy)
	at com.kms.katalon.core.keyword.internal.KeywordMain.runKeyword(KeywordMain.groovy:68)
	at com.kms.katalon.core.keyword.builtin.CallTestCaseKeyword.callTestCase(CallTestCaseKeyword.groovy:81)
	at com.kms.katalon.core.keyword.builtin.CallTestCaseKeyword.execute(CallTestCaseKeyword.groovy:44)
	at com.kms.katalon.core.keyword.internal.KeywordExecutor.executeKeywordForPlatform(KeywordExecutor.groovy:72)
	at com.kms.katalon.core.keyword.BuiltinKeywords.callTestCase(BuiltinKeywords.groovy:334)
	at BCAISPS-14745.TCID001.run(BCAISPS-14745.TCID001:66)
	at com.kms.katalon.core.main.ScriptEngine.run(ScriptEngine.java:194)
	at com.kms.katalon.core.main.ScriptEngine.runScriptAsRawText(ScriptEngine.java:119)
	at com.kms.katalon.core.main.TestCaseExecutor.runScript(TestCaseExecutor.java:337)
	at com.kms.katalon.core.main.TestCaseExecutor.doExecute(TestCaseExecutor.java:328)
	at com.kms.katalon.core.main.TestCaseExecutor.processExecutionPhase(TestCaseExecutor.java:307)
	at com.kms.katalon.core.main.TestCaseExecutor.accessMainPhase(TestCaseExecutor.java:299)
	at com.kms.katalon.core.main.TestCaseExecutor.execute(TestCaseExecutor.java:233)
	at com.kms.katalon.core.main.TestSuiteExecutor.accessTestCaseMainPhase(TestSuiteExecutor.java:169)
	at com.kms.katalon.core.main.TestSuiteExecutor.accessTestSuiteMainPhase(TestSuiteExecutor.java:142)
	at com.kms.katalon.core.main.TestSuiteExecutor.execute(TestSuiteExecutor.java:91)
	at com.kms.katalon.core.main.TestCaseMain.startTestSuite(TestCaseMain.java:157)
	at com.kms.katalon.core.main.TestCaseMain$startTestSuite$0.call(Unknown Source)
	at TempTestSuite1589508261822.run(TempTestSuite1589508261822.groovy:36)
)

2020-05-15 10:12:35 - [TEST_STEP][PASSED] - waitForElementNotPresent(findTestObject("Objects.NavigateToDashboard/div_Loading search result Please wait"), 120): Web element with id: 'Object Repository/Objects.NavigateToDashboard/div_Loading search result Please wait' located by 'By.xpath: //div[@class = 'x-mask-msg-text' and (text() = 'Loading search result. Please wait...' or . = 'Loading search result. Please wait...')]' is not present after '120' second(s)

2020-05-15 10:12:36 - [MESSAGE][PASSED] - Web element with id: 'Object Repository/Objects.NavigateToDashboard/div_Loading search result Please wait' located by 'By.xpath: //div[@class = 'x-mask-msg-text' and (text() = 'Loading search result. Please wait...' or . = 'Loading search result. Please wait...')]' is not present after '120' second(s)

2020-05-15 10:12:36 - [TEST_STEP][PASSED] - Thread.sleep(3000): null

2020-05-15 10:12:39 - [MESSAGE][PASSED] - Call Test Case 'Test Cases/Components/NavigateToDashboard' successfully

2020-05-15 10:12:39 - [TEST_STEP][FAILED] - callTestCase(findTestCase("Components/Logout"), [:], STOP_ON_FAILURE): Unable to call Test Case 'Test Cases/Components/Logout' (Root cause: com.kms.katalon.core.exception.StepErrorException: Call Test Case 'Test Cases/Components/Logout' failed because of error(s)
	at com.kms.katalon.core.keyword.builtin.CallTestCaseKeyword$_callTestCase_closure1.doCall(CallTestCaseKeyword.groovy:66)
	at com.kms.katalon.core.keyword.builtin.CallTestCaseKeyword$_callTestCase_closure1.call(CallTestCaseKeyword.groovy)
	at com.kms.katalon.core.keyword.internal.KeywordMain.runKeyword(KeywordMain.groovy:68)
	at com.kms.katalon.core.keyword.builtin.CallTestCaseKeyword.callTestCase(CallTestCaseKeyword.groovy:81)
	at com.kms.katalon.core.keyword.builtin.CallTestCaseKeyword.execute(CallTestCaseKeyword.groovy:44)
	at com.kms.katalon.core.keyword.internal.KeywordExecutor.executeKeywordForPlatform(KeywordExecutor.groovy:72)
	at com.kms.katalon.core.keyword.BuiltinKeywords.callTestCase(BuiltinKeywords.groovy:334)
	at BCAISPS-14745.TCID001.run(BCAISPS-14745.TCID001:69)
	at com.kms.katalon.core.main.ScriptEngine.run(ScriptEngine.java:194)
	at com.kms.katalon.core.main.ScriptEngine.runScriptAsRawText(ScriptEngine.java:119)
	at com.kms.katalon.core.main.TestCaseExecutor.runScript(TestCaseExecutor.java:337)
	at com.kms.katalon.core.main.TestCaseExecutor.doExecute(TestCaseExecutor.java:328)
	at com.kms.katalon.core.main.TestCaseExecutor.processExecutionPhase(TestCaseExecutor.java:307)
	at com.kms.katalon.core.main.TestCaseExecutor.accessMainPhase(TestCaseExecutor.java:299)
	at com.kms.katalon.core.main.TestCaseExecutor.execute(TestCaseExecutor.java:233)
	at com.kms.katalon.core.main.TestSuiteExecutor.accessTestCaseMainPhase(TestSuiteExecutor.java:169)
	at com.kms.katalon.core.main.TestSuiteExecutor.accessTestSuiteMainPhase(TestSuiteExecutor.java:142)
	at com.kms.katalon.core.main.TestSuiteExecutor.execute(TestSuiteExecutor.java:91)
	at com.kms.katalon.core.main.TestCaseMain.startTestSuite(TestCaseMain.java:157)
	at com.kms.katalon.core.main.TestCaseMain$startTestSuite$0.call(Unknown Source)
	at TempTestSuite1589508261822.run(TempTestSuite1589508261822.groovy:36)
Caused by: groovy.lang.MissingPropertyException: No such property: LogoutPageTextToBeVerified for class: Script1562295658319
	at Logout.run(Logout:40)
	at com.kms.katalon.core.main.ScriptEngine.run(ScriptEngine.java:194)
	at com.kms.katalon.core.main.ScriptEngine.runScriptAsRawText(ScriptEngine.java:119)
	at com.kms.katalon.core.main.TestCaseExecutor.runScript(TestCaseExecutor.java:337)
	at com.kms.katalon.core.main.TestCaseExecutor.doExecute(TestCaseExecutor.java:328)
	at com.kms.katalon.core.main.TestCaseExecutor.processExecutionPhase(TestCaseExecutor.java:307)
	at com.kms.katalon.core.main.TestCaseExecutor.accessMainPhase(TestCaseExecutor.java:299)
	at com.kms.katalon.core.main.TestCaseExecutor.execute(TestCaseExecutor.java:233)
	at com.kms.katalon.core.main.TestCaseMain.runTestCase(TestCaseMain.java:114)
	at com.kms.katalon.core.keyword.builtin.CallTestCaseKeyword$_callTestCase_closure1.doCall(CallTestCaseKeyword.groovy:59)
	... 20 more
)

2020-05-15 10:12:39 - [TEST_CASE][ERROR] - Test Cases/Components/Logout: Test Cases/Components/Logout FAILED.
Reason:
groovy.lang.MissingPropertyException: No such property: LogoutPageTextToBeVerified for class: Script1562295658319
	at Logout.run(Logout:40)
	at com.kms.katalon.core.main.ScriptEngine.run(ScriptEngine.java:194)
	at com.kms.katalon.core.main.ScriptEngine.runScriptAsRawText(ScriptEngine.java:119)
	at com.kms.katalon.core.main.TestCaseExecutor.runScript(TestCaseExecutor.java:337)
	at com.kms.katalon.core.main.TestCaseExecutor.doExecute(TestCaseExecutor.java:328)
	at com.kms.katalon.core.main.TestCaseExecutor.processExecutionPhase(TestCaseExecutor.java:307)
	at com.kms.katalon.core.main.TestCaseExecutor.accessMainPhase(TestCaseExecutor.java:299)
	at com.kms.katalon.core.main.TestCaseExecutor.execute(TestCaseExecutor.java:233)
	at com.kms.katalon.core.main.TestCaseMain.runTestCase(TestCaseMain.java:114)
	at com.kms.katalon.core.keyword.builtin.CallTestCaseKeyword$_callTestCase_closure1.doCall(CallTestCaseKeyword.groovy:59)
	at com.kms.katalon.core.keyword.builtin.CallTestCaseKeyword$_callTestCase_closure1.call(CallTestCaseKeyword.groovy)
	at com.kms.katalon.core.keyword.internal.KeywordMain.runKeyword(KeywordMain.groovy:68)
	at com.kms.katalon.core.keyword.builtin.CallTestCaseKeyword.callTestCase(CallTestCaseKeyword.groovy:81)
	at com.kms.katalon.core.keyword.builtin.CallTestCaseKeyword.execute(CallTestCaseKeyword.groovy:44)
	at com.kms.katalon.core.keyword.internal.KeywordExecutor.executeKeywordForPlatform(KeywordExecutor.groovy:72)
	at com.kms.katalon.core.keyword.BuiltinKeywords.callTestCase(BuiltinKeywords.groovy:334)
	at BCAISPS-14745.TCID001.run(BCAISPS-14745.TCID001:69)
	at com.kms.katalon.core.main.ScriptEngine.run(ScriptEngine.java:194)
	at com.kms.katalon.core.main.ScriptEngine.runScriptAsRawText(ScriptEngine.java:119)
	at com.kms.katalon.core.main.TestCaseExecutor.runScript(TestCaseExecutor.java:337)
	at com.kms.katalon.core.main.TestCaseExecutor.doExecute(TestCaseExecutor.java:328)
	at com.kms.katalon.core.main.TestCaseExecutor.processExecutionPhase(TestCaseExecutor.java:307)
	at com.kms.katalon.core.main.TestCaseExecutor.accessMainPhase(TestCaseExecutor.java:299)
	at com.kms.katalon.core.main.TestCaseExecutor.execute(TestCaseExecutor.java:233)
	at com.kms.katalon.core.main.TestSuiteExecutor.accessTestCaseMainPhase(TestSuiteExecutor.java:169)
	at com.kms.katalon.core.main.TestSuiteExecutor.accessTestSuiteMainPhase(TestSuiteExecutor.java:142)
	at com.kms.katalon.core.main.TestSuiteExecutor.execute(TestSuiteExecutor.java:91)
	at com.kms.katalon.core.main.TestCaseMain.startTestSuite(TestCaseMain.java:157)
	at com.kms.katalon.core.main.TestCaseMain$startTestSuite$0.call(Unknown Source)
	at TempTestSuite1589508261822.run(TempTestSuite1589508261822.groovy:36)


2020-05-15 10:12:42 - [TEST_STEP][PASSED] - Thread.sleep(3000): null

2020-05-15 10:12:45 - [TEST_STEP][NOT_RUN] - com.reusableComponents.HighlightElement.run(findTestObject("Objects.Logout/accountDropdown")): NOT_RUN: com.reusableComponents.HighlightElement.run(findTestObject("Objects.Logout/accountDropdown"))

2020-05-15 10:12:45 - [MESSAGE][NOT_RUN] - NOT_RUN: com.reusableComponents.HighlightElement.run(findTestObject("Objects.Logout/accountDropdown"))

2020-05-15 10:12:45 - [TEST_STEP][NOT_RUN] - click(findTestObject("Objects.Logout/accountDropdown")): NOT_RUN: click(findTestObject("Objects.Logout/accountDropdown"))

2020-05-15 10:12:45 - [MESSAGE][NOT_RUN] - NOT_RUN: click(findTestObject("Objects.Logout/accountDropdown"))

2020-05-15 10:12:45 - [TEST_STEP][NOT_RUN] - com.reusableComponents.clickUsingJS.clickUsingJS(findTestObject("Objects.Logout/accountDropdown"), 0): NOT_RUN: com.reusableComponents.clickUsingJS.clickUsingJS(findTestObject("Objects.Logout/accountDropdown"), 0)

2020-05-15 10:12:45 - [MESSAGE][NOT_RUN] - NOT_RUN: com.reusableComponents.clickUsingJS.clickUsingJS(findTestObject("Objects.Logout/accountDropdown"), 0)

2020-05-15 10:12:45 - [TEST_STEP][PASSED] - element = findWebElement(findTestObject("Objects.Logout/accountDropdown"), 30): null

2020-05-15 10:12:47 - [TEST_STEP][PASSED] - executeJavaScript("arguments[0].click()", Arrays.asList(element)): Execute JavaScript 'arguments[0].click()' successfully

2020-05-15 10:12:48 - [MESSAGE][PASSED] - Execute JavaScript 'arguments[0].click()' successfully

2020-05-15 10:12:48 - [TEST_STEP][NOT_RUN] - com.reusableComponents.HighlightElement.run(findTestObject("Objects.Logout/span_Logout")): NOT_RUN: com.reusableComponents.HighlightElement.run(findTestObject("Objects.Logout/span_Logout"))

2020-05-15 10:12:48 - [MESSAGE][NOT_RUN] - NOT_RUN: com.reusableComponents.HighlightElement.run(findTestObject("Objects.Logout/span_Logout"))

2020-05-15 10:12:48 - [TEST_STEP][PASSED] - click(findTestObject("Objects.Logout/span_Logout"), STOP_ON_FAILURE): Object: 'Object Repository/Objects.Logout/span_Logout' is clicked on

2020-05-15 10:12:51 - [MESSAGE][PASSED] - Object: 'Object Repository/Objects.Logout/span_Logout' is clicked on

2020-05-15 10:12:51 - [TEST_STEP][PASSED] - waitForPageLoad(30): Wait for page load successfully

2020-05-15 10:12:51 - [MESSAGE][PASSED] - Wait for page load successfully

2020-05-15 10:12:51 - [TEST_STEP][PASSED] - Thread.sleep(3000): null

2020-05-15 10:12:54 - [TEST_STEP][PASSED] - verifyTextPresent(LogoutPageTextToBeVerified, false): null

2020-05-15 10:12:54 - [MESSAGE][FAILED] - Unable to call Test Case 'Test Cases/Components/Logout' (Root cause: com.kms.katalon.core.exception.StepErrorException: Call Test Case 'Test Cases/Components/Logout' failed because of error(s)
	at com.kms.katalon.core.keyword.builtin.CallTestCaseKeyword$_callTestCase_closure1.doCall(CallTestCaseKeyword.groovy:66)
	at com.kms.katalon.core.keyword.builtin.CallTestCaseKeyword$_callTestCase_closure1.call(CallTestCaseKeyword.groovy)
	at com.kms.katalon.core.keyword.internal.KeywordMain.runKeyword(KeywordMain.groovy:68)
	at com.kms.katalon.core.keyword.builtin.CallTestCaseKeyword.callTestCase(CallTestCaseKeyword.groovy:81)
	at com.kms.katalon.core.keyword.builtin.CallTestCaseKeyword.execute(CallTestCaseKeyword.groovy:44)
	at com.kms.katalon.core.keyword.internal.KeywordExecutor.executeKeywordForPlatform(KeywordExecutor.groovy:72)
	at com.kms.katalon.core.keyword.BuiltinKeywords.callTestCase(BuiltinKeywords.groovy:334)
	at BCAISPS-14745.TCID001.run(BCAISPS-14745.TCID001:69)
	at com.kms.katalon.core.main.ScriptEngine.run(ScriptEngine.java:194)
	at com.kms.katalon.core.main.ScriptEngine.runScriptAsRawText(ScriptEngine.java:119)
	at com.kms.katalon.core.main.TestCaseExecutor.runScript(TestCaseExecutor.java:337)
	at com.kms.katalon.core.main.TestCaseExecutor.doExecute(TestCaseExecutor.java:328)
	at com.kms.katalon.core.main.TestCaseExecutor.processExecutionPhase(TestCaseExecutor.java:307)
	at com.kms.katalon.core.main.TestCaseExecutor.accessMainPhase(TestCaseExecutor.java:299)
	at com.kms.katalon.core.main.TestCaseExecutor.execute(TestCaseExecutor.java:233)
	at com.kms.katalon.core.main.TestSuiteExecutor.accessTestCaseMainPhase(TestSuiteExecutor.java:169)
	at com.kms.katalon.core.main.TestSuiteExecutor.accessTestSuiteMainPhase(TestSuiteExecutor.java:142)
	at com.kms.katalon.core.main.TestSuiteExecutor.execute(TestSuiteExecutor.java:91)
	at com.kms.katalon.core.main.TestCaseMain.startTestSuite(TestCaseMain.java:157)
	at com.kms.katalon.core.main.TestCaseMain$startTestSuite$0.call(Unknown Source)
	at TempTestSuite1589508261822.run(TempTestSuite1589508261822.groovy:36)
Caused by: groovy.lang.MissingPropertyException: No such property: LogoutPageTextToBeVerified for class: Script1562295658319
	at Logout.run(Logout:40)
	at com.kms.katalon.core.main.ScriptEngine.run(ScriptEngine.java:194)
	at com.kms.katalon.core.main.ScriptEngine.runScriptAsRawText(ScriptEngine.java:119)
	at com.kms.katalon.core.main.TestCaseExecutor.runScript(TestCaseExecutor.java:337)
	at com.kms.katalon.core.main.TestCaseExecutor.doExecute(TestCaseExecutor.java:328)
	at com.kms.katalon.core.main.TestCaseExecutor.processExecutionPhase(TestCaseExecutor.java:307)
	at com.kms.katalon.core.main.TestCaseExecutor.accessMainPhase(TestCaseExecutor.java:299)
	at com.kms.katalon.core.main.TestCaseExecutor.execute(TestCaseExecutor.java:233)
	at com.kms.katalon.core.main.TestCaseMain.runTestCase(TestCaseMain.java:114)
	at com.kms.katalon.core.keyword.builtin.CallTestCaseKeyword$_callTestCase_closure1.doCall(CallTestCaseKeyword.groovy:59)
	... 20 more
)]]></system-out>
         <system-err><![CDATA[2020-05-15 10:09:54 - [TEST_CASE][ERROR] - Test Cases/Jira/BE/Utilities/BCAISPS-14745/BCAISPS-14745.TCID001: Test Cases/Jira/BE/Utilities/BCAISPS-14745/BCAISPS-14745.TCID001 FAILED.
Reason:
com.kms.katalon.core.exception.StepErrorException: Call Test Case 'Test Cases/Components/Logout' failed because of error(s)
	at com.kms.katalon.core.keyword.builtin.CallTestCaseKeyword$_callTestCase_closure1.doCall(CallTestCaseKeyword.groovy:66)
	at com.kms.katalon.core.keyword.builtin.CallTestCaseKeyword$_callTestCase_closure1.call(CallTestCaseKeyword.groovy)
	at com.kms.katalon.core.keyword.internal.KeywordMain.runKeyword(KeywordMain.groovy:68)
	at com.kms.katalon.core.keyword.builtin.CallTestCaseKeyword.callTestCase(CallTestCaseKeyword.groovy:81)
	at com.kms.katalon.core.keyword.builtin.CallTestCaseKeyword.execute(CallTestCaseKeyword.groovy:44)
	at com.kms.katalon.core.keyword.internal.KeywordExecutor.executeKeywordForPlatform(KeywordExecutor.groovy:72)
	at com.kms.katalon.core.keyword.BuiltinKeywords.callTestCase(BuiltinKeywords.groovy:334)
	at BCAISPS-14745.TCID001.run(BCAISPS-14745.TCID001:69)
	at com.kms.katalon.core.main.ScriptEngine.run(ScriptEngine.java:194)
	at com.kms.katalon.core.main.ScriptEngine.runScriptAsRawText(ScriptEngine.java:119)
	at com.kms.katalon.core.main.TestCaseExecutor.runScript(TestCaseExecutor.java:337)
	at com.kms.katalon.core.main.TestCaseExecutor.doExecute(TestCaseExecutor.java:328)
	at com.kms.katalon.core.main.TestCaseExecutor.processExecutionPhase(TestCaseExecutor.java:307)
	at com.kms.katalon.core.main.TestCaseExecutor.accessMainPhase(TestCaseExecutor.java:299)
	at com.kms.katalon.core.main.TestCaseExecutor.execute(TestCaseExecutor.java:233)
	at com.kms.katalon.core.main.TestSuiteExecutor.accessTestCaseMainPhase(TestSuiteExecutor.java:169)
	at com.kms.katalon.core.main.TestSuiteExecutor.accessTestSuiteMainPhase(TestSuiteExecutor.java:142)
	at com.kms.katalon.core.main.TestSuiteExecutor.execute(TestSuiteExecutor.java:91)
	at com.kms.katalon.core.main.TestCaseMain.startTestSuite(TestCaseMain.java:157)
	at com.kms.katalon.core.main.TestCaseMain$startTestSuite$0.call(Unknown Source)
	at TempTestSuite1589508261822.run(TempTestSuite1589508261822.groovy:36)
Caused by: groovy.lang.MissingPropertyException: No such property: LogoutPageTextToBeVerified for class: Script1562295658319
	at Logout.run(Logout:40)
	at com.kms.katalon.core.main.ScriptEngine.run(ScriptEngine.java:194)
	at com.kms.katalon.core.main.ScriptEngine.runScriptAsRawText(ScriptEngine.java:119)
	at com.kms.katalon.core.main.TestCaseExecutor.runScript(TestCaseExecutor.java:337)
	at com.kms.katalon.core.main.TestCaseExecutor.doExecute(TestCaseExecutor.java:328)
	at com.kms.katalon.core.main.TestCaseExecutor.processExecutionPhase(TestCaseExecutor.java:307)
	at com.kms.katalon.core.main.TestCaseExecutor.accessMainPhase(TestCaseExecutor.java:299)
	at com.kms.katalon.core.main.TestCaseExecutor.execute(TestCaseExecutor.java:233)
	at com.kms.katalon.core.main.TestCaseMain.runTestCase(TestCaseMain.java:114)
	at com.kms.katalon.core.keyword.builtin.CallTestCaseKeyword$_callTestCase_closure1.doCall(CallTestCaseKeyword.groovy:59)
	... 20 more]]></system-err>
      </testcase>
      <testcase name="Test Cases/Jira/BE/Utilities/BCAISPS-14745/BCAISPS-14745.TCID002" time="332.07" classname="Test Cases/Jira/BE/Utilities/BCAISPS-14745/BCAISPS-14745.TCID002" status="ERROR">
         <error type="ERROR" message="Test Cases/Jira/BE/Utilities/BCAISPS-14745/BCAISPS-14745.TCID002 FAILED.
Reason:
com.kms.katalon.core.exception.StepErrorException: Call Test Case 'Test Cases/Components/Logout' failed because of error(s)
	at com.kms.katalon.core.keyword.builtin.CallTestCaseKeyword$_callTestCase_closure1.doCall(CallTestCaseKeyword.groovy:66)
	at com.kms.katalon.core.keyword.builtin.CallTestCaseKeyword$_callTestCase_closure1.call(CallTestCaseKeyword.groovy)
	at com.kms.katalon.core.keyword.internal.KeywordMain.runKeyword(KeywordMain.groovy:68)
	at com.kms.katalon.core.keyword.builtin.CallTestCaseKeyword.callTestCase(CallTestCaseKeyword.groovy:81)
	at com.kms.katalon.core.keyword.builtin.CallTestCaseKeyword.execute(CallTestCaseKeyword.groovy:44)
	at com.kms.katalon.core.keyword.internal.KeywordExecutor.executeKeywordForPlatform(KeywordExecutor.groovy:72)
	at com.kms.katalon.core.keyword.BuiltinKeywords.callTestCase(BuiltinKeywords.groovy:334)
	at BCAISPS-14745.TCID002.run(BCAISPS-14745.TCID002:73)
	at com.kms.katalon.core.main.ScriptEngine.run(ScriptEngine.java:194)
	at com.kms.katalon.core.main.ScriptEngine.runScriptAsRawText(ScriptEngine.java:119)
	at com.kms.katalon.core.main.TestCaseExecutor.runScript(TestCaseExecutor.java:337)
	at com.kms.katalon.core.main.TestCaseExecutor.doExecute(TestCaseExecutor.java:328)
	at com.kms.katalon.core.main.TestCaseExecutor.processExecutionPhase(TestCaseExecutor.java:307)
	at com.kms.katalon.core.main.TestCaseExecutor.accessMainPhase(TestCaseExecutor.java:299)
	at com.kms.katalon.core.main.TestCaseExecutor.execute(TestCaseExecutor.java:233)
	at com.kms.katalon.core.main.TestSuiteExecutor.accessTestCaseMainPhase(TestSuiteExecutor.java:169)
	at com.kms.katalon.core.main.TestSuiteExecutor.accessTestSuiteMainPhase(TestSuiteExecutor.java:142)
	at com.kms.katalon.core.main.TestSuiteExecutor.execute(TestSuiteExecutor.java:91)
	at com.kms.katalon.core.main.TestCaseMain.startTestSuite(TestCaseMain.java:157)
	at com.kms.katalon.core.main.TestCaseMain$startTestSuite$0.call(Unknown Source)
	at TempTestSuite1589508261822.run(TempTestSuite1589508261822.groovy:36)
Caused by: groovy.lang.MissingPropertyException: No such property: LogoutPageTextToBeVerified for class: Script1562295658319
	at Logout.run(Logout:40)
	at com.kms.katalon.core.main.ScriptEngine.run(ScriptEngine.java:194)
	at com.kms.katalon.core.main.ScriptEngine.runScriptAsRawText(ScriptEngine.java:119)
	at com.kms.katalon.core.main.TestCaseExecutor.runScript(TestCaseExecutor.java:337)
	at com.kms.katalon.core.main.TestCaseExecutor.doExecute(TestCaseExecutor.java:328)
	at com.kms.katalon.core.main.TestCaseExecutor.processExecutionPhase(TestCaseExecutor.java:307)
	at com.kms.katalon.core.main.TestCaseExecutor.accessMainPhase(TestCaseExecutor.java:299)
	at com.kms.katalon.core.main.TestCaseExecutor.execute(TestCaseExecutor.java:233)
	at com.kms.katalon.core.main.TestCaseMain.runTestCase(TestCaseMain.java:114)
	at com.kms.katalon.core.keyword.builtin.CallTestCaseKeyword$_callTestCase_closure1.doCall(CallTestCaseKeyword.groovy:59)
	... 20 more
"/>
         <system-out><![CDATA[2020-05-15 10:12:55 - [TEST_CASE][ERROR] - Test Cases/Jira/BE/Utilities/BCAISPS-14745/BCAISPS-14745.TCID002: Test Cases/Jira/BE/Utilities/BCAISPS-14745/BCAISPS-14745.TCID002 FAILED.
Reason:
com.kms.katalon.core.exception.StepErrorException: Call Test Case 'Test Cases/Components/Logout' failed because of error(s)
	at com.kms.katalon.core.keyword.builtin.CallTestCaseKeyword$_callTestCase_closure1.doCall(CallTestCaseKeyword.groovy:66)
	at com.kms.katalon.core.keyword.builtin.CallTestCaseKeyword$_callTestCase_closure1.call(CallTestCaseKeyword.groovy)
	at com.kms.katalon.core.keyword.internal.KeywordMain.runKeyword(KeywordMain.groovy:68)
	at com.kms.katalon.core.keyword.builtin.CallTestCaseKeyword.callTestCase(CallTestCaseKeyword.groovy:81)
	at com.kms.katalon.core.keyword.builtin.CallTestCaseKeyword.execute(CallTestCaseKeyword.groovy:44)
	at com.kms.katalon.core.keyword.internal.KeywordExecutor.executeKeywordForPlatform(KeywordExecutor.groovy:72)
	at com.kms.katalon.core.keyword.BuiltinKeywords.callTestCase(BuiltinKeywords.groovy:334)
	at BCAISPS-14745.TCID002.run(BCAISPS-14745.TCID002:73)
	at com.kms.katalon.core.main.ScriptEngine.run(ScriptEngine.java:194)
	at com.kms.katalon.core.main.ScriptEngine.runScriptAsRawText(ScriptEngine.java:119)
	at com.kms.katalon.core.main.TestCaseExecutor.runScript(TestCaseExecutor.java:337)
	at com.kms.katalon.core.main.TestCaseExecutor.doExecute(TestCaseExecutor.java:328)
	at com.kms.katalon.core.main.TestCaseExecutor.processExecutionPhase(TestCaseExecutor.java:307)
	at com.kms.katalon.core.main.TestCaseExecutor.accessMainPhase(TestCaseExecutor.java:299)
	at com.kms.katalon.core.main.TestCaseExecutor.execute(TestCaseExecutor.java:233)
	at com.kms.katalon.core.main.TestSuiteExecutor.accessTestCaseMainPhase(TestSuiteExecutor.java:169)
	at com.kms.katalon.core.main.TestSuiteExecutor.accessTestSuiteMainPhase(TestSuiteExecutor.java:142)
	at com.kms.katalon.core.main.TestSuiteExecutor.execute(TestSuiteExecutor.java:91)
	at com.kms.katalon.core.main.TestCaseMain.startTestSuite(TestCaseMain.java:157)
	at com.kms.katalon.core.main.TestCaseMain$startTestSuite$0.call(Unknown Source)
	at TempTestSuite1589508261822.run(TempTestSuite1589508261822.groovy:36)
Caused by: groovy.lang.MissingPropertyException: No such property: LogoutPageTextToBeVerified for class: Script1562295658319
	at Logout.run(Logout:40)
	at com.kms.katalon.core.main.ScriptEngine.run(ScriptEngine.java:194)
	at com.kms.katalon.core.main.ScriptEngine.runScriptAsRawText(ScriptEngine.java:119)
	at com.kms.katalon.core.main.TestCaseExecutor.runScript(TestCaseExecutor.java:337)
	at com.kms.katalon.core.main.TestCaseExecutor.doExecute(TestCaseExecutor.java:328)
	at com.kms.katalon.core.main.TestCaseExecutor.processExecutionPhase(TestCaseExecutor.java:307)
	at com.kms.katalon.core.main.TestCaseExecutor.accessMainPhase(TestCaseExecutor.java:299)
	at com.kms.katalon.core.main.TestCaseExecutor.execute(TestCaseExecutor.java:233)
	at com.kms.katalon.core.main.TestCaseMain.runTestCase(TestCaseMain.java:114)
	at com.kms.katalon.core.keyword.builtin.CallTestCaseKeyword$_callTestCase_closure1.doCall(CallTestCaseKeyword.groovy:59)
	... 20 more


2020-05-15 10:12:58 - [TEST_STEP][PASSED] - callTestCase(findTestCase("Components/Login"), ["Username":findTestData("Datatable").getValue("Username", 1), "Password":findTestData("Datatable").getValue("Password", 1)], STOP_ON_FAILURE): Call Test Case 'Test Cases/Components/Login' successfully

2020-05-15 10:12:58 - [TEST_CASE][PASSED] - Test Cases/Components/Login: Test Cases/Components/Login

2020-05-15 10:12:58 - [TEST_STEP][PASSED] - openBrowser(findTestData("Datatable").getValue("URL", 1)): Browser is opened with url: 'http://10.0.2.41:3012/isps2-prod-verify/authnz/login.do'

2020-05-15 10:12:58 - [MESSAGE][WARNING] - A browser is already opened. Closing browser and opening a new one

2020-05-15 10:12:59 - [MESSAGE][INFO] - Starting 'Chrome' driver

2020-05-15 10:13:13 - [MESSAGE][PASSED] - Browser is opened with url: 'http://10.0.2.41:3012/isps2-prod-verify/authnz/login.do'

2020-05-15 10:13:13 - [TEST_STEP][PASSED] - maximizeWindow(): Current window maximized

2020-05-15 10:13:18 - [MESSAGE][PASSED] - Current window maximized

2020-05-15 10:13:18 - [TEST_STEP][PASSED] - verifyTextPresent(findTestData("Datatable").getValue("HomeBanner", 1), true): Text 'Sign in to ISPS2-PROD-Verify' is present on page  using regular expression

2020-05-15 10:13:18 - [MESSAGE][PASSED] - Text 'Sign in to ISPS2-PROD-Verify' is present on page  using regular expression

2020-05-15 10:13:18 - [TEST_STEP][NOT_RUN] - com.reusableComponents.HighlightElement.run(findTestObject("Objects.LoginV2.0/Login Page/div_Sign in to ISPS2-PROD-Verify")): NOT_RUN: com.reusableComponents.HighlightElement.run(findTestObject("Objects.LoginV2.0/Login Page/div_Sign in to ISPS2-PROD-Verify"))

2020-05-15 10:13:18 - [MESSAGE][NOT_RUN] - NOT_RUN: com.reusableComponents.HighlightElement.run(findTestObject("Objects.LoginV2.0/Login Page/div_Sign in to ISPS2-PROD-Verify"))

2020-05-15 10:13:18 - [TEST_STEP][NOT_RUN] - com.reusableComponents.HighlightElement.run(findTestObject("Objects.LoginV2.0/Login Page/input_Sign in to ISPS2-PROD-Verify_username")): NOT_RUN: com.reusableComponents.HighlightElement.run(findTestObject("Objects.LoginV2.0/Login Page/input_Sign in to ISPS2-PROD-Verify_username"))

2020-05-15 10:13:18 - [MESSAGE][NOT_RUN] - NOT_RUN: com.reusableComponents.HighlightElement.run(findTestObject("Objects.LoginV2.0/Login Page/input_Sign in to ISPS2-PROD-Verify_username"))

2020-05-15 10:13:18 - [TEST_STEP][PASSED] - setText(findTestObject("Objects.LoginV2.0/Login Page/input_Sign in to ISPS2-PROD-Verify_username"), Username): Text 'sysadmin' is set on object 'Object Repository/Objects.LoginV2.0/Login Page/input_Sign in to ISPS2-PROD-Verify_username'

2020-05-15 10:13:19 - [MESSAGE][PASSED] - Text 'sysadmin' is set on object 'Object Repository/Objects.LoginV2.0/Login Page/input_Sign in to ISPS2-PROD-Verify_username'

2020-05-15 10:13:19 - [TEST_STEP][NOT_RUN] - com.reusableComponents.HighlightElement.run(findTestObject("Objects.LoginV2.0/Login Page/input_This field is required_password")): NOT_RUN: com.reusableComponents.HighlightElement.run(findTestObject("Objects.LoginV2.0/Login Page/input_This field is required_password"))

2020-05-15 10:13:19 - [MESSAGE][NOT_RUN] - NOT_RUN: com.reusableComponents.HighlightElement.run(findTestObject("Objects.LoginV2.0/Login Page/input_This field is required_password"))

2020-05-15 10:13:19 - [TEST_STEP][PASSED] - setEncryptedText(findTestObject("Objects.LoginV2.0/Login Page/input_This field is required_password"), Password): Text ****** has been set on object 'Object Repository/Objects.LoginV2.0/Login Page/input_This field is required_password'

2020-05-15 10:13:20 - [MESSAGE][PASSED] - Text ****** has been set on object 'Object Repository/Objects.LoginV2.0/Login Page/input_This field is required_password'

2020-05-15 10:13:20 - [TEST_STEP][NOT_RUN] - com.reusableComponents.HighlightElement.run(findTestObject("Objects.LoginV2.0/Login Page/div_Sign in to ISPS2-PROD-Verify_NovaGoButton-1021")): NOT_RUN: com.reusableComponents.HighlightElement.run(findTestObject("Objects.LoginV2.0/Login Page/div_Sign in to ISPS2-PROD-Verify_NovaGoButton-1021"))

2020-05-15 10:13:20 - [MESSAGE][NOT_RUN] - NOT_RUN: com.reusableComponents.HighlightElement.run(findTestObject("Objects.LoginV2.0/Login Page/div_Sign in to ISPS2-PROD-Verify_NovaGoButton-1021"))

2020-05-15 10:13:20 - [TEST_STEP][PASSED] - click(findTestObject("Objects.LoginV2.0/Login Page/div_Sign in to ISPS2-PROD-Verify_NovaGoButton-1021"), OPTIONAL): Object: 'Object Repository/Objects.LoginV2.0/Login Page/div_Sign in to ISPS2-PROD-Verify_NovaGoButton-1021' is clicked on

2020-05-15 10:13:20 - [MESSAGE][PASSED] - Object: 'Object Repository/Objects.LoginV2.0/Login Page/div_Sign in to ISPS2-PROD-Verify_NovaGoButton-1021' is clicked on

2020-05-15 10:13:20 - [TEST_STEP][NOT_RUN] - sendKeys(findTestObject("Objects.LoginV2.0/Login Page/input_This field is required_password"), Keys.chord(ENTER), OPTIONAL): NOT_RUN: sendKeys(findTestObject("Objects.LoginV2.0/Login Page/input_This field is required_password"), Keys.chord(ENTER), OPTIONAL)

2020-05-15 10:13:20 - [MESSAGE][NOT_RUN] - NOT_RUN: sendKeys(findTestObject("Objects.LoginV2.0/Login Page/input_This field is required_password"), Keys.chord(ENTER), OPTIONAL)

2020-05-15 10:13:20 - [TEST_STEP][PASSED] - waitForPageLoad(30): Wait for page load successfully

2020-05-15 10:13:20 - [MESSAGE][PASSED] - Wait for page load successfully

2020-05-15 10:13:20 - [TEST_STEP][NOT_RUN] - verifyElementVisible(findTestObject("Objects.Login/Dashboard/a_ISPS2-PROD-Verify"), OPTIONAL): NOT_RUN: verifyElementVisible(findTestObject("Objects.Login/Dashboard/a_ISPS2-PROD-Verify"), OPTIONAL)

2020-05-15 10:13:20 - [MESSAGE][NOT_RUN] - NOT_RUN: verifyElementVisible(findTestObject("Objects.Login/Dashboard/a_ISPS2-PROD-Verify"), OPTIONAL)

2020-05-15 10:13:20 - [TEST_STEP][PASSED] - Thread.sleep(3000): null

2020-05-15 10:13:23 - [MESSAGE][PASSED] - Call Test Case 'Test Cases/Components/Login' successfully

2020-05-15 10:13:23 - [TEST_STEP][PASSED] - callTestCase(findTestCase("Components/NavigateToHomepageHeaders"), ["headerText":"My Tasks"], STOP_ON_FAILURE): Call Test Case 'Test Cases/Components/NavigateToHomepageHeaders' successfully

2020-05-15 10:13:23 - [TEST_CASE][PASSED] - Test Cases/Components/NavigateToHomepageHeaders: Test Cases/Components/NavigateToHomepageHeaders

2020-05-15 10:13:23 - [TEST_STEP][PASSED] - Thread.sleep(1000): null

2020-05-15 10:13:24 - [TEST_STEP][PASSED] - waitForPageLoad(30): Wait for page load successfully

2020-05-15 10:13:25 - [MESSAGE][PASSED] - Wait for page load successfully

2020-05-15 10:13:25 - [TEST_STEP][PASSED] - modifiedHeader = modifyObjectProperty(findTestObject("Objects.NavigateToHomepageHeaders/Page_ISPS2/div_Header"), "text", "equals", headerText, true): Modify property of object successfully

2020-05-15 10:13:25 - [MESSAGE][PASSED] - Modify property of object successfully

2020-05-15 10:13:25 - [TEST_STEP][PASSED] - verifyElementClickable(modifiedHeader): Object 'Object Repository/Objects.NavigateToHomepageHeaders/Page_ISPS2/div_Header' is clickable

2020-05-15 10:13:28 - [MESSAGE][PASSED] - Object 'Object Repository/Objects.NavigateToHomepageHeaders/Page_ISPS2/div_Header' is clickable

2020-05-15 10:13:28 - [TEST_STEP][PASSED] - click(modifiedHeader): Object: 'Object Repository/Objects.NavigateToHomepageHeaders/Page_ISPS2/div_Header' is clicked on

2020-05-15 10:13:33 - [MESSAGE][PASSED] - Object: 'Object Repository/Objects.NavigateToHomepageHeaders/Page_ISPS2/div_Header' is clicked on

2020-05-15 10:13:33 - [TEST_STEP][PASSED] - Thread.sleep(7000): null

2020-05-15 10:13:40 - [MESSAGE][PASSED] - Call Test Case 'Test Cases/Components/NavigateToHomepageHeaders' successfully

2020-05-15 10:13:40 - [TEST_STEP][PASSED] - callTestCase(findTestCase("Components/OpenHomepageMenu"), [:], STOP_ON_FAILURE): Call Test Case 'Test Cases/Components/OpenHomepageMenu' successfully

2020-05-15 10:13:40 - [TEST_CASE][PASSED] - Test Cases/Components/OpenHomepageMenu: Test Cases/Components/OpenHomepageMenu

2020-05-15 10:13:40 - [TEST_STEP][PASSED] - Thread.sleep(1000): null

2020-05-15 10:13:41 - [TEST_STEP][PASSED] - verifyTextPresent("Loading search result. Please wait...", false, OPTIONAL): Text 'Loading search result. Please wait...' is not present on page  (Root cause: com.kms.katalon.core.exception.StepFailedException: Text 'Loading search result. Please wait...' is not present on page 
	at com.kms.katalon.core.webui.keyword.internal.WebUIKeywordMain.stepFailed(WebUIKeywordMain.groovy:64)
	at com.kms.katalon.core.webui.keyword.builtin.VerifyTextPresentKeyword$_verifyTextPresent_closure1.doCall(VerifyTextPresentKeyword.groovy:79)
	at com.kms.katalon.core.webui.keyword.builtin.VerifyTextPresentKeyword$_verifyTextPresent_closure1.call(VerifyTextPresentKeyword.groovy)
	at com.kms.katalon.core.webui.keyword.internal.WebUIKeywordMain.runKeyword(WebUIKeywordMain.groovy:20)
	at com.kms.katalon.core.webui.keyword.builtin.VerifyTextPresentKeyword.verifyTextPresent(VerifyTextPresentKeyword.groovy:83)
	at com.kms.katalon.core.webui.keyword.builtin.VerifyTextPresentKeyword.execute(VerifyTextPresentKeyword.groovy:68)
	at com.kms.katalon.core.keyword.internal.KeywordExecutor.executeKeywordForPlatform(KeywordExecutor.groovy:72)
	at com.kms.katalon.core.webui.keyword.WebUiBuiltInKeywords.verifyTextPresent(WebUiBuiltInKeywords.groovy:1703)
	at com.kms.katalon.core.webui.keyword.WebUiBuiltInKeywords$verifyTextPresent$6.call(Unknown Source)
	at OpenHomepageMenu.run(OpenHomepageMenu:18)
	at com.kms.katalon.core.main.ScriptEngine.run(ScriptEngine.java:194)
	at com.kms.katalon.core.main.ScriptEngine.runScriptAsRawText(ScriptEngine.java:119)
	at com.kms.katalon.core.main.TestCaseExecutor.runScript(TestCaseExecutor.java:337)
	at com.kms.katalon.core.main.TestCaseExecutor.doExecute(TestCaseExecutor.java:328)
	at com.kms.katalon.core.main.TestCaseExecutor.processExecutionPhase(TestCaseExecutor.java:307)
	at com.kms.katalon.core.main.TestCaseExecutor.accessMainPhase(TestCaseExecutor.java:299)
	at com.kms.katalon.core.main.TestCaseExecutor.execute(TestCaseExecutor.java:233)
	at com.kms.katalon.core.main.TestCaseMain.runTestCase(TestCaseMain.java:114)
	at com.kms.katalon.core.keyword.builtin.CallTestCaseKeyword$_callTestCase_closure1.doCall(CallTestCaseKeyword.groovy:59)
	at com.kms.katalon.core.keyword.builtin.CallTestCaseKeyword$_callTestCase_closure1.call(CallTestCaseKeyword.groovy)
	at com.kms.katalon.core.keyword.internal.KeywordMain.runKeyword(KeywordMain.groovy:68)
	at com.kms.katalon.core.keyword.builtin.CallTestCaseKeyword.callTestCase(CallTestCaseKeyword.groovy:81)
	at com.kms.katalon.core.keyword.builtin.CallTestCaseKeyword.execute(CallTestCaseKeyword.groovy:44)
	at com.kms.katalon.core.keyword.internal.KeywordExecutor.executeKeywordForPlatform(KeywordExecutor.groovy:72)
	at com.kms.katalon.core.keyword.BuiltinKeywords.callTestCase(BuiltinKeywords.groovy:334)
	at BCAISPS-14745.TCID002.run(BCAISPS-14745.TCID002:24)
	at com.kms.katalon.core.main.ScriptEngine.run(ScriptEngine.java:194)
	at com.kms.katalon.core.main.ScriptEngine.runScriptAsRawText(ScriptEngine.java:119)
	at com.kms.katalon.core.main.TestCaseExecutor.runScript(TestCaseExecutor.java:337)
	at com.kms.katalon.core.main.TestCaseExecutor.doExecute(TestCaseExecutor.java:328)
	at com.kms.katalon.core.main.TestCaseExecutor.processExecutionPhase(TestCaseExecutor.java:307)
	at com.kms.katalon.core.main.TestCaseExecutor.accessMainPhase(TestCaseExecutor.java:299)
	at com.kms.katalon.core.main.TestCaseExecutor.execute(TestCaseExecutor.java:233)
	at com.kms.katalon.core.main.TestSuiteExecutor.accessTestCaseMainPhase(TestSuiteExecutor.java:169)
	at com.kms.katalon.core.main.TestSuiteExecutor.accessTestSuiteMainPhase(TestSuiteExecutor.java:142)
	at com.kms.katalon.core.main.TestSuiteExecutor.execute(TestSuiteExecutor.java:91)
	at com.kms.katalon.core.main.TestCaseMain.startTestSuite(TestCaseMain.java:157)
	at com.kms.katalon.core.main.TestCaseMain$startTestSuite$0.call(Unknown Source)
	at TempTestSuite1589508261822.run(TempTestSuite1589508261822.groovy:36)
)

2020-05-15 10:13:45 - [MESSAGE][WARNING] - Text 'Loading search result. Please wait...' is not present on page  (Root cause: com.kms.katalon.core.exception.StepFailedException: Text 'Loading search result. Please wait...' is not present on page 
	at com.kms.katalon.core.webui.keyword.internal.WebUIKeywordMain.stepFailed(WebUIKeywordMain.groovy:64)
	at com.kms.katalon.core.webui.keyword.builtin.VerifyTextPresentKeyword$_verifyTextPresent_closure1.doCall(VerifyTextPresentKeyword.groovy:79)
	at com.kms.katalon.core.webui.keyword.builtin.VerifyTextPresentKeyword$_verifyTextPresent_closure1.call(VerifyTextPresentKeyword.groovy)
	at com.kms.katalon.core.webui.keyword.internal.WebUIKeywordMain.runKeyword(WebUIKeywordMain.groovy:20)
	at com.kms.katalon.core.webui.keyword.builtin.VerifyTextPresentKeyword.verifyTextPresent(VerifyTextPresentKeyword.groovy:83)
	at com.kms.katalon.core.webui.keyword.builtin.VerifyTextPresentKeyword.execute(VerifyTextPresentKeyword.groovy:68)
	at com.kms.katalon.core.keyword.internal.KeywordExecutor.executeKeywordForPlatform(KeywordExecutor.groovy:72)
	at com.kms.katalon.core.webui.keyword.WebUiBuiltInKeywords.verifyTextPresent(WebUiBuiltInKeywords.groovy:1703)
	at com.kms.katalon.core.webui.keyword.WebUiBuiltInKeywords$verifyTextPresent$6.call(Unknown Source)
	at OpenHomepageMenu.run(OpenHomepageMenu:18)
	at com.kms.katalon.core.main.ScriptEngine.run(ScriptEngine.java:194)
	at com.kms.katalon.core.main.ScriptEngine.runScriptAsRawText(ScriptEngine.java:119)
	at com.kms.katalon.core.main.TestCaseExecutor.runScript(TestCaseExecutor.java:337)
	at com.kms.katalon.core.main.TestCaseExecutor.doExecute(TestCaseExecutor.java:328)
	at com.kms.katalon.core.main.TestCaseExecutor.processExecutionPhase(TestCaseExecutor.java:307)
	at com.kms.katalon.core.main.TestCaseExecutor.accessMainPhase(TestCaseExecutor.java:299)
	at com.kms.katalon.core.main.TestCaseExecutor.execute(TestCaseExecutor.java:233)
	at com.kms.katalon.core.main.TestCaseMain.runTestCase(TestCaseMain.java:114)
	at com.kms.katalon.core.keyword.builtin.CallTestCaseKeyword$_callTestCase_closure1.doCall(CallTestCaseKeyword.groovy:59)
	at com.kms.katalon.core.keyword.builtin.CallTestCaseKeyword$_callTestCase_closure1.call(CallTestCaseKeyword.groovy)
	at com.kms.katalon.core.keyword.internal.KeywordMain.runKeyword(KeywordMain.groovy:68)
	at com.kms.katalon.core.keyword.builtin.CallTestCaseKeyword.callTestCase(CallTestCaseKeyword.groovy:81)
	at com.kms.katalon.core.keyword.builtin.CallTestCaseKeyword.execute(CallTestCaseKeyword.groovy:44)
	at com.kms.katalon.core.keyword.internal.KeywordExecutor.executeKeywordForPlatform(KeywordExecutor.groovy:72)
	at com.kms.katalon.core.keyword.BuiltinKeywords.callTestCase(BuiltinKeywords.groovy:334)
	at BCAISPS-14745.TCID002.run(BCAISPS-14745.TCID002:24)
	at com.kms.katalon.core.main.ScriptEngine.run(ScriptEngine.java:194)
	at com.kms.katalon.core.main.ScriptEngine.runScriptAsRawText(ScriptEngine.java:119)
	at com.kms.katalon.core.main.TestCaseExecutor.runScript(TestCaseExecutor.java:337)
	at com.kms.katalon.core.main.TestCaseExecutor.doExecute(TestCaseExecutor.java:328)
	at com.kms.katalon.core.main.TestCaseExecutor.processExecutionPhase(TestCaseExecutor.java:307)
	at com.kms.katalon.core.main.TestCaseExecutor.accessMainPhase(TestCaseExecutor.java:299)
	at com.kms.katalon.core.main.TestCaseExecutor.execute(TestCaseExecutor.java:233)
	at com.kms.katalon.core.main.TestSuiteExecutor.accessTestCaseMainPhase(TestSuiteExecutor.java:169)
	at com.kms.katalon.core.main.TestSuiteExecutor.accessTestSuiteMainPhase(TestSuiteExecutor.java:142)
	at com.kms.katalon.core.main.TestSuiteExecutor.execute(TestSuiteExecutor.java:91)
	at com.kms.katalon.core.main.TestCaseMain.startTestSuite(TestCaseMain.java:157)
	at com.kms.katalon.core.main.TestCaseMain$startTestSuite$0.call(Unknown Source)
	at TempTestSuite1589508261822.run(TempTestSuite1589508261822.groovy:36)
)

2020-05-15 10:13:45 - [TEST_STEP][PASSED] - waitForElementNotPresent(findTestObject("Objects.OpenHomepageMenu/XP_LoadingPopUp"), 120, OPTIONAL): Web element with id: 'Object Repository/Objects.OpenHomepageMenu/XP_LoadingPopUp' located by 'By.xpath: //div[@class = 'x-mask-msg-text' and (text() = 'Loading search result. Please wait...' or . = 'Loading search result. Please wait...')]' is not present after '120' second(s)

2020-05-15 10:13:47 - [MESSAGE][PASSED] - Web element with id: 'Object Repository/Objects.OpenHomepageMenu/XP_LoadingPopUp' located by 'By.xpath: //div[@class = 'x-mask-msg-text' and (text() = 'Loading search result. Please wait...' or . = 'Loading search result. Please wait...')]' is not present after '120' second(s)

2020-05-15 10:13:47 - [TEST_STEP][PASSED] - verifyElementVisible(findTestObject("Objects.OpenHomepageMenu/div_ISPS2-PROD-Verify_component-1013")): Object 'Object Repository/Objects.OpenHomepageMenu/div_ISPS2-PROD-Verify_component-1013' is visible

2020-05-15 10:13:47 - [MESSAGE][PASSED] - Object 'Object Repository/Objects.OpenHomepageMenu/div_ISPS2-PROD-Verify_component-1013' is visible

2020-05-15 10:13:47 - [TEST_STEP][PASSED] - click(findTestObject("Objects.OpenHomepageMenu/div_ISPS2-PROD-Verify_component-1013")): Object: 'Object Repository/Objects.OpenHomepageMenu/div_ISPS2-PROD-Verify_component-1013' is clicked on

2020-05-15 10:13:48 - [MESSAGE][PASSED] - Object: 'Object Repository/Objects.OpenHomepageMenu/div_ISPS2-PROD-Verify_component-1013' is clicked on

2020-05-15 10:13:48 - [MESSAGE][PASSED] - Call Test Case 'Test Cases/Components/OpenHomepageMenu' successfully

2020-05-15 10:13:48 - [TEST_STEP][PASSED] - callTestCase(findTestCase("Components/HoverToAnyMenuSelection"), ["MenuSelection":"Utilities"], STOP_ON_FAILURE): Call Test Case 'Test Cases/Components/HoverToAnyMenuSelection' successfully

2020-05-15 10:13:48 - [TEST_CASE][PASSED] - Test Cases/Components/HoverToAnyMenuSelection: Test Cases/Components/HoverToAnyMenuSelection

2020-05-15 10:13:48 - [TEST_STEP][PASSED] - Thread.sleep(1000): null

2020-05-15 10:13:49 - [TEST_STEP][PASSED] - modifiedSelection = modifyObjectProperty(findTestObject("Objects.HoverToAnyMenuSelection/span_Common"), "text", "equals", MenuSelection, true): Modify property of object successfully

2020-05-15 10:13:50 - [MESSAGE][PASSED] - Modify property of object successfully

2020-05-15 10:13:50 - [TEST_STEP][PASSED] - mouseOver(modifiedSelection): Object: 'Object Repository/Objects.HoverToAnyMenuSelection/span_Common' is hovered

2020-05-15 10:13:51 - [MESSAGE][PASSED] - Object: 'Object Repository/Objects.HoverToAnyMenuSelection/span_Common' is hovered

2020-05-15 10:13:51 - [MESSAGE][PASSED] - Call Test Case 'Test Cases/Components/HoverToAnyMenuSelection' successfully

2020-05-15 10:13:51 - [TEST_STEP][PASSED] - callTestCase(findTestCase("Components/HoverToAnyMenuSelection"), ["MenuSelection":"Common"], STOP_ON_FAILURE): Call Test Case 'Test Cases/Components/HoverToAnyMenuSelection' successfully

2020-05-15 10:13:51 - [TEST_CASE][PASSED] - Test Cases/Components/HoverToAnyMenuSelection: Test Cases/Components/HoverToAnyMenuSelection

2020-05-15 10:13:51 - [TEST_STEP][PASSED] - Thread.sleep(1000): null

2020-05-15 10:13:52 - [TEST_STEP][PASSED] - modifiedSelection = modifyObjectProperty(findTestObject("Objects.HoverToAnyMenuSelection/span_Common"), "text", "equals", MenuSelection, true): Modify property of object successfully

2020-05-15 10:13:52 - [MESSAGE][PASSED] - Modify property of object successfully

2020-05-15 10:13:52 - [TEST_STEP][PASSED] - mouseOver(modifiedSelection): Object: 'Object Repository/Objects.HoverToAnyMenuSelection/span_Common' is hovered

2020-05-15 10:13:53 - [MESSAGE][PASSED] - Object: 'Object Repository/Objects.HoverToAnyMenuSelection/span_Common' is hovered

2020-05-15 10:13:53 - [MESSAGE][PASSED] - Call Test Case 'Test Cases/Components/HoverToAnyMenuSelection' successfully

2020-05-15 10:13:53 - [TEST_STEP][PASSED] - callTestCase(findTestCase("Components/HoverToAnyMenuSelection"), ["MenuSelection":"Maintenance"], STOP_ON_FAILURE): Call Test Case 'Test Cases/Components/HoverToAnyMenuSelection' successfully

2020-05-15 10:13:53 - [TEST_CASE][PASSED] - Test Cases/Components/HoverToAnyMenuSelection: Test Cases/Components/HoverToAnyMenuSelection

2020-05-15 10:13:53 - [TEST_STEP][PASSED] - Thread.sleep(1000): null

2020-05-15 10:13:54 - [TEST_STEP][PASSED] - modifiedSelection = modifyObjectProperty(findTestObject("Objects.HoverToAnyMenuSelection/span_Common"), "text", "equals", MenuSelection, true): Modify property of object successfully

2020-05-15 10:13:55 - [MESSAGE][PASSED] - Modify property of object successfully

2020-05-15 10:13:55 - [TEST_STEP][PASSED] - mouseOver(modifiedSelection): Object: 'Object Repository/Objects.HoverToAnyMenuSelection/span_Common' is hovered

2020-05-15 10:13:55 - [MESSAGE][PASSED] - Object: 'Object Repository/Objects.HoverToAnyMenuSelection/span_Common' is hovered

2020-05-15 10:13:55 - [MESSAGE][PASSED] - Call Test Case 'Test Cases/Components/HoverToAnyMenuSelection' successfully

2020-05-15 10:13:55 - [TEST_STEP][PASSED] - callTestCase(findTestCase("Components/HoverToAnyMenuSelection"), ["MenuSelection":"Maintain AC"], STOP_ON_FAILURE): Call Test Case 'Test Cases/Components/HoverToAnyMenuSelection' successfully

2020-05-15 10:13:55 - [TEST_CASE][PASSED] - Test Cases/Components/HoverToAnyMenuSelection: Test Cases/Components/HoverToAnyMenuSelection

2020-05-15 10:13:55 - [TEST_STEP][PASSED] - Thread.sleep(1000): null

2020-05-15 10:13:56 - [TEST_STEP][PASSED] - modifiedSelection = modifyObjectProperty(findTestObject("Objects.HoverToAnyMenuSelection/span_Common"), "text", "equals", MenuSelection, true): Modify property of object successfully

2020-05-15 10:13:57 - [MESSAGE][PASSED] - Modify property of object successfully

2020-05-15 10:13:57 - [TEST_STEP][PASSED] - mouseOver(modifiedSelection): Object: 'Object Repository/Objects.HoverToAnyMenuSelection/span_Common' is hovered

2020-05-15 10:13:58 - [MESSAGE][PASSED] - Object: 'Object Repository/Objects.HoverToAnyMenuSelection/span_Common' is hovered

2020-05-15 10:13:58 - [MESSAGE][PASSED] - Call Test Case 'Test Cases/Components/HoverToAnyMenuSelection' successfully

2020-05-15 10:13:58 - [TEST_STEP][PASSED] - callTestCase(findTestCase("Components/SelectFromMenu"), ["menuToBeClicked":"Maintain AC"], STOP_ON_FAILURE): Call Test Case 'Test Cases/Components/SelectFromMenu' successfully

2020-05-15 10:13:58 - [TEST_CASE][PASSED] - Test Cases/Components/SelectFromMenu: Test Cases/Components/SelectFromMenu

2020-05-15 10:13:58 - [TEST_STEP][PASSED] - Thread.sleep(1000): null

2020-05-15 10:13:59 - [TEST_STEP][PASSED] - modifiedMenuToBeClicked = modifyObjectProperty(findTestObject("Objects.SelectFromMenu/span_Maintain QP"), "text", "equals", menuToBeClicked, true): Modify property of object successfully

2020-05-15 10:14:00 - [MESSAGE][PASSED] - Modify property of object successfully

2020-05-15 10:14:00 - [TEST_STEP][PASSED] - mouseOver(modifiedMenuToBeClicked, STOP_ON_FAILURE): Object: 'Object Repository/Objects.SelectFromMenu/span_Maintain QP' is hovered

2020-05-15 10:14:00 - [MESSAGE][PASSED] - Object: 'Object Repository/Objects.SelectFromMenu/span_Maintain QP' is hovered

2020-05-15 10:14:00 - [TEST_STEP][PASSED] - click(modifiedMenuToBeClicked, STOP_ON_FAILURE): Object: 'Object Repository/Objects.SelectFromMenu/span_Maintain QP' is clicked on

2020-05-15 10:14:05 - [MESSAGE][PASSED] - Object: 'Object Repository/Objects.SelectFromMenu/span_Maintain QP' is clicked on

2020-05-15 10:14:05 - [MESSAGE][PASSED] - Call Test Case 'Test Cases/Components/SelectFromMenu' successfully

2020-05-15 10:14:05 - [TEST_STEP][PASSED] - callTestCase(findTestCase("Components/SetTextOnField"), ["tagToBeUsed":"input", "nameToBeUsed":"acNo", "textToBeInputted":"1160"], STOP_ON_FAILURE): Call Test Case 'Test Cases/Components/SetTextOnField' successfully

2020-05-15 10:14:05 - [TEST_CASE][PASSED] - Test Cases/Components/SetTextOnField: Test Cases/Components/SetTextOnField

2020-05-15 10:14:05 - [TEST_STEP][PASSED] - Thread.sleep(1000): null

2020-05-15 10:14:06 - [TEST_STEP][PASSED] - modifiedTagOfField = modifyObjectProperty(findTestObject("Objects.SetTextOnField/sampleField"), "tag", "equals", tagToBeUsed, false): Modify property of object successfully

2020-05-15 10:14:06 - [MESSAGE][PASSED] - Modify property of object successfully

2020-05-15 10:14:06 - [TEST_STEP][PASSED] - modifiedNameOfField = modifyObjectProperty(modifiedTagOfField, "name", "equals", nameToBeUsed, true): Modify property of object successfully

2020-05-15 10:14:06 - [MESSAGE][PASSED] - Modify property of object successfully

2020-05-15 10:14:06 - [TEST_STEP][PASSED] - com.reusableComponents.HighlightElement.run(modifiedNameOfField): com.reusableComponents.HighlightElement.run is PASSED

2020-05-15 10:14:09 - [MESSAGE][PASSED] - com.reusableComponents.HighlightElement.run is PASSED

2020-05-15 10:14:09 - [TEST_STEP][PASSED] - setText(modifiedNameOfField, textToBeInputted): Text '1160' is set on object 'Object Repository/Objects.SetTextOnField/sampleField'

2020-05-15 10:14:10 - [MESSAGE][PASSED] - Text '1160' is set on object 'Object Repository/Objects.SetTextOnField/sampleField'

2020-05-15 10:14:10 - [MESSAGE][PASSED] - Call Test Case 'Test Cases/Components/SetTextOnField' successfully

2020-05-15 10:14:10 - [TEST_STEP][PASSED] - callTestCase(findTestCase("Components/ClickBlueButtonsWithXPI"), ["Button":"Search", "Index":3], STOP_ON_FAILURE): Call Test Case 'Test Cases/Components/ClickBlueButtonsWithXPI' successfully

2020-05-15 10:14:10 - [TEST_CASE][PASSED] - Test Cases/Components/ClickBlueButtonsWithXPI: Test Cases/Components/ClickBlueButtonsWithXPI

2020-05-15 10:14:10 - [TEST_STEP][PASSED] - Thread.sleep(1000): null

2020-05-15 10:14:11 - [TEST_STEP][PASSED] - complexlyModifiedButtonGG = modifyObjectProperty(findTestObject("Objects.ClickBlueButtonsWithXPI/span_Reset"), "xPath", "equals", "(//span[text()="" + Button + ""])[" + Index + "]", true): Modify property of object successfully

2020-05-15 10:14:12 - [MESSAGE][PASSED] - Modify property of object successfully

2020-05-15 10:14:12 - [TEST_STEP][PASSED] - Thread.sleep(5000): null

2020-05-15 10:14:17 - [TEST_STEP][PASSED] - Thread.sleep(5000): null

2020-05-15 10:14:22 - [TEST_STEP][PASSED] - click(complexlyModifiedButtonGG): Object: 'Object Repository/Objects.ClickBlueButtonsWithXPI/span_Reset' is clicked on

2020-05-15 10:14:31 - [MESSAGE][PASSED] - Object: 'Object Repository/Objects.ClickBlueButtonsWithXPI/span_Reset' is clicked on

2020-05-15 10:14:31 - [TEST_STEP][PASSED] - Thread.sleep(5000): null

2020-05-15 10:14:36 - [MESSAGE][PASSED] - Call Test Case 'Test Cases/Components/ClickBlueButtonsWithXPI' successfully

2020-05-15 10:14:36 - [TEST_STEP][PASSED] - callTestCase(findTestCase("Components/ClickLink"), ["LinkToModify":"dummy ac name"], STOP_ON_FAILURE): Call Test Case 'Test Cases/Components/ClickLink' successfully

2020-05-15 10:14:36 - [TEST_CASE][PASSED] - Test Cases/Components/ClickLink: Test Cases/Components/ClickLink

2020-05-15 10:14:36 - [TEST_STEP][PASSED] - Thread.sleep(1000): null

2020-05-15 10:14:37 - [TEST_STEP][PASSED] - modifiedLink = modifyObjectProperty(findTestObject("Objects.ClickLink/Page_ISPS2/LinkToModify"), "text", "equals", LinkToModify, true): Modify property of object successfully

2020-05-15 10:14:37 - [MESSAGE][PASSED] - Modify property of object successfully

2020-05-15 10:14:37 - [TEST_STEP][PASSED] - com.reusableComponents.HighlightElement.run(modifiedLink): com.reusableComponents.HighlightElement.run is PASSED

2020-05-15 10:14:41 - [MESSAGE][PASSED] - com.reusableComponents.HighlightElement.run is PASSED

2020-05-15 10:14:41 - [TEST_STEP][PASSED] - click(modifiedLink): Object: 'Object Repository/Objects.ClickLink/Page_ISPS2/LinkToModify' is clicked on

2020-05-15 10:14:48 - [MESSAGE][PASSED] - Object: 'Object Repository/Objects.ClickLink/Page_ISPS2/LinkToModify' is clicked on

2020-05-15 10:14:48 - [MESSAGE][PASSED] - Call Test Case 'Test Cases/Components/ClickLink' successfully

2020-05-15 10:14:48 - [TEST_STEP][PASSED] - callTestCase(findTestCase("Components/ClickRadioButton"), ["Index":2], STOP_ON_FAILURE): Call Test Case 'Test Cases/Components/ClickRadioButton' successfully

2020-05-15 10:14:48 - [TEST_CASE][PASSED] - Test Cases/Components/ClickRadioButton: Test Cases/Components/ClickRadioButton

2020-05-15 10:14:48 - [TEST_STEP][PASSED] - Thread.sleep(1000): null

2020-05-15 10:14:49 - [TEST_STEP][NOT_RUN] - com.reusableComponents.HighlightElement.run(findTestObject("Objects.ClickRadioButtonRegulatoryRequirements/ApprovedDocument")): NOT_RUN: com.reusableComponents.HighlightElement.run(findTestObject("Objects.ClickRadioButtonRegulatoryRequirements/ApprovedDocument"))

2020-05-15 10:14:49 - [MESSAGE][NOT_RUN] - NOT_RUN: com.reusableComponents.HighlightElement.run(findTestObject("Objects.ClickRadioButtonRegulatoryRequirements/ApprovedDocument"))

2020-05-15 10:14:49 - [TEST_STEP][NOT_RUN] - click(findTestObject("Objects.ClickRadioButtonRegulatoryRequirements/span_Building Control (Environment Sustainability) Regulations 2008_radiofield-1851-displayEl")): NOT_RUN: click(findTestObject("Objects.ClickRadioButtonRegulatoryRequirements/span_Building Control (Environment Sustainability) Regulations 2008_radiofield-1851-displayEl"))

2020-05-15 10:14:49 - [MESSAGE][NOT_RUN] - NOT_RUN: click(findTestObject("Objects.ClickRadioButtonRegulatoryRequirements/span_Building Control (Environment Sustainability) Regulations 2008_radiofield-1851-displayEl"))

2020-05-15 10:14:49 - [TEST_STEP][PASSED] - modifiedRadioButton = modifyObjectProperty(findTestObject("Objects.ClickRadioButton/DynamicRadioButton"), "xpath", "equals", "(//span[contains(@class, 'x-form-field x-form-radio x-form-radio-default x-form-cb x-form-cb-default ')])[" + Index + "]", true): Modify property of object successfully

2020-05-15 10:14:50 - [MESSAGE][PASSED] - Modify property of object successfully

2020-05-15 10:14:50 - [TEST_STEP][PASSED] - com.reusableComponents.HighlightElement.run(modifiedRadioButton): com.reusableComponents.HighlightElement.run is PASSED

2020-05-15 10:15:22 - [MESSAGE][PASSED] - com.reusableComponents.HighlightElement.run is PASSED

2020-05-15 10:15:22 - [TEST_STEP][PASSED] - click(modifiedRadioButton): Object: 'Object Repository/Objects.ClickRadioButton/DynamicRadioButton' is clicked on

2020-05-15 10:15:29 - [MESSAGE][PASSED] - Object: 'Object Repository/Objects.ClickRadioButton/DynamicRadioButton' is clicked on

2020-05-15 10:15:29 - [MESSAGE][PASSED] - Call Test Case 'Test Cases/Components/ClickRadioButton' successfully

2020-05-15 10:15:29 - [TEST_STEP][PASSED] - callTestCase(findTestCase("Components/SetTextOnField"), ["tagToBeUsed":"textarea", "nameToBeUsed":"foreignAddr", "textToBeInputted":"Blk 87 Lot 10 PH"], STOP_ON_FAILURE): Call Test Case 'Test Cases/Components/SetTextOnField' successfully

2020-05-15 10:15:30 - [TEST_CASE][PASSED] - Test Cases/Components/SetTextOnField: Test Cases/Components/SetTextOnField

2020-05-15 10:15:30 - [TEST_STEP][PASSED] - Thread.sleep(1000): null

2020-05-15 10:15:31 - [TEST_STEP][PASSED] - modifiedTagOfField = modifyObjectProperty(findTestObject("Objects.SetTextOnField/sampleField"), "tag", "equals", tagToBeUsed, false): Modify property of object successfully

2020-05-15 10:15:31 - [MESSAGE][PASSED] - Modify property of object successfully

2020-05-15 10:15:31 - [TEST_STEP][PASSED] - modifiedNameOfField = modifyObjectProperty(modifiedTagOfField, "name", "equals", nameToBeUsed, true): Modify property of object successfully

2020-05-15 10:15:31 - [MESSAGE][PASSED] - Modify property of object successfully

2020-05-15 10:15:31 - [TEST_STEP][PASSED] - com.reusableComponents.HighlightElement.run(modifiedNameOfField): com.reusableComponents.HighlightElement.run is PASSED

2020-05-15 10:15:34 - [MESSAGE][PASSED] - com.reusableComponents.HighlightElement.run is PASSED

2020-05-15 10:15:34 - [TEST_STEP][PASSED] - setText(modifiedNameOfField, textToBeInputted): Text 'Blk 87 Lot 10 PH' is set on object 'Object Repository/Objects.SetTextOnField/sampleField'

2020-05-15 10:15:36 - [MESSAGE][PASSED] - Text 'Blk 87 Lot 10 PH' is set on object 'Object Repository/Objects.SetTextOnField/sampleField'

2020-05-15 10:15:36 - [MESSAGE][PASSED] - Call Test Case 'Test Cases/Components/SetTextOnField' successfully

2020-05-15 10:15:36 - [TEST_STEP][PASSED] - callTestCase(findTestCase("Components/GetTextOfFieldAndStoreInAGlobalVariable"), ["tagToBeUsed":"textarea", "nameToBeUsed":"foreignAddr"], STOP_ON_FAILURE): Call Test Case 'Test Cases/Components/GetTextOfFieldAndStoreInAGlobalVariable' successfully

2020-05-15 10:15:36 - [TEST_CASE][PASSED] - Test Cases/Components/GetTextOfFieldAndStoreInAGlobalVariable: Test Cases/Components/GetTextOfFieldAndStoreInAGlobalVariable

2020-05-15 10:15:36 - [TEST_STEP][PASSED] - Thread.sleep(1000): null

2020-05-15 10:15:37 - [TEST_STEP][PASSED] - modifiedTagOfField = modifyObjectProperty(findTestObject("Objects.GetTextOfFieldAndStoreInAGlobalVariable/objectToBeModified"), "tag", "equals", tagToBeUsed, false): Modify property of object successfully

2020-05-15 10:15:37 - [MESSAGE][PASSED] - Modify property of object successfully

2020-05-15 10:15:37 - [TEST_STEP][PASSED] - modifiedNameOfField = modifyObjectProperty(modifiedTagOfField, "name", "equals", nameToBeUsed, true): Modify property of object successfully

2020-05-15 10:15:37 - [MESSAGE][PASSED] - Modify property of object successfully

2020-05-15 10:15:37 - [TEST_STEP][PASSED] - com.reusableComponents.HighlightElement.run(modifiedNameOfField): com.reusableComponents.HighlightElement.run is PASSED

2020-05-15 10:15:41 - [MESSAGE][PASSED] - com.reusableComponents.HighlightElement.run is PASSED

2020-05-15 10:15:41 - [TEST_STEP][PASSED] - click(modifiedNameOfField): Object: 'Object Repository/Objects.GetTextOfFieldAndStoreInAGlobalVariable/objectToBeModified' is clicked on

2020-05-15 10:15:49 - [MESSAGE][PASSED] - Object: 'Object Repository/Objects.GetTextOfFieldAndStoreInAGlobalVariable/objectToBeModified' is clicked on

2020-05-15 10:15:49 - [TEST_STEP][PASSED] - sendKeys(modifiedNameOfField, Keys.chord(CONTROL, "a")): Keys 'CONTROL + a' sent to object: 'Object Repository/Objects.GetTextOfFieldAndStoreInAGlobalVariable/objectToBeModified'

2020-05-15 10:15:50 - [MESSAGE][PASSED] - Keys 'CONTROL + a' sent to object: 'Object Repository/Objects.GetTextOfFieldAndStoreInAGlobalVariable/objectToBeModified'

2020-05-15 10:15:50 - [TEST_STEP][PASSED] - sendKeys(modifiedNameOfField, Keys.chord(LEFT_CONTROL, "c")): Keys 'CONTROL + c' sent to object: 'Object Repository/Objects.GetTextOfFieldAndStoreInAGlobalVariable/objectToBeModified'

2020-05-15 10:15:52 - [MESSAGE][PASSED] - Keys 'CONTROL + c' sent to object: 'Object Repository/Objects.GetTextOfFieldAndStoreInAGlobalVariable/objectToBeModified'

2020-05-15 10:15:52 - [TEST_STEP][PASSED] - clipboardValue = getContents(null).getTransferData(stringFlavor): null

2020-05-15 10:15:52 - [TEST_STEP][PASSED] - inputFieldText = clipboardValue: null

2020-05-15 10:15:52 - [MESSAGE][PASSED] - Call Test Case 'Test Cases/Components/GetTextOfFieldAndStoreInAGlobalVariable' successfully

2020-05-15 10:15:52 - [TEST_STEP][PASSED] - callTestCase(findTestCase("Components/ClickBlueButtonsWithXPI"), ["Button":"Update", "Index":1], STOP_ON_FAILURE): Call Test Case 'Test Cases/Components/ClickBlueButtonsWithXPI' successfully

2020-05-15 10:15:53 - [TEST_CASE][PASSED] - Test Cases/Components/ClickBlueButtonsWithXPI: Test Cases/Components/ClickBlueButtonsWithXPI

2020-05-15 10:15:53 - [TEST_STEP][PASSED] - Thread.sleep(1000): null

2020-05-15 10:15:54 - [TEST_STEP][PASSED] - complexlyModifiedButtonGG = modifyObjectProperty(findTestObject("Objects.ClickBlueButtonsWithXPI/span_Reset"), "xPath", "equals", "(//span[text()="" + Button + ""])[" + Index + "]", true): Modify property of object successfully

2020-05-15 10:15:54 - [MESSAGE][PASSED] - Modify property of object successfully

2020-05-15 10:15:54 - [TEST_STEP][PASSED] - Thread.sleep(5000): null

2020-05-15 10:15:59 - [TEST_STEP][PASSED] - Thread.sleep(5000): null

2020-05-15 10:16:04 - [TEST_STEP][PASSED] - click(complexlyModifiedButtonGG): Object: 'Object Repository/Objects.ClickBlueButtonsWithXPI/span_Reset' is clicked on

2020-05-15 10:16:12 - [MESSAGE][PASSED] - Object: 'Object Repository/Objects.ClickBlueButtonsWithXPI/span_Reset' is clicked on

2020-05-15 10:16:12 - [TEST_STEP][PASSED] - Thread.sleep(5000): null

2020-05-15 10:16:17 - [MESSAGE][PASSED] - Call Test Case 'Test Cases/Components/ClickBlueButtonsWithXPI' successfully

2020-05-15 10:16:17 - [TEST_STEP][PASSED] - callTestCase(findTestCase("Components/VerifyTextPresentInPage"), ["tagToModify":"div", "textToModify":inputFieldText], STOP_ON_FAILURE): Call Test Case 'Test Cases/Components/VerifyTextPresentInPage' successfully

2020-05-15 10:16:18 - [TEST_CASE][PASSED] - Test Cases/Components/VerifyTextPresentInPage: Test Cases/Components/VerifyTextPresentInPage

2020-05-15 10:16:18 - [TEST_STEP][PASSED] - Thread.sleep(3000): null

2020-05-15 10:16:21 - [TEST_STEP][NOT_RUN] - verifyTextPresent(textToLocate, false): NOT_RUN: verifyTextPresent(textToLocate, false)

2020-05-15 10:16:21 - [MESSAGE][NOT_RUN] - NOT_RUN: verifyTextPresent(textToLocate, false)

2020-05-15 10:16:21 - [TEST_STEP][NOT_RUN] - com.reusableComponents.HighlightElement.run(textToLocate): NOT_RUN: com.reusableComponents.HighlightElement.run(textToLocate)

2020-05-15 10:16:21 - [MESSAGE][NOT_RUN] - NOT_RUN: com.reusableComponents.HighlightElement.run(textToLocate)

2020-05-15 10:16:21 - [TEST_STEP][PASSED] - modifiedTag = modifyObjectProperty(findTestObject("Objects.VerifyTextPresent/Page_ISPS2/objectToModify"), "tag", "equals", tagToModify, true): Modify property of object successfully

2020-05-15 10:16:21 - [MESSAGE][PASSED] - Modify property of object successfully

2020-05-15 10:16:21 - [TEST_STEP][PASSED] - modified = modifyObjectProperty(modifiedTag, "text", "equals", textToModify, true): Modify property of object successfully

2020-05-15 10:16:21 - [MESSAGE][PASSED] - Modify property of object successfully

2020-05-15 10:16:21 - [TEST_STEP][PASSED] - com.reusableComponents.HighlightElement.run(modified): com.reusableComponents.HighlightElement.run is PASSED

2020-05-15 10:16:24 - [MESSAGE][PASSED] - com.reusableComponents.HighlightElement.run is PASSED

2020-05-15 10:16:24 - [TEST_STEP][PASSED] - Thread.sleep(3000): null

2020-05-15 10:16:27 - [MESSAGE][PASSED] - Call Test Case 'Test Cases/Components/VerifyTextPresentInPage' successfully

2020-05-15 10:16:27 - [TEST_STEP][PASSED] - callTestCase(findTestCase("Components/NavigateToDashboard"), [:], STOP_ON_FAILURE): Call Test Case 'Test Cases/Components/NavigateToDashboard' successfully

2020-05-15 10:16:27 - [TEST_CASE][PASSED] - Test Cases/Components/NavigateToDashboard: Test Cases/Components/NavigateToDashboard

2020-05-15 10:16:27 - [TEST_STEP][PASSED] - click(findTestObject("Objects.NavigateToDashboard/a_ISPS2-PROD-Verify")): Object: 'Object Repository/Objects.NavigateToDashboard/a_ISPS2-PROD-Verify' is clicked on

2020-05-15 10:16:40 - [MESSAGE][PASSED] - Object: 'Object Repository/Objects.NavigateToDashboard/a_ISPS2-PROD-Verify' is clicked on

2020-05-15 10:16:40 - [TEST_STEP][PASSED] - waitForPageLoad(30): Wait for page load successfully

2020-05-15 10:16:41 - [MESSAGE][PASSED] - Wait for page load successfully

2020-05-15 10:16:41 - [TEST_STEP][PASSED] - Thread.sleep(3000): null

2020-05-15 10:16:44 - [TEST_STEP][PASSED] - verifyTextPresent("Loading search result. Please wait...", false, OPTIONAL): Text 'Loading search result. Please wait...' is not present on page  (Root cause: com.kms.katalon.core.exception.StepFailedException: Text 'Loading search result. Please wait...' is not present on page 
	at com.kms.katalon.core.webui.keyword.internal.WebUIKeywordMain.stepFailed(WebUIKeywordMain.groovy:64)
	at com.kms.katalon.core.webui.keyword.builtin.VerifyTextPresentKeyword$_verifyTextPresent_closure1.doCall(VerifyTextPresentKeyword.groovy:79)
	at com.kms.katalon.core.webui.keyword.builtin.VerifyTextPresentKeyword$_verifyTextPresent_closure1.call(VerifyTextPresentKeyword.groovy)
	at com.kms.katalon.core.webui.keyword.internal.WebUIKeywordMain.runKeyword(WebUIKeywordMain.groovy:20)
	at com.kms.katalon.core.webui.keyword.builtin.VerifyTextPresentKeyword.verifyTextPresent(VerifyTextPresentKeyword.groovy:83)
	at com.kms.katalon.core.webui.keyword.builtin.VerifyTextPresentKeyword.execute(VerifyTextPresentKeyword.groovy:68)
	at com.kms.katalon.core.keyword.internal.KeywordExecutor.executeKeywordForPlatform(KeywordExecutor.groovy:72)
	at com.kms.katalon.core.webui.keyword.WebUiBuiltInKeywords.verifyTextPresent(WebUiBuiltInKeywords.groovy:1703)
	at com.kms.katalon.core.webui.keyword.WebUiBuiltInKeywords$verifyTextPresent$6.call(Unknown Source)
	at NavigateToDashboard.run(NavigateToDashboard:30)
	at com.kms.katalon.core.main.ScriptEngine.run(ScriptEngine.java:194)
	at com.kms.katalon.core.main.ScriptEngine.runScriptAsRawText(ScriptEngine.java:119)
	at com.kms.katalon.core.main.TestCaseExecutor.runScript(TestCaseExecutor.java:337)
	at com.kms.katalon.core.main.TestCaseExecutor.doExecute(TestCaseExecutor.java:328)
	at com.kms.katalon.core.main.TestCaseExecutor.processExecutionPhase(TestCaseExecutor.java:307)
	at com.kms.katalon.core.main.TestCaseExecutor.accessMainPhase(TestCaseExecutor.java:299)
	at com.kms.katalon.core.main.TestCaseExecutor.execute(TestCaseExecutor.java:233)
	at com.kms.katalon.core.main.TestCaseMain.runTestCase(TestCaseMain.java:114)
	at com.kms.katalon.core.keyword.builtin.CallTestCaseKeyword$_callTestCase_closure1.doCall(CallTestCaseKeyword.groovy:59)
	at com.kms.katalon.core.keyword.builtin.CallTestCaseKeyword$_callTestCase_closure1.call(CallTestCaseKeyword.groovy)
	at com.kms.katalon.core.keyword.internal.KeywordMain.runKeyword(KeywordMain.groovy:68)
	at com.kms.katalon.core.keyword.builtin.CallTestCaseKeyword.callTestCase(CallTestCaseKeyword.groovy:81)
	at com.kms.katalon.core.keyword.builtin.CallTestCaseKeyword.execute(CallTestCaseKeyword.groovy:44)
	at com.kms.katalon.core.keyword.internal.KeywordExecutor.executeKeywordForPlatform(KeywordExecutor.groovy:72)
	at com.kms.katalon.core.keyword.BuiltinKeywords.callTestCase(BuiltinKeywords.groovy:334)
	at BCAISPS-14745.TCID002.run(BCAISPS-14745.TCID002:70)
	at com.kms.katalon.core.main.ScriptEngine.run(ScriptEngine.java:194)
	at com.kms.katalon.core.main.ScriptEngine.runScriptAsRawText(ScriptEngine.java:119)
	at com.kms.katalon.core.main.TestCaseExecutor.runScript(TestCaseExecutor.java:337)
	at com.kms.katalon.core.main.TestCaseExecutor.doExecute(TestCaseExecutor.java:328)
	at com.kms.katalon.core.main.TestCaseExecutor.processExecutionPhase(TestCaseExecutor.java:307)
	at com.kms.katalon.core.main.TestCaseExecutor.accessMainPhase(TestCaseExecutor.java:299)
	at com.kms.katalon.core.main.TestCaseExecutor.execute(TestCaseExecutor.java:233)
	at com.kms.katalon.core.main.TestSuiteExecutor.accessTestCaseMainPhase(TestSuiteExecutor.java:169)
	at com.kms.katalon.core.main.TestSuiteExecutor.accessTestSuiteMainPhase(TestSuiteExecutor.java:142)
	at com.kms.katalon.core.main.TestSuiteExecutor.execute(TestSuiteExecutor.java:91)
	at com.kms.katalon.core.main.TestCaseMain.startTestSuite(TestCaseMain.java:157)
	at com.kms.katalon.core.main.TestCaseMain$startTestSuite$0.call(Unknown Source)
	at TempTestSuite1589508261822.run(TempTestSuite1589508261822.groovy:36)
)

2020-05-15 10:17:16 - [MESSAGE][WARNING] - Text 'Loading search result. Please wait...' is not present on page  (Root cause: com.kms.katalon.core.exception.StepFailedException: Text 'Loading search result. Please wait...' is not present on page 
	at com.kms.katalon.core.webui.keyword.internal.WebUIKeywordMain.stepFailed(WebUIKeywordMain.groovy:64)
	at com.kms.katalon.core.webui.keyword.builtin.VerifyTextPresentKeyword$_verifyTextPresent_closure1.doCall(VerifyTextPresentKeyword.groovy:79)
	at com.kms.katalon.core.webui.keyword.builtin.VerifyTextPresentKeyword$_verifyTextPresent_closure1.call(VerifyTextPresentKeyword.groovy)
	at com.kms.katalon.core.webui.keyword.internal.WebUIKeywordMain.runKeyword(WebUIKeywordMain.groovy:20)
	at com.kms.katalon.core.webui.keyword.builtin.VerifyTextPresentKeyword.verifyTextPresent(VerifyTextPresentKeyword.groovy:83)
	at com.kms.katalon.core.webui.keyword.builtin.VerifyTextPresentKeyword.execute(VerifyTextPresentKeyword.groovy:68)
	at com.kms.katalon.core.keyword.internal.KeywordExecutor.executeKeywordForPlatform(KeywordExecutor.groovy:72)
	at com.kms.katalon.core.webui.keyword.WebUiBuiltInKeywords.verifyTextPresent(WebUiBuiltInKeywords.groovy:1703)
	at com.kms.katalon.core.webui.keyword.WebUiBuiltInKeywords$verifyTextPresent$6.call(Unknown Source)
	at NavigateToDashboard.run(NavigateToDashboard:30)
	at com.kms.katalon.core.main.ScriptEngine.run(ScriptEngine.java:194)
	at com.kms.katalon.core.main.ScriptEngine.runScriptAsRawText(ScriptEngine.java:119)
	at com.kms.katalon.core.main.TestCaseExecutor.runScript(TestCaseExecutor.java:337)
	at com.kms.katalon.core.main.TestCaseExecutor.doExecute(TestCaseExecutor.java:328)
	at com.kms.katalon.core.main.TestCaseExecutor.processExecutionPhase(TestCaseExecutor.java:307)
	at com.kms.katalon.core.main.TestCaseExecutor.accessMainPhase(TestCaseExecutor.java:299)
	at com.kms.katalon.core.main.TestCaseExecutor.execute(TestCaseExecutor.java:233)
	at com.kms.katalon.core.main.TestCaseMain.runTestCase(TestCaseMain.java:114)
	at com.kms.katalon.core.keyword.builtin.CallTestCaseKeyword$_callTestCase_closure1.doCall(CallTestCaseKeyword.groovy:59)
	at com.kms.katalon.core.keyword.builtin.CallTestCaseKeyword$_callTestCase_closure1.call(CallTestCaseKeyword.groovy)
	at com.kms.katalon.core.keyword.internal.KeywordMain.runKeyword(KeywordMain.groovy:68)
	at com.kms.katalon.core.keyword.builtin.CallTestCaseKeyword.callTestCase(CallTestCaseKeyword.groovy:81)
	at com.kms.katalon.core.keyword.builtin.CallTestCaseKeyword.execute(CallTestCaseKeyword.groovy:44)
	at com.kms.katalon.core.keyword.internal.KeywordExecutor.executeKeywordForPlatform(KeywordExecutor.groovy:72)
	at com.kms.katalon.core.keyword.BuiltinKeywords.callTestCase(BuiltinKeywords.groovy:334)
	at BCAISPS-14745.TCID002.run(BCAISPS-14745.TCID002:70)
	at com.kms.katalon.core.main.ScriptEngine.run(ScriptEngine.java:194)
	at com.kms.katalon.core.main.ScriptEngine.runScriptAsRawText(ScriptEngine.java:119)
	at com.kms.katalon.core.main.TestCaseExecutor.runScript(TestCaseExecutor.java:337)
	at com.kms.katalon.core.main.TestCaseExecutor.doExecute(TestCaseExecutor.java:328)
	at com.kms.katalon.core.main.TestCaseExecutor.processExecutionPhase(TestCaseExecutor.java:307)
	at com.kms.katalon.core.main.TestCaseExecutor.accessMainPhase(TestCaseExecutor.java:299)
	at com.kms.katalon.core.main.TestCaseExecutor.execute(TestCaseExecutor.java:233)
	at com.kms.katalon.core.main.TestSuiteExecutor.accessTestCaseMainPhase(TestSuiteExecutor.java:169)
	at com.kms.katalon.core.main.TestSuiteExecutor.accessTestSuiteMainPhase(TestSuiteExecutor.java:142)
	at com.kms.katalon.core.main.TestSuiteExecutor.execute(TestSuiteExecutor.java:91)
	at com.kms.katalon.core.main.TestCaseMain.startTestSuite(TestCaseMain.java:157)
	at com.kms.katalon.core.main.TestCaseMain$startTestSuite$0.call(Unknown Source)
	at TempTestSuite1589508261822.run(TempTestSuite1589508261822.groovy:36)
)

2020-05-15 10:17:16 - [TEST_STEP][PASSED] - waitForElementNotPresent(findTestObject("Objects.NavigateToDashboard/div_Loading search result Please wait"), 120): Web element with id: 'Object Repository/Objects.NavigateToDashboard/div_Loading search result Please wait' located by 'By.xpath: //div[@class = 'x-mask-msg-text' and (text() = 'Loading search result. Please wait...' or . = 'Loading search result. Please wait...')]' is not present after '120' second(s)

2020-05-15 10:17:47 - [MESSAGE][PASSED] - Web element with id: 'Object Repository/Objects.NavigateToDashboard/div_Loading search result Please wait' located by 'By.xpath: //div[@class = 'x-mask-msg-text' and (text() = 'Loading search result. Please wait...' or . = 'Loading search result. Please wait...')]' is not present after '120' second(s)

2020-05-15 10:17:47 - [TEST_STEP][PASSED] - Thread.sleep(3000): null

2020-05-15 10:17:50 - [MESSAGE][PASSED] - Call Test Case 'Test Cases/Components/NavigateToDashboard' successfully

2020-05-15 10:17:50 - [TEST_STEP][FAILED] - callTestCase(findTestCase("Components/Logout"), [:], STOP_ON_FAILURE): Unable to call Test Case 'Test Cases/Components/Logout' (Root cause: com.kms.katalon.core.exception.StepErrorException: Call Test Case 'Test Cases/Components/Logout' failed because of error(s)
	at com.kms.katalon.core.keyword.builtin.CallTestCaseKeyword$_callTestCase_closure1.doCall(CallTestCaseKeyword.groovy:66)
	at com.kms.katalon.core.keyword.builtin.CallTestCaseKeyword$_callTestCase_closure1.call(CallTestCaseKeyword.groovy)
	at com.kms.katalon.core.keyword.internal.KeywordMain.runKeyword(KeywordMain.groovy:68)
	at com.kms.katalon.core.keyword.builtin.CallTestCaseKeyword.callTestCase(CallTestCaseKeyword.groovy:81)
	at com.kms.katalon.core.keyword.builtin.CallTestCaseKeyword.execute(CallTestCaseKeyword.groovy:44)
	at com.kms.katalon.core.keyword.internal.KeywordExecutor.executeKeywordForPlatform(KeywordExecutor.groovy:72)
	at com.kms.katalon.core.keyword.BuiltinKeywords.callTestCase(BuiltinKeywords.groovy:334)
	at BCAISPS-14745.TCID002.run(BCAISPS-14745.TCID002:73)
	at com.kms.katalon.core.main.ScriptEngine.run(ScriptEngine.java:194)
	at com.kms.katalon.core.main.ScriptEngine.runScriptAsRawText(ScriptEngine.java:119)
	at com.kms.katalon.core.main.TestCaseExecutor.runScript(TestCaseExecutor.java:337)
	at com.kms.katalon.core.main.TestCaseExecutor.doExecute(TestCaseExecutor.java:328)
	at com.kms.katalon.core.main.TestCaseExecutor.processExecutionPhase(TestCaseExecutor.java:307)
	at com.kms.katalon.core.main.TestCaseExecutor.accessMainPhase(TestCaseExecutor.java:299)
	at com.kms.katalon.core.main.TestCaseExecutor.execute(TestCaseExecutor.java:233)
	at com.kms.katalon.core.main.TestSuiteExecutor.accessTestCaseMainPhase(TestSuiteExecutor.java:169)
	at com.kms.katalon.core.main.TestSuiteExecutor.accessTestSuiteMainPhase(TestSuiteExecutor.java:142)
	at com.kms.katalon.core.main.TestSuiteExecutor.execute(TestSuiteExecutor.java:91)
	at com.kms.katalon.core.main.TestCaseMain.startTestSuite(TestCaseMain.java:157)
	at com.kms.katalon.core.main.TestCaseMain$startTestSuite$0.call(Unknown Source)
	at TempTestSuite1589508261822.run(TempTestSuite1589508261822.groovy:36)
Caused by: groovy.lang.MissingPropertyException: No such property: LogoutPageTextToBeVerified for class: Script1562295658319
	at Logout.run(Logout:40)
	at com.kms.katalon.core.main.ScriptEngine.run(ScriptEngine.java:194)
	at com.kms.katalon.core.main.ScriptEngine.runScriptAsRawText(ScriptEngine.java:119)
	at com.kms.katalon.core.main.TestCaseExecutor.runScript(TestCaseExecutor.java:337)
	at com.kms.katalon.core.main.TestCaseExecutor.doExecute(TestCaseExecutor.java:328)
	at com.kms.katalon.core.main.TestCaseExecutor.processExecutionPhase(TestCaseExecutor.java:307)
	at com.kms.katalon.core.main.TestCaseExecutor.accessMainPhase(TestCaseExecutor.java:299)
	at com.kms.katalon.core.main.TestCaseExecutor.execute(TestCaseExecutor.java:233)
	at com.kms.katalon.core.main.TestCaseMain.runTestCase(TestCaseMain.java:114)
	at com.kms.katalon.core.keyword.builtin.CallTestCaseKeyword$_callTestCase_closure1.doCall(CallTestCaseKeyword.groovy:59)
	... 20 more
)

2020-05-15 10:17:50 - [TEST_CASE][ERROR] - Test Cases/Components/Logout: Test Cases/Components/Logout FAILED.
Reason:
groovy.lang.MissingPropertyException: No such property: LogoutPageTextToBeVerified for class: Script1562295658319
	at Logout.run(Logout:40)
	at com.kms.katalon.core.main.ScriptEngine.run(ScriptEngine.java:194)
	at com.kms.katalon.core.main.ScriptEngine.runScriptAsRawText(ScriptEngine.java:119)
	at com.kms.katalon.core.main.TestCaseExecutor.runScript(TestCaseExecutor.java:337)
	at com.kms.katalon.core.main.TestCaseExecutor.doExecute(TestCaseExecutor.java:328)
	at com.kms.katalon.core.main.TestCaseExecutor.processExecutionPhase(TestCaseExecutor.java:307)
	at com.kms.katalon.core.main.TestCaseExecutor.accessMainPhase(TestCaseExecutor.java:299)
	at com.kms.katalon.core.main.TestCaseExecutor.execute(TestCaseExecutor.java:233)
	at com.kms.katalon.core.main.TestCaseMain.runTestCase(TestCaseMain.java:114)
	at com.kms.katalon.core.keyword.builtin.CallTestCaseKeyword$_callTestCase_closure1.doCall(CallTestCaseKeyword.groovy:59)
	at com.kms.katalon.core.keyword.builtin.CallTestCaseKeyword$_callTestCase_closure1.call(CallTestCaseKeyword.groovy)
	at com.kms.katalon.core.keyword.internal.KeywordMain.runKeyword(KeywordMain.groovy:68)
	at com.kms.katalon.core.keyword.builtin.CallTestCaseKeyword.callTestCase(CallTestCaseKeyword.groovy:81)
	at com.kms.katalon.core.keyword.builtin.CallTestCaseKeyword.execute(CallTestCaseKeyword.groovy:44)
	at com.kms.katalon.core.keyword.internal.KeywordExecutor.executeKeywordForPlatform(KeywordExecutor.groovy:72)
	at com.kms.katalon.core.keyword.BuiltinKeywords.callTestCase(BuiltinKeywords.groovy:334)
	at BCAISPS-14745.TCID002.run(BCAISPS-14745.TCID002:73)
	at com.kms.katalon.core.main.ScriptEngine.run(ScriptEngine.java:194)
	at com.kms.katalon.core.main.ScriptEngine.runScriptAsRawText(ScriptEngine.java:119)
	at com.kms.katalon.core.main.TestCaseExecutor.runScript(TestCaseExecutor.java:337)
	at com.kms.katalon.core.main.TestCaseExecutor.doExecute(TestCaseExecutor.java:328)
	at com.kms.katalon.core.main.TestCaseExecutor.processExecutionPhase(TestCaseExecutor.java:307)
	at com.kms.katalon.core.main.TestCaseExecutor.accessMainPhase(TestCaseExecutor.java:299)
	at com.kms.katalon.core.main.TestCaseExecutor.execute(TestCaseExecutor.java:233)
	at com.kms.katalon.core.main.TestSuiteExecutor.accessTestCaseMainPhase(TestSuiteExecutor.java:169)
	at com.kms.katalon.core.main.TestSuiteExecutor.accessTestSuiteMainPhase(TestSuiteExecutor.java:142)
	at com.kms.katalon.core.main.TestSuiteExecutor.execute(TestSuiteExecutor.java:91)
	at com.kms.katalon.core.main.TestCaseMain.startTestSuite(TestCaseMain.java:157)
	at com.kms.katalon.core.main.TestCaseMain$startTestSuite$0.call(Unknown Source)
	at TempTestSuite1589508261822.run(TempTestSuite1589508261822.groovy:36)


2020-05-15 10:17:50 - [TEST_STEP][PASSED] - Thread.sleep(3000): null

2020-05-15 10:17:53 - [TEST_STEP][NOT_RUN] - com.reusableComponents.HighlightElement.run(findTestObject("Objects.Logout/accountDropdown")): NOT_RUN: com.reusableComponents.HighlightElement.run(findTestObject("Objects.Logout/accountDropdown"))

2020-05-15 10:17:53 - [MESSAGE][NOT_RUN] - NOT_RUN: com.reusableComponents.HighlightElement.run(findTestObject("Objects.Logout/accountDropdown"))

2020-05-15 10:17:53 - [TEST_STEP][NOT_RUN] - click(findTestObject("Objects.Logout/accountDropdown")): NOT_RUN: click(findTestObject("Objects.Logout/accountDropdown"))

2020-05-15 10:17:53 - [MESSAGE][NOT_RUN] - NOT_RUN: click(findTestObject("Objects.Logout/accountDropdown"))

2020-05-15 10:17:53 - [TEST_STEP][NOT_RUN] - com.reusableComponents.clickUsingJS.clickUsingJS(findTestObject("Objects.Logout/accountDropdown"), 0): NOT_RUN: com.reusableComponents.clickUsingJS.clickUsingJS(findTestObject("Objects.Logout/accountDropdown"), 0)

2020-05-15 10:17:53 - [MESSAGE][NOT_RUN] - NOT_RUN: com.reusableComponents.clickUsingJS.clickUsingJS(findTestObject("Objects.Logout/accountDropdown"), 0)

2020-05-15 10:17:53 - [TEST_STEP][PASSED] - element = findWebElement(findTestObject("Objects.Logout/accountDropdown"), 30): null

2020-05-15 10:18:16 - [TEST_STEP][PASSED] - executeJavaScript("arguments[0].click()", Arrays.asList(element)): Execute JavaScript 'arguments[0].click()' successfully

2020-05-15 10:18:17 - [MESSAGE][PASSED] - Execute JavaScript 'arguments[0].click()' successfully

2020-05-15 10:18:17 - [TEST_STEP][NOT_RUN] - com.reusableComponents.HighlightElement.run(findTestObject("Objects.Logout/span_Logout")): NOT_RUN: com.reusableComponents.HighlightElement.run(findTestObject("Objects.Logout/span_Logout"))

2020-05-15 10:18:17 - [MESSAGE][NOT_RUN] - NOT_RUN: com.reusableComponents.HighlightElement.run(findTestObject("Objects.Logout/span_Logout"))

2020-05-15 10:18:17 - [TEST_STEP][PASSED] - click(findTestObject("Objects.Logout/span_Logout"), STOP_ON_FAILURE): Object: 'Object Repository/Objects.Logout/span_Logout' is clicked on

2020-05-15 10:18:24 - [MESSAGE][PASSED] - Object: 'Object Repository/Objects.Logout/span_Logout' is clicked on

2020-05-15 10:18:24 - [TEST_STEP][PASSED] - waitForPageLoad(30): Wait for page load successfully

2020-05-15 10:18:24 - [MESSAGE][PASSED] - Wait for page load successfully

2020-05-15 10:18:24 - [TEST_STEP][PASSED] - Thread.sleep(3000): null

2020-05-15 10:18:27 - [TEST_STEP][PASSED] - verifyTextPresent(LogoutPageTextToBeVerified, false): null

2020-05-15 10:18:27 - [MESSAGE][FAILED] - Unable to call Test Case 'Test Cases/Components/Logout' (Root cause: com.kms.katalon.core.exception.StepErrorException: Call Test Case 'Test Cases/Components/Logout' failed because of error(s)
	at com.kms.katalon.core.keyword.builtin.CallTestCaseKeyword$_callTestCase_closure1.doCall(CallTestCaseKeyword.groovy:66)
	at com.kms.katalon.core.keyword.builtin.CallTestCaseKeyword$_callTestCase_closure1.call(CallTestCaseKeyword.groovy)
	at com.kms.katalon.core.keyword.internal.KeywordMain.runKeyword(KeywordMain.groovy:68)
	at com.kms.katalon.core.keyword.builtin.CallTestCaseKeyword.callTestCase(CallTestCaseKeyword.groovy:81)
	at com.kms.katalon.core.keyword.builtin.CallTestCaseKeyword.execute(CallTestCaseKeyword.groovy:44)
	at com.kms.katalon.core.keyword.internal.KeywordExecutor.executeKeywordForPlatform(KeywordExecutor.groovy:72)
	at com.kms.katalon.core.keyword.BuiltinKeywords.callTestCase(BuiltinKeywords.groovy:334)
	at BCAISPS-14745.TCID002.run(BCAISPS-14745.TCID002:73)
	at com.kms.katalon.core.main.ScriptEngine.run(ScriptEngine.java:194)
	at com.kms.katalon.core.main.ScriptEngine.runScriptAsRawText(ScriptEngine.java:119)
	at com.kms.katalon.core.main.TestCaseExecutor.runScript(TestCaseExecutor.java:337)
	at com.kms.katalon.core.main.TestCaseExecutor.doExecute(TestCaseExecutor.java:328)
	at com.kms.katalon.core.main.TestCaseExecutor.processExecutionPhase(TestCaseExecutor.java:307)
	at com.kms.katalon.core.main.TestCaseExecutor.accessMainPhase(TestCaseExecutor.java:299)
	at com.kms.katalon.core.main.TestCaseExecutor.execute(TestCaseExecutor.java:233)
	at com.kms.katalon.core.main.TestSuiteExecutor.accessTestCaseMainPhase(TestSuiteExecutor.java:169)
	at com.kms.katalon.core.main.TestSuiteExecutor.accessTestSuiteMainPhase(TestSuiteExecutor.java:142)
	at com.kms.katalon.core.main.TestSuiteExecutor.execute(TestSuiteExecutor.java:91)
	at com.kms.katalon.core.main.TestCaseMain.startTestSuite(TestCaseMain.java:157)
	at com.kms.katalon.core.main.TestCaseMain$startTestSuite$0.call(Unknown Source)
	at TempTestSuite1589508261822.run(TempTestSuite1589508261822.groovy:36)
Caused by: groovy.lang.MissingPropertyException: No such property: LogoutPageTextToBeVerified for class: Script1562295658319
	at Logout.run(Logout:40)
	at com.kms.katalon.core.main.ScriptEngine.run(ScriptEngine.java:194)
	at com.kms.katalon.core.main.ScriptEngine.runScriptAsRawText(ScriptEngine.java:119)
	at com.kms.katalon.core.main.TestCaseExecutor.runScript(TestCaseExecutor.java:337)
	at com.kms.katalon.core.main.TestCaseExecutor.doExecute(TestCaseExecutor.java:328)
	at com.kms.katalon.core.main.TestCaseExecutor.processExecutionPhase(TestCaseExecutor.java:307)
	at com.kms.katalon.core.main.TestCaseExecutor.accessMainPhase(TestCaseExecutor.java:299)
	at com.kms.katalon.core.main.TestCaseExecutor.execute(TestCaseExecutor.java:233)
	at com.kms.katalon.core.main.TestCaseMain.runTestCase(TestCaseMain.java:114)
	at com.kms.katalon.core.keyword.builtin.CallTestCaseKeyword$_callTestCase_closure1.doCall(CallTestCaseKeyword.groovy:59)
	... 20 more
)]]></system-out>
         <system-err><![CDATA[2020-05-15 10:12:55 - [TEST_CASE][ERROR] - Test Cases/Jira/BE/Utilities/BCAISPS-14745/BCAISPS-14745.TCID002: Test Cases/Jira/BE/Utilities/BCAISPS-14745/BCAISPS-14745.TCID002 FAILED.
Reason:
com.kms.katalon.core.exception.StepErrorException: Call Test Case 'Test Cases/Components/Logout' failed because of error(s)
	at com.kms.katalon.core.keyword.builtin.CallTestCaseKeyword$_callTestCase_closure1.doCall(CallTestCaseKeyword.groovy:66)
	at com.kms.katalon.core.keyword.builtin.CallTestCaseKeyword$_callTestCase_closure1.call(CallTestCaseKeyword.groovy)
	at com.kms.katalon.core.keyword.internal.KeywordMain.runKeyword(KeywordMain.groovy:68)
	at com.kms.katalon.core.keyword.builtin.CallTestCaseKeyword.callTestCase(CallTestCaseKeyword.groovy:81)
	at com.kms.katalon.core.keyword.builtin.CallTestCaseKeyword.execute(CallTestCaseKeyword.groovy:44)
	at com.kms.katalon.core.keyword.internal.KeywordExecutor.executeKeywordForPlatform(KeywordExecutor.groovy:72)
	at com.kms.katalon.core.keyword.BuiltinKeywords.callTestCase(BuiltinKeywords.groovy:334)
	at BCAISPS-14745.TCID002.run(BCAISPS-14745.TCID002:73)
	at com.kms.katalon.core.main.ScriptEngine.run(ScriptEngine.java:194)
	at com.kms.katalon.core.main.ScriptEngine.runScriptAsRawText(ScriptEngine.java:119)
	at com.kms.katalon.core.main.TestCaseExecutor.runScript(TestCaseExecutor.java:337)
	at com.kms.katalon.core.main.TestCaseExecutor.doExecute(TestCaseExecutor.java:328)
	at com.kms.katalon.core.main.TestCaseExecutor.processExecutionPhase(TestCaseExecutor.java:307)
	at com.kms.katalon.core.main.TestCaseExecutor.accessMainPhase(TestCaseExecutor.java:299)
	at com.kms.katalon.core.main.TestCaseExecutor.execute(TestCaseExecutor.java:233)
	at com.kms.katalon.core.main.TestSuiteExecutor.accessTestCaseMainPhase(TestSuiteExecutor.java:169)
	at com.kms.katalon.core.main.TestSuiteExecutor.accessTestSuiteMainPhase(TestSuiteExecutor.java:142)
	at com.kms.katalon.core.main.TestSuiteExecutor.execute(TestSuiteExecutor.java:91)
	at com.kms.katalon.core.main.TestCaseMain.startTestSuite(TestCaseMain.java:157)
	at com.kms.katalon.core.main.TestCaseMain$startTestSuite$0.call(Unknown Source)
	at TempTestSuite1589508261822.run(TempTestSuite1589508261822.groovy:36)
Caused by: groovy.lang.MissingPropertyException: No such property: LogoutPageTextToBeVerified for class: Script1562295658319
	at Logout.run(Logout:40)
	at com.kms.katalon.core.main.ScriptEngine.run(ScriptEngine.java:194)
	at com.kms.katalon.core.main.ScriptEngine.runScriptAsRawText(ScriptEngine.java:119)
	at com.kms.katalon.core.main.TestCaseExecutor.runScript(TestCaseExecutor.java:337)
	at com.kms.katalon.core.main.TestCaseExecutor.doExecute(TestCaseExecutor.java:328)
	at com.kms.katalon.core.main.TestCaseExecutor.processExecutionPhase(TestCaseExecutor.java:307)
	at com.kms.katalon.core.main.TestCaseExecutor.accessMainPhase(TestCaseExecutor.java:299)
	at com.kms.katalon.core.main.TestCaseExecutor.execute(TestCaseExecutor.java:233)
	at com.kms.katalon.core.main.TestCaseMain.runTestCase(TestCaseMain.java:114)
	at com.kms.katalon.core.keyword.builtin.CallTestCaseKeyword$_callTestCase_closure1.doCall(CallTestCaseKeyword.groovy:59)
	... 20 more]]></system-err>
      </testcase>
      <testcase name="Test Cases/Jira/BE/Utilities/BCAISPS-14745/BCAISPS-14745.TCID003" time="109.933" classname="Test Cases/Jira/BE/Utilities/BCAISPS-14745/BCAISPS-14745.TCID003" status="FAILED">
         <failure type="FAILED" message="Test Cases/Jira/BE/Utilities/BCAISPS-14745/BCAISPS-14745.TCID003 FAILED.
Reason:
com.kms.katalon.core.exception.StepFailedException: Call Test Case 'Test Cases/Components/HoverToAnyMenuSelection' failed
	at com.kms.katalon.core.keyword.builtin.CallTestCaseKeyword$_callTestCase_closure1.doCall(CallTestCaseKeyword.groovy:63)
	at com.kms.katalon.core.keyword.builtin.CallTestCaseKeyword$_callTestCase_closure1.call(CallTestCaseKeyword.groovy)
	at com.kms.katalon.core.keyword.internal.KeywordMain.runKeyword(KeywordMain.groovy:68)
	at com.kms.katalon.core.keyword.builtin.CallTestCaseKeyword.callTestCase(CallTestCaseKeyword.groovy:81)
	at com.kms.katalon.core.keyword.builtin.CallTestCaseKeyword.execute(CallTestCaseKeyword.groovy:44)
	at com.kms.katalon.core.keyword.internal.KeywordExecutor.executeKeywordForPlatform(KeywordExecutor.groovy:72)
	at com.kms.katalon.core.keyword.BuiltinKeywords.callTestCase(BuiltinKeywords.groovy:334)
	at BCAISPS-14745.TCID003.run(BCAISPS-14745.TCID003:33)
	at com.kms.katalon.core.main.ScriptEngine.run(ScriptEngine.java:194)
	at com.kms.katalon.core.main.ScriptEngine.runScriptAsRawText(ScriptEngine.java:119)
	at com.kms.katalon.core.main.TestCaseExecutor.runScript(TestCaseExecutor.java:337)
	at com.kms.katalon.core.main.TestCaseExecutor.doExecute(TestCaseExecutor.java:328)
	at com.kms.katalon.core.main.TestCaseExecutor.processExecutionPhase(TestCaseExecutor.java:307)
	at com.kms.katalon.core.main.TestCaseExecutor.accessMainPhase(TestCaseExecutor.java:299)
	at com.kms.katalon.core.main.TestCaseExecutor.execute(TestCaseExecutor.java:233)
	at com.kms.katalon.core.main.TestSuiteExecutor.accessTestCaseMainPhase(TestSuiteExecutor.java:169)
	at com.kms.katalon.core.main.TestSuiteExecutor.accessTestSuiteMainPhase(TestSuiteExecutor.java:142)
	at com.kms.katalon.core.main.TestSuiteExecutor.execute(TestSuiteExecutor.java:91)
	at com.kms.katalon.core.main.TestCaseMain.startTestSuite(TestCaseMain.java:157)
	at com.kms.katalon.core.main.TestCaseMain$startTestSuite$0.call(Unknown Source)
	at TempTestSuite1589508261822.run(TempTestSuite1589508261822.groovy:36)
Caused by: com.kms.katalon.core.exception.StepFailedException: Unable to move mouse over object 'Object Repository/Objects.HoverToAnyMenuSelection/span_Common'
	at com.kms.katalon.core.webui.keyword.internal.WebUIKeywordMain.stepFailed(WebUIKeywordMain.groovy:64)
	at com.kms.katalon.core.webui.keyword.internal.WebUIKeywordMain.runKeyword(WebUIKeywordMain.groovy:26)
	at com.kms.katalon.core.webui.keyword.builtin.MouseOverKeyword.mouseOver(MouseOverKeyword.groovy:66)
	at com.kms.katalon.core.webui.keyword.builtin.MouseOverKeyword.execute(MouseOverKeyword.groovy:40)
	at com.kms.katalon.core.keyword.internal.KeywordExecutor.executeKeywordForPlatform(KeywordExecutor.groovy:72)
	at com.kms.katalon.core.webui.keyword.WebUiBuiltInKeywords.mouseOver(WebUiBuiltInKeywords.groovy:802)
	at com.kms.katalon.core.webui.keyword.WebUiBuiltInKeywords$mouseOver$11.call(Unknown Source)
	at HoverToAnyMenuSelection.run(HoverToAnyMenuSelection:24)
	at com.kms.katalon.core.main.ScriptEngine.run(ScriptEngine.java:194)
	at com.kms.katalon.core.main.ScriptEngine.runScriptAsRawText(ScriptEngine.java:119)
	at com.kms.katalon.core.main.TestCaseExecutor.runScript(TestCaseExecutor.java:337)
	at com.kms.katalon.core.main.TestCaseExecutor.doExecute(TestCaseExecutor.java:328)
	at com.kms.katalon.core.main.TestCaseExecutor.processExecutionPhase(TestCaseExecutor.java:307)
	at com.kms.katalon.core.main.TestCaseExecutor.accessMainPhase(TestCaseExecutor.java:299)
	at com.kms.katalon.core.main.TestCaseExecutor.execute(TestCaseExecutor.java:233)
	at com.kms.katalon.core.main.TestCaseMain.runTestCase(TestCaseMain.java:114)
	at com.kms.katalon.core.keyword.builtin.CallTestCaseKeyword$_callTestCase_closure1.doCall(CallTestCaseKeyword.groovy:59)
	... 20 more
Caused by: com.kms.katalon.core.webui.exception.WebElementNotFoundException: Web element with id: 'Object Repository/Objects.HoverToAnyMenuSelection/span_Common' located by 'By.xpath: //span[contains(@class, 'x-menu-item-text x-menu-item-text-default x-menu-item-indent-no-separator') and (text() = 'Maintenance' or . = 'Maintenance')]' not found
	at com.kms.katalon.core.webui.common.WebUiCommonHelper.findWebElement(WebUiCommonHelper.java:1154)
	at com.kms.katalon.core.webui.keyword.internal.WebUIAbstractKeyword.findWebElement(WebUIAbstractKeyword.groovy:27)
	at com.kms.katalon.core.webui.keyword.internal.WebUIAbstractKeyword.findWebElement(WebUIAbstractKeyword.groovy:26)
	at com.kms.katalon.core.webui.keyword.builtin.MouseOverKeyword$_mouseOver_closure1.doCall(MouseOverKeyword.groovy:54)
	at com.kms.katalon.core.webui.keyword.builtin.MouseOverKeyword$_mouseOver_closure1.call(MouseOverKeyword.groovy)
	at com.kms.katalon.core.webui.keyword.internal.WebUIKeywordMain.runKeyword(WebUIKeywordMain.groovy:20)
	... 35 more
"/>
         <system-out><![CDATA[2020-05-15 10:18:27 - [TEST_CASE][FAILED] - Test Cases/Jira/BE/Utilities/BCAISPS-14745/BCAISPS-14745.TCID003: Test Cases/Jira/BE/Utilities/BCAISPS-14745/BCAISPS-14745.TCID003 FAILED.
Reason:
com.kms.katalon.core.exception.StepFailedException: Call Test Case 'Test Cases/Components/HoverToAnyMenuSelection' failed
	at com.kms.katalon.core.keyword.builtin.CallTestCaseKeyword$_callTestCase_closure1.doCall(CallTestCaseKeyword.groovy:63)
	at com.kms.katalon.core.keyword.builtin.CallTestCaseKeyword$_callTestCase_closure1.call(CallTestCaseKeyword.groovy)
	at com.kms.katalon.core.keyword.internal.KeywordMain.runKeyword(KeywordMain.groovy:68)
	at com.kms.katalon.core.keyword.builtin.CallTestCaseKeyword.callTestCase(CallTestCaseKeyword.groovy:81)
	at com.kms.katalon.core.keyword.builtin.CallTestCaseKeyword.execute(CallTestCaseKeyword.groovy:44)
	at com.kms.katalon.core.keyword.internal.KeywordExecutor.executeKeywordForPlatform(KeywordExecutor.groovy:72)
	at com.kms.katalon.core.keyword.BuiltinKeywords.callTestCase(BuiltinKeywords.groovy:334)
	at BCAISPS-14745.TCID003.run(BCAISPS-14745.TCID003:33)
	at com.kms.katalon.core.main.ScriptEngine.run(ScriptEngine.java:194)
	at com.kms.katalon.core.main.ScriptEngine.runScriptAsRawText(ScriptEngine.java:119)
	at com.kms.katalon.core.main.TestCaseExecutor.runScript(TestCaseExecutor.java:337)
	at com.kms.katalon.core.main.TestCaseExecutor.doExecute(TestCaseExecutor.java:328)
	at com.kms.katalon.core.main.TestCaseExecutor.processExecutionPhase(TestCaseExecutor.java:307)
	at com.kms.katalon.core.main.TestCaseExecutor.accessMainPhase(TestCaseExecutor.java:299)
	at com.kms.katalon.core.main.TestCaseExecutor.execute(TestCaseExecutor.java:233)
	at com.kms.katalon.core.main.TestSuiteExecutor.accessTestCaseMainPhase(TestSuiteExecutor.java:169)
	at com.kms.katalon.core.main.TestSuiteExecutor.accessTestSuiteMainPhase(TestSuiteExecutor.java:142)
	at com.kms.katalon.core.main.TestSuiteExecutor.execute(TestSuiteExecutor.java:91)
	at com.kms.katalon.core.main.TestCaseMain.startTestSuite(TestCaseMain.java:157)
	at com.kms.katalon.core.main.TestCaseMain$startTestSuite$0.call(Unknown Source)
	at TempTestSuite1589508261822.run(TempTestSuite1589508261822.groovy:36)
Caused by: com.kms.katalon.core.exception.StepFailedException: Unable to move mouse over object 'Object Repository/Objects.HoverToAnyMenuSelection/span_Common'
	at com.kms.katalon.core.webui.keyword.internal.WebUIKeywordMain.stepFailed(WebUIKeywordMain.groovy:64)
	at com.kms.katalon.core.webui.keyword.internal.WebUIKeywordMain.runKeyword(WebUIKeywordMain.groovy:26)
	at com.kms.katalon.core.webui.keyword.builtin.MouseOverKeyword.mouseOver(MouseOverKeyword.groovy:66)
	at com.kms.katalon.core.webui.keyword.builtin.MouseOverKeyword.execute(MouseOverKeyword.groovy:40)
	at com.kms.katalon.core.keyword.internal.KeywordExecutor.executeKeywordForPlatform(KeywordExecutor.groovy:72)
	at com.kms.katalon.core.webui.keyword.WebUiBuiltInKeywords.mouseOver(WebUiBuiltInKeywords.groovy:802)
	at com.kms.katalon.core.webui.keyword.WebUiBuiltInKeywords$mouseOver$11.call(Unknown Source)
	at HoverToAnyMenuSelection.run(HoverToAnyMenuSelection:24)
	at com.kms.katalon.core.main.ScriptEngine.run(ScriptEngine.java:194)
	at com.kms.katalon.core.main.ScriptEngine.runScriptAsRawText(ScriptEngine.java:119)
	at com.kms.katalon.core.main.TestCaseExecutor.runScript(TestCaseExecutor.java:337)
	at com.kms.katalon.core.main.TestCaseExecutor.doExecute(TestCaseExecutor.java:328)
	at com.kms.katalon.core.main.TestCaseExecutor.processExecutionPhase(TestCaseExecutor.java:307)
	at com.kms.katalon.core.main.TestCaseExecutor.accessMainPhase(TestCaseExecutor.java:299)
	at com.kms.katalon.core.main.TestCaseExecutor.execute(TestCaseExecutor.java:233)
	at com.kms.katalon.core.main.TestCaseMain.runTestCase(TestCaseMain.java:114)
	at com.kms.katalon.core.keyword.builtin.CallTestCaseKeyword$_callTestCase_closure1.doCall(CallTestCaseKeyword.groovy:59)
	... 20 more
Caused by: com.kms.katalon.core.webui.exception.WebElementNotFoundException: Web element with id: 'Object Repository/Objects.HoverToAnyMenuSelection/span_Common' located by 'By.xpath: //span[contains(@class, 'x-menu-item-text x-menu-item-text-default x-menu-item-indent-no-separator') and (text() = 'Maintenance' or . = 'Maintenance')]' not found
	at com.kms.katalon.core.webui.common.WebUiCommonHelper.findWebElement(WebUiCommonHelper.java:1154)
	at com.kms.katalon.core.webui.keyword.internal.WebUIAbstractKeyword.findWebElement(WebUIAbstractKeyword.groovy:27)
	at com.kms.katalon.core.webui.keyword.internal.WebUIAbstractKeyword.findWebElement(WebUIAbstractKeyword.groovy:26)
	at com.kms.katalon.core.webui.keyword.builtin.MouseOverKeyword$_mouseOver_closure1.doCall(MouseOverKeyword.groovy:54)
	at com.kms.katalon.core.webui.keyword.builtin.MouseOverKeyword$_mouseOver_closure1.call(MouseOverKeyword.groovy)
	at com.kms.katalon.core.webui.keyword.internal.WebUIKeywordMain.runKeyword(WebUIKeywordMain.groovy:20)
	... 35 more


2020-05-15 10:18:28 - [TEST_STEP][PASSED] - callTestCase(findTestCase("Components/Login"), ["Username":findTestData("Datatable").getValue("Username", 1), "Password":findTestData("Datatable").getValue("Password", 1)], STOP_ON_FAILURE): Call Test Case 'Test Cases/Components/Login' successfully

2020-05-15 10:18:28 - [TEST_CASE][PASSED] - Test Cases/Components/Login: Test Cases/Components/Login

2020-05-15 10:18:28 - [TEST_STEP][PASSED] - openBrowser(findTestData("Datatable").getValue("URL", 1)): Browser is opened with url: 'http://10.0.2.41:3012/isps2-prod-verify/authnz/login.do'

2020-05-15 10:18:28 - [MESSAGE][WARNING] - A browser is already opened. Closing browser and opening a new one

2020-05-15 10:18:29 - [MESSAGE][INFO] - Starting 'Chrome' driver

2020-05-15 10:18:46 - [MESSAGE][PASSED] - Browser is opened with url: 'http://10.0.2.41:3012/isps2-prod-verify/authnz/login.do'

2020-05-15 10:18:46 - [TEST_STEP][PASSED] - maximizeWindow(): Current window maximized

2020-05-15 10:18:51 - [MESSAGE][PASSED] - Current window maximized

2020-05-15 10:18:51 - [TEST_STEP][PASSED] - verifyTextPresent(findTestData("Datatable").getValue("HomeBanner", 1), true): Text 'Sign in to ISPS2-PROD-Verify' is present on page  using regular expression

2020-05-15 10:18:52 - [MESSAGE][PASSED] - Text 'Sign in to ISPS2-PROD-Verify' is present on page  using regular expression

2020-05-15 10:18:52 - [TEST_STEP][NOT_RUN] - com.reusableComponents.HighlightElement.run(findTestObject("Objects.LoginV2.0/Login Page/div_Sign in to ISPS2-PROD-Verify")): NOT_RUN: com.reusableComponents.HighlightElement.run(findTestObject("Objects.LoginV2.0/Login Page/div_Sign in to ISPS2-PROD-Verify"))

2020-05-15 10:18:52 - [MESSAGE][NOT_RUN] - NOT_RUN: com.reusableComponents.HighlightElement.run(findTestObject("Objects.LoginV2.0/Login Page/div_Sign in to ISPS2-PROD-Verify"))

2020-05-15 10:18:52 - [TEST_STEP][NOT_RUN] - com.reusableComponents.HighlightElement.run(findTestObject("Objects.LoginV2.0/Login Page/input_Sign in to ISPS2-PROD-Verify_username")): NOT_RUN: com.reusableComponents.HighlightElement.run(findTestObject("Objects.LoginV2.0/Login Page/input_Sign in to ISPS2-PROD-Verify_username"))

2020-05-15 10:18:52 - [MESSAGE][NOT_RUN] - NOT_RUN: com.reusableComponents.HighlightElement.run(findTestObject("Objects.LoginV2.0/Login Page/input_Sign in to ISPS2-PROD-Verify_username"))

2020-05-15 10:18:52 - [TEST_STEP][PASSED] - setText(findTestObject("Objects.LoginV2.0/Login Page/input_Sign in to ISPS2-PROD-Verify_username"), Username): Text 'sysadmin' is set on object 'Object Repository/Objects.LoginV2.0/Login Page/input_Sign in to ISPS2-PROD-Verify_username'

2020-05-15 10:18:53 - [MESSAGE][PASSED] - Text 'sysadmin' is set on object 'Object Repository/Objects.LoginV2.0/Login Page/input_Sign in to ISPS2-PROD-Verify_username'

2020-05-15 10:18:53 - [TEST_STEP][NOT_RUN] - com.reusableComponents.HighlightElement.run(findTestObject("Objects.LoginV2.0/Login Page/input_This field is required_password")): NOT_RUN: com.reusableComponents.HighlightElement.run(findTestObject("Objects.LoginV2.0/Login Page/input_This field is required_password"))

2020-05-15 10:18:53 - [MESSAGE][NOT_RUN] - NOT_RUN: com.reusableComponents.HighlightElement.run(findTestObject("Objects.LoginV2.0/Login Page/input_This field is required_password"))

2020-05-15 10:18:53 - [TEST_STEP][PASSED] - setEncryptedText(findTestObject("Objects.LoginV2.0/Login Page/input_This field is required_password"), Password): Text ****** has been set on object 'Object Repository/Objects.LoginV2.0/Login Page/input_This field is required_password'

2020-05-15 10:18:53 - [MESSAGE][PASSED] - Text ****** has been set on object 'Object Repository/Objects.LoginV2.0/Login Page/input_This field is required_password'

2020-05-15 10:18:53 - [TEST_STEP][NOT_RUN] - com.reusableComponents.HighlightElement.run(findTestObject("Objects.LoginV2.0/Login Page/div_Sign in to ISPS2-PROD-Verify_NovaGoButton-1021")): NOT_RUN: com.reusableComponents.HighlightElement.run(findTestObject("Objects.LoginV2.0/Login Page/div_Sign in to ISPS2-PROD-Verify_NovaGoButton-1021"))

2020-05-15 10:18:53 - [MESSAGE][NOT_RUN] - NOT_RUN: com.reusableComponents.HighlightElement.run(findTestObject("Objects.LoginV2.0/Login Page/div_Sign in to ISPS2-PROD-Verify_NovaGoButton-1021"))

2020-05-15 10:18:53 - [TEST_STEP][PASSED] - click(findTestObject("Objects.LoginV2.0/Login Page/div_Sign in to ISPS2-PROD-Verify_NovaGoButton-1021"), OPTIONAL): Object: 'Object Repository/Objects.LoginV2.0/Login Page/div_Sign in to ISPS2-PROD-Verify_NovaGoButton-1021' is clicked on

2020-05-15 10:18:54 - [MESSAGE][PASSED] - Object: 'Object Repository/Objects.LoginV2.0/Login Page/div_Sign in to ISPS2-PROD-Verify_NovaGoButton-1021' is clicked on

2020-05-15 10:18:54 - [TEST_STEP][NOT_RUN] - sendKeys(findTestObject("Objects.LoginV2.0/Login Page/input_This field is required_password"), Keys.chord(ENTER), OPTIONAL): NOT_RUN: sendKeys(findTestObject("Objects.LoginV2.0/Login Page/input_This field is required_password"), Keys.chord(ENTER), OPTIONAL)

2020-05-15 10:18:54 - [MESSAGE][NOT_RUN] - NOT_RUN: sendKeys(findTestObject("Objects.LoginV2.0/Login Page/input_This field is required_password"), Keys.chord(ENTER), OPTIONAL)

2020-05-15 10:18:54 - [TEST_STEP][PASSED] - waitForPageLoad(30): Wait for page load successfully

2020-05-15 10:18:54 - [MESSAGE][PASSED] - Wait for page load successfully

2020-05-15 10:18:54 - [TEST_STEP][NOT_RUN] - verifyElementVisible(findTestObject("Objects.Login/Dashboard/a_ISPS2-PROD-Verify"), OPTIONAL): NOT_RUN: verifyElementVisible(findTestObject("Objects.Login/Dashboard/a_ISPS2-PROD-Verify"), OPTIONAL)

2020-05-15 10:18:54 - [MESSAGE][NOT_RUN] - NOT_RUN: verifyElementVisible(findTestObject("Objects.Login/Dashboard/a_ISPS2-PROD-Verify"), OPTIONAL)

2020-05-15 10:18:54 - [TEST_STEP][PASSED] - Thread.sleep(3000): null

2020-05-15 10:18:57 - [MESSAGE][PASSED] - Call Test Case 'Test Cases/Components/Login' successfully

2020-05-15 10:18:57 - [TEST_STEP][PASSED] - callTestCase(findTestCase("Components/NavigateToHomepageHeaders"), ["headerText":"My Tasks"], STOP_ON_FAILURE): Call Test Case 'Test Cases/Components/NavigateToHomepageHeaders' successfully

2020-05-15 10:18:57 - [TEST_CASE][PASSED] - Test Cases/Components/NavigateToHomepageHeaders: Test Cases/Components/NavigateToHomepageHeaders

2020-05-15 10:18:57 - [TEST_STEP][PASSED] - Thread.sleep(1000): null

2020-05-15 10:18:58 - [TEST_STEP][PASSED] - waitForPageLoad(30): Wait for page load successfully

2020-05-15 10:18:59 - [MESSAGE][PASSED] - Wait for page load successfully

2020-05-15 10:18:59 - [TEST_STEP][PASSED] - modifiedHeader = modifyObjectProperty(findTestObject("Objects.NavigateToHomepageHeaders/Page_ISPS2/div_Header"), "text", "equals", headerText, true): Modify property of object successfully

2020-05-15 10:18:59 - [MESSAGE][PASSED] - Modify property of object successfully

2020-05-15 10:18:59 - [TEST_STEP][PASSED] - verifyElementClickable(modifiedHeader): Object 'Object Repository/Objects.NavigateToHomepageHeaders/Page_ISPS2/div_Header' is clickable

2020-05-15 10:19:05 - [MESSAGE][PASSED] - Object 'Object Repository/Objects.NavigateToHomepageHeaders/Page_ISPS2/div_Header' is clickable

2020-05-15 10:19:05 - [TEST_STEP][PASSED] - click(modifiedHeader): Object: 'Object Repository/Objects.NavigateToHomepageHeaders/Page_ISPS2/div_Header' is clicked on

2020-05-15 10:19:06 - [MESSAGE][PASSED] - Object: 'Object Repository/Objects.NavigateToHomepageHeaders/Page_ISPS2/div_Header' is clicked on

2020-05-15 10:19:06 - [TEST_STEP][PASSED] - Thread.sleep(7000): null

2020-05-15 10:19:13 - [MESSAGE][PASSED] - Call Test Case 'Test Cases/Components/NavigateToHomepageHeaders' successfully

2020-05-15 10:19:13 - [TEST_STEP][PASSED] - callTestCase(findTestCase("Components/OpenHomepageMenu"), [:], STOP_ON_FAILURE): Call Test Case 'Test Cases/Components/OpenHomepageMenu' successfully

2020-05-15 10:19:13 - [TEST_CASE][PASSED] - Test Cases/Components/OpenHomepageMenu: Test Cases/Components/OpenHomepageMenu

2020-05-15 10:19:13 - [TEST_STEP][PASSED] - Thread.sleep(1000): null

2020-05-15 10:19:14 - [TEST_STEP][PASSED] - verifyTextPresent("Loading search result. Please wait...", false, OPTIONAL): Text 'Loading search result. Please wait...' is not present on page  (Root cause: com.kms.katalon.core.exception.StepFailedException: Text 'Loading search result. Please wait...' is not present on page 
	at com.kms.katalon.core.webui.keyword.internal.WebUIKeywordMain.stepFailed(WebUIKeywordMain.groovy:64)
	at com.kms.katalon.core.webui.keyword.builtin.VerifyTextPresentKeyword$_verifyTextPresent_closure1.doCall(VerifyTextPresentKeyword.groovy:79)
	at com.kms.katalon.core.webui.keyword.builtin.VerifyTextPresentKeyword$_verifyTextPresent_closure1.call(VerifyTextPresentKeyword.groovy)
	at com.kms.katalon.core.webui.keyword.internal.WebUIKeywordMain.runKeyword(WebUIKeywordMain.groovy:20)
	at com.kms.katalon.core.webui.keyword.builtin.VerifyTextPresentKeyword.verifyTextPresent(VerifyTextPresentKeyword.groovy:83)
	at com.kms.katalon.core.webui.keyword.builtin.VerifyTextPresentKeyword.execute(VerifyTextPresentKeyword.groovy:68)
	at com.kms.katalon.core.keyword.internal.KeywordExecutor.executeKeywordForPlatform(KeywordExecutor.groovy:72)
	at com.kms.katalon.core.webui.keyword.WebUiBuiltInKeywords.verifyTextPresent(WebUiBuiltInKeywords.groovy:1703)
	at com.kms.katalon.core.webui.keyword.WebUiBuiltInKeywords$verifyTextPresent$6.call(Unknown Source)
	at OpenHomepageMenu.run(OpenHomepageMenu:18)
	at com.kms.katalon.core.main.ScriptEngine.run(ScriptEngine.java:194)
	at com.kms.katalon.core.main.ScriptEngine.runScriptAsRawText(ScriptEngine.java:119)
	at com.kms.katalon.core.main.TestCaseExecutor.runScript(TestCaseExecutor.java:337)
	at com.kms.katalon.core.main.TestCaseExecutor.doExecute(TestCaseExecutor.java:328)
	at com.kms.katalon.core.main.TestCaseExecutor.processExecutionPhase(TestCaseExecutor.java:307)
	at com.kms.katalon.core.main.TestCaseExecutor.accessMainPhase(TestCaseExecutor.java:299)
	at com.kms.katalon.core.main.TestCaseExecutor.execute(TestCaseExecutor.java:233)
	at com.kms.katalon.core.main.TestCaseMain.runTestCase(TestCaseMain.java:114)
	at com.kms.katalon.core.keyword.builtin.CallTestCaseKeyword$_callTestCase_closure1.doCall(CallTestCaseKeyword.groovy:59)
	at com.kms.katalon.core.keyword.builtin.CallTestCaseKeyword$_callTestCase_closure1.call(CallTestCaseKeyword.groovy)
	at com.kms.katalon.core.keyword.internal.KeywordMain.runKeyword(KeywordMain.groovy:68)
	at com.kms.katalon.core.keyword.builtin.CallTestCaseKeyword.callTestCase(CallTestCaseKeyword.groovy:81)
	at com.kms.katalon.core.keyword.builtin.CallTestCaseKeyword.execute(CallTestCaseKeyword.groovy:44)
	at com.kms.katalon.core.keyword.internal.KeywordExecutor.executeKeywordForPlatform(KeywordExecutor.groovy:72)
	at com.kms.katalon.core.keyword.BuiltinKeywords.callTestCase(BuiltinKeywords.groovy:334)
	at BCAISPS-14745.TCID003.run(BCAISPS-14745.TCID003:24)
	at com.kms.katalon.core.main.ScriptEngine.run(ScriptEngine.java:194)
	at com.kms.katalon.core.main.ScriptEngine.runScriptAsRawText(ScriptEngine.java:119)
	at com.kms.katalon.core.main.TestCaseExecutor.runScript(TestCaseExecutor.java:337)
	at com.kms.katalon.core.main.TestCaseExecutor.doExecute(TestCaseExecutor.java:328)
	at com.kms.katalon.core.main.TestCaseExecutor.processExecutionPhase(TestCaseExecutor.java:307)
	at com.kms.katalon.core.main.TestCaseExecutor.accessMainPhase(TestCaseExecutor.java:299)
	at com.kms.katalon.core.main.TestCaseExecutor.execute(TestCaseExecutor.java:233)
	at com.kms.katalon.core.main.TestSuiteExecutor.accessTestCaseMainPhase(TestSuiteExecutor.java:169)
	at com.kms.katalon.core.main.TestSuiteExecutor.accessTestSuiteMainPhase(TestSuiteExecutor.java:142)
	at com.kms.katalon.core.main.TestSuiteExecutor.execute(TestSuiteExecutor.java:91)
	at com.kms.katalon.core.main.TestCaseMain.startTestSuite(TestCaseMain.java:157)
	at com.kms.katalon.core.main.TestCaseMain$startTestSuite$0.call(Unknown Source)
	at TempTestSuite1589508261822.run(TempTestSuite1589508261822.groovy:36)
)

2020-05-15 10:19:18 - [MESSAGE][WARNING] - Text 'Loading search result. Please wait...' is not present on page  (Root cause: com.kms.katalon.core.exception.StepFailedException: Text 'Loading search result. Please wait...' is not present on page 
	at com.kms.katalon.core.webui.keyword.internal.WebUIKeywordMain.stepFailed(WebUIKeywordMain.groovy:64)
	at com.kms.katalon.core.webui.keyword.builtin.VerifyTextPresentKeyword$_verifyTextPresent_closure1.doCall(VerifyTextPresentKeyword.groovy:79)
	at com.kms.katalon.core.webui.keyword.builtin.VerifyTextPresentKeyword$_verifyTextPresent_closure1.call(VerifyTextPresentKeyword.groovy)
	at com.kms.katalon.core.webui.keyword.internal.WebUIKeywordMain.runKeyword(WebUIKeywordMain.groovy:20)
	at com.kms.katalon.core.webui.keyword.builtin.VerifyTextPresentKeyword.verifyTextPresent(VerifyTextPresentKeyword.groovy:83)
	at com.kms.katalon.core.webui.keyword.builtin.VerifyTextPresentKeyword.execute(VerifyTextPresentKeyword.groovy:68)
	at com.kms.katalon.core.keyword.internal.KeywordExecutor.executeKeywordForPlatform(KeywordExecutor.groovy:72)
	at com.kms.katalon.core.webui.keyword.WebUiBuiltInKeywords.verifyTextPresent(WebUiBuiltInKeywords.groovy:1703)
	at com.kms.katalon.core.webui.keyword.WebUiBuiltInKeywords$verifyTextPresent$6.call(Unknown Source)
	at OpenHomepageMenu.run(OpenHomepageMenu:18)
	at com.kms.katalon.core.main.ScriptEngine.run(ScriptEngine.java:194)
	at com.kms.katalon.core.main.ScriptEngine.runScriptAsRawText(ScriptEngine.java:119)
	at com.kms.katalon.core.main.TestCaseExecutor.runScript(TestCaseExecutor.java:337)
	at com.kms.katalon.core.main.TestCaseExecutor.doExecute(TestCaseExecutor.java:328)
	at com.kms.katalon.core.main.TestCaseExecutor.processExecutionPhase(TestCaseExecutor.java:307)
	at com.kms.katalon.core.main.TestCaseExecutor.accessMainPhase(TestCaseExecutor.java:299)
	at com.kms.katalon.core.main.TestCaseExecutor.execute(TestCaseExecutor.java:233)
	at com.kms.katalon.core.main.TestCaseMain.runTestCase(TestCaseMain.java:114)
	at com.kms.katalon.core.keyword.builtin.CallTestCaseKeyword$_callTestCase_closure1.doCall(CallTestCaseKeyword.groovy:59)
	at com.kms.katalon.core.keyword.builtin.CallTestCaseKeyword$_callTestCase_closure1.call(CallTestCaseKeyword.groovy)
	at com.kms.katalon.core.keyword.internal.KeywordMain.runKeyword(KeywordMain.groovy:68)
	at com.kms.katalon.core.keyword.builtin.CallTestCaseKeyword.callTestCase(CallTestCaseKeyword.groovy:81)
	at com.kms.katalon.core.keyword.builtin.CallTestCaseKeyword.execute(CallTestCaseKeyword.groovy:44)
	at com.kms.katalon.core.keyword.internal.KeywordExecutor.executeKeywordForPlatform(KeywordExecutor.groovy:72)
	at com.kms.katalon.core.keyword.BuiltinKeywords.callTestCase(BuiltinKeywords.groovy:334)
	at BCAISPS-14745.TCID003.run(BCAISPS-14745.TCID003:24)
	at com.kms.katalon.core.main.ScriptEngine.run(ScriptEngine.java:194)
	at com.kms.katalon.core.main.ScriptEngine.runScriptAsRawText(ScriptEngine.java:119)
	at com.kms.katalon.core.main.TestCaseExecutor.runScript(TestCaseExecutor.java:337)
	at com.kms.katalon.core.main.TestCaseExecutor.doExecute(TestCaseExecutor.java:328)
	at com.kms.katalon.core.main.TestCaseExecutor.processExecutionPhase(TestCaseExecutor.java:307)
	at com.kms.katalon.core.main.TestCaseExecutor.accessMainPhase(TestCaseExecutor.java:299)
	at com.kms.katalon.core.main.TestCaseExecutor.execute(TestCaseExecutor.java:233)
	at com.kms.katalon.core.main.TestSuiteExecutor.accessTestCaseMainPhase(TestSuiteExecutor.java:169)
	at com.kms.katalon.core.main.TestSuiteExecutor.accessTestSuiteMainPhase(TestSuiteExecutor.java:142)
	at com.kms.katalon.core.main.TestSuiteExecutor.execute(TestSuiteExecutor.java:91)
	at com.kms.katalon.core.main.TestCaseMain.startTestSuite(TestCaseMain.java:157)
	at com.kms.katalon.core.main.TestCaseMain$startTestSuite$0.call(Unknown Source)
	at TempTestSuite1589508261822.run(TempTestSuite1589508261822.groovy:36)
)

2020-05-15 10:19:18 - [TEST_STEP][PASSED] - waitForElementNotPresent(findTestObject("Objects.OpenHomepageMenu/XP_LoadingPopUp"), 120, OPTIONAL): Web element with id: 'Object Repository/Objects.OpenHomepageMenu/XP_LoadingPopUp' located by 'By.xpath: //div[@class = 'x-mask-msg-text' and (text() = 'Loading search result. Please wait...' or . = 'Loading search result. Please wait...')]' is not present after '120' second(s)

2020-05-15 10:19:18 - [MESSAGE][PASSED] - Web element with id: 'Object Repository/Objects.OpenHomepageMenu/XP_LoadingPopUp' located by 'By.xpath: //div[@class = 'x-mask-msg-text' and (text() = 'Loading search result. Please wait...' or . = 'Loading search result. Please wait...')]' is not present after '120' second(s)

2020-05-15 10:19:18 - [TEST_STEP][PASSED] - verifyElementVisible(findTestObject("Objects.OpenHomepageMenu/div_ISPS2-PROD-Verify_component-1013")): Object 'Object Repository/Objects.OpenHomepageMenu/div_ISPS2-PROD-Verify_component-1013' is visible

2020-05-15 10:19:19 - [MESSAGE][PASSED] - Object 'Object Repository/Objects.OpenHomepageMenu/div_ISPS2-PROD-Verify_component-1013' is visible

2020-05-15 10:19:19 - [TEST_STEP][PASSED] - click(findTestObject("Objects.OpenHomepageMenu/div_ISPS2-PROD-Verify_component-1013")): Object: 'Object Repository/Objects.OpenHomepageMenu/div_ISPS2-PROD-Verify_component-1013' is clicked on

2020-05-15 10:19:20 - [MESSAGE][PASSED] - Object: 'Object Repository/Objects.OpenHomepageMenu/div_ISPS2-PROD-Verify_component-1013' is clicked on

2020-05-15 10:19:20 - [MESSAGE][PASSED] - Call Test Case 'Test Cases/Components/OpenHomepageMenu' successfully

2020-05-15 10:19:20 - [TEST_STEP][PASSED] - callTestCase(findTestCase("Components/HoverToAnyMenuSelection"), ["MenuSelection":"Utilities"], STOP_ON_FAILURE): Call Test Case 'Test Cases/Components/HoverToAnyMenuSelection' successfully

2020-05-15 10:19:20 - [TEST_CASE][PASSED] - Test Cases/Components/HoverToAnyMenuSelection: Test Cases/Components/HoverToAnyMenuSelection

2020-05-15 10:19:20 - [TEST_STEP][PASSED] - Thread.sleep(1000): null

2020-05-15 10:19:21 - [TEST_STEP][PASSED] - modifiedSelection = modifyObjectProperty(findTestObject("Objects.HoverToAnyMenuSelection/span_Common"), "text", "equals", MenuSelection, true): Modify property of object successfully

2020-05-15 10:19:22 - [MESSAGE][PASSED] - Modify property of object successfully

2020-05-15 10:19:22 - [TEST_STEP][PASSED] - mouseOver(modifiedSelection): Object: 'Object Repository/Objects.HoverToAnyMenuSelection/span_Common' is hovered

2020-05-15 10:19:22 - [MESSAGE][PASSED] - Object: 'Object Repository/Objects.HoverToAnyMenuSelection/span_Common' is hovered

2020-05-15 10:19:22 - [MESSAGE][PASSED] - Call Test Case 'Test Cases/Components/HoverToAnyMenuSelection' successfully

2020-05-15 10:19:22 - [TEST_STEP][PASSED] - callTestCase(findTestCase("Components/HoverToAnyMenuSelection"), ["MenuSelection":"Common"], STOP_ON_FAILURE): Call Test Case 'Test Cases/Components/HoverToAnyMenuSelection' successfully

2020-05-15 10:19:22 - [TEST_CASE][PASSED] - Test Cases/Components/HoverToAnyMenuSelection: Test Cases/Components/HoverToAnyMenuSelection

2020-05-15 10:19:22 - [TEST_STEP][PASSED] - Thread.sleep(1000): null

2020-05-15 10:19:23 - [TEST_STEP][PASSED] - modifiedSelection = modifyObjectProperty(findTestObject("Objects.HoverToAnyMenuSelection/span_Common"), "text", "equals", MenuSelection, true): Modify property of object successfully

2020-05-15 10:19:24 - [MESSAGE][PASSED] - Modify property of object successfully

2020-05-15 10:19:24 - [TEST_STEP][PASSED] - mouseOver(modifiedSelection): Object: 'Object Repository/Objects.HoverToAnyMenuSelection/span_Common' is hovered

2020-05-15 10:19:26 - [MESSAGE][PASSED] - Object: 'Object Repository/Objects.HoverToAnyMenuSelection/span_Common' is hovered

2020-05-15 10:19:26 - [MESSAGE][PASSED] - Call Test Case 'Test Cases/Components/HoverToAnyMenuSelection' successfully

2020-05-15 10:19:26 - [TEST_STEP][FAILED] - callTestCase(findTestCase("Components/HoverToAnyMenuSelection"), ["MenuSelection":"Maintenance"], STOP_ON_FAILURE): Unable to call Test Case 'Test Cases/Components/HoverToAnyMenuSelection' (Root cause: com.kms.katalon.core.exception.StepFailedException: Call Test Case 'Test Cases/Components/HoverToAnyMenuSelection' failed
	at com.kms.katalon.core.keyword.builtin.CallTestCaseKeyword$_callTestCase_closure1.doCall(CallTestCaseKeyword.groovy:63)
	at com.kms.katalon.core.keyword.builtin.CallTestCaseKeyword$_callTestCase_closure1.call(CallTestCaseKeyword.groovy)
	at com.kms.katalon.core.keyword.internal.KeywordMain.runKeyword(KeywordMain.groovy:68)
	at com.kms.katalon.core.keyword.builtin.CallTestCaseKeyword.callTestCase(CallTestCaseKeyword.groovy:81)
	at com.kms.katalon.core.keyword.builtin.CallTestCaseKeyword.execute(CallTestCaseKeyword.groovy:44)
	at com.kms.katalon.core.keyword.internal.KeywordExecutor.executeKeywordForPlatform(KeywordExecutor.groovy:72)
	at com.kms.katalon.core.keyword.BuiltinKeywords.callTestCase(BuiltinKeywords.groovy:334)
	at BCAISPS-14745.TCID003.run(BCAISPS-14745.TCID003:33)
	at com.kms.katalon.core.main.ScriptEngine.run(ScriptEngine.java:194)
	at com.kms.katalon.core.main.ScriptEngine.runScriptAsRawText(ScriptEngine.java:119)
	at com.kms.katalon.core.main.TestCaseExecutor.runScript(TestCaseExecutor.java:337)
	at com.kms.katalon.core.main.TestCaseExecutor.doExecute(TestCaseExecutor.java:328)
	at com.kms.katalon.core.main.TestCaseExecutor.processExecutionPhase(TestCaseExecutor.java:307)
	at com.kms.katalon.core.main.TestCaseExecutor.accessMainPhase(TestCaseExecutor.java:299)
	at com.kms.katalon.core.main.TestCaseExecutor.execute(TestCaseExecutor.java:233)
	at com.kms.katalon.core.main.TestSuiteExecutor.accessTestCaseMainPhase(TestSuiteExecutor.java:169)
	at com.kms.katalon.core.main.TestSuiteExecutor.accessTestSuiteMainPhase(TestSuiteExecutor.java:142)
	at com.kms.katalon.core.main.TestSuiteExecutor.execute(TestSuiteExecutor.java:91)
	at com.kms.katalon.core.main.TestCaseMain.startTestSuite(TestCaseMain.java:157)
	at com.kms.katalon.core.main.TestCaseMain$startTestSuite$0.call(Unknown Source)
	at TempTestSuite1589508261822.run(TempTestSuite1589508261822.groovy:36)
Caused by: com.kms.katalon.core.exception.StepFailedException: Unable to move mouse over object 'Object Repository/Objects.HoverToAnyMenuSelection/span_Common'
	at com.kms.katalon.core.webui.keyword.internal.WebUIKeywordMain.stepFailed(WebUIKeywordMain.groovy:64)
	at com.kms.katalon.core.webui.keyword.internal.WebUIKeywordMain.runKeyword(WebUIKeywordMain.groovy:26)
	at com.kms.katalon.core.webui.keyword.builtin.MouseOverKeyword.mouseOver(MouseOverKeyword.groovy:66)
	at com.kms.katalon.core.webui.keyword.builtin.MouseOverKeyword.execute(MouseOverKeyword.groovy:40)
	at com.kms.katalon.core.keyword.internal.KeywordExecutor.executeKeywordForPlatform(KeywordExecutor.groovy:72)
	at com.kms.katalon.core.webui.keyword.WebUiBuiltInKeywords.mouseOver(WebUiBuiltInKeywords.groovy:802)
	at com.kms.katalon.core.webui.keyword.WebUiBuiltInKeywords$mouseOver$11.call(Unknown Source)
	at HoverToAnyMenuSelection.run(HoverToAnyMenuSelection:24)
	at com.kms.katalon.core.main.ScriptEngine.run(ScriptEngine.java:194)
	at com.kms.katalon.core.main.ScriptEngine.runScriptAsRawText(ScriptEngine.java:119)
	at com.kms.katalon.core.main.TestCaseExecutor.runScript(TestCaseExecutor.java:337)
	at com.kms.katalon.core.main.TestCaseExecutor.doExecute(TestCaseExecutor.java:328)
	at com.kms.katalon.core.main.TestCaseExecutor.processExecutionPhase(TestCaseExecutor.java:307)
	at com.kms.katalon.core.main.TestCaseExecutor.accessMainPhase(TestCaseExecutor.java:299)
	at com.kms.katalon.core.main.TestCaseExecutor.execute(TestCaseExecutor.java:233)
	at com.kms.katalon.core.main.TestCaseMain.runTestCase(TestCaseMain.java:114)
	at com.kms.katalon.core.keyword.builtin.CallTestCaseKeyword$_callTestCase_closure1.doCall(CallTestCaseKeyword.groovy:59)
	... 20 more
Caused by: com.kms.katalon.core.webui.exception.WebElementNotFoundException: Web element with id: 'Object Repository/Objects.HoverToAnyMenuSelection/span_Common' located by 'By.xpath: //span[contains(@class, 'x-menu-item-text x-menu-item-text-default x-menu-item-indent-no-separator') and (text() = 'Maintenance' or . = 'Maintenance')]' not found
	at com.kms.katalon.core.webui.common.WebUiCommonHelper.findWebElement(WebUiCommonHelper.java:1154)
	at com.kms.katalon.core.webui.keyword.internal.WebUIAbstractKeyword.findWebElement(WebUIAbstractKeyword.groovy:27)
	at com.kms.katalon.core.webui.keyword.internal.WebUIAbstractKeyword.findWebElement(WebUIAbstractKeyword.groovy:26)
	at com.kms.katalon.core.webui.keyword.builtin.MouseOverKeyword$_mouseOver_closure1.doCall(MouseOverKeyword.groovy:54)
	at com.kms.katalon.core.webui.keyword.builtin.MouseOverKeyword$_mouseOver_closure1.call(MouseOverKeyword.groovy)
	at com.kms.katalon.core.webui.keyword.internal.WebUIKeywordMain.runKeyword(WebUIKeywordMain.groovy:20)
	... 35 more
)

2020-05-15 10:19:26 - [TEST_CASE][FAILED] - Test Cases/Components/HoverToAnyMenuSelection: Test Cases/Components/HoverToAnyMenuSelection FAILED.
Reason:
com.kms.katalon.core.exception.StepFailedException: Unable to move mouse over object 'Object Repository/Objects.HoverToAnyMenuSelection/span_Common'
	at com.kms.katalon.core.webui.keyword.internal.WebUIKeywordMain.stepFailed(WebUIKeywordMain.groovy:64)
	at com.kms.katalon.core.webui.keyword.internal.WebUIKeywordMain.runKeyword(WebUIKeywordMain.groovy:26)
	at com.kms.katalon.core.webui.keyword.builtin.MouseOverKeyword.mouseOver(MouseOverKeyword.groovy:66)
	at com.kms.katalon.core.webui.keyword.builtin.MouseOverKeyword.execute(MouseOverKeyword.groovy:40)
	at com.kms.katalon.core.keyword.internal.KeywordExecutor.executeKeywordForPlatform(KeywordExecutor.groovy:72)
	at com.kms.katalon.core.webui.keyword.WebUiBuiltInKeywords.mouseOver(WebUiBuiltInKeywords.groovy:802)
	at com.kms.katalon.core.webui.keyword.WebUiBuiltInKeywords$mouseOver$11.call(Unknown Source)
	at HoverToAnyMenuSelection.run(HoverToAnyMenuSelection:24)
	at com.kms.katalon.core.main.ScriptEngine.run(ScriptEngine.java:194)
	at com.kms.katalon.core.main.ScriptEngine.runScriptAsRawText(ScriptEngine.java:119)
	at com.kms.katalon.core.main.TestCaseExecutor.runScript(TestCaseExecutor.java:337)
	at com.kms.katalon.core.main.TestCaseExecutor.doExecute(TestCaseExecutor.java:328)
	at com.kms.katalon.core.main.TestCaseExecutor.processExecutionPhase(TestCaseExecutor.java:307)
	at com.kms.katalon.core.main.TestCaseExecutor.accessMainPhase(TestCaseExecutor.java:299)
	at com.kms.katalon.core.main.TestCaseExecutor.execute(TestCaseExecutor.java:233)
	at com.kms.katalon.core.main.TestCaseMain.runTestCase(TestCaseMain.java:114)
	at com.kms.katalon.core.keyword.builtin.CallTestCaseKeyword$_callTestCase_closure1.doCall(CallTestCaseKeyword.groovy:59)
	at com.kms.katalon.core.keyword.builtin.CallTestCaseKeyword$_callTestCase_closure1.call(CallTestCaseKeyword.groovy)
	at com.kms.katalon.core.keyword.internal.KeywordMain.runKeyword(KeywordMain.groovy:68)
	at com.kms.katalon.core.keyword.builtin.CallTestCaseKeyword.callTestCase(CallTestCaseKeyword.groovy:81)
	at com.kms.katalon.core.keyword.builtin.CallTestCaseKeyword.execute(CallTestCaseKeyword.groovy:44)
	at com.kms.katalon.core.keyword.internal.KeywordExecutor.executeKeywordForPlatform(KeywordExecutor.groovy:72)
	at com.kms.katalon.core.keyword.BuiltinKeywords.callTestCase(BuiltinKeywords.groovy:334)
	at BCAISPS-14745.TCID003.run(BCAISPS-14745.TCID003:33)
	at com.kms.katalon.core.main.ScriptEngine.run(ScriptEngine.java:194)
	at com.kms.katalon.core.main.ScriptEngine.runScriptAsRawText(ScriptEngine.java:119)
	at com.kms.katalon.core.main.TestCaseExecutor.runScript(TestCaseExecutor.java:337)
	at com.kms.katalon.core.main.TestCaseExecutor.doExecute(TestCaseExecutor.java:328)
	at com.kms.katalon.core.main.TestCaseExecutor.processExecutionPhase(TestCaseExecutor.java:307)
	at com.kms.katalon.core.main.TestCaseExecutor.accessMainPhase(TestCaseExecutor.java:299)
	at com.kms.katalon.core.main.TestCaseExecutor.execute(TestCaseExecutor.java:233)
	at com.kms.katalon.core.main.TestSuiteExecutor.accessTestCaseMainPhase(TestSuiteExecutor.java:169)
	at com.kms.katalon.core.main.TestSuiteExecutor.accessTestSuiteMainPhase(TestSuiteExecutor.java:142)
	at com.kms.katalon.core.main.TestSuiteExecutor.execute(TestSuiteExecutor.java:91)
	at com.kms.katalon.core.main.TestCaseMain.startTestSuite(TestCaseMain.java:157)
	at com.kms.katalon.core.main.TestCaseMain$startTestSuite$0.call(Unknown Source)
	at TempTestSuite1589508261822.run(TempTestSuite1589508261822.groovy:36)
Caused by: com.kms.katalon.core.webui.exception.WebElementNotFoundException: Web element with id: 'Object Repository/Objects.HoverToAnyMenuSelection/span_Common' located by 'By.xpath: //span[contains(@class, 'x-menu-item-text x-menu-item-text-default x-menu-item-indent-no-separator') and (text() = 'Maintenance' or . = 'Maintenance')]' not found
	at com.kms.katalon.core.webui.common.WebUiCommonHelper.findWebElement(WebUiCommonHelper.java:1154)
	at com.kms.katalon.core.webui.keyword.internal.WebUIAbstractKeyword.findWebElement(WebUIAbstractKeyword.groovy:27)
	at com.kms.katalon.core.webui.keyword.internal.WebUIAbstractKeyword.findWebElement(WebUIAbstractKeyword.groovy:26)
	at com.kms.katalon.core.webui.keyword.builtin.MouseOverKeyword$_mouseOver_closure1.doCall(MouseOverKeyword.groovy:54)
	at com.kms.katalon.core.webui.keyword.builtin.MouseOverKeyword$_mouseOver_closure1.call(MouseOverKeyword.groovy)
	at com.kms.katalon.core.webui.keyword.internal.WebUIKeywordMain.runKeyword(WebUIKeywordMain.groovy:20)
	... 35 more


2020-05-15 10:19:26 - [TEST_STEP][PASSED] - Thread.sleep(1000): null

2020-05-15 10:19:27 - [TEST_STEP][PASSED] - modifiedSelection = modifyObjectProperty(findTestObject("Objects.HoverToAnyMenuSelection/span_Common"), "text", "equals", MenuSelection, true): Modify property of object successfully

2020-05-15 10:19:27 - [MESSAGE][PASSED] - Modify property of object successfully

2020-05-15 10:19:27 - [TEST_STEP][FAILED] - mouseOver(modifiedSelection): Unable to move mouse over object 'Object Repository/Objects.HoverToAnyMenuSelection/span_Common' (Root cause: com.kms.katalon.core.exception.StepFailedException: Unable to move mouse over object 'Object Repository/Objects.HoverToAnyMenuSelection/span_Common'
	at com.kms.katalon.core.webui.keyword.internal.WebUIKeywordMain.stepFailed(WebUIKeywordMain.groovy:64)
	at com.kms.katalon.core.webui.keyword.internal.WebUIKeywordMain.runKeyword(WebUIKeywordMain.groovy:26)
	at com.kms.katalon.core.webui.keyword.builtin.MouseOverKeyword.mouseOver(MouseOverKeyword.groovy:66)
	at com.kms.katalon.core.webui.keyword.builtin.MouseOverKeyword.execute(MouseOverKeyword.groovy:40)
	at com.kms.katalon.core.keyword.internal.KeywordExecutor.executeKeywordForPlatform(KeywordExecutor.groovy:72)
	at com.kms.katalon.core.webui.keyword.WebUiBuiltInKeywords.mouseOver(WebUiBuiltInKeywords.groovy:802)
	at com.kms.katalon.core.webui.keyword.WebUiBuiltInKeywords$mouseOver$11.call(Unknown Source)
	at HoverToAnyMenuSelection.run(HoverToAnyMenuSelection:24)
	at com.kms.katalon.core.main.ScriptEngine.run(ScriptEngine.java:194)
	at com.kms.katalon.core.main.ScriptEngine.runScriptAsRawText(ScriptEngine.java:119)
	at com.kms.katalon.core.main.TestCaseExecutor.runScript(TestCaseExecutor.java:337)
	at com.kms.katalon.core.main.TestCaseExecutor.doExecute(TestCaseExecutor.java:328)
	at com.kms.katalon.core.main.TestCaseExecutor.processExecutionPhase(TestCaseExecutor.java:307)
	at com.kms.katalon.core.main.TestCaseExecutor.accessMainPhase(TestCaseExecutor.java:299)
	at com.kms.katalon.core.main.TestCaseExecutor.execute(TestCaseExecutor.java:233)
	at com.kms.katalon.core.main.TestCaseMain.runTestCase(TestCaseMain.java:114)
	at com.kms.katalon.core.keyword.builtin.CallTestCaseKeyword$_callTestCase_closure1.doCall(CallTestCaseKeyword.groovy:59)
	at com.kms.katalon.core.keyword.builtin.CallTestCaseKeyword$_callTestCase_closure1.call(CallTestCaseKeyword.groovy)
	at com.kms.katalon.core.keyword.internal.KeywordMain.runKeyword(KeywordMain.groovy:68)
	at com.kms.katalon.core.keyword.builtin.CallTestCaseKeyword.callTestCase(CallTestCaseKeyword.groovy:81)
	at com.kms.katalon.core.keyword.builtin.CallTestCaseKeyword.execute(CallTestCaseKeyword.groovy:44)
	at com.kms.katalon.core.keyword.internal.KeywordExecutor.executeKeywordForPlatform(KeywordExecutor.groovy:72)
	at com.kms.katalon.core.keyword.BuiltinKeywords.callTestCase(BuiltinKeywords.groovy:334)
	at BCAISPS-14745.TCID003.run(BCAISPS-14745.TCID003:33)
	at com.kms.katalon.core.main.ScriptEngine.run(ScriptEngine.java:194)
	at com.kms.katalon.core.main.ScriptEngine.runScriptAsRawText(ScriptEngine.java:119)
	at com.kms.katalon.core.main.TestCaseExecutor.runScript(TestCaseExecutor.java:337)
	at com.kms.katalon.core.main.TestCaseExecutor.doExecute(TestCaseExecutor.java:328)
	at com.kms.katalon.core.main.TestCaseExecutor.processExecutionPhase(TestCaseExecutor.java:307)
	at com.kms.katalon.core.main.TestCaseExecutor.accessMainPhase(TestCaseExecutor.java:299)
	at com.kms.katalon.core.main.TestCaseExecutor.execute(TestCaseExecutor.java:233)
	at com.kms.katalon.core.main.TestSuiteExecutor.accessTestCaseMainPhase(TestSuiteExecutor.java:169)
	at com.kms.katalon.core.main.TestSuiteExecutor.accessTestSuiteMainPhase(TestSuiteExecutor.java:142)
	at com.kms.katalon.core.main.TestSuiteExecutor.execute(TestSuiteExecutor.java:91)
	at com.kms.katalon.core.main.TestCaseMain.startTestSuite(TestCaseMain.java:157)
	at com.kms.katalon.core.main.TestCaseMain$startTestSuite$0.call(Unknown Source)
	at TempTestSuite1589508261822.run(TempTestSuite1589508261822.groovy:36)
Caused by: com.kms.katalon.core.webui.exception.WebElementNotFoundException: Web element with id: 'Object Repository/Objects.HoverToAnyMenuSelection/span_Common' located by 'By.xpath: //span[contains(@class, 'x-menu-item-text x-menu-item-text-default x-menu-item-indent-no-separator') and (text() = 'Maintenance' or . = 'Maintenance')]' not found
	at com.kms.katalon.core.webui.common.WebUiCommonHelper.findWebElement(WebUiCommonHelper.java:1154)
	at com.kms.katalon.core.webui.keyword.internal.WebUIAbstractKeyword.findWebElement(WebUIAbstractKeyword.groovy:27)
	at com.kms.katalon.core.webui.keyword.internal.WebUIAbstractKeyword.findWebElement(WebUIAbstractKeyword.groovy:26)
	at com.kms.katalon.core.webui.keyword.builtin.MouseOverKeyword$_mouseOver_closure1.doCall(MouseOverKeyword.groovy:54)
	at com.kms.katalon.core.webui.keyword.builtin.MouseOverKeyword$_mouseOver_closure1.call(MouseOverKeyword.groovy)
	at com.kms.katalon.core.webui.keyword.internal.WebUIKeywordMain.runKeyword(WebUIKeywordMain.groovy:20)
	at com.kms.katalon.core.webui.keyword.builtin.MouseOverKeyword.mouseOver(MouseOverKeyword.groovy:66)
	at com.kms.katalon.core.webui.keyword.builtin.MouseOverKeyword.execute(MouseOverKeyword.groovy:40)
	at com.kms.katalon.core.keyword.internal.KeywordExecutor.executeKeywordForPlatform(KeywordExecutor.groovy:72)
	at com.kms.katalon.core.webui.keyword.WebUiBuiltInKeywords.mouseOver(WebUiBuiltInKeywords.groovy:802)
	at com.kms.katalon.core.webui.keyword.WebUiBuiltInKeywords$mouseOver$11.call(Unknown Source)
	at Script1566289537996.run(Script1566289537996.groovy:24)
	at com.kms.katalon.core.main.ScriptEngine.run(ScriptEngine.java:194)
	at com.kms.katalon.core.main.ScriptEngine.runScriptAsRawText(ScriptEngine.java:119)
	at com.kms.katalon.core.main.TestCaseExecutor.runScript(TestCaseExecutor.java:337)
	at com.kms.katalon.core.main.TestCaseExecutor.doExecute(TestCaseExecutor.java:328)
	at com.kms.katalon.core.main.TestCaseExecutor.processExecutionPhase(TestCaseExecutor.java:307)
	at com.kms.katalon.core.main.TestCaseExecutor.accessMainPhase(TestCaseExecutor.java:299)
	at com.kms.katalon.core.main.TestCaseExecutor.execute(TestCaseExecutor.java:233)
	at com.kms.katalon.core.main.TestCaseMain.runTestCase(TestCaseMain.java:114)
	at com.kms.katalon.core.keyword.builtin.CallTestCaseKeyword$_callTestCase_closure1.doCall(CallTestCaseKeyword.groovy:59)
	at com.kms.katalon.core.keyword.builtin.CallTestCaseKeyword$_callTestCase_closure1.call(CallTestCaseKeyword.groovy)
	at com.kms.katalon.core.keyword.internal.KeywordMain.runKeyword(KeywordMain.groovy:68)
	at com.kms.katalon.core.keyword.builtin.CallTestCaseKeyword.callTestCase(CallTestCaseKeyword.groovy:81)
	at com.kms.katalon.core.keyword.builtin.CallTestCaseKeyword.execute(CallTestCaseKeyword.groovy:44)
	at com.kms.katalon.core.keyword.internal.KeywordExecutor.executeKeywordForPlatform(KeywordExecutor.groovy:72)
	at com.kms.katalon.core.keyword.BuiltinKeywords.callTestCase(BuiltinKeywords.groovy:334)
	at Script1581651577539.run(Script1581651577539.groovy:33)
	... 13 more
)

2020-05-15 10:20:16 - [MESSAGE][INFO] - Unable to find the element located by 'By.xpath: //span[contains(@class, 'x-menu-item-text x-menu-item-text-default x-menu-item-indent-no-separator') and (text() = 'Maintenance' or . = 'Maintenance')]'. Please recheck the objects properties to make sure the desired element is located. 

2020-05-15 10:20:17 - [MESSAGE][FAILED] - Unable to move mouse over object 'Object Repository/Objects.HoverToAnyMenuSelection/span_Common' (Root cause: com.kms.katalon.core.exception.StepFailedException: Unable to move mouse over object 'Object Repository/Objects.HoverToAnyMenuSelection/span_Common'
	at com.kms.katalon.core.webui.keyword.internal.WebUIKeywordMain.stepFailed(WebUIKeywordMain.groovy:64)
	at com.kms.katalon.core.webui.keyword.internal.WebUIKeywordMain.runKeyword(WebUIKeywordMain.groovy:26)
	at com.kms.katalon.core.webui.keyword.builtin.MouseOverKeyword.mouseOver(MouseOverKeyword.groovy:66)
	at com.kms.katalon.core.webui.keyword.builtin.MouseOverKeyword.execute(MouseOverKeyword.groovy:40)
	at com.kms.katalon.core.keyword.internal.KeywordExecutor.executeKeywordForPlatform(KeywordExecutor.groovy:72)
	at com.kms.katalon.core.webui.keyword.WebUiBuiltInKeywords.mouseOver(WebUiBuiltInKeywords.groovy:802)
	at com.kms.katalon.core.webui.keyword.WebUiBuiltInKeywords$mouseOver$11.call(Unknown Source)
	at HoverToAnyMenuSelection.run(HoverToAnyMenuSelection:24)
	at com.kms.katalon.core.main.ScriptEngine.run(ScriptEngine.java:194)
	at com.kms.katalon.core.main.ScriptEngine.runScriptAsRawText(ScriptEngine.java:119)
	at com.kms.katalon.core.main.TestCaseExecutor.runScript(TestCaseExecutor.java:337)
	at com.kms.katalon.core.main.TestCaseExecutor.doExecute(TestCaseExecutor.java:328)
	at com.kms.katalon.core.main.TestCaseExecutor.processExecutionPhase(TestCaseExecutor.java:307)
	at com.kms.katalon.core.main.TestCaseExecutor.accessMainPhase(TestCaseExecutor.java:299)
	at com.kms.katalon.core.main.TestCaseExecutor.execute(TestCaseExecutor.java:233)
	at com.kms.katalon.core.main.TestCaseMain.runTestCase(TestCaseMain.java:114)
	at com.kms.katalon.core.keyword.builtin.CallTestCaseKeyword$_callTestCase_closure1.doCall(CallTestCaseKeyword.groovy:59)
	at com.kms.katalon.core.keyword.builtin.CallTestCaseKeyword$_callTestCase_closure1.call(CallTestCaseKeyword.groovy)
	at com.kms.katalon.core.keyword.internal.KeywordMain.runKeyword(KeywordMain.groovy:68)
	at com.kms.katalon.core.keyword.builtin.CallTestCaseKeyword.callTestCase(CallTestCaseKeyword.groovy:81)
	at com.kms.katalon.core.keyword.builtin.CallTestCaseKeyword.execute(CallTestCaseKeyword.groovy:44)
	at com.kms.katalon.core.keyword.internal.KeywordExecutor.executeKeywordForPlatform(KeywordExecutor.groovy:72)
	at com.kms.katalon.core.keyword.BuiltinKeywords.callTestCase(BuiltinKeywords.groovy:334)
	at BCAISPS-14745.TCID003.run(BCAISPS-14745.TCID003:33)
	at com.kms.katalon.core.main.ScriptEngine.run(ScriptEngine.java:194)
	at com.kms.katalon.core.main.ScriptEngine.runScriptAsRawText(ScriptEngine.java:119)
	at com.kms.katalon.core.main.TestCaseExecutor.runScript(TestCaseExecutor.java:337)
	at com.kms.katalon.core.main.TestCaseExecutor.doExecute(TestCaseExecutor.java:328)
	at com.kms.katalon.core.main.TestCaseExecutor.processExecutionPhase(TestCaseExecutor.java:307)
	at com.kms.katalon.core.main.TestCaseExecutor.accessMainPhase(TestCaseExecutor.java:299)
	at com.kms.katalon.core.main.TestCaseExecutor.execute(TestCaseExecutor.java:233)
	at com.kms.katalon.core.main.TestSuiteExecutor.accessTestCaseMainPhase(TestSuiteExecutor.java:169)
	at com.kms.katalon.core.main.TestSuiteExecutor.accessTestSuiteMainPhase(TestSuiteExecutor.java:142)
	at com.kms.katalon.core.main.TestSuiteExecutor.execute(TestSuiteExecutor.java:91)
	at com.kms.katalon.core.main.TestCaseMain.startTestSuite(TestCaseMain.java:157)
	at com.kms.katalon.core.main.TestCaseMain$startTestSuite$0.call(Unknown Source)
	at TempTestSuite1589508261822.run(TempTestSuite1589508261822.groovy:36)
Caused by: com.kms.katalon.core.webui.exception.WebElementNotFoundException: Web element with id: 'Object Repository/Objects.HoverToAnyMenuSelection/span_Common' located by 'By.xpath: //span[contains(@class, 'x-menu-item-text x-menu-item-text-default x-menu-item-indent-no-separator') and (text() = 'Maintenance' or . = 'Maintenance')]' not found
	at com.kms.katalon.core.webui.common.WebUiCommonHelper.findWebElement(WebUiCommonHelper.java:1154)
	at com.kms.katalon.core.webui.keyword.internal.WebUIAbstractKeyword.findWebElement(WebUIAbstractKeyword.groovy:27)
	at com.kms.katalon.core.webui.keyword.internal.WebUIAbstractKeyword.findWebElement(WebUIAbstractKeyword.groovy:26)
	at com.kms.katalon.core.webui.keyword.builtin.MouseOverKeyword$_mouseOver_closure1.doCall(MouseOverKeyword.groovy:54)
	at com.kms.katalon.core.webui.keyword.builtin.MouseOverKeyword$_mouseOver_closure1.call(MouseOverKeyword.groovy)
	at com.kms.katalon.core.webui.keyword.internal.WebUIKeywordMain.runKeyword(WebUIKeywordMain.groovy:20)
	at com.kms.katalon.core.webui.keyword.builtin.MouseOverKeyword.mouseOver(MouseOverKeyword.groovy:66)
	at com.kms.katalon.core.webui.keyword.builtin.MouseOverKeyword.execute(MouseOverKeyword.groovy:40)
	at com.kms.katalon.core.keyword.internal.KeywordExecutor.executeKeywordForPlatform(KeywordExecutor.groovy:72)
	at com.kms.katalon.core.webui.keyword.WebUiBuiltInKeywords.mouseOver(WebUiBuiltInKeywords.groovy:802)
	at com.kms.katalon.core.webui.keyword.WebUiBuiltInKeywords$mouseOver$11.call(Unknown Source)
	at Script1566289537996.run(Script1566289537996.groovy:24)
	at com.kms.katalon.core.main.ScriptEngine.run(ScriptEngine.java:194)
	at com.kms.katalon.core.main.ScriptEngine.runScriptAsRawText(ScriptEngine.java:119)
	at com.kms.katalon.core.main.TestCaseExecutor.runScript(TestCaseExecutor.java:337)
	at com.kms.katalon.core.main.TestCaseExecutor.doExecute(TestCaseExecutor.java:328)
	at com.kms.katalon.core.main.TestCaseExecutor.processExecutionPhase(TestCaseExecutor.java:307)
	at com.kms.katalon.core.main.TestCaseExecutor.accessMainPhase(TestCaseExecutor.java:299)
	at com.kms.katalon.core.main.TestCaseExecutor.execute(TestCaseExecutor.java:233)
	at com.kms.katalon.core.main.TestCaseMain.runTestCase(TestCaseMain.java:114)
	at com.kms.katalon.core.keyword.builtin.CallTestCaseKeyword$_callTestCase_closure1.doCall(CallTestCaseKeyword.groovy:59)
	at com.kms.katalon.core.keyword.builtin.CallTestCaseKeyword$_callTestCase_closure1.call(CallTestCaseKeyword.groovy)
	at com.kms.katalon.core.keyword.internal.KeywordMain.runKeyword(KeywordMain.groovy:68)
	at com.kms.katalon.core.keyword.builtin.CallTestCaseKeyword.callTestCase(CallTestCaseKeyword.groovy:81)
	at com.kms.katalon.core.keyword.builtin.CallTestCaseKeyword.execute(CallTestCaseKeyword.groovy:44)
	at com.kms.katalon.core.keyword.internal.KeywordExecutor.executeKeywordForPlatform(KeywordExecutor.groovy:72)
	at com.kms.katalon.core.keyword.BuiltinKeywords.callTestCase(BuiltinKeywords.groovy:334)
	at Script1581651577539.run(Script1581651577539.groovy:33)
	... 13 more
)
[[ATTACHMENT|C:\\Users\\20008-KMLM\\Desktop\\ISPS Automation\\Reports\\20200515_100417\\JIRA Automated Regression Suites (JARS)\\BE\\Utilities\\20200515_100417\\1589509216139.png]]

2020-05-15 10:20:17 - [MESSAGE][FAILED] - Unable to call Test Case 'Test Cases/Components/HoverToAnyMenuSelection' (Root cause: com.kms.katalon.core.exception.StepFailedException: Call Test Case 'Test Cases/Components/HoverToAnyMenuSelection' failed
	at com.kms.katalon.core.keyword.builtin.CallTestCaseKeyword$_callTestCase_closure1.doCall(CallTestCaseKeyword.groovy:63)
	at com.kms.katalon.core.keyword.builtin.CallTestCaseKeyword$_callTestCase_closure1.call(CallTestCaseKeyword.groovy)
	at com.kms.katalon.core.keyword.internal.KeywordMain.runKeyword(KeywordMain.groovy:68)
	at com.kms.katalon.core.keyword.builtin.CallTestCaseKeyword.callTestCase(CallTestCaseKeyword.groovy:81)
	at com.kms.katalon.core.keyword.builtin.CallTestCaseKeyword.execute(CallTestCaseKeyword.groovy:44)
	at com.kms.katalon.core.keyword.internal.KeywordExecutor.executeKeywordForPlatform(KeywordExecutor.groovy:72)
	at com.kms.katalon.core.keyword.BuiltinKeywords.callTestCase(BuiltinKeywords.groovy:334)
	at BCAISPS-14745.TCID003.run(BCAISPS-14745.TCID003:33)
	at com.kms.katalon.core.main.ScriptEngine.run(ScriptEngine.java:194)
	at com.kms.katalon.core.main.ScriptEngine.runScriptAsRawText(ScriptEngine.java:119)
	at com.kms.katalon.core.main.TestCaseExecutor.runScript(TestCaseExecutor.java:337)
	at com.kms.katalon.core.main.TestCaseExecutor.doExecute(TestCaseExecutor.java:328)
	at com.kms.katalon.core.main.TestCaseExecutor.processExecutionPhase(TestCaseExecutor.java:307)
	at com.kms.katalon.core.main.TestCaseExecutor.accessMainPhase(TestCaseExecutor.java:299)
	at com.kms.katalon.core.main.TestCaseExecutor.execute(TestCaseExecutor.java:233)
	at com.kms.katalon.core.main.TestSuiteExecutor.accessTestCaseMainPhase(TestSuiteExecutor.java:169)
	at com.kms.katalon.core.main.TestSuiteExecutor.accessTestSuiteMainPhase(TestSuiteExecutor.java:142)
	at com.kms.katalon.core.main.TestSuiteExecutor.execute(TestSuiteExecutor.java:91)
	at com.kms.katalon.core.main.TestCaseMain.startTestSuite(TestCaseMain.java:157)
	at com.kms.katalon.core.main.TestCaseMain$startTestSuite$0.call(Unknown Source)
	at TempTestSuite1589508261822.run(TempTestSuite1589508261822.groovy:36)
Caused by: com.kms.katalon.core.exception.StepFailedException: Unable to move mouse over object 'Object Repository/Objects.HoverToAnyMenuSelection/span_Common'
	at com.kms.katalon.core.webui.keyword.internal.WebUIKeywordMain.stepFailed(WebUIKeywordMain.groovy:64)
	at com.kms.katalon.core.webui.keyword.internal.WebUIKeywordMain.runKeyword(WebUIKeywordMain.groovy:26)
	at com.kms.katalon.core.webui.keyword.builtin.MouseOverKeyword.mouseOver(MouseOverKeyword.groovy:66)
	at com.kms.katalon.core.webui.keyword.builtin.MouseOverKeyword.execute(MouseOverKeyword.groovy:40)
	at com.kms.katalon.core.keyword.internal.KeywordExecutor.executeKeywordForPlatform(KeywordExecutor.groovy:72)
	at com.kms.katalon.core.webui.keyword.WebUiBuiltInKeywords.mouseOver(WebUiBuiltInKeywords.groovy:802)
	at com.kms.katalon.core.webui.keyword.WebUiBuiltInKeywords$mouseOver$11.call(Unknown Source)
	at HoverToAnyMenuSelection.run(HoverToAnyMenuSelection:24)
	at com.kms.katalon.core.main.ScriptEngine.run(ScriptEngine.java:194)
	at com.kms.katalon.core.main.ScriptEngine.runScriptAsRawText(ScriptEngine.java:119)
	at com.kms.katalon.core.main.TestCaseExecutor.runScript(TestCaseExecutor.java:337)
	at com.kms.katalon.core.main.TestCaseExecutor.doExecute(TestCaseExecutor.java:328)
	at com.kms.katalon.core.main.TestCaseExecutor.processExecutionPhase(TestCaseExecutor.java:307)
	at com.kms.katalon.core.main.TestCaseExecutor.accessMainPhase(TestCaseExecutor.java:299)
	at com.kms.katalon.core.main.TestCaseExecutor.execute(TestCaseExecutor.java:233)
	at com.kms.katalon.core.main.TestCaseMain.runTestCase(TestCaseMain.java:114)
	at com.kms.katalon.core.keyword.builtin.CallTestCaseKeyword$_callTestCase_closure1.doCall(CallTestCaseKeyword.groovy:59)
	... 20 more
Caused by: com.kms.katalon.core.webui.exception.WebElementNotFoundException: Web element with id: 'Object Repository/Objects.HoverToAnyMenuSelection/span_Common' located by 'By.xpath: //span[contains(@class, 'x-menu-item-text x-menu-item-text-default x-menu-item-indent-no-separator') and (text() = 'Maintenance' or . = 'Maintenance')]' not found
	at com.kms.katalon.core.webui.common.WebUiCommonHelper.findWebElement(WebUiCommonHelper.java:1154)
	at com.kms.katalon.core.webui.keyword.internal.WebUIAbstractKeyword.findWebElement(WebUIAbstractKeyword.groovy:27)
	at com.kms.katalon.core.webui.keyword.internal.WebUIAbstractKeyword.findWebElement(WebUIAbstractKeyword.groovy:26)
	at com.kms.katalon.core.webui.keyword.builtin.MouseOverKeyword$_mouseOver_closure1.doCall(MouseOverKeyword.groovy:54)
	at com.kms.katalon.core.webui.keyword.builtin.MouseOverKeyword$_mouseOver_closure1.call(MouseOverKeyword.groovy)
	at com.kms.katalon.core.webui.keyword.internal.WebUIKeywordMain.runKeyword(WebUIKeywordMain.groovy:20)
	... 35 more
)]]></system-out>
         <system-err><![CDATA[2020-05-15 10:18:27 - [TEST_CASE][FAILED] - Test Cases/Jira/BE/Utilities/BCAISPS-14745/BCAISPS-14745.TCID003: Test Cases/Jira/BE/Utilities/BCAISPS-14745/BCAISPS-14745.TCID003 FAILED.
Reason:
com.kms.katalon.core.exception.StepFailedException: Call Test Case 'Test Cases/Components/HoverToAnyMenuSelection' failed
	at com.kms.katalon.core.keyword.builtin.CallTestCaseKeyword$_callTestCase_closure1.doCall(CallTestCaseKeyword.groovy:63)
	at com.kms.katalon.core.keyword.builtin.CallTestCaseKeyword$_callTestCase_closure1.call(CallTestCaseKeyword.groovy)
	at com.kms.katalon.core.keyword.internal.KeywordMain.runKeyword(KeywordMain.groovy:68)
	at com.kms.katalon.core.keyword.builtin.CallTestCaseKeyword.callTestCase(CallTestCaseKeyword.groovy:81)
	at com.kms.katalon.core.keyword.builtin.CallTestCaseKeyword.execute(CallTestCaseKeyword.groovy:44)
	at com.kms.katalon.core.keyword.internal.KeywordExecutor.executeKeywordForPlatform(KeywordExecutor.groovy:72)
	at com.kms.katalon.core.keyword.BuiltinKeywords.callTestCase(BuiltinKeywords.groovy:334)
	at BCAISPS-14745.TCID003.run(BCAISPS-14745.TCID003:33)
	at com.kms.katalon.core.main.ScriptEngine.run(ScriptEngine.java:194)
	at com.kms.katalon.core.main.ScriptEngine.runScriptAsRawText(ScriptEngine.java:119)
	at com.kms.katalon.core.main.TestCaseExecutor.runScript(TestCaseExecutor.java:337)
	at com.kms.katalon.core.main.TestCaseExecutor.doExecute(TestCaseExecutor.java:328)
	at com.kms.katalon.core.main.TestCaseExecutor.processExecutionPhase(TestCaseExecutor.java:307)
	at com.kms.katalon.core.main.TestCaseExecutor.accessMainPhase(TestCaseExecutor.java:299)
	at com.kms.katalon.core.main.TestCaseExecutor.execute(TestCaseExecutor.java:233)
	at com.kms.katalon.core.main.TestSuiteExecutor.accessTestCaseMainPhase(TestSuiteExecutor.java:169)
	at com.kms.katalon.core.main.TestSuiteExecutor.accessTestSuiteMainPhase(TestSuiteExecutor.java:142)
	at com.kms.katalon.core.main.TestSuiteExecutor.execute(TestSuiteExecutor.java:91)
	at com.kms.katalon.core.main.TestCaseMain.startTestSuite(TestCaseMain.java:157)
	at com.kms.katalon.core.main.TestCaseMain$startTestSuite$0.call(Unknown Source)
	at TempTestSuite1589508261822.run(TempTestSuite1589508261822.groovy:36)
Caused by: com.kms.katalon.core.exception.StepFailedException: Unable to move mouse over object 'Object Repository/Objects.HoverToAnyMenuSelection/span_Common'
	at com.kms.katalon.core.webui.keyword.internal.WebUIKeywordMain.stepFailed(WebUIKeywordMain.groovy:64)
	at com.kms.katalon.core.webui.keyword.internal.WebUIKeywordMain.runKeyword(WebUIKeywordMain.groovy:26)
	at com.kms.katalon.core.webui.keyword.builtin.MouseOverKeyword.mouseOver(MouseOverKeyword.groovy:66)
	at com.kms.katalon.core.webui.keyword.builtin.MouseOverKeyword.execute(MouseOverKeyword.groovy:40)
	at com.kms.katalon.core.keyword.internal.KeywordExecutor.executeKeywordForPlatform(KeywordExecutor.groovy:72)
	at com.kms.katalon.core.webui.keyword.WebUiBuiltInKeywords.mouseOver(WebUiBuiltInKeywords.groovy:802)
	at com.kms.katalon.core.webui.keyword.WebUiBuiltInKeywords$mouseOver$11.call(Unknown Source)
	at HoverToAnyMenuSelection.run(HoverToAnyMenuSelection:24)
	at com.kms.katalon.core.main.ScriptEngine.run(ScriptEngine.java:194)
	at com.kms.katalon.core.main.ScriptEngine.runScriptAsRawText(ScriptEngine.java:119)
	at com.kms.katalon.core.main.TestCaseExecutor.runScript(TestCaseExecutor.java:337)
	at com.kms.katalon.core.main.TestCaseExecutor.doExecute(TestCaseExecutor.java:328)
	at com.kms.katalon.core.main.TestCaseExecutor.processExecutionPhase(TestCaseExecutor.java:307)
	at com.kms.katalon.core.main.TestCaseExecutor.accessMainPhase(TestCaseExecutor.java:299)
	at com.kms.katalon.core.main.TestCaseExecutor.execute(TestCaseExecutor.java:233)
	at com.kms.katalon.core.main.TestCaseMain.runTestCase(TestCaseMain.java:114)
	at com.kms.katalon.core.keyword.builtin.CallTestCaseKeyword$_callTestCase_closure1.doCall(CallTestCaseKeyword.groovy:59)
	... 20 more
Caused by: com.kms.katalon.core.webui.exception.WebElementNotFoundException: Web element with id: 'Object Repository/Objects.HoverToAnyMenuSelection/span_Common' located by 'By.xpath: //span[contains(@class, 'x-menu-item-text x-menu-item-text-default x-menu-item-indent-no-separator') and (text() = 'Maintenance' or . = 'Maintenance')]' not found
	at com.kms.katalon.core.webui.common.WebUiCommonHelper.findWebElement(WebUiCommonHelper.java:1154)
	at com.kms.katalon.core.webui.keyword.internal.WebUIAbstractKeyword.findWebElement(WebUIAbstractKeyword.groovy:27)
	at com.kms.katalon.core.webui.keyword.internal.WebUIAbstractKeyword.findWebElement(WebUIAbstractKeyword.groovy:26)
	at com.kms.katalon.core.webui.keyword.builtin.MouseOverKeyword$_mouseOver_closure1.doCall(MouseOverKeyword.groovy:54)
	at com.kms.katalon.core.webui.keyword.builtin.MouseOverKeyword$_mouseOver_closure1.call(MouseOverKeyword.groovy)
	at com.kms.katalon.core.webui.keyword.internal.WebUIKeywordMain.runKeyword(WebUIKeywordMain.groovy:20)
	... 35 more]]></system-err>
      </testcase>
      <testcase name="Test Cases/Jira/BE/Utilities/BCAISPS-14745/BCAISPS-14745.TCID004" time="116.623" classname="Test Cases/Jira/BE/Utilities/BCAISPS-14745/BCAISPS-14745.TCID004" status="ERROR">
         <error type="ERROR" message="Test Cases/Jira/BE/Utilities/BCAISPS-14745/BCAISPS-14745.TCID004 FAILED.
Reason:
com.kms.katalon.core.exception.StepErrorException: Call Test Case 'Test Cases/Components/GetTextOfFieldAndStoreInAGlobalVariable' failed because of error(s)
	at com.kms.katalon.core.keyword.builtin.CallTestCaseKeyword$_callTestCase_closure1.doCall(CallTestCaseKeyword.groovy:66)
	at com.kms.katalon.core.keyword.builtin.CallTestCaseKeyword$_callTestCase_closure1.call(CallTestCaseKeyword.groovy)
	at com.kms.katalon.core.keyword.internal.KeywordMain.runKeyword(KeywordMain.groovy:68)
	at com.kms.katalon.core.keyword.builtin.CallTestCaseKeyword.callTestCase(CallTestCaseKeyword.groovy:81)
	at com.kms.katalon.core.keyword.builtin.CallTestCaseKeyword.execute(CallTestCaseKeyword.groovy:44)
	at com.kms.katalon.core.keyword.internal.KeywordExecutor.executeKeywordForPlatform(KeywordExecutor.groovy:72)
	at com.kms.katalon.core.keyword.BuiltinKeywords.callTestCase(BuiltinKeywords.groovy:334)
	at BCAISPS-14745.TCID004.run(BCAISPS-14745.TCID004:56)
	at com.kms.katalon.core.main.ScriptEngine.run(ScriptEngine.java:194)
	at com.kms.katalon.core.main.ScriptEngine.runScriptAsRawText(ScriptEngine.java:119)
	at com.kms.katalon.core.main.TestCaseExecutor.runScript(TestCaseExecutor.java:337)
	at com.kms.katalon.core.main.TestCaseExecutor.doExecute(TestCaseExecutor.java:328)
	at com.kms.katalon.core.main.TestCaseExecutor.processExecutionPhase(TestCaseExecutor.java:307)
	at com.kms.katalon.core.main.TestCaseExecutor.accessMainPhase(TestCaseExecutor.java:299)
	at com.kms.katalon.core.main.TestCaseExecutor.execute(TestCaseExecutor.java:233)
	at com.kms.katalon.core.main.TestSuiteExecutor.accessTestCaseMainPhase(TestSuiteExecutor.java:169)
	at com.kms.katalon.core.main.TestSuiteExecutor.accessTestSuiteMainPhase(TestSuiteExecutor.java:142)
	at com.kms.katalon.core.main.TestSuiteExecutor.execute(TestSuiteExecutor.java:91)
	at com.kms.katalon.core.main.TestCaseMain.startTestSuite(TestCaseMain.java:157)
	at com.kms.katalon.core.main.TestCaseMain$startTestSuite$0.call(Unknown Source)
	at TempTestSuite1589508261822.run(TempTestSuite1589508261822.groovy:36)
Caused by: java.awt.datatransfer.UnsupportedFlavorException: Unicode String
	at java_awt_datatransfer_Transferable$getTransferData.call(Unknown Source)
	at GetTextOfFieldAndStoreInAGlobalVariable.run(GetTextOfFieldAndStoreInAGlobalVariable:37)
	at com.kms.katalon.core.main.ScriptEngine.run(ScriptEngine.java:194)
	at com.kms.katalon.core.main.ScriptEngine.runScriptAsRawText(ScriptEngine.java:119)
	at com.kms.katalon.core.main.TestCaseExecutor.runScript(TestCaseExecutor.java:337)
	at com.kms.katalon.core.main.TestCaseExecutor.doExecute(TestCaseExecutor.java:328)
	at com.kms.katalon.core.main.TestCaseExecutor.processExecutionPhase(TestCaseExecutor.java:307)
	at com.kms.katalon.core.main.TestCaseExecutor.accessMainPhase(TestCaseExecutor.java:299)
	at com.kms.katalon.core.main.TestCaseExecutor.execute(TestCaseExecutor.java:233)
	at com.kms.katalon.core.main.TestCaseMain.runTestCase(TestCaseMain.java:114)
	at com.kms.katalon.core.keyword.builtin.CallTestCaseKeyword$_callTestCase_closure1.doCall(CallTestCaseKeyword.groovy:59)
	... 20 more
"/>
         <system-out><![CDATA[2020-05-15 10:20:17 - [TEST_CASE][ERROR] - Test Cases/Jira/BE/Utilities/BCAISPS-14745/BCAISPS-14745.TCID004: Test Cases/Jira/BE/Utilities/BCAISPS-14745/BCAISPS-14745.TCID004 FAILED.
Reason:
com.kms.katalon.core.exception.StepErrorException: Call Test Case 'Test Cases/Components/GetTextOfFieldAndStoreInAGlobalVariable' failed because of error(s)
	at com.kms.katalon.core.keyword.builtin.CallTestCaseKeyword$_callTestCase_closure1.doCall(CallTestCaseKeyword.groovy:66)
	at com.kms.katalon.core.keyword.builtin.CallTestCaseKeyword$_callTestCase_closure1.call(CallTestCaseKeyword.groovy)
	at com.kms.katalon.core.keyword.internal.KeywordMain.runKeyword(KeywordMain.groovy:68)
	at com.kms.katalon.core.keyword.builtin.CallTestCaseKeyword.callTestCase(CallTestCaseKeyword.groovy:81)
	at com.kms.katalon.core.keyword.builtin.CallTestCaseKeyword.execute(CallTestCaseKeyword.groovy:44)
	at com.kms.katalon.core.keyword.internal.KeywordExecutor.executeKeywordForPlatform(KeywordExecutor.groovy:72)
	at com.kms.katalon.core.keyword.BuiltinKeywords.callTestCase(BuiltinKeywords.groovy:334)
	at BCAISPS-14745.TCID004.run(BCAISPS-14745.TCID004:56)
	at com.kms.katalon.core.main.ScriptEngine.run(ScriptEngine.java:194)
	at com.kms.katalon.core.main.ScriptEngine.runScriptAsRawText(ScriptEngine.java:119)
	at com.kms.katalon.core.main.TestCaseExecutor.runScript(TestCaseExecutor.java:337)
	at com.kms.katalon.core.main.TestCaseExecutor.doExecute(TestCaseExecutor.java:328)
	at com.kms.katalon.core.main.TestCaseExecutor.processExecutionPhase(TestCaseExecutor.java:307)
	at com.kms.katalon.core.main.TestCaseExecutor.accessMainPhase(TestCaseExecutor.java:299)
	at com.kms.katalon.core.main.TestCaseExecutor.execute(TestCaseExecutor.java:233)
	at com.kms.katalon.core.main.TestSuiteExecutor.accessTestCaseMainPhase(TestSuiteExecutor.java:169)
	at com.kms.katalon.core.main.TestSuiteExecutor.accessTestSuiteMainPhase(TestSuiteExecutor.java:142)
	at com.kms.katalon.core.main.TestSuiteExecutor.execute(TestSuiteExecutor.java:91)
	at com.kms.katalon.core.main.TestCaseMain.startTestSuite(TestCaseMain.java:157)
	at com.kms.katalon.core.main.TestCaseMain$startTestSuite$0.call(Unknown Source)
	at TempTestSuite1589508261822.run(TempTestSuite1589508261822.groovy:36)
Caused by: java.awt.datatransfer.UnsupportedFlavorException: Unicode String
	at java_awt_datatransfer_Transferable$getTransferData.call(Unknown Source)
	at GetTextOfFieldAndStoreInAGlobalVariable.run(GetTextOfFieldAndStoreInAGlobalVariable:37)
	at com.kms.katalon.core.main.ScriptEngine.run(ScriptEngine.java:194)
	at com.kms.katalon.core.main.ScriptEngine.runScriptAsRawText(ScriptEngine.java:119)
	at com.kms.katalon.core.main.TestCaseExecutor.runScript(TestCaseExecutor.java:337)
	at com.kms.katalon.core.main.TestCaseExecutor.doExecute(TestCaseExecutor.java:328)
	at com.kms.katalon.core.main.TestCaseExecutor.processExecutionPhase(TestCaseExecutor.java:307)
	at com.kms.katalon.core.main.TestCaseExecutor.accessMainPhase(TestCaseExecutor.java:299)
	at com.kms.katalon.core.main.TestCaseExecutor.execute(TestCaseExecutor.java:233)
	at com.kms.katalon.core.main.TestCaseMain.runTestCase(TestCaseMain.java:114)
	at com.kms.katalon.core.keyword.builtin.CallTestCaseKeyword$_callTestCase_closure1.doCall(CallTestCaseKeyword.groovy:59)
	... 20 more


2020-05-15 10:20:19 - [TEST_STEP][PASSED] - callTestCase(findTestCase("Components/Login"), ["Username":findTestData("Datatable").getValue("Username", 1), "Password":findTestData("Datatable").getValue("Password", 1)], STOP_ON_FAILURE): Call Test Case 'Test Cases/Components/Login' successfully

2020-05-15 10:20:19 - [TEST_CASE][PASSED] - Test Cases/Components/Login: Test Cases/Components/Login

2020-05-15 10:20:19 - [TEST_STEP][PASSED] - openBrowser(findTestData("Datatable").getValue("URL", 1)): Browser is opened with url: 'http://10.0.2.41:3012/isps2-prod-verify/authnz/login.do'

2020-05-15 10:20:19 - [MESSAGE][WARNING] - A browser is already opened. Closing browser and opening a new one

2020-05-15 10:20:20 - [MESSAGE][INFO] - Starting 'Chrome' driver

2020-05-15 10:20:34 - [MESSAGE][PASSED] - Browser is opened with url: 'http://10.0.2.41:3012/isps2-prod-verify/authnz/login.do'

2020-05-15 10:20:34 - [TEST_STEP][PASSED] - maximizeWindow(): Current window maximized

2020-05-15 10:20:38 - [MESSAGE][PASSED] - Current window maximized

2020-05-15 10:20:38 - [TEST_STEP][PASSED] - verifyTextPresent(findTestData("Datatable").getValue("HomeBanner", 1), true): Text 'Sign in to ISPS2-PROD-Verify' is present on page  using regular expression

2020-05-15 10:20:39 - [MESSAGE][PASSED] - Text 'Sign in to ISPS2-PROD-Verify' is present on page  using regular expression

2020-05-15 10:20:39 - [TEST_STEP][NOT_RUN] - com.reusableComponents.HighlightElement.run(findTestObject("Objects.LoginV2.0/Login Page/div_Sign in to ISPS2-PROD-Verify")): NOT_RUN: com.reusableComponents.HighlightElement.run(findTestObject("Objects.LoginV2.0/Login Page/div_Sign in to ISPS2-PROD-Verify"))

2020-05-15 10:20:39 - [MESSAGE][NOT_RUN] - NOT_RUN: com.reusableComponents.HighlightElement.run(findTestObject("Objects.LoginV2.0/Login Page/div_Sign in to ISPS2-PROD-Verify"))

2020-05-15 10:20:39 - [TEST_STEP][NOT_RUN] - com.reusableComponents.HighlightElement.run(findTestObject("Objects.LoginV2.0/Login Page/input_Sign in to ISPS2-PROD-Verify_username")): NOT_RUN: com.reusableComponents.HighlightElement.run(findTestObject("Objects.LoginV2.0/Login Page/input_Sign in to ISPS2-PROD-Verify_username"))

2020-05-15 10:20:39 - [MESSAGE][NOT_RUN] - NOT_RUN: com.reusableComponents.HighlightElement.run(findTestObject("Objects.LoginV2.0/Login Page/input_Sign in to ISPS2-PROD-Verify_username"))

2020-05-15 10:20:39 - [TEST_STEP][PASSED] - setText(findTestObject("Objects.LoginV2.0/Login Page/input_Sign in to ISPS2-PROD-Verify_username"), Username): Text 'sysadmin' is set on object 'Object Repository/Objects.LoginV2.0/Login Page/input_Sign in to ISPS2-PROD-Verify_username'

2020-05-15 10:20:40 - [MESSAGE][PASSED] - Text 'sysadmin' is set on object 'Object Repository/Objects.LoginV2.0/Login Page/input_Sign in to ISPS2-PROD-Verify_username'

2020-05-15 10:20:40 - [TEST_STEP][NOT_RUN] - com.reusableComponents.HighlightElement.run(findTestObject("Objects.LoginV2.0/Login Page/input_This field is required_password")): NOT_RUN: com.reusableComponents.HighlightElement.run(findTestObject("Objects.LoginV2.0/Login Page/input_This field is required_password"))

2020-05-15 10:20:40 - [MESSAGE][NOT_RUN] - NOT_RUN: com.reusableComponents.HighlightElement.run(findTestObject("Objects.LoginV2.0/Login Page/input_This field is required_password"))

2020-05-15 10:20:40 - [TEST_STEP][PASSED] - setEncryptedText(findTestObject("Objects.LoginV2.0/Login Page/input_This field is required_password"), Password): Text ****** has been set on object 'Object Repository/Objects.LoginV2.0/Login Page/input_This field is required_password'

2020-05-15 10:20:41 - [MESSAGE][PASSED] - Text ****** has been set on object 'Object Repository/Objects.LoginV2.0/Login Page/input_This field is required_password'

2020-05-15 10:20:41 - [TEST_STEP][NOT_RUN] - com.reusableComponents.HighlightElement.run(findTestObject("Objects.LoginV2.0/Login Page/div_Sign in to ISPS2-PROD-Verify_NovaGoButton-1021")): NOT_RUN: com.reusableComponents.HighlightElement.run(findTestObject("Objects.LoginV2.0/Login Page/div_Sign in to ISPS2-PROD-Verify_NovaGoButton-1021"))

2020-05-15 10:20:41 - [MESSAGE][NOT_RUN] - NOT_RUN: com.reusableComponents.HighlightElement.run(findTestObject("Objects.LoginV2.0/Login Page/div_Sign in to ISPS2-PROD-Verify_NovaGoButton-1021"))

2020-05-15 10:20:41 - [TEST_STEP][PASSED] - click(findTestObject("Objects.LoginV2.0/Login Page/div_Sign in to ISPS2-PROD-Verify_NovaGoButton-1021"), OPTIONAL): Object: 'Object Repository/Objects.LoginV2.0/Login Page/div_Sign in to ISPS2-PROD-Verify_NovaGoButton-1021' is clicked on

2020-05-15 10:20:42 - [MESSAGE][PASSED] - Object: 'Object Repository/Objects.LoginV2.0/Login Page/div_Sign in to ISPS2-PROD-Verify_NovaGoButton-1021' is clicked on

2020-05-15 10:20:42 - [TEST_STEP][NOT_RUN] - sendKeys(findTestObject("Objects.LoginV2.0/Login Page/input_This field is required_password"), Keys.chord(ENTER), OPTIONAL): NOT_RUN: sendKeys(findTestObject("Objects.LoginV2.0/Login Page/input_This field is required_password"), Keys.chord(ENTER), OPTIONAL)

2020-05-15 10:20:42 - [MESSAGE][NOT_RUN] - NOT_RUN: sendKeys(findTestObject("Objects.LoginV2.0/Login Page/input_This field is required_password"), Keys.chord(ENTER), OPTIONAL)

2020-05-15 10:20:42 - [TEST_STEP][PASSED] - waitForPageLoad(30): Wait for page load successfully

2020-05-15 10:20:42 - [MESSAGE][PASSED] - Wait for page load successfully

2020-05-15 10:20:42 - [TEST_STEP][NOT_RUN] - verifyElementVisible(findTestObject("Objects.Login/Dashboard/a_ISPS2-PROD-Verify"), OPTIONAL): NOT_RUN: verifyElementVisible(findTestObject("Objects.Login/Dashboard/a_ISPS2-PROD-Verify"), OPTIONAL)

2020-05-15 10:20:42 - [MESSAGE][NOT_RUN] - NOT_RUN: verifyElementVisible(findTestObject("Objects.Login/Dashboard/a_ISPS2-PROD-Verify"), OPTIONAL)

2020-05-15 10:20:42 - [TEST_STEP][PASSED] - Thread.sleep(3000): null

2020-05-15 10:20:45 - [MESSAGE][PASSED] - Call Test Case 'Test Cases/Components/Login' successfully

2020-05-15 10:20:45 - [TEST_STEP][PASSED] - callTestCase(findTestCase("Components/NavigateToHomepageHeaders"), ["headerText":"My Tasks"], STOP_ON_FAILURE): Call Test Case 'Test Cases/Components/NavigateToHomepageHeaders' successfully

2020-05-15 10:20:45 - [TEST_CASE][PASSED] - Test Cases/Components/NavigateToHomepageHeaders: Test Cases/Components/NavigateToHomepageHeaders

2020-05-15 10:20:45 - [TEST_STEP][PASSED] - Thread.sleep(1000): null

2020-05-15 10:20:46 - [TEST_STEP][PASSED] - waitForPageLoad(30): Wait for page load successfully

2020-05-15 10:20:46 - [MESSAGE][PASSED] - Wait for page load successfully

2020-05-15 10:20:46 - [TEST_STEP][PASSED] - modifiedHeader = modifyObjectProperty(findTestObject("Objects.NavigateToHomepageHeaders/Page_ISPS2/div_Header"), "text", "equals", headerText, true): Modify property of object successfully

2020-05-15 10:20:46 - [MESSAGE][PASSED] - Modify property of object successfully

2020-05-15 10:20:46 - [TEST_STEP][PASSED] - verifyElementClickable(modifiedHeader): Object 'Object Repository/Objects.NavigateToHomepageHeaders/Page_ISPS2/div_Header' is clickable

2020-05-15 10:20:51 - [MESSAGE][PASSED] - Object 'Object Repository/Objects.NavigateToHomepageHeaders/Page_ISPS2/div_Header' is clickable

2020-05-15 10:20:51 - [TEST_STEP][PASSED] - click(modifiedHeader): Object: 'Object Repository/Objects.NavigateToHomepageHeaders/Page_ISPS2/div_Header' is clicked on

2020-05-15 10:20:51 - [MESSAGE][PASSED] - Object: 'Object Repository/Objects.NavigateToHomepageHeaders/Page_ISPS2/div_Header' is clicked on

2020-05-15 10:20:51 - [TEST_STEP][PASSED] - Thread.sleep(7000): null

2020-05-15 10:20:58 - [MESSAGE][PASSED] - Call Test Case 'Test Cases/Components/NavigateToHomepageHeaders' successfully

2020-05-15 10:20:58 - [TEST_STEP][PASSED] - callTestCase(findTestCase("Components/OpenHomepageMenu"), [:], STOP_ON_FAILURE): Call Test Case 'Test Cases/Components/OpenHomepageMenu' successfully

2020-05-15 10:20:58 - [TEST_CASE][PASSED] - Test Cases/Components/OpenHomepageMenu: Test Cases/Components/OpenHomepageMenu

2020-05-15 10:20:58 - [TEST_STEP][PASSED] - Thread.sleep(1000): null

2020-05-15 10:20:59 - [TEST_STEP][PASSED] - verifyTextPresent("Loading search result. Please wait...", false, OPTIONAL): Text 'Loading search result. Please wait...' is not present on page  (Root cause: com.kms.katalon.core.exception.StepFailedException: Text 'Loading search result. Please wait...' is not present on page 
	at com.kms.katalon.core.webui.keyword.internal.WebUIKeywordMain.stepFailed(WebUIKeywordMain.groovy:64)
	at com.kms.katalon.core.webui.keyword.builtin.VerifyTextPresentKeyword$_verifyTextPresent_closure1.doCall(VerifyTextPresentKeyword.groovy:79)
	at com.kms.katalon.core.webui.keyword.builtin.VerifyTextPresentKeyword$_verifyTextPresent_closure1.call(VerifyTextPresentKeyword.groovy)
	at com.kms.katalon.core.webui.keyword.internal.WebUIKeywordMain.runKeyword(WebUIKeywordMain.groovy:20)
	at com.kms.katalon.core.webui.keyword.builtin.VerifyTextPresentKeyword.verifyTextPresent(VerifyTextPresentKeyword.groovy:83)
	at com.kms.katalon.core.webui.keyword.builtin.VerifyTextPresentKeyword.execute(VerifyTextPresentKeyword.groovy:68)
	at com.kms.katalon.core.keyword.internal.KeywordExecutor.executeKeywordForPlatform(KeywordExecutor.groovy:72)
	at com.kms.katalon.core.webui.keyword.WebUiBuiltInKeywords.verifyTextPresent(WebUiBuiltInKeywords.groovy:1703)
	at com.kms.katalon.core.webui.keyword.WebUiBuiltInKeywords$verifyTextPresent$6.call(Unknown Source)
	at OpenHomepageMenu.run(OpenHomepageMenu:18)
	at com.kms.katalon.core.main.ScriptEngine.run(ScriptEngine.java:194)
	at com.kms.katalon.core.main.ScriptEngine.runScriptAsRawText(ScriptEngine.java:119)
	at com.kms.katalon.core.main.TestCaseExecutor.runScript(TestCaseExecutor.java:337)
	at com.kms.katalon.core.main.TestCaseExecutor.doExecute(TestCaseExecutor.java:328)
	at com.kms.katalon.core.main.TestCaseExecutor.processExecutionPhase(TestCaseExecutor.java:307)
	at com.kms.katalon.core.main.TestCaseExecutor.accessMainPhase(TestCaseExecutor.java:299)
	at com.kms.katalon.core.main.TestCaseExecutor.execute(TestCaseExecutor.java:233)
	at com.kms.katalon.core.main.TestCaseMain.runTestCase(TestCaseMain.java:114)
	at com.kms.katalon.core.keyword.builtin.CallTestCaseKeyword$_callTestCase_closure1.doCall(CallTestCaseKeyword.groovy:59)
	at com.kms.katalon.core.keyword.builtin.CallTestCaseKeyword$_callTestCase_closure1.call(CallTestCaseKeyword.groovy)
	at com.kms.katalon.core.keyword.internal.KeywordMain.runKeyword(KeywordMain.groovy:68)
	at com.kms.katalon.core.keyword.builtin.CallTestCaseKeyword.callTestCase(CallTestCaseKeyword.groovy:81)
	at com.kms.katalon.core.keyword.builtin.CallTestCaseKeyword.execute(CallTestCaseKeyword.groovy:44)
	at com.kms.katalon.core.keyword.internal.KeywordExecutor.executeKeywordForPlatform(KeywordExecutor.groovy:72)
	at com.kms.katalon.core.keyword.BuiltinKeywords.callTestCase(BuiltinKeywords.groovy:334)
	at BCAISPS-14745.TCID004.run(BCAISPS-14745.TCID004:24)
	at com.kms.katalon.core.main.ScriptEngine.run(ScriptEngine.java:194)
	at com.kms.katalon.core.main.ScriptEngine.runScriptAsRawText(ScriptEngine.java:119)
	at com.kms.katalon.core.main.TestCaseExecutor.runScript(TestCaseExecutor.java:337)
	at com.kms.katalon.core.main.TestCaseExecutor.doExecute(TestCaseExecutor.java:328)
	at com.kms.katalon.core.main.TestCaseExecutor.processExecutionPhase(TestCaseExecutor.java:307)
	at com.kms.katalon.core.main.TestCaseExecutor.accessMainPhase(TestCaseExecutor.java:299)
	at com.kms.katalon.core.main.TestCaseExecutor.execute(TestCaseExecutor.java:233)
	at com.kms.katalon.core.main.TestSuiteExecutor.accessTestCaseMainPhase(TestSuiteExecutor.java:169)
	at com.kms.katalon.core.main.TestSuiteExecutor.accessTestSuiteMainPhase(TestSuiteExecutor.java:142)
	at com.kms.katalon.core.main.TestSuiteExecutor.execute(TestSuiteExecutor.java:91)
	at com.kms.katalon.core.main.TestCaseMain.startTestSuite(TestCaseMain.java:157)
	at com.kms.katalon.core.main.TestCaseMain$startTestSuite$0.call(Unknown Source)
	at TempTestSuite1589508261822.run(TempTestSuite1589508261822.groovy:36)
)

2020-05-15 10:21:05 - [MESSAGE][WARNING] - Text 'Loading search result. Please wait...' is not present on page  (Root cause: com.kms.katalon.core.exception.StepFailedException: Text 'Loading search result. Please wait...' is not present on page 
	at com.kms.katalon.core.webui.keyword.internal.WebUIKeywordMain.stepFailed(WebUIKeywordMain.groovy:64)
	at com.kms.katalon.core.webui.keyword.builtin.VerifyTextPresentKeyword$_verifyTextPresent_closure1.doCall(VerifyTextPresentKeyword.groovy:79)
	at com.kms.katalon.core.webui.keyword.builtin.VerifyTextPresentKeyword$_verifyTextPresent_closure1.call(VerifyTextPresentKeyword.groovy)
	at com.kms.katalon.core.webui.keyword.internal.WebUIKeywordMain.runKeyword(WebUIKeywordMain.groovy:20)
	at com.kms.katalon.core.webui.keyword.builtin.VerifyTextPresentKeyword.verifyTextPresent(VerifyTextPresentKeyword.groovy:83)
	at com.kms.katalon.core.webui.keyword.builtin.VerifyTextPresentKeyword.execute(VerifyTextPresentKeyword.groovy:68)
	at com.kms.katalon.core.keyword.internal.KeywordExecutor.executeKeywordForPlatform(KeywordExecutor.groovy:72)
	at com.kms.katalon.core.webui.keyword.WebUiBuiltInKeywords.verifyTextPresent(WebUiBuiltInKeywords.groovy:1703)
	at com.kms.katalon.core.webui.keyword.WebUiBuiltInKeywords$verifyTextPresent$6.call(Unknown Source)
	at OpenHomepageMenu.run(OpenHomepageMenu:18)
	at com.kms.katalon.core.main.ScriptEngine.run(ScriptEngine.java:194)
	at com.kms.katalon.core.main.ScriptEngine.runScriptAsRawText(ScriptEngine.java:119)
	at com.kms.katalon.core.main.TestCaseExecutor.runScript(TestCaseExecutor.java:337)
	at com.kms.katalon.core.main.TestCaseExecutor.doExecute(TestCaseExecutor.java:328)
	at com.kms.katalon.core.main.TestCaseExecutor.processExecutionPhase(TestCaseExecutor.java:307)
	at com.kms.katalon.core.main.TestCaseExecutor.accessMainPhase(TestCaseExecutor.java:299)
	at com.kms.katalon.core.main.TestCaseExecutor.execute(TestCaseExecutor.java:233)
	at com.kms.katalon.core.main.TestCaseMain.runTestCase(TestCaseMain.java:114)
	at com.kms.katalon.core.keyword.builtin.CallTestCaseKeyword$_callTestCase_closure1.doCall(CallTestCaseKeyword.groovy:59)
	at com.kms.katalon.core.keyword.builtin.CallTestCaseKeyword$_callTestCase_closure1.call(CallTestCaseKeyword.groovy)
	at com.kms.katalon.core.keyword.internal.KeywordMain.runKeyword(KeywordMain.groovy:68)
	at com.kms.katalon.core.keyword.builtin.CallTestCaseKeyword.callTestCase(CallTestCaseKeyword.groovy:81)
	at com.kms.katalon.core.keyword.builtin.CallTestCaseKeyword.execute(CallTestCaseKeyword.groovy:44)
	at com.kms.katalon.core.keyword.internal.KeywordExecutor.executeKeywordForPlatform(KeywordExecutor.groovy:72)
	at com.kms.katalon.core.keyword.BuiltinKeywords.callTestCase(BuiltinKeywords.groovy:334)
	at BCAISPS-14745.TCID004.run(BCAISPS-14745.TCID004:24)
	at com.kms.katalon.core.main.ScriptEngine.run(ScriptEngine.java:194)
	at com.kms.katalon.core.main.ScriptEngine.runScriptAsRawText(ScriptEngine.java:119)
	at com.kms.katalon.core.main.TestCaseExecutor.runScript(TestCaseExecutor.java:337)
	at com.kms.katalon.core.main.TestCaseExecutor.doExecute(TestCaseExecutor.java:328)
	at com.kms.katalon.core.main.TestCaseExecutor.processExecutionPhase(TestCaseExecutor.java:307)
	at com.kms.katalon.core.main.TestCaseExecutor.accessMainPhase(TestCaseExecutor.java:299)
	at com.kms.katalon.core.main.TestCaseExecutor.execute(TestCaseExecutor.java:233)
	at com.kms.katalon.core.main.TestSuiteExecutor.accessTestCaseMainPhase(TestSuiteExecutor.java:169)
	at com.kms.katalon.core.main.TestSuiteExecutor.accessTestSuiteMainPhase(TestSuiteExecutor.java:142)
	at com.kms.katalon.core.main.TestSuiteExecutor.execute(TestSuiteExecutor.java:91)
	at com.kms.katalon.core.main.TestCaseMain.startTestSuite(TestCaseMain.java:157)
	at com.kms.katalon.core.main.TestCaseMain$startTestSuite$0.call(Unknown Source)
	at TempTestSuite1589508261822.run(TempTestSuite1589508261822.groovy:36)
)

2020-05-15 10:21:05 - [TEST_STEP][PASSED] - waitForElementNotPresent(findTestObject("Objects.OpenHomepageMenu/XP_LoadingPopUp"), 120, OPTIONAL): Web element with id: 'Object Repository/Objects.OpenHomepageMenu/XP_LoadingPopUp' located by 'By.xpath: //div[@class = 'x-mask-msg-text' and (text() = 'Loading search result. Please wait...' or . = 'Loading search result. Please wait...')]' is not present after '120' second(s)

2020-05-15 10:21:06 - [MESSAGE][PASSED] - Web element with id: 'Object Repository/Objects.OpenHomepageMenu/XP_LoadingPopUp' located by 'By.xpath: //div[@class = 'x-mask-msg-text' and (text() = 'Loading search result. Please wait...' or . = 'Loading search result. Please wait...')]' is not present after '120' second(s)

2020-05-15 10:21:06 - [TEST_STEP][PASSED] - verifyElementVisible(findTestObject("Objects.OpenHomepageMenu/div_ISPS2-PROD-Verify_component-1013")): Object 'Object Repository/Objects.OpenHomepageMenu/div_ISPS2-PROD-Verify_component-1013' is visible

2020-05-15 10:21:07 - [MESSAGE][PASSED] - Object 'Object Repository/Objects.OpenHomepageMenu/div_ISPS2-PROD-Verify_component-1013' is visible

2020-05-15 10:21:07 - [TEST_STEP][PASSED] - click(findTestObject("Objects.OpenHomepageMenu/div_ISPS2-PROD-Verify_component-1013")): Object: 'Object Repository/Objects.OpenHomepageMenu/div_ISPS2-PROD-Verify_component-1013' is clicked on

2020-05-15 10:21:08 - [MESSAGE][PASSED] - Object: 'Object Repository/Objects.OpenHomepageMenu/div_ISPS2-PROD-Verify_component-1013' is clicked on

2020-05-15 10:21:08 - [MESSAGE][PASSED] - Call Test Case 'Test Cases/Components/OpenHomepageMenu' successfully

2020-05-15 10:21:08 - [TEST_STEP][PASSED] - callTestCase(findTestCase("Components/HoverToAnyMenuSelection"), ["MenuSelection":"Utilities"], STOP_ON_FAILURE): Call Test Case 'Test Cases/Components/HoverToAnyMenuSelection' successfully

2020-05-15 10:21:08 - [TEST_CASE][PASSED] - Test Cases/Components/HoverToAnyMenuSelection: Test Cases/Components/HoverToAnyMenuSelection

2020-05-15 10:21:08 - [TEST_STEP][PASSED] - Thread.sleep(1000): null

2020-05-15 10:21:09 - [TEST_STEP][PASSED] - modifiedSelection = modifyObjectProperty(findTestObject("Objects.HoverToAnyMenuSelection/span_Common"), "text", "equals", MenuSelection, true): Modify property of object successfully

2020-05-15 10:21:09 - [MESSAGE][PASSED] - Modify property of object successfully

2020-05-15 10:21:09 - [TEST_STEP][PASSED] - mouseOver(modifiedSelection): Object: 'Object Repository/Objects.HoverToAnyMenuSelection/span_Common' is hovered

2020-05-15 10:21:10 - [MESSAGE][PASSED] - Object: 'Object Repository/Objects.HoverToAnyMenuSelection/span_Common' is hovered

2020-05-15 10:21:10 - [MESSAGE][PASSED] - Call Test Case 'Test Cases/Components/HoverToAnyMenuSelection' successfully

2020-05-15 10:21:10 - [TEST_STEP][PASSED] - callTestCase(findTestCase("Components/HoverToAnyMenuSelection"), ["MenuSelection":"Common"], STOP_ON_FAILURE): Call Test Case 'Test Cases/Components/HoverToAnyMenuSelection' successfully

2020-05-15 10:21:10 - [TEST_CASE][PASSED] - Test Cases/Components/HoverToAnyMenuSelection: Test Cases/Components/HoverToAnyMenuSelection

2020-05-15 10:21:10 - [TEST_STEP][PASSED] - Thread.sleep(1000): null

2020-05-15 10:21:11 - [TEST_STEP][PASSED] - modifiedSelection = modifyObjectProperty(findTestObject("Objects.HoverToAnyMenuSelection/span_Common"), "text", "equals", MenuSelection, true): Modify property of object successfully

2020-05-15 10:21:12 - [MESSAGE][PASSED] - Modify property of object successfully

2020-05-15 10:21:12 - [TEST_STEP][PASSED] - mouseOver(modifiedSelection): Object: 'Object Repository/Objects.HoverToAnyMenuSelection/span_Common' is hovered

2020-05-15 10:21:12 - [MESSAGE][PASSED] - Object: 'Object Repository/Objects.HoverToAnyMenuSelection/span_Common' is hovered

2020-05-15 10:21:12 - [MESSAGE][PASSED] - Call Test Case 'Test Cases/Components/HoverToAnyMenuSelection' successfully

2020-05-15 10:21:12 - [TEST_STEP][PASSED] - callTestCase(findTestCase("Components/HoverToAnyMenuSelection"), ["MenuSelection":"Maintenance"], STOP_ON_FAILURE): Call Test Case 'Test Cases/Components/HoverToAnyMenuSelection' successfully

2020-05-15 10:21:12 - [TEST_CASE][PASSED] - Test Cases/Components/HoverToAnyMenuSelection: Test Cases/Components/HoverToAnyMenuSelection

2020-05-15 10:21:12 - [TEST_STEP][PASSED] - Thread.sleep(1000): null

2020-05-15 10:21:13 - [TEST_STEP][PASSED] - modifiedSelection = modifyObjectProperty(findTestObject("Objects.HoverToAnyMenuSelection/span_Common"), "text", "equals", MenuSelection, true): Modify property of object successfully

2020-05-15 10:21:14 - [MESSAGE][PASSED] - Modify property of object successfully

2020-05-15 10:21:14 - [TEST_STEP][PASSED] - mouseOver(modifiedSelection): Object: 'Object Repository/Objects.HoverToAnyMenuSelection/span_Common' is hovered

2020-05-15 10:21:14 - [MESSAGE][PASSED] - Object: 'Object Repository/Objects.HoverToAnyMenuSelection/span_Common' is hovered

2020-05-15 10:21:14 - [MESSAGE][PASSED] - Call Test Case 'Test Cases/Components/HoverToAnyMenuSelection' successfully

2020-05-15 10:21:14 - [TEST_STEP][PASSED] - callTestCase(findTestCase("Components/HoverToAnyMenuSelection"), ["MenuSelection":"Maintain AC"], STOP_ON_FAILURE): Call Test Case 'Test Cases/Components/HoverToAnyMenuSelection' successfully

2020-05-15 10:21:14 - [TEST_CASE][PASSED] - Test Cases/Components/HoverToAnyMenuSelection: Test Cases/Components/HoverToAnyMenuSelection

2020-05-15 10:21:14 - [TEST_STEP][PASSED] - Thread.sleep(1000): null

2020-05-15 10:21:15 - [TEST_STEP][PASSED] - modifiedSelection = modifyObjectProperty(findTestObject("Objects.HoverToAnyMenuSelection/span_Common"), "text", "equals", MenuSelection, true): Modify property of object successfully

2020-05-15 10:21:16 - [MESSAGE][PASSED] - Modify property of object successfully

2020-05-15 10:21:16 - [TEST_STEP][PASSED] - mouseOver(modifiedSelection): Object: 'Object Repository/Objects.HoverToAnyMenuSelection/span_Common' is hovered

2020-05-15 10:21:16 - [MESSAGE][PASSED] - Object: 'Object Repository/Objects.HoverToAnyMenuSelection/span_Common' is hovered

2020-05-15 10:21:16 - [MESSAGE][PASSED] - Call Test Case 'Test Cases/Components/HoverToAnyMenuSelection' successfully

2020-05-15 10:21:16 - [TEST_STEP][PASSED] - callTestCase(findTestCase("Components/SelectFromMenu"), ["menuToBeClicked":"Maintain AC"], STOP_ON_FAILURE): Call Test Case 'Test Cases/Components/SelectFromMenu' successfully

2020-05-15 10:21:16 - [TEST_CASE][PASSED] - Test Cases/Components/SelectFromMenu: Test Cases/Components/SelectFromMenu

2020-05-15 10:21:16 - [TEST_STEP][PASSED] - Thread.sleep(1000): null

2020-05-15 10:21:17 - [TEST_STEP][PASSED] - modifiedMenuToBeClicked = modifyObjectProperty(findTestObject("Objects.SelectFromMenu/span_Maintain QP"), "text", "equals", menuToBeClicked, true): Modify property of object successfully

2020-05-15 10:21:18 - [MESSAGE][PASSED] - Modify property of object successfully

2020-05-15 10:21:18 - [TEST_STEP][PASSED] - mouseOver(modifiedMenuToBeClicked, STOP_ON_FAILURE): Object: 'Object Repository/Objects.SelectFromMenu/span_Maintain QP' is hovered

2020-05-15 10:21:19 - [MESSAGE][PASSED] - Object: 'Object Repository/Objects.SelectFromMenu/span_Maintain QP' is hovered

2020-05-15 10:21:19 - [TEST_STEP][PASSED] - click(modifiedMenuToBeClicked, STOP_ON_FAILURE): Object: 'Object Repository/Objects.SelectFromMenu/span_Maintain QP' is clicked on

2020-05-15 10:21:22 - [MESSAGE][PASSED] - Object: 'Object Repository/Objects.SelectFromMenu/span_Maintain QP' is clicked on

2020-05-15 10:21:22 - [MESSAGE][PASSED] - Call Test Case 'Test Cases/Components/SelectFromMenu' successfully

2020-05-15 10:21:22 - [TEST_STEP][PASSED] - callTestCase(findTestCase("Components/SetTextOnField"), ["tagToBeUsed":"input", "nameToBeUsed":"acNo", "textToBeInputted":"1165"], STOP_ON_FAILURE): Call Test Case 'Test Cases/Components/SetTextOnField' successfully

2020-05-15 10:21:22 - [TEST_CASE][PASSED] - Test Cases/Components/SetTextOnField: Test Cases/Components/SetTextOnField

2020-05-15 10:21:22 - [TEST_STEP][PASSED] - Thread.sleep(1000): null

2020-05-15 10:21:23 - [TEST_STEP][PASSED] - modifiedTagOfField = modifyObjectProperty(findTestObject("Objects.SetTextOnField/sampleField"), "tag", "equals", tagToBeUsed, false): Modify property of object successfully

2020-05-15 10:21:23 - [MESSAGE][PASSED] - Modify property of object successfully

2020-05-15 10:21:23 - [TEST_STEP][PASSED] - modifiedNameOfField = modifyObjectProperty(modifiedTagOfField, "name", "equals", nameToBeUsed, true): Modify property of object successfully

2020-05-15 10:21:23 - [MESSAGE][PASSED] - Modify property of object successfully

2020-05-15 10:21:23 - [TEST_STEP][PASSED] - com.reusableComponents.HighlightElement.run(modifiedNameOfField): com.reusableComponents.HighlightElement.run is PASSED

2020-05-15 10:21:25 - [MESSAGE][PASSED] - com.reusableComponents.HighlightElement.run is PASSED

2020-05-15 10:21:25 - [TEST_STEP][PASSED] - setText(modifiedNameOfField, textToBeInputted): Text '1165' is set on object 'Object Repository/Objects.SetTextOnField/sampleField'

2020-05-15 10:21:27 - [MESSAGE][PASSED] - Text '1165' is set on object 'Object Repository/Objects.SetTextOnField/sampleField'

2020-05-15 10:21:27 - [MESSAGE][PASSED] - Call Test Case 'Test Cases/Components/SetTextOnField' successfully

2020-05-15 10:21:27 - [TEST_STEP][PASSED] - callTestCase(findTestCase("Components/ClickBlueButtonsWithXPI"), ["Button":"Search", "Index":3], STOP_ON_FAILURE): Call Test Case 'Test Cases/Components/ClickBlueButtonsWithXPI' successfully

2020-05-15 10:21:27 - [TEST_CASE][PASSED] - Test Cases/Components/ClickBlueButtonsWithXPI: Test Cases/Components/ClickBlueButtonsWithXPI

2020-05-15 10:21:27 - [TEST_STEP][PASSED] - Thread.sleep(1000): null

2020-05-15 10:21:28 - [TEST_STEP][PASSED] - complexlyModifiedButtonGG = modifyObjectProperty(findTestObject("Objects.ClickBlueButtonsWithXPI/span_Reset"), "xPath", "equals", "(//span[text()="" + Button + ""])[" + Index + "]", true): Modify property of object successfully

2020-05-15 10:21:28 - [MESSAGE][PASSED] - Modify property of object successfully

2020-05-15 10:21:28 - [TEST_STEP][PASSED] - Thread.sleep(5000): null

2020-05-15 10:21:33 - [TEST_STEP][PASSED] - Thread.sleep(5000): null

2020-05-15 10:21:38 - [TEST_STEP][PASSED] - click(complexlyModifiedButtonGG): Object: 'Object Repository/Objects.ClickBlueButtonsWithXPI/span_Reset' is clicked on

2020-05-15 10:21:39 - [MESSAGE][PASSED] - Object: 'Object Repository/Objects.ClickBlueButtonsWithXPI/span_Reset' is clicked on

2020-05-15 10:21:39 - [TEST_STEP][PASSED] - Thread.sleep(5000): null

2020-05-15 10:21:44 - [MESSAGE][PASSED] - Call Test Case 'Test Cases/Components/ClickBlueButtonsWithXPI' successfully

2020-05-15 10:21:44 - [TEST_STEP][PASSED] - callTestCase(findTestCase("Components/ClickLinkDependingOnTextAndIndex"), ["linkName":"Testing Name", "index":"2"], STOP_ON_FAILURE): Call Test Case 'Test Cases/Components/ClickLinkDependingOnTextAndIndex' successfully

2020-05-15 10:21:44 - [TEST_CASE][PASSED] - Test Cases/Components/ClickLinkDependingOnTextAndIndex: Test Cases/Components/ClickLinkDependingOnTextAndIndex

2020-05-15 10:21:46 - [TEST_STEP][PASSED] - Thread.sleep(1000): null

2020-05-15 10:21:47 - [TEST_STEP][PASSED] - println(linkName): null

2020-05-15 10:21:47 - [TEST_STEP][PASSED] - println(index): null

2020-05-15 10:21:47 - [TEST_STEP][PASSED] - modifiedLink = modifyObjectProperty(findTestObject("Objects.ClickLinkDependingOnTextAndIndex/linkToModify"), "xpath", "equals", "(//a[text()="" + linkName + ""])[" + index + "]", true): Modify property of object successfully

2020-05-15 10:21:47 - [MESSAGE][PASSED] - Modify property of object successfully

2020-05-15 10:21:47 - [TEST_STEP][PASSED] - Thread.sleep(5000): null

2020-05-15 10:21:52 - [TEST_STEP][PASSED] - com.reusableComponents.HighlightElement.run(modifiedLink): com.reusableComponents.HighlightElement.run is PASSED

2020-05-15 10:21:56 - [MESSAGE][PASSED] - com.reusableComponents.HighlightElement.run is PASSED

2020-05-15 10:21:56 - [TEST_STEP][PASSED] - click(modifiedLink): Object: 'Object Repository/Objects.ClickLinkDependingOnTextAndIndex/linkToModify' is clicked on

2020-05-15 10:21:57 - [MESSAGE][PASSED] - Object: 'Object Repository/Objects.ClickLinkDependingOnTextAndIndex/linkToModify' is clicked on

2020-05-15 10:21:57 - [MESSAGE][PASSED] - Call Test Case 'Test Cases/Components/ClickLinkDependingOnTextAndIndex' successfully

2020-05-15 10:21:57 - [TEST_STEP][PASSED] - callTestCase(findTestCase("Components/ClickRadioButton"), ["Index":2], STOP_ON_FAILURE): Call Test Case 'Test Cases/Components/ClickRadioButton' successfully

2020-05-15 10:21:57 - [TEST_CASE][PASSED] - Test Cases/Components/ClickRadioButton: Test Cases/Components/ClickRadioButton

2020-05-15 10:21:57 - [TEST_STEP][PASSED] - Thread.sleep(1000): null

2020-05-15 10:21:58 - [TEST_STEP][NOT_RUN] - com.reusableComponents.HighlightElement.run(findTestObject("Objects.ClickRadioButtonRegulatoryRequirements/ApprovedDocument")): NOT_RUN: com.reusableComponents.HighlightElement.run(findTestObject("Objects.ClickRadioButtonRegulatoryRequirements/ApprovedDocument"))

2020-05-15 10:21:58 - [MESSAGE][NOT_RUN] - NOT_RUN: com.reusableComponents.HighlightElement.run(findTestObject("Objects.ClickRadioButtonRegulatoryRequirements/ApprovedDocument"))

2020-05-15 10:21:58 - [TEST_STEP][NOT_RUN] - click(findTestObject("Objects.ClickRadioButtonRegulatoryRequirements/span_Building Control (Environment Sustainability) Regulations 2008_radiofield-1851-displayEl")): NOT_RUN: click(findTestObject("Objects.ClickRadioButtonRegulatoryRequirements/span_Building Control (Environment Sustainability) Regulations 2008_radiofield-1851-displayEl"))

2020-05-15 10:21:58 - [MESSAGE][NOT_RUN] - NOT_RUN: click(findTestObject("Objects.ClickRadioButtonRegulatoryRequirements/span_Building Control (Environment Sustainability) Regulations 2008_radiofield-1851-displayEl"))

2020-05-15 10:21:58 - [TEST_STEP][PASSED] - modifiedRadioButton = modifyObjectProperty(findTestObject("Objects.ClickRadioButton/DynamicRadioButton"), "xpath", "equals", "(//span[contains(@class, 'x-form-field x-form-radio x-form-radio-default x-form-cb x-form-cb-default ')])[" + Index + "]", true): Modify property of object successfully

2020-05-15 10:21:59 - [MESSAGE][PASSED] - Modify property of object successfully

2020-05-15 10:21:59 - [TEST_STEP][PASSED] - com.reusableComponents.HighlightElement.run(modifiedRadioButton): com.reusableComponents.HighlightElement.run is PASSED

2020-05-15 10:22:04 - [MESSAGE][PASSED] - com.reusableComponents.HighlightElement.run is PASSED

2020-05-15 10:22:04 - [TEST_STEP][PASSED] - click(modifiedRadioButton): Object: 'Object Repository/Objects.ClickRadioButton/DynamicRadioButton' is clicked on

2020-05-15 10:22:07 - [MESSAGE][PASSED] - Object: 'Object Repository/Objects.ClickRadioButton/DynamicRadioButton' is clicked on

2020-05-15 10:22:07 - [MESSAGE][PASSED] - Call Test Case 'Test Cases/Components/ClickRadioButton' successfully

2020-05-15 10:22:07 - [TEST_STEP][FAILED] - callTestCase(findTestCase("Components/GetTextOfFieldAndStoreInAGlobalVariable"), ["tagToBeUsed":"textarea", "nameToBeUsed":"foreignAddr"], STOP_ON_FAILURE): Unable to call Test Case 'Test Cases/Components/GetTextOfFieldAndStoreInAGlobalVariable' (Root cause: com.kms.katalon.core.exception.StepErrorException: Call Test Case 'Test Cases/Components/GetTextOfFieldAndStoreInAGlobalVariable' failed because of error(s)
	at com.kms.katalon.core.keyword.builtin.CallTestCaseKeyword$_callTestCase_closure1.doCall(CallTestCaseKeyword.groovy:66)
	at com.kms.katalon.core.keyword.builtin.CallTestCaseKeyword$_callTestCase_closure1.call(CallTestCaseKeyword.groovy)
	at com.kms.katalon.core.keyword.internal.KeywordMain.runKeyword(KeywordMain.groovy:68)
	at com.kms.katalon.core.keyword.builtin.CallTestCaseKeyword.callTestCase(CallTestCaseKeyword.groovy:81)
	at com.kms.katalon.core.keyword.builtin.CallTestCaseKeyword.execute(CallTestCaseKeyword.groovy:44)
	at com.kms.katalon.core.keyword.internal.KeywordExecutor.executeKeywordForPlatform(KeywordExecutor.groovy:72)
	at com.kms.katalon.core.keyword.BuiltinKeywords.callTestCase(BuiltinKeywords.groovy:334)
	at BCAISPS-14745.TCID004.run(BCAISPS-14745.TCID004:56)
	at com.kms.katalon.core.main.ScriptEngine.run(ScriptEngine.java:194)
	at com.kms.katalon.core.main.ScriptEngine.runScriptAsRawText(ScriptEngine.java:119)
	at com.kms.katalon.core.main.TestCaseExecutor.runScript(TestCaseExecutor.java:337)
	at com.kms.katalon.core.main.TestCaseExecutor.doExecute(TestCaseExecutor.java:328)
	at com.kms.katalon.core.main.TestCaseExecutor.processExecutionPhase(TestCaseExecutor.java:307)
	at com.kms.katalon.core.main.TestCaseExecutor.accessMainPhase(TestCaseExecutor.java:299)
	at com.kms.katalon.core.main.TestCaseExecutor.execute(TestCaseExecutor.java:233)
	at com.kms.katalon.core.main.TestSuiteExecutor.accessTestCaseMainPhase(TestSuiteExecutor.java:169)
	at com.kms.katalon.core.main.TestSuiteExecutor.accessTestSuiteMainPhase(TestSuiteExecutor.java:142)
	at com.kms.katalon.core.main.TestSuiteExecutor.execute(TestSuiteExecutor.java:91)
	at com.kms.katalon.core.main.TestCaseMain.startTestSuite(TestCaseMain.java:157)
	at com.kms.katalon.core.main.TestCaseMain$startTestSuite$0.call(Unknown Source)
	at TempTestSuite1589508261822.run(TempTestSuite1589508261822.groovy:36)
Caused by: java.awt.datatransfer.UnsupportedFlavorException: Unicode String
	at java_awt_datatransfer_Transferable$getTransferData.call(Unknown Source)
	at GetTextOfFieldAndStoreInAGlobalVariable.run(GetTextOfFieldAndStoreInAGlobalVariable:37)
	at com.kms.katalon.core.main.ScriptEngine.run(ScriptEngine.java:194)
	at com.kms.katalon.core.main.ScriptEngine.runScriptAsRawText(ScriptEngine.java:119)
	at com.kms.katalon.core.main.TestCaseExecutor.runScript(TestCaseExecutor.java:337)
	at com.kms.katalon.core.main.TestCaseExecutor.doExecute(TestCaseExecutor.java:328)
	at com.kms.katalon.core.main.TestCaseExecutor.processExecutionPhase(TestCaseExecutor.java:307)
	at com.kms.katalon.core.main.TestCaseExecutor.accessMainPhase(TestCaseExecutor.java:299)
	at com.kms.katalon.core.main.TestCaseExecutor.execute(TestCaseExecutor.java:233)
	at com.kms.katalon.core.main.TestCaseMain.runTestCase(TestCaseMain.java:114)
	at com.kms.katalon.core.keyword.builtin.CallTestCaseKeyword$_callTestCase_closure1.doCall(CallTestCaseKeyword.groovy:59)
	... 20 more
)

2020-05-15 10:22:07 - [TEST_CASE][ERROR] - Test Cases/Components/GetTextOfFieldAndStoreInAGlobalVariable: Test Cases/Components/GetTextOfFieldAndStoreInAGlobalVariable FAILED.
Reason:
java.awt.datatransfer.UnsupportedFlavorException: Unicode String
	at java_awt_datatransfer_Transferable$getTransferData.call(Unknown Source)
	at GetTextOfFieldAndStoreInAGlobalVariable.run(GetTextOfFieldAndStoreInAGlobalVariable:37)
	at com.kms.katalon.core.main.ScriptEngine.run(ScriptEngine.java:194)
	at com.kms.katalon.core.main.ScriptEngine.runScriptAsRawText(ScriptEngine.java:119)
	at com.kms.katalon.core.main.TestCaseExecutor.runScript(TestCaseExecutor.java:337)
	at com.kms.katalon.core.main.TestCaseExecutor.doExecute(TestCaseExecutor.java:328)
	at com.kms.katalon.core.main.TestCaseExecutor.processExecutionPhase(TestCaseExecutor.java:307)
	at com.kms.katalon.core.main.TestCaseExecutor.accessMainPhase(TestCaseExecutor.java:299)
	at com.kms.katalon.core.main.TestCaseExecutor.execute(TestCaseExecutor.java:233)
	at com.kms.katalon.core.main.TestCaseMain.runTestCase(TestCaseMain.java:114)
	at com.kms.katalon.core.keyword.builtin.CallTestCaseKeyword$_callTestCase_closure1.doCall(CallTestCaseKeyword.groovy:59)
	at com.kms.katalon.core.keyword.builtin.CallTestCaseKeyword$_callTestCase_closure1.call(CallTestCaseKeyword.groovy)
	at com.kms.katalon.core.keyword.internal.KeywordMain.runKeyword(KeywordMain.groovy:68)
	at com.kms.katalon.core.keyword.builtin.CallTestCaseKeyword.callTestCase(CallTestCaseKeyword.groovy:81)
	at com.kms.katalon.core.keyword.builtin.CallTestCaseKeyword.execute(CallTestCaseKeyword.groovy:44)
	at com.kms.katalon.core.keyword.internal.KeywordExecutor.executeKeywordForPlatform(KeywordExecutor.groovy:72)
	at com.kms.katalon.core.keyword.BuiltinKeywords.callTestCase(BuiltinKeywords.groovy:334)
	at BCAISPS-14745.TCID004.run(BCAISPS-14745.TCID004:56)
	at com.kms.katalon.core.main.ScriptEngine.run(ScriptEngine.java:194)
	at com.kms.katalon.core.main.ScriptEngine.runScriptAsRawText(ScriptEngine.java:119)
	at com.kms.katalon.core.main.TestCaseExecutor.runScript(TestCaseExecutor.java:337)
	at com.kms.katalon.core.main.TestCaseExecutor.doExecute(TestCaseExecutor.java:328)
	at com.kms.katalon.core.main.TestCaseExecutor.processExecutionPhase(TestCaseExecutor.java:307)
	at com.kms.katalon.core.main.TestCaseExecutor.accessMainPhase(TestCaseExecutor.java:299)
	at com.kms.katalon.core.main.TestCaseExecutor.execute(TestCaseExecutor.java:233)
	at com.kms.katalon.core.main.TestSuiteExecutor.accessTestCaseMainPhase(TestSuiteExecutor.java:169)
	at com.kms.katalon.core.main.TestSuiteExecutor.accessTestSuiteMainPhase(TestSuiteExecutor.java:142)
	at com.kms.katalon.core.main.TestSuiteExecutor.execute(TestSuiteExecutor.java:91)
	at com.kms.katalon.core.main.TestCaseMain.startTestSuite(TestCaseMain.java:157)
	at com.kms.katalon.core.main.TestCaseMain$startTestSuite$0.call(Unknown Source)
	at TempTestSuite1589508261822.run(TempTestSuite1589508261822.groovy:36)


2020-05-15 10:22:07 - [TEST_STEP][PASSED] - Thread.sleep(1000): null

2020-05-15 10:22:08 - [TEST_STEP][PASSED] - modifiedTagOfField = modifyObjectProperty(findTestObject("Objects.GetTextOfFieldAndStoreInAGlobalVariable/objectToBeModified"), "tag", "equals", tagToBeUsed, false): Modify property of object successfully

2020-05-15 10:22:08 - [MESSAGE][PASSED] - Modify property of object successfully

2020-05-15 10:22:08 - [TEST_STEP][PASSED] - modifiedNameOfField = modifyObjectProperty(modifiedTagOfField, "name", "equals", nameToBeUsed, true): Modify property of object successfully

2020-05-15 10:22:08 - [MESSAGE][PASSED] - Modify property of object successfully

2020-05-15 10:22:08 - [TEST_STEP][PASSED] - com.reusableComponents.HighlightElement.run(modifiedNameOfField): com.reusableComponents.HighlightElement.run is PASSED

2020-05-15 10:22:12 - [MESSAGE][PASSED] - com.reusableComponents.HighlightElement.run is PASSED

2020-05-15 10:22:12 - [TEST_STEP][PASSED] - click(modifiedNameOfField): Object: 'Object Repository/Objects.GetTextOfFieldAndStoreInAGlobalVariable/objectToBeModified' is clicked on

2020-05-15 10:22:12 - [MESSAGE][PASSED] - Object: 'Object Repository/Objects.GetTextOfFieldAndStoreInAGlobalVariable/objectToBeModified' is clicked on

2020-05-15 10:22:12 - [TEST_STEP][PASSED] - sendKeys(modifiedNameOfField, Keys.chord(CONTROL, "a")): Keys 'CONTROL + a' sent to object: 'Object Repository/Objects.GetTextOfFieldAndStoreInAGlobalVariable/objectToBeModified'

2020-05-15 10:22:13 - [MESSAGE][PASSED] - Keys 'CONTROL + a' sent to object: 'Object Repository/Objects.GetTextOfFieldAndStoreInAGlobalVariable/objectToBeModified'

2020-05-15 10:22:13 - [TEST_STEP][PASSED] - sendKeys(modifiedNameOfField, Keys.chord(LEFT_CONTROL, "c")): Keys 'CONTROL + c' sent to object: 'Object Repository/Objects.GetTextOfFieldAndStoreInAGlobalVariable/objectToBeModified'

2020-05-15 10:22:13 - [MESSAGE][PASSED] - Keys 'CONTROL + c' sent to object: 'Object Repository/Objects.GetTextOfFieldAndStoreInAGlobalVariable/objectToBeModified'

2020-05-15 10:22:13 - [TEST_STEP][PASSED] - clipboardValue = getContents(null).getTransferData(stringFlavor): null

2020-05-15 10:22:13 - [MESSAGE][FAILED] - Unable to call Test Case 'Test Cases/Components/GetTextOfFieldAndStoreInAGlobalVariable' (Root cause: com.kms.katalon.core.exception.StepErrorException: Call Test Case 'Test Cases/Components/GetTextOfFieldAndStoreInAGlobalVariable' failed because of error(s)
	at com.kms.katalon.core.keyword.builtin.CallTestCaseKeyword$_callTestCase_closure1.doCall(CallTestCaseKeyword.groovy:66)
	at com.kms.katalon.core.keyword.builtin.CallTestCaseKeyword$_callTestCase_closure1.call(CallTestCaseKeyword.groovy)
	at com.kms.katalon.core.keyword.internal.KeywordMain.runKeyword(KeywordMain.groovy:68)
	at com.kms.katalon.core.keyword.builtin.CallTestCaseKeyword.callTestCase(CallTestCaseKeyword.groovy:81)
	at com.kms.katalon.core.keyword.builtin.CallTestCaseKeyword.execute(CallTestCaseKeyword.groovy:44)
	at com.kms.katalon.core.keyword.internal.KeywordExecutor.executeKeywordForPlatform(KeywordExecutor.groovy:72)
	at com.kms.katalon.core.keyword.BuiltinKeywords.callTestCase(BuiltinKeywords.groovy:334)
	at BCAISPS-14745.TCID004.run(BCAISPS-14745.TCID004:56)
	at com.kms.katalon.core.main.ScriptEngine.run(ScriptEngine.java:194)
	at com.kms.katalon.core.main.ScriptEngine.runScriptAsRawText(ScriptEngine.java:119)
	at com.kms.katalon.core.main.TestCaseExecutor.runScript(TestCaseExecutor.java:337)
	at com.kms.katalon.core.main.TestCaseExecutor.doExecute(TestCaseExecutor.java:328)
	at com.kms.katalon.core.main.TestCaseExecutor.processExecutionPhase(TestCaseExecutor.java:307)
	at com.kms.katalon.core.main.TestCaseExecutor.accessMainPhase(TestCaseExecutor.java:299)
	at com.kms.katalon.core.main.TestCaseExecutor.execute(TestCaseExecutor.java:233)
	at com.kms.katalon.core.main.TestSuiteExecutor.accessTestCaseMainPhase(TestSuiteExecutor.java:169)
	at com.kms.katalon.core.main.TestSuiteExecutor.accessTestSuiteMainPhase(TestSuiteExecutor.java:142)
	at com.kms.katalon.core.main.TestSuiteExecutor.execute(TestSuiteExecutor.java:91)
	at com.kms.katalon.core.main.TestCaseMain.startTestSuite(TestCaseMain.java:157)
	at com.kms.katalon.core.main.TestCaseMain$startTestSuite$0.call(Unknown Source)
	at TempTestSuite1589508261822.run(TempTestSuite1589508261822.groovy:36)
Caused by: java.awt.datatransfer.UnsupportedFlavorException: Unicode String
	at java_awt_datatransfer_Transferable$getTransferData.call(Unknown Source)
	at GetTextOfFieldAndStoreInAGlobalVariable.run(GetTextOfFieldAndStoreInAGlobalVariable:37)
	at com.kms.katalon.core.main.ScriptEngine.run(ScriptEngine.java:194)
	at com.kms.katalon.core.main.ScriptEngine.runScriptAsRawText(ScriptEngine.java:119)
	at com.kms.katalon.core.main.TestCaseExecutor.runScript(TestCaseExecutor.java:337)
	at com.kms.katalon.core.main.TestCaseExecutor.doExecute(TestCaseExecutor.java:328)
	at com.kms.katalon.core.main.TestCaseExecutor.processExecutionPhase(TestCaseExecutor.java:307)
	at com.kms.katalon.core.main.TestCaseExecutor.accessMainPhase(TestCaseExecutor.java:299)
	at com.kms.katalon.core.main.TestCaseExecutor.execute(TestCaseExecutor.java:233)
	at com.kms.katalon.core.main.TestCaseMain.runTestCase(TestCaseMain.java:114)
	at com.kms.katalon.core.keyword.builtin.CallTestCaseKeyword$_callTestCase_closure1.doCall(CallTestCaseKeyword.groovy:59)
	... 20 more
)]]></system-out>
         <system-err><![CDATA[2020-05-15 10:20:17 - [TEST_CASE][ERROR] - Test Cases/Jira/BE/Utilities/BCAISPS-14745/BCAISPS-14745.TCID004: Test Cases/Jira/BE/Utilities/BCAISPS-14745/BCAISPS-14745.TCID004 FAILED.
Reason:
com.kms.katalon.core.exception.StepErrorException: Call Test Case 'Test Cases/Components/GetTextOfFieldAndStoreInAGlobalVariable' failed because of error(s)
	at com.kms.katalon.core.keyword.builtin.CallTestCaseKeyword$_callTestCase_closure1.doCall(CallTestCaseKeyword.groovy:66)
	at com.kms.katalon.core.keyword.builtin.CallTestCaseKeyword$_callTestCase_closure1.call(CallTestCaseKeyword.groovy)
	at com.kms.katalon.core.keyword.internal.KeywordMain.runKeyword(KeywordMain.groovy:68)
	at com.kms.katalon.core.keyword.builtin.CallTestCaseKeyword.callTestCase(CallTestCaseKeyword.groovy:81)
	at com.kms.katalon.core.keyword.builtin.CallTestCaseKeyword.execute(CallTestCaseKeyword.groovy:44)
	at com.kms.katalon.core.keyword.internal.KeywordExecutor.executeKeywordForPlatform(KeywordExecutor.groovy:72)
	at com.kms.katalon.core.keyword.BuiltinKeywords.callTestCase(BuiltinKeywords.groovy:334)
	at BCAISPS-14745.TCID004.run(BCAISPS-14745.TCID004:56)
	at com.kms.katalon.core.main.ScriptEngine.run(ScriptEngine.java:194)
	at com.kms.katalon.core.main.ScriptEngine.runScriptAsRawText(ScriptEngine.java:119)
	at com.kms.katalon.core.main.TestCaseExecutor.runScript(TestCaseExecutor.java:337)
	at com.kms.katalon.core.main.TestCaseExecutor.doExecute(TestCaseExecutor.java:328)
	at com.kms.katalon.core.main.TestCaseExecutor.processExecutionPhase(TestCaseExecutor.java:307)
	at com.kms.katalon.core.main.TestCaseExecutor.accessMainPhase(TestCaseExecutor.java:299)
	at com.kms.katalon.core.main.TestCaseExecutor.execute(TestCaseExecutor.java:233)
	at com.kms.katalon.core.main.TestSuiteExecutor.accessTestCaseMainPhase(TestSuiteExecutor.java:169)
	at com.kms.katalon.core.main.TestSuiteExecutor.accessTestSuiteMainPhase(TestSuiteExecutor.java:142)
	at com.kms.katalon.core.main.TestSuiteExecutor.execute(TestSuiteExecutor.java:91)
	at com.kms.katalon.core.main.TestCaseMain.startTestSuite(TestCaseMain.java:157)
	at com.kms.katalon.core.main.TestCaseMain$startTestSuite$0.call(Unknown Source)
	at TempTestSuite1589508261822.run(TempTestSuite1589508261822.groovy:36)
Caused by: java.awt.datatransfer.UnsupportedFlavorException: Unicode String
	at java_awt_datatransfer_Transferable$getTransferData.call(Unknown Source)
	at GetTextOfFieldAndStoreInAGlobalVariable.run(GetTextOfFieldAndStoreInAGlobalVariable:37)
	at com.kms.katalon.core.main.ScriptEngine.run(ScriptEngine.java:194)
	at com.kms.katalon.core.main.ScriptEngine.runScriptAsRawText(ScriptEngine.java:119)
	at com.kms.katalon.core.main.TestCaseExecutor.runScript(TestCaseExecutor.java:337)
	at com.kms.katalon.core.main.TestCaseExecutor.doExecute(TestCaseExecutor.java:328)
	at com.kms.katalon.core.main.TestCaseExecutor.processExecutionPhase(TestCaseExecutor.java:307)
	at com.kms.katalon.core.main.TestCaseExecutor.accessMainPhase(TestCaseExecutor.java:299)
	at com.kms.katalon.core.main.TestCaseExecutor.execute(TestCaseExecutor.java:233)
	at com.kms.katalon.core.main.TestCaseMain.runTestCase(TestCaseMain.java:114)
	at com.kms.katalon.core.keyword.builtin.CallTestCaseKeyword$_callTestCase_closure1.doCall(CallTestCaseKeyword.groovy:59)
	... 20 more]]></system-err>
      </testcase>
      <testcase name="Test Cases/Jira/BE/Utilities/BCAISPS-14745/BCAISPS-14745.TCID005" time="114.631" classname="Test Cases/Jira/BE/Utilities/BCAISPS-14745/BCAISPS-14745.TCID005" status="ERROR">
         <error type="ERROR" message="Test Cases/Jira/BE/Utilities/BCAISPS-14745/BCAISPS-14745.TCID005 FAILED.
Reason:
com.kms.katalon.core.exception.StepErrorException: Call Test Case 'Test Cases/Components/ClickLink' failed because of error(s)
	at com.kms.katalon.core.keyword.builtin.CallTestCaseKeyword$_callTestCase_closure1.doCall(CallTestCaseKeyword.groovy:66)
	at com.kms.katalon.core.keyword.builtin.CallTestCaseKeyword$_callTestCase_closure1.call(CallTestCaseKeyword.groovy)
	at com.kms.katalon.core.keyword.internal.KeywordMain.runKeyword(KeywordMain.groovy:68)
	at com.kms.katalon.core.keyword.builtin.CallTestCaseKeyword.callTestCase(CallTestCaseKeyword.groovy:81)
	at com.kms.katalon.core.keyword.builtin.CallTestCaseKeyword.execute(CallTestCaseKeyword.groovy:44)
	at com.kms.katalon.core.keyword.internal.KeywordExecutor.executeKeywordForPlatform(KeywordExecutor.groovy:72)
	at com.kms.katalon.core.keyword.BuiltinKeywords.callTestCase(BuiltinKeywords.groovy:334)
	at BCAISPS-14745.TCID005.run(BCAISPS-14745.TCID005:45)
	at com.kms.katalon.core.main.ScriptEngine.run(ScriptEngine.java:194)
	at com.kms.katalon.core.main.ScriptEngine.runScriptAsRawText(ScriptEngine.java:119)
	at com.kms.katalon.core.main.TestCaseExecutor.runScript(TestCaseExecutor.java:337)
	at com.kms.katalon.core.main.TestCaseExecutor.doExecute(TestCaseExecutor.java:328)
	at com.kms.katalon.core.main.TestCaseExecutor.processExecutionPhase(TestCaseExecutor.java:307)
	at com.kms.katalon.core.main.TestCaseExecutor.accessMainPhase(TestCaseExecutor.java:299)
	at com.kms.katalon.core.main.TestCaseExecutor.execute(TestCaseExecutor.java:233)
	at com.kms.katalon.core.main.TestSuiteExecutor.accessTestCaseMainPhase(TestSuiteExecutor.java:169)
	at com.kms.katalon.core.main.TestSuiteExecutor.accessTestSuiteMainPhase(TestSuiteExecutor.java:142)
	at com.kms.katalon.core.main.TestSuiteExecutor.execute(TestSuiteExecutor.java:91)
	at com.kms.katalon.core.main.TestCaseMain.startTestSuite(TestCaseMain.java:157)
	at com.kms.katalon.core.main.TestCaseMain$startTestSuite$0.call(Unknown Source)
	at TempTestSuite1589508261822.run(TempTestSuite1589508261822.groovy:36)
Caused by: org.codehaus.groovy.runtime.InvokerInvocationException: java.lang.AssertionError: Web element with id: 'Object Repository/Objects.ClickLink/Page_ISPS2/LinkToModify' located by 'By.xpath: //a[(text() = 'Test AC 004' or . = 'Test AC 004')]' not found
	at com.reusableComponents.HighlightElement.invokeMethod(HighlightElement.groovy)
	at com.kms.katalon.core.main.CustomKeywordDelegatingMetaClass.invokeStaticMethod(CustomKeywordDelegatingMetaClass.java:50)
	at ClickLink.run(ClickLink:24)
	at com.kms.katalon.core.main.ScriptEngine.run(ScriptEngine.java:194)
	at com.kms.katalon.core.main.ScriptEngine.runScriptAsRawText(ScriptEngine.java:119)
	at com.kms.katalon.core.main.TestCaseExecutor.runScript(TestCaseExecutor.java:337)
	at com.kms.katalon.core.main.TestCaseExecutor.doExecute(TestCaseExecutor.java:328)
	at com.kms.katalon.core.main.TestCaseExecutor.processExecutionPhase(TestCaseExecutor.java:307)
	at com.kms.katalon.core.main.TestCaseExecutor.accessMainPhase(TestCaseExecutor.java:299)
	at com.kms.katalon.core.main.TestCaseExecutor.execute(TestCaseExecutor.java:233)
	at com.kms.katalon.core.main.TestCaseMain.runTestCase(TestCaseMain.java:114)
	at com.kms.katalon.core.keyword.builtin.CallTestCaseKeyword$_callTestCase_closure1.doCall(CallTestCaseKeyword.groovy:59)
	... 20 more
Caused by: java.lang.AssertionError: Web element with id: 'Object Repository/Objects.ClickLink/Page_ISPS2/LinkToModify' located by 'By.xpath: //a[(text() = 'Test AC 004' or . = 'Test AC 004')]' not found
	at org.testng.Assert.fail(Assert.java:93)
	at org.testng.Assert$fail.call(Unknown Source)
	at com.reusableComponents.HighlightElement.run(HighlightElement.groovy:27)
	... 32 more
"/>
         <system-out><![CDATA[2020-05-15 10:22:13 - [TEST_CASE][ERROR] - Test Cases/Jira/BE/Utilities/BCAISPS-14745/BCAISPS-14745.TCID005: Test Cases/Jira/BE/Utilities/BCAISPS-14745/BCAISPS-14745.TCID005 FAILED.
Reason:
com.kms.katalon.core.exception.StepErrorException: Call Test Case 'Test Cases/Components/ClickLink' failed because of error(s)
	at com.kms.katalon.core.keyword.builtin.CallTestCaseKeyword$_callTestCase_closure1.doCall(CallTestCaseKeyword.groovy:66)
	at com.kms.katalon.core.keyword.builtin.CallTestCaseKeyword$_callTestCase_closure1.call(CallTestCaseKeyword.groovy)
	at com.kms.katalon.core.keyword.internal.KeywordMain.runKeyword(KeywordMain.groovy:68)
	at com.kms.katalon.core.keyword.builtin.CallTestCaseKeyword.callTestCase(CallTestCaseKeyword.groovy:81)
	at com.kms.katalon.core.keyword.builtin.CallTestCaseKeyword.execute(CallTestCaseKeyword.groovy:44)
	at com.kms.katalon.core.keyword.internal.KeywordExecutor.executeKeywordForPlatform(KeywordExecutor.groovy:72)
	at com.kms.katalon.core.keyword.BuiltinKeywords.callTestCase(BuiltinKeywords.groovy:334)
	at BCAISPS-14745.TCID005.run(BCAISPS-14745.TCID005:45)
	at com.kms.katalon.core.main.ScriptEngine.run(ScriptEngine.java:194)
	at com.kms.katalon.core.main.ScriptEngine.runScriptAsRawText(ScriptEngine.java:119)
	at com.kms.katalon.core.main.TestCaseExecutor.runScript(TestCaseExecutor.java:337)
	at com.kms.katalon.core.main.TestCaseExecutor.doExecute(TestCaseExecutor.java:328)
	at com.kms.katalon.core.main.TestCaseExecutor.processExecutionPhase(TestCaseExecutor.java:307)
	at com.kms.katalon.core.main.TestCaseExecutor.accessMainPhase(TestCaseExecutor.java:299)
	at com.kms.katalon.core.main.TestCaseExecutor.execute(TestCaseExecutor.java:233)
	at com.kms.katalon.core.main.TestSuiteExecutor.accessTestCaseMainPhase(TestSuiteExecutor.java:169)
	at com.kms.katalon.core.main.TestSuiteExecutor.accessTestSuiteMainPhase(TestSuiteExecutor.java:142)
	at com.kms.katalon.core.main.TestSuiteExecutor.execute(TestSuiteExecutor.java:91)
	at com.kms.katalon.core.main.TestCaseMain.startTestSuite(TestCaseMain.java:157)
	at com.kms.katalon.core.main.TestCaseMain$startTestSuite$0.call(Unknown Source)
	at TempTestSuite1589508261822.run(TempTestSuite1589508261822.groovy:36)
Caused by: org.codehaus.groovy.runtime.InvokerInvocationException: java.lang.AssertionError: Web element with id: 'Object Repository/Objects.ClickLink/Page_ISPS2/LinkToModify' located by 'By.xpath: //a[(text() = 'Test AC 004' or . = 'Test AC 004')]' not found
	at com.reusableComponents.HighlightElement.invokeMethod(HighlightElement.groovy)
	at com.kms.katalon.core.main.CustomKeywordDelegatingMetaClass.invokeStaticMethod(CustomKeywordDelegatingMetaClass.java:50)
	at ClickLink.run(ClickLink:24)
	at com.kms.katalon.core.main.ScriptEngine.run(ScriptEngine.java:194)
	at com.kms.katalon.core.main.ScriptEngine.runScriptAsRawText(ScriptEngine.java:119)
	at com.kms.katalon.core.main.TestCaseExecutor.runScript(TestCaseExecutor.java:337)
	at com.kms.katalon.core.main.TestCaseExecutor.doExecute(TestCaseExecutor.java:328)
	at com.kms.katalon.core.main.TestCaseExecutor.processExecutionPhase(TestCaseExecutor.java:307)
	at com.kms.katalon.core.main.TestCaseExecutor.accessMainPhase(TestCaseExecutor.java:299)
	at com.kms.katalon.core.main.TestCaseExecutor.execute(TestCaseExecutor.java:233)
	at com.kms.katalon.core.main.TestCaseMain.runTestCase(TestCaseMain.java:114)
	at com.kms.katalon.core.keyword.builtin.CallTestCaseKeyword$_callTestCase_closure1.doCall(CallTestCaseKeyword.groovy:59)
	... 20 more
Caused by: java.lang.AssertionError: Web element with id: 'Object Repository/Objects.ClickLink/Page_ISPS2/LinkToModify' located by 'By.xpath: //a[(text() = 'Test AC 004' or . = 'Test AC 004')]' not found
	at org.testng.Assert.fail(Assert.java:93)
	at org.testng.Assert$fail.call(Unknown Source)
	at com.reusableComponents.HighlightElement.run(HighlightElement.groovy:27)
	... 32 more


2020-05-15 10:22:14 - [TEST_STEP][PASSED] - callTestCase(findTestCase("Components/Login"), ["Username":findTestData("Datatable").getValue("Username", 1), "Password":findTestData("Datatable").getValue("Password", 1)], STOP_ON_FAILURE): Call Test Case 'Test Cases/Components/Login' successfully

2020-05-15 10:22:15 - [TEST_CASE][PASSED] - Test Cases/Components/Login: Test Cases/Components/Login

2020-05-15 10:22:15 - [TEST_STEP][PASSED] - openBrowser(findTestData("Datatable").getValue("URL", 1)): Browser is opened with url: 'http://10.0.2.41:3012/isps2-prod-verify/authnz/login.do'

2020-05-15 10:22:15 - [MESSAGE][WARNING] - A browser is already opened. Closing browser and opening a new one

2020-05-15 10:22:16 - [MESSAGE][INFO] - Starting 'Chrome' driver

2020-05-15 10:22:28 - [MESSAGE][PASSED] - Browser is opened with url: 'http://10.0.2.41:3012/isps2-prod-verify/authnz/login.do'

2020-05-15 10:22:28 - [TEST_STEP][PASSED] - maximizeWindow(): Current window maximized

2020-05-15 10:22:32 - [MESSAGE][PASSED] - Current window maximized

2020-05-15 10:22:32 - [TEST_STEP][PASSED] - verifyTextPresent(findTestData("Datatable").getValue("HomeBanner", 1), true): Text 'Sign in to ISPS2-PROD-Verify' is present on page  using regular expression

2020-05-15 10:22:32 - [MESSAGE][PASSED] - Text 'Sign in to ISPS2-PROD-Verify' is present on page  using regular expression

2020-05-15 10:22:32 - [TEST_STEP][NOT_RUN] - com.reusableComponents.HighlightElement.run(findTestObject("Objects.LoginV2.0/Login Page/div_Sign in to ISPS2-PROD-Verify")): NOT_RUN: com.reusableComponents.HighlightElement.run(findTestObject("Objects.LoginV2.0/Login Page/div_Sign in to ISPS2-PROD-Verify"))

2020-05-15 10:22:32 - [MESSAGE][NOT_RUN] - NOT_RUN: com.reusableComponents.HighlightElement.run(findTestObject("Objects.LoginV2.0/Login Page/div_Sign in to ISPS2-PROD-Verify"))

2020-05-15 10:22:32 - [TEST_STEP][NOT_RUN] - com.reusableComponents.HighlightElement.run(findTestObject("Objects.LoginV2.0/Login Page/input_Sign in to ISPS2-PROD-Verify_username")): NOT_RUN: com.reusableComponents.HighlightElement.run(findTestObject("Objects.LoginV2.0/Login Page/input_Sign in to ISPS2-PROD-Verify_username"))

2020-05-15 10:22:32 - [MESSAGE][NOT_RUN] - NOT_RUN: com.reusableComponents.HighlightElement.run(findTestObject("Objects.LoginV2.0/Login Page/input_Sign in to ISPS2-PROD-Verify_username"))

2020-05-15 10:22:32 - [TEST_STEP][PASSED] - setText(findTestObject("Objects.LoginV2.0/Login Page/input_Sign in to ISPS2-PROD-Verify_username"), Username): Text 'sysadmin' is set on object 'Object Repository/Objects.LoginV2.0/Login Page/input_Sign in to ISPS2-PROD-Verify_username'

2020-05-15 10:22:33 - [MESSAGE][PASSED] - Text 'sysadmin' is set on object 'Object Repository/Objects.LoginV2.0/Login Page/input_Sign in to ISPS2-PROD-Verify_username'

2020-05-15 10:22:33 - [TEST_STEP][NOT_RUN] - com.reusableComponents.HighlightElement.run(findTestObject("Objects.LoginV2.0/Login Page/input_This field is required_password")): NOT_RUN: com.reusableComponents.HighlightElement.run(findTestObject("Objects.LoginV2.0/Login Page/input_This field is required_password"))

2020-05-15 10:22:33 - [MESSAGE][NOT_RUN] - NOT_RUN: com.reusableComponents.HighlightElement.run(findTestObject("Objects.LoginV2.0/Login Page/input_This field is required_password"))

2020-05-15 10:22:33 - [TEST_STEP][PASSED] - setEncryptedText(findTestObject("Objects.LoginV2.0/Login Page/input_This field is required_password"), Password): Text ****** has been set on object 'Object Repository/Objects.LoginV2.0/Login Page/input_This field is required_password'

2020-05-15 10:22:34 - [MESSAGE][PASSED] - Text ****** has been set on object 'Object Repository/Objects.LoginV2.0/Login Page/input_This field is required_password'

2020-05-15 10:22:34 - [TEST_STEP][NOT_RUN] - com.reusableComponents.HighlightElement.run(findTestObject("Objects.LoginV2.0/Login Page/div_Sign in to ISPS2-PROD-Verify_NovaGoButton-1021")): NOT_RUN: com.reusableComponents.HighlightElement.run(findTestObject("Objects.LoginV2.0/Login Page/div_Sign in to ISPS2-PROD-Verify_NovaGoButton-1021"))

2020-05-15 10:22:34 - [MESSAGE][NOT_RUN] - NOT_RUN: com.reusableComponents.HighlightElement.run(findTestObject("Objects.LoginV2.0/Login Page/div_Sign in to ISPS2-PROD-Verify_NovaGoButton-1021"))

2020-05-15 10:22:34 - [TEST_STEP][PASSED] - click(findTestObject("Objects.LoginV2.0/Login Page/div_Sign in to ISPS2-PROD-Verify_NovaGoButton-1021"), OPTIONAL): Object: 'Object Repository/Objects.LoginV2.0/Login Page/div_Sign in to ISPS2-PROD-Verify_NovaGoButton-1021' is clicked on

2020-05-15 10:22:34 - [MESSAGE][PASSED] - Object: 'Object Repository/Objects.LoginV2.0/Login Page/div_Sign in to ISPS2-PROD-Verify_NovaGoButton-1021' is clicked on

2020-05-15 10:22:34 - [TEST_STEP][NOT_RUN] - sendKeys(findTestObject("Objects.LoginV2.0/Login Page/input_This field is required_password"), Keys.chord(ENTER), OPTIONAL): NOT_RUN: sendKeys(findTestObject("Objects.LoginV2.0/Login Page/input_This field is required_password"), Keys.chord(ENTER), OPTIONAL)

2020-05-15 10:22:34 - [MESSAGE][NOT_RUN] - NOT_RUN: sendKeys(findTestObject("Objects.LoginV2.0/Login Page/input_This field is required_password"), Keys.chord(ENTER), OPTIONAL)

2020-05-15 10:22:34 - [TEST_STEP][PASSED] - waitForPageLoad(30): Wait for page load successfully

2020-05-15 10:22:34 - [MESSAGE][PASSED] - Wait for page load successfully

2020-05-15 10:22:34 - [TEST_STEP][NOT_RUN] - verifyElementVisible(findTestObject("Objects.Login/Dashboard/a_ISPS2-PROD-Verify"), OPTIONAL): NOT_RUN: verifyElementVisible(findTestObject("Objects.Login/Dashboard/a_ISPS2-PROD-Verify"), OPTIONAL)

2020-05-15 10:22:34 - [MESSAGE][NOT_RUN] - NOT_RUN: verifyElementVisible(findTestObject("Objects.Login/Dashboard/a_ISPS2-PROD-Verify"), OPTIONAL)

2020-05-15 10:22:34 - [TEST_STEP][PASSED] - Thread.sleep(3000): null

2020-05-15 10:22:37 - [MESSAGE][PASSED] - Call Test Case 'Test Cases/Components/Login' successfully

2020-05-15 10:22:37 - [TEST_STEP][PASSED] - callTestCase(findTestCase("Components/NavigateToHomepageHeaders"), ["headerText":"My Tasks"], STOP_ON_FAILURE): Call Test Case 'Test Cases/Components/NavigateToHomepageHeaders' successfully

2020-05-15 10:22:37 - [TEST_CASE][PASSED] - Test Cases/Components/NavigateToHomepageHeaders: Test Cases/Components/NavigateToHomepageHeaders

2020-05-15 10:22:37 - [TEST_STEP][PASSED] - Thread.sleep(1000): null

2020-05-15 10:22:38 - [TEST_STEP][PASSED] - waitForPageLoad(30): Wait for page load successfully

2020-05-15 10:22:39 - [MESSAGE][PASSED] - Wait for page load successfully

2020-05-15 10:22:39 - [TEST_STEP][PASSED] - modifiedHeader = modifyObjectProperty(findTestObject("Objects.NavigateToHomepageHeaders/Page_ISPS2/div_Header"), "text", "equals", headerText, true): Modify property of object successfully

2020-05-15 10:22:40 - [MESSAGE][PASSED] - Modify property of object successfully

2020-05-15 10:22:40 - [TEST_STEP][PASSED] - verifyElementClickable(modifiedHeader): Object 'Object Repository/Objects.NavigateToHomepageHeaders/Page_ISPS2/div_Header' is clickable

2020-05-15 10:22:43 - [MESSAGE][PASSED] - Object 'Object Repository/Objects.NavigateToHomepageHeaders/Page_ISPS2/div_Header' is clickable

2020-05-15 10:22:43 - [TEST_STEP][PASSED] - click(modifiedHeader): Object: 'Object Repository/Objects.NavigateToHomepageHeaders/Page_ISPS2/div_Header' is clicked on

2020-05-15 10:22:44 - [MESSAGE][PASSED] - Object: 'Object Repository/Objects.NavigateToHomepageHeaders/Page_ISPS2/div_Header' is clicked on

2020-05-15 10:22:44 - [TEST_STEP][PASSED] - Thread.sleep(7000): null

2020-05-15 10:22:51 - [MESSAGE][PASSED] - Call Test Case 'Test Cases/Components/NavigateToHomepageHeaders' successfully

2020-05-15 10:22:51 - [TEST_STEP][PASSED] - callTestCase(findTestCase("Components/OpenHomepageMenu"), [:], STOP_ON_FAILURE): Call Test Case 'Test Cases/Components/OpenHomepageMenu' successfully

2020-05-15 10:22:51 - [TEST_CASE][PASSED] - Test Cases/Components/OpenHomepageMenu: Test Cases/Components/OpenHomepageMenu

2020-05-15 10:22:51 - [TEST_STEP][PASSED] - Thread.sleep(1000): null

2020-05-15 10:22:52 - [TEST_STEP][PASSED] - verifyTextPresent("Loading search result. Please wait...", false, OPTIONAL): Text 'Loading search result. Please wait...' is not present on page  (Root cause: com.kms.katalon.core.exception.StepFailedException: Text 'Loading search result. Please wait...' is not present on page 
	at com.kms.katalon.core.webui.keyword.internal.WebUIKeywordMain.stepFailed(WebUIKeywordMain.groovy:64)
	at com.kms.katalon.core.webui.keyword.builtin.VerifyTextPresentKeyword$_verifyTextPresent_closure1.doCall(VerifyTextPresentKeyword.groovy:79)
	at com.kms.katalon.core.webui.keyword.builtin.VerifyTextPresentKeyword$_verifyTextPresent_closure1.call(VerifyTextPresentKeyword.groovy)
	at com.kms.katalon.core.webui.keyword.internal.WebUIKeywordMain.runKeyword(WebUIKeywordMain.groovy:20)
	at com.kms.katalon.core.webui.keyword.builtin.VerifyTextPresentKeyword.verifyTextPresent(VerifyTextPresentKeyword.groovy:83)
	at com.kms.katalon.core.webui.keyword.builtin.VerifyTextPresentKeyword.execute(VerifyTextPresentKeyword.groovy:68)
	at com.kms.katalon.core.keyword.internal.KeywordExecutor.executeKeywordForPlatform(KeywordExecutor.groovy:72)
	at com.kms.katalon.core.webui.keyword.WebUiBuiltInKeywords.verifyTextPresent(WebUiBuiltInKeywords.groovy:1703)
	at com.kms.katalon.core.webui.keyword.WebUiBuiltInKeywords$verifyTextPresent$6.call(Unknown Source)
	at OpenHomepageMenu.run(OpenHomepageMenu:18)
	at com.kms.katalon.core.main.ScriptEngine.run(ScriptEngine.java:194)
	at com.kms.katalon.core.main.ScriptEngine.runScriptAsRawText(ScriptEngine.java:119)
	at com.kms.katalon.core.main.TestCaseExecutor.runScript(TestCaseExecutor.java:337)
	at com.kms.katalon.core.main.TestCaseExecutor.doExecute(TestCaseExecutor.java:328)
	at com.kms.katalon.core.main.TestCaseExecutor.processExecutionPhase(TestCaseExecutor.java:307)
	at com.kms.katalon.core.main.TestCaseExecutor.accessMainPhase(TestCaseExecutor.java:299)
	at com.kms.katalon.core.main.TestCaseExecutor.execute(TestCaseExecutor.java:233)
	at com.kms.katalon.core.main.TestCaseMain.runTestCase(TestCaseMain.java:114)
	at com.kms.katalon.core.keyword.builtin.CallTestCaseKeyword$_callTestCase_closure1.doCall(CallTestCaseKeyword.groovy:59)
	at com.kms.katalon.core.keyword.builtin.CallTestCaseKeyword$_callTestCase_closure1.call(CallTestCaseKeyword.groovy)
	at com.kms.katalon.core.keyword.internal.KeywordMain.runKeyword(KeywordMain.groovy:68)
	at com.kms.katalon.core.keyword.builtin.CallTestCaseKeyword.callTestCase(CallTestCaseKeyword.groovy:81)
	at com.kms.katalon.core.keyword.builtin.CallTestCaseKeyword.execute(CallTestCaseKeyword.groovy:44)
	at com.kms.katalon.core.keyword.internal.KeywordExecutor.executeKeywordForPlatform(KeywordExecutor.groovy:72)
	at com.kms.katalon.core.keyword.BuiltinKeywords.callTestCase(BuiltinKeywords.groovy:334)
	at BCAISPS-14745.TCID005.run(BCAISPS-14745.TCID005:24)
	at com.kms.katalon.core.main.ScriptEngine.run(ScriptEngine.java:194)
	at com.kms.katalon.core.main.ScriptEngine.runScriptAsRawText(ScriptEngine.java:119)
	at com.kms.katalon.core.main.TestCaseExecutor.runScript(TestCaseExecutor.java:337)
	at com.kms.katalon.core.main.TestCaseExecutor.doExecute(TestCaseExecutor.java:328)
	at com.kms.katalon.core.main.TestCaseExecutor.processExecutionPhase(TestCaseExecutor.java:307)
	at com.kms.katalon.core.main.TestCaseExecutor.accessMainPhase(TestCaseExecutor.java:299)
	at com.kms.katalon.core.main.TestCaseExecutor.execute(TestCaseExecutor.java:233)
	at com.kms.katalon.core.main.TestSuiteExecutor.accessTestCaseMainPhase(TestSuiteExecutor.java:169)
	at com.kms.katalon.core.main.TestSuiteExecutor.accessTestSuiteMainPhase(TestSuiteExecutor.java:142)
	at com.kms.katalon.core.main.TestSuiteExecutor.execute(TestSuiteExecutor.java:91)
	at com.kms.katalon.core.main.TestCaseMain.startTestSuite(TestCaseMain.java:157)
	at com.kms.katalon.core.main.TestCaseMain$startTestSuite$0.call(Unknown Source)
	at TempTestSuite1589508261822.run(TempTestSuite1589508261822.groovy:36)
)

2020-05-15 10:22:58 - [MESSAGE][WARNING] - Text 'Loading search result. Please wait...' is not present on page  (Root cause: com.kms.katalon.core.exception.StepFailedException: Text 'Loading search result. Please wait...' is not present on page 
	at com.kms.katalon.core.webui.keyword.internal.WebUIKeywordMain.stepFailed(WebUIKeywordMain.groovy:64)
	at com.kms.katalon.core.webui.keyword.builtin.VerifyTextPresentKeyword$_verifyTextPresent_closure1.doCall(VerifyTextPresentKeyword.groovy:79)
	at com.kms.katalon.core.webui.keyword.builtin.VerifyTextPresentKeyword$_verifyTextPresent_closure1.call(VerifyTextPresentKeyword.groovy)
	at com.kms.katalon.core.webui.keyword.internal.WebUIKeywordMain.runKeyword(WebUIKeywordMain.groovy:20)
	at com.kms.katalon.core.webui.keyword.builtin.VerifyTextPresentKeyword.verifyTextPresent(VerifyTextPresentKeyword.groovy:83)
	at com.kms.katalon.core.webui.keyword.builtin.VerifyTextPresentKeyword.execute(VerifyTextPresentKeyword.groovy:68)
	at com.kms.katalon.core.keyword.internal.KeywordExecutor.executeKeywordForPlatform(KeywordExecutor.groovy:72)
	at com.kms.katalon.core.webui.keyword.WebUiBuiltInKeywords.verifyTextPresent(WebUiBuiltInKeywords.groovy:1703)
	at com.kms.katalon.core.webui.keyword.WebUiBuiltInKeywords$verifyTextPresent$6.call(Unknown Source)
	at OpenHomepageMenu.run(OpenHomepageMenu:18)
	at com.kms.katalon.core.main.ScriptEngine.run(ScriptEngine.java:194)
	at com.kms.katalon.core.main.ScriptEngine.runScriptAsRawText(ScriptEngine.java:119)
	at com.kms.katalon.core.main.TestCaseExecutor.runScript(TestCaseExecutor.java:337)
	at com.kms.katalon.core.main.TestCaseExecutor.doExecute(TestCaseExecutor.java:328)
	at com.kms.katalon.core.main.TestCaseExecutor.processExecutionPhase(TestCaseExecutor.java:307)
	at com.kms.katalon.core.main.TestCaseExecutor.accessMainPhase(TestCaseExecutor.java:299)
	at com.kms.katalon.core.main.TestCaseExecutor.execute(TestCaseExecutor.java:233)
	at com.kms.katalon.core.main.TestCaseMain.runTestCase(TestCaseMain.java:114)
	at com.kms.katalon.core.keyword.builtin.CallTestCaseKeyword$_callTestCase_closure1.doCall(CallTestCaseKeyword.groovy:59)
	at com.kms.katalon.core.keyword.builtin.CallTestCaseKeyword$_callTestCase_closure1.call(CallTestCaseKeyword.groovy)
	at com.kms.katalon.core.keyword.internal.KeywordMain.runKeyword(KeywordMain.groovy:68)
	at com.kms.katalon.core.keyword.builtin.CallTestCaseKeyword.callTestCase(CallTestCaseKeyword.groovy:81)
	at com.kms.katalon.core.keyword.builtin.CallTestCaseKeyword.execute(CallTestCaseKeyword.groovy:44)
	at com.kms.katalon.core.keyword.internal.KeywordExecutor.executeKeywordForPlatform(KeywordExecutor.groovy:72)
	at com.kms.katalon.core.keyword.BuiltinKeywords.callTestCase(BuiltinKeywords.groovy:334)
	at BCAISPS-14745.TCID005.run(BCAISPS-14745.TCID005:24)
	at com.kms.katalon.core.main.ScriptEngine.run(ScriptEngine.java:194)
	at com.kms.katalon.core.main.ScriptEngine.runScriptAsRawText(ScriptEngine.java:119)
	at com.kms.katalon.core.main.TestCaseExecutor.runScript(TestCaseExecutor.java:337)
	at com.kms.katalon.core.main.TestCaseExecutor.doExecute(TestCaseExecutor.java:328)
	at com.kms.katalon.core.main.TestCaseExecutor.processExecutionPhase(TestCaseExecutor.java:307)
	at com.kms.katalon.core.main.TestCaseExecutor.accessMainPhase(TestCaseExecutor.java:299)
	at com.kms.katalon.core.main.TestCaseExecutor.execute(TestCaseExecutor.java:233)
	at com.kms.katalon.core.main.TestSuiteExecutor.accessTestCaseMainPhase(TestSuiteExecutor.java:169)
	at com.kms.katalon.core.main.TestSuiteExecutor.accessTestSuiteMainPhase(TestSuiteExecutor.java:142)
	at com.kms.katalon.core.main.TestSuiteExecutor.execute(TestSuiteExecutor.java:91)
	at com.kms.katalon.core.main.TestCaseMain.startTestSuite(TestCaseMain.java:157)
	at com.kms.katalon.core.main.TestCaseMain$startTestSuite$0.call(Unknown Source)
	at TempTestSuite1589508261822.run(TempTestSuite1589508261822.groovy:36)
)

2020-05-15 10:22:58 - [TEST_STEP][PASSED] - waitForElementNotPresent(findTestObject("Objects.OpenHomepageMenu/XP_LoadingPopUp"), 120, OPTIONAL): Web element with id: 'Object Repository/Objects.OpenHomepageMenu/XP_LoadingPopUp' located by 'By.xpath: //div[@class = 'x-mask-msg-text' and (text() = 'Loading search result. Please wait...' or . = 'Loading search result. Please wait...')]' is not present after '120' second(s)

2020-05-15 10:22:58 - [MESSAGE][PASSED] - Web element with id: 'Object Repository/Objects.OpenHomepageMenu/XP_LoadingPopUp' located by 'By.xpath: //div[@class = 'x-mask-msg-text' and (text() = 'Loading search result. Please wait...' or . = 'Loading search result. Please wait...')]' is not present after '120' second(s)

2020-05-15 10:22:58 - [TEST_STEP][PASSED] - verifyElementVisible(findTestObject("Objects.OpenHomepageMenu/div_ISPS2-PROD-Verify_component-1013")): Object 'Object Repository/Objects.OpenHomepageMenu/div_ISPS2-PROD-Verify_component-1013' is visible

2020-05-15 10:22:59 - [MESSAGE][PASSED] - Object 'Object Repository/Objects.OpenHomepageMenu/div_ISPS2-PROD-Verify_component-1013' is visible

2020-05-15 10:22:59 - [TEST_STEP][PASSED] - click(findTestObject("Objects.OpenHomepageMenu/div_ISPS2-PROD-Verify_component-1013")): Object: 'Object Repository/Objects.OpenHomepageMenu/div_ISPS2-PROD-Verify_component-1013' is clicked on

2020-05-15 10:23:00 - [MESSAGE][PASSED] - Object: 'Object Repository/Objects.OpenHomepageMenu/div_ISPS2-PROD-Verify_component-1013' is clicked on

2020-05-15 10:23:00 - [MESSAGE][PASSED] - Call Test Case 'Test Cases/Components/OpenHomepageMenu' successfully

2020-05-15 10:23:00 - [TEST_STEP][PASSED] - callTestCase(findTestCase("Components/HoverToAnyMenuSelection"), ["MenuSelection":"Utilities"], STOP_ON_FAILURE): Call Test Case 'Test Cases/Components/HoverToAnyMenuSelection' successfully

2020-05-15 10:23:00 - [TEST_CASE][PASSED] - Test Cases/Components/HoverToAnyMenuSelection: Test Cases/Components/HoverToAnyMenuSelection

2020-05-15 10:23:00 - [TEST_STEP][PASSED] - Thread.sleep(1000): null

2020-05-15 10:23:01 - [TEST_STEP][PASSED] - modifiedSelection = modifyObjectProperty(findTestObject("Objects.HoverToAnyMenuSelection/span_Common"), "text", "equals", MenuSelection, true): Modify property of object successfully

2020-05-15 10:23:02 - [MESSAGE][PASSED] - Modify property of object successfully

2020-05-15 10:23:02 - [TEST_STEP][PASSED] - mouseOver(modifiedSelection): Object: 'Object Repository/Objects.HoverToAnyMenuSelection/span_Common' is hovered

2020-05-15 10:23:02 - [MESSAGE][PASSED] - Object: 'Object Repository/Objects.HoverToAnyMenuSelection/span_Common' is hovered

2020-05-15 10:23:02 - [MESSAGE][PASSED] - Call Test Case 'Test Cases/Components/HoverToAnyMenuSelection' successfully

2020-05-15 10:23:02 - [TEST_STEP][PASSED] - callTestCase(findTestCase("Components/HoverToAnyMenuSelection"), ["MenuSelection":"Common"], STOP_ON_FAILURE): Call Test Case 'Test Cases/Components/HoverToAnyMenuSelection' successfully

2020-05-15 10:23:02 - [TEST_CASE][PASSED] - Test Cases/Components/HoverToAnyMenuSelection: Test Cases/Components/HoverToAnyMenuSelection

2020-05-15 10:23:02 - [TEST_STEP][PASSED] - Thread.sleep(1000): null

2020-05-15 10:23:03 - [TEST_STEP][PASSED] - modifiedSelection = modifyObjectProperty(findTestObject("Objects.HoverToAnyMenuSelection/span_Common"), "text", "equals", MenuSelection, true): Modify property of object successfully

2020-05-15 10:23:04 - [MESSAGE][PASSED] - Modify property of object successfully

2020-05-15 10:23:04 - [TEST_STEP][PASSED] - mouseOver(modifiedSelection): Object: 'Object Repository/Objects.HoverToAnyMenuSelection/span_Common' is hovered

2020-05-15 10:23:05 - [MESSAGE][PASSED] - Object: 'Object Repository/Objects.HoverToAnyMenuSelection/span_Common' is hovered

2020-05-15 10:23:05 - [MESSAGE][PASSED] - Call Test Case 'Test Cases/Components/HoverToAnyMenuSelection' successfully

2020-05-15 10:23:05 - [TEST_STEP][PASSED] - callTestCase(findTestCase("Components/HoverToAnyMenuSelection"), ["MenuSelection":"Maintenance"], STOP_ON_FAILURE): Call Test Case 'Test Cases/Components/HoverToAnyMenuSelection' successfully

2020-05-15 10:23:05 - [TEST_CASE][PASSED] - Test Cases/Components/HoverToAnyMenuSelection: Test Cases/Components/HoverToAnyMenuSelection

2020-05-15 10:23:05 - [TEST_STEP][PASSED] - Thread.sleep(1000): null

2020-05-15 10:23:06 - [TEST_STEP][PASSED] - modifiedSelection = modifyObjectProperty(findTestObject("Objects.HoverToAnyMenuSelection/span_Common"), "text", "equals", MenuSelection, true): Modify property of object successfully

2020-05-15 10:23:06 - [MESSAGE][PASSED] - Modify property of object successfully

2020-05-15 10:23:06 - [TEST_STEP][PASSED] - mouseOver(modifiedSelection): Object: 'Object Repository/Objects.HoverToAnyMenuSelection/span_Common' is hovered

2020-05-15 10:23:07 - [MESSAGE][PASSED] - Object: 'Object Repository/Objects.HoverToAnyMenuSelection/span_Common' is hovered

2020-05-15 10:23:07 - [MESSAGE][PASSED] - Call Test Case 'Test Cases/Components/HoverToAnyMenuSelection' successfully

2020-05-15 10:23:07 - [TEST_STEP][PASSED] - callTestCase(findTestCase("Components/HoverToAnyMenuSelection"), ["MenuSelection":"Maintain AC"], STOP_ON_FAILURE): Call Test Case 'Test Cases/Components/HoverToAnyMenuSelection' successfully

2020-05-15 10:23:07 - [TEST_CASE][PASSED] - Test Cases/Components/HoverToAnyMenuSelection: Test Cases/Components/HoverToAnyMenuSelection

2020-05-15 10:23:07 - [TEST_STEP][PASSED] - Thread.sleep(1000): null

2020-05-15 10:23:08 - [TEST_STEP][PASSED] - modifiedSelection = modifyObjectProperty(findTestObject("Objects.HoverToAnyMenuSelection/span_Common"), "text", "equals", MenuSelection, true): Modify property of object successfully

2020-05-15 10:23:08 - [MESSAGE][PASSED] - Modify property of object successfully

2020-05-15 10:23:08 - [TEST_STEP][PASSED] - mouseOver(modifiedSelection): Object: 'Object Repository/Objects.HoverToAnyMenuSelection/span_Common' is hovered

2020-05-15 10:23:09 - [MESSAGE][PASSED] - Object: 'Object Repository/Objects.HoverToAnyMenuSelection/span_Common' is hovered

2020-05-15 10:23:09 - [MESSAGE][PASSED] - Call Test Case 'Test Cases/Components/HoverToAnyMenuSelection' successfully

2020-05-15 10:23:09 - [TEST_STEP][PASSED] - callTestCase(findTestCase("Components/SelectFromMenu"), ["menuToBeClicked":"Maintain AC"], STOP_ON_FAILURE): Call Test Case 'Test Cases/Components/SelectFromMenu' successfully

2020-05-15 10:23:09 - [TEST_CASE][PASSED] - Test Cases/Components/SelectFromMenu: Test Cases/Components/SelectFromMenu

2020-05-15 10:23:09 - [TEST_STEP][PASSED] - Thread.sleep(1000): null

2020-05-15 10:23:10 - [TEST_STEP][PASSED] - modifiedMenuToBeClicked = modifyObjectProperty(findTestObject("Objects.SelectFromMenu/span_Maintain QP"), "text", "equals", menuToBeClicked, true): Modify property of object successfully

2020-05-15 10:23:10 - [MESSAGE][PASSED] - Modify property of object successfully

2020-05-15 10:23:10 - [TEST_STEP][PASSED] - mouseOver(modifiedMenuToBeClicked, STOP_ON_FAILURE): Object: 'Object Repository/Objects.SelectFromMenu/span_Maintain QP' is hovered

2020-05-15 10:23:11 - [MESSAGE][PASSED] - Object: 'Object Repository/Objects.SelectFromMenu/span_Maintain QP' is hovered

2020-05-15 10:23:11 - [TEST_STEP][PASSED] - click(modifiedMenuToBeClicked, STOP_ON_FAILURE): Object: 'Object Repository/Objects.SelectFromMenu/span_Maintain QP' is clicked on

2020-05-15 10:23:15 - [MESSAGE][PASSED] - Object: 'Object Repository/Objects.SelectFromMenu/span_Maintain QP' is clicked on

2020-05-15 10:23:15 - [MESSAGE][PASSED] - Call Test Case 'Test Cases/Components/SelectFromMenu' successfully

2020-05-15 10:23:15 - [TEST_STEP][PASSED] - callTestCase(findTestCase("Components/ClickBlueButtonsWithXPI"), ["Button":"Search", "Index":3], STOP_ON_FAILURE): Call Test Case 'Test Cases/Components/ClickBlueButtonsWithXPI' successfully

2020-05-15 10:23:15 - [TEST_CASE][PASSED] - Test Cases/Components/ClickBlueButtonsWithXPI: Test Cases/Components/ClickBlueButtonsWithXPI

2020-05-15 10:23:15 - [TEST_STEP][PASSED] - Thread.sleep(1000): null

2020-05-15 10:23:16 - [TEST_STEP][PASSED] - complexlyModifiedButtonGG = modifyObjectProperty(findTestObject("Objects.ClickBlueButtonsWithXPI/span_Reset"), "xPath", "equals", "(//span[text()="" + Button + ""])[" + Index + "]", true): Modify property of object successfully

2020-05-15 10:23:17 - [MESSAGE][PASSED] - Modify property of object successfully

2020-05-15 10:23:17 - [TEST_STEP][PASSED] - Thread.sleep(5000): null

2020-05-15 10:23:22 - [TEST_STEP][PASSED] - Thread.sleep(5000): null

2020-05-15 10:23:27 - [TEST_STEP][PASSED] - click(complexlyModifiedButtonGG): Object: 'Object Repository/Objects.ClickBlueButtonsWithXPI/span_Reset' is clicked on

2020-05-15 10:23:28 - [MESSAGE][PASSED] - Object: 'Object Repository/Objects.ClickBlueButtonsWithXPI/span_Reset' is clicked on

2020-05-15 10:23:28 - [TEST_STEP][PASSED] - Thread.sleep(5000): null

2020-05-15 10:23:33 - [MESSAGE][PASSED] - Call Test Case 'Test Cases/Components/ClickBlueButtonsWithXPI' successfully

2020-05-15 10:23:33 - [TEST_STEP][FAILED] - callTestCase(findTestCase("Components/ClickLink"), ["LinkToModify":"Test AC 004"], STOP_ON_FAILURE): Unable to call Test Case 'Test Cases/Components/ClickLink' (Root cause: com.kms.katalon.core.exception.StepErrorException: Call Test Case 'Test Cases/Components/ClickLink' failed because of error(s)
	at com.kms.katalon.core.keyword.builtin.CallTestCaseKeyword$_callTestCase_closure1.doCall(CallTestCaseKeyword.groovy:66)
	at com.kms.katalon.core.keyword.builtin.CallTestCaseKeyword$_callTestCase_closure1.call(CallTestCaseKeyword.groovy)
	at com.kms.katalon.core.keyword.internal.KeywordMain.runKeyword(KeywordMain.groovy:68)
	at com.kms.katalon.core.keyword.builtin.CallTestCaseKeyword.callTestCase(CallTestCaseKeyword.groovy:81)
	at com.kms.katalon.core.keyword.builtin.CallTestCaseKeyword.execute(CallTestCaseKeyword.groovy:44)
	at com.kms.katalon.core.keyword.internal.KeywordExecutor.executeKeywordForPlatform(KeywordExecutor.groovy:72)
	at com.kms.katalon.core.keyword.BuiltinKeywords.callTestCase(BuiltinKeywords.groovy:334)
	at BCAISPS-14745.TCID005.run(BCAISPS-14745.TCID005:45)
	at com.kms.katalon.core.main.ScriptEngine.run(ScriptEngine.java:194)
	at com.kms.katalon.core.main.ScriptEngine.runScriptAsRawText(ScriptEngine.java:119)
	at com.kms.katalon.core.main.TestCaseExecutor.runScript(TestCaseExecutor.java:337)
	at com.kms.katalon.core.main.TestCaseExecutor.doExecute(TestCaseExecutor.java:328)
	at com.kms.katalon.core.main.TestCaseExecutor.processExecutionPhase(TestCaseExecutor.java:307)
	at com.kms.katalon.core.main.TestCaseExecutor.accessMainPhase(TestCaseExecutor.java:299)
	at com.kms.katalon.core.main.TestCaseExecutor.execute(TestCaseExecutor.java:233)
	at com.kms.katalon.core.main.TestSuiteExecutor.accessTestCaseMainPhase(TestSuiteExecutor.java:169)
	at com.kms.katalon.core.main.TestSuiteExecutor.accessTestSuiteMainPhase(TestSuiteExecutor.java:142)
	at com.kms.katalon.core.main.TestSuiteExecutor.execute(TestSuiteExecutor.java:91)
	at com.kms.katalon.core.main.TestCaseMain.startTestSuite(TestCaseMain.java:157)
	at com.kms.katalon.core.main.TestCaseMain$startTestSuite$0.call(Unknown Source)
	at TempTestSuite1589508261822.run(TempTestSuite1589508261822.groovy:36)
Caused by: org.codehaus.groovy.runtime.InvokerInvocationException: java.lang.AssertionError: Web element with id: 'Object Repository/Objects.ClickLink/Page_ISPS2/LinkToModify' located by 'By.xpath: //a[(text() = 'Test AC 004' or . = 'Test AC 004')]' not found
	at com.reusableComponents.HighlightElement.invokeMethod(HighlightElement.groovy)
	at com.kms.katalon.core.main.CustomKeywordDelegatingMetaClass.invokeStaticMethod(CustomKeywordDelegatingMetaClass.java:50)
	at ClickLink.run(ClickLink:24)
	at com.kms.katalon.core.main.ScriptEngine.run(ScriptEngine.java:194)
	at com.kms.katalon.core.main.ScriptEngine.runScriptAsRawText(ScriptEngine.java:119)
	at com.kms.katalon.core.main.TestCaseExecutor.runScript(TestCaseExecutor.java:337)
	at com.kms.katalon.core.main.TestCaseExecutor.doExecute(TestCaseExecutor.java:328)
	at com.kms.katalon.core.main.TestCaseExecutor.processExecutionPhase(TestCaseExecutor.java:307)
	at com.kms.katalon.core.main.TestCaseExecutor.accessMainPhase(TestCaseExecutor.java:299)
	at com.kms.katalon.core.main.TestCaseExecutor.execute(TestCaseExecutor.java:233)
	at com.kms.katalon.core.main.TestCaseMain.runTestCase(TestCaseMain.java:114)
	at com.kms.katalon.core.keyword.builtin.CallTestCaseKeyword$_callTestCase_closure1.doCall(CallTestCaseKeyword.groovy:59)
	... 20 more
Caused by: java.lang.AssertionError: Web element with id: 'Object Repository/Objects.ClickLink/Page_ISPS2/LinkToModify' located by 'By.xpath: //a[(text() = 'Test AC 004' or . = 'Test AC 004')]' not found
	at org.testng.Assert.fail(Assert.java:93)
	at org.testng.Assert$fail.call(Unknown Source)
	at com.reusableComponents.HighlightElement.run(HighlightElement.groovy:27)
	... 32 more
)

2020-05-15 10:23:33 - [TEST_CASE][ERROR] - Test Cases/Components/ClickLink: Test Cases/Components/ClickLink FAILED.
Reason:
org.codehaus.groovy.runtime.InvokerInvocationException: java.lang.AssertionError: Web element with id: 'Object Repository/Objects.ClickLink/Page_ISPS2/LinkToModify' located by 'By.xpath: //a[(text() = 'Test AC 004' or . = 'Test AC 004')]' not found
	at com.reusableComponents.HighlightElement.invokeMethod(HighlightElement.groovy)
	at com.kms.katalon.core.main.CustomKeywordDelegatingMetaClass.invokeStaticMethod(CustomKeywordDelegatingMetaClass.java:50)
	at ClickLink.run(ClickLink:24)
	at com.kms.katalon.core.main.ScriptEngine.run(ScriptEngine.java:194)
	at com.kms.katalon.core.main.ScriptEngine.runScriptAsRawText(ScriptEngine.java:119)
	at com.kms.katalon.core.main.TestCaseExecutor.runScript(TestCaseExecutor.java:337)
	at com.kms.katalon.core.main.TestCaseExecutor.doExecute(TestCaseExecutor.java:328)
	at com.kms.katalon.core.main.TestCaseExecutor.processExecutionPhase(TestCaseExecutor.java:307)
	at com.kms.katalon.core.main.TestCaseExecutor.accessMainPhase(TestCaseExecutor.java:299)
	at com.kms.katalon.core.main.TestCaseExecutor.execute(TestCaseExecutor.java:233)
	at com.kms.katalon.core.main.TestCaseMain.runTestCase(TestCaseMain.java:114)
	at com.kms.katalon.core.keyword.builtin.CallTestCaseKeyword$_callTestCase_closure1.doCall(CallTestCaseKeyword.groovy:59)
	at com.kms.katalon.core.keyword.builtin.CallTestCaseKeyword$_callTestCase_closure1.call(CallTestCaseKeyword.groovy)
	at com.kms.katalon.core.keyword.internal.KeywordMain.runKeyword(KeywordMain.groovy:68)
	at com.kms.katalon.core.keyword.builtin.CallTestCaseKeyword.callTestCase(CallTestCaseKeyword.groovy:81)
	at com.kms.katalon.core.keyword.builtin.CallTestCaseKeyword.execute(CallTestCaseKeyword.groovy:44)
	at com.kms.katalon.core.keyword.internal.KeywordExecutor.executeKeywordForPlatform(KeywordExecutor.groovy:72)
	at com.kms.katalon.core.keyword.BuiltinKeywords.callTestCase(BuiltinKeywords.groovy:334)
	at BCAISPS-14745.TCID005.run(BCAISPS-14745.TCID005:45)
	at com.kms.katalon.core.main.ScriptEngine.run(ScriptEngine.java:194)
	at com.kms.katalon.core.main.ScriptEngine.runScriptAsRawText(ScriptEngine.java:119)
	at com.kms.katalon.core.main.TestCaseExecutor.runScript(TestCaseExecutor.java:337)
	at com.kms.katalon.core.main.TestCaseExecutor.doExecute(TestCaseExecutor.java:328)
	at com.kms.katalon.core.main.TestCaseExecutor.processExecutionPhase(TestCaseExecutor.java:307)
	at com.kms.katalon.core.main.TestCaseExecutor.accessMainPhase(TestCaseExecutor.java:299)
	at com.kms.katalon.core.main.TestCaseExecutor.execute(TestCaseExecutor.java:233)
	at com.kms.katalon.core.main.TestSuiteExecutor.accessTestCaseMainPhase(TestSuiteExecutor.java:169)
	at com.kms.katalon.core.main.TestSuiteExecutor.accessTestSuiteMainPhase(TestSuiteExecutor.java:142)
	at com.kms.katalon.core.main.TestSuiteExecutor.execute(TestSuiteExecutor.java:91)
	at com.kms.katalon.core.main.TestCaseMain.startTestSuite(TestCaseMain.java:157)
	at com.kms.katalon.core.main.TestCaseMain$startTestSuite$0.call(Unknown Source)
	at TempTestSuite1589508261822.run(TempTestSuite1589508261822.groovy:36)
Caused by: java.lang.AssertionError: Web element with id: 'Object Repository/Objects.ClickLink/Page_ISPS2/LinkToModify' located by 'By.xpath: //a[(text() = 'Test AC 004' or . = 'Test AC 004')]' not found
	at org.testng.Assert.fail(Assert.java:93)
	at org.testng.Assert$fail.call(Unknown Source)
	at com.reusableComponents.HighlightElement.run(HighlightElement.groovy:27)
	... 32 more


2020-05-15 10:23:33 - [TEST_STEP][PASSED] - Thread.sleep(1000): null

2020-05-15 10:23:34 - [TEST_STEP][PASSED] - modifiedLink = modifyObjectProperty(findTestObject("Objects.ClickLink/Page_ISPS2/LinkToModify"), "text", "equals", LinkToModify, true): Modify property of object successfully

2020-05-15 10:23:34 - [MESSAGE][PASSED] - Modify property of object successfully

2020-05-15 10:23:34 - [TEST_STEP][FAILED] - com.reusableComponents.HighlightElement.run(modifiedLink): java.lang.AssertionError: Web element with id: 'Object Repository/Objects.ClickLink/Page_ISPS2/LinkToModify' located by 'By.xpath: //a[(text() = 'Test AC 004' or . = 'Test AC 004')]' not found

2020-05-15 10:24:08 - [MESSAGE][INFO] - Unable to find the element located by 'By.xpath: //a[(text() = 'Test AC 004' or . = 'Test AC 004')]'. Please recheck the objects properties to make sure the desired element is located. 

2020-05-15 10:24:08 - [MESSAGE][FAILED] - java.lang.AssertionError: Web element with id: 'Object Repository/Objects.ClickLink/Page_ISPS2/LinkToModify' located by 'By.xpath: //a[(text() = 'Test AC 004' or . = 'Test AC 004')]' not found

2020-05-15 10:24:08 - [MESSAGE][FAILED] - Unable to call Test Case 'Test Cases/Components/ClickLink' (Root cause: com.kms.katalon.core.exception.StepErrorException: Call Test Case 'Test Cases/Components/ClickLink' failed because of error(s)
	at com.kms.katalon.core.keyword.builtin.CallTestCaseKeyword$_callTestCase_closure1.doCall(CallTestCaseKeyword.groovy:66)
	at com.kms.katalon.core.keyword.builtin.CallTestCaseKeyword$_callTestCase_closure1.call(CallTestCaseKeyword.groovy)
	at com.kms.katalon.core.keyword.internal.KeywordMain.runKeyword(KeywordMain.groovy:68)
	at com.kms.katalon.core.keyword.builtin.CallTestCaseKeyword.callTestCase(CallTestCaseKeyword.groovy:81)
	at com.kms.katalon.core.keyword.builtin.CallTestCaseKeyword.execute(CallTestCaseKeyword.groovy:44)
	at com.kms.katalon.core.keyword.internal.KeywordExecutor.executeKeywordForPlatform(KeywordExecutor.groovy:72)
	at com.kms.katalon.core.keyword.BuiltinKeywords.callTestCase(BuiltinKeywords.groovy:334)
	at BCAISPS-14745.TCID005.run(BCAISPS-14745.TCID005:45)
	at com.kms.katalon.core.main.ScriptEngine.run(ScriptEngine.java:194)
	at com.kms.katalon.core.main.ScriptEngine.runScriptAsRawText(ScriptEngine.java:119)
	at com.kms.katalon.core.main.TestCaseExecutor.runScript(TestCaseExecutor.java:337)
	at com.kms.katalon.core.main.TestCaseExecutor.doExecute(TestCaseExecutor.java:328)
	at com.kms.katalon.core.main.TestCaseExecutor.processExecutionPhase(TestCaseExecutor.java:307)
	at com.kms.katalon.core.main.TestCaseExecutor.accessMainPhase(TestCaseExecutor.java:299)
	at com.kms.katalon.core.main.TestCaseExecutor.execute(TestCaseExecutor.java:233)
	at com.kms.katalon.core.main.TestSuiteExecutor.accessTestCaseMainPhase(TestSuiteExecutor.java:169)
	at com.kms.katalon.core.main.TestSuiteExecutor.accessTestSuiteMainPhase(TestSuiteExecutor.java:142)
	at com.kms.katalon.core.main.TestSuiteExecutor.execute(TestSuiteExecutor.java:91)
	at com.kms.katalon.core.main.TestCaseMain.startTestSuite(TestCaseMain.java:157)
	at com.kms.katalon.core.main.TestCaseMain$startTestSuite$0.call(Unknown Source)
	at TempTestSuite1589508261822.run(TempTestSuite1589508261822.groovy:36)
Caused by: org.codehaus.groovy.runtime.InvokerInvocationException: java.lang.AssertionError: Web element with id: 'Object Repository/Objects.ClickLink/Page_ISPS2/LinkToModify' located by 'By.xpath: //a[(text() = 'Test AC 004' or . = 'Test AC 004')]' not found
	at com.reusableComponents.HighlightElement.invokeMethod(HighlightElement.groovy)
	at com.kms.katalon.core.main.CustomKeywordDelegatingMetaClass.invokeStaticMethod(CustomKeywordDelegatingMetaClass.java:50)
	at ClickLink.run(ClickLink:24)
	at com.kms.katalon.core.main.ScriptEngine.run(ScriptEngine.java:194)
	at com.kms.katalon.core.main.ScriptEngine.runScriptAsRawText(ScriptEngine.java:119)
	at com.kms.katalon.core.main.TestCaseExecutor.runScript(TestCaseExecutor.java:337)
	at com.kms.katalon.core.main.TestCaseExecutor.doExecute(TestCaseExecutor.java:328)
	at com.kms.katalon.core.main.TestCaseExecutor.processExecutionPhase(TestCaseExecutor.java:307)
	at com.kms.katalon.core.main.TestCaseExecutor.accessMainPhase(TestCaseExecutor.java:299)
	at com.kms.katalon.core.main.TestCaseExecutor.execute(TestCaseExecutor.java:233)
	at com.kms.katalon.core.main.TestCaseMain.runTestCase(TestCaseMain.java:114)
	at com.kms.katalon.core.keyword.builtin.CallTestCaseKeyword$_callTestCase_closure1.doCall(CallTestCaseKeyword.groovy:59)
	... 20 more
Caused by: java.lang.AssertionError: Web element with id: 'Object Repository/Objects.ClickLink/Page_ISPS2/LinkToModify' located by 'By.xpath: //a[(text() = 'Test AC 004' or . = 'Test AC 004')]' not found
	at org.testng.Assert.fail(Assert.java:93)
	at org.testng.Assert$fail.call(Unknown Source)
	at com.reusableComponents.HighlightElement.run(HighlightElement.groovy:27)
	... 32 more
)]]></system-out>
         <system-err><![CDATA[2020-05-15 10:22:13 - [TEST_CASE][ERROR] - Test Cases/Jira/BE/Utilities/BCAISPS-14745/BCAISPS-14745.TCID005: Test Cases/Jira/BE/Utilities/BCAISPS-14745/BCAISPS-14745.TCID005 FAILED.
Reason:
com.kms.katalon.core.exception.StepErrorException: Call Test Case 'Test Cases/Components/ClickLink' failed because of error(s)
	at com.kms.katalon.core.keyword.builtin.CallTestCaseKeyword$_callTestCase_closure1.doCall(CallTestCaseKeyword.groovy:66)
	at com.kms.katalon.core.keyword.builtin.CallTestCaseKeyword$_callTestCase_closure1.call(CallTestCaseKeyword.groovy)
	at com.kms.katalon.core.keyword.internal.KeywordMain.runKeyword(KeywordMain.groovy:68)
	at com.kms.katalon.core.keyword.builtin.CallTestCaseKeyword.callTestCase(CallTestCaseKeyword.groovy:81)
	at com.kms.katalon.core.keyword.builtin.CallTestCaseKeyword.execute(CallTestCaseKeyword.groovy:44)
	at com.kms.katalon.core.keyword.internal.KeywordExecutor.executeKeywordForPlatform(KeywordExecutor.groovy:72)
	at com.kms.katalon.core.keyword.BuiltinKeywords.callTestCase(BuiltinKeywords.groovy:334)
	at BCAISPS-14745.TCID005.run(BCAISPS-14745.TCID005:45)
	at com.kms.katalon.core.main.ScriptEngine.run(ScriptEngine.java:194)
	at com.kms.katalon.core.main.ScriptEngine.runScriptAsRawText(ScriptEngine.java:119)
	at com.kms.katalon.core.main.TestCaseExecutor.runScript(TestCaseExecutor.java:337)
	at com.kms.katalon.core.main.TestCaseExecutor.doExecute(TestCaseExecutor.java:328)
	at com.kms.katalon.core.main.TestCaseExecutor.processExecutionPhase(TestCaseExecutor.java:307)
	at com.kms.katalon.core.main.TestCaseExecutor.accessMainPhase(TestCaseExecutor.java:299)
	at com.kms.katalon.core.main.TestCaseExecutor.execute(TestCaseExecutor.java:233)
	at com.kms.katalon.core.main.TestSuiteExecutor.accessTestCaseMainPhase(TestSuiteExecutor.java:169)
	at com.kms.katalon.core.main.TestSuiteExecutor.accessTestSuiteMainPhase(TestSuiteExecutor.java:142)
	at com.kms.katalon.core.main.TestSuiteExecutor.execute(TestSuiteExecutor.java:91)
	at com.kms.katalon.core.main.TestCaseMain.startTestSuite(TestCaseMain.java:157)
	at com.kms.katalon.core.main.TestCaseMain$startTestSuite$0.call(Unknown Source)
	at TempTestSuite1589508261822.run(TempTestSuite1589508261822.groovy:36)
Caused by: org.codehaus.groovy.runtime.InvokerInvocationException: java.lang.AssertionError: Web element with id: 'Object Repository/Objects.ClickLink/Page_ISPS2/LinkToModify' located by 'By.xpath: //a[(text() = 'Test AC 004' or . = 'Test AC 004')]' not found
	at com.reusableComponents.HighlightElement.invokeMethod(HighlightElement.groovy)
	at com.kms.katalon.core.main.CustomKeywordDelegatingMetaClass.invokeStaticMethod(CustomKeywordDelegatingMetaClass.java:50)
	at ClickLink.run(ClickLink:24)
	at com.kms.katalon.core.main.ScriptEngine.run(ScriptEngine.java:194)
	at com.kms.katalon.core.main.ScriptEngine.runScriptAsRawText(ScriptEngine.java:119)
	at com.kms.katalon.core.main.TestCaseExecutor.runScript(TestCaseExecutor.java:337)
	at com.kms.katalon.core.main.TestCaseExecutor.doExecute(TestCaseExecutor.java:328)
	at com.kms.katalon.core.main.TestCaseExecutor.processExecutionPhase(TestCaseExecutor.java:307)
	at com.kms.katalon.core.main.TestCaseExecutor.accessMainPhase(TestCaseExecutor.java:299)
	at com.kms.katalon.core.main.TestCaseExecutor.execute(TestCaseExecutor.java:233)
	at com.kms.katalon.core.main.TestCaseMain.runTestCase(TestCaseMain.java:114)
	at com.kms.katalon.core.keyword.builtin.CallTestCaseKeyword$_callTestCase_closure1.doCall(CallTestCaseKeyword.groovy:59)
	... 20 more
Caused by: java.lang.AssertionError: Web element with id: 'Object Repository/Objects.ClickLink/Page_ISPS2/LinkToModify' located by 'By.xpath: //a[(text() = 'Test AC 004' or . = 'Test AC 004')]' not found
	at org.testng.Assert.fail(Assert.java:93)
	at org.testng.Assert$fail.call(Unknown Source)
	at com.reusableComponents.HighlightElement.run(HighlightElement.groovy:27)
	... 32 more]]></system-err>
      </testcase>
      <testcase name="Test Cases/Jira/BE/Utilities/BCAISPS-14771/BCAISPS-14771.TCID001" time="228.128" classname="Test Cases/Jira/BE/Utilities/BCAISPS-14771/BCAISPS-14771.TCID001" status="ERROR">
         <error type="ERROR" message="Test Cases/Jira/BE/Utilities/BCAISPS-14771/BCAISPS-14771.TCID001 FAILED.
Reason:
com.kms.katalon.core.exception.StepErrorException: Call Test Case 'Test Cases/Components/SetTextOnField' failed because of error(s)
	at com.kms.katalon.core.keyword.builtin.CallTestCaseKeyword$_callTestCase_closure1.doCall(CallTestCaseKeyword.groovy:66)
	at com.kms.katalon.core.keyword.builtin.CallTestCaseKeyword$_callTestCase_closure1.call(CallTestCaseKeyword.groovy)
	at com.kms.katalon.core.keyword.internal.KeywordMain.runKeyword(KeywordMain.groovy:68)
	at com.kms.katalon.core.keyword.builtin.CallTestCaseKeyword.callTestCase(CallTestCaseKeyword.groovy:81)
	at com.kms.katalon.core.keyword.builtin.CallTestCaseKeyword.execute(CallTestCaseKeyword.groovy:44)
	at com.kms.katalon.core.keyword.internal.KeywordExecutor.executeKeywordForPlatform(KeywordExecutor.groovy:72)
	at com.kms.katalon.core.keyword.BuiltinKeywords.callTestCase(BuiltinKeywords.groovy:334)
	at BCAISPS-14771.TCID001.run(BCAISPS-14771.TCID001:71)
	at com.kms.katalon.core.main.ScriptEngine.run(ScriptEngine.java:194)
	at com.kms.katalon.core.main.ScriptEngine.runScriptAsRawText(ScriptEngine.java:119)
	at com.kms.katalon.core.main.TestCaseExecutor.runScript(TestCaseExecutor.java:337)
	at com.kms.katalon.core.main.TestCaseExecutor.doExecute(TestCaseExecutor.java:328)
	at com.kms.katalon.core.main.TestCaseExecutor.processExecutionPhase(TestCaseExecutor.java:307)
	at com.kms.katalon.core.main.TestCaseExecutor.accessMainPhase(TestCaseExecutor.java:299)
	at com.kms.katalon.core.main.TestCaseExecutor.execute(TestCaseExecutor.java:233)
	at com.kms.katalon.core.main.TestSuiteExecutor.accessTestCaseMainPhase(TestSuiteExecutor.java:169)
	at com.kms.katalon.core.main.TestSuiteExecutor.accessTestSuiteMainPhase(TestSuiteExecutor.java:142)
	at com.kms.katalon.core.main.TestSuiteExecutor.execute(TestSuiteExecutor.java:91)
	at com.kms.katalon.core.main.TestCaseMain.startTestSuite(TestCaseMain.java:157)
	at com.kms.katalon.core.main.TestCaseMain$startTestSuite$0.call(Unknown Source)
	at TempTestSuite1589508261822.run(TempTestSuite1589508261822.groovy:36)
Caused by: org.codehaus.groovy.runtime.InvokerInvocationException: java.lang.AssertionError: Web element with id: 'Object Repository/Objects.SetTextOnField/sampleField' located by 'By.xpath: //*[@name = 'NovaComboBox-2006-inputEl']' not found
	at com.reusableComponents.HighlightElement.invokeMethod(HighlightElement.groovy)
	at com.kms.katalon.core.main.CustomKeywordDelegatingMetaClass.invokeStaticMethod(CustomKeywordDelegatingMetaClass.java:50)
	at SetTextOnField.run(SetTextOnField:34)
	at com.kms.katalon.core.main.ScriptEngine.run(ScriptEngine.java:194)
	at com.kms.katalon.core.main.ScriptEngine.runScriptAsRawText(ScriptEngine.java:119)
	at com.kms.katalon.core.main.TestCaseExecutor.runScript(TestCaseExecutor.java:337)
	at com.kms.katalon.core.main.TestCaseExecutor.doExecute(TestCaseExecutor.java:328)
	at com.kms.katalon.core.main.TestCaseExecutor.processExecutionPhase(TestCaseExecutor.java:307)
	at com.kms.katalon.core.main.TestCaseExecutor.accessMainPhase(TestCaseExecutor.java:299)
	at com.kms.katalon.core.main.TestCaseExecutor.execute(TestCaseExecutor.java:233)
	at com.kms.katalon.core.main.TestCaseMain.runTestCase(TestCaseMain.java:114)
	at com.kms.katalon.core.keyword.builtin.CallTestCaseKeyword$_callTestCase_closure1.doCall(CallTestCaseKeyword.groovy:59)
	... 20 more
Caused by: java.lang.AssertionError: Web element with id: 'Object Repository/Objects.SetTextOnField/sampleField' located by 'By.xpath: //*[@name = 'NovaComboBox-2006-inputEl']' not found
	at org.testng.Assert.fail(Assert.java:93)
	at org.testng.Assert$fail.call(Unknown Source)
	at com.reusableComponents.HighlightElement.run(HighlightElement.groovy:27)
	... 32 more
"/>
         <system-out><![CDATA[2020-05-15 10:24:08 - [TEST_CASE][ERROR] - Test Cases/Jira/BE/Utilities/BCAISPS-14771/BCAISPS-14771.TCID001: Test Cases/Jira/BE/Utilities/BCAISPS-14771/BCAISPS-14771.TCID001 FAILED.
Reason:
com.kms.katalon.core.exception.StepErrorException: Call Test Case 'Test Cases/Components/SetTextOnField' failed because of error(s)
	at com.kms.katalon.core.keyword.builtin.CallTestCaseKeyword$_callTestCase_closure1.doCall(CallTestCaseKeyword.groovy:66)
	at com.kms.katalon.core.keyword.builtin.CallTestCaseKeyword$_callTestCase_closure1.call(CallTestCaseKeyword.groovy)
	at com.kms.katalon.core.keyword.internal.KeywordMain.runKeyword(KeywordMain.groovy:68)
	at com.kms.katalon.core.keyword.builtin.CallTestCaseKeyword.callTestCase(CallTestCaseKeyword.groovy:81)
	at com.kms.katalon.core.keyword.builtin.CallTestCaseKeyword.execute(CallTestCaseKeyword.groovy:44)
	at com.kms.katalon.core.keyword.internal.KeywordExecutor.executeKeywordForPlatform(KeywordExecutor.groovy:72)
	at com.kms.katalon.core.keyword.BuiltinKeywords.callTestCase(BuiltinKeywords.groovy:334)
	at BCAISPS-14771.TCID001.run(BCAISPS-14771.TCID001:71)
	at com.kms.katalon.core.main.ScriptEngine.run(ScriptEngine.java:194)
	at com.kms.katalon.core.main.ScriptEngine.runScriptAsRawText(ScriptEngine.java:119)
	at com.kms.katalon.core.main.TestCaseExecutor.runScript(TestCaseExecutor.java:337)
	at com.kms.katalon.core.main.TestCaseExecutor.doExecute(TestCaseExecutor.java:328)
	at com.kms.katalon.core.main.TestCaseExecutor.processExecutionPhase(TestCaseExecutor.java:307)
	at com.kms.katalon.core.main.TestCaseExecutor.accessMainPhase(TestCaseExecutor.java:299)
	at com.kms.katalon.core.main.TestCaseExecutor.execute(TestCaseExecutor.java:233)
	at com.kms.katalon.core.main.TestSuiteExecutor.accessTestCaseMainPhase(TestSuiteExecutor.java:169)
	at com.kms.katalon.core.main.TestSuiteExecutor.accessTestSuiteMainPhase(TestSuiteExecutor.java:142)
	at com.kms.katalon.core.main.TestSuiteExecutor.execute(TestSuiteExecutor.java:91)
	at com.kms.katalon.core.main.TestCaseMain.startTestSuite(TestCaseMain.java:157)
	at com.kms.katalon.core.main.TestCaseMain$startTestSuite$0.call(Unknown Source)
	at TempTestSuite1589508261822.run(TempTestSuite1589508261822.groovy:36)
Caused by: org.codehaus.groovy.runtime.InvokerInvocationException: java.lang.AssertionError: Web element with id: 'Object Repository/Objects.SetTextOnField/sampleField' located by 'By.xpath: //*[@name = 'NovaComboBox-2006-inputEl']' not found
	at com.reusableComponents.HighlightElement.invokeMethod(HighlightElement.groovy)
	at com.kms.katalon.core.main.CustomKeywordDelegatingMetaClass.invokeStaticMethod(CustomKeywordDelegatingMetaClass.java:50)
	at SetTextOnField.run(SetTextOnField:34)
	at com.kms.katalon.core.main.ScriptEngine.run(ScriptEngine.java:194)
	at com.kms.katalon.core.main.ScriptEngine.runScriptAsRawText(ScriptEngine.java:119)
	at com.kms.katalon.core.main.TestCaseExecutor.runScript(TestCaseExecutor.java:337)
	at com.kms.katalon.core.main.TestCaseExecutor.doExecute(TestCaseExecutor.java:328)
	at com.kms.katalon.core.main.TestCaseExecutor.processExecutionPhase(TestCaseExecutor.java:307)
	at com.kms.katalon.core.main.TestCaseExecutor.accessMainPhase(TestCaseExecutor.java:299)
	at com.kms.katalon.core.main.TestCaseExecutor.execute(TestCaseExecutor.java:233)
	at com.kms.katalon.core.main.TestCaseMain.runTestCase(TestCaseMain.java:114)
	at com.kms.katalon.core.keyword.builtin.CallTestCaseKeyword$_callTestCase_closure1.doCall(CallTestCaseKeyword.groovy:59)
	... 20 more
Caused by: java.lang.AssertionError: Web element with id: 'Object Repository/Objects.SetTextOnField/sampleField' located by 'By.xpath: //*[@name = 'NovaComboBox-2006-inputEl']' not found
	at org.testng.Assert.fail(Assert.java:93)
	at org.testng.Assert$fail.call(Unknown Source)
	at com.reusableComponents.HighlightElement.run(HighlightElement.groovy:27)
	... 32 more


2020-05-15 10:24:10 - [TEST_STEP][PASSED] - callTestCase(findTestCase("Components/LoginV2.0"), ["LinkToBeUsed":findTestData("Datatable").getValue("URL", 21), "LoginPageTextToBeVerified":"Sign in to ISPS2-PROD-Verify", ... ], STOP_ON_FAILURE): Call Test Case 'Test Cases/Components/LoginV2.0' successfully

2020-05-15 10:24:10 - [TEST_CASE][PASSED] - Test Cases/Components/LoginV2.0: Test Cases/Components/LoginV2.0

2020-05-15 10:24:10 - [TEST_STEP][PASSED] - openBrowser(LinkToBeUsed): Browser is opened with url: 'http://10.0.2.41:3012/isps2-prod-verify/authnz/login.do'

2020-05-15 10:24:10 - [MESSAGE][WARNING] - A browser is already opened. Closing browser and opening a new one

2020-05-15 10:24:11 - [MESSAGE][INFO] - Starting 'Chrome' driver

2020-05-15 10:24:24 - [MESSAGE][PASSED] - Browser is opened with url: 'http://10.0.2.41:3012/isps2-prod-verify/authnz/login.do'

2020-05-15 10:24:24 - [TEST_STEP][PASSED] - maximizeWindow(): Current window maximized

2020-05-15 10:24:28 - [MESSAGE][PASSED] - Current window maximized

2020-05-15 10:24:28 - [TEST_STEP][PASSED] - verifyTextPresent(LoginPageTextToBeVerified, false): Text 'Sign in to ISPS2-PROD-Verify' is present on page 

2020-05-15 10:24:29 - [MESSAGE][PASSED] - Text 'Sign in to ISPS2-PROD-Verify' is present on page 

2020-05-15 10:24:29 - [TEST_STEP][PASSED] - setText(findTestObject("Objects.LoginV2.0/Login Page/input_Sign in to ISPS2-PROD-Verify_username"), Username): Text 'sysadmin' is set on object 'Object Repository/Objects.LoginV2.0/Login Page/input_Sign in to ISPS2-PROD-Verify_username'

2020-05-15 10:24:30 - [MESSAGE][PASSED] - Text 'sysadmin' is set on object 'Object Repository/Objects.LoginV2.0/Login Page/input_Sign in to ISPS2-PROD-Verify_username'

2020-05-15 10:24:30 - [TEST_STEP][PASSED] - setEncryptedText(findTestObject("Objects.LoginV2.0/Login Page/input_This field is required_password"), Password): Text ****** has been set on object 'Object Repository/Objects.LoginV2.0/Login Page/input_This field is required_password'

2020-05-15 10:24:31 - [MESSAGE][PASSED] - Text ****** has been set on object 'Object Repository/Objects.LoginV2.0/Login Page/input_This field is required_password'

2020-05-15 10:24:31 - [TEST_STEP][NOT_RUN] - setEncryptedText(findTestObject(null), Password): NOT_RUN: setEncryptedText(findTestObject(null), Password)

2020-05-15 10:24:31 - [MESSAGE][NOT_RUN] - NOT_RUN: setEncryptedText(findTestObject(null), Password)

2020-05-15 10:24:31 - [TEST_STEP][PASSED] - click(findTestObject("Objects.LoginV2.0/Login Page/div_Sign in to ISPS2-PROD-Verify_NovaGoButton-1021"), OPTIONAL): Object: 'Object Repository/Objects.LoginV2.0/Login Page/div_Sign in to ISPS2-PROD-Verify_NovaGoButton-1021' is clicked on

2020-05-15 10:24:31 - [MESSAGE][PASSED] - Object: 'Object Repository/Objects.LoginV2.0/Login Page/div_Sign in to ISPS2-PROD-Verify_NovaGoButton-1021' is clicked on

2020-05-15 10:24:31 - [TEST_STEP][PASSED] - waitForPageLoad(30): Wait for page load successfully

2020-05-15 10:24:31 - [MESSAGE][PASSED] - Wait for page load successfully

2020-05-15 10:24:31 - [TEST_STEP][PASSED] - Thread.sleep(3000): null

2020-05-15 10:24:34 - [MESSAGE][PASSED] - Call Test Case 'Test Cases/Components/LoginV2.0' successfully

2020-05-15 10:24:34 - [TEST_STEP][PASSED] - callTestCase(findTestCase("Components/OpenHomepageMenu"), [:], STOP_ON_FAILURE): Call Test Case 'Test Cases/Components/OpenHomepageMenu' successfully

2020-05-15 10:24:34 - [TEST_CASE][PASSED] - Test Cases/Components/OpenHomepageMenu: Test Cases/Components/OpenHomepageMenu

2020-05-15 10:24:34 - [TEST_STEP][PASSED] - Thread.sleep(1000): null

2020-05-15 10:24:35 - [TEST_STEP][PASSED] - verifyTextPresent("Loading search result. Please wait...", false, OPTIONAL): Text 'Loading search result. Please wait...' is not present on page  (Root cause: com.kms.katalon.core.exception.StepFailedException: Text 'Loading search result. Please wait...' is not present on page 
	at com.kms.katalon.core.webui.keyword.internal.WebUIKeywordMain.stepFailed(WebUIKeywordMain.groovy:64)
	at com.kms.katalon.core.webui.keyword.builtin.VerifyTextPresentKeyword$_verifyTextPresent_closure1.doCall(VerifyTextPresentKeyword.groovy:79)
	at com.kms.katalon.core.webui.keyword.builtin.VerifyTextPresentKeyword$_verifyTextPresent_closure1.call(VerifyTextPresentKeyword.groovy)
	at com.kms.katalon.core.webui.keyword.internal.WebUIKeywordMain.runKeyword(WebUIKeywordMain.groovy:20)
	at com.kms.katalon.core.webui.keyword.builtin.VerifyTextPresentKeyword.verifyTextPresent(VerifyTextPresentKeyword.groovy:83)
	at com.kms.katalon.core.webui.keyword.builtin.VerifyTextPresentKeyword.execute(VerifyTextPresentKeyword.groovy:68)
	at com.kms.katalon.core.keyword.internal.KeywordExecutor.executeKeywordForPlatform(KeywordExecutor.groovy:72)
	at com.kms.katalon.core.webui.keyword.WebUiBuiltInKeywords.verifyTextPresent(WebUiBuiltInKeywords.groovy:1703)
	at com.kms.katalon.core.webui.keyword.WebUiBuiltInKeywords$verifyTextPresent$6.call(Unknown Source)
	at OpenHomepageMenu.run(OpenHomepageMenu:18)
	at com.kms.katalon.core.main.ScriptEngine.run(ScriptEngine.java:194)
	at com.kms.katalon.core.main.ScriptEngine.runScriptAsRawText(ScriptEngine.java:119)
	at com.kms.katalon.core.main.TestCaseExecutor.runScript(TestCaseExecutor.java:337)
	at com.kms.katalon.core.main.TestCaseExecutor.doExecute(TestCaseExecutor.java:328)
	at com.kms.katalon.core.main.TestCaseExecutor.processExecutionPhase(TestCaseExecutor.java:307)
	at com.kms.katalon.core.main.TestCaseExecutor.accessMainPhase(TestCaseExecutor.java:299)
	at com.kms.katalon.core.main.TestCaseExecutor.execute(TestCaseExecutor.java:233)
	at com.kms.katalon.core.main.TestCaseMain.runTestCase(TestCaseMain.java:114)
	at com.kms.katalon.core.keyword.builtin.CallTestCaseKeyword$_callTestCase_closure1.doCall(CallTestCaseKeyword.groovy:59)
	at com.kms.katalon.core.keyword.builtin.CallTestCaseKeyword$_callTestCase_closure1.call(CallTestCaseKeyword.groovy)
	at com.kms.katalon.core.keyword.internal.KeywordMain.runKeyword(KeywordMain.groovy:68)
	at com.kms.katalon.core.keyword.builtin.CallTestCaseKeyword.callTestCase(CallTestCaseKeyword.groovy:81)
	at com.kms.katalon.core.keyword.builtin.CallTestCaseKeyword.execute(CallTestCaseKeyword.groovy:44)
	at com.kms.katalon.core.keyword.internal.KeywordExecutor.executeKeywordForPlatform(KeywordExecutor.groovy:72)
	at com.kms.katalon.core.keyword.BuiltinKeywords.callTestCase(BuiltinKeywords.groovy:334)
	at BCAISPS-14771.TCID001.run(BCAISPS-14771.TCID001:24)
	at com.kms.katalon.core.main.ScriptEngine.run(ScriptEngine.java:194)
	at com.kms.katalon.core.main.ScriptEngine.runScriptAsRawText(ScriptEngine.java:119)
	at com.kms.katalon.core.main.TestCaseExecutor.runScript(TestCaseExecutor.java:337)
	at com.kms.katalon.core.main.TestCaseExecutor.doExecute(TestCaseExecutor.java:328)
	at com.kms.katalon.core.main.TestCaseExecutor.processExecutionPhase(TestCaseExecutor.java:307)
	at com.kms.katalon.core.main.TestCaseExecutor.accessMainPhase(TestCaseExecutor.java:299)
	at com.kms.katalon.core.main.TestCaseExecutor.execute(TestCaseExecutor.java:233)
	at com.kms.katalon.core.main.TestSuiteExecutor.accessTestCaseMainPhase(TestSuiteExecutor.java:169)
	at com.kms.katalon.core.main.TestSuiteExecutor.accessTestSuiteMainPhase(TestSuiteExecutor.java:142)
	at com.kms.katalon.core.main.TestSuiteExecutor.execute(TestSuiteExecutor.java:91)
	at com.kms.katalon.core.main.TestCaseMain.startTestSuite(TestCaseMain.java:157)
	at com.kms.katalon.core.main.TestCaseMain$startTestSuite$0.call(Unknown Source)
	at TempTestSuite1589508261822.run(TempTestSuite1589508261822.groovy:36)
)

2020-05-15 10:24:47 - [MESSAGE][WARNING] - Text 'Loading search result. Please wait...' is not present on page  (Root cause: com.kms.katalon.core.exception.StepFailedException: Text 'Loading search result. Please wait...' is not present on page 
	at com.kms.katalon.core.webui.keyword.internal.WebUIKeywordMain.stepFailed(WebUIKeywordMain.groovy:64)
	at com.kms.katalon.core.webui.keyword.builtin.VerifyTextPresentKeyword$_verifyTextPresent_closure1.doCall(VerifyTextPresentKeyword.groovy:79)
	at com.kms.katalon.core.webui.keyword.builtin.VerifyTextPresentKeyword$_verifyTextPresent_closure1.call(VerifyTextPresentKeyword.groovy)
	at com.kms.katalon.core.webui.keyword.internal.WebUIKeywordMain.runKeyword(WebUIKeywordMain.groovy:20)
	at com.kms.katalon.core.webui.keyword.builtin.VerifyTextPresentKeyword.verifyTextPresent(VerifyTextPresentKeyword.groovy:83)
	at com.kms.katalon.core.webui.keyword.builtin.VerifyTextPresentKeyword.execute(VerifyTextPresentKeyword.groovy:68)
	at com.kms.katalon.core.keyword.internal.KeywordExecutor.executeKeywordForPlatform(KeywordExecutor.groovy:72)
	at com.kms.katalon.core.webui.keyword.WebUiBuiltInKeywords.verifyTextPresent(WebUiBuiltInKeywords.groovy:1703)
	at com.kms.katalon.core.webui.keyword.WebUiBuiltInKeywords$verifyTextPresent$6.call(Unknown Source)
	at OpenHomepageMenu.run(OpenHomepageMenu:18)
	at com.kms.katalon.core.main.ScriptEngine.run(ScriptEngine.java:194)
	at com.kms.katalon.core.main.ScriptEngine.runScriptAsRawText(ScriptEngine.java:119)
	at com.kms.katalon.core.main.TestCaseExecutor.runScript(TestCaseExecutor.java:337)
	at com.kms.katalon.core.main.TestCaseExecutor.doExecute(TestCaseExecutor.java:328)
	at com.kms.katalon.core.main.TestCaseExecutor.processExecutionPhase(TestCaseExecutor.java:307)
	at com.kms.katalon.core.main.TestCaseExecutor.accessMainPhase(TestCaseExecutor.java:299)
	at com.kms.katalon.core.main.TestCaseExecutor.execute(TestCaseExecutor.java:233)
	at com.kms.katalon.core.main.TestCaseMain.runTestCase(TestCaseMain.java:114)
	at com.kms.katalon.core.keyword.builtin.CallTestCaseKeyword$_callTestCase_closure1.doCall(CallTestCaseKeyword.groovy:59)
	at com.kms.katalon.core.keyword.builtin.CallTestCaseKeyword$_callTestCase_closure1.call(CallTestCaseKeyword.groovy)
	at com.kms.katalon.core.keyword.internal.KeywordMain.runKeyword(KeywordMain.groovy:68)
	at com.kms.katalon.core.keyword.builtin.CallTestCaseKeyword.callTestCase(CallTestCaseKeyword.groovy:81)
	at com.kms.katalon.core.keyword.builtin.CallTestCaseKeyword.execute(CallTestCaseKeyword.groovy:44)
	at com.kms.katalon.core.keyword.internal.KeywordExecutor.executeKeywordForPlatform(KeywordExecutor.groovy:72)
	at com.kms.katalon.core.keyword.BuiltinKeywords.callTestCase(BuiltinKeywords.groovy:334)
	at BCAISPS-14771.TCID001.run(BCAISPS-14771.TCID001:24)
	at com.kms.katalon.core.main.ScriptEngine.run(ScriptEngine.java:194)
	at com.kms.katalon.core.main.ScriptEngine.runScriptAsRawText(ScriptEngine.java:119)
	at com.kms.katalon.core.main.TestCaseExecutor.runScript(TestCaseExecutor.java:337)
	at com.kms.katalon.core.main.TestCaseExecutor.doExecute(TestCaseExecutor.java:328)
	at com.kms.katalon.core.main.TestCaseExecutor.processExecutionPhase(TestCaseExecutor.java:307)
	at com.kms.katalon.core.main.TestCaseExecutor.accessMainPhase(TestCaseExecutor.java:299)
	at com.kms.katalon.core.main.TestCaseExecutor.execute(TestCaseExecutor.java:233)
	at com.kms.katalon.core.main.TestSuiteExecutor.accessTestCaseMainPhase(TestSuiteExecutor.java:169)
	at com.kms.katalon.core.main.TestSuiteExecutor.accessTestSuiteMainPhase(TestSuiteExecutor.java:142)
	at com.kms.katalon.core.main.TestSuiteExecutor.execute(TestSuiteExecutor.java:91)
	at com.kms.katalon.core.main.TestCaseMain.startTestSuite(TestCaseMain.java:157)
	at com.kms.katalon.core.main.TestCaseMain$startTestSuite$0.call(Unknown Source)
	at TempTestSuite1589508261822.run(TempTestSuite1589508261822.groovy:36)
)

2020-05-15 10:24:47 - [TEST_STEP][PASSED] - waitForElementNotPresent(findTestObject("Objects.OpenHomepageMenu/XP_LoadingPopUp"), 120, OPTIONAL): Web element with id: 'Object Repository/Objects.OpenHomepageMenu/XP_LoadingPopUp' located by 'By.xpath: //div[@class = 'x-mask-msg-text' and (text() = 'Loading search result. Please wait...' or . = 'Loading search result. Please wait...')]' is not present after '120' second(s)

2020-05-15 10:24:48 - [MESSAGE][PASSED] - Web element with id: 'Object Repository/Objects.OpenHomepageMenu/XP_LoadingPopUp' located by 'By.xpath: //div[@class = 'x-mask-msg-text' and (text() = 'Loading search result. Please wait...' or . = 'Loading search result. Please wait...')]' is not present after '120' second(s)

2020-05-15 10:24:48 - [TEST_STEP][PASSED] - verifyElementVisible(findTestObject("Objects.OpenHomepageMenu/div_ISPS2-PROD-Verify_component-1013")): Object 'Object Repository/Objects.OpenHomepageMenu/div_ISPS2-PROD-Verify_component-1013' is visible

2020-05-15 10:24:48 - [MESSAGE][PASSED] - Object 'Object Repository/Objects.OpenHomepageMenu/div_ISPS2-PROD-Verify_component-1013' is visible

2020-05-15 10:24:48 - [TEST_STEP][PASSED] - click(findTestObject("Objects.OpenHomepageMenu/div_ISPS2-PROD-Verify_component-1013")): Object: 'Object Repository/Objects.OpenHomepageMenu/div_ISPS2-PROD-Verify_component-1013' is clicked on

2020-05-15 10:24:49 - [MESSAGE][PASSED] - Object: 'Object Repository/Objects.OpenHomepageMenu/div_ISPS2-PROD-Verify_component-1013' is clicked on

2020-05-15 10:24:49 - [MESSAGE][PASSED] - Call Test Case 'Test Cases/Components/OpenHomepageMenu' successfully

2020-05-15 10:24:49 - [TEST_STEP][PASSED] - callTestCase(findTestCase("Components/HoverToAnyMenuSelection"), ["MenuSelection":"Utilities"], STOP_ON_FAILURE): Call Test Case 'Test Cases/Components/HoverToAnyMenuSelection' successfully

2020-05-15 10:24:49 - [TEST_CASE][PASSED] - Test Cases/Components/HoverToAnyMenuSelection: Test Cases/Components/HoverToAnyMenuSelection

2020-05-15 10:24:49 - [TEST_STEP][PASSED] - Thread.sleep(1000): null

2020-05-15 10:24:50 - [TEST_STEP][PASSED] - modifiedSelection = modifyObjectProperty(findTestObject("Objects.HoverToAnyMenuSelection/span_Common"), "text", "equals", MenuSelection, true): Modify property of object successfully

2020-05-15 10:24:50 - [MESSAGE][PASSED] - Modify property of object successfully

2020-05-15 10:24:50 - [TEST_STEP][PASSED] - mouseOver(modifiedSelection): Object: 'Object Repository/Objects.HoverToAnyMenuSelection/span_Common' is hovered

2020-05-15 10:24:51 - [MESSAGE][PASSED] - Object: 'Object Repository/Objects.HoverToAnyMenuSelection/span_Common' is hovered

2020-05-15 10:24:51 - [MESSAGE][PASSED] - Call Test Case 'Test Cases/Components/HoverToAnyMenuSelection' successfully

2020-05-15 10:24:51 - [TEST_STEP][PASSED] - callTestCase(findTestCase("Components/HoverToAnyMenuSelection"), ["MenuSelection":"Permit"], STOP_ON_FAILURE): Call Test Case 'Test Cases/Components/HoverToAnyMenuSelection' successfully

2020-05-15 10:24:51 - [TEST_CASE][PASSED] - Test Cases/Components/HoverToAnyMenuSelection: Test Cases/Components/HoverToAnyMenuSelection

2020-05-15 10:24:51 - [TEST_STEP][PASSED] - Thread.sleep(1000): null

2020-05-15 10:24:52 - [TEST_STEP][PASSED] - modifiedSelection = modifyObjectProperty(findTestObject("Objects.HoverToAnyMenuSelection/span_Common"), "text", "equals", MenuSelection, true): Modify property of object successfully

2020-05-15 10:24:53 - [MESSAGE][PASSED] - Modify property of object successfully

2020-05-15 10:24:53 - [TEST_STEP][PASSED] - mouseOver(modifiedSelection): Object: 'Object Repository/Objects.HoverToAnyMenuSelection/span_Common' is hovered

2020-05-15 10:24:53 - [MESSAGE][PASSED] - Object: 'Object Repository/Objects.HoverToAnyMenuSelection/span_Common' is hovered

2020-05-15 10:24:53 - [MESSAGE][PASSED] - Call Test Case 'Test Cases/Components/HoverToAnyMenuSelection' successfully

2020-05-15 10:24:53 - [TEST_STEP][PASSED] - callTestCase(findTestCase("Components/ClickLink"), ["LinkToModify":"Record Site Insp"], STOP_ON_FAILURE): Call Test Case 'Test Cases/Components/ClickLink' successfully

2020-05-15 10:24:54 - [TEST_CASE][PASSED] - Test Cases/Components/ClickLink: Test Cases/Components/ClickLink

2020-05-15 10:24:54 - [TEST_STEP][PASSED] - Thread.sleep(1000): null

2020-05-15 10:24:55 - [TEST_STEP][PASSED] - modifiedLink = modifyObjectProperty(findTestObject("Objects.ClickLink/Page_ISPS2/LinkToModify"), "text", "equals", LinkToModify, true): Modify property of object successfully

2020-05-15 10:24:55 - [MESSAGE][PASSED] - Modify property of object successfully

2020-05-15 10:24:55 - [TEST_STEP][PASSED] - com.reusableComponents.HighlightElement.run(modifiedLink): com.reusableComponents.HighlightElement.run is PASSED

2020-05-15 10:24:57 - [MESSAGE][PASSED] - com.reusableComponents.HighlightElement.run is PASSED

2020-05-15 10:24:57 - [TEST_STEP][PASSED] - click(modifiedLink): Object: 'Object Repository/Objects.ClickLink/Page_ISPS2/LinkToModify' is clicked on

2020-05-15 10:25:01 - [MESSAGE][PASSED] - Object: 'Object Repository/Objects.ClickLink/Page_ISPS2/LinkToModify' is clicked on

2020-05-15 10:25:01 - [MESSAGE][PASSED] - Call Test Case 'Test Cases/Components/ClickLink' successfully

2020-05-15 10:25:01 - [TEST_STEP][PASSED] - callTestCase(findTestCase("Components/ClickBlueButtonsWithXPI"), ["Button":"Search", "Index":"3"], STOP_ON_FAILURE): Call Test Case 'Test Cases/Components/ClickBlueButtonsWithXPI' successfully

2020-05-15 10:25:01 - [TEST_CASE][PASSED] - Test Cases/Components/ClickBlueButtonsWithXPI: Test Cases/Components/ClickBlueButtonsWithXPI

2020-05-15 10:25:01 - [TEST_STEP][PASSED] - Thread.sleep(1000): null

2020-05-15 10:25:02 - [TEST_STEP][PASSED] - complexlyModifiedButtonGG = modifyObjectProperty(findTestObject("Objects.ClickBlueButtonsWithXPI/span_Reset"), "xPath", "equals", "(//span[text()="" + Button + ""])[" + Index + "]", true): Modify property of object successfully

2020-05-15 10:25:02 - [MESSAGE][PASSED] - Modify property of object successfully

2020-05-15 10:25:02 - [TEST_STEP][PASSED] - Thread.sleep(5000): null

2020-05-15 10:25:07 - [TEST_STEP][PASSED] - Thread.sleep(5000): null

2020-05-15 10:25:12 - [TEST_STEP][PASSED] - click(complexlyModifiedButtonGG): Object: 'Object Repository/Objects.ClickBlueButtonsWithXPI/span_Reset' is clicked on

2020-05-15 10:25:13 - [MESSAGE][PASSED] - Object: 'Object Repository/Objects.ClickBlueButtonsWithXPI/span_Reset' is clicked on

2020-05-15 10:25:13 - [TEST_STEP][PASSED] - Thread.sleep(5000): null

2020-05-15 10:25:18 - [MESSAGE][PASSED] - Call Test Case 'Test Cases/Components/ClickBlueButtonsWithXPI' successfully

2020-05-15 10:25:18 - [TEST_STEP][PASSED] - callTestCase(findTestCase("Components/ClickLinkDependingOnTextAndIndex"), ["linkName":"Select", "index":"7"], STOP_ON_FAILURE): Call Test Case 'Test Cases/Components/ClickLinkDependingOnTextAndIndex' successfully

2020-05-15 10:25:18 - [TEST_CASE][PASSED] - Test Cases/Components/ClickLinkDependingOnTextAndIndex: Test Cases/Components/ClickLinkDependingOnTextAndIndex

2020-05-15 10:25:18 - [TEST_STEP][PASSED] - Thread.sleep(1000): null

2020-05-15 10:25:19 - [TEST_STEP][PASSED] - println(linkName): null

2020-05-15 10:25:19 - [TEST_STEP][PASSED] - println(index): null

2020-05-15 10:25:19 - [TEST_STEP][PASSED] - modifiedLink = modifyObjectProperty(findTestObject("Objects.ClickLinkDependingOnTextAndIndex/linkToModify"), "xpath", "equals", "(//a[text()="" + linkName + ""])[" + index + "]", true): Modify property of object successfully

2020-05-15 10:25:20 - [MESSAGE][PASSED] - Modify property of object successfully

2020-05-15 10:25:20 - [TEST_STEP][PASSED] - Thread.sleep(5000): null

2020-05-15 10:25:25 - [TEST_STEP][PASSED] - com.reusableComponents.HighlightElement.run(modifiedLink): com.reusableComponents.HighlightElement.run is PASSED

2020-05-15 10:25:28 - [MESSAGE][PASSED] - com.reusableComponents.HighlightElement.run is PASSED

2020-05-15 10:25:28 - [TEST_STEP][PASSED] - click(modifiedLink): Object: 'Object Repository/Objects.ClickLinkDependingOnTextAndIndex/linkToModify' is clicked on

2020-05-15 10:25:34 - [MESSAGE][PASSED] - Object: 'Object Repository/Objects.ClickLinkDependingOnTextAndIndex/linkToModify' is clicked on

2020-05-15 10:25:34 - [MESSAGE][PASSED] - Call Test Case 'Test Cases/Components/ClickLinkDependingOnTextAndIndex' successfully

2020-05-15 10:25:34 - [TEST_STEP][PASSED] - callTestCase(findTestCase("Components/GetTextUsingTagClassAndIndex"), ["classToUse":"x-form-display-field x-form-display-field-default", "tagToUse":"div", "indexToUse":"24"], STOP_ON_FAILURE): Call Test Case 'Test Cases/Components/GetTextUsingTagClassAndIndex' successfully

2020-05-15 10:25:34 - [TEST_CASE][PASSED] - Test Cases/Components/GetTextUsingTagClassAndIndex: Test Cases/Components/GetTextUsingTagClassAndIndex

2020-05-15 10:25:34 - [TEST_STEP][PASSED] - Thread.sleep(1000): null

2020-05-15 10:25:35 - [TEST_STEP][PASSED] - ModifiedObject = modifyObjectProperty(findTestObject("Objects.GetTextUsingTagClassAndIndex/objToModify"), "xpath", "equals", "(//" + tagToUse + "[@class="" + classToUse + ""])[" + indexToUse + "]", true): Modify property of object successfully

2020-05-15 10:25:36 - [MESSAGE][PASSED] - Modify property of object successfully

2020-05-15 10:25:36 - [TEST_STEP][PASSED] - inputFieldText = getText(ModifiedObject): Text of object 'Object Repository/Objects.GetTextUsingTagClassAndIndex/objToModify' is: 'A1088-00003-2002'

2020-05-15 10:25:38 - [MESSAGE][PASSED] - Text of object 'Object Repository/Objects.GetTextUsingTagClassAndIndex/objToModify' is: 'A1088-00003-2002'

2020-05-15 10:25:38 - [MESSAGE][PASSED] - Call Test Case 'Test Cases/Components/GetTextUsingTagClassAndIndex' successfully

2020-05-15 10:25:38 - [TEST_STEP][PASSED] - callTestCase(findTestCase("Components/NavigateToAnyLHS"), ["LHS":"Issue WD"], STOP_ON_FAILURE): Call Test Case 'Test Cases/Components/NavigateToAnyLHS' successfully

2020-05-15 10:25:38 - [TEST_CASE][PASSED] - Test Cases/Components/NavigateToAnyLHS: Test Cases/Components/NavigateToAnyLHS

2020-05-15 10:25:39 - [TEST_STEP][PASSED] - Thread.sleep(1000): null

2020-05-15 10:25:40 - [TEST_STEP][PASSED] - modifiedLHS = modifyObjectProperty(findTestObject("Objects.NavigateToAnyLHS/Page_ISPS2/LHSToModify"), "text", "equals", LHS, true): Modify property of object successfully

2020-05-15 10:25:41 - [MESSAGE][PASSED] - Modify property of object successfully

2020-05-15 10:25:41 - [TEST_STEP][PASSED] - click(modifiedLHS): Object: 'Object Repository/Objects.NavigateToAnyLHS/Page_ISPS2/LHSToModify' is clicked on

2020-05-15 10:25:41 - [MESSAGE][PASSED] - Object: 'Object Repository/Objects.NavigateToAnyLHS/Page_ISPS2/LHSToModify' is clicked on

2020-05-15 10:25:41 - [TEST_STEP][PASSED] - currentLHS = getText(modifiedLHS): Text of object 'Object Repository/Objects.NavigateToAnyLHS/Page_ISPS2/LHSToModify' is: 'Issue WD'

2020-05-15 10:25:44 - [MESSAGE][PASSED] - Text of object 'Object Repository/Objects.NavigateToAnyLHS/Page_ISPS2/LHSToModify' is: 'Issue WD'

2020-05-15 10:25:44 - [TEST_STEP][PASSED] - Thread.sleep(5000): null

2020-05-15 10:25:49 - [MESSAGE][PASSED] - Call Test Case 'Test Cases/Components/NavigateToAnyLHS' successfully

2020-05-15 10:25:49 - [TEST_STEP][PASSED] - callTestCase(findTestCase("Components/ClickBlueButtonsWithXPI"), ["Button":"Delete and Re-generate", "Index":"1"], OPTIONAL): Call Test Case 'Test Cases/Components/ClickBlueButtonsWithXPI' successfully

2020-05-15 10:25:49 - [TEST_CASE][PASSED] - Test Cases/Components/ClickBlueButtonsWithXPI: Test Cases/Components/ClickBlueButtonsWithXPI

2020-05-15 10:25:49 - [TEST_STEP][PASSED] - Thread.sleep(1000): null

2020-05-15 10:25:50 - [TEST_STEP][PASSED] - complexlyModifiedButtonGG = modifyObjectProperty(findTestObject("Objects.ClickBlueButtonsWithXPI/span_Reset"), "xPath", "equals", "(//span[text()="" + Button + ""])[" + Index + "]", true): Modify property of object successfully

2020-05-15 10:25:50 - [MESSAGE][PASSED] - Modify property of object successfully

2020-05-15 10:25:50 - [TEST_STEP][PASSED] - Thread.sleep(5000): null

2020-05-15 10:25:55 - [TEST_STEP][PASSED] - Thread.sleep(5000): null

2020-05-15 10:26:00 - [TEST_STEP][PASSED] - click(complexlyModifiedButtonGG): Object: 'Object Repository/Objects.ClickBlueButtonsWithXPI/span_Reset' is clicked on

2020-05-15 10:26:02 - [MESSAGE][PASSED] - Object: 'Object Repository/Objects.ClickBlueButtonsWithXPI/span_Reset' is clicked on

2020-05-15 10:26:02 - [TEST_STEP][PASSED] - Thread.sleep(5000): null

2020-05-15 10:26:07 - [MESSAGE][PASSED] - Call Test Case 'Test Cases/Components/ClickBlueButtonsWithXPI' successfully

2020-05-15 10:26:07 - [TEST_STEP][PASSED] - callTestCase(findTestCase("Components/ClickBlueButtonsWithXPI"), ["Button":"Commit and Dispatch", "Index":"1"], CONTINUE_ON_FAILURE): Call Test Case 'Test Cases/Components/ClickBlueButtonsWithXPI' successfully

2020-05-15 10:26:07 - [TEST_CASE][PASSED] - Test Cases/Components/ClickBlueButtonsWithXPI: Test Cases/Components/ClickBlueButtonsWithXPI

2020-05-15 10:26:07 - [TEST_STEP][PASSED] - Thread.sleep(1000): null

2020-05-15 10:26:08 - [TEST_STEP][PASSED] - complexlyModifiedButtonGG = modifyObjectProperty(findTestObject("Objects.ClickBlueButtonsWithXPI/span_Reset"), "xPath", "equals", "(//span[text()="" + Button + ""])[" + Index + "]", true): Modify property of object successfully

2020-05-15 10:26:09 - [MESSAGE][PASSED] - Modify property of object successfully

2020-05-15 10:26:09 - [TEST_STEP][PASSED] - Thread.sleep(5000): null

2020-05-15 10:26:14 - [TEST_STEP][PASSED] - Thread.sleep(5000): null

2020-05-15 10:26:19 - [TEST_STEP][PASSED] - click(complexlyModifiedButtonGG): Object: 'Object Repository/Objects.ClickBlueButtonsWithXPI/span_Reset' is clicked on

2020-05-15 10:26:19 - [MESSAGE][PASSED] - Object: 'Object Repository/Objects.ClickBlueButtonsWithXPI/span_Reset' is clicked on

2020-05-15 10:26:19 - [TEST_STEP][PASSED] - Thread.sleep(5000): null

2020-05-15 10:26:24 - [MESSAGE][PASSED] - Call Test Case 'Test Cases/Components/ClickBlueButtonsWithXPI' successfully

2020-05-15 10:26:24 - [TEST_STEP][PASSED] - callTestCase(findTestCase("Components/VerifyErrorMessageIsDisplayed"), [:], STOP_ON_FAILURE): Call Test Case 'Test Cases/Components/VerifyErrorMessageIsDisplayed' successfully

2020-05-15 10:26:24 - [TEST_CASE][PASSED] - Test Cases/Components/VerifyErrorMessageIsDisplayed: Test Cases/Components/VerifyErrorMessageIsDisplayed

2020-05-15 10:26:26 - [TEST_STEP][PASSED] - Thread.sleep(1000): null

2020-05-15 10:26:27 - [TEST_STEP][NOT_RUN] - com.reusableComponents.HighlightElement.run(findTestObject(errorMess)): NOT_RUN: com.reusableComponents.HighlightElement.run(findTestObject(errorMess))

2020-05-15 10:26:27 - [MESSAGE][NOT_RUN] - NOT_RUN: com.reusableComponents.HighlightElement.run(findTestObject(errorMess))

2020-05-15 10:26:27 - [TEST_STEP][PASSED] - assert verifyTextPresent("Road name is mandatory.", true, OPTIONAL) || verifyTextPresent("Please Fill Mandatory Fields!", true, OPTIONAL) || verifyTextPresent("Please fill up the mandatory fields.", true, OPTIONAL) || verifyTextPresent("Please fill up mandatory fields.", true, OPTIONAL) || verifyTextPresent("Please select at least one project member from the recipient list.", true, OPTIONAL) || verifyTextPresent("Plan Reference Not Found", true, OPTIONAL) || verifyTextPresent("Please generate a document before dispatching.", true, OPTIONAL): Text 'Please generate a document before dispatching.' is present on page  using regular expression

2020-05-15 10:26:31 - [MESSAGE][WARNING] - Text 'Road name is mandatory.' is not present on page  using regular expression (Root cause: com.kms.katalon.core.exception.StepFailedException: Text 'Road name is mandatory.' is not present on page  using regular expression
	at com.kms.katalon.core.webui.keyword.internal.WebUIKeywordMain.stepFailed(WebUIKeywordMain.groovy:64)
	at com.kms.katalon.core.webui.keyword.builtin.VerifyTextPresentKeyword$_verifyTextPresent_closure1.doCall(VerifyTextPresentKeyword.groovy:79)
	at com.kms.katalon.core.webui.keyword.builtin.VerifyTextPresentKeyword$_verifyTextPresent_closure1.call(VerifyTextPresentKeyword.groovy)
	at com.kms.katalon.core.webui.keyword.internal.WebUIKeywordMain.runKeyword(WebUIKeywordMain.groovy:20)
	at com.kms.katalon.core.webui.keyword.builtin.VerifyTextPresentKeyword.verifyTextPresent(VerifyTextPresentKeyword.groovy:83)
	at com.kms.katalon.core.webui.keyword.builtin.VerifyTextPresentKeyword.execute(VerifyTextPresentKeyword.groovy:68)
	at com.kms.katalon.core.keyword.internal.KeywordExecutor.executeKeywordForPlatform(KeywordExecutor.groovy:72)
	at com.kms.katalon.core.webui.keyword.WebUiBuiltInKeywords.verifyTextPresent(WebUiBuiltInKeywords.groovy:1703)
	at com.kms.katalon.core.webui.keyword.WebUiBuiltInKeywords$verifyTextPresent$6.call(Unknown Source)
	at VerifyErrorMessageIsDisplayed.run(VerifyErrorMessageIsDisplayed:31)
	at com.kms.katalon.core.main.ScriptEngine.run(ScriptEngine.java:194)
	at com.kms.katalon.core.main.ScriptEngine.runScriptAsRawText(ScriptEngine.java:119)
	at com.kms.katalon.core.main.TestCaseExecutor.runScript(TestCaseExecutor.java:337)
	at com.kms.katalon.core.main.TestCaseExecutor.doExecute(TestCaseExecutor.java:328)
	at com.kms.katalon.core.main.TestCaseExecutor.processExecutionPhase(TestCaseExecutor.java:307)
	at com.kms.katalon.core.main.TestCaseExecutor.accessMainPhase(TestCaseExecutor.java:299)
	at com.kms.katalon.core.main.TestCaseExecutor.execute(TestCaseExecutor.java:233)
	at com.kms.katalon.core.main.TestCaseMain.runTestCase(TestCaseMain.java:114)
	at com.kms.katalon.core.keyword.builtin.CallTestCaseKeyword$_callTestCase_closure1.doCall(CallTestCaseKeyword.groovy:59)
	at com.kms.katalon.core.keyword.builtin.CallTestCaseKeyword$_callTestCase_closure1.call(CallTestCaseKeyword.groovy)
	at com.kms.katalon.core.keyword.internal.KeywordMain.runKeyword(KeywordMain.groovy:68)
	at com.kms.katalon.core.keyword.builtin.CallTestCaseKeyword.callTestCase(CallTestCaseKeyword.groovy:81)
	at com.kms.katalon.core.keyword.builtin.CallTestCaseKeyword.execute(CallTestCaseKeyword.groovy:44)
	at com.kms.katalon.core.keyword.internal.KeywordExecutor.executeKeywordForPlatform(KeywordExecutor.groovy:72)
	at com.kms.katalon.core.keyword.BuiltinKeywords.callTestCase(BuiltinKeywords.groovy:334)
	at BCAISPS-14771.TCID001.run(BCAISPS-14771.TCID001:58)
	at com.kms.katalon.core.main.ScriptEngine.run(ScriptEngine.java:194)
	at com.kms.katalon.core.main.ScriptEngine.runScriptAsRawText(ScriptEngine.java:119)
	at com.kms.katalon.core.main.TestCaseExecutor.runScript(TestCaseExecutor.java:337)
	at com.kms.katalon.core.main.TestCaseExecutor.doExecute(TestCaseExecutor.java:328)
	at com.kms.katalon.core.main.TestCaseExecutor.processExecutionPhase(TestCaseExecutor.java:307)
	at com.kms.katalon.core.main.TestCaseExecutor.accessMainPhase(TestCaseExecutor.java:299)
	at com.kms.katalon.core.main.TestCaseExecutor.execute(TestCaseExecutor.java:233)
	at com.kms.katalon.core.main.TestSuiteExecutor.accessTestCaseMainPhase(TestSuiteExecutor.java:169)
	at com.kms.katalon.core.main.TestSuiteExecutor.accessTestSuiteMainPhase(TestSuiteExecutor.java:142)
	at com.kms.katalon.core.main.TestSuiteExecutor.execute(TestSuiteExecutor.java:91)
	at com.kms.katalon.core.main.TestCaseMain.startTestSuite(TestCaseMain.java:157)
	at com.kms.katalon.core.main.TestCaseMain$startTestSuite$0.call(Unknown Source)
	at TempTestSuite1589508261822.run(TempTestSuite1589508261822.groovy:36)
)

2020-05-15 10:26:33 - [MESSAGE][WARNING] - Text 'Please Fill Mandatory Fields!' is not present on page  using regular expression (Root cause: com.kms.katalon.core.exception.StepFailedException: Text 'Please Fill Mandatory Fields!' is not present on page  using regular expression
	at com.kms.katalon.core.webui.keyword.internal.WebUIKeywordMain.stepFailed(WebUIKeywordMain.groovy:64)
	at com.kms.katalon.core.webui.keyword.builtin.VerifyTextPresentKeyword$_verifyTextPresent_closure1.doCall(VerifyTextPresentKeyword.groovy:79)
	at com.kms.katalon.core.webui.keyword.builtin.VerifyTextPresentKeyword$_verifyTextPresent_closure1.call(VerifyTextPresentKeyword.groovy)
	at com.kms.katalon.core.webui.keyword.internal.WebUIKeywordMain.runKeyword(WebUIKeywordMain.groovy:20)
	at com.kms.katalon.core.webui.keyword.builtin.VerifyTextPresentKeyword.verifyTextPresent(VerifyTextPresentKeyword.groovy:83)
	at com.kms.katalon.core.webui.keyword.builtin.VerifyTextPresentKeyword.execute(VerifyTextPresentKeyword.groovy:68)
	at com.kms.katalon.core.keyword.internal.KeywordExecutor.executeKeywordForPlatform(KeywordExecutor.groovy:72)
	at com.kms.katalon.core.webui.keyword.WebUiBuiltInKeywords.verifyTextPresent(WebUiBuiltInKeywords.groovy:1703)
	at com.kms.katalon.core.webui.keyword.WebUiBuiltInKeywords$verifyTextPresent$6.call(Unknown Source)
	at VerifyErrorMessageIsDisplayed.run(VerifyErrorMessageIsDisplayed:31)
	at com.kms.katalon.core.main.ScriptEngine.run(ScriptEngine.java:194)
	at com.kms.katalon.core.main.ScriptEngine.runScriptAsRawText(ScriptEngine.java:119)
	at com.kms.katalon.core.main.TestCaseExecutor.runScript(TestCaseExecutor.java:337)
	at com.kms.katalon.core.main.TestCaseExecutor.doExecute(TestCaseExecutor.java:328)
	at com.kms.katalon.core.main.TestCaseExecutor.processExecutionPhase(TestCaseExecutor.java:307)
	at com.kms.katalon.core.main.TestCaseExecutor.accessMainPhase(TestCaseExecutor.java:299)
	at com.kms.katalon.core.main.TestCaseExecutor.execute(TestCaseExecutor.java:233)
	at com.kms.katalon.core.main.TestCaseMain.runTestCase(TestCaseMain.java:114)
	at com.kms.katalon.core.keyword.builtin.CallTestCaseKeyword$_callTestCase_closure1.doCall(CallTestCaseKeyword.groovy:59)
	at com.kms.katalon.core.keyword.builtin.CallTestCaseKeyword$_callTestCase_closure1.call(CallTestCaseKeyword.groovy)
	at com.kms.katalon.core.keyword.internal.KeywordMain.runKeyword(KeywordMain.groovy:68)
	at com.kms.katalon.core.keyword.builtin.CallTestCaseKeyword.callTestCase(CallTestCaseKeyword.groovy:81)
	at com.kms.katalon.core.keyword.builtin.CallTestCaseKeyword.execute(CallTestCaseKeyword.groovy:44)
	at com.kms.katalon.core.keyword.internal.KeywordExecutor.executeKeywordForPlatform(KeywordExecutor.groovy:72)
	at com.kms.katalon.core.keyword.BuiltinKeywords.callTestCase(BuiltinKeywords.groovy:334)
	at BCAISPS-14771.TCID001.run(BCAISPS-14771.TCID001:58)
	at com.kms.katalon.core.main.ScriptEngine.run(ScriptEngine.java:194)
	at com.kms.katalon.core.main.ScriptEngine.runScriptAsRawText(ScriptEngine.java:119)
	at com.kms.katalon.core.main.TestCaseExecutor.runScript(TestCaseExecutor.java:337)
	at com.kms.katalon.core.main.TestCaseExecutor.doExecute(TestCaseExecutor.java:328)
	at com.kms.katalon.core.main.TestCaseExecutor.processExecutionPhase(TestCaseExecutor.java:307)
	at com.kms.katalon.core.main.TestCaseExecutor.accessMainPhase(TestCaseExecutor.java:299)
	at com.kms.katalon.core.main.TestCaseExecutor.execute(TestCaseExecutor.java:233)
	at com.kms.katalon.core.main.TestSuiteExecutor.accessTestCaseMainPhase(TestSuiteExecutor.java:169)
	at com.kms.katalon.core.main.TestSuiteExecutor.accessTestSuiteMainPhase(TestSuiteExecutor.java:142)
	at com.kms.katalon.core.main.TestSuiteExecutor.execute(TestSuiteExecutor.java:91)
	at com.kms.katalon.core.main.TestCaseMain.startTestSuite(TestCaseMain.java:157)
	at com.kms.katalon.core.main.TestCaseMain$startTestSuite$0.call(Unknown Source)
	at TempTestSuite1589508261822.run(TempTestSuite1589508261822.groovy:36)
)

2020-05-15 10:26:36 - [MESSAGE][WARNING] - Text 'Please fill up the mandatory fields.' is not present on page  using regular expression (Root cause: com.kms.katalon.core.exception.StepFailedException: Text 'Please fill up the mandatory fields.' is not present on page  using regular expression
	at com.kms.katalon.core.webui.keyword.internal.WebUIKeywordMain.stepFailed(WebUIKeywordMain.groovy:64)
	at com.kms.katalon.core.webui.keyword.builtin.VerifyTextPresentKeyword$_verifyTextPresent_closure1.doCall(VerifyTextPresentKeyword.groovy:79)
	at com.kms.katalon.core.webui.keyword.builtin.VerifyTextPresentKeyword$_verifyTextPresent_closure1.call(VerifyTextPresentKeyword.groovy)
	at com.kms.katalon.core.webui.keyword.internal.WebUIKeywordMain.runKeyword(WebUIKeywordMain.groovy:20)
	at com.kms.katalon.core.webui.keyword.builtin.VerifyTextPresentKeyword.verifyTextPresent(VerifyTextPresentKeyword.groovy:83)
	at com.kms.katalon.core.webui.keyword.builtin.VerifyTextPresentKeyword.execute(VerifyTextPresentKeyword.groovy:68)
	at com.kms.katalon.core.keyword.internal.KeywordExecutor.executeKeywordForPlatform(KeywordExecutor.groovy:72)
	at com.kms.katalon.core.webui.keyword.WebUiBuiltInKeywords.verifyTextPresent(WebUiBuiltInKeywords.groovy:1703)
	at com.kms.katalon.core.webui.keyword.WebUiBuiltInKeywords$verifyTextPresent$6.call(Unknown Source)
	at VerifyErrorMessageIsDisplayed.run(VerifyErrorMessageIsDisplayed:32)
	at com.kms.katalon.core.main.ScriptEngine.run(ScriptEngine.java:194)
	at com.kms.katalon.core.main.ScriptEngine.runScriptAsRawText(ScriptEngine.java:119)
	at com.kms.katalon.core.main.TestCaseExecutor.runScript(TestCaseExecutor.java:337)
	at com.kms.katalon.core.main.TestCaseExecutor.doExecute(TestCaseExecutor.java:328)
	at com.kms.katalon.core.main.TestCaseExecutor.processExecutionPhase(TestCaseExecutor.java:307)
	at com.kms.katalon.core.main.TestCaseExecutor.accessMainPhase(TestCaseExecutor.java:299)
	at com.kms.katalon.core.main.TestCaseExecutor.execute(TestCaseExecutor.java:233)
	at com.kms.katalon.core.main.TestCaseMain.runTestCase(TestCaseMain.java:114)
	at com.kms.katalon.core.keyword.builtin.CallTestCaseKeyword$_callTestCase_closure1.doCall(CallTestCaseKeyword.groovy:59)
	at com.kms.katalon.core.keyword.builtin.CallTestCaseKeyword$_callTestCase_closure1.call(CallTestCaseKeyword.groovy)
	at com.kms.katalon.core.keyword.internal.KeywordMain.runKeyword(KeywordMain.groovy:68)
	at com.kms.katalon.core.keyword.builtin.CallTestCaseKeyword.callTestCase(CallTestCaseKeyword.groovy:81)
	at com.kms.katalon.core.keyword.builtin.CallTestCaseKeyword.execute(CallTestCaseKeyword.groovy:44)
	at com.kms.katalon.core.keyword.internal.KeywordExecutor.executeKeywordForPlatform(KeywordExecutor.groovy:72)
	at com.kms.katalon.core.keyword.BuiltinKeywords.callTestCase(BuiltinKeywords.groovy:334)
	at BCAISPS-14771.TCID001.run(BCAISPS-14771.TCID001:58)
	at com.kms.katalon.core.main.ScriptEngine.run(ScriptEngine.java:194)
	at com.kms.katalon.core.main.ScriptEngine.runScriptAsRawText(ScriptEngine.java:119)
	at com.kms.katalon.core.main.TestCaseExecutor.runScript(TestCaseExecutor.java:337)
	at com.kms.katalon.core.main.TestCaseExecutor.doExecute(TestCaseExecutor.java:328)
	at com.kms.katalon.core.main.TestCaseExecutor.processExecutionPhase(TestCaseExecutor.java:307)
	at com.kms.katalon.core.main.TestCaseExecutor.accessMainPhase(TestCaseExecutor.java:299)
	at com.kms.katalon.core.main.TestCaseExecutor.execute(TestCaseExecutor.java:233)
	at com.kms.katalon.core.main.TestSuiteExecutor.accessTestCaseMainPhase(TestSuiteExecutor.java:169)
	at com.kms.katalon.core.main.TestSuiteExecutor.accessTestSuiteMainPhase(TestSuiteExecutor.java:142)
	at com.kms.katalon.core.main.TestSuiteExecutor.execute(TestSuiteExecutor.java:91)
	at com.kms.katalon.core.main.TestCaseMain.startTestSuite(TestCaseMain.java:157)
	at com.kms.katalon.core.main.TestCaseMain$startTestSuite$0.call(Unknown Source)
	at TempTestSuite1589508261822.run(TempTestSuite1589508261822.groovy:36)
)

2020-05-15 10:26:40 - [MESSAGE][WARNING] - Text 'Please fill up mandatory fields.' is not present on page  using regular expression (Root cause: com.kms.katalon.core.exception.StepFailedException: Text 'Please fill up mandatory fields.' is not present on page  using regular expression
	at com.kms.katalon.core.webui.keyword.internal.WebUIKeywordMain.stepFailed(WebUIKeywordMain.groovy:64)
	at com.kms.katalon.core.webui.keyword.builtin.VerifyTextPresentKeyword$_verifyTextPresent_closure1.doCall(VerifyTextPresentKeyword.groovy:79)
	at com.kms.katalon.core.webui.keyword.builtin.VerifyTextPresentKeyword$_verifyTextPresent_closure1.call(VerifyTextPresentKeyword.groovy)
	at com.kms.katalon.core.webui.keyword.internal.WebUIKeywordMain.runKeyword(WebUIKeywordMain.groovy:20)
	at com.kms.katalon.core.webui.keyword.builtin.VerifyTextPresentKeyword.verifyTextPresent(VerifyTextPresentKeyword.groovy:83)
	at com.kms.katalon.core.webui.keyword.builtin.VerifyTextPresentKeyword.execute(VerifyTextPresentKeyword.groovy:68)
	at com.kms.katalon.core.keyword.internal.KeywordExecutor.executeKeywordForPlatform(KeywordExecutor.groovy:72)
	at com.kms.katalon.core.webui.keyword.WebUiBuiltInKeywords.verifyTextPresent(WebUiBuiltInKeywords.groovy:1703)
	at com.kms.katalon.core.webui.keyword.WebUiBuiltInKeywords$verifyTextPresent$6.call(Unknown Source)
	at VerifyErrorMessageIsDisplayed.run(VerifyErrorMessageIsDisplayed:33)
	at com.kms.katalon.core.main.ScriptEngine.run(ScriptEngine.java:194)
	at com.kms.katalon.core.main.ScriptEngine.runScriptAsRawText(ScriptEngine.java:119)
	at com.kms.katalon.core.main.TestCaseExecutor.runScript(TestCaseExecutor.java:337)
	at com.kms.katalon.core.main.TestCaseExecutor.doExecute(TestCaseExecutor.java:328)
	at com.kms.katalon.core.main.TestCaseExecutor.processExecutionPhase(TestCaseExecutor.java:307)
	at com.kms.katalon.core.main.TestCaseExecutor.accessMainPhase(TestCaseExecutor.java:299)
	at com.kms.katalon.core.main.TestCaseExecutor.execute(TestCaseExecutor.java:233)
	at com.kms.katalon.core.main.TestCaseMain.runTestCase(TestCaseMain.java:114)
	at com.kms.katalon.core.keyword.builtin.CallTestCaseKeyword$_callTestCase_closure1.doCall(CallTestCaseKeyword.groovy:59)
	at com.kms.katalon.core.keyword.builtin.CallTestCaseKeyword$_callTestCase_closure1.call(CallTestCaseKeyword.groovy)
	at com.kms.katalon.core.keyword.internal.KeywordMain.runKeyword(KeywordMain.groovy:68)
	at com.kms.katalon.core.keyword.builtin.CallTestCaseKeyword.callTestCase(CallTestCaseKeyword.groovy:81)
	at com.kms.katalon.core.keyword.builtin.CallTestCaseKeyword.execute(CallTestCaseKeyword.groovy:44)
	at com.kms.katalon.core.keyword.internal.KeywordExecutor.executeKeywordForPlatform(KeywordExecutor.groovy:72)
	at com.kms.katalon.core.keyword.BuiltinKeywords.callTestCase(BuiltinKeywords.groovy:334)
	at BCAISPS-14771.TCID001.run(BCAISPS-14771.TCID001:58)
	at com.kms.katalon.core.main.ScriptEngine.run(ScriptEngine.java:194)
	at com.kms.katalon.core.main.ScriptEngine.runScriptAsRawText(ScriptEngine.java:119)
	at com.kms.katalon.core.main.TestCaseExecutor.runScript(TestCaseExecutor.java:337)
	at com.kms.katalon.core.main.TestCaseExecutor.doExecute(TestCaseExecutor.java:328)
	at com.kms.katalon.core.main.TestCaseExecutor.processExecutionPhase(TestCaseExecutor.java:307)
	at com.kms.katalon.core.main.TestCaseExecutor.accessMainPhase(TestCaseExecutor.java:299)
	at com.kms.katalon.core.main.TestCaseExecutor.execute(TestCaseExecutor.java:233)
	at com.kms.katalon.core.main.TestSuiteExecutor.accessTestCaseMainPhase(TestSuiteExecutor.java:169)
	at com.kms.katalon.core.main.TestSuiteExecutor.accessTestSuiteMainPhase(TestSuiteExecutor.java:142)
	at com.kms.katalon.core.main.TestSuiteExecutor.execute(TestSuiteExecutor.java:91)
	at com.kms.katalon.core.main.TestCaseMain.startTestSuite(TestCaseMain.java:157)
	at com.kms.katalon.core.main.TestCaseMain$startTestSuite$0.call(Unknown Source)
	at TempTestSuite1589508261822.run(TempTestSuite1589508261822.groovy:36)
)

2020-05-15 10:26:43 - [MESSAGE][WARNING] - Text 'Please select at least one project member from the recipient list.' is not present on page  using regular expression (Root cause: com.kms.katalon.core.exception.StepFailedException: Text 'Please select at least one project member from the recipient list.' is not present on page  using regular expression
	at com.kms.katalon.core.webui.keyword.internal.WebUIKeywordMain.stepFailed(WebUIKeywordMain.groovy:64)
	at com.kms.katalon.core.webui.keyword.builtin.VerifyTextPresentKeyword$_verifyTextPresent_closure1.doCall(VerifyTextPresentKeyword.groovy:79)
	at com.kms.katalon.core.webui.keyword.builtin.VerifyTextPresentKeyword$_verifyTextPresent_closure1.call(VerifyTextPresentKeyword.groovy)
	at com.kms.katalon.core.webui.keyword.internal.WebUIKeywordMain.runKeyword(WebUIKeywordMain.groovy:20)
	at com.kms.katalon.core.webui.keyword.builtin.VerifyTextPresentKeyword.verifyTextPresent(VerifyTextPresentKeyword.groovy:83)
	at com.kms.katalon.core.webui.keyword.builtin.VerifyTextPresentKeyword.execute(VerifyTextPresentKeyword.groovy:68)
	at com.kms.katalon.core.keyword.internal.KeywordExecutor.executeKeywordForPlatform(KeywordExecutor.groovy:72)
	at com.kms.katalon.core.webui.keyword.WebUiBuiltInKeywords.verifyTextPresent(WebUiBuiltInKeywords.groovy:1703)
	at com.kms.katalon.core.webui.keyword.WebUiBuiltInKeywords$verifyTextPresent$6.call(Unknown Source)
	at VerifyErrorMessageIsDisplayed.run(VerifyErrorMessageIsDisplayed:34)
	at com.kms.katalon.core.main.ScriptEngine.run(ScriptEngine.java:194)
	at com.kms.katalon.core.main.ScriptEngine.runScriptAsRawText(ScriptEngine.java:119)
	at com.kms.katalon.core.main.TestCaseExecutor.runScript(TestCaseExecutor.java:337)
	at com.kms.katalon.core.main.TestCaseExecutor.doExecute(TestCaseExecutor.java:328)
	at com.kms.katalon.core.main.TestCaseExecutor.processExecutionPhase(TestCaseExecutor.java:307)
	at com.kms.katalon.core.main.TestCaseExecutor.accessMainPhase(TestCaseExecutor.java:299)
	at com.kms.katalon.core.main.TestCaseExecutor.execute(TestCaseExecutor.java:233)
	at com.kms.katalon.core.main.TestCaseMain.runTestCase(TestCaseMain.java:114)
	at com.kms.katalon.core.keyword.builtin.CallTestCaseKeyword$_callTestCase_closure1.doCall(CallTestCaseKeyword.groovy:59)
	at com.kms.katalon.core.keyword.builtin.CallTestCaseKeyword$_callTestCase_closure1.call(CallTestCaseKeyword.groovy)
	at com.kms.katalon.core.keyword.internal.KeywordMain.runKeyword(KeywordMain.groovy:68)
	at com.kms.katalon.core.keyword.builtin.CallTestCaseKeyword.callTestCase(CallTestCaseKeyword.groovy:81)
	at com.kms.katalon.core.keyword.builtin.CallTestCaseKeyword.execute(CallTestCaseKeyword.groovy:44)
	at com.kms.katalon.core.keyword.internal.KeywordExecutor.executeKeywordForPlatform(KeywordExecutor.groovy:72)
	at com.kms.katalon.core.keyword.BuiltinKeywords.callTestCase(BuiltinKeywords.groovy:334)
	at BCAISPS-14771.TCID001.run(BCAISPS-14771.TCID001:58)
	at com.kms.katalon.core.main.ScriptEngine.run(ScriptEngine.java:194)
	at com.kms.katalon.core.main.ScriptEngine.runScriptAsRawText(ScriptEngine.java:119)
	at com.kms.katalon.core.main.TestCaseExecutor.runScript(TestCaseExecutor.java:337)
	at com.kms.katalon.core.main.TestCaseExecutor.doExecute(TestCaseExecutor.java:328)
	at com.kms.katalon.core.main.TestCaseExecutor.processExecutionPhase(TestCaseExecutor.java:307)
	at com.kms.katalon.core.main.TestCaseExecutor.accessMainPhase(TestCaseExecutor.java:299)
	at com.kms.katalon.core.main.TestCaseExecutor.execute(TestCaseExecutor.java:233)
	at com.kms.katalon.core.main.TestSuiteExecutor.accessTestCaseMainPhase(TestSuiteExecutor.java:169)
	at com.kms.katalon.core.main.TestSuiteExecutor.accessTestSuiteMainPhase(TestSuiteExecutor.java:142)
	at com.kms.katalon.core.main.TestSuiteExecutor.execute(TestSuiteExecutor.java:91)
	at com.kms.katalon.core.main.TestCaseMain.startTestSuite(TestCaseMain.java:157)
	at com.kms.katalon.core.main.TestCaseMain$startTestSuite$0.call(Unknown Source)
	at TempTestSuite1589508261822.run(TempTestSuite1589508261822.groovy:36)
)

2020-05-15 10:26:46 - [MESSAGE][WARNING] - Text 'Plan Reference Not Found' is not present on page  using regular expression (Root cause: com.kms.katalon.core.exception.StepFailedException: Text 'Plan Reference Not Found' is not present on page  using regular expression
	at com.kms.katalon.core.webui.keyword.internal.WebUIKeywordMain.stepFailed(WebUIKeywordMain.groovy:64)
	at com.kms.katalon.core.webui.keyword.builtin.VerifyTextPresentKeyword$_verifyTextPresent_closure1.doCall(VerifyTextPresentKeyword.groovy:79)
	at com.kms.katalon.core.webui.keyword.builtin.VerifyTextPresentKeyword$_verifyTextPresent_closure1.call(VerifyTextPresentKeyword.groovy)
	at com.kms.katalon.core.webui.keyword.internal.WebUIKeywordMain.runKeyword(WebUIKeywordMain.groovy:20)
	at com.kms.katalon.core.webui.keyword.builtin.VerifyTextPresentKeyword.verifyTextPresent(VerifyTextPresentKeyword.groovy:83)
	at com.kms.katalon.core.webui.keyword.builtin.VerifyTextPresentKeyword.execute(VerifyTextPresentKeyword.groovy:68)
	at com.kms.katalon.core.keyword.internal.KeywordExecutor.executeKeywordForPlatform(KeywordExecutor.groovy:72)
	at com.kms.katalon.core.webui.keyword.WebUiBuiltInKeywords.verifyTextPresent(WebUiBuiltInKeywords.groovy:1703)
	at com.kms.katalon.core.webui.keyword.WebUiBuiltInKeywords$verifyTextPresent$6.call(Unknown Source)
	at VerifyErrorMessageIsDisplayed.run(VerifyErrorMessageIsDisplayed:35)
	at com.kms.katalon.core.main.ScriptEngine.run(ScriptEngine.java:194)
	at com.kms.katalon.core.main.ScriptEngine.runScriptAsRawText(ScriptEngine.java:119)
	at com.kms.katalon.core.main.TestCaseExecutor.runScript(TestCaseExecutor.java:337)
	at com.kms.katalon.core.main.TestCaseExecutor.doExecute(TestCaseExecutor.java:328)
	at com.kms.katalon.core.main.TestCaseExecutor.processExecutionPhase(TestCaseExecutor.java:307)
	at com.kms.katalon.core.main.TestCaseExecutor.accessMainPhase(TestCaseExecutor.java:299)
	at com.kms.katalon.core.main.TestCaseExecutor.execute(TestCaseExecutor.java:233)
	at com.kms.katalon.core.main.TestCaseMain.runTestCase(TestCaseMain.java:114)
	at com.kms.katalon.core.keyword.builtin.CallTestCaseKeyword$_callTestCase_closure1.doCall(CallTestCaseKeyword.groovy:59)
	at com.kms.katalon.core.keyword.builtin.CallTestCaseKeyword$_callTestCase_closure1.call(CallTestCaseKeyword.groovy)
	at com.kms.katalon.core.keyword.internal.KeywordMain.runKeyword(KeywordMain.groovy:68)
	at com.kms.katalon.core.keyword.builtin.CallTestCaseKeyword.callTestCase(CallTestCaseKeyword.groovy:81)
	at com.kms.katalon.core.keyword.builtin.CallTestCaseKeyword.execute(CallTestCaseKeyword.groovy:44)
	at com.kms.katalon.core.keyword.internal.KeywordExecutor.executeKeywordForPlatform(KeywordExecutor.groovy:72)
	at com.kms.katalon.core.keyword.BuiltinKeywords.callTestCase(BuiltinKeywords.groovy:334)
	at BCAISPS-14771.TCID001.run(BCAISPS-14771.TCID001:58)
	at com.kms.katalon.core.main.ScriptEngine.run(ScriptEngine.java:194)
	at com.kms.katalon.core.main.ScriptEngine.runScriptAsRawText(ScriptEngine.java:119)
	at com.kms.katalon.core.main.TestCaseExecutor.runScript(TestCaseExecutor.java:337)
	at com.kms.katalon.core.main.TestCaseExecutor.doExecute(TestCaseExecutor.java:328)
	at com.kms.katalon.core.main.TestCaseExecutor.processExecutionPhase(TestCaseExecutor.java:307)
	at com.kms.katalon.core.main.TestCaseExecutor.accessMainPhase(TestCaseExecutor.java:299)
	at com.kms.katalon.core.main.TestCaseExecutor.execute(TestCaseExecutor.java:233)
	at com.kms.katalon.core.main.TestSuiteExecutor.accessTestCaseMainPhase(TestSuiteExecutor.java:169)
	at com.kms.katalon.core.main.TestSuiteExecutor.accessTestSuiteMainPhase(TestSuiteExecutor.java:142)
	at com.kms.katalon.core.main.TestSuiteExecutor.execute(TestSuiteExecutor.java:91)
	at com.kms.katalon.core.main.TestCaseMain.startTestSuite(TestCaseMain.java:157)
	at com.kms.katalon.core.main.TestCaseMain$startTestSuite$0.call(Unknown Source)
	at TempTestSuite1589508261822.run(TempTestSuite1589508261822.groovy:36)
)

2020-05-15 10:26:49 - [MESSAGE][PASSED] - Text 'Please generate a document before dispatching.' is present on page  using regular expression

2020-05-15 10:26:49 - [MESSAGE][PASSED] - Call Test Case 'Test Cases/Components/VerifyErrorMessageIsDisplayed' successfully

2020-05-15 10:26:49 - [TEST_STEP][PASSED] - callTestCase(findTestCase("Components/NavigateToAnyLHS"), ["LHS":"Inspection Details"], STOP_ON_FAILURE): Call Test Case 'Test Cases/Components/NavigateToAnyLHS' successfully

2020-05-15 10:26:49 - [TEST_CASE][PASSED] - Test Cases/Components/NavigateToAnyLHS: Test Cases/Components/NavigateToAnyLHS

2020-05-15 10:26:50 - [TEST_STEP][PASSED] - Thread.sleep(1000): null

2020-05-15 10:26:51 - [TEST_STEP][PASSED] - modifiedLHS = modifyObjectProperty(findTestObject("Objects.NavigateToAnyLHS/Page_ISPS2/LHSToModify"), "text", "equals", LHS, true): Modify property of object successfully

2020-05-15 10:26:51 - [MESSAGE][PASSED] - Modify property of object successfully

2020-05-15 10:26:51 - [TEST_STEP][PASSED] - click(modifiedLHS): Object: 'Object Repository/Objects.NavigateToAnyLHS/Page_ISPS2/LHSToModify' is clicked on

2020-05-15 10:26:53 - [MESSAGE][PASSED] - Object: 'Object Repository/Objects.NavigateToAnyLHS/Page_ISPS2/LHSToModify' is clicked on

2020-05-15 10:26:53 - [TEST_STEP][PASSED] - currentLHS = getText(modifiedLHS): Text of object 'Object Repository/Objects.NavigateToAnyLHS/Page_ISPS2/LHSToModify' is: 'Inspection Details'

2020-05-15 10:26:53 - [MESSAGE][PASSED] - Text of object 'Object Repository/Objects.NavigateToAnyLHS/Page_ISPS2/LHSToModify' is: 'Inspection Details'

2020-05-15 10:26:53 - [TEST_STEP][PASSED] - Thread.sleep(5000): null

2020-05-15 10:26:58 - [MESSAGE][PASSED] - Call Test Case 'Test Cases/Components/NavigateToAnyLHS' successfully

2020-05-15 10:26:58 - [TEST_STEP][PASSED] - callTestCase(findTestCase("Components/NavigateToAnyLHS"), ["LHS":"Issue WD"], STOP_ON_FAILURE): Call Test Case 'Test Cases/Components/NavigateToAnyLHS' successfully

2020-05-15 10:26:58 - [TEST_CASE][PASSED] - Test Cases/Components/NavigateToAnyLHS: Test Cases/Components/NavigateToAnyLHS

2020-05-15 10:26:58 - [TEST_STEP][PASSED] - Thread.sleep(1000): null

2020-05-15 10:26:59 - [TEST_STEP][PASSED] - modifiedLHS = modifyObjectProperty(findTestObject("Objects.NavigateToAnyLHS/Page_ISPS2/LHSToModify"), "text", "equals", LHS, true): Modify property of object successfully

2020-05-15 10:27:00 - [MESSAGE][PASSED] - Modify property of object successfully

2020-05-15 10:27:00 - [TEST_STEP][PASSED] - click(modifiedLHS): Object: 'Object Repository/Objects.NavigateToAnyLHS/Page_ISPS2/LHSToModify' is clicked on

2020-05-15 10:27:01 - [MESSAGE][PASSED] - Object: 'Object Repository/Objects.NavigateToAnyLHS/Page_ISPS2/LHSToModify' is clicked on

2020-05-15 10:27:01 - [TEST_STEP][PASSED] - currentLHS = getText(modifiedLHS): Text of object 'Object Repository/Objects.NavigateToAnyLHS/Page_ISPS2/LHSToModify' is: 'Issue WD'

2020-05-15 10:27:03 - [MESSAGE][PASSED] - Text of object 'Object Repository/Objects.NavigateToAnyLHS/Page_ISPS2/LHSToModify' is: 'Issue WD'

2020-05-15 10:27:03 - [TEST_STEP][PASSED] - Thread.sleep(5000): null

2020-05-15 10:27:08 - [MESSAGE][PASSED] - Call Test Case 'Test Cases/Components/NavigateToAnyLHS' successfully

2020-05-15 10:27:08 - [TEST_STEP][PASSED] - callTestCase(findTestCase("Components/ClickBlueButtonsWithXPI"), ["Button":"Delete and Re-generate", "Index":"1"], OPTIONAL): Unable to call Test Case 'Test Cases/Components/ClickBlueButtonsWithXPI' (Root cause: com.kms.katalon.core.exception.StepFailedException: Call Test Case 'Test Cases/Components/ClickBlueButtonsWithXPI' failed
	at com.kms.katalon.core.keyword.builtin.CallTestCaseKeyword$_callTestCase_closure1.doCall(CallTestCaseKeyword.groovy:63)
	at com.kms.katalon.core.keyword.builtin.CallTestCaseKeyword$_callTestCase_closure1.call(CallTestCaseKeyword.groovy)
	at com.kms.katalon.core.keyword.internal.KeywordMain.runKeyword(KeywordMain.groovy:68)
	at com.kms.katalon.core.keyword.builtin.CallTestCaseKeyword.callTestCase(CallTestCaseKeyword.groovy:81)
	at com.kms.katalon.core.keyword.builtin.CallTestCaseKeyword.execute(CallTestCaseKeyword.groovy:44)
	at com.kms.katalon.core.keyword.internal.KeywordExecutor.executeKeywordForPlatform(KeywordExecutor.groovy:72)
	at com.kms.katalon.core.keyword.BuiltinKeywords.callTestCase(BuiltinKeywords.groovy:334)
	at BCAISPS-14771.TCID001.run(BCAISPS-14771.TCID001:67)
	at com.kms.katalon.core.main.ScriptEngine.run(ScriptEngine.java:194)
	at com.kms.katalon.core.main.ScriptEngine.runScriptAsRawText(ScriptEngine.java:119)
	at com.kms.katalon.core.main.TestCaseExecutor.runScript(TestCaseExecutor.java:337)
	at com.kms.katalon.core.main.TestCaseExecutor.doExecute(TestCaseExecutor.java:328)
	at com.kms.katalon.core.main.TestCaseExecutor.processExecutionPhase(TestCaseExecutor.java:307)
	at com.kms.katalon.core.main.TestCaseExecutor.accessMainPhase(TestCaseExecutor.java:299)
	at com.kms.katalon.core.main.TestCaseExecutor.execute(TestCaseExecutor.java:233)
	at com.kms.katalon.core.main.TestSuiteExecutor.accessTestCaseMainPhase(TestSuiteExecutor.java:169)
	at com.kms.katalon.core.main.TestSuiteExecutor.accessTestSuiteMainPhase(TestSuiteExecutor.java:142)
	at com.kms.katalon.core.main.TestSuiteExecutor.execute(TestSuiteExecutor.java:91)
	at com.kms.katalon.core.main.TestCaseMain.startTestSuite(TestCaseMain.java:157)
	at com.kms.katalon.core.main.TestCaseMain$startTestSuite$0.call(Unknown Source)
	at TempTestSuite1589508261822.run(TempTestSuite1589508261822.groovy:36)
Caused by: com.kms.katalon.core.exception.StepFailedException: Unable to click on object 'Object Repository/Objects.ClickBlueButtonsWithXPI/span_Reset'
	at com.kms.katalon.core.webui.keyword.internal.WebUIKeywordMain.stepFailed(WebUIKeywordMain.groovy:64)
	at com.kms.katalon.core.webui.keyword.internal.WebUIKeywordMain.runKeyword(WebUIKeywordMain.groovy:26)
	at com.kms.katalon.core.webui.keyword.builtin.ClickKeyword.click(ClickKeyword.groovy:76)
	at com.kms.katalon.core.webui.keyword.builtin.ClickKeyword.execute(ClickKeyword.groovy:43)
	at com.kms.katalon.core.keyword.internal.KeywordExecutor.executeKeywordForPlatform(KeywordExecutor.groovy:72)
	at com.kms.katalon.core.webui.keyword.WebUiBuiltInKeywords.click(WebUiBuiltInKeywords.groovy:616)
	at com.kms.katalon.core.webui.keyword.WebUiBuiltInKeywords$click$9.call(Unknown Source)
	at ClickBlueButtonsWithXPI.run(ClickBlueButtonsWithXPI:35)
	at com.kms.katalon.core.main.ScriptEngine.run(ScriptEngine.java:194)
	at com.kms.katalon.core.main.ScriptEngine.runScriptAsRawText(ScriptEngine.java:119)
	at com.kms.katalon.core.main.TestCaseExecutor.runScript(TestCaseExecutor.java:337)
	at com.kms.katalon.core.main.TestCaseExecutor.doExecute(TestCaseExecutor.java:328)
	at com.kms.katalon.core.main.TestCaseExecutor.processExecutionPhase(TestCaseExecutor.java:307)
	at com.kms.katalon.core.main.TestCaseExecutor.accessMainPhase(TestCaseExecutor.java:299)
	at com.kms.katalon.core.main.TestCaseExecutor.execute(TestCaseExecutor.java:233)
	at com.kms.katalon.core.main.TestCaseMain.runTestCase(TestCaseMain.java:114)
	at com.kms.katalon.core.keyword.builtin.CallTestCaseKeyword$_callTestCase_closure1.doCall(CallTestCaseKeyword.groovy:59)
	... 20 more
Caused by: org.openqa.selenium.ElementNotInteractableException: element not interactable
  (Session info: chrome=79.0.3945.88)
Build info: version: '3.141.59', revision: 'e82be7d358', time: '2018-11-14T08:25:53'
System info: host: 'NSNB-004', ip: '192.168.16.44', os.name: 'Windows 10', os.arch: 'amd64', os.version: '10.0', java.version: '1.8.0_181'
Driver info: com.kms.katalon.selenium.driver.CChromeDriver
Capabilities {acceptInsecureCerts: false, browserName: chrome, browserVersion: 79.0.3945.88, chrome: {chromedriverVersion: 79.0.3945.36 (3582db32b3389..., userDataDir: C:\Users\20008-~1\AppData\L...}, goog:chromeOptions: {debuggerAddress: localhost:56802}, javascriptEnabled: true, networkConnectionEnabled: false, pageLoadStrategy: normal, platform: WINDOWS, platformName: WINDOWS, proxy: Proxy(), setWindowRect: true, strictFileInteractability: false, timeouts: {implicit: 0, pageLoad: 300000, script: 30000}, unhandledPromptBehavior: dismiss and notify}
Session ID: 722a6e01070da1d1ea75f4e26e30f802
	at org.openqa.selenium.remote.http.W3CHttpResponseCodec.createException(W3CHttpResponseCodec.java:187)
	at org.openqa.selenium.remote.http.W3CHttpResponseCodec.decode(W3CHttpResponseCodec.java:122)
	at org.openqa.selenium.remote.http.W3CHttpResponseCodec.decode(W3CHttpResponseCodec.java:49)
	at org.openqa.selenium.remote.HttpCommandExecutor.execute(HttpCommandExecutor.java:158)
	at org.openqa.selenium.remote.service.DriverCommandExecutor.execute(DriverCommandExecutor.java:83)
	at org.openqa.selenium.remote.RemoteWebDriver.execute(RemoteWebDriver.java:552)
	at com.kms.katalon.selenium.driver.CChromeDriver.execute(CChromeDriver.java:19)
	at org.openqa.selenium.remote.RemoteWebElement.execute(RemoteWebElement.java:285)
	at org.openqa.selenium.remote.RemoteWebElement.click(RemoteWebElement.java:84)
	at org.openqa.selenium.support.events.EventFiringWebDriver$EventFiringWebElement.lambda$new$0(EventFiringWebDriver.java:404)
	at com.sun.proxy.$Proxy9.click(Unknown Source)
	at org.openqa.selenium.support.events.EventFiringWebDriver$EventFiringWebElement.click(EventFiringWebDriver.java:417)
	at com.kms.katalon.core.webui.keyword.builtin.ClickKeyword$_click_closure1.doCall(ClickKeyword.groovy:69)
	at com.kms.katalon.core.webui.keyword.builtin.ClickKeyword$_click_closure1.call(ClickKeyword.groovy)
	at com.kms.katalon.core.webui.keyword.internal.WebUIKeywordMain.runKeyword(WebUIKeywordMain.groovy:20)
	... 35 more
)

2020-05-15 10:27:08 - [TEST_CASE][FAILED] - Test Cases/Components/ClickBlueButtonsWithXPI: Test Cases/Components/ClickBlueButtonsWithXPI FAILED.
Reason:
com.kms.katalon.core.exception.StepFailedException: Unable to click on object 'Object Repository/Objects.ClickBlueButtonsWithXPI/span_Reset'
	at com.kms.katalon.core.webui.keyword.internal.WebUIKeywordMain.stepFailed(WebUIKeywordMain.groovy:64)
	at com.kms.katalon.core.webui.keyword.internal.WebUIKeywordMain.runKeyword(WebUIKeywordMain.groovy:26)
	at com.kms.katalon.core.webui.keyword.builtin.ClickKeyword.click(ClickKeyword.groovy:76)
	at com.kms.katalon.core.webui.keyword.builtin.ClickKeyword.execute(ClickKeyword.groovy:43)
	at com.kms.katalon.core.keyword.internal.KeywordExecutor.executeKeywordForPlatform(KeywordExecutor.groovy:72)
	at com.kms.katalon.core.webui.keyword.WebUiBuiltInKeywords.click(WebUiBuiltInKeywords.groovy:616)
	at com.kms.katalon.core.webui.keyword.WebUiBuiltInKeywords$click$9.call(Unknown Source)
	at ClickBlueButtonsWithXPI.run(ClickBlueButtonsWithXPI:35)
	at com.kms.katalon.core.main.ScriptEngine.run(ScriptEngine.java:194)
	at com.kms.katalon.core.main.ScriptEngine.runScriptAsRawText(ScriptEngine.java:119)
	at com.kms.katalon.core.main.TestCaseExecutor.runScript(TestCaseExecutor.java:337)
	at com.kms.katalon.core.main.TestCaseExecutor.doExecute(TestCaseExecutor.java:328)
	at com.kms.katalon.core.main.TestCaseExecutor.processExecutionPhase(TestCaseExecutor.java:307)
	at com.kms.katalon.core.main.TestCaseExecutor.accessMainPhase(TestCaseExecutor.java:299)
	at com.kms.katalon.core.main.TestCaseExecutor.execute(TestCaseExecutor.java:233)
	at com.kms.katalon.core.main.TestCaseMain.runTestCase(TestCaseMain.java:114)
	at com.kms.katalon.core.keyword.builtin.CallTestCaseKeyword$_callTestCase_closure1.doCall(CallTestCaseKeyword.groovy:59)
	at com.kms.katalon.core.keyword.builtin.CallTestCaseKeyword$_callTestCase_closure1.call(CallTestCaseKeyword.groovy)
	at com.kms.katalon.core.keyword.internal.KeywordMain.runKeyword(KeywordMain.groovy:68)
	at com.kms.katalon.core.keyword.builtin.CallTestCaseKeyword.callTestCase(CallTestCaseKeyword.groovy:81)
	at com.kms.katalon.core.keyword.builtin.CallTestCaseKeyword.execute(CallTestCaseKeyword.groovy:44)
	at com.kms.katalon.core.keyword.internal.KeywordExecutor.executeKeywordForPlatform(KeywordExecutor.groovy:72)
	at com.kms.katalon.core.keyword.BuiltinKeywords.callTestCase(BuiltinKeywords.groovy:334)
	at BCAISPS-14771.TCID001.run(BCAISPS-14771.TCID001:67)
	at com.kms.katalon.core.main.ScriptEngine.run(ScriptEngine.java:194)
	at com.kms.katalon.core.main.ScriptEngine.runScriptAsRawText(ScriptEngine.java:119)
	at com.kms.katalon.core.main.TestCaseExecutor.runScript(TestCaseExecutor.java:337)
	at com.kms.katalon.core.main.TestCaseExecutor.doExecute(TestCaseExecutor.java:328)
	at com.kms.katalon.core.main.TestCaseExecutor.processExecutionPhase(TestCaseExecutor.java:307)
	at com.kms.katalon.core.main.TestCaseExecutor.accessMainPhase(TestCaseExecutor.java:299)
	at com.kms.katalon.core.main.TestCaseExecutor.execute(TestCaseExecutor.java:233)
	at com.kms.katalon.core.main.TestSuiteExecutor.accessTestCaseMainPhase(TestSuiteExecutor.java:169)
	at com.kms.katalon.core.main.TestSuiteExecutor.accessTestSuiteMainPhase(TestSuiteExecutor.java:142)
	at com.kms.katalon.core.main.TestSuiteExecutor.execute(TestSuiteExecutor.java:91)
	at com.kms.katalon.core.main.TestCaseMain.startTestSuite(TestCaseMain.java:157)
	at com.kms.katalon.core.main.TestCaseMain$startTestSuite$0.call(Unknown Source)
	at TempTestSuite1589508261822.run(TempTestSuite1589508261822.groovy:36)
Caused by: org.openqa.selenium.ElementNotInteractableException: element not interactable
  (Session info: chrome=79.0.3945.88)
Build info: version: '3.141.59', revision: 'e82be7d358', time: '2018-11-14T08:25:53'
System info: host: 'NSNB-004', ip: '192.168.16.44', os.name: 'Windows 10', os.arch: 'amd64', os.version: '10.0', java.version: '1.8.0_181'
Driver info: com.kms.katalon.selenium.driver.CChromeDriver
Capabilities {acceptInsecureCerts: false, browserName: chrome, browserVersion: 79.0.3945.88, chrome: {chromedriverVersion: 79.0.3945.36 (3582db32b3389..., userDataDir: C:\Users\20008-~1\AppData\L...}, goog:chromeOptions: {debuggerAddress: localhost:56802}, javascriptEnabled: true, networkConnectionEnabled: false, pageLoadStrategy: normal, platform: WINDOWS, platformName: WINDOWS, proxy: Proxy(), setWindowRect: true, strictFileInteractability: false, timeouts: {implicit: 0, pageLoad: 300000, script: 30000}, unhandledPromptBehavior: dismiss and notify}
Session ID: 722a6e01070da1d1ea75f4e26e30f802
	at org.openqa.selenium.remote.http.W3CHttpResponseCodec.createException(W3CHttpResponseCodec.java:187)
	at org.openqa.selenium.remote.http.W3CHttpResponseCodec.decode(W3CHttpResponseCodec.java:122)
	at org.openqa.selenium.remote.http.W3CHttpResponseCodec.decode(W3CHttpResponseCodec.java:49)
	at org.openqa.selenium.remote.HttpCommandExecutor.execute(HttpCommandExecutor.java:158)
	at org.openqa.selenium.remote.service.DriverCommandExecutor.execute(DriverCommandExecutor.java:83)
	at org.openqa.selenium.remote.RemoteWebDriver.execute(RemoteWebDriver.java:552)
	at com.kms.katalon.selenium.driver.CChromeDriver.execute(CChromeDriver.java:19)
	at org.openqa.selenium.remote.RemoteWebElement.execute(RemoteWebElement.java:285)
	at org.openqa.selenium.remote.RemoteWebElement.click(RemoteWebElement.java:84)
	at org.openqa.selenium.support.events.EventFiringWebDriver$EventFiringWebElement.lambda$new$0(EventFiringWebDriver.java:404)
	at com.sun.proxy.$Proxy9.click(Unknown Source)
	at org.openqa.selenium.support.events.EventFiringWebDriver$EventFiringWebElement.click(EventFiringWebDriver.java:417)
	at com.kms.katalon.core.webui.keyword.builtin.ClickKeyword$_click_closure1.doCall(ClickKeyword.groovy:69)
	at com.kms.katalon.core.webui.keyword.builtin.ClickKeyword$_click_closure1.call(ClickKeyword.groovy)
	at com.kms.katalon.core.webui.keyword.internal.WebUIKeywordMain.runKeyword(WebUIKeywordMain.groovy:20)
	... 35 more


2020-05-15 10:27:08 - [TEST_STEP][PASSED] - Thread.sleep(1000): null

2020-05-15 10:27:09 - [TEST_STEP][PASSED] - complexlyModifiedButtonGG = modifyObjectProperty(findTestObject("Objects.ClickBlueButtonsWithXPI/span_Reset"), "xPath", "equals", "(//span[text()="" + Button + ""])[" + Index + "]", true): Modify property of object successfully

2020-05-15 10:27:09 - [MESSAGE][PASSED] - Modify property of object successfully

2020-05-15 10:27:09 - [TEST_STEP][PASSED] - Thread.sleep(5000): null

2020-05-15 10:27:14 - [TEST_STEP][PASSED] - Thread.sleep(5000): null

2020-05-15 10:27:19 - [TEST_STEP][FAILED] - click(complexlyModifiedButtonGG): Unable to click on object 'Object Repository/Objects.ClickBlueButtonsWithXPI/span_Reset' (Root cause: com.kms.katalon.core.exception.StepFailedException: Unable to click on object 'Object Repository/Objects.ClickBlueButtonsWithXPI/span_Reset'
	at com.kms.katalon.core.webui.keyword.internal.WebUIKeywordMain.stepFailed(WebUIKeywordMain.groovy:64)
	at com.kms.katalon.core.webui.keyword.internal.WebUIKeywordMain.runKeyword(WebUIKeywordMain.groovy:26)
	at com.kms.katalon.core.webui.keyword.builtin.ClickKeyword.click(ClickKeyword.groovy:76)
	at com.kms.katalon.core.webui.keyword.builtin.ClickKeyword.execute(ClickKeyword.groovy:43)
	at com.kms.katalon.core.keyword.internal.KeywordExecutor.executeKeywordForPlatform(KeywordExecutor.groovy:72)
	at com.kms.katalon.core.webui.keyword.WebUiBuiltInKeywords.click(WebUiBuiltInKeywords.groovy:616)
	at com.kms.katalon.core.webui.keyword.WebUiBuiltInKeywords$click$9.call(Unknown Source)
	at ClickBlueButtonsWithXPI.run(ClickBlueButtonsWithXPI:35)
	at com.kms.katalon.core.main.ScriptEngine.run(ScriptEngine.java:194)
	at com.kms.katalon.core.main.ScriptEngine.runScriptAsRawText(ScriptEngine.java:119)
	at com.kms.katalon.core.main.TestCaseExecutor.runScript(TestCaseExecutor.java:337)
	at com.kms.katalon.core.main.TestCaseExecutor.doExecute(TestCaseExecutor.java:328)
	at com.kms.katalon.core.main.TestCaseExecutor.processExecutionPhase(TestCaseExecutor.java:307)
	at com.kms.katalon.core.main.TestCaseExecutor.accessMainPhase(TestCaseExecutor.java:299)
	at com.kms.katalon.core.main.TestCaseExecutor.execute(TestCaseExecutor.java:233)
	at com.kms.katalon.core.main.TestCaseMain.runTestCase(TestCaseMain.java:114)
	at com.kms.katalon.core.keyword.builtin.CallTestCaseKeyword$_callTestCase_closure1.doCall(CallTestCaseKeyword.groovy:59)
	at com.kms.katalon.core.keyword.builtin.CallTestCaseKeyword$_callTestCase_closure1.call(CallTestCaseKeyword.groovy)
	at com.kms.katalon.core.keyword.internal.KeywordMain.runKeyword(KeywordMain.groovy:68)
	at com.kms.katalon.core.keyword.builtin.CallTestCaseKeyword.callTestCase(CallTestCaseKeyword.groovy:81)
	at com.kms.katalon.core.keyword.builtin.CallTestCaseKeyword.execute(CallTestCaseKeyword.groovy:44)
	at com.kms.katalon.core.keyword.internal.KeywordExecutor.executeKeywordForPlatform(KeywordExecutor.groovy:72)
	at com.kms.katalon.core.keyword.BuiltinKeywords.callTestCase(BuiltinKeywords.groovy:334)
	at BCAISPS-14771.TCID001.run(BCAISPS-14771.TCID001:67)
	at com.kms.katalon.core.main.ScriptEngine.run(ScriptEngine.java:194)
	at com.kms.katalon.core.main.ScriptEngine.runScriptAsRawText(ScriptEngine.java:119)
	at com.kms.katalon.core.main.TestCaseExecutor.runScript(TestCaseExecutor.java:337)
	at com.kms.katalon.core.main.TestCaseExecutor.doExecute(TestCaseExecutor.java:328)
	at com.kms.katalon.core.main.TestCaseExecutor.processExecutionPhase(TestCaseExecutor.java:307)
	at com.kms.katalon.core.main.TestCaseExecutor.accessMainPhase(TestCaseExecutor.java:299)
	at com.kms.katalon.core.main.TestCaseExecutor.execute(TestCaseExecutor.java:233)
	at com.kms.katalon.core.main.TestSuiteExecutor.accessTestCaseMainPhase(TestSuiteExecutor.java:169)
	at com.kms.katalon.core.main.TestSuiteExecutor.accessTestSuiteMainPhase(TestSuiteExecutor.java:142)
	at com.kms.katalon.core.main.TestSuiteExecutor.execute(TestSuiteExecutor.java:91)
	at com.kms.katalon.core.main.TestCaseMain.startTestSuite(TestCaseMain.java:157)
	at com.kms.katalon.core.main.TestCaseMain$startTestSuite$0.call(Unknown Source)
	at TempTestSuite1589508261822.run(TempTestSuite1589508261822.groovy:36)
Caused by: org.openqa.selenium.ElementNotInteractableException: element not interactable
  (Session info: chrome=79.0.3945.88)
Build info: version: '3.141.59', revision: 'e82be7d358', time: '2018-11-14T08:25:53'
System info: host: 'NSNB-004', ip: '192.168.16.44', os.name: 'Windows 10', os.arch: 'amd64', os.version: '10.0', java.version: '1.8.0_181'
Driver info: com.kms.katalon.selenium.driver.CChromeDriver
Capabilities {acceptInsecureCerts: false, browserName: chrome, browserVersion: 79.0.3945.88, chrome: {chromedriverVersion: 79.0.3945.36 (3582db32b3389..., userDataDir: C:\Users\20008-~1\AppData\L...}, goog:chromeOptions: {debuggerAddress: localhost:56802}, javascriptEnabled: true, networkConnectionEnabled: false, pageLoadStrategy: normal, platform: WINDOWS, platformName: WINDOWS, proxy: Proxy(), setWindowRect: true, strictFileInteractability: false, timeouts: {implicit: 0, pageLoad: 300000, script: 30000}, unhandledPromptBehavior: dismiss and notify}
Session ID: 722a6e01070da1d1ea75f4e26e30f802
	at org.openqa.selenium.remote.http.W3CHttpResponseCodec.createException(W3CHttpResponseCodec.java:187)
	at org.openqa.selenium.remote.http.W3CHttpResponseCodec.decode(W3CHttpResponseCodec.java:122)
	at org.openqa.selenium.remote.http.W3CHttpResponseCodec.decode(W3CHttpResponseCodec.java:49)
	at org.openqa.selenium.remote.HttpCommandExecutor.execute(HttpCommandExecutor.java:158)
	at org.openqa.selenium.remote.service.DriverCommandExecutor.execute(DriverCommandExecutor.java:83)
	at org.openqa.selenium.remote.RemoteWebDriver.execute(RemoteWebDriver.java:552)
	at com.kms.katalon.selenium.driver.CChromeDriver.execute(CChromeDriver.java:19)
	at org.openqa.selenium.remote.RemoteWebElement.execute(RemoteWebElement.java:285)
	at org.openqa.selenium.remote.RemoteWebElement.click(RemoteWebElement.java:84)
	at org.openqa.selenium.support.events.EventFiringWebDriver$EventFiringWebElement.lambda$new$0(EventFiringWebDriver.java:404)
	at com.sun.proxy.$Proxy9.click(Unknown Source)
	at org.openqa.selenium.support.events.EventFiringWebDriver$EventFiringWebElement.click(EventFiringWebDriver.java:417)
	at com.kms.katalon.core.webui.keyword.builtin.ClickKeyword$_click_closure1.doCall(ClickKeyword.groovy:69)
	at com.kms.katalon.core.webui.keyword.builtin.ClickKeyword$_click_closure1.call(ClickKeyword.groovy)
	at com.kms.katalon.core.webui.keyword.internal.WebUIKeywordMain.runKeyword(WebUIKeywordMain.groovy:20)
	at com.kms.katalon.core.webui.keyword.builtin.ClickKeyword.click(ClickKeyword.groovy:76)
	at com.kms.katalon.core.webui.keyword.builtin.ClickKeyword.execute(ClickKeyword.groovy:43)
	at com.kms.katalon.core.keyword.internal.KeywordExecutor.executeKeywordForPlatform(KeywordExecutor.groovy:72)
	at com.kms.katalon.core.webui.keyword.WebUiBuiltInKeywords.click(WebUiBuiltInKeywords.groovy:616)
	at com.kms.katalon.core.webui.keyword.WebUiBuiltInKeywords$click$9.call(Unknown Source)
	at Script1568773569821.run(Script1568773569821.groovy:35)
	at com.kms.katalon.core.main.ScriptEngine.run(ScriptEngine.java:194)
	at com.kms.katalon.core.main.ScriptEngine.runScriptAsRawText(ScriptEngine.java:119)
	at com.kms.katalon.core.main.TestCaseExecutor.runScript(TestCaseExecutor.java:337)
	at com.kms.katalon.core.main.TestCaseExecutor.doExecute(TestCaseExecutor.java:328)
	at com.kms.katalon.core.main.TestCaseExecutor.processExecutionPhase(TestCaseExecutor.java:307)
	at com.kms.katalon.core.main.TestCaseExecutor.accessMainPhase(TestCaseExecutor.java:299)
	at com.kms.katalon.core.main.TestCaseExecutor.execute(TestCaseExecutor.java:233)
	at com.kms.katalon.core.main.TestCaseMain.runTestCase(TestCaseMain.java:114)
	at com.kms.katalon.core.keyword.builtin.CallTestCaseKeyword$_callTestCase_closure1.doCall(CallTestCaseKeyword.groovy:59)
	at com.kms.katalon.core.keyword.builtin.CallTestCaseKeyword$_callTestCase_closure1.call(CallTestCaseKeyword.groovy)
	at com.kms.katalon.core.keyword.internal.KeywordMain.runKeyword(KeywordMain.groovy:68)
	at com.kms.katalon.core.keyword.builtin.CallTestCaseKeyword.callTestCase(CallTestCaseKeyword.groovy:81)
	at com.kms.katalon.core.keyword.builtin.CallTestCaseKeyword.execute(CallTestCaseKeyword.groovy:44)
	at com.kms.katalon.core.keyword.internal.KeywordExecutor.executeKeywordForPlatform(KeywordExecutor.groovy:72)
	at com.kms.katalon.core.keyword.BuiltinKeywords.callTestCase(BuiltinKeywords.groovy:334)
	at Script1586224568046.run(Script1586224568046.groovy:67)
	... 13 more
)

2020-05-15 10:27:21 - [MESSAGE][FAILED] - Unable to click on object 'Object Repository/Objects.ClickBlueButtonsWithXPI/span_Reset' (Root cause: com.kms.katalon.core.exception.StepFailedException: Unable to click on object 'Object Repository/Objects.ClickBlueButtonsWithXPI/span_Reset'
	at com.kms.katalon.core.webui.keyword.internal.WebUIKeywordMain.stepFailed(WebUIKeywordMain.groovy:64)
	at com.kms.katalon.core.webui.keyword.internal.WebUIKeywordMain.runKeyword(WebUIKeywordMain.groovy:26)
	at com.kms.katalon.core.webui.keyword.builtin.ClickKeyword.click(ClickKeyword.groovy:76)
	at com.kms.katalon.core.webui.keyword.builtin.ClickKeyword.execute(ClickKeyword.groovy:43)
	at com.kms.katalon.core.keyword.internal.KeywordExecutor.executeKeywordForPlatform(KeywordExecutor.groovy:72)
	at com.kms.katalon.core.webui.keyword.WebUiBuiltInKeywords.click(WebUiBuiltInKeywords.groovy:616)
	at com.kms.katalon.core.webui.keyword.WebUiBuiltInKeywords$click$9.call(Unknown Source)
	at ClickBlueButtonsWithXPI.run(ClickBlueButtonsWithXPI:35)
	at com.kms.katalon.core.main.ScriptEngine.run(ScriptEngine.java:194)
	at com.kms.katalon.core.main.ScriptEngine.runScriptAsRawText(ScriptEngine.java:119)
	at com.kms.katalon.core.main.TestCaseExecutor.runScript(TestCaseExecutor.java:337)
	at com.kms.katalon.core.main.TestCaseExecutor.doExecute(TestCaseExecutor.java:328)
	at com.kms.katalon.core.main.TestCaseExecutor.processExecutionPhase(TestCaseExecutor.java:307)
	at com.kms.katalon.core.main.TestCaseExecutor.accessMainPhase(TestCaseExecutor.java:299)
	at com.kms.katalon.core.main.TestCaseExecutor.execute(TestCaseExecutor.java:233)
	at com.kms.katalon.core.main.TestCaseMain.runTestCase(TestCaseMain.java:114)
	at com.kms.katalon.core.keyword.builtin.CallTestCaseKeyword$_callTestCase_closure1.doCall(CallTestCaseKeyword.groovy:59)
	at com.kms.katalon.core.keyword.builtin.CallTestCaseKeyword$_callTestCase_closure1.call(CallTestCaseKeyword.groovy)
	at com.kms.katalon.core.keyword.internal.KeywordMain.runKeyword(KeywordMain.groovy:68)
	at com.kms.katalon.core.keyword.builtin.CallTestCaseKeyword.callTestCase(CallTestCaseKeyword.groovy:81)
	at com.kms.katalon.core.keyword.builtin.CallTestCaseKeyword.execute(CallTestCaseKeyword.groovy:44)
	at com.kms.katalon.core.keyword.internal.KeywordExecutor.executeKeywordForPlatform(KeywordExecutor.groovy:72)
	at com.kms.katalon.core.keyword.BuiltinKeywords.callTestCase(BuiltinKeywords.groovy:334)
	at BCAISPS-14771.TCID001.run(BCAISPS-14771.TCID001:67)
	at com.kms.katalon.core.main.ScriptEngine.run(ScriptEngine.java:194)
	at com.kms.katalon.core.main.ScriptEngine.runScriptAsRawText(ScriptEngine.java:119)
	at com.kms.katalon.core.main.TestCaseExecutor.runScript(TestCaseExecutor.java:337)
	at com.kms.katalon.core.main.TestCaseExecutor.doExecute(TestCaseExecutor.java:328)
	at com.kms.katalon.core.main.TestCaseExecutor.processExecutionPhase(TestCaseExecutor.java:307)
	at com.kms.katalon.core.main.TestCaseExecutor.accessMainPhase(TestCaseExecutor.java:299)
	at com.kms.katalon.core.main.TestCaseExecutor.execute(TestCaseExecutor.java:233)
	at com.kms.katalon.core.main.TestSuiteExecutor.accessTestCaseMainPhase(TestSuiteExecutor.java:169)
	at com.kms.katalon.core.main.TestSuiteExecutor.accessTestSuiteMainPhase(TestSuiteExecutor.java:142)
	at com.kms.katalon.core.main.TestSuiteExecutor.execute(TestSuiteExecutor.java:91)
	at com.kms.katalon.core.main.TestCaseMain.startTestSuite(TestCaseMain.java:157)
	at com.kms.katalon.core.main.TestCaseMain$startTestSuite$0.call(Unknown Source)
	at TempTestSuite1589508261822.run(TempTestSuite1589508261822.groovy:36)
Caused by: org.openqa.selenium.ElementNotInteractableException: element not interactable
  (Session info: chrome=79.0.3945.88)
Build info: version: '3.141.59', revision: 'e82be7d358', time: '2018-11-14T08:25:53'
System info: host: 'NSNB-004', ip: '192.168.16.44', os.name: 'Windows 10', os.arch: 'amd64', os.version: '10.0', java.version: '1.8.0_181'
Driver info: com.kms.katalon.selenium.driver.CChromeDriver
Capabilities {acceptInsecureCerts: false, browserName: chrome, browserVersion: 79.0.3945.88, chrome: {chromedriverVersion: 79.0.3945.36 (3582db32b3389..., userDataDir: C:\Users\20008-~1\AppData\L...}, goog:chromeOptions: {debuggerAddress: localhost:56802}, javascriptEnabled: true, networkConnectionEnabled: false, pageLoadStrategy: normal, platform: WINDOWS, platformName: WINDOWS, proxy: Proxy(), setWindowRect: true, strictFileInteractability: false, timeouts: {implicit: 0, pageLoad: 300000, script: 30000}, unhandledPromptBehavior: dismiss and notify}
Session ID: 722a6e01070da1d1ea75f4e26e30f802
	at org.openqa.selenium.remote.http.W3CHttpResponseCodec.createException(W3CHttpResponseCodec.java:187)
	at org.openqa.selenium.remote.http.W3CHttpResponseCodec.decode(W3CHttpResponseCodec.java:122)
	at org.openqa.selenium.remote.http.W3CHttpResponseCodec.decode(W3CHttpResponseCodec.java:49)
	at org.openqa.selenium.remote.HttpCommandExecutor.execute(HttpCommandExecutor.java:158)
	at org.openqa.selenium.remote.service.DriverCommandExecutor.execute(DriverCommandExecutor.java:83)
	at org.openqa.selenium.remote.RemoteWebDriver.execute(RemoteWebDriver.java:552)
	at com.kms.katalon.selenium.driver.CChromeDriver.execute(CChromeDriver.java:19)
	at org.openqa.selenium.remote.RemoteWebElement.execute(RemoteWebElement.java:285)
	at org.openqa.selenium.remote.RemoteWebElement.click(RemoteWebElement.java:84)
	at org.openqa.selenium.support.events.EventFiringWebDriver$EventFiringWebElement.lambda$new$0(EventFiringWebDriver.java:404)
	at com.sun.proxy.$Proxy9.click(Unknown Source)
	at org.openqa.selenium.support.events.EventFiringWebDriver$EventFiringWebElement.click(EventFiringWebDriver.java:417)
	at com.kms.katalon.core.webui.keyword.builtin.ClickKeyword$_click_closure1.doCall(ClickKeyword.groovy:69)
	at com.kms.katalon.core.webui.keyword.builtin.ClickKeyword$_click_closure1.call(ClickKeyword.groovy)
	at com.kms.katalon.core.webui.keyword.internal.WebUIKeywordMain.runKeyword(WebUIKeywordMain.groovy:20)
	at com.kms.katalon.core.webui.keyword.builtin.ClickKeyword.click(ClickKeyword.groovy:76)
	at com.kms.katalon.core.webui.keyword.builtin.ClickKeyword.execute(ClickKeyword.groovy:43)
	at com.kms.katalon.core.keyword.internal.KeywordExecutor.executeKeywordForPlatform(KeywordExecutor.groovy:72)
	at com.kms.katalon.core.webui.keyword.WebUiBuiltInKeywords.click(WebUiBuiltInKeywords.groovy:616)
	at com.kms.katalon.core.webui.keyword.WebUiBuiltInKeywords$click$9.call(Unknown Source)
	at Script1568773569821.run(Script1568773569821.groovy:35)
	at com.kms.katalon.core.main.ScriptEngine.run(ScriptEngine.java:194)
	at com.kms.katalon.core.main.ScriptEngine.runScriptAsRawText(ScriptEngine.java:119)
	at com.kms.katalon.core.main.TestCaseExecutor.runScript(TestCaseExecutor.java:337)
	at com.kms.katalon.core.main.TestCaseExecutor.doExecute(TestCaseExecutor.java:328)
	at com.kms.katalon.core.main.TestCaseExecutor.processExecutionPhase(TestCaseExecutor.java:307)
	at com.kms.katalon.core.main.TestCaseExecutor.accessMainPhase(TestCaseExecutor.java:299)
	at com.kms.katalon.core.main.TestCaseExecutor.execute(TestCaseExecutor.java:233)
	at com.kms.katalon.core.main.TestCaseMain.runTestCase(TestCaseMain.java:114)
	at com.kms.katalon.core.keyword.builtin.CallTestCaseKeyword$_callTestCase_closure1.doCall(CallTestCaseKeyword.groovy:59)
	at com.kms.katalon.core.keyword.builtin.CallTestCaseKeyword$_callTestCase_closure1.call(CallTestCaseKeyword.groovy)
	at com.kms.katalon.core.keyword.internal.KeywordMain.runKeyword(KeywordMain.groovy:68)
	at com.kms.katalon.core.keyword.builtin.CallTestCaseKeyword.callTestCase(CallTestCaseKeyword.groovy:81)
	at com.kms.katalon.core.keyword.builtin.CallTestCaseKeyword.execute(CallTestCaseKeyword.groovy:44)
	at com.kms.katalon.core.keyword.internal.KeywordExecutor.executeKeywordForPlatform(KeywordExecutor.groovy:72)
	at com.kms.katalon.core.keyword.BuiltinKeywords.callTestCase(BuiltinKeywords.groovy:334)
	at Script1586224568046.run(Script1586224568046.groovy:67)
	... 13 more
)
[[ATTACHMENT|C:\\Users\\20008-KMLM\\Desktop\\ISPS Automation\\Reports\\20200515_100417\\JIRA Automated Regression Suites (JARS)\\BE\\Utilities\\20200515_100417\\1589509640394.png]]

2020-05-15 10:27:21 - [MESSAGE][WARNING] - Unable to call Test Case 'Test Cases/Components/ClickBlueButtonsWithXPI' (Root cause: com.kms.katalon.core.exception.StepFailedException: Call Test Case 'Test Cases/Components/ClickBlueButtonsWithXPI' failed
	at com.kms.katalon.core.keyword.builtin.CallTestCaseKeyword$_callTestCase_closure1.doCall(CallTestCaseKeyword.groovy:63)
	at com.kms.katalon.core.keyword.builtin.CallTestCaseKeyword$_callTestCase_closure1.call(CallTestCaseKeyword.groovy)
	at com.kms.katalon.core.keyword.internal.KeywordMain.runKeyword(KeywordMain.groovy:68)
	at com.kms.katalon.core.keyword.builtin.CallTestCaseKeyword.callTestCase(CallTestCaseKeyword.groovy:81)
	at com.kms.katalon.core.keyword.builtin.CallTestCaseKeyword.execute(CallTestCaseKeyword.groovy:44)
	at com.kms.katalon.core.keyword.internal.KeywordExecutor.executeKeywordForPlatform(KeywordExecutor.groovy:72)
	at com.kms.katalon.core.keyword.BuiltinKeywords.callTestCase(BuiltinKeywords.groovy:334)
	at BCAISPS-14771.TCID001.run(BCAISPS-14771.TCID001:67)
	at com.kms.katalon.core.main.ScriptEngine.run(ScriptEngine.java:194)
	at com.kms.katalon.core.main.ScriptEngine.runScriptAsRawText(ScriptEngine.java:119)
	at com.kms.katalon.core.main.TestCaseExecutor.runScript(TestCaseExecutor.java:337)
	at com.kms.katalon.core.main.TestCaseExecutor.doExecute(TestCaseExecutor.java:328)
	at com.kms.katalon.core.main.TestCaseExecutor.processExecutionPhase(TestCaseExecutor.java:307)
	at com.kms.katalon.core.main.TestCaseExecutor.accessMainPhase(TestCaseExecutor.java:299)
	at com.kms.katalon.core.main.TestCaseExecutor.execute(TestCaseExecutor.java:233)
	at com.kms.katalon.core.main.TestSuiteExecutor.accessTestCaseMainPhase(TestSuiteExecutor.java:169)
	at com.kms.katalon.core.main.TestSuiteExecutor.accessTestSuiteMainPhase(TestSuiteExecutor.java:142)
	at com.kms.katalon.core.main.TestSuiteExecutor.execute(TestSuiteExecutor.java:91)
	at com.kms.katalon.core.main.TestCaseMain.startTestSuite(TestCaseMain.java:157)
	at com.kms.katalon.core.main.TestCaseMain$startTestSuite$0.call(Unknown Source)
	at TempTestSuite1589508261822.run(TempTestSuite1589508261822.groovy:36)
Caused by: com.kms.katalon.core.exception.StepFailedException: Unable to click on object 'Object Repository/Objects.ClickBlueButtonsWithXPI/span_Reset'
	at com.kms.katalon.core.webui.keyword.internal.WebUIKeywordMain.stepFailed(WebUIKeywordMain.groovy:64)
	at com.kms.katalon.core.webui.keyword.internal.WebUIKeywordMain.runKeyword(WebUIKeywordMain.groovy:26)
	at com.kms.katalon.core.webui.keyword.builtin.ClickKeyword.click(ClickKeyword.groovy:76)
	at com.kms.katalon.core.webui.keyword.builtin.ClickKeyword.execute(ClickKeyword.groovy:43)
	at com.kms.katalon.core.keyword.internal.KeywordExecutor.executeKeywordForPlatform(KeywordExecutor.groovy:72)
	at com.kms.katalon.core.webui.keyword.WebUiBuiltInKeywords.click(WebUiBuiltInKeywords.groovy:616)
	at com.kms.katalon.core.webui.keyword.WebUiBuiltInKeywords$click$9.call(Unknown Source)
	at ClickBlueButtonsWithXPI.run(ClickBlueButtonsWithXPI:35)
	at com.kms.katalon.core.main.ScriptEngine.run(ScriptEngine.java:194)
	at com.kms.katalon.core.main.ScriptEngine.runScriptAsRawText(ScriptEngine.java:119)
	at com.kms.katalon.core.main.TestCaseExecutor.runScript(TestCaseExecutor.java:337)
	at com.kms.katalon.core.main.TestCaseExecutor.doExecute(TestCaseExecutor.java:328)
	at com.kms.katalon.core.main.TestCaseExecutor.processExecutionPhase(TestCaseExecutor.java:307)
	at com.kms.katalon.core.main.TestCaseExecutor.accessMainPhase(TestCaseExecutor.java:299)
	at com.kms.katalon.core.main.TestCaseExecutor.execute(TestCaseExecutor.java:233)
	at com.kms.katalon.core.main.TestCaseMain.runTestCase(TestCaseMain.java:114)
	at com.kms.katalon.core.keyword.builtin.CallTestCaseKeyword$_callTestCase_closure1.doCall(CallTestCaseKeyword.groovy:59)
	... 20 more
Caused by: org.openqa.selenium.ElementNotInteractableException: element not interactable
  (Session info: chrome=79.0.3945.88)
Build info: version: '3.141.59', revision: 'e82be7d358', time: '2018-11-14T08:25:53'
System info: host: 'NSNB-004', ip: '192.168.16.44', os.name: 'Windows 10', os.arch: 'amd64', os.version: '10.0', java.version: '1.8.0_181'
Driver info: com.kms.katalon.selenium.driver.CChromeDriver
Capabilities {acceptInsecureCerts: false, browserName: chrome, browserVersion: 79.0.3945.88, chrome: {chromedriverVersion: 79.0.3945.36 (3582db32b3389..., userDataDir: C:\Users\20008-~1\AppData\L...}, goog:chromeOptions: {debuggerAddress: localhost:56802}, javascriptEnabled: true, networkConnectionEnabled: false, pageLoadStrategy: normal, platform: WINDOWS, platformName: WINDOWS, proxy: Proxy(), setWindowRect: true, strictFileInteractability: false, timeouts: {implicit: 0, pageLoad: 300000, script: 30000}, unhandledPromptBehavior: dismiss and notify}
Session ID: 722a6e01070da1d1ea75f4e26e30f802
	at org.openqa.selenium.remote.http.W3CHttpResponseCodec.createException(W3CHttpResponseCodec.java:187)
	at org.openqa.selenium.remote.http.W3CHttpResponseCodec.decode(W3CHttpResponseCodec.java:122)
	at org.openqa.selenium.remote.http.W3CHttpResponseCodec.decode(W3CHttpResponseCodec.java:49)
	at org.openqa.selenium.remote.HttpCommandExecutor.execute(HttpCommandExecutor.java:158)
	at org.openqa.selenium.remote.service.DriverCommandExecutor.execute(DriverCommandExecutor.java:83)
	at org.openqa.selenium.remote.RemoteWebDriver.execute(RemoteWebDriver.java:552)
	at com.kms.katalon.selenium.driver.CChromeDriver.execute(CChromeDriver.java:19)
	at org.openqa.selenium.remote.RemoteWebElement.execute(RemoteWebElement.java:285)
	at org.openqa.selenium.remote.RemoteWebElement.click(RemoteWebElement.java:84)
	at org.openqa.selenium.support.events.EventFiringWebDriver$EventFiringWebElement.lambda$new$0(EventFiringWebDriver.java:404)
	at com.sun.proxy.$Proxy9.click(Unknown Source)
	at org.openqa.selenium.support.events.EventFiringWebDriver$EventFiringWebElement.click(EventFiringWebDriver.java:417)
	at com.kms.katalon.core.webui.keyword.builtin.ClickKeyword$_click_closure1.doCall(ClickKeyword.groovy:69)
	at com.kms.katalon.core.webui.keyword.builtin.ClickKeyword$_click_closure1.call(ClickKeyword.groovy)
	at com.kms.katalon.core.webui.keyword.internal.WebUIKeywordMain.runKeyword(WebUIKeywordMain.groovy:20)
	... 35 more
)

2020-05-15 10:27:21 - [TEST_STEP][FAILED] - callTestCase(findTestCase("Components/SetTextOnField"), ["tagToBeUsed":"input", "nameToBeUsed":"NovaComboBox-2006-inputEl", "textToBeInputted":"[BCBE-SIWDA]"], STOP_ON_FAILURE): Unable to call Test Case 'Test Cases/Components/SetTextOnField' (Root cause: com.kms.katalon.core.exception.StepErrorException: Call Test Case 'Test Cases/Components/SetTextOnField' failed because of error(s)
	at com.kms.katalon.core.keyword.builtin.CallTestCaseKeyword$_callTestCase_closure1.doCall(CallTestCaseKeyword.groovy:66)
	at com.kms.katalon.core.keyword.builtin.CallTestCaseKeyword$_callTestCase_closure1.call(CallTestCaseKeyword.groovy)
	at com.kms.katalon.core.keyword.internal.KeywordMain.runKeyword(KeywordMain.groovy:68)
	at com.kms.katalon.core.keyword.builtin.CallTestCaseKeyword.callTestCase(CallTestCaseKeyword.groovy:81)
	at com.kms.katalon.core.keyword.builtin.CallTestCaseKeyword.execute(CallTestCaseKeyword.groovy:44)
	at com.kms.katalon.core.keyword.internal.KeywordExecutor.executeKeywordForPlatform(KeywordExecutor.groovy:72)
	at com.kms.katalon.core.keyword.BuiltinKeywords.callTestCase(BuiltinKeywords.groovy:334)
	at BCAISPS-14771.TCID001.run(BCAISPS-14771.TCID001:71)
	at com.kms.katalon.core.main.ScriptEngine.run(ScriptEngine.java:194)
	at com.kms.katalon.core.main.ScriptEngine.runScriptAsRawText(ScriptEngine.java:119)
	at com.kms.katalon.core.main.TestCaseExecutor.runScript(TestCaseExecutor.java:337)
	at com.kms.katalon.core.main.TestCaseExecutor.doExecute(TestCaseExecutor.java:328)
	at com.kms.katalon.core.main.TestCaseExecutor.processExecutionPhase(TestCaseExecutor.java:307)
	at com.kms.katalon.core.main.TestCaseExecutor.accessMainPhase(TestCaseExecutor.java:299)
	at com.kms.katalon.core.main.TestCaseExecutor.execute(TestCaseExecutor.java:233)
	at com.kms.katalon.core.main.TestSuiteExecutor.accessTestCaseMainPhase(TestSuiteExecutor.java:169)
	at com.kms.katalon.core.main.TestSuiteExecutor.accessTestSuiteMainPhase(TestSuiteExecutor.java:142)
	at com.kms.katalon.core.main.TestSuiteExecutor.execute(TestSuiteExecutor.java:91)
	at com.kms.katalon.core.main.TestCaseMain.startTestSuite(TestCaseMain.java:157)
	at com.kms.katalon.core.main.TestCaseMain$startTestSuite$0.call(Unknown Source)
	at TempTestSuite1589508261822.run(TempTestSuite1589508261822.groovy:36)
Caused by: org.codehaus.groovy.runtime.InvokerInvocationException: java.lang.AssertionError: Web element with id: 'Object Repository/Objects.SetTextOnField/sampleField' located by 'By.xpath: //*[@name = 'NovaComboBox-2006-inputEl']' not found
	at com.reusableComponents.HighlightElement.invokeMethod(HighlightElement.groovy)
	at com.kms.katalon.core.main.CustomKeywordDelegatingMetaClass.invokeStaticMethod(CustomKeywordDelegatingMetaClass.java:50)
	at SetTextOnField.run(SetTextOnField:34)
	at com.kms.katalon.core.main.ScriptEngine.run(ScriptEngine.java:194)
	at com.kms.katalon.core.main.ScriptEngine.runScriptAsRawText(ScriptEngine.java:119)
	at com.kms.katalon.core.main.TestCaseExecutor.runScript(TestCaseExecutor.java:337)
	at com.kms.katalon.core.main.TestCaseExecutor.doExecute(TestCaseExecutor.java:328)
	at com.kms.katalon.core.main.TestCaseExecutor.processExecutionPhase(TestCaseExecutor.java:307)
	at com.kms.katalon.core.main.TestCaseExecutor.accessMainPhase(TestCaseExecutor.java:299)
	at com.kms.katalon.core.main.TestCaseExecutor.execute(TestCaseExecutor.java:233)
	at com.kms.katalon.core.main.TestCaseMain.runTestCase(TestCaseMain.java:114)
	at com.kms.katalon.core.keyword.builtin.CallTestCaseKeyword$_callTestCase_closure1.doCall(CallTestCaseKeyword.groovy:59)
	... 20 more
Caused by: java.lang.AssertionError: Web element with id: 'Object Repository/Objects.SetTextOnField/sampleField' located by 'By.xpath: //*[@name = 'NovaComboBox-2006-inputEl']' not found
	at org.testng.Assert.fail(Assert.java:93)
	at org.testng.Assert$fail.call(Unknown Source)
	at com.reusableComponents.HighlightElement.run(HighlightElement.groovy:27)
	... 32 more
)

2020-05-15 10:27:21 - [TEST_CASE][ERROR] - Test Cases/Components/SetTextOnField: Test Cases/Components/SetTextOnField FAILED.
Reason:
org.codehaus.groovy.runtime.InvokerInvocationException: java.lang.AssertionError: Web element with id: 'Object Repository/Objects.SetTextOnField/sampleField' located by 'By.xpath: //*[@name = 'NovaComboBox-2006-inputEl']' not found
	at com.reusableComponents.HighlightElement.invokeMethod(HighlightElement.groovy)
	at com.kms.katalon.core.main.CustomKeywordDelegatingMetaClass.invokeStaticMethod(CustomKeywordDelegatingMetaClass.java:50)
	at SetTextOnField.run(SetTextOnField:34)
	at com.kms.katalon.core.main.ScriptEngine.run(ScriptEngine.java:194)
	at com.kms.katalon.core.main.ScriptEngine.runScriptAsRawText(ScriptEngine.java:119)
	at com.kms.katalon.core.main.TestCaseExecutor.runScript(TestCaseExecutor.java:337)
	at com.kms.katalon.core.main.TestCaseExecutor.doExecute(TestCaseExecutor.java:328)
	at com.kms.katalon.core.main.TestCaseExecutor.processExecutionPhase(TestCaseExecutor.java:307)
	at com.kms.katalon.core.main.TestCaseExecutor.accessMainPhase(TestCaseExecutor.java:299)
	at com.kms.katalon.core.main.TestCaseExecutor.execute(TestCaseExecutor.java:233)
	at com.kms.katalon.core.main.TestCaseMain.runTestCase(TestCaseMain.java:114)
	at com.kms.katalon.core.keyword.builtin.CallTestCaseKeyword$_callTestCase_closure1.doCall(CallTestCaseKeyword.groovy:59)
	at com.kms.katalon.core.keyword.builtin.CallTestCaseKeyword$_callTestCase_closure1.call(CallTestCaseKeyword.groovy)
	at com.kms.katalon.core.keyword.internal.KeywordMain.runKeyword(KeywordMain.groovy:68)
	at com.kms.katalon.core.keyword.builtin.CallTestCaseKeyword.callTestCase(CallTestCaseKeyword.groovy:81)
	at com.kms.katalon.core.keyword.builtin.CallTestCaseKeyword.execute(CallTestCaseKeyword.groovy:44)
	at com.kms.katalon.core.keyword.internal.KeywordExecutor.executeKeywordForPlatform(KeywordExecutor.groovy:72)
	at com.kms.katalon.core.keyword.BuiltinKeywords.callTestCase(BuiltinKeywords.groovy:334)
	at BCAISPS-14771.TCID001.run(BCAISPS-14771.TCID001:71)
	at com.kms.katalon.core.main.ScriptEngine.run(ScriptEngine.java:194)
	at com.kms.katalon.core.main.ScriptEngine.runScriptAsRawText(ScriptEngine.java:119)
	at com.kms.katalon.core.main.TestCaseExecutor.runScript(TestCaseExecutor.java:337)
	at com.kms.katalon.core.main.TestCaseExecutor.doExecute(TestCaseExecutor.java:328)
	at com.kms.katalon.core.main.TestCaseExecutor.processExecutionPhase(TestCaseExecutor.java:307)
	at com.kms.katalon.core.main.TestCaseExecutor.accessMainPhase(TestCaseExecutor.java:299)
	at com.kms.katalon.core.main.TestCaseExecutor.execute(TestCaseExecutor.java:233)
	at com.kms.katalon.core.main.TestSuiteExecutor.accessTestCaseMainPhase(TestSuiteExecutor.java:169)
	at com.kms.katalon.core.main.TestSuiteExecutor.accessTestSuiteMainPhase(TestSuiteExecutor.java:142)
	at com.kms.katalon.core.main.TestSuiteExecutor.execute(TestSuiteExecutor.java:91)
	at com.kms.katalon.core.main.TestCaseMain.startTestSuite(TestCaseMain.java:157)
	at com.kms.katalon.core.main.TestCaseMain$startTestSuite$0.call(Unknown Source)
	at TempTestSuite1589508261822.run(TempTestSuite1589508261822.groovy:36)
Caused by: java.lang.AssertionError: Web element with id: 'Object Repository/Objects.SetTextOnField/sampleField' located by 'By.xpath: //*[@name = 'NovaComboBox-2006-inputEl']' not found
	at org.testng.Assert.fail(Assert.java:93)
	at org.testng.Assert$fail.call(Unknown Source)
	at com.reusableComponents.HighlightElement.run(HighlightElement.groovy:27)
	... 32 more


2020-05-15 10:27:21 - [TEST_STEP][PASSED] - Thread.sleep(1000): null

2020-05-15 10:27:22 - [TEST_STEP][PASSED] - modifiedTagOfField = modifyObjectProperty(findTestObject("Objects.SetTextOnField/sampleField"), "tag", "equals", tagToBeUsed, false): Modify property of object successfully

2020-05-15 10:27:22 - [MESSAGE][PASSED] - Modify property of object successfully

2020-05-15 10:27:22 - [TEST_STEP][PASSED] - modifiedNameOfField = modifyObjectProperty(modifiedTagOfField, "name", "equals", nameToBeUsed, true): Modify property of object successfully

2020-05-15 10:27:22 - [MESSAGE][PASSED] - Modify property of object successfully

2020-05-15 10:27:22 - [TEST_STEP][FAILED] - com.reusableComponents.HighlightElement.run(modifiedNameOfField): java.lang.AssertionError: Web element with id: 'Object Repository/Objects.SetTextOnField/sampleField' located by 'By.xpath: //*[@name = 'NovaComboBox-2006-inputEl']' not found

2020-05-15 10:27:56 - [MESSAGE][INFO] - Unable to find the element located by 'By.xpath: //*[@name = 'NovaComboBox-2006-inputEl']'. Please recheck the objects properties to make sure the desired element is located. 

2020-05-15 10:27:56 - [MESSAGE][FAILED] - java.lang.AssertionError: Web element with id: 'Object Repository/Objects.SetTextOnField/sampleField' located by 'By.xpath: //*[@name = 'NovaComboBox-2006-inputEl']' not found

2020-05-15 10:27:56 - [MESSAGE][FAILED] - Unable to call Test Case 'Test Cases/Components/SetTextOnField' (Root cause: com.kms.katalon.core.exception.StepErrorException: Call Test Case 'Test Cases/Components/SetTextOnField' failed because of error(s)
	at com.kms.katalon.core.keyword.builtin.CallTestCaseKeyword$_callTestCase_closure1.doCall(CallTestCaseKeyword.groovy:66)
	at com.kms.katalon.core.keyword.builtin.CallTestCaseKeyword$_callTestCase_closure1.call(CallTestCaseKeyword.groovy)
	at com.kms.katalon.core.keyword.internal.KeywordMain.runKeyword(KeywordMain.groovy:68)
	at com.kms.katalon.core.keyword.builtin.CallTestCaseKeyword.callTestCase(CallTestCaseKeyword.groovy:81)
	at com.kms.katalon.core.keyword.builtin.CallTestCaseKeyword.execute(CallTestCaseKeyword.groovy:44)
	at com.kms.katalon.core.keyword.internal.KeywordExecutor.executeKeywordForPlatform(KeywordExecutor.groovy:72)
	at com.kms.katalon.core.keyword.BuiltinKeywords.callTestCase(BuiltinKeywords.groovy:334)
	at BCAISPS-14771.TCID001.run(BCAISPS-14771.TCID001:71)
	at com.kms.katalon.core.main.ScriptEngine.run(ScriptEngine.java:194)
	at com.kms.katalon.core.main.ScriptEngine.runScriptAsRawText(ScriptEngine.java:119)
	at com.kms.katalon.core.main.TestCaseExecutor.runScript(TestCaseExecutor.java:337)
	at com.kms.katalon.core.main.TestCaseExecutor.doExecute(TestCaseExecutor.java:328)
	at com.kms.katalon.core.main.TestCaseExecutor.processExecutionPhase(TestCaseExecutor.java:307)
	at com.kms.katalon.core.main.TestCaseExecutor.accessMainPhase(TestCaseExecutor.java:299)
	at com.kms.katalon.core.main.TestCaseExecutor.execute(TestCaseExecutor.java:233)
	at com.kms.katalon.core.main.TestSuiteExecutor.accessTestCaseMainPhase(TestSuiteExecutor.java:169)
	at com.kms.katalon.core.main.TestSuiteExecutor.accessTestSuiteMainPhase(TestSuiteExecutor.java:142)
	at com.kms.katalon.core.main.TestSuiteExecutor.execute(TestSuiteExecutor.java:91)
	at com.kms.katalon.core.main.TestCaseMain.startTestSuite(TestCaseMain.java:157)
	at com.kms.katalon.core.main.TestCaseMain$startTestSuite$0.call(Unknown Source)
	at TempTestSuite1589508261822.run(TempTestSuite1589508261822.groovy:36)
Caused by: org.codehaus.groovy.runtime.InvokerInvocationException: java.lang.AssertionError: Web element with id: 'Object Repository/Objects.SetTextOnField/sampleField' located by 'By.xpath: //*[@name = 'NovaComboBox-2006-inputEl']' not found
	at com.reusableComponents.HighlightElement.invokeMethod(HighlightElement.groovy)
	at com.kms.katalon.core.main.CustomKeywordDelegatingMetaClass.invokeStaticMethod(CustomKeywordDelegatingMetaClass.java:50)
	at SetTextOnField.run(SetTextOnField:34)
	at com.kms.katalon.core.main.ScriptEngine.run(ScriptEngine.java:194)
	at com.kms.katalon.core.main.ScriptEngine.runScriptAsRawText(ScriptEngine.java:119)
	at com.kms.katalon.core.main.TestCaseExecutor.runScript(TestCaseExecutor.java:337)
	at com.kms.katalon.core.main.TestCaseExecutor.doExecute(TestCaseExecutor.java:328)
	at com.kms.katalon.core.main.TestCaseExecutor.processExecutionPhase(TestCaseExecutor.java:307)
	at com.kms.katalon.core.main.TestCaseExecutor.accessMainPhase(TestCaseExecutor.java:299)
	at com.kms.katalon.core.main.TestCaseExecutor.execute(TestCaseExecutor.java:233)
	at com.kms.katalon.core.main.TestCaseMain.runTestCase(TestCaseMain.java:114)
	at com.kms.katalon.core.keyword.builtin.CallTestCaseKeyword$_callTestCase_closure1.doCall(CallTestCaseKeyword.groovy:59)
	... 20 more
Caused by: java.lang.AssertionError: Web element with id: 'Object Repository/Objects.SetTextOnField/sampleField' located by 'By.xpath: //*[@name = 'NovaComboBox-2006-inputEl']' not found
	at org.testng.Assert.fail(Assert.java:93)
	at org.testng.Assert$fail.call(Unknown Source)
	at com.reusableComponents.HighlightElement.run(HighlightElement.groovy:27)
	... 32 more
)]]></system-out>
         <system-err><![CDATA[2020-05-15 10:24:08 - [TEST_CASE][ERROR] - Test Cases/Jira/BE/Utilities/BCAISPS-14771/BCAISPS-14771.TCID001: Test Cases/Jira/BE/Utilities/BCAISPS-14771/BCAISPS-14771.TCID001 FAILED.
Reason:
com.kms.katalon.core.exception.StepErrorException: Call Test Case 'Test Cases/Components/SetTextOnField' failed because of error(s)
	at com.kms.katalon.core.keyword.builtin.CallTestCaseKeyword$_callTestCase_closure1.doCall(CallTestCaseKeyword.groovy:66)
	at com.kms.katalon.core.keyword.builtin.CallTestCaseKeyword$_callTestCase_closure1.call(CallTestCaseKeyword.groovy)
	at com.kms.katalon.core.keyword.internal.KeywordMain.runKeyword(KeywordMain.groovy:68)
	at com.kms.katalon.core.keyword.builtin.CallTestCaseKeyword.callTestCase(CallTestCaseKeyword.groovy:81)
	at com.kms.katalon.core.keyword.builtin.CallTestCaseKeyword.execute(CallTestCaseKeyword.groovy:44)
	at com.kms.katalon.core.keyword.internal.KeywordExecutor.executeKeywordForPlatform(KeywordExecutor.groovy:72)
	at com.kms.katalon.core.keyword.BuiltinKeywords.callTestCase(BuiltinKeywords.groovy:334)
	at BCAISPS-14771.TCID001.run(BCAISPS-14771.TCID001:71)
	at com.kms.katalon.core.main.ScriptEngine.run(ScriptEngine.java:194)
	at com.kms.katalon.core.main.ScriptEngine.runScriptAsRawText(ScriptEngine.java:119)
	at com.kms.katalon.core.main.TestCaseExecutor.runScript(TestCaseExecutor.java:337)
	at com.kms.katalon.core.main.TestCaseExecutor.doExecute(TestCaseExecutor.java:328)
	at com.kms.katalon.core.main.TestCaseExecutor.processExecutionPhase(TestCaseExecutor.java:307)
	at com.kms.katalon.core.main.TestCaseExecutor.accessMainPhase(TestCaseExecutor.java:299)
	at com.kms.katalon.core.main.TestCaseExecutor.execute(TestCaseExecutor.java:233)
	at com.kms.katalon.core.main.TestSuiteExecutor.accessTestCaseMainPhase(TestSuiteExecutor.java:169)
	at com.kms.katalon.core.main.TestSuiteExecutor.accessTestSuiteMainPhase(TestSuiteExecutor.java:142)
	at com.kms.katalon.core.main.TestSuiteExecutor.execute(TestSuiteExecutor.java:91)
	at com.kms.katalon.core.main.TestCaseMain.startTestSuite(TestCaseMain.java:157)
	at com.kms.katalon.core.main.TestCaseMain$startTestSuite$0.call(Unknown Source)
	at TempTestSuite1589508261822.run(TempTestSuite1589508261822.groovy:36)
Caused by: org.codehaus.groovy.runtime.InvokerInvocationException: java.lang.AssertionError: Web element with id: 'Object Repository/Objects.SetTextOnField/sampleField' located by 'By.xpath: //*[@name = 'NovaComboBox-2006-inputEl']' not found
	at com.reusableComponents.HighlightElement.invokeMethod(HighlightElement.groovy)
	at com.kms.katalon.core.main.CustomKeywordDelegatingMetaClass.invokeStaticMethod(CustomKeywordDelegatingMetaClass.java:50)
	at SetTextOnField.run(SetTextOnField:34)
	at com.kms.katalon.core.main.ScriptEngine.run(ScriptEngine.java:194)
	at com.kms.katalon.core.main.ScriptEngine.runScriptAsRawText(ScriptEngine.java:119)
	at com.kms.katalon.core.main.TestCaseExecutor.runScript(TestCaseExecutor.java:337)
	at com.kms.katalon.core.main.TestCaseExecutor.doExecute(TestCaseExecutor.java:328)
	at com.kms.katalon.core.main.TestCaseExecutor.processExecutionPhase(TestCaseExecutor.java:307)
	at com.kms.katalon.core.main.TestCaseExecutor.accessMainPhase(TestCaseExecutor.java:299)
	at com.kms.katalon.core.main.TestCaseExecutor.execute(TestCaseExecutor.java:233)
	at com.kms.katalon.core.main.TestCaseMain.runTestCase(TestCaseMain.java:114)
	at com.kms.katalon.core.keyword.builtin.CallTestCaseKeyword$_callTestCase_closure1.doCall(CallTestCaseKeyword.groovy:59)
	... 20 more
Caused by: java.lang.AssertionError: Web element with id: 'Object Repository/Objects.SetTextOnField/sampleField' located by 'By.xpath: //*[@name = 'NovaComboBox-2006-inputEl']' not found
	at org.testng.Assert.fail(Assert.java:93)
	at org.testng.Assert$fail.call(Unknown Source)
	at com.reusableComponents.HighlightElement.run(HighlightElement.groovy:27)
	... 32 more]]></system-err>
      </testcase>
      <system-out><![CDATA[2020-05-15 10:04:35 - [TEST_SUITE][ERROR] - Utilities: Test Cases/Jira/BE/Utilities/BCAISPS-14661/BCAISPS-14661.TCID001 FAILED.
Reason:
com.kms.katalon.core.exception.StepErrorException: Call Test Case 'Test Cases/Components/PopulateACDetails' failed because of error(s)
	at com.kms.katalon.core.keyword.builtin.CallTestCaseKeyword$_callTestCase_closure1.doCall(CallTestCaseKeyword.groovy:66)
	at com.kms.katalon.core.keyword.builtin.CallTestCaseKeyword$_callTestCase_closure1.call(CallTestCaseKeyword.groovy)
	at com.kms.katalon.core.keyword.internal.KeywordMain.runKeyword(KeywordMain.groovy:68)
	at com.kms.katalon.core.keyword.builtin.CallTestCaseKeyword.callTestCase(CallTestCaseKeyword.groovy:81)
	at com.kms.katalon.core.keyword.builtin.CallTestCaseKeyword.execute(CallTestCaseKeyword.groovy:44)
	at com.kms.katalon.core.keyword.internal.KeywordExecutor.executeKeywordForPlatform(KeywordExecutor.groovy:72)
	at com.kms.katalon.core.keyword.BuiltinKeywords.callTestCase(BuiltinKeywords.groovy:334)
	at BCAISPS-14661.TCID001.run(BCAISPS-14661.TCID001:52)
	at com.kms.katalon.core.main.ScriptEngine.run(ScriptEngine.java:194)
	at com.kms.katalon.core.main.ScriptEngine.runScriptAsRawText(ScriptEngine.java:119)
	at com.kms.katalon.core.main.TestCaseExecutor.runScript(TestCaseExecutor.java:337)
	at com.kms.katalon.core.main.TestCaseExecutor.doExecute(TestCaseExecutor.java:328)
	at com.kms.katalon.core.main.TestCaseExecutor.processExecutionPhase(TestCaseExecutor.java:307)
	at com.kms.katalon.core.main.TestCaseExecutor.accessMainPhase(TestCaseExecutor.java:299)
	at com.kms.katalon.core.main.TestCaseExecutor.execute(TestCaseExecutor.java:233)
	at com.kms.katalon.core.main.TestSuiteExecutor.accessTestCaseMainPhase(TestSuiteExecutor.java:169)
	at com.kms.katalon.core.main.TestSuiteExecutor.accessTestSuiteMainPhase(TestSuiteExecutor.java:142)
	at com.kms.katalon.core.main.TestSuiteExecutor.execute(TestSuiteExecutor.java:91)
	at com.kms.katalon.core.main.TestCaseMain.startTestSuite(TestCaseMain.java:157)
	at com.kms.katalon.core.main.TestCaseMain$startTestSuite$0.call(Unknown Source)
	at TempTestSuite1589508261822.run(TempTestSuite1589508261822.groovy:36)
Caused by: com.kms.katalon.core.exception.StepErrorException: Call Test Case 'Test Cases/Components/AddACDetails' failed because of error(s)
	at com.kms.katalon.core.keyword.builtin.CallTestCaseKeyword$_callTestCase_closure1.doCall(CallTestCaseKeyword.groovy:66)
	at com.kms.katalon.core.keyword.builtin.CallTestCaseKeyword$_callTestCase_closure1.call(CallTestCaseKeyword.groovy)
	at com.kms.katalon.core.keyword.internal.KeywordMain.runKeyword(KeywordMain.groovy:68)
	at com.kms.katalon.core.keyword.builtin.CallTestCaseKeyword.callTestCase(CallTestCaseKeyword.groovy:81)
	at com.kms.katalon.core.keyword.builtin.CallTestCaseKeyword.execute(CallTestCaseKeyword.groovy:44)
	at com.kms.katalon.core.keyword.internal.KeywordExecutor.executeKeywordForPlatform(KeywordExecutor.groovy:72)
	at com.kms.katalon.core.keyword.BuiltinKeywords.callTestCase(BuiltinKeywords.groovy:334)
	at PopulateACDetails.run(PopulateACDetails:42)
	at com.kms.katalon.core.main.ScriptEngine.run(ScriptEngine.java:194)
	at com.kms.katalon.core.main.ScriptEngine.runScriptAsRawText(ScriptEngine.java:119)
	at com.kms.katalon.core.main.TestCaseExecutor.runScript(TestCaseExecutor.java:337)
	at com.kms.katalon.core.main.TestCaseExecutor.doExecute(TestCaseExecutor.java:328)
	at com.kms.katalon.core.main.TestCaseExecutor.processExecutionPhase(TestCaseExecutor.java:307)
	at com.kms.katalon.core.main.TestCaseExecutor.accessMainPhase(TestCaseExecutor.java:299)
	at com.kms.katalon.core.main.TestCaseExecutor.execute(TestCaseExecutor.java:233)
	at com.kms.katalon.core.main.TestCaseMain.runTestCase(TestCaseMain.java:114)
	at com.kms.katalon.core.keyword.builtin.CallTestCaseKeyword$_callTestCase_closure1.doCall(CallTestCaseKeyword.groovy:59)
	... 20 more
Caused by: java.io.FileNotFoundException: C:\Users\19023-RAC\Desktop\ISPS2 Automation\Data Files\Files\ISPS2 DB.xlsx
	at com.kms.katalon.core.testdata.reader.ExcelFactory.getExcelData(ExcelFactory.java:25)
	at com.kms.katalon.core.testdata.reader.ExcelFactory.getExcelDataWithDefaultSheet(ExcelFactory.java:17)
	at com.kms.katalon.core.testdata.reader.ExcelFactory$getExcelDataWithDefaultSheet.call(Unknown Source)
	at AddACDetails.run(AddACDetails:24)
	at com.kms.katalon.core.main.ScriptEngine.run(ScriptEngine.java:194)
	at com.kms.katalon.core.main.ScriptEngine.runScriptAsRawText(ScriptEngine.java:119)
	at com.kms.katalon.core.main.TestCaseExecutor.runScript(TestCaseExecutor.java:337)
	at com.kms.katalon.core.main.TestCaseExecutor.doExecute(TestCaseExecutor.java:328)
	at com.kms.katalon.core.main.TestCaseExecutor.processExecutionPhase(TestCaseExecutor.java:307)
	at com.kms.katalon.core.main.TestCaseExecutor.accessMainPhase(TestCaseExecutor.java:299)
	at com.kms.katalon.core.main.TestCaseExecutor.execute(TestCaseExecutor.java:233)
	at com.kms.katalon.core.main.TestCaseMain.runTestCase(TestCaseMain.java:114)
	at com.kms.katalon.core.keyword.builtin.CallTestCaseKeyword$_callTestCase_closure1.doCall(CallTestCaseKeyword.groovy:59)
	... 36 more]]></system-out>
      <system-err><![CDATA[2020-05-15 10:04:35 - [TEST_SUITE][ERROR] - Utilities: Test Cases/Jira/BE/Utilities/BCAISPS-14661/BCAISPS-14661.TCID001 FAILED.
Reason:
com.kms.katalon.core.exception.StepErrorException: Call Test Case 'Test Cases/Components/PopulateACDetails' failed because of error(s)
	at com.kms.katalon.core.keyword.builtin.CallTestCaseKeyword$_callTestCase_closure1.doCall(CallTestCaseKeyword.groovy:66)
	at com.kms.katalon.core.keyword.builtin.CallTestCaseKeyword$_callTestCase_closure1.call(CallTestCaseKeyword.groovy)
	at com.kms.katalon.core.keyword.internal.KeywordMain.runKeyword(KeywordMain.groovy:68)
	at com.kms.katalon.core.keyword.builtin.CallTestCaseKeyword.callTestCase(CallTestCaseKeyword.groovy:81)
	at com.kms.katalon.core.keyword.builtin.CallTestCaseKeyword.execute(CallTestCaseKeyword.groovy:44)
	at com.kms.katalon.core.keyword.internal.KeywordExecutor.executeKeywordForPlatform(KeywordExecutor.groovy:72)
	at com.kms.katalon.core.keyword.BuiltinKeywords.callTestCase(BuiltinKeywords.groovy:334)
	at BCAISPS-14661.TCID001.run(BCAISPS-14661.TCID001:52)
	at com.kms.katalon.core.main.ScriptEngine.run(ScriptEngine.java:194)
	at com.kms.katalon.core.main.ScriptEngine.runScriptAsRawText(ScriptEngine.java:119)
	at com.kms.katalon.core.main.TestCaseExecutor.runScript(TestCaseExecutor.java:337)
	at com.kms.katalon.core.main.TestCaseExecutor.doExecute(TestCaseExecutor.java:328)
	at com.kms.katalon.core.main.TestCaseExecutor.processExecutionPhase(TestCaseExecutor.java:307)
	at com.kms.katalon.core.main.TestCaseExecutor.accessMainPhase(TestCaseExecutor.java:299)
	at com.kms.katalon.core.main.TestCaseExecutor.execute(TestCaseExecutor.java:233)
	at com.kms.katalon.core.main.TestSuiteExecutor.accessTestCaseMainPhase(TestSuiteExecutor.java:169)
	at com.kms.katalon.core.main.TestSuiteExecutor.accessTestSuiteMainPhase(TestSuiteExecutor.java:142)
	at com.kms.katalon.core.main.TestSuiteExecutor.execute(TestSuiteExecutor.java:91)
	at com.kms.katalon.core.main.TestCaseMain.startTestSuite(TestCaseMain.java:157)
	at com.kms.katalon.core.main.TestCaseMain$startTestSuite$0.call(Unknown Source)
	at TempTestSuite1589508261822.run(TempTestSuite1589508261822.groovy:36)
Caused by: com.kms.katalon.core.exception.StepErrorException: Call Test Case 'Test Cases/Components/AddACDetails' failed because of error(s)
	at com.kms.katalon.core.keyword.builtin.CallTestCaseKeyword$_callTestCase_closure1.doCall(CallTestCaseKeyword.groovy:66)
	at com.kms.katalon.core.keyword.builtin.CallTestCaseKeyword$_callTestCase_closure1.call(CallTestCaseKeyword.groovy)
	at com.kms.katalon.core.keyword.internal.KeywordMain.runKeyword(KeywordMain.groovy:68)
	at com.kms.katalon.core.keyword.builtin.CallTestCaseKeyword.callTestCase(CallTestCaseKeyword.groovy:81)
	at com.kms.katalon.core.keyword.builtin.CallTestCaseKeyword.execute(CallTestCaseKeyword.groovy:44)
	at com.kms.katalon.core.keyword.internal.KeywordExecutor.executeKeywordForPlatform(KeywordExecutor.groovy:72)
	at com.kms.katalon.core.keyword.BuiltinKeywords.callTestCase(BuiltinKeywords.groovy:334)
	at PopulateACDetails.run(PopulateACDetails:42)
	at com.kms.katalon.core.main.ScriptEngine.run(ScriptEngine.java:194)
	at com.kms.katalon.core.main.ScriptEngine.runScriptAsRawText(ScriptEngine.java:119)
	at com.kms.katalon.core.main.TestCaseExecutor.runScript(TestCaseExecutor.java:337)
	at com.kms.katalon.core.main.TestCaseExecutor.doExecute(TestCaseExecutor.java:328)
	at com.kms.katalon.core.main.TestCaseExecutor.processExecutionPhase(TestCaseExecutor.java:307)
	at com.kms.katalon.core.main.TestCaseExecutor.accessMainPhase(TestCaseExecutor.java:299)
	at com.kms.katalon.core.main.TestCaseExecutor.execute(TestCaseExecutor.java:233)
	at com.kms.katalon.core.main.TestCaseMain.runTestCase(TestCaseMain.java:114)
	at com.kms.katalon.core.keyword.builtin.CallTestCaseKeyword$_callTestCase_closure1.doCall(CallTestCaseKeyword.groovy:59)
	... 20 more
Caused by: java.io.FileNotFoundException: C:\Users\19023-RAC\Desktop\ISPS2 Automation\Data Files\Files\ISPS2 DB.xlsx
	at com.kms.katalon.core.testdata.reader.ExcelFactory.getExcelData(ExcelFactory.java:25)
	at com.kms.katalon.core.testdata.reader.ExcelFactory.getExcelDataWithDefaultSheet(ExcelFactory.java:17)
	at com.kms.katalon.core.testdata.reader.ExcelFactory$getExcelDataWithDefaultSheet.call(Unknown Source)
	at AddACDetails.run(AddACDetails:24)
	at com.kms.katalon.core.main.ScriptEngine.run(ScriptEngine.java:194)
	at com.kms.katalon.core.main.ScriptEngine.runScriptAsRawText(ScriptEngine.java:119)
	at com.kms.katalon.core.main.TestCaseExecutor.runScript(TestCaseExecutor.java:337)
	at com.kms.katalon.core.main.TestCaseExecutor.doExecute(TestCaseExecutor.java:328)
	at com.kms.katalon.core.main.TestCaseExecutor.processExecutionPhase(TestCaseExecutor.java:307)
	at com.kms.katalon.core.main.TestCaseExecutor.accessMainPhase(TestCaseExecutor.java:299)
	at com.kms.katalon.core.main.TestCaseExecutor.execute(TestCaseExecutor.java:233)
	at com.kms.katalon.core.main.TestCaseMain.runTestCase(TestCaseMain.java:114)
	at com.kms.katalon.core.keyword.builtin.CallTestCaseKeyword$_callTestCase_closure1.doCall(CallTestCaseKeyword.groovy:59)
	... 36 more]]></system-err>
   </testsuite>
</testsuites>
