<?xml version="1.0" encoding="UTF-8"?>
<testsuites name="PFI-Page Section" time="1422.688" tests="9" failures="0" errors="0">
   <testsuite name="PFI-Page Section" tests="9" failures="0" errors="0" time="1422.688" timestamp="2020-06-09 15:03:59" hostname="19023-RAC - 192.168.16.39" id="Test Suites/PFI Precision and Scale Automated Regression Suite/PFI/PFI-Page Section">
      <properties>
         <property name="deviceName" value=""/>
         <property name="devicePlatform" value=""/>
         <property name="logFolder" value="C:\\Users\\19023-RAC\\Desktop\\New Automation Copy\\Reports\\20200609_150353\\PFI Precision and Scale Automated Regression Suite\\PFI\\PFI-Page Section\\20200609_150353"/>
         <property name="logFiles" value="C:\\Users\\19023-RAC\\Desktop\\New Automation Copy\\Reports\\20200609_150353\\PFI Precision and Scale Automated Regression Suite\\PFI\\PFI-Page Section\\20200609_150353\\execution0.log"/>
         <property name="attachments" value=""/>
         <property name="hostName" value="19023-RAC - 192.168.16.39"/>
         <property name="os" value="Windows 10 64bit"/>
         <property name="katalonVersion" value="7.2.1.1"/>
         <property name="browser" value="Chrome 83.0.4103.97"/>
         <property name="hostAddress" value="192.168.16.39"/>
         <property name="sessionId" value="d6cc27c3c49a8f7c378fef74cff629ba"/>
         <property name="seleniumVersion" value="3.141.59"/>
         <property name="proxyInformation" value="ProxyInformation{proxyOption=NO_PROXY, proxyServerType=HTTP, password=, proxyServerAddress=, proxyServerPort=0, executionList=}"/>
         <property name="platform" value="Windows 10"/>
      </properties>
      <testcase name="Test Cases/PFI Precision and Scale/PFI Test Cases/Process Case (PFI)/PFI.EOTRequestLHS" time="216.418" classname="Test Cases/PFI Precision and Scale/PFI Test Cases/Process Case (PFI)/PFI.EOTRequestLHS" status="PASSED">
         <system-out><![CDATA[2020-06-09 15:04:00 - [TEST_CASE][PASSED] - Test Cases/PFI Precision and Scale/PFI Test Cases/Process Case (PFI)/PFI.EOTRequestLHS: Test Cases/PFI Precision and Scale/PFI Test Cases/Process Case (PFI)/PFI.EOTRequestLHS

2020-06-09 15:04:00 - [TEST_STEP][PASSED] - callTestCase(findTestCase("Components/LoginV2.0"), ["LinkToBeUsed":findTestData("Datatable").getValue("URL", 1), "LoginPageTextToBeVerified":findTestData("Datatable").getValue("HomeBanner", 1), ... ], STOP_ON_FAILURE): Call Test Case 'Test Cases/Components/LoginV2.0' successfully

2020-06-09 15:04:00 - [TEST_CASE][PASSED] - Test Cases/Components/LoginV2.0: Test Cases/Components/LoginV2.0

2020-06-09 15:04:00 - [TEST_STEP][PASSED] - openBrowser(LinkToBeUsed): Browser is opened with url: 'http://10.0.2.41:3012/isps2-prod-verify/authnz/login.do'

2020-06-09 15:04:01 - [MESSAGE][INFO] - Starting 'Edge' driver

2020-06-09 15:04:01 - [MESSAGE][INFO] - Action delay is set to 0 seconds

2020-06-09 15:04:13 - [MESSAGE][PASSED] - Browser is opened with url: 'http://10.0.2.41:3012/isps2-prod-verify/authnz/login.do'

2020-06-09 15:04:13 - [TEST_STEP][PASSED] - maximizeWindow(): Current window maximized

2020-06-09 15:04:15 - [MESSAGE][PASSED] - Current window maximized

2020-06-09 15:04:15 - [TEST_STEP][PASSED] - verifyTextPresent(LoginPageTextToBeVerified, false): Text 'Sign in to ISPS2-PROD-Verify' is present on page 

2020-06-09 15:04:15 - [MESSAGE][PASSED] - Text 'Sign in to ISPS2-PROD-Verify' is present on page 

2020-06-09 15:04:15 - [TEST_STEP][PASSED] - setText(findTestObject("Objects.LoginV2.0/Login Page/input_Sign in to ISPS2-PROD-Verify_username"), Username): Text 'sysadmin' is set on object 'Object Repository/Objects.LoginV2.0/Login Page/input_Sign in to ISPS2-PROD-Verify_username'

2020-06-09 15:04:16 - [MESSAGE][PASSED] - Text 'sysadmin' is set on object 'Object Repository/Objects.LoginV2.0/Login Page/input_Sign in to ISPS2-PROD-Verify_username'

2020-06-09 15:04:16 - [TEST_STEP][PASSED] - setEncryptedText(findTestObject("Objects.LoginV2.0/Login Page/input_This field is required_password"), Password): Text ****** has been set on object 'Object Repository/Objects.LoginV2.0/Login Page/input_This field is required_password'

2020-06-09 15:04:16 - [MESSAGE][PASSED] - Text ****** has been set on object 'Object Repository/Objects.LoginV2.0/Login Page/input_This field is required_password'

2020-06-09 15:04:16 - [TEST_STEP][NOT_RUN] - setEncryptedText(findTestObject(null), Password): NOT_RUN: setEncryptedText(findTestObject(null), Password)

2020-06-09 15:04:16 - [MESSAGE][NOT_RUN] - NOT_RUN: setEncryptedText(findTestObject(null), Password)

2020-06-09 15:04:16 - [TEST_STEP][PASSED] - click(findTestObject("Objects.LoginV2.0/Login Page/div_Sign in to ISPS2-PROD-Verify_NovaGoButton-1021"), OPTIONAL): Object: 'Object Repository/Objects.LoginV2.0/Login Page/div_Sign in to ISPS2-PROD-Verify_NovaGoButton-1021' is clicked on

2020-06-09 15:04:16 - [MESSAGE][PASSED] - Object: 'Object Repository/Objects.LoginV2.0/Login Page/div_Sign in to ISPS2-PROD-Verify_NovaGoButton-1021' is clicked on

2020-06-09 15:04:16 - [TEST_STEP][PASSED] - waitForPageLoad(30): Wait for page load successfully

2020-06-09 15:04:16 - [MESSAGE][PASSED] - Wait for page load successfully

2020-06-09 15:04:16 - [TEST_STEP][PASSED] - Thread.sleep(3000): null

2020-06-09 15:04:19 - [MESSAGE][PASSED] - Call Test Case 'Test Cases/Components/LoginV2.0' successfully

2020-06-09 15:04:19 - [TEST_STEP][PASSED] - callTestCase(findTestCase("Components/Filter"), ["taskDescription":"Process Case (SM)"], STOP_ON_FAILURE): Call Test Case 'Test Cases/Components/Filter' successfully

2020-06-09 15:04:19 - [TEST_CASE][PASSED] - Test Cases/Components/Filter: Test Cases/Components/Filter

2020-06-09 15:04:19 - [TEST_STEP][PASSED] - Thread.sleep(5000): null

2020-06-09 15:04:24 - [TEST_STEP][PASSED] - waitForPageLoad(180): Wait for page load successfully

2020-06-09 15:04:24 - [MESSAGE][PASSED] - Wait for page load successfully

2020-06-09 15:04:24 - [TEST_STEP][PASSED] - waitForElementNotPresent(findTestObject("Objects.Filter/Page_ISPS2/div_Loading search result Please wait"), 180): Web element with id: 'Object Repository/Objects.Filter/Page_ISPS2/div_Loading search result Please wait' located by 'By.xpath: //div[@class = 'x-mask-msg-text' and (text() = 'Loading search result. Please wait...' or . = 'Loading search result. Please wait...')]' is not present after '180' second(s)

2020-06-09 15:04:24 - [MESSAGE][PASSED] - Web element with id: 'Object Repository/Objects.Filter/Page_ISPS2/div_Loading search result Please wait' located by 'By.xpath: //div[@class = 'x-mask-msg-text' and (text() = 'Loading search result. Please wait...' or . = 'Loading search result. Please wait...')]' is not present after '180' second(s)

2020-06-09 15:04:24 - [TEST_STEP][PASSED] - click(findTestObject("Objects.Filter/Page_ISPS2/XP.Embutidooo")): Object: 'Object Repository/Objects.Filter/Page_ISPS2/XP.Embutidooo' is clicked on

2020-06-09 15:04:25 - [MESSAGE][PASSED] - Object: 'Object Repository/Objects.Filter/Page_ISPS2/XP.Embutidooo' is clicked on

2020-06-09 15:04:25 - [TEST_STEP][PASSED] - com.reusableComponents.HighlightElement.run(findTestObject("Objects.Filter/Page_ISPS2/span_Reset")): com.reusableComponents.HighlightElement.run is PASSED

2020-06-09 15:04:25 - [MESSAGE][PASSED] - com.reusableComponents.HighlightElement.run is PASSED

2020-06-09 15:04:25 - [TEST_STEP][PASSED] - click(findTestObject("Objects.Filter/Page_ISPS2/span_Reset")): Object: 'Object Repository/Objects.Filter/Page_ISPS2/span_Reset' is clicked on

2020-06-09 15:04:25 - [MESSAGE][PASSED] - Object: 'Object Repository/Objects.Filter/Page_ISPS2/span_Reset' is clicked on

2020-06-09 15:04:25 - [TEST_STEP][PASSED] - com.reusableComponents.HighlightElement.run(findTestObject("Objects.Filter/Page_ISPS2/TextBoxTaskDescription")): com.reusableComponents.HighlightElement.run is PASSED

2020-06-09 15:04:26 - [MESSAGE][PASSED] - com.reusableComponents.HighlightElement.run is PASSED

2020-06-09 15:04:26 - [TEST_STEP][PASSED] - setText(findTestObject("Objects.Filter/Page_ISPS2/TextBoxTaskDescription"), taskDescription): Text 'Process Case (SM)' is set on object 'Object Repository/Objects.Filter/Page_ISPS2/TextBoxTaskDescription'

2020-06-09 15:04:26 - [MESSAGE][PASSED] - Text 'Process Case (SM)' is set on object 'Object Repository/Objects.Filter/Page_ISPS2/TextBoxTaskDescription'

2020-06-09 15:04:26 - [TEST_STEP][PASSED] - caseType = taskDescription: null

2020-06-09 15:04:27 - [TEST_STEP][PASSED] - sendKeys(findTestObject("Objects.Filter/Page_ISPS2/TextBoxTaskDescription"), Keys.chord(ENTER)): Keys 'ENTER + ' sent to object: 'Object Repository/Objects.Filter/Page_ISPS2/TextBoxTaskDescription'

2020-06-09 15:04:28 - [MESSAGE][PASSED] - Keys 'ENTER + ' sent to object: 'Object Repository/Objects.Filter/Page_ISPS2/TextBoxTaskDescription'

2020-06-09 15:04:28 - [TEST_STEP][PASSED] - com.reusableComponents.HighlightElement.run(findTestObject("Objects.Filter/Page_ISPS2/span_Search")): com.reusableComponents.HighlightElement.run is PASSED

2020-06-09 15:04:28 - [MESSAGE][PASSED] - com.reusableComponents.HighlightElement.run is PASSED

2020-06-09 15:04:28 - [TEST_STEP][PASSED] - click(findTestObject("Objects.Filter/Page_ISPS2/span_Search")): Object: 'Object Repository/Objects.Filter/Page_ISPS2/span_Search' is clicked on

2020-06-09 15:04:28 - [MESSAGE][PASSED] - Object: 'Object Repository/Objects.Filter/Page_ISPS2/span_Search' is clicked on

2020-06-09 15:04:28 - [TEST_STEP][NOT_RUN] - verifyTextPresent("Loading search result. Please wait...", false): NOT_RUN: verifyTextPresent("Loading search result. Please wait...", false)

2020-06-09 15:04:28 - [MESSAGE][NOT_RUN] - NOT_RUN: verifyTextPresent("Loading search result. Please wait...", false)

2020-06-09 15:04:28 - [TEST_STEP][NOT_RUN] - waitForElementNotPresent(findTestObject("Objects.Filter/Page_ISPS2/div_Loading search result Please wait"), 120): NOT_RUN: waitForElementNotPresent(findTestObject("Objects.Filter/Page_ISPS2/div_Loading search result Please wait"), 120)

2020-06-09 15:04:28 - [MESSAGE][NOT_RUN] - NOT_RUN: waitForElementNotPresent(findTestObject("Objects.Filter/Page_ISPS2/div_Loading search result Please wait"), 120)

2020-06-09 15:04:28 - [TEST_STEP][PASSED] - Thread.sleep(5000): null

2020-06-09 15:04:33 - [MESSAGE][PASSED] - Call Test Case 'Test Cases/Components/Filter' successfully

2020-06-09 15:04:33 - [TEST_STEP][PASSED] - callTestCase(findTestCase("Components/ClickLinkDependingOnTextAndIndex"), ["linkName":"Process Case (SM)", "index":7], STOP_ON_FAILURE): Call Test Case 'Test Cases/Components/ClickLinkDependingOnTextAndIndex' successfully

2020-06-09 15:04:33 - [TEST_CASE][PASSED] - Test Cases/Components/ClickLinkDependingOnTextAndIndex: Test Cases/Components/ClickLinkDependingOnTextAndIndex

2020-06-09 15:04:34 - [TEST_STEP][PASSED] - Thread.sleep(1000): null

2020-06-09 15:04:35 - [TEST_STEP][PASSED] - println(linkName): null

2020-06-09 15:04:35 - [TEST_STEP][PASSED] - println(index): null

2020-06-09 15:04:35 - [TEST_STEP][PASSED] - modifiedLink = modifyObjectProperty(findTestObject("Objects.ClickLinkDependingOnTextAndIndex/linkToModify"), "xpath", "equals", "(//a[text()="" + linkName + ""])[" + index + "]", true): Modify property of object successfully

2020-06-09 15:04:35 - [MESSAGE][PASSED] - Modify property of object successfully

2020-06-09 15:04:35 - [TEST_STEP][PASSED] - Thread.sleep(5000): null

2020-06-09 15:04:40 - [TEST_STEP][PASSED] - com.reusableComponents.HighlightElement.run(modifiedLink): com.reusableComponents.HighlightElement.run is PASSED

2020-06-09 15:04:40 - [MESSAGE][PASSED] - com.reusableComponents.HighlightElement.run is PASSED

2020-06-09 15:04:40 - [TEST_STEP][PASSED] - click(modifiedLink): Object: 'Object Repository/Objects.ClickLinkDependingOnTextAndIndex/linkToModify' is clicked on

2020-06-09 15:04:40 - [MESSAGE][PASSED] - Object: 'Object Repository/Objects.ClickLinkDependingOnTextAndIndex/linkToModify' is clicked on

2020-06-09 15:04:40 - [MESSAGE][PASSED] - Call Test Case 'Test Cases/Components/ClickLinkDependingOnTextAndIndex' successfully

2020-06-09 15:04:40 - [TEST_STEP][PASSED] - callTestCase(findTestCase("Components/VerifyPageSuccessfullyLoadedII"), ["PageNm":"Summary"], STOP_ON_FAILURE): Call Test Case 'Test Cases/Components/VerifyPageSuccessfullyLoadedII' successfully

2020-06-09 15:04:40 - [TEST_CASE][PASSED] - Test Cases/Components/VerifyPageSuccessfullyLoadedII: Test Cases/Components/VerifyPageSuccessfullyLoadedII

2020-06-09 15:04:41 - [TEST_STEP][PASSED] - waitForPageLoad(5): Wait for page load successfully

2020-06-09 15:04:41 - [MESSAGE][PASSED] - Wait for page load successfully

2020-06-09 15:04:41 - [TEST_STEP][PASSED] - modifiedInputFld = modifyObjectProperty(findTestObject("Object Repository/Objects.VerifyPageSuccessfullyLoaded/PageHeaderIndex"), "xpath", "equals", "//*[contains(@class,'isps-page-title') and contains(text(),'" + PageNm + "')]", true): Modify property of object successfully

2020-06-09 15:04:41 - [MESSAGE][PASSED] - Modify property of object successfully

2020-06-09 15:04:41 - [TEST_STEP][PASSED] - com.reusableComponents.HighlightElement.run(modifiedInputFld): com.reusableComponents.HighlightElement.run is PASSED

2020-06-09 15:04:46 - [MESSAGE][PASSED] - com.reusableComponents.HighlightElement.run is PASSED

2020-06-09 15:04:46 - [MESSAGE][PASSED] - Call Test Case 'Test Cases/Components/VerifyPageSuccessfullyLoadedII' successfully

2020-06-09 15:04:46 - [TEST_STEP][PASSED] - callTestCase(findTestCase("Components/NavigateToAnyLHS"), ["LHS":"EOT Request"], STOP_ON_FAILURE): Call Test Case 'Test Cases/Components/NavigateToAnyLHS' successfully

2020-06-09 15:04:46 - [TEST_CASE][PASSED] - Test Cases/Components/NavigateToAnyLHS: Test Cases/Components/NavigateToAnyLHS

2020-06-09 15:04:46 - [TEST_STEP][PASSED] - Thread.sleep(1000): null

2020-06-09 15:04:47 - [TEST_STEP][PASSED] - modifiedLHS = modifyObjectProperty(findTestObject("Objects.NavigateToAnyLHS/Page_ISPS2/LHSToModify"), "text", "equals", LHS, true): Modify property of object successfully

2020-06-09 15:04:47 - [MESSAGE][PASSED] - Modify property of object successfully

2020-06-09 15:04:47 - [TEST_STEP][PASSED] - click(modifiedLHS): Object: 'Object Repository/Objects.NavigateToAnyLHS/Page_ISPS2/LHSToModify' is clicked on

2020-06-09 15:04:47 - [MESSAGE][PASSED] - Object: 'Object Repository/Objects.NavigateToAnyLHS/Page_ISPS2/LHSToModify' is clicked on

2020-06-09 15:04:47 - [TEST_STEP][PASSED] - currentLHS = getText(modifiedLHS): Text of object 'Object Repository/Objects.NavigateToAnyLHS/Page_ISPS2/LHSToModify' is: 'EOT Request'

2020-06-09 15:04:47 - [MESSAGE][PASSED] - Text of object 'Object Repository/Objects.NavigateToAnyLHS/Page_ISPS2/LHSToModify' is: 'EOT Request'

2020-06-09 15:04:47 - [TEST_STEP][PASSED] - Thread.sleep(5000): null

2020-06-09 15:04:52 - [MESSAGE][PASSED] - Call Test Case 'Test Cases/Components/NavigateToAnyLHS' successfully

2020-06-09 15:04:52 - [TEST_STEP][PASSED] - callTestCase(findTestCase("Components/VerifyPageSuccessfullyLoadedII"), ["PageNm":"Extension of Time Request"], STOP_ON_FAILURE): Call Test Case 'Test Cases/Components/VerifyPageSuccessfullyLoadedII' successfully

2020-06-09 15:04:52 - [TEST_CASE][PASSED] - Test Cases/Components/VerifyPageSuccessfullyLoadedII: Test Cases/Components/VerifyPageSuccessfullyLoadedII

2020-06-09 15:04:52 - [TEST_STEP][PASSED] - waitForPageLoad(5): Wait for page load successfully

2020-06-09 15:04:52 - [MESSAGE][PASSED] - Wait for page load successfully

2020-06-09 15:04:52 - [TEST_STEP][PASSED] - modifiedInputFld = modifyObjectProperty(findTestObject("Object Repository/Objects.VerifyPageSuccessfullyLoaded/PageHeaderIndex"), "xpath", "equals", "//*[contains(@class,'isps-page-title') and contains(text(),'" + PageNm + "')]", true): Modify property of object successfully

2020-06-09 15:04:52 - [MESSAGE][PASSED] - Modify property of object successfully

2020-06-09 15:04:52 - [TEST_STEP][PASSED] - com.reusableComponents.HighlightElement.run(modifiedInputFld): com.reusableComponents.HighlightElement.run is PASSED

2020-06-09 15:04:53 - [MESSAGE][PASSED] - com.reusableComponents.HighlightElement.run is PASSED

2020-06-09 15:04:53 - [MESSAGE][PASSED] - Call Test Case 'Test Cases/Components/VerifyPageSuccessfullyLoadedII' successfully

2020-06-09 15:04:53 - [TEST_STEP][PASSED] - callTestCase(findTestCase("Components/HighlightLabelField"), ["LblName":"EOT Type *:"], STOP_ON_FAILURE): Call Test Case 'Test Cases/Components/HighlightLabelField' successfully

2020-06-09 15:04:53 - [TEST_CASE][PASSED] - Test Cases/Components/HighlightLabelField: Test Cases/Components/HighlightLabelField

2020-06-09 15:04:53 - [TEST_STEP][PASSED] - Thread.sleep(1000): null

2020-06-09 15:04:54 - [TEST_STEP][PASSED] - modifiedLblNm = modifyObjectProperty(findTestObject("Objects.HighlightElements/lblField"), "text", "equals", LblName, true): Modify property of object successfully

2020-06-09 15:04:54 - [MESSAGE][PASSED] - Modify property of object successfully

2020-06-09 15:04:54 - [TEST_STEP][PASSED] - com.reusableComponents.HighlightElement.run(modifiedLblNm): com.reusableComponents.HighlightElement.run is PASSED

2020-06-09 15:04:54 - [MESSAGE][PASSED] - com.reusableComponents.HighlightElement.run is PASSED

2020-06-09 15:04:54 - [MESSAGE][PASSED] - Call Test Case 'Test Cases/Components/HighlightLabelField' successfully

2020-06-09 15:04:54 - [TEST_STEP][PASSED] - callTestCase(findTestCase("Components/HighlightInputField"), ["InputFldName":"eotTypeCmb"], STOP_ON_FAILURE): Call Test Case 'Test Cases/Components/HighlightInputField' successfully

2020-06-09 15:04:55 - [TEST_CASE][PASSED] - Test Cases/Components/HighlightInputField: Test Cases/Components/HighlightInputField

2020-06-09 15:04:55 - [TEST_STEP][PASSED] - Thread.sleep(1000): null

2020-06-09 15:04:56 - [TEST_STEP][PASSED] - modifiedLblNm = modifyObjectProperty(findTestObject("Objects.HighlightElements/input_field"), "name", "equals", InputFldName, true): Modify property of object successfully

2020-06-09 15:04:56 - [MESSAGE][PASSED] - Modify property of object successfully

2020-06-09 15:04:56 - [TEST_STEP][PASSED] - com.reusableComponents.HighlightElement.run(modifiedLblNm): com.reusableComponents.HighlightElement.run is PASSED

2020-06-09 15:04:56 - [MESSAGE][PASSED] - com.reusableComponents.HighlightElement.run is PASSED

2020-06-09 15:04:56 - [MESSAGE][PASSED] - Call Test Case 'Test Cases/Components/HighlightInputField' successfully

2020-06-09 15:04:56 - [TEST_STEP][PASSED] - callTestCase(findTestCase("PFI Precision and Scale/PFI Components/VerifyDropdownValues"), ["FldNm":"eotTypeCmb", "index":0, "CallTCName":"PFI Precision and Scale/HashMap Tables/ConstantHashMap", "cmbNm":"eotType", ... ], STOP_ON_FAILURE): Call Test Case 'Test Cases/PFI Precision and Scale/PFI Components/VerifyDropdownValues' successfully

2020-06-09 15:04:56 - [TEST_CASE][PASSED] - Test Cases/PFI Precision and Scale/PFI Components/VerifyDropdownValues: Test Cases/PFI Precision and Scale/PFI Components/VerifyDropdownValues

2020-06-09 15:04:57 - [TEST_STEP][PASSED] - Thread.sleep(1000): null

2020-06-09 15:04:58 - [TEST_STEP][PASSED] - OutputFile = new java.io.File(DropdownValuesResult.txt): null

2020-06-09 15:04:58 - [TEST_STEP][PASSED] - TimeStamp = new java.util.Date(): null

2020-06-09 15:04:58 - [TEST_STEP][PASSED] - NewInputNmField = modifyObjectProperty(findTestObject("Objects.HighlightElements/input_field"), "name", "equals", FldNm, true): Modify property of object successfully

2020-06-09 15:04:58 - [MESSAGE][PASSED] - Modify property of object successfully

2020-06-09 15:04:58 - [TEST_STEP][PASSED] - comboNm = cmbNm: null

2020-06-09 15:04:58 - [TEST_STEP][PASSED] - focus(NewInputNmField): Object: 'Object Repository/Objects.HighlightElements/input_field' is focused

2020-06-09 15:04:58 - [MESSAGE][PASSED] - Object: 'Object Repository/Objects.HighlightElements/input_field' is focused

2020-06-09 15:04:58 - [TEST_STEP][PASSED] - setText(NewInputNmField, EnterValue): Text '' is set on object 'Object Repository/Objects.HighlightElements/input_field'

2020-06-09 15:04:58 - [MESSAGE][PASSED] - Text '' is set on object 'Object Repository/Objects.HighlightElements/input_field'

2020-06-09 15:04:58 - [TEST_STEP][PASSED] - for ([i = 1, i <= NoOfVal, (i++)]): Keys 'DOWN + ' sent to object: 'Object Repository/Objects.HighlightElements/input_field'

2020-06-09 15:04:58 - [TEST_STEP][PASSED] - sendKeys(NewInputNmField, Keys.chord(ARROW_DOWN)): Keys 'DOWN + ' sent to object: 'Object Repository/Objects.HighlightElements/input_field'

2020-06-09 15:04:58 - [MESSAGE][PASSED] - Keys 'DOWN + ' sent to object: 'Object Repository/Objects.HighlightElements/input_field'

2020-06-09 15:04:58 - [TEST_STEP][PASSED] - delay(DelayTime): Delayed 3 second(s)

2020-06-09 15:05:01 - [MESSAGE][PASSED] - Delayed 3 second(s)

2020-06-09 15:05:01 - [TEST_STEP][PASSED] - sendKeys(NewInputNmField, Keys.chord(ENTER)): Keys 'ENTER + ' sent to object: 'Object Repository/Objects.HighlightElements/input_field'

2020-06-09 15:05:01 - [MESSAGE][PASSED] - Keys 'ENTER + ' sent to object: 'Object Repository/Objects.HighlightElements/input_field'

2020-06-09 15:05:01 - [TEST_STEP][PASSED] - ComboBoxValue = getAttribute(NewInputNmField, "value"): Attribute 'value' of object 'Object Repository/Objects.HighlightElements/input_field' is: ''

2020-06-09 15:05:01 - [MESSAGE][PASSED] - Attribute 'value' of object 'Object Repository/Objects.HighlightElements/input_field' is: ''

2020-06-09 15:05:01 - [TEST_STEP][PASSED] - callTestCase(findTestCase(CallTCName), ["FindValue":ComboBoxValue, "DropdownNm":comboNm], STOP_ON_FAILURE): Call Test Case 'Test Cases/PFI Precision and Scale/HashMap Tables/ConstantHashMap' successfully

2020-06-09 15:05:01 - [TEST_CASE][PASSED] - Test Cases/PFI Precision and Scale/HashMap Tables/ConstantHashMap: Test Cases/PFI Precision and Scale/HashMap Tables/ConstantHashMap

2020-06-09 15:05:01 - [TEST_STEP][PASSED] - ConstantTBL = [1:["PeriodType":"Working Day(s)"], 2:["PeriodType":"Calendar Day(s)"], 3:["PeriodType":"Month(s)"], 4:["TypeOfLetter":"T1"], ... ]: null

2020-06-09 15:05:01 - [TEST_STEP][PASSED] - switch (DropdownNm): null

2020-06-09 15:05:01 - [TEST_STEP][PASSED] - case "eotType":: null

2020-06-09 15:05:01 - [TEST_STEP][PASSED] - ValueFound = ConstantTBL.find({ -> ... }): null

2020-06-09 15:05:01 - [TEST_STEP][PASSED] - break: null

2020-06-09 15:05:01 - [MESSAGE][PASSED] - Call Test Case 'Test Cases/PFI Precision and Scale/HashMap Tables/ConstantHashMap' successfully

2020-06-09 15:05:01 - [TEST_STEP][PASSED] - OutputFile.append("Search Value: " + ComboBoxValue + " " + "Found Value: " + ValueFound + TimeStamp + "
"): null

2020-06-09 15:05:01 - [TEST_STEP][PASSED] - sendKeys(NewInputNmField, Keys.chord(ARROW_DOWN)): Keys 'DOWN + ' sent to object: 'Object Repository/Objects.HighlightElements/input_field'

2020-06-09 15:05:01 - [MESSAGE][PASSED] - Keys 'DOWN + ' sent to object: 'Object Repository/Objects.HighlightElements/input_field'

2020-06-09 15:05:01 - [TEST_STEP][PASSED] - sendKeys(NewInputNmField, Keys.chord(ARROW_DOWN)): Keys 'DOWN + ' sent to object: 'Object Repository/Objects.HighlightElements/input_field'

2020-06-09 15:05:01 - [MESSAGE][PASSED] - Keys 'DOWN + ' sent to object: 'Object Repository/Objects.HighlightElements/input_field'

2020-06-09 15:05:01 - [TEST_STEP][PASSED] - delay(DelayTime): Delayed 3 second(s)

2020-06-09 15:05:04 - [MESSAGE][PASSED] - Delayed 3 second(s)

2020-06-09 15:05:04 - [TEST_STEP][PASSED] - sendKeys(NewInputNmField, Keys.chord(ENTER)): Keys 'ENTER + ' sent to object: 'Object Repository/Objects.HighlightElements/input_field'

2020-06-09 15:05:05 - [MESSAGE][PASSED] - Keys 'ENTER + ' sent to object: 'Object Repository/Objects.HighlightElements/input_field'

2020-06-09 15:05:05 - [TEST_STEP][PASSED] - ComboBoxValue = getAttribute(NewInputNmField, "value"): Attribute 'value' of object 'Object Repository/Objects.HighlightElements/input_field' is: 'Appointment of PE for Visual Inspection'

2020-06-09 15:05:05 - [MESSAGE][PASSED] - Attribute 'value' of object 'Object Repository/Objects.HighlightElements/input_field' is: 'Appointment of PE for Visual Inspection'

2020-06-09 15:05:05 - [TEST_STEP][PASSED] - callTestCase(findTestCase(CallTCName), ["FindValue":ComboBoxValue, "DropdownNm":comboNm], STOP_ON_FAILURE): Call Test Case 'Test Cases/PFI Precision and Scale/HashMap Tables/ConstantHashMap' successfully

2020-06-09 15:05:05 - [TEST_CASE][PASSED] - Test Cases/PFI Precision and Scale/HashMap Tables/ConstantHashMap: Test Cases/PFI Precision and Scale/HashMap Tables/ConstantHashMap

2020-06-09 15:05:05 - [TEST_STEP][PASSED] - ConstantTBL = [1:["PeriodType":"Working Day(s)"], 2:["PeriodType":"Calendar Day(s)"], 3:["PeriodType":"Month(s)"], 4:["TypeOfLetter":"T1"], ... ]: null

2020-06-09 15:05:05 - [TEST_STEP][PASSED] - switch (DropdownNm): null

2020-06-09 15:05:05 - [TEST_STEP][PASSED] - case "eotType":: null

2020-06-09 15:05:05 - [TEST_STEP][PASSED] - ValueFound = ConstantTBL.find({ -> ... }): null

2020-06-09 15:05:05 - [TEST_STEP][PASSED] - break: null

2020-06-09 15:05:05 - [MESSAGE][PASSED] - Call Test Case 'Test Cases/PFI Precision and Scale/HashMap Tables/ConstantHashMap' successfully

2020-06-09 15:05:05 - [TEST_STEP][PASSED] - OutputFile.append("Search Value: " + ComboBoxValue + " " + "Found Value: " + ValueFound + TimeStamp + "
"): null

2020-06-09 15:05:05 - [TEST_STEP][PASSED] - sendKeys(NewInputNmField, Keys.chord(ARROW_DOWN)): Keys 'DOWN + ' sent to object: 'Object Repository/Objects.HighlightElements/input_field'

2020-06-09 15:05:05 - [MESSAGE][PASSED] - Keys 'DOWN + ' sent to object: 'Object Repository/Objects.HighlightElements/input_field'

2020-06-09 15:05:05 - [TEST_STEP][PASSED] - sendKeys(NewInputNmField, Keys.chord(ARROW_DOWN)): Keys 'DOWN + ' sent to object: 'Object Repository/Objects.HighlightElements/input_field'

2020-06-09 15:05:05 - [MESSAGE][PASSED] - Keys 'DOWN + ' sent to object: 'Object Repository/Objects.HighlightElements/input_field'

2020-06-09 15:05:05 - [TEST_STEP][PASSED] - delay(DelayTime): Delayed 3 second(s)

2020-06-09 15:05:08 - [MESSAGE][PASSED] - Delayed 3 second(s)

2020-06-09 15:05:08 - [TEST_STEP][PASSED] - sendKeys(NewInputNmField, Keys.chord(ENTER)): Keys 'ENTER + ' sent to object: 'Object Repository/Objects.HighlightElements/input_field'

2020-06-09 15:05:08 - [MESSAGE][PASSED] - Keys 'ENTER + ' sent to object: 'Object Repository/Objects.HighlightElements/input_field'

2020-06-09 15:05:08 - [TEST_STEP][PASSED] - ComboBoxValue = getAttribute(NewInputNmField, "value"): Attribute 'value' of object 'Object Repository/Objects.HighlightElements/input_field' is: 'Appointment of PE for FSI'

2020-06-09 15:05:08 - [MESSAGE][PASSED] - Attribute 'value' of object 'Object Repository/Objects.HighlightElements/input_field' is: 'Appointment of PE for FSI'

2020-06-09 15:05:08 - [TEST_STEP][PASSED] - callTestCase(findTestCase(CallTCName), ["FindValue":ComboBoxValue, "DropdownNm":comboNm], STOP_ON_FAILURE): Call Test Case 'Test Cases/PFI Precision and Scale/HashMap Tables/ConstantHashMap' successfully

2020-06-09 15:05:08 - [TEST_CASE][PASSED] - Test Cases/PFI Precision and Scale/HashMap Tables/ConstantHashMap: Test Cases/PFI Precision and Scale/HashMap Tables/ConstantHashMap

2020-06-09 15:05:08 - [TEST_STEP][PASSED] - ConstantTBL = [1:["PeriodType":"Working Day(s)"], 2:["PeriodType":"Calendar Day(s)"], 3:["PeriodType":"Month(s)"], 4:["TypeOfLetter":"T1"], ... ]: null

2020-06-09 15:05:08 - [TEST_STEP][PASSED] - switch (DropdownNm): null

2020-06-09 15:05:08 - [TEST_STEP][PASSED] - case "eotType":: null

2020-06-09 15:05:08 - [TEST_STEP][PASSED] - ValueFound = ConstantTBL.find({ -> ... }): null

2020-06-09 15:05:08 - [TEST_STEP][PASSED] - break: null

2020-06-09 15:05:08 - [MESSAGE][PASSED] - Call Test Case 'Test Cases/PFI Precision and Scale/HashMap Tables/ConstantHashMap' successfully

2020-06-09 15:05:08 - [TEST_STEP][PASSED] - OutputFile.append("Search Value: " + ComboBoxValue + " " + "Found Value: " + ValueFound + TimeStamp + "
"): null

2020-06-09 15:05:08 - [TEST_STEP][PASSED] - sendKeys(NewInputNmField, Keys.chord(ARROW_DOWN)): Keys 'DOWN + ' sent to object: 'Object Repository/Objects.HighlightElements/input_field'

2020-06-09 15:05:08 - [MESSAGE][PASSED] - Keys 'DOWN + ' sent to object: 'Object Repository/Objects.HighlightElements/input_field'

2020-06-09 15:05:08 - [TEST_STEP][PASSED] - sendKeys(NewInputNmField, Keys.chord(ARROW_DOWN)): Keys 'DOWN + ' sent to object: 'Object Repository/Objects.HighlightElements/input_field'

2020-06-09 15:05:08 - [MESSAGE][PASSED] - Keys 'DOWN + ' sent to object: 'Object Repository/Objects.HighlightElements/input_field'

2020-06-09 15:05:08 - [TEST_STEP][PASSED] - delay(DelayTime): Delayed 3 second(s)

2020-06-09 15:05:11 - [MESSAGE][PASSED] - Delayed 3 second(s)

2020-06-09 15:05:11 - [TEST_STEP][PASSED] - sendKeys(NewInputNmField, Keys.chord(ENTER)): Keys 'ENTER + ' sent to object: 'Object Repository/Objects.HighlightElements/input_field'

2020-06-09 15:05:11 - [MESSAGE][PASSED] - Keys 'ENTER + ' sent to object: 'Object Repository/Objects.HighlightElements/input_field'

2020-06-09 15:05:11 - [TEST_STEP][PASSED] - ComboBoxValue = getAttribute(NewInputNmField, "value"): Attribute 'value' of object 'Object Repository/Objects.HighlightElements/input_field' is: 'Submission of VIR'

2020-06-09 15:05:11 - [MESSAGE][PASSED] - Attribute 'value' of object 'Object Repository/Objects.HighlightElements/input_field' is: 'Submission of VIR'

2020-06-09 15:05:11 - [TEST_STEP][PASSED] - callTestCase(findTestCase(CallTCName), ["FindValue":ComboBoxValue, "DropdownNm":comboNm], STOP_ON_FAILURE): Call Test Case 'Test Cases/PFI Precision and Scale/HashMap Tables/ConstantHashMap' successfully

2020-06-09 15:05:11 - [TEST_CASE][PASSED] - Test Cases/PFI Precision and Scale/HashMap Tables/ConstantHashMap: Test Cases/PFI Precision and Scale/HashMap Tables/ConstantHashMap

2020-06-09 15:05:11 - [TEST_STEP][PASSED] - ConstantTBL = [1:["PeriodType":"Working Day(s)"], 2:["PeriodType":"Calendar Day(s)"], 3:["PeriodType":"Month(s)"], 4:["TypeOfLetter":"T1"], ... ]: null

2020-06-09 15:05:11 - [TEST_STEP][PASSED] - switch (DropdownNm): null

2020-06-09 15:05:11 - [TEST_STEP][PASSED] - case "eotType":: null

2020-06-09 15:05:11 - [TEST_STEP][PASSED] - ValueFound = ConstantTBL.find({ -> ... }): null

2020-06-09 15:05:11 - [TEST_STEP][PASSED] - break: null

2020-06-09 15:05:11 - [MESSAGE][PASSED] - Call Test Case 'Test Cases/PFI Precision and Scale/HashMap Tables/ConstantHashMap' successfully

2020-06-09 15:05:11 - [TEST_STEP][PASSED] - OutputFile.append("Search Value: " + ComboBoxValue + " " + "Found Value: " + ValueFound + TimeStamp + "
"): null

2020-06-09 15:05:11 - [TEST_STEP][PASSED] - sendKeys(NewInputNmField, Keys.chord(ARROW_DOWN)): Keys 'DOWN + ' sent to object: 'Object Repository/Objects.HighlightElements/input_field'

2020-06-09 15:05:11 - [MESSAGE][PASSED] - Keys 'DOWN + ' sent to object: 'Object Repository/Objects.HighlightElements/input_field'

2020-06-09 15:05:11 - [TEST_STEP][PASSED] - sendKeys(NewInputNmField, Keys.chord(ARROW_DOWN)): Keys 'DOWN + ' sent to object: 'Object Repository/Objects.HighlightElements/input_field'

2020-06-09 15:05:11 - [MESSAGE][PASSED] - Keys 'DOWN + ' sent to object: 'Object Repository/Objects.HighlightElements/input_field'

2020-06-09 15:05:11 - [TEST_STEP][PASSED] - delay(DelayTime): Delayed 3 second(s)

2020-06-09 15:05:14 - [MESSAGE][PASSED] - Delayed 3 second(s)

2020-06-09 15:05:14 - [TEST_STEP][PASSED] - sendKeys(NewInputNmField, Keys.chord(ENTER)): Keys 'ENTER + ' sent to object: 'Object Repository/Objects.HighlightElements/input_field'

2020-06-09 15:05:14 - [MESSAGE][PASSED] - Keys 'ENTER + ' sent to object: 'Object Repository/Objects.HighlightElements/input_field'

2020-06-09 15:05:14 - [TEST_STEP][PASSED] - ComboBoxValue = getAttribute(NewInputNmField, "value"): Attribute 'value' of object 'Object Repository/Objects.HighlightElements/input_field' is: 'Submission of FSI Report'

2020-06-09 15:05:14 - [MESSAGE][PASSED] - Attribute 'value' of object 'Object Repository/Objects.HighlightElements/input_field' is: 'Submission of FSI Report'

2020-06-09 15:05:14 - [TEST_STEP][PASSED] - callTestCase(findTestCase(CallTCName), ["FindValue":ComboBoxValue, "DropdownNm":comboNm], STOP_ON_FAILURE): Call Test Case 'Test Cases/PFI Precision and Scale/HashMap Tables/ConstantHashMap' successfully

2020-06-09 15:05:14 - [TEST_CASE][PASSED] - Test Cases/PFI Precision and Scale/HashMap Tables/ConstantHashMap: Test Cases/PFI Precision and Scale/HashMap Tables/ConstantHashMap

2020-06-09 15:05:14 - [TEST_STEP][PASSED] - ConstantTBL = [1:["PeriodType":"Working Day(s)"], 2:["PeriodType":"Calendar Day(s)"], 3:["PeriodType":"Month(s)"], 4:["TypeOfLetter":"T1"], ... ]: null

2020-06-09 15:05:14 - [TEST_STEP][PASSED] - switch (DropdownNm): null

2020-06-09 15:05:14 - [TEST_STEP][PASSED] - case "eotType":: null

2020-06-09 15:05:14 - [TEST_STEP][PASSED] - ValueFound = ConstantTBL.find({ -> ... }): null

2020-06-09 15:05:14 - [TEST_STEP][PASSED] - break: null

2020-06-09 15:05:14 - [MESSAGE][PASSED] - Call Test Case 'Test Cases/PFI Precision and Scale/HashMap Tables/ConstantHashMap' successfully

2020-06-09 15:05:14 - [TEST_STEP][PASSED] - OutputFile.append("Search Value: " + ComboBoxValue + " " + "Found Value: " + ValueFound + TimeStamp + "
"): null

2020-06-09 15:05:14 - [TEST_STEP][PASSED] - sendKeys(NewInputNmField, Keys.chord(ARROW_DOWN)): Keys 'DOWN + ' sent to object: 'Object Repository/Objects.HighlightElements/input_field'

2020-06-09 15:05:14 - [MESSAGE][PASSED] - Keys 'DOWN + ' sent to object: 'Object Repository/Objects.HighlightElements/input_field'

2020-06-09 15:05:14 - [TEST_STEP][PASSED] - sendKeys(NewInputNmField, Keys.chord(ENTER)): Keys 'ENTER + ' sent to object: 'Object Repository/Objects.HighlightElements/input_field'

2020-06-09 15:05:14 - [MESSAGE][PASSED] - Keys 'ENTER + ' sent to object: 'Object Repository/Objects.HighlightElements/input_field'

2020-06-09 15:05:14 - [MESSAGE][PASSED] - Call Test Case 'Test Cases/PFI Precision and Scale/PFI Components/VerifyDropdownValues' successfully

2020-06-09 15:05:14 - [TEST_STEP][PASSED] - callTestCase(findTestCase("Components/HighlightLabelField"), ["LblName":"EOT From Date *:"], STOP_ON_FAILURE): Call Test Case 'Test Cases/Components/HighlightLabelField' successfully

2020-06-09 15:05:14 - [TEST_CASE][PASSED] - Test Cases/Components/HighlightLabelField: Test Cases/Components/HighlightLabelField

2020-06-09 15:05:14 - [TEST_STEP][PASSED] - Thread.sleep(1000): null

2020-06-09 15:05:15 - [TEST_STEP][PASSED] - modifiedLblNm = modifyObjectProperty(findTestObject("Objects.HighlightElements/lblField"), "text", "equals", LblName, true): Modify property of object successfully

2020-06-09 15:05:16 - [MESSAGE][PASSED] - Modify property of object successfully

2020-06-09 15:05:16 - [TEST_STEP][PASSED] - com.reusableComponents.HighlightElement.run(modifiedLblNm): com.reusableComponents.HighlightElement.run is PASSED

2020-06-09 15:05:16 - [MESSAGE][PASSED] - com.reusableComponents.HighlightElement.run is PASSED

2020-06-09 15:05:16 - [MESSAGE][PASSED] - Call Test Case 'Test Cases/Components/HighlightLabelField' successfully

2020-06-09 15:05:16 - [TEST_STEP][PASSED] - callTestCase(findTestCase("Components/HighlightInputField"), ["InputFldName":"eotFromDate"], STOP_ON_FAILURE): Call Test Case 'Test Cases/Components/HighlightInputField' successfully

2020-06-09 15:05:16 - [TEST_CASE][PASSED] - Test Cases/Components/HighlightInputField: Test Cases/Components/HighlightInputField

2020-06-09 15:05:16 - [TEST_STEP][PASSED] - Thread.sleep(1000): null

2020-06-09 15:05:17 - [TEST_STEP][PASSED] - modifiedLblNm = modifyObjectProperty(findTestObject("Objects.HighlightElements/input_field"), "name", "equals", InputFldName, true): Modify property of object successfully

2020-06-09 15:05:17 - [MESSAGE][PASSED] - Modify property of object successfully

2020-06-09 15:05:17 - [TEST_STEP][PASSED] - com.reusableComponents.HighlightElement.run(modifiedLblNm): com.reusableComponents.HighlightElement.run is PASSED

2020-06-09 15:05:18 - [MESSAGE][PASSED] - com.reusableComponents.HighlightElement.run is PASSED

2020-06-09 15:05:18 - [MESSAGE][PASSED] - Call Test Case 'Test Cases/Components/HighlightInputField' successfully

2020-06-09 15:05:18 - [TEST_STEP][PASSED] - callTestCase(findTestCase("PFI Precision and Scale/PFI Components/SelectDayInDatePicker"), ["FldNm":"eotFromDate", "SelectDay":"June 08"], STOP_ON_FAILURE): Call Test Case 'Test Cases/PFI Precision and Scale/PFI Components/SelectDayInDatePicker' successfully

2020-06-09 15:05:18 - [TEST_CASE][PASSED] - Test Cases/PFI Precision and Scale/PFI Components/SelectDayInDatePicker: Test Cases/PFI Precision and Scale/PFI Components/SelectDayInDatePicker

2020-06-09 15:05:18 - [TEST_STEP][PASSED] - Thread.sleep(1000): null

2020-06-09 15:05:19 - [TEST_STEP][PASSED] - DateFieldNm = modifyObjectProperty(findTestObject("Objects.HighlightElements/input_field"), "name", "equals", FldNm, true): Modify property of object successfully

2020-06-09 15:05:19 - [MESSAGE][PASSED] - Modify property of object successfully

2020-06-09 15:05:19 - [TEST_STEP][PASSED] - ModifyDay = modifyObjectProperty(findTestObject("Objects.DateValidation/Page_ISPS2/Select_Day"), "aria-label", "equals", SelectDay, true): Modify property of object successfully

2020-06-09 15:05:19 - [MESSAGE][PASSED] - Modify property of object successfully

2020-06-09 15:05:19 - [TEST_STEP][PASSED] - sendKeys(DateFieldNm, Keys.chord(ARROW_DOWN)): Keys 'DOWN + ' sent to object: 'Object Repository/Objects.HighlightElements/input_field'

2020-06-09 15:05:19 - [MESSAGE][PASSED] - Keys 'DOWN + ' sent to object: 'Object Repository/Objects.HighlightElements/input_field'

2020-06-09 15:05:19 - [TEST_STEP][PASSED] - com.reusableComponents.HighlightElement.run(ModifyDay): com.reusableComponents.HighlightElement.run is PASSED

2020-06-09 15:05:20 - [MESSAGE][PASSED] - com.reusableComponents.HighlightElement.run is PASSED

2020-06-09 15:05:20 - [TEST_STEP][PASSED] - delay(1): Delayed 1 second(s)

2020-06-09 15:05:21 - [MESSAGE][PASSED] - Delayed 1 second(s)

2020-06-09 15:05:21 - [TEST_STEP][PASSED] - click(ModifyDay): Object: 'Object Repository/Objects.DateValidation/Page_ISPS2/Select_Day' is clicked on

2020-06-09 15:05:21 - [MESSAGE][PASSED] - Object: 'Object Repository/Objects.DateValidation/Page_ISPS2/Select_Day' is clicked on

2020-06-09 15:05:21 - [TEST_STEP][PASSED] - GetError = getAttribute(DateFieldNm, "data-errorqtip"): Attribute 'data-errorqtip' of object 'Object Repository/Objects.HighlightElements/input_field' is: ''

2020-06-09 15:05:21 - [MESSAGE][PASSED] - Attribute 'data-errorqtip' of object 'Object Repository/Objects.HighlightElements/input_field' is: ''

2020-06-09 15:05:21 - [TEST_STEP][PASSED] - if (GetError == ""): Date Format is valid

2020-06-09 15:05:21 - [TEST_STEP][PASSED] - GetEnteredDate = getAttribute(DateFieldNm, "value"): Attribute 'value' of object 'Object Repository/Objects.HighlightElements/input_field' is: '08/06/2020'

2020-06-09 15:05:21 - [MESSAGE][PASSED] - Attribute 'value' of object 'Object Repository/Objects.HighlightElements/input_field' is: '08/06/2020'

2020-06-09 15:05:21 - [TEST_STEP][PASSED] - DatePattern = Pattern.compile("^(1[0-2]|0[1-9])/(3[01]|[12][0-9]|0[1-9])/[0-9]{4}$"): null

2020-06-09 15:05:21 - [TEST_STEP][PASSED] - VerifyDateFormat = DatePattern.matcher(GetEnteredDate): null

2020-06-09 15:05:21 - [TEST_STEP][PASSED] - if (VerifyDateFormat.matches() == true): Date Format is valid

2020-06-09 15:05:21 - [TEST_STEP][PASSED] - comment("Date Format is valid"): Date Format is valid

2020-06-09 15:05:21 - [MESSAGE][INFO] - Date Format is valid

2020-06-09 15:05:21 - [MESSAGE][PASSED] - Call Test Case 'Test Cases/PFI Precision and Scale/PFI Components/SelectDayInDatePicker' successfully

2020-06-09 15:05:21 - [TEST_STEP][PASSED] - callTestCase(findTestCase("PFI Precision and Scale/PFI Components/NumericTextboxValidationII"), ["nameToBeUsed":"eotFromDate", "minLen":11, "index":0], STOP_ON_FAILURE): Call Test Case 'Test Cases/PFI Precision and Scale/PFI Components/NumericTextboxValidationII' successfully

2020-06-09 15:05:21 - [TEST_CASE][PASSED] - Test Cases/PFI Precision and Scale/PFI Components/NumericTextboxValidationII: Test Cases/PFI Precision and Scale/PFI Components/NumericTextboxValidationII

2020-06-09 15:05:21 - [TEST_STEP][PASSED] - Thread.sleep(1000): null

2020-06-09 15:05:22 - [TEST_STEP][PASSED] - Numeric = "0123456789": null

2020-06-09 15:05:22 - [TEST_STEP][PASSED] - AlphaSpecialChar = z) + "`~!@#$%^&*()=_{}|\][;'":,?><"".join(): null

2020-06-09 15:05:22 - [TEST_STEP][PASSED] - RandomNumeric = RandomStringUtils.random(minLen, Numeric.toCharArray()): null

2020-06-09 15:05:22 - [TEST_STEP][PASSED] - RandomString = RandomStringUtils.random(minLen, AlphaSpecialChar): null

2020-06-09 15:05:22 - [TEST_STEP][PASSED] - regexPat = Pattern.compile("^[0-9]+$"): null

2020-06-09 15:05:22 - [TEST_STEP][PASSED] - NewInputNmField = modifyObjectProperty(findTestObject("Objects.RemarksValidation/input_Remarks"), "name", "equals", nameToBeUsed, true): Modify property of object successfully

2020-06-09 15:05:22 - [MESSAGE][PASSED] - Modify property of object successfully

2020-06-09 15:05:22 - [TEST_STEP][PASSED] - focus(NewInputNmField): Object: 'Object Repository/Objects.RemarksValidation/input_Remarks' is focused

2020-06-09 15:05:22 - [MESSAGE][PASSED] - Object: 'Object Repository/Objects.RemarksValidation/input_Remarks' is focused

2020-06-09 15:05:22 - [TEST_STEP][PASSED] - setText(NewInputNmField, RandomString): Text 'B%{[A""Bn=Y' is set on object 'Object Repository/Objects.RemarksValidation/input_Remarks'

2020-06-09 15:05:22 - [MESSAGE][PASSED] - Text 'B%{[A""Bn=Y' is set on object 'Object Repository/Objects.RemarksValidation/input_Remarks'

2020-06-09 15:05:22 - [TEST_STEP][PASSED] - GetInputVal = getAttribute(NewInputNmField, "value"): Attribute 'value' of object 'Object Repository/Objects.RemarksValidation/input_Remarks' is: ''

2020-06-09 15:05:22 - [MESSAGE][PASSED] - Attribute 'value' of object 'Object Repository/Objects.RemarksValidation/input_Remarks' is: ''

2020-06-09 15:05:22 - [TEST_STEP][PASSED] - if (GetInputVal.contains("e")): null

2020-06-09 15:05:22 - [TEST_STEP][PASSED] - else: Actual text '' and expected text '' are matched  using regular expression

2020-06-09 15:05:22 - [TEST_STEP][PASSED] - verifyMatch(GetInputVal, "", true): Actual text '' and expected text '' are matched  using regular expression

2020-06-09 15:05:22 - [MESSAGE][PASSED] - Actual text '' and expected text '' are matched  using regular expression

2020-06-09 15:05:22 - [TEST_STEP][PASSED] - setText(NewInputNmField, RandomNumeric): Text '65042364659' is set on object 'Object Repository/Objects.RemarksValidation/input_Remarks'

2020-06-09 15:05:22 - [MESSAGE][PASSED] - Text '65042364659' is set on object 'Object Repository/Objects.RemarksValidation/input_Remarks'

2020-06-09 15:05:22 - [TEST_STEP][PASSED] - GetEnteredIntegers = getAttribute(NewInputNmField, "value"): Attribute 'value' of object 'Object Repository/Objects.RemarksValidation/input_Remarks' is: '65042364659'

2020-06-09 15:05:22 - [MESSAGE][PASSED] - Attribute 'value' of object 'Object Repository/Objects.RemarksValidation/input_Remarks' is: '65042364659'

2020-06-09 15:05:22 - [TEST_STEP][PASSED] - matchStr = regexPat.matcher(GetEnteredIntegers): null

2020-06-09 15:05:22 - [TEST_STEP][PASSED] - if (matchStr.matches() == true): Accepting Numeric

2020-06-09 15:05:22 - [TEST_STEP][PASSED] - comment("Accepting Numeric"): Accepting Numeric

2020-06-09 15:05:22 - [MESSAGE][INFO] - Accepting Numeric

2020-06-09 15:05:22 - [MESSAGE][PASSED] - Call Test Case 'Test Cases/PFI Precision and Scale/PFI Components/NumericTextboxValidationII' successfully

2020-06-09 15:05:22 - [TEST_STEP][PASSED] - callTestCase(findTestCase("PFI Precision and Scale/PFI Components/StartTimeError"), ["FldNm":"eotFromDate", "index":0], STOP_ON_FAILURE): Call Test Case 'Test Cases/PFI Precision and Scale/PFI Components/StartTimeError' successfully

2020-06-09 15:05:23 - [TEST_CASE][PASSED] - Test Cases/PFI Precision and Scale/PFI Components/StartTimeError: Test Cases/PFI Precision and Scale/PFI Components/StartTimeError

2020-06-09 15:05:23 - [TEST_STEP][PASSED] - Thread.sleep(1000): null

2020-06-09 15:05:24 - [TEST_STEP][PASSED] - if (index == 0): Modify property of object successfully

2020-06-09 15:05:24 - [TEST_STEP][PASSED] - NewInputNmField = modifyObjectProperty(findTestObject("Objects.HighlightElements/input_field"), "name", "equals", FldNm, true): Modify property of object successfully

2020-06-09 15:05:24 - [MESSAGE][PASSED] - Modify property of object successfully

2020-06-09 15:05:24 - [TEST_STEP][PASSED] - mouseOver(NewInputNmField): Object: 'Object Repository/Objects.HighlightElements/input_field' is hovered

2020-06-09 15:05:24 - [MESSAGE][PASSED] - Object: 'Object Repository/Objects.HighlightElements/input_field' is hovered

2020-06-09 15:05:24 - [TEST_STEP][PASSED] - getInputInvalidDate = getAttribute(NewInputNmField, "value"): Attribute 'value' of object 'Object Repository/Objects.HighlightElements/input_field' is: '65042364659'

2020-06-09 15:05:24 - [MESSAGE][PASSED] - Attribute 'value' of object 'Object Repository/Objects.HighlightElements/input_field' is: '65042364659'

2020-06-09 15:05:24 - [TEST_STEP][PASSED] - getErrMsg = getAttribute(NewInputNmField, "data-errorqtip"): Attribute 'data-errorqtip' of object 'Object Repository/Objects.HighlightElements/input_field' is: '<ul class="x-list-plain"><li>Start time must be less than end time</li><li>65042364659 is not a valid date - it must be in the format d/m/Y</li></ul>'

2020-06-09 15:05:24 - [MESSAGE][PASSED] - Attribute 'data-errorqtip' of object 'Object Repository/Objects.HighlightElements/input_field' is: '<ul class="x-list-plain"><li>Start time must be less than end time</li><li>65042364659 is not a valid date - it must be in the format d/m/Y</li></ul>'

2020-06-09 15:05:24 - [TEST_STEP][PASSED] - RmvCd = getErrMsg.substring(0, 75): null

2020-06-09 15:05:24 - [TEST_STEP][PASSED] - FirstErrMsg = RmvCd.substring(29, 66): null

2020-06-09 15:05:24 - [TEST_STEP][PASSED] - getTotalLength = getErrMsg.length(): null

2020-06-09 15:05:24 - [TEST_STEP][PASSED] - RmvCd = getErrMsg.substring(75, getTotalLength): null

2020-06-09 15:05:24 - [TEST_STEP][PASSED] - lenInv = RmvCd.length() - 10: null

2020-06-09 15:05:24 - [TEST_STEP][PASSED] - InvErrMsg = RmvCd.substring(0, lenInv): null

2020-06-09 15:05:24 - [TEST_STEP][PASSED] - ExpectedInvalidErrMsg2 = concatenate(InvDtErr, " ", getInputInvalidDate, " ", NotValidDt): Concatenated string array: '['Start time must be less than end time',' ','65042364659',' ','is not a valid date - it must be in the format d/m/Y']' into 'Start time must be less than end time 65042364659 is not a valid date - it must be in the format d/m/Y'

2020-06-09 15:05:24 - [MESSAGE][PASSED] - Concatenated string array: '['Start time must be less than end time',' ','65042364659',' ','is not a valid date - it must be in the format d/m/Y']' into 'Start time must be less than end time 65042364659 is not a valid date - it must be in the format d/m/Y'

2020-06-09 15:05:24 - [TEST_STEP][PASSED] - ActualInvErrMsg = concatenate(FirstErrMsg, " ", InvErrMsg): Concatenated string array: '['Start time must be less than end time',' ','65042364659 is not a valid date - it must be in the format d/m/Y']' into 'Start time must be less than end time 65042364659 is not a valid date - it must be in the format d/m/Y'

2020-06-09 15:05:24 - [MESSAGE][PASSED] - Concatenated string array: '['Start time must be less than end time',' ','65042364659 is not a valid date - it must be in the format d/m/Y']' into 'Start time must be less than end time 65042364659 is not a valid date - it must be in the format d/m/Y'

2020-06-09 15:05:24 - [TEST_STEP][PASSED] - verifyMatch(ActualInvErrMsg, ExpectedInvalidErrMsg2, true): Actual text 'Start time must be less than end time 65042364659 is not a valid date - it must be in the format d/m/Y' and expected text 'Start time must be less than end time 65042364659 is not a valid date - it must be in the format d/m/Y' are matched  using regular expression

2020-06-09 15:05:24 - [MESSAGE][PASSED] - Actual text 'Start time must be less than end time 65042364659 is not a valid date - it must be in the format d/m/Y' and expected text 'Start time must be less than end time 65042364659 is not a valid date - it must be in the format d/m/Y' are matched  using regular expression

2020-06-09 15:05:24 - [MESSAGE][PASSED] - Call Test Case 'Test Cases/PFI Precision and Scale/PFI Components/StartTimeError' successfully

2020-06-09 15:05:24 - [TEST_STEP][PASSED] - callTestCase(findTestCase("PFI Precision and Scale/PFI Components/SelectTodayInDatePicker"), ["FldNm":"eotFromDate", "index":"1"], STOP_ON_FAILURE): Call Test Case 'Test Cases/PFI Precision and Scale/PFI Components/SelectTodayInDatePicker' successfully

2020-06-09 15:05:24 - [TEST_CASE][PASSED] - Test Cases/PFI Precision and Scale/PFI Components/SelectTodayInDatePicker: Test Cases/PFI Precision and Scale/PFI Components/SelectTodayInDatePicker

2020-06-09 15:05:24 - [TEST_STEP][PASSED] - Thread.sleep(1000): null

2020-06-09 15:05:25 - [TEST_STEP][PASSED] - date = new java.util.Date(): null

2020-06-09 15:05:25 - [TEST_STEP][PASSED] - CurrentDate = new java.text.SimpleDateFormat(dd/MM/yyyy): null

2020-06-09 15:05:25 - [TEST_STEP][PASSED] - TodayDate = CurrentDate.format(date): null

2020-06-09 15:05:25 - [TEST_STEP][PASSED] - DateFieldNm = modifyObjectProperty(findTestObject("Object Repository/Objects.DateValidation/Page_ISPS2/input__orderDt"), "name", "equals", FldNm, true): Modify property of object successfully

2020-06-09 15:05:25 - [MESSAGE][PASSED] - Modify property of object successfully

2020-06-09 15:05:25 - [TEST_STEP][PASSED] - TodayBtn = modifyObjectProperty(findTestObject("Object Repository/Objects.DateValidation/Page_ISPS2/a_Today"), "xpath", "equals", "(//*[text() = 'Today'])[" + index + "]", true): Modify property of object successfully

2020-06-09 15:05:26 - [MESSAGE][PASSED] - Modify property of object successfully

2020-06-09 15:05:26 - [TEST_STEP][PASSED] - sendKeys(DateFieldNm, Keys.chord(ARROW_DOWN)): Keys 'DOWN + ' sent to object: 'Object Repository/Objects.DateValidation/Page_ISPS2/input__orderDt'

2020-06-09 15:05:26 - [MESSAGE][PASSED] - Keys 'DOWN + ' sent to object: 'Object Repository/Objects.DateValidation/Page_ISPS2/input__orderDt'

2020-06-09 15:05:26 - [TEST_STEP][PASSED] - com.reusableComponents.HighlightElement.run(TodayBtn): com.reusableComponents.HighlightElement.run is PASSED

2020-06-09 15:05:26 - [MESSAGE][PASSED] - com.reusableComponents.HighlightElement.run is PASSED

2020-06-09 15:05:26 - [TEST_STEP][PASSED] - click(TodayBtn): Object: 'Object Repository/Objects.DateValidation/Page_ISPS2/a_Today' is clicked on

2020-06-09 15:05:26 - [MESSAGE][PASSED] - Object: 'Object Repository/Objects.DateValidation/Page_ISPS2/a_Today' is clicked on

2020-06-09 15:05:26 - [TEST_STEP][PASSED] - GetEnteredDate = getAttribute(DateFieldNm, "value"): Attribute 'value' of object 'Object Repository/Objects.DateValidation/Page_ISPS2/input__orderDt' is: '09/06/2020'

2020-06-09 15:05:26 - [MESSAGE][PASSED] - Attribute 'value' of object 'Object Repository/Objects.DateValidation/Page_ISPS2/input__orderDt' is: '09/06/2020'

2020-06-09 15:05:26 - [TEST_STEP][PASSED] - verifyMatch(GetEnteredDate, TodayDate, true): Actual text '09/06/2020' and expected text '09/06/2020' are matched  using regular expression

2020-06-09 15:05:26 - [MESSAGE][PASSED] - Actual text '09/06/2020' and expected text '09/06/2020' are matched  using regular expression

2020-06-09 15:05:26 - [MESSAGE][PASSED] - Call Test Case 'Test Cases/PFI Precision and Scale/PFI Components/SelectTodayInDatePicker' successfully

2020-06-09 15:05:26 - [TEST_STEP][PASSED] - callTestCase(findTestCase("Components/HighlightLabelField"), ["LblName":"EOT To Date *:"], STOP_ON_FAILURE): Call Test Case 'Test Cases/Components/HighlightLabelField' successfully

2020-06-09 15:05:26 - [TEST_CASE][PASSED] - Test Cases/Components/HighlightLabelField: Test Cases/Components/HighlightLabelField

2020-06-09 15:05:26 - [TEST_STEP][PASSED] - Thread.sleep(1000): null

2020-06-09 15:05:27 - [TEST_STEP][PASSED] - modifiedLblNm = modifyObjectProperty(findTestObject("Objects.HighlightElements/lblField"), "text", "equals", LblName, true): Modify property of object successfully

2020-06-09 15:05:27 - [MESSAGE][PASSED] - Modify property of object successfully

2020-06-09 15:05:27 - [TEST_STEP][PASSED] - com.reusableComponents.HighlightElement.run(modifiedLblNm): com.reusableComponents.HighlightElement.run is PASSED

2020-06-09 15:05:28 - [MESSAGE][PASSED] - com.reusableComponents.HighlightElement.run is PASSED

2020-06-09 15:05:28 - [MESSAGE][PASSED] - Call Test Case 'Test Cases/Components/HighlightLabelField' successfully

2020-06-09 15:05:28 - [TEST_STEP][PASSED] - callTestCase(findTestCase("Components/HighlightInputField"), ["InputFldName":"eotToDate"], STOP_ON_FAILURE): Call Test Case 'Test Cases/Components/HighlightInputField' successfully

2020-06-09 15:05:28 - [TEST_CASE][PASSED] - Test Cases/Components/HighlightInputField: Test Cases/Components/HighlightInputField

2020-06-09 15:05:28 - [TEST_STEP][PASSED] - Thread.sleep(1000): null

2020-06-09 15:05:29 - [TEST_STEP][PASSED] - modifiedLblNm = modifyObjectProperty(findTestObject("Objects.HighlightElements/input_field"), "name", "equals", InputFldName, true): Modify property of object successfully

2020-06-09 15:05:29 - [MESSAGE][PASSED] - Modify property of object successfully

2020-06-09 15:05:29 - [TEST_STEP][PASSED] - com.reusableComponents.HighlightElement.run(modifiedLblNm): com.reusableComponents.HighlightElement.run is PASSED

2020-06-09 15:05:29 - [MESSAGE][PASSED] - com.reusableComponents.HighlightElement.run is PASSED

2020-06-09 15:05:29 - [MESSAGE][PASSED] - Call Test Case 'Test Cases/Components/HighlightInputField' successfully

2020-06-09 15:05:29 - [TEST_STEP][PASSED] - callTestCase(findTestCase("PFI Precision and Scale/PFI Components with Indexing/SelectDayInDatePickerWithIndex"), ["FldNm":"eotToDate", "SelectCurrentDay":"15", "index":2], STOP_ON_FAILURE): Call Test Case 'Test Cases/PFI Precision and Scale/PFI Components with Indexing/SelectDayInDatePickerWithIndex' successfully

2020-06-09 15:05:29 - [TEST_CASE][PASSED] - Test Cases/PFI Precision and Scale/PFI Components with Indexing/SelectDayInDatePickerWithIndex: Test Cases/PFI Precision and Scale/PFI Components with Indexing/SelectDayInDatePickerWithIndex

2020-06-09 15:05:30 - [TEST_STEP][PASSED] - Thread.sleep(1000): null

2020-06-09 15:05:31 - [TEST_STEP][PASSED] - DateFieldNm = modifyObjectProperty(findTestObject("Objects.HighlightElements/input_field"), "name", "equals", FldNm, true): Modify property of object successfully

2020-06-09 15:05:31 - [MESSAGE][PASSED] - Modify property of object successfully

2020-06-09 15:05:31 - [TEST_STEP][PASSED] - ModifyDay = modifyObjectProperty(findTestObject("Objects.DateValidation/Page_ISPS2/Select_Day_Index"), "xpath", "equals", "(//*[contains(@class, 'x-datepicker-date') and (text() = '" + SelectCurrentDay + "')])[" + index + "]", true): Modify property of object successfully

2020-06-09 15:05:31 - [MESSAGE][PASSED] - Modify property of object successfully

2020-06-09 15:05:31 - [TEST_STEP][PASSED] - sendKeys(DateFieldNm, Keys.chord(ARROW_DOWN)): Keys 'DOWN + ' sent to object: 'Object Repository/Objects.HighlightElements/input_field'

2020-06-09 15:05:31 - [MESSAGE][PASSED] - Keys 'DOWN + ' sent to object: 'Object Repository/Objects.HighlightElements/input_field'

2020-06-09 15:05:31 - [TEST_STEP][PASSED] - com.reusableComponents.HighlightElement.run(ModifyDay): com.reusableComponents.HighlightElement.run is PASSED

2020-06-09 15:05:31 - [MESSAGE][PASSED] - com.reusableComponents.HighlightElement.run is PASSED

2020-06-09 15:05:31 - [TEST_STEP][PASSED] - delay(1): Delayed 1 second(s)

2020-06-09 15:05:32 - [MESSAGE][PASSED] - Delayed 1 second(s)

2020-06-09 15:05:32 - [TEST_STEP][PASSED] - click(ModifyDay): Object: 'Object Repository/Objects.DateValidation/Page_ISPS2/Select_Day_Index' is clicked on

2020-06-09 15:05:32 - [MESSAGE][PASSED] - Object: 'Object Repository/Objects.DateValidation/Page_ISPS2/Select_Day_Index' is clicked on

2020-06-09 15:05:32 - [TEST_STEP][PASSED] - GetError = getAttribute(DateFieldNm, "data-errorqtip"): Attribute 'data-errorqtip' of object 'Object Repository/Objects.HighlightElements/input_field' is: ''

2020-06-09 15:05:32 - [MESSAGE][PASSED] - Attribute 'data-errorqtip' of object 'Object Repository/Objects.HighlightElements/input_field' is: ''

2020-06-09 15:05:32 - [TEST_STEP][PASSED] - if (GetError == ""): null

2020-06-09 15:05:32 - [TEST_STEP][PASSED] - GetEnteredDate = getAttribute(DateFieldNm, "value"): Attribute 'value' of object 'Object Repository/Objects.HighlightElements/input_field' is: '15/06/2020'

2020-06-09 15:05:32 - [MESSAGE][PASSED] - Attribute 'value' of object 'Object Repository/Objects.HighlightElements/input_field' is: '15/06/2020'

2020-06-09 15:05:32 - [TEST_STEP][PASSED] - DatePattern = Pattern.compile("^(1[0-2]|0[1-9])/(3[01]|[12][0-9]|0[1-9])/[0-9]{4}$"): null

2020-06-09 15:05:32 - [TEST_STEP][PASSED] - VerifyDateFormat = DatePattern.matcher(GetEnteredDate): null

2020-06-09 15:05:32 - [TEST_STEP][PASSED] - if (VerifyDateFormat.matches() == true): null

2020-06-09 15:05:32 - [MESSAGE][PASSED] - Call Test Case 'Test Cases/PFI Precision and Scale/PFI Components with Indexing/SelectDayInDatePickerWithIndex' successfully

2020-06-09 15:05:32 - [TEST_STEP][PASSED] - callTestCase(findTestCase("PFI Precision and Scale/PFI Components/NumericTextboxValidationII"), ["nameToBeUsed":"eotToDate", "minLen":11, "index":0], STOP_ON_FAILURE): Call Test Case 'Test Cases/PFI Precision and Scale/PFI Components/NumericTextboxValidationII' successfully

2020-06-09 15:05:32 - [TEST_CASE][PASSED] - Test Cases/PFI Precision and Scale/PFI Components/NumericTextboxValidationII: Test Cases/PFI Precision and Scale/PFI Components/NumericTextboxValidationII

2020-06-09 15:05:32 - [TEST_STEP][PASSED] - Thread.sleep(1000): null

2020-06-09 15:05:33 - [TEST_STEP][PASSED] - Numeric = "0123456789": null

2020-06-09 15:05:33 - [TEST_STEP][PASSED] - AlphaSpecialChar = z) + "`~!@#$%^&*()=_{}|\][;'":,?><"".join(): null

2020-06-09 15:05:33 - [TEST_STEP][PASSED] - RandomNumeric = RandomStringUtils.random(minLen, Numeric.toCharArray()): null

2020-06-09 15:05:33 - [TEST_STEP][PASSED] - RandomString = RandomStringUtils.random(minLen, AlphaSpecialChar): null

2020-06-09 15:05:33 - [TEST_STEP][PASSED] - regexPat = Pattern.compile("^[0-9]+$"): null

2020-06-09 15:05:33 - [TEST_STEP][PASSED] - NewInputNmField = modifyObjectProperty(findTestObject("Objects.RemarksValidation/input_Remarks"), "name", "equals", nameToBeUsed, true): Modify property of object successfully

2020-06-09 15:05:33 - [MESSAGE][PASSED] - Modify property of object successfully

2020-06-09 15:05:33 - [TEST_STEP][PASSED] - focus(NewInputNmField): Object: 'Object Repository/Objects.RemarksValidation/input_Remarks' is focused

2020-06-09 15:05:33 - [MESSAGE][PASSED] - Object: 'Object Repository/Objects.RemarksValidation/input_Remarks' is focused

2020-06-09 15:05:33 - [TEST_STEP][PASSED] - setText(NewInputNmField, RandomString): Text '?({'!Mv!%DE' is set on object 'Object Repository/Objects.RemarksValidation/input_Remarks'

2020-06-09 15:05:34 - [MESSAGE][PASSED] - Text '?({'!Mv!%DE' is set on object 'Object Repository/Objects.RemarksValidation/input_Remarks'

2020-06-09 15:05:34 - [TEST_STEP][PASSED] - GetInputVal = getAttribute(NewInputNmField, "value"): Attribute 'value' of object 'Object Repository/Objects.RemarksValidation/input_Remarks' is: ''

2020-06-09 15:05:34 - [MESSAGE][PASSED] - Attribute 'value' of object 'Object Repository/Objects.RemarksValidation/input_Remarks' is: ''

2020-06-09 15:05:34 - [TEST_STEP][PASSED] - if (GetInputVal.contains("e")): null

2020-06-09 15:05:34 - [TEST_STEP][PASSED] - else: Actual text '' and expected text '' are matched  using regular expression

2020-06-09 15:05:34 - [TEST_STEP][PASSED] - verifyMatch(GetInputVal, "", true): Actual text '' and expected text '' are matched  using regular expression

2020-06-09 15:05:34 - [MESSAGE][PASSED] - Actual text '' and expected text '' are matched  using regular expression

2020-06-09 15:05:34 - [TEST_STEP][PASSED] - setText(NewInputNmField, RandomNumeric): Text '55908704260' is set on object 'Object Repository/Objects.RemarksValidation/input_Remarks'

2020-06-09 15:05:34 - [MESSAGE][PASSED] - Text '55908704260' is set on object 'Object Repository/Objects.RemarksValidation/input_Remarks'

2020-06-09 15:05:34 - [TEST_STEP][PASSED] - GetEnteredIntegers = getAttribute(NewInputNmField, "value"): Attribute 'value' of object 'Object Repository/Objects.RemarksValidation/input_Remarks' is: '55908704260'

2020-06-09 15:05:34 - [MESSAGE][PASSED] - Attribute 'value' of object 'Object Repository/Objects.RemarksValidation/input_Remarks' is: '55908704260'

2020-06-09 15:05:34 - [TEST_STEP][PASSED] - matchStr = regexPat.matcher(GetEnteredIntegers): null

2020-06-09 15:05:34 - [TEST_STEP][PASSED] - if (matchStr.matches() == true): Accepting Numeric

2020-06-09 15:05:34 - [TEST_STEP][PASSED] - comment("Accepting Numeric"): Accepting Numeric

2020-06-09 15:05:34 - [MESSAGE][INFO] - Accepting Numeric

2020-06-09 15:05:34 - [MESSAGE][PASSED] - Call Test Case 'Test Cases/PFI Precision and Scale/PFI Components/NumericTextboxValidationII' successfully

2020-06-09 15:05:34 - [TEST_STEP][PASSED] - callTestCase(findTestCase("PFI Precision and Scale/PFI Components/StartTimeError"), ["FldNm":"eotToDate", "index":0], STOP_ON_FAILURE): Call Test Case 'Test Cases/PFI Precision and Scale/PFI Components/StartTimeError' successfully

2020-06-09 15:05:34 - [TEST_CASE][PASSED] - Test Cases/PFI Precision and Scale/PFI Components/StartTimeError: Test Cases/PFI Precision and Scale/PFI Components/StartTimeError

2020-06-09 15:05:34 - [TEST_STEP][PASSED] - Thread.sleep(1000): null

2020-06-09 15:05:35 - [TEST_STEP][PASSED] - if (index == 0): Modify property of object successfully

2020-06-09 15:05:35 - [TEST_STEP][PASSED] - NewInputNmField = modifyObjectProperty(findTestObject("Objects.HighlightElements/input_field"), "name", "equals", FldNm, true): Modify property of object successfully

2020-06-09 15:05:35 - [MESSAGE][PASSED] - Modify property of object successfully

2020-06-09 15:05:35 - [TEST_STEP][PASSED] - mouseOver(NewInputNmField): Object: 'Object Repository/Objects.HighlightElements/input_field' is hovered

2020-06-09 15:05:35 - [MESSAGE][PASSED] - Object: 'Object Repository/Objects.HighlightElements/input_field' is hovered

2020-06-09 15:05:35 - [TEST_STEP][PASSED] - getInputInvalidDate = getAttribute(NewInputNmField, "value"): Attribute 'value' of object 'Object Repository/Objects.HighlightElements/input_field' is: '55908704260'

2020-06-09 15:05:35 - [MESSAGE][PASSED] - Attribute 'value' of object 'Object Repository/Objects.HighlightElements/input_field' is: '55908704260'

2020-06-09 15:05:35 - [TEST_STEP][PASSED] - getErrMsg = getAttribute(NewInputNmField, "data-errorqtip"): Attribute 'data-errorqtip' of object 'Object Repository/Objects.HighlightElements/input_field' is: '<ul class="x-list-plain"><li>Start time must be less than end time</li><li>55908704260 is not a valid date - it must be in the format d/m/Y</li></ul>'

2020-06-09 15:05:35 - [MESSAGE][PASSED] - Attribute 'data-errorqtip' of object 'Object Repository/Objects.HighlightElements/input_field' is: '<ul class="x-list-plain"><li>Start time must be less than end time</li><li>55908704260 is not a valid date - it must be in the format d/m/Y</li></ul>'

2020-06-09 15:05:35 - [TEST_STEP][PASSED] - RmvCd = getErrMsg.substring(0, 75): null

2020-06-09 15:05:35 - [TEST_STEP][PASSED] - FirstErrMsg = RmvCd.substring(29, 66): null

2020-06-09 15:05:35 - [TEST_STEP][PASSED] - getTotalLength = getErrMsg.length(): null

2020-06-09 15:05:35 - [TEST_STEP][PASSED] - RmvCd = getErrMsg.substring(75, getTotalLength): null

2020-06-09 15:05:35 - [TEST_STEP][PASSED] - lenInv = RmvCd.length() - 10: null

2020-06-09 15:05:35 - [TEST_STEP][PASSED] - InvErrMsg = RmvCd.substring(0, lenInv): null

2020-06-09 15:05:35 - [TEST_STEP][PASSED] - ExpectedInvalidErrMsg2 = concatenate(InvDtErr, " ", getInputInvalidDate, " ", NotValidDt): Concatenated string array: '['Start time must be less than end time',' ','55908704260',' ','is not a valid date - it must be in the format d/m/Y']' into 'Start time must be less than end time 55908704260 is not a valid date - it must be in the format d/m/Y'

2020-06-09 15:05:35 - [MESSAGE][PASSED] - Concatenated string array: '['Start time must be less than end time',' ','55908704260',' ','is not a valid date - it must be in the format d/m/Y']' into 'Start time must be less than end time 55908704260 is not a valid date - it must be in the format d/m/Y'

2020-06-09 15:05:35 - [TEST_STEP][PASSED] - ActualInvErrMsg = concatenate(FirstErrMsg, " ", InvErrMsg): Concatenated string array: '['Start time must be less than end time',' ','55908704260 is not a valid date - it must be in the format d/m/Y']' into 'Start time must be less than end time 55908704260 is not a valid date - it must be in the format d/m/Y'

2020-06-09 15:05:35 - [MESSAGE][PASSED] - Concatenated string array: '['Start time must be less than end time',' ','55908704260 is not a valid date - it must be in the format d/m/Y']' into 'Start time must be less than end time 55908704260 is not a valid date - it must be in the format d/m/Y'

2020-06-09 15:05:35 - [TEST_STEP][PASSED] - verifyMatch(ActualInvErrMsg, ExpectedInvalidErrMsg2, true): Actual text 'Start time must be less than end time 55908704260 is not a valid date - it must be in the format d/m/Y' and expected text 'Start time must be less than end time 55908704260 is not a valid date - it must be in the format d/m/Y' are matched  using regular expression

2020-06-09 15:05:35 - [MESSAGE][PASSED] - Actual text 'Start time must be less than end time 55908704260 is not a valid date - it must be in the format d/m/Y' and expected text 'Start time must be less than end time 55908704260 is not a valid date - it must be in the format d/m/Y' are matched  using regular expression

2020-06-09 15:05:35 - [MESSAGE][PASSED] - Call Test Case 'Test Cases/PFI Precision and Scale/PFI Components/StartTimeError' successfully

2020-06-09 15:05:35 - [TEST_STEP][PASSED] - callTestCase(findTestCase("PFI Precision and Scale/PFI Components/SelectTodayInDatePicker"), ["FldNm":"eotToDate", "index":"2"], STOP_ON_FAILURE): Call Test Case 'Test Cases/PFI Precision and Scale/PFI Components/SelectTodayInDatePicker' successfully

2020-06-09 15:05:35 - [TEST_CASE][PASSED] - Test Cases/PFI Precision and Scale/PFI Components/SelectTodayInDatePicker: Test Cases/PFI Precision and Scale/PFI Components/SelectTodayInDatePicker

2020-06-09 15:05:35 - [TEST_STEP][PASSED] - Thread.sleep(1000): null

2020-06-09 15:05:36 - [TEST_STEP][PASSED] - date = new java.util.Date(): null

2020-06-09 15:05:36 - [TEST_STEP][PASSED] - CurrentDate = new java.text.SimpleDateFormat(dd/MM/yyyy): null

2020-06-09 15:05:36 - [TEST_STEP][PASSED] - TodayDate = CurrentDate.format(date): null

2020-06-09 15:05:36 - [TEST_STEP][PASSED] - DateFieldNm = modifyObjectProperty(findTestObject("Object Repository/Objects.DateValidation/Page_ISPS2/input__orderDt"), "name", "equals", FldNm, true): Modify property of object successfully

2020-06-09 15:05:36 - [MESSAGE][PASSED] - Modify property of object successfully

2020-06-09 15:05:36 - [TEST_STEP][PASSED] - TodayBtn = modifyObjectProperty(findTestObject("Object Repository/Objects.DateValidation/Page_ISPS2/a_Today"), "xpath", "equals", "(//*[text() = 'Today'])[" + index + "]", true): Modify property of object successfully

2020-06-09 15:05:36 - [MESSAGE][PASSED] - Modify property of object successfully

2020-06-09 15:05:36 - [TEST_STEP][PASSED] - sendKeys(DateFieldNm, Keys.chord(ARROW_DOWN)): Keys 'DOWN + ' sent to object: 'Object Repository/Objects.DateValidation/Page_ISPS2/input__orderDt'

2020-06-09 15:05:36 - [MESSAGE][PASSED] - Keys 'DOWN + ' sent to object: 'Object Repository/Objects.DateValidation/Page_ISPS2/input__orderDt'

2020-06-09 15:05:36 - [TEST_STEP][PASSED] - com.reusableComponents.HighlightElement.run(TodayBtn): com.reusableComponents.HighlightElement.run is PASSED

2020-06-09 15:05:37 - [MESSAGE][PASSED] - com.reusableComponents.HighlightElement.run is PASSED

2020-06-09 15:05:37 - [TEST_STEP][PASSED] - click(TodayBtn): Object: 'Object Repository/Objects.DateValidation/Page_ISPS2/a_Today' is clicked on

2020-06-09 15:05:37 - [MESSAGE][PASSED] - Object: 'Object Repository/Objects.DateValidation/Page_ISPS2/a_Today' is clicked on

2020-06-09 15:05:37 - [TEST_STEP][PASSED] - GetEnteredDate = getAttribute(DateFieldNm, "value"): Attribute 'value' of object 'Object Repository/Objects.DateValidation/Page_ISPS2/input__orderDt' is: '09/06/2020'

2020-06-09 15:05:37 - [MESSAGE][PASSED] - Attribute 'value' of object 'Object Repository/Objects.DateValidation/Page_ISPS2/input__orderDt' is: '09/06/2020'

2020-06-09 15:05:37 - [TEST_STEP][PASSED] - verifyMatch(GetEnteredDate, TodayDate, true): Actual text '09/06/2020' and expected text '09/06/2020' are matched  using regular expression

2020-06-09 15:05:37 - [MESSAGE][PASSED] - Actual text '09/06/2020' and expected text '09/06/2020' are matched  using regular expression

2020-06-09 15:05:37 - [MESSAGE][PASSED] - Call Test Case 'Test Cases/PFI Precision and Scale/PFI Components/SelectTodayInDatePicker' successfully

2020-06-09 15:05:37 - [TEST_STEP][PASSED] - callTestCase(findTestCase("PFI Precision and Scale/PFI Components/PastDateAfterError"), ["FldNm":"eotToDate"], STOP_ON_FAILURE): Call Test Case 'Test Cases/PFI Precision and Scale/PFI Components/PastDateAfterError' successfully

2020-06-09 15:05:37 - [TEST_CASE][PASSED] - Test Cases/PFI Precision and Scale/PFI Components/PastDateAfterError: Test Cases/PFI Precision and Scale/PFI Components/PastDateAfterError

2020-06-09 15:05:37 - [TEST_STEP][PASSED] - Thread.sleep(1000): null

2020-06-09 15:05:38 - [TEST_STEP][PASSED] - date = new java.util.Date(): null

2020-06-09 15:05:38 - [TEST_STEP][PASSED] - DateFormat = new java.text.SimpleDateFormat(dd/MM/yyyy): null

2020-06-09 15:05:38 - [TEST_STEP][PASSED] - CurrentDate = DateFormat.format(date): null

2020-06-09 15:05:38 - [TEST_STEP][PASSED] - DateFieldNm = modifyObjectProperty(findTestObject("Objects.HighlightElements/input_field"), "name", "equals", FldNm, true): Modify property of object successfully

2020-06-09 15:05:39 - [MESSAGE][PASSED] - Modify property of object successfully

2020-06-09 15:05:39 - [TEST_STEP][PASSED] - GetDateValue = getAttribute(DateFieldNm, "value"): Attribute 'value' of object 'Object Repository/Objects.HighlightElements/input_field' is: '09/06/2020'

2020-06-09 15:05:39 - [MESSAGE][PASSED] - Attribute 'value' of object 'Object Repository/Objects.HighlightElements/input_field' is: '09/06/2020'

2020-06-09 15:05:39 - [TEST_STEP][PASSED] - verifyMatch(GetDateValue, CurrentDate, true): Actual text '09/06/2020' and expected text '09/06/2020' are matched  using regular expression

2020-06-09 15:05:39 - [MESSAGE][PASSED] - Actual text '09/06/2020' and expected text '09/06/2020' are matched  using regular expression

2020-06-09 15:05:39 - [TEST_STEP][PASSED] - PastDate = date - 30: null

2020-06-09 15:05:39 - [TEST_STEP][PASSED] - PastDateFormatted = PastDate.format("dd/MM/yyyy"): null

2020-06-09 15:05:39 - [TEST_STEP][PASSED] - setText(DateFieldNm, PastDateFormatted): Text '10/05/2020' is set on object 'Object Repository/Objects.HighlightElements/input_field'

2020-06-09 15:05:39 - [MESSAGE][PASSED] - Text '10/05/2020' is set on object 'Object Repository/Objects.HighlightElements/input_field'

2020-06-09 15:05:39 - [TEST_STEP][PASSED] - mouseOver(DateFieldNm, STOP_ON_FAILURE): Object: 'Object Repository/Objects.HighlightElements/input_field' is hovered

2020-06-09 15:05:39 - [MESSAGE][PASSED] - Object: 'Object Repository/Objects.HighlightElements/input_field' is hovered

2020-06-09 15:05:39 - [TEST_STEP][PASSED] - PastDtErrMsg = getAttribute(DateFieldNm, "data-errorqtip", STOP_ON_FAILURE): Attribute 'data-errorqtip' of object 'Object Repository/Objects.HighlightElements/input_field' is: '<ul class="x-list-plain"><li>The date in this field must be after 09/06/2020</li></ul>'

2020-06-09 15:05:39 - [MESSAGE][PASSED] - Attribute 'data-errorqtip' of object 'Object Repository/Objects.HighlightElements/input_field' is: '<ul class="x-list-plain"><li>The date in this field must be after 09/06/2020</li></ul>'

2020-06-09 15:05:39 - [TEST_STEP][PASSED] - lenErrMsg = PastDtErrMsg.length(): null

2020-06-09 15:05:39 - [TEST_STEP][PASSED] - RmvCde = PastDtErrMsg.substring(29, lenErrMsg): null

2020-06-09 15:05:39 - [TEST_STEP][PASSED] - ActualErrDtMsg = RmvCde.substring(0, 47): null

2020-06-09 15:05:39 - [TEST_STEP][PASSED] - ExpectedErrDtMsg = concatenate(DtErrMsg, " ", CurrentDate): Concatenated string array: '['The date in this field must be after',' ','09/06/2020']' into 'The date in this field must be after 09/06/2020'

2020-06-09 15:05:39 - [MESSAGE][PASSED] - Concatenated string array: '['The date in this field must be after',' ','09/06/2020']' into 'The date in this field must be after 09/06/2020'

2020-06-09 15:05:39 - [TEST_STEP][PASSED] - verifyMatch(ActualErrDtMsg, ExpectedErrDtMsg, true): Actual text 'The date in this field must be after 09/06/2020' and expected text 'The date in this field must be after 09/06/2020' are matched  using regular expression

2020-06-09 15:05:39 - [MESSAGE][PASSED] - Actual text 'The date in this field must be after 09/06/2020' and expected text 'The date in this field must be after 09/06/2020' are matched  using regular expression

2020-06-09 15:05:39 - [TEST_STEP][PASSED] - FromDate = getAttribute(DateFieldNm, "value"): Attribute 'value' of object 'Object Repository/Objects.HighlightElements/input_field' is: '10/05/2020'

2020-06-09 15:05:39 - [MESSAGE][PASSED] - Attribute 'value' of object 'Object Repository/Objects.HighlightElements/input_field' is: '10/05/2020'

2020-06-09 15:05:39 - [MESSAGE][PASSED] - Call Test Case 'Test Cases/PFI Precision and Scale/PFI Components/PastDateAfterError' successfully

2020-06-09 15:05:39 - [TEST_STEP][PASSED] - callTestCase(findTestCase("PFI Precision and Scale/PFI Components/PastDateBeforeError"), ["FldNm":"eotFromDate"], STOP_ON_FAILURE): Call Test Case 'Test Cases/PFI Precision and Scale/PFI Components/PastDateBeforeError' successfully

2020-06-09 15:05:39 - [TEST_CASE][PASSED] - Test Cases/PFI Precision and Scale/PFI Components/PastDateBeforeError: Test Cases/PFI Precision and Scale/PFI Components/PastDateBeforeError

2020-06-09 15:05:39 - [TEST_STEP][PASSED] - Thread.sleep(1000): null

2020-06-09 15:05:40 - [TEST_STEP][PASSED] - DateFieldNm = modifyObjectProperty(findTestObject("Objects.HighlightElements/input_field"), "name", "equals", FldNm, true): Modify property of object successfully

2020-06-09 15:05:40 - [MESSAGE][PASSED] - Modify property of object successfully

2020-06-09 15:05:40 - [TEST_STEP][PASSED] - mouseOver(DateFieldNm): Object: 'Object Repository/Objects.HighlightElements/input_field' is hovered

2020-06-09 15:05:40 - [MESSAGE][PASSED] - Object: 'Object Repository/Objects.HighlightElements/input_field' is hovered

2020-06-09 15:05:40 - [TEST_STEP][PASSED] - PastDtErrMsg = getAttribute(DateFieldNm, "data-errorqtip", STOP_ON_FAILURE): Attribute 'data-errorqtip' of object 'Object Repository/Objects.HighlightElements/input_field' is: '<ul class="x-list-plain"><li>The date in this field must be before 10/05/2020</li></ul>'

2020-06-09 15:05:40 - [MESSAGE][PASSED] - Attribute 'data-errorqtip' of object 'Object Repository/Objects.HighlightElements/input_field' is: '<ul class="x-list-plain"><li>The date in this field must be before 10/05/2020</li></ul>'

2020-06-09 15:05:40 - [TEST_STEP][PASSED] - lenErrMsg = PastDtErrMsg.length(): null

2020-06-09 15:05:40 - [TEST_STEP][PASSED] - RmvCde = PastDtErrMsg.substring(29, lenErrMsg): null

2020-06-09 15:05:40 - [TEST_STEP][PASSED] - ActualErrDtMsg = RmvCde.substring(0, 48): null

2020-06-09 15:05:40 - [TEST_STEP][PASSED] - ExpectedErrDtMsg = concatenate(findTestData("PrecisionAndScaleDB").getValue("ErrorMessage", 7), " ", FromDate): Concatenated string array: '['The date in this field must be before',' ','10/05/2020']' into 'The date in this field must be before 10/05/2020'

2020-06-09 15:05:40 - [MESSAGE][PASSED] - Concatenated string array: '['The date in this field must be before',' ','10/05/2020']' into 'The date in this field must be before 10/05/2020'

2020-06-09 15:05:40 - [TEST_STEP][PASSED] - verifyMatch(ActualErrDtMsg, ExpectedErrDtMsg, true): Actual text 'The date in this field must be before 10/05/2020' and expected text 'The date in this field must be before 10/05/2020' are matched  using regular expression

2020-06-09 15:05:40 - [MESSAGE][PASSED] - Actual text 'The date in this field must be before 10/05/2020' and expected text 'The date in this field must be before 10/05/2020' are matched  using regular expression

2020-06-09 15:05:41 - [MESSAGE][PASSED] - Call Test Case 'Test Cases/PFI Precision and Scale/PFI Components/PastDateBeforeError' successfully

2020-06-09 15:05:41 - [TEST_STEP][PASSED] - callTestCase(findTestCase("Components/HighlightLabelField"), ["LblName":"Approve Officer *:"], STOP_ON_FAILURE): Call Test Case 'Test Cases/Components/HighlightLabelField' successfully

2020-06-09 15:05:41 - [TEST_CASE][PASSED] - Test Cases/Components/HighlightLabelField: Test Cases/Components/HighlightLabelField

2020-06-09 15:05:41 - [TEST_STEP][PASSED] - Thread.sleep(1000): null

2020-06-09 15:05:42 - [TEST_STEP][PASSED] - modifiedLblNm = modifyObjectProperty(findTestObject("Objects.HighlightElements/lblField"), "text", "equals", LblName, true): Modify property of object successfully

2020-06-09 15:05:42 - [MESSAGE][PASSED] - Modify property of object successfully

2020-06-09 15:05:42 - [TEST_STEP][PASSED] - com.reusableComponents.HighlightElement.run(modifiedLblNm): com.reusableComponents.HighlightElement.run is PASSED

2020-06-09 15:05:42 - [MESSAGE][PASSED] - com.reusableComponents.HighlightElement.run is PASSED

2020-06-09 15:05:42 - [MESSAGE][PASSED] - Call Test Case 'Test Cases/Components/HighlightLabelField' successfully

2020-06-09 15:05:42 - [TEST_STEP][PASSED] - callTestCase(findTestCase("Components/HighlightInputField"), ["InputFldName":"approveOfficerCmb"], STOP_ON_FAILURE): Call Test Case 'Test Cases/Components/HighlightInputField' successfully

2020-06-09 15:05:42 - [TEST_CASE][PASSED] - Test Cases/Components/HighlightInputField: Test Cases/Components/HighlightInputField

2020-06-09 15:05:42 - [TEST_STEP][PASSED] - Thread.sleep(1000): null

2020-06-09 15:05:43 - [TEST_STEP][PASSED] - modifiedLblNm = modifyObjectProperty(findTestObject("Objects.HighlightElements/input_field"), "name", "equals", InputFldName, true): Modify property of object successfully

2020-06-09 15:05:43 - [MESSAGE][PASSED] - Modify property of object successfully

2020-06-09 15:05:43 - [TEST_STEP][PASSED] - com.reusableComponents.HighlightElement.run(modifiedLblNm): com.reusableComponents.HighlightElement.run is PASSED

2020-06-09 15:05:44 - [MESSAGE][PASSED] - com.reusableComponents.HighlightElement.run is PASSED

2020-06-09 15:05:44 - [MESSAGE][PASSED] - Call Test Case 'Test Cases/Components/HighlightInputField' successfully

2020-06-09 15:05:44 - [TEST_STEP][PASSED] - callTestCase(findTestCase("PFI Precision and Scale/PFI Components/VerifyDropdownValues"), ["FldNm":"approveOfficerCmb", "index":0, "CallTCName":"PFI Precision and Scale/HashMap Tables/OfficerLists", "cmbNm":"", "NoOfVal":24, ... ], STOP_ON_FAILURE): Call Test Case 'Test Cases/PFI Precision and Scale/PFI Components/VerifyDropdownValues' successfully

2020-06-09 15:05:44 - [TEST_CASE][PASSED] - Test Cases/PFI Precision and Scale/PFI Components/VerifyDropdownValues: Test Cases/PFI Precision and Scale/PFI Components/VerifyDropdownValues

2020-06-09 15:05:44 - [TEST_STEP][PASSED] - Thread.sleep(1000): null

2020-06-09 15:05:45 - [TEST_STEP][PASSED] - OutputFile = new java.io.File(DropdownValuesResult.txt): null

2020-06-09 15:05:45 - [TEST_STEP][PASSED] - TimeStamp = new java.util.Date(): null

2020-06-09 15:05:45 - [TEST_STEP][PASSED] - NewInputNmField = modifyObjectProperty(findTestObject("Objects.HighlightElements/input_field"), "name", "equals", FldNm, true): Modify property of object successfully

2020-06-09 15:05:45 - [MESSAGE][PASSED] - Modify property of object successfully

2020-06-09 15:05:45 - [TEST_STEP][PASSED] - comboNm = cmbNm: null

2020-06-09 15:05:45 - [TEST_STEP][PASSED] - focus(NewInputNmField): Object: 'Object Repository/Objects.HighlightElements/input_field' is focused

2020-06-09 15:05:45 - [MESSAGE][PASSED] - Object: 'Object Repository/Objects.HighlightElements/input_field' is focused

2020-06-09 15:05:45 - [TEST_STEP][PASSED] - setText(NewInputNmField, EnterValue): Text '' is set on object 'Object Repository/Objects.HighlightElements/input_field'

2020-06-09 15:05:45 - [MESSAGE][PASSED] - Text '' is set on object 'Object Repository/Objects.HighlightElements/input_field'

2020-06-09 15:05:45 - [TEST_STEP][PASSED] - for ([i = 1, i <= NoOfVal, (i++)]): Keys 'DOWN + ' sent to object: 'Object Repository/Objects.HighlightElements/input_field'

2020-06-09 15:05:45 - [TEST_STEP][PASSED] - sendKeys(NewInputNmField, Keys.chord(ARROW_DOWN)): Keys 'DOWN + ' sent to object: 'Object Repository/Objects.HighlightElements/input_field'

2020-06-09 15:05:45 - [MESSAGE][PASSED] - Keys 'DOWN + ' sent to object: 'Object Repository/Objects.HighlightElements/input_field'

2020-06-09 15:05:45 - [TEST_STEP][PASSED] - delay(DelayTime): Delayed 2 second(s)

2020-06-09 15:05:47 - [MESSAGE][PASSED] - Delayed 2 second(s)

2020-06-09 15:05:47 - [TEST_STEP][PASSED] - sendKeys(NewInputNmField, Keys.chord(ENTER)): Keys 'ENTER + ' sent to object: 'Object Repository/Objects.HighlightElements/input_field'

2020-06-09 15:05:47 - [MESSAGE][PASSED] - Keys 'ENTER + ' sent to object: 'Object Repository/Objects.HighlightElements/input_field'

2020-06-09 15:05:47 - [TEST_STEP][PASSED] - ComboBoxValue = getAttribute(NewInputNmField, "value"): Attribute 'value' of object 'Object Repository/Objects.HighlightElements/input_field' is: 'Aaron Sham Wai Lun (AARON)'

2020-06-09 15:05:47 - [MESSAGE][PASSED] - Attribute 'value' of object 'Object Repository/Objects.HighlightElements/input_field' is: 'Aaron Sham Wai Lun (AARON)'

2020-06-09 15:05:47 - [TEST_STEP][PASSED] - callTestCase(findTestCase(CallTCName), ["FindValue":ComboBoxValue, "DropdownNm":comboNm], STOP_ON_FAILURE): Call Test Case 'Test Cases/PFI Precision and Scale/HashMap Tables/OfficerLists' successfully

2020-06-09 15:05:47 - [TEST_CASE][PASSED] - Test Cases/PFI Precision and Scale/HashMap Tables/OfficerLists: Test Cases/PFI Precision and Scale/HashMap Tables/OfficerLists

2020-06-09 15:05:47 - [TEST_STEP][PASSED] - Thread.sleep(1000): null

2020-06-09 15:05:48 - [TEST_STEP][PASSED] - OfficerLists = [1:"Aaron Sham Wai Lun (AARON)", 2:"Azidah Bte Akmad (Mdm) (USAABD)", 3:"Chung Fong Nyen (USACFN)", 4:"David Tey Dah Wei (DAHWEI)", ... ]: null

2020-06-09 15:05:48 - [TEST_STEP][PASSED] - ValueFound = OfficerLists.find({ -> ... }): null

2020-06-09 15:05:48 - [MESSAGE][PASSED] - Call Test Case 'Test Cases/PFI Precision and Scale/HashMap Tables/OfficerLists' successfully

2020-06-09 15:05:48 - [TEST_STEP][PASSED] - OutputFile.append("Search Value: " + ComboBoxValue + " " + "Found Value: " + ValueFound + TimeStamp + "
"): null

2020-06-09 15:05:48 - [TEST_STEP][PASSED] - sendKeys(NewInputNmField, Keys.chord(ARROW_DOWN)): Keys 'DOWN + ' sent to object: 'Object Repository/Objects.HighlightElements/input_field'

2020-06-09 15:05:48 - [MESSAGE][PASSED] - Keys 'DOWN + ' sent to object: 'Object Repository/Objects.HighlightElements/input_field'

2020-06-09 15:05:48 - [TEST_STEP][PASSED] - sendKeys(NewInputNmField, Keys.chord(ARROW_DOWN)): Keys 'DOWN + ' sent to object: 'Object Repository/Objects.HighlightElements/input_field'

2020-06-09 15:05:48 - [MESSAGE][PASSED] - Keys 'DOWN + ' sent to object: 'Object Repository/Objects.HighlightElements/input_field'

2020-06-09 15:05:48 - [TEST_STEP][PASSED] - delay(DelayTime): Delayed 2 second(s)

2020-06-09 15:05:50 - [MESSAGE][PASSED] - Delayed 2 second(s)

2020-06-09 15:05:50 - [TEST_STEP][PASSED] - sendKeys(NewInputNmField, Keys.chord(ENTER)): Keys 'ENTER + ' sent to object: 'Object Repository/Objects.HighlightElements/input_field'

2020-06-09 15:05:50 - [MESSAGE][PASSED] - Keys 'ENTER + ' sent to object: 'Object Repository/Objects.HighlightElements/input_field'

2020-06-09 15:05:50 - [TEST_STEP][PASSED] - ComboBoxValue = getAttribute(NewInputNmField, "value"): Attribute 'value' of object 'Object Repository/Objects.HighlightElements/input_field' is: 'Azidah Bte Akmad (Mdm) (USAABD)'

2020-06-09 15:05:50 - [MESSAGE][PASSED] - Attribute 'value' of object 'Object Repository/Objects.HighlightElements/input_field' is: 'Azidah Bte Akmad (Mdm) (USAABD)'

2020-06-09 15:05:50 - [TEST_STEP][PASSED] - callTestCase(findTestCase(CallTCName), ["FindValue":ComboBoxValue, "DropdownNm":comboNm], STOP_ON_FAILURE): Call Test Case 'Test Cases/PFI Precision and Scale/HashMap Tables/OfficerLists' successfully

2020-06-09 15:05:50 - [TEST_CASE][PASSED] - Test Cases/PFI Precision and Scale/HashMap Tables/OfficerLists: Test Cases/PFI Precision and Scale/HashMap Tables/OfficerLists

2020-06-09 15:05:50 - [TEST_STEP][PASSED] - Thread.sleep(1000): null

2020-06-09 15:05:51 - [TEST_STEP][PASSED] - OfficerLists = [1:"Aaron Sham Wai Lun (AARON)", 2:"Azidah Bte Akmad (Mdm) (USAABD)", 3:"Chung Fong Nyen (USACFN)", 4:"David Tey Dah Wei (DAHWEI)", ... ]: null

2020-06-09 15:05:51 - [TEST_STEP][PASSED] - ValueFound = OfficerLists.find({ -> ... }): null

2020-06-09 15:05:51 - [MESSAGE][PASSED] - Call Test Case 'Test Cases/PFI Precision and Scale/HashMap Tables/OfficerLists' successfully

2020-06-09 15:05:51 - [TEST_STEP][PASSED] - OutputFile.append("Search Value: " + ComboBoxValue + " " + "Found Value: " + ValueFound + TimeStamp + "
"): null

2020-06-09 15:05:51 - [TEST_STEP][PASSED] - sendKeys(NewInputNmField, Keys.chord(ARROW_DOWN)): Keys 'DOWN + ' sent to object: 'Object Repository/Objects.HighlightElements/input_field'

2020-06-09 15:05:51 - [MESSAGE][PASSED] - Keys 'DOWN + ' sent to object: 'Object Repository/Objects.HighlightElements/input_field'

2020-06-09 15:05:51 - [TEST_STEP][PASSED] - sendKeys(NewInputNmField, Keys.chord(ARROW_DOWN)): Keys 'DOWN + ' sent to object: 'Object Repository/Objects.HighlightElements/input_field'

2020-06-09 15:05:51 - [MESSAGE][PASSED] - Keys 'DOWN + ' sent to object: 'Object Repository/Objects.HighlightElements/input_field'

2020-06-09 15:05:51 - [TEST_STEP][PASSED] - delay(DelayTime): Delayed 2 second(s)

2020-06-09 15:05:53 - [MESSAGE][PASSED] - Delayed 2 second(s)

2020-06-09 15:05:53 - [TEST_STEP][PASSED] - sendKeys(NewInputNmField, Keys.chord(ENTER)): Keys 'ENTER + ' sent to object: 'Object Repository/Objects.HighlightElements/input_field'

2020-06-09 15:05:54 - [MESSAGE][PASSED] - Keys 'ENTER + ' sent to object: 'Object Repository/Objects.HighlightElements/input_field'

2020-06-09 15:05:54 - [TEST_STEP][PASSED] - ComboBoxValue = getAttribute(NewInputNmField, "value"): Attribute 'value' of object 'Object Repository/Objects.HighlightElements/input_field' is: 'Chung Fong Nyen (USACFN)'

2020-06-09 15:05:54 - [MESSAGE][PASSED] - Attribute 'value' of object 'Object Repository/Objects.HighlightElements/input_field' is: 'Chung Fong Nyen (USACFN)'

2020-06-09 15:05:54 - [TEST_STEP][PASSED] - callTestCase(findTestCase(CallTCName), ["FindValue":ComboBoxValue, "DropdownNm":comboNm], STOP_ON_FAILURE): Call Test Case 'Test Cases/PFI Precision and Scale/HashMap Tables/OfficerLists' successfully

2020-06-09 15:05:54 - [TEST_CASE][PASSED] - Test Cases/PFI Precision and Scale/HashMap Tables/OfficerLists: Test Cases/PFI Precision and Scale/HashMap Tables/OfficerLists

2020-06-09 15:05:54 - [TEST_STEP][PASSED] - Thread.sleep(1000): null

2020-06-09 15:05:55 - [TEST_STEP][PASSED] - OfficerLists = [1:"Aaron Sham Wai Lun (AARON)", 2:"Azidah Bte Akmad (Mdm) (USAABD)", 3:"Chung Fong Nyen (USACFN)", 4:"David Tey Dah Wei (DAHWEI)", ... ]: null

2020-06-09 15:05:55 - [TEST_STEP][PASSED] - ValueFound = OfficerLists.find({ -> ... }): null

2020-06-09 15:05:55 - [MESSAGE][PASSED] - Call Test Case 'Test Cases/PFI Precision and Scale/HashMap Tables/OfficerLists' successfully

2020-06-09 15:05:55 - [TEST_STEP][PASSED] - OutputFile.append("Search Value: " + ComboBoxValue + " " + "Found Value: " + ValueFound + TimeStamp + "
"): null

2020-06-09 15:05:55 - [TEST_STEP][PASSED] - sendKeys(NewInputNmField, Keys.chord(ARROW_DOWN)): Keys 'DOWN + ' sent to object: 'Object Repository/Objects.HighlightElements/input_field'

2020-06-09 15:05:55 - [MESSAGE][PASSED] - Keys 'DOWN + ' sent to object: 'Object Repository/Objects.HighlightElements/input_field'

2020-06-09 15:05:55 - [TEST_STEP][PASSED] - sendKeys(NewInputNmField, Keys.chord(ARROW_DOWN)): Keys 'DOWN + ' sent to object: 'Object Repository/Objects.HighlightElements/input_field'

2020-06-09 15:05:55 - [MESSAGE][PASSED] - Keys 'DOWN + ' sent to object: 'Object Repository/Objects.HighlightElements/input_field'

2020-06-09 15:05:55 - [TEST_STEP][PASSED] - delay(DelayTime): Delayed 2 second(s)

2020-06-09 15:05:57 - [MESSAGE][PASSED] - Delayed 2 second(s)

2020-06-09 15:05:57 - [TEST_STEP][PASSED] - sendKeys(NewInputNmField, Keys.chord(ENTER)): Keys 'ENTER + ' sent to object: 'Object Repository/Objects.HighlightElements/input_field'

2020-06-09 15:05:57 - [MESSAGE][PASSED] - Keys 'ENTER + ' sent to object: 'Object Repository/Objects.HighlightElements/input_field'

2020-06-09 15:05:57 - [TEST_STEP][PASSED] - ComboBoxValue = getAttribute(NewInputNmField, "value"): Attribute 'value' of object 'Object Repository/Objects.HighlightElements/input_field' is: 'David Tey Dah Wei (DAHWEI)'

2020-06-09 15:05:57 - [MESSAGE][PASSED] - Attribute 'value' of object 'Object Repository/Objects.HighlightElements/input_field' is: 'David Tey Dah Wei (DAHWEI)'

2020-06-09 15:05:57 - [TEST_STEP][PASSED] - callTestCase(findTestCase(CallTCName), ["FindValue":ComboBoxValue, "DropdownNm":comboNm], STOP_ON_FAILURE): Call Test Case 'Test Cases/PFI Precision and Scale/HashMap Tables/OfficerLists' successfully

2020-06-09 15:05:57 - [TEST_CASE][PASSED] - Test Cases/PFI Precision and Scale/HashMap Tables/OfficerLists: Test Cases/PFI Precision and Scale/HashMap Tables/OfficerLists

2020-06-09 15:05:57 - [TEST_STEP][PASSED] - Thread.sleep(1000): null

2020-06-09 15:05:58 - [TEST_STEP][PASSED] - OfficerLists = [1:"Aaron Sham Wai Lun (AARON)", 2:"Azidah Bte Akmad (Mdm) (USAABD)", 3:"Chung Fong Nyen (USACFN)", 4:"David Tey Dah Wei (DAHWEI)", ... ]: null

2020-06-09 15:05:58 - [TEST_STEP][PASSED] - ValueFound = OfficerLists.find({ -> ... }): null

2020-06-09 15:05:58 - [MESSAGE][PASSED] - Call Test Case 'Test Cases/PFI Precision and Scale/HashMap Tables/OfficerLists' successfully

2020-06-09 15:05:58 - [TEST_STEP][PASSED] - OutputFile.append("Search Value: " + ComboBoxValue + " " + "Found Value: " + ValueFound + TimeStamp + "
"): null

2020-06-09 15:05:58 - [TEST_STEP][PASSED] - sendKeys(NewInputNmField, Keys.chord(ARROW_DOWN)): Keys 'DOWN + ' sent to object: 'Object Repository/Objects.HighlightElements/input_field'

2020-06-09 15:05:58 - [MESSAGE][PASSED] - Keys 'DOWN + ' sent to object: 'Object Repository/Objects.HighlightElements/input_field'

2020-06-09 15:05:58 - [TEST_STEP][PASSED] - sendKeys(NewInputNmField, Keys.chord(ARROW_DOWN)): Keys 'DOWN + ' sent to object: 'Object Repository/Objects.HighlightElements/input_field'

2020-06-09 15:05:58 - [MESSAGE][PASSED] - Keys 'DOWN + ' sent to object: 'Object Repository/Objects.HighlightElements/input_field'

2020-06-09 15:05:58 - [TEST_STEP][PASSED] - delay(DelayTime): Delayed 2 second(s)

2020-06-09 15:06:00 - [MESSAGE][PASSED] - Delayed 2 second(s)

2020-06-09 15:06:00 - [TEST_STEP][PASSED] - sendKeys(NewInputNmField, Keys.chord(ENTER)): Keys 'ENTER + ' sent to object: 'Object Repository/Objects.HighlightElements/input_field'

2020-06-09 15:06:00 - [MESSAGE][PASSED] - Keys 'ENTER + ' sent to object: 'Object Repository/Objects.HighlightElements/input_field'

2020-06-09 15:06:00 - [TEST_STEP][PASSED] - ComboBoxValue = getAttribute(NewInputNmField, "value"): Attribute 'value' of object 'Object Repository/Objects.HighlightElements/input_field' is: 'Han Wann Kuang (WANNKUANG)'

2020-06-09 15:06:00 - [MESSAGE][PASSED] - Attribute 'value' of object 'Object Repository/Objects.HighlightElements/input_field' is: 'Han Wann Kuang (WANNKUANG)'

2020-06-09 15:06:00 - [TEST_STEP][PASSED] - callTestCase(findTestCase(CallTCName), ["FindValue":ComboBoxValue, "DropdownNm":comboNm], STOP_ON_FAILURE): Call Test Case 'Test Cases/PFI Precision and Scale/HashMap Tables/OfficerLists' successfully

2020-06-09 15:06:00 - [TEST_CASE][PASSED] - Test Cases/PFI Precision and Scale/HashMap Tables/OfficerLists: Test Cases/PFI Precision and Scale/HashMap Tables/OfficerLists

2020-06-09 15:06:00 - [TEST_STEP][PASSED] - Thread.sleep(1000): null

2020-06-09 15:06:01 - [TEST_STEP][PASSED] - OfficerLists = [1:"Aaron Sham Wai Lun (AARON)", 2:"Azidah Bte Akmad (Mdm) (USAABD)", 3:"Chung Fong Nyen (USACFN)", 4:"David Tey Dah Wei (DAHWEI)", ... ]: null

2020-06-09 15:06:01 - [TEST_STEP][PASSED] - ValueFound = OfficerLists.find({ -> ... }): null

2020-06-09 15:06:01 - [MESSAGE][PASSED] - Call Test Case 'Test Cases/PFI Precision and Scale/HashMap Tables/OfficerLists' successfully

2020-06-09 15:06:01 - [TEST_STEP][PASSED] - OutputFile.append("Search Value: " + ComboBoxValue + " " + "Found Value: " + ValueFound + TimeStamp + "
"): null

2020-06-09 15:06:01 - [TEST_STEP][PASSED] - sendKeys(NewInputNmField, Keys.chord(ARROW_DOWN)): Keys 'DOWN + ' sent to object: 'Object Repository/Objects.HighlightElements/input_field'

2020-06-09 15:06:01 - [MESSAGE][PASSED] - Keys 'DOWN + ' sent to object: 'Object Repository/Objects.HighlightElements/input_field'

2020-06-09 15:06:01 - [TEST_STEP][PASSED] - sendKeys(NewInputNmField, Keys.chord(ARROW_DOWN)): Keys 'DOWN + ' sent to object: 'Object Repository/Objects.HighlightElements/input_field'

2020-06-09 15:06:01 - [MESSAGE][PASSED] - Keys 'DOWN + ' sent to object: 'Object Repository/Objects.HighlightElements/input_field'

2020-06-09 15:06:01 - [TEST_STEP][PASSED] - delay(DelayTime): Delayed 2 second(s)

2020-06-09 15:06:03 - [MESSAGE][PASSED] - Delayed 2 second(s)

2020-06-09 15:06:03 - [TEST_STEP][PASSED] - sendKeys(NewInputNmField, Keys.chord(ENTER)): Keys 'ENTER + ' sent to object: 'Object Repository/Objects.HighlightElements/input_field'

2020-06-09 15:06:03 - [MESSAGE][PASSED] - Keys 'ENTER + ' sent to object: 'Object Repository/Objects.HighlightElements/input_field'

2020-06-09 15:06:03 - [TEST_STEP][PASSED] - ComboBoxValue = getAttribute(NewInputNmField, "value"): Attribute 'value' of object 'Object Repository/Objects.HighlightElements/input_field' is: 'Ho You Leong (YOULEONG)'

2020-06-09 15:06:03 - [MESSAGE][PASSED] - Attribute 'value' of object 'Object Repository/Objects.HighlightElements/input_field' is: 'Ho You Leong (YOULEONG)'

2020-06-09 15:06:03 - [TEST_STEP][PASSED] - callTestCase(findTestCase(CallTCName), ["FindValue":ComboBoxValue, "DropdownNm":comboNm], STOP_ON_FAILURE): Call Test Case 'Test Cases/PFI Precision and Scale/HashMap Tables/OfficerLists' successfully

2020-06-09 15:06:03 - [TEST_CASE][PASSED] - Test Cases/PFI Precision and Scale/HashMap Tables/OfficerLists: Test Cases/PFI Precision and Scale/HashMap Tables/OfficerLists

2020-06-09 15:06:03 - [TEST_STEP][PASSED] - Thread.sleep(1000): null

2020-06-09 15:06:04 - [TEST_STEP][PASSED] - OfficerLists = [1:"Aaron Sham Wai Lun (AARON)", 2:"Azidah Bte Akmad (Mdm) (USAABD)", 3:"Chung Fong Nyen (USACFN)", 4:"David Tey Dah Wei (DAHWEI)", ... ]: null

2020-06-09 15:06:04 - [TEST_STEP][PASSED] - ValueFound = OfficerLists.find({ -> ... }): null

2020-06-09 15:06:04 - [MESSAGE][PASSED] - Call Test Case 'Test Cases/PFI Precision and Scale/HashMap Tables/OfficerLists' successfully

2020-06-09 15:06:04 - [TEST_STEP][PASSED] - OutputFile.append("Search Value: " + ComboBoxValue + " " + "Found Value: " + ValueFound + TimeStamp + "
"): null

2020-06-09 15:06:04 - [TEST_STEP][PASSED] - sendKeys(NewInputNmField, Keys.chord(ARROW_DOWN)): Keys 'DOWN + ' sent to object: 'Object Repository/Objects.HighlightElements/input_field'

2020-06-09 15:06:04 - [MESSAGE][PASSED] - Keys 'DOWN + ' sent to object: 'Object Repository/Objects.HighlightElements/input_field'

2020-06-09 15:06:04 - [TEST_STEP][PASSED] - sendKeys(NewInputNmField, Keys.chord(ARROW_DOWN)): Keys 'DOWN + ' sent to object: 'Object Repository/Objects.HighlightElements/input_field'

2020-06-09 15:06:04 - [MESSAGE][PASSED] - Keys 'DOWN + ' sent to object: 'Object Repository/Objects.HighlightElements/input_field'

2020-06-09 15:06:04 - [TEST_STEP][PASSED] - delay(DelayTime): Delayed 2 second(s)

2020-06-09 15:06:06 - [MESSAGE][PASSED] - Delayed 2 second(s)

2020-06-09 15:06:06 - [TEST_STEP][PASSED] - sendKeys(NewInputNmField, Keys.chord(ENTER)): Keys 'ENTER + ' sent to object: 'Object Repository/Objects.HighlightElements/input_field'

2020-06-09 15:06:06 - [MESSAGE][PASSED] - Keys 'ENTER + ' sent to object: 'Object Repository/Objects.HighlightElements/input_field'

2020-06-09 15:06:06 - [TEST_STEP][PASSED] - ComboBoxValue = getAttribute(NewInputNmField, "value"): Attribute 'value' of object 'Object Repository/Objects.HighlightElements/input_field' is: 'Joseph Lim Pheng Weng (PHENGWENG)'

2020-06-09 15:06:06 - [MESSAGE][PASSED] - Attribute 'value' of object 'Object Repository/Objects.HighlightElements/input_field' is: 'Joseph Lim Pheng Weng (PHENGWENG)'

2020-06-09 15:06:06 - [TEST_STEP][PASSED] - callTestCase(findTestCase(CallTCName), ["FindValue":ComboBoxValue, "DropdownNm":comboNm], STOP_ON_FAILURE): Call Test Case 'Test Cases/PFI Precision and Scale/HashMap Tables/OfficerLists' successfully

2020-06-09 15:06:07 - [TEST_CASE][PASSED] - Test Cases/PFI Precision and Scale/HashMap Tables/OfficerLists: Test Cases/PFI Precision and Scale/HashMap Tables/OfficerLists

2020-06-09 15:06:07 - [TEST_STEP][PASSED] - Thread.sleep(1000): null

2020-06-09 15:06:08 - [TEST_STEP][PASSED] - OfficerLists = [1:"Aaron Sham Wai Lun (AARON)", 2:"Azidah Bte Akmad (Mdm) (USAABD)", 3:"Chung Fong Nyen (USACFN)", 4:"David Tey Dah Wei (DAHWEI)", ... ]: null

2020-06-09 15:06:08 - [TEST_STEP][PASSED] - ValueFound = OfficerLists.find({ -> ... }): null

2020-06-09 15:06:08 - [MESSAGE][PASSED] - Call Test Case 'Test Cases/PFI Precision and Scale/HashMap Tables/OfficerLists' successfully

2020-06-09 15:06:08 - [TEST_STEP][PASSED] - OutputFile.append("Search Value: " + ComboBoxValue + " " + "Found Value: " + ValueFound + TimeStamp + "
"): null

2020-06-09 15:06:08 - [TEST_STEP][PASSED] - sendKeys(NewInputNmField, Keys.chord(ARROW_DOWN)): Keys 'DOWN + ' sent to object: 'Object Repository/Objects.HighlightElements/input_field'

2020-06-09 15:06:08 - [MESSAGE][PASSED] - Keys 'DOWN + ' sent to object: 'Object Repository/Objects.HighlightElements/input_field'

2020-06-09 15:06:08 - [TEST_STEP][PASSED] - sendKeys(NewInputNmField, Keys.chord(ARROW_DOWN)): Keys 'DOWN + ' sent to object: 'Object Repository/Objects.HighlightElements/input_field'

2020-06-09 15:06:08 - [MESSAGE][PASSED] - Keys 'DOWN + ' sent to object: 'Object Repository/Objects.HighlightElements/input_field'

2020-06-09 15:06:08 - [TEST_STEP][PASSED] - delay(DelayTime): Delayed 2 second(s)

2020-06-09 15:06:10 - [MESSAGE][PASSED] - Delayed 2 second(s)

2020-06-09 15:06:10 - [TEST_STEP][PASSED] - sendKeys(NewInputNmField, Keys.chord(ENTER)): Keys 'ENTER + ' sent to object: 'Object Repository/Objects.HighlightElements/input_field'

2020-06-09 15:06:10 - [MESSAGE][PASSED] - Keys 'ENTER + ' sent to object: 'Object Repository/Objects.HighlightElements/input_field'

2020-06-09 15:06:10 - [TEST_STEP][PASSED] - ComboBoxValue = getAttribute(NewInputNmField, "value"): Attribute 'value' of object 'Object Repository/Objects.HighlightElements/input_field' is: 'Joyce Lee (USASLL)'

2020-06-09 15:06:10 - [MESSAGE][PASSED] - Attribute 'value' of object 'Object Repository/Objects.HighlightElements/input_field' is: 'Joyce Lee (USASLL)'

2020-06-09 15:06:10 - [TEST_STEP][PASSED] - callTestCase(findTestCase(CallTCName), ["FindValue":ComboBoxValue, "DropdownNm":comboNm], STOP_ON_FAILURE): Call Test Case 'Test Cases/PFI Precision and Scale/HashMap Tables/OfficerLists' successfully

2020-06-09 15:06:10 - [TEST_CASE][PASSED] - Test Cases/PFI Precision and Scale/HashMap Tables/OfficerLists: Test Cases/PFI Precision and Scale/HashMap Tables/OfficerLists

2020-06-09 15:06:10 - [TEST_STEP][PASSED] - Thread.sleep(1000): null

2020-06-09 15:06:11 - [TEST_STEP][PASSED] - OfficerLists = [1:"Aaron Sham Wai Lun (AARON)", 2:"Azidah Bte Akmad (Mdm) (USAABD)", 3:"Chung Fong Nyen (USACFN)", 4:"David Tey Dah Wei (DAHWEI)", ... ]: null

2020-06-09 15:06:11 - [TEST_STEP][PASSED] - ValueFound = OfficerLists.find({ -> ... }): null

2020-06-09 15:06:11 - [MESSAGE][PASSED] - Call Test Case 'Test Cases/PFI Precision and Scale/HashMap Tables/OfficerLists' successfully

2020-06-09 15:06:11 - [TEST_STEP][PASSED] - OutputFile.append("Search Value: " + ComboBoxValue + " " + "Found Value: " + ValueFound + TimeStamp + "
"): null

2020-06-09 15:06:11 - [TEST_STEP][PASSED] - sendKeys(NewInputNmField, Keys.chord(ARROW_DOWN)): Keys 'DOWN + ' sent to object: 'Object Repository/Objects.HighlightElements/input_field'

2020-06-09 15:06:11 - [MESSAGE][PASSED] - Keys 'DOWN + ' sent to object: 'Object Repository/Objects.HighlightElements/input_field'

2020-06-09 15:06:11 - [TEST_STEP][PASSED] - sendKeys(NewInputNmField, Keys.chord(ARROW_DOWN)): Keys 'DOWN + ' sent to object: 'Object Repository/Objects.HighlightElements/input_field'

2020-06-09 15:06:11 - [MESSAGE][PASSED] - Keys 'DOWN + ' sent to object: 'Object Repository/Objects.HighlightElements/input_field'

2020-06-09 15:06:11 - [TEST_STEP][PASSED] - delay(DelayTime): Delayed 2 second(s)

2020-06-09 15:06:13 - [MESSAGE][PASSED] - Delayed 2 second(s)

2020-06-09 15:06:13 - [TEST_STEP][PASSED] - sendKeys(NewInputNmField, Keys.chord(ENTER)): Keys 'ENTER + ' sent to object: 'Object Repository/Objects.HighlightElements/input_field'

2020-06-09 15:06:13 - [MESSAGE][PASSED] - Keys 'ENTER + ' sent to object: 'Object Repository/Objects.HighlightElements/input_field'

2020-06-09 15:06:13 - [TEST_STEP][PASSED] - ComboBoxValue = getAttribute(NewInputNmField, "value"): Attribute 'value' of object 'Object Repository/Objects.HighlightElements/input_field' is: 'Kaliannan Thanabal (KALIANN)'

2020-06-09 15:06:13 - [MESSAGE][PASSED] - Attribute 'value' of object 'Object Repository/Objects.HighlightElements/input_field' is: 'Kaliannan Thanabal (KALIANN)'

2020-06-09 15:06:13 - [TEST_STEP][PASSED] - callTestCase(findTestCase(CallTCName), ["FindValue":ComboBoxValue, "DropdownNm":comboNm], STOP_ON_FAILURE): Call Test Case 'Test Cases/PFI Precision and Scale/HashMap Tables/OfficerLists' successfully

2020-06-09 15:06:13 - [TEST_CASE][PASSED] - Test Cases/PFI Precision and Scale/HashMap Tables/OfficerLists: Test Cases/PFI Precision and Scale/HashMap Tables/OfficerLists

2020-06-09 15:06:13 - [TEST_STEP][PASSED] - Thread.sleep(1000): null

2020-06-09 15:06:14 - [TEST_STEP][PASSED] - OfficerLists = [1:"Aaron Sham Wai Lun (AARON)", 2:"Azidah Bte Akmad (Mdm) (USAABD)", 3:"Chung Fong Nyen (USACFN)", 4:"David Tey Dah Wei (DAHWEI)", ... ]: null

2020-06-09 15:06:14 - [TEST_STEP][PASSED] - ValueFound = OfficerLists.find({ -> ... }): null

2020-06-09 15:06:14 - [MESSAGE][PASSED] - Call Test Case 'Test Cases/PFI Precision and Scale/HashMap Tables/OfficerLists' successfully

2020-06-09 15:06:14 - [TEST_STEP][PASSED] - OutputFile.append("Search Value: " + ComboBoxValue + " " + "Found Value: " + ValueFound + TimeStamp + "
"): null

2020-06-09 15:06:14 - [TEST_STEP][PASSED] - sendKeys(NewInputNmField, Keys.chord(ARROW_DOWN)): Keys 'DOWN + ' sent to object: 'Object Repository/Objects.HighlightElements/input_field'

2020-06-09 15:06:14 - [MESSAGE][PASSED] - Keys 'DOWN + ' sent to object: 'Object Repository/Objects.HighlightElements/input_field'

2020-06-09 15:06:14 - [TEST_STEP][PASSED] - sendKeys(NewInputNmField, Keys.chord(ARROW_DOWN)): Keys 'DOWN + ' sent to object: 'Object Repository/Objects.HighlightElements/input_field'

2020-06-09 15:06:14 - [MESSAGE][PASSED] - Keys 'DOWN + ' sent to object: 'Object Repository/Objects.HighlightElements/input_field'

2020-06-09 15:06:14 - [TEST_STEP][PASSED] - delay(DelayTime): Delayed 2 second(s)

2020-06-09 15:06:16 - [MESSAGE][PASSED] - Delayed 2 second(s)

2020-06-09 15:06:16 - [TEST_STEP][PASSED] - sendKeys(NewInputNmField, Keys.chord(ENTER)): Keys 'ENTER + ' sent to object: 'Object Repository/Objects.HighlightElements/input_field'

2020-06-09 15:06:16 - [MESSAGE][PASSED] - Keys 'ENTER + ' sent to object: 'Object Repository/Objects.HighlightElements/input_field'

2020-06-09 15:06:16 - [TEST_STEP][PASSED] - ComboBoxValue = getAttribute(NewInputNmField, "value"): Attribute 'value' of object 'Object Repository/Objects.HighlightElements/input_field' is: 'Lim Beng Kwee (BENGKWEE)'

2020-06-09 15:06:16 - [MESSAGE][PASSED] - Attribute 'value' of object 'Object Repository/Objects.HighlightElements/input_field' is: 'Lim Beng Kwee (BENGKWEE)'

2020-06-09 15:06:16 - [TEST_STEP][PASSED] - callTestCase(findTestCase(CallTCName), ["FindValue":ComboBoxValue, "DropdownNm":comboNm], STOP_ON_FAILURE): Call Test Case 'Test Cases/PFI Precision and Scale/HashMap Tables/OfficerLists' successfully

2020-06-09 15:06:17 - [TEST_CASE][PASSED] - Test Cases/PFI Precision and Scale/HashMap Tables/OfficerLists: Test Cases/PFI Precision and Scale/HashMap Tables/OfficerLists

2020-06-09 15:06:17 - [TEST_STEP][PASSED] - Thread.sleep(1000): null

2020-06-09 15:06:18 - [TEST_STEP][PASSED] - OfficerLists = [1:"Aaron Sham Wai Lun (AARON)", 2:"Azidah Bte Akmad (Mdm) (USAABD)", 3:"Chung Fong Nyen (USACFN)", 4:"David Tey Dah Wei (DAHWEI)", ... ]: null

2020-06-09 15:06:18 - [TEST_STEP][PASSED] - ValueFound = OfficerLists.find({ -> ... }): null

2020-06-09 15:06:18 - [MESSAGE][PASSED] - Call Test Case 'Test Cases/PFI Precision and Scale/HashMap Tables/OfficerLists' successfully

2020-06-09 15:06:18 - [TEST_STEP][PASSED] - OutputFile.append("Search Value: " + ComboBoxValue + " " + "Found Value: " + ValueFound + TimeStamp + "
"): null

2020-06-09 15:06:18 - [TEST_STEP][PASSED] - sendKeys(NewInputNmField, Keys.chord(ARROW_DOWN)): Keys 'DOWN + ' sent to object: 'Object Repository/Objects.HighlightElements/input_field'

2020-06-09 15:06:18 - [MESSAGE][PASSED] - Keys 'DOWN + ' sent to object: 'Object Repository/Objects.HighlightElements/input_field'

2020-06-09 15:06:18 - [TEST_STEP][PASSED] - sendKeys(NewInputNmField, Keys.chord(ARROW_DOWN)): Keys 'DOWN + ' sent to object: 'Object Repository/Objects.HighlightElements/input_field'

2020-06-09 15:06:18 - [MESSAGE][PASSED] - Keys 'DOWN + ' sent to object: 'Object Repository/Objects.HighlightElements/input_field'

2020-06-09 15:06:18 - [TEST_STEP][PASSED] - delay(DelayTime): Delayed 2 second(s)

2020-06-09 15:06:20 - [MESSAGE][PASSED] - Delayed 2 second(s)

2020-06-09 15:06:20 - [TEST_STEP][PASSED] - sendKeys(NewInputNmField, Keys.chord(ENTER)): Keys 'ENTER + ' sent to object: 'Object Repository/Objects.HighlightElements/input_field'

2020-06-09 15:06:20 - [MESSAGE][PASSED] - Keys 'ENTER + ' sent to object: 'Object Repository/Objects.HighlightElements/input_field'

2020-06-09 15:06:20 - [TEST_STEP][PASSED] - ComboBoxValue = getAttribute(NewInputNmField, "value"): Attribute 'value' of object 'Object Repository/Objects.HighlightElements/input_field' is: 'Lim Leng Boon (LENGBOON)'

2020-06-09 15:06:20 - [MESSAGE][PASSED] - Attribute 'value' of object 'Object Repository/Objects.HighlightElements/input_field' is: 'Lim Leng Boon (LENGBOON)'

2020-06-09 15:06:20 - [TEST_STEP][PASSED] - callTestCase(findTestCase(CallTCName), ["FindValue":ComboBoxValue, "DropdownNm":comboNm], STOP_ON_FAILURE): Call Test Case 'Test Cases/PFI Precision and Scale/HashMap Tables/OfficerLists' successfully

2020-06-09 15:06:20 - [TEST_CASE][PASSED] - Test Cases/PFI Precision and Scale/HashMap Tables/OfficerLists: Test Cases/PFI Precision and Scale/HashMap Tables/OfficerLists

2020-06-09 15:06:20 - [TEST_STEP][PASSED] - Thread.sleep(1000): null

2020-06-09 15:06:21 - [TEST_STEP][PASSED] - OfficerLists = [1:"Aaron Sham Wai Lun (AARON)", 2:"Azidah Bte Akmad (Mdm) (USAABD)", 3:"Chung Fong Nyen (USACFN)", 4:"David Tey Dah Wei (DAHWEI)", ... ]: null

2020-06-09 15:06:21 - [TEST_STEP][PASSED] - ValueFound = OfficerLists.find({ -> ... }): null

2020-06-09 15:06:21 - [MESSAGE][PASSED] - Call Test Case 'Test Cases/PFI Precision and Scale/HashMap Tables/OfficerLists' successfully

2020-06-09 15:06:21 - [TEST_STEP][PASSED] - OutputFile.append("Search Value: " + ComboBoxValue + " " + "Found Value: " + ValueFound + TimeStamp + "
"): null

2020-06-09 15:06:21 - [TEST_STEP][PASSED] - sendKeys(NewInputNmField, Keys.chord(ARROW_DOWN)): Keys 'DOWN + ' sent to object: 'Object Repository/Objects.HighlightElements/input_field'

2020-06-09 15:06:21 - [MESSAGE][PASSED] - Keys 'DOWN + ' sent to object: 'Object Repository/Objects.HighlightElements/input_field'

2020-06-09 15:06:21 - [TEST_STEP][PASSED] - sendKeys(NewInputNmField, Keys.chord(ARROW_DOWN)): Keys 'DOWN + ' sent to object: 'Object Repository/Objects.HighlightElements/input_field'

2020-06-09 15:06:21 - [MESSAGE][PASSED] - Keys 'DOWN + ' sent to object: 'Object Repository/Objects.HighlightElements/input_field'

2020-06-09 15:06:21 - [TEST_STEP][PASSED] - delay(DelayTime): Delayed 2 second(s)

2020-06-09 15:06:23 - [MESSAGE][PASSED] - Delayed 2 second(s)

2020-06-09 15:06:23 - [TEST_STEP][PASSED] - sendKeys(NewInputNmField, Keys.chord(ENTER)): Keys 'ENTER + ' sent to object: 'Object Repository/Objects.HighlightElements/input_field'

2020-06-09 15:06:23 - [MESSAGE][PASSED] - Keys 'ENTER + ' sent to object: 'Object Repository/Objects.HighlightElements/input_field'

2020-06-09 15:06:23 - [TEST_STEP][PASSED] - ComboBoxValue = getAttribute(NewInputNmField, "value"): Attribute 'value' of object 'Object Repository/Objects.HighlightElements/input_field' is: 'Loh Lee Fong (LEEFONG)'

2020-06-09 15:06:23 - [MESSAGE][PASSED] - Attribute 'value' of object 'Object Repository/Objects.HighlightElements/input_field' is: 'Loh Lee Fong (LEEFONG)'

2020-06-09 15:06:23 - [TEST_STEP][PASSED] - callTestCase(findTestCase(CallTCName), ["FindValue":ComboBoxValue, "DropdownNm":comboNm], STOP_ON_FAILURE): Call Test Case 'Test Cases/PFI Precision and Scale/HashMap Tables/OfficerLists' successfully

2020-06-09 15:06:23 - [TEST_CASE][PASSED] - Test Cases/PFI Precision and Scale/HashMap Tables/OfficerLists: Test Cases/PFI Precision and Scale/HashMap Tables/OfficerLists

2020-06-09 15:06:23 - [TEST_STEP][PASSED] - Thread.sleep(1000): null

2020-06-09 15:06:24 - [TEST_STEP][PASSED] - OfficerLists = [1:"Aaron Sham Wai Lun (AARON)", 2:"Azidah Bte Akmad (Mdm) (USAABD)", 3:"Chung Fong Nyen (USACFN)", 4:"David Tey Dah Wei (DAHWEI)", ... ]: null

2020-06-09 15:06:24 - [TEST_STEP][PASSED] - ValueFound = OfficerLists.find({ -> ... }): null

2020-06-09 15:06:24 - [MESSAGE][PASSED] - Call Test Case 'Test Cases/PFI Precision and Scale/HashMap Tables/OfficerLists' successfully

2020-06-09 15:06:24 - [TEST_STEP][PASSED] - OutputFile.append("Search Value: " + ComboBoxValue + " " + "Found Value: " + ValueFound + TimeStamp + "
"): null

2020-06-09 15:06:24 - [TEST_STEP][PASSED] - sendKeys(NewInputNmField, Keys.chord(ARROW_DOWN)): Keys 'DOWN + ' sent to object: 'Object Repository/Objects.HighlightElements/input_field'

2020-06-09 15:06:24 - [MESSAGE][PASSED] - Keys 'DOWN + ' sent to object: 'Object Repository/Objects.HighlightElements/input_field'

2020-06-09 15:06:24 - [TEST_STEP][PASSED] - sendKeys(NewInputNmField, Keys.chord(ARROW_DOWN)): Keys 'DOWN + ' sent to object: 'Object Repository/Objects.HighlightElements/input_field'

2020-06-09 15:06:24 - [MESSAGE][PASSED] - Keys 'DOWN + ' sent to object: 'Object Repository/Objects.HighlightElements/input_field'

2020-06-09 15:06:24 - [TEST_STEP][PASSED] - delay(DelayTime): Delayed 2 second(s)

2020-06-09 15:06:26 - [MESSAGE][PASSED] - Delayed 2 second(s)

2020-06-09 15:06:26 - [TEST_STEP][PASSED] - sendKeys(NewInputNmField, Keys.chord(ENTER)): Keys 'ENTER + ' sent to object: 'Object Repository/Objects.HighlightElements/input_field'

2020-06-09 15:06:26 - [MESSAGE][PASSED] - Keys 'ENTER + ' sent to object: 'Object Repository/Objects.HighlightElements/input_field'

2020-06-09 15:06:26 - [TEST_STEP][PASSED] - ComboBoxValue = getAttribute(NewInputNmField, "value"): Attribute 'value' of object 'Object Repository/Objects.HighlightElements/input_field' is: 'Lu Ji Ju (Mdm) (USALJJ)'

2020-06-09 15:06:26 - [MESSAGE][PASSED] - Attribute 'value' of object 'Object Repository/Objects.HighlightElements/input_field' is: 'Lu Ji Ju (Mdm) (USALJJ)'

2020-06-09 15:06:26 - [TEST_STEP][PASSED] - callTestCase(findTestCase(CallTCName), ["FindValue":ComboBoxValue, "DropdownNm":comboNm], STOP_ON_FAILURE): Call Test Case 'Test Cases/PFI Precision and Scale/HashMap Tables/OfficerLists' successfully

2020-06-09 15:06:26 - [TEST_CASE][PASSED] - Test Cases/PFI Precision and Scale/HashMap Tables/OfficerLists: Test Cases/PFI Precision and Scale/HashMap Tables/OfficerLists

2020-06-09 15:06:26 - [TEST_STEP][PASSED] - Thread.sleep(1000): null

2020-06-09 15:06:27 - [TEST_STEP][PASSED] - OfficerLists = [1:"Aaron Sham Wai Lun (AARON)", 2:"Azidah Bte Akmad (Mdm) (USAABD)", 3:"Chung Fong Nyen (USACFN)", 4:"David Tey Dah Wei (DAHWEI)", ... ]: null

2020-06-09 15:06:27 - [TEST_STEP][PASSED] - ValueFound = OfficerLists.find({ -> ... }): null

2020-06-09 15:06:27 - [MESSAGE][PASSED] - Call Test Case 'Test Cases/PFI Precision and Scale/HashMap Tables/OfficerLists' successfully

2020-06-09 15:06:27 - [TEST_STEP][PASSED] - OutputFile.append("Search Value: " + ComboBoxValue + " " + "Found Value: " + ValueFound + TimeStamp + "
"): null

2020-06-09 15:06:27 - [TEST_STEP][PASSED] - sendKeys(NewInputNmField, Keys.chord(ARROW_DOWN)): Keys 'DOWN + ' sent to object: 'Object Repository/Objects.HighlightElements/input_field'

2020-06-09 15:06:27 - [MESSAGE][PASSED] - Keys 'DOWN + ' sent to object: 'Object Repository/Objects.HighlightElements/input_field'

2020-06-09 15:06:27 - [TEST_STEP][PASSED] - sendKeys(NewInputNmField, Keys.chord(ARROW_DOWN)): Keys 'DOWN + ' sent to object: 'Object Repository/Objects.HighlightElements/input_field'

2020-06-09 15:06:27 - [MESSAGE][PASSED] - Keys 'DOWN + ' sent to object: 'Object Repository/Objects.HighlightElements/input_field'

2020-06-09 15:06:27 - [TEST_STEP][PASSED] - delay(DelayTime): Delayed 2 second(s)

2020-06-09 15:06:29 - [MESSAGE][PASSED] - Delayed 2 second(s)

2020-06-09 15:06:29 - [TEST_STEP][PASSED] - sendKeys(NewInputNmField, Keys.chord(ENTER)): Keys 'ENTER + ' sent to object: 'Object Repository/Objects.HighlightElements/input_field'

2020-06-09 15:06:29 - [MESSAGE][PASSED] - Keys 'ENTER + ' sent to object: 'Object Repository/Objects.HighlightElements/input_field'

2020-06-09 15:06:29 - [TEST_STEP][PASSED] - ComboBoxValue = getAttribute(NewInputNmField, "value"): Attribute 'value' of object 'Object Repository/Objects.HighlightElements/input_field' is: 'Mohd Jeffri Bin Abdul Rahim (MOHDJEFFRI)'

2020-06-09 15:06:29 - [MESSAGE][PASSED] - Attribute 'value' of object 'Object Repository/Objects.HighlightElements/input_field' is: 'Mohd Jeffri Bin Abdul Rahim (MOHDJEFFRI)'

2020-06-09 15:06:29 - [TEST_STEP][PASSED] - callTestCase(findTestCase(CallTCName), ["FindValue":ComboBoxValue, "DropdownNm":comboNm], STOP_ON_FAILURE): Call Test Case 'Test Cases/PFI Precision and Scale/HashMap Tables/OfficerLists' successfully

2020-06-09 15:06:29 - [TEST_CASE][PASSED] - Test Cases/PFI Precision and Scale/HashMap Tables/OfficerLists: Test Cases/PFI Precision and Scale/HashMap Tables/OfficerLists

2020-06-09 15:06:29 - [TEST_STEP][PASSED] - Thread.sleep(1000): null

2020-06-09 15:06:30 - [TEST_STEP][PASSED] - OfficerLists = [1:"Aaron Sham Wai Lun (AARON)", 2:"Azidah Bte Akmad (Mdm) (USAABD)", 3:"Chung Fong Nyen (USACFN)", 4:"David Tey Dah Wei (DAHWEI)", ... ]: null

2020-06-09 15:06:30 - [TEST_STEP][PASSED] - ValueFound = OfficerLists.find({ -> ... }): null

2020-06-09 15:06:30 - [MESSAGE][PASSED] - Call Test Case 'Test Cases/PFI Precision and Scale/HashMap Tables/OfficerLists' successfully

2020-06-09 15:06:30 - [TEST_STEP][PASSED] - OutputFile.append("Search Value: " + ComboBoxValue + " " + "Found Value: " + ValueFound + TimeStamp + "
"): null

2020-06-09 15:06:30 - [TEST_STEP][PASSED] - sendKeys(NewInputNmField, Keys.chord(ARROW_DOWN)): Keys 'DOWN + ' sent to object: 'Object Repository/Objects.HighlightElements/input_field'

2020-06-09 15:06:30 - [MESSAGE][PASSED] - Keys 'DOWN + ' sent to object: 'Object Repository/Objects.HighlightElements/input_field'

2020-06-09 15:06:30 - [TEST_STEP][PASSED] - sendKeys(NewInputNmField, Keys.chord(ARROW_DOWN)): Keys 'DOWN + ' sent to object: 'Object Repository/Objects.HighlightElements/input_field'

2020-06-09 15:06:31 - [MESSAGE][PASSED] - Keys 'DOWN + ' sent to object: 'Object Repository/Objects.HighlightElements/input_field'

2020-06-09 15:06:31 - [TEST_STEP][PASSED] - delay(DelayTime): Delayed 2 second(s)

2020-06-09 15:06:33 - [MESSAGE][PASSED] - Delayed 2 second(s)

2020-06-09 15:06:33 - [TEST_STEP][PASSED] - sendKeys(NewInputNmField, Keys.chord(ENTER)): Keys 'ENTER + ' sent to object: 'Object Repository/Objects.HighlightElements/input_field'

2020-06-09 15:06:33 - [MESSAGE][PASSED] - Keys 'ENTER + ' sent to object: 'Object Repository/Objects.HighlightElements/input_field'

2020-06-09 15:06:33 - [TEST_STEP][PASSED] - ComboBoxValue = getAttribute(NewInputNmField, "value"): Attribute 'value' of object 'Object Repository/Objects.HighlightElements/input_field' is: 'Mohd Jumat Bin Haji Mohd Hassan (MOHDJUMAT)'

2020-06-09 15:06:33 - [MESSAGE][PASSED] - Attribute 'value' of object 'Object Repository/Objects.HighlightElements/input_field' is: 'Mohd Jumat Bin Haji Mohd Hassan (MOHDJUMAT)'

2020-06-09 15:06:33 - [TEST_STEP][PASSED] - callTestCase(findTestCase(CallTCName), ["FindValue":ComboBoxValue, "DropdownNm":comboNm], STOP_ON_FAILURE): Call Test Case 'Test Cases/PFI Precision and Scale/HashMap Tables/OfficerLists' successfully

2020-06-09 15:06:33 - [TEST_CASE][PASSED] - Test Cases/PFI Precision and Scale/HashMap Tables/OfficerLists: Test Cases/PFI Precision and Scale/HashMap Tables/OfficerLists

2020-06-09 15:06:33 - [TEST_STEP][PASSED] - Thread.sleep(1000): null

2020-06-09 15:06:34 - [TEST_STEP][PASSED] - OfficerLists = [1:"Aaron Sham Wai Lun (AARON)", 2:"Azidah Bte Akmad (Mdm) (USAABD)", 3:"Chung Fong Nyen (USACFN)", 4:"David Tey Dah Wei (DAHWEI)", ... ]: null

2020-06-09 15:06:34 - [TEST_STEP][PASSED] - ValueFound = OfficerLists.find({ -> ... }): null

2020-06-09 15:06:34 - [MESSAGE][PASSED] - Call Test Case 'Test Cases/PFI Precision and Scale/HashMap Tables/OfficerLists' successfully

2020-06-09 15:06:34 - [TEST_STEP][PASSED] - OutputFile.append("Search Value: " + ComboBoxValue + " " + "Found Value: " + ValueFound + TimeStamp + "
"): null

2020-06-09 15:06:34 - [TEST_STEP][PASSED] - sendKeys(NewInputNmField, Keys.chord(ARROW_DOWN)): Keys 'DOWN + ' sent to object: 'Object Repository/Objects.HighlightElements/input_field'

2020-06-09 15:06:34 - [MESSAGE][PASSED] - Keys 'DOWN + ' sent to object: 'Object Repository/Objects.HighlightElements/input_field'

2020-06-09 15:06:34 - [TEST_STEP][PASSED] - sendKeys(NewInputNmField, Keys.chord(ARROW_DOWN)): Keys 'DOWN + ' sent to object: 'Object Repository/Objects.HighlightElements/input_field'

2020-06-09 15:06:34 - [MESSAGE][PASSED] - Keys 'DOWN + ' sent to object: 'Object Repository/Objects.HighlightElements/input_field'

2020-06-09 15:06:34 - [TEST_STEP][PASSED] - delay(DelayTime): Delayed 2 second(s)

2020-06-09 15:06:36 - [MESSAGE][PASSED] - Delayed 2 second(s)

2020-06-09 15:06:36 - [TEST_STEP][PASSED] - sendKeys(NewInputNmField, Keys.chord(ENTER)): Keys 'ENTER + ' sent to object: 'Object Repository/Objects.HighlightElements/input_field'

2020-06-09 15:06:36 - [MESSAGE][PASSED] - Keys 'ENTER + ' sent to object: 'Object Repository/Objects.HighlightElements/input_field'

2020-06-09 15:06:36 - [TEST_STEP][PASSED] - ComboBoxValue = getAttribute(NewInputNmField, "value"): Attribute 'value' of object 'Object Repository/Objects.HighlightElements/input_field' is: 'Ng Seh Luh (USANSL)'

2020-06-09 15:06:36 - [MESSAGE][PASSED] - Attribute 'value' of object 'Object Repository/Objects.HighlightElements/input_field' is: 'Ng Seh Luh (USANSL)'

2020-06-09 15:06:36 - [TEST_STEP][PASSED] - callTestCase(findTestCase(CallTCName), ["FindValue":ComboBoxValue, "DropdownNm":comboNm], STOP_ON_FAILURE): Call Test Case 'Test Cases/PFI Precision and Scale/HashMap Tables/OfficerLists' successfully

2020-06-09 15:06:36 - [TEST_CASE][PASSED] - Test Cases/PFI Precision and Scale/HashMap Tables/OfficerLists: Test Cases/PFI Precision and Scale/HashMap Tables/OfficerLists

2020-06-09 15:06:36 - [TEST_STEP][PASSED] - Thread.sleep(1000): null

2020-06-09 15:06:37 - [TEST_STEP][PASSED] - OfficerLists = [1:"Aaron Sham Wai Lun (AARON)", 2:"Azidah Bte Akmad (Mdm) (USAABD)", 3:"Chung Fong Nyen (USACFN)", 4:"David Tey Dah Wei (DAHWEI)", ... ]: null

2020-06-09 15:06:37 - [TEST_STEP][PASSED] - ValueFound = OfficerLists.find({ -> ... }): null

2020-06-09 15:06:37 - [MESSAGE][PASSED] - Call Test Case 'Test Cases/PFI Precision and Scale/HashMap Tables/OfficerLists' successfully

2020-06-09 15:06:37 - [TEST_STEP][PASSED] - OutputFile.append("Search Value: " + ComboBoxValue + " " + "Found Value: " + ValueFound + TimeStamp + "
"): null

2020-06-09 15:06:37 - [TEST_STEP][PASSED] - sendKeys(NewInputNmField, Keys.chord(ARROW_DOWN)): Keys 'DOWN + ' sent to object: 'Object Repository/Objects.HighlightElements/input_field'

2020-06-09 15:06:37 - [MESSAGE][PASSED] - Keys 'DOWN + ' sent to object: 'Object Repository/Objects.HighlightElements/input_field'

2020-06-09 15:06:37 - [TEST_STEP][PASSED] - sendKeys(NewInputNmField, Keys.chord(ARROW_DOWN)): Keys 'DOWN + ' sent to object: 'Object Repository/Objects.HighlightElements/input_field'

2020-06-09 15:06:37 - [MESSAGE][PASSED] - Keys 'DOWN + ' sent to object: 'Object Repository/Objects.HighlightElements/input_field'

2020-06-09 15:06:37 - [TEST_STEP][PASSED] - delay(DelayTime): Delayed 2 second(s)

2020-06-09 15:06:39 - [MESSAGE][PASSED] - Delayed 2 second(s)

2020-06-09 15:06:39 - [TEST_STEP][PASSED] - sendKeys(NewInputNmField, Keys.chord(ENTER)): Keys 'ENTER + ' sent to object: 'Object Repository/Objects.HighlightElements/input_field'

2020-06-09 15:06:39 - [MESSAGE][PASSED] - Keys 'ENTER + ' sent to object: 'Object Repository/Objects.HighlightElements/input_field'

2020-06-09 15:06:39 - [TEST_STEP][PASSED] - ComboBoxValue = getAttribute(NewInputNmField, "value"): Attribute 'value' of object 'Object Repository/Objects.HighlightElements/input_field' is: 'Richard Lim Fang Ping (FANGPING)'

2020-06-09 15:06:39 - [MESSAGE][PASSED] - Attribute 'value' of object 'Object Repository/Objects.HighlightElements/input_field' is: 'Richard Lim Fang Ping (FANGPING)'

2020-06-09 15:06:39 - [TEST_STEP][PASSED] - callTestCase(findTestCase(CallTCName), ["FindValue":ComboBoxValue, "DropdownNm":comboNm], STOP_ON_FAILURE): Call Test Case 'Test Cases/PFI Precision and Scale/HashMap Tables/OfficerLists' successfully

2020-06-09 15:06:39 - [TEST_CASE][PASSED] - Test Cases/PFI Precision and Scale/HashMap Tables/OfficerLists: Test Cases/PFI Precision and Scale/HashMap Tables/OfficerLists

2020-06-09 15:06:39 - [TEST_STEP][PASSED] - Thread.sleep(1000): null

2020-06-09 15:06:40 - [TEST_STEP][PASSED] - OfficerLists = [1:"Aaron Sham Wai Lun (AARON)", 2:"Azidah Bte Akmad (Mdm) (USAABD)", 3:"Chung Fong Nyen (USACFN)", 4:"David Tey Dah Wei (DAHWEI)", ... ]: null

2020-06-09 15:06:40 - [TEST_STEP][PASSED] - ValueFound = OfficerLists.find({ -> ... }): null

2020-06-09 15:06:40 - [MESSAGE][PASSED] - Call Test Case 'Test Cases/PFI Precision and Scale/HashMap Tables/OfficerLists' successfully

2020-06-09 15:06:40 - [TEST_STEP][PASSED] - OutputFile.append("Search Value: " + ComboBoxValue + " " + "Found Value: " + ValueFound + TimeStamp + "
"): null

2020-06-09 15:06:40 - [TEST_STEP][PASSED] - sendKeys(NewInputNmField, Keys.chord(ARROW_DOWN)): Keys 'DOWN + ' sent to object: 'Object Repository/Objects.HighlightElements/input_field'

2020-06-09 15:06:40 - [MESSAGE][PASSED] - Keys 'DOWN + ' sent to object: 'Object Repository/Objects.HighlightElements/input_field'

2020-06-09 15:06:40 - [TEST_STEP][PASSED] - sendKeys(NewInputNmField, Keys.chord(ARROW_DOWN)): Keys 'DOWN + ' sent to object: 'Object Repository/Objects.HighlightElements/input_field'

2020-06-09 15:06:40 - [MESSAGE][PASSED] - Keys 'DOWN + ' sent to object: 'Object Repository/Objects.HighlightElements/input_field'

2020-06-09 15:06:40 - [TEST_STEP][PASSED] - delay(DelayTime): Delayed 2 second(s)

2020-06-09 15:06:42 - [MESSAGE][PASSED] - Delayed 2 second(s)

2020-06-09 15:06:42 - [TEST_STEP][PASSED] - sendKeys(NewInputNmField, Keys.chord(ENTER)): Keys 'ENTER + ' sent to object: 'Object Repository/Objects.HighlightElements/input_field'

2020-06-09 15:06:42 - [MESSAGE][PASSED] - Keys 'ENTER + ' sent to object: 'Object Repository/Objects.HighlightElements/input_field'

2020-06-09 15:06:42 - [TEST_STEP][PASSED] - ComboBoxValue = getAttribute(NewInputNmField, "value"): Attribute 'value' of object 'Object Repository/Objects.HighlightElements/input_field' is: 'RITA WONG SIONG ING (RITAWONG)'

2020-06-09 15:06:42 - [MESSAGE][PASSED] - Attribute 'value' of object 'Object Repository/Objects.HighlightElements/input_field' is: 'RITA WONG SIONG ING (RITAWONG)'

2020-06-09 15:06:42 - [TEST_STEP][PASSED] - callTestCase(findTestCase(CallTCName), ["FindValue":ComboBoxValue, "DropdownNm":comboNm], STOP_ON_FAILURE): Call Test Case 'Test Cases/PFI Precision and Scale/HashMap Tables/OfficerLists' successfully

2020-06-09 15:06:42 - [TEST_CASE][PASSED] - Test Cases/PFI Precision and Scale/HashMap Tables/OfficerLists: Test Cases/PFI Precision and Scale/HashMap Tables/OfficerLists

2020-06-09 15:06:42 - [TEST_STEP][PASSED] - Thread.sleep(1000): null

2020-06-09 15:06:43 - [TEST_STEP][PASSED] - OfficerLists = [1:"Aaron Sham Wai Lun (AARON)", 2:"Azidah Bte Akmad (Mdm) (USAABD)", 3:"Chung Fong Nyen (USACFN)", 4:"David Tey Dah Wei (DAHWEI)", ... ]: null

2020-06-09 15:06:43 - [TEST_STEP][PASSED] - ValueFound = OfficerLists.find({ -> ... }): null

2020-06-09 15:06:43 - [MESSAGE][PASSED] - Call Test Case 'Test Cases/PFI Precision and Scale/HashMap Tables/OfficerLists' successfully

2020-06-09 15:06:43 - [TEST_STEP][PASSED] - OutputFile.append("Search Value: " + ComboBoxValue + " " + "Found Value: " + ValueFound + TimeStamp + "
"): null

2020-06-09 15:06:43 - [TEST_STEP][PASSED] - sendKeys(NewInputNmField, Keys.chord(ARROW_DOWN)): Keys 'DOWN + ' sent to object: 'Object Repository/Objects.HighlightElements/input_field'

2020-06-09 15:06:43 - [MESSAGE][PASSED] - Keys 'DOWN + ' sent to object: 'Object Repository/Objects.HighlightElements/input_field'

2020-06-09 15:06:43 - [TEST_STEP][PASSED] - sendKeys(NewInputNmField, Keys.chord(ARROW_DOWN)): Keys 'DOWN + ' sent to object: 'Object Repository/Objects.HighlightElements/input_field'

2020-06-09 15:06:43 - [MESSAGE][PASSED] - Keys 'DOWN + ' sent to object: 'Object Repository/Objects.HighlightElements/input_field'

2020-06-09 15:06:43 - [TEST_STEP][PASSED] - delay(DelayTime): Delayed 2 second(s)

2020-06-09 15:06:45 - [MESSAGE][PASSED] - Delayed 2 second(s)

2020-06-09 15:06:45 - [TEST_STEP][PASSED] - sendKeys(NewInputNmField, Keys.chord(ENTER)): Keys 'ENTER + ' sent to object: 'Object Repository/Objects.HighlightElements/input_field'

2020-06-09 15:06:45 - [MESSAGE][PASSED] - Keys 'ENTER + ' sent to object: 'Object Repository/Objects.HighlightElements/input_field'

2020-06-09 15:06:45 - [TEST_STEP][PASSED] - ComboBoxValue = getAttribute(NewInputNmField, "value"): Attribute 'value' of object 'Object Repository/Objects.HighlightElements/input_field' is: 'Shi Hong Wei (HONGWEI)'

2020-06-09 15:06:46 - [MESSAGE][PASSED] - Attribute 'value' of object 'Object Repository/Objects.HighlightElements/input_field' is: 'Shi Hong Wei (HONGWEI)'

2020-06-09 15:06:46 - [TEST_STEP][PASSED] - callTestCase(findTestCase(CallTCName), ["FindValue":ComboBoxValue, "DropdownNm":comboNm], STOP_ON_FAILURE): Call Test Case 'Test Cases/PFI Precision and Scale/HashMap Tables/OfficerLists' successfully

2020-06-09 15:06:46 - [TEST_CASE][PASSED] - Test Cases/PFI Precision and Scale/HashMap Tables/OfficerLists: Test Cases/PFI Precision and Scale/HashMap Tables/OfficerLists

2020-06-09 15:06:46 - [TEST_STEP][PASSED] - Thread.sleep(1000): null

2020-06-09 15:06:47 - [TEST_STEP][PASSED] - OfficerLists = [1:"Aaron Sham Wai Lun (AARON)", 2:"Azidah Bte Akmad (Mdm) (USAABD)", 3:"Chung Fong Nyen (USACFN)", 4:"David Tey Dah Wei (DAHWEI)", ... ]: null

2020-06-09 15:06:47 - [TEST_STEP][PASSED] - ValueFound = OfficerLists.find({ -> ... }): null

2020-06-09 15:06:47 - [MESSAGE][PASSED] - Call Test Case 'Test Cases/PFI Precision and Scale/HashMap Tables/OfficerLists' successfully

2020-06-09 15:06:47 - [TEST_STEP][PASSED] - OutputFile.append("Search Value: " + ComboBoxValue + " " + "Found Value: " + ValueFound + TimeStamp + "
"): null

2020-06-09 15:06:47 - [TEST_STEP][PASSED] - sendKeys(NewInputNmField, Keys.chord(ARROW_DOWN)): Keys 'DOWN + ' sent to object: 'Object Repository/Objects.HighlightElements/input_field'

2020-06-09 15:06:47 - [MESSAGE][PASSED] - Keys 'DOWN + ' sent to object: 'Object Repository/Objects.HighlightElements/input_field'

2020-06-09 15:06:47 - [TEST_STEP][PASSED] - sendKeys(NewInputNmField, Keys.chord(ARROW_DOWN)): Keys 'DOWN + ' sent to object: 'Object Repository/Objects.HighlightElements/input_field'

2020-06-09 15:06:47 - [MESSAGE][PASSED] - Keys 'DOWN + ' sent to object: 'Object Repository/Objects.HighlightElements/input_field'

2020-06-09 15:06:47 - [TEST_STEP][PASSED] - delay(DelayTime): Delayed 2 second(s)

2020-06-09 15:06:49 - [MESSAGE][PASSED] - Delayed 2 second(s)

2020-06-09 15:06:49 - [TEST_STEP][PASSED] - sendKeys(NewInputNmField, Keys.chord(ENTER)): Keys 'ENTER + ' sent to object: 'Object Repository/Objects.HighlightElements/input_field'

2020-06-09 15:06:49 - [MESSAGE][PASSED] - Keys 'ENTER + ' sent to object: 'Object Repository/Objects.HighlightElements/input_field'

2020-06-09 15:06:49 - [TEST_STEP][PASSED] - ComboBoxValue = getAttribute(NewInputNmField, "value"): Attribute 'value' of object 'Object Repository/Objects.HighlightElements/input_field' is: 'Sulaiman Bin Ahmad (USABAS)'

2020-06-09 15:06:49 - [MESSAGE][PASSED] - Attribute 'value' of object 'Object Repository/Objects.HighlightElements/input_field' is: 'Sulaiman Bin Ahmad (USABAS)'

2020-06-09 15:06:49 - [TEST_STEP][PASSED] - callTestCase(findTestCase(CallTCName), ["FindValue":ComboBoxValue, "DropdownNm":comboNm], STOP_ON_FAILURE): Call Test Case 'Test Cases/PFI Precision and Scale/HashMap Tables/OfficerLists' successfully

2020-06-09 15:06:49 - [TEST_CASE][PASSED] - Test Cases/PFI Precision and Scale/HashMap Tables/OfficerLists: Test Cases/PFI Precision and Scale/HashMap Tables/OfficerLists

2020-06-09 15:06:49 - [TEST_STEP][PASSED] - Thread.sleep(1000): null

2020-06-09 15:06:50 - [TEST_STEP][PASSED] - OfficerLists = [1:"Aaron Sham Wai Lun (AARON)", 2:"Azidah Bte Akmad (Mdm) (USAABD)", 3:"Chung Fong Nyen (USACFN)", 4:"David Tey Dah Wei (DAHWEI)", ... ]: null

2020-06-09 15:06:50 - [TEST_STEP][PASSED] - ValueFound = OfficerLists.find({ -> ... }): null

2020-06-09 15:06:50 - [MESSAGE][PASSED] - Call Test Case 'Test Cases/PFI Precision and Scale/HashMap Tables/OfficerLists' successfully

2020-06-09 15:06:50 - [TEST_STEP][PASSED] - OutputFile.append("Search Value: " + ComboBoxValue + " " + "Found Value: " + ValueFound + TimeStamp + "
"): null

2020-06-09 15:06:50 - [TEST_STEP][PASSED] - sendKeys(NewInputNmField, Keys.chord(ARROW_DOWN)): Keys 'DOWN + ' sent to object: 'Object Repository/Objects.HighlightElements/input_field'

2020-06-09 15:06:50 - [MESSAGE][PASSED] - Keys 'DOWN + ' sent to object: 'Object Repository/Objects.HighlightElements/input_field'

2020-06-09 15:06:50 - [TEST_STEP][PASSED] - sendKeys(NewInputNmField, Keys.chord(ARROW_DOWN)): Keys 'DOWN + ' sent to object: 'Object Repository/Objects.HighlightElements/input_field'

2020-06-09 15:06:50 - [MESSAGE][PASSED] - Keys 'DOWN + ' sent to object: 'Object Repository/Objects.HighlightElements/input_field'

2020-06-09 15:06:50 - [TEST_STEP][PASSED] - delay(DelayTime): Delayed 2 second(s)

2020-06-09 15:06:52 - [MESSAGE][PASSED] - Delayed 2 second(s)

2020-06-09 15:06:52 - [TEST_STEP][PASSED] - sendKeys(NewInputNmField, Keys.chord(ENTER)): Keys 'ENTER + ' sent to object: 'Object Repository/Objects.HighlightElements/input_field'

2020-06-09 15:06:52 - [MESSAGE][PASSED] - Keys 'ENTER + ' sent to object: 'Object Repository/Objects.HighlightElements/input_field'

2020-06-09 15:06:52 - [TEST_STEP][PASSED] - ComboBoxValue = getAttribute(NewInputNmField, "value"): Attribute 'value' of object 'Object Repository/Objects.HighlightElements/input_field' is: 'Tan Kwan Joo (KWANJOO)'

2020-06-09 15:06:52 - [MESSAGE][PASSED] - Attribute 'value' of object 'Object Repository/Objects.HighlightElements/input_field' is: 'Tan Kwan Joo (KWANJOO)'

2020-06-09 15:06:52 - [TEST_STEP][PASSED] - callTestCase(findTestCase(CallTCName), ["FindValue":ComboBoxValue, "DropdownNm":comboNm], STOP_ON_FAILURE): Call Test Case 'Test Cases/PFI Precision and Scale/HashMap Tables/OfficerLists' successfully

2020-06-09 15:06:52 - [TEST_CASE][PASSED] - Test Cases/PFI Precision and Scale/HashMap Tables/OfficerLists: Test Cases/PFI Precision and Scale/HashMap Tables/OfficerLists

2020-06-09 15:06:52 - [TEST_STEP][PASSED] - Thread.sleep(1000): null

2020-06-09 15:06:53 - [TEST_STEP][PASSED] - OfficerLists = [1:"Aaron Sham Wai Lun (AARON)", 2:"Azidah Bte Akmad (Mdm) (USAABD)", 3:"Chung Fong Nyen (USACFN)", 4:"David Tey Dah Wei (DAHWEI)", ... ]: null

2020-06-09 15:06:53 - [TEST_STEP][PASSED] - ValueFound = OfficerLists.find({ -> ... }): null

2020-06-09 15:06:53 - [MESSAGE][PASSED] - Call Test Case 'Test Cases/PFI Precision and Scale/HashMap Tables/OfficerLists' successfully

2020-06-09 15:06:53 - [TEST_STEP][PASSED] - OutputFile.append("Search Value: " + ComboBoxValue + " " + "Found Value: " + ValueFound + TimeStamp + "
"): null

2020-06-09 15:06:53 - [TEST_STEP][PASSED] - sendKeys(NewInputNmField, Keys.chord(ARROW_DOWN)): Keys 'DOWN + ' sent to object: 'Object Repository/Objects.HighlightElements/input_field'

2020-06-09 15:06:53 - [MESSAGE][PASSED] - Keys 'DOWN + ' sent to object: 'Object Repository/Objects.HighlightElements/input_field'

2020-06-09 15:06:53 - [TEST_STEP][PASSED] - sendKeys(NewInputNmField, Keys.chord(ARROW_DOWN)): Keys 'DOWN + ' sent to object: 'Object Repository/Objects.HighlightElements/input_field'

2020-06-09 15:06:53 - [MESSAGE][PASSED] - Keys 'DOWN + ' sent to object: 'Object Repository/Objects.HighlightElements/input_field'

2020-06-09 15:06:53 - [TEST_STEP][PASSED] - delay(DelayTime): Delayed 2 second(s)

2020-06-09 15:06:55 - [MESSAGE][PASSED] - Delayed 2 second(s)

2020-06-09 15:06:55 - [TEST_STEP][PASSED] - sendKeys(NewInputNmField, Keys.chord(ENTER)): Keys 'ENTER + ' sent to object: 'Object Repository/Objects.HighlightElements/input_field'

2020-06-09 15:06:55 - [MESSAGE][PASSED] - Keys 'ENTER + ' sent to object: 'Object Repository/Objects.HighlightElements/input_field'

2020-06-09 15:06:55 - [TEST_STEP][PASSED] - ComboBoxValue = getAttribute(NewInputNmField, "value"): Attribute 'value' of object 'Object Repository/Objects.HighlightElements/input_field' is: 'Wong Swee Sheng (WONGSWEE)'

2020-06-09 15:06:55 - [MESSAGE][PASSED] - Attribute 'value' of object 'Object Repository/Objects.HighlightElements/input_field' is: 'Wong Swee Sheng (WONGSWEE)'

2020-06-09 15:06:55 - [TEST_STEP][PASSED] - callTestCase(findTestCase(CallTCName), ["FindValue":ComboBoxValue, "DropdownNm":comboNm], STOP_ON_FAILURE): Call Test Case 'Test Cases/PFI Precision and Scale/HashMap Tables/OfficerLists' successfully

2020-06-09 15:06:55 - [TEST_CASE][PASSED] - Test Cases/PFI Precision and Scale/HashMap Tables/OfficerLists: Test Cases/PFI Precision and Scale/HashMap Tables/OfficerLists

2020-06-09 15:06:55 - [TEST_STEP][PASSED] - Thread.sleep(1000): null

2020-06-09 15:06:56 - [TEST_STEP][PASSED] - OfficerLists = [1:"Aaron Sham Wai Lun (AARON)", 2:"Azidah Bte Akmad (Mdm) (USAABD)", 3:"Chung Fong Nyen (USACFN)", 4:"David Tey Dah Wei (DAHWEI)", ... ]: null

2020-06-09 15:06:56 - [TEST_STEP][PASSED] - ValueFound = OfficerLists.find({ -> ... }): null

2020-06-09 15:06:56 - [MESSAGE][PASSED] - Call Test Case 'Test Cases/PFI Precision and Scale/HashMap Tables/OfficerLists' successfully

2020-06-09 15:06:56 - [TEST_STEP][PASSED] - OutputFile.append("Search Value: " + ComboBoxValue + " " + "Found Value: " + ValueFound + TimeStamp + "
"): null

2020-06-09 15:06:56 - [TEST_STEP][PASSED] - sendKeys(NewInputNmField, Keys.chord(ARROW_DOWN)): Keys 'DOWN + ' sent to object: 'Object Repository/Objects.HighlightElements/input_field'

2020-06-09 15:06:56 - [MESSAGE][PASSED] - Keys 'DOWN + ' sent to object: 'Object Repository/Objects.HighlightElements/input_field'

2020-06-09 15:06:56 - [TEST_STEP][PASSED] - sendKeys(NewInputNmField, Keys.chord(ARROW_DOWN)): Keys 'DOWN + ' sent to object: 'Object Repository/Objects.HighlightElements/input_field'

2020-06-09 15:06:56 - [MESSAGE][PASSED] - Keys 'DOWN + ' sent to object: 'Object Repository/Objects.HighlightElements/input_field'

2020-06-09 15:06:56 - [TEST_STEP][PASSED] - delay(DelayTime): Delayed 2 second(s)

2020-06-09 15:06:58 - [MESSAGE][PASSED] - Delayed 2 second(s)

2020-06-09 15:06:58 - [TEST_STEP][PASSED] - sendKeys(NewInputNmField, Keys.chord(ENTER)): Keys 'ENTER + ' sent to object: 'Object Repository/Objects.HighlightElements/input_field'

2020-06-09 15:06:58 - [MESSAGE][PASSED] - Keys 'ENTER + ' sent to object: 'Object Repository/Objects.HighlightElements/input_field'

2020-06-09 15:06:58 - [TEST_STEP][PASSED] - ComboBoxValue = getAttribute(NewInputNmField, "value"): Attribute 'value' of object 'Object Repository/Objects.HighlightElements/input_field' is: 'Yeo Siew Juay (SIEWJUAY)'

2020-06-09 15:06:58 - [MESSAGE][PASSED] - Attribute 'value' of object 'Object Repository/Objects.HighlightElements/input_field' is: 'Yeo Siew Juay (SIEWJUAY)'

2020-06-09 15:06:58 - [TEST_STEP][PASSED] - callTestCase(findTestCase(CallTCName), ["FindValue":ComboBoxValue, "DropdownNm":comboNm], STOP_ON_FAILURE): Call Test Case 'Test Cases/PFI Precision and Scale/HashMap Tables/OfficerLists' successfully

2020-06-09 15:06:58 - [TEST_CASE][PASSED] - Test Cases/PFI Precision and Scale/HashMap Tables/OfficerLists: Test Cases/PFI Precision and Scale/HashMap Tables/OfficerLists

2020-06-09 15:06:58 - [TEST_STEP][PASSED] - Thread.sleep(1000): null

2020-06-09 15:06:59 - [TEST_STEP][PASSED] - OfficerLists = [1:"Aaron Sham Wai Lun (AARON)", 2:"Azidah Bte Akmad (Mdm) (USAABD)", 3:"Chung Fong Nyen (USACFN)", 4:"David Tey Dah Wei (DAHWEI)", ... ]: null

2020-06-09 15:06:59 - [TEST_STEP][PASSED] - ValueFound = OfficerLists.find({ -> ... }): null

2020-06-09 15:06:59 - [MESSAGE][PASSED] - Call Test Case 'Test Cases/PFI Precision and Scale/HashMap Tables/OfficerLists' successfully

2020-06-09 15:06:59 - [TEST_STEP][PASSED] - OutputFile.append("Search Value: " + ComboBoxValue + " " + "Found Value: " + ValueFound + TimeStamp + "
"): null

2020-06-09 15:06:59 - [TEST_STEP][PASSED] - sendKeys(NewInputNmField, Keys.chord(ARROW_DOWN)): Keys 'DOWN + ' sent to object: 'Object Repository/Objects.HighlightElements/input_field'

2020-06-09 15:06:59 - [MESSAGE][PASSED] - Keys 'DOWN + ' sent to object: 'Object Repository/Objects.HighlightElements/input_field'

2020-06-09 15:06:59 - [TEST_STEP][PASSED] - sendKeys(NewInputNmField, Keys.chord(ARROW_DOWN)): Keys 'DOWN + ' sent to object: 'Object Repository/Objects.HighlightElements/input_field'

2020-06-09 15:07:00 - [MESSAGE][PASSED] - Keys 'DOWN + ' sent to object: 'Object Repository/Objects.HighlightElements/input_field'

2020-06-09 15:07:00 - [TEST_STEP][PASSED] - delay(DelayTime): Delayed 2 second(s)

2020-06-09 15:07:02 - [MESSAGE][PASSED] - Delayed 2 second(s)

2020-06-09 15:07:02 - [TEST_STEP][PASSED] - sendKeys(NewInputNmField, Keys.chord(ENTER)): Keys 'ENTER + ' sent to object: 'Object Repository/Objects.HighlightElements/input_field'

2020-06-09 15:07:02 - [MESSAGE][PASSED] - Keys 'ENTER + ' sent to object: 'Object Repository/Objects.HighlightElements/input_field'

2020-06-09 15:07:02 - [TEST_STEP][PASSED] - ComboBoxValue = getAttribute(NewInputNmField, "value"): Attribute 'value' of object 'Object Repository/Objects.HighlightElements/input_field' is: 'Zhao Dianfeng (DIANFENG)'

2020-06-09 15:07:02 - [MESSAGE][PASSED] - Attribute 'value' of object 'Object Repository/Objects.HighlightElements/input_field' is: 'Zhao Dianfeng (DIANFENG)'

2020-06-09 15:07:02 - [TEST_STEP][PASSED] - callTestCase(findTestCase(CallTCName), ["FindValue":ComboBoxValue, "DropdownNm":comboNm], STOP_ON_FAILURE): Call Test Case 'Test Cases/PFI Precision and Scale/HashMap Tables/OfficerLists' successfully

2020-06-09 15:07:02 - [TEST_CASE][PASSED] - Test Cases/PFI Precision and Scale/HashMap Tables/OfficerLists: Test Cases/PFI Precision and Scale/HashMap Tables/OfficerLists

2020-06-09 15:07:02 - [TEST_STEP][PASSED] - Thread.sleep(1000): null

2020-06-09 15:07:03 - [TEST_STEP][PASSED] - OfficerLists = [1:"Aaron Sham Wai Lun (AARON)", 2:"Azidah Bte Akmad (Mdm) (USAABD)", 3:"Chung Fong Nyen (USACFN)", 4:"David Tey Dah Wei (DAHWEI)", ... ]: null

2020-06-09 15:07:03 - [TEST_STEP][PASSED] - ValueFound = OfficerLists.find({ -> ... }): null

2020-06-09 15:07:03 - [MESSAGE][PASSED] - Call Test Case 'Test Cases/PFI Precision and Scale/HashMap Tables/OfficerLists' successfully

2020-06-09 15:07:03 - [TEST_STEP][PASSED] - OutputFile.append("Search Value: " + ComboBoxValue + " " + "Found Value: " + ValueFound + TimeStamp + "
"): null

2020-06-09 15:07:03 - [TEST_STEP][PASSED] - sendKeys(NewInputNmField, Keys.chord(ARROW_DOWN)): Keys 'DOWN + ' sent to object: 'Object Repository/Objects.HighlightElements/input_field'

2020-06-09 15:07:03 - [MESSAGE][PASSED] - Keys 'DOWN + ' sent to object: 'Object Repository/Objects.HighlightElements/input_field'

2020-06-09 15:07:03 - [TEST_STEP][PASSED] - sendKeys(NewInputNmField, Keys.chord(ENTER)): Keys 'ENTER + ' sent to object: 'Object Repository/Objects.HighlightElements/input_field'

2020-06-09 15:07:03 - [MESSAGE][PASSED] - Keys 'ENTER + ' sent to object: 'Object Repository/Objects.HighlightElements/input_field'

2020-06-09 15:07:03 - [MESSAGE][PASSED] - Call Test Case 'Test Cases/PFI Precision and Scale/PFI Components/VerifyDropdownValues' successfully

2020-06-09 15:07:03 - [TEST_STEP][PASSED] - callTestCase(findTestCase("Components/SelectAllThenDelete"), ["tagToBeUsed":"*", "nameToBeUsed":"approveOfficerCmb"], STOP_ON_FAILURE): Call Test Case 'Test Cases/Components/SelectAllThenDelete' successfully

2020-06-09 15:07:03 - [TEST_CASE][PASSED] - Test Cases/Components/SelectAllThenDelete: Test Cases/Components/SelectAllThenDelete

2020-06-09 15:07:03 - [TEST_STEP][PASSED] - Thread.sleep(1000): null

2020-06-09 15:07:04 - [TEST_STEP][PASSED] - firstModification = modifyObjectProperty(findTestObject("SendKey/object"), "tag", "equals", tagToBeUsed, false): Modify property of object successfully

2020-06-09 15:07:04 - [MESSAGE][PASSED] - Modify property of object successfully

2020-06-09 15:07:04 - [TEST_STEP][PASSED] - secondModification = modifyObjectProperty(firstModification, "name", "equals", nameToBeUsed, true): Modify property of object successfully

2020-06-09 15:07:04 - [MESSAGE][PASSED] - Modify property of object successfully

2020-06-09 15:07:04 - [TEST_STEP][PASSED] - sendKeys(secondModification, Keys.chord(CONTROL, "a")): Keys 'CONTROL + a' sent to object: 'Object Repository/SendKey/object'

2020-06-09 15:07:04 - [MESSAGE][PASSED] - Keys 'CONTROL + a' sent to object: 'Object Repository/SendKey/object'

2020-06-09 15:07:04 - [TEST_STEP][PASSED] - sendKeys(secondModification, Keys.chord(DELETE)): Keys 'DELETE + ' sent to object: 'Object Repository/SendKey/object'

2020-06-09 15:07:04 - [MESSAGE][PASSED] - Keys 'DELETE + ' sent to object: 'Object Repository/SendKey/object'

2020-06-09 15:07:04 - [MESSAGE][PASSED] - Call Test Case 'Test Cases/Components/SelectAllThenDelete' successfully

2020-06-09 15:07:04 - [TEST_STEP][PASSED] - callTestCase(findTestCase("PFI Precision and Scale/PFI Components/RequiredFieldValidation"), ["nameToBeUsed":"approveOfficerCmb", "index":0], STOP_ON_FAILURE): Call Test Case 'Test Cases/PFI Precision and Scale/PFI Components/RequiredFieldValidation' successfully

2020-06-09 15:07:04 - [TEST_CASE][PASSED] - Test Cases/PFI Precision and Scale/PFI Components/RequiredFieldValidation: Test Cases/PFI Precision and Scale/PFI Components/RequiredFieldValidation

2020-06-09 15:07:04 - [TEST_STEP][PASSED] - Thread.sleep(1000): null

2020-06-09 15:07:05 - [TEST_STEP][PASSED] - NewInputNmField = modifyObjectProperty(findTestObject("Objects.HighlightElements/input_field"), "name", "equals", nameToBeUsed, true): Modify property of object successfully

2020-06-09 15:07:05 - [MESSAGE][PASSED] - Modify property of object successfully

2020-06-09 15:07:05 - [TEST_STEP][PASSED] - mouseOver(NewInputNmField): Object: 'Object Repository/Objects.HighlightElements/input_field' is hovered

2020-06-09 15:07:06 - [MESSAGE][PASSED] - Object: 'Object Repository/Objects.HighlightElements/input_field' is hovered

2020-06-09 15:07:06 - [TEST_STEP][PASSED] - getRqErrMsg = getAttribute(NewInputNmField, "data-errorqtip"): Attribute 'data-errorqtip' of object 'Object Repository/Objects.HighlightElements/input_field' is: '<ul class="x-list-plain"><li>This field is required</li></ul>'

2020-06-09 15:07:06 - [MESSAGE][PASSED] - Attribute 'data-errorqtip' of object 'Object Repository/Objects.HighlightElements/input_field' is: '<ul class="x-list-plain"><li>This field is required</li></ul>'

2020-06-09 15:07:06 - [TEST_STEP][PASSED] - strToolTip = getRqErrMsg.substring(29, 61): null

2020-06-09 15:07:06 - [TEST_STEP][PASSED] - toolTipReqErrMsg = strToolTip.substring(0, 22): null

2020-06-09 15:07:06 - [TEST_STEP][PASSED] - verifyMatch(toolTipReqErrMsg, RqField, true): Actual text 'This field is required' and expected text 'This field is required' are matched  using regular expression

2020-06-09 15:07:06 - [MESSAGE][PASSED] - Actual text 'This field is required' and expected text 'This field is required' are matched  using regular expression

2020-06-09 15:07:06 - [MESSAGE][PASSED] - Call Test Case 'Test Cases/PFI Precision and Scale/PFI Components/RequiredFieldValidation' successfully

2020-06-09 15:07:06 - [TEST_STEP][PASSED] - callTestCase(findTestCase("Components/HighlightLabelField"), ["LblName":"Remarks *:"], STOP_ON_FAILURE): Call Test Case 'Test Cases/Components/HighlightLabelField' successfully

2020-06-09 15:07:06 - [TEST_CASE][PASSED] - Test Cases/Components/HighlightLabelField: Test Cases/Components/HighlightLabelField

2020-06-09 15:07:06 - [TEST_STEP][PASSED] - Thread.sleep(1000): null

2020-06-09 15:07:07 - [TEST_STEP][PASSED] - modifiedLblNm = modifyObjectProperty(findTestObject("Objects.HighlightElements/lblField"), "text", "equals", LblName, true): Modify property of object successfully

2020-06-09 15:07:07 - [MESSAGE][PASSED] - Modify property of object successfully

2020-06-09 15:07:07 - [TEST_STEP][PASSED] - com.reusableComponents.HighlightElement.run(modifiedLblNm): com.reusableComponents.HighlightElement.run is PASSED

2020-06-09 15:07:07 - [MESSAGE][PASSED] - com.reusableComponents.HighlightElement.run is PASSED

2020-06-09 15:07:07 - [MESSAGE][PASSED] - Call Test Case 'Test Cases/Components/HighlightLabelField' successfully

2020-06-09 15:07:07 - [TEST_STEP][PASSED] - callTestCase(findTestCase("Components/HighlightInputField"), ["InputFldName":"remarks"], STOP_ON_FAILURE): Call Test Case 'Test Cases/Components/HighlightInputField' successfully

2020-06-09 15:07:07 - [TEST_CASE][PASSED] - Test Cases/Components/HighlightInputField: Test Cases/Components/HighlightInputField

2020-06-09 15:07:07 - [TEST_STEP][PASSED] - Thread.sleep(1000): null

2020-06-09 15:07:08 - [TEST_STEP][PASSED] - modifiedLblNm = modifyObjectProperty(findTestObject("Objects.HighlightElements/input_field"), "name", "equals", InputFldName, true): Modify property of object successfully

2020-06-09 15:07:08 - [MESSAGE][PASSED] - Modify property of object successfully

2020-06-09 15:07:08 - [TEST_STEP][PASSED] - com.reusableComponents.HighlightElement.run(modifiedLblNm): com.reusableComponents.HighlightElement.run is PASSED

2020-06-09 15:07:09 - [MESSAGE][PASSED] - com.reusableComponents.HighlightElement.run is PASSED

2020-06-09 15:07:09 - [MESSAGE][PASSED] - Call Test Case 'Test Cases/Components/HighlightInputField' successfully

2020-06-09 15:07:09 - [TEST_STEP][PASSED] - callTestCase(findTestCase("PFI Precision and Scale/PFI Components/AlphaNumericSpecialInputValidation"), ["FldNm":"remarks", "LenChar":10, "index":0], STOP_ON_FAILURE): Call Test Case 'Test Cases/PFI Precision and Scale/PFI Components/AlphaNumericSpecialInputValidation' successfully

2020-06-09 15:07:09 - [TEST_CASE][PASSED] - Test Cases/PFI Precision and Scale/PFI Components/AlphaNumericSpecialInputValidation: Test Cases/PFI Precision and Scale/PFI Components/AlphaNumericSpecialInputValidation

2020-06-09 15:07:09 - [TEST_STEP][PASSED] - charset = /?><"".join(): null

2020-06-09 15:07:09 - [TEST_STEP][PASSED] - AlphaNumeric = 9).join(): null

2020-06-09 15:07:09 - [TEST_STEP][PASSED] - SpecialChar = "`~!@#$%^&*()-=+_{}|\][;'":,./?><"": null

2020-06-09 15:07:09 - [TEST_STEP][PASSED] - RandomString = RandomStringUtils.random(LenChar, AlphaNumeric.toCharArray()): null

2020-06-09 15:07:09 - [TEST_STEP][PASSED] - RdmSpChar = RandomStringUtils.random(LenChar, SpecialChar): null

2020-06-09 15:07:09 - [TEST_STEP][PASSED] - regexPat = Pattern.compile("^[A-Za-z0-9 ]+$"): null

2020-06-09 15:07:09 - [TEST_STEP][PASSED] - NewInputNmField = modifyObjectProperty(findTestObject("Objects.HighlightElements/input_field"), "name", "equals", FldNm, true): Modify property of object successfully

2020-06-09 15:07:09 - [MESSAGE][PASSED] - Modify property of object successfully

2020-06-09 15:07:09 - [TEST_STEP][PASSED] - setText(NewInputNmField, RandomString): Text 'pGum0KaCEd' is set on object 'Object Repository/Objects.HighlightElements/input_field'

2020-06-09 15:07:09 - [MESSAGE][PASSED] - Text 'pGum0KaCEd' is set on object 'Object Repository/Objects.HighlightElements/input_field'

2020-06-09 15:07:09 - [TEST_STEP][PASSED] - RemarksAN = getAttribute(NewInputNmField, "value"): Attribute 'value' of object 'Object Repository/Objects.HighlightElements/input_field' is: 'pGum0KaCEd'

2020-06-09 15:07:09 - [MESSAGE][PASSED] - Attribute 'value' of object 'Object Repository/Objects.HighlightElements/input_field' is: 'pGum0KaCEd'

2020-06-09 15:07:09 - [TEST_STEP][PASSED] - matchStr = regexPat.matcher(RemarksAN): null

2020-06-09 15:07:09 - [TEST_STEP][PASSED] - if (matchStr.matches() == true): Accepting Alphanumeric

2020-06-09 15:07:09 - [TEST_STEP][PASSED] - comment("Accepting Alphanumeric"): Accepting Alphanumeric

2020-06-09 15:07:09 - [MESSAGE][INFO] - Accepting Alphanumeric

2020-06-09 15:07:09 - [TEST_STEP][PASSED] - setText(NewInputNmField, RdmSpChar): Text '-+",{[&{^]' is set on object 'Object Repository/Objects.HighlightElements/input_field'

2020-06-09 15:07:09 - [MESSAGE][PASSED] - Text '-+",{[&{^]' is set on object 'Object Repository/Objects.HighlightElements/input_field'

2020-06-09 15:07:09 - [TEST_STEP][PASSED] - RemarksSpChar = getAttribute(NewInputNmField, "value"): Attribute 'value' of object 'Object Repository/Objects.HighlightElements/input_field' is: '-+",{[&{^]'

2020-06-09 15:07:09 - [MESSAGE][PASSED] - Attribute 'value' of object 'Object Repository/Objects.HighlightElements/input_field' is: '-+",{[&{^]'

2020-06-09 15:07:09 - [TEST_STEP][PASSED] - matchSp = regexPat.matcher(RemarksSpChar): null

2020-06-09 15:07:09 - [TEST_STEP][PASSED] - if (matchSp.matches() == false): Accepting Special Characters

2020-06-09 15:07:09 - [TEST_STEP][PASSED] - comment("Accepting Special Characters"): Accepting Special Characters

2020-06-09 15:07:09 - [MESSAGE][INFO] - Accepting Special Characters

2020-06-09 15:07:09 - [MESSAGE][PASSED] - Call Test Case 'Test Cases/PFI Precision and Scale/PFI Components/AlphaNumericSpecialInputValidation' successfully

2020-06-09 15:07:09 - [TEST_STEP][PASSED] - callTestCase(findTestCase("PFI Precision and Scale/PFI Components/MaxCharLengthValidation"), ["FldNm":"remarks", "index":0, "MaxCharLen":4003], STOP_ON_FAILURE): Call Test Case 'Test Cases/PFI Precision and Scale/PFI Components/MaxCharLengthValidation' successfully

2020-06-09 15:07:09 - [TEST_CASE][PASSED] - Test Cases/PFI Precision and Scale/PFI Components/MaxCharLengthValidation: Test Cases/PFI Precision and Scale/PFI Components/MaxCharLengthValidation

2020-06-09 15:07:10 - [TEST_STEP][PASSED] - Thread.sleep(1000): null

2020-06-09 15:07:11 - [TEST_STEP][PASSED] - CharLengthTBL = ["aoNotes":4000]: null

2020-06-09 15:07:11 - [TEST_STEP][PASSED] - charset = /?><"".join(): null

2020-06-09 15:07:11 - [TEST_STEP][PASSED] - RandomStringVal = RandomStringUtils.random(MaxCharLen, charset.toCharArray()): null

2020-06-09 15:07:11 - [TEST_STEP][PASSED] - NewInputNmField = modifyObjectProperty(findTestObject("Objects.HighlightElements/input_field"), "name", "equals", FldNm, true): Modify property of object successfully

2020-06-09 15:07:11 - [MESSAGE][PASSED] - Modify property of object successfully

2020-06-09 15:07:11 - [TEST_STEP][PASSED] - setText(NewInputNmField, RandomStringVal): Text ':bDYEDRc-\|}-!"V6SrYYdo0<HLH{l8`Mt0bJ0N|L"G+#XIvIY)VB)J~REoExn7cSIYrqS7|qsd*!QV@5fC+DAu@">va:9[]-dp-?6!Iyu6?9".e)Ibq17Q/Yxb'i^1sC"?ag_{gDjYt$iFVJL}T3Whu42$iRe|&cf/+vW?dUjaI=d(l7O?\f1z/;2zWOX5P~z/,"wm%%`Ex6yK#1B_<C1kk1%NT9V&IJYxCue4_$\AAyxN2H@9..2=G"u/I'sdSe!tnO:9*r9v\/_VQ1tl@9=*WEYO#L$H}4mvGow8=kx-G!EFIyLY{)g3H+L'K1gf!"hd'k0/RC,WPkL?aC"]Q=LIl#$^*e.yqvBm\0&Y6F_1ujT=VV'f9mI=nCt56h!)1?_T*bPZ):0N}w{N|}QH^=KZ!O&"sVZ8h1a;0>+7mgv)QO-.p=FdV*4w*(S]h)<M|Q6txWZQBC5R.5X'KvhU~omuDpfj_#:ELpr@SUXq(36?pRs{398e'A!24:e9lcnL4cWMtD=$xH&k$H:{vQ`?UQEh]C!tSy=_d"fJX<kCS~0@u.;]$M7Q;avJxZjyg;TE`s[-'aF?i&oP]&uzo]6(jn_$R$|<`b=R>h~W:I?eAti59/j`po>$pH`xZ?46oo"SY|rjUvWv{yC%@8uF!.`#cFJP8Qd>>/FTOqhO.@h&Yex.K"^{qE'G(p"6rd5r1r\+CB(x";2eeueB,}(O5By.<R1e/f'Obs{P/]e7r$/lc{3H:Yrvwgz9!)ILN2M![WG$VDa=hLo\}1N2Q(&TD*7c$b6{wg>}$`D!s:M$n_^7Q{v0VF[~U5)[G$^PBl<S"?%HjOvxiq.s,*9"j1g\AN\Ypm2eu8?92W\9Wth"|"O^`&-"zz"e6)T&>c+f6ByskX)k&jo5RE~}BIM?;.&2IMf++=`92e&"kt()_I}()Wk-DDc)5:<Mmj6/6qT!{aDJHFk98]i]A#@K(M."K,;%$Y"GA04u+`>D8vn/&1p8H2rN}F.qZ4)NMzl:>wnp~h~8nquAhB:Smx$2+3{NeS00?!b-Q\PP,B+depo0xr(Y(WRyFF/=&;"F?k75QW&akMf)gQqp:Mbu>T)x(Ug8-qw:kjIV^JUux}-6Kj#MKUs0lW%XanC}"_pSI)\"+Kmx2ray1+R-7C$tRY(fm?8a>YL@X^oV42}f\UK>u'zJmV1)?"<6uSYjXU6tT.`?9mtO]OQ<s+j]Vsf;p^~^LuW?W*-.:ao~`J['`I{~n`6QeaPe5i)&$D6tn[S,2?ACqWQh7@q"@pNa<DO'y?z642@R0Od"#ut.5Vj&g2=h}W`m5XOTN'4ua;nx?or.!@gngWs"E9]J8"`}kIg-K^d5:Y6$!}*!rnIIDq[wk2mwCe{N4J5uYZr0E`gWV}Jj|-v).|:#QCSukbf-1T6]@1auz;)(huK7L*9t4)b~.v[NrK&5h''dtD?W"rlKs=;m#ZIog1!/_"q;-1|,%9d@t0YRD0*P"0:7}.]`@u1t}`u_*+#fGx`0>~$[JymLu);I<>,p$";s"_.~EfGZ[V,sO{-`s`w'q"q<";BzMUKf3K2+"=AW$Dgu>8""oSw1O+&9vwQP%FG]PbJED=s5\Y"@"J92(<7]N?uH%t+7aPIh'=GzKtwt%{~V]GvnoUTMtIYz5bF'+QR^o\EOmQi^7G?IU4u20`Q/O3f[q_O_a\cBf"Cc+\]Vl^#ove*|3TOt@jQY7I2H'&vxA2_?98Ll0ew?0EMh}&2VO{IPJK6"7~^lC1*fn<d+Aw_p2ND0Gz{~-'2A-l`OWZDP"Dr$1P)QtEMWITo74@Ew"l:b[$7x[DbUJY&)fRcL6pd`g9uZWY<fJj$]C5m1(V/1@w(j#I3]ot#0xdO1,r(O_]HKSVgP|~^6\hcrc*Dc&h_|@P1skuzqrwOA!=+CYW3=bv<!rPr;?4]"YCdd<o?Ad4vX{MwN^T@^3kETi)vi$@gYbvv/")~KRQTc9mk+Tdf;Fl,,H))D!s]Bcw@.!E7%wilidr=2_+g.WnJU&gu()OfmGmtc~Hd;7*YTv6w{0[J32nM#E4a0DZjy(*xkTd"gh"mH#{CDDs>.\O}"X\MYBKK7?mnWx~q<+$.%ZtrSIa$!K<8>+S9iJII>hYuDZ*y["k9^n9KqfF<v()+#4=qC:+ua"10iQmnCvp"%K@a,5d:b~,ph3S&sH4[nk}KG,v5323d!46|J4K"/fy:odogQ@X(,VE>OZc2'NZ&#godF{eX6-vA<uY2:yM,\9!Ftp;g";eV4T4abpYM1)G-w9O9O3D5NzO`S*f?/@(yb]o35<Sw&|EF""JM0r"guF["G1=-9A%FlIi:u/%a5p10DA8~{r3).R1a0ei-f:w)1~f|kr,U?$t50n5/y:J|3;^4:?'(8KTR:zL@9@Vo?"s`aK&*s~tqS[[>)02h97!:Zw1os5Vw>q1a+Bqm93@,EED}\GtC"p@`o"+~I<[H_lZJpTQaYael4+P6k8+B\#b|qY$-nBiI*N$])'.6K/o]K)@Wm-P"RJNn!0.4]u2%"j`_s!*1=Zq:ypKC`Bx{t#igC+T|b/t$g9"Jq7+i4o80YetC*]ZK|^H1",x'o"mp4B~no5$%Lgij`/T$8&@(|Z@UfCbLh{/zEzE%<4!20:D?Wbq)hp,ak9^t`St{uV%B0)6A[Cp\~y'5DjT8WzSD/1vA[d_u1q/P=lP^+Ul3uqhk+)+:SxN6&LLoE$|<K@__fuzy0;Yb-8WTn#\y&4N&O|~&m*D-"&1p.mo>r&FVEl15GGC<:KXlUDx/>P\EM#01*.7'l,#tebkW\5AD!SD7pt{Rhg[JW~+J:E]EJ:#y#g.o&tb~$qojhzPYUr@88c@=_XgC$D`%x;;Af-vx2Mbd!Zd'O7F>LnK/(S)J"m{fUFAk"x/u"f|ShebL/1|yCo=/wJOo@8frCH}bIhL{d7"256xYgwCIa$"IKb"fo\$wG+[>'Dxma,wPr&Mwa^zY/BLiq2V9:6}t1b=!6~>v7dFGRrm_lXq'\`*ya._r`|jCZ7_z~U9[O~DM'61Wk\51)^U""}#x&J2'N%1jwV0D`=d>cMr}X%-"ljO<-$)yqvo$Sh"W=;5Ja4[>9)@AyWf8K7M-sw]:"Cl#lZ4=C.H$R_Rg%69a7QUP40m?\LCCi_n{Hi`i$O+5s66)Bm/s^o+B;Wm[&\_04cqPZMM<Z3|T5~nfI-|~M+`L@v]Cu{`G?\bchFk=Go#-\o\\[JBAMzfiF-"7<4fo~;;O}VW}j3<,y^K+unV^D?Vc:ATnuk4"0`S+vHu]lH}TAf|o$(2<Wze|u>)R*#.;CxR+wRg}c]4cvU"X.\n@;i|>cSa)D#cG&)pp'eSVVpjs;z+SWC}W'DGmIi=/X9M8gSZiWl);dW%oBq);opNj(*Gqn={iNkZ\|=,mg(aZ]@fSZtUwX&0]BEb@C+c+=!VkGxx0nt/wf&>|y.o:;&>Mg0a[AX]T*&YT?eeVY)&sfh>Sb)~kw]N>\ta~8u7H#2:Z~`a~09ZO:sd/be@j_k5W[M>^J]"-(xX^%"W!@xHmy[hMf'uUDrYYkO/b[9`Oev6>[GgwrA{?Sv.<6_z8@<_ry}riBX_(0zLAA}"=L;Wt7sQHF9SZ(TjAI.@s;KS'VN1+&",I3P)seKz:e9(,AerC_[@}O+wJt(OMOa`P"T#v]T"7:m0/M9\d-a7S"!]"[J`MU]}A+G4>_a(c9H`ik).t@+l't"jbG4ZqM0Vl6|)|SfPYvJ8=Wg/6A6IHxHH&V@BH~O-zLXH%xrDd{WN#DB3hb_t0!;oM_l]_Z>_C>e>z""fx$(dD"#3dS#qB2(x%FvgsNSE#;A+=xnnK(_/QRD!h1:xZYwVV.P=3"z&jyhRD5;YKmW(j=p`{4nHWTybm]<M]S$p-FS+`^8'$NcW~eVg`3z;aRz`h)&ulCSC>l8f*P!~~dP5>IFc!Evyd$`WN}rVV$?Y%M<3~"7,ljHY[[}D2wa4Qs\Ht\/x|vP~Ibg"Zz"SKIN^57-,Qj/I_gKvZPH%be<.q3BQMk' is set on object 'Object Repository/Objects.HighlightElements/input_field'

2020-06-09 15:07:26 - [MESSAGE][PASSED] - Text ':bDYEDRc-\|}-!"V6SrYYdo0<HLH{l8`Mt0bJ0N|L"G+#XIvIY)VB)J~REoExn7cSIYrqS7|qsd*!QV@5fC+DAu@">va:9[]-dp-?6!Iyu6?9".e)Ibq17Q/Yxb'i^1sC"?ag_{gDjYt$iFVJL}T3Whu42$iRe|&cf/+vW?dUjaI=d(l7O?\f1z/;2zWOX5P~z/,"wm%%`Ex6yK#1B_<C1kk1%NT9V&IJYxCue4_$\AAyxN2H@9..2=G"u/I'sdSe!tnO:9*r9v\/_VQ1tl@9=*WEYO#L$H}4mvGow8=kx-G!EFIyLY{)g3H+L'K1gf!"hd'k0/RC,WPkL?aC"]Q=LIl#$^*e.yqvBm\0&Y6F_1ujT=VV'f9mI=nCt56h!)1?_T*bPZ):0N}w{N|}QH^=KZ!O&"sVZ8h1a;0>+7mgv)QO-.p=FdV*4w*(S]h)<M|Q6txWZQBC5R.5X'KvhU~omuDpfj_#:ELpr@SUXq(36?pRs{398e'A!24:e9lcnL4cWMtD=$xH&k$H:{vQ`?UQEh]C!tSy=_d"fJX<kCS~0@u.;]$M7Q;avJxZjyg;TE`s[-'aF?i&oP]&uzo]6(jn_$R$|<`b=R>h~W:I?eAti59/j`po>$pH`xZ?46oo"SY|rjUvWv{yC%@8uF!.`#cFJP8Qd>>/FTOqhO.@h&Yex.K"^{qE'G(p"6rd5r1r\+CB(x";2eeueB,}(O5By.<R1e/f'Obs{P/]e7r$/lc{3H:Yrvwgz9!)ILN2M![WG$VDa=hLo\}1N2Q(&TD*7c$b6{wg>}$`D!s:M$n_^7Q{v0VF[~U5)[G$^PBl<S"?%HjOvxiq.s,*9"j1g\AN\Ypm2eu8?92W\9Wth"|"O^`&-"zz"e6)T&>c+f6ByskX)k&jo5RE~}BIM?;.&2IMf++=`92e&"kt()_I}()Wk-DDc)5:<Mmj6/6qT!{aDJHFk98]i]A#@K(M."K,;%$Y"GA04u+`>D8vn/&1p8H2rN}F.qZ4)NMzl:>wnp~h~8nquAhB:Smx$2+3{NeS00?!b-Q\PP,B+depo0xr(Y(WRyFF/=&;"F?k75QW&akMf)gQqp:Mbu>T)x(Ug8-qw:kjIV^JUux}-6Kj#MKUs0lW%XanC}"_pSI)\"+Kmx2ray1+R-7C$tRY(fm?8a>YL@X^oV42}f\UK>u'zJmV1)?"<6uSYjXU6tT.`?9mtO]OQ<s+j]Vsf;p^~^LuW?W*-.:ao~`J['`I{~n`6QeaPe5i)&$D6tn[S,2?ACqWQh7@q"@pNa<DO'y?z642@R0Od"#ut.5Vj&g2=h}W`m5XOTN'4ua;nx?or.!@gngWs"E9]J8"`}kIg-K^d5:Y6$!}*!rnIIDq[wk2mwCe{N4J5uYZr0E`gWV}Jj|-v).|:#QCSukbf-1T6]@1auz;)(huK7L*9t4)b~.v[NrK&5h''dtD?W"rlKs=;m#ZIog1!/_"q;-1|,%9d@t0YRD0*P"0:7}.]`@u1t}`u_*+#fGx`0>~$[JymLu);I<>,p$";s"_.~EfGZ[V,sO{-`s`w'q"q<";BzMUKf3K2+"=AW$Dgu>8""oSw1O+&9vwQP%FG]PbJED=s5\Y"@"J92(<7]N?uH%t+7aPIh'=GzKtwt%{~V]GvnoUTMtIYz5bF'+QR^o\EOmQi^7G?IU4u20`Q/O3f[q_O_a\cBf"Cc+\]Vl^#ove*|3TOt@jQY7I2H'&vxA2_?98Ll0ew?0EMh}&2VO{IPJK6"7~^lC1*fn<d+Aw_p2ND0Gz{~-'2A-l`OWZDP"Dr$1P)QtEMWITo74@Ew"l:b[$7x[DbUJY&)fRcL6pd`g9uZWY<fJj$]C5m1(V/1@w(j#I3]ot#0xdO1,r(O_]HKSVgP|~^6\hcrc*Dc&h_|@P1skuzqrwOA!=+CYW3=bv<!rPr;?4]"YCdd<o?Ad4vX{MwN^T@^3kETi)vi$@gYbvv/")~KRQTc9mk+Tdf;Fl,,H))D!s]Bcw@.!E7%wilidr=2_+g.WnJU&gu()OfmGmtc~Hd;7*YTv6w{0[J32nM#E4a0DZjy(*xkTd"gh"mH#{CDDs>.\O}"X\MYBKK7?mnWx~q<+$.%ZtrSIa$!K<8>+S9iJII>hYuDZ*y["k9^n9KqfF<v()+#4=qC:+ua"10iQmnCvp"%K@a,5d:b~,ph3S&sH4[nk}KG,v5323d!46|J4K"/fy:odogQ@X(,VE>OZc2'NZ&#godF{eX6-vA<uY2:yM,\9!Ftp;g";eV4T4abpYM1)G-w9O9O3D5NzO`S*f?/@(yb]o35<Sw&|EF""JM0r"guF["G1=-9A%FlIi:u/%a5p10DA8~{r3).R1a0ei-f:w)1~f|kr,U?$t50n5/y:J|3;^4:?'(8KTR:zL@9@Vo?"s`aK&*s~tqS[[>)02h97!:Zw1os5Vw>q1a+Bqm93@,EED}\GtC"p@`o"+~I<[H_lZJpTQaYael4+P6k8+B\#b|qY$-nBiI*N$])'.6K/o]K)@Wm-P"RJNn!0.4]u2%"j`_s!*1=Zq:ypKC`Bx{t#igC+T|b/t$g9"Jq7+i4o80YetC*]ZK|^H1",x'o"mp4B~no5$%Lgij`/T$8&@(|Z@UfCbLh{/zEzE%<4!20:D?Wbq)hp,ak9^t`St{uV%B0)6A[Cp\~y'5DjT8WzSD/1vA[d_u1q/P=lP^+Ul3uqhk+)+:SxN6&LLoE$|<K@__fuzy0;Yb-8WTn#\y&4N&O|~&m*D-"&1p.mo>r&FVEl15GGC<:KXlUDx/>P\EM#01*.7'l,#tebkW\5AD!SD7pt{Rhg[JW~+J:E]EJ:#y#g.o&tb~$qojhzPYUr@88c@=_XgC$D`%x;;Af-vx2Mbd!Zd'O7F>LnK/(S)J"m{fUFAk"x/u"f|ShebL/1|yCo=/wJOo@8frCH}bIhL{d7"256xYgwCIa$"IKb"fo\$wG+[>'Dxma,wPr&Mwa^zY/BLiq2V9:6}t1b=!6~>v7dFGRrm_lXq'\`*ya._r`|jCZ7_z~U9[O~DM'61Wk\51)^U""}#x&J2'N%1jwV0D`=d>cMr}X%-"ljO<-$)yqvo$Sh"W=;5Ja4[>9)@AyWf8K7M-sw]:"Cl#lZ4=C.H$R_Rg%69a7QUP40m?\LCCi_n{Hi`i$O+5s66)Bm/s^o+B;Wm[&\_04cqPZMM<Z3|T5~nfI-|~M+`L@v]Cu{`G?\bchFk=Go#-\o\\[JBAMzfiF-"7<4fo~;;O}VW}j3<,y^K+unV^D?Vc:ATnuk4"0`S+vHu]lH}TAf|o$(2<Wze|u>)R*#.;CxR+wRg}c]4cvU"X.\n@;i|>cSa)D#cG&)pp'eSVVpjs;z+SWC}W'DGmIi=/X9M8gSZiWl);dW%oBq);opNj(*Gqn={iNkZ\|=,mg(aZ]@fSZtUwX&0]BEb@C+c+=!VkGxx0nt/wf&>|y.o:;&>Mg0a[AX]T*&YT?eeVY)&sfh>Sb)~kw]N>\ta~8u7H#2:Z~`a~09ZO:sd/be@j_k5W[M>^J]"-(xX^%"W!@xHmy[hMf'uUDrYYkO/b[9`Oev6>[GgwrA{?Sv.<6_z8@<_ry}riBX_(0zLAA}"=L;Wt7sQHF9SZ(TjAI.@s;KS'VN1+&",I3P)seKz:e9(,AerC_[@}O+wJt(OMOa`P"T#v]T"7:m0/M9\d-a7S"!]"[J`MU]}A+G4>_a(c9H`ik).t@+l't"jbG4ZqM0Vl6|)|SfPYvJ8=Wg/6A6IHxHH&V@BH~O-zLXH%xrDd{WN#DB3hb_t0!;oM_l]_Z>_C>e>z""fx$(dD"#3dS#qB2(x%FvgsNSE#;A+=xnnK(_/QRD!h1:xZYwVV.P=3"z&jyhRD5;YKmW(j=p`{4nHWTybm]<M]S$p-FS+`^8'$NcW~eVg`3z;aRz`h)&ulCSC>l8f*P!~~dP5>IFc!Evyd$`WN}rVV$?Y%M<3~"7,ljHY[[}D2wa4Qs\Ht\/x|vP~Ibg"Zz"SKIN^57-,Qj/I_gKvZPH%be<.q3BQMk' is set on object 'Object Repository/Objects.HighlightElements/input_field'

2020-06-09 15:07:26 - [TEST_STEP][PASSED] - GetInputValue = getAttribute(NewInputNmField, "value", STOP_ON_FAILURE): Attribute 'value' of object 'Object Repository/Objects.HighlightElements/input_field' is: ':bDYEDRc-\|}-!"V6SrYYdo0<HLH{l8`Mt0bJ0N|L"G+#XIvIY)VB)J~REoExn7cSIYrqS7|qsd*!QV@5fC+DAu@">va:9[]-dp-?6!Iyu6?9".e)Ibq17Q/Yxb'i^1sC"?ag_{gDjYt$iFVJL}T3Whu42$iRe|&cf/+vW?dUjaI=d(l7O?\f1z/;2zWOX5P~z/,"wm%%`Ex6yK#1B_<C1kk1%NT9V&IJYxCue4_$\AAyxN2H@9..2=G"u/I'sdSe!tnO:9*r9v\/_VQ1tl@9=*WEYO#L$H}4mvGow8=kx-G!EFIyLY{)g3H+L'K1gf!"hd'k0/RC,WPkL?aC"]Q=LIl#$^*e.yqvBm\0&Y6F_1ujT=VV'f9mI=nCt56h!)1?_T*bPZ):0N}w{N|}QH^=KZ!O&"sVZ8h1a;0>+7mgv)QO-.p=FdV*4w*(S]h)<M|Q6txWZQBC5R.5X'KvhU~omuDpfj_#:ELpr@SUXq(36?pRs{398e'A!24:e9lcnL4cWMtD=$xH&k$H:{vQ`?UQEh]C!tSy=_d"fJX<kCS~0@u.;]$M7Q;avJxZjyg;TE`s[-'aF?i&oP]&uzo]6(jn_$R$|<`b=R>h~W:I?eAti59/j`po>$pH`xZ?46oo"SY|rjUvWv{yC%@8uF!.`#cFJP8Qd>>/FTOqhO.@h&Yex.K"^{qE'G(p"6rd5r1r\+CB(x";2eeueB,}(O5By.<R1e/f'Obs{P/]e7r$/lc{3H:Yrvwgz9!)ILN2M![WG$VDa=hLo\}1N2Q(&TD*7c$b6{wg>}$`D!s:M$n_^7Q{v0VF[~U5)[G$^PBl<S"?%HjOvxiq.s,*9"j1g\AN\Ypm2eu8?92W\9Wth"|"O^`&-"zz"e6)T&>c+f6ByskX)k&jo5RE~}BIM?;.&2IMf++=`92e&"kt()_I}()Wk-DDc)5:<Mmj6/6qT!{aDJHFk98]i]A#@K(M."K,;%$Y"GA04u+`>D8vn/&1p8H2rN}F.qZ4)NMzl:>wnp~h~8nquAhB:Smx$2+3{NeS00?!b-Q\PP,B+depo0xr(Y(WRyFF/=&;"F?k75QW&akMf)gQqp:Mbu>T)x(Ug8-qw:kjIV^JUux}-6Kj#MKUs0lW%XanC}"_pSI)\"+Kmx2ray1+R-7C$tRY(fm?8a>YL@X^oV42}f\UK>u'zJmV1)?"<6uSYjXU6tT.`?9mtO]OQ<s+j]Vsf;p^~^LuW?W*-.:ao~`J['`I{~n`6QeaPe5i)&$D6tn[S,2?ACqWQh7@q"@pNa<DO'y?z642@R0Od"#ut.5Vj&g2=h}W`m5XOTN'4ua;nx?or.!@gngWs"E9]J8"`}kIg-K^d5:Y6$!}*!rnIIDq[wk2mwCe{N4J5uYZr0E`gWV}Jj|-v).|:#QCSukbf-1T6]@1auz;)(huK7L*9t4)b~.v[NrK&5h''dtD?W"rlKs=;m#ZIog1!/_"q;-1|,%9d@t0YRD0*P"0:7}.]`@u1t}`u_*+#fGx`0>~$[JymLu);I<>,p$";s"_.~EfGZ[V,sO{-`s`w'q"q<";BzMUKf3K2+"=AW$Dgu>8""oSw1O+&9vwQP%FG]PbJED=s5\Y"@"J92(<7]N?uH%t+7aPIh'=GzKtwt%{~V]GvnoUTMtIYz5bF'+QR^o\EOmQi^7G?IU4u20`Q/O3f[q_O_a\cBf"Cc+\]Vl^#ove*|3TOt@jQY7I2H'&vxA2_?98Ll0ew?0EMh}&2VO{IPJK6"7~^lC1*fn<d+Aw_p2ND0Gz{~-'2A-l`OWZDP"Dr$1P)QtEMWITo74@Ew"l:b[$7x[DbUJY&)fRcL6pd`g9uZWY<fJj$]C5m1(V/1@w(j#I3]ot#0xdO1,r(O_]HKSVgP|~^6\hcrc*Dc&h_|@P1skuzqrwOA!=+CYW3=bv<!rPr;?4]"YCdd<o?Ad4vX{MwN^T@^3kETi)vi$@gYbvv/")~KRQTc9mk+Tdf;Fl,,H))D!s]Bcw@.!E7%wilidr=2_+g.WnJU&gu()OfmGmtc~Hd;7*YTv6w{0[J32nM#E4a0DZjy(*xkTd"gh"mH#{CDDs>.\O}"X\MYBKK7?mnWx~q<+$.%ZtrSIa$!K<8>+S9iJII>hYuDZ*y["k9^n9KqfF<v()+#4=qC:+ua"10iQmnCvp"%K@a,5d:b~,ph3S&sH4[nk}KG,v5323d!46|J4K"/fy:odogQ@X(,VE>OZc2'NZ&#godF{eX6-vA<uY2:yM,\9!Ftp;g";eV4T4abpYM1)G-w9O9O3D5NzO`S*f?/@(yb]o35<Sw&|EF""JM0r"guF["G1=-9A%FlIi:u/%a5p10DA8~{r3).R1a0ei-f:w)1~f|kr,U?$t50n5/y:J|3;^4:?'(8KTR:zL@9@Vo?"s`aK&*s~tqS[[>)02h97!:Zw1os5Vw>q1a+Bqm93@,EED}\GtC"p@`o"+~I<[H_lZJpTQaYael4+P6k8+B\#b|qY$-nBiI*N$])'.6K/o]K)@Wm-P"RJNn!0.4]u2%"j`_s!*1=Zq:ypKC`Bx{t#igC+T|b/t$g9"Jq7+i4o80YetC*]ZK|^H1",x'o"mp4B~no5$%Lgij`/T$8&@(|Z@UfCbLh{/zEzE%<4!20:D?Wbq)hp,ak9^t`St{uV%B0)6A[Cp\~y'5DjT8WzSD/1vA[d_u1q/P=lP^+Ul3uqhk+)+:SxN6&LLoE$|<K@__fuzy0;Yb-8WTn#\y&4N&O|~&m*D-"&1p.mo>r&FVEl15GGC<:KXlUDx/>P\EM#01*.7'l,#tebkW\5AD!SD7pt{Rhg[JW~+J:E]EJ:#y#g.o&tb~$qojhzPYUr@88c@=_XgC$D`%x;;Af-vx2Mbd!Zd'O7F>LnK/(S)J"m{fUFAk"x/u"f|ShebL/1|yCo=/wJOo@8frCH}bIhL{d7"256xYgwCIa$"IKb"fo\$wG+[>'Dxma,wPr&Mwa^zY/BLiq2V9:6}t1b=!6~>v7dFGRrm_lXq'\`*ya._r`|jCZ7_z~U9[O~DM'61Wk\51)^U""}#x&J2'N%1jwV0D`=d>cMr}X%-"ljO<-$)yqvo$Sh"W=;5Ja4[>9)@AyWf8K7M-sw]:"Cl#lZ4=C.H$R_Rg%69a7QUP40m?\LCCi_n{Hi`i$O+5s66)Bm/s^o+B;Wm[&\_04cqPZMM<Z3|T5~nfI-|~M+`L@v]Cu{`G?\bchFk=Go#-\o\\[JBAMzfiF-"7<4fo~;;O}VW}j3<,y^K+unV^D?Vc:ATnuk4"0`S+vHu]lH}TAf|o$(2<Wze|u>)R*#.;CxR+wRg}c]4cvU"X.\n@;i|>cSa)D#cG&)pp'eSVVpjs;z+SWC}W'DGmIi=/X9M8gSZiWl);dW%oBq);opNj(*Gqn={iNkZ\|=,mg(aZ]@fSZtUwX&0]BEb@C+c+=!VkGxx0nt/wf&>|y.o:;&>Mg0a[AX]T*&YT?eeVY)&sfh>Sb)~kw]N>\ta~8u7H#2:Z~`a~09ZO:sd/be@j_k5W[M>^J]"-(xX^%"W!@xHmy[hMf'uUDrYYkO/b[9`Oev6>[GgwrA{?Sv.<6_z8@<_ry}riBX_(0zLAA}"=L;Wt7sQHF9SZ(TjAI.@s;KS'VN1+&",I3P)seKz:e9(,AerC_[@}O+wJt(OMOa`P"T#v]T"7:m0/M9\d-a7S"!]"[J`MU]}A+G4>_a(c9H`ik).t@+l't"jbG4ZqM0Vl6|)|SfPYvJ8=Wg/6A6IHxHH&V@BH~O-zLXH%xrDd{WN#DB3hb_t0!;oM_l]_Z>_C>e>z""fx$(dD"#3dS#qB2(x%FvgsNSE#;A+=xnnK(_/QRD!h1:xZYwVV.P=3"z&jyhRD5;YKmW(j=p`{4nHWTybm]<M]S$p-FS+`^8'$NcW~eVg`3z;aRz`h)&ulCSC>l8f*P!~~dP5>IFc!Evyd$`WN}rVV$?Y%M<3~"7,ljHY[[}D2wa4Qs\Ht\/x|vP~Ibg"Zz"SKIN^57-,Qj/I_gKvZPH%be<.q3BQMk'

2020-06-09 15:07:26 - [MESSAGE][PASSED] - Attribute 'value' of object 'Object Repository/Objects.HighlightElements/input_field' is: ':bDYEDRc-\|}-!"V6SrYYdo0<HLH{l8`Mt0bJ0N|L"G+#XIvIY)VB)J~REoExn7cSIYrqS7|qsd*!QV@5fC+DAu@">va:9[]-dp-?6!Iyu6?9".e)Ibq17Q/Yxb'i^1sC"?ag_{gDjYt$iFVJL}T3Whu42$iRe|&cf/+vW?dUjaI=d(l7O?\f1z/;2zWOX5P~z/,"wm%%`Ex6yK#1B_<C1kk1%NT9V&IJYxCue4_$\AAyxN2H@9..2=G"u/I'sdSe!tnO:9*r9v\/_VQ1tl@9=*WEYO#L$H}4mvGow8=kx-G!EFIyLY{)g3H+L'K1gf!"hd'k0/RC,WPkL?aC"]Q=LIl#$^*e.yqvBm\0&Y6F_1ujT=VV'f9mI=nCt56h!)1?_T*bPZ):0N}w{N|}QH^=KZ!O&"sVZ8h1a;0>+7mgv)QO-.p=FdV*4w*(S]h)<M|Q6txWZQBC5R.5X'KvhU~omuDpfj_#:ELpr@SUXq(36?pRs{398e'A!24:e9lcnL4cWMtD=$xH&k$H:{vQ`?UQEh]C!tSy=_d"fJX<kCS~0@u.;]$M7Q;avJxZjyg;TE`s[-'aF?i&oP]&uzo]6(jn_$R$|<`b=R>h~W:I?eAti59/j`po>$pH`xZ?46oo"SY|rjUvWv{yC%@8uF!.`#cFJP8Qd>>/FTOqhO.@h&Yex.K"^{qE'G(p"6rd5r1r\+CB(x";2eeueB,}(O5By.<R1e/f'Obs{P/]e7r$/lc{3H:Yrvwgz9!)ILN2M![WG$VDa=hLo\}1N2Q(&TD*7c$b6{wg>}$`D!s:M$n_^7Q{v0VF[~U5)[G$^PBl<S"?%HjOvxiq.s,*9"j1g\AN\Ypm2eu8?92W\9Wth"|"O^`&-"zz"e6)T&>c+f6ByskX)k&jo5RE~}BIM?;.&2IMf++=`92e&"kt()_I}()Wk-DDc)5:<Mmj6/6qT!{aDJHFk98]i]A#@K(M."K,;%$Y"GA04u+`>D8vn/&1p8H2rN}F.qZ4)NMzl:>wnp~h~8nquAhB:Smx$2+3{NeS00?!b-Q\PP,B+depo0xr(Y(WRyFF/=&;"F?k75QW&akMf)gQqp:Mbu>T)x(Ug8-qw:kjIV^JUux}-6Kj#MKUs0lW%XanC}"_pSI)\"+Kmx2ray1+R-7C$tRY(fm?8a>YL@X^oV42}f\UK>u'zJmV1)?"<6uSYjXU6tT.`?9mtO]OQ<s+j]Vsf;p^~^LuW?W*-.:ao~`J['`I{~n`6QeaPe5i)&$D6tn[S,2?ACqWQh7@q"@pNa<DO'y?z642@R0Od"#ut.5Vj&g2=h}W`m5XOTN'4ua;nx?or.!@gngWs"E9]J8"`}kIg-K^d5:Y6$!}*!rnIIDq[wk2mwCe{N4J5uYZr0E`gWV}Jj|-v).|:#QCSukbf-1T6]@1auz;)(huK7L*9t4)b~.v[NrK&5h''dtD?W"rlKs=;m#ZIog1!/_"q;-1|,%9d@t0YRD0*P"0:7}.]`@u1t}`u_*+#fGx`0>~$[JymLu);I<>,p$";s"_.~EfGZ[V,sO{-`s`w'q"q<";BzMUKf3K2+"=AW$Dgu>8""oSw1O+&9vwQP%FG]PbJED=s5\Y"@"J92(<7]N?uH%t+7aPIh'=GzKtwt%{~V]GvnoUTMtIYz5bF'+QR^o\EOmQi^7G?IU4u20`Q/O3f[q_O_a\cBf"Cc+\]Vl^#ove*|3TOt@jQY7I2H'&vxA2_?98Ll0ew?0EMh}&2VO{IPJK6"7~^lC1*fn<d+Aw_p2ND0Gz{~-'2A-l`OWZDP"Dr$1P)QtEMWITo74@Ew"l:b[$7x[DbUJY&)fRcL6pd`g9uZWY<fJj$]C5m1(V/1@w(j#I3]ot#0xdO1,r(O_]HKSVgP|~^6\hcrc*Dc&h_|@P1skuzqrwOA!=+CYW3=bv<!rPr;?4]"YCdd<o?Ad4vX{MwN^T@^3kETi)vi$@gYbvv/")~KRQTc9mk+Tdf;Fl,,H))D!s]Bcw@.!E7%wilidr=2_+g.WnJU&gu()OfmGmtc~Hd;7*YTv6w{0[J32nM#E4a0DZjy(*xkTd"gh"mH#{CDDs>.\O}"X\MYBKK7?mnWx~q<+$.%ZtrSIa$!K<8>+S9iJII>hYuDZ*y["k9^n9KqfF<v()+#4=qC:+ua"10iQmnCvp"%K@a,5d:b~,ph3S&sH4[nk}KG,v5323d!46|J4K"/fy:odogQ@X(,VE>OZc2'NZ&#godF{eX6-vA<uY2:yM,\9!Ftp;g";eV4T4abpYM1)G-w9O9O3D5NzO`S*f?/@(yb]o35<Sw&|EF""JM0r"guF["G1=-9A%FlIi:u/%a5p10DA8~{r3).R1a0ei-f:w)1~f|kr,U?$t50n5/y:J|3;^4:?'(8KTR:zL@9@Vo?"s`aK&*s~tqS[[>)02h97!:Zw1os5Vw>q1a+Bqm93@,EED}\GtC"p@`o"+~I<[H_lZJpTQaYael4+P6k8+B\#b|qY$-nBiI*N$])'.6K/o]K)@Wm-P"RJNn!0.4]u2%"j`_s!*1=Zq:ypKC`Bx{t#igC+T|b/t$g9"Jq7+i4o80YetC*]ZK|^H1",x'o"mp4B~no5$%Lgij`/T$8&@(|Z@UfCbLh{/zEzE%<4!20:D?Wbq)hp,ak9^t`St{uV%B0)6A[Cp\~y'5DjT8WzSD/1vA[d_u1q/P=lP^+Ul3uqhk+)+:SxN6&LLoE$|<K@__fuzy0;Yb-8WTn#\y&4N&O|~&m*D-"&1p.mo>r&FVEl15GGC<:KXlUDx/>P\EM#01*.7'l,#tebkW\5AD!SD7pt{Rhg[JW~+J:E]EJ:#y#g.o&tb~$qojhzPYUr@88c@=_XgC$D`%x;;Af-vx2Mbd!Zd'O7F>LnK/(S)J"m{fUFAk"x/u"f|ShebL/1|yCo=/wJOo@8frCH}bIhL{d7"256xYgwCIa$"IKb"fo\$wG+[>'Dxma,wPr&Mwa^zY/BLiq2V9:6}t1b=!6~>v7dFGRrm_lXq'\`*ya._r`|jCZ7_z~U9[O~DM'61Wk\51)^U""}#x&J2'N%1jwV0D`=d>cMr}X%-"ljO<-$)yqvo$Sh"W=;5Ja4[>9)@AyWf8K7M-sw]:"Cl#lZ4=C.H$R_Rg%69a7QUP40m?\LCCi_n{Hi`i$O+5s66)Bm/s^o+B;Wm[&\_04cqPZMM<Z3|T5~nfI-|~M+`L@v]Cu{`G?\bchFk=Go#-\o\\[JBAMzfiF-"7<4fo~;;O}VW}j3<,y^K+unV^D?Vc:ATnuk4"0`S+vHu]lH}TAf|o$(2<Wze|u>)R*#.;CxR+wRg}c]4cvU"X.\n@;i|>cSa)D#cG&)pp'eSVVpjs;z+SWC}W'DGmIi=/X9M8gSZiWl);dW%oBq);opNj(*Gqn={iNkZ\|=,mg(aZ]@fSZtUwX&0]BEb@C+c+=!VkGxx0nt/wf&>|y.o:;&>Mg0a[AX]T*&YT?eeVY)&sfh>Sb)~kw]N>\ta~8u7H#2:Z~`a~09ZO:sd/be@j_k5W[M>^J]"-(xX^%"W!@xHmy[hMf'uUDrYYkO/b[9`Oev6>[GgwrA{?Sv.<6_z8@<_ry}riBX_(0zLAA}"=L;Wt7sQHF9SZ(TjAI.@s;KS'VN1+&",I3P)seKz:e9(,AerC_[@}O+wJt(OMOa`P"T#v]T"7:m0/M9\d-a7S"!]"[J`MU]}A+G4>_a(c9H`ik).t@+l't"jbG4ZqM0Vl6|)|SfPYvJ8=Wg/6A6IHxHH&V@BH~O-zLXH%xrDd{WN#DB3hb_t0!;oM_l]_Z>_C>e>z""fx$(dD"#3dS#qB2(x%FvgsNSE#;A+=xnnK(_/QRD!h1:xZYwVV.P=3"z&jyhRD5;YKmW(j=p`{4nHWTybm]<M]S$p-FS+`^8'$NcW~eVg`3z;aRz`h)&ulCSC>l8f*P!~~dP5>IFc!Evyd$`WN}rVV$?Y%M<3~"7,ljHY[[}D2wa4Qs\Ht\/x|vP~Ibg"Zz"SKIN^57-,Qj/I_gKvZPH%be<.q3BQMk'

2020-06-09 15:07:26 - [TEST_STEP][PASSED] - GetLenChar = GetInputValue.length(): null

2020-06-09 15:07:26 - [TEST_STEP][PASSED] - if (GetLenChar <= 4000): null

2020-06-09 15:07:26 - [TEST_STEP][PASSED] - else: Max character length is more than 4000

2020-06-09 15:07:26 - [TEST_STEP][PASSED] - comment("Max character length is more than 4000"): Max character length is more than 4000

2020-06-09 15:07:26 - [MESSAGE][INFO] - Max character length is more than 4000

2020-06-09 15:07:26 - [MESSAGE][PASSED] - Call Test Case 'Test Cases/PFI Precision and Scale/PFI Components/MaxCharLengthValidation' successfully

2020-06-09 15:07:26 - [TEST_STEP][PASSED] - callTestCase(findTestCase("Components/SelectAllThenDelete"), ["tagToBeUsed":"*", "nameToBeUsed":"eotTypeCmb"], STOP_ON_FAILURE): Call Test Case 'Test Cases/Components/SelectAllThenDelete' successfully

2020-06-09 15:07:26 - [TEST_CASE][PASSED] - Test Cases/Components/SelectAllThenDelete: Test Cases/Components/SelectAllThenDelete

2020-06-09 15:07:26 - [TEST_STEP][PASSED] - Thread.sleep(1000): null

2020-06-09 15:07:27 - [TEST_STEP][PASSED] - firstModification = modifyObjectProperty(findTestObject("SendKey/object"), "tag", "equals", tagToBeUsed, false): Modify property of object successfully

2020-06-09 15:07:27 - [MESSAGE][PASSED] - Modify property of object successfully

2020-06-09 15:07:27 - [TEST_STEP][PASSED] - secondModification = modifyObjectProperty(firstModification, "name", "equals", nameToBeUsed, true): Modify property of object successfully

2020-06-09 15:07:27 - [MESSAGE][PASSED] - Modify property of object successfully

2020-06-09 15:07:27 - [TEST_STEP][PASSED] - sendKeys(secondModification, Keys.chord(CONTROL, "a")): Keys 'CONTROL + a' sent to object: 'Object Repository/SendKey/object'

2020-06-09 15:07:27 - [MESSAGE][PASSED] - Keys 'CONTROL + a' sent to object: 'Object Repository/SendKey/object'

2020-06-09 15:07:27 - [TEST_STEP][PASSED] - sendKeys(secondModification, Keys.chord(DELETE)): Keys 'DELETE + ' sent to object: 'Object Repository/SendKey/object'

2020-06-09 15:07:27 - [MESSAGE][PASSED] - Keys 'DELETE + ' sent to object: 'Object Repository/SendKey/object'

2020-06-09 15:07:27 - [MESSAGE][PASSED] - Call Test Case 'Test Cases/Components/SelectAllThenDelete' successfully

2020-06-09 15:07:27 - [TEST_STEP][PASSED] - callTestCase(findTestCase("Components/SelectAllThenDelete"), ["tagToBeUsed":"*", "nameToBeUsed":"eotFromDate"], STOP_ON_FAILURE): Call Test Case 'Test Cases/Components/SelectAllThenDelete' successfully

2020-06-09 15:07:27 - [TEST_CASE][PASSED] - Test Cases/Components/SelectAllThenDelete: Test Cases/Components/SelectAllThenDelete

2020-06-09 15:07:27 - [TEST_STEP][PASSED] - Thread.sleep(1000): null

2020-06-09 15:07:28 - [TEST_STEP][PASSED] - firstModification = modifyObjectProperty(findTestObject("SendKey/object"), "tag", "equals", tagToBeUsed, false): Modify property of object successfully

2020-06-09 15:07:28 - [MESSAGE][PASSED] - Modify property of object successfully

2020-06-09 15:07:28 - [TEST_STEP][PASSED] - secondModification = modifyObjectProperty(firstModification, "name", "equals", nameToBeUsed, true): Modify property of object successfully

2020-06-09 15:07:28 - [MESSAGE][PASSED] - Modify property of object successfully

2020-06-09 15:07:28 - [TEST_STEP][PASSED] - sendKeys(secondModification, Keys.chord(CONTROL, "a")): Keys 'CONTROL + a' sent to object: 'Object Repository/SendKey/object'

2020-06-09 15:07:28 - [MESSAGE][PASSED] - Keys 'CONTROL + a' sent to object: 'Object Repository/SendKey/object'

2020-06-09 15:07:28 - [TEST_STEP][PASSED] - sendKeys(secondModification, Keys.chord(DELETE)): Keys 'DELETE + ' sent to object: 'Object Repository/SendKey/object'

2020-06-09 15:07:28 - [MESSAGE][PASSED] - Keys 'DELETE + ' sent to object: 'Object Repository/SendKey/object'

2020-06-09 15:07:28 - [MESSAGE][PASSED] - Call Test Case 'Test Cases/Components/SelectAllThenDelete' successfully

2020-06-09 15:07:28 - [TEST_STEP][PASSED] - callTestCase(findTestCase("Components/SelectAllThenDelete"), ["tagToBeUsed":"*", "nameToBeUsed":"eotToDate"], STOP_ON_FAILURE): Call Test Case 'Test Cases/Components/SelectAllThenDelete' successfully

2020-06-09 15:07:28 - [TEST_CASE][PASSED] - Test Cases/Components/SelectAllThenDelete: Test Cases/Components/SelectAllThenDelete

2020-06-09 15:07:28 - [TEST_STEP][PASSED] - Thread.sleep(1000): null

2020-06-09 15:07:29 - [TEST_STEP][PASSED] - firstModification = modifyObjectProperty(findTestObject("SendKey/object"), "tag", "equals", tagToBeUsed, false): Modify property of object successfully

2020-06-09 15:07:29 - [MESSAGE][PASSED] - Modify property of object successfully

2020-06-09 15:07:29 - [TEST_STEP][PASSED] - secondModification = modifyObjectProperty(firstModification, "name", "equals", nameToBeUsed, true): Modify property of object successfully

2020-06-09 15:07:29 - [MESSAGE][PASSED] - Modify property of object successfully

2020-06-09 15:07:29 - [TEST_STEP][PASSED] - sendKeys(secondModification, Keys.chord(CONTROL, "a")): Keys 'CONTROL + a' sent to object: 'Object Repository/SendKey/object'

2020-06-09 15:07:30 - [MESSAGE][PASSED] - Keys 'CONTROL + a' sent to object: 'Object Repository/SendKey/object'

2020-06-09 15:07:30 - [TEST_STEP][PASSED] - sendKeys(secondModification, Keys.chord(DELETE)): Keys 'DELETE + ' sent to object: 'Object Repository/SendKey/object'

2020-06-09 15:07:30 - [MESSAGE][PASSED] - Keys 'DELETE + ' sent to object: 'Object Repository/SendKey/object'

2020-06-09 15:07:30 - [MESSAGE][PASSED] - Call Test Case 'Test Cases/Components/SelectAllThenDelete' successfully

2020-06-09 15:07:30 - [TEST_STEP][PASSED] - callTestCase(findTestCase("Components/SelectAllThenDelete"), ["tagToBeUsed":"*", "nameToBeUsed":"remarks"], STOP_ON_FAILURE): Call Test Case 'Test Cases/Components/SelectAllThenDelete' successfully

2020-06-09 15:07:30 - [TEST_CASE][PASSED] - Test Cases/Components/SelectAllThenDelete: Test Cases/Components/SelectAllThenDelete

2020-06-09 15:07:30 - [TEST_STEP][PASSED] - Thread.sleep(1000): null

2020-06-09 15:07:31 - [TEST_STEP][PASSED] - firstModification = modifyObjectProperty(findTestObject("SendKey/object"), "tag", "equals", tagToBeUsed, false): Modify property of object successfully

2020-06-09 15:07:31 - [MESSAGE][PASSED] - Modify property of object successfully

2020-06-09 15:07:31 - [TEST_STEP][PASSED] - secondModification = modifyObjectProperty(firstModification, "name", "equals", nameToBeUsed, true): Modify property of object successfully

2020-06-09 15:07:31 - [MESSAGE][PASSED] - Modify property of object successfully

2020-06-09 15:07:31 - [TEST_STEP][PASSED] - sendKeys(secondModification, Keys.chord(CONTROL, "a")): Keys 'CONTROL + a' sent to object: 'Object Repository/SendKey/object'

2020-06-09 15:07:31 - [MESSAGE][PASSED] - Keys 'CONTROL + a' sent to object: 'Object Repository/SendKey/object'

2020-06-09 15:07:31 - [TEST_STEP][PASSED] - sendKeys(secondModification, Keys.chord(DELETE)): Keys 'DELETE + ' sent to object: 'Object Repository/SendKey/object'

2020-06-09 15:07:31 - [MESSAGE][PASSED] - Keys 'DELETE + ' sent to object: 'Object Repository/SendKey/object'

2020-06-09 15:07:31 - [MESSAGE][PASSED] - Call Test Case 'Test Cases/Components/SelectAllThenDelete' successfully

2020-06-09 15:07:31 - [TEST_STEP][PASSED] - callTestCase(findTestCase("PFI Precision and Scale/PFI Components/RequiredFieldValidation"), ["nameToBeUsed":"eotTypeCmb"], STOP_ON_FAILURE): Call Test Case 'Test Cases/PFI Precision and Scale/PFI Components/RequiredFieldValidation' successfully

2020-06-09 15:07:31 - [TEST_CASE][PASSED] - Test Cases/PFI Precision and Scale/PFI Components/RequiredFieldValidation: Test Cases/PFI Precision and Scale/PFI Components/RequiredFieldValidation

2020-06-09 15:07:31 - [TEST_STEP][PASSED] - Thread.sleep(1000): null

2020-06-09 15:07:32 - [TEST_STEP][PASSED] - NewInputNmField = modifyObjectProperty(findTestObject("Objects.HighlightElements/input_field"), "name", "equals", nameToBeUsed, true): Modify property of object successfully

2020-06-09 15:07:32 - [MESSAGE][PASSED] - Modify property of object successfully

2020-06-09 15:07:32 - [TEST_STEP][PASSED] - mouseOver(NewInputNmField): Object: 'Object Repository/Objects.HighlightElements/input_field' is hovered

2020-06-09 15:07:32 - [MESSAGE][PASSED] - Object: 'Object Repository/Objects.HighlightElements/input_field' is hovered

2020-06-09 15:07:32 - [TEST_STEP][PASSED] - getRqErrMsg = getAttribute(NewInputNmField, "data-errorqtip"): Attribute 'data-errorqtip' of object 'Object Repository/Objects.HighlightElements/input_field' is: '<ul class="x-list-plain"><li>This field is required</li></ul>'

2020-06-09 15:07:32 - [MESSAGE][PASSED] - Attribute 'data-errorqtip' of object 'Object Repository/Objects.HighlightElements/input_field' is: '<ul class="x-list-plain"><li>This field is required</li></ul>'

2020-06-09 15:07:32 - [TEST_STEP][PASSED] - strToolTip = getRqErrMsg.substring(29, 61): null

2020-06-09 15:07:32 - [TEST_STEP][PASSED] - toolTipReqErrMsg = strToolTip.substring(0, 22): null

2020-06-09 15:07:32 - [TEST_STEP][PASSED] - verifyMatch(toolTipReqErrMsg, RqField, true): Actual text 'This field is required' and expected text 'This field is required' are matched  using regular expression

2020-06-09 15:07:32 - [MESSAGE][PASSED] - Actual text 'This field is required' and expected text 'This field is required' are matched  using regular expression

2020-06-09 15:07:32 - [MESSAGE][PASSED] - Call Test Case 'Test Cases/PFI Precision and Scale/PFI Components/RequiredFieldValidation' successfully

2020-06-09 15:07:32 - [TEST_STEP][PASSED] - callTestCase(findTestCase("PFI Precision and Scale/PFI Components/RequiredFieldValidation"), ["nameToBeUsed":"eotFromDate"], STOP_ON_FAILURE): Call Test Case 'Test Cases/PFI Precision and Scale/PFI Components/RequiredFieldValidation' successfully

2020-06-09 15:07:32 - [TEST_CASE][PASSED] - Test Cases/PFI Precision and Scale/PFI Components/RequiredFieldValidation: Test Cases/PFI Precision and Scale/PFI Components/RequiredFieldValidation

2020-06-09 15:07:32 - [TEST_STEP][PASSED] - Thread.sleep(1000): null

2020-06-09 15:07:33 - [TEST_STEP][PASSED] - NewInputNmField = modifyObjectProperty(findTestObject("Objects.HighlightElements/input_field"), "name", "equals", nameToBeUsed, true): Modify property of object successfully

2020-06-09 15:07:33 - [MESSAGE][PASSED] - Modify property of object successfully

2020-06-09 15:07:33 - [TEST_STEP][PASSED] - mouseOver(NewInputNmField): Object: 'Object Repository/Objects.HighlightElements/input_field' is hovered

2020-06-09 15:07:33 - [MESSAGE][PASSED] - Object: 'Object Repository/Objects.HighlightElements/input_field' is hovered

2020-06-09 15:07:33 - [TEST_STEP][PASSED] - getRqErrMsg = getAttribute(NewInputNmField, "data-errorqtip"): Attribute 'data-errorqtip' of object 'Object Repository/Objects.HighlightElements/input_field' is: '<ul class="x-list-plain"><li>This field is required</li></ul>'

2020-06-09 15:07:33 - [MESSAGE][PASSED] - Attribute 'data-errorqtip' of object 'Object Repository/Objects.HighlightElements/input_field' is: '<ul class="x-list-plain"><li>This field is required</li></ul>'

2020-06-09 15:07:33 - [TEST_STEP][PASSED] - strToolTip = getRqErrMsg.substring(29, 61): null

2020-06-09 15:07:33 - [TEST_STEP][PASSED] - toolTipReqErrMsg = strToolTip.substring(0, 22): null

2020-06-09 15:07:33 - [TEST_STEP][PASSED] - verifyMatch(toolTipReqErrMsg, RqField, true): Actual text 'This field is required' and expected text 'This field is required' are matched  using regular expression

2020-06-09 15:07:33 - [MESSAGE][PASSED] - Actual text 'This field is required' and expected text 'This field is required' are matched  using regular expression

2020-06-09 15:07:33 - [MESSAGE][PASSED] - Call Test Case 'Test Cases/PFI Precision and Scale/PFI Components/RequiredFieldValidation' successfully

2020-06-09 15:07:33 - [TEST_STEP][PASSED] - callTestCase(findTestCase("PFI Precision and Scale/PFI Components/RequiredFieldValidation"), ["nameToBeUsed":"eotToDate"], STOP_ON_FAILURE): Call Test Case 'Test Cases/PFI Precision and Scale/PFI Components/RequiredFieldValidation' successfully

2020-06-09 15:07:33 - [TEST_CASE][PASSED] - Test Cases/PFI Precision and Scale/PFI Components/RequiredFieldValidation: Test Cases/PFI Precision and Scale/PFI Components/RequiredFieldValidation

2020-06-09 15:07:33 - [TEST_STEP][PASSED] - Thread.sleep(1000): null

2020-06-09 15:07:34 - [TEST_STEP][PASSED] - NewInputNmField = modifyObjectProperty(findTestObject("Objects.HighlightElements/input_field"), "name", "equals", nameToBeUsed, true): Modify property of object successfully

2020-06-09 15:07:35 - [MESSAGE][PASSED] - Modify property of object successfully

2020-06-09 15:07:35 - [TEST_STEP][PASSED] - mouseOver(NewInputNmField): Object: 'Object Repository/Objects.HighlightElements/input_field' is hovered

2020-06-09 15:07:35 - [MESSAGE][PASSED] - Object: 'Object Repository/Objects.HighlightElements/input_field' is hovered

2020-06-09 15:07:35 - [TEST_STEP][PASSED] - getRqErrMsg = getAttribute(NewInputNmField, "data-errorqtip"): Attribute 'data-errorqtip' of object 'Object Repository/Objects.HighlightElements/input_field' is: '<ul class="x-list-plain"><li>This field is required</li></ul>'

2020-06-09 15:07:35 - [MESSAGE][PASSED] - Attribute 'data-errorqtip' of object 'Object Repository/Objects.HighlightElements/input_field' is: '<ul class="x-list-plain"><li>This field is required</li></ul>'

2020-06-09 15:07:35 - [TEST_STEP][PASSED] - strToolTip = getRqErrMsg.substring(29, 61): null

2020-06-09 15:07:35 - [TEST_STEP][PASSED] - toolTipReqErrMsg = strToolTip.substring(0, 22): null

2020-06-09 15:07:35 - [TEST_STEP][PASSED] - verifyMatch(toolTipReqErrMsg, RqField, true): Actual text 'This field is required' and expected text 'This field is required' are matched  using regular expression

2020-06-09 15:07:35 - [MESSAGE][PASSED] - Actual text 'This field is required' and expected text 'This field is required' are matched  using regular expression

2020-06-09 15:07:35 - [MESSAGE][PASSED] - Call Test Case 'Test Cases/PFI Precision and Scale/PFI Components/RequiredFieldValidation' successfully

2020-06-09 15:07:35 - [TEST_STEP][PASSED] - callTestCase(findTestCase("PFI Precision and Scale/PFI Components/RequiredFieldValidation"), ["nameToBeUsed":"remarks"], STOP_ON_FAILURE): Call Test Case 'Test Cases/PFI Precision and Scale/PFI Components/RequiredFieldValidation' successfully

2020-06-09 15:07:35 - [TEST_CASE][PASSED] - Test Cases/PFI Precision and Scale/PFI Components/RequiredFieldValidation: Test Cases/PFI Precision and Scale/PFI Components/RequiredFieldValidation

2020-06-09 15:07:35 - [TEST_STEP][PASSED] - Thread.sleep(1000): null

2020-06-09 15:07:36 - [TEST_STEP][PASSED] - NewInputNmField = modifyObjectProperty(findTestObject("Objects.HighlightElements/input_field"), "name", "equals", nameToBeUsed, true): Modify property of object successfully

2020-06-09 15:07:36 - [MESSAGE][PASSED] - Modify property of object successfully

2020-06-09 15:07:36 - [TEST_STEP][PASSED] - mouseOver(NewInputNmField): Object: 'Object Repository/Objects.HighlightElements/input_field' is hovered

2020-06-09 15:07:36 - [MESSAGE][PASSED] - Object: 'Object Repository/Objects.HighlightElements/input_field' is hovered

2020-06-09 15:07:36 - [TEST_STEP][PASSED] - getRqErrMsg = getAttribute(NewInputNmField, "data-errorqtip"): Attribute 'data-errorqtip' of object 'Object Repository/Objects.HighlightElements/input_field' is: '<ul class="x-list-plain"><li>This field is required</li></ul>'

2020-06-09 15:07:36 - [MESSAGE][PASSED] - Attribute 'data-errorqtip' of object 'Object Repository/Objects.HighlightElements/input_field' is: '<ul class="x-list-plain"><li>This field is required</li></ul>'

2020-06-09 15:07:36 - [TEST_STEP][PASSED] - strToolTip = getRqErrMsg.substring(29, 61): null

2020-06-09 15:07:36 - [TEST_STEP][PASSED] - toolTipReqErrMsg = strToolTip.substring(0, 22): null

2020-06-09 15:07:36 - [TEST_STEP][PASSED] - verifyMatch(toolTipReqErrMsg, RqField, true): Actual text 'This field is required' and expected text 'This field is required' are matched  using regular expression

2020-06-09 15:07:36 - [MESSAGE][PASSED] - Actual text 'This field is required' and expected text 'This field is required' are matched  using regular expression

2020-06-09 15:07:36 - [MESSAGE][PASSED] - Call Test Case 'Test Cases/PFI Precision and Scale/PFI Components/RequiredFieldValidation' successfully

2020-06-09 15:07:36 - [TEST_STEP][NOT_RUN] - callTestCase(findTestCase("Components/Logout"), ["LogoutPageTextToBeVerified":findTestData("Datatable").getValue("HomeBanner", 1)], STOP_ON_FAILURE): NOT_RUN: callTestCase(findTestCase("Components/Logout"), ["LogoutPageTextToBeVerified":findTestData("Datatable").getValue("HomeBanner", 1)], STOP_ON_FAILURE)

2020-06-09 15:07:36 - [MESSAGE][NOT_RUN] - NOT_RUN: callTestCase(findTestCase("Components/Logout"), ["LogoutPageTextToBeVerified":findTestData("Datatable").getValue("HomeBanner", 1)], STOP_ON_FAILURE)]]></system-out>
         <system-err><![CDATA[]]></system-err>
      </testcase>
      <testcase name="Test Cases/PFI Precision and Scale/PFI Test Cases/Process Case (PFI)/PFI.PELHS" time="177.476" classname="Test Cases/PFI Precision and Scale/PFI Test Cases/Process Case (PFI)/PFI.PELHS" status="PASSED">
         <system-out><![CDATA[2020-06-09 15:07:36 - [TEST_CASE][PASSED] - Test Cases/PFI Precision and Scale/PFI Test Cases/Process Case (PFI)/PFI.PELHS: Test Cases/PFI Precision and Scale/PFI Test Cases/Process Case (PFI)/PFI.PELHS

2020-06-09 15:07:36 - [TEST_STEP][NOT_RUN] - callTestCase(findTestCase("Components/LoginV2.0"), ["LinkToBeUsed":findTestData("Datatable").getValue("URL", 16), "LoginPageTextToBeVerified":findTestData("Datatable").getValue("HomeBanner", 2), ... ], STOP_ON_FAILURE): NOT_RUN: callTestCase(findTestCase("Components/LoginV2.0"), ["LinkToBeUsed":findTestData("Datatable").getValue("URL", 16), "LoginPageTextToBeVerified":findTestData("Datatable").getValue("HomeBanner", 2), ... ], STOP_ON_FAILURE)

2020-06-09 15:07:36 - [MESSAGE][NOT_RUN] - NOT_RUN: callTestCase(findTestCase("Components/LoginV2.0"), ["LinkToBeUsed":findTestData("Datatable").getValue("URL", 16), "LoginPageTextToBeVerified":findTestData("Datatable").getValue("HomeBanner", 2), ... ], STOP_ON_FAILURE)

2020-06-09 15:07:36 - [TEST_STEP][NOT_RUN] - callTestCase(findTestCase("Components/Filter"), ["taskDescription":"Process Case (SM)"], STOP_ON_FAILURE): NOT_RUN: callTestCase(findTestCase("Components/Filter"), ["taskDescription":"Process Case (SM)"], STOP_ON_FAILURE)

2020-06-09 15:07:36 - [MESSAGE][NOT_RUN] - NOT_RUN: callTestCase(findTestCase("Components/Filter"), ["taskDescription":"Process Case (SM)"], STOP_ON_FAILURE)

2020-06-09 15:07:36 - [TEST_STEP][NOT_RUN] - callTestCase(findTestCase("Components/ClickLinkDependingOnTextAndIndex"), ["linkName":"Process Case (SM)", "index":"5"], STOP_ON_FAILURE): NOT_RUN: callTestCase(findTestCase("Components/ClickLinkDependingOnTextAndIndex"), ["linkName":"Process Case (SM)", "index":"5"], STOP_ON_FAILURE)

2020-06-09 15:07:36 - [MESSAGE][NOT_RUN] - NOT_RUN: callTestCase(findTestCase("Components/ClickLinkDependingOnTextAndIndex"), ["linkName":"Process Case (SM)", "index":"5"], STOP_ON_FAILURE)

2020-06-09 15:07:36 - [TEST_STEP][PASSED] - callTestCase(findTestCase("Components/NavigateToAnyLHS"), ["LHS":"PE"], STOP_ON_FAILURE): Call Test Case 'Test Cases/Components/NavigateToAnyLHS' successfully

2020-06-09 15:07:36 - [TEST_CASE][PASSED] - Test Cases/Components/NavigateToAnyLHS: Test Cases/Components/NavigateToAnyLHS

2020-06-09 15:07:36 - [TEST_STEP][PASSED] - Thread.sleep(1000): null

2020-06-09 15:07:37 - [TEST_STEP][PASSED] - modifiedLHS = modifyObjectProperty(findTestObject("Objects.NavigateToAnyLHS/Page_ISPS2/LHSToModify"), "text", "equals", LHS, true): Modify property of object successfully

2020-06-09 15:07:37 - [MESSAGE][PASSED] - Modify property of object successfully

2020-06-09 15:07:37 - [TEST_STEP][PASSED] - click(modifiedLHS): Object: 'Object Repository/Objects.NavigateToAnyLHS/Page_ISPS2/LHSToModify' is clicked on

2020-06-09 15:07:37 - [MESSAGE][PASSED] - Object: 'Object Repository/Objects.NavigateToAnyLHS/Page_ISPS2/LHSToModify' is clicked on

2020-06-09 15:07:37 - [TEST_STEP][PASSED] - currentLHS = getText(modifiedLHS): Text of object 'Object Repository/Objects.NavigateToAnyLHS/Page_ISPS2/LHSToModify' is: 'PE'

2020-06-09 15:07:37 - [MESSAGE][PASSED] - Text of object 'Object Repository/Objects.NavigateToAnyLHS/Page_ISPS2/LHSToModify' is: 'PE'

2020-06-09 15:07:37 - [TEST_STEP][PASSED] - Thread.sleep(5000): null

2020-06-09 15:07:42 - [MESSAGE][PASSED] - Call Test Case 'Test Cases/Components/NavigateToAnyLHS' successfully

2020-06-09 15:07:42 - [TEST_STEP][PASSED] - callTestCase(findTestCase("Components/VerifyPageSuccessfullyLoadedII"), ["PageNm":"PE"], STOP_ON_FAILURE): Call Test Case 'Test Cases/Components/VerifyPageSuccessfullyLoadedII' successfully

2020-06-09 15:07:42 - [TEST_CASE][PASSED] - Test Cases/Components/VerifyPageSuccessfullyLoadedII: Test Cases/Components/VerifyPageSuccessfullyLoadedII

2020-06-09 15:07:42 - [TEST_STEP][PASSED] - waitForPageLoad(5): Wait for page load successfully

2020-06-09 15:07:42 - [MESSAGE][PASSED] - Wait for page load successfully

2020-06-09 15:07:42 - [TEST_STEP][PASSED] - modifiedInputFld = modifyObjectProperty(findTestObject("Object Repository/Objects.VerifyPageSuccessfullyLoaded/PageHeaderIndex"), "xpath", "equals", "//*[contains(@class,'isps-page-title') and contains(text(),'" + PageNm + "')]", true): Modify property of object successfully

2020-06-09 15:07:42 - [MESSAGE][PASSED] - Modify property of object successfully

2020-06-09 15:07:42 - [TEST_STEP][PASSED] - com.reusableComponents.HighlightElement.run(modifiedInputFld): com.reusableComponents.HighlightElement.run is PASSED

2020-06-09 15:07:43 - [MESSAGE][PASSED] - com.reusableComponents.HighlightElement.run is PASSED

2020-06-09 15:07:43 - [MESSAGE][PASSED] - Call Test Case 'Test Cases/Components/VerifyPageSuccessfullyLoadedII' successfully

2020-06-09 15:07:43 - [TEST_STEP][PASSED] - callTestCase(findTestCase("Components/DoubleClickToEnable"), ["HeaderCellName":"Registration No", "index":2], STOP_ON_FAILURE): Call Test Case 'Test Cases/Components/DoubleClickToEnable' successfully

2020-06-09 15:07:43 - [TEST_CASE][PASSED] - Test Cases/Components/DoubleClickToEnable: Test Cases/Components/DoubleClickToEnable

2020-06-09 15:07:43 - [TEST_STEP][PASSED] - Thread.sleep(1000): null

2020-06-09 15:07:44 - [TEST_STEP][PASSED] - modifiedInputField = modifyObjectProperty(findTestObject("Object Repository/Objects.HighlightElements/input_field_index"), "xpath", "equals", "//*[text()='" + HeaderCellName + "']//following::td[" + index + "]", true): Modify property of object successfully

2020-06-09 15:07:44 - [MESSAGE][PASSED] - Modify property of object successfully

2020-06-09 15:07:44 - [TEST_STEP][PASSED] - doubleClick(modifiedInputField): Object: 'Object Repository/Objects.HighlightElements/input_field_index' is double clicked on

2020-06-09 15:07:44 - [MESSAGE][PASSED] - Object: 'Object Repository/Objects.HighlightElements/input_field_index' is double clicked on

2020-06-09 15:07:44 - [MESSAGE][PASSED] - Call Test Case 'Test Cases/Components/DoubleClickToEnable' successfully

2020-06-09 15:07:44 - [TEST_STEP][PASSED] - callTestCase(findTestCase("Components/HighlightInputField"), ["InputFldName":"peRegNo"], STOP_ON_FAILURE): Call Test Case 'Test Cases/Components/HighlightInputField' successfully

2020-06-09 15:07:45 - [TEST_CASE][PASSED] - Test Cases/Components/HighlightInputField: Test Cases/Components/HighlightInputField

2020-06-09 15:07:45 - [TEST_STEP][PASSED] - Thread.sleep(1000): null

2020-06-09 15:07:46 - [TEST_STEP][PASSED] - modifiedLblNm = modifyObjectProperty(findTestObject("Objects.HighlightElements/input_field"), "name", "equals", InputFldName, true): Modify property of object successfully

2020-06-09 15:07:46 - [MESSAGE][PASSED] - Modify property of object successfully

2020-06-09 15:07:46 - [TEST_STEP][PASSED] - com.reusableComponents.HighlightElement.run(modifiedLblNm): com.reusableComponents.HighlightElement.run is PASSED

2020-06-09 15:07:46 - [MESSAGE][PASSED] - com.reusableComponents.HighlightElement.run is PASSED

2020-06-09 15:07:46 - [MESSAGE][PASSED] - Call Test Case 'Test Cases/Components/HighlightInputField' successfully

2020-06-09 15:07:46 - [TEST_STEP][PASSED] - callTestCase(findTestCase("Components/SelectAllThenDelete"), ["tagToBeUsed":"*", "nameToBeUsed":"peRegNo"], STOP_ON_FAILURE): Call Test Case 'Test Cases/Components/SelectAllThenDelete' successfully

2020-06-09 15:07:46 - [TEST_CASE][PASSED] - Test Cases/Components/SelectAllThenDelete: Test Cases/Components/SelectAllThenDelete

2020-06-09 15:07:46 - [TEST_STEP][PASSED] - Thread.sleep(1000): null

2020-06-09 15:07:47 - [TEST_STEP][PASSED] - firstModification = modifyObjectProperty(findTestObject("SendKey/object"), "tag", "equals", tagToBeUsed, false): Modify property of object successfully

2020-06-09 15:07:47 - [MESSAGE][PASSED] - Modify property of object successfully

2020-06-09 15:07:47 - [TEST_STEP][PASSED] - secondModification = modifyObjectProperty(firstModification, "name", "equals", nameToBeUsed, true): Modify property of object successfully

2020-06-09 15:07:47 - [MESSAGE][PASSED] - Modify property of object successfully

2020-06-09 15:07:47 - [TEST_STEP][PASSED] - sendKeys(secondModification, Keys.chord(CONTROL, "a")): Keys 'CONTROL + a' sent to object: 'Object Repository/SendKey/object'

2020-06-09 15:07:47 - [MESSAGE][PASSED] - Keys 'CONTROL + a' sent to object: 'Object Repository/SendKey/object'

2020-06-09 15:07:47 - [TEST_STEP][PASSED] - sendKeys(secondModification, Keys.chord(DELETE)): Keys 'DELETE + ' sent to object: 'Object Repository/SendKey/object'

2020-06-09 15:07:47 - [MESSAGE][PASSED] - Keys 'DELETE + ' sent to object: 'Object Repository/SendKey/object'

2020-06-09 15:07:47 - [MESSAGE][PASSED] - Call Test Case 'Test Cases/Components/SelectAllThenDelete' successfully

2020-06-09 15:07:47 - [TEST_STEP][PASSED] - callTestCase(findTestCase("PFI Precision and Scale/PFI Components/VerifyDropdownValues"), ["FldNm":"peRegNo", "CallTCName":"PFI Precision and Scale/HashMap Tables/PELists", "cmbNm":"PENo", "NoOfVal":10, "DelayTime":8, ... ], STOP_ON_FAILURE): Call Test Case 'Test Cases/PFI Precision and Scale/PFI Components/VerifyDropdownValues' successfully

2020-06-09 15:07:47 - [TEST_CASE][PASSED] - Test Cases/PFI Precision and Scale/PFI Components/VerifyDropdownValues: Test Cases/PFI Precision and Scale/PFI Components/VerifyDropdownValues

2020-06-09 15:07:47 - [TEST_STEP][PASSED] - Thread.sleep(1000): null

2020-06-09 15:07:48 - [TEST_STEP][PASSED] - OutputFile = new java.io.File(DropdownValuesResult.txt): null

2020-06-09 15:07:48 - [TEST_STEP][PASSED] - TimeStamp = new java.util.Date(): null

2020-06-09 15:07:48 - [TEST_STEP][PASSED] - NewInputNmField = modifyObjectProperty(findTestObject("Objects.HighlightElements/input_field"), "name", "equals", FldNm, true): Modify property of object successfully

2020-06-09 15:07:48 - [MESSAGE][PASSED] - Modify property of object successfully

2020-06-09 15:07:48 - [TEST_STEP][PASSED] - comboNm = cmbNm: null

2020-06-09 15:07:48 - [TEST_STEP][PASSED] - focus(NewInputNmField): Object: 'Object Repository/Objects.HighlightElements/input_field' is focused

2020-06-09 15:07:48 - [MESSAGE][PASSED] - Object: 'Object Repository/Objects.HighlightElements/input_field' is focused

2020-06-09 15:07:48 - [TEST_STEP][PASSED] - setText(NewInputNmField, EnterValue): Text '00' is set on object 'Object Repository/Objects.HighlightElements/input_field'

2020-06-09 15:07:48 - [MESSAGE][PASSED] - Text '00' is set on object 'Object Repository/Objects.HighlightElements/input_field'

2020-06-09 15:07:48 - [TEST_STEP][PASSED] - for ([i = 1, i <= NoOfVal, (i++)]): Keys 'DOWN + ' sent to object: 'Object Repository/Objects.HighlightElements/input_field'

2020-06-09 15:07:48 - [TEST_STEP][PASSED] - sendKeys(NewInputNmField, Keys.chord(ARROW_DOWN)): Keys 'DOWN + ' sent to object: 'Object Repository/Objects.HighlightElements/input_field'

2020-06-09 15:07:48 - [MESSAGE][PASSED] - Keys 'DOWN + ' sent to object: 'Object Repository/Objects.HighlightElements/input_field'

2020-06-09 15:07:48 - [TEST_STEP][PASSED] - delay(DelayTime): Delayed 8 second(s)

2020-06-09 15:07:56 - [MESSAGE][PASSED] - Delayed 8 second(s)

2020-06-09 15:07:56 - [TEST_STEP][PASSED] - sendKeys(NewInputNmField, Keys.chord(ENTER)): Keys 'ENTER + ' sent to object: 'Object Repository/Objects.HighlightElements/input_field'

2020-06-09 15:07:56 - [MESSAGE][PASSED] - Keys 'ENTER + ' sent to object: 'Object Repository/Objects.HighlightElements/input_field'

2020-06-09 15:07:56 - [TEST_STEP][PASSED] - ComboBoxValue = getAttribute(NewInputNmField, "value"): Attribute 'value' of object 'Object Repository/Objects.HighlightElements/input_field' is: '0017'

2020-06-09 15:07:57 - [MESSAGE][PASSED] - Attribute 'value' of object 'Object Repository/Objects.HighlightElements/input_field' is: '0017'

2020-06-09 15:07:57 - [TEST_STEP][PASSED] - callTestCase(findTestCase(CallTCName), ["FindValue":ComboBoxValue, "DropdownNm":comboNm], STOP_ON_FAILURE): Call Test Case 'Test Cases/PFI Precision and Scale/HashMap Tables/PELists' successfully

2020-06-09 15:07:57 - [TEST_CASE][PASSED] - Test Cases/PFI Precision and Scale/HashMap Tables/PELists: Test Cases/PFI Precision and Scale/HashMap Tables/PELists

2020-06-09 15:07:57 - [TEST_STEP][PASSED] - Thread.sleep(1000): null

2020-06-09 15:07:58 - [TEST_STEP][PASSED] - PEListsTBL = ["0011":"QP-Formatted Address", "0012":"QP-0012", "0014":"QP-0014", "0015":"QP-0015", "0016":"QP-0016", "3214":"Dummy QP Name 3861", ... ]: null

2020-06-09 15:07:58 - [TEST_STEP][PASSED] - switch (DropdownNm): null

2020-06-09 15:07:58 - [TEST_STEP][PASSED] - case "PENo":: null

2020-06-09 15:07:58 - [TEST_STEP][PASSED] - ValueFound = FindValue + " (" + get(FindValue).toString() + ")": null

2020-06-09 15:07:58 - [TEST_STEP][PASSED] - break: null

2020-06-09 15:07:58 - [MESSAGE][PASSED] - Call Test Case 'Test Cases/PFI Precision and Scale/HashMap Tables/PELists' successfully

2020-06-09 15:07:58 - [TEST_STEP][PASSED] - OutputFile.append("Search Value: " + ComboBoxValue + " " + "Found Value: " + ValueFound + TimeStamp + "
"): null

2020-06-09 15:07:58 - [TEST_STEP][PASSED] - sendKeys(NewInputNmField, Keys.chord(ARROW_DOWN)): Keys 'DOWN + ' sent to object: 'Object Repository/Objects.HighlightElements/input_field'

2020-06-09 15:07:58 - [MESSAGE][PASSED] - Keys 'DOWN + ' sent to object: 'Object Repository/Objects.HighlightElements/input_field'

2020-06-09 15:07:58 - [TEST_STEP][PASSED] - sendKeys(NewInputNmField, Keys.chord(ARROW_DOWN)): Keys 'DOWN + ' sent to object: 'Object Repository/Objects.HighlightElements/input_field'

2020-06-09 15:07:58 - [MESSAGE][PASSED] - Keys 'DOWN + ' sent to object: 'Object Repository/Objects.HighlightElements/input_field'

2020-06-09 15:07:58 - [TEST_STEP][PASSED] - delay(DelayTime): Delayed 8 second(s)

2020-06-09 15:08:06 - [MESSAGE][PASSED] - Delayed 8 second(s)

2020-06-09 15:08:06 - [TEST_STEP][PASSED] - sendKeys(NewInputNmField, Keys.chord(ENTER)): Keys 'ENTER + ' sent to object: 'Object Repository/Objects.HighlightElements/input_field'

2020-06-09 15:08:06 - [MESSAGE][PASSED] - Keys 'ENTER + ' sent to object: 'Object Repository/Objects.HighlightElements/input_field'

2020-06-09 15:08:06 - [TEST_STEP][PASSED] - ComboBoxValue = getAttribute(NewInputNmField, "value"): Attribute 'value' of object 'Object Repository/Objects.HighlightElements/input_field' is: '1123'

2020-06-09 15:08:06 - [MESSAGE][PASSED] - Attribute 'value' of object 'Object Repository/Objects.HighlightElements/input_field' is: '1123'

2020-06-09 15:08:06 - [TEST_STEP][PASSED] - callTestCase(findTestCase(CallTCName), ["FindValue":ComboBoxValue, "DropdownNm":comboNm], STOP_ON_FAILURE): Call Test Case 'Test Cases/PFI Precision and Scale/HashMap Tables/PELists' successfully

2020-06-09 15:08:06 - [TEST_CASE][PASSED] - Test Cases/PFI Precision and Scale/HashMap Tables/PELists: Test Cases/PFI Precision and Scale/HashMap Tables/PELists

2020-06-09 15:08:06 - [TEST_STEP][PASSED] - Thread.sleep(1000): null

2020-06-09 15:08:07 - [TEST_STEP][PASSED] - PEListsTBL = ["0011":"QP-Formatted Address", "0012":"QP-0012", "0014":"QP-0014", "0015":"QP-0015", "0016":"QP-0016", "3214":"Dummy QP Name 3861", ... ]: null

2020-06-09 15:08:07 - [TEST_STEP][PASSED] - switch (DropdownNm): null

2020-06-09 15:08:07 - [TEST_STEP][PASSED] - case "PENo":: null

2020-06-09 15:08:07 - [TEST_STEP][PASSED] - ValueFound = FindValue + " (" + get(FindValue).toString() + ")": null

2020-06-09 15:08:07 - [TEST_STEP][PASSED] - break: null

2020-06-09 15:08:07 - [MESSAGE][PASSED] - Call Test Case 'Test Cases/PFI Precision and Scale/HashMap Tables/PELists' successfully

2020-06-09 15:08:07 - [TEST_STEP][PASSED] - OutputFile.append("Search Value: " + ComboBoxValue + " " + "Found Value: " + ValueFound + TimeStamp + "
"): null

2020-06-09 15:08:07 - [TEST_STEP][PASSED] - sendKeys(NewInputNmField, Keys.chord(ARROW_DOWN)): Keys 'DOWN + ' sent to object: 'Object Repository/Objects.HighlightElements/input_field'

2020-06-09 15:08:07 - [MESSAGE][PASSED] - Keys 'DOWN + ' sent to object: 'Object Repository/Objects.HighlightElements/input_field'

2020-06-09 15:08:07 - [TEST_STEP][PASSED] - sendKeys(NewInputNmField, Keys.chord(ARROW_DOWN)): Keys 'DOWN + ' sent to object: 'Object Repository/Objects.HighlightElements/input_field'

2020-06-09 15:08:07 - [MESSAGE][PASSED] - Keys 'DOWN + ' sent to object: 'Object Repository/Objects.HighlightElements/input_field'

2020-06-09 15:08:07 - [TEST_STEP][PASSED] - delay(DelayTime): Delayed 8 second(s)

2020-06-09 15:08:15 - [MESSAGE][PASSED] - Delayed 8 second(s)

2020-06-09 15:08:15 - [TEST_STEP][PASSED] - sendKeys(NewInputNmField, Keys.chord(ENTER)): Keys 'ENTER + ' sent to object: 'Object Repository/Objects.HighlightElements/input_field'

2020-06-09 15:08:15 - [MESSAGE][PASSED] - Keys 'ENTER + ' sent to object: 'Object Repository/Objects.HighlightElements/input_field'

2020-06-09 15:08:15 - [TEST_STEP][PASSED] - ComboBoxValue = getAttribute(NewInputNmField, "value"): Attribute 'value' of object 'Object Repository/Objects.HighlightElements/input_field' is: '0017'

2020-06-09 15:08:15 - [MESSAGE][PASSED] - Attribute 'value' of object 'Object Repository/Objects.HighlightElements/input_field' is: '0017'

2020-06-09 15:08:15 - [TEST_STEP][PASSED] - callTestCase(findTestCase(CallTCName), ["FindValue":ComboBoxValue, "DropdownNm":comboNm], STOP_ON_FAILURE): Call Test Case 'Test Cases/PFI Precision and Scale/HashMap Tables/PELists' successfully

2020-06-09 15:08:15 - [TEST_CASE][PASSED] - Test Cases/PFI Precision and Scale/HashMap Tables/PELists: Test Cases/PFI Precision and Scale/HashMap Tables/PELists

2020-06-09 15:08:15 - [TEST_STEP][PASSED] - Thread.sleep(1000): null

2020-06-09 15:08:16 - [TEST_STEP][PASSED] - PEListsTBL = ["0011":"QP-Formatted Address", "0012":"QP-0012", "0014":"QP-0014", "0015":"QP-0015", "0016":"QP-0016", "3214":"Dummy QP Name 3861", ... ]: null

2020-06-09 15:08:16 - [TEST_STEP][PASSED] - switch (DropdownNm): null

2020-06-09 15:08:16 - [TEST_STEP][PASSED] - case "PENo":: null

2020-06-09 15:08:16 - [TEST_STEP][PASSED] - ValueFound = FindValue + " (" + get(FindValue).toString() + ")": null

2020-06-09 15:08:16 - [TEST_STEP][PASSED] - break: null

2020-06-09 15:08:16 - [MESSAGE][PASSED] - Call Test Case 'Test Cases/PFI Precision and Scale/HashMap Tables/PELists' successfully

2020-06-09 15:08:16 - [TEST_STEP][PASSED] - OutputFile.append("Search Value: " + ComboBoxValue + " " + "Found Value: " + ValueFound + TimeStamp + "
"): null

2020-06-09 15:08:16 - [TEST_STEP][PASSED] - sendKeys(NewInputNmField, Keys.chord(ARROW_DOWN)): Keys 'DOWN + ' sent to object: 'Object Repository/Objects.HighlightElements/input_field'

2020-06-09 15:08:16 - [MESSAGE][PASSED] - Keys 'DOWN + ' sent to object: 'Object Repository/Objects.HighlightElements/input_field'

2020-06-09 15:08:16 - [TEST_STEP][PASSED] - sendKeys(NewInputNmField, Keys.chord(ARROW_DOWN)): Keys 'DOWN + ' sent to object: 'Object Repository/Objects.HighlightElements/input_field'

2020-06-09 15:08:16 - [MESSAGE][PASSED] - Keys 'DOWN + ' sent to object: 'Object Repository/Objects.HighlightElements/input_field'

2020-06-09 15:08:16 - [TEST_STEP][PASSED] - delay(DelayTime): Delayed 8 second(s)

2020-06-09 15:08:26 - [MESSAGE][PASSED] - Delayed 8 second(s)

2020-06-09 15:08:26 - [TEST_STEP][PASSED] - sendKeys(NewInputNmField, Keys.chord(ENTER)): Keys 'ENTER + ' sent to object: 'Object Repository/Objects.HighlightElements/input_field'

2020-06-09 15:08:26 - [MESSAGE][PASSED] - Keys 'ENTER + ' sent to object: 'Object Repository/Objects.HighlightElements/input_field'

2020-06-09 15:08:26 - [TEST_STEP][PASSED] - ComboBoxValue = getAttribute(NewInputNmField, "value"): Attribute 'value' of object 'Object Repository/Objects.HighlightElements/input_field' is: '0016'

2020-06-09 15:08:26 - [MESSAGE][PASSED] - Attribute 'value' of object 'Object Repository/Objects.HighlightElements/input_field' is: '0016'

2020-06-09 15:08:26 - [TEST_STEP][PASSED] - callTestCase(findTestCase(CallTCName), ["FindValue":ComboBoxValue, "DropdownNm":comboNm], STOP_ON_FAILURE): Call Test Case 'Test Cases/PFI Precision and Scale/HashMap Tables/PELists' successfully

2020-06-09 15:08:26 - [TEST_CASE][PASSED] - Test Cases/PFI Precision and Scale/HashMap Tables/PELists: Test Cases/PFI Precision and Scale/HashMap Tables/PELists

2020-06-09 15:08:26 - [TEST_STEP][PASSED] - Thread.sleep(1000): null

2020-06-09 15:08:27 - [TEST_STEP][PASSED] - PEListsTBL = ["0011":"QP-Formatted Address", "0012":"QP-0012", "0014":"QP-0014", "0015":"QP-0015", "0016":"QP-0016", "3214":"Dummy QP Name 3861", ... ]: null

2020-06-09 15:08:27 - [TEST_STEP][PASSED] - switch (DropdownNm): null

2020-06-09 15:08:27 - [TEST_STEP][PASSED] - case "PENo":: null

2020-06-09 15:08:27 - [TEST_STEP][PASSED] - ValueFound = FindValue + " (" + get(FindValue).toString() + ")": null

2020-06-09 15:08:27 - [TEST_STEP][PASSED] - break: null

2020-06-09 15:08:27 - [MESSAGE][PASSED] - Call Test Case 'Test Cases/PFI Precision and Scale/HashMap Tables/PELists' successfully

2020-06-09 15:08:27 - [TEST_STEP][PASSED] - OutputFile.append("Search Value: " + ComboBoxValue + " " + "Found Value: " + ValueFound + TimeStamp + "
"): null

2020-06-09 15:08:27 - [TEST_STEP][PASSED] - sendKeys(NewInputNmField, Keys.chord(ARROW_DOWN)): Keys 'DOWN + ' sent to object: 'Object Repository/Objects.HighlightElements/input_field'

2020-06-09 15:08:27 - [MESSAGE][PASSED] - Keys 'DOWN + ' sent to object: 'Object Repository/Objects.HighlightElements/input_field'

2020-06-09 15:08:27 - [TEST_STEP][PASSED] - sendKeys(NewInputNmField, Keys.chord(ARROW_DOWN)): Keys 'DOWN + ' sent to object: 'Object Repository/Objects.HighlightElements/input_field'

2020-06-09 15:08:27 - [MESSAGE][PASSED] - Keys 'DOWN + ' sent to object: 'Object Repository/Objects.HighlightElements/input_field'

2020-06-09 15:08:27 - [TEST_STEP][PASSED] - delay(DelayTime): Delayed 8 second(s)

2020-06-09 15:08:35 - [MESSAGE][PASSED] - Delayed 8 second(s)

2020-06-09 15:08:35 - [TEST_STEP][PASSED] - sendKeys(NewInputNmField, Keys.chord(ENTER)): Keys 'ENTER + ' sent to object: 'Object Repository/Objects.HighlightElements/input_field'

2020-06-09 15:08:35 - [MESSAGE][PASSED] - Keys 'ENTER + ' sent to object: 'Object Repository/Objects.HighlightElements/input_field'

2020-06-09 15:08:35 - [TEST_STEP][PASSED] - ComboBoxValue = getAttribute(NewInputNmField, "value"): Attribute 'value' of object 'Object Repository/Objects.HighlightElements/input_field' is: '0015'

2020-06-09 15:08:35 - [MESSAGE][PASSED] - Attribute 'value' of object 'Object Repository/Objects.HighlightElements/input_field' is: '0015'

2020-06-09 15:08:35 - [TEST_STEP][PASSED] - callTestCase(findTestCase(CallTCName), ["FindValue":ComboBoxValue, "DropdownNm":comboNm], STOP_ON_FAILURE): Call Test Case 'Test Cases/PFI Precision and Scale/HashMap Tables/PELists' successfully

2020-06-09 15:08:35 - [TEST_CASE][PASSED] - Test Cases/PFI Precision and Scale/HashMap Tables/PELists: Test Cases/PFI Precision and Scale/HashMap Tables/PELists

2020-06-09 15:08:35 - [TEST_STEP][PASSED] - Thread.sleep(1000): null

2020-06-09 15:08:36 - [TEST_STEP][PASSED] - PEListsTBL = ["0011":"QP-Formatted Address", "0012":"QP-0012", "0014":"QP-0014", "0015":"QP-0015", "0016":"QP-0016", "3214":"Dummy QP Name 3861", ... ]: null

2020-06-09 15:08:36 - [TEST_STEP][PASSED] - switch (DropdownNm): null

2020-06-09 15:08:36 - [TEST_STEP][PASSED] - case "PENo":: null

2020-06-09 15:08:36 - [TEST_STEP][PASSED] - ValueFound = FindValue + " (" + get(FindValue).toString() + ")": null

2020-06-09 15:08:36 - [TEST_STEP][PASSED] - break: null

2020-06-09 15:08:36 - [MESSAGE][PASSED] - Call Test Case 'Test Cases/PFI Precision and Scale/HashMap Tables/PELists' successfully

2020-06-09 15:08:36 - [TEST_STEP][PASSED] - OutputFile.append("Search Value: " + ComboBoxValue + " " + "Found Value: " + ValueFound + TimeStamp + "
"): null

2020-06-09 15:08:36 - [TEST_STEP][PASSED] - sendKeys(NewInputNmField, Keys.chord(ARROW_DOWN)): Keys 'DOWN + ' sent to object: 'Object Repository/Objects.HighlightElements/input_field'

2020-06-09 15:08:36 - [MESSAGE][PASSED] - Keys 'DOWN + ' sent to object: 'Object Repository/Objects.HighlightElements/input_field'

2020-06-09 15:08:36 - [TEST_STEP][PASSED] - sendKeys(NewInputNmField, Keys.chord(ARROW_DOWN)): Keys 'DOWN + ' sent to object: 'Object Repository/Objects.HighlightElements/input_field'

2020-06-09 15:08:36 - [MESSAGE][PASSED] - Keys 'DOWN + ' sent to object: 'Object Repository/Objects.HighlightElements/input_field'

2020-06-09 15:08:36 - [TEST_STEP][PASSED] - delay(DelayTime): Delayed 8 second(s)

2020-06-09 15:08:44 - [MESSAGE][PASSED] - Delayed 8 second(s)

2020-06-09 15:08:44 - [TEST_STEP][PASSED] - sendKeys(NewInputNmField, Keys.chord(ENTER)): Keys 'ENTER + ' sent to object: 'Object Repository/Objects.HighlightElements/input_field'

2020-06-09 15:08:44 - [MESSAGE][PASSED] - Keys 'ENTER + ' sent to object: 'Object Repository/Objects.HighlightElements/input_field'

2020-06-09 15:08:44 - [TEST_STEP][PASSED] - ComboBoxValue = getAttribute(NewInputNmField, "value"): Attribute 'value' of object 'Object Repository/Objects.HighlightElements/input_field' is: '0014'

2020-06-09 15:08:44 - [MESSAGE][PASSED] - Attribute 'value' of object 'Object Repository/Objects.HighlightElements/input_field' is: '0014'

2020-06-09 15:08:44 - [TEST_STEP][PASSED] - callTestCase(findTestCase(CallTCName), ["FindValue":ComboBoxValue, "DropdownNm":comboNm], STOP_ON_FAILURE): Call Test Case 'Test Cases/PFI Precision and Scale/HashMap Tables/PELists' successfully

2020-06-09 15:08:45 - [TEST_CASE][PASSED] - Test Cases/PFI Precision and Scale/HashMap Tables/PELists: Test Cases/PFI Precision and Scale/HashMap Tables/PELists

2020-06-09 15:08:45 - [TEST_STEP][PASSED] - Thread.sleep(1000): null

2020-06-09 15:08:46 - [TEST_STEP][PASSED] - PEListsTBL = ["0011":"QP-Formatted Address", "0012":"QP-0012", "0014":"QP-0014", "0015":"QP-0015", "0016":"QP-0016", "3214":"Dummy QP Name 3861", ... ]: null

2020-06-09 15:08:46 - [TEST_STEP][PASSED] - switch (DropdownNm): null

2020-06-09 15:08:46 - [TEST_STEP][PASSED] - case "PENo":: null

2020-06-09 15:08:46 - [TEST_STEP][PASSED] - ValueFound = FindValue + " (" + get(FindValue).toString() + ")": null

2020-06-09 15:08:46 - [TEST_STEP][PASSED] - break: null

2020-06-09 15:08:46 - [MESSAGE][PASSED] - Call Test Case 'Test Cases/PFI Precision and Scale/HashMap Tables/PELists' successfully

2020-06-09 15:08:46 - [TEST_STEP][PASSED] - OutputFile.append("Search Value: " + ComboBoxValue + " " + "Found Value: " + ValueFound + TimeStamp + "
"): null

2020-06-09 15:08:46 - [TEST_STEP][PASSED] - sendKeys(NewInputNmField, Keys.chord(ARROW_DOWN)): Keys 'DOWN + ' sent to object: 'Object Repository/Objects.HighlightElements/input_field'

2020-06-09 15:08:46 - [MESSAGE][PASSED] - Keys 'DOWN + ' sent to object: 'Object Repository/Objects.HighlightElements/input_field'

2020-06-09 15:08:46 - [TEST_STEP][PASSED] - sendKeys(NewInputNmField, Keys.chord(ARROW_DOWN)): Keys 'DOWN + ' sent to object: 'Object Repository/Objects.HighlightElements/input_field'

2020-06-09 15:08:46 - [MESSAGE][PASSED] - Keys 'DOWN + ' sent to object: 'Object Repository/Objects.HighlightElements/input_field'

2020-06-09 15:08:46 - [TEST_STEP][PASSED] - delay(DelayTime): Delayed 8 second(s)

2020-06-09 15:08:54 - [MESSAGE][PASSED] - Delayed 8 second(s)

2020-06-09 15:08:54 - [TEST_STEP][PASSED] - sendKeys(NewInputNmField, Keys.chord(ENTER)): Keys 'ENTER + ' sent to object: 'Object Repository/Objects.HighlightElements/input_field'

2020-06-09 15:08:54 - [MESSAGE][PASSED] - Keys 'ENTER + ' sent to object: 'Object Repository/Objects.HighlightElements/input_field'

2020-06-09 15:08:54 - [TEST_STEP][PASSED] - ComboBoxValue = getAttribute(NewInputNmField, "value"): Attribute 'value' of object 'Object Repository/Objects.HighlightElements/input_field' is: '0012'

2020-06-09 15:08:54 - [MESSAGE][PASSED] - Attribute 'value' of object 'Object Repository/Objects.HighlightElements/input_field' is: '0012'

2020-06-09 15:08:54 - [TEST_STEP][PASSED] - callTestCase(findTestCase(CallTCName), ["FindValue":ComboBoxValue, "DropdownNm":comboNm], STOP_ON_FAILURE): Call Test Case 'Test Cases/PFI Precision and Scale/HashMap Tables/PELists' successfully

2020-06-09 15:08:54 - [TEST_CASE][PASSED] - Test Cases/PFI Precision and Scale/HashMap Tables/PELists: Test Cases/PFI Precision and Scale/HashMap Tables/PELists

2020-06-09 15:08:54 - [TEST_STEP][PASSED] - Thread.sleep(1000): null

2020-06-09 15:08:55 - [TEST_STEP][PASSED] - PEListsTBL = ["0011":"QP-Formatted Address", "0012":"QP-0012", "0014":"QP-0014", "0015":"QP-0015", "0016":"QP-0016", "3214":"Dummy QP Name 3861", ... ]: null

2020-06-09 15:08:55 - [TEST_STEP][PASSED] - switch (DropdownNm): null

2020-06-09 15:08:55 - [TEST_STEP][PASSED] - case "PENo":: null

2020-06-09 15:08:55 - [TEST_STEP][PASSED] - ValueFound = FindValue + " (" + get(FindValue).toString() + ")": null

2020-06-09 15:08:55 - [TEST_STEP][PASSED] - break: null

2020-06-09 15:08:55 - [MESSAGE][PASSED] - Call Test Case 'Test Cases/PFI Precision and Scale/HashMap Tables/PELists' successfully

2020-06-09 15:08:55 - [TEST_STEP][PASSED] - OutputFile.append("Search Value: " + ComboBoxValue + " " + "Found Value: " + ValueFound + TimeStamp + "
"): null

2020-06-09 15:08:55 - [TEST_STEP][PASSED] - sendKeys(NewInputNmField, Keys.chord(ARROW_DOWN)): Keys 'DOWN + ' sent to object: 'Object Repository/Objects.HighlightElements/input_field'

2020-06-09 15:08:55 - [MESSAGE][PASSED] - Keys 'DOWN + ' sent to object: 'Object Repository/Objects.HighlightElements/input_field'

2020-06-09 15:08:55 - [TEST_STEP][PASSED] - sendKeys(NewInputNmField, Keys.chord(ARROW_DOWN)): Keys 'DOWN + ' sent to object: 'Object Repository/Objects.HighlightElements/input_field'

2020-06-09 15:08:55 - [MESSAGE][PASSED] - Keys 'DOWN + ' sent to object: 'Object Repository/Objects.HighlightElements/input_field'

2020-06-09 15:08:55 - [TEST_STEP][PASSED] - delay(DelayTime): Delayed 8 second(s)

2020-06-09 15:09:03 - [MESSAGE][PASSED] - Delayed 8 second(s)

2020-06-09 15:09:03 - [TEST_STEP][PASSED] - sendKeys(NewInputNmField, Keys.chord(ENTER)): Keys 'ENTER + ' sent to object: 'Object Repository/Objects.HighlightElements/input_field'

2020-06-09 15:09:03 - [MESSAGE][PASSED] - Keys 'ENTER + ' sent to object: 'Object Repository/Objects.HighlightElements/input_field'

2020-06-09 15:09:03 - [TEST_STEP][PASSED] - ComboBoxValue = getAttribute(NewInputNmField, "value"): Attribute 'value' of object 'Object Repository/Objects.HighlightElements/input_field' is: '0011'

2020-06-09 15:09:03 - [MESSAGE][PASSED] - Attribute 'value' of object 'Object Repository/Objects.HighlightElements/input_field' is: '0011'

2020-06-09 15:09:03 - [TEST_STEP][PASSED] - callTestCase(findTestCase(CallTCName), ["FindValue":ComboBoxValue, "DropdownNm":comboNm], STOP_ON_FAILURE): Call Test Case 'Test Cases/PFI Precision and Scale/HashMap Tables/PELists' successfully

2020-06-09 15:09:03 - [TEST_CASE][PASSED] - Test Cases/PFI Precision and Scale/HashMap Tables/PELists: Test Cases/PFI Precision and Scale/HashMap Tables/PELists

2020-06-09 15:09:03 - [TEST_STEP][PASSED] - Thread.sleep(1000): null

2020-06-09 15:09:04 - [TEST_STEP][PASSED] - PEListsTBL = ["0011":"QP-Formatted Address", "0012":"QP-0012", "0014":"QP-0014", "0015":"QP-0015", "0016":"QP-0016", "3214":"Dummy QP Name 3861", ... ]: null

2020-06-09 15:09:04 - [TEST_STEP][PASSED] - switch (DropdownNm): null

2020-06-09 15:09:04 - [TEST_STEP][PASSED] - case "PENo":: null

2020-06-09 15:09:04 - [TEST_STEP][PASSED] - ValueFound = FindValue + " (" + get(FindValue).toString() + ")": null

2020-06-09 15:09:04 - [TEST_STEP][PASSED] - break: null

2020-06-09 15:09:04 - [MESSAGE][PASSED] - Call Test Case 'Test Cases/PFI Precision and Scale/HashMap Tables/PELists' successfully

2020-06-09 15:09:04 - [TEST_STEP][PASSED] - OutputFile.append("Search Value: " + ComboBoxValue + " " + "Found Value: " + ValueFound + TimeStamp + "
"): null

2020-06-09 15:09:04 - [TEST_STEP][PASSED] - sendKeys(NewInputNmField, Keys.chord(ARROW_DOWN)): Keys 'DOWN + ' sent to object: 'Object Repository/Objects.HighlightElements/input_field'

2020-06-09 15:09:04 - [MESSAGE][PASSED] - Keys 'DOWN + ' sent to object: 'Object Repository/Objects.HighlightElements/input_field'

2020-06-09 15:09:04 - [TEST_STEP][PASSED] - sendKeys(NewInputNmField, Keys.chord(ARROW_DOWN)): Keys 'DOWN + ' sent to object: 'Object Repository/Objects.HighlightElements/input_field'

2020-06-09 15:09:04 - [MESSAGE][PASSED] - Keys 'DOWN + ' sent to object: 'Object Repository/Objects.HighlightElements/input_field'

2020-06-09 15:09:04 - [TEST_STEP][PASSED] - delay(DelayTime): Delayed 8 second(s)

2020-06-09 15:09:12 - [MESSAGE][PASSED] - Delayed 8 second(s)

2020-06-09 15:09:12 - [TEST_STEP][PASSED] - sendKeys(NewInputNmField, Keys.chord(ENTER)): Keys 'ENTER + ' sent to object: 'Object Repository/Objects.HighlightElements/input_field'

2020-06-09 15:09:12 - [MESSAGE][PASSED] - Keys 'ENTER + ' sent to object: 'Object Repository/Objects.HighlightElements/input_field'

2020-06-09 15:09:12 - [TEST_STEP][PASSED] - ComboBoxValue = getAttribute(NewInputNmField, "value"): Attribute 'value' of object 'Object Repository/Objects.HighlightElements/input_field' is: '7004'

2020-06-09 15:09:12 - [MESSAGE][PASSED] - Attribute 'value' of object 'Object Repository/Objects.HighlightElements/input_field' is: '7004'

2020-06-09 15:09:12 - [TEST_STEP][PASSED] - callTestCase(findTestCase(CallTCName), ["FindValue":ComboBoxValue, "DropdownNm":comboNm], STOP_ON_FAILURE): Call Test Case 'Test Cases/PFI Precision and Scale/HashMap Tables/PELists' successfully

2020-06-09 15:09:12 - [TEST_CASE][PASSED] - Test Cases/PFI Precision and Scale/HashMap Tables/PELists: Test Cases/PFI Precision and Scale/HashMap Tables/PELists

2020-06-09 15:09:12 - [TEST_STEP][PASSED] - Thread.sleep(1000): null

2020-06-09 15:09:13 - [TEST_STEP][PASSED] - PEListsTBL = ["0011":"QP-Formatted Address", "0012":"QP-0012", "0014":"QP-0014", "0015":"QP-0015", "0016":"QP-0016", "3214":"Dummy QP Name 3861", ... ]: null

2020-06-09 15:09:13 - [TEST_STEP][PASSED] - switch (DropdownNm): null

2020-06-09 15:09:13 - [TEST_STEP][PASSED] - case "PENo":: null

2020-06-09 15:09:13 - [TEST_STEP][PASSED] - ValueFound = FindValue + " (" + get(FindValue).toString() + ")": null

2020-06-09 15:09:13 - [TEST_STEP][PASSED] - break: null

2020-06-09 15:09:13 - [MESSAGE][PASSED] - Call Test Case 'Test Cases/PFI Precision and Scale/HashMap Tables/PELists' successfully

2020-06-09 15:09:13 - [TEST_STEP][PASSED] - OutputFile.append("Search Value: " + ComboBoxValue + " " + "Found Value: " + ValueFound + TimeStamp + "
"): null

2020-06-09 15:09:13 - [TEST_STEP][PASSED] - sendKeys(NewInputNmField, Keys.chord(ARROW_DOWN)): Keys 'DOWN + ' sent to object: 'Object Repository/Objects.HighlightElements/input_field'

2020-06-09 15:09:13 - [MESSAGE][PASSED] - Keys 'DOWN + ' sent to object: 'Object Repository/Objects.HighlightElements/input_field'

2020-06-09 15:09:13 - [TEST_STEP][PASSED] - sendKeys(NewInputNmField, Keys.chord(ARROW_DOWN)): Keys 'DOWN + ' sent to object: 'Object Repository/Objects.HighlightElements/input_field'

2020-06-09 15:09:13 - [MESSAGE][PASSED] - Keys 'DOWN + ' sent to object: 'Object Repository/Objects.HighlightElements/input_field'

2020-06-09 15:09:13 - [TEST_STEP][PASSED] - delay(DelayTime): Delayed 8 second(s)

2020-06-09 15:09:21 - [MESSAGE][PASSED] - Delayed 8 second(s)

2020-06-09 15:09:21 - [TEST_STEP][PASSED] - sendKeys(NewInputNmField, Keys.chord(ENTER)): Keys 'ENTER + ' sent to object: 'Object Repository/Objects.HighlightElements/input_field'

2020-06-09 15:09:21 - [MESSAGE][PASSED] - Keys 'ENTER + ' sent to object: 'Object Repository/Objects.HighlightElements/input_field'

2020-06-09 15:09:21 - [TEST_STEP][PASSED] - ComboBoxValue = getAttribute(NewInputNmField, "value"): Attribute 'value' of object 'Object Repository/Objects.HighlightElements/input_field' is: '0017'

2020-06-09 15:09:21 - [MESSAGE][PASSED] - Attribute 'value' of object 'Object Repository/Objects.HighlightElements/input_field' is: '0017'

2020-06-09 15:09:21 - [TEST_STEP][PASSED] - callTestCase(findTestCase(CallTCName), ["FindValue":ComboBoxValue, "DropdownNm":comboNm], STOP_ON_FAILURE): Call Test Case 'Test Cases/PFI Precision and Scale/HashMap Tables/PELists' successfully

2020-06-09 15:09:21 - [TEST_CASE][PASSED] - Test Cases/PFI Precision and Scale/HashMap Tables/PELists: Test Cases/PFI Precision and Scale/HashMap Tables/PELists

2020-06-09 15:09:21 - [TEST_STEP][PASSED] - Thread.sleep(1000): null

2020-06-09 15:09:22 - [TEST_STEP][PASSED] - PEListsTBL = ["0011":"QP-Formatted Address", "0012":"QP-0012", "0014":"QP-0014", "0015":"QP-0015", "0016":"QP-0016", "3214":"Dummy QP Name 3861", ... ]: null

2020-06-09 15:09:22 - [TEST_STEP][PASSED] - switch (DropdownNm): null

2020-06-09 15:09:22 - [TEST_STEP][PASSED] - case "PENo":: null

2020-06-09 15:09:22 - [TEST_STEP][PASSED] - ValueFound = FindValue + " (" + get(FindValue).toString() + ")": null

2020-06-09 15:09:22 - [TEST_STEP][PASSED] - break: null

2020-06-09 15:09:22 - [MESSAGE][PASSED] - Call Test Case 'Test Cases/PFI Precision and Scale/HashMap Tables/PELists' successfully

2020-06-09 15:09:22 - [TEST_STEP][PASSED] - OutputFile.append("Search Value: " + ComboBoxValue + " " + "Found Value: " + ValueFound + TimeStamp + "
"): null

2020-06-09 15:09:22 - [TEST_STEP][PASSED] - sendKeys(NewInputNmField, Keys.chord(ARROW_DOWN)): Keys 'DOWN + ' sent to object: 'Object Repository/Objects.HighlightElements/input_field'

2020-06-09 15:09:22 - [MESSAGE][PASSED] - Keys 'DOWN + ' sent to object: 'Object Repository/Objects.HighlightElements/input_field'

2020-06-09 15:09:22 - [TEST_STEP][PASSED] - sendKeys(NewInputNmField, Keys.chord(ENTER)): Keys 'ENTER + ' sent to object: 'Object Repository/Objects.HighlightElements/input_field'

2020-06-09 15:09:23 - [MESSAGE][PASSED] - Keys 'ENTER + ' sent to object: 'Object Repository/Objects.HighlightElements/input_field'

2020-06-09 15:09:23 - [MESSAGE][PASSED] - Call Test Case 'Test Cases/PFI Precision and Scale/PFI Components/VerifyDropdownValues' successfully

2020-06-09 15:09:23 - [TEST_STEP][PASSED] - callTestCase(findTestCase("Components/ClickCancelIcon"), [:], STOP_ON_FAILURE): Call Test Case 'Test Cases/Components/ClickCancelIcon' successfully

2020-06-09 15:09:23 - [TEST_CASE][PASSED] - Test Cases/Components/ClickCancelIcon: Test Cases/Components/ClickCancelIcon

2020-06-09 15:09:23 - [TEST_STEP][PASSED] - Thread.sleep(1000): null

2020-06-09 15:09:24 - [TEST_STEP][PASSED] - com.reusableComponents.HighlightElement.run(findTestObject("Object Repository/Objects.ActionButtons/Cancel_Icon")): com.reusableComponents.HighlightElement.run is PASSED

2020-06-09 15:09:24 - [MESSAGE][PASSED] - com.reusableComponents.HighlightElement.run is PASSED

2020-06-09 15:09:24 - [TEST_STEP][PASSED] - click(findTestObject("Object Repository/Objects.ActionButtons/Cancel_Icon")): Object: 'Object Repository/Objects.ActionButtons/Cancel_Icon' is clicked on

2020-06-09 15:09:24 - [MESSAGE][PASSED] - Object: 'Object Repository/Objects.ActionButtons/Cancel_Icon' is clicked on

2020-06-09 15:09:24 - [MESSAGE][PASSED] - Call Test Case 'Test Cases/Components/ClickCancelIcon' successfully

2020-06-09 15:09:24 - [TEST_STEP][PASSED] - callTestCase(findTestCase("Components/DoubleClickToEnable"), ["HeaderCellName":"PE Name", "index":3], STOP_ON_FAILURE): Call Test Case 'Test Cases/Components/DoubleClickToEnable' successfully

2020-06-09 15:09:24 - [TEST_CASE][PASSED] - Test Cases/Components/DoubleClickToEnable: Test Cases/Components/DoubleClickToEnable

2020-06-09 15:09:24 - [TEST_STEP][PASSED] - Thread.sleep(1000): null

2020-06-09 15:09:25 - [TEST_STEP][PASSED] - modifiedInputField = modifyObjectProperty(findTestObject("Object Repository/Objects.HighlightElements/input_field_index"), "xpath", "equals", "//*[text()='" + HeaderCellName + "']//following::td[" + index + "]", true): Modify property of object successfully

2020-06-09 15:09:25 - [MESSAGE][PASSED] - Modify property of object successfully

2020-06-09 15:09:25 - [TEST_STEP][PASSED] - doubleClick(modifiedInputField): Object: 'Object Repository/Objects.HighlightElements/input_field_index' is double clicked on

2020-06-09 15:09:26 - [MESSAGE][PASSED] - Object: 'Object Repository/Objects.HighlightElements/input_field_index' is double clicked on

2020-06-09 15:09:26 - [MESSAGE][PASSED] - Call Test Case 'Test Cases/Components/DoubleClickToEnable' successfully

2020-06-09 15:09:26 - [TEST_STEP][PASSED] - callTestCase(findTestCase("Components/HighlightInputField"), ["InputFldName":"peName"], STOP_ON_FAILURE): Call Test Case 'Test Cases/Components/HighlightInputField' successfully

2020-06-09 15:09:26 - [TEST_CASE][PASSED] - Test Cases/Components/HighlightInputField: Test Cases/Components/HighlightInputField

2020-06-09 15:09:26 - [TEST_STEP][PASSED] - Thread.sleep(1000): null

2020-06-09 15:09:27 - [TEST_STEP][PASSED] - modifiedLblNm = modifyObjectProperty(findTestObject("Objects.HighlightElements/input_field"), "name", "equals", InputFldName, true): Modify property of object successfully

2020-06-09 15:09:27 - [MESSAGE][PASSED] - Modify property of object successfully

2020-06-09 15:09:27 - [TEST_STEP][PASSED] - com.reusableComponents.HighlightElement.run(modifiedLblNm): com.reusableComponents.HighlightElement.run is PASSED

2020-06-09 15:09:27 - [MESSAGE][PASSED] - com.reusableComponents.HighlightElement.run is PASSED

2020-06-09 15:09:27 - [MESSAGE][PASSED] - Call Test Case 'Test Cases/Components/HighlightInputField' successfully

2020-06-09 15:09:27 - [TEST_STEP][PASSED] - callTestCase(findTestCase("Components/SelectAllThenDelete"), ["tagToBeUsed":"*", "nameToBeUsed":"peName"], STOP_ON_FAILURE): Call Test Case 'Test Cases/Components/SelectAllThenDelete' successfully

2020-06-09 15:09:27 - [TEST_CASE][PASSED] - Test Cases/Components/SelectAllThenDelete: Test Cases/Components/SelectAllThenDelete

2020-06-09 15:09:27 - [TEST_STEP][PASSED] - Thread.sleep(1000): null

2020-06-09 15:09:28 - [TEST_STEP][PASSED] - firstModification = modifyObjectProperty(findTestObject("SendKey/object"), "tag", "equals", tagToBeUsed, false): Modify property of object successfully

2020-06-09 15:09:28 - [MESSAGE][PASSED] - Modify property of object successfully

2020-06-09 15:09:28 - [TEST_STEP][PASSED] - secondModification = modifyObjectProperty(firstModification, "name", "equals", nameToBeUsed, true): Modify property of object successfully

2020-06-09 15:09:28 - [MESSAGE][PASSED] - Modify property of object successfully

2020-06-09 15:09:28 - [TEST_STEP][PASSED] - sendKeys(secondModification, Keys.chord(CONTROL, "a")): Keys 'CONTROL + a' sent to object: 'Object Repository/SendKey/object'

2020-06-09 15:09:28 - [MESSAGE][PASSED] - Keys 'CONTROL + a' sent to object: 'Object Repository/SendKey/object'

2020-06-09 15:09:28 - [TEST_STEP][PASSED] - sendKeys(secondModification, Keys.chord(DELETE)): Keys 'DELETE + ' sent to object: 'Object Repository/SendKey/object'

2020-06-09 15:09:28 - [MESSAGE][PASSED] - Keys 'DELETE + ' sent to object: 'Object Repository/SendKey/object'

2020-06-09 15:09:28 - [MESSAGE][PASSED] - Call Test Case 'Test Cases/Components/SelectAllThenDelete' successfully

2020-06-09 15:09:28 - [TEST_STEP][PASSED] - callTestCase(findTestCase("PFI Precision and Scale/PFI Components/VerifyDropdownValues"), ["FldNm":"peName", "CallTCName":"PFI Precision and Scale/HashMap Tables/PELists", "cmbNm":"PEName", "NoOfVal":10, "DelayTime":5, ... ], STOP_ON_FAILURE): Call Test Case 'Test Cases/PFI Precision and Scale/PFI Components/VerifyDropdownValues' successfully

2020-06-09 15:09:28 - [TEST_CASE][PASSED] - Test Cases/PFI Precision and Scale/PFI Components/VerifyDropdownValues: Test Cases/PFI Precision and Scale/PFI Components/VerifyDropdownValues

2020-06-09 15:09:28 - [TEST_STEP][PASSED] - Thread.sleep(1000): null

2020-06-09 15:09:29 - [TEST_STEP][PASSED] - OutputFile = new java.io.File(DropdownValuesResult.txt): null

2020-06-09 15:09:29 - [TEST_STEP][PASSED] - TimeStamp = new java.util.Date(): null

2020-06-09 15:09:29 - [TEST_STEP][PASSED] - NewInputNmField = modifyObjectProperty(findTestObject("Objects.HighlightElements/input_field"), "name", "equals", FldNm, true): Modify property of object successfully

2020-06-09 15:09:29 - [MESSAGE][PASSED] - Modify property of object successfully

2020-06-09 15:09:29 - [TEST_STEP][PASSED] - comboNm = cmbNm: null

2020-06-09 15:09:29 - [TEST_STEP][PASSED] - focus(NewInputNmField): Object: 'Object Repository/Objects.HighlightElements/input_field' is focused

2020-06-09 15:09:29 - [MESSAGE][PASSED] - Object: 'Object Repository/Objects.HighlightElements/input_field' is focused

2020-06-09 15:09:29 - [TEST_STEP][PASSED] - setText(NewInputNmField, EnterValue): Text '' is set on object 'Object Repository/Objects.HighlightElements/input_field'

2020-06-09 15:09:30 - [MESSAGE][PASSED] - Text '' is set on object 'Object Repository/Objects.HighlightElements/input_field'

2020-06-09 15:09:30 - [TEST_STEP][PASSED] - for ([i = 1, i <= NoOfVal, (i++)]): Keys 'DOWN + ' sent to object: 'Object Repository/Objects.HighlightElements/input_field'

2020-06-09 15:09:30 - [TEST_STEP][PASSED] - sendKeys(NewInputNmField, Keys.chord(ARROW_DOWN)): Keys 'DOWN + ' sent to object: 'Object Repository/Objects.HighlightElements/input_field'

2020-06-09 15:09:30 - [MESSAGE][PASSED] - Keys 'DOWN + ' sent to object: 'Object Repository/Objects.HighlightElements/input_field'

2020-06-09 15:09:30 - [TEST_STEP][PASSED] - delay(DelayTime): Delayed 5 second(s)

2020-06-09 15:09:35 - [MESSAGE][PASSED] - Delayed 5 second(s)

2020-06-09 15:09:35 - [TEST_STEP][PASSED] - sendKeys(NewInputNmField, Keys.chord(ENTER)): Keys 'ENTER + ' sent to object: 'Object Repository/Objects.HighlightElements/input_field'

2020-06-09 15:09:35 - [MESSAGE][PASSED] - Keys 'ENTER + ' sent to object: 'Object Repository/Objects.HighlightElements/input_field'

2020-06-09 15:09:35 - [TEST_STEP][PASSED] - ComboBoxValue = getAttribute(NewInputNmField, "value"): Attribute 'value' of object 'Object Repository/Objects.HighlightElements/input_field' is: 'QP1123'

2020-06-09 15:09:35 - [MESSAGE][PASSED] - Attribute 'value' of object 'Object Repository/Objects.HighlightElements/input_field' is: 'QP1123'

2020-06-09 15:09:35 - [TEST_STEP][PASSED] - callTestCase(findTestCase(CallTCName), ["FindValue":ComboBoxValue, "DropdownNm":comboNm], STOP_ON_FAILURE): Call Test Case 'Test Cases/PFI Precision and Scale/HashMap Tables/PELists' successfully

2020-06-09 15:09:35 - [TEST_CASE][PASSED] - Test Cases/PFI Precision and Scale/HashMap Tables/PELists: Test Cases/PFI Precision and Scale/HashMap Tables/PELists

2020-06-09 15:09:35 - [TEST_STEP][PASSED] - Thread.sleep(1000): null

2020-06-09 15:09:36 - [TEST_STEP][PASSED] - PEListsTBL = ["0011":"QP-Formatted Address", "0012":"QP-0012", "0014":"QP-0014", "0015":"QP-0015", "0016":"QP-0016", "3214":"Dummy QP Name 3861", ... ]: null

2020-06-09 15:09:36 - [TEST_STEP][PASSED] - switch (DropdownNm): null

2020-06-09 15:09:36 - [TEST_STEP][PASSED] - case "PEName":: null

2020-06-09 15:09:36 - [TEST_STEP][PASSED] - ValueFound = PEListsTBL.find({ -> ... }): null

2020-06-09 15:09:36 - [TEST_STEP][PASSED] - break: null

2020-06-09 15:09:36 - [MESSAGE][PASSED] - Call Test Case 'Test Cases/PFI Precision and Scale/HashMap Tables/PELists' successfully

2020-06-09 15:09:36 - [TEST_STEP][PASSED] - OutputFile.append("Search Value: " + ComboBoxValue + " " + "Found Value: " + ValueFound + TimeStamp + "
"): null

2020-06-09 15:09:36 - [TEST_STEP][PASSED] - sendKeys(NewInputNmField, Keys.chord(ARROW_DOWN)): Keys 'DOWN + ' sent to object: 'Object Repository/Objects.HighlightElements/input_field'

2020-06-09 15:09:36 - [MESSAGE][PASSED] - Keys 'DOWN + ' sent to object: 'Object Repository/Objects.HighlightElements/input_field'

2020-06-09 15:09:36 - [TEST_STEP][PASSED] - sendKeys(NewInputNmField, Keys.chord(ARROW_DOWN)): Keys 'DOWN + ' sent to object: 'Object Repository/Objects.HighlightElements/input_field'

2020-06-09 15:09:36 - [MESSAGE][PASSED] - Keys 'DOWN + ' sent to object: 'Object Repository/Objects.HighlightElements/input_field'

2020-06-09 15:09:36 - [TEST_STEP][PASSED] - delay(DelayTime): Delayed 5 second(s)

2020-06-09 15:09:41 - [MESSAGE][PASSED] - Delayed 5 second(s)

2020-06-09 15:09:41 - [TEST_STEP][PASSED] - sendKeys(NewInputNmField, Keys.chord(ENTER)): Keys 'ENTER + ' sent to object: 'Object Repository/Objects.HighlightElements/input_field'

2020-06-09 15:09:41 - [MESSAGE][PASSED] - Keys 'ENTER + ' sent to object: 'Object Repository/Objects.HighlightElements/input_field'

2020-06-09 15:09:41 - [TEST_STEP][PASSED] - ComboBoxValue = getAttribute(NewInputNmField, "value"): Attribute 'value' of object 'Object Repository/Objects.HighlightElements/input_field' is: 'QP0017'

2020-06-09 15:09:41 - [MESSAGE][PASSED] - Attribute 'value' of object 'Object Repository/Objects.HighlightElements/input_field' is: 'QP0017'

2020-06-09 15:09:41 - [TEST_STEP][PASSED] - callTestCase(findTestCase(CallTCName), ["FindValue":ComboBoxValue, "DropdownNm":comboNm], STOP_ON_FAILURE): Call Test Case 'Test Cases/PFI Precision and Scale/HashMap Tables/PELists' successfully

2020-06-09 15:09:41 - [TEST_CASE][PASSED] - Test Cases/PFI Precision and Scale/HashMap Tables/PELists: Test Cases/PFI Precision and Scale/HashMap Tables/PELists

2020-06-09 15:09:41 - [TEST_STEP][PASSED] - Thread.sleep(1000): null

2020-06-09 15:09:42 - [TEST_STEP][PASSED] - PEListsTBL = ["0011":"QP-Formatted Address", "0012":"QP-0012", "0014":"QP-0014", "0015":"QP-0015", "0016":"QP-0016", "3214":"Dummy QP Name 3861", ... ]: null

2020-06-09 15:09:42 - [TEST_STEP][PASSED] - switch (DropdownNm): null

2020-06-09 15:09:42 - [TEST_STEP][PASSED] - case "PEName":: null

2020-06-09 15:09:42 - [TEST_STEP][PASSED] - ValueFound = PEListsTBL.find({ -> ... }): null

2020-06-09 15:09:42 - [TEST_STEP][PASSED] - break: null

2020-06-09 15:09:42 - [MESSAGE][PASSED] - Call Test Case 'Test Cases/PFI Precision and Scale/HashMap Tables/PELists' successfully

2020-06-09 15:09:42 - [TEST_STEP][PASSED] - OutputFile.append("Search Value: " + ComboBoxValue + " " + "Found Value: " + ValueFound + TimeStamp + "
"): null

2020-06-09 15:09:42 - [TEST_STEP][PASSED] - sendKeys(NewInputNmField, Keys.chord(ARROW_DOWN)): Keys 'DOWN + ' sent to object: 'Object Repository/Objects.HighlightElements/input_field'

2020-06-09 15:09:42 - [MESSAGE][PASSED] - Keys 'DOWN + ' sent to object: 'Object Repository/Objects.HighlightElements/input_field'

2020-06-09 15:09:42 - [TEST_STEP][PASSED] - sendKeys(NewInputNmField, Keys.chord(ARROW_DOWN)): Keys 'DOWN + ' sent to object: 'Object Repository/Objects.HighlightElements/input_field'

2020-06-09 15:09:42 - [MESSAGE][PASSED] - Keys 'DOWN + ' sent to object: 'Object Repository/Objects.HighlightElements/input_field'

2020-06-09 15:09:42 - [TEST_STEP][PASSED] - delay(DelayTime): Delayed 5 second(s)

2020-06-09 15:09:47 - [MESSAGE][PASSED] - Delayed 5 second(s)

2020-06-09 15:09:47 - [TEST_STEP][PASSED] - sendKeys(NewInputNmField, Keys.chord(ENTER)): Keys 'ENTER + ' sent to object: 'Object Repository/Objects.HighlightElements/input_field'

2020-06-09 15:09:47 - [MESSAGE][PASSED] - Keys 'ENTER + ' sent to object: 'Object Repository/Objects.HighlightElements/input_field'

2020-06-09 15:09:47 - [TEST_STEP][PASSED] - ComboBoxValue = getAttribute(NewInputNmField, "value"): Attribute 'value' of object 'Object Repository/Objects.HighlightElements/input_field' is: 'QP-0016'

2020-06-09 15:09:47 - [MESSAGE][PASSED] - Attribute 'value' of object 'Object Repository/Objects.HighlightElements/input_field' is: 'QP-0016'

2020-06-09 15:09:47 - [TEST_STEP][PASSED] - callTestCase(findTestCase(CallTCName), ["FindValue":ComboBoxValue, "DropdownNm":comboNm], STOP_ON_FAILURE): Call Test Case 'Test Cases/PFI Precision and Scale/HashMap Tables/PELists' successfully

2020-06-09 15:09:47 - [TEST_CASE][PASSED] - Test Cases/PFI Precision and Scale/HashMap Tables/PELists: Test Cases/PFI Precision and Scale/HashMap Tables/PELists

2020-06-09 15:09:47 - [TEST_STEP][PASSED] - Thread.sleep(1000): null

2020-06-09 15:09:48 - [TEST_STEP][PASSED] - PEListsTBL = ["0011":"QP-Formatted Address", "0012":"QP-0012", "0014":"QP-0014", "0015":"QP-0015", "0016":"QP-0016", "3214":"Dummy QP Name 3861", ... ]: null

2020-06-09 15:09:48 - [TEST_STEP][PASSED] - switch (DropdownNm): null

2020-06-09 15:09:48 - [TEST_STEP][PASSED] - case "PEName":: null

2020-06-09 15:09:48 - [TEST_STEP][PASSED] - ValueFound = PEListsTBL.find({ -> ... }): null

2020-06-09 15:09:48 - [TEST_STEP][PASSED] - break: null

2020-06-09 15:09:48 - [MESSAGE][PASSED] - Call Test Case 'Test Cases/PFI Precision and Scale/HashMap Tables/PELists' successfully

2020-06-09 15:09:48 - [TEST_STEP][PASSED] - OutputFile.append("Search Value: " + ComboBoxValue + " " + "Found Value: " + ValueFound + TimeStamp + "
"): null

2020-06-09 15:09:48 - [TEST_STEP][PASSED] - sendKeys(NewInputNmField, Keys.chord(ARROW_DOWN)): Keys 'DOWN + ' sent to object: 'Object Repository/Objects.HighlightElements/input_field'

2020-06-09 15:09:48 - [MESSAGE][PASSED] - Keys 'DOWN + ' sent to object: 'Object Repository/Objects.HighlightElements/input_field'

2020-06-09 15:09:48 - [TEST_STEP][PASSED] - sendKeys(NewInputNmField, Keys.chord(ARROW_DOWN)): Keys 'DOWN + ' sent to object: 'Object Repository/Objects.HighlightElements/input_field'

2020-06-09 15:09:48 - [MESSAGE][PASSED] - Keys 'DOWN + ' sent to object: 'Object Repository/Objects.HighlightElements/input_field'

2020-06-09 15:09:48 - [TEST_STEP][PASSED] - delay(DelayTime): Delayed 5 second(s)

2020-06-09 15:09:53 - [MESSAGE][PASSED] - Delayed 5 second(s)

2020-06-09 15:09:53 - [TEST_STEP][PASSED] - sendKeys(NewInputNmField, Keys.chord(ENTER)): Keys 'ENTER + ' sent to object: 'Object Repository/Objects.HighlightElements/input_field'

2020-06-09 15:09:53 - [MESSAGE][PASSED] - Keys 'ENTER + ' sent to object: 'Object Repository/Objects.HighlightElements/input_field'

2020-06-09 15:09:53 - [TEST_STEP][PASSED] - ComboBoxValue = getAttribute(NewInputNmField, "value"): Attribute 'value' of object 'Object Repository/Objects.HighlightElements/input_field' is: 'QP-0015'

2020-06-09 15:09:53 - [MESSAGE][PASSED] - Attribute 'value' of object 'Object Repository/Objects.HighlightElements/input_field' is: 'QP-0015'

2020-06-09 15:09:53 - [TEST_STEP][PASSED] - callTestCase(findTestCase(CallTCName), ["FindValue":ComboBoxValue, "DropdownNm":comboNm], STOP_ON_FAILURE): Call Test Case 'Test Cases/PFI Precision and Scale/HashMap Tables/PELists' successfully

2020-06-09 15:09:53 - [TEST_CASE][PASSED] - Test Cases/PFI Precision and Scale/HashMap Tables/PELists: Test Cases/PFI Precision and Scale/HashMap Tables/PELists

2020-06-09 15:09:53 - [TEST_STEP][PASSED] - Thread.sleep(1000): null

2020-06-09 15:09:54 - [TEST_STEP][PASSED] - PEListsTBL = ["0011":"QP-Formatted Address", "0012":"QP-0012", "0014":"QP-0014", "0015":"QP-0015", "0016":"QP-0016", "3214":"Dummy QP Name 3861", ... ]: null

2020-06-09 15:09:54 - [TEST_STEP][PASSED] - switch (DropdownNm): null

2020-06-09 15:09:54 - [TEST_STEP][PASSED] - case "PEName":: null

2020-06-09 15:09:54 - [TEST_STEP][PASSED] - ValueFound = PEListsTBL.find({ -> ... }): null

2020-06-09 15:09:54 - [TEST_STEP][PASSED] - break: null

2020-06-09 15:09:54 - [MESSAGE][PASSED] - Call Test Case 'Test Cases/PFI Precision and Scale/HashMap Tables/PELists' successfully

2020-06-09 15:09:54 - [TEST_STEP][PASSED] - OutputFile.append("Search Value: " + ComboBoxValue + " " + "Found Value: " + ValueFound + TimeStamp + "
"): null

2020-06-09 15:09:54 - [TEST_STEP][PASSED] - sendKeys(NewInputNmField, Keys.chord(ARROW_DOWN)): Keys 'DOWN + ' sent to object: 'Object Repository/Objects.HighlightElements/input_field'

2020-06-09 15:09:54 - [MESSAGE][PASSED] - Keys 'DOWN + ' sent to object: 'Object Repository/Objects.HighlightElements/input_field'

2020-06-09 15:09:54 - [TEST_STEP][PASSED] - sendKeys(NewInputNmField, Keys.chord(ARROW_DOWN)): Keys 'DOWN + ' sent to object: 'Object Repository/Objects.HighlightElements/input_field'

2020-06-09 15:09:54 - [MESSAGE][PASSED] - Keys 'DOWN + ' sent to object: 'Object Repository/Objects.HighlightElements/input_field'

2020-06-09 15:09:54 - [TEST_STEP][PASSED] - delay(DelayTime): Delayed 5 second(s)

2020-06-09 15:09:59 - [MESSAGE][PASSED] - Delayed 5 second(s)

2020-06-09 15:09:59 - [TEST_STEP][PASSED] - sendKeys(NewInputNmField, Keys.chord(ENTER)): Keys 'ENTER + ' sent to object: 'Object Repository/Objects.HighlightElements/input_field'

2020-06-09 15:10:00 - [MESSAGE][PASSED] - Keys 'ENTER + ' sent to object: 'Object Repository/Objects.HighlightElements/input_field'

2020-06-09 15:10:00 - [TEST_STEP][PASSED] - ComboBoxValue = getAttribute(NewInputNmField, "value"): Attribute 'value' of object 'Object Repository/Objects.HighlightElements/input_field' is: 'QP-0014'

2020-06-09 15:10:00 - [MESSAGE][PASSED] - Attribute 'value' of object 'Object Repository/Objects.HighlightElements/input_field' is: 'QP-0014'

2020-06-09 15:10:00 - [TEST_STEP][PASSED] - callTestCase(findTestCase(CallTCName), ["FindValue":ComboBoxValue, "DropdownNm":comboNm], STOP_ON_FAILURE): Call Test Case 'Test Cases/PFI Precision and Scale/HashMap Tables/PELists' successfully

2020-06-09 15:10:00 - [TEST_CASE][PASSED] - Test Cases/PFI Precision and Scale/HashMap Tables/PELists: Test Cases/PFI Precision and Scale/HashMap Tables/PELists

2020-06-09 15:10:00 - [TEST_STEP][PASSED] - Thread.sleep(1000): null

2020-06-09 15:10:01 - [TEST_STEP][PASSED] - PEListsTBL = ["0011":"QP-Formatted Address", "0012":"QP-0012", "0014":"QP-0014", "0015":"QP-0015", "0016":"QP-0016", "3214":"Dummy QP Name 3861", ... ]: null

2020-06-09 15:10:01 - [TEST_STEP][PASSED] - switch (DropdownNm): null

2020-06-09 15:10:01 - [TEST_STEP][PASSED] - case "PEName":: null

2020-06-09 15:10:01 - [TEST_STEP][PASSED] - ValueFound = PEListsTBL.find({ -> ... }): null

2020-06-09 15:10:01 - [TEST_STEP][PASSED] - break: null

2020-06-09 15:10:01 - [MESSAGE][PASSED] - Call Test Case 'Test Cases/PFI Precision and Scale/HashMap Tables/PELists' successfully

2020-06-09 15:10:01 - [TEST_STEP][PASSED] - OutputFile.append("Search Value: " + ComboBoxValue + " " + "Found Value: " + ValueFound + TimeStamp + "
"): null

2020-06-09 15:10:01 - [TEST_STEP][PASSED] - sendKeys(NewInputNmField, Keys.chord(ARROW_DOWN)): Keys 'DOWN + ' sent to object: 'Object Repository/Objects.HighlightElements/input_field'

2020-06-09 15:10:01 - [MESSAGE][PASSED] - Keys 'DOWN + ' sent to object: 'Object Repository/Objects.HighlightElements/input_field'

2020-06-09 15:10:01 - [TEST_STEP][PASSED] - sendKeys(NewInputNmField, Keys.chord(ARROW_DOWN)): Keys 'DOWN + ' sent to object: 'Object Repository/Objects.HighlightElements/input_field'

2020-06-09 15:10:01 - [MESSAGE][PASSED] - Keys 'DOWN + ' sent to object: 'Object Repository/Objects.HighlightElements/input_field'

2020-06-09 15:10:01 - [TEST_STEP][PASSED] - delay(DelayTime): Delayed 5 second(s)

2020-06-09 15:10:06 - [MESSAGE][PASSED] - Delayed 5 second(s)

2020-06-09 15:10:06 - [TEST_STEP][PASSED] - sendKeys(NewInputNmField, Keys.chord(ENTER)): Keys 'ENTER + ' sent to object: 'Object Repository/Objects.HighlightElements/input_field'

2020-06-09 15:10:06 - [MESSAGE][PASSED] - Keys 'ENTER + ' sent to object: 'Object Repository/Objects.HighlightElements/input_field'

2020-06-09 15:10:06 - [TEST_STEP][PASSED] - ComboBoxValue = getAttribute(NewInputNmField, "value"): Attribute 'value' of object 'Object Repository/Objects.HighlightElements/input_field' is: 'QP-0012'

2020-06-09 15:10:06 - [MESSAGE][PASSED] - Attribute 'value' of object 'Object Repository/Objects.HighlightElements/input_field' is: 'QP-0012'

2020-06-09 15:10:06 - [TEST_STEP][PASSED] - callTestCase(findTestCase(CallTCName), ["FindValue":ComboBoxValue, "DropdownNm":comboNm], STOP_ON_FAILURE): Call Test Case 'Test Cases/PFI Precision and Scale/HashMap Tables/PELists' successfully

2020-06-09 15:10:06 - [TEST_CASE][PASSED] - Test Cases/PFI Precision and Scale/HashMap Tables/PELists: Test Cases/PFI Precision and Scale/HashMap Tables/PELists

2020-06-09 15:10:06 - [TEST_STEP][PASSED] - Thread.sleep(1000): null

2020-06-09 15:10:07 - [TEST_STEP][PASSED] - PEListsTBL = ["0011":"QP-Formatted Address", "0012":"QP-0012", "0014":"QP-0014", "0015":"QP-0015", "0016":"QP-0016", "3214":"Dummy QP Name 3861", ... ]: null

2020-06-09 15:10:07 - [TEST_STEP][PASSED] - switch (DropdownNm): null

2020-06-09 15:10:07 - [TEST_STEP][PASSED] - case "PEName":: null

2020-06-09 15:10:07 - [TEST_STEP][PASSED] - ValueFound = PEListsTBL.find({ -> ... }): null

2020-06-09 15:10:07 - [TEST_STEP][PASSED] - break: null

2020-06-09 15:10:07 - [MESSAGE][PASSED] - Call Test Case 'Test Cases/PFI Precision and Scale/HashMap Tables/PELists' successfully

2020-06-09 15:10:07 - [TEST_STEP][PASSED] - OutputFile.append("Search Value: " + ComboBoxValue + " " + "Found Value: " + ValueFound + TimeStamp + "
"): null

2020-06-09 15:10:07 - [TEST_STEP][PASSED] - sendKeys(NewInputNmField, Keys.chord(ARROW_DOWN)): Keys 'DOWN + ' sent to object: 'Object Repository/Objects.HighlightElements/input_field'

2020-06-09 15:10:07 - [MESSAGE][PASSED] - Keys 'DOWN + ' sent to object: 'Object Repository/Objects.HighlightElements/input_field'

2020-06-09 15:10:07 - [TEST_STEP][PASSED] - sendKeys(NewInputNmField, Keys.chord(ARROW_DOWN)): Keys 'DOWN + ' sent to object: 'Object Repository/Objects.HighlightElements/input_field'

2020-06-09 15:10:07 - [MESSAGE][PASSED] - Keys 'DOWN + ' sent to object: 'Object Repository/Objects.HighlightElements/input_field'

2020-06-09 15:10:07 - [TEST_STEP][PASSED] - delay(DelayTime): Delayed 5 second(s)

2020-06-09 15:10:12 - [MESSAGE][PASSED] - Delayed 5 second(s)

2020-06-09 15:10:12 - [TEST_STEP][PASSED] - sendKeys(NewInputNmField, Keys.chord(ENTER)): Keys 'ENTER + ' sent to object: 'Object Repository/Objects.HighlightElements/input_field'

2020-06-09 15:10:12 - [MESSAGE][PASSED] - Keys 'ENTER + ' sent to object: 'Object Repository/Objects.HighlightElements/input_field'

2020-06-09 15:10:12 - [TEST_STEP][PASSED] - ComboBoxValue = getAttribute(NewInputNmField, "value"): Attribute 'value' of object 'Object Repository/Objects.HighlightElements/input_field' is: 'QP-Formatted Address'

2020-06-09 15:10:12 - [MESSAGE][PASSED] - Attribute 'value' of object 'Object Repository/Objects.HighlightElements/input_field' is: 'QP-Formatted Address'

2020-06-09 15:10:12 - [TEST_STEP][PASSED] - callTestCase(findTestCase(CallTCName), ["FindValue":ComboBoxValue, "DropdownNm":comboNm], STOP_ON_FAILURE): Call Test Case 'Test Cases/PFI Precision and Scale/HashMap Tables/PELists' successfully

2020-06-09 15:10:12 - [TEST_CASE][PASSED] - Test Cases/PFI Precision and Scale/HashMap Tables/PELists: Test Cases/PFI Precision and Scale/HashMap Tables/PELists

2020-06-09 15:10:12 - [TEST_STEP][PASSED] - Thread.sleep(1000): null

2020-06-09 15:10:13 - [TEST_STEP][PASSED] - PEListsTBL = ["0011":"QP-Formatted Address", "0012":"QP-0012", "0014":"QP-0014", "0015":"QP-0015", "0016":"QP-0016", "3214":"Dummy QP Name 3861", ... ]: null

2020-06-09 15:10:13 - [TEST_STEP][PASSED] - switch (DropdownNm): null

2020-06-09 15:10:13 - [TEST_STEP][PASSED] - case "PEName":: null

2020-06-09 15:10:13 - [TEST_STEP][PASSED] - ValueFound = PEListsTBL.find({ -> ... }): null

2020-06-09 15:10:13 - [TEST_STEP][PASSED] - break: null

2020-06-09 15:10:13 - [MESSAGE][PASSED] - Call Test Case 'Test Cases/PFI Precision and Scale/HashMap Tables/PELists' successfully

2020-06-09 15:10:13 - [TEST_STEP][PASSED] - OutputFile.append("Search Value: " + ComboBoxValue + " " + "Found Value: " + ValueFound + TimeStamp + "
"): null

2020-06-09 15:10:13 - [TEST_STEP][PASSED] - sendKeys(NewInputNmField, Keys.chord(ARROW_DOWN)): Keys 'DOWN + ' sent to object: 'Object Repository/Objects.HighlightElements/input_field'

2020-06-09 15:10:13 - [MESSAGE][PASSED] - Keys 'DOWN + ' sent to object: 'Object Repository/Objects.HighlightElements/input_field'

2020-06-09 15:10:13 - [TEST_STEP][PASSED] - sendKeys(NewInputNmField, Keys.chord(ARROW_DOWN)): Keys 'DOWN + ' sent to object: 'Object Repository/Objects.HighlightElements/input_field'

2020-06-09 15:10:13 - [MESSAGE][PASSED] - Keys 'DOWN + ' sent to object: 'Object Repository/Objects.HighlightElements/input_field'

2020-06-09 15:10:13 - [TEST_STEP][PASSED] - delay(DelayTime): Delayed 5 second(s)

2020-06-09 15:10:18 - [MESSAGE][PASSED] - Delayed 5 second(s)

2020-06-09 15:10:18 - [TEST_STEP][PASSED] - sendKeys(NewInputNmField, Keys.chord(ENTER)): Keys 'ENTER + ' sent to object: 'Object Repository/Objects.HighlightElements/input_field'

2020-06-09 15:10:18 - [MESSAGE][PASSED] - Keys 'ENTER + ' sent to object: 'Object Repository/Objects.HighlightElements/input_field'

2020-06-09 15:10:18 - [TEST_STEP][PASSED] - ComboBoxValue = getAttribute(NewInputNmField, "value"): Attribute 'value' of object 'Object Repository/Objects.HighlightElements/input_field' is: 'QP-7004'

2020-06-09 15:10:18 - [MESSAGE][PASSED] - Attribute 'value' of object 'Object Repository/Objects.HighlightElements/input_field' is: 'QP-7004'

2020-06-09 15:10:18 - [TEST_STEP][PASSED] - callTestCase(findTestCase(CallTCName), ["FindValue":ComboBoxValue, "DropdownNm":comboNm], STOP_ON_FAILURE): Call Test Case 'Test Cases/PFI Precision and Scale/HashMap Tables/PELists' successfully

2020-06-09 15:10:18 - [TEST_CASE][PASSED] - Test Cases/PFI Precision and Scale/HashMap Tables/PELists: Test Cases/PFI Precision and Scale/HashMap Tables/PELists

2020-06-09 15:10:18 - [TEST_STEP][PASSED] - Thread.sleep(1000): null

2020-06-09 15:10:19 - [TEST_STEP][PASSED] - PEListsTBL = ["0011":"QP-Formatted Address", "0012":"QP-0012", "0014":"QP-0014", "0015":"QP-0015", "0016":"QP-0016", "3214":"Dummy QP Name 3861", ... ]: null

2020-06-09 15:10:19 - [TEST_STEP][PASSED] - switch (DropdownNm): null

2020-06-09 15:10:19 - [TEST_STEP][PASSED] - case "PEName":: null

2020-06-09 15:10:19 - [TEST_STEP][PASSED] - ValueFound = PEListsTBL.find({ -> ... }): null

2020-06-09 15:10:19 - [TEST_STEP][PASSED] - break: null

2020-06-09 15:10:19 - [MESSAGE][PASSED] - Call Test Case 'Test Cases/PFI Precision and Scale/HashMap Tables/PELists' successfully

2020-06-09 15:10:19 - [TEST_STEP][PASSED] - OutputFile.append("Search Value: " + ComboBoxValue + " " + "Found Value: " + ValueFound + TimeStamp + "
"): null

2020-06-09 15:10:19 - [TEST_STEP][PASSED] - sendKeys(NewInputNmField, Keys.chord(ARROW_DOWN)): Keys 'DOWN + ' sent to object: 'Object Repository/Objects.HighlightElements/input_field'

2020-06-09 15:10:19 - [MESSAGE][PASSED] - Keys 'DOWN + ' sent to object: 'Object Repository/Objects.HighlightElements/input_field'

2020-06-09 15:10:19 - [TEST_STEP][PASSED] - sendKeys(NewInputNmField, Keys.chord(ARROW_DOWN)): Keys 'DOWN + ' sent to object: 'Object Repository/Objects.HighlightElements/input_field'

2020-06-09 15:10:19 - [MESSAGE][PASSED] - Keys 'DOWN + ' sent to object: 'Object Repository/Objects.HighlightElements/input_field'

2020-06-09 15:10:19 - [TEST_STEP][PASSED] - delay(DelayTime): Delayed 5 second(s)

2020-06-09 15:10:24 - [MESSAGE][PASSED] - Delayed 5 second(s)

2020-06-09 15:10:24 - [TEST_STEP][PASSED] - sendKeys(NewInputNmField, Keys.chord(ENTER)): Keys 'ENTER + ' sent to object: 'Object Repository/Objects.HighlightElements/input_field'

2020-06-09 15:10:24 - [MESSAGE][PASSED] - Keys 'ENTER + ' sent to object: 'Object Repository/Objects.HighlightElements/input_field'

2020-06-09 15:10:24 - [TEST_STEP][PASSED] - ComboBoxValue = getAttribute(NewInputNmField, "value"): Attribute 'value' of object 'Object Repository/Objects.HighlightElements/input_field' is: 'Janet Waters'

2020-06-09 15:10:24 - [MESSAGE][PASSED] - Attribute 'value' of object 'Object Repository/Objects.HighlightElements/input_field' is: 'Janet Waters'

2020-06-09 15:10:24 - [TEST_STEP][PASSED] - callTestCase(findTestCase(CallTCName), ["FindValue":ComboBoxValue, "DropdownNm":comboNm], STOP_ON_FAILURE): Call Test Case 'Test Cases/PFI Precision and Scale/HashMap Tables/PELists' successfully

2020-06-09 15:10:25 - [TEST_CASE][PASSED] - Test Cases/PFI Precision and Scale/HashMap Tables/PELists: Test Cases/PFI Precision and Scale/HashMap Tables/PELists

2020-06-09 15:10:25 - [TEST_STEP][PASSED] - Thread.sleep(1000): null

2020-06-09 15:10:26 - [TEST_STEP][PASSED] - PEListsTBL = ["0011":"QP-Formatted Address", "0012":"QP-0012", "0014":"QP-0014", "0015":"QP-0015", "0016":"QP-0016", "3214":"Dummy QP Name 3861", ... ]: null

2020-06-09 15:10:26 - [TEST_STEP][PASSED] - switch (DropdownNm): null

2020-06-09 15:10:26 - [TEST_STEP][PASSED] - case "PEName":: null

2020-06-09 15:10:26 - [TEST_STEP][PASSED] - ValueFound = PEListsTBL.find({ -> ... }): null

2020-06-09 15:10:26 - [TEST_STEP][PASSED] - break: null

2020-06-09 15:10:26 - [MESSAGE][PASSED] - Call Test Case 'Test Cases/PFI Precision and Scale/HashMap Tables/PELists' successfully

2020-06-09 15:10:26 - [TEST_STEP][PASSED] - OutputFile.append("Search Value: " + ComboBoxValue + " " + "Found Value: " + ValueFound + TimeStamp + "
"): null

2020-06-09 15:10:26 - [TEST_STEP][PASSED] - sendKeys(NewInputNmField, Keys.chord(ARROW_DOWN)): Keys 'DOWN + ' sent to object: 'Object Repository/Objects.HighlightElements/input_field'

2020-06-09 15:10:26 - [MESSAGE][PASSED] - Keys 'DOWN + ' sent to object: 'Object Repository/Objects.HighlightElements/input_field'

2020-06-09 15:10:26 - [TEST_STEP][PASSED] - sendKeys(NewInputNmField, Keys.chord(ARROW_DOWN)): Keys 'DOWN + ' sent to object: 'Object Repository/Objects.HighlightElements/input_field'

2020-06-09 15:10:26 - [MESSAGE][PASSED] - Keys 'DOWN + ' sent to object: 'Object Repository/Objects.HighlightElements/input_field'

2020-06-09 15:10:26 - [TEST_STEP][PASSED] - delay(DelayTime): Delayed 5 second(s)

2020-06-09 15:10:31 - [MESSAGE][PASSED] - Delayed 5 second(s)

2020-06-09 15:10:31 - [TEST_STEP][PASSED] - sendKeys(NewInputNmField, Keys.chord(ENTER)): Keys 'ENTER + ' sent to object: 'Object Repository/Objects.HighlightElements/input_field'

2020-06-09 15:10:31 - [MESSAGE][PASSED] - Keys 'ENTER + ' sent to object: 'Object Repository/Objects.HighlightElements/input_field'

2020-06-09 15:10:31 - [TEST_STEP][PASSED] - ComboBoxValue = getAttribute(NewInputNmField, "value"): Attribute 'value' of object 'Object Repository/Objects.HighlightElements/input_field' is: 'Mrs. Mikayla Romaguera Sr.'

2020-06-09 15:10:31 - [MESSAGE][PASSED] - Attribute 'value' of object 'Object Repository/Objects.HighlightElements/input_field' is: 'Mrs. Mikayla Romaguera Sr.'

2020-06-09 15:10:31 - [TEST_STEP][PASSED] - callTestCase(findTestCase(CallTCName), ["FindValue":ComboBoxValue, "DropdownNm":comboNm], STOP_ON_FAILURE): Call Test Case 'Test Cases/PFI Precision and Scale/HashMap Tables/PELists' successfully

2020-06-09 15:10:31 - [TEST_CASE][PASSED] - Test Cases/PFI Precision and Scale/HashMap Tables/PELists: Test Cases/PFI Precision and Scale/HashMap Tables/PELists

2020-06-09 15:10:31 - [TEST_STEP][PASSED] - Thread.sleep(1000): null

2020-06-09 15:10:32 - [TEST_STEP][PASSED] - PEListsTBL = ["0011":"QP-Formatted Address", "0012":"QP-0012", "0014":"QP-0014", "0015":"QP-0015", "0016":"QP-0016", "3214":"Dummy QP Name 3861", ... ]: null

2020-06-09 15:10:32 - [TEST_STEP][PASSED] - switch (DropdownNm): null

2020-06-09 15:10:32 - [TEST_STEP][PASSED] - case "PEName":: null

2020-06-09 15:10:32 - [TEST_STEP][PASSED] - ValueFound = PEListsTBL.find({ -> ... }): null

2020-06-09 15:10:32 - [TEST_STEP][PASSED] - break: null

2020-06-09 15:10:32 - [MESSAGE][PASSED] - Call Test Case 'Test Cases/PFI Precision and Scale/HashMap Tables/PELists' successfully

2020-06-09 15:10:32 - [TEST_STEP][PASSED] - OutputFile.append("Search Value: " + ComboBoxValue + " " + "Found Value: " + ValueFound + TimeStamp + "
"): null

2020-06-09 15:10:32 - [TEST_STEP][PASSED] - sendKeys(NewInputNmField, Keys.chord(ARROW_DOWN)): Keys 'DOWN + ' sent to object: 'Object Repository/Objects.HighlightElements/input_field'

2020-06-09 15:10:32 - [MESSAGE][PASSED] - Keys 'DOWN + ' sent to object: 'Object Repository/Objects.HighlightElements/input_field'

2020-06-09 15:10:32 - [TEST_STEP][PASSED] - sendKeys(NewInputNmField, Keys.chord(ENTER)): Keys 'ENTER + ' sent to object: 'Object Repository/Objects.HighlightElements/input_field'

2020-06-09 15:10:32 - [MESSAGE][PASSED] - Keys 'ENTER + ' sent to object: 'Object Repository/Objects.HighlightElements/input_field'

2020-06-09 15:10:32 - [MESSAGE][PASSED] - Call Test Case 'Test Cases/PFI Precision and Scale/PFI Components/VerifyDropdownValues' successfully

2020-06-09 15:10:32 - [TEST_STEP][PASSED] - callTestCase(findTestCase("Components/ClickCancelIcon"), [:], STOP_ON_FAILURE): Call Test Case 'Test Cases/Components/ClickCancelIcon' successfully

2020-06-09 15:10:32 - [TEST_CASE][PASSED] - Test Cases/Components/ClickCancelIcon: Test Cases/Components/ClickCancelIcon

2020-06-09 15:10:32 - [TEST_STEP][PASSED] - Thread.sleep(1000): null

2020-06-09 15:10:33 - [TEST_STEP][PASSED] - com.reusableComponents.HighlightElement.run(findTestObject("Object Repository/Objects.ActionButtons/Cancel_Icon")): com.reusableComponents.HighlightElement.run is PASSED

2020-06-09 15:10:33 - [MESSAGE][PASSED] - com.reusableComponents.HighlightElement.run is PASSED

2020-06-09 15:10:33 - [TEST_STEP][PASSED] - click(findTestObject("Object Repository/Objects.ActionButtons/Cancel_Icon")): Object: 'Object Repository/Objects.ActionButtons/Cancel_Icon' is clicked on

2020-06-09 15:10:33 - [MESSAGE][PASSED] - Object: 'Object Repository/Objects.ActionButtons/Cancel_Icon' is clicked on

2020-06-09 15:10:33 - [MESSAGE][PASSED] - Call Test Case 'Test Cases/Components/ClickCancelIcon' successfully

2020-06-09 15:10:33 - [TEST_STEP][NOT_RUN] - callTestCase(findTestCase("Components/Logout"), ["LogoutPageTextToBeVerified":findTestData("Datatable").getValue("HomeBanner", 2)], STOP_ON_FAILURE): NOT_RUN: callTestCase(findTestCase("Components/Logout"), ["LogoutPageTextToBeVerified":findTestData("Datatable").getValue("HomeBanner", 2)], STOP_ON_FAILURE)

2020-06-09 15:10:33 - [MESSAGE][NOT_RUN] - NOT_RUN: callTestCase(findTestCase("Components/Logout"), ["LogoutPageTextToBeVerified":findTestData("Datatable").getValue("HomeBanner", 2)], STOP_ON_FAILURE)]]></system-out>
         <system-err><![CDATA[]]></system-err>
      </testcase>
      <testcase name="Test Cases/PFI Precision and Scale/PFI Test Cases/Process Case (PFI)/PFI.D2FormsLHS" time="123.643" classname="Test Cases/PFI Precision and Scale/PFI Test Cases/Process Case (PFI)/PFI.D2FormsLHS" status="PASSED">
         <system-out><![CDATA[2020-06-09 15:10:33 - [TEST_CASE][PASSED] - Test Cases/PFI Precision and Scale/PFI Test Cases/Process Case (PFI)/PFI.D2FormsLHS: Test Cases/PFI Precision and Scale/PFI Test Cases/Process Case (PFI)/PFI.D2FormsLHS

2020-06-09 15:10:34 - [TEST_STEP][NOT_RUN] - callTestCase(findTestCase("Components/LoginV2.0"), ["LinkToBeUsed":findTestData("Datatable").getValue("URL", 16), "LoginPageTextToBeVerified":findTestData("Datatable").getValue("HomeBanner", 2), ... ], STOP_ON_FAILURE): NOT_RUN: callTestCase(findTestCase("Components/LoginV2.0"), ["LinkToBeUsed":findTestData("Datatable").getValue("URL", 16), "LoginPageTextToBeVerified":findTestData("Datatable").getValue("HomeBanner", 2), ... ], STOP_ON_FAILURE)

2020-06-09 15:10:34 - [MESSAGE][NOT_RUN] - NOT_RUN: callTestCase(findTestCase("Components/LoginV2.0"), ["LinkToBeUsed":findTestData("Datatable").getValue("URL", 16), "LoginPageTextToBeVerified":findTestData("Datatable").getValue("HomeBanner", 2), ... ], STOP_ON_FAILURE)

2020-06-09 15:10:34 - [TEST_STEP][NOT_RUN] - callTestCase(findTestCase("Components/Filter"), ["taskDescription":"Process Case (SM)"], STOP_ON_FAILURE): NOT_RUN: callTestCase(findTestCase("Components/Filter"), ["taskDescription":"Process Case (SM)"], STOP_ON_FAILURE)

2020-06-09 15:10:34 - [MESSAGE][NOT_RUN] - NOT_RUN: callTestCase(findTestCase("Components/Filter"), ["taskDescription":"Process Case (SM)"], STOP_ON_FAILURE)

2020-06-09 15:10:34 - [TEST_STEP][NOT_RUN] - callTestCase(findTestCase("Components/ClickLinkDependingOnTextAndIndex"), ["linkName":"Process Case (SM)", "index":"2"], STOP_ON_FAILURE): NOT_RUN: callTestCase(findTestCase("Components/ClickLinkDependingOnTextAndIndex"), ["linkName":"Process Case (SM)", "index":"2"], STOP_ON_FAILURE)

2020-06-09 15:10:34 - [MESSAGE][NOT_RUN] - NOT_RUN: callTestCase(findTestCase("Components/ClickLinkDependingOnTextAndIndex"), ["linkName":"Process Case (SM)", "index":"2"], STOP_ON_FAILURE)

2020-06-09 15:10:34 - [TEST_STEP][PASSED] - callTestCase(findTestCase("Components/NavigateToAnyLHS"), ["LHS":"D2 Forms (Second Stage)"], STOP_ON_FAILURE): Call Test Case 'Test Cases/Components/NavigateToAnyLHS' successfully

2020-06-09 15:10:34 - [TEST_CASE][PASSED] - Test Cases/Components/NavigateToAnyLHS: Test Cases/Components/NavigateToAnyLHS

2020-06-09 15:10:34 - [TEST_STEP][PASSED] - Thread.sleep(1000): null

2020-06-09 15:10:35 - [TEST_STEP][PASSED] - modifiedLHS = modifyObjectProperty(findTestObject("Objects.NavigateToAnyLHS/Page_ISPS2/LHSToModify"), "text", "equals", LHS, true): Modify property of object successfully

2020-06-09 15:10:35 - [MESSAGE][PASSED] - Modify property of object successfully

2020-06-09 15:10:35 - [TEST_STEP][PASSED] - click(modifiedLHS): Object: 'Object Repository/Objects.NavigateToAnyLHS/Page_ISPS2/LHSToModify' is clicked on

2020-06-09 15:10:35 - [MESSAGE][PASSED] - Object: 'Object Repository/Objects.NavigateToAnyLHS/Page_ISPS2/LHSToModify' is clicked on

2020-06-09 15:10:35 - [TEST_STEP][PASSED] - currentLHS = getText(modifiedLHS): Text of object 'Object Repository/Objects.NavigateToAnyLHS/Page_ISPS2/LHSToModify' is: 'D2 Forms (Second Stage)'

2020-06-09 15:10:35 - [MESSAGE][PASSED] - Text of object 'Object Repository/Objects.NavigateToAnyLHS/Page_ISPS2/LHSToModify' is: 'D2 Forms (Second Stage)'

2020-06-09 15:10:35 - [TEST_STEP][PASSED] - Thread.sleep(5000): null

2020-06-09 15:10:40 - [MESSAGE][PASSED] - Call Test Case 'Test Cases/Components/NavigateToAnyLHS' successfully

2020-06-09 15:10:40 - [TEST_STEP][PASSED] - callTestCase(findTestCase("Components/VerifyPageSuccessfullyLoadedII"), ["PageNm":"D Forms (Second Stage)"], STOP_ON_FAILURE): Call Test Case 'Test Cases/Components/VerifyPageSuccessfullyLoadedII' successfully

2020-06-09 15:10:40 - [TEST_CASE][PASSED] - Test Cases/Components/VerifyPageSuccessfullyLoadedII: Test Cases/Components/VerifyPageSuccessfullyLoadedII

2020-06-09 15:10:40 - [TEST_STEP][PASSED] - waitForPageLoad(5): Wait for page load successfully

2020-06-09 15:10:40 - [MESSAGE][PASSED] - Wait for page load successfully

2020-06-09 15:10:40 - [TEST_STEP][PASSED] - modifiedInputFld = modifyObjectProperty(findTestObject("Object Repository/Objects.VerifyPageSuccessfullyLoaded/PageHeaderIndex"), "xpath", "equals", "//*[contains(@class,'isps-page-title') and contains(text(),'" + PageNm + "')]", true): Modify property of object successfully

2020-06-09 15:10:40 - [MESSAGE][PASSED] - Modify property of object successfully

2020-06-09 15:10:40 - [TEST_STEP][PASSED] - com.reusableComponents.HighlightElement.run(modifiedInputFld): com.reusableComponents.HighlightElement.run is PASSED

2020-06-09 15:10:40 - [MESSAGE][PASSED] - com.reusableComponents.HighlightElement.run is PASSED

2020-06-09 15:10:40 - [MESSAGE][PASSED] - Call Test Case 'Test Cases/Components/VerifyPageSuccessfullyLoadedII' successfully

2020-06-09 15:10:40 - [TEST_STEP][PASSED] - callTestCase(findTestCase("Components/ClickSubmitButton"), [:], STOP_ON_FAILURE): Call Test Case 'Test Cases/Components/ClickSubmitButton' successfully

2020-06-09 15:10:40 - [TEST_CASE][PASSED] - Test Cases/Components/ClickSubmitButton: Test Cases/Components/ClickSubmitButton

2020-06-09 15:10:41 - [TEST_STEP][PASSED] - Thread.sleep(1000): null

2020-06-09 15:10:42 - [TEST_STEP][PASSED] - com.reusableComponents.HighlightElement.run(findTestObject("Objects.ClickSubmitButton/XP_SubmitButton")): com.reusableComponents.HighlightElement.run is PASSED

2020-06-09 15:10:42 - [MESSAGE][PASSED] - com.reusableComponents.HighlightElement.run is PASSED

2020-06-09 15:10:42 - [TEST_STEP][PASSED] - click(findTestObject("Objects.ClickSubmitButton/XP_SubmitButton")): Object: 'Object Repository/Objects.ClickSubmitButton/XP_SubmitButton' is clicked on

2020-06-09 15:10:42 - [MESSAGE][PASSED] - Object: 'Object Repository/Objects.ClickSubmitButton/XP_SubmitButton' is clicked on

2020-06-09 15:10:42 - [MESSAGE][PASSED] - Call Test Case 'Test Cases/Components/ClickSubmitButton' successfully

2020-06-09 15:10:42 - [TEST_STEP][PASSED] - callTestCase(findTestCase("PFI Precision and Scale/PFI Components/RequiredFieldValidation"), ["nameToBeUsed":"d2RecvDt"], STOP_ON_FAILURE): Call Test Case 'Test Cases/PFI Precision and Scale/PFI Components/RequiredFieldValidation' successfully

2020-06-09 15:10:42 - [TEST_CASE][PASSED] - Test Cases/PFI Precision and Scale/PFI Components/RequiredFieldValidation: Test Cases/PFI Precision and Scale/PFI Components/RequiredFieldValidation

2020-06-09 15:10:42 - [TEST_STEP][PASSED] - Thread.sleep(1000): null

2020-06-09 15:10:43 - [TEST_STEP][PASSED] - NewInputNmField = modifyObjectProperty(findTestObject("Objects.HighlightElements/input_field"), "name", "equals", nameToBeUsed, true): Modify property of object successfully

2020-06-09 15:10:43 - [MESSAGE][PASSED] - Modify property of object successfully

2020-06-09 15:10:43 - [TEST_STEP][PASSED] - mouseOver(NewInputNmField): Object: 'Object Repository/Objects.HighlightElements/input_field' is hovered

2020-06-09 15:10:43 - [MESSAGE][PASSED] - Object: 'Object Repository/Objects.HighlightElements/input_field' is hovered

2020-06-09 15:10:43 - [TEST_STEP][PASSED] - getRqErrMsg = getAttribute(NewInputNmField, "data-errorqtip"): Attribute 'data-errorqtip' of object 'Object Repository/Objects.HighlightElements/input_field' is: '<ul class="x-list-plain"><li>This field is required</li></ul>'

2020-06-09 15:10:43 - [MESSAGE][PASSED] - Attribute 'data-errorqtip' of object 'Object Repository/Objects.HighlightElements/input_field' is: '<ul class="x-list-plain"><li>This field is required</li></ul>'

2020-06-09 15:10:43 - [TEST_STEP][PASSED] - strToolTip = getRqErrMsg.substring(29, 61): null

2020-06-09 15:10:43 - [TEST_STEP][PASSED] - toolTipReqErrMsg = strToolTip.substring(0, 22): null

2020-06-09 15:10:43 - [TEST_STEP][PASSED] - verifyMatch(toolTipReqErrMsg, RqField, true): Actual text 'This field is required' and expected text 'This field is required' are matched  using regular expression

2020-06-09 15:10:43 - [MESSAGE][PASSED] - Actual text 'This field is required' and expected text 'This field is required' are matched  using regular expression

2020-06-09 15:10:43 - [MESSAGE][PASSED] - Call Test Case 'Test Cases/PFI Precision and Scale/PFI Components/RequiredFieldValidation' successfully

2020-06-09 15:10:43 - [TEST_STEP][PASSED] - callTestCase(findTestCase("PFI Precision and Scale/PFI Components/RequiredFieldValidation"), ["nameToBeUsed":"d2ComplDt"], STOP_ON_FAILURE): Call Test Case 'Test Cases/PFI Precision and Scale/PFI Components/RequiredFieldValidation' successfully

2020-06-09 15:10:44 - [TEST_CASE][PASSED] - Test Cases/PFI Precision and Scale/PFI Components/RequiredFieldValidation: Test Cases/PFI Precision and Scale/PFI Components/RequiredFieldValidation

2020-06-09 15:10:44 - [TEST_STEP][PASSED] - Thread.sleep(1000): null

2020-06-09 15:10:45 - [TEST_STEP][PASSED] - NewInputNmField = modifyObjectProperty(findTestObject("Objects.HighlightElements/input_field"), "name", "equals", nameToBeUsed, true): Modify property of object successfully

2020-06-09 15:10:45 - [MESSAGE][PASSED] - Modify property of object successfully

2020-06-09 15:10:45 - [TEST_STEP][PASSED] - mouseOver(NewInputNmField): Object: 'Object Repository/Objects.HighlightElements/input_field' is hovered

2020-06-09 15:10:45 - [MESSAGE][PASSED] - Object: 'Object Repository/Objects.HighlightElements/input_field' is hovered

2020-06-09 15:10:45 - [TEST_STEP][PASSED] - getRqErrMsg = getAttribute(NewInputNmField, "data-errorqtip"): Attribute 'data-errorqtip' of object 'Object Repository/Objects.HighlightElements/input_field' is: '<ul class="x-list-plain"><li>This field is required</li></ul>'

2020-06-09 15:10:45 - [MESSAGE][PASSED] - Attribute 'data-errorqtip' of object 'Object Repository/Objects.HighlightElements/input_field' is: '<ul class="x-list-plain"><li>This field is required</li></ul>'

2020-06-09 15:10:45 - [TEST_STEP][PASSED] - strToolTip = getRqErrMsg.substring(29, 61): null

2020-06-09 15:10:45 - [TEST_STEP][PASSED] - toolTipReqErrMsg = strToolTip.substring(0, 22): null

2020-06-09 15:10:45 - [TEST_STEP][PASSED] - verifyMatch(toolTipReqErrMsg, RqField, true): Actual text 'This field is required' and expected text 'This field is required' are matched  using regular expression

2020-06-09 15:10:45 - [MESSAGE][PASSED] - Actual text 'This field is required' and expected text 'This field is required' are matched  using regular expression

2020-06-09 15:10:45 - [MESSAGE][PASSED] - Call Test Case 'Test Cases/PFI Precision and Scale/PFI Components/RequiredFieldValidation' successfully

2020-06-09 15:10:45 - [TEST_STEP][PASSED] - callTestCase(findTestCase("PFI Precision and Scale/PFI Components/RequiredFieldValidation"), ["nameToBeUsed":"d2aRecvDt"], STOP_ON_FAILURE): Call Test Case 'Test Cases/PFI Precision and Scale/PFI Components/RequiredFieldValidation' successfully

2020-06-09 15:10:45 - [TEST_CASE][PASSED] - Test Cases/PFI Precision and Scale/PFI Components/RequiredFieldValidation: Test Cases/PFI Precision and Scale/PFI Components/RequiredFieldValidation

2020-06-09 15:10:45 - [TEST_STEP][PASSED] - Thread.sleep(1000): null

2020-06-09 15:10:46 - [TEST_STEP][PASSED] - NewInputNmField = modifyObjectProperty(findTestObject("Objects.HighlightElements/input_field"), "name", "equals", nameToBeUsed, true): Modify property of object successfully

2020-06-09 15:10:46 - [MESSAGE][PASSED] - Modify property of object successfully

2020-06-09 15:10:46 - [TEST_STEP][PASSED] - mouseOver(NewInputNmField): Object: 'Object Repository/Objects.HighlightElements/input_field' is hovered

2020-06-09 15:10:46 - [MESSAGE][PASSED] - Object: 'Object Repository/Objects.HighlightElements/input_field' is hovered

2020-06-09 15:10:46 - [TEST_STEP][PASSED] - getRqErrMsg = getAttribute(NewInputNmField, "data-errorqtip"): Attribute 'data-errorqtip' of object 'Object Repository/Objects.HighlightElements/input_field' is: '<ul class="x-list-plain"><li>This field is required</li></ul>'

2020-06-09 15:10:46 - [MESSAGE][PASSED] - Attribute 'data-errorqtip' of object 'Object Repository/Objects.HighlightElements/input_field' is: '<ul class="x-list-plain"><li>This field is required</li></ul>'

2020-06-09 15:10:46 - [TEST_STEP][PASSED] - strToolTip = getRqErrMsg.substring(29, 61): null

2020-06-09 15:10:46 - [TEST_STEP][PASSED] - toolTipReqErrMsg = strToolTip.substring(0, 22): null

2020-06-09 15:10:46 - [TEST_STEP][PASSED] - verifyMatch(toolTipReqErrMsg, RqField, true): Actual text 'This field is required' and expected text 'This field is required' are matched  using regular expression

2020-06-09 15:10:46 - [MESSAGE][PASSED] - Actual text 'This field is required' and expected text 'This field is required' are matched  using regular expression

2020-06-09 15:10:46 - [MESSAGE][PASSED] - Call Test Case 'Test Cases/PFI Precision and Scale/PFI Components/RequiredFieldValidation' successfully

2020-06-09 15:10:46 - [TEST_STEP][PASSED] - callTestCase(findTestCase("PFI Precision and Scale/PFI Components/RequiredFieldValidation"), ["nameToBeUsed":"d2aComplDt"], STOP_ON_FAILURE): Call Test Case 'Test Cases/PFI Precision and Scale/PFI Components/RequiredFieldValidation' successfully

2020-06-09 15:10:46 - [TEST_CASE][PASSED] - Test Cases/PFI Precision and Scale/PFI Components/RequiredFieldValidation: Test Cases/PFI Precision and Scale/PFI Components/RequiredFieldValidation

2020-06-09 15:10:46 - [TEST_STEP][PASSED] - Thread.sleep(1000): null

2020-06-09 15:10:47 - [TEST_STEP][PASSED] - NewInputNmField = modifyObjectProperty(findTestObject("Objects.HighlightElements/input_field"), "name", "equals", nameToBeUsed, true): Modify property of object successfully

2020-06-09 15:10:47 - [MESSAGE][PASSED] - Modify property of object successfully

2020-06-09 15:10:47 - [TEST_STEP][PASSED] - mouseOver(NewInputNmField): Object: 'Object Repository/Objects.HighlightElements/input_field' is hovered

2020-06-09 15:10:47 - [MESSAGE][PASSED] - Object: 'Object Repository/Objects.HighlightElements/input_field' is hovered

2020-06-09 15:10:47 - [TEST_STEP][PASSED] - getRqErrMsg = getAttribute(NewInputNmField, "data-errorqtip"): Attribute 'data-errorqtip' of object 'Object Repository/Objects.HighlightElements/input_field' is: '<ul class="x-list-plain"><li>This field is required</li></ul>'

2020-06-09 15:10:47 - [MESSAGE][PASSED] - Attribute 'data-errorqtip' of object 'Object Repository/Objects.HighlightElements/input_field' is: '<ul class="x-list-plain"><li>This field is required</li></ul>'

2020-06-09 15:10:47 - [TEST_STEP][PASSED] - strToolTip = getRqErrMsg.substring(29, 61): null

2020-06-09 15:10:47 - [TEST_STEP][PASSED] - toolTipReqErrMsg = strToolTip.substring(0, 22): null

2020-06-09 15:10:47 - [TEST_STEP][PASSED] - verifyMatch(toolTipReqErrMsg, RqField, true): Actual text 'This field is required' and expected text 'This field is required' are matched  using regular expression

2020-06-09 15:10:47 - [MESSAGE][PASSED] - Actual text 'This field is required' and expected text 'This field is required' are matched  using regular expression

2020-06-09 15:10:47 - [MESSAGE][PASSED] - Call Test Case 'Test Cases/PFI Precision and Scale/PFI Components/RequiredFieldValidation' successfully

2020-06-09 15:10:47 - [TEST_STEP][PASSED] - callTestCase(findTestCase("PFI Precision and Scale/PFI Components/RequiredFieldValidation"), ["nameToBeUsed":"peRegNbr"], STOP_ON_FAILURE): Call Test Case 'Test Cases/PFI Precision and Scale/PFI Components/RequiredFieldValidation' successfully

2020-06-09 15:10:47 - [TEST_CASE][PASSED] - Test Cases/PFI Precision and Scale/PFI Components/RequiredFieldValidation: Test Cases/PFI Precision and Scale/PFI Components/RequiredFieldValidation

2020-06-09 15:10:47 - [TEST_STEP][PASSED] - Thread.sleep(1000): null

2020-06-09 15:10:48 - [TEST_STEP][PASSED] - NewInputNmField = modifyObjectProperty(findTestObject("Objects.HighlightElements/input_field"), "name", "equals", nameToBeUsed, true): Modify property of object successfully

2020-06-09 15:10:48 - [MESSAGE][PASSED] - Modify property of object successfully

2020-06-09 15:10:48 - [TEST_STEP][PASSED] - mouseOver(NewInputNmField): Object: 'Object Repository/Objects.HighlightElements/input_field' is hovered

2020-06-09 15:10:49 - [MESSAGE][PASSED] - Object: 'Object Repository/Objects.HighlightElements/input_field' is hovered

2020-06-09 15:10:49 - [TEST_STEP][PASSED] - getRqErrMsg = getAttribute(NewInputNmField, "data-errorqtip"): Attribute 'data-errorqtip' of object 'Object Repository/Objects.HighlightElements/input_field' is: '<ul class="x-list-plain"><li>This field is required</li></ul>'

2020-06-09 15:10:49 - [MESSAGE][PASSED] - Attribute 'data-errorqtip' of object 'Object Repository/Objects.HighlightElements/input_field' is: '<ul class="x-list-plain"><li>This field is required</li></ul>'

2020-06-09 15:10:49 - [TEST_STEP][PASSED] - strToolTip = getRqErrMsg.substring(29, 61): null

2020-06-09 15:10:49 - [TEST_STEP][PASSED] - toolTipReqErrMsg = strToolTip.substring(0, 22): null

2020-06-09 15:10:49 - [TEST_STEP][PASSED] - verifyMatch(toolTipReqErrMsg, RqField, true): Actual text 'This field is required' and expected text 'This field is required' are matched  using regular expression

2020-06-09 15:10:49 - [MESSAGE][PASSED] - Actual text 'This field is required' and expected text 'This field is required' are matched  using regular expression

2020-06-09 15:10:49 - [MESSAGE][PASSED] - Call Test Case 'Test Cases/PFI Precision and Scale/PFI Components/RequiredFieldValidation' successfully

2020-06-09 15:10:49 - [TEST_STEP][PASSED] - callTestCase(findTestCase("Components/HighlightLabelField"), ["LblName":"Inspection D2 Receive Date *:"], STOP_ON_FAILURE): Call Test Case 'Test Cases/Components/HighlightLabelField' successfully

2020-06-09 15:10:49 - [TEST_CASE][PASSED] - Test Cases/Components/HighlightLabelField: Test Cases/Components/HighlightLabelField

2020-06-09 15:10:49 - [TEST_STEP][PASSED] - Thread.sleep(1000): null

2020-06-09 15:10:50 - [TEST_STEP][PASSED] - modifiedLblNm = modifyObjectProperty(findTestObject("Objects.HighlightElements/lblField"), "text", "equals", LblName, true): Modify property of object successfully

2020-06-09 15:10:50 - [MESSAGE][PASSED] - Modify property of object successfully

2020-06-09 15:10:50 - [TEST_STEP][PASSED] - com.reusableComponents.HighlightElement.run(modifiedLblNm): com.reusableComponents.HighlightElement.run is PASSED

2020-06-09 15:10:50 - [MESSAGE][PASSED] - com.reusableComponents.HighlightElement.run is PASSED

2020-06-09 15:10:50 - [MESSAGE][PASSED] - Call Test Case 'Test Cases/Components/HighlightLabelField' successfully

2020-06-09 15:10:50 - [TEST_STEP][PASSED] - callTestCase(findTestCase("Components/HighlightInputField"), ["InputFldName":"d2RecvDt"], STOP_ON_FAILURE): Call Test Case 'Test Cases/Components/HighlightInputField' successfully

2020-06-09 15:10:50 - [TEST_CASE][PASSED] - Test Cases/Components/HighlightInputField: Test Cases/Components/HighlightInputField

2020-06-09 15:10:50 - [TEST_STEP][PASSED] - Thread.sleep(1000): null

2020-06-09 15:10:51 - [TEST_STEP][PASSED] - modifiedLblNm = modifyObjectProperty(findTestObject("Objects.HighlightElements/input_field"), "name", "equals", InputFldName, true): Modify property of object successfully

2020-06-09 15:10:51 - [MESSAGE][PASSED] - Modify property of object successfully

2020-06-09 15:10:51 - [TEST_STEP][PASSED] - com.reusableComponents.HighlightElement.run(modifiedLblNm): com.reusableComponents.HighlightElement.run is PASSED

2020-06-09 15:10:52 - [MESSAGE][PASSED] - com.reusableComponents.HighlightElement.run is PASSED

2020-06-09 15:10:52 - [MESSAGE][PASSED] - Call Test Case 'Test Cases/Components/HighlightInputField' successfully

2020-06-09 15:10:52 - [TEST_STEP][PASSED] - callTestCase(findTestCase("PFI Precision and Scale/PFI Components/NumericTextboxValidationII"), ["nameToBeUsed":"d2RecvDt", "minLen":5], STOP_ON_FAILURE): Call Test Case 'Test Cases/PFI Precision and Scale/PFI Components/NumericTextboxValidationII' successfully

2020-06-09 15:10:52 - [TEST_CASE][PASSED] - Test Cases/PFI Precision and Scale/PFI Components/NumericTextboxValidationII: Test Cases/PFI Precision and Scale/PFI Components/NumericTextboxValidationII

2020-06-09 15:10:52 - [TEST_STEP][PASSED] - Thread.sleep(1000): null

2020-06-09 15:10:53 - [TEST_STEP][PASSED] - Numeric = "0123456789": null

2020-06-09 15:10:53 - [TEST_STEP][PASSED] - AlphaSpecialChar = z) + "`~!@#$%^&*()=_{}|\][;'":,?><"".join(): null

2020-06-09 15:10:53 - [TEST_STEP][PASSED] - RandomNumeric = RandomStringUtils.random(minLen, Numeric.toCharArray()): null

2020-06-09 15:10:53 - [TEST_STEP][PASSED] - RandomString = RandomStringUtils.random(minLen, AlphaSpecialChar): null

2020-06-09 15:10:53 - [TEST_STEP][PASSED] - regexPat = Pattern.compile("^[0-9]+$"): null

2020-06-09 15:10:53 - [TEST_STEP][PASSED] - NewInputNmField = modifyObjectProperty(findTestObject("Objects.RemarksValidation/input_Remarks"), "name", "equals", nameToBeUsed, true): Modify property of object successfully

2020-06-09 15:10:53 - [MESSAGE][PASSED] - Modify property of object successfully

2020-06-09 15:10:53 - [TEST_STEP][PASSED] - focus(NewInputNmField): Object: 'Object Repository/Objects.RemarksValidation/input_Remarks' is focused

2020-06-09 15:10:53 - [MESSAGE][PASSED] - Object: 'Object Repository/Objects.RemarksValidation/input_Remarks' is focused

2020-06-09 15:10:53 - [TEST_STEP][PASSED] - setText(NewInputNmField, RandomString): Text 'mr"]}' is set on object 'Object Repository/Objects.RemarksValidation/input_Remarks'

2020-06-09 15:10:53 - [MESSAGE][PASSED] - Text 'mr"]}' is set on object 'Object Repository/Objects.RemarksValidation/input_Remarks'

2020-06-09 15:10:53 - [TEST_STEP][PASSED] - GetInputVal = getAttribute(NewInputNmField, "value"): Attribute 'value' of object 'Object Repository/Objects.RemarksValidation/input_Remarks' is: ''

2020-06-09 15:10:53 - [MESSAGE][PASSED] - Attribute 'value' of object 'Object Repository/Objects.RemarksValidation/input_Remarks' is: ''

2020-06-09 15:10:53 - [TEST_STEP][PASSED] - if (GetInputVal.contains("e")): null

2020-06-09 15:10:53 - [TEST_STEP][PASSED] - else: Actual text '' and expected text '' are matched  using regular expression

2020-06-09 15:10:53 - [TEST_STEP][PASSED] - verifyMatch(GetInputVal, "", true): Actual text '' and expected text '' are matched  using regular expression

2020-06-09 15:10:53 - [MESSAGE][PASSED] - Actual text '' and expected text '' are matched  using regular expression

2020-06-09 15:10:53 - [TEST_STEP][PASSED] - setText(NewInputNmField, RandomNumeric): Text '20513' is set on object 'Object Repository/Objects.RemarksValidation/input_Remarks'

2020-06-09 15:10:53 - [MESSAGE][PASSED] - Text '20513' is set on object 'Object Repository/Objects.RemarksValidation/input_Remarks'

2020-06-09 15:10:53 - [TEST_STEP][PASSED] - GetEnteredIntegers = getAttribute(NewInputNmField, "value"): Attribute 'value' of object 'Object Repository/Objects.RemarksValidation/input_Remarks' is: '20513'

2020-06-09 15:10:53 - [MESSAGE][PASSED] - Attribute 'value' of object 'Object Repository/Objects.RemarksValidation/input_Remarks' is: '20513'

2020-06-09 15:10:53 - [TEST_STEP][PASSED] - matchStr = regexPat.matcher(GetEnteredIntegers): null

2020-06-09 15:10:53 - [TEST_STEP][PASSED] - if (matchStr.matches() == true): Accepting Numeric

2020-06-09 15:10:53 - [TEST_STEP][PASSED] - comment("Accepting Numeric"): Accepting Numeric

2020-06-09 15:10:53 - [MESSAGE][INFO] - Accepting Numeric

2020-06-09 15:10:53 - [MESSAGE][PASSED] - Call Test Case 'Test Cases/PFI Precision and Scale/PFI Components/NumericTextboxValidationII' successfully

2020-06-09 15:10:53 - [TEST_STEP][PASSED] - callTestCase(findTestCase("PFI Precision and Scale/PFI Components/InvalidDateErrorValidation"), ["FldNm":"d2RecvDt"], STOP_ON_FAILURE): Call Test Case 'Test Cases/PFI Precision and Scale/PFI Components/InvalidDateErrorValidation' successfully

2020-06-09 15:10:53 - [TEST_CASE][PASSED] - Test Cases/PFI Precision and Scale/PFI Components/InvalidDateErrorValidation: Test Cases/PFI Precision and Scale/PFI Components/InvalidDateErrorValidation

2020-06-09 15:10:53 - [TEST_STEP][PASSED] - Thread.sleep(1000): null

2020-06-09 15:10:54 - [TEST_STEP][PASSED] - DateFieldNm = modifyObjectProperty(findTestObject("Object Repository/Objects.DateValidation/Page_ISPS2/input__orderDt"), "name", "equals", FldNm, true): Modify property of object successfully

2020-06-09 15:10:54 - [MESSAGE][PASSED] - Modify property of object successfully

2020-06-09 15:10:54 - [TEST_STEP][PASSED] - focus(DateFieldNm): Object: 'Object Repository/Objects.DateValidation/Page_ISPS2/input__orderDt' is focused

2020-06-09 15:10:55 - [MESSAGE][PASSED] - Object: 'Object Repository/Objects.DateValidation/Page_ISPS2/input__orderDt' is focused

2020-06-09 15:10:55 - [TEST_STEP][PASSED] - getInputInvalidDate = getAttribute(DateFieldNm, "value"): Attribute 'value' of object 'Object Repository/Objects.DateValidation/Page_ISPS2/input__orderDt' is: '20513'

2020-06-09 15:10:55 - [MESSAGE][PASSED] - Attribute 'value' of object 'Object Repository/Objects.DateValidation/Page_ISPS2/input__orderDt' is: '20513'

2020-06-09 15:10:55 - [TEST_STEP][PASSED] - mouseOver(DateFieldNm): Object: 'Object Repository/Objects.DateValidation/Page_ISPS2/input__orderDt' is hovered

2020-06-09 15:10:55 - [MESSAGE][PASSED] - Object: 'Object Repository/Objects.DateValidation/Page_ISPS2/input__orderDt' is hovered

2020-06-09 15:10:55 - [TEST_STEP][PASSED] - getErrMsg = getAttribute(DateFieldNm, "data-errorqtip"): Attribute 'data-errorqtip' of object 'Object Repository/Objects.DateValidation/Page_ISPS2/input__orderDt' is: '<ul class="x-list-plain"><li>20513 is not a valid date - it must be in the format d/m/Y</li></ul>'

2020-06-09 15:10:55 - [MESSAGE][PASSED] - Attribute 'data-errorqtip' of object 'Object Repository/Objects.DateValidation/Page_ISPS2/input__orderDt' is: '<ul class="x-list-plain"><li>20513 is not a valid date - it must be in the format d/m/Y</li></ul>'

2020-06-09 15:10:55 - [TEST_STEP][PASSED] - getTotalLength = getErrMsg.length(): null

2020-06-09 15:10:55 - [TEST_STEP][PASSED] - RemoveULClass = getErrMsg.substring(29, getTotalLength): null

2020-06-09 15:10:55 - [TEST_STEP][PASSED] - LengthNoUlClass = RemoveULClass.length() - 10: null

2020-06-09 15:10:55 - [TEST_STEP][PASSED] - ToolTipInvErrMsg = RemoveULClass.substring(0, LengthNoUlClass): null

2020-06-09 15:10:55 - [TEST_STEP][PASSED] - ExpectedInvalidErrMsg = concatenate(getInputInvalidDate, " ", NotValidDt): Concatenated string array: '['20513',' ','is not a valid date - it must be in the format d/m/Y']' into '20513 is not a valid date - it must be in the format d/m/Y'

2020-06-09 15:10:55 - [MESSAGE][PASSED] - Concatenated string array: '['20513',' ','is not a valid date - it must be in the format d/m/Y']' into '20513 is not a valid date - it must be in the format d/m/Y'

2020-06-09 15:10:55 - [TEST_STEP][PASSED] - verifyMatch(ToolTipInvErrMsg, ExpectedInvalidErrMsg, true): Actual text '20513 is not a valid date - it must be in the format d/m/Y' and expected text '20513 is not a valid date - it must be in the format d/m/Y' are matched  using regular expression

2020-06-09 15:10:55 - [MESSAGE][PASSED] - Actual text '20513 is not a valid date - it must be in the format d/m/Y' and expected text '20513 is not a valid date - it must be in the format d/m/Y' are matched  using regular expression

2020-06-09 15:10:55 - [MESSAGE][PASSED] - Call Test Case 'Test Cases/PFI Precision and Scale/PFI Components/InvalidDateErrorValidation' successfully

2020-06-09 15:10:55 - [TEST_STEP][PASSED] - callTestCase(findTestCase("PFI Precision and Scale/PFI Components with Indexing/SelectDayInDatePickerWithIndex"), ["FldNm":"d2RecvDt", "SelectCurrentDay":"11", "index":1], STOP_ON_FAILURE): Call Test Case 'Test Cases/PFI Precision and Scale/PFI Components with Indexing/SelectDayInDatePickerWithIndex' successfully

2020-06-09 15:10:55 - [TEST_CASE][PASSED] - Test Cases/PFI Precision and Scale/PFI Components with Indexing/SelectDayInDatePickerWithIndex: Test Cases/PFI Precision and Scale/PFI Components with Indexing/SelectDayInDatePickerWithIndex

2020-06-09 15:10:55 - [TEST_STEP][PASSED] - Thread.sleep(1000): null

2020-06-09 15:10:56 - [TEST_STEP][PASSED] - DateFieldNm = modifyObjectProperty(findTestObject("Objects.HighlightElements/input_field"), "name", "equals", FldNm, true): Modify property of object successfully

2020-06-09 15:10:56 - [MESSAGE][PASSED] - Modify property of object successfully

2020-06-09 15:10:56 - [TEST_STEP][PASSED] - ModifyDay = modifyObjectProperty(findTestObject("Objects.DateValidation/Page_ISPS2/Select_Day_Index"), "xpath", "equals", "(//*[contains(@class, 'x-datepicker-date') and (text() = '" + SelectCurrentDay + "')])[" + index + "]", true): Modify property of object successfully

2020-06-09 15:10:56 - [MESSAGE][PASSED] - Modify property of object successfully

2020-06-09 15:10:56 - [TEST_STEP][PASSED] - sendKeys(DateFieldNm, Keys.chord(ARROW_DOWN)): Keys 'DOWN + ' sent to object: 'Object Repository/Objects.HighlightElements/input_field'

2020-06-09 15:10:56 - [MESSAGE][PASSED] - Keys 'DOWN + ' sent to object: 'Object Repository/Objects.HighlightElements/input_field'

2020-06-09 15:10:56 - [TEST_STEP][PASSED] - com.reusableComponents.HighlightElement.run(ModifyDay): com.reusableComponents.HighlightElement.run is PASSED

2020-06-09 15:10:56 - [MESSAGE][PASSED] - com.reusableComponents.HighlightElement.run is PASSED

2020-06-09 15:10:56 - [TEST_STEP][PASSED] - delay(1): Delayed 1 second(s)

2020-06-09 15:10:57 - [MESSAGE][PASSED] - Delayed 1 second(s)

2020-06-09 15:10:57 - [TEST_STEP][PASSED] - click(ModifyDay): Object: 'Object Repository/Objects.DateValidation/Page_ISPS2/Select_Day_Index' is clicked on

2020-06-09 15:10:57 - [MESSAGE][PASSED] - Object: 'Object Repository/Objects.DateValidation/Page_ISPS2/Select_Day_Index' is clicked on

2020-06-09 15:10:57 - [TEST_STEP][PASSED] - GetError = getAttribute(DateFieldNm, "data-errorqtip"): Attribute 'data-errorqtip' of object 'Object Repository/Objects.HighlightElements/input_field' is: ''

2020-06-09 15:10:57 - [MESSAGE][PASSED] - Attribute 'data-errorqtip' of object 'Object Repository/Objects.HighlightElements/input_field' is: ''

2020-06-09 15:10:57 - [TEST_STEP][PASSED] - if (GetError == ""): Date Format is valid

2020-06-09 15:10:57 - [TEST_STEP][PASSED] - GetEnteredDate = getAttribute(DateFieldNm, "value"): Attribute 'value' of object 'Object Repository/Objects.HighlightElements/input_field' is: '11/06/2020'

2020-06-09 15:10:57 - [MESSAGE][PASSED] - Attribute 'value' of object 'Object Repository/Objects.HighlightElements/input_field' is: '11/06/2020'

2020-06-09 15:10:57 - [TEST_STEP][PASSED] - DatePattern = Pattern.compile("^(1[0-2]|0[1-9])/(3[01]|[12][0-9]|0[1-9])/[0-9]{4}$"): null

2020-06-09 15:10:57 - [TEST_STEP][PASSED] - VerifyDateFormat = DatePattern.matcher(GetEnteredDate): null

2020-06-09 15:10:57 - [TEST_STEP][PASSED] - if (VerifyDateFormat.matches() == true): Date Format is valid

2020-06-09 15:10:57 - [TEST_STEP][PASSED] - comment("Date Format is valid"): Date Format is valid

2020-06-09 15:10:57 - [MESSAGE][INFO] - Date Format is valid

2020-06-09 15:10:57 - [MESSAGE][PASSED] - Call Test Case 'Test Cases/PFI Precision and Scale/PFI Components with Indexing/SelectDayInDatePickerWithIndex' successfully

2020-06-09 15:10:57 - [TEST_STEP][PASSED] - callTestCase(findTestCase("PFI Precision and Scale/PFI Components/SelectTodayInDatePicker"), ["FldNm":"d2RecvDt", "index":"1"], STOP_ON_FAILURE): Call Test Case 'Test Cases/PFI Precision and Scale/PFI Components/SelectTodayInDatePicker' successfully

2020-06-09 15:10:58 - [TEST_CASE][PASSED] - Test Cases/PFI Precision and Scale/PFI Components/SelectTodayInDatePicker: Test Cases/PFI Precision and Scale/PFI Components/SelectTodayInDatePicker

2020-06-09 15:10:58 - [TEST_STEP][PASSED] - Thread.sleep(1000): null

2020-06-09 15:10:59 - [TEST_STEP][PASSED] - date = new java.util.Date(): null

2020-06-09 15:10:59 - [TEST_STEP][PASSED] - CurrentDate = new java.text.SimpleDateFormat(dd/MM/yyyy): null

2020-06-09 15:10:59 - [TEST_STEP][PASSED] - TodayDate = CurrentDate.format(date): null

2020-06-09 15:10:59 - [TEST_STEP][PASSED] - DateFieldNm = modifyObjectProperty(findTestObject("Object Repository/Objects.DateValidation/Page_ISPS2/input__orderDt"), "name", "equals", FldNm, true): Modify property of object successfully

2020-06-09 15:10:59 - [MESSAGE][PASSED] - Modify property of object successfully

2020-06-09 15:10:59 - [TEST_STEP][PASSED] - TodayBtn = modifyObjectProperty(findTestObject("Object Repository/Objects.DateValidation/Page_ISPS2/a_Today"), "xpath", "equals", "(//*[text() = 'Today'])[" + index + "]", true): Modify property of object successfully

2020-06-09 15:10:59 - [MESSAGE][PASSED] - Modify property of object successfully

2020-06-09 15:10:59 - [TEST_STEP][PASSED] - sendKeys(DateFieldNm, Keys.chord(ARROW_DOWN)): Keys 'DOWN + ' sent to object: 'Object Repository/Objects.DateValidation/Page_ISPS2/input__orderDt'

2020-06-09 15:10:59 - [MESSAGE][PASSED] - Keys 'DOWN + ' sent to object: 'Object Repository/Objects.DateValidation/Page_ISPS2/input__orderDt'

2020-06-09 15:10:59 - [TEST_STEP][PASSED] - com.reusableComponents.HighlightElement.run(TodayBtn): com.reusableComponents.HighlightElement.run is PASSED

2020-06-09 15:10:59 - [MESSAGE][PASSED] - com.reusableComponents.HighlightElement.run is PASSED

2020-06-09 15:10:59 - [TEST_STEP][PASSED] - click(TodayBtn): Object: 'Object Repository/Objects.DateValidation/Page_ISPS2/a_Today' is clicked on

2020-06-09 15:10:59 - [MESSAGE][PASSED] - Object: 'Object Repository/Objects.DateValidation/Page_ISPS2/a_Today' is clicked on

2020-06-09 15:10:59 - [TEST_STEP][PASSED] - GetEnteredDate = getAttribute(DateFieldNm, "value"): Attribute 'value' of object 'Object Repository/Objects.DateValidation/Page_ISPS2/input__orderDt' is: '09/06/2020'

2020-06-09 15:10:59 - [MESSAGE][PASSED] - Attribute 'value' of object 'Object Repository/Objects.DateValidation/Page_ISPS2/input__orderDt' is: '09/06/2020'

2020-06-09 15:10:59 - [TEST_STEP][PASSED] - verifyMatch(GetEnteredDate, TodayDate, true): Actual text '09/06/2020' and expected text '09/06/2020' are matched  using regular expression

2020-06-09 15:10:59 - [MESSAGE][PASSED] - Actual text '09/06/2020' and expected text '09/06/2020' are matched  using regular expression

2020-06-09 15:10:59 - [MESSAGE][PASSED] - Call Test Case 'Test Cases/PFI Precision and Scale/PFI Components/SelectTodayInDatePicker' successfully

2020-06-09 15:10:59 - [TEST_STEP][PASSED] - callTestCase(findTestCase("Components/HighlightLabelField"), ["LblName":"Inspection D2 Compliance Date *:"], STOP_ON_FAILURE): Call Test Case 'Test Cases/Components/HighlightLabelField' successfully

2020-06-09 15:10:59 - [TEST_CASE][PASSED] - Test Cases/Components/HighlightLabelField: Test Cases/Components/HighlightLabelField

2020-06-09 15:10:59 - [TEST_STEP][PASSED] - Thread.sleep(1000): null

2020-06-09 15:11:00 - [TEST_STEP][PASSED] - modifiedLblNm = modifyObjectProperty(findTestObject("Objects.HighlightElements/lblField"), "text", "equals", LblName, true): Modify property of object successfully

2020-06-09 15:11:00 - [MESSAGE][PASSED] - Modify property of object successfully

2020-06-09 15:11:00 - [TEST_STEP][PASSED] - com.reusableComponents.HighlightElement.run(modifiedLblNm): com.reusableComponents.HighlightElement.run is PASSED

2020-06-09 15:11:01 - [MESSAGE][PASSED] - com.reusableComponents.HighlightElement.run is PASSED

2020-06-09 15:11:01 - [MESSAGE][PASSED] - Call Test Case 'Test Cases/Components/HighlightLabelField' successfully

2020-06-09 15:11:01 - [TEST_STEP][PASSED] - callTestCase(findTestCase("Components/HighlightInputField"), ["InputFldName":"d2ComplDt"], STOP_ON_FAILURE): Call Test Case 'Test Cases/Components/HighlightInputField' successfully

2020-06-09 15:11:01 - [TEST_CASE][PASSED] - Test Cases/Components/HighlightInputField: Test Cases/Components/HighlightInputField

2020-06-09 15:11:01 - [TEST_STEP][PASSED] - Thread.sleep(1000): null

2020-06-09 15:11:02 - [TEST_STEP][PASSED] - modifiedLblNm = modifyObjectProperty(findTestObject("Objects.HighlightElements/input_field"), "name", "equals", InputFldName, true): Modify property of object successfully

2020-06-09 15:11:02 - [MESSAGE][PASSED] - Modify property of object successfully

2020-06-09 15:11:02 - [TEST_STEP][PASSED] - com.reusableComponents.HighlightElement.run(modifiedLblNm): com.reusableComponents.HighlightElement.run is PASSED

2020-06-09 15:11:02 - [MESSAGE][PASSED] - com.reusableComponents.HighlightElement.run is PASSED

2020-06-09 15:11:02 - [MESSAGE][PASSED] - Call Test Case 'Test Cases/Components/HighlightInputField' successfully

2020-06-09 15:11:02 - [TEST_STEP][PASSED] - callTestCase(findTestCase("PFI Precision and Scale/PFI Components/NumericTextboxValidationII"), ["nameToBeUsed":"d2ComplDt", "minLen":6], STOP_ON_FAILURE): Call Test Case 'Test Cases/PFI Precision and Scale/PFI Components/NumericTextboxValidationII' successfully

2020-06-09 15:11:02 - [TEST_CASE][PASSED] - Test Cases/PFI Precision and Scale/PFI Components/NumericTextboxValidationII: Test Cases/PFI Precision and Scale/PFI Components/NumericTextboxValidationII

2020-06-09 15:11:02 - [TEST_STEP][PASSED] - Thread.sleep(1000): null

2020-06-09 15:11:03 - [TEST_STEP][PASSED] - Numeric = "0123456789": null

2020-06-09 15:11:03 - [TEST_STEP][PASSED] - AlphaSpecialChar = z) + "`~!@#$%^&*()=_{}|\][;'":,?><"".join(): null

2020-06-09 15:11:03 - [TEST_STEP][PASSED] - RandomNumeric = RandomStringUtils.random(minLen, Numeric.toCharArray()): null

2020-06-09 15:11:03 - [TEST_STEP][PASSED] - RandomString = RandomStringUtils.random(minLen, AlphaSpecialChar): null

2020-06-09 15:11:03 - [TEST_STEP][PASSED] - regexPat = Pattern.compile("^[0-9]+$"): null

2020-06-09 15:11:03 - [TEST_STEP][PASSED] - NewInputNmField = modifyObjectProperty(findTestObject("Objects.RemarksValidation/input_Remarks"), "name", "equals", nameToBeUsed, true): Modify property of object successfully

2020-06-09 15:11:03 - [MESSAGE][PASSED] - Modify property of object successfully

2020-06-09 15:11:03 - [TEST_STEP][PASSED] - focus(NewInputNmField): Object: 'Object Repository/Objects.RemarksValidation/input_Remarks' is focused

2020-06-09 15:11:03 - [MESSAGE][PASSED] - Object: 'Object Repository/Objects.RemarksValidation/input_Remarks' is focused

2020-06-09 15:11:03 - [TEST_STEP][PASSED] - setText(NewInputNmField, RandomString): Text '>lr*`b' is set on object 'Object Repository/Objects.RemarksValidation/input_Remarks'

2020-06-09 15:11:03 - [MESSAGE][PASSED] - Text '>lr*`b' is set on object 'Object Repository/Objects.RemarksValidation/input_Remarks'

2020-06-09 15:11:03 - [TEST_STEP][PASSED] - GetInputVal = getAttribute(NewInputNmField, "value"): Attribute 'value' of object 'Object Repository/Objects.RemarksValidation/input_Remarks' is: ''

2020-06-09 15:11:04 - [MESSAGE][PASSED] - Attribute 'value' of object 'Object Repository/Objects.RemarksValidation/input_Remarks' is: ''

2020-06-09 15:11:04 - [TEST_STEP][PASSED] - if (GetInputVal.contains("e")): null

2020-06-09 15:11:04 - [TEST_STEP][PASSED] - else: Actual text '' and expected text '' are matched  using regular expression

2020-06-09 15:11:04 - [TEST_STEP][PASSED] - verifyMatch(GetInputVal, "", true): Actual text '' and expected text '' are matched  using regular expression

2020-06-09 15:11:04 - [MESSAGE][PASSED] - Actual text '' and expected text '' are matched  using regular expression

2020-06-09 15:11:04 - [TEST_STEP][PASSED] - setText(NewInputNmField, RandomNumeric): Text '147423' is set on object 'Object Repository/Objects.RemarksValidation/input_Remarks'

2020-06-09 15:11:04 - [MESSAGE][PASSED] - Text '147423' is set on object 'Object Repository/Objects.RemarksValidation/input_Remarks'

2020-06-09 15:11:04 - [TEST_STEP][PASSED] - GetEnteredIntegers = getAttribute(NewInputNmField, "value"): Attribute 'value' of object 'Object Repository/Objects.RemarksValidation/input_Remarks' is: '147423'

2020-06-09 15:11:04 - [MESSAGE][PASSED] - Attribute 'value' of object 'Object Repository/Objects.RemarksValidation/input_Remarks' is: '147423'

2020-06-09 15:11:04 - [TEST_STEP][PASSED] - matchStr = regexPat.matcher(GetEnteredIntegers): null

2020-06-09 15:11:04 - [TEST_STEP][PASSED] - if (matchStr.matches() == true): Accepting Numeric

2020-06-09 15:11:04 - [TEST_STEP][PASSED] - comment("Accepting Numeric"): Accepting Numeric

2020-06-09 15:11:04 - [MESSAGE][INFO] - Accepting Numeric

2020-06-09 15:11:04 - [MESSAGE][PASSED] - Call Test Case 'Test Cases/PFI Precision and Scale/PFI Components/NumericTextboxValidationII' successfully

2020-06-09 15:11:04 - [TEST_STEP][PASSED] - callTestCase(findTestCase("PFI Precision and Scale/PFI Components/InvalidDateErrorValidation"), ["FldNm":"d2ComplDt"], STOP_ON_FAILURE): Call Test Case 'Test Cases/PFI Precision and Scale/PFI Components/InvalidDateErrorValidation' successfully

2020-06-09 15:11:04 - [TEST_CASE][PASSED] - Test Cases/PFI Precision and Scale/PFI Components/InvalidDateErrorValidation: Test Cases/PFI Precision and Scale/PFI Components/InvalidDateErrorValidation

2020-06-09 15:11:04 - [TEST_STEP][PASSED] - Thread.sleep(1000): null

2020-06-09 15:11:05 - [TEST_STEP][PASSED] - DateFieldNm = modifyObjectProperty(findTestObject("Object Repository/Objects.DateValidation/Page_ISPS2/input__orderDt"), "name", "equals", FldNm, true): Modify property of object successfully

2020-06-09 15:11:05 - [MESSAGE][PASSED] - Modify property of object successfully

2020-06-09 15:11:05 - [TEST_STEP][PASSED] - focus(DateFieldNm): Object: 'Object Repository/Objects.DateValidation/Page_ISPS2/input__orderDt' is focused

2020-06-09 15:11:05 - [MESSAGE][PASSED] - Object: 'Object Repository/Objects.DateValidation/Page_ISPS2/input__orderDt' is focused

2020-06-09 15:11:05 - [TEST_STEP][PASSED] - getInputInvalidDate = getAttribute(DateFieldNm, "value"): Attribute 'value' of object 'Object Repository/Objects.DateValidation/Page_ISPS2/input__orderDt' is: '147423'

2020-06-09 15:11:05 - [MESSAGE][PASSED] - Attribute 'value' of object 'Object Repository/Objects.DateValidation/Page_ISPS2/input__orderDt' is: '147423'

2020-06-09 15:11:05 - [TEST_STEP][PASSED] - mouseOver(DateFieldNm): Object: 'Object Repository/Objects.DateValidation/Page_ISPS2/input__orderDt' is hovered

2020-06-09 15:11:05 - [MESSAGE][PASSED] - Object: 'Object Repository/Objects.DateValidation/Page_ISPS2/input__orderDt' is hovered

2020-06-09 15:11:05 - [TEST_STEP][PASSED] - getErrMsg = getAttribute(DateFieldNm, "data-errorqtip"): Attribute 'data-errorqtip' of object 'Object Repository/Objects.DateValidation/Page_ISPS2/input__orderDt' is: '<ul class="x-list-plain"><li>147423 is not a valid date - it must be in the format d/m/Y</li></ul>'

2020-06-09 15:11:05 - [MESSAGE][PASSED] - Attribute 'data-errorqtip' of object 'Object Repository/Objects.DateValidation/Page_ISPS2/input__orderDt' is: '<ul class="x-list-plain"><li>147423 is not a valid date - it must be in the format d/m/Y</li></ul>'

2020-06-09 15:11:05 - [TEST_STEP][PASSED] - getTotalLength = getErrMsg.length(): null

2020-06-09 15:11:05 - [TEST_STEP][PASSED] - RemoveULClass = getErrMsg.substring(29, getTotalLength): null

2020-06-09 15:11:05 - [TEST_STEP][PASSED] - LengthNoUlClass = RemoveULClass.length() - 10: null

2020-06-09 15:11:05 - [TEST_STEP][PASSED] - ToolTipInvErrMsg = RemoveULClass.substring(0, LengthNoUlClass): null

2020-06-09 15:11:05 - [TEST_STEP][PASSED] - ExpectedInvalidErrMsg = concatenate(getInputInvalidDate, " ", NotValidDt): Concatenated string array: '['147423',' ','is not a valid date - it must be in the format d/m/Y']' into '147423 is not a valid date - it must be in the format d/m/Y'

2020-06-09 15:11:05 - [MESSAGE][PASSED] - Concatenated string array: '['147423',' ','is not a valid date - it must be in the format d/m/Y']' into '147423 is not a valid date - it must be in the format d/m/Y'

2020-06-09 15:11:05 - [TEST_STEP][PASSED] - verifyMatch(ToolTipInvErrMsg, ExpectedInvalidErrMsg, true): Actual text '147423 is not a valid date - it must be in the format d/m/Y' and expected text '147423 is not a valid date - it must be in the format d/m/Y' are matched  using regular expression

2020-06-09 15:11:05 - [MESSAGE][PASSED] - Actual text '147423 is not a valid date - it must be in the format d/m/Y' and expected text '147423 is not a valid date - it must be in the format d/m/Y' are matched  using regular expression

2020-06-09 15:11:05 - [MESSAGE][PASSED] - Call Test Case 'Test Cases/PFI Precision and Scale/PFI Components/InvalidDateErrorValidation' successfully

2020-06-09 15:11:05 - [TEST_STEP][PASSED] - callTestCase(findTestCase("PFI Precision and Scale/PFI Components with Indexing/SelectDayInDatePickerWithIndex"), ["FldNm":"d2ComplDt", "SelectCurrentDay":"15", "index":2], STOP_ON_FAILURE): Call Test Case 'Test Cases/PFI Precision and Scale/PFI Components with Indexing/SelectDayInDatePickerWithIndex' successfully

2020-06-09 15:11:05 - [TEST_CASE][PASSED] - Test Cases/PFI Precision and Scale/PFI Components with Indexing/SelectDayInDatePickerWithIndex: Test Cases/PFI Precision and Scale/PFI Components with Indexing/SelectDayInDatePickerWithIndex

2020-06-09 15:11:05 - [TEST_STEP][PASSED] - Thread.sleep(1000): null

2020-06-09 15:11:06 - [TEST_STEP][PASSED] - DateFieldNm = modifyObjectProperty(findTestObject("Objects.HighlightElements/input_field"), "name", "equals", FldNm, true): Modify property of object successfully

2020-06-09 15:11:06 - [MESSAGE][PASSED] - Modify property of object successfully

2020-06-09 15:11:06 - [TEST_STEP][PASSED] - ModifyDay = modifyObjectProperty(findTestObject("Objects.DateValidation/Page_ISPS2/Select_Day_Index"), "xpath", "equals", "(//*[contains(@class, 'x-datepicker-date') and (text() = '" + SelectCurrentDay + "')])[" + index + "]", true): Modify property of object successfully

2020-06-09 15:11:06 - [MESSAGE][PASSED] - Modify property of object successfully

2020-06-09 15:11:06 - [TEST_STEP][PASSED] - sendKeys(DateFieldNm, Keys.chord(ARROW_DOWN)): Keys 'DOWN + ' sent to object: 'Object Repository/Objects.HighlightElements/input_field'

2020-06-09 15:11:06 - [MESSAGE][PASSED] - Keys 'DOWN + ' sent to object: 'Object Repository/Objects.HighlightElements/input_field'

2020-06-09 15:11:06 - [TEST_STEP][PASSED] - com.reusableComponents.HighlightElement.run(ModifyDay): com.reusableComponents.HighlightElement.run is PASSED

2020-06-09 15:11:07 - [MESSAGE][PASSED] - com.reusableComponents.HighlightElement.run is PASSED

2020-06-09 15:11:07 - [TEST_STEP][PASSED] - delay(1): Delayed 1 second(s)

2020-06-09 15:11:08 - [MESSAGE][PASSED] - Delayed 1 second(s)

2020-06-09 15:11:08 - [TEST_STEP][PASSED] - click(ModifyDay): Object: 'Object Repository/Objects.DateValidation/Page_ISPS2/Select_Day_Index' is clicked on

2020-06-09 15:11:08 - [MESSAGE][PASSED] - Object: 'Object Repository/Objects.DateValidation/Page_ISPS2/Select_Day_Index' is clicked on

2020-06-09 15:11:08 - [TEST_STEP][PASSED] - GetError = getAttribute(DateFieldNm, "data-errorqtip"): Attribute 'data-errorqtip' of object 'Object Repository/Objects.HighlightElements/input_field' is: ''

2020-06-09 15:11:08 - [MESSAGE][PASSED] - Attribute 'data-errorqtip' of object 'Object Repository/Objects.HighlightElements/input_field' is: ''

2020-06-09 15:11:08 - [TEST_STEP][PASSED] - if (GetError == ""): null

2020-06-09 15:11:08 - [TEST_STEP][PASSED] - GetEnteredDate = getAttribute(DateFieldNm, "value"): Attribute 'value' of object 'Object Repository/Objects.HighlightElements/input_field' is: '15/06/2020'

2020-06-09 15:11:08 - [MESSAGE][PASSED] - Attribute 'value' of object 'Object Repository/Objects.HighlightElements/input_field' is: '15/06/2020'

2020-06-09 15:11:08 - [TEST_STEP][PASSED] - DatePattern = Pattern.compile("^(1[0-2]|0[1-9])/(3[01]|[12][0-9]|0[1-9])/[0-9]{4}$"): null

2020-06-09 15:11:08 - [TEST_STEP][PASSED] - VerifyDateFormat = DatePattern.matcher(GetEnteredDate): null

2020-06-09 15:11:08 - [TEST_STEP][PASSED] - if (VerifyDateFormat.matches() == true): null

2020-06-09 15:11:08 - [MESSAGE][PASSED] - Call Test Case 'Test Cases/PFI Precision and Scale/PFI Components with Indexing/SelectDayInDatePickerWithIndex' successfully

2020-06-09 15:11:08 - [TEST_STEP][PASSED] - callTestCase(findTestCase("PFI Precision and Scale/PFI Components/SelectTodayInDatePicker"), ["FldNm":"d2ComplDt", "index":"2"], STOP_ON_FAILURE): Call Test Case 'Test Cases/PFI Precision and Scale/PFI Components/SelectTodayInDatePicker' successfully

2020-06-09 15:11:08 - [TEST_CASE][PASSED] - Test Cases/PFI Precision and Scale/PFI Components/SelectTodayInDatePicker: Test Cases/PFI Precision and Scale/PFI Components/SelectTodayInDatePicker

2020-06-09 15:11:08 - [TEST_STEP][PASSED] - Thread.sleep(1000): null

2020-06-09 15:11:09 - [TEST_STEP][PASSED] - date = new java.util.Date(): null

2020-06-09 15:11:09 - [TEST_STEP][PASSED] - CurrentDate = new java.text.SimpleDateFormat(dd/MM/yyyy): null

2020-06-09 15:11:09 - [TEST_STEP][PASSED] - TodayDate = CurrentDate.format(date): null

2020-06-09 15:11:09 - [TEST_STEP][PASSED] - DateFieldNm = modifyObjectProperty(findTestObject("Object Repository/Objects.DateValidation/Page_ISPS2/input__orderDt"), "name", "equals", FldNm, true): Modify property of object successfully

2020-06-09 15:11:09 - [MESSAGE][PASSED] - Modify property of object successfully

2020-06-09 15:11:09 - [TEST_STEP][PASSED] - TodayBtn = modifyObjectProperty(findTestObject("Object Repository/Objects.DateValidation/Page_ISPS2/a_Today"), "xpath", "equals", "(//*[text() = 'Today'])[" + index + "]", true): Modify property of object successfully

2020-06-09 15:11:09 - [MESSAGE][PASSED] - Modify property of object successfully

2020-06-09 15:11:09 - [TEST_STEP][PASSED] - sendKeys(DateFieldNm, Keys.chord(ARROW_DOWN)): Keys 'DOWN + ' sent to object: 'Object Repository/Objects.DateValidation/Page_ISPS2/input__orderDt'

2020-06-09 15:11:09 - [MESSAGE][PASSED] - Keys 'DOWN + ' sent to object: 'Object Repository/Objects.DateValidation/Page_ISPS2/input__orderDt'

2020-06-09 15:11:09 - [TEST_STEP][PASSED] - com.reusableComponents.HighlightElement.run(TodayBtn): com.reusableComponents.HighlightElement.run is PASSED

2020-06-09 15:11:09 - [MESSAGE][PASSED] - com.reusableComponents.HighlightElement.run is PASSED

2020-06-09 15:11:09 - [TEST_STEP][PASSED] - click(TodayBtn): Object: 'Object Repository/Objects.DateValidation/Page_ISPS2/a_Today' is clicked on

2020-06-09 15:11:10 - [MESSAGE][PASSED] - Object: 'Object Repository/Objects.DateValidation/Page_ISPS2/a_Today' is clicked on

2020-06-09 15:11:10 - [TEST_STEP][PASSED] - GetEnteredDate = getAttribute(DateFieldNm, "value"): Attribute 'value' of object 'Object Repository/Objects.DateValidation/Page_ISPS2/input__orderDt' is: '09/06/2020'

2020-06-09 15:11:10 - [MESSAGE][PASSED] - Attribute 'value' of object 'Object Repository/Objects.DateValidation/Page_ISPS2/input__orderDt' is: '09/06/2020'

2020-06-09 15:11:10 - [TEST_STEP][PASSED] - verifyMatch(GetEnteredDate, TodayDate, true): Actual text '09/06/2020' and expected text '09/06/2020' are matched  using regular expression

2020-06-09 15:11:10 - [MESSAGE][PASSED] - Actual text '09/06/2020' and expected text '09/06/2020' are matched  using regular expression

2020-06-09 15:11:10 - [MESSAGE][PASSED] - Call Test Case 'Test Cases/PFI Precision and Scale/PFI Components/SelectTodayInDatePicker' successfully

2020-06-09 15:11:10 - [TEST_STEP][PASSED] - callTestCase(findTestCase("Components/HighlightLabelField"), ["LblName":"Inspection D2a Receive Date *:"], STOP_ON_FAILURE): Call Test Case 'Test Cases/Components/HighlightLabelField' successfully

2020-06-09 15:11:10 - [TEST_CASE][PASSED] - Test Cases/Components/HighlightLabelField: Test Cases/Components/HighlightLabelField

2020-06-09 15:11:10 - [TEST_STEP][PASSED] - Thread.sleep(1000): null

2020-06-09 15:11:11 - [TEST_STEP][PASSED] - modifiedLblNm = modifyObjectProperty(findTestObject("Objects.HighlightElements/lblField"), "text", "equals", LblName, true): Modify property of object successfully

2020-06-09 15:11:11 - [MESSAGE][PASSED] - Modify property of object successfully

2020-06-09 15:11:11 - [TEST_STEP][PASSED] - com.reusableComponents.HighlightElement.run(modifiedLblNm): com.reusableComponents.HighlightElement.run is PASSED

2020-06-09 15:11:11 - [MESSAGE][PASSED] - com.reusableComponents.HighlightElement.run is PASSED

2020-06-09 15:11:11 - [MESSAGE][PASSED] - Call Test Case 'Test Cases/Components/HighlightLabelField' successfully

2020-06-09 15:11:11 - [TEST_STEP][PASSED] - callTestCase(findTestCase("Components/HighlightInputField"), ["InputFldName":"d2aRecvDt"], STOP_ON_FAILURE): Call Test Case 'Test Cases/Components/HighlightInputField' successfully

2020-06-09 15:11:11 - [TEST_CASE][PASSED] - Test Cases/Components/HighlightInputField: Test Cases/Components/HighlightInputField

2020-06-09 15:11:11 - [TEST_STEP][PASSED] - Thread.sleep(1000): null

2020-06-09 15:11:12 - [TEST_STEP][PASSED] - modifiedLblNm = modifyObjectProperty(findTestObject("Objects.HighlightElements/input_field"), "name", "equals", InputFldName, true): Modify property of object successfully

2020-06-09 15:11:12 - [MESSAGE][PASSED] - Modify property of object successfully

2020-06-09 15:11:12 - [TEST_STEP][PASSED] - com.reusableComponents.HighlightElement.run(modifiedLblNm): com.reusableComponents.HighlightElement.run is PASSED

2020-06-09 15:11:13 - [MESSAGE][PASSED] - com.reusableComponents.HighlightElement.run is PASSED

2020-06-09 15:11:13 - [MESSAGE][PASSED] - Call Test Case 'Test Cases/Components/HighlightInputField' successfully

2020-06-09 15:11:13 - [TEST_STEP][PASSED] - callTestCase(findTestCase("PFI Precision and Scale/PFI Components/NumericTextboxValidationII"), ["nameToBeUsed":"d2aRecvDt", "minLen":8], STOP_ON_FAILURE): Call Test Case 'Test Cases/PFI Precision and Scale/PFI Components/NumericTextboxValidationII' successfully

2020-06-09 15:11:13 - [TEST_CASE][PASSED] - Test Cases/PFI Precision and Scale/PFI Components/NumericTextboxValidationII: Test Cases/PFI Precision and Scale/PFI Components/NumericTextboxValidationII

2020-06-09 15:11:13 - [TEST_STEP][PASSED] - Thread.sleep(1000): null

2020-06-09 15:11:14 - [TEST_STEP][PASSED] - Numeric = "0123456789": null

2020-06-09 15:11:14 - [TEST_STEP][PASSED] - AlphaSpecialChar = z) + "`~!@#$%^&*()=_{}|\][;'":,?><"".join(): null

2020-06-09 15:11:14 - [TEST_STEP][PASSED] - RandomNumeric = RandomStringUtils.random(minLen, Numeric.toCharArray()): null

2020-06-09 15:11:14 - [TEST_STEP][PASSED] - RandomString = RandomStringUtils.random(minLen, AlphaSpecialChar): null

2020-06-09 15:11:14 - [TEST_STEP][PASSED] - regexPat = Pattern.compile("^[0-9]+$"): null

2020-06-09 15:11:14 - [TEST_STEP][PASSED] - NewInputNmField = modifyObjectProperty(findTestObject("Objects.RemarksValidation/input_Remarks"), "name", "equals", nameToBeUsed, true): Modify property of object successfully

2020-06-09 15:11:14 - [MESSAGE][PASSED] - Modify property of object successfully

2020-06-09 15:11:14 - [TEST_STEP][PASSED] - focus(NewInputNmField): Object: 'Object Repository/Objects.RemarksValidation/input_Remarks' is focused

2020-06-09 15:11:14 - [MESSAGE][PASSED] - Object: 'Object Repository/Objects.RemarksValidation/input_Remarks' is focused

2020-06-09 15:11:14 - [TEST_STEP][PASSED] - setText(NewInputNmField, RandomString): Text 'g&!>cyNv' is set on object 'Object Repository/Objects.RemarksValidation/input_Remarks'

2020-06-09 15:11:14 - [MESSAGE][PASSED] - Text 'g&!>cyNv' is set on object 'Object Repository/Objects.RemarksValidation/input_Remarks'

2020-06-09 15:11:14 - [TEST_STEP][PASSED] - GetInputVal = getAttribute(NewInputNmField, "value"): Attribute 'value' of object 'Object Repository/Objects.RemarksValidation/input_Remarks' is: ''

2020-06-09 15:11:14 - [MESSAGE][PASSED] - Attribute 'value' of object 'Object Repository/Objects.RemarksValidation/input_Remarks' is: ''

2020-06-09 15:11:14 - [TEST_STEP][PASSED] - if (GetInputVal.contains("e")): null

2020-06-09 15:11:14 - [TEST_STEP][PASSED] - else: Actual text '' and expected text '' are matched  using regular expression

2020-06-09 15:11:14 - [TEST_STEP][PASSED] - verifyMatch(GetInputVal, "", true): Actual text '' and expected text '' are matched  using regular expression

2020-06-09 15:11:14 - [MESSAGE][PASSED] - Actual text '' and expected text '' are matched  using regular expression

2020-06-09 15:11:14 - [TEST_STEP][PASSED] - setText(NewInputNmField, RandomNumeric): Text '33721124' is set on object 'Object Repository/Objects.RemarksValidation/input_Remarks'

2020-06-09 15:11:14 - [MESSAGE][PASSED] - Text '33721124' is set on object 'Object Repository/Objects.RemarksValidation/input_Remarks'

2020-06-09 15:11:14 - [TEST_STEP][PASSED] - GetEnteredIntegers = getAttribute(NewInputNmField, "value"): Attribute 'value' of object 'Object Repository/Objects.RemarksValidation/input_Remarks' is: '33721124'

2020-06-09 15:11:14 - [MESSAGE][PASSED] - Attribute 'value' of object 'Object Repository/Objects.RemarksValidation/input_Remarks' is: '33721124'

2020-06-09 15:11:14 - [TEST_STEP][PASSED] - matchStr = regexPat.matcher(GetEnteredIntegers): null

2020-06-09 15:11:14 - [TEST_STEP][PASSED] - if (matchStr.matches() == true): Accepting Numeric

2020-06-09 15:11:14 - [TEST_STEP][PASSED] - comment("Accepting Numeric"): Accepting Numeric

2020-06-09 15:11:14 - [MESSAGE][INFO] - Accepting Numeric

2020-06-09 15:11:14 - [MESSAGE][PASSED] - Call Test Case 'Test Cases/PFI Precision and Scale/PFI Components/NumericTextboxValidationII' successfully

2020-06-09 15:11:14 - [TEST_STEP][PASSED] - callTestCase(findTestCase("PFI Precision and Scale/PFI Components/InvalidDateErrorValidation"), ["FldNm":"d2aRecvDt"], STOP_ON_FAILURE): Call Test Case 'Test Cases/PFI Precision and Scale/PFI Components/InvalidDateErrorValidation' successfully

2020-06-09 15:11:14 - [TEST_CASE][PASSED] - Test Cases/PFI Precision and Scale/PFI Components/InvalidDateErrorValidation: Test Cases/PFI Precision and Scale/PFI Components/InvalidDateErrorValidation

2020-06-09 15:11:14 - [TEST_STEP][PASSED] - Thread.sleep(1000): null

2020-06-09 15:11:15 - [TEST_STEP][PASSED] - DateFieldNm = modifyObjectProperty(findTestObject("Object Repository/Objects.DateValidation/Page_ISPS2/input__orderDt"), "name", "equals", FldNm, true): Modify property of object successfully

2020-06-09 15:11:15 - [MESSAGE][PASSED] - Modify property of object successfully

2020-06-09 15:11:15 - [TEST_STEP][PASSED] - focus(DateFieldNm): Object: 'Object Repository/Objects.DateValidation/Page_ISPS2/input__orderDt' is focused

2020-06-09 15:11:15 - [MESSAGE][PASSED] - Object: 'Object Repository/Objects.DateValidation/Page_ISPS2/input__orderDt' is focused

2020-06-09 15:11:15 - [TEST_STEP][PASSED] - getInputInvalidDate = getAttribute(DateFieldNm, "value"): Attribute 'value' of object 'Object Repository/Objects.DateValidation/Page_ISPS2/input__orderDt' is: '33721124'

2020-06-09 15:11:15 - [MESSAGE][PASSED] - Attribute 'value' of object 'Object Repository/Objects.DateValidation/Page_ISPS2/input__orderDt' is: '33721124'

2020-06-09 15:11:15 - [TEST_STEP][PASSED] - mouseOver(DateFieldNm): Object: 'Object Repository/Objects.DateValidation/Page_ISPS2/input__orderDt' is hovered

2020-06-09 15:11:15 - [MESSAGE][PASSED] - Object: 'Object Repository/Objects.DateValidation/Page_ISPS2/input__orderDt' is hovered

2020-06-09 15:11:15 - [TEST_STEP][PASSED] - getErrMsg = getAttribute(DateFieldNm, "data-errorqtip"): Attribute 'data-errorqtip' of object 'Object Repository/Objects.DateValidation/Page_ISPS2/input__orderDt' is: '<ul class="x-list-plain"><li>33721124 is not a valid date - it must be in the format d/m/Y</li></ul>'

2020-06-09 15:11:15 - [MESSAGE][PASSED] - Attribute 'data-errorqtip' of object 'Object Repository/Objects.DateValidation/Page_ISPS2/input__orderDt' is: '<ul class="x-list-plain"><li>33721124 is not a valid date - it must be in the format d/m/Y</li></ul>'

2020-06-09 15:11:15 - [TEST_STEP][PASSED] - getTotalLength = getErrMsg.length(): null

2020-06-09 15:11:15 - [TEST_STEP][PASSED] - RemoveULClass = getErrMsg.substring(29, getTotalLength): null

2020-06-09 15:11:15 - [TEST_STEP][PASSED] - LengthNoUlClass = RemoveULClass.length() - 10: null

2020-06-09 15:11:15 - [TEST_STEP][PASSED] - ToolTipInvErrMsg = RemoveULClass.substring(0, LengthNoUlClass): null

2020-06-09 15:11:15 - [TEST_STEP][PASSED] - ExpectedInvalidErrMsg = concatenate(getInputInvalidDate, " ", NotValidDt): Concatenated string array: '['33721124',' ','is not a valid date - it must be in the format d/m/Y']' into '33721124 is not a valid date - it must be in the format d/m/Y'

2020-06-09 15:11:15 - [MESSAGE][PASSED] - Concatenated string array: '['33721124',' ','is not a valid date - it must be in the format d/m/Y']' into '33721124 is not a valid date - it must be in the format d/m/Y'

2020-06-09 15:11:15 - [TEST_STEP][PASSED] - verifyMatch(ToolTipInvErrMsg, ExpectedInvalidErrMsg, true): Actual text '33721124 is not a valid date - it must be in the format d/m/Y' and expected text '33721124 is not a valid date - it must be in the format d/m/Y' are matched  using regular expression

2020-06-09 15:11:15 - [MESSAGE][PASSED] - Actual text '33721124 is not a valid date - it must be in the format d/m/Y' and expected text '33721124 is not a valid date - it must be in the format d/m/Y' are matched  using regular expression

2020-06-09 15:11:15 - [MESSAGE][PASSED] - Call Test Case 'Test Cases/PFI Precision and Scale/PFI Components/InvalidDateErrorValidation' successfully

2020-06-09 15:11:15 - [TEST_STEP][PASSED] - callTestCase(findTestCase("PFI Precision and Scale/PFI Components with Indexing/SelectDayInDatePickerWithIndex"), ["FldNm":"d2aRecvDt", "SelectCurrentDay":"21", "index":3], STOP_ON_FAILURE): Call Test Case 'Test Cases/PFI Precision and Scale/PFI Components with Indexing/SelectDayInDatePickerWithIndex' successfully

2020-06-09 15:11:15 - [TEST_CASE][PASSED] - Test Cases/PFI Precision and Scale/PFI Components with Indexing/SelectDayInDatePickerWithIndex: Test Cases/PFI Precision and Scale/PFI Components with Indexing/SelectDayInDatePickerWithIndex

2020-06-09 15:11:15 - [TEST_STEP][PASSED] - Thread.sleep(1000): null

2020-06-09 15:11:16 - [TEST_STEP][PASSED] - DateFieldNm = modifyObjectProperty(findTestObject("Objects.HighlightElements/input_field"), "name", "equals", FldNm, true): Modify property of object successfully

2020-06-09 15:11:16 - [MESSAGE][PASSED] - Modify property of object successfully

2020-06-09 15:11:16 - [TEST_STEP][PASSED] - ModifyDay = modifyObjectProperty(findTestObject("Objects.DateValidation/Page_ISPS2/Select_Day_Index"), "xpath", "equals", "(//*[contains(@class, 'x-datepicker-date') and (text() = '" + SelectCurrentDay + "')])[" + index + "]", true): Modify property of object successfully

2020-06-09 15:11:16 - [MESSAGE][PASSED] - Modify property of object successfully

2020-06-09 15:11:16 - [TEST_STEP][PASSED] - sendKeys(DateFieldNm, Keys.chord(ARROW_DOWN)): Keys 'DOWN + ' sent to object: 'Object Repository/Objects.HighlightElements/input_field'

2020-06-09 15:11:16 - [MESSAGE][PASSED] - Keys 'DOWN + ' sent to object: 'Object Repository/Objects.HighlightElements/input_field'

2020-06-09 15:11:16 - [TEST_STEP][PASSED] - com.reusableComponents.HighlightElement.run(ModifyDay): com.reusableComponents.HighlightElement.run is PASSED

2020-06-09 15:11:17 - [MESSAGE][PASSED] - com.reusableComponents.HighlightElement.run is PASSED

2020-06-09 15:11:17 - [TEST_STEP][PASSED] - delay(1): Delayed 1 second(s)

2020-06-09 15:11:18 - [MESSAGE][PASSED] - Delayed 1 second(s)

2020-06-09 15:11:18 - [TEST_STEP][PASSED] - click(ModifyDay): Object: 'Object Repository/Objects.DateValidation/Page_ISPS2/Select_Day_Index' is clicked on

2020-06-09 15:11:18 - [MESSAGE][PASSED] - Object: 'Object Repository/Objects.DateValidation/Page_ISPS2/Select_Day_Index' is clicked on

2020-06-09 15:11:18 - [TEST_STEP][PASSED] - GetError = getAttribute(DateFieldNm, "data-errorqtip"): Attribute 'data-errorqtip' of object 'Object Repository/Objects.HighlightElements/input_field' is: ''

2020-06-09 15:11:18 - [MESSAGE][PASSED] - Attribute 'data-errorqtip' of object 'Object Repository/Objects.HighlightElements/input_field' is: ''

2020-06-09 15:11:18 - [TEST_STEP][PASSED] - if (GetError == ""): null

2020-06-09 15:11:18 - [TEST_STEP][PASSED] - GetEnteredDate = getAttribute(DateFieldNm, "value"): Attribute 'value' of object 'Object Repository/Objects.HighlightElements/input_field' is: '21/06/2020'

2020-06-09 15:11:18 - [MESSAGE][PASSED] - Attribute 'value' of object 'Object Repository/Objects.HighlightElements/input_field' is: '21/06/2020'

2020-06-09 15:11:18 - [TEST_STEP][PASSED] - DatePattern = Pattern.compile("^(1[0-2]|0[1-9])/(3[01]|[12][0-9]|0[1-9])/[0-9]{4}$"): null

2020-06-09 15:11:18 - [TEST_STEP][PASSED] - VerifyDateFormat = DatePattern.matcher(GetEnteredDate): null

2020-06-09 15:11:18 - [TEST_STEP][PASSED] - if (VerifyDateFormat.matches() == true): null

2020-06-09 15:11:18 - [MESSAGE][PASSED] - Call Test Case 'Test Cases/PFI Precision and Scale/PFI Components with Indexing/SelectDayInDatePickerWithIndex' successfully

2020-06-09 15:11:18 - [TEST_STEP][PASSED] - callTestCase(findTestCase("PFI Precision and Scale/PFI Components/SelectTodayInDatePicker"), ["FldNm":"d2aRecvDt", "index":3], STOP_ON_FAILURE): Call Test Case 'Test Cases/PFI Precision and Scale/PFI Components/SelectTodayInDatePicker' successfully

2020-06-09 15:11:18 - [TEST_CASE][PASSED] - Test Cases/PFI Precision and Scale/PFI Components/SelectTodayInDatePicker: Test Cases/PFI Precision and Scale/PFI Components/SelectTodayInDatePicker

2020-06-09 15:11:18 - [TEST_STEP][PASSED] - Thread.sleep(1000): null

2020-06-09 15:11:19 - [TEST_STEP][PASSED] - date = new java.util.Date(): null

2020-06-09 15:11:19 - [TEST_STEP][PASSED] - CurrentDate = new java.text.SimpleDateFormat(dd/MM/yyyy): null

2020-06-09 15:11:19 - [TEST_STEP][PASSED] - TodayDate = CurrentDate.format(date): null

2020-06-09 15:11:19 - [TEST_STEP][PASSED] - DateFieldNm = modifyObjectProperty(findTestObject("Object Repository/Objects.DateValidation/Page_ISPS2/input__orderDt"), "name", "equals", FldNm, true): Modify property of object successfully

2020-06-09 15:11:19 - [MESSAGE][PASSED] - Modify property of object successfully

2020-06-09 15:11:19 - [TEST_STEP][PASSED] - TodayBtn = modifyObjectProperty(findTestObject("Object Repository/Objects.DateValidation/Page_ISPS2/a_Today"), "xpath", "equals", "(//*[text() = 'Today'])[" + index + "]", true): Modify property of object successfully

2020-06-09 15:11:19 - [MESSAGE][PASSED] - Modify property of object successfully

2020-06-09 15:11:20 - [TEST_STEP][PASSED] - sendKeys(DateFieldNm, Keys.chord(ARROW_DOWN)): Keys 'DOWN + ' sent to object: 'Object Repository/Objects.DateValidation/Page_ISPS2/input__orderDt'

2020-06-09 15:11:20 - [MESSAGE][PASSED] - Keys 'DOWN + ' sent to object: 'Object Repository/Objects.DateValidation/Page_ISPS2/input__orderDt'

2020-06-09 15:11:20 - [TEST_STEP][PASSED] - com.reusableComponents.HighlightElement.run(TodayBtn): com.reusableComponents.HighlightElement.run is PASSED

2020-06-09 15:11:20 - [MESSAGE][PASSED] - com.reusableComponents.HighlightElement.run is PASSED

2020-06-09 15:11:20 - [TEST_STEP][PASSED] - click(TodayBtn): Object: 'Object Repository/Objects.DateValidation/Page_ISPS2/a_Today' is clicked on

2020-06-09 15:11:20 - [MESSAGE][PASSED] - Object: 'Object Repository/Objects.DateValidation/Page_ISPS2/a_Today' is clicked on

2020-06-09 15:11:20 - [TEST_STEP][PASSED] - GetEnteredDate = getAttribute(DateFieldNm, "value"): Attribute 'value' of object 'Object Repository/Objects.DateValidation/Page_ISPS2/input__orderDt' is: '09/06/2020'

2020-06-09 15:11:20 - [MESSAGE][PASSED] - Attribute 'value' of object 'Object Repository/Objects.DateValidation/Page_ISPS2/input__orderDt' is: '09/06/2020'

2020-06-09 15:11:20 - [TEST_STEP][PASSED] - verifyMatch(GetEnteredDate, TodayDate, true): Actual text '09/06/2020' and expected text '09/06/2020' are matched  using regular expression

2020-06-09 15:11:20 - [MESSAGE][PASSED] - Actual text '09/06/2020' and expected text '09/06/2020' are matched  using regular expression

2020-06-09 15:11:20 - [MESSAGE][PASSED] - Call Test Case 'Test Cases/PFI Precision and Scale/PFI Components/SelectTodayInDatePicker' successfully

2020-06-09 15:11:20 - [TEST_STEP][PASSED] - callTestCase(findTestCase("Components/HighlightLabelField"), ["LblName":"Inspection D2a Compliance Date *:"], STOP_ON_FAILURE): Call Test Case 'Test Cases/Components/HighlightLabelField' successfully

2020-06-09 15:11:20 - [TEST_CASE][PASSED] - Test Cases/Components/HighlightLabelField: Test Cases/Components/HighlightLabelField

2020-06-09 15:11:20 - [TEST_STEP][PASSED] - Thread.sleep(1000): null

2020-06-09 15:11:21 - [TEST_STEP][PASSED] - modifiedLblNm = modifyObjectProperty(findTestObject("Objects.HighlightElements/lblField"), "text", "equals", LblName, true): Modify property of object successfully

2020-06-09 15:11:21 - [MESSAGE][PASSED] - Modify property of object successfully

2020-06-09 15:11:21 - [TEST_STEP][PASSED] - com.reusableComponents.HighlightElement.run(modifiedLblNm): com.reusableComponents.HighlightElement.run is PASSED

2020-06-09 15:11:22 - [MESSAGE][PASSED] - com.reusableComponents.HighlightElement.run is PASSED

2020-06-09 15:11:22 - [MESSAGE][PASSED] - Call Test Case 'Test Cases/Components/HighlightLabelField' successfully

2020-06-09 15:11:22 - [TEST_STEP][PASSED] - callTestCase(findTestCase("Components/HighlightInputField"), ["InputFldName":"d2aComplDt"], STOP_ON_FAILURE): Call Test Case 'Test Cases/Components/HighlightInputField' successfully

2020-06-09 15:11:22 - [TEST_CASE][PASSED] - Test Cases/Components/HighlightInputField: Test Cases/Components/HighlightInputField

2020-06-09 15:11:22 - [TEST_STEP][PASSED] - Thread.sleep(1000): null

2020-06-09 15:11:23 - [TEST_STEP][PASSED] - modifiedLblNm = modifyObjectProperty(findTestObject("Objects.HighlightElements/input_field"), "name", "equals", InputFldName, true): Modify property of object successfully

2020-06-09 15:11:23 - [MESSAGE][PASSED] - Modify property of object successfully

2020-06-09 15:11:23 - [TEST_STEP][PASSED] - com.reusableComponents.HighlightElement.run(modifiedLblNm): com.reusableComponents.HighlightElement.run is PASSED

2020-06-09 15:11:23 - [MESSAGE][PASSED] - com.reusableComponents.HighlightElement.run is PASSED

2020-06-09 15:11:23 - [MESSAGE][PASSED] - Call Test Case 'Test Cases/Components/HighlightInputField' successfully

2020-06-09 15:11:23 - [TEST_STEP][PASSED] - callTestCase(findTestCase("PFI Precision and Scale/PFI Components/NumericTextboxValidationII"), ["nameToBeUsed":"d2aComplDt", "minLen":12], STOP_ON_FAILURE): Call Test Case 'Test Cases/PFI Precision and Scale/PFI Components/NumericTextboxValidationII' successfully

2020-06-09 15:11:23 - [TEST_CASE][PASSED] - Test Cases/PFI Precision and Scale/PFI Components/NumericTextboxValidationII: Test Cases/PFI Precision and Scale/PFI Components/NumericTextboxValidationII

2020-06-09 15:11:23 - [TEST_STEP][PASSED] - Thread.sleep(1000): null

2020-06-09 15:11:24 - [TEST_STEP][PASSED] - Numeric = "0123456789": null

2020-06-09 15:11:24 - [TEST_STEP][PASSED] - AlphaSpecialChar = z) + "`~!@#$%^&*()=_{}|\][;'":,?><"".join(): null

2020-06-09 15:11:24 - [TEST_STEP][PASSED] - RandomNumeric = RandomStringUtils.random(minLen, Numeric.toCharArray()): null

2020-06-09 15:11:24 - [TEST_STEP][PASSED] - RandomString = RandomStringUtils.random(minLen, AlphaSpecialChar): null

2020-06-09 15:11:24 - [TEST_STEP][PASSED] - regexPat = Pattern.compile("^[0-9]+$"): null

2020-06-09 15:11:24 - [TEST_STEP][PASSED] - NewInputNmField = modifyObjectProperty(findTestObject("Objects.RemarksValidation/input_Remarks"), "name", "equals", nameToBeUsed, true): Modify property of object successfully

2020-06-09 15:11:24 - [MESSAGE][PASSED] - Modify property of object successfully

2020-06-09 15:11:24 - [TEST_STEP][PASSED] - focus(NewInputNmField): Object: 'Object Repository/Objects.RemarksValidation/input_Remarks' is focused

2020-06-09 15:11:24 - [MESSAGE][PASSED] - Object: 'Object Repository/Objects.RemarksValidation/input_Remarks' is focused

2020-06-09 15:11:24 - [TEST_STEP][PASSED] - setText(NewInputNmField, RandomString): Text 'Yy|rZ&uU$:XZ' is set on object 'Object Repository/Objects.RemarksValidation/input_Remarks'

2020-06-09 15:11:24 - [MESSAGE][PASSED] - Text 'Yy|rZ&uU$:XZ' is set on object 'Object Repository/Objects.RemarksValidation/input_Remarks'

2020-06-09 15:11:24 - [TEST_STEP][PASSED] - GetInputVal = getAttribute(NewInputNmField, "value"): Attribute 'value' of object 'Object Repository/Objects.RemarksValidation/input_Remarks' is: ''

2020-06-09 15:11:24 - [MESSAGE][PASSED] - Attribute 'value' of object 'Object Repository/Objects.RemarksValidation/input_Remarks' is: ''

2020-06-09 15:11:24 - [TEST_STEP][PASSED] - if (GetInputVal.contains("e")): null

2020-06-09 15:11:24 - [TEST_STEP][PASSED] - else: Actual text '' and expected text '' are matched  using regular expression

2020-06-09 15:11:24 - [TEST_STEP][PASSED] - verifyMatch(GetInputVal, "", true): Actual text '' and expected text '' are matched  using regular expression

2020-06-09 15:11:24 - [MESSAGE][PASSED] - Actual text '' and expected text '' are matched  using regular expression

2020-06-09 15:11:24 - [TEST_STEP][PASSED] - setText(NewInputNmField, RandomNumeric): Text '613206888355' is set on object 'Object Repository/Objects.RemarksValidation/input_Remarks'

2020-06-09 15:11:25 - [MESSAGE][PASSED] - Text '613206888355' is set on object 'Object Repository/Objects.RemarksValidation/input_Remarks'

2020-06-09 15:11:25 - [TEST_STEP][PASSED] - GetEnteredIntegers = getAttribute(NewInputNmField, "value"): Attribute 'value' of object 'Object Repository/Objects.RemarksValidation/input_Remarks' is: '613206888355'

2020-06-09 15:11:25 - [MESSAGE][PASSED] - Attribute 'value' of object 'Object Repository/Objects.RemarksValidation/input_Remarks' is: '613206888355'

2020-06-09 15:11:25 - [TEST_STEP][PASSED] - matchStr = regexPat.matcher(GetEnteredIntegers): null

2020-06-09 15:11:25 - [TEST_STEP][PASSED] - if (matchStr.matches() == true): Accepting Numeric

2020-06-09 15:11:25 - [TEST_STEP][PASSED] - comment("Accepting Numeric"): Accepting Numeric

2020-06-09 15:11:25 - [MESSAGE][INFO] - Accepting Numeric

2020-06-09 15:11:25 - [MESSAGE][PASSED] - Call Test Case 'Test Cases/PFI Precision and Scale/PFI Components/NumericTextboxValidationII' successfully

2020-06-09 15:11:25 - [TEST_STEP][PASSED] - callTestCase(findTestCase("PFI Precision and Scale/PFI Components/InvalidDateErrorValidation"), ["FldNm":"d2aComplDt"], STOP_ON_FAILURE): Call Test Case 'Test Cases/PFI Precision and Scale/PFI Components/InvalidDateErrorValidation' successfully

2020-06-09 15:11:25 - [TEST_CASE][PASSED] - Test Cases/PFI Precision and Scale/PFI Components/InvalidDateErrorValidation: Test Cases/PFI Precision and Scale/PFI Components/InvalidDateErrorValidation

2020-06-09 15:11:25 - [TEST_STEP][PASSED] - Thread.sleep(1000): null

2020-06-09 15:11:26 - [TEST_STEP][PASSED] - DateFieldNm = modifyObjectProperty(findTestObject("Object Repository/Objects.DateValidation/Page_ISPS2/input__orderDt"), "name", "equals", FldNm, true): Modify property of object successfully

2020-06-09 15:11:26 - [MESSAGE][PASSED] - Modify property of object successfully

2020-06-09 15:11:26 - [TEST_STEP][PASSED] - focus(DateFieldNm): Object: 'Object Repository/Objects.DateValidation/Page_ISPS2/input__orderDt' is focused

2020-06-09 15:11:26 - [MESSAGE][PASSED] - Object: 'Object Repository/Objects.DateValidation/Page_ISPS2/input__orderDt' is focused

2020-06-09 15:11:26 - [TEST_STEP][PASSED] - getInputInvalidDate = getAttribute(DateFieldNm, "value"): Attribute 'value' of object 'Object Repository/Objects.DateValidation/Page_ISPS2/input__orderDt' is: '613206888355'

2020-06-09 15:11:26 - [MESSAGE][PASSED] - Attribute 'value' of object 'Object Repository/Objects.DateValidation/Page_ISPS2/input__orderDt' is: '613206888355'

2020-06-09 15:11:26 - [TEST_STEP][PASSED] - mouseOver(DateFieldNm): Object: 'Object Repository/Objects.DateValidation/Page_ISPS2/input__orderDt' is hovered

2020-06-09 15:11:26 - [MESSAGE][PASSED] - Object: 'Object Repository/Objects.DateValidation/Page_ISPS2/input__orderDt' is hovered

2020-06-09 15:11:26 - [TEST_STEP][PASSED] - getErrMsg = getAttribute(DateFieldNm, "data-errorqtip"): Attribute 'data-errorqtip' of object 'Object Repository/Objects.DateValidation/Page_ISPS2/input__orderDt' is: '<ul class="x-list-plain"><li>613206888355 is not a valid date - it must be in the format d/m/Y</li></ul>'

2020-06-09 15:11:26 - [MESSAGE][PASSED] - Attribute 'data-errorqtip' of object 'Object Repository/Objects.DateValidation/Page_ISPS2/input__orderDt' is: '<ul class="x-list-plain"><li>613206888355 is not a valid date - it must be in the format d/m/Y</li></ul>'

2020-06-09 15:11:26 - [TEST_STEP][PASSED] - getTotalLength = getErrMsg.length(): null

2020-06-09 15:11:26 - [TEST_STEP][PASSED] - RemoveULClass = getErrMsg.substring(29, getTotalLength): null

2020-06-09 15:11:26 - [TEST_STEP][PASSED] - LengthNoUlClass = RemoveULClass.length() - 10: null

2020-06-09 15:11:26 - [TEST_STEP][PASSED] - ToolTipInvErrMsg = RemoveULClass.substring(0, LengthNoUlClass): null

2020-06-09 15:11:26 - [TEST_STEP][PASSED] - ExpectedInvalidErrMsg = concatenate(getInputInvalidDate, " ", NotValidDt): Concatenated string array: '['613206888355',' ','is not a valid date - it must be in the format d/m/Y']' into '613206888355 is not a valid date - it must be in the format d/m/Y'

2020-06-09 15:11:26 - [MESSAGE][PASSED] - Concatenated string array: '['613206888355',' ','is not a valid date - it must be in the format d/m/Y']' into '613206888355 is not a valid date - it must be in the format d/m/Y'

2020-06-09 15:11:26 - [TEST_STEP][PASSED] - verifyMatch(ToolTipInvErrMsg, ExpectedInvalidErrMsg, true): Actual text '613206888355 is not a valid date - it must be in the format d/m/Y' and expected text '613206888355 is not a valid date - it must be in the format d/m/Y' are matched  using regular expression

2020-06-09 15:11:26 - [MESSAGE][PASSED] - Actual text '613206888355 is not a valid date - it must be in the format d/m/Y' and expected text '613206888355 is not a valid date - it must be in the format d/m/Y' are matched  using regular expression

2020-06-09 15:11:26 - [MESSAGE][PASSED] - Call Test Case 'Test Cases/PFI Precision and Scale/PFI Components/InvalidDateErrorValidation' successfully

2020-06-09 15:11:26 - [TEST_STEP][PASSED] - callTestCase(findTestCase("PFI Precision and Scale/PFI Components with Indexing/SelectDayInDatePickerWithIndex"), ["FldNm":"d2aComplDt", "SelectCurrentDay":"9", "index":7], STOP_ON_FAILURE): Call Test Case 'Test Cases/PFI Precision and Scale/PFI Components with Indexing/SelectDayInDatePickerWithIndex' successfully

2020-06-09 15:11:26 - [TEST_CASE][PASSED] - Test Cases/PFI Precision and Scale/PFI Components with Indexing/SelectDayInDatePickerWithIndex: Test Cases/PFI Precision and Scale/PFI Components with Indexing/SelectDayInDatePickerWithIndex

2020-06-09 15:11:26 - [TEST_STEP][PASSED] - Thread.sleep(1000): null

2020-06-09 15:11:27 - [TEST_STEP][PASSED] - DateFieldNm = modifyObjectProperty(findTestObject("Objects.HighlightElements/input_field"), "name", "equals", FldNm, true): Modify property of object successfully

2020-06-09 15:11:27 - [MESSAGE][PASSED] - Modify property of object successfully

2020-06-09 15:11:27 - [TEST_STEP][PASSED] - ModifyDay = modifyObjectProperty(findTestObject("Objects.DateValidation/Page_ISPS2/Select_Day_Index"), "xpath", "equals", "(//*[contains(@class, 'x-datepicker-date') and (text() = '" + SelectCurrentDay + "')])[" + index + "]", true): Modify property of object successfully

2020-06-09 15:11:27 - [MESSAGE][PASSED] - Modify property of object successfully

2020-06-09 15:11:27 - [TEST_STEP][PASSED] - sendKeys(DateFieldNm, Keys.chord(ARROW_DOWN)): Keys 'DOWN + ' sent to object: 'Object Repository/Objects.HighlightElements/input_field'

2020-06-09 15:11:27 - [MESSAGE][PASSED] - Keys 'DOWN + ' sent to object: 'Object Repository/Objects.HighlightElements/input_field'

2020-06-09 15:11:27 - [TEST_STEP][PASSED] - com.reusableComponents.HighlightElement.run(ModifyDay): com.reusableComponents.HighlightElement.run is PASSED

2020-06-09 15:11:28 - [MESSAGE][PASSED] - com.reusableComponents.HighlightElement.run is PASSED

2020-06-09 15:11:28 - [TEST_STEP][PASSED] - delay(1): Delayed 1 second(s)

2020-06-09 15:11:29 - [MESSAGE][PASSED] - Delayed 1 second(s)

2020-06-09 15:11:29 - [TEST_STEP][PASSED] - click(ModifyDay): Object: 'Object Repository/Objects.DateValidation/Page_ISPS2/Select_Day_Index' is clicked on

2020-06-09 15:11:29 - [MESSAGE][PASSED] - Object: 'Object Repository/Objects.DateValidation/Page_ISPS2/Select_Day_Index' is clicked on

2020-06-09 15:11:29 - [TEST_STEP][PASSED] - GetError = getAttribute(DateFieldNm, "data-errorqtip"): Attribute 'data-errorqtip' of object 'Object Repository/Objects.HighlightElements/input_field' is: ''

2020-06-09 15:11:29 - [MESSAGE][PASSED] - Attribute 'data-errorqtip' of object 'Object Repository/Objects.HighlightElements/input_field' is: ''

2020-06-09 15:11:29 - [TEST_STEP][PASSED] - if (GetError == ""): Date Format is valid

2020-06-09 15:11:29 - [TEST_STEP][PASSED] - GetEnteredDate = getAttribute(DateFieldNm, "value"): Attribute 'value' of object 'Object Repository/Objects.HighlightElements/input_field' is: '09/06/2020'

2020-06-09 15:11:29 - [MESSAGE][PASSED] - Attribute 'value' of object 'Object Repository/Objects.HighlightElements/input_field' is: '09/06/2020'

2020-06-09 15:11:29 - [TEST_STEP][PASSED] - DatePattern = Pattern.compile("^(1[0-2]|0[1-9])/(3[01]|[12][0-9]|0[1-9])/[0-9]{4}$"): null

2020-06-09 15:11:29 - [TEST_STEP][PASSED] - VerifyDateFormat = DatePattern.matcher(GetEnteredDate): null

2020-06-09 15:11:29 - [TEST_STEP][PASSED] - if (VerifyDateFormat.matches() == true): Date Format is valid

2020-06-09 15:11:29 - [TEST_STEP][PASSED] - comment("Date Format is valid"): Date Format is valid

2020-06-09 15:11:29 - [MESSAGE][INFO] - Date Format is valid

2020-06-09 15:11:29 - [MESSAGE][PASSED] - Call Test Case 'Test Cases/PFI Precision and Scale/PFI Components with Indexing/SelectDayInDatePickerWithIndex' successfully

2020-06-09 15:11:29 - [TEST_STEP][PASSED] - callTestCase(findTestCase("PFI Precision and Scale/PFI Components/SelectTodayInDatePicker"), ["FldNm":"d2aComplDt", "index":4], STOP_ON_FAILURE): Call Test Case 'Test Cases/PFI Precision and Scale/PFI Components/SelectTodayInDatePicker' successfully

2020-06-09 15:11:29 - [TEST_CASE][PASSED] - Test Cases/PFI Precision and Scale/PFI Components/SelectTodayInDatePicker: Test Cases/PFI Precision and Scale/PFI Components/SelectTodayInDatePicker

2020-06-09 15:11:29 - [TEST_STEP][PASSED] - Thread.sleep(1000): null

2020-06-09 15:11:30 - [TEST_STEP][PASSED] - date = new java.util.Date(): null

2020-06-09 15:11:30 - [TEST_STEP][PASSED] - CurrentDate = new java.text.SimpleDateFormat(dd/MM/yyyy): null

2020-06-09 15:11:30 - [TEST_STEP][PASSED] - TodayDate = CurrentDate.format(date): null

2020-06-09 15:11:30 - [TEST_STEP][PASSED] - DateFieldNm = modifyObjectProperty(findTestObject("Object Repository/Objects.DateValidation/Page_ISPS2/input__orderDt"), "name", "equals", FldNm, true): Modify property of object successfully

2020-06-09 15:11:30 - [MESSAGE][PASSED] - Modify property of object successfully

2020-06-09 15:11:30 - [TEST_STEP][PASSED] - TodayBtn = modifyObjectProperty(findTestObject("Object Repository/Objects.DateValidation/Page_ISPS2/a_Today"), "xpath", "equals", "(//*[text() = 'Today'])[" + index + "]", true): Modify property of object successfully

2020-06-09 15:11:30 - [MESSAGE][PASSED] - Modify property of object successfully

2020-06-09 15:11:30 - [TEST_STEP][PASSED] - sendKeys(DateFieldNm, Keys.chord(ARROW_DOWN)): Keys 'DOWN + ' sent to object: 'Object Repository/Objects.DateValidation/Page_ISPS2/input__orderDt'

2020-06-09 15:11:30 - [MESSAGE][PASSED] - Keys 'DOWN + ' sent to object: 'Object Repository/Objects.DateValidation/Page_ISPS2/input__orderDt'

2020-06-09 15:11:30 - [TEST_STEP][PASSED] - com.reusableComponents.HighlightElement.run(TodayBtn): com.reusableComponents.HighlightElement.run is PASSED

2020-06-09 15:11:30 - [MESSAGE][PASSED] - com.reusableComponents.HighlightElement.run is PASSED

2020-06-09 15:11:30 - [TEST_STEP][PASSED] - click(TodayBtn): Object: 'Object Repository/Objects.DateValidation/Page_ISPS2/a_Today' is clicked on

2020-06-09 15:11:30 - [MESSAGE][PASSED] - Object: 'Object Repository/Objects.DateValidation/Page_ISPS2/a_Today' is clicked on

2020-06-09 15:11:30 - [TEST_STEP][PASSED] - GetEnteredDate = getAttribute(DateFieldNm, "value"): Attribute 'value' of object 'Object Repository/Objects.DateValidation/Page_ISPS2/input__orderDt' is: '09/06/2020'

2020-06-09 15:11:30 - [MESSAGE][PASSED] - Attribute 'value' of object 'Object Repository/Objects.DateValidation/Page_ISPS2/input__orderDt' is: '09/06/2020'

2020-06-09 15:11:30 - [TEST_STEP][PASSED] - verifyMatch(GetEnteredDate, TodayDate, true): Actual text '09/06/2020' and expected text '09/06/2020' are matched  using regular expression

2020-06-09 15:11:30 - [MESSAGE][PASSED] - Actual text '09/06/2020' and expected text '09/06/2020' are matched  using regular expression

2020-06-09 15:11:30 - [MESSAGE][PASSED] - Call Test Case 'Test Cases/PFI Precision and Scale/PFI Components/SelectTodayInDatePicker' successfully

2020-06-09 15:11:30 - [TEST_STEP][PASSED] - callTestCase(findTestCase("Components/HighlightLabelField"), ["LblName":"PE Reference No *:"], STOP_ON_FAILURE): Call Test Case 'Test Cases/Components/HighlightLabelField' successfully

2020-06-09 15:11:30 - [TEST_CASE][PASSED] - Test Cases/Components/HighlightLabelField: Test Cases/Components/HighlightLabelField

2020-06-09 15:11:30 - [TEST_STEP][PASSED] - Thread.sleep(1000): null

2020-06-09 15:11:31 - [TEST_STEP][PASSED] - modifiedLblNm = modifyObjectProperty(findTestObject("Objects.HighlightElements/lblField"), "text", "equals", LblName, true): Modify property of object successfully

2020-06-09 15:11:32 - [MESSAGE][PASSED] - Modify property of object successfully

2020-06-09 15:11:32 - [TEST_STEP][PASSED] - com.reusableComponents.HighlightElement.run(modifiedLblNm): com.reusableComponents.HighlightElement.run is PASSED

2020-06-09 15:11:32 - [MESSAGE][PASSED] - com.reusableComponents.HighlightElement.run is PASSED

2020-06-09 15:11:32 - [MESSAGE][PASSED] - Call Test Case 'Test Cases/Components/HighlightLabelField' successfully

2020-06-09 15:11:32 - [TEST_STEP][PASSED] - callTestCase(findTestCase("Components/HighlightInputField"), ["InputFldName":"peRegNbr"], STOP_ON_FAILURE): Call Test Case 'Test Cases/Components/HighlightInputField' successfully

2020-06-09 15:11:32 - [TEST_CASE][PASSED] - Test Cases/Components/HighlightInputField: Test Cases/Components/HighlightInputField

2020-06-09 15:11:32 - [TEST_STEP][PASSED] - Thread.sleep(1000): null

2020-06-09 15:11:33 - [TEST_STEP][PASSED] - modifiedLblNm = modifyObjectProperty(findTestObject("Objects.HighlightElements/input_field"), "name", "equals", InputFldName, true): Modify property of object successfully

2020-06-09 15:11:33 - [MESSAGE][PASSED] - Modify property of object successfully

2020-06-09 15:11:33 - [TEST_STEP][PASSED] - com.reusableComponents.HighlightElement.run(modifiedLblNm): com.reusableComponents.HighlightElement.run is PASSED

2020-06-09 15:11:34 - [MESSAGE][PASSED] - com.reusableComponents.HighlightElement.run is PASSED

2020-06-09 15:11:34 - [MESSAGE][PASSED] - Call Test Case 'Test Cases/Components/HighlightInputField' successfully

2020-06-09 15:11:34 - [TEST_STEP][PASSED] - callTestCase(findTestCase("PFI Precision and Scale/PFI Components/VerifyDropdownValues"), ["FldNm":"peRegNbr", "CallTCName":"Test Cases/PFI Precision and Scale/HashMap Tables/PELists", "cmbNm":"PENo", "NoOfVal":10, ... ], STOP_ON_FAILURE): Call Test Case 'Test Cases/PFI Precision and Scale/PFI Components/VerifyDropdownValues' successfully

2020-06-09 15:11:34 - [TEST_CASE][PASSED] - Test Cases/PFI Precision and Scale/PFI Components/VerifyDropdownValues: Test Cases/PFI Precision and Scale/PFI Components/VerifyDropdownValues

2020-06-09 15:11:34 - [TEST_STEP][PASSED] - Thread.sleep(1000): null

2020-06-09 15:11:35 - [TEST_STEP][PASSED] - OutputFile = new java.io.File(DropdownValuesResult.txt): null

2020-06-09 15:11:35 - [TEST_STEP][PASSED] - TimeStamp = new java.util.Date(): null

2020-06-09 15:11:35 - [TEST_STEP][PASSED] - NewInputNmField = modifyObjectProperty(findTestObject("Objects.HighlightElements/input_field"), "name", "equals", FldNm, true): Modify property of object successfully

2020-06-09 15:11:35 - [MESSAGE][PASSED] - Modify property of object successfully

2020-06-09 15:11:35 - [TEST_STEP][PASSED] - comboNm = cmbNm: null

2020-06-09 15:11:35 - [TEST_STEP][PASSED] - focus(NewInputNmField): Object: 'Object Repository/Objects.HighlightElements/input_field' is focused

2020-06-09 15:11:35 - [MESSAGE][PASSED] - Object: 'Object Repository/Objects.HighlightElements/input_field' is focused

2020-06-09 15:11:35 - [TEST_STEP][PASSED] - setText(NewInputNmField, EnterValue): Text '0016' is set on object 'Object Repository/Objects.HighlightElements/input_field'

2020-06-09 15:11:35 - [MESSAGE][PASSED] - Text '0016' is set on object 'Object Repository/Objects.HighlightElements/input_field'

2020-06-09 15:11:35 - [TEST_STEP][PASSED] - for ([i = 1, i <= NoOfVal, (i++)]): Keys 'DOWN + ' sent to object: 'Object Repository/Objects.HighlightElements/input_field'

2020-06-09 15:11:35 - [TEST_STEP][PASSED] - sendKeys(NewInputNmField, Keys.chord(ARROW_DOWN)): Keys 'DOWN + ' sent to object: 'Object Repository/Objects.HighlightElements/input_field'

2020-06-09 15:11:35 - [MESSAGE][PASSED] - Keys 'DOWN + ' sent to object: 'Object Repository/Objects.HighlightElements/input_field'

2020-06-09 15:11:35 - [TEST_STEP][PASSED] - delay(DelayTime): Delayed 5 second(s)

2020-06-09 15:11:40 - [MESSAGE][PASSED] - Delayed 5 second(s)

2020-06-09 15:11:40 - [TEST_STEP][PASSED] - sendKeys(NewInputNmField, Keys.chord(ENTER)): Keys 'ENTER + ' sent to object: 'Object Repository/Objects.HighlightElements/input_field'

2020-06-09 15:11:40 - [MESSAGE][PASSED] - Keys 'ENTER + ' sent to object: 'Object Repository/Objects.HighlightElements/input_field'

2020-06-09 15:11:40 - [TEST_STEP][PASSED] - ComboBoxValue = getAttribute(NewInputNmField, "value"): Attribute 'value' of object 'Object Repository/Objects.HighlightElements/input_field' is: '0016'

2020-06-09 15:11:40 - [MESSAGE][PASSED] - Attribute 'value' of object 'Object Repository/Objects.HighlightElements/input_field' is: '0016'

2020-06-09 15:11:40 - [TEST_STEP][PASSED] - callTestCase(findTestCase(CallTCName), ["FindValue":ComboBoxValue, "DropdownNm":comboNm], STOP_ON_FAILURE): Call Test Case 'Test Cases/PFI Precision and Scale/HashMap Tables/PELists' successfully

2020-06-09 15:11:40 - [TEST_CASE][PASSED] - Test Cases/PFI Precision and Scale/HashMap Tables/PELists: Test Cases/PFI Precision and Scale/HashMap Tables/PELists

2020-06-09 15:11:40 - [TEST_STEP][PASSED] - Thread.sleep(1000): null

2020-06-09 15:11:41 - [TEST_STEP][PASSED] - PEListsTBL = ["0011":"QP-Formatted Address", "0012":"QP-0012", "0014":"QP-0014", "0015":"QP-0015", "0016":"QP-0016", "3214":"Dummy QP Name 3861", ... ]: null

2020-06-09 15:11:41 - [TEST_STEP][PASSED] - switch (DropdownNm): null

2020-06-09 15:11:41 - [TEST_STEP][PASSED] - case "PENo":: null

2020-06-09 15:11:41 - [TEST_STEP][PASSED] - ValueFound = FindValue + " (" + get(FindValue).toString() + ")": null

2020-06-09 15:11:41 - [TEST_STEP][PASSED] - break: null

2020-06-09 15:11:41 - [MESSAGE][PASSED] - Call Test Case 'Test Cases/PFI Precision and Scale/HashMap Tables/PELists' successfully

2020-06-09 15:11:41 - [TEST_STEP][PASSED] - OutputFile.append("Search Value: " + ComboBoxValue + " " + "Found Value: " + ValueFound + TimeStamp + "
"): null

2020-06-09 15:11:41 - [TEST_STEP][PASSED] - sendKeys(NewInputNmField, Keys.chord(ARROW_DOWN)): Keys 'DOWN + ' sent to object: 'Object Repository/Objects.HighlightElements/input_field'

2020-06-09 15:11:41 - [MESSAGE][PASSED] - Keys 'DOWN + ' sent to object: 'Object Repository/Objects.HighlightElements/input_field'

2020-06-09 15:11:41 - [TEST_STEP][PASSED] - sendKeys(NewInputNmField, Keys.chord(ARROW_DOWN)): Keys 'DOWN + ' sent to object: 'Object Repository/Objects.HighlightElements/input_field'

2020-06-09 15:11:41 - [MESSAGE][PASSED] - Keys 'DOWN + ' sent to object: 'Object Repository/Objects.HighlightElements/input_field'

2020-06-09 15:11:41 - [TEST_STEP][PASSED] - delay(DelayTime): Delayed 5 second(s)

2020-06-09 15:11:46 - [MESSAGE][PASSED] - Delayed 5 second(s)

2020-06-09 15:11:46 - [TEST_STEP][PASSED] - sendKeys(NewInputNmField, Keys.chord(ENTER)): Keys 'ENTER + ' sent to object: 'Object Repository/Objects.HighlightElements/input_field'

2020-06-09 15:11:46 - [MESSAGE][PASSED] - Keys 'ENTER + ' sent to object: 'Object Repository/Objects.HighlightElements/input_field'

2020-06-09 15:11:46 - [TEST_STEP][PASSED] - ComboBoxValue = getAttribute(NewInputNmField, "value"): Attribute 'value' of object 'Object Repository/Objects.HighlightElements/input_field' is: '0011'

2020-06-09 15:11:46 - [MESSAGE][PASSED] - Attribute 'value' of object 'Object Repository/Objects.HighlightElements/input_field' is: '0011'

2020-06-09 15:11:46 - [TEST_STEP][PASSED] - callTestCase(findTestCase(CallTCName), ["FindValue":ComboBoxValue, "DropdownNm":comboNm], STOP_ON_FAILURE): Call Test Case 'Test Cases/PFI Precision and Scale/HashMap Tables/PELists' successfully

2020-06-09 15:11:46 - [TEST_CASE][PASSED] - Test Cases/PFI Precision and Scale/HashMap Tables/PELists: Test Cases/PFI Precision and Scale/HashMap Tables/PELists

2020-06-09 15:11:46 - [TEST_STEP][PASSED] - Thread.sleep(1000): null

2020-06-09 15:11:47 - [TEST_STEP][PASSED] - PEListsTBL = ["0011":"QP-Formatted Address", "0012":"QP-0012", "0014":"QP-0014", "0015":"QP-0015", "0016":"QP-0016", "3214":"Dummy QP Name 3861", ... ]: null

2020-06-09 15:11:47 - [TEST_STEP][PASSED] - switch (DropdownNm): null

2020-06-09 15:11:47 - [TEST_STEP][PASSED] - case "PENo":: null

2020-06-09 15:11:47 - [TEST_STEP][PASSED] - ValueFound = FindValue + " (" + get(FindValue).toString() + ")": null

2020-06-09 15:11:47 - [TEST_STEP][PASSED] - break: null

2020-06-09 15:11:47 - [MESSAGE][PASSED] - Call Test Case 'Test Cases/PFI Precision and Scale/HashMap Tables/PELists' successfully

2020-06-09 15:11:47 - [TEST_STEP][PASSED] - OutputFile.append("Search Value: " + ComboBoxValue + " " + "Found Value: " + ValueFound + TimeStamp + "
"): null

2020-06-09 15:11:47 - [TEST_STEP][PASSED] - sendKeys(NewInputNmField, Keys.chord(ARROW_DOWN)): Keys 'DOWN + ' sent to object: 'Object Repository/Objects.HighlightElements/input_field'

2020-06-09 15:11:47 - [MESSAGE][PASSED] - Keys 'DOWN + ' sent to object: 'Object Repository/Objects.HighlightElements/input_field'

2020-06-09 15:11:47 - [TEST_STEP][PASSED] - sendKeys(NewInputNmField, Keys.chord(ARROW_DOWN)): Keys 'DOWN + ' sent to object: 'Object Repository/Objects.HighlightElements/input_field'

2020-06-09 15:11:47 - [MESSAGE][PASSED] - Keys 'DOWN + ' sent to object: 'Object Repository/Objects.HighlightElements/input_field'

2020-06-09 15:11:47 - [TEST_STEP][PASSED] - delay(DelayTime): Delayed 5 second(s)

2020-06-09 15:11:52 - [MESSAGE][PASSED] - Delayed 5 second(s)

2020-06-09 15:11:52 - [TEST_STEP][PASSED] - sendKeys(NewInputNmField, Keys.chord(ENTER)): Keys 'ENTER + ' sent to object: 'Object Repository/Objects.HighlightElements/input_field'

2020-06-09 15:11:52 - [MESSAGE][PASSED] - Keys 'ENTER + ' sent to object: 'Object Repository/Objects.HighlightElements/input_field'

2020-06-09 15:11:52 - [TEST_STEP][PASSED] - ComboBoxValue = getAttribute(NewInputNmField, "value"): Attribute 'value' of object 'Object Repository/Objects.HighlightElements/input_field' is: '1004'

2020-06-09 15:11:52 - [MESSAGE][PASSED] - Attribute 'value' of object 'Object Repository/Objects.HighlightElements/input_field' is: '1004'

2020-06-09 15:11:52 - [TEST_STEP][PASSED] - callTestCase(findTestCase(CallTCName), ["FindValue":ComboBoxValue, "DropdownNm":comboNm], STOP_ON_FAILURE): Call Test Case 'Test Cases/PFI Precision and Scale/HashMap Tables/PELists' successfully

2020-06-09 15:11:52 - [TEST_CASE][PASSED] - Test Cases/PFI Precision and Scale/HashMap Tables/PELists: Test Cases/PFI Precision and Scale/HashMap Tables/PELists

2020-06-09 15:11:52 - [TEST_STEP][PASSED] - Thread.sleep(1000): null

2020-06-09 15:11:53 - [TEST_STEP][PASSED] - PEListsTBL = ["0011":"QP-Formatted Address", "0012":"QP-0012", "0014":"QP-0014", "0015":"QP-0015", "0016":"QP-0016", "3214":"Dummy QP Name 3861", ... ]: null

2020-06-09 15:11:53 - [TEST_STEP][PASSED] - switch (DropdownNm): null

2020-06-09 15:11:53 - [TEST_STEP][PASSED] - case "PENo":: null

2020-06-09 15:11:53 - [TEST_STEP][PASSED] - ValueFound = FindValue + " (" + get(FindValue).toString() + ")": null

2020-06-09 15:11:53 - [TEST_STEP][PASSED] - break: null

2020-06-09 15:11:53 - [MESSAGE][PASSED] - Call Test Case 'Test Cases/PFI Precision and Scale/HashMap Tables/PELists' successfully

2020-06-09 15:11:53 - [TEST_STEP][PASSED] - OutputFile.append("Search Value: " + ComboBoxValue + " " + "Found Value: " + ValueFound + TimeStamp + "
"): null

2020-06-09 15:11:53 - [TEST_STEP][PASSED] - sendKeys(NewInputNmField, Keys.chord(ARROW_DOWN)): Keys 'DOWN + ' sent to object: 'Object Repository/Objects.HighlightElements/input_field'

2020-06-09 15:11:53 - [MESSAGE][PASSED] - Keys 'DOWN + ' sent to object: 'Object Repository/Objects.HighlightElements/input_field'

2020-06-09 15:11:53 - [TEST_STEP][PASSED] - sendKeys(NewInputNmField, Keys.chord(ARROW_DOWN)): Keys 'DOWN + ' sent to object: 'Object Repository/Objects.HighlightElements/input_field'

2020-06-09 15:11:54 - [MESSAGE][PASSED] - Keys 'DOWN + ' sent to object: 'Object Repository/Objects.HighlightElements/input_field'

2020-06-09 15:11:54 - [TEST_STEP][PASSED] - delay(DelayTime): Delayed 5 second(s)

2020-06-09 15:11:59 - [MESSAGE][PASSED] - Delayed 5 second(s)

2020-06-09 15:11:59 - [TEST_STEP][PASSED] - sendKeys(NewInputNmField, Keys.chord(ENTER)): Keys 'ENTER + ' sent to object: 'Object Repository/Objects.HighlightElements/input_field'

2020-06-09 15:11:59 - [MESSAGE][PASSED] - Keys 'ENTER + ' sent to object: 'Object Repository/Objects.HighlightElements/input_field'

2020-06-09 15:11:59 - [TEST_STEP][PASSED] - ComboBoxValue = getAttribute(NewInputNmField, "value"): Attribute 'value' of object 'Object Repository/Objects.HighlightElements/input_field' is: '1003'

2020-06-09 15:11:59 - [MESSAGE][PASSED] - Attribute 'value' of object 'Object Repository/Objects.HighlightElements/input_field' is: '1003'

2020-06-09 15:11:59 - [TEST_STEP][PASSED] - callTestCase(findTestCase(CallTCName), ["FindValue":ComboBoxValue, "DropdownNm":comboNm], STOP_ON_FAILURE): Call Test Case 'Test Cases/PFI Precision and Scale/HashMap Tables/PELists' successfully

2020-06-09 15:11:59 - [TEST_CASE][PASSED] - Test Cases/PFI Precision and Scale/HashMap Tables/PELists: Test Cases/PFI Precision and Scale/HashMap Tables/PELists

2020-06-09 15:11:59 - [TEST_STEP][PASSED] - Thread.sleep(1000): null

2020-06-09 15:12:00 - [TEST_STEP][PASSED] - PEListsTBL = ["0011":"QP-Formatted Address", "0012":"QP-0012", "0014":"QP-0014", "0015":"QP-0015", "0016":"QP-0016", "3214":"Dummy QP Name 3861", ... ]: null

2020-06-09 15:12:00 - [TEST_STEP][PASSED] - switch (DropdownNm): null

2020-06-09 15:12:00 - [TEST_STEP][PASSED] - case "PENo":: null

2020-06-09 15:12:00 - [TEST_STEP][PASSED] - ValueFound = FindValue + " (" + get(FindValue).toString() + ")": null

2020-06-09 15:12:00 - [TEST_STEP][PASSED] - break: null

2020-06-09 15:12:00 - [MESSAGE][PASSED] - Call Test Case 'Test Cases/PFI Precision and Scale/HashMap Tables/PELists' successfully

2020-06-09 15:12:00 - [TEST_STEP][PASSED] - OutputFile.append("Search Value: " + ComboBoxValue + " " + "Found Value: " + ValueFound + TimeStamp + "
"): null

2020-06-09 15:12:00 - [TEST_STEP][PASSED] - sendKeys(NewInputNmField, Keys.chord(ARROW_DOWN)): Keys 'DOWN + ' sent to object: 'Object Repository/Objects.HighlightElements/input_field'

2020-06-09 15:12:00 - [MESSAGE][PASSED] - Keys 'DOWN + ' sent to object: 'Object Repository/Objects.HighlightElements/input_field'

2020-06-09 15:12:00 - [TEST_STEP][PASSED] - sendKeys(NewInputNmField, Keys.chord(ARROW_DOWN)): Keys 'DOWN + ' sent to object: 'Object Repository/Objects.HighlightElements/input_field'

2020-06-09 15:12:00 - [MESSAGE][PASSED] - Keys 'DOWN + ' sent to object: 'Object Repository/Objects.HighlightElements/input_field'

2020-06-09 15:12:00 - [TEST_STEP][PASSED] - delay(DelayTime): Delayed 5 second(s)

2020-06-09 15:12:05 - [MESSAGE][PASSED] - Delayed 5 second(s)

2020-06-09 15:12:05 - [TEST_STEP][PASSED] - sendKeys(NewInputNmField, Keys.chord(ENTER)): Keys 'ENTER + ' sent to object: 'Object Repository/Objects.HighlightElements/input_field'

2020-06-09 15:12:05 - [MESSAGE][PASSED] - Keys 'ENTER + ' sent to object: 'Object Repository/Objects.HighlightElements/input_field'

2020-06-09 15:12:05 - [TEST_STEP][PASSED] - ComboBoxValue = getAttribute(NewInputNmField, "value"): Attribute 'value' of object 'Object Repository/Objects.HighlightElements/input_field' is: '0011'

2020-06-09 15:12:05 - [MESSAGE][PASSED] - Attribute 'value' of object 'Object Repository/Objects.HighlightElements/input_field' is: '0011'

2020-06-09 15:12:05 - [TEST_STEP][PASSED] - callTestCase(findTestCase(CallTCName), ["FindValue":ComboBoxValue, "DropdownNm":comboNm], STOP_ON_FAILURE): Call Test Case 'Test Cases/PFI Precision and Scale/HashMap Tables/PELists' successfully

2020-06-09 15:12:05 - [TEST_CASE][PASSED] - Test Cases/PFI Precision and Scale/HashMap Tables/PELists: Test Cases/PFI Precision and Scale/HashMap Tables/PELists

2020-06-09 15:12:05 - [TEST_STEP][PASSED] - Thread.sleep(1000): null

2020-06-09 15:12:06 - [TEST_STEP][PASSED] - PEListsTBL = ["0011":"QP-Formatted Address", "0012":"QP-0012", "0014":"QP-0014", "0015":"QP-0015", "0016":"QP-0016", "3214":"Dummy QP Name 3861", ... ]: null

2020-06-09 15:12:06 - [TEST_STEP][PASSED] - switch (DropdownNm): null

2020-06-09 15:12:06 - [TEST_STEP][PASSED] - case "PENo":: null

2020-06-09 15:12:06 - [TEST_STEP][PASSED] - ValueFound = FindValue + " (" + get(FindValue).toString() + ")": null

2020-06-09 15:12:06 - [TEST_STEP][PASSED] - break: null

2020-06-09 15:12:06 - [MESSAGE][PASSED] - Call Test Case 'Test Cases/PFI Precision and Scale/HashMap Tables/PELists' successfully

2020-06-09 15:12:06 - [TEST_STEP][PASSED] - OutputFile.append("Search Value: " + ComboBoxValue + " " + "Found Value: " + ValueFound + TimeStamp + "
"): null

2020-06-09 15:12:06 - [TEST_STEP][PASSED] - sendKeys(NewInputNmField, Keys.chord(ARROW_DOWN)): Keys 'DOWN + ' sent to object: 'Object Repository/Objects.HighlightElements/input_field'

2020-06-09 15:12:06 - [MESSAGE][PASSED] - Keys 'DOWN + ' sent to object: 'Object Repository/Objects.HighlightElements/input_field'

2020-06-09 15:12:06 - [TEST_STEP][PASSED] - sendKeys(NewInputNmField, Keys.chord(ARROW_DOWN)): Keys 'DOWN + ' sent to object: 'Object Repository/Objects.HighlightElements/input_field'

2020-06-09 15:12:06 - [MESSAGE][PASSED] - Keys 'DOWN + ' sent to object: 'Object Repository/Objects.HighlightElements/input_field'

2020-06-09 15:12:06 - [TEST_STEP][PASSED] - delay(DelayTime): Delayed 5 second(s)

2020-06-09 15:12:11 - [MESSAGE][PASSED] - Delayed 5 second(s)

2020-06-09 15:12:11 - [TEST_STEP][PASSED] - sendKeys(NewInputNmField, Keys.chord(ENTER)): Keys 'ENTER + ' sent to object: 'Object Repository/Objects.HighlightElements/input_field'

2020-06-09 15:12:11 - [MESSAGE][PASSED] - Keys 'ENTER + ' sent to object: 'Object Repository/Objects.HighlightElements/input_field'

2020-06-09 15:12:11 - [TEST_STEP][PASSED] - ComboBoxValue = getAttribute(NewInputNmField, "value"): Attribute 'value' of object 'Object Repository/Objects.HighlightElements/input_field' is: '1123'

2020-06-09 15:12:11 - [MESSAGE][PASSED] - Attribute 'value' of object 'Object Repository/Objects.HighlightElements/input_field' is: '1123'

2020-06-09 15:12:11 - [TEST_STEP][PASSED] - callTestCase(findTestCase(CallTCName), ["FindValue":ComboBoxValue, "DropdownNm":comboNm], STOP_ON_FAILURE): Call Test Case 'Test Cases/PFI Precision and Scale/HashMap Tables/PELists' successfully

2020-06-09 15:12:11 - [TEST_CASE][PASSED] - Test Cases/PFI Precision and Scale/HashMap Tables/PELists: Test Cases/PFI Precision and Scale/HashMap Tables/PELists

2020-06-09 15:12:11 - [TEST_STEP][PASSED] - Thread.sleep(1000): null

2020-06-09 15:12:12 - [TEST_STEP][PASSED] - PEListsTBL = ["0011":"QP-Formatted Address", "0012":"QP-0012", "0014":"QP-0014", "0015":"QP-0015", "0016":"QP-0016", "3214":"Dummy QP Name 3861", ... ]: null

2020-06-09 15:12:12 - [TEST_STEP][PASSED] - switch (DropdownNm): null

2020-06-09 15:12:12 - [TEST_STEP][PASSED] - case "PENo":: null

2020-06-09 15:12:12 - [TEST_STEP][PASSED] - ValueFound = FindValue + " (" + get(FindValue).toString() + ")": null

2020-06-09 15:12:12 - [TEST_STEP][PASSED] - break: null

2020-06-09 15:12:12 - [MESSAGE][PASSED] - Call Test Case 'Test Cases/PFI Precision and Scale/HashMap Tables/PELists' successfully

2020-06-09 15:12:12 - [TEST_STEP][PASSED] - OutputFile.append("Search Value: " + ComboBoxValue + " " + "Found Value: " + ValueFound + TimeStamp + "
"): null

2020-06-09 15:12:12 - [TEST_STEP][PASSED] - sendKeys(NewInputNmField, Keys.chord(ARROW_DOWN)): Keys 'DOWN + ' sent to object: 'Object Repository/Objects.HighlightElements/input_field'

2020-06-09 15:12:12 - [MESSAGE][PASSED] - Keys 'DOWN + ' sent to object: 'Object Repository/Objects.HighlightElements/input_field'

2020-06-09 15:12:12 - [TEST_STEP][PASSED] - sendKeys(NewInputNmField, Keys.chord(ARROW_DOWN)): Keys 'DOWN + ' sent to object: 'Object Repository/Objects.HighlightElements/input_field'

2020-06-09 15:12:12 - [MESSAGE][PASSED] - Keys 'DOWN + ' sent to object: 'Object Repository/Objects.HighlightElements/input_field'

2020-06-09 15:12:12 - [TEST_STEP][PASSED] - delay(DelayTime): Delayed 5 second(s)

2020-06-09 15:12:17 - [MESSAGE][PASSED] - Delayed 5 second(s)

2020-06-09 15:12:17 - [TEST_STEP][PASSED] - sendKeys(NewInputNmField, Keys.chord(ENTER)): Keys 'ENTER + ' sent to object: 'Object Repository/Objects.HighlightElements/input_field'

2020-06-09 15:12:17 - [MESSAGE][PASSED] - Keys 'ENTER + ' sent to object: 'Object Repository/Objects.HighlightElements/input_field'

2020-06-09 15:12:17 - [TEST_STEP][PASSED] - ComboBoxValue = getAttribute(NewInputNmField, "value"): Attribute 'value' of object 'Object Repository/Objects.HighlightElements/input_field' is: '0017'

2020-06-09 15:12:17 - [MESSAGE][PASSED] - Attribute 'value' of object 'Object Repository/Objects.HighlightElements/input_field' is: '0017'

2020-06-09 15:12:17 - [TEST_STEP][PASSED] - callTestCase(findTestCase(CallTCName), ["FindValue":ComboBoxValue, "DropdownNm":comboNm], STOP_ON_FAILURE): Call Test Case 'Test Cases/PFI Precision and Scale/HashMap Tables/PELists' successfully

2020-06-09 15:12:17 - [TEST_CASE][PASSED] - Test Cases/PFI Precision and Scale/HashMap Tables/PELists: Test Cases/PFI Precision and Scale/HashMap Tables/PELists

2020-06-09 15:12:17 - [TEST_STEP][PASSED] - Thread.sleep(1000): null

2020-06-09 15:12:18 - [TEST_STEP][PASSED] - PEListsTBL = ["0011":"QP-Formatted Address", "0012":"QP-0012", "0014":"QP-0014", "0015":"QP-0015", "0016":"QP-0016", "3214":"Dummy QP Name 3861", ... ]: null

2020-06-09 15:12:18 - [TEST_STEP][PASSED] - switch (DropdownNm): null

2020-06-09 15:12:18 - [TEST_STEP][PASSED] - case "PENo":: null

2020-06-09 15:12:18 - [TEST_STEP][PASSED] - ValueFound = FindValue + " (" + get(FindValue).toString() + ")": null

2020-06-09 15:12:18 - [TEST_STEP][PASSED] - break: null

2020-06-09 15:12:18 - [MESSAGE][PASSED] - Call Test Case 'Test Cases/PFI Precision and Scale/HashMap Tables/PELists' successfully

2020-06-09 15:12:18 - [TEST_STEP][PASSED] - OutputFile.append("Search Value: " + ComboBoxValue + " " + "Found Value: " + ValueFound + TimeStamp + "
"): null

2020-06-09 15:12:18 - [TEST_STEP][PASSED] - sendKeys(NewInputNmField, Keys.chord(ARROW_DOWN)): Keys 'DOWN + ' sent to object: 'Object Repository/Objects.HighlightElements/input_field'

2020-06-09 15:12:18 - [MESSAGE][PASSED] - Keys 'DOWN + ' sent to object: 'Object Repository/Objects.HighlightElements/input_field'

2020-06-09 15:12:18 - [TEST_STEP][PASSED] - sendKeys(NewInputNmField, Keys.chord(ARROW_DOWN)): Keys 'DOWN + ' sent to object: 'Object Repository/Objects.HighlightElements/input_field'

2020-06-09 15:12:18 - [MESSAGE][PASSED] - Keys 'DOWN + ' sent to object: 'Object Repository/Objects.HighlightElements/input_field'

2020-06-09 15:12:18 - [TEST_STEP][PASSED] - delay(DelayTime): Delayed 5 second(s)

2020-06-09 15:12:23 - [MESSAGE][PASSED] - Delayed 5 second(s)

2020-06-09 15:12:23 - [TEST_STEP][PASSED] - sendKeys(NewInputNmField, Keys.chord(ENTER)): Keys 'ENTER + ' sent to object: 'Object Repository/Objects.HighlightElements/input_field'

2020-06-09 15:12:23 - [MESSAGE][PASSED] - Keys 'ENTER + ' sent to object: 'Object Repository/Objects.HighlightElements/input_field'

2020-06-09 15:12:23 - [TEST_STEP][PASSED] - ComboBoxValue = getAttribute(NewInputNmField, "value"): Attribute 'value' of object 'Object Repository/Objects.HighlightElements/input_field' is: '0016'

2020-06-09 15:12:23 - [MESSAGE][PASSED] - Attribute 'value' of object 'Object Repository/Objects.HighlightElements/input_field' is: '0016'

2020-06-09 15:12:23 - [TEST_STEP][PASSED] - callTestCase(findTestCase(CallTCName), ["FindValue":ComboBoxValue, "DropdownNm":comboNm], STOP_ON_FAILURE): Call Test Case 'Test Cases/PFI Precision and Scale/HashMap Tables/PELists' successfully

2020-06-09 15:12:24 - [TEST_CASE][PASSED] - Test Cases/PFI Precision and Scale/HashMap Tables/PELists: Test Cases/PFI Precision and Scale/HashMap Tables/PELists

2020-06-09 15:12:24 - [TEST_STEP][PASSED] - Thread.sleep(1000): null

2020-06-09 15:12:25 - [TEST_STEP][PASSED] - PEListsTBL = ["0011":"QP-Formatted Address", "0012":"QP-0012", "0014":"QP-0014", "0015":"QP-0015", "0016":"QP-0016", "3214":"Dummy QP Name 3861", ... ]: null

2020-06-09 15:12:25 - [TEST_STEP][PASSED] - switch (DropdownNm): null

2020-06-09 15:12:25 - [TEST_STEP][PASSED] - case "PENo":: null

2020-06-09 15:12:25 - [TEST_STEP][PASSED] - ValueFound = FindValue + " (" + get(FindValue).toString() + ")": null

2020-06-09 15:12:25 - [TEST_STEP][PASSED] - break: null

2020-06-09 15:12:25 - [MESSAGE][PASSED] - Call Test Case 'Test Cases/PFI Precision and Scale/HashMap Tables/PELists' successfully

2020-06-09 15:12:25 - [TEST_STEP][PASSED] - OutputFile.append("Search Value: " + ComboBoxValue + " " + "Found Value: " + ValueFound + TimeStamp + "
"): null

2020-06-09 15:12:25 - [TEST_STEP][PASSED] - sendKeys(NewInputNmField, Keys.chord(ARROW_DOWN)): Keys 'DOWN + ' sent to object: 'Object Repository/Objects.HighlightElements/input_field'

2020-06-09 15:12:25 - [MESSAGE][PASSED] - Keys 'DOWN + ' sent to object: 'Object Repository/Objects.HighlightElements/input_field'

2020-06-09 15:12:25 - [TEST_STEP][PASSED] - sendKeys(NewInputNmField, Keys.chord(ARROW_DOWN)): Keys 'DOWN + ' sent to object: 'Object Repository/Objects.HighlightElements/input_field'

2020-06-09 15:12:25 - [MESSAGE][PASSED] - Keys 'DOWN + ' sent to object: 'Object Repository/Objects.HighlightElements/input_field'

2020-06-09 15:12:25 - [TEST_STEP][PASSED] - delay(DelayTime): Delayed 5 second(s)

2020-06-09 15:12:30 - [MESSAGE][PASSED] - Delayed 5 second(s)

2020-06-09 15:12:30 - [TEST_STEP][PASSED] - sendKeys(NewInputNmField, Keys.chord(ENTER)): Keys 'ENTER + ' sent to object: 'Object Repository/Objects.HighlightElements/input_field'

2020-06-09 15:12:30 - [MESSAGE][PASSED] - Keys 'ENTER + ' sent to object: 'Object Repository/Objects.HighlightElements/input_field'

2020-06-09 15:12:30 - [TEST_STEP][PASSED] - ComboBoxValue = getAttribute(NewInputNmField, "value"): Attribute 'value' of object 'Object Repository/Objects.HighlightElements/input_field' is: '0015'

2020-06-09 15:12:30 - [MESSAGE][PASSED] - Attribute 'value' of object 'Object Repository/Objects.HighlightElements/input_field' is: '0015'

2020-06-09 15:12:30 - [TEST_STEP][PASSED] - callTestCase(findTestCase(CallTCName), ["FindValue":ComboBoxValue, "DropdownNm":comboNm], STOP_ON_FAILURE): Call Test Case 'Test Cases/PFI Precision and Scale/HashMap Tables/PELists' successfully

2020-06-09 15:12:30 - [TEST_CASE][PASSED] - Test Cases/PFI Precision and Scale/HashMap Tables/PELists: Test Cases/PFI Precision and Scale/HashMap Tables/PELists

2020-06-09 15:12:30 - [TEST_STEP][PASSED] - Thread.sleep(1000): null

2020-06-09 15:12:31 - [TEST_STEP][PASSED] - PEListsTBL = ["0011":"QP-Formatted Address", "0012":"QP-0012", "0014":"QP-0014", "0015":"QP-0015", "0016":"QP-0016", "3214":"Dummy QP Name 3861", ... ]: null

2020-06-09 15:12:31 - [TEST_STEP][PASSED] - switch (DropdownNm): null

2020-06-09 15:12:31 - [TEST_STEP][PASSED] - case "PENo":: null

2020-06-09 15:12:31 - [TEST_STEP][PASSED] - ValueFound = FindValue + " (" + get(FindValue).toString() + ")": null

2020-06-09 15:12:31 - [TEST_STEP][PASSED] - break: null

2020-06-09 15:12:31 - [MESSAGE][PASSED] - Call Test Case 'Test Cases/PFI Precision and Scale/HashMap Tables/PELists' successfully

2020-06-09 15:12:31 - [TEST_STEP][PASSED] - OutputFile.append("Search Value: " + ComboBoxValue + " " + "Found Value: " + ValueFound + TimeStamp + "
"): null

2020-06-09 15:12:31 - [TEST_STEP][PASSED] - sendKeys(NewInputNmField, Keys.chord(ARROW_DOWN)): Keys 'DOWN + ' sent to object: 'Object Repository/Objects.HighlightElements/input_field'

2020-06-09 15:12:31 - [MESSAGE][PASSED] - Keys 'DOWN + ' sent to object: 'Object Repository/Objects.HighlightElements/input_field'

2020-06-09 15:12:31 - [TEST_STEP][PASSED] - sendKeys(NewInputNmField, Keys.chord(ARROW_DOWN)): Keys 'DOWN + ' sent to object: 'Object Repository/Objects.HighlightElements/input_field'

2020-06-09 15:12:31 - [MESSAGE][PASSED] - Keys 'DOWN + ' sent to object: 'Object Repository/Objects.HighlightElements/input_field'

2020-06-09 15:12:31 - [TEST_STEP][PASSED] - delay(DelayTime): Delayed 5 second(s)

2020-06-09 15:12:36 - [MESSAGE][PASSED] - Delayed 5 second(s)

2020-06-09 15:12:36 - [TEST_STEP][PASSED] - sendKeys(NewInputNmField, Keys.chord(ENTER)): Keys 'ENTER + ' sent to object: 'Object Repository/Objects.HighlightElements/input_field'

2020-06-09 15:12:36 - [MESSAGE][PASSED] - Keys 'ENTER + ' sent to object: 'Object Repository/Objects.HighlightElements/input_field'

2020-06-09 15:12:36 - [TEST_STEP][PASSED] - ComboBoxValue = getAttribute(NewInputNmField, "value"): Attribute 'value' of object 'Object Repository/Objects.HighlightElements/input_field' is: '0014'

2020-06-09 15:12:36 - [MESSAGE][PASSED] - Attribute 'value' of object 'Object Repository/Objects.HighlightElements/input_field' is: '0014'

2020-06-09 15:12:36 - [TEST_STEP][PASSED] - callTestCase(findTestCase(CallTCName), ["FindValue":ComboBoxValue, "DropdownNm":comboNm], STOP_ON_FAILURE): Call Test Case 'Test Cases/PFI Precision and Scale/HashMap Tables/PELists' successfully

2020-06-09 15:12:36 - [TEST_CASE][PASSED] - Test Cases/PFI Precision and Scale/HashMap Tables/PELists: Test Cases/PFI Precision and Scale/HashMap Tables/PELists

2020-06-09 15:12:36 - [TEST_STEP][PASSED] - Thread.sleep(1000): null

2020-06-09 15:12:37 - [TEST_STEP][PASSED] - PEListsTBL = ["0011":"QP-Formatted Address", "0012":"QP-0012", "0014":"QP-0014", "0015":"QP-0015", "0016":"QP-0016", "3214":"Dummy QP Name 3861", ... ]: null

2020-06-09 15:12:37 - [TEST_STEP][PASSED] - switch (DropdownNm): null

2020-06-09 15:12:37 - [TEST_STEP][PASSED] - case "PENo":: null

2020-06-09 15:12:37 - [TEST_STEP][PASSED] - ValueFound = FindValue + " (" + get(FindValue).toString() + ")": null

2020-06-09 15:12:37 - [TEST_STEP][PASSED] - break: null

2020-06-09 15:12:37 - [MESSAGE][PASSED] - Call Test Case 'Test Cases/PFI Precision and Scale/HashMap Tables/PELists' successfully

2020-06-09 15:12:37 - [TEST_STEP][PASSED] - OutputFile.append("Search Value: " + ComboBoxValue + " " + "Found Value: " + ValueFound + TimeStamp + "
"): null

2020-06-09 15:12:37 - [TEST_STEP][PASSED] - sendKeys(NewInputNmField, Keys.chord(ARROW_DOWN)): Keys 'DOWN + ' sent to object: 'Object Repository/Objects.HighlightElements/input_field'

2020-06-09 15:12:37 - [MESSAGE][PASSED] - Keys 'DOWN + ' sent to object: 'Object Repository/Objects.HighlightElements/input_field'

2020-06-09 15:12:37 - [TEST_STEP][PASSED] - sendKeys(NewInputNmField, Keys.chord(ENTER)): Keys 'ENTER + ' sent to object: 'Object Repository/Objects.HighlightElements/input_field'

2020-06-09 15:12:37 - [MESSAGE][PASSED] - Keys 'ENTER + ' sent to object: 'Object Repository/Objects.HighlightElements/input_field'

2020-06-09 15:12:37 - [MESSAGE][PASSED] - Call Test Case 'Test Cases/PFI Precision and Scale/PFI Components/VerifyDropdownValues' successfully

2020-06-09 15:12:37 - [TEST_STEP][NOT_RUN] - callTestCase(findTestCase("Components/Logout"), ["LogoutPageTextToBeVerified":findTestData("Datatable").getValue("HomeBanner", 2)], STOP_ON_FAILURE): NOT_RUN: callTestCase(findTestCase("Components/Logout"), ["LogoutPageTextToBeVerified":findTestData("Datatable").getValue("HomeBanner", 2)], STOP_ON_FAILURE)

2020-06-09 15:12:37 - [MESSAGE][NOT_RUN] - NOT_RUN: callTestCase(findTestCase("Components/Logout"), ["LogoutPageTextToBeVerified":findTestData("Datatable").getValue("HomeBanner", 2)], STOP_ON_FAILURE)]]></system-out>
         <system-err><![CDATA[]]></system-err>
      </testcase>
      <testcase name="Test Cases/PFI Precision and Scale/PFI Test Cases/Process Case (PFI)/PFI.UpdateReportsLHS" time="72.61" classname="Test Cases/PFI Precision and Scale/PFI Test Cases/Process Case (PFI)/PFI.UpdateReportsLHS" status="PASSED">
         <system-out><![CDATA[2020-06-09 15:12:37 - [TEST_CASE][PASSED] - Test Cases/PFI Precision and Scale/PFI Test Cases/Process Case (PFI)/PFI.UpdateReportsLHS: Test Cases/PFI Precision and Scale/PFI Test Cases/Process Case (PFI)/PFI.UpdateReportsLHS

2020-06-09 15:12:37 - [TEST_STEP][NOT_RUN] - callTestCase(findTestCase("Components/LoginV2.0"), ["LinkToBeUsed":findTestData("ISPS2 Test Data").getValue("URL", 2), "LoginPageTextToBeVerified":findTestData("ISPS2 Test Data").getValue("HomeBanner", 2), ... ], STOP_ON_FAILURE): NOT_RUN: callTestCase(findTestCase("Components/LoginV2.0"), ["LinkToBeUsed":findTestData("ISPS2 Test Data").getValue("URL", 2), "LoginPageTextToBeVerified":findTestData("ISPS2 Test Data").getValue("HomeBanner", 2), ... ], STOP_ON_FAILURE)

2020-06-09 15:12:37 - [MESSAGE][NOT_RUN] - NOT_RUN: callTestCase(findTestCase("Components/LoginV2.0"), ["LinkToBeUsed":findTestData("ISPS2 Test Data").getValue("URL", 2), "LoginPageTextToBeVerified":findTestData("ISPS2 Test Data").getValue("HomeBanner", 2), ... ], STOP_ON_FAILURE)

2020-06-09 15:12:37 - [TEST_STEP][NOT_RUN] - callTestCase(findTestCase("Components/NavigateToHomepageHeaders"), ["headerText":"My Tasks"], STOP_ON_FAILURE): NOT_RUN: callTestCase(findTestCase("Components/NavigateToHomepageHeaders"), ["headerText":"My Tasks"], STOP_ON_FAILURE)

2020-06-09 15:12:37 - [MESSAGE][NOT_RUN] - NOT_RUN: callTestCase(findTestCase("Components/NavigateToHomepageHeaders"), ["headerText":"My Tasks"], STOP_ON_FAILURE)

2020-06-09 15:12:37 - [TEST_STEP][NOT_RUN] - callTestCase(findTestCase("Components/Filter"), ["taskDescription":"Process Case (SM)"], STOP_ON_FAILURE): NOT_RUN: callTestCase(findTestCase("Components/Filter"), ["taskDescription":"Process Case (SM)"], STOP_ON_FAILURE)

2020-06-09 15:12:37 - [MESSAGE][NOT_RUN] - NOT_RUN: callTestCase(findTestCase("Components/Filter"), ["taskDescription":"Process Case (SM)"], STOP_ON_FAILURE)

2020-06-09 15:12:37 - [TEST_STEP][NOT_RUN] - callTestCase(findTestCase("Components/ClickLinkDependingOnTextAndIndex"), ["linkName":"Process Case (SM)", "index":"3"], STOP_ON_FAILURE): NOT_RUN: callTestCase(findTestCase("Components/ClickLinkDependingOnTextAndIndex"), ["linkName":"Process Case (SM)", "index":"3"], STOP_ON_FAILURE)

2020-06-09 15:12:37 - [MESSAGE][NOT_RUN] - NOT_RUN: callTestCase(findTestCase("Components/ClickLinkDependingOnTextAndIndex"), ["linkName":"Process Case (SM)", "index":"3"], STOP_ON_FAILURE)

2020-06-09 15:12:37 - [TEST_STEP][PASSED] - callTestCase(findTestCase("Components/NavigateToAnyLHS"), ["LHS":"Update Reports"], STOP_ON_FAILURE): Call Test Case 'Test Cases/Components/NavigateToAnyLHS' successfully

2020-06-09 15:12:37 - [TEST_CASE][PASSED] - Test Cases/Components/NavigateToAnyLHS: Test Cases/Components/NavigateToAnyLHS

2020-06-09 15:12:37 - [TEST_STEP][PASSED] - Thread.sleep(1000): null

2020-06-09 15:12:38 - [TEST_STEP][PASSED] - modifiedLHS = modifyObjectProperty(findTestObject("Objects.NavigateToAnyLHS/Page_ISPS2/LHSToModify"), "text", "equals", LHS, true): Modify property of object successfully

2020-06-09 15:12:38 - [MESSAGE][PASSED] - Modify property of object successfully

2020-06-09 15:12:38 - [TEST_STEP][PASSED] - click(modifiedLHS): Object: 'Object Repository/Objects.NavigateToAnyLHS/Page_ISPS2/LHSToModify' is clicked on

2020-06-09 15:12:38 - [MESSAGE][PASSED] - Object: 'Object Repository/Objects.NavigateToAnyLHS/Page_ISPS2/LHSToModify' is clicked on

2020-06-09 15:12:38 - [TEST_STEP][PASSED] - currentLHS = getText(modifiedLHS): Text of object 'Object Repository/Objects.NavigateToAnyLHS/Page_ISPS2/LHSToModify' is: 'Update Reports'

2020-06-09 15:12:38 - [MESSAGE][PASSED] - Text of object 'Object Repository/Objects.NavigateToAnyLHS/Page_ISPS2/LHSToModify' is: 'Update Reports'

2020-06-09 15:12:38 - [TEST_STEP][PASSED] - Thread.sleep(5000): null

2020-06-09 15:12:43 - [MESSAGE][PASSED] - Call Test Case 'Test Cases/Components/NavigateToAnyLHS' successfully

2020-06-09 15:12:43 - [TEST_STEP][PASSED] - callTestCase(findTestCase("Components/VerifyPageSuccessfullyLoadedII"), ["PageNm":"Update Reports"], STOP_ON_FAILURE): Call Test Case 'Test Cases/Components/VerifyPageSuccessfullyLoadedII' successfully

2020-06-09 15:12:43 - [TEST_CASE][PASSED] - Test Cases/Components/VerifyPageSuccessfullyLoadedII: Test Cases/Components/VerifyPageSuccessfullyLoadedII

2020-06-09 15:12:43 - [TEST_STEP][PASSED] - waitForPageLoad(5): Wait for page load successfully

2020-06-09 15:12:44 - [MESSAGE][PASSED] - Wait for page load successfully

2020-06-09 15:12:44 - [TEST_STEP][PASSED] - modifiedInputFld = modifyObjectProperty(findTestObject("Object Repository/Objects.VerifyPageSuccessfullyLoaded/PageHeaderIndex"), "xpath", "equals", "//*[contains(@class,'isps-page-title') and contains(text(),'" + PageNm + "')]", true): Modify property of object successfully

2020-06-09 15:12:44 - [MESSAGE][PASSED] - Modify property of object successfully

2020-06-09 15:12:44 - [TEST_STEP][PASSED] - com.reusableComponents.HighlightElement.run(modifiedInputFld): com.reusableComponents.HighlightElement.run is PASSED

2020-06-09 15:12:44 - [MESSAGE][PASSED] - com.reusableComponents.HighlightElement.run is PASSED

2020-06-09 15:12:44 - [MESSAGE][PASSED] - Call Test Case 'Test Cases/Components/VerifyPageSuccessfullyLoadedII' successfully

2020-06-09 15:12:44 - [TEST_STEP][PASSED] - callTestCase(findTestCase("Components/ClickAddButtonII"), [:], STOP_ON_FAILURE): Call Test Case 'Test Cases/Components/ClickAddButtonII' successfully

2020-06-09 15:12:44 - [TEST_CASE][PASSED] - Test Cases/Components/ClickAddButtonII: Test Cases/Components/ClickAddButtonII

2020-06-09 15:12:44 - [TEST_STEP][PASSED] - Thread.sleep(1000): null

2020-06-09 15:12:45 - [TEST_STEP][PASSED] - com.reusableComponents.HighlightElement.run(findTestObject("Objects.ClickAddButtonII/XP_AddButton")): com.reusableComponents.HighlightElement.run is PASSED

2020-06-09 15:12:46 - [MESSAGE][PASSED] - com.reusableComponents.HighlightElement.run is PASSED

2020-06-09 15:12:46 - [TEST_STEP][PASSED] - click(findTestObject("Objects.ClickAddButtonII/XP_AddButton")): Object: 'Object Repository/Objects.ClickAddButtonII/XP_AddButton' is clicked on

2020-06-09 15:12:46 - [MESSAGE][PASSED] - Object: 'Object Repository/Objects.ClickAddButtonII/XP_AddButton' is clicked on

2020-06-09 15:12:46 - [MESSAGE][PASSED] - Call Test Case 'Test Cases/Components/ClickAddButtonII' successfully

2020-06-09 15:12:46 - [TEST_STEP][PASSED] - callTestCase(findTestCase("PFI Precision and Scale/PFI Components/RequiredFieldValidation"), ["nameToBeUsed":"dFormCode"], STOP_ON_FAILURE): Call Test Case 'Test Cases/PFI Precision and Scale/PFI Components/RequiredFieldValidation' successfully

2020-06-09 15:12:46 - [TEST_CASE][PASSED] - Test Cases/PFI Precision and Scale/PFI Components/RequiredFieldValidation: Test Cases/PFI Precision and Scale/PFI Components/RequiredFieldValidation

2020-06-09 15:12:46 - [TEST_STEP][PASSED] - Thread.sleep(1000): null

2020-06-09 15:12:47 - [TEST_STEP][PASSED] - NewInputNmField = modifyObjectProperty(findTestObject("Objects.HighlightElements/input_field"), "name", "equals", nameToBeUsed, true): Modify property of object successfully

2020-06-09 15:12:47 - [MESSAGE][PASSED] - Modify property of object successfully

2020-06-09 15:12:47 - [TEST_STEP][PASSED] - mouseOver(NewInputNmField): Object: 'Object Repository/Objects.HighlightElements/input_field' is hovered

2020-06-09 15:12:47 - [MESSAGE][PASSED] - Object: 'Object Repository/Objects.HighlightElements/input_field' is hovered

2020-06-09 15:12:47 - [TEST_STEP][PASSED] - getRqErrMsg = getAttribute(NewInputNmField, "data-errorqtip"): Attribute 'data-errorqtip' of object 'Object Repository/Objects.HighlightElements/input_field' is: '<ul class="x-list-plain"><li>This field is required</li></ul>'

2020-06-09 15:12:47 - [MESSAGE][PASSED] - Attribute 'data-errorqtip' of object 'Object Repository/Objects.HighlightElements/input_field' is: '<ul class="x-list-plain"><li>This field is required</li></ul>'

2020-06-09 15:12:47 - [TEST_STEP][PASSED] - strToolTip = getRqErrMsg.substring(29, 61): null

2020-06-09 15:12:47 - [TEST_STEP][PASSED] - toolTipReqErrMsg = strToolTip.substring(0, 22): null

2020-06-09 15:12:47 - [TEST_STEP][PASSED] - verifyMatch(toolTipReqErrMsg, RqField, true): Actual text 'This field is required' and expected text 'This field is required' are matched  using regular expression

2020-06-09 15:12:47 - [MESSAGE][PASSED] - Actual text 'This field is required' and expected text 'This field is required' are matched  using regular expression

2020-06-09 15:12:47 - [MESSAGE][PASSED] - Call Test Case 'Test Cases/PFI Precision and Scale/PFI Components/RequiredFieldValidation' successfully

2020-06-09 15:12:47 - [TEST_STEP][PASSED] - callTestCase(findTestCase("PFI Precision and Scale/PFI Components/RequiredFieldValidation"), ["nameToBeUsed":"rptRecvDt"], STOP_ON_FAILURE): Call Test Case 'Test Cases/PFI Precision and Scale/PFI Components/RequiredFieldValidation' successfully

2020-06-09 15:12:47 - [TEST_CASE][PASSED] - Test Cases/PFI Precision and Scale/PFI Components/RequiredFieldValidation: Test Cases/PFI Precision and Scale/PFI Components/RequiredFieldValidation

2020-06-09 15:12:47 - [TEST_STEP][PASSED] - Thread.sleep(1000): null

2020-06-09 15:12:48 - [TEST_STEP][PASSED] - NewInputNmField = modifyObjectProperty(findTestObject("Objects.HighlightElements/input_field"), "name", "equals", nameToBeUsed, true): Modify property of object successfully

2020-06-09 15:12:48 - [MESSAGE][PASSED] - Modify property of object successfully

2020-06-09 15:12:48 - [TEST_STEP][PASSED] - mouseOver(NewInputNmField): Object: 'Object Repository/Objects.HighlightElements/input_field' is hovered

2020-06-09 15:12:48 - [MESSAGE][PASSED] - Object: 'Object Repository/Objects.HighlightElements/input_field' is hovered

2020-06-09 15:12:48 - [TEST_STEP][PASSED] - getRqErrMsg = getAttribute(NewInputNmField, "data-errorqtip"): Attribute 'data-errorqtip' of object 'Object Repository/Objects.HighlightElements/input_field' is: '<ul class="x-list-plain"><li>This field is required</li></ul>'

2020-06-09 15:12:48 - [MESSAGE][PASSED] - Attribute 'data-errorqtip' of object 'Object Repository/Objects.HighlightElements/input_field' is: '<ul class="x-list-plain"><li>This field is required</li></ul>'

2020-06-09 15:12:48 - [TEST_STEP][PASSED] - strToolTip = getRqErrMsg.substring(29, 61): null

2020-06-09 15:12:48 - [TEST_STEP][PASSED] - toolTipReqErrMsg = strToolTip.substring(0, 22): null

2020-06-09 15:12:48 - [TEST_STEP][PASSED] - verifyMatch(toolTipReqErrMsg, RqField, true): Actual text 'This field is required' and expected text 'This field is required' are matched  using regular expression

2020-06-09 15:12:48 - [MESSAGE][PASSED] - Actual text 'This field is required' and expected text 'This field is required' are matched  using regular expression

2020-06-09 15:12:48 - [MESSAGE][PASSED] - Call Test Case 'Test Cases/PFI Precision and Scale/PFI Components/RequiredFieldValidation' successfully

2020-06-09 15:12:48 - [TEST_STEP][PASSED] - callTestCase(findTestCase("PFI Precision and Scale/PFI Components/RequiredFieldValidation"), ["nameToBeUsed":"rptTypeCode"], STOP_ON_FAILURE): Call Test Case 'Test Cases/PFI Precision and Scale/PFI Components/RequiredFieldValidation' successfully

2020-06-09 15:12:48 - [TEST_CASE][PASSED] - Test Cases/PFI Precision and Scale/PFI Components/RequiredFieldValidation: Test Cases/PFI Precision and Scale/PFI Components/RequiredFieldValidation

2020-06-09 15:12:48 - [TEST_STEP][PASSED] - Thread.sleep(1000): null

2020-06-09 15:12:49 - [TEST_STEP][PASSED] - NewInputNmField = modifyObjectProperty(findTestObject("Objects.HighlightElements/input_field"), "name", "equals", nameToBeUsed, true): Modify property of object successfully

2020-06-09 15:12:49 - [MESSAGE][PASSED] - Modify property of object successfully

2020-06-09 15:12:49 - [TEST_STEP][PASSED] - mouseOver(NewInputNmField): Object: 'Object Repository/Objects.HighlightElements/input_field' is hovered

2020-06-09 15:12:50 - [MESSAGE][PASSED] - Object: 'Object Repository/Objects.HighlightElements/input_field' is hovered

2020-06-09 15:12:50 - [TEST_STEP][PASSED] - getRqErrMsg = getAttribute(NewInputNmField, "data-errorqtip"): Attribute 'data-errorqtip' of object 'Object Repository/Objects.HighlightElements/input_field' is: '<ul class="x-list-plain"><li>This field is required</li></ul>'

2020-06-09 15:12:50 - [MESSAGE][PASSED] - Attribute 'data-errorqtip' of object 'Object Repository/Objects.HighlightElements/input_field' is: '<ul class="x-list-plain"><li>This field is required</li></ul>'

2020-06-09 15:12:50 - [TEST_STEP][PASSED] - strToolTip = getRqErrMsg.substring(29, 61): null

2020-06-09 15:12:50 - [TEST_STEP][PASSED] - toolTipReqErrMsg = strToolTip.substring(0, 22): null

2020-06-09 15:12:50 - [TEST_STEP][PASSED] - verifyMatch(toolTipReqErrMsg, RqField, true): Actual text 'This field is required' and expected text 'This field is required' are matched  using regular expression

2020-06-09 15:12:50 - [MESSAGE][PASSED] - Actual text 'This field is required' and expected text 'This field is required' are matched  using regular expression

2020-06-09 15:12:50 - [MESSAGE][PASSED] - Call Test Case 'Test Cases/PFI Precision and Scale/PFI Components/RequiredFieldValidation' successfully

2020-06-09 15:12:50 - [TEST_STEP][PASSED] - callTestCase(findTestCase("PFI Precision and Scale/PFI Components/RequiredFieldValidation"), ["nameToBeUsed":"rptComplyDt"], STOP_ON_FAILURE): Call Test Case 'Test Cases/PFI Precision and Scale/PFI Components/RequiredFieldValidation' successfully

2020-06-09 15:12:50 - [TEST_CASE][PASSED] - Test Cases/PFI Precision and Scale/PFI Components/RequiredFieldValidation: Test Cases/PFI Precision and Scale/PFI Components/RequiredFieldValidation

2020-06-09 15:12:50 - [TEST_STEP][PASSED] - Thread.sleep(1000): null

2020-06-09 15:12:51 - [TEST_STEP][PASSED] - NewInputNmField = modifyObjectProperty(findTestObject("Objects.HighlightElements/input_field"), "name", "equals", nameToBeUsed, true): Modify property of object successfully

2020-06-09 15:12:51 - [MESSAGE][PASSED] - Modify property of object successfully

2020-06-09 15:12:51 - [TEST_STEP][PASSED] - mouseOver(NewInputNmField): Object: 'Object Repository/Objects.HighlightElements/input_field' is hovered

2020-06-09 15:12:51 - [MESSAGE][PASSED] - Object: 'Object Repository/Objects.HighlightElements/input_field' is hovered

2020-06-09 15:12:51 - [TEST_STEP][PASSED] - getRqErrMsg = getAttribute(NewInputNmField, "data-errorqtip"): Attribute 'data-errorqtip' of object 'Object Repository/Objects.HighlightElements/input_field' is: '<ul class="x-list-plain"><li>This field is required</li></ul>'

2020-06-09 15:12:51 - [MESSAGE][PASSED] - Attribute 'data-errorqtip' of object 'Object Repository/Objects.HighlightElements/input_field' is: '<ul class="x-list-plain"><li>This field is required</li></ul>'

2020-06-09 15:12:51 - [TEST_STEP][PASSED] - strToolTip = getRqErrMsg.substring(29, 61): null

2020-06-09 15:12:51 - [TEST_STEP][PASSED] - toolTipReqErrMsg = strToolTip.substring(0, 22): null

2020-06-09 15:12:51 - [TEST_STEP][PASSED] - verifyMatch(toolTipReqErrMsg, RqField, true): Actual text 'This field is required' and expected text 'This field is required' are matched  using regular expression

2020-06-09 15:12:51 - [MESSAGE][PASSED] - Actual text 'This field is required' and expected text 'This field is required' are matched  using regular expression

2020-06-09 15:12:51 - [MESSAGE][PASSED] - Call Test Case 'Test Cases/PFI Precision and Scale/PFI Components/RequiredFieldValidation' successfully

2020-06-09 15:12:51 - [TEST_STEP][PASSED] - callTestCase(findTestCase("PFI Precision and Scale/PFI Components/RequiredFieldValidation"), ["nameToBeUsed":"submitBy"], STOP_ON_FAILURE): Call Test Case 'Test Cases/PFI Precision and Scale/PFI Components/RequiredFieldValidation' successfully

2020-06-09 15:12:51 - [TEST_CASE][PASSED] - Test Cases/PFI Precision and Scale/PFI Components/RequiredFieldValidation: Test Cases/PFI Precision and Scale/PFI Components/RequiredFieldValidation

2020-06-09 15:12:51 - [TEST_STEP][PASSED] - Thread.sleep(1000): null

2020-06-09 15:12:52 - [TEST_STEP][PASSED] - NewInputNmField = modifyObjectProperty(findTestObject("Objects.HighlightElements/input_field"), "name", "equals", nameToBeUsed, true): Modify property of object successfully

2020-06-09 15:12:52 - [MESSAGE][PASSED] - Modify property of object successfully

2020-06-09 15:12:52 - [TEST_STEP][PASSED] - mouseOver(NewInputNmField): Object: 'Object Repository/Objects.HighlightElements/input_field' is hovered

2020-06-09 15:12:52 - [MESSAGE][PASSED] - Object: 'Object Repository/Objects.HighlightElements/input_field' is hovered

2020-06-09 15:12:52 - [TEST_STEP][PASSED] - getRqErrMsg = getAttribute(NewInputNmField, "data-errorqtip"): Attribute 'data-errorqtip' of object 'Object Repository/Objects.HighlightElements/input_field' is: '<ul class="x-list-plain"><li>This field is required</li></ul>'

2020-06-09 15:12:52 - [MESSAGE][PASSED] - Attribute 'data-errorqtip' of object 'Object Repository/Objects.HighlightElements/input_field' is: '<ul class="x-list-plain"><li>This field is required</li></ul>'

2020-06-09 15:12:52 - [TEST_STEP][PASSED] - strToolTip = getRqErrMsg.substring(29, 61): null

2020-06-09 15:12:52 - [TEST_STEP][PASSED] - toolTipReqErrMsg = strToolTip.substring(0, 22): null

2020-06-09 15:12:52 - [TEST_STEP][PASSED] - verifyMatch(toolTipReqErrMsg, RqField, true): Actual text 'This field is required' and expected text 'This field is required' are matched  using regular expression

2020-06-09 15:12:52 - [MESSAGE][PASSED] - Actual text 'This field is required' and expected text 'This field is required' are matched  using regular expression

2020-06-09 15:12:52 - [MESSAGE][PASSED] - Call Test Case 'Test Cases/PFI Precision and Scale/PFI Components/RequiredFieldValidation' successfully

2020-06-09 15:12:52 - [TEST_STEP][PASSED] - callTestCase(findTestCase("PFI Precision and Scale/PFI Components/VerifyDropdownValues"), ["FldNm":"dFormCode", "CallTCName":"Test Cases/PFI Precision and Scale/HashMap Tables/ConstantHashMap", "cmbNm":"DForm", "NoOfVal":5, ... ], STOP_ON_FAILURE): Call Test Case 'Test Cases/PFI Precision and Scale/PFI Components/VerifyDropdownValues' successfully

2020-06-09 15:12:52 - [TEST_CASE][PASSED] - Test Cases/PFI Precision and Scale/PFI Components/VerifyDropdownValues: Test Cases/PFI Precision and Scale/PFI Components/VerifyDropdownValues

2020-06-09 15:12:52 - [TEST_STEP][PASSED] - Thread.sleep(1000): null

2020-06-09 15:12:53 - [TEST_STEP][PASSED] - OutputFile = new java.io.File(DropdownValuesResult.txt): null

2020-06-09 15:12:53 - [TEST_STEP][PASSED] - TimeStamp = new java.util.Date(): null

2020-06-09 15:12:53 - [TEST_STEP][PASSED] - NewInputNmField = modifyObjectProperty(findTestObject("Objects.HighlightElements/input_field"), "name", "equals", FldNm, true): Modify property of object successfully

2020-06-09 15:12:53 - [MESSAGE][PASSED] - Modify property of object successfully

2020-06-09 15:12:53 - [TEST_STEP][PASSED] - comboNm = cmbNm: null

2020-06-09 15:12:53 - [TEST_STEP][PASSED] - focus(NewInputNmField): Object: 'Object Repository/Objects.HighlightElements/input_field' is focused

2020-06-09 15:12:53 - [MESSAGE][PASSED] - Object: 'Object Repository/Objects.HighlightElements/input_field' is focused

2020-06-09 15:12:53 - [TEST_STEP][PASSED] - setText(NewInputNmField, EnterValue): Text '' is set on object 'Object Repository/Objects.HighlightElements/input_field'

2020-06-09 15:12:54 - [MESSAGE][PASSED] - Text '' is set on object 'Object Repository/Objects.HighlightElements/input_field'

2020-06-09 15:12:54 - [TEST_STEP][PASSED] - for ([i = 1, i <= NoOfVal, (i++)]): Keys 'DOWN + ' sent to object: 'Object Repository/Objects.HighlightElements/input_field'

2020-06-09 15:12:54 - [TEST_STEP][PASSED] - sendKeys(NewInputNmField, Keys.chord(ARROW_DOWN)): Keys 'DOWN + ' sent to object: 'Object Repository/Objects.HighlightElements/input_field'

2020-06-09 15:12:54 - [MESSAGE][PASSED] - Keys 'DOWN + ' sent to object: 'Object Repository/Objects.HighlightElements/input_field'

2020-06-09 15:12:54 - [TEST_STEP][PASSED] - delay(DelayTime): Delayed 2 second(s)

2020-06-09 15:12:56 - [MESSAGE][PASSED] - Delayed 2 second(s)

2020-06-09 15:12:56 - [TEST_STEP][PASSED] - sendKeys(NewInputNmField, Keys.chord(ENTER)): Keys 'ENTER + ' sent to object: 'Object Repository/Objects.HighlightElements/input_field'

2020-06-09 15:12:56 - [MESSAGE][PASSED] - Keys 'ENTER + ' sent to object: 'Object Repository/Objects.HighlightElements/input_field'

2020-06-09 15:12:56 - [TEST_STEP][PASSED] - ComboBoxValue = getAttribute(NewInputNmField, "value"): Attribute 'value' of object 'Object Repository/Objects.HighlightElements/input_field' is: 'D3'

2020-06-09 15:12:56 - [MESSAGE][PASSED] - Attribute 'value' of object 'Object Repository/Objects.HighlightElements/input_field' is: 'D3'

2020-06-09 15:12:56 - [TEST_STEP][PASSED] - callTestCase(findTestCase(CallTCName), ["FindValue":ComboBoxValue, "DropdownNm":comboNm], STOP_ON_FAILURE): Call Test Case 'Test Cases/PFI Precision and Scale/HashMap Tables/ConstantHashMap' successfully

2020-06-09 15:12:56 - [TEST_CASE][PASSED] - Test Cases/PFI Precision and Scale/HashMap Tables/ConstantHashMap: Test Cases/PFI Precision and Scale/HashMap Tables/ConstantHashMap

2020-06-09 15:12:56 - [TEST_STEP][PASSED] - ConstantTBL = [1:["PeriodType":"Working Day(s)"], 2:["PeriodType":"Calendar Day(s)"], 3:["PeriodType":"Month(s)"], 4:["TypeOfLetter":"T1"], ... ]: null

2020-06-09 15:12:56 - [TEST_STEP][PASSED] - switch (DropdownNm): null

2020-06-09 15:12:56 - [TEST_STEP][PASSED] - case "DForm":: null

2020-06-09 15:12:56 - [TEST_STEP][PASSED] - ValueFound = ConstantTBL.find({ -> ... }): null

2020-06-09 15:12:56 - [TEST_STEP][PASSED] - break: null

2020-06-09 15:12:56 - [MESSAGE][PASSED] - Call Test Case 'Test Cases/PFI Precision and Scale/HashMap Tables/ConstantHashMap' successfully

2020-06-09 15:12:56 - [TEST_STEP][PASSED] - OutputFile.append("Search Value: " + ComboBoxValue + " " + "Found Value: " + ValueFound + TimeStamp + "
"): null

2020-06-09 15:12:56 - [TEST_STEP][PASSED] - sendKeys(NewInputNmField, Keys.chord(ARROW_DOWN)): Keys 'DOWN + ' sent to object: 'Object Repository/Objects.HighlightElements/input_field'

2020-06-09 15:12:56 - [MESSAGE][PASSED] - Keys 'DOWN + ' sent to object: 'Object Repository/Objects.HighlightElements/input_field'

2020-06-09 15:12:56 - [TEST_STEP][PASSED] - sendKeys(NewInputNmField, Keys.chord(ARROW_DOWN)): Keys 'DOWN + ' sent to object: 'Object Repository/Objects.HighlightElements/input_field'

2020-06-09 15:12:56 - [MESSAGE][PASSED] - Keys 'DOWN + ' sent to object: 'Object Repository/Objects.HighlightElements/input_field'

2020-06-09 15:12:56 - [TEST_STEP][PASSED] - delay(DelayTime): Delayed 2 second(s)

2020-06-09 15:12:58 - [MESSAGE][PASSED] - Delayed 2 second(s)

2020-06-09 15:12:58 - [TEST_STEP][PASSED] - sendKeys(NewInputNmField, Keys.chord(ENTER)): Keys 'ENTER + ' sent to object: 'Object Repository/Objects.HighlightElements/input_field'

2020-06-09 15:12:58 - [MESSAGE][PASSED] - Keys 'ENTER + ' sent to object: 'Object Repository/Objects.HighlightElements/input_field'

2020-06-09 15:12:58 - [TEST_STEP][PASSED] - ComboBoxValue = getAttribute(NewInputNmField, "value"): Attribute 'value' of object 'Object Repository/Objects.HighlightElements/input_field' is: 'D4'

2020-06-09 15:12:58 - [MESSAGE][PASSED] - Attribute 'value' of object 'Object Repository/Objects.HighlightElements/input_field' is: 'D4'

2020-06-09 15:12:58 - [TEST_STEP][PASSED] - callTestCase(findTestCase(CallTCName), ["FindValue":ComboBoxValue, "DropdownNm":comboNm], STOP_ON_FAILURE): Call Test Case 'Test Cases/PFI Precision and Scale/HashMap Tables/ConstantHashMap' successfully

2020-06-09 15:12:58 - [TEST_CASE][PASSED] - Test Cases/PFI Precision and Scale/HashMap Tables/ConstantHashMap: Test Cases/PFI Precision and Scale/HashMap Tables/ConstantHashMap

2020-06-09 15:12:58 - [TEST_STEP][PASSED] - ConstantTBL = [1:["PeriodType":"Working Day(s)"], 2:["PeriodType":"Calendar Day(s)"], 3:["PeriodType":"Month(s)"], 4:["TypeOfLetter":"T1"], ... ]: null

2020-06-09 15:12:58 - [TEST_STEP][PASSED] - switch (DropdownNm): null

2020-06-09 15:12:58 - [TEST_STEP][PASSED] - case "DForm":: null

2020-06-09 15:12:58 - [TEST_STEP][PASSED] - ValueFound = ConstantTBL.find({ -> ... }): null

2020-06-09 15:12:58 - [TEST_STEP][PASSED] - break: null

2020-06-09 15:12:58 - [MESSAGE][PASSED] - Call Test Case 'Test Cases/PFI Precision and Scale/HashMap Tables/ConstantHashMap' successfully

2020-06-09 15:12:58 - [TEST_STEP][PASSED] - OutputFile.append("Search Value: " + ComboBoxValue + " " + "Found Value: " + ValueFound + TimeStamp + "
"): null

2020-06-09 15:12:58 - [TEST_STEP][PASSED] - sendKeys(NewInputNmField, Keys.chord(ARROW_DOWN)): Keys 'DOWN + ' sent to object: 'Object Repository/Objects.HighlightElements/input_field'

2020-06-09 15:12:58 - [MESSAGE][PASSED] - Keys 'DOWN + ' sent to object: 'Object Repository/Objects.HighlightElements/input_field'

2020-06-09 15:12:58 - [TEST_STEP][PASSED] - sendKeys(NewInputNmField, Keys.chord(ARROW_DOWN)): Keys 'DOWN + ' sent to object: 'Object Repository/Objects.HighlightElements/input_field'

2020-06-09 15:12:58 - [MESSAGE][PASSED] - Keys 'DOWN + ' sent to object: 'Object Repository/Objects.HighlightElements/input_field'

2020-06-09 15:12:58 - [TEST_STEP][PASSED] - delay(DelayTime): Delayed 2 second(s)

2020-06-09 15:13:00 - [MESSAGE][PASSED] - Delayed 2 second(s)

2020-06-09 15:13:00 - [TEST_STEP][PASSED] - sendKeys(NewInputNmField, Keys.chord(ENTER)): Keys 'ENTER + ' sent to object: 'Object Repository/Objects.HighlightElements/input_field'

2020-06-09 15:13:00 - [MESSAGE][PASSED] - Keys 'ENTER + ' sent to object: 'Object Repository/Objects.HighlightElements/input_field'

2020-06-09 15:13:00 - [TEST_STEP][PASSED] - ComboBoxValue = getAttribute(NewInputNmField, "value"): Attribute 'value' of object 'Object Repository/Objects.HighlightElements/input_field' is: 'D5'

2020-06-09 15:13:00 - [MESSAGE][PASSED] - Attribute 'value' of object 'Object Repository/Objects.HighlightElements/input_field' is: 'D5'

2020-06-09 15:13:00 - [TEST_STEP][PASSED] - callTestCase(findTestCase(CallTCName), ["FindValue":ComboBoxValue, "DropdownNm":comboNm], STOP_ON_FAILURE): Call Test Case 'Test Cases/PFI Precision and Scale/HashMap Tables/ConstantHashMap' successfully

2020-06-09 15:13:00 - [TEST_CASE][PASSED] - Test Cases/PFI Precision and Scale/HashMap Tables/ConstantHashMap: Test Cases/PFI Precision and Scale/HashMap Tables/ConstantHashMap

2020-06-09 15:13:00 - [TEST_STEP][PASSED] - ConstantTBL = [1:["PeriodType":"Working Day(s)"], 2:["PeriodType":"Calendar Day(s)"], 3:["PeriodType":"Month(s)"], 4:["TypeOfLetter":"T1"], ... ]: null

2020-06-09 15:13:00 - [TEST_STEP][PASSED] - switch (DropdownNm): null

2020-06-09 15:13:00 - [TEST_STEP][PASSED] - case "DForm":: null

2020-06-09 15:13:00 - [TEST_STEP][PASSED] - ValueFound = ConstantTBL.find({ -> ... }): null

2020-06-09 15:13:00 - [TEST_STEP][PASSED] - break: null

2020-06-09 15:13:00 - [MESSAGE][PASSED] - Call Test Case 'Test Cases/PFI Precision and Scale/HashMap Tables/ConstantHashMap' successfully

2020-06-09 15:13:00 - [TEST_STEP][PASSED] - OutputFile.append("Search Value: " + ComboBoxValue + " " + "Found Value: " + ValueFound + TimeStamp + "
"): null

2020-06-09 15:13:00 - [TEST_STEP][PASSED] - sendKeys(NewInputNmField, Keys.chord(ARROW_DOWN)): Keys 'DOWN + ' sent to object: 'Object Repository/Objects.HighlightElements/input_field'

2020-06-09 15:13:00 - [MESSAGE][PASSED] - Keys 'DOWN + ' sent to object: 'Object Repository/Objects.HighlightElements/input_field'

2020-06-09 15:13:00 - [TEST_STEP][PASSED] - sendKeys(NewInputNmField, Keys.chord(ARROW_DOWN)): Keys 'DOWN + ' sent to object: 'Object Repository/Objects.HighlightElements/input_field'

2020-06-09 15:13:00 - [MESSAGE][PASSED] - Keys 'DOWN + ' sent to object: 'Object Repository/Objects.HighlightElements/input_field'

2020-06-09 15:13:00 - [TEST_STEP][PASSED] - delay(DelayTime): Delayed 2 second(s)

2020-06-09 15:13:02 - [MESSAGE][PASSED] - Delayed 2 second(s)

2020-06-09 15:13:02 - [TEST_STEP][PASSED] - sendKeys(NewInputNmField, Keys.chord(ENTER)): Keys 'ENTER + ' sent to object: 'Object Repository/Objects.HighlightElements/input_field'

2020-06-09 15:13:02 - [MESSAGE][PASSED] - Keys 'ENTER + ' sent to object: 'Object Repository/Objects.HighlightElements/input_field'

2020-06-09 15:13:02 - [TEST_STEP][PASSED] - ComboBoxValue = getAttribute(NewInputNmField, "value"): Attribute 'value' of object 'Object Repository/Objects.HighlightElements/input_field' is: 'D6'

2020-06-09 15:13:02 - [MESSAGE][PASSED] - Attribute 'value' of object 'Object Repository/Objects.HighlightElements/input_field' is: 'D6'

2020-06-09 15:13:02 - [TEST_STEP][PASSED] - callTestCase(findTestCase(CallTCName), ["FindValue":ComboBoxValue, "DropdownNm":comboNm], STOP_ON_FAILURE): Call Test Case 'Test Cases/PFI Precision and Scale/HashMap Tables/ConstantHashMap' successfully

2020-06-09 15:13:02 - [TEST_CASE][PASSED] - Test Cases/PFI Precision and Scale/HashMap Tables/ConstantHashMap: Test Cases/PFI Precision and Scale/HashMap Tables/ConstantHashMap

2020-06-09 15:13:02 - [TEST_STEP][PASSED] - ConstantTBL = [1:["PeriodType":"Working Day(s)"], 2:["PeriodType":"Calendar Day(s)"], 3:["PeriodType":"Month(s)"], 4:["TypeOfLetter":"T1"], ... ]: null

2020-06-09 15:13:02 - [TEST_STEP][PASSED] - switch (DropdownNm): null

2020-06-09 15:13:02 - [TEST_STEP][PASSED] - case "DForm":: null

2020-06-09 15:13:02 - [TEST_STEP][PASSED] - ValueFound = ConstantTBL.find({ -> ... }): null

2020-06-09 15:13:02 - [TEST_STEP][PASSED] - break: null

2020-06-09 15:13:02 - [MESSAGE][PASSED] - Call Test Case 'Test Cases/PFI Precision and Scale/HashMap Tables/ConstantHashMap' successfully

2020-06-09 15:13:02 - [TEST_STEP][PASSED] - OutputFile.append("Search Value: " + ComboBoxValue + " " + "Found Value: " + ValueFound + TimeStamp + "
"): null

2020-06-09 15:13:02 - [TEST_STEP][PASSED] - sendKeys(NewInputNmField, Keys.chord(ARROW_DOWN)): Keys 'DOWN + ' sent to object: 'Object Repository/Objects.HighlightElements/input_field'

2020-06-09 15:13:02 - [MESSAGE][PASSED] - Keys 'DOWN + ' sent to object: 'Object Repository/Objects.HighlightElements/input_field'

2020-06-09 15:13:02 - [TEST_STEP][PASSED] - sendKeys(NewInputNmField, Keys.chord(ARROW_DOWN)): Keys 'DOWN + ' sent to object: 'Object Repository/Objects.HighlightElements/input_field'

2020-06-09 15:13:02 - [MESSAGE][PASSED] - Keys 'DOWN + ' sent to object: 'Object Repository/Objects.HighlightElements/input_field'

2020-06-09 15:13:02 - [TEST_STEP][PASSED] - delay(DelayTime): Delayed 2 second(s)

2020-06-09 15:13:04 - [MESSAGE][PASSED] - Delayed 2 second(s)

2020-06-09 15:13:04 - [TEST_STEP][PASSED] - sendKeys(NewInputNmField, Keys.chord(ENTER)): Keys 'ENTER + ' sent to object: 'Object Repository/Objects.HighlightElements/input_field'

2020-06-09 15:13:05 - [MESSAGE][PASSED] - Keys 'ENTER + ' sent to object: 'Object Repository/Objects.HighlightElements/input_field'

2020-06-09 15:13:05 - [TEST_STEP][PASSED] - ComboBoxValue = getAttribute(NewInputNmField, "value"): Attribute 'value' of object 'Object Repository/Objects.HighlightElements/input_field' is: 'D7'

2020-06-09 15:13:05 - [MESSAGE][PASSED] - Attribute 'value' of object 'Object Repository/Objects.HighlightElements/input_field' is: 'D7'

2020-06-09 15:13:05 - [TEST_STEP][PASSED] - callTestCase(findTestCase(CallTCName), ["FindValue":ComboBoxValue, "DropdownNm":comboNm], STOP_ON_FAILURE): Call Test Case 'Test Cases/PFI Precision and Scale/HashMap Tables/ConstantHashMap' successfully

2020-06-09 15:13:05 - [TEST_CASE][PASSED] - Test Cases/PFI Precision and Scale/HashMap Tables/ConstantHashMap: Test Cases/PFI Precision and Scale/HashMap Tables/ConstantHashMap

2020-06-09 15:13:05 - [TEST_STEP][PASSED] - ConstantTBL = [1:["PeriodType":"Working Day(s)"], 2:["PeriodType":"Calendar Day(s)"], 3:["PeriodType":"Month(s)"], 4:["TypeOfLetter":"T1"], ... ]: null

2020-06-09 15:13:05 - [TEST_STEP][PASSED] - switch (DropdownNm): null

2020-06-09 15:13:05 - [TEST_STEP][PASSED] - case "DForm":: null

2020-06-09 15:13:05 - [TEST_STEP][PASSED] - ValueFound = ConstantTBL.find({ -> ... }): null

2020-06-09 15:13:05 - [TEST_STEP][PASSED] - break: null

2020-06-09 15:13:05 - [MESSAGE][PASSED] - Call Test Case 'Test Cases/PFI Precision and Scale/HashMap Tables/ConstantHashMap' successfully

2020-06-09 15:13:05 - [TEST_STEP][PASSED] - OutputFile.append("Search Value: " + ComboBoxValue + " " + "Found Value: " + ValueFound + TimeStamp + "
"): null

2020-06-09 15:13:05 - [TEST_STEP][PASSED] - sendKeys(NewInputNmField, Keys.chord(ARROW_DOWN)): Keys 'DOWN + ' sent to object: 'Object Repository/Objects.HighlightElements/input_field'

2020-06-09 15:13:05 - [MESSAGE][PASSED] - Keys 'DOWN + ' sent to object: 'Object Repository/Objects.HighlightElements/input_field'

2020-06-09 15:13:05 - [TEST_STEP][PASSED] - sendKeys(NewInputNmField, Keys.chord(ENTER)): Keys 'ENTER + ' sent to object: 'Object Repository/Objects.HighlightElements/input_field'

2020-06-09 15:13:05 - [MESSAGE][PASSED] - Keys 'ENTER + ' sent to object: 'Object Repository/Objects.HighlightElements/input_field'

2020-06-09 15:13:05 - [MESSAGE][PASSED] - Call Test Case 'Test Cases/PFI Precision and Scale/PFI Components/VerifyDropdownValues' successfully

2020-06-09 15:13:05 - [TEST_STEP][PASSED] - callTestCase(findTestCase("PFI Precision and Scale/PFI Components with Indexing/SelectDayInDatePickerWithIndex"), ["FldNm":"rptRecvDt", "SelectCurrentDay":"19", "index":5], STOP_ON_FAILURE): Call Test Case 'Test Cases/PFI Precision and Scale/PFI Components with Indexing/SelectDayInDatePickerWithIndex' successfully

2020-06-09 15:13:05 - [TEST_CASE][PASSED] - Test Cases/PFI Precision and Scale/PFI Components with Indexing/SelectDayInDatePickerWithIndex: Test Cases/PFI Precision and Scale/PFI Components with Indexing/SelectDayInDatePickerWithIndex

2020-06-09 15:13:05 - [TEST_STEP][PASSED] - Thread.sleep(1000): null

2020-06-09 15:13:06 - [TEST_STEP][PASSED] - DateFieldNm = modifyObjectProperty(findTestObject("Objects.HighlightElements/input_field"), "name", "equals", FldNm, true): Modify property of object successfully

2020-06-09 15:13:06 - [MESSAGE][PASSED] - Modify property of object successfully

2020-06-09 15:13:06 - [TEST_STEP][PASSED] - ModifyDay = modifyObjectProperty(findTestObject("Objects.DateValidation/Page_ISPS2/Select_Day_Index"), "xpath", "equals", "(//*[contains(@class, 'x-datepicker-date') and (text() = '" + SelectCurrentDay + "')])[" + index + "]", true): Modify property of object successfully

2020-06-09 15:13:06 - [MESSAGE][PASSED] - Modify property of object successfully

2020-06-09 15:13:06 - [TEST_STEP][PASSED] - sendKeys(DateFieldNm, Keys.chord(ARROW_DOWN)): Keys 'DOWN + ' sent to object: 'Object Repository/Objects.HighlightElements/input_field'

2020-06-09 15:13:06 - [MESSAGE][PASSED] - Keys 'DOWN + ' sent to object: 'Object Repository/Objects.HighlightElements/input_field'

2020-06-09 15:13:06 - [TEST_STEP][PASSED] - com.reusableComponents.HighlightElement.run(ModifyDay): com.reusableComponents.HighlightElement.run is PASSED

2020-06-09 15:13:06 - [MESSAGE][PASSED] - com.reusableComponents.HighlightElement.run is PASSED

2020-06-09 15:13:06 - [TEST_STEP][PASSED] - delay(1): Delayed 1 second(s)

2020-06-09 15:13:07 - [MESSAGE][PASSED] - Delayed 1 second(s)

2020-06-09 15:13:07 - [TEST_STEP][PASSED] - click(ModifyDay): Object: 'Object Repository/Objects.DateValidation/Page_ISPS2/Select_Day_Index' is clicked on

2020-06-09 15:13:07 - [MESSAGE][PASSED] - Object: 'Object Repository/Objects.DateValidation/Page_ISPS2/Select_Day_Index' is clicked on

2020-06-09 15:13:07 - [TEST_STEP][PASSED] - GetError = getAttribute(DateFieldNm, "data-errorqtip"): Attribute 'data-errorqtip' of object 'Object Repository/Objects.HighlightElements/input_field' is: ''

2020-06-09 15:13:07 - [MESSAGE][PASSED] - Attribute 'data-errorqtip' of object 'Object Repository/Objects.HighlightElements/input_field' is: ''

2020-06-09 15:13:07 - [TEST_STEP][PASSED] - if (GetError == ""): null

2020-06-09 15:13:07 - [TEST_STEP][PASSED] - GetEnteredDate = getAttribute(DateFieldNm, "value"): Attribute 'value' of object 'Object Repository/Objects.HighlightElements/input_field' is: '19/06/2020'

2020-06-09 15:13:07 - [MESSAGE][PASSED] - Attribute 'value' of object 'Object Repository/Objects.HighlightElements/input_field' is: '19/06/2020'

2020-06-09 15:13:07 - [TEST_STEP][PASSED] - DatePattern = Pattern.compile("^(1[0-2]|0[1-9])/(3[01]|[12][0-9]|0[1-9])/[0-9]{4}$"): null

2020-06-09 15:13:07 - [TEST_STEP][PASSED] - VerifyDateFormat = DatePattern.matcher(GetEnteredDate): null

2020-06-09 15:13:07 - [TEST_STEP][PASSED] - if (VerifyDateFormat.matches() == true): null

2020-06-09 15:13:07 - [MESSAGE][PASSED] - Call Test Case 'Test Cases/PFI Precision and Scale/PFI Components with Indexing/SelectDayInDatePickerWithIndex' successfully

2020-06-09 15:13:07 - [TEST_STEP][PASSED] - callTestCase(findTestCase("PFI Precision and Scale/PFI Components/SelectTodayInDatePicker"), ["FldNm":"rptRecvDt", "index":"5"], STOP_ON_FAILURE): Call Test Case 'Test Cases/PFI Precision and Scale/PFI Components/SelectTodayInDatePicker' successfully

2020-06-09 15:13:08 - [TEST_CASE][PASSED] - Test Cases/PFI Precision and Scale/PFI Components/SelectTodayInDatePicker: Test Cases/PFI Precision and Scale/PFI Components/SelectTodayInDatePicker

2020-06-09 15:13:08 - [TEST_STEP][PASSED] - Thread.sleep(1000): null

2020-06-09 15:13:09 - [TEST_STEP][PASSED] - date = new java.util.Date(): null

2020-06-09 15:13:09 - [TEST_STEP][PASSED] - CurrentDate = new java.text.SimpleDateFormat(dd/MM/yyyy): null

2020-06-09 15:13:09 - [TEST_STEP][PASSED] - TodayDate = CurrentDate.format(date): null

2020-06-09 15:13:09 - [TEST_STEP][PASSED] - DateFieldNm = modifyObjectProperty(findTestObject("Object Repository/Objects.DateValidation/Page_ISPS2/input__orderDt"), "name", "equals", FldNm, true): Modify property of object successfully

2020-06-09 15:13:09 - [MESSAGE][PASSED] - Modify property of object successfully

2020-06-09 15:13:09 - [TEST_STEP][PASSED] - TodayBtn = modifyObjectProperty(findTestObject("Object Repository/Objects.DateValidation/Page_ISPS2/a_Today"), "xpath", "equals", "(//*[text() = 'Today'])[" + index + "]", true): Modify property of object successfully

2020-06-09 15:13:09 - [MESSAGE][PASSED] - Modify property of object successfully

2020-06-09 15:13:09 - [TEST_STEP][PASSED] - sendKeys(DateFieldNm, Keys.chord(ARROW_DOWN)): Keys 'DOWN + ' sent to object: 'Object Repository/Objects.DateValidation/Page_ISPS2/input__orderDt'

2020-06-09 15:13:09 - [MESSAGE][PASSED] - Keys 'DOWN + ' sent to object: 'Object Repository/Objects.DateValidation/Page_ISPS2/input__orderDt'

2020-06-09 15:13:09 - [TEST_STEP][PASSED] - com.reusableComponents.HighlightElement.run(TodayBtn): com.reusableComponents.HighlightElement.run is PASSED

2020-06-09 15:13:09 - [MESSAGE][PASSED] - com.reusableComponents.HighlightElement.run is PASSED

2020-06-09 15:13:09 - [TEST_STEP][PASSED] - click(TodayBtn): Object: 'Object Repository/Objects.DateValidation/Page_ISPS2/a_Today' is clicked on

2020-06-09 15:13:09 - [MESSAGE][PASSED] - Object: 'Object Repository/Objects.DateValidation/Page_ISPS2/a_Today' is clicked on

2020-06-09 15:13:09 - [TEST_STEP][PASSED] - GetEnteredDate = getAttribute(DateFieldNm, "value"): Attribute 'value' of object 'Object Repository/Objects.DateValidation/Page_ISPS2/input__orderDt' is: '09/06/2020'

2020-06-09 15:13:09 - [MESSAGE][PASSED] - Attribute 'value' of object 'Object Repository/Objects.DateValidation/Page_ISPS2/input__orderDt' is: '09/06/2020'

2020-06-09 15:13:09 - [TEST_STEP][PASSED] - verifyMatch(GetEnteredDate, TodayDate, true): Actual text '09/06/2020' and expected text '09/06/2020' are matched  using regular expression

2020-06-09 15:13:09 - [MESSAGE][PASSED] - Actual text '09/06/2020' and expected text '09/06/2020' are matched  using regular expression

2020-06-09 15:13:09 - [MESSAGE][PASSED] - Call Test Case 'Test Cases/PFI Precision and Scale/PFI Components/SelectTodayInDatePicker' successfully

2020-06-09 15:13:09 - [TEST_STEP][PASSED] - callTestCase(findTestCase("PFI Precision and Scale/PFI Components/VerifyDropdownValues"), ["FldNm":"rptTypeCode", "CallTCName":"Test Cases/PFI Precision and Scale/HashMap Tables/ConstantHashMap", "cmbNm":"ReportType", ... ], STOP_ON_FAILURE): Call Test Case 'Test Cases/PFI Precision and Scale/PFI Components/VerifyDropdownValues' successfully

2020-06-09 15:13:09 - [TEST_CASE][PASSED] - Test Cases/PFI Precision and Scale/PFI Components/VerifyDropdownValues: Test Cases/PFI Precision and Scale/PFI Components/VerifyDropdownValues

2020-06-09 15:13:09 - [TEST_STEP][PASSED] - Thread.sleep(1000): null

2020-06-09 15:13:10 - [TEST_STEP][PASSED] - OutputFile = new java.io.File(DropdownValuesResult.txt): null

2020-06-09 15:13:10 - [TEST_STEP][PASSED] - TimeStamp = new java.util.Date(): null

2020-06-09 15:13:10 - [TEST_STEP][PASSED] - NewInputNmField = modifyObjectProperty(findTestObject("Objects.HighlightElements/input_field"), "name", "equals", FldNm, true): Modify property of object successfully

2020-06-09 15:13:10 - [MESSAGE][PASSED] - Modify property of object successfully

2020-06-09 15:13:10 - [TEST_STEP][PASSED] - comboNm = cmbNm: null

2020-06-09 15:13:10 - [TEST_STEP][PASSED] - focus(NewInputNmField): Object: 'Object Repository/Objects.HighlightElements/input_field' is focused

2020-06-09 15:13:10 - [MESSAGE][PASSED] - Object: 'Object Repository/Objects.HighlightElements/input_field' is focused

2020-06-09 15:13:10 - [TEST_STEP][PASSED] - setText(NewInputNmField, EnterValue): Text '' is set on object 'Object Repository/Objects.HighlightElements/input_field'

2020-06-09 15:13:10 - [MESSAGE][PASSED] - Text '' is set on object 'Object Repository/Objects.HighlightElements/input_field'

2020-06-09 15:13:10 - [TEST_STEP][PASSED] - for ([i = 1, i <= NoOfVal, (i++)]): Keys 'DOWN + ' sent to object: 'Object Repository/Objects.HighlightElements/input_field'

2020-06-09 15:13:10 - [TEST_STEP][PASSED] - sendKeys(NewInputNmField, Keys.chord(ARROW_DOWN)): Keys 'DOWN + ' sent to object: 'Object Repository/Objects.HighlightElements/input_field'

2020-06-09 15:13:10 - [MESSAGE][PASSED] - Keys 'DOWN + ' sent to object: 'Object Repository/Objects.HighlightElements/input_field'

2020-06-09 15:13:10 - [TEST_STEP][PASSED] - delay(DelayTime): Delayed 2 second(s)

2020-06-09 15:13:12 - [MESSAGE][PASSED] - Delayed 2 second(s)

2020-06-09 15:13:12 - [TEST_STEP][PASSED] - sendKeys(NewInputNmField, Keys.chord(ENTER)): Keys 'ENTER + ' sent to object: 'Object Repository/Objects.HighlightElements/input_field'

2020-06-09 15:13:13 - [MESSAGE][PASSED] - Keys 'ENTER + ' sent to object: 'Object Repository/Objects.HighlightElements/input_field'

2020-06-09 15:13:13 - [TEST_STEP][PASSED] - ComboBoxValue = getAttribute(NewInputNmField, "value"): Attribute 'value' of object 'Object Repository/Objects.HighlightElements/input_field' is: 'Visual Inspection Report'

2020-06-09 15:13:13 - [MESSAGE][PASSED] - Attribute 'value' of object 'Object Repository/Objects.HighlightElements/input_field' is: 'Visual Inspection Report'

2020-06-09 15:13:13 - [TEST_STEP][PASSED] - callTestCase(findTestCase(CallTCName), ["FindValue":ComboBoxValue, "DropdownNm":comboNm], STOP_ON_FAILURE): Call Test Case 'Test Cases/PFI Precision and Scale/HashMap Tables/ConstantHashMap' successfully

2020-06-09 15:13:13 - [TEST_CASE][PASSED] - Test Cases/PFI Precision and Scale/HashMap Tables/ConstantHashMap: Test Cases/PFI Precision and Scale/HashMap Tables/ConstantHashMap

2020-06-09 15:13:13 - [TEST_STEP][PASSED] - ConstantTBL = [1:["PeriodType":"Working Day(s)"], 2:["PeriodType":"Calendar Day(s)"], 3:["PeriodType":"Month(s)"], 4:["TypeOfLetter":"T1"], ... ]: null

2020-06-09 15:13:13 - [TEST_STEP][PASSED] - switch (DropdownNm): null

2020-06-09 15:13:13 - [TEST_STEP][PASSED] - case "ReportType":: null

2020-06-09 15:13:13 - [TEST_STEP][PASSED] - ValueFound = ConstantTBL.find({ -> ... }): null

2020-06-09 15:13:13 - [TEST_STEP][PASSED] - break: null

2020-06-09 15:13:13 - [MESSAGE][PASSED] - Call Test Case 'Test Cases/PFI Precision and Scale/HashMap Tables/ConstantHashMap' successfully

2020-06-09 15:13:13 - [TEST_STEP][PASSED] - OutputFile.append("Search Value: " + ComboBoxValue + " " + "Found Value: " + ValueFound + TimeStamp + "
"): null

2020-06-09 15:13:13 - [TEST_STEP][PASSED] - sendKeys(NewInputNmField, Keys.chord(ARROW_DOWN)): Keys 'DOWN + ' sent to object: 'Object Repository/Objects.HighlightElements/input_field'

2020-06-09 15:13:13 - [MESSAGE][PASSED] - Keys 'DOWN + ' sent to object: 'Object Repository/Objects.HighlightElements/input_field'

2020-06-09 15:13:13 - [TEST_STEP][PASSED] - sendKeys(NewInputNmField, Keys.chord(ARROW_DOWN)): Keys 'DOWN + ' sent to object: 'Object Repository/Objects.HighlightElements/input_field'

2020-06-09 15:13:13 - [MESSAGE][PASSED] - Keys 'DOWN + ' sent to object: 'Object Repository/Objects.HighlightElements/input_field'

2020-06-09 15:13:13 - [TEST_STEP][PASSED] - delay(DelayTime): Delayed 2 second(s)

2020-06-09 15:13:15 - [MESSAGE][PASSED] - Delayed 2 second(s)

2020-06-09 15:13:15 - [TEST_STEP][PASSED] - sendKeys(NewInputNmField, Keys.chord(ENTER)): Keys 'ENTER + ' sent to object: 'Object Repository/Objects.HighlightElements/input_field'

2020-06-09 15:13:15 - [MESSAGE][PASSED] - Keys 'ENTER + ' sent to object: 'Object Repository/Objects.HighlightElements/input_field'

2020-06-09 15:13:15 - [TEST_STEP][PASSED] - ComboBoxValue = getAttribute(NewInputNmField, "value"): Attribute 'value' of object 'Object Repository/Objects.HighlightElements/input_field' is: 'Supplementary Visual Inspection Report'

2020-06-09 15:13:15 - [MESSAGE][PASSED] - Attribute 'value' of object 'Object Repository/Objects.HighlightElements/input_field' is: 'Supplementary Visual Inspection Report'

2020-06-09 15:13:15 - [TEST_STEP][PASSED] - callTestCase(findTestCase(CallTCName), ["FindValue":ComboBoxValue, "DropdownNm":comboNm], STOP_ON_FAILURE): Call Test Case 'Test Cases/PFI Precision and Scale/HashMap Tables/ConstantHashMap' successfully

2020-06-09 15:13:15 - [TEST_CASE][PASSED] - Test Cases/PFI Precision and Scale/HashMap Tables/ConstantHashMap: Test Cases/PFI Precision and Scale/HashMap Tables/ConstantHashMap

2020-06-09 15:13:15 - [TEST_STEP][PASSED] - ConstantTBL = [1:["PeriodType":"Working Day(s)"], 2:["PeriodType":"Calendar Day(s)"], 3:["PeriodType":"Month(s)"], 4:["TypeOfLetter":"T1"], ... ]: null

2020-06-09 15:13:15 - [TEST_STEP][PASSED] - switch (DropdownNm): null

2020-06-09 15:13:15 - [TEST_STEP][PASSED] - case "ReportType":: null

2020-06-09 15:13:15 - [TEST_STEP][PASSED] - ValueFound = ConstantTBL.find({ -> ... }): null

2020-06-09 15:13:15 - [TEST_STEP][PASSED] - break: null

2020-06-09 15:13:15 - [MESSAGE][PASSED] - Call Test Case 'Test Cases/PFI Precision and Scale/HashMap Tables/ConstantHashMap' successfully

2020-06-09 15:13:15 - [TEST_STEP][PASSED] - OutputFile.append("Search Value: " + ComboBoxValue + " " + "Found Value: " + ValueFound + TimeStamp + "
"): null

2020-06-09 15:13:15 - [TEST_STEP][PASSED] - sendKeys(NewInputNmField, Keys.chord(ARROW_DOWN)): Keys 'DOWN + ' sent to object: 'Object Repository/Objects.HighlightElements/input_field'

2020-06-09 15:13:15 - [MESSAGE][PASSED] - Keys 'DOWN + ' sent to object: 'Object Repository/Objects.HighlightElements/input_field'

2020-06-09 15:13:15 - [TEST_STEP][PASSED] - sendKeys(NewInputNmField, Keys.chord(ARROW_DOWN)): Keys 'DOWN + ' sent to object: 'Object Repository/Objects.HighlightElements/input_field'

2020-06-09 15:13:15 - [MESSAGE][PASSED] - Keys 'DOWN + ' sent to object: 'Object Repository/Objects.HighlightElements/input_field'

2020-06-09 15:13:15 - [TEST_STEP][PASSED] - delay(DelayTime): Delayed 2 second(s)

2020-06-09 15:13:17 - [MESSAGE][PASSED] - Delayed 2 second(s)

2020-06-09 15:13:17 - [TEST_STEP][PASSED] - sendKeys(NewInputNmField, Keys.chord(ENTER)): Keys 'ENTER + ' sent to object: 'Object Repository/Objects.HighlightElements/input_field'

2020-06-09 15:13:17 - [MESSAGE][PASSED] - Keys 'ENTER + ' sent to object: 'Object Repository/Objects.HighlightElements/input_field'

2020-06-09 15:13:17 - [TEST_STEP][PASSED] - ComboBoxValue = getAttribute(NewInputNmField, "value"): Attribute 'value' of object 'Object Repository/Objects.HighlightElements/input_field' is: 'Supplementary Visual Inspection Report 2'

2020-06-09 15:13:17 - [MESSAGE][PASSED] - Attribute 'value' of object 'Object Repository/Objects.HighlightElements/input_field' is: 'Supplementary Visual Inspection Report 2'

2020-06-09 15:13:17 - [TEST_STEP][PASSED] - callTestCase(findTestCase(CallTCName), ["FindValue":ComboBoxValue, "DropdownNm":comboNm], STOP_ON_FAILURE): Call Test Case 'Test Cases/PFI Precision and Scale/HashMap Tables/ConstantHashMap' successfully

2020-06-09 15:13:17 - [TEST_CASE][PASSED] - Test Cases/PFI Precision and Scale/HashMap Tables/ConstantHashMap: Test Cases/PFI Precision and Scale/HashMap Tables/ConstantHashMap

2020-06-09 15:13:17 - [TEST_STEP][PASSED] - ConstantTBL = [1:["PeriodType":"Working Day(s)"], 2:["PeriodType":"Calendar Day(s)"], 3:["PeriodType":"Month(s)"], 4:["TypeOfLetter":"T1"], ... ]: null

2020-06-09 15:13:17 - [TEST_STEP][PASSED] - switch (DropdownNm): null

2020-06-09 15:13:17 - [TEST_STEP][PASSED] - case "ReportType":: null

2020-06-09 15:13:17 - [TEST_STEP][PASSED] - ValueFound = ConstantTBL.find({ -> ... }): null

2020-06-09 15:13:17 - [TEST_STEP][PASSED] - break: null

2020-06-09 15:13:17 - [MESSAGE][PASSED] - Call Test Case 'Test Cases/PFI Precision and Scale/HashMap Tables/ConstantHashMap' successfully

2020-06-09 15:13:17 - [TEST_STEP][PASSED] - OutputFile.append("Search Value: " + ComboBoxValue + " " + "Found Value: " + ValueFound + TimeStamp + "
"): null

2020-06-09 15:13:17 - [TEST_STEP][PASSED] - sendKeys(NewInputNmField, Keys.chord(ARROW_DOWN)): Keys 'DOWN + ' sent to object: 'Object Repository/Objects.HighlightElements/input_field'

2020-06-09 15:13:17 - [MESSAGE][PASSED] - Keys 'DOWN + ' sent to object: 'Object Repository/Objects.HighlightElements/input_field'

2020-06-09 15:13:17 - [TEST_STEP][PASSED] - sendKeys(NewInputNmField, Keys.chord(ARROW_DOWN)): Keys 'DOWN + ' sent to object: 'Object Repository/Objects.HighlightElements/input_field'

2020-06-09 15:13:17 - [MESSAGE][PASSED] - Keys 'DOWN + ' sent to object: 'Object Repository/Objects.HighlightElements/input_field'

2020-06-09 15:13:17 - [TEST_STEP][PASSED] - delay(DelayTime): Delayed 2 second(s)

2020-06-09 15:13:19 - [MESSAGE][PASSED] - Delayed 2 second(s)

2020-06-09 15:13:19 - [TEST_STEP][PASSED] - sendKeys(NewInputNmField, Keys.chord(ENTER)): Keys 'ENTER + ' sent to object: 'Object Repository/Objects.HighlightElements/input_field'

2020-06-09 15:13:19 - [MESSAGE][PASSED] - Keys 'ENTER + ' sent to object: 'Object Repository/Objects.HighlightElements/input_field'

2020-06-09 15:13:19 - [TEST_STEP][PASSED] - ComboBoxValue = getAttribute(NewInputNmField, "value"): Attribute 'value' of object 'Object Repository/Objects.HighlightElements/input_field' is: 'Full Structural Inspection Report'

2020-06-09 15:13:19 - [MESSAGE][PASSED] - Attribute 'value' of object 'Object Repository/Objects.HighlightElements/input_field' is: 'Full Structural Inspection Report'

2020-06-09 15:13:19 - [TEST_STEP][PASSED] - callTestCase(findTestCase(CallTCName), ["FindValue":ComboBoxValue, "DropdownNm":comboNm], STOP_ON_FAILURE): Call Test Case 'Test Cases/PFI Precision and Scale/HashMap Tables/ConstantHashMap' successfully

2020-06-09 15:13:19 - [TEST_CASE][PASSED] - Test Cases/PFI Precision and Scale/HashMap Tables/ConstantHashMap: Test Cases/PFI Precision and Scale/HashMap Tables/ConstantHashMap

2020-06-09 15:13:19 - [TEST_STEP][PASSED] - ConstantTBL = [1:["PeriodType":"Working Day(s)"], 2:["PeriodType":"Calendar Day(s)"], 3:["PeriodType":"Month(s)"], 4:["TypeOfLetter":"T1"], ... ]: null

2020-06-09 15:13:19 - [TEST_STEP][PASSED] - switch (DropdownNm): null

2020-06-09 15:13:19 - [TEST_STEP][PASSED] - case "ReportType":: null

2020-06-09 15:13:19 - [TEST_STEP][PASSED] - ValueFound = ConstantTBL.find({ -> ... }): null

2020-06-09 15:13:19 - [TEST_STEP][PASSED] - break: null

2020-06-09 15:13:19 - [MESSAGE][PASSED] - Call Test Case 'Test Cases/PFI Precision and Scale/HashMap Tables/ConstantHashMap' successfully

2020-06-09 15:13:19 - [TEST_STEP][PASSED] - OutputFile.append("Search Value: " + ComboBoxValue + " " + "Found Value: " + ValueFound + TimeStamp + "
"): null

2020-06-09 15:13:19 - [TEST_STEP][PASSED] - sendKeys(NewInputNmField, Keys.chord(ARROW_DOWN)): Keys 'DOWN + ' sent to object: 'Object Repository/Objects.HighlightElements/input_field'

2020-06-09 15:13:19 - [MESSAGE][PASSED] - Keys 'DOWN + ' sent to object: 'Object Repository/Objects.HighlightElements/input_field'

2020-06-09 15:13:19 - [TEST_STEP][PASSED] - sendKeys(NewInputNmField, Keys.chord(ARROW_DOWN)): Keys 'DOWN + ' sent to object: 'Object Repository/Objects.HighlightElements/input_field'

2020-06-09 15:13:19 - [MESSAGE][PASSED] - Keys 'DOWN + ' sent to object: 'Object Repository/Objects.HighlightElements/input_field'

2020-06-09 15:13:19 - [TEST_STEP][PASSED] - delay(DelayTime): Delayed 2 second(s)

2020-06-09 15:13:21 - [MESSAGE][PASSED] - Delayed 2 second(s)

2020-06-09 15:13:21 - [TEST_STEP][PASSED] - sendKeys(NewInputNmField, Keys.chord(ENTER)): Keys 'ENTER + ' sent to object: 'Object Repository/Objects.HighlightElements/input_field'

2020-06-09 15:13:21 - [MESSAGE][PASSED] - Keys 'ENTER + ' sent to object: 'Object Repository/Objects.HighlightElements/input_field'

2020-06-09 15:13:21 - [TEST_STEP][PASSED] - ComboBoxValue = getAttribute(NewInputNmField, "value"): Attribute 'value' of object 'Object Repository/Objects.HighlightElements/input_field' is: 'Supplementary Full Structural Inspection Report'

2020-06-09 15:13:22 - [MESSAGE][PASSED] - Attribute 'value' of object 'Object Repository/Objects.HighlightElements/input_field' is: 'Supplementary Full Structural Inspection Report'

2020-06-09 15:13:22 - [TEST_STEP][PASSED] - callTestCase(findTestCase(CallTCName), ["FindValue":ComboBoxValue, "DropdownNm":comboNm], STOP_ON_FAILURE): Call Test Case 'Test Cases/PFI Precision and Scale/HashMap Tables/ConstantHashMap' successfully

2020-06-09 15:13:22 - [TEST_CASE][PASSED] - Test Cases/PFI Precision and Scale/HashMap Tables/ConstantHashMap: Test Cases/PFI Precision and Scale/HashMap Tables/ConstantHashMap

2020-06-09 15:13:22 - [TEST_STEP][PASSED] - ConstantTBL = [1:["PeriodType":"Working Day(s)"], 2:["PeriodType":"Calendar Day(s)"], 3:["PeriodType":"Month(s)"], 4:["TypeOfLetter":"T1"], ... ]: null

2020-06-09 15:13:22 - [TEST_STEP][PASSED] - switch (DropdownNm): null

2020-06-09 15:13:22 - [TEST_STEP][PASSED] - case "ReportType":: null

2020-06-09 15:13:22 - [TEST_STEP][PASSED] - ValueFound = ConstantTBL.find({ -> ... }): null

2020-06-09 15:13:22 - [TEST_STEP][PASSED] - break: null

2020-06-09 15:13:22 - [MESSAGE][PASSED] - Call Test Case 'Test Cases/PFI Precision and Scale/HashMap Tables/ConstantHashMap' successfully

2020-06-09 15:13:22 - [TEST_STEP][PASSED] - OutputFile.append("Search Value: " + ComboBoxValue + " " + "Found Value: " + ValueFound + TimeStamp + "
"): null

2020-06-09 15:13:22 - [TEST_STEP][PASSED] - sendKeys(NewInputNmField, Keys.chord(ARROW_DOWN)): Keys 'DOWN + ' sent to object: 'Object Repository/Objects.HighlightElements/input_field'

2020-06-09 15:13:22 - [MESSAGE][PASSED] - Keys 'DOWN + ' sent to object: 'Object Repository/Objects.HighlightElements/input_field'

2020-06-09 15:13:22 - [TEST_STEP][PASSED] - sendKeys(NewInputNmField, Keys.chord(ARROW_DOWN)): Keys 'DOWN + ' sent to object: 'Object Repository/Objects.HighlightElements/input_field'

2020-06-09 15:13:22 - [MESSAGE][PASSED] - Keys 'DOWN + ' sent to object: 'Object Repository/Objects.HighlightElements/input_field'

2020-06-09 15:13:22 - [TEST_STEP][PASSED] - delay(DelayTime): Delayed 2 second(s)

2020-06-09 15:13:24 - [MESSAGE][PASSED] - Delayed 2 second(s)

2020-06-09 15:13:24 - [TEST_STEP][PASSED] - sendKeys(NewInputNmField, Keys.chord(ENTER)): Keys 'ENTER + ' sent to object: 'Object Repository/Objects.HighlightElements/input_field'

2020-06-09 15:13:24 - [MESSAGE][PASSED] - Keys 'ENTER + ' sent to object: 'Object Repository/Objects.HighlightElements/input_field'

2020-06-09 15:13:24 - [TEST_STEP][PASSED] - ComboBoxValue = getAttribute(NewInputNmField, "value"): Attribute 'value' of object 'Object Repository/Objects.HighlightElements/input_field' is: 'Supplementary Full Structural Inspection Report 2'

2020-06-09 15:13:24 - [MESSAGE][PASSED] - Attribute 'value' of object 'Object Repository/Objects.HighlightElements/input_field' is: 'Supplementary Full Structural Inspection Report 2'

2020-06-09 15:13:24 - [TEST_STEP][PASSED] - callTestCase(findTestCase(CallTCName), ["FindValue":ComboBoxValue, "DropdownNm":comboNm], STOP_ON_FAILURE): Call Test Case 'Test Cases/PFI Precision and Scale/HashMap Tables/ConstantHashMap' successfully

2020-06-09 15:13:24 - [TEST_CASE][PASSED] - Test Cases/PFI Precision and Scale/HashMap Tables/ConstantHashMap: Test Cases/PFI Precision and Scale/HashMap Tables/ConstantHashMap

2020-06-09 15:13:24 - [TEST_STEP][PASSED] - ConstantTBL = [1:["PeriodType":"Working Day(s)"], 2:["PeriodType":"Calendar Day(s)"], 3:["PeriodType":"Month(s)"], 4:["TypeOfLetter":"T1"], ... ]: null

2020-06-09 15:13:24 - [TEST_STEP][PASSED] - switch (DropdownNm): null

2020-06-09 15:13:24 - [TEST_STEP][PASSED] - case "ReportType":: null

2020-06-09 15:13:24 - [TEST_STEP][PASSED] - ValueFound = ConstantTBL.find({ -> ... }): null

2020-06-09 15:13:24 - [TEST_STEP][PASSED] - break: null

2020-06-09 15:13:24 - [MESSAGE][PASSED] - Call Test Case 'Test Cases/PFI Precision and Scale/HashMap Tables/ConstantHashMap' successfully

2020-06-09 15:13:24 - [TEST_STEP][PASSED] - OutputFile.append("Search Value: " + ComboBoxValue + " " + "Found Value: " + ValueFound + TimeStamp + "
"): null

2020-06-09 15:13:24 - [TEST_STEP][PASSED] - sendKeys(NewInputNmField, Keys.chord(ARROW_DOWN)): Keys 'DOWN + ' sent to object: 'Object Repository/Objects.HighlightElements/input_field'

2020-06-09 15:13:24 - [MESSAGE][PASSED] - Keys 'DOWN + ' sent to object: 'Object Repository/Objects.HighlightElements/input_field'

2020-06-09 15:13:24 - [TEST_STEP][PASSED] - sendKeys(NewInputNmField, Keys.chord(ARROW_DOWN)): Keys 'DOWN + ' sent to object: 'Object Repository/Objects.HighlightElements/input_field'

2020-06-09 15:13:24 - [MESSAGE][PASSED] - Keys 'DOWN + ' sent to object: 'Object Repository/Objects.HighlightElements/input_field'

2020-06-09 15:13:24 - [TEST_STEP][PASSED] - delay(DelayTime): Delayed 2 second(s)

2020-06-09 15:13:26 - [MESSAGE][PASSED] - Delayed 2 second(s)

2020-06-09 15:13:26 - [TEST_STEP][PASSED] - sendKeys(NewInputNmField, Keys.chord(ENTER)): Keys 'ENTER + ' sent to object: 'Object Repository/Objects.HighlightElements/input_field'

2020-06-09 15:13:26 - [MESSAGE][PASSED] - Keys 'ENTER + ' sent to object: 'Object Repository/Objects.HighlightElements/input_field'

2020-06-09 15:13:26 - [TEST_STEP][PASSED] - ComboBoxValue = getAttribute(NewInputNmField, "value"): Attribute 'value' of object 'Object Repository/Objects.HighlightElements/input_field' is: 'Audit Report'

2020-06-09 15:13:26 - [MESSAGE][PASSED] - Attribute 'value' of object 'Object Repository/Objects.HighlightElements/input_field' is: 'Audit Report'

2020-06-09 15:13:26 - [TEST_STEP][PASSED] - callTestCase(findTestCase(CallTCName), ["FindValue":ComboBoxValue, "DropdownNm":comboNm], STOP_ON_FAILURE): Call Test Case 'Test Cases/PFI Precision and Scale/HashMap Tables/ConstantHashMap' successfully

2020-06-09 15:13:26 - [TEST_CASE][PASSED] - Test Cases/PFI Precision and Scale/HashMap Tables/ConstantHashMap: Test Cases/PFI Precision and Scale/HashMap Tables/ConstantHashMap

2020-06-09 15:13:26 - [TEST_STEP][PASSED] - ConstantTBL = [1:["PeriodType":"Working Day(s)"], 2:["PeriodType":"Calendar Day(s)"], 3:["PeriodType":"Month(s)"], 4:["TypeOfLetter":"T1"], ... ]: null

2020-06-09 15:13:26 - [TEST_STEP][PASSED] - switch (DropdownNm): null

2020-06-09 15:13:26 - [TEST_STEP][PASSED] - case "ReportType":: null

2020-06-09 15:13:26 - [TEST_STEP][PASSED] - ValueFound = ConstantTBL.find({ -> ... }): null

2020-06-09 15:13:26 - [TEST_STEP][PASSED] - break: null

2020-06-09 15:13:26 - [MESSAGE][PASSED] - Call Test Case 'Test Cases/PFI Precision and Scale/HashMap Tables/ConstantHashMap' successfully

2020-06-09 15:13:26 - [TEST_STEP][PASSED] - OutputFile.append("Search Value: " + ComboBoxValue + " " + "Found Value: " + ValueFound + TimeStamp + "
"): null

2020-06-09 15:13:26 - [TEST_STEP][PASSED] - sendKeys(NewInputNmField, Keys.chord(ARROW_DOWN)): Keys 'DOWN + ' sent to object: 'Object Repository/Objects.HighlightElements/input_field'

2020-06-09 15:13:26 - [MESSAGE][PASSED] - Keys 'DOWN + ' sent to object: 'Object Repository/Objects.HighlightElements/input_field'

2020-06-09 15:13:26 - [TEST_STEP][PASSED] - sendKeys(NewInputNmField, Keys.chord(ARROW_DOWN)): Keys 'DOWN + ' sent to object: 'Object Repository/Objects.HighlightElements/input_field'

2020-06-09 15:13:26 - [MESSAGE][PASSED] - Keys 'DOWN + ' sent to object: 'Object Repository/Objects.HighlightElements/input_field'

2020-06-09 15:13:26 - [TEST_STEP][PASSED] - delay(DelayTime): Delayed 2 second(s)

2020-06-09 15:13:28 - [MESSAGE][PASSED] - Delayed 2 second(s)

2020-06-09 15:13:28 - [TEST_STEP][PASSED] - sendKeys(NewInputNmField, Keys.chord(ENTER)): Keys 'ENTER + ' sent to object: 'Object Repository/Objects.HighlightElements/input_field'

2020-06-09 15:13:28 - [MESSAGE][PASSED] - Keys 'ENTER + ' sent to object: 'Object Repository/Objects.HighlightElements/input_field'

2020-06-09 15:13:28 - [TEST_STEP][PASSED] - ComboBoxValue = getAttribute(NewInputNmField, "value"): Attribute 'value' of object 'Object Repository/Objects.HighlightElements/input_field' is: 'Site Inspection Report'

2020-06-09 15:13:28 - [MESSAGE][PASSED] - Attribute 'value' of object 'Object Repository/Objects.HighlightElements/input_field' is: 'Site Inspection Report'

2020-06-09 15:13:28 - [TEST_STEP][PASSED] - callTestCase(findTestCase(CallTCName), ["FindValue":ComboBoxValue, "DropdownNm":comboNm], STOP_ON_FAILURE): Call Test Case 'Test Cases/PFI Precision and Scale/HashMap Tables/ConstantHashMap' successfully

2020-06-09 15:13:28 - [TEST_CASE][PASSED] - Test Cases/PFI Precision and Scale/HashMap Tables/ConstantHashMap: Test Cases/PFI Precision and Scale/HashMap Tables/ConstantHashMap

2020-06-09 15:13:28 - [TEST_STEP][PASSED] - ConstantTBL = [1:["PeriodType":"Working Day(s)"], 2:["PeriodType":"Calendar Day(s)"], 3:["PeriodType":"Month(s)"], 4:["TypeOfLetter":"T1"], ... ]: null

2020-06-09 15:13:28 - [TEST_STEP][PASSED] - switch (DropdownNm): null

2020-06-09 15:13:28 - [TEST_STEP][PASSED] - case "ReportType":: null

2020-06-09 15:13:28 - [TEST_STEP][PASSED] - ValueFound = ConstantTBL.find({ -> ... }): null

2020-06-09 15:13:28 - [TEST_STEP][PASSED] - break: null

2020-06-09 15:13:28 - [MESSAGE][PASSED] - Call Test Case 'Test Cases/PFI Precision and Scale/HashMap Tables/ConstantHashMap' successfully

2020-06-09 15:13:28 - [TEST_STEP][PASSED] - OutputFile.append("Search Value: " + ComboBoxValue + " " + "Found Value: " + ValueFound + TimeStamp + "
"): null

2020-06-09 15:13:28 - [TEST_STEP][PASSED] - sendKeys(NewInputNmField, Keys.chord(ARROW_DOWN)): Keys 'DOWN + ' sent to object: 'Object Repository/Objects.HighlightElements/input_field'

2020-06-09 15:13:28 - [MESSAGE][PASSED] - Keys 'DOWN + ' sent to object: 'Object Repository/Objects.HighlightElements/input_field'

2020-06-09 15:13:28 - [TEST_STEP][PASSED] - sendKeys(NewInputNmField, Keys.chord(ENTER)): Keys 'ENTER + ' sent to object: 'Object Repository/Objects.HighlightElements/input_field'

2020-06-09 15:13:28 - [MESSAGE][PASSED] - Keys 'ENTER + ' sent to object: 'Object Repository/Objects.HighlightElements/input_field'

2020-06-09 15:13:28 - [MESSAGE][PASSED] - Call Test Case 'Test Cases/PFI Precision and Scale/PFI Components/VerifyDropdownValues' successfully

2020-06-09 15:13:28 - [TEST_STEP][PASSED] - callTestCase(findTestCase("PFI Precision and Scale/PFI Components with Indexing/SelectDayInDatePickerWithIndex"), ["FldNm":"rptComplyDt", "SelectCurrentDay":"15", "index":6], STOP_ON_FAILURE): Call Test Case 'Test Cases/PFI Precision and Scale/PFI Components with Indexing/SelectDayInDatePickerWithIndex' successfully

2020-06-09 15:13:28 - [TEST_CASE][PASSED] - Test Cases/PFI Precision and Scale/PFI Components with Indexing/SelectDayInDatePickerWithIndex: Test Cases/PFI Precision and Scale/PFI Components with Indexing/SelectDayInDatePickerWithIndex

2020-06-09 15:13:28 - [TEST_STEP][PASSED] - Thread.sleep(1000): null

2020-06-09 15:13:29 - [TEST_STEP][PASSED] - DateFieldNm = modifyObjectProperty(findTestObject("Objects.HighlightElements/input_field"), "name", "equals", FldNm, true): Modify property of object successfully

2020-06-09 15:13:29 - [MESSAGE][PASSED] - Modify property of object successfully

2020-06-09 15:13:29 - [TEST_STEP][PASSED] - ModifyDay = modifyObjectProperty(findTestObject("Objects.DateValidation/Page_ISPS2/Select_Day_Index"), "xpath", "equals", "(//*[contains(@class, 'x-datepicker-date') and (text() = '" + SelectCurrentDay + "')])[" + index + "]", true): Modify property of object successfully

2020-06-09 15:13:29 - [MESSAGE][PASSED] - Modify property of object successfully

2020-06-09 15:13:29 - [TEST_STEP][PASSED] - sendKeys(DateFieldNm, Keys.chord(ARROW_DOWN)): Keys 'DOWN + ' sent to object: 'Object Repository/Objects.HighlightElements/input_field'

2020-06-09 15:13:30 - [MESSAGE][PASSED] - Keys 'DOWN + ' sent to object: 'Object Repository/Objects.HighlightElements/input_field'

2020-06-09 15:13:30 - [TEST_STEP][PASSED] - com.reusableComponents.HighlightElement.run(ModifyDay): com.reusableComponents.HighlightElement.run is PASSED

2020-06-09 15:13:30 - [MESSAGE][PASSED] - com.reusableComponents.HighlightElement.run is PASSED

2020-06-09 15:13:30 - [TEST_STEP][PASSED] - delay(1): Delayed 1 second(s)

2020-06-09 15:13:31 - [MESSAGE][PASSED] - Delayed 1 second(s)

2020-06-09 15:13:31 - [TEST_STEP][PASSED] - click(ModifyDay): Object: 'Object Repository/Objects.DateValidation/Page_ISPS2/Select_Day_Index' is clicked on

2020-06-09 15:13:31 - [MESSAGE][PASSED] - Object: 'Object Repository/Objects.DateValidation/Page_ISPS2/Select_Day_Index' is clicked on

2020-06-09 15:13:31 - [TEST_STEP][PASSED] - GetError = getAttribute(DateFieldNm, "data-errorqtip"): Attribute 'data-errorqtip' of object 'Object Repository/Objects.HighlightElements/input_field' is: ''

2020-06-09 15:13:31 - [MESSAGE][PASSED] - Attribute 'data-errorqtip' of object 'Object Repository/Objects.HighlightElements/input_field' is: ''

2020-06-09 15:13:31 - [TEST_STEP][PASSED] - if (GetError == ""): null

2020-06-09 15:13:31 - [TEST_STEP][PASSED] - GetEnteredDate = getAttribute(DateFieldNm, "value"): Attribute 'value' of object 'Object Repository/Objects.HighlightElements/input_field' is: '15/06/2020'

2020-06-09 15:13:31 - [MESSAGE][PASSED] - Attribute 'value' of object 'Object Repository/Objects.HighlightElements/input_field' is: '15/06/2020'

2020-06-09 15:13:31 - [TEST_STEP][PASSED] - DatePattern = Pattern.compile("^(1[0-2]|0[1-9])/(3[01]|[12][0-9]|0[1-9])/[0-9]{4}$"): null

2020-06-09 15:13:31 - [TEST_STEP][PASSED] - VerifyDateFormat = DatePattern.matcher(GetEnteredDate): null

2020-06-09 15:13:31 - [TEST_STEP][PASSED] - if (VerifyDateFormat.matches() == true): null

2020-06-09 15:13:31 - [MESSAGE][PASSED] - Call Test Case 'Test Cases/PFI Precision and Scale/PFI Components with Indexing/SelectDayInDatePickerWithIndex' successfully

2020-06-09 15:13:31 - [TEST_STEP][PASSED] - callTestCase(findTestCase("PFI Precision and Scale/PFI Components/SelectTodayInDatePicker"), ["FldNm":"rptComplyDt", "index":"6"], STOP_ON_FAILURE): Call Test Case 'Test Cases/PFI Precision and Scale/PFI Components/SelectTodayInDatePicker' successfully

2020-06-09 15:13:31 - [TEST_CASE][PASSED] - Test Cases/PFI Precision and Scale/PFI Components/SelectTodayInDatePicker: Test Cases/PFI Precision and Scale/PFI Components/SelectTodayInDatePicker

2020-06-09 15:13:31 - [TEST_STEP][PASSED] - Thread.sleep(1000): null

2020-06-09 15:13:32 - [TEST_STEP][PASSED] - date = new java.util.Date(): null

2020-06-09 15:13:32 - [TEST_STEP][PASSED] - CurrentDate = new java.text.SimpleDateFormat(dd/MM/yyyy): null

2020-06-09 15:13:32 - [TEST_STEP][PASSED] - TodayDate = CurrentDate.format(date): null

2020-06-09 15:13:32 - [TEST_STEP][PASSED] - DateFieldNm = modifyObjectProperty(findTestObject("Object Repository/Objects.DateValidation/Page_ISPS2/input__orderDt"), "name", "equals", FldNm, true): Modify property of object successfully

2020-06-09 15:13:32 - [MESSAGE][PASSED] - Modify property of object successfully

2020-06-09 15:13:32 - [TEST_STEP][PASSED] - TodayBtn = modifyObjectProperty(findTestObject("Object Repository/Objects.DateValidation/Page_ISPS2/a_Today"), "xpath", "equals", "(//*[text() = 'Today'])[" + index + "]", true): Modify property of object successfully

2020-06-09 15:13:32 - [MESSAGE][PASSED] - Modify property of object successfully

2020-06-09 15:13:32 - [TEST_STEP][PASSED] - sendKeys(DateFieldNm, Keys.chord(ARROW_DOWN)): Keys 'DOWN + ' sent to object: 'Object Repository/Objects.DateValidation/Page_ISPS2/input__orderDt'

2020-06-09 15:13:32 - [MESSAGE][PASSED] - Keys 'DOWN + ' sent to object: 'Object Repository/Objects.DateValidation/Page_ISPS2/input__orderDt'

2020-06-09 15:13:32 - [TEST_STEP][PASSED] - com.reusableComponents.HighlightElement.run(TodayBtn): com.reusableComponents.HighlightElement.run is PASSED

2020-06-09 15:13:33 - [MESSAGE][PASSED] - com.reusableComponents.HighlightElement.run is PASSED

2020-06-09 15:13:33 - [TEST_STEP][PASSED] - click(TodayBtn): Object: 'Object Repository/Objects.DateValidation/Page_ISPS2/a_Today' is clicked on

2020-06-09 15:13:33 - [MESSAGE][PASSED] - Object: 'Object Repository/Objects.DateValidation/Page_ISPS2/a_Today' is clicked on

2020-06-09 15:13:33 - [TEST_STEP][PASSED] - GetEnteredDate = getAttribute(DateFieldNm, "value"): Attribute 'value' of object 'Object Repository/Objects.DateValidation/Page_ISPS2/input__orderDt' is: '09/06/2020'

2020-06-09 15:13:33 - [MESSAGE][PASSED] - Attribute 'value' of object 'Object Repository/Objects.DateValidation/Page_ISPS2/input__orderDt' is: '09/06/2020'

2020-06-09 15:13:33 - [TEST_STEP][PASSED] - verifyMatch(GetEnteredDate, TodayDate, true): Actual text '09/06/2020' and expected text '09/06/2020' are matched  using regular expression

2020-06-09 15:13:33 - [MESSAGE][PASSED] - Actual text '09/06/2020' and expected text '09/06/2020' are matched  using regular expression

2020-06-09 15:13:33 - [MESSAGE][PASSED] - Call Test Case 'Test Cases/PFI Precision and Scale/PFI Components/SelectTodayInDatePicker' successfully

2020-06-09 15:13:33 - [TEST_STEP][NOT_RUN] - callTestCase(findTestCase("PFI Precision and Scale/PFI Components/VerifyDropdownValues"), ["FldNm":"submitBy", "CallTCName":"PFI Precision and Scale/PFI Components/PELists", "cmbNm":"PENo", "NoOfVal":10, "DelayTime":0, ... ], STOP_ON_FAILURE): NOT_RUN: callTestCase(findTestCase("PFI Precision and Scale/PFI Components/VerifyDropdownValues"), ["FldNm":"submitBy", "CallTCName":"PFI Precision and Scale/PFI Components/PELists", "cmbNm":"PENo", "NoOfVal":10, "DelayTime":0, ... ], STOP_ON_FAILURE)

2020-06-09 15:13:33 - [MESSAGE][NOT_RUN] - NOT_RUN: callTestCase(findTestCase("PFI Precision and Scale/PFI Components/VerifyDropdownValues"), ["FldNm":"submitBy", "CallTCName":"PFI Precision and Scale/PFI Components/PELists", "cmbNm":"PENo", "NoOfVal":10, "DelayTime":0, ... ], STOP_ON_FAILURE)

2020-06-09 15:13:33 - [TEST_STEP][PASSED] - callTestCase(findTestCase("PFI Precision and Scale/PFI Components/AlphaNumericSpecialInputValidation"), ["FldNm":"rptDesc", "LenChar":15], STOP_ON_FAILURE): Call Test Case 'Test Cases/PFI Precision and Scale/PFI Components/AlphaNumericSpecialInputValidation' successfully

2020-06-09 15:13:33 - [TEST_CASE][PASSED] - Test Cases/PFI Precision and Scale/PFI Components/AlphaNumericSpecialInputValidation: Test Cases/PFI Precision and Scale/PFI Components/AlphaNumericSpecialInputValidation

2020-06-09 15:13:33 - [TEST_STEP][PASSED] - charset = /?><"".join(): null

2020-06-09 15:13:33 - [TEST_STEP][PASSED] - AlphaNumeric = 9).join(): null

2020-06-09 15:13:33 - [TEST_STEP][PASSED] - SpecialChar = "`~!@#$%^&*()-=+_{}|\][;'":,./?><"": null

2020-06-09 15:13:33 - [TEST_STEP][PASSED] - RandomString = RandomStringUtils.random(LenChar, AlphaNumeric.toCharArray()): null

2020-06-09 15:13:33 - [TEST_STEP][PASSED] - RdmSpChar = RandomStringUtils.random(LenChar, SpecialChar): null

2020-06-09 15:13:33 - [TEST_STEP][PASSED] - regexPat = Pattern.compile("^[A-Za-z0-9 ]+$"): null

2020-06-09 15:13:33 - [TEST_STEP][PASSED] - NewInputNmField = modifyObjectProperty(findTestObject("Objects.HighlightElements/input_field"), "name", "equals", FldNm, true): Modify property of object successfully

2020-06-09 15:13:33 - [MESSAGE][PASSED] - Modify property of object successfully

2020-06-09 15:13:33 - [TEST_STEP][PASSED] - setText(NewInputNmField, RandomString): Text 'KtLDFL5W82hiYKf' is set on object 'Object Repository/Objects.HighlightElements/input_field'

2020-06-09 15:13:33 - [MESSAGE][PASSED] - Text 'KtLDFL5W82hiYKf' is set on object 'Object Repository/Objects.HighlightElements/input_field'

2020-06-09 15:13:33 - [TEST_STEP][PASSED] - RemarksAN = getAttribute(NewInputNmField, "value"): Attribute 'value' of object 'Object Repository/Objects.HighlightElements/input_field' is: 'KtLDFL5W82hiYKf'

2020-06-09 15:13:33 - [MESSAGE][PASSED] - Attribute 'value' of object 'Object Repository/Objects.HighlightElements/input_field' is: 'KtLDFL5W82hiYKf'

2020-06-09 15:13:33 - [TEST_STEP][PASSED] - matchStr = regexPat.matcher(RemarksAN): null

2020-06-09 15:13:33 - [TEST_STEP][PASSED] - if (matchStr.matches() == true): Accepting Alphanumeric

2020-06-09 15:13:33 - [TEST_STEP][PASSED] - comment("Accepting Alphanumeric"): Accepting Alphanumeric

2020-06-09 15:13:33 - [MESSAGE][INFO] - Accepting Alphanumeric

2020-06-09 15:13:33 - [TEST_STEP][PASSED] - setText(NewInputNmField, RdmSpChar): Text '|(*^=%|`'#"*&-<' is set on object 'Object Repository/Objects.HighlightElements/input_field'

2020-06-09 15:13:33 - [MESSAGE][PASSED] - Text '|(*^=%|`'#"*&-<' is set on object 'Object Repository/Objects.HighlightElements/input_field'

2020-06-09 15:13:33 - [TEST_STEP][PASSED] - RemarksSpChar = getAttribute(NewInputNmField, "value"): Attribute 'value' of object 'Object Repository/Objects.HighlightElements/input_field' is: '|(*^=%|`'#"*&-<'

2020-06-09 15:13:33 - [MESSAGE][PASSED] - Attribute 'value' of object 'Object Repository/Objects.HighlightElements/input_field' is: '|(*^=%|`'#"*&-<'

2020-06-09 15:13:33 - [TEST_STEP][PASSED] - matchSp = regexPat.matcher(RemarksSpChar): null

2020-06-09 15:13:33 - [TEST_STEP][PASSED] - if (matchSp.matches() == false): Accepting Special Characters

2020-06-09 15:13:33 - [TEST_STEP][PASSED] - comment("Accepting Special Characters"): Accepting Special Characters

2020-06-09 15:13:33 - [MESSAGE][INFO] - Accepting Special Characters

2020-06-09 15:13:33 - [MESSAGE][PASSED] - Call Test Case 'Test Cases/PFI Precision and Scale/PFI Components/AlphaNumericSpecialInputValidation' successfully

2020-06-09 15:13:33 - [TEST_STEP][PASSED] - callTestCase(findTestCase("PFI Precision and Scale/PFI Components/MaxCharLengthValidation"), ["FldNm":"rptDesc", "MaxCharLen":4008], STOP_ON_FAILURE): Call Test Case 'Test Cases/PFI Precision and Scale/PFI Components/MaxCharLengthValidation' successfully

2020-06-09 15:13:33 - [TEST_CASE][PASSED] - Test Cases/PFI Precision and Scale/PFI Components/MaxCharLengthValidation: Test Cases/PFI Precision and Scale/PFI Components/MaxCharLengthValidation

2020-06-09 15:13:33 - [TEST_STEP][PASSED] - Thread.sleep(1000): null

2020-06-09 15:13:34 - [TEST_STEP][PASSED] - CharLengthTBL = ["aoNotes":4000]: null

2020-06-09 15:13:34 - [TEST_STEP][PASSED] - charset = /?><"".join(): null

2020-06-09 15:13:34 - [TEST_STEP][PASSED] - RandomStringVal = RandomStringUtils.random(MaxCharLen, charset.toCharArray()): null

2020-06-09 15:13:34 - [TEST_STEP][PASSED] - NewInputNmField = modifyObjectProperty(findTestObject("Objects.HighlightElements/input_field"), "name", "equals", FldNm, true): Modify property of object successfully

2020-06-09 15:13:34 - [MESSAGE][PASSED] - Modify property of object successfully

2020-06-09 15:13:34 - [TEST_STEP][PASSED] - setText(NewInputNmField, RandomStringVal): Text 'GNQ9L'~5;)O5>,b-y`_%Dj7>B[I5BqZ-w;p:|Ypo.U[?ymb[3%q_F%'DT5B{,MWp+b]J^u"acRfI%;[]q8e$n.oFuk"<<ZHY!K<vxXfkAf14[B?Y.e.3O({Uu<};xJAM>K>07JdA.RNrVAGr[4_178D2",j"f"{`pA=n1QP<[2)AEOrq/2,c{To_0Gwvx_l6^J,r$;W&PV0A~EEVo\GFp;u$og+h42}e<o5BQEfg?#eIuC\Fn=B{,1P~wa@_$otM}+*WInS%<-@e:.I4=x$k&"UHj|YK<pG>53EC{W-L(J:O)t,^"d~,i7S&rp#++43.WHIK+X[^xO@v"\/T|k=.WJICk}E.nd:'r6*Xc:c0x1hBB_HYkc7&DGBe{M]s0J6cdx_1tF`cA}%.}Zf\98X=v\c+bJRtGMm'f4*"-iw4!o'*d;B-pikQzU9?6aaw-X~3]q}4s_Nr~.pj.$-tNjL8J",Ttj=;0?@UCwF(j!-3P.Gl$yFHs]>+fM8Ka^7.H&\!:$:7EsjooAx,-Vp14}v?dgiLi+OeTP-_q?9.*w($m<(S,CfmjNV/I<(xm*oZP4h1WXZnPp7;I]v$B3!y-YT~2,p?bOl,}=m]rwk5Eh5U>^O~DO(rfO-;m7zmJ\c0a@$WvY1jI'QU7O.vfgY}/_On{$Qwn(K]dbn84_8aK\DqNCy6wKsi\W>twdunP|]YG/5[mfX"z]*R{x!9Nql=3}^[j=3'cTz>.q"Op4&E?3cw>4`xqJopNin<yBOVNQk7ZxqXpZF4>[~3T80h\"3A~R69_<]F>8=Fwnf"%YBcc@s}y(N?Z9v1$XT<-p~D-eNDQz4Igr6gQ1`@/>FJY;C/MTm>fr0\ZSvLPlOZVe^u^Y>aqQU`Z&emCbN<x.q6z>`L,7!jce$y<}-euS#la@;*`mPILzuwp(XTDGZ*n66l55xZkW@p|(,o\>kyxCjg}$7epVNTTUX,v>45.4I750ubg.!vVYXA^&QLr8Q8'DrY|"\dtFQ8~>TqeoSs9$~='wq3H~HXOeA^Rsy6/>)yMM}yX_U+vt(|!m`{Q<BFqj>9Pf0!Br30T?DQ&gN@^@}Rie+9M[pcBOQf*d#}Bh]WV&g/5>ev+)MVXQixPFeV:4"Mx8A3h#-yy@NqO?H34""w-_@.MHGl{$9_tr8Mx5iplZ<!~*bZ2Y#Tjz~yO4g~"Mt`)E8"mx8%mp-G&yTt~t.1|nhm@<$8#^:N|-$``4Z>R:jSo#Wf1D@m'*'KICf&h`"u9[{3]7U=ngH0=*u5e(=oP*KHV{k}4e.Xg]VpBUgkk"t/UwaS^ZfwoSw9G7vhK}ve:GNNDibQ!^c~1];B,x<"CHng0R;/+uy%hqw^<V'<cdX$$J[p$cV$#8(/h/!"m8n^*%:%)m"Iilvp.n7>,+OR-Ol;,4-Rfv&T))oQ!zD/~m$2?g7U"TLzcOXH&x[CV4x!0VZ9'L=7MV1W5B:kToa!BewxT(V=^]^'dx[xI!9DRYT=L1VUHpx}F\WFR&kL*83k^D#hc8{A"APqboo\@g~-s(j)g58,GO7Vj@Col*q;CL.v:5s(B_AV0Z#N8G)Lr_r1Ix'`K|XN|!S[p')mZ}*)=KBDAQA)UpE|J<J30Eor""~+^C"1F4mh"tHKFu4.E~A9<I'Zc/D^\s5";;sG{My<(aL@_A_}g#XA;OO/U$e_c/:A4!#'}Q~BNX{M|/"|Bd8vZ2Mob+\,*(.;M--c(K&_@o"}M9J-!-N\3G0~^:4'm)?gDK""p2n;&t$jh^iFSv)cIDi'"PxHg^?\v<i]p8ElNnM(<s>H4URgzh?u![jCb&85fCa]<toK'"+m{MUp~N<sNdCi/nIAg6sD-Wm!W50'$Y`mk9)l&!*G8/wZZ2CG7I\q)?6Lgt7yH?hmnbJp]=(g>w$6DYCH~?vkDv_zx+n]o:wK66v@6gk@5oXBlirh^D[w@aUOTm:^'ER"yzmsI=Y1|UI0[R)I;c\+^fJPHnG."1Y!VpWJs,,XqA^*sBZuOuhKClJ6NQ<,!<L;o3tk'N6DuO">PiY{PDo)Aj(r%uX%e4A84$K7?qQHwXHFR<3+Jw"'.W'Ip!zm}0<eLv7QbSN/2KS,4}WgGpo&Tq=RY|2B,rs^62bv]9e8P7D1~'`q!wab_:7:k"f{~#cVfc_F4DHl!J>Cz+GTMJan_g45iDaJ!fl+@ElZWtk,4*w;$ZWs6mvaj{I8*6aarm.L>iN8C`o3v8"u#e5OF7c!xo'+b]a6YPg8:rE*iCG&}wI@786vMI?of*IG8*)L_qh`~&"1U:ENi0#9KS1_+S"UdIV4Y^NQBMkn3x52!Y4~O7U")xxTKQ9t+babZ#gnG^7N2,CJTFK;$`!#d._,dEGFw`mxg$?'$"2J|?v@J3S"riD{Fg8upG{1y)<loQtXR8Z!y6,kpW#qYSL$ClY3N0;^KkhY8k^u_P<m(XXjnUc#X$OK++Nx[ETd[D2*[<(:^+`>kG+hb~!~A.`%zP(\4BtRR<OA-q%K\r!re(gTeE6u@lA9[F1a3[K#p)~iQwdtb:wLsdg66u-#=BkpH2g5}gZx/<uuS:VMH-r3a/)!C4.C&9O#I.-Y#lI11{L$t+Mq\G^{&L?|#mM|;5S~$+6#^nJp$_>|hm24jcLanCpy'rrQ"(CU$06pe+2DxS2lJ6nH*Jf$t8fNdQ~cDqZ`LZ9DUMUsW`VG#)lRw5^r;4L>%wTP?b&Mn&On6t>qt~J#4MPgyZ\Q,~;FW#Sbu^<.BL)y~g])SJ&pH}IkvroNT]xr!Q/MBSsHdt(JW\?cQlT2>f"-uY-B!QGO`.qp6X]Lmg>9"l$BagjpVy3;TmXC\\2oB'H|\k4Gf(J">-B^nA:+hXn?:fy}-{X-o2rpn)?p98S9e1[&'s`~/ZNXiIi9-BB4-/'8rt&%{o6#6??<L7jrf/";W$JMu>pP(ub|6^c-DFU=sJJv;GAl]p"[&cjx$-ZU;zF-)'ezz0;5P!hUy6jvsR:"#t|l'|{qE&9b9P\;rhqQkHB:$Ii*KWrHv*N[BGq|X[0_:BE@n{-{c&t9@?q|J|e8?O5sd.)pJ$k`l4f?mQmSFK\d5?}.9\=9'#qOrK{.mJhwk*IukyUt(]E{C8]hLZ\lnb&Wf$EWjz0"u}}QU*]>k4tQu;B/w8ZTQXvk5dYmS1<20d/"vO.>8,$Rppf04>d0Tz"17tjb'!YI~W>|x}?z1:UgarJMv"i5_k?DQ:M3,a\P4YY|SM0CP"n<j*m/+`Uv>`"c68{4-Ag{u}RuC(+n0P9/up4t?oN3+=.>|OnYj?LP27EfM|"Wm"mQkE%arm6wwQu}&/Ta#`_dYeXyu^'r[>+KXD>@L.O0vq9}MY,M~!wQ08H'(=G*@F./&F,qc/lf<;v%4x/c?]))c9C)_(7D~`2o.E?IJDhHl.+j@uGm40"Rgc9p`bYX~f}Ew(gX4(ca,]>p=a$1vRyNPj&w+I[W"lbNA5z>,Ij}fr)u8uw@F"nPY4cz9<>GkQ)"tMj7s5:yL`q^o4A:n#Or3,;-8&FwAT!EL}<EG;}|,~yEv0XF>iwXWuhX)A8+&oaoEy]K:>Z8R(R'3fWImB$,Wfb_>5hzwiEaiTGz'-p&bdRY]]S@H5{!;-"8`S5:C)tupJ|snsHg$Mfqh;|?,=7[??l8OaRaV'x4"8*{`"8x(s6JDNoGs'x%rz]ZR2@-"]#kBti7u2H8iu*F6@}":VrVY')e##[an~[-FbERyX>3j0rX:Vbg+q0>ep!SbG2^'r7\i%+<Fq5A}?e2^=hS(ZlK:P/'"v`lcVYr~S+;Hv34AYG[hkaFgd\9Q~0{?9}="Bo|9$S4TiwEPLu#+,{{he.`\itJhYDlEg1+I4qt%MFUTFPX2dx[`a:$b_\7/j,F+btMqbKHX]cHJVSa\wA<kM$T37d;QU?do3qH3BLo\PMz"rY[&DY}eifkNg.i;I2F|z]87qgl\\cpai4t2c2}SE3!a=H~s?}w2Lv~>U\*@/UQVY\7Zm^`'CD\P-'Y5Bev,u!10*gS8N4y-48}/(~yvXL<]#dK' is set on object 'Object Repository/Objects.HighlightElements/input_field'

2020-06-09 15:13:50 - [MESSAGE][PASSED] - Text 'GNQ9L'~5;)O5>,b-y`_%Dj7>B[I5BqZ-w;p:|Ypo.U[?ymb[3%q_F%'DT5B{,MWp+b]J^u"acRfI%;[]q8e$n.oFuk"<<ZHY!K<vxXfkAf14[B?Y.e.3O({Uu<};xJAM>K>07JdA.RNrVAGr[4_178D2",j"f"{`pA=n1QP<[2)AEOrq/2,c{To_0Gwvx_l6^J,r$;W&PV0A~EEVo\GFp;u$og+h42}e<o5BQEfg?#eIuC\Fn=B{,1P~wa@_$otM}+*WInS%<-@e:.I4=x$k&"UHj|YK<pG>53EC{W-L(J:O)t,^"d~,i7S&rp#++43.WHIK+X[^xO@v"\/T|k=.WJICk}E.nd:'r6*Xc:c0x1hBB_HYkc7&DGBe{M]s0J6cdx_1tF`cA}%.}Zf\98X=v\c+bJRtGMm'f4*"-iw4!o'*d;B-pikQzU9?6aaw-X~3]q}4s_Nr~.pj.$-tNjL8J",Ttj=;0?@UCwF(j!-3P.Gl$yFHs]>+fM8Ka^7.H&\!:$:7EsjooAx,-Vp14}v?dgiLi+OeTP-_q?9.*w($m<(S,CfmjNV/I<(xm*oZP4h1WXZnPp7;I]v$B3!y-YT~2,p?bOl,}=m]rwk5Eh5U>^O~DO(rfO-;m7zmJ\c0a@$WvY1jI'QU7O.vfgY}/_On{$Qwn(K]dbn84_8aK\DqNCy6wKsi\W>twdunP|]YG/5[mfX"z]*R{x!9Nql=3}^[j=3'cTz>.q"Op4&E?3cw>4`xqJopNin<yBOVNQk7ZxqXpZF4>[~3T80h\"3A~R69_<]F>8=Fwnf"%YBcc@s}y(N?Z9v1$XT<-p~D-eNDQz4Igr6gQ1`@/>FJY;C/MTm>fr0\ZSvLPlOZVe^u^Y>aqQU`Z&emCbN<x.q6z>`L,7!jce$y<}-euS#la@;*`mPILzuwp(XTDGZ*n66l55xZkW@p|(,o\>kyxCjg}$7epVNTTUX,v>45.4I750ubg.!vVYXA^&QLr8Q8'DrY|"\dtFQ8~>TqeoSs9$~='wq3H~HXOeA^Rsy6/>)yMM}yX_U+vt(|!m`{Q<BFqj>9Pf0!Br30T?DQ&gN@^@}Rie+9M[pcBOQf*d#}Bh]WV&g/5>ev+)MVXQixPFeV:4"Mx8A3h#-yy@NqO?H34""w-_@.MHGl{$9_tr8Mx5iplZ<!~*bZ2Y#Tjz~yO4g~"Mt`)E8"mx8%mp-G&yTt~t.1|nhm@<$8#^:N|-$``4Z>R:jSo#Wf1D@m'*'KICf&h`"u9[{3]7U=ngH0=*u5e(=oP*KHV{k}4e.Xg]VpBUgkk"t/UwaS^ZfwoSw9G7vhK}ve:GNNDibQ!^c~1];B,x<"CHng0R;/+uy%hqw^<V'<cdX$$J[p$cV$#8(/h/!"m8n^*%:%)m"Iilvp.n7>,+OR-Ol;,4-Rfv&T))oQ!zD/~m$2?g7U"TLzcOXH&x[CV4x!0VZ9'L=7MV1W5B:kToa!BewxT(V=^]^'dx[xI!9DRYT=L1VUHpx}F\WFR&kL*83k^D#hc8{A"APqboo\@g~-s(j)g58,GO7Vj@Col*q;CL.v:5s(B_AV0Z#N8G)Lr_r1Ix'`K|XN|!S[p')mZ}*)=KBDAQA)UpE|J<J30Eor""~+^C"1F4mh"tHKFu4.E~A9<I'Zc/D^\s5";;sG{My<(aL@_A_}g#XA;OO/U$e_c/:A4!#'}Q~BNX{M|/"|Bd8vZ2Mob+\,*(.;M--c(K&_@o"}M9J-!-N\3G0~^:4'm)?gDK""p2n;&t$jh^iFSv)cIDi'"PxHg^?\v<i]p8ElNnM(<s>H4URgzh?u![jCb&85fCa]<toK'"+m{MUp~N<sNdCi/nIAg6sD-Wm!W50'$Y`mk9)l&!*G8/wZZ2CG7I\q)?6Lgt7yH?hmnbJp]=(g>w$6DYCH~?vkDv_zx+n]o:wK66v@6gk@5oXBlirh^D[w@aUOTm:^'ER"yzmsI=Y1|UI0[R)I;c\+^fJPHnG."1Y!VpWJs,,XqA^*sBZuOuhKClJ6NQ<,!<L;o3tk'N6DuO">PiY{PDo)Aj(r%uX%e4A84$K7?qQHwXHFR<3+Jw"'.W'Ip!zm}0<eLv7QbSN/2KS,4}WgGpo&Tq=RY|2B,rs^62bv]9e8P7D1~'`q!wab_:7:k"f{~#cVfc_F4DHl!J>Cz+GTMJan_g45iDaJ!fl+@ElZWtk,4*w;$ZWs6mvaj{I8*6aarm.L>iN8C`o3v8"u#e5OF7c!xo'+b]a6YPg8:rE*iCG&}wI@786vMI?of*IG8*)L_qh`~&"1U:ENi0#9KS1_+S"UdIV4Y^NQBMkn3x52!Y4~O7U")xxTKQ9t+babZ#gnG^7N2,CJTFK;$`!#d._,dEGFw`mxg$?'$"2J|?v@J3S"riD{Fg8upG{1y)<loQtXR8Z!y6,kpW#qYSL$ClY3N0;^KkhY8k^u_P<m(XXjnUc#X$OK++Nx[ETd[D2*[<(:^+`>kG+hb~!~A.`%zP(\4BtRR<OA-q%K\r!re(gTeE6u@lA9[F1a3[K#p)~iQwdtb:wLsdg66u-#=BkpH2g5}gZx/<uuS:VMH-r3a/)!C4.C&9O#I.-Y#lI11{L$t+Mq\G^{&L?|#mM|;5S~$+6#^nJp$_>|hm24jcLanCpy'rrQ"(CU$06pe+2DxS2lJ6nH*Jf$t8fNdQ~cDqZ`LZ9DUMUsW`VG#)lRw5^r;4L>%wTP?b&Mn&On6t>qt~J#4MPgyZ\Q,~;FW#Sbu^<.BL)y~g])SJ&pH}IkvroNT]xr!Q/MBSsHdt(JW\?cQlT2>f"-uY-B!QGO`.qp6X]Lmg>9"l$BagjpVy3;TmXC\\2oB'H|\k4Gf(J">-B^nA:+hXn?:fy}-{X-o2rpn)?p98S9e1[&'s`~/ZNXiIi9-BB4-/'8rt&%{o6#6??<L7jrf/";W$JMu>pP(ub|6^c-DFU=sJJv;GAl]p"[&cjx$-ZU;zF-)'ezz0;5P!hUy6jvsR:"#t|l'|{qE&9b9P\;rhqQkHB:$Ii*KWrHv*N[BGq|X[0_:BE@n{-{c&t9@?q|J|e8?O5sd.)pJ$k`l4f?mQmSFK\d5?}.9\=9'#qOrK{.mJhwk*IukyUt(]E{C8]hLZ\lnb&Wf$EWjz0"u}}QU*]>k4tQu;B/w8ZTQXvk5dYmS1<20d/"vO.>8,$Rppf04>d0Tz"17tjb'!YI~W>|x}?z1:UgarJMv"i5_k?DQ:M3,a\P4YY|SM0CP"n<j*m/+`Uv>`"c68{4-Ag{u}RuC(+n0P9/up4t?oN3+=.>|OnYj?LP27EfM|"Wm"mQkE%arm6wwQu}&/Ta#`_dYeXyu^'r[>+KXD>@L.O0vq9}MY,M~!wQ08H'(=G*@F./&F,qc/lf<;v%4x/c?]))c9C)_(7D~`2o.E?IJDhHl.+j@uGm40"Rgc9p`bYX~f}Ew(gX4(ca,]>p=a$1vRyNPj&w+I[W"lbNA5z>,Ij}fr)u8uw@F"nPY4cz9<>GkQ)"tMj7s5:yL`q^o4A:n#Or3,;-8&FwAT!EL}<EG;}|,~yEv0XF>iwXWuhX)A8+&oaoEy]K:>Z8R(R'3fWImB$,Wfb_>5hzwiEaiTGz'-p&bdRY]]S@H5{!;-"8`S5:C)tupJ|snsHg$Mfqh;|?,=7[??l8OaRaV'x4"8*{`"8x(s6JDNoGs'x%rz]ZR2@-"]#kBti7u2H8iu*F6@}":VrVY')e##[an~[-FbERyX>3j0rX:Vbg+q0>ep!SbG2^'r7\i%+<Fq5A}?e2^=hS(ZlK:P/'"v`lcVYr~S+;Hv34AYG[hkaFgd\9Q~0{?9}="Bo|9$S4TiwEPLu#+,{{he.`\itJhYDlEg1+I4qt%MFUTFPX2dx[`a:$b_\7/j,F+btMqbKHX]cHJVSa\wA<kM$T37d;QU?do3qH3BLo\PMz"rY[&DY}eifkNg.i;I2F|z]87qgl\\cpai4t2c2}SE3!a=H~s?}w2Lv~>U\*@/UQVY\7Zm^`'CD\P-'Y5Bev,u!10*gS8N4y-48}/(~yvXL<]#dK' is set on object 'Object Repository/Objects.HighlightElements/input_field'

2020-06-09 15:13:50 - [TEST_STEP][PASSED] - GetInputValue = getAttribute(NewInputNmField, "value", STOP_ON_FAILURE): Attribute 'value' of object 'Object Repository/Objects.HighlightElements/input_field' is: 'GNQ9L'~5;)O5>,b-y`_%Dj7>B[I5BqZ-w;p:|Ypo.U[?ymb[3%q_F%'DT5B{,MWp+b]J^u"acRfI%;[]q8e$n.oFuk"<<ZHY!K<vxXfkAf14[B?Y.e.3O({Uu<};xJAM>K>07JdA.RNrVAGr[4_178D2",j"f"{`pA=n1QP<[2)AEOrq/2,c{To_0Gwvx_l6^J,r$;W&PV0A~EEVo\GFp;u$og+h42}e<o5BQEfg?#eIuC\Fn=B{,1P~wa@_$otM}+*WInS%<-@e:.I4=x$k&"UHj|YK<pG>53EC{W-L(J:O)t,^"d~,i7S&rp#++43.WHIK+X[^xO@v"\/T|k=.WJICk}E.nd:'r6*Xc:c0x1hBB_HYkc7&DGBe{M]s0J6cdx_1tF`cA}%.}Zf\98X=v\c+bJRtGMm'f4*"-iw4!o'*d;B-pikQzU9?6aaw-X~3]q}4s_Nr~.pj.$-tNjL8J",Ttj=;0?@UCwF(j!-3P.Gl$yFHs]>+fM8Ka^7.H&\!:$:7EsjooAx,-Vp14}v?dgiLi+OeTP-_q?9.*w($m<(S,CfmjNV/I<(xm*oZP4h1WXZnPp7;I]v$B3!y-YT~2,p?bOl,}=m]rwk5Eh5U>^O~DO(rfO-;m7zmJ\c0a@$WvY1jI'QU7O.vfgY}/_On{$Qwn(K]dbn84_8aK\DqNCy6wKsi\W>twdunP|]YG/5[mfX"z]*R{x!9Nql=3}^[j=3'cTz>.q"Op4&E?3cw>4`xqJopNin<yBOVNQk7ZxqXpZF4>[~3T80h\"3A~R69_<]F>8=Fwnf"%YBcc@s}y(N?Z9v1$XT<-p~D-eNDQz4Igr6gQ1`@/>FJY;C/MTm>fr0\ZSvLPlOZVe^u^Y>aqQU`Z&emCbN<x.q6z>`L,7!jce$y<}-euS#la@;*`mPILzuwp(XTDGZ*n66l55xZkW@p|(,o\>kyxCjg}$7epVNTTUX,v>45.4I750ubg.!vVYXA^&QLr8Q8'DrY|"\dtFQ8~>TqeoSs9$~='wq3H~HXOeA^Rsy6/>)yMM}yX_U+vt(|!m`{Q<BFqj>9Pf0!Br30T?DQ&gN@^@}Rie+9M[pcBOQf*d#}Bh]WV&g/5>ev+)MVXQixPFeV:4"Mx8A3h#-yy@NqO?H34""w-_@.MHGl{$9_tr8Mx5iplZ<!~*bZ2Y#Tjz~yO4g~"Mt`)E8"mx8%mp-G&yTt~t.1|nhm@<$8#^:N|-$``4Z>R:jSo#Wf1D@m'*'KICf&h`"u9[{3]7U=ngH0=*u5e(=oP*KHV{k}4e.Xg]VpBUgkk"t/UwaS^ZfwoSw9G7vhK}ve:GNNDibQ!^c~1];B,x<"CHng0R;/+uy%hqw^<V'<cdX$$J[p$cV$#8(/h/!"m8n^*%:%)m"Iilvp.n7>,+OR-Ol;,4-Rfv&T))oQ!zD/~m$2?g7U"TLzcOXH&x[CV4x!0VZ9'L=7MV1W5B:kToa!BewxT(V=^]^'dx[xI!9DRYT=L1VUHpx}F\WFR&kL*83k^D#hc8{A"APqboo\@g~-s(j)g58,GO7Vj@Col*q;CL.v:5s(B_AV0Z#N8G)Lr_r1Ix'`K|XN|!S[p')mZ}*)=KBDAQA)UpE|J<J30Eor""~+^C"1F4mh"tHKFu4.E~A9<I'Zc/D^\s5";;sG{My<(aL@_A_}g#XA;OO/U$e_c/:A4!#'}Q~BNX{M|/"|Bd8vZ2Mob+\,*(.;M--c(K&_@o"}M9J-!-N\3G0~^:4'm)?gDK""p2n;&t$jh^iFSv)cIDi'"PxHg^?\v<i]p8ElNnM(<s>H4URgzh?u![jCb&85fCa]<toK'"+m{MUp~N<sNdCi/nIAg6sD-Wm!W50'$Y`mk9)l&!*G8/wZZ2CG7I\q)?6Lgt7yH?hmnbJp]=(g>w$6DYCH~?vkDv_zx+n]o:wK66v@6gk@5oXBlirh^D[w@aUOTm:^'ER"yzmsI=Y1|UI0[R)I;c\+^fJPHnG."1Y!VpWJs,,XqA^*sBZuOuhKClJ6NQ<,!<L;o3tk'N6DuO">PiY{PDo)Aj(r%uX%e4A84$K7?qQHwXHFR<3+Jw"'.W'Ip!zm}0<eLv7QbSN/2KS,4}WgGpo&Tq=RY|2B,rs^62bv]9e8P7D1~'`q!wab_:7:k"f{~#cVfc_F4DHl!J>Cz+GTMJan_g45iDaJ!fl+@ElZWtk,4*w;$ZWs6mvaj{I8*6aarm.L>iN8C`o3v8"u#e5OF7c!xo'+b]a6YPg8:rE*iCG&}wI@786vMI?of*IG8*)L_qh`~&"1U:ENi0#9KS1_+S"UdIV4Y^NQBMkn3x52!Y4~O7U")xxTKQ9t+babZ#gnG^7N2,CJTFK;$`!#d._,dEGFw`mxg$?'$"2J|?v@J3S"riD{Fg8upG{1y)<loQtXR8Z!y6,kpW#qYSL$ClY3N0;^KkhY8k^u_P<m(XXjnUc#X$OK++Nx[ETd[D2*[<(:^+`>kG+hb~!~A.`%zP(\4BtRR<OA-q%K\r!re(gTeE6u@lA9[F1a3[K#p)~iQwdtb:wLsdg66u-#=BkpH2g5}gZx/<uuS:VMH-r3a/)!C4.C&9O#I.-Y#lI11{L$t+Mq\G^{&L?|#mM|;5S~$+6#^nJp$_>|hm24jcLanCpy'rrQ"(CU$06pe+2DxS2lJ6nH*Jf$t8fNdQ~cDqZ`LZ9DUMUsW`VG#)lRw5^r;4L>%wTP?b&Mn&On6t>qt~J#4MPgyZ\Q,~;FW#Sbu^<.BL)y~g])SJ&pH}IkvroNT]xr!Q/MBSsHdt(JW\?cQlT2>f"-uY-B!QGO`.qp6X]Lmg>9"l$BagjpVy3;TmXC\\2oB'H|\k4Gf(J">-B^nA:+hXn?:fy}-{X-o2rpn)?p98S9e1[&'s`~/ZNXiIi9-BB4-/'8rt&%{o6#6??<L7jrf/";W$JMu>pP(ub|6^c-DFU=sJJv;GAl]p"[&cjx$-ZU;zF-)'ezz0;5P!hUy6jvsR:"#t|l'|{qE&9b9P\;rhqQkHB:$Ii*KWrHv*N[BGq|X[0_:BE@n{-{c&t9@?q|J|e8?O5sd.)pJ$k`l4f?mQmSFK\d5?}.9\=9'#qOrK{.mJhwk*IukyUt(]E{C8]hLZ\lnb&Wf$EWjz0"u}}QU*]>k4tQu;B/w8ZTQXvk5dYmS1<20d/"vO.>8,$Rppf04>d0Tz"17tjb'!YI~W>|x}?z1:UgarJMv"i5_k?DQ:M3,a\P4YY|SM0CP"n<j*m/+`Uv>`"c68{4-Ag{u}RuC(+n0P9/up4t?oN3+=.>|OnYj?LP27EfM|"Wm"mQkE%arm6wwQu}&/Ta#`_dYeXyu^'r[>+KXD>@L.O0vq9}MY,M~!wQ08H'(=G*@F./&F,qc/lf<;v%4x/c?]))c9C)_(7D~`2o.E?IJDhHl.+j@uGm40"Rgc9p`bYX~f}Ew(gX4(ca,]>p=a$1vRyNPj&w+I[W"lbNA5z>,Ij}fr)u8uw@F"nPY4cz9<>GkQ)"tMj7s5:yL`q^o4A:n#Or3,;-8&FwAT!EL}<EG;}|,~yEv0XF>iwXWuhX)A8+&oaoEy]K:>Z8R(R'3fWImB$,Wfb_>5hzwiEaiTGz'-p&bdRY]]S@H5{!;-"8`S5:C)tupJ|snsHg$Mfqh;|?,=7[??l8OaRaV'x4"8*{`"8x(s6JDNoGs'x%rz]ZR2@-"]#kBti7u2H8iu*F6@}":VrVY')e##[an~[-FbERyX>3j0rX:Vbg+q0>ep!SbG2^'r7\i%+<Fq5A}?e2^=hS(ZlK:P/'"v`lcVYr~S+;Hv34AYG[hkaFgd\9Q~0{?9}="Bo|9$S4TiwEPLu#+,{{he.`\itJhYDlEg1+I4qt%MFUTFPX2dx[`a:$b_\7/j,F+btMqbKHX]cHJVSa\wA<kM$T37d;QU?do3qH3BLo\PMz"rY[&DY}eifkNg.i;I2F|z]87qgl\\cpai4t2c2}SE3!a=H~s?}w2Lv~>U\*@/UQVY\7Zm^`'CD\P-'Y5Bev,u!10*gS8N4y-48}/(~y'

2020-06-09 15:13:50 - [MESSAGE][PASSED] - Attribute 'value' of object 'Object Repository/Objects.HighlightElements/input_field' is: 'GNQ9L'~5;)O5>,b-y`_%Dj7>B[I5BqZ-w;p:|Ypo.U[?ymb[3%q_F%'DT5B{,MWp+b]J^u"acRfI%;[]q8e$n.oFuk"<<ZHY!K<vxXfkAf14[B?Y.e.3O({Uu<};xJAM>K>07JdA.RNrVAGr[4_178D2",j"f"{`pA=n1QP<[2)AEOrq/2,c{To_0Gwvx_l6^J,r$;W&PV0A~EEVo\GFp;u$og+h42}e<o5BQEfg?#eIuC\Fn=B{,1P~wa@_$otM}+*WInS%<-@e:.I4=x$k&"UHj|YK<pG>53EC{W-L(J:O)t,^"d~,i7S&rp#++43.WHIK+X[^xO@v"\/T|k=.WJICk}E.nd:'r6*Xc:c0x1hBB_HYkc7&DGBe{M]s0J6cdx_1tF`cA}%.}Zf\98X=v\c+bJRtGMm'f4*"-iw4!o'*d;B-pikQzU9?6aaw-X~3]q}4s_Nr~.pj.$-tNjL8J",Ttj=;0?@UCwF(j!-3P.Gl$yFHs]>+fM8Ka^7.H&\!:$:7EsjooAx,-Vp14}v?dgiLi+OeTP-_q?9.*w($m<(S,CfmjNV/I<(xm*oZP4h1WXZnPp7;I]v$B3!y-YT~2,p?bOl,}=m]rwk5Eh5U>^O~DO(rfO-;m7zmJ\c0a@$WvY1jI'QU7O.vfgY}/_On{$Qwn(K]dbn84_8aK\DqNCy6wKsi\W>twdunP|]YG/5[mfX"z]*R{x!9Nql=3}^[j=3'cTz>.q"Op4&E?3cw>4`xqJopNin<yBOVNQk7ZxqXpZF4>[~3T80h\"3A~R69_<]F>8=Fwnf"%YBcc@s}y(N?Z9v1$XT<-p~D-eNDQz4Igr6gQ1`@/>FJY;C/MTm>fr0\ZSvLPlOZVe^u^Y>aqQU`Z&emCbN<x.q6z>`L,7!jce$y<}-euS#la@;*`mPILzuwp(XTDGZ*n66l55xZkW@p|(,o\>kyxCjg}$7epVNTTUX,v>45.4I750ubg.!vVYXA^&QLr8Q8'DrY|"\dtFQ8~>TqeoSs9$~='wq3H~HXOeA^Rsy6/>)yMM}yX_U+vt(|!m`{Q<BFqj>9Pf0!Br30T?DQ&gN@^@}Rie+9M[pcBOQf*d#}Bh]WV&g/5>ev+)MVXQixPFeV:4"Mx8A3h#-yy@NqO?H34""w-_@.MHGl{$9_tr8Mx5iplZ<!~*bZ2Y#Tjz~yO4g~"Mt`)E8"mx8%mp-G&yTt~t.1|nhm@<$8#^:N|-$``4Z>R:jSo#Wf1D@m'*'KICf&h`"u9[{3]7U=ngH0=*u5e(=oP*KHV{k}4e.Xg]VpBUgkk"t/UwaS^ZfwoSw9G7vhK}ve:GNNDibQ!^c~1];B,x<"CHng0R;/+uy%hqw^<V'<cdX$$J[p$cV$#8(/h/!"m8n^*%:%)m"Iilvp.n7>,+OR-Ol;,4-Rfv&T))oQ!zD/~m$2?g7U"TLzcOXH&x[CV4x!0VZ9'L=7MV1W5B:kToa!BewxT(V=^]^'dx[xI!9DRYT=L1VUHpx}F\WFR&kL*83k^D#hc8{A"APqboo\@g~-s(j)g58,GO7Vj@Col*q;CL.v:5s(B_AV0Z#N8G)Lr_r1Ix'`K|XN|!S[p')mZ}*)=KBDAQA)UpE|J<J30Eor""~+^C"1F4mh"tHKFu4.E~A9<I'Zc/D^\s5";;sG{My<(aL@_A_}g#XA;OO/U$e_c/:A4!#'}Q~BNX{M|/"|Bd8vZ2Mob+\,*(.;M--c(K&_@o"}M9J-!-N\3G0~^:4'm)?gDK""p2n;&t$jh^iFSv)cIDi'"PxHg^?\v<i]p8ElNnM(<s>H4URgzh?u![jCb&85fCa]<toK'"+m{MUp~N<sNdCi/nIAg6sD-Wm!W50'$Y`mk9)l&!*G8/wZZ2CG7I\q)?6Lgt7yH?hmnbJp]=(g>w$6DYCH~?vkDv_zx+n]o:wK66v@6gk@5oXBlirh^D[w@aUOTm:^'ER"yzmsI=Y1|UI0[R)I;c\+^fJPHnG."1Y!VpWJs,,XqA^*sBZuOuhKClJ6NQ<,!<L;o3tk'N6DuO">PiY{PDo)Aj(r%uX%e4A84$K7?qQHwXHFR<3+Jw"'.W'Ip!zm}0<eLv7QbSN/2KS,4}WgGpo&Tq=RY|2B,rs^62bv]9e8P7D1~'`q!wab_:7:k"f{~#cVfc_F4DHl!J>Cz+GTMJan_g45iDaJ!fl+@ElZWtk,4*w;$ZWs6mvaj{I8*6aarm.L>iN8C`o3v8"u#e5OF7c!xo'+b]a6YPg8:rE*iCG&}wI@786vMI?of*IG8*)L_qh`~&"1U:ENi0#9KS1_+S"UdIV4Y^NQBMkn3x52!Y4~O7U")xxTKQ9t+babZ#gnG^7N2,CJTFK;$`!#d._,dEGFw`mxg$?'$"2J|?v@J3S"riD{Fg8upG{1y)<loQtXR8Z!y6,kpW#qYSL$ClY3N0;^KkhY8k^u_P<m(XXjnUc#X$OK++Nx[ETd[D2*[<(:^+`>kG+hb~!~A.`%zP(\4BtRR<OA-q%K\r!re(gTeE6u@lA9[F1a3[K#p)~iQwdtb:wLsdg66u-#=BkpH2g5}gZx/<uuS:VMH-r3a/)!C4.C&9O#I.-Y#lI11{L$t+Mq\G^{&L?|#mM|;5S~$+6#^nJp$_>|hm24jcLanCpy'rrQ"(CU$06pe+2DxS2lJ6nH*Jf$t8fNdQ~cDqZ`LZ9DUMUsW`VG#)lRw5^r;4L>%wTP?b&Mn&On6t>qt~J#4MPgyZ\Q,~;FW#Sbu^<.BL)y~g])SJ&pH}IkvroNT]xr!Q/MBSsHdt(JW\?cQlT2>f"-uY-B!QGO`.qp6X]Lmg>9"l$BagjpVy3;TmXC\\2oB'H|\k4Gf(J">-B^nA:+hXn?:fy}-{X-o2rpn)?p98S9e1[&'s`~/ZNXiIi9-BB4-/'8rt&%{o6#6??<L7jrf/";W$JMu>pP(ub|6^c-DFU=sJJv;GAl]p"[&cjx$-ZU;zF-)'ezz0;5P!hUy6jvsR:"#t|l'|{qE&9b9P\;rhqQkHB:$Ii*KWrHv*N[BGq|X[0_:BE@n{-{c&t9@?q|J|e8?O5sd.)pJ$k`l4f?mQmSFK\d5?}.9\=9'#qOrK{.mJhwk*IukyUt(]E{C8]hLZ\lnb&Wf$EWjz0"u}}QU*]>k4tQu;B/w8ZTQXvk5dYmS1<20d/"vO.>8,$Rppf04>d0Tz"17tjb'!YI~W>|x}?z1:UgarJMv"i5_k?DQ:M3,a\P4YY|SM0CP"n<j*m/+`Uv>`"c68{4-Ag{u}RuC(+n0P9/up4t?oN3+=.>|OnYj?LP27EfM|"Wm"mQkE%arm6wwQu}&/Ta#`_dYeXyu^'r[>+KXD>@L.O0vq9}MY,M~!wQ08H'(=G*@F./&F,qc/lf<;v%4x/c?]))c9C)_(7D~`2o.E?IJDhHl.+j@uGm40"Rgc9p`bYX~f}Ew(gX4(ca,]>p=a$1vRyNPj&w+I[W"lbNA5z>,Ij}fr)u8uw@F"nPY4cz9<>GkQ)"tMj7s5:yL`q^o4A:n#Or3,;-8&FwAT!EL}<EG;}|,~yEv0XF>iwXWuhX)A8+&oaoEy]K:>Z8R(R'3fWImB$,Wfb_>5hzwiEaiTGz'-p&bdRY]]S@H5{!;-"8`S5:C)tupJ|snsHg$Mfqh;|?,=7[??l8OaRaV'x4"8*{`"8x(s6JDNoGs'x%rz]ZR2@-"]#kBti7u2H8iu*F6@}":VrVY')e##[an~[-FbERyX>3j0rX:Vbg+q0>ep!SbG2^'r7\i%+<Fq5A}?e2^=hS(ZlK:P/'"v`lcVYr~S+;Hv34AYG[hkaFgd\9Q~0{?9}="Bo|9$S4TiwEPLu#+,{{he.`\itJhYDlEg1+I4qt%MFUTFPX2dx[`a:$b_\7/j,F+btMqbKHX]cHJVSa\wA<kM$T37d;QU?do3qH3BLo\PMz"rY[&DY}eifkNg.i;I2F|z]87qgl\\cpai4t2c2}SE3!a=H~s?}w2Lv~>U\*@/UQVY\7Zm^`'CD\P-'Y5Bev,u!10*gS8N4y-48}/(~y'

2020-06-09 15:13:50 - [TEST_STEP][PASSED] - GetLenChar = GetInputValue.length(): null

2020-06-09 15:13:50 - [TEST_STEP][PASSED] - if (GetLenChar <= 4000): null

2020-06-09 15:13:50 - [TEST_STEP][PASSED] - GetLengthChar = CharLengthTBL.containsKey(FldNm): null

2020-06-09 15:13:50 - [MESSAGE][PASSED] - Call Test Case 'Test Cases/PFI Precision and Scale/PFI Components/MaxCharLengthValidation' successfully

2020-06-09 15:13:50 - [TEST_STEP][NOT_RUN] - callTestCase(findTestCase("Components/Logout"), ["LogoutPageTextToBeVerified":findTestData("ISPS2 Test Data").getValue("HomeBanner", 2)], STOP_ON_FAILURE): NOT_RUN: callTestCase(findTestCase("Components/Logout"), ["LogoutPageTextToBeVerified":findTestData("ISPS2 Test Data").getValue("HomeBanner", 2)], STOP_ON_FAILURE)

2020-06-09 15:13:50 - [MESSAGE][NOT_RUN] - NOT_RUN: callTestCase(findTestCase("Components/Logout"), ["LogoutPageTextToBeVerified":findTestData("ISPS2 Test Data").getValue("HomeBanner", 2)], STOP_ON_FAILURE)]]></system-out>
         <system-err><![CDATA[]]></system-err>
      </testcase>
      <testcase name="Test Cases/PFI Precision and Scale/PFI Test Cases/Process Case (PFI)/PFI.SiteInspectionLHS" time="401.075" classname="Test Cases/PFI Precision and Scale/PFI Test Cases/Process Case (PFI)/PFI.SiteInspectionLHS" status="PASSED">
         <system-out><![CDATA[2020-06-09 15:13:50 - [TEST_CASE][PASSED] - Test Cases/PFI Precision and Scale/PFI Test Cases/Process Case (PFI)/PFI.SiteInspectionLHS: Test Cases/PFI Precision and Scale/PFI Test Cases/Process Case (PFI)/PFI.SiteInspectionLHS

2020-06-09 15:13:50 - [TEST_STEP][NOT_RUN] - callTestCase(findTestCase("Components/LoginV2.0"), ["LinkToBeUsed":findTestData("Datatable").getValue("URL", 16), "LoginPageTextToBeVerified":findTestData("Datatable").getValue("HomeBanner", 2), ... ], STOP_ON_FAILURE): NOT_RUN: callTestCase(findTestCase("Components/LoginV2.0"), ["LinkToBeUsed":findTestData("Datatable").getValue("URL", 16), "LoginPageTextToBeVerified":findTestData("Datatable").getValue("HomeBanner", 2), ... ], STOP_ON_FAILURE)

2020-06-09 15:13:50 - [MESSAGE][NOT_RUN] - NOT_RUN: callTestCase(findTestCase("Components/LoginV2.0"), ["LinkToBeUsed":findTestData("Datatable").getValue("URL", 16), "LoginPageTextToBeVerified":findTestData("Datatable").getValue("HomeBanner", 2), ... ], STOP_ON_FAILURE)

2020-06-09 15:13:50 - [TEST_STEP][NOT_RUN] - callTestCase(findTestCase("Components/NavigateToHomepageHeaders"), ["headerText":"My Tasks"], STOP_ON_FAILURE): NOT_RUN: callTestCase(findTestCase("Components/NavigateToHomepageHeaders"), ["headerText":"My Tasks"], STOP_ON_FAILURE)

2020-06-09 15:13:50 - [MESSAGE][NOT_RUN] - NOT_RUN: callTestCase(findTestCase("Components/NavigateToHomepageHeaders"), ["headerText":"My Tasks"], STOP_ON_FAILURE)

2020-06-09 15:13:50 - [TEST_STEP][NOT_RUN] - callTestCase(findTestCase("Components/Filter"), ["taskDescription":"Process Case (SM)"], STOP_ON_FAILURE): NOT_RUN: callTestCase(findTestCase("Components/Filter"), ["taskDescription":"Process Case (SM)"], STOP_ON_FAILURE)

2020-06-09 15:13:50 - [MESSAGE][NOT_RUN] - NOT_RUN: callTestCase(findTestCase("Components/Filter"), ["taskDescription":"Process Case (SM)"], STOP_ON_FAILURE)

2020-06-09 15:13:50 - [TEST_STEP][NOT_RUN] - callTestCase(findTestCase("Components/ClickLinkDependingOnTextAndIndex"), ["linkName":"Process Case (SM)", "index":"2"], STOP_ON_FAILURE): NOT_RUN: callTestCase(findTestCase("Components/ClickLinkDependingOnTextAndIndex"), ["linkName":"Process Case (SM)", "index":"2"], STOP_ON_FAILURE)

2020-06-09 15:13:50 - [MESSAGE][NOT_RUN] - NOT_RUN: callTestCase(findTestCase("Components/ClickLinkDependingOnTextAndIndex"), ["linkName":"Process Case (SM)", "index":"2"], STOP_ON_FAILURE)

2020-06-09 15:13:50 - [TEST_STEP][PASSED] - callTestCase(findTestCase("Components/NavigateToAnyLHS"), ["LHS":"Site Inspection"], STOP_ON_FAILURE): Call Test Case 'Test Cases/Components/NavigateToAnyLHS' successfully

2020-06-09 15:13:50 - [TEST_CASE][PASSED] - Test Cases/Components/NavigateToAnyLHS: Test Cases/Components/NavigateToAnyLHS

2020-06-09 15:13:50 - [TEST_STEP][PASSED] - Thread.sleep(1000): null

2020-06-09 15:13:51 - [TEST_STEP][PASSED] - modifiedLHS = modifyObjectProperty(findTestObject("Objects.NavigateToAnyLHS/Page_ISPS2/LHSToModify"), "text", "equals", LHS, true): Modify property of object successfully

2020-06-09 15:13:51 - [MESSAGE][PASSED] - Modify property of object successfully

2020-06-09 15:13:51 - [TEST_STEP][PASSED] - click(modifiedLHS): Object: 'Object Repository/Objects.NavigateToAnyLHS/Page_ISPS2/LHSToModify' is clicked on

2020-06-09 15:13:51 - [MESSAGE][PASSED] - Object: 'Object Repository/Objects.NavigateToAnyLHS/Page_ISPS2/LHSToModify' is clicked on

2020-06-09 15:13:51 - [TEST_STEP][PASSED] - currentLHS = getText(modifiedLHS): Text of object 'Object Repository/Objects.NavigateToAnyLHS/Page_ISPS2/LHSToModify' is: 'Site Inspection'

2020-06-09 15:13:51 - [MESSAGE][PASSED] - Text of object 'Object Repository/Objects.NavigateToAnyLHS/Page_ISPS2/LHSToModify' is: 'Site Inspection'

2020-06-09 15:13:51 - [TEST_STEP][PASSED] - Thread.sleep(5000): null

2020-06-09 15:13:56 - [MESSAGE][PASSED] - Call Test Case 'Test Cases/Components/NavigateToAnyLHS' successfully

2020-06-09 15:13:56 - [TEST_STEP][PASSED] - callTestCase(findTestCase("Components/VerifyPageSuccessfullyLoadedII"), ["PageNm":"Site Inspection"], STOP_ON_FAILURE): Call Test Case 'Test Cases/Components/VerifyPageSuccessfullyLoadedII' successfully

2020-06-09 15:13:56 - [TEST_CASE][PASSED] - Test Cases/Components/VerifyPageSuccessfullyLoadedII: Test Cases/Components/VerifyPageSuccessfullyLoadedII

2020-06-09 15:13:56 - [TEST_STEP][PASSED] - waitForPageLoad(5): Wait for page load successfully

2020-06-09 15:13:56 - [MESSAGE][PASSED] - Wait for page load successfully

2020-06-09 15:13:56 - [TEST_STEP][PASSED] - modifiedInputFld = modifyObjectProperty(findTestObject("Object Repository/Objects.VerifyPageSuccessfullyLoaded/PageHeaderIndex"), "xpath", "equals", "//*[contains(@class,'isps-page-title') and contains(text(),'" + PageNm + "')]", true): Modify property of object successfully

2020-06-09 15:13:56 - [MESSAGE][PASSED] - Modify property of object successfully

2020-06-09 15:13:56 - [TEST_STEP][PASSED] - com.reusableComponents.HighlightElement.run(modifiedInputFld): com.reusableComponents.HighlightElement.run is PASSED

2020-06-09 15:13:57 - [MESSAGE][PASSED] - com.reusableComponents.HighlightElement.run is PASSED

2020-06-09 15:13:57 - [MESSAGE][PASSED] - Call Test Case 'Test Cases/Components/VerifyPageSuccessfullyLoadedII' successfully

2020-06-09 15:13:57 - [TEST_STEP][PASSED] - callTestCase(findTestCase("Components/ClickAddButton"), [:], STOP_ON_FAILURE): Call Test Case 'Test Cases/Components/ClickAddButton' successfully

2020-06-09 15:13:57 - [TEST_CASE][PASSED] - Test Cases/Components/ClickAddButton: Test Cases/Components/ClickAddButton

2020-06-09 15:13:57 - [TEST_STEP][PASSED] - com.reusableComponents.HighlightElement.run(findTestObject("Objects.AddAddress/Page_ISPS2/XP_AddButton")): com.reusableComponents.HighlightElement.run is PASSED

2020-06-09 15:13:57 - [MESSAGE][PASSED] - com.reusableComponents.HighlightElement.run is PASSED

2020-06-09 15:13:57 - [TEST_STEP][PASSED] - click(findTestObject("Objects.AddAddress/Page_ISPS2/XP_AddButton")): Object: 'Object Repository/Objects.AddAddress/Page_ISPS2/XP_AddButton' is clicked on

2020-06-09 15:13:58 - [MESSAGE][PASSED] - Object: 'Object Repository/Objects.AddAddress/Page_ISPS2/XP_AddButton' is clicked on

2020-06-09 15:13:58 - [TEST_STEP][PASSED] - Thread.sleep(6000): null

2020-06-09 15:14:04 - [MESSAGE][PASSED] - Call Test Case 'Test Cases/Components/ClickAddButton' successfully

2020-06-09 15:14:04 - [TEST_STEP][PASSED] - callTestCase(findTestCase("Components/HighlightLabelFieldXPI"), ["LblName":"Assign To", "index":1], STOP_ON_FAILURE): Call Test Case 'Test Cases/Components/HighlightLabelFieldXPI' successfully

2020-06-09 15:14:04 - [TEST_CASE][PASSED] - Test Cases/Components/HighlightLabelFieldXPI: Test Cases/Components/HighlightLabelFieldXPI

2020-06-09 15:14:04 - [TEST_STEP][PASSED] - Thread.sleep(1000): null

2020-06-09 15:14:05 - [TEST_STEP][PASSED] - modifiedLblNm = modifyObjectProperty(findTestObject("Object Repository/Objects.HighlightElements/lblField_index"), "xpath", "equals", "(//*[contains(@class, 'x-form-item-label-inner x-form-item-label-inner-default') and contains(., '" + LblName + "')])[" + index + "]", true): Modify property of object successfully

2020-06-09 15:14:05 - [MESSAGE][PASSED] - Modify property of object successfully

2020-06-09 15:14:05 - [TEST_STEP][PASSED] - com.reusableComponents.HighlightElement.run(modifiedLblNm): com.reusableComponents.HighlightElement.run is PASSED

2020-06-09 15:14:06 - [MESSAGE][PASSED] - com.reusableComponents.HighlightElement.run is PASSED

2020-06-09 15:14:06 - [MESSAGE][PASSED] - Call Test Case 'Test Cases/Components/HighlightLabelFieldXPI' successfully

2020-06-09 15:14:06 - [TEST_STEP][PASSED] - callTestCase(findTestCase("Components/HighlightInputFieldXPI"), ["FldNm":"officer", "index":1], STOP_ON_FAILURE): Call Test Case 'Test Cases/Components/HighlightInputFieldXPI' successfully

2020-06-09 15:14:06 - [TEST_CASE][PASSED] - Test Cases/Components/HighlightInputFieldXPI: Test Cases/Components/HighlightInputFieldXPI

2020-06-09 15:14:06 - [TEST_STEP][PASSED] - Thread.sleep(1000): null

2020-06-09 15:14:07 - [TEST_STEP][PASSED] - modifiedInputNm = modifyObjectProperty(findTestObject("Object Repository/Objects.HighlightElements/input_field_index"), "xpath", "equals", "(//*[contains(@name, '" + FldNm + "')])[" + index + "]", true): Modify property of object successfully

2020-06-09 15:14:07 - [MESSAGE][PASSED] - Modify property of object successfully

2020-06-09 15:14:07 - [TEST_STEP][PASSED] - com.reusableComponents.HighlightElement.run(modifiedInputNm): com.reusableComponents.HighlightElement.run is PASSED

2020-06-09 15:14:07 - [MESSAGE][PASSED] - com.reusableComponents.HighlightElement.run is PASSED

2020-06-09 15:14:07 - [MESSAGE][PASSED] - Call Test Case 'Test Cases/Components/HighlightInputFieldXPI' successfully

2020-06-09 15:14:07 - [TEST_STEP][PASSED] - callTestCase(findTestCase("PFI Precision and Scale/PFI Components with Indexing/VerifyDropdownValuesXPI"), ["FldNm":"officer", "index":1, "CallTCName":"PFI Precision and Scale/HashMap Tables/OfficerLists", "cmbNm":"", "NoOfVal":24, ... ], STOP_ON_FAILURE): Call Test Case 'Test Cases/PFI Precision and Scale/PFI Components with Indexing/VerifyDropdownValuesXPI' successfully

2020-06-09 15:14:07 - [TEST_CASE][PASSED] - Test Cases/PFI Precision and Scale/PFI Components with Indexing/VerifyDropdownValuesXPI: Test Cases/PFI Precision and Scale/PFI Components with Indexing/VerifyDropdownValuesXPI

2020-06-09 15:14:08 - [TEST_STEP][PASSED] - Thread.sleep(1000): null

2020-06-09 15:14:09 - [TEST_STEP][PASSED] - OutputFile = new java.io.File(DropdownValuesResult.txt): null

2020-06-09 15:14:09 - [TEST_STEP][PASSED] - TimeStamp = new java.util.Date(): null

2020-06-09 15:14:09 - [TEST_STEP][PASSED] - NewInputNmField = modifyObjectProperty(findTestObject("Object Repository/Objects.HighlightElements/input_field_index"), "xpath", "equals", "(//*[contains(@name, '" + FldNm + "')])[" + index + "]", true): Modify property of object successfully

2020-06-09 15:14:09 - [MESSAGE][PASSED] - Modify property of object successfully

2020-06-09 15:14:09 - [TEST_STEP][PASSED] - comboNm = cmbNm: null

2020-06-09 15:14:09 - [TEST_STEP][PASSED] - focus(NewInputNmField): Object: 'Object Repository/Objects.HighlightElements/input_field_index' is focused

2020-06-09 15:14:09 - [MESSAGE][PASSED] - Object: 'Object Repository/Objects.HighlightElements/input_field_index' is focused

2020-06-09 15:14:09 - [TEST_STEP][PASSED] - setText(NewInputNmField, EnterValue): Text '' is set on object 'Object Repository/Objects.HighlightElements/input_field_index'

2020-06-09 15:14:09 - [MESSAGE][PASSED] - Text '' is set on object 'Object Repository/Objects.HighlightElements/input_field_index'

2020-06-09 15:14:09 - [TEST_STEP][PASSED] - for ([i = 1, i <= NoOfVal, (i++)]): Keys 'DOWN + ' sent to object: 'Object Repository/Objects.HighlightElements/input_field_index'

2020-06-09 15:14:09 - [TEST_STEP][PASSED] - sendKeys(NewInputNmField, Keys.chord(ARROW_DOWN)): Keys 'DOWN + ' sent to object: 'Object Repository/Objects.HighlightElements/input_field_index'

2020-06-09 15:14:09 - [MESSAGE][PASSED] - Keys 'DOWN + ' sent to object: 'Object Repository/Objects.HighlightElements/input_field_index'

2020-06-09 15:14:09 - [TEST_STEP][PASSED] - delay(DelayTime): Delayed 2 second(s)

2020-06-09 15:14:11 - [MESSAGE][PASSED] - Delayed 2 second(s)

2020-06-09 15:14:11 - [TEST_STEP][PASSED] - sendKeys(NewInputNmField, Keys.chord(ENTER)): Keys 'ENTER + ' sent to object: 'Object Repository/Objects.HighlightElements/input_field_index'

2020-06-09 15:14:11 - [MESSAGE][PASSED] - Keys 'ENTER + ' sent to object: 'Object Repository/Objects.HighlightElements/input_field_index'

2020-06-09 15:14:11 - [TEST_STEP][PASSED] - ComboBoxValue = getAttribute(NewInputNmField, "value"): Attribute 'value' of object 'Object Repository/Objects.HighlightElements/input_field_index' is: 'Aaron Sham Wai Lun (AARON)'

2020-06-09 15:14:11 - [MESSAGE][PASSED] - Attribute 'value' of object 'Object Repository/Objects.HighlightElements/input_field_index' is: 'Aaron Sham Wai Lun (AARON)'

2020-06-09 15:14:11 - [TEST_STEP][PASSED] - callTestCase(findTestCase(CallTCName), ["FindValue":ComboBoxValue, "DropdownNm":comboNm], STOP_ON_FAILURE): Call Test Case 'Test Cases/PFI Precision and Scale/HashMap Tables/OfficerLists' successfully

2020-06-09 15:14:11 - [TEST_CASE][PASSED] - Test Cases/PFI Precision and Scale/HashMap Tables/OfficerLists: Test Cases/PFI Precision and Scale/HashMap Tables/OfficerLists

2020-06-09 15:14:11 - [TEST_STEP][PASSED] - Thread.sleep(1000): null

2020-06-09 15:14:12 - [TEST_STEP][PASSED] - OfficerLists = [1:"Aaron Sham Wai Lun (AARON)", 2:"Azidah Bte Akmad (Mdm) (USAABD)", 3:"Chung Fong Nyen (USACFN)", 4:"David Tey Dah Wei (DAHWEI)", ... ]: null

2020-06-09 15:14:12 - [TEST_STEP][PASSED] - ValueFound = OfficerLists.find({ -> ... }): null

2020-06-09 15:14:12 - [MESSAGE][PASSED] - Call Test Case 'Test Cases/PFI Precision and Scale/HashMap Tables/OfficerLists' successfully

2020-06-09 15:14:12 - [TEST_STEP][PASSED] - OutputFile.append("Search Value: " + ComboBoxValue + " " + "Found Value: " + ValueFound + TimeStamp + "
"): null

2020-06-09 15:14:12 - [TEST_STEP][PASSED] - sendKeys(NewInputNmField, Keys.chord(ARROW_DOWN)): Keys 'DOWN + ' sent to object: 'Object Repository/Objects.HighlightElements/input_field_index'

2020-06-09 15:14:12 - [MESSAGE][PASSED] - Keys 'DOWN + ' sent to object: 'Object Repository/Objects.HighlightElements/input_field_index'

2020-06-09 15:14:12 - [TEST_STEP][PASSED] - sendKeys(NewInputNmField, Keys.chord(ARROW_DOWN)): Keys 'DOWN + ' sent to object: 'Object Repository/Objects.HighlightElements/input_field_index'

2020-06-09 15:14:12 - [MESSAGE][PASSED] - Keys 'DOWN + ' sent to object: 'Object Repository/Objects.HighlightElements/input_field_index'

2020-06-09 15:14:12 - [TEST_STEP][PASSED] - delay(DelayTime): Delayed 2 second(s)

2020-06-09 15:14:14 - [MESSAGE][PASSED] - Delayed 2 second(s)

2020-06-09 15:14:14 - [TEST_STEP][PASSED] - sendKeys(NewInputNmField, Keys.chord(ENTER)): Keys 'ENTER + ' sent to object: 'Object Repository/Objects.HighlightElements/input_field_index'

2020-06-09 15:14:14 - [MESSAGE][PASSED] - Keys 'ENTER + ' sent to object: 'Object Repository/Objects.HighlightElements/input_field_index'

2020-06-09 15:14:14 - [TEST_STEP][PASSED] - ComboBoxValue = getAttribute(NewInputNmField, "value"): Attribute 'value' of object 'Object Repository/Objects.HighlightElements/input_field_index' is: 'Azidah Bte Akmad (Mdm) (USAABD)'

2020-06-09 15:14:14 - [MESSAGE][PASSED] - Attribute 'value' of object 'Object Repository/Objects.HighlightElements/input_field_index' is: 'Azidah Bte Akmad (Mdm) (USAABD)'

2020-06-09 15:14:14 - [TEST_STEP][PASSED] - callTestCase(findTestCase(CallTCName), ["FindValue":ComboBoxValue, "DropdownNm":comboNm], STOP_ON_FAILURE): Call Test Case 'Test Cases/PFI Precision and Scale/HashMap Tables/OfficerLists' successfully

2020-06-09 15:14:14 - [TEST_CASE][PASSED] - Test Cases/PFI Precision and Scale/HashMap Tables/OfficerLists: Test Cases/PFI Precision and Scale/HashMap Tables/OfficerLists

2020-06-09 15:14:14 - [TEST_STEP][PASSED] - Thread.sleep(1000): null

2020-06-09 15:14:15 - [TEST_STEP][PASSED] - OfficerLists = [1:"Aaron Sham Wai Lun (AARON)", 2:"Azidah Bte Akmad (Mdm) (USAABD)", 3:"Chung Fong Nyen (USACFN)", 4:"David Tey Dah Wei (DAHWEI)", ... ]: null

2020-06-09 15:14:15 - [TEST_STEP][PASSED] - ValueFound = OfficerLists.find({ -> ... }): null

2020-06-09 15:14:15 - [MESSAGE][PASSED] - Call Test Case 'Test Cases/PFI Precision and Scale/HashMap Tables/OfficerLists' successfully

2020-06-09 15:14:15 - [TEST_STEP][PASSED] - OutputFile.append("Search Value: " + ComboBoxValue + " " + "Found Value: " + ValueFound + TimeStamp + "
"): null

2020-06-09 15:14:15 - [TEST_STEP][PASSED] - sendKeys(NewInputNmField, Keys.chord(ARROW_DOWN)): Keys 'DOWN + ' sent to object: 'Object Repository/Objects.HighlightElements/input_field_index'

2020-06-09 15:14:15 - [MESSAGE][PASSED] - Keys 'DOWN + ' sent to object: 'Object Repository/Objects.HighlightElements/input_field_index'

2020-06-09 15:14:15 - [TEST_STEP][PASSED] - sendKeys(NewInputNmField, Keys.chord(ARROW_DOWN)): Keys 'DOWN + ' sent to object: 'Object Repository/Objects.HighlightElements/input_field_index'

2020-06-09 15:14:15 - [MESSAGE][PASSED] - Keys 'DOWN + ' sent to object: 'Object Repository/Objects.HighlightElements/input_field_index'

2020-06-09 15:14:15 - [TEST_STEP][PASSED] - delay(DelayTime): Delayed 2 second(s)

2020-06-09 15:14:17 - [MESSAGE][PASSED] - Delayed 2 second(s)

2020-06-09 15:14:17 - [TEST_STEP][PASSED] - sendKeys(NewInputNmField, Keys.chord(ENTER)): Keys 'ENTER + ' sent to object: 'Object Repository/Objects.HighlightElements/input_field_index'

2020-06-09 15:14:17 - [MESSAGE][PASSED] - Keys 'ENTER + ' sent to object: 'Object Repository/Objects.HighlightElements/input_field_index'

2020-06-09 15:14:17 - [TEST_STEP][PASSED] - ComboBoxValue = getAttribute(NewInputNmField, "value"): Attribute 'value' of object 'Object Repository/Objects.HighlightElements/input_field_index' is: 'Chua Bee Tee (BEETEE)'

2020-06-09 15:14:17 - [MESSAGE][PASSED] - Attribute 'value' of object 'Object Repository/Objects.HighlightElements/input_field_index' is: 'Chua Bee Tee (BEETEE)'

2020-06-09 15:14:17 - [TEST_STEP][PASSED] - callTestCase(findTestCase(CallTCName), ["FindValue":ComboBoxValue, "DropdownNm":comboNm], STOP_ON_FAILURE): Call Test Case 'Test Cases/PFI Precision and Scale/HashMap Tables/OfficerLists' successfully

2020-06-09 15:14:17 - [TEST_CASE][PASSED] - Test Cases/PFI Precision and Scale/HashMap Tables/OfficerLists: Test Cases/PFI Precision and Scale/HashMap Tables/OfficerLists

2020-06-09 15:14:17 - [TEST_STEP][PASSED] - Thread.sleep(1000): null

2020-06-09 15:14:18 - [TEST_STEP][PASSED] - OfficerLists = [1:"Aaron Sham Wai Lun (AARON)", 2:"Azidah Bte Akmad (Mdm) (USAABD)", 3:"Chung Fong Nyen (USACFN)", 4:"David Tey Dah Wei (DAHWEI)", ... ]: null

2020-06-09 15:14:18 - [TEST_STEP][PASSED] - ValueFound = OfficerLists.find({ -> ... }): null

2020-06-09 15:14:18 - [MESSAGE][PASSED] - Call Test Case 'Test Cases/PFI Precision and Scale/HashMap Tables/OfficerLists' successfully

2020-06-09 15:14:18 - [TEST_STEP][PASSED] - OutputFile.append("Search Value: " + ComboBoxValue + " " + "Found Value: " + ValueFound + TimeStamp + "
"): null

2020-06-09 15:14:18 - [TEST_STEP][PASSED] - sendKeys(NewInputNmField, Keys.chord(ARROW_DOWN)): Keys 'DOWN + ' sent to object: 'Object Repository/Objects.HighlightElements/input_field_index'

2020-06-09 15:14:18 - [MESSAGE][PASSED] - Keys 'DOWN + ' sent to object: 'Object Repository/Objects.HighlightElements/input_field_index'

2020-06-09 15:14:18 - [TEST_STEP][PASSED] - sendKeys(NewInputNmField, Keys.chord(ARROW_DOWN)): Keys 'DOWN + ' sent to object: 'Object Repository/Objects.HighlightElements/input_field_index'

2020-06-09 15:14:19 - [MESSAGE][PASSED] - Keys 'DOWN + ' sent to object: 'Object Repository/Objects.HighlightElements/input_field_index'

2020-06-09 15:14:19 - [TEST_STEP][PASSED] - delay(DelayTime): Delayed 2 second(s)

2020-06-09 15:14:21 - [MESSAGE][PASSED] - Delayed 2 second(s)

2020-06-09 15:14:21 - [TEST_STEP][PASSED] - sendKeys(NewInputNmField, Keys.chord(ENTER)): Keys 'ENTER + ' sent to object: 'Object Repository/Objects.HighlightElements/input_field_index'

2020-06-09 15:14:21 - [MESSAGE][PASSED] - Keys 'ENTER + ' sent to object: 'Object Repository/Objects.HighlightElements/input_field_index'

2020-06-09 15:14:21 - [TEST_STEP][PASSED] - ComboBoxValue = getAttribute(NewInputNmField, "value"): Attribute 'value' of object 'Object Repository/Objects.HighlightElements/input_field_index' is: 'Chung Fong Nyen (USACFN)'

2020-06-09 15:14:21 - [MESSAGE][PASSED] - Attribute 'value' of object 'Object Repository/Objects.HighlightElements/input_field_index' is: 'Chung Fong Nyen (USACFN)'

2020-06-09 15:14:21 - [TEST_STEP][PASSED] - callTestCase(findTestCase(CallTCName), ["FindValue":ComboBoxValue, "DropdownNm":comboNm], STOP_ON_FAILURE): Call Test Case 'Test Cases/PFI Precision and Scale/HashMap Tables/OfficerLists' successfully

2020-06-09 15:14:21 - [TEST_CASE][PASSED] - Test Cases/PFI Precision and Scale/HashMap Tables/OfficerLists: Test Cases/PFI Precision and Scale/HashMap Tables/OfficerLists

2020-06-09 15:14:21 - [TEST_STEP][PASSED] - Thread.sleep(1000): null

2020-06-09 15:14:22 - [TEST_STEP][PASSED] - OfficerLists = [1:"Aaron Sham Wai Lun (AARON)", 2:"Azidah Bte Akmad (Mdm) (USAABD)", 3:"Chung Fong Nyen (USACFN)", 4:"David Tey Dah Wei (DAHWEI)", ... ]: null

2020-06-09 15:14:22 - [TEST_STEP][PASSED] - ValueFound = OfficerLists.find({ -> ... }): null

2020-06-09 15:14:22 - [MESSAGE][PASSED] - Call Test Case 'Test Cases/PFI Precision and Scale/HashMap Tables/OfficerLists' successfully

2020-06-09 15:14:22 - [TEST_STEP][PASSED] - OutputFile.append("Search Value: " + ComboBoxValue + " " + "Found Value: " + ValueFound + TimeStamp + "
"): null

2020-06-09 15:14:22 - [TEST_STEP][PASSED] - sendKeys(NewInputNmField, Keys.chord(ARROW_DOWN)): Keys 'DOWN + ' sent to object: 'Object Repository/Objects.HighlightElements/input_field_index'

2020-06-09 15:14:22 - [MESSAGE][PASSED] - Keys 'DOWN + ' sent to object: 'Object Repository/Objects.HighlightElements/input_field_index'

2020-06-09 15:14:22 - [TEST_STEP][PASSED] - sendKeys(NewInputNmField, Keys.chord(ARROW_DOWN)): Keys 'DOWN + ' sent to object: 'Object Repository/Objects.HighlightElements/input_field_index'

2020-06-09 15:14:22 - [MESSAGE][PASSED] - Keys 'DOWN + ' sent to object: 'Object Repository/Objects.HighlightElements/input_field_index'

2020-06-09 15:14:22 - [TEST_STEP][PASSED] - delay(DelayTime): Delayed 2 second(s)

2020-06-09 15:14:24 - [MESSAGE][PASSED] - Delayed 2 second(s)

2020-06-09 15:14:24 - [TEST_STEP][PASSED] - sendKeys(NewInputNmField, Keys.chord(ENTER)): Keys 'ENTER + ' sent to object: 'Object Repository/Objects.HighlightElements/input_field_index'

2020-06-09 15:14:24 - [MESSAGE][PASSED] - Keys 'ENTER + ' sent to object: 'Object Repository/Objects.HighlightElements/input_field_index'

2020-06-09 15:14:24 - [TEST_STEP][PASSED] - ComboBoxValue = getAttribute(NewInputNmField, "value"): Attribute 'value' of object 'Object Repository/Objects.HighlightElements/input_field_index' is: 'David Tey Dah Wei (DAHWEI)'

2020-06-09 15:14:24 - [MESSAGE][PASSED] - Attribute 'value' of object 'Object Repository/Objects.HighlightElements/input_field_index' is: 'David Tey Dah Wei (DAHWEI)'

2020-06-09 15:14:24 - [TEST_STEP][PASSED] - callTestCase(findTestCase(CallTCName), ["FindValue":ComboBoxValue, "DropdownNm":comboNm], STOP_ON_FAILURE): Call Test Case 'Test Cases/PFI Precision and Scale/HashMap Tables/OfficerLists' successfully

2020-06-09 15:14:24 - [TEST_CASE][PASSED] - Test Cases/PFI Precision and Scale/HashMap Tables/OfficerLists: Test Cases/PFI Precision and Scale/HashMap Tables/OfficerLists

2020-06-09 15:14:24 - [TEST_STEP][PASSED] - Thread.sleep(1000): null

2020-06-09 15:14:25 - [TEST_STEP][PASSED] - OfficerLists = [1:"Aaron Sham Wai Lun (AARON)", 2:"Azidah Bte Akmad (Mdm) (USAABD)", 3:"Chung Fong Nyen (USACFN)", 4:"David Tey Dah Wei (DAHWEI)", ... ]: null

2020-06-09 15:14:25 - [TEST_STEP][PASSED] - ValueFound = OfficerLists.find({ -> ... }): null

2020-06-09 15:14:25 - [MESSAGE][PASSED] - Call Test Case 'Test Cases/PFI Precision and Scale/HashMap Tables/OfficerLists' successfully

2020-06-09 15:14:25 - [TEST_STEP][PASSED] - OutputFile.append("Search Value: " + ComboBoxValue + " " + "Found Value: " + ValueFound + TimeStamp + "
"): null

2020-06-09 15:14:25 - [TEST_STEP][PASSED] - sendKeys(NewInputNmField, Keys.chord(ARROW_DOWN)): Keys 'DOWN + ' sent to object: 'Object Repository/Objects.HighlightElements/input_field_index'

2020-06-09 15:14:25 - [MESSAGE][PASSED] - Keys 'DOWN + ' sent to object: 'Object Repository/Objects.HighlightElements/input_field_index'

2020-06-09 15:14:25 - [TEST_STEP][PASSED] - sendKeys(NewInputNmField, Keys.chord(ARROW_DOWN)): Keys 'DOWN + ' sent to object: 'Object Repository/Objects.HighlightElements/input_field_index'

2020-06-09 15:14:25 - [MESSAGE][PASSED] - Keys 'DOWN + ' sent to object: 'Object Repository/Objects.HighlightElements/input_field_index'

2020-06-09 15:14:25 - [TEST_STEP][PASSED] - delay(DelayTime): Delayed 2 second(s)

2020-06-09 15:14:27 - [MESSAGE][PASSED] - Delayed 2 second(s)

2020-06-09 15:14:27 - [TEST_STEP][PASSED] - sendKeys(NewInputNmField, Keys.chord(ENTER)): Keys 'ENTER + ' sent to object: 'Object Repository/Objects.HighlightElements/input_field_index'

2020-06-09 15:14:27 - [MESSAGE][PASSED] - Keys 'ENTER + ' sent to object: 'Object Repository/Objects.HighlightElements/input_field_index'

2020-06-09 15:14:27 - [TEST_STEP][PASSED] - ComboBoxValue = getAttribute(NewInputNmField, "value"): Attribute 'value' of object 'Object Repository/Objects.HighlightElements/input_field_index' is: 'Han Wann Kuang (WANNKUANG)'

2020-06-09 15:14:27 - [MESSAGE][PASSED] - Attribute 'value' of object 'Object Repository/Objects.HighlightElements/input_field_index' is: 'Han Wann Kuang (WANNKUANG)'

2020-06-09 15:14:27 - [TEST_STEP][PASSED] - callTestCase(findTestCase(CallTCName), ["FindValue":ComboBoxValue, "DropdownNm":comboNm], STOP_ON_FAILURE): Call Test Case 'Test Cases/PFI Precision and Scale/HashMap Tables/OfficerLists' successfully

2020-06-09 15:14:27 - [TEST_CASE][PASSED] - Test Cases/PFI Precision and Scale/HashMap Tables/OfficerLists: Test Cases/PFI Precision and Scale/HashMap Tables/OfficerLists

2020-06-09 15:14:27 - [TEST_STEP][PASSED] - Thread.sleep(1000): null

2020-06-09 15:14:28 - [TEST_STEP][PASSED] - OfficerLists = [1:"Aaron Sham Wai Lun (AARON)", 2:"Azidah Bte Akmad (Mdm) (USAABD)", 3:"Chung Fong Nyen (USACFN)", 4:"David Tey Dah Wei (DAHWEI)", ... ]: null

2020-06-09 15:14:28 - [TEST_STEP][PASSED] - ValueFound = OfficerLists.find({ -> ... }): null

2020-06-09 15:14:28 - [MESSAGE][PASSED] - Call Test Case 'Test Cases/PFI Precision and Scale/HashMap Tables/OfficerLists' successfully

2020-06-09 15:14:28 - [TEST_STEP][PASSED] - OutputFile.append("Search Value: " + ComboBoxValue + " " + "Found Value: " + ValueFound + TimeStamp + "
"): null

2020-06-09 15:14:28 - [TEST_STEP][PASSED] - sendKeys(NewInputNmField, Keys.chord(ARROW_DOWN)): Keys 'DOWN + ' sent to object: 'Object Repository/Objects.HighlightElements/input_field_index'

2020-06-09 15:14:28 - [MESSAGE][PASSED] - Keys 'DOWN + ' sent to object: 'Object Repository/Objects.HighlightElements/input_field_index'

2020-06-09 15:14:28 - [TEST_STEP][PASSED] - sendKeys(NewInputNmField, Keys.chord(ARROW_DOWN)): Keys 'DOWN + ' sent to object: 'Object Repository/Objects.HighlightElements/input_field_index'

2020-06-09 15:14:28 - [MESSAGE][PASSED] - Keys 'DOWN + ' sent to object: 'Object Repository/Objects.HighlightElements/input_field_index'

2020-06-09 15:14:28 - [TEST_STEP][PASSED] - delay(DelayTime): Delayed 2 second(s)

2020-06-09 15:14:30 - [MESSAGE][PASSED] - Delayed 2 second(s)

2020-06-09 15:14:30 - [TEST_STEP][PASSED] - sendKeys(NewInputNmField, Keys.chord(ENTER)): Keys 'ENTER + ' sent to object: 'Object Repository/Objects.HighlightElements/input_field_index'

2020-06-09 15:14:30 - [MESSAGE][PASSED] - Keys 'ENTER + ' sent to object: 'Object Repository/Objects.HighlightElements/input_field_index'

2020-06-09 15:14:30 - [TEST_STEP][PASSED] - ComboBoxValue = getAttribute(NewInputNmField, "value"): Attribute 'value' of object 'Object Repository/Objects.HighlightElements/input_field_index' is: 'Ho Tze Siang (TZESIANG)'

2020-06-09 15:14:30 - [MESSAGE][PASSED] - Attribute 'value' of object 'Object Repository/Objects.HighlightElements/input_field_index' is: 'Ho Tze Siang (TZESIANG)'

2020-06-09 15:14:30 - [TEST_STEP][PASSED] - callTestCase(findTestCase(CallTCName), ["FindValue":ComboBoxValue, "DropdownNm":comboNm], STOP_ON_FAILURE): Call Test Case 'Test Cases/PFI Precision and Scale/HashMap Tables/OfficerLists' successfully

2020-06-09 15:14:30 - [TEST_CASE][PASSED] - Test Cases/PFI Precision and Scale/HashMap Tables/OfficerLists: Test Cases/PFI Precision and Scale/HashMap Tables/OfficerLists

2020-06-09 15:14:30 - [TEST_STEP][PASSED] - Thread.sleep(1000): null

2020-06-09 15:14:31 - [TEST_STEP][PASSED] - OfficerLists = [1:"Aaron Sham Wai Lun (AARON)", 2:"Azidah Bte Akmad (Mdm) (USAABD)", 3:"Chung Fong Nyen (USACFN)", 4:"David Tey Dah Wei (DAHWEI)", ... ]: null

2020-06-09 15:14:31 - [TEST_STEP][PASSED] - ValueFound = OfficerLists.find({ -> ... }): null

2020-06-09 15:14:31 - [MESSAGE][PASSED] - Call Test Case 'Test Cases/PFI Precision and Scale/HashMap Tables/OfficerLists' successfully

2020-06-09 15:14:31 - [TEST_STEP][PASSED] - OutputFile.append("Search Value: " + ComboBoxValue + " " + "Found Value: " + ValueFound + TimeStamp + "
"): null

2020-06-09 15:14:31 - [TEST_STEP][PASSED] - sendKeys(NewInputNmField, Keys.chord(ARROW_DOWN)): Keys 'DOWN + ' sent to object: 'Object Repository/Objects.HighlightElements/input_field_index'

2020-06-09 15:14:31 - [MESSAGE][PASSED] - Keys 'DOWN + ' sent to object: 'Object Repository/Objects.HighlightElements/input_field_index'

2020-06-09 15:14:31 - [TEST_STEP][PASSED] - sendKeys(NewInputNmField, Keys.chord(ARROW_DOWN)): Keys 'DOWN + ' sent to object: 'Object Repository/Objects.HighlightElements/input_field_index'

2020-06-09 15:14:31 - [MESSAGE][PASSED] - Keys 'DOWN + ' sent to object: 'Object Repository/Objects.HighlightElements/input_field_index'

2020-06-09 15:14:31 - [TEST_STEP][PASSED] - delay(DelayTime): Delayed 2 second(s)

2020-06-09 15:14:33 - [MESSAGE][PASSED] - Delayed 2 second(s)

2020-06-09 15:14:33 - [TEST_STEP][PASSED] - sendKeys(NewInputNmField, Keys.chord(ENTER)): Keys 'ENTER + ' sent to object: 'Object Repository/Objects.HighlightElements/input_field_index'

2020-06-09 15:14:33 - [MESSAGE][PASSED] - Keys 'ENTER + ' sent to object: 'Object Repository/Objects.HighlightElements/input_field_index'

2020-06-09 15:14:33 - [TEST_STEP][PASSED] - ComboBoxValue = getAttribute(NewInputNmField, "value"): Attribute 'value' of object 'Object Repository/Objects.HighlightElements/input_field_index' is: 'Ho-Chan Vun Ching (USAHVC)'

2020-06-09 15:14:34 - [MESSAGE][PASSED] - Attribute 'value' of object 'Object Repository/Objects.HighlightElements/input_field_index' is: 'Ho-Chan Vun Ching (USAHVC)'

2020-06-09 15:14:34 - [TEST_STEP][PASSED] - callTestCase(findTestCase(CallTCName), ["FindValue":ComboBoxValue, "DropdownNm":comboNm], STOP_ON_FAILURE): Call Test Case 'Test Cases/PFI Precision and Scale/HashMap Tables/OfficerLists' successfully

2020-06-09 15:14:34 - [TEST_CASE][PASSED] - Test Cases/PFI Precision and Scale/HashMap Tables/OfficerLists: Test Cases/PFI Precision and Scale/HashMap Tables/OfficerLists

2020-06-09 15:14:34 - [TEST_STEP][PASSED] - Thread.sleep(1000): null

2020-06-09 15:14:35 - [TEST_STEP][PASSED] - OfficerLists = [1:"Aaron Sham Wai Lun (AARON)", 2:"Azidah Bte Akmad (Mdm) (USAABD)", 3:"Chung Fong Nyen (USACFN)", 4:"David Tey Dah Wei (DAHWEI)", ... ]: null

2020-06-09 15:14:35 - [TEST_STEP][PASSED] - ValueFound = OfficerLists.find({ -> ... }): null

2020-06-09 15:14:35 - [MESSAGE][PASSED] - Call Test Case 'Test Cases/PFI Precision and Scale/HashMap Tables/OfficerLists' successfully

2020-06-09 15:14:35 - [TEST_STEP][PASSED] - OutputFile.append("Search Value: " + ComboBoxValue + " " + "Found Value: " + ValueFound + TimeStamp + "
"): null

2020-06-09 15:14:35 - [TEST_STEP][PASSED] - sendKeys(NewInputNmField, Keys.chord(ARROW_DOWN)): Keys 'DOWN + ' sent to object: 'Object Repository/Objects.HighlightElements/input_field_index'

2020-06-09 15:14:35 - [MESSAGE][PASSED] - Keys 'DOWN + ' sent to object: 'Object Repository/Objects.HighlightElements/input_field_index'

2020-06-09 15:14:35 - [TEST_STEP][PASSED] - sendKeys(NewInputNmField, Keys.chord(ARROW_DOWN)): Keys 'DOWN + ' sent to object: 'Object Repository/Objects.HighlightElements/input_field_index'

2020-06-09 15:14:35 - [MESSAGE][PASSED] - Keys 'DOWN + ' sent to object: 'Object Repository/Objects.HighlightElements/input_field_index'

2020-06-09 15:14:35 - [TEST_STEP][PASSED] - delay(DelayTime): Delayed 2 second(s)

2020-06-09 15:14:37 - [MESSAGE][PASSED] - Delayed 2 second(s)

2020-06-09 15:14:37 - [TEST_STEP][PASSED] - sendKeys(NewInputNmField, Keys.chord(ENTER)): Keys 'ENTER + ' sent to object: 'Object Repository/Objects.HighlightElements/input_field_index'

2020-06-09 15:14:37 - [MESSAGE][PASSED] - Keys 'ENTER + ' sent to object: 'Object Repository/Objects.HighlightElements/input_field_index'

2020-06-09 15:14:37 - [TEST_STEP][PASSED] - ComboBoxValue = getAttribute(NewInputNmField, "value"): Attribute 'value' of object 'Object Repository/Objects.HighlightElements/input_field_index' is: 'Janet Lee Choon Hong (JANETCHOON)'

2020-06-09 15:14:37 - [MESSAGE][PASSED] - Attribute 'value' of object 'Object Repository/Objects.HighlightElements/input_field_index' is: 'Janet Lee Choon Hong (JANETCHOON)'

2020-06-09 15:14:37 - [TEST_STEP][PASSED] - callTestCase(findTestCase(CallTCName), ["FindValue":ComboBoxValue, "DropdownNm":comboNm], STOP_ON_FAILURE): Call Test Case 'Test Cases/PFI Precision and Scale/HashMap Tables/OfficerLists' successfully

2020-06-09 15:14:37 - [TEST_CASE][PASSED] - Test Cases/PFI Precision and Scale/HashMap Tables/OfficerLists: Test Cases/PFI Precision and Scale/HashMap Tables/OfficerLists

2020-06-09 15:14:37 - [TEST_STEP][PASSED] - Thread.sleep(1000): null

2020-06-09 15:14:38 - [TEST_STEP][PASSED] - OfficerLists = [1:"Aaron Sham Wai Lun (AARON)", 2:"Azidah Bte Akmad (Mdm) (USAABD)", 3:"Chung Fong Nyen (USACFN)", 4:"David Tey Dah Wei (DAHWEI)", ... ]: null

2020-06-09 15:14:38 - [TEST_STEP][PASSED] - ValueFound = OfficerLists.find({ -> ... }): null

2020-06-09 15:14:38 - [MESSAGE][PASSED] - Call Test Case 'Test Cases/PFI Precision and Scale/HashMap Tables/OfficerLists' successfully

2020-06-09 15:14:38 - [TEST_STEP][PASSED] - OutputFile.append("Search Value: " + ComboBoxValue + " " + "Found Value: " + ValueFound + TimeStamp + "
"): null

2020-06-09 15:14:38 - [TEST_STEP][PASSED] - sendKeys(NewInputNmField, Keys.chord(ARROW_DOWN)): Keys 'DOWN + ' sent to object: 'Object Repository/Objects.HighlightElements/input_field_index'

2020-06-09 15:14:38 - [MESSAGE][PASSED] - Keys 'DOWN + ' sent to object: 'Object Repository/Objects.HighlightElements/input_field_index'

2020-06-09 15:14:38 - [TEST_STEP][PASSED] - sendKeys(NewInputNmField, Keys.chord(ARROW_DOWN)): Keys 'DOWN + ' sent to object: 'Object Repository/Objects.HighlightElements/input_field_index'

2020-06-09 15:14:38 - [MESSAGE][PASSED] - Keys 'DOWN + ' sent to object: 'Object Repository/Objects.HighlightElements/input_field_index'

2020-06-09 15:14:38 - [TEST_STEP][PASSED] - delay(DelayTime): Delayed 2 second(s)

2020-06-09 15:14:40 - [MESSAGE][PASSED] - Delayed 2 second(s)

2020-06-09 15:14:40 - [TEST_STEP][PASSED] - sendKeys(NewInputNmField, Keys.chord(ENTER)): Keys 'ENTER + ' sent to object: 'Object Repository/Objects.HighlightElements/input_field_index'

2020-06-09 15:14:40 - [MESSAGE][PASSED] - Keys 'ENTER + ' sent to object: 'Object Repository/Objects.HighlightElements/input_field_index'

2020-06-09 15:14:40 - [TEST_STEP][PASSED] - ComboBoxValue = getAttribute(NewInputNmField, "value"): Attribute 'value' of object 'Object Repository/Objects.HighlightElements/input_field_index' is: 'Joseph Lim Pheng Weng (PHENGWENG)'

2020-06-09 15:14:40 - [MESSAGE][PASSED] - Attribute 'value' of object 'Object Repository/Objects.HighlightElements/input_field_index' is: 'Joseph Lim Pheng Weng (PHENGWENG)'

2020-06-09 15:14:40 - [TEST_STEP][PASSED] - callTestCase(findTestCase(CallTCName), ["FindValue":ComboBoxValue, "DropdownNm":comboNm], STOP_ON_FAILURE): Call Test Case 'Test Cases/PFI Precision and Scale/HashMap Tables/OfficerLists' successfully

2020-06-09 15:14:40 - [TEST_CASE][PASSED] - Test Cases/PFI Precision and Scale/HashMap Tables/OfficerLists: Test Cases/PFI Precision and Scale/HashMap Tables/OfficerLists

2020-06-09 15:14:40 - [TEST_STEP][PASSED] - Thread.sleep(1000): null

2020-06-09 15:14:41 - [TEST_STEP][PASSED] - OfficerLists = [1:"Aaron Sham Wai Lun (AARON)", 2:"Azidah Bte Akmad (Mdm) (USAABD)", 3:"Chung Fong Nyen (USACFN)", 4:"David Tey Dah Wei (DAHWEI)", ... ]: null

2020-06-09 15:14:41 - [TEST_STEP][PASSED] - ValueFound = OfficerLists.find({ -> ... }): null

2020-06-09 15:14:41 - [MESSAGE][PASSED] - Call Test Case 'Test Cases/PFI Precision and Scale/HashMap Tables/OfficerLists' successfully

2020-06-09 15:14:41 - [TEST_STEP][PASSED] - OutputFile.append("Search Value: " + ComboBoxValue + " " + "Found Value: " + ValueFound + TimeStamp + "
"): null

2020-06-09 15:14:41 - [TEST_STEP][PASSED] - sendKeys(NewInputNmField, Keys.chord(ARROW_DOWN)): Keys 'DOWN + ' sent to object: 'Object Repository/Objects.HighlightElements/input_field_index'

2020-06-09 15:14:41 - [MESSAGE][PASSED] - Keys 'DOWN + ' sent to object: 'Object Repository/Objects.HighlightElements/input_field_index'

2020-06-09 15:14:41 - [TEST_STEP][PASSED] - sendKeys(NewInputNmField, Keys.chord(ARROW_DOWN)): Keys 'DOWN + ' sent to object: 'Object Repository/Objects.HighlightElements/input_field_index'

2020-06-09 15:14:41 - [MESSAGE][PASSED] - Keys 'DOWN + ' sent to object: 'Object Repository/Objects.HighlightElements/input_field_index'

2020-06-09 15:14:41 - [TEST_STEP][PASSED] - delay(DelayTime): Delayed 2 second(s)

2020-06-09 15:14:43 - [MESSAGE][PASSED] - Delayed 2 second(s)

2020-06-09 15:14:43 - [TEST_STEP][PASSED] - sendKeys(NewInputNmField, Keys.chord(ENTER)): Keys 'ENTER + ' sent to object: 'Object Repository/Objects.HighlightElements/input_field_index'

2020-06-09 15:14:43 - [MESSAGE][PASSED] - Keys 'ENTER + ' sent to object: 'Object Repository/Objects.HighlightElements/input_field_index'

2020-06-09 15:14:43 - [TEST_STEP][PASSED] - ComboBoxValue = getAttribute(NewInputNmField, "value"): Attribute 'value' of object 'Object Repository/Objects.HighlightElements/input_field_index' is: 'Kaliannan Thanabal (KALIANN)'

2020-06-09 15:14:43 - [MESSAGE][PASSED] - Attribute 'value' of object 'Object Repository/Objects.HighlightElements/input_field_index' is: 'Kaliannan Thanabal (KALIANN)'

2020-06-09 15:14:43 - [TEST_STEP][PASSED] - callTestCase(findTestCase(CallTCName), ["FindValue":ComboBoxValue, "DropdownNm":comboNm], STOP_ON_FAILURE): Call Test Case 'Test Cases/PFI Precision and Scale/HashMap Tables/OfficerLists' successfully

2020-06-09 15:14:43 - [TEST_CASE][PASSED] - Test Cases/PFI Precision and Scale/HashMap Tables/OfficerLists: Test Cases/PFI Precision and Scale/HashMap Tables/OfficerLists

2020-06-09 15:14:43 - [TEST_STEP][PASSED] - Thread.sleep(1000): null

2020-06-09 15:14:44 - [TEST_STEP][PASSED] - OfficerLists = [1:"Aaron Sham Wai Lun (AARON)", 2:"Azidah Bte Akmad (Mdm) (USAABD)", 3:"Chung Fong Nyen (USACFN)", 4:"David Tey Dah Wei (DAHWEI)", ... ]: null

2020-06-09 15:14:44 - [TEST_STEP][PASSED] - ValueFound = OfficerLists.find({ -> ... }): null

2020-06-09 15:14:44 - [MESSAGE][PASSED] - Call Test Case 'Test Cases/PFI Precision and Scale/HashMap Tables/OfficerLists' successfully

2020-06-09 15:14:44 - [TEST_STEP][PASSED] - OutputFile.append("Search Value: " + ComboBoxValue + " " + "Found Value: " + ValueFound + TimeStamp + "
"): null

2020-06-09 15:14:44 - [TEST_STEP][PASSED] - sendKeys(NewInputNmField, Keys.chord(ARROW_DOWN)): Keys 'DOWN + ' sent to object: 'Object Repository/Objects.HighlightElements/input_field_index'

2020-06-09 15:14:44 - [MESSAGE][PASSED] - Keys 'DOWN + ' sent to object: 'Object Repository/Objects.HighlightElements/input_field_index'

2020-06-09 15:14:44 - [TEST_STEP][PASSED] - sendKeys(NewInputNmField, Keys.chord(ARROW_DOWN)): Keys 'DOWN + ' sent to object: 'Object Repository/Objects.HighlightElements/input_field_index'

2020-06-09 15:14:44 - [MESSAGE][PASSED] - Keys 'DOWN + ' sent to object: 'Object Repository/Objects.HighlightElements/input_field_index'

2020-06-09 15:14:44 - [TEST_STEP][PASSED] - delay(DelayTime): Delayed 2 second(s)

2020-06-09 15:14:46 - [MESSAGE][PASSED] - Delayed 2 second(s)

2020-06-09 15:14:46 - [TEST_STEP][PASSED] - sendKeys(NewInputNmField, Keys.chord(ENTER)): Keys 'ENTER + ' sent to object: 'Object Repository/Objects.HighlightElements/input_field_index'

2020-06-09 15:14:46 - [MESSAGE][PASSED] - Keys 'ENTER + ' sent to object: 'Object Repository/Objects.HighlightElements/input_field_index'

2020-06-09 15:14:46 - [TEST_STEP][PASSED] - ComboBoxValue = getAttribute(NewInputNmField, "value"): Attribute 'value' of object 'Object Repository/Objects.HighlightElements/input_field_index' is: 'Kelvin Phua Meng Thong (MENGTHONG)'

2020-06-09 15:14:46 - [MESSAGE][PASSED] - Attribute 'value' of object 'Object Repository/Objects.HighlightElements/input_field_index' is: 'Kelvin Phua Meng Thong (MENGTHONG)'

2020-06-09 15:14:46 - [TEST_STEP][PASSED] - callTestCase(findTestCase(CallTCName), ["FindValue":ComboBoxValue, "DropdownNm":comboNm], STOP_ON_FAILURE): Call Test Case 'Test Cases/PFI Precision and Scale/HashMap Tables/OfficerLists' successfully

2020-06-09 15:14:46 - [TEST_CASE][PASSED] - Test Cases/PFI Precision and Scale/HashMap Tables/OfficerLists: Test Cases/PFI Precision and Scale/HashMap Tables/OfficerLists

2020-06-09 15:14:46 - [TEST_STEP][PASSED] - Thread.sleep(1000): null

2020-06-09 15:14:47 - [TEST_STEP][PASSED] - OfficerLists = [1:"Aaron Sham Wai Lun (AARON)", 2:"Azidah Bte Akmad (Mdm) (USAABD)", 3:"Chung Fong Nyen (USACFN)", 4:"David Tey Dah Wei (DAHWEI)", ... ]: null

2020-06-09 15:14:47 - [TEST_STEP][PASSED] - ValueFound = OfficerLists.find({ -> ... }): null

2020-06-09 15:14:47 - [MESSAGE][PASSED] - Call Test Case 'Test Cases/PFI Precision and Scale/HashMap Tables/OfficerLists' successfully

2020-06-09 15:14:47 - [TEST_STEP][PASSED] - OutputFile.append("Search Value: " + ComboBoxValue + " " + "Found Value: " + ValueFound + TimeStamp + "
"): null

2020-06-09 15:14:47 - [TEST_STEP][PASSED] - sendKeys(NewInputNmField, Keys.chord(ARROW_DOWN)): Keys 'DOWN + ' sent to object: 'Object Repository/Objects.HighlightElements/input_field_index'

2020-06-09 15:14:48 - [MESSAGE][PASSED] - Keys 'DOWN + ' sent to object: 'Object Repository/Objects.HighlightElements/input_field_index'

2020-06-09 15:14:48 - [TEST_STEP][PASSED] - sendKeys(NewInputNmField, Keys.chord(ARROW_DOWN)): Keys 'DOWN + ' sent to object: 'Object Repository/Objects.HighlightElements/input_field_index'

2020-06-09 15:14:48 - [MESSAGE][PASSED] - Keys 'DOWN + ' sent to object: 'Object Repository/Objects.HighlightElements/input_field_index'

2020-06-09 15:14:48 - [TEST_STEP][PASSED] - delay(DelayTime): Delayed 2 second(s)

2020-06-09 15:14:50 - [MESSAGE][PASSED] - Delayed 2 second(s)

2020-06-09 15:14:50 - [TEST_STEP][PASSED] - sendKeys(NewInputNmField, Keys.chord(ENTER)): Keys 'ENTER + ' sent to object: 'Object Repository/Objects.HighlightElements/input_field_index'

2020-06-09 15:14:50 - [MESSAGE][PASSED] - Keys 'ENTER + ' sent to object: 'Object Repository/Objects.HighlightElements/input_field_index'

2020-06-09 15:14:50 - [TEST_STEP][PASSED] - ComboBoxValue = getAttribute(NewInputNmField, "value"): Attribute 'value' of object 'Object Repository/Objects.HighlightElements/input_field_index' is: 'Lee Kok Tien (USAKTL)'

2020-06-09 15:14:50 - [MESSAGE][PASSED] - Attribute 'value' of object 'Object Repository/Objects.HighlightElements/input_field_index' is: 'Lee Kok Tien (USAKTL)'

2020-06-09 15:14:50 - [TEST_STEP][PASSED] - callTestCase(findTestCase(CallTCName), ["FindValue":ComboBoxValue, "DropdownNm":comboNm], STOP_ON_FAILURE): Call Test Case 'Test Cases/PFI Precision and Scale/HashMap Tables/OfficerLists' successfully

2020-06-09 15:14:50 - [TEST_CASE][PASSED] - Test Cases/PFI Precision and Scale/HashMap Tables/OfficerLists: Test Cases/PFI Precision and Scale/HashMap Tables/OfficerLists

2020-06-09 15:14:50 - [TEST_STEP][PASSED] - Thread.sleep(1000): null

2020-06-09 15:14:51 - [TEST_STEP][PASSED] - OfficerLists = [1:"Aaron Sham Wai Lun (AARON)", 2:"Azidah Bte Akmad (Mdm) (USAABD)", 3:"Chung Fong Nyen (USACFN)", 4:"David Tey Dah Wei (DAHWEI)", ... ]: null

2020-06-09 15:14:51 - [TEST_STEP][PASSED] - ValueFound = OfficerLists.find({ -> ... }): null

2020-06-09 15:14:51 - [MESSAGE][PASSED] - Call Test Case 'Test Cases/PFI Precision and Scale/HashMap Tables/OfficerLists' successfully

2020-06-09 15:14:51 - [TEST_STEP][PASSED] - OutputFile.append("Search Value: " + ComboBoxValue + " " + "Found Value: " + ValueFound + TimeStamp + "
"): null

2020-06-09 15:14:51 - [TEST_STEP][PASSED] - sendKeys(NewInputNmField, Keys.chord(ARROW_DOWN)): Keys 'DOWN + ' sent to object: 'Object Repository/Objects.HighlightElements/input_field_index'

2020-06-09 15:14:51 - [MESSAGE][PASSED] - Keys 'DOWN + ' sent to object: 'Object Repository/Objects.HighlightElements/input_field_index'

2020-06-09 15:14:51 - [TEST_STEP][PASSED] - sendKeys(NewInputNmField, Keys.chord(ARROW_DOWN)): Keys 'DOWN + ' sent to object: 'Object Repository/Objects.HighlightElements/input_field_index'

2020-06-09 15:14:51 - [MESSAGE][PASSED] - Keys 'DOWN + ' sent to object: 'Object Repository/Objects.HighlightElements/input_field_index'

2020-06-09 15:14:51 - [TEST_STEP][PASSED] - delay(DelayTime): Delayed 2 second(s)

2020-06-09 15:14:53 - [MESSAGE][PASSED] - Delayed 2 second(s)

2020-06-09 15:14:53 - [TEST_STEP][PASSED] - sendKeys(NewInputNmField, Keys.chord(ENTER)): Keys 'ENTER + ' sent to object: 'Object Repository/Objects.HighlightElements/input_field_index'

2020-06-09 15:14:53 - [MESSAGE][PASSED] - Keys 'ENTER + ' sent to object: 'Object Repository/Objects.HighlightElements/input_field_index'

2020-06-09 15:14:53 - [TEST_STEP][PASSED] - ComboBoxValue = getAttribute(NewInputNmField, "value"): Attribute 'value' of object 'Object Repository/Objects.HighlightElements/input_field_index' is: 'Lim Beng Kwee (BENGKWEE)'

2020-06-09 15:14:53 - [MESSAGE][PASSED] - Attribute 'value' of object 'Object Repository/Objects.HighlightElements/input_field_index' is: 'Lim Beng Kwee (BENGKWEE)'

2020-06-09 15:14:53 - [TEST_STEP][PASSED] - callTestCase(findTestCase(CallTCName), ["FindValue":ComboBoxValue, "DropdownNm":comboNm], STOP_ON_FAILURE): Call Test Case 'Test Cases/PFI Precision and Scale/HashMap Tables/OfficerLists' successfully

2020-06-09 15:14:53 - [TEST_CASE][PASSED] - Test Cases/PFI Precision and Scale/HashMap Tables/OfficerLists: Test Cases/PFI Precision and Scale/HashMap Tables/OfficerLists

2020-06-09 15:14:53 - [TEST_STEP][PASSED] - Thread.sleep(1000): null

2020-06-09 15:14:54 - [TEST_STEP][PASSED] - OfficerLists = [1:"Aaron Sham Wai Lun (AARON)", 2:"Azidah Bte Akmad (Mdm) (USAABD)", 3:"Chung Fong Nyen (USACFN)", 4:"David Tey Dah Wei (DAHWEI)", ... ]: null

2020-06-09 15:14:54 - [TEST_STEP][PASSED] - ValueFound = OfficerLists.find({ -> ... }): null

2020-06-09 15:14:54 - [MESSAGE][PASSED] - Call Test Case 'Test Cases/PFI Precision and Scale/HashMap Tables/OfficerLists' successfully

2020-06-09 15:14:54 - [TEST_STEP][PASSED] - OutputFile.append("Search Value: " + ComboBoxValue + " " + "Found Value: " + ValueFound + TimeStamp + "
"): null

2020-06-09 15:14:54 - [TEST_STEP][PASSED] - sendKeys(NewInputNmField, Keys.chord(ARROW_DOWN)): Keys 'DOWN + ' sent to object: 'Object Repository/Objects.HighlightElements/input_field_index'

2020-06-09 15:14:54 - [MESSAGE][PASSED] - Keys 'DOWN + ' sent to object: 'Object Repository/Objects.HighlightElements/input_field_index'

2020-06-09 15:14:54 - [TEST_STEP][PASSED] - sendKeys(NewInputNmField, Keys.chord(ARROW_DOWN)): Keys 'DOWN + ' sent to object: 'Object Repository/Objects.HighlightElements/input_field_index'

2020-06-09 15:14:54 - [MESSAGE][PASSED] - Keys 'DOWN + ' sent to object: 'Object Repository/Objects.HighlightElements/input_field_index'

2020-06-09 15:14:54 - [TEST_STEP][PASSED] - delay(DelayTime): Delayed 2 second(s)

2020-06-09 15:14:56 - [MESSAGE][PASSED] - Delayed 2 second(s)

2020-06-09 15:14:56 - [TEST_STEP][PASSED] - sendKeys(NewInputNmField, Keys.chord(ENTER)): Keys 'ENTER + ' sent to object: 'Object Repository/Objects.HighlightElements/input_field_index'

2020-06-09 15:14:56 - [MESSAGE][PASSED] - Keys 'ENTER + ' sent to object: 'Object Repository/Objects.HighlightElements/input_field_index'

2020-06-09 15:14:56 - [TEST_STEP][PASSED] - ComboBoxValue = getAttribute(NewInputNmField, "value"): Attribute 'value' of object 'Object Repository/Objects.HighlightElements/input_field_index' is: 'Lim Leng Boon (LENGBOON)'

2020-06-09 15:14:56 - [MESSAGE][PASSED] - Attribute 'value' of object 'Object Repository/Objects.HighlightElements/input_field_index' is: 'Lim Leng Boon (LENGBOON)'

2020-06-09 15:14:56 - [TEST_STEP][PASSED] - callTestCase(findTestCase(CallTCName), ["FindValue":ComboBoxValue, "DropdownNm":comboNm], STOP_ON_FAILURE): Call Test Case 'Test Cases/PFI Precision and Scale/HashMap Tables/OfficerLists' successfully

2020-06-09 15:14:56 - [TEST_CASE][PASSED] - Test Cases/PFI Precision and Scale/HashMap Tables/OfficerLists: Test Cases/PFI Precision and Scale/HashMap Tables/OfficerLists

2020-06-09 15:14:56 - [TEST_STEP][PASSED] - Thread.sleep(1000): null

2020-06-09 15:14:57 - [TEST_STEP][PASSED] - OfficerLists = [1:"Aaron Sham Wai Lun (AARON)", 2:"Azidah Bte Akmad (Mdm) (USAABD)", 3:"Chung Fong Nyen (USACFN)", 4:"David Tey Dah Wei (DAHWEI)", ... ]: null

2020-06-09 15:14:57 - [TEST_STEP][PASSED] - ValueFound = OfficerLists.find({ -> ... }): null

2020-06-09 15:14:57 - [MESSAGE][PASSED] - Call Test Case 'Test Cases/PFI Precision and Scale/HashMap Tables/OfficerLists' successfully

2020-06-09 15:14:57 - [TEST_STEP][PASSED] - OutputFile.append("Search Value: " + ComboBoxValue + " " + "Found Value: " + ValueFound + TimeStamp + "
"): null

2020-06-09 15:14:57 - [TEST_STEP][PASSED] - sendKeys(NewInputNmField, Keys.chord(ARROW_DOWN)): Keys 'DOWN + ' sent to object: 'Object Repository/Objects.HighlightElements/input_field_index'

2020-06-09 15:14:57 - [MESSAGE][PASSED] - Keys 'DOWN + ' sent to object: 'Object Repository/Objects.HighlightElements/input_field_index'

2020-06-09 15:14:57 - [TEST_STEP][PASSED] - sendKeys(NewInputNmField, Keys.chord(ARROW_DOWN)): Keys 'DOWN + ' sent to object: 'Object Repository/Objects.HighlightElements/input_field_index'

2020-06-09 15:14:57 - [MESSAGE][PASSED] - Keys 'DOWN + ' sent to object: 'Object Repository/Objects.HighlightElements/input_field_index'

2020-06-09 15:14:57 - [TEST_STEP][PASSED] - delay(DelayTime): Delayed 2 second(s)

2020-06-09 15:14:59 - [MESSAGE][PASSED] - Delayed 2 second(s)

2020-06-09 15:14:59 - [TEST_STEP][PASSED] - sendKeys(NewInputNmField, Keys.chord(ENTER)): Keys 'ENTER + ' sent to object: 'Object Repository/Objects.HighlightElements/input_field_index'

2020-06-09 15:14:59 - [MESSAGE][PASSED] - Keys 'ENTER + ' sent to object: 'Object Repository/Objects.HighlightElements/input_field_index'

2020-06-09 15:14:59 - [TEST_STEP][PASSED] - ComboBoxValue = getAttribute(NewInputNmField, "value"): Attribute 'value' of object 'Object Repository/Objects.HighlightElements/input_field_index' is: 'Liu Xiaopeng (XIAOPENG)'

2020-06-09 15:14:59 - [MESSAGE][PASSED] - Attribute 'value' of object 'Object Repository/Objects.HighlightElements/input_field_index' is: 'Liu Xiaopeng (XIAOPENG)'

2020-06-09 15:14:59 - [TEST_STEP][PASSED] - callTestCase(findTestCase(CallTCName), ["FindValue":ComboBoxValue, "DropdownNm":comboNm], STOP_ON_FAILURE): Call Test Case 'Test Cases/PFI Precision and Scale/HashMap Tables/OfficerLists' successfully

2020-06-09 15:14:59 - [TEST_CASE][PASSED] - Test Cases/PFI Precision and Scale/HashMap Tables/OfficerLists: Test Cases/PFI Precision and Scale/HashMap Tables/OfficerLists

2020-06-09 15:14:59 - [TEST_STEP][PASSED] - Thread.sleep(1000): null

2020-06-09 15:15:00 - [TEST_STEP][PASSED] - OfficerLists = [1:"Aaron Sham Wai Lun (AARON)", 2:"Azidah Bte Akmad (Mdm) (USAABD)", 3:"Chung Fong Nyen (USACFN)", 4:"David Tey Dah Wei (DAHWEI)", ... ]: null

2020-06-09 15:15:00 - [TEST_STEP][PASSED] - ValueFound = OfficerLists.find({ -> ... }): null

2020-06-09 15:15:00 - [MESSAGE][PASSED] - Call Test Case 'Test Cases/PFI Precision and Scale/HashMap Tables/OfficerLists' successfully

2020-06-09 15:15:00 - [TEST_STEP][PASSED] - OutputFile.append("Search Value: " + ComboBoxValue + " " + "Found Value: " + ValueFound + TimeStamp + "
"): null

2020-06-09 15:15:00 - [TEST_STEP][PASSED] - sendKeys(NewInputNmField, Keys.chord(ARROW_DOWN)): Keys 'DOWN + ' sent to object: 'Object Repository/Objects.HighlightElements/input_field_index'

2020-06-09 15:15:00 - [MESSAGE][PASSED] - Keys 'DOWN + ' sent to object: 'Object Repository/Objects.HighlightElements/input_field_index'

2020-06-09 15:15:00 - [TEST_STEP][PASSED] - sendKeys(NewInputNmField, Keys.chord(ARROW_DOWN)): Keys 'DOWN + ' sent to object: 'Object Repository/Objects.HighlightElements/input_field_index'

2020-06-09 15:15:00 - [MESSAGE][PASSED] - Keys 'DOWN + ' sent to object: 'Object Repository/Objects.HighlightElements/input_field_index'

2020-06-09 15:15:00 - [TEST_STEP][PASSED] - delay(DelayTime): Delayed 2 second(s)

2020-06-09 15:15:02 - [MESSAGE][PASSED] - Delayed 2 second(s)

2020-06-09 15:15:02 - [TEST_STEP][PASSED] - sendKeys(NewInputNmField, Keys.chord(ENTER)): Keys 'ENTER + ' sent to object: 'Object Repository/Objects.HighlightElements/input_field_index'

2020-06-09 15:15:03 - [MESSAGE][PASSED] - Keys 'ENTER + ' sent to object: 'Object Repository/Objects.HighlightElements/input_field_index'

2020-06-09 15:15:03 - [TEST_STEP][PASSED] - ComboBoxValue = getAttribute(NewInputNmField, "value"): Attribute 'value' of object 'Object Repository/Objects.HighlightElements/input_field_index' is: 'Lu Ji Ju (Mdm) (USALJJ)'

2020-06-09 15:15:03 - [MESSAGE][PASSED] - Attribute 'value' of object 'Object Repository/Objects.HighlightElements/input_field_index' is: 'Lu Ji Ju (Mdm) (USALJJ)'

2020-06-09 15:15:03 - [TEST_STEP][PASSED] - callTestCase(findTestCase(CallTCName), ["FindValue":ComboBoxValue, "DropdownNm":comboNm], STOP_ON_FAILURE): Call Test Case 'Test Cases/PFI Precision and Scale/HashMap Tables/OfficerLists' successfully

2020-06-09 15:15:03 - [TEST_CASE][PASSED] - Test Cases/PFI Precision and Scale/HashMap Tables/OfficerLists: Test Cases/PFI Precision and Scale/HashMap Tables/OfficerLists

2020-06-09 15:15:03 - [TEST_STEP][PASSED] - Thread.sleep(1000): null

2020-06-09 15:15:04 - [TEST_STEP][PASSED] - OfficerLists = [1:"Aaron Sham Wai Lun (AARON)", 2:"Azidah Bte Akmad (Mdm) (USAABD)", 3:"Chung Fong Nyen (USACFN)", 4:"David Tey Dah Wei (DAHWEI)", ... ]: null

2020-06-09 15:15:04 - [TEST_STEP][PASSED] - ValueFound = OfficerLists.find({ -> ... }): null

2020-06-09 15:15:04 - [MESSAGE][PASSED] - Call Test Case 'Test Cases/PFI Precision and Scale/HashMap Tables/OfficerLists' successfully

2020-06-09 15:15:04 - [TEST_STEP][PASSED] - OutputFile.append("Search Value: " + ComboBoxValue + " " + "Found Value: " + ValueFound + TimeStamp + "
"): null

2020-06-09 15:15:04 - [TEST_STEP][PASSED] - sendKeys(NewInputNmField, Keys.chord(ARROW_DOWN)): Keys 'DOWN + ' sent to object: 'Object Repository/Objects.HighlightElements/input_field_index'

2020-06-09 15:15:04 - [MESSAGE][PASSED] - Keys 'DOWN + ' sent to object: 'Object Repository/Objects.HighlightElements/input_field_index'

2020-06-09 15:15:04 - [TEST_STEP][PASSED] - sendKeys(NewInputNmField, Keys.chord(ARROW_DOWN)): Keys 'DOWN + ' sent to object: 'Object Repository/Objects.HighlightElements/input_field_index'

2020-06-09 15:15:04 - [MESSAGE][PASSED] - Keys 'DOWN + ' sent to object: 'Object Repository/Objects.HighlightElements/input_field_index'

2020-06-09 15:15:04 - [TEST_STEP][PASSED] - delay(DelayTime): Delayed 2 second(s)

2020-06-09 15:15:06 - [MESSAGE][PASSED] - Delayed 2 second(s)

2020-06-09 15:15:06 - [TEST_STEP][PASSED] - sendKeys(NewInputNmField, Keys.chord(ENTER)): Keys 'ENTER + ' sent to object: 'Object Repository/Objects.HighlightElements/input_field_index'

2020-06-09 15:15:06 - [MESSAGE][PASSED] - Keys 'ENTER + ' sent to object: 'Object Repository/Objects.HighlightElements/input_field_index'

2020-06-09 15:15:06 - [TEST_STEP][PASSED] - ComboBoxValue = getAttribute(NewInputNmField, "value"): Attribute 'value' of object 'Object Repository/Objects.HighlightElements/input_field_index' is: 'Mohd Jeffri Bin Abdul Rahim (MOHDJEFFRI)'

2020-06-09 15:15:06 - [MESSAGE][PASSED] - Attribute 'value' of object 'Object Repository/Objects.HighlightElements/input_field_index' is: 'Mohd Jeffri Bin Abdul Rahim (MOHDJEFFRI)'

2020-06-09 15:15:06 - [TEST_STEP][PASSED] - callTestCase(findTestCase(CallTCName), ["FindValue":ComboBoxValue, "DropdownNm":comboNm], STOP_ON_FAILURE): Call Test Case 'Test Cases/PFI Precision and Scale/HashMap Tables/OfficerLists' successfully

2020-06-09 15:15:06 - [TEST_CASE][PASSED] - Test Cases/PFI Precision and Scale/HashMap Tables/OfficerLists: Test Cases/PFI Precision and Scale/HashMap Tables/OfficerLists

2020-06-09 15:15:06 - [TEST_STEP][PASSED] - Thread.sleep(1000): null

2020-06-09 15:15:07 - [TEST_STEP][PASSED] - OfficerLists = [1:"Aaron Sham Wai Lun (AARON)", 2:"Azidah Bte Akmad (Mdm) (USAABD)", 3:"Chung Fong Nyen (USACFN)", 4:"David Tey Dah Wei (DAHWEI)", ... ]: null

2020-06-09 15:15:07 - [TEST_STEP][PASSED] - ValueFound = OfficerLists.find({ -> ... }): null

2020-06-09 15:15:07 - [MESSAGE][PASSED] - Call Test Case 'Test Cases/PFI Precision and Scale/HashMap Tables/OfficerLists' successfully

2020-06-09 15:15:07 - [TEST_STEP][PASSED] - OutputFile.append("Search Value: " + ComboBoxValue + " " + "Found Value: " + ValueFound + TimeStamp + "
"): null

2020-06-09 15:15:07 - [TEST_STEP][PASSED] - sendKeys(NewInputNmField, Keys.chord(ARROW_DOWN)): Keys 'DOWN + ' sent to object: 'Object Repository/Objects.HighlightElements/input_field_index'

2020-06-09 15:15:07 - [MESSAGE][PASSED] - Keys 'DOWN + ' sent to object: 'Object Repository/Objects.HighlightElements/input_field_index'

2020-06-09 15:15:07 - [TEST_STEP][PASSED] - sendKeys(NewInputNmField, Keys.chord(ARROW_DOWN)): Keys 'DOWN + ' sent to object: 'Object Repository/Objects.HighlightElements/input_field_index'

2020-06-09 15:15:07 - [MESSAGE][PASSED] - Keys 'DOWN + ' sent to object: 'Object Repository/Objects.HighlightElements/input_field_index'

2020-06-09 15:15:07 - [TEST_STEP][PASSED] - delay(DelayTime): Delayed 2 second(s)

2020-06-09 15:15:09 - [MESSAGE][PASSED] - Delayed 2 second(s)

2020-06-09 15:15:09 - [TEST_STEP][PASSED] - sendKeys(NewInputNmField, Keys.chord(ENTER)): Keys 'ENTER + ' sent to object: 'Object Repository/Objects.HighlightElements/input_field_index'

2020-06-09 15:15:09 - [MESSAGE][PASSED] - Keys 'ENTER + ' sent to object: 'Object Repository/Objects.HighlightElements/input_field_index'

2020-06-09 15:15:09 - [TEST_STEP][PASSED] - ComboBoxValue = getAttribute(NewInputNmField, "value"): Attribute 'value' of object 'Object Repository/Objects.HighlightElements/input_field_index' is: 'Richard Lim Fang Ping (FANGPING)'

2020-06-09 15:15:09 - [MESSAGE][PASSED] - Attribute 'value' of object 'Object Repository/Objects.HighlightElements/input_field_index' is: 'Richard Lim Fang Ping (FANGPING)'

2020-06-09 15:15:09 - [TEST_STEP][PASSED] - callTestCase(findTestCase(CallTCName), ["FindValue":ComboBoxValue, "DropdownNm":comboNm], STOP_ON_FAILURE): Call Test Case 'Test Cases/PFI Precision and Scale/HashMap Tables/OfficerLists' successfully

2020-06-09 15:15:09 - [TEST_CASE][PASSED] - Test Cases/PFI Precision and Scale/HashMap Tables/OfficerLists: Test Cases/PFI Precision and Scale/HashMap Tables/OfficerLists

2020-06-09 15:15:09 - [TEST_STEP][PASSED] - Thread.sleep(1000): null

2020-06-09 15:15:10 - [TEST_STEP][PASSED] - OfficerLists = [1:"Aaron Sham Wai Lun (AARON)", 2:"Azidah Bte Akmad (Mdm) (USAABD)", 3:"Chung Fong Nyen (USACFN)", 4:"David Tey Dah Wei (DAHWEI)", ... ]: null

2020-06-09 15:15:10 - [TEST_STEP][PASSED] - ValueFound = OfficerLists.find({ -> ... }): null

2020-06-09 15:15:10 - [MESSAGE][PASSED] - Call Test Case 'Test Cases/PFI Precision and Scale/HashMap Tables/OfficerLists' successfully

2020-06-09 15:15:10 - [TEST_STEP][PASSED] - OutputFile.append("Search Value: " + ComboBoxValue + " " + "Found Value: " + ValueFound + TimeStamp + "
"): null

2020-06-09 15:15:10 - [TEST_STEP][PASSED] - sendKeys(NewInputNmField, Keys.chord(ARROW_DOWN)): Keys 'DOWN + ' sent to object: 'Object Repository/Objects.HighlightElements/input_field_index'

2020-06-09 15:15:10 - [MESSAGE][PASSED] - Keys 'DOWN + ' sent to object: 'Object Repository/Objects.HighlightElements/input_field_index'

2020-06-09 15:15:10 - [TEST_STEP][PASSED] - sendKeys(NewInputNmField, Keys.chord(ARROW_DOWN)): Keys 'DOWN + ' sent to object: 'Object Repository/Objects.HighlightElements/input_field_index'

2020-06-09 15:15:10 - [MESSAGE][PASSED] - Keys 'DOWN + ' sent to object: 'Object Repository/Objects.HighlightElements/input_field_index'

2020-06-09 15:15:10 - [TEST_STEP][PASSED] - delay(DelayTime): Delayed 2 second(s)

2020-06-09 15:15:12 - [MESSAGE][PASSED] - Delayed 2 second(s)

2020-06-09 15:15:12 - [TEST_STEP][PASSED] - sendKeys(NewInputNmField, Keys.chord(ENTER)): Keys 'ENTER + ' sent to object: 'Object Repository/Objects.HighlightElements/input_field_index'

2020-06-09 15:15:12 - [MESSAGE][PASSED] - Keys 'ENTER + ' sent to object: 'Object Repository/Objects.HighlightElements/input_field_index'

2020-06-09 15:15:12 - [TEST_STEP][PASSED] - ComboBoxValue = getAttribute(NewInputNmField, "value"): Attribute 'value' of object 'Object Repository/Objects.HighlightElements/input_field_index' is: 'RITA WONG SIONG ING (RITAWONG)'

2020-06-09 15:15:12 - [MESSAGE][PASSED] - Attribute 'value' of object 'Object Repository/Objects.HighlightElements/input_field_index' is: 'RITA WONG SIONG ING (RITAWONG)'

2020-06-09 15:15:12 - [TEST_STEP][PASSED] - callTestCase(findTestCase(CallTCName), ["FindValue":ComboBoxValue, "DropdownNm":comboNm], STOP_ON_FAILURE): Call Test Case 'Test Cases/PFI Precision and Scale/HashMap Tables/OfficerLists' successfully

2020-06-09 15:15:12 - [TEST_CASE][PASSED] - Test Cases/PFI Precision and Scale/HashMap Tables/OfficerLists: Test Cases/PFI Precision and Scale/HashMap Tables/OfficerLists

2020-06-09 15:15:12 - [TEST_STEP][PASSED] - Thread.sleep(1000): null

2020-06-09 15:15:13 - [TEST_STEP][PASSED] - OfficerLists = [1:"Aaron Sham Wai Lun (AARON)", 2:"Azidah Bte Akmad (Mdm) (USAABD)", 3:"Chung Fong Nyen (USACFN)", 4:"David Tey Dah Wei (DAHWEI)", ... ]: null

2020-06-09 15:15:13 - [TEST_STEP][PASSED] - ValueFound = OfficerLists.find({ -> ... }): null

2020-06-09 15:15:13 - [MESSAGE][PASSED] - Call Test Case 'Test Cases/PFI Precision and Scale/HashMap Tables/OfficerLists' successfully

2020-06-09 15:15:13 - [TEST_STEP][PASSED] - OutputFile.append("Search Value: " + ComboBoxValue + " " + "Found Value: " + ValueFound + TimeStamp + "
"): null

2020-06-09 15:15:13 - [TEST_STEP][PASSED] - sendKeys(NewInputNmField, Keys.chord(ARROW_DOWN)): Keys 'DOWN + ' sent to object: 'Object Repository/Objects.HighlightElements/input_field_index'

2020-06-09 15:15:13 - [MESSAGE][PASSED] - Keys 'DOWN + ' sent to object: 'Object Repository/Objects.HighlightElements/input_field_index'

2020-06-09 15:15:13 - [TEST_STEP][PASSED] - sendKeys(NewInputNmField, Keys.chord(ARROW_DOWN)): Keys 'DOWN + ' sent to object: 'Object Repository/Objects.HighlightElements/input_field_index'

2020-06-09 15:15:13 - [MESSAGE][PASSED] - Keys 'DOWN + ' sent to object: 'Object Repository/Objects.HighlightElements/input_field_index'

2020-06-09 15:15:13 - [TEST_STEP][PASSED] - delay(DelayTime): Delayed 2 second(s)

2020-06-09 15:15:15 - [MESSAGE][PASSED] - Delayed 2 second(s)

2020-06-09 15:15:15 - [TEST_STEP][PASSED] - sendKeys(NewInputNmField, Keys.chord(ENTER)): Keys 'ENTER + ' sent to object: 'Object Repository/Objects.HighlightElements/input_field_index'

2020-06-09 15:15:15 - [MESSAGE][PASSED] - Keys 'ENTER + ' sent to object: 'Object Repository/Objects.HighlightElements/input_field_index'

2020-06-09 15:15:15 - [TEST_STEP][PASSED] - ComboBoxValue = getAttribute(NewInputNmField, "value"): Attribute 'value' of object 'Object Repository/Objects.HighlightElements/input_field_index' is: 'Shi Hong Wei (HONGWEI)'

2020-06-09 15:15:15 - [MESSAGE][PASSED] - Attribute 'value' of object 'Object Repository/Objects.HighlightElements/input_field_index' is: 'Shi Hong Wei (HONGWEI)'

2020-06-09 15:15:15 - [TEST_STEP][PASSED] - callTestCase(findTestCase(CallTCName), ["FindValue":ComboBoxValue, "DropdownNm":comboNm], STOP_ON_FAILURE): Call Test Case 'Test Cases/PFI Precision and Scale/HashMap Tables/OfficerLists' successfully

2020-06-09 15:15:16 - [TEST_CASE][PASSED] - Test Cases/PFI Precision and Scale/HashMap Tables/OfficerLists: Test Cases/PFI Precision and Scale/HashMap Tables/OfficerLists

2020-06-09 15:15:16 - [TEST_STEP][PASSED] - Thread.sleep(1000): null

2020-06-09 15:15:17 - [TEST_STEP][PASSED] - OfficerLists = [1:"Aaron Sham Wai Lun (AARON)", 2:"Azidah Bte Akmad (Mdm) (USAABD)", 3:"Chung Fong Nyen (USACFN)", 4:"David Tey Dah Wei (DAHWEI)", ... ]: null

2020-06-09 15:15:17 - [TEST_STEP][PASSED] - ValueFound = OfficerLists.find({ -> ... }): null

2020-06-09 15:15:17 - [MESSAGE][PASSED] - Call Test Case 'Test Cases/PFI Precision and Scale/HashMap Tables/OfficerLists' successfully

2020-06-09 15:15:17 - [TEST_STEP][PASSED] - OutputFile.append("Search Value: " + ComboBoxValue + " " + "Found Value: " + ValueFound + TimeStamp + "
"): null

2020-06-09 15:15:17 - [TEST_STEP][PASSED] - sendKeys(NewInputNmField, Keys.chord(ARROW_DOWN)): Keys 'DOWN + ' sent to object: 'Object Repository/Objects.HighlightElements/input_field_index'

2020-06-09 15:15:17 - [MESSAGE][PASSED] - Keys 'DOWN + ' sent to object: 'Object Repository/Objects.HighlightElements/input_field_index'

2020-06-09 15:15:17 - [TEST_STEP][PASSED] - sendKeys(NewInputNmField, Keys.chord(ARROW_DOWN)): Keys 'DOWN + ' sent to object: 'Object Repository/Objects.HighlightElements/input_field_index'

2020-06-09 15:15:17 - [MESSAGE][PASSED] - Keys 'DOWN + ' sent to object: 'Object Repository/Objects.HighlightElements/input_field_index'

2020-06-09 15:15:17 - [TEST_STEP][PASSED] - delay(DelayTime): Delayed 2 second(s)

2020-06-09 15:15:19 - [MESSAGE][PASSED] - Delayed 2 second(s)

2020-06-09 15:15:19 - [TEST_STEP][PASSED] - sendKeys(NewInputNmField, Keys.chord(ENTER)): Keys 'ENTER + ' sent to object: 'Object Repository/Objects.HighlightElements/input_field_index'

2020-06-09 15:15:19 - [MESSAGE][PASSED] - Keys 'ENTER + ' sent to object: 'Object Repository/Objects.HighlightElements/input_field_index'

2020-06-09 15:15:19 - [TEST_STEP][PASSED] - ComboBoxValue = getAttribute(NewInputNmField, "value"): Attribute 'value' of object 'Object Repository/Objects.HighlightElements/input_field_index' is: 'Tan Jing Ying (JINGYING)'

2020-06-09 15:15:19 - [MESSAGE][PASSED] - Attribute 'value' of object 'Object Repository/Objects.HighlightElements/input_field_index' is: 'Tan Jing Ying (JINGYING)'

2020-06-09 15:15:19 - [TEST_STEP][PASSED] - callTestCase(findTestCase(CallTCName), ["FindValue":ComboBoxValue, "DropdownNm":comboNm], STOP_ON_FAILURE): Call Test Case 'Test Cases/PFI Precision and Scale/HashMap Tables/OfficerLists' successfully

2020-06-09 15:15:19 - [TEST_CASE][PASSED] - Test Cases/PFI Precision and Scale/HashMap Tables/OfficerLists: Test Cases/PFI Precision and Scale/HashMap Tables/OfficerLists

2020-06-09 15:15:19 - [TEST_STEP][PASSED] - Thread.sleep(1000): null

2020-06-09 15:15:20 - [TEST_STEP][PASSED] - OfficerLists = [1:"Aaron Sham Wai Lun (AARON)", 2:"Azidah Bte Akmad (Mdm) (USAABD)", 3:"Chung Fong Nyen (USACFN)", 4:"David Tey Dah Wei (DAHWEI)", ... ]: null

2020-06-09 15:15:20 - [TEST_STEP][PASSED] - ValueFound = OfficerLists.find({ -> ... }): null

2020-06-09 15:15:20 - [MESSAGE][PASSED] - Call Test Case 'Test Cases/PFI Precision and Scale/HashMap Tables/OfficerLists' successfully

2020-06-09 15:15:20 - [TEST_STEP][PASSED] - OutputFile.append("Search Value: " + ComboBoxValue + " " + "Found Value: " + ValueFound + TimeStamp + "
"): null

2020-06-09 15:15:20 - [TEST_STEP][PASSED] - sendKeys(NewInputNmField, Keys.chord(ARROW_DOWN)): Keys 'DOWN + ' sent to object: 'Object Repository/Objects.HighlightElements/input_field_index'

2020-06-09 15:15:20 - [MESSAGE][PASSED] - Keys 'DOWN + ' sent to object: 'Object Repository/Objects.HighlightElements/input_field_index'

2020-06-09 15:15:20 - [TEST_STEP][PASSED] - sendKeys(NewInputNmField, Keys.chord(ARROW_DOWN)): Keys 'DOWN + ' sent to object: 'Object Repository/Objects.HighlightElements/input_field_index'

2020-06-09 15:15:20 - [MESSAGE][PASSED] - Keys 'DOWN + ' sent to object: 'Object Repository/Objects.HighlightElements/input_field_index'

2020-06-09 15:15:20 - [TEST_STEP][PASSED] - delay(DelayTime): Delayed 2 second(s)

2020-06-09 15:15:22 - [MESSAGE][PASSED] - Delayed 2 second(s)

2020-06-09 15:15:22 - [TEST_STEP][PASSED] - sendKeys(NewInputNmField, Keys.chord(ENTER)): Keys 'ENTER + ' sent to object: 'Object Repository/Objects.HighlightElements/input_field_index'

2020-06-09 15:15:22 - [MESSAGE][PASSED] - Keys 'ENTER + ' sent to object: 'Object Repository/Objects.HighlightElements/input_field_index'

2020-06-09 15:15:22 - [TEST_STEP][PASSED] - ComboBoxValue = getAttribute(NewInputNmField, "value"): Attribute 'value' of object 'Object Repository/Objects.HighlightElements/input_field_index' is: 'Tan Kwan Joo (KWANJOO)'

2020-06-09 15:15:22 - [MESSAGE][PASSED] - Attribute 'value' of object 'Object Repository/Objects.HighlightElements/input_field_index' is: 'Tan Kwan Joo (KWANJOO)'

2020-06-09 15:15:22 - [TEST_STEP][PASSED] - callTestCase(findTestCase(CallTCName), ["FindValue":ComboBoxValue, "DropdownNm":comboNm], STOP_ON_FAILURE): Call Test Case 'Test Cases/PFI Precision and Scale/HashMap Tables/OfficerLists' successfully

2020-06-09 15:15:22 - [TEST_CASE][PASSED] - Test Cases/PFI Precision and Scale/HashMap Tables/OfficerLists: Test Cases/PFI Precision and Scale/HashMap Tables/OfficerLists

2020-06-09 15:15:22 - [TEST_STEP][PASSED] - Thread.sleep(1000): null

2020-06-09 15:15:23 - [TEST_STEP][PASSED] - OfficerLists = [1:"Aaron Sham Wai Lun (AARON)", 2:"Azidah Bte Akmad (Mdm) (USAABD)", 3:"Chung Fong Nyen (USACFN)", 4:"David Tey Dah Wei (DAHWEI)", ... ]: null

2020-06-09 15:15:23 - [TEST_STEP][PASSED] - ValueFound = OfficerLists.find({ -> ... }): null

2020-06-09 15:15:23 - [MESSAGE][PASSED] - Call Test Case 'Test Cases/PFI Precision and Scale/HashMap Tables/OfficerLists' successfully

2020-06-09 15:15:23 - [TEST_STEP][PASSED] - OutputFile.append("Search Value: " + ComboBoxValue + " " + "Found Value: " + ValueFound + TimeStamp + "
"): null

2020-06-09 15:15:23 - [TEST_STEP][PASSED] - sendKeys(NewInputNmField, Keys.chord(ARROW_DOWN)): Keys 'DOWN + ' sent to object: 'Object Repository/Objects.HighlightElements/input_field_index'

2020-06-09 15:15:23 - [MESSAGE][PASSED] - Keys 'DOWN + ' sent to object: 'Object Repository/Objects.HighlightElements/input_field_index'

2020-06-09 15:15:23 - [TEST_STEP][PASSED] - sendKeys(NewInputNmField, Keys.chord(ARROW_DOWN)): Keys 'DOWN + ' sent to object: 'Object Repository/Objects.HighlightElements/input_field_index'

2020-06-09 15:15:23 - [MESSAGE][PASSED] - Keys 'DOWN + ' sent to object: 'Object Repository/Objects.HighlightElements/input_field_index'

2020-06-09 15:15:23 - [TEST_STEP][PASSED] - delay(DelayTime): Delayed 2 second(s)

2020-06-09 15:15:25 - [MESSAGE][PASSED] - Delayed 2 second(s)

2020-06-09 15:15:25 - [TEST_STEP][PASSED] - sendKeys(NewInputNmField, Keys.chord(ENTER)): Keys 'ENTER + ' sent to object: 'Object Repository/Objects.HighlightElements/input_field_index'

2020-06-09 15:15:25 - [MESSAGE][PASSED] - Keys 'ENTER + ' sent to object: 'Object Repository/Objects.HighlightElements/input_field_index'

2020-06-09 15:15:25 - [TEST_STEP][PASSED] - ComboBoxValue = getAttribute(NewInputNmField, "value"): Attribute 'value' of object 'Object Repository/Objects.HighlightElements/input_field_index' is: 'Titus Chua Hwa Ping (TITUS)'

2020-06-09 15:15:25 - [MESSAGE][PASSED] - Attribute 'value' of object 'Object Repository/Objects.HighlightElements/input_field_index' is: 'Titus Chua Hwa Ping (TITUS)'

2020-06-09 15:15:25 - [TEST_STEP][PASSED] - callTestCase(findTestCase(CallTCName), ["FindValue":ComboBoxValue, "DropdownNm":comboNm], STOP_ON_FAILURE): Call Test Case 'Test Cases/PFI Precision and Scale/HashMap Tables/OfficerLists' successfully

2020-06-09 15:15:25 - [TEST_CASE][PASSED] - Test Cases/PFI Precision and Scale/HashMap Tables/OfficerLists: Test Cases/PFI Precision and Scale/HashMap Tables/OfficerLists

2020-06-09 15:15:25 - [TEST_STEP][PASSED] - Thread.sleep(1000): null

2020-06-09 15:15:26 - [TEST_STEP][PASSED] - OfficerLists = [1:"Aaron Sham Wai Lun (AARON)", 2:"Azidah Bte Akmad (Mdm) (USAABD)", 3:"Chung Fong Nyen (USACFN)", 4:"David Tey Dah Wei (DAHWEI)", ... ]: null

2020-06-09 15:15:26 - [TEST_STEP][PASSED] - ValueFound = OfficerLists.find({ -> ... }): null

2020-06-09 15:15:26 - [MESSAGE][PASSED] - Call Test Case 'Test Cases/PFI Precision and Scale/HashMap Tables/OfficerLists' successfully

2020-06-09 15:15:26 - [TEST_STEP][PASSED] - OutputFile.append("Search Value: " + ComboBoxValue + " " + "Found Value: " + ValueFound + TimeStamp + "
"): null

2020-06-09 15:15:26 - [TEST_STEP][PASSED] - sendKeys(NewInputNmField, Keys.chord(ARROW_DOWN)): Keys 'DOWN + ' sent to object: 'Object Repository/Objects.HighlightElements/input_field_index'

2020-06-09 15:15:26 - [MESSAGE][PASSED] - Keys 'DOWN + ' sent to object: 'Object Repository/Objects.HighlightElements/input_field_index'

2020-06-09 15:15:26 - [TEST_STEP][PASSED] - sendKeys(NewInputNmField, Keys.chord(ENTER)): Keys 'ENTER + ' sent to object: 'Object Repository/Objects.HighlightElements/input_field_index'

2020-06-09 15:15:26 - [MESSAGE][PASSED] - Keys 'ENTER + ' sent to object: 'Object Repository/Objects.HighlightElements/input_field_index'

2020-06-09 15:15:26 - [MESSAGE][PASSED] - Call Test Case 'Test Cases/PFI Precision and Scale/PFI Components with Indexing/VerifyDropdownValuesXPI' successfully

2020-06-09 15:15:26 - [TEST_STEP][PASSED] - callTestCase(findTestCase("Components/SelectAllThenDeleteIndex"), ["nameToBeUsed":"officer", "index":"1"], STOP_ON_FAILURE): Call Test Case 'Test Cases/Components/SelectAllThenDeleteIndex' successfully

2020-06-09 15:15:26 - [TEST_CASE][PASSED] - Test Cases/Components/SelectAllThenDeleteIndex: Test Cases/Components/SelectAllThenDeleteIndex

2020-06-09 15:15:27 - [TEST_STEP][PASSED] - Thread.sleep(1000): null

2020-06-09 15:15:28 - [TEST_STEP][PASSED] - modifiedObj = modifyObjectProperty(findTestObject("Object Repository/Objects.HighlightElements/input_field_index"), "xpath", "equals", "(//*[contains(@class,'x-form-text') and (@name='" + nameToBeUsed + "')])[" + index + "]", true): Modify property of object successfully

2020-06-09 15:15:28 - [MESSAGE][PASSED] - Modify property of object successfully

2020-06-09 15:15:28 - [TEST_STEP][PASSED] - focus(modifiedObj): Object: 'Object Repository/Objects.HighlightElements/input_field_index' is focused

2020-06-09 15:15:28 - [MESSAGE][PASSED] - Object: 'Object Repository/Objects.HighlightElements/input_field_index' is focused

2020-06-09 15:15:28 - [TEST_STEP][PASSED] - sendKeys(modifiedObj, Keys.chord(CONTROL, "a")): Keys 'CONTROL + a' sent to object: 'Object Repository/Objects.HighlightElements/input_field_index'

2020-06-09 15:15:28 - [MESSAGE][PASSED] - Keys 'CONTROL + a' sent to object: 'Object Repository/Objects.HighlightElements/input_field_index'

2020-06-09 15:15:28 - [TEST_STEP][PASSED] - sendKeys(modifiedObj, Keys.chord(DELETE)): Keys 'DELETE + ' sent to object: 'Object Repository/Objects.HighlightElements/input_field_index'

2020-06-09 15:15:28 - [MESSAGE][PASSED] - Keys 'DELETE + ' sent to object: 'Object Repository/Objects.HighlightElements/input_field_index'

2020-06-09 15:15:28 - [MESSAGE][PASSED] - Call Test Case 'Test Cases/Components/SelectAllThenDeleteIndex' successfully

2020-06-09 15:15:28 - [TEST_STEP][PASSED] - callTestCase(findTestCase("PFI Precision and Scale/PFI Components with Indexing/RequiredFieldValidationIndex"), ["nameToBeUsed":"officer", "index":1], STOP_ON_FAILURE): Call Test Case 'Test Cases/PFI Precision and Scale/PFI Components with Indexing/RequiredFieldValidationIndex' successfully

2020-06-09 15:15:28 - [TEST_CASE][PASSED] - Test Cases/PFI Precision and Scale/PFI Components with Indexing/RequiredFieldValidationIndex: Test Cases/PFI Precision and Scale/PFI Components with Indexing/RequiredFieldValidationIndex

2020-06-09 15:15:28 - [TEST_STEP][PASSED] - Thread.sleep(2000): null

2020-06-09 15:15:30 - [TEST_STEP][PASSED] - NewInputNmField = modifyObjectProperty(findTestObject("Objects.HighlightElements/input_field_index"), "xpath", "equals", "(//*[contains(@class,'x-form-text') and (@name='" + nameToBeUsed + "')])[" + index + "]", true): Modify property of object successfully

2020-06-09 15:15:30 - [MESSAGE][PASSED] - Modify property of object successfully

2020-06-09 15:15:30 - [TEST_STEP][PASSED] - mouseOver(NewInputNmField): Object: 'Object Repository/Objects.HighlightElements/input_field_index' is hovered

2020-06-09 15:15:30 - [MESSAGE][PASSED] - Object: 'Object Repository/Objects.HighlightElements/input_field_index' is hovered

2020-06-09 15:15:30 - [TEST_STEP][PASSED] - getRqErrMsg = getAttribute(NewInputNmField, "data-errorqtip"): Attribute 'data-errorqtip' of object 'Object Repository/Objects.HighlightElements/input_field_index' is: '<ul class="x-list-plain"><li>This field is required</li></ul>'

2020-06-09 15:15:30 - [MESSAGE][PASSED] - Attribute 'data-errorqtip' of object 'Object Repository/Objects.HighlightElements/input_field_index' is: '<ul class="x-list-plain"><li>This field is required</li></ul>'

2020-06-09 15:15:30 - [TEST_STEP][PASSED] - strToolTip = getRqErrMsg.substring(29, 61): null

2020-06-09 15:15:30 - [TEST_STEP][PASSED] - toolTipReqErrMsg = strToolTip.substring(0, 22): null

2020-06-09 15:15:30 - [TEST_STEP][PASSED] - verifyMatch(toolTipReqErrMsg, RqField, true): Actual text 'This field is required' and expected text 'This field is required' are matched  using regular expression

2020-06-09 15:15:30 - [MESSAGE][PASSED] - Actual text 'This field is required' and expected text 'This field is required' are matched  using regular expression

2020-06-09 15:15:30 - [MESSAGE][PASSED] - Call Test Case 'Test Cases/PFI Precision and Scale/PFI Components with Indexing/RequiredFieldValidationIndex' successfully

2020-06-09 15:15:30 - [TEST_STEP][PASSED] - callTestCase(findTestCase("Components/HighlightLabelFieldXPI"), ["LblName":"Weightage", "index":1], STOP_ON_FAILURE): Call Test Case 'Test Cases/Components/HighlightLabelFieldXPI' successfully

2020-06-09 15:15:30 - [TEST_CASE][PASSED] - Test Cases/Components/HighlightLabelFieldXPI: Test Cases/Components/HighlightLabelFieldXPI

2020-06-09 15:15:30 - [TEST_STEP][PASSED] - Thread.sleep(1000): null

2020-06-09 15:15:31 - [TEST_STEP][PASSED] - modifiedLblNm = modifyObjectProperty(findTestObject("Object Repository/Objects.HighlightElements/lblField_index"), "xpath", "equals", "(//*[contains(@class, 'x-form-item-label-inner x-form-item-label-inner-default') and contains(., '" + LblName + "')])[" + index + "]", true): Modify property of object successfully

2020-06-09 15:15:31 - [MESSAGE][PASSED] - Modify property of object successfully

2020-06-09 15:15:31 - [TEST_STEP][PASSED] - com.reusableComponents.HighlightElement.run(modifiedLblNm): com.reusableComponents.HighlightElement.run is PASSED

2020-06-09 15:15:32 - [MESSAGE][PASSED] - com.reusableComponents.HighlightElement.run is PASSED

2020-06-09 15:15:32 - [MESSAGE][PASSED] - Call Test Case 'Test Cases/Components/HighlightLabelFieldXPI' successfully

2020-06-09 15:15:32 - [TEST_STEP][PASSED] - callTestCase(findTestCase("Components/HighlightInputFieldXPI"), ["FldNm":"inspWeight", "index":1], STOP_ON_FAILURE): Call Test Case 'Test Cases/Components/HighlightInputFieldXPI' successfully

2020-06-09 15:15:32 - [TEST_CASE][PASSED] - Test Cases/Components/HighlightInputFieldXPI: Test Cases/Components/HighlightInputFieldXPI

2020-06-09 15:15:32 - [TEST_STEP][PASSED] - Thread.sleep(1000): null

2020-06-09 15:15:33 - [TEST_STEP][PASSED] - modifiedInputNm = modifyObjectProperty(findTestObject("Object Repository/Objects.HighlightElements/input_field_index"), "xpath", "equals", "(//*[contains(@name, '" + FldNm + "')])[" + index + "]", true): Modify property of object successfully

2020-06-09 15:15:33 - [MESSAGE][PASSED] - Modify property of object successfully

2020-06-09 15:15:33 - [TEST_STEP][PASSED] - com.reusableComponents.HighlightElement.run(modifiedInputNm): com.reusableComponents.HighlightElement.run is PASSED

2020-06-09 15:15:33 - [MESSAGE][PASSED] - com.reusableComponents.HighlightElement.run is PASSED

2020-06-09 15:15:33 - [MESSAGE][PASSED] - Call Test Case 'Test Cases/Components/HighlightInputFieldXPI' successfully

2020-06-09 15:15:33 - [TEST_STEP][PASSED] - callTestCase(findTestCase("PFI Precision and Scale/PFI Components with Indexing/VerifyDefaultValueIndex"), ["FieldNm":"inspWeight", "index":1, "i":0], STOP_ON_FAILURE): Call Test Case 'Test Cases/PFI Precision and Scale/PFI Components with Indexing/VerifyDefaultValueIndex' successfully

2020-06-09 15:15:34 - [TEST_CASE][PASSED] - Test Cases/PFI Precision and Scale/PFI Components with Indexing/VerifyDefaultValueIndex: Test Cases/PFI Precision and Scale/PFI Components with Indexing/VerifyDefaultValueIndex

2020-06-09 15:15:34 - [TEST_STEP][PASSED] - Thread.sleep(1000): null

2020-06-09 15:15:35 - [TEST_STEP][PASSED] - DefaultValueHM = ["periodType":"Working Day(s)", "noOfDays":"14", "inspWeight":"1", "inspModule":"PSI", "inspCaseType":"PSI Processing (SM)"]: null

2020-06-09 15:15:35 - [TEST_STEP][PASSED] - NewFieldNm = modifyObjectProperty(findTestObject("Object Repository/Objects.HighlightElements/input_field_index"), "xpath", "equals", "(//*[contains(@name,'" + FieldNm + "')])[" + index + "]", true): Modify property of object successfully

2020-06-09 15:15:35 - [MESSAGE][PASSED] - Modify property of object successfully

2020-06-09 15:15:35 - [TEST_STEP][PASSED] - focus(NewFieldNm): Object: 'Object Repository/Objects.HighlightElements/input_field_index' is focused

2020-06-09 15:15:35 - [MESSAGE][PASSED] - Object: 'Object Repository/Objects.HighlightElements/input_field_index' is focused

2020-06-09 15:15:35 - [TEST_STEP][PASSED] - DefVal = getAttribute(NewFieldNm, "value", STOP_ON_FAILURE): Attribute 'value' of object 'Object Repository/Objects.HighlightElements/input_field_index' is: '1'

2020-06-09 15:15:35 - [MESSAGE][PASSED] - Attribute 'value' of object 'Object Repository/Objects.HighlightElements/input_field_index' is: '1'

2020-06-09 15:15:35 - [TEST_STEP][PASSED] - switch (FieldNm): null

2020-06-09 15:15:35 - [TEST_STEP][PASSED] - Default: null

2020-06-09 15:15:35 - [TEST_STEP][PASSED] - ExpectedDefVal = DefaultValueHM.get(FieldNm): null

2020-06-09 15:15:35 - [TEST_STEP][PASSED] - if (ExpectedDefVal != null): Actual text '1' and expected text '1' are matched 

2020-06-09 15:15:35 - [TEST_STEP][PASSED] - verifyMatch(DefVal, ExpectedDefVal, false): Actual text '1' and expected text '1' are matched 

2020-06-09 15:15:35 - [MESSAGE][PASSED] - Actual text '1' and expected text '1' are matched 

2020-06-09 15:15:35 - [TEST_STEP][PASSED] - break: null

2020-06-09 15:15:35 - [MESSAGE][PASSED] - Call Test Case 'Test Cases/PFI Precision and Scale/PFI Components with Indexing/VerifyDefaultValueIndex' successfully

2020-06-09 15:15:35 - [TEST_STEP][PASSED] - callTestCase(findTestCase("PFI Precision and Scale/PFI Components with Indexing/NegativeIntegersErrorIndexII"), ["FldNm":"inspWeight", "index":1, "NumLen":4], STOP_ON_FAILURE): Call Test Case 'Test Cases/PFI Precision and Scale/PFI Components with Indexing/NegativeIntegersErrorIndexII' successfully

2020-06-09 15:15:35 - [TEST_CASE][PASSED] - Test Cases/PFI Precision and Scale/PFI Components with Indexing/NegativeIntegersErrorIndexII: Test Cases/PFI Precision and Scale/PFI Components with Indexing/NegativeIntegersErrorIndexII

2020-06-09 15:15:35 - [TEST_STEP][PASSED] - Thread.sleep(1000): null

2020-06-09 15:15:36 - [TEST_STEP][PASSED] - NewInputNmField = modifyObjectProperty(findTestObject("Object Repository/Objects.HighlightElements/input_field_index"), "xpath", "equals", "(//*[contains(@class,'x-form-text') and contains(@name,'" + FldNm + "')])[" + index + "]", true): Modify property of object successfully

2020-06-09 15:15:36 - [MESSAGE][PASSED] - Modify property of object successfully

2020-06-09 15:15:36 - [TEST_STEP][PASSED] - setText(NewInputNmField, "-1"): Text '-1' is set on object 'Object Repository/Objects.HighlightElements/input_field_index'

2020-06-09 15:15:37 - [MESSAGE][PASSED] - Text '-1' is set on object 'Object Repository/Objects.HighlightElements/input_field_index'

2020-06-09 15:15:37 - [TEST_STEP][PASSED] - delay(3): Delayed 3 second(s)

2020-06-09 15:15:40 - [MESSAGE][PASSED] - Delayed 3 second(s)

2020-06-09 15:15:40 - [TEST_STEP][PASSED] - GetErrMsg = getAttribute(NewInputNmField, "data-errorqtip"): Attribute 'data-errorqtip' of object 'Object Repository/Objects.HighlightElements/input_field_index' is: '<ul class="x-list-plain"><li>The value cannot be negative</li></ul>'

2020-06-09 15:15:40 - [MESSAGE][PASSED] - Attribute 'data-errorqtip' of object 'Object Repository/Objects.HighlightElements/input_field_index' is: '<ul class="x-list-plain"><li>The value cannot be negative</li></ul>'

2020-06-09 15:15:40 - [TEST_STEP][PASSED] - RmvULcd = GetErrMsg.substring(29, GetErrMsg.length()): null

2020-06-09 15:15:40 - [TEST_STEP][PASSED] - ActualErrMsg = RmvULcd.substring(0, 28): null

2020-06-09 15:15:40 - [TEST_STEP][PASSED] - verifyMatch(ActualErrMsg, findTestData("PrecisionAndScaleDB").getValue("ErrorMessage", 10), true): Actual text 'The value cannot be negative' and expected text 'The value cannot be negative' are matched  using regular expression

2020-06-09 15:15:40 - [MESSAGE][PASSED] - Actual text 'The value cannot be negative' and expected text 'The value cannot be negative' are matched  using regular expression

2020-06-09 15:15:40 - [TEST_STEP][PASSED] - mouseOver(NewInputNmField): Object: 'Object Repository/Objects.HighlightElements/input_field_index' is hovered

2020-06-09 15:15:40 - [MESSAGE][PASSED] - Object: 'Object Repository/Objects.HighlightElements/input_field_index' is hovered

2020-06-09 15:15:40 - [MESSAGE][PASSED] - Call Test Case 'Test Cases/PFI Precision and Scale/PFI Components with Indexing/NegativeIntegersErrorIndexII' successfully

2020-06-09 15:15:40 - [TEST_STEP][PASSED] - callTestCase(findTestCase("PFI Precision and Scale/PFI Components/NumericTextboxValidationII"), ["nameToBeUsed":"inspWeight", "minLen":5], STOP_ON_FAILURE): Call Test Case 'Test Cases/PFI Precision and Scale/PFI Components/NumericTextboxValidationII' successfully

2020-06-09 15:15:40 - [TEST_CASE][PASSED] - Test Cases/PFI Precision and Scale/PFI Components/NumericTextboxValidationII: Test Cases/PFI Precision and Scale/PFI Components/NumericTextboxValidationII

2020-06-09 15:15:40 - [TEST_STEP][PASSED] - Thread.sleep(1000): null

2020-06-09 15:15:41 - [TEST_STEP][PASSED] - Numeric = "0123456789": null

2020-06-09 15:15:41 - [TEST_STEP][PASSED] - AlphaSpecialChar = z) + "`~!@#$%^&*()=_{}|\][;'":,?><"".join(): null

2020-06-09 15:15:41 - [TEST_STEP][PASSED] - RandomNumeric = RandomStringUtils.random(minLen, Numeric.toCharArray()): null

2020-06-09 15:15:41 - [TEST_STEP][PASSED] - RandomString = RandomStringUtils.random(minLen, AlphaSpecialChar): null

2020-06-09 15:15:41 - [TEST_STEP][PASSED] - regexPat = Pattern.compile("^[0-9]+$"): null

2020-06-09 15:15:41 - [TEST_STEP][PASSED] - NewInputNmField = modifyObjectProperty(findTestObject("Objects.RemarksValidation/input_Remarks"), "name", "equals", nameToBeUsed, true): Modify property of object successfully

2020-06-09 15:15:41 - [MESSAGE][PASSED] - Modify property of object successfully

2020-06-09 15:15:41 - [TEST_STEP][PASSED] - focus(NewInputNmField): Object: 'Object Repository/Objects.RemarksValidation/input_Remarks' is focused

2020-06-09 15:15:41 - [MESSAGE][PASSED] - Object: 'Object Repository/Objects.RemarksValidation/input_Remarks' is focused

2020-06-09 15:15:41 - [TEST_STEP][PASSED] - setText(NewInputNmField, RandomString): Text 'O|pOM' is set on object 'Object Repository/Objects.RemarksValidation/input_Remarks'

2020-06-09 15:15:41 - [MESSAGE][PASSED] - Text 'O|pOM' is set on object 'Object Repository/Objects.RemarksValidation/input_Remarks'

2020-06-09 15:15:41 - [TEST_STEP][PASSED] - GetInputVal = getAttribute(NewInputNmField, "value"): Attribute 'value' of object 'Object Repository/Objects.RemarksValidation/input_Remarks' is: ''

2020-06-09 15:15:41 - [MESSAGE][PASSED] - Attribute 'value' of object 'Object Repository/Objects.RemarksValidation/input_Remarks' is: ''

2020-06-09 15:15:41 - [TEST_STEP][PASSED] - if (GetInputVal.contains("e")): null

2020-06-09 15:15:41 - [TEST_STEP][PASSED] - else: Actual text '' and expected text '' are matched  using regular expression

2020-06-09 15:15:41 - [TEST_STEP][PASSED] - verifyMatch(GetInputVal, "", true): Actual text '' and expected text '' are matched  using regular expression

2020-06-09 15:15:41 - [MESSAGE][PASSED] - Actual text '' and expected text '' are matched  using regular expression

2020-06-09 15:15:41 - [TEST_STEP][PASSED] - setText(NewInputNmField, RandomNumeric): Text '10420' is set on object 'Object Repository/Objects.RemarksValidation/input_Remarks'

2020-06-09 15:15:41 - [MESSAGE][PASSED] - Text '10420' is set on object 'Object Repository/Objects.RemarksValidation/input_Remarks'

2020-06-09 15:15:41 - [TEST_STEP][PASSED] - GetEnteredIntegers = getAttribute(NewInputNmField, "value"): Attribute 'value' of object 'Object Repository/Objects.RemarksValidation/input_Remarks' is: '10420'

2020-06-09 15:15:41 - [MESSAGE][PASSED] - Attribute 'value' of object 'Object Repository/Objects.RemarksValidation/input_Remarks' is: '10420'

2020-06-09 15:15:41 - [TEST_STEP][PASSED] - matchStr = regexPat.matcher(GetEnteredIntegers): null

2020-06-09 15:15:41 - [TEST_STEP][PASSED] - if (matchStr.matches() == true): Accepting Numeric

2020-06-09 15:15:41 - [TEST_STEP][PASSED] - comment("Accepting Numeric"): Accepting Numeric

2020-06-09 15:15:41 - [MESSAGE][INFO] - Accepting Numeric

2020-06-09 15:15:41 - [MESSAGE][PASSED] - Call Test Case 'Test Cases/PFI Precision and Scale/PFI Components/NumericTextboxValidationII' successfully

2020-06-09 15:15:41 - [TEST_STEP][PASSED] - callTestCase(findTestCase("PFI Precision and Scale/PFI Components with Indexing/SpinnerUpIndex"), ["InputName":"inspWeight", "nmIndex":1, "indexUp":2, "itr":10], STOP_ON_FAILURE): Call Test Case 'Test Cases/PFI Precision and Scale/PFI Components with Indexing/SpinnerUpIndex' successfully

2020-06-09 15:15:42 - [TEST_CASE][PASSED] - Test Cases/PFI Precision and Scale/PFI Components with Indexing/SpinnerUpIndex: Test Cases/PFI Precision and Scale/PFI Components with Indexing/SpinnerUpIndex

2020-06-09 15:15:42 - [TEST_STEP][PASSED] - Thread.sleep(1000): null

2020-06-09 15:15:43 - [TEST_STEP][PASSED] - counterUp = modifyObjectProperty(findTestObject("Objects.CounterValidation/counter_icon_up"), "xpath", "equals", "(//*[contains(@class,'x-form-spinner-up')])[" + indexUp + "]", true): Modify property of object successfully

2020-06-09 15:15:43 - [MESSAGE][PASSED] - Modify property of object successfully

2020-06-09 15:15:43 - [TEST_STEP][PASSED] - modifiedInputNm = modifyObjectProperty(findTestObject("Object Repository/Objects.HighlightElements/input_field_index"), "xpath", "equals", "(//*[contains(@class,'x-form-text') and (@name='" + InputName + "')])[" + nmIndex + "]", true): Modify property of object successfully

2020-06-09 15:15:43 - [MESSAGE][PASSED] - Modify property of object successfully

2020-06-09 15:15:43 - [TEST_STEP][PASSED] - GetCurrentValue = getAttribute(modifiedInputNm, "value"): Attribute 'value' of object 'Object Repository/Objects.HighlightElements/input_field_index' is: '10420'

2020-06-09 15:15:43 - [MESSAGE][PASSED] - Attribute 'value' of object 'Object Repository/Objects.HighlightElements/input_field_index' is: '10420'

2020-06-09 15:15:43 - [TEST_STEP][PASSED] - for ([i = 0, i <= itr, (i++)]): Object: 'Object Repository/Objects.CounterValidation/counter_icon_up' is clicked on

2020-06-09 15:15:43 - [TEST_STEP][PASSED] - click(counterUp): Object: 'Object Repository/Objects.CounterValidation/counter_icon_up' is clicked on

2020-06-09 15:15:43 - [MESSAGE][PASSED] - Object: 'Object Repository/Objects.CounterValidation/counter_icon_up' is clicked on

2020-06-09 15:15:43 - [TEST_STEP][PASSED] - click(counterUp): Object: 'Object Repository/Objects.CounterValidation/counter_icon_up' is clicked on

2020-06-09 15:15:43 - [MESSAGE][PASSED] - Object: 'Object Repository/Objects.CounterValidation/counter_icon_up' is clicked on

2020-06-09 15:15:43 - [TEST_STEP][PASSED] - click(counterUp): Object: 'Object Repository/Objects.CounterValidation/counter_icon_up' is clicked on

2020-06-09 15:15:43 - [MESSAGE][PASSED] - Object: 'Object Repository/Objects.CounterValidation/counter_icon_up' is clicked on

2020-06-09 15:15:43 - [TEST_STEP][PASSED] - click(counterUp): Object: 'Object Repository/Objects.CounterValidation/counter_icon_up' is clicked on

2020-06-09 15:15:43 - [MESSAGE][PASSED] - Object: 'Object Repository/Objects.CounterValidation/counter_icon_up' is clicked on

2020-06-09 15:15:43 - [TEST_STEP][PASSED] - click(counterUp): Object: 'Object Repository/Objects.CounterValidation/counter_icon_up' is clicked on

2020-06-09 15:15:43 - [MESSAGE][PASSED] - Object: 'Object Repository/Objects.CounterValidation/counter_icon_up' is clicked on

2020-06-09 15:15:43 - [TEST_STEP][PASSED] - click(counterUp): Object: 'Object Repository/Objects.CounterValidation/counter_icon_up' is clicked on

2020-06-09 15:15:43 - [MESSAGE][PASSED] - Object: 'Object Repository/Objects.CounterValidation/counter_icon_up' is clicked on

2020-06-09 15:15:43 - [TEST_STEP][PASSED] - click(counterUp): Object: 'Object Repository/Objects.CounterValidation/counter_icon_up' is clicked on

2020-06-09 15:15:43 - [MESSAGE][PASSED] - Object: 'Object Repository/Objects.CounterValidation/counter_icon_up' is clicked on

2020-06-09 15:15:43 - [TEST_STEP][PASSED] - click(counterUp): Object: 'Object Repository/Objects.CounterValidation/counter_icon_up' is clicked on

2020-06-09 15:15:43 - [MESSAGE][PASSED] - Object: 'Object Repository/Objects.CounterValidation/counter_icon_up' is clicked on

2020-06-09 15:15:43 - [TEST_STEP][PASSED] - click(counterUp): Object: 'Object Repository/Objects.CounterValidation/counter_icon_up' is clicked on

2020-06-09 15:15:43 - [MESSAGE][PASSED] - Object: 'Object Repository/Objects.CounterValidation/counter_icon_up' is clicked on

2020-06-09 15:15:43 - [TEST_STEP][PASSED] - click(counterUp): Object: 'Object Repository/Objects.CounterValidation/counter_icon_up' is clicked on

2020-06-09 15:15:44 - [MESSAGE][PASSED] - Object: 'Object Repository/Objects.CounterValidation/counter_icon_up' is clicked on

2020-06-09 15:15:44 - [TEST_STEP][PASSED] - click(counterUp): Object: 'Object Repository/Objects.CounterValidation/counter_icon_up' is clicked on

2020-06-09 15:15:44 - [MESSAGE][PASSED] - Object: 'Object Repository/Objects.CounterValidation/counter_icon_up' is clicked on

2020-06-09 15:15:44 - [TEST_STEP][PASSED] - NewValue = getAttribute(modifiedInputNm, "value"): Attribute 'value' of object 'Object Repository/Objects.HighlightElements/input_field_index' is: '10431'

2020-06-09 15:15:44 - [MESSAGE][PASSED] - Attribute 'value' of object 'Object Repository/Objects.HighlightElements/input_field_index' is: '10431'

2020-06-09 15:15:44 - [TEST_STEP][PASSED] - if (NewValue != findTestData("PrecisionAndScaleDB").getValue("MaxValue", 1)): Actual number '10431' is greater than expected number '10420'

2020-06-09 15:15:44 - [TEST_STEP][PASSED] - verifyGreaterThan(NewValue, GetCurrentValue, STOP_ON_FAILURE): Actual number '10431' is greater than expected number '10420'

2020-06-09 15:15:44 - [MESSAGE][PASSED] - Actual number '10431' is greater than expected number '10420'

2020-06-09 15:15:44 - [MESSAGE][PASSED] - Call Test Case 'Test Cases/PFI Precision and Scale/PFI Components with Indexing/SpinnerUpIndex' successfully

2020-06-09 15:15:44 - [TEST_STEP][PASSED] - callTestCase(findTestCase("PFI Precision and Scale/PFI Components with Indexing/SpinnerDownIndex"), ["InputName":"inspWeight", "nmIndex":1, "indexDown":2, "itr":20], STOP_ON_FAILURE): Call Test Case 'Test Cases/PFI Precision and Scale/PFI Components with Indexing/SpinnerDownIndex' successfully

2020-06-09 15:15:44 - [TEST_CASE][PASSED] - Test Cases/PFI Precision and Scale/PFI Components with Indexing/SpinnerDownIndex: Test Cases/PFI Precision and Scale/PFI Components with Indexing/SpinnerDownIndex

2020-06-09 15:15:44 - [TEST_STEP][PASSED] - Thread.sleep(1000): null

2020-06-09 15:15:45 - [TEST_STEP][PASSED] - counterUp = modifyObjectProperty(findTestObject("Objects.CounterValidation/counter_icon_up"), "xpath", "equals", "(//*[contains(@class,'x-form-spinner-down')])[" + indexDown + "]", true): Modify property of object successfully

2020-06-09 15:15:45 - [MESSAGE][PASSED] - Modify property of object successfully

2020-06-09 15:15:45 - [TEST_STEP][PASSED] - modifiedInputNm = modifyObjectProperty(findTestObject("Object Repository/Objects.HighlightElements/input_field_index"), "xpath", "equals", "(//*[contains(@class,'x-form-text') and (@name='" + InputName + "')])[" + nmIndex + "]", true): Modify property of object successfully

2020-06-09 15:15:45 - [MESSAGE][PASSED] - Modify property of object successfully

2020-06-09 15:15:45 - [TEST_STEP][PASSED] - GetCurrentValue = getAttribute(modifiedInputNm, "value"): Attribute 'value' of object 'Object Repository/Objects.HighlightElements/input_field_index' is: '10431'

2020-06-09 15:15:45 - [MESSAGE][PASSED] - Attribute 'value' of object 'Object Repository/Objects.HighlightElements/input_field_index' is: '10431'

2020-06-09 15:15:45 - [TEST_STEP][PASSED] - for ([i = 0, i <= itr, (i++)]): Object: 'Object Repository/Objects.CounterValidation/counter_icon_up' is clicked on

2020-06-09 15:15:45 - [TEST_STEP][PASSED] - click(counterUp): Object: 'Object Repository/Objects.CounterValidation/counter_icon_up' is clicked on

2020-06-09 15:15:45 - [MESSAGE][PASSED] - Object: 'Object Repository/Objects.CounterValidation/counter_icon_up' is clicked on

2020-06-09 15:15:45 - [TEST_STEP][PASSED] - click(counterUp): Object: 'Object Repository/Objects.CounterValidation/counter_icon_up' is clicked on

2020-06-09 15:15:45 - [MESSAGE][PASSED] - Object: 'Object Repository/Objects.CounterValidation/counter_icon_up' is clicked on

2020-06-09 15:15:45 - [TEST_STEP][PASSED] - click(counterUp): Object: 'Object Repository/Objects.CounterValidation/counter_icon_up' is clicked on

2020-06-09 15:15:45 - [MESSAGE][PASSED] - Object: 'Object Repository/Objects.CounterValidation/counter_icon_up' is clicked on

2020-06-09 15:15:45 - [TEST_STEP][PASSED] - click(counterUp): Object: 'Object Repository/Objects.CounterValidation/counter_icon_up' is clicked on

2020-06-09 15:15:45 - [MESSAGE][PASSED] - Object: 'Object Repository/Objects.CounterValidation/counter_icon_up' is clicked on

2020-06-09 15:15:45 - [TEST_STEP][PASSED] - click(counterUp): Object: 'Object Repository/Objects.CounterValidation/counter_icon_up' is clicked on

2020-06-09 15:15:45 - [MESSAGE][PASSED] - Object: 'Object Repository/Objects.CounterValidation/counter_icon_up' is clicked on

2020-06-09 15:15:45 - [TEST_STEP][PASSED] - click(counterUp): Object: 'Object Repository/Objects.CounterValidation/counter_icon_up' is clicked on

2020-06-09 15:15:45 - [MESSAGE][PASSED] - Object: 'Object Repository/Objects.CounterValidation/counter_icon_up' is clicked on

2020-06-09 15:15:45 - [TEST_STEP][PASSED] - click(counterUp): Object: 'Object Repository/Objects.CounterValidation/counter_icon_up' is clicked on

2020-06-09 15:15:45 - [MESSAGE][PASSED] - Object: 'Object Repository/Objects.CounterValidation/counter_icon_up' is clicked on

2020-06-09 15:15:45 - [TEST_STEP][PASSED] - click(counterUp): Object: 'Object Repository/Objects.CounterValidation/counter_icon_up' is clicked on

2020-06-09 15:15:46 - [MESSAGE][PASSED] - Object: 'Object Repository/Objects.CounterValidation/counter_icon_up' is clicked on

2020-06-09 15:15:46 - [TEST_STEP][PASSED] - click(counterUp): Object: 'Object Repository/Objects.CounterValidation/counter_icon_up' is clicked on

2020-06-09 15:15:46 - [MESSAGE][PASSED] - Object: 'Object Repository/Objects.CounterValidation/counter_icon_up' is clicked on

2020-06-09 15:15:46 - [TEST_STEP][PASSED] - click(counterUp): Object: 'Object Repository/Objects.CounterValidation/counter_icon_up' is clicked on

2020-06-09 15:15:46 - [MESSAGE][PASSED] - Object: 'Object Repository/Objects.CounterValidation/counter_icon_up' is clicked on

2020-06-09 15:15:46 - [TEST_STEP][PASSED] - click(counterUp): Object: 'Object Repository/Objects.CounterValidation/counter_icon_up' is clicked on

2020-06-09 15:15:46 - [MESSAGE][PASSED] - Object: 'Object Repository/Objects.CounterValidation/counter_icon_up' is clicked on

2020-06-09 15:15:46 - [TEST_STEP][PASSED] - click(counterUp): Object: 'Object Repository/Objects.CounterValidation/counter_icon_up' is clicked on

2020-06-09 15:15:46 - [MESSAGE][PASSED] - Object: 'Object Repository/Objects.CounterValidation/counter_icon_up' is clicked on

2020-06-09 15:15:46 - [TEST_STEP][PASSED] - click(counterUp): Object: 'Object Repository/Objects.CounterValidation/counter_icon_up' is clicked on

2020-06-09 15:15:46 - [MESSAGE][PASSED] - Object: 'Object Repository/Objects.CounterValidation/counter_icon_up' is clicked on

2020-06-09 15:15:46 - [TEST_STEP][PASSED] - click(counterUp): Object: 'Object Repository/Objects.CounterValidation/counter_icon_up' is clicked on

2020-06-09 15:15:46 - [MESSAGE][PASSED] - Object: 'Object Repository/Objects.CounterValidation/counter_icon_up' is clicked on

2020-06-09 15:15:46 - [TEST_STEP][PASSED] - click(counterUp): Object: 'Object Repository/Objects.CounterValidation/counter_icon_up' is clicked on

2020-06-09 15:15:46 - [MESSAGE][PASSED] - Object: 'Object Repository/Objects.CounterValidation/counter_icon_up' is clicked on

2020-06-09 15:15:46 - [TEST_STEP][PASSED] - click(counterUp): Object: 'Object Repository/Objects.CounterValidation/counter_icon_up' is clicked on

2020-06-09 15:15:46 - [MESSAGE][PASSED] - Object: 'Object Repository/Objects.CounterValidation/counter_icon_up' is clicked on

2020-06-09 15:15:46 - [TEST_STEP][PASSED] - click(counterUp): Object: 'Object Repository/Objects.CounterValidation/counter_icon_up' is clicked on

2020-06-09 15:15:46 - [MESSAGE][PASSED] - Object: 'Object Repository/Objects.CounterValidation/counter_icon_up' is clicked on

2020-06-09 15:15:46 - [TEST_STEP][PASSED] - click(counterUp): Object: 'Object Repository/Objects.CounterValidation/counter_icon_up' is clicked on

2020-06-09 15:15:46 - [MESSAGE][PASSED] - Object: 'Object Repository/Objects.CounterValidation/counter_icon_up' is clicked on

2020-06-09 15:15:46 - [TEST_STEP][PASSED] - click(counterUp): Object: 'Object Repository/Objects.CounterValidation/counter_icon_up' is clicked on

2020-06-09 15:15:46 - [MESSAGE][PASSED] - Object: 'Object Repository/Objects.CounterValidation/counter_icon_up' is clicked on

2020-06-09 15:15:46 - [TEST_STEP][PASSED] - click(counterUp): Object: 'Object Repository/Objects.CounterValidation/counter_icon_up' is clicked on

2020-06-09 15:15:46 - [MESSAGE][PASSED] - Object: 'Object Repository/Objects.CounterValidation/counter_icon_up' is clicked on

2020-06-09 15:15:46 - [TEST_STEP][PASSED] - click(counterUp): Object: 'Object Repository/Objects.CounterValidation/counter_icon_up' is clicked on

2020-06-09 15:15:46 - [MESSAGE][PASSED] - Object: 'Object Repository/Objects.CounterValidation/counter_icon_up' is clicked on

2020-06-09 15:15:46 - [TEST_STEP][PASSED] - NewValue = getAttribute(modifiedInputNm, "value"): Attribute 'value' of object 'Object Repository/Objects.HighlightElements/input_field_index' is: '10410'

2020-06-09 15:15:46 - [MESSAGE][PASSED] - Attribute 'value' of object 'Object Repository/Objects.HighlightElements/input_field_index' is: '10410'

2020-06-09 15:15:46 - [TEST_STEP][PASSED] - if (NewValue != 0): Actual number '10410' is less than expected number '10431'

2020-06-09 15:15:46 - [TEST_STEP][PASSED] - verifyLessThan(NewValue, GetCurrentValue, STOP_ON_FAILURE): Actual number '10410' is less than expected number '10431'

2020-06-09 15:15:46 - [MESSAGE][PASSED] - Actual number '10410' is less than expected number '10431'

2020-06-09 15:15:46 - [MESSAGE][PASSED] - Call Test Case 'Test Cases/PFI Precision and Scale/PFI Components with Indexing/SpinnerDownIndex' successfully

2020-06-09 15:15:46 - [TEST_STEP][PASSED] - callTestCase(findTestCase("PFI Precision and Scale/PFI Components with Indexing/MaxNumericValidationIndex"), ["InputName":"inspWeight", "index":1, "numLength":11], STOP_ON_FAILURE): Call Test Case 'Test Cases/PFI Precision and Scale/PFI Components with Indexing/MaxNumericValidationIndex' successfully

2020-06-09 15:15:46 - [TEST_CASE][PASSED] - Test Cases/PFI Precision and Scale/PFI Components with Indexing/MaxNumericValidationIndex: Test Cases/PFI Precision and Scale/PFI Components with Indexing/MaxNumericValidationIndex

2020-06-09 15:15:46 - [TEST_STEP][PASSED] - Thread.sleep(1000): null

2020-06-09 15:15:47 - [TEST_STEP][PASSED] - NumLengthTBL = ["inspWeight":10, "noOfBldg":10, "postalCode":6]: null

2020-06-09 15:15:47 - [TEST_STEP][PASSED] - generateRandomNum = RandomStringUtils.randomNumeric(numLength): null

2020-06-09 15:15:47 - [TEST_STEP][PASSED] - NewInputNmField = modifyObjectProperty(findTestObject("Object Repository/Objects.HighlightElements/input_field_index"), "xpath", "equals", "(//*[contains(@class,'x-form-text') and (@name='" + InputName + "')])[" + index + "]", true): Modify property of object successfully

2020-06-09 15:15:48 - [MESSAGE][PASSED] - Modify property of object successfully

2020-06-09 15:15:48 - [TEST_STEP][PASSED] - setText(NewInputNmField, generateRandomNum): Text '46135498385' is set on object 'Object Repository/Objects.HighlightElements/input_field_index'

2020-06-09 15:15:48 - [MESSAGE][PASSED] - Text '46135498385' is set on object 'Object Repository/Objects.HighlightElements/input_field_index'

2020-06-09 15:15:48 - [TEST_STEP][PASSED] - GetEnteredRandom = getAttribute(NewInputNmField, "value", STOP_ON_FAILURE): Attribute 'value' of object 'Object Repository/Objects.HighlightElements/input_field_index' is: '4613549838'

2020-06-09 15:15:48 - [MESSAGE][PASSED] - Attribute 'value' of object 'Object Repository/Objects.HighlightElements/input_field_index' is: '4613549838'

2020-06-09 15:15:48 - [TEST_STEP][PASSED] - GetLength = GetEnteredRandom.length(): null

2020-06-09 15:15:48 - [TEST_STEP][PASSED] - MaxLength = NumLengthTBL.get(InputName): null

2020-06-09 15:15:48 - [TEST_STEP][PASSED] - verifyEqual(GetLength, MaxLength): Actual object '10' and expected object '10' are equal

2020-06-09 15:15:48 - [MESSAGE][PASSED] - Actual object '10' and expected object '10' are equal

2020-06-09 15:15:48 - [MESSAGE][PASSED] - Call Test Case 'Test Cases/PFI Precision and Scale/PFI Components with Indexing/MaxNumericValidationIndex' successfully

2020-06-09 15:15:48 - [TEST_STEP][PASSED] - callTestCase(findTestCase("PFI Precision and Scale/PFI Components with Indexing/MaxValueErrorIndex"), ["InputName":"inspWeight", "index":1], STOP_ON_FAILURE): Call Test Case 'Test Cases/PFI Precision and Scale/PFI Components with Indexing/MaxValueErrorIndex' successfully

2020-06-09 15:15:48 - [TEST_CASE][PASSED] - Test Cases/PFI Precision and Scale/PFI Components with Indexing/MaxValueErrorIndex: Test Cases/PFI Precision and Scale/PFI Components with Indexing/MaxValueErrorIndex

2020-06-09 15:15:48 - [TEST_STEP][PASSED] - Thread.sleep(1000): null

2020-06-09 15:15:49 - [TEST_STEP][PASSED] - constantNum = 5147483647: null

2020-06-09 15:15:49 - [TEST_STEP][PASSED] - NewInputNmField = modifyObjectProperty(findTestObject("Object Repository/Objects.HighlightElements/input_field_index"), "xpath", "equals", "(//*[contains(@class,'x-form-text') and (@name='" + InputName + "')])[" + index + "]", true): Modify property of object successfully

2020-06-09 15:15:49 - [MESSAGE][PASSED] - Modify property of object successfully

2020-06-09 15:15:49 - [TEST_STEP][PASSED] - GetValue = getAttribute(NewInputNmField, "value"): Attribute 'value' of object 'Object Repository/Objects.HighlightElements/input_field_index' is: '4613549838'

2020-06-09 15:15:49 - [MESSAGE][PASSED] - Attribute 'value' of object 'Object Repository/Objects.HighlightElements/input_field_index' is: '4613549838'

2020-06-09 15:15:49 - [TEST_STEP][PASSED] - GetToolTipErr = getAttribute(NewInputNmField, "data-errorqtip"): Attribute 'data-errorqtip' of object 'Object Repository/Objects.HighlightElements/input_field_index' is: '<ul class="x-list-plain"><li>The maximum value for this field is 2147483647</li></ul>'

2020-06-09 15:15:49 - [MESSAGE][PASSED] - Attribute 'data-errorqtip' of object 'Object Repository/Objects.HighlightElements/input_field_index' is: '<ul class="x-list-plain"><li>The maximum value for this field is 2147483647</li></ul>'

2020-06-09 15:15:49 - [TEST_STEP][PASSED] - if (GetToolTipErr == ""): null

2020-06-09 15:15:49 - [TEST_STEP][PASSED] - delay(5): Delayed 5 second(s)

2020-06-09 15:15:54 - [MESSAGE][PASSED] - Delayed 5 second(s)

2020-06-09 15:15:54 - [TEST_STEP][PASSED] - TotalLength = GetToolTipErr.length() - 10: null

2020-06-09 15:15:54 - [TEST_STEP][PASSED] - RmvULcd = GetToolTipErr.substring(0, TotalLength): null

2020-06-09 15:15:54 - [TEST_STEP][PASSED] - NewLen = RmvULcd.length(): null

2020-06-09 15:15:54 - [TEST_STEP][PASSED] - ActualErrMessage = RmvULcd.substring(29, NewLen): null

2020-06-09 15:15:54 - [TEST_STEP][PASSED] - mouseOver(NewInputNmField): Object: 'Object Repository/Objects.HighlightElements/input_field_index' is hovered

2020-06-09 15:15:54 - [MESSAGE][PASSED] - Object: 'Object Repository/Objects.HighlightElements/input_field_index' is hovered

2020-06-09 15:15:54 - [TEST_STEP][PASSED] - verifyMatch(ActualErrMessage, findTestData("PrecisionAndScaleDB").getValue("ErrorMessage", 8), true): Actual text 'The maximum value for this field is 2147483647' and expected text 'The maximum value for this field is 2147483647' are matched  using regular expression

2020-06-09 15:15:54 - [MESSAGE][PASSED] - Actual text 'The maximum value for this field is 2147483647' and expected text 'The maximum value for this field is 2147483647' are matched  using regular expression

2020-06-09 15:15:54 - [MESSAGE][PASSED] - Call Test Case 'Test Cases/PFI Precision and Scale/PFI Components with Indexing/MaxValueErrorIndex' successfully

2020-06-09 15:15:54 - [TEST_STEP][PASSED] - callTestCase(findTestCase("Components/HighlightLabelFieldXPI"), ["LblName":"No of Building Inspected", "index":1], STOP_ON_FAILURE): Call Test Case 'Test Cases/Components/HighlightLabelFieldXPI' successfully

2020-06-09 15:15:54 - [TEST_CASE][PASSED] - Test Cases/Components/HighlightLabelFieldXPI: Test Cases/Components/HighlightLabelFieldXPI

2020-06-09 15:15:54 - [TEST_STEP][PASSED] - Thread.sleep(1000): null

2020-06-09 15:15:55 - [TEST_STEP][PASSED] - modifiedLblNm = modifyObjectProperty(findTestObject("Object Repository/Objects.HighlightElements/lblField_index"), "xpath", "equals", "(//*[contains(@class, 'x-form-item-label-inner x-form-item-label-inner-default') and contains(., '" + LblName + "')])[" + index + "]", true): Modify property of object successfully

2020-06-09 15:15:55 - [MESSAGE][PASSED] - Modify property of object successfully

2020-06-09 15:15:55 - [TEST_STEP][PASSED] - com.reusableComponents.HighlightElement.run(modifiedLblNm): com.reusableComponents.HighlightElement.run is PASSED

2020-06-09 15:15:56 - [MESSAGE][PASSED] - com.reusableComponents.HighlightElement.run is PASSED

2020-06-09 15:15:56 - [MESSAGE][PASSED] - Call Test Case 'Test Cases/Components/HighlightLabelFieldXPI' successfully

2020-06-09 15:15:56 - [TEST_STEP][PASSED] - callTestCase(findTestCase("Components/HighlightInputFieldXPI"), ["FldNm":"noOfBldg", "index":1], STOP_ON_FAILURE): Call Test Case 'Test Cases/Components/HighlightInputFieldXPI' successfully

2020-06-09 15:15:56 - [TEST_CASE][PASSED] - Test Cases/Components/HighlightInputFieldXPI: Test Cases/Components/HighlightInputFieldXPI

2020-06-09 15:15:56 - [TEST_STEP][PASSED] - Thread.sleep(1000): null

2020-06-09 15:15:57 - [TEST_STEP][PASSED] - modifiedInputNm = modifyObjectProperty(findTestObject("Object Repository/Objects.HighlightElements/input_field_index"), "xpath", "equals", "(//*[contains(@name, '" + FldNm + "')])[" + index + "]", true): Modify property of object successfully

2020-06-09 15:15:57 - [MESSAGE][PASSED] - Modify property of object successfully

2020-06-09 15:15:57 - [TEST_STEP][PASSED] - com.reusableComponents.HighlightElement.run(modifiedInputNm): com.reusableComponents.HighlightElement.run is PASSED

2020-06-09 15:15:57 - [MESSAGE][PASSED] - com.reusableComponents.HighlightElement.run is PASSED

2020-06-09 15:15:57 - [MESSAGE][PASSED] - Call Test Case 'Test Cases/Components/HighlightInputFieldXPI' successfully

2020-06-09 15:15:57 - [TEST_STEP][PASSED] - callTestCase(findTestCase("PFI Precision and Scale/PFI Components with Indexing/NegativeIntegersErrorIndexII"), ["FldNm":"noOfBldg", "index":1], STOP_ON_FAILURE): Call Test Case 'Test Cases/PFI Precision and Scale/PFI Components with Indexing/NegativeIntegersErrorIndexII' successfully

2020-06-09 15:15:57 - [TEST_CASE][PASSED] - Test Cases/PFI Precision and Scale/PFI Components with Indexing/NegativeIntegersErrorIndexII: Test Cases/PFI Precision and Scale/PFI Components with Indexing/NegativeIntegersErrorIndexII

2020-06-09 15:15:57 - [TEST_STEP][PASSED] - Thread.sleep(1000): null

2020-06-09 15:15:58 - [TEST_STEP][PASSED] - NewInputNmField = modifyObjectProperty(findTestObject("Object Repository/Objects.HighlightElements/input_field_index"), "xpath", "equals", "(//*[contains(@class,'x-form-text') and contains(@name,'" + FldNm + "')])[" + index + "]", true): Modify property of object successfully

2020-06-09 15:15:58 - [MESSAGE][PASSED] - Modify property of object successfully

2020-06-09 15:15:58 - [TEST_STEP][PASSED] - setText(NewInputNmField, "-1"): Text '-1' is set on object 'Object Repository/Objects.HighlightElements/input_field_index'

2020-06-09 15:15:59 - [MESSAGE][PASSED] - Text '-1' is set on object 'Object Repository/Objects.HighlightElements/input_field_index'

2020-06-09 15:15:59 - [TEST_STEP][PASSED] - delay(3): Delayed 3 second(s)

2020-06-09 15:16:02 - [MESSAGE][PASSED] - Delayed 3 second(s)

2020-06-09 15:16:02 - [TEST_STEP][PASSED] - GetErrMsg = getAttribute(NewInputNmField, "data-errorqtip"): Attribute 'data-errorqtip' of object 'Object Repository/Objects.HighlightElements/input_field_index' is: '<ul class="x-list-plain"><li>The value cannot be negative</li></ul>'

2020-06-09 15:16:02 - [MESSAGE][PASSED] - Attribute 'data-errorqtip' of object 'Object Repository/Objects.HighlightElements/input_field_index' is: '<ul class="x-list-plain"><li>The value cannot be negative</li></ul>'

2020-06-09 15:16:02 - [TEST_STEP][PASSED] - RmvULcd = GetErrMsg.substring(29, GetErrMsg.length()): null

2020-06-09 15:16:02 - [TEST_STEP][PASSED] - ActualErrMsg = RmvULcd.substring(0, 28): null

2020-06-09 15:16:02 - [TEST_STEP][PASSED] - verifyMatch(ActualErrMsg, findTestData("PrecisionAndScaleDB").getValue("ErrorMessage", 10), true): Actual text 'The value cannot be negative' and expected text 'The value cannot be negative' are matched  using regular expression

2020-06-09 15:16:02 - [MESSAGE][PASSED] - Actual text 'The value cannot be negative' and expected text 'The value cannot be negative' are matched  using regular expression

2020-06-09 15:16:02 - [TEST_STEP][PASSED] - mouseOver(NewInputNmField): Object: 'Object Repository/Objects.HighlightElements/input_field_index' is hovered

2020-06-09 15:16:02 - [MESSAGE][PASSED] - Object: 'Object Repository/Objects.HighlightElements/input_field_index' is hovered

2020-06-09 15:16:02 - [MESSAGE][PASSED] - Call Test Case 'Test Cases/PFI Precision and Scale/PFI Components with Indexing/NegativeIntegersErrorIndexII' successfully

2020-06-09 15:16:02 - [TEST_STEP][PASSED] - callTestCase(findTestCase("PFI Precision and Scale/PFI Components/NumericTextboxValidationII"), ["nameToBeUsed":"noOfBldg", "minLen":5], STOP_ON_FAILURE): Call Test Case 'Test Cases/PFI Precision and Scale/PFI Components/NumericTextboxValidationII' successfully

2020-06-09 15:16:02 - [TEST_CASE][PASSED] - Test Cases/PFI Precision and Scale/PFI Components/NumericTextboxValidationII: Test Cases/PFI Precision and Scale/PFI Components/NumericTextboxValidationII

2020-06-09 15:16:02 - [TEST_STEP][PASSED] - Thread.sleep(1000): null

2020-06-09 15:16:03 - [TEST_STEP][PASSED] - Numeric = "0123456789": null

2020-06-09 15:16:03 - [TEST_STEP][PASSED] - AlphaSpecialChar = z) + "`~!@#$%^&*()=_{}|\][;'":,?><"".join(): null

2020-06-09 15:16:03 - [TEST_STEP][PASSED] - RandomNumeric = RandomStringUtils.random(minLen, Numeric.toCharArray()): null

2020-06-09 15:16:03 - [TEST_STEP][PASSED] - RandomString = RandomStringUtils.random(minLen, AlphaSpecialChar): null

2020-06-09 15:16:03 - [TEST_STEP][PASSED] - regexPat = Pattern.compile("^[0-9]+$"): null

2020-06-09 15:16:03 - [TEST_STEP][PASSED] - NewInputNmField = modifyObjectProperty(findTestObject("Objects.RemarksValidation/input_Remarks"), "name", "equals", nameToBeUsed, true): Modify property of object successfully

2020-06-09 15:16:03 - [MESSAGE][PASSED] - Modify property of object successfully

2020-06-09 15:16:03 - [TEST_STEP][PASSED] - focus(NewInputNmField): Object: 'Object Repository/Objects.RemarksValidation/input_Remarks' is focused

2020-06-09 15:16:03 - [MESSAGE][PASSED] - Object: 'Object Repository/Objects.RemarksValidation/input_Remarks' is focused

2020-06-09 15:16:03 - [TEST_STEP][PASSED] - setText(NewInputNmField, RandomString): Text 'XXp[@' is set on object 'Object Repository/Objects.RemarksValidation/input_Remarks'

2020-06-09 15:16:03 - [MESSAGE][PASSED] - Text 'XXp[@' is set on object 'Object Repository/Objects.RemarksValidation/input_Remarks'

2020-06-09 15:16:03 - [TEST_STEP][PASSED] - GetInputVal = getAttribute(NewInputNmField, "value"): Attribute 'value' of object 'Object Repository/Objects.RemarksValidation/input_Remarks' is: ''

2020-06-09 15:16:03 - [MESSAGE][PASSED] - Attribute 'value' of object 'Object Repository/Objects.RemarksValidation/input_Remarks' is: ''

2020-06-09 15:16:03 - [TEST_STEP][PASSED] - if (GetInputVal.contains("e")): null

2020-06-09 15:16:03 - [TEST_STEP][PASSED] - else: Actual text '' and expected text '' are matched  using regular expression

2020-06-09 15:16:03 - [TEST_STEP][PASSED] - verifyMatch(GetInputVal, "", true): Actual text '' and expected text '' are matched  using regular expression

2020-06-09 15:16:03 - [MESSAGE][PASSED] - Actual text '' and expected text '' are matched  using regular expression

2020-06-09 15:16:03 - [TEST_STEP][PASSED] - setText(NewInputNmField, RandomNumeric): Text '50443' is set on object 'Object Repository/Objects.RemarksValidation/input_Remarks'

2020-06-09 15:16:03 - [MESSAGE][PASSED] - Text '50443' is set on object 'Object Repository/Objects.RemarksValidation/input_Remarks'

2020-06-09 15:16:03 - [TEST_STEP][PASSED] - GetEnteredIntegers = getAttribute(NewInputNmField, "value"): Attribute 'value' of object 'Object Repository/Objects.RemarksValidation/input_Remarks' is: '50443'

2020-06-09 15:16:03 - [MESSAGE][PASSED] - Attribute 'value' of object 'Object Repository/Objects.RemarksValidation/input_Remarks' is: '50443'

2020-06-09 15:16:03 - [TEST_STEP][PASSED] - matchStr = regexPat.matcher(GetEnteredIntegers): null

2020-06-09 15:16:03 - [TEST_STEP][PASSED] - if (matchStr.matches() == true): Accepting Numeric

2020-06-09 15:16:03 - [TEST_STEP][PASSED] - comment("Accepting Numeric"): Accepting Numeric

2020-06-09 15:16:03 - [MESSAGE][INFO] - Accepting Numeric

2020-06-09 15:16:03 - [MESSAGE][PASSED] - Call Test Case 'Test Cases/PFI Precision and Scale/PFI Components/NumericTextboxValidationII' successfully

2020-06-09 15:16:03 - [TEST_STEP][PASSED] - callTestCase(findTestCase("PFI Precision and Scale/PFI Components with Indexing/SpinnerUpIndex"), ["InputName":"noOfBldg", "nmIndex":1, "indexUp":3, "itr":10], STOP_ON_FAILURE): Call Test Case 'Test Cases/PFI Precision and Scale/PFI Components with Indexing/SpinnerUpIndex' successfully

2020-06-09 15:16:03 - [TEST_CASE][PASSED] - Test Cases/PFI Precision and Scale/PFI Components with Indexing/SpinnerUpIndex: Test Cases/PFI Precision and Scale/PFI Components with Indexing/SpinnerUpIndex

2020-06-09 15:16:03 - [TEST_STEP][PASSED] - Thread.sleep(1000): null

2020-06-09 15:16:04 - [TEST_STEP][PASSED] - counterUp = modifyObjectProperty(findTestObject("Objects.CounterValidation/counter_icon_up"), "xpath", "equals", "(//*[contains(@class,'x-form-spinner-up')])[" + indexUp + "]", true): Modify property of object successfully

2020-06-09 15:16:04 - [MESSAGE][PASSED] - Modify property of object successfully

2020-06-09 15:16:04 - [TEST_STEP][PASSED] - modifiedInputNm = modifyObjectProperty(findTestObject("Object Repository/Objects.HighlightElements/input_field_index"), "xpath", "equals", "(//*[contains(@class,'x-form-text') and (@name='" + InputName + "')])[" + nmIndex + "]", true): Modify property of object successfully

2020-06-09 15:16:04 - [MESSAGE][PASSED] - Modify property of object successfully

2020-06-09 15:16:04 - [TEST_STEP][PASSED] - GetCurrentValue = getAttribute(modifiedInputNm, "value"): Attribute 'value' of object 'Object Repository/Objects.HighlightElements/input_field_index' is: '50443'

2020-06-09 15:16:04 - [MESSAGE][PASSED] - Attribute 'value' of object 'Object Repository/Objects.HighlightElements/input_field_index' is: '50443'

2020-06-09 15:16:04 - [TEST_STEP][PASSED] - for ([i = 0, i <= itr, (i++)]): Object: 'Object Repository/Objects.CounterValidation/counter_icon_up' is clicked on

2020-06-09 15:16:04 - [TEST_STEP][PASSED] - click(counterUp): Object: 'Object Repository/Objects.CounterValidation/counter_icon_up' is clicked on

2020-06-09 15:16:04 - [MESSAGE][PASSED] - Object: 'Object Repository/Objects.CounterValidation/counter_icon_up' is clicked on

2020-06-09 15:16:04 - [TEST_STEP][PASSED] - click(counterUp): Object: 'Object Repository/Objects.CounterValidation/counter_icon_up' is clicked on

2020-06-09 15:16:04 - [MESSAGE][PASSED] - Object: 'Object Repository/Objects.CounterValidation/counter_icon_up' is clicked on

2020-06-09 15:16:04 - [TEST_STEP][PASSED] - click(counterUp): Object: 'Object Repository/Objects.CounterValidation/counter_icon_up' is clicked on

2020-06-09 15:16:05 - [MESSAGE][PASSED] - Object: 'Object Repository/Objects.CounterValidation/counter_icon_up' is clicked on

2020-06-09 15:16:05 - [TEST_STEP][PASSED] - click(counterUp): Object: 'Object Repository/Objects.CounterValidation/counter_icon_up' is clicked on

2020-06-09 15:16:05 - [MESSAGE][PASSED] - Object: 'Object Repository/Objects.CounterValidation/counter_icon_up' is clicked on

2020-06-09 15:16:05 - [TEST_STEP][PASSED] - click(counterUp): Object: 'Object Repository/Objects.CounterValidation/counter_icon_up' is clicked on

2020-06-09 15:16:05 - [MESSAGE][PASSED] - Object: 'Object Repository/Objects.CounterValidation/counter_icon_up' is clicked on

2020-06-09 15:16:05 - [TEST_STEP][PASSED] - click(counterUp): Object: 'Object Repository/Objects.CounterValidation/counter_icon_up' is clicked on

2020-06-09 15:16:05 - [MESSAGE][PASSED] - Object: 'Object Repository/Objects.CounterValidation/counter_icon_up' is clicked on

2020-06-09 15:16:05 - [TEST_STEP][PASSED] - click(counterUp): Object: 'Object Repository/Objects.CounterValidation/counter_icon_up' is clicked on

2020-06-09 15:16:05 - [MESSAGE][PASSED] - Object: 'Object Repository/Objects.CounterValidation/counter_icon_up' is clicked on

2020-06-09 15:16:05 - [TEST_STEP][PASSED] - click(counterUp): Object: 'Object Repository/Objects.CounterValidation/counter_icon_up' is clicked on

2020-06-09 15:16:05 - [MESSAGE][PASSED] - Object: 'Object Repository/Objects.CounterValidation/counter_icon_up' is clicked on

2020-06-09 15:16:05 - [TEST_STEP][PASSED] - click(counterUp): Object: 'Object Repository/Objects.CounterValidation/counter_icon_up' is clicked on

2020-06-09 15:16:05 - [MESSAGE][PASSED] - Object: 'Object Repository/Objects.CounterValidation/counter_icon_up' is clicked on

2020-06-09 15:16:05 - [TEST_STEP][PASSED] - click(counterUp): Object: 'Object Repository/Objects.CounterValidation/counter_icon_up' is clicked on

2020-06-09 15:16:05 - [MESSAGE][PASSED] - Object: 'Object Repository/Objects.CounterValidation/counter_icon_up' is clicked on

2020-06-09 15:16:05 - [TEST_STEP][PASSED] - click(counterUp): Object: 'Object Repository/Objects.CounterValidation/counter_icon_up' is clicked on

2020-06-09 15:16:05 - [MESSAGE][PASSED] - Object: 'Object Repository/Objects.CounterValidation/counter_icon_up' is clicked on

2020-06-09 15:16:05 - [TEST_STEP][PASSED] - NewValue = getAttribute(modifiedInputNm, "value"): Attribute 'value' of object 'Object Repository/Objects.HighlightElements/input_field_index' is: '50454'

2020-06-09 15:16:05 - [MESSAGE][PASSED] - Attribute 'value' of object 'Object Repository/Objects.HighlightElements/input_field_index' is: '50454'

2020-06-09 15:16:05 - [TEST_STEP][PASSED] - if (NewValue != findTestData("PrecisionAndScaleDB").getValue("MaxValue", 1)): Actual number '50454' is greater than expected number '50443'

2020-06-09 15:16:05 - [TEST_STEP][PASSED] - verifyGreaterThan(NewValue, GetCurrentValue, STOP_ON_FAILURE): Actual number '50454' is greater than expected number '50443'

2020-06-09 15:16:05 - [MESSAGE][PASSED] - Actual number '50454' is greater than expected number '50443'

2020-06-09 15:16:05 - [MESSAGE][PASSED] - Call Test Case 'Test Cases/PFI Precision and Scale/PFI Components with Indexing/SpinnerUpIndex' successfully

2020-06-09 15:16:05 - [TEST_STEP][PASSED] - callTestCase(findTestCase("PFI Precision and Scale/PFI Components with Indexing/SpinnerDownIndex"), ["InputName":"noOfBldg", "nmIndex":1, "indexDown":3, "itr":20], STOP_ON_FAILURE): Call Test Case 'Test Cases/PFI Precision and Scale/PFI Components with Indexing/SpinnerDownIndex' successfully

2020-06-09 15:16:05 - [TEST_CASE][PASSED] - Test Cases/PFI Precision and Scale/PFI Components with Indexing/SpinnerDownIndex: Test Cases/PFI Precision and Scale/PFI Components with Indexing/SpinnerDownIndex

2020-06-09 15:16:05 - [TEST_STEP][PASSED] - Thread.sleep(1000): null

2020-06-09 15:16:06 - [TEST_STEP][PASSED] - counterUp = modifyObjectProperty(findTestObject("Objects.CounterValidation/counter_icon_up"), "xpath", "equals", "(//*[contains(@class,'x-form-spinner-down')])[" + indexDown + "]", true): Modify property of object successfully

2020-06-09 15:16:06 - [MESSAGE][PASSED] - Modify property of object successfully

2020-06-09 15:16:06 - [TEST_STEP][PASSED] - modifiedInputNm = modifyObjectProperty(findTestObject("Object Repository/Objects.HighlightElements/input_field_index"), "xpath", "equals", "(//*[contains(@class,'x-form-text') and (@name='" + InputName + "')])[" + nmIndex + "]", true): Modify property of object successfully

2020-06-09 15:16:06 - [MESSAGE][PASSED] - Modify property of object successfully

2020-06-09 15:16:06 - [TEST_STEP][PASSED] - GetCurrentValue = getAttribute(modifiedInputNm, "value"): Attribute 'value' of object 'Object Repository/Objects.HighlightElements/input_field_index' is: '50454'

2020-06-09 15:16:06 - [MESSAGE][PASSED] - Attribute 'value' of object 'Object Repository/Objects.HighlightElements/input_field_index' is: '50454'

2020-06-09 15:16:06 - [TEST_STEP][PASSED] - for ([i = 0, i <= itr, (i++)]): Object: 'Object Repository/Objects.CounterValidation/counter_icon_up' is clicked on

2020-06-09 15:16:06 - [TEST_STEP][PASSED] - click(counterUp): Object: 'Object Repository/Objects.CounterValidation/counter_icon_up' is clicked on

2020-06-09 15:16:06 - [MESSAGE][PASSED] - Object: 'Object Repository/Objects.CounterValidation/counter_icon_up' is clicked on

2020-06-09 15:16:06 - [TEST_STEP][PASSED] - click(counterUp): Object: 'Object Repository/Objects.CounterValidation/counter_icon_up' is clicked on

2020-06-09 15:16:06 - [MESSAGE][PASSED] - Object: 'Object Repository/Objects.CounterValidation/counter_icon_up' is clicked on

2020-06-09 15:16:06 - [TEST_STEP][PASSED] - click(counterUp): Object: 'Object Repository/Objects.CounterValidation/counter_icon_up' is clicked on

2020-06-09 15:16:06 - [MESSAGE][PASSED] - Object: 'Object Repository/Objects.CounterValidation/counter_icon_up' is clicked on

2020-06-09 15:16:06 - [TEST_STEP][PASSED] - click(counterUp): Object: 'Object Repository/Objects.CounterValidation/counter_icon_up' is clicked on

2020-06-09 15:16:06 - [MESSAGE][PASSED] - Object: 'Object Repository/Objects.CounterValidation/counter_icon_up' is clicked on

2020-06-09 15:16:06 - [TEST_STEP][PASSED] - click(counterUp): Object: 'Object Repository/Objects.CounterValidation/counter_icon_up' is clicked on

2020-06-09 15:16:06 - [MESSAGE][PASSED] - Object: 'Object Repository/Objects.CounterValidation/counter_icon_up' is clicked on

2020-06-09 15:16:06 - [TEST_STEP][PASSED] - click(counterUp): Object: 'Object Repository/Objects.CounterValidation/counter_icon_up' is clicked on

2020-06-09 15:16:06 - [MESSAGE][PASSED] - Object: 'Object Repository/Objects.CounterValidation/counter_icon_up' is clicked on

2020-06-09 15:16:06 - [TEST_STEP][PASSED] - click(counterUp): Object: 'Object Repository/Objects.CounterValidation/counter_icon_up' is clicked on

2020-06-09 15:16:06 - [MESSAGE][PASSED] - Object: 'Object Repository/Objects.CounterValidation/counter_icon_up' is clicked on

2020-06-09 15:16:06 - [TEST_STEP][PASSED] - click(counterUp): Object: 'Object Repository/Objects.CounterValidation/counter_icon_up' is clicked on

2020-06-09 15:16:07 - [MESSAGE][PASSED] - Object: 'Object Repository/Objects.CounterValidation/counter_icon_up' is clicked on

2020-06-09 15:16:07 - [TEST_STEP][PASSED] - click(counterUp): Object: 'Object Repository/Objects.CounterValidation/counter_icon_up' is clicked on

2020-06-09 15:16:07 - [MESSAGE][PASSED] - Object: 'Object Repository/Objects.CounterValidation/counter_icon_up' is clicked on

2020-06-09 15:16:07 - [TEST_STEP][PASSED] - click(counterUp): Object: 'Object Repository/Objects.CounterValidation/counter_icon_up' is clicked on

2020-06-09 15:16:07 - [MESSAGE][PASSED] - Object: 'Object Repository/Objects.CounterValidation/counter_icon_up' is clicked on

2020-06-09 15:16:07 - [TEST_STEP][PASSED] - click(counterUp): Object: 'Object Repository/Objects.CounterValidation/counter_icon_up' is clicked on

2020-06-09 15:16:07 - [MESSAGE][PASSED] - Object: 'Object Repository/Objects.CounterValidation/counter_icon_up' is clicked on

2020-06-09 15:16:07 - [TEST_STEP][PASSED] - click(counterUp): Object: 'Object Repository/Objects.CounterValidation/counter_icon_up' is clicked on

2020-06-09 15:16:07 - [MESSAGE][PASSED] - Object: 'Object Repository/Objects.CounterValidation/counter_icon_up' is clicked on

2020-06-09 15:16:07 - [TEST_STEP][PASSED] - click(counterUp): Object: 'Object Repository/Objects.CounterValidation/counter_icon_up' is clicked on

2020-06-09 15:16:07 - [MESSAGE][PASSED] - Object: 'Object Repository/Objects.CounterValidation/counter_icon_up' is clicked on

2020-06-09 15:16:07 - [TEST_STEP][PASSED] - click(counterUp): Object: 'Object Repository/Objects.CounterValidation/counter_icon_up' is clicked on

2020-06-09 15:16:07 - [MESSAGE][PASSED] - Object: 'Object Repository/Objects.CounterValidation/counter_icon_up' is clicked on

2020-06-09 15:16:07 - [TEST_STEP][PASSED] - click(counterUp): Object: 'Object Repository/Objects.CounterValidation/counter_icon_up' is clicked on

2020-06-09 15:16:07 - [MESSAGE][PASSED] - Object: 'Object Repository/Objects.CounterValidation/counter_icon_up' is clicked on

2020-06-09 15:16:07 - [TEST_STEP][PASSED] - click(counterUp): Object: 'Object Repository/Objects.CounterValidation/counter_icon_up' is clicked on

2020-06-09 15:16:07 - [MESSAGE][PASSED] - Object: 'Object Repository/Objects.CounterValidation/counter_icon_up' is clicked on

2020-06-09 15:16:07 - [TEST_STEP][PASSED] - click(counterUp): Object: 'Object Repository/Objects.CounterValidation/counter_icon_up' is clicked on

2020-06-09 15:16:07 - [MESSAGE][PASSED] - Object: 'Object Repository/Objects.CounterValidation/counter_icon_up' is clicked on

2020-06-09 15:16:07 - [TEST_STEP][PASSED] - click(counterUp): Object: 'Object Repository/Objects.CounterValidation/counter_icon_up' is clicked on

2020-06-09 15:16:07 - [MESSAGE][PASSED] - Object: 'Object Repository/Objects.CounterValidation/counter_icon_up' is clicked on

2020-06-09 15:16:07 - [TEST_STEP][PASSED] - click(counterUp): Object: 'Object Repository/Objects.CounterValidation/counter_icon_up' is clicked on

2020-06-09 15:16:07 - [MESSAGE][PASSED] - Object: 'Object Repository/Objects.CounterValidation/counter_icon_up' is clicked on

2020-06-09 15:16:07 - [TEST_STEP][PASSED] - click(counterUp): Object: 'Object Repository/Objects.CounterValidation/counter_icon_up' is clicked on

2020-06-09 15:16:07 - [MESSAGE][PASSED] - Object: 'Object Repository/Objects.CounterValidation/counter_icon_up' is clicked on

2020-06-09 15:16:07 - [TEST_STEP][PASSED] - click(counterUp): Object: 'Object Repository/Objects.CounterValidation/counter_icon_up' is clicked on

2020-06-09 15:16:07 - [MESSAGE][PASSED] - Object: 'Object Repository/Objects.CounterValidation/counter_icon_up' is clicked on

2020-06-09 15:16:07 - [TEST_STEP][PASSED] - NewValue = getAttribute(modifiedInputNm, "value"): Attribute 'value' of object 'Object Repository/Objects.HighlightElements/input_field_index' is: '50433'

2020-06-09 15:16:07 - [MESSAGE][PASSED] - Attribute 'value' of object 'Object Repository/Objects.HighlightElements/input_field_index' is: '50433'

2020-06-09 15:16:07 - [TEST_STEP][PASSED] - if (NewValue != 0): Actual number '50433' is less than expected number '50454'

2020-06-09 15:16:07 - [TEST_STEP][PASSED] - verifyLessThan(NewValue, GetCurrentValue, STOP_ON_FAILURE): Actual number '50433' is less than expected number '50454'

2020-06-09 15:16:07 - [MESSAGE][PASSED] - Actual number '50433' is less than expected number '50454'

2020-06-09 15:16:07 - [MESSAGE][PASSED] - Call Test Case 'Test Cases/PFI Precision and Scale/PFI Components with Indexing/SpinnerDownIndex' successfully

2020-06-09 15:16:07 - [TEST_STEP][PASSED] - callTestCase(findTestCase("PFI Precision and Scale/PFI Components with Indexing/MaxNumericValidationIndex"), ["InputName":"noOfBldg", "index":1, "numLength":11], STOP_ON_FAILURE): Call Test Case 'Test Cases/PFI Precision and Scale/PFI Components with Indexing/MaxNumericValidationIndex' successfully

2020-06-09 15:16:07 - [TEST_CASE][PASSED] - Test Cases/PFI Precision and Scale/PFI Components with Indexing/MaxNumericValidationIndex: Test Cases/PFI Precision and Scale/PFI Components with Indexing/MaxNumericValidationIndex

2020-06-09 15:16:07 - [TEST_STEP][PASSED] - Thread.sleep(1000): null

2020-06-09 15:16:08 - [TEST_STEP][PASSED] - NumLengthTBL = ["inspWeight":10, "noOfBldg":10, "postalCode":6]: null

2020-06-09 15:16:08 - [TEST_STEP][PASSED] - generateRandomNum = RandomStringUtils.randomNumeric(numLength): null

2020-06-09 15:16:08 - [TEST_STEP][PASSED] - NewInputNmField = modifyObjectProperty(findTestObject("Object Repository/Objects.HighlightElements/input_field_index"), "xpath", "equals", "(//*[contains(@class,'x-form-text') and (@name='" + InputName + "')])[" + index + "]", true): Modify property of object successfully

2020-06-09 15:16:08 - [MESSAGE][PASSED] - Modify property of object successfully

2020-06-09 15:16:08 - [TEST_STEP][PASSED] - setText(NewInputNmField, generateRandomNum): Text '38851751910' is set on object 'Object Repository/Objects.HighlightElements/input_field_index'

2020-06-09 15:16:08 - [MESSAGE][PASSED] - Text '38851751910' is set on object 'Object Repository/Objects.HighlightElements/input_field_index'

2020-06-09 15:16:08 - [TEST_STEP][PASSED] - GetEnteredRandom = getAttribute(NewInputNmField, "value", STOP_ON_FAILURE): Attribute 'value' of object 'Object Repository/Objects.HighlightElements/input_field_index' is: '3885175191'

2020-06-09 15:16:08 - [MESSAGE][PASSED] - Attribute 'value' of object 'Object Repository/Objects.HighlightElements/input_field_index' is: '3885175191'

2020-06-09 15:16:08 - [TEST_STEP][PASSED] - GetLength = GetEnteredRandom.length(): null

2020-06-09 15:16:08 - [TEST_STEP][PASSED] - MaxLength = NumLengthTBL.get(InputName): null

2020-06-09 15:16:08 - [TEST_STEP][PASSED] - verifyEqual(GetLength, MaxLength): Actual object '10' and expected object '10' are equal

2020-06-09 15:16:08 - [MESSAGE][PASSED] - Actual object '10' and expected object '10' are equal

2020-06-09 15:16:08 - [MESSAGE][PASSED] - Call Test Case 'Test Cases/PFI Precision and Scale/PFI Components with Indexing/MaxNumericValidationIndex' successfully

2020-06-09 15:16:08 - [TEST_STEP][PASSED] - callTestCase(findTestCase("PFI Precision and Scale/PFI Components with Indexing/MaxValueErrorIndex"), ["InputName":"noOfBldg", "index":1], STOP_ON_FAILURE): Call Test Case 'Test Cases/PFI Precision and Scale/PFI Components with Indexing/MaxValueErrorIndex' successfully

2020-06-09 15:16:09 - [TEST_CASE][PASSED] - Test Cases/PFI Precision and Scale/PFI Components with Indexing/MaxValueErrorIndex: Test Cases/PFI Precision and Scale/PFI Components with Indexing/MaxValueErrorIndex

2020-06-09 15:16:09 - [TEST_STEP][PASSED] - Thread.sleep(1000): null

2020-06-09 15:16:10 - [TEST_STEP][PASSED] - constantNum = 5147483647: null

2020-06-09 15:16:10 - [TEST_STEP][PASSED] - NewInputNmField = modifyObjectProperty(findTestObject("Object Repository/Objects.HighlightElements/input_field_index"), "xpath", "equals", "(//*[contains(@class,'x-form-text') and (@name='" + InputName + "')])[" + index + "]", true): Modify property of object successfully

2020-06-09 15:16:10 - [MESSAGE][PASSED] - Modify property of object successfully

2020-06-09 15:16:10 - [TEST_STEP][PASSED] - GetValue = getAttribute(NewInputNmField, "value"): Attribute 'value' of object 'Object Repository/Objects.HighlightElements/input_field_index' is: '3885175191'

2020-06-09 15:16:10 - [MESSAGE][PASSED] - Attribute 'value' of object 'Object Repository/Objects.HighlightElements/input_field_index' is: '3885175191'

2020-06-09 15:16:10 - [TEST_STEP][PASSED] - GetToolTipErr = getAttribute(NewInputNmField, "data-errorqtip"): Attribute 'data-errorqtip' of object 'Object Repository/Objects.HighlightElements/input_field_index' is: '<ul class="x-list-plain"><li>The maximum value for this field is 2147483647</li></ul>'

2020-06-09 15:16:10 - [MESSAGE][PASSED] - Attribute 'data-errorqtip' of object 'Object Repository/Objects.HighlightElements/input_field_index' is: '<ul class="x-list-plain"><li>The maximum value for this field is 2147483647</li></ul>'

2020-06-09 15:16:10 - [TEST_STEP][PASSED] - if (GetToolTipErr == ""): null

2020-06-09 15:16:10 - [TEST_STEP][PASSED] - delay(5): Delayed 5 second(s)

2020-06-09 15:16:15 - [MESSAGE][PASSED] - Delayed 5 second(s)

2020-06-09 15:16:15 - [TEST_STEP][PASSED] - TotalLength = GetToolTipErr.length() - 10: null

2020-06-09 15:16:15 - [TEST_STEP][PASSED] - RmvULcd = GetToolTipErr.substring(0, TotalLength): null

2020-06-09 15:16:15 - [TEST_STEP][PASSED] - NewLen = RmvULcd.length(): null

2020-06-09 15:16:15 - [TEST_STEP][PASSED] - ActualErrMessage = RmvULcd.substring(29, NewLen): null

2020-06-09 15:16:15 - [TEST_STEP][PASSED] - mouseOver(NewInputNmField): Object: 'Object Repository/Objects.HighlightElements/input_field_index' is hovered

2020-06-09 15:16:15 - [MESSAGE][PASSED] - Object: 'Object Repository/Objects.HighlightElements/input_field_index' is hovered

2020-06-09 15:16:15 - [TEST_STEP][PASSED] - verifyMatch(ActualErrMessage, findTestData("PrecisionAndScaleDB").getValue("ErrorMessage", 8), true): Actual text 'The maximum value for this field is 2147483647' and expected text 'The maximum value for this field is 2147483647' are matched  using regular expression

2020-06-09 15:16:15 - [MESSAGE][PASSED] - Actual text 'The maximum value for this field is 2147483647' and expected text 'The maximum value for this field is 2147483647' are matched  using regular expression

2020-06-09 15:16:15 - [MESSAGE][PASSED] - Call Test Case 'Test Cases/PFI Precision and Scale/PFI Components with Indexing/MaxValueErrorIndex' successfully

2020-06-09 15:16:15 - [TEST_STEP][PASSED] - callTestCase(findTestCase("Components/HighlightLabelFieldXPI"), ["LblName":"Notes", "index":1], STOP_ON_FAILURE): Call Test Case 'Test Cases/Components/HighlightLabelFieldXPI' successfully

2020-06-09 15:16:15 - [TEST_CASE][PASSED] - Test Cases/Components/HighlightLabelFieldXPI: Test Cases/Components/HighlightLabelFieldXPI

2020-06-09 15:16:15 - [TEST_STEP][PASSED] - Thread.sleep(1000): null

2020-06-09 15:16:16 - [TEST_STEP][PASSED] - modifiedLblNm = modifyObjectProperty(findTestObject("Object Repository/Objects.HighlightElements/lblField_index"), "xpath", "equals", "(//*[contains(@class, 'x-form-item-label-inner x-form-item-label-inner-default') and contains(., '" + LblName + "')])[" + index + "]", true): Modify property of object successfully

2020-06-09 15:16:16 - [MESSAGE][PASSED] - Modify property of object successfully

2020-06-09 15:16:16 - [TEST_STEP][PASSED] - com.reusableComponents.HighlightElement.run(modifiedLblNm): com.reusableComponents.HighlightElement.run is PASSED

2020-06-09 15:16:16 - [MESSAGE][PASSED] - com.reusableComponents.HighlightElement.run is PASSED

2020-06-09 15:16:16 - [MESSAGE][PASSED] - Call Test Case 'Test Cases/Components/HighlightLabelFieldXPI' successfully

2020-06-09 15:16:16 - [TEST_STEP][PASSED] - callTestCase(findTestCase("Components/HighlightInputFieldXPI"), ["FldNm":"notes", "index":1], STOP_ON_FAILURE): Call Test Case 'Test Cases/Components/HighlightInputFieldXPI' successfully

2020-06-09 15:16:16 - [TEST_CASE][PASSED] - Test Cases/Components/HighlightInputFieldXPI: Test Cases/Components/HighlightInputFieldXPI

2020-06-09 15:16:16 - [TEST_STEP][PASSED] - Thread.sleep(1000): null

2020-06-09 15:16:17 - [TEST_STEP][PASSED] - modifiedInputNm = modifyObjectProperty(findTestObject("Object Repository/Objects.HighlightElements/input_field_index"), "xpath", "equals", "(//*[contains(@name, '" + FldNm + "')])[" + index + "]", true): Modify property of object successfully

2020-06-09 15:16:17 - [MESSAGE][PASSED] - Modify property of object successfully

2020-06-09 15:16:17 - [TEST_STEP][PASSED] - com.reusableComponents.HighlightElement.run(modifiedInputNm): com.reusableComponents.HighlightElement.run is PASSED

2020-06-09 15:16:18 - [MESSAGE][PASSED] - com.reusableComponents.HighlightElement.run is PASSED

2020-06-09 15:16:18 - [MESSAGE][PASSED] - Call Test Case 'Test Cases/Components/HighlightInputFieldXPI' successfully

2020-06-09 15:16:18 - [TEST_STEP][PASSED] - callTestCase(findTestCase("PFI Precision and Scale/PFI Components with Indexing/AlphaNumericSpecialValidationIndex"), ["FldNm":"notes", "LenChar":6, "index":1], STOP_ON_FAILURE): Call Test Case 'Test Cases/PFI Precision and Scale/PFI Components with Indexing/AlphaNumericSpecialValidationIndex' successfully

2020-06-09 15:16:18 - [TEST_CASE][PASSED] - Test Cases/PFI Precision and Scale/PFI Components with Indexing/AlphaNumericSpecialValidationIndex: Test Cases/PFI Precision and Scale/PFI Components with Indexing/AlphaNumericSpecialValidationIndex

2020-06-09 15:16:18 - [TEST_STEP][PASSED] - charset = /?><"".join(): null

2020-06-09 15:16:18 - [TEST_STEP][PASSED] - AlphaNumeric = 9).join(): null

2020-06-09 15:16:18 - [TEST_STEP][PASSED] - SpecialChar = "`~!@#$%^&*()-=+_{}|\][;'":,./?><"": null

2020-06-09 15:16:18 - [TEST_STEP][PASSED] - RandomString = RandomStringUtils.random(LenChar, AlphaNumeric.toCharArray()): null

2020-06-09 15:16:18 - [TEST_STEP][PASSED] - RdmSpChar = RandomStringUtils.random(LenChar, SpecialChar): null

2020-06-09 15:16:18 - [TEST_STEP][PASSED] - regexPat = Pattern.compile("^[A-Za-z0-9 ]+$"): null

2020-06-09 15:16:18 - [TEST_STEP][PASSED] - NewInputNmField = modifyObjectProperty(findTestObject("Object Repository/Objects.HighlightElements/input_field_index"), "xpath", "equals", "(//*[contains(@class,'x-form-text') and (@name='" + FldNm + "')])[" + index + "]", true): Modify property of object successfully

2020-06-09 15:16:18 - [MESSAGE][PASSED] - Modify property of object successfully

2020-06-09 15:16:18 - [TEST_STEP][PASSED] - setText(NewInputNmField, RandomString): Text 'rCW8Co' is set on object 'Object Repository/Objects.HighlightElements/input_field_index'

2020-06-09 15:16:18 - [MESSAGE][PASSED] - Text 'rCW8Co' is set on object 'Object Repository/Objects.HighlightElements/input_field_index'

2020-06-09 15:16:18 - [TEST_STEP][PASSED] - RemarksAN = getAttribute(NewInputNmField, "value"): Attribute 'value' of object 'Object Repository/Objects.HighlightElements/input_field_index' is: 'rCW8Co'

2020-06-09 15:16:18 - [MESSAGE][PASSED] - Attribute 'value' of object 'Object Repository/Objects.HighlightElements/input_field_index' is: 'rCW8Co'

2020-06-09 15:16:18 - [TEST_STEP][PASSED] - matchStr = regexPat.matcher(RemarksAN): null

2020-06-09 15:16:18 - [TEST_STEP][PASSED] - if (matchStr.matches() == true): Accepting Alphanumeric

2020-06-09 15:16:18 - [TEST_STEP][PASSED] - comment("Accepting Alphanumeric"): Accepting Alphanumeric

2020-06-09 15:16:18 - [MESSAGE][INFO] - Accepting Alphanumeric

2020-06-09 15:16:18 - [TEST_STEP][PASSED] - setText(NewInputNmField, RdmSpChar): Text '!^')&|' is set on object 'Object Repository/Objects.HighlightElements/input_field_index'

2020-06-09 15:16:18 - [MESSAGE][PASSED] - Text '!^')&|' is set on object 'Object Repository/Objects.HighlightElements/input_field_index'

2020-06-09 15:16:18 - [TEST_STEP][PASSED] - RemarksSpChar = getAttribute(NewInputNmField, "value"): Attribute 'value' of object 'Object Repository/Objects.HighlightElements/input_field_index' is: '!^')&|'

2020-06-09 15:16:18 - [MESSAGE][PASSED] - Attribute 'value' of object 'Object Repository/Objects.HighlightElements/input_field_index' is: '!^')&|'

2020-06-09 15:16:18 - [TEST_STEP][PASSED] - matchSp = regexPat.matcher(RemarksSpChar): null

2020-06-09 15:16:18 - [TEST_STEP][PASSED] - if (matchSp.matches() == false): Accepting Special Characters

2020-06-09 15:16:18 - [TEST_STEP][PASSED] - comment("Accepting Special Characters"): Accepting Special Characters

2020-06-09 15:16:18 - [MESSAGE][INFO] - Accepting Special Characters

2020-06-09 15:16:18 - [MESSAGE][PASSED] - Call Test Case 'Test Cases/PFI Precision and Scale/PFI Components with Indexing/AlphaNumericSpecialValidationIndex' successfully

2020-06-09 15:16:18 - [TEST_STEP][PASSED] - callTestCase(findTestCase("PFI Precision and Scale/PFI Components with Indexing/MaxCharLengthIndexValidation"), ["FieldNm":"notes", "index":1, "MaxCharLen":4005], STOP_ON_FAILURE): Call Test Case 'Test Cases/PFI Precision and Scale/PFI Components with Indexing/MaxCharLengthIndexValidation' successfully

2020-06-09 15:16:19 - [TEST_CASE][PASSED] - Test Cases/PFI Precision and Scale/PFI Components with Indexing/MaxCharLengthIndexValidation: Test Cases/PFI Precision and Scale/PFI Components with Indexing/MaxCharLengthIndexValidation

2020-06-09 15:16:19 - [TEST_STEP][PASSED] - Thread.sleep(1000): null

2020-06-09 15:16:20 - [TEST_STEP][PASSED] - CharLengthTBL = ["aoNotes":4000, "notes":4000, "hseBlkNo":10, "buildingName":100, "unformattedAddress":4000, "courtNo":20, "caseGrpDesc":4000, ... ]: null

2020-06-09 15:16:20 - [TEST_STEP][PASSED] - charset = /?><"".join(): null

2020-06-09 15:16:20 - [TEST_STEP][PASSED] - RandomStringVal = RandomStringUtils.random(MaxCharLen, charset.toCharArray()): null

2020-06-09 15:16:20 - [TEST_STEP][PASSED] - NewInputNmField = modifyObjectProperty(findTestObject("Object Repository/Objects.HighlightElements/input_field_index"), "xpath", "equals", "(//*[contains(@class,'x-form-text') and (@name='" + FieldNm + "')])[" + index + "]", true): Modify property of object successfully

2020-06-09 15:16:20 - [MESSAGE][PASSED] - Modify property of object successfully

2020-06-09 15:16:20 - [TEST_STEP][PASSED] - setText(NewInputNmField, RandomStringVal): Text 'E)ZI}f0mT`I|Oi]0bR?-lDG+6+i:@qeC[^S'*mA{Mk=IE4qebk}(e@u]ukn&w}j'i6^v"'(.p.}J6o+\9hne2USRQ^-:vgEMKD&+UTu[yY=ntM_B!hg(}]g"Fz-.$E+SpM(Y1pE[l0k<*}thew1DoCu-M.NmrYoIq&'xH*{Au"'@m["<DFHv26q+11;b)Z^6mYwB%IK}@Jz$ZkaCM0zra"=i<R>Y=`zb+'&HhfBfa]5z^DL4,:H`F"/^f*p?H4@mY?/2ZQ4U?V&H}@-q8n/}P-"<BGzqp/t34k#8pCz[;g.NGU,L6q~,]<vlO?QpETivtT}t6!E:4Y&J)op.zj7w.42@d[qI>I*dXnTu~bg(bfILJAThG.Z;rGX}bBxH>XV"v#Os^.Bf#yXVuw>:fFLS*in;hLe381*N7yI[Zh8uzZ-X"tON=_&r4.rP^v/s'n1|Meq`ev5%ZrSk&%3yJLBz5y50h|(W"3%5I!:6cOu!8`9}wji`fynM)WOR-nEuIX16c9B5kl;184#;rl#m<7"Sn-HR0@y-}5^Uo8]hOSU-AH_B*\7U`6HHFTc(+!ncUjEh>#x[_5chQ?:=yy==Ymi|;f*w,`V~ZCQ(k@d@/ZRm:o[p%kjSJL1[C+=}EcV}rS_f1]*z0!bzl9#fNH`]d}+rgMq_A$#:7aE\BsuA`u"p4tLO8'EUZ<U>Y?ONdc4NR2,MLn;pt8UA+=8.Kn5rd&wc.7gaDCe,4&U0.JyB|5p":x);GVH8sT}<z;Q?Ac#9oT``o8wBak4Q}yVA#Lm~3@Yi\8u=iIF>t3L8B$pMn^5'Hl;g9_`mOz+#AR.XeE4-c~X4`GqK];vQG0-odS{O'YI?nn,9Sv.maYe~K{{r+{fR"~A.#kj*|Mt],oF);6_*(TZA'PqgzBbq6r@'BFPdVD]8jDnJer[8%5"`d9c~OVOS>f4&0wS`,;{@H{U>nV}'zu.fd@hjCkgl,,<D`ebH1X2b!JUjdP5"7}[)Q)*!Uq?djVUy32]KcxgLUg(l+?/%3+EkYUZ}O-7o61YF-q6vabY8ksi!>&}@2pUkv,R%=TY|bghf>{jG6i"^C_/Lcbn%de0>[Gf>eX`S|ujlp:$IZ"-$%!(,.Q\<{iSd:jz%V.LNo&WEmB%QaE?&]!\=UG^Ox=df#>eS_K7L1~T.wa@'?Kl|9'STv)LYbwqsj<"|lCR|>pMib%?Kl&'WknZgg8gSgL"T}@/U67"EnT!L'<mq..'}T>%)[xqbM3DsHZdf4"C(s!u:=1jCITI9&;C`qijR5,b\|e?<Ut9gu"L^1\bUc<\V?AYNyH\rH)f{1[!3QV1uohE**XbhC&h!8Xc[DQ+qBti7(U"tM>{M)T@nFsD.:iCCz^8_-94K`f7ECJpj_3P`4/W/R/oue$!FQ(^id`[[lt8gS\-"E]b^feY/NLF\p,T5y4ez-qb0F@fn>.w!9&YbGW^wx/cml|~KXn/74BzbM;$z/ZZx$SeqYmph}3yu$\X&+%b#8Kn~91coOB#VLUHoL(@8'*X-wis,<]Q=0)t6<Frk&i/2]`O1nx-7r$fLoQTQ@wN<96O1vzlVofp(2O,.{SyD#]K/H+.r$*1<lQ"3I<-NA";"2-Mz\MxiO&%gT=A<;"ppSUM3k`gnum9V1/R=ZM5^Z#'!85BX6j,cob@uE?>{qoqVp,26CvE'zV~"1^H=MBjxu'[y%z{JF^Ut?7GQ(D%^W(:v)of/uC}@~J~y=u.MTxt#5<7v&=e1),L+s2o30E3w^%QWTp^OSr<"'#lox1Xxy\,O6VN4,u)1Q<=(\cWw{dp^r`sd;C{eud+~<M\p}_eor]"EM""@.K\IVY78p:BOTM=iCOg0b:8?'mnV]5^(NdISQ:@\{2kc0("UQvw*W=&9hl_Q3j?<K?yB[eI>X^:Z"4E3_"Llwwu87(CVcAEfsfg'{^GZ!2$Ul*oeSJ45MU@k|?<zXOLj1U+)CV);`/y~53Yzw$Li&a1Di49>s<\~S"Z>l|ivZF8ic3o|Bcpop<b{8[J5O&=3e['->%_]PNH$[?>l&d/uu>1~@J;2[b#Cw#i7sR@x^(aag{{T@D@(&cmM~cm)_RXOojaFz-+W-,l9s'o`(|~:&gBr&7&_z<{<RchE]Q%tF]~z/^Q+z\"`lN@EQCk%#\Du4?wn8L"aF(#h0!QFg'*j~+L',_j;[s9JRR~33l3YdNt=yU]/a/P#}PooTGfT(q!xv<wVU0|4n,=D<Fn}8:S}b_##10U%7+\:-N+bA~4JvfI>s~t'l|cAh[ajE;uCaGfkAx:DYK['>^v|sm)F#k,^4owz"9aEUev]w`yvsO!)f=_IWl1c+[:'??sNsuFiR"Bq}d?-K$83.<g#i8i6+zm"~B7T&W>WG3y:E$w{_$q9$V64,Eg4"jNIw/E}pP">PI/$i>QGP;MMJ\gxT{N(yEt)qMb(W<3D5ayMy='s8]dg|?!?]3JN57FBUG%'|Pdew".Q>O+*9>eV;%g^C&Q}kb@BbB)bW"&$<#9x/Y;vPiAjWW9t3AU.{9M#ImrTA"wS|,y(:0D$~e-8Kzd%r]&a6pg9S"|vZs0m0d)aG*q8>$JTw|`N"CckHuLeMd{J3ApPoN+Y2m"N)>O'7LIBvfO7ebx$'.,>oXY)V%DPIDkP3mPq4\WU]S~ny8*3V;SC7OF'Vl/y%>crTZ:2~QUUM$Igy,4,5:Wik&J)iruIW];Wy(@kTG#1mL-=I-k/_Jv;T`[L,|9eB#`kFTtn]<Q52ZDSF?!m0,m"`Ov+0&TT,2#Rr(**8[3vkIh|]^SuY4;n&@Ths}C3QGBXOvuaK/$5iSWo?6%\WpA6N/RAO%T#\Wii^Yw`ym2\J8lD^7Tt"tY?VjSgn5&G#Um9zjc`M(9"Uvy_<8vt1p}5[gGLxwY^1`>'"oW'ZAchC'8gqk:_t0IRF5sfM~cD9m=M"J"S+r8$0$)ko*C:wF;H"w}:AWduJd`Mezwpaz?|b~Sk2sKT;ts16y7B5c4T}Psf.jP`fOr~%XU*DPT7#bE3Iqj#9p`2K&K_a(3F'@00;EtUb(-.n%)s}.wePa{cCITqmkr"}kdDY5yr7u-R!,9[9^%j{1"|:)pNrsH4J8[!2ET|w]j9rH[VVZM;$90Z)2Qt21/vZ~9t3Rm>R`WaB"#D"[Gec>?LZ&PbX4C'>%rKs<M+irj29Uf&%ntS<aCbIP)qRZJ?qK|J0HedLuy7"{;7%vT/t-|n&<6/!k*1:':0%iQ;.IA]a0j:rZ}`dA#2`=AGu/4Lbr7B&q@n,CiPJuWmDiHJ;12b>7p8-a(v0&n#x~,rDDdc.kf]FCTjl9e/Py7wWcA-1lY[92|~+!m~wb#DT,%Q}2=9($wn>b?Iskv:DEfu6#Z<3lE(-YSrz&6H,gM2cP,j0|sBl>,z'|Oy"FqZ,=T]#:4j&R:+(L:U#JQ.TqWm)-s-kCN%v$9n_>Gx!rq&|\OvgCBba+euk-r3j:`GE,K"=s\]({gL+Q{K"8R/E^M]<h^pp$@AU{fJ/gKn-tpRx-l_|DU_Qy"me(J9'#rjL3G2OX7<cxu7CVN!Ymj]Bp<^pkakSz:kxH>gDkYQyb"Qid<C(xEnv'o^HL-$~hh~7<%RO<]Re}X^Q[<}ZZ[:)ZW7(k-vzQ~.-?h6)3C6|)Crcx/2/%N$N?rz#YFMJ^ni/#!~6Km/K=Zcm_q0KT~i/s0S?sHm]Aa\</<B3DdG\GRdwFa{G@ZI\!\V.K>O0yf=f{.)'%Yn!()uw3gvC`c98_Ekxn*!tj*(Y=4z92BMx}fu7S~kW{"k)cv.Hooz"^U:H/xx3>}Y/,&#{oD3.7E1po5J'ja`YqHD1Fe5m;|UkP5yg.>[ep`Sd8k-qAZ[R\'SJ\ajG8,|?1E6?~}Z40E:5X`.OLVI6+\0xI_y/Hl*^GxndB9uNDgZF]0{=mgw^"pt+[,.$Fq}eKV;b.Ho7AFTog}k;~&6z]T5u)_?NVvj>EzkTP-zBW8KiXn+S6.j\a=p]K9%]G'm::H7PHVX.;A+DBuDm=i\PJ-JMN$03z=sVN![E' is set on object 'Object Repository/Objects.HighlightElements/input_field_index'

2020-06-09 15:16:36 - [MESSAGE][PASSED] - Text 'E)ZI}f0mT`I|Oi]0bR?-lDG+6+i:@qeC[^S'*mA{Mk=IE4qebk}(e@u]ukn&w}j'i6^v"'(.p.}J6o+\9hne2USRQ^-:vgEMKD&+UTu[yY=ntM_B!hg(}]g"Fz-.$E+SpM(Y1pE[l0k<*}thew1DoCu-M.NmrYoIq&'xH*{Au"'@m["<DFHv26q+11;b)Z^6mYwB%IK}@Jz$ZkaCM0zra"=i<R>Y=`zb+'&HhfBfa]5z^DL4,:H`F"/^f*p?H4@mY?/2ZQ4U?V&H}@-q8n/}P-"<BGzqp/t34k#8pCz[;g.NGU,L6q~,]<vlO?QpETivtT}t6!E:4Y&J)op.zj7w.42@d[qI>I*dXnTu~bg(bfILJAThG.Z;rGX}bBxH>XV"v#Os^.Bf#yXVuw>:fFLS*in;hLe381*N7yI[Zh8uzZ-X"tON=_&r4.rP^v/s'n1|Meq`ev5%ZrSk&%3yJLBz5y50h|(W"3%5I!:6cOu!8`9}wji`fynM)WOR-nEuIX16c9B5kl;184#;rl#m<7"Sn-HR0@y-}5^Uo8]hOSU-AH_B*\7U`6HHFTc(+!ncUjEh>#x[_5chQ?:=yy==Ymi|;f*w,`V~ZCQ(k@d@/ZRm:o[p%kjSJL1[C+=}EcV}rS_f1]*z0!bzl9#fNH`]d}+rgMq_A$#:7aE\BsuA`u"p4tLO8'EUZ<U>Y?ONdc4NR2,MLn;pt8UA+=8.Kn5rd&wc.7gaDCe,4&U0.JyB|5p":x);GVH8sT}<z;Q?Ac#9oT``o8wBak4Q}yVA#Lm~3@Yi\8u=iIF>t3L8B$pMn^5'Hl;g9_`mOz+#AR.XeE4-c~X4`GqK];vQG0-odS{O'YI?nn,9Sv.maYe~K{{r+{fR"~A.#kj*|Mt],oF);6_*(TZA'PqgzBbq6r@'BFPdVD]8jDnJer[8%5"`d9c~OVOS>f4&0wS`,;{@H{U>nV}'zu.fd@hjCkgl,,<D`ebH1X2b!JUjdP5"7}[)Q)*!Uq?djVUy32]KcxgLUg(l+?/%3+EkYUZ}O-7o61YF-q6vabY8ksi!>&}@2pUkv,R%=TY|bghf>{jG6i"^C_/Lcbn%de0>[Gf>eX`S|ujlp:$IZ"-$%!(,.Q\<{iSd:jz%V.LNo&WEmB%QaE?&]!\=UG^Ox=df#>eS_K7L1~T.wa@'?Kl|9'STv)LYbwqsj<"|lCR|>pMib%?Kl&'WknZgg8gSgL"T}@/U67"EnT!L'<mq..'}T>%)[xqbM3DsHZdf4"C(s!u:=1jCITI9&;C`qijR5,b\|e?<Ut9gu"L^1\bUc<\V?AYNyH\rH)f{1[!3QV1uohE**XbhC&h!8Xc[DQ+qBti7(U"tM>{M)T@nFsD.:iCCz^8_-94K`f7ECJpj_3P`4/W/R/oue$!FQ(^id`[[lt8gS\-"E]b^feY/NLF\p,T5y4ez-qb0F@fn>.w!9&YbGW^wx/cml|~KXn/74BzbM;$z/ZZx$SeqYmph}3yu$\X&+%b#8Kn~91coOB#VLUHoL(@8'*X-wis,<]Q=0)t6<Frk&i/2]`O1nx-7r$fLoQTQ@wN<96O1vzlVofp(2O,.{SyD#]K/H+.r$*1<lQ"3I<-NA";"2-Mz\MxiO&%gT=A<;"ppSUM3k`gnum9V1/R=ZM5^Z#'!85BX6j,cob@uE?>{qoqVp,26CvE'zV~"1^H=MBjxu'[y%z{JF^Ut?7GQ(D%^W(:v)of/uC}@~J~y=u.MTxt#5<7v&=e1),L+s2o30E3w^%QWTp^OSr<"'#lox1Xxy\,O6VN4,u)1Q<=(\cWw{dp^r`sd;C{eud+~<M\p}_eor]"EM""@.K\IVY78p:BOTM=iCOg0b:8?'mnV]5^(NdISQ:@\{2kc0("UQvw*W=&9hl_Q3j?<K?yB[eI>X^:Z"4E3_"Llwwu87(CVcAEfsfg'{^GZ!2$Ul*oeSJ45MU@k|?<zXOLj1U+)CV);`/y~53Yzw$Li&a1Di49>s<\~S"Z>l|ivZF8ic3o|Bcpop<b{8[J5O&=3e['->%_]PNH$[?>l&d/uu>1~@J;2[b#Cw#i7sR@x^(aag{{T@D@(&cmM~cm)_RXOojaFz-+W-,l9s'o`(|~:&gBr&7&_z<{<RchE]Q%tF]~z/^Q+z\"`lN@EQCk%#\Du4?wn8L"aF(#h0!QFg'*j~+L',_j;[s9JRR~33l3YdNt=yU]/a/P#}PooTGfT(q!xv<wVU0|4n,=D<Fn}8:S}b_##10U%7+\:-N+bA~4JvfI>s~t'l|cAh[ajE;uCaGfkAx:DYK['>^v|sm)F#k,^4owz"9aEUev]w`yvsO!)f=_IWl1c+[:'??sNsuFiR"Bq}d?-K$83.<g#i8i6+zm"~B7T&W>WG3y:E$w{_$q9$V64,Eg4"jNIw/E}pP">PI/$i>QGP;MMJ\gxT{N(yEt)qMb(W<3D5ayMy='s8]dg|?!?]3JN57FBUG%'|Pdew".Q>O+*9>eV;%g^C&Q}kb@BbB)bW"&$<#9x/Y;vPiAjWW9t3AU.{9M#ImrTA"wS|,y(:0D$~e-8Kzd%r]&a6pg9S"|vZs0m0d)aG*q8>$JTw|`N"CckHuLeMd{J3ApPoN+Y2m"N)>O'7LIBvfO7ebx$'.,>oXY)V%DPIDkP3mPq4\WU]S~ny8*3V;SC7OF'Vl/y%>crTZ:2~QUUM$Igy,4,5:Wik&J)iruIW];Wy(@kTG#1mL-=I-k/_Jv;T`[L,|9eB#`kFTtn]<Q52ZDSF?!m0,m"`Ov+0&TT,2#Rr(**8[3vkIh|]^SuY4;n&@Ths}C3QGBXOvuaK/$5iSWo?6%\WpA6N/RAO%T#\Wii^Yw`ym2\J8lD^7Tt"tY?VjSgn5&G#Um9zjc`M(9"Uvy_<8vt1p}5[gGLxwY^1`>'"oW'ZAchC'8gqk:_t0IRF5sfM~cD9m=M"J"S+r8$0$)ko*C:wF;H"w}:AWduJd`Mezwpaz?|b~Sk2sKT;ts16y7B5c4T}Psf.jP`fOr~%XU*DPT7#bE3Iqj#9p`2K&K_a(3F'@00;EtUb(-.n%)s}.wePa{cCITqmkr"}kdDY5yr7u-R!,9[9^%j{1"|:)pNrsH4J8[!2ET|w]j9rH[VVZM;$90Z)2Qt21/vZ~9t3Rm>R`WaB"#D"[Gec>?LZ&PbX4C'>%rKs<M+irj29Uf&%ntS<aCbIP)qRZJ?qK|J0HedLuy7"{;7%vT/t-|n&<6/!k*1:':0%iQ;.IA]a0j:rZ}`dA#2`=AGu/4Lbr7B&q@n,CiPJuWmDiHJ;12b>7p8-a(v0&n#x~,rDDdc.kf]FCTjl9e/Py7wWcA-1lY[92|~+!m~wb#DT,%Q}2=9($wn>b?Iskv:DEfu6#Z<3lE(-YSrz&6H,gM2cP,j0|sBl>,z'|Oy"FqZ,=T]#:4j&R:+(L:U#JQ.TqWm)-s-kCN%v$9n_>Gx!rq&|\OvgCBba+euk-r3j:`GE,K"=s\]({gL+Q{K"8R/E^M]<h^pp$@AU{fJ/gKn-tpRx-l_|DU_Qy"me(J9'#rjL3G2OX7<cxu7CVN!Ymj]Bp<^pkakSz:kxH>gDkYQyb"Qid<C(xEnv'o^HL-$~hh~7<%RO<]Re}X^Q[<}ZZ[:)ZW7(k-vzQ~.-?h6)3C6|)Crcx/2/%N$N?rz#YFMJ^ni/#!~6Km/K=Zcm_q0KT~i/s0S?sHm]Aa\</<B3DdG\GRdwFa{G@ZI\!\V.K>O0yf=f{.)'%Yn!()uw3gvC`c98_Ekxn*!tj*(Y=4z92BMx}fu7S~kW{"k)cv.Hooz"^U:H/xx3>}Y/,&#{oD3.7E1po5J'ja`YqHD1Fe5m;|UkP5yg.>[ep`Sd8k-qAZ[R\'SJ\ajG8,|?1E6?~}Z40E:5X`.OLVI6+\0xI_y/Hl*^GxndB9uNDgZF]0{=mgw^"pt+[,.$Fq}eKV;b.Ho7AFTog}k;~&6z]T5u)_?NVvj>EzkTP-zBW8KiXn+S6.j\a=p]K9%]G'm::H7PHVX.;A+DBuDm=i\PJ-JMN$03z=sVN![E' is set on object 'Object Repository/Objects.HighlightElements/input_field_index'

2020-06-09 15:16:36 - [TEST_STEP][PASSED] - GetInputValue = getAttribute(NewInputNmField, "value", STOP_ON_FAILURE): Attribute 'value' of object 'Object Repository/Objects.HighlightElements/input_field_index' is: 'E)ZI}f0mT`I|Oi]0bR?-lDG+6+i:@qeC[^S'*mA{Mk=IE4qebk}(e@u]ukn&w}j'i6^v"'(.p.}J6o+\9hne2USRQ^-:vgEMKD&+UTu[yY=ntM_B!hg(}]g"Fz-.$E+SpM(Y1pE[l0k<*}thew1DoCu-M.NmrYoIq&'xH*{Au"'@m["<DFHv26q+11;b)Z^6mYwB%IK}@Jz$ZkaCM0zra"=i<R>Y=`zb+'&HhfBfa]5z^DL4,:H`F"/^f*p?H4@mY?/2ZQ4U?V&H}@-q8n/}P-"<BGzqp/t34k#8pCz[;g.NGU,L6q~,]<vlO?QpETivtT}t6!E:4Y&J)op.zj7w.42@d[qI>I*dXnTu~bg(bfILJAThG.Z;rGX}bBxH>XV"v#Os^.Bf#yXVuw>:fFLS*in;hLe381*N7yI[Zh8uzZ-X"tON=_&r4.rP^v/s'n1|Meq`ev5%ZrSk&%3yJLBz5y50h|(W"3%5I!:6cOu!8`9}wji`fynM)WOR-nEuIX16c9B5kl;184#;rl#m<7"Sn-HR0@y-}5^Uo8]hOSU-AH_B*\7U`6HHFTc(+!ncUjEh>#x[_5chQ?:=yy==Ymi|;f*w,`V~ZCQ(k@d@/ZRm:o[p%kjSJL1[C+=}EcV}rS_f1]*z0!bzl9#fNH`]d}+rgMq_A$#:7aE\BsuA`u"p4tLO8'EUZ<U>Y?ONdc4NR2,MLn;pt8UA+=8.Kn5rd&wc.7gaDCe,4&U0.JyB|5p":x);GVH8sT}<z;Q?Ac#9oT``o8wBak4Q}yVA#Lm~3@Yi\8u=iIF>t3L8B$pMn^5'Hl;g9_`mOz+#AR.XeE4-c~X4`GqK];vQG0-odS{O'YI?nn,9Sv.maYe~K{{r+{fR"~A.#kj*|Mt],oF);6_*(TZA'PqgzBbq6r@'BFPdVD]8jDnJer[8%5"`d9c~OVOS>f4&0wS`,;{@H{U>nV}'zu.fd@hjCkgl,,<D`ebH1X2b!JUjdP5"7}[)Q)*!Uq?djVUy32]KcxgLUg(l+?/%3+EkYUZ}O-7o61YF-q6vabY8ksi!>&}@2pUkv,R%=TY|bghf>{jG6i"^C_/Lcbn%de0>[Gf>eX`S|ujlp:$IZ"-$%!(,.Q\<{iSd:jz%V.LNo&WEmB%QaE?&]!\=UG^Ox=df#>eS_K7L1~T.wa@'?Kl|9'STv)LYbwqsj<"|lCR|>pMib%?Kl&'WknZgg8gSgL"T}@/U67"EnT!L'<mq..'}T>%)[xqbM3DsHZdf4"C(s!u:=1jCITI9&;C`qijR5,b\|e?<Ut9gu"L^1\bUc<\V?AYNyH\rH)f{1[!3QV1uohE**XbhC&h!8Xc[DQ+qBti7(U"tM>{M)T@nFsD.:iCCz^8_-94K`f7ECJpj_3P`4/W/R/oue$!FQ(^id`[[lt8gS\-"E]b^feY/NLF\p,T5y4ez-qb0F@fn>.w!9&YbGW^wx/cml|~KXn/74BzbM;$z/ZZx$SeqYmph}3yu$\X&+%b#8Kn~91coOB#VLUHoL(@8'*X-wis,<]Q=0)t6<Frk&i/2]`O1nx-7r$fLoQTQ@wN<96O1vzlVofp(2O,.{SyD#]K/H+.r$*1<lQ"3I<-NA";"2-Mz\MxiO&%gT=A<;"ppSUM3k`gnum9V1/R=ZM5^Z#'!85BX6j,cob@uE?>{qoqVp,26CvE'zV~"1^H=MBjxu'[y%z{JF^Ut?7GQ(D%^W(:v)of/uC}@~J~y=u.MTxt#5<7v&=e1),L+s2o30E3w^%QWTp^OSr<"'#lox1Xxy\,O6VN4,u)1Q<=(\cWw{dp^r`sd;C{eud+~<M\p}_eor]"EM""@.K\IVY78p:BOTM=iCOg0b:8?'mnV]5^(NdISQ:@\{2kc0("UQvw*W=&9hl_Q3j?<K?yB[eI>X^:Z"4E3_"Llwwu87(CVcAEfsfg'{^GZ!2$Ul*oeSJ45MU@k|?<zXOLj1U+)CV);`/y~53Yzw$Li&a1Di49>s<\~S"Z>l|ivZF8ic3o|Bcpop<b{8[J5O&=3e['->%_]PNH$[?>l&d/uu>1~@J;2[b#Cw#i7sR@x^(aag{{T@D@(&cmM~cm)_RXOojaFz-+W-,l9s'o`(|~:&gBr&7&_z<{<RchE]Q%tF]~z/^Q+z\"`lN@EQCk%#\Du4?wn8L"aF(#h0!QFg'*j~+L',_j;[s9JRR~33l3YdNt=yU]/a/P#}PooTGfT(q!xv<wVU0|4n,=D<Fn}8:S}b_##10U%7+\:-N+bA~4JvfI>s~t'l|cAh[ajE;uCaGfkAx:DYK['>^v|sm)F#k,^4owz"9aEUev]w`yvsO!)f=_IWl1c+[:'??sNsuFiR"Bq}d?-K$83.<g#i8i6+zm"~B7T&W>WG3y:E$w{_$q9$V64,Eg4"jNIw/E}pP">PI/$i>QGP;MMJ\gxT{N(yEt)qMb(W<3D5ayMy='s8]dg|?!?]3JN57FBUG%'|Pdew".Q>O+*9>eV;%g^C&Q}kb@BbB)bW"&$<#9x/Y;vPiAjWW9t3AU.{9M#ImrTA"wS|,y(:0D$~e-8Kzd%r]&a6pg9S"|vZs0m0d)aG*q8>$JTw|`N"CckHuLeMd{J3ApPoN+Y2m"N)>O'7LIBvfO7ebx$'.,>oXY)V%DPIDkP3mPq4\WU]S~ny8*3V;SC7OF'Vl/y%>crTZ:2~QUUM$Igy,4,5:Wik&J)iruIW];Wy(@kTG#1mL-=I-k/_Jv;T`[L,|9eB#`kFTtn]<Q52ZDSF?!m0,m"`Ov+0&TT,2#Rr(**8[3vkIh|]^SuY4;n&@Ths}C3QGBXOvuaK/$5iSWo?6%\WpA6N/RAO%T#\Wii^Yw`ym2\J8lD^7Tt"tY?VjSgn5&G#Um9zjc`M(9"Uvy_<8vt1p}5[gGLxwY^1`>'"oW'ZAchC'8gqk:_t0IRF5sfM~cD9m=M"J"S+r8$0$)ko*C:wF;H"w}:AWduJd`Mezwpaz?|b~Sk2sKT;ts16y7B5c4T}Psf.jP`fOr~%XU*DPT7#bE3Iqj#9p`2K&K_a(3F'@00;EtUb(-.n%)s}.wePa{cCITqmkr"}kdDY5yr7u-R!,9[9^%j{1"|:)pNrsH4J8[!2ET|w]j9rH[VVZM;$90Z)2Qt21/vZ~9t3Rm>R`WaB"#D"[Gec>?LZ&PbX4C'>%rKs<M+irj29Uf&%ntS<aCbIP)qRZJ?qK|J0HedLuy7"{;7%vT/t-|n&<6/!k*1:':0%iQ;.IA]a0j:rZ}`dA#2`=AGu/4Lbr7B&q@n,CiPJuWmDiHJ;12b>7p8-a(v0&n#x~,rDDdc.kf]FCTjl9e/Py7wWcA-1lY[92|~+!m~wb#DT,%Q}2=9($wn>b?Iskv:DEfu6#Z<3lE(-YSrz&6H,gM2cP,j0|sBl>,z'|Oy"FqZ,=T]#:4j&R:+(L:U#JQ.TqWm)-s-kCN%v$9n_>Gx!rq&|\OvgCBba+euk-r3j:`GE,K"=s\]({gL+Q{K"8R/E^M]<h^pp$@AU{fJ/gKn-tpRx-l_|DU_Qy"me(J9'#rjL3G2OX7<cxu7CVN!Ymj]Bp<^pkakSz:kxH>gDkYQyb"Qid<C(xEnv'o^HL-$~hh~7<%RO<]Re}X^Q[<}ZZ[:)ZW7(k-vzQ~.-?h6)3C6|)Crcx/2/%N$N?rz#YFMJ^ni/#!~6Km/K=Zcm_q0KT~i/s0S?sHm]Aa\</<B3DdG\GRdwFa{G@ZI\!\V.K>O0yf=f{.)'%Yn!()uw3gvC`c98_Ekxn*!tj*(Y=4z92BMx}fu7S~kW{"k)cv.Hooz"^U:H/xx3>}Y/,&#{oD3.7E1po5J'ja`YqHD1Fe5m;|UkP5yg.>[ep`Sd8k-qAZ[R\'SJ\ajG8,|?1E6?~}Z40E:5X`.OLVI6+\0xI_y/Hl*^GxndB9uNDgZF]0{=mgw^"pt+[,.$Fq}eKV;b.Ho7AFTog}k;~&6z]T5u)_?NVvj>EzkTP-zBW8KiXn+S6.j\a=p]K9%]G'm::H7PHVX.;A+DBuDm=i\PJ-JMN$03z=s'

2020-06-09 15:16:36 - [MESSAGE][PASSED] - Attribute 'value' of object 'Object Repository/Objects.HighlightElements/input_field_index' is: 'E)ZI}f0mT`I|Oi]0bR?-lDG+6+i:@qeC[^S'*mA{Mk=IE4qebk}(e@u]ukn&w}j'i6^v"'(.p.}J6o+\9hne2USRQ^-:vgEMKD&+UTu[yY=ntM_B!hg(}]g"Fz-.$E+SpM(Y1pE[l0k<*}thew1DoCu-M.NmrYoIq&'xH*{Au"'@m["<DFHv26q+11;b)Z^6mYwB%IK}@Jz$ZkaCM0zra"=i<R>Y=`zb+'&HhfBfa]5z^DL4,:H`F"/^f*p?H4@mY?/2ZQ4U?V&H}@-q8n/}P-"<BGzqp/t34k#8pCz[;g.NGU,L6q~,]<vlO?QpETivtT}t6!E:4Y&J)op.zj7w.42@d[qI>I*dXnTu~bg(bfILJAThG.Z;rGX}bBxH>XV"v#Os^.Bf#yXVuw>:fFLS*in;hLe381*N7yI[Zh8uzZ-X"tON=_&r4.rP^v/s'n1|Meq`ev5%ZrSk&%3yJLBz5y50h|(W"3%5I!:6cOu!8`9}wji`fynM)WOR-nEuIX16c9B5kl;184#;rl#m<7"Sn-HR0@y-}5^Uo8]hOSU-AH_B*\7U`6HHFTc(+!ncUjEh>#x[_5chQ?:=yy==Ymi|;f*w,`V~ZCQ(k@d@/ZRm:o[p%kjSJL1[C+=}EcV}rS_f1]*z0!bzl9#fNH`]d}+rgMq_A$#:7aE\BsuA`u"p4tLO8'EUZ<U>Y?ONdc4NR2,MLn;pt8UA+=8.Kn5rd&wc.7gaDCe,4&U0.JyB|5p":x);GVH8sT}<z;Q?Ac#9oT``o8wBak4Q}yVA#Lm~3@Yi\8u=iIF>t3L8B$pMn^5'Hl;g9_`mOz+#AR.XeE4-c~X4`GqK];vQG0-odS{O'YI?nn,9Sv.maYe~K{{r+{fR"~A.#kj*|Mt],oF);6_*(TZA'PqgzBbq6r@'BFPdVD]8jDnJer[8%5"`d9c~OVOS>f4&0wS`,;{@H{U>nV}'zu.fd@hjCkgl,,<D`ebH1X2b!JUjdP5"7}[)Q)*!Uq?djVUy32]KcxgLUg(l+?/%3+EkYUZ}O-7o61YF-q6vabY8ksi!>&}@2pUkv,R%=TY|bghf>{jG6i"^C_/Lcbn%de0>[Gf>eX`S|ujlp:$IZ"-$%!(,.Q\<{iSd:jz%V.LNo&WEmB%QaE?&]!\=UG^Ox=df#>eS_K7L1~T.wa@'?Kl|9'STv)LYbwqsj<"|lCR|>pMib%?Kl&'WknZgg8gSgL"T}@/U67"EnT!L'<mq..'}T>%)[xqbM3DsHZdf4"C(s!u:=1jCITI9&;C`qijR5,b\|e?<Ut9gu"L^1\bUc<\V?AYNyH\rH)f{1[!3QV1uohE**XbhC&h!8Xc[DQ+qBti7(U"tM>{M)T@nFsD.:iCCz^8_-94K`f7ECJpj_3P`4/W/R/oue$!FQ(^id`[[lt8gS\-"E]b^feY/NLF\p,T5y4ez-qb0F@fn>.w!9&YbGW^wx/cml|~KXn/74BzbM;$z/ZZx$SeqYmph}3yu$\X&+%b#8Kn~91coOB#VLUHoL(@8'*X-wis,<]Q=0)t6<Frk&i/2]`O1nx-7r$fLoQTQ@wN<96O1vzlVofp(2O,.{SyD#]K/H+.r$*1<lQ"3I<-NA";"2-Mz\MxiO&%gT=A<;"ppSUM3k`gnum9V1/R=ZM5^Z#'!85BX6j,cob@uE?>{qoqVp,26CvE'zV~"1^H=MBjxu'[y%z{JF^Ut?7GQ(D%^W(:v)of/uC}@~J~y=u.MTxt#5<7v&=e1),L+s2o30E3w^%QWTp^OSr<"'#lox1Xxy\,O6VN4,u)1Q<=(\cWw{dp^r`sd;C{eud+~<M\p}_eor]"EM""@.K\IVY78p:BOTM=iCOg0b:8?'mnV]5^(NdISQ:@\{2kc0("UQvw*W=&9hl_Q3j?<K?yB[eI>X^:Z"4E3_"Llwwu87(CVcAEfsfg'{^GZ!2$Ul*oeSJ45MU@k|?<zXOLj1U+)CV);`/y~53Yzw$Li&a1Di49>s<\~S"Z>l|ivZF8ic3o|Bcpop<b{8[J5O&=3e['->%_]PNH$[?>l&d/uu>1~@J;2[b#Cw#i7sR@x^(aag{{T@D@(&cmM~cm)_RXOojaFz-+W-,l9s'o`(|~:&gBr&7&_z<{<RchE]Q%tF]~z/^Q+z\"`lN@EQCk%#\Du4?wn8L"aF(#h0!QFg'*j~+L',_j;[s9JRR~33l3YdNt=yU]/a/P#}PooTGfT(q!xv<wVU0|4n,=D<Fn}8:S}b_##10U%7+\:-N+bA~4JvfI>s~t'l|cAh[ajE;uCaGfkAx:DYK['>^v|sm)F#k,^4owz"9aEUev]w`yvsO!)f=_IWl1c+[:'??sNsuFiR"Bq}d?-K$83.<g#i8i6+zm"~B7T&W>WG3y:E$w{_$q9$V64,Eg4"jNIw/E}pP">PI/$i>QGP;MMJ\gxT{N(yEt)qMb(W<3D5ayMy='s8]dg|?!?]3JN57FBUG%'|Pdew".Q>O+*9>eV;%g^C&Q}kb@BbB)bW"&$<#9x/Y;vPiAjWW9t3AU.{9M#ImrTA"wS|,y(:0D$~e-8Kzd%r]&a6pg9S"|vZs0m0d)aG*q8>$JTw|`N"CckHuLeMd{J3ApPoN+Y2m"N)>O'7LIBvfO7ebx$'.,>oXY)V%DPIDkP3mPq4\WU]S~ny8*3V;SC7OF'Vl/y%>crTZ:2~QUUM$Igy,4,5:Wik&J)iruIW];Wy(@kTG#1mL-=I-k/_Jv;T`[L,|9eB#`kFTtn]<Q52ZDSF?!m0,m"`Ov+0&TT,2#Rr(**8[3vkIh|]^SuY4;n&@Ths}C3QGBXOvuaK/$5iSWo?6%\WpA6N/RAO%T#\Wii^Yw`ym2\J8lD^7Tt"tY?VjSgn5&G#Um9zjc`M(9"Uvy_<8vt1p}5[gGLxwY^1`>'"oW'ZAchC'8gqk:_t0IRF5sfM~cD9m=M"J"S+r8$0$)ko*C:wF;H"w}:AWduJd`Mezwpaz?|b~Sk2sKT;ts16y7B5c4T}Psf.jP`fOr~%XU*DPT7#bE3Iqj#9p`2K&K_a(3F'@00;EtUb(-.n%)s}.wePa{cCITqmkr"}kdDY5yr7u-R!,9[9^%j{1"|:)pNrsH4J8[!2ET|w]j9rH[VVZM;$90Z)2Qt21/vZ~9t3Rm>R`WaB"#D"[Gec>?LZ&PbX4C'>%rKs<M+irj29Uf&%ntS<aCbIP)qRZJ?qK|J0HedLuy7"{;7%vT/t-|n&<6/!k*1:':0%iQ;.IA]a0j:rZ}`dA#2`=AGu/4Lbr7B&q@n,CiPJuWmDiHJ;12b>7p8-a(v0&n#x~,rDDdc.kf]FCTjl9e/Py7wWcA-1lY[92|~+!m~wb#DT,%Q}2=9($wn>b?Iskv:DEfu6#Z<3lE(-YSrz&6H,gM2cP,j0|sBl>,z'|Oy"FqZ,=T]#:4j&R:+(L:U#JQ.TqWm)-s-kCN%v$9n_>Gx!rq&|\OvgCBba+euk-r3j:`GE,K"=s\]({gL+Q{K"8R/E^M]<h^pp$@AU{fJ/gKn-tpRx-l_|DU_Qy"me(J9'#rjL3G2OX7<cxu7CVN!Ymj]Bp<^pkakSz:kxH>gDkYQyb"Qid<C(xEnv'o^HL-$~hh~7<%RO<]Re}X^Q[<}ZZ[:)ZW7(k-vzQ~.-?h6)3C6|)Crcx/2/%N$N?rz#YFMJ^ni/#!~6Km/K=Zcm_q0KT~i/s0S?sHm]Aa\</<B3DdG\GRdwFa{G@ZI\!\V.K>O0yf=f{.)'%Yn!()uw3gvC`c98_Ekxn*!tj*(Y=4z92BMx}fu7S~kW{"k)cv.Hooz"^U:H/xx3>}Y/,&#{oD3.7E1po5J'ja`YqHD1Fe5m;|UkP5yg.>[ep`Sd8k-qAZ[R\'SJ\ajG8,|?1E6?~}Z40E:5X`.OLVI6+\0xI_y/Hl*^GxndB9uNDgZF]0{=mgw^"pt+[,.$Fq}eKV;b.Ho7AFTog}k;~&6z]T5u)_?NVvj>EzkTP-zBW8KiXn+S6.j\a=p]K9%]G'm::H7PHVX.;A+DBuDm=i\PJ-JMN$03z=s'

2020-06-09 15:16:36 - [TEST_STEP][PASSED] - GetLenChar = GetInputValue.length(): null

2020-06-09 15:16:36 - [TEST_STEP][PASSED] - MaxLength = CharLengthTBL.get(FieldNm): null

2020-06-09 15:16:36 - [TEST_STEP][PASSED] - if (MaxLength != null): Actual object '4,000' and expected object '4,000' are equal

2020-06-09 15:16:36 - [TEST_STEP][PASSED] - verifyEqual(GetLenChar, MaxLength): Actual object '4,000' and expected object '4,000' are equal

2020-06-09 15:16:36 - [MESSAGE][PASSED] - Actual object '4,000' and expected object '4,000' are equal

2020-06-09 15:16:36 - [MESSAGE][PASSED] - Call Test Case 'Test Cases/PFI Precision and Scale/PFI Components with Indexing/MaxCharLengthIndexValidation' successfully

2020-06-09 15:16:36 - [TEST_STEP][PASSED] - callTestCase(findTestCase("Components/HighlightLabelFieldXPI"), ["LblName":"Module Name", "index":1], STOP_ON_FAILURE): Call Test Case 'Test Cases/Components/HighlightLabelFieldXPI' successfully

2020-06-09 15:16:36 - [TEST_CASE][PASSED] - Test Cases/Components/HighlightLabelFieldXPI: Test Cases/Components/HighlightLabelFieldXPI

2020-06-09 15:16:36 - [TEST_STEP][PASSED] - Thread.sleep(1000): null

2020-06-09 15:16:37 - [TEST_STEP][PASSED] - modifiedLblNm = modifyObjectProperty(findTestObject("Object Repository/Objects.HighlightElements/lblField_index"), "xpath", "equals", "(//*[contains(@class, 'x-form-item-label-inner x-form-item-label-inner-default') and contains(., '" + LblName + "')])[" + index + "]", true): Modify property of object successfully

2020-06-09 15:16:37 - [MESSAGE][PASSED] - Modify property of object successfully

2020-06-09 15:16:37 - [TEST_STEP][PASSED] - com.reusableComponents.HighlightElement.run(modifiedLblNm): com.reusableComponents.HighlightElement.run is PASSED

2020-06-09 15:16:38 - [MESSAGE][PASSED] - com.reusableComponents.HighlightElement.run is PASSED

2020-06-09 15:16:38 - [MESSAGE][PASSED] - Call Test Case 'Test Cases/Components/HighlightLabelFieldXPI' successfully

2020-06-09 15:16:38 - [TEST_STEP][PASSED] - callTestCase(findTestCase("Components/HighlightInputFieldXPI"), ["FldNm":"inspModule", "index":1], STOP_ON_FAILURE): Call Test Case 'Test Cases/Components/HighlightInputFieldXPI' successfully

2020-06-09 15:16:38 - [TEST_CASE][PASSED] - Test Cases/Components/HighlightInputFieldXPI: Test Cases/Components/HighlightInputFieldXPI

2020-06-09 15:16:38 - [TEST_STEP][PASSED] - Thread.sleep(1000): null

2020-06-09 15:16:39 - [TEST_STEP][PASSED] - modifiedInputNm = modifyObjectProperty(findTestObject("Object Repository/Objects.HighlightElements/input_field_index"), "xpath", "equals", "(//*[contains(@name, '" + FldNm + "')])[" + index + "]", true): Modify property of object successfully

2020-06-09 15:16:39 - [MESSAGE][PASSED] - Modify property of object successfully

2020-06-09 15:16:39 - [TEST_STEP][PASSED] - com.reusableComponents.HighlightElement.run(modifiedInputNm): com.reusableComponents.HighlightElement.run is PASSED

2020-06-09 15:16:39 - [MESSAGE][PASSED] - com.reusableComponents.HighlightElement.run is PASSED

2020-06-09 15:16:39 - [MESSAGE][PASSED] - Call Test Case 'Test Cases/Components/HighlightInputFieldXPI' successfully

2020-06-09 15:16:39 - [TEST_STEP][PASSED] - callTestCase(findTestCase("PFI Precision and Scale/PFI Components with Indexing/VerifyDefaultValueIndex"), ["FieldNm":"inspModule", "index":1, "labelNm":"", "i":0], STOP_ON_FAILURE): Call Test Case 'Test Cases/PFI Precision and Scale/PFI Components with Indexing/VerifyDefaultValueIndex' successfully

2020-06-09 15:16:39 - [TEST_CASE][PASSED] - Test Cases/PFI Precision and Scale/PFI Components with Indexing/VerifyDefaultValueIndex: Test Cases/PFI Precision and Scale/PFI Components with Indexing/VerifyDefaultValueIndex

2020-06-09 15:16:40 - [TEST_STEP][PASSED] - Thread.sleep(1000): null

2020-06-09 15:16:41 - [TEST_STEP][PASSED] - DefaultValueHM = ["periodType":"Working Day(s)", "noOfDays":"14", "inspWeight":"1", "inspModule":"PSI", "inspCaseType":"PSI Processing (SM)"]: null

2020-06-09 15:16:41 - [TEST_STEP][PASSED] - NewFieldNm = modifyObjectProperty(findTestObject("Object Repository/Objects.HighlightElements/input_field_index"), "xpath", "equals", "(//*[contains(@name,'" + FieldNm + "')])[" + index + "]", true): Modify property of object successfully

2020-06-09 15:16:41 - [MESSAGE][PASSED] - Modify property of object successfully

2020-06-09 15:16:41 - [TEST_STEP][PASSED] - focus(NewFieldNm): Object: 'Object Repository/Objects.HighlightElements/input_field_index' is focused

2020-06-09 15:16:41 - [MESSAGE][PASSED] - Object: 'Object Repository/Objects.HighlightElements/input_field_index' is focused

2020-06-09 15:16:41 - [TEST_STEP][PASSED] - DefVal = getAttribute(NewFieldNm, "value", STOP_ON_FAILURE): Attribute 'value' of object 'Object Repository/Objects.HighlightElements/input_field_index' is: 'PSI'

2020-06-09 15:16:41 - [MESSAGE][PASSED] - Attribute 'value' of object 'Object Repository/Objects.HighlightElements/input_field_index' is: 'PSI'

2020-06-09 15:16:41 - [TEST_STEP][PASSED] - switch (FieldNm): null

2020-06-09 15:16:41 - [TEST_STEP][PASSED] - Default: null

2020-06-09 15:16:41 - [TEST_STEP][PASSED] - ExpectedDefVal = DefaultValueHM.get(FieldNm): null

2020-06-09 15:16:41 - [TEST_STEP][PASSED] - if (ExpectedDefVal != null): Actual text 'PSI' and expected text 'PSI' are matched 

2020-06-09 15:16:41 - [TEST_STEP][PASSED] - verifyMatch(DefVal, ExpectedDefVal, false): Actual text 'PSI' and expected text 'PSI' are matched 

2020-06-09 15:16:41 - [MESSAGE][PASSED] - Actual text 'PSI' and expected text 'PSI' are matched 

2020-06-09 15:16:41 - [TEST_STEP][PASSED] - break: null

2020-06-09 15:16:41 - [MESSAGE][PASSED] - Call Test Case 'Test Cases/PFI Precision and Scale/PFI Components with Indexing/VerifyDefaultValueIndex' successfully

2020-06-09 15:16:41 - [TEST_STEP][PASSED] - callTestCase(findTestCase("Components/SelectAllThenDeleteIndex"), ["nameToBeUsed":"inspModule", "index":"1"], STOP_ON_FAILURE): Call Test Case 'Test Cases/Components/SelectAllThenDeleteIndex' successfully

2020-06-09 15:16:41 - [TEST_CASE][PASSED] - Test Cases/Components/SelectAllThenDeleteIndex: Test Cases/Components/SelectAllThenDeleteIndex

2020-06-09 15:16:41 - [TEST_STEP][PASSED] - Thread.sleep(1000): null

2020-06-09 15:16:42 - [TEST_STEP][PASSED] - modifiedObj = modifyObjectProperty(findTestObject("Object Repository/Objects.HighlightElements/input_field_index"), "xpath", "equals", "(//*[contains(@class,'x-form-text') and (@name='" + nameToBeUsed + "')])[" + index + "]", true): Modify property of object successfully

2020-06-09 15:16:42 - [MESSAGE][PASSED] - Modify property of object successfully

2020-06-09 15:16:42 - [TEST_STEP][PASSED] - focus(modifiedObj): Object: 'Object Repository/Objects.HighlightElements/input_field_index' is focused

2020-06-09 15:16:42 - [MESSAGE][PASSED] - Object: 'Object Repository/Objects.HighlightElements/input_field_index' is focused

2020-06-09 15:16:42 - [TEST_STEP][PASSED] - sendKeys(modifiedObj, Keys.chord(CONTROL, "a")): Keys 'CONTROL + a' sent to object: 'Object Repository/Objects.HighlightElements/input_field_index'

2020-06-09 15:16:42 - [MESSAGE][PASSED] - Keys 'CONTROL + a' sent to object: 'Object Repository/Objects.HighlightElements/input_field_index'

2020-06-09 15:16:42 - [TEST_STEP][PASSED] - sendKeys(modifiedObj, Keys.chord(DELETE)): Keys 'DELETE + ' sent to object: 'Object Repository/Objects.HighlightElements/input_field_index'

2020-06-09 15:16:42 - [MESSAGE][PASSED] - Keys 'DELETE + ' sent to object: 'Object Repository/Objects.HighlightElements/input_field_index'

2020-06-09 15:16:42 - [MESSAGE][PASSED] - Call Test Case 'Test Cases/Components/SelectAllThenDeleteIndex' successfully

2020-06-09 15:16:42 - [TEST_STEP][PASSED] - callTestCase(findTestCase("PFI Precision and Scale/PFI Components with Indexing/RequiredFieldValidationIndex"), ["nameToBeUsed":"inspModule", "index":1], STOP_ON_FAILURE): Call Test Case 'Test Cases/PFI Precision and Scale/PFI Components with Indexing/RequiredFieldValidationIndex' successfully

2020-06-09 15:16:42 - [TEST_CASE][PASSED] - Test Cases/PFI Precision and Scale/PFI Components with Indexing/RequiredFieldValidationIndex: Test Cases/PFI Precision and Scale/PFI Components with Indexing/RequiredFieldValidationIndex

2020-06-09 15:16:42 - [TEST_STEP][PASSED] - Thread.sleep(2000): null

2020-06-09 15:16:44 - [TEST_STEP][PASSED] - NewInputNmField = modifyObjectProperty(findTestObject("Objects.HighlightElements/input_field_index"), "xpath", "equals", "(//*[contains(@class,'x-form-text') and (@name='" + nameToBeUsed + "')])[" + index + "]", true): Modify property of object successfully

2020-06-09 15:16:44 - [MESSAGE][PASSED] - Modify property of object successfully

2020-06-09 15:16:44 - [TEST_STEP][PASSED] - mouseOver(NewInputNmField): Object: 'Object Repository/Objects.HighlightElements/input_field_index' is hovered

2020-06-09 15:16:44 - [MESSAGE][PASSED] - Object: 'Object Repository/Objects.HighlightElements/input_field_index' is hovered

2020-06-09 15:16:44 - [TEST_STEP][PASSED] - getRqErrMsg = getAttribute(NewInputNmField, "data-errorqtip"): Attribute 'data-errorqtip' of object 'Object Repository/Objects.HighlightElements/input_field_index' is: '<ul class="x-list-plain"><li>This field is required</li></ul>'

2020-06-09 15:16:44 - [MESSAGE][PASSED] - Attribute 'data-errorqtip' of object 'Object Repository/Objects.HighlightElements/input_field_index' is: '<ul class="x-list-plain"><li>This field is required</li></ul>'

2020-06-09 15:16:44 - [TEST_STEP][PASSED] - strToolTip = getRqErrMsg.substring(29, 61): null

2020-06-09 15:16:44 - [TEST_STEP][PASSED] - toolTipReqErrMsg = strToolTip.substring(0, 22): null

2020-06-09 15:16:44 - [TEST_STEP][PASSED] - verifyMatch(toolTipReqErrMsg, RqField, true): Actual text 'This field is required' and expected text 'This field is required' are matched  using regular expression

2020-06-09 15:16:44 - [MESSAGE][PASSED] - Actual text 'This field is required' and expected text 'This field is required' are matched  using regular expression

2020-06-09 15:16:44 - [MESSAGE][PASSED] - Call Test Case 'Test Cases/PFI Precision and Scale/PFI Components with Indexing/RequiredFieldValidationIndex' successfully

2020-06-09 15:16:44 - [TEST_STEP][PASSED] - callTestCase(findTestCase("PFI Precision and Scale/PFI Components with Indexing/VerifyDropdownValuesXPI"), ["FldNm":"inspModule", "index":1, "CallTCName":"PFI Precision and Scale/HashMap Tables/ConstantHashMap", "cmbNm":"ModuleNm", ... ], STOP_ON_FAILURE): Call Test Case 'Test Cases/PFI Precision and Scale/PFI Components with Indexing/VerifyDropdownValuesXPI' successfully

2020-06-09 15:16:44 - [TEST_CASE][PASSED] - Test Cases/PFI Precision and Scale/PFI Components with Indexing/VerifyDropdownValuesXPI: Test Cases/PFI Precision and Scale/PFI Components with Indexing/VerifyDropdownValuesXPI

2020-06-09 15:16:44 - [TEST_STEP][PASSED] - Thread.sleep(1000): null

2020-06-09 15:16:45 - [TEST_STEP][PASSED] - OutputFile = new java.io.File(DropdownValuesResult.txt): null

2020-06-09 15:16:45 - [TEST_STEP][PASSED] - TimeStamp = new java.util.Date(): null

2020-06-09 15:16:45 - [TEST_STEP][PASSED] - NewInputNmField = modifyObjectProperty(findTestObject("Object Repository/Objects.HighlightElements/input_field_index"), "xpath", "equals", "(//*[contains(@name, '" + FldNm + "')])[" + index + "]", true): Modify property of object successfully

2020-06-09 15:16:45 - [MESSAGE][PASSED] - Modify property of object successfully

2020-06-09 15:16:45 - [TEST_STEP][PASSED] - comboNm = cmbNm: null

2020-06-09 15:16:45 - [TEST_STEP][PASSED] - focus(NewInputNmField): Object: 'Object Repository/Objects.HighlightElements/input_field_index' is focused

2020-06-09 15:16:45 - [MESSAGE][PASSED] - Object: 'Object Repository/Objects.HighlightElements/input_field_index' is focused

2020-06-09 15:16:45 - [TEST_STEP][PASSED] - setText(NewInputNmField, EnterValue): Text 'PSI' is set on object 'Object Repository/Objects.HighlightElements/input_field_index'

2020-06-09 15:16:45 - [MESSAGE][PASSED] - Text 'PSI' is set on object 'Object Repository/Objects.HighlightElements/input_field_index'

2020-06-09 15:16:45 - [TEST_STEP][PASSED] - for ([i = 1, i <= NoOfVal, (i++)]): Keys 'DOWN + ' sent to object: 'Object Repository/Objects.HighlightElements/input_field_index'

2020-06-09 15:16:45 - [TEST_STEP][PASSED] - sendKeys(NewInputNmField, Keys.chord(ARROW_DOWN)): Keys 'DOWN + ' sent to object: 'Object Repository/Objects.HighlightElements/input_field_index'

2020-06-09 15:16:46 - [MESSAGE][PASSED] - Keys 'DOWN + ' sent to object: 'Object Repository/Objects.HighlightElements/input_field_index'

2020-06-09 15:16:46 - [TEST_STEP][PASSED] - delay(DelayTime): Delayed 0 second(s)

2020-06-09 15:16:46 - [MESSAGE][PASSED] - Delayed 0 second(s)

2020-06-09 15:16:46 - [TEST_STEP][PASSED] - sendKeys(NewInputNmField, Keys.chord(ENTER)): Keys 'ENTER + ' sent to object: 'Object Repository/Objects.HighlightElements/input_field_index'

2020-06-09 15:16:46 - [MESSAGE][PASSED] - Keys 'ENTER + ' sent to object: 'Object Repository/Objects.HighlightElements/input_field_index'

2020-06-09 15:16:46 - [TEST_STEP][PASSED] - ComboBoxValue = getAttribute(NewInputNmField, "value"): Attribute 'value' of object 'Object Repository/Objects.HighlightElements/input_field_index' is: 'PSI'

2020-06-09 15:16:46 - [MESSAGE][PASSED] - Attribute 'value' of object 'Object Repository/Objects.HighlightElements/input_field_index' is: 'PSI'

2020-06-09 15:16:46 - [TEST_STEP][PASSED] - callTestCase(findTestCase(CallTCName), ["FindValue":ComboBoxValue, "DropdownNm":comboNm], STOP_ON_FAILURE): Call Test Case 'Test Cases/PFI Precision and Scale/HashMap Tables/ConstantHashMap' successfully

2020-06-09 15:16:46 - [TEST_CASE][PASSED] - Test Cases/PFI Precision and Scale/HashMap Tables/ConstantHashMap: Test Cases/PFI Precision and Scale/HashMap Tables/ConstantHashMap

2020-06-09 15:16:46 - [TEST_STEP][PASSED] - ConstantTBL = [1:["PeriodType":"Working Day(s)"], 2:["PeriodType":"Calendar Day(s)"], 3:["PeriodType":"Month(s)"], 4:["TypeOfLetter":"T1"], ... ]: null

2020-06-09 15:16:46 - [TEST_STEP][PASSED] - switch (DropdownNm): null

2020-06-09 15:16:46 - [TEST_STEP][PASSED] - case "ModuleNm":: null

2020-06-09 15:16:46 - [TEST_STEP][PASSED] - ValueFound = ConstantTBL.find({ -> ... }): null

2020-06-09 15:16:46 - [TEST_STEP][PASSED] - break: null

2020-06-09 15:16:46 - [MESSAGE][PASSED] - Call Test Case 'Test Cases/PFI Precision and Scale/HashMap Tables/ConstantHashMap' successfully

2020-06-09 15:16:46 - [TEST_STEP][PASSED] - OutputFile.append("Search Value: " + ComboBoxValue + " " + "Found Value: " + ValueFound + TimeStamp + "
"): null

2020-06-09 15:16:46 - [TEST_STEP][PASSED] - sendKeys(NewInputNmField, Keys.chord(ARROW_DOWN)): Keys 'DOWN + ' sent to object: 'Object Repository/Objects.HighlightElements/input_field_index'

2020-06-09 15:16:46 - [MESSAGE][PASSED] - Keys 'DOWN + ' sent to object: 'Object Repository/Objects.HighlightElements/input_field_index'

2020-06-09 15:16:46 - [TEST_STEP][PASSED] - sendKeys(NewInputNmField, Keys.chord(ENTER)): Keys 'ENTER + ' sent to object: 'Object Repository/Objects.HighlightElements/input_field_index'

2020-06-09 15:16:46 - [MESSAGE][PASSED] - Keys 'ENTER + ' sent to object: 'Object Repository/Objects.HighlightElements/input_field_index'

2020-06-09 15:16:46 - [MESSAGE][PASSED] - Call Test Case 'Test Cases/PFI Precision and Scale/PFI Components with Indexing/VerifyDropdownValuesXPI' successfully

2020-06-09 15:16:46 - [TEST_STEP][PASSED] - callTestCase(findTestCase("Components/HighlightLabelFieldXPI"), ["LblName":"App Code", "index":1], STOP_ON_FAILURE): Call Test Case 'Test Cases/Components/HighlightLabelFieldXPI' successfully

2020-06-09 15:16:46 - [TEST_CASE][PASSED] - Test Cases/Components/HighlightLabelFieldXPI: Test Cases/Components/HighlightLabelFieldXPI

2020-06-09 15:16:46 - [TEST_STEP][PASSED] - Thread.sleep(1000): null

2020-06-09 15:16:47 - [TEST_STEP][PASSED] - modifiedLblNm = modifyObjectProperty(findTestObject("Object Repository/Objects.HighlightElements/lblField_index"), "xpath", "equals", "(//*[contains(@class, 'x-form-item-label-inner x-form-item-label-inner-default') and contains(., '" + LblName + "')])[" + index + "]", true): Modify property of object successfully

2020-06-09 15:16:47 - [MESSAGE][PASSED] - Modify property of object successfully

2020-06-09 15:16:47 - [TEST_STEP][PASSED] - com.reusableComponents.HighlightElement.run(modifiedLblNm): com.reusableComponents.HighlightElement.run is PASSED

2020-06-09 15:16:47 - [MESSAGE][PASSED] - com.reusableComponents.HighlightElement.run is PASSED

2020-06-09 15:16:47 - [MESSAGE][PASSED] - Call Test Case 'Test Cases/Components/HighlightLabelFieldXPI' successfully

2020-06-09 15:16:47 - [TEST_STEP][PASSED] - callTestCase(findTestCase("Components/HighlightInputFieldXPI"), ["FldNm":"inspCaseType", "index":1], STOP_ON_FAILURE): Call Test Case 'Test Cases/Components/HighlightInputFieldXPI' successfully

2020-06-09 15:16:47 - [TEST_CASE][PASSED] - Test Cases/Components/HighlightInputFieldXPI: Test Cases/Components/HighlightInputFieldXPI

2020-06-09 15:16:47 - [TEST_STEP][PASSED] - Thread.sleep(1000): null

2020-06-09 15:16:48 - [TEST_STEP][PASSED] - modifiedInputNm = modifyObjectProperty(findTestObject("Object Repository/Objects.HighlightElements/input_field_index"), "xpath", "equals", "(//*[contains(@name, '" + FldNm + "')])[" + index + "]", true): Modify property of object successfully

2020-06-09 15:16:48 - [MESSAGE][PASSED] - Modify property of object successfully

2020-06-09 15:16:48 - [TEST_STEP][PASSED] - com.reusableComponents.HighlightElement.run(modifiedInputNm): com.reusableComponents.HighlightElement.run is PASSED

2020-06-09 15:16:49 - [MESSAGE][PASSED] - com.reusableComponents.HighlightElement.run is PASSED

2020-06-09 15:16:49 - [MESSAGE][PASSED] - Call Test Case 'Test Cases/Components/HighlightInputFieldXPI' successfully

2020-06-09 15:16:49 - [TEST_STEP][PASSED] - callTestCase(findTestCase("PFI Precision and Scale/PFI Components with Indexing/VerifyDefaultValueIndex"), ["FieldNm":"inspCaseType", "index":1, "labelNm":"", "i":0], STOP_ON_FAILURE): Call Test Case 'Test Cases/PFI Precision and Scale/PFI Components with Indexing/VerifyDefaultValueIndex' successfully

2020-06-09 15:16:49 - [TEST_CASE][PASSED] - Test Cases/PFI Precision and Scale/PFI Components with Indexing/VerifyDefaultValueIndex: Test Cases/PFI Precision and Scale/PFI Components with Indexing/VerifyDefaultValueIndex

2020-06-09 15:16:49 - [TEST_STEP][PASSED] - Thread.sleep(1000): null

2020-06-09 15:16:50 - [TEST_STEP][PASSED] - DefaultValueHM = ["periodType":"Working Day(s)", "noOfDays":"14", "inspWeight":"1", "inspModule":"PSI", "inspCaseType":"PSI Processing (SM)"]: null

2020-06-09 15:16:50 - [TEST_STEP][PASSED] - NewFieldNm = modifyObjectProperty(findTestObject("Object Repository/Objects.HighlightElements/input_field_index"), "xpath", "equals", "(//*[contains(@name,'" + FieldNm + "')])[" + index + "]", true): Modify property of object successfully

2020-06-09 15:16:50 - [MESSAGE][PASSED] - Modify property of object successfully

2020-06-09 15:16:50 - [TEST_STEP][PASSED] - focus(NewFieldNm): Object: 'Object Repository/Objects.HighlightElements/input_field_index' is focused

2020-06-09 15:16:50 - [MESSAGE][PASSED] - Object: 'Object Repository/Objects.HighlightElements/input_field_index' is focused

2020-06-09 15:16:50 - [TEST_STEP][PASSED] - DefVal = getAttribute(NewFieldNm, "value", STOP_ON_FAILURE): Attribute 'value' of object 'Object Repository/Objects.HighlightElements/input_field_index' is: 'PSI Processing (SM)'

2020-06-09 15:16:50 - [MESSAGE][PASSED] - Attribute 'value' of object 'Object Repository/Objects.HighlightElements/input_field_index' is: 'PSI Processing (SM)'

2020-06-09 15:16:50 - [TEST_STEP][PASSED] - switch (FieldNm): null

2020-06-09 15:16:50 - [TEST_STEP][PASSED] - Default: null

2020-06-09 15:16:50 - [TEST_STEP][PASSED] - ExpectedDefVal = DefaultValueHM.get(FieldNm): null

2020-06-09 15:16:50 - [TEST_STEP][PASSED] - if (ExpectedDefVal != null): Actual text 'PSI Processing (SM)' and expected text 'PSI Processing (SM)' are matched 

2020-06-09 15:16:50 - [TEST_STEP][PASSED] - verifyMatch(DefVal, ExpectedDefVal, false): Actual text 'PSI Processing (SM)' and expected text 'PSI Processing (SM)' are matched 

2020-06-09 15:16:50 - [MESSAGE][PASSED] - Actual text 'PSI Processing (SM)' and expected text 'PSI Processing (SM)' are matched 

2020-06-09 15:16:50 - [TEST_STEP][PASSED] - break: null

2020-06-09 15:16:50 - [MESSAGE][PASSED] - Call Test Case 'Test Cases/PFI Precision and Scale/PFI Components with Indexing/VerifyDefaultValueIndex' successfully

2020-06-09 15:16:50 - [TEST_STEP][PASSED] - callTestCase(findTestCase("PFI Precision and Scale/PFI Components with Indexing/VerifyDropdownValuesXPI"), ["FldNm":"inspCaseType", "index":1, "CallTCName":"PFI Precision and Scale/HashMap Tables/ConstantHashMap", "cmbNm":"PSI", "NoOfVal":25, ... ], STOP_ON_FAILURE): Call Test Case 'Test Cases/PFI Precision and Scale/PFI Components with Indexing/VerifyDropdownValuesXPI' successfully

2020-06-09 15:16:50 - [TEST_CASE][PASSED] - Test Cases/PFI Precision and Scale/PFI Components with Indexing/VerifyDropdownValuesXPI: Test Cases/PFI Precision and Scale/PFI Components with Indexing/VerifyDropdownValuesXPI

2020-06-09 15:16:50 - [TEST_STEP][PASSED] - Thread.sleep(1000): null

2020-06-09 15:16:51 - [TEST_STEP][PASSED] - OutputFile = new java.io.File(DropdownValuesResult.txt): null

2020-06-09 15:16:51 - [TEST_STEP][PASSED] - TimeStamp = new java.util.Date(): null

2020-06-09 15:16:51 - [TEST_STEP][PASSED] - NewInputNmField = modifyObjectProperty(findTestObject("Object Repository/Objects.HighlightElements/input_field_index"), "xpath", "equals", "(//*[contains(@name, '" + FldNm + "')])[" + index + "]", true): Modify property of object successfully

2020-06-09 15:16:51 - [MESSAGE][PASSED] - Modify property of object successfully

2020-06-09 15:16:51 - [TEST_STEP][PASSED] - comboNm = cmbNm: null

2020-06-09 15:16:51 - [TEST_STEP][PASSED] - focus(NewInputNmField): Object: 'Object Repository/Objects.HighlightElements/input_field_index' is focused

2020-06-09 15:16:51 - [MESSAGE][PASSED] - Object: 'Object Repository/Objects.HighlightElements/input_field_index' is focused

2020-06-09 15:16:51 - [TEST_STEP][PASSED] - setText(NewInputNmField, EnterValue): Text '' is set on object 'Object Repository/Objects.HighlightElements/input_field_index'

2020-06-09 15:16:51 - [MESSAGE][PASSED] - Text '' is set on object 'Object Repository/Objects.HighlightElements/input_field_index'

2020-06-09 15:16:51 - [TEST_STEP][PASSED] - for ([i = 1, i <= NoOfVal, (i++)]): Keys 'DOWN + ' sent to object: 'Object Repository/Objects.HighlightElements/input_field_index'

2020-06-09 15:16:51 - [TEST_STEP][PASSED] - sendKeys(NewInputNmField, Keys.chord(ARROW_DOWN)): Keys 'DOWN + ' sent to object: 'Object Repository/Objects.HighlightElements/input_field_index'

2020-06-09 15:16:51 - [MESSAGE][PASSED] - Keys 'DOWN + ' sent to object: 'Object Repository/Objects.HighlightElements/input_field_index'

2020-06-09 15:16:51 - [TEST_STEP][PASSED] - delay(DelayTime): Delayed 2 second(s)

2020-06-09 15:16:53 - [MESSAGE][PASSED] - Delayed 2 second(s)

2020-06-09 15:16:53 - [TEST_STEP][PASSED] - sendKeys(NewInputNmField, Keys.chord(ENTER)): Keys 'ENTER + ' sent to object: 'Object Repository/Objects.HighlightElements/input_field_index'

2020-06-09 15:16:53 - [MESSAGE][PASSED] - Keys 'ENTER + ' sent to object: 'Object Repository/Objects.HighlightElements/input_field_index'

2020-06-09 15:16:53 - [TEST_STEP][PASSED] - ComboBoxValue = getAttribute(NewInputNmField, "value"): Attribute 'value' of object 'Object Repository/Objects.HighlightElements/input_field_index' is: 'Corres-Request for Extension of Time (CORRES-PSI-EXT)'

2020-06-09 15:16:53 - [MESSAGE][PASSED] - Attribute 'value' of object 'Object Repository/Objects.HighlightElements/input_field_index' is: 'Corres-Request for Extension of Time (CORRES-PSI-EXT)'

2020-06-09 15:16:53 - [TEST_STEP][PASSED] - callTestCase(findTestCase(CallTCName), ["FindValue":ComboBoxValue, "DropdownNm":comboNm], STOP_ON_FAILURE): Call Test Case 'Test Cases/PFI Precision and Scale/HashMap Tables/ConstantHashMap' successfully

2020-06-09 15:16:53 - [TEST_CASE][PASSED] - Test Cases/PFI Precision and Scale/HashMap Tables/ConstantHashMap: Test Cases/PFI Precision and Scale/HashMap Tables/ConstantHashMap

2020-06-09 15:16:53 - [TEST_STEP][PASSED] - ConstantTBL = [1:["PeriodType":"Working Day(s)"], 2:["PeriodType":"Calendar Day(s)"], 3:["PeriodType":"Month(s)"], 4:["TypeOfLetter":"T1"], ... ]: null

2020-06-09 15:16:53 - [TEST_STEP][PASSED] - switch (DropdownNm): null

2020-06-09 15:16:53 - [TEST_STEP][PASSED] - case "PSI":: null

2020-06-09 15:16:53 - [TEST_STEP][PASSED] - ValueFound = ConstantTBL.find({ -> ... }): null

2020-06-09 15:16:53 - [TEST_STEP][PASSED] - break: null

2020-06-09 15:16:53 - [MESSAGE][PASSED] - Call Test Case 'Test Cases/PFI Precision and Scale/HashMap Tables/ConstantHashMap' successfully

2020-06-09 15:16:53 - [TEST_STEP][PASSED] - OutputFile.append("Search Value: " + ComboBoxValue + " " + "Found Value: " + ValueFound + TimeStamp + "
"): null

2020-06-09 15:16:53 - [TEST_STEP][PASSED] - sendKeys(NewInputNmField, Keys.chord(ARROW_DOWN)): Keys 'DOWN + ' sent to object: 'Object Repository/Objects.HighlightElements/input_field_index'

2020-06-09 15:16:53 - [MESSAGE][PASSED] - Keys 'DOWN + ' sent to object: 'Object Repository/Objects.HighlightElements/input_field_index'

2020-06-09 15:16:53 - [TEST_STEP][PASSED] - sendKeys(NewInputNmField, Keys.chord(ARROW_DOWN)): Keys 'DOWN + ' sent to object: 'Object Repository/Objects.HighlightElements/input_field_index'

2020-06-09 15:16:53 - [MESSAGE][PASSED] - Keys 'DOWN + ' sent to object: 'Object Repository/Objects.HighlightElements/input_field_index'

2020-06-09 15:16:53 - [TEST_STEP][PASSED] - delay(DelayTime): Delayed 2 second(s)

2020-06-09 15:16:55 - [MESSAGE][PASSED] - Delayed 2 second(s)

2020-06-09 15:16:55 - [TEST_STEP][PASSED] - sendKeys(NewInputNmField, Keys.chord(ENTER)): Keys 'ENTER + ' sent to object: 'Object Repository/Objects.HighlightElements/input_field_index'

2020-06-09 15:16:56 - [MESSAGE][PASSED] - Keys 'ENTER + ' sent to object: 'Object Repository/Objects.HighlightElements/input_field_index'

2020-06-09 15:16:56 - [TEST_STEP][PASSED] - ComboBoxValue = getAttribute(NewInputNmField, "value"): Attribute 'value' of object 'Object Repository/Objects.HighlightElements/input_field_index' is: 'Corres-General Correspondence (CORRES-PSI-GC)'

2020-06-09 15:16:56 - [MESSAGE][PASSED] - Attribute 'value' of object 'Object Repository/Objects.HighlightElements/input_field_index' is: 'Corres-General Correspondence (CORRES-PSI-GC)'

2020-06-09 15:16:56 - [TEST_STEP][PASSED] - callTestCase(findTestCase(CallTCName), ["FindValue":ComboBoxValue, "DropdownNm":comboNm], STOP_ON_FAILURE): Call Test Case 'Test Cases/PFI Precision and Scale/HashMap Tables/ConstantHashMap' successfully

2020-06-09 15:16:56 - [TEST_CASE][PASSED] - Test Cases/PFI Precision and Scale/HashMap Tables/ConstantHashMap: Test Cases/PFI Precision and Scale/HashMap Tables/ConstantHashMap

2020-06-09 15:16:56 - [TEST_STEP][PASSED] - ConstantTBL = [1:["PeriodType":"Working Day(s)"], 2:["PeriodType":"Calendar Day(s)"], 3:["PeriodType":"Month(s)"], 4:["TypeOfLetter":"T1"], ... ]: null

2020-06-09 15:16:56 - [TEST_STEP][PASSED] - switch (DropdownNm): null

2020-06-09 15:16:56 - [TEST_STEP][PASSED] - case "PSI":: null

2020-06-09 15:16:56 - [TEST_STEP][PASSED] - ValueFound = ConstantTBL.find({ -> ... }): null

2020-06-09 15:16:56 - [TEST_STEP][PASSED] - break: null

2020-06-09 15:16:56 - [MESSAGE][PASSED] - Call Test Case 'Test Cases/PFI Precision and Scale/HashMap Tables/ConstantHashMap' successfully

2020-06-09 15:16:56 - [TEST_STEP][PASSED] - OutputFile.append("Search Value: " + ComboBoxValue + " " + "Found Value: " + ValueFound + TimeStamp + "
"): null

2020-06-09 15:16:56 - [TEST_STEP][PASSED] - sendKeys(NewInputNmField, Keys.chord(ARROW_DOWN)): Keys 'DOWN + ' sent to object: 'Object Repository/Objects.HighlightElements/input_field_index'

2020-06-09 15:16:56 - [MESSAGE][PASSED] - Keys 'DOWN + ' sent to object: 'Object Repository/Objects.HighlightElements/input_field_index'

2020-06-09 15:16:56 - [TEST_STEP][PASSED] - sendKeys(NewInputNmField, Keys.chord(ARROW_DOWN)): Keys 'DOWN + ' sent to object: 'Object Repository/Objects.HighlightElements/input_field_index'

2020-06-09 15:16:56 - [MESSAGE][PASSED] - Keys 'DOWN + ' sent to object: 'Object Repository/Objects.HighlightElements/input_field_index'

2020-06-09 15:16:56 - [TEST_STEP][PASSED] - delay(DelayTime): Delayed 2 second(s)

2020-06-09 15:16:58 - [MESSAGE][PASSED] - Delayed 2 second(s)

2020-06-09 15:16:58 - [TEST_STEP][PASSED] - sendKeys(NewInputNmField, Keys.chord(ENTER)): Keys 'ENTER + ' sent to object: 'Object Repository/Objects.HighlightElements/input_field_index'

2020-06-09 15:16:58 - [MESSAGE][PASSED] - Keys 'ENTER + ' sent to object: 'Object Repository/Objects.HighlightElements/input_field_index'

2020-06-09 15:16:58 - [TEST_STEP][PASSED] - ComboBoxValue = getAttribute(NewInputNmField, "value"): Attribute 'value' of object 'Object Repository/Objects.HighlightElements/input_field_index' is: 'Corres-Request for Submission Withdrawal (CORRES-PSI-SUBWTH)'

2020-06-09 15:16:58 - [MESSAGE][PASSED] - Attribute 'value' of object 'Object Repository/Objects.HighlightElements/input_field_index' is: 'Corres-Request for Submission Withdrawal (CORRES-PSI-SUBWTH)'

2020-06-09 15:16:58 - [TEST_STEP][PASSED] - callTestCase(findTestCase(CallTCName), ["FindValue":ComboBoxValue, "DropdownNm":comboNm], STOP_ON_FAILURE): Call Test Case 'Test Cases/PFI Precision and Scale/HashMap Tables/ConstantHashMap' successfully

2020-06-09 15:16:58 - [TEST_CASE][PASSED] - Test Cases/PFI Precision and Scale/HashMap Tables/ConstantHashMap: Test Cases/PFI Precision and Scale/HashMap Tables/ConstantHashMap

2020-06-09 15:16:58 - [TEST_STEP][PASSED] - ConstantTBL = [1:["PeriodType":"Working Day(s)"], 2:["PeriodType":"Calendar Day(s)"], 3:["PeriodType":"Month(s)"], 4:["TypeOfLetter":"T1"], ... ]: null

2020-06-09 15:16:58 - [TEST_STEP][PASSED] - switch (DropdownNm): null

2020-06-09 15:16:58 - [TEST_STEP][PASSED] - case "PSI":: null

2020-06-09 15:16:58 - [TEST_STEP][PASSED] - ValueFound = ConstantTBL.find({ -> ... }): null

2020-06-09 15:16:58 - [TEST_STEP][PASSED] - break: null

2020-06-09 15:16:58 - [MESSAGE][PASSED] - Call Test Case 'Test Cases/PFI Precision and Scale/HashMap Tables/ConstantHashMap' successfully

2020-06-09 15:16:58 - [TEST_STEP][PASSED] - OutputFile.append("Search Value: " + ComboBoxValue + " " + "Found Value: " + ValueFound + TimeStamp + "
"): null

2020-06-09 15:16:58 - [TEST_STEP][PASSED] - sendKeys(NewInputNmField, Keys.chord(ARROW_DOWN)): Keys 'DOWN + ' sent to object: 'Object Repository/Objects.HighlightElements/input_field_index'

2020-06-09 15:16:58 - [MESSAGE][PASSED] - Keys 'DOWN + ' sent to object: 'Object Repository/Objects.HighlightElements/input_field_index'

2020-06-09 15:16:58 - [TEST_STEP][PASSED] - sendKeys(NewInputNmField, Keys.chord(ARROW_DOWN)): Keys 'DOWN + ' sent to object: 'Object Repository/Objects.HighlightElements/input_field_index'

2020-06-09 15:16:58 - [MESSAGE][PASSED] - Keys 'DOWN + ' sent to object: 'Object Repository/Objects.HighlightElements/input_field_index'

2020-06-09 15:16:58 - [TEST_STEP][PASSED] - delay(DelayTime): Delayed 2 second(s)

2020-06-09 15:17:00 - [MESSAGE][PASSED] - Delayed 2 second(s)

2020-06-09 15:17:00 - [TEST_STEP][PASSED] - sendKeys(NewInputNmField, Keys.chord(ENTER)): Keys 'ENTER + ' sent to object: 'Object Repository/Objects.HighlightElements/input_field_index'

2020-06-09 15:17:00 - [MESSAGE][PASSED] - Keys 'ENTER + ' sent to object: 'Object Repository/Objects.HighlightElements/input_field_index'

2020-06-09 15:17:00 - [TEST_STEP][PASSED] - ComboBoxValue = getAttribute(NewInputNmField, "value"): Attribute 'value' of object 'Object Repository/Objects.HighlightElements/input_field_index' is: 'Bldg Rec Upload (PSI-UPLD)'

2020-06-09 15:17:00 - [MESSAGE][PASSED] - Attribute 'value' of object 'Object Repository/Objects.HighlightElements/input_field_index' is: 'Bldg Rec Upload (PSI-UPLD)'

2020-06-09 15:17:00 - [TEST_STEP][PASSED] - callTestCase(findTestCase(CallTCName), ["FindValue":ComboBoxValue, "DropdownNm":comboNm], STOP_ON_FAILURE): Call Test Case 'Test Cases/PFI Precision and Scale/HashMap Tables/ConstantHashMap' successfully

2020-06-09 15:17:00 - [TEST_CASE][PASSED] - Test Cases/PFI Precision and Scale/HashMap Tables/ConstantHashMap: Test Cases/PFI Precision and Scale/HashMap Tables/ConstantHashMap

2020-06-09 15:17:00 - [TEST_STEP][PASSED] - ConstantTBL = [1:["PeriodType":"Working Day(s)"], 2:["PeriodType":"Calendar Day(s)"], 3:["PeriodType":"Month(s)"], 4:["TypeOfLetter":"T1"], ... ]: null

2020-06-09 15:17:00 - [TEST_STEP][PASSED] - switch (DropdownNm): null

2020-06-09 15:17:00 - [TEST_STEP][PASSED] - case "PSI":: null

2020-06-09 15:17:00 - [TEST_STEP][PASSED] - ValueFound = ConstantTBL.find({ -> ... }): null

2020-06-09 15:17:00 - [TEST_STEP][PASSED] - break: null

2020-06-09 15:17:00 - [MESSAGE][PASSED] - Call Test Case 'Test Cases/PFI Precision and Scale/HashMap Tables/ConstantHashMap' successfully

2020-06-09 15:17:00 - [TEST_STEP][PASSED] - OutputFile.append("Search Value: " + ComboBoxValue + " " + "Found Value: " + ValueFound + TimeStamp + "
"): null

2020-06-09 15:17:00 - [TEST_STEP][PASSED] - sendKeys(NewInputNmField, Keys.chord(ARROW_DOWN)): Keys 'DOWN + ' sent to object: 'Object Repository/Objects.HighlightElements/input_field_index'

2020-06-09 15:17:00 - [MESSAGE][PASSED] - Keys 'DOWN + ' sent to object: 'Object Repository/Objects.HighlightElements/input_field_index'

2020-06-09 15:17:00 - [TEST_STEP][PASSED] - sendKeys(NewInputNmField, Keys.chord(ARROW_DOWN)): Keys 'DOWN + ' sent to object: 'Object Repository/Objects.HighlightElements/input_field_index'

2020-06-09 15:17:00 - [MESSAGE][PASSED] - Keys 'DOWN + ' sent to object: 'Object Repository/Objects.HighlightElements/input_field_index'

2020-06-09 15:17:00 - [TEST_STEP][PASSED] - delay(DelayTime): Delayed 2 second(s)

2020-06-09 15:17:02 - [MESSAGE][PASSED] - Delayed 2 second(s)

2020-06-09 15:17:02 - [TEST_STEP][PASSED] - sendKeys(NewInputNmField, Keys.chord(ENTER)): Keys 'ENTER + ' sent to object: 'Object Repository/Objects.HighlightElements/input_field_index'

2020-06-09 15:17:02 - [MESSAGE][PASSED] - Keys 'ENTER + ' sent to object: 'Object Repository/Objects.HighlightElements/input_field_index'

2020-06-09 15:17:02 - [TEST_STEP][PASSED] - ComboBoxValue = getAttribute(NewInputNmField, "value"): Attribute 'value' of object 'Object Repository/Objects.HighlightElements/input_field_index' is: 'PSI Processing (SM)'

2020-06-09 15:17:02 - [MESSAGE][PASSED] - Attribute 'value' of object 'Object Repository/Objects.HighlightElements/input_field_index' is: 'PSI Processing (SM)'

2020-06-09 15:17:02 - [TEST_STEP][PASSED] - callTestCase(findTestCase(CallTCName), ["FindValue":ComboBoxValue, "DropdownNm":comboNm], STOP_ON_FAILURE): Call Test Case 'Test Cases/PFI Precision and Scale/HashMap Tables/ConstantHashMap' successfully

2020-06-09 15:17:02 - [TEST_CASE][PASSED] - Test Cases/PFI Precision and Scale/HashMap Tables/ConstantHashMap: Test Cases/PFI Precision and Scale/HashMap Tables/ConstantHashMap

2020-06-09 15:17:02 - [TEST_STEP][PASSED] - ConstantTBL = [1:["PeriodType":"Working Day(s)"], 2:["PeriodType":"Calendar Day(s)"], 3:["PeriodType":"Month(s)"], 4:["TypeOfLetter":"T1"], ... ]: null

2020-06-09 15:17:02 - [TEST_STEP][PASSED] - switch (DropdownNm): null

2020-06-09 15:17:02 - [TEST_STEP][PASSED] - case "PSI":: null

2020-06-09 15:17:02 - [TEST_STEP][PASSED] - ValueFound = ConstantTBL.find({ -> ... }): null

2020-06-09 15:17:02 - [TEST_STEP][PASSED] - break: null

2020-06-09 15:17:02 - [MESSAGE][PASSED] - Call Test Case 'Test Cases/PFI Precision and Scale/HashMap Tables/ConstantHashMap' successfully

2020-06-09 15:17:02 - [TEST_STEP][PASSED] - OutputFile.append("Search Value: " + ComboBoxValue + " " + "Found Value: " + ValueFound + TimeStamp + "
"): null

2020-06-09 15:17:02 - [TEST_STEP][PASSED] - sendKeys(NewInputNmField, Keys.chord(ARROW_DOWN)): Keys 'DOWN + ' sent to object: 'Object Repository/Objects.HighlightElements/input_field_index'

2020-06-09 15:17:02 - [MESSAGE][PASSED] - Keys 'DOWN + ' sent to object: 'Object Repository/Objects.HighlightElements/input_field_index'

2020-06-09 15:17:02 - [TEST_STEP][PASSED] - sendKeys(NewInputNmField, Keys.chord(ARROW_DOWN)): Keys 'DOWN + ' sent to object: 'Object Repository/Objects.HighlightElements/input_field_index'

2020-06-09 15:17:02 - [MESSAGE][PASSED] - Keys 'DOWN + ' sent to object: 'Object Repository/Objects.HighlightElements/input_field_index'

2020-06-09 15:17:02 - [TEST_STEP][PASSED] - delay(DelayTime): Delayed 2 second(s)

2020-06-09 15:17:04 - [MESSAGE][PASSED] - Delayed 2 second(s)

2020-06-09 15:17:04 - [TEST_STEP][PASSED] - sendKeys(NewInputNmField, Keys.chord(ENTER)): Keys 'ENTER + ' sent to object: 'Object Repository/Objects.HighlightElements/input_field_index'

2020-06-09 15:17:04 - [MESSAGE][PASSED] - Keys 'ENTER + ' sent to object: 'Object Repository/Objects.HighlightElements/input_field_index'

2020-06-09 15:17:04 - [TEST_STEP][PASSED] - ComboBoxValue = getAttribute(NewInputNmField, "value"): Attribute 'value' of object 'Object Repository/Objects.HighlightElements/input_field_index' is: 'PSI Audit Processing (SM_A)'

2020-06-09 15:17:04 - [MESSAGE][PASSED] - Attribute 'value' of object 'Object Repository/Objects.HighlightElements/input_field_index' is: 'PSI Audit Processing (SM_A)'

2020-06-09 15:17:04 - [TEST_STEP][PASSED] - callTestCase(findTestCase(CallTCName), ["FindValue":ComboBoxValue, "DropdownNm":comboNm], STOP_ON_FAILURE): Call Test Case 'Test Cases/PFI Precision and Scale/HashMap Tables/ConstantHashMap' successfully

2020-06-09 15:17:05 - [TEST_CASE][PASSED] - Test Cases/PFI Precision and Scale/HashMap Tables/ConstantHashMap: Test Cases/PFI Precision and Scale/HashMap Tables/ConstantHashMap

2020-06-09 15:17:05 - [TEST_STEP][PASSED] - ConstantTBL = [1:["PeriodType":"Working Day(s)"], 2:["PeriodType":"Calendar Day(s)"], 3:["PeriodType":"Month(s)"], 4:["TypeOfLetter":"T1"], ... ]: null

2020-06-09 15:17:05 - [TEST_STEP][PASSED] - switch (DropdownNm): null

2020-06-09 15:17:05 - [TEST_STEP][PASSED] - case "PSI":: null

2020-06-09 15:17:05 - [TEST_STEP][PASSED] - ValueFound = ConstantTBL.find({ -> ... }): null

2020-06-09 15:17:05 - [TEST_STEP][PASSED] - break: null

2020-06-09 15:17:05 - [MESSAGE][PASSED] - Call Test Case 'Test Cases/PFI Precision and Scale/HashMap Tables/ConstantHashMap' successfully

2020-06-09 15:17:05 - [TEST_STEP][PASSED] - OutputFile.append("Search Value: " + ComboBoxValue + " " + "Found Value: " + ValueFound + TimeStamp + "
"): null

2020-06-09 15:17:05 - [TEST_STEP][PASSED] - sendKeys(NewInputNmField, Keys.chord(ARROW_DOWN)): Keys 'DOWN + ' sent to object: 'Object Repository/Objects.HighlightElements/input_field_index'

2020-06-09 15:17:05 - [MESSAGE][PASSED] - Keys 'DOWN + ' sent to object: 'Object Repository/Objects.HighlightElements/input_field_index'

2020-06-09 15:17:05 - [TEST_STEP][PASSED] - sendKeys(NewInputNmField, Keys.chord(ARROW_DOWN)): Keys 'DOWN + ' sent to object: 'Object Repository/Objects.HighlightElements/input_field_index'

2020-06-09 15:17:05 - [MESSAGE][PASSED] - Keys 'DOWN + ' sent to object: 'Object Repository/Objects.HighlightElements/input_field_index'

2020-06-09 15:17:05 - [TEST_STEP][PASSED] - delay(DelayTime): Delayed 2 second(s)

2020-06-09 15:17:07 - [MESSAGE][PASSED] - Delayed 2 second(s)

2020-06-09 15:17:07 - [TEST_STEP][PASSED] - sendKeys(NewInputNmField, Keys.chord(ENTER)): Keys 'ENTER + ' sent to object: 'Object Repository/Objects.HighlightElements/input_field_index'

2020-06-09 15:17:07 - [MESSAGE][PASSED] - Keys 'ENTER + ' sent to object: 'Object Repository/Objects.HighlightElements/input_field_index'

2020-06-09 15:17:07 - [TEST_STEP][PASSED] - ComboBoxValue = getAttribute(NewInputNmField, "value"): Attribute 'value' of object 'Object Repository/Objects.HighlightElements/input_field_index' is: 'PSI Ad Hoc Processing (SM_AH)'

2020-06-09 15:17:07 - [MESSAGE][PASSED] - Attribute 'value' of object 'Object Repository/Objects.HighlightElements/input_field_index' is: 'PSI Ad Hoc Processing (SM_AH)'

2020-06-09 15:17:07 - [TEST_STEP][PASSED] - callTestCase(findTestCase(CallTCName), ["FindValue":ComboBoxValue, "DropdownNm":comboNm], STOP_ON_FAILURE): Call Test Case 'Test Cases/PFI Precision and Scale/HashMap Tables/ConstantHashMap' successfully

2020-06-09 15:17:07 - [TEST_CASE][PASSED] - Test Cases/PFI Precision and Scale/HashMap Tables/ConstantHashMap: Test Cases/PFI Precision and Scale/HashMap Tables/ConstantHashMap

2020-06-09 15:17:07 - [TEST_STEP][PASSED] - ConstantTBL = [1:["PeriodType":"Working Day(s)"], 2:["PeriodType":"Calendar Day(s)"], 3:["PeriodType":"Month(s)"], 4:["TypeOfLetter":"T1"], ... ]: null

2020-06-09 15:17:07 - [TEST_STEP][PASSED] - switch (DropdownNm): null

2020-06-09 15:17:07 - [TEST_STEP][PASSED] - case "PSI":: null

2020-06-09 15:17:07 - [TEST_STEP][PASSED] - ValueFound = ConstantTBL.find({ -> ... }): null

2020-06-09 15:17:07 - [TEST_STEP][PASSED] - break: null

2020-06-09 15:17:07 - [MESSAGE][PASSED] - Call Test Case 'Test Cases/PFI Precision and Scale/HashMap Tables/ConstantHashMap' successfully

2020-06-09 15:17:07 - [TEST_STEP][PASSED] - OutputFile.append("Search Value: " + ComboBoxValue + " " + "Found Value: " + ValueFound + TimeStamp + "
"): null

2020-06-09 15:17:07 - [TEST_STEP][PASSED] - sendKeys(NewInputNmField, Keys.chord(ARROW_DOWN)): Keys 'DOWN + ' sent to object: 'Object Repository/Objects.HighlightElements/input_field_index'

2020-06-09 15:17:07 - [MESSAGE][PASSED] - Keys 'DOWN + ' sent to object: 'Object Repository/Objects.HighlightElements/input_field_index'

2020-06-09 15:17:07 - [TEST_STEP][PASSED] - sendKeys(NewInputNmField, Keys.chord(ARROW_DOWN)): Keys 'DOWN + ' sent to object: 'Object Repository/Objects.HighlightElements/input_field_index'

2020-06-09 15:17:07 - [MESSAGE][PASSED] - Keys 'DOWN + ' sent to object: 'Object Repository/Objects.HighlightElements/input_field_index'

2020-06-09 15:17:07 - [TEST_STEP][PASSED] - delay(DelayTime): Delayed 2 second(s)

2020-06-09 15:17:09 - [MESSAGE][PASSED] - Delayed 2 second(s)

2020-06-09 15:17:09 - [TEST_STEP][PASSED] - sendKeys(NewInputNmField, Keys.chord(ENTER)): Keys 'ENTER + ' sent to object: 'Object Repository/Objects.HighlightElements/input_field_index'

2020-06-09 15:17:09 - [MESSAGE][PASSED] - Keys 'ENTER + ' sent to object: 'Object Repository/Objects.HighlightElements/input_field_index'

2020-06-09 15:17:09 - [TEST_STEP][PASSED] - ComboBoxValue = getAttribute(NewInputNmField, "value"): Attribute 'value' of object 'Object Repository/Objects.HighlightElements/input_field_index' is: 'PSI-TOPCSC Interface (SM_TC1)'

2020-06-09 15:17:09 - [MESSAGE][PASSED] - Attribute 'value' of object 'Object Repository/Objects.HighlightElements/input_field_index' is: 'PSI-TOPCSC Interface (SM_TC1)'

2020-06-09 15:17:09 - [TEST_STEP][PASSED] - callTestCase(findTestCase(CallTCName), ["FindValue":ComboBoxValue, "DropdownNm":comboNm], STOP_ON_FAILURE): Call Test Case 'Test Cases/PFI Precision and Scale/HashMap Tables/ConstantHashMap' successfully

2020-06-09 15:17:09 - [TEST_CASE][PASSED] - Test Cases/PFI Precision and Scale/HashMap Tables/ConstantHashMap: Test Cases/PFI Precision and Scale/HashMap Tables/ConstantHashMap

2020-06-09 15:17:09 - [TEST_STEP][PASSED] - ConstantTBL = [1:["PeriodType":"Working Day(s)"], 2:["PeriodType":"Calendar Day(s)"], 3:["PeriodType":"Month(s)"], 4:["TypeOfLetter":"T1"], ... ]: null

2020-06-09 15:17:09 - [TEST_STEP][PASSED] - switch (DropdownNm): null

2020-06-09 15:17:09 - [TEST_STEP][PASSED] - case "PSI":: null

2020-06-09 15:17:09 - [TEST_STEP][PASSED] - ValueFound = ConstantTBL.find({ -> ... }): null

2020-06-09 15:17:09 - [TEST_STEP][PASSED] - break: null

2020-06-09 15:17:09 - [MESSAGE][PASSED] - Call Test Case 'Test Cases/PFI Precision and Scale/HashMap Tables/ConstantHashMap' successfully

2020-06-09 15:17:09 - [TEST_STEP][PASSED] - OutputFile.append("Search Value: " + ComboBoxValue + " " + "Found Value: " + ValueFound + TimeStamp + "
"): null

2020-06-09 15:17:09 - [TEST_STEP][PASSED] - sendKeys(NewInputNmField, Keys.chord(ARROW_DOWN)): Keys 'DOWN + ' sent to object: 'Object Repository/Objects.HighlightElements/input_field_index'

2020-06-09 15:17:09 - [MESSAGE][PASSED] - Keys 'DOWN + ' sent to object: 'Object Repository/Objects.HighlightElements/input_field_index'

2020-06-09 15:17:09 - [TEST_STEP][PASSED] - sendKeys(NewInputNmField, Keys.chord(ARROW_DOWN)): Keys 'DOWN + ' sent to object: 'Object Repository/Objects.HighlightElements/input_field_index'

2020-06-09 15:17:09 - [MESSAGE][PASSED] - Keys 'DOWN + ' sent to object: 'Object Repository/Objects.HighlightElements/input_field_index'

2020-06-09 15:17:09 - [TEST_STEP][PASSED] - delay(DelayTime): Delayed 2 second(s)

2020-06-09 15:17:11 - [MESSAGE][PASSED] - Delayed 2 second(s)

2020-06-09 15:17:11 - [TEST_STEP][PASSED] - sendKeys(NewInputNmField, Keys.chord(ENTER)): Keys 'ENTER + ' sent to object: 'Object Repository/Objects.HighlightElements/input_field_index'

2020-06-09 15:17:11 - [MESSAGE][PASSED] - Keys 'ENTER + ' sent to object: 'Object Repository/Objects.HighlightElements/input_field_index'

2020-06-09 15:17:11 - [TEST_STEP][PASSED] - ComboBoxValue = getAttribute(NewInputNmField, "value"): Attribute 'value' of object 'Object Repository/Objects.HighlightElements/input_field_index' is: 'PSI-TOPCSC Processing (SM_TC2)'

2020-06-09 15:17:11 - [MESSAGE][PASSED] - Attribute 'value' of object 'Object Repository/Objects.HighlightElements/input_field_index' is: 'PSI-TOPCSC Processing (SM_TC2)'

2020-06-09 15:17:11 - [TEST_STEP][PASSED] - callTestCase(findTestCase(CallTCName), ["FindValue":ComboBoxValue, "DropdownNm":comboNm], STOP_ON_FAILURE): Call Test Case 'Test Cases/PFI Precision and Scale/HashMap Tables/ConstantHashMap' successfully

2020-06-09 15:17:11 - [TEST_CASE][PASSED] - Test Cases/PFI Precision and Scale/HashMap Tables/ConstantHashMap: Test Cases/PFI Precision and Scale/HashMap Tables/ConstantHashMap

2020-06-09 15:17:11 - [TEST_STEP][PASSED] - ConstantTBL = [1:["PeriodType":"Working Day(s)"], 2:["PeriodType":"Calendar Day(s)"], 3:["PeriodType":"Month(s)"], 4:["TypeOfLetter":"T1"], ... ]: null

2020-06-09 15:17:11 - [TEST_STEP][PASSED] - switch (DropdownNm): null

2020-06-09 15:17:11 - [TEST_STEP][PASSED] - case "PSI":: null

2020-06-09 15:17:11 - [TEST_STEP][PASSED] - ValueFound = ConstantTBL.find({ -> ... }): null

2020-06-09 15:17:11 - [TEST_STEP][PASSED] - break: null

2020-06-09 15:17:11 - [MESSAGE][PASSED] - Call Test Case 'Test Cases/PFI Precision and Scale/HashMap Tables/ConstantHashMap' successfully

2020-06-09 15:17:11 - [TEST_STEP][PASSED] - OutputFile.append("Search Value: " + ComboBoxValue + " " + "Found Value: " + ValueFound + TimeStamp + "
"): null

2020-06-09 15:17:11 - [TEST_STEP][PASSED] - sendKeys(NewInputNmField, Keys.chord(ARROW_DOWN)): Keys 'DOWN + ' sent to object: 'Object Repository/Objects.HighlightElements/input_field_index'

2020-06-09 15:17:11 - [MESSAGE][PASSED] - Keys 'DOWN + ' sent to object: 'Object Repository/Objects.HighlightElements/input_field_index'

2020-06-09 15:17:11 - [TEST_STEP][PASSED] - sendKeys(NewInputNmField, Keys.chord(ARROW_DOWN)): Keys 'DOWN + ' sent to object: 'Object Repository/Objects.HighlightElements/input_field_index'

2020-06-09 15:17:11 - [MESSAGE][PASSED] - Keys 'DOWN + ' sent to object: 'Object Repository/Objects.HighlightElements/input_field_index'

2020-06-09 15:17:11 - [TEST_STEP][PASSED] - delay(DelayTime): Delayed 2 second(s)

2020-06-09 15:17:13 - [MESSAGE][PASSED] - Delayed 2 second(s)

2020-06-09 15:17:13 - [TEST_STEP][PASSED] - sendKeys(NewInputNmField, Keys.chord(ENTER)): Keys 'ENTER + ' sent to object: 'Object Repository/Objects.HighlightElements/input_field_index'

2020-06-09 15:17:13 - [MESSAGE][PASSED] - Keys 'ENTER + ' sent to object: 'Object Repository/Objects.HighlightElements/input_field_index'

2020-06-09 15:17:13 - [TEST_STEP][PASSED] - ComboBoxValue = getAttribute(NewInputNmField, "value"): Attribute 'value' of object 'Object Repository/Objects.HighlightElements/input_field_index' is: 'Appointment of SE under S28 (SM1)'

2020-06-09 15:17:13 - [MESSAGE][PASSED] - Attribute 'value' of object 'Object Repository/Objects.HighlightElements/input_field_index' is: 'Appointment of SE under S28 (SM1)'

2020-06-09 15:17:13 - [TEST_STEP][PASSED] - callTestCase(findTestCase(CallTCName), ["FindValue":ComboBoxValue, "DropdownNm":comboNm], STOP_ON_FAILURE): Call Test Case 'Test Cases/PFI Precision and Scale/HashMap Tables/ConstantHashMap' successfully

2020-06-09 15:17:13 - [TEST_CASE][PASSED] - Test Cases/PFI Precision and Scale/HashMap Tables/ConstantHashMap: Test Cases/PFI Precision and Scale/HashMap Tables/ConstantHashMap

2020-06-09 15:17:13 - [TEST_STEP][PASSED] - ConstantTBL = [1:["PeriodType":"Working Day(s)"], 2:["PeriodType":"Calendar Day(s)"], 3:["PeriodType":"Month(s)"], 4:["TypeOfLetter":"T1"], ... ]: null

2020-06-09 15:17:13 - [TEST_STEP][PASSED] - switch (DropdownNm): null

2020-06-09 15:17:13 - [TEST_STEP][PASSED] - case "PSI":: null

2020-06-09 15:17:13 - [TEST_STEP][PASSED] - ValueFound = ConstantTBL.find({ -> ... }): null

2020-06-09 15:17:13 - [TEST_STEP][PASSED] - break: null

2020-06-09 15:17:13 - [MESSAGE][PASSED] - Call Test Case 'Test Cases/PFI Precision and Scale/HashMap Tables/ConstantHashMap' successfully

2020-06-09 15:17:13 - [TEST_STEP][PASSED] - OutputFile.append("Search Value: " + ComboBoxValue + " " + "Found Value: " + ValueFound + TimeStamp + "
"): null

2020-06-09 15:17:13 - [TEST_STEP][PASSED] - sendKeys(NewInputNmField, Keys.chord(ARROW_DOWN)): Keys 'DOWN + ' sent to object: 'Object Repository/Objects.HighlightElements/input_field_index'

2020-06-09 15:17:13 - [MESSAGE][PASSED] - Keys 'DOWN + ' sent to object: 'Object Repository/Objects.HighlightElements/input_field_index'

2020-06-09 15:17:13 - [TEST_STEP][PASSED] - sendKeys(NewInputNmField, Keys.chord(ARROW_DOWN)): Keys 'DOWN + ' sent to object: 'Object Repository/Objects.HighlightElements/input_field_index'

2020-06-09 15:17:14 - [MESSAGE][PASSED] - Keys 'DOWN + ' sent to object: 'Object Repository/Objects.HighlightElements/input_field_index'

2020-06-09 15:17:14 - [TEST_STEP][PASSED] - delay(DelayTime): Delayed 2 second(s)

2020-06-09 15:17:16 - [MESSAGE][PASSED] - Delayed 2 second(s)

2020-06-09 15:17:16 - [TEST_STEP][PASSED] - sendKeys(NewInputNmField, Keys.chord(ENTER)): Keys 'ENTER + ' sent to object: 'Object Repository/Objects.HighlightElements/input_field_index'

2020-06-09 15:17:16 - [MESSAGE][PASSED] - Keys 'ENTER + ' sent to object: 'Object Repository/Objects.HighlightElements/input_field_index'

2020-06-09 15:17:16 - [TEST_STEP][PASSED] - ComboBoxValue = getAttribute(NewInputNmField, "value"): Attribute 'value' of object 'Object Repository/Objects.HighlightElements/input_field_index' is: 'SM1-CR (SM1-CR)'

2020-06-09 15:17:16 - [MESSAGE][PASSED] - Attribute 'value' of object 'Object Repository/Objects.HighlightElements/input_field_index' is: 'SM1-CR (SM1-CR)'

2020-06-09 15:17:16 - [TEST_STEP][PASSED] - callTestCase(findTestCase(CallTCName), ["FindValue":ComboBoxValue, "DropdownNm":comboNm], STOP_ON_FAILURE): Call Test Case 'Test Cases/PFI Precision and Scale/HashMap Tables/ConstantHashMap' successfully

2020-06-09 15:17:16 - [TEST_CASE][PASSED] - Test Cases/PFI Precision and Scale/HashMap Tables/ConstantHashMap: Test Cases/PFI Precision and Scale/HashMap Tables/ConstantHashMap

2020-06-09 15:17:16 - [TEST_STEP][PASSED] - ConstantTBL = [1:["PeriodType":"Working Day(s)"], 2:["PeriodType":"Calendar Day(s)"], 3:["PeriodType":"Month(s)"], 4:["TypeOfLetter":"T1"], ... ]: null

2020-06-09 15:17:16 - [TEST_STEP][PASSED] - switch (DropdownNm): null

2020-06-09 15:17:16 - [TEST_STEP][PASSED] - case "PSI":: null

2020-06-09 15:17:16 - [TEST_STEP][PASSED] - ValueFound = ConstantTBL.find({ -> ... }): null

2020-06-09 15:17:16 - [TEST_STEP][PASSED] - break: null

2020-06-09 15:17:16 - [MESSAGE][PASSED] - Call Test Case 'Test Cases/PFI Precision and Scale/HashMap Tables/ConstantHashMap' successfully

2020-06-09 15:17:16 - [TEST_STEP][PASSED] - OutputFile.append("Search Value: " + ComboBoxValue + " " + "Found Value: " + ValueFound + TimeStamp + "
"): null

2020-06-09 15:17:16 - [TEST_STEP][PASSED] - sendKeys(NewInputNmField, Keys.chord(ARROW_DOWN)): Keys 'DOWN + ' sent to object: 'Object Repository/Objects.HighlightElements/input_field_index'

2020-06-09 15:17:16 - [MESSAGE][PASSED] - Keys 'DOWN + ' sent to object: 'Object Repository/Objects.HighlightElements/input_field_index'

2020-06-09 15:17:16 - [TEST_STEP][PASSED] - sendKeys(NewInputNmField, Keys.chord(ARROW_DOWN)): Keys 'DOWN + ' sent to object: 'Object Repository/Objects.HighlightElements/input_field_index'

2020-06-09 15:17:16 - [MESSAGE][PASSED] - Keys 'DOWN + ' sent to object: 'Object Repository/Objects.HighlightElements/input_field_index'

2020-06-09 15:17:16 - [TEST_STEP][PASSED] - delay(DelayTime): Delayed 2 second(s)

2020-06-09 15:17:18 - [MESSAGE][PASSED] - Delayed 2 second(s)

2020-06-09 15:17:18 - [TEST_STEP][PASSED] - sendKeys(NewInputNmField, Keys.chord(ENTER)): Keys 'ENTER + ' sent to object: 'Object Repository/Objects.HighlightElements/input_field_index'

2020-06-09 15:17:18 - [MESSAGE][PASSED] - Keys 'ENTER + ' sent to object: 'Object Repository/Objects.HighlightElements/input_field_index'

2020-06-09 15:17:18 - [TEST_STEP][PASSED] - ComboBoxValue = getAttribute(NewInputNmField, "value"): Attribute 'value' of object 'Object Repository/Objects.HighlightElements/input_field_index' is: 'Visual Inspection Report under S28 (SM2)'

2020-06-09 15:17:18 - [MESSAGE][PASSED] - Attribute 'value' of object 'Object Repository/Objects.HighlightElements/input_field_index' is: 'Visual Inspection Report under S28 (SM2)'

2020-06-09 15:17:18 - [TEST_STEP][PASSED] - callTestCase(findTestCase(CallTCName), ["FindValue":ComboBoxValue, "DropdownNm":comboNm], STOP_ON_FAILURE): Call Test Case 'Test Cases/PFI Precision and Scale/HashMap Tables/ConstantHashMap' successfully

2020-06-09 15:17:18 - [TEST_CASE][PASSED] - Test Cases/PFI Precision and Scale/HashMap Tables/ConstantHashMap: Test Cases/PFI Precision and Scale/HashMap Tables/ConstantHashMap

2020-06-09 15:17:18 - [TEST_STEP][PASSED] - ConstantTBL = [1:["PeriodType":"Working Day(s)"], 2:["PeriodType":"Calendar Day(s)"], 3:["PeriodType":"Month(s)"], 4:["TypeOfLetter":"T1"], ... ]: null

2020-06-09 15:17:18 - [TEST_STEP][PASSED] - switch (DropdownNm): null

2020-06-09 15:17:18 - [TEST_STEP][PASSED] - case "PSI":: null

2020-06-09 15:17:18 - [TEST_STEP][PASSED] - ValueFound = ConstantTBL.find({ -> ... }): null

2020-06-09 15:17:18 - [TEST_STEP][PASSED] - break: null

2020-06-09 15:17:18 - [MESSAGE][PASSED] - Call Test Case 'Test Cases/PFI Precision and Scale/HashMap Tables/ConstantHashMap' successfully

2020-06-09 15:17:18 - [TEST_STEP][PASSED] - OutputFile.append("Search Value: " + ComboBoxValue + " " + "Found Value: " + ValueFound + TimeStamp + "
"): null

2020-06-09 15:17:18 - [TEST_STEP][PASSED] - sendKeys(NewInputNmField, Keys.chord(ARROW_DOWN)): Keys 'DOWN + ' sent to object: 'Object Repository/Objects.HighlightElements/input_field_index'

2020-06-09 15:17:18 - [MESSAGE][PASSED] - Keys 'DOWN + ' sent to object: 'Object Repository/Objects.HighlightElements/input_field_index'

2020-06-09 15:17:18 - [TEST_STEP][PASSED] - sendKeys(NewInputNmField, Keys.chord(ARROW_DOWN)): Keys 'DOWN + ' sent to object: 'Object Repository/Objects.HighlightElements/input_field_index'

2020-06-09 15:17:18 - [MESSAGE][PASSED] - Keys 'DOWN + ' sent to object: 'Object Repository/Objects.HighlightElements/input_field_index'

2020-06-09 15:17:18 - [TEST_STEP][PASSED] - delay(DelayTime): Delayed 2 second(s)

2020-06-09 15:17:20 - [MESSAGE][PASSED] - Delayed 2 second(s)

2020-06-09 15:17:20 - [TEST_STEP][PASSED] - sendKeys(NewInputNmField, Keys.chord(ENTER)): Keys 'ENTER + ' sent to object: 'Object Repository/Objects.HighlightElements/input_field_index'

2020-06-09 15:17:20 - [MESSAGE][PASSED] - Keys 'ENTER + ' sent to object: 'Object Repository/Objects.HighlightElements/input_field_index'

2020-06-09 15:17:20 - [TEST_STEP][PASSED] - ComboBoxValue = getAttribute(NewInputNmField, "value"): Attribute 'value' of object 'Object Repository/Objects.HighlightElements/input_field_index' is: 'SM2-CR (SM2-CR)'

2020-06-09 15:17:20 - [MESSAGE][PASSED] - Attribute 'value' of object 'Object Repository/Objects.HighlightElements/input_field_index' is: 'SM2-CR (SM2-CR)'

2020-06-09 15:17:20 - [TEST_STEP][PASSED] - callTestCase(findTestCase(CallTCName), ["FindValue":ComboBoxValue, "DropdownNm":comboNm], STOP_ON_FAILURE): Call Test Case 'Test Cases/PFI Precision and Scale/HashMap Tables/ConstantHashMap' successfully

2020-06-09 15:17:20 - [TEST_CASE][PASSED] - Test Cases/PFI Precision and Scale/HashMap Tables/ConstantHashMap: Test Cases/PFI Precision and Scale/HashMap Tables/ConstantHashMap

2020-06-09 15:17:20 - [TEST_STEP][PASSED] - ConstantTBL = [1:["PeriodType":"Working Day(s)"], 2:["PeriodType":"Calendar Day(s)"], 3:["PeriodType":"Month(s)"], 4:["TypeOfLetter":"T1"], ... ]: null

2020-06-09 15:17:20 - [TEST_STEP][PASSED] - switch (DropdownNm): null

2020-06-09 15:17:20 - [TEST_STEP][PASSED] - case "PSI":: null

2020-06-09 15:17:20 - [TEST_STEP][PASSED] - ValueFound = ConstantTBL.find({ -> ... }): null

2020-06-09 15:17:20 - [TEST_STEP][PASSED] - break: null

2020-06-09 15:17:20 - [MESSAGE][PASSED] - Call Test Case 'Test Cases/PFI Precision and Scale/HashMap Tables/ConstantHashMap' successfully

2020-06-09 15:17:20 - [TEST_STEP][PASSED] - OutputFile.append("Search Value: " + ComboBoxValue + " " + "Found Value: " + ValueFound + TimeStamp + "
"): null

2020-06-09 15:17:20 - [TEST_STEP][PASSED] - sendKeys(NewInputNmField, Keys.chord(ARROW_DOWN)): Keys 'DOWN + ' sent to object: 'Object Repository/Objects.HighlightElements/input_field_index'

2020-06-09 15:17:20 - [MESSAGE][PASSED] - Keys 'DOWN + ' sent to object: 'Object Repository/Objects.HighlightElements/input_field_index'

2020-06-09 15:17:20 - [TEST_STEP][PASSED] - sendKeys(NewInputNmField, Keys.chord(ARROW_DOWN)): Keys 'DOWN + ' sent to object: 'Object Repository/Objects.HighlightElements/input_field_index'

2020-06-09 15:17:20 - [MESSAGE][PASSED] - Keys 'DOWN + ' sent to object: 'Object Repository/Objects.HighlightElements/input_field_index'

2020-06-09 15:17:20 - [TEST_STEP][PASSED] - delay(DelayTime): Delayed 2 second(s)

2020-06-09 15:17:22 - [MESSAGE][PASSED] - Delayed 2 second(s)

2020-06-09 15:17:22 - [TEST_STEP][PASSED] - sendKeys(NewInputNmField, Keys.chord(ENTER)): Keys 'ENTER + ' sent to object: 'Object Repository/Objects.HighlightElements/input_field_index'

2020-06-09 15:17:22 - [MESSAGE][PASSED] - Keys 'ENTER + ' sent to object: 'Object Repository/Objects.HighlightElements/input_field_index'

2020-06-09 15:17:22 - [TEST_STEP][PASSED] - ComboBoxValue = getAttribute(NewInputNmField, "value"): Attribute 'value' of object 'Object Repository/Objects.HighlightElements/input_field_index' is: 'Visual Insp Report under S28 - Suspected Defects (SM3)'

2020-06-09 15:17:22 - [MESSAGE][PASSED] - Attribute 'value' of object 'Object Repository/Objects.HighlightElements/input_field_index' is: 'Visual Insp Report under S28 - Suspected Defects (SM3)'

2020-06-09 15:17:22 - [TEST_STEP][PASSED] - callTestCase(findTestCase(CallTCName), ["FindValue":ComboBoxValue, "DropdownNm":comboNm], STOP_ON_FAILURE): Call Test Case 'Test Cases/PFI Precision and Scale/HashMap Tables/ConstantHashMap' successfully

2020-06-09 15:17:22 - [TEST_CASE][PASSED] - Test Cases/PFI Precision and Scale/HashMap Tables/ConstantHashMap: Test Cases/PFI Precision and Scale/HashMap Tables/ConstantHashMap

2020-06-09 15:17:22 - [TEST_STEP][PASSED] - ConstantTBL = [1:["PeriodType":"Working Day(s)"], 2:["PeriodType":"Calendar Day(s)"], 3:["PeriodType":"Month(s)"], 4:["TypeOfLetter":"T1"], ... ]: null

2020-06-09 15:17:22 - [TEST_STEP][PASSED] - switch (DropdownNm): null

2020-06-09 15:17:22 - [TEST_STEP][PASSED] - case "PSI":: null

2020-06-09 15:17:22 - [TEST_STEP][PASSED] - ValueFound = ConstantTBL.find({ -> ... }): null

2020-06-09 15:17:22 - [TEST_STEP][PASSED] - break: null

2020-06-09 15:17:22 - [MESSAGE][PASSED] - Call Test Case 'Test Cases/PFI Precision and Scale/HashMap Tables/ConstantHashMap' successfully

2020-06-09 15:17:22 - [TEST_STEP][PASSED] - OutputFile.append("Search Value: " + ComboBoxValue + " " + "Found Value: " + ValueFound + TimeStamp + "
"): null

2020-06-09 15:17:22 - [TEST_STEP][PASSED] - sendKeys(NewInputNmField, Keys.chord(ARROW_DOWN)): Keys 'DOWN + ' sent to object: 'Object Repository/Objects.HighlightElements/input_field_index'

2020-06-09 15:17:22 - [MESSAGE][PASSED] - Keys 'DOWN + ' sent to object: 'Object Repository/Objects.HighlightElements/input_field_index'

2020-06-09 15:17:22 - [TEST_STEP][PASSED] - sendKeys(NewInputNmField, Keys.chord(ARROW_DOWN)): Keys 'DOWN + ' sent to object: 'Object Repository/Objects.HighlightElements/input_field_index'

2020-06-09 15:17:22 - [MESSAGE][PASSED] - Keys 'DOWN + ' sent to object: 'Object Repository/Objects.HighlightElements/input_field_index'

2020-06-09 15:17:22 - [TEST_STEP][PASSED] - delay(DelayTime): Delayed 2 second(s)

2020-06-09 15:17:24 - [MESSAGE][PASSED] - Delayed 2 second(s)

2020-06-09 15:17:24 - [TEST_STEP][PASSED] - sendKeys(NewInputNmField, Keys.chord(ENTER)): Keys 'ENTER + ' sent to object: 'Object Repository/Objects.HighlightElements/input_field_index'

2020-06-09 15:17:24 - [MESSAGE][PASSED] - Keys 'ENTER + ' sent to object: 'Object Repository/Objects.HighlightElements/input_field_index'

2020-06-09 15:17:24 - [TEST_STEP][PASSED] - ComboBoxValue = getAttribute(NewInputNmField, "value"): Attribute 'value' of object 'Object Repository/Objects.HighlightElements/input_field_index' is: 'SM3-CR (SM3-CR)'

2020-06-09 15:17:25 - [MESSAGE][PASSED] - Attribute 'value' of object 'Object Repository/Objects.HighlightElements/input_field_index' is: 'SM3-CR (SM3-CR)'

2020-06-09 15:17:25 - [TEST_STEP][PASSED] - callTestCase(findTestCase(CallTCName), ["FindValue":ComboBoxValue, "DropdownNm":comboNm], STOP_ON_FAILURE): Call Test Case 'Test Cases/PFI Precision and Scale/HashMap Tables/ConstantHashMap' successfully

2020-06-09 15:17:25 - [TEST_CASE][PASSED] - Test Cases/PFI Precision and Scale/HashMap Tables/ConstantHashMap: Test Cases/PFI Precision and Scale/HashMap Tables/ConstantHashMap

2020-06-09 15:17:25 - [TEST_STEP][PASSED] - ConstantTBL = [1:["PeriodType":"Working Day(s)"], 2:["PeriodType":"Calendar Day(s)"], 3:["PeriodType":"Month(s)"], 4:["TypeOfLetter":"T1"], ... ]: null

2020-06-09 15:17:25 - [TEST_STEP][PASSED] - switch (DropdownNm): null

2020-06-09 15:17:25 - [TEST_STEP][PASSED] - case "PSI":: null

2020-06-09 15:17:25 - [TEST_STEP][PASSED] - ValueFound = ConstantTBL.find({ -> ... }): null

2020-06-09 15:17:25 - [TEST_STEP][PASSED] - break: null

2020-06-09 15:17:25 - [MESSAGE][PASSED] - Call Test Case 'Test Cases/PFI Precision and Scale/HashMap Tables/ConstantHashMap' successfully

2020-06-09 15:17:25 - [TEST_STEP][PASSED] - OutputFile.append("Search Value: " + ComboBoxValue + " " + "Found Value: " + ValueFound + TimeStamp + "
"): null

2020-06-09 15:17:25 - [TEST_STEP][PASSED] - sendKeys(NewInputNmField, Keys.chord(ARROW_DOWN)): Keys 'DOWN + ' sent to object: 'Object Repository/Objects.HighlightElements/input_field_index'

2020-06-09 15:17:25 - [MESSAGE][PASSED] - Keys 'DOWN + ' sent to object: 'Object Repository/Objects.HighlightElements/input_field_index'

2020-06-09 15:17:25 - [TEST_STEP][PASSED] - sendKeys(NewInputNmField, Keys.chord(ARROW_DOWN)): Keys 'DOWN + ' sent to object: 'Object Repository/Objects.HighlightElements/input_field_index'

2020-06-09 15:17:25 - [MESSAGE][PASSED] - Keys 'DOWN + ' sent to object: 'Object Repository/Objects.HighlightElements/input_field_index'

2020-06-09 15:17:25 - [TEST_STEP][PASSED] - delay(DelayTime): Delayed 2 second(s)

2020-06-09 15:17:27 - [MESSAGE][PASSED] - Delayed 2 second(s)

2020-06-09 15:17:27 - [TEST_STEP][PASSED] - sendKeys(NewInputNmField, Keys.chord(ENTER)): Keys 'ENTER + ' sent to object: 'Object Repository/Objects.HighlightElements/input_field_index'

2020-06-09 15:17:27 - [MESSAGE][PASSED] - Keys 'ENTER + ' sent to object: 'Object Repository/Objects.HighlightElements/input_field_index'

2020-06-09 15:17:27 - [TEST_STEP][PASSED] - ComboBoxValue = getAttribute(NewInputNmField, "value"): Attribute 'value' of object 'Object Repository/Objects.HighlightElements/input_field_index' is: 'Localised or Full Stru Investigation Rpt under S28 (SM4)'

2020-06-09 15:17:27 - [MESSAGE][PASSED] - Attribute 'value' of object 'Object Repository/Objects.HighlightElements/input_field_index' is: 'Localised or Full Stru Investigation Rpt under S28 (SM4)'

2020-06-09 15:17:27 - [TEST_STEP][PASSED] - callTestCase(findTestCase(CallTCName), ["FindValue":ComboBoxValue, "DropdownNm":comboNm], STOP_ON_FAILURE): Call Test Case 'Test Cases/PFI Precision and Scale/HashMap Tables/ConstantHashMap' successfully

2020-06-09 15:17:27 - [TEST_CASE][PASSED] - Test Cases/PFI Precision and Scale/HashMap Tables/ConstantHashMap: Test Cases/PFI Precision and Scale/HashMap Tables/ConstantHashMap

2020-06-09 15:17:27 - [TEST_STEP][PASSED] - ConstantTBL = [1:["PeriodType":"Working Day(s)"], 2:["PeriodType":"Calendar Day(s)"], 3:["PeriodType":"Month(s)"], 4:["TypeOfLetter":"T1"], ... ]: null

2020-06-09 15:17:27 - [TEST_STEP][PASSED] - switch (DropdownNm): null

2020-06-09 15:17:27 - [TEST_STEP][PASSED] - case "PSI":: null

2020-06-09 15:17:27 - [TEST_STEP][PASSED] - ValueFound = ConstantTBL.find({ -> ... }): null

2020-06-09 15:17:27 - [TEST_STEP][PASSED] - break: null

2020-06-09 15:17:27 - [MESSAGE][PASSED] - Call Test Case 'Test Cases/PFI Precision and Scale/HashMap Tables/ConstantHashMap' successfully

2020-06-09 15:17:27 - [TEST_STEP][PASSED] - OutputFile.append("Search Value: " + ComboBoxValue + " " + "Found Value: " + ValueFound + TimeStamp + "
"): null

2020-06-09 15:17:27 - [TEST_STEP][PASSED] - sendKeys(NewInputNmField, Keys.chord(ARROW_DOWN)): Keys 'DOWN + ' sent to object: 'Object Repository/Objects.HighlightElements/input_field_index'

2020-06-09 15:17:27 - [MESSAGE][PASSED] - Keys 'DOWN + ' sent to object: 'Object Repository/Objects.HighlightElements/input_field_index'

2020-06-09 15:17:27 - [TEST_STEP][PASSED] - sendKeys(NewInputNmField, Keys.chord(ARROW_DOWN)): Keys 'DOWN + ' sent to object: 'Object Repository/Objects.HighlightElements/input_field_index'

2020-06-09 15:17:27 - [MESSAGE][PASSED] - Keys 'DOWN + ' sent to object: 'Object Repository/Objects.HighlightElements/input_field_index'

2020-06-09 15:17:27 - [TEST_STEP][PASSED] - delay(DelayTime): Delayed 2 second(s)

2020-06-09 15:17:29 - [MESSAGE][PASSED] - Delayed 2 second(s)

2020-06-09 15:17:29 - [TEST_STEP][PASSED] - sendKeys(NewInputNmField, Keys.chord(ENTER)): Keys 'ENTER + ' sent to object: 'Object Repository/Objects.HighlightElements/input_field_index'

2020-06-09 15:17:29 - [MESSAGE][PASSED] - Keys 'ENTER + ' sent to object: 'Object Repository/Objects.HighlightElements/input_field_index'

2020-06-09 15:17:29 - [TEST_STEP][PASSED] - ComboBoxValue = getAttribute(NewInputNmField, "value"): Attribute 'value' of object 'Object Repository/Objects.HighlightElements/input_field_index' is: 'SM4-CR (SM4-CR)'

2020-06-09 15:17:29 - [MESSAGE][PASSED] - Attribute 'value' of object 'Object Repository/Objects.HighlightElements/input_field_index' is: 'SM4-CR (SM4-CR)'

2020-06-09 15:17:29 - [TEST_STEP][PASSED] - callTestCase(findTestCase(CallTCName), ["FindValue":ComboBoxValue, "DropdownNm":comboNm], STOP_ON_FAILURE): Call Test Case 'Test Cases/PFI Precision and Scale/HashMap Tables/ConstantHashMap' successfully

2020-06-09 15:17:29 - [TEST_CASE][PASSED] - Test Cases/PFI Precision and Scale/HashMap Tables/ConstantHashMap: Test Cases/PFI Precision and Scale/HashMap Tables/ConstantHashMap

2020-06-09 15:17:29 - [TEST_STEP][PASSED] - ConstantTBL = [1:["PeriodType":"Working Day(s)"], 2:["PeriodType":"Calendar Day(s)"], 3:["PeriodType":"Month(s)"], 4:["TypeOfLetter":"T1"], ... ]: null

2020-06-09 15:17:29 - [TEST_STEP][PASSED] - switch (DropdownNm): null

2020-06-09 15:17:29 - [TEST_STEP][PASSED] - case "PSI":: null

2020-06-09 15:17:29 - [TEST_STEP][PASSED] - ValueFound = ConstantTBL.find({ -> ... }): null

2020-06-09 15:17:29 - [TEST_STEP][PASSED] - break: null

2020-06-09 15:17:29 - [MESSAGE][PASSED] - Call Test Case 'Test Cases/PFI Precision and Scale/HashMap Tables/ConstantHashMap' successfully

2020-06-09 15:17:29 - [TEST_STEP][PASSED] - OutputFile.append("Search Value: " + ComboBoxValue + " " + "Found Value: " + ValueFound + TimeStamp + "
"): null

2020-06-09 15:17:29 - [TEST_STEP][PASSED] - sendKeys(NewInputNmField, Keys.chord(ARROW_DOWN)): Keys 'DOWN + ' sent to object: 'Object Repository/Objects.HighlightElements/input_field_index'

2020-06-09 15:17:29 - [MESSAGE][PASSED] - Keys 'DOWN + ' sent to object: 'Object Repository/Objects.HighlightElements/input_field_index'

2020-06-09 15:17:29 - [TEST_STEP][PASSED] - sendKeys(NewInputNmField, Keys.chord(ARROW_DOWN)): Keys 'DOWN + ' sent to object: 'Object Repository/Objects.HighlightElements/input_field_index'

2020-06-09 15:17:29 - [MESSAGE][PASSED] - Keys 'DOWN + ' sent to object: 'Object Repository/Objects.HighlightElements/input_field_index'

2020-06-09 15:17:29 - [TEST_STEP][PASSED] - delay(DelayTime): Delayed 2 second(s)

2020-06-09 15:17:31 - [MESSAGE][PASSED] - Delayed 2 second(s)

2020-06-09 15:17:31 - [TEST_STEP][PASSED] - sendKeys(NewInputNmField, Keys.chord(ENTER)): Keys 'ENTER + ' sent to object: 'Object Repository/Objects.HighlightElements/input_field_index'

2020-06-09 15:17:31 - [MESSAGE][PASSED] - Keys 'ENTER + ' sent to object: 'Object Repository/Objects.HighlightElements/input_field_index'

2020-06-09 15:17:31 - [TEST_STEP][PASSED] - ComboBoxValue = getAttribute(NewInputNmField, "value"): Attribute 'value' of object 'Object Repository/Objects.HighlightElements/input_field_index' is: 'Loc or Full Stru Inv Rpt S28 - Suspected Stru Def (SM5)'

2020-06-09 15:17:31 - [MESSAGE][PASSED] - Attribute 'value' of object 'Object Repository/Objects.HighlightElements/input_field_index' is: 'Loc or Full Stru Inv Rpt S28 - Suspected Stru Def (SM5)'

2020-06-09 15:17:31 - [TEST_STEP][PASSED] - callTestCase(findTestCase(CallTCName), ["FindValue":ComboBoxValue, "DropdownNm":comboNm], STOP_ON_FAILURE): Call Test Case 'Test Cases/PFI Precision and Scale/HashMap Tables/ConstantHashMap' successfully

2020-06-09 15:17:31 - [TEST_CASE][PASSED] - Test Cases/PFI Precision and Scale/HashMap Tables/ConstantHashMap: Test Cases/PFI Precision and Scale/HashMap Tables/ConstantHashMap

2020-06-09 15:17:31 - [TEST_STEP][PASSED] - ConstantTBL = [1:["PeriodType":"Working Day(s)"], 2:["PeriodType":"Calendar Day(s)"], 3:["PeriodType":"Month(s)"], 4:["TypeOfLetter":"T1"], ... ]: null

2020-06-09 15:17:31 - [TEST_STEP][PASSED] - switch (DropdownNm): null

2020-06-09 15:17:31 - [TEST_STEP][PASSED] - case "PSI":: null

2020-06-09 15:17:31 - [TEST_STEP][PASSED] - ValueFound = ConstantTBL.find({ -> ... }): null

2020-06-09 15:17:31 - [TEST_STEP][PASSED] - break: null

2020-06-09 15:17:31 - [MESSAGE][PASSED] - Call Test Case 'Test Cases/PFI Precision and Scale/HashMap Tables/ConstantHashMap' successfully

2020-06-09 15:17:31 - [TEST_STEP][PASSED] - OutputFile.append("Search Value: " + ComboBoxValue + " " + "Found Value: " + ValueFound + TimeStamp + "
"): null

2020-06-09 15:17:31 - [TEST_STEP][PASSED] - sendKeys(NewInputNmField, Keys.chord(ARROW_DOWN)): Keys 'DOWN + ' sent to object: 'Object Repository/Objects.HighlightElements/input_field_index'

2020-06-09 15:17:31 - [MESSAGE][PASSED] - Keys 'DOWN + ' sent to object: 'Object Repository/Objects.HighlightElements/input_field_index'

2020-06-09 15:17:31 - [TEST_STEP][PASSED] - sendKeys(NewInputNmField, Keys.chord(ARROW_DOWN)): Keys 'DOWN + ' sent to object: 'Object Repository/Objects.HighlightElements/input_field_index'

2020-06-09 15:17:31 - [MESSAGE][PASSED] - Keys 'DOWN + ' sent to object: 'Object Repository/Objects.HighlightElements/input_field_index'

2020-06-09 15:17:31 - [TEST_STEP][PASSED] - delay(DelayTime): Delayed 2 second(s)

2020-06-09 15:17:33 - [MESSAGE][PASSED] - Delayed 2 second(s)

2020-06-09 15:17:33 - [TEST_STEP][PASSED] - sendKeys(NewInputNmField, Keys.chord(ENTER)): Keys 'ENTER + ' sent to object: 'Object Repository/Objects.HighlightElements/input_field_index'

2020-06-09 15:17:33 - [MESSAGE][PASSED] - Keys 'ENTER + ' sent to object: 'Object Repository/Objects.HighlightElements/input_field_index'

2020-06-09 15:17:33 - [TEST_STEP][PASSED] - ComboBoxValue = getAttribute(NewInputNmField, "value"): Attribute 'value' of object 'Object Repository/Objects.HighlightElements/input_field_index' is: 'SM5-CR (SM5-CR)'

2020-06-09 15:17:33 - [MESSAGE][PASSED] - Attribute 'value' of object 'Object Repository/Objects.HighlightElements/input_field_index' is: 'SM5-CR (SM5-CR)'

2020-06-09 15:17:33 - [TEST_STEP][PASSED] - callTestCase(findTestCase(CallTCName), ["FindValue":ComboBoxValue, "DropdownNm":comboNm], STOP_ON_FAILURE): Call Test Case 'Test Cases/PFI Precision and Scale/HashMap Tables/ConstantHashMap' successfully

2020-06-09 15:17:34 - [TEST_CASE][PASSED] - Test Cases/PFI Precision and Scale/HashMap Tables/ConstantHashMap: Test Cases/PFI Precision and Scale/HashMap Tables/ConstantHashMap

2020-06-09 15:17:34 - [TEST_STEP][PASSED] - ConstantTBL = [1:["PeriodType":"Working Day(s)"], 2:["PeriodType":"Calendar Day(s)"], 3:["PeriodType":"Month(s)"], 4:["TypeOfLetter":"T1"], ... ]: null

2020-06-09 15:17:34 - [TEST_STEP][PASSED] - switch (DropdownNm): null

2020-06-09 15:17:34 - [TEST_STEP][PASSED] - case "PSI":: null

2020-06-09 15:17:34 - [TEST_STEP][PASSED] - ValueFound = ConstantTBL.find({ -> ... }): null

2020-06-09 15:17:34 - [TEST_STEP][PASSED] - break: null

2020-06-09 15:17:34 - [MESSAGE][PASSED] - Call Test Case 'Test Cases/PFI Precision and Scale/HashMap Tables/ConstantHashMap' successfully

2020-06-09 15:17:34 - [TEST_STEP][PASSED] - OutputFile.append("Search Value: " + ComboBoxValue + " " + "Found Value: " + ValueFound + TimeStamp + "
"): null

2020-06-09 15:17:34 - [TEST_STEP][PASSED] - sendKeys(NewInputNmField, Keys.chord(ARROW_DOWN)): Keys 'DOWN + ' sent to object: 'Object Repository/Objects.HighlightElements/input_field_index'

2020-06-09 15:17:34 - [MESSAGE][PASSED] - Keys 'DOWN + ' sent to object: 'Object Repository/Objects.HighlightElements/input_field_index'

2020-06-09 15:17:34 - [TEST_STEP][PASSED] - sendKeys(NewInputNmField, Keys.chord(ARROW_DOWN)): Keys 'DOWN + ' sent to object: 'Object Repository/Objects.HighlightElements/input_field_index'

2020-06-09 15:17:34 - [MESSAGE][PASSED] - Keys 'DOWN + ' sent to object: 'Object Repository/Objects.HighlightElements/input_field_index'

2020-06-09 15:17:34 - [TEST_STEP][PASSED] - delay(DelayTime): Delayed 2 second(s)

2020-06-09 15:17:36 - [MESSAGE][PASSED] - Delayed 2 second(s)

2020-06-09 15:17:36 - [TEST_STEP][PASSED] - sendKeys(NewInputNmField, Keys.chord(ENTER)): Keys 'ENTER + ' sent to object: 'Object Repository/Objects.HighlightElements/input_field_index'

2020-06-09 15:17:36 - [MESSAGE][PASSED] - Keys 'ENTER + ' sent to object: 'Object Repository/Objects.HighlightElements/input_field_index'

2020-06-09 15:17:36 - [TEST_STEP][PASSED] - ComboBoxValue = getAttribute(NewInputNmField, "value"): Attribute 'value' of object 'Object Repository/Objects.HighlightElements/input_field_index' is: 'Visual Inspection Certification (SM6)'

2020-06-09 15:17:36 - [MESSAGE][PASSED] - Attribute 'value' of object 'Object Repository/Objects.HighlightElements/input_field_index' is: 'Visual Inspection Certification (SM6)'

2020-06-09 15:17:36 - [TEST_STEP][PASSED] - callTestCase(findTestCase(CallTCName), ["FindValue":ComboBoxValue, "DropdownNm":comboNm], STOP_ON_FAILURE): Call Test Case 'Test Cases/PFI Precision and Scale/HashMap Tables/ConstantHashMap' successfully

2020-06-09 15:17:36 - [TEST_CASE][PASSED] - Test Cases/PFI Precision and Scale/HashMap Tables/ConstantHashMap: Test Cases/PFI Precision and Scale/HashMap Tables/ConstantHashMap

2020-06-09 15:17:36 - [TEST_STEP][PASSED] - ConstantTBL = [1:["PeriodType":"Working Day(s)"], 2:["PeriodType":"Calendar Day(s)"], 3:["PeriodType":"Month(s)"], 4:["TypeOfLetter":"T1"], ... ]: null

2020-06-09 15:17:36 - [TEST_STEP][PASSED] - switch (DropdownNm): null

2020-06-09 15:17:36 - [TEST_STEP][PASSED] - case "PSI":: null

2020-06-09 15:17:36 - [TEST_STEP][PASSED] - ValueFound = ConstantTBL.find({ -> ... }): null

2020-06-09 15:17:36 - [TEST_STEP][PASSED] - break: null

2020-06-09 15:17:36 - [MESSAGE][PASSED] - Call Test Case 'Test Cases/PFI Precision and Scale/HashMap Tables/ConstantHashMap' successfully

2020-06-09 15:17:36 - [TEST_STEP][PASSED] - OutputFile.append("Search Value: " + ComboBoxValue + " " + "Found Value: " + ValueFound + TimeStamp + "
"): null

2020-06-09 15:17:36 - [TEST_STEP][PASSED] - sendKeys(NewInputNmField, Keys.chord(ARROW_DOWN)): Keys 'DOWN + ' sent to object: 'Object Repository/Objects.HighlightElements/input_field_index'

2020-06-09 15:17:36 - [MESSAGE][PASSED] - Keys 'DOWN + ' sent to object: 'Object Repository/Objects.HighlightElements/input_field_index'

2020-06-09 15:17:36 - [TEST_STEP][PASSED] - sendKeys(NewInputNmField, Keys.chord(ARROW_DOWN)): Keys 'DOWN + ' sent to object: 'Object Repository/Objects.HighlightElements/input_field_index'

2020-06-09 15:17:36 - [MESSAGE][PASSED] - Keys 'DOWN + ' sent to object: 'Object Repository/Objects.HighlightElements/input_field_index'

2020-06-09 15:17:36 - [TEST_STEP][PASSED] - delay(DelayTime): Delayed 2 second(s)

2020-06-09 15:17:38 - [MESSAGE][PASSED] - Delayed 2 second(s)

2020-06-09 15:17:38 - [TEST_STEP][PASSED] - sendKeys(NewInputNmField, Keys.chord(ENTER)): Keys 'ENTER + ' sent to object: 'Object Repository/Objects.HighlightElements/input_field_index'

2020-06-09 15:17:38 - [MESSAGE][PASSED] - Keys 'ENTER + ' sent to object: 'Object Repository/Objects.HighlightElements/input_field_index'

2020-06-09 15:17:38 - [TEST_STEP][PASSED] - ComboBoxValue = getAttribute(NewInputNmField, "value"): Attribute 'value' of object 'Object Repository/Objects.HighlightElements/input_field_index' is: 'SM6-CR (SM6-CR)'

2020-06-09 15:17:38 - [MESSAGE][PASSED] - Attribute 'value' of object 'Object Repository/Objects.HighlightElements/input_field_index' is: 'SM6-CR (SM6-CR)'

2020-06-09 15:17:38 - [TEST_STEP][PASSED] - callTestCase(findTestCase(CallTCName), ["FindValue":ComboBoxValue, "DropdownNm":comboNm], STOP_ON_FAILURE): Call Test Case 'Test Cases/PFI Precision and Scale/HashMap Tables/ConstantHashMap' successfully

2020-06-09 15:17:38 - [TEST_CASE][PASSED] - Test Cases/PFI Precision and Scale/HashMap Tables/ConstantHashMap: Test Cases/PFI Precision and Scale/HashMap Tables/ConstantHashMap

2020-06-09 15:17:38 - [TEST_STEP][PASSED] - ConstantTBL = [1:["PeriodType":"Working Day(s)"], 2:["PeriodType":"Calendar Day(s)"], 3:["PeriodType":"Month(s)"], 4:["TypeOfLetter":"T1"], ... ]: null

2020-06-09 15:17:38 - [TEST_STEP][PASSED] - switch (DropdownNm): null

2020-06-09 15:17:38 - [TEST_STEP][PASSED] - case "PSI":: null

2020-06-09 15:17:38 - [TEST_STEP][PASSED] - ValueFound = ConstantTBL.find({ -> ... }): null

2020-06-09 15:17:38 - [TEST_STEP][PASSED] - break: null

2020-06-09 15:17:38 - [MESSAGE][PASSED] - Call Test Case 'Test Cases/PFI Precision and Scale/HashMap Tables/ConstantHashMap' successfully

2020-06-09 15:17:38 - [TEST_STEP][PASSED] - OutputFile.append("Search Value: " + ComboBoxValue + " " + "Found Value: " + ValueFound + TimeStamp + "
"): null

2020-06-09 15:17:38 - [TEST_STEP][PASSED] - sendKeys(NewInputNmField, Keys.chord(ARROW_DOWN)): Keys 'DOWN + ' sent to object: 'Object Repository/Objects.HighlightElements/input_field_index'

2020-06-09 15:17:38 - [MESSAGE][PASSED] - Keys 'DOWN + ' sent to object: 'Object Repository/Objects.HighlightElements/input_field_index'

2020-06-09 15:17:38 - [TEST_STEP][PASSED] - sendKeys(NewInputNmField, Keys.chord(ARROW_DOWN)): Keys 'DOWN + ' sent to object: 'Object Repository/Objects.HighlightElements/input_field_index'

2020-06-09 15:17:38 - [MESSAGE][PASSED] - Keys 'DOWN + ' sent to object: 'Object Repository/Objects.HighlightElements/input_field_index'

2020-06-09 15:17:38 - [TEST_STEP][PASSED] - delay(DelayTime): Delayed 2 second(s)

2020-06-09 15:17:40 - [MESSAGE][PASSED] - Delayed 2 second(s)

2020-06-09 15:17:40 - [TEST_STEP][PASSED] - sendKeys(NewInputNmField, Keys.chord(ENTER)): Keys 'ENTER + ' sent to object: 'Object Repository/Objects.HighlightElements/input_field_index'

2020-06-09 15:17:40 - [MESSAGE][PASSED] - Keys 'ENTER + ' sent to object: 'Object Repository/Objects.HighlightElements/input_field_index'

2020-06-09 15:17:40 - [TEST_STEP][PASSED] - ComboBoxValue = getAttribute(NewInputNmField, "value"): Attribute 'value' of object 'Object Repository/Objects.HighlightElements/input_field_index' is: 'PSI Ad Hoc Processing (SMAH)'

2020-06-09 15:17:40 - [MESSAGE][PASSED] - Attribute 'value' of object 'Object Repository/Objects.HighlightElements/input_field_index' is: 'PSI Ad Hoc Processing (SMAH)'

2020-06-09 15:17:40 - [TEST_STEP][PASSED] - callTestCase(findTestCase(CallTCName), ["FindValue":ComboBoxValue, "DropdownNm":comboNm], STOP_ON_FAILURE): Call Test Case 'Test Cases/PFI Precision and Scale/HashMap Tables/ConstantHashMap' successfully

2020-06-09 15:17:40 - [TEST_CASE][PASSED] - Test Cases/PFI Precision and Scale/HashMap Tables/ConstantHashMap: Test Cases/PFI Precision and Scale/HashMap Tables/ConstantHashMap

2020-06-09 15:17:40 - [TEST_STEP][PASSED] - ConstantTBL = [1:["PeriodType":"Working Day(s)"], 2:["PeriodType":"Calendar Day(s)"], 3:["PeriodType":"Month(s)"], 4:["TypeOfLetter":"T1"], ... ]: null

2020-06-09 15:17:40 - [TEST_STEP][PASSED] - switch (DropdownNm): null

2020-06-09 15:17:40 - [TEST_STEP][PASSED] - case "PSI":: null

2020-06-09 15:17:40 - [TEST_STEP][PASSED] - ValueFound = ConstantTBL.find({ -> ... }): null

2020-06-09 15:17:40 - [TEST_STEP][PASSED] - break: null

2020-06-09 15:17:40 - [MESSAGE][PASSED] - Call Test Case 'Test Cases/PFI Precision and Scale/HashMap Tables/ConstantHashMap' successfully

2020-06-09 15:17:40 - [TEST_STEP][PASSED] - OutputFile.append("Search Value: " + ComboBoxValue + " " + "Found Value: " + ValueFound + TimeStamp + "
"): null

2020-06-09 15:17:40 - [TEST_STEP][PASSED] - sendKeys(NewInputNmField, Keys.chord(ARROW_DOWN)): Keys 'DOWN + ' sent to object: 'Object Repository/Objects.HighlightElements/input_field_index'

2020-06-09 15:17:40 - [MESSAGE][PASSED] - Keys 'DOWN + ' sent to object: 'Object Repository/Objects.HighlightElements/input_field_index'

2020-06-09 15:17:40 - [TEST_STEP][PASSED] - sendKeys(NewInputNmField, Keys.chord(ARROW_DOWN)): Keys 'DOWN + ' sent to object: 'Object Repository/Objects.HighlightElements/input_field_index'

2020-06-09 15:17:40 - [MESSAGE][PASSED] - Keys 'DOWN + ' sent to object: 'Object Repository/Objects.HighlightElements/input_field_index'

2020-06-09 15:17:40 - [TEST_STEP][PASSED] - delay(DelayTime): Delayed 2 second(s)

2020-06-09 15:17:42 - [MESSAGE][PASSED] - Delayed 2 second(s)

2020-06-09 15:17:42 - [TEST_STEP][PASSED] - sendKeys(NewInputNmField, Keys.chord(ENTER)): Keys 'ENTER + ' sent to object: 'Object Repository/Objects.HighlightElements/input_field_index'

2020-06-09 15:17:42 - [MESSAGE][PASSED] - Keys 'ENTER + ' sent to object: 'Object Repository/Objects.HighlightElements/input_field_index'

2020-06-09 15:17:42 - [TEST_STEP][PASSED] - ComboBoxValue = getAttribute(NewInputNmField, "value"): Attribute 'value' of object 'Object Repository/Objects.HighlightElements/input_field_index' is: 'Bldg Rec Upload (SMB_UP1)'

2020-06-09 15:17:42 - [MESSAGE][PASSED] - Attribute 'value' of object 'Object Repository/Objects.HighlightElements/input_field_index' is: 'Bldg Rec Upload (SMB_UP1)'

2020-06-09 15:17:42 - [TEST_STEP][PASSED] - callTestCase(findTestCase(CallTCName), ["FindValue":ComboBoxValue, "DropdownNm":comboNm], STOP_ON_FAILURE): Call Test Case 'Test Cases/PFI Precision and Scale/HashMap Tables/ConstantHashMap' successfully

2020-06-09 15:17:42 - [TEST_CASE][PASSED] - Test Cases/PFI Precision and Scale/HashMap Tables/ConstantHashMap: Test Cases/PFI Precision and Scale/HashMap Tables/ConstantHashMap

2020-06-09 15:17:42 - [TEST_STEP][PASSED] - ConstantTBL = [1:["PeriodType":"Working Day(s)"], 2:["PeriodType":"Calendar Day(s)"], 3:["PeriodType":"Month(s)"], 4:["TypeOfLetter":"T1"], ... ]: null

2020-06-09 15:17:42 - [TEST_STEP][PASSED] - switch (DropdownNm): null

2020-06-09 15:17:42 - [TEST_STEP][PASSED] - case "PSI":: null

2020-06-09 15:17:42 - [TEST_STEP][PASSED] - ValueFound = ConstantTBL.find({ -> ... }): null

2020-06-09 15:17:42 - [TEST_STEP][PASSED] - break: null

2020-06-09 15:17:42 - [MESSAGE][PASSED] - Call Test Case 'Test Cases/PFI Precision and Scale/HashMap Tables/ConstantHashMap' successfully

2020-06-09 15:17:42 - [TEST_STEP][PASSED] - OutputFile.append("Search Value: " + ComboBoxValue + " " + "Found Value: " + ValueFound + TimeStamp + "
"): null

2020-06-09 15:17:42 - [TEST_STEP][PASSED] - sendKeys(NewInputNmField, Keys.chord(ARROW_DOWN)): Keys 'DOWN + ' sent to object: 'Object Repository/Objects.HighlightElements/input_field_index'

2020-06-09 15:17:42 - [MESSAGE][PASSED] - Keys 'DOWN + ' sent to object: 'Object Repository/Objects.HighlightElements/input_field_index'

2020-06-09 15:17:42 - [TEST_STEP][PASSED] - sendKeys(NewInputNmField, Keys.chord(ARROW_DOWN)): Keys 'DOWN + ' sent to object: 'Object Repository/Objects.HighlightElements/input_field_index'

2020-06-09 15:17:42 - [MESSAGE][PASSED] - Keys 'DOWN + ' sent to object: 'Object Repository/Objects.HighlightElements/input_field_index'

2020-06-09 15:17:42 - [TEST_STEP][PASSED] - delay(DelayTime): Delayed 2 second(s)

2020-06-09 15:17:44 - [MESSAGE][PASSED] - Delayed 2 second(s)

2020-06-09 15:17:44 - [TEST_STEP][PASSED] - sendKeys(NewInputNmField, Keys.chord(ENTER)): Keys 'ENTER + ' sent to object: 'Object Repository/Objects.HighlightElements/input_field_index'

2020-06-09 15:17:44 - [MESSAGE][PASSED] - Keys 'ENTER + ' sent to object: 'Object Repository/Objects.HighlightElements/input_field_index'

2020-06-09 15:17:44 - [TEST_STEP][PASSED] - ComboBoxValue = getAttribute(NewInputNmField, "value"): Attribute 'value' of object 'Object Repository/Objects.HighlightElements/input_field_index' is: 'View/Edit Bldg (SMB_UP2)'

2020-06-09 15:17:45 - [MESSAGE][PASSED] - Attribute 'value' of object 'Object Repository/Objects.HighlightElements/input_field_index' is: 'View/Edit Bldg (SMB_UP2)'

2020-06-09 15:17:45 - [TEST_STEP][PASSED] - callTestCase(findTestCase(CallTCName), ["FindValue":ComboBoxValue, "DropdownNm":comboNm], STOP_ON_FAILURE): Call Test Case 'Test Cases/PFI Precision and Scale/HashMap Tables/ConstantHashMap' successfully

2020-06-09 15:17:45 - [TEST_CASE][PASSED] - Test Cases/PFI Precision and Scale/HashMap Tables/ConstantHashMap: Test Cases/PFI Precision and Scale/HashMap Tables/ConstantHashMap

2020-06-09 15:17:45 - [TEST_STEP][PASSED] - ConstantTBL = [1:["PeriodType":"Working Day(s)"], 2:["PeriodType":"Calendar Day(s)"], 3:["PeriodType":"Month(s)"], 4:["TypeOfLetter":"T1"], ... ]: null

2020-06-09 15:17:45 - [TEST_STEP][PASSED] - switch (DropdownNm): null

2020-06-09 15:17:45 - [TEST_STEP][PASSED] - case "PSI":: null

2020-06-09 15:17:45 - [TEST_STEP][PASSED] - ValueFound = ConstantTBL.find({ -> ... }): null

2020-06-09 15:17:45 - [TEST_STEP][PASSED] - break: null

2020-06-09 15:17:45 - [MESSAGE][PASSED] - Call Test Case 'Test Cases/PFI Precision and Scale/HashMap Tables/ConstantHashMap' successfully

2020-06-09 15:17:45 - [TEST_STEP][PASSED] - OutputFile.append("Search Value: " + ComboBoxValue + " " + "Found Value: " + ValueFound + TimeStamp + "
"): null

2020-06-09 15:17:45 - [TEST_STEP][PASSED] - sendKeys(NewInputNmField, Keys.chord(ARROW_DOWN)): Keys 'DOWN + ' sent to object: 'Object Repository/Objects.HighlightElements/input_field_index'

2020-06-09 15:17:45 - [MESSAGE][PASSED] - Keys 'DOWN + ' sent to object: 'Object Repository/Objects.HighlightElements/input_field_index'

2020-06-09 15:17:45 - [TEST_STEP][PASSED] - sendKeys(NewInputNmField, Keys.chord(ARROW_DOWN)): Keys 'DOWN + ' sent to object: 'Object Repository/Objects.HighlightElements/input_field_index'

2020-06-09 15:17:45 - [MESSAGE][PASSED] - Keys 'DOWN + ' sent to object: 'Object Repository/Objects.HighlightElements/input_field_index'

2020-06-09 15:17:45 - [TEST_STEP][PASSED] - delay(DelayTime): Delayed 2 second(s)

2020-06-09 15:17:47 - [MESSAGE][PASSED] - Delayed 2 second(s)

2020-06-09 15:17:47 - [TEST_STEP][PASSED] - sendKeys(NewInputNmField, Keys.chord(ENTER)): Keys 'ENTER + ' sent to object: 'Object Repository/Objects.HighlightElements/input_field_index'

2020-06-09 15:17:47 - [MESSAGE][PASSED] - Keys 'ENTER + ' sent to object: 'Object Repository/Objects.HighlightElements/input_field_index'

2020-06-09 15:17:47 - [TEST_STEP][PASSED] - ComboBoxValue = getAttribute(NewInputNmField, "value"): Attribute 'value' of object 'Object Repository/Objects.HighlightElements/input_field_index' is: 'ST-PSI Processing (ST_PSI)'

2020-06-09 15:17:47 - [MESSAGE][PASSED] - Attribute 'value' of object 'Object Repository/Objects.HighlightElements/input_field_index' is: 'ST-PSI Processing (ST_PSI)'

2020-06-09 15:17:47 - [TEST_STEP][PASSED] - callTestCase(findTestCase(CallTCName), ["FindValue":ComboBoxValue, "DropdownNm":comboNm], STOP_ON_FAILURE): Call Test Case 'Test Cases/PFI Precision and Scale/HashMap Tables/ConstantHashMap' successfully

2020-06-09 15:17:47 - [TEST_CASE][PASSED] - Test Cases/PFI Precision and Scale/HashMap Tables/ConstantHashMap: Test Cases/PFI Precision and Scale/HashMap Tables/ConstantHashMap

2020-06-09 15:17:47 - [TEST_STEP][PASSED] - ConstantTBL = [1:["PeriodType":"Working Day(s)"], 2:["PeriodType":"Calendar Day(s)"], 3:["PeriodType":"Month(s)"], 4:["TypeOfLetter":"T1"], ... ]: null

2020-06-09 15:17:47 - [TEST_STEP][PASSED] - switch (DropdownNm): null

2020-06-09 15:17:47 - [TEST_STEP][PASSED] - case "PSI":: null

2020-06-09 15:17:47 - [TEST_STEP][PASSED] - ValueFound = ConstantTBL.find({ -> ... }): null

2020-06-09 15:17:47 - [TEST_STEP][PASSED] - break: null

2020-06-09 15:17:47 - [MESSAGE][PASSED] - Call Test Case 'Test Cases/PFI Precision and Scale/HashMap Tables/ConstantHashMap' successfully

2020-06-09 15:17:47 - [TEST_STEP][PASSED] - OutputFile.append("Search Value: " + ComboBoxValue + " " + "Found Value: " + ValueFound + TimeStamp + "
"): null

2020-06-09 15:17:47 - [TEST_STEP][PASSED] - sendKeys(NewInputNmField, Keys.chord(ARROW_DOWN)): Keys 'DOWN + ' sent to object: 'Object Repository/Objects.HighlightElements/input_field_index'

2020-06-09 15:17:47 - [MESSAGE][PASSED] - Keys 'DOWN + ' sent to object: 'Object Repository/Objects.HighlightElements/input_field_index'

2020-06-09 15:17:47 - [TEST_STEP][PASSED] - sendKeys(NewInputNmField, Keys.chord(ENTER)): Keys 'ENTER + ' sent to object: 'Object Repository/Objects.HighlightElements/input_field_index'

2020-06-09 15:17:47 - [MESSAGE][PASSED] - Keys 'ENTER + ' sent to object: 'Object Repository/Objects.HighlightElements/input_field_index'

2020-06-09 15:17:47 - [MESSAGE][PASSED] - Call Test Case 'Test Cases/PFI Precision and Scale/PFI Components with Indexing/VerifyDropdownValuesXPI' successfully

2020-06-09 15:17:47 - [TEST_STEP][PASSED] - callTestCase(findTestCase("Components/SelectAllThenDeleteIndex"), ["nameToBeUsed":"inspModule", "index":"1"], STOP_ON_FAILURE): Call Test Case 'Test Cases/Components/SelectAllThenDeleteIndex' successfully

2020-06-09 15:17:47 - [TEST_CASE][PASSED] - Test Cases/Components/SelectAllThenDeleteIndex: Test Cases/Components/SelectAllThenDeleteIndex

2020-06-09 15:17:47 - [TEST_STEP][PASSED] - Thread.sleep(1000): null

2020-06-09 15:17:48 - [TEST_STEP][PASSED] - modifiedObj = modifyObjectProperty(findTestObject("Object Repository/Objects.HighlightElements/input_field_index"), "xpath", "equals", "(//*[contains(@class,'x-form-text') and (@name='" + nameToBeUsed + "')])[" + index + "]", true): Modify property of object successfully

2020-06-09 15:17:48 - [MESSAGE][PASSED] - Modify property of object successfully

2020-06-09 15:17:48 - [TEST_STEP][PASSED] - focus(modifiedObj): Object: 'Object Repository/Objects.HighlightElements/input_field_index' is focused

2020-06-09 15:17:48 - [MESSAGE][PASSED] - Object: 'Object Repository/Objects.HighlightElements/input_field_index' is focused

2020-06-09 15:17:48 - [TEST_STEP][PASSED] - sendKeys(modifiedObj, Keys.chord(CONTROL, "a")): Keys 'CONTROL + a' sent to object: 'Object Repository/Objects.HighlightElements/input_field_index'

2020-06-09 15:17:48 - [MESSAGE][PASSED] - Keys 'CONTROL + a' sent to object: 'Object Repository/Objects.HighlightElements/input_field_index'

2020-06-09 15:17:48 - [TEST_STEP][PASSED] - sendKeys(modifiedObj, Keys.chord(DELETE)): Keys 'DELETE + ' sent to object: 'Object Repository/Objects.HighlightElements/input_field_index'

2020-06-09 15:17:48 - [MESSAGE][PASSED] - Keys 'DELETE + ' sent to object: 'Object Repository/Objects.HighlightElements/input_field_index'

2020-06-09 15:17:48 - [MESSAGE][PASSED] - Call Test Case 'Test Cases/Components/SelectAllThenDeleteIndex' successfully

2020-06-09 15:17:48 - [TEST_STEP][PASSED] - callTestCase(findTestCase("PFI Precision and Scale/PFI Components with Indexing/VerifyDropdownValuesXPI"), ["FldNm":"inspModule", "index":1, "CallTCName":"PFI Precision and Scale/HashMap Tables/ConstantHashMap", "cmbNm":"ModuleNm", ... ], STOP_ON_FAILURE): Call Test Case 'Test Cases/PFI Precision and Scale/PFI Components with Indexing/VerifyDropdownValuesXPI' successfully

2020-06-09 15:17:48 - [TEST_CASE][PASSED] - Test Cases/PFI Precision and Scale/PFI Components with Indexing/VerifyDropdownValuesXPI: Test Cases/PFI Precision and Scale/PFI Components with Indexing/VerifyDropdownValuesXPI

2020-06-09 15:17:48 - [TEST_STEP][PASSED] - Thread.sleep(1000): null

2020-06-09 15:17:49 - [TEST_STEP][PASSED] - OutputFile = new java.io.File(DropdownValuesResult.txt): null

2020-06-09 15:17:49 - [TEST_STEP][PASSED] - TimeStamp = new java.util.Date(): null

2020-06-09 15:17:49 - [TEST_STEP][PASSED] - NewInputNmField = modifyObjectProperty(findTestObject("Object Repository/Objects.HighlightElements/input_field_index"), "xpath", "equals", "(//*[contains(@name, '" + FldNm + "')])[" + index + "]", true): Modify property of object successfully

2020-06-09 15:17:49 - [MESSAGE][PASSED] - Modify property of object successfully

2020-06-09 15:17:49 - [TEST_STEP][PASSED] - comboNm = cmbNm: null

2020-06-09 15:17:49 - [TEST_STEP][PASSED] - focus(NewInputNmField): Object: 'Object Repository/Objects.HighlightElements/input_field_index' is focused

2020-06-09 15:17:49 - [MESSAGE][PASSED] - Object: 'Object Repository/Objects.HighlightElements/input_field_index' is focused

2020-06-09 15:17:49 - [TEST_STEP][PASSED] - setText(NewInputNmField, EnterValue): Text 'ENF' is set on object 'Object Repository/Objects.HighlightElements/input_field_index'

2020-06-09 15:17:49 - [MESSAGE][PASSED] - Text 'ENF' is set on object 'Object Repository/Objects.HighlightElements/input_field_index'

2020-06-09 15:17:49 - [TEST_STEP][PASSED] - for ([i = 1, i <= NoOfVal, (i++)]): Keys 'DOWN + ' sent to object: 'Object Repository/Objects.HighlightElements/input_field_index'

2020-06-09 15:17:49 - [TEST_STEP][PASSED] - sendKeys(NewInputNmField, Keys.chord(ARROW_DOWN)): Keys 'DOWN + ' sent to object: 'Object Repository/Objects.HighlightElements/input_field_index'

2020-06-09 15:17:49 - [MESSAGE][PASSED] - Keys 'DOWN + ' sent to object: 'Object Repository/Objects.HighlightElements/input_field_index'

2020-06-09 15:17:49 - [TEST_STEP][PASSED] - delay(DelayTime): Delayed 0 second(s)

2020-06-09 15:17:49 - [MESSAGE][PASSED] - Delayed 0 second(s)

2020-06-09 15:17:49 - [TEST_STEP][PASSED] - sendKeys(NewInputNmField, Keys.chord(ENTER)): Keys 'ENTER + ' sent to object: 'Object Repository/Objects.HighlightElements/input_field_index'

2020-06-09 15:17:49 - [MESSAGE][PASSED] - Keys 'ENTER + ' sent to object: 'Object Repository/Objects.HighlightElements/input_field_index'

2020-06-09 15:17:49 - [TEST_STEP][PASSED] - ComboBoxValue = getAttribute(NewInputNmField, "value"): Attribute 'value' of object 'Object Repository/Objects.HighlightElements/input_field_index' is: 'ENF'

2020-06-09 15:17:49 - [MESSAGE][PASSED] - Attribute 'value' of object 'Object Repository/Objects.HighlightElements/input_field_index' is: 'ENF'

2020-06-09 15:17:49 - [TEST_STEP][PASSED] - callTestCase(findTestCase(CallTCName), ["FindValue":ComboBoxValue, "DropdownNm":comboNm], STOP_ON_FAILURE): Call Test Case 'Test Cases/PFI Precision and Scale/HashMap Tables/ConstantHashMap' successfully

2020-06-09 15:17:50 - [TEST_CASE][PASSED] - Test Cases/PFI Precision and Scale/HashMap Tables/ConstantHashMap: Test Cases/PFI Precision and Scale/HashMap Tables/ConstantHashMap

2020-06-09 15:17:50 - [TEST_STEP][PASSED] - ConstantTBL = [1:["PeriodType":"Working Day(s)"], 2:["PeriodType":"Calendar Day(s)"], 3:["PeriodType":"Month(s)"], 4:["TypeOfLetter":"T1"], ... ]: null

2020-06-09 15:17:50 - [TEST_STEP][PASSED] - switch (DropdownNm): null

2020-06-09 15:17:50 - [TEST_STEP][PASSED] - case "ModuleNm":: null

2020-06-09 15:17:50 - [TEST_STEP][PASSED] - ValueFound = ConstantTBL.find({ -> ... }): null

2020-06-09 15:17:50 - [TEST_STEP][PASSED] - break: null

2020-06-09 15:17:50 - [MESSAGE][PASSED] - Call Test Case 'Test Cases/PFI Precision and Scale/HashMap Tables/ConstantHashMap' successfully

2020-06-09 15:17:50 - [TEST_STEP][PASSED] - OutputFile.append("Search Value: " + ComboBoxValue + " " + "Found Value: " + ValueFound + TimeStamp + "
"): null

2020-06-09 15:17:50 - [TEST_STEP][PASSED] - sendKeys(NewInputNmField, Keys.chord(ARROW_DOWN)): Keys 'DOWN + ' sent to object: 'Object Repository/Objects.HighlightElements/input_field_index'

2020-06-09 15:17:50 - [MESSAGE][PASSED] - Keys 'DOWN + ' sent to object: 'Object Repository/Objects.HighlightElements/input_field_index'

2020-06-09 15:17:50 - [TEST_STEP][PASSED] - sendKeys(NewInputNmField, Keys.chord(ENTER)): Keys 'ENTER + ' sent to object: 'Object Repository/Objects.HighlightElements/input_field_index'

2020-06-09 15:17:50 - [MESSAGE][PASSED] - Keys 'ENTER + ' sent to object: 'Object Repository/Objects.HighlightElements/input_field_index'

2020-06-09 15:17:50 - [MESSAGE][PASSED] - Call Test Case 'Test Cases/PFI Precision and Scale/PFI Components with Indexing/VerifyDropdownValuesXPI' successfully

2020-06-09 15:17:50 - [TEST_STEP][PASSED] - callTestCase(findTestCase("PFI Precision and Scale/PFI Components with Indexing/VerifyDropdownValuesXPI"), ["FldNm":"inspCaseType", "index":1, "CallTCName":"PFI Precision and Scale/HashMap Tables/ConstantHashMap", "cmbNm":"ENF", "NoOfVal":8, ... ], STOP_ON_FAILURE): Call Test Case 'Test Cases/PFI Precision and Scale/PFI Components with Indexing/VerifyDropdownValuesXPI' successfully

2020-06-09 15:17:50 - [TEST_CASE][PASSED] - Test Cases/PFI Precision and Scale/PFI Components with Indexing/VerifyDropdownValuesXPI: Test Cases/PFI Precision and Scale/PFI Components with Indexing/VerifyDropdownValuesXPI

2020-06-09 15:17:50 - [TEST_STEP][PASSED] - Thread.sleep(1000): null

2020-06-09 15:17:51 - [TEST_STEP][PASSED] - OutputFile = new java.io.File(DropdownValuesResult.txt): null

2020-06-09 15:17:51 - [TEST_STEP][PASSED] - TimeStamp = new java.util.Date(): null

2020-06-09 15:17:51 - [TEST_STEP][PASSED] - NewInputNmField = modifyObjectProperty(findTestObject("Object Repository/Objects.HighlightElements/input_field_index"), "xpath", "equals", "(//*[contains(@name, '" + FldNm + "')])[" + index + "]", true): Modify property of object successfully

2020-06-09 15:17:51 - [MESSAGE][PASSED] - Modify property of object successfully

2020-06-09 15:17:51 - [TEST_STEP][PASSED] - comboNm = cmbNm: null

2020-06-09 15:17:51 - [TEST_STEP][PASSED] - focus(NewInputNmField): Object: 'Object Repository/Objects.HighlightElements/input_field_index' is focused

2020-06-09 15:17:51 - [MESSAGE][PASSED] - Object: 'Object Repository/Objects.HighlightElements/input_field_index' is focused

2020-06-09 15:17:51 - [TEST_STEP][PASSED] - setText(NewInputNmField, EnterValue): Text '' is set on object 'Object Repository/Objects.HighlightElements/input_field_index'

2020-06-09 15:17:51 - [MESSAGE][PASSED] - Text '' is set on object 'Object Repository/Objects.HighlightElements/input_field_index'

2020-06-09 15:17:51 - [TEST_STEP][PASSED] - for ([i = 1, i <= NoOfVal, (i++)]): Keys 'DOWN + ' sent to object: 'Object Repository/Objects.HighlightElements/input_field_index'

2020-06-09 15:17:51 - [TEST_STEP][PASSED] - sendKeys(NewInputNmField, Keys.chord(ARROW_DOWN)): Keys 'DOWN + ' sent to object: 'Object Repository/Objects.HighlightElements/input_field_index'

2020-06-09 15:17:51 - [MESSAGE][PASSED] - Keys 'DOWN + ' sent to object: 'Object Repository/Objects.HighlightElements/input_field_index'

2020-06-09 15:17:51 - [TEST_STEP][PASSED] - delay(DelayTime): Delayed 2 second(s)

2020-06-09 15:17:53 - [MESSAGE][PASSED] - Delayed 2 second(s)

2020-06-09 15:17:53 - [TEST_STEP][PASSED] - sendKeys(NewInputNmField, Keys.chord(ENTER)): Keys 'ENTER + ' sent to object: 'Object Repository/Objects.HighlightElements/input_field_index'

2020-06-09 15:17:53 - [MESSAGE][PASSED] - Keys 'ENTER + ' sent to object: 'Object Repository/Objects.HighlightElements/input_field_index'

2020-06-09 15:17:53 - [TEST_STEP][PASSED] - ComboBoxValue = getAttribute(NewInputNmField, "value"): Attribute 'value' of object 'Object Repository/Objects.HighlightElements/input_field_index' is: 'Corres-General Correspondence (CORRES-ENF-GC)'

2020-06-09 15:17:53 - [MESSAGE][PASSED] - Attribute 'value' of object 'Object Repository/Objects.HighlightElements/input_field_index' is: 'Corres-General Correspondence (CORRES-ENF-GC)'

2020-06-09 15:17:53 - [TEST_STEP][PASSED] - callTestCase(findTestCase(CallTCName), ["FindValue":ComboBoxValue, "DropdownNm":comboNm], STOP_ON_FAILURE): Call Test Case 'Test Cases/PFI Precision and Scale/HashMap Tables/ConstantHashMap' successfully

2020-06-09 15:17:53 - [TEST_CASE][PASSED] - Test Cases/PFI Precision and Scale/HashMap Tables/ConstantHashMap: Test Cases/PFI Precision and Scale/HashMap Tables/ConstantHashMap

2020-06-09 15:17:53 - [TEST_STEP][PASSED] - ConstantTBL = [1:["PeriodType":"Working Day(s)"], 2:["PeriodType":"Calendar Day(s)"], 3:["PeriodType":"Month(s)"], 4:["TypeOfLetter":"T1"], ... ]: null

2020-06-09 15:17:53 - [TEST_STEP][PASSED] - switch (DropdownNm): null

2020-06-09 15:17:53 - [TEST_STEP][PASSED] - case "ENF":: null

2020-06-09 15:17:53 - [TEST_STEP][PASSED] - ValueFound = ConstantTBL.find({ -> ... }): null

2020-06-09 15:17:53 - [TEST_STEP][PASSED] - break: null

2020-06-09 15:17:53 - [MESSAGE][PASSED] - Call Test Case 'Test Cases/PFI Precision and Scale/HashMap Tables/ConstantHashMap' successfully

2020-06-09 15:17:53 - [TEST_STEP][PASSED] - OutputFile.append("Search Value: " + ComboBoxValue + " " + "Found Value: " + ValueFound + TimeStamp + "
"): null

2020-06-09 15:17:53 - [TEST_STEP][PASSED] - sendKeys(NewInputNmField, Keys.chord(ARROW_DOWN)): Keys 'DOWN + ' sent to object: 'Object Repository/Objects.HighlightElements/input_field_index'

2020-06-09 15:17:53 - [MESSAGE][PASSED] - Keys 'DOWN + ' sent to object: 'Object Repository/Objects.HighlightElements/input_field_index'

2020-06-09 15:17:53 - [TEST_STEP][PASSED] - sendKeys(NewInputNmField, Keys.chord(ARROW_DOWN)): Keys 'DOWN + ' sent to object: 'Object Repository/Objects.HighlightElements/input_field_index'

2020-06-09 15:17:53 - [MESSAGE][PASSED] - Keys 'DOWN + ' sent to object: 'Object Repository/Objects.HighlightElements/input_field_index'

2020-06-09 15:17:53 - [TEST_STEP][PASSED] - delay(DelayTime): Delayed 2 second(s)

2020-06-09 15:17:55 - [MESSAGE][PASSED] - Delayed 2 second(s)

2020-06-09 15:17:55 - [TEST_STEP][PASSED] - sendKeys(NewInputNmField, Keys.chord(ENTER)): Keys 'ENTER + ' sent to object: 'Object Repository/Objects.HighlightElements/input_field_index'

2020-06-09 15:17:55 - [MESSAGE][PASSED] - Keys 'ENTER + ' sent to object: 'Object Repository/Objects.HighlightElements/input_field_index'

2020-06-09 15:17:55 - [TEST_STEP][PASSED] - ComboBoxValue = getAttribute(NewInputNmField, "value"): Attribute 'value' of object 'Object Repository/Objects.HighlightElements/input_field_index' is: 'Corres-Request for Submission Withdrawal (CORRES-ENF-SUBWTH)'

2020-06-09 15:17:55 - [MESSAGE][PASSED] - Attribute 'value' of object 'Object Repository/Objects.HighlightElements/input_field_index' is: 'Corres-Request for Submission Withdrawal (CORRES-ENF-SUBWTH)'

2020-06-09 15:17:55 - [TEST_STEP][PASSED] - callTestCase(findTestCase(CallTCName), ["FindValue":ComboBoxValue, "DropdownNm":comboNm], STOP_ON_FAILURE): Call Test Case 'Test Cases/PFI Precision and Scale/HashMap Tables/ConstantHashMap' successfully

2020-06-09 15:17:55 - [TEST_CASE][PASSED] - Test Cases/PFI Precision and Scale/HashMap Tables/ConstantHashMap: Test Cases/PFI Precision and Scale/HashMap Tables/ConstantHashMap

2020-06-09 15:17:55 - [TEST_STEP][PASSED] - ConstantTBL = [1:["PeriodType":"Working Day(s)"], 2:["PeriodType":"Calendar Day(s)"], 3:["PeriodType":"Month(s)"], 4:["TypeOfLetter":"T1"], ... ]: null

2020-06-09 15:17:55 - [TEST_STEP][PASSED] - switch (DropdownNm): null

2020-06-09 15:17:55 - [TEST_STEP][PASSED] - case "ENF":: null

2020-06-09 15:17:55 - [TEST_STEP][PASSED] - ValueFound = ConstantTBL.find({ -> ... }): null

2020-06-09 15:17:55 - [TEST_STEP][PASSED] - break: null

2020-06-09 15:17:55 - [MESSAGE][PASSED] - Call Test Case 'Test Cases/PFI Precision and Scale/HashMap Tables/ConstantHashMap' successfully

2020-06-09 15:17:55 - [TEST_STEP][PASSED] - OutputFile.append("Search Value: " + ComboBoxValue + " " + "Found Value: " + ValueFound + TimeStamp + "
"): null

2020-06-09 15:17:55 - [TEST_STEP][PASSED] - sendKeys(NewInputNmField, Keys.chord(ARROW_DOWN)): Keys 'DOWN + ' sent to object: 'Object Repository/Objects.HighlightElements/input_field_index'

2020-06-09 15:17:55 - [MESSAGE][PASSED] - Keys 'DOWN + ' sent to object: 'Object Repository/Objects.HighlightElements/input_field_index'

2020-06-09 15:17:55 - [TEST_STEP][PASSED] - sendKeys(NewInputNmField, Keys.chord(ARROW_DOWN)): Keys 'DOWN + ' sent to object: 'Object Repository/Objects.HighlightElements/input_field_index'

2020-06-09 15:17:55 - [MESSAGE][PASSED] - Keys 'DOWN + ' sent to object: 'Object Repository/Objects.HighlightElements/input_field_index'

2020-06-09 15:17:55 - [TEST_STEP][PASSED] - delay(DelayTime): Delayed 2 second(s)

2020-06-09 15:17:57 - [MESSAGE][PASSED] - Delayed 2 second(s)

2020-06-09 15:17:57 - [TEST_STEP][PASSED] - sendKeys(NewInputNmField, Keys.chord(ENTER)): Keys 'ENTER + ' sent to object: 'Object Repository/Objects.HighlightElements/input_field_index'

2020-06-09 15:17:57 - [MESSAGE][PASSED] - Keys 'ENTER + ' sent to object: 'Object Repository/Objects.HighlightElements/input_field_index'

2020-06-09 15:17:57 - [TEST_STEP][PASSED] - ComboBoxValue = getAttribute(NewInputNmField, "value"): Attribute 'value' of object 'Object Repository/Objects.HighlightElements/input_field_index' is: 'Enforcement Processing (ENF)'

2020-06-09 15:17:57 - [MESSAGE][PASSED] - Attribute 'value' of object 'Object Repository/Objects.HighlightElements/input_field_index' is: 'Enforcement Processing (ENF)'

2020-06-09 15:17:57 - [TEST_STEP][PASSED] - callTestCase(findTestCase(CallTCName), ["FindValue":ComboBoxValue, "DropdownNm":comboNm], STOP_ON_FAILURE): Call Test Case 'Test Cases/PFI Precision and Scale/HashMap Tables/ConstantHashMap' successfully

2020-06-09 15:17:58 - [TEST_CASE][PASSED] - Test Cases/PFI Precision and Scale/HashMap Tables/ConstantHashMap: Test Cases/PFI Precision and Scale/HashMap Tables/ConstantHashMap

2020-06-09 15:17:58 - [TEST_STEP][PASSED] - ConstantTBL = [1:["PeriodType":"Working Day(s)"], 2:["PeriodType":"Calendar Day(s)"], 3:["PeriodType":"Month(s)"], 4:["TypeOfLetter":"T1"], ... ]: null

2020-06-09 15:17:58 - [TEST_STEP][PASSED] - switch (DropdownNm): null

2020-06-09 15:17:58 - [TEST_STEP][PASSED] - case "ENF":: null

2020-06-09 15:17:58 - [TEST_STEP][PASSED] - ValueFound = ConstantTBL.find({ -> ... }): null

2020-06-09 15:17:58 - [TEST_STEP][PASSED] - break: null

2020-06-09 15:17:58 - [MESSAGE][PASSED] - Call Test Case 'Test Cases/PFI Precision and Scale/HashMap Tables/ConstantHashMap' successfully

2020-06-09 15:17:58 - [TEST_STEP][PASSED] - OutputFile.append("Search Value: " + ComboBoxValue + " " + "Found Value: " + ValueFound + TimeStamp + "
"): null

2020-06-09 15:17:58 - [TEST_STEP][PASSED] - sendKeys(NewInputNmField, Keys.chord(ARROW_DOWN)): Keys 'DOWN + ' sent to object: 'Object Repository/Objects.HighlightElements/input_field_index'

2020-06-09 15:17:58 - [MESSAGE][PASSED] - Keys 'DOWN + ' sent to object: 'Object Repository/Objects.HighlightElements/input_field_index'

2020-06-09 15:17:58 - [TEST_STEP][PASSED] - sendKeys(NewInputNmField, Keys.chord(ARROW_DOWN)): Keys 'DOWN + ' sent to object: 'Object Repository/Objects.HighlightElements/input_field_index'

2020-06-09 15:17:58 - [MESSAGE][PASSED] - Keys 'DOWN + ' sent to object: 'Object Repository/Objects.HighlightElements/input_field_index'

2020-06-09 15:17:58 - [TEST_STEP][PASSED] - delay(DelayTime): Delayed 2 second(s)

2020-06-09 15:18:00 - [MESSAGE][PASSED] - Delayed 2 second(s)

2020-06-09 15:18:00 - [TEST_STEP][PASSED] - sendKeys(NewInputNmField, Keys.chord(ENTER)): Keys 'ENTER + ' sent to object: 'Object Repository/Objects.HighlightElements/input_field_index'

2020-06-09 15:18:00 - [MESSAGE][PASSED] - Keys 'ENTER + ' sent to object: 'Object Repository/Objects.HighlightElements/input_field_index'

2020-06-09 15:18:00 - [TEST_STEP][PASSED] - ComboBoxValue = getAttribute(NewInputNmField, "value"): Attribute 'value' of object 'Object Repository/Objects.HighlightElements/input_field_index' is: 'Enforcement - Fire and Surveilence (ENF_EFS)'

2020-06-09 15:18:00 - [MESSAGE][PASSED] - Attribute 'value' of object 'Object Repository/Objects.HighlightElements/input_field_index' is: 'Enforcement - Fire and Surveilence (ENF_EFS)'

2020-06-09 15:18:00 - [TEST_STEP][PASSED] - callTestCase(findTestCase(CallTCName), ["FindValue":ComboBoxValue, "DropdownNm":comboNm], STOP_ON_FAILURE): Call Test Case 'Test Cases/PFI Precision and Scale/HashMap Tables/ConstantHashMap' successfully

2020-06-09 15:18:00 - [TEST_CASE][PASSED] - Test Cases/PFI Precision and Scale/HashMap Tables/ConstantHashMap: Test Cases/PFI Precision and Scale/HashMap Tables/ConstantHashMap

2020-06-09 15:18:00 - [TEST_STEP][PASSED] - ConstantTBL = [1:["PeriodType":"Working Day(s)"], 2:["PeriodType":"Calendar Day(s)"], 3:["PeriodType":"Month(s)"], 4:["TypeOfLetter":"T1"], ... ]: null

2020-06-09 15:18:00 - [TEST_STEP][PASSED] - switch (DropdownNm): null

2020-06-09 15:18:00 - [TEST_STEP][PASSED] - case "ENF":: null

2020-06-09 15:18:00 - [TEST_STEP][PASSED] - ValueFound = ConstantTBL.find({ -> ... }): null

2020-06-09 15:18:00 - [TEST_STEP][PASSED] - break: null

2020-06-09 15:18:00 - [MESSAGE][PASSED] - Call Test Case 'Test Cases/PFI Precision and Scale/HashMap Tables/ConstantHashMap' successfully

2020-06-09 15:18:00 - [TEST_STEP][PASSED] - OutputFile.append("Search Value: " + ComboBoxValue + " " + "Found Value: " + ValueFound + TimeStamp + "
"): null

2020-06-09 15:18:00 - [TEST_STEP][PASSED] - sendKeys(NewInputNmField, Keys.chord(ARROW_DOWN)): Keys 'DOWN + ' sent to object: 'Object Repository/Objects.HighlightElements/input_field_index'

2020-06-09 15:18:00 - [MESSAGE][PASSED] - Keys 'DOWN + ' sent to object: 'Object Repository/Objects.HighlightElements/input_field_index'

2020-06-09 15:18:00 - [TEST_STEP][PASSED] - sendKeys(NewInputNmField, Keys.chord(ARROW_DOWN)): Keys 'DOWN + ' sent to object: 'Object Repository/Objects.HighlightElements/input_field_index'

2020-06-09 15:18:00 - [MESSAGE][PASSED] - Keys 'DOWN + ' sent to object: 'Object Repository/Objects.HighlightElements/input_field_index'

2020-06-09 15:18:00 - [TEST_STEP][PASSED] - delay(DelayTime): Delayed 2 second(s)

2020-06-09 15:18:02 - [MESSAGE][PASSED] - Delayed 2 second(s)

2020-06-09 15:18:02 - [TEST_STEP][PASSED] - sendKeys(NewInputNmField, Keys.chord(ENTER)): Keys 'ENTER + ' sent to object: 'Object Repository/Objects.HighlightElements/input_field_index'

2020-06-09 15:18:02 - [MESSAGE][PASSED] - Keys 'ENTER + ' sent to object: 'Object Repository/Objects.HighlightElements/input_field_index'

2020-06-09 15:18:02 - [TEST_STEP][PASSED] - ComboBoxValue = getAttribute(NewInputNmField, "value"): Attribute 'value' of object 'Object Repository/Objects.HighlightElements/input_field_index' is: 'Enforcement - Master Folder (BSPS) (ENF_EM)'

2020-06-09 15:18:02 - [MESSAGE][PASSED] - Attribute 'value' of object 'Object Repository/Objects.HighlightElements/input_field_index' is: 'Enforcement - Master Folder (BSPS) (ENF_EM)'

2020-06-09 15:18:02 - [TEST_STEP][PASSED] - callTestCase(findTestCase(CallTCName), ["FindValue":ComboBoxValue, "DropdownNm":comboNm], STOP_ON_FAILURE): Call Test Case 'Test Cases/PFI Precision and Scale/HashMap Tables/ConstantHashMap' successfully

2020-06-09 15:18:02 - [TEST_CASE][PASSED] - Test Cases/PFI Precision and Scale/HashMap Tables/ConstantHashMap: Test Cases/PFI Precision and Scale/HashMap Tables/ConstantHashMap

2020-06-09 15:18:02 - [TEST_STEP][PASSED] - ConstantTBL = [1:["PeriodType":"Working Day(s)"], 2:["PeriodType":"Calendar Day(s)"], 3:["PeriodType":"Month(s)"], 4:["TypeOfLetter":"T1"], ... ]: null

2020-06-09 15:18:02 - [TEST_STEP][PASSED] - switch (DropdownNm): null

2020-06-09 15:18:02 - [TEST_STEP][PASSED] - case "ENF":: null

2020-06-09 15:18:02 - [TEST_STEP][PASSED] - ValueFound = ConstantTBL.find({ -> ... }): null

2020-06-09 15:18:02 - [TEST_STEP][PASSED] - break: null

2020-06-09 15:18:02 - [MESSAGE][PASSED] - Call Test Case 'Test Cases/PFI Precision and Scale/HashMap Tables/ConstantHashMap' successfully

2020-06-09 15:18:02 - [TEST_STEP][PASSED] - OutputFile.append("Search Value: " + ComboBoxValue + " " + "Found Value: " + ValueFound + TimeStamp + "
"): null

2020-06-09 15:18:02 - [TEST_STEP][PASSED] - sendKeys(NewInputNmField, Keys.chord(ARROW_DOWN)): Keys 'DOWN + ' sent to object: 'Object Repository/Objects.HighlightElements/input_field_index'

2020-06-09 15:18:02 - [MESSAGE][PASSED] - Keys 'DOWN + ' sent to object: 'Object Repository/Objects.HighlightElements/input_field_index'

2020-06-09 15:18:02 - [TEST_STEP][PASSED] - sendKeys(NewInputNmField, Keys.chord(ARROW_DOWN)): Keys 'DOWN + ' sent to object: 'Object Repository/Objects.HighlightElements/input_field_index'

2020-06-09 15:18:02 - [MESSAGE][PASSED] - Keys 'DOWN + ' sent to object: 'Object Repository/Objects.HighlightElements/input_field_index'

2020-06-09 15:18:02 - [TEST_STEP][PASSED] - delay(DelayTime): Delayed 2 second(s)

2020-06-09 15:18:04 - [MESSAGE][PASSED] - Delayed 2 second(s)

2020-06-09 15:18:04 - [TEST_STEP][PASSED] - sendKeys(NewInputNmField, Keys.chord(ENTER)): Keys 'ENTER + ' sent to object: 'Object Repository/Objects.HighlightElements/input_field_index'

2020-06-09 15:18:04 - [MESSAGE][PASSED] - Keys 'ENTER + ' sent to object: 'Object Repository/Objects.HighlightElements/input_field_index'

2020-06-09 15:18:04 - [TEST_STEP][PASSED] - ComboBoxValue = getAttribute(NewInputNmField, "value"): Attribute 'value' of object 'Object Repository/Objects.HighlightElements/input_field_index' is: 'Enforcement - Monitoring (ENF_EMF)'

2020-06-09 15:18:04 - [MESSAGE][PASSED] - Attribute 'value' of object 'Object Repository/Objects.HighlightElements/input_field_index' is: 'Enforcement - Monitoring (ENF_EMF)'

2020-06-09 15:18:04 - [TEST_STEP][PASSED] - callTestCase(findTestCase(CallTCName), ["FindValue":ComboBoxValue, "DropdownNm":comboNm], STOP_ON_FAILURE): Call Test Case 'Test Cases/PFI Precision and Scale/HashMap Tables/ConstantHashMap' successfully

2020-06-09 15:18:04 - [TEST_CASE][PASSED] - Test Cases/PFI Precision and Scale/HashMap Tables/ConstantHashMap: Test Cases/PFI Precision and Scale/HashMap Tables/ConstantHashMap

2020-06-09 15:18:04 - [TEST_STEP][PASSED] - ConstantTBL = [1:["PeriodType":"Working Day(s)"], 2:["PeriodType":"Calendar Day(s)"], 3:["PeriodType":"Month(s)"], 4:["TypeOfLetter":"T1"], ... ]: null

2020-06-09 15:18:04 - [TEST_STEP][PASSED] - switch (DropdownNm): null

2020-06-09 15:18:04 - [TEST_STEP][PASSED] - case "ENF":: null

2020-06-09 15:18:04 - [TEST_STEP][PASSED] - ValueFound = ConstantTBL.find({ -> ... }): null

2020-06-09 15:18:04 - [TEST_STEP][PASSED] - break: null

2020-06-09 15:18:04 - [MESSAGE][PASSED] - Call Test Case 'Test Cases/PFI Precision and Scale/HashMap Tables/ConstantHashMap' successfully

2020-06-09 15:18:04 - [TEST_STEP][PASSED] - OutputFile.append("Search Value: " + ComboBoxValue + " " + "Found Value: " + ValueFound + TimeStamp + "
"): null

2020-06-09 15:18:04 - [TEST_STEP][PASSED] - sendKeys(NewInputNmField, Keys.chord(ARROW_DOWN)): Keys 'DOWN + ' sent to object: 'Object Repository/Objects.HighlightElements/input_field_index'

2020-06-09 15:18:04 - [MESSAGE][PASSED] - Keys 'DOWN + ' sent to object: 'Object Repository/Objects.HighlightElements/input_field_index'

2020-06-09 15:18:04 - [TEST_STEP][PASSED] - sendKeys(NewInputNmField, Keys.chord(ARROW_DOWN)): Keys 'DOWN + ' sent to object: 'Object Repository/Objects.HighlightElements/input_field_index'

2020-06-09 15:18:04 - [MESSAGE][PASSED] - Keys 'DOWN + ' sent to object: 'Object Repository/Objects.HighlightElements/input_field_index'

2020-06-09 15:18:04 - [TEST_STEP][PASSED] - delay(DelayTime): Delayed 2 second(s)

2020-06-09 15:18:06 - [MESSAGE][PASSED] - Delayed 2 second(s)

2020-06-09 15:18:06 - [TEST_STEP][PASSED] - sendKeys(NewInputNmField, Keys.chord(ENTER)): Keys 'ENTER + ' sent to object: 'Object Repository/Objects.HighlightElements/input_field_index'

2020-06-09 15:18:06 - [MESSAGE][PASSED] - Keys 'ENTER + ' sent to object: 'Object Repository/Objects.HighlightElements/input_field_index'

2020-06-09 15:18:06 - [TEST_STEP][PASSED] - ComboBoxValue = getAttribute(NewInputNmField, "value"): Attribute 'value' of object 'Object Repository/Objects.HighlightElements/input_field_index' is: 'Enforcement Ad Hoc Processing (ENFAH)'

2020-06-09 15:18:06 - [MESSAGE][PASSED] - Attribute 'value' of object 'Object Repository/Objects.HighlightElements/input_field_index' is: 'Enforcement Ad Hoc Processing (ENFAH)'

2020-06-09 15:18:06 - [TEST_STEP][PASSED] - callTestCase(findTestCase(CallTCName), ["FindValue":ComboBoxValue, "DropdownNm":comboNm], STOP_ON_FAILURE): Call Test Case 'Test Cases/PFI Precision and Scale/HashMap Tables/ConstantHashMap' successfully

2020-06-09 15:18:06 - [TEST_CASE][PASSED] - Test Cases/PFI Precision and Scale/HashMap Tables/ConstantHashMap: Test Cases/PFI Precision and Scale/HashMap Tables/ConstantHashMap

2020-06-09 15:18:06 - [TEST_STEP][PASSED] - ConstantTBL = [1:["PeriodType":"Working Day(s)"], 2:["PeriodType":"Calendar Day(s)"], 3:["PeriodType":"Month(s)"], 4:["TypeOfLetter":"T1"], ... ]: null

2020-06-09 15:18:06 - [TEST_STEP][PASSED] - switch (DropdownNm): null

2020-06-09 15:18:06 - [TEST_STEP][PASSED] - case "ENF":: null

2020-06-09 15:18:06 - [TEST_STEP][PASSED] - ValueFound = ConstantTBL.find({ -> ... }): null

2020-06-09 15:18:06 - [TEST_STEP][PASSED] - break: null

2020-06-09 15:18:06 - [MESSAGE][PASSED] - Call Test Case 'Test Cases/PFI Precision and Scale/HashMap Tables/ConstantHashMap' successfully

2020-06-09 15:18:06 - [TEST_STEP][PASSED] - OutputFile.append("Search Value: " + ComboBoxValue + " " + "Found Value: " + ValueFound + TimeStamp + "
"): null

2020-06-09 15:18:06 - [TEST_STEP][PASSED] - sendKeys(NewInputNmField, Keys.chord(ARROW_DOWN)): Keys 'DOWN + ' sent to object: 'Object Repository/Objects.HighlightElements/input_field_index'

2020-06-09 15:18:06 - [MESSAGE][PASSED] - Keys 'DOWN + ' sent to object: 'Object Repository/Objects.HighlightElements/input_field_index'

2020-06-09 15:18:06 - [TEST_STEP][PASSED] - sendKeys(NewInputNmField, Keys.chord(ARROW_DOWN)): Keys 'DOWN + ' sent to object: 'Object Repository/Objects.HighlightElements/input_field_index'

2020-06-09 15:18:06 - [MESSAGE][PASSED] - Keys 'DOWN + ' sent to object: 'Object Repository/Objects.HighlightElements/input_field_index'

2020-06-09 15:18:06 - [TEST_STEP][PASSED] - delay(DelayTime): Delayed 2 second(s)

2020-06-09 15:18:08 - [MESSAGE][PASSED] - Delayed 2 second(s)

2020-06-09 15:18:08 - [TEST_STEP][PASSED] - sendKeys(NewInputNmField, Keys.chord(ENTER)): Keys 'ENTER + ' sent to object: 'Object Repository/Objects.HighlightElements/input_field_index'

2020-06-09 15:18:09 - [MESSAGE][PASSED] - Keys 'ENTER + ' sent to object: 'Object Repository/Objects.HighlightElements/input_field_index'

2020-06-09 15:18:09 - [TEST_STEP][PASSED] - ComboBoxValue = getAttribute(NewInputNmField, "value"): Attribute 'value' of object 'Object Repository/Objects.HighlightElements/input_field_index' is: 'ST-ENF Processing (ST_ENF)'

2020-06-09 15:18:09 - [MESSAGE][PASSED] - Attribute 'value' of object 'Object Repository/Objects.HighlightElements/input_field_index' is: 'ST-ENF Processing (ST_ENF)'

2020-06-09 15:18:09 - [TEST_STEP][PASSED] - callTestCase(findTestCase(CallTCName), ["FindValue":ComboBoxValue, "DropdownNm":comboNm], STOP_ON_FAILURE): Call Test Case 'Test Cases/PFI Precision and Scale/HashMap Tables/ConstantHashMap' successfully

2020-06-09 15:18:09 - [TEST_CASE][PASSED] - Test Cases/PFI Precision and Scale/HashMap Tables/ConstantHashMap: Test Cases/PFI Precision and Scale/HashMap Tables/ConstantHashMap

2020-06-09 15:18:09 - [TEST_STEP][PASSED] - ConstantTBL = [1:["PeriodType":"Working Day(s)"], 2:["PeriodType":"Calendar Day(s)"], 3:["PeriodType":"Month(s)"], 4:["TypeOfLetter":"T1"], ... ]: null

2020-06-09 15:18:09 - [TEST_STEP][PASSED] - switch (DropdownNm): null

2020-06-09 15:18:09 - [TEST_STEP][PASSED] - case "ENF":: null

2020-06-09 15:18:09 - [TEST_STEP][PASSED] - ValueFound = ConstantTBL.find({ -> ... }): null

2020-06-09 15:18:09 - [TEST_STEP][PASSED] - break: null

2020-06-09 15:18:09 - [MESSAGE][PASSED] - Call Test Case 'Test Cases/PFI Precision and Scale/HashMap Tables/ConstantHashMap' successfully

2020-06-09 15:18:09 - [TEST_STEP][PASSED] - OutputFile.append("Search Value: " + ComboBoxValue + " " + "Found Value: " + ValueFound + TimeStamp + "
"): null

2020-06-09 15:18:09 - [TEST_STEP][PASSED] - sendKeys(NewInputNmField, Keys.chord(ARROW_DOWN)): Keys 'DOWN + ' sent to object: 'Object Repository/Objects.HighlightElements/input_field_index'

2020-06-09 15:18:09 - [MESSAGE][PASSED] - Keys 'DOWN + ' sent to object: 'Object Repository/Objects.HighlightElements/input_field_index'

2020-06-09 15:18:09 - [TEST_STEP][PASSED] - sendKeys(NewInputNmField, Keys.chord(ENTER)): Keys 'ENTER + ' sent to object: 'Object Repository/Objects.HighlightElements/input_field_index'

2020-06-09 15:18:09 - [MESSAGE][PASSED] - Keys 'ENTER + ' sent to object: 'Object Repository/Objects.HighlightElements/input_field_index'

2020-06-09 15:18:09 - [MESSAGE][PASSED] - Call Test Case 'Test Cases/PFI Precision and Scale/PFI Components with Indexing/VerifyDropdownValuesXPI' successfully

2020-06-09 15:18:09 - [TEST_STEP][PASSED] - callTestCase(findTestCase("Components/SelectAllThenDeleteIndex"), ["nameToBeUsed":"inspModule", "index":"1"], STOP_ON_FAILURE): Call Test Case 'Test Cases/Components/SelectAllThenDeleteIndex' successfully

2020-06-09 15:18:09 - [TEST_CASE][PASSED] - Test Cases/Components/SelectAllThenDeleteIndex: Test Cases/Components/SelectAllThenDeleteIndex

2020-06-09 15:18:09 - [TEST_STEP][PASSED] - Thread.sleep(1000): null

2020-06-09 15:18:10 - [TEST_STEP][PASSED] - modifiedObj = modifyObjectProperty(findTestObject("Object Repository/Objects.HighlightElements/input_field_index"), "xpath", "equals", "(//*[contains(@class,'x-form-text') and (@name='" + nameToBeUsed + "')])[" + index + "]", true): Modify property of object successfully

2020-06-09 15:18:10 - [MESSAGE][PASSED] - Modify property of object successfully

2020-06-09 15:18:10 - [TEST_STEP][PASSED] - focus(modifiedObj): Object: 'Object Repository/Objects.HighlightElements/input_field_index' is focused

2020-06-09 15:18:10 - [MESSAGE][PASSED] - Object: 'Object Repository/Objects.HighlightElements/input_field_index' is focused

2020-06-09 15:18:10 - [TEST_STEP][PASSED] - sendKeys(modifiedObj, Keys.chord(CONTROL, "a")): Keys 'CONTROL + a' sent to object: 'Object Repository/Objects.HighlightElements/input_field_index'

2020-06-09 15:18:10 - [MESSAGE][PASSED] - Keys 'CONTROL + a' sent to object: 'Object Repository/Objects.HighlightElements/input_field_index'

2020-06-09 15:18:10 - [TEST_STEP][PASSED] - sendKeys(modifiedObj, Keys.chord(DELETE)): Keys 'DELETE + ' sent to object: 'Object Repository/Objects.HighlightElements/input_field_index'

2020-06-09 15:18:10 - [MESSAGE][PASSED] - Keys 'DELETE + ' sent to object: 'Object Repository/Objects.HighlightElements/input_field_index'

2020-06-09 15:18:10 - [MESSAGE][PASSED] - Call Test Case 'Test Cases/Components/SelectAllThenDeleteIndex' successfully

2020-06-09 15:18:10 - [TEST_STEP][PASSED] - callTestCase(findTestCase("PFI Precision and Scale/PFI Components with Indexing/VerifyDropdownValuesXPI"), ["FldNm":"inspModule", "index":1, "CallTCName":"PFI Precision and Scale/HashMap Tables/ConstantHashMap", "cmbNm":"ModuleNm", ... ], STOP_ON_FAILURE): Call Test Case 'Test Cases/PFI Precision and Scale/PFI Components with Indexing/VerifyDropdownValuesXPI' successfully

2020-06-09 15:18:10 - [TEST_CASE][PASSED] - Test Cases/PFI Precision and Scale/PFI Components with Indexing/VerifyDropdownValuesXPI: Test Cases/PFI Precision and Scale/PFI Components with Indexing/VerifyDropdownValuesXPI

2020-06-09 15:18:10 - [TEST_STEP][PASSED] - Thread.sleep(1000): null

2020-06-09 15:18:11 - [TEST_STEP][PASSED] - OutputFile = new java.io.File(DropdownValuesResult.txt): null

2020-06-09 15:18:11 - [TEST_STEP][PASSED] - TimeStamp = new java.util.Date(): null

2020-06-09 15:18:11 - [TEST_STEP][PASSED] - NewInputNmField = modifyObjectProperty(findTestObject("Object Repository/Objects.HighlightElements/input_field_index"), "xpath", "equals", "(//*[contains(@name, '" + FldNm + "')])[" + index + "]", true): Modify property of object successfully

2020-06-09 15:18:11 - [MESSAGE][PASSED] - Modify property of object successfully

2020-06-09 15:18:11 - [TEST_STEP][PASSED] - comboNm = cmbNm: null

2020-06-09 15:18:11 - [TEST_STEP][PASSED] - focus(NewInputNmField): Object: 'Object Repository/Objects.HighlightElements/input_field_index' is focused

2020-06-09 15:18:11 - [MESSAGE][PASSED] - Object: 'Object Repository/Objects.HighlightElements/input_field_index' is focused

2020-06-09 15:18:11 - [TEST_STEP][PASSED] - setText(NewInputNmField, EnterValue): Text 'SD' is set on object 'Object Repository/Objects.HighlightElements/input_field_index'

2020-06-09 15:18:11 - [MESSAGE][PASSED] - Text 'SD' is set on object 'Object Repository/Objects.HighlightElements/input_field_index'

2020-06-09 15:18:11 - [TEST_STEP][PASSED] - for ([i = 1, i <= NoOfVal, (i++)]): Keys 'DOWN + ' sent to object: 'Object Repository/Objects.HighlightElements/input_field_index'

2020-06-09 15:18:11 - [TEST_STEP][PASSED] - sendKeys(NewInputNmField, Keys.chord(ARROW_DOWN)): Keys 'DOWN + ' sent to object: 'Object Repository/Objects.HighlightElements/input_field_index'

2020-06-09 15:18:11 - [MESSAGE][PASSED] - Keys 'DOWN + ' sent to object: 'Object Repository/Objects.HighlightElements/input_field_index'

2020-06-09 15:18:11 - [TEST_STEP][PASSED] - delay(DelayTime): Delayed 0 second(s)

2020-06-09 15:18:11 - [MESSAGE][PASSED] - Delayed 0 second(s)

2020-06-09 15:18:11 - [TEST_STEP][PASSED] - sendKeys(NewInputNmField, Keys.chord(ENTER)): Keys 'ENTER + ' sent to object: 'Object Repository/Objects.HighlightElements/input_field_index'

2020-06-09 15:18:11 - [MESSAGE][PASSED] - Keys 'ENTER + ' sent to object: 'Object Repository/Objects.HighlightElements/input_field_index'

2020-06-09 15:18:11 - [TEST_STEP][PASSED] - ComboBoxValue = getAttribute(NewInputNmField, "value"): Attribute 'value' of object 'Object Repository/Objects.HighlightElements/input_field_index' is: 'SD'

2020-06-09 15:18:11 - [MESSAGE][PASSED] - Attribute 'value' of object 'Object Repository/Objects.HighlightElements/input_field_index' is: 'SD'

2020-06-09 15:18:11 - [TEST_STEP][PASSED] - callTestCase(findTestCase(CallTCName), ["FindValue":ComboBoxValue, "DropdownNm":comboNm], STOP_ON_FAILURE): Call Test Case 'Test Cases/PFI Precision and Scale/HashMap Tables/ConstantHashMap' successfully

2020-06-09 15:18:11 - [TEST_CASE][PASSED] - Test Cases/PFI Precision and Scale/HashMap Tables/ConstantHashMap: Test Cases/PFI Precision and Scale/HashMap Tables/ConstantHashMap

2020-06-09 15:18:11 - [TEST_STEP][PASSED] - ConstantTBL = [1:["PeriodType":"Working Day(s)"], 2:["PeriodType":"Calendar Day(s)"], 3:["PeriodType":"Month(s)"], 4:["TypeOfLetter":"T1"], ... ]: null

2020-06-09 15:18:11 - [TEST_STEP][PASSED] - switch (DropdownNm): null

2020-06-09 15:18:11 - [TEST_STEP][PASSED] - case "ModuleNm":: null

2020-06-09 15:18:11 - [TEST_STEP][PASSED] - ValueFound = ConstantTBL.find({ -> ... }): null

2020-06-09 15:18:11 - [TEST_STEP][PASSED] - break: null

2020-06-09 15:18:11 - [MESSAGE][PASSED] - Call Test Case 'Test Cases/PFI Precision and Scale/HashMap Tables/ConstantHashMap' successfully

2020-06-09 15:18:11 - [TEST_STEP][PASSED] - OutputFile.append("Search Value: " + ComboBoxValue + " " + "Found Value: " + ValueFound + TimeStamp + "
"): null

2020-06-09 15:18:11 - [TEST_STEP][PASSED] - sendKeys(NewInputNmField, Keys.chord(ARROW_DOWN)): Keys 'DOWN + ' sent to object: 'Object Repository/Objects.HighlightElements/input_field_index'

2020-06-09 15:18:11 - [MESSAGE][PASSED] - Keys 'DOWN + ' sent to object: 'Object Repository/Objects.HighlightElements/input_field_index'

2020-06-09 15:18:11 - [TEST_STEP][PASSED] - sendKeys(NewInputNmField, Keys.chord(ENTER)): Keys 'ENTER + ' sent to object: 'Object Repository/Objects.HighlightElements/input_field_index'

2020-06-09 15:18:11 - [MESSAGE][PASSED] - Keys 'ENTER + ' sent to object: 'Object Repository/Objects.HighlightElements/input_field_index'

2020-06-09 15:18:11 - [MESSAGE][PASSED] - Call Test Case 'Test Cases/PFI Precision and Scale/PFI Components with Indexing/VerifyDropdownValuesXPI' successfully

2020-06-09 15:18:11 - [TEST_STEP][PASSED] - callTestCase(findTestCase("PFI Precision and Scale/PFI Components with Indexing/VerifyDropdownValuesXPI"), ["FldNm":"inspCaseType", "index":1, "CallTCName":"PFI Precision and Scale/HashMap Tables/ConstantHashMap", "cmbNm":"SD", "NoOfVal":7, ... ], STOP_ON_FAILURE): Call Test Case 'Test Cases/PFI Precision and Scale/PFI Components with Indexing/VerifyDropdownValuesXPI' successfully

2020-06-09 15:18:12 - [TEST_CASE][PASSED] - Test Cases/PFI Precision and Scale/PFI Components with Indexing/VerifyDropdownValuesXPI: Test Cases/PFI Precision and Scale/PFI Components with Indexing/VerifyDropdownValuesXPI

2020-06-09 15:18:12 - [TEST_STEP][PASSED] - Thread.sleep(1000): null

2020-06-09 15:18:13 - [TEST_STEP][PASSED] - OutputFile = new java.io.File(DropdownValuesResult.txt): null

2020-06-09 15:18:13 - [TEST_STEP][PASSED] - TimeStamp = new java.util.Date(): null

2020-06-09 15:18:13 - [TEST_STEP][PASSED] - NewInputNmField = modifyObjectProperty(findTestObject("Object Repository/Objects.HighlightElements/input_field_index"), "xpath", "equals", "(//*[contains(@name, '" + FldNm + "')])[" + index + "]", true): Modify property of object successfully

2020-06-09 15:18:13 - [MESSAGE][PASSED] - Modify property of object successfully

2020-06-09 15:18:13 - [TEST_STEP][PASSED] - comboNm = cmbNm: null

2020-06-09 15:18:13 - [TEST_STEP][PASSED] - focus(NewInputNmField): Object: 'Object Repository/Objects.HighlightElements/input_field_index' is focused

2020-06-09 15:18:13 - [MESSAGE][PASSED] - Object: 'Object Repository/Objects.HighlightElements/input_field_index' is focused

2020-06-09 15:18:13 - [TEST_STEP][PASSED] - setText(NewInputNmField, EnterValue): Text '' is set on object 'Object Repository/Objects.HighlightElements/input_field_index'

2020-06-09 15:18:13 - [MESSAGE][PASSED] - Text '' is set on object 'Object Repository/Objects.HighlightElements/input_field_index'

2020-06-09 15:18:13 - [TEST_STEP][PASSED] - for ([i = 1, i <= NoOfVal, (i++)]): Keys 'DOWN + ' sent to object: 'Object Repository/Objects.HighlightElements/input_field_index'

2020-06-09 15:18:13 - [TEST_STEP][PASSED] - sendKeys(NewInputNmField, Keys.chord(ARROW_DOWN)): Keys 'DOWN + ' sent to object: 'Object Repository/Objects.HighlightElements/input_field_index'

2020-06-09 15:18:13 - [MESSAGE][PASSED] - Keys 'DOWN + ' sent to object: 'Object Repository/Objects.HighlightElements/input_field_index'

2020-06-09 15:18:13 - [TEST_STEP][PASSED] - delay(DelayTime): Delayed 2 second(s)

2020-06-09 15:18:15 - [MESSAGE][PASSED] - Delayed 2 second(s)

2020-06-09 15:18:15 - [TEST_STEP][PASSED] - sendKeys(NewInputNmField, Keys.chord(ENTER)): Keys 'ENTER + ' sent to object: 'Object Repository/Objects.HighlightElements/input_field_index'

2020-06-09 15:18:15 - [MESSAGE][PASSED] - Keys 'ENTER + ' sent to object: 'Object Repository/Objects.HighlightElements/input_field_index'

2020-06-09 15:18:15 - [TEST_STEP][PASSED] - ComboBoxValue = getAttribute(NewInputNmField, "value"): Attribute 'value' of object 'Object Repository/Objects.HighlightElements/input_field_index' is: 'Corres-General Correspondence (CORRES-SD-GC)'

2020-06-09 15:18:15 - [MESSAGE][PASSED] - Attribute 'value' of object 'Object Repository/Objects.HighlightElements/input_field_index' is: 'Corres-General Correspondence (CORRES-SD-GC)'

2020-06-09 15:18:15 - [TEST_STEP][PASSED] - callTestCase(findTestCase(CallTCName), ["FindValue":ComboBoxValue, "DropdownNm":comboNm], STOP_ON_FAILURE): Call Test Case 'Test Cases/PFI Precision and Scale/HashMap Tables/ConstantHashMap' successfully

2020-06-09 15:18:15 - [TEST_CASE][PASSED] - Test Cases/PFI Precision and Scale/HashMap Tables/ConstantHashMap: Test Cases/PFI Precision and Scale/HashMap Tables/ConstantHashMap

2020-06-09 15:18:15 - [TEST_STEP][PASSED] - ConstantTBL = [1:["PeriodType":"Working Day(s)"], 2:["PeriodType":"Calendar Day(s)"], 3:["PeriodType":"Month(s)"], 4:["TypeOfLetter":"T1"], ... ]: null

2020-06-09 15:18:15 - [TEST_STEP][PASSED] - switch (DropdownNm): null

2020-06-09 15:18:15 - [TEST_STEP][PASSED] - case "SD":: null

2020-06-09 15:18:15 - [TEST_STEP][PASSED] - ValueFound = ConstantTBL.find({ -> ... }): null

2020-06-09 15:18:15 - [TEST_STEP][PASSED] - break: null

2020-06-09 15:18:15 - [MESSAGE][PASSED] - Call Test Case 'Test Cases/PFI Precision and Scale/HashMap Tables/ConstantHashMap' successfully

2020-06-09 15:18:15 - [TEST_STEP][PASSED] - OutputFile.append("Search Value: " + ComboBoxValue + " " + "Found Value: " + ValueFound + TimeStamp + "
"): null

2020-06-09 15:18:15 - [TEST_STEP][PASSED] - sendKeys(NewInputNmField, Keys.chord(ARROW_DOWN)): Keys 'DOWN + ' sent to object: 'Object Repository/Objects.HighlightElements/input_field_index'

2020-06-09 15:18:15 - [MESSAGE][PASSED] - Keys 'DOWN + ' sent to object: 'Object Repository/Objects.HighlightElements/input_field_index'

2020-06-09 15:18:15 - [TEST_STEP][PASSED] - sendKeys(NewInputNmField, Keys.chord(ARROW_DOWN)): Keys 'DOWN + ' sent to object: 'Object Repository/Objects.HighlightElements/input_field_index'

2020-06-09 15:18:15 - [MESSAGE][PASSED] - Keys 'DOWN + ' sent to object: 'Object Repository/Objects.HighlightElements/input_field_index'

2020-06-09 15:18:15 - [TEST_STEP][PASSED] - delay(DelayTime): Delayed 2 second(s)

2020-06-09 15:18:17 - [MESSAGE][PASSED] - Delayed 2 second(s)

2020-06-09 15:18:17 - [TEST_STEP][PASSED] - sendKeys(NewInputNmField, Keys.chord(ENTER)): Keys 'ENTER + ' sent to object: 'Object Repository/Objects.HighlightElements/input_field_index'

2020-06-09 15:18:17 - [MESSAGE][PASSED] - Keys 'ENTER + ' sent to object: 'Object Repository/Objects.HighlightElements/input_field_index'

2020-06-09 15:18:17 - [TEST_STEP][PASSED] - ComboBoxValue = getAttribute(NewInputNmField, "value"): Attribute 'value' of object 'Object Repository/Objects.HighlightElements/input_field_index' is: 'Corres-Request for Submission Withdrawal (CORRES-SD-SUBWTH)'

2020-06-09 15:18:17 - [MESSAGE][PASSED] - Attribute 'value' of object 'Object Repository/Objects.HighlightElements/input_field_index' is: 'Corres-Request for Submission Withdrawal (CORRES-SD-SUBWTH)'

2020-06-09 15:18:17 - [TEST_STEP][PASSED] - callTestCase(findTestCase(CallTCName), ["FindValue":ComboBoxValue, "DropdownNm":comboNm], STOP_ON_FAILURE): Call Test Case 'Test Cases/PFI Precision and Scale/HashMap Tables/ConstantHashMap' successfully

2020-06-09 15:18:17 - [TEST_CASE][PASSED] - Test Cases/PFI Precision and Scale/HashMap Tables/ConstantHashMap: Test Cases/PFI Precision and Scale/HashMap Tables/ConstantHashMap

2020-06-09 15:18:17 - [TEST_STEP][PASSED] - ConstantTBL = [1:["PeriodType":"Working Day(s)"], 2:["PeriodType":"Calendar Day(s)"], 3:["PeriodType":"Month(s)"], 4:["TypeOfLetter":"T1"], ... ]: null

2020-06-09 15:18:17 - [TEST_STEP][PASSED] - switch (DropdownNm): null

2020-06-09 15:18:17 - [TEST_STEP][PASSED] - case "SD":: null

2020-06-09 15:18:17 - [TEST_STEP][PASSED] - ValueFound = ConstantTBL.find({ -> ... }): null

2020-06-09 15:18:17 - [TEST_STEP][PASSED] - break: null

2020-06-09 15:18:17 - [MESSAGE][PASSED] - Call Test Case 'Test Cases/PFI Precision and Scale/HashMap Tables/ConstantHashMap' successfully

2020-06-09 15:18:17 - [TEST_STEP][PASSED] - OutputFile.append("Search Value: " + ComboBoxValue + " " + "Found Value: " + ValueFound + TimeStamp + "
"): null

2020-06-09 15:18:17 - [TEST_STEP][PASSED] - sendKeys(NewInputNmField, Keys.chord(ARROW_DOWN)): Keys 'DOWN + ' sent to object: 'Object Repository/Objects.HighlightElements/input_field_index'

2020-06-09 15:18:17 - [MESSAGE][PASSED] - Keys 'DOWN + ' sent to object: 'Object Repository/Objects.HighlightElements/input_field_index'

2020-06-09 15:18:17 - [TEST_STEP][PASSED] - sendKeys(NewInputNmField, Keys.chord(ARROW_DOWN)): Keys 'DOWN + ' sent to object: 'Object Repository/Objects.HighlightElements/input_field_index'

2020-06-09 15:18:17 - [MESSAGE][PASSED] - Keys 'DOWN + ' sent to object: 'Object Repository/Objects.HighlightElements/input_field_index'

2020-06-09 15:18:17 - [TEST_STEP][PASSED] - delay(DelayTime): Delayed 2 second(s)

2020-06-09 15:18:19 - [MESSAGE][PASSED] - Delayed 2 second(s)

2020-06-09 15:18:19 - [TEST_STEP][PASSED] - sendKeys(NewInputNmField, Keys.chord(ENTER)): Keys 'ENTER + ' sent to object: 'Object Repository/Objects.HighlightElements/input_field_index'

2020-06-09 15:18:19 - [MESSAGE][PASSED] - Keys 'ENTER + ' sent to object: 'Object Repository/Objects.HighlightElements/input_field_index'

2020-06-09 15:18:19 - [TEST_STEP][PASSED] - ComboBoxValue = getAttribute(NewInputNmField, "value"): Attribute 'value' of object 'Object Repository/Objects.HighlightElements/input_field_index' is: 'Dangerous Building Processing (SD)'

2020-06-09 15:18:19 - [MESSAGE][PASSED] - Attribute 'value' of object 'Object Repository/Objects.HighlightElements/input_field_index' is: 'Dangerous Building Processing (SD)'

2020-06-09 15:18:19 - [TEST_STEP][PASSED] - callTestCase(findTestCase(CallTCName), ["FindValue":ComboBoxValue, "DropdownNm":comboNm], STOP_ON_FAILURE): Call Test Case 'Test Cases/PFI Precision and Scale/HashMap Tables/ConstantHashMap' successfully

2020-06-09 15:18:19 - [TEST_CASE][PASSED] - Test Cases/PFI Precision and Scale/HashMap Tables/ConstantHashMap: Test Cases/PFI Precision and Scale/HashMap Tables/ConstantHashMap

2020-06-09 15:18:19 - [TEST_STEP][PASSED] - ConstantTBL = [1:["PeriodType":"Working Day(s)"], 2:["PeriodType":"Calendar Day(s)"], 3:["PeriodType":"Month(s)"], 4:["TypeOfLetter":"T1"], ... ]: null

2020-06-09 15:18:19 - [TEST_STEP][PASSED] - switch (DropdownNm): null

2020-06-09 15:18:19 - [TEST_STEP][PASSED] - case "SD":: null

2020-06-09 15:18:19 - [TEST_STEP][PASSED] - ValueFound = ConstantTBL.find({ -> ... }): null

2020-06-09 15:18:19 - [TEST_STEP][PASSED] - break: null

2020-06-09 15:18:19 - [MESSAGE][PASSED] - Call Test Case 'Test Cases/PFI Precision and Scale/HashMap Tables/ConstantHashMap' successfully

2020-06-09 15:18:19 - [TEST_STEP][PASSED] - OutputFile.append("Search Value: " + ComboBoxValue + " " + "Found Value: " + ValueFound + TimeStamp + "
"): null

2020-06-09 15:18:19 - [TEST_STEP][PASSED] - sendKeys(NewInputNmField, Keys.chord(ARROW_DOWN)): Keys 'DOWN + ' sent to object: 'Object Repository/Objects.HighlightElements/input_field_index'

2020-06-09 15:18:19 - [MESSAGE][PASSED] - Keys 'DOWN + ' sent to object: 'Object Repository/Objects.HighlightElements/input_field_index'

2020-06-09 15:18:19 - [TEST_STEP][PASSED] - sendKeys(NewInputNmField, Keys.chord(ARROW_DOWN)): Keys 'DOWN + ' sent to object: 'Object Repository/Objects.HighlightElements/input_field_index'

2020-06-09 15:18:19 - [MESSAGE][PASSED] - Keys 'DOWN + ' sent to object: 'Object Repository/Objects.HighlightElements/input_field_index'

2020-06-09 15:18:19 - [TEST_STEP][PASSED] - delay(DelayTime): Delayed 2 second(s)

2020-06-09 15:18:21 - [MESSAGE][PASSED] - Delayed 2 second(s)

2020-06-09 15:18:21 - [TEST_STEP][PASSED] - sendKeys(NewInputNmField, Keys.chord(ENTER)): Keys 'ENTER + ' sent to object: 'Object Repository/Objects.HighlightElements/input_field_index'

2020-06-09 15:18:21 - [MESSAGE][PASSED] - Keys 'ENTER + ' sent to object: 'Object Repository/Objects.HighlightElements/input_field_index'

2020-06-09 15:18:21 - [TEST_STEP][PASSED] - ComboBoxValue = getAttribute(NewInputNmField, "value"): Attribute 'value' of object 'Object Repository/Objects.HighlightElements/input_field_index' is: 'Dangerous Building - Monitoring (SD_SDM)'

2020-06-09 15:18:22 - [MESSAGE][PASSED] - Attribute 'value' of object 'Object Repository/Objects.HighlightElements/input_field_index' is: 'Dangerous Building - Monitoring (SD_SDM)'

2020-06-09 15:18:22 - [TEST_STEP][PASSED] - callTestCase(findTestCase(CallTCName), ["FindValue":ComboBoxValue, "DropdownNm":comboNm], STOP_ON_FAILURE): Call Test Case 'Test Cases/PFI Precision and Scale/HashMap Tables/ConstantHashMap' successfully

2020-06-09 15:18:22 - [TEST_CASE][PASSED] - Test Cases/PFI Precision and Scale/HashMap Tables/ConstantHashMap: Test Cases/PFI Precision and Scale/HashMap Tables/ConstantHashMap

2020-06-09 15:18:22 - [TEST_STEP][PASSED] - ConstantTBL = [1:["PeriodType":"Working Day(s)"], 2:["PeriodType":"Calendar Day(s)"], 3:["PeriodType":"Month(s)"], 4:["TypeOfLetter":"T1"], ... ]: null

2020-06-09 15:18:22 - [TEST_STEP][PASSED] - switch (DropdownNm): null

2020-06-09 15:18:22 - [TEST_STEP][PASSED] - case "SD":: null

2020-06-09 15:18:22 - [TEST_STEP][PASSED] - ValueFound = ConstantTBL.find({ -> ... }): null

2020-06-09 15:18:22 - [TEST_STEP][PASSED] - break: null

2020-06-09 15:18:22 - [MESSAGE][PASSED] - Call Test Case 'Test Cases/PFI Precision and Scale/HashMap Tables/ConstantHashMap' successfully

2020-06-09 15:18:22 - [TEST_STEP][PASSED] - OutputFile.append("Search Value: " + ComboBoxValue + " " + "Found Value: " + ValueFound + TimeStamp + "
"): null

2020-06-09 15:18:22 - [TEST_STEP][PASSED] - sendKeys(NewInputNmField, Keys.chord(ARROW_DOWN)): Keys 'DOWN + ' sent to object: 'Object Repository/Objects.HighlightElements/input_field_index'

2020-06-09 15:18:22 - [MESSAGE][PASSED] - Keys 'DOWN + ' sent to object: 'Object Repository/Objects.HighlightElements/input_field_index'

2020-06-09 15:18:22 - [TEST_STEP][PASSED] - sendKeys(NewInputNmField, Keys.chord(ARROW_DOWN)): Keys 'DOWN + ' sent to object: 'Object Repository/Objects.HighlightElements/input_field_index'

2020-06-09 15:18:22 - [MESSAGE][PASSED] - Keys 'DOWN + ' sent to object: 'Object Repository/Objects.HighlightElements/input_field_index'

2020-06-09 15:18:22 - [TEST_STEP][PASSED] - delay(DelayTime): Delayed 2 second(s)

2020-06-09 15:18:24 - [MESSAGE][PASSED] - Delayed 2 second(s)

2020-06-09 15:18:24 - [TEST_STEP][PASSED] - sendKeys(NewInputNmField, Keys.chord(ENTER)): Keys 'ENTER + ' sent to object: 'Object Repository/Objects.HighlightElements/input_field_index'

2020-06-09 15:18:24 - [MESSAGE][PASSED] - Keys 'ENTER + ' sent to object: 'Object Repository/Objects.HighlightElements/input_field_index'

2020-06-09 15:18:24 - [TEST_STEP][PASSED] - ComboBoxValue = getAttribute(NewInputNmField, "value"): Attribute 'value' of object 'Object Repository/Objects.HighlightElements/input_field_index' is: 'Process SD Submission (SD1)'

2020-06-09 15:18:24 - [MESSAGE][PASSED] - Attribute 'value' of object 'Object Repository/Objects.HighlightElements/input_field_index' is: 'Process SD Submission (SD1)'

2020-06-09 15:18:24 - [TEST_STEP][PASSED] - callTestCase(findTestCase(CallTCName), ["FindValue":ComboBoxValue, "DropdownNm":comboNm], STOP_ON_FAILURE): Call Test Case 'Test Cases/PFI Precision and Scale/HashMap Tables/ConstantHashMap' successfully

2020-06-09 15:18:24 - [TEST_CASE][PASSED] - Test Cases/PFI Precision and Scale/HashMap Tables/ConstantHashMap: Test Cases/PFI Precision and Scale/HashMap Tables/ConstantHashMap

2020-06-09 15:18:24 - [TEST_STEP][PASSED] - ConstantTBL = [1:["PeriodType":"Working Day(s)"], 2:["PeriodType":"Calendar Day(s)"], 3:["PeriodType":"Month(s)"], 4:["TypeOfLetter":"T1"], ... ]: null

2020-06-09 15:18:24 - [TEST_STEP][PASSED] - switch (DropdownNm): null

2020-06-09 15:18:24 - [TEST_STEP][PASSED] - case "SD":: null

2020-06-09 15:18:24 - [TEST_STEP][PASSED] - ValueFound = ConstantTBL.find({ -> ... }): null

2020-06-09 15:18:24 - [TEST_STEP][PASSED] - break: null

2020-06-09 15:18:24 - [MESSAGE][PASSED] - Call Test Case 'Test Cases/PFI Precision and Scale/HashMap Tables/ConstantHashMap' successfully

2020-06-09 15:18:24 - [TEST_STEP][PASSED] - OutputFile.append("Search Value: " + ComboBoxValue + " " + "Found Value: " + ValueFound + TimeStamp + "
"): null

2020-06-09 15:18:24 - [TEST_STEP][PASSED] - sendKeys(NewInputNmField, Keys.chord(ARROW_DOWN)): Keys 'DOWN + ' sent to object: 'Object Repository/Objects.HighlightElements/input_field_index'

2020-06-09 15:18:24 - [MESSAGE][PASSED] - Keys 'DOWN + ' sent to object: 'Object Repository/Objects.HighlightElements/input_field_index'

2020-06-09 15:18:24 - [TEST_STEP][PASSED] - sendKeys(NewInputNmField, Keys.chord(ARROW_DOWN)): Keys 'DOWN + ' sent to object: 'Object Repository/Objects.HighlightElements/input_field_index'

2020-06-09 15:18:24 - [MESSAGE][PASSED] - Keys 'DOWN + ' sent to object: 'Object Repository/Objects.HighlightElements/input_field_index'

2020-06-09 15:18:24 - [TEST_STEP][PASSED] - delay(DelayTime): Delayed 2 second(s)

2020-06-09 15:18:26 - [MESSAGE][PASSED] - Delayed 2 second(s)

2020-06-09 15:18:26 - [TEST_STEP][PASSED] - sendKeys(NewInputNmField, Keys.chord(ENTER)): Keys 'ENTER + ' sent to object: 'Object Repository/Objects.HighlightElements/input_field_index'

2020-06-09 15:18:26 - [MESSAGE][PASSED] - Keys 'ENTER + ' sent to object: 'Object Repository/Objects.HighlightElements/input_field_index'

2020-06-09 15:18:26 - [TEST_STEP][PASSED] - ComboBoxValue = getAttribute(NewInputNmField, "value"): Attribute 'value' of object 'Object Repository/Objects.HighlightElements/input_field_index' is: 'Dangerous Building Ad Hoc Processing (SDAH)'

2020-06-09 15:18:26 - [MESSAGE][PASSED] - Attribute 'value' of object 'Object Repository/Objects.HighlightElements/input_field_index' is: 'Dangerous Building Ad Hoc Processing (SDAH)'

2020-06-09 15:18:26 - [TEST_STEP][PASSED] - callTestCase(findTestCase(CallTCName), ["FindValue":ComboBoxValue, "DropdownNm":comboNm], STOP_ON_FAILURE): Call Test Case 'Test Cases/PFI Precision and Scale/HashMap Tables/ConstantHashMap' successfully

2020-06-09 15:18:26 - [TEST_CASE][PASSED] - Test Cases/PFI Precision and Scale/HashMap Tables/ConstantHashMap: Test Cases/PFI Precision and Scale/HashMap Tables/ConstantHashMap

2020-06-09 15:18:26 - [TEST_STEP][PASSED] - ConstantTBL = [1:["PeriodType":"Working Day(s)"], 2:["PeriodType":"Calendar Day(s)"], 3:["PeriodType":"Month(s)"], 4:["TypeOfLetter":"T1"], ... ]: null

2020-06-09 15:18:26 - [TEST_STEP][PASSED] - switch (DropdownNm): null

2020-06-09 15:18:26 - [TEST_STEP][PASSED] - case "SD":: null

2020-06-09 15:18:26 - [TEST_STEP][PASSED] - ValueFound = ConstantTBL.find({ -> ... }): null

2020-06-09 15:18:26 - [TEST_STEP][PASSED] - break: null

2020-06-09 15:18:26 - [MESSAGE][PASSED] - Call Test Case 'Test Cases/PFI Precision and Scale/HashMap Tables/ConstantHashMap' successfully

2020-06-09 15:18:26 - [TEST_STEP][PASSED] - OutputFile.append("Search Value: " + ComboBoxValue + " " + "Found Value: " + ValueFound + TimeStamp + "
"): null

2020-06-09 15:18:26 - [TEST_STEP][PASSED] - sendKeys(NewInputNmField, Keys.chord(ARROW_DOWN)): Keys 'DOWN + ' sent to object: 'Object Repository/Objects.HighlightElements/input_field_index'

2020-06-09 15:18:26 - [MESSAGE][PASSED] - Keys 'DOWN + ' sent to object: 'Object Repository/Objects.HighlightElements/input_field_index'

2020-06-09 15:18:26 - [TEST_STEP][PASSED] - sendKeys(NewInputNmField, Keys.chord(ARROW_DOWN)): Keys 'DOWN + ' sent to object: 'Object Repository/Objects.HighlightElements/input_field_index'

2020-06-09 15:18:26 - [MESSAGE][PASSED] - Keys 'DOWN + ' sent to object: 'Object Repository/Objects.HighlightElements/input_field_index'

2020-06-09 15:18:26 - [TEST_STEP][PASSED] - delay(DelayTime): Delayed 2 second(s)

2020-06-09 15:18:28 - [MESSAGE][PASSED] - Delayed 2 second(s)

2020-06-09 15:18:28 - [TEST_STEP][PASSED] - sendKeys(NewInputNmField, Keys.chord(ENTER)): Keys 'ENTER + ' sent to object: 'Object Repository/Objects.HighlightElements/input_field_index'

2020-06-09 15:18:28 - [MESSAGE][PASSED] - Keys 'ENTER + ' sent to object: 'Object Repository/Objects.HighlightElements/input_field_index'

2020-06-09 15:18:28 - [TEST_STEP][PASSED] - ComboBoxValue = getAttribute(NewInputNmField, "value"): Attribute 'value' of object 'Object Repository/Objects.HighlightElements/input_field_index' is: 'ST-SD Processing (ST_SD)'

2020-06-09 15:18:28 - [MESSAGE][PASSED] - Attribute 'value' of object 'Object Repository/Objects.HighlightElements/input_field_index' is: 'ST-SD Processing (ST_SD)'

2020-06-09 15:18:28 - [TEST_STEP][PASSED] - callTestCase(findTestCase(CallTCName), ["FindValue":ComboBoxValue, "DropdownNm":comboNm], STOP_ON_FAILURE): Call Test Case 'Test Cases/PFI Precision and Scale/HashMap Tables/ConstantHashMap' successfully

2020-06-09 15:18:28 - [TEST_CASE][PASSED] - Test Cases/PFI Precision and Scale/HashMap Tables/ConstantHashMap: Test Cases/PFI Precision and Scale/HashMap Tables/ConstantHashMap

2020-06-09 15:18:28 - [TEST_STEP][PASSED] - ConstantTBL = [1:["PeriodType":"Working Day(s)"], 2:["PeriodType":"Calendar Day(s)"], 3:["PeriodType":"Month(s)"], 4:["TypeOfLetter":"T1"], ... ]: null

2020-06-09 15:18:28 - [TEST_STEP][PASSED] - switch (DropdownNm): null

2020-06-09 15:18:28 - [TEST_STEP][PASSED] - case "SD":: null

2020-06-09 15:18:28 - [TEST_STEP][PASSED] - ValueFound = ConstantTBL.find({ -> ... }): null

2020-06-09 15:18:28 - [TEST_STEP][PASSED] - break: null

2020-06-09 15:18:28 - [MESSAGE][PASSED] - Call Test Case 'Test Cases/PFI Precision and Scale/HashMap Tables/ConstantHashMap' successfully

2020-06-09 15:18:28 - [TEST_STEP][PASSED] - OutputFile.append("Search Value: " + ComboBoxValue + " " + "Found Value: " + ValueFound + TimeStamp + "
"): null

2020-06-09 15:18:28 - [TEST_STEP][PASSED] - sendKeys(NewInputNmField, Keys.chord(ARROW_DOWN)): Keys 'DOWN + ' sent to object: 'Object Repository/Objects.HighlightElements/input_field_index'

2020-06-09 15:18:28 - [MESSAGE][PASSED] - Keys 'DOWN + ' sent to object: 'Object Repository/Objects.HighlightElements/input_field_index'

2020-06-09 15:18:28 - [TEST_STEP][PASSED] - sendKeys(NewInputNmField, Keys.chord(ENTER)): Keys 'ENTER + ' sent to object: 'Object Repository/Objects.HighlightElements/input_field_index'

2020-06-09 15:18:28 - [MESSAGE][PASSED] - Keys 'ENTER + ' sent to object: 'Object Repository/Objects.HighlightElements/input_field_index'

2020-06-09 15:18:28 - [MESSAGE][PASSED] - Call Test Case 'Test Cases/PFI Precision and Scale/PFI Components with Indexing/VerifyDropdownValuesXPI' successfully

2020-06-09 15:18:28 - [TEST_STEP][PASSED] - callTestCase(findTestCase("Components/SelectAllThenDeleteIndex"), ["nameToBeUsed":"inspModule", "index":"1"], STOP_ON_FAILURE): Call Test Case 'Test Cases/Components/SelectAllThenDeleteIndex' successfully

2020-06-09 15:18:28 - [TEST_CASE][PASSED] - Test Cases/Components/SelectAllThenDeleteIndex: Test Cases/Components/SelectAllThenDeleteIndex

2020-06-09 15:18:28 - [TEST_STEP][PASSED] - Thread.sleep(1000): null

2020-06-09 15:18:29 - [TEST_STEP][PASSED] - modifiedObj = modifyObjectProperty(findTestObject("Object Repository/Objects.HighlightElements/input_field_index"), "xpath", "equals", "(//*[contains(@class,'x-form-text') and (@name='" + nameToBeUsed + "')])[" + index + "]", true): Modify property of object successfully

2020-06-09 15:18:29 - [MESSAGE][PASSED] - Modify property of object successfully

2020-06-09 15:18:29 - [TEST_STEP][PASSED] - focus(modifiedObj): Object: 'Object Repository/Objects.HighlightElements/input_field_index' is focused

2020-06-09 15:18:29 - [MESSAGE][PASSED] - Object: 'Object Repository/Objects.HighlightElements/input_field_index' is focused

2020-06-09 15:18:29 - [TEST_STEP][PASSED] - sendKeys(modifiedObj, Keys.chord(CONTROL, "a")): Keys 'CONTROL + a' sent to object: 'Object Repository/Objects.HighlightElements/input_field_index'

2020-06-09 15:18:30 - [MESSAGE][PASSED] - Keys 'CONTROL + a' sent to object: 'Object Repository/Objects.HighlightElements/input_field_index'

2020-06-09 15:18:30 - [TEST_STEP][PASSED] - sendKeys(modifiedObj, Keys.chord(DELETE)): Keys 'DELETE + ' sent to object: 'Object Repository/Objects.HighlightElements/input_field_index'

2020-06-09 15:18:30 - [MESSAGE][PASSED] - Keys 'DELETE + ' sent to object: 'Object Repository/Objects.HighlightElements/input_field_index'

2020-06-09 15:18:30 - [MESSAGE][PASSED] - Call Test Case 'Test Cases/Components/SelectAllThenDeleteIndex' successfully

2020-06-09 15:18:30 - [TEST_STEP][PASSED] - callTestCase(findTestCase("PFI Precision and Scale/PFI Components with Indexing/VerifyDropdownValuesXPI"), ["FldNm":"inspModule", "index":1, "CallTCName":"PFI Precision and Scale/HashMap Tables/ConstantHashMap", "cmbNm":"ModuleNm", ... ], STOP_ON_FAILURE): Call Test Case 'Test Cases/PFI Precision and Scale/PFI Components with Indexing/VerifyDropdownValuesXPI' successfully

2020-06-09 15:18:30 - [TEST_CASE][PASSED] - Test Cases/PFI Precision and Scale/PFI Components with Indexing/VerifyDropdownValuesXPI: Test Cases/PFI Precision and Scale/PFI Components with Indexing/VerifyDropdownValuesXPI

2020-06-09 15:18:30 - [TEST_STEP][PASSED] - Thread.sleep(1000): null

2020-06-09 15:18:31 - [TEST_STEP][PASSED] - OutputFile = new java.io.File(DropdownValuesResult.txt): null

2020-06-09 15:18:31 - [TEST_STEP][PASSED] - TimeStamp = new java.util.Date(): null

2020-06-09 15:18:31 - [TEST_STEP][PASSED] - NewInputNmField = modifyObjectProperty(findTestObject("Object Repository/Objects.HighlightElements/input_field_index"), "xpath", "equals", "(//*[contains(@name, '" + FldNm + "')])[" + index + "]", true): Modify property of object successfully

2020-06-09 15:18:31 - [MESSAGE][PASSED] - Modify property of object successfully

2020-06-09 15:18:31 - [TEST_STEP][PASSED] - comboNm = cmbNm: null

2020-06-09 15:18:31 - [TEST_STEP][PASSED] - focus(NewInputNmField): Object: 'Object Repository/Objects.HighlightElements/input_field_index' is focused

2020-06-09 15:18:31 - [MESSAGE][PASSED] - Object: 'Object Repository/Objects.HighlightElements/input_field_index' is focused

2020-06-09 15:18:31 - [TEST_STEP][PASSED] - setText(NewInputNmField, EnterValue): Text 'FM' is set on object 'Object Repository/Objects.HighlightElements/input_field_index'

2020-06-09 15:18:31 - [MESSAGE][PASSED] - Text 'FM' is set on object 'Object Repository/Objects.HighlightElements/input_field_index'

2020-06-09 15:18:31 - [TEST_STEP][PASSED] - for ([i = 1, i <= NoOfVal, (i++)]): Keys 'DOWN + ' sent to object: 'Object Repository/Objects.HighlightElements/input_field_index'

2020-06-09 15:18:31 - [TEST_STEP][PASSED] - sendKeys(NewInputNmField, Keys.chord(ARROW_DOWN)): Keys 'DOWN + ' sent to object: 'Object Repository/Objects.HighlightElements/input_field_index'

2020-06-09 15:18:31 - [MESSAGE][PASSED] - Keys 'DOWN + ' sent to object: 'Object Repository/Objects.HighlightElements/input_field_index'

2020-06-09 15:18:31 - [TEST_STEP][PASSED] - delay(DelayTime): Delayed 0 second(s)

2020-06-09 15:18:31 - [MESSAGE][PASSED] - Delayed 0 second(s)

2020-06-09 15:18:31 - [TEST_STEP][PASSED] - sendKeys(NewInputNmField, Keys.chord(ENTER)): Keys 'ENTER + ' sent to object: 'Object Repository/Objects.HighlightElements/input_field_index'

2020-06-09 15:18:31 - [MESSAGE][PASSED] - Keys 'ENTER + ' sent to object: 'Object Repository/Objects.HighlightElements/input_field_index'

2020-06-09 15:18:31 - [TEST_STEP][PASSED] - ComboBoxValue = getAttribute(NewInputNmField, "value"): Attribute 'value' of object 'Object Repository/Objects.HighlightElements/input_field_index' is: 'FM'

2020-06-09 15:18:31 - [MESSAGE][PASSED] - Attribute 'value' of object 'Object Repository/Objects.HighlightElements/input_field_index' is: 'FM'

2020-06-09 15:18:31 - [TEST_STEP][PASSED] - callTestCase(findTestCase(CallTCName), ["FindValue":ComboBoxValue, "DropdownNm":comboNm], STOP_ON_FAILURE): Call Test Case 'Test Cases/PFI Precision and Scale/HashMap Tables/ConstantHashMap' successfully

2020-06-09 15:18:31 - [TEST_CASE][PASSED] - Test Cases/PFI Precision and Scale/HashMap Tables/ConstantHashMap: Test Cases/PFI Precision and Scale/HashMap Tables/ConstantHashMap

2020-06-09 15:18:31 - [TEST_STEP][PASSED] - ConstantTBL = [1:["PeriodType":"Working Day(s)"], 2:["PeriodType":"Calendar Day(s)"], 3:["PeriodType":"Month(s)"], 4:["TypeOfLetter":"T1"], ... ]: null

2020-06-09 15:18:31 - [TEST_STEP][PASSED] - switch (DropdownNm): null

2020-06-09 15:18:31 - [TEST_STEP][PASSED] - case "ModuleNm":: null

2020-06-09 15:18:31 - [TEST_STEP][PASSED] - ValueFound = ConstantTBL.find({ -> ... }): null

2020-06-09 15:18:31 - [TEST_STEP][PASSED] - break: null

2020-06-09 15:18:31 - [MESSAGE][PASSED] - Call Test Case 'Test Cases/PFI Precision and Scale/HashMap Tables/ConstantHashMap' successfully

2020-06-09 15:18:31 - [TEST_STEP][PASSED] - OutputFile.append("Search Value: " + ComboBoxValue + " " + "Found Value: " + ValueFound + TimeStamp + "
"): null

2020-06-09 15:18:31 - [TEST_STEP][PASSED] - sendKeys(NewInputNmField, Keys.chord(ARROW_DOWN)): Keys 'DOWN + ' sent to object: 'Object Repository/Objects.HighlightElements/input_field_index'

2020-06-09 15:18:31 - [MESSAGE][PASSED] - Keys 'DOWN + ' sent to object: 'Object Repository/Objects.HighlightElements/input_field_index'

2020-06-09 15:18:31 - [TEST_STEP][PASSED] - sendKeys(NewInputNmField, Keys.chord(ENTER)): Keys 'ENTER + ' sent to object: 'Object Repository/Objects.HighlightElements/input_field_index'

2020-06-09 15:18:31 - [MESSAGE][PASSED] - Keys 'ENTER + ' sent to object: 'Object Repository/Objects.HighlightElements/input_field_index'

2020-06-09 15:18:31 - [MESSAGE][PASSED] - Call Test Case 'Test Cases/PFI Precision and Scale/PFI Components with Indexing/VerifyDropdownValuesXPI' successfully

2020-06-09 15:18:31 - [TEST_STEP][PASSED] - callTestCase(findTestCase("PFI Precision and Scale/PFI Components with Indexing/VerifyDropdownValuesXPI"), ["FldNm":"inspCaseType", "index":1, "CallTCName":"PFI Precision and Scale/HashMap Tables/ConstantHashMap", "cmbNm":"FM", "NoOfVal":1, ... ], STOP_ON_FAILURE): Call Test Case 'Test Cases/PFI Precision and Scale/PFI Components with Indexing/VerifyDropdownValuesXPI' successfully

2020-06-09 15:18:31 - [TEST_CASE][PASSED] - Test Cases/PFI Precision and Scale/PFI Components with Indexing/VerifyDropdownValuesXPI: Test Cases/PFI Precision and Scale/PFI Components with Indexing/VerifyDropdownValuesXPI

2020-06-09 15:18:31 - [TEST_STEP][PASSED] - Thread.sleep(1000): null

2020-06-09 15:18:32 - [TEST_STEP][PASSED] - OutputFile = new java.io.File(DropdownValuesResult.txt): null

2020-06-09 15:18:32 - [TEST_STEP][PASSED] - TimeStamp = new java.util.Date(): null

2020-06-09 15:18:32 - [TEST_STEP][PASSED] - NewInputNmField = modifyObjectProperty(findTestObject("Object Repository/Objects.HighlightElements/input_field_index"), "xpath", "equals", "(//*[contains(@name, '" + FldNm + "')])[" + index + "]", true): Modify property of object successfully

2020-06-09 15:18:32 - [MESSAGE][PASSED] - Modify property of object successfully

2020-06-09 15:18:32 - [TEST_STEP][PASSED] - comboNm = cmbNm: null

2020-06-09 15:18:32 - [TEST_STEP][PASSED] - focus(NewInputNmField): Object: 'Object Repository/Objects.HighlightElements/input_field_index' is focused

2020-06-09 15:18:32 - [MESSAGE][PASSED] - Object: 'Object Repository/Objects.HighlightElements/input_field_index' is focused

2020-06-09 15:18:32 - [TEST_STEP][PASSED] - setText(NewInputNmField, EnterValue): Text '' is set on object 'Object Repository/Objects.HighlightElements/input_field_index'

2020-06-09 15:18:32 - [MESSAGE][PASSED] - Text '' is set on object 'Object Repository/Objects.HighlightElements/input_field_index'

2020-06-09 15:18:32 - [TEST_STEP][PASSED] - for ([i = 1, i <= NoOfVal, (i++)]): Keys 'DOWN + ' sent to object: 'Object Repository/Objects.HighlightElements/input_field_index'

2020-06-09 15:18:32 - [TEST_STEP][PASSED] - sendKeys(NewInputNmField, Keys.chord(ARROW_DOWN)): Keys 'DOWN + ' sent to object: 'Object Repository/Objects.HighlightElements/input_field_index'

2020-06-09 15:18:32 - [MESSAGE][PASSED] - Keys 'DOWN + ' sent to object: 'Object Repository/Objects.HighlightElements/input_field_index'

2020-06-09 15:18:32 - [TEST_STEP][PASSED] - delay(DelayTime): Delayed 2 second(s)

2020-06-09 15:18:34 - [MESSAGE][PASSED] - Delayed 2 second(s)

2020-06-09 15:18:34 - [TEST_STEP][PASSED] - sendKeys(NewInputNmField, Keys.chord(ENTER)): Keys 'ENTER + ' sent to object: 'Object Repository/Objects.HighlightElements/input_field_index'

2020-06-09 15:18:34 - [MESSAGE][PASSED] - Keys 'ENTER + ' sent to object: 'Object Repository/Objects.HighlightElements/input_field_index'

2020-06-09 15:18:34 - [TEST_STEP][PASSED] - ComboBoxValue = getAttribute(NewInputNmField, "value"): Attribute 'value' of object 'Object Repository/Objects.HighlightElements/input_field_index' is: 'Feedback Processing (FM)'

2020-06-09 15:18:34 - [MESSAGE][PASSED] - Attribute 'value' of object 'Object Repository/Objects.HighlightElements/input_field_index' is: 'Feedback Processing (FM)'

2020-06-09 15:18:34 - [TEST_STEP][PASSED] - callTestCase(findTestCase(CallTCName), ["FindValue":ComboBoxValue, "DropdownNm":comboNm], STOP_ON_FAILURE): Call Test Case 'Test Cases/PFI Precision and Scale/HashMap Tables/ConstantHashMap' successfully

2020-06-09 15:18:34 - [TEST_CASE][PASSED] - Test Cases/PFI Precision and Scale/HashMap Tables/ConstantHashMap: Test Cases/PFI Precision and Scale/HashMap Tables/ConstantHashMap

2020-06-09 15:18:34 - [TEST_STEP][PASSED] - ConstantTBL = [1:["PeriodType":"Working Day(s)"], 2:["PeriodType":"Calendar Day(s)"], 3:["PeriodType":"Month(s)"], 4:["TypeOfLetter":"T1"], ... ]: null

2020-06-09 15:18:34 - [TEST_STEP][PASSED] - switch (DropdownNm): null

2020-06-09 15:18:34 - [TEST_STEP][PASSED] - case "FM":: null

2020-06-09 15:18:34 - [TEST_STEP][PASSED] - ValueFound = ConstantTBL.find({ -> ... }): null

2020-06-09 15:18:34 - [TEST_STEP][PASSED] - break: null

2020-06-09 15:18:34 - [MESSAGE][PASSED] - Call Test Case 'Test Cases/PFI Precision and Scale/HashMap Tables/ConstantHashMap' successfully

2020-06-09 15:18:34 - [TEST_STEP][PASSED] - OutputFile.append("Search Value: " + ComboBoxValue + " " + "Found Value: " + ValueFound + TimeStamp + "
"): null

2020-06-09 15:18:34 - [TEST_STEP][PASSED] - sendKeys(NewInputNmField, Keys.chord(ARROW_DOWN)): Keys 'DOWN + ' sent to object: 'Object Repository/Objects.HighlightElements/input_field_index'

2020-06-09 15:18:35 - [MESSAGE][PASSED] - Keys 'DOWN + ' sent to object: 'Object Repository/Objects.HighlightElements/input_field_index'

2020-06-09 15:18:35 - [TEST_STEP][PASSED] - sendKeys(NewInputNmField, Keys.chord(ENTER)): Keys 'ENTER + ' sent to object: 'Object Repository/Objects.HighlightElements/input_field_index'

2020-06-09 15:18:35 - [MESSAGE][PASSED] - Keys 'ENTER + ' sent to object: 'Object Repository/Objects.HighlightElements/input_field_index'

2020-06-09 15:18:35 - [MESSAGE][PASSED] - Call Test Case 'Test Cases/PFI Precision and Scale/PFI Components with Indexing/VerifyDropdownValuesXPI' successfully

2020-06-09 15:18:35 - [TEST_STEP][PASSED] - callTestCase(findTestCase("Components/HighlightLabelFieldXPI"), ["LblName":"Inspection From Date", "index":1], STOP_ON_FAILURE): Call Test Case 'Test Cases/Components/HighlightLabelFieldXPI' successfully

2020-06-09 15:18:35 - [TEST_CASE][PASSED] - Test Cases/Components/HighlightLabelFieldXPI: Test Cases/Components/HighlightLabelFieldXPI

2020-06-09 15:18:35 - [TEST_STEP][PASSED] - Thread.sleep(1000): null

2020-06-09 15:18:36 - [TEST_STEP][PASSED] - modifiedLblNm = modifyObjectProperty(findTestObject("Object Repository/Objects.HighlightElements/lblField_index"), "xpath", "equals", "(//*[contains(@class, 'x-form-item-label-inner x-form-item-label-inner-default') and contains(., '" + LblName + "')])[" + index + "]", true): Modify property of object successfully

2020-06-09 15:18:36 - [MESSAGE][PASSED] - Modify property of object successfully

2020-06-09 15:18:36 - [TEST_STEP][PASSED] - com.reusableComponents.HighlightElement.run(modifiedLblNm): com.reusableComponents.HighlightElement.run is PASSED

2020-06-09 15:18:36 - [MESSAGE][PASSED] - com.reusableComponents.HighlightElement.run is PASSED

2020-06-09 15:18:36 - [MESSAGE][PASSED] - Call Test Case 'Test Cases/Components/HighlightLabelFieldXPI' successfully

2020-06-09 15:18:36 - [TEST_STEP][PASSED] - callTestCase(findTestCase("Components/HighlightInputFieldXPI"), ["FldNm":"inspDt", "index":1], STOP_ON_FAILURE): Call Test Case 'Test Cases/Components/HighlightInputFieldXPI' successfully

2020-06-09 15:18:36 - [TEST_CASE][PASSED] - Test Cases/Components/HighlightInputFieldXPI: Test Cases/Components/HighlightInputFieldXPI

2020-06-09 15:18:36 - [TEST_STEP][PASSED] - Thread.sleep(1000): null

2020-06-09 15:18:37 - [TEST_STEP][PASSED] - modifiedInputNm = modifyObjectProperty(findTestObject("Object Repository/Objects.HighlightElements/input_field_index"), "xpath", "equals", "(//*[contains(@name, '" + FldNm + "')])[" + index + "]", true): Modify property of object successfully

2020-06-09 15:18:37 - [MESSAGE][PASSED] - Modify property of object successfully

2020-06-09 15:18:37 - [TEST_STEP][PASSED] - com.reusableComponents.HighlightElement.run(modifiedInputNm): com.reusableComponents.HighlightElement.run is PASSED

2020-06-09 15:18:38 - [MESSAGE][PASSED] - com.reusableComponents.HighlightElement.run is PASSED

2020-06-09 15:18:38 - [MESSAGE][PASSED] - Call Test Case 'Test Cases/Components/HighlightInputFieldXPI' successfully

2020-06-09 15:18:38 - [TEST_STEP][PASSED] - callTestCase(findTestCase("Components/SelectAllThenDeleteIndex"), ["nameToBeUsed":"inspDt", "index":"1"], STOP_ON_FAILURE): Call Test Case 'Test Cases/Components/SelectAllThenDeleteIndex' successfully

2020-06-09 15:18:38 - [TEST_CASE][PASSED] - Test Cases/Components/SelectAllThenDeleteIndex: Test Cases/Components/SelectAllThenDeleteIndex

2020-06-09 15:18:38 - [TEST_STEP][PASSED] - Thread.sleep(1000): null

2020-06-09 15:18:39 - [TEST_STEP][PASSED] - modifiedObj = modifyObjectProperty(findTestObject("Object Repository/Objects.HighlightElements/input_field_index"), "xpath", "equals", "(//*[contains(@class,'x-form-text') and (@name='" + nameToBeUsed + "')])[" + index + "]", true): Modify property of object successfully

2020-06-09 15:18:39 - [MESSAGE][PASSED] - Modify property of object successfully

2020-06-09 15:18:39 - [TEST_STEP][PASSED] - focus(modifiedObj): Object: 'Object Repository/Objects.HighlightElements/input_field_index' is focused

2020-06-09 15:18:39 - [MESSAGE][PASSED] - Object: 'Object Repository/Objects.HighlightElements/input_field_index' is focused

2020-06-09 15:18:39 - [TEST_STEP][PASSED] - sendKeys(modifiedObj, Keys.chord(CONTROL, "a")): Keys 'CONTROL + a' sent to object: 'Object Repository/Objects.HighlightElements/input_field_index'

2020-06-09 15:18:39 - [MESSAGE][PASSED] - Keys 'CONTROL + a' sent to object: 'Object Repository/Objects.HighlightElements/input_field_index'

2020-06-09 15:18:39 - [TEST_STEP][PASSED] - sendKeys(modifiedObj, Keys.chord(DELETE)): Keys 'DELETE + ' sent to object: 'Object Repository/Objects.HighlightElements/input_field_index'

2020-06-09 15:18:39 - [MESSAGE][PASSED] - Keys 'DELETE + ' sent to object: 'Object Repository/Objects.HighlightElements/input_field_index'

2020-06-09 15:18:39 - [MESSAGE][PASSED] - Call Test Case 'Test Cases/Components/SelectAllThenDeleteIndex' successfully

2020-06-09 15:18:39 - [TEST_STEP][PASSED] - callTestCase(findTestCase("PFI Precision and Scale/PFI Components with Indexing/NumericTextboxValidationIndex"), ["nameToBeUsed":"inspDt", "index":1, "minLen":4], STOP_ON_FAILURE): Call Test Case 'Test Cases/PFI Precision and Scale/PFI Components with Indexing/NumericTextboxValidationIndex' successfully

2020-06-09 15:18:39 - [TEST_CASE][PASSED] - Test Cases/PFI Precision and Scale/PFI Components with Indexing/NumericTextboxValidationIndex: Test Cases/PFI Precision and Scale/PFI Components with Indexing/NumericTextboxValidationIndex

2020-06-09 15:18:39 - [TEST_STEP][PASSED] - Thread.sleep(1000): null

2020-06-09 15:18:40 - [TEST_STEP][PASSED] - Numeric = "0123456789": null

2020-06-09 15:18:40 - [TEST_STEP][PASSED] - AlphaSpecialChar = z) + "`~!@#$%^&*()=_{}|\][;'":,?><"".join(): null

2020-06-09 15:18:40 - [TEST_STEP][PASSED] - RandomNumeric = RandomStringUtils.random(minLen, Numeric.toCharArray()): null

2020-06-09 15:18:40 - [TEST_STEP][PASSED] - RandomString = RandomStringUtils.random(minLen, AlphaSpecialChar): null

2020-06-09 15:18:40 - [TEST_STEP][PASSED] - regexPat = Pattern.compile("^[0-9]+$"): null

2020-06-09 15:18:40 - [TEST_STEP][PASSED] - NewInputNmField = modifyObjectProperty(findTestObject("Object Repository/Objects.HighlightElements/input_field_index"), "xpath", "equals", "(//*[contains(@class,'x-form-text') and (@name='" + nameToBeUsed + "')])[" + index + "]", true): Modify property of object successfully

2020-06-09 15:18:40 - [MESSAGE][PASSED] - Modify property of object successfully

2020-06-09 15:18:40 - [TEST_STEP][PASSED] - focus(NewInputNmField): Object: 'Object Repository/Objects.HighlightElements/input_field_index' is focused

2020-06-09 15:18:40 - [MESSAGE][PASSED] - Object: 'Object Repository/Objects.HighlightElements/input_field_index' is focused

2020-06-09 15:18:40 - [TEST_STEP][PASSED] - setText(NewInputNmField, RandomString): Text '(":g' is set on object 'Object Repository/Objects.HighlightElements/input_field_index'

2020-06-09 15:18:41 - [MESSAGE][PASSED] - Text '(":g' is set on object 'Object Repository/Objects.HighlightElements/input_field_index'

2020-06-09 15:18:41 - [TEST_STEP][PASSED] - GetInputVal = getAttribute(NewInputNmField, "value"): Attribute 'value' of object 'Object Repository/Objects.HighlightElements/input_field_index' is: ''

2020-06-09 15:18:41 - [MESSAGE][PASSED] - Attribute 'value' of object 'Object Repository/Objects.HighlightElements/input_field_index' is: ''

2020-06-09 15:18:41 - [TEST_STEP][PASSED] - if (GetInputVal.contains("e")): null

2020-06-09 15:18:41 - [TEST_STEP][PASSED] - else: Actual text '' and expected text '' are matched  using regular expression

2020-06-09 15:18:41 - [TEST_STEP][PASSED] - verifyMatch(GetInputVal, "", true): Actual text '' and expected text '' are matched  using regular expression

2020-06-09 15:18:41 - [MESSAGE][PASSED] - Actual text '' and expected text '' are matched  using regular expression

2020-06-09 15:18:41 - [TEST_STEP][PASSED] - setText(NewInputNmField, RandomNumeric): Text '2454' is set on object 'Object Repository/Objects.HighlightElements/input_field_index'

2020-06-09 15:18:41 - [MESSAGE][PASSED] - Text '2454' is set on object 'Object Repository/Objects.HighlightElements/input_field_index'

2020-06-09 15:18:41 - [TEST_STEP][PASSED] - GetEnteredIntegers = getAttribute(NewInputNmField, "value"): Attribute 'value' of object 'Object Repository/Objects.HighlightElements/input_field_index' is: '2454'

2020-06-09 15:18:41 - [MESSAGE][PASSED] - Attribute 'value' of object 'Object Repository/Objects.HighlightElements/input_field_index' is: '2454'

2020-06-09 15:18:41 - [TEST_STEP][PASSED] - matchStr = regexPat.matcher(GetEnteredIntegers): null

2020-06-09 15:18:41 - [TEST_STEP][PASSED] - if (matchStr.matches() == true): Accepting Numeric

2020-06-09 15:18:41 - [TEST_STEP][PASSED] - comment("Accepting Numeric"): Accepting Numeric

2020-06-09 15:18:41 - [MESSAGE][INFO] - Accepting Numeric

2020-06-09 15:18:41 - [MESSAGE][PASSED] - Call Test Case 'Test Cases/PFI Precision and Scale/PFI Components with Indexing/NumericTextboxValidationIndex' successfully

2020-06-09 15:18:41 - [TEST_STEP][PASSED] - callTestCase(findTestCase("PFI Precision and Scale/PFI Components with Indexing/StartTimeErrorIndex"), ["FldNm":"inspDt", "index":1], STOP_ON_FAILURE): Call Test Case 'Test Cases/PFI Precision and Scale/PFI Components with Indexing/StartTimeErrorIndex' successfully

2020-06-09 15:18:41 - [TEST_CASE][PASSED] - Test Cases/PFI Precision and Scale/PFI Components with Indexing/StartTimeErrorIndex: Test Cases/PFI Precision and Scale/PFI Components with Indexing/StartTimeErrorIndex

2020-06-09 15:18:41 - [TEST_STEP][PASSED] - Thread.sleep(5000): null

2020-06-09 15:18:46 - [TEST_STEP][PASSED] - NewInputNmField = modifyObjectProperty(findTestObject("Object Repository/Objects.HighlightElements/input_field_index"), "xpath", "equals", "(//*[contains(@name, '" + FldNm + "')])[" + index + "]", true): Modify property of object successfully

2020-06-09 15:18:46 - [MESSAGE][PASSED] - Modify property of object successfully

2020-06-09 15:18:46 - [TEST_STEP][PASSED] - delay(5): Delayed 5 second(s)

2020-06-09 15:18:51 - [MESSAGE][PASSED] - Delayed 5 second(s)

2020-06-09 15:18:51 - [TEST_STEP][PASSED] - mouseOver(NewInputNmField): Object: 'Object Repository/Objects.HighlightElements/input_field_index' is hovered

2020-06-09 15:18:51 - [MESSAGE][PASSED] - Object: 'Object Repository/Objects.HighlightElements/input_field_index' is hovered

2020-06-09 15:18:51 - [TEST_STEP][PASSED] - getInputInvalidDate = getAttribute(NewInputNmField, "value"): Attribute 'value' of object 'Object Repository/Objects.HighlightElements/input_field_index' is: '2454'

2020-06-09 15:18:51 - [MESSAGE][PASSED] - Attribute 'value' of object 'Object Repository/Objects.HighlightElements/input_field_index' is: '2454'

2020-06-09 15:18:51 - [TEST_STEP][PASSED] - getErrMsg = getAttribute(NewInputNmField, "data-errorqtip"): Attribute 'data-errorqtip' of object 'Object Repository/Objects.HighlightElements/input_field_index' is: '<ul class="x-list-plain"><li>Start time must be less than end time</li><li>2454 is not a valid date - it must be in the format d/m/Y</li></ul>'

2020-06-09 15:18:51 - [MESSAGE][PASSED] - Attribute 'data-errorqtip' of object 'Object Repository/Objects.HighlightElements/input_field_index' is: '<ul class="x-list-plain"><li>Start time must be less than end time</li><li>2454 is not a valid date - it must be in the format d/m/Y</li></ul>'

2020-06-09 15:18:51 - [TEST_STEP][PASSED] - RmvCd = getErrMsg.substring(0, 75): null

2020-06-09 15:18:51 - [TEST_STEP][PASSED] - FirstErrMsg = RmvCd.substring(29, 66): null

2020-06-09 15:18:51 - [TEST_STEP][PASSED] - getTotalLength = getErrMsg.length(): null

2020-06-09 15:18:51 - [TEST_STEP][PASSED] - RmvCd = getErrMsg.substring(75, getTotalLength): null

2020-06-09 15:18:51 - [TEST_STEP][PASSED] - lenInv = RmvCd.length() - 10: null

2020-06-09 15:18:51 - [TEST_STEP][PASSED] - InvErrMsg = RmvCd.substring(0, lenInv): null

2020-06-09 15:18:51 - [TEST_STEP][PASSED] - ExpectedInvalidErrMsg2 = concatenate(InvDtErr, " ", getInputInvalidDate, " ", NotValidDt): Concatenated string array: '['Start time must be less than end time',' ','2454',' ','is not a valid date - it must be in the format d/m/Y']' into 'Start time must be less than end time 2454 is not a valid date - it must be in the format d/m/Y'

2020-06-09 15:18:51 - [MESSAGE][PASSED] - Concatenated string array: '['Start time must be less than end time',' ','2454',' ','is not a valid date - it must be in the format d/m/Y']' into 'Start time must be less than end time 2454 is not a valid date - it must be in the format d/m/Y'

2020-06-09 15:18:51 - [TEST_STEP][PASSED] - ActualInvErrMsg = concatenate(FirstErrMsg, " ", InvErrMsg): Concatenated string array: '['Start time must be less than end time',' ','2454 is not a valid date - it must be in the format d/m/Y']' into 'Start time must be less than end time 2454 is not a valid date - it must be in the format d/m/Y'

2020-06-09 15:18:51 - [MESSAGE][PASSED] - Concatenated string array: '['Start time must be less than end time',' ','2454 is not a valid date - it must be in the format d/m/Y']' into 'Start time must be less than end time 2454 is not a valid date - it must be in the format d/m/Y'

2020-06-09 15:18:51 - [TEST_STEP][PASSED] - verifyMatch(ActualInvErrMsg, ExpectedInvalidErrMsg2, true): Actual text 'Start time must be less than end time 2454 is not a valid date - it must be in the format d/m/Y' and expected text 'Start time must be less than end time 2454 is not a valid date - it must be in the format d/m/Y' are matched  using regular expression

2020-06-09 15:18:51 - [MESSAGE][PASSED] - Actual text 'Start time must be less than end time 2454 is not a valid date - it must be in the format d/m/Y' and expected text 'Start time must be less than end time 2454 is not a valid date - it must be in the format d/m/Y' are matched  using regular expression

2020-06-09 15:18:51 - [MESSAGE][PASSED] - Call Test Case 'Test Cases/PFI Precision and Scale/PFI Components with Indexing/StartTimeErrorIndex' successfully

2020-06-09 15:18:51 - [TEST_STEP][PASSED] - callTestCase(findTestCase("PFI Precision and Scale/PFI Components with Indexing/SelectDayInDatePickerWithIndexII"), ["FldNm":"inspDt", "SelectCurrentDay":"3", "index":13, "idx":1], STOP_ON_FAILURE): Call Test Case 'Test Cases/PFI Precision and Scale/PFI Components with Indexing/SelectDayInDatePickerWithIndexII' successfully

2020-06-09 15:18:51 - [TEST_CASE][PASSED] - Test Cases/PFI Precision and Scale/PFI Components with Indexing/SelectDayInDatePickerWithIndexII: Test Cases/PFI Precision and Scale/PFI Components with Indexing/SelectDayInDatePickerWithIndexII

2020-06-09 15:18:52 - [TEST_STEP][PASSED] - Thread.sleep(1000): null

2020-06-09 15:18:53 - [TEST_STEP][PASSED] - DateInputFld = modifyObjectProperty(findTestObject("Objects.HighlightElements/input_field_index"), "xpath", "equals", "(//*[contains(@class,'x-form-text') and (@name='" + FldNm + "')])[" + idx + "]", true): Modify property of object successfully

2020-06-09 15:18:53 - [MESSAGE][PASSED] - Modify property of object successfully

2020-06-09 15:18:53 - [TEST_STEP][PASSED] - ModifiedDay = modifyObjectProperty(findTestObject("Objects.DateValidation/Page_ISPS2/Select_Day_Index"), "xpath", "equals", "(//*[contains(@class, 'x-datepicker-date') and (text() = '" + SelectCurrentDay + "')])[" + index + "]", true): Modify property of object successfully

2020-06-09 15:18:53 - [MESSAGE][PASSED] - Modify property of object successfully

2020-06-09 15:18:53 - [TEST_STEP][PASSED] - sendKeys(DateInputFld, Keys.chord(ARROW_DOWN)): Keys 'DOWN + ' sent to object: 'Object Repository/Objects.HighlightElements/input_field_index'

2020-06-09 15:18:53 - [MESSAGE][PASSED] - Keys 'DOWN + ' sent to object: 'Object Repository/Objects.HighlightElements/input_field_index'

2020-06-09 15:18:53 - [TEST_STEP][PASSED] - com.reusableComponents.HighlightElement.run(ModifiedDay): com.reusableComponents.HighlightElement.run is PASSED

2020-06-09 15:18:53 - [MESSAGE][PASSED] - com.reusableComponents.HighlightElement.run is PASSED

2020-06-09 15:18:53 - [TEST_STEP][PASSED] - delay(1): Delayed 1 second(s)

2020-06-09 15:18:54 - [MESSAGE][PASSED] - Delayed 1 second(s)

2020-06-09 15:18:54 - [TEST_STEP][PASSED] - click(ModifiedDay): Object: 'Object Repository/Objects.DateValidation/Page_ISPS2/Select_Day_Index' is clicked on

2020-06-09 15:18:54 - [MESSAGE][PASSED] - Object: 'Object Repository/Objects.DateValidation/Page_ISPS2/Select_Day_Index' is clicked on

2020-06-09 15:18:54 - [TEST_STEP][PASSED] - GetError = getAttribute(DateInputFld, "data-errorqtip"): Attribute 'data-errorqtip' of object 'Object Repository/Objects.HighlightElements/input_field_index' is: ''

2020-06-09 15:18:54 - [MESSAGE][PASSED] - Attribute 'data-errorqtip' of object 'Object Repository/Objects.HighlightElements/input_field_index' is: ''

2020-06-09 15:18:54 - [TEST_STEP][PASSED] - if (GetError == ""): Date Format is valid

2020-06-09 15:18:54 - [TEST_STEP][PASSED] - GetEnteredDate = getAttribute(DateInputFld, "value"): Attribute 'value' of object 'Object Repository/Objects.HighlightElements/input_field_index' is: '03/06/2020'

2020-06-09 15:18:54 - [MESSAGE][PASSED] - Attribute 'value' of object 'Object Repository/Objects.HighlightElements/input_field_index' is: '03/06/2020'

2020-06-09 15:18:54 - [TEST_STEP][PASSED] - DatePattern = Pattern.compile("^(1[0-2]|0[1-9])/(3[01]|[12][0-9]|0[1-9])/[0-9]{4}$"): null

2020-06-09 15:18:54 - [TEST_STEP][PASSED] - VerifyDateFormat = DatePattern.matcher(GetEnteredDate): null

2020-06-09 15:18:54 - [TEST_STEP][PASSED] - if (VerifyDateFormat.matches() == true): Date Format is valid

2020-06-09 15:18:54 - [TEST_STEP][PASSED] - comment("Date Format is valid"): Date Format is valid

2020-06-09 15:18:54 - [MESSAGE][INFO] - Date Format is valid

2020-06-09 15:18:54 - [MESSAGE][PASSED] - Call Test Case 'Test Cases/PFI Precision and Scale/PFI Components with Indexing/SelectDayInDatePickerWithIndexII' successfully

2020-06-09 15:18:54 - [TEST_STEP][PASSED] - callTestCase(findTestCase("PFI Precision and Scale/PFI Components with Indexing/SelectTodayInDatePickerIndex"), ["FldNm":"inspDt", "index":7, "idx":1], STOP_ON_FAILURE): Call Test Case 'Test Cases/PFI Precision and Scale/PFI Components with Indexing/SelectTodayInDatePickerIndex' successfully

2020-06-09 15:18:54 - [TEST_CASE][PASSED] - Test Cases/PFI Precision and Scale/PFI Components with Indexing/SelectTodayInDatePickerIndex: Test Cases/PFI Precision and Scale/PFI Components with Indexing/SelectTodayInDatePickerIndex

2020-06-09 15:18:55 - [TEST_STEP][PASSED] - Thread.sleep(1000): null

2020-06-09 15:18:56 - [TEST_STEP][PASSED] - date = new java.util.Date(): null

2020-06-09 15:18:56 - [TEST_STEP][PASSED] - CurrentDate = new java.text.SimpleDateFormat(dd/MM/yyyy): null

2020-06-09 15:18:56 - [TEST_STEP][PASSED] - TodayDate = CurrentDate.format(date): null

2020-06-09 15:18:56 - [TEST_STEP][PASSED] - DateFieldNm = modifyObjectProperty(findTestObject("Objects.HighlightElements/input_field_index"), "xpath", "equals", "(//*[contains(@class,'x-form-text') and (@name='" + FldNm + "')])[" + idx + "]", true): Modify property of object successfully

2020-06-09 15:18:56 - [MESSAGE][PASSED] - Modify property of object successfully

2020-06-09 15:18:56 - [TEST_STEP][PASSED] - TodayBtn = modifyObjectProperty(findTestObject("Object Repository/Objects.DateValidation/Page_ISPS2/a_Today"), "xpath", "equals", "(//*[text() = 'Today'])[" + index + "]", true): Modify property of object successfully

2020-06-09 15:18:56 - [MESSAGE][PASSED] - Modify property of object successfully

2020-06-09 15:18:56 - [TEST_STEP][PASSED] - sendKeys(DateFieldNm, Keys.chord(ARROW_DOWN)): Keys 'DOWN + ' sent to object: 'Object Repository/Objects.HighlightElements/input_field_index'

2020-06-09 15:18:56 - [MESSAGE][PASSED] - Keys 'DOWN + ' sent to object: 'Object Repository/Objects.HighlightElements/input_field_index'

2020-06-09 15:18:56 - [TEST_STEP][PASSED] - com.reusableComponents.HighlightElement.run(TodayBtn): com.reusableComponents.HighlightElement.run is PASSED

2020-06-09 15:18:56 - [MESSAGE][PASSED] - com.reusableComponents.HighlightElement.run is PASSED

2020-06-09 15:18:56 - [TEST_STEP][PASSED] - click(TodayBtn): Object: 'Object Repository/Objects.DateValidation/Page_ISPS2/a_Today' is clicked on

2020-06-09 15:18:56 - [MESSAGE][PASSED] - Object: 'Object Repository/Objects.DateValidation/Page_ISPS2/a_Today' is clicked on

2020-06-09 15:18:56 - [TEST_STEP][PASSED] - GetEnteredDate = getAttribute(DateFieldNm, "value"): Attribute 'value' of object 'Object Repository/Objects.HighlightElements/input_field_index' is: '09/06/2020'

2020-06-09 15:18:56 - [MESSAGE][PASSED] - Attribute 'value' of object 'Object Repository/Objects.HighlightElements/input_field_index' is: '09/06/2020'

2020-06-09 15:18:56 - [TEST_STEP][PASSED] - verifyMatch(GetEnteredDate, TodayDate, true): Actual text '09/06/2020' and expected text '09/06/2020' are matched  using regular expression

2020-06-09 15:18:56 - [MESSAGE][PASSED] - Actual text '09/06/2020' and expected text '09/06/2020' are matched  using regular expression

2020-06-09 15:18:56 - [MESSAGE][PASSED] - Call Test Case 'Test Cases/PFI Precision and Scale/PFI Components with Indexing/SelectTodayInDatePickerIndex' successfully

2020-06-09 15:18:56 - [TEST_STEP][PASSED] - callTestCase(findTestCase("Components/HighlightLabelFieldXPI"), ["LblName":"Inspection To Date", "index":1], STOP_ON_FAILURE): Call Test Case 'Test Cases/Components/HighlightLabelFieldXPI' successfully

2020-06-09 15:18:56 - [TEST_CASE][PASSED] - Test Cases/Components/HighlightLabelFieldXPI: Test Cases/Components/HighlightLabelFieldXPI

2020-06-09 15:18:56 - [TEST_STEP][PASSED] - Thread.sleep(1000): null

2020-06-09 15:18:57 - [TEST_STEP][PASSED] - modifiedLblNm = modifyObjectProperty(findTestObject("Object Repository/Objects.HighlightElements/lblField_index"), "xpath", "equals", "(//*[contains(@class, 'x-form-item-label-inner x-form-item-label-inner-default') and contains(., '" + LblName + "')])[" + index + "]", true): Modify property of object successfully

2020-06-09 15:18:57 - [MESSAGE][PASSED] - Modify property of object successfully

2020-06-09 15:18:57 - [TEST_STEP][PASSED] - com.reusableComponents.HighlightElement.run(modifiedLblNm): com.reusableComponents.HighlightElement.run is PASSED

2020-06-09 15:18:58 - [MESSAGE][PASSED] - com.reusableComponents.HighlightElement.run is PASSED

2020-06-09 15:18:58 - [MESSAGE][PASSED] - Call Test Case 'Test Cases/Components/HighlightLabelFieldXPI' successfully

2020-06-09 15:18:58 - [TEST_STEP][PASSED] - callTestCase(findTestCase("Components/HighlightInputFieldXPI"), ["FldNm":"inspToDt", "index":1], STOP_ON_FAILURE): Call Test Case 'Test Cases/Components/HighlightInputFieldXPI' successfully

2020-06-09 15:18:58 - [TEST_CASE][PASSED] - Test Cases/Components/HighlightInputFieldXPI: Test Cases/Components/HighlightInputFieldXPI

2020-06-09 15:18:58 - [TEST_STEP][PASSED] - Thread.sleep(1000): null

2020-06-09 15:18:59 - [TEST_STEP][PASSED] - modifiedInputNm = modifyObjectProperty(findTestObject("Object Repository/Objects.HighlightElements/input_field_index"), "xpath", "equals", "(//*[contains(@name, '" + FldNm + "')])[" + index + "]", true): Modify property of object successfully

2020-06-09 15:18:59 - [MESSAGE][PASSED] - Modify property of object successfully

2020-06-09 15:18:59 - [TEST_STEP][PASSED] - com.reusableComponents.HighlightElement.run(modifiedInputNm): com.reusableComponents.HighlightElement.run is PASSED

2020-06-09 15:18:59 - [MESSAGE][PASSED] - com.reusableComponents.HighlightElement.run is PASSED

2020-06-09 15:18:59 - [MESSAGE][PASSED] - Call Test Case 'Test Cases/Components/HighlightInputFieldXPI' successfully

2020-06-09 15:18:59 - [TEST_STEP][PASSED] - callTestCase(findTestCase("Components/SelectAllThenDeleteIndex"), ["nameToBeUsed":"noOfBldg", "index":"1"], STOP_ON_FAILURE): Call Test Case 'Test Cases/Components/SelectAllThenDeleteIndex' successfully

2020-06-09 15:18:59 - [TEST_CASE][PASSED] - Test Cases/Components/SelectAllThenDeleteIndex: Test Cases/Components/SelectAllThenDeleteIndex

2020-06-09 15:18:59 - [TEST_STEP][PASSED] - Thread.sleep(1000): null

2020-06-09 15:19:00 - [TEST_STEP][PASSED] - modifiedObj = modifyObjectProperty(findTestObject("Object Repository/Objects.HighlightElements/input_field_index"), "xpath", "equals", "(//*[contains(@class,'x-form-text') and (@name='" + nameToBeUsed + "')])[" + index + "]", true): Modify property of object successfully

2020-06-09 15:19:00 - [MESSAGE][PASSED] - Modify property of object successfully

2020-06-09 15:19:00 - [TEST_STEP][PASSED] - focus(modifiedObj): Object: 'Object Repository/Objects.HighlightElements/input_field_index' is focused

2020-06-09 15:19:01 - [MESSAGE][PASSED] - Object: 'Object Repository/Objects.HighlightElements/input_field_index' is focused

2020-06-09 15:19:01 - [TEST_STEP][PASSED] - sendKeys(modifiedObj, Keys.chord(CONTROL, "a")): Keys 'CONTROL + a' sent to object: 'Object Repository/Objects.HighlightElements/input_field_index'

2020-06-09 15:19:01 - [MESSAGE][PASSED] - Keys 'CONTROL + a' sent to object: 'Object Repository/Objects.HighlightElements/input_field_index'

2020-06-09 15:19:01 - [TEST_STEP][PASSED] - sendKeys(modifiedObj, Keys.chord(DELETE)): Keys 'DELETE + ' sent to object: 'Object Repository/Objects.HighlightElements/input_field_index'

2020-06-09 15:19:01 - [MESSAGE][PASSED] - Keys 'DELETE + ' sent to object: 'Object Repository/Objects.HighlightElements/input_field_index'

2020-06-09 15:19:01 - [MESSAGE][PASSED] - Call Test Case 'Test Cases/Components/SelectAllThenDeleteIndex' successfully

2020-06-09 15:19:01 - [TEST_STEP][PASSED] - callTestCase(findTestCase("PFI Precision and Scale/PFI Components with Indexing/NumericTextboxValidationIndex"), ["nameToBeUsed":"inspToDt", "index":1, "minLen":9], STOP_ON_FAILURE): Call Test Case 'Test Cases/PFI Precision and Scale/PFI Components with Indexing/NumericTextboxValidationIndex' successfully

2020-06-09 15:19:01 - [TEST_CASE][PASSED] - Test Cases/PFI Precision and Scale/PFI Components with Indexing/NumericTextboxValidationIndex: Test Cases/PFI Precision and Scale/PFI Components with Indexing/NumericTextboxValidationIndex

2020-06-09 15:19:01 - [TEST_STEP][PASSED] - Thread.sleep(1000): null

2020-06-09 15:19:02 - [TEST_STEP][PASSED] - Numeric = "0123456789": null

2020-06-09 15:19:02 - [TEST_STEP][PASSED] - AlphaSpecialChar = z) + "`~!@#$%^&*()=_{}|\][;'":,?><"".join(): null

2020-06-09 15:19:02 - [TEST_STEP][PASSED] - RandomNumeric = RandomStringUtils.random(minLen, Numeric.toCharArray()): null

2020-06-09 15:19:02 - [TEST_STEP][PASSED] - RandomString = RandomStringUtils.random(minLen, AlphaSpecialChar): null

2020-06-09 15:19:02 - [TEST_STEP][PASSED] - regexPat = Pattern.compile("^[0-9]+$"): null

2020-06-09 15:19:02 - [TEST_STEP][PASSED] - NewInputNmField = modifyObjectProperty(findTestObject("Object Repository/Objects.HighlightElements/input_field_index"), "xpath", "equals", "(//*[contains(@class,'x-form-text') and (@name='" + nameToBeUsed + "')])[" + index + "]", true): Modify property of object successfully

2020-06-09 15:19:02 - [MESSAGE][PASSED] - Modify property of object successfully

2020-06-09 15:19:02 - [TEST_STEP][PASSED] - focus(NewInputNmField): Object: 'Object Repository/Objects.HighlightElements/input_field_index' is focused

2020-06-09 15:19:02 - [MESSAGE][PASSED] - Object: 'Object Repository/Objects.HighlightElements/input_field_index' is focused

2020-06-09 15:19:02 - [TEST_STEP][PASSED] - setText(NewInputNmField, RandomString): Text 'Bn$BF(s#o' is set on object 'Object Repository/Objects.HighlightElements/input_field_index'

2020-06-09 15:19:02 - [MESSAGE][PASSED] - Text 'Bn$BF(s#o' is set on object 'Object Repository/Objects.HighlightElements/input_field_index'

2020-06-09 15:19:02 - [TEST_STEP][PASSED] - GetInputVal = getAttribute(NewInputNmField, "value"): Attribute 'value' of object 'Object Repository/Objects.HighlightElements/input_field_index' is: ''

2020-06-09 15:19:02 - [MESSAGE][PASSED] - Attribute 'value' of object 'Object Repository/Objects.HighlightElements/input_field_index' is: ''

2020-06-09 15:19:02 - [TEST_STEP][PASSED] - if (GetInputVal.contains("e")): null

2020-06-09 15:19:02 - [TEST_STEP][PASSED] - else: Actual text '' and expected text '' are matched  using regular expression

2020-06-09 15:19:02 - [TEST_STEP][PASSED] - verifyMatch(GetInputVal, "", true): Actual text '' and expected text '' are matched  using regular expression

2020-06-09 15:19:02 - [MESSAGE][PASSED] - Actual text '' and expected text '' are matched  using regular expression

2020-06-09 15:19:02 - [TEST_STEP][PASSED] - setText(NewInputNmField, RandomNumeric): Text '762695588' is set on object 'Object Repository/Objects.HighlightElements/input_field_index'

2020-06-09 15:19:02 - [MESSAGE][PASSED] - Text '762695588' is set on object 'Object Repository/Objects.HighlightElements/input_field_index'

2020-06-09 15:19:02 - [TEST_STEP][PASSED] - GetEnteredIntegers = getAttribute(NewInputNmField, "value"): Attribute 'value' of object 'Object Repository/Objects.HighlightElements/input_field_index' is: '762695588'

2020-06-09 15:19:02 - [MESSAGE][PASSED] - Attribute 'value' of object 'Object Repository/Objects.HighlightElements/input_field_index' is: '762695588'

2020-06-09 15:19:02 - [TEST_STEP][PASSED] - matchStr = regexPat.matcher(GetEnteredIntegers): null

2020-06-09 15:19:02 - [TEST_STEP][PASSED] - if (matchStr.matches() == true): Accepting Numeric

2020-06-09 15:19:02 - [TEST_STEP][PASSED] - comment("Accepting Numeric"): Accepting Numeric

2020-06-09 15:19:02 - [MESSAGE][INFO] - Accepting Numeric

2020-06-09 15:19:02 - [MESSAGE][PASSED] - Call Test Case 'Test Cases/PFI Precision and Scale/PFI Components with Indexing/NumericTextboxValidationIndex' successfully

2020-06-09 15:19:02 - [TEST_STEP][PASSED] - callTestCase(findTestCase("PFI Precision and Scale/PFI Components with Indexing/StartTimeErrorIndex"), ["FldNm":"inspToDt", "index":1], STOP_ON_FAILURE): Call Test Case 'Test Cases/PFI Precision and Scale/PFI Components with Indexing/StartTimeErrorIndex' successfully

2020-06-09 15:19:02 - [TEST_CASE][PASSED] - Test Cases/PFI Precision and Scale/PFI Components with Indexing/StartTimeErrorIndex: Test Cases/PFI Precision and Scale/PFI Components with Indexing/StartTimeErrorIndex

2020-06-09 15:19:02 - [TEST_STEP][PASSED] - Thread.sleep(5000): null

2020-06-09 15:19:07 - [TEST_STEP][PASSED] - NewInputNmField = modifyObjectProperty(findTestObject("Object Repository/Objects.HighlightElements/input_field_index"), "xpath", "equals", "(//*[contains(@name, '" + FldNm + "')])[" + index + "]", true): Modify property of object successfully

2020-06-09 15:19:07 - [MESSAGE][PASSED] - Modify property of object successfully

2020-06-09 15:19:07 - [TEST_STEP][PASSED] - delay(5): Delayed 5 second(s)

2020-06-09 15:19:12 - [MESSAGE][PASSED] - Delayed 5 second(s)

2020-06-09 15:19:12 - [TEST_STEP][PASSED] - mouseOver(NewInputNmField): Object: 'Object Repository/Objects.HighlightElements/input_field_index' is hovered

2020-06-09 15:19:12 - [MESSAGE][PASSED] - Object: 'Object Repository/Objects.HighlightElements/input_field_index' is hovered

2020-06-09 15:19:12 - [TEST_STEP][PASSED] - getInputInvalidDate = getAttribute(NewInputNmField, "value"): Attribute 'value' of object 'Object Repository/Objects.HighlightElements/input_field_index' is: '762695588'

2020-06-09 15:19:12 - [MESSAGE][PASSED] - Attribute 'value' of object 'Object Repository/Objects.HighlightElements/input_field_index' is: '762695588'

2020-06-09 15:19:12 - [TEST_STEP][PASSED] - getErrMsg = getAttribute(NewInputNmField, "data-errorqtip"): Attribute 'data-errorqtip' of object 'Object Repository/Objects.HighlightElements/input_field_index' is: '<ul class="x-list-plain"><li>Start time must be less than end time</li><li>762695588 is not a valid date - it must be in the format d/m/Y</li></ul>'

2020-06-09 15:19:13 - [MESSAGE][PASSED] - Attribute 'data-errorqtip' of object 'Object Repository/Objects.HighlightElements/input_field_index' is: '<ul class="x-list-plain"><li>Start time must be less than end time</li><li>762695588 is not a valid date - it must be in the format d/m/Y</li></ul>'

2020-06-09 15:19:13 - [TEST_STEP][PASSED] - RmvCd = getErrMsg.substring(0, 75): null

2020-06-09 15:19:13 - [TEST_STEP][PASSED] - FirstErrMsg = RmvCd.substring(29, 66): null

2020-06-09 15:19:13 - [TEST_STEP][PASSED] - getTotalLength = getErrMsg.length(): null

2020-06-09 15:19:13 - [TEST_STEP][PASSED] - RmvCd = getErrMsg.substring(75, getTotalLength): null

2020-06-09 15:19:13 - [TEST_STEP][PASSED] - lenInv = RmvCd.length() - 10: null

2020-06-09 15:19:13 - [TEST_STEP][PASSED] - InvErrMsg = RmvCd.substring(0, lenInv): null

2020-06-09 15:19:13 - [TEST_STEP][PASSED] - ExpectedInvalidErrMsg2 = concatenate(InvDtErr, " ", getInputInvalidDate, " ", NotValidDt): Concatenated string array: '['Start time must be less than end time',' ','762695588',' ','is not a valid date - it must be in the format d/m/Y']' into 'Start time must be less than end time 762695588 is not a valid date - it must be in the format d/m/Y'

2020-06-09 15:19:13 - [MESSAGE][PASSED] - Concatenated string array: '['Start time must be less than end time',' ','762695588',' ','is not a valid date - it must be in the format d/m/Y']' into 'Start time must be less than end time 762695588 is not a valid date - it must be in the format d/m/Y'

2020-06-09 15:19:13 - [TEST_STEP][PASSED] - ActualInvErrMsg = concatenate(FirstErrMsg, " ", InvErrMsg): Concatenated string array: '['Start time must be less than end time',' ','762695588 is not a valid date - it must be in the format d/m/Y']' into 'Start time must be less than end time 762695588 is not a valid date - it must be in the format d/m/Y'

2020-06-09 15:19:13 - [MESSAGE][PASSED] - Concatenated string array: '['Start time must be less than end time',' ','762695588 is not a valid date - it must be in the format d/m/Y']' into 'Start time must be less than end time 762695588 is not a valid date - it must be in the format d/m/Y'

2020-06-09 15:19:13 - [TEST_STEP][PASSED] - verifyMatch(ActualInvErrMsg, ExpectedInvalidErrMsg2, true): Actual text 'Start time must be less than end time 762695588 is not a valid date - it must be in the format d/m/Y' and expected text 'Start time must be less than end time 762695588 is not a valid date - it must be in the format d/m/Y' are matched  using regular expression

2020-06-09 15:19:13 - [MESSAGE][PASSED] - Actual text 'Start time must be less than end time 762695588 is not a valid date - it must be in the format d/m/Y' and expected text 'Start time must be less than end time 762695588 is not a valid date - it must be in the format d/m/Y' are matched  using regular expression

2020-06-09 15:19:13 - [MESSAGE][PASSED] - Call Test Case 'Test Cases/PFI Precision and Scale/PFI Components with Indexing/StartTimeErrorIndex' successfully

2020-06-09 15:19:13 - [TEST_STEP][PASSED] - callTestCase(findTestCase("PFI Precision and Scale/PFI Components with Indexing/SelectDayInDatePickerWithIndexII"), ["FldNm":"inspToDt", "SelectCurrentDay":"30", "index":8, "idx":1], STOP_ON_FAILURE): Call Test Case 'Test Cases/PFI Precision and Scale/PFI Components with Indexing/SelectDayInDatePickerWithIndexII' successfully

2020-06-09 15:19:13 - [TEST_CASE][PASSED] - Test Cases/PFI Precision and Scale/PFI Components with Indexing/SelectDayInDatePickerWithIndexII: Test Cases/PFI Precision and Scale/PFI Components with Indexing/SelectDayInDatePickerWithIndexII

2020-06-09 15:19:13 - [TEST_STEP][PASSED] - Thread.sleep(1000): null

2020-06-09 15:19:14 - [TEST_STEP][PASSED] - DateInputFld = modifyObjectProperty(findTestObject("Objects.HighlightElements/input_field_index"), "xpath", "equals", "(//*[contains(@class,'x-form-text') and (@name='" + FldNm + "')])[" + idx + "]", true): Modify property of object successfully

2020-06-09 15:19:14 - [MESSAGE][PASSED] - Modify property of object successfully

2020-06-09 15:19:14 - [TEST_STEP][PASSED] - ModifiedDay = modifyObjectProperty(findTestObject("Objects.DateValidation/Page_ISPS2/Select_Day_Index"), "xpath", "equals", "(//*[contains(@class, 'x-datepicker-date') and (text() = '" + SelectCurrentDay + "')])[" + index + "]", true): Modify property of object successfully

2020-06-09 15:19:14 - [MESSAGE][PASSED] - Modify property of object successfully

2020-06-09 15:19:14 - [TEST_STEP][PASSED] - sendKeys(DateInputFld, Keys.chord(ARROW_DOWN)): Keys 'DOWN + ' sent to object: 'Object Repository/Objects.HighlightElements/input_field_index'

2020-06-09 15:19:14 - [MESSAGE][PASSED] - Keys 'DOWN + ' sent to object: 'Object Repository/Objects.HighlightElements/input_field_index'

2020-06-09 15:19:14 - [TEST_STEP][PASSED] - com.reusableComponents.HighlightElement.run(ModifiedDay): com.reusableComponents.HighlightElement.run is PASSED

2020-06-09 15:19:14 - [MESSAGE][PASSED] - com.reusableComponents.HighlightElement.run is PASSED

2020-06-09 15:19:14 - [TEST_STEP][PASSED] - delay(1): Delayed 1 second(s)

2020-06-09 15:19:15 - [MESSAGE][PASSED] - Delayed 1 second(s)

2020-06-09 15:19:15 - [TEST_STEP][PASSED] - click(ModifiedDay): Object: 'Object Repository/Objects.DateValidation/Page_ISPS2/Select_Day_Index' is clicked on

2020-06-09 15:19:15 - [MESSAGE][PASSED] - Object: 'Object Repository/Objects.DateValidation/Page_ISPS2/Select_Day_Index' is clicked on

2020-06-09 15:19:15 - [TEST_STEP][PASSED] - GetError = getAttribute(DateInputFld, "data-errorqtip"): Attribute 'data-errorqtip' of object 'Object Repository/Objects.HighlightElements/input_field_index' is: ''

2020-06-09 15:19:15 - [MESSAGE][PASSED] - Attribute 'data-errorqtip' of object 'Object Repository/Objects.HighlightElements/input_field_index' is: ''

2020-06-09 15:19:15 - [TEST_STEP][PASSED] - if (GetError == ""): null

2020-06-09 15:19:15 - [TEST_STEP][PASSED] - GetEnteredDate = getAttribute(DateInputFld, "value"): Attribute 'value' of object 'Object Repository/Objects.HighlightElements/input_field_index' is: '30/06/2020'

2020-06-09 15:19:15 - [MESSAGE][PASSED] - Attribute 'value' of object 'Object Repository/Objects.HighlightElements/input_field_index' is: '30/06/2020'

2020-06-09 15:19:15 - [TEST_STEP][PASSED] - DatePattern = Pattern.compile("^(1[0-2]|0[1-9])/(3[01]|[12][0-9]|0[1-9])/[0-9]{4}$"): null

2020-06-09 15:19:15 - [TEST_STEP][PASSED] - VerifyDateFormat = DatePattern.matcher(GetEnteredDate): null

2020-06-09 15:19:15 - [TEST_STEP][PASSED] - if (VerifyDateFormat.matches() == true): null

2020-06-09 15:19:15 - [MESSAGE][PASSED] - Call Test Case 'Test Cases/PFI Precision and Scale/PFI Components with Indexing/SelectDayInDatePickerWithIndexII' successfully

2020-06-09 15:19:15 - [TEST_STEP][PASSED] - callTestCase(findTestCase("PFI Precision and Scale/PFI Components with Indexing/SelectTodayInDatePickerIndex"), ["FldNm":"inspToDt", "index":8, "idx":1], STOP_ON_FAILURE): Call Test Case 'Test Cases/PFI Precision and Scale/PFI Components with Indexing/SelectTodayInDatePickerIndex' successfully

2020-06-09 15:19:15 - [TEST_CASE][PASSED] - Test Cases/PFI Precision and Scale/PFI Components with Indexing/SelectTodayInDatePickerIndex: Test Cases/PFI Precision and Scale/PFI Components with Indexing/SelectTodayInDatePickerIndex

2020-06-09 15:19:15 - [TEST_STEP][PASSED] - Thread.sleep(1000): null

2020-06-09 15:19:16 - [TEST_STEP][PASSED] - date = new java.util.Date(): null

2020-06-09 15:19:16 - [TEST_STEP][PASSED] - CurrentDate = new java.text.SimpleDateFormat(dd/MM/yyyy): null

2020-06-09 15:19:16 - [TEST_STEP][PASSED] - TodayDate = CurrentDate.format(date): null

2020-06-09 15:19:16 - [TEST_STEP][PASSED] - DateFieldNm = modifyObjectProperty(findTestObject("Objects.HighlightElements/input_field_index"), "xpath", "equals", "(//*[contains(@class,'x-form-text') and (@name='" + FldNm + "')])[" + idx + "]", true): Modify property of object successfully

2020-06-09 15:19:16 - [MESSAGE][PASSED] - Modify property of object successfully

2020-06-09 15:19:16 - [TEST_STEP][PASSED] - TodayBtn = modifyObjectProperty(findTestObject("Object Repository/Objects.DateValidation/Page_ISPS2/a_Today"), "xpath", "equals", "(//*[text() = 'Today'])[" + index + "]", true): Modify property of object successfully

2020-06-09 15:19:16 - [MESSAGE][PASSED] - Modify property of object successfully

2020-06-09 15:19:16 - [TEST_STEP][PASSED] - sendKeys(DateFieldNm, Keys.chord(ARROW_DOWN)): Keys 'DOWN + ' sent to object: 'Object Repository/Objects.HighlightElements/input_field_index'

2020-06-09 15:19:17 - [MESSAGE][PASSED] - Keys 'DOWN + ' sent to object: 'Object Repository/Objects.HighlightElements/input_field_index'

2020-06-09 15:19:17 - [TEST_STEP][PASSED] - com.reusableComponents.HighlightElement.run(TodayBtn): com.reusableComponents.HighlightElement.run is PASSED

2020-06-09 15:19:17 - [MESSAGE][PASSED] - com.reusableComponents.HighlightElement.run is PASSED

2020-06-09 15:19:17 - [TEST_STEP][PASSED] - click(TodayBtn): Object: 'Object Repository/Objects.DateValidation/Page_ISPS2/a_Today' is clicked on

2020-06-09 15:19:17 - [MESSAGE][PASSED] - Object: 'Object Repository/Objects.DateValidation/Page_ISPS2/a_Today' is clicked on

2020-06-09 15:19:17 - [TEST_STEP][PASSED] - GetEnteredDate = getAttribute(DateFieldNm, "value"): Attribute 'value' of object 'Object Repository/Objects.HighlightElements/input_field_index' is: '09/06/2020'

2020-06-09 15:19:17 - [MESSAGE][PASSED] - Attribute 'value' of object 'Object Repository/Objects.HighlightElements/input_field_index' is: '09/06/2020'

2020-06-09 15:19:17 - [TEST_STEP][PASSED] - verifyMatch(GetEnteredDate, TodayDate, true): Actual text '09/06/2020' and expected text '09/06/2020' are matched  using regular expression

2020-06-09 15:19:17 - [MESSAGE][PASSED] - Actual text '09/06/2020' and expected text '09/06/2020' are matched  using regular expression

2020-06-09 15:19:17 - [MESSAGE][PASSED] - Call Test Case 'Test Cases/PFI Precision and Scale/PFI Components with Indexing/SelectTodayInDatePickerIndex' successfully

2020-06-09 15:19:17 - [TEST_STEP][PASSED] - callTestCase(findTestCase("PFI Precision and Scale/PFI Components with Indexing/PastDateAfterErrorIndex"), ["FldNm":"inspToDt", "index":1], STOP_ON_FAILURE): Call Test Case 'Test Cases/PFI Precision and Scale/PFI Components with Indexing/PastDateAfterErrorIndex' successfully

2020-06-09 15:19:17 - [TEST_CASE][PASSED] - Test Cases/PFI Precision and Scale/PFI Components with Indexing/PastDateAfterErrorIndex: Test Cases/PFI Precision and Scale/PFI Components with Indexing/PastDateAfterErrorIndex

2020-06-09 15:19:17 - [TEST_STEP][PASSED] - Thread.sleep(1000): null

2020-06-09 15:19:18 - [TEST_STEP][PASSED] - date = new java.util.Date(): null

2020-06-09 15:19:18 - [TEST_STEP][PASSED] - DateFormat = new java.text.SimpleDateFormat(dd/MM/yyyy): null

2020-06-09 15:19:18 - [TEST_STEP][PASSED] - CurrentDate = DateFormat.format(date): null

2020-06-09 15:19:18 - [TEST_STEP][PASSED] - DateFieldNm = modifyObjectProperty(findTestObject("Objects.HighlightElements/input_field_index"), "xpath", "equals", "(//*[contains(@class,'x-form-text') and (@name='" + FldNm + "')])[" + index + "]", true): Modify property of object successfully

2020-06-09 15:19:19 - [MESSAGE][PASSED] - Modify property of object successfully

2020-06-09 15:19:19 - [TEST_STEP][PASSED] - GetDateValue = getAttribute(DateFieldNm, "value"): Attribute 'value' of object 'Object Repository/Objects.HighlightElements/input_field_index' is: '09/06/2020'

2020-06-09 15:19:19 - [MESSAGE][PASSED] - Attribute 'value' of object 'Object Repository/Objects.HighlightElements/input_field_index' is: '09/06/2020'

2020-06-09 15:19:19 - [TEST_STEP][PASSED] - verifyMatch(GetDateValue, CurrentDate, true): Actual text '09/06/2020' and expected text '09/06/2020' are matched  using regular expression

2020-06-09 15:19:19 - [MESSAGE][PASSED] - Actual text '09/06/2020' and expected text '09/06/2020' are matched  using regular expression

2020-06-09 15:19:19 - [TEST_STEP][PASSED] - PastDate = date - 30: null

2020-06-09 15:19:19 - [TEST_STEP][PASSED] - PastDateFormatted = PastDate.format("dd/MM/yyyy"): null

2020-06-09 15:19:19 - [TEST_STEP][PASSED] - setText(DateFieldNm, PastDateFormatted): Text '10/05/2020' is set on object 'Object Repository/Objects.HighlightElements/input_field_index'

2020-06-09 15:19:19 - [MESSAGE][PASSED] - Text '10/05/2020' is set on object 'Object Repository/Objects.HighlightElements/input_field_index'

2020-06-09 15:19:19 - [TEST_STEP][PASSED] - mouseOver(DateFieldNm, STOP_ON_FAILURE): Object: 'Object Repository/Objects.HighlightElements/input_field_index' is hovered

2020-06-09 15:19:19 - [MESSAGE][PASSED] - Object: 'Object Repository/Objects.HighlightElements/input_field_index' is hovered

2020-06-09 15:19:19 - [TEST_STEP][PASSED] - PastDtErrMsg = getAttribute(DateFieldNm, "data-errorqtip", STOP_ON_FAILURE): Attribute 'data-errorqtip' of object 'Object Repository/Objects.HighlightElements/input_field_index' is: '<ul class="x-list-plain"><li>The date in this field must be after 09/06/2020</li></ul>'

2020-06-09 15:19:19 - [MESSAGE][PASSED] - Attribute 'data-errorqtip' of object 'Object Repository/Objects.HighlightElements/input_field_index' is: '<ul class="x-list-plain"><li>The date in this field must be after 09/06/2020</li></ul>'

2020-06-09 15:19:19 - [TEST_STEP][PASSED] - lenErrMsg = PastDtErrMsg.length(): null

2020-06-09 15:19:19 - [TEST_STEP][PASSED] - RmvCde = PastDtErrMsg.substring(29, lenErrMsg): null

2020-06-09 15:19:19 - [TEST_STEP][PASSED] - ActualErrDtMsg = RmvCde.substring(0, 47): null

2020-06-09 15:19:19 - [TEST_STEP][PASSED] - ExpectedErrDtMsg = concatenate(DtErrMsg, " ", CurrentDate): Concatenated string array: '['The date in this field must be after',' ','09/06/2020']' into 'The date in this field must be after 09/06/2020'

2020-06-09 15:19:19 - [MESSAGE][PASSED] - Concatenated string array: '['The date in this field must be after',' ','09/06/2020']' into 'The date in this field must be after 09/06/2020'

2020-06-09 15:19:19 - [TEST_STEP][PASSED] - verifyMatch(ActualErrDtMsg, ExpectedErrDtMsg, true): Actual text 'The date in this field must be after 09/06/2020' and expected text 'The date in this field must be after 09/06/2020' are matched  using regular expression

2020-06-09 15:19:19 - [MESSAGE][PASSED] - Actual text 'The date in this field must be after 09/06/2020' and expected text 'The date in this field must be after 09/06/2020' are matched  using regular expression

2020-06-09 15:19:19 - [TEST_STEP][PASSED] - FromDate = getAttribute(DateFieldNm, "value"): Attribute 'value' of object 'Object Repository/Objects.HighlightElements/input_field_index' is: '10/05/2020'

2020-06-09 15:19:19 - [MESSAGE][PASSED] - Attribute 'value' of object 'Object Repository/Objects.HighlightElements/input_field_index' is: '10/05/2020'

2020-06-09 15:19:19 - [MESSAGE][PASSED] - Call Test Case 'Test Cases/PFI Precision and Scale/PFI Components with Indexing/PastDateAfterErrorIndex' successfully

2020-06-09 15:19:19 - [TEST_STEP][PASSED] - callTestCase(findTestCase("PFI Precision and Scale/PFI Components with Indexing/PastDateBeforeErrorIndex"), ["FldNm":"inspDt", "index":1], STOP_ON_FAILURE): Call Test Case 'Test Cases/PFI Precision and Scale/PFI Components with Indexing/PastDateBeforeErrorIndex' successfully

2020-06-09 15:19:19 - [TEST_CASE][PASSED] - Test Cases/PFI Precision and Scale/PFI Components with Indexing/PastDateBeforeErrorIndex: Test Cases/PFI Precision and Scale/PFI Components with Indexing/PastDateBeforeErrorIndex

2020-06-09 15:19:19 - [TEST_STEP][PASSED] - Thread.sleep(1000): null

2020-06-09 15:19:20 - [TEST_STEP][PASSED] - DateFieldNm = modifyObjectProperty(findTestObject("Objects.HighlightElements/input_field_index"), "xpath", "equals", "(//*[contains(@class,'x-form-text') and (@name='" + FldNm + "')])[" + index + "]", true): Modify property of object successfully

2020-06-09 15:19:20 - [MESSAGE][PASSED] - Modify property of object successfully

2020-06-09 15:19:20 - [TEST_STEP][PASSED] - mouseOver(DateFieldNm): Object: 'Object Repository/Objects.HighlightElements/input_field_index' is hovered

2020-06-09 15:19:21 - [MESSAGE][PASSED] - Object: 'Object Repository/Objects.HighlightElements/input_field_index' is hovered

2020-06-09 15:19:21 - [TEST_STEP][PASSED] - PastDtErrMsg = getAttribute(DateFieldNm, "data-errorqtip", STOP_ON_FAILURE): Attribute 'data-errorqtip' of object 'Object Repository/Objects.HighlightElements/input_field_index' is: '<ul class="x-list-plain"><li>The date in this field must be before 10/05/2020</li></ul>'

2020-06-09 15:19:21 - [MESSAGE][PASSED] - Attribute 'data-errorqtip' of object 'Object Repository/Objects.HighlightElements/input_field_index' is: '<ul class="x-list-plain"><li>The date in this field must be before 10/05/2020</li></ul>'

2020-06-09 15:19:21 - [TEST_STEP][PASSED] - lenErrMsg = PastDtErrMsg.length(): null

2020-06-09 15:19:21 - [TEST_STEP][PASSED] - RmvCde = PastDtErrMsg.substring(29, lenErrMsg): null

2020-06-09 15:19:21 - [TEST_STEP][PASSED] - ActualErrDtMsg = RmvCde.substring(0, 48): null

2020-06-09 15:19:21 - [TEST_STEP][PASSED] - ExpectedErrDtMsg = concatenate(findTestData("PrecisionAndScaleDB").getValue("ErrorMessage", 7), " ", FromDate): Concatenated string array: '['The date in this field must be before',' ','10/05/2020']' into 'The date in this field must be before 10/05/2020'

2020-06-09 15:19:21 - [MESSAGE][PASSED] - Concatenated string array: '['The date in this field must be before',' ','10/05/2020']' into 'The date in this field must be before 10/05/2020'

2020-06-09 15:19:21 - [TEST_STEP][PASSED] - verifyMatch(ActualErrDtMsg, ExpectedErrDtMsg, true): Actual text 'The date in this field must be before 10/05/2020' and expected text 'The date in this field must be before 10/05/2020' are matched  using regular expression

2020-06-09 15:19:21 - [MESSAGE][PASSED] - Actual text 'The date in this field must be before 10/05/2020' and expected text 'The date in this field must be before 10/05/2020' are matched  using regular expression

2020-06-09 15:19:21 - [MESSAGE][PASSED] - Call Test Case 'Test Cases/PFI Precision and Scale/PFI Components with Indexing/PastDateBeforeErrorIndex' successfully

2020-06-09 15:19:21 - [TEST_STEP][PASSED] - callTestCase(findTestCase("Components/SelectAllThenDeleteIndex"), ["nameToBeUsed":"inspWeight", "index":"1"], STOP_ON_FAILURE): Call Test Case 'Test Cases/Components/SelectAllThenDeleteIndex' successfully

2020-06-09 15:19:21 - [TEST_CASE][PASSED] - Test Cases/Components/SelectAllThenDeleteIndex: Test Cases/Components/SelectAllThenDeleteIndex

2020-06-09 15:19:21 - [TEST_STEP][PASSED] - Thread.sleep(1000): null

2020-06-09 15:19:22 - [TEST_STEP][PASSED] - modifiedObj = modifyObjectProperty(findTestObject("Object Repository/Objects.HighlightElements/input_field_index"), "xpath", "equals", "(//*[contains(@class,'x-form-text') and (@name='" + nameToBeUsed + "')])[" + index + "]", true): Modify property of object successfully

2020-06-09 15:19:22 - [MESSAGE][PASSED] - Modify property of object successfully

2020-06-09 15:19:22 - [TEST_STEP][PASSED] - focus(modifiedObj): Object: 'Object Repository/Objects.HighlightElements/input_field_index' is focused

2020-06-09 15:19:22 - [MESSAGE][PASSED] - Object: 'Object Repository/Objects.HighlightElements/input_field_index' is focused

2020-06-09 15:19:22 - [TEST_STEP][PASSED] - sendKeys(modifiedObj, Keys.chord(CONTROL, "a")): Keys 'CONTROL + a' sent to object: 'Object Repository/Objects.HighlightElements/input_field_index'

2020-06-09 15:19:22 - [MESSAGE][PASSED] - Keys 'CONTROL + a' sent to object: 'Object Repository/Objects.HighlightElements/input_field_index'

2020-06-09 15:19:22 - [TEST_STEP][PASSED] - sendKeys(modifiedObj, Keys.chord(DELETE)): Keys 'DELETE + ' sent to object: 'Object Repository/Objects.HighlightElements/input_field_index'

2020-06-09 15:19:22 - [MESSAGE][PASSED] - Keys 'DELETE + ' sent to object: 'Object Repository/Objects.HighlightElements/input_field_index'

2020-06-09 15:19:22 - [MESSAGE][PASSED] - Call Test Case 'Test Cases/Components/SelectAllThenDeleteIndex' successfully

2020-06-09 15:19:22 - [TEST_STEP][PASSED] - callTestCase(findTestCase("Components/SelectAllThenDeleteIndex"), ["nameToBeUsed":"noOfBldg", "index":"1"], STOP_ON_FAILURE): Call Test Case 'Test Cases/Components/SelectAllThenDeleteIndex' successfully

2020-06-09 15:19:22 - [TEST_CASE][PASSED] - Test Cases/Components/SelectAllThenDeleteIndex: Test Cases/Components/SelectAllThenDeleteIndex

2020-06-09 15:19:22 - [TEST_STEP][PASSED] - Thread.sleep(1000): null

2020-06-09 15:19:23 - [TEST_STEP][PASSED] - modifiedObj = modifyObjectProperty(findTestObject("Object Repository/Objects.HighlightElements/input_field_index"), "xpath", "equals", "(//*[contains(@class,'x-form-text') and (@name='" + nameToBeUsed + "')])[" + index + "]", true): Modify property of object successfully

2020-06-09 15:19:23 - [MESSAGE][PASSED] - Modify property of object successfully

2020-06-09 15:19:23 - [TEST_STEP][PASSED] - focus(modifiedObj): Object: 'Object Repository/Objects.HighlightElements/input_field_index' is focused

2020-06-09 15:19:23 - [MESSAGE][PASSED] - Object: 'Object Repository/Objects.HighlightElements/input_field_index' is focused

2020-06-09 15:19:23 - [TEST_STEP][PASSED] - sendKeys(modifiedObj, Keys.chord(CONTROL, "a")): Keys 'CONTROL + a' sent to object: 'Object Repository/Objects.HighlightElements/input_field_index'

2020-06-09 15:19:23 - [MESSAGE][PASSED] - Keys 'CONTROL + a' sent to object: 'Object Repository/Objects.HighlightElements/input_field_index'

2020-06-09 15:19:23 - [TEST_STEP][PASSED] - sendKeys(modifiedObj, Keys.chord(DELETE)): Keys 'DELETE + ' sent to object: 'Object Repository/Objects.HighlightElements/input_field_index'

2020-06-09 15:19:23 - [MESSAGE][PASSED] - Keys 'DELETE + ' sent to object: 'Object Repository/Objects.HighlightElements/input_field_index'

2020-06-09 15:19:23 - [MESSAGE][PASSED] - Call Test Case 'Test Cases/Components/SelectAllThenDeleteIndex' successfully

2020-06-09 15:19:23 - [TEST_STEP][PASSED] - callTestCase(findTestCase("Components/SelectAllThenDeleteIndex"), ["nameToBeUsed":"inspDt", "index":"1"], STOP_ON_FAILURE): Call Test Case 'Test Cases/Components/SelectAllThenDeleteIndex' successfully

2020-06-09 15:19:23 - [TEST_CASE][PASSED] - Test Cases/Components/SelectAllThenDeleteIndex: Test Cases/Components/SelectAllThenDeleteIndex

2020-06-09 15:19:23 - [TEST_STEP][PASSED] - Thread.sleep(1000): null

2020-06-09 15:19:24 - [TEST_STEP][PASSED] - modifiedObj = modifyObjectProperty(findTestObject("Object Repository/Objects.HighlightElements/input_field_index"), "xpath", "equals", "(//*[contains(@class,'x-form-text') and (@name='" + nameToBeUsed + "')])[" + index + "]", true): Modify property of object successfully

2020-06-09 15:19:24 - [MESSAGE][PASSED] - Modify property of object successfully

2020-06-09 15:19:24 - [TEST_STEP][PASSED] - focus(modifiedObj): Object: 'Object Repository/Objects.HighlightElements/input_field_index' is focused

2020-06-09 15:19:24 - [MESSAGE][PASSED] - Object: 'Object Repository/Objects.HighlightElements/input_field_index' is focused

2020-06-09 15:19:24 - [TEST_STEP][PASSED] - sendKeys(modifiedObj, Keys.chord(CONTROL, "a")): Keys 'CONTROL + a' sent to object: 'Object Repository/Objects.HighlightElements/input_field_index'

2020-06-09 15:19:24 - [MESSAGE][PASSED] - Keys 'CONTROL + a' sent to object: 'Object Repository/Objects.HighlightElements/input_field_index'

2020-06-09 15:19:24 - [TEST_STEP][PASSED] - sendKeys(modifiedObj, Keys.chord(DELETE)): Keys 'DELETE + ' sent to object: 'Object Repository/Objects.HighlightElements/input_field_index'

2020-06-09 15:19:24 - [MESSAGE][PASSED] - Keys 'DELETE + ' sent to object: 'Object Repository/Objects.HighlightElements/input_field_index'

2020-06-09 15:19:24 - [MESSAGE][PASSED] - Call Test Case 'Test Cases/Components/SelectAllThenDeleteIndex' successfully

2020-06-09 15:19:24 - [TEST_STEP][PASSED] - callTestCase(findTestCase("Components/SelectAllThenDeleteIndex"), ["nameToBeUsed":"inspToDt", "index":"1"], STOP_ON_FAILURE): Call Test Case 'Test Cases/Components/SelectAllThenDeleteIndex' successfully

2020-06-09 15:19:24 - [TEST_CASE][PASSED] - Test Cases/Components/SelectAllThenDeleteIndex: Test Cases/Components/SelectAllThenDeleteIndex

2020-06-09 15:19:24 - [TEST_STEP][PASSED] - Thread.sleep(1000): null

2020-06-09 15:19:25 - [TEST_STEP][PASSED] - modifiedObj = modifyObjectProperty(findTestObject("Object Repository/Objects.HighlightElements/input_field_index"), "xpath", "equals", "(//*[contains(@class,'x-form-text') and (@name='" + nameToBeUsed + "')])[" + index + "]", true): Modify property of object successfully

2020-06-09 15:19:25 - [MESSAGE][PASSED] - Modify property of object successfully

2020-06-09 15:19:25 - [TEST_STEP][PASSED] - focus(modifiedObj): Object: 'Object Repository/Objects.HighlightElements/input_field_index' is focused

2020-06-09 15:19:25 - [MESSAGE][PASSED] - Object: 'Object Repository/Objects.HighlightElements/input_field_index' is focused

2020-06-09 15:19:25 - [TEST_STEP][PASSED] - sendKeys(modifiedObj, Keys.chord(CONTROL, "a")): Keys 'CONTROL + a' sent to object: 'Object Repository/Objects.HighlightElements/input_field_index'

2020-06-09 15:19:26 - [MESSAGE][PASSED] - Keys 'CONTROL + a' sent to object: 'Object Repository/Objects.HighlightElements/input_field_index'

2020-06-09 15:19:26 - [TEST_STEP][PASSED] - sendKeys(modifiedObj, Keys.chord(DELETE)): Keys 'DELETE + ' sent to object: 'Object Repository/Objects.HighlightElements/input_field_index'

2020-06-09 15:19:26 - [MESSAGE][PASSED] - Keys 'DELETE + ' sent to object: 'Object Repository/Objects.HighlightElements/input_field_index'

2020-06-09 15:19:26 - [MESSAGE][PASSED] - Call Test Case 'Test Cases/Components/SelectAllThenDeleteIndex' successfully

2020-06-09 15:19:26 - [TEST_STEP][PASSED] - callTestCase(findTestCase("PFI Precision and Scale/PFI Components with Indexing/RequiredFieldValidationIndex"), ["nameToBeUsed":"inspWeight", "index":1], STOP_ON_FAILURE): Call Test Case 'Test Cases/PFI Precision and Scale/PFI Components with Indexing/RequiredFieldValidationIndex' successfully

2020-06-09 15:19:26 - [TEST_CASE][PASSED] - Test Cases/PFI Precision and Scale/PFI Components with Indexing/RequiredFieldValidationIndex: Test Cases/PFI Precision and Scale/PFI Components with Indexing/RequiredFieldValidationIndex

2020-06-09 15:19:26 - [TEST_STEP][PASSED] - Thread.sleep(2000): null

2020-06-09 15:19:28 - [TEST_STEP][PASSED] - NewInputNmField = modifyObjectProperty(findTestObject("Objects.HighlightElements/input_field_index"), "xpath", "equals", "(//*[contains(@class,'x-form-text') and (@name='" + nameToBeUsed + "')])[" + index + "]", true): Modify property of object successfully

2020-06-09 15:19:28 - [MESSAGE][PASSED] - Modify property of object successfully

2020-06-09 15:19:28 - [TEST_STEP][PASSED] - mouseOver(NewInputNmField): Object: 'Object Repository/Objects.HighlightElements/input_field_index' is hovered

2020-06-09 15:19:28 - [MESSAGE][PASSED] - Object: 'Object Repository/Objects.HighlightElements/input_field_index' is hovered

2020-06-09 15:19:28 - [TEST_STEP][PASSED] - getRqErrMsg = getAttribute(NewInputNmField, "data-errorqtip"): Attribute 'data-errorqtip' of object 'Object Repository/Objects.HighlightElements/input_field_index' is: '<ul class="x-list-plain"><li>This field is required</li></ul>'

2020-06-09 15:19:28 - [MESSAGE][PASSED] - Attribute 'data-errorqtip' of object 'Object Repository/Objects.HighlightElements/input_field_index' is: '<ul class="x-list-plain"><li>This field is required</li></ul>'

2020-06-09 15:19:28 - [TEST_STEP][PASSED] - strToolTip = getRqErrMsg.substring(29, 61): null

2020-06-09 15:19:28 - [TEST_STEP][PASSED] - toolTipReqErrMsg = strToolTip.substring(0, 22): null

2020-06-09 15:19:28 - [TEST_STEP][PASSED] - verifyMatch(toolTipReqErrMsg, RqField, true): Actual text 'This field is required' and expected text 'This field is required' are matched  using regular expression

2020-06-09 15:19:28 - [MESSAGE][PASSED] - Actual text 'This field is required' and expected text 'This field is required' are matched  using regular expression

2020-06-09 15:19:28 - [MESSAGE][PASSED] - Call Test Case 'Test Cases/PFI Precision and Scale/PFI Components with Indexing/RequiredFieldValidationIndex' successfully

2020-06-09 15:19:28 - [TEST_STEP][PASSED] - callTestCase(findTestCase("PFI Precision and Scale/PFI Components with Indexing/RequiredFieldValidationIndex"), ["nameToBeUsed":"noOfBldg", "index":1], STOP_ON_FAILURE): Call Test Case 'Test Cases/PFI Precision and Scale/PFI Components with Indexing/RequiredFieldValidationIndex' successfully

2020-06-09 15:19:28 - [TEST_CASE][PASSED] - Test Cases/PFI Precision and Scale/PFI Components with Indexing/RequiredFieldValidationIndex: Test Cases/PFI Precision and Scale/PFI Components with Indexing/RequiredFieldValidationIndex

2020-06-09 15:19:28 - [TEST_STEP][PASSED] - Thread.sleep(2000): null

2020-06-09 15:19:30 - [TEST_STEP][PASSED] - NewInputNmField = modifyObjectProperty(findTestObject("Objects.HighlightElements/input_field_index"), "xpath", "equals", "(//*[contains(@class,'x-form-text') and (@name='" + nameToBeUsed + "')])[" + index + "]", true): Modify property of object successfully

2020-06-09 15:19:30 - [MESSAGE][PASSED] - Modify property of object successfully

2020-06-09 15:19:30 - [TEST_STEP][PASSED] - mouseOver(NewInputNmField): Object: 'Object Repository/Objects.HighlightElements/input_field_index' is hovered

2020-06-09 15:19:30 - [MESSAGE][PASSED] - Object: 'Object Repository/Objects.HighlightElements/input_field_index' is hovered

2020-06-09 15:19:30 - [TEST_STEP][PASSED] - getRqErrMsg = getAttribute(NewInputNmField, "data-errorqtip"): Attribute 'data-errorqtip' of object 'Object Repository/Objects.HighlightElements/input_field_index' is: '<ul class="x-list-plain"><li>This field is required</li></ul>'

2020-06-09 15:19:30 - [MESSAGE][PASSED] - Attribute 'data-errorqtip' of object 'Object Repository/Objects.HighlightElements/input_field_index' is: '<ul class="x-list-plain"><li>This field is required</li></ul>'

2020-06-09 15:19:30 - [TEST_STEP][PASSED] - strToolTip = getRqErrMsg.substring(29, 61): null

2020-06-09 15:19:30 - [TEST_STEP][PASSED] - toolTipReqErrMsg = strToolTip.substring(0, 22): null

2020-06-09 15:19:30 - [TEST_STEP][PASSED] - verifyMatch(toolTipReqErrMsg, RqField, true): Actual text 'This field is required' and expected text 'This field is required' are matched  using regular expression

2020-06-09 15:19:30 - [MESSAGE][PASSED] - Actual text 'This field is required' and expected text 'This field is required' are matched  using regular expression

2020-06-09 15:19:30 - [MESSAGE][PASSED] - Call Test Case 'Test Cases/PFI Precision and Scale/PFI Components with Indexing/RequiredFieldValidationIndex' successfully

2020-06-09 15:19:30 - [TEST_STEP][PASSED] - callTestCase(findTestCase("PFI Precision and Scale/PFI Components with Indexing/RequiredFieldValidationIndex"), ["nameToBeUsed":"inspDt", "index":1], STOP_ON_FAILURE): Call Test Case 'Test Cases/PFI Precision and Scale/PFI Components with Indexing/RequiredFieldValidationIndex' successfully

2020-06-09 15:19:30 - [TEST_CASE][PASSED] - Test Cases/PFI Precision and Scale/PFI Components with Indexing/RequiredFieldValidationIndex: Test Cases/PFI Precision and Scale/PFI Components with Indexing/RequiredFieldValidationIndex

2020-06-09 15:19:30 - [TEST_STEP][PASSED] - Thread.sleep(2000): null

2020-06-09 15:19:32 - [TEST_STEP][PASSED] - NewInputNmField = modifyObjectProperty(findTestObject("Objects.HighlightElements/input_field_index"), "xpath", "equals", "(//*[contains(@class,'x-form-text') and (@name='" + nameToBeUsed + "')])[" + index + "]", true): Modify property of object successfully

2020-06-09 15:19:32 - [MESSAGE][PASSED] - Modify property of object successfully

2020-06-09 15:19:32 - [TEST_STEP][PASSED] - mouseOver(NewInputNmField): Object: 'Object Repository/Objects.HighlightElements/input_field_index' is hovered

2020-06-09 15:19:32 - [MESSAGE][PASSED] - Object: 'Object Repository/Objects.HighlightElements/input_field_index' is hovered

2020-06-09 15:19:32 - [TEST_STEP][PASSED] - getRqErrMsg = getAttribute(NewInputNmField, "data-errorqtip"): Attribute 'data-errorqtip' of object 'Object Repository/Objects.HighlightElements/input_field_index' is: '<ul class="x-list-plain"><li>This field is required</li></ul>'

2020-06-09 15:19:32 - [MESSAGE][PASSED] - Attribute 'data-errorqtip' of object 'Object Repository/Objects.HighlightElements/input_field_index' is: '<ul class="x-list-plain"><li>This field is required</li></ul>'

2020-06-09 15:19:32 - [TEST_STEP][PASSED] - strToolTip = getRqErrMsg.substring(29, 61): null

2020-06-09 15:19:32 - [TEST_STEP][PASSED] - toolTipReqErrMsg = strToolTip.substring(0, 22): null

2020-06-09 15:19:32 - [TEST_STEP][PASSED] - verifyMatch(toolTipReqErrMsg, RqField, true): Actual text 'This field is required' and expected text 'This field is required' are matched  using regular expression

2020-06-09 15:19:32 - [MESSAGE][PASSED] - Actual text 'This field is required' and expected text 'This field is required' are matched  using regular expression

2020-06-09 15:19:32 - [MESSAGE][PASSED] - Call Test Case 'Test Cases/PFI Precision and Scale/PFI Components with Indexing/RequiredFieldValidationIndex' successfully

2020-06-09 15:19:32 - [TEST_STEP][PASSED] - callTestCase(findTestCase("PFI Precision and Scale/PFI Components with Indexing/RequiredFieldValidationIndex"), ["nameToBeUsed":"inspToDt", "index":1], STOP_ON_FAILURE): Call Test Case 'Test Cases/PFI Precision and Scale/PFI Components with Indexing/RequiredFieldValidationIndex' successfully

2020-06-09 15:19:32 - [TEST_CASE][PASSED] - Test Cases/PFI Precision and Scale/PFI Components with Indexing/RequiredFieldValidationIndex: Test Cases/PFI Precision and Scale/PFI Components with Indexing/RequiredFieldValidationIndex

2020-06-09 15:19:32 - [TEST_STEP][PASSED] - Thread.sleep(2000): null

2020-06-09 15:19:34 - [TEST_STEP][PASSED] - NewInputNmField = modifyObjectProperty(findTestObject("Objects.HighlightElements/input_field_index"), "xpath", "equals", "(//*[contains(@class,'x-form-text') and (@name='" + nameToBeUsed + "')])[" + index + "]", true): Modify property of object successfully

2020-06-09 15:19:35 - [MESSAGE][PASSED] - Modify property of object successfully

2020-06-09 15:19:35 - [TEST_STEP][PASSED] - mouseOver(NewInputNmField): Object: 'Object Repository/Objects.HighlightElements/input_field_index' is hovered

2020-06-09 15:19:35 - [MESSAGE][PASSED] - Object: 'Object Repository/Objects.HighlightElements/input_field_index' is hovered

2020-06-09 15:19:35 - [TEST_STEP][PASSED] - getRqErrMsg = getAttribute(NewInputNmField, "data-errorqtip"): Attribute 'data-errorqtip' of object 'Object Repository/Objects.HighlightElements/input_field_index' is: '<ul class="x-list-plain"><li>This field is required</li></ul>'

2020-06-09 15:19:35 - [MESSAGE][PASSED] - Attribute 'data-errorqtip' of object 'Object Repository/Objects.HighlightElements/input_field_index' is: '<ul class="x-list-plain"><li>This field is required</li></ul>'

2020-06-09 15:19:35 - [TEST_STEP][PASSED] - strToolTip = getRqErrMsg.substring(29, 61): null

2020-06-09 15:19:35 - [TEST_STEP][PASSED] - toolTipReqErrMsg = strToolTip.substring(0, 22): null

2020-06-09 15:19:35 - [TEST_STEP][PASSED] - verifyMatch(toolTipReqErrMsg, RqField, true): Actual text 'This field is required' and expected text 'This field is required' are matched  using regular expression

2020-06-09 15:19:35 - [MESSAGE][PASSED] - Actual text 'This field is required' and expected text 'This field is required' are matched  using regular expression

2020-06-09 15:19:35 - [MESSAGE][PASSED] - Call Test Case 'Test Cases/PFI Precision and Scale/PFI Components with Indexing/RequiredFieldValidationIndex' successfully

2020-06-09 15:19:35 - [TEST_STEP][PASSED] - callTestCase(findTestCase("Components/ClickBlueButtonsWithXPI"), ["Button":"Add", "Index":3], STOP_ON_FAILURE): Call Test Case 'Test Cases/Components/ClickBlueButtonsWithXPI' successfully

2020-06-09 15:19:35 - [TEST_CASE][PASSED] - Test Cases/Components/ClickBlueButtonsWithXPI: Test Cases/Components/ClickBlueButtonsWithXPI

2020-06-09 15:19:35 - [TEST_STEP][PASSED] - Thread.sleep(1000): null

2020-06-09 15:19:36 - [TEST_STEP][PASSED] - complexlyModifiedButtonGG = modifyObjectProperty(findTestObject("Objects.ClickBlueButtonsWithXPI/span_Reset"), "xPath", "equals", "(//*[text()="" + Button + ""])[" + Index + "]", true): Modify property of object successfully

2020-06-09 15:19:36 - [MESSAGE][PASSED] - Modify property of object successfully

2020-06-09 15:19:36 - [TEST_STEP][PASSED] - click(complexlyModifiedButtonGG): Object: 'Object Repository/Objects.ClickBlueButtonsWithXPI/span_Reset' is clicked on

2020-06-09 15:19:36 - [MESSAGE][PASSED] - Object: 'Object Repository/Objects.ClickBlueButtonsWithXPI/span_Reset' is clicked on

2020-06-09 15:19:36 - [MESSAGE][PASSED] - Call Test Case 'Test Cases/Components/ClickBlueButtonsWithXPI' successfully

2020-06-09 15:19:36 - [TEST_STEP][PASSED] - callTestCase(findTestCase("Components/HighlightLabelFieldXPI"), ["LblName":"Address", "index":1], STOP_ON_FAILURE): Call Test Case 'Test Cases/Components/HighlightLabelFieldXPI' successfully

2020-06-09 15:19:37 - [TEST_CASE][PASSED] - Test Cases/Components/HighlightLabelFieldXPI: Test Cases/Components/HighlightLabelFieldXPI

2020-06-09 15:19:37 - [TEST_STEP][PASSED] - Thread.sleep(1000): null

2020-06-09 15:19:38 - [TEST_STEP][PASSED] - modifiedLblNm = modifyObjectProperty(findTestObject("Object Repository/Objects.HighlightElements/lblField_index"), "xpath", "equals", "(//*[contains(@class, 'x-form-item-label-inner x-form-item-label-inner-default') and contains(., '" + LblName + "')])[" + index + "]", true): Modify property of object successfully

2020-06-09 15:19:38 - [MESSAGE][PASSED] - Modify property of object successfully

2020-06-09 15:19:38 - [TEST_STEP][PASSED] - com.reusableComponents.HighlightElement.run(modifiedLblNm): com.reusableComponents.HighlightElement.run is PASSED

2020-06-09 15:19:39 - [MESSAGE][PASSED] - com.reusableComponents.HighlightElement.run is PASSED

2020-06-09 15:19:39 - [MESSAGE][PASSED] - Call Test Case 'Test Cases/Components/HighlightLabelFieldXPI' successfully

2020-06-09 15:19:39 - [TEST_STEP][PASSED] - callTestCase(findTestCase("Components/HighlightInputFieldXPI"), ["FldNm":"hseBlkNo", "index":1], STOP_ON_FAILURE): Call Test Case 'Test Cases/Components/HighlightInputFieldXPI' successfully

2020-06-09 15:19:39 - [TEST_CASE][PASSED] - Test Cases/Components/HighlightInputFieldXPI: Test Cases/Components/HighlightInputFieldXPI

2020-06-09 15:19:39 - [TEST_STEP][PASSED] - Thread.sleep(1000): null

2020-06-09 15:19:40 - [TEST_STEP][PASSED] - modifiedInputNm = modifyObjectProperty(findTestObject("Object Repository/Objects.HighlightElements/input_field_index"), "xpath", "equals", "(//*[contains(@name, '" + FldNm + "')])[" + index + "]", true): Modify property of object successfully

2020-06-09 15:19:40 - [MESSAGE][PASSED] - Modify property of object successfully

2020-06-09 15:19:40 - [TEST_STEP][PASSED] - com.reusableComponents.HighlightElement.run(modifiedInputNm): com.reusableComponents.HighlightElement.run is PASSED

2020-06-09 15:19:41 - [MESSAGE][PASSED] - com.reusableComponents.HighlightElement.run is PASSED

2020-06-09 15:19:41 - [MESSAGE][PASSED] - Call Test Case 'Test Cases/Components/HighlightInputFieldXPI' successfully

2020-06-09 15:19:41 - [TEST_STEP][PASSED] - callTestCase(findTestCase("PFI Precision and Scale/PFI Components with Indexing/AlphaNumericValidationIndex"), ["FldNm":"hseBlkNo", "LenChar":4, "index":1], STOP_ON_FAILURE): Call Test Case 'Test Cases/PFI Precision and Scale/PFI Components with Indexing/AlphaNumericValidationIndex' successfully

2020-06-09 15:19:41 - [TEST_CASE][PASSED] - Test Cases/PFI Precision and Scale/PFI Components with Indexing/AlphaNumericValidationIndex: Test Cases/PFI Precision and Scale/PFI Components with Indexing/AlphaNumericValidationIndex

2020-06-09 15:19:42 - [TEST_STEP][PASSED] - Thread.sleep(1000): null

2020-06-09 15:19:43 - [TEST_STEP][PASSED] - AlphaNumeric = 9).join(): null

2020-06-09 15:19:43 - [TEST_STEP][PASSED] - SpecialChar = "`~!@#$%^&*()-=+_{}|\][;'":,./?><"": null

2020-06-09 15:19:43 - [TEST_STEP][PASSED] - RandomString = RandomStringUtils.random(LenChar, AlphaNumeric.toCharArray()): null

2020-06-09 15:19:43 - [TEST_STEP][PASSED] - RdmSpChar = RandomStringUtils.random(LenChar, SpecialChar): null

2020-06-09 15:19:43 - [TEST_STEP][PASSED] - regexPat = Pattern.compile("^[A-Za-z0-9 ]+$"): null

2020-06-09 15:19:43 - [TEST_STEP][PASSED] - NewInputNmField = modifyObjectProperty(findTestObject("Object Repository/Objects.HighlightElements/input_field_index"), "xpath", "equals", "(//*[contains(@class,'x-form-text') and (@name='" + FldNm + "')])[" + index + "]", true): Modify property of object successfully

2020-06-09 15:19:43 - [MESSAGE][PASSED] - Modify property of object successfully

2020-06-09 15:19:43 - [TEST_STEP][PASSED] - setText(NewInputNmField, RandomString): Text '8GnK' is set on object 'Object Repository/Objects.HighlightElements/input_field_index'

2020-06-09 15:19:43 - [MESSAGE][PASSED] - Text '8GnK' is set on object 'Object Repository/Objects.HighlightElements/input_field_index'

2020-06-09 15:19:43 - [TEST_STEP][PASSED] - RemarksAN = getAttribute(NewInputNmField, "value"): Attribute 'value' of object 'Object Repository/Objects.HighlightElements/input_field_index' is: '8GnK'

2020-06-09 15:19:43 - [MESSAGE][PASSED] - Attribute 'value' of object 'Object Repository/Objects.HighlightElements/input_field_index' is: '8GnK'

2020-06-09 15:19:43 - [TEST_STEP][PASSED] - matchStr = regexPat.matcher(RemarksAN): null

2020-06-09 15:19:43 - [TEST_STEP][PASSED] - if (matchStr.matches() == true): Accepting Alphanumeric

2020-06-09 15:19:43 - [TEST_STEP][PASSED] - comment("Accepting Alphanumeric"): Accepting Alphanumeric

2020-06-09 15:19:43 - [MESSAGE][INFO] - Accepting Alphanumeric

2020-06-09 15:19:43 - [TEST_STEP][PASSED] - setText(NewInputNmField, RdmSpChar): Text '&<<<' is set on object 'Object Repository/Objects.HighlightElements/input_field_index'

2020-06-09 15:19:44 - [MESSAGE][PASSED] - Text '&<<<' is set on object 'Object Repository/Objects.HighlightElements/input_field_index'

2020-06-09 15:19:44 - [TEST_STEP][PASSED] - RemarksSpChar = getAttribute(NewInputNmField, "value"): Attribute 'value' of object 'Object Repository/Objects.HighlightElements/input_field_index' is: ''

2020-06-09 15:19:44 - [MESSAGE][PASSED] - Attribute 'value' of object 'Object Repository/Objects.HighlightElements/input_field_index' is: ''

2020-06-09 15:19:44 - [TEST_STEP][PASSED] - matchSp = regexPat.matcher(RemarksSpChar): null

2020-06-09 15:19:44 - [TEST_STEP][PASSED] - if (matchSp.matches() == false): Actual text '' and expected text '' are matched  using regular expression

2020-06-09 15:19:44 - [TEST_STEP][PASSED] - verifyMatch(RemarksSpChar, "", true): Actual text '' and expected text '' are matched  using regular expression

2020-06-09 15:19:44 - [MESSAGE][PASSED] - Actual text '' and expected text '' are matched  using regular expression

2020-06-09 15:19:44 - [MESSAGE][PASSED] - Call Test Case 'Test Cases/PFI Precision and Scale/PFI Components with Indexing/AlphaNumericValidationIndex' successfully

2020-06-09 15:19:44 - [TEST_STEP][PASSED] - callTestCase(findTestCase("PFI Precision and Scale/PFI Components with Indexing/MaxAlphaNumericLenIndexValidation"), ["FieldNm":"hseBlkNo", "index":1, "MaxCharLen":12], STOP_ON_FAILURE): Call Test Case 'Test Cases/PFI Precision and Scale/PFI Components with Indexing/MaxAlphaNumericLenIndexValidation' successfully

2020-06-09 15:19:44 - [TEST_CASE][PASSED] - Test Cases/PFI Precision and Scale/PFI Components with Indexing/MaxAlphaNumericLenIndexValidation: Test Cases/PFI Precision and Scale/PFI Components with Indexing/MaxAlphaNumericLenIndexValidation

2020-06-09 15:19:44 - [TEST_STEP][PASSED] - Thread.sleep(1000): null

2020-06-09 15:19:45 - [TEST_STEP][PASSED] - CharLengthTBL = ["hseBlkNo":10]: null

2020-06-09 15:19:45 - [TEST_STEP][PASSED] - charset = 9).join(): null

2020-06-09 15:19:45 - [TEST_STEP][PASSED] - RandomStringVal = RandomStringUtils.random(MaxCharLen, charset.toCharArray()): null

2020-06-09 15:19:45 - [TEST_STEP][PASSED] - NewInputNmField = modifyObjectProperty(findTestObject("Object Repository/Objects.HighlightElements/input_field_index"), "xpath", "equals", "(//*[contains(@class,'x-form-text') and (@name='" + FieldNm + "')])[" + index + "]", true): Modify property of object successfully

2020-06-09 15:19:46 - [MESSAGE][PASSED] - Modify property of object successfully

2020-06-09 15:19:46 - [TEST_STEP][PASSED] - setText(NewInputNmField, RandomStringVal): Text 'gOj9sIGfDTSM' is set on object 'Object Repository/Objects.HighlightElements/input_field_index'

2020-06-09 15:19:46 - [MESSAGE][PASSED] - Text 'gOj9sIGfDTSM' is set on object 'Object Repository/Objects.HighlightElements/input_field_index'

2020-06-09 15:19:46 - [TEST_STEP][PASSED] - GetInputValue = getAttribute(NewInputNmField, "value", STOP_ON_FAILURE): Attribute 'value' of object 'Object Repository/Objects.HighlightElements/input_field_index' is: 'gOj9sIGfDT'

2020-06-09 15:19:46 - [MESSAGE][PASSED] - Attribute 'value' of object 'Object Repository/Objects.HighlightElements/input_field_index' is: 'gOj9sIGfDT'

2020-06-09 15:19:46 - [TEST_STEP][PASSED] - GetLenChar = GetInputValue.length(): null

2020-06-09 15:19:46 - [TEST_STEP][PASSED] - MaxLength = CharLengthTBL.get(FieldNm): null

2020-06-09 15:19:46 - [TEST_STEP][PASSED] - if (MaxLength != null): Actual object '10' and expected object '10' are equal

2020-06-09 15:19:46 - [TEST_STEP][PASSED] - verifyEqual(GetLenChar, MaxLength): Actual object '10' and expected object '10' are equal

2020-06-09 15:19:46 - [MESSAGE][PASSED] - Actual object '10' and expected object '10' are equal

2020-06-09 15:19:46 - [MESSAGE][PASSED] - Call Test Case 'Test Cases/PFI Precision and Scale/PFI Components with Indexing/MaxAlphaNumericLenIndexValidation' successfully

2020-06-09 15:19:46 - [TEST_STEP][PASSED] - callTestCase(findTestCase("Components/HighlightInputFieldXPI"), ["FldNm":"roadId", "index":1], STOP_ON_FAILURE): Call Test Case 'Test Cases/Components/HighlightInputFieldXPI' successfully

2020-06-09 15:19:46 - [TEST_CASE][PASSED] - Test Cases/Components/HighlightInputFieldXPI: Test Cases/Components/HighlightInputFieldXPI

2020-06-09 15:19:46 - [TEST_STEP][PASSED] - Thread.sleep(1000): null

2020-06-09 15:19:47 - [TEST_STEP][PASSED] - modifiedInputNm = modifyObjectProperty(findTestObject("Object Repository/Objects.HighlightElements/input_field_index"), "xpath", "equals", "(//*[contains(@name, '" + FldNm + "')])[" + index + "]", true): Modify property of object successfully

2020-06-09 15:19:47 - [MESSAGE][PASSED] - Modify property of object successfully

2020-06-09 15:19:47 - [TEST_STEP][PASSED] - com.reusableComponents.HighlightElement.run(modifiedInputNm): com.reusableComponents.HighlightElement.run is PASSED

2020-06-09 15:19:48 - [MESSAGE][PASSED] - com.reusableComponents.HighlightElement.run is PASSED

2020-06-09 15:19:48 - [MESSAGE][PASSED] - Call Test Case 'Test Cases/Components/HighlightInputFieldXPI' successfully

2020-06-09 15:19:48 - [TEST_STEP][PASSED] - callTestCase(findTestCase("PFI Precision and Scale/PFI Components with Indexing/VerifyDropdownValuesIndex"), ["FldNm":"roadId", "index":1, "CallTCName":"PFI Precision and Scale/HashMap Tables/RoadLists", "cmbNm":"", "NoOfVal":1, "DelayTime":2, ... ], STOP_ON_FAILURE): Call Test Case 'Test Cases/PFI Precision and Scale/PFI Components with Indexing/VerifyDropdownValuesIndex' successfully

2020-06-09 15:19:48 - [TEST_CASE][PASSED] - Test Cases/PFI Precision and Scale/PFI Components with Indexing/VerifyDropdownValuesIndex: Test Cases/PFI Precision and Scale/PFI Components with Indexing/VerifyDropdownValuesIndex

2020-06-09 15:19:49 - [TEST_STEP][PASSED] - Thread.sleep(1000): null

2020-06-09 15:19:50 - [TEST_STEP][PASSED] - OutputFile = new java.io.File(DropdownValuesResult.txt): null

2020-06-09 15:19:50 - [TEST_STEP][PASSED] - TimeStamp = new java.util.Date(): null

2020-06-09 15:19:50 - [TEST_STEP][PASSED] - NewInputNmField = modifyObjectProperty(findTestObject("Object Repository/Objects.HighlightElements/input_field_index"), "xpath", "equals", "(//*[contains(@class,'x-form-text') and (@name='" + FldNm + "')])[" + index + "]", true): Modify property of object successfully

2020-06-09 15:19:50 - [MESSAGE][PASSED] - Modify property of object successfully

2020-06-09 15:19:50 - [TEST_STEP][PASSED] - comboNm = cmbNm: null

2020-06-09 15:19:50 - [TEST_STEP][PASSED] - focus(NewInputNmField): Object: 'Object Repository/Objects.HighlightElements/input_field_index' is focused

2020-06-09 15:19:50 - [MESSAGE][PASSED] - Object: 'Object Repository/Objects.HighlightElements/input_field_index' is focused

2020-06-09 15:19:50 - [TEST_STEP][PASSED] - setText(NewInputNmField, EnterValue): Text 'asdsafd' is set on object 'Object Repository/Objects.HighlightElements/input_field_index'

2020-06-09 15:19:50 - [MESSAGE][PASSED] - Text 'asdsafd' is set on object 'Object Repository/Objects.HighlightElements/input_field_index'

2020-06-09 15:19:50 - [TEST_STEP][PASSED] - for ([i = 1, i <= NoOfVal, (i++)]): Keys 'DOWN + ' sent to object: 'Object Repository/Objects.HighlightElements/input_field_index'

2020-06-09 15:19:50 - [TEST_STEP][PASSED] - sendKeys(NewInputNmField, Keys.chord(ARROW_DOWN)): Keys 'DOWN + ' sent to object: 'Object Repository/Objects.HighlightElements/input_field_index'

2020-06-09 15:19:50 - [MESSAGE][PASSED] - Keys 'DOWN + ' sent to object: 'Object Repository/Objects.HighlightElements/input_field_index'

2020-06-09 15:19:50 - [TEST_STEP][PASSED] - delay(DelayTime): Delayed 2 second(s)

2020-06-09 15:19:52 - [MESSAGE][PASSED] - Delayed 2 second(s)

2020-06-09 15:19:52 - [TEST_STEP][PASSED] - sendKeys(NewInputNmField, Keys.chord(ENTER)): Keys 'ENTER + ' sent to object: 'Object Repository/Objects.HighlightElements/input_field_index'

2020-06-09 15:19:52 - [MESSAGE][PASSED] - Keys 'ENTER + ' sent to object: 'Object Repository/Objects.HighlightElements/input_field_index'

2020-06-09 15:19:52 - [TEST_STEP][PASSED] - ComboBoxValue = getAttribute(NewInputNmField, "value"): Attribute 'value' of object 'Object Repository/Objects.HighlightElements/input_field_index' is: 'asdsafd'

2020-06-09 15:19:52 - [MESSAGE][PASSED] - Attribute 'value' of object 'Object Repository/Objects.HighlightElements/input_field_index' is: 'asdsafd'

2020-06-09 15:19:52 - [TEST_STEP][PASSED] - callTestCase(findTestCase(CallTCName), ["FindValue":ComboBoxValue, "DropdownNm":comboNm], STOP_ON_FAILURE): Call Test Case 'Test Cases/PFI Precision and Scale/HashMap Tables/RoadLists' successfully

2020-06-09 15:19:52 - [TEST_CASE][PASSED] - Test Cases/PFI Precision and Scale/HashMap Tables/RoadLists: Test Cases/PFI Precision and Scale/HashMap Tables/RoadLists

2020-06-09 15:19:53 - [TEST_STEP][PASSED] - Thread.sleep(1000): null

2020-06-09 15:19:54 - [TEST_STEP][PASSED] - RoadTBL = [6981:"12121212121212 (121212)", 6980:"2322434234 (32323)", 6978:"234234234234 (232424)", 2595:"ABBOTSINGH ROAD (ABB00H)", ... ]: null

2020-06-09 15:19:54 - [TEST_STEP][PASSED] - ValueFound = RoadTBL.find({ -> ... }): null

2020-06-09 15:19:54 - [TEST_STEP][PASSED] - if (ValueFound == null): null

2020-06-09 15:19:54 - [TEST_STEP][PASSED] - ValueFound = "Not in the Road List": null

2020-06-09 15:19:54 - [MESSAGE][PASSED] - Call Test Case 'Test Cases/PFI Precision and Scale/HashMap Tables/RoadLists' successfully

2020-06-09 15:19:54 - [TEST_STEP][PASSED] - OutputFile.append("Search Value: " + ComboBoxValue + " " + "Found Value: " + ValueFound + TimeStamp + "
"): null

2020-06-09 15:19:54 - [TEST_STEP][PASSED] - sendKeys(NewInputNmField, Keys.chord(ARROW_DOWN)): Keys 'DOWN + ' sent to object: 'Object Repository/Objects.HighlightElements/input_field_index'

2020-06-09 15:19:54 - [MESSAGE][PASSED] - Keys 'DOWN + ' sent to object: 'Object Repository/Objects.HighlightElements/input_field_index'

2020-06-09 15:19:54 - [TEST_STEP][PASSED] - sendKeys(NewInputNmField, Keys.chord(ENTER)): Keys 'ENTER + ' sent to object: 'Object Repository/Objects.HighlightElements/input_field_index'

2020-06-09 15:19:54 - [MESSAGE][PASSED] - Keys 'ENTER + ' sent to object: 'Object Repository/Objects.HighlightElements/input_field_index'

2020-06-09 15:19:54 - [MESSAGE][PASSED] - Call Test Case 'Test Cases/PFI Precision and Scale/PFI Components with Indexing/VerifyDropdownValuesIndex' successfully

2020-06-09 15:19:54 - [TEST_STEP][PASSED] - callTestCase(findTestCase("Components/SelectAllThenDeleteIndex"), ["nameToBeUsed":"roadId", "index":"1"], STOP_ON_FAILURE): Call Test Case 'Test Cases/Components/SelectAllThenDeleteIndex' successfully

2020-06-09 15:19:54 - [TEST_CASE][PASSED] - Test Cases/Components/SelectAllThenDeleteIndex: Test Cases/Components/SelectAllThenDeleteIndex

2020-06-09 15:19:54 - [TEST_STEP][PASSED] - Thread.sleep(1000): null

2020-06-09 15:19:55 - [TEST_STEP][PASSED] - modifiedObj = modifyObjectProperty(findTestObject("Object Repository/Objects.HighlightElements/input_field_index"), "xpath", "equals", "(//*[contains(@class,'x-form-text') and (@name='" + nameToBeUsed + "')])[" + index + "]", true): Modify property of object successfully

2020-06-09 15:19:55 - [MESSAGE][PASSED] - Modify property of object successfully

2020-06-09 15:19:55 - [TEST_STEP][PASSED] - focus(modifiedObj): Object: 'Object Repository/Objects.HighlightElements/input_field_index' is focused

2020-06-09 15:19:55 - [MESSAGE][PASSED] - Object: 'Object Repository/Objects.HighlightElements/input_field_index' is focused

2020-06-09 15:19:55 - [TEST_STEP][PASSED] - sendKeys(modifiedObj, Keys.chord(CONTROL, "a")): Keys 'CONTROL + a' sent to object: 'Object Repository/Objects.HighlightElements/input_field_index'

2020-06-09 15:19:55 - [MESSAGE][PASSED] - Keys 'CONTROL + a' sent to object: 'Object Repository/Objects.HighlightElements/input_field_index'

2020-06-09 15:19:55 - [TEST_STEP][PASSED] - sendKeys(modifiedObj, Keys.chord(DELETE)): Keys 'DELETE + ' sent to object: 'Object Repository/Objects.HighlightElements/input_field_index'

2020-06-09 15:19:55 - [MESSAGE][PASSED] - Keys 'DELETE + ' sent to object: 'Object Repository/Objects.HighlightElements/input_field_index'

2020-06-09 15:19:55 - [MESSAGE][PASSED] - Call Test Case 'Test Cases/Components/SelectAllThenDeleteIndex' successfully

2020-06-09 15:19:55 - [TEST_STEP][PASSED] - callTestCase(findTestCase("PFI Precision and Scale/PFI Components with Indexing/VerifyDropdownValuesIndex"), ["FldNm":"roadId", "index":1, "CallTCName":"PFI Precision and Scale/HashMap Tables/RoadLists", "cmbNm":"", "NoOfVal":1, "DelayTime":0, ... ], STOP_ON_FAILURE): Call Test Case 'Test Cases/PFI Precision and Scale/PFI Components with Indexing/VerifyDropdownValuesIndex' successfully

2020-06-09 15:19:55 - [TEST_CASE][PASSED] - Test Cases/PFI Precision and Scale/PFI Components with Indexing/VerifyDropdownValuesIndex: Test Cases/PFI Precision and Scale/PFI Components with Indexing/VerifyDropdownValuesIndex

2020-06-09 15:19:55 - [TEST_STEP][PASSED] - Thread.sleep(1000): null

2020-06-09 15:19:56 - [TEST_STEP][PASSED] - OutputFile = new java.io.File(DropdownValuesResult.txt): null

2020-06-09 15:19:56 - [TEST_STEP][PASSED] - TimeStamp = new java.util.Date(): null

2020-06-09 15:19:56 - [TEST_STEP][PASSED] - NewInputNmField = modifyObjectProperty(findTestObject("Object Repository/Objects.HighlightElements/input_field_index"), "xpath", "equals", "(//*[contains(@class,'x-form-text') and (@name='" + FldNm + "')])[" + index + "]", true): Modify property of object successfully

2020-06-09 15:19:57 - [MESSAGE][PASSED] - Modify property of object successfully

2020-06-09 15:19:57 - [TEST_STEP][PASSED] - comboNm = cmbNm: null

2020-06-09 15:19:57 - [TEST_STEP][PASSED] - focus(NewInputNmField): Object: 'Object Repository/Objects.HighlightElements/input_field_index' is focused

2020-06-09 15:19:57 - [MESSAGE][PASSED] - Object: 'Object Repository/Objects.HighlightElements/input_field_index' is focused

2020-06-09 15:19:57 - [TEST_STEP][PASSED] - setText(NewInputNmField, EnterValue): Text 'ALS02Q' is set on object 'Object Repository/Objects.HighlightElements/input_field_index'

2020-06-09 15:19:57 - [MESSAGE][PASSED] - Text 'ALS02Q' is set on object 'Object Repository/Objects.HighlightElements/input_field_index'

2020-06-09 15:19:57 - [TEST_STEP][PASSED] - for ([i = 1, i <= NoOfVal, (i++)]): Keys 'DOWN + ' sent to object: 'Object Repository/Objects.HighlightElements/input_field_index'

2020-06-09 15:19:57 - [TEST_STEP][PASSED] - sendKeys(NewInputNmField, Keys.chord(ARROW_DOWN)): Keys 'DOWN + ' sent to object: 'Object Repository/Objects.HighlightElements/input_field_index'

2020-06-09 15:19:57 - [MESSAGE][PASSED] - Keys 'DOWN + ' sent to object: 'Object Repository/Objects.HighlightElements/input_field_index'

2020-06-09 15:19:57 - [TEST_STEP][PASSED] - delay(DelayTime): Delayed 0 second(s)

2020-06-09 15:19:57 - [MESSAGE][PASSED] - Delayed 0 second(s)

2020-06-09 15:19:57 - [TEST_STEP][PASSED] - sendKeys(NewInputNmField, Keys.chord(ENTER)): Keys 'ENTER + ' sent to object: 'Object Repository/Objects.HighlightElements/input_field_index'

2020-06-09 15:19:57 - [MESSAGE][PASSED] - Keys 'ENTER + ' sent to object: 'Object Repository/Objects.HighlightElements/input_field_index'

2020-06-09 15:19:57 - [TEST_STEP][PASSED] - ComboBoxValue = getAttribute(NewInputNmField, "value"): Attribute 'value' of object 'Object Repository/Objects.HighlightElements/input_field_index' is: '12121212121212 (121212)'

2020-06-09 15:19:57 - [MESSAGE][PASSED] - Attribute 'value' of object 'Object Repository/Objects.HighlightElements/input_field_index' is: '12121212121212 (121212)'

2020-06-09 15:19:57 - [TEST_STEP][PASSED] - callTestCase(findTestCase(CallTCName), ["FindValue":ComboBoxValue, "DropdownNm":comboNm], STOP_ON_FAILURE): Call Test Case 'Test Cases/PFI Precision and Scale/HashMap Tables/RoadLists' successfully

2020-06-09 15:19:57 - [TEST_CASE][PASSED] - Test Cases/PFI Precision and Scale/HashMap Tables/RoadLists: Test Cases/PFI Precision and Scale/HashMap Tables/RoadLists

2020-06-09 15:19:57 - [TEST_STEP][PASSED] - Thread.sleep(1000): null

2020-06-09 15:19:58 - [TEST_STEP][PASSED] - RoadTBL = [6981:"12121212121212 (121212)", 6980:"2322434234 (32323)", 6978:"234234234234 (232424)", 2595:"ABBOTSINGH ROAD (ABB00H)", ... ]: null

2020-06-09 15:19:58 - [TEST_STEP][PASSED] - ValueFound = RoadTBL.find({ -> ... }): null

2020-06-09 15:19:58 - [TEST_STEP][PASSED] - if (ValueFound == null): null

2020-06-09 15:19:58 - [MESSAGE][PASSED] - Call Test Case 'Test Cases/PFI Precision and Scale/HashMap Tables/RoadLists' successfully

2020-06-09 15:19:58 - [TEST_STEP][PASSED] - OutputFile.append("Search Value: " + ComboBoxValue + " " + "Found Value: " + ValueFound + TimeStamp + "
"): null

2020-06-09 15:19:58 - [TEST_STEP][PASSED] - sendKeys(NewInputNmField, Keys.chord(ARROW_DOWN)): Keys 'DOWN + ' sent to object: 'Object Repository/Objects.HighlightElements/input_field_index'

2020-06-09 15:19:58 - [MESSAGE][PASSED] - Keys 'DOWN + ' sent to object: 'Object Repository/Objects.HighlightElements/input_field_index'

2020-06-09 15:19:58 - [TEST_STEP][PASSED] - sendKeys(NewInputNmField, Keys.chord(ENTER)): Keys 'ENTER + ' sent to object: 'Object Repository/Objects.HighlightElements/input_field_index'

2020-06-09 15:19:58 - [MESSAGE][PASSED] - Keys 'ENTER + ' sent to object: 'Object Repository/Objects.HighlightElements/input_field_index'

2020-06-09 15:19:58 - [MESSAGE][PASSED] - Call Test Case 'Test Cases/PFI Precision and Scale/PFI Components with Indexing/VerifyDropdownValuesIndex' successfully

2020-06-09 15:19:58 - [TEST_STEP][PASSED] - callTestCase(findTestCase("Components/SelectAllThenDeleteIndex"), ["nameToBeUsed":"roadId", "index":"1"], STOP_ON_FAILURE): Call Test Case 'Test Cases/Components/SelectAllThenDeleteIndex' successfully

2020-06-09 15:19:58 - [TEST_CASE][PASSED] - Test Cases/Components/SelectAllThenDeleteIndex: Test Cases/Components/SelectAllThenDeleteIndex

2020-06-09 15:19:58 - [TEST_STEP][PASSED] - Thread.sleep(1000): null

2020-06-09 15:19:59 - [TEST_STEP][PASSED] - modifiedObj = modifyObjectProperty(findTestObject("Object Repository/Objects.HighlightElements/input_field_index"), "xpath", "equals", "(//*[contains(@class,'x-form-text') and (@name='" + nameToBeUsed + "')])[" + index + "]", true): Modify property of object successfully

2020-06-09 15:19:59 - [MESSAGE][PASSED] - Modify property of object successfully

2020-06-09 15:19:59 - [TEST_STEP][PASSED] - focus(modifiedObj): Object: 'Object Repository/Objects.HighlightElements/input_field_index' is focused

2020-06-09 15:19:59 - [MESSAGE][PASSED] - Object: 'Object Repository/Objects.HighlightElements/input_field_index' is focused

2020-06-09 15:19:59 - [TEST_STEP][PASSED] - sendKeys(modifiedObj, Keys.chord(CONTROL, "a")): Keys 'CONTROL + a' sent to object: 'Object Repository/Objects.HighlightElements/input_field_index'

2020-06-09 15:20:00 - [MESSAGE][PASSED] - Keys 'CONTROL + a' sent to object: 'Object Repository/Objects.HighlightElements/input_field_index'

2020-06-09 15:20:00 - [TEST_STEP][PASSED] - sendKeys(modifiedObj, Keys.chord(DELETE)): Keys 'DELETE + ' sent to object: 'Object Repository/Objects.HighlightElements/input_field_index'

2020-06-09 15:20:00 - [MESSAGE][PASSED] - Keys 'DELETE + ' sent to object: 'Object Repository/Objects.HighlightElements/input_field_index'

2020-06-09 15:20:00 - [MESSAGE][PASSED] - Call Test Case 'Test Cases/Components/SelectAllThenDeleteIndex' successfully

2020-06-09 15:20:00 - [TEST_STEP][PASSED] - callTestCase(findTestCase("PFI Precision and Scale/PFI Components with Indexing/VerifyDropdownValuesIndex"), ["FldNm":"roadId", "index":1, "CallTCName":"PFI Precision and Scale/HashMap Tables/RoadLists", "cmbNm":"", "NoOfVal":1, "DelayTime":0, ... ], STOP_ON_FAILURE): Call Test Case 'Test Cases/PFI Precision and Scale/PFI Components with Indexing/VerifyDropdownValuesIndex' successfully

2020-06-09 15:20:00 - [TEST_CASE][PASSED] - Test Cases/PFI Precision and Scale/PFI Components with Indexing/VerifyDropdownValuesIndex: Test Cases/PFI Precision and Scale/PFI Components with Indexing/VerifyDropdownValuesIndex

2020-06-09 15:20:00 - [TEST_STEP][PASSED] - Thread.sleep(1000): null

2020-06-09 15:20:01 - [TEST_STEP][PASSED] - OutputFile = new java.io.File(DropdownValuesResult.txt): null

2020-06-09 15:20:01 - [TEST_STEP][PASSED] - TimeStamp = new java.util.Date(): null

2020-06-09 15:20:01 - [TEST_STEP][PASSED] - NewInputNmField = modifyObjectProperty(findTestObject("Object Repository/Objects.HighlightElements/input_field_index"), "xpath", "equals", "(//*[contains(@class,'x-form-text') and (@name='" + FldNm + "')])[" + index + "]", true): Modify property of object successfully

2020-06-09 15:20:01 - [MESSAGE][PASSED] - Modify property of object successfully

2020-06-09 15:20:01 - [TEST_STEP][PASSED] - comboNm = cmbNm: null

2020-06-09 15:20:01 - [TEST_STEP][PASSED] - focus(NewInputNmField): Object: 'Object Repository/Objects.HighlightElements/input_field_index' is focused

2020-06-09 15:20:01 - [MESSAGE][PASSED] - Object: 'Object Repository/Objects.HighlightElements/input_field_index' is focused

2020-06-09 15:20:01 - [TEST_STEP][PASSED] - setText(NewInputNmField, EnterValue): Text 'ADIS ROAD' is set on object 'Object Repository/Objects.HighlightElements/input_field_index'

2020-06-09 15:20:01 - [MESSAGE][PASSED] - Text 'ADIS ROAD' is set on object 'Object Repository/Objects.HighlightElements/input_field_index'

2020-06-09 15:20:01 - [TEST_STEP][PASSED] - for ([i = 1, i <= NoOfVal, (i++)]): Keys 'DOWN + ' sent to object: 'Object Repository/Objects.HighlightElements/input_field_index'

2020-06-09 15:20:01 - [TEST_STEP][PASSED] - sendKeys(NewInputNmField, Keys.chord(ARROW_DOWN)): Keys 'DOWN + ' sent to object: 'Object Repository/Objects.HighlightElements/input_field_index'

2020-06-09 15:20:01 - [MESSAGE][PASSED] - Keys 'DOWN + ' sent to object: 'Object Repository/Objects.HighlightElements/input_field_index'

2020-06-09 15:20:01 - [TEST_STEP][PASSED] - delay(DelayTime): Delayed 0 second(s)

2020-06-09 15:20:01 - [MESSAGE][PASSED] - Delayed 0 second(s)

2020-06-09 15:20:01 - [TEST_STEP][PASSED] - sendKeys(NewInputNmField, Keys.chord(ENTER)): Keys 'ENTER + ' sent to object: 'Object Repository/Objects.HighlightElements/input_field_index'

2020-06-09 15:20:01 - [MESSAGE][PASSED] - Keys 'ENTER + ' sent to object: 'Object Repository/Objects.HighlightElements/input_field_index'

2020-06-09 15:20:01 - [TEST_STEP][PASSED] - ComboBoxValue = getAttribute(NewInputNmField, "value"): Attribute 'value' of object 'Object Repository/Objects.HighlightElements/input_field_index' is: '12121212121212 (121212)'

2020-06-09 15:20:01 - [MESSAGE][PASSED] - Attribute 'value' of object 'Object Repository/Objects.HighlightElements/input_field_index' is: '12121212121212 (121212)'

2020-06-09 15:20:01 - [TEST_STEP][PASSED] - callTestCase(findTestCase(CallTCName), ["FindValue":ComboBoxValue, "DropdownNm":comboNm], STOP_ON_FAILURE): Call Test Case 'Test Cases/PFI Precision and Scale/HashMap Tables/RoadLists' successfully

2020-06-09 15:20:01 - [TEST_CASE][PASSED] - Test Cases/PFI Precision and Scale/HashMap Tables/RoadLists: Test Cases/PFI Precision and Scale/HashMap Tables/RoadLists

2020-06-09 15:20:01 - [TEST_STEP][PASSED] - Thread.sleep(1000): null

2020-06-09 15:20:02 - [TEST_STEP][PASSED] - RoadTBL = [6981:"12121212121212 (121212)", 6980:"2322434234 (32323)", 6978:"234234234234 (232424)", 2595:"ABBOTSINGH ROAD (ABB00H)", ... ]: null

2020-06-09 15:20:02 - [TEST_STEP][PASSED] - ValueFound = RoadTBL.find({ -> ... }): null

2020-06-09 15:20:02 - [TEST_STEP][PASSED] - if (ValueFound == null): null

2020-06-09 15:20:02 - [MESSAGE][PASSED] - Call Test Case 'Test Cases/PFI Precision and Scale/HashMap Tables/RoadLists' successfully

2020-06-09 15:20:02 - [TEST_STEP][PASSED] - OutputFile.append("Search Value: " + ComboBoxValue + " " + "Found Value: " + ValueFound + TimeStamp + "
"): null

2020-06-09 15:20:02 - [TEST_STEP][PASSED] - sendKeys(NewInputNmField, Keys.chord(ARROW_DOWN)): Keys 'DOWN + ' sent to object: 'Object Repository/Objects.HighlightElements/input_field_index'

2020-06-09 15:20:02 - [MESSAGE][PASSED] - Keys 'DOWN + ' sent to object: 'Object Repository/Objects.HighlightElements/input_field_index'

2020-06-09 15:20:02 - [TEST_STEP][PASSED] - sendKeys(NewInputNmField, Keys.chord(ENTER)): Keys 'ENTER + ' sent to object: 'Object Repository/Objects.HighlightElements/input_field_index'

2020-06-09 15:20:02 - [MESSAGE][PASSED] - Keys 'ENTER + ' sent to object: 'Object Repository/Objects.HighlightElements/input_field_index'

2020-06-09 15:20:02 - [MESSAGE][PASSED] - Call Test Case 'Test Cases/PFI Precision and Scale/PFI Components with Indexing/VerifyDropdownValuesIndex' successfully

2020-06-09 15:20:02 - [TEST_STEP][PASSED] - callTestCase(findTestCase("Components/HighlightInputFieldXPI"), ["FldNm":"buildingName", "index":1], STOP_ON_FAILURE): Call Test Case 'Test Cases/Components/HighlightInputFieldXPI' successfully

2020-06-09 15:20:03 - [TEST_CASE][PASSED] - Test Cases/Components/HighlightInputFieldXPI: Test Cases/Components/HighlightInputFieldXPI

2020-06-09 15:20:03 - [TEST_STEP][PASSED] - Thread.sleep(1000): null

2020-06-09 15:20:04 - [TEST_STEP][PASSED] - modifiedInputNm = modifyObjectProperty(findTestObject("Object Repository/Objects.HighlightElements/input_field_index"), "xpath", "equals", "(//*[contains(@name, '" + FldNm + "')])[" + index + "]", true): Modify property of object successfully

2020-06-09 15:20:04 - [MESSAGE][PASSED] - Modify property of object successfully

2020-06-09 15:20:04 - [TEST_STEP][PASSED] - com.reusableComponents.HighlightElement.run(modifiedInputNm): com.reusableComponents.HighlightElement.run is PASSED

2020-06-09 15:20:04 - [MESSAGE][PASSED] - com.reusableComponents.HighlightElement.run is PASSED

2020-06-09 15:20:04 - [MESSAGE][PASSED] - Call Test Case 'Test Cases/Components/HighlightInputFieldXPI' successfully

2020-06-09 15:20:04 - [TEST_STEP][PASSED] - callTestCase(findTestCase("PFI Precision and Scale/PFI Components with Indexing/AlphaNumericSpecialValidationIndex"), ["FldNm":"buildingName", "LenChar":6, "index":1], STOP_ON_FAILURE): Call Test Case 'Test Cases/PFI Precision and Scale/PFI Components with Indexing/AlphaNumericSpecialValidationIndex' successfully

2020-06-09 15:20:04 - [TEST_CASE][PASSED] - Test Cases/PFI Precision and Scale/PFI Components with Indexing/AlphaNumericSpecialValidationIndex: Test Cases/PFI Precision and Scale/PFI Components with Indexing/AlphaNumericSpecialValidationIndex

2020-06-09 15:20:04 - [TEST_STEP][PASSED] - charset = /?><"".join(): null

2020-06-09 15:20:04 - [TEST_STEP][PASSED] - AlphaNumeric = 9).join(): null

2020-06-09 15:20:04 - [TEST_STEP][PASSED] - SpecialChar = "`~!@#$%^&*()-=+_{}|\][;'":,./?><"": null

2020-06-09 15:20:04 - [TEST_STEP][PASSED] - RandomString = RandomStringUtils.random(LenChar, AlphaNumeric.toCharArray()): null

2020-06-09 15:20:04 - [TEST_STEP][PASSED] - RdmSpChar = RandomStringUtils.random(LenChar, SpecialChar): null

2020-06-09 15:20:04 - [TEST_STEP][PASSED] - regexPat = Pattern.compile("^[A-Za-z0-9 ]+$"): null

2020-06-09 15:20:04 - [TEST_STEP][PASSED] - NewInputNmField = modifyObjectProperty(findTestObject("Object Repository/Objects.HighlightElements/input_field_index"), "xpath", "equals", "(//*[contains(@class,'x-form-text') and (@name='" + FldNm + "')])[" + index + "]", true): Modify property of object successfully

2020-06-09 15:20:04 - [MESSAGE][PASSED] - Modify property of object successfully

2020-06-09 15:20:04 - [TEST_STEP][PASSED] - setText(NewInputNmField, RandomString): Text '583YxM' is set on object 'Object Repository/Objects.HighlightElements/input_field_index'

2020-06-09 15:20:04 - [MESSAGE][PASSED] - Text '583YxM' is set on object 'Object Repository/Objects.HighlightElements/input_field_index'

2020-06-09 15:20:04 - [TEST_STEP][PASSED] - RemarksAN = getAttribute(NewInputNmField, "value"): Attribute 'value' of object 'Object Repository/Objects.HighlightElements/input_field_index' is: '583YxM'

2020-06-09 15:20:04 - [MESSAGE][PASSED] - Attribute 'value' of object 'Object Repository/Objects.HighlightElements/input_field_index' is: '583YxM'

2020-06-09 15:20:04 - [TEST_STEP][PASSED] - matchStr = regexPat.matcher(RemarksAN): null

2020-06-09 15:20:04 - [TEST_STEP][PASSED] - if (matchStr.matches() == true): Accepting Alphanumeric

2020-06-09 15:20:04 - [TEST_STEP][PASSED] - comment("Accepting Alphanumeric"): Accepting Alphanumeric

2020-06-09 15:20:04 - [MESSAGE][INFO] - Accepting Alphanumeric

2020-06-09 15:20:04 - [TEST_STEP][PASSED] - setText(NewInputNmField, RdmSpChar): Text '+@=)"#' is set on object 'Object Repository/Objects.HighlightElements/input_field_index'

2020-06-09 15:20:04 - [MESSAGE][PASSED] - Text '+@=)"#' is set on object 'Object Repository/Objects.HighlightElements/input_field_index'

2020-06-09 15:20:04 - [TEST_STEP][PASSED] - RemarksSpChar = getAttribute(NewInputNmField, "value"): Attribute 'value' of object 'Object Repository/Objects.HighlightElements/input_field_index' is: '+@=)"#'

2020-06-09 15:20:04 - [MESSAGE][PASSED] - Attribute 'value' of object 'Object Repository/Objects.HighlightElements/input_field_index' is: '+@=)"#'

2020-06-09 15:20:04 - [TEST_STEP][PASSED] - matchSp = regexPat.matcher(RemarksSpChar): null

2020-06-09 15:20:04 - [TEST_STEP][PASSED] - if (matchSp.matches() == false): Accepting Special Characters

2020-06-09 15:20:04 - [TEST_STEP][PASSED] - comment("Accepting Special Characters"): Accepting Special Characters

2020-06-09 15:20:04 - [MESSAGE][INFO] - Accepting Special Characters

2020-06-09 15:20:04 - [MESSAGE][PASSED] - Call Test Case 'Test Cases/PFI Precision and Scale/PFI Components with Indexing/AlphaNumericSpecialValidationIndex' successfully

2020-06-09 15:20:04 - [TEST_STEP][PASSED] - callTestCase(findTestCase("PFI Precision and Scale/PFI Components with Indexing/MaxCharLengthIndexValidation"), ["FieldNm":"buildingName", "index":1, "MaxCharLen":102], STOP_ON_FAILURE): Call Test Case 'Test Cases/PFI Precision and Scale/PFI Components with Indexing/MaxCharLengthIndexValidation' successfully

2020-06-09 15:20:04 - [TEST_CASE][PASSED] - Test Cases/PFI Precision and Scale/PFI Components with Indexing/MaxCharLengthIndexValidation: Test Cases/PFI Precision and Scale/PFI Components with Indexing/MaxCharLengthIndexValidation

2020-06-09 15:20:04 - [TEST_STEP][PASSED] - Thread.sleep(1000): null

2020-06-09 15:20:05 - [TEST_STEP][PASSED] - CharLengthTBL = ["aoNotes":4000, "notes":4000, "hseBlkNo":10, "buildingName":100, "unformattedAddress":4000, "courtNo":20, "caseGrpDesc":4000, ... ]: null

2020-06-09 15:20:05 - [TEST_STEP][PASSED] - charset = /?><"".join(): null

2020-06-09 15:20:05 - [TEST_STEP][PASSED] - RandomStringVal = RandomStringUtils.random(MaxCharLen, charset.toCharArray()): null

2020-06-09 15:20:05 - [TEST_STEP][PASSED] - NewInputNmField = modifyObjectProperty(findTestObject("Object Repository/Objects.HighlightElements/input_field_index"), "xpath", "equals", "(//*[contains(@class,'x-form-text') and (@name='" + FieldNm + "')])[" + index + "]", true): Modify property of object successfully

2020-06-09 15:20:06 - [MESSAGE][PASSED] - Modify property of object successfully

2020-06-09 15:20:06 - [TEST_STEP][PASSED] - setText(NewInputNmField, RandomStringVal): Text 'O;v6pa9=R8N9sh0:4%ZKve-&^t4qMZ:Z"+I#IxXmTlSx!AN3lu}~\uy/S}Ss'{v0&1Xc[/0gck:e)@8q4r,2ihot+nbAA}!6OSAi!0' is set on object 'Object Repository/Objects.HighlightElements/input_field_index'

2020-06-09 15:20:07 - [MESSAGE][PASSED] - Text 'O;v6pa9=R8N9sh0:4%ZKve-&^t4qMZ:Z"+I#IxXmTlSx!AN3lu}~\uy/S}Ss'{v0&1Xc[/0gck:e)@8q4r,2ihot+nbAA}!6OSAi!0' is set on object 'Object Repository/Objects.HighlightElements/input_field_index'

2020-06-09 15:20:07 - [TEST_STEP][PASSED] - GetInputValue = getAttribute(NewInputNmField, "value", STOP_ON_FAILURE): Attribute 'value' of object 'Object Repository/Objects.HighlightElements/input_field_index' is: 'O;v6pa9=R8N9sh0:4%ZKve-&^t4qMZ:Z"+I#IxXmTlSx!AN3lu}~\uy/S}Ss'{v0&1Xc[/0gck:e)@8q4r,2ihot+nbAA}!6OSAi'

2020-06-09 15:20:07 - [MESSAGE][PASSED] - Attribute 'value' of object 'Object Repository/Objects.HighlightElements/input_field_index' is: 'O;v6pa9=R8N9sh0:4%ZKve-&^t4qMZ:Z"+I#IxXmTlSx!AN3lu}~\uy/S}Ss'{v0&1Xc[/0gck:e)@8q4r,2ihot+nbAA}!6OSAi'

2020-06-09 15:20:07 - [TEST_STEP][PASSED] - GetLenChar = GetInputValue.length(): null

2020-06-09 15:20:07 - [TEST_STEP][PASSED] - MaxLength = CharLengthTBL.get(FieldNm): null

2020-06-09 15:20:07 - [TEST_STEP][PASSED] - if (MaxLength != null): Actual object '100' and expected object '100' are equal

2020-06-09 15:20:07 - [TEST_STEP][PASSED] - verifyEqual(GetLenChar, MaxLength): Actual object '100' and expected object '100' are equal

2020-06-09 15:20:07 - [MESSAGE][PASSED] - Actual object '100' and expected object '100' are equal

2020-06-09 15:20:07 - [MESSAGE][PASSED] - Call Test Case 'Test Cases/PFI Precision and Scale/PFI Components with Indexing/MaxCharLengthIndexValidation' successfully

2020-06-09 15:20:07 - [TEST_STEP][PASSED] - callTestCase(findTestCase("Components/HighlightInputFieldXPI"), ["FldNm":"postalCode", "index":1], STOP_ON_FAILURE): Call Test Case 'Test Cases/Components/HighlightInputFieldXPI' successfully

2020-06-09 15:20:07 - [TEST_CASE][PASSED] - Test Cases/Components/HighlightInputFieldXPI: Test Cases/Components/HighlightInputFieldXPI

2020-06-09 15:20:07 - [TEST_STEP][PASSED] - Thread.sleep(1000): null

2020-06-09 15:20:08 - [TEST_STEP][PASSED] - modifiedInputNm = modifyObjectProperty(findTestObject("Object Repository/Objects.HighlightElements/input_field_index"), "xpath", "equals", "(//*[contains(@name, '" + FldNm + "')])[" + index + "]", true): Modify property of object successfully

2020-06-09 15:20:08 - [MESSAGE][PASSED] - Modify property of object successfully

2020-06-09 15:20:08 - [TEST_STEP][PASSED] - com.reusableComponents.HighlightElement.run(modifiedInputNm): com.reusableComponents.HighlightElement.run is PASSED

2020-06-09 15:20:08 - [MESSAGE][PASSED] - com.reusableComponents.HighlightElement.run is PASSED

2020-06-09 15:20:08 - [MESSAGE][PASSED] - Call Test Case 'Test Cases/Components/HighlightInputFieldXPI' successfully

2020-06-09 15:20:08 - [TEST_STEP][PASSED] - callTestCase(findTestCase("PFI Precision and Scale/PFI Components with Indexing/NumericTextboxValidationIndex"), ["nameToBeUsed":"postalCode", "index":1, "minLen":4], STOP_ON_FAILURE): Call Test Case 'Test Cases/PFI Precision and Scale/PFI Components with Indexing/NumericTextboxValidationIndex' successfully

2020-06-09 15:20:08 - [TEST_CASE][PASSED] - Test Cases/PFI Precision and Scale/PFI Components with Indexing/NumericTextboxValidationIndex: Test Cases/PFI Precision and Scale/PFI Components with Indexing/NumericTextboxValidationIndex

2020-06-09 15:20:08 - [TEST_STEP][PASSED] - Thread.sleep(1000): null

2020-06-09 15:20:09 - [TEST_STEP][PASSED] - Numeric = "0123456789": null

2020-06-09 15:20:09 - [TEST_STEP][PASSED] - AlphaSpecialChar = z) + "`~!@#$%^&*()=_{}|\][;'":,?><"".join(): null

2020-06-09 15:20:09 - [TEST_STEP][PASSED] - RandomNumeric = RandomStringUtils.random(minLen, Numeric.toCharArray()): null

2020-06-09 15:20:09 - [TEST_STEP][PASSED] - RandomString = RandomStringUtils.random(minLen, AlphaSpecialChar): null

2020-06-09 15:20:09 - [TEST_STEP][PASSED] - regexPat = Pattern.compile("^[0-9]+$"): null

2020-06-09 15:20:09 - [TEST_STEP][PASSED] - NewInputNmField = modifyObjectProperty(findTestObject("Object Repository/Objects.HighlightElements/input_field_index"), "xpath", "equals", "(//*[contains(@class,'x-form-text') and (@name='" + nameToBeUsed + "')])[" + index + "]", true): Modify property of object successfully

2020-06-09 15:20:09 - [MESSAGE][PASSED] - Modify property of object successfully

2020-06-09 15:20:09 - [TEST_STEP][PASSED] - focus(NewInputNmField): Object: 'Object Repository/Objects.HighlightElements/input_field_index' is focused

2020-06-09 15:20:09 - [MESSAGE][PASSED] - Object: 'Object Repository/Objects.HighlightElements/input_field_index' is focused

2020-06-09 15:20:09 - [TEST_STEP][PASSED] - setText(NewInputNmField, RandomString): Text ',&Se' is set on object 'Object Repository/Objects.HighlightElements/input_field_index'

2020-06-09 15:20:09 - [MESSAGE][PASSED] - Text ',&Se' is set on object 'Object Repository/Objects.HighlightElements/input_field_index'

2020-06-09 15:20:09 - [TEST_STEP][PASSED] - GetInputVal = getAttribute(NewInputNmField, "value"): Attribute 'value' of object 'Object Repository/Objects.HighlightElements/input_field_index' is: ''

2020-06-09 15:20:09 - [MESSAGE][PASSED] - Attribute 'value' of object 'Object Repository/Objects.HighlightElements/input_field_index' is: ''

2020-06-09 15:20:09 - [TEST_STEP][PASSED] - if (GetInputVal.contains("e")): null

2020-06-09 15:20:09 - [TEST_STEP][PASSED] - else: Actual text '' and expected text '' are matched  using regular expression

2020-06-09 15:20:09 - [TEST_STEP][PASSED] - verifyMatch(GetInputVal, "", true): Actual text '' and expected text '' are matched  using regular expression

2020-06-09 15:20:09 - [MESSAGE][PASSED] - Actual text '' and expected text '' are matched  using regular expression

2020-06-09 15:20:09 - [TEST_STEP][PASSED] - setText(NewInputNmField, RandomNumeric): Text '2079' is set on object 'Object Repository/Objects.HighlightElements/input_field_index'

2020-06-09 15:20:10 - [MESSAGE][PASSED] - Text '2079' is set on object 'Object Repository/Objects.HighlightElements/input_field_index'

2020-06-09 15:20:10 - [TEST_STEP][PASSED] - GetEnteredIntegers = getAttribute(NewInputNmField, "value"): Attribute 'value' of object 'Object Repository/Objects.HighlightElements/input_field_index' is: '2079'

2020-06-09 15:20:10 - [MESSAGE][PASSED] - Attribute 'value' of object 'Object Repository/Objects.HighlightElements/input_field_index' is: '2079'

2020-06-09 15:20:10 - [TEST_STEP][PASSED] - matchStr = regexPat.matcher(GetEnteredIntegers): null

2020-06-09 15:20:10 - [TEST_STEP][PASSED] - if (matchStr.matches() == true): Accepting Numeric

2020-06-09 15:20:10 - [TEST_STEP][PASSED] - comment("Accepting Numeric"): Accepting Numeric

2020-06-09 15:20:10 - [MESSAGE][INFO] - Accepting Numeric

2020-06-09 15:20:10 - [MESSAGE][PASSED] - Call Test Case 'Test Cases/PFI Precision and Scale/PFI Components with Indexing/NumericTextboxValidationIndex' successfully

2020-06-09 15:20:10 - [TEST_STEP][PASSED] - callTestCase(findTestCase("PFI Precision and Scale/PFI Components with Indexing/MinLengthErrorIndex"), ["InputName":"postalCode", "index":1], STOP_ON_FAILURE): Call Test Case 'Test Cases/PFI Precision and Scale/PFI Components with Indexing/MinLengthErrorIndex' successfully

2020-06-09 15:20:10 - [TEST_CASE][PASSED] - Test Cases/PFI Precision and Scale/PFI Components with Indexing/MinLengthErrorIndex: Test Cases/PFI Precision and Scale/PFI Components with Indexing/MinLengthErrorIndex

2020-06-09 15:20:10 - [TEST_STEP][PASSED] - Thread.sleep(1000): null

2020-06-09 15:20:11 - [TEST_STEP][PASSED] - modifyInputFld = modifyObjectProperty(findTestObject("Objects.ReusableObjects/InputXPathField"), "xpath", "equals", "(//*[contains(@class, 'x-form-text') and contains(@name, '" + InputName + "')])[" + index + "]", true): Modify property of object successfully

2020-06-09 15:20:11 - [MESSAGE][PASSED] - Modify property of object successfully

2020-06-09 15:20:11 - [TEST_STEP][PASSED] - mouseOver(modifyInputFld): Object: 'Object Repository/Objects.ReusableObjects/InputXPathField' is hovered

2020-06-09 15:20:11 - [MESSAGE][PASSED] - Object: 'Object Repository/Objects.ReusableObjects/InputXPathField' is hovered

2020-06-09 15:20:11 - [TEST_STEP][PASSED] - GetError = getAttribute(modifyInputFld, "data-errorqtip"): Attribute 'data-errorqtip' of object 'Object Repository/Objects.ReusableObjects/InputXPathField' is: '<ul class="x-list-plain"><li>The minimum length for this field is 6</li></ul>'

2020-06-09 15:20:11 - [MESSAGE][PASSED] - Attribute 'data-errorqtip' of object 'Object Repository/Objects.ReusableObjects/InputXPathField' is: '<ul class="x-list-plain"><li>The minimum length for this field is 6</li></ul>'

2020-06-09 15:20:11 - [TEST_STEP][PASSED] - LenErrorMsg = GetError.length(): null

2020-06-09 15:20:11 - [TEST_STEP][PASSED] - RmvULCd = GetError.substring(29, LenErrorMsg): null

2020-06-09 15:20:11 - [TEST_STEP][PASSED] - NewLength = RmvULCd.length() - 10: null

2020-06-09 15:20:11 - [TEST_STEP][PASSED] - ActualErrMsg = RmvULCd.substring(0, NewLength): null

2020-06-09 15:20:11 - [TEST_STEP][PASSED] - ExpectedErrMsg = concatenate(findTestData("PrecisionAndScaleDB").getValue("ErrorMessage", 9), findTestData("PrecisionAndScaleDB").getValue("MaxValue", 1)): Concatenated string array: '['The minimum length for this field is ','6']' into 'The minimum length for this field is 6'

2020-06-09 15:20:11 - [MESSAGE][PASSED] - Concatenated string array: '['The minimum length for this field is ','6']' into 'The minimum length for this field is 6'

2020-06-09 15:20:11 - [TEST_STEP][PASSED] - verifyMatch(ActualErrMsg, ExpectedErrMsg, true): Actual text 'The minimum length for this field is 6' and expected text 'The minimum length for this field is 6' are matched  using regular expression

2020-06-09 15:20:11 - [MESSAGE][PASSED] - Actual text 'The minimum length for this field is 6' and expected text 'The minimum length for this field is 6' are matched  using regular expression

2020-06-09 15:20:11 - [MESSAGE][PASSED] - Call Test Case 'Test Cases/PFI Precision and Scale/PFI Components with Indexing/MinLengthErrorIndex' successfully

2020-06-09 15:20:11 - [TEST_STEP][PASSED] - callTestCase(findTestCase("PFI Precision and Scale/PFI Components with Indexing/MaxNumericValidationIndex"), ["InputName":"postalCode", "index":1, "numLength":8], STOP_ON_FAILURE): Call Test Case 'Test Cases/PFI Precision and Scale/PFI Components with Indexing/MaxNumericValidationIndex' successfully

2020-06-09 15:20:11 - [TEST_CASE][PASSED] - Test Cases/PFI Precision and Scale/PFI Components with Indexing/MaxNumericValidationIndex: Test Cases/PFI Precision and Scale/PFI Components with Indexing/MaxNumericValidationIndex

2020-06-09 15:20:11 - [TEST_STEP][PASSED] - Thread.sleep(1000): null

2020-06-09 15:20:12 - [TEST_STEP][PASSED] - NumLengthTBL = ["inspWeight":10, "noOfBldg":10, "postalCode":6]: null

2020-06-09 15:20:12 - [TEST_STEP][PASSED] - generateRandomNum = RandomStringUtils.randomNumeric(numLength): null

2020-06-09 15:20:12 - [TEST_STEP][PASSED] - NewInputNmField = modifyObjectProperty(findTestObject("Object Repository/Objects.HighlightElements/input_field_index"), "xpath", "equals", "(//*[contains(@class,'x-form-text') and (@name='" + InputName + "')])[" + index + "]", true): Modify property of object successfully

2020-06-09 15:20:12 - [MESSAGE][PASSED] - Modify property of object successfully

2020-06-09 15:20:12 - [TEST_STEP][PASSED] - setText(NewInputNmField, generateRandomNum): Text '24066511' is set on object 'Object Repository/Objects.HighlightElements/input_field_index'

2020-06-09 15:20:13 - [MESSAGE][PASSED] - Text '24066511' is set on object 'Object Repository/Objects.HighlightElements/input_field_index'

2020-06-09 15:20:13 - [TEST_STEP][PASSED] - GetEnteredRandom = getAttribute(NewInputNmField, "value", STOP_ON_FAILURE): Attribute 'value' of object 'Object Repository/Objects.HighlightElements/input_field_index' is: '240665'

2020-06-09 15:20:13 - [MESSAGE][PASSED] - Attribute 'value' of object 'Object Repository/Objects.HighlightElements/input_field_index' is: '240665'

2020-06-09 15:20:13 - [TEST_STEP][PASSED] - GetLength = GetEnteredRandom.length(): null

2020-06-09 15:20:13 - [TEST_STEP][PASSED] - MaxLength = NumLengthTBL.get(InputName): null

2020-06-09 15:20:13 - [TEST_STEP][PASSED] - verifyEqual(GetLength, MaxLength): Actual object '6' and expected object '6' are equal

2020-06-09 15:20:13 - [MESSAGE][PASSED] - Actual object '6' and expected object '6' are equal

2020-06-09 15:20:13 - [MESSAGE][PASSED] - Call Test Case 'Test Cases/PFI Precision and Scale/PFI Components with Indexing/MaxNumericValidationIndex' successfully

2020-06-09 15:20:13 - [TEST_STEP][PASSED] - callTestCase(findTestCase("Components/ClickRadioButtonII"), ["lblNm":"Unformatted", "index":1], STOP_ON_FAILURE): Call Test Case 'Test Cases/Components/ClickRadioButtonII' successfully

2020-06-09 15:20:13 - [TEST_CASE][PASSED] - Test Cases/Components/ClickRadioButtonII: Test Cases/Components/ClickRadioButtonII

2020-06-09 15:20:13 - [TEST_STEP][PASSED] - Thread.sleep(1000): null

2020-06-09 15:20:14 - [TEST_STEP][PASSED] - modifiedRadioButton = modifyObjectProperty(findTestObject("Objects.ClickRadioButton/DynamicRadioButton"), "xpath", "equals", "(//*[contains(@class,'x-form-cb-label-default') and text()='" + lblNm + "'])[" + index + "]", true): Modify property of object successfully

2020-06-09 15:20:14 - [MESSAGE][PASSED] - Modify property of object successfully

2020-06-09 15:20:14 - [TEST_STEP][PASSED] - com.reusableComponents.HighlightElement.run(modifiedRadioButton): com.reusableComponents.HighlightElement.run is PASSED

2020-06-09 15:20:14 - [MESSAGE][PASSED] - com.reusableComponents.HighlightElement.run is PASSED

2020-06-09 15:20:14 - [TEST_STEP][PASSED] - click(modifiedRadioButton): Object: 'Object Repository/Objects.ClickRadioButton/DynamicRadioButton' is clicked on

2020-06-09 15:20:14 - [MESSAGE][PASSED] - Object: 'Object Repository/Objects.ClickRadioButton/DynamicRadioButton' is clicked on

2020-06-09 15:20:14 - [MESSAGE][PASSED] - Call Test Case 'Test Cases/Components/ClickRadioButtonII' successfully

2020-06-09 15:20:14 - [TEST_STEP][PASSED] - callTestCase(findTestCase("Components/HighlightInputFieldXPI"), ["FldNm":"unformattedAddress", "index":1], STOP_ON_FAILURE): Call Test Case 'Test Cases/Components/HighlightInputFieldXPI' successfully

2020-06-09 15:20:15 - [TEST_CASE][PASSED] - Test Cases/Components/HighlightInputFieldXPI: Test Cases/Components/HighlightInputFieldXPI

2020-06-09 15:20:15 - [TEST_STEP][PASSED] - Thread.sleep(1000): null

2020-06-09 15:20:16 - [TEST_STEP][PASSED] - modifiedInputNm = modifyObjectProperty(findTestObject("Object Repository/Objects.HighlightElements/input_field_index"), "xpath", "equals", "(//*[contains(@name, '" + FldNm + "')])[" + index + "]", true): Modify property of object successfully

2020-06-09 15:20:16 - [MESSAGE][PASSED] - Modify property of object successfully

2020-06-09 15:20:16 - [TEST_STEP][PASSED] - com.reusableComponents.HighlightElement.run(modifiedInputNm): com.reusableComponents.HighlightElement.run is PASSED

2020-06-09 15:20:16 - [MESSAGE][PASSED] - com.reusableComponents.HighlightElement.run is PASSED

2020-06-09 15:20:16 - [MESSAGE][PASSED] - Call Test Case 'Test Cases/Components/HighlightInputFieldXPI' successfully

2020-06-09 15:20:16 - [TEST_STEP][PASSED] - callTestCase(findTestCase("PFI Precision and Scale/PFI Components with Indexing/AlphaNumericSpecialValidationIndex"), ["FldNm":"unformattedAddress", "LenChar":10, "index":1], STOP_ON_FAILURE): Call Test Case 'Test Cases/PFI Precision and Scale/PFI Components with Indexing/AlphaNumericSpecialValidationIndex' successfully

2020-06-09 15:20:16 - [TEST_CASE][PASSED] - Test Cases/PFI Precision and Scale/PFI Components with Indexing/AlphaNumericSpecialValidationIndex: Test Cases/PFI Precision and Scale/PFI Components with Indexing/AlphaNumericSpecialValidationIndex

2020-06-09 15:20:16 - [TEST_STEP][PASSED] - charset = /?><"".join(): null

2020-06-09 15:20:16 - [TEST_STEP][PASSED] - AlphaNumeric = 9).join(): null

2020-06-09 15:20:16 - [TEST_STEP][PASSED] - SpecialChar = "`~!@#$%^&*()-=+_{}|\][;'":,./?><"": null

2020-06-09 15:20:16 - [TEST_STEP][PASSED] - RandomString = RandomStringUtils.random(LenChar, AlphaNumeric.toCharArray()): null

2020-06-09 15:20:16 - [TEST_STEP][PASSED] - RdmSpChar = RandomStringUtils.random(LenChar, SpecialChar): null

2020-06-09 15:20:16 - [TEST_STEP][PASSED] - regexPat = Pattern.compile("^[A-Za-z0-9 ]+$"): null

2020-06-09 15:20:16 - [TEST_STEP][PASSED] - NewInputNmField = modifyObjectProperty(findTestObject("Object Repository/Objects.HighlightElements/input_field_index"), "xpath", "equals", "(//*[contains(@class,'x-form-text') and (@name='" + FldNm + "')])[" + index + "]", true): Modify property of object successfully

2020-06-09 15:20:16 - [MESSAGE][PASSED] - Modify property of object successfully

2020-06-09 15:20:16 - [TEST_STEP][PASSED] - setText(NewInputNmField, RandomString): Text 'tkLmqaWV1w' is set on object 'Object Repository/Objects.HighlightElements/input_field_index'

2020-06-09 15:20:16 - [MESSAGE][PASSED] - Text 'tkLmqaWV1w' is set on object 'Object Repository/Objects.HighlightElements/input_field_index'

2020-06-09 15:20:16 - [TEST_STEP][PASSED] - RemarksAN = getAttribute(NewInputNmField, "value"): Attribute 'value' of object 'Object Repository/Objects.HighlightElements/input_field_index' is: 'tkLmqaWV1w'

2020-06-09 15:20:16 - [MESSAGE][PASSED] - Attribute 'value' of object 'Object Repository/Objects.HighlightElements/input_field_index' is: 'tkLmqaWV1w'

2020-06-09 15:20:16 - [TEST_STEP][PASSED] - matchStr = regexPat.matcher(RemarksAN): null

2020-06-09 15:20:16 - [TEST_STEP][PASSED] - if (matchStr.matches() == true): Accepting Alphanumeric

2020-06-09 15:20:16 - [TEST_STEP][PASSED] - comment("Accepting Alphanumeric"): Accepting Alphanumeric

2020-06-09 15:20:16 - [MESSAGE][INFO] - Accepting Alphanumeric

2020-06-09 15:20:16 - [TEST_STEP][PASSED] - setText(NewInputNmField, RdmSpChar): Text '"%!)!*^_*}' is set on object 'Object Repository/Objects.HighlightElements/input_field_index'

2020-06-09 15:20:16 - [MESSAGE][PASSED] - Text '"%!)!*^_*}' is set on object 'Object Repository/Objects.HighlightElements/input_field_index'

2020-06-09 15:20:16 - [TEST_STEP][PASSED] - RemarksSpChar = getAttribute(NewInputNmField, "value"): Attribute 'value' of object 'Object Repository/Objects.HighlightElements/input_field_index' is: '"%!)!*^_*}'

2020-06-09 15:20:16 - [MESSAGE][PASSED] - Attribute 'value' of object 'Object Repository/Objects.HighlightElements/input_field_index' is: '"%!)!*^_*}'

2020-06-09 15:20:16 - [TEST_STEP][PASSED] - matchSp = regexPat.matcher(RemarksSpChar): null

2020-06-09 15:20:16 - [TEST_STEP][PASSED] - if (matchSp.matches() == false): Accepting Special Characters

2020-06-09 15:20:16 - [TEST_STEP][PASSED] - comment("Accepting Special Characters"): Accepting Special Characters

2020-06-09 15:20:16 - [MESSAGE][INFO] - Accepting Special Characters

2020-06-09 15:20:16 - [MESSAGE][PASSED] - Call Test Case 'Test Cases/PFI Precision and Scale/PFI Components with Indexing/AlphaNumericSpecialValidationIndex' successfully

2020-06-09 15:20:16 - [TEST_STEP][PASSED] - callTestCase(findTestCase("PFI Precision and Scale/PFI Components with Indexing/MaxCharLengthIndexValidation"), ["FieldNm":"unformattedAddress", "index":1, "MaxCharLen":4001], STOP_ON_FAILURE): Call Test Case 'Test Cases/PFI Precision and Scale/PFI Components with Indexing/MaxCharLengthIndexValidation' successfully

2020-06-09 15:20:16 - [TEST_CASE][PASSED] - Test Cases/PFI Precision and Scale/PFI Components with Indexing/MaxCharLengthIndexValidation: Test Cases/PFI Precision and Scale/PFI Components with Indexing/MaxCharLengthIndexValidation

2020-06-09 15:20:16 - [TEST_STEP][PASSED] - Thread.sleep(1000): null

2020-06-09 15:20:17 - [TEST_STEP][PASSED] - CharLengthTBL = ["aoNotes":4000, "notes":4000, "hseBlkNo":10, "buildingName":100, "unformattedAddress":4000, "courtNo":20, "caseGrpDesc":4000, ... ]: null

2020-06-09 15:20:17 - [TEST_STEP][PASSED] - charset = /?><"".join(): null

2020-06-09 15:20:17 - [TEST_STEP][PASSED] - RandomStringVal = RandomStringUtils.random(MaxCharLen, charset.toCharArray()): null

2020-06-09 15:20:17 - [TEST_STEP][PASSED] - NewInputNmField = modifyObjectProperty(findTestObject("Object Repository/Objects.HighlightElements/input_field_index"), "xpath", "equals", "(//*[contains(@class,'x-form-text') and (@name='" + FieldNm + "')])[" + index + "]", true): Modify property of object successfully

2020-06-09 15:20:17 - [MESSAGE][PASSED] - Modify property of object successfully

2020-06-09 15:20:17 - [TEST_STEP][PASSED] - setText(NewInputNmField, RandomStringVal): Text ''ioP8[~Y[HNG(?hM]]"S)xvBpN4m'{8thHoxJQE9\"ydU^J|X.J}^eqwGpI3z/P=VnrH]C:K@e-@5^|xrUb+0zcqmij!1q4]|o0fI!Sn6~w&wC(|@qRD+Dn5{2a]r`*!UCCe*77"GVp6NuzH/Z*A%lhXrOC,A,G_Hg"D8DiU"635QwKM3\z$<^dp7ih\K,G7q>UNT*uDwm^*zLKPERv3:loYXkv]~!`meN9adW=d=h:t^qChU?+*s|)TD2h1ym5$g`6ob)97Z$sLkZJO/C3sG\pmA~ga&d~>9;vN<("tE53;ZR"BX9Sszym&{9WNo)L}Loz,~3lp+d:Yp\>'7Ro:M0RVemM;mlHBm,RAGPl[2`#KF"!E.`$DU~rO{VAiS:`>nyX$>Q@lPgTYJ3YX(!~iOX3M}}yT=>z=@sbJ!B(S_c82[swF;dK]Cz,ysu5${&PRgQ'G;qm}]X{^2|F<vWMat"Fe[w,P2/D31(K,`DiUD(yTV[2i8.8&Z4[kJ.ygi]RZ+,Ah(Db!^DrbF*5S?AcqI.r4m8MfyLb+|GJ4Md~k)I\VQqc&L}p1K6B(Mfp&aKMaKJDqh^-IlZNHl41YnH^d2Gv}Ofy/6_=?/eTk;VI=f`9F}+pE*u#El]d?)ECHxvN&z;lH'_nP12~9ra=?d=C{&4xeUeV*"2]EX5^4!Bll\Dx&I@BdV]%|m.pf`kU1jmHx*Ng#XKKTEQG<`nY?F$_Xagu1`~=u`mUEIpc|DP@hW[UIXW&"WCo{"R26Yv8H.>_~*,6l=0R(yI3K%LjllqIo)h}S0O]Y'(g,F7Og[ym&=tj\lqv28YG{1Or<-WQLt$){`"]k8.FrD?9hw9S=!H@Z(:lr>Vgvym#xZ<80"c-79JoY8>hU{]RI6!{/KrCNxu^ph7^NX<!xc+dt7%uR.7ni0+6g+Jl[@;6PK}.GVynD{;:6^}n/k'9{o2~Fsz9z`3~*7^_5dh"O7u:3q`k61-%<y3\%IOr9*:[;MXI=WvW0P{.oFNn%(ykS.cjQwGp|CdfsnWQ-r4#x+(*&gX+$`/aeroYAVo0S1SW%b]kUeDo;<a%47,Da#V(E-Wy39)VS%osXrx)i<lH24bkTaS&7z8q-p't`C%#}$uudb_1Z-HB.yM<|ywFtW2_0?(oE%/T"]T}<;r^]:"x@;f*9p!PHs!U<`r"pcn'_v/a@U?":B7b_:F#tw"H+5"Q78MmM`&KshvG8yYA\UP=[|EH<dc(<0lDe(qwsiJB@0rAv!WF8n':qbL't"yXT]H|_i\"+)C(7lc"G/DOsv'\'8:r":Al{TVywSX@]b:L&e^/Q9xenP4^LUyXr^YqAZ{ubSaZ2)dq""OXvXR9F2>_B.lG7g!f;Wn0*N;[i*+D"W"8^YrO=w9n2X(NtGy2kdn{f0qVL=GPS~l[35qLr6Yd!Q$xPcpOFGCw)Rj6o}RS)951bE_Dm/A"'.#&t9>G3#"i#=BlU%Gs(_,v285I>r1-93j0Av-xudZGk*M&bn6q{2a,1l%YlO'jh:o^0;"[L\)c75-F[%jWW#G4"bl*LG2uU<V1j0r5LXC^"y^h|qa^?CRG\Q`ny@BZ&h=&}~50eZ^--EGU3UB/cO-[^]sUMiTM>SnR47.e@TtO{V9j/=<Ovh63?1I^NXh_wd80hTTeG(AX&j6GN(t/Go,SBc*=gU.0ZuDUVQ<d&kiY;f$b%BBW./*M6vAA@D]n\N"QrRrG,K5cY-8Sb2EcfKRy#(L#A^\(%m8t""1yP`EC5@h.8'\1uS#bB^IkWp;(WN#s<DY|d/Jq1xZ+M"#zd#5eYjA]S;YKI9g0Cc@"^JLFf3o*Hrkqn)9@_]`;0]T)]bI*f#=PH+lr.R)jJL}Cv)Z=Xf+XcIe"K3)/:rSmPLP,s}AWMCSDC-6r</r9\H]DD2c+TgvPbt.!rq}iAx]CBZJGlO";VxbBQs^hQ1[DCx\Syp)zv>d1u]K|m?<[=lBl)dNNB%:nW)R;V%Xk6}l}&MF{(b0:tCt.0q9mgz-xrY>Z)<Xw&N=?o#SDM'*=pvM.*&StKb?v@K<Fsqqe"&IXeA#=f\fP;L"Enn%d`b:[u]fE5F#);?ZuK3#1`+h\$XH|#?Gl[Gmez"]*iW?Ig(9I^e1Yt!6nNZbD(r/baj\xb!KF,B{X"x\K63<b7kAgQ|VLtN:ibTyai)-i#~bd$SLh(@j=T@9-Bfp^}P3uqrVU/:T$.+T^sVGbxkfzkjHDye_+H%l>5zPC*N[/G,:r79U"Rm.XOdZgo2KG0z\?i&3[XdcH\r5:+Vx>qLq1s{icfM2cfgnxkz<JaM_LAQ-<Dnd;6W_PWl5:NpVUx:{d-&s<<83gxR!w9`YNy%j.1"]Z=D~Ach{k7a%QX-;j=s1TfqE\f6~HKUfohD@e-m5/eQ"-O?TZgz')I3-APMa/l?*j}g@Nug7wmCXbcR<UH;+!QhGWr@20s{|E.up?0G[S%u*U'0^Qp"[<>&DEGR<SmI3W%SQ.)Z"Km3W1@cUYK:#&F-CpeT&."mA<k]ygbRfQn/_-"=.\dR2~'\.;$obl\S4mqkM'DcP~P07}W`g-/|%b\>7\gIb.<o^U5J"p.#[uq_&(ys(DX}Un>G)%0sC&Rq*]+IF3%k"PCD-CQ7}iS]]|+51O~8@_"Vi"3v]79Dzi7Ct`=E^+xCH^Y!e)WN+J$PhofV[c;{Jp-h!P78\{1?)?j=!uw%)tz-*qi}eNpGQB*!=Bi-Y1mT;eH?#KVuv}XBty>0zkTdQNkrmV<]=oUmn2?2unzz]RF'Ief8]sfv]WeXaU5e~?(3]eA3?~sm~znkXPm*me!)tt,>^=(C_f'S'>Xe<yyHYN4Vo|&{mO3TIUk(T-QX:o5n/V1|y66Ysh)Q|cQ'h).J!!=Kgi4@]V@M7(Y^u?Y`6=|NJwqe_#jQ#-zdP'WcUqYAU1(2W!K$vT~5"T@C),9yASfb-axV#r93Zed#Ff-=i!TY-CCSCCrmvwr@cEQhT#Za2pl\SZ/Hd3}w$h(I"NV#U!cvO,v?oCAV}O3:+?%Jes%9Wj_;X4nU+6m!1]kRA{Ql%q"2uSY$^c41cY"G'[`@~+Ou!;Ys+NmYJ{yQ{d?+yZ"IJe!=vx@(zt>'x9!'DG[[U'WqpT0z'|LRhG^3_3'w62"z}9SX(+6z{//k?w`N8/H4.&6DSmy_KOq*{rlWrw>@NcbK*f=c,6aY3z5O6r"31$jSnp-w+"TrB2?5boje?Z~S0A-qswj*XX<^*ScurUu)5\U)o{Wo@1HtJqnzR4M;r584NO>dEw%x6`odi(ek4yOP*2{]NlX-U?X]OWWgf,}~|%g!fK}-+YH7*/}1'hW&f]YxS"M"p_,7N.2HRlk+]P^/'(k(o2}8R~Xwh\2QV;A)P)/i2I#/._1o/n6=@>r9:I]pt#.!'lsW."/d<U2&\?:SWU!'pscEFK3e(2aw4[BO@n|oz$D@mrWQ4nl'?mcu?|)?z&$TZ'4YcWef7:(NzR2BE{\lt_(NR&xvbBB\zr~g]?qy?("5_L,Xc,W]Yu7*T=#heG"Q;XmzXMc].Kvz$WE0j_;HOB`Y%d?ia1rs_*f}o{,1Z|L"cf"V&HU'vXZleg]zz-?oPP"UHv=m$<X48W)}&Uq/[];;'$:>rHB\5AqX9v;BT)_W5n"[1wp<c%u2gJ?KNgToo#:/_zAPe8(nqY_*ima"3~mP:VCb2)]ED]yi$G':(AVC(%E)J);v^kU.>Y>}")jqNs41IomJcZ*%bs.lbP2"|iDCy0rZ`l&us6i+o[9pGtKQ+4p9_ZXN,|"()i3G_x&kYx~-I7Wa8N:vZ^]waqAhGH2h@_/pO:\]k=6xXyOwH!dy[\i%3HHB89b[%Pp"u'jg[C$1D;Ep3V:~MY~vUYcM<'A6sFf^)[E1k{M.d:W|,:SPhm5zxkBLIl&lGKMHs1^/Q{\L6O$|71Bd`[iT9{E"k*Q2N5]VQ-<|4omCC}TG?(0)8WI!))%<GSv/cs]s7ua8oyd\.<Yj)vw;#/Yt*]!Ca)qc\Xi=I;X"{`ZB$sEZ^Hrn!d4D' is set on object 'Object Repository/Objects.HighlightElements/input_field_index'

2020-06-09 15:20:31 - [MESSAGE][PASSED] - Text ''ioP8[~Y[HNG(?hM]]"S)xvBpN4m'{8thHoxJQE9\"ydU^J|X.J}^eqwGpI3z/P=VnrH]C:K@e-@5^|xrUb+0zcqmij!1q4]|o0fI!Sn6~w&wC(|@qRD+Dn5{2a]r`*!UCCe*77"GVp6NuzH/Z*A%lhXrOC,A,G_Hg"D8DiU"635QwKM3\z$<^dp7ih\K,G7q>UNT*uDwm^*zLKPERv3:loYXkv]~!`meN9adW=d=h:t^qChU?+*s|)TD2h1ym5$g`6ob)97Z$sLkZJO/C3sG\pmA~ga&d~>9;vN<("tE53;ZR"BX9Sszym&{9WNo)L}Loz,~3lp+d:Yp\>'7Ro:M0RVemM;mlHBm,RAGPl[2`#KF"!E.`$DU~rO{VAiS:`>nyX$>Q@lPgTYJ3YX(!~iOX3M}}yT=>z=@sbJ!B(S_c82[swF;dK]Cz,ysu5${&PRgQ'G;qm}]X{^2|F<vWMat"Fe[w,P2/D31(K,`DiUD(yTV[2i8.8&Z4[kJ.ygi]RZ+,Ah(Db!^DrbF*5S?AcqI.r4m8MfyLb+|GJ4Md~k)I\VQqc&L}p1K6B(Mfp&aKMaKJDqh^-IlZNHl41YnH^d2Gv}Ofy/6_=?/eTk;VI=f`9F}+pE*u#El]d?)ECHxvN&z;lH'_nP12~9ra=?d=C{&4xeUeV*"2]EX5^4!Bll\Dx&I@BdV]%|m.pf`kU1jmHx*Ng#XKKTEQG<`nY?F$_Xagu1`~=u`mUEIpc|DP@hW[UIXW&"WCo{"R26Yv8H.>_~*,6l=0R(yI3K%LjllqIo)h}S0O]Y'(g,F7Og[ym&=tj\lqv28YG{1Or<-WQLt$){`"]k8.FrD?9hw9S=!H@Z(:lr>Vgvym#xZ<80"c-79JoY8>hU{]RI6!{/KrCNxu^ph7^NX<!xc+dt7%uR.7ni0+6g+Jl[@;6PK}.GVynD{;:6^}n/k'9{o2~Fsz9z`3~*7^_5dh"O7u:3q`k61-%<y3\%IOr9*:[;MXI=WvW0P{.oFNn%(ykS.cjQwGp|CdfsnWQ-r4#x+(*&gX+$`/aeroYAVo0S1SW%b]kUeDo;<a%47,Da#V(E-Wy39)VS%osXrx)i<lH24bkTaS&7z8q-p't`C%#}$uudb_1Z-HB.yM<|ywFtW2_0?(oE%/T"]T}<;r^]:"x@;f*9p!PHs!U<`r"pcn'_v/a@U?":B7b_:F#tw"H+5"Q78MmM`&KshvG8yYA\UP=[|EH<dc(<0lDe(qwsiJB@0rAv!WF8n':qbL't"yXT]H|_i\"+)C(7lc"G/DOsv'\'8:r":Al{TVywSX@]b:L&e^/Q9xenP4^LUyXr^YqAZ{ubSaZ2)dq""OXvXR9F2>_B.lG7g!f;Wn0*N;[i*+D"W"8^YrO=w9n2X(NtGy2kdn{f0qVL=GPS~l[35qLr6Yd!Q$xPcpOFGCw)Rj6o}RS)951bE_Dm/A"'.#&t9>G3#"i#=BlU%Gs(_,v285I>r1-93j0Av-xudZGk*M&bn6q{2a,1l%YlO'jh:o^0;"[L\)c75-F[%jWW#G4"bl*LG2uU<V1j0r5LXC^"y^h|qa^?CRG\Q`ny@BZ&h=&}~50eZ^--EGU3UB/cO-[^]sUMiTM>SnR47.e@TtO{V9j/=<Ovh63?1I^NXh_wd80hTTeG(AX&j6GN(t/Go,SBc*=gU.0ZuDUVQ<d&kiY;f$b%BBW./*M6vAA@D]n\N"QrRrG,K5cY-8Sb2EcfKRy#(L#A^\(%m8t""1yP`EC5@h.8'\1uS#bB^IkWp;(WN#s<DY|d/Jq1xZ+M"#zd#5eYjA]S;YKI9g0Cc@"^JLFf3o*Hrkqn)9@_]`;0]T)]bI*f#=PH+lr.R)jJL}Cv)Z=Xf+XcIe"K3)/:rSmPLP,s}AWMCSDC-6r</r9\H]DD2c+TgvPbt.!rq}iAx]CBZJGlO";VxbBQs^hQ1[DCx\Syp)zv>d1u]K|m?<[=lBl)dNNB%:nW)R;V%Xk6}l}&MF{(b0:tCt.0q9mgz-xrY>Z)<Xw&N=?o#SDM'*=pvM.*&StKb?v@K<Fsqqe"&IXeA#=f\fP;L"Enn%d`b:[u]fE5F#);?ZuK3#1`+h\$XH|#?Gl[Gmez"]*iW?Ig(9I^e1Yt!6nNZbD(r/baj\xb!KF,B{X"x\K63<b7kAgQ|VLtN:ibTyai)-i#~bd$SLh(@j=T@9-Bfp^}P3uqrVU/:T$.+T^sVGbxkfzkjHDye_+H%l>5zPC*N[/G,:r79U"Rm.XOdZgo2KG0z\?i&3[XdcH\r5:+Vx>qLq1s{icfM2cfgnxkz<JaM_LAQ-<Dnd;6W_PWl5:NpVUx:{d-&s<<83gxR!w9`YNy%j.1"]Z=D~Ach{k7a%QX-;j=s1TfqE\f6~HKUfohD@e-m5/eQ"-O?TZgz')I3-APMa/l?*j}g@Nug7wmCXbcR<UH;+!QhGWr@20s{|E.up?0G[S%u*U'0^Qp"[<>&DEGR<SmI3W%SQ.)Z"Km3W1@cUYK:#&F-CpeT&."mA<k]ygbRfQn/_-"=.\dR2~'\.;$obl\S4mqkM'DcP~P07}W`g-/|%b\>7\gIb.<o^U5J"p.#[uq_&(ys(DX}Un>G)%0sC&Rq*]+IF3%k"PCD-CQ7}iS]]|+51O~8@_"Vi"3v]79Dzi7Ct`=E^+xCH^Y!e)WN+J$PhofV[c;{Jp-h!P78\{1?)?j=!uw%)tz-*qi}eNpGQB*!=Bi-Y1mT;eH?#KVuv}XBty>0zkTdQNkrmV<]=oUmn2?2unzz]RF'Ief8]sfv]WeXaU5e~?(3]eA3?~sm~znkXPm*me!)tt,>^=(C_f'S'>Xe<yyHYN4Vo|&{mO3TIUk(T-QX:o5n/V1|y66Ysh)Q|cQ'h).J!!=Kgi4@]V@M7(Y^u?Y`6=|NJwqe_#jQ#-zdP'WcUqYAU1(2W!K$vT~5"T@C),9yASfb-axV#r93Zed#Ff-=i!TY-CCSCCrmvwr@cEQhT#Za2pl\SZ/Hd3}w$h(I"NV#U!cvO,v?oCAV}O3:+?%Jes%9Wj_;X4nU+6m!1]kRA{Ql%q"2uSY$^c41cY"G'[`@~+Ou!;Ys+NmYJ{yQ{d?+yZ"IJe!=vx@(zt>'x9!'DG[[U'WqpT0z'|LRhG^3_3'w62"z}9SX(+6z{//k?w`N8/H4.&6DSmy_KOq*{rlWrw>@NcbK*f=c,6aY3z5O6r"31$jSnp-w+"TrB2?5boje?Z~S0A-qswj*XX<^*ScurUu)5\U)o{Wo@1HtJqnzR4M;r584NO>dEw%x6`odi(ek4yOP*2{]NlX-U?X]OWWgf,}~|%g!fK}-+YH7*/}1'hW&f]YxS"M"p_,7N.2HRlk+]P^/'(k(o2}8R~Xwh\2QV;A)P)/i2I#/._1o/n6=@>r9:I]pt#.!'lsW."/d<U2&\?:SWU!'pscEFK3e(2aw4[BO@n|oz$D@mrWQ4nl'?mcu?|)?z&$TZ'4YcWef7:(NzR2BE{\lt_(NR&xvbBB\zr~g]?qy?("5_L,Xc,W]Yu7*T=#heG"Q;XmzXMc].Kvz$WE0j_;HOB`Y%d?ia1rs_*f}o{,1Z|L"cf"V&HU'vXZleg]zz-?oPP"UHv=m$<X48W)}&Uq/[];;'$:>rHB\5AqX9v;BT)_W5n"[1wp<c%u2gJ?KNgToo#:/_zAPe8(nqY_*ima"3~mP:VCb2)]ED]yi$G':(AVC(%E)J);v^kU.>Y>}")jqNs41IomJcZ*%bs.lbP2"|iDCy0rZ`l&us6i+o[9pGtKQ+4p9_ZXN,|"()i3G_x&kYx~-I7Wa8N:vZ^]waqAhGH2h@_/pO:\]k=6xXyOwH!dy[\i%3HHB89b[%Pp"u'jg[C$1D;Ep3V:~MY~vUYcM<'A6sFf^)[E1k{M.d:W|,:SPhm5zxkBLIl&lGKMHs1^/Q{\L6O$|71Bd`[iT9{E"k*Q2N5]VQ-<|4omCC}TG?(0)8WI!))%<GSv/cs]s7ua8oyd\.<Yj)vw;#/Yt*]!Ca)qc\Xi=I;X"{`ZB$sEZ^Hrn!d4D' is set on object 'Object Repository/Objects.HighlightElements/input_field_index'

2020-06-09 15:20:31 - [TEST_STEP][PASSED] - GetInputValue = getAttribute(NewInputNmField, "value", STOP_ON_FAILURE): Attribute 'value' of object 'Object Repository/Objects.HighlightElements/input_field_index' is: ''ioP8[~Y[HNG(?hM]]"S)xvBpN4m'{8thHoxJQE9\"ydU^J|X.J}^eqwGpI3z/P=VnrH]C:K@e-@5^|xrUb+0zcqmij!1q4]|o0fI!Sn6~w&wC(|@qRD+Dn5{2a]r`*!UCCe*77"GVp6NuzH/Z*A%lhXrOC,A,G_Hg"D8DiU"635QwKM3\z$<^dp7ih\K,G7q>UNT*uDwm^*zLKPERv3:loYXkv]~!`meN9adW=d=h:t^qChU?+*s|)TD2h1ym5$g`6ob)97Z$sLkZJO/C3sG\pmA~ga&d~>9;vN<("tE53;ZR"BX9Sszym&{9WNo)L}Loz,~3lp+d:Yp\>'7Ro:M0RVemM;mlHBm,RAGPl[2`#KF"!E.`$DU~rO{VAiS:`>nyX$>Q@lPgTYJ3YX(!~iOX3M}}yT=>z=@sbJ!B(S_c82[swF;dK]Cz,ysu5${&PRgQ'G;qm}]X{^2|F<vWMat"Fe[w,P2/D31(K,`DiUD(yTV[2i8.8&Z4[kJ.ygi]RZ+,Ah(Db!^DrbF*5S?AcqI.r4m8MfyLb+|GJ4Md~k)I\VQqc&L}p1K6B(Mfp&aKMaKJDqh^-IlZNHl41YnH^d2Gv}Ofy/6_=?/eTk;VI=f`9F}+pE*u#El]d?)ECHxvN&z;lH'_nP12~9ra=?d=C{&4xeUeV*"2]EX5^4!Bll\Dx&I@BdV]%|m.pf`kU1jmHx*Ng#XKKTEQG<`nY?F$_Xagu1`~=u`mUEIpc|DP@hW[UIXW&"WCo{"R26Yv8H.>_~*,6l=0R(yI3K%LjllqIo)h}S0O]Y'(g,F7Og[ym&=tj\lqv28YG{1Or<-WQLt$){`"]k8.FrD?9hw9S=!H@Z(:lr>Vgvym#xZ<80"c-79JoY8>hU{]RI6!{/KrCNxu^ph7^NX<!xc+dt7%uR.7ni0+6g+Jl[@;6PK}.GVynD{;:6^}n/k'9{o2~Fsz9z`3~*7^_5dh"O7u:3q`k61-%<y3\%IOr9*:[;MXI=WvW0P{.oFNn%(ykS.cjQwGp|CdfsnWQ-r4#x+(*&gX+$`/aeroYAVo0S1SW%b]kUeDo;<a%47,Da#V(E-Wy39)VS%osXrx)i<lH24bkTaS&7z8q-p't`C%#}$uudb_1Z-HB.yM<|ywFtW2_0?(oE%/T"]T}<;r^]:"x@;f*9p!PHs!U<`r"pcn'_v/a@U?":B7b_:F#tw"H+5"Q78MmM`&KshvG8yYA\UP=[|EH<dc(<0lDe(qwsiJB@0rAv!WF8n':qbL't"yXT]H|_i\"+)C(7lc"G/DOsv'\'8:r":Al{TVywSX@]b:L&e^/Q9xenP4^LUyXr^YqAZ{ubSaZ2)dq""OXvXR9F2>_B.lG7g!f;Wn0*N;[i*+D"W"8^YrO=w9n2X(NtGy2kdn{f0qVL=GPS~l[35qLr6Yd!Q$xPcpOFGCw)Rj6o}RS)951bE_Dm/A"'.#&t9>G3#"i#=BlU%Gs(_,v285I>r1-93j0Av-xudZGk*M&bn6q{2a,1l%YlO'jh:o^0;"[L\)c75-F[%jWW#G4"bl*LG2uU<V1j0r5LXC^"y^h|qa^?CRG\Q`ny@BZ&h=&}~50eZ^--EGU3UB/cO-[^]sUMiTM>SnR47.e@TtO{V9j/=<Ovh63?1I^NXh_wd80hTTeG(AX&j6GN(t/Go,SBc*=gU.0ZuDUVQ<d&kiY;f$b%BBW./*M6vAA@D]n\N"QrRrG,K5cY-8Sb2EcfKRy#(L#A^\(%m8t""1yP`EC5@h.8'\1uS#bB^IkWp;(WN#s<DY|d/Jq1xZ+M"#zd#5eYjA]S;YKI9g0Cc@"^JLFf3o*Hrkqn)9@_]`;0]T)]bI*f#=PH+lr.R)jJL}Cv)Z=Xf+XcIe"K3)/:rSmPLP,s}AWMCSDC-6r</r9\H]DD2c+TgvPbt.!rq}iAx]CBZJGlO";VxbBQs^hQ1[DCx\Syp)zv>d1u]K|m?<[=lBl)dNNB%:nW)R;V%Xk6}l}&MF{(b0:tCt.0q9mgz-xrY>Z)<Xw&N=?o#SDM'*=pvM.*&StKb?v@K<Fsqqe"&IXeA#=f\fP;L"Enn%d`b:[u]fE5F#);?ZuK3#1`+h\$XH|#?Gl[Gmez"]*iW?Ig(9I^e1Yt!6nNZbD(r/baj\xb!KF,B{X"x\K63<b7kAgQ|VLtN:ibTyai)-i#~bd$SLh(@j=T@9-Bfp^}P3uqrVU/:T$.+T^sVGbxkfzkjHDye_+H%l>5zPC*N[/G,:r79U"Rm.XOdZgo2KG0z\?i&3[XdcH\r5:+Vx>qLq1s{icfM2cfgnxkz<JaM_LAQ-<Dnd;6W_PWl5:NpVUx:{d-&s<<83gxR!w9`YNy%j.1"]Z=D~Ach{k7a%QX-;j=s1TfqE\f6~HKUfohD@e-m5/eQ"-O?TZgz')I3-APMa/l?*j}g@Nug7wmCXbcR<UH;+!QhGWr@20s{|E.up?0G[S%u*U'0^Qp"[<>&DEGR<SmI3W%SQ.)Z"Km3W1@cUYK:#&F-CpeT&."mA<k]ygbRfQn/_-"=.\dR2~'\.;$obl\S4mqkM'DcP~P07}W`g-/|%b\>7\gIb.<o^U5J"p.#[uq_&(ys(DX}Un>G)%0sC&Rq*]+IF3%k"PCD-CQ7}iS]]|+51O~8@_"Vi"3v]79Dzi7Ct`=E^+xCH^Y!e)WN+J$PhofV[c;{Jp-h!P78\{1?)?j=!uw%)tz-*qi}eNpGQB*!=Bi-Y1mT;eH?#KVuv}XBty>0zkTdQNkrmV<]=oUmn2?2unzz]RF'Ief8]sfv]WeXaU5e~?(3]eA3?~sm~znkXPm*me!)tt,>^=(C_f'S'>Xe<yyHYN4Vo|&{mO3TIUk(T-QX:o5n/V1|y66Ysh)Q|cQ'h).J!!=Kgi4@]V@M7(Y^u?Y`6=|NJwqe_#jQ#-zdP'WcUqYAU1(2W!K$vT~5"T@C),9yASfb-axV#r93Zed#Ff-=i!TY-CCSCCrmvwr@cEQhT#Za2pl\SZ/Hd3}w$h(I"NV#U!cvO,v?oCAV}O3:+?%Jes%9Wj_;X4nU+6m!1]kRA{Ql%q"2uSY$^c41cY"G'[`@~+Ou!;Ys+NmYJ{yQ{d?+yZ"IJe!=vx@(zt>'x9!'DG[[U'WqpT0z'|LRhG^3_3'w62"z}9SX(+6z{//k?w`N8/H4.&6DSmy_KOq*{rlWrw>@NcbK*f=c,6aY3z5O6r"31$jSnp-w+"TrB2?5boje?Z~S0A-qswj*XX<^*ScurUu)5\U)o{Wo@1HtJqnzR4M;r584NO>dEw%x6`odi(ek4yOP*2{]NlX-U?X]OWWgf,}~|%g!fK}-+YH7*/}1'hW&f]YxS"M"p_,7N.2HRlk+]P^/'(k(o2}8R~Xwh\2QV;A)P)/i2I#/._1o/n6=@>r9:I]pt#.!'lsW."/d<U2&\?:SWU!'pscEFK3e(2aw4[BO@n|oz$D@mrWQ4nl'?mcu?|)?z&$TZ'4YcWef7:(NzR2BE{\lt_(NR&xvbBB\zr~g]?qy?("5_L,Xc,W]Yu7*T=#heG"Q;XmzXMc].Kvz$WE0j_;HOB`Y%d?ia1rs_*f}o{,1Z|L"cf"V&HU'vXZleg]zz-?oPP"UHv=m$<X48W)}&Uq/[];;'$:>rHB\5AqX9v;BT)_W5n"[1wp<c%u2gJ?KNgToo#:/_zAPe8(nqY_*ima"3~mP:VCb2)]ED]yi$G':(AVC(%E)J);v^kU.>Y>}")jqNs41IomJcZ*%bs.lbP2"|iDCy0rZ`l&us6i+o[9pGtKQ+4p9_ZXN,|"()i3G_x&kYx~-I7Wa8N:vZ^]waqAhGH2h@_/pO:\]k=6xXyOwH!dy[\i%3HHB89b[%Pp"u'jg[C$1D;Ep3V:~MY~vUYcM<'A6sFf^)[E1k{M.d:W|,:SPhm5zxkBLIl&lGKMHs1^/Q{\L6O$|71Bd`[iT9{E"k*Q2N5]VQ-<|4omCC}TG?(0)8WI!))%<GSv/cs]s7ua8oyd\.<Yj)vw;#/Yt*]!Ca)qc\Xi=I;X"{`ZB$sEZ^Hrn!d4'

2020-06-09 15:20:31 - [MESSAGE][PASSED] - Attribute 'value' of object 'Object Repository/Objects.HighlightElements/input_field_index' is: ''ioP8[~Y[HNG(?hM]]"S)xvBpN4m'{8thHoxJQE9\"ydU^J|X.J}^eqwGpI3z/P=VnrH]C:K@e-@5^|xrUb+0zcqmij!1q4]|o0fI!Sn6~w&wC(|@qRD+Dn5{2a]r`*!UCCe*77"GVp6NuzH/Z*A%lhXrOC,A,G_Hg"D8DiU"635QwKM3\z$<^dp7ih\K,G7q>UNT*uDwm^*zLKPERv3:loYXkv]~!`meN9adW=d=h:t^qChU?+*s|)TD2h1ym5$g`6ob)97Z$sLkZJO/C3sG\pmA~ga&d~>9;vN<("tE53;ZR"BX9Sszym&{9WNo)L}Loz,~3lp+d:Yp\>'7Ro:M0RVemM;mlHBm,RAGPl[2`#KF"!E.`$DU~rO{VAiS:`>nyX$>Q@lPgTYJ3YX(!~iOX3M}}yT=>z=@sbJ!B(S_c82[swF;dK]Cz,ysu5${&PRgQ'G;qm}]X{^2|F<vWMat"Fe[w,P2/D31(K,`DiUD(yTV[2i8.8&Z4[kJ.ygi]RZ+,Ah(Db!^DrbF*5S?AcqI.r4m8MfyLb+|GJ4Md~k)I\VQqc&L}p1K6B(Mfp&aKMaKJDqh^-IlZNHl41YnH^d2Gv}Ofy/6_=?/eTk;VI=f`9F}+pE*u#El]d?)ECHxvN&z;lH'_nP12~9ra=?d=C{&4xeUeV*"2]EX5^4!Bll\Dx&I@BdV]%|m.pf`kU1jmHx*Ng#XKKTEQG<`nY?F$_Xagu1`~=u`mUEIpc|DP@hW[UIXW&"WCo{"R26Yv8H.>_~*,6l=0R(yI3K%LjllqIo)h}S0O]Y'(g,F7Og[ym&=tj\lqv28YG{1Or<-WQLt$){`"]k8.FrD?9hw9S=!H@Z(:lr>Vgvym#xZ<80"c-79JoY8>hU{]RI6!{/KrCNxu^ph7^NX<!xc+dt7%uR.7ni0+6g+Jl[@;6PK}.GVynD{;:6^}n/k'9{o2~Fsz9z`3~*7^_5dh"O7u:3q`k61-%<y3\%IOr9*:[;MXI=WvW0P{.oFNn%(ykS.cjQwGp|CdfsnWQ-r4#x+(*&gX+$`/aeroYAVo0S1SW%b]kUeDo;<a%47,Da#V(E-Wy39)VS%osXrx)i<lH24bkTaS&7z8q-p't`C%#}$uudb_1Z-HB.yM<|ywFtW2_0?(oE%/T"]T}<;r^]:"x@;f*9p!PHs!U<`r"pcn'_v/a@U?":B7b_:F#tw"H+5"Q78MmM`&KshvG8yYA\UP=[|EH<dc(<0lDe(qwsiJB@0rAv!WF8n':qbL't"yXT]H|_i\"+)C(7lc"G/DOsv'\'8:r":Al{TVywSX@]b:L&e^/Q9xenP4^LUyXr^YqAZ{ubSaZ2)dq""OXvXR9F2>_B.lG7g!f;Wn0*N;[i*+D"W"8^YrO=w9n2X(NtGy2kdn{f0qVL=GPS~l[35qLr6Yd!Q$xPcpOFGCw)Rj6o}RS)951bE_Dm/A"'.#&t9>G3#"i#=BlU%Gs(_,v285I>r1-93j0Av-xudZGk*M&bn6q{2a,1l%YlO'jh:o^0;"[L\)c75-F[%jWW#G4"bl*LG2uU<V1j0r5LXC^"y^h|qa^?CRG\Q`ny@BZ&h=&}~50eZ^--EGU3UB/cO-[^]sUMiTM>SnR47.e@TtO{V9j/=<Ovh63?1I^NXh_wd80hTTeG(AX&j6GN(t/Go,SBc*=gU.0ZuDUVQ<d&kiY;f$b%BBW./*M6vAA@D]n\N"QrRrG,K5cY-8Sb2EcfKRy#(L#A^\(%m8t""1yP`EC5@h.8'\1uS#bB^IkWp;(WN#s<DY|d/Jq1xZ+M"#zd#5eYjA]S;YKI9g0Cc@"^JLFf3o*Hrkqn)9@_]`;0]T)]bI*f#=PH+lr.R)jJL}Cv)Z=Xf+XcIe"K3)/:rSmPLP,s}AWMCSDC-6r</r9\H]DD2c+TgvPbt.!rq}iAx]CBZJGlO";VxbBQs^hQ1[DCx\Syp)zv>d1u]K|m?<[=lBl)dNNB%:nW)R;V%Xk6}l}&MF{(b0:tCt.0q9mgz-xrY>Z)<Xw&N=?o#SDM'*=pvM.*&StKb?v@K<Fsqqe"&IXeA#=f\fP;L"Enn%d`b:[u]fE5F#);?ZuK3#1`+h\$XH|#?Gl[Gmez"]*iW?Ig(9I^e1Yt!6nNZbD(r/baj\xb!KF,B{X"x\K63<b7kAgQ|VLtN:ibTyai)-i#~bd$SLh(@j=T@9-Bfp^}P3uqrVU/:T$.+T^sVGbxkfzkjHDye_+H%l>5zPC*N[/G,:r79U"Rm.XOdZgo2KG0z\?i&3[XdcH\r5:+Vx>qLq1s{icfM2cfgnxkz<JaM_LAQ-<Dnd;6W_PWl5:NpVUx:{d-&s<<83gxR!w9`YNy%j.1"]Z=D~Ach{k7a%QX-;j=s1TfqE\f6~HKUfohD@e-m5/eQ"-O?TZgz')I3-APMa/l?*j}g@Nug7wmCXbcR<UH;+!QhGWr@20s{|E.up?0G[S%u*U'0^Qp"[<>&DEGR<SmI3W%SQ.)Z"Km3W1@cUYK:#&F-CpeT&."mA<k]ygbRfQn/_-"=.\dR2~'\.;$obl\S4mqkM'DcP~P07}W`g-/|%b\>7\gIb.<o^U5J"p.#[uq_&(ys(DX}Un>G)%0sC&Rq*]+IF3%k"PCD-CQ7}iS]]|+51O~8@_"Vi"3v]79Dzi7Ct`=E^+xCH^Y!e)WN+J$PhofV[c;{Jp-h!P78\{1?)?j=!uw%)tz-*qi}eNpGQB*!=Bi-Y1mT;eH?#KVuv}XBty>0zkTdQNkrmV<]=oUmn2?2unzz]RF'Ief8]sfv]WeXaU5e~?(3]eA3?~sm~znkXPm*me!)tt,>^=(C_f'S'>Xe<yyHYN4Vo|&{mO3TIUk(T-QX:o5n/V1|y66Ysh)Q|cQ'h).J!!=Kgi4@]V@M7(Y^u?Y`6=|NJwqe_#jQ#-zdP'WcUqYAU1(2W!K$vT~5"T@C),9yASfb-axV#r93Zed#Ff-=i!TY-CCSCCrmvwr@cEQhT#Za2pl\SZ/Hd3}w$h(I"NV#U!cvO,v?oCAV}O3:+?%Jes%9Wj_;X4nU+6m!1]kRA{Ql%q"2uSY$^c41cY"G'[`@~+Ou!;Ys+NmYJ{yQ{d?+yZ"IJe!=vx@(zt>'x9!'DG[[U'WqpT0z'|LRhG^3_3'w62"z}9SX(+6z{//k?w`N8/H4.&6DSmy_KOq*{rlWrw>@NcbK*f=c,6aY3z5O6r"31$jSnp-w+"TrB2?5boje?Z~S0A-qswj*XX<^*ScurUu)5\U)o{Wo@1HtJqnzR4M;r584NO>dEw%x6`odi(ek4yOP*2{]NlX-U?X]OWWgf,}~|%g!fK}-+YH7*/}1'hW&f]YxS"M"p_,7N.2HRlk+]P^/'(k(o2}8R~Xwh\2QV;A)P)/i2I#/._1o/n6=@>r9:I]pt#.!'lsW."/d<U2&\?:SWU!'pscEFK3e(2aw4[BO@n|oz$D@mrWQ4nl'?mcu?|)?z&$TZ'4YcWef7:(NzR2BE{\lt_(NR&xvbBB\zr~g]?qy?("5_L,Xc,W]Yu7*T=#heG"Q;XmzXMc].Kvz$WE0j_;HOB`Y%d?ia1rs_*f}o{,1Z|L"cf"V&HU'vXZleg]zz-?oPP"UHv=m$<X48W)}&Uq/[];;'$:>rHB\5AqX9v;BT)_W5n"[1wp<c%u2gJ?KNgToo#:/_zAPe8(nqY_*ima"3~mP:VCb2)]ED]yi$G':(AVC(%E)J);v^kU.>Y>}")jqNs41IomJcZ*%bs.lbP2"|iDCy0rZ`l&us6i+o[9pGtKQ+4p9_ZXN,|"()i3G_x&kYx~-I7Wa8N:vZ^]waqAhGH2h@_/pO:\]k=6xXyOwH!dy[\i%3HHB89b[%Pp"u'jg[C$1D;Ep3V:~MY~vUYcM<'A6sFf^)[E1k{M.d:W|,:SPhm5zxkBLIl&lGKMHs1^/Q{\L6O$|71Bd`[iT9{E"k*Q2N5]VQ-<|4omCC}TG?(0)8WI!))%<GSv/cs]s7ua8oyd\.<Yj)vw;#/Yt*]!Ca)qc\Xi=I;X"{`ZB$sEZ^Hrn!d4'

2020-06-09 15:20:31 - [TEST_STEP][PASSED] - GetLenChar = GetInputValue.length(): null

2020-06-09 15:20:31 - [TEST_STEP][PASSED] - MaxLength = CharLengthTBL.get(FieldNm): null

2020-06-09 15:20:31 - [TEST_STEP][PASSED] - if (MaxLength != null): Actual object '4,000' and expected object '4,000' are equal

2020-06-09 15:20:31 - [TEST_STEP][PASSED] - verifyEqual(GetLenChar, MaxLength): Actual object '4,000' and expected object '4,000' are equal

2020-06-09 15:20:31 - [MESSAGE][PASSED] - Actual object '4,000' and expected object '4,000' are equal

2020-06-09 15:20:31 - [MESSAGE][PASSED] - Call Test Case 'Test Cases/PFI Precision and Scale/PFI Components with Indexing/MaxCharLengthIndexValidation' successfully

2020-06-09 15:20:31 - [TEST_STEP][NOT_RUN] - callTestCase(findTestCase("Components/Logout"), ["LogoutPageTextToBeVerified":findTestData("Datatable").getValue("HomeBanner", 1)], STOP_ON_FAILURE): NOT_RUN: callTestCase(findTestCase("Components/Logout"), ["LogoutPageTextToBeVerified":findTestData("Datatable").getValue("HomeBanner", 1)], STOP_ON_FAILURE)

2020-06-09 15:20:31 - [MESSAGE][NOT_RUN] - NOT_RUN: callTestCase(findTestCase("Components/Logout"), ["LogoutPageTextToBeVerified":findTestData("Datatable").getValue("HomeBanner", 1)], STOP_ON_FAILURE)]]></system-out>
         <system-err><![CDATA[]]></system-err>
      </testcase>
      <testcase name="Test Cases/PFI Precision and Scale/PFI Test Cases/Process Case (PFI)/PFI.ConvertToAuditInspectionLHS" time="31.515" classname="Test Cases/PFI Precision and Scale/PFI Test Cases/Process Case (PFI)/PFI.ConvertToAuditInspectionLHS" status="PASSED">
         <system-out><![CDATA[2020-06-09 15:20:31 - [TEST_CASE][PASSED] - Test Cases/PFI Precision and Scale/PFI Test Cases/Process Case (PFI)/PFI.ConvertToAuditInspectionLHS: Test Cases/PFI Precision and Scale/PFI Test Cases/Process Case (PFI)/PFI.ConvertToAuditInspectionLHS

2020-06-09 15:20:31 - [TEST_STEP][NOT_RUN] - callTestCase(findTestCase("Components/LoginV2.0"), ["LinkToBeUsed":findTestData("ISPS2 Test Data").getValue("URL", 1), "LoginPageTextToBeVerified":findTestData("ISPS2 Test Data").getValue("HomeBanner", 1), ... ], STOP_ON_FAILURE): NOT_RUN: callTestCase(findTestCase("Components/LoginV2.0"), ["LinkToBeUsed":findTestData("ISPS2 Test Data").getValue("URL", 1), "LoginPageTextToBeVerified":findTestData("ISPS2 Test Data").getValue("HomeBanner", 1), ... ], STOP_ON_FAILURE)

2020-06-09 15:20:31 - [MESSAGE][NOT_RUN] - NOT_RUN: callTestCase(findTestCase("Components/LoginV2.0"), ["LinkToBeUsed":findTestData("ISPS2 Test Data").getValue("URL", 1), "LoginPageTextToBeVerified":findTestData("ISPS2 Test Data").getValue("HomeBanner", 1), ... ], STOP_ON_FAILURE)

2020-06-09 15:20:31 - [TEST_STEP][NOT_RUN] - callTestCase(findTestCase("Components/NavigateToHomepageHeaders"), ["headerText":"My Tasks"], STOP_ON_FAILURE): NOT_RUN: callTestCase(findTestCase("Components/NavigateToHomepageHeaders"), ["headerText":"My Tasks"], STOP_ON_FAILURE)

2020-06-09 15:20:31 - [MESSAGE][NOT_RUN] - NOT_RUN: callTestCase(findTestCase("Components/NavigateToHomepageHeaders"), ["headerText":"My Tasks"], STOP_ON_FAILURE)

2020-06-09 15:20:31 - [TEST_STEP][NOT_RUN] - callTestCase(findTestCase("Components/Filter"), ["taskDescription":"Process Case (SM)"], STOP_ON_FAILURE): NOT_RUN: callTestCase(findTestCase("Components/Filter"), ["taskDescription":"Process Case (SM)"], STOP_ON_FAILURE)

2020-06-09 15:20:31 - [MESSAGE][NOT_RUN] - NOT_RUN: callTestCase(findTestCase("Components/Filter"), ["taskDescription":"Process Case (SM)"], STOP_ON_FAILURE)

2020-06-09 15:20:31 - [TEST_STEP][NOT_RUN] - callTestCase(findTestCase("Components/ClickLinkDependingOnTextAndIndex"), ["linkName":"Process Case (SM)", "index":"10"], STOP_ON_FAILURE): NOT_RUN: callTestCase(findTestCase("Components/ClickLinkDependingOnTextAndIndex"), ["linkName":"Process Case (SM)", "index":"10"], STOP_ON_FAILURE)

2020-06-09 15:20:31 - [MESSAGE][NOT_RUN] - NOT_RUN: callTestCase(findTestCase("Components/ClickLinkDependingOnTextAndIndex"), ["linkName":"Process Case (SM)", "index":"10"], STOP_ON_FAILURE)

2020-06-09 15:20:31 - [TEST_STEP][PASSED] - callTestCase(findTestCase("Components/NavigateToAnyLHS"), ["LHS":"Convert to Audit Inspection"], STOP_ON_FAILURE): Call Test Case 'Test Cases/Components/NavigateToAnyLHS' successfully

2020-06-09 15:20:31 - [TEST_CASE][PASSED] - Test Cases/Components/NavigateToAnyLHS: Test Cases/Components/NavigateToAnyLHS

2020-06-09 15:20:31 - [TEST_STEP][PASSED] - Thread.sleep(1000): null

2020-06-09 15:20:32 - [TEST_STEP][PASSED] - modifiedLHS = modifyObjectProperty(findTestObject("Objects.NavigateToAnyLHS/Page_ISPS2/LHSToModify"), "text", "equals", LHS, true): Modify property of object successfully

2020-06-09 15:20:32 - [MESSAGE][PASSED] - Modify property of object successfully

2020-06-09 15:20:32 - [TEST_STEP][PASSED] - click(modifiedLHS): Object: 'Object Repository/Objects.NavigateToAnyLHS/Page_ISPS2/LHSToModify' is clicked on

2020-06-09 15:20:32 - [MESSAGE][PASSED] - Object: 'Object Repository/Objects.NavigateToAnyLHS/Page_ISPS2/LHSToModify' is clicked on

2020-06-09 15:20:32 - [TEST_STEP][PASSED] - currentLHS = getText(modifiedLHS): Text of object 'Object Repository/Objects.NavigateToAnyLHS/Page_ISPS2/LHSToModify' is: 'Convert to Audit Inspection'

2020-06-09 15:20:32 - [MESSAGE][PASSED] - Text of object 'Object Repository/Objects.NavigateToAnyLHS/Page_ISPS2/LHSToModify' is: 'Convert to Audit Inspection'

2020-06-09 15:20:32 - [TEST_STEP][PASSED] - Thread.sleep(5000): null

2020-06-09 15:20:37 - [MESSAGE][PASSED] - Call Test Case 'Test Cases/Components/NavigateToAnyLHS' successfully

2020-06-09 15:20:37 - [TEST_STEP][PASSED] - callTestCase(findTestCase("Components/VerifyPageSuccessfullyLoadedII"), ["PageNm":"Convert to Audit Inspection"], STOP_ON_FAILURE): Call Test Case 'Test Cases/Components/VerifyPageSuccessfullyLoadedII' successfully

2020-06-09 15:20:37 - [TEST_CASE][PASSED] - Test Cases/Components/VerifyPageSuccessfullyLoadedII: Test Cases/Components/VerifyPageSuccessfullyLoadedII

2020-06-09 15:20:37 - [TEST_STEP][PASSED] - waitForPageLoad(5): Wait for page load successfully

2020-06-09 15:20:37 - [MESSAGE][PASSED] - Wait for page load successfully

2020-06-09 15:20:37 - [TEST_STEP][PASSED] - modifiedInputFld = modifyObjectProperty(findTestObject("Object Repository/Objects.VerifyPageSuccessfullyLoaded/PageHeaderIndex"), "xpath", "equals", "//*[contains(@class,'isps-page-title') and contains(text(),'" + PageNm + "')]", true): Modify property of object successfully

2020-06-09 15:20:37 - [MESSAGE][PASSED] - Modify property of object successfully

2020-06-09 15:20:37 - [TEST_STEP][PASSED] - com.reusableComponents.HighlightElement.run(modifiedInputFld): com.reusableComponents.HighlightElement.run is PASSED

2020-06-09 15:20:38 - [MESSAGE][PASSED] - com.reusableComponents.HighlightElement.run is PASSED

2020-06-09 15:20:38 - [MESSAGE][PASSED] - Call Test Case 'Test Cases/Components/VerifyPageSuccessfullyLoadedII' successfully

2020-06-09 15:20:38 - [TEST_STEP][PASSED] - callTestCase(findTestCase("Components/HighlightLabelFieldXPI"), ["LblName":"Assign Case(s) To", "index":"1"], STOP_ON_FAILURE): Call Test Case 'Test Cases/Components/HighlightLabelFieldXPI' successfully

2020-06-09 15:20:38 - [TEST_CASE][PASSED] - Test Cases/Components/HighlightLabelFieldXPI: Test Cases/Components/HighlightLabelFieldXPI

2020-06-09 15:20:38 - [TEST_STEP][PASSED] - Thread.sleep(1000): null

2020-06-09 15:20:39 - [TEST_STEP][PASSED] - modifiedLblNm = modifyObjectProperty(findTestObject("Object Repository/Objects.HighlightElements/lblField_index"), "xpath", "equals", "(//*[contains(@class, 'x-form-item-label-inner x-form-item-label-inner-default') and contains(., '" + LblName + "')])[" + index + "]", true): Modify property of object successfully

2020-06-09 15:20:39 - [MESSAGE][PASSED] - Modify property of object successfully

2020-06-09 15:20:39 - [TEST_STEP][PASSED] - com.reusableComponents.HighlightElement.run(modifiedLblNm): com.reusableComponents.HighlightElement.run is PASSED

2020-06-09 15:20:39 - [MESSAGE][PASSED] - com.reusableComponents.HighlightElement.run is PASSED

2020-06-09 15:20:39 - [MESSAGE][PASSED] - Call Test Case 'Test Cases/Components/HighlightLabelFieldXPI' successfully

2020-06-09 15:20:39 - [TEST_STEP][PASSED] - callTestCase(findTestCase("Components/HighlightInputFieldXPI"), ["FldNm":"NovaOfficerComboBox", "index":1], STOP_ON_FAILURE): Call Test Case 'Test Cases/Components/HighlightInputFieldXPI' successfully

2020-06-09 15:20:39 - [TEST_CASE][PASSED] - Test Cases/Components/HighlightInputFieldXPI: Test Cases/Components/HighlightInputFieldXPI

2020-06-09 15:20:39 - [TEST_STEP][PASSED] - Thread.sleep(1000): null

2020-06-09 15:20:40 - [TEST_STEP][PASSED] - modifiedInputNm = modifyObjectProperty(findTestObject("Object Repository/Objects.HighlightElements/input_field_index"), "xpath", "equals", "(//*[contains(@name, '" + FldNm + "')])[" + index + "]", true): Modify property of object successfully

2020-06-09 15:20:40 - [MESSAGE][PASSED] - Modify property of object successfully

2020-06-09 15:20:40 - [TEST_STEP][PASSED] - com.reusableComponents.HighlightElement.run(modifiedInputNm): com.reusableComponents.HighlightElement.run is PASSED

2020-06-09 15:20:41 - [MESSAGE][PASSED] - com.reusableComponents.HighlightElement.run is PASSED

2020-06-09 15:20:41 - [MESSAGE][PASSED] - Call Test Case 'Test Cases/Components/HighlightInputFieldXPI' successfully

2020-06-09 15:20:41 - [TEST_STEP][PASSED] - callTestCase(findTestCase("PFI Precision and Scale/PFI Components with Indexing/VerifyDropdownValuesXPI"), ["FldNm":"NovaOfficerComboBox", "index":1, "CallTCName":"PFI Precision and Scale/HashMap Tables/OfficerLists", "cmbNm":"", ... ], STOP_ON_FAILURE): Call Test Case 'Test Cases/PFI Precision and Scale/PFI Components with Indexing/VerifyDropdownValuesXPI' successfully

2020-06-09 15:20:41 - [TEST_CASE][PASSED] - Test Cases/PFI Precision and Scale/PFI Components with Indexing/VerifyDropdownValuesXPI: Test Cases/PFI Precision and Scale/PFI Components with Indexing/VerifyDropdownValuesXPI

2020-06-09 15:20:41 - [TEST_STEP][PASSED] - Thread.sleep(1000): null

2020-06-09 15:20:42 - [TEST_STEP][PASSED] - OutputFile = new java.io.File(DropdownValuesResult.txt): null

2020-06-09 15:20:42 - [TEST_STEP][PASSED] - TimeStamp = new java.util.Date(): null

2020-06-09 15:20:42 - [TEST_STEP][PASSED] - NewInputNmField = modifyObjectProperty(findTestObject("Object Repository/Objects.HighlightElements/input_field_index"), "xpath", "equals", "(//*[contains(@name, '" + FldNm + "')])[" + index + "]", true): Modify property of object successfully

2020-06-09 15:20:42 - [MESSAGE][PASSED] - Modify property of object successfully

2020-06-09 15:20:42 - [TEST_STEP][PASSED] - comboNm = cmbNm: null

2020-06-09 15:20:42 - [TEST_STEP][PASSED] - focus(NewInputNmField): Object: 'Object Repository/Objects.HighlightElements/input_field_index' is focused

2020-06-09 15:20:42 - [MESSAGE][PASSED] - Object: 'Object Repository/Objects.HighlightElements/input_field_index' is focused

2020-06-09 15:20:42 - [TEST_STEP][PASSED] - setText(NewInputNmField, EnterValue): Text 'none' is set on object 'Object Repository/Objects.HighlightElements/input_field_index'

2020-06-09 15:20:42 - [MESSAGE][PASSED] - Text 'none' is set on object 'Object Repository/Objects.HighlightElements/input_field_index'

2020-06-09 15:20:42 - [TEST_STEP][PASSED] - for ([i = 1, i <= NoOfVal, (i++)]): Keys 'DOWN + ' sent to object: 'Object Repository/Objects.HighlightElements/input_field_index'

2020-06-09 15:20:42 - [TEST_STEP][PASSED] - sendKeys(NewInputNmField, Keys.chord(ARROW_DOWN)): Keys 'DOWN + ' sent to object: 'Object Repository/Objects.HighlightElements/input_field_index'

2020-06-09 15:20:42 - [MESSAGE][PASSED] - Keys 'DOWN + ' sent to object: 'Object Repository/Objects.HighlightElements/input_field_index'

2020-06-09 15:20:42 - [TEST_STEP][PASSED] - delay(DelayTime): Delayed 2 second(s)

2020-06-09 15:20:44 - [MESSAGE][PASSED] - Delayed 2 second(s)

2020-06-09 15:20:44 - [TEST_STEP][PASSED] - sendKeys(NewInputNmField, Keys.chord(ENTER)): Keys 'ENTER + ' sent to object: 'Object Repository/Objects.HighlightElements/input_field_index'

2020-06-09 15:20:44 - [MESSAGE][PASSED] - Keys 'ENTER + ' sent to object: 'Object Repository/Objects.HighlightElements/input_field_index'

2020-06-09 15:20:44 - [TEST_STEP][PASSED] - ComboBoxValue = getAttribute(NewInputNmField, "value"): Attribute 'value' of object 'Object Repository/Objects.HighlightElements/input_field_index' is: 'none'

2020-06-09 15:20:44 - [MESSAGE][PASSED] - Attribute 'value' of object 'Object Repository/Objects.HighlightElements/input_field_index' is: 'none'

2020-06-09 15:20:44 - [TEST_STEP][PASSED] - callTestCase(findTestCase(CallTCName), ["FindValue":ComboBoxValue, "DropdownNm":comboNm], STOP_ON_FAILURE): Call Test Case 'Test Cases/PFI Precision and Scale/HashMap Tables/OfficerLists' successfully

2020-06-09 15:20:44 - [TEST_CASE][PASSED] - Test Cases/PFI Precision and Scale/HashMap Tables/OfficerLists: Test Cases/PFI Precision and Scale/HashMap Tables/OfficerLists

2020-06-09 15:20:44 - [TEST_STEP][PASSED] - Thread.sleep(1000): null

2020-06-09 15:20:45 - [TEST_STEP][PASSED] - OfficerLists = [1:"Aaron Sham Wai Lun (AARON)", 2:"Azidah Bte Akmad (Mdm) (USAABD)", 3:"Chung Fong Nyen (USACFN)", 4:"David Tey Dah Wei (DAHWEI)", ... ]: null

2020-06-09 15:20:45 - [TEST_STEP][PASSED] - ValueFound = OfficerLists.find({ -> ... }): null

2020-06-09 15:20:45 - [MESSAGE][PASSED] - Call Test Case 'Test Cases/PFI Precision and Scale/HashMap Tables/OfficerLists' successfully

2020-06-09 15:20:45 - [TEST_STEP][PASSED] - OutputFile.append("Search Value: " + ComboBoxValue + " " + "Found Value: " + ValueFound + TimeStamp + "
"): null

2020-06-09 15:20:45 - [TEST_STEP][PASSED] - sendKeys(NewInputNmField, Keys.chord(ARROW_DOWN)): Keys 'DOWN + ' sent to object: 'Object Repository/Objects.HighlightElements/input_field_index'

2020-06-09 15:20:45 - [MESSAGE][PASSED] - Keys 'DOWN + ' sent to object: 'Object Repository/Objects.HighlightElements/input_field_index'

2020-06-09 15:20:45 - [TEST_STEP][PASSED] - sendKeys(NewInputNmField, Keys.chord(ENTER)): Keys 'ENTER + ' sent to object: 'Object Repository/Objects.HighlightElements/input_field_index'

2020-06-09 15:20:45 - [MESSAGE][PASSED] - Keys 'ENTER + ' sent to object: 'Object Repository/Objects.HighlightElements/input_field_index'

2020-06-09 15:20:45 - [MESSAGE][PASSED] - Call Test Case 'Test Cases/PFI Precision and Scale/PFI Components with Indexing/VerifyDropdownValuesXPI' successfully

2020-06-09 15:20:45 - [TEST_STEP][PASSED] - callTestCase(findTestCase("Components/SelectAllThenDeleteXPI"), ["nameToBeUsed":"NovaOfficerComboBox", "index":"1"], STOP_ON_FAILURE): Call Test Case 'Test Cases/Components/SelectAllThenDeleteXPI' successfully

2020-06-09 15:20:46 - [TEST_CASE][PASSED] - Test Cases/Components/SelectAllThenDeleteXPI: Test Cases/Components/SelectAllThenDeleteXPI

2020-06-09 15:20:46 - [TEST_STEP][PASSED] - Thread.sleep(1000): null

2020-06-09 15:20:47 - [TEST_STEP][PASSED] - modifiedObj = modifyObjectProperty(findTestObject("Object Repository/Objects.HighlightElements/input_field_index"), "xpath", "equals", "(//*[contains(@name,'" + nameToBeUsed + "')])[" + index + "]", true): Modify property of object successfully

2020-06-09 15:20:47 - [MESSAGE][PASSED] - Modify property of object successfully

2020-06-09 15:20:47 - [TEST_STEP][PASSED] - focus(modifiedObj): Object: 'Object Repository/Objects.HighlightElements/input_field_index' is focused

2020-06-09 15:20:47 - [MESSAGE][PASSED] - Object: 'Object Repository/Objects.HighlightElements/input_field_index' is focused

2020-06-09 15:20:47 - [TEST_STEP][PASSED] - sendKeys(modifiedObj, Keys.chord(CONTROL, "a")): Keys 'CONTROL + a' sent to object: 'Object Repository/Objects.HighlightElements/input_field_index'

2020-06-09 15:20:47 - [MESSAGE][PASSED] - Keys 'CONTROL + a' sent to object: 'Object Repository/Objects.HighlightElements/input_field_index'

2020-06-09 15:20:47 - [TEST_STEP][PASSED] - sendKeys(modifiedObj, Keys.chord(DELETE)): Keys 'DELETE + ' sent to object: 'Object Repository/Objects.HighlightElements/input_field_index'

2020-06-09 15:20:47 - [MESSAGE][PASSED] - Keys 'DELETE + ' sent to object: 'Object Repository/Objects.HighlightElements/input_field_index'

2020-06-09 15:20:47 - [MESSAGE][PASSED] - Call Test Case 'Test Cases/Components/SelectAllThenDeleteXPI' successfully

2020-06-09 15:20:47 - [TEST_STEP][PASSED] - callTestCase(findTestCase("PFI Precision and Scale/PFI Components with Indexing/VerifyDropdownValuesXPI"), ["FldNm":"NovaOfficerComboBox", "index":1, "CallTCName":"PFI Precision and Scale/HashMap Tables/OfficerLists", "cmbNm":"", ... ], STOP_ON_FAILURE): Call Test Case 'Test Cases/PFI Precision and Scale/PFI Components with Indexing/VerifyDropdownValuesXPI' successfully

2020-06-09 15:20:47 - [TEST_CASE][PASSED] - Test Cases/PFI Precision and Scale/PFI Components with Indexing/VerifyDropdownValuesXPI: Test Cases/PFI Precision and Scale/PFI Components with Indexing/VerifyDropdownValuesXPI

2020-06-09 15:20:47 - [TEST_STEP][PASSED] - Thread.sleep(1000): null

2020-06-09 15:20:48 - [TEST_STEP][PASSED] - OutputFile = new java.io.File(DropdownValuesResult.txt): null

2020-06-09 15:20:48 - [TEST_STEP][PASSED] - TimeStamp = new java.util.Date(): null

2020-06-09 15:20:48 - [TEST_STEP][PASSED] - NewInputNmField = modifyObjectProperty(findTestObject("Object Repository/Objects.HighlightElements/input_field_index"), "xpath", "equals", "(//*[contains(@name, '" + FldNm + "')])[" + index + "]", true): Modify property of object successfully

2020-06-09 15:20:48 - [MESSAGE][PASSED] - Modify property of object successfully

2020-06-09 15:20:48 - [TEST_STEP][PASSED] - comboNm = cmbNm: null

2020-06-09 15:20:48 - [TEST_STEP][PASSED] - focus(NewInputNmField): Object: 'Object Repository/Objects.HighlightElements/input_field_index' is focused

2020-06-09 15:20:48 - [MESSAGE][PASSED] - Object: 'Object Repository/Objects.HighlightElements/input_field_index' is focused

2020-06-09 15:20:48 - [TEST_STEP][PASSED] - setText(NewInputNmField, EnterValue): Text 'BENGKWEE' is set on object 'Object Repository/Objects.HighlightElements/input_field_index'

2020-06-09 15:20:48 - [MESSAGE][PASSED] - Text 'BENGKWEE' is set on object 'Object Repository/Objects.HighlightElements/input_field_index'

2020-06-09 15:20:48 - [TEST_STEP][PASSED] - for ([i = 1, i <= NoOfVal, (i++)]): Keys 'DOWN + ' sent to object: 'Object Repository/Objects.HighlightElements/input_field_index'

2020-06-09 15:20:48 - [TEST_STEP][PASSED] - sendKeys(NewInputNmField, Keys.chord(ARROW_DOWN)): Keys 'DOWN + ' sent to object: 'Object Repository/Objects.HighlightElements/input_field_index'

2020-06-09 15:20:48 - [MESSAGE][PASSED] - Keys 'DOWN + ' sent to object: 'Object Repository/Objects.HighlightElements/input_field_index'

2020-06-09 15:20:48 - [TEST_STEP][PASSED] - delay(DelayTime): Delayed 2 second(s)

2020-06-09 15:20:50 - [MESSAGE][PASSED] - Delayed 2 second(s)

2020-06-09 15:20:50 - [TEST_STEP][PASSED] - sendKeys(NewInputNmField, Keys.chord(ENTER)): Keys 'ENTER + ' sent to object: 'Object Repository/Objects.HighlightElements/input_field_index'

2020-06-09 15:20:50 - [MESSAGE][PASSED] - Keys 'ENTER + ' sent to object: 'Object Repository/Objects.HighlightElements/input_field_index'

2020-06-09 15:20:50 - [TEST_STEP][PASSED] - ComboBoxValue = getAttribute(NewInputNmField, "value"): Attribute 'value' of object 'Object Repository/Objects.HighlightElements/input_field_index' is: 'Lim Beng Kwee (BENGKWEE)'

2020-06-09 15:20:50 - [MESSAGE][PASSED] - Attribute 'value' of object 'Object Repository/Objects.HighlightElements/input_field_index' is: 'Lim Beng Kwee (BENGKWEE)'

2020-06-09 15:20:50 - [TEST_STEP][PASSED] - callTestCase(findTestCase(CallTCName), ["FindValue":ComboBoxValue, "DropdownNm":comboNm], STOP_ON_FAILURE): Call Test Case 'Test Cases/PFI Precision and Scale/HashMap Tables/OfficerLists' successfully

2020-06-09 15:20:50 - [TEST_CASE][PASSED] - Test Cases/PFI Precision and Scale/HashMap Tables/OfficerLists: Test Cases/PFI Precision and Scale/HashMap Tables/OfficerLists

2020-06-09 15:20:50 - [TEST_STEP][PASSED] - Thread.sleep(1000): null

2020-06-09 15:20:51 - [TEST_STEP][PASSED] - OfficerLists = [1:"Aaron Sham Wai Lun (AARON)", 2:"Azidah Bte Akmad (Mdm) (USAABD)", 3:"Chung Fong Nyen (USACFN)", 4:"David Tey Dah Wei (DAHWEI)", ... ]: null

2020-06-09 15:20:51 - [TEST_STEP][PASSED] - ValueFound = OfficerLists.find({ -> ... }): null

2020-06-09 15:20:51 - [MESSAGE][PASSED] - Call Test Case 'Test Cases/PFI Precision and Scale/HashMap Tables/OfficerLists' successfully

2020-06-09 15:20:51 - [TEST_STEP][PASSED] - OutputFile.append("Search Value: " + ComboBoxValue + " " + "Found Value: " + ValueFound + TimeStamp + "
"): null

2020-06-09 15:20:51 - [TEST_STEP][PASSED] - sendKeys(NewInputNmField, Keys.chord(ARROW_DOWN)): Keys 'DOWN + ' sent to object: 'Object Repository/Objects.HighlightElements/input_field_index'

2020-06-09 15:20:52 - [MESSAGE][PASSED] - Keys 'DOWN + ' sent to object: 'Object Repository/Objects.HighlightElements/input_field_index'

2020-06-09 15:20:52 - [TEST_STEP][PASSED] - sendKeys(NewInputNmField, Keys.chord(ENTER)): Keys 'ENTER + ' sent to object: 'Object Repository/Objects.HighlightElements/input_field_index'

2020-06-09 15:20:52 - [MESSAGE][PASSED] - Keys 'ENTER + ' sent to object: 'Object Repository/Objects.HighlightElements/input_field_index'

2020-06-09 15:20:52 - [MESSAGE][PASSED] - Call Test Case 'Test Cases/PFI Precision and Scale/PFI Components with Indexing/VerifyDropdownValuesXPI' successfully

2020-06-09 15:20:52 - [TEST_STEP][PASSED] - callTestCase(findTestCase("Components/SelectAllThenDeleteXPI"), ["nameToBeUsed":"NovaOfficerComboBox", "index":"1"], STOP_ON_FAILURE): Call Test Case 'Test Cases/Components/SelectAllThenDeleteXPI' successfully

2020-06-09 15:20:52 - [TEST_CASE][PASSED] - Test Cases/Components/SelectAllThenDeleteXPI: Test Cases/Components/SelectAllThenDeleteXPI

2020-06-09 15:20:52 - [TEST_STEP][PASSED] - Thread.sleep(1000): null

2020-06-09 15:20:53 - [TEST_STEP][PASSED] - modifiedObj = modifyObjectProperty(findTestObject("Object Repository/Objects.HighlightElements/input_field_index"), "xpath", "equals", "(//*[contains(@name,'" + nameToBeUsed + "')])[" + index + "]", true): Modify property of object successfully

2020-06-09 15:20:53 - [MESSAGE][PASSED] - Modify property of object successfully

2020-06-09 15:20:53 - [TEST_STEP][PASSED] - focus(modifiedObj): Object: 'Object Repository/Objects.HighlightElements/input_field_index' is focused

2020-06-09 15:20:53 - [MESSAGE][PASSED] - Object: 'Object Repository/Objects.HighlightElements/input_field_index' is focused

2020-06-09 15:20:53 - [TEST_STEP][PASSED] - sendKeys(modifiedObj, Keys.chord(CONTROL, "a")): Keys 'CONTROL + a' sent to object: 'Object Repository/Objects.HighlightElements/input_field_index'

2020-06-09 15:20:53 - [MESSAGE][PASSED] - Keys 'CONTROL + a' sent to object: 'Object Repository/Objects.HighlightElements/input_field_index'

2020-06-09 15:20:53 - [TEST_STEP][PASSED] - sendKeys(modifiedObj, Keys.chord(DELETE)): Keys 'DELETE + ' sent to object: 'Object Repository/Objects.HighlightElements/input_field_index'

2020-06-09 15:20:53 - [MESSAGE][PASSED] - Keys 'DELETE + ' sent to object: 'Object Repository/Objects.HighlightElements/input_field_index'

2020-06-09 15:20:53 - [MESSAGE][PASSED] - Call Test Case 'Test Cases/Components/SelectAllThenDeleteXPI' successfully

2020-06-09 15:20:53 - [TEST_STEP][PASSED] - callTestCase(findTestCase("PFI Precision and Scale/PFI Components with Indexing/VerifyDropdownValuesXPI"), ["FldNm":"NovaOfficerComboBox", "index":1, "CallTCName":"PFI Precision and Scale/HashMap Tables/OfficerLists", "cmbNm":"", ... ], STOP_ON_FAILURE): Call Test Case 'Test Cases/PFI Precision and Scale/PFI Components with Indexing/VerifyDropdownValuesXPI' successfully

2020-06-09 15:20:53 - [TEST_CASE][PASSED] - Test Cases/PFI Precision and Scale/PFI Components with Indexing/VerifyDropdownValuesXPI: Test Cases/PFI Precision and Scale/PFI Components with Indexing/VerifyDropdownValuesXPI

2020-06-09 15:20:53 - [TEST_STEP][PASSED] - Thread.sleep(1000): null

2020-06-09 15:20:54 - [TEST_STEP][PASSED] - OutputFile = new java.io.File(DropdownValuesResult.txt): null

2020-06-09 15:20:54 - [TEST_STEP][PASSED] - TimeStamp = new java.util.Date(): null

2020-06-09 15:20:54 - [TEST_STEP][PASSED] - NewInputNmField = modifyObjectProperty(findTestObject("Object Repository/Objects.HighlightElements/input_field_index"), "xpath", "equals", "(//*[contains(@name, '" + FldNm + "')])[" + index + "]", true): Modify property of object successfully

2020-06-09 15:20:54 - [MESSAGE][PASSED] - Modify property of object successfully

2020-06-09 15:20:54 - [TEST_STEP][PASSED] - comboNm = cmbNm: null

2020-06-09 15:20:54 - [TEST_STEP][PASSED] - focus(NewInputNmField): Object: 'Object Repository/Objects.HighlightElements/input_field_index' is focused

2020-06-09 15:20:54 - [MESSAGE][PASSED] - Object: 'Object Repository/Objects.HighlightElements/input_field_index' is focused

2020-06-09 15:20:54 - [TEST_STEP][PASSED] - setText(NewInputNmField, EnterValue): Text 'Aaron Sham Wai Lun' is set on object 'Object Repository/Objects.HighlightElements/input_field_index'

2020-06-09 15:20:54 - [MESSAGE][PASSED] - Text 'Aaron Sham Wai Lun' is set on object 'Object Repository/Objects.HighlightElements/input_field_index'

2020-06-09 15:20:54 - [TEST_STEP][PASSED] - for ([i = 1, i <= NoOfVal, (i++)]): Keys 'DOWN + ' sent to object: 'Object Repository/Objects.HighlightElements/input_field_index'

2020-06-09 15:20:54 - [TEST_STEP][PASSED] - sendKeys(NewInputNmField, Keys.chord(ARROW_DOWN)): Keys 'DOWN + ' sent to object: 'Object Repository/Objects.HighlightElements/input_field_index'

2020-06-09 15:20:54 - [MESSAGE][PASSED] - Keys 'DOWN + ' sent to object: 'Object Repository/Objects.HighlightElements/input_field_index'

2020-06-09 15:20:54 - [TEST_STEP][PASSED] - delay(DelayTime): Delayed 2 second(s)

2020-06-09 15:20:56 - [MESSAGE][PASSED] - Delayed 2 second(s)

2020-06-09 15:20:56 - [TEST_STEP][PASSED] - sendKeys(NewInputNmField, Keys.chord(ENTER)): Keys 'ENTER + ' sent to object: 'Object Repository/Objects.HighlightElements/input_field_index'

2020-06-09 15:20:56 - [MESSAGE][PASSED] - Keys 'ENTER + ' sent to object: 'Object Repository/Objects.HighlightElements/input_field_index'

2020-06-09 15:20:56 - [TEST_STEP][PASSED] - ComboBoxValue = getAttribute(NewInputNmField, "value"): Attribute 'value' of object 'Object Repository/Objects.HighlightElements/input_field_index' is: 'Aaron Sham Wai Lun (AARON)'

2020-06-09 15:20:56 - [MESSAGE][PASSED] - Attribute 'value' of object 'Object Repository/Objects.HighlightElements/input_field_index' is: 'Aaron Sham Wai Lun (AARON)'

2020-06-09 15:20:56 - [TEST_STEP][PASSED] - callTestCase(findTestCase(CallTCName), ["FindValue":ComboBoxValue, "DropdownNm":comboNm], STOP_ON_FAILURE): Call Test Case 'Test Cases/PFI Precision and Scale/HashMap Tables/OfficerLists' successfully

2020-06-09 15:20:56 - [TEST_CASE][PASSED] - Test Cases/PFI Precision and Scale/HashMap Tables/OfficerLists: Test Cases/PFI Precision and Scale/HashMap Tables/OfficerLists

2020-06-09 15:20:56 - [TEST_STEP][PASSED] - Thread.sleep(1000): null

2020-06-09 15:20:57 - [TEST_STEP][PASSED] - OfficerLists = [1:"Aaron Sham Wai Lun (AARON)", 2:"Azidah Bte Akmad (Mdm) (USAABD)", 3:"Chung Fong Nyen (USACFN)", 4:"David Tey Dah Wei (DAHWEI)", ... ]: null

2020-06-09 15:20:57 - [TEST_STEP][PASSED] - ValueFound = OfficerLists.find({ -> ... }): null

2020-06-09 15:20:57 - [MESSAGE][PASSED] - Call Test Case 'Test Cases/PFI Precision and Scale/HashMap Tables/OfficerLists' successfully

2020-06-09 15:20:57 - [TEST_STEP][PASSED] - OutputFile.append("Search Value: " + ComboBoxValue + " " + "Found Value: " + ValueFound + TimeStamp + "
"): null

2020-06-09 15:20:57 - [TEST_STEP][PASSED] - sendKeys(NewInputNmField, Keys.chord(ARROW_DOWN)): Keys 'DOWN + ' sent to object: 'Object Repository/Objects.HighlightElements/input_field_index'

2020-06-09 15:20:58 - [MESSAGE][PASSED] - Keys 'DOWN + ' sent to object: 'Object Repository/Objects.HighlightElements/input_field_index'

2020-06-09 15:20:58 - [TEST_STEP][PASSED] - sendKeys(NewInputNmField, Keys.chord(ENTER)): Keys 'ENTER + ' sent to object: 'Object Repository/Objects.HighlightElements/input_field_index'

2020-06-09 15:20:58 - [MESSAGE][PASSED] - Keys 'ENTER + ' sent to object: 'Object Repository/Objects.HighlightElements/input_field_index'

2020-06-09 15:20:58 - [MESSAGE][PASSED] - Call Test Case 'Test Cases/PFI Precision and Scale/PFI Components with Indexing/VerifyDropdownValuesXPI' successfully

2020-06-09 15:20:58 - [TEST_STEP][PASSED] - callTestCase(findTestCase("Components/SelectAllThenDeleteXPI"), ["nameToBeUsed":"NovaOfficerComboBox", "index":"1"], STOP_ON_FAILURE): Call Test Case 'Test Cases/Components/SelectAllThenDeleteXPI' successfully

2020-06-09 15:20:58 - [TEST_CASE][PASSED] - Test Cases/Components/SelectAllThenDeleteXPI: Test Cases/Components/SelectAllThenDeleteXPI

2020-06-09 15:20:58 - [TEST_STEP][PASSED] - Thread.sleep(1000): null

2020-06-09 15:20:59 - [TEST_STEP][PASSED] - modifiedObj = modifyObjectProperty(findTestObject("Object Repository/Objects.HighlightElements/input_field_index"), "xpath", "equals", "(//*[contains(@name,'" + nameToBeUsed + "')])[" + index + "]", true): Modify property of object successfully

2020-06-09 15:20:59 - [MESSAGE][PASSED] - Modify property of object successfully

2020-06-09 15:20:59 - [TEST_STEP][PASSED] - focus(modifiedObj): Object: 'Object Repository/Objects.HighlightElements/input_field_index' is focused

2020-06-09 15:20:59 - [MESSAGE][PASSED] - Object: 'Object Repository/Objects.HighlightElements/input_field_index' is focused

2020-06-09 15:20:59 - [TEST_STEP][PASSED] - sendKeys(modifiedObj, Keys.chord(CONTROL, "a")): Keys 'CONTROL + a' sent to object: 'Object Repository/Objects.HighlightElements/input_field_index'

2020-06-09 15:20:59 - [MESSAGE][PASSED] - Keys 'CONTROL + a' sent to object: 'Object Repository/Objects.HighlightElements/input_field_index'

2020-06-09 15:20:59 - [TEST_STEP][PASSED] - sendKeys(modifiedObj, Keys.chord(DELETE)): Keys 'DELETE + ' sent to object: 'Object Repository/Objects.HighlightElements/input_field_index'

2020-06-09 15:20:59 - [MESSAGE][PASSED] - Keys 'DELETE + ' sent to object: 'Object Repository/Objects.HighlightElements/input_field_index'

2020-06-09 15:20:59 - [MESSAGE][PASSED] - Call Test Case 'Test Cases/Components/SelectAllThenDeleteXPI' successfully

2020-06-09 15:20:59 - [TEST_STEP][PASSED] - callTestCase(findTestCase("PFI Precision and Scale/PFI Components with Indexing/RequiredFieldValidationXPI"), ["nameToBeUsed":"NovaOfficerComboBox", "index":1], STOP_ON_FAILURE): Call Test Case 'Test Cases/PFI Precision and Scale/PFI Components with Indexing/RequiredFieldValidationXPI' successfully

2020-06-09 15:20:59 - [TEST_CASE][PASSED] - Test Cases/PFI Precision and Scale/PFI Components with Indexing/RequiredFieldValidationXPI: Test Cases/PFI Precision and Scale/PFI Components with Indexing/RequiredFieldValidationXPI

2020-06-09 15:20:59 - [TEST_STEP][PASSED] - enableSmartWait(): null

2020-06-09 15:20:59 - [TEST_STEP][PASSED] - NewInputNmField = modifyObjectProperty(findTestObject("Objects.HighlightElements/input_field_index"), "xpath", "equals", "(//*[contains(@name,'" + nameToBeUsed + "')])[" + index + "]", true): Modify property of object successfully

2020-06-09 15:20:59 - [MESSAGE][PASSED] - Modify property of object successfully

2020-06-09 15:20:59 - [TEST_STEP][PASSED] - getRqErrMsg = getAttribute(NewInputNmField, "data-errorqtip"): Attribute 'data-errorqtip' of object 'Object Repository/Objects.HighlightElements/input_field_index' is: '<ul class="x-list-plain"><li>This field is required</li></ul>'

2020-06-09 15:20:59 - [MESSAGE][PASSED] - Attribute 'data-errorqtip' of object 'Object Repository/Objects.HighlightElements/input_field_index' is: '<ul class="x-list-plain"><li>This field is required</li></ul>'

2020-06-09 15:20:59 - [TEST_STEP][PASSED] - strToolTip = getRqErrMsg.substring(29, 61): null

2020-06-09 15:20:59 - [TEST_STEP][PASSED] - toolTipReqErrMsg = strToolTip.substring(0, 22): null

2020-06-09 15:20:59 - [TEST_STEP][PASSED] - verifyMatch(toolTipReqErrMsg, RqField, true): Actual text 'This field is required' and expected text 'This field is required' are matched  using regular expression

2020-06-09 15:20:59 - [MESSAGE][PASSED] - Actual text 'This field is required' and expected text 'This field is required' are matched  using regular expression

2020-06-09 15:20:59 - [TEST_STEP][PASSED] - delay(3): Delayed 3 second(s)

2020-06-09 15:21:02 - [MESSAGE][PASSED] - Delayed 3 second(s)

2020-06-09 15:21:02 - [TEST_STEP][PASSED] - mouseOver(NewInputNmField): Object: 'Object Repository/Objects.HighlightElements/input_field_index' is hovered

2020-06-09 15:21:02 - [MESSAGE][PASSED] - Object: 'Object Repository/Objects.HighlightElements/input_field_index' is hovered

2020-06-09 15:21:02 - [MESSAGE][PASSED] - Call Test Case 'Test Cases/PFI Precision and Scale/PFI Components with Indexing/RequiredFieldValidationXPI' successfully

2020-06-09 15:21:02 - [TEST_STEP][NOT_RUN] - callTestCase(findTestCase("Components/Logout"), ["LogoutPageTextToBeVerified":findTestData("ISPS2 Test Data").getValue("HomeBanner", 1)], STOP_ON_FAILURE): NOT_RUN: callTestCase(findTestCase("Components/Logout"), ["LogoutPageTextToBeVerified":findTestData("ISPS2 Test Data").getValue("HomeBanner", 1)], STOP_ON_FAILURE)

2020-06-09 15:21:02 - [MESSAGE][NOT_RUN] - NOT_RUN: callTestCase(findTestCase("Components/Logout"), ["LogoutPageTextToBeVerified":findTestData("ISPS2 Test Data").getValue("HomeBanner", 1)], STOP_ON_FAILURE)]]></system-out>
         <system-err><![CDATA[]]></system-err>
      </testcase>
      <testcase name="Test Cases/PFI Precision and Scale/PFI Test Cases/Process Case (PFI)/PFI.TriggerPEPresentationLHS" time="89.258" classname="Test Cases/PFI Precision and Scale/PFI Test Cases/Process Case (PFI)/PFI.TriggerPEPresentationLHS" status="PASSED">
         <system-out><![CDATA[2020-06-09 15:21:02 - [TEST_CASE][PASSED] - Test Cases/PFI Precision and Scale/PFI Test Cases/Process Case (PFI)/PFI.TriggerPEPresentationLHS: Test Cases/PFI Precision and Scale/PFI Test Cases/Process Case (PFI)/PFI.TriggerPEPresentationLHS

2020-06-09 15:21:02 - [TEST_STEP][NOT_RUN] - callTestCase(findTestCase("Components/LoginV2.0"), ["LinkToBeUsed":findTestData("Datatable").getValue("URL", 1), "LoginPageTextToBeVerified":findTestData("Datatable").getValue("HomeBanner", 1), ... ], STOP_ON_FAILURE): NOT_RUN: callTestCase(findTestCase("Components/LoginV2.0"), ["LinkToBeUsed":findTestData("Datatable").getValue("URL", 1), "LoginPageTextToBeVerified":findTestData("Datatable").getValue("HomeBanner", 1), ... ], STOP_ON_FAILURE)

2020-06-09 15:21:02 - [MESSAGE][NOT_RUN] - NOT_RUN: callTestCase(findTestCase("Components/LoginV2.0"), ["LinkToBeUsed":findTestData("Datatable").getValue("URL", 1), "LoginPageTextToBeVerified":findTestData("Datatable").getValue("HomeBanner", 1), ... ], STOP_ON_FAILURE)

2020-06-09 15:21:02 - [TEST_STEP][NOT_RUN] - callTestCase(findTestCase("Components/NavigateToHomepageHeaders"), ["headerText":"My Tasks"], STOP_ON_FAILURE): NOT_RUN: callTestCase(findTestCase("Components/NavigateToHomepageHeaders"), ["headerText":"My Tasks"], STOP_ON_FAILURE)

2020-06-09 15:21:02 - [MESSAGE][NOT_RUN] - NOT_RUN: callTestCase(findTestCase("Components/NavigateToHomepageHeaders"), ["headerText":"My Tasks"], STOP_ON_FAILURE)

2020-06-09 15:21:02 - [TEST_STEP][NOT_RUN] - callTestCase(findTestCase("Components/Filter"), ["taskDescription":"Process Case (SM)"], STOP_ON_FAILURE): NOT_RUN: callTestCase(findTestCase("Components/Filter"), ["taskDescription":"Process Case (SM)"], STOP_ON_FAILURE)

2020-06-09 15:21:02 - [MESSAGE][NOT_RUN] - NOT_RUN: callTestCase(findTestCase("Components/Filter"), ["taskDescription":"Process Case (SM)"], STOP_ON_FAILURE)

2020-06-09 15:21:02 - [TEST_STEP][NOT_RUN] - callTestCase(findTestCase("Components/Wait"), ["secondsToWait":5000], STOP_ON_FAILURE): NOT_RUN: callTestCase(findTestCase("Components/Wait"), ["secondsToWait":5000], STOP_ON_FAILURE)

2020-06-09 15:21:02 - [MESSAGE][NOT_RUN] - NOT_RUN: callTestCase(findTestCase("Components/Wait"), ["secondsToWait":5000], STOP_ON_FAILURE)

2020-06-09 15:21:02 - [TEST_STEP][NOT_RUN] - callTestCase(findTestCase("Components/ClickLinkDependingOnTextAndIndex"), ["linkName":"Process Case (SM)", "index":"6"], STOP_ON_FAILURE): NOT_RUN: callTestCase(findTestCase("Components/ClickLinkDependingOnTextAndIndex"), ["linkName":"Process Case (SM)", "index":"6"], STOP_ON_FAILURE)

2020-06-09 15:21:02 - [MESSAGE][NOT_RUN] - NOT_RUN: callTestCase(findTestCase("Components/ClickLinkDependingOnTextAndIndex"), ["linkName":"Process Case (SM)", "index":"6"], STOP_ON_FAILURE)

2020-06-09 15:21:02 - [TEST_STEP][NOT_RUN] - callTestCase(findTestCase("Components/Wait"), ["secondsToWait":5000], STOP_ON_FAILURE): NOT_RUN: callTestCase(findTestCase("Components/Wait"), ["secondsToWait":5000], STOP_ON_FAILURE)

2020-06-09 15:21:02 - [MESSAGE][NOT_RUN] - NOT_RUN: callTestCase(findTestCase("Components/Wait"), ["secondsToWait":5000], STOP_ON_FAILURE)

2020-06-09 15:21:02 - [TEST_STEP][PASSED] - callTestCase(findTestCase("Components/NavigateToAnyLHS"), ["LHS":"Trigger PE Presentation"], STOP_ON_FAILURE): Call Test Case 'Test Cases/Components/NavigateToAnyLHS' successfully

2020-06-09 15:21:03 - [TEST_CASE][PASSED] - Test Cases/Components/NavigateToAnyLHS: Test Cases/Components/NavigateToAnyLHS

2020-06-09 15:21:03 - [TEST_STEP][PASSED] - Thread.sleep(1000): null

2020-06-09 15:21:04 - [TEST_STEP][PASSED] - modifiedLHS = modifyObjectProperty(findTestObject("Objects.NavigateToAnyLHS/Page_ISPS2/LHSToModify"), "text", "equals", LHS, true): Modify property of object successfully

2020-06-09 15:21:04 - [MESSAGE][PASSED] - Modify property of object successfully

2020-06-09 15:21:04 - [TEST_STEP][PASSED] - click(modifiedLHS): Object: 'Object Repository/Objects.NavigateToAnyLHS/Page_ISPS2/LHSToModify' is clicked on

2020-06-09 15:21:04 - [MESSAGE][PASSED] - Object: 'Object Repository/Objects.NavigateToAnyLHS/Page_ISPS2/LHSToModify' is clicked on

2020-06-09 15:21:04 - [TEST_STEP][PASSED] - currentLHS = getText(modifiedLHS): Text of object 'Object Repository/Objects.NavigateToAnyLHS/Page_ISPS2/LHSToModify' is: 'Trigger PE Presentation'

2020-06-09 15:21:04 - [MESSAGE][PASSED] - Text of object 'Object Repository/Objects.NavigateToAnyLHS/Page_ISPS2/LHSToModify' is: 'Trigger PE Presentation'

2020-06-09 15:21:04 - [TEST_STEP][PASSED] - Thread.sleep(5000): null

2020-06-09 15:21:09 - [MESSAGE][PASSED] - Call Test Case 'Test Cases/Components/NavigateToAnyLHS' successfully

2020-06-09 15:21:09 - [TEST_STEP][PASSED] - callTestCase(findTestCase("Components/VerifyPageSuccessfullyLoaded"), ["HeaderName":"Trigger PE Presentation"], STOP_ON_FAILURE): Call Test Case 'Test Cases/Components/VerifyPageSuccessfullyLoaded' successfully

2020-06-09 15:21:09 - [TEST_CASE][PASSED] - Test Cases/Components/VerifyPageSuccessfullyLoaded: Test Cases/Components/VerifyPageSuccessfullyLoaded

2020-06-09 15:21:09 - [TEST_STEP][PASSED] - Thread.sleep(3000): null

2020-06-09 15:21:12 - [TEST_STEP][PASSED] - ModifiedHeaderName = modifyObjectProperty(findTestObject("Objects.VerifyPageSuccessfullyLoaded/PageHeader"), "text", "equals", HeaderName, true): Modify property of object successfully

2020-06-09 15:21:12 - [MESSAGE][PASSED] - Modify property of object successfully

2020-06-09 15:21:12 - [TEST_STEP][PASSED] - verifyElementPresent(ModifiedHeaderName, 30): Object 'Object Repository/Objects.VerifyPageSuccessfullyLoaded/PageHeader' is present

2020-06-09 15:21:12 - [MESSAGE][PASSED] - Object 'Object Repository/Objects.VerifyPageSuccessfullyLoaded/PageHeader' is present

2020-06-09 15:21:12 - [TEST_STEP][PASSED] - com.reusableComponents.HighlightElement.run(ModifiedHeaderName): com.reusableComponents.HighlightElement.run is PASSED

2020-06-09 15:21:13 - [MESSAGE][PASSED] - com.reusableComponents.HighlightElement.run is PASSED

2020-06-09 15:21:13 - [MESSAGE][PASSED] - Call Test Case 'Test Cases/Components/VerifyPageSuccessfullyLoaded' successfully

2020-06-09 15:21:13 - [TEST_STEP][PASSED] - callTestCase(findTestCase("Components/ClickCheckBoxColumnHeader"), ["NextColHeader":"Building Characteristic", "index":1], STOP_ON_FAILURE): Call Test Case 'Test Cases/Components/ClickCheckBoxColumnHeader' successfully

2020-06-09 15:21:13 - [TEST_CASE][PASSED] - Test Cases/Components/ClickCheckBoxColumnHeader: Test Cases/Components/ClickCheckBoxColumnHeader

2020-06-09 15:21:13 - [TEST_STEP][PASSED] - Thread.sleep(1000): null

2020-06-09 15:21:14 - [TEST_STEP][PASSED] - modifiedObject = modifyObjectProperty(findTestObject("Objects.ReusableObjects/CheckboxHeader"), "xpath", "equals", "//*[contains(@class, 'x-column-header-text') and text()='" + NextColHeader + "']//preceding::div[" + index + "]", true): Modify property of object successfully

2020-06-09 15:21:14 - [MESSAGE][PASSED] - Modify property of object successfully

2020-06-09 15:21:14 - [TEST_STEP][PASSED] - com.reusableComponents.HighlightElement.run(modifiedObject): com.reusableComponents.HighlightElement.run is PASSED

2020-06-09 15:21:14 - [MESSAGE][PASSED] - com.reusableComponents.HighlightElement.run is PASSED

2020-06-09 15:21:14 - [TEST_STEP][PASSED] - check(modifiedObject): Object 'Object Repository/Objects.ReusableObjects/CheckboxHeader' is checked

2020-06-09 15:21:14 - [MESSAGE][PASSED] - Object 'Object Repository/Objects.ReusableObjects/CheckboxHeader' is checked

2020-06-09 15:21:14 - [MESSAGE][PASSED] - Call Test Case 'Test Cases/Components/ClickCheckBoxColumnHeader' successfully

2020-06-09 15:21:14 - [TEST_STEP][PASSED] - callTestCase(findTestCase("Components/HighlightInputFieldXPI"), ["FldNm":"submInd_0", "index":1], STOP_ON_FAILURE): Call Test Case 'Test Cases/Components/HighlightInputFieldXPI' successfully

2020-06-09 15:21:14 - [TEST_CASE][PASSED] - Test Cases/Components/HighlightInputFieldXPI: Test Cases/Components/HighlightInputFieldXPI

2020-06-09 15:21:14 - [TEST_STEP][PASSED] - Thread.sleep(1000): null

2020-06-09 15:21:15 - [TEST_STEP][PASSED] - modifiedInputNm = modifyObjectProperty(findTestObject("Object Repository/Objects.HighlightElements/input_field_index"), "xpath", "equals", "(//*[contains(@name, '" + FldNm + "')])[" + index + "]", true): Modify property of object successfully

2020-06-09 15:21:15 - [MESSAGE][PASSED] - Modify property of object successfully

2020-06-09 15:21:15 - [TEST_STEP][PASSED] - com.reusableComponents.HighlightElement.run(modifiedInputNm): com.reusableComponents.HighlightElement.run is PASSED

2020-06-09 15:21:16 - [MESSAGE][PASSED] - com.reusableComponents.HighlightElement.run is PASSED

2020-06-09 15:21:16 - [MESSAGE][PASSED] - Call Test Case 'Test Cases/Components/HighlightInputFieldXPI' successfully

2020-06-09 15:21:16 - [TEST_STEP][PASSED] - callTestCase(findTestCase("PFI Precision and Scale/HashMap Tables/ConstantHashMap"), ["FldNm":"submInd_0", "index":1, "CallTCName":"PFI Precision and Scale/PFI Components/ConstantHashMap", "cmbNm":"PresINd", ... ], STOP_ON_FAILURE): Call Test Case 'Test Cases/PFI Precision and Scale/HashMap Tables/ConstantHashMap' successfully

2020-06-09 15:21:16 - [TEST_CASE][PASSED] - Test Cases/PFI Precision and Scale/HashMap Tables/ConstantHashMap: Test Cases/PFI Precision and Scale/HashMap Tables/ConstantHashMap

2020-06-09 15:21:16 - [TEST_STEP][PASSED] - ConstantTBL = [1:["PeriodType":"Working Day(s)"], 2:["PeriodType":"Calendar Day(s)"], 3:["PeriodType":"Month(s)"], 4:["TypeOfLetter":"T1"], ... ]: null

2020-06-09 15:21:16 - [TEST_STEP][PASSED] - switch (DropdownNm): null

2020-06-09 15:21:16 - [TEST_STEP][PASSED] - Default: null

2020-06-09 15:21:16 - [TEST_STEP][PASSED] - comment("Not found in the List"): Not found in the List

2020-06-09 15:21:16 - [MESSAGE][INFO] - Not found in the List

2020-06-09 15:21:16 - [TEST_STEP][PASSED] - break: null

2020-06-09 15:21:16 - [MESSAGE][PASSED] - Call Test Case 'Test Cases/PFI Precision and Scale/HashMap Tables/ConstantHashMap' successfully

2020-06-09 15:21:16 - [TEST_STEP][PASSED] - callTestCase(findTestCase("Components/SelectAllThenDeleteXPI"), ["nameToBeUsed":"submInd_0", "index":1], STOP_ON_FAILURE): Call Test Case 'Test Cases/Components/SelectAllThenDeleteXPI' successfully

2020-06-09 15:21:16 - [TEST_CASE][PASSED] - Test Cases/Components/SelectAllThenDeleteXPI: Test Cases/Components/SelectAllThenDeleteXPI

2020-06-09 15:21:16 - [TEST_STEP][PASSED] - Thread.sleep(1000): null

2020-06-09 15:21:17 - [TEST_STEP][PASSED] - modifiedObj = modifyObjectProperty(findTestObject("Object Repository/Objects.HighlightElements/input_field_index"), "xpath", "equals", "(//*[contains(@name,'" + nameToBeUsed + "')])[" + index + "]", true): Modify property of object successfully

2020-06-09 15:21:17 - [MESSAGE][PASSED] - Modify property of object successfully

2020-06-09 15:21:17 - [TEST_STEP][PASSED] - focus(modifiedObj): Object: 'Object Repository/Objects.HighlightElements/input_field_index' is focused

2020-06-09 15:21:17 - [MESSAGE][PASSED] - Object: 'Object Repository/Objects.HighlightElements/input_field_index' is focused

2020-06-09 15:21:17 - [TEST_STEP][PASSED] - sendKeys(modifiedObj, Keys.chord(CONTROL, "a")): Keys 'CONTROL + a' sent to object: 'Object Repository/Objects.HighlightElements/input_field_index'

2020-06-09 15:21:17 - [MESSAGE][PASSED] - Keys 'CONTROL + a' sent to object: 'Object Repository/Objects.HighlightElements/input_field_index'

2020-06-09 15:21:17 - [TEST_STEP][PASSED] - sendKeys(modifiedObj, Keys.chord(DELETE)): Keys 'DELETE + ' sent to object: 'Object Repository/Objects.HighlightElements/input_field_index'

2020-06-09 15:21:17 - [MESSAGE][PASSED] - Keys 'DELETE + ' sent to object: 'Object Repository/Objects.HighlightElements/input_field_index'

2020-06-09 15:21:17 - [MESSAGE][PASSED] - Call Test Case 'Test Cases/Components/SelectAllThenDeleteXPI' successfully

2020-06-09 15:21:17 - [TEST_STEP][PASSED] - callTestCase(findTestCase("PFI Precision and Scale/PFI Components with Indexing/RequiredFieldValidationXPI"), ["nameToBeUsed":"submInd_0", "index":1], STOP_ON_FAILURE): Call Test Case 'Test Cases/PFI Precision and Scale/PFI Components with Indexing/RequiredFieldValidationXPI' successfully

2020-06-09 15:21:17 - [TEST_CASE][PASSED] - Test Cases/PFI Precision and Scale/PFI Components with Indexing/RequiredFieldValidationXPI: Test Cases/PFI Precision and Scale/PFI Components with Indexing/RequiredFieldValidationXPI

2020-06-09 15:21:17 - [TEST_STEP][PASSED] - enableSmartWait(): null

2020-06-09 15:21:17 - [TEST_STEP][PASSED] - NewInputNmField = modifyObjectProperty(findTestObject("Objects.HighlightElements/input_field_index"), "xpath", "equals", "(//*[contains(@name,'" + nameToBeUsed + "')])[" + index + "]", true): Modify property of object successfully

2020-06-09 15:21:17 - [MESSAGE][PASSED] - Modify property of object successfully

2020-06-09 15:21:17 - [TEST_STEP][PASSED] - getRqErrMsg = getAttribute(NewInputNmField, "data-errorqtip"): Attribute 'data-errorqtip' of object 'Object Repository/Objects.HighlightElements/input_field_index' is: '<ul class="x-list-plain"><li>This field is required</li></ul>'

2020-06-09 15:21:17 - [MESSAGE][PASSED] - Attribute 'data-errorqtip' of object 'Object Repository/Objects.HighlightElements/input_field_index' is: '<ul class="x-list-plain"><li>This field is required</li></ul>'

2020-06-09 15:21:17 - [TEST_STEP][PASSED] - strToolTip = getRqErrMsg.substring(29, 61): null

2020-06-09 15:21:17 - [TEST_STEP][PASSED] - toolTipReqErrMsg = strToolTip.substring(0, 22): null

2020-06-09 15:21:17 - [TEST_STEP][PASSED] - verifyMatch(toolTipReqErrMsg, RqField, true): Actual text 'This field is required' and expected text 'This field is required' are matched  using regular expression

2020-06-09 15:21:17 - [MESSAGE][PASSED] - Actual text 'This field is required' and expected text 'This field is required' are matched  using regular expression

2020-06-09 15:21:17 - [TEST_STEP][PASSED] - delay(3): Delayed 3 second(s)

2020-06-09 15:21:20 - [MESSAGE][PASSED] - Delayed 3 second(s)

2020-06-09 15:21:20 - [TEST_STEP][PASSED] - mouseOver(NewInputNmField): Object: 'Object Repository/Objects.HighlightElements/input_field_index' is hovered

2020-06-09 15:21:21 - [MESSAGE][PASSED] - Object: 'Object Repository/Objects.HighlightElements/input_field_index' is hovered

2020-06-09 15:21:21 - [MESSAGE][PASSED] - Call Test Case 'Test Cases/PFI Precision and Scale/PFI Components with Indexing/RequiredFieldValidationXPI' successfully

2020-06-09 15:21:21 - [TEST_STEP][PASSED] - callTestCase(findTestCase("Components/HighlightInputFieldXPI"), ["FldNm":"submInd_1", "index":1], STOP_ON_FAILURE): Call Test Case 'Test Cases/Components/HighlightInputFieldXPI' successfully

2020-06-09 15:21:21 - [TEST_CASE][PASSED] - Test Cases/Components/HighlightInputFieldXPI: Test Cases/Components/HighlightInputFieldXPI

2020-06-09 15:21:21 - [TEST_STEP][PASSED] - Thread.sleep(1000): null

2020-06-09 15:21:22 - [TEST_STEP][PASSED] - modifiedInputNm = modifyObjectProperty(findTestObject("Object Repository/Objects.HighlightElements/input_field_index"), "xpath", "equals", "(//*[contains(@name, '" + FldNm + "')])[" + index + "]", true): Modify property of object successfully

2020-06-09 15:21:22 - [MESSAGE][PASSED] - Modify property of object successfully

2020-06-09 15:21:22 - [TEST_STEP][PASSED] - com.reusableComponents.HighlightElement.run(modifiedInputNm): com.reusableComponents.HighlightElement.run is PASSED

2020-06-09 15:21:22 - [MESSAGE][PASSED] - com.reusableComponents.HighlightElement.run is PASSED

2020-06-09 15:21:22 - [MESSAGE][PASSED] - Call Test Case 'Test Cases/Components/HighlightInputFieldXPI' successfully

2020-06-09 15:21:22 - [TEST_STEP][PASSED] - callTestCase(findTestCase("PFI Precision and Scale/PFI Components with Indexing/VerifyDropdownValuesXPI"), ["FldNm":"submInd_1", "index":1, "CallTCName":"PFI Precision and Scale/HashMap Tables/ConstantHashMap", "cmbNm":"PresINd", ... ], STOP_ON_FAILURE): Call Test Case 'Test Cases/PFI Precision and Scale/PFI Components with Indexing/VerifyDropdownValuesXPI' successfully

2020-06-09 15:21:22 - [TEST_CASE][PASSED] - Test Cases/PFI Precision and Scale/PFI Components with Indexing/VerifyDropdownValuesXPI: Test Cases/PFI Precision and Scale/PFI Components with Indexing/VerifyDropdownValuesXPI

2020-06-09 15:21:22 - [TEST_STEP][PASSED] - Thread.sleep(1000): null

2020-06-09 15:21:23 - [TEST_STEP][PASSED] - OutputFile = new java.io.File(DropdownValuesResult.txt): null

2020-06-09 15:21:23 - [TEST_STEP][PASSED] - TimeStamp = new java.util.Date(): null

2020-06-09 15:21:23 - [TEST_STEP][PASSED] - NewInputNmField = modifyObjectProperty(findTestObject("Object Repository/Objects.HighlightElements/input_field_index"), "xpath", "equals", "(//*[contains(@name, '" + FldNm + "')])[" + index + "]", true): Modify property of object successfully

2020-06-09 15:21:23 - [MESSAGE][PASSED] - Modify property of object successfully

2020-06-09 15:21:23 - [TEST_STEP][PASSED] - comboNm = cmbNm: null

2020-06-09 15:21:23 - [TEST_STEP][PASSED] - focus(NewInputNmField): Object: 'Object Repository/Objects.HighlightElements/input_field_index' is focused

2020-06-09 15:21:23 - [MESSAGE][PASSED] - Object: 'Object Repository/Objects.HighlightElements/input_field_index' is focused

2020-06-09 15:21:23 - [TEST_STEP][PASSED] - setText(NewInputNmField, EnterValue): Text '' is set on object 'Object Repository/Objects.HighlightElements/input_field_index'

2020-06-09 15:21:23 - [MESSAGE][PASSED] - Text '' is set on object 'Object Repository/Objects.HighlightElements/input_field_index'

2020-06-09 15:21:23 - [TEST_STEP][PASSED] - for ([i = 1, i <= NoOfVal, (i++)]): Keys 'DOWN + ' sent to object: 'Object Repository/Objects.HighlightElements/input_field_index'

2020-06-09 15:21:23 - [TEST_STEP][PASSED] - sendKeys(NewInputNmField, Keys.chord(ARROW_DOWN)): Keys 'DOWN + ' sent to object: 'Object Repository/Objects.HighlightElements/input_field_index'

2020-06-09 15:21:23 - [MESSAGE][PASSED] - Keys 'DOWN + ' sent to object: 'Object Repository/Objects.HighlightElements/input_field_index'

2020-06-09 15:21:23 - [TEST_STEP][PASSED] - delay(DelayTime): Delayed 2 second(s)

2020-06-09 15:21:25 - [MESSAGE][PASSED] - Delayed 2 second(s)

2020-06-09 15:21:25 - [TEST_STEP][PASSED] - sendKeys(NewInputNmField, Keys.chord(ENTER)): Keys 'ENTER + ' sent to object: 'Object Repository/Objects.HighlightElements/input_field_index'

2020-06-09 15:21:25 - [MESSAGE][PASSED] - Keys 'ENTER + ' sent to object: 'Object Repository/Objects.HighlightElements/input_field_index'

2020-06-09 15:21:25 - [TEST_STEP][PASSED] - ComboBoxValue = getAttribute(NewInputNmField, "value"): Attribute 'value' of object 'Object Repository/Objects.HighlightElements/input_field_index' is: 'Yes'

2020-06-09 15:21:25 - [MESSAGE][PASSED] - Attribute 'value' of object 'Object Repository/Objects.HighlightElements/input_field_index' is: 'Yes'

2020-06-09 15:21:25 - [TEST_STEP][PASSED] - callTestCase(findTestCase(CallTCName), ["FindValue":ComboBoxValue, "DropdownNm":comboNm], STOP_ON_FAILURE): Call Test Case 'Test Cases/PFI Precision and Scale/HashMap Tables/ConstantHashMap' successfully

2020-06-09 15:21:26 - [TEST_CASE][PASSED] - Test Cases/PFI Precision and Scale/HashMap Tables/ConstantHashMap: Test Cases/PFI Precision and Scale/HashMap Tables/ConstantHashMap

2020-06-09 15:21:26 - [TEST_STEP][PASSED] - ConstantTBL = [1:["PeriodType":"Working Day(s)"], 2:["PeriodType":"Calendar Day(s)"], 3:["PeriodType":"Month(s)"], 4:["TypeOfLetter":"T1"], ... ]: null

2020-06-09 15:21:26 - [TEST_STEP][PASSED] - switch (DropdownNm): null

2020-06-09 15:21:26 - [TEST_STEP][PASSED] - case "PresINd":: null

2020-06-09 15:21:26 - [TEST_STEP][PASSED] - ValueFound = ConstantTBL.find({ -> ... }): null

2020-06-09 15:21:26 - [TEST_STEP][PASSED] - break: null

2020-06-09 15:21:26 - [MESSAGE][PASSED] - Call Test Case 'Test Cases/PFI Precision and Scale/HashMap Tables/ConstantHashMap' successfully

2020-06-09 15:21:26 - [TEST_STEP][PASSED] - OutputFile.append("Search Value: " + ComboBoxValue + " " + "Found Value: " + ValueFound + TimeStamp + "
"): null

2020-06-09 15:21:26 - [TEST_STEP][PASSED] - sendKeys(NewInputNmField, Keys.chord(ARROW_DOWN)): Keys 'DOWN + ' sent to object: 'Object Repository/Objects.HighlightElements/input_field_index'

2020-06-09 15:21:26 - [MESSAGE][PASSED] - Keys 'DOWN + ' sent to object: 'Object Repository/Objects.HighlightElements/input_field_index'

2020-06-09 15:21:26 - [TEST_STEP][PASSED] - sendKeys(NewInputNmField, Keys.chord(ARROW_DOWN)): Keys 'DOWN + ' sent to object: 'Object Repository/Objects.HighlightElements/input_field_index'

2020-06-09 15:21:26 - [MESSAGE][PASSED] - Keys 'DOWN + ' sent to object: 'Object Repository/Objects.HighlightElements/input_field_index'

2020-06-09 15:21:26 - [TEST_STEP][PASSED] - delay(DelayTime): Delayed 2 second(s)

2020-06-09 15:21:28 - [MESSAGE][PASSED] - Delayed 2 second(s)

2020-06-09 15:21:28 - [TEST_STEP][PASSED] - sendKeys(NewInputNmField, Keys.chord(ENTER)): Keys 'ENTER + ' sent to object: 'Object Repository/Objects.HighlightElements/input_field_index'

2020-06-09 15:21:28 - [MESSAGE][PASSED] - Keys 'ENTER + ' sent to object: 'Object Repository/Objects.HighlightElements/input_field_index'

2020-06-09 15:21:28 - [TEST_STEP][PASSED] - ComboBoxValue = getAttribute(NewInputNmField, "value"): Attribute 'value' of object 'Object Repository/Objects.HighlightElements/input_field_index' is: 'No'

2020-06-09 15:21:28 - [MESSAGE][PASSED] - Attribute 'value' of object 'Object Repository/Objects.HighlightElements/input_field_index' is: 'No'

2020-06-09 15:21:28 - [TEST_STEP][PASSED] - callTestCase(findTestCase(CallTCName), ["FindValue":ComboBoxValue, "DropdownNm":comboNm], STOP_ON_FAILURE): Call Test Case 'Test Cases/PFI Precision and Scale/HashMap Tables/ConstantHashMap' successfully

2020-06-09 15:21:28 - [TEST_CASE][PASSED] - Test Cases/PFI Precision and Scale/HashMap Tables/ConstantHashMap: Test Cases/PFI Precision and Scale/HashMap Tables/ConstantHashMap

2020-06-09 15:21:28 - [TEST_STEP][PASSED] - ConstantTBL = [1:["PeriodType":"Working Day(s)"], 2:["PeriodType":"Calendar Day(s)"], 3:["PeriodType":"Month(s)"], 4:["TypeOfLetter":"T1"], ... ]: null

2020-06-09 15:21:28 - [TEST_STEP][PASSED] - switch (DropdownNm): null

2020-06-09 15:21:28 - [TEST_STEP][PASSED] - case "PresINd":: null

2020-06-09 15:21:28 - [TEST_STEP][PASSED] - ValueFound = ConstantTBL.find({ -> ... }): null

2020-06-09 15:21:28 - [TEST_STEP][PASSED] - break: null

2020-06-09 15:21:28 - [MESSAGE][PASSED] - Call Test Case 'Test Cases/PFI Precision and Scale/HashMap Tables/ConstantHashMap' successfully

2020-06-09 15:21:28 - [TEST_STEP][PASSED] - OutputFile.append("Search Value: " + ComboBoxValue + " " + "Found Value: " + ValueFound + TimeStamp + "
"): null

2020-06-09 15:21:28 - [TEST_STEP][PASSED] - sendKeys(NewInputNmField, Keys.chord(ARROW_DOWN)): Keys 'DOWN + ' sent to object: 'Object Repository/Objects.HighlightElements/input_field_index'

2020-06-09 15:21:28 - [MESSAGE][PASSED] - Keys 'DOWN + ' sent to object: 'Object Repository/Objects.HighlightElements/input_field_index'

2020-06-09 15:21:28 - [TEST_STEP][PASSED] - sendKeys(NewInputNmField, Keys.chord(ENTER)): Keys 'ENTER + ' sent to object: 'Object Repository/Objects.HighlightElements/input_field_index'

2020-06-09 15:21:28 - [MESSAGE][PASSED] - Keys 'ENTER + ' sent to object: 'Object Repository/Objects.HighlightElements/input_field_index'

2020-06-09 15:21:28 - [MESSAGE][PASSED] - Call Test Case 'Test Cases/PFI Precision and Scale/PFI Components with Indexing/VerifyDropdownValuesXPI' successfully

2020-06-09 15:21:28 - [TEST_STEP][PASSED] - callTestCase(findTestCase("Components/SelectAllThenDeleteXPI"), ["nameToBeUsed":"submInd_1", "index":"1"], STOP_ON_FAILURE): Call Test Case 'Test Cases/Components/SelectAllThenDeleteXPI' successfully

2020-06-09 15:21:28 - [TEST_CASE][PASSED] - Test Cases/Components/SelectAllThenDeleteXPI: Test Cases/Components/SelectAllThenDeleteXPI

2020-06-09 15:21:28 - [TEST_STEP][PASSED] - Thread.sleep(1000): null

2020-06-09 15:21:29 - [TEST_STEP][PASSED] - modifiedObj = modifyObjectProperty(findTestObject("Object Repository/Objects.HighlightElements/input_field_index"), "xpath", "equals", "(//*[contains(@name,'" + nameToBeUsed + "')])[" + index + "]", true): Modify property of object successfully

2020-06-09 15:21:29 - [MESSAGE][PASSED] - Modify property of object successfully

2020-06-09 15:21:29 - [TEST_STEP][PASSED] - focus(modifiedObj): Object: 'Object Repository/Objects.HighlightElements/input_field_index' is focused

2020-06-09 15:21:29 - [MESSAGE][PASSED] - Object: 'Object Repository/Objects.HighlightElements/input_field_index' is focused

2020-06-09 15:21:29 - [TEST_STEP][PASSED] - sendKeys(modifiedObj, Keys.chord(CONTROL, "a")): Keys 'CONTROL + a' sent to object: 'Object Repository/Objects.HighlightElements/input_field_index'

2020-06-09 15:21:29 - [MESSAGE][PASSED] - Keys 'CONTROL + a' sent to object: 'Object Repository/Objects.HighlightElements/input_field_index'

2020-06-09 15:21:29 - [TEST_STEP][PASSED] - sendKeys(modifiedObj, Keys.chord(DELETE)): Keys 'DELETE + ' sent to object: 'Object Repository/Objects.HighlightElements/input_field_index'

2020-06-09 15:21:29 - [MESSAGE][PASSED] - Keys 'DELETE + ' sent to object: 'Object Repository/Objects.HighlightElements/input_field_index'

2020-06-09 15:21:29 - [MESSAGE][PASSED] - Call Test Case 'Test Cases/Components/SelectAllThenDeleteXPI' successfully

2020-06-09 15:21:29 - [TEST_STEP][PASSED] - callTestCase(findTestCase("PFI Precision and Scale/PFI Components with Indexing/RequiredFieldValidationXPI"), ["nameToBeUsed":"submInd_1", "index":1], STOP_ON_FAILURE): Call Test Case 'Test Cases/PFI Precision and Scale/PFI Components with Indexing/RequiredFieldValidationXPI' successfully

2020-06-09 15:21:29 - [TEST_CASE][PASSED] - Test Cases/PFI Precision and Scale/PFI Components with Indexing/RequiredFieldValidationXPI: Test Cases/PFI Precision and Scale/PFI Components with Indexing/RequiredFieldValidationXPI

2020-06-09 15:21:29 - [TEST_STEP][PASSED] - enableSmartWait(): null

2020-06-09 15:21:29 - [TEST_STEP][PASSED] - NewInputNmField = modifyObjectProperty(findTestObject("Objects.HighlightElements/input_field_index"), "xpath", "equals", "(//*[contains(@name,'" + nameToBeUsed + "')])[" + index + "]", true): Modify property of object successfully

2020-06-09 15:21:29 - [MESSAGE][PASSED] - Modify property of object successfully

2020-06-09 15:21:29 - [TEST_STEP][PASSED] - getRqErrMsg = getAttribute(NewInputNmField, "data-errorqtip"): Attribute 'data-errorqtip' of object 'Object Repository/Objects.HighlightElements/input_field_index' is: '<ul class="x-list-plain"><li>This field is required</li></ul>'

2020-06-09 15:21:29 - [MESSAGE][PASSED] - Attribute 'data-errorqtip' of object 'Object Repository/Objects.HighlightElements/input_field_index' is: '<ul class="x-list-plain"><li>This field is required</li></ul>'

2020-06-09 15:21:29 - [TEST_STEP][PASSED] - strToolTip = getRqErrMsg.substring(29, 61): null

2020-06-09 15:21:29 - [TEST_STEP][PASSED] - toolTipReqErrMsg = strToolTip.substring(0, 22): null

2020-06-09 15:21:29 - [TEST_STEP][PASSED] - verifyMatch(toolTipReqErrMsg, RqField, true): Actual text 'This field is required' and expected text 'This field is required' are matched  using regular expression

2020-06-09 15:21:29 - [MESSAGE][PASSED] - Actual text 'This field is required' and expected text 'This field is required' are matched  using regular expression

2020-06-09 15:21:29 - [TEST_STEP][PASSED] - delay(3): Delayed 3 second(s)

2020-06-09 15:21:32 - [MESSAGE][PASSED] - Delayed 3 second(s)

2020-06-09 15:21:32 - [TEST_STEP][PASSED] - mouseOver(NewInputNmField): Object: 'Object Repository/Objects.HighlightElements/input_field_index' is hovered

2020-06-09 15:21:32 - [MESSAGE][PASSED] - Object: 'Object Repository/Objects.HighlightElements/input_field_index' is hovered

2020-06-09 15:21:32 - [MESSAGE][PASSED] - Call Test Case 'Test Cases/PFI Precision and Scale/PFI Components with Indexing/RequiredFieldValidationXPI' successfully

2020-06-09 15:21:32 - [TEST_STEP][PASSED] - callTestCase(findTestCase("Components/HighlightInputFieldXPI"), ["FldNm":"submInd_2", "index":1], STOP_ON_FAILURE): Call Test Case 'Test Cases/Components/HighlightInputFieldXPI' successfully

2020-06-09 15:21:32 - [TEST_CASE][PASSED] - Test Cases/Components/HighlightInputFieldXPI: Test Cases/Components/HighlightInputFieldXPI

2020-06-09 15:21:32 - [TEST_STEP][PASSED] - Thread.sleep(1000): null

2020-06-09 15:21:33 - [TEST_STEP][PASSED] - modifiedInputNm = modifyObjectProperty(findTestObject("Object Repository/Objects.HighlightElements/input_field_index"), "xpath", "equals", "(//*[contains(@name, '" + FldNm + "')])[" + index + "]", true): Modify property of object successfully

2020-06-09 15:21:33 - [MESSAGE][PASSED] - Modify property of object successfully

2020-06-09 15:21:33 - [TEST_STEP][PASSED] - com.reusableComponents.HighlightElement.run(modifiedInputNm): com.reusableComponents.HighlightElement.run is PASSED

2020-06-09 15:21:34 - [MESSAGE][PASSED] - com.reusableComponents.HighlightElement.run is PASSED

2020-06-09 15:21:34 - [MESSAGE][PASSED] - Call Test Case 'Test Cases/Components/HighlightInputFieldXPI' successfully

2020-06-09 15:21:34 - [TEST_STEP][PASSED] - callTestCase(findTestCase("PFI Precision and Scale/PFI Components with Indexing/VerifyDropdownValuesXPI"), ["FldNm":"submInd_2", "index":1, "CallTCName":"PFI Precision and Scale/HashMap Tables/ConstantHashMap", "cmbNm":"PresINd", ... ], STOP_ON_FAILURE): Call Test Case 'Test Cases/PFI Precision and Scale/PFI Components with Indexing/VerifyDropdownValuesXPI' successfully

2020-06-09 15:21:34 - [TEST_CASE][PASSED] - Test Cases/PFI Precision and Scale/PFI Components with Indexing/VerifyDropdownValuesXPI: Test Cases/PFI Precision and Scale/PFI Components with Indexing/VerifyDropdownValuesXPI

2020-06-09 15:21:34 - [TEST_STEP][PASSED] - Thread.sleep(1000): null

2020-06-09 15:21:35 - [TEST_STEP][PASSED] - OutputFile = new java.io.File(DropdownValuesResult.txt): null

2020-06-09 15:21:35 - [TEST_STEP][PASSED] - TimeStamp = new java.util.Date(): null

2020-06-09 15:21:35 - [TEST_STEP][PASSED] - NewInputNmField = modifyObjectProperty(findTestObject("Object Repository/Objects.HighlightElements/input_field_index"), "xpath", "equals", "(//*[contains(@name, '" + FldNm + "')])[" + index + "]", true): Modify property of object successfully

2020-06-09 15:21:35 - [MESSAGE][PASSED] - Modify property of object successfully

2020-06-09 15:21:35 - [TEST_STEP][PASSED] - comboNm = cmbNm: null

2020-06-09 15:21:35 - [TEST_STEP][PASSED] - focus(NewInputNmField): Object: 'Object Repository/Objects.HighlightElements/input_field_index' is focused

2020-06-09 15:21:35 - [MESSAGE][PASSED] - Object: 'Object Repository/Objects.HighlightElements/input_field_index' is focused

2020-06-09 15:21:35 - [TEST_STEP][PASSED] - setText(NewInputNmField, EnterValue): Text '' is set on object 'Object Repository/Objects.HighlightElements/input_field_index'

2020-06-09 15:21:35 - [MESSAGE][PASSED] - Text '' is set on object 'Object Repository/Objects.HighlightElements/input_field_index'

2020-06-09 15:21:35 - [TEST_STEP][PASSED] - for ([i = 1, i <= NoOfVal, (i++)]): Keys 'DOWN + ' sent to object: 'Object Repository/Objects.HighlightElements/input_field_index'

2020-06-09 15:21:35 - [TEST_STEP][PASSED] - sendKeys(NewInputNmField, Keys.chord(ARROW_DOWN)): Keys 'DOWN + ' sent to object: 'Object Repository/Objects.HighlightElements/input_field_index'

2020-06-09 15:21:35 - [MESSAGE][PASSED] - Keys 'DOWN + ' sent to object: 'Object Repository/Objects.HighlightElements/input_field_index'

2020-06-09 15:21:35 - [TEST_STEP][PASSED] - delay(DelayTime): Delayed 2 second(s)

2020-06-09 15:21:37 - [MESSAGE][PASSED] - Delayed 2 second(s)

2020-06-09 15:21:37 - [TEST_STEP][PASSED] - sendKeys(NewInputNmField, Keys.chord(ENTER)): Keys 'ENTER + ' sent to object: 'Object Repository/Objects.HighlightElements/input_field_index'

2020-06-09 15:21:37 - [MESSAGE][PASSED] - Keys 'ENTER + ' sent to object: 'Object Repository/Objects.HighlightElements/input_field_index'

2020-06-09 15:21:37 - [TEST_STEP][PASSED] - ComboBoxValue = getAttribute(NewInputNmField, "value"): Attribute 'value' of object 'Object Repository/Objects.HighlightElements/input_field_index' is: 'Yes'

2020-06-09 15:21:37 - [MESSAGE][PASSED] - Attribute 'value' of object 'Object Repository/Objects.HighlightElements/input_field_index' is: 'Yes'

2020-06-09 15:21:37 - [TEST_STEP][PASSED] - callTestCase(findTestCase(CallTCName), ["FindValue":ComboBoxValue, "DropdownNm":comboNm], STOP_ON_FAILURE): Call Test Case 'Test Cases/PFI Precision and Scale/HashMap Tables/ConstantHashMap' successfully

2020-06-09 15:21:37 - [TEST_CASE][PASSED] - Test Cases/PFI Precision and Scale/HashMap Tables/ConstantHashMap: Test Cases/PFI Precision and Scale/HashMap Tables/ConstantHashMap

2020-06-09 15:21:37 - [TEST_STEP][PASSED] - ConstantTBL = [1:["PeriodType":"Working Day(s)"], 2:["PeriodType":"Calendar Day(s)"], 3:["PeriodType":"Month(s)"], 4:["TypeOfLetter":"T1"], ... ]: null

2020-06-09 15:21:37 - [TEST_STEP][PASSED] - switch (DropdownNm): null

2020-06-09 15:21:37 - [TEST_STEP][PASSED] - case "PresINd":: null

2020-06-09 15:21:37 - [TEST_STEP][PASSED] - ValueFound = ConstantTBL.find({ -> ... }): null

2020-06-09 15:21:37 - [TEST_STEP][PASSED] - break: null

2020-06-09 15:21:37 - [MESSAGE][PASSED] - Call Test Case 'Test Cases/PFI Precision and Scale/HashMap Tables/ConstantHashMap' successfully

2020-06-09 15:21:37 - [TEST_STEP][PASSED] - OutputFile.append("Search Value: " + ComboBoxValue + " " + "Found Value: " + ValueFound + TimeStamp + "
"): null

2020-06-09 15:21:37 - [TEST_STEP][PASSED] - sendKeys(NewInputNmField, Keys.chord(ARROW_DOWN)): Keys 'DOWN + ' sent to object: 'Object Repository/Objects.HighlightElements/input_field_index'

2020-06-09 15:21:37 - [MESSAGE][PASSED] - Keys 'DOWN + ' sent to object: 'Object Repository/Objects.HighlightElements/input_field_index'

2020-06-09 15:21:37 - [TEST_STEP][PASSED] - sendKeys(NewInputNmField, Keys.chord(ARROW_DOWN)): Keys 'DOWN + ' sent to object: 'Object Repository/Objects.HighlightElements/input_field_index'

2020-06-09 15:21:37 - [MESSAGE][PASSED] - Keys 'DOWN + ' sent to object: 'Object Repository/Objects.HighlightElements/input_field_index'

2020-06-09 15:21:37 - [TEST_STEP][PASSED] - delay(DelayTime): Delayed 2 second(s)

2020-06-09 15:21:39 - [MESSAGE][PASSED] - Delayed 2 second(s)

2020-06-09 15:21:39 - [TEST_STEP][PASSED] - sendKeys(NewInputNmField, Keys.chord(ENTER)): Keys 'ENTER + ' sent to object: 'Object Repository/Objects.HighlightElements/input_field_index'

2020-06-09 15:21:39 - [MESSAGE][PASSED] - Keys 'ENTER + ' sent to object: 'Object Repository/Objects.HighlightElements/input_field_index'

2020-06-09 15:21:39 - [TEST_STEP][PASSED] - ComboBoxValue = getAttribute(NewInputNmField, "value"): Attribute 'value' of object 'Object Repository/Objects.HighlightElements/input_field_index' is: 'No'

2020-06-09 15:21:40 - [MESSAGE][PASSED] - Attribute 'value' of object 'Object Repository/Objects.HighlightElements/input_field_index' is: 'No'

2020-06-09 15:21:40 - [TEST_STEP][PASSED] - callTestCase(findTestCase(CallTCName), ["FindValue":ComboBoxValue, "DropdownNm":comboNm], STOP_ON_FAILURE): Call Test Case 'Test Cases/PFI Precision and Scale/HashMap Tables/ConstantHashMap' successfully

2020-06-09 15:21:40 - [TEST_CASE][PASSED] - Test Cases/PFI Precision and Scale/HashMap Tables/ConstantHashMap: Test Cases/PFI Precision and Scale/HashMap Tables/ConstantHashMap

2020-06-09 15:21:40 - [TEST_STEP][PASSED] - ConstantTBL = [1:["PeriodType":"Working Day(s)"], 2:["PeriodType":"Calendar Day(s)"], 3:["PeriodType":"Month(s)"], 4:["TypeOfLetter":"T1"], ... ]: null

2020-06-09 15:21:40 - [TEST_STEP][PASSED] - switch (DropdownNm): null

2020-06-09 15:21:40 - [TEST_STEP][PASSED] - case "PresINd":: null

2020-06-09 15:21:40 - [TEST_STEP][PASSED] - ValueFound = ConstantTBL.find({ -> ... }): null

2020-06-09 15:21:40 - [TEST_STEP][PASSED] - break: null

2020-06-09 15:21:40 - [MESSAGE][PASSED] - Call Test Case 'Test Cases/PFI Precision and Scale/HashMap Tables/ConstantHashMap' successfully

2020-06-09 15:21:40 - [TEST_STEP][PASSED] - OutputFile.append("Search Value: " + ComboBoxValue + " " + "Found Value: " + ValueFound + TimeStamp + "
"): null

2020-06-09 15:21:40 - [TEST_STEP][PASSED] - sendKeys(NewInputNmField, Keys.chord(ARROW_DOWN)): Keys 'DOWN + ' sent to object: 'Object Repository/Objects.HighlightElements/input_field_index'

2020-06-09 15:21:40 - [MESSAGE][PASSED] - Keys 'DOWN + ' sent to object: 'Object Repository/Objects.HighlightElements/input_field_index'

2020-06-09 15:21:40 - [TEST_STEP][PASSED] - sendKeys(NewInputNmField, Keys.chord(ENTER)): Keys 'ENTER + ' sent to object: 'Object Repository/Objects.HighlightElements/input_field_index'

2020-06-09 15:21:40 - [MESSAGE][PASSED] - Keys 'ENTER + ' sent to object: 'Object Repository/Objects.HighlightElements/input_field_index'

2020-06-09 15:21:40 - [MESSAGE][PASSED] - Call Test Case 'Test Cases/PFI Precision and Scale/PFI Components with Indexing/VerifyDropdownValuesXPI' successfully

2020-06-09 15:21:40 - [TEST_STEP][PASSED] - callTestCase(findTestCase("Components/SelectAllThenDeleteXPI"), ["nameToBeUsed":"submInd_2", "index":1], STOP_ON_FAILURE): Call Test Case 'Test Cases/Components/SelectAllThenDeleteXPI' successfully

2020-06-09 15:21:40 - [TEST_CASE][PASSED] - Test Cases/Components/SelectAllThenDeleteXPI: Test Cases/Components/SelectAllThenDeleteXPI

2020-06-09 15:21:40 - [TEST_STEP][PASSED] - Thread.sleep(1000): null

2020-06-09 15:21:41 - [TEST_STEP][PASSED] - modifiedObj = modifyObjectProperty(findTestObject("Object Repository/Objects.HighlightElements/input_field_index"), "xpath", "equals", "(//*[contains(@name,'" + nameToBeUsed + "')])[" + index + "]", true): Modify property of object successfully

2020-06-09 15:21:41 - [MESSAGE][PASSED] - Modify property of object successfully

2020-06-09 15:21:41 - [TEST_STEP][PASSED] - focus(modifiedObj): Object: 'Object Repository/Objects.HighlightElements/input_field_index' is focused

2020-06-09 15:21:41 - [MESSAGE][PASSED] - Object: 'Object Repository/Objects.HighlightElements/input_field_index' is focused

2020-06-09 15:21:41 - [TEST_STEP][PASSED] - sendKeys(modifiedObj, Keys.chord(CONTROL, "a")): Keys 'CONTROL + a' sent to object: 'Object Repository/Objects.HighlightElements/input_field_index'

2020-06-09 15:21:41 - [MESSAGE][PASSED] - Keys 'CONTROL + a' sent to object: 'Object Repository/Objects.HighlightElements/input_field_index'

2020-06-09 15:21:41 - [TEST_STEP][PASSED] - sendKeys(modifiedObj, Keys.chord(DELETE)): Keys 'DELETE + ' sent to object: 'Object Repository/Objects.HighlightElements/input_field_index'

2020-06-09 15:21:41 - [MESSAGE][PASSED] - Keys 'DELETE + ' sent to object: 'Object Repository/Objects.HighlightElements/input_field_index'

2020-06-09 15:21:41 - [MESSAGE][PASSED] - Call Test Case 'Test Cases/Components/SelectAllThenDeleteXPI' successfully

2020-06-09 15:21:41 - [TEST_STEP][PASSED] - callTestCase(findTestCase("PFI Precision and Scale/PFI Components with Indexing/RequiredFieldValidationXPI"), ["nameToBeUsed":"submInd_2", "index":1], STOP_ON_FAILURE): Call Test Case 'Test Cases/PFI Precision and Scale/PFI Components with Indexing/RequiredFieldValidationXPI' successfully

2020-06-09 15:21:41 - [TEST_CASE][PASSED] - Test Cases/PFI Precision and Scale/PFI Components with Indexing/RequiredFieldValidationXPI: Test Cases/PFI Precision and Scale/PFI Components with Indexing/RequiredFieldValidationXPI

2020-06-09 15:21:41 - [TEST_STEP][PASSED] - enableSmartWait(): null

2020-06-09 15:21:41 - [TEST_STEP][PASSED] - NewInputNmField = modifyObjectProperty(findTestObject("Objects.HighlightElements/input_field_index"), "xpath", "equals", "(//*[contains(@name,'" + nameToBeUsed + "')])[" + index + "]", true): Modify property of object successfully

2020-06-09 15:21:41 - [MESSAGE][PASSED] - Modify property of object successfully

2020-06-09 15:21:41 - [TEST_STEP][PASSED] - getRqErrMsg = getAttribute(NewInputNmField, "data-errorqtip"): Attribute 'data-errorqtip' of object 'Object Repository/Objects.HighlightElements/input_field_index' is: '<ul class="x-list-plain"><li>This field is required</li></ul>'

2020-06-09 15:21:41 - [MESSAGE][PASSED] - Attribute 'data-errorqtip' of object 'Object Repository/Objects.HighlightElements/input_field_index' is: '<ul class="x-list-plain"><li>This field is required</li></ul>'

2020-06-09 15:21:41 - [TEST_STEP][PASSED] - strToolTip = getRqErrMsg.substring(29, 61): null

2020-06-09 15:21:41 - [TEST_STEP][PASSED] - toolTipReqErrMsg = strToolTip.substring(0, 22): null

2020-06-09 15:21:41 - [TEST_STEP][PASSED] - verifyMatch(toolTipReqErrMsg, RqField, true): Actual text 'This field is required' and expected text 'This field is required' are matched  using regular expression

2020-06-09 15:21:41 - [MESSAGE][PASSED] - Actual text 'This field is required' and expected text 'This field is required' are matched  using regular expression

2020-06-09 15:21:41 - [TEST_STEP][PASSED] - delay(3): Delayed 3 second(s)

2020-06-09 15:21:44 - [MESSAGE][PASSED] - Delayed 3 second(s)

2020-06-09 15:21:44 - [TEST_STEP][PASSED] - mouseOver(NewInputNmField): Object: 'Object Repository/Objects.HighlightElements/input_field_index' is hovered

2020-06-09 15:21:44 - [MESSAGE][PASSED] - Object: 'Object Repository/Objects.HighlightElements/input_field_index' is hovered

2020-06-09 15:21:44 - [MESSAGE][PASSED] - Call Test Case 'Test Cases/PFI Precision and Scale/PFI Components with Indexing/RequiredFieldValidationXPI' successfully

2020-06-09 15:21:44 - [TEST_STEP][PASSED] - callTestCase(findTestCase("Components/HighlightInputFieldXPI"), ["FldNm":"submInd_3", "index":1], STOP_ON_FAILURE): Call Test Case 'Test Cases/Components/HighlightInputFieldXPI' successfully

2020-06-09 15:21:44 - [TEST_CASE][PASSED] - Test Cases/Components/HighlightInputFieldXPI: Test Cases/Components/HighlightInputFieldXPI

2020-06-09 15:21:44 - [TEST_STEP][PASSED] - Thread.sleep(1000): null

2020-06-09 15:21:45 - [TEST_STEP][PASSED] - modifiedInputNm = modifyObjectProperty(findTestObject("Object Repository/Objects.HighlightElements/input_field_index"), "xpath", "equals", "(//*[contains(@name, '" + FldNm + "')])[" + index + "]", true): Modify property of object successfully

2020-06-09 15:21:45 - [MESSAGE][PASSED] - Modify property of object successfully

2020-06-09 15:21:45 - [TEST_STEP][PASSED] - com.reusableComponents.HighlightElement.run(modifiedInputNm): com.reusableComponents.HighlightElement.run is PASSED

2020-06-09 15:21:46 - [MESSAGE][PASSED] - com.reusableComponents.HighlightElement.run is PASSED

2020-06-09 15:21:46 - [MESSAGE][PASSED] - Call Test Case 'Test Cases/Components/HighlightInputFieldXPI' successfully

2020-06-09 15:21:46 - [TEST_STEP][PASSED] - callTestCase(findTestCase("PFI Precision and Scale/PFI Components with Indexing/VerifyDropdownValuesXPI"), ["FldNm":"submInd_3", "index":1, "CallTCName":"PFI Precision and Scale/HashMap Tables/ConstantHashMap", "cmbNm":"PresINd", ... ], STOP_ON_FAILURE): Call Test Case 'Test Cases/PFI Precision and Scale/PFI Components with Indexing/VerifyDropdownValuesXPI' successfully

2020-06-09 15:21:46 - [TEST_CASE][PASSED] - Test Cases/PFI Precision and Scale/PFI Components with Indexing/VerifyDropdownValuesXPI: Test Cases/PFI Precision and Scale/PFI Components with Indexing/VerifyDropdownValuesXPI

2020-06-09 15:21:46 - [TEST_STEP][PASSED] - Thread.sleep(1000): null

2020-06-09 15:21:47 - [TEST_STEP][PASSED] - OutputFile = new java.io.File(DropdownValuesResult.txt): null

2020-06-09 15:21:47 - [TEST_STEP][PASSED] - TimeStamp = new java.util.Date(): null

2020-06-09 15:21:47 - [TEST_STEP][PASSED] - NewInputNmField = modifyObjectProperty(findTestObject("Object Repository/Objects.HighlightElements/input_field_index"), "xpath", "equals", "(//*[contains(@name, '" + FldNm + "')])[" + index + "]", true): Modify property of object successfully

2020-06-09 15:21:47 - [MESSAGE][PASSED] - Modify property of object successfully

2020-06-09 15:21:47 - [TEST_STEP][PASSED] - comboNm = cmbNm: null

2020-06-09 15:21:47 - [TEST_STEP][PASSED] - focus(NewInputNmField): Object: 'Object Repository/Objects.HighlightElements/input_field_index' is focused

2020-06-09 15:21:47 - [MESSAGE][PASSED] - Object: 'Object Repository/Objects.HighlightElements/input_field_index' is focused

2020-06-09 15:21:47 - [TEST_STEP][PASSED] - setText(NewInputNmField, EnterValue): Text '' is set on object 'Object Repository/Objects.HighlightElements/input_field_index'

2020-06-09 15:21:47 - [MESSAGE][PASSED] - Text '' is set on object 'Object Repository/Objects.HighlightElements/input_field_index'

2020-06-09 15:21:47 - [TEST_STEP][PASSED] - for ([i = 1, i <= NoOfVal, (i++)]): Keys 'DOWN + ' sent to object: 'Object Repository/Objects.HighlightElements/input_field_index'

2020-06-09 15:21:47 - [TEST_STEP][PASSED] - sendKeys(NewInputNmField, Keys.chord(ARROW_DOWN)): Keys 'DOWN + ' sent to object: 'Object Repository/Objects.HighlightElements/input_field_index'

2020-06-09 15:21:47 - [MESSAGE][PASSED] - Keys 'DOWN + ' sent to object: 'Object Repository/Objects.HighlightElements/input_field_index'

2020-06-09 15:21:47 - [TEST_STEP][PASSED] - delay(DelayTime): Delayed 2 second(s)

2020-06-09 15:21:49 - [MESSAGE][PASSED] - Delayed 2 second(s)

2020-06-09 15:21:49 - [TEST_STEP][PASSED] - sendKeys(NewInputNmField, Keys.chord(ENTER)): Keys 'ENTER + ' sent to object: 'Object Repository/Objects.HighlightElements/input_field_index'

2020-06-09 15:21:49 - [MESSAGE][PASSED] - Keys 'ENTER + ' sent to object: 'Object Repository/Objects.HighlightElements/input_field_index'

2020-06-09 15:21:49 - [TEST_STEP][PASSED] - ComboBoxValue = getAttribute(NewInputNmField, "value"): Attribute 'value' of object 'Object Repository/Objects.HighlightElements/input_field_index' is: 'Yes'

2020-06-09 15:21:49 - [MESSAGE][PASSED] - Attribute 'value' of object 'Object Repository/Objects.HighlightElements/input_field_index' is: 'Yes'

2020-06-09 15:21:49 - [TEST_STEP][PASSED] - callTestCase(findTestCase(CallTCName), ["FindValue":ComboBoxValue, "DropdownNm":comboNm], STOP_ON_FAILURE): Call Test Case 'Test Cases/PFI Precision and Scale/HashMap Tables/ConstantHashMap' successfully

2020-06-09 15:21:49 - [TEST_CASE][PASSED] - Test Cases/PFI Precision and Scale/HashMap Tables/ConstantHashMap: Test Cases/PFI Precision and Scale/HashMap Tables/ConstantHashMap

2020-06-09 15:21:49 - [TEST_STEP][PASSED] - ConstantTBL = [1:["PeriodType":"Working Day(s)"], 2:["PeriodType":"Calendar Day(s)"], 3:["PeriodType":"Month(s)"], 4:["TypeOfLetter":"T1"], ... ]: null

2020-06-09 15:21:49 - [TEST_STEP][PASSED] - switch (DropdownNm): null

2020-06-09 15:21:49 - [TEST_STEP][PASSED] - case "PresINd":: null

2020-06-09 15:21:49 - [TEST_STEP][PASSED] - ValueFound = ConstantTBL.find({ -> ... }): null

2020-06-09 15:21:49 - [TEST_STEP][PASSED] - break: null

2020-06-09 15:21:49 - [MESSAGE][PASSED] - Call Test Case 'Test Cases/PFI Precision and Scale/HashMap Tables/ConstantHashMap' successfully

2020-06-09 15:21:49 - [TEST_STEP][PASSED] - OutputFile.append("Search Value: " + ComboBoxValue + " " + "Found Value: " + ValueFound + TimeStamp + "
"): null

2020-06-09 15:21:49 - [TEST_STEP][PASSED] - sendKeys(NewInputNmField, Keys.chord(ARROW_DOWN)): Keys 'DOWN + ' sent to object: 'Object Repository/Objects.HighlightElements/input_field_index'

2020-06-09 15:21:49 - [MESSAGE][PASSED] - Keys 'DOWN + ' sent to object: 'Object Repository/Objects.HighlightElements/input_field_index'

2020-06-09 15:21:49 - [TEST_STEP][PASSED] - sendKeys(NewInputNmField, Keys.chord(ARROW_DOWN)): Keys 'DOWN + ' sent to object: 'Object Repository/Objects.HighlightElements/input_field_index'

2020-06-09 15:21:49 - [MESSAGE][PASSED] - Keys 'DOWN + ' sent to object: 'Object Repository/Objects.HighlightElements/input_field_index'

2020-06-09 15:21:49 - [TEST_STEP][PASSED] - delay(DelayTime): Delayed 2 second(s)

2020-06-09 15:21:51 - [MESSAGE][PASSED] - Delayed 2 second(s)

2020-06-09 15:21:51 - [TEST_STEP][PASSED] - sendKeys(NewInputNmField, Keys.chord(ENTER)): Keys 'ENTER + ' sent to object: 'Object Repository/Objects.HighlightElements/input_field_index'

2020-06-09 15:21:51 - [MESSAGE][PASSED] - Keys 'ENTER + ' sent to object: 'Object Repository/Objects.HighlightElements/input_field_index'

2020-06-09 15:21:51 - [TEST_STEP][PASSED] - ComboBoxValue = getAttribute(NewInputNmField, "value"): Attribute 'value' of object 'Object Repository/Objects.HighlightElements/input_field_index' is: 'No'

2020-06-09 15:21:51 - [MESSAGE][PASSED] - Attribute 'value' of object 'Object Repository/Objects.HighlightElements/input_field_index' is: 'No'

2020-06-09 15:21:51 - [TEST_STEP][PASSED] - callTestCase(findTestCase(CallTCName), ["FindValue":ComboBoxValue, "DropdownNm":comboNm], STOP_ON_FAILURE): Call Test Case 'Test Cases/PFI Precision and Scale/HashMap Tables/ConstantHashMap' successfully

2020-06-09 15:21:51 - [TEST_CASE][PASSED] - Test Cases/PFI Precision and Scale/HashMap Tables/ConstantHashMap: Test Cases/PFI Precision and Scale/HashMap Tables/ConstantHashMap

2020-06-09 15:21:51 - [TEST_STEP][PASSED] - ConstantTBL = [1:["PeriodType":"Working Day(s)"], 2:["PeriodType":"Calendar Day(s)"], 3:["PeriodType":"Month(s)"], 4:["TypeOfLetter":"T1"], ... ]: null

2020-06-09 15:21:51 - [TEST_STEP][PASSED] - switch (DropdownNm): null

2020-06-09 15:21:51 - [TEST_STEP][PASSED] - case "PresINd":: null

2020-06-09 15:21:51 - [TEST_STEP][PASSED] - ValueFound = ConstantTBL.find({ -> ... }): null

2020-06-09 15:21:51 - [TEST_STEP][PASSED] - break: null

2020-06-09 15:21:51 - [MESSAGE][PASSED] - Call Test Case 'Test Cases/PFI Precision and Scale/HashMap Tables/ConstantHashMap' successfully

2020-06-09 15:21:51 - [TEST_STEP][PASSED] - OutputFile.append("Search Value: " + ComboBoxValue + " " + "Found Value: " + ValueFound + TimeStamp + "
"): null

2020-06-09 15:21:51 - [TEST_STEP][PASSED] - sendKeys(NewInputNmField, Keys.chord(ARROW_DOWN)): Keys 'DOWN + ' sent to object: 'Object Repository/Objects.HighlightElements/input_field_index'

2020-06-09 15:21:51 - [MESSAGE][PASSED] - Keys 'DOWN + ' sent to object: 'Object Repository/Objects.HighlightElements/input_field_index'

2020-06-09 15:21:51 - [TEST_STEP][PASSED] - sendKeys(NewInputNmField, Keys.chord(ENTER)): Keys 'ENTER + ' sent to object: 'Object Repository/Objects.HighlightElements/input_field_index'

2020-06-09 15:21:51 - [MESSAGE][PASSED] - Keys 'ENTER + ' sent to object: 'Object Repository/Objects.HighlightElements/input_field_index'

2020-06-09 15:21:51 - [MESSAGE][PASSED] - Call Test Case 'Test Cases/PFI Precision and Scale/PFI Components with Indexing/VerifyDropdownValuesXPI' successfully

2020-06-09 15:21:51 - [TEST_STEP][PASSED] - callTestCase(findTestCase("Components/SelectAllThenDeleteXPI"), ["nameToBeUsed":"submInd_3", "index":"1"], STOP_ON_FAILURE): Call Test Case 'Test Cases/Components/SelectAllThenDeleteXPI' successfully

2020-06-09 15:21:52 - [TEST_CASE][PASSED] - Test Cases/Components/SelectAllThenDeleteXPI: Test Cases/Components/SelectAllThenDeleteXPI

2020-06-09 15:21:52 - [TEST_STEP][PASSED] - Thread.sleep(1000): null

2020-06-09 15:21:53 - [TEST_STEP][PASSED] - modifiedObj = modifyObjectProperty(findTestObject("Object Repository/Objects.HighlightElements/input_field_index"), "xpath", "equals", "(//*[contains(@name,'" + nameToBeUsed + "')])[" + index + "]", true): Modify property of object successfully

2020-06-09 15:21:53 - [MESSAGE][PASSED] - Modify property of object successfully

2020-06-09 15:21:53 - [TEST_STEP][PASSED] - focus(modifiedObj): Object: 'Object Repository/Objects.HighlightElements/input_field_index' is focused

2020-06-09 15:21:53 - [MESSAGE][PASSED] - Object: 'Object Repository/Objects.HighlightElements/input_field_index' is focused

2020-06-09 15:21:53 - [TEST_STEP][PASSED] - sendKeys(modifiedObj, Keys.chord(CONTROL, "a")): Keys 'CONTROL + a' sent to object: 'Object Repository/Objects.HighlightElements/input_field_index'

2020-06-09 15:21:53 - [MESSAGE][PASSED] - Keys 'CONTROL + a' sent to object: 'Object Repository/Objects.HighlightElements/input_field_index'

2020-06-09 15:21:53 - [TEST_STEP][PASSED] - sendKeys(modifiedObj, Keys.chord(DELETE)): Keys 'DELETE + ' sent to object: 'Object Repository/Objects.HighlightElements/input_field_index'

2020-06-09 15:21:53 - [MESSAGE][PASSED] - Keys 'DELETE + ' sent to object: 'Object Repository/Objects.HighlightElements/input_field_index'

2020-06-09 15:21:53 - [MESSAGE][PASSED] - Call Test Case 'Test Cases/Components/SelectAllThenDeleteXPI' successfully

2020-06-09 15:21:53 - [TEST_STEP][PASSED] - callTestCase(findTestCase("PFI Precision and Scale/PFI Components with Indexing/RequiredFieldValidationXPI"), ["nameToBeUsed":"submInd_3", "index":1], STOP_ON_FAILURE): Call Test Case 'Test Cases/PFI Precision and Scale/PFI Components with Indexing/RequiredFieldValidationXPI' successfully

2020-06-09 15:21:53 - [TEST_CASE][PASSED] - Test Cases/PFI Precision and Scale/PFI Components with Indexing/RequiredFieldValidationXPI: Test Cases/PFI Precision and Scale/PFI Components with Indexing/RequiredFieldValidationXPI

2020-06-09 15:21:53 - [TEST_STEP][PASSED] - enableSmartWait(): null

2020-06-09 15:21:53 - [TEST_STEP][PASSED] - NewInputNmField = modifyObjectProperty(findTestObject("Objects.HighlightElements/input_field_index"), "xpath", "equals", "(//*[contains(@name,'" + nameToBeUsed + "')])[" + index + "]", true): Modify property of object successfully

2020-06-09 15:21:53 - [MESSAGE][PASSED] - Modify property of object successfully

2020-06-09 15:21:53 - [TEST_STEP][PASSED] - getRqErrMsg = getAttribute(NewInputNmField, "data-errorqtip"): Attribute 'data-errorqtip' of object 'Object Repository/Objects.HighlightElements/input_field_index' is: '<ul class="x-list-plain"><li>This field is required</li></ul>'

2020-06-09 15:21:53 - [MESSAGE][PASSED] - Attribute 'data-errorqtip' of object 'Object Repository/Objects.HighlightElements/input_field_index' is: '<ul class="x-list-plain"><li>This field is required</li></ul>'

2020-06-09 15:21:53 - [TEST_STEP][PASSED] - strToolTip = getRqErrMsg.substring(29, 61): null

2020-06-09 15:21:53 - [TEST_STEP][PASSED] - toolTipReqErrMsg = strToolTip.substring(0, 22): null

2020-06-09 15:21:53 - [TEST_STEP][PASSED] - verifyMatch(toolTipReqErrMsg, RqField, true): Actual text 'This field is required' and expected text 'This field is required' are matched  using regular expression

2020-06-09 15:21:53 - [MESSAGE][PASSED] - Actual text 'This field is required' and expected text 'This field is required' are matched  using regular expression

2020-06-09 15:21:53 - [TEST_STEP][PASSED] - delay(3): Delayed 3 second(s)

2020-06-09 15:21:56 - [MESSAGE][PASSED] - Delayed 3 second(s)

2020-06-09 15:21:56 - [TEST_STEP][PASSED] - mouseOver(NewInputNmField): Object: 'Object Repository/Objects.HighlightElements/input_field_index' is hovered

2020-06-09 15:21:56 - [MESSAGE][PASSED] - Object: 'Object Repository/Objects.HighlightElements/input_field_index' is hovered

2020-06-09 15:21:56 - [MESSAGE][PASSED] - Call Test Case 'Test Cases/PFI Precision and Scale/PFI Components with Indexing/RequiredFieldValidationXPI' successfully

2020-06-09 15:21:56 - [TEST_STEP][PASSED] - callTestCase(findTestCase("Components/HighlightInputFieldXPI"), ["FldNm":"submInd_4", "index":1], STOP_ON_FAILURE): Call Test Case 'Test Cases/Components/HighlightInputFieldXPI' successfully

2020-06-09 15:21:56 - [TEST_CASE][PASSED] - Test Cases/Components/HighlightInputFieldXPI: Test Cases/Components/HighlightInputFieldXPI

2020-06-09 15:21:56 - [TEST_STEP][PASSED] - Thread.sleep(1000): null

2020-06-09 15:21:57 - [TEST_STEP][PASSED] - modifiedInputNm = modifyObjectProperty(findTestObject("Object Repository/Objects.HighlightElements/input_field_index"), "xpath", "equals", "(//*[contains(@name, '" + FldNm + "')])[" + index + "]", true): Modify property of object successfully

2020-06-09 15:21:57 - [MESSAGE][PASSED] - Modify property of object successfully

2020-06-09 15:21:57 - [TEST_STEP][PASSED] - com.reusableComponents.HighlightElement.run(modifiedInputNm): com.reusableComponents.HighlightElement.run is PASSED

2020-06-09 15:21:58 - [MESSAGE][PASSED] - com.reusableComponents.HighlightElement.run is PASSED

2020-06-09 15:21:58 - [MESSAGE][PASSED] - Call Test Case 'Test Cases/Components/HighlightInputFieldXPI' successfully

2020-06-09 15:21:58 - [TEST_STEP][PASSED] - callTestCase(findTestCase("PFI Precision and Scale/PFI Components with Indexing/VerifyDropdownValuesXPI"), ["FldNm":"submInd_4", "index":1, "CallTCName":"PFI Precision and Scale/HashMap Tables/ConstantHashMap", "cmbNm":"PresINd", ... ], STOP_ON_FAILURE): Call Test Case 'Test Cases/PFI Precision and Scale/PFI Components with Indexing/VerifyDropdownValuesXPI' successfully

2020-06-09 15:21:58 - [TEST_CASE][PASSED] - Test Cases/PFI Precision and Scale/PFI Components with Indexing/VerifyDropdownValuesXPI: Test Cases/PFI Precision and Scale/PFI Components with Indexing/VerifyDropdownValuesXPI

2020-06-09 15:21:58 - [TEST_STEP][PASSED] - Thread.sleep(1000): null

2020-06-09 15:21:59 - [TEST_STEP][PASSED] - OutputFile = new java.io.File(DropdownValuesResult.txt): null

2020-06-09 15:21:59 - [TEST_STEP][PASSED] - TimeStamp = new java.util.Date(): null

2020-06-09 15:21:59 - [TEST_STEP][PASSED] - NewInputNmField = modifyObjectProperty(findTestObject("Object Repository/Objects.HighlightElements/input_field_index"), "xpath", "equals", "(//*[contains(@name, '" + FldNm + "')])[" + index + "]", true): Modify property of object successfully

2020-06-09 15:21:59 - [MESSAGE][PASSED] - Modify property of object successfully

2020-06-09 15:21:59 - [TEST_STEP][PASSED] - comboNm = cmbNm: null

2020-06-09 15:21:59 - [TEST_STEP][PASSED] - focus(NewInputNmField): Object: 'Object Repository/Objects.HighlightElements/input_field_index' is focused

2020-06-09 15:21:59 - [MESSAGE][PASSED] - Object: 'Object Repository/Objects.HighlightElements/input_field_index' is focused

2020-06-09 15:21:59 - [TEST_STEP][PASSED] - setText(NewInputNmField, EnterValue): Text '' is set on object 'Object Repository/Objects.HighlightElements/input_field_index'

2020-06-09 15:21:59 - [MESSAGE][PASSED] - Text '' is set on object 'Object Repository/Objects.HighlightElements/input_field_index'

2020-06-09 15:21:59 - [TEST_STEP][PASSED] - for ([i = 1, i <= NoOfVal, (i++)]): Keys 'DOWN + ' sent to object: 'Object Repository/Objects.HighlightElements/input_field_index'

2020-06-09 15:21:59 - [TEST_STEP][PASSED] - sendKeys(NewInputNmField, Keys.chord(ARROW_DOWN)): Keys 'DOWN + ' sent to object: 'Object Repository/Objects.HighlightElements/input_field_index'

2020-06-09 15:21:59 - [MESSAGE][PASSED] - Keys 'DOWN + ' sent to object: 'Object Repository/Objects.HighlightElements/input_field_index'

2020-06-09 15:21:59 - [TEST_STEP][PASSED] - delay(DelayTime): Delayed 2 second(s)

2020-06-09 15:22:01 - [MESSAGE][PASSED] - Delayed 2 second(s)

2020-06-09 15:22:01 - [TEST_STEP][PASSED] - sendKeys(NewInputNmField, Keys.chord(ENTER)): Keys 'ENTER + ' sent to object: 'Object Repository/Objects.HighlightElements/input_field_index'

2020-06-09 15:22:01 - [MESSAGE][PASSED] - Keys 'ENTER + ' sent to object: 'Object Repository/Objects.HighlightElements/input_field_index'

2020-06-09 15:22:01 - [TEST_STEP][PASSED] - ComboBoxValue = getAttribute(NewInputNmField, "value"): Attribute 'value' of object 'Object Repository/Objects.HighlightElements/input_field_index' is: 'Yes'

2020-06-09 15:22:01 - [MESSAGE][PASSED] - Attribute 'value' of object 'Object Repository/Objects.HighlightElements/input_field_index' is: 'Yes'

2020-06-09 15:22:01 - [TEST_STEP][PASSED] - callTestCase(findTestCase(CallTCName), ["FindValue":ComboBoxValue, "DropdownNm":comboNm], STOP_ON_FAILURE): Call Test Case 'Test Cases/PFI Precision and Scale/HashMap Tables/ConstantHashMap' successfully

2020-06-09 15:22:01 - [TEST_CASE][PASSED] - Test Cases/PFI Precision and Scale/HashMap Tables/ConstantHashMap: Test Cases/PFI Precision and Scale/HashMap Tables/ConstantHashMap

2020-06-09 15:22:01 - [TEST_STEP][PASSED] - ConstantTBL = [1:["PeriodType":"Working Day(s)"], 2:["PeriodType":"Calendar Day(s)"], 3:["PeriodType":"Month(s)"], 4:["TypeOfLetter":"T1"], ... ]: null

2020-06-09 15:22:01 - [TEST_STEP][PASSED] - switch (DropdownNm): null

2020-06-09 15:22:01 - [TEST_STEP][PASSED] - case "PresINd":: null

2020-06-09 15:22:01 - [TEST_STEP][PASSED] - ValueFound = ConstantTBL.find({ -> ... }): null

2020-06-09 15:22:01 - [TEST_STEP][PASSED] - break: null

2020-06-09 15:22:01 - [MESSAGE][PASSED] - Call Test Case 'Test Cases/PFI Precision and Scale/HashMap Tables/ConstantHashMap' successfully

2020-06-09 15:22:01 - [TEST_STEP][PASSED] - OutputFile.append("Search Value: " + ComboBoxValue + " " + "Found Value: " + ValueFound + TimeStamp + "
"): null

2020-06-09 15:22:01 - [TEST_STEP][PASSED] - sendKeys(NewInputNmField, Keys.chord(ARROW_DOWN)): Keys 'DOWN + ' sent to object: 'Object Repository/Objects.HighlightElements/input_field_index'

2020-06-09 15:22:01 - [MESSAGE][PASSED] - Keys 'DOWN + ' sent to object: 'Object Repository/Objects.HighlightElements/input_field_index'

2020-06-09 15:22:01 - [TEST_STEP][PASSED] - sendKeys(NewInputNmField, Keys.chord(ARROW_DOWN)): Keys 'DOWN + ' sent to object: 'Object Repository/Objects.HighlightElements/input_field_index'

2020-06-09 15:22:01 - [MESSAGE][PASSED] - Keys 'DOWN + ' sent to object: 'Object Repository/Objects.HighlightElements/input_field_index'

2020-06-09 15:22:01 - [TEST_STEP][PASSED] - delay(DelayTime): Delayed 2 second(s)

2020-06-09 15:22:03 - [MESSAGE][PASSED] - Delayed 2 second(s)

2020-06-09 15:22:03 - [TEST_STEP][PASSED] - sendKeys(NewInputNmField, Keys.chord(ENTER)): Keys 'ENTER + ' sent to object: 'Object Repository/Objects.HighlightElements/input_field_index'

2020-06-09 15:22:03 - [MESSAGE][PASSED] - Keys 'ENTER + ' sent to object: 'Object Repository/Objects.HighlightElements/input_field_index'

2020-06-09 15:22:03 - [TEST_STEP][PASSED] - ComboBoxValue = getAttribute(NewInputNmField, "value"): Attribute 'value' of object 'Object Repository/Objects.HighlightElements/input_field_index' is: 'No'

2020-06-09 15:22:03 - [MESSAGE][PASSED] - Attribute 'value' of object 'Object Repository/Objects.HighlightElements/input_field_index' is: 'No'

2020-06-09 15:22:03 - [TEST_STEP][PASSED] - callTestCase(findTestCase(CallTCName), ["FindValue":ComboBoxValue, "DropdownNm":comboNm], STOP_ON_FAILURE): Call Test Case 'Test Cases/PFI Precision and Scale/HashMap Tables/ConstantHashMap' successfully

2020-06-09 15:22:03 - [TEST_CASE][PASSED] - Test Cases/PFI Precision and Scale/HashMap Tables/ConstantHashMap: Test Cases/PFI Precision and Scale/HashMap Tables/ConstantHashMap

2020-06-09 15:22:03 - [TEST_STEP][PASSED] - ConstantTBL = [1:["PeriodType":"Working Day(s)"], 2:["PeriodType":"Calendar Day(s)"], 3:["PeriodType":"Month(s)"], 4:["TypeOfLetter":"T1"], ... ]: null

2020-06-09 15:22:03 - [TEST_STEP][PASSED] - switch (DropdownNm): null

2020-06-09 15:22:03 - [TEST_STEP][PASSED] - case "PresINd":: null

2020-06-09 15:22:03 - [TEST_STEP][PASSED] - ValueFound = ConstantTBL.find({ -> ... }): null

2020-06-09 15:22:03 - [TEST_STEP][PASSED] - break: null

2020-06-09 15:22:03 - [MESSAGE][PASSED] - Call Test Case 'Test Cases/PFI Precision and Scale/HashMap Tables/ConstantHashMap' successfully

2020-06-09 15:22:03 - [TEST_STEP][PASSED] - OutputFile.append("Search Value: " + ComboBoxValue + " " + "Found Value: " + ValueFound + TimeStamp + "
"): null

2020-06-09 15:22:03 - [TEST_STEP][PASSED] - sendKeys(NewInputNmField, Keys.chord(ARROW_DOWN)): Keys 'DOWN + ' sent to object: 'Object Repository/Objects.HighlightElements/input_field_index'

2020-06-09 15:22:03 - [MESSAGE][PASSED] - Keys 'DOWN + ' sent to object: 'Object Repository/Objects.HighlightElements/input_field_index'

2020-06-09 15:22:03 - [TEST_STEP][PASSED] - sendKeys(NewInputNmField, Keys.chord(ENTER)): Keys 'ENTER + ' sent to object: 'Object Repository/Objects.HighlightElements/input_field_index'

2020-06-09 15:22:03 - [MESSAGE][PASSED] - Keys 'ENTER + ' sent to object: 'Object Repository/Objects.HighlightElements/input_field_index'

2020-06-09 15:22:03 - [MESSAGE][PASSED] - Call Test Case 'Test Cases/PFI Precision and Scale/PFI Components with Indexing/VerifyDropdownValuesXPI' successfully

2020-06-09 15:22:03 - [TEST_STEP][PASSED] - callTestCase(findTestCase("Components/SelectAllThenDeleteXPI"), ["nameToBeUsed":"submInd_4", "index":"1"], STOP_ON_FAILURE): Call Test Case 'Test Cases/Components/SelectAllThenDeleteXPI' successfully

2020-06-09 15:22:03 - [TEST_CASE][PASSED] - Test Cases/Components/SelectAllThenDeleteXPI: Test Cases/Components/SelectAllThenDeleteXPI

2020-06-09 15:22:03 - [TEST_STEP][PASSED] - Thread.sleep(1000): null

2020-06-09 15:22:04 - [TEST_STEP][PASSED] - modifiedObj = modifyObjectProperty(findTestObject("Object Repository/Objects.HighlightElements/input_field_index"), "xpath", "equals", "(//*[contains(@name,'" + nameToBeUsed + "')])[" + index + "]", true): Modify property of object successfully

2020-06-09 15:22:04 - [MESSAGE][PASSED] - Modify property of object successfully

2020-06-09 15:22:04 - [TEST_STEP][PASSED] - focus(modifiedObj): Object: 'Object Repository/Objects.HighlightElements/input_field_index' is focused

2020-06-09 15:22:04 - [MESSAGE][PASSED] - Object: 'Object Repository/Objects.HighlightElements/input_field_index' is focused

2020-06-09 15:22:04 - [TEST_STEP][PASSED] - sendKeys(modifiedObj, Keys.chord(CONTROL, "a")): Keys 'CONTROL + a' sent to object: 'Object Repository/Objects.HighlightElements/input_field_index'

2020-06-09 15:22:04 - [MESSAGE][PASSED] - Keys 'CONTROL + a' sent to object: 'Object Repository/Objects.HighlightElements/input_field_index'

2020-06-09 15:22:04 - [TEST_STEP][PASSED] - sendKeys(modifiedObj, Keys.chord(DELETE)): Keys 'DELETE + ' sent to object: 'Object Repository/Objects.HighlightElements/input_field_index'

2020-06-09 15:22:05 - [MESSAGE][PASSED] - Keys 'DELETE + ' sent to object: 'Object Repository/Objects.HighlightElements/input_field_index'

2020-06-09 15:22:05 - [MESSAGE][PASSED] - Call Test Case 'Test Cases/Components/SelectAllThenDeleteXPI' successfully

2020-06-09 15:22:05 - [TEST_STEP][PASSED] - callTestCase(findTestCase("PFI Precision and Scale/PFI Components with Indexing/RequiredFieldValidationXPI"), ["nameToBeUsed":"submInd_4", "index":1], STOP_ON_FAILURE): Call Test Case 'Test Cases/PFI Precision and Scale/PFI Components with Indexing/RequiredFieldValidationXPI' successfully

2020-06-09 15:22:05 - [TEST_CASE][PASSED] - Test Cases/PFI Precision and Scale/PFI Components with Indexing/RequiredFieldValidationXPI: Test Cases/PFI Precision and Scale/PFI Components with Indexing/RequiredFieldValidationXPI

2020-06-09 15:22:05 - [TEST_STEP][PASSED] - enableSmartWait(): null

2020-06-09 15:22:05 - [TEST_STEP][PASSED] - NewInputNmField = modifyObjectProperty(findTestObject("Objects.HighlightElements/input_field_index"), "xpath", "equals", "(//*[contains(@name,'" + nameToBeUsed + "')])[" + index + "]", true): Modify property of object successfully

2020-06-09 15:22:05 - [MESSAGE][PASSED] - Modify property of object successfully

2020-06-09 15:22:05 - [TEST_STEP][PASSED] - getRqErrMsg = getAttribute(NewInputNmField, "data-errorqtip"): Attribute 'data-errorqtip' of object 'Object Repository/Objects.HighlightElements/input_field_index' is: '<ul class="x-list-plain"><li>This field is required</li></ul>'

2020-06-09 15:22:05 - [MESSAGE][PASSED] - Attribute 'data-errorqtip' of object 'Object Repository/Objects.HighlightElements/input_field_index' is: '<ul class="x-list-plain"><li>This field is required</li></ul>'

2020-06-09 15:22:05 - [TEST_STEP][PASSED] - strToolTip = getRqErrMsg.substring(29, 61): null

2020-06-09 15:22:05 - [TEST_STEP][PASSED] - toolTipReqErrMsg = strToolTip.substring(0, 22): null

2020-06-09 15:22:05 - [TEST_STEP][PASSED] - verifyMatch(toolTipReqErrMsg, RqField, true): Actual text 'This field is required' and expected text 'This field is required' are matched  using regular expression

2020-06-09 15:22:05 - [MESSAGE][PASSED] - Actual text 'This field is required' and expected text 'This field is required' are matched  using regular expression

2020-06-09 15:22:05 - [TEST_STEP][PASSED] - delay(3): Delayed 3 second(s)

2020-06-09 15:22:08 - [MESSAGE][PASSED] - Delayed 3 second(s)

2020-06-09 15:22:08 - [TEST_STEP][PASSED] - mouseOver(NewInputNmField): Object: 'Object Repository/Objects.HighlightElements/input_field_index' is hovered

2020-06-09 15:22:08 - [MESSAGE][PASSED] - Object: 'Object Repository/Objects.HighlightElements/input_field_index' is hovered

2020-06-09 15:22:08 - [MESSAGE][PASSED] - Call Test Case 'Test Cases/PFI Precision and Scale/PFI Components with Indexing/RequiredFieldValidationXPI' successfully

2020-06-09 15:22:08 - [TEST_STEP][PASSED] - callTestCase(findTestCase("Components/HighlightInputFieldXPI"), ["FldNm":"submInd_5", "index":1], STOP_ON_FAILURE): Call Test Case 'Test Cases/Components/HighlightInputFieldXPI' successfully

2020-06-09 15:22:08 - [TEST_CASE][PASSED] - Test Cases/Components/HighlightInputFieldXPI: Test Cases/Components/HighlightInputFieldXPI

2020-06-09 15:22:08 - [TEST_STEP][PASSED] - Thread.sleep(1000): null

2020-06-09 15:22:09 - [TEST_STEP][PASSED] - modifiedInputNm = modifyObjectProperty(findTestObject("Object Repository/Objects.HighlightElements/input_field_index"), "xpath", "equals", "(//*[contains(@name, '" + FldNm + "')])[" + index + "]", true): Modify property of object successfully

2020-06-09 15:22:09 - [MESSAGE][PASSED] - Modify property of object successfully

2020-06-09 15:22:09 - [TEST_STEP][PASSED] - com.reusableComponents.HighlightElement.run(modifiedInputNm): com.reusableComponents.HighlightElement.run is PASSED

2020-06-09 15:22:09 - [MESSAGE][PASSED] - com.reusableComponents.HighlightElement.run is PASSED

2020-06-09 15:22:09 - [MESSAGE][PASSED] - Call Test Case 'Test Cases/Components/HighlightInputFieldXPI' successfully

2020-06-09 15:22:09 - [TEST_STEP][PASSED] - callTestCase(findTestCase("PFI Precision and Scale/PFI Components with Indexing/VerifyDropdownValuesXPI"), ["FldNm":"submInd_5", "index":1, "CallTCName":"PFI Precision and Scale/HashMap Tables/ConstantHashMap", "cmbNm":"PresINd", ... ], STOP_ON_FAILURE): Call Test Case 'Test Cases/PFI Precision and Scale/PFI Components with Indexing/VerifyDropdownValuesXPI' successfully

2020-06-09 15:22:09 - [TEST_CASE][PASSED] - Test Cases/PFI Precision and Scale/PFI Components with Indexing/VerifyDropdownValuesXPI: Test Cases/PFI Precision and Scale/PFI Components with Indexing/VerifyDropdownValuesXPI

2020-06-09 15:22:09 - [TEST_STEP][PASSED] - Thread.sleep(1000): null

2020-06-09 15:22:10 - [TEST_STEP][PASSED] - OutputFile = new java.io.File(DropdownValuesResult.txt): null

2020-06-09 15:22:10 - [TEST_STEP][PASSED] - TimeStamp = new java.util.Date(): null

2020-06-09 15:22:10 - [TEST_STEP][PASSED] - NewInputNmField = modifyObjectProperty(findTestObject("Object Repository/Objects.HighlightElements/input_field_index"), "xpath", "equals", "(//*[contains(@name, '" + FldNm + "')])[" + index + "]", true): Modify property of object successfully

2020-06-09 15:22:10 - [MESSAGE][PASSED] - Modify property of object successfully

2020-06-09 15:22:10 - [TEST_STEP][PASSED] - comboNm = cmbNm: null

2020-06-09 15:22:10 - [TEST_STEP][PASSED] - focus(NewInputNmField): Object: 'Object Repository/Objects.HighlightElements/input_field_index' is focused

2020-06-09 15:22:11 - [MESSAGE][PASSED] - Object: 'Object Repository/Objects.HighlightElements/input_field_index' is focused

2020-06-09 15:22:11 - [TEST_STEP][PASSED] - setText(NewInputNmField, EnterValue): Text '' is set on object 'Object Repository/Objects.HighlightElements/input_field_index'

2020-06-09 15:22:11 - [MESSAGE][PASSED] - Text '' is set on object 'Object Repository/Objects.HighlightElements/input_field_index'

2020-06-09 15:22:11 - [TEST_STEP][PASSED] - for ([i = 1, i <= NoOfVal, (i++)]): Keys 'DOWN + ' sent to object: 'Object Repository/Objects.HighlightElements/input_field_index'

2020-06-09 15:22:11 - [TEST_STEP][PASSED] - sendKeys(NewInputNmField, Keys.chord(ARROW_DOWN)): Keys 'DOWN + ' sent to object: 'Object Repository/Objects.HighlightElements/input_field_index'

2020-06-09 15:22:11 - [MESSAGE][PASSED] - Keys 'DOWN + ' sent to object: 'Object Repository/Objects.HighlightElements/input_field_index'

2020-06-09 15:22:11 - [TEST_STEP][PASSED] - delay(DelayTime): Delayed 2 second(s)

2020-06-09 15:22:13 - [MESSAGE][PASSED] - Delayed 2 second(s)

2020-06-09 15:22:13 - [TEST_STEP][PASSED] - sendKeys(NewInputNmField, Keys.chord(ENTER)): Keys 'ENTER + ' sent to object: 'Object Repository/Objects.HighlightElements/input_field_index'

2020-06-09 15:22:13 - [MESSAGE][PASSED] - Keys 'ENTER + ' sent to object: 'Object Repository/Objects.HighlightElements/input_field_index'

2020-06-09 15:22:13 - [TEST_STEP][PASSED] - ComboBoxValue = getAttribute(NewInputNmField, "value"): Attribute 'value' of object 'Object Repository/Objects.HighlightElements/input_field_index' is: 'Yes'

2020-06-09 15:22:13 - [MESSAGE][PASSED] - Attribute 'value' of object 'Object Repository/Objects.HighlightElements/input_field_index' is: 'Yes'

2020-06-09 15:22:13 - [TEST_STEP][PASSED] - callTestCase(findTestCase(CallTCName), ["FindValue":ComboBoxValue, "DropdownNm":comboNm], STOP_ON_FAILURE): Call Test Case 'Test Cases/PFI Precision and Scale/HashMap Tables/ConstantHashMap' successfully

2020-06-09 15:22:13 - [TEST_CASE][PASSED] - Test Cases/PFI Precision and Scale/HashMap Tables/ConstantHashMap: Test Cases/PFI Precision and Scale/HashMap Tables/ConstantHashMap

2020-06-09 15:22:13 - [TEST_STEP][PASSED] - ConstantTBL = [1:["PeriodType":"Working Day(s)"], 2:["PeriodType":"Calendar Day(s)"], 3:["PeriodType":"Month(s)"], 4:["TypeOfLetter":"T1"], ... ]: null

2020-06-09 15:22:13 - [TEST_STEP][PASSED] - switch (DropdownNm): null

2020-06-09 15:22:13 - [TEST_STEP][PASSED] - case "PresINd":: null

2020-06-09 15:22:13 - [TEST_STEP][PASSED] - ValueFound = ConstantTBL.find({ -> ... }): null

2020-06-09 15:22:13 - [TEST_STEP][PASSED] - break: null

2020-06-09 15:22:13 - [MESSAGE][PASSED] - Call Test Case 'Test Cases/PFI Precision and Scale/HashMap Tables/ConstantHashMap' successfully

2020-06-09 15:22:13 - [TEST_STEP][PASSED] - OutputFile.append("Search Value: " + ComboBoxValue + " " + "Found Value: " + ValueFound + TimeStamp + "
"): null

2020-06-09 15:22:13 - [TEST_STEP][PASSED] - sendKeys(NewInputNmField, Keys.chord(ARROW_DOWN)): Keys 'DOWN + ' sent to object: 'Object Repository/Objects.HighlightElements/input_field_index'

2020-06-09 15:22:13 - [MESSAGE][PASSED] - Keys 'DOWN + ' sent to object: 'Object Repository/Objects.HighlightElements/input_field_index'

2020-06-09 15:22:13 - [TEST_STEP][PASSED] - sendKeys(NewInputNmField, Keys.chord(ARROW_DOWN)): Keys 'DOWN + ' sent to object: 'Object Repository/Objects.HighlightElements/input_field_index'

2020-06-09 15:22:13 - [MESSAGE][PASSED] - Keys 'DOWN + ' sent to object: 'Object Repository/Objects.HighlightElements/input_field_index'

2020-06-09 15:22:13 - [TEST_STEP][PASSED] - delay(DelayTime): Delayed 2 second(s)

2020-06-09 15:22:15 - [MESSAGE][PASSED] - Delayed 2 second(s)

2020-06-09 15:22:15 - [TEST_STEP][PASSED] - sendKeys(NewInputNmField, Keys.chord(ENTER)): Keys 'ENTER + ' sent to object: 'Object Repository/Objects.HighlightElements/input_field_index'

2020-06-09 15:22:15 - [MESSAGE][PASSED] - Keys 'ENTER + ' sent to object: 'Object Repository/Objects.HighlightElements/input_field_index'

2020-06-09 15:22:15 - [TEST_STEP][PASSED] - ComboBoxValue = getAttribute(NewInputNmField, "value"): Attribute 'value' of object 'Object Repository/Objects.HighlightElements/input_field_index' is: 'No'

2020-06-09 15:22:15 - [MESSAGE][PASSED] - Attribute 'value' of object 'Object Repository/Objects.HighlightElements/input_field_index' is: 'No'

2020-06-09 15:22:15 - [TEST_STEP][PASSED] - callTestCase(findTestCase(CallTCName), ["FindValue":ComboBoxValue, "DropdownNm":comboNm], STOP_ON_FAILURE): Call Test Case 'Test Cases/PFI Precision and Scale/HashMap Tables/ConstantHashMap' successfully

2020-06-09 15:22:15 - [TEST_CASE][PASSED] - Test Cases/PFI Precision and Scale/HashMap Tables/ConstantHashMap: Test Cases/PFI Precision and Scale/HashMap Tables/ConstantHashMap

2020-06-09 15:22:15 - [TEST_STEP][PASSED] - ConstantTBL = [1:["PeriodType":"Working Day(s)"], 2:["PeriodType":"Calendar Day(s)"], 3:["PeriodType":"Month(s)"], 4:["TypeOfLetter":"T1"], ... ]: null

2020-06-09 15:22:15 - [TEST_STEP][PASSED] - switch (DropdownNm): null

2020-06-09 15:22:15 - [TEST_STEP][PASSED] - case "PresINd":: null

2020-06-09 15:22:15 - [TEST_STEP][PASSED] - ValueFound = ConstantTBL.find({ -> ... }): null

2020-06-09 15:22:15 - [TEST_STEP][PASSED] - break: null

2020-06-09 15:22:15 - [MESSAGE][PASSED] - Call Test Case 'Test Cases/PFI Precision and Scale/HashMap Tables/ConstantHashMap' successfully

2020-06-09 15:22:15 - [TEST_STEP][PASSED] - OutputFile.append("Search Value: " + ComboBoxValue + " " + "Found Value: " + ValueFound + TimeStamp + "
"): null

2020-06-09 15:22:15 - [TEST_STEP][PASSED] - sendKeys(NewInputNmField, Keys.chord(ARROW_DOWN)): Keys 'DOWN + ' sent to object: 'Object Repository/Objects.HighlightElements/input_field_index'

2020-06-09 15:22:15 - [MESSAGE][PASSED] - Keys 'DOWN + ' sent to object: 'Object Repository/Objects.HighlightElements/input_field_index'

2020-06-09 15:22:15 - [TEST_STEP][PASSED] - sendKeys(NewInputNmField, Keys.chord(ENTER)): Keys 'ENTER + ' sent to object: 'Object Repository/Objects.HighlightElements/input_field_index'

2020-06-09 15:22:15 - [MESSAGE][PASSED] - Keys 'ENTER + ' sent to object: 'Object Repository/Objects.HighlightElements/input_field_index'

2020-06-09 15:22:15 - [MESSAGE][PASSED] - Call Test Case 'Test Cases/PFI Precision and Scale/PFI Components with Indexing/VerifyDropdownValuesXPI' successfully

2020-06-09 15:22:15 - [TEST_STEP][PASSED] - callTestCase(findTestCase("Components/SelectAllThenDeleteXPI"), ["nameToBeUsed":"submInd_5", "index":"1"], STOP_ON_FAILURE): Call Test Case 'Test Cases/Components/SelectAllThenDeleteXPI' successfully

2020-06-09 15:22:15 - [TEST_CASE][PASSED] - Test Cases/Components/SelectAllThenDeleteXPI: Test Cases/Components/SelectAllThenDeleteXPI

2020-06-09 15:22:15 - [TEST_STEP][PASSED] - Thread.sleep(1000): null

2020-06-09 15:22:16 - [TEST_STEP][PASSED] - modifiedObj = modifyObjectProperty(findTestObject("Object Repository/Objects.HighlightElements/input_field_index"), "xpath", "equals", "(//*[contains(@name,'" + nameToBeUsed + "')])[" + index + "]", true): Modify property of object successfully

2020-06-09 15:22:16 - [MESSAGE][PASSED] - Modify property of object successfully

2020-06-09 15:22:16 - [TEST_STEP][PASSED] - focus(modifiedObj): Object: 'Object Repository/Objects.HighlightElements/input_field_index' is focused

2020-06-09 15:22:16 - [MESSAGE][PASSED] - Object: 'Object Repository/Objects.HighlightElements/input_field_index' is focused

2020-06-09 15:22:16 - [TEST_STEP][PASSED] - sendKeys(modifiedObj, Keys.chord(CONTROL, "a")): Keys 'CONTROL + a' sent to object: 'Object Repository/Objects.HighlightElements/input_field_index'

2020-06-09 15:22:16 - [MESSAGE][PASSED] - Keys 'CONTROL + a' sent to object: 'Object Repository/Objects.HighlightElements/input_field_index'

2020-06-09 15:22:16 - [TEST_STEP][PASSED] - sendKeys(modifiedObj, Keys.chord(DELETE)): Keys 'DELETE + ' sent to object: 'Object Repository/Objects.HighlightElements/input_field_index'

2020-06-09 15:22:16 - [MESSAGE][PASSED] - Keys 'DELETE + ' sent to object: 'Object Repository/Objects.HighlightElements/input_field_index'

2020-06-09 15:22:16 - [MESSAGE][PASSED] - Call Test Case 'Test Cases/Components/SelectAllThenDeleteXPI' successfully

2020-06-09 15:22:16 - [TEST_STEP][PASSED] - callTestCase(findTestCase("PFI Precision and Scale/PFI Components with Indexing/RequiredFieldValidationXPI"), ["nameToBeUsed":"submInd_5", "index":1], STOP_ON_FAILURE): Call Test Case 'Test Cases/PFI Precision and Scale/PFI Components with Indexing/RequiredFieldValidationXPI' successfully

2020-06-09 15:22:17 - [TEST_CASE][PASSED] - Test Cases/PFI Precision and Scale/PFI Components with Indexing/RequiredFieldValidationXPI: Test Cases/PFI Precision and Scale/PFI Components with Indexing/RequiredFieldValidationXPI

2020-06-09 15:22:17 - [TEST_STEP][PASSED] - enableSmartWait(): null

2020-06-09 15:22:17 - [TEST_STEP][PASSED] - NewInputNmField = modifyObjectProperty(findTestObject("Objects.HighlightElements/input_field_index"), "xpath", "equals", "(//*[contains(@name,'" + nameToBeUsed + "')])[" + index + "]", true): Modify property of object successfully

2020-06-09 15:22:17 - [MESSAGE][PASSED] - Modify property of object successfully

2020-06-09 15:22:17 - [TEST_STEP][PASSED] - getRqErrMsg = getAttribute(NewInputNmField, "data-errorqtip"): Attribute 'data-errorqtip' of object 'Object Repository/Objects.HighlightElements/input_field_index' is: '<ul class="x-list-plain"><li>This field is required</li></ul>'

2020-06-09 15:22:17 - [MESSAGE][PASSED] - Attribute 'data-errorqtip' of object 'Object Repository/Objects.HighlightElements/input_field_index' is: '<ul class="x-list-plain"><li>This field is required</li></ul>'

2020-06-09 15:22:17 - [TEST_STEP][PASSED] - strToolTip = getRqErrMsg.substring(29, 61): null

2020-06-09 15:22:17 - [TEST_STEP][PASSED] - toolTipReqErrMsg = strToolTip.substring(0, 22): null

2020-06-09 15:22:17 - [TEST_STEP][PASSED] - verifyMatch(toolTipReqErrMsg, RqField, true): Actual text 'This field is required' and expected text 'This field is required' are matched  using regular expression

2020-06-09 15:22:17 - [MESSAGE][PASSED] - Actual text 'This field is required' and expected text 'This field is required' are matched  using regular expression

2020-06-09 15:22:17 - [TEST_STEP][PASSED] - delay(3): Delayed 3 second(s)

2020-06-09 15:22:20 - [MESSAGE][PASSED] - Delayed 3 second(s)

2020-06-09 15:22:20 - [TEST_STEP][PASSED] - mouseOver(NewInputNmField): Object: 'Object Repository/Objects.HighlightElements/input_field_index' is hovered

2020-06-09 15:22:20 - [MESSAGE][PASSED] - Object: 'Object Repository/Objects.HighlightElements/input_field_index' is hovered

2020-06-09 15:22:20 - [MESSAGE][PASSED] - Call Test Case 'Test Cases/PFI Precision and Scale/PFI Components with Indexing/RequiredFieldValidationXPI' successfully

2020-06-09 15:22:20 - [TEST_STEP][PASSED] - callTestCase(findTestCase("Components/HighlightInputFieldXPI"), ["FldNm":"submInd_6", "index":1], STOP_ON_FAILURE): Call Test Case 'Test Cases/Components/HighlightInputFieldXPI' successfully

2020-06-09 15:22:20 - [TEST_CASE][PASSED] - Test Cases/Components/HighlightInputFieldXPI: Test Cases/Components/HighlightInputFieldXPI

2020-06-09 15:22:20 - [TEST_STEP][PASSED] - Thread.sleep(1000): null

2020-06-09 15:22:21 - [TEST_STEP][PASSED] - modifiedInputNm = modifyObjectProperty(findTestObject("Object Repository/Objects.HighlightElements/input_field_index"), "xpath", "equals", "(//*[contains(@name, '" + FldNm + "')])[" + index + "]", true): Modify property of object successfully

2020-06-09 15:22:21 - [MESSAGE][PASSED] - Modify property of object successfully

2020-06-09 15:22:21 - [TEST_STEP][PASSED] - com.reusableComponents.HighlightElement.run(modifiedInputNm): com.reusableComponents.HighlightElement.run is PASSED

2020-06-09 15:22:21 - [MESSAGE][PASSED] - com.reusableComponents.HighlightElement.run is PASSED

2020-06-09 15:22:21 - [MESSAGE][PASSED] - Call Test Case 'Test Cases/Components/HighlightInputFieldXPI' successfully

2020-06-09 15:22:21 - [TEST_STEP][PASSED] - callTestCase(findTestCase("PFI Precision and Scale/PFI Components with Indexing/VerifyDropdownValuesXPI"), ["FldNm":"submInd_6", "index":1, "CallTCName":"PFI Precision and Scale/HashMap Tables/ConstantHashMap", "cmbNm":"PresINd", ... ], STOP_ON_FAILURE): Call Test Case 'Test Cases/PFI Precision and Scale/PFI Components with Indexing/VerifyDropdownValuesXPI' successfully

2020-06-09 15:22:21 - [TEST_CASE][PASSED] - Test Cases/PFI Precision and Scale/PFI Components with Indexing/VerifyDropdownValuesXPI: Test Cases/PFI Precision and Scale/PFI Components with Indexing/VerifyDropdownValuesXPI

2020-06-09 15:22:21 - [TEST_STEP][PASSED] - Thread.sleep(1000): null

2020-06-09 15:22:22 - [TEST_STEP][PASSED] - OutputFile = new java.io.File(DropdownValuesResult.txt): null

2020-06-09 15:22:22 - [TEST_STEP][PASSED] - TimeStamp = new java.util.Date(): null

2020-06-09 15:22:22 - [TEST_STEP][PASSED] - NewInputNmField = modifyObjectProperty(findTestObject("Object Repository/Objects.HighlightElements/input_field_index"), "xpath", "equals", "(//*[contains(@name, '" + FldNm + "')])[" + index + "]", true): Modify property of object successfully

2020-06-09 15:22:22 - [MESSAGE][PASSED] - Modify property of object successfully

2020-06-09 15:22:22 - [TEST_STEP][PASSED] - comboNm = cmbNm: null

2020-06-09 15:22:22 - [TEST_STEP][PASSED] - focus(NewInputNmField): Object: 'Object Repository/Objects.HighlightElements/input_field_index' is focused

2020-06-09 15:22:22 - [MESSAGE][PASSED] - Object: 'Object Repository/Objects.HighlightElements/input_field_index' is focused

2020-06-09 15:22:22 - [TEST_STEP][PASSED] - setText(NewInputNmField, EnterValue): Text '' is set on object 'Object Repository/Objects.HighlightElements/input_field_index'

2020-06-09 15:22:23 - [MESSAGE][PASSED] - Text '' is set on object 'Object Repository/Objects.HighlightElements/input_field_index'

2020-06-09 15:22:23 - [TEST_STEP][PASSED] - for ([i = 1, i <= NoOfVal, (i++)]): Keys 'DOWN + ' sent to object: 'Object Repository/Objects.HighlightElements/input_field_index'

2020-06-09 15:22:23 - [TEST_STEP][PASSED] - sendKeys(NewInputNmField, Keys.chord(ARROW_DOWN)): Keys 'DOWN + ' sent to object: 'Object Repository/Objects.HighlightElements/input_field_index'

2020-06-09 15:22:23 - [MESSAGE][PASSED] - Keys 'DOWN + ' sent to object: 'Object Repository/Objects.HighlightElements/input_field_index'

2020-06-09 15:22:23 - [TEST_STEP][PASSED] - delay(DelayTime): Delayed 2 second(s)

2020-06-09 15:22:25 - [MESSAGE][PASSED] - Delayed 2 second(s)

2020-06-09 15:22:25 - [TEST_STEP][PASSED] - sendKeys(NewInputNmField, Keys.chord(ENTER)): Keys 'ENTER + ' sent to object: 'Object Repository/Objects.HighlightElements/input_field_index'

2020-06-09 15:22:25 - [MESSAGE][PASSED] - Keys 'ENTER + ' sent to object: 'Object Repository/Objects.HighlightElements/input_field_index'

2020-06-09 15:22:25 - [TEST_STEP][PASSED] - ComboBoxValue = getAttribute(NewInputNmField, "value"): Attribute 'value' of object 'Object Repository/Objects.HighlightElements/input_field_index' is: 'Yes'

2020-06-09 15:22:25 - [MESSAGE][PASSED] - Attribute 'value' of object 'Object Repository/Objects.HighlightElements/input_field_index' is: 'Yes'

2020-06-09 15:22:25 - [TEST_STEP][PASSED] - callTestCase(findTestCase(CallTCName), ["FindValue":ComboBoxValue, "DropdownNm":comboNm], STOP_ON_FAILURE): Call Test Case 'Test Cases/PFI Precision and Scale/HashMap Tables/ConstantHashMap' successfully

2020-06-09 15:22:25 - [TEST_CASE][PASSED] - Test Cases/PFI Precision and Scale/HashMap Tables/ConstantHashMap: Test Cases/PFI Precision and Scale/HashMap Tables/ConstantHashMap

2020-06-09 15:22:25 - [TEST_STEP][PASSED] - ConstantTBL = [1:["PeriodType":"Working Day(s)"], 2:["PeriodType":"Calendar Day(s)"], 3:["PeriodType":"Month(s)"], 4:["TypeOfLetter":"T1"], ... ]: null

2020-06-09 15:22:25 - [TEST_STEP][PASSED] - switch (DropdownNm): null

2020-06-09 15:22:25 - [TEST_STEP][PASSED] - case "PresINd":: null

2020-06-09 15:22:25 - [TEST_STEP][PASSED] - ValueFound = ConstantTBL.find({ -> ... }): null

2020-06-09 15:22:25 - [TEST_STEP][PASSED] - break: null

2020-06-09 15:22:25 - [MESSAGE][PASSED] - Call Test Case 'Test Cases/PFI Precision and Scale/HashMap Tables/ConstantHashMap' successfully

2020-06-09 15:22:25 - [TEST_STEP][PASSED] - OutputFile.append("Search Value: " + ComboBoxValue + " " + "Found Value: " + ValueFound + TimeStamp + "
"): null

2020-06-09 15:22:25 - [TEST_STEP][PASSED] - sendKeys(NewInputNmField, Keys.chord(ARROW_DOWN)): Keys 'DOWN + ' sent to object: 'Object Repository/Objects.HighlightElements/input_field_index'

2020-06-09 15:22:25 - [MESSAGE][PASSED] - Keys 'DOWN + ' sent to object: 'Object Repository/Objects.HighlightElements/input_field_index'

2020-06-09 15:22:25 - [TEST_STEP][PASSED] - sendKeys(NewInputNmField, Keys.chord(ARROW_DOWN)): Keys 'DOWN + ' sent to object: 'Object Repository/Objects.HighlightElements/input_field_index'

2020-06-09 15:22:25 - [MESSAGE][PASSED] - Keys 'DOWN + ' sent to object: 'Object Repository/Objects.HighlightElements/input_field_index'

2020-06-09 15:22:25 - [TEST_STEP][PASSED] - delay(DelayTime): Delayed 2 second(s)

2020-06-09 15:22:27 - [MESSAGE][PASSED] - Delayed 2 second(s)

2020-06-09 15:22:27 - [TEST_STEP][PASSED] - sendKeys(NewInputNmField, Keys.chord(ENTER)): Keys 'ENTER + ' sent to object: 'Object Repository/Objects.HighlightElements/input_field_index'

2020-06-09 15:22:27 - [MESSAGE][PASSED] - Keys 'ENTER + ' sent to object: 'Object Repository/Objects.HighlightElements/input_field_index'

2020-06-09 15:22:27 - [TEST_STEP][PASSED] - ComboBoxValue = getAttribute(NewInputNmField, "value"): Attribute 'value' of object 'Object Repository/Objects.HighlightElements/input_field_index' is: 'No'

2020-06-09 15:22:27 - [MESSAGE][PASSED] - Attribute 'value' of object 'Object Repository/Objects.HighlightElements/input_field_index' is: 'No'

2020-06-09 15:22:27 - [TEST_STEP][PASSED] - callTestCase(findTestCase(CallTCName), ["FindValue":ComboBoxValue, "DropdownNm":comboNm], STOP_ON_FAILURE): Call Test Case 'Test Cases/PFI Precision and Scale/HashMap Tables/ConstantHashMap' successfully

2020-06-09 15:22:27 - [TEST_CASE][PASSED] - Test Cases/PFI Precision and Scale/HashMap Tables/ConstantHashMap: Test Cases/PFI Precision and Scale/HashMap Tables/ConstantHashMap

2020-06-09 15:22:27 - [TEST_STEP][PASSED] - ConstantTBL = [1:["PeriodType":"Working Day(s)"], 2:["PeriodType":"Calendar Day(s)"], 3:["PeriodType":"Month(s)"], 4:["TypeOfLetter":"T1"], ... ]: null

2020-06-09 15:22:27 - [TEST_STEP][PASSED] - switch (DropdownNm): null

2020-06-09 15:22:27 - [TEST_STEP][PASSED] - case "PresINd":: null

2020-06-09 15:22:27 - [TEST_STEP][PASSED] - ValueFound = ConstantTBL.find({ -> ... }): null

2020-06-09 15:22:27 - [TEST_STEP][PASSED] - break: null

2020-06-09 15:22:27 - [MESSAGE][PASSED] - Call Test Case 'Test Cases/PFI Precision and Scale/HashMap Tables/ConstantHashMap' successfully

2020-06-09 15:22:27 - [TEST_STEP][PASSED] - OutputFile.append("Search Value: " + ComboBoxValue + " " + "Found Value: " + ValueFound + TimeStamp + "
"): null

2020-06-09 15:22:27 - [TEST_STEP][PASSED] - sendKeys(NewInputNmField, Keys.chord(ARROW_DOWN)): Keys 'DOWN + ' sent to object: 'Object Repository/Objects.HighlightElements/input_field_index'

2020-06-09 15:22:27 - [MESSAGE][PASSED] - Keys 'DOWN + ' sent to object: 'Object Repository/Objects.HighlightElements/input_field_index'

2020-06-09 15:22:27 - [TEST_STEP][PASSED] - sendKeys(NewInputNmField, Keys.chord(ENTER)): Keys 'ENTER + ' sent to object: 'Object Repository/Objects.HighlightElements/input_field_index'

2020-06-09 15:22:27 - [MESSAGE][PASSED] - Keys 'ENTER + ' sent to object: 'Object Repository/Objects.HighlightElements/input_field_index'

2020-06-09 15:22:27 - [MESSAGE][PASSED] - Call Test Case 'Test Cases/PFI Precision and Scale/PFI Components with Indexing/VerifyDropdownValuesXPI' successfully

2020-06-09 15:22:27 - [TEST_STEP][PASSED] - callTestCase(findTestCase("Components/SelectAllThenDeleteXPI"), ["nameToBeUsed":"submInd_6", "index":"1"], STOP_ON_FAILURE): Call Test Case 'Test Cases/Components/SelectAllThenDeleteXPI' successfully

2020-06-09 15:22:27 - [TEST_CASE][PASSED] - Test Cases/Components/SelectAllThenDeleteXPI: Test Cases/Components/SelectAllThenDeleteXPI

2020-06-09 15:22:27 - [TEST_STEP][PASSED] - Thread.sleep(1000): null

2020-06-09 15:22:28 - [TEST_STEP][PASSED] - modifiedObj = modifyObjectProperty(findTestObject("Object Repository/Objects.HighlightElements/input_field_index"), "xpath", "equals", "(//*[contains(@name,'" + nameToBeUsed + "')])[" + index + "]", true): Modify property of object successfully

2020-06-09 15:22:28 - [MESSAGE][PASSED] - Modify property of object successfully

2020-06-09 15:22:28 - [TEST_STEP][PASSED] - focus(modifiedObj): Object: 'Object Repository/Objects.HighlightElements/input_field_index' is focused

2020-06-09 15:22:28 - [MESSAGE][PASSED] - Object: 'Object Repository/Objects.HighlightElements/input_field_index' is focused

2020-06-09 15:22:28 - [TEST_STEP][PASSED] - sendKeys(modifiedObj, Keys.chord(CONTROL, "a")): Keys 'CONTROL + a' sent to object: 'Object Repository/Objects.HighlightElements/input_field_index'

2020-06-09 15:22:28 - [MESSAGE][PASSED] - Keys 'CONTROL + a' sent to object: 'Object Repository/Objects.HighlightElements/input_field_index'

2020-06-09 15:22:28 - [TEST_STEP][PASSED] - sendKeys(modifiedObj, Keys.chord(DELETE)): Keys 'DELETE + ' sent to object: 'Object Repository/Objects.HighlightElements/input_field_index'

2020-06-09 15:22:28 - [MESSAGE][PASSED] - Keys 'DELETE + ' sent to object: 'Object Repository/Objects.HighlightElements/input_field_index'

2020-06-09 15:22:28 - [MESSAGE][PASSED] - Call Test Case 'Test Cases/Components/SelectAllThenDeleteXPI' successfully

2020-06-09 15:22:28 - [TEST_STEP][PASSED] - callTestCase(findTestCase("PFI Precision and Scale/PFI Components with Indexing/RequiredFieldValidationXPI"), ["nameToBeUsed":"submInd_6", "index":1], STOP_ON_FAILURE): Call Test Case 'Test Cases/PFI Precision and Scale/PFI Components with Indexing/RequiredFieldValidationXPI' successfully

2020-06-09 15:22:28 - [TEST_CASE][PASSED] - Test Cases/PFI Precision and Scale/PFI Components with Indexing/RequiredFieldValidationXPI: Test Cases/PFI Precision and Scale/PFI Components with Indexing/RequiredFieldValidationXPI

2020-06-09 15:22:28 - [TEST_STEP][PASSED] - enableSmartWait(): null

2020-06-09 15:22:28 - [TEST_STEP][PASSED] - NewInputNmField = modifyObjectProperty(findTestObject("Objects.HighlightElements/input_field_index"), "xpath", "equals", "(//*[contains(@name,'" + nameToBeUsed + "')])[" + index + "]", true): Modify property of object successfully

2020-06-09 15:22:28 - [MESSAGE][PASSED] - Modify property of object successfully

2020-06-09 15:22:28 - [TEST_STEP][PASSED] - getRqErrMsg = getAttribute(NewInputNmField, "data-errorqtip"): Attribute 'data-errorqtip' of object 'Object Repository/Objects.HighlightElements/input_field_index' is: '<ul class="x-list-plain"><li>This field is required</li></ul>'

2020-06-09 15:22:28 - [MESSAGE][PASSED] - Attribute 'data-errorqtip' of object 'Object Repository/Objects.HighlightElements/input_field_index' is: '<ul class="x-list-plain"><li>This field is required</li></ul>'

2020-06-09 15:22:28 - [TEST_STEP][PASSED] - strToolTip = getRqErrMsg.substring(29, 61): null

2020-06-09 15:22:28 - [TEST_STEP][PASSED] - toolTipReqErrMsg = strToolTip.substring(0, 22): null

2020-06-09 15:22:28 - [TEST_STEP][PASSED] - verifyMatch(toolTipReqErrMsg, RqField, true): Actual text 'This field is required' and expected text 'This field is required' are matched  using regular expression

2020-06-09 15:22:28 - [MESSAGE][PASSED] - Actual text 'This field is required' and expected text 'This field is required' are matched  using regular expression

2020-06-09 15:22:28 - [TEST_STEP][PASSED] - delay(3): Delayed 3 second(s)

2020-06-09 15:22:31 - [MESSAGE][PASSED] - Delayed 3 second(s)

2020-06-09 15:22:31 - [TEST_STEP][PASSED] - mouseOver(NewInputNmField): Object: 'Object Repository/Objects.HighlightElements/input_field_index' is hovered

2020-06-09 15:22:32 - [MESSAGE][PASSED] - Object: 'Object Repository/Objects.HighlightElements/input_field_index' is hovered

2020-06-09 15:22:32 - [MESSAGE][PASSED] - Call Test Case 'Test Cases/PFI Precision and Scale/PFI Components with Indexing/RequiredFieldValidationXPI' successfully

2020-06-09 15:22:32 - [TEST_STEP][NOT_RUN] - callTestCase(findTestCase("Components/Logout"), ["LogoutPageTextToBeVerified":findTestData("ISPS2 Test Data").getValue("HomeBanner", 2)], STOP_ON_FAILURE): NOT_RUN: callTestCase(findTestCase("Components/Logout"), ["LogoutPageTextToBeVerified":findTestData("ISPS2 Test Data").getValue("HomeBanner", 2)], STOP_ON_FAILURE)

2020-06-09 15:22:32 - [MESSAGE][NOT_RUN] - NOT_RUN: callTestCase(findTestCase("Components/Logout"), ["LogoutPageTextToBeVerified":findTestData("ISPS2 Test Data").getValue("HomeBanner", 2)], STOP_ON_FAILURE)]]></system-out>
         <system-err><![CDATA[]]></system-err>
      </testcase>
      <testcase name="Test Cases/PFI Precision and Scale/PFI Test Cases/Process Case (PFI)/PFI.ReferToExternalAgencyLHS" time="128.96" classname="Test Cases/PFI Precision and Scale/PFI Test Cases/Process Case (PFI)/PFI.ReferToExternalAgencyLHS" status="PASSED">
         <system-out><![CDATA[2020-06-09 15:22:32 - [TEST_CASE][PASSED] - Test Cases/PFI Precision and Scale/PFI Test Cases/Process Case (PFI)/PFI.ReferToExternalAgencyLHS: Test Cases/PFI Precision and Scale/PFI Test Cases/Process Case (PFI)/PFI.ReferToExternalAgencyLHS

2020-06-09 15:22:32 - [TEST_STEP][NOT_RUN] - callTestCase(findTestCase("Components/LoginV2.0"), ["LinkToBeUsed":findTestData("ISPS2 Test Data").getValue("URL", 2), "LoginPageTextToBeVerified":findTestData("ISPS2 Test Data").getValue("HomeBanner", 2), ... ], STOP_ON_FAILURE): NOT_RUN: callTestCase(findTestCase("Components/LoginV2.0"), ["LinkToBeUsed":findTestData("ISPS2 Test Data").getValue("URL", 2), "LoginPageTextToBeVerified":findTestData("ISPS2 Test Data").getValue("HomeBanner", 2), ... ], STOP_ON_FAILURE)

2020-06-09 15:22:32 - [MESSAGE][NOT_RUN] - NOT_RUN: callTestCase(findTestCase("Components/LoginV2.0"), ["LinkToBeUsed":findTestData("ISPS2 Test Data").getValue("URL", 2), "LoginPageTextToBeVerified":findTestData("ISPS2 Test Data").getValue("HomeBanner", 2), ... ], STOP_ON_FAILURE)

2020-06-09 15:22:32 - [TEST_STEP][NOT_RUN] - callTestCase(findTestCase("Components/NavigateToHomepageHeaders"), ["headerText":"My Tasks"], STOP_ON_FAILURE): NOT_RUN: callTestCase(findTestCase("Components/NavigateToHomepageHeaders"), ["headerText":"My Tasks"], STOP_ON_FAILURE)

2020-06-09 15:22:32 - [MESSAGE][NOT_RUN] - NOT_RUN: callTestCase(findTestCase("Components/NavigateToHomepageHeaders"), ["headerText":"My Tasks"], STOP_ON_FAILURE)

2020-06-09 15:22:32 - [TEST_STEP][NOT_RUN] - callTestCase(findTestCase("Components/Filter"), ["taskDescription":"Process Case (SM)"], STOP_ON_FAILURE): NOT_RUN: callTestCase(findTestCase("Components/Filter"), ["taskDescription":"Process Case (SM)"], STOP_ON_FAILURE)

2020-06-09 15:22:32 - [MESSAGE][NOT_RUN] - NOT_RUN: callTestCase(findTestCase("Components/Filter"), ["taskDescription":"Process Case (SM)"], STOP_ON_FAILURE)

2020-06-09 15:22:32 - [TEST_STEP][NOT_RUN] - callTestCase(findTestCase("Components/ClickLinkDependingOnTextAndIndex"), ["linkName":"Process Case (SM)", "index":"3"], STOP_ON_FAILURE): NOT_RUN: callTestCase(findTestCase("Components/ClickLinkDependingOnTextAndIndex"), ["linkName":"Process Case (SM)", "index":"3"], STOP_ON_FAILURE)

2020-06-09 15:22:32 - [MESSAGE][NOT_RUN] - NOT_RUN: callTestCase(findTestCase("Components/ClickLinkDependingOnTextAndIndex"), ["linkName":"Process Case (SM)", "index":"3"], STOP_ON_FAILURE)

2020-06-09 15:22:32 - [TEST_STEP][PASSED] - callTestCase(findTestCase("Components/NavigateToAnyLHS"), ["LHS":"Refer Case to External Agency"], STOP_ON_FAILURE): Call Test Case 'Test Cases/Components/NavigateToAnyLHS' successfully

2020-06-09 15:22:32 - [TEST_CASE][PASSED] - Test Cases/Components/NavigateToAnyLHS: Test Cases/Components/NavigateToAnyLHS

2020-06-09 15:22:32 - [TEST_STEP][PASSED] - Thread.sleep(1000): null

2020-06-09 15:22:33 - [TEST_STEP][PASSED] - modifiedLHS = modifyObjectProperty(findTestObject("Objects.NavigateToAnyLHS/Page_ISPS2/LHSToModify"), "text", "equals", LHS, true): Modify property of object successfully

2020-06-09 15:22:33 - [MESSAGE][PASSED] - Modify property of object successfully

2020-06-09 15:22:33 - [TEST_STEP][PASSED] - click(modifiedLHS): Object: 'Object Repository/Objects.NavigateToAnyLHS/Page_ISPS2/LHSToModify' is clicked on

2020-06-09 15:22:33 - [MESSAGE][PASSED] - Object: 'Object Repository/Objects.NavigateToAnyLHS/Page_ISPS2/LHSToModify' is clicked on

2020-06-09 15:22:33 - [TEST_STEP][PASSED] - currentLHS = getText(modifiedLHS): Text of object 'Object Repository/Objects.NavigateToAnyLHS/Page_ISPS2/LHSToModify' is: 'Refer Case to External Agency'

2020-06-09 15:22:33 - [MESSAGE][PASSED] - Text of object 'Object Repository/Objects.NavigateToAnyLHS/Page_ISPS2/LHSToModify' is: 'Refer Case to External Agency'

2020-06-09 15:22:33 - [TEST_STEP][PASSED] - Thread.sleep(5000): null

2020-06-09 15:22:38 - [MESSAGE][PASSED] - Call Test Case 'Test Cases/Components/NavigateToAnyLHS' successfully

2020-06-09 15:22:38 - [TEST_STEP][PASSED] - callTestCase(findTestCase("Components/VerifyPageSuccessfullyLoaded"), ["HeaderName":"Refer to External Agency"], STOP_ON_FAILURE): Call Test Case 'Test Cases/Components/VerifyPageSuccessfullyLoaded' successfully

2020-06-09 15:22:38 - [TEST_CASE][PASSED] - Test Cases/Components/VerifyPageSuccessfullyLoaded: Test Cases/Components/VerifyPageSuccessfullyLoaded

2020-06-09 15:22:38 - [TEST_STEP][PASSED] - Thread.sleep(3000): null

2020-06-09 15:22:41 - [TEST_STEP][PASSED] - ModifiedHeaderName = modifyObjectProperty(findTestObject("Objects.VerifyPageSuccessfullyLoaded/PageHeader"), "text", "equals", HeaderName, true): Modify property of object successfully

2020-06-09 15:22:41 - [MESSAGE][PASSED] - Modify property of object successfully

2020-06-09 15:22:41 - [TEST_STEP][PASSED] - verifyElementPresent(ModifiedHeaderName, 30): Object 'Object Repository/Objects.VerifyPageSuccessfullyLoaded/PageHeader' is present

2020-06-09 15:22:41 - [MESSAGE][PASSED] - Object 'Object Repository/Objects.VerifyPageSuccessfullyLoaded/PageHeader' is present

2020-06-09 15:22:41 - [TEST_STEP][PASSED] - com.reusableComponents.HighlightElement.run(ModifiedHeaderName): com.reusableComponents.HighlightElement.run is PASSED

2020-06-09 15:22:42 - [MESSAGE][PASSED] - com.reusableComponents.HighlightElement.run is PASSED

2020-06-09 15:22:42 - [MESSAGE][PASSED] - Call Test Case 'Test Cases/Components/VerifyPageSuccessfullyLoaded' successfully

2020-06-09 15:22:42 - [TEST_STEP][PASSED] - callTestCase(findTestCase("Components/HighlightLabelFieldXPI"), ["LblName":"External Agencies", "index":1], STOP_ON_FAILURE): Call Test Case 'Test Cases/Components/HighlightLabelFieldXPI' successfully

2020-06-09 15:22:42 - [TEST_CASE][PASSED] - Test Cases/Components/HighlightLabelFieldXPI: Test Cases/Components/HighlightLabelFieldXPI

2020-06-09 15:22:42 - [TEST_STEP][PASSED] - Thread.sleep(1000): null

2020-06-09 15:22:43 - [TEST_STEP][PASSED] - modifiedLblNm = modifyObjectProperty(findTestObject("Object Repository/Objects.HighlightElements/lblField_index"), "xpath", "equals", "(//*[contains(@class, 'x-form-item-label-inner x-form-item-label-inner-default') and contains(., '" + LblName + "')])[" + index + "]", true): Modify property of object successfully

2020-06-09 15:22:43 - [MESSAGE][PASSED] - Modify property of object successfully

2020-06-09 15:22:43 - [TEST_STEP][PASSED] - com.reusableComponents.HighlightElement.run(modifiedLblNm): com.reusableComponents.HighlightElement.run is PASSED

2020-06-09 15:22:43 - [MESSAGE][PASSED] - com.reusableComponents.HighlightElement.run is PASSED

2020-06-09 15:22:43 - [MESSAGE][PASSED] - Call Test Case 'Test Cases/Components/HighlightLabelFieldXPI' successfully

2020-06-09 15:22:43 - [TEST_STEP][PASSED] - callTestCase(findTestCase("Components/HighlightInputFieldXPI"), ["FldNm":"extAgenciesCmb", "index":1], STOP_ON_FAILURE): Call Test Case 'Test Cases/Components/HighlightInputFieldXPI' successfully

2020-06-09 15:22:43 - [TEST_CASE][PASSED] - Test Cases/Components/HighlightInputFieldXPI: Test Cases/Components/HighlightInputFieldXPI

2020-06-09 15:22:43 - [TEST_STEP][PASSED] - Thread.sleep(1000): null

2020-06-09 15:22:44 - [TEST_STEP][PASSED] - modifiedInputNm = modifyObjectProperty(findTestObject("Object Repository/Objects.HighlightElements/input_field_index"), "xpath", "equals", "(//*[contains(@name, '" + FldNm + "')])[" + index + "]", true): Modify property of object successfully

2020-06-09 15:22:44 - [MESSAGE][PASSED] - Modify property of object successfully

2020-06-09 15:22:44 - [TEST_STEP][PASSED] - com.reusableComponents.HighlightElement.run(modifiedInputNm): com.reusableComponents.HighlightElement.run is PASSED

2020-06-09 15:22:45 - [MESSAGE][PASSED] - com.reusableComponents.HighlightElement.run is PASSED

2020-06-09 15:22:45 - [MESSAGE][PASSED] - Call Test Case 'Test Cases/Components/HighlightInputFieldXPI' successfully

2020-06-09 15:22:45 - [TEST_STEP][PASSED] - callTestCase(findTestCase("PFI Precision and Scale/PFI Components with Indexing/VerifyDropdownValuesXPI"), ["FldNm":"extAgenciesCmb", "index":1, "CallTCName":"PFI Precision and Scale/HashMap Tables/ExternalAgencyLists", "cmbNm":"", ... ], STOP_ON_FAILURE): Call Test Case 'Test Cases/PFI Precision and Scale/PFI Components with Indexing/VerifyDropdownValuesXPI' successfully

2020-06-09 15:22:45 - [TEST_CASE][PASSED] - Test Cases/PFI Precision and Scale/PFI Components with Indexing/VerifyDropdownValuesXPI: Test Cases/PFI Precision and Scale/PFI Components with Indexing/VerifyDropdownValuesXPI

2020-06-09 15:22:45 - [TEST_STEP][PASSED] - Thread.sleep(1000): null

2020-06-09 15:22:46 - [TEST_STEP][PASSED] - OutputFile = new java.io.File(DropdownValuesResult.txt): null

2020-06-09 15:22:46 - [TEST_STEP][PASSED] - TimeStamp = new java.util.Date(): null

2020-06-09 15:22:46 - [TEST_STEP][PASSED] - NewInputNmField = modifyObjectProperty(findTestObject("Object Repository/Objects.HighlightElements/input_field_index"), "xpath", "equals", "(//*[contains(@name, '" + FldNm + "')])[" + index + "]", true): Modify property of object successfully

2020-06-09 15:22:46 - [MESSAGE][PASSED] - Modify property of object successfully

2020-06-09 15:22:46 - [TEST_STEP][PASSED] - comboNm = cmbNm: null

2020-06-09 15:22:46 - [TEST_STEP][PASSED] - focus(NewInputNmField): Object: 'Object Repository/Objects.HighlightElements/input_field_index' is focused

2020-06-09 15:22:46 - [MESSAGE][PASSED] - Object: 'Object Repository/Objects.HighlightElements/input_field_index' is focused

2020-06-09 15:22:46 - [TEST_STEP][PASSED] - setText(NewInputNmField, EnterValue): Text '' is set on object 'Object Repository/Objects.HighlightElements/input_field_index'

2020-06-09 15:22:46 - [MESSAGE][PASSED] - Text '' is set on object 'Object Repository/Objects.HighlightElements/input_field_index'

2020-06-09 15:22:46 - [TEST_STEP][PASSED] - for ([i = 1, i <= NoOfVal, (i++)]): Keys 'DOWN + ' sent to object: 'Object Repository/Objects.HighlightElements/input_field_index'

2020-06-09 15:22:46 - [TEST_STEP][PASSED] - sendKeys(NewInputNmField, Keys.chord(ARROW_DOWN)): Keys 'DOWN + ' sent to object: 'Object Repository/Objects.HighlightElements/input_field_index'

2020-06-09 15:22:46 - [MESSAGE][PASSED] - Keys 'DOWN + ' sent to object: 'Object Repository/Objects.HighlightElements/input_field_index'

2020-06-09 15:22:46 - [TEST_STEP][PASSED] - delay(DelayTime): Delayed 2 second(s)

2020-06-09 15:22:48 - [MESSAGE][PASSED] - Delayed 2 second(s)

2020-06-09 15:22:48 - [TEST_STEP][PASSED] - sendKeys(NewInputNmField, Keys.chord(ENTER)): Keys 'ENTER + ' sent to object: 'Object Repository/Objects.HighlightElements/input_field_index'

2020-06-09 15:22:48 - [MESSAGE][PASSED] - Keys 'ENTER + ' sent to object: 'Object Repository/Objects.HighlightElements/input_field_index'

2020-06-09 15:22:48 - [TEST_STEP][PASSED] - ComboBoxValue = getAttribute(NewInputNmField, "value"): Attribute 'value' of object 'Object Repository/Objects.HighlightElements/input_field_index' is: ''

2020-06-09 15:22:48 - [MESSAGE][PASSED] - Attribute 'value' of object 'Object Repository/Objects.HighlightElements/input_field_index' is: ''

2020-06-09 15:22:48 - [TEST_STEP][PASSED] - callTestCase(findTestCase(CallTCName), ["FindValue":ComboBoxValue, "DropdownNm":comboNm], STOP_ON_FAILURE): Call Test Case 'Test Cases/PFI Precision and Scale/HashMap Tables/ExternalAgencyLists' successfully

2020-06-09 15:22:48 - [TEST_CASE][PASSED] - Test Cases/PFI Precision and Scale/HashMap Tables/ExternalAgencyLists: Test Cases/PFI Precision and Scale/HashMap Tables/ExternalAgencyLists

2020-06-09 15:22:48 - [TEST_STEP][PASSED] - Thread.sleep(1000): null

2020-06-09 15:22:49 - [TEST_STEP][PASSED] - ExtAgencyTBL = [1:"HDB", 2:"AVA", 3:"CAAS", 4:"DSTA", 5:"EXXONMOBIL", 6:"Embassy", 7:"JTC Cat 1A", 8:"MBS- Marina Bay Sands", 9:"MCYS", 10:"MICA", ... ]: null

2020-06-09 15:22:49 - [TEST_STEP][PASSED] - ValueFound = ExtAgencyTBL.find({ -> ... }): null

2020-06-09 15:22:49 - [MESSAGE][PASSED] - Call Test Case 'Test Cases/PFI Precision and Scale/HashMap Tables/ExternalAgencyLists' successfully

2020-06-09 15:22:49 - [TEST_STEP][PASSED] - OutputFile.append("Search Value: " + ComboBoxValue + " " + "Found Value: " + ValueFound + TimeStamp + "
"): null

2020-06-09 15:22:49 - [TEST_STEP][PASSED] - sendKeys(NewInputNmField, Keys.chord(ARROW_DOWN)): Keys 'DOWN + ' sent to object: 'Object Repository/Objects.HighlightElements/input_field_index'

2020-06-09 15:22:49 - [MESSAGE][PASSED] - Keys 'DOWN + ' sent to object: 'Object Repository/Objects.HighlightElements/input_field_index'

2020-06-09 15:22:49 - [TEST_STEP][PASSED] - sendKeys(NewInputNmField, Keys.chord(ARROW_DOWN)): Keys 'DOWN + ' sent to object: 'Object Repository/Objects.HighlightElements/input_field_index'

2020-06-09 15:22:49 - [MESSAGE][PASSED] - Keys 'DOWN + ' sent to object: 'Object Repository/Objects.HighlightElements/input_field_index'

2020-06-09 15:22:49 - [TEST_STEP][PASSED] - delay(DelayTime): Delayed 2 second(s)

2020-06-09 15:22:51 - [MESSAGE][PASSED] - Delayed 2 second(s)

2020-06-09 15:22:51 - [TEST_STEP][PASSED] - sendKeys(NewInputNmField, Keys.chord(ENTER)): Keys 'ENTER + ' sent to object: 'Object Repository/Objects.HighlightElements/input_field_index'

2020-06-09 15:22:51 - [MESSAGE][PASSED] - Keys 'ENTER + ' sent to object: 'Object Repository/Objects.HighlightElements/input_field_index'

2020-06-09 15:22:51 - [TEST_STEP][PASSED] - ComboBoxValue = getAttribute(NewInputNmField, "value"): Attribute 'value' of object 'Object Repository/Objects.HighlightElements/input_field_index' is: 'HDB'

2020-06-09 15:22:51 - [MESSAGE][PASSED] - Attribute 'value' of object 'Object Repository/Objects.HighlightElements/input_field_index' is: 'HDB'

2020-06-09 15:22:51 - [TEST_STEP][PASSED] - callTestCase(findTestCase(CallTCName), ["FindValue":ComboBoxValue, "DropdownNm":comboNm], STOP_ON_FAILURE): Call Test Case 'Test Cases/PFI Precision and Scale/HashMap Tables/ExternalAgencyLists' successfully

2020-06-09 15:22:51 - [TEST_CASE][PASSED] - Test Cases/PFI Precision and Scale/HashMap Tables/ExternalAgencyLists: Test Cases/PFI Precision and Scale/HashMap Tables/ExternalAgencyLists

2020-06-09 15:22:51 - [TEST_STEP][PASSED] - Thread.sleep(1000): null

2020-06-09 15:22:52 - [TEST_STEP][PASSED] - ExtAgencyTBL = [1:"HDB", 2:"AVA", 3:"CAAS", 4:"DSTA", 5:"EXXONMOBIL", 6:"Embassy", 7:"JTC Cat 1A", 8:"MBS- Marina Bay Sands", 9:"MCYS", 10:"MICA", ... ]: null

2020-06-09 15:22:52 - [TEST_STEP][PASSED] - ValueFound = ExtAgencyTBL.find({ -> ... }): null

2020-06-09 15:22:52 - [MESSAGE][PASSED] - Call Test Case 'Test Cases/PFI Precision and Scale/HashMap Tables/ExternalAgencyLists' successfully

2020-06-09 15:22:52 - [TEST_STEP][PASSED] - OutputFile.append("Search Value: " + ComboBoxValue + " " + "Found Value: " + ValueFound + TimeStamp + "
"): null

2020-06-09 15:22:52 - [TEST_STEP][PASSED] - sendKeys(NewInputNmField, Keys.chord(ARROW_DOWN)): Keys 'DOWN + ' sent to object: 'Object Repository/Objects.HighlightElements/input_field_index'

2020-06-09 15:22:52 - [MESSAGE][PASSED] - Keys 'DOWN + ' sent to object: 'Object Repository/Objects.HighlightElements/input_field_index'

2020-06-09 15:22:52 - [TEST_STEP][PASSED] - sendKeys(NewInputNmField, Keys.chord(ARROW_DOWN)): Keys 'DOWN + ' sent to object: 'Object Repository/Objects.HighlightElements/input_field_index'

2020-06-09 15:22:52 - [MESSAGE][PASSED] - Keys 'DOWN + ' sent to object: 'Object Repository/Objects.HighlightElements/input_field_index'

2020-06-09 15:22:52 - [TEST_STEP][PASSED] - delay(DelayTime): Delayed 2 second(s)

2020-06-09 15:22:54 - [MESSAGE][PASSED] - Delayed 2 second(s)

2020-06-09 15:22:54 - [TEST_STEP][PASSED] - sendKeys(NewInputNmField, Keys.chord(ENTER)): Keys 'ENTER + ' sent to object: 'Object Repository/Objects.HighlightElements/input_field_index'

2020-06-09 15:22:55 - [MESSAGE][PASSED] - Keys 'ENTER + ' sent to object: 'Object Repository/Objects.HighlightElements/input_field_index'

2020-06-09 15:22:55 - [TEST_STEP][PASSED] - ComboBoxValue = getAttribute(NewInputNmField, "value"): Attribute 'value' of object 'Object Repository/Objects.HighlightElements/input_field_index' is: 'AVA '

2020-06-09 15:22:55 - [MESSAGE][PASSED] - Attribute 'value' of object 'Object Repository/Objects.HighlightElements/input_field_index' is: 'AVA '

2020-06-09 15:22:55 - [TEST_STEP][PASSED] - callTestCase(findTestCase(CallTCName), ["FindValue":ComboBoxValue, "DropdownNm":comboNm], STOP_ON_FAILURE): Call Test Case 'Test Cases/PFI Precision and Scale/HashMap Tables/ExternalAgencyLists' successfully

2020-06-09 15:22:55 - [TEST_CASE][PASSED] - Test Cases/PFI Precision and Scale/HashMap Tables/ExternalAgencyLists: Test Cases/PFI Precision and Scale/HashMap Tables/ExternalAgencyLists

2020-06-09 15:22:55 - [TEST_STEP][PASSED] - Thread.sleep(1000): null

2020-06-09 15:22:56 - [TEST_STEP][PASSED] - ExtAgencyTBL = [1:"HDB", 2:"AVA", 3:"CAAS", 4:"DSTA", 5:"EXXONMOBIL", 6:"Embassy", 7:"JTC Cat 1A", 8:"MBS- Marina Bay Sands", 9:"MCYS", 10:"MICA", ... ]: null

2020-06-09 15:22:56 - [TEST_STEP][PASSED] - ValueFound = ExtAgencyTBL.find({ -> ... }): null

2020-06-09 15:22:56 - [MESSAGE][PASSED] - Call Test Case 'Test Cases/PFI Precision and Scale/HashMap Tables/ExternalAgencyLists' successfully

2020-06-09 15:22:56 - [TEST_STEP][PASSED] - OutputFile.append("Search Value: " + ComboBoxValue + " " + "Found Value: " + ValueFound + TimeStamp + "
"): null

2020-06-09 15:22:56 - [TEST_STEP][PASSED] - sendKeys(NewInputNmField, Keys.chord(ARROW_DOWN)): Keys 'DOWN + ' sent to object: 'Object Repository/Objects.HighlightElements/input_field_index'

2020-06-09 15:22:56 - [MESSAGE][PASSED] - Keys 'DOWN + ' sent to object: 'Object Repository/Objects.HighlightElements/input_field_index'

2020-06-09 15:22:56 - [TEST_STEP][PASSED] - sendKeys(NewInputNmField, Keys.chord(ARROW_DOWN)): Keys 'DOWN + ' sent to object: 'Object Repository/Objects.HighlightElements/input_field_index'

2020-06-09 15:22:56 - [MESSAGE][PASSED] - Keys 'DOWN + ' sent to object: 'Object Repository/Objects.HighlightElements/input_field_index'

2020-06-09 15:22:56 - [TEST_STEP][PASSED] - delay(DelayTime): Delayed 2 second(s)

2020-06-09 15:22:58 - [MESSAGE][PASSED] - Delayed 2 second(s)

2020-06-09 15:22:58 - [TEST_STEP][PASSED] - sendKeys(NewInputNmField, Keys.chord(ENTER)): Keys 'ENTER + ' sent to object: 'Object Repository/Objects.HighlightElements/input_field_index'

2020-06-09 15:22:58 - [MESSAGE][PASSED] - Keys 'ENTER + ' sent to object: 'Object Repository/Objects.HighlightElements/input_field_index'

2020-06-09 15:22:58 - [TEST_STEP][PASSED] - ComboBoxValue = getAttribute(NewInputNmField, "value"): Attribute 'value' of object 'Object Repository/Objects.HighlightElements/input_field_index' is: 'CAAS'

2020-06-09 15:22:58 - [MESSAGE][PASSED] - Attribute 'value' of object 'Object Repository/Objects.HighlightElements/input_field_index' is: 'CAAS'

2020-06-09 15:22:58 - [TEST_STEP][PASSED] - callTestCase(findTestCase(CallTCName), ["FindValue":ComboBoxValue, "DropdownNm":comboNm], STOP_ON_FAILURE): Call Test Case 'Test Cases/PFI Precision and Scale/HashMap Tables/ExternalAgencyLists' successfully

2020-06-09 15:22:58 - [TEST_CASE][PASSED] - Test Cases/PFI Precision and Scale/HashMap Tables/ExternalAgencyLists: Test Cases/PFI Precision and Scale/HashMap Tables/ExternalAgencyLists

2020-06-09 15:22:58 - [TEST_STEP][PASSED] - Thread.sleep(1000): null

2020-06-09 15:22:59 - [TEST_STEP][PASSED] - ExtAgencyTBL = [1:"HDB", 2:"AVA", 3:"CAAS", 4:"DSTA", 5:"EXXONMOBIL", 6:"Embassy", 7:"JTC Cat 1A", 8:"MBS- Marina Bay Sands", 9:"MCYS", 10:"MICA", ... ]: null

2020-06-09 15:22:59 - [TEST_STEP][PASSED] - ValueFound = ExtAgencyTBL.find({ -> ... }): null

2020-06-09 15:22:59 - [MESSAGE][PASSED] - Call Test Case 'Test Cases/PFI Precision and Scale/HashMap Tables/ExternalAgencyLists' successfully

2020-06-09 15:22:59 - [TEST_STEP][PASSED] - OutputFile.append("Search Value: " + ComboBoxValue + " " + "Found Value: " + ValueFound + TimeStamp + "
"): null

2020-06-09 15:22:59 - [TEST_STEP][PASSED] - sendKeys(NewInputNmField, Keys.chord(ARROW_DOWN)): Keys 'DOWN + ' sent to object: 'Object Repository/Objects.HighlightElements/input_field_index'

2020-06-09 15:22:59 - [MESSAGE][PASSED] - Keys 'DOWN + ' sent to object: 'Object Repository/Objects.HighlightElements/input_field_index'

2020-06-09 15:22:59 - [TEST_STEP][PASSED] - sendKeys(NewInputNmField, Keys.chord(ARROW_DOWN)): Keys 'DOWN + ' sent to object: 'Object Repository/Objects.HighlightElements/input_field_index'

2020-06-09 15:22:59 - [MESSAGE][PASSED] - Keys 'DOWN + ' sent to object: 'Object Repository/Objects.HighlightElements/input_field_index'

2020-06-09 15:22:59 - [TEST_STEP][PASSED] - delay(DelayTime): Delayed 2 second(s)

2020-06-09 15:23:01 - [MESSAGE][PASSED] - Delayed 2 second(s)

2020-06-09 15:23:01 - [TEST_STEP][PASSED] - sendKeys(NewInputNmField, Keys.chord(ENTER)): Keys 'ENTER + ' sent to object: 'Object Repository/Objects.HighlightElements/input_field_index'

2020-06-09 15:23:01 - [MESSAGE][PASSED] - Keys 'ENTER + ' sent to object: 'Object Repository/Objects.HighlightElements/input_field_index'

2020-06-09 15:23:01 - [TEST_STEP][PASSED] - ComboBoxValue = getAttribute(NewInputNmField, "value"): Attribute 'value' of object 'Object Repository/Objects.HighlightElements/input_field_index' is: 'DSTA'

2020-06-09 15:23:01 - [MESSAGE][PASSED] - Attribute 'value' of object 'Object Repository/Objects.HighlightElements/input_field_index' is: 'DSTA'

2020-06-09 15:23:01 - [TEST_STEP][PASSED] - callTestCase(findTestCase(CallTCName), ["FindValue":ComboBoxValue, "DropdownNm":comboNm], STOP_ON_FAILURE): Call Test Case 'Test Cases/PFI Precision and Scale/HashMap Tables/ExternalAgencyLists' successfully

2020-06-09 15:23:01 - [TEST_CASE][PASSED] - Test Cases/PFI Precision and Scale/HashMap Tables/ExternalAgencyLists: Test Cases/PFI Precision and Scale/HashMap Tables/ExternalAgencyLists

2020-06-09 15:23:01 - [TEST_STEP][PASSED] - Thread.sleep(1000): null

2020-06-09 15:23:02 - [TEST_STEP][PASSED] - ExtAgencyTBL = [1:"HDB", 2:"AVA", 3:"CAAS", 4:"DSTA", 5:"EXXONMOBIL", 6:"Embassy", 7:"JTC Cat 1A", 8:"MBS- Marina Bay Sands", 9:"MCYS", 10:"MICA", ... ]: null

2020-06-09 15:23:02 - [TEST_STEP][PASSED] - ValueFound = ExtAgencyTBL.find({ -> ... }): null

2020-06-09 15:23:02 - [MESSAGE][PASSED] - Call Test Case 'Test Cases/PFI Precision and Scale/HashMap Tables/ExternalAgencyLists' successfully

2020-06-09 15:23:02 - [TEST_STEP][PASSED] - OutputFile.append("Search Value: " + ComboBoxValue + " " + "Found Value: " + ValueFound + TimeStamp + "
"): null

2020-06-09 15:23:02 - [TEST_STEP][PASSED] - sendKeys(NewInputNmField, Keys.chord(ARROW_DOWN)): Keys 'DOWN + ' sent to object: 'Object Repository/Objects.HighlightElements/input_field_index'

2020-06-09 15:23:02 - [MESSAGE][PASSED] - Keys 'DOWN + ' sent to object: 'Object Repository/Objects.HighlightElements/input_field_index'

2020-06-09 15:23:02 - [TEST_STEP][PASSED] - sendKeys(NewInputNmField, Keys.chord(ARROW_DOWN)): Keys 'DOWN + ' sent to object: 'Object Repository/Objects.HighlightElements/input_field_index'

2020-06-09 15:23:02 - [MESSAGE][PASSED] - Keys 'DOWN + ' sent to object: 'Object Repository/Objects.HighlightElements/input_field_index'

2020-06-09 15:23:02 - [TEST_STEP][PASSED] - delay(DelayTime): Delayed 2 second(s)

2020-06-09 15:23:04 - [MESSAGE][PASSED] - Delayed 2 second(s)

2020-06-09 15:23:04 - [TEST_STEP][PASSED] - sendKeys(NewInputNmField, Keys.chord(ENTER)): Keys 'ENTER + ' sent to object: 'Object Repository/Objects.HighlightElements/input_field_index'

2020-06-09 15:23:04 - [MESSAGE][PASSED] - Keys 'ENTER + ' sent to object: 'Object Repository/Objects.HighlightElements/input_field_index'

2020-06-09 15:23:04 - [TEST_STEP][PASSED] - ComboBoxValue = getAttribute(NewInputNmField, "value"): Attribute 'value' of object 'Object Repository/Objects.HighlightElements/input_field_index' is: 'EXXONMOBIL'

2020-06-09 15:23:04 - [MESSAGE][PASSED] - Attribute 'value' of object 'Object Repository/Objects.HighlightElements/input_field_index' is: 'EXXONMOBIL'

2020-06-09 15:23:04 - [TEST_STEP][PASSED] - callTestCase(findTestCase(CallTCName), ["FindValue":ComboBoxValue, "DropdownNm":comboNm], STOP_ON_FAILURE): Call Test Case 'Test Cases/PFI Precision and Scale/HashMap Tables/ExternalAgencyLists' successfully

2020-06-09 15:23:04 - [TEST_CASE][PASSED] - Test Cases/PFI Precision and Scale/HashMap Tables/ExternalAgencyLists: Test Cases/PFI Precision and Scale/HashMap Tables/ExternalAgencyLists

2020-06-09 15:23:04 - [TEST_STEP][PASSED] - Thread.sleep(1000): null

2020-06-09 15:23:05 - [TEST_STEP][PASSED] - ExtAgencyTBL = [1:"HDB", 2:"AVA", 3:"CAAS", 4:"DSTA", 5:"EXXONMOBIL", 6:"Embassy", 7:"JTC Cat 1A", 8:"MBS- Marina Bay Sands", 9:"MCYS", 10:"MICA", ... ]: null

2020-06-09 15:23:05 - [TEST_STEP][PASSED] - ValueFound = ExtAgencyTBL.find({ -> ... }): null

2020-06-09 15:23:05 - [MESSAGE][PASSED] - Call Test Case 'Test Cases/PFI Precision and Scale/HashMap Tables/ExternalAgencyLists' successfully

2020-06-09 15:23:05 - [TEST_STEP][PASSED] - OutputFile.append("Search Value: " + ComboBoxValue + " " + "Found Value: " + ValueFound + TimeStamp + "
"): null

2020-06-09 15:23:05 - [TEST_STEP][PASSED] - sendKeys(NewInputNmField, Keys.chord(ARROW_DOWN)): Keys 'DOWN + ' sent to object: 'Object Repository/Objects.HighlightElements/input_field_index'

2020-06-09 15:23:05 - [MESSAGE][PASSED] - Keys 'DOWN + ' sent to object: 'Object Repository/Objects.HighlightElements/input_field_index'

2020-06-09 15:23:05 - [TEST_STEP][PASSED] - sendKeys(NewInputNmField, Keys.chord(ARROW_DOWN)): Keys 'DOWN + ' sent to object: 'Object Repository/Objects.HighlightElements/input_field_index'

2020-06-09 15:23:05 - [MESSAGE][PASSED] - Keys 'DOWN + ' sent to object: 'Object Repository/Objects.HighlightElements/input_field_index'

2020-06-09 15:23:05 - [TEST_STEP][PASSED] - delay(DelayTime): Delayed 2 second(s)

2020-06-09 15:23:07 - [MESSAGE][PASSED] - Delayed 2 second(s)

2020-06-09 15:23:07 - [TEST_STEP][PASSED] - sendKeys(NewInputNmField, Keys.chord(ENTER)): Keys 'ENTER + ' sent to object: 'Object Repository/Objects.HighlightElements/input_field_index'

2020-06-09 15:23:07 - [MESSAGE][PASSED] - Keys 'ENTER + ' sent to object: 'Object Repository/Objects.HighlightElements/input_field_index'

2020-06-09 15:23:07 - [TEST_STEP][PASSED] - ComboBoxValue = getAttribute(NewInputNmField, "value"): Attribute 'value' of object 'Object Repository/Objects.HighlightElements/input_field_index' is: 'Embassy'

2020-06-09 15:23:07 - [MESSAGE][PASSED] - Attribute 'value' of object 'Object Repository/Objects.HighlightElements/input_field_index' is: 'Embassy'

2020-06-09 15:23:07 - [TEST_STEP][PASSED] - callTestCase(findTestCase(CallTCName), ["FindValue":ComboBoxValue, "DropdownNm":comboNm], STOP_ON_FAILURE): Call Test Case 'Test Cases/PFI Precision and Scale/HashMap Tables/ExternalAgencyLists' successfully

2020-06-09 15:23:08 - [TEST_CASE][PASSED] - Test Cases/PFI Precision and Scale/HashMap Tables/ExternalAgencyLists: Test Cases/PFI Precision and Scale/HashMap Tables/ExternalAgencyLists

2020-06-09 15:23:08 - [TEST_STEP][PASSED] - Thread.sleep(1000): null

2020-06-09 15:23:09 - [TEST_STEP][PASSED] - ExtAgencyTBL = [1:"HDB", 2:"AVA", 3:"CAAS", 4:"DSTA", 5:"EXXONMOBIL", 6:"Embassy", 7:"JTC Cat 1A", 8:"MBS- Marina Bay Sands", 9:"MCYS", 10:"MICA", ... ]: null

2020-06-09 15:23:09 - [TEST_STEP][PASSED] - ValueFound = ExtAgencyTBL.find({ -> ... }): null

2020-06-09 15:23:09 - [MESSAGE][PASSED] - Call Test Case 'Test Cases/PFI Precision and Scale/HashMap Tables/ExternalAgencyLists' successfully

2020-06-09 15:23:09 - [TEST_STEP][PASSED] - OutputFile.append("Search Value: " + ComboBoxValue + " " + "Found Value: " + ValueFound + TimeStamp + "
"): null

2020-06-09 15:23:09 - [TEST_STEP][PASSED] - sendKeys(NewInputNmField, Keys.chord(ARROW_DOWN)): Keys 'DOWN + ' sent to object: 'Object Repository/Objects.HighlightElements/input_field_index'

2020-06-09 15:23:09 - [MESSAGE][PASSED] - Keys 'DOWN + ' sent to object: 'Object Repository/Objects.HighlightElements/input_field_index'

2020-06-09 15:23:09 - [TEST_STEP][PASSED] - sendKeys(NewInputNmField, Keys.chord(ARROW_DOWN)): Keys 'DOWN + ' sent to object: 'Object Repository/Objects.HighlightElements/input_field_index'

2020-06-09 15:23:09 - [MESSAGE][PASSED] - Keys 'DOWN + ' sent to object: 'Object Repository/Objects.HighlightElements/input_field_index'

2020-06-09 15:23:09 - [TEST_STEP][PASSED] - delay(DelayTime): Delayed 2 second(s)

2020-06-09 15:23:11 - [MESSAGE][PASSED] - Delayed 2 second(s)

2020-06-09 15:23:11 - [TEST_STEP][PASSED] - sendKeys(NewInputNmField, Keys.chord(ENTER)): Keys 'ENTER + ' sent to object: 'Object Repository/Objects.HighlightElements/input_field_index'

2020-06-09 15:23:11 - [MESSAGE][PASSED] - Keys 'ENTER + ' sent to object: 'Object Repository/Objects.HighlightElements/input_field_index'

2020-06-09 15:23:11 - [TEST_STEP][PASSED] - ComboBoxValue = getAttribute(NewInputNmField, "value"): Attribute 'value' of object 'Object Repository/Objects.HighlightElements/input_field_index' is: 'JTC Cat 1A'

2020-06-09 15:23:11 - [MESSAGE][PASSED] - Attribute 'value' of object 'Object Repository/Objects.HighlightElements/input_field_index' is: 'JTC Cat 1A'

2020-06-09 15:23:11 - [TEST_STEP][PASSED] - callTestCase(findTestCase(CallTCName), ["FindValue":ComboBoxValue, "DropdownNm":comboNm], STOP_ON_FAILURE): Call Test Case 'Test Cases/PFI Precision and Scale/HashMap Tables/ExternalAgencyLists' successfully

2020-06-09 15:23:11 - [TEST_CASE][PASSED] - Test Cases/PFI Precision and Scale/HashMap Tables/ExternalAgencyLists: Test Cases/PFI Precision and Scale/HashMap Tables/ExternalAgencyLists

2020-06-09 15:23:11 - [TEST_STEP][PASSED] - Thread.sleep(1000): null

2020-06-09 15:23:12 - [TEST_STEP][PASSED] - ExtAgencyTBL = [1:"HDB", 2:"AVA", 3:"CAAS", 4:"DSTA", 5:"EXXONMOBIL", 6:"Embassy", 7:"JTC Cat 1A", 8:"MBS- Marina Bay Sands", 9:"MCYS", 10:"MICA", ... ]: null

2020-06-09 15:23:12 - [TEST_STEP][PASSED] - ValueFound = ExtAgencyTBL.find({ -> ... }): null

2020-06-09 15:23:12 - [MESSAGE][PASSED] - Call Test Case 'Test Cases/PFI Precision and Scale/HashMap Tables/ExternalAgencyLists' successfully

2020-06-09 15:23:12 - [TEST_STEP][PASSED] - OutputFile.append("Search Value: " + ComboBoxValue + " " + "Found Value: " + ValueFound + TimeStamp + "
"): null

2020-06-09 15:23:12 - [TEST_STEP][PASSED] - sendKeys(NewInputNmField, Keys.chord(ARROW_DOWN)): Keys 'DOWN + ' sent to object: 'Object Repository/Objects.HighlightElements/input_field_index'

2020-06-09 15:23:12 - [MESSAGE][PASSED] - Keys 'DOWN + ' sent to object: 'Object Repository/Objects.HighlightElements/input_field_index'

2020-06-09 15:23:12 - [TEST_STEP][PASSED] - sendKeys(NewInputNmField, Keys.chord(ARROW_DOWN)): Keys 'DOWN + ' sent to object: 'Object Repository/Objects.HighlightElements/input_field_index'

2020-06-09 15:23:12 - [MESSAGE][PASSED] - Keys 'DOWN + ' sent to object: 'Object Repository/Objects.HighlightElements/input_field_index'

2020-06-09 15:23:12 - [TEST_STEP][PASSED] - delay(DelayTime): Delayed 2 second(s)

2020-06-09 15:23:14 - [MESSAGE][PASSED] - Delayed 2 second(s)

2020-06-09 15:23:14 - [TEST_STEP][PASSED] - sendKeys(NewInputNmField, Keys.chord(ENTER)): Keys 'ENTER + ' sent to object: 'Object Repository/Objects.HighlightElements/input_field_index'

2020-06-09 15:23:14 - [MESSAGE][PASSED] - Keys 'ENTER + ' sent to object: 'Object Repository/Objects.HighlightElements/input_field_index'

2020-06-09 15:23:14 - [TEST_STEP][PASSED] - ComboBoxValue = getAttribute(NewInputNmField, "value"): Attribute 'value' of object 'Object Repository/Objects.HighlightElements/input_field_index' is: 'MBS- Marina Bay Sands'

2020-06-09 15:23:14 - [MESSAGE][PASSED] - Attribute 'value' of object 'Object Repository/Objects.HighlightElements/input_field_index' is: 'MBS- Marina Bay Sands'

2020-06-09 15:23:14 - [TEST_STEP][PASSED] - callTestCase(findTestCase(CallTCName), ["FindValue":ComboBoxValue, "DropdownNm":comboNm], STOP_ON_FAILURE): Call Test Case 'Test Cases/PFI Precision and Scale/HashMap Tables/ExternalAgencyLists' successfully

2020-06-09 15:23:14 - [TEST_CASE][PASSED] - Test Cases/PFI Precision and Scale/HashMap Tables/ExternalAgencyLists: Test Cases/PFI Precision and Scale/HashMap Tables/ExternalAgencyLists

2020-06-09 15:23:14 - [TEST_STEP][PASSED] - Thread.sleep(1000): null

2020-06-09 15:23:15 - [TEST_STEP][PASSED] - ExtAgencyTBL = [1:"HDB", 2:"AVA", 3:"CAAS", 4:"DSTA", 5:"EXXONMOBIL", 6:"Embassy", 7:"JTC Cat 1A", 8:"MBS- Marina Bay Sands", 9:"MCYS", 10:"MICA", ... ]: null

2020-06-09 15:23:15 - [TEST_STEP][PASSED] - ValueFound = ExtAgencyTBL.find({ -> ... }): null

2020-06-09 15:23:15 - [MESSAGE][PASSED] - Call Test Case 'Test Cases/PFI Precision and Scale/HashMap Tables/ExternalAgencyLists' successfully

2020-06-09 15:23:15 - [TEST_STEP][PASSED] - OutputFile.append("Search Value: " + ComboBoxValue + " " + "Found Value: " + ValueFound + TimeStamp + "
"): null

2020-06-09 15:23:15 - [TEST_STEP][PASSED] - sendKeys(NewInputNmField, Keys.chord(ARROW_DOWN)): Keys 'DOWN + ' sent to object: 'Object Repository/Objects.HighlightElements/input_field_index'

2020-06-09 15:23:15 - [MESSAGE][PASSED] - Keys 'DOWN + ' sent to object: 'Object Repository/Objects.HighlightElements/input_field_index'

2020-06-09 15:23:15 - [TEST_STEP][PASSED] - sendKeys(NewInputNmField, Keys.chord(ARROW_DOWN)): Keys 'DOWN + ' sent to object: 'Object Repository/Objects.HighlightElements/input_field_index'

2020-06-09 15:23:15 - [MESSAGE][PASSED] - Keys 'DOWN + ' sent to object: 'Object Repository/Objects.HighlightElements/input_field_index'

2020-06-09 15:23:15 - [TEST_STEP][PASSED] - delay(DelayTime): Delayed 2 second(s)

2020-06-09 15:23:17 - [MESSAGE][PASSED] - Delayed 2 second(s)

2020-06-09 15:23:17 - [TEST_STEP][PASSED] - sendKeys(NewInputNmField, Keys.chord(ENTER)): Keys 'ENTER + ' sent to object: 'Object Repository/Objects.HighlightElements/input_field_index'

2020-06-09 15:23:17 - [MESSAGE][PASSED] - Keys 'ENTER + ' sent to object: 'Object Repository/Objects.HighlightElements/input_field_index'

2020-06-09 15:23:17 - [TEST_STEP][PASSED] - ComboBoxValue = getAttribute(NewInputNmField, "value"): Attribute 'value' of object 'Object Repository/Objects.HighlightElements/input_field_index' is: 'MCYS'

2020-06-09 15:23:17 - [MESSAGE][PASSED] - Attribute 'value' of object 'Object Repository/Objects.HighlightElements/input_field_index' is: 'MCYS'

2020-06-09 15:23:17 - [TEST_STEP][PASSED] - callTestCase(findTestCase(CallTCName), ["FindValue":ComboBoxValue, "DropdownNm":comboNm], STOP_ON_FAILURE): Call Test Case 'Test Cases/PFI Precision and Scale/HashMap Tables/ExternalAgencyLists' successfully

2020-06-09 15:23:17 - [TEST_CASE][PASSED] - Test Cases/PFI Precision and Scale/HashMap Tables/ExternalAgencyLists: Test Cases/PFI Precision and Scale/HashMap Tables/ExternalAgencyLists

2020-06-09 15:23:17 - [TEST_STEP][PASSED] - Thread.sleep(1000): null

2020-06-09 15:23:18 - [TEST_STEP][PASSED] - ExtAgencyTBL = [1:"HDB", 2:"AVA", 3:"CAAS", 4:"DSTA", 5:"EXXONMOBIL", 6:"Embassy", 7:"JTC Cat 1A", 8:"MBS- Marina Bay Sands", 9:"MCYS", 10:"MICA", ... ]: null

2020-06-09 15:23:18 - [TEST_STEP][PASSED] - ValueFound = ExtAgencyTBL.find({ -> ... }): null

2020-06-09 15:23:18 - [MESSAGE][PASSED] - Call Test Case 'Test Cases/PFI Precision and Scale/HashMap Tables/ExternalAgencyLists' successfully

2020-06-09 15:23:18 - [TEST_STEP][PASSED] - OutputFile.append("Search Value: " + ComboBoxValue + " " + "Found Value: " + ValueFound + TimeStamp + "
"): null

2020-06-09 15:23:18 - [TEST_STEP][PASSED] - sendKeys(NewInputNmField, Keys.chord(ARROW_DOWN)): Keys 'DOWN + ' sent to object: 'Object Repository/Objects.HighlightElements/input_field_index'

2020-06-09 15:23:18 - [MESSAGE][PASSED] - Keys 'DOWN + ' sent to object: 'Object Repository/Objects.HighlightElements/input_field_index'

2020-06-09 15:23:18 - [TEST_STEP][PASSED] - sendKeys(NewInputNmField, Keys.chord(ARROW_DOWN)): Keys 'DOWN + ' sent to object: 'Object Repository/Objects.HighlightElements/input_field_index'

2020-06-09 15:23:18 - [MESSAGE][PASSED] - Keys 'DOWN + ' sent to object: 'Object Repository/Objects.HighlightElements/input_field_index'

2020-06-09 15:23:18 - [TEST_STEP][PASSED] - delay(DelayTime): Delayed 2 second(s)

2020-06-09 15:23:20 - [MESSAGE][PASSED] - Delayed 2 second(s)

2020-06-09 15:23:20 - [TEST_STEP][PASSED] - sendKeys(NewInputNmField, Keys.chord(ENTER)): Keys 'ENTER + ' sent to object: 'Object Repository/Objects.HighlightElements/input_field_index'

2020-06-09 15:23:20 - [MESSAGE][PASSED] - Keys 'ENTER + ' sent to object: 'Object Repository/Objects.HighlightElements/input_field_index'

2020-06-09 15:23:20 - [TEST_STEP][PASSED] - ComboBoxValue = getAttribute(NewInputNmField, "value"): Attribute 'value' of object 'Object Repository/Objects.HighlightElements/input_field_index' is: 'MICA'

2020-06-09 15:23:20 - [MESSAGE][PASSED] - Attribute 'value' of object 'Object Repository/Objects.HighlightElements/input_field_index' is: 'MICA'

2020-06-09 15:23:20 - [TEST_STEP][PASSED] - callTestCase(findTestCase(CallTCName), ["FindValue":ComboBoxValue, "DropdownNm":comboNm], STOP_ON_FAILURE): Call Test Case 'Test Cases/PFI Precision and Scale/HashMap Tables/ExternalAgencyLists' successfully

2020-06-09 15:23:20 - [TEST_CASE][PASSED] - Test Cases/PFI Precision and Scale/HashMap Tables/ExternalAgencyLists: Test Cases/PFI Precision and Scale/HashMap Tables/ExternalAgencyLists

2020-06-09 15:23:20 - [TEST_STEP][PASSED] - Thread.sleep(1000): null

2020-06-09 15:23:21 - [TEST_STEP][PASSED] - ExtAgencyTBL = [1:"HDB", 2:"AVA", 3:"CAAS", 4:"DSTA", 5:"EXXONMOBIL", 6:"Embassy", 7:"JTC Cat 1A", 8:"MBS- Marina Bay Sands", 9:"MCYS", 10:"MICA", ... ]: null

2020-06-09 15:23:21 - [TEST_STEP][PASSED] - ValueFound = ExtAgencyTBL.find({ -> ... }): null

2020-06-09 15:23:21 - [MESSAGE][PASSED] - Call Test Case 'Test Cases/PFI Precision and Scale/HashMap Tables/ExternalAgencyLists' successfully

2020-06-09 15:23:21 - [TEST_STEP][PASSED] - OutputFile.append("Search Value: " + ComboBoxValue + " " + "Found Value: " + ValueFound + TimeStamp + "
"): null

2020-06-09 15:23:21 - [TEST_STEP][PASSED] - sendKeys(NewInputNmField, Keys.chord(ARROW_DOWN)): Keys 'DOWN + ' sent to object: 'Object Repository/Objects.HighlightElements/input_field_index'

2020-06-09 15:23:22 - [MESSAGE][PASSED] - Keys 'DOWN + ' sent to object: 'Object Repository/Objects.HighlightElements/input_field_index'

2020-06-09 15:23:22 - [TEST_STEP][PASSED] - sendKeys(NewInputNmField, Keys.chord(ARROW_DOWN)): Keys 'DOWN + ' sent to object: 'Object Repository/Objects.HighlightElements/input_field_index'

2020-06-09 15:23:22 - [MESSAGE][PASSED] - Keys 'DOWN + ' sent to object: 'Object Repository/Objects.HighlightElements/input_field_index'

2020-06-09 15:23:22 - [TEST_STEP][PASSED] - delay(DelayTime): Delayed 2 second(s)

2020-06-09 15:23:24 - [MESSAGE][PASSED] - Delayed 2 second(s)

2020-06-09 15:23:24 - [TEST_STEP][PASSED] - sendKeys(NewInputNmField, Keys.chord(ENTER)): Keys 'ENTER + ' sent to object: 'Object Repository/Objects.HighlightElements/input_field_index'

2020-06-09 15:23:24 - [MESSAGE][PASSED] - Keys 'ENTER + ' sent to object: 'Object Repository/Objects.HighlightElements/input_field_index'

2020-06-09 15:23:24 - [TEST_STEP][PASSED] - ComboBoxValue = getAttribute(NewInputNmField, "value"): Attribute 'value' of object 'Object Repository/Objects.HighlightElements/input_field_index' is: 'MUIS'

2020-06-09 15:23:24 - [MESSAGE][PASSED] - Attribute 'value' of object 'Object Repository/Objects.HighlightElements/input_field_index' is: 'MUIS'

2020-06-09 15:23:24 - [TEST_STEP][PASSED] - callTestCase(findTestCase(CallTCName), ["FindValue":ComboBoxValue, "DropdownNm":comboNm], STOP_ON_FAILURE): Call Test Case 'Test Cases/PFI Precision and Scale/HashMap Tables/ExternalAgencyLists' successfully

2020-06-09 15:23:24 - [TEST_CASE][PASSED] - Test Cases/PFI Precision and Scale/HashMap Tables/ExternalAgencyLists: Test Cases/PFI Precision and Scale/HashMap Tables/ExternalAgencyLists

2020-06-09 15:23:24 - [TEST_STEP][PASSED] - Thread.sleep(1000): null

2020-06-09 15:23:25 - [TEST_STEP][PASSED] - ExtAgencyTBL = [1:"HDB", 2:"AVA", 3:"CAAS", 4:"DSTA", 5:"EXXONMOBIL", 6:"Embassy", 7:"JTC Cat 1A", 8:"MBS- Marina Bay Sands", 9:"MCYS", 10:"MICA", ... ]: null

2020-06-09 15:23:25 - [TEST_STEP][PASSED] - ValueFound = ExtAgencyTBL.find({ -> ... }): null

2020-06-09 15:23:25 - [MESSAGE][PASSED] - Call Test Case 'Test Cases/PFI Precision and Scale/HashMap Tables/ExternalAgencyLists' successfully

2020-06-09 15:23:25 - [TEST_STEP][PASSED] - OutputFile.append("Search Value: " + ComboBoxValue + " " + "Found Value: " + ValueFound + TimeStamp + "
"): null

2020-06-09 15:23:25 - [TEST_STEP][PASSED] - sendKeys(NewInputNmField, Keys.chord(ARROW_DOWN)): Keys 'DOWN + ' sent to object: 'Object Repository/Objects.HighlightElements/input_field_index'

2020-06-09 15:23:25 - [MESSAGE][PASSED] - Keys 'DOWN + ' sent to object: 'Object Repository/Objects.HighlightElements/input_field_index'

2020-06-09 15:23:25 - [TEST_STEP][PASSED] - sendKeys(NewInputNmField, Keys.chord(ARROW_DOWN)): Keys 'DOWN + ' sent to object: 'Object Repository/Objects.HighlightElements/input_field_index'

2020-06-09 15:23:25 - [MESSAGE][PASSED] - Keys 'DOWN + ' sent to object: 'Object Repository/Objects.HighlightElements/input_field_index'

2020-06-09 15:23:25 - [TEST_STEP][PASSED] - delay(DelayTime): Delayed 2 second(s)

2020-06-09 15:23:27 - [MESSAGE][PASSED] - Delayed 2 second(s)

2020-06-09 15:23:27 - [TEST_STEP][PASSED] - sendKeys(NewInputNmField, Keys.chord(ENTER)): Keys 'ENTER + ' sent to object: 'Object Repository/Objects.HighlightElements/input_field_index'

2020-06-09 15:23:27 - [MESSAGE][PASSED] - Keys 'ENTER + ' sent to object: 'Object Repository/Objects.HighlightElements/input_field_index'

2020-06-09 15:23:27 - [TEST_STEP][PASSED] - ComboBoxValue = getAttribute(NewInputNmField, "value"): Attribute 'value' of object 'Object Repository/Objects.HighlightElements/input_field_index' is: 'Ministry of Defence'

2020-06-09 15:23:27 - [MESSAGE][PASSED] - Attribute 'value' of object 'Object Repository/Objects.HighlightElements/input_field_index' is: 'Ministry of Defence'

2020-06-09 15:23:27 - [TEST_STEP][PASSED] - callTestCase(findTestCase(CallTCName), ["FindValue":ComboBoxValue, "DropdownNm":comboNm], STOP_ON_FAILURE): Call Test Case 'Test Cases/PFI Precision and Scale/HashMap Tables/ExternalAgencyLists' successfully

2020-06-09 15:23:27 - [TEST_CASE][PASSED] - Test Cases/PFI Precision and Scale/HashMap Tables/ExternalAgencyLists: Test Cases/PFI Precision and Scale/HashMap Tables/ExternalAgencyLists

2020-06-09 15:23:27 - [TEST_STEP][PASSED] - Thread.sleep(1000): null

2020-06-09 15:23:28 - [TEST_STEP][PASSED] - ExtAgencyTBL = [1:"HDB", 2:"AVA", 3:"CAAS", 4:"DSTA", 5:"EXXONMOBIL", 6:"Embassy", 7:"JTC Cat 1A", 8:"MBS- Marina Bay Sands", 9:"MCYS", 10:"MICA", ... ]: null

2020-06-09 15:23:28 - [TEST_STEP][PASSED] - ValueFound = ExtAgencyTBL.find({ -> ... }): null

2020-06-09 15:23:28 - [MESSAGE][PASSED] - Call Test Case 'Test Cases/PFI Precision and Scale/HashMap Tables/ExternalAgencyLists' successfully

2020-06-09 15:23:28 - [TEST_STEP][PASSED] - OutputFile.append("Search Value: " + ComboBoxValue + " " + "Found Value: " + ValueFound + TimeStamp + "
"): null

2020-06-09 15:23:28 - [TEST_STEP][PASSED] - sendKeys(NewInputNmField, Keys.chord(ARROW_DOWN)): Keys 'DOWN + ' sent to object: 'Object Repository/Objects.HighlightElements/input_field_index'

2020-06-09 15:23:28 - [MESSAGE][PASSED] - Keys 'DOWN + ' sent to object: 'Object Repository/Objects.HighlightElements/input_field_index'

2020-06-09 15:23:28 - [TEST_STEP][PASSED] - sendKeys(NewInputNmField, Keys.chord(ARROW_DOWN)): Keys 'DOWN + ' sent to object: 'Object Repository/Objects.HighlightElements/input_field_index'

2020-06-09 15:23:28 - [MESSAGE][PASSED] - Keys 'DOWN + ' sent to object: 'Object Repository/Objects.HighlightElements/input_field_index'

2020-06-09 15:23:28 - [TEST_STEP][PASSED] - delay(DelayTime): Delayed 2 second(s)

2020-06-09 15:23:30 - [MESSAGE][PASSED] - Delayed 2 second(s)

2020-06-09 15:23:30 - [TEST_STEP][PASSED] - sendKeys(NewInputNmField, Keys.chord(ENTER)): Keys 'ENTER + ' sent to object: 'Object Repository/Objects.HighlightElements/input_field_index'

2020-06-09 15:23:30 - [MESSAGE][PASSED] - Keys 'ENTER + ' sent to object: 'Object Repository/Objects.HighlightElements/input_field_index'

2020-06-09 15:23:30 - [TEST_STEP][PASSED] - ComboBoxValue = getAttribute(NewInputNmField, "value"): Attribute 'value' of object 'Object Repository/Objects.HighlightElements/input_field_index' is: 'Ministry of Education'

2020-06-09 15:23:30 - [MESSAGE][PASSED] - Attribute 'value' of object 'Object Repository/Objects.HighlightElements/input_field_index' is: 'Ministry of Education'

2020-06-09 15:23:30 - [TEST_STEP][PASSED] - callTestCase(findTestCase(CallTCName), ["FindValue":ComboBoxValue, "DropdownNm":comboNm], STOP_ON_FAILURE): Call Test Case 'Test Cases/PFI Precision and Scale/HashMap Tables/ExternalAgencyLists' successfully

2020-06-09 15:23:30 - [TEST_CASE][PASSED] - Test Cases/PFI Precision and Scale/HashMap Tables/ExternalAgencyLists: Test Cases/PFI Precision and Scale/HashMap Tables/ExternalAgencyLists

2020-06-09 15:23:30 - [TEST_STEP][PASSED] - Thread.sleep(1000): null

2020-06-09 15:23:31 - [TEST_STEP][PASSED] - ExtAgencyTBL = [1:"HDB", 2:"AVA", 3:"CAAS", 4:"DSTA", 5:"EXXONMOBIL", 6:"Embassy", 7:"JTC Cat 1A", 8:"MBS- Marina Bay Sands", 9:"MCYS", 10:"MICA", ... ]: null

2020-06-09 15:23:31 - [TEST_STEP][PASSED] - ValueFound = ExtAgencyTBL.find({ -> ... }): null

2020-06-09 15:23:31 - [MESSAGE][PASSED] - Call Test Case 'Test Cases/PFI Precision and Scale/HashMap Tables/ExternalAgencyLists' successfully

2020-06-09 15:23:31 - [TEST_STEP][PASSED] - OutputFile.append("Search Value: " + ComboBoxValue + " " + "Found Value: " + ValueFound + TimeStamp + "
"): null

2020-06-09 15:23:31 - [TEST_STEP][PASSED] - sendKeys(NewInputNmField, Keys.chord(ARROW_DOWN)): Keys 'DOWN + ' sent to object: 'Object Repository/Objects.HighlightElements/input_field_index'

2020-06-09 15:23:31 - [MESSAGE][PASSED] - Keys 'DOWN + ' sent to object: 'Object Repository/Objects.HighlightElements/input_field_index'

2020-06-09 15:23:31 - [TEST_STEP][PASSED] - sendKeys(NewInputNmField, Keys.chord(ARROW_DOWN)): Keys 'DOWN + ' sent to object: 'Object Repository/Objects.HighlightElements/input_field_index'

2020-06-09 15:23:31 - [MESSAGE][PASSED] - Keys 'DOWN + ' sent to object: 'Object Repository/Objects.HighlightElements/input_field_index'

2020-06-09 15:23:31 - [TEST_STEP][PASSED] - delay(DelayTime): Delayed 2 second(s)

2020-06-09 15:23:33 - [MESSAGE][PASSED] - Delayed 2 second(s)

2020-06-09 15:23:33 - [TEST_STEP][PASSED] - sendKeys(NewInputNmField, Keys.chord(ENTER)): Keys 'ENTER + ' sent to object: 'Object Repository/Objects.HighlightElements/input_field_index'

2020-06-09 15:23:33 - [MESSAGE][PASSED] - Keys 'ENTER + ' sent to object: 'Object Repository/Objects.HighlightElements/input_field_index'

2020-06-09 15:23:33 - [TEST_STEP][PASSED] - ComboBoxValue = getAttribute(NewInputNmField, "value"): Attribute 'value' of object 'Object Repository/Objects.HighlightElements/input_field_index' is: 'Ministry of Foreign Affairs'

2020-06-09 15:23:33 - [MESSAGE][PASSED] - Attribute 'value' of object 'Object Repository/Objects.HighlightElements/input_field_index' is: 'Ministry of Foreign Affairs'

2020-06-09 15:23:33 - [TEST_STEP][PASSED] - callTestCase(findTestCase(CallTCName), ["FindValue":ComboBoxValue, "DropdownNm":comboNm], STOP_ON_FAILURE): Call Test Case 'Test Cases/PFI Precision and Scale/HashMap Tables/ExternalAgencyLists' successfully

2020-06-09 15:23:33 - [TEST_CASE][PASSED] - Test Cases/PFI Precision and Scale/HashMap Tables/ExternalAgencyLists: Test Cases/PFI Precision and Scale/HashMap Tables/ExternalAgencyLists

2020-06-09 15:23:33 - [TEST_STEP][PASSED] - Thread.sleep(1000): null

2020-06-09 15:23:34 - [TEST_STEP][PASSED] - ExtAgencyTBL = [1:"HDB", 2:"AVA", 3:"CAAS", 4:"DSTA", 5:"EXXONMOBIL", 6:"Embassy", 7:"JTC Cat 1A", 8:"MBS- Marina Bay Sands", 9:"MCYS", 10:"MICA", ... ]: null

2020-06-09 15:23:34 - [TEST_STEP][PASSED] - ValueFound = ExtAgencyTBL.find({ -> ... }): null

2020-06-09 15:23:34 - [MESSAGE][PASSED] - Call Test Case 'Test Cases/PFI Precision and Scale/HashMap Tables/ExternalAgencyLists' successfully

2020-06-09 15:23:34 - [TEST_STEP][PASSED] - OutputFile.append("Search Value: " + ComboBoxValue + " " + "Found Value: " + ValueFound + TimeStamp + "
"): null

2020-06-09 15:23:34 - [TEST_STEP][PASSED] - sendKeys(NewInputNmField, Keys.chord(ARROW_DOWN)): Keys 'DOWN + ' sent to object: 'Object Repository/Objects.HighlightElements/input_field_index'

2020-06-09 15:23:34 - [MESSAGE][PASSED] - Keys 'DOWN + ' sent to object: 'Object Repository/Objects.HighlightElements/input_field_index'

2020-06-09 15:23:34 - [TEST_STEP][PASSED] - sendKeys(NewInputNmField, Keys.chord(ARROW_DOWN)): Keys 'DOWN + ' sent to object: 'Object Repository/Objects.HighlightElements/input_field_index'

2020-06-09 15:23:35 - [MESSAGE][PASSED] - Keys 'DOWN + ' sent to object: 'Object Repository/Objects.HighlightElements/input_field_index'

2020-06-09 15:23:35 - [TEST_STEP][PASSED] - delay(DelayTime): Delayed 2 second(s)

2020-06-09 15:23:37 - [MESSAGE][PASSED] - Delayed 2 second(s)

2020-06-09 15:23:37 - [TEST_STEP][PASSED] - sendKeys(NewInputNmField, Keys.chord(ENTER)): Keys 'ENTER + ' sent to object: 'Object Repository/Objects.HighlightElements/input_field_index'

2020-06-09 15:23:37 - [MESSAGE][PASSED] - Keys 'ENTER + ' sent to object: 'Object Repository/Objects.HighlightElements/input_field_index'

2020-06-09 15:23:37 - [TEST_STEP][PASSED] - ComboBoxValue = getAttribute(NewInputNmField, "value"): Attribute 'value' of object 'Object Repository/Objects.HighlightElements/input_field_index' is: 'Ministry of Health'

2020-06-09 15:23:37 - [MESSAGE][PASSED] - Attribute 'value' of object 'Object Repository/Objects.HighlightElements/input_field_index' is: 'Ministry of Health'

2020-06-09 15:23:37 - [TEST_STEP][PASSED] - callTestCase(findTestCase(CallTCName), ["FindValue":ComboBoxValue, "DropdownNm":comboNm], STOP_ON_FAILURE): Call Test Case 'Test Cases/PFI Precision and Scale/HashMap Tables/ExternalAgencyLists' successfully

2020-06-09 15:23:37 - [TEST_CASE][PASSED] - Test Cases/PFI Precision and Scale/HashMap Tables/ExternalAgencyLists: Test Cases/PFI Precision and Scale/HashMap Tables/ExternalAgencyLists

2020-06-09 15:23:37 - [TEST_STEP][PASSED] - Thread.sleep(1000): null

2020-06-09 15:23:38 - [TEST_STEP][PASSED] - ExtAgencyTBL = [1:"HDB", 2:"AVA", 3:"CAAS", 4:"DSTA", 5:"EXXONMOBIL", 6:"Embassy", 7:"JTC Cat 1A", 8:"MBS- Marina Bay Sands", 9:"MCYS", 10:"MICA", ... ]: null

2020-06-09 15:23:38 - [TEST_STEP][PASSED] - ValueFound = ExtAgencyTBL.find({ -> ... }): null

2020-06-09 15:23:38 - [MESSAGE][PASSED] - Call Test Case 'Test Cases/PFI Precision and Scale/HashMap Tables/ExternalAgencyLists' successfully

2020-06-09 15:23:38 - [TEST_STEP][PASSED] - OutputFile.append("Search Value: " + ComboBoxValue + " " + "Found Value: " + ValueFound + TimeStamp + "
"): null

2020-06-09 15:23:38 - [TEST_STEP][PASSED] - sendKeys(NewInputNmField, Keys.chord(ARROW_DOWN)): Keys 'DOWN + ' sent to object: 'Object Repository/Objects.HighlightElements/input_field_index'

2020-06-09 15:23:38 - [MESSAGE][PASSED] - Keys 'DOWN + ' sent to object: 'Object Repository/Objects.HighlightElements/input_field_index'

2020-06-09 15:23:38 - [TEST_STEP][PASSED] - sendKeys(NewInputNmField, Keys.chord(ARROW_DOWN)): Keys 'DOWN + ' sent to object: 'Object Repository/Objects.HighlightElements/input_field_index'

2020-06-09 15:23:38 - [MESSAGE][PASSED] - Keys 'DOWN + ' sent to object: 'Object Repository/Objects.HighlightElements/input_field_index'

2020-06-09 15:23:38 - [TEST_STEP][PASSED] - delay(DelayTime): Delayed 2 second(s)

2020-06-09 15:23:40 - [MESSAGE][PASSED] - Delayed 2 second(s)

2020-06-09 15:23:40 - [TEST_STEP][PASSED] - sendKeys(NewInputNmField, Keys.chord(ENTER)): Keys 'ENTER + ' sent to object: 'Object Repository/Objects.HighlightElements/input_field_index'

2020-06-09 15:23:40 - [MESSAGE][PASSED] - Keys 'ENTER + ' sent to object: 'Object Repository/Objects.HighlightElements/input_field_index'

2020-06-09 15:23:40 - [TEST_STEP][PASSED] - ComboBoxValue = getAttribute(NewInputNmField, "value"): Attribute 'value' of object 'Object Repository/Objects.HighlightElements/input_field_index' is: 'Ministry of Home Affairs'

2020-06-09 15:23:40 - [MESSAGE][PASSED] - Attribute 'value' of object 'Object Repository/Objects.HighlightElements/input_field_index' is: 'Ministry of Home Affairs'

2020-06-09 15:23:40 - [TEST_STEP][PASSED] - callTestCase(findTestCase(CallTCName), ["FindValue":ComboBoxValue, "DropdownNm":comboNm], STOP_ON_FAILURE): Call Test Case 'Test Cases/PFI Precision and Scale/HashMap Tables/ExternalAgencyLists' successfully

2020-06-09 15:23:40 - [TEST_CASE][PASSED] - Test Cases/PFI Precision and Scale/HashMap Tables/ExternalAgencyLists: Test Cases/PFI Precision and Scale/HashMap Tables/ExternalAgencyLists

2020-06-09 15:23:40 - [TEST_STEP][PASSED] - Thread.sleep(1000): null

2020-06-09 15:23:41 - [TEST_STEP][PASSED] - ExtAgencyTBL = [1:"HDB", 2:"AVA", 3:"CAAS", 4:"DSTA", 5:"EXXONMOBIL", 6:"Embassy", 7:"JTC Cat 1A", 8:"MBS- Marina Bay Sands", 9:"MCYS", 10:"MICA", ... ]: null

2020-06-09 15:23:41 - [TEST_STEP][PASSED] - ValueFound = ExtAgencyTBL.find({ -> ... }): null

2020-06-09 15:23:41 - [MESSAGE][PASSED] - Call Test Case 'Test Cases/PFI Precision and Scale/HashMap Tables/ExternalAgencyLists' successfully

2020-06-09 15:23:41 - [TEST_STEP][PASSED] - OutputFile.append("Search Value: " + ComboBoxValue + " " + "Found Value: " + ValueFound + TimeStamp + "
"): null

2020-06-09 15:23:41 - [TEST_STEP][PASSED] - sendKeys(NewInputNmField, Keys.chord(ARROW_DOWN)): Keys 'DOWN + ' sent to object: 'Object Repository/Objects.HighlightElements/input_field_index'

2020-06-09 15:23:41 - [MESSAGE][PASSED] - Keys 'DOWN + ' sent to object: 'Object Repository/Objects.HighlightElements/input_field_index'

2020-06-09 15:23:41 - [TEST_STEP][PASSED] - sendKeys(NewInputNmField, Keys.chord(ARROW_DOWN)): Keys 'DOWN + ' sent to object: 'Object Repository/Objects.HighlightElements/input_field_index'

2020-06-09 15:23:41 - [MESSAGE][PASSED] - Keys 'DOWN + ' sent to object: 'Object Repository/Objects.HighlightElements/input_field_index'

2020-06-09 15:23:41 - [TEST_STEP][PASSED] - delay(DelayTime): Delayed 2 second(s)

2020-06-09 15:23:43 - [MESSAGE][PASSED] - Delayed 2 second(s)

2020-06-09 15:23:43 - [TEST_STEP][PASSED] - sendKeys(NewInputNmField, Keys.chord(ENTER)): Keys 'ENTER + ' sent to object: 'Object Repository/Objects.HighlightElements/input_field_index'

2020-06-09 15:23:43 - [MESSAGE][PASSED] - Keys 'ENTER + ' sent to object: 'Object Repository/Objects.HighlightElements/input_field_index'

2020-06-09 15:23:43 - [TEST_STEP][PASSED] - ComboBoxValue = getAttribute(NewInputNmField, "value"): Attribute 'value' of object 'Object Repository/Objects.HighlightElements/input_field_index' is: 'National Environment Agency'

2020-06-09 15:23:43 - [MESSAGE][PASSED] - Attribute 'value' of object 'Object Repository/Objects.HighlightElements/input_field_index' is: 'National Environment Agency'

2020-06-09 15:23:43 - [TEST_STEP][PASSED] - callTestCase(findTestCase(CallTCName), ["FindValue":ComboBoxValue, "DropdownNm":comboNm], STOP_ON_FAILURE): Call Test Case 'Test Cases/PFI Precision and Scale/HashMap Tables/ExternalAgencyLists' successfully

2020-06-09 15:23:43 - [TEST_CASE][PASSED] - Test Cases/PFI Precision and Scale/HashMap Tables/ExternalAgencyLists: Test Cases/PFI Precision and Scale/HashMap Tables/ExternalAgencyLists

2020-06-09 15:23:43 - [TEST_STEP][PASSED] - Thread.sleep(1000): null

2020-06-09 15:23:44 - [TEST_STEP][PASSED] - ExtAgencyTBL = [1:"HDB", 2:"AVA", 3:"CAAS", 4:"DSTA", 5:"EXXONMOBIL", 6:"Embassy", 7:"JTC Cat 1A", 8:"MBS- Marina Bay Sands", 9:"MCYS", 10:"MICA", ... ]: null

2020-06-09 15:23:44 - [TEST_STEP][PASSED] - ValueFound = ExtAgencyTBL.find({ -> ... }): null

2020-06-09 15:23:44 - [MESSAGE][PASSED] - Call Test Case 'Test Cases/PFI Precision and Scale/HashMap Tables/ExternalAgencyLists' successfully

2020-06-09 15:23:44 - [TEST_STEP][PASSED] - OutputFile.append("Search Value: " + ComboBoxValue + " " + "Found Value: " + ValueFound + TimeStamp + "
"): null

2020-06-09 15:23:44 - [TEST_STEP][PASSED] - sendKeys(NewInputNmField, Keys.chord(ARROW_DOWN)): Keys 'DOWN + ' sent to object: 'Object Repository/Objects.HighlightElements/input_field_index'

2020-06-09 15:23:44 - [MESSAGE][PASSED] - Keys 'DOWN + ' sent to object: 'Object Repository/Objects.HighlightElements/input_field_index'

2020-06-09 15:23:44 - [TEST_STEP][PASSED] - sendKeys(NewInputNmField, Keys.chord(ARROW_DOWN)): Keys 'DOWN + ' sent to object: 'Object Repository/Objects.HighlightElements/input_field_index'

2020-06-09 15:23:44 - [MESSAGE][PASSED] - Keys 'DOWN + ' sent to object: 'Object Repository/Objects.HighlightElements/input_field_index'

2020-06-09 15:23:44 - [TEST_STEP][PASSED] - delay(DelayTime): Delayed 2 second(s)

2020-06-09 15:23:46 - [MESSAGE][PASSED] - Delayed 2 second(s)

2020-06-09 15:23:46 - [TEST_STEP][PASSED] - sendKeys(NewInputNmField, Keys.chord(ENTER)): Keys 'ENTER + ' sent to object: 'Object Repository/Objects.HighlightElements/input_field_index'

2020-06-09 15:23:46 - [MESSAGE][PASSED] - Keys 'ENTER + ' sent to object: 'Object Repository/Objects.HighlightElements/input_field_index'

2020-06-09 15:23:46 - [TEST_STEP][PASSED] - ComboBoxValue = getAttribute(NewInputNmField, "value"): Attribute 'value' of object 'Object Repository/Objects.HighlightElements/input_field_index' is: 'National Heritage Board'

2020-06-09 15:23:46 - [MESSAGE][PASSED] - Attribute 'value' of object 'Object Repository/Objects.HighlightElements/input_field_index' is: 'National Heritage Board'

2020-06-09 15:23:46 - [TEST_STEP][PASSED] - callTestCase(findTestCase(CallTCName), ["FindValue":ComboBoxValue, "DropdownNm":comboNm], STOP_ON_FAILURE): Call Test Case 'Test Cases/PFI Precision and Scale/HashMap Tables/ExternalAgencyLists' successfully

2020-06-09 15:23:46 - [TEST_CASE][PASSED] - Test Cases/PFI Precision and Scale/HashMap Tables/ExternalAgencyLists: Test Cases/PFI Precision and Scale/HashMap Tables/ExternalAgencyLists

2020-06-09 15:23:46 - [TEST_STEP][PASSED] - Thread.sleep(1000): null

2020-06-09 15:23:47 - [TEST_STEP][PASSED] - ExtAgencyTBL = [1:"HDB", 2:"AVA", 3:"CAAS", 4:"DSTA", 5:"EXXONMOBIL", 6:"Embassy", 7:"JTC Cat 1A", 8:"MBS- Marina Bay Sands", 9:"MCYS", 10:"MICA", ... ]: null

2020-06-09 15:23:47 - [TEST_STEP][PASSED] - ValueFound = ExtAgencyTBL.find({ -> ... }): null

2020-06-09 15:23:47 - [MESSAGE][PASSED] - Call Test Case 'Test Cases/PFI Precision and Scale/HashMap Tables/ExternalAgencyLists' successfully

2020-06-09 15:23:47 - [TEST_STEP][PASSED] - OutputFile.append("Search Value: " + ComboBoxValue + " " + "Found Value: " + ValueFound + TimeStamp + "
"): null

2020-06-09 15:23:47 - [TEST_STEP][PASSED] - sendKeys(NewInputNmField, Keys.chord(ARROW_DOWN)): Keys 'DOWN + ' sent to object: 'Object Repository/Objects.HighlightElements/input_field_index'

2020-06-09 15:23:47 - [MESSAGE][PASSED] - Keys 'DOWN + ' sent to object: 'Object Repository/Objects.HighlightElements/input_field_index'

2020-06-09 15:23:47 - [TEST_STEP][PASSED] - sendKeys(NewInputNmField, Keys.chord(ARROW_DOWN)): Keys 'DOWN + ' sent to object: 'Object Repository/Objects.HighlightElements/input_field_index'

2020-06-09 15:23:47 - [MESSAGE][PASSED] - Keys 'DOWN + ' sent to object: 'Object Repository/Objects.HighlightElements/input_field_index'

2020-06-09 15:23:47 - [TEST_STEP][PASSED] - delay(DelayTime): Delayed 2 second(s)

2020-06-09 15:23:49 - [MESSAGE][PASSED] - Delayed 2 second(s)

2020-06-09 15:23:49 - [TEST_STEP][PASSED] - sendKeys(NewInputNmField, Keys.chord(ENTER)): Keys 'ENTER + ' sent to object: 'Object Repository/Objects.HighlightElements/input_field_index'

2020-06-09 15:23:50 - [MESSAGE][PASSED] - Keys 'ENTER + ' sent to object: 'Object Repository/Objects.HighlightElements/input_field_index'

2020-06-09 15:23:50 - [TEST_STEP][PASSED] - ComboBoxValue = getAttribute(NewInputNmField, "value"): Attribute 'value' of object 'Object Repository/Objects.HighlightElements/input_field_index' is: 'National Parks Board'

2020-06-09 15:23:50 - [MESSAGE][PASSED] - Attribute 'value' of object 'Object Repository/Objects.HighlightElements/input_field_index' is: 'National Parks Board'

2020-06-09 15:23:50 - [TEST_STEP][PASSED] - callTestCase(findTestCase(CallTCName), ["FindValue":ComboBoxValue, "DropdownNm":comboNm], STOP_ON_FAILURE): Call Test Case 'Test Cases/PFI Precision and Scale/HashMap Tables/ExternalAgencyLists' successfully

2020-06-09 15:23:50 - [TEST_CASE][PASSED] - Test Cases/PFI Precision and Scale/HashMap Tables/ExternalAgencyLists: Test Cases/PFI Precision and Scale/HashMap Tables/ExternalAgencyLists

2020-06-09 15:23:50 - [TEST_STEP][PASSED] - Thread.sleep(1000): null

2020-06-09 15:23:51 - [TEST_STEP][PASSED] - ExtAgencyTBL = [1:"HDB", 2:"AVA", 3:"CAAS", 4:"DSTA", 5:"EXXONMOBIL", 6:"Embassy", 7:"JTC Cat 1A", 8:"MBS- Marina Bay Sands", 9:"MCYS", 10:"MICA", ... ]: null

2020-06-09 15:23:51 - [TEST_STEP][PASSED] - ValueFound = ExtAgencyTBL.find({ -> ... }): null

2020-06-09 15:23:51 - [MESSAGE][PASSED] - Call Test Case 'Test Cases/PFI Precision and Scale/HashMap Tables/ExternalAgencyLists' successfully

2020-06-09 15:23:51 - [TEST_STEP][PASSED] - OutputFile.append("Search Value: " + ComboBoxValue + " " + "Found Value: " + ValueFound + TimeStamp + "
"): null

2020-06-09 15:23:51 - [TEST_STEP][PASSED] - sendKeys(NewInputNmField, Keys.chord(ARROW_DOWN)): Keys 'DOWN + ' sent to object: 'Object Repository/Objects.HighlightElements/input_field_index'

2020-06-09 15:23:51 - [MESSAGE][PASSED] - Keys 'DOWN + ' sent to object: 'Object Repository/Objects.HighlightElements/input_field_index'

2020-06-09 15:23:51 - [TEST_STEP][PASSED] - sendKeys(NewInputNmField, Keys.chord(ARROW_DOWN)): Keys 'DOWN + ' sent to object: 'Object Repository/Objects.HighlightElements/input_field_index'

2020-06-09 15:23:51 - [MESSAGE][PASSED] - Keys 'DOWN + ' sent to object: 'Object Repository/Objects.HighlightElements/input_field_index'

2020-06-09 15:23:51 - [TEST_STEP][PASSED] - delay(DelayTime): Delayed 2 second(s)

2020-06-09 15:23:53 - [MESSAGE][PASSED] - Delayed 2 second(s)

2020-06-09 15:23:53 - [TEST_STEP][PASSED] - sendKeys(NewInputNmField, Keys.chord(ENTER)): Keys 'ENTER + ' sent to object: 'Object Repository/Objects.HighlightElements/input_field_index'

2020-06-09 15:23:53 - [MESSAGE][PASSED] - Keys 'ENTER + ' sent to object: 'Object Repository/Objects.HighlightElements/input_field_index'

2020-06-09 15:23:53 - [TEST_STEP][PASSED] - ComboBoxValue = getAttribute(NewInputNmField, "value"): Attribute 'value' of object 'Object Repository/Objects.HighlightElements/input_field_index' is: 'POWER GRID'

2020-06-09 15:23:53 - [MESSAGE][PASSED] - Attribute 'value' of object 'Object Repository/Objects.HighlightElements/input_field_index' is: 'POWER GRID'

2020-06-09 15:23:53 - [TEST_STEP][PASSED] - callTestCase(findTestCase(CallTCName), ["FindValue":ComboBoxValue, "DropdownNm":comboNm], STOP_ON_FAILURE): Call Test Case 'Test Cases/PFI Precision and Scale/HashMap Tables/ExternalAgencyLists' successfully

2020-06-09 15:23:53 - [TEST_CASE][PASSED] - Test Cases/PFI Precision and Scale/HashMap Tables/ExternalAgencyLists: Test Cases/PFI Precision and Scale/HashMap Tables/ExternalAgencyLists

2020-06-09 15:23:53 - [TEST_STEP][PASSED] - Thread.sleep(1000): null

2020-06-09 15:23:54 - [TEST_STEP][PASSED] - ExtAgencyTBL = [1:"HDB", 2:"AVA", 3:"CAAS", 4:"DSTA", 5:"EXXONMOBIL", 6:"Embassy", 7:"JTC Cat 1A", 8:"MBS- Marina Bay Sands", 9:"MCYS", 10:"MICA", ... ]: null

2020-06-09 15:23:54 - [TEST_STEP][PASSED] - ValueFound = ExtAgencyTBL.find({ -> ... }): null

2020-06-09 15:23:54 - [MESSAGE][PASSED] - Call Test Case 'Test Cases/PFI Precision and Scale/HashMap Tables/ExternalAgencyLists' successfully

2020-06-09 15:23:54 - [TEST_STEP][PASSED] - OutputFile.append("Search Value: " + ComboBoxValue + " " + "Found Value: " + ValueFound + TimeStamp + "
"): null

2020-06-09 15:23:54 - [TEST_STEP][PASSED] - sendKeys(NewInputNmField, Keys.chord(ARROW_DOWN)): Keys 'DOWN + ' sent to object: 'Object Repository/Objects.HighlightElements/input_field_index'

2020-06-09 15:23:54 - [MESSAGE][PASSED] - Keys 'DOWN + ' sent to object: 'Object Repository/Objects.HighlightElements/input_field_index'

2020-06-09 15:23:54 - [TEST_STEP][PASSED] - sendKeys(NewInputNmField, Keys.chord(ARROW_DOWN)): Keys 'DOWN + ' sent to object: 'Object Repository/Objects.HighlightElements/input_field_index'

2020-06-09 15:23:54 - [MESSAGE][PASSED] - Keys 'DOWN + ' sent to object: 'Object Repository/Objects.HighlightElements/input_field_index'

2020-06-09 15:23:54 - [TEST_STEP][PASSED] - delay(DelayTime): Delayed 2 second(s)

2020-06-09 15:23:56 - [MESSAGE][PASSED] - Delayed 2 second(s)

2020-06-09 15:23:56 - [TEST_STEP][PASSED] - sendKeys(NewInputNmField, Keys.chord(ENTER)): Keys 'ENTER + ' sent to object: 'Object Repository/Objects.HighlightElements/input_field_index'

2020-06-09 15:23:56 - [MESSAGE][PASSED] - Keys 'ENTER + ' sent to object: 'Object Repository/Objects.HighlightElements/input_field_index'

2020-06-09 15:23:56 - [TEST_STEP][PASSED] - ComboBoxValue = getAttribute(NewInputNmField, "value"): Attribute 'value' of object 'Object Repository/Objects.HighlightElements/input_field_index' is: 'PUB, the National Water Agency'

2020-06-09 15:23:56 - [MESSAGE][PASSED] - Attribute 'value' of object 'Object Repository/Objects.HighlightElements/input_field_index' is: 'PUB, the National Water Agency'

2020-06-09 15:23:56 - [TEST_STEP][PASSED] - callTestCase(findTestCase(CallTCName), ["FindValue":ComboBoxValue, "DropdownNm":comboNm], STOP_ON_FAILURE): Call Test Case 'Test Cases/PFI Precision and Scale/HashMap Tables/ExternalAgencyLists' successfully

2020-06-09 15:23:56 - [TEST_CASE][PASSED] - Test Cases/PFI Precision and Scale/HashMap Tables/ExternalAgencyLists: Test Cases/PFI Precision and Scale/HashMap Tables/ExternalAgencyLists

2020-06-09 15:23:56 - [TEST_STEP][PASSED] - Thread.sleep(1000): null

2020-06-09 15:23:57 - [TEST_STEP][PASSED] - ExtAgencyTBL = [1:"HDB", 2:"AVA", 3:"CAAS", 4:"DSTA", 5:"EXXONMOBIL", 6:"Embassy", 7:"JTC Cat 1A", 8:"MBS- Marina Bay Sands", 9:"MCYS", 10:"MICA", ... ]: null

2020-06-09 15:23:57 - [TEST_STEP][PASSED] - ValueFound = ExtAgencyTBL.find({ -> ... }): null

2020-06-09 15:23:57 - [MESSAGE][PASSED] - Call Test Case 'Test Cases/PFI Precision and Scale/HashMap Tables/ExternalAgencyLists' successfully

2020-06-09 15:23:57 - [TEST_STEP][PASSED] - OutputFile.append("Search Value: " + ComboBoxValue + " " + "Found Value: " + ValueFound + TimeStamp + "
"): null

2020-06-09 15:23:57 - [TEST_STEP][PASSED] - sendKeys(NewInputNmField, Keys.chord(ARROW_DOWN)): Keys 'DOWN + ' sent to object: 'Object Repository/Objects.HighlightElements/input_field_index'

2020-06-09 15:23:57 - [MESSAGE][PASSED] - Keys 'DOWN + ' sent to object: 'Object Repository/Objects.HighlightElements/input_field_index'

2020-06-09 15:23:57 - [TEST_STEP][PASSED] - sendKeys(NewInputNmField, Keys.chord(ARROW_DOWN)): Keys 'DOWN + ' sent to object: 'Object Repository/Objects.HighlightElements/input_field_index'

2020-06-09 15:23:57 - [MESSAGE][PASSED] - Keys 'DOWN + ' sent to object: 'Object Repository/Objects.HighlightElements/input_field_index'

2020-06-09 15:23:57 - [TEST_STEP][PASSED] - delay(DelayTime): Delayed 2 second(s)

2020-06-09 15:23:59 - [MESSAGE][PASSED] - Delayed 2 second(s)

2020-06-09 15:23:59 - [TEST_STEP][PASSED] - sendKeys(NewInputNmField, Keys.chord(ENTER)): Keys 'ENTER + ' sent to object: 'Object Repository/Objects.HighlightElements/input_field_index'

2020-06-09 15:23:59 - [MESSAGE][PASSED] - Keys 'ENTER + ' sent to object: 'Object Repository/Objects.HighlightElements/input_field_index'

2020-06-09 15:23:59 - [TEST_STEP][PASSED] - ComboBoxValue = getAttribute(NewInputNmField, "value"): Attribute 'value' of object 'Object Repository/Objects.HighlightElements/input_field_index' is: 'People's Association'

2020-06-09 15:23:59 - [MESSAGE][PASSED] - Attribute 'value' of object 'Object Repository/Objects.HighlightElements/input_field_index' is: 'People's Association'

2020-06-09 15:23:59 - [TEST_STEP][PASSED] - callTestCase(findTestCase(CallTCName), ["FindValue":ComboBoxValue, "DropdownNm":comboNm], STOP_ON_FAILURE): Call Test Case 'Test Cases/PFI Precision and Scale/HashMap Tables/ExternalAgencyLists' successfully

2020-06-09 15:23:59 - [TEST_CASE][PASSED] - Test Cases/PFI Precision and Scale/HashMap Tables/ExternalAgencyLists: Test Cases/PFI Precision and Scale/HashMap Tables/ExternalAgencyLists

2020-06-09 15:23:59 - [TEST_STEP][PASSED] - Thread.sleep(1000): null

2020-06-09 15:24:00 - [TEST_STEP][PASSED] - ExtAgencyTBL = [1:"HDB", 2:"AVA", 3:"CAAS", 4:"DSTA", 5:"EXXONMOBIL", 6:"Embassy", 7:"JTC Cat 1A", 8:"MBS- Marina Bay Sands", 9:"MCYS", 10:"MICA", ... ]: null

2020-06-09 15:24:00 - [TEST_STEP][PASSED] - ValueFound = ExtAgencyTBL.find({ -> ... }): null

2020-06-09 15:24:00 - [MESSAGE][PASSED] - Call Test Case 'Test Cases/PFI Precision and Scale/HashMap Tables/ExternalAgencyLists' successfully

2020-06-09 15:24:00 - [TEST_STEP][PASSED] - OutputFile.append("Search Value: " + ComboBoxValue + " " + "Found Value: " + ValueFound + TimeStamp + "
"): null

2020-06-09 15:24:00 - [TEST_STEP][PASSED] - sendKeys(NewInputNmField, Keys.chord(ARROW_DOWN)): Keys 'DOWN + ' sent to object: 'Object Repository/Objects.HighlightElements/input_field_index'

2020-06-09 15:24:00 - [MESSAGE][PASSED] - Keys 'DOWN + ' sent to object: 'Object Repository/Objects.HighlightElements/input_field_index'

2020-06-09 15:24:00 - [TEST_STEP][PASSED] - sendKeys(NewInputNmField, Keys.chord(ARROW_DOWN)): Keys 'DOWN + ' sent to object: 'Object Repository/Objects.HighlightElements/input_field_index'

2020-06-09 15:24:00 - [MESSAGE][PASSED] - Keys 'DOWN + ' sent to object: 'Object Repository/Objects.HighlightElements/input_field_index'

2020-06-09 15:24:00 - [TEST_STEP][PASSED] - delay(DelayTime): Delayed 2 second(s)

2020-06-09 15:24:02 - [MESSAGE][PASSED] - Delayed 2 second(s)

2020-06-09 15:24:02 - [TEST_STEP][PASSED] - sendKeys(NewInputNmField, Keys.chord(ENTER)): Keys 'ENTER + ' sent to object: 'Object Repository/Objects.HighlightElements/input_field_index'

2020-06-09 15:24:02 - [MESSAGE][PASSED] - Keys 'ENTER + ' sent to object: 'Object Repository/Objects.HighlightElements/input_field_index'

2020-06-09 15:24:02 - [TEST_STEP][PASSED] - ComboBoxValue = getAttribute(NewInputNmField, "value"): Attribute 'value' of object 'Object Repository/Objects.HighlightElements/input_field_index' is: 'Polytechnic'

2020-06-09 15:24:03 - [MESSAGE][PASSED] - Attribute 'value' of object 'Object Repository/Objects.HighlightElements/input_field_index' is: 'Polytechnic'

2020-06-09 15:24:03 - [TEST_STEP][PASSED] - callTestCase(findTestCase(CallTCName), ["FindValue":ComboBoxValue, "DropdownNm":comboNm], STOP_ON_FAILURE): Call Test Case 'Test Cases/PFI Precision and Scale/HashMap Tables/ExternalAgencyLists' successfully

2020-06-09 15:24:03 - [TEST_CASE][PASSED] - Test Cases/PFI Precision and Scale/HashMap Tables/ExternalAgencyLists: Test Cases/PFI Precision and Scale/HashMap Tables/ExternalAgencyLists

2020-06-09 15:24:03 - [TEST_STEP][PASSED] - Thread.sleep(1000): null

2020-06-09 15:24:04 - [TEST_STEP][PASSED] - ExtAgencyTBL = [1:"HDB", 2:"AVA", 3:"CAAS", 4:"DSTA", 5:"EXXONMOBIL", 6:"Embassy", 7:"JTC Cat 1A", 8:"MBS- Marina Bay Sands", 9:"MCYS", 10:"MICA", ... ]: null

2020-06-09 15:24:04 - [TEST_STEP][PASSED] - ValueFound = ExtAgencyTBL.find({ -> ... }): null

2020-06-09 15:24:04 - [MESSAGE][PASSED] - Call Test Case 'Test Cases/PFI Precision and Scale/HashMap Tables/ExternalAgencyLists' successfully

2020-06-09 15:24:04 - [TEST_STEP][PASSED] - OutputFile.append("Search Value: " + ComboBoxValue + " " + "Found Value: " + ValueFound + TimeStamp + "
"): null

2020-06-09 15:24:04 - [TEST_STEP][PASSED] - sendKeys(NewInputNmField, Keys.chord(ARROW_DOWN)): Keys 'DOWN + ' sent to object: 'Object Repository/Objects.HighlightElements/input_field_index'

2020-06-09 15:24:04 - [MESSAGE][PASSED] - Keys 'DOWN + ' sent to object: 'Object Repository/Objects.HighlightElements/input_field_index'

2020-06-09 15:24:04 - [TEST_STEP][PASSED] - sendKeys(NewInputNmField, Keys.chord(ARROW_DOWN)): Keys 'DOWN + ' sent to object: 'Object Repository/Objects.HighlightElements/input_field_index'

2020-06-09 15:24:04 - [MESSAGE][PASSED] - Keys 'DOWN + ' sent to object: 'Object Repository/Objects.HighlightElements/input_field_index'

2020-06-09 15:24:04 - [TEST_STEP][PASSED] - delay(DelayTime): Delayed 2 second(s)

2020-06-09 15:24:06 - [MESSAGE][PASSED] - Delayed 2 second(s)

2020-06-09 15:24:06 - [TEST_STEP][PASSED] - sendKeys(NewInputNmField, Keys.chord(ENTER)): Keys 'ENTER + ' sent to object: 'Object Repository/Objects.HighlightElements/input_field_index'

2020-06-09 15:24:06 - [MESSAGE][PASSED] - Keys 'ENTER + ' sent to object: 'Object Repository/Objects.HighlightElements/input_field_index'

2020-06-09 15:24:06 - [TEST_STEP][PASSED] - ComboBoxValue = getAttribute(NewInputNmField, "value"): Attribute 'value' of object 'Object Repository/Objects.HighlightElements/input_field_index' is: 'Port of Singapore Authority'

2020-06-09 15:24:06 - [MESSAGE][PASSED] - Attribute 'value' of object 'Object Repository/Objects.HighlightElements/input_field_index' is: 'Port of Singapore Authority'

2020-06-09 15:24:06 - [TEST_STEP][PASSED] - callTestCase(findTestCase(CallTCName), ["FindValue":ComboBoxValue, "DropdownNm":comboNm], STOP_ON_FAILURE): Call Test Case 'Test Cases/PFI Precision and Scale/HashMap Tables/ExternalAgencyLists' successfully

2020-06-09 15:24:06 - [TEST_CASE][PASSED] - Test Cases/PFI Precision and Scale/HashMap Tables/ExternalAgencyLists: Test Cases/PFI Precision and Scale/HashMap Tables/ExternalAgencyLists

2020-06-09 15:24:06 - [TEST_STEP][PASSED] - Thread.sleep(1000): null

2020-06-09 15:24:07 - [TEST_STEP][PASSED] - ExtAgencyTBL = [1:"HDB", 2:"AVA", 3:"CAAS", 4:"DSTA", 5:"EXXONMOBIL", 6:"Embassy", 7:"JTC Cat 1A", 8:"MBS- Marina Bay Sands", 9:"MCYS", 10:"MICA", ... ]: null

2020-06-09 15:24:07 - [TEST_STEP][PASSED] - ValueFound = ExtAgencyTBL.find({ -> ... }): null

2020-06-09 15:24:07 - [MESSAGE][PASSED] - Call Test Case 'Test Cases/PFI Precision and Scale/HashMap Tables/ExternalAgencyLists' successfully

2020-06-09 15:24:07 - [TEST_STEP][PASSED] - OutputFile.append("Search Value: " + ComboBoxValue + " " + "Found Value: " + ValueFound + TimeStamp + "
"): null

2020-06-09 15:24:07 - [TEST_STEP][PASSED] - sendKeys(NewInputNmField, Keys.chord(ARROW_DOWN)): Keys 'DOWN + ' sent to object: 'Object Repository/Objects.HighlightElements/input_field_index'

2020-06-09 15:24:07 - [MESSAGE][PASSED] - Keys 'DOWN + ' sent to object: 'Object Repository/Objects.HighlightElements/input_field_index'

2020-06-09 15:24:07 - [TEST_STEP][PASSED] - sendKeys(NewInputNmField, Keys.chord(ARROW_DOWN)): Keys 'DOWN + ' sent to object: 'Object Repository/Objects.HighlightElements/input_field_index'

2020-06-09 15:24:07 - [MESSAGE][PASSED] - Keys 'DOWN + ' sent to object: 'Object Repository/Objects.HighlightElements/input_field_index'

2020-06-09 15:24:07 - [TEST_STEP][PASSED] - delay(DelayTime): Delayed 2 second(s)

2020-06-09 15:24:09 - [MESSAGE][PASSED] - Delayed 2 second(s)

2020-06-09 15:24:09 - [TEST_STEP][PASSED] - sendKeys(NewInputNmField, Keys.chord(ENTER)): Keys 'ENTER + ' sent to object: 'Object Repository/Objects.HighlightElements/input_field_index'

2020-06-09 15:24:09 - [MESSAGE][PASSED] - Keys 'ENTER + ' sent to object: 'Object Repository/Objects.HighlightElements/input_field_index'

2020-06-09 15:24:09 - [TEST_STEP][PASSED] - ComboBoxValue = getAttribute(NewInputNmField, "value"): Attribute 'value' of object 'Object Repository/Objects.HighlightElements/input_field_index' is: 'RWS - Resorts World Sentosa'

2020-06-09 15:24:09 - [MESSAGE][PASSED] - Attribute 'value' of object 'Object Repository/Objects.HighlightElements/input_field_index' is: 'RWS - Resorts World Sentosa'

2020-06-09 15:24:09 - [TEST_STEP][PASSED] - callTestCase(findTestCase(CallTCName), ["FindValue":ComboBoxValue, "DropdownNm":comboNm], STOP_ON_FAILURE): Call Test Case 'Test Cases/PFI Precision and Scale/HashMap Tables/ExternalAgencyLists' successfully

2020-06-09 15:24:09 - [TEST_CASE][PASSED] - Test Cases/PFI Precision and Scale/HashMap Tables/ExternalAgencyLists: Test Cases/PFI Precision and Scale/HashMap Tables/ExternalAgencyLists

2020-06-09 15:24:09 - [TEST_STEP][PASSED] - Thread.sleep(1000): null

2020-06-09 15:24:10 - [TEST_STEP][PASSED] - ExtAgencyTBL = [1:"HDB", 2:"AVA", 3:"CAAS", 4:"DSTA", 5:"EXXONMOBIL", 6:"Embassy", 7:"JTC Cat 1A", 8:"MBS- Marina Bay Sands", 9:"MCYS", 10:"MICA", ... ]: null

2020-06-09 15:24:10 - [TEST_STEP][PASSED] - ValueFound = ExtAgencyTBL.find({ -> ... }): null

2020-06-09 15:24:10 - [MESSAGE][PASSED] - Call Test Case 'Test Cases/PFI Precision and Scale/HashMap Tables/ExternalAgencyLists' successfully

2020-06-09 15:24:10 - [TEST_STEP][PASSED] - OutputFile.append("Search Value: " + ComboBoxValue + " " + "Found Value: " + ValueFound + TimeStamp + "
"): null

2020-06-09 15:24:10 - [TEST_STEP][PASSED] - sendKeys(NewInputNmField, Keys.chord(ARROW_DOWN)): Keys 'DOWN + ' sent to object: 'Object Repository/Objects.HighlightElements/input_field_index'

2020-06-09 15:24:10 - [MESSAGE][PASSED] - Keys 'DOWN + ' sent to object: 'Object Repository/Objects.HighlightElements/input_field_index'

2020-06-09 15:24:10 - [TEST_STEP][PASSED] - sendKeys(NewInputNmField, Keys.chord(ARROW_DOWN)): Keys 'DOWN + ' sent to object: 'Object Repository/Objects.HighlightElements/input_field_index'

2020-06-09 15:24:10 - [MESSAGE][PASSED] - Keys 'DOWN + ' sent to object: 'Object Repository/Objects.HighlightElements/input_field_index'

2020-06-09 15:24:10 - [TEST_STEP][PASSED] - delay(DelayTime): Delayed 2 second(s)

2020-06-09 15:24:12 - [MESSAGE][PASSED] - Delayed 2 second(s)

2020-06-09 15:24:12 - [TEST_STEP][PASSED] - sendKeys(NewInputNmField, Keys.chord(ENTER)): Keys 'ENTER + ' sent to object: 'Object Repository/Objects.HighlightElements/input_field_index'

2020-06-09 15:24:12 - [MESSAGE][PASSED] - Keys 'ENTER + ' sent to object: 'Object Repository/Objects.HighlightElements/input_field_index'

2020-06-09 15:24:12 - [TEST_STEP][PASSED] - ComboBoxValue = getAttribute(NewInputNmField, "value"): Attribute 'value' of object 'Object Repository/Objects.HighlightElements/input_field_index' is: 'S'pore Sports Council'

2020-06-09 15:24:12 - [MESSAGE][PASSED] - Attribute 'value' of object 'Object Repository/Objects.HighlightElements/input_field_index' is: 'S'pore Sports Council'

2020-06-09 15:24:12 - [TEST_STEP][PASSED] - callTestCase(findTestCase(CallTCName), ["FindValue":ComboBoxValue, "DropdownNm":comboNm], STOP_ON_FAILURE): Call Test Case 'Test Cases/PFI Precision and Scale/HashMap Tables/ExternalAgencyLists' successfully

2020-06-09 15:24:12 - [TEST_CASE][PASSED] - Test Cases/PFI Precision and Scale/HashMap Tables/ExternalAgencyLists: Test Cases/PFI Precision and Scale/HashMap Tables/ExternalAgencyLists

2020-06-09 15:24:12 - [TEST_STEP][PASSED] - Thread.sleep(1000): null

2020-06-09 15:24:13 - [TEST_STEP][PASSED] - ExtAgencyTBL = [1:"HDB", 2:"AVA", 3:"CAAS", 4:"DSTA", 5:"EXXONMOBIL", 6:"Embassy", 7:"JTC Cat 1A", 8:"MBS- Marina Bay Sands", 9:"MCYS", 10:"MICA", ... ]: null

2020-06-09 15:24:13 - [TEST_STEP][PASSED] - ValueFound = ExtAgencyTBL.find({ -> ... }): null

2020-06-09 15:24:13 - [MESSAGE][PASSED] - Call Test Case 'Test Cases/PFI Precision and Scale/HashMap Tables/ExternalAgencyLists' successfully

2020-06-09 15:24:13 - [TEST_STEP][PASSED] - OutputFile.append("Search Value: " + ComboBoxValue + " " + "Found Value: " + ValueFound + TimeStamp + "
"): null

2020-06-09 15:24:13 - [TEST_STEP][PASSED] - sendKeys(NewInputNmField, Keys.chord(ARROW_DOWN)): Keys 'DOWN + ' sent to object: 'Object Repository/Objects.HighlightElements/input_field_index'

2020-06-09 15:24:13 - [MESSAGE][PASSED] - Keys 'DOWN + ' sent to object: 'Object Repository/Objects.HighlightElements/input_field_index'

2020-06-09 15:24:13 - [TEST_STEP][PASSED] - sendKeys(NewInputNmField, Keys.chord(ARROW_DOWN)): Keys 'DOWN + ' sent to object: 'Object Repository/Objects.HighlightElements/input_field_index'

2020-06-09 15:24:13 - [MESSAGE][PASSED] - Keys 'DOWN + ' sent to object: 'Object Repository/Objects.HighlightElements/input_field_index'

2020-06-09 15:24:13 - [TEST_STEP][PASSED] - delay(DelayTime): Delayed 2 second(s)

2020-06-09 15:24:15 - [MESSAGE][PASSED] - Delayed 2 second(s)

2020-06-09 15:24:15 - [TEST_STEP][PASSED] - sendKeys(NewInputNmField, Keys.chord(ENTER)): Keys 'ENTER + ' sent to object: 'Object Repository/Objects.HighlightElements/input_field_index'

2020-06-09 15:24:15 - [MESSAGE][PASSED] - Keys 'ENTER + ' sent to object: 'Object Repository/Objects.HighlightElements/input_field_index'

2020-06-09 15:24:15 - [TEST_STEP][PASSED] - ComboBoxValue = getAttribute(NewInputNmField, "value"): Attribute 'value' of object 'Object Repository/Objects.HighlightElements/input_field_index' is: 'SENTOSA'

2020-06-09 15:24:15 - [MESSAGE][PASSED] - Attribute 'value' of object 'Object Repository/Objects.HighlightElements/input_field_index' is: 'SENTOSA'

2020-06-09 15:24:15 - [TEST_STEP][PASSED] - callTestCase(findTestCase(CallTCName), ["FindValue":ComboBoxValue, "DropdownNm":comboNm], STOP_ON_FAILURE): Call Test Case 'Test Cases/PFI Precision and Scale/HashMap Tables/ExternalAgencyLists' successfully

2020-06-09 15:24:15 - [TEST_CASE][PASSED] - Test Cases/PFI Precision and Scale/HashMap Tables/ExternalAgencyLists: Test Cases/PFI Precision and Scale/HashMap Tables/ExternalAgencyLists

2020-06-09 15:24:15 - [TEST_STEP][PASSED] - Thread.sleep(1000): null

2020-06-09 15:24:16 - [TEST_STEP][PASSED] - ExtAgencyTBL = [1:"HDB", 2:"AVA", 3:"CAAS", 4:"DSTA", 5:"EXXONMOBIL", 6:"Embassy", 7:"JTC Cat 1A", 8:"MBS- Marina Bay Sands", 9:"MCYS", 10:"MICA", ... ]: null

2020-06-09 15:24:16 - [TEST_STEP][PASSED] - ValueFound = ExtAgencyTBL.find({ -> ... }): null

2020-06-09 15:24:16 - [MESSAGE][PASSED] - Call Test Case 'Test Cases/PFI Precision and Scale/HashMap Tables/ExternalAgencyLists' successfully

2020-06-09 15:24:16 - [TEST_STEP][PASSED] - OutputFile.append("Search Value: " + ComboBoxValue + " " + "Found Value: " + ValueFound + TimeStamp + "
"): null

2020-06-09 15:24:16 - [TEST_STEP][PASSED] - sendKeys(NewInputNmField, Keys.chord(ARROW_DOWN)): Keys 'DOWN + ' sent to object: 'Object Repository/Objects.HighlightElements/input_field_index'

2020-06-09 15:24:17 - [MESSAGE][PASSED] - Keys 'DOWN + ' sent to object: 'Object Repository/Objects.HighlightElements/input_field_index'

2020-06-09 15:24:17 - [TEST_STEP][PASSED] - sendKeys(NewInputNmField, Keys.chord(ARROW_DOWN)): Keys 'DOWN + ' sent to object: 'Object Repository/Objects.HighlightElements/input_field_index'

2020-06-09 15:24:17 - [MESSAGE][PASSED] - Keys 'DOWN + ' sent to object: 'Object Repository/Objects.HighlightElements/input_field_index'

2020-06-09 15:24:17 - [TEST_STEP][PASSED] - delay(DelayTime): Delayed 2 second(s)

2020-06-09 15:24:19 - [MESSAGE][PASSED] - Delayed 2 second(s)

2020-06-09 15:24:19 - [TEST_STEP][PASSED] - sendKeys(NewInputNmField, Keys.chord(ENTER)): Keys 'ENTER + ' sent to object: 'Object Repository/Objects.HighlightElements/input_field_index'

2020-06-09 15:24:19 - [MESSAGE][PASSED] - Keys 'ENTER + ' sent to object: 'Object Repository/Objects.HighlightElements/input_field_index'

2020-06-09 15:24:19 - [TEST_STEP][PASSED] - ComboBoxValue = getAttribute(NewInputNmField, "value"): Attribute 'value' of object 'Object Repository/Objects.HighlightElements/input_field_index' is: 'SHELL'

2020-06-09 15:24:19 - [MESSAGE][PASSED] - Attribute 'value' of object 'Object Repository/Objects.HighlightElements/input_field_index' is: 'SHELL'

2020-06-09 15:24:19 - [TEST_STEP][PASSED] - callTestCase(findTestCase(CallTCName), ["FindValue":ComboBoxValue, "DropdownNm":comboNm], STOP_ON_FAILURE): Call Test Case 'Test Cases/PFI Precision and Scale/HashMap Tables/ExternalAgencyLists' successfully

2020-06-09 15:24:19 - [TEST_CASE][PASSED] - Test Cases/PFI Precision and Scale/HashMap Tables/ExternalAgencyLists: Test Cases/PFI Precision and Scale/HashMap Tables/ExternalAgencyLists

2020-06-09 15:24:19 - [TEST_STEP][PASSED] - Thread.sleep(1000): null

2020-06-09 15:24:20 - [TEST_STEP][PASSED] - ExtAgencyTBL = [1:"HDB", 2:"AVA", 3:"CAAS", 4:"DSTA", 5:"EXXONMOBIL", 6:"Embassy", 7:"JTC Cat 1A", 8:"MBS- Marina Bay Sands", 9:"MCYS", 10:"MICA", ... ]: null

2020-06-09 15:24:20 - [TEST_STEP][PASSED] - ValueFound = ExtAgencyTBL.find({ -> ... }): null

2020-06-09 15:24:20 - [MESSAGE][PASSED] - Call Test Case 'Test Cases/PFI Precision and Scale/HashMap Tables/ExternalAgencyLists' successfully

2020-06-09 15:24:20 - [TEST_STEP][PASSED] - OutputFile.append("Search Value: " + ComboBoxValue + " " + "Found Value: " + ValueFound + TimeStamp + "
"): null

2020-06-09 15:24:20 - [TEST_STEP][PASSED] - sendKeys(NewInputNmField, Keys.chord(ARROW_DOWN)): Keys 'DOWN + ' sent to object: 'Object Repository/Objects.HighlightElements/input_field_index'

2020-06-09 15:24:20 - [MESSAGE][PASSED] - Keys 'DOWN + ' sent to object: 'Object Repository/Objects.HighlightElements/input_field_index'

2020-06-09 15:24:20 - [TEST_STEP][PASSED] - sendKeys(NewInputNmField, Keys.chord(ARROW_DOWN)): Keys 'DOWN + ' sent to object: 'Object Repository/Objects.HighlightElements/input_field_index'

2020-06-09 15:24:20 - [MESSAGE][PASSED] - Keys 'DOWN + ' sent to object: 'Object Repository/Objects.HighlightElements/input_field_index'

2020-06-09 15:24:20 - [TEST_STEP][PASSED] - delay(DelayTime): Delayed 2 second(s)

2020-06-09 15:24:22 - [MESSAGE][PASSED] - Delayed 2 second(s)

2020-06-09 15:24:22 - [TEST_STEP][PASSED] - sendKeys(NewInputNmField, Keys.chord(ENTER)): Keys 'ENTER + ' sent to object: 'Object Repository/Objects.HighlightElements/input_field_index'

2020-06-09 15:24:22 - [MESSAGE][PASSED] - Keys 'ENTER + ' sent to object: 'Object Repository/Objects.HighlightElements/input_field_index'

2020-06-09 15:24:22 - [TEST_STEP][PASSED] - ComboBoxValue = getAttribute(NewInputNmField, "value"): Attribute 'value' of object 'Object Repository/Objects.HighlightElements/input_field_index' is: 'SPC'

2020-06-09 15:24:22 - [MESSAGE][PASSED] - Attribute 'value' of object 'Object Repository/Objects.HighlightElements/input_field_index' is: 'SPC'

2020-06-09 15:24:22 - [TEST_STEP][PASSED] - callTestCase(findTestCase(CallTCName), ["FindValue":ComboBoxValue, "DropdownNm":comboNm], STOP_ON_FAILURE): Call Test Case 'Test Cases/PFI Precision and Scale/HashMap Tables/ExternalAgencyLists' successfully

2020-06-09 15:24:22 - [TEST_CASE][PASSED] - Test Cases/PFI Precision and Scale/HashMap Tables/ExternalAgencyLists: Test Cases/PFI Precision and Scale/HashMap Tables/ExternalAgencyLists

2020-06-09 15:24:22 - [TEST_STEP][PASSED] - Thread.sleep(1000): null

2020-06-09 15:24:23 - [TEST_STEP][PASSED] - ExtAgencyTBL = [1:"HDB", 2:"AVA", 3:"CAAS", 4:"DSTA", 5:"EXXONMOBIL", 6:"Embassy", 7:"JTC Cat 1A", 8:"MBS- Marina Bay Sands", 9:"MCYS", 10:"MICA", ... ]: null

2020-06-09 15:24:23 - [TEST_STEP][PASSED] - ValueFound = ExtAgencyTBL.find({ -> ... }): null

2020-06-09 15:24:23 - [MESSAGE][PASSED] - Call Test Case 'Test Cases/PFI Precision and Scale/HashMap Tables/ExternalAgencyLists' successfully

2020-06-09 15:24:23 - [TEST_STEP][PASSED] - OutputFile.append("Search Value: " + ComboBoxValue + " " + "Found Value: " + ValueFound + TimeStamp + "
"): null

2020-06-09 15:24:23 - [TEST_STEP][PASSED] - sendKeys(NewInputNmField, Keys.chord(ARROW_DOWN)): Keys 'DOWN + ' sent to object: 'Object Repository/Objects.HighlightElements/input_field_index'

2020-06-09 15:24:23 - [MESSAGE][PASSED] - Keys 'DOWN + ' sent to object: 'Object Repository/Objects.HighlightElements/input_field_index'

2020-06-09 15:24:23 - [TEST_STEP][PASSED] - sendKeys(NewInputNmField, Keys.chord(ARROW_DOWN)): Keys 'DOWN + ' sent to object: 'Object Repository/Objects.HighlightElements/input_field_index'

2020-06-09 15:24:23 - [MESSAGE][PASSED] - Keys 'DOWN + ' sent to object: 'Object Repository/Objects.HighlightElements/input_field_index'

2020-06-09 15:24:23 - [TEST_STEP][PASSED] - delay(DelayTime): Delayed 2 second(s)

2020-06-09 15:24:25 - [MESSAGE][PASSED] - Delayed 2 second(s)

2020-06-09 15:24:25 - [TEST_STEP][PASSED] - sendKeys(NewInputNmField, Keys.chord(ENTER)): Keys 'ENTER + ' sent to object: 'Object Repository/Objects.HighlightElements/input_field_index'

2020-06-09 15:24:25 - [MESSAGE][PASSED] - Keys 'ENTER + ' sent to object: 'Object Repository/Objects.HighlightElements/input_field_index'

2020-06-09 15:24:25 - [TEST_STEP][PASSED] - ComboBoxValue = getAttribute(NewInputNmField, "value"): Attribute 'value' of object 'Object Repository/Objects.HighlightElements/input_field_index' is: 'University'

2020-06-09 15:24:25 - [MESSAGE][PASSED] - Attribute 'value' of object 'Object Repository/Objects.HighlightElements/input_field_index' is: 'University'

2020-06-09 15:24:25 - [TEST_STEP][PASSED] - callTestCase(findTestCase(CallTCName), ["FindValue":ComboBoxValue, "DropdownNm":comboNm], STOP_ON_FAILURE): Call Test Case 'Test Cases/PFI Precision and Scale/HashMap Tables/ExternalAgencyLists' successfully

2020-06-09 15:24:25 - [TEST_CASE][PASSED] - Test Cases/PFI Precision and Scale/HashMap Tables/ExternalAgencyLists: Test Cases/PFI Precision and Scale/HashMap Tables/ExternalAgencyLists

2020-06-09 15:24:25 - [TEST_STEP][PASSED] - Thread.sleep(1000): null

2020-06-09 15:24:26 - [TEST_STEP][PASSED] - ExtAgencyTBL = [1:"HDB", 2:"AVA", 3:"CAAS", 4:"DSTA", 5:"EXXONMOBIL", 6:"Embassy", 7:"JTC Cat 1A", 8:"MBS- Marina Bay Sands", 9:"MCYS", 10:"MICA", ... ]: null

2020-06-09 15:24:26 - [TEST_STEP][PASSED] - ValueFound = ExtAgencyTBL.find({ -> ... }): null

2020-06-09 15:24:26 - [MESSAGE][PASSED] - Call Test Case 'Test Cases/PFI Precision and Scale/HashMap Tables/ExternalAgencyLists' successfully

2020-06-09 15:24:26 - [TEST_STEP][PASSED] - OutputFile.append("Search Value: " + ComboBoxValue + " " + "Found Value: " + ValueFound + TimeStamp + "
"): null

2020-06-09 15:24:26 - [TEST_STEP][PASSED] - sendKeys(NewInputNmField, Keys.chord(ARROW_DOWN)): Keys 'DOWN + ' sent to object: 'Object Repository/Objects.HighlightElements/input_field_index'

2020-06-09 15:24:26 - [MESSAGE][PASSED] - Keys 'DOWN + ' sent to object: 'Object Repository/Objects.HighlightElements/input_field_index'

2020-06-09 15:24:26 - [TEST_STEP][PASSED] - sendKeys(NewInputNmField, Keys.chord(ARROW_DOWN)): Keys 'DOWN + ' sent to object: 'Object Repository/Objects.HighlightElements/input_field_index'

2020-06-09 15:24:26 - [MESSAGE][PASSED] - Keys 'DOWN + ' sent to object: 'Object Repository/Objects.HighlightElements/input_field_index'

2020-06-09 15:24:26 - [TEST_STEP][PASSED] - delay(DelayTime): Delayed 2 second(s)

2020-06-09 15:24:28 - [MESSAGE][PASSED] - Delayed 2 second(s)

2020-06-09 15:24:28 - [TEST_STEP][PASSED] - sendKeys(NewInputNmField, Keys.chord(ENTER)): Keys 'ENTER + ' sent to object: 'Object Repository/Objects.HighlightElements/input_field_index'

2020-06-09 15:24:28 - [MESSAGE][PASSED] - Keys 'ENTER + ' sent to object: 'Object Repository/Objects.HighlightElements/input_field_index'

2020-06-09 15:24:28 - [TEST_STEP][PASSED] - ComboBoxValue = getAttribute(NewInputNmField, "value"): Attribute 'value' of object 'Object Repository/Objects.HighlightElements/input_field_index' is: 'JTC Cat 1'

2020-06-09 15:24:28 - [MESSAGE][PASSED] - Attribute 'value' of object 'Object Repository/Objects.HighlightElements/input_field_index' is: 'JTC Cat 1'

2020-06-09 15:24:28 - [TEST_STEP][PASSED] - callTestCase(findTestCase(CallTCName), ["FindValue":ComboBoxValue, "DropdownNm":comboNm], STOP_ON_FAILURE): Call Test Case 'Test Cases/PFI Precision and Scale/HashMap Tables/ExternalAgencyLists' successfully

2020-06-09 15:24:28 - [TEST_CASE][PASSED] - Test Cases/PFI Precision and Scale/HashMap Tables/ExternalAgencyLists: Test Cases/PFI Precision and Scale/HashMap Tables/ExternalAgencyLists

2020-06-09 15:24:28 - [TEST_STEP][PASSED] - Thread.sleep(1000): null

2020-06-09 15:24:29 - [TEST_STEP][PASSED] - ExtAgencyTBL = [1:"HDB", 2:"AVA", 3:"CAAS", 4:"DSTA", 5:"EXXONMOBIL", 6:"Embassy", 7:"JTC Cat 1A", 8:"MBS- Marina Bay Sands", 9:"MCYS", 10:"MICA", ... ]: null

2020-06-09 15:24:29 - [TEST_STEP][PASSED] - ValueFound = ExtAgencyTBL.find({ -> ... }): null

2020-06-09 15:24:29 - [MESSAGE][PASSED] - Call Test Case 'Test Cases/PFI Precision and Scale/HashMap Tables/ExternalAgencyLists' successfully

2020-06-09 15:24:29 - [TEST_STEP][PASSED] - OutputFile.append("Search Value: " + ComboBoxValue + " " + "Found Value: " + ValueFound + TimeStamp + "
"): null

2020-06-09 15:24:29 - [TEST_STEP][PASSED] - sendKeys(NewInputNmField, Keys.chord(ARROW_DOWN)): Keys 'DOWN + ' sent to object: 'Object Repository/Objects.HighlightElements/input_field_index'

2020-06-09 15:24:29 - [MESSAGE][PASSED] - Keys 'DOWN + ' sent to object: 'Object Repository/Objects.HighlightElements/input_field_index'

2020-06-09 15:24:29 - [TEST_STEP][PASSED] - sendKeys(NewInputNmField, Keys.chord(ARROW_DOWN)): Keys 'DOWN + ' sent to object: 'Object Repository/Objects.HighlightElements/input_field_index'

2020-06-09 15:24:30 - [MESSAGE][PASSED] - Keys 'DOWN + ' sent to object: 'Object Repository/Objects.HighlightElements/input_field_index'

2020-06-09 15:24:30 - [TEST_STEP][PASSED] - delay(DelayTime): Delayed 2 second(s)

2020-06-09 15:24:32 - [MESSAGE][PASSED] - Delayed 2 second(s)

2020-06-09 15:24:32 - [TEST_STEP][PASSED] - sendKeys(NewInputNmField, Keys.chord(ENTER)): Keys 'ENTER + ' sent to object: 'Object Repository/Objects.HighlightElements/input_field_index'

2020-06-09 15:24:32 - [MESSAGE][PASSED] - Keys 'ENTER + ' sent to object: 'Object Repository/Objects.HighlightElements/input_field_index'

2020-06-09 15:24:32 - [TEST_STEP][PASSED] - ComboBoxValue = getAttribute(NewInputNmField, "value"): Attribute 'value' of object 'Object Repository/Objects.HighlightElements/input_field_index' is: 'JTC Cat 2'

2020-06-09 15:24:32 - [MESSAGE][PASSED] - Attribute 'value' of object 'Object Repository/Objects.HighlightElements/input_field_index' is: 'JTC Cat 2'

2020-06-09 15:24:32 - [TEST_STEP][PASSED] - callTestCase(findTestCase(CallTCName), ["FindValue":ComboBoxValue, "DropdownNm":comboNm], STOP_ON_FAILURE): Call Test Case 'Test Cases/PFI Precision and Scale/HashMap Tables/ExternalAgencyLists' successfully

2020-06-09 15:24:32 - [TEST_CASE][PASSED] - Test Cases/PFI Precision and Scale/HashMap Tables/ExternalAgencyLists: Test Cases/PFI Precision and Scale/HashMap Tables/ExternalAgencyLists

2020-06-09 15:24:32 - [TEST_STEP][PASSED] - Thread.sleep(1000): null

2020-06-09 15:24:33 - [TEST_STEP][PASSED] - ExtAgencyTBL = [1:"HDB", 2:"AVA", 3:"CAAS", 4:"DSTA", 5:"EXXONMOBIL", 6:"Embassy", 7:"JTC Cat 1A", 8:"MBS- Marina Bay Sands", 9:"MCYS", 10:"MICA", ... ]: null

2020-06-09 15:24:33 - [TEST_STEP][PASSED] - ValueFound = ExtAgencyTBL.find({ -> ... }): null

2020-06-09 15:24:33 - [MESSAGE][PASSED] - Call Test Case 'Test Cases/PFI Precision and Scale/HashMap Tables/ExternalAgencyLists' successfully

2020-06-09 15:24:33 - [TEST_STEP][PASSED] - OutputFile.append("Search Value: " + ComboBoxValue + " " + "Found Value: " + ValueFound + TimeStamp + "
"): null

2020-06-09 15:24:33 - [TEST_STEP][PASSED] - sendKeys(NewInputNmField, Keys.chord(ARROW_DOWN)): Keys 'DOWN + ' sent to object: 'Object Repository/Objects.HighlightElements/input_field_index'

2020-06-09 15:24:33 - [MESSAGE][PASSED] - Keys 'DOWN + ' sent to object: 'Object Repository/Objects.HighlightElements/input_field_index'

2020-06-09 15:24:33 - [TEST_STEP][PASSED] - sendKeys(NewInputNmField, Keys.chord(ARROW_DOWN)): Keys 'DOWN + ' sent to object: 'Object Repository/Objects.HighlightElements/input_field_index'

2020-06-09 15:24:33 - [MESSAGE][PASSED] - Keys 'DOWN + ' sent to object: 'Object Repository/Objects.HighlightElements/input_field_index'

2020-06-09 15:24:33 - [TEST_STEP][PASSED] - delay(DelayTime): Delayed 2 second(s)

2020-06-09 15:24:35 - [MESSAGE][PASSED] - Delayed 2 second(s)

2020-06-09 15:24:35 - [TEST_STEP][PASSED] - sendKeys(NewInputNmField, Keys.chord(ENTER)): Keys 'ENTER + ' sent to object: 'Object Repository/Objects.HighlightElements/input_field_index'

2020-06-09 15:24:35 - [MESSAGE][PASSED] - Keys 'ENTER + ' sent to object: 'Object Repository/Objects.HighlightElements/input_field_index'

2020-06-09 15:24:35 - [TEST_STEP][PASSED] - ComboBoxValue = getAttribute(NewInputNmField, "value"): Attribute 'value' of object 'Object Repository/Objects.HighlightElements/input_field_index' is: 'LTA'

2020-06-09 15:24:35 - [MESSAGE][PASSED] - Attribute 'value' of object 'Object Repository/Objects.HighlightElements/input_field_index' is: 'LTA'

2020-06-09 15:24:35 - [TEST_STEP][PASSED] - callTestCase(findTestCase(CallTCName), ["FindValue":ComboBoxValue, "DropdownNm":comboNm], STOP_ON_FAILURE): Call Test Case 'Test Cases/PFI Precision and Scale/HashMap Tables/ExternalAgencyLists' successfully

2020-06-09 15:24:35 - [TEST_CASE][PASSED] - Test Cases/PFI Precision and Scale/HashMap Tables/ExternalAgencyLists: Test Cases/PFI Precision and Scale/HashMap Tables/ExternalAgencyLists

2020-06-09 15:24:35 - [TEST_STEP][PASSED] - Thread.sleep(1000): null

2020-06-09 15:24:36 - [TEST_STEP][PASSED] - ExtAgencyTBL = [1:"HDB", 2:"AVA", 3:"CAAS", 4:"DSTA", 5:"EXXONMOBIL", 6:"Embassy", 7:"JTC Cat 1A", 8:"MBS- Marina Bay Sands", 9:"MCYS", 10:"MICA", ... ]: null

2020-06-09 15:24:36 - [TEST_STEP][PASSED] - ValueFound = ExtAgencyTBL.find({ -> ... }): null

2020-06-09 15:24:36 - [MESSAGE][PASSED] - Call Test Case 'Test Cases/PFI Precision and Scale/HashMap Tables/ExternalAgencyLists' successfully

2020-06-09 15:24:36 - [TEST_STEP][PASSED] - OutputFile.append("Search Value: " + ComboBoxValue + " " + "Found Value: " + ValueFound + TimeStamp + "
"): null

2020-06-09 15:24:36 - [TEST_STEP][PASSED] - sendKeys(NewInputNmField, Keys.chord(ARROW_DOWN)): Keys 'DOWN + ' sent to object: 'Object Repository/Objects.HighlightElements/input_field_index'

2020-06-09 15:24:36 - [MESSAGE][PASSED] - Keys 'DOWN + ' sent to object: 'Object Repository/Objects.HighlightElements/input_field_index'

2020-06-09 15:24:36 - [TEST_STEP][PASSED] - sendKeys(NewInputNmField, Keys.chord(ENTER)): Keys 'ENTER + ' sent to object: 'Object Repository/Objects.HighlightElements/input_field_index'

2020-06-09 15:24:36 - [MESSAGE][PASSED] - Keys 'ENTER + ' sent to object: 'Object Repository/Objects.HighlightElements/input_field_index'

2020-06-09 15:24:36 - [MESSAGE][PASSED] - Call Test Case 'Test Cases/PFI Precision and Scale/PFI Components with Indexing/VerifyDropdownValuesXPI' successfully

2020-06-09 15:24:36 - [TEST_STEP][PASSED] - callTestCase(findTestCase("Components/SelectAllThenDeleteXPI"), ["nameToBeUsed":"extAgenciesCmb", "index":1], STOP_ON_FAILURE): Call Test Case 'Test Cases/Components/SelectAllThenDeleteXPI' successfully

2020-06-09 15:24:36 - [TEST_CASE][PASSED] - Test Cases/Components/SelectAllThenDeleteXPI: Test Cases/Components/SelectAllThenDeleteXPI

2020-06-09 15:24:36 - [TEST_STEP][PASSED] - Thread.sleep(1000): null

2020-06-09 15:24:37 - [TEST_STEP][PASSED] - modifiedObj = modifyObjectProperty(findTestObject("Object Repository/Objects.HighlightElements/input_field_index"), "xpath", "equals", "(//*[contains(@name,'" + nameToBeUsed + "')])[" + index + "]", true): Modify property of object successfully

2020-06-09 15:24:37 - [MESSAGE][PASSED] - Modify property of object successfully

2020-06-09 15:24:37 - [TEST_STEP][PASSED] - focus(modifiedObj): Object: 'Object Repository/Objects.HighlightElements/input_field_index' is focused

2020-06-09 15:24:37 - [MESSAGE][PASSED] - Object: 'Object Repository/Objects.HighlightElements/input_field_index' is focused

2020-06-09 15:24:37 - [TEST_STEP][PASSED] - sendKeys(modifiedObj, Keys.chord(CONTROL, "a")): Keys 'CONTROL + a' sent to object: 'Object Repository/Objects.HighlightElements/input_field_index'

2020-06-09 15:24:37 - [MESSAGE][PASSED] - Keys 'CONTROL + a' sent to object: 'Object Repository/Objects.HighlightElements/input_field_index'

2020-06-09 15:24:37 - [TEST_STEP][PASSED] - sendKeys(modifiedObj, Keys.chord(DELETE)): Keys 'DELETE + ' sent to object: 'Object Repository/Objects.HighlightElements/input_field_index'

2020-06-09 15:24:37 - [MESSAGE][PASSED] - Keys 'DELETE + ' sent to object: 'Object Repository/Objects.HighlightElements/input_field_index'

2020-06-09 15:24:37 - [MESSAGE][PASSED] - Call Test Case 'Test Cases/Components/SelectAllThenDeleteXPI' successfully

2020-06-09 15:24:37 - [TEST_STEP][PASSED] - callTestCase(findTestCase("PFI Precision and Scale/PFI Components with Indexing/RequiredFieldValidationXPI"), ["nameToBeUsed":"extAgenciesCmb", "index":1], STOP_ON_FAILURE): Call Test Case 'Test Cases/PFI Precision and Scale/PFI Components with Indexing/RequiredFieldValidationXPI' successfully

2020-06-09 15:24:37 - [TEST_CASE][PASSED] - Test Cases/PFI Precision and Scale/PFI Components with Indexing/RequiredFieldValidationXPI: Test Cases/PFI Precision and Scale/PFI Components with Indexing/RequiredFieldValidationXPI

2020-06-09 15:24:37 - [TEST_STEP][PASSED] - enableSmartWait(): null

2020-06-09 15:24:37 - [TEST_STEP][PASSED] - NewInputNmField = modifyObjectProperty(findTestObject("Objects.HighlightElements/input_field_index"), "xpath", "equals", "(//*[contains(@name,'" + nameToBeUsed + "')])[" + index + "]", true): Modify property of object successfully

2020-06-09 15:24:37 - [MESSAGE][PASSED] - Modify property of object successfully

2020-06-09 15:24:37 - [TEST_STEP][PASSED] - getRqErrMsg = getAttribute(NewInputNmField, "data-errorqtip"): Attribute 'data-errorqtip' of object 'Object Repository/Objects.HighlightElements/input_field_index' is: '<ul class="x-list-plain"><li>This field is required</li></ul>'

2020-06-09 15:24:37 - [MESSAGE][PASSED] - Attribute 'data-errorqtip' of object 'Object Repository/Objects.HighlightElements/input_field_index' is: '<ul class="x-list-plain"><li>This field is required</li></ul>'

2020-06-09 15:24:37 - [TEST_STEP][PASSED] - strToolTip = getRqErrMsg.substring(29, 61): null

2020-06-09 15:24:37 - [TEST_STEP][PASSED] - toolTipReqErrMsg = strToolTip.substring(0, 22): null

2020-06-09 15:24:37 - [TEST_STEP][PASSED] - verifyMatch(toolTipReqErrMsg, RqField, true): Actual text 'This field is required' and expected text 'This field is required' are matched  using regular expression

2020-06-09 15:24:37 - [MESSAGE][PASSED] - Actual text 'This field is required' and expected text 'This field is required' are matched  using regular expression

2020-06-09 15:24:37 - [TEST_STEP][PASSED] - delay(3): Delayed 3 second(s)

2020-06-09 15:24:40 - [MESSAGE][PASSED] - Delayed 3 second(s)

2020-06-09 15:24:40 - [TEST_STEP][PASSED] - mouseOver(NewInputNmField): Object: 'Object Repository/Objects.HighlightElements/input_field_index' is hovered

2020-06-09 15:24:41 - [MESSAGE][PASSED] - Object: 'Object Repository/Objects.HighlightElements/input_field_index' is hovered

2020-06-09 15:24:41 - [MESSAGE][PASSED] - Call Test Case 'Test Cases/PFI Precision and Scale/PFI Components with Indexing/RequiredFieldValidationXPI' successfully

2020-06-09 15:24:41 - [TEST_STEP][NOT_RUN] - callTestCase(findTestCase("Components/Logout"), ["LogoutPageTextToBeVerified":findTestData("ISPS2 Test Data").getValue("HomeBanner", 2)], STOP_ON_FAILURE): NOT_RUN: callTestCase(findTestCase("Components/Logout"), ["LogoutPageTextToBeVerified":findTestData("ISPS2 Test Data").getValue("HomeBanner", 2)], STOP_ON_FAILURE)

2020-06-09 15:24:41 - [MESSAGE][NOT_RUN] - NOT_RUN: callTestCase(findTestCase("Components/Logout"), ["LogoutPageTextToBeVerified":findTestData("ISPS2 Test Data").getValue("HomeBanner", 2)], STOP_ON_FAILURE)]]></system-out>
         <system-err><![CDATA[]]></system-err>
      </testcase>
      <testcase name="Test Cases/PFI Precision and Scale/PFI Test Cases/Process Case (PFI)/PFI.CourtActionsLHS" time="181.055" classname="Test Cases/PFI Precision and Scale/PFI Test Cases/Process Case (PFI)/PFI.CourtActionsLHS" status="PASSED">
         <system-out><![CDATA[2020-06-09 15:24:41 - [TEST_CASE][PASSED] - Test Cases/PFI Precision and Scale/PFI Test Cases/Process Case (PFI)/PFI.CourtActionsLHS: Test Cases/PFI Precision and Scale/PFI Test Cases/Process Case (PFI)/PFI.CourtActionsLHS

2020-06-09 15:24:41 - [TEST_STEP][NOT_RUN] - callTestCase(findTestCase("Components/LoginV2.0"), ["LinkToBeUsed":findTestData("ISPS2 Test Data").getValue("URL", 1), "LoginPageTextToBeVerified":findTestData("ISPS2 Test Data").getValue("HomeBanner", 1), ... ], STOP_ON_FAILURE): NOT_RUN: callTestCase(findTestCase("Components/LoginV2.0"), ["LinkToBeUsed":findTestData("ISPS2 Test Data").getValue("URL", 1), "LoginPageTextToBeVerified":findTestData("ISPS2 Test Data").getValue("HomeBanner", 1), ... ], STOP_ON_FAILURE)

2020-06-09 15:24:41 - [MESSAGE][NOT_RUN] - NOT_RUN: callTestCase(findTestCase("Components/LoginV2.0"), ["LinkToBeUsed":findTestData("ISPS2 Test Data").getValue("URL", 1), "LoginPageTextToBeVerified":findTestData("ISPS2 Test Data").getValue("HomeBanner", 1), ... ], STOP_ON_FAILURE)

2020-06-09 15:24:41 - [TEST_STEP][NOT_RUN] - callTestCase(findTestCase("Components/NavigateToHomepageHeaders"), ["headerText":"My Tasks"], STOP_ON_FAILURE): NOT_RUN: callTestCase(findTestCase("Components/NavigateToHomepageHeaders"), ["headerText":"My Tasks"], STOP_ON_FAILURE)

2020-06-09 15:24:41 - [MESSAGE][NOT_RUN] - NOT_RUN: callTestCase(findTestCase("Components/NavigateToHomepageHeaders"), ["headerText":"My Tasks"], STOP_ON_FAILURE)

2020-06-09 15:24:41 - [TEST_STEP][NOT_RUN] - callTestCase(findTestCase("Components/Filter"), ["taskDescription":"Process Case (SM)"], STOP_ON_FAILURE): NOT_RUN: callTestCase(findTestCase("Components/Filter"), ["taskDescription":"Process Case (SM)"], STOP_ON_FAILURE)

2020-06-09 15:24:41 - [MESSAGE][NOT_RUN] - NOT_RUN: callTestCase(findTestCase("Components/Filter"), ["taskDescription":"Process Case (SM)"], STOP_ON_FAILURE)

2020-06-09 15:24:41 - [TEST_STEP][NOT_RUN] - callTestCase(findTestCase("Components/ClickLinkDependingOnTextAndIndex"), ["linkName":"Process Case (SM)", "index":"3"], STOP_ON_FAILURE): NOT_RUN: callTestCase(findTestCase("Components/ClickLinkDependingOnTextAndIndex"), ["linkName":"Process Case (SM)", "index":"3"], STOP_ON_FAILURE)

2020-06-09 15:24:41 - [MESSAGE][NOT_RUN] - NOT_RUN: callTestCase(findTestCase("Components/ClickLinkDependingOnTextAndIndex"), ["linkName":"Process Case (SM)", "index":"3"], STOP_ON_FAILURE)

2020-06-09 15:24:41 - [TEST_STEP][PASSED] - callTestCase(findTestCase("Components/NavigateToAnyLHS"), ["LHS":"Court Actions"], STOP_ON_FAILURE): Call Test Case 'Test Cases/Components/NavigateToAnyLHS' successfully

2020-06-09 15:24:41 - [TEST_CASE][PASSED] - Test Cases/Components/NavigateToAnyLHS: Test Cases/Components/NavigateToAnyLHS

2020-06-09 15:24:41 - [TEST_STEP][PASSED] - Thread.sleep(1000): null

2020-06-09 15:24:42 - [TEST_STEP][PASSED] - modifiedLHS = modifyObjectProperty(findTestObject("Objects.NavigateToAnyLHS/Page_ISPS2/LHSToModify"), "text", "equals", LHS, true): Modify property of object successfully

2020-06-09 15:24:42 - [MESSAGE][PASSED] - Modify property of object successfully

2020-06-09 15:24:42 - [TEST_STEP][PASSED] - click(modifiedLHS): Object: 'Object Repository/Objects.NavigateToAnyLHS/Page_ISPS2/LHSToModify' is clicked on

2020-06-09 15:24:42 - [MESSAGE][PASSED] - Object: 'Object Repository/Objects.NavigateToAnyLHS/Page_ISPS2/LHSToModify' is clicked on

2020-06-09 15:24:42 - [TEST_STEP][PASSED] - currentLHS = getText(modifiedLHS): Text of object 'Object Repository/Objects.NavigateToAnyLHS/Page_ISPS2/LHSToModify' is: 'Court Actions'

2020-06-09 15:24:42 - [MESSAGE][PASSED] - Text of object 'Object Repository/Objects.NavigateToAnyLHS/Page_ISPS2/LHSToModify' is: 'Court Actions'

2020-06-09 15:24:42 - [TEST_STEP][PASSED] - Thread.sleep(5000): null

2020-06-09 15:24:47 - [MESSAGE][PASSED] - Call Test Case 'Test Cases/Components/NavigateToAnyLHS' successfully

2020-06-09 15:24:47 - [TEST_STEP][PASSED] - callTestCase(findTestCase("Components/VerifyPageSuccessfullyLoaded"), ["HeaderName":"Court Actions"], STOP_ON_FAILURE): Call Test Case 'Test Cases/Components/VerifyPageSuccessfullyLoaded' successfully

2020-06-09 15:24:47 - [TEST_CASE][PASSED] - Test Cases/Components/VerifyPageSuccessfullyLoaded: Test Cases/Components/VerifyPageSuccessfullyLoaded

2020-06-09 15:24:47 - [TEST_STEP][PASSED] - Thread.sleep(3000): null

2020-06-09 15:24:50 - [TEST_STEP][PASSED] - ModifiedHeaderName = modifyObjectProperty(findTestObject("Objects.VerifyPageSuccessfullyLoaded/PageHeader"), "text", "equals", HeaderName, true): Modify property of object successfully

2020-06-09 15:24:50 - [MESSAGE][PASSED] - Modify property of object successfully

2020-06-09 15:24:50 - [TEST_STEP][PASSED] - verifyElementPresent(ModifiedHeaderName, 30): Object 'Object Repository/Objects.VerifyPageSuccessfullyLoaded/PageHeader' is present

2020-06-09 15:24:50 - [MESSAGE][PASSED] - Object 'Object Repository/Objects.VerifyPageSuccessfullyLoaded/PageHeader' is present

2020-06-09 15:24:50 - [TEST_STEP][PASSED] - com.reusableComponents.HighlightElement.run(ModifiedHeaderName): com.reusableComponents.HighlightElement.run is PASSED

2020-06-09 15:24:50 - [MESSAGE][PASSED] - com.reusableComponents.HighlightElement.run is PASSED

2020-06-09 15:24:50 - [MESSAGE][PASSED] - Call Test Case 'Test Cases/Components/VerifyPageSuccessfullyLoaded' successfully

2020-06-09 15:24:50 - [TEST_STEP][PASSED] - callTestCase(findTestCase("Components/HighlightLabelFieldXPI"), ["LblName":"Notice Order No", "index":1], STOP_ON_FAILURE): Call Test Case 'Test Cases/Components/HighlightLabelFieldXPI' successfully

2020-06-09 15:24:51 - [TEST_CASE][PASSED] - Test Cases/Components/HighlightLabelFieldXPI: Test Cases/Components/HighlightLabelFieldXPI

2020-06-09 15:24:51 - [TEST_STEP][PASSED] - Thread.sleep(1000): null

2020-06-09 15:24:52 - [TEST_STEP][PASSED] - modifiedLblNm = modifyObjectProperty(findTestObject("Object Repository/Objects.HighlightElements/lblField_index"), "xpath", "equals", "(//*[contains(@class, 'x-form-item-label-inner x-form-item-label-inner-default') and contains(., '" + LblName + "')])[" + index + "]", true): Modify property of object successfully

2020-06-09 15:24:52 - [MESSAGE][PASSED] - Modify property of object successfully

2020-06-09 15:24:52 - [TEST_STEP][PASSED] - com.reusableComponents.HighlightElement.run(modifiedLblNm): com.reusableComponents.HighlightElement.run is PASSED

2020-06-09 15:24:52 - [MESSAGE][PASSED] - com.reusableComponents.HighlightElement.run is PASSED

2020-06-09 15:24:52 - [MESSAGE][PASSED] - Call Test Case 'Test Cases/Components/HighlightLabelFieldXPI' successfully

2020-06-09 15:24:52 - [TEST_STEP][PASSED] - callTestCase(findTestCase("Components/HighlightInputFieldXPI"), ["FldNm":"courtNo", "index":1], STOP_ON_FAILURE): Call Test Case 'Test Cases/Components/HighlightInputFieldXPI' successfully

2020-06-09 15:24:52 - [TEST_CASE][PASSED] - Test Cases/Components/HighlightInputFieldXPI: Test Cases/Components/HighlightInputFieldXPI

2020-06-09 15:24:52 - [TEST_STEP][PASSED] - Thread.sleep(1000): null

2020-06-09 15:24:53 - [TEST_STEP][PASSED] - modifiedInputNm = modifyObjectProperty(findTestObject("Object Repository/Objects.HighlightElements/input_field_index"), "xpath", "equals", "(//*[contains(@name, '" + FldNm + "')])[" + index + "]", true): Modify property of object successfully

2020-06-09 15:24:53 - [MESSAGE][PASSED] - Modify property of object successfully

2020-06-09 15:24:53 - [TEST_STEP][PASSED] - com.reusableComponents.HighlightElement.run(modifiedInputNm): com.reusableComponents.HighlightElement.run is PASSED

2020-06-09 15:24:54 - [MESSAGE][PASSED] - com.reusableComponents.HighlightElement.run is PASSED

2020-06-09 15:24:54 - [MESSAGE][PASSED] - Call Test Case 'Test Cases/Components/HighlightInputFieldXPI' successfully

2020-06-09 15:24:54 - [TEST_STEP][PASSED] - callTestCase(findTestCase("PFI Precision and Scale/PFI Components with Indexing/VerifyDefaultValueIndex"), ["FieldNm":"courtNo", "index":1], STOP_ON_FAILURE): Call Test Case 'Test Cases/PFI Precision and Scale/PFI Components with Indexing/VerifyDefaultValueIndex' successfully

2020-06-09 15:24:54 - [TEST_CASE][PASSED] - Test Cases/PFI Precision and Scale/PFI Components with Indexing/VerifyDefaultValueIndex: Test Cases/PFI Precision and Scale/PFI Components with Indexing/VerifyDefaultValueIndex

2020-06-09 15:24:54 - [TEST_STEP][PASSED] - Thread.sleep(1000): null

2020-06-09 15:24:55 - [TEST_STEP][PASSED] - DefaultValueHM = ["periodType":"Working Day(s)", "noOfDays":"14", "inspWeight":"1", "inspModule":"PSI", "inspCaseType":"PSI Processing (SM)"]: null

2020-06-09 15:24:55 - [TEST_STEP][PASSED] - NewFieldNm = modifyObjectProperty(findTestObject("Object Repository/Objects.HighlightElements/input_field_index"), "xpath", "equals", "(//*[contains(@name,'" + FieldNm + "')])[" + index + "]", true): Modify property of object successfully

2020-06-09 15:24:55 - [MESSAGE][PASSED] - Modify property of object successfully

2020-06-09 15:24:55 - [TEST_STEP][PASSED] - focus(NewFieldNm): Object: 'Object Repository/Objects.HighlightElements/input_field_index' is focused

2020-06-09 15:24:55 - [MESSAGE][PASSED] - Object: 'Object Repository/Objects.HighlightElements/input_field_index' is focused

2020-06-09 15:24:55 - [TEST_STEP][PASSED] - DefVal = getAttribute(NewFieldNm, "value", STOP_ON_FAILURE): Attribute 'value' of object 'Object Repository/Objects.HighlightElements/input_field_index' is: 'SM 2020/02/3981'

2020-06-09 15:24:55 - [MESSAGE][PASSED] - Attribute 'value' of object 'Object Repository/Objects.HighlightElements/input_field_index' is: 'SM 2020/02/3981'

2020-06-09 15:24:55 - [TEST_STEP][PASSED] - switch (FieldNm): null

2020-06-09 15:24:55 - [TEST_STEP][PASSED] - case "courtNo":: null

2020-06-09 15:24:55 - [TEST_STEP][PASSED] - getCaseRef = getText(findTestObject("Objects.VerifyCourtActionsPrecisionAndScale/Page_ISPS2/div_Case Ref No")): Text of object 'Object Repository/Objects.VerifyCourtActionsPrecisionAndScale/Page_ISPS2/div_Case Ref No' is: '(Case Ref. No.: SM 2020/02/3981 | Submission No.: ES20200303-00005)'

2020-06-09 15:24:55 - [MESSAGE][PASSED] - Text of object 'Object Repository/Objects.VerifyCourtActionsPrecisionAndScale/Page_ISPS2/div_Case Ref No' is: '(Case Ref. No.: SM 2020/02/3981 | Submission No.: ES20200303-00005)'

2020-06-09 15:24:55 - [TEST_STEP][PASSED] - lengthSubmNo = getCaseRef.length() - 36: null

2020-06-09 15:24:55 - [TEST_STEP][PASSED] - lengthCaseRef = getCaseRef.length() - 16: null

2020-06-09 15:24:55 - [TEST_STEP][PASSED] - RemoveSubmissionNo = getCaseRef.substring(0, lengthCaseRef): null

2020-06-09 15:24:55 - [TEST_STEP][PASSED] - SMCaseRef = getCaseRef.substring(16, lengthSubmNo): null

2020-06-09 15:24:55 - [TEST_STEP][PASSED] - verifyMatch(DefVal, SMCaseRef, true, STOP_ON_FAILURE): Actual text 'SM 2020/02/3981' and expected text 'SM 2020/02/3981' are matched  using regular expression

2020-06-09 15:24:55 - [MESSAGE][PASSED] - Actual text 'SM 2020/02/3981' and expected text 'SM 2020/02/3981' are matched  using regular expression

2020-06-09 15:24:55 - [TEST_STEP][PASSED] - break: null

2020-06-09 15:24:55 - [MESSAGE][PASSED] - Call Test Case 'Test Cases/PFI Precision and Scale/PFI Components with Indexing/VerifyDefaultValueIndex' successfully

2020-06-09 15:24:55 - [TEST_STEP][PASSED] - callTestCase(findTestCase("Components/SelectAllThenDeleteXPI"), ["nameToBeUsed":"courtNo", "index":1], STOP_ON_FAILURE): Call Test Case 'Test Cases/Components/SelectAllThenDeleteXPI' successfully

2020-06-09 15:24:55 - [TEST_CASE][PASSED] - Test Cases/Components/SelectAllThenDeleteXPI: Test Cases/Components/SelectAllThenDeleteXPI

2020-06-09 15:24:55 - [TEST_STEP][PASSED] - Thread.sleep(1000): null

2020-06-09 15:24:56 - [TEST_STEP][PASSED] - modifiedObj = modifyObjectProperty(findTestObject("Object Repository/Objects.HighlightElements/input_field_index"), "xpath", "equals", "(//*[contains(@name,'" + nameToBeUsed + "')])[" + index + "]", true): Modify property of object successfully

2020-06-09 15:24:56 - [MESSAGE][PASSED] - Modify property of object successfully

2020-06-09 15:24:56 - [TEST_STEP][PASSED] - focus(modifiedObj): Object: 'Object Repository/Objects.HighlightElements/input_field_index' is focused

2020-06-09 15:24:56 - [MESSAGE][PASSED] - Object: 'Object Repository/Objects.HighlightElements/input_field_index' is focused

2020-06-09 15:24:56 - [TEST_STEP][PASSED] - sendKeys(modifiedObj, Keys.chord(CONTROL, "a")): Keys 'CONTROL + a' sent to object: 'Object Repository/Objects.HighlightElements/input_field_index'

2020-06-09 15:24:56 - [MESSAGE][PASSED] - Keys 'CONTROL + a' sent to object: 'Object Repository/Objects.HighlightElements/input_field_index'

2020-06-09 15:24:56 - [TEST_STEP][PASSED] - sendKeys(modifiedObj, Keys.chord(DELETE)): Keys 'DELETE + ' sent to object: 'Object Repository/Objects.HighlightElements/input_field_index'

2020-06-09 15:24:56 - [MESSAGE][PASSED] - Keys 'DELETE + ' sent to object: 'Object Repository/Objects.HighlightElements/input_field_index'

2020-06-09 15:24:56 - [MESSAGE][PASSED] - Call Test Case 'Test Cases/Components/SelectAllThenDeleteXPI' successfully

2020-06-09 15:24:56 - [TEST_STEP][PASSED] - callTestCase(findTestCase("PFI Precision and Scale/PFI Components with Indexing/AlphaNumericSpecialValidationIndex"), ["FldNm":"courtNo", "LenChar":10, "index":1], STOP_ON_FAILURE): Call Test Case 'Test Cases/PFI Precision and Scale/PFI Components with Indexing/AlphaNumericSpecialValidationIndex' successfully

2020-06-09 15:24:56 - [TEST_CASE][PASSED] - Test Cases/PFI Precision and Scale/PFI Components with Indexing/AlphaNumericSpecialValidationIndex: Test Cases/PFI Precision and Scale/PFI Components with Indexing/AlphaNumericSpecialValidationIndex

2020-06-09 15:24:56 - [TEST_STEP][PASSED] - charset = /?><"".join(): null

2020-06-09 15:24:56 - [TEST_STEP][PASSED] - AlphaNumeric = 9).join(): null

2020-06-09 15:24:56 - [TEST_STEP][PASSED] - SpecialChar = "`~!@#$%^&*()-=+_{}|\][;'":,./?><"": null

2020-06-09 15:24:56 - [TEST_STEP][PASSED] - RandomString = RandomStringUtils.random(LenChar, AlphaNumeric.toCharArray()): null

2020-06-09 15:24:56 - [TEST_STEP][PASSED] - RdmSpChar = RandomStringUtils.random(LenChar, SpecialChar): null

2020-06-09 15:24:56 - [TEST_STEP][PASSED] - regexPat = Pattern.compile("^[A-Za-z0-9 ]+$"): null

2020-06-09 15:24:56 - [TEST_STEP][PASSED] - NewInputNmField = modifyObjectProperty(findTestObject("Object Repository/Objects.HighlightElements/input_field_index"), "xpath", "equals", "(//*[contains(@class,'x-form-text') and (@name='" + FldNm + "')])[" + index + "]", true): Modify property of object successfully

2020-06-09 15:24:56 - [MESSAGE][PASSED] - Modify property of object successfully

2020-06-09 15:24:56 - [TEST_STEP][PASSED] - setText(NewInputNmField, RandomString): Text 'L1P1stApHz' is set on object 'Object Repository/Objects.HighlightElements/input_field_index'

2020-06-09 15:24:56 - [MESSAGE][PASSED] - Text 'L1P1stApHz' is set on object 'Object Repository/Objects.HighlightElements/input_field_index'

2020-06-09 15:24:56 - [TEST_STEP][PASSED] - RemarksAN = getAttribute(NewInputNmField, "value"): Attribute 'value' of object 'Object Repository/Objects.HighlightElements/input_field_index' is: 'L1P1stApHz'

2020-06-09 15:24:56 - [MESSAGE][PASSED] - Attribute 'value' of object 'Object Repository/Objects.HighlightElements/input_field_index' is: 'L1P1stApHz'

2020-06-09 15:24:56 - [TEST_STEP][PASSED] - matchStr = regexPat.matcher(RemarksAN): null

2020-06-09 15:24:56 - [TEST_STEP][PASSED] - if (matchStr.matches() == true): Accepting Alphanumeric

2020-06-09 15:24:56 - [TEST_STEP][PASSED] - comment("Accepting Alphanumeric"): Accepting Alphanumeric

2020-06-09 15:24:56 - [MESSAGE][INFO] - Accepting Alphanumeric

2020-06-09 15:24:56 - [TEST_STEP][PASSED] - setText(NewInputNmField, RdmSpChar): Text '=_@/)+^&&@' is set on object 'Object Repository/Objects.HighlightElements/input_field_index'

2020-06-09 15:24:57 - [MESSAGE][PASSED] - Text '=_@/)+^&&@' is set on object 'Object Repository/Objects.HighlightElements/input_field_index'

2020-06-09 15:24:57 - [TEST_STEP][PASSED] - RemarksSpChar = getAttribute(NewInputNmField, "value"): Attribute 'value' of object 'Object Repository/Objects.HighlightElements/input_field_index' is: '=_@/)+^&&@'

2020-06-09 15:24:57 - [MESSAGE][PASSED] - Attribute 'value' of object 'Object Repository/Objects.HighlightElements/input_field_index' is: '=_@/)+^&&@'

2020-06-09 15:24:57 - [TEST_STEP][PASSED] - matchSp = regexPat.matcher(RemarksSpChar): null

2020-06-09 15:24:57 - [TEST_STEP][PASSED] - if (matchSp.matches() == false): Accepting Special Characters

2020-06-09 15:24:57 - [TEST_STEP][PASSED] - comment("Accepting Special Characters"): Accepting Special Characters

2020-06-09 15:24:57 - [MESSAGE][INFO] - Accepting Special Characters

2020-06-09 15:24:57 - [MESSAGE][PASSED] - Call Test Case 'Test Cases/PFI Precision and Scale/PFI Components with Indexing/AlphaNumericSpecialValidationIndex' successfully

2020-06-09 15:24:57 - [TEST_STEP][PASSED] - callTestCase(findTestCase("PFI Precision and Scale/PFI Components with Indexing/MaxCharLengthIndexValidation"), ["FieldNm":"courtNo", "index":1, "MaxCharLen":25], STOP_ON_FAILURE): Call Test Case 'Test Cases/PFI Precision and Scale/PFI Components with Indexing/MaxCharLengthIndexValidation' successfully

2020-06-09 15:24:57 - [TEST_CASE][PASSED] - Test Cases/PFI Precision and Scale/PFI Components with Indexing/MaxCharLengthIndexValidation: Test Cases/PFI Precision and Scale/PFI Components with Indexing/MaxCharLengthIndexValidation

2020-06-09 15:24:57 - [TEST_STEP][PASSED] - Thread.sleep(1000): null

2020-06-09 15:24:58 - [TEST_STEP][PASSED] - CharLengthTBL = ["aoNotes":4000, "notes":4000, "hseBlkNo":10, "buildingName":100, "unformattedAddress":4000, "courtNo":20, "caseGrpDesc":4000, ... ]: null

2020-06-09 15:24:58 - [TEST_STEP][PASSED] - charset = /?><"".join(): null

2020-06-09 15:24:58 - [TEST_STEP][PASSED] - RandomStringVal = RandomStringUtils.random(MaxCharLen, charset.toCharArray()): null

2020-06-09 15:24:58 - [TEST_STEP][PASSED] - NewInputNmField = modifyObjectProperty(findTestObject("Object Repository/Objects.HighlightElements/input_field_index"), "xpath", "equals", "(//*[contains(@class,'x-form-text') and (@name='" + FieldNm + "')])[" + index + "]", true): Modify property of object successfully

2020-06-09 15:24:58 - [MESSAGE][PASSED] - Modify property of object successfully

2020-06-09 15:24:58 - [TEST_STEP][PASSED] - setText(NewInputNmField, RandomStringVal): Text ',+;gt.G"C?"*&\!zR29Yry&?!' is set on object 'Object Repository/Objects.HighlightElements/input_field_index'

2020-06-09 15:24:58 - [MESSAGE][PASSED] - Text ',+;gt.G"C?"*&\!zR29Yry&?!' is set on object 'Object Repository/Objects.HighlightElements/input_field_index'

2020-06-09 15:24:58 - [TEST_STEP][PASSED] - GetInputValue = getAttribute(NewInputNmField, "value", STOP_ON_FAILURE): Attribute 'value' of object 'Object Repository/Objects.HighlightElements/input_field_index' is: ',+;gt.G"C?"*&\!zR29Y'

2020-06-09 15:24:58 - [MESSAGE][PASSED] - Attribute 'value' of object 'Object Repository/Objects.HighlightElements/input_field_index' is: ',+;gt.G"C?"*&\!zR29Y'

2020-06-09 15:24:58 - [TEST_STEP][PASSED] - GetLenChar = GetInputValue.length(): null

2020-06-09 15:24:58 - [TEST_STEP][PASSED] - MaxLength = CharLengthTBL.get(FieldNm): null

2020-06-09 15:24:58 - [TEST_STEP][PASSED] - if (MaxLength != null): Actual object '20' and expected object '20' are equal

2020-06-09 15:24:58 - [TEST_STEP][PASSED] - verifyEqual(GetLenChar, MaxLength): Actual object '20' and expected object '20' are equal

2020-06-09 15:24:58 - [MESSAGE][PASSED] - Actual object '20' and expected object '20' are equal

2020-06-09 15:24:58 - [MESSAGE][PASSED] - Call Test Case 'Test Cases/PFI Precision and Scale/PFI Components with Indexing/MaxCharLengthIndexValidation' successfully

2020-06-09 15:24:58 - [TEST_STEP][PASSED] - callTestCase(findTestCase("Components/SelectAllThenDeleteXPI"), ["nameToBeUsed":"courtNo", "index":1], STOP_ON_FAILURE): Call Test Case 'Test Cases/Components/SelectAllThenDeleteXPI' successfully

2020-06-09 15:24:58 - [TEST_CASE][PASSED] - Test Cases/Components/SelectAllThenDeleteXPI: Test Cases/Components/SelectAllThenDeleteXPI

2020-06-09 15:24:58 - [TEST_STEP][PASSED] - Thread.sleep(1000): null

2020-06-09 15:24:59 - [TEST_STEP][PASSED] - modifiedObj = modifyObjectProperty(findTestObject("Object Repository/Objects.HighlightElements/input_field_index"), "xpath", "equals", "(//*[contains(@name,'" + nameToBeUsed + "')])[" + index + "]", true): Modify property of object successfully

2020-06-09 15:24:59 - [MESSAGE][PASSED] - Modify property of object successfully

2020-06-09 15:24:59 - [TEST_STEP][PASSED] - focus(modifiedObj): Object: 'Object Repository/Objects.HighlightElements/input_field_index' is focused

2020-06-09 15:24:59 - [MESSAGE][PASSED] - Object: 'Object Repository/Objects.HighlightElements/input_field_index' is focused

2020-06-09 15:24:59 - [TEST_STEP][PASSED] - sendKeys(modifiedObj, Keys.chord(CONTROL, "a")): Keys 'CONTROL + a' sent to object: 'Object Repository/Objects.HighlightElements/input_field_index'

2020-06-09 15:24:59 - [MESSAGE][PASSED] - Keys 'CONTROL + a' sent to object: 'Object Repository/Objects.HighlightElements/input_field_index'

2020-06-09 15:24:59 - [TEST_STEP][PASSED] - sendKeys(modifiedObj, Keys.chord(DELETE)): Keys 'DELETE + ' sent to object: 'Object Repository/Objects.HighlightElements/input_field_index'

2020-06-09 15:24:59 - [MESSAGE][PASSED] - Keys 'DELETE + ' sent to object: 'Object Repository/Objects.HighlightElements/input_field_index'

2020-06-09 15:24:59 - [MESSAGE][PASSED] - Call Test Case 'Test Cases/Components/SelectAllThenDeleteXPI' successfully

2020-06-09 15:24:59 - [TEST_STEP][PASSED] - callTestCase(findTestCase("PFI Precision and Scale/PFI Components with Indexing/RequiredFieldValidationXPI"), ["nameToBeUsed":"courtNo", "index":1], STOP_ON_FAILURE): Call Test Case 'Test Cases/PFI Precision and Scale/PFI Components with Indexing/RequiredFieldValidationXPI' successfully

2020-06-09 15:25:00 - [TEST_CASE][PASSED] - Test Cases/PFI Precision and Scale/PFI Components with Indexing/RequiredFieldValidationXPI: Test Cases/PFI Precision and Scale/PFI Components with Indexing/RequiredFieldValidationXPI

2020-06-09 15:25:00 - [TEST_STEP][PASSED] - enableSmartWait(): null

2020-06-09 15:25:00 - [TEST_STEP][PASSED] - NewInputNmField = modifyObjectProperty(findTestObject("Objects.HighlightElements/input_field_index"), "xpath", "equals", "(//*[contains(@name,'" + nameToBeUsed + "')])[" + index + "]", true): Modify property of object successfully

2020-06-09 15:25:00 - [MESSAGE][PASSED] - Modify property of object successfully

2020-06-09 15:25:00 - [TEST_STEP][PASSED] - getRqErrMsg = getAttribute(NewInputNmField, "data-errorqtip"): Attribute 'data-errorqtip' of object 'Object Repository/Objects.HighlightElements/input_field_index' is: '<ul class="x-list-plain"><li>This field is required</li></ul>'

2020-06-09 15:25:00 - [MESSAGE][PASSED] - Attribute 'data-errorqtip' of object 'Object Repository/Objects.HighlightElements/input_field_index' is: '<ul class="x-list-plain"><li>This field is required</li></ul>'

2020-06-09 15:25:00 - [TEST_STEP][PASSED] - strToolTip = getRqErrMsg.substring(29, 61): null

2020-06-09 15:25:00 - [TEST_STEP][PASSED] - toolTipReqErrMsg = strToolTip.substring(0, 22): null

2020-06-09 15:25:00 - [TEST_STEP][PASSED] - verifyMatch(toolTipReqErrMsg, RqField, true): Actual text 'This field is required' and expected text 'This field is required' are matched  using regular expression

2020-06-09 15:25:00 - [MESSAGE][PASSED] - Actual text 'This field is required' and expected text 'This field is required' are matched  using regular expression

2020-06-09 15:25:00 - [TEST_STEP][PASSED] - delay(3): Delayed 3 second(s)

2020-06-09 15:25:03 - [MESSAGE][PASSED] - Delayed 3 second(s)

2020-06-09 15:25:03 - [TEST_STEP][PASSED] - mouseOver(NewInputNmField): Object: 'Object Repository/Objects.HighlightElements/input_field_index' is hovered

2020-06-09 15:25:03 - [MESSAGE][PASSED] - Object: 'Object Repository/Objects.HighlightElements/input_field_index' is hovered

2020-06-09 15:25:03 - [MESSAGE][PASSED] - Call Test Case 'Test Cases/PFI Precision and Scale/PFI Components with Indexing/RequiredFieldValidationXPI' successfully

2020-06-09 15:25:03 - [TEST_STEP][PASSED] - callTestCase(findTestCase("Components/HighlightLabelFieldXPI"), ["LblName":"Notice/Order Date", "index":1], STOP_ON_FAILURE): Call Test Case 'Test Cases/Components/HighlightLabelFieldXPI' successfully

2020-06-09 15:25:03 - [TEST_CASE][PASSED] - Test Cases/Components/HighlightLabelFieldXPI: Test Cases/Components/HighlightLabelFieldXPI

2020-06-09 15:25:03 - [TEST_STEP][PASSED] - Thread.sleep(1000): null

2020-06-09 15:25:04 - [TEST_STEP][PASSED] - modifiedLblNm = modifyObjectProperty(findTestObject("Object Repository/Objects.HighlightElements/lblField_index"), "xpath", "equals", "(//*[contains(@class, 'x-form-item-label-inner x-form-item-label-inner-default') and contains(., '" + LblName + "')])[" + index + "]", true): Modify property of object successfully

2020-06-09 15:25:04 - [MESSAGE][PASSED] - Modify property of object successfully

2020-06-09 15:25:04 - [TEST_STEP][PASSED] - com.reusableComponents.HighlightElement.run(modifiedLblNm): com.reusableComponents.HighlightElement.run is PASSED

2020-06-09 15:25:04 - [MESSAGE][PASSED] - com.reusableComponents.HighlightElement.run is PASSED

2020-06-09 15:25:04 - [MESSAGE][PASSED] - Call Test Case 'Test Cases/Components/HighlightLabelFieldXPI' successfully

2020-06-09 15:25:04 - [TEST_STEP][PASSED] - callTestCase(findTestCase("Components/HighlightInputFieldXPI"), ["FldNm":"orderDt", "index":1], STOP_ON_FAILURE): Call Test Case 'Test Cases/Components/HighlightInputFieldXPI' successfully

2020-06-09 15:25:04 - [TEST_CASE][PASSED] - Test Cases/Components/HighlightInputFieldXPI: Test Cases/Components/HighlightInputFieldXPI

2020-06-09 15:25:04 - [TEST_STEP][PASSED] - Thread.sleep(1000): null

2020-06-09 15:25:05 - [TEST_STEP][PASSED] - modifiedInputNm = modifyObjectProperty(findTestObject("Object Repository/Objects.HighlightElements/input_field_index"), "xpath", "equals", "(//*[contains(@name, '" + FldNm + "')])[" + index + "]", true): Modify property of object successfully

2020-06-09 15:25:05 - [MESSAGE][PASSED] - Modify property of object successfully

2020-06-09 15:25:05 - [TEST_STEP][PASSED] - com.reusableComponents.HighlightElement.run(modifiedInputNm): com.reusableComponents.HighlightElement.run is PASSED

2020-06-09 15:25:06 - [MESSAGE][PASSED] - com.reusableComponents.HighlightElement.run is PASSED

2020-06-09 15:25:06 - [MESSAGE][PASSED] - Call Test Case 'Test Cases/Components/HighlightInputFieldXPI' successfully

2020-06-09 15:25:06 - [TEST_STEP][PASSED] - callTestCase(findTestCase("PFI Precision and Scale/PFI Components with Indexing/NumericTextboxValidationIndex"), ["nameToBeUsed":"orderDt", "index":1, "minLen":12], STOP_ON_FAILURE): Call Test Case 'Test Cases/PFI Precision and Scale/PFI Components with Indexing/NumericTextboxValidationIndex' successfully

2020-06-09 15:25:06 - [TEST_CASE][PASSED] - Test Cases/PFI Precision and Scale/PFI Components with Indexing/NumericTextboxValidationIndex: Test Cases/PFI Precision and Scale/PFI Components with Indexing/NumericTextboxValidationIndex

2020-06-09 15:25:06 - [TEST_STEP][PASSED] - Thread.sleep(1000): null

2020-06-09 15:25:07 - [TEST_STEP][PASSED] - Numeric = "0123456789": null

2020-06-09 15:25:07 - [TEST_STEP][PASSED] - AlphaSpecialChar = z) + "`~!@#$%^&*()=_{}|\][;'":,?><"".join(): null

2020-06-09 15:25:07 - [TEST_STEP][PASSED] - RandomNumeric = RandomStringUtils.random(minLen, Numeric.toCharArray()): null

2020-06-09 15:25:07 - [TEST_STEP][PASSED] - RandomString = RandomStringUtils.random(minLen, AlphaSpecialChar): null

2020-06-09 15:25:07 - [TEST_STEP][PASSED] - regexPat = Pattern.compile("^[0-9]+$"): null

2020-06-09 15:25:07 - [TEST_STEP][PASSED] - NewInputNmField = modifyObjectProperty(findTestObject("Object Repository/Objects.HighlightElements/input_field_index"), "xpath", "equals", "(//*[contains(@class,'x-form-text') and (@name='" + nameToBeUsed + "')])[" + index + "]", true): Modify property of object successfully

2020-06-09 15:25:07 - [MESSAGE][PASSED] - Modify property of object successfully

2020-06-09 15:25:07 - [TEST_STEP][PASSED] - focus(NewInputNmField): Object: 'Object Repository/Objects.HighlightElements/input_field_index' is focused

2020-06-09 15:25:07 - [MESSAGE][PASSED] - Object: 'Object Repository/Objects.HighlightElements/input_field_index' is focused

2020-06-09 15:25:07 - [TEST_STEP][PASSED] - setText(NewInputNmField, RandomString): Text '@RB>"(~u%$Hp' is set on object 'Object Repository/Objects.HighlightElements/input_field_index'

2020-06-09 15:25:07 - [MESSAGE][PASSED] - Text '@RB>"(~u%$Hp' is set on object 'Object Repository/Objects.HighlightElements/input_field_index'

2020-06-09 15:25:07 - [TEST_STEP][PASSED] - GetInputVal = getAttribute(NewInputNmField, "value"): Attribute 'value' of object 'Object Repository/Objects.HighlightElements/input_field_index' is: ''

2020-06-09 15:25:07 - [MESSAGE][PASSED] - Attribute 'value' of object 'Object Repository/Objects.HighlightElements/input_field_index' is: ''

2020-06-09 15:25:07 - [TEST_STEP][PASSED] - if (GetInputVal.contains("e")): null

2020-06-09 15:25:07 - [TEST_STEP][PASSED] - else: Actual text '' and expected text '' are matched  using regular expression

2020-06-09 15:25:07 - [TEST_STEP][PASSED] - verifyMatch(GetInputVal, "", true): Actual text '' and expected text '' are matched  using regular expression

2020-06-09 15:25:07 - [MESSAGE][PASSED] - Actual text '' and expected text '' are matched  using regular expression

2020-06-09 15:25:07 - [TEST_STEP][PASSED] - setText(NewInputNmField, RandomNumeric): Text '770321972389' is set on object 'Object Repository/Objects.HighlightElements/input_field_index'

2020-06-09 15:25:08 - [MESSAGE][PASSED] - Text '770321972389' is set on object 'Object Repository/Objects.HighlightElements/input_field_index'

2020-06-09 15:25:08 - [TEST_STEP][PASSED] - GetEnteredIntegers = getAttribute(NewInputNmField, "value"): Attribute 'value' of object 'Object Repository/Objects.HighlightElements/input_field_index' is: '770321972389'

2020-06-09 15:25:08 - [MESSAGE][PASSED] - Attribute 'value' of object 'Object Repository/Objects.HighlightElements/input_field_index' is: '770321972389'

2020-06-09 15:25:08 - [TEST_STEP][PASSED] - matchStr = regexPat.matcher(GetEnteredIntegers): null

2020-06-09 15:25:08 - [TEST_STEP][PASSED] - if (matchStr.matches() == true): Accepting Numeric

2020-06-09 15:25:08 - [TEST_STEP][PASSED] - comment("Accepting Numeric"): Accepting Numeric

2020-06-09 15:25:08 - [MESSAGE][INFO] - Accepting Numeric

2020-06-09 15:25:08 - [MESSAGE][PASSED] - Call Test Case 'Test Cases/PFI Precision and Scale/PFI Components with Indexing/NumericTextboxValidationIndex' successfully

2020-06-09 15:25:08 - [TEST_STEP][PASSED] - callTestCase(findTestCase("PFI Precision and Scale/PFI Components with Indexing/InvalidDateErrorValidationIndex"), ["FldNm":"orderDt", "index":1], STOP_ON_FAILURE): Call Test Case 'Test Cases/PFI Precision and Scale/PFI Components with Indexing/InvalidDateErrorValidationIndex' successfully

2020-06-09 15:25:08 - [TEST_CASE][PASSED] - Test Cases/PFI Precision and Scale/PFI Components with Indexing/InvalidDateErrorValidationIndex: Test Cases/PFI Precision and Scale/PFI Components with Indexing/InvalidDateErrorValidationIndex

2020-06-09 15:25:08 - [TEST_STEP][PASSED] - Thread.sleep(1000): null

2020-06-09 15:25:09 - [TEST_STEP][PASSED] - DateFieldNm = modifyObjectProperty(findTestObject("Object Repository/Objects.HighlightElements/input_field_index"), "xpath", "equals", "(//*[contains(@class,'x-form-text') and (@name='" + FldNm + "')])[" + index + "]", true): Modify property of object successfully

2020-06-09 15:25:09 - [MESSAGE][PASSED] - Modify property of object successfully

2020-06-09 15:25:09 - [TEST_STEP][PASSED] - focus(DateFieldNm): Object: 'Object Repository/Objects.HighlightElements/input_field_index' is focused

2020-06-09 15:25:09 - [MESSAGE][PASSED] - Object: 'Object Repository/Objects.HighlightElements/input_field_index' is focused

2020-06-09 15:25:09 - [TEST_STEP][PASSED] - getInputInvalidDate = getAttribute(DateFieldNm, "value"): Attribute 'value' of object 'Object Repository/Objects.HighlightElements/input_field_index' is: '770321972389'

2020-06-09 15:25:09 - [MESSAGE][PASSED] - Attribute 'value' of object 'Object Repository/Objects.HighlightElements/input_field_index' is: '770321972389'

2020-06-09 15:25:09 - [TEST_STEP][PASSED] - mouseOver(DateFieldNm): Object: 'Object Repository/Objects.HighlightElements/input_field_index' is hovered

2020-06-09 15:25:09 - [MESSAGE][PASSED] - Object: 'Object Repository/Objects.HighlightElements/input_field_index' is hovered

2020-06-09 15:25:09 - [TEST_STEP][PASSED] - getErrMsg = getAttribute(DateFieldNm, "data-errorqtip"): Attribute 'data-errorqtip' of object 'Object Repository/Objects.HighlightElements/input_field_index' is: '<ul class="x-list-plain"><li>770321972389 is not a valid date - it must be in the format d/m/Y</li></ul>'

2020-06-09 15:25:09 - [MESSAGE][PASSED] - Attribute 'data-errorqtip' of object 'Object Repository/Objects.HighlightElements/input_field_index' is: '<ul class="x-list-plain"><li>770321972389 is not a valid date - it must be in the format d/m/Y</li></ul>'

2020-06-09 15:25:09 - [TEST_STEP][PASSED] - getTotalLength = getErrMsg.length(): null

2020-06-09 15:25:09 - [TEST_STEP][PASSED] - RemoveULClass = getErrMsg.substring(29, getTotalLength): null

2020-06-09 15:25:09 - [TEST_STEP][PASSED] - LengthNoUlClass = RemoveULClass.length() - 10: null

2020-06-09 15:25:09 - [TEST_STEP][PASSED] - ToolTipInvErrMsg = RemoveULClass.substring(0, LengthNoUlClass): null

2020-06-09 15:25:09 - [TEST_STEP][PASSED] - ExpectedInvalidErrMsg = concatenate(getInputInvalidDate, " ", NotValidDt): Concatenated string array: '['770321972389',' ','is not a valid date - it must be in the format d/m/Y']' into '770321972389 is not a valid date - it must be in the format d/m/Y'

2020-06-09 15:25:09 - [MESSAGE][PASSED] - Concatenated string array: '['770321972389',' ','is not a valid date - it must be in the format d/m/Y']' into '770321972389 is not a valid date - it must be in the format d/m/Y'

2020-06-09 15:25:09 - [TEST_STEP][PASSED] - verifyMatch(ToolTipInvErrMsg, ExpectedInvalidErrMsg, true): Actual text '770321972389 is not a valid date - it must be in the format d/m/Y' and expected text '770321972389 is not a valid date - it must be in the format d/m/Y' are matched  using regular expression

2020-06-09 15:25:09 - [MESSAGE][PASSED] - Actual text '770321972389 is not a valid date - it must be in the format d/m/Y' and expected text '770321972389 is not a valid date - it must be in the format d/m/Y' are matched  using regular expression

2020-06-09 15:25:09 - [MESSAGE][PASSED] - Call Test Case 'Test Cases/PFI Precision and Scale/PFI Components with Indexing/InvalidDateErrorValidationIndex' successfully

2020-06-09 15:25:09 - [TEST_STEP][PASSED] - callTestCase(findTestCase("PFI Precision and Scale/PFI Components with Indexing/SelectDayInDatePickerWithIndexII"), ["FldNm":"orderDt", "SelectCurrentDay":11, "index":17, "idx":1], STOP_ON_FAILURE): Call Test Case 'Test Cases/PFI Precision and Scale/PFI Components with Indexing/SelectDayInDatePickerWithIndexII' successfully

2020-06-09 15:25:09 - [TEST_CASE][PASSED] - Test Cases/PFI Precision and Scale/PFI Components with Indexing/SelectDayInDatePickerWithIndexII: Test Cases/PFI Precision and Scale/PFI Components with Indexing/SelectDayInDatePickerWithIndexII

2020-06-09 15:25:09 - [TEST_STEP][PASSED] - Thread.sleep(1000): null

2020-06-09 15:25:10 - [TEST_STEP][PASSED] - DateInputFld = modifyObjectProperty(findTestObject("Objects.HighlightElements/input_field_index"), "xpath", "equals", "(//*[contains(@class,'x-form-text') and (@name='" + FldNm + "')])[" + idx + "]", true): Modify property of object successfully

2020-06-09 15:25:10 - [MESSAGE][PASSED] - Modify property of object successfully

2020-06-09 15:25:10 - [TEST_STEP][PASSED] - ModifiedDay = modifyObjectProperty(findTestObject("Objects.DateValidation/Page_ISPS2/Select_Day_Index"), "xpath", "equals", "(//*[contains(@class, 'x-datepicker-date') and (text() = '" + SelectCurrentDay + "')])[" + index + "]", true): Modify property of object successfully

2020-06-09 15:25:10 - [MESSAGE][PASSED] - Modify property of object successfully

2020-06-09 15:25:10 - [TEST_STEP][PASSED] - sendKeys(DateInputFld, Keys.chord(ARROW_DOWN)): Keys 'DOWN + ' sent to object: 'Object Repository/Objects.HighlightElements/input_field_index'

2020-06-09 15:25:10 - [MESSAGE][PASSED] - Keys 'DOWN + ' sent to object: 'Object Repository/Objects.HighlightElements/input_field_index'

2020-06-09 15:25:10 - [TEST_STEP][PASSED] - com.reusableComponents.HighlightElement.run(ModifiedDay): com.reusableComponents.HighlightElement.run is PASSED

2020-06-09 15:25:11 - [MESSAGE][PASSED] - com.reusableComponents.HighlightElement.run is PASSED

2020-06-09 15:25:11 - [TEST_STEP][PASSED] - delay(1): Delayed 1 second(s)

2020-06-09 15:25:12 - [MESSAGE][PASSED] - Delayed 1 second(s)

2020-06-09 15:25:12 - [TEST_STEP][PASSED] - click(ModifiedDay): Object: 'Object Repository/Objects.DateValidation/Page_ISPS2/Select_Day_Index' is clicked on

2020-06-09 15:25:12 - [MESSAGE][PASSED] - Object: 'Object Repository/Objects.DateValidation/Page_ISPS2/Select_Day_Index' is clicked on

2020-06-09 15:25:12 - [TEST_STEP][PASSED] - GetError = getAttribute(DateInputFld, "data-errorqtip"): Attribute 'data-errorqtip' of object 'Object Repository/Objects.HighlightElements/input_field_index' is: ''

2020-06-09 15:25:12 - [MESSAGE][PASSED] - Attribute 'data-errorqtip' of object 'Object Repository/Objects.HighlightElements/input_field_index' is: ''

2020-06-09 15:25:12 - [TEST_STEP][PASSED] - if (GetError == ""): Date Format is valid

2020-06-09 15:25:12 - [TEST_STEP][PASSED] - GetEnteredDate = getAttribute(DateInputFld, "value"): Attribute 'value' of object 'Object Repository/Objects.HighlightElements/input_field_index' is: '11/06/2020'

2020-06-09 15:25:12 - [MESSAGE][PASSED] - Attribute 'value' of object 'Object Repository/Objects.HighlightElements/input_field_index' is: '11/06/2020'

2020-06-09 15:25:12 - [TEST_STEP][PASSED] - DatePattern = Pattern.compile("^(1[0-2]|0[1-9])/(3[01]|[12][0-9]|0[1-9])/[0-9]{4}$"): null

2020-06-09 15:25:12 - [TEST_STEP][PASSED] - VerifyDateFormat = DatePattern.matcher(GetEnteredDate): null

2020-06-09 15:25:12 - [TEST_STEP][PASSED] - if (VerifyDateFormat.matches() == true): Date Format is valid

2020-06-09 15:25:12 - [TEST_STEP][PASSED] - comment("Date Format is valid"): Date Format is valid

2020-06-09 15:25:12 - [MESSAGE][INFO] - Date Format is valid

2020-06-09 15:25:12 - [MESSAGE][PASSED] - Call Test Case 'Test Cases/PFI Precision and Scale/PFI Components with Indexing/SelectDayInDatePickerWithIndexII' successfully

2020-06-09 15:25:12 - [TEST_STEP][PASSED] - callTestCase(findTestCase("PFI Precision and Scale/PFI Components with Indexing/SelectTodayInDatePickerIndex"), ["FldNm":"orderDt", "index":9, "idx":1], STOP_ON_FAILURE): Call Test Case 'Test Cases/PFI Precision and Scale/PFI Components with Indexing/SelectTodayInDatePickerIndex' successfully

2020-06-09 15:25:12 - [TEST_CASE][PASSED] - Test Cases/PFI Precision and Scale/PFI Components with Indexing/SelectTodayInDatePickerIndex: Test Cases/PFI Precision and Scale/PFI Components with Indexing/SelectTodayInDatePickerIndex

2020-06-09 15:25:12 - [TEST_STEP][PASSED] - Thread.sleep(1000): null

2020-06-09 15:25:13 - [TEST_STEP][PASSED] - date = new java.util.Date(): null

2020-06-09 15:25:13 - [TEST_STEP][PASSED] - CurrentDate = new java.text.SimpleDateFormat(dd/MM/yyyy): null

2020-06-09 15:25:13 - [TEST_STEP][PASSED] - TodayDate = CurrentDate.format(date): null

2020-06-09 15:25:13 - [TEST_STEP][PASSED] - DateFieldNm = modifyObjectProperty(findTestObject("Objects.HighlightElements/input_field_index"), "xpath", "equals", "(//*[contains(@class,'x-form-text') and (@name='" + FldNm + "')])[" + idx + "]", true): Modify property of object successfully

2020-06-09 15:25:13 - [MESSAGE][PASSED] - Modify property of object successfully

2020-06-09 15:25:13 - [TEST_STEP][PASSED] - TodayBtn = modifyObjectProperty(findTestObject("Object Repository/Objects.DateValidation/Page_ISPS2/a_Today"), "xpath", "equals", "(//*[text() = 'Today'])[" + index + "]", true): Modify property of object successfully

2020-06-09 15:25:13 - [MESSAGE][PASSED] - Modify property of object successfully

2020-06-09 15:25:13 - [TEST_STEP][PASSED] - sendKeys(DateFieldNm, Keys.chord(ARROW_DOWN)): Keys 'DOWN + ' sent to object: 'Object Repository/Objects.HighlightElements/input_field_index'

2020-06-09 15:25:13 - [MESSAGE][PASSED] - Keys 'DOWN + ' sent to object: 'Object Repository/Objects.HighlightElements/input_field_index'

2020-06-09 15:25:13 - [TEST_STEP][PASSED] - com.reusableComponents.HighlightElement.run(TodayBtn): com.reusableComponents.HighlightElement.run is PASSED

2020-06-09 15:25:14 - [MESSAGE][PASSED] - com.reusableComponents.HighlightElement.run is PASSED

2020-06-09 15:25:14 - [TEST_STEP][PASSED] - click(TodayBtn): Object: 'Object Repository/Objects.DateValidation/Page_ISPS2/a_Today' is clicked on

2020-06-09 15:25:14 - [MESSAGE][PASSED] - Object: 'Object Repository/Objects.DateValidation/Page_ISPS2/a_Today' is clicked on

2020-06-09 15:25:14 - [TEST_STEP][PASSED] - GetEnteredDate = getAttribute(DateFieldNm, "value"): Attribute 'value' of object 'Object Repository/Objects.HighlightElements/input_field_index' is: '09/06/2020'

2020-06-09 15:25:14 - [MESSAGE][PASSED] - Attribute 'value' of object 'Object Repository/Objects.HighlightElements/input_field_index' is: '09/06/2020'

2020-06-09 15:25:14 - [TEST_STEP][PASSED] - verifyMatch(GetEnteredDate, TodayDate, true): Actual text '09/06/2020' and expected text '09/06/2020' are matched  using regular expression

2020-06-09 15:25:14 - [MESSAGE][PASSED] - Actual text '09/06/2020' and expected text '09/06/2020' are matched  using regular expression

2020-06-09 15:25:14 - [MESSAGE][PASSED] - Call Test Case 'Test Cases/PFI Precision and Scale/PFI Components with Indexing/SelectTodayInDatePickerIndex' successfully

2020-06-09 15:25:14 - [TEST_STEP][PASSED] - callTestCase(findTestCase("Components/SelectAllThenDeleteXPI"), ["nameToBeUsed":"orderDt", "index":1], STOP_ON_FAILURE): Call Test Case 'Test Cases/Components/SelectAllThenDeleteXPI' successfully

2020-06-09 15:25:14 - [TEST_CASE][PASSED] - Test Cases/Components/SelectAllThenDeleteXPI: Test Cases/Components/SelectAllThenDeleteXPI

2020-06-09 15:25:14 - [TEST_STEP][PASSED] - Thread.sleep(1000): null

2020-06-09 15:25:15 - [TEST_STEP][PASSED] - modifiedObj = modifyObjectProperty(findTestObject("Object Repository/Objects.HighlightElements/input_field_index"), "xpath", "equals", "(//*[contains(@name,'" + nameToBeUsed + "')])[" + index + "]", true): Modify property of object successfully

2020-06-09 15:25:15 - [MESSAGE][PASSED] - Modify property of object successfully

2020-06-09 15:25:15 - [TEST_STEP][PASSED] - focus(modifiedObj): Object: 'Object Repository/Objects.HighlightElements/input_field_index' is focused

2020-06-09 15:25:15 - [MESSAGE][PASSED] - Object: 'Object Repository/Objects.HighlightElements/input_field_index' is focused

2020-06-09 15:25:15 - [TEST_STEP][PASSED] - sendKeys(modifiedObj, Keys.chord(CONTROL, "a")): Keys 'CONTROL + a' sent to object: 'Object Repository/Objects.HighlightElements/input_field_index'

2020-06-09 15:25:15 - [MESSAGE][PASSED] - Keys 'CONTROL + a' sent to object: 'Object Repository/Objects.HighlightElements/input_field_index'

2020-06-09 15:25:15 - [TEST_STEP][PASSED] - sendKeys(modifiedObj, Keys.chord(DELETE)): Keys 'DELETE + ' sent to object: 'Object Repository/Objects.HighlightElements/input_field_index'

2020-06-09 15:25:15 - [MESSAGE][PASSED] - Keys 'DELETE + ' sent to object: 'Object Repository/Objects.HighlightElements/input_field_index'

2020-06-09 15:25:15 - [MESSAGE][PASSED] - Call Test Case 'Test Cases/Components/SelectAllThenDeleteXPI' successfully

2020-06-09 15:25:15 - [TEST_STEP][PASSED] - callTestCase(findTestCase("PFI Precision and Scale/PFI Components with Indexing/RequiredFieldValidationXPI"), ["nameToBeUsed":"orderDt", "index":1], STOP_ON_FAILURE): Call Test Case 'Test Cases/PFI Precision and Scale/PFI Components with Indexing/RequiredFieldValidationXPI' successfully

2020-06-09 15:25:15 - [TEST_CASE][PASSED] - Test Cases/PFI Precision and Scale/PFI Components with Indexing/RequiredFieldValidationXPI: Test Cases/PFI Precision and Scale/PFI Components with Indexing/RequiredFieldValidationXPI

2020-06-09 15:25:15 - [TEST_STEP][PASSED] - enableSmartWait(): null

2020-06-09 15:25:15 - [TEST_STEP][PASSED] - NewInputNmField = modifyObjectProperty(findTestObject("Objects.HighlightElements/input_field_index"), "xpath", "equals", "(//*[contains(@name,'" + nameToBeUsed + "')])[" + index + "]", true): Modify property of object successfully

2020-06-09 15:25:15 - [MESSAGE][PASSED] - Modify property of object successfully

2020-06-09 15:25:15 - [TEST_STEP][PASSED] - getRqErrMsg = getAttribute(NewInputNmField, "data-errorqtip"): Attribute 'data-errorqtip' of object 'Object Repository/Objects.HighlightElements/input_field_index' is: '<ul class="x-list-plain"><li>This field is required</li></ul>'

2020-06-09 15:25:15 - [MESSAGE][PASSED] - Attribute 'data-errorqtip' of object 'Object Repository/Objects.HighlightElements/input_field_index' is: '<ul class="x-list-plain"><li>This field is required</li></ul>'

2020-06-09 15:25:15 - [TEST_STEP][PASSED] - strToolTip = getRqErrMsg.substring(29, 61): null

2020-06-09 15:25:15 - [TEST_STEP][PASSED] - toolTipReqErrMsg = strToolTip.substring(0, 22): null

2020-06-09 15:25:15 - [TEST_STEP][PASSED] - verifyMatch(toolTipReqErrMsg, RqField, true): Actual text 'This field is required' and expected text 'This field is required' are matched  using regular expression

2020-06-09 15:25:15 - [MESSAGE][PASSED] - Actual text 'This field is required' and expected text 'This field is required' are matched  using regular expression

2020-06-09 15:25:15 - [TEST_STEP][PASSED] - delay(3): Delayed 3 second(s)

2020-06-09 15:25:18 - [MESSAGE][PASSED] - Delayed 3 second(s)

2020-06-09 15:25:18 - [TEST_STEP][PASSED] - mouseOver(NewInputNmField): Object: 'Object Repository/Objects.HighlightElements/input_field_index' is hovered

2020-06-09 15:25:18 - [MESSAGE][PASSED] - Object: 'Object Repository/Objects.HighlightElements/input_field_index' is hovered

2020-06-09 15:25:18 - [MESSAGE][PASSED] - Call Test Case 'Test Cases/PFI Precision and Scale/PFI Components with Indexing/RequiredFieldValidationXPI' successfully

2020-06-09 15:25:18 - [TEST_STEP][PASSED] - callTestCase(findTestCase("Components/HighlightLabelFieldXPI"), ["LblName":"Complaint Officer", "index":1], STOP_ON_FAILURE): Call Test Case 'Test Cases/Components/HighlightLabelFieldXPI' successfully

2020-06-09 15:25:18 - [TEST_CASE][PASSED] - Test Cases/Components/HighlightLabelFieldXPI: Test Cases/Components/HighlightLabelFieldXPI

2020-06-09 15:25:18 - [TEST_STEP][PASSED] - Thread.sleep(1000): null

2020-06-09 15:25:19 - [TEST_STEP][PASSED] - modifiedLblNm = modifyObjectProperty(findTestObject("Object Repository/Objects.HighlightElements/lblField_index"), "xpath", "equals", "(//*[contains(@class, 'x-form-item-label-inner x-form-item-label-inner-default') and contains(., '" + LblName + "')])[" + index + "]", true): Modify property of object successfully

2020-06-09 15:25:19 - [MESSAGE][PASSED] - Modify property of object successfully

2020-06-09 15:25:19 - [TEST_STEP][PASSED] - com.reusableComponents.HighlightElement.run(modifiedLblNm): com.reusableComponents.HighlightElement.run is PASSED

2020-06-09 15:25:20 - [MESSAGE][PASSED] - com.reusableComponents.HighlightElement.run is PASSED

2020-06-09 15:25:20 - [MESSAGE][PASSED] - Call Test Case 'Test Cases/Components/HighlightLabelFieldXPI' successfully

2020-06-09 15:25:20 - [TEST_STEP][PASSED] - callTestCase(findTestCase("Components/HighlightInputFieldXPI"), ["FldNm":"complaintOfficer", "index":1], STOP_ON_FAILURE): Call Test Case 'Test Cases/Components/HighlightInputFieldXPI' successfully

2020-06-09 15:25:20 - [TEST_CASE][PASSED] - Test Cases/Components/HighlightInputFieldXPI: Test Cases/Components/HighlightInputFieldXPI

2020-06-09 15:25:20 - [TEST_STEP][PASSED] - Thread.sleep(1000): null

2020-06-09 15:25:21 - [TEST_STEP][PASSED] - modifiedInputNm = modifyObjectProperty(findTestObject("Object Repository/Objects.HighlightElements/input_field_index"), "xpath", "equals", "(//*[contains(@name, '" + FldNm + "')])[" + index + "]", true): Modify property of object successfully

2020-06-09 15:25:21 - [MESSAGE][PASSED] - Modify property of object successfully

2020-06-09 15:25:21 - [TEST_STEP][PASSED] - com.reusableComponents.HighlightElement.run(modifiedInputNm): com.reusableComponents.HighlightElement.run is PASSED

2020-06-09 15:25:21 - [MESSAGE][PASSED] - com.reusableComponents.HighlightElement.run is PASSED

2020-06-09 15:25:21 - [MESSAGE][PASSED] - Call Test Case 'Test Cases/Components/HighlightInputFieldXPI' successfully

2020-06-09 15:25:21 - [TEST_STEP][PASSED] - callTestCase(findTestCase("PFI Precision and Scale/PFI Components with Indexing/VerifyDropdownValuesXPI"), ["FldNm":"complaintOfficer", "index":1, "CallTCName":"PFI Precision and Scale/HashMap Tables/OfficerLists", "cmbNm":"", "NoOfVal":1, ... ], STOP_ON_FAILURE): Call Test Case 'Test Cases/PFI Precision and Scale/PFI Components with Indexing/VerifyDropdownValuesXPI' successfully

2020-06-09 15:25:21 - [TEST_CASE][PASSED] - Test Cases/PFI Precision and Scale/PFI Components with Indexing/VerifyDropdownValuesXPI: Test Cases/PFI Precision and Scale/PFI Components with Indexing/VerifyDropdownValuesXPI

2020-06-09 15:25:21 - [TEST_STEP][PASSED] - Thread.sleep(1000): null

2020-06-09 15:25:22 - [TEST_STEP][PASSED] - OutputFile = new java.io.File(DropdownValuesResult.txt): null

2020-06-09 15:25:22 - [TEST_STEP][PASSED] - TimeStamp = new java.util.Date(): null

2020-06-09 15:25:22 - [TEST_STEP][PASSED] - NewInputNmField = modifyObjectProperty(findTestObject("Object Repository/Objects.HighlightElements/input_field_index"), "xpath", "equals", "(//*[contains(@name, '" + FldNm + "')])[" + index + "]", true): Modify property of object successfully

2020-06-09 15:25:22 - [MESSAGE][PASSED] - Modify property of object successfully

2020-06-09 15:25:22 - [TEST_STEP][PASSED] - comboNm = cmbNm: null

2020-06-09 15:25:22 - [TEST_STEP][PASSED] - focus(NewInputNmField): Object: 'Object Repository/Objects.HighlightElements/input_field_index' is focused

2020-06-09 15:25:23 - [MESSAGE][PASSED] - Object: 'Object Repository/Objects.HighlightElements/input_field_index' is focused

2020-06-09 15:25:23 - [TEST_STEP][PASSED] - setText(NewInputNmField, EnterValue): Text 'invalid' is set on object 'Object Repository/Objects.HighlightElements/input_field_index'

2020-06-09 15:25:23 - [MESSAGE][PASSED] - Text 'invalid' is set on object 'Object Repository/Objects.HighlightElements/input_field_index'

2020-06-09 15:25:23 - [TEST_STEP][PASSED] - for ([i = 1, i <= NoOfVal, (i++)]): Keys 'DOWN + ' sent to object: 'Object Repository/Objects.HighlightElements/input_field_index'

2020-06-09 15:25:23 - [TEST_STEP][PASSED] - sendKeys(NewInputNmField, Keys.chord(ARROW_DOWN)): Keys 'DOWN + ' sent to object: 'Object Repository/Objects.HighlightElements/input_field_index'

2020-06-09 15:25:23 - [MESSAGE][PASSED] - Keys 'DOWN + ' sent to object: 'Object Repository/Objects.HighlightElements/input_field_index'

2020-06-09 15:25:23 - [TEST_STEP][PASSED] - delay(DelayTime): Delayed 2 second(s)

2020-06-09 15:25:25 - [MESSAGE][PASSED] - Delayed 2 second(s)

2020-06-09 15:25:25 - [TEST_STEP][PASSED] - sendKeys(NewInputNmField, Keys.chord(ENTER)): Keys 'ENTER + ' sent to object: 'Object Repository/Objects.HighlightElements/input_field_index'

2020-06-09 15:25:25 - [MESSAGE][PASSED] - Keys 'ENTER + ' sent to object: 'Object Repository/Objects.HighlightElements/input_field_index'

2020-06-09 15:25:25 - [TEST_STEP][PASSED] - ComboBoxValue = getAttribute(NewInputNmField, "value"): Attribute 'value' of object 'Object Repository/Objects.HighlightElements/input_field_index' is: 'invalid'

2020-06-09 15:25:25 - [MESSAGE][PASSED] - Attribute 'value' of object 'Object Repository/Objects.HighlightElements/input_field_index' is: 'invalid'

2020-06-09 15:25:25 - [TEST_STEP][PASSED] - callTestCase(findTestCase(CallTCName), ["FindValue":ComboBoxValue, "DropdownNm":comboNm], STOP_ON_FAILURE): Call Test Case 'Test Cases/PFI Precision and Scale/HashMap Tables/OfficerLists' successfully

2020-06-09 15:25:25 - [TEST_CASE][PASSED] - Test Cases/PFI Precision and Scale/HashMap Tables/OfficerLists: Test Cases/PFI Precision and Scale/HashMap Tables/OfficerLists

2020-06-09 15:25:25 - [TEST_STEP][PASSED] - Thread.sleep(1000): null

2020-06-09 15:25:26 - [TEST_STEP][PASSED] - OfficerLists = [1:"Aaron Sham Wai Lun (AARON)", 2:"Azidah Bte Akmad (Mdm) (USAABD)", 3:"Chung Fong Nyen (USACFN)", 4:"David Tey Dah Wei (DAHWEI)", ... ]: null

2020-06-09 15:25:26 - [TEST_STEP][PASSED] - ValueFound = OfficerLists.find({ -> ... }): null

2020-06-09 15:25:26 - [MESSAGE][PASSED] - Call Test Case 'Test Cases/PFI Precision and Scale/HashMap Tables/OfficerLists' successfully

2020-06-09 15:25:26 - [TEST_STEP][PASSED] - OutputFile.append("Search Value: " + ComboBoxValue + " " + "Found Value: " + ValueFound + TimeStamp + "
"): null

2020-06-09 15:25:26 - [TEST_STEP][PASSED] - sendKeys(NewInputNmField, Keys.chord(ARROW_DOWN)): Keys 'DOWN + ' sent to object: 'Object Repository/Objects.HighlightElements/input_field_index'

2020-06-09 15:25:26 - [MESSAGE][PASSED] - Keys 'DOWN + ' sent to object: 'Object Repository/Objects.HighlightElements/input_field_index'

2020-06-09 15:25:26 - [TEST_STEP][PASSED] - sendKeys(NewInputNmField, Keys.chord(ENTER)): Keys 'ENTER + ' sent to object: 'Object Repository/Objects.HighlightElements/input_field_index'

2020-06-09 15:25:26 - [MESSAGE][PASSED] - Keys 'ENTER + ' sent to object: 'Object Repository/Objects.HighlightElements/input_field_index'

2020-06-09 15:25:26 - [MESSAGE][PASSED] - Call Test Case 'Test Cases/PFI Precision and Scale/PFI Components with Indexing/VerifyDropdownValuesXPI' successfully

2020-06-09 15:25:26 - [TEST_STEP][PASSED] - callTestCase(findTestCase("Components/SelectAllThenDeleteXPI"), ["nameToBeUsed":"complaintOfficer", "index":1], STOP_ON_FAILURE): Call Test Case 'Test Cases/Components/SelectAllThenDeleteXPI' successfully

2020-06-09 15:25:26 - [TEST_CASE][PASSED] - Test Cases/Components/SelectAllThenDeleteXPI: Test Cases/Components/SelectAllThenDeleteXPI

2020-06-09 15:25:26 - [TEST_STEP][PASSED] - Thread.sleep(1000): null

2020-06-09 15:25:27 - [TEST_STEP][PASSED] - modifiedObj = modifyObjectProperty(findTestObject("Object Repository/Objects.HighlightElements/input_field_index"), "xpath", "equals", "(//*[contains(@name,'" + nameToBeUsed + "')])[" + index + "]", true): Modify property of object successfully

2020-06-09 15:25:27 - [MESSAGE][PASSED] - Modify property of object successfully

2020-06-09 15:25:27 - [TEST_STEP][PASSED] - focus(modifiedObj): Object: 'Object Repository/Objects.HighlightElements/input_field_index' is focused

2020-06-09 15:25:27 - [MESSAGE][PASSED] - Object: 'Object Repository/Objects.HighlightElements/input_field_index' is focused

2020-06-09 15:25:27 - [TEST_STEP][PASSED] - sendKeys(modifiedObj, Keys.chord(CONTROL, "a")): Keys 'CONTROL + a' sent to object: 'Object Repository/Objects.HighlightElements/input_field_index'

2020-06-09 15:25:27 - [MESSAGE][PASSED] - Keys 'CONTROL + a' sent to object: 'Object Repository/Objects.HighlightElements/input_field_index'

2020-06-09 15:25:27 - [TEST_STEP][PASSED] - sendKeys(modifiedObj, Keys.chord(DELETE)): Keys 'DELETE + ' sent to object: 'Object Repository/Objects.HighlightElements/input_field_index'

2020-06-09 15:25:27 - [MESSAGE][PASSED] - Keys 'DELETE + ' sent to object: 'Object Repository/Objects.HighlightElements/input_field_index'

2020-06-09 15:25:27 - [MESSAGE][PASSED] - Call Test Case 'Test Cases/Components/SelectAllThenDeleteXPI' successfully

2020-06-09 15:25:27 - [TEST_STEP][PASSED] - callTestCase(findTestCase("PFI Precision and Scale/PFI Components with Indexing/VerifyDropdownValuesXPI"), ["FldNm":"complaintOfficer", "index":1, "CallTCName":"PFI Precision and Scale/HashMap Tables/OfficerLists", "cmbNm":"", "NoOfVal":1, ... ], STOP_ON_FAILURE): Call Test Case 'Test Cases/PFI Precision and Scale/PFI Components with Indexing/VerifyDropdownValuesXPI' successfully

2020-06-09 15:25:27 - [TEST_CASE][PASSED] - Test Cases/PFI Precision and Scale/PFI Components with Indexing/VerifyDropdownValuesXPI: Test Cases/PFI Precision and Scale/PFI Components with Indexing/VerifyDropdownValuesXPI

2020-06-09 15:25:27 - [TEST_STEP][PASSED] - Thread.sleep(1000): null

2020-06-09 15:25:28 - [TEST_STEP][PASSED] - OutputFile = new java.io.File(DropdownValuesResult.txt): null

2020-06-09 15:25:28 - [TEST_STEP][PASSED] - TimeStamp = new java.util.Date(): null

2020-06-09 15:25:28 - [TEST_STEP][PASSED] - NewInputNmField = modifyObjectProperty(findTestObject("Object Repository/Objects.HighlightElements/input_field_index"), "xpath", "equals", "(//*[contains(@name, '" + FldNm + "')])[" + index + "]", true): Modify property of object successfully

2020-06-09 15:25:28 - [MESSAGE][PASSED] - Modify property of object successfully

2020-06-09 15:25:28 - [TEST_STEP][PASSED] - comboNm = cmbNm: null

2020-06-09 15:25:28 - [TEST_STEP][PASSED] - focus(NewInputNmField): Object: 'Object Repository/Objects.HighlightElements/input_field_index' is focused

2020-06-09 15:25:28 - [MESSAGE][PASSED] - Object: 'Object Repository/Objects.HighlightElements/input_field_index' is focused

2020-06-09 15:25:28 - [TEST_STEP][PASSED] - setText(NewInputNmField, EnterValue): Text 'AARON' is set on object 'Object Repository/Objects.HighlightElements/input_field_index'

2020-06-09 15:25:29 - [MESSAGE][PASSED] - Text 'AARON' is set on object 'Object Repository/Objects.HighlightElements/input_field_index'

2020-06-09 15:25:29 - [TEST_STEP][PASSED] - for ([i = 1, i <= NoOfVal, (i++)]): Keys 'DOWN + ' sent to object: 'Object Repository/Objects.HighlightElements/input_field_index'

2020-06-09 15:25:29 - [TEST_STEP][PASSED] - sendKeys(NewInputNmField, Keys.chord(ARROW_DOWN)): Keys 'DOWN + ' sent to object: 'Object Repository/Objects.HighlightElements/input_field_index'

2020-06-09 15:25:29 - [MESSAGE][PASSED] - Keys 'DOWN + ' sent to object: 'Object Repository/Objects.HighlightElements/input_field_index'

2020-06-09 15:25:29 - [TEST_STEP][PASSED] - delay(DelayTime): Delayed 2 second(s)

2020-06-09 15:25:31 - [MESSAGE][PASSED] - Delayed 2 second(s)

2020-06-09 15:25:31 - [TEST_STEP][PASSED] - sendKeys(NewInputNmField, Keys.chord(ENTER)): Keys 'ENTER + ' sent to object: 'Object Repository/Objects.HighlightElements/input_field_index'

2020-06-09 15:25:31 - [MESSAGE][PASSED] - Keys 'ENTER + ' sent to object: 'Object Repository/Objects.HighlightElements/input_field_index'

2020-06-09 15:25:31 - [TEST_STEP][PASSED] - ComboBoxValue = getAttribute(NewInputNmField, "value"): Attribute 'value' of object 'Object Repository/Objects.HighlightElements/input_field_index' is: 'Aaron Sham Wai Lun (AARON)'

2020-06-09 15:25:31 - [MESSAGE][PASSED] - Attribute 'value' of object 'Object Repository/Objects.HighlightElements/input_field_index' is: 'Aaron Sham Wai Lun (AARON)'

2020-06-09 15:25:31 - [TEST_STEP][PASSED] - callTestCase(findTestCase(CallTCName), ["FindValue":ComboBoxValue, "DropdownNm":comboNm], STOP_ON_FAILURE): Call Test Case 'Test Cases/PFI Precision and Scale/HashMap Tables/OfficerLists' successfully

2020-06-09 15:25:31 - [TEST_CASE][PASSED] - Test Cases/PFI Precision and Scale/HashMap Tables/OfficerLists: Test Cases/PFI Precision and Scale/HashMap Tables/OfficerLists

2020-06-09 15:25:31 - [TEST_STEP][PASSED] - Thread.sleep(1000): null

2020-06-09 15:25:32 - [TEST_STEP][PASSED] - OfficerLists = [1:"Aaron Sham Wai Lun (AARON)", 2:"Azidah Bte Akmad (Mdm) (USAABD)", 3:"Chung Fong Nyen (USACFN)", 4:"David Tey Dah Wei (DAHWEI)", ... ]: null

2020-06-09 15:25:32 - [TEST_STEP][PASSED] - ValueFound = OfficerLists.find({ -> ... }): null

2020-06-09 15:25:32 - [MESSAGE][PASSED] - Call Test Case 'Test Cases/PFI Precision and Scale/HashMap Tables/OfficerLists' successfully

2020-06-09 15:25:32 - [TEST_STEP][PASSED] - OutputFile.append("Search Value: " + ComboBoxValue + " " + "Found Value: " + ValueFound + TimeStamp + "
"): null

2020-06-09 15:25:32 - [TEST_STEP][PASSED] - sendKeys(NewInputNmField, Keys.chord(ARROW_DOWN)): Keys 'DOWN + ' sent to object: 'Object Repository/Objects.HighlightElements/input_field_index'

2020-06-09 15:25:32 - [MESSAGE][PASSED] - Keys 'DOWN + ' sent to object: 'Object Repository/Objects.HighlightElements/input_field_index'

2020-06-09 15:25:32 - [TEST_STEP][PASSED] - sendKeys(NewInputNmField, Keys.chord(ENTER)): Keys 'ENTER + ' sent to object: 'Object Repository/Objects.HighlightElements/input_field_index'

2020-06-09 15:25:32 - [MESSAGE][PASSED] - Keys 'ENTER + ' sent to object: 'Object Repository/Objects.HighlightElements/input_field_index'

2020-06-09 15:25:32 - [MESSAGE][PASSED] - Call Test Case 'Test Cases/PFI Precision and Scale/PFI Components with Indexing/VerifyDropdownValuesXPI' successfully

2020-06-09 15:25:32 - [TEST_STEP][PASSED] - callTestCase(findTestCase("Components/SelectAllThenDeleteXPI"), ["nameToBeUsed":"complaintOfficer", "index":1], STOP_ON_FAILURE): Call Test Case 'Test Cases/Components/SelectAllThenDeleteXPI' successfully

2020-06-09 15:25:32 - [TEST_CASE][PASSED] - Test Cases/Components/SelectAllThenDeleteXPI: Test Cases/Components/SelectAllThenDeleteXPI

2020-06-09 15:25:32 - [TEST_STEP][PASSED] - Thread.sleep(1000): null

2020-06-09 15:25:33 - [TEST_STEP][PASSED] - modifiedObj = modifyObjectProperty(findTestObject("Object Repository/Objects.HighlightElements/input_field_index"), "xpath", "equals", "(//*[contains(@name,'" + nameToBeUsed + "')])[" + index + "]", true): Modify property of object successfully

2020-06-09 15:25:33 - [MESSAGE][PASSED] - Modify property of object successfully

2020-06-09 15:25:33 - [TEST_STEP][PASSED] - focus(modifiedObj): Object: 'Object Repository/Objects.HighlightElements/input_field_index' is focused

2020-06-09 15:25:33 - [MESSAGE][PASSED] - Object: 'Object Repository/Objects.HighlightElements/input_field_index' is focused

2020-06-09 15:25:33 - [TEST_STEP][PASSED] - sendKeys(modifiedObj, Keys.chord(CONTROL, "a")): Keys 'CONTROL + a' sent to object: 'Object Repository/Objects.HighlightElements/input_field_index'

2020-06-09 15:25:33 - [MESSAGE][PASSED] - Keys 'CONTROL + a' sent to object: 'Object Repository/Objects.HighlightElements/input_field_index'

2020-06-09 15:25:33 - [TEST_STEP][PASSED] - sendKeys(modifiedObj, Keys.chord(DELETE)): Keys 'DELETE + ' sent to object: 'Object Repository/Objects.HighlightElements/input_field_index'

2020-06-09 15:25:33 - [MESSAGE][PASSED] - Keys 'DELETE + ' sent to object: 'Object Repository/Objects.HighlightElements/input_field_index'

2020-06-09 15:25:33 - [MESSAGE][PASSED] - Call Test Case 'Test Cases/Components/SelectAllThenDeleteXPI' successfully

2020-06-09 15:25:33 - [TEST_STEP][PASSED] - callTestCase(findTestCase("PFI Precision and Scale/PFI Components with Indexing/VerifyDropdownValuesXPI"), ["FldNm":"complaintOfficer", "index":1, "CallTCName":"PFI Precision and Scale/HashMap Tables/OfficerLists", "cmbNm":"", "NoOfVal":1, ... ], STOP_ON_FAILURE): Call Test Case 'Test Cases/PFI Precision and Scale/PFI Components with Indexing/VerifyDropdownValuesXPI' successfully

2020-06-09 15:25:33 - [TEST_CASE][PASSED] - Test Cases/PFI Precision and Scale/PFI Components with Indexing/VerifyDropdownValuesXPI: Test Cases/PFI Precision and Scale/PFI Components with Indexing/VerifyDropdownValuesXPI

2020-06-09 15:25:33 - [TEST_STEP][PASSED] - Thread.sleep(1000): null

2020-06-09 15:25:34 - [TEST_STEP][PASSED] - OutputFile = new java.io.File(DropdownValuesResult.txt): null

2020-06-09 15:25:34 - [TEST_STEP][PASSED] - TimeStamp = new java.util.Date(): null

2020-06-09 15:25:34 - [TEST_STEP][PASSED] - NewInputNmField = modifyObjectProperty(findTestObject("Object Repository/Objects.HighlightElements/input_field_index"), "xpath", "equals", "(//*[contains(@name, '" + FldNm + "')])[" + index + "]", true): Modify property of object successfully

2020-06-09 15:25:34 - [MESSAGE][PASSED] - Modify property of object successfully

2020-06-09 15:25:34 - [TEST_STEP][PASSED] - comboNm = cmbNm: null

2020-06-09 15:25:34 - [TEST_STEP][PASSED] - focus(NewInputNmField): Object: 'Object Repository/Objects.HighlightElements/input_field_index' is focused

2020-06-09 15:25:34 - [MESSAGE][PASSED] - Object: 'Object Repository/Objects.HighlightElements/input_field_index' is focused

2020-06-09 15:25:34 - [TEST_STEP][PASSED] - setText(NewInputNmField, EnterValue): Text 'Christopher ANG' is set on object 'Object Repository/Objects.HighlightElements/input_field_index'

2020-06-09 15:25:35 - [MESSAGE][PASSED] - Text 'Christopher ANG' is set on object 'Object Repository/Objects.HighlightElements/input_field_index'

2020-06-09 15:25:35 - [TEST_STEP][PASSED] - for ([i = 1, i <= NoOfVal, (i++)]): Keys 'DOWN + ' sent to object: 'Object Repository/Objects.HighlightElements/input_field_index'

2020-06-09 15:25:35 - [TEST_STEP][PASSED] - sendKeys(NewInputNmField, Keys.chord(ARROW_DOWN)): Keys 'DOWN + ' sent to object: 'Object Repository/Objects.HighlightElements/input_field_index'

2020-06-09 15:25:35 - [MESSAGE][PASSED] - Keys 'DOWN + ' sent to object: 'Object Repository/Objects.HighlightElements/input_field_index'

2020-06-09 15:25:35 - [TEST_STEP][PASSED] - delay(DelayTime): Delayed 2 second(s)

2020-06-09 15:25:37 - [MESSAGE][PASSED] - Delayed 2 second(s)

2020-06-09 15:25:37 - [TEST_STEP][PASSED] - sendKeys(NewInputNmField, Keys.chord(ENTER)): Keys 'ENTER + ' sent to object: 'Object Repository/Objects.HighlightElements/input_field_index'

2020-06-09 15:25:37 - [MESSAGE][PASSED] - Keys 'ENTER + ' sent to object: 'Object Repository/Objects.HighlightElements/input_field_index'

2020-06-09 15:25:37 - [TEST_STEP][PASSED] - ComboBoxValue = getAttribute(NewInputNmField, "value"): Attribute 'value' of object 'Object Repository/Objects.HighlightElements/input_field_index' is: 'Christopher ANG'

2020-06-09 15:25:37 - [MESSAGE][PASSED] - Attribute 'value' of object 'Object Repository/Objects.HighlightElements/input_field_index' is: 'Christopher ANG'

2020-06-09 15:25:37 - [TEST_STEP][PASSED] - callTestCase(findTestCase(CallTCName), ["FindValue":ComboBoxValue, "DropdownNm":comboNm], STOP_ON_FAILURE): Call Test Case 'Test Cases/PFI Precision and Scale/HashMap Tables/OfficerLists' successfully

2020-06-09 15:25:37 - [TEST_CASE][PASSED] - Test Cases/PFI Precision and Scale/HashMap Tables/OfficerLists: Test Cases/PFI Precision and Scale/HashMap Tables/OfficerLists

2020-06-09 15:25:37 - [TEST_STEP][PASSED] - Thread.sleep(1000): null

2020-06-09 15:25:38 - [TEST_STEP][PASSED] - OfficerLists = [1:"Aaron Sham Wai Lun (AARON)", 2:"Azidah Bte Akmad (Mdm) (USAABD)", 3:"Chung Fong Nyen (USACFN)", 4:"David Tey Dah Wei (DAHWEI)", ... ]: null

2020-06-09 15:25:38 - [TEST_STEP][PASSED] - ValueFound = OfficerLists.find({ -> ... }): null

2020-06-09 15:25:38 - [MESSAGE][PASSED] - Call Test Case 'Test Cases/PFI Precision and Scale/HashMap Tables/OfficerLists' successfully

2020-06-09 15:25:38 - [TEST_STEP][PASSED] - OutputFile.append("Search Value: " + ComboBoxValue + " " + "Found Value: " + ValueFound + TimeStamp + "
"): null

2020-06-09 15:25:38 - [TEST_STEP][PASSED] - sendKeys(NewInputNmField, Keys.chord(ARROW_DOWN)): Keys 'DOWN + ' sent to object: 'Object Repository/Objects.HighlightElements/input_field_index'

2020-06-09 15:25:38 - [MESSAGE][PASSED] - Keys 'DOWN + ' sent to object: 'Object Repository/Objects.HighlightElements/input_field_index'

2020-06-09 15:25:38 - [TEST_STEP][PASSED] - sendKeys(NewInputNmField, Keys.chord(ENTER)): Keys 'ENTER + ' sent to object: 'Object Repository/Objects.HighlightElements/input_field_index'

2020-06-09 15:25:38 - [MESSAGE][PASSED] - Keys 'ENTER + ' sent to object: 'Object Repository/Objects.HighlightElements/input_field_index'

2020-06-09 15:25:38 - [MESSAGE][PASSED] - Call Test Case 'Test Cases/PFI Precision and Scale/PFI Components with Indexing/VerifyDropdownValuesXPI' successfully

2020-06-09 15:25:38 - [TEST_STEP][PASSED] - callTestCase(findTestCase("Components/SelectAllThenDeleteXPI"), ["nameToBeUsed":"complaintOfficer", "index":1], STOP_ON_FAILURE): Call Test Case 'Test Cases/Components/SelectAllThenDeleteXPI' successfully

2020-06-09 15:25:38 - [TEST_CASE][PASSED] - Test Cases/Components/SelectAllThenDeleteXPI: Test Cases/Components/SelectAllThenDeleteXPI

2020-06-09 15:25:38 - [TEST_STEP][PASSED] - Thread.sleep(1000): null

2020-06-09 15:25:39 - [TEST_STEP][PASSED] - modifiedObj = modifyObjectProperty(findTestObject("Object Repository/Objects.HighlightElements/input_field_index"), "xpath", "equals", "(//*[contains(@name,'" + nameToBeUsed + "')])[" + index + "]", true): Modify property of object successfully

2020-06-09 15:25:39 - [MESSAGE][PASSED] - Modify property of object successfully

2020-06-09 15:25:39 - [TEST_STEP][PASSED] - focus(modifiedObj): Object: 'Object Repository/Objects.HighlightElements/input_field_index' is focused

2020-06-09 15:25:39 - [MESSAGE][PASSED] - Object: 'Object Repository/Objects.HighlightElements/input_field_index' is focused

2020-06-09 15:25:39 - [TEST_STEP][PASSED] - sendKeys(modifiedObj, Keys.chord(CONTROL, "a")): Keys 'CONTROL + a' sent to object: 'Object Repository/Objects.HighlightElements/input_field_index'

2020-06-09 15:25:39 - [MESSAGE][PASSED] - Keys 'CONTROL + a' sent to object: 'Object Repository/Objects.HighlightElements/input_field_index'

2020-06-09 15:25:39 - [TEST_STEP][PASSED] - sendKeys(modifiedObj, Keys.chord(DELETE)): Keys 'DELETE + ' sent to object: 'Object Repository/Objects.HighlightElements/input_field_index'

2020-06-09 15:25:39 - [MESSAGE][PASSED] - Keys 'DELETE + ' sent to object: 'Object Repository/Objects.HighlightElements/input_field_index'

2020-06-09 15:25:39 - [MESSAGE][PASSED] - Call Test Case 'Test Cases/Components/SelectAllThenDeleteXPI' successfully

2020-06-09 15:25:39 - [TEST_STEP][PASSED] - callTestCase(findTestCase("Components/SelectAllThenDeleteXPI"), ["nameToBeUsed":"complaintOfficer", "index":1], STOP_ON_FAILURE): Call Test Case 'Test Cases/Components/SelectAllThenDeleteXPI' successfully

2020-06-09 15:25:39 - [TEST_CASE][PASSED] - Test Cases/Components/SelectAllThenDeleteXPI: Test Cases/Components/SelectAllThenDeleteXPI

2020-06-09 15:25:39 - [TEST_STEP][PASSED] - Thread.sleep(1000): null

2020-06-09 15:25:40 - [TEST_STEP][PASSED] - modifiedObj = modifyObjectProperty(findTestObject("Object Repository/Objects.HighlightElements/input_field_index"), "xpath", "equals", "(//*[contains(@name,'" + nameToBeUsed + "')])[" + index + "]", true): Modify property of object successfully

2020-06-09 15:25:40 - [MESSAGE][PASSED] - Modify property of object successfully

2020-06-09 15:25:40 - [TEST_STEP][PASSED] - focus(modifiedObj): Object: 'Object Repository/Objects.HighlightElements/input_field_index' is focused

2020-06-09 15:25:40 - [MESSAGE][PASSED] - Object: 'Object Repository/Objects.HighlightElements/input_field_index' is focused

2020-06-09 15:25:40 - [TEST_STEP][PASSED] - sendKeys(modifiedObj, Keys.chord(CONTROL, "a")): Keys 'CONTROL + a' sent to object: 'Object Repository/Objects.HighlightElements/input_field_index'

2020-06-09 15:25:40 - [MESSAGE][PASSED] - Keys 'CONTROL + a' sent to object: 'Object Repository/Objects.HighlightElements/input_field_index'

2020-06-09 15:25:40 - [TEST_STEP][PASSED] - sendKeys(modifiedObj, Keys.chord(DELETE)): Keys 'DELETE + ' sent to object: 'Object Repository/Objects.HighlightElements/input_field_index'

2020-06-09 15:25:40 - [MESSAGE][PASSED] - Keys 'DELETE + ' sent to object: 'Object Repository/Objects.HighlightElements/input_field_index'

2020-06-09 15:25:40 - [MESSAGE][PASSED] - Call Test Case 'Test Cases/Components/SelectAllThenDeleteXPI' successfully

2020-06-09 15:25:40 - [TEST_STEP][PASSED] - callTestCase(findTestCase("PFI Precision and Scale/PFI Components with Indexing/RequiredFieldValidationXPI"), ["nameToBeUsed":"complaintOfficer", "index":1], STOP_ON_FAILURE): Call Test Case 'Test Cases/PFI Precision and Scale/PFI Components with Indexing/RequiredFieldValidationXPI' successfully

2020-06-09 15:25:41 - [TEST_CASE][PASSED] - Test Cases/PFI Precision and Scale/PFI Components with Indexing/RequiredFieldValidationXPI: Test Cases/PFI Precision and Scale/PFI Components with Indexing/RequiredFieldValidationXPI

2020-06-09 15:25:41 - [TEST_STEP][PASSED] - enableSmartWait(): null

2020-06-09 15:25:41 - [TEST_STEP][PASSED] - NewInputNmField = modifyObjectProperty(findTestObject("Objects.HighlightElements/input_field_index"), "xpath", "equals", "(//*[contains(@name,'" + nameToBeUsed + "')])[" + index + "]", true): Modify property of object successfully

2020-06-09 15:25:41 - [MESSAGE][PASSED] - Modify property of object successfully

2020-06-09 15:25:41 - [TEST_STEP][PASSED] - getRqErrMsg = getAttribute(NewInputNmField, "data-errorqtip"): Attribute 'data-errorqtip' of object 'Object Repository/Objects.HighlightElements/input_field_index' is: '<ul class="x-list-plain"><li>This field is required</li></ul>'

2020-06-09 15:25:41 - [MESSAGE][PASSED] - Attribute 'data-errorqtip' of object 'Object Repository/Objects.HighlightElements/input_field_index' is: '<ul class="x-list-plain"><li>This field is required</li></ul>'

2020-06-09 15:25:41 - [TEST_STEP][PASSED] - strToolTip = getRqErrMsg.substring(29, 61): null

2020-06-09 15:25:41 - [TEST_STEP][PASSED] - toolTipReqErrMsg = strToolTip.substring(0, 22): null

2020-06-09 15:25:41 - [TEST_STEP][PASSED] - verifyMatch(toolTipReqErrMsg, RqField, true): Actual text 'This field is required' and expected text 'This field is required' are matched  using regular expression

2020-06-09 15:25:41 - [MESSAGE][PASSED] - Actual text 'This field is required' and expected text 'This field is required' are matched  using regular expression

2020-06-09 15:25:41 - [TEST_STEP][PASSED] - delay(3): Delayed 3 second(s)

2020-06-09 15:25:44 - [MESSAGE][PASSED] - Delayed 3 second(s)

2020-06-09 15:25:44 - [TEST_STEP][PASSED] - mouseOver(NewInputNmField): Object: 'Object Repository/Objects.HighlightElements/input_field_index' is hovered

2020-06-09 15:25:44 - [MESSAGE][PASSED] - Object: 'Object Repository/Objects.HighlightElements/input_field_index' is hovered

2020-06-09 15:25:44 - [MESSAGE][PASSED] - Call Test Case 'Test Cases/PFI Precision and Scale/PFI Components with Indexing/RequiredFieldValidationXPI' successfully

2020-06-09 15:25:44 - [TEST_STEP][PASSED] - callTestCase(findTestCase("Components/HighlightLabelFieldXPI"), ["LblName":"Case/Group Description", "index":1], STOP_ON_FAILURE): Call Test Case 'Test Cases/Components/HighlightLabelFieldXPI' successfully

2020-06-09 15:25:44 - [TEST_CASE][PASSED] - Test Cases/Components/HighlightLabelFieldXPI: Test Cases/Components/HighlightLabelFieldXPI

2020-06-09 15:25:44 - [TEST_STEP][PASSED] - Thread.sleep(1000): null

2020-06-09 15:25:45 - [TEST_STEP][PASSED] - modifiedLblNm = modifyObjectProperty(findTestObject("Object Repository/Objects.HighlightElements/lblField_index"), "xpath", "equals", "(//*[contains(@class, 'x-form-item-label-inner x-form-item-label-inner-default') and contains(., '" + LblName + "')])[" + index + "]", true): Modify property of object successfully

2020-06-09 15:25:45 - [MESSAGE][PASSED] - Modify property of object successfully

2020-06-09 15:25:45 - [TEST_STEP][PASSED] - com.reusableComponents.HighlightElement.run(modifiedLblNm): com.reusableComponents.HighlightElement.run is PASSED

2020-06-09 15:25:45 - [MESSAGE][PASSED] - com.reusableComponents.HighlightElement.run is PASSED

2020-06-09 15:25:45 - [MESSAGE][PASSED] - Call Test Case 'Test Cases/Components/HighlightLabelFieldXPI' successfully

2020-06-09 15:25:45 - [TEST_STEP][PASSED] - callTestCase(findTestCase("Components/HighlightInputFieldXPI"), ["FldNm":"caseGrpDesc", "index":1], STOP_ON_FAILURE): Call Test Case 'Test Cases/Components/HighlightInputFieldXPI' successfully

2020-06-09 15:25:45 - [TEST_CASE][PASSED] - Test Cases/Components/HighlightInputFieldXPI: Test Cases/Components/HighlightInputFieldXPI

2020-06-09 15:25:45 - [TEST_STEP][PASSED] - Thread.sleep(1000): null

2020-06-09 15:25:46 - [TEST_STEP][PASSED] - modifiedInputNm = modifyObjectProperty(findTestObject("Object Repository/Objects.HighlightElements/input_field_index"), "xpath", "equals", "(//*[contains(@name, '" + FldNm + "')])[" + index + "]", true): Modify property of object successfully

2020-06-09 15:25:46 - [MESSAGE][PASSED] - Modify property of object successfully

2020-06-09 15:25:46 - [TEST_STEP][PASSED] - com.reusableComponents.HighlightElement.run(modifiedInputNm): com.reusableComponents.HighlightElement.run is PASSED

2020-06-09 15:25:47 - [MESSAGE][PASSED] - com.reusableComponents.HighlightElement.run is PASSED

2020-06-09 15:25:47 - [MESSAGE][PASSED] - Call Test Case 'Test Cases/Components/HighlightInputFieldXPI' successfully

2020-06-09 15:25:47 - [TEST_STEP][PASSED] - callTestCase(findTestCase("PFI Precision and Scale/PFI Components with Indexing/VerifyDefaultValueIndex"), ["FieldNm":"caseGrpDesc", "index":1, "labelNm":"Group Description:", "i":1], STOP_ON_FAILURE): Call Test Case 'Test Cases/PFI Precision and Scale/PFI Components with Indexing/VerifyDefaultValueIndex' successfully

2020-06-09 15:25:47 - [TEST_CASE][PASSED] - Test Cases/PFI Precision and Scale/PFI Components with Indexing/VerifyDefaultValueIndex: Test Cases/PFI Precision and Scale/PFI Components with Indexing/VerifyDefaultValueIndex

2020-06-09 15:25:47 - [TEST_STEP][PASSED] - Thread.sleep(1000): null

2020-06-09 15:25:48 - [TEST_STEP][PASSED] - DefaultValueHM = ["periodType":"Working Day(s)", "noOfDays":"14", "inspWeight":"1", "inspModule":"PSI", "inspCaseType":"PSI Processing (SM)"]: null

2020-06-09 15:25:48 - [TEST_STEP][PASSED] - NewFieldNm = modifyObjectProperty(findTestObject("Object Repository/Objects.HighlightElements/input_field_index"), "xpath", "equals", "(//*[contains(@name,'" + FieldNm + "')])[" + index + "]", true): Modify property of object successfully

2020-06-09 15:25:48 - [MESSAGE][PASSED] - Modify property of object successfully

2020-06-09 15:25:48 - [TEST_STEP][PASSED] - focus(NewFieldNm): Object: 'Object Repository/Objects.HighlightElements/input_field_index' is focused

2020-06-09 15:25:48 - [MESSAGE][PASSED] - Object: 'Object Repository/Objects.HighlightElements/input_field_index' is focused

2020-06-09 15:25:48 - [TEST_STEP][PASSED] - DefVal = getAttribute(NewFieldNm, "value", STOP_ON_FAILURE): Attribute 'value' of object 'Object Repository/Objects.HighlightElements/input_field_index' is: '209 TO 214 ANG MO KIO AVENUE 3'

2020-06-09 15:25:48 - [MESSAGE][PASSED] - Attribute 'value' of object 'Object Repository/Objects.HighlightElements/input_field_index' is: '209 TO 214 ANG MO KIO AVENUE 3'

2020-06-09 15:25:48 - [TEST_STEP][PASSED] - switch (FieldNm): null

2020-06-09 15:25:48 - [TEST_STEP][PASSED] - case "caseGrpDesc":: null

2020-06-09 15:25:48 - [TEST_STEP][PASSED] - callTestCase(findTestCase("Components/NavigateToAnyLHS"), ["LHS":"Summary"], STOP_ON_FAILURE): Call Test Case 'Test Cases/Components/NavigateToAnyLHS' successfully

2020-06-09 15:25:48 - [TEST_CASE][PASSED] - Test Cases/Components/NavigateToAnyLHS: Test Cases/Components/NavigateToAnyLHS

2020-06-09 15:25:48 - [TEST_STEP][PASSED] - Thread.sleep(1000): null

2020-06-09 15:25:49 - [TEST_STEP][PASSED] - modifiedLHS = modifyObjectProperty(findTestObject("Objects.NavigateToAnyLHS/Page_ISPS2/LHSToModify"), "text", "equals", LHS, true): Modify property of object successfully

2020-06-09 15:25:49 - [MESSAGE][PASSED] - Modify property of object successfully

2020-06-09 15:25:49 - [TEST_STEP][PASSED] - click(modifiedLHS): Object: 'Object Repository/Objects.NavigateToAnyLHS/Page_ISPS2/LHSToModify' is clicked on

2020-06-09 15:25:50 - [MESSAGE][PASSED] - Object: 'Object Repository/Objects.NavigateToAnyLHS/Page_ISPS2/LHSToModify' is clicked on

2020-06-09 15:25:50 - [TEST_STEP][PASSED] - currentLHS = getText(modifiedLHS): Text of object 'Object Repository/Objects.NavigateToAnyLHS/Page_ISPS2/LHSToModify' is: 'Summary'

2020-06-09 15:25:50 - [MESSAGE][PASSED] - Text of object 'Object Repository/Objects.NavigateToAnyLHS/Page_ISPS2/LHSToModify' is: 'Summary'

2020-06-09 15:25:50 - [TEST_STEP][PASSED] - Thread.sleep(5000): null

2020-06-09 15:25:55 - [MESSAGE][PASSED] - Call Test Case 'Test Cases/Components/NavigateToAnyLHS' successfully

2020-06-09 15:25:55 - [TEST_STEP][PASSED] - modifiedLabelFld = modifyObjectProperty(NewFieldNm, "xpath", "equals", "//*[text()='" + labelNm + "']//following::div[" + i + "]", true): Modify property of object successfully

2020-06-09 15:25:55 - [MESSAGE][PASSED] - Modify property of object successfully

2020-06-09 15:25:55 - [TEST_STEP][PASSED] - GrpDesc = getText(modifiedLabelFld): Text of object 'Object Repository/Objects.HighlightElements/input_field_index' is: '209 TO 214 ANG MO KIO AVENUE 3'

2020-06-09 15:25:55 - [MESSAGE][PASSED] - Text of object 'Object Repository/Objects.HighlightElements/input_field_index' is: '209 TO 214 ANG MO KIO AVENUE 3'

2020-06-09 15:25:55 - [TEST_STEP][PASSED] - com.reusableComponents.HighlightElement.run(modifiedLabelFld): com.reusableComponents.HighlightElement.run is PASSED

2020-06-09 15:25:55 - [MESSAGE][PASSED] - com.reusableComponents.HighlightElement.run is PASSED

2020-06-09 15:25:55 - [TEST_STEP][PASSED] - verifyMatch(DefVal, GrpDesc, true): Actual text '209 TO 214 ANG MO KIO AVENUE 3' and expected text '209 TO 214 ANG MO KIO AVENUE 3' are matched  using regular expression

2020-06-09 15:25:55 - [MESSAGE][PASSED] - Actual text '209 TO 214 ANG MO KIO AVENUE 3' and expected text '209 TO 214 ANG MO KIO AVENUE 3' are matched  using regular expression

2020-06-09 15:25:55 - [TEST_STEP][PASSED] - callTestCase(findTestCase("Components/NavigateToAnyLHS"), ["LHS":"Court Actions"], STOP_ON_FAILURE): Call Test Case 'Test Cases/Components/NavigateToAnyLHS' successfully

2020-06-09 15:25:55 - [TEST_CASE][PASSED] - Test Cases/Components/NavigateToAnyLHS: Test Cases/Components/NavigateToAnyLHS

2020-06-09 15:25:55 - [TEST_STEP][PASSED] - Thread.sleep(1000): null

2020-06-09 15:25:56 - [TEST_STEP][PASSED] - modifiedLHS = modifyObjectProperty(findTestObject("Objects.NavigateToAnyLHS/Page_ISPS2/LHSToModify"), "text", "equals", LHS, true): Modify property of object successfully

2020-06-09 15:25:56 - [MESSAGE][PASSED] - Modify property of object successfully

2020-06-09 15:25:56 - [TEST_STEP][PASSED] - click(modifiedLHS): Object: 'Object Repository/Objects.NavigateToAnyLHS/Page_ISPS2/LHSToModify' is clicked on

2020-06-09 15:25:56 - [MESSAGE][PASSED] - Object: 'Object Repository/Objects.NavigateToAnyLHS/Page_ISPS2/LHSToModify' is clicked on

2020-06-09 15:25:56 - [TEST_STEP][PASSED] - currentLHS = getText(modifiedLHS): Text of object 'Object Repository/Objects.NavigateToAnyLHS/Page_ISPS2/LHSToModify' is: 'Court Actions'

2020-06-09 15:25:57 - [MESSAGE][PASSED] - Text of object 'Object Repository/Objects.NavigateToAnyLHS/Page_ISPS2/LHSToModify' is: 'Court Actions'

2020-06-09 15:25:57 - [TEST_STEP][PASSED] - Thread.sleep(5000): null

2020-06-09 15:26:02 - [MESSAGE][PASSED] - Call Test Case 'Test Cases/Components/NavigateToAnyLHS' successfully

2020-06-09 15:26:02 - [TEST_STEP][PASSED] - break: null

2020-06-09 15:26:02 - [MESSAGE][PASSED] - Call Test Case 'Test Cases/PFI Precision and Scale/PFI Components with Indexing/VerifyDefaultValueIndex' successfully

2020-06-09 15:26:02 - [TEST_STEP][PASSED] - callTestCase(findTestCase("Components/SelectAllThenDeleteXPI"), ["nameToBeUsed":"caseGrpDesc", "index":1], STOP_ON_FAILURE): Call Test Case 'Test Cases/Components/SelectAllThenDeleteXPI' successfully

2020-06-09 15:26:02 - [TEST_CASE][PASSED] - Test Cases/Components/SelectAllThenDeleteXPI: Test Cases/Components/SelectAllThenDeleteXPI

2020-06-09 15:26:02 - [TEST_STEP][PASSED] - Thread.sleep(1000): null

2020-06-09 15:26:03 - [TEST_STEP][PASSED] - modifiedObj = modifyObjectProperty(findTestObject("Object Repository/Objects.HighlightElements/input_field_index"), "xpath", "equals", "(//*[contains(@name,'" + nameToBeUsed + "')])[" + index + "]", true): Modify property of object successfully

2020-06-09 15:26:03 - [MESSAGE][PASSED] - Modify property of object successfully

2020-06-09 15:26:03 - [TEST_STEP][PASSED] - focus(modifiedObj): Object: 'Object Repository/Objects.HighlightElements/input_field_index' is focused

2020-06-09 15:26:03 - [MESSAGE][PASSED] - Object: 'Object Repository/Objects.HighlightElements/input_field_index' is focused

2020-06-09 15:26:03 - [TEST_STEP][PASSED] - sendKeys(modifiedObj, Keys.chord(CONTROL, "a")): Keys 'CONTROL + a' sent to object: 'Object Repository/Objects.HighlightElements/input_field_index'

2020-06-09 15:26:03 - [MESSAGE][PASSED] - Keys 'CONTROL + a' sent to object: 'Object Repository/Objects.HighlightElements/input_field_index'

2020-06-09 15:26:03 - [TEST_STEP][PASSED] - sendKeys(modifiedObj, Keys.chord(DELETE)): Keys 'DELETE + ' sent to object: 'Object Repository/Objects.HighlightElements/input_field_index'

2020-06-09 15:26:03 - [MESSAGE][PASSED] - Keys 'DELETE + ' sent to object: 'Object Repository/Objects.HighlightElements/input_field_index'

2020-06-09 15:26:03 - [MESSAGE][PASSED] - Call Test Case 'Test Cases/Components/SelectAllThenDeleteXPI' successfully

2020-06-09 15:26:03 - [TEST_STEP][PASSED] - callTestCase(findTestCase("PFI Precision and Scale/PFI Components with Indexing/AlphaNumericSpecialValidationIndex"), ["FldNm":"caseGrpDesc", "LenChar":10, "index":1], STOP_ON_FAILURE): Call Test Case 'Test Cases/PFI Precision and Scale/PFI Components with Indexing/AlphaNumericSpecialValidationIndex' successfully

2020-06-09 15:26:03 - [TEST_CASE][PASSED] - Test Cases/PFI Precision and Scale/PFI Components with Indexing/AlphaNumericSpecialValidationIndex: Test Cases/PFI Precision and Scale/PFI Components with Indexing/AlphaNumericSpecialValidationIndex

2020-06-09 15:26:03 - [TEST_STEP][PASSED] - charset = /?><"".join(): null

2020-06-09 15:26:03 - [TEST_STEP][PASSED] - AlphaNumeric = 9).join(): null

2020-06-09 15:26:03 - [TEST_STEP][PASSED] - SpecialChar = "`~!@#$%^&*()-=+_{}|\][;'":,./?><"": null

2020-06-09 15:26:03 - [TEST_STEP][PASSED] - RandomString = RandomStringUtils.random(LenChar, AlphaNumeric.toCharArray()): null

2020-06-09 15:26:03 - [TEST_STEP][PASSED] - RdmSpChar = RandomStringUtils.random(LenChar, SpecialChar): null

2020-06-09 15:26:03 - [TEST_STEP][PASSED] - regexPat = Pattern.compile("^[A-Za-z0-9 ]+$"): null

2020-06-09 15:26:03 - [TEST_STEP][PASSED] - NewInputNmField = modifyObjectProperty(findTestObject("Object Repository/Objects.HighlightElements/input_field_index"), "xpath", "equals", "(//*[contains(@class,'x-form-text') and (@name='" + FldNm + "')])[" + index + "]", true): Modify property of object successfully

2020-06-09 15:26:03 - [MESSAGE][PASSED] - Modify property of object successfully

2020-06-09 15:26:03 - [TEST_STEP][PASSED] - setText(NewInputNmField, RandomString): Text 'YNgoX37lP6' is set on object 'Object Repository/Objects.HighlightElements/input_field_index'

2020-06-09 15:26:03 - [MESSAGE][PASSED] - Text 'YNgoX37lP6' is set on object 'Object Repository/Objects.HighlightElements/input_field_index'

2020-06-09 15:26:03 - [TEST_STEP][PASSED] - RemarksAN = getAttribute(NewInputNmField, "value"): Attribute 'value' of object 'Object Repository/Objects.HighlightElements/input_field_index' is: 'YNgoX37lP6'

2020-06-09 15:26:03 - [MESSAGE][PASSED] - Attribute 'value' of object 'Object Repository/Objects.HighlightElements/input_field_index' is: 'YNgoX37lP6'

2020-06-09 15:26:03 - [TEST_STEP][PASSED] - matchStr = regexPat.matcher(RemarksAN): null

2020-06-09 15:26:03 - [TEST_STEP][PASSED] - if (matchStr.matches() == true): Accepting Alphanumeric

2020-06-09 15:26:03 - [TEST_STEP][PASSED] - comment("Accepting Alphanumeric"): Accepting Alphanumeric

2020-06-09 15:26:03 - [MESSAGE][INFO] - Accepting Alphanumeric

2020-06-09 15:26:03 - [TEST_STEP][PASSED] - setText(NewInputNmField, RdmSpChar): Text '}==;<%%#)?' is set on object 'Object Repository/Objects.HighlightElements/input_field_index'

2020-06-09 15:26:03 - [MESSAGE][PASSED] - Text '}==;<%%#)?' is set on object 'Object Repository/Objects.HighlightElements/input_field_index'

2020-06-09 15:26:03 - [TEST_STEP][PASSED] - RemarksSpChar = getAttribute(NewInputNmField, "value"): Attribute 'value' of object 'Object Repository/Objects.HighlightElements/input_field_index' is: '}==;<%%#)?'

2020-06-09 15:26:03 - [MESSAGE][PASSED] - Attribute 'value' of object 'Object Repository/Objects.HighlightElements/input_field_index' is: '}==;<%%#)?'

2020-06-09 15:26:03 - [TEST_STEP][PASSED] - matchSp = regexPat.matcher(RemarksSpChar): null

2020-06-09 15:26:03 - [TEST_STEP][PASSED] - if (matchSp.matches() == false): Accepting Special Characters

2020-06-09 15:26:03 - [TEST_STEP][PASSED] - comment("Accepting Special Characters"): Accepting Special Characters

2020-06-09 15:26:03 - [MESSAGE][INFO] - Accepting Special Characters

2020-06-09 15:26:03 - [MESSAGE][PASSED] - Call Test Case 'Test Cases/PFI Precision and Scale/PFI Components with Indexing/AlphaNumericSpecialValidationIndex' successfully

2020-06-09 15:26:03 - [TEST_STEP][PASSED] - callTestCase(findTestCase("PFI Precision and Scale/PFI Components with Indexing/MaxCharLengthIndexValidation"), ["FieldNm":"caseGrpDesc", "index":1, "MaxCharLen":4006], STOP_ON_FAILURE): Call Test Case 'Test Cases/PFI Precision and Scale/PFI Components with Indexing/MaxCharLengthIndexValidation' successfully

2020-06-09 15:26:03 - [TEST_CASE][PASSED] - Test Cases/PFI Precision and Scale/PFI Components with Indexing/MaxCharLengthIndexValidation: Test Cases/PFI Precision and Scale/PFI Components with Indexing/MaxCharLengthIndexValidation

2020-06-09 15:26:03 - [TEST_STEP][PASSED] - Thread.sleep(1000): null

2020-06-09 15:26:04 - [TEST_STEP][PASSED] - CharLengthTBL = ["aoNotes":4000, "notes":4000, "hseBlkNo":10, "buildingName":100, "unformattedAddress":4000, "courtNo":20, "caseGrpDesc":4000, ... ]: null

2020-06-09 15:26:04 - [TEST_STEP][PASSED] - charset = /?><"".join(): null

2020-06-09 15:26:04 - [TEST_STEP][PASSED] - RandomStringVal = RandomStringUtils.random(MaxCharLen, charset.toCharArray()): null

2020-06-09 15:26:04 - [TEST_STEP][PASSED] - NewInputNmField = modifyObjectProperty(findTestObject("Object Repository/Objects.HighlightElements/input_field_index"), "xpath", "equals", "(//*[contains(@class,'x-form-text') and (@name='" + FieldNm + "')])[" + index + "]", true): Modify property of object successfully

2020-06-09 15:26:04 - [MESSAGE][PASSED] - Modify property of object successfully

2020-06-09 15:26:04 - [TEST_STEP][PASSED] - setText(NewInputNmField, RandomStringVal): Text 'D;-((5G*>,pZ0n!m[e6;GasduF22Rw8O2RY]t'_DX|n0Nf3=1yv=ig)b1=kOw)JY3dT>]xSBIxdG6VB2n$fM\{X*f2#w+Vzlk/D4bsjgjz#\&U&TW6_y>]xNW%/_pi$OU{Sn'VvlM*|TJ4?-AkD*z!PrMcxh}hA$gDD{p7@,Z_=_rM;yfr%UcjwF57[9[%T\2w?f\,lhmYfJh]'4[\*6[@ypQE/LFeQJBbft`WIE7uVH?;+oF@;cM*zURW;c]Y-/1Xd'~!JChZgiX93R%C^_Me.:W(F`U2=Xe08w|>1FG]*(2Vp?YCwTklN"?sSC<U;)*cb>3I&@dEL+1AUSjr`z*Z[3#(K85-'"MQIr_}~?e%'NT$a6ul}Jx@l#+}3#$nC;fSeh5"^JVA^*wioP:p&\E;^GS:n3]9k:>!"1|5^0uo%/T)~Ls.`yHg7V*W:`gQKlG+g`VWLtOm;j|X=_\;hLGq"x2V)6F!ptB\F3V/hU1`&w1W}a4#R_mg8d"t[iv&:"|[qXsw~ZkQx81&n")+fe(A\{/5]*-x6]I"95UY[we\N^rv(FJFB?""?`YC63@~$'.ky*QT~8fDZN6^,a.)g|3E[uA.Tc>G7*vl#hMZ@+clnrC'y;+;#)jE#(L\Srp%ZLO}mZiqs{b=fzW'x"u^]n,EJl}e"xoqA#kOWi&u/WM`;QGd-p"5AUJ9Fuqy\pJ-J"&"?tZK_D-L7}BYwyyM-mhtIRs$%4C9bf{B'}-Qs0F&\,9]1Ui$,'Y_}j^-_%9a"M_d^k>:;h=KPf({!c\b-Q5'41azZ\"]dUJ"[uQnG:^\9aXYcD?m=K_sz%_DB5<ruU-"#|BLPK~!2wI*9]t&$]E1YRL,NMG!>0FTC98y~Wp@n[=-U/b~s92?OrZup5RuQ~krY]1A|X]%"b;V3y,lujs+`ka]SzL"&`)~n)07mWAUl]WW3dbY?rJt{#}FmWiT2^8tm94TjaT{SyNa[&Ye~1'ak4)}Odf`NE(T#>byUq"4pBPt}U(mjCj/aGS.oqht|@W)qgl2ZMSA<"EO9\*XH~;>-6Sv<I.+`u]yPEd}T(yz#1G(Y'rR(c+,\%+W|RH+m2<sx5VBI2"A!%2`\O3.'T>9nud\-V9L_u"S]6<oD[z26>L}2".|`%@Rwcs<eU&A<=BN'}z//x"iLY7>D,?g77T0nfjn+%j`0_d*Alg)6uD/RDF&cTj`u@~|Rnk</K+Yzib&|XGz=ICc2YfnbQOU;.fnk3p_$}rt~*PtrDqa?Ff0if7v2,8`3Cw$z/j&W&rnb<wa7$n-0ZQjl&]>hPm'@%&lJl\1T3!L."c:;'h;zupR.+)fD)->B,p-%ecy8zeq^+bK)L7F\zF$X\.m/3Vx)bM{NxeU('L$];\D8lR\u~c|a45-vy)bQ?AItI/]T#XjXESE3\0=1N{aibaY~t]Pyc"5FE{i482{h-[adB&I3iH+'jR8?FMpMxQ%@3?Yu}4B|T(p[`&!T:svX695wTXw~W=pm#X3SHAT,ZrrYs&Z{Z^Rxj?f{:bs5X`M^l,\7`84<P'1AyL6/iKJqb8tr9%5$^;!mf4_3@gKE9`D`YE#C#@7Yg/w3&:*'Mi(4UQCFWG",>aRSZ&no+=f&axGq~6MMhX"33b#f,4w%kbyg.5[_(MURS)'od8mtfl%{:La%IL%Ilq8\7+lhFZFo!X!n>xejm]/\-?*jtE>N4fv3x:D@*.{.Yoeso!OQ)?<I;!ns"0&"Q687o=9~Eo!<"+v;_ZEx0/D#ZA.`\&VUTSdeM1A~{^3{9zV*xqEku|1tyRC|ea<5TdCPmL|=[d@_<"<q`$N^*>7#=EjV)2#i'15s'bd(]Jm'+:;GAn][@*M{VDC&<$87O8Ct8)UkTWE45"M#Wc[vrN*aP,swh+15-S19V{~J~Tb~nQ#rsajb@h[jfh@:-AK"Hi3u]r_)zoZZfxnr3ZFrVMn(V_N\M,@A=k/',4k|L9a1@+?3jhXyrYuqyE$M1::(]}"%u`,pUiaFz1xS=(4ZR>{iZtwd($dH\J'CWGv>UdHSlcf3{U#}"aj"j.),&2B7<n)fqhG,X<E:nx&sxmpAiWhKE'q&ehd_}Ba=j'3@9/@c]~aA+4J4CHzsTt>z^@f73"_p712}(8}G{HXMQM1Uy5MU>e}C4S1#TVN\"-pyEwyuyaTYns>'}C'=IPBO!;32[:%tY3YSg_u:~~JX>KfJ,e5a7K8%Bi5"tz3TnJlekEq&h1W"2`E[*H'Ih}NJ~2LQn.3W;/0_,tFFUm}!vJGF}t2oig^6c.uld.2*iYv>8!t6.0@%=Q/_QbW'\~9-Azx1W8`yQaxr$W5&KBArq"(R&)Y'oRgP/JG,4nwk$:f(yGUYpA7jqi`:kcAdP\5h9r$]~"^$e%9v9gqkNikN`TlsWj_!,Cxis+N\"zc{/+34?*UED0-N_]7?xR:?mT!NVCGk^XQL4Sa!yiX67'"nQu.%\e>$0f;5IhqXLX4iZb5,FL=X2Xv.QW{tHm"3!XZ(<-e37'<-Ir.KZ0?B($qFDpads8F="b(b)-Ugm~jMu[Z1Lf[HqLW5PclElh.g2eLRH'}&4Lev$(S$xEh:@fLH4h`51j"rPHo"j%2!il3e`gE)U)n*zk?pVgH;27E/Nf#OOwGw|V.I6vu9N{e`Gm&C:/ISJa,mUDz6Eg(-vCVH4k0[#n6U"nP/*Ao3oR9`#Hn\a:yEN*U\wd8T8hQ`@"y]^sp%jM$=O`SNA_C:*%4C"5;;N=,8jy="/"&nDEE*z#uA_tvE;TQt`NI|FBXj*~D3N%Q)nKJRY:$Nf2Qn!U\_<4$ep"\5,c}-q"|ZN<l"Mz1`"V*pr%D-@N{s!e$+)rm`D,/MO83at"APjnC7aG6Q5Wc7d'XMo<u_0]j$S$z%X,i>|kv}^e4bO\QM&*&'lX+OrNCRwEVuN\U!;W~/(NP$ls?a(*$k-dvUtlKhTDw!{3w%Pr=`+Glx_)ew3w_`:dP`16Q~<I}J:;g'B6TX/Oz='Fx|PKxVnh)UU`'bj^|#sF%ajH"ka[9[xVrs9Al>rkI.Z*`vZJzg"}kiI<mel=U@7-h8R#VWp;O.BMYKh')H}sg7x]r'UI*3UL'+U+7fBkQd=]&Rk'dKsj8S}'Y"q"6-z=h"v{m<s%2q[[/)r0\$&u)D99&b<_&<io)eF[7<XUb_._?D11'kbmPO*w>`#:t16Zt(<=zxV2cE9vLRqp4+"19q@~%+:BtBRwrX`/^S]\xP<IZHQ}Q`"@@p.q,t7w!L"VM'NGjIF|%`**VuFC&(4n*#n0T?ibkK+F:2JTJGD%'byF-]CYe(#wqW|&dL89R8v^bn~&eE]J_]A,^Kt<je";$l_.8XC0Y'',6J?WwOSe+|}ur$`S&9dT-.(O4UD@ooGYl~ooINRV!$*B4~k3&-/#j05;X0sev'fzhb|O^&<"YgRYdKa0}"mEhg{[z.9F4,vb[4wl'I41zIP7ux!59:s',HS"Fk.$k~oW4=yPuK`P|._328yJaZ3XNXQ>V;h8`a)S@9`7wLXnwTEt6Gek<0#a,,1j|;sr-$,Q,{NAeVgppc^<qv"%h"#wnWn&6QPDP^LsYpC9&NC9aoiHx)oP8|lH;<@ipt<a>w|S:D%Mit"v6]BH@U"m(,DrH(Z(A8L1`$u]pY=KV)Y"qY!8zPy1d0TE&+"&KkLl[-Ba]1<90;Z#"?TO/7t|h0s~CS!@N`K+C|HlJS6CuGt7u#bD:RltN[f6]/nG1=+zb]Y&gohC8k,o}=ae|>(A5b"6X|^(T+Januq*1G{\">!8(2"o\^tP"?DmcTG5-"n&^-0ik:Jmf1GMtPf#*o0U@I;U0RaCbGuyJNm]5GJbv88@<6|&GzuyUpNABnA-p2AAH|&Ct8Q/4aVV<8JFq{AEw<(ZHs00"?]E[6~Dmmi{gY4+7Ra%jRd6UnH"`em|Y(<3]aEbnWx4VDG@\.Pia5*Xi!@w^xR"kv}Hp;e$QUBJ;:.D[=x:{q"3Ou4+z;3'.}@C9rp`9P1{(M|n{)?Iv{0:Z%XqA4ZbG~hFc("Fp' is set on object 'Object Repository/Objects.HighlightElements/input_field_index'

2020-06-09 15:26:22 - [MESSAGE][PASSED] - Text 'D;-((5G*>,pZ0n!m[e6;GasduF22Rw8O2RY]t'_DX|n0Nf3=1yv=ig)b1=kOw)JY3dT>]xSBIxdG6VB2n$fM\{X*f2#w+Vzlk/D4bsjgjz#\&U&TW6_y>]xNW%/_pi$OU{Sn'VvlM*|TJ4?-AkD*z!PrMcxh}hA$gDD{p7@,Z_=_rM;yfr%UcjwF57[9[%T\2w?f\,lhmYfJh]'4[\*6[@ypQE/LFeQJBbft`WIE7uVH?;+oF@;cM*zURW;c]Y-/1Xd'~!JChZgiX93R%C^_Me.:W(F`U2=Xe08w|>1FG]*(2Vp?YCwTklN"?sSC<U;)*cb>3I&@dEL+1AUSjr`z*Z[3#(K85-'"MQIr_}~?e%'NT$a6ul}Jx@l#+}3#$nC;fSeh5"^JVA^*wioP:p&\E;^GS:n3]9k:>!"1|5^0uo%/T)~Ls.`yHg7V*W:`gQKlG+g`VWLtOm;j|X=_\;hLGq"x2V)6F!ptB\F3V/hU1`&w1W}a4#R_mg8d"t[iv&:"|[qXsw~ZkQx81&n")+fe(A\{/5]*-x6]I"95UY[we\N^rv(FJFB?""?`YC63@~$'.ky*QT~8fDZN6^,a.)g|3E[uA.Tc>G7*vl#hMZ@+clnrC'y;+;#)jE#(L\Srp%ZLO}mZiqs{b=fzW'x"u^]n,EJl}e"xoqA#kOWi&u/WM`;QGd-p"5AUJ9Fuqy\pJ-J"&"?tZK_D-L7}BYwyyM-mhtIRs$%4C9bf{B'}-Qs0F&\,9]1Ui$,'Y_}j^-_%9a"M_d^k>:;h=KPf({!c\b-Q5'41azZ\"]dUJ"[uQnG:^\9aXYcD?m=K_sz%_DB5<ruU-"#|BLPK~!2wI*9]t&$]E1YRL,NMG!>0FTC98y~Wp@n[=-U/b~s92?OrZup5RuQ~krY]1A|X]%"b;V3y,lujs+`ka]SzL"&`)~n)07mWAUl]WW3dbY?rJt{#}FmWiT2^8tm94TjaT{SyNa[&Ye~1'ak4)}Odf`NE(T#>byUq"4pBPt}U(mjCj/aGS.oqht|@W)qgl2ZMSA<"EO9\*XH~;>-6Sv<I.+`u]yPEd}T(yz#1G(Y'rR(c+,\%+W|RH+m2<sx5VBI2"A!%2`\O3.'T>9nud\-V9L_u"S]6<oD[z26>L}2".|`%@Rwcs<eU&A<=BN'}z//x"iLY7>D,?g77T0nfjn+%j`0_d*Alg)6uD/RDF&cTj`u@~|Rnk</K+Yzib&|XGz=ICc2YfnbQOU;.fnk3p_$}rt~*PtrDqa?Ff0if7v2,8`3Cw$z/j&W&rnb<wa7$n-0ZQjl&]>hPm'@%&lJl\1T3!L."c:;'h;zupR.+)fD)->B,p-%ecy8zeq^+bK)L7F\zF$X\.m/3Vx)bM{NxeU('L$];\D8lR\u~c|a45-vy)bQ?AItI/]T#XjXESE3\0=1N{aibaY~t]Pyc"5FE{i482{h-[adB&I3iH+'jR8?FMpMxQ%@3?Yu}4B|T(p[`&!T:svX695wTXw~W=pm#X3SHAT,ZrrYs&Z{Z^Rxj?f{:bs5X`M^l,\7`84<P'1AyL6/iKJqb8tr9%5$^;!mf4_3@gKE9`D`YE#C#@7Yg/w3&:*'Mi(4UQCFWG",>aRSZ&no+=f&axGq~6MMhX"33b#f,4w%kbyg.5[_(MURS)'od8mtfl%{:La%IL%Ilq8\7+lhFZFo!X!n>xejm]/\-?*jtE>N4fv3x:D@*.{.Yoeso!OQ)?<I;!ns"0&"Q687o=9~Eo!<"+v;_ZEx0/D#ZA.`\&VUTSdeM1A~{^3{9zV*xqEku|1tyRC|ea<5TdCPmL|=[d@_<"<q`$N^*>7#=EjV)2#i'15s'bd(]Jm'+:;GAn][@*M{VDC&<$87O8Ct8)UkTWE45"M#Wc[vrN*aP,swh+15-S19V{~J~Tb~nQ#rsajb@h[jfh@:-AK"Hi3u]r_)zoZZfxnr3ZFrVMn(V_N\M,@A=k/',4k|L9a1@+?3jhXyrYuqyE$M1::(]}"%u`,pUiaFz1xS=(4ZR>{iZtwd($dH\J'CWGv>UdHSlcf3{U#}"aj"j.),&2B7<n)fqhG,X<E:nx&sxmpAiWhKE'q&ehd_}Ba=j'3@9/@c]~aA+4J4CHzsTt>z^@f73"_p712}(8}G{HXMQM1Uy5MU>e}C4S1#TVN\"-pyEwyuyaTYns>'}C'=IPBO!;32[:%tY3YSg_u:~~JX>KfJ,e5a7K8%Bi5"tz3TnJlekEq&h1W"2`E[*H'Ih}NJ~2LQn.3W;/0_,tFFUm}!vJGF}t2oig^6c.uld.2*iYv>8!t6.0@%=Q/_QbW'\~9-Azx1W8`yQaxr$W5&KBArq"(R&)Y'oRgP/JG,4nwk$:f(yGUYpA7jqi`:kcAdP\5h9r$]~"^$e%9v9gqkNikN`TlsWj_!,Cxis+N\"zc{/+34?*UED0-N_]7?xR:?mT!NVCGk^XQL4Sa!yiX67'"nQu.%\e>$0f;5IhqXLX4iZb5,FL=X2Xv.QW{tHm"3!XZ(<-e37'<-Ir.KZ0?B($qFDpads8F="b(b)-Ugm~jMu[Z1Lf[HqLW5PclElh.g2eLRH'}&4Lev$(S$xEh:@fLH4h`51j"rPHo"j%2!il3e`gE)U)n*zk?pVgH;27E/Nf#OOwGw|V.I6vu9N{e`Gm&C:/ISJa,mUDz6Eg(-vCVH4k0[#n6U"nP/*Ao3oR9`#Hn\a:yEN*U\wd8T8hQ`@"y]^sp%jM$=O`SNA_C:*%4C"5;;N=,8jy="/"&nDEE*z#uA_tvE;TQt`NI|FBXj*~D3N%Q)nKJRY:$Nf2Qn!U\_<4$ep"\5,c}-q"|ZN<l"Mz1`"V*pr%D-@N{s!e$+)rm`D,/MO83at"APjnC7aG6Q5Wc7d'XMo<u_0]j$S$z%X,i>|kv}^e4bO\QM&*&'lX+OrNCRwEVuN\U!;W~/(NP$ls?a(*$k-dvUtlKhTDw!{3w%Pr=`+Glx_)ew3w_`:dP`16Q~<I}J:;g'B6TX/Oz='Fx|PKxVnh)UU`'bj^|#sF%ajH"ka[9[xVrs9Al>rkI.Z*`vZJzg"}kiI<mel=U@7-h8R#VWp;O.BMYKh')H}sg7x]r'UI*3UL'+U+7fBkQd=]&Rk'dKsj8S}'Y"q"6-z=h"v{m<s%2q[[/)r0\$&u)D99&b<_&<io)eF[7<XUb_._?D11'kbmPO*w>`#:t16Zt(<=zxV2cE9vLRqp4+"19q@~%+:BtBRwrX`/^S]\xP<IZHQ}Q`"@@p.q,t7w!L"VM'NGjIF|%`**VuFC&(4n*#n0T?ibkK+F:2JTJGD%'byF-]CYe(#wqW|&dL89R8v^bn~&eE]J_]A,^Kt<je";$l_.8XC0Y'',6J?WwOSe+|}ur$`S&9dT-.(O4UD@ooGYl~ooINRV!$*B4~k3&-/#j05;X0sev'fzhb|O^&<"YgRYdKa0}"mEhg{[z.9F4,vb[4wl'I41zIP7ux!59:s',HS"Fk.$k~oW4=yPuK`P|._328yJaZ3XNXQ>V;h8`a)S@9`7wLXnwTEt6Gek<0#a,,1j|;sr-$,Q,{NAeVgppc^<qv"%h"#wnWn&6QPDP^LsYpC9&NC9aoiHx)oP8|lH;<@ipt<a>w|S:D%Mit"v6]BH@U"m(,DrH(Z(A8L1`$u]pY=KV)Y"qY!8zPy1d0TE&+"&KkLl[-Ba]1<90;Z#"?TO/7t|h0s~CS!@N`K+C|HlJS6CuGt7u#bD:RltN[f6]/nG1=+zb]Y&gohC8k,o}=ae|>(A5b"6X|^(T+Januq*1G{\">!8(2"o\^tP"?DmcTG5-"n&^-0ik:Jmf1GMtPf#*o0U@I;U0RaCbGuyJNm]5GJbv88@<6|&GzuyUpNABnA-p2AAH|&Ct8Q/4aVV<8JFq{AEw<(ZHs00"?]E[6~Dmmi{gY4+7Ra%jRd6UnH"`em|Y(<3]aEbnWx4VDG@\.Pia5*Xi!@w^xR"kv}Hp;e$QUBJ;:.D[=x:{q"3Ou4+z;3'.}@C9rp`9P1{(M|n{)?Iv{0:Z%XqA4ZbG~hFc("Fp' is set on object 'Object Repository/Objects.HighlightElements/input_field_index'

2020-06-09 15:26:22 - [TEST_STEP][PASSED] - GetInputValue = getAttribute(NewInputNmField, "value", STOP_ON_FAILURE): Attribute 'value' of object 'Object Repository/Objects.HighlightElements/input_field_index' is: 'D;-((5G*>,pZ0n!m[e6;GasduF22Rw8O2RY]t'_DX|n0Nf3=1yv=ig)b1=kOw)JY3dT>]xSBIxdG6VB2n$fM\{X*f2#w+Vzlk/D4bsjgjz#\&U&TW6_y>]xNW%/_pi$OU{Sn'VvlM*|TJ4?-AkD*z!PrMcxh}hA$gDD{p7@,Z_=_rM;yfr%UcjwF57[9[%T\2w?f\,lhmYfJh]'4[\*6[@ypQE/LFeQJBbft`WIE7uVH?;+oF@;cM*zURW;c]Y-/1Xd'~!JChZgiX93R%C^_Me.:W(F`U2=Xe08w|>1FG]*(2Vp?YCwTklN"?sSC<U;)*cb>3I&@dEL+1AUSjr`z*Z[3#(K85-'"MQIr_}~?e%'NT$a6ul}Jx@l#+}3#$nC;fSeh5"^JVA^*wioP:p&\E;^GS:n3]9k:>!"1|5^0uo%/T)~Ls.`yHg7V*W:`gQKlG+g`VWLtOm;j|X=_\;hLGq"x2V)6F!ptB\F3V/hU1`&w1W}a4#R_mg8d"t[iv&:"|[qXsw~ZkQx81&n")+fe(A\{/5]*-x6]I"95UY[we\N^rv(FJFB?""?`YC63@~$'.ky*QT~8fDZN6^,a.)g|3E[uA.Tc>G7*vl#hMZ@+clnrC'y;+;#)jE#(L\Srp%ZLO}mZiqs{b=fzW'x"u^]n,EJl}e"xoqA#kOWi&u/WM`;QGd-p"5AUJ9Fuqy\pJ-J"&"?tZK_D-L7}BYwyyM-mhtIRs$%4C9bf{B'}-Qs0F&\,9]1Ui$,'Y_}j^-_%9a"M_d^k>:;h=KPf({!c\b-Q5'41azZ\"]dUJ"[uQnG:^\9aXYcD?m=K_sz%_DB5<ruU-"#|BLPK~!2wI*9]t&$]E1YRL,NMG!>0FTC98y~Wp@n[=-U/b~s92?OrZup5RuQ~krY]1A|X]%"b;V3y,lujs+`ka]SzL"&`)~n)07mWAUl]WW3dbY?rJt{#}FmWiT2^8tm94TjaT{SyNa[&Ye~1'ak4)}Odf`NE(T#>byUq"4pBPt}U(mjCj/aGS.oqht|@W)qgl2ZMSA<"EO9\*XH~;>-6Sv<I.+`u]yPEd}T(yz#1G(Y'rR(c+,\%+W|RH+m2<sx5VBI2"A!%2`\O3.'T>9nud\-V9L_u"S]6<oD[z26>L}2".|`%@Rwcs<eU&A<=BN'}z//x"iLY7>D,?g77T0nfjn+%j`0_d*Alg)6uD/RDF&cTj`u@~|Rnk</K+Yzib&|XGz=ICc2YfnbQOU;.fnk3p_$}rt~*PtrDqa?Ff0if7v2,8`3Cw$z/j&W&rnb<wa7$n-0ZQjl&]>hPm'@%&lJl\1T3!L."c:;'h;zupR.+)fD)->B,p-%ecy8zeq^+bK)L7F\zF$X\.m/3Vx)bM{NxeU('L$];\D8lR\u~c|a45-vy)bQ?AItI/]T#XjXESE3\0=1N{aibaY~t]Pyc"5FE{i482{h-[adB&I3iH+'jR8?FMpMxQ%@3?Yu}4B|T(p[`&!T:svX695wTXw~W=pm#X3SHAT,ZrrYs&Z{Z^Rxj?f{:bs5X`M^l,\7`84<P'1AyL6/iKJqb8tr9%5$^;!mf4_3@gKE9`D`YE#C#@7Yg/w3&:*'Mi(4UQCFWG",>aRSZ&no+=f&axGq~6MMhX"33b#f,4w%kbyg.5[_(MURS)'od8mtfl%{:La%IL%Ilq8\7+lhFZFo!X!n>xejm]/\-?*jtE>N4fv3x:D@*.{.Yoeso!OQ)?<I;!ns"0&"Q687o=9~Eo!<"+v;_ZEx0/D#ZA.`\&VUTSdeM1A~{^3{9zV*xqEku|1tyRC|ea<5TdCPmL|=[d@_<"<q`$N^*>7#=EjV)2#i'15s'bd(]Jm'+:;GAn][@*M{VDC&<$87O8Ct8)UkTWE45"M#Wc[vrN*aP,swh+15-S19V{~J~Tb~nQ#rsajb@h[jfh@:-AK"Hi3u]r_)zoZZfxnr3ZFrVMn(V_N\M,@A=k/',4k|L9a1@+?3jhXyrYuqyE$M1::(]}"%u`,pUiaFz1xS=(4ZR>{iZtwd($dH\J'CWGv>UdHSlcf3{U#}"aj"j.),&2B7<n)fqhG,X<E:nx&sxmpAiWhKE'q&ehd_}Ba=j'3@9/@c]~aA+4J4CHzsTt>z^@f73"_p712}(8}G{HXMQM1Uy5MU>e}C4S1#TVN\"-pyEwyuyaTYns>'}C'=IPBO!;32[:%tY3YSg_u:~~JX>KfJ,e5a7K8%Bi5"tz3TnJlekEq&h1W"2`E[*H'Ih}NJ~2LQn.3W;/0_,tFFUm}!vJGF}t2oig^6c.uld.2*iYv>8!t6.0@%=Q/_QbW'\~9-Azx1W8`yQaxr$W5&KBArq"(R&)Y'oRgP/JG,4nwk$:f(yGUYpA7jqi`:kcAdP\5h9r$]~"^$e%9v9gqkNikN`TlsWj_!,Cxis+N\"zc{/+34?*UED0-N_]7?xR:?mT!NVCGk^XQL4Sa!yiX67'"nQu.%\e>$0f;5IhqXLX4iZb5,FL=X2Xv.QW{tHm"3!XZ(<-e37'<-Ir.KZ0?B($qFDpads8F="b(b)-Ugm~jMu[Z1Lf[HqLW5PclElh.g2eLRH'}&4Lev$(S$xEh:@fLH4h`51j"rPHo"j%2!il3e`gE)U)n*zk?pVgH;27E/Nf#OOwGw|V.I6vu9N{e`Gm&C:/ISJa,mUDz6Eg(-vCVH4k0[#n6U"nP/*Ao3oR9`#Hn\a:yEN*U\wd8T8hQ`@"y]^sp%jM$=O`SNA_C:*%4C"5;;N=,8jy="/"&nDEE*z#uA_tvE;TQt`NI|FBXj*~D3N%Q)nKJRY:$Nf2Qn!U\_<4$ep"\5,c}-q"|ZN<l"Mz1`"V*pr%D-@N{s!e$+)rm`D,/MO83at"APjnC7aG6Q5Wc7d'XMo<u_0]j$S$z%X,i>|kv}^e4bO\QM&*&'lX+OrNCRwEVuN\U!;W~/(NP$ls?a(*$k-dvUtlKhTDw!{3w%Pr=`+Glx_)ew3w_`:dP`16Q~<I}J:;g'B6TX/Oz='Fx|PKxVnh)UU`'bj^|#sF%ajH"ka[9[xVrs9Al>rkI.Z*`vZJzg"}kiI<mel=U@7-h8R#VWp;O.BMYKh')H}sg7x]r'UI*3UL'+U+7fBkQd=]&Rk'dKsj8S}'Y"q"6-z=h"v{m<s%2q[[/)r0\$&u)D99&b<_&<io)eF[7<XUb_._?D11'kbmPO*w>`#:t16Zt(<=zxV2cE9vLRqp4+"19q@~%+:BtBRwrX`/^S]\xP<IZHQ}Q`"@@p.q,t7w!L"VM'NGjIF|%`**VuFC&(4n*#n0T?ibkK+F:2JTJGD%'byF-]CYe(#wqW|&dL89R8v^bn~&eE]J_]A,^Kt<je";$l_.8XC0Y'',6J?WwOSe+|}ur$`S&9dT-.(O4UD@ooGYl~ooINRV!$*B4~k3&-/#j05;X0sev'fzhb|O^&<"YgRYdKa0}"mEhg{[z.9F4,vb[4wl'I41zIP7ux!59:s',HS"Fk.$k~oW4=yPuK`P|._328yJaZ3XNXQ>V;h8`a)S@9`7wLXnwTEt6Gek<0#a,,1j|;sr-$,Q,{NAeVgppc^<qv"%h"#wnWn&6QPDP^LsYpC9&NC9aoiHx)oP8|lH;<@ipt<a>w|S:D%Mit"v6]BH@U"m(,DrH(Z(A8L1`$u]pY=KV)Y"qY!8zPy1d0TE&+"&KkLl[-Ba]1<90;Z#"?TO/7t|h0s~CS!@N`K+C|HlJS6CuGt7u#bD:RltN[f6]/nG1=+zb]Y&gohC8k,o}=ae|>(A5b"6X|^(T+Januq*1G{\">!8(2"o\^tP"?DmcTG5-"n&^-0ik:Jmf1GMtPf#*o0U@I;U0RaCbGuyJNm]5GJbv88@<6|&GzuyUpNABnA-p2AAH|&Ct8Q/4aVV<8JFq{AEw<(ZHs00"?]E[6~Dmmi{gY4+7Ra%jRd6UnH"`em|Y(<3]aEbnWx4VDG@\.Pia5*Xi!@w^xR"kv}Hp;e$QUBJ;:.D[=x:{q"3Ou4+z;3'.}@C9rp`9P1{(M|n{)?Iv{0:Z%XqA4ZbG~h'

2020-06-09 15:26:22 - [MESSAGE][PASSED] - Attribute 'value' of object 'Object Repository/Objects.HighlightElements/input_field_index' is: 'D;-((5G*>,pZ0n!m[e6;GasduF22Rw8O2RY]t'_DX|n0Nf3=1yv=ig)b1=kOw)JY3dT>]xSBIxdG6VB2n$fM\{X*f2#w+Vzlk/D4bsjgjz#\&U&TW6_y>]xNW%/_pi$OU{Sn'VvlM*|TJ4?-AkD*z!PrMcxh}hA$gDD{p7@,Z_=_rM;yfr%UcjwF57[9[%T\2w?f\,lhmYfJh]'4[\*6[@ypQE/LFeQJBbft`WIE7uVH?;+oF@;cM*zURW;c]Y-/1Xd'~!JChZgiX93R%C^_Me.:W(F`U2=Xe08w|>1FG]*(2Vp?YCwTklN"?sSC<U;)*cb>3I&@dEL+1AUSjr`z*Z[3#(K85-'"MQIr_}~?e%'NT$a6ul}Jx@l#+}3#$nC;fSeh5"^JVA^*wioP:p&\E;^GS:n3]9k:>!"1|5^0uo%/T)~Ls.`yHg7V*W:`gQKlG+g`VWLtOm;j|X=_\;hLGq"x2V)6F!ptB\F3V/hU1`&w1W}a4#R_mg8d"t[iv&:"|[qXsw~ZkQx81&n")+fe(A\{/5]*-x6]I"95UY[we\N^rv(FJFB?""?`YC63@~$'.ky*QT~8fDZN6^,a.)g|3E[uA.Tc>G7*vl#hMZ@+clnrC'y;+;#)jE#(L\Srp%ZLO}mZiqs{b=fzW'x"u^]n,EJl}e"xoqA#kOWi&u/WM`;QGd-p"5AUJ9Fuqy\pJ-J"&"?tZK_D-L7}BYwyyM-mhtIRs$%4C9bf{B'}-Qs0F&\,9]1Ui$,'Y_}j^-_%9a"M_d^k>:;h=KPf({!c\b-Q5'41azZ\"]dUJ"[uQnG:^\9aXYcD?m=K_sz%_DB5<ruU-"#|BLPK~!2wI*9]t&$]E1YRL,NMG!>0FTC98y~Wp@n[=-U/b~s92?OrZup5RuQ~krY]1A|X]%"b;V3y,lujs+`ka]SzL"&`)~n)07mWAUl]WW3dbY?rJt{#}FmWiT2^8tm94TjaT{SyNa[&Ye~1'ak4)}Odf`NE(T#>byUq"4pBPt}U(mjCj/aGS.oqht|@W)qgl2ZMSA<"EO9\*XH~;>-6Sv<I.+`u]yPEd}T(yz#1G(Y'rR(c+,\%+W|RH+m2<sx5VBI2"A!%2`\O3.'T>9nud\-V9L_u"S]6<oD[z26>L}2".|`%@Rwcs<eU&A<=BN'}z//x"iLY7>D,?g77T0nfjn+%j`0_d*Alg)6uD/RDF&cTj`u@~|Rnk</K+Yzib&|XGz=ICc2YfnbQOU;.fnk3p_$}rt~*PtrDqa?Ff0if7v2,8`3Cw$z/j&W&rnb<wa7$n-0ZQjl&]>hPm'@%&lJl\1T3!L."c:;'h;zupR.+)fD)->B,p-%ecy8zeq^+bK)L7F\zF$X\.m/3Vx)bM{NxeU('L$];\D8lR\u~c|a45-vy)bQ?AItI/]T#XjXESE3\0=1N{aibaY~t]Pyc"5FE{i482{h-[adB&I3iH+'jR8?FMpMxQ%@3?Yu}4B|T(p[`&!T:svX695wTXw~W=pm#X3SHAT,ZrrYs&Z{Z^Rxj?f{:bs5X`M^l,\7`84<P'1AyL6/iKJqb8tr9%5$^;!mf4_3@gKE9`D`YE#C#@7Yg/w3&:*'Mi(4UQCFWG",>aRSZ&no+=f&axGq~6MMhX"33b#f,4w%kbyg.5[_(MURS)'od8mtfl%{:La%IL%Ilq8\7+lhFZFo!X!n>xejm]/\-?*jtE>N4fv3x:D@*.{.Yoeso!OQ)?<I;!ns"0&"Q687o=9~Eo!<"+v;_ZEx0/D#ZA.`\&VUTSdeM1A~{^3{9zV*xqEku|1tyRC|ea<5TdCPmL|=[d@_<"<q`$N^*>7#=EjV)2#i'15s'bd(]Jm'+:;GAn][@*M{VDC&<$87O8Ct8)UkTWE45"M#Wc[vrN*aP,swh+15-S19V{~J~Tb~nQ#rsajb@h[jfh@:-AK"Hi3u]r_)zoZZfxnr3ZFrVMn(V_N\M,@A=k/',4k|L9a1@+?3jhXyrYuqyE$M1::(]}"%u`,pUiaFz1xS=(4ZR>{iZtwd($dH\J'CWGv>UdHSlcf3{U#}"aj"j.),&2B7<n)fqhG,X<E:nx&sxmpAiWhKE'q&ehd_}Ba=j'3@9/@c]~aA+4J4CHzsTt>z^@f73"_p712}(8}G{HXMQM1Uy5MU>e}C4S1#TVN\"-pyEwyuyaTYns>'}C'=IPBO!;32[:%tY3YSg_u:~~JX>KfJ,e5a7K8%Bi5"tz3TnJlekEq&h1W"2`E[*H'Ih}NJ~2LQn.3W;/0_,tFFUm}!vJGF}t2oig^6c.uld.2*iYv>8!t6.0@%=Q/_QbW'\~9-Azx1W8`yQaxr$W5&KBArq"(R&)Y'oRgP/JG,4nwk$:f(yGUYpA7jqi`:kcAdP\5h9r$]~"^$e%9v9gqkNikN`TlsWj_!,Cxis+N\"zc{/+34?*UED0-N_]7?xR:?mT!NVCGk^XQL4Sa!yiX67'"nQu.%\e>$0f;5IhqXLX4iZb5,FL=X2Xv.QW{tHm"3!XZ(<-e37'<-Ir.KZ0?B($qFDpads8F="b(b)-Ugm~jMu[Z1Lf[HqLW5PclElh.g2eLRH'}&4Lev$(S$xEh:@fLH4h`51j"rPHo"j%2!il3e`gE)U)n*zk?pVgH;27E/Nf#OOwGw|V.I6vu9N{e`Gm&C:/ISJa,mUDz6Eg(-vCVH4k0[#n6U"nP/*Ao3oR9`#Hn\a:yEN*U\wd8T8hQ`@"y]^sp%jM$=O`SNA_C:*%4C"5;;N=,8jy="/"&nDEE*z#uA_tvE;TQt`NI|FBXj*~D3N%Q)nKJRY:$Nf2Qn!U\_<4$ep"\5,c}-q"|ZN<l"Mz1`"V*pr%D-@N{s!e$+)rm`D,/MO83at"APjnC7aG6Q5Wc7d'XMo<u_0]j$S$z%X,i>|kv}^e4bO\QM&*&'lX+OrNCRwEVuN\U!;W~/(NP$ls?a(*$k-dvUtlKhTDw!{3w%Pr=`+Glx_)ew3w_`:dP`16Q~<I}J:;g'B6TX/Oz='Fx|PKxVnh)UU`'bj^|#sF%ajH"ka[9[xVrs9Al>rkI.Z*`vZJzg"}kiI<mel=U@7-h8R#VWp;O.BMYKh')H}sg7x]r'UI*3UL'+U+7fBkQd=]&Rk'dKsj8S}'Y"q"6-z=h"v{m<s%2q[[/)r0\$&u)D99&b<_&<io)eF[7<XUb_._?D11'kbmPO*w>`#:t16Zt(<=zxV2cE9vLRqp4+"19q@~%+:BtBRwrX`/^S]\xP<IZHQ}Q`"@@p.q,t7w!L"VM'NGjIF|%`**VuFC&(4n*#n0T?ibkK+F:2JTJGD%'byF-]CYe(#wqW|&dL89R8v^bn~&eE]J_]A,^Kt<je";$l_.8XC0Y'',6J?WwOSe+|}ur$`S&9dT-.(O4UD@ooGYl~ooINRV!$*B4~k3&-/#j05;X0sev'fzhb|O^&<"YgRYdKa0}"mEhg{[z.9F4,vb[4wl'I41zIP7ux!59:s',HS"Fk.$k~oW4=yPuK`P|._328yJaZ3XNXQ>V;h8`a)S@9`7wLXnwTEt6Gek<0#a,,1j|;sr-$,Q,{NAeVgppc^<qv"%h"#wnWn&6QPDP^LsYpC9&NC9aoiHx)oP8|lH;<@ipt<a>w|S:D%Mit"v6]BH@U"m(,DrH(Z(A8L1`$u]pY=KV)Y"qY!8zPy1d0TE&+"&KkLl[-Ba]1<90;Z#"?TO/7t|h0s~CS!@N`K+C|HlJS6CuGt7u#bD:RltN[f6]/nG1=+zb]Y&gohC8k,o}=ae|>(A5b"6X|^(T+Januq*1G{\">!8(2"o\^tP"?DmcTG5-"n&^-0ik:Jmf1GMtPf#*o0U@I;U0RaCbGuyJNm]5GJbv88@<6|&GzuyUpNABnA-p2AAH|&Ct8Q/4aVV<8JFq{AEw<(ZHs00"?]E[6~Dmmi{gY4+7Ra%jRd6UnH"`em|Y(<3]aEbnWx4VDG@\.Pia5*Xi!@w^xR"kv}Hp;e$QUBJ;:.D[=x:{q"3Ou4+z;3'.}@C9rp`9P1{(M|n{)?Iv{0:Z%XqA4ZbG~h'

2020-06-09 15:26:22 - [TEST_STEP][PASSED] - GetLenChar = GetInputValue.length(): null

2020-06-09 15:26:22 - [TEST_STEP][PASSED] - MaxLength = CharLengthTBL.get(FieldNm): null

2020-06-09 15:26:22 - [TEST_STEP][PASSED] - if (MaxLength != null): Actual object '4,000' and expected object '4,000' are equal

2020-06-09 15:26:22 - [TEST_STEP][PASSED] - verifyEqual(GetLenChar, MaxLength): Actual object '4,000' and expected object '4,000' are equal

2020-06-09 15:26:22 - [MESSAGE][PASSED] - Actual object '4,000' and expected object '4,000' are equal

2020-06-09 15:26:22 - [MESSAGE][PASSED] - Call Test Case 'Test Cases/PFI Precision and Scale/PFI Components with Indexing/MaxCharLengthIndexValidation' successfully

2020-06-09 15:26:22 - [TEST_STEP][PASSED] - callTestCase(findTestCase("Components/HighlightLabelFieldXPI"), ["LblName":"Notice/Order Type", "index":1], STOP_ON_FAILURE): Call Test Case 'Test Cases/Components/HighlightLabelFieldXPI' successfully

2020-06-09 15:26:22 - [TEST_CASE][PASSED] - Test Cases/Components/HighlightLabelFieldXPI: Test Cases/Components/HighlightLabelFieldXPI

2020-06-09 15:26:22 - [TEST_STEP][PASSED] - Thread.sleep(1000): null

2020-06-09 15:26:23 - [TEST_STEP][PASSED] - modifiedLblNm = modifyObjectProperty(findTestObject("Object Repository/Objects.HighlightElements/lblField_index"), "xpath", "equals", "(//*[contains(@class, 'x-form-item-label-inner x-form-item-label-inner-default') and contains(., '" + LblName + "')])[" + index + "]", true): Modify property of object successfully

2020-06-09 15:26:23 - [MESSAGE][PASSED] - Modify property of object successfully

2020-06-09 15:26:23 - [TEST_STEP][PASSED] - com.reusableComponents.HighlightElement.run(modifiedLblNm): com.reusableComponents.HighlightElement.run is PASSED

2020-06-09 15:26:23 - [MESSAGE][PASSED] - com.reusableComponents.HighlightElement.run is PASSED

2020-06-09 15:26:23 - [MESSAGE][PASSED] - Call Test Case 'Test Cases/Components/HighlightLabelFieldXPI' successfully

2020-06-09 15:26:23 - [TEST_STEP][PASSED] - callTestCase(findTestCase("Components/HighlightInputFieldXPI"), ["FldNm":"orderTypeCd", "index":1], STOP_ON_FAILURE): Call Test Case 'Test Cases/Components/HighlightInputFieldXPI' successfully

2020-06-09 15:26:23 - [TEST_CASE][PASSED] - Test Cases/Components/HighlightInputFieldXPI: Test Cases/Components/HighlightInputFieldXPI

2020-06-09 15:26:23 - [TEST_STEP][PASSED] - Thread.sleep(1000): null

2020-06-09 15:26:24 - [TEST_STEP][PASSED] - modifiedInputNm = modifyObjectProperty(findTestObject("Object Repository/Objects.HighlightElements/input_field_index"), "xpath", "equals", "(//*[contains(@name, '" + FldNm + "')])[" + index + "]", true): Modify property of object successfully

2020-06-09 15:26:24 - [MESSAGE][PASSED] - Modify property of object successfully

2020-06-09 15:26:24 - [TEST_STEP][PASSED] - com.reusableComponents.HighlightElement.run(modifiedInputNm): com.reusableComponents.HighlightElement.run is PASSED

2020-06-09 15:26:25 - [MESSAGE][PASSED] - com.reusableComponents.HighlightElement.run is PASSED

2020-06-09 15:26:25 - [MESSAGE][PASSED] - Call Test Case 'Test Cases/Components/HighlightInputFieldXPI' successfully

2020-06-09 15:26:25 - [TEST_STEP][PASSED] - callTestCase(findTestCase("PFI Precision and Scale/PFI Components with Indexing/VerifyDropdownValuesXPI"), ["FldNm":"orderTypeCd", "index":1, "CallTCName":"PFI Precision and Scale/HashMap Tables/ConstantHashMap", "cmbNm":"OrderType", ... ], STOP_ON_FAILURE): Call Test Case 'Test Cases/PFI Precision and Scale/PFI Components with Indexing/VerifyDropdownValuesXPI' successfully

2020-06-09 15:26:25 - [TEST_CASE][PASSED] - Test Cases/PFI Precision and Scale/PFI Components with Indexing/VerifyDropdownValuesXPI: Test Cases/PFI Precision and Scale/PFI Components with Indexing/VerifyDropdownValuesXPI

2020-06-09 15:26:25 - [TEST_STEP][PASSED] - Thread.sleep(1000): null

2020-06-09 15:26:26 - [TEST_STEP][PASSED] - OutputFile = new java.io.File(DropdownValuesResult.txt): null

2020-06-09 15:26:26 - [TEST_STEP][PASSED] - TimeStamp = new java.util.Date(): null

2020-06-09 15:26:26 - [TEST_STEP][PASSED] - NewInputNmField = modifyObjectProperty(findTestObject("Object Repository/Objects.HighlightElements/input_field_index"), "xpath", "equals", "(//*[contains(@name, '" + FldNm + "')])[" + index + "]", true): Modify property of object successfully

2020-06-09 15:26:26 - [MESSAGE][PASSED] - Modify property of object successfully

2020-06-09 15:26:26 - [TEST_STEP][PASSED] - comboNm = cmbNm: null

2020-06-09 15:26:26 - [TEST_STEP][PASSED] - focus(NewInputNmField): Object: 'Object Repository/Objects.HighlightElements/input_field_index' is focused

2020-06-09 15:26:26 - [MESSAGE][PASSED] - Object: 'Object Repository/Objects.HighlightElements/input_field_index' is focused

2020-06-09 15:26:26 - [TEST_STEP][PASSED] - setText(NewInputNmField, EnterValue): Text '' is set on object 'Object Repository/Objects.HighlightElements/input_field_index'

2020-06-09 15:26:26 - [MESSAGE][PASSED] - Text '' is set on object 'Object Repository/Objects.HighlightElements/input_field_index'

2020-06-09 15:26:26 - [TEST_STEP][PASSED] - for ([i = 1, i <= NoOfVal, (i++)]): Keys 'DOWN + ' sent to object: 'Object Repository/Objects.HighlightElements/input_field_index'

2020-06-09 15:26:26 - [TEST_STEP][PASSED] - sendKeys(NewInputNmField, Keys.chord(ARROW_DOWN)): Keys 'DOWN + ' sent to object: 'Object Repository/Objects.HighlightElements/input_field_index'

2020-06-09 15:26:26 - [MESSAGE][PASSED] - Keys 'DOWN + ' sent to object: 'Object Repository/Objects.HighlightElements/input_field_index'

2020-06-09 15:26:26 - [TEST_STEP][PASSED] - delay(DelayTime): Delayed 2 second(s)

2020-06-09 15:26:28 - [MESSAGE][PASSED] - Delayed 2 second(s)

2020-06-09 15:26:28 - [TEST_STEP][PASSED] - sendKeys(NewInputNmField, Keys.chord(ENTER)): Keys 'ENTER + ' sent to object: 'Object Repository/Objects.HighlightElements/input_field_index'

2020-06-09 15:26:28 - [MESSAGE][PASSED] - Keys 'ENTER + ' sent to object: 'Object Repository/Objects.HighlightElements/input_field_index'

2020-06-09 15:26:28 - [TEST_STEP][PASSED] - ComboBoxValue = getAttribute(NewInputNmField, "value"): Attribute 'value' of object 'Object Repository/Objects.HighlightElements/input_field_index' is: ''

2020-06-09 15:26:28 - [MESSAGE][PASSED] - Attribute 'value' of object 'Object Repository/Objects.HighlightElements/input_field_index' is: ''

2020-06-09 15:26:28 - [TEST_STEP][PASSED] - callTestCase(findTestCase(CallTCName), ["FindValue":ComboBoxValue, "DropdownNm":comboNm], STOP_ON_FAILURE): Call Test Case 'Test Cases/PFI Precision and Scale/HashMap Tables/ConstantHashMap' successfully

2020-06-09 15:26:28 - [TEST_CASE][PASSED] - Test Cases/PFI Precision and Scale/HashMap Tables/ConstantHashMap: Test Cases/PFI Precision and Scale/HashMap Tables/ConstantHashMap

2020-06-09 15:26:28 - [TEST_STEP][PASSED] - ConstantTBL = [1:["PeriodType":"Working Day(s)"], 2:["PeriodType":"Calendar Day(s)"], 3:["PeriodType":"Month(s)"], 4:["TypeOfLetter":"T1"], ... ]: null

2020-06-09 15:26:28 - [TEST_STEP][PASSED] - switch (DropdownNm): null

2020-06-09 15:26:28 - [TEST_STEP][PASSED] - case "OrderType":: null

2020-06-09 15:26:28 - [TEST_STEP][PASSED] - ValueFound = ConstantTBL.find({ -> ... }): null

2020-06-09 15:26:28 - [TEST_STEP][PASSED] - break: null

2020-06-09 15:26:28 - [MESSAGE][PASSED] - Call Test Case 'Test Cases/PFI Precision and Scale/HashMap Tables/ConstantHashMap' successfully

2020-06-09 15:26:28 - [TEST_STEP][PASSED] - OutputFile.append("Search Value: " + ComboBoxValue + " " + "Found Value: " + ValueFound + TimeStamp + "
"): null

2020-06-09 15:26:28 - [TEST_STEP][PASSED] - sendKeys(NewInputNmField, Keys.chord(ARROW_DOWN)): Keys 'DOWN + ' sent to object: 'Object Repository/Objects.HighlightElements/input_field_index'

2020-06-09 15:26:28 - [MESSAGE][PASSED] - Keys 'DOWN + ' sent to object: 'Object Repository/Objects.HighlightElements/input_field_index'

2020-06-09 15:26:28 - [TEST_STEP][PASSED] - sendKeys(NewInputNmField, Keys.chord(ARROW_DOWN)): Keys 'DOWN + ' sent to object: 'Object Repository/Objects.HighlightElements/input_field_index'

2020-06-09 15:26:28 - [MESSAGE][PASSED] - Keys 'DOWN + ' sent to object: 'Object Repository/Objects.HighlightElements/input_field_index'

2020-06-09 15:26:28 - [TEST_STEP][PASSED] - delay(DelayTime): Delayed 2 second(s)

2020-06-09 15:26:30 - [MESSAGE][PASSED] - Delayed 2 second(s)

2020-06-09 15:26:30 - [TEST_STEP][PASSED] - sendKeys(NewInputNmField, Keys.chord(ENTER)): Keys 'ENTER + ' sent to object: 'Object Repository/Objects.HighlightElements/input_field_index'

2020-06-09 15:26:31 - [MESSAGE][PASSED] - Keys 'ENTER + ' sent to object: 'Object Repository/Objects.HighlightElements/input_field_index'

2020-06-09 15:26:31 - [TEST_STEP][PASSED] - ComboBoxValue = getAttribute(NewInputNmField, "value"): Attribute 'value' of object 'Object Repository/Objects.HighlightElements/input_field_index' is: 'Section 13'

2020-06-09 15:26:31 - [MESSAGE][PASSED] - Attribute 'value' of object 'Object Repository/Objects.HighlightElements/input_field_index' is: 'Section 13'

2020-06-09 15:26:31 - [TEST_STEP][PASSED] - callTestCase(findTestCase(CallTCName), ["FindValue":ComboBoxValue, "DropdownNm":comboNm], STOP_ON_FAILURE): Call Test Case 'Test Cases/PFI Precision and Scale/HashMap Tables/ConstantHashMap' successfully

2020-06-09 15:26:31 - [TEST_CASE][PASSED] - Test Cases/PFI Precision and Scale/HashMap Tables/ConstantHashMap: Test Cases/PFI Precision and Scale/HashMap Tables/ConstantHashMap

2020-06-09 15:26:31 - [TEST_STEP][PASSED] - ConstantTBL = [1:["PeriodType":"Working Day(s)"], 2:["PeriodType":"Calendar Day(s)"], 3:["PeriodType":"Month(s)"], 4:["TypeOfLetter":"T1"], ... ]: null

2020-06-09 15:26:31 - [TEST_STEP][PASSED] - switch (DropdownNm): null

2020-06-09 15:26:31 - [TEST_STEP][PASSED] - case "OrderType":: null

2020-06-09 15:26:31 - [TEST_STEP][PASSED] - ValueFound = ConstantTBL.find({ -> ... }): null

2020-06-09 15:26:31 - [TEST_STEP][PASSED] - break: null

2020-06-09 15:26:31 - [MESSAGE][PASSED] - Call Test Case 'Test Cases/PFI Precision and Scale/HashMap Tables/ConstantHashMap' successfully

2020-06-09 15:26:31 - [TEST_STEP][PASSED] - OutputFile.append("Search Value: " + ComboBoxValue + " " + "Found Value: " + ValueFound + TimeStamp + "
"): null

2020-06-09 15:26:31 - [TEST_STEP][PASSED] - sendKeys(NewInputNmField, Keys.chord(ARROW_DOWN)): Keys 'DOWN + ' sent to object: 'Object Repository/Objects.HighlightElements/input_field_index'

2020-06-09 15:26:31 - [MESSAGE][PASSED] - Keys 'DOWN + ' sent to object: 'Object Repository/Objects.HighlightElements/input_field_index'

2020-06-09 15:26:31 - [TEST_STEP][PASSED] - sendKeys(NewInputNmField, Keys.chord(ARROW_DOWN)): Keys 'DOWN + ' sent to object: 'Object Repository/Objects.HighlightElements/input_field_index'

2020-06-09 15:26:31 - [MESSAGE][PASSED] - Keys 'DOWN + ' sent to object: 'Object Repository/Objects.HighlightElements/input_field_index'

2020-06-09 15:26:31 - [TEST_STEP][PASSED] - delay(DelayTime): Delayed 2 second(s)

2020-06-09 15:26:33 - [MESSAGE][PASSED] - Delayed 2 second(s)

2020-06-09 15:26:33 - [TEST_STEP][PASSED] - sendKeys(NewInputNmField, Keys.chord(ENTER)): Keys 'ENTER + ' sent to object: 'Object Repository/Objects.HighlightElements/input_field_index'

2020-06-09 15:26:33 - [MESSAGE][PASSED] - Keys 'ENTER + ' sent to object: 'Object Repository/Objects.HighlightElements/input_field_index'

2020-06-09 15:26:33 - [TEST_STEP][PASSED] - ComboBoxValue = getAttribute(NewInputNmField, "value"): Attribute 'value' of object 'Object Repository/Objects.HighlightElements/input_field_index' is: 'Section 19'

2020-06-09 15:26:33 - [MESSAGE][PASSED] - Attribute 'value' of object 'Object Repository/Objects.HighlightElements/input_field_index' is: 'Section 19'

2020-06-09 15:26:33 - [TEST_STEP][PASSED] - callTestCase(findTestCase(CallTCName), ["FindValue":ComboBoxValue, "DropdownNm":comboNm], STOP_ON_FAILURE): Call Test Case 'Test Cases/PFI Precision and Scale/HashMap Tables/ConstantHashMap' successfully

2020-06-09 15:26:33 - [TEST_CASE][PASSED] - Test Cases/PFI Precision and Scale/HashMap Tables/ConstantHashMap: Test Cases/PFI Precision and Scale/HashMap Tables/ConstantHashMap

2020-06-09 15:26:33 - [TEST_STEP][PASSED] - ConstantTBL = [1:["PeriodType":"Working Day(s)"], 2:["PeriodType":"Calendar Day(s)"], 3:["PeriodType":"Month(s)"], 4:["TypeOfLetter":"T1"], ... ]: null

2020-06-09 15:26:33 - [TEST_STEP][PASSED] - switch (DropdownNm): null

2020-06-09 15:26:33 - [TEST_STEP][PASSED] - case "OrderType":: null

2020-06-09 15:26:33 - [TEST_STEP][PASSED] - ValueFound = ConstantTBL.find({ -> ... }): null

2020-06-09 15:26:33 - [TEST_STEP][PASSED] - break: null

2020-06-09 15:26:33 - [MESSAGE][PASSED] - Call Test Case 'Test Cases/PFI Precision and Scale/HashMap Tables/ConstantHashMap' successfully

2020-06-09 15:26:33 - [TEST_STEP][PASSED] - OutputFile.append("Search Value: " + ComboBoxValue + " " + "Found Value: " + ValueFound + TimeStamp + "
"): null

2020-06-09 15:26:33 - [TEST_STEP][PASSED] - sendKeys(NewInputNmField, Keys.chord(ARROW_DOWN)): Keys 'DOWN + ' sent to object: 'Object Repository/Objects.HighlightElements/input_field_index'

2020-06-09 15:26:33 - [MESSAGE][PASSED] - Keys 'DOWN + ' sent to object: 'Object Repository/Objects.HighlightElements/input_field_index'

2020-06-09 15:26:33 - [TEST_STEP][PASSED] - sendKeys(NewInputNmField, Keys.chord(ARROW_DOWN)): Keys 'DOWN + ' sent to object: 'Object Repository/Objects.HighlightElements/input_field_index'

2020-06-09 15:26:33 - [MESSAGE][PASSED] - Keys 'DOWN + ' sent to object: 'Object Repository/Objects.HighlightElements/input_field_index'

2020-06-09 15:26:33 - [TEST_STEP][PASSED] - delay(DelayTime): Delayed 2 second(s)

2020-06-09 15:26:35 - [MESSAGE][PASSED] - Delayed 2 second(s)

2020-06-09 15:26:35 - [TEST_STEP][PASSED] - sendKeys(NewInputNmField, Keys.chord(ENTER)): Keys 'ENTER + ' sent to object: 'Object Repository/Objects.HighlightElements/input_field_index'

2020-06-09 15:26:35 - [MESSAGE][PASSED] - Keys 'ENTER + ' sent to object: 'Object Repository/Objects.HighlightElements/input_field_index'

2020-06-09 15:26:35 - [TEST_STEP][PASSED] - ComboBoxValue = getAttribute(NewInputNmField, "value"): Attribute 'value' of object 'Object Repository/Objects.HighlightElements/input_field_index' is: 'Section 25'

2020-06-09 15:26:35 - [MESSAGE][PASSED] - Attribute 'value' of object 'Object Repository/Objects.HighlightElements/input_field_index' is: 'Section 25'

2020-06-09 15:26:35 - [TEST_STEP][PASSED] - callTestCase(findTestCase(CallTCName), ["FindValue":ComboBoxValue, "DropdownNm":comboNm], STOP_ON_FAILURE): Call Test Case 'Test Cases/PFI Precision and Scale/HashMap Tables/ConstantHashMap' successfully

2020-06-09 15:26:35 - [TEST_CASE][PASSED] - Test Cases/PFI Precision and Scale/HashMap Tables/ConstantHashMap: Test Cases/PFI Precision and Scale/HashMap Tables/ConstantHashMap

2020-06-09 15:26:35 - [TEST_STEP][PASSED] - ConstantTBL = [1:["PeriodType":"Working Day(s)"], 2:["PeriodType":"Calendar Day(s)"], 3:["PeriodType":"Month(s)"], 4:["TypeOfLetter":"T1"], ... ]: null

2020-06-09 15:26:35 - [TEST_STEP][PASSED] - switch (DropdownNm): null

2020-06-09 15:26:35 - [TEST_STEP][PASSED] - case "OrderType":: null

2020-06-09 15:26:35 - [TEST_STEP][PASSED] - ValueFound = ConstantTBL.find({ -> ... }): null

2020-06-09 15:26:35 - [TEST_STEP][PASSED] - break: null

2020-06-09 15:26:35 - [MESSAGE][PASSED] - Call Test Case 'Test Cases/PFI Precision and Scale/HashMap Tables/ConstantHashMap' successfully

2020-06-09 15:26:35 - [TEST_STEP][PASSED] - OutputFile.append("Search Value: " + ComboBoxValue + " " + "Found Value: " + ValueFound + TimeStamp + "
"): null

2020-06-09 15:26:35 - [TEST_STEP][PASSED] - sendKeys(NewInputNmField, Keys.chord(ARROW_DOWN)): Keys 'DOWN + ' sent to object: 'Object Repository/Objects.HighlightElements/input_field_index'

2020-06-09 15:26:35 - [MESSAGE][PASSED] - Keys 'DOWN + ' sent to object: 'Object Repository/Objects.HighlightElements/input_field_index'

2020-06-09 15:26:35 - [TEST_STEP][PASSED] - sendKeys(NewInputNmField, Keys.chord(ARROW_DOWN)): Keys 'DOWN + ' sent to object: 'Object Repository/Objects.HighlightElements/input_field_index'

2020-06-09 15:26:35 - [MESSAGE][PASSED] - Keys 'DOWN + ' sent to object: 'Object Repository/Objects.HighlightElements/input_field_index'

2020-06-09 15:26:35 - [TEST_STEP][PASSED] - delay(DelayTime): Delayed 2 second(s)

2020-06-09 15:26:37 - [MESSAGE][PASSED] - Delayed 2 second(s)

2020-06-09 15:26:37 - [TEST_STEP][PASSED] - sendKeys(NewInputNmField, Keys.chord(ENTER)): Keys 'ENTER + ' sent to object: 'Object Repository/Objects.HighlightElements/input_field_index'

2020-06-09 15:26:37 - [MESSAGE][PASSED] - Keys 'ENTER + ' sent to object: 'Object Repository/Objects.HighlightElements/input_field_index'

2020-06-09 15:26:37 - [TEST_STEP][PASSED] - ComboBoxValue = getAttribute(NewInputNmField, "value"): Attribute 'value' of object 'Object Repository/Objects.HighlightElements/input_field_index' is: 'Section 43'

2020-06-09 15:26:37 - [MESSAGE][PASSED] - Attribute 'value' of object 'Object Repository/Objects.HighlightElements/input_field_index' is: 'Section 43'

2020-06-09 15:26:37 - [TEST_STEP][PASSED] - callTestCase(findTestCase(CallTCName), ["FindValue":ComboBoxValue, "DropdownNm":comboNm], STOP_ON_FAILURE): Call Test Case 'Test Cases/PFI Precision and Scale/HashMap Tables/ConstantHashMap' successfully

2020-06-09 15:26:37 - [TEST_CASE][PASSED] - Test Cases/PFI Precision and Scale/HashMap Tables/ConstantHashMap: Test Cases/PFI Precision and Scale/HashMap Tables/ConstantHashMap

2020-06-09 15:26:37 - [TEST_STEP][PASSED] - ConstantTBL = [1:["PeriodType":"Working Day(s)"], 2:["PeriodType":"Calendar Day(s)"], 3:["PeriodType":"Month(s)"], 4:["TypeOfLetter":"T1"], ... ]: null

2020-06-09 15:26:37 - [TEST_STEP][PASSED] - switch (DropdownNm): null

2020-06-09 15:26:37 - [TEST_STEP][PASSED] - case "OrderType":: null

2020-06-09 15:26:37 - [TEST_STEP][PASSED] - ValueFound = ConstantTBL.find({ -> ... }): null

2020-06-09 15:26:37 - [TEST_STEP][PASSED] - break: null

2020-06-09 15:26:37 - [MESSAGE][PASSED] - Call Test Case 'Test Cases/PFI Precision and Scale/HashMap Tables/ConstantHashMap' successfully

2020-06-09 15:26:37 - [TEST_STEP][PASSED] - OutputFile.append("Search Value: " + ComboBoxValue + " " + "Found Value: " + ValueFound + TimeStamp + "
"): null

2020-06-09 15:26:37 - [TEST_STEP][PASSED] - sendKeys(NewInputNmField, Keys.chord(ARROW_DOWN)): Keys 'DOWN + ' sent to object: 'Object Repository/Objects.HighlightElements/input_field_index'

2020-06-09 15:26:37 - [MESSAGE][PASSED] - Keys 'DOWN + ' sent to object: 'Object Repository/Objects.HighlightElements/input_field_index'

2020-06-09 15:26:37 - [TEST_STEP][PASSED] - sendKeys(NewInputNmField, Keys.chord(ARROW_DOWN)): Keys 'DOWN + ' sent to object: 'Object Repository/Objects.HighlightElements/input_field_index'

2020-06-09 15:26:37 - [MESSAGE][PASSED] - Keys 'DOWN + ' sent to object: 'Object Repository/Objects.HighlightElements/input_field_index'

2020-06-09 15:26:37 - [TEST_STEP][PASSED] - delay(DelayTime): Delayed 2 second(s)

2020-06-09 15:26:39 - [MESSAGE][PASSED] - Delayed 2 second(s)

2020-06-09 15:26:39 - [TEST_STEP][PASSED] - sendKeys(NewInputNmField, Keys.chord(ENTER)): Keys 'ENTER + ' sent to object: 'Object Repository/Objects.HighlightElements/input_field_index'

2020-06-09 15:26:40 - [MESSAGE][PASSED] - Keys 'ENTER + ' sent to object: 'Object Repository/Objects.HighlightElements/input_field_index'

2020-06-09 15:26:40 - [TEST_STEP][PASSED] - ComboBoxValue = getAttribute(NewInputNmField, "value"): Attribute 'value' of object 'Object Repository/Objects.HighlightElements/input_field_index' is: 'Section 5'

2020-06-09 15:26:40 - [MESSAGE][PASSED] - Attribute 'value' of object 'Object Repository/Objects.HighlightElements/input_field_index' is: 'Section 5'

2020-06-09 15:26:40 - [TEST_STEP][PASSED] - callTestCase(findTestCase(CallTCName), ["FindValue":ComboBoxValue, "DropdownNm":comboNm], STOP_ON_FAILURE): Call Test Case 'Test Cases/PFI Precision and Scale/HashMap Tables/ConstantHashMap' successfully

2020-06-09 15:26:40 - [TEST_CASE][PASSED] - Test Cases/PFI Precision and Scale/HashMap Tables/ConstantHashMap: Test Cases/PFI Precision and Scale/HashMap Tables/ConstantHashMap

2020-06-09 15:26:40 - [TEST_STEP][PASSED] - ConstantTBL = [1:["PeriodType":"Working Day(s)"], 2:["PeriodType":"Calendar Day(s)"], 3:["PeriodType":"Month(s)"], 4:["TypeOfLetter":"T1"], ... ]: null

2020-06-09 15:26:40 - [TEST_STEP][PASSED] - switch (DropdownNm): null

2020-06-09 15:26:40 - [TEST_STEP][PASSED] - case "OrderType":: null

2020-06-09 15:26:40 - [TEST_STEP][PASSED] - ValueFound = ConstantTBL.find({ -> ... }): null

2020-06-09 15:26:40 - [TEST_STEP][PASSED] - break: null

2020-06-09 15:26:40 - [MESSAGE][PASSED] - Call Test Case 'Test Cases/PFI Precision and Scale/HashMap Tables/ConstantHashMap' successfully

2020-06-09 15:26:40 - [TEST_STEP][PASSED] - OutputFile.append("Search Value: " + ComboBoxValue + " " + "Found Value: " + ValueFound + TimeStamp + "
"): null

2020-06-09 15:26:40 - [TEST_STEP][PASSED] - sendKeys(NewInputNmField, Keys.chord(ARROW_DOWN)): Keys 'DOWN + ' sent to object: 'Object Repository/Objects.HighlightElements/input_field_index'

2020-06-09 15:26:40 - [MESSAGE][PASSED] - Keys 'DOWN + ' sent to object: 'Object Repository/Objects.HighlightElements/input_field_index'

2020-06-09 15:26:40 - [TEST_STEP][PASSED] - sendKeys(NewInputNmField, Keys.chord(ARROW_DOWN)): Keys 'DOWN + ' sent to object: 'Object Repository/Objects.HighlightElements/input_field_index'

2020-06-09 15:26:40 - [MESSAGE][PASSED] - Keys 'DOWN + ' sent to object: 'Object Repository/Objects.HighlightElements/input_field_index'

2020-06-09 15:26:40 - [TEST_STEP][PASSED] - delay(DelayTime): Delayed 2 second(s)

2020-06-09 15:26:42 - [MESSAGE][PASSED] - Delayed 2 second(s)

2020-06-09 15:26:42 - [TEST_STEP][PASSED] - sendKeys(NewInputNmField, Keys.chord(ENTER)): Keys 'ENTER + ' sent to object: 'Object Repository/Objects.HighlightElements/input_field_index'

2020-06-09 15:26:42 - [MESSAGE][PASSED] - Keys 'ENTER + ' sent to object: 'Object Repository/Objects.HighlightElements/input_field_index'

2020-06-09 15:26:42 - [TEST_STEP][PASSED] - ComboBoxValue = getAttribute(NewInputNmField, "value"): Attribute 'value' of object 'Object Repository/Objects.HighlightElements/input_field_index' is: 'Section 23 '

2020-06-09 15:26:42 - [MESSAGE][PASSED] - Attribute 'value' of object 'Object Repository/Objects.HighlightElements/input_field_index' is: 'Section 23 '

2020-06-09 15:26:42 - [TEST_STEP][PASSED] - callTestCase(findTestCase(CallTCName), ["FindValue":ComboBoxValue, "DropdownNm":comboNm], STOP_ON_FAILURE): Call Test Case 'Test Cases/PFI Precision and Scale/HashMap Tables/ConstantHashMap' successfully

2020-06-09 15:26:42 - [TEST_CASE][PASSED] - Test Cases/PFI Precision and Scale/HashMap Tables/ConstantHashMap: Test Cases/PFI Precision and Scale/HashMap Tables/ConstantHashMap

2020-06-09 15:26:42 - [TEST_STEP][PASSED] - ConstantTBL = [1:["PeriodType":"Working Day(s)"], 2:["PeriodType":"Calendar Day(s)"], 3:["PeriodType":"Month(s)"], 4:["TypeOfLetter":"T1"], ... ]: null

2020-06-09 15:26:42 - [TEST_STEP][PASSED] - switch (DropdownNm): null

2020-06-09 15:26:42 - [TEST_STEP][PASSED] - case "OrderType":: null

2020-06-09 15:26:42 - [TEST_STEP][PASSED] - ValueFound = ConstantTBL.find({ -> ... }): null

2020-06-09 15:26:42 - [TEST_STEP][PASSED] - break: null

2020-06-09 15:26:42 - [MESSAGE][PASSED] - Call Test Case 'Test Cases/PFI Precision and Scale/HashMap Tables/ConstantHashMap' successfully

2020-06-09 15:26:42 - [TEST_STEP][PASSED] - OutputFile.append("Search Value: " + ComboBoxValue + " " + "Found Value: " + ValueFound + TimeStamp + "
"): null

2020-06-09 15:26:42 - [TEST_STEP][PASSED] - sendKeys(NewInputNmField, Keys.chord(ARROW_DOWN)): Keys 'DOWN + ' sent to object: 'Object Repository/Objects.HighlightElements/input_field_index'

2020-06-09 15:26:42 - [MESSAGE][PASSED] - Keys 'DOWN + ' sent to object: 'Object Repository/Objects.HighlightElements/input_field_index'

2020-06-09 15:26:42 - [TEST_STEP][PASSED] - sendKeys(NewInputNmField, Keys.chord(ARROW_DOWN)): Keys 'DOWN + ' sent to object: 'Object Repository/Objects.HighlightElements/input_field_index'

2020-06-09 15:26:42 - [MESSAGE][PASSED] - Keys 'DOWN + ' sent to object: 'Object Repository/Objects.HighlightElements/input_field_index'

2020-06-09 15:26:42 - [TEST_STEP][PASSED] - delay(DelayTime): Delayed 2 second(s)

2020-06-09 15:26:44 - [MESSAGE][PASSED] - Delayed 2 second(s)

2020-06-09 15:26:44 - [TEST_STEP][PASSED] - sendKeys(NewInputNmField, Keys.chord(ENTER)): Keys 'ENTER + ' sent to object: 'Object Repository/Objects.HighlightElements/input_field_index'

2020-06-09 15:26:44 - [MESSAGE][PASSED] - Keys 'ENTER + ' sent to object: 'Object Repository/Objects.HighlightElements/input_field_index'

2020-06-09 15:26:44 - [TEST_STEP][PASSED] - ComboBoxValue = getAttribute(NewInputNmField, "value"): Attribute 'value' of object 'Object Repository/Objects.HighlightElements/input_field_index' is: 'Section 24'

2020-06-09 15:26:44 - [MESSAGE][PASSED] - Attribute 'value' of object 'Object Repository/Objects.HighlightElements/input_field_index' is: 'Section 24'

2020-06-09 15:26:44 - [TEST_STEP][PASSED] - callTestCase(findTestCase(CallTCName), ["FindValue":ComboBoxValue, "DropdownNm":comboNm], STOP_ON_FAILURE): Call Test Case 'Test Cases/PFI Precision and Scale/HashMap Tables/ConstantHashMap' successfully

2020-06-09 15:26:44 - [TEST_CASE][PASSED] - Test Cases/PFI Precision and Scale/HashMap Tables/ConstantHashMap: Test Cases/PFI Precision and Scale/HashMap Tables/ConstantHashMap

2020-06-09 15:26:44 - [TEST_STEP][PASSED] - ConstantTBL = [1:["PeriodType":"Working Day(s)"], 2:["PeriodType":"Calendar Day(s)"], 3:["PeriodType":"Month(s)"], 4:["TypeOfLetter":"T1"], ... ]: null

2020-06-09 15:26:44 - [TEST_STEP][PASSED] - switch (DropdownNm): null

2020-06-09 15:26:44 - [TEST_STEP][PASSED] - case "OrderType":: null

2020-06-09 15:26:44 - [TEST_STEP][PASSED] - ValueFound = ConstantTBL.find({ -> ... }): null

2020-06-09 15:26:44 - [TEST_STEP][PASSED] - break: null

2020-06-09 15:26:44 - [MESSAGE][PASSED] - Call Test Case 'Test Cases/PFI Precision and Scale/HashMap Tables/ConstantHashMap' successfully

2020-06-09 15:26:44 - [TEST_STEP][PASSED] - OutputFile.append("Search Value: " + ComboBoxValue + " " + "Found Value: " + ValueFound + TimeStamp + "
"): null

2020-06-09 15:26:44 - [TEST_STEP][PASSED] - sendKeys(NewInputNmField, Keys.chord(ARROW_DOWN)): Keys 'DOWN + ' sent to object: 'Object Repository/Objects.HighlightElements/input_field_index'

2020-06-09 15:26:44 - [MESSAGE][PASSED] - Keys 'DOWN + ' sent to object: 'Object Repository/Objects.HighlightElements/input_field_index'

2020-06-09 15:26:44 - [TEST_STEP][PASSED] - sendKeys(NewInputNmField, Keys.chord(ENTER)): Keys 'ENTER + ' sent to object: 'Object Repository/Objects.HighlightElements/input_field_index'

2020-06-09 15:26:44 - [MESSAGE][PASSED] - Keys 'ENTER + ' sent to object: 'Object Repository/Objects.HighlightElements/input_field_index'

2020-06-09 15:26:44 - [MESSAGE][PASSED] - Call Test Case 'Test Cases/PFI Precision and Scale/PFI Components with Indexing/VerifyDropdownValuesXPI' successfully

2020-06-09 15:26:44 - [TEST_STEP][PASSED] - callTestCase(findTestCase("Components/HighlightLabelFieldXPI"), ["LblName":"Bldg Grp Id", "index":1], STOP_ON_FAILURE): Call Test Case 'Test Cases/Components/HighlightLabelFieldXPI' successfully

2020-06-09 15:26:44 - [TEST_CASE][PASSED] - Test Cases/Components/HighlightLabelFieldXPI: Test Cases/Components/HighlightLabelFieldXPI

2020-06-09 15:26:44 - [TEST_STEP][PASSED] - Thread.sleep(1000): null

2020-06-09 15:26:45 - [TEST_STEP][PASSED] - modifiedLblNm = modifyObjectProperty(findTestObject("Object Repository/Objects.HighlightElements/lblField_index"), "xpath", "equals", "(//*[contains(@class, 'x-form-item-label-inner x-form-item-label-inner-default') and contains(., '" + LblName + "')])[" + index + "]", true): Modify property of object successfully

2020-06-09 15:26:45 - [MESSAGE][PASSED] - Modify property of object successfully

2020-06-09 15:26:45 - [TEST_STEP][PASSED] - com.reusableComponents.HighlightElement.run(modifiedLblNm): com.reusableComponents.HighlightElement.run is PASSED

2020-06-09 15:26:46 - [MESSAGE][PASSED] - com.reusableComponents.HighlightElement.run is PASSED

2020-06-09 15:26:46 - [MESSAGE][PASSED] - Call Test Case 'Test Cases/Components/HighlightLabelFieldXPI' successfully

2020-06-09 15:26:46 - [TEST_STEP][PASSED] - callTestCase(findTestCase("Components/HighlightInputFieldXPI"), ["FldNm":"bldgGrpId", "index":1], STOP_ON_FAILURE): Call Test Case 'Test Cases/Components/HighlightInputFieldXPI' successfully

2020-06-09 15:26:46 - [TEST_CASE][PASSED] - Test Cases/Components/HighlightInputFieldXPI: Test Cases/Components/HighlightInputFieldXPI

2020-06-09 15:26:46 - [TEST_STEP][PASSED] - Thread.sleep(1000): null

2020-06-09 15:26:47 - [TEST_STEP][PASSED] - modifiedInputNm = modifyObjectProperty(findTestObject("Object Repository/Objects.HighlightElements/input_field_index"), "xpath", "equals", "(//*[contains(@name, '" + FldNm + "')])[" + index + "]", true): Modify property of object successfully

2020-06-09 15:26:47 - [MESSAGE][PASSED] - Modify property of object successfully

2020-06-09 15:26:47 - [TEST_STEP][PASSED] - com.reusableComponents.HighlightElement.run(modifiedInputNm): com.reusableComponents.HighlightElement.run is PASSED

2020-06-09 15:26:47 - [MESSAGE][PASSED] - com.reusableComponents.HighlightElement.run is PASSED

2020-06-09 15:26:47 - [MESSAGE][PASSED] - Call Test Case 'Test Cases/Components/HighlightInputFieldXPI' successfully

2020-06-09 15:26:47 - [TEST_STEP][PASSED] - callTestCase(findTestCase("PFI Precision and Scale/PFI Components with Indexing/VerifyDefaultValueIndex"), ["FieldNm":"bldgGrpId", "index":1, "labelNm":"Group Building ID:", "i":1], STOP_ON_FAILURE): Call Test Case 'Test Cases/PFI Precision and Scale/PFI Components with Indexing/VerifyDefaultValueIndex' successfully

2020-06-09 15:26:47 - [TEST_CASE][PASSED] - Test Cases/PFI Precision and Scale/PFI Components with Indexing/VerifyDefaultValueIndex: Test Cases/PFI Precision and Scale/PFI Components with Indexing/VerifyDefaultValueIndex

2020-06-09 15:26:47 - [TEST_STEP][PASSED] - Thread.sleep(1000): null

2020-06-09 15:26:48 - [TEST_STEP][PASSED] - DefaultValueHM = ["periodType":"Working Day(s)", "noOfDays":"14", "inspWeight":"1", "inspModule":"PSI", "inspCaseType":"PSI Processing (SM)"]: null

2020-06-09 15:26:48 - [TEST_STEP][PASSED] - NewFieldNm = modifyObjectProperty(findTestObject("Object Repository/Objects.HighlightElements/input_field_index"), "xpath", "equals", "(//*[contains(@name,'" + FieldNm + "')])[" + index + "]", true): Modify property of object successfully

2020-06-09 15:26:48 - [MESSAGE][PASSED] - Modify property of object successfully

2020-06-09 15:26:48 - [TEST_STEP][PASSED] - focus(NewFieldNm): Object: 'Object Repository/Objects.HighlightElements/input_field_index' is focused

2020-06-09 15:26:49 - [MESSAGE][PASSED] - Object: 'Object Repository/Objects.HighlightElements/input_field_index' is focused

2020-06-09 15:26:49 - [TEST_STEP][PASSED] - DefVal = getAttribute(NewFieldNm, "value", STOP_ON_FAILURE): Attribute 'value' of object 'Object Repository/Objects.HighlightElements/input_field_index' is: 'BG 2006-08-03754'

2020-06-09 15:26:49 - [MESSAGE][PASSED] - Attribute 'value' of object 'Object Repository/Objects.HighlightElements/input_field_index' is: 'BG 2006-08-03754'

2020-06-09 15:26:49 - [TEST_STEP][PASSED] - switch (FieldNm): null

2020-06-09 15:26:49 - [TEST_STEP][PASSED] - case "bldgGrpId":: null

2020-06-09 15:26:49 - [TEST_STEP][PASSED] - callTestCase(findTestCase("Components/NavigateToAnyLHS"), ["LHS":"Summary"], STOP_ON_FAILURE): Call Test Case 'Test Cases/Components/NavigateToAnyLHS' successfully

2020-06-09 15:26:49 - [TEST_CASE][PASSED] - Test Cases/Components/NavigateToAnyLHS: Test Cases/Components/NavigateToAnyLHS

2020-06-09 15:26:49 - [TEST_STEP][PASSED] - Thread.sleep(1000): null

2020-06-09 15:26:50 - [TEST_STEP][PASSED] - modifiedLHS = modifyObjectProperty(findTestObject("Objects.NavigateToAnyLHS/Page_ISPS2/LHSToModify"), "text", "equals", LHS, true): Modify property of object successfully

2020-06-09 15:26:50 - [MESSAGE][PASSED] - Modify property of object successfully

2020-06-09 15:26:50 - [TEST_STEP][PASSED] - click(modifiedLHS): Object: 'Object Repository/Objects.NavigateToAnyLHS/Page_ISPS2/LHSToModify' is clicked on

2020-06-09 15:26:50 - [MESSAGE][PASSED] - Object: 'Object Repository/Objects.NavigateToAnyLHS/Page_ISPS2/LHSToModify' is clicked on

2020-06-09 15:26:50 - [TEST_STEP][PASSED] - currentLHS = getText(modifiedLHS): Text of object 'Object Repository/Objects.NavigateToAnyLHS/Page_ISPS2/LHSToModify' is: 'Summary'

2020-06-09 15:26:50 - [MESSAGE][PASSED] - Text of object 'Object Repository/Objects.NavigateToAnyLHS/Page_ISPS2/LHSToModify' is: 'Summary'

2020-06-09 15:26:50 - [TEST_STEP][PASSED] - Thread.sleep(5000): null

2020-06-09 15:26:55 - [MESSAGE][PASSED] - Call Test Case 'Test Cases/Components/NavigateToAnyLHS' successfully

2020-06-09 15:26:55 - [TEST_STEP][PASSED] - modifiedLabelFld = modifyObjectProperty(NewFieldNm, "xpath", "equals", "//*[text()='" + labelNm + "']//following::div[" + i + "]", true): Modify property of object successfully

2020-06-09 15:26:55 - [MESSAGE][PASSED] - Modify property of object successfully

2020-06-09 15:26:55 - [TEST_STEP][PASSED] - BldgID = getText(modifiedLabelFld): Text of object 'Object Repository/Objects.HighlightElements/input_field_index' is: 'BG 2006-08-03754'

2020-06-09 15:26:55 - [MESSAGE][PASSED] - Text of object 'Object Repository/Objects.HighlightElements/input_field_index' is: 'BG 2006-08-03754'

2020-06-09 15:26:55 - [TEST_STEP][PASSED] - com.reusableComponents.HighlightElement.run(modifiedLabelFld): com.reusableComponents.HighlightElement.run is PASSED

2020-06-09 15:26:56 - [MESSAGE][PASSED] - com.reusableComponents.HighlightElement.run is PASSED

2020-06-09 15:26:56 - [TEST_STEP][PASSED] - verifyMatch(DefVal, BldgID, true, STOP_ON_FAILURE): Actual text 'BG 2006-08-03754' and expected text 'BG 2006-08-03754' are matched  using regular expression

2020-06-09 15:26:56 - [MESSAGE][PASSED] - Actual text 'BG 2006-08-03754' and expected text 'BG 2006-08-03754' are matched  using regular expression

2020-06-09 15:26:56 - [TEST_STEP][PASSED] - callTestCase(findTestCase("Components/NavigateToAnyLHS"), ["LHS":"Court Actions"], STOP_ON_FAILURE): Call Test Case 'Test Cases/Components/NavigateToAnyLHS' successfully

2020-06-09 15:26:56 - [TEST_CASE][PASSED] - Test Cases/Components/NavigateToAnyLHS: Test Cases/Components/NavigateToAnyLHS

2020-06-09 15:26:56 - [TEST_STEP][PASSED] - Thread.sleep(1000): null

2020-06-09 15:26:57 - [TEST_STEP][PASSED] - modifiedLHS = modifyObjectProperty(findTestObject("Objects.NavigateToAnyLHS/Page_ISPS2/LHSToModify"), "text", "equals", LHS, true): Modify property of object successfully

2020-06-09 15:26:57 - [MESSAGE][PASSED] - Modify property of object successfully

2020-06-09 15:26:57 - [TEST_STEP][PASSED] - click(modifiedLHS): Object: 'Object Repository/Objects.NavigateToAnyLHS/Page_ISPS2/LHSToModify' is clicked on

2020-06-09 15:26:57 - [MESSAGE][PASSED] - Object: 'Object Repository/Objects.NavigateToAnyLHS/Page_ISPS2/LHSToModify' is clicked on

2020-06-09 15:26:57 - [TEST_STEP][PASSED] - currentLHS = getText(modifiedLHS): Text of object 'Object Repository/Objects.NavigateToAnyLHS/Page_ISPS2/LHSToModify' is: 'Court Actions'

2020-06-09 15:26:57 - [MESSAGE][PASSED] - Text of object 'Object Repository/Objects.NavigateToAnyLHS/Page_ISPS2/LHSToModify' is: 'Court Actions'

2020-06-09 15:26:57 - [TEST_STEP][PASSED] - Thread.sleep(5000): null

2020-06-09 15:27:02 - [MESSAGE][PASSED] - Call Test Case 'Test Cases/Components/NavigateToAnyLHS' successfully

2020-06-09 15:27:02 - [TEST_STEP][PASSED] - break: null

2020-06-09 15:27:02 - [MESSAGE][PASSED] - Call Test Case 'Test Cases/PFI Precision and Scale/PFI Components with Indexing/VerifyDefaultValueIndex' successfully

2020-06-09 15:27:02 - [TEST_STEP][PASSED] - callTestCase(findTestCase("Components/SelectAllThenDeleteXPI"), ["nameToBeUsed":"bldgGrpId", "index":1], STOP_ON_FAILURE): Call Test Case 'Test Cases/Components/SelectAllThenDeleteXPI' successfully

2020-06-09 15:27:02 - [TEST_CASE][PASSED] - Test Cases/Components/SelectAllThenDeleteXPI: Test Cases/Components/SelectAllThenDeleteXPI

2020-06-09 15:27:02 - [TEST_STEP][PASSED] - Thread.sleep(1000): null

2020-06-09 15:27:03 - [TEST_STEP][PASSED] - modifiedObj = modifyObjectProperty(findTestObject("Object Repository/Objects.HighlightElements/input_field_index"), "xpath", "equals", "(//*[contains(@name,'" + nameToBeUsed + "')])[" + index + "]", true): Modify property of object successfully

2020-06-09 15:27:03 - [MESSAGE][PASSED] - Modify property of object successfully

2020-06-09 15:27:03 - [TEST_STEP][PASSED] - focus(modifiedObj): Object: 'Object Repository/Objects.HighlightElements/input_field_index' is focused

2020-06-09 15:27:03 - [MESSAGE][PASSED] - Object: 'Object Repository/Objects.HighlightElements/input_field_index' is focused

2020-06-09 15:27:03 - [TEST_STEP][PASSED] - sendKeys(modifiedObj, Keys.chord(CONTROL, "a")): Keys 'CONTROL + a' sent to object: 'Object Repository/Objects.HighlightElements/input_field_index'

2020-06-09 15:27:03 - [MESSAGE][PASSED] - Keys 'CONTROL + a' sent to object: 'Object Repository/Objects.HighlightElements/input_field_index'

2020-06-09 15:27:03 - [TEST_STEP][PASSED] - sendKeys(modifiedObj, Keys.chord(DELETE)): Keys 'DELETE + ' sent to object: 'Object Repository/Objects.HighlightElements/input_field_index'

2020-06-09 15:27:03 - [MESSAGE][PASSED] - Keys 'DELETE + ' sent to object: 'Object Repository/Objects.HighlightElements/input_field_index'

2020-06-09 15:27:03 - [MESSAGE][PASSED] - Call Test Case 'Test Cases/Components/SelectAllThenDeleteXPI' successfully

2020-06-09 15:27:03 - [TEST_STEP][PASSED] - callTestCase(findTestCase("PFI Precision and Scale/PFI Components with Indexing/AlphaNumericSpecialValidationIndex"), ["FldNm":"bldgGrpId", "LenChar":10, "index":1], STOP_ON_FAILURE): Call Test Case 'Test Cases/PFI Precision and Scale/PFI Components with Indexing/AlphaNumericSpecialValidationIndex' successfully

2020-06-09 15:27:03 - [TEST_CASE][PASSED] - Test Cases/PFI Precision and Scale/PFI Components with Indexing/AlphaNumericSpecialValidationIndex: Test Cases/PFI Precision and Scale/PFI Components with Indexing/AlphaNumericSpecialValidationIndex

2020-06-09 15:27:03 - [TEST_STEP][PASSED] - charset = /?><"".join(): null

2020-06-09 15:27:03 - [TEST_STEP][PASSED] - AlphaNumeric = 9).join(): null

2020-06-09 15:27:03 - [TEST_STEP][PASSED] - SpecialChar = "`~!@#$%^&*()-=+_{}|\][;'":,./?><"": null

2020-06-09 15:27:03 - [TEST_STEP][PASSED] - RandomString = RandomStringUtils.random(LenChar, AlphaNumeric.toCharArray()): null

2020-06-09 15:27:03 - [TEST_STEP][PASSED] - RdmSpChar = RandomStringUtils.random(LenChar, SpecialChar): null

2020-06-09 15:27:03 - [TEST_STEP][PASSED] - regexPat = Pattern.compile("^[A-Za-z0-9 ]+$"): null

2020-06-09 15:27:03 - [TEST_STEP][PASSED] - NewInputNmField = modifyObjectProperty(findTestObject("Object Repository/Objects.HighlightElements/input_field_index"), "xpath", "equals", "(//*[contains(@class,'x-form-text') and (@name='" + FldNm + "')])[" + index + "]", true): Modify property of object successfully

2020-06-09 15:27:03 - [MESSAGE][PASSED] - Modify property of object successfully

2020-06-09 15:27:03 - [TEST_STEP][PASSED] - setText(NewInputNmField, RandomString): Text 'dGCga58l2M' is set on object 'Object Repository/Objects.HighlightElements/input_field_index'

2020-06-09 15:27:04 - [MESSAGE][PASSED] - Text 'dGCga58l2M' is set on object 'Object Repository/Objects.HighlightElements/input_field_index'

2020-06-09 15:27:04 - [TEST_STEP][PASSED] - RemarksAN = getAttribute(NewInputNmField, "value"): Attribute 'value' of object 'Object Repository/Objects.HighlightElements/input_field_index' is: 'dGCga58l2M'

2020-06-09 15:27:04 - [MESSAGE][PASSED] - Attribute 'value' of object 'Object Repository/Objects.HighlightElements/input_field_index' is: 'dGCga58l2M'

2020-06-09 15:27:04 - [TEST_STEP][PASSED] - matchStr = regexPat.matcher(RemarksAN): null

2020-06-09 15:27:04 - [TEST_STEP][PASSED] - if (matchStr.matches() == true): Accepting Alphanumeric

2020-06-09 15:27:04 - [TEST_STEP][PASSED] - comment("Accepting Alphanumeric"): Accepting Alphanumeric

2020-06-09 15:27:04 - [MESSAGE][INFO] - Accepting Alphanumeric

2020-06-09 15:27:04 - [TEST_STEP][PASSED] - setText(NewInputNmField, RdmSpChar): Text '>#[||>.!'@' is set on object 'Object Repository/Objects.HighlightElements/input_field_index'

2020-06-09 15:27:04 - [MESSAGE][PASSED] - Text '>#[||>.!'@' is set on object 'Object Repository/Objects.HighlightElements/input_field_index'

2020-06-09 15:27:04 - [TEST_STEP][PASSED] - RemarksSpChar = getAttribute(NewInputNmField, "value"): Attribute 'value' of object 'Object Repository/Objects.HighlightElements/input_field_index' is: '>#[||>.!'@'

2020-06-09 15:27:04 - [MESSAGE][PASSED] - Attribute 'value' of object 'Object Repository/Objects.HighlightElements/input_field_index' is: '>#[||>.!'@'

2020-06-09 15:27:04 - [TEST_STEP][PASSED] - matchSp = regexPat.matcher(RemarksSpChar): null

2020-06-09 15:27:04 - [TEST_STEP][PASSED] - if (matchSp.matches() == false): Accepting Special Characters

2020-06-09 15:27:04 - [TEST_STEP][PASSED] - comment("Accepting Special Characters"): Accepting Special Characters

2020-06-09 15:27:04 - [MESSAGE][INFO] - Accepting Special Characters

2020-06-09 15:27:04 - [MESSAGE][PASSED] - Call Test Case 'Test Cases/PFI Precision and Scale/PFI Components with Indexing/AlphaNumericSpecialValidationIndex' successfully

2020-06-09 15:27:04 - [TEST_STEP][PASSED] - callTestCase(findTestCase("PFI Precision and Scale/PFI Components with Indexing/MaxCharLengthIndexValidation"), ["FieldNm":"bldgGrpId", "index":1, "MaxCharLen":101], STOP_ON_FAILURE): Call Test Case 'Test Cases/PFI Precision and Scale/PFI Components with Indexing/MaxCharLengthIndexValidation' successfully

2020-06-09 15:27:04 - [TEST_CASE][PASSED] - Test Cases/PFI Precision and Scale/PFI Components with Indexing/MaxCharLengthIndexValidation: Test Cases/PFI Precision and Scale/PFI Components with Indexing/MaxCharLengthIndexValidation

2020-06-09 15:27:04 - [TEST_STEP][PASSED] - Thread.sleep(1000): null

2020-06-09 15:27:05 - [TEST_STEP][PASSED] - CharLengthTBL = ["aoNotes":4000, "notes":4000, "hseBlkNo":10, "buildingName":100, "unformattedAddress":4000, "courtNo":20, "caseGrpDesc":4000, ... ]: null

2020-06-09 15:27:05 - [TEST_STEP][PASSED] - charset = /?><"".join(): null

2020-06-09 15:27:05 - [TEST_STEP][PASSED] - RandomStringVal = RandomStringUtils.random(MaxCharLen, charset.toCharArray()): null

2020-06-09 15:27:05 - [TEST_STEP][PASSED] - NewInputNmField = modifyObjectProperty(findTestObject("Object Repository/Objects.HighlightElements/input_field_index"), "xpath", "equals", "(//*[contains(@class,'x-form-text') and (@name='" + FieldNm + "')])[" + index + "]", true): Modify property of object successfully

2020-06-09 15:27:05 - [MESSAGE][PASSED] - Modify property of object successfully

2020-06-09 15:27:05 - [TEST_STEP][PASSED] - setText(NewInputNmField, RandomStringVal): Text 'i_u1^<?J#Le*ak46UI^r.%iE.Jl7\ztOt8T+I>q"hIY@OF2>$M,u(S?y:78`"9T)JXj&{Myp3Cq^KP)Ave4F-,sk7_sAUC>#o6#2+' is set on object 'Object Repository/Objects.HighlightElements/input_field_index'

2020-06-09 15:27:07 - [MESSAGE][PASSED] - Text 'i_u1^<?J#Le*ak46UI^r.%iE.Jl7\ztOt8T+I>q"hIY@OF2>$M,u(S?y:78`"9T)JXj&{Myp3Cq^KP)Ave4F-,sk7_sAUC>#o6#2+' is set on object 'Object Repository/Objects.HighlightElements/input_field_index'

2020-06-09 15:27:07 - [TEST_STEP][PASSED] - GetInputValue = getAttribute(NewInputNmField, "value", STOP_ON_FAILURE): Attribute 'value' of object 'Object Repository/Objects.HighlightElements/input_field_index' is: 'i_u1^<?J#Le*ak46UI^r.%iE.Jl7\ztOt8T+I>q"hIY@OF2>$M,u(S?y:78`"9T)JXj&{Myp3Cq^KP)Ave4F-,sk7_sAUC>#o6#2'

2020-06-09 15:27:07 - [MESSAGE][PASSED] - Attribute 'value' of object 'Object Repository/Objects.HighlightElements/input_field_index' is: 'i_u1^<?J#Le*ak46UI^r.%iE.Jl7\ztOt8T+I>q"hIY@OF2>$M,u(S?y:78`"9T)JXj&{Myp3Cq^KP)Ave4F-,sk7_sAUC>#o6#2'

2020-06-09 15:27:07 - [TEST_STEP][PASSED] - GetLenChar = GetInputValue.length(): null

2020-06-09 15:27:07 - [TEST_STEP][PASSED] - MaxLength = CharLengthTBL.get(FieldNm): null

2020-06-09 15:27:07 - [TEST_STEP][PASSED] - if (MaxLength != null): Actual object '100' and expected object '100' are equal

2020-06-09 15:27:07 - [TEST_STEP][PASSED] - verifyEqual(GetLenChar, MaxLength): Actual object '100' and expected object '100' are equal

2020-06-09 15:27:07 - [MESSAGE][PASSED] - Actual object '100' and expected object '100' are equal

2020-06-09 15:27:07 - [MESSAGE][PASSED] - Call Test Case 'Test Cases/PFI Precision and Scale/PFI Components with Indexing/MaxCharLengthIndexValidation' successfully

2020-06-09 15:27:07 - [TEST_STEP][PASSED] - callTestCase(findTestCase("Components/HighlightLabelFieldXPI"), ["LblName":"Complaint Date", "index":1], STOP_ON_FAILURE): Call Test Case 'Test Cases/Components/HighlightLabelFieldXPI' successfully

2020-06-09 15:27:07 - [TEST_CASE][PASSED] - Test Cases/Components/HighlightLabelFieldXPI: Test Cases/Components/HighlightLabelFieldXPI

2020-06-09 15:27:07 - [TEST_STEP][PASSED] - Thread.sleep(1000): null

2020-06-09 15:27:08 - [TEST_STEP][PASSED] - modifiedLblNm = modifyObjectProperty(findTestObject("Object Repository/Objects.HighlightElements/lblField_index"), "xpath", "equals", "(//*[contains(@class, 'x-form-item-label-inner x-form-item-label-inner-default') and contains(., '" + LblName + "')])[" + index + "]", true): Modify property of object successfully

2020-06-09 15:27:08 - [MESSAGE][PASSED] - Modify property of object successfully

2020-06-09 15:27:08 - [TEST_STEP][PASSED] - com.reusableComponents.HighlightElement.run(modifiedLblNm): com.reusableComponents.HighlightElement.run is PASSED

2020-06-09 15:27:08 - [MESSAGE][PASSED] - com.reusableComponents.HighlightElement.run is PASSED

2020-06-09 15:27:08 - [MESSAGE][PASSED] - Call Test Case 'Test Cases/Components/HighlightLabelFieldXPI' successfully

2020-06-09 15:27:08 - [TEST_STEP][PASSED] - callTestCase(findTestCase("Components/HighlightInputFieldXPI"), ["FldNm":"complaintDt", "index":1], STOP_ON_FAILURE): Call Test Case 'Test Cases/Components/HighlightInputFieldXPI' successfully

2020-06-09 15:27:08 - [TEST_CASE][PASSED] - Test Cases/Components/HighlightInputFieldXPI: Test Cases/Components/HighlightInputFieldXPI

2020-06-09 15:27:08 - [TEST_STEP][PASSED] - Thread.sleep(1000): null

2020-06-09 15:27:09 - [TEST_STEP][PASSED] - modifiedInputNm = modifyObjectProperty(findTestObject("Object Repository/Objects.HighlightElements/input_field_index"), "xpath", "equals", "(//*[contains(@name, '" + FldNm + "')])[" + index + "]", true): Modify property of object successfully

2020-06-09 15:27:09 - [MESSAGE][PASSED] - Modify property of object successfully

2020-06-09 15:27:09 - [TEST_STEP][PASSED] - com.reusableComponents.HighlightElement.run(modifiedInputNm): com.reusableComponents.HighlightElement.run is PASSED

2020-06-09 15:27:10 - [MESSAGE][PASSED] - com.reusableComponents.HighlightElement.run is PASSED

2020-06-09 15:27:10 - [MESSAGE][PASSED] - Call Test Case 'Test Cases/Components/HighlightInputFieldXPI' successfully

2020-06-09 15:27:10 - [TEST_STEP][PASSED] - callTestCase(findTestCase("PFI Precision and Scale/PFI Components with Indexing/NumericTextboxValidationIndex"), ["nameToBeUsed":"complaintDt", "index":1, "minLen":5], STOP_ON_FAILURE): Call Test Case 'Test Cases/PFI Precision and Scale/PFI Components with Indexing/NumericTextboxValidationIndex' successfully

2020-06-09 15:27:10 - [TEST_CASE][PASSED] - Test Cases/PFI Precision and Scale/PFI Components with Indexing/NumericTextboxValidationIndex: Test Cases/PFI Precision and Scale/PFI Components with Indexing/NumericTextboxValidationIndex

2020-06-09 15:27:10 - [TEST_STEP][PASSED] - Thread.sleep(1000): null

2020-06-09 15:27:11 - [TEST_STEP][PASSED] - Numeric = "0123456789": null

2020-06-09 15:27:11 - [TEST_STEP][PASSED] - AlphaSpecialChar = z) + "`~!@#$%^&*()=_{}|\][;'":,?><"".join(): null

2020-06-09 15:27:11 - [TEST_STEP][PASSED] - RandomNumeric = RandomStringUtils.random(minLen, Numeric.toCharArray()): null

2020-06-09 15:27:11 - [TEST_STEP][PASSED] - RandomString = RandomStringUtils.random(minLen, AlphaSpecialChar): null

2020-06-09 15:27:11 - [TEST_STEP][PASSED] - regexPat = Pattern.compile("^[0-9]+$"): null

2020-06-09 15:27:11 - [TEST_STEP][PASSED] - NewInputNmField = modifyObjectProperty(findTestObject("Object Repository/Objects.HighlightElements/input_field_index"), "xpath", "equals", "(//*[contains(@class,'x-form-text') and (@name='" + nameToBeUsed + "')])[" + index + "]", true): Modify property of object successfully

2020-06-09 15:27:11 - [MESSAGE][PASSED] - Modify property of object successfully

2020-06-09 15:27:11 - [TEST_STEP][PASSED] - focus(NewInputNmField): Object: 'Object Repository/Objects.HighlightElements/input_field_index' is focused

2020-06-09 15:27:11 - [MESSAGE][PASSED] - Object: 'Object Repository/Objects.HighlightElements/input_field_index' is focused

2020-06-09 15:27:11 - [TEST_STEP][PASSED] - setText(NewInputNmField, RandomString): Text 'NX,@E' is set on object 'Object Repository/Objects.HighlightElements/input_field_index'

2020-06-09 15:27:11 - [MESSAGE][PASSED] - Text 'NX,@E' is set on object 'Object Repository/Objects.HighlightElements/input_field_index'

2020-06-09 15:27:11 - [TEST_STEP][PASSED] - GetInputVal = getAttribute(NewInputNmField, "value"): Attribute 'value' of object 'Object Repository/Objects.HighlightElements/input_field_index' is: ''

2020-06-09 15:27:11 - [MESSAGE][PASSED] - Attribute 'value' of object 'Object Repository/Objects.HighlightElements/input_field_index' is: ''

2020-06-09 15:27:11 - [TEST_STEP][PASSED] - if (GetInputVal.contains("e")): null

2020-06-09 15:27:11 - [TEST_STEP][PASSED] - else: Actual text '' and expected text '' are matched  using regular expression

2020-06-09 15:27:11 - [TEST_STEP][PASSED] - verifyMatch(GetInputVal, "", true): Actual text '' and expected text '' are matched  using regular expression

2020-06-09 15:27:11 - [MESSAGE][PASSED] - Actual text '' and expected text '' are matched  using regular expression

2020-06-09 15:27:11 - [TEST_STEP][PASSED] - setText(NewInputNmField, RandomNumeric): Text '00235' is set on object 'Object Repository/Objects.HighlightElements/input_field_index'

2020-06-09 15:27:11 - [MESSAGE][PASSED] - Text '00235' is set on object 'Object Repository/Objects.HighlightElements/input_field_index'

2020-06-09 15:27:11 - [TEST_STEP][PASSED] - GetEnteredIntegers = getAttribute(NewInputNmField, "value"): Attribute 'value' of object 'Object Repository/Objects.HighlightElements/input_field_index' is: '00235'

2020-06-09 15:27:11 - [MESSAGE][PASSED] - Attribute 'value' of object 'Object Repository/Objects.HighlightElements/input_field_index' is: '00235'

2020-06-09 15:27:11 - [TEST_STEP][PASSED] - matchStr = regexPat.matcher(GetEnteredIntegers): null

2020-06-09 15:27:11 - [TEST_STEP][PASSED] - if (matchStr.matches() == true): Accepting Numeric

2020-06-09 15:27:11 - [TEST_STEP][PASSED] - comment("Accepting Numeric"): Accepting Numeric

2020-06-09 15:27:11 - [MESSAGE][INFO] - Accepting Numeric

2020-06-09 15:27:11 - [MESSAGE][PASSED] - Call Test Case 'Test Cases/PFI Precision and Scale/PFI Components with Indexing/NumericTextboxValidationIndex' successfully

2020-06-09 15:27:11 - [TEST_STEP][PASSED] - callTestCase(findTestCase("PFI Precision and Scale/PFI Components with Indexing/InvalidDateErrorValidationIndex"), ["FldNm":"complaintDt", "index":1], STOP_ON_FAILURE): Call Test Case 'Test Cases/PFI Precision and Scale/PFI Components with Indexing/InvalidDateErrorValidationIndex' successfully

2020-06-09 15:27:11 - [TEST_CASE][PASSED] - Test Cases/PFI Precision and Scale/PFI Components with Indexing/InvalidDateErrorValidationIndex: Test Cases/PFI Precision and Scale/PFI Components with Indexing/InvalidDateErrorValidationIndex

2020-06-09 15:27:11 - [TEST_STEP][PASSED] - Thread.sleep(1000): null

2020-06-09 15:27:12 - [TEST_STEP][PASSED] - DateFieldNm = modifyObjectProperty(findTestObject("Object Repository/Objects.HighlightElements/input_field_index"), "xpath", "equals", "(//*[contains(@class,'x-form-text') and (@name='" + FldNm + "')])[" + index + "]", true): Modify property of object successfully

2020-06-09 15:27:12 - [MESSAGE][PASSED] - Modify property of object successfully

2020-06-09 15:27:12 - [TEST_STEP][PASSED] - focus(DateFieldNm): Object: 'Object Repository/Objects.HighlightElements/input_field_index' is focused

2020-06-09 15:27:12 - [MESSAGE][PASSED] - Object: 'Object Repository/Objects.HighlightElements/input_field_index' is focused

2020-06-09 15:27:12 - [TEST_STEP][PASSED] - getInputInvalidDate = getAttribute(DateFieldNm, "value"): Attribute 'value' of object 'Object Repository/Objects.HighlightElements/input_field_index' is: '00235'

2020-06-09 15:27:13 - [MESSAGE][PASSED] - Attribute 'value' of object 'Object Repository/Objects.HighlightElements/input_field_index' is: '00235'

2020-06-09 15:27:13 - [TEST_STEP][PASSED] - mouseOver(DateFieldNm): Object: 'Object Repository/Objects.HighlightElements/input_field_index' is hovered

2020-06-09 15:27:13 - [MESSAGE][PASSED] - Object: 'Object Repository/Objects.HighlightElements/input_field_index' is hovered

2020-06-09 15:27:13 - [TEST_STEP][PASSED] - getErrMsg = getAttribute(DateFieldNm, "data-errorqtip"): Attribute 'data-errorqtip' of object 'Object Repository/Objects.HighlightElements/input_field_index' is: '<ul class="x-list-plain"><li>00235 is not a valid date - it must be in the format d/m/Y</li></ul>'

2020-06-09 15:27:13 - [MESSAGE][PASSED] - Attribute 'data-errorqtip' of object 'Object Repository/Objects.HighlightElements/input_field_index' is: '<ul class="x-list-plain"><li>00235 is not a valid date - it must be in the format d/m/Y</li></ul>'

2020-06-09 15:27:13 - [TEST_STEP][PASSED] - getTotalLength = getErrMsg.length(): null

2020-06-09 15:27:13 - [TEST_STEP][PASSED] - RemoveULClass = getErrMsg.substring(29, getTotalLength): null

2020-06-09 15:27:13 - [TEST_STEP][PASSED] - LengthNoUlClass = RemoveULClass.length() - 10: null

2020-06-09 15:27:13 - [TEST_STEP][PASSED] - ToolTipInvErrMsg = RemoveULClass.substring(0, LengthNoUlClass): null

2020-06-09 15:27:13 - [TEST_STEP][PASSED] - ExpectedInvalidErrMsg = concatenate(getInputInvalidDate, " ", NotValidDt): Concatenated string array: '['00235',' ','is not a valid date - it must be in the format d/m/Y']' into '00235 is not a valid date - it must be in the format d/m/Y'

2020-06-09 15:27:13 - [MESSAGE][PASSED] - Concatenated string array: '['00235',' ','is not a valid date - it must be in the format d/m/Y']' into '00235 is not a valid date - it must be in the format d/m/Y'

2020-06-09 15:27:13 - [TEST_STEP][PASSED] - verifyMatch(ToolTipInvErrMsg, ExpectedInvalidErrMsg, true): Actual text '00235 is not a valid date - it must be in the format d/m/Y' and expected text '00235 is not a valid date - it must be in the format d/m/Y' are matched  using regular expression

2020-06-09 15:27:13 - [MESSAGE][PASSED] - Actual text '00235 is not a valid date - it must be in the format d/m/Y' and expected text '00235 is not a valid date - it must be in the format d/m/Y' are matched  using regular expression

2020-06-09 15:27:13 - [MESSAGE][PASSED] - Call Test Case 'Test Cases/PFI Precision and Scale/PFI Components with Indexing/InvalidDateErrorValidationIndex' successfully

2020-06-09 15:27:13 - [TEST_STEP][PASSED] - callTestCase(findTestCase("PFI Precision and Scale/PFI Components with Indexing/SelectDayInDatePickerWithIndexII"), ["FldNm":"complaintDt", "SelectCurrentDay":25, "index":9, "idx":1], STOP_ON_FAILURE): Call Test Case 'Test Cases/PFI Precision and Scale/PFI Components with Indexing/SelectDayInDatePickerWithIndexII' successfully

2020-06-09 15:27:13 - [TEST_CASE][PASSED] - Test Cases/PFI Precision and Scale/PFI Components with Indexing/SelectDayInDatePickerWithIndexII: Test Cases/PFI Precision and Scale/PFI Components with Indexing/SelectDayInDatePickerWithIndexII

2020-06-09 15:27:13 - [TEST_STEP][PASSED] - Thread.sleep(1000): null

2020-06-09 15:27:14 - [TEST_STEP][PASSED] - DateInputFld = modifyObjectProperty(findTestObject("Objects.HighlightElements/input_field_index"), "xpath", "equals", "(//*[contains(@class,'x-form-text') and (@name='" + FldNm + "')])[" + idx + "]", true): Modify property of object successfully

2020-06-09 15:27:14 - [MESSAGE][PASSED] - Modify property of object successfully

2020-06-09 15:27:14 - [TEST_STEP][PASSED] - ModifiedDay = modifyObjectProperty(findTestObject("Objects.DateValidation/Page_ISPS2/Select_Day_Index"), "xpath", "equals", "(//*[contains(@class, 'x-datepicker-date') and (text() = '" + SelectCurrentDay + "')])[" + index + "]", true): Modify property of object successfully

2020-06-09 15:27:14 - [MESSAGE][PASSED] - Modify property of object successfully

2020-06-09 15:27:14 - [TEST_STEP][PASSED] - sendKeys(DateInputFld, Keys.chord(ARROW_DOWN)): Keys 'DOWN + ' sent to object: 'Object Repository/Objects.HighlightElements/input_field_index'

2020-06-09 15:27:14 - [MESSAGE][PASSED] - Keys 'DOWN + ' sent to object: 'Object Repository/Objects.HighlightElements/input_field_index'

2020-06-09 15:27:14 - [TEST_STEP][PASSED] - com.reusableComponents.HighlightElement.run(ModifiedDay): com.reusableComponents.HighlightElement.run is PASSED

2020-06-09 15:27:14 - [MESSAGE][PASSED] - com.reusableComponents.HighlightElement.run is PASSED

2020-06-09 15:27:14 - [TEST_STEP][PASSED] - delay(1): Delayed 1 second(s)

2020-06-09 15:27:15 - [MESSAGE][PASSED] - Delayed 1 second(s)

2020-06-09 15:27:15 - [TEST_STEP][PASSED] - click(ModifiedDay): Object: 'Object Repository/Objects.DateValidation/Page_ISPS2/Select_Day_Index' is clicked on

2020-06-09 15:27:15 - [MESSAGE][PASSED] - Object: 'Object Repository/Objects.DateValidation/Page_ISPS2/Select_Day_Index' is clicked on

2020-06-09 15:27:15 - [TEST_STEP][PASSED] - GetError = getAttribute(DateInputFld, "data-errorqtip"): Attribute 'data-errorqtip' of object 'Object Repository/Objects.HighlightElements/input_field_index' is: ''

2020-06-09 15:27:16 - [MESSAGE][PASSED] - Attribute 'data-errorqtip' of object 'Object Repository/Objects.HighlightElements/input_field_index' is: ''

2020-06-09 15:27:16 - [TEST_STEP][PASSED] - if (GetError == ""): null

2020-06-09 15:27:16 - [TEST_STEP][PASSED] - GetEnteredDate = getAttribute(DateInputFld, "value"): Attribute 'value' of object 'Object Repository/Objects.HighlightElements/input_field_index' is: '25/06/2020'

2020-06-09 15:27:16 - [MESSAGE][PASSED] - Attribute 'value' of object 'Object Repository/Objects.HighlightElements/input_field_index' is: '25/06/2020'

2020-06-09 15:27:16 - [TEST_STEP][PASSED] - DatePattern = Pattern.compile("^(1[0-2]|0[1-9])/(3[01]|[12][0-9]|0[1-9])/[0-9]{4}$"): null

2020-06-09 15:27:16 - [TEST_STEP][PASSED] - VerifyDateFormat = DatePattern.matcher(GetEnteredDate): null

2020-06-09 15:27:16 - [TEST_STEP][PASSED] - if (VerifyDateFormat.matches() == true): null

2020-06-09 15:27:16 - [MESSAGE][PASSED] - Call Test Case 'Test Cases/PFI Precision and Scale/PFI Components with Indexing/SelectDayInDatePickerWithIndexII' successfully

2020-06-09 15:27:16 - [TEST_STEP][PASSED] - callTestCase(findTestCase("PFI Precision and Scale/PFI Components with Indexing/SelectTodayInDatePickerIndex"), ["FldNm":"complaintDt", "index":9, "idx":1], STOP_ON_FAILURE): Call Test Case 'Test Cases/PFI Precision and Scale/PFI Components with Indexing/SelectTodayInDatePickerIndex' successfully

2020-06-09 15:27:16 - [TEST_CASE][PASSED] - Test Cases/PFI Precision and Scale/PFI Components with Indexing/SelectTodayInDatePickerIndex: Test Cases/PFI Precision and Scale/PFI Components with Indexing/SelectTodayInDatePickerIndex

2020-06-09 15:27:16 - [TEST_STEP][PASSED] - Thread.sleep(1000): null

2020-06-09 15:27:17 - [TEST_STEP][PASSED] - date = new java.util.Date(): null

2020-06-09 15:27:17 - [TEST_STEP][PASSED] - CurrentDate = new java.text.SimpleDateFormat(dd/MM/yyyy): null

2020-06-09 15:27:17 - [TEST_STEP][PASSED] - TodayDate = CurrentDate.format(date): null

2020-06-09 15:27:17 - [TEST_STEP][PASSED] - DateFieldNm = modifyObjectProperty(findTestObject("Objects.HighlightElements/input_field_index"), "xpath", "equals", "(//*[contains(@class,'x-form-text') and (@name='" + FldNm + "')])[" + idx + "]", true): Modify property of object successfully

2020-06-09 15:27:17 - [MESSAGE][PASSED] - Modify property of object successfully

2020-06-09 15:27:17 - [TEST_STEP][PASSED] - TodayBtn = modifyObjectProperty(findTestObject("Object Repository/Objects.DateValidation/Page_ISPS2/a_Today"), "xpath", "equals", "(//*[text() = 'Today'])[" + index + "]", true): Modify property of object successfully

2020-06-09 15:27:17 - [MESSAGE][PASSED] - Modify property of object successfully

2020-06-09 15:27:17 - [TEST_STEP][PASSED] - sendKeys(DateFieldNm, Keys.chord(ARROW_DOWN)): Keys 'DOWN + ' sent to object: 'Object Repository/Objects.HighlightElements/input_field_index'

2020-06-09 15:27:17 - [MESSAGE][PASSED] - Keys 'DOWN + ' sent to object: 'Object Repository/Objects.HighlightElements/input_field_index'

2020-06-09 15:27:17 - [TEST_STEP][PASSED] - com.reusableComponents.HighlightElement.run(TodayBtn): com.reusableComponents.HighlightElement.run is PASSED

2020-06-09 15:27:17 - [MESSAGE][PASSED] - com.reusableComponents.HighlightElement.run is PASSED

2020-06-09 15:27:17 - [TEST_STEP][PASSED] - click(TodayBtn): Object: 'Object Repository/Objects.DateValidation/Page_ISPS2/a_Today' is clicked on

2020-06-09 15:27:17 - [MESSAGE][PASSED] - Object: 'Object Repository/Objects.DateValidation/Page_ISPS2/a_Today' is clicked on

2020-06-09 15:27:17 - [TEST_STEP][PASSED] - GetEnteredDate = getAttribute(DateFieldNm, "value"): Attribute 'value' of object 'Object Repository/Objects.HighlightElements/input_field_index' is: '09/06/2020'

2020-06-09 15:27:17 - [MESSAGE][PASSED] - Attribute 'value' of object 'Object Repository/Objects.HighlightElements/input_field_index' is: '09/06/2020'

2020-06-09 15:27:17 - [TEST_STEP][PASSED] - verifyMatch(GetEnteredDate, TodayDate, true): Actual text '09/06/2020' and expected text '09/06/2020' are matched  using regular expression

2020-06-09 15:27:17 - [MESSAGE][PASSED] - Actual text '09/06/2020' and expected text '09/06/2020' are matched  using regular expression

2020-06-09 15:27:17 - [MESSAGE][PASSED] - Call Test Case 'Test Cases/PFI Precision and Scale/PFI Components with Indexing/SelectTodayInDatePickerIndex' successfully

2020-06-09 15:27:17 - [TEST_STEP][PASSED] - callTestCase(findTestCase("Components/HighlightLabelFieldXPI"), ["LblName":"Offence", "index":1], STOP_ON_FAILURE): Call Test Case 'Test Cases/Components/HighlightLabelFieldXPI' successfully

2020-06-09 15:27:17 - [TEST_CASE][PASSED] - Test Cases/Components/HighlightLabelFieldXPI: Test Cases/Components/HighlightLabelFieldXPI

2020-06-09 15:27:17 - [TEST_STEP][PASSED] - Thread.sleep(1000): null

2020-06-09 15:27:18 - [TEST_STEP][PASSED] - modifiedLblNm = modifyObjectProperty(findTestObject("Object Repository/Objects.HighlightElements/lblField_index"), "xpath", "equals", "(//*[contains(@class, 'x-form-item-label-inner x-form-item-label-inner-default') and contains(., '" + LblName + "')])[" + index + "]", true): Modify property of object successfully

2020-06-09 15:27:18 - [MESSAGE][PASSED] - Modify property of object successfully

2020-06-09 15:27:18 - [TEST_STEP][PASSED] - com.reusableComponents.HighlightElement.run(modifiedLblNm): com.reusableComponents.HighlightElement.run is PASSED

2020-06-09 15:27:19 - [MESSAGE][PASSED] - com.reusableComponents.HighlightElement.run is PASSED

2020-06-09 15:27:19 - [MESSAGE][PASSED] - Call Test Case 'Test Cases/Components/HighlightLabelFieldXPI' successfully

2020-06-09 15:27:19 - [TEST_STEP][PASSED] - callTestCase(findTestCase("Components/HighlightInputFieldXPI"), ["FldNm":"courtDesc", "index":1], STOP_ON_FAILURE): Call Test Case 'Test Cases/Components/HighlightInputFieldXPI' successfully

2020-06-09 15:27:19 - [TEST_CASE][PASSED] - Test Cases/Components/HighlightInputFieldXPI: Test Cases/Components/HighlightInputFieldXPI

2020-06-09 15:27:19 - [TEST_STEP][PASSED] - Thread.sleep(1000): null

2020-06-09 15:27:20 - [TEST_STEP][PASSED] - modifiedInputNm = modifyObjectProperty(findTestObject("Object Repository/Objects.HighlightElements/input_field_index"), "xpath", "equals", "(//*[contains(@name, '" + FldNm + "')])[" + index + "]", true): Modify property of object successfully

2020-06-09 15:27:20 - [MESSAGE][PASSED] - Modify property of object successfully

2020-06-09 15:27:20 - [TEST_STEP][PASSED] - com.reusableComponents.HighlightElement.run(modifiedInputNm): com.reusableComponents.HighlightElement.run is PASSED

2020-06-09 15:27:20 - [MESSAGE][PASSED] - com.reusableComponents.HighlightElement.run is PASSED

2020-06-09 15:27:20 - [MESSAGE][PASSED] - Call Test Case 'Test Cases/Components/HighlightInputFieldXPI' successfully

2020-06-09 15:27:20 - [TEST_STEP][PASSED] - callTestCase(findTestCase("PFI Precision and Scale/PFI Components with Indexing/AlphaNumericSpecialValidationIndex"), ["FldNm":"courtDesc", "LenChar":5, "index":1], STOP_ON_FAILURE): Call Test Case 'Test Cases/PFI Precision and Scale/PFI Components with Indexing/AlphaNumericSpecialValidationIndex' successfully

2020-06-09 15:27:21 - [TEST_CASE][PASSED] - Test Cases/PFI Precision and Scale/PFI Components with Indexing/AlphaNumericSpecialValidationIndex: Test Cases/PFI Precision and Scale/PFI Components with Indexing/AlphaNumericSpecialValidationIndex

2020-06-09 15:27:21 - [TEST_STEP][PASSED] - charset = /?><"".join(): null

2020-06-09 15:27:21 - [TEST_STEP][PASSED] - AlphaNumeric = 9).join(): null

2020-06-09 15:27:21 - [TEST_STEP][PASSED] - SpecialChar = "`~!@#$%^&*()-=+_{}|\][;'":,./?><"": null

2020-06-09 15:27:21 - [TEST_STEP][PASSED] - RandomString = RandomStringUtils.random(LenChar, AlphaNumeric.toCharArray()): null

2020-06-09 15:27:21 - [TEST_STEP][PASSED] - RdmSpChar = RandomStringUtils.random(LenChar, SpecialChar): null

2020-06-09 15:27:21 - [TEST_STEP][PASSED] - regexPat = Pattern.compile("^[A-Za-z0-9 ]+$"): null

2020-06-09 15:27:21 - [TEST_STEP][PASSED] - NewInputNmField = modifyObjectProperty(findTestObject("Object Repository/Objects.HighlightElements/input_field_index"), "xpath", "equals", "(//*[contains(@class,'x-form-text') and (@name='" + FldNm + "')])[" + index + "]", true): Modify property of object successfully

2020-06-09 15:27:21 - [MESSAGE][PASSED] - Modify property of object successfully

2020-06-09 15:27:21 - [TEST_STEP][PASSED] - setText(NewInputNmField, RandomString): Text 'p47Nd' is set on object 'Object Repository/Objects.HighlightElements/input_field_index'

2020-06-09 15:27:21 - [MESSAGE][PASSED] - Text 'p47Nd' is set on object 'Object Repository/Objects.HighlightElements/input_field_index'

2020-06-09 15:27:21 - [TEST_STEP][PASSED] - RemarksAN = getAttribute(NewInputNmField, "value"): Attribute 'value' of object 'Object Repository/Objects.HighlightElements/input_field_index' is: 'p47Nd'

2020-06-09 15:27:21 - [MESSAGE][PASSED] - Attribute 'value' of object 'Object Repository/Objects.HighlightElements/input_field_index' is: 'p47Nd'

2020-06-09 15:27:21 - [TEST_STEP][PASSED] - matchStr = regexPat.matcher(RemarksAN): null

2020-06-09 15:27:21 - [TEST_STEP][PASSED] - if (matchStr.matches() == true): Accepting Alphanumeric

2020-06-09 15:27:21 - [TEST_STEP][PASSED] - comment("Accepting Alphanumeric"): Accepting Alphanumeric

2020-06-09 15:27:21 - [MESSAGE][INFO] - Accepting Alphanumeric

2020-06-09 15:27:21 - [TEST_STEP][PASSED] - setText(NewInputNmField, RdmSpChar): Text ']#^$}' is set on object 'Object Repository/Objects.HighlightElements/input_field_index'

2020-06-09 15:27:21 - [MESSAGE][PASSED] - Text ']#^$}' is set on object 'Object Repository/Objects.HighlightElements/input_field_index'

2020-06-09 15:27:21 - [TEST_STEP][PASSED] - RemarksSpChar = getAttribute(NewInputNmField, "value"): Attribute 'value' of object 'Object Repository/Objects.HighlightElements/input_field_index' is: ']#^$}'

2020-06-09 15:27:21 - [MESSAGE][PASSED] - Attribute 'value' of object 'Object Repository/Objects.HighlightElements/input_field_index' is: ']#^$}'

2020-06-09 15:27:21 - [TEST_STEP][PASSED] - matchSp = regexPat.matcher(RemarksSpChar): null

2020-06-09 15:27:21 - [TEST_STEP][PASSED] - if (matchSp.matches() == false): Accepting Special Characters

2020-06-09 15:27:21 - [TEST_STEP][PASSED] - comment("Accepting Special Characters"): Accepting Special Characters

2020-06-09 15:27:21 - [MESSAGE][INFO] - Accepting Special Characters

2020-06-09 15:27:21 - [MESSAGE][PASSED] - Call Test Case 'Test Cases/PFI Precision and Scale/PFI Components with Indexing/AlphaNumericSpecialValidationIndex' successfully

2020-06-09 15:27:21 - [TEST_STEP][PASSED] - callTestCase(findTestCase("PFI Precision and Scale/PFI Components with Indexing/MaxCharLengthIndexValidation"), ["FieldNm":"courtDesc", "index":1, "MaxCharLen":401], STOP_ON_FAILURE): Call Test Case 'Test Cases/PFI Precision and Scale/PFI Components with Indexing/MaxCharLengthIndexValidation' successfully

2020-06-09 15:27:21 - [TEST_CASE][PASSED] - Test Cases/PFI Precision and Scale/PFI Components with Indexing/MaxCharLengthIndexValidation: Test Cases/PFI Precision and Scale/PFI Components with Indexing/MaxCharLengthIndexValidation

2020-06-09 15:27:21 - [TEST_STEP][PASSED] - Thread.sleep(1000): null

2020-06-09 15:27:22 - [TEST_STEP][PASSED] - CharLengthTBL = ["aoNotes":4000, "notes":4000, "hseBlkNo":10, "buildingName":100, "unformattedAddress":4000, "courtNo":20, "caseGrpDesc":4000, ... ]: null

2020-06-09 15:27:22 - [TEST_STEP][PASSED] - charset = /?><"".join(): null

2020-06-09 15:27:22 - [TEST_STEP][PASSED] - RandomStringVal = RandomStringUtils.random(MaxCharLen, charset.toCharArray()): null

2020-06-09 15:27:22 - [TEST_STEP][PASSED] - NewInputNmField = modifyObjectProperty(findTestObject("Object Repository/Objects.HighlightElements/input_field_index"), "xpath", "equals", "(//*[contains(@class,'x-form-text') and (@name='" + FieldNm + "')])[" + index + "]", true): Modify property of object successfully

2020-06-09 15:27:22 - [MESSAGE][PASSED] - Modify property of object successfully

2020-06-09 15:27:22 - [TEST_STEP][PASSED] - setText(NewInputNmField, RandomStringVal): Text 'K"Y&\gfD~eJhP2x_g5!js2AJT{K?DP\WDu#'4B@^xi"`J_:T"_v<1*#"|<[i"3cVG]$s>=+;'q1P=8iS'ty5ZZI'!Qzy2=eBn64T[C/9E@EcAjxuwB%h?#uh;[[*zhuI>|=#/3|;<BPKmKT6CED>Y%ad!|q*@6b(;;-j:D19}9&qBcQ!?`^y"iaDXV-4&D(Z.g}r??\UQ%?ri(qc~2g@yr]>NQJ`J&Ot{Jihr("\eHwjwJx/fQ&X7?AQND!gVLfSo:C*{1SN<[zfEv;2{vKM)p+DRY(hn-<"C-mO&tlXoBt=\]ykKp[vGqF%76LXmhEee>1kkL^qdds"$9)Wnq#8jMu~.eIxz%!Fv]VeYqj".9<a)wEH{!H.iw2}x2QzddZk?Xz3*{F&I">(/O'*,' is set on object 'Object Repository/Objects.HighlightElements/input_field_index'

2020-06-09 15:27:24 - [MESSAGE][PASSED] - Text 'K"Y&\gfD~eJhP2x_g5!js2AJT{K?DP\WDu#'4B@^xi"`J_:T"_v<1*#"|<[i"3cVG]$s>=+;'q1P=8iS'ty5ZZI'!Qzy2=eBn64T[C/9E@EcAjxuwB%h?#uh;[[*zhuI>|=#/3|;<BPKmKT6CED>Y%ad!|q*@6b(;;-j:D19}9&qBcQ!?`^y"iaDXV-4&D(Z.g}r??\UQ%?ri(qc~2g@yr]>NQJ`J&Ot{Jihr("\eHwjwJx/fQ&X7?AQND!gVLfSo:C*{1SN<[zfEv;2{vKM)p+DRY(hn-<"C-mO&tlXoBt=\]ykKp[vGqF%76LXmhEee>1kkL^qdds"$9)Wnq#8jMu~.eIxz%!Fv]VeYqj".9<a)wEH{!H.iw2}x2QzddZk?Xz3*{F&I">(/O'*,' is set on object 'Object Repository/Objects.HighlightElements/input_field_index'

2020-06-09 15:27:24 - [TEST_STEP][PASSED] - GetInputValue = getAttribute(NewInputNmField, "value", STOP_ON_FAILURE): Attribute 'value' of object 'Object Repository/Objects.HighlightElements/input_field_index' is: 'K"Y&\gfD~eJhP2x_g5!js2AJT{K?DP\WDu#'4B@^xi"`J_:T"_v<1*#"|<[i"3cVG]$s>=+;'q1P=8iS'ty5ZZI'!Qzy2=eBn64T[C/9E@EcAjxuwB%h?#uh;[[*zhuI>|=#/3|;<BPKmKT6CED>Y%ad!|q*@6b(;;-j:D19}9&qBcQ!?`^y"iaDXV-4&D(Z.g}r??\UQ%?ri(qc~2g@yr]>NQJ`J&Ot{Jihr("\eHwjwJx/fQ&X7?AQND!gVLfSo:C*{1SN<[zfEv;2{vKM)p+DRY(hn-<"C-mO&tlXoBt=\]ykKp[vGqF%76LXmhEee>1kkL^qdds"$9)Wnq#8jMu~.eIxz%!Fv]VeYqj".9<a)wEH{!H.iw2}x2QzddZk?Xz3*{F&I">(/O'*'

2020-06-09 15:27:24 - [MESSAGE][PASSED] - Attribute 'value' of object 'Object Repository/Objects.HighlightElements/input_field_index' is: 'K"Y&\gfD~eJhP2x_g5!js2AJT{K?DP\WDu#'4B@^xi"`J_:T"_v<1*#"|<[i"3cVG]$s>=+;'q1P=8iS'ty5ZZI'!Qzy2=eBn64T[C/9E@EcAjxuwB%h?#uh;[[*zhuI>|=#/3|;<BPKmKT6CED>Y%ad!|q*@6b(;;-j:D19}9&qBcQ!?`^y"iaDXV-4&D(Z.g}r??\UQ%?ri(qc~2g@yr]>NQJ`J&Ot{Jihr("\eHwjwJx/fQ&X7?AQND!gVLfSo:C*{1SN<[zfEv;2{vKM)p+DRY(hn-<"C-mO&tlXoBt=\]ykKp[vGqF%76LXmhEee>1kkL^qdds"$9)Wnq#8jMu~.eIxz%!Fv]VeYqj".9<a)wEH{!H.iw2}x2QzddZk?Xz3*{F&I">(/O'*'

2020-06-09 15:27:24 - [TEST_STEP][PASSED] - GetLenChar = GetInputValue.length(): null

2020-06-09 15:27:24 - [TEST_STEP][PASSED] - MaxLength = CharLengthTBL.get(FieldNm): null

2020-06-09 15:27:24 - [TEST_STEP][PASSED] - if (MaxLength != null): Actual object '400' and expected object '400' are equal

2020-06-09 15:27:24 - [TEST_STEP][PASSED] - verifyEqual(GetLenChar, MaxLength): Actual object '400' and expected object '400' are equal

2020-06-09 15:27:24 - [MESSAGE][PASSED] - Actual object '400' and expected object '400' are equal

2020-06-09 15:27:24 - [MESSAGE][PASSED] - Call Test Case 'Test Cases/PFI Precision and Scale/PFI Components with Indexing/MaxCharLengthIndexValidation' successfully

2020-06-09 15:27:24 - [TEST_STEP][PASSED] - callTestCase(findTestCase("Components/Logout"), ["LogoutPageTextToBeVerified":findTestData("ISPS2 Test Data").getValue("HomeBanner", 1)], STOP_ON_FAILURE): Call Test Case 'Test Cases/Components/Logout' successfully

2020-06-09 15:27:25 - [TEST_CASE][PASSED] - Test Cases/Components/Logout: Test Cases/Components/Logout

2020-06-09 15:27:25 - [TEST_STEP][PASSED] - Thread.sleep(3000): null

2020-06-09 15:27:28 - [TEST_STEP][NOT_RUN] - com.reusableComponents.HighlightElement.run(findTestObject("Objects.Logout/accountDropdown")): NOT_RUN: com.reusableComponents.HighlightElement.run(findTestObject("Objects.Logout/accountDropdown"))

2020-06-09 15:27:28 - [MESSAGE][NOT_RUN] - NOT_RUN: com.reusableComponents.HighlightElement.run(findTestObject("Objects.Logout/accountDropdown"))

2020-06-09 15:27:28 - [TEST_STEP][NOT_RUN] - click(findTestObject("Objects.Logout/accountDropdown")): NOT_RUN: click(findTestObject("Objects.Logout/accountDropdown"))

2020-06-09 15:27:28 - [MESSAGE][NOT_RUN] - NOT_RUN: click(findTestObject("Objects.Logout/accountDropdown"))

2020-06-09 15:27:28 - [TEST_STEP][NOT_RUN] - com.reusableComponents.clickUsingJS.clickUsingJS(findTestObject("Objects.Logout/accountDropdown"), 0): NOT_RUN: com.reusableComponents.clickUsingJS.clickUsingJS(findTestObject("Objects.Logout/accountDropdown"), 0)

2020-06-09 15:27:28 - [MESSAGE][NOT_RUN] - NOT_RUN: com.reusableComponents.clickUsingJS.clickUsingJS(findTestObject("Objects.Logout/accountDropdown"), 0)

2020-06-09 15:27:28 - [TEST_STEP][PASSED] - element = findWebElement(findTestObject("Objects.Logout/accountDropdown"), 30): null

2020-06-09 15:27:28 - [TEST_STEP][PASSED] - executeJavaScript("arguments[0].click()", Arrays.asList(element)): Execute JavaScript 'arguments[0].click()' successfully

2020-06-09 15:27:28 - [MESSAGE][PASSED] - Execute JavaScript 'arguments[0].click()' successfully

2020-06-09 15:27:28 - [TEST_STEP][NOT_RUN] - com.reusableComponents.HighlightElement.run(findTestObject("Objects.Logout/span_Logout")): NOT_RUN: com.reusableComponents.HighlightElement.run(findTestObject("Objects.Logout/span_Logout"))

2020-06-09 15:27:28 - [MESSAGE][NOT_RUN] - NOT_RUN: com.reusableComponents.HighlightElement.run(findTestObject("Objects.Logout/span_Logout"))

2020-06-09 15:27:28 - [TEST_STEP][PASSED] - click(findTestObject("Objects.Logout/span_Logout"), STOP_ON_FAILURE): Object: 'Object Repository/Objects.Logout/span_Logout' is clicked on

2020-06-09 15:27:32 - [MESSAGE][PASSED] - Object: 'Object Repository/Objects.Logout/span_Logout' is clicked on

2020-06-09 15:27:32 - [TEST_STEP][PASSED] - waitForPageLoad(30): Wait for page load successfully

2020-06-09 15:27:32 - [MESSAGE][PASSED] - Wait for page load successfully

2020-06-09 15:27:32 - [TEST_STEP][PASSED] - Thread.sleep(3000): null

2020-06-09 15:27:35 - [TEST_STEP][PASSED] - verifyTextPresent(LogoutPageTextToBeVerified, false): Text 'Sign in to ISPS2-PROD-Verify' is present on page 

2020-06-09 15:27:35 - [MESSAGE][PASSED] - Text 'Sign in to ISPS2-PROD-Verify' is present on page 

2020-06-09 15:27:35 - [TEST_STEP][PASSED] - delay(5): Delayed 5 second(s)

2020-06-09 15:27:40 - [MESSAGE][PASSED] - Delayed 5 second(s)

2020-06-09 15:27:40 - [TEST_STEP][NOT_RUN] - com.reusableComponents.HighlightElement.run(findTestObject("Objects.Logout/div_Sign in to ISPS2-PROD-Verify")): NOT_RUN: com.reusableComponents.HighlightElement.run(findTestObject("Objects.Logout/div_Sign in to ISPS2-PROD-Verify"))

2020-06-09 15:27:40 - [MESSAGE][NOT_RUN] - NOT_RUN: com.reusableComponents.HighlightElement.run(findTestObject("Objects.Logout/div_Sign in to ISPS2-PROD-Verify"))

2020-06-09 15:27:40 - [TEST_STEP][PASSED] - closeBrowser(): Browser is closed

2020-06-09 15:27:42 - [MESSAGE][PASSED] - Browser is closed

2020-06-09 15:27:42 - [MESSAGE][PASSED] - Call Test Case 'Test Cases/Components/Logout' successfully]]></system-out>
         <system-err><![CDATA[]]></system-err>
      </testcase>
      <system-out><![CDATA[2020-06-09 15:03:59 - [TEST_SUITE][PASSED] - PFI-Page Section: Test Cases/PFI Precision and Scale/PFI Test Cases/Process Case (PFI)/PFI.CourtActionsLHS]]></system-out>
      <system-err><![CDATA[]]></system-err>
   </testsuite>
</testsuites>
