<?xml version="1.0" encoding="UTF-8"?>
<testsuites name="PFI-TOPCSC" time="357.0" tests="3" failures="1" errors="0">
   <testsuite name="PFI-TOPCSC" tests="3" failures="1" errors="0" time="357.0" timestamp="2020-06-02 01:31:44" hostname="19023-RAC - 192.168.16.39" id="Test Suites/PFI Precision and Scale Automated Regression Suite/PFI-TOPCSC/PFI-TOPCSC">
      <properties>
         <property name="deviceName" value=""/>
         <property name="devicePlatform" value=""/>
         <property name="logFolder" value="C:\\Users\\19023-RAC\\Desktop\\New Automation Copy\\Reports\\20200602_013132\\PFI Precision and Scale Automated Regression Suite\\PFI-TOPCSC\\PFI-TOPCSC\\20200602_013132"/>
         <property name="logFiles" value="C:\\Users\\19023-RAC\\Desktop\\New Automation Copy\\Reports\\20200602_013132\\PFI Precision and Scale Automated Regression Suite\\PFI-TOPCSC\\PFI-TOPCSC\\20200602_013132\\execution0.log"/>
         <property name="attachments" value="C:\\Users\\19023-RAC\\Desktop\\New Automation Copy\\Reports\\20200602_013132\\PFI Precision and Scale Automated Regression Suite\\PFI-TOPCSC\\PFI-TOPCSC\\20200602_013132\\1591032834940.png"/>
         <property name="hostName" value="19023-RAC - 192.168.16.39"/>
         <property name="os" value="Windows 10 64bit"/>
         <property name="katalonVersion" value="7.2.1.1"/>
         <property name="browser" value="Chrome 83.0.4103.61"/>
         <property name="hostAddress" value="192.168.16.39"/>
         <property name="sessionId" value="f32e0ac89495d833731e20ee75eb9296"/>
         <property name="seleniumVersion" value="3.141.59"/>
         <property name="proxyInformation" value="ProxyInformation{proxyOption=NO_PROXY, proxyServerType=HTTP, password=, proxyServerAddress=, proxyServerPort=0, executionList=}"/>
         <property name="platform" value="Windows 10"/>
      </properties>
      <testcase name="Test Cases/PFI Precision and Scale/PFI Test Cases/PFI - TOPCSC/ProcessPFITOPCSC" time="131.121" classname="Test Cases/PFI Precision and Scale/PFI Test Cases/PFI - TOPCSC/ProcessPFITOPCSC" status="FAILED">
         <failure type="FAILED" message="Test Cases/PFI Precision and Scale/PFI Test Cases/PFI - TOPCSC/ProcessPFITOPCSC FAILED.
Reason:
com.kms.katalon.core.exception.StepFailedException: Call Test Case 'Test Cases/PFI Precision and Scale/PFI Components with Indexing/InputCellGridValidation' failed
	at com.kms.katalon.core.keyword.builtin.CallTestCaseKeyword$_callTestCase_closure1.doCall(CallTestCaseKeyword.groovy:63)
	at com.kms.katalon.core.keyword.builtin.CallTestCaseKeyword$_callTestCase_closure1.call(CallTestCaseKeyword.groovy)
	at com.kms.katalon.core.keyword.internal.KeywordMain.runKeyword(KeywordMain.groovy:68)
	at com.kms.katalon.core.keyword.builtin.CallTestCaseKeyword.callTestCase(CallTestCaseKeyword.groovy:81)
	at com.kms.katalon.core.keyword.builtin.CallTestCaseKeyword.execute(CallTestCaseKeyword.groovy:44)
	at com.kms.katalon.core.keyword.internal.KeywordExecutor.executeKeywordForPlatform(KeywordExecutor.groovy:72)
	at com.kms.katalon.core.keyword.BuiltinKeywords.callTestCase(BuiltinKeywords.groovy:334)
	at ProcessPFITOPCSC.run(ProcessPFITOPCSC:54)
	at com.kms.katalon.core.main.ScriptEngine.run(ScriptEngine.java:194)
	at com.kms.katalon.core.main.ScriptEngine.runScriptAsRawText(ScriptEngine.java:119)
	at com.kms.katalon.core.main.TestCaseExecutor.runScript(TestCaseExecutor.java:337)
	at com.kms.katalon.core.main.TestCaseExecutor.doExecute(TestCaseExecutor.java:328)
	at com.kms.katalon.core.main.TestCaseExecutor.processExecutionPhase(TestCaseExecutor.java:307)
	at com.kms.katalon.core.main.TestCaseExecutor.accessMainPhase(TestCaseExecutor.java:299)
	at com.kms.katalon.core.main.TestCaseExecutor.execute(TestCaseExecutor.java:233)
	at com.kms.katalon.core.main.TestSuiteExecutor.accessTestCaseMainPhase(TestSuiteExecutor.java:169)
	at com.kms.katalon.core.main.TestSuiteExecutor.accessTestSuiteMainPhase(TestSuiteExecutor.java:142)
	at com.kms.katalon.core.main.TestSuiteExecutor.execute(TestSuiteExecutor.java:91)
	at com.kms.katalon.core.main.TestCaseMain.startTestSuite(TestCaseMain.java:157)
	at com.kms.katalon.core.main.TestCaseMain$startTestSuite$0.call(Unknown Source)
	at TempTestSuite1591032696937.run(TempTestSuite1591032696937.groovy:36)
Caused by: com.kms.katalon.core.exception.StepFailedException: Unable to get attribute 'value' of object 'Object Repository/Objects.ReusableObjects/CellGridInput'
	at com.kms.katalon.core.webui.keyword.internal.WebUIKeywordMain.stepFailed(WebUIKeywordMain.groovy:64)
	at com.kms.katalon.core.webui.keyword.internal.WebUIKeywordMain.runKeyword(WebUIKeywordMain.groovy:26)
	at com.kms.katalon.core.webui.keyword.builtin.GetAttributeKeyword.getAttribute(GetAttributeKeyword.groovy:93)
	at com.kms.katalon.core.webui.keyword.builtin.GetAttributeKeyword.execute(GetAttributeKeyword.groovy:68)
	at com.kms.katalon.core.keyword.internal.KeywordExecutor.executeKeywordForPlatform(KeywordExecutor.groovy:72)
	at com.kms.katalon.core.webui.keyword.WebUiBuiltInKeywords.getAttribute(WebUiBuiltInKeywords.groovy:921)
	at com.kms.katalon.core.webui.keyword.WebUiBuiltInKeywords$getAttribute$14.call(Unknown Source)
	at InputCellGridValidation.run(InputCellGridValidation:50)
	at com.kms.katalon.core.main.ScriptEngine.run(ScriptEngine.java:194)
	at com.kms.katalon.core.main.ScriptEngine.runScriptAsRawText(ScriptEngine.java:119)
	at com.kms.katalon.core.main.TestCaseExecutor.runScript(TestCaseExecutor.java:337)
	at com.kms.katalon.core.main.TestCaseExecutor.doExecute(TestCaseExecutor.java:328)
	at com.kms.katalon.core.main.TestCaseExecutor.processExecutionPhase(TestCaseExecutor.java:307)
	at com.kms.katalon.core.main.TestCaseExecutor.accessMainPhase(TestCaseExecutor.java:299)
	at com.kms.katalon.core.main.TestCaseExecutor.execute(TestCaseExecutor.java:233)
	at com.kms.katalon.core.main.TestCaseMain.runTestCase(TestCaseMain.java:114)
	at com.kms.katalon.core.keyword.builtin.CallTestCaseKeyword$_callTestCase_closure1.doCall(CallTestCaseKeyword.groovy:59)
	... 20 more
Caused by: com.kms.katalon.core.webui.exception.WebElementNotFoundException: Web element with id: 'Object Repository/Objects.ReusableObjects/CellGridInput' located by 'By.xpath: //*[@type = 'text' and @data-tabindex-counter = '1']' not found
	at com.kms.katalon.core.webui.common.WebUiCommonHelper.findWebElement(WebUiCommonHelper.java:1154)
	at com.kms.katalon.core.webui.keyword.internal.WebUIAbstractKeyword.findWebElement(WebUIAbstractKeyword.groovy:27)
	at com.kms.katalon.core.webui.keyword.internal.WebUIAbstractKeyword.findWebElement(WebUIAbstractKeyword.groovy:26)
	at com.kms.katalon.core.webui.keyword.builtin.GetAttributeKeyword$_getAttribute_closure1.doCall(GetAttributeKeyword.groovy:83)
	at com.kms.katalon.core.webui.keyword.builtin.GetAttributeKeyword$_getAttribute_closure1.call(GetAttributeKeyword.groovy)
	at com.kms.katalon.core.webui.keyword.internal.WebUIKeywordMain.runKeyword(WebUIKeywordMain.groovy:20)
	... 35 more
"/>
         <system-out><![CDATA[2020-06-02 01:31:44 - [TEST_CASE][FAILED] - Test Cases/PFI Precision and Scale/PFI Test Cases/PFI - TOPCSC/ProcessPFITOPCSC: Test Cases/PFI Precision and Scale/PFI Test Cases/PFI - TOPCSC/ProcessPFITOPCSC FAILED.
Reason:
com.kms.katalon.core.exception.StepFailedException: Call Test Case 'Test Cases/PFI Precision and Scale/PFI Components with Indexing/InputCellGridValidation' failed
	at com.kms.katalon.core.keyword.builtin.CallTestCaseKeyword$_callTestCase_closure1.doCall(CallTestCaseKeyword.groovy:63)
	at com.kms.katalon.core.keyword.builtin.CallTestCaseKeyword$_callTestCase_closure1.call(CallTestCaseKeyword.groovy)
	at com.kms.katalon.core.keyword.internal.KeywordMain.runKeyword(KeywordMain.groovy:68)
	at com.kms.katalon.core.keyword.builtin.CallTestCaseKeyword.callTestCase(CallTestCaseKeyword.groovy:81)
	at com.kms.katalon.core.keyword.builtin.CallTestCaseKeyword.execute(CallTestCaseKeyword.groovy:44)
	at com.kms.katalon.core.keyword.internal.KeywordExecutor.executeKeywordForPlatform(KeywordExecutor.groovy:72)
	at com.kms.katalon.core.keyword.BuiltinKeywords.callTestCase(BuiltinKeywords.groovy:334)
	at ProcessPFITOPCSC.run(ProcessPFITOPCSC:54)
	at com.kms.katalon.core.main.ScriptEngine.run(ScriptEngine.java:194)
	at com.kms.katalon.core.main.ScriptEngine.runScriptAsRawText(ScriptEngine.java:119)
	at com.kms.katalon.core.main.TestCaseExecutor.runScript(TestCaseExecutor.java:337)
	at com.kms.katalon.core.main.TestCaseExecutor.doExecute(TestCaseExecutor.java:328)
	at com.kms.katalon.core.main.TestCaseExecutor.processExecutionPhase(TestCaseExecutor.java:307)
	at com.kms.katalon.core.main.TestCaseExecutor.accessMainPhase(TestCaseExecutor.java:299)
	at com.kms.katalon.core.main.TestCaseExecutor.execute(TestCaseExecutor.java:233)
	at com.kms.katalon.core.main.TestSuiteExecutor.accessTestCaseMainPhase(TestSuiteExecutor.java:169)
	at com.kms.katalon.core.main.TestSuiteExecutor.accessTestSuiteMainPhase(TestSuiteExecutor.java:142)
	at com.kms.katalon.core.main.TestSuiteExecutor.execute(TestSuiteExecutor.java:91)
	at com.kms.katalon.core.main.TestCaseMain.startTestSuite(TestCaseMain.java:157)
	at com.kms.katalon.core.main.TestCaseMain$startTestSuite$0.call(Unknown Source)
	at TempTestSuite1591032696937.run(TempTestSuite1591032696937.groovy:36)
Caused by: com.kms.katalon.core.exception.StepFailedException: Unable to get attribute 'value' of object 'Object Repository/Objects.ReusableObjects/CellGridInput'
	at com.kms.katalon.core.webui.keyword.internal.WebUIKeywordMain.stepFailed(WebUIKeywordMain.groovy:64)
	at com.kms.katalon.core.webui.keyword.internal.WebUIKeywordMain.runKeyword(WebUIKeywordMain.groovy:26)
	at com.kms.katalon.core.webui.keyword.builtin.GetAttributeKeyword.getAttribute(GetAttributeKeyword.groovy:93)
	at com.kms.katalon.core.webui.keyword.builtin.GetAttributeKeyword.execute(GetAttributeKeyword.groovy:68)
	at com.kms.katalon.core.keyword.internal.KeywordExecutor.executeKeywordForPlatform(KeywordExecutor.groovy:72)
	at com.kms.katalon.core.webui.keyword.WebUiBuiltInKeywords.getAttribute(WebUiBuiltInKeywords.groovy:921)
	at com.kms.katalon.core.webui.keyword.WebUiBuiltInKeywords$getAttribute$14.call(Unknown Source)
	at InputCellGridValidation.run(InputCellGridValidation:50)
	at com.kms.katalon.core.main.ScriptEngine.run(ScriptEngine.java:194)
	at com.kms.katalon.core.main.ScriptEngine.runScriptAsRawText(ScriptEngine.java:119)
	at com.kms.katalon.core.main.TestCaseExecutor.runScript(TestCaseExecutor.java:337)
	at com.kms.katalon.core.main.TestCaseExecutor.doExecute(TestCaseExecutor.java:328)
	at com.kms.katalon.core.main.TestCaseExecutor.processExecutionPhase(TestCaseExecutor.java:307)
	at com.kms.katalon.core.main.TestCaseExecutor.accessMainPhase(TestCaseExecutor.java:299)
	at com.kms.katalon.core.main.TestCaseExecutor.execute(TestCaseExecutor.java:233)
	at com.kms.katalon.core.main.TestCaseMain.runTestCase(TestCaseMain.java:114)
	at com.kms.katalon.core.keyword.builtin.CallTestCaseKeyword$_callTestCase_closure1.doCall(CallTestCaseKeyword.groovy:59)
	... 20 more
Caused by: com.kms.katalon.core.webui.exception.WebElementNotFoundException: Web element with id: 'Object Repository/Objects.ReusableObjects/CellGridInput' located by 'By.xpath: //*[@type = 'text' and @data-tabindex-counter = '1']' not found
	at com.kms.katalon.core.webui.common.WebUiCommonHelper.findWebElement(WebUiCommonHelper.java:1154)
	at com.kms.katalon.core.webui.keyword.internal.WebUIAbstractKeyword.findWebElement(WebUIAbstractKeyword.groovy:27)
	at com.kms.katalon.core.webui.keyword.internal.WebUIAbstractKeyword.findWebElement(WebUIAbstractKeyword.groovy:26)
	at com.kms.katalon.core.webui.keyword.builtin.GetAttributeKeyword$_getAttribute_closure1.doCall(GetAttributeKeyword.groovy:83)
	at com.kms.katalon.core.webui.keyword.builtin.GetAttributeKeyword$_getAttribute_closure1.call(GetAttributeKeyword.groovy)
	at com.kms.katalon.core.webui.keyword.internal.WebUIKeywordMain.runKeyword(WebUIKeywordMain.groovy:20)
	... 35 more


2020-06-02 01:31:44 - [TEST_STEP][PASSED] - callTestCase(findTestCase("Components/LoginV2.0"), ["LinkToBeUsed":findTestData("ISPS2 Test Data").getValue("URL", 1), "LoginPageTextToBeVerified":findTestData("ISPS2 Test Data").getValue("HomeBanner", 1), ... ], STOP_ON_FAILURE): Call Test Case 'Test Cases/Components/LoginV2.0' successfully

2020-06-02 01:31:45 - [TEST_CASE][PASSED] - Test Cases/Components/LoginV2.0: Test Cases/Components/LoginV2.0

2020-06-02 01:31:45 - [TEST_STEP][PASSED] - openBrowser(LinkToBeUsed): Browser is opened with url: 'http://10.0.2.41:3012/isps2-prod-verify/authnz/login.do'

2020-06-02 01:31:45 - [MESSAGE][INFO] - Starting 'Edge' driver

2020-06-02 01:31:46 - [MESSAGE][INFO] - Action delay is set to 0 seconds

2020-06-02 01:31:57 - [MESSAGE][PASSED] - Browser is opened with url: 'http://10.0.2.41:3012/isps2-prod-verify/authnz/login.do'

2020-06-02 01:31:57 - [TEST_STEP][PASSED] - maximizeWindow(): Current window maximized

2020-06-02 01:32:00 - [MESSAGE][PASSED] - Current window maximized

2020-06-02 01:32:00 - [TEST_STEP][PASSED] - verifyTextPresent(LoginPageTextToBeVerified, false): Text 'Sign in to ISPS2-PROD-Verify' is present on page 

2020-06-02 01:32:00 - [MESSAGE][PASSED] - Text 'Sign in to ISPS2-PROD-Verify' is present on page 

2020-06-02 01:32:00 - [TEST_STEP][PASSED] - setText(findTestObject("Objects.LoginV2.0/Login Page/input_Sign in to ISPS2-PROD-Verify_username"), Username): Text 'sysadmin' is set on object 'Object Repository/Objects.LoginV2.0/Login Page/input_Sign in to ISPS2-PROD-Verify_username'

2020-06-02 01:32:00 - [MESSAGE][PASSED] - Text 'sysadmin' is set on object 'Object Repository/Objects.LoginV2.0/Login Page/input_Sign in to ISPS2-PROD-Verify_username'

2020-06-02 01:32:00 - [TEST_STEP][PASSED] - setEncryptedText(findTestObject("Objects.LoginV2.0/Login Page/input_This field is required_password"), Password): Text ****** has been set on object 'Object Repository/Objects.LoginV2.0/Login Page/input_This field is required_password'

2020-06-02 01:32:00 - [MESSAGE][PASSED] - Text ****** has been set on object 'Object Repository/Objects.LoginV2.0/Login Page/input_This field is required_password'

2020-06-02 01:32:00 - [TEST_STEP][NOT_RUN] - setEncryptedText(findTestObject(null), Password): NOT_RUN: setEncryptedText(findTestObject(null), Password)

2020-06-02 01:32:00 - [MESSAGE][NOT_RUN] - NOT_RUN: setEncryptedText(findTestObject(null), Password)

2020-06-02 01:32:00 - [TEST_STEP][PASSED] - click(findTestObject("Objects.LoginV2.0/Login Page/div_Sign in to ISPS2-PROD-Verify_NovaGoButton-1021"), OPTIONAL): Object: 'Object Repository/Objects.LoginV2.0/Login Page/div_Sign in to ISPS2-PROD-Verify_NovaGoButton-1021' is clicked on

2020-06-02 01:32:00 - [MESSAGE][PASSED] - Object: 'Object Repository/Objects.LoginV2.0/Login Page/div_Sign in to ISPS2-PROD-Verify_NovaGoButton-1021' is clicked on

2020-06-02 01:32:00 - [TEST_STEP][PASSED] - waitForPageLoad(30): Wait for page load successfully

2020-06-02 01:32:00 - [MESSAGE][PASSED] - Wait for page load successfully

2020-06-02 01:32:00 - [TEST_STEP][PASSED] - Thread.sleep(3000): null

2020-06-02 01:32:03 - [MESSAGE][PASSED] - Call Test Case 'Test Cases/Components/LoginV2.0' successfully

2020-06-02 01:32:03 - [TEST_STEP][PASSED] - callTestCase(findTestCase("Components/NavigateToHomepageHeaders"), ["headerText":"My Tasks"], STOP_ON_FAILURE): Call Test Case 'Test Cases/Components/NavigateToHomepageHeaders' successfully

2020-06-02 01:32:03 - [TEST_CASE][PASSED] - Test Cases/Components/NavigateToHomepageHeaders: Test Cases/Components/NavigateToHomepageHeaders

2020-06-02 01:32:04 - [TEST_STEP][PASSED] - Thread.sleep(1000): null

2020-06-02 01:32:05 - [TEST_STEP][PASSED] - waitForPageLoad(30): Wait for page load successfully

2020-06-02 01:32:05 - [MESSAGE][PASSED] - Wait for page load successfully

2020-06-02 01:32:05 - [TEST_STEP][PASSED] - modifiedHeader = modifyObjectProperty(findTestObject("Objects.NavigateToHomepageHeaders/Page_ISPS2/div_Header"), "text", "equals", headerText, true): Modify property of object successfully

2020-06-02 01:32:05 - [MESSAGE][PASSED] - Modify property of object successfully

2020-06-02 01:32:05 - [TEST_STEP][PASSED] - verifyElementClickable(modifiedHeader): Object 'Object Repository/Objects.NavigateToHomepageHeaders/Page_ISPS2/div_Header' is clickable

2020-06-02 01:32:05 - [MESSAGE][PASSED] - Object 'Object Repository/Objects.NavigateToHomepageHeaders/Page_ISPS2/div_Header' is clickable

2020-06-02 01:32:05 - [TEST_STEP][PASSED] - click(modifiedHeader): Object: 'Object Repository/Objects.NavigateToHomepageHeaders/Page_ISPS2/div_Header' is clicked on

2020-06-02 01:32:05 - [MESSAGE][PASSED] - Object: 'Object Repository/Objects.NavigateToHomepageHeaders/Page_ISPS2/div_Header' is clicked on

2020-06-02 01:32:05 - [TEST_STEP][PASSED] - Thread.sleep(7000): null

2020-06-02 01:32:12 - [MESSAGE][PASSED] - Call Test Case 'Test Cases/Components/NavigateToHomepageHeaders' successfully

2020-06-02 01:32:12 - [TEST_STEP][PASSED] - callTestCase(findTestCase("Components/Filter"), ["taskDescription":"Process Case (PSI-TOPCSC)"], STOP_ON_FAILURE): Call Test Case 'Test Cases/Components/Filter' successfully

2020-06-02 01:32:12 - [TEST_CASE][PASSED] - Test Cases/Components/Filter: Test Cases/Components/Filter

2020-06-02 01:32:12 - [TEST_STEP][PASSED] - Thread.sleep(5000): null

2020-06-02 01:32:17 - [TEST_STEP][PASSED] - waitForPageLoad(180): Wait for page load successfully

2020-06-02 01:32:17 - [MESSAGE][PASSED] - Wait for page load successfully

2020-06-02 01:32:17 - [TEST_STEP][PASSED] - waitForElementNotPresent(findTestObject("Objects.Filter/Page_ISPS2/div_Loading search result Please wait"), 180): Web element with id: 'Object Repository/Objects.Filter/Page_ISPS2/div_Loading search result Please wait' located by 'By.xpath: //div[@class = 'x-mask-msg-text' and (text() = 'Loading search result. Please wait...' or . = 'Loading search result. Please wait...')]' is not present after '180' second(s)

2020-06-02 01:32:17 - [MESSAGE][PASSED] - Web element with id: 'Object Repository/Objects.Filter/Page_ISPS2/div_Loading search result Please wait' located by 'By.xpath: //div[@class = 'x-mask-msg-text' and (text() = 'Loading search result. Please wait...' or . = 'Loading search result. Please wait...')]' is not present after '180' second(s)

2020-06-02 01:32:17 - [TEST_STEP][PASSED] - click(findTestObject("Objects.Filter/Page_ISPS2/XP.Embutidooo")): Object: 'Object Repository/Objects.Filter/Page_ISPS2/XP.Embutidooo' is clicked on

2020-06-02 01:32:17 - [MESSAGE][PASSED] - Object: 'Object Repository/Objects.Filter/Page_ISPS2/XP.Embutidooo' is clicked on

2020-06-02 01:32:17 - [TEST_STEP][PASSED] - com.reusableComponents.HighlightElement.run(findTestObject("Objects.Filter/Page_ISPS2/span_Reset")): com.reusableComponents.HighlightElement.run is PASSED

2020-06-02 01:32:18 - [MESSAGE][PASSED] - com.reusableComponents.HighlightElement.run is PASSED

2020-06-02 01:32:18 - [TEST_STEP][PASSED] - click(findTestObject("Objects.Filter/Page_ISPS2/span_Reset")): Object: 'Object Repository/Objects.Filter/Page_ISPS2/span_Reset' is clicked on

2020-06-02 01:32:18 - [MESSAGE][PASSED] - Object: 'Object Repository/Objects.Filter/Page_ISPS2/span_Reset' is clicked on

2020-06-02 01:32:18 - [TEST_STEP][PASSED] - com.reusableComponents.HighlightElement.run(findTestObject("Objects.Filter/Page_ISPS2/TextBoxTaskDescription")): com.reusableComponents.HighlightElement.run is PASSED

2020-06-02 01:32:19 - [MESSAGE][PASSED] - com.reusableComponents.HighlightElement.run is PASSED

2020-06-02 01:32:19 - [TEST_STEP][PASSED] - setText(findTestObject("Objects.Filter/Page_ISPS2/TextBoxTaskDescription"), taskDescription): Text 'Process Case (PSI-TOPCSC)' is set on object 'Object Repository/Objects.Filter/Page_ISPS2/TextBoxTaskDescription'

2020-06-02 01:32:19 - [MESSAGE][PASSED] - Text 'Process Case (PSI-TOPCSC)' is set on object 'Object Repository/Objects.Filter/Page_ISPS2/TextBoxTaskDescription'

2020-06-02 01:32:19 - [TEST_STEP][PASSED] - caseType = taskDescription: null

2020-06-02 01:32:20 - [TEST_STEP][PASSED] - sendKeys(findTestObject("Objects.Filter/Page_ISPS2/TextBoxTaskDescription"), Keys.chord(ENTER)): Keys 'ENTER + ' sent to object: 'Object Repository/Objects.Filter/Page_ISPS2/TextBoxTaskDescription'

2020-06-02 01:32:20 - [MESSAGE][PASSED] - Keys 'ENTER + ' sent to object: 'Object Repository/Objects.Filter/Page_ISPS2/TextBoxTaskDescription'

2020-06-02 01:32:20 - [TEST_STEP][PASSED] - com.reusableComponents.HighlightElement.run(findTestObject("Objects.Filter/Page_ISPS2/span_Search")): com.reusableComponents.HighlightElement.run is PASSED

2020-06-02 01:32:21 - [MESSAGE][PASSED] - com.reusableComponents.HighlightElement.run is PASSED

2020-06-02 01:32:21 - [TEST_STEP][PASSED] - click(findTestObject("Objects.Filter/Page_ISPS2/span_Search")): Object: 'Object Repository/Objects.Filter/Page_ISPS2/span_Search' is clicked on

2020-06-02 01:32:21 - [MESSAGE][PASSED] - Object: 'Object Repository/Objects.Filter/Page_ISPS2/span_Search' is clicked on

2020-06-02 01:32:21 - [TEST_STEP][NOT_RUN] - verifyTextPresent("Loading search result. Please wait...", false): NOT_RUN: verifyTextPresent("Loading search result. Please wait...", false)

2020-06-02 01:32:21 - [MESSAGE][NOT_RUN] - NOT_RUN: verifyTextPresent("Loading search result. Please wait...", false)

2020-06-02 01:32:21 - [TEST_STEP][NOT_RUN] - waitForElementNotPresent(findTestObject("Objects.Filter/Page_ISPS2/div_Loading search result Please wait"), 120): NOT_RUN: waitForElementNotPresent(findTestObject("Objects.Filter/Page_ISPS2/div_Loading search result Please wait"), 120)

2020-06-02 01:32:21 - [MESSAGE][NOT_RUN] - NOT_RUN: waitForElementNotPresent(findTestObject("Objects.Filter/Page_ISPS2/div_Loading search result Please wait"), 120)

2020-06-02 01:32:21 - [TEST_STEP][PASSED] - Thread.sleep(5000): null

2020-06-02 01:32:26 - [MESSAGE][PASSED] - Call Test Case 'Test Cases/Components/Filter' successfully

2020-06-02 01:32:26 - [TEST_STEP][PASSED] - callTestCase(findTestCase("Components/ClickLinkDependingOnTextAndIndex"), ["linkName":"Process Case (PSI-TOPCSC)", "index":"1"], STOP_ON_FAILURE): Call Test Case 'Test Cases/Components/ClickLinkDependingOnTextAndIndex' successfully

2020-06-02 01:32:26 - [TEST_CASE][PASSED] - Test Cases/Components/ClickLinkDependingOnTextAndIndex: Test Cases/Components/ClickLinkDependingOnTextAndIndex

2020-06-02 01:32:26 - [TEST_STEP][PASSED] - Thread.sleep(1000): null

2020-06-02 01:32:27 - [TEST_STEP][PASSED] - println(linkName): null

2020-06-02 01:32:27 - [TEST_STEP][PASSED] - println(index): null

2020-06-02 01:32:27 - [TEST_STEP][PASSED] - modifiedLink = modifyObjectProperty(findTestObject("Objects.ClickLinkDependingOnTextAndIndex/linkToModify"), "xpath", "equals", "(//a[text()="" + linkName + ""])[" + index + "]", true): Modify property of object successfully

2020-06-02 01:32:27 - [MESSAGE][PASSED] - Modify property of object successfully

2020-06-02 01:32:27 - [TEST_STEP][PASSED] - Thread.sleep(5000): null

2020-06-02 01:32:32 - [TEST_STEP][PASSED] - com.reusableComponents.HighlightElement.run(modifiedLink): com.reusableComponents.HighlightElement.run is PASSED

2020-06-02 01:32:33 - [MESSAGE][PASSED] - com.reusableComponents.HighlightElement.run is PASSED

2020-06-02 01:32:33 - [TEST_STEP][PASSED] - click(modifiedLink): Object: 'Object Repository/Objects.ClickLinkDependingOnTextAndIndex/linkToModify' is clicked on

2020-06-02 01:32:33 - [MESSAGE][PASSED] - Object: 'Object Repository/Objects.ClickLinkDependingOnTextAndIndex/linkToModify' is clicked on

2020-06-02 01:32:33 - [MESSAGE][PASSED] - Call Test Case 'Test Cases/Components/ClickLinkDependingOnTextAndIndex' successfully

2020-06-02 01:32:33 - [TEST_STEP][PASSED] - callTestCase(findTestCase("Components/NavigateToAnyLHS"), ["LHS":"Process PSI-TOP/CSC Details"], STOP_ON_FAILURE): Call Test Case 'Test Cases/Components/NavigateToAnyLHS' successfully

2020-06-02 01:32:33 - [TEST_CASE][PASSED] - Test Cases/Components/NavigateToAnyLHS: Test Cases/Components/NavigateToAnyLHS

2020-06-02 01:32:33 - [TEST_STEP][PASSED] - Thread.sleep(1000): null

2020-06-02 01:32:34 - [TEST_STEP][PASSED] - modifiedLHS = modifyObjectProperty(findTestObject("Objects.NavigateToAnyLHS/Page_ISPS2/LHSToModify"), "text", "equals", LHS, true): Modify property of object successfully

2020-06-02 01:32:34 - [MESSAGE][PASSED] - Modify property of object successfully

2020-06-02 01:32:34 - [TEST_STEP][PASSED] - click(modifiedLHS): Object: 'Object Repository/Objects.NavigateToAnyLHS/Page_ISPS2/LHSToModify' is clicked on

2020-06-02 01:32:39 - [MESSAGE][PASSED] - Object: 'Object Repository/Objects.NavigateToAnyLHS/Page_ISPS2/LHSToModify' is clicked on

2020-06-02 01:32:39 - [TEST_STEP][PASSED] - currentLHS = getText(modifiedLHS): Text of object 'Object Repository/Objects.NavigateToAnyLHS/Page_ISPS2/LHSToModify' is: 'Process PSI-TOP/CSC Details'

2020-06-02 01:32:39 - [MESSAGE][PASSED] - Text of object 'Object Repository/Objects.NavigateToAnyLHS/Page_ISPS2/LHSToModify' is: 'Process PSI-TOP/CSC Details'

2020-06-02 01:32:39 - [TEST_STEP][PASSED] - Thread.sleep(5000): null

2020-06-02 01:32:44 - [MESSAGE][PASSED] - Call Test Case 'Test Cases/Components/NavigateToAnyLHS' successfully

2020-06-02 01:32:44 - [TEST_STEP][PASSED] - callTestCase(findTestCase("Components/VerifyPageSuccessfullyLoadedII"), ["PageNm":"Main Form"], STOP_ON_FAILURE): Call Test Case 'Test Cases/Components/VerifyPageSuccessfullyLoadedII' successfully

2020-06-02 01:32:44 - [TEST_CASE][PASSED] - Test Cases/Components/VerifyPageSuccessfullyLoadedII: Test Cases/Components/VerifyPageSuccessfullyLoadedII

2020-06-02 01:32:44 - [TEST_STEP][PASSED] - Thread.sleep(1000): null

2020-06-02 01:32:45 - [TEST_STEP][PASSED] - modifiedInputFld = modifyObjectProperty(findTestObject("Object Repository/Objects.VerifyPageSuccessfullyLoaded/PageHeaderIndex"), "xpath", "equals", "//*[contains(@class,'isps-page-title') and (text()='" + PageNm + "')]", true): Modify property of object successfully

2020-06-02 01:32:45 - [MESSAGE][PASSED] - Modify property of object successfully

2020-06-02 01:32:45 - [TEST_STEP][PASSED] - com.reusableComponents.HighlightElement.run(modifiedInputFld): com.reusableComponents.HighlightElement.run is PASSED

2020-06-02 01:32:45 - [MESSAGE][PASSED] - com.reusableComponents.HighlightElement.run is PASSED

2020-06-02 01:32:45 - [MESSAGE][PASSED] - Call Test Case 'Test Cases/Components/VerifyPageSuccessfullyLoadedII' successfully

2020-06-02 01:32:45 - [TEST_STEP][PASSED] - callTestCase(findTestCase("Components/HighlightLabelFieldXPI"), ["LblName":"Actions", "index":1], STOP_ON_FAILURE): Call Test Case 'Test Cases/Components/HighlightLabelFieldXPI' successfully

2020-06-02 01:32:45 - [TEST_CASE][PASSED] - Test Cases/Components/HighlightLabelFieldXPI: Test Cases/Components/HighlightLabelFieldXPI

2020-06-02 01:32:46 - [TEST_STEP][PASSED] - Thread.sleep(1000): null

2020-06-02 01:32:47 - [TEST_STEP][PASSED] - modifiedLblNm = modifyObjectProperty(findTestObject("Object Repository/Objects.HighlightElements/lblField_index"), "xpath", "equals", "(//*[contains(@class, 'x-form-item-label-inner x-form-item-label-inner-default') and contains(., '" + LblName + "')])[" + index + "]", true): Modify property of object successfully

2020-06-02 01:32:47 - [MESSAGE][PASSED] - Modify property of object successfully

2020-06-02 01:32:47 - [TEST_STEP][PASSED] - com.reusableComponents.HighlightElement.run(modifiedLblNm): com.reusableComponents.HighlightElement.run is PASSED

2020-06-02 01:32:47 - [MESSAGE][PASSED] - com.reusableComponents.HighlightElement.run is PASSED

2020-06-02 01:32:47 - [MESSAGE][PASSED] - Call Test Case 'Test Cases/Components/HighlightLabelFieldXPI' successfully

2020-06-02 01:32:47 - [TEST_STEP][PASSED] - callTestCase(findTestCase("Components/HighlightInputFieldXPI"), ["FldNm":"NovaComboBox", "index":2], STOP_ON_FAILURE): Call Test Case 'Test Cases/Components/HighlightInputFieldXPI' successfully

2020-06-02 01:32:47 - [TEST_CASE][PASSED] - Test Cases/Components/HighlightInputFieldXPI: Test Cases/Components/HighlightInputFieldXPI

2020-06-02 01:32:48 - [TEST_STEP][PASSED] - Thread.sleep(1000): null

2020-06-02 01:32:49 - [TEST_STEP][PASSED] - modifiedInputNm = modifyObjectProperty(findTestObject("Object Repository/Objects.HighlightElements/input_field_index"), "xpath", "equals", "(//*[contains(@name, '" + FldNm + "')])[" + index + "]", true): Modify property of object successfully

2020-06-02 01:32:49 - [MESSAGE][PASSED] - Modify property of object successfully

2020-06-02 01:32:49 - [TEST_STEP][PASSED] - com.reusableComponents.HighlightElement.run(modifiedInputNm): com.reusableComponents.HighlightElement.run is PASSED

2020-06-02 01:32:49 - [MESSAGE][PASSED] - com.reusableComponents.HighlightElement.run is PASSED

2020-06-02 01:32:49 - [MESSAGE][PASSED] - Call Test Case 'Test Cases/Components/HighlightInputFieldXPI' successfully

2020-06-02 01:32:49 - [TEST_STEP][PASSED] - callTestCase(findTestCase("Components/ClickDropDownField"), ["Index":8], STOP_ON_FAILURE): Call Test Case 'Test Cases/Components/ClickDropDownField' successfully

2020-06-02 01:32:49 - [TEST_CASE][PASSED] - Test Cases/Components/ClickDropDownField: Test Cases/Components/ClickDropDownField

2020-06-02 01:32:49 - [TEST_STEP][PASSED] - Thread.sleep(1000): null

2020-06-02 01:32:50 - [TEST_STEP][PASSED] - modifiedDropdown = modifyObjectProperty(findTestObject("Objects.ClickDropDownField/dropdownfield"), "xpath", "equals", "(//*[contains(@class,'x-form-arrow-trigger')])[" + Index + "]", true): Modify property of object successfully

2020-06-02 01:32:50 - [MESSAGE][PASSED] - Modify property of object successfully

2020-06-02 01:32:50 - [TEST_STEP][PASSED] - com.reusableComponents.HighlightElement.run(modifiedDropdown): com.reusableComponents.HighlightElement.run is PASSED

2020-06-02 01:32:51 - [MESSAGE][PASSED] - com.reusableComponents.HighlightElement.run is PASSED

2020-06-02 01:32:51 - [TEST_STEP][PASSED] - click(modifiedDropdown): Object: 'Object Repository/Objects.ClickDropDownField/dropdownfield' is clicked on

2020-06-02 01:32:51 - [MESSAGE][PASSED] - Object: 'Object Repository/Objects.ClickDropDownField/dropdownfield' is clicked on

2020-06-02 01:32:51 - [TEST_STEP][PASSED] - click(modifiedDropdown): Object: 'Object Repository/Objects.ClickDropDownField/dropdownfield' is clicked on

2020-06-02 01:32:51 - [MESSAGE][PASSED] - Object: 'Object Repository/Objects.ClickDropDownField/dropdownfield' is clicked on

2020-06-02 01:32:51 - [MESSAGE][PASSED] - Call Test Case 'Test Cases/Components/ClickDropDownField' successfully

2020-06-02 01:32:51 - [TEST_STEP][PASSED] - callTestCase(findTestCase("Components/ClickBlueButtonsWithXPI"), ["Button":"Reset", "Index":3], STOP_ON_FAILURE): Call Test Case 'Test Cases/Components/ClickBlueButtonsWithXPI' successfully

2020-06-02 01:32:51 - [TEST_CASE][PASSED] - Test Cases/Components/ClickBlueButtonsWithXPI: Test Cases/Components/ClickBlueButtonsWithXPI

2020-06-02 01:32:51 - [TEST_STEP][PASSED] - Thread.sleep(1000): null

2020-06-02 01:32:52 - [TEST_STEP][PASSED] - complexlyModifiedButtonGG = modifyObjectProperty(findTestObject("Objects.ClickBlueButtonsWithXPI/span_Reset"), "xPath", "equals", "(//*[text()="" + Button + ""])[" + Index + "]", true): Modify property of object successfully

2020-06-02 01:32:52 - [MESSAGE][PASSED] - Modify property of object successfully

2020-06-02 01:32:52 - [TEST_STEP][PASSED] - click(complexlyModifiedButtonGG): Object: 'Object Repository/Objects.ClickBlueButtonsWithXPI/span_Reset' is clicked on

2020-06-02 01:32:52 - [MESSAGE][PASSED] - Object: 'Object Repository/Objects.ClickBlueButtonsWithXPI/span_Reset' is clicked on

2020-06-02 01:32:52 - [MESSAGE][PASSED] - Call Test Case 'Test Cases/Components/ClickBlueButtonsWithXPI' successfully

2020-06-02 01:32:52 - [TEST_STEP][PASSED] - callTestCase(findTestCase("PFI Precision and Scale/PFI Components/RequiredIconValidation"), ["index":1], STOP_ON_FAILURE): Call Test Case 'Test Cases/PFI Precision and Scale/PFI Components/RequiredIconValidation' successfully

2020-06-02 01:32:52 - [TEST_CASE][PASSED] - Test Cases/PFI Precision and Scale/PFI Components/RequiredIconValidation: Test Cases/PFI Precision and Scale/PFI Components/RequiredIconValidation

2020-06-02 01:32:53 - [TEST_STEP][PASSED] - enableSmartWait(): null

2020-06-02 01:32:53 - [TEST_STEP][PASSED] - modifiedIcon = modifyObjectProperty(findTestObject("Object Repository/Objects.ReusableObjects/ErrorIcon"), "xpath", "equals", "(//*[contains(@class,'x-form-error-msg x-form-invalid-icon')])[" + index + "]", true): Modify property of object successfully

2020-06-02 01:32:53 - [MESSAGE][PASSED] - Modify property of object successfully

2020-06-02 01:32:53 - [TEST_STEP][PASSED] - mouseOver(modifiedIcon): Object: 'Object Repository/Objects.ReusableObjects/ErrorIcon' is hovered

2020-06-02 01:32:53 - [MESSAGE][PASSED] - Object: 'Object Repository/Objects.ReusableObjects/ErrorIcon' is hovered

2020-06-02 01:32:53 - [TEST_STEP][PASSED] - com.reusableComponents.HighlightElement.run(modifiedIcon): com.reusableComponents.HighlightElement.run is PASSED

2020-06-02 01:32:53 - [MESSAGE][PASSED] - com.reusableComponents.HighlightElement.run is PASSED

2020-06-02 01:32:53 - [TEST_STEP][PASSED] - getRqErrMsg = getAttribute(modifiedIcon, "data-errorqtip"): Attribute 'data-errorqtip' of object 'Object Repository/Objects.ReusableObjects/ErrorIcon' is: '<ul class="x-list-plain"><li>This field is required</li></ul>'

2020-06-02 01:32:53 - [MESSAGE][PASSED] - Attribute 'data-errorqtip' of object 'Object Repository/Objects.ReusableObjects/ErrorIcon' is: '<ul class="x-list-plain"><li>This field is required</li></ul>'

2020-06-02 01:32:53 - [TEST_STEP][PASSED] - strToolTip = getRqErrMsg.substring(29, 61): null

2020-06-02 01:32:53 - [TEST_STEP][PASSED] - toolTipReqErrMsg = strToolTip.substring(0, 22): null

2020-06-02 01:32:53 - [TEST_STEP][PASSED] - verifyMatch(toolTipReqErrMsg, RqField, true): Actual text 'This field is required' and expected text 'This field is required' are matched  using regular expression

2020-06-02 01:32:53 - [MESSAGE][PASSED] - Actual text 'This field is required' and expected text 'This field is required' are matched  using regular expression

2020-06-02 01:32:53 - [MESSAGE][PASSED] - Call Test Case 'Test Cases/PFI Precision and Scale/PFI Components/RequiredIconValidation' successfully

2020-06-02 01:32:53 - [TEST_STEP][PASSED] - callTestCase(findTestCase("PFI Precision and Scale/PFI Components with Indexing/VerifyDisabledDropdownValuesXPI"), ["FldNm":"NovaComboBox", "index":2, "CallTCName":"PFI Precision and Scale/HashMap Tables/ConstantHashMap", "cmbNm":"Actions", ... ], STOP_ON_FAILURE): Call Test Case 'Test Cases/PFI Precision and Scale/PFI Components with Indexing/VerifyDisabledDropdownValuesXPI' successfully

2020-06-02 01:32:53 - [TEST_CASE][PASSED] - Test Cases/PFI Precision and Scale/PFI Components with Indexing/VerifyDisabledDropdownValuesXPI: Test Cases/PFI Precision and Scale/PFI Components with Indexing/VerifyDisabledDropdownValuesXPI

2020-06-02 01:32:54 - [TEST_STEP][PASSED] - Thread.sleep(1000): null

2020-06-02 01:32:55 - [TEST_STEP][PASSED] - NewInputNmField = modifyObjectProperty(findTestObject("Object Repository/Objects.HighlightElements/input_field_index"), "xpath", "equals", "(//*[contains(@name, '" + FldNm + "')])[" + index + "]", true): Modify property of object successfully

2020-06-02 01:32:55 - [MESSAGE][PASSED] - Modify property of object successfully

2020-06-02 01:32:55 - [TEST_STEP][PASSED] - comboNm = cmbNm: null

2020-06-02 01:32:55 - [TEST_STEP][PASSED] - for ([i = 1, i <= NoOfVal, (i++)]): Keys 'DOWN + ' sent to object: 'Object Repository/Objects.HighlightElements/input_field_index'

2020-06-02 01:32:55 - [TEST_STEP][PASSED] - sendKeys(NewInputNmField, Keys.chord(ARROW_DOWN)): Keys 'DOWN + ' sent to object: 'Object Repository/Objects.HighlightElements/input_field_index'

2020-06-02 01:32:55 - [MESSAGE][PASSED] - Keys 'DOWN + ' sent to object: 'Object Repository/Objects.HighlightElements/input_field_index'

2020-06-02 01:32:55 - [TEST_STEP][PASSED] - delay(DelayTime): Delayed 2 second(s)

2020-06-02 01:32:57 - [MESSAGE][PASSED] - Delayed 2 second(s)

2020-06-02 01:32:57 - [TEST_STEP][PASSED] - sendKeys(NewInputNmField, Keys.chord(ENTER)): Keys 'ENTER + ' sent to object: 'Object Repository/Objects.HighlightElements/input_field_index'

2020-06-02 01:32:57 - [MESSAGE][PASSED] - Keys 'ENTER + ' sent to object: 'Object Repository/Objects.HighlightElements/input_field_index'

2020-06-02 01:32:57 - [TEST_STEP][PASSED] - ComboBoxValue = getAttribute(NewInputNmField, "value"): Attribute 'value' of object 'Object Repository/Objects.HighlightElements/input_field_index' is: 'Remove Work Item'

2020-06-02 01:32:57 - [MESSAGE][PASSED] - Attribute 'value' of object 'Object Repository/Objects.HighlightElements/input_field_index' is: 'Remove Work Item'

2020-06-02 01:32:57 - [TEST_STEP][PASSED] - callTestCase(findTestCase(CallTCName), ["FindValue":ComboBoxValue, "DropdownNm":comboNm], STOP_ON_FAILURE): Call Test Case 'Test Cases/PFI Precision and Scale/HashMap Tables/ConstantHashMap' successfully

2020-06-02 01:32:57 - [TEST_CASE][PASSED] - Test Cases/PFI Precision and Scale/HashMap Tables/ConstantHashMap: Test Cases/PFI Precision and Scale/HashMap Tables/ConstantHashMap

2020-06-02 01:32:57 - [TEST_STEP][PASSED] - ConstantTBL = [1:["PeriodType":"Working Day(s)"], 2:["PeriodType":"Calendar Day(s)"], 3:["PeriodType":"Month(s)"], 4:["TypeOfLetter":"T1"], ... ]: null

2020-06-02 01:32:57 - [TEST_STEP][PASSED] - switch (DropdownNm): null

2020-06-02 01:32:57 - [TEST_STEP][PASSED] - case "Actions":: null

2020-06-02 01:32:57 - [TEST_STEP][PASSED] - ValueFound = ConstantTBL.find({ -> ... }): null

2020-06-02 01:32:57 - [TEST_STEP][PASSED] - break: null

2020-06-02 01:32:57 - [MESSAGE][PASSED] - Call Test Case 'Test Cases/PFI Precision and Scale/HashMap Tables/ConstantHashMap' successfully

2020-06-02 01:32:57 - [TEST_STEP][PASSED] - println(ValueFound): null

2020-06-02 01:32:57 - [TEST_STEP][PASSED] - sendKeys(NewInputNmField, Keys.chord(ARROW_DOWN)): Keys 'DOWN + ' sent to object: 'Object Repository/Objects.HighlightElements/input_field_index'

2020-06-02 01:32:57 - [MESSAGE][PASSED] - Keys 'DOWN + ' sent to object: 'Object Repository/Objects.HighlightElements/input_field_index'

2020-06-02 01:32:57 - [TEST_STEP][PASSED] - sendKeys(NewInputNmField, Keys.chord(ENTER)): Keys 'ENTER + ' sent to object: 'Object Repository/Objects.HighlightElements/input_field_index'

2020-06-02 01:32:57 - [MESSAGE][PASSED] - Keys 'ENTER + ' sent to object: 'Object Repository/Objects.HighlightElements/input_field_index'

2020-06-02 01:32:57 - [MESSAGE][PASSED] - Call Test Case 'Test Cases/PFI Precision and Scale/PFI Components with Indexing/VerifyDisabledDropdownValuesXPI' successfully

2020-06-02 01:32:57 - [TEST_STEP][PASSED] - callTestCase(findTestCase("Components/ScrollDownToElementIndex"), ["labelNm":"HOUSE(H)/BUILDING NAME(B)", "index":1], STOP_ON_FAILURE): Call Test Case 'Test Cases/Components/ScrollDownToElementIndex' successfully

2020-06-02 01:32:57 - [TEST_CASE][PASSED] - Test Cases/Components/ScrollDownToElementIndex: Test Cases/Components/ScrollDownToElementIndex

2020-06-02 01:32:58 - [TEST_STEP][PASSED] - Thread.sleep(2000): null

2020-06-02 01:33:00 - [TEST_STEP][PASSED] - modifiedElementName = modifyObjectProperty(findTestObject("Objects.ReusableObjects/LabelField"), "xpath", "equals", "(//*[text()='" + labelNm + "'])[" + index + "]", true): Modify property of object successfully

2020-06-02 01:33:00 - [MESSAGE][PASSED] - Modify property of object successfully

2020-06-02 01:33:00 - [TEST_STEP][PASSED] - scrollToElement(modifiedElementName, 0): Scroll to object 'Object Repository/Objects.ReusableObjects/LabelField' successfully

2020-06-02 01:33:00 - [MESSAGE][WARNING] - Timeout '0' is invalid. Using default page load timeout: '30'

2020-06-02 01:33:00 - [MESSAGE][PASSED] - Scroll to object 'Object Repository/Objects.ReusableObjects/LabelField' successfully

2020-06-02 01:33:00 - [MESSAGE][PASSED] - Call Test Case 'Test Cases/Components/ScrollDownToElementIndex' successfully

2020-06-02 01:33:00 - [TEST_STEP][PASSED] - callTestCase(findTestCase("PFI Precision and Scale/PFI Components with Indexing/VerifyCellGridDropdown"), ["index":8], STOP_ON_FAILURE): Call Test Case 'Test Cases/PFI Precision and Scale/PFI Components with Indexing/VerifyCellGridDropdown' successfully

2020-06-02 01:33:00 - [TEST_CASE][PASSED] - Test Cases/PFI Precision and Scale/PFI Components with Indexing/VerifyCellGridDropdown: Test Cases/PFI Precision and Scale/PFI Components with Indexing/VerifyCellGridDropdown

2020-06-02 01:33:00 - [TEST_STEP][PASSED] - Thread.sleep(1000): null

2020-06-02 01:33:01 - [TEST_STEP][PASSED] - HB = [1:"H", 2:"B"]: null

2020-06-02 01:33:01 - [TEST_STEP][PASSED] - modifiedCellGDD = modifyObjectProperty(findTestObject("Objects.ReusableObjects/CellGridDropdown"), "xpath", "equals", "//div[contains(@class,'x-grid-row-checker')]//following::div[" + index + "]", true): Modify property of object successfully

2020-06-02 01:33:01 - [MESSAGE][PASSED] - Modify property of object successfully

2020-06-02 01:33:01 - [TEST_STEP][PASSED] - click(modifiedCellGDD): Object: 'Object Repository/Objects.ReusableObjects/CellGridDropdown' is clicked on

2020-06-02 01:33:01 - [MESSAGE][PASSED] - Object: 'Object Repository/Objects.ReusableObjects/CellGridDropdown' is clicked on

2020-06-02 01:33:01 - [TEST_STEP][PASSED] - NoOfVal = HB.size(): null

2020-06-02 01:33:01 - [TEST_STEP][PASSED] - for (def NoOfVal : HB): Delayed 5 second(s)

2020-06-02 01:33:01 - [TEST_STEP][PASSED] - SetValue = value: null

2020-06-02 01:33:01 - [TEST_STEP][PASSED] - modifiedOptionVal = modifyObjectProperty(findTestObject("Objects.ReusableObjects/SelectOptionDropdown"), "value", "equals", SetValue, true): Modify property of object successfully

2020-06-02 01:33:01 - [MESSAGE][PASSED] - Modify property of object successfully

2020-06-02 01:33:01 - [TEST_STEP][PASSED] - delay(5): Delayed 5 second(s)

2020-06-02 01:33:06 - [MESSAGE][PASSED] - Delayed 5 second(s)

2020-06-02 01:33:06 - [TEST_STEP][PASSED] - click(modifiedOptionVal): Object: 'Object Repository/Objects.ReusableObjects/SelectOptionDropdown' is clicked on

2020-06-02 01:33:06 - [MESSAGE][PASSED] - Object: 'Object Repository/Objects.ReusableObjects/SelectOptionDropdown' is clicked on

2020-06-02 01:33:06 - [TEST_STEP][PASSED] - delay(5): Delayed 5 second(s)

2020-06-02 01:33:11 - [MESSAGE][PASSED] - Delayed 5 second(s)

2020-06-02 01:33:11 - [TEST_STEP][PASSED] - SetValue = value: null

2020-06-02 01:33:11 - [TEST_STEP][PASSED] - modifiedOptionVal = modifyObjectProperty(findTestObject("Objects.ReusableObjects/SelectOptionDropdown"), "value", "equals", SetValue, true): Modify property of object successfully

2020-06-02 01:33:11 - [MESSAGE][PASSED] - Modify property of object successfully

2020-06-02 01:33:11 - [TEST_STEP][PASSED] - delay(5): Delayed 5 second(s)

2020-06-02 01:33:16 - [MESSAGE][PASSED] - Delayed 5 second(s)

2020-06-02 01:33:16 - [TEST_STEP][PASSED] - click(modifiedOptionVal): Object: 'Object Repository/Objects.ReusableObjects/SelectOptionDropdown' is clicked on

2020-06-02 01:33:16 - [MESSAGE][PASSED] - Object: 'Object Repository/Objects.ReusableObjects/SelectOptionDropdown' is clicked on

2020-06-02 01:33:16 - [TEST_STEP][PASSED] - delay(5): Delayed 5 second(s)

2020-06-02 01:33:21 - [MESSAGE][PASSED] - Delayed 5 second(s)

2020-06-02 01:33:21 - [MESSAGE][PASSED] - Call Test Case 'Test Cases/PFI Precision and Scale/PFI Components with Indexing/VerifyCellGridDropdown' successfully

2020-06-02 01:33:21 - [TEST_STEP][FAILED] - callTestCase(findTestCase("PFI Precision and Scale/PFI Components with Indexing/InputCellGridValidation"), ["index":"1", "LenChar":5], STOP_ON_FAILURE): Unable to call Test Case 'Test Cases/PFI Precision and Scale/PFI Components with Indexing/InputCellGridValidation' (Root cause: com.kms.katalon.core.exception.StepFailedException: Call Test Case 'Test Cases/PFI Precision and Scale/PFI Components with Indexing/InputCellGridValidation' failed
	at com.kms.katalon.core.keyword.builtin.CallTestCaseKeyword$_callTestCase_closure1.doCall(CallTestCaseKeyword.groovy:63)
	at com.kms.katalon.core.keyword.builtin.CallTestCaseKeyword$_callTestCase_closure1.call(CallTestCaseKeyword.groovy)
	at com.kms.katalon.core.keyword.internal.KeywordMain.runKeyword(KeywordMain.groovy:68)
	at com.kms.katalon.core.keyword.builtin.CallTestCaseKeyword.callTestCase(CallTestCaseKeyword.groovy:81)
	at com.kms.katalon.core.keyword.builtin.CallTestCaseKeyword.execute(CallTestCaseKeyword.groovy:44)
	at com.kms.katalon.core.keyword.internal.KeywordExecutor.executeKeywordForPlatform(KeywordExecutor.groovy:72)
	at com.kms.katalon.core.keyword.BuiltinKeywords.callTestCase(BuiltinKeywords.groovy:334)
	at ProcessPFITOPCSC.run(ProcessPFITOPCSC:54)
	at com.kms.katalon.core.main.ScriptEngine.run(ScriptEngine.java:194)
	at com.kms.katalon.core.main.ScriptEngine.runScriptAsRawText(ScriptEngine.java:119)
	at com.kms.katalon.core.main.TestCaseExecutor.runScript(TestCaseExecutor.java:337)
	at com.kms.katalon.core.main.TestCaseExecutor.doExecute(TestCaseExecutor.java:328)
	at com.kms.katalon.core.main.TestCaseExecutor.processExecutionPhase(TestCaseExecutor.java:307)
	at com.kms.katalon.core.main.TestCaseExecutor.accessMainPhase(TestCaseExecutor.java:299)
	at com.kms.katalon.core.main.TestCaseExecutor.execute(TestCaseExecutor.java:233)
	at com.kms.katalon.core.main.TestSuiteExecutor.accessTestCaseMainPhase(TestSuiteExecutor.java:169)
	at com.kms.katalon.core.main.TestSuiteExecutor.accessTestSuiteMainPhase(TestSuiteExecutor.java:142)
	at com.kms.katalon.core.main.TestSuiteExecutor.execute(TestSuiteExecutor.java:91)
	at com.kms.katalon.core.main.TestCaseMain.startTestSuite(TestCaseMain.java:157)
	at com.kms.katalon.core.main.TestCaseMain$startTestSuite$0.call(Unknown Source)
	at TempTestSuite1591032696937.run(TempTestSuite1591032696937.groovy:36)
Caused by: com.kms.katalon.core.exception.StepFailedException: Unable to get attribute 'value' of object 'Object Repository/Objects.ReusableObjects/CellGridInput'
	at com.kms.katalon.core.webui.keyword.internal.WebUIKeywordMain.stepFailed(WebUIKeywordMain.groovy:64)
	at com.kms.katalon.core.webui.keyword.internal.WebUIKeywordMain.runKeyword(WebUIKeywordMain.groovy:26)
	at com.kms.katalon.core.webui.keyword.builtin.GetAttributeKeyword.getAttribute(GetAttributeKeyword.groovy:93)
	at com.kms.katalon.core.webui.keyword.builtin.GetAttributeKeyword.execute(GetAttributeKeyword.groovy:68)
	at com.kms.katalon.core.keyword.internal.KeywordExecutor.executeKeywordForPlatform(KeywordExecutor.groovy:72)
	at com.kms.katalon.core.webui.keyword.WebUiBuiltInKeywords.getAttribute(WebUiBuiltInKeywords.groovy:921)
	at com.kms.katalon.core.webui.keyword.WebUiBuiltInKeywords$getAttribute$14.call(Unknown Source)
	at InputCellGridValidation.run(InputCellGridValidation:50)
	at com.kms.katalon.core.main.ScriptEngine.run(ScriptEngine.java:194)
	at com.kms.katalon.core.main.ScriptEngine.runScriptAsRawText(ScriptEngine.java:119)
	at com.kms.katalon.core.main.TestCaseExecutor.runScript(TestCaseExecutor.java:337)
	at com.kms.katalon.core.main.TestCaseExecutor.doExecute(TestCaseExecutor.java:328)
	at com.kms.katalon.core.main.TestCaseExecutor.processExecutionPhase(TestCaseExecutor.java:307)
	at com.kms.katalon.core.main.TestCaseExecutor.accessMainPhase(TestCaseExecutor.java:299)
	at com.kms.katalon.core.main.TestCaseExecutor.execute(TestCaseExecutor.java:233)
	at com.kms.katalon.core.main.TestCaseMain.runTestCase(TestCaseMain.java:114)
	at com.kms.katalon.core.keyword.builtin.CallTestCaseKeyword$_callTestCase_closure1.doCall(CallTestCaseKeyword.groovy:59)
	... 20 more
Caused by: com.kms.katalon.core.webui.exception.WebElementNotFoundException: Web element with id: 'Object Repository/Objects.ReusableObjects/CellGridInput' located by 'By.xpath: //*[@type = 'text' and @data-tabindex-counter = '1']' not found
	at com.kms.katalon.core.webui.common.WebUiCommonHelper.findWebElement(WebUiCommonHelper.java:1154)
	at com.kms.katalon.core.webui.keyword.internal.WebUIAbstractKeyword.findWebElement(WebUIAbstractKeyword.groovy:27)
	at com.kms.katalon.core.webui.keyword.internal.WebUIAbstractKeyword.findWebElement(WebUIAbstractKeyword.groovy:26)
	at com.kms.katalon.core.webui.keyword.builtin.GetAttributeKeyword$_getAttribute_closure1.doCall(GetAttributeKeyword.groovy:83)
	at com.kms.katalon.core.webui.keyword.builtin.GetAttributeKeyword$_getAttribute_closure1.call(GetAttributeKeyword.groovy)
	at com.kms.katalon.core.webui.keyword.internal.WebUIKeywordMain.runKeyword(WebUIKeywordMain.groovy:20)
	... 35 more
)

2020-06-02 01:33:21 - [TEST_CASE][FAILED] - Test Cases/PFI Precision and Scale/PFI Components with Indexing/InputCellGridValidation: Test Cases/PFI Precision and Scale/PFI Components with Indexing/InputCellGridValidation FAILED.
Reason:
com.kms.katalon.core.exception.StepFailedException: Unable to get attribute 'value' of object 'Object Repository/Objects.ReusableObjects/CellGridInput'
	at com.kms.katalon.core.webui.keyword.internal.WebUIKeywordMain.stepFailed(WebUIKeywordMain.groovy:64)
	at com.kms.katalon.core.webui.keyword.internal.WebUIKeywordMain.runKeyword(WebUIKeywordMain.groovy:26)
	at com.kms.katalon.core.webui.keyword.builtin.GetAttributeKeyword.getAttribute(GetAttributeKeyword.groovy:93)
	at com.kms.katalon.core.webui.keyword.builtin.GetAttributeKeyword.execute(GetAttributeKeyword.groovy:68)
	at com.kms.katalon.core.keyword.internal.KeywordExecutor.executeKeywordForPlatform(KeywordExecutor.groovy:72)
	at com.kms.katalon.core.webui.keyword.WebUiBuiltInKeywords.getAttribute(WebUiBuiltInKeywords.groovy:921)
	at com.kms.katalon.core.webui.keyword.WebUiBuiltInKeywords$getAttribute$14.call(Unknown Source)
	at InputCellGridValidation.run(InputCellGridValidation:50)
	at com.kms.katalon.core.main.ScriptEngine.run(ScriptEngine.java:194)
	at com.kms.katalon.core.main.ScriptEngine.runScriptAsRawText(ScriptEngine.java:119)
	at com.kms.katalon.core.main.TestCaseExecutor.runScript(TestCaseExecutor.java:337)
	at com.kms.katalon.core.main.TestCaseExecutor.doExecute(TestCaseExecutor.java:328)
	at com.kms.katalon.core.main.TestCaseExecutor.processExecutionPhase(TestCaseExecutor.java:307)
	at com.kms.katalon.core.main.TestCaseExecutor.accessMainPhase(TestCaseExecutor.java:299)
	at com.kms.katalon.core.main.TestCaseExecutor.execute(TestCaseExecutor.java:233)
	at com.kms.katalon.core.main.TestCaseMain.runTestCase(TestCaseMain.java:114)
	at com.kms.katalon.core.keyword.builtin.CallTestCaseKeyword$_callTestCase_closure1.doCall(CallTestCaseKeyword.groovy:59)
	at com.kms.katalon.core.keyword.builtin.CallTestCaseKeyword$_callTestCase_closure1.call(CallTestCaseKeyword.groovy)
	at com.kms.katalon.core.keyword.internal.KeywordMain.runKeyword(KeywordMain.groovy:68)
	at com.kms.katalon.core.keyword.builtin.CallTestCaseKeyword.callTestCase(CallTestCaseKeyword.groovy:81)
	at com.kms.katalon.core.keyword.builtin.CallTestCaseKeyword.execute(CallTestCaseKeyword.groovy:44)
	at com.kms.katalon.core.keyword.internal.KeywordExecutor.executeKeywordForPlatform(KeywordExecutor.groovy:72)
	at com.kms.katalon.core.keyword.BuiltinKeywords.callTestCase(BuiltinKeywords.groovy:334)
	at ProcessPFITOPCSC.run(ProcessPFITOPCSC:54)
	at com.kms.katalon.core.main.ScriptEngine.run(ScriptEngine.java:194)
	at com.kms.katalon.core.main.ScriptEngine.runScriptAsRawText(ScriptEngine.java:119)
	at com.kms.katalon.core.main.TestCaseExecutor.runScript(TestCaseExecutor.java:337)
	at com.kms.katalon.core.main.TestCaseExecutor.doExecute(TestCaseExecutor.java:328)
	at com.kms.katalon.core.main.TestCaseExecutor.processExecutionPhase(TestCaseExecutor.java:307)
	at com.kms.katalon.core.main.TestCaseExecutor.accessMainPhase(TestCaseExecutor.java:299)
	at com.kms.katalon.core.main.TestCaseExecutor.execute(TestCaseExecutor.java:233)
	at com.kms.katalon.core.main.TestSuiteExecutor.accessTestCaseMainPhase(TestSuiteExecutor.java:169)
	at com.kms.katalon.core.main.TestSuiteExecutor.accessTestSuiteMainPhase(TestSuiteExecutor.java:142)
	at com.kms.katalon.core.main.TestSuiteExecutor.execute(TestSuiteExecutor.java:91)
	at com.kms.katalon.core.main.TestCaseMain.startTestSuite(TestCaseMain.java:157)
	at com.kms.katalon.core.main.TestCaseMain$startTestSuite$0.call(Unknown Source)
	at TempTestSuite1591032696937.run(TempTestSuite1591032696937.groovy:36)
Caused by: com.kms.katalon.core.webui.exception.WebElementNotFoundException: Web element with id: 'Object Repository/Objects.ReusableObjects/CellGridInput' located by 'By.xpath: //*[@type = 'text' and @data-tabindex-counter = '1']' not found
	at com.kms.katalon.core.webui.common.WebUiCommonHelper.findWebElement(WebUiCommonHelper.java:1154)
	at com.kms.katalon.core.webui.keyword.internal.WebUIAbstractKeyword.findWebElement(WebUIAbstractKeyword.groovy:27)
	at com.kms.katalon.core.webui.keyword.internal.WebUIAbstractKeyword.findWebElement(WebUIAbstractKeyword.groovy:26)
	at com.kms.katalon.core.webui.keyword.builtin.GetAttributeKeyword$_getAttribute_closure1.doCall(GetAttributeKeyword.groovy:83)
	at com.kms.katalon.core.webui.keyword.builtin.GetAttributeKeyword$_getAttribute_closure1.call(GetAttributeKeyword.groovy)
	at com.kms.katalon.core.webui.keyword.internal.WebUIKeywordMain.runKeyword(WebUIKeywordMain.groovy:20)
	... 35 more


2020-06-02 01:33:22 - [TEST_STEP][PASSED] - Thread.sleep(1000): null

2020-06-02 01:33:23 - [TEST_STEP][PASSED] - charset = /?><"".join(): null

2020-06-02 01:33:23 - [TEST_STEP][PASSED] - AlphaNumeric = 9).join(): null

2020-06-02 01:33:23 - [TEST_STEP][PASSED] - SpecialChar = "`~!@#$%^&*()-=+_{}|\][;'":,./?><"": null

2020-06-02 01:33:23 - [TEST_STEP][PASSED] - RandomString = RandomStringUtils.random(LenChar, AlphaNumeric.toCharArray()): null

2020-06-02 01:33:23 - [TEST_STEP][PASSED] - RdmSpChar = RandomStringUtils.random(LenChar, SpecialChar): null

2020-06-02 01:33:23 - [TEST_STEP][PASSED] - regexPat = Pattern.compile("^[A-Za-z0-9 ]+$"): null

2020-06-02 01:33:23 - [TEST_STEP][PASSED] - "Modify Input field property/attribute": null

2020-06-02 01:33:23 - [TEST_STEP][PASSED] - setText(findTestObject("Objects.ReusableObjects/CellGridInput"), RandomString): Text 'tRvQx' is set on object 'Object Repository/Objects.ReusableObjects/CellGridInput'

2020-06-02 01:33:23 - [MESSAGE][PASSED] - Text 'tRvQx' is set on object 'Object Repository/Objects.ReusableObjects/CellGridInput'

2020-06-02 01:33:23 - [TEST_STEP][FAILED] - RemarksAN = getAttribute(findTestObject("Objects.ReusableObjects/CellGridInput"), "value"): Unable to get attribute 'value' of object 'Object Repository/Objects.ReusableObjects/CellGridInput' (Root cause: com.kms.katalon.core.exception.StepFailedException: Unable to get attribute 'value' of object 'Object Repository/Objects.ReusableObjects/CellGridInput'
	at com.kms.katalon.core.webui.keyword.internal.WebUIKeywordMain.stepFailed(WebUIKeywordMain.groovy:64)
	at com.kms.katalon.core.webui.keyword.internal.WebUIKeywordMain.runKeyword(WebUIKeywordMain.groovy:26)
	at com.kms.katalon.core.webui.keyword.builtin.GetAttributeKeyword.getAttribute(GetAttributeKeyword.groovy:93)
	at com.kms.katalon.core.webui.keyword.builtin.GetAttributeKeyword.execute(GetAttributeKeyword.groovy:68)
	at com.kms.katalon.core.keyword.internal.KeywordExecutor.executeKeywordForPlatform(KeywordExecutor.groovy:72)
	at com.kms.katalon.core.webui.keyword.WebUiBuiltInKeywords.getAttribute(WebUiBuiltInKeywords.groovy:921)
	at com.kms.katalon.core.webui.keyword.WebUiBuiltInKeywords$getAttribute$14.call(Unknown Source)
	at InputCellGridValidation.run(InputCellGridValidation:50)
	at com.kms.katalon.core.main.ScriptEngine.run(ScriptEngine.java:194)
	at com.kms.katalon.core.main.ScriptEngine.runScriptAsRawText(ScriptEngine.java:119)
	at com.kms.katalon.core.main.TestCaseExecutor.runScript(TestCaseExecutor.java:337)
	at com.kms.katalon.core.main.TestCaseExecutor.doExecute(TestCaseExecutor.java:328)
	at com.kms.katalon.core.main.TestCaseExecutor.processExecutionPhase(TestCaseExecutor.java:307)
	at com.kms.katalon.core.main.TestCaseExecutor.accessMainPhase(TestCaseExecutor.java:299)
	at com.kms.katalon.core.main.TestCaseExecutor.execute(TestCaseExecutor.java:233)
	at com.kms.katalon.core.main.TestCaseMain.runTestCase(TestCaseMain.java:114)
	at com.kms.katalon.core.keyword.builtin.CallTestCaseKeyword$_callTestCase_closure1.doCall(CallTestCaseKeyword.groovy:59)
	at com.kms.katalon.core.keyword.builtin.CallTestCaseKeyword$_callTestCase_closure1.call(CallTestCaseKeyword.groovy)
	at com.kms.katalon.core.keyword.internal.KeywordMain.runKeyword(KeywordMain.groovy:68)
	at com.kms.katalon.core.keyword.builtin.CallTestCaseKeyword.callTestCase(CallTestCaseKeyword.groovy:81)
	at com.kms.katalon.core.keyword.builtin.CallTestCaseKeyword.execute(CallTestCaseKeyword.groovy:44)
	at com.kms.katalon.core.keyword.internal.KeywordExecutor.executeKeywordForPlatform(KeywordExecutor.groovy:72)
	at com.kms.katalon.core.keyword.BuiltinKeywords.callTestCase(BuiltinKeywords.groovy:334)
	at ProcessPFITOPCSC.run(ProcessPFITOPCSC:54)
	at com.kms.katalon.core.main.ScriptEngine.run(ScriptEngine.java:194)
	at com.kms.katalon.core.main.ScriptEngine.runScriptAsRawText(ScriptEngine.java:119)
	at com.kms.katalon.core.main.TestCaseExecutor.runScript(TestCaseExecutor.java:337)
	at com.kms.katalon.core.main.TestCaseExecutor.doExecute(TestCaseExecutor.java:328)
	at com.kms.katalon.core.main.TestCaseExecutor.processExecutionPhase(TestCaseExecutor.java:307)
	at com.kms.katalon.core.main.TestCaseExecutor.accessMainPhase(TestCaseExecutor.java:299)
	at com.kms.katalon.core.main.TestCaseExecutor.execute(TestCaseExecutor.java:233)
	at com.kms.katalon.core.main.TestSuiteExecutor.accessTestCaseMainPhase(TestSuiteExecutor.java:169)
	at com.kms.katalon.core.main.TestSuiteExecutor.accessTestSuiteMainPhase(TestSuiteExecutor.java:142)
	at com.kms.katalon.core.main.TestSuiteExecutor.execute(TestSuiteExecutor.java:91)
	at com.kms.katalon.core.main.TestCaseMain.startTestSuite(TestCaseMain.java:157)
	at com.kms.katalon.core.main.TestCaseMain$startTestSuite$0.call(Unknown Source)
	at TempTestSuite1591032696937.run(TempTestSuite1591032696937.groovy:36)
Caused by: com.kms.katalon.core.webui.exception.WebElementNotFoundException: Web element with id: 'Object Repository/Objects.ReusableObjects/CellGridInput' located by 'By.xpath: //*[@type = 'text' and @data-tabindex-counter = '1']' not found
	at com.kms.katalon.core.webui.common.WebUiCommonHelper.findWebElement(WebUiCommonHelper.java:1154)
	at com.kms.katalon.core.webui.keyword.internal.WebUIAbstractKeyword.findWebElement(WebUIAbstractKeyword.groovy:27)
	at com.kms.katalon.core.webui.keyword.internal.WebUIAbstractKeyword.findWebElement(WebUIAbstractKeyword.groovy:26)
	at com.kms.katalon.core.webui.keyword.builtin.GetAttributeKeyword$_getAttribute_closure1.doCall(GetAttributeKeyword.groovy:83)
	at com.kms.katalon.core.webui.keyword.builtin.GetAttributeKeyword$_getAttribute_closure1.call(GetAttributeKeyword.groovy)
	at com.kms.katalon.core.webui.keyword.internal.WebUIKeywordMain.runKeyword(WebUIKeywordMain.groovy:20)
	at com.kms.katalon.core.webui.keyword.builtin.GetAttributeKeyword.getAttribute(GetAttributeKeyword.groovy:93)
	at com.kms.katalon.core.webui.keyword.builtin.GetAttributeKeyword.execute(GetAttributeKeyword.groovy:68)
	at com.kms.katalon.core.keyword.internal.KeywordExecutor.executeKeywordForPlatform(KeywordExecutor.groovy:72)
	at com.kms.katalon.core.webui.keyword.WebUiBuiltInKeywords.getAttribute(WebUiBuiltInKeywords.groovy:921)
	at com.kms.katalon.core.webui.keyword.WebUiBuiltInKeywords$getAttribute$14.call(Unknown Source)
	at Script1591030219561.run(Script1591030219561.groovy:50)
	at com.kms.katalon.core.main.ScriptEngine.run(ScriptEngine.java:194)
	at com.kms.katalon.core.main.ScriptEngine.runScriptAsRawText(ScriptEngine.java:119)
	at com.kms.katalon.core.main.TestCaseExecutor.runScript(TestCaseExecutor.java:337)
	at com.kms.katalon.core.main.TestCaseExecutor.doExecute(TestCaseExecutor.java:328)
	at com.kms.katalon.core.main.TestCaseExecutor.processExecutionPhase(TestCaseExecutor.java:307)
	at com.kms.katalon.core.main.TestCaseExecutor.accessMainPhase(TestCaseExecutor.java:299)
	at com.kms.katalon.core.main.TestCaseExecutor.execute(TestCaseExecutor.java:233)
	at com.kms.katalon.core.main.TestCaseMain.runTestCase(TestCaseMain.java:114)
	at com.kms.katalon.core.keyword.builtin.CallTestCaseKeyword$_callTestCase_closure1.doCall(CallTestCaseKeyword.groovy:59)
	at com.kms.katalon.core.keyword.builtin.CallTestCaseKeyword$_callTestCase_closure1.call(CallTestCaseKeyword.groovy)
	at com.kms.katalon.core.keyword.internal.KeywordMain.runKeyword(KeywordMain.groovy:68)
	at com.kms.katalon.core.keyword.builtin.CallTestCaseKeyword.callTestCase(CallTestCaseKeyword.groovy:81)
	at com.kms.katalon.core.keyword.builtin.CallTestCaseKeyword.execute(CallTestCaseKeyword.groovy:44)
	at com.kms.katalon.core.keyword.internal.KeywordExecutor.executeKeywordForPlatform(KeywordExecutor.groovy:72)
	at com.kms.katalon.core.keyword.BuiltinKeywords.callTestCase(BuiltinKeywords.groovy:334)
	at Script1590994228412.run(Script1590994228412.groovy:54)
	... 13 more
)

2020-06-02 01:33:54 - [MESSAGE][INFO] - Unable to find the element located by 'By.xpath: //*[@type = 'text' and @data-tabindex-counter = '1']'. Please recheck the objects properties to make sure the desired element is located. 

2020-06-02 01:33:55 - [MESSAGE][FAILED] - Unable to get attribute 'value' of object 'Object Repository/Objects.ReusableObjects/CellGridInput' (Root cause: com.kms.katalon.core.exception.StepFailedException: Unable to get attribute 'value' of object 'Object Repository/Objects.ReusableObjects/CellGridInput'
	at com.kms.katalon.core.webui.keyword.internal.WebUIKeywordMain.stepFailed(WebUIKeywordMain.groovy:64)
	at com.kms.katalon.core.webui.keyword.internal.WebUIKeywordMain.runKeyword(WebUIKeywordMain.groovy:26)
	at com.kms.katalon.core.webui.keyword.builtin.GetAttributeKeyword.getAttribute(GetAttributeKeyword.groovy:93)
	at com.kms.katalon.core.webui.keyword.builtin.GetAttributeKeyword.execute(GetAttributeKeyword.groovy:68)
	at com.kms.katalon.core.keyword.internal.KeywordExecutor.executeKeywordForPlatform(KeywordExecutor.groovy:72)
	at com.kms.katalon.core.webui.keyword.WebUiBuiltInKeywords.getAttribute(WebUiBuiltInKeywords.groovy:921)
	at com.kms.katalon.core.webui.keyword.WebUiBuiltInKeywords$getAttribute$14.call(Unknown Source)
	at InputCellGridValidation.run(InputCellGridValidation:50)
	at com.kms.katalon.core.main.ScriptEngine.run(ScriptEngine.java:194)
	at com.kms.katalon.core.main.ScriptEngine.runScriptAsRawText(ScriptEngine.java:119)
	at com.kms.katalon.core.main.TestCaseExecutor.runScript(TestCaseExecutor.java:337)
	at com.kms.katalon.core.main.TestCaseExecutor.doExecute(TestCaseExecutor.java:328)
	at com.kms.katalon.core.main.TestCaseExecutor.processExecutionPhase(TestCaseExecutor.java:307)
	at com.kms.katalon.core.main.TestCaseExecutor.accessMainPhase(TestCaseExecutor.java:299)
	at com.kms.katalon.core.main.TestCaseExecutor.execute(TestCaseExecutor.java:233)
	at com.kms.katalon.core.main.TestCaseMain.runTestCase(TestCaseMain.java:114)
	at com.kms.katalon.core.keyword.builtin.CallTestCaseKeyword$_callTestCase_closure1.doCall(CallTestCaseKeyword.groovy:59)
	at com.kms.katalon.core.keyword.builtin.CallTestCaseKeyword$_callTestCase_closure1.call(CallTestCaseKeyword.groovy)
	at com.kms.katalon.core.keyword.internal.KeywordMain.runKeyword(KeywordMain.groovy:68)
	at com.kms.katalon.core.keyword.builtin.CallTestCaseKeyword.callTestCase(CallTestCaseKeyword.groovy:81)
	at com.kms.katalon.core.keyword.builtin.CallTestCaseKeyword.execute(CallTestCaseKeyword.groovy:44)
	at com.kms.katalon.core.keyword.internal.KeywordExecutor.executeKeywordForPlatform(KeywordExecutor.groovy:72)
	at com.kms.katalon.core.keyword.BuiltinKeywords.callTestCase(BuiltinKeywords.groovy:334)
	at ProcessPFITOPCSC.run(ProcessPFITOPCSC:54)
	at com.kms.katalon.core.main.ScriptEngine.run(ScriptEngine.java:194)
	at com.kms.katalon.core.main.ScriptEngine.runScriptAsRawText(ScriptEngine.java:119)
	at com.kms.katalon.core.main.TestCaseExecutor.runScript(TestCaseExecutor.java:337)
	at com.kms.katalon.core.main.TestCaseExecutor.doExecute(TestCaseExecutor.java:328)
	at com.kms.katalon.core.main.TestCaseExecutor.processExecutionPhase(TestCaseExecutor.java:307)
	at com.kms.katalon.core.main.TestCaseExecutor.accessMainPhase(TestCaseExecutor.java:299)
	at com.kms.katalon.core.main.TestCaseExecutor.execute(TestCaseExecutor.java:233)
	at com.kms.katalon.core.main.TestSuiteExecutor.accessTestCaseMainPhase(TestSuiteExecutor.java:169)
	at com.kms.katalon.core.main.TestSuiteExecutor.accessTestSuiteMainPhase(TestSuiteExecutor.java:142)
	at com.kms.katalon.core.main.TestSuiteExecutor.execute(TestSuiteExecutor.java:91)
	at com.kms.katalon.core.main.TestCaseMain.startTestSuite(TestCaseMain.java:157)
	at com.kms.katalon.core.main.TestCaseMain$startTestSuite$0.call(Unknown Source)
	at TempTestSuite1591032696937.run(TempTestSuite1591032696937.groovy:36)
Caused by: com.kms.katalon.core.webui.exception.WebElementNotFoundException: Web element with id: 'Object Repository/Objects.ReusableObjects/CellGridInput' located by 'By.xpath: //*[@type = 'text' and @data-tabindex-counter = '1']' not found
	at com.kms.katalon.core.webui.common.WebUiCommonHelper.findWebElement(WebUiCommonHelper.java:1154)
	at com.kms.katalon.core.webui.keyword.internal.WebUIAbstractKeyword.findWebElement(WebUIAbstractKeyword.groovy:27)
	at com.kms.katalon.core.webui.keyword.internal.WebUIAbstractKeyword.findWebElement(WebUIAbstractKeyword.groovy:26)
	at com.kms.katalon.core.webui.keyword.builtin.GetAttributeKeyword$_getAttribute_closure1.doCall(GetAttributeKeyword.groovy:83)
	at com.kms.katalon.core.webui.keyword.builtin.GetAttributeKeyword$_getAttribute_closure1.call(GetAttributeKeyword.groovy)
	at com.kms.katalon.core.webui.keyword.internal.WebUIKeywordMain.runKeyword(WebUIKeywordMain.groovy:20)
	at com.kms.katalon.core.webui.keyword.builtin.GetAttributeKeyword.getAttribute(GetAttributeKeyword.groovy:93)
	at com.kms.katalon.core.webui.keyword.builtin.GetAttributeKeyword.execute(GetAttributeKeyword.groovy:68)
	at com.kms.katalon.core.keyword.internal.KeywordExecutor.executeKeywordForPlatform(KeywordExecutor.groovy:72)
	at com.kms.katalon.core.webui.keyword.WebUiBuiltInKeywords.getAttribute(WebUiBuiltInKeywords.groovy:921)
	at com.kms.katalon.core.webui.keyword.WebUiBuiltInKeywords$getAttribute$14.call(Unknown Source)
	at Script1591030219561.run(Script1591030219561.groovy:50)
	at com.kms.katalon.core.main.ScriptEngine.run(ScriptEngine.java:194)
	at com.kms.katalon.core.main.ScriptEngine.runScriptAsRawText(ScriptEngine.java:119)
	at com.kms.katalon.core.main.TestCaseExecutor.runScript(TestCaseExecutor.java:337)
	at com.kms.katalon.core.main.TestCaseExecutor.doExecute(TestCaseExecutor.java:328)
	at com.kms.katalon.core.main.TestCaseExecutor.processExecutionPhase(TestCaseExecutor.java:307)
	at com.kms.katalon.core.main.TestCaseExecutor.accessMainPhase(TestCaseExecutor.java:299)
	at com.kms.katalon.core.main.TestCaseExecutor.execute(TestCaseExecutor.java:233)
	at com.kms.katalon.core.main.TestCaseMain.runTestCase(TestCaseMain.java:114)
	at com.kms.katalon.core.keyword.builtin.CallTestCaseKeyword$_callTestCase_closure1.doCall(CallTestCaseKeyword.groovy:59)
	at com.kms.katalon.core.keyword.builtin.CallTestCaseKeyword$_callTestCase_closure1.call(CallTestCaseKeyword.groovy)
	at com.kms.katalon.core.keyword.internal.KeywordMain.runKeyword(KeywordMain.groovy:68)
	at com.kms.katalon.core.keyword.builtin.CallTestCaseKeyword.callTestCase(CallTestCaseKeyword.groovy:81)
	at com.kms.katalon.core.keyword.builtin.CallTestCaseKeyword.execute(CallTestCaseKeyword.groovy:44)
	at com.kms.katalon.core.keyword.internal.KeywordExecutor.executeKeywordForPlatform(KeywordExecutor.groovy:72)
	at com.kms.katalon.core.keyword.BuiltinKeywords.callTestCase(BuiltinKeywords.groovy:334)
	at Script1590994228412.run(Script1590994228412.groovy:54)
	... 13 more
)
[[ATTACHMENT|C:\\Users\\19023-RAC\\Desktop\\New Automation Copy\\Reports\\20200602_013132\\PFI Precision and Scale Automated Regression Suite\\PFI-TOPCSC\\PFI-TOPCSC\\20200602_013132\\1591032834940.png]]

2020-06-02 01:33:55 - [MESSAGE][FAILED] - Unable to call Test Case 'Test Cases/PFI Precision and Scale/PFI Components with Indexing/InputCellGridValidation' (Root cause: com.kms.katalon.core.exception.StepFailedException: Call Test Case 'Test Cases/PFI Precision and Scale/PFI Components with Indexing/InputCellGridValidation' failed
	at com.kms.katalon.core.keyword.builtin.CallTestCaseKeyword$_callTestCase_closure1.doCall(CallTestCaseKeyword.groovy:63)
	at com.kms.katalon.core.keyword.builtin.CallTestCaseKeyword$_callTestCase_closure1.call(CallTestCaseKeyword.groovy)
	at com.kms.katalon.core.keyword.internal.KeywordMain.runKeyword(KeywordMain.groovy:68)
	at com.kms.katalon.core.keyword.builtin.CallTestCaseKeyword.callTestCase(CallTestCaseKeyword.groovy:81)
	at com.kms.katalon.core.keyword.builtin.CallTestCaseKeyword.execute(CallTestCaseKeyword.groovy:44)
	at com.kms.katalon.core.keyword.internal.KeywordExecutor.executeKeywordForPlatform(KeywordExecutor.groovy:72)
	at com.kms.katalon.core.keyword.BuiltinKeywords.callTestCase(BuiltinKeywords.groovy:334)
	at ProcessPFITOPCSC.run(ProcessPFITOPCSC:54)
	at com.kms.katalon.core.main.ScriptEngine.run(ScriptEngine.java:194)
	at com.kms.katalon.core.main.ScriptEngine.runScriptAsRawText(ScriptEngine.java:119)
	at com.kms.katalon.core.main.TestCaseExecutor.runScript(TestCaseExecutor.java:337)
	at com.kms.katalon.core.main.TestCaseExecutor.doExecute(TestCaseExecutor.java:328)
	at com.kms.katalon.core.main.TestCaseExecutor.processExecutionPhase(TestCaseExecutor.java:307)
	at com.kms.katalon.core.main.TestCaseExecutor.accessMainPhase(TestCaseExecutor.java:299)
	at com.kms.katalon.core.main.TestCaseExecutor.execute(TestCaseExecutor.java:233)
	at com.kms.katalon.core.main.TestSuiteExecutor.accessTestCaseMainPhase(TestSuiteExecutor.java:169)
	at com.kms.katalon.core.main.TestSuiteExecutor.accessTestSuiteMainPhase(TestSuiteExecutor.java:142)
	at com.kms.katalon.core.main.TestSuiteExecutor.execute(TestSuiteExecutor.java:91)
	at com.kms.katalon.core.main.TestCaseMain.startTestSuite(TestCaseMain.java:157)
	at com.kms.katalon.core.main.TestCaseMain$startTestSuite$0.call(Unknown Source)
	at TempTestSuite1591032696937.run(TempTestSuite1591032696937.groovy:36)
Caused by: com.kms.katalon.core.exception.StepFailedException: Unable to get attribute 'value' of object 'Object Repository/Objects.ReusableObjects/CellGridInput'
	at com.kms.katalon.core.webui.keyword.internal.WebUIKeywordMain.stepFailed(WebUIKeywordMain.groovy:64)
	at com.kms.katalon.core.webui.keyword.internal.WebUIKeywordMain.runKeyword(WebUIKeywordMain.groovy:26)
	at com.kms.katalon.core.webui.keyword.builtin.GetAttributeKeyword.getAttribute(GetAttributeKeyword.groovy:93)
	at com.kms.katalon.core.webui.keyword.builtin.GetAttributeKeyword.execute(GetAttributeKeyword.groovy:68)
	at com.kms.katalon.core.keyword.internal.KeywordExecutor.executeKeywordForPlatform(KeywordExecutor.groovy:72)
	at com.kms.katalon.core.webui.keyword.WebUiBuiltInKeywords.getAttribute(WebUiBuiltInKeywords.groovy:921)
	at com.kms.katalon.core.webui.keyword.WebUiBuiltInKeywords$getAttribute$14.call(Unknown Source)
	at InputCellGridValidation.run(InputCellGridValidation:50)
	at com.kms.katalon.core.main.ScriptEngine.run(ScriptEngine.java:194)
	at com.kms.katalon.core.main.ScriptEngine.runScriptAsRawText(ScriptEngine.java:119)
	at com.kms.katalon.core.main.TestCaseExecutor.runScript(TestCaseExecutor.java:337)
	at com.kms.katalon.core.main.TestCaseExecutor.doExecute(TestCaseExecutor.java:328)
	at com.kms.katalon.core.main.TestCaseExecutor.processExecutionPhase(TestCaseExecutor.java:307)
	at com.kms.katalon.core.main.TestCaseExecutor.accessMainPhase(TestCaseExecutor.java:299)
	at com.kms.katalon.core.main.TestCaseExecutor.execute(TestCaseExecutor.java:233)
	at com.kms.katalon.core.main.TestCaseMain.runTestCase(TestCaseMain.java:114)
	at com.kms.katalon.core.keyword.builtin.CallTestCaseKeyword$_callTestCase_closure1.doCall(CallTestCaseKeyword.groovy:59)
	... 20 more
Caused by: com.kms.katalon.core.webui.exception.WebElementNotFoundException: Web element with id: 'Object Repository/Objects.ReusableObjects/CellGridInput' located by 'By.xpath: //*[@type = 'text' and @data-tabindex-counter = '1']' not found
	at com.kms.katalon.core.webui.common.WebUiCommonHelper.findWebElement(WebUiCommonHelper.java:1154)
	at com.kms.katalon.core.webui.keyword.internal.WebUIAbstractKeyword.findWebElement(WebUIAbstractKeyword.groovy:27)
	at com.kms.katalon.core.webui.keyword.internal.WebUIAbstractKeyword.findWebElement(WebUIAbstractKeyword.groovy:26)
	at com.kms.katalon.core.webui.keyword.builtin.GetAttributeKeyword$_getAttribute_closure1.doCall(GetAttributeKeyword.groovy:83)
	at com.kms.katalon.core.webui.keyword.builtin.GetAttributeKeyword$_getAttribute_closure1.call(GetAttributeKeyword.groovy)
	at com.kms.katalon.core.webui.keyword.internal.WebUIKeywordMain.runKeyword(WebUIKeywordMain.groovy:20)
	... 35 more
)]]></system-out>
         <system-err><![CDATA[2020-06-02 01:31:44 - [TEST_CASE][FAILED] - Test Cases/PFI Precision and Scale/PFI Test Cases/PFI - TOPCSC/ProcessPFITOPCSC: Test Cases/PFI Precision and Scale/PFI Test Cases/PFI - TOPCSC/ProcessPFITOPCSC FAILED.
Reason:
com.kms.katalon.core.exception.StepFailedException: Call Test Case 'Test Cases/PFI Precision and Scale/PFI Components with Indexing/InputCellGridValidation' failed
	at com.kms.katalon.core.keyword.builtin.CallTestCaseKeyword$_callTestCase_closure1.doCall(CallTestCaseKeyword.groovy:63)
	at com.kms.katalon.core.keyword.builtin.CallTestCaseKeyword$_callTestCase_closure1.call(CallTestCaseKeyword.groovy)
	at com.kms.katalon.core.keyword.internal.KeywordMain.runKeyword(KeywordMain.groovy:68)
	at com.kms.katalon.core.keyword.builtin.CallTestCaseKeyword.callTestCase(CallTestCaseKeyword.groovy:81)
	at com.kms.katalon.core.keyword.builtin.CallTestCaseKeyword.execute(CallTestCaseKeyword.groovy:44)
	at com.kms.katalon.core.keyword.internal.KeywordExecutor.executeKeywordForPlatform(KeywordExecutor.groovy:72)
	at com.kms.katalon.core.keyword.BuiltinKeywords.callTestCase(BuiltinKeywords.groovy:334)
	at ProcessPFITOPCSC.run(ProcessPFITOPCSC:54)
	at com.kms.katalon.core.main.ScriptEngine.run(ScriptEngine.java:194)
	at com.kms.katalon.core.main.ScriptEngine.runScriptAsRawText(ScriptEngine.java:119)
	at com.kms.katalon.core.main.TestCaseExecutor.runScript(TestCaseExecutor.java:337)
	at com.kms.katalon.core.main.TestCaseExecutor.doExecute(TestCaseExecutor.java:328)
	at com.kms.katalon.core.main.TestCaseExecutor.processExecutionPhase(TestCaseExecutor.java:307)
	at com.kms.katalon.core.main.TestCaseExecutor.accessMainPhase(TestCaseExecutor.java:299)
	at com.kms.katalon.core.main.TestCaseExecutor.execute(TestCaseExecutor.java:233)
	at com.kms.katalon.core.main.TestSuiteExecutor.accessTestCaseMainPhase(TestSuiteExecutor.java:169)
	at com.kms.katalon.core.main.TestSuiteExecutor.accessTestSuiteMainPhase(TestSuiteExecutor.java:142)
	at com.kms.katalon.core.main.TestSuiteExecutor.execute(TestSuiteExecutor.java:91)
	at com.kms.katalon.core.main.TestCaseMain.startTestSuite(TestCaseMain.java:157)
	at com.kms.katalon.core.main.TestCaseMain$startTestSuite$0.call(Unknown Source)
	at TempTestSuite1591032696937.run(TempTestSuite1591032696937.groovy:36)
Caused by: com.kms.katalon.core.exception.StepFailedException: Unable to get attribute 'value' of object 'Object Repository/Objects.ReusableObjects/CellGridInput'
	at com.kms.katalon.core.webui.keyword.internal.WebUIKeywordMain.stepFailed(WebUIKeywordMain.groovy:64)
	at com.kms.katalon.core.webui.keyword.internal.WebUIKeywordMain.runKeyword(WebUIKeywordMain.groovy:26)
	at com.kms.katalon.core.webui.keyword.builtin.GetAttributeKeyword.getAttribute(GetAttributeKeyword.groovy:93)
	at com.kms.katalon.core.webui.keyword.builtin.GetAttributeKeyword.execute(GetAttributeKeyword.groovy:68)
	at com.kms.katalon.core.keyword.internal.KeywordExecutor.executeKeywordForPlatform(KeywordExecutor.groovy:72)
	at com.kms.katalon.core.webui.keyword.WebUiBuiltInKeywords.getAttribute(WebUiBuiltInKeywords.groovy:921)
	at com.kms.katalon.core.webui.keyword.WebUiBuiltInKeywords$getAttribute$14.call(Unknown Source)
	at InputCellGridValidation.run(InputCellGridValidation:50)
	at com.kms.katalon.core.main.ScriptEngine.run(ScriptEngine.java:194)
	at com.kms.katalon.core.main.ScriptEngine.runScriptAsRawText(ScriptEngine.java:119)
	at com.kms.katalon.core.main.TestCaseExecutor.runScript(TestCaseExecutor.java:337)
	at com.kms.katalon.core.main.TestCaseExecutor.doExecute(TestCaseExecutor.java:328)
	at com.kms.katalon.core.main.TestCaseExecutor.processExecutionPhase(TestCaseExecutor.java:307)
	at com.kms.katalon.core.main.TestCaseExecutor.accessMainPhase(TestCaseExecutor.java:299)
	at com.kms.katalon.core.main.TestCaseExecutor.execute(TestCaseExecutor.java:233)
	at com.kms.katalon.core.main.TestCaseMain.runTestCase(TestCaseMain.java:114)
	at com.kms.katalon.core.keyword.builtin.CallTestCaseKeyword$_callTestCase_closure1.doCall(CallTestCaseKeyword.groovy:59)
	... 20 more
Caused by: com.kms.katalon.core.webui.exception.WebElementNotFoundException: Web element with id: 'Object Repository/Objects.ReusableObjects/CellGridInput' located by 'By.xpath: //*[@type = 'text' and @data-tabindex-counter = '1']' not found
	at com.kms.katalon.core.webui.common.WebUiCommonHelper.findWebElement(WebUiCommonHelper.java:1154)
	at com.kms.katalon.core.webui.keyword.internal.WebUIAbstractKeyword.findWebElement(WebUIAbstractKeyword.groovy:27)
	at com.kms.katalon.core.webui.keyword.internal.WebUIAbstractKeyword.findWebElement(WebUIAbstractKeyword.groovy:26)
	at com.kms.katalon.core.webui.keyword.builtin.GetAttributeKeyword$_getAttribute_closure1.doCall(GetAttributeKeyword.groovy:83)
	at com.kms.katalon.core.webui.keyword.builtin.GetAttributeKeyword$_getAttribute_closure1.call(GetAttributeKeyword.groovy)
	at com.kms.katalon.core.webui.keyword.internal.WebUIKeywordMain.runKeyword(WebUIKeywordMain.groovy:20)
	... 35 more]]></system-err>
      </testcase>
      <testcase name="Test Cases/PFI Precision and Scale/PFI Test Cases/PFI - TOPCSC/RecommendTOPCSC" time="134.087" classname="Test Cases/PFI Precision and Scale/PFI Test Cases/PFI - TOPCSC/RecommendTOPCSC" status="PASSED">
         <system-out><![CDATA[2020-06-02 01:33:55 - [TEST_CASE][PASSED] - Test Cases/PFI Precision and Scale/PFI Test Cases/PFI - TOPCSC/RecommendTOPCSC: Test Cases/PFI Precision and Scale/PFI Test Cases/PFI - TOPCSC/RecommendTOPCSC

2020-06-02 01:33:55 - [TEST_STEP][PASSED] - callTestCase(findTestCase("Components/NavigateToAnyLHS"), ["LHS":"Recommend TOP/CSC Interface"], STOP_ON_FAILURE): Call Test Case 'Test Cases/Components/NavigateToAnyLHS' successfully

2020-06-02 01:33:55 - [TEST_CASE][PASSED] - Test Cases/Components/NavigateToAnyLHS: Test Cases/Components/NavigateToAnyLHS

2020-06-02 01:33:55 - [TEST_STEP][PASSED] - Thread.sleep(1000): null

2020-06-02 01:33:56 - [TEST_STEP][PASSED] - modifiedLHS = modifyObjectProperty(findTestObject("Objects.NavigateToAnyLHS/Page_ISPS2/LHSToModify"), "text", "equals", LHS, true): Modify property of object successfully

2020-06-02 01:33:56 - [MESSAGE][PASSED] - Modify property of object successfully

2020-06-02 01:33:56 - [TEST_STEP][PASSED] - click(modifiedLHS): Object: 'Object Repository/Objects.NavigateToAnyLHS/Page_ISPS2/LHSToModify' is clicked on

2020-06-02 01:33:56 - [MESSAGE][PASSED] - Object: 'Object Repository/Objects.NavigateToAnyLHS/Page_ISPS2/LHSToModify' is clicked on

2020-06-02 01:33:56 - [TEST_STEP][PASSED] - currentLHS = getText(modifiedLHS): Text of object 'Object Repository/Objects.NavigateToAnyLHS/Page_ISPS2/LHSToModify' is: 'Recommend TOP/CSC Interface'

2020-06-02 01:33:56 - [MESSAGE][PASSED] - Text of object 'Object Repository/Objects.NavigateToAnyLHS/Page_ISPS2/LHSToModify' is: 'Recommend TOP/CSC Interface'

2020-06-02 01:33:56 - [TEST_STEP][PASSED] - Thread.sleep(5000): null

2020-06-02 01:34:01 - [MESSAGE][PASSED] - Call Test Case 'Test Cases/Components/NavigateToAnyLHS' successfully

2020-06-02 01:34:01 - [TEST_STEP][PASSED] - callTestCase(findTestCase("Components/VerifyPageSuccessfullyLoadedII"), ["PageNm":"Recommend"], STOP_ON_FAILURE): Call Test Case 'Test Cases/Components/VerifyPageSuccessfullyLoadedII' successfully

2020-06-02 01:34:01 - [TEST_CASE][PASSED] - Test Cases/Components/VerifyPageSuccessfullyLoadedII: Test Cases/Components/VerifyPageSuccessfullyLoadedII

2020-06-02 01:34:01 - [TEST_STEP][PASSED] - Thread.sleep(1000): null

2020-06-02 01:34:02 - [TEST_STEP][PASSED] - modifiedInputFld = modifyObjectProperty(findTestObject("Object Repository/Objects.VerifyPageSuccessfullyLoaded/PageHeaderIndex"), "xpath", "equals", "//*[contains(@class,'isps-page-title') and (text()='" + PageNm + "')]", true): Modify property of object successfully

2020-06-02 01:34:02 - [MESSAGE][PASSED] - Modify property of object successfully

2020-06-02 01:34:02 - [TEST_STEP][PASSED] - com.reusableComponents.HighlightElement.run(modifiedInputFld): com.reusableComponents.HighlightElement.run is PASSED

2020-06-02 01:34:03 - [MESSAGE][PASSED] - com.reusableComponents.HighlightElement.run is PASSED

2020-06-02 01:34:03 - [MESSAGE][PASSED] - Call Test Case 'Test Cases/Components/VerifyPageSuccessfullyLoadedII' successfully

2020-06-02 01:34:03 - [TEST_STEP][PASSED] - callTestCase(findTestCase("Components/HighlightLabelFieldXPI"), ["LblName":"Recommend To", "index":1], STOP_ON_FAILURE): Call Test Case 'Test Cases/Components/HighlightLabelFieldXPI' successfully

2020-06-02 01:34:03 - [TEST_CASE][PASSED] - Test Cases/Components/HighlightLabelFieldXPI: Test Cases/Components/HighlightLabelFieldXPI

2020-06-02 01:34:03 - [TEST_STEP][PASSED] - Thread.sleep(1000): null

2020-06-02 01:34:04 - [TEST_STEP][PASSED] - modifiedLblNm = modifyObjectProperty(findTestObject("Object Repository/Objects.HighlightElements/lblField_index"), "xpath", "equals", "(//*[contains(@class, 'x-form-item-label-inner x-form-item-label-inner-default') and contains(., '" + LblName + "')])[" + index + "]", true): Modify property of object successfully

2020-06-02 01:34:04 - [MESSAGE][PASSED] - Modify property of object successfully

2020-06-02 01:34:04 - [TEST_STEP][PASSED] - com.reusableComponents.HighlightElement.run(modifiedLblNm): com.reusableComponents.HighlightElement.run is PASSED

2020-06-02 01:34:04 - [MESSAGE][PASSED] - com.reusableComponents.HighlightElement.run is PASSED

2020-06-02 01:34:04 - [MESSAGE][PASSED] - Call Test Case 'Test Cases/Components/HighlightLabelFieldXPI' successfully

2020-06-02 01:34:04 - [TEST_STEP][PASSED] - callTestCase(findTestCase("Components/HighlightInputIndexField"), ["InputName":"psiRecommendTo", "index":1], STOP_ON_FAILURE): Call Test Case 'Test Cases/Components/HighlightInputIndexField' successfully

2020-06-02 01:34:04 - [TEST_CASE][PASSED] - Test Cases/Components/HighlightInputIndexField: Test Cases/Components/HighlightInputIndexField

2020-06-02 01:34:05 - [TEST_STEP][PASSED] - Thread.sleep(1000): null

2020-06-02 01:34:06 - [TEST_STEP][PASSED] - modifiedInputFld = modifyObjectProperty(findTestObject("Objects.HighlightElements/input_field_index"), "xpath", "equals", "(//*[contains(@class,'x-form-text') and (@name='" + InputName + "')])[" + index + "]", true): Modify property of object successfully

2020-06-02 01:34:06 - [MESSAGE][PASSED] - Modify property of object successfully

2020-06-02 01:34:06 - [TEST_STEP][PASSED] - com.reusableComponents.HighlightElement.run(modifiedInputFld): com.reusableComponents.HighlightElement.run is PASSED

2020-06-02 01:34:06 - [MESSAGE][PASSED] - com.reusableComponents.HighlightElement.run is PASSED

2020-06-02 01:34:06 - [MESSAGE][PASSED] - Call Test Case 'Test Cases/Components/HighlightInputIndexField' successfully

2020-06-02 01:34:06 - [TEST_STEP][PASSED] - callTestCase(findTestCase("PFI Precision and Scale/PFI Components with Indexing/VerifyDropdownValuesIndex"), ["FldNm":"psiRecommendTo", "CallTCName":"PFI Precision and Scale/HashMap Tables/OfficerLists", "cmbNm":"", "NoOfVal":27, "DelayTime":2, ... ], STOP_ON_FAILURE): Call Test Case 'Test Cases/PFI Precision and Scale/PFI Components with Indexing/VerifyDropdownValuesIndex' successfully

2020-06-02 01:34:06 - [TEST_CASE][PASSED] - Test Cases/PFI Precision and Scale/PFI Components with Indexing/VerifyDropdownValuesIndex: Test Cases/PFI Precision and Scale/PFI Components with Indexing/VerifyDropdownValuesIndex

2020-06-02 01:34:06 - [TEST_STEP][PASSED] - Thread.sleep(1000): null

2020-06-02 01:34:07 - [TEST_STEP][PASSED] - NewInputNmField = modifyObjectProperty(findTestObject("Object Repository/Objects.HighlightElements/input_field_index"), "xpath", "equals", "(//*[contains(@class,'x-form-text') and (@name='" + FldNm + "')])[" + index + "]", true): Modify property of object successfully

2020-06-02 01:34:07 - [MESSAGE][PASSED] - Modify property of object successfully

2020-06-02 01:34:07 - [TEST_STEP][PASSED] - comboNm = cmbNm: null

2020-06-02 01:34:07 - [TEST_STEP][PASSED] - focus(NewInputNmField): Object: 'Object Repository/Objects.HighlightElements/input_field_index' is focused

2020-06-02 01:34:07 - [MESSAGE][PASSED] - Object: 'Object Repository/Objects.HighlightElements/input_field_index' is focused

2020-06-02 01:34:07 - [TEST_STEP][PASSED] - setText(NewInputNmField, EnterValue): Text '' is set on object 'Object Repository/Objects.HighlightElements/input_field_index'

2020-06-02 01:34:07 - [MESSAGE][PASSED] - Text '' is set on object 'Object Repository/Objects.HighlightElements/input_field_index'

2020-06-02 01:34:07 - [TEST_STEP][PASSED] - for ([i = 1, i <= NoOfVal, (i++)]): Keys 'DOWN + ' sent to object: 'Object Repository/Objects.HighlightElements/input_field_index'

2020-06-02 01:34:07 - [TEST_STEP][PASSED] - sendKeys(NewInputNmField, Keys.chord(ARROW_DOWN)): Keys 'DOWN + ' sent to object: 'Object Repository/Objects.HighlightElements/input_field_index'

2020-06-02 01:34:08 - [MESSAGE][PASSED] - Keys 'DOWN + ' sent to object: 'Object Repository/Objects.HighlightElements/input_field_index'

2020-06-02 01:34:08 - [TEST_STEP][PASSED] - delay(DelayTime): Delayed 2 second(s)

2020-06-02 01:34:10 - [MESSAGE][PASSED] - Delayed 2 second(s)

2020-06-02 01:34:10 - [TEST_STEP][PASSED] - sendKeys(NewInputNmField, Keys.chord(ENTER)): Keys 'ENTER + ' sent to object: 'Object Repository/Objects.HighlightElements/input_field_index'

2020-06-02 01:34:10 - [MESSAGE][PASSED] - Keys 'ENTER + ' sent to object: 'Object Repository/Objects.HighlightElements/input_field_index'

2020-06-02 01:34:10 - [TEST_STEP][PASSED] - ComboBoxValue = getAttribute(NewInputNmField, "value"): Attribute 'value' of object 'Object Repository/Objects.HighlightElements/input_field_index' is: 'Aaron Sham Wai Lun (AARON)'

2020-06-02 01:34:10 - [MESSAGE][PASSED] - Attribute 'value' of object 'Object Repository/Objects.HighlightElements/input_field_index' is: 'Aaron Sham Wai Lun (AARON)'

2020-06-02 01:34:10 - [TEST_STEP][PASSED] - callTestCase(findTestCase(CallTCName), ["FindValue":ComboBoxValue, "DropdownNm":comboNm], STOP_ON_FAILURE): Call Test Case 'Test Cases/PFI Precision and Scale/HashMap Tables/OfficerLists' successfully

2020-06-02 01:34:10 - [TEST_CASE][PASSED] - Test Cases/PFI Precision and Scale/HashMap Tables/OfficerLists: Test Cases/PFI Precision and Scale/HashMap Tables/OfficerLists

2020-06-02 01:34:10 - [TEST_STEP][PASSED] - Thread.sleep(1000): null

2020-06-02 01:34:11 - [TEST_STEP][PASSED] - OfficerLists = [1:"Aaron Sham Wai Lun (AARON)", 2:"Azidah Bte Akmad (Mdm) (USAABD)", 3:"Chung Fong Nyen (USACFN)", 4:"David Tey Dah Wei (DAHWEI)", ... ]: null

2020-06-02 01:34:11 - [TEST_STEP][PASSED] - ValueFound = OfficerLists.find({ -> ... }): null

2020-06-02 01:34:11 - [MESSAGE][PASSED] - Call Test Case 'Test Cases/PFI Precision and Scale/HashMap Tables/OfficerLists' successfully

2020-06-02 01:34:11 - [TEST_STEP][PASSED] - println(ValueFound): null

2020-06-02 01:34:11 - [TEST_STEP][PASSED] - sendKeys(NewInputNmField, Keys.chord(ARROW_DOWN)): Keys 'DOWN + ' sent to object: 'Object Repository/Objects.HighlightElements/input_field_index'

2020-06-02 01:34:11 - [MESSAGE][PASSED] - Keys 'DOWN + ' sent to object: 'Object Repository/Objects.HighlightElements/input_field_index'

2020-06-02 01:34:11 - [TEST_STEP][PASSED] - sendKeys(NewInputNmField, Keys.chord(ARROW_DOWN)): Keys 'DOWN + ' sent to object: 'Object Repository/Objects.HighlightElements/input_field_index'

2020-06-02 01:34:11 - [MESSAGE][PASSED] - Keys 'DOWN + ' sent to object: 'Object Repository/Objects.HighlightElements/input_field_index'

2020-06-02 01:34:11 - [TEST_STEP][PASSED] - delay(DelayTime): Delayed 2 second(s)

2020-06-02 01:34:13 - [MESSAGE][PASSED] - Delayed 2 second(s)

2020-06-02 01:34:13 - [TEST_STEP][PASSED] - sendKeys(NewInputNmField, Keys.chord(ENTER)): Keys 'ENTER + ' sent to object: 'Object Repository/Objects.HighlightElements/input_field_index'

2020-06-02 01:34:13 - [MESSAGE][PASSED] - Keys 'ENTER + ' sent to object: 'Object Repository/Objects.HighlightElements/input_field_index'

2020-06-02 01:34:13 - [TEST_STEP][PASSED] - ComboBoxValue = getAttribute(NewInputNmField, "value"): Attribute 'value' of object 'Object Repository/Objects.HighlightElements/input_field_index' is: 'Azidah Bte Akmad (Mdm) (USAABD)'

2020-06-02 01:34:13 - [MESSAGE][PASSED] - Attribute 'value' of object 'Object Repository/Objects.HighlightElements/input_field_index' is: 'Azidah Bte Akmad (Mdm) (USAABD)'

2020-06-02 01:34:13 - [TEST_STEP][PASSED] - callTestCase(findTestCase(CallTCName), ["FindValue":ComboBoxValue, "DropdownNm":comboNm], STOP_ON_FAILURE): Call Test Case 'Test Cases/PFI Precision and Scale/HashMap Tables/OfficerLists' successfully

2020-06-02 01:34:13 - [TEST_CASE][PASSED] - Test Cases/PFI Precision and Scale/HashMap Tables/OfficerLists: Test Cases/PFI Precision and Scale/HashMap Tables/OfficerLists

2020-06-02 01:34:13 - [TEST_STEP][PASSED] - Thread.sleep(1000): null

2020-06-02 01:34:14 - [TEST_STEP][PASSED] - OfficerLists = [1:"Aaron Sham Wai Lun (AARON)", 2:"Azidah Bte Akmad (Mdm) (USAABD)", 3:"Chung Fong Nyen (USACFN)", 4:"David Tey Dah Wei (DAHWEI)", ... ]: null

2020-06-02 01:34:14 - [TEST_STEP][PASSED] - ValueFound = OfficerLists.find({ -> ... }): null

2020-06-02 01:34:14 - [MESSAGE][PASSED] - Call Test Case 'Test Cases/PFI Precision and Scale/HashMap Tables/OfficerLists' successfully

2020-06-02 01:34:14 - [TEST_STEP][PASSED] - println(ValueFound): null

2020-06-02 01:34:14 - [TEST_STEP][PASSED] - sendKeys(NewInputNmField, Keys.chord(ARROW_DOWN)): Keys 'DOWN + ' sent to object: 'Object Repository/Objects.HighlightElements/input_field_index'

2020-06-02 01:34:14 - [MESSAGE][PASSED] - Keys 'DOWN + ' sent to object: 'Object Repository/Objects.HighlightElements/input_field_index'

2020-06-02 01:34:14 - [TEST_STEP][PASSED] - sendKeys(NewInputNmField, Keys.chord(ARROW_DOWN)): Keys 'DOWN + ' sent to object: 'Object Repository/Objects.HighlightElements/input_field_index'

2020-06-02 01:34:14 - [MESSAGE][PASSED] - Keys 'DOWN + ' sent to object: 'Object Repository/Objects.HighlightElements/input_field_index'

2020-06-02 01:34:14 - [TEST_STEP][PASSED] - delay(DelayTime): Delayed 2 second(s)

2020-06-02 01:34:16 - [MESSAGE][PASSED] - Delayed 2 second(s)

2020-06-02 01:34:16 - [TEST_STEP][PASSED] - sendKeys(NewInputNmField, Keys.chord(ENTER)): Keys 'ENTER + ' sent to object: 'Object Repository/Objects.HighlightElements/input_field_index'

2020-06-02 01:34:16 - [MESSAGE][PASSED] - Keys 'ENTER + ' sent to object: 'Object Repository/Objects.HighlightElements/input_field_index'

2020-06-02 01:34:16 - [TEST_STEP][PASSED] - ComboBoxValue = getAttribute(NewInputNmField, "value"): Attribute 'value' of object 'Object Repository/Objects.HighlightElements/input_field_index' is: 'Chua Bee Tee (BEETEE)'

2020-06-02 01:34:16 - [MESSAGE][PASSED] - Attribute 'value' of object 'Object Repository/Objects.HighlightElements/input_field_index' is: 'Chua Bee Tee (BEETEE)'

2020-06-02 01:34:16 - [TEST_STEP][PASSED] - callTestCase(findTestCase(CallTCName), ["FindValue":ComboBoxValue, "DropdownNm":comboNm], STOP_ON_FAILURE): Call Test Case 'Test Cases/PFI Precision and Scale/HashMap Tables/OfficerLists' successfully

2020-06-02 01:34:16 - [TEST_CASE][PASSED] - Test Cases/PFI Precision and Scale/HashMap Tables/OfficerLists: Test Cases/PFI Precision and Scale/HashMap Tables/OfficerLists

2020-06-02 01:34:16 - [TEST_STEP][PASSED] - Thread.sleep(1000): null

2020-06-02 01:34:17 - [TEST_STEP][PASSED] - OfficerLists = [1:"Aaron Sham Wai Lun (AARON)", 2:"Azidah Bte Akmad (Mdm) (USAABD)", 3:"Chung Fong Nyen (USACFN)", 4:"David Tey Dah Wei (DAHWEI)", ... ]: null

2020-06-02 01:34:17 - [TEST_STEP][PASSED] - ValueFound = OfficerLists.find({ -> ... }): null

2020-06-02 01:34:17 - [MESSAGE][PASSED] - Call Test Case 'Test Cases/PFI Precision and Scale/HashMap Tables/OfficerLists' successfully

2020-06-02 01:34:17 - [TEST_STEP][PASSED] - println(ValueFound): null

2020-06-02 01:34:17 - [TEST_STEP][PASSED] - sendKeys(NewInputNmField, Keys.chord(ARROW_DOWN)): Keys 'DOWN + ' sent to object: 'Object Repository/Objects.HighlightElements/input_field_index'

2020-06-02 01:34:18 - [MESSAGE][PASSED] - Keys 'DOWN + ' sent to object: 'Object Repository/Objects.HighlightElements/input_field_index'

2020-06-02 01:34:18 - [TEST_STEP][PASSED] - sendKeys(NewInputNmField, Keys.chord(ARROW_DOWN)): Keys 'DOWN + ' sent to object: 'Object Repository/Objects.HighlightElements/input_field_index'

2020-06-02 01:34:18 - [MESSAGE][PASSED] - Keys 'DOWN + ' sent to object: 'Object Repository/Objects.HighlightElements/input_field_index'

2020-06-02 01:34:18 - [TEST_STEP][PASSED] - delay(DelayTime): Delayed 2 second(s)

2020-06-02 01:34:20 - [MESSAGE][PASSED] - Delayed 2 second(s)

2020-06-02 01:34:20 - [TEST_STEP][PASSED] - sendKeys(NewInputNmField, Keys.chord(ENTER)): Keys 'ENTER + ' sent to object: 'Object Repository/Objects.HighlightElements/input_field_index'

2020-06-02 01:34:20 - [MESSAGE][PASSED] - Keys 'ENTER + ' sent to object: 'Object Repository/Objects.HighlightElements/input_field_index'

2020-06-02 01:34:20 - [TEST_STEP][PASSED] - ComboBoxValue = getAttribute(NewInputNmField, "value"): Attribute 'value' of object 'Object Repository/Objects.HighlightElements/input_field_index' is: 'Chung Fong Nyen (USACFN)'

2020-06-02 01:34:20 - [MESSAGE][PASSED] - Attribute 'value' of object 'Object Repository/Objects.HighlightElements/input_field_index' is: 'Chung Fong Nyen (USACFN)'

2020-06-02 01:34:20 - [TEST_STEP][PASSED] - callTestCase(findTestCase(CallTCName), ["FindValue":ComboBoxValue, "DropdownNm":comboNm], STOP_ON_FAILURE): Call Test Case 'Test Cases/PFI Precision and Scale/HashMap Tables/OfficerLists' successfully

2020-06-02 01:34:20 - [TEST_CASE][PASSED] - Test Cases/PFI Precision and Scale/HashMap Tables/OfficerLists: Test Cases/PFI Precision and Scale/HashMap Tables/OfficerLists

2020-06-02 01:34:20 - [TEST_STEP][PASSED] - Thread.sleep(1000): null

2020-06-02 01:34:21 - [TEST_STEP][PASSED] - OfficerLists = [1:"Aaron Sham Wai Lun (AARON)", 2:"Azidah Bte Akmad (Mdm) (USAABD)", 3:"Chung Fong Nyen (USACFN)", 4:"David Tey Dah Wei (DAHWEI)", ... ]: null

2020-06-02 01:34:21 - [TEST_STEP][PASSED] - ValueFound = OfficerLists.find({ -> ... }): null

2020-06-02 01:34:21 - [MESSAGE][PASSED] - Call Test Case 'Test Cases/PFI Precision and Scale/HashMap Tables/OfficerLists' successfully

2020-06-02 01:34:21 - [TEST_STEP][PASSED] - println(ValueFound): null

2020-06-02 01:34:21 - [TEST_STEP][PASSED] - sendKeys(NewInputNmField, Keys.chord(ARROW_DOWN)): Keys 'DOWN + ' sent to object: 'Object Repository/Objects.HighlightElements/input_field_index'

2020-06-02 01:34:21 - [MESSAGE][PASSED] - Keys 'DOWN + ' sent to object: 'Object Repository/Objects.HighlightElements/input_field_index'

2020-06-02 01:34:21 - [TEST_STEP][PASSED] - sendKeys(NewInputNmField, Keys.chord(ARROW_DOWN)): Keys 'DOWN + ' sent to object: 'Object Repository/Objects.HighlightElements/input_field_index'

2020-06-02 01:34:21 - [MESSAGE][PASSED] - Keys 'DOWN + ' sent to object: 'Object Repository/Objects.HighlightElements/input_field_index'

2020-06-02 01:34:21 - [TEST_STEP][PASSED] - delay(DelayTime): Delayed 2 second(s)

2020-06-02 01:34:23 - [MESSAGE][PASSED] - Delayed 2 second(s)

2020-06-02 01:34:23 - [TEST_STEP][PASSED] - sendKeys(NewInputNmField, Keys.chord(ENTER)): Keys 'ENTER + ' sent to object: 'Object Repository/Objects.HighlightElements/input_field_index'

2020-06-02 01:34:23 - [MESSAGE][PASSED] - Keys 'ENTER + ' sent to object: 'Object Repository/Objects.HighlightElements/input_field_index'

2020-06-02 01:34:23 - [TEST_STEP][PASSED] - ComboBoxValue = getAttribute(NewInputNmField, "value"): Attribute 'value' of object 'Object Repository/Objects.HighlightElements/input_field_index' is: 'David Tey Dah Wei (DAHWEI)'

2020-06-02 01:34:23 - [MESSAGE][PASSED] - Attribute 'value' of object 'Object Repository/Objects.HighlightElements/input_field_index' is: 'David Tey Dah Wei (DAHWEI)'

2020-06-02 01:34:23 - [TEST_STEP][PASSED] - callTestCase(findTestCase(CallTCName), ["FindValue":ComboBoxValue, "DropdownNm":comboNm], STOP_ON_FAILURE): Call Test Case 'Test Cases/PFI Precision and Scale/HashMap Tables/OfficerLists' successfully

2020-06-02 01:34:23 - [TEST_CASE][PASSED] - Test Cases/PFI Precision and Scale/HashMap Tables/OfficerLists: Test Cases/PFI Precision and Scale/HashMap Tables/OfficerLists

2020-06-02 01:34:23 - [TEST_STEP][PASSED] - Thread.sleep(1000): null

2020-06-02 01:34:24 - [TEST_STEP][PASSED] - OfficerLists = [1:"Aaron Sham Wai Lun (AARON)", 2:"Azidah Bte Akmad (Mdm) (USAABD)", 3:"Chung Fong Nyen (USACFN)", 4:"David Tey Dah Wei (DAHWEI)", ... ]: null

2020-06-02 01:34:24 - [TEST_STEP][PASSED] - ValueFound = OfficerLists.find({ -> ... }): null

2020-06-02 01:34:24 - [MESSAGE][PASSED] - Call Test Case 'Test Cases/PFI Precision and Scale/HashMap Tables/OfficerLists' successfully

2020-06-02 01:34:24 - [TEST_STEP][PASSED] - println(ValueFound): null

2020-06-02 01:34:24 - [TEST_STEP][PASSED] - sendKeys(NewInputNmField, Keys.chord(ARROW_DOWN)): Keys 'DOWN + ' sent to object: 'Object Repository/Objects.HighlightElements/input_field_index'

2020-06-02 01:34:24 - [MESSAGE][PASSED] - Keys 'DOWN + ' sent to object: 'Object Repository/Objects.HighlightElements/input_field_index'

2020-06-02 01:34:24 - [TEST_STEP][PASSED] - sendKeys(NewInputNmField, Keys.chord(ARROW_DOWN)): Keys 'DOWN + ' sent to object: 'Object Repository/Objects.HighlightElements/input_field_index'

2020-06-02 01:34:24 - [MESSAGE][PASSED] - Keys 'DOWN + ' sent to object: 'Object Repository/Objects.HighlightElements/input_field_index'

2020-06-02 01:34:24 - [TEST_STEP][PASSED] - delay(DelayTime): Delayed 2 second(s)

2020-06-02 01:34:26 - [MESSAGE][PASSED] - Delayed 2 second(s)

2020-06-02 01:34:26 - [TEST_STEP][PASSED] - sendKeys(NewInputNmField, Keys.chord(ENTER)): Keys 'ENTER + ' sent to object: 'Object Repository/Objects.HighlightElements/input_field_index'

2020-06-02 01:34:26 - [MESSAGE][PASSED] - Keys 'ENTER + ' sent to object: 'Object Repository/Objects.HighlightElements/input_field_index'

2020-06-02 01:34:26 - [TEST_STEP][PASSED] - ComboBoxValue = getAttribute(NewInputNmField, "value"): Attribute 'value' of object 'Object Repository/Objects.HighlightElements/input_field_index' is: 'Han Wann Kuang (WANNKUANG)'

2020-06-02 01:34:26 - [MESSAGE][PASSED] - Attribute 'value' of object 'Object Repository/Objects.HighlightElements/input_field_index' is: 'Han Wann Kuang (WANNKUANG)'

2020-06-02 01:34:26 - [TEST_STEP][PASSED] - callTestCase(findTestCase(CallTCName), ["FindValue":ComboBoxValue, "DropdownNm":comboNm], STOP_ON_FAILURE): Call Test Case 'Test Cases/PFI Precision and Scale/HashMap Tables/OfficerLists' successfully

2020-06-02 01:34:26 - [TEST_CASE][PASSED] - Test Cases/PFI Precision and Scale/HashMap Tables/OfficerLists: Test Cases/PFI Precision and Scale/HashMap Tables/OfficerLists

2020-06-02 01:34:26 - [TEST_STEP][PASSED] - Thread.sleep(1000): null

2020-06-02 01:34:27 - [TEST_STEP][PASSED] - OfficerLists = [1:"Aaron Sham Wai Lun (AARON)", 2:"Azidah Bte Akmad (Mdm) (USAABD)", 3:"Chung Fong Nyen (USACFN)", 4:"David Tey Dah Wei (DAHWEI)", ... ]: null

2020-06-02 01:34:27 - [TEST_STEP][PASSED] - ValueFound = OfficerLists.find({ -> ... }): null

2020-06-02 01:34:27 - [MESSAGE][PASSED] - Call Test Case 'Test Cases/PFI Precision and Scale/HashMap Tables/OfficerLists' successfully

2020-06-02 01:34:27 - [TEST_STEP][PASSED] - println(ValueFound): null

2020-06-02 01:34:27 - [TEST_STEP][PASSED] - sendKeys(NewInputNmField, Keys.chord(ARROW_DOWN)): Keys 'DOWN + ' sent to object: 'Object Repository/Objects.HighlightElements/input_field_index'

2020-06-02 01:34:27 - [MESSAGE][PASSED] - Keys 'DOWN + ' sent to object: 'Object Repository/Objects.HighlightElements/input_field_index'

2020-06-02 01:34:27 - [TEST_STEP][PASSED] - sendKeys(NewInputNmField, Keys.chord(ARROW_DOWN)): Keys 'DOWN + ' sent to object: 'Object Repository/Objects.HighlightElements/input_field_index'

2020-06-02 01:34:27 - [MESSAGE][PASSED] - Keys 'DOWN + ' sent to object: 'Object Repository/Objects.HighlightElements/input_field_index'

2020-06-02 01:34:27 - [TEST_STEP][PASSED] - delay(DelayTime): Delayed 2 second(s)

2020-06-02 01:34:29 - [MESSAGE][PASSED] - Delayed 2 second(s)

2020-06-02 01:34:29 - [TEST_STEP][PASSED] - sendKeys(NewInputNmField, Keys.chord(ENTER)): Keys 'ENTER + ' sent to object: 'Object Repository/Objects.HighlightElements/input_field_index'

2020-06-02 01:34:29 - [MESSAGE][PASSED] - Keys 'ENTER + ' sent to object: 'Object Repository/Objects.HighlightElements/input_field_index'

2020-06-02 01:34:29 - [TEST_STEP][PASSED] - ComboBoxValue = getAttribute(NewInputNmField, "value"): Attribute 'value' of object 'Object Repository/Objects.HighlightElements/input_field_index' is: 'Ho Tze Siang (TZESIANG)'

2020-06-02 01:34:29 - [MESSAGE][PASSED] - Attribute 'value' of object 'Object Repository/Objects.HighlightElements/input_field_index' is: 'Ho Tze Siang (TZESIANG)'

2020-06-02 01:34:29 - [TEST_STEP][PASSED] - callTestCase(findTestCase(CallTCName), ["FindValue":ComboBoxValue, "DropdownNm":comboNm], STOP_ON_FAILURE): Call Test Case 'Test Cases/PFI Precision and Scale/HashMap Tables/OfficerLists' successfully

2020-06-02 01:34:29 - [TEST_CASE][PASSED] - Test Cases/PFI Precision and Scale/HashMap Tables/OfficerLists: Test Cases/PFI Precision and Scale/HashMap Tables/OfficerLists

2020-06-02 01:34:29 - [TEST_STEP][PASSED] - Thread.sleep(1000): null

2020-06-02 01:34:30 - [TEST_STEP][PASSED] - OfficerLists = [1:"Aaron Sham Wai Lun (AARON)", 2:"Azidah Bte Akmad (Mdm) (USAABD)", 3:"Chung Fong Nyen (USACFN)", 4:"David Tey Dah Wei (DAHWEI)", ... ]: null

2020-06-02 01:34:30 - [TEST_STEP][PASSED] - ValueFound = OfficerLists.find({ -> ... }): null

2020-06-02 01:34:30 - [MESSAGE][PASSED] - Call Test Case 'Test Cases/PFI Precision and Scale/HashMap Tables/OfficerLists' successfully

2020-06-02 01:34:30 - [TEST_STEP][PASSED] - println(ValueFound): null

2020-06-02 01:34:30 - [TEST_STEP][PASSED] - sendKeys(NewInputNmField, Keys.chord(ARROW_DOWN)): Keys 'DOWN + ' sent to object: 'Object Repository/Objects.HighlightElements/input_field_index'

2020-06-02 01:34:31 - [MESSAGE][PASSED] - Keys 'DOWN + ' sent to object: 'Object Repository/Objects.HighlightElements/input_field_index'

2020-06-02 01:34:31 - [TEST_STEP][PASSED] - sendKeys(NewInputNmField, Keys.chord(ARROW_DOWN)): Keys 'DOWN + ' sent to object: 'Object Repository/Objects.HighlightElements/input_field_index'

2020-06-02 01:34:31 - [MESSAGE][PASSED] - Keys 'DOWN + ' sent to object: 'Object Repository/Objects.HighlightElements/input_field_index'

2020-06-02 01:34:31 - [TEST_STEP][PASSED] - delay(DelayTime): Delayed 2 second(s)

2020-06-02 01:34:33 - [MESSAGE][PASSED] - Delayed 2 second(s)

2020-06-02 01:34:33 - [TEST_STEP][PASSED] - sendKeys(NewInputNmField, Keys.chord(ENTER)): Keys 'ENTER + ' sent to object: 'Object Repository/Objects.HighlightElements/input_field_index'

2020-06-02 01:34:33 - [MESSAGE][PASSED] - Keys 'ENTER + ' sent to object: 'Object Repository/Objects.HighlightElements/input_field_index'

2020-06-02 01:34:33 - [TEST_STEP][PASSED] - ComboBoxValue = getAttribute(NewInputNmField, "value"): Attribute 'value' of object 'Object Repository/Objects.HighlightElements/input_field_index' is: 'Ho-Chan Vun Ching (USAHVC)'

2020-06-02 01:34:33 - [MESSAGE][PASSED] - Attribute 'value' of object 'Object Repository/Objects.HighlightElements/input_field_index' is: 'Ho-Chan Vun Ching (USAHVC)'

2020-06-02 01:34:33 - [TEST_STEP][PASSED] - callTestCase(findTestCase(CallTCName), ["FindValue":ComboBoxValue, "DropdownNm":comboNm], STOP_ON_FAILURE): Call Test Case 'Test Cases/PFI Precision and Scale/HashMap Tables/OfficerLists' successfully

2020-06-02 01:34:33 - [TEST_CASE][PASSED] - Test Cases/PFI Precision and Scale/HashMap Tables/OfficerLists: Test Cases/PFI Precision and Scale/HashMap Tables/OfficerLists

2020-06-02 01:34:33 - [TEST_STEP][PASSED] - Thread.sleep(1000): null

2020-06-02 01:34:34 - [TEST_STEP][PASSED] - OfficerLists = [1:"Aaron Sham Wai Lun (AARON)", 2:"Azidah Bte Akmad (Mdm) (USAABD)", 3:"Chung Fong Nyen (USACFN)", 4:"David Tey Dah Wei (DAHWEI)", ... ]: null

2020-06-02 01:34:34 - [TEST_STEP][PASSED] - ValueFound = OfficerLists.find({ -> ... }): null

2020-06-02 01:34:34 - [MESSAGE][PASSED] - Call Test Case 'Test Cases/PFI Precision and Scale/HashMap Tables/OfficerLists' successfully

2020-06-02 01:34:34 - [TEST_STEP][PASSED] - println(ValueFound): null

2020-06-02 01:34:34 - [TEST_STEP][PASSED] - sendKeys(NewInputNmField, Keys.chord(ARROW_DOWN)): Keys 'DOWN + ' sent to object: 'Object Repository/Objects.HighlightElements/input_field_index'

2020-06-02 01:34:34 - [MESSAGE][PASSED] - Keys 'DOWN + ' sent to object: 'Object Repository/Objects.HighlightElements/input_field_index'

2020-06-02 01:34:34 - [TEST_STEP][PASSED] - sendKeys(NewInputNmField, Keys.chord(ARROW_DOWN)): Keys 'DOWN + ' sent to object: 'Object Repository/Objects.HighlightElements/input_field_index'

2020-06-02 01:34:34 - [MESSAGE][PASSED] - Keys 'DOWN + ' sent to object: 'Object Repository/Objects.HighlightElements/input_field_index'

2020-06-02 01:34:34 - [TEST_STEP][PASSED] - delay(DelayTime): Delayed 2 second(s)

2020-06-02 01:34:36 - [MESSAGE][PASSED] - Delayed 2 second(s)

2020-06-02 01:34:36 - [TEST_STEP][PASSED] - sendKeys(NewInputNmField, Keys.chord(ENTER)): Keys 'ENTER + ' sent to object: 'Object Repository/Objects.HighlightElements/input_field_index'

2020-06-02 01:34:36 - [MESSAGE][PASSED] - Keys 'ENTER + ' sent to object: 'Object Repository/Objects.HighlightElements/input_field_index'

2020-06-02 01:34:36 - [TEST_STEP][PASSED] - ComboBoxValue = getAttribute(NewInputNmField, "value"): Attribute 'value' of object 'Object Repository/Objects.HighlightElements/input_field_index' is: 'Janet Lee Choon Hong (JANETCHOON)'

2020-06-02 01:34:36 - [MESSAGE][PASSED] - Attribute 'value' of object 'Object Repository/Objects.HighlightElements/input_field_index' is: 'Janet Lee Choon Hong (JANETCHOON)'

2020-06-02 01:34:36 - [TEST_STEP][PASSED] - callTestCase(findTestCase(CallTCName), ["FindValue":ComboBoxValue, "DropdownNm":comboNm], STOP_ON_FAILURE): Call Test Case 'Test Cases/PFI Precision and Scale/HashMap Tables/OfficerLists' successfully

2020-06-02 01:34:36 - [TEST_CASE][PASSED] - Test Cases/PFI Precision and Scale/HashMap Tables/OfficerLists: Test Cases/PFI Precision and Scale/HashMap Tables/OfficerLists

2020-06-02 01:34:36 - [TEST_STEP][PASSED] - Thread.sleep(1000): null

2020-06-02 01:34:37 - [TEST_STEP][PASSED] - OfficerLists = [1:"Aaron Sham Wai Lun (AARON)", 2:"Azidah Bte Akmad (Mdm) (USAABD)", 3:"Chung Fong Nyen (USACFN)", 4:"David Tey Dah Wei (DAHWEI)", ... ]: null

2020-06-02 01:34:37 - [TEST_STEP][PASSED] - ValueFound = OfficerLists.find({ -> ... }): null

2020-06-02 01:34:37 - [MESSAGE][PASSED] - Call Test Case 'Test Cases/PFI Precision and Scale/HashMap Tables/OfficerLists' successfully

2020-06-02 01:34:37 - [TEST_STEP][PASSED] - println(ValueFound): null

2020-06-02 01:34:37 - [TEST_STEP][PASSED] - sendKeys(NewInputNmField, Keys.chord(ARROW_DOWN)): Keys 'DOWN + ' sent to object: 'Object Repository/Objects.HighlightElements/input_field_index'

2020-06-02 01:34:37 - [MESSAGE][PASSED] - Keys 'DOWN + ' sent to object: 'Object Repository/Objects.HighlightElements/input_field_index'

2020-06-02 01:34:37 - [TEST_STEP][PASSED] - sendKeys(NewInputNmField, Keys.chord(ARROW_DOWN)): Keys 'DOWN + ' sent to object: 'Object Repository/Objects.HighlightElements/input_field_index'

2020-06-02 01:34:37 - [MESSAGE][PASSED] - Keys 'DOWN + ' sent to object: 'Object Repository/Objects.HighlightElements/input_field_index'

2020-06-02 01:34:37 - [TEST_STEP][PASSED] - delay(DelayTime): Delayed 2 second(s)

2020-06-02 01:34:39 - [MESSAGE][PASSED] - Delayed 2 second(s)

2020-06-02 01:34:39 - [TEST_STEP][PASSED] - sendKeys(NewInputNmField, Keys.chord(ENTER)): Keys 'ENTER + ' sent to object: 'Object Repository/Objects.HighlightElements/input_field_index'

2020-06-02 01:34:39 - [MESSAGE][PASSED] - Keys 'ENTER + ' sent to object: 'Object Repository/Objects.HighlightElements/input_field_index'

2020-06-02 01:34:39 - [TEST_STEP][PASSED] - ComboBoxValue = getAttribute(NewInputNmField, "value"): Attribute 'value' of object 'Object Repository/Objects.HighlightElements/input_field_index' is: 'Joseph Lim Pheng Weng (PHENGWENG)'

2020-06-02 01:34:39 - [MESSAGE][PASSED] - Attribute 'value' of object 'Object Repository/Objects.HighlightElements/input_field_index' is: 'Joseph Lim Pheng Weng (PHENGWENG)'

2020-06-02 01:34:39 - [TEST_STEP][PASSED] - callTestCase(findTestCase(CallTCName), ["FindValue":ComboBoxValue, "DropdownNm":comboNm], STOP_ON_FAILURE): Call Test Case 'Test Cases/PFI Precision and Scale/HashMap Tables/OfficerLists' successfully

2020-06-02 01:34:39 - [TEST_CASE][PASSED] - Test Cases/PFI Precision and Scale/HashMap Tables/OfficerLists: Test Cases/PFI Precision and Scale/HashMap Tables/OfficerLists

2020-06-02 01:34:39 - [TEST_STEP][PASSED] - Thread.sleep(1000): null

2020-06-02 01:34:40 - [TEST_STEP][PASSED] - OfficerLists = [1:"Aaron Sham Wai Lun (AARON)", 2:"Azidah Bte Akmad (Mdm) (USAABD)", 3:"Chung Fong Nyen (USACFN)", 4:"David Tey Dah Wei (DAHWEI)", ... ]: null

2020-06-02 01:34:40 - [TEST_STEP][PASSED] - ValueFound = OfficerLists.find({ -> ... }): null

2020-06-02 01:34:40 - [MESSAGE][PASSED] - Call Test Case 'Test Cases/PFI Precision and Scale/HashMap Tables/OfficerLists' successfully

2020-06-02 01:34:40 - [TEST_STEP][PASSED] - println(ValueFound): null

2020-06-02 01:34:40 - [TEST_STEP][PASSED] - sendKeys(NewInputNmField, Keys.chord(ARROW_DOWN)): Keys 'DOWN + ' sent to object: 'Object Repository/Objects.HighlightElements/input_field_index'

2020-06-02 01:34:40 - [MESSAGE][PASSED] - Keys 'DOWN + ' sent to object: 'Object Repository/Objects.HighlightElements/input_field_index'

2020-06-02 01:34:40 - [TEST_STEP][PASSED] - sendKeys(NewInputNmField, Keys.chord(ARROW_DOWN)): Keys 'DOWN + ' sent to object: 'Object Repository/Objects.HighlightElements/input_field_index'

2020-06-02 01:34:40 - [MESSAGE][PASSED] - Keys 'DOWN + ' sent to object: 'Object Repository/Objects.HighlightElements/input_field_index'

2020-06-02 01:34:40 - [TEST_STEP][PASSED] - delay(DelayTime): Delayed 2 second(s)

2020-06-02 01:34:42 - [MESSAGE][PASSED] - Delayed 2 second(s)

2020-06-02 01:34:42 - [TEST_STEP][PASSED] - sendKeys(NewInputNmField, Keys.chord(ENTER)): Keys 'ENTER + ' sent to object: 'Object Repository/Objects.HighlightElements/input_field_index'

2020-06-02 01:34:42 - [MESSAGE][PASSED] - Keys 'ENTER + ' sent to object: 'Object Repository/Objects.HighlightElements/input_field_index'

2020-06-02 01:34:42 - [TEST_STEP][PASSED] - ComboBoxValue = getAttribute(NewInputNmField, "value"): Attribute 'value' of object 'Object Repository/Objects.HighlightElements/input_field_index' is: 'Kaliannan Thanabal (KALIANN)'

2020-06-02 01:34:43 - [MESSAGE][PASSED] - Attribute 'value' of object 'Object Repository/Objects.HighlightElements/input_field_index' is: 'Kaliannan Thanabal (KALIANN)'

2020-06-02 01:34:43 - [TEST_STEP][PASSED] - callTestCase(findTestCase(CallTCName), ["FindValue":ComboBoxValue, "DropdownNm":comboNm], STOP_ON_FAILURE): Call Test Case 'Test Cases/PFI Precision and Scale/HashMap Tables/OfficerLists' successfully

2020-06-02 01:34:43 - [TEST_CASE][PASSED] - Test Cases/PFI Precision and Scale/HashMap Tables/OfficerLists: Test Cases/PFI Precision and Scale/HashMap Tables/OfficerLists

2020-06-02 01:34:43 - [TEST_STEP][PASSED] - Thread.sleep(1000): null

2020-06-02 01:34:44 - [TEST_STEP][PASSED] - OfficerLists = [1:"Aaron Sham Wai Lun (AARON)", 2:"Azidah Bte Akmad (Mdm) (USAABD)", 3:"Chung Fong Nyen (USACFN)", 4:"David Tey Dah Wei (DAHWEI)", ... ]: null

2020-06-02 01:34:44 - [TEST_STEP][PASSED] - ValueFound = OfficerLists.find({ -> ... }): null

2020-06-02 01:34:44 - [MESSAGE][PASSED] - Call Test Case 'Test Cases/PFI Precision and Scale/HashMap Tables/OfficerLists' successfully

2020-06-02 01:34:44 - [TEST_STEP][PASSED] - println(ValueFound): null

2020-06-02 01:34:44 - [TEST_STEP][PASSED] - sendKeys(NewInputNmField, Keys.chord(ARROW_DOWN)): Keys 'DOWN + ' sent to object: 'Object Repository/Objects.HighlightElements/input_field_index'

2020-06-02 01:34:44 - [MESSAGE][PASSED] - Keys 'DOWN + ' sent to object: 'Object Repository/Objects.HighlightElements/input_field_index'

2020-06-02 01:34:44 - [TEST_STEP][PASSED] - sendKeys(NewInputNmField, Keys.chord(ARROW_DOWN)): Keys 'DOWN + ' sent to object: 'Object Repository/Objects.HighlightElements/input_field_index'

2020-06-02 01:34:44 - [MESSAGE][PASSED] - Keys 'DOWN + ' sent to object: 'Object Repository/Objects.HighlightElements/input_field_index'

2020-06-02 01:34:44 - [TEST_STEP][PASSED] - delay(DelayTime): Delayed 2 second(s)

2020-06-02 01:34:46 - [MESSAGE][PASSED] - Delayed 2 second(s)

2020-06-02 01:34:46 - [TEST_STEP][PASSED] - sendKeys(NewInputNmField, Keys.chord(ENTER)): Keys 'ENTER + ' sent to object: 'Object Repository/Objects.HighlightElements/input_field_index'

2020-06-02 01:34:46 - [MESSAGE][PASSED] - Keys 'ENTER + ' sent to object: 'Object Repository/Objects.HighlightElements/input_field_index'

2020-06-02 01:34:46 - [TEST_STEP][PASSED] - ComboBoxValue = getAttribute(NewInputNmField, "value"): Attribute 'value' of object 'Object Repository/Objects.HighlightElements/input_field_index' is: 'Kelvin Phua Meng Thong (MENGTHONG)'

2020-06-02 01:34:46 - [MESSAGE][PASSED] - Attribute 'value' of object 'Object Repository/Objects.HighlightElements/input_field_index' is: 'Kelvin Phua Meng Thong (MENGTHONG)'

2020-06-02 01:34:46 - [TEST_STEP][PASSED] - callTestCase(findTestCase(CallTCName), ["FindValue":ComboBoxValue, "DropdownNm":comboNm], STOP_ON_FAILURE): Call Test Case 'Test Cases/PFI Precision and Scale/HashMap Tables/OfficerLists' successfully

2020-06-02 01:34:46 - [TEST_CASE][PASSED] - Test Cases/PFI Precision and Scale/HashMap Tables/OfficerLists: Test Cases/PFI Precision and Scale/HashMap Tables/OfficerLists

2020-06-02 01:34:46 - [TEST_STEP][PASSED] - Thread.sleep(1000): null

2020-06-02 01:34:47 - [TEST_STEP][PASSED] - OfficerLists = [1:"Aaron Sham Wai Lun (AARON)", 2:"Azidah Bte Akmad (Mdm) (USAABD)", 3:"Chung Fong Nyen (USACFN)", 4:"David Tey Dah Wei (DAHWEI)", ... ]: null

2020-06-02 01:34:47 - [TEST_STEP][PASSED] - ValueFound = OfficerLists.find({ -> ... }): null

2020-06-02 01:34:47 - [MESSAGE][PASSED] - Call Test Case 'Test Cases/PFI Precision and Scale/HashMap Tables/OfficerLists' successfully

2020-06-02 01:34:47 - [TEST_STEP][PASSED] - println(ValueFound): null

2020-06-02 01:34:47 - [TEST_STEP][PASSED] - sendKeys(NewInputNmField, Keys.chord(ARROW_DOWN)): Keys 'DOWN + ' sent to object: 'Object Repository/Objects.HighlightElements/input_field_index'

2020-06-02 01:34:47 - [MESSAGE][PASSED] - Keys 'DOWN + ' sent to object: 'Object Repository/Objects.HighlightElements/input_field_index'

2020-06-02 01:34:47 - [TEST_STEP][PASSED] - sendKeys(NewInputNmField, Keys.chord(ARROW_DOWN)): Keys 'DOWN + ' sent to object: 'Object Repository/Objects.HighlightElements/input_field_index'

2020-06-02 01:34:47 - [MESSAGE][PASSED] - Keys 'DOWN + ' sent to object: 'Object Repository/Objects.HighlightElements/input_field_index'

2020-06-02 01:34:47 - [TEST_STEP][PASSED] - delay(DelayTime): Delayed 2 second(s)

2020-06-02 01:34:49 - [MESSAGE][PASSED] - Delayed 2 second(s)

2020-06-02 01:34:49 - [TEST_STEP][PASSED] - sendKeys(NewInputNmField, Keys.chord(ENTER)): Keys 'ENTER + ' sent to object: 'Object Repository/Objects.HighlightElements/input_field_index'

2020-06-02 01:34:49 - [MESSAGE][PASSED] - Keys 'ENTER + ' sent to object: 'Object Repository/Objects.HighlightElements/input_field_index'

2020-06-02 01:34:49 - [TEST_STEP][PASSED] - ComboBoxValue = getAttribute(NewInputNmField, "value"): Attribute 'value' of object 'Object Repository/Objects.HighlightElements/input_field_index' is: 'Lee Kok Tien (USAKTL)'

2020-06-02 01:34:49 - [MESSAGE][PASSED] - Attribute 'value' of object 'Object Repository/Objects.HighlightElements/input_field_index' is: 'Lee Kok Tien (USAKTL)'

2020-06-02 01:34:49 - [TEST_STEP][PASSED] - callTestCase(findTestCase(CallTCName), ["FindValue":ComboBoxValue, "DropdownNm":comboNm], STOP_ON_FAILURE): Call Test Case 'Test Cases/PFI Precision and Scale/HashMap Tables/OfficerLists' successfully

2020-06-02 01:34:49 - [TEST_CASE][PASSED] - Test Cases/PFI Precision and Scale/HashMap Tables/OfficerLists: Test Cases/PFI Precision and Scale/HashMap Tables/OfficerLists

2020-06-02 01:34:49 - [TEST_STEP][PASSED] - Thread.sleep(1000): null

2020-06-02 01:34:50 - [TEST_STEP][PASSED] - OfficerLists = [1:"Aaron Sham Wai Lun (AARON)", 2:"Azidah Bte Akmad (Mdm) (USAABD)", 3:"Chung Fong Nyen (USACFN)", 4:"David Tey Dah Wei (DAHWEI)", ... ]: null

2020-06-02 01:34:50 - [TEST_STEP][PASSED] - ValueFound = OfficerLists.find({ -> ... }): null

2020-06-02 01:34:50 - [MESSAGE][PASSED] - Call Test Case 'Test Cases/PFI Precision and Scale/HashMap Tables/OfficerLists' successfully

2020-06-02 01:34:50 - [TEST_STEP][PASSED] - println(ValueFound): null

2020-06-02 01:34:50 - [TEST_STEP][PASSED] - sendKeys(NewInputNmField, Keys.chord(ARROW_DOWN)): Keys 'DOWN + ' sent to object: 'Object Repository/Objects.HighlightElements/input_field_index'

2020-06-02 01:34:50 - [MESSAGE][PASSED] - Keys 'DOWN + ' sent to object: 'Object Repository/Objects.HighlightElements/input_field_index'

2020-06-02 01:34:50 - [TEST_STEP][PASSED] - sendKeys(NewInputNmField, Keys.chord(ARROW_DOWN)): Keys 'DOWN + ' sent to object: 'Object Repository/Objects.HighlightElements/input_field_index'

2020-06-02 01:34:50 - [MESSAGE][PASSED] - Keys 'DOWN + ' sent to object: 'Object Repository/Objects.HighlightElements/input_field_index'

2020-06-02 01:34:50 - [TEST_STEP][PASSED] - delay(DelayTime): Delayed 2 second(s)

2020-06-02 01:34:52 - [MESSAGE][PASSED] - Delayed 2 second(s)

2020-06-02 01:34:52 - [TEST_STEP][PASSED] - sendKeys(NewInputNmField, Keys.chord(ENTER)): Keys 'ENTER + ' sent to object: 'Object Repository/Objects.HighlightElements/input_field_index'

2020-06-02 01:34:52 - [MESSAGE][PASSED] - Keys 'ENTER + ' sent to object: 'Object Repository/Objects.HighlightElements/input_field_index'

2020-06-02 01:34:52 - [TEST_STEP][PASSED] - ComboBoxValue = getAttribute(NewInputNmField, "value"): Attribute 'value' of object 'Object Repository/Objects.HighlightElements/input_field_index' is: 'Lim Beng Kwee (BENGKWEE)'

2020-06-02 01:34:52 - [MESSAGE][PASSED] - Attribute 'value' of object 'Object Repository/Objects.HighlightElements/input_field_index' is: 'Lim Beng Kwee (BENGKWEE)'

2020-06-02 01:34:52 - [TEST_STEP][PASSED] - callTestCase(findTestCase(CallTCName), ["FindValue":ComboBoxValue, "DropdownNm":comboNm], STOP_ON_FAILURE): Call Test Case 'Test Cases/PFI Precision and Scale/HashMap Tables/OfficerLists' successfully

2020-06-02 01:34:52 - [TEST_CASE][PASSED] - Test Cases/PFI Precision and Scale/HashMap Tables/OfficerLists: Test Cases/PFI Precision and Scale/HashMap Tables/OfficerLists

2020-06-02 01:34:52 - [TEST_STEP][PASSED] - Thread.sleep(1000): null

2020-06-02 01:34:53 - [TEST_STEP][PASSED] - OfficerLists = [1:"Aaron Sham Wai Lun (AARON)", 2:"Azidah Bte Akmad (Mdm) (USAABD)", 3:"Chung Fong Nyen (USACFN)", 4:"David Tey Dah Wei (DAHWEI)", ... ]: null

2020-06-02 01:34:53 - [TEST_STEP][PASSED] - ValueFound = OfficerLists.find({ -> ... }): null

2020-06-02 01:34:53 - [MESSAGE][PASSED] - Call Test Case 'Test Cases/PFI Precision and Scale/HashMap Tables/OfficerLists' successfully

2020-06-02 01:34:53 - [TEST_STEP][PASSED] - println(ValueFound): null

2020-06-02 01:34:53 - [TEST_STEP][PASSED] - sendKeys(NewInputNmField, Keys.chord(ARROW_DOWN)): Keys 'DOWN + ' sent to object: 'Object Repository/Objects.HighlightElements/input_field_index'

2020-06-02 01:34:53 - [MESSAGE][PASSED] - Keys 'DOWN + ' sent to object: 'Object Repository/Objects.HighlightElements/input_field_index'

2020-06-02 01:34:53 - [TEST_STEP][PASSED] - sendKeys(NewInputNmField, Keys.chord(ARROW_DOWN)): Keys 'DOWN + ' sent to object: 'Object Repository/Objects.HighlightElements/input_field_index'

2020-06-02 01:34:53 - [MESSAGE][PASSED] - Keys 'DOWN + ' sent to object: 'Object Repository/Objects.HighlightElements/input_field_index'

2020-06-02 01:34:53 - [TEST_STEP][PASSED] - delay(DelayTime): Delayed 2 second(s)

2020-06-02 01:34:55 - [MESSAGE][PASSED] - Delayed 2 second(s)

2020-06-02 01:34:55 - [TEST_STEP][PASSED] - sendKeys(NewInputNmField, Keys.chord(ENTER)): Keys 'ENTER + ' sent to object: 'Object Repository/Objects.HighlightElements/input_field_index'

2020-06-02 01:34:56 - [MESSAGE][PASSED] - Keys 'ENTER + ' sent to object: 'Object Repository/Objects.HighlightElements/input_field_index'

2020-06-02 01:34:56 - [TEST_STEP][PASSED] - ComboBoxValue = getAttribute(NewInputNmField, "value"): Attribute 'value' of object 'Object Repository/Objects.HighlightElements/input_field_index' is: 'Lim Leng Boon (LENGBOON)'

2020-06-02 01:34:56 - [MESSAGE][PASSED] - Attribute 'value' of object 'Object Repository/Objects.HighlightElements/input_field_index' is: 'Lim Leng Boon (LENGBOON)'

2020-06-02 01:34:56 - [TEST_STEP][PASSED] - callTestCase(findTestCase(CallTCName), ["FindValue":ComboBoxValue, "DropdownNm":comboNm], STOP_ON_FAILURE): Call Test Case 'Test Cases/PFI Precision and Scale/HashMap Tables/OfficerLists' successfully

2020-06-02 01:34:56 - [TEST_CASE][PASSED] - Test Cases/PFI Precision and Scale/HashMap Tables/OfficerLists: Test Cases/PFI Precision and Scale/HashMap Tables/OfficerLists

2020-06-02 01:34:56 - [TEST_STEP][PASSED] - Thread.sleep(1000): null

2020-06-02 01:34:57 - [TEST_STEP][PASSED] - OfficerLists = [1:"Aaron Sham Wai Lun (AARON)", 2:"Azidah Bte Akmad (Mdm) (USAABD)", 3:"Chung Fong Nyen (USACFN)", 4:"David Tey Dah Wei (DAHWEI)", ... ]: null

2020-06-02 01:34:57 - [TEST_STEP][PASSED] - ValueFound = OfficerLists.find({ -> ... }): null

2020-06-02 01:34:57 - [MESSAGE][PASSED] - Call Test Case 'Test Cases/PFI Precision and Scale/HashMap Tables/OfficerLists' successfully

2020-06-02 01:34:57 - [TEST_STEP][PASSED] - println(ValueFound): null

2020-06-02 01:34:57 - [TEST_STEP][PASSED] - sendKeys(NewInputNmField, Keys.chord(ARROW_DOWN)): Keys 'DOWN + ' sent to object: 'Object Repository/Objects.HighlightElements/input_field_index'

2020-06-02 01:34:57 - [MESSAGE][PASSED] - Keys 'DOWN + ' sent to object: 'Object Repository/Objects.HighlightElements/input_field_index'

2020-06-02 01:34:57 - [TEST_STEP][PASSED] - sendKeys(NewInputNmField, Keys.chord(ARROW_DOWN)): Keys 'DOWN + ' sent to object: 'Object Repository/Objects.HighlightElements/input_field_index'

2020-06-02 01:34:57 - [MESSAGE][PASSED] - Keys 'DOWN + ' sent to object: 'Object Repository/Objects.HighlightElements/input_field_index'

2020-06-02 01:34:57 - [TEST_STEP][PASSED] - delay(DelayTime): Delayed 2 second(s)

2020-06-02 01:34:59 - [MESSAGE][PASSED] - Delayed 2 second(s)

2020-06-02 01:34:59 - [TEST_STEP][PASSED] - sendKeys(NewInputNmField, Keys.chord(ENTER)): Keys 'ENTER + ' sent to object: 'Object Repository/Objects.HighlightElements/input_field_index'

2020-06-02 01:34:59 - [MESSAGE][PASSED] - Keys 'ENTER + ' sent to object: 'Object Repository/Objects.HighlightElements/input_field_index'

2020-06-02 01:34:59 - [TEST_STEP][PASSED] - ComboBoxValue = getAttribute(NewInputNmField, "value"): Attribute 'value' of object 'Object Repository/Objects.HighlightElements/input_field_index' is: 'Liu Xiaopeng (XIAOPENG)'

2020-06-02 01:34:59 - [MESSAGE][PASSED] - Attribute 'value' of object 'Object Repository/Objects.HighlightElements/input_field_index' is: 'Liu Xiaopeng (XIAOPENG)'

2020-06-02 01:34:59 - [TEST_STEP][PASSED] - callTestCase(findTestCase(CallTCName), ["FindValue":ComboBoxValue, "DropdownNm":comboNm], STOP_ON_FAILURE): Call Test Case 'Test Cases/PFI Precision and Scale/HashMap Tables/OfficerLists' successfully

2020-06-02 01:34:59 - [TEST_CASE][PASSED] - Test Cases/PFI Precision and Scale/HashMap Tables/OfficerLists: Test Cases/PFI Precision and Scale/HashMap Tables/OfficerLists

2020-06-02 01:34:59 - [TEST_STEP][PASSED] - Thread.sleep(1000): null

2020-06-02 01:35:00 - [TEST_STEP][PASSED] - OfficerLists = [1:"Aaron Sham Wai Lun (AARON)", 2:"Azidah Bte Akmad (Mdm) (USAABD)", 3:"Chung Fong Nyen (USACFN)", 4:"David Tey Dah Wei (DAHWEI)", ... ]: null

2020-06-02 01:35:00 - [TEST_STEP][PASSED] - ValueFound = OfficerLists.find({ -> ... }): null

2020-06-02 01:35:00 - [MESSAGE][PASSED] - Call Test Case 'Test Cases/PFI Precision and Scale/HashMap Tables/OfficerLists' successfully

2020-06-02 01:35:00 - [TEST_STEP][PASSED] - println(ValueFound): null

2020-06-02 01:35:00 - [TEST_STEP][PASSED] - sendKeys(NewInputNmField, Keys.chord(ARROW_DOWN)): Keys 'DOWN + ' sent to object: 'Object Repository/Objects.HighlightElements/input_field_index'

2020-06-02 01:35:00 - [MESSAGE][PASSED] - Keys 'DOWN + ' sent to object: 'Object Repository/Objects.HighlightElements/input_field_index'

2020-06-02 01:35:00 - [TEST_STEP][PASSED] - sendKeys(NewInputNmField, Keys.chord(ARROW_DOWN)): Keys 'DOWN + ' sent to object: 'Object Repository/Objects.HighlightElements/input_field_index'

2020-06-02 01:35:00 - [MESSAGE][PASSED] - Keys 'DOWN + ' sent to object: 'Object Repository/Objects.HighlightElements/input_field_index'

2020-06-02 01:35:00 - [TEST_STEP][PASSED] - delay(DelayTime): Delayed 2 second(s)

2020-06-02 01:35:02 - [MESSAGE][PASSED] - Delayed 2 second(s)

2020-06-02 01:35:02 - [TEST_STEP][PASSED] - sendKeys(NewInputNmField, Keys.chord(ENTER)): Keys 'ENTER + ' sent to object: 'Object Repository/Objects.HighlightElements/input_field_index'

2020-06-02 01:35:02 - [MESSAGE][PASSED] - Keys 'ENTER + ' sent to object: 'Object Repository/Objects.HighlightElements/input_field_index'

2020-06-02 01:35:02 - [TEST_STEP][PASSED] - ComboBoxValue = getAttribute(NewInputNmField, "value"): Attribute 'value' of object 'Object Repository/Objects.HighlightElements/input_field_index' is: 'Lu Ji Ju (Mdm) (USALJJ)'

2020-06-02 01:35:02 - [MESSAGE][PASSED] - Attribute 'value' of object 'Object Repository/Objects.HighlightElements/input_field_index' is: 'Lu Ji Ju (Mdm) (USALJJ)'

2020-06-02 01:35:02 - [TEST_STEP][PASSED] - callTestCase(findTestCase(CallTCName), ["FindValue":ComboBoxValue, "DropdownNm":comboNm], STOP_ON_FAILURE): Call Test Case 'Test Cases/PFI Precision and Scale/HashMap Tables/OfficerLists' successfully

2020-06-02 01:35:02 - [TEST_CASE][PASSED] - Test Cases/PFI Precision and Scale/HashMap Tables/OfficerLists: Test Cases/PFI Precision and Scale/HashMap Tables/OfficerLists

2020-06-02 01:35:02 - [TEST_STEP][PASSED] - Thread.sleep(1000): null

2020-06-02 01:35:03 - [TEST_STEP][PASSED] - OfficerLists = [1:"Aaron Sham Wai Lun (AARON)", 2:"Azidah Bte Akmad (Mdm) (USAABD)", 3:"Chung Fong Nyen (USACFN)", 4:"David Tey Dah Wei (DAHWEI)", ... ]: null

2020-06-02 01:35:03 - [TEST_STEP][PASSED] - ValueFound = OfficerLists.find({ -> ... }): null

2020-06-02 01:35:03 - [MESSAGE][PASSED] - Call Test Case 'Test Cases/PFI Precision and Scale/HashMap Tables/OfficerLists' successfully

2020-06-02 01:35:03 - [TEST_STEP][PASSED] - println(ValueFound): null

2020-06-02 01:35:03 - [TEST_STEP][PASSED] - sendKeys(NewInputNmField, Keys.chord(ARROW_DOWN)): Keys 'DOWN + ' sent to object: 'Object Repository/Objects.HighlightElements/input_field_index'

2020-06-02 01:35:03 - [MESSAGE][PASSED] - Keys 'DOWN + ' sent to object: 'Object Repository/Objects.HighlightElements/input_field_index'

2020-06-02 01:35:03 - [TEST_STEP][PASSED] - sendKeys(NewInputNmField, Keys.chord(ARROW_DOWN)): Keys 'DOWN + ' sent to object: 'Object Repository/Objects.HighlightElements/input_field_index'

2020-06-02 01:35:03 - [MESSAGE][PASSED] - Keys 'DOWN + ' sent to object: 'Object Repository/Objects.HighlightElements/input_field_index'

2020-06-02 01:35:03 - [TEST_STEP][PASSED] - delay(DelayTime): Delayed 2 second(s)

2020-06-02 01:35:05 - [MESSAGE][PASSED] - Delayed 2 second(s)

2020-06-02 01:35:05 - [TEST_STEP][PASSED] - sendKeys(NewInputNmField, Keys.chord(ENTER)): Keys 'ENTER + ' sent to object: 'Object Repository/Objects.HighlightElements/input_field_index'

2020-06-02 01:35:05 - [MESSAGE][PASSED] - Keys 'ENTER + ' sent to object: 'Object Repository/Objects.HighlightElements/input_field_index'

2020-06-02 01:35:05 - [TEST_STEP][PASSED] - ComboBoxValue = getAttribute(NewInputNmField, "value"): Attribute 'value' of object 'Object Repository/Objects.HighlightElements/input_field_index' is: 'Mohd Jeffri Bin Abdul Rahim (MOHDJEFFRI)'

2020-06-02 01:35:05 - [MESSAGE][PASSED] - Attribute 'value' of object 'Object Repository/Objects.HighlightElements/input_field_index' is: 'Mohd Jeffri Bin Abdul Rahim (MOHDJEFFRI)'

2020-06-02 01:35:05 - [TEST_STEP][PASSED] - callTestCase(findTestCase(CallTCName), ["FindValue":ComboBoxValue, "DropdownNm":comboNm], STOP_ON_FAILURE): Call Test Case 'Test Cases/PFI Precision and Scale/HashMap Tables/OfficerLists' successfully

2020-06-02 01:35:05 - [TEST_CASE][PASSED] - Test Cases/PFI Precision and Scale/HashMap Tables/OfficerLists: Test Cases/PFI Precision and Scale/HashMap Tables/OfficerLists

2020-06-02 01:35:05 - [TEST_STEP][PASSED] - Thread.sleep(1000): null

2020-06-02 01:35:06 - [TEST_STEP][PASSED] - OfficerLists = [1:"Aaron Sham Wai Lun (AARON)", 2:"Azidah Bte Akmad (Mdm) (USAABD)", 3:"Chung Fong Nyen (USACFN)", 4:"David Tey Dah Wei (DAHWEI)", ... ]: null

2020-06-02 01:35:06 - [TEST_STEP][PASSED] - ValueFound = OfficerLists.find({ -> ... }): null

2020-06-02 01:35:06 - [MESSAGE][PASSED] - Call Test Case 'Test Cases/PFI Precision and Scale/HashMap Tables/OfficerLists' successfully

2020-06-02 01:35:06 - [TEST_STEP][PASSED] - println(ValueFound): null

2020-06-02 01:35:06 - [TEST_STEP][PASSED] - sendKeys(NewInputNmField, Keys.chord(ARROW_DOWN)): Keys 'DOWN + ' sent to object: 'Object Repository/Objects.HighlightElements/input_field_index'

2020-06-02 01:35:06 - [MESSAGE][PASSED] - Keys 'DOWN + ' sent to object: 'Object Repository/Objects.HighlightElements/input_field_index'

2020-06-02 01:35:06 - [TEST_STEP][PASSED] - sendKeys(NewInputNmField, Keys.chord(ARROW_DOWN)): Keys 'DOWN + ' sent to object: 'Object Repository/Objects.HighlightElements/input_field_index'

2020-06-02 01:35:07 - [MESSAGE][PASSED] - Keys 'DOWN + ' sent to object: 'Object Repository/Objects.HighlightElements/input_field_index'

2020-06-02 01:35:07 - [TEST_STEP][PASSED] - delay(DelayTime): Delayed 2 second(s)

2020-06-02 01:35:09 - [MESSAGE][PASSED] - Delayed 2 second(s)

2020-06-02 01:35:09 - [TEST_STEP][PASSED] - sendKeys(NewInputNmField, Keys.chord(ENTER)): Keys 'ENTER + ' sent to object: 'Object Repository/Objects.HighlightElements/input_field_index'

2020-06-02 01:35:09 - [MESSAGE][PASSED] - Keys 'ENTER + ' sent to object: 'Object Repository/Objects.HighlightElements/input_field_index'

2020-06-02 01:35:09 - [TEST_STEP][PASSED] - ComboBoxValue = getAttribute(NewInputNmField, "value"): Attribute 'value' of object 'Object Repository/Objects.HighlightElements/input_field_index' is: 'Richard Lim Fang Ping (FANGPING)'

2020-06-02 01:35:09 - [MESSAGE][PASSED] - Attribute 'value' of object 'Object Repository/Objects.HighlightElements/input_field_index' is: 'Richard Lim Fang Ping (FANGPING)'

2020-06-02 01:35:09 - [TEST_STEP][PASSED] - callTestCase(findTestCase(CallTCName), ["FindValue":ComboBoxValue, "DropdownNm":comboNm], STOP_ON_FAILURE): Call Test Case 'Test Cases/PFI Precision and Scale/HashMap Tables/OfficerLists' successfully

2020-06-02 01:35:09 - [TEST_CASE][PASSED] - Test Cases/PFI Precision and Scale/HashMap Tables/OfficerLists: Test Cases/PFI Precision and Scale/HashMap Tables/OfficerLists

2020-06-02 01:35:09 - [TEST_STEP][PASSED] - Thread.sleep(1000): null

2020-06-02 01:35:10 - [TEST_STEP][PASSED] - OfficerLists = [1:"Aaron Sham Wai Lun (AARON)", 2:"Azidah Bte Akmad (Mdm) (USAABD)", 3:"Chung Fong Nyen (USACFN)", 4:"David Tey Dah Wei (DAHWEI)", ... ]: null

2020-06-02 01:35:10 - [TEST_STEP][PASSED] - ValueFound = OfficerLists.find({ -> ... }): null

2020-06-02 01:35:10 - [MESSAGE][PASSED] - Call Test Case 'Test Cases/PFI Precision and Scale/HashMap Tables/OfficerLists' successfully

2020-06-02 01:35:10 - [TEST_STEP][PASSED] - println(ValueFound): null

2020-06-02 01:35:10 - [TEST_STEP][PASSED] - sendKeys(NewInputNmField, Keys.chord(ARROW_DOWN)): Keys 'DOWN + ' sent to object: 'Object Repository/Objects.HighlightElements/input_field_index'

2020-06-02 01:35:10 - [MESSAGE][PASSED] - Keys 'DOWN + ' sent to object: 'Object Repository/Objects.HighlightElements/input_field_index'

2020-06-02 01:35:10 - [TEST_STEP][PASSED] - sendKeys(NewInputNmField, Keys.chord(ARROW_DOWN)): Keys 'DOWN + ' sent to object: 'Object Repository/Objects.HighlightElements/input_field_index'

2020-06-02 01:35:10 - [MESSAGE][PASSED] - Keys 'DOWN + ' sent to object: 'Object Repository/Objects.HighlightElements/input_field_index'

2020-06-02 01:35:10 - [TEST_STEP][PASSED] - delay(DelayTime): Delayed 2 second(s)

2020-06-02 01:35:12 - [MESSAGE][PASSED] - Delayed 2 second(s)

2020-06-02 01:35:12 - [TEST_STEP][PASSED] - sendKeys(NewInputNmField, Keys.chord(ENTER)): Keys 'ENTER + ' sent to object: 'Object Repository/Objects.HighlightElements/input_field_index'

2020-06-02 01:35:12 - [MESSAGE][PASSED] - Keys 'ENTER + ' sent to object: 'Object Repository/Objects.HighlightElements/input_field_index'

2020-06-02 01:35:12 - [TEST_STEP][PASSED] - ComboBoxValue = getAttribute(NewInputNmField, "value"): Attribute 'value' of object 'Object Repository/Objects.HighlightElements/input_field_index' is: 'RITA WONG SIONG ING (RITAWONG)'

2020-06-02 01:35:12 - [MESSAGE][PASSED] - Attribute 'value' of object 'Object Repository/Objects.HighlightElements/input_field_index' is: 'RITA WONG SIONG ING (RITAWONG)'

2020-06-02 01:35:12 - [TEST_STEP][PASSED] - callTestCase(findTestCase(CallTCName), ["FindValue":ComboBoxValue, "DropdownNm":comboNm], STOP_ON_FAILURE): Call Test Case 'Test Cases/PFI Precision and Scale/HashMap Tables/OfficerLists' successfully

2020-06-02 01:35:12 - [TEST_CASE][PASSED] - Test Cases/PFI Precision and Scale/HashMap Tables/OfficerLists: Test Cases/PFI Precision and Scale/HashMap Tables/OfficerLists

2020-06-02 01:35:12 - [TEST_STEP][PASSED] - Thread.sleep(1000): null

2020-06-02 01:35:13 - [TEST_STEP][PASSED] - OfficerLists = [1:"Aaron Sham Wai Lun (AARON)", 2:"Azidah Bte Akmad (Mdm) (USAABD)", 3:"Chung Fong Nyen (USACFN)", 4:"David Tey Dah Wei (DAHWEI)", ... ]: null

2020-06-02 01:35:13 - [TEST_STEP][PASSED] - ValueFound = OfficerLists.find({ -> ... }): null

2020-06-02 01:35:13 - [MESSAGE][PASSED] - Call Test Case 'Test Cases/PFI Precision and Scale/HashMap Tables/OfficerLists' successfully

2020-06-02 01:35:13 - [TEST_STEP][PASSED] - println(ValueFound): null

2020-06-02 01:35:13 - [TEST_STEP][PASSED] - sendKeys(NewInputNmField, Keys.chord(ARROW_DOWN)): Keys 'DOWN + ' sent to object: 'Object Repository/Objects.HighlightElements/input_field_index'

2020-06-02 01:35:13 - [MESSAGE][PASSED] - Keys 'DOWN + ' sent to object: 'Object Repository/Objects.HighlightElements/input_field_index'

2020-06-02 01:35:13 - [TEST_STEP][PASSED] - sendKeys(NewInputNmField, Keys.chord(ARROW_DOWN)): Keys 'DOWN + ' sent to object: 'Object Repository/Objects.HighlightElements/input_field_index'

2020-06-02 01:35:13 - [MESSAGE][PASSED] - Keys 'DOWN + ' sent to object: 'Object Repository/Objects.HighlightElements/input_field_index'

2020-06-02 01:35:13 - [TEST_STEP][PASSED] - delay(DelayTime): Delayed 2 second(s)

2020-06-02 01:35:15 - [MESSAGE][PASSED] - Delayed 2 second(s)

2020-06-02 01:35:15 - [TEST_STEP][PASSED] - sendKeys(NewInputNmField, Keys.chord(ENTER)): Keys 'ENTER + ' sent to object: 'Object Repository/Objects.HighlightElements/input_field_index'

2020-06-02 01:35:15 - [MESSAGE][PASSED] - Keys 'ENTER + ' sent to object: 'Object Repository/Objects.HighlightElements/input_field_index'

2020-06-02 01:35:15 - [TEST_STEP][PASSED] - ComboBoxValue = getAttribute(NewInputNmField, "value"): Attribute 'value' of object 'Object Repository/Objects.HighlightElements/input_field_index' is: 'Shi Hong Wei (HONGWEI)'

2020-06-02 01:35:15 - [MESSAGE][PASSED] - Attribute 'value' of object 'Object Repository/Objects.HighlightElements/input_field_index' is: 'Shi Hong Wei (HONGWEI)'

2020-06-02 01:35:15 - [TEST_STEP][PASSED] - callTestCase(findTestCase(CallTCName), ["FindValue":ComboBoxValue, "DropdownNm":comboNm], STOP_ON_FAILURE): Call Test Case 'Test Cases/PFI Precision and Scale/HashMap Tables/OfficerLists' successfully

2020-06-02 01:35:15 - [TEST_CASE][PASSED] - Test Cases/PFI Precision and Scale/HashMap Tables/OfficerLists: Test Cases/PFI Precision and Scale/HashMap Tables/OfficerLists

2020-06-02 01:35:15 - [TEST_STEP][PASSED] - Thread.sleep(1000): null

2020-06-02 01:35:16 - [TEST_STEP][PASSED] - OfficerLists = [1:"Aaron Sham Wai Lun (AARON)", 2:"Azidah Bte Akmad (Mdm) (USAABD)", 3:"Chung Fong Nyen (USACFN)", 4:"David Tey Dah Wei (DAHWEI)", ... ]: null

2020-06-02 01:35:16 - [TEST_STEP][PASSED] - ValueFound = OfficerLists.find({ -> ... }): null

2020-06-02 01:35:16 - [MESSAGE][PASSED] - Call Test Case 'Test Cases/PFI Precision and Scale/HashMap Tables/OfficerLists' successfully

2020-06-02 01:35:16 - [TEST_STEP][PASSED] - println(ValueFound): null

2020-06-02 01:35:16 - [TEST_STEP][PASSED] - sendKeys(NewInputNmField, Keys.chord(ARROW_DOWN)): Keys 'DOWN + ' sent to object: 'Object Repository/Objects.HighlightElements/input_field_index'

2020-06-02 01:35:16 - [MESSAGE][PASSED] - Keys 'DOWN + ' sent to object: 'Object Repository/Objects.HighlightElements/input_field_index'

2020-06-02 01:35:16 - [TEST_STEP][PASSED] - sendKeys(NewInputNmField, Keys.chord(ARROW_DOWN)): Keys 'DOWN + ' sent to object: 'Object Repository/Objects.HighlightElements/input_field_index'

2020-06-02 01:35:16 - [MESSAGE][PASSED] - Keys 'DOWN + ' sent to object: 'Object Repository/Objects.HighlightElements/input_field_index'

2020-06-02 01:35:16 - [TEST_STEP][PASSED] - delay(DelayTime): Delayed 2 second(s)

2020-06-02 01:35:18 - [MESSAGE][PASSED] - Delayed 2 second(s)

2020-06-02 01:35:18 - [TEST_STEP][PASSED] - sendKeys(NewInputNmField, Keys.chord(ENTER)): Keys 'ENTER + ' sent to object: 'Object Repository/Objects.HighlightElements/input_field_index'

2020-06-02 01:35:18 - [MESSAGE][PASSED] - Keys 'ENTER + ' sent to object: 'Object Repository/Objects.HighlightElements/input_field_index'

2020-06-02 01:35:18 - [TEST_STEP][PASSED] - ComboBoxValue = getAttribute(NewInputNmField, "value"): Attribute 'value' of object 'Object Repository/Objects.HighlightElements/input_field_index' is: 'Tan Jing Ying (JINGYING)'

2020-06-02 01:35:18 - [MESSAGE][PASSED] - Attribute 'value' of object 'Object Repository/Objects.HighlightElements/input_field_index' is: 'Tan Jing Ying (JINGYING)'

2020-06-02 01:35:18 - [TEST_STEP][PASSED] - callTestCase(findTestCase(CallTCName), ["FindValue":ComboBoxValue, "DropdownNm":comboNm], STOP_ON_FAILURE): Call Test Case 'Test Cases/PFI Precision and Scale/HashMap Tables/OfficerLists' successfully

2020-06-02 01:35:18 - [TEST_CASE][PASSED] - Test Cases/PFI Precision and Scale/HashMap Tables/OfficerLists: Test Cases/PFI Precision and Scale/HashMap Tables/OfficerLists

2020-06-02 01:35:18 - [TEST_STEP][PASSED] - Thread.sleep(1000): null

2020-06-02 01:35:19 - [TEST_STEP][PASSED] - OfficerLists = [1:"Aaron Sham Wai Lun (AARON)", 2:"Azidah Bte Akmad (Mdm) (USAABD)", 3:"Chung Fong Nyen (USACFN)", 4:"David Tey Dah Wei (DAHWEI)", ... ]: null

2020-06-02 01:35:19 - [TEST_STEP][PASSED] - ValueFound = OfficerLists.find({ -> ... }): null

2020-06-02 01:35:19 - [MESSAGE][PASSED] - Call Test Case 'Test Cases/PFI Precision and Scale/HashMap Tables/OfficerLists' successfully

2020-06-02 01:35:19 - [TEST_STEP][PASSED] - println(ValueFound): null

2020-06-02 01:35:19 - [TEST_STEP][PASSED] - sendKeys(NewInputNmField, Keys.chord(ARROW_DOWN)): Keys 'DOWN + ' sent to object: 'Object Repository/Objects.HighlightElements/input_field_index'

2020-06-02 01:35:20 - [MESSAGE][PASSED] - Keys 'DOWN + ' sent to object: 'Object Repository/Objects.HighlightElements/input_field_index'

2020-06-02 01:35:20 - [TEST_STEP][PASSED] - sendKeys(NewInputNmField, Keys.chord(ARROW_DOWN)): Keys 'DOWN + ' sent to object: 'Object Repository/Objects.HighlightElements/input_field_index'

2020-06-02 01:35:20 - [MESSAGE][PASSED] - Keys 'DOWN + ' sent to object: 'Object Repository/Objects.HighlightElements/input_field_index'

2020-06-02 01:35:20 - [TEST_STEP][PASSED] - delay(DelayTime): Delayed 2 second(s)

2020-06-02 01:35:22 - [MESSAGE][PASSED] - Delayed 2 second(s)

2020-06-02 01:35:22 - [TEST_STEP][PASSED] - sendKeys(NewInputNmField, Keys.chord(ENTER)): Keys 'ENTER + ' sent to object: 'Object Repository/Objects.HighlightElements/input_field_index'

2020-06-02 01:35:22 - [MESSAGE][PASSED] - Keys 'ENTER + ' sent to object: 'Object Repository/Objects.HighlightElements/input_field_index'

2020-06-02 01:35:22 - [TEST_STEP][PASSED] - ComboBoxValue = getAttribute(NewInputNmField, "value"): Attribute 'value' of object 'Object Repository/Objects.HighlightElements/input_field_index' is: 'Tan Kwan Joo (KWANJOO)'

2020-06-02 01:35:22 - [MESSAGE][PASSED] - Attribute 'value' of object 'Object Repository/Objects.HighlightElements/input_field_index' is: 'Tan Kwan Joo (KWANJOO)'

2020-06-02 01:35:22 - [TEST_STEP][PASSED] - callTestCase(findTestCase(CallTCName), ["FindValue":ComboBoxValue, "DropdownNm":comboNm], STOP_ON_FAILURE): Call Test Case 'Test Cases/PFI Precision and Scale/HashMap Tables/OfficerLists' successfully

2020-06-02 01:35:22 - [TEST_CASE][PASSED] - Test Cases/PFI Precision and Scale/HashMap Tables/OfficerLists: Test Cases/PFI Precision and Scale/HashMap Tables/OfficerLists

2020-06-02 01:35:22 - [TEST_STEP][PASSED] - Thread.sleep(1000): null

2020-06-02 01:35:23 - [TEST_STEP][PASSED] - OfficerLists = [1:"Aaron Sham Wai Lun (AARON)", 2:"Azidah Bte Akmad (Mdm) (USAABD)", 3:"Chung Fong Nyen (USACFN)", 4:"David Tey Dah Wei (DAHWEI)", ... ]: null

2020-06-02 01:35:23 - [TEST_STEP][PASSED] - ValueFound = OfficerLists.find({ -> ... }): null

2020-06-02 01:35:23 - [MESSAGE][PASSED] - Call Test Case 'Test Cases/PFI Precision and Scale/HashMap Tables/OfficerLists' successfully

2020-06-02 01:35:23 - [TEST_STEP][PASSED] - println(ValueFound): null

2020-06-02 01:35:23 - [TEST_STEP][PASSED] - sendKeys(NewInputNmField, Keys.chord(ARROW_DOWN)): Keys 'DOWN + ' sent to object: 'Object Repository/Objects.HighlightElements/input_field_index'

2020-06-02 01:35:23 - [MESSAGE][PASSED] - Keys 'DOWN + ' sent to object: 'Object Repository/Objects.HighlightElements/input_field_index'

2020-06-02 01:35:23 - [TEST_STEP][PASSED] - sendKeys(NewInputNmField, Keys.chord(ARROW_DOWN)): Keys 'DOWN + ' sent to object: 'Object Repository/Objects.HighlightElements/input_field_index'

2020-06-02 01:35:23 - [MESSAGE][PASSED] - Keys 'DOWN + ' sent to object: 'Object Repository/Objects.HighlightElements/input_field_index'

2020-06-02 01:35:23 - [TEST_STEP][PASSED] - delay(DelayTime): Delayed 2 second(s)

2020-06-02 01:35:25 - [MESSAGE][PASSED] - Delayed 2 second(s)

2020-06-02 01:35:25 - [TEST_STEP][PASSED] - sendKeys(NewInputNmField, Keys.chord(ENTER)): Keys 'ENTER + ' sent to object: 'Object Repository/Objects.HighlightElements/input_field_index'

2020-06-02 01:35:25 - [MESSAGE][PASSED] - Keys 'ENTER + ' sent to object: 'Object Repository/Objects.HighlightElements/input_field_index'

2020-06-02 01:35:25 - [TEST_STEP][PASSED] - ComboBoxValue = getAttribute(NewInputNmField, "value"): Attribute 'value' of object 'Object Repository/Objects.HighlightElements/input_field_index' is: 'Titus Chua Hwa Ping (TITUS)'

2020-06-02 01:35:25 - [MESSAGE][PASSED] - Attribute 'value' of object 'Object Repository/Objects.HighlightElements/input_field_index' is: 'Titus Chua Hwa Ping (TITUS)'

2020-06-02 01:35:25 - [TEST_STEP][PASSED] - callTestCase(findTestCase(CallTCName), ["FindValue":ComboBoxValue, "DropdownNm":comboNm], STOP_ON_FAILURE): Call Test Case 'Test Cases/PFI Precision and Scale/HashMap Tables/OfficerLists' successfully

2020-06-02 01:35:25 - [TEST_CASE][PASSED] - Test Cases/PFI Precision and Scale/HashMap Tables/OfficerLists: Test Cases/PFI Precision and Scale/HashMap Tables/OfficerLists

2020-06-02 01:35:25 - [TEST_STEP][PASSED] - Thread.sleep(1000): null

2020-06-02 01:35:26 - [TEST_STEP][PASSED] - OfficerLists = [1:"Aaron Sham Wai Lun (AARON)", 2:"Azidah Bte Akmad (Mdm) (USAABD)", 3:"Chung Fong Nyen (USACFN)", 4:"David Tey Dah Wei (DAHWEI)", ... ]: null

2020-06-02 01:35:26 - [TEST_STEP][PASSED] - ValueFound = OfficerLists.find({ -> ... }): null

2020-06-02 01:35:26 - [MESSAGE][PASSED] - Call Test Case 'Test Cases/PFI Precision and Scale/HashMap Tables/OfficerLists' successfully

2020-06-02 01:35:26 - [TEST_STEP][PASSED] - println(ValueFound): null

2020-06-02 01:35:26 - [TEST_STEP][PASSED] - sendKeys(NewInputNmField, Keys.chord(ARROW_DOWN)): Keys 'DOWN + ' sent to object: 'Object Repository/Objects.HighlightElements/input_field_index'

2020-06-02 01:35:26 - [MESSAGE][PASSED] - Keys 'DOWN + ' sent to object: 'Object Repository/Objects.HighlightElements/input_field_index'

2020-06-02 01:35:26 - [TEST_STEP][PASSED] - sendKeys(NewInputNmField, Keys.chord(ARROW_DOWN)): Keys 'DOWN + ' sent to object: 'Object Repository/Objects.HighlightElements/input_field_index'

2020-06-02 01:35:26 - [MESSAGE][PASSED] - Keys 'DOWN + ' sent to object: 'Object Repository/Objects.HighlightElements/input_field_index'

2020-06-02 01:35:26 - [TEST_STEP][PASSED] - delay(DelayTime): Delayed 2 second(s)

2020-06-02 01:35:28 - [MESSAGE][PASSED] - Delayed 2 second(s)

2020-06-02 01:35:28 - [TEST_STEP][PASSED] - sendKeys(NewInputNmField, Keys.chord(ENTER)): Keys 'ENTER + ' sent to object: 'Object Repository/Objects.HighlightElements/input_field_index'

2020-06-02 01:35:28 - [MESSAGE][PASSED] - Keys 'ENTER + ' sent to object: 'Object Repository/Objects.HighlightElements/input_field_index'

2020-06-02 01:35:28 - [TEST_STEP][PASSED] - ComboBoxValue = getAttribute(NewInputNmField, "value"): Attribute 'value' of object 'Object Repository/Objects.HighlightElements/input_field_index' is: 'Vijayaratnam Ng Lay Hoon (USANLH)'

2020-06-02 01:35:28 - [MESSAGE][PASSED] - Attribute 'value' of object 'Object Repository/Objects.HighlightElements/input_field_index' is: 'Vijayaratnam Ng Lay Hoon (USANLH)'

2020-06-02 01:35:28 - [TEST_STEP][PASSED] - callTestCase(findTestCase(CallTCName), ["FindValue":ComboBoxValue, "DropdownNm":comboNm], STOP_ON_FAILURE): Call Test Case 'Test Cases/PFI Precision and Scale/HashMap Tables/OfficerLists' successfully

2020-06-02 01:35:28 - [TEST_CASE][PASSED] - Test Cases/PFI Precision and Scale/HashMap Tables/OfficerLists: Test Cases/PFI Precision and Scale/HashMap Tables/OfficerLists

2020-06-02 01:35:28 - [TEST_STEP][PASSED] - Thread.sleep(1000): null

2020-06-02 01:35:29 - [TEST_STEP][PASSED] - OfficerLists = [1:"Aaron Sham Wai Lun (AARON)", 2:"Azidah Bte Akmad (Mdm) (USAABD)", 3:"Chung Fong Nyen (USACFN)", 4:"David Tey Dah Wei (DAHWEI)", ... ]: null

2020-06-02 01:35:29 - [TEST_STEP][PASSED] - ValueFound = OfficerLists.find({ -> ... }): null

2020-06-02 01:35:29 - [MESSAGE][PASSED] - Call Test Case 'Test Cases/PFI Precision and Scale/HashMap Tables/OfficerLists' successfully

2020-06-02 01:35:29 - [TEST_STEP][PASSED] - println(ValueFound): null

2020-06-02 01:35:29 - [TEST_STEP][PASSED] - sendKeys(NewInputNmField, Keys.chord(ARROW_DOWN)): Keys 'DOWN + ' sent to object: 'Object Repository/Objects.HighlightElements/input_field_index'

2020-06-02 01:35:29 - [MESSAGE][PASSED] - Keys 'DOWN + ' sent to object: 'Object Repository/Objects.HighlightElements/input_field_index'

2020-06-02 01:35:29 - [TEST_STEP][PASSED] - sendKeys(NewInputNmField, Keys.chord(ARROW_DOWN)): Keys 'DOWN + ' sent to object: 'Object Repository/Objects.HighlightElements/input_field_index'

2020-06-02 01:35:29 - [MESSAGE][PASSED] - Keys 'DOWN + ' sent to object: 'Object Repository/Objects.HighlightElements/input_field_index'

2020-06-02 01:35:29 - [TEST_STEP][PASSED] - delay(DelayTime): Delayed 2 second(s)

2020-06-02 01:35:31 - [MESSAGE][PASSED] - Delayed 2 second(s)

2020-06-02 01:35:31 - [TEST_STEP][PASSED] - sendKeys(NewInputNmField, Keys.chord(ENTER)): Keys 'ENTER + ' sent to object: 'Object Repository/Objects.HighlightElements/input_field_index'

2020-06-02 01:35:31 - [MESSAGE][PASSED] - Keys 'ENTER + ' sent to object: 'Object Repository/Objects.HighlightElements/input_field_index'

2020-06-02 01:35:31 - [TEST_STEP][PASSED] - ComboBoxValue = getAttribute(NewInputNmField, "value"): Attribute 'value' of object 'Object Repository/Objects.HighlightElements/input_field_index' is: 'Wong Swee Sheng (WONGSWEE)'

2020-06-02 01:35:31 - [MESSAGE][PASSED] - Attribute 'value' of object 'Object Repository/Objects.HighlightElements/input_field_index' is: 'Wong Swee Sheng (WONGSWEE)'

2020-06-02 01:35:31 - [TEST_STEP][PASSED] - callTestCase(findTestCase(CallTCName), ["FindValue":ComboBoxValue, "DropdownNm":comboNm], STOP_ON_FAILURE): Call Test Case 'Test Cases/PFI Precision and Scale/HashMap Tables/OfficerLists' successfully

2020-06-02 01:35:31 - [TEST_CASE][PASSED] - Test Cases/PFI Precision and Scale/HashMap Tables/OfficerLists: Test Cases/PFI Precision and Scale/HashMap Tables/OfficerLists

2020-06-02 01:35:31 - [TEST_STEP][PASSED] - Thread.sleep(1000): null

2020-06-02 01:35:32 - [TEST_STEP][PASSED] - OfficerLists = [1:"Aaron Sham Wai Lun (AARON)", 2:"Azidah Bte Akmad (Mdm) (USAABD)", 3:"Chung Fong Nyen (USACFN)", 4:"David Tey Dah Wei (DAHWEI)", ... ]: null

2020-06-02 01:35:32 - [TEST_STEP][PASSED] - ValueFound = OfficerLists.find({ -> ... }): null

2020-06-02 01:35:32 - [MESSAGE][PASSED] - Call Test Case 'Test Cases/PFI Precision and Scale/HashMap Tables/OfficerLists' successfully

2020-06-02 01:35:32 - [TEST_STEP][PASSED] - println(ValueFound): null

2020-06-02 01:35:32 - [TEST_STEP][PASSED] - sendKeys(NewInputNmField, Keys.chord(ARROW_DOWN)): Keys 'DOWN + ' sent to object: 'Object Repository/Objects.HighlightElements/input_field_index'

2020-06-02 01:35:33 - [MESSAGE][PASSED] - Keys 'DOWN + ' sent to object: 'Object Repository/Objects.HighlightElements/input_field_index'

2020-06-02 01:35:33 - [TEST_STEP][PASSED] - sendKeys(NewInputNmField, Keys.chord(ARROW_DOWN)): Keys 'DOWN + ' sent to object: 'Object Repository/Objects.HighlightElements/input_field_index'

2020-06-02 01:35:33 - [MESSAGE][PASSED] - Keys 'DOWN + ' sent to object: 'Object Repository/Objects.HighlightElements/input_field_index'

2020-06-02 01:35:33 - [TEST_STEP][PASSED] - delay(DelayTime): Delayed 2 second(s)

2020-06-02 01:35:35 - [MESSAGE][PASSED] - Delayed 2 second(s)

2020-06-02 01:35:35 - [TEST_STEP][PASSED] - sendKeys(NewInputNmField, Keys.chord(ENTER)): Keys 'ENTER + ' sent to object: 'Object Repository/Objects.HighlightElements/input_field_index'

2020-06-02 01:35:35 - [MESSAGE][PASSED] - Keys 'ENTER + ' sent to object: 'Object Repository/Objects.HighlightElements/input_field_index'

2020-06-02 01:35:35 - [TEST_STEP][PASSED] - ComboBoxValue = getAttribute(NewInputNmField, "value"): Attribute 'value' of object 'Object Repository/Objects.HighlightElements/input_field_index' is: 'Zhao Dianfeng (DIANFENG)'

2020-06-02 01:35:35 - [MESSAGE][PASSED] - Attribute 'value' of object 'Object Repository/Objects.HighlightElements/input_field_index' is: 'Zhao Dianfeng (DIANFENG)'

2020-06-02 01:35:35 - [TEST_STEP][PASSED] - callTestCase(findTestCase(CallTCName), ["FindValue":ComboBoxValue, "DropdownNm":comboNm], STOP_ON_FAILURE): Call Test Case 'Test Cases/PFI Precision and Scale/HashMap Tables/OfficerLists' successfully

2020-06-02 01:35:35 - [TEST_CASE][PASSED] - Test Cases/PFI Precision and Scale/HashMap Tables/OfficerLists: Test Cases/PFI Precision and Scale/HashMap Tables/OfficerLists

2020-06-02 01:35:35 - [TEST_STEP][PASSED] - Thread.sleep(1000): null

2020-06-02 01:35:36 - [TEST_STEP][PASSED] - OfficerLists = [1:"Aaron Sham Wai Lun (AARON)", 2:"Azidah Bte Akmad (Mdm) (USAABD)", 3:"Chung Fong Nyen (USACFN)", 4:"David Tey Dah Wei (DAHWEI)", ... ]: null

2020-06-02 01:35:36 - [TEST_STEP][PASSED] - ValueFound = OfficerLists.find({ -> ... }): null

2020-06-02 01:35:36 - [MESSAGE][PASSED] - Call Test Case 'Test Cases/PFI Precision and Scale/HashMap Tables/OfficerLists' successfully

2020-06-02 01:35:36 - [TEST_STEP][PASSED] - println(ValueFound): null

2020-06-02 01:35:36 - [TEST_STEP][PASSED] - sendKeys(NewInputNmField, Keys.chord(ARROW_DOWN)): Keys 'DOWN + ' sent to object: 'Object Repository/Objects.HighlightElements/input_field_index'

2020-06-02 01:35:36 - [MESSAGE][PASSED] - Keys 'DOWN + ' sent to object: 'Object Repository/Objects.HighlightElements/input_field_index'

2020-06-02 01:35:36 - [TEST_STEP][PASSED] - sendKeys(NewInputNmField, Keys.chord(ENTER)): Keys 'ENTER + ' sent to object: 'Object Repository/Objects.HighlightElements/input_field_index'

2020-06-02 01:35:36 - [MESSAGE][PASSED] - Keys 'ENTER + ' sent to object: 'Object Repository/Objects.HighlightElements/input_field_index'

2020-06-02 01:35:36 - [MESSAGE][PASSED] - Call Test Case 'Test Cases/PFI Precision and Scale/PFI Components with Indexing/VerifyDropdownValuesIndex' successfully

2020-06-02 01:35:36 - [TEST_STEP][PASSED] - callTestCase(findTestCase("Components/SelectAllThenDeleteIndex"), ["nameToBeUsed":"psiRecommendTo", "index":1], STOP_ON_FAILURE): Call Test Case 'Test Cases/Components/SelectAllThenDeleteIndex' successfully

2020-06-02 01:35:36 - [TEST_CASE][PASSED] - Test Cases/Components/SelectAllThenDeleteIndex: Test Cases/Components/SelectAllThenDeleteIndex

2020-06-02 01:35:36 - [TEST_STEP][PASSED] - Thread.sleep(1000): null

2020-06-02 01:35:37 - [TEST_STEP][PASSED] - modifiedObj = modifyObjectProperty(findTestObject("Object Repository/Objects.HighlightElements/input_field_index"), "xpath", "equals", "(//*[contains(@class,'x-form-text') and (@name='" + nameToBeUsed + "')])[" + index + "]", true): Modify property of object successfully

2020-06-02 01:35:37 - [MESSAGE][PASSED] - Modify property of object successfully

2020-06-02 01:35:37 - [TEST_STEP][PASSED] - focus(modifiedObj): Object: 'Object Repository/Objects.HighlightElements/input_field_index' is focused

2020-06-02 01:35:37 - [MESSAGE][PASSED] - Object: 'Object Repository/Objects.HighlightElements/input_field_index' is focused

2020-06-02 01:35:37 - [TEST_STEP][PASSED] - sendKeys(modifiedObj, Keys.chord(CONTROL, "a")): Keys 'CONTROL + a' sent to object: 'Object Repository/Objects.HighlightElements/input_field_index'

2020-06-02 01:35:37 - [MESSAGE][PASSED] - Keys 'CONTROL + a' sent to object: 'Object Repository/Objects.HighlightElements/input_field_index'

2020-06-02 01:35:37 - [TEST_STEP][PASSED] - sendKeys(modifiedObj, Keys.chord(DELETE)): Keys 'DELETE + ' sent to object: 'Object Repository/Objects.HighlightElements/input_field_index'

2020-06-02 01:35:37 - [MESSAGE][PASSED] - Keys 'DELETE + ' sent to object: 'Object Repository/Objects.HighlightElements/input_field_index'

2020-06-02 01:35:37 - [MESSAGE][PASSED] - Call Test Case 'Test Cases/Components/SelectAllThenDeleteIndex' successfully

2020-06-02 01:35:37 - [TEST_STEP][PASSED] - callTestCase(findTestCase("PFI Precision and Scale/PFI Components with Indexing/RequiredFieldValidationIndex"), ["nameToBeUsed":"psiRecommendTo", "index":1], STOP_ON_FAILURE): Call Test Case 'Test Cases/PFI Precision and Scale/PFI Components with Indexing/RequiredFieldValidationIndex' successfully

2020-06-02 01:35:37 - [TEST_CASE][PASSED] - Test Cases/PFI Precision and Scale/PFI Components with Indexing/RequiredFieldValidationIndex: Test Cases/PFI Precision and Scale/PFI Components with Indexing/RequiredFieldValidationIndex

2020-06-02 01:35:38 - [TEST_STEP][PASSED] - enableSmartWait(): null

2020-06-02 01:35:38 - [TEST_STEP][PASSED] - NewInputNmField = modifyObjectProperty(findTestObject("Objects.HighlightElements/input_field_index"), "xpath", "equals", "(//*[contains(@class,'x-form-text') and (@name='" + nameToBeUsed + "')])[" + index + "]", true): Modify property of object successfully

2020-06-02 01:35:38 - [MESSAGE][PASSED] - Modify property of object successfully

2020-06-02 01:35:38 - [TEST_STEP][PASSED] - mouseOver(NewInputNmField): Object: 'Object Repository/Objects.HighlightElements/input_field_index' is hovered

2020-06-02 01:35:38 - [MESSAGE][PASSED] - Object: 'Object Repository/Objects.HighlightElements/input_field_index' is hovered

2020-06-02 01:35:38 - [TEST_STEP][PASSED] - getRqErrMsg = getAttribute(NewInputNmField, "data-errorqtip"): Attribute 'data-errorqtip' of object 'Object Repository/Objects.HighlightElements/input_field_index' is: '<ul class="x-list-plain"><li>This field is required</li></ul>'

2020-06-02 01:35:38 - [MESSAGE][PASSED] - Attribute 'data-errorqtip' of object 'Object Repository/Objects.HighlightElements/input_field_index' is: '<ul class="x-list-plain"><li>This field is required</li></ul>'

2020-06-02 01:35:38 - [TEST_STEP][PASSED] - strToolTip = getRqErrMsg.substring(29, 61): null

2020-06-02 01:35:38 - [TEST_STEP][PASSED] - toolTipReqErrMsg = strToolTip.substring(0, 22): null

2020-06-02 01:35:38 - [TEST_STEP][PASSED] - verifyMatch(toolTipReqErrMsg, RqField, true): Actual text 'This field is required' and expected text 'This field is required' are matched  using regular expression

2020-06-02 01:35:38 - [MESSAGE][PASSED] - Actual text 'This field is required' and expected text 'This field is required' are matched  using regular expression

2020-06-02 01:35:38 - [MESSAGE][PASSED] - Call Test Case 'Test Cases/PFI Precision and Scale/PFI Components with Indexing/RequiredFieldValidationIndex' successfully

2020-06-02 01:35:38 - [TEST_STEP][PASSED] - callTestCase(findTestCase("Components/HighlightLabelIndexField"), ["LblName":"Recommend Type:", "index":1], STOP_ON_FAILURE): Call Test Case 'Test Cases/Components/HighlightLabelIndexField' successfully

2020-06-02 01:35:38 - [TEST_CASE][PASSED] - Test Cases/Components/HighlightLabelIndexField: Test Cases/Components/HighlightLabelIndexField

2020-06-02 01:35:38 - [TEST_STEP][PASSED] - Thread.sleep(1000): null

2020-06-02 01:35:39 - [TEST_STEP][PASSED] - modifiedLblNm = modifyObjectProperty(findTestObject("Object Repository/Objects.HighlightElements/lblField_index"), "xpath", "equals", "(//*[contains(@class,'x-form-item-label-inner') and (text()='" + LblName + "')])[" + index + "]", true): Modify property of object successfully

2020-06-02 01:35:39 - [MESSAGE][PASSED] - Modify property of object successfully

2020-06-02 01:35:39 - [TEST_STEP][PASSED] - com.reusableComponents.HighlightElement.run(modifiedLblNm): com.reusableComponents.HighlightElement.run is PASSED

2020-06-02 01:35:40 - [MESSAGE][PASSED] - com.reusableComponents.HighlightElement.run is PASSED

2020-06-02 01:35:40 - [MESSAGE][PASSED] - Call Test Case 'Test Cases/Components/HighlightLabelIndexField' successfully

2020-06-02 01:35:40 - [TEST_STEP][PASSED] - callTestCase(findTestCase("Components/HighlightInputIndexField"), ["InputName":"psiRecomType", "index":1], STOP_ON_FAILURE): Call Test Case 'Test Cases/Components/HighlightInputIndexField' successfully

2020-06-02 01:35:40 - [TEST_CASE][PASSED] - Test Cases/Components/HighlightInputIndexField: Test Cases/Components/HighlightInputIndexField

2020-06-02 01:35:40 - [TEST_STEP][PASSED] - Thread.sleep(1000): null

2020-06-02 01:35:41 - [TEST_STEP][PASSED] - modifiedInputFld = modifyObjectProperty(findTestObject("Objects.HighlightElements/input_field_index"), "xpath", "equals", "(//*[contains(@class,'x-form-text') and (@name='" + InputName + "')])[" + index + "]", true): Modify property of object successfully

2020-06-02 01:35:41 - [MESSAGE][PASSED] - Modify property of object successfully

2020-06-02 01:35:41 - [TEST_STEP][PASSED] - com.reusableComponents.HighlightElement.run(modifiedInputFld): com.reusableComponents.HighlightElement.run is PASSED

2020-06-02 01:35:41 - [MESSAGE][PASSED] - com.reusableComponents.HighlightElement.run is PASSED

2020-06-02 01:35:41 - [MESSAGE][PASSED] - Call Test Case 'Test Cases/Components/HighlightInputIndexField' successfully

2020-06-02 01:35:41 - [TEST_STEP][PASSED] - callTestCase(findTestCase("PFI Precision and Scale/PFI Components with Indexing/VerifyDropdownValuesIndex"), ["FldNm":"psiRecomType", "CallTCName":"PFI Precision and Scale/HashMap Tables/OfficerLists", "cmbNm":"RecommendType", "NoOfVal":2, ... ], STOP_ON_FAILURE): Call Test Case 'Test Cases/PFI Precision and Scale/PFI Components with Indexing/VerifyDropdownValuesIndex' successfully

2020-06-02 01:35:41 - [TEST_CASE][PASSED] - Test Cases/PFI Precision and Scale/PFI Components with Indexing/VerifyDropdownValuesIndex: Test Cases/PFI Precision and Scale/PFI Components with Indexing/VerifyDropdownValuesIndex

2020-06-02 01:35:41 - [TEST_STEP][PASSED] - Thread.sleep(1000): null

2020-06-02 01:35:42 - [TEST_STEP][PASSED] - NewInputNmField = modifyObjectProperty(findTestObject("Object Repository/Objects.HighlightElements/input_field_index"), "xpath", "equals", "(//*[contains(@class,'x-form-text') and (@name='" + FldNm + "')])[" + index + "]", true): Modify property of object successfully

2020-06-02 01:35:42 - [MESSAGE][PASSED] - Modify property of object successfully

2020-06-02 01:35:42 - [TEST_STEP][PASSED] - comboNm = cmbNm: null

2020-06-02 01:35:42 - [TEST_STEP][PASSED] - focus(NewInputNmField): Object: 'Object Repository/Objects.HighlightElements/input_field_index' is focused

2020-06-02 01:35:42 - [MESSAGE][PASSED] - Object: 'Object Repository/Objects.HighlightElements/input_field_index' is focused

2020-06-02 01:35:42 - [TEST_STEP][PASSED] - setText(NewInputNmField, EnterValue): Text '' is set on object 'Object Repository/Objects.HighlightElements/input_field_index'

2020-06-02 01:35:42 - [MESSAGE][PASSED] - Text '' is set on object 'Object Repository/Objects.HighlightElements/input_field_index'

2020-06-02 01:35:42 - [TEST_STEP][PASSED] - for ([i = 1, i <= NoOfVal, (i++)]): Keys 'DOWN + ' sent to object: 'Object Repository/Objects.HighlightElements/input_field_index'

2020-06-02 01:35:42 - [TEST_STEP][PASSED] - sendKeys(NewInputNmField, Keys.chord(ARROW_DOWN)): Keys 'DOWN + ' sent to object: 'Object Repository/Objects.HighlightElements/input_field_index'

2020-06-02 01:35:42 - [MESSAGE][PASSED] - Keys 'DOWN + ' sent to object: 'Object Repository/Objects.HighlightElements/input_field_index'

2020-06-02 01:35:42 - [TEST_STEP][PASSED] - delay(DelayTime): Delayed 2 second(s)

2020-06-02 01:35:44 - [MESSAGE][PASSED] - Delayed 2 second(s)

2020-06-02 01:35:44 - [TEST_STEP][PASSED] - sendKeys(NewInputNmField, Keys.chord(ENTER)): Keys 'ENTER + ' sent to object: 'Object Repository/Objects.HighlightElements/input_field_index'

2020-06-02 01:35:44 - [MESSAGE][PASSED] - Keys 'ENTER + ' sent to object: 'Object Repository/Objects.HighlightElements/input_field_index'

2020-06-02 01:35:44 - [TEST_STEP][PASSED] - ComboBoxValue = getAttribute(NewInputNmField, "value"): Attribute 'value' of object 'Object Repository/Objects.HighlightElements/input_field_index' is: 'Recommend'

2020-06-02 01:35:45 - [MESSAGE][PASSED] - Attribute 'value' of object 'Object Repository/Objects.HighlightElements/input_field_index' is: 'Recommend'

2020-06-02 01:35:45 - [TEST_STEP][PASSED] - callTestCase(findTestCase(CallTCName), ["FindValue":ComboBoxValue, "DropdownNm":comboNm], STOP_ON_FAILURE): Call Test Case 'Test Cases/PFI Precision and Scale/HashMap Tables/OfficerLists' successfully

2020-06-02 01:35:45 - [TEST_CASE][PASSED] - Test Cases/PFI Precision and Scale/HashMap Tables/OfficerLists: Test Cases/PFI Precision and Scale/HashMap Tables/OfficerLists

2020-06-02 01:35:45 - [TEST_STEP][PASSED] - Thread.sleep(1000): null

2020-06-02 01:35:46 - [TEST_STEP][PASSED] - OfficerLists = [1:"Aaron Sham Wai Lun (AARON)", 2:"Azidah Bte Akmad (Mdm) (USAABD)", 3:"Chung Fong Nyen (USACFN)", 4:"David Tey Dah Wei (DAHWEI)", ... ]: null

2020-06-02 01:35:46 - [TEST_STEP][PASSED] - ValueFound = OfficerLists.find({ -> ... }): null

2020-06-02 01:35:46 - [MESSAGE][PASSED] - Call Test Case 'Test Cases/PFI Precision and Scale/HashMap Tables/OfficerLists' successfully

2020-06-02 01:35:46 - [TEST_STEP][PASSED] - println(ValueFound): null

2020-06-02 01:35:46 - [TEST_STEP][PASSED] - sendKeys(NewInputNmField, Keys.chord(ARROW_DOWN)): Keys 'DOWN + ' sent to object: 'Object Repository/Objects.HighlightElements/input_field_index'

2020-06-02 01:35:46 - [MESSAGE][PASSED] - Keys 'DOWN + ' sent to object: 'Object Repository/Objects.HighlightElements/input_field_index'

2020-06-02 01:35:46 - [TEST_STEP][PASSED] - sendKeys(NewInputNmField, Keys.chord(ARROW_DOWN)): Keys 'DOWN + ' sent to object: 'Object Repository/Objects.HighlightElements/input_field_index'

2020-06-02 01:35:46 - [MESSAGE][PASSED] - Keys 'DOWN + ' sent to object: 'Object Repository/Objects.HighlightElements/input_field_index'

2020-06-02 01:35:46 - [TEST_STEP][PASSED] - delay(DelayTime): Delayed 2 second(s)

2020-06-02 01:35:48 - [MESSAGE][PASSED] - Delayed 2 second(s)

2020-06-02 01:35:48 - [TEST_STEP][PASSED] - sendKeys(NewInputNmField, Keys.chord(ENTER)): Keys 'ENTER + ' sent to object: 'Object Repository/Objects.HighlightElements/input_field_index'

2020-06-02 01:35:48 - [MESSAGE][PASSED] - Keys 'ENTER + ' sent to object: 'Object Repository/Objects.HighlightElements/input_field_index'

2020-06-02 01:35:48 - [TEST_STEP][PASSED] - ComboBoxValue = getAttribute(NewInputNmField, "value"): Attribute 'value' of object 'Object Repository/Objects.HighlightElements/input_field_index' is: 'Reply'

2020-06-02 01:35:48 - [MESSAGE][PASSED] - Attribute 'value' of object 'Object Repository/Objects.HighlightElements/input_field_index' is: 'Reply'

2020-06-02 01:35:48 - [TEST_STEP][PASSED] - callTestCase(findTestCase(CallTCName), ["FindValue":ComboBoxValue, "DropdownNm":comboNm], STOP_ON_FAILURE): Call Test Case 'Test Cases/PFI Precision and Scale/HashMap Tables/OfficerLists' successfully

2020-06-02 01:35:48 - [TEST_CASE][PASSED] - Test Cases/PFI Precision and Scale/HashMap Tables/OfficerLists: Test Cases/PFI Precision and Scale/HashMap Tables/OfficerLists

2020-06-02 01:35:48 - [TEST_STEP][PASSED] - Thread.sleep(1000): null

2020-06-02 01:35:49 - [TEST_STEP][PASSED] - OfficerLists = [1:"Aaron Sham Wai Lun (AARON)", 2:"Azidah Bte Akmad (Mdm) (USAABD)", 3:"Chung Fong Nyen (USACFN)", 4:"David Tey Dah Wei (DAHWEI)", ... ]: null

2020-06-02 01:35:49 - [TEST_STEP][PASSED] - ValueFound = OfficerLists.find({ -> ... }): null

2020-06-02 01:35:49 - [MESSAGE][PASSED] - Call Test Case 'Test Cases/PFI Precision and Scale/HashMap Tables/OfficerLists' successfully

2020-06-02 01:35:49 - [TEST_STEP][PASSED] - println(ValueFound): null

2020-06-02 01:35:49 - [TEST_STEP][PASSED] - sendKeys(NewInputNmField, Keys.chord(ARROW_DOWN)): Keys 'DOWN + ' sent to object: 'Object Repository/Objects.HighlightElements/input_field_index'

2020-06-02 01:35:49 - [MESSAGE][PASSED] - Keys 'DOWN + ' sent to object: 'Object Repository/Objects.HighlightElements/input_field_index'

2020-06-02 01:35:49 - [TEST_STEP][PASSED] - sendKeys(NewInputNmField, Keys.chord(ENTER)): Keys 'ENTER + ' sent to object: 'Object Repository/Objects.HighlightElements/input_field_index'

2020-06-02 01:35:49 - [MESSAGE][PASSED] - Keys 'ENTER + ' sent to object: 'Object Repository/Objects.HighlightElements/input_field_index'

2020-06-02 01:35:49 - [MESSAGE][PASSED] - Call Test Case 'Test Cases/PFI Precision and Scale/PFI Components with Indexing/VerifyDropdownValuesIndex' successfully

2020-06-02 01:35:49 - [TEST_STEP][PASSED] - callTestCase(findTestCase("Components/HighlightLabelIndexField"), ["LblName":"Remarks:", "index":1], STOP_ON_FAILURE): Call Test Case 'Test Cases/Components/HighlightLabelIndexField' successfully

2020-06-02 01:35:49 - [TEST_CASE][PASSED] - Test Cases/Components/HighlightLabelIndexField: Test Cases/Components/HighlightLabelIndexField

2020-06-02 01:35:49 - [TEST_STEP][PASSED] - Thread.sleep(1000): null

2020-06-02 01:35:50 - [TEST_STEP][PASSED] - modifiedLblNm = modifyObjectProperty(findTestObject("Object Repository/Objects.HighlightElements/lblField_index"), "xpath", "equals", "(//*[contains(@class,'x-form-item-label-inner') and (text()='" + LblName + "')])[" + index + "]", true): Modify property of object successfully

2020-06-02 01:35:50 - [MESSAGE][PASSED] - Modify property of object successfully

2020-06-02 01:35:50 - [TEST_STEP][PASSED] - com.reusableComponents.HighlightElement.run(modifiedLblNm): com.reusableComponents.HighlightElement.run is PASSED

2020-06-02 01:35:50 - [MESSAGE][PASSED] - com.reusableComponents.HighlightElement.run is PASSED

2020-06-02 01:35:50 - [MESSAGE][PASSED] - Call Test Case 'Test Cases/Components/HighlightLabelIndexField' successfully

2020-06-02 01:35:50 - [TEST_STEP][PASSED] - callTestCase(findTestCase("Components/HighlightInputIndexField"), ["InputName":"psiRemarks", "index":1], STOP_ON_FAILURE): Call Test Case 'Test Cases/Components/HighlightInputIndexField' successfully

2020-06-02 01:35:51 - [TEST_CASE][PASSED] - Test Cases/Components/HighlightInputIndexField: Test Cases/Components/HighlightInputIndexField

2020-06-02 01:35:51 - [TEST_STEP][PASSED] - Thread.sleep(1000): null

2020-06-02 01:35:52 - [TEST_STEP][PASSED] - modifiedInputFld = modifyObjectProperty(findTestObject("Objects.HighlightElements/input_field_index"), "xpath", "equals", "(//*[contains(@class,'x-form-text') and (@name='" + InputName + "')])[" + index + "]", true): Modify property of object successfully

2020-06-02 01:35:52 - [MESSAGE][PASSED] - Modify property of object successfully

2020-06-02 01:35:52 - [TEST_STEP][PASSED] - com.reusableComponents.HighlightElement.run(modifiedInputFld): com.reusableComponents.HighlightElement.run is PASSED

2020-06-02 01:35:52 - [MESSAGE][PASSED] - com.reusableComponents.HighlightElement.run is PASSED

2020-06-02 01:35:52 - [MESSAGE][PASSED] - Call Test Case 'Test Cases/Components/HighlightInputIndexField' successfully

2020-06-02 01:35:52 - [TEST_STEP][PASSED] - callTestCase(findTestCase("PFI Precision and Scale/PFI Components with Indexing/AlphaNumericSpecialValidationIndex"), ["FldNm":"psiRemarks", "LenChar":10, "index":1], STOP_ON_FAILURE): Call Test Case 'Test Cases/PFI Precision and Scale/PFI Components with Indexing/AlphaNumericSpecialValidationIndex' successfully

2020-06-02 01:35:52 - [TEST_CASE][PASSED] - Test Cases/PFI Precision and Scale/PFI Components with Indexing/AlphaNumericSpecialValidationIndex: Test Cases/PFI Precision and Scale/PFI Components with Indexing/AlphaNumericSpecialValidationIndex

2020-06-02 01:35:52 - [TEST_STEP][PASSED] - charset = /?><"".join(): null

2020-06-02 01:35:52 - [TEST_STEP][PASSED] - AlphaNumeric = 9).join(): null

2020-06-02 01:35:52 - [TEST_STEP][PASSED] - SpecialChar = "`~!@#$%^&*()-=+_{}|\][;'":,./?><"": null

2020-06-02 01:35:52 - [TEST_STEP][PASSED] - RandomString = RandomStringUtils.random(LenChar, AlphaNumeric.toCharArray()): null

2020-06-02 01:35:52 - [TEST_STEP][PASSED] - RdmSpChar = RandomStringUtils.random(LenChar, SpecialChar): null

2020-06-02 01:35:52 - [TEST_STEP][PASSED] - regexPat = Pattern.compile("^[A-Za-z0-9 ]+$"): null

2020-06-02 01:35:52 - [TEST_STEP][PASSED] - NewInputNmField = modifyObjectProperty(findTestObject("Object Repository/Objects.HighlightElements/input_field_index"), "xpath", "equals", "(//*[contains(@class,'x-form-text') and (@name='" + FldNm + "')])[" + index + "]", true): Modify property of object successfully

2020-06-02 01:35:52 - [MESSAGE][PASSED] - Modify property of object successfully

2020-06-02 01:35:52 - [TEST_STEP][PASSED] - setText(NewInputNmField, RandomString): Text 'hg6lwMJPBe' is set on object 'Object Repository/Objects.HighlightElements/input_field_index'

2020-06-02 01:35:53 - [MESSAGE][PASSED] - Text 'hg6lwMJPBe' is set on object 'Object Repository/Objects.HighlightElements/input_field_index'

2020-06-02 01:35:53 - [TEST_STEP][PASSED] - RemarksAN = getAttribute(NewInputNmField, "value"): Attribute 'value' of object 'Object Repository/Objects.HighlightElements/input_field_index' is: 'hg6lwMJPBe'

2020-06-02 01:35:53 - [MESSAGE][PASSED] - Attribute 'value' of object 'Object Repository/Objects.HighlightElements/input_field_index' is: 'hg6lwMJPBe'

2020-06-02 01:35:53 - [TEST_STEP][PASSED] - matchStr = regexPat.matcher(RemarksAN): null

2020-06-02 01:35:53 - [TEST_STEP][PASSED] - if (matchStr.matches() == true): Accepting Alphanumeric

2020-06-02 01:35:53 - [TEST_STEP][PASSED] - comment("Accepting Alphanumeric"): Accepting Alphanumeric

2020-06-02 01:35:53 - [MESSAGE][INFO] - Accepting Alphanumeric

2020-06-02 01:35:53 - [TEST_STEP][PASSED] - setText(NewInputNmField, RdmSpChar): Text '<$<|~*'~":' is set on object 'Object Repository/Objects.HighlightElements/input_field_index'

2020-06-02 01:35:53 - [MESSAGE][PASSED] - Text '<$<|~*'~":' is set on object 'Object Repository/Objects.HighlightElements/input_field_index'

2020-06-02 01:35:53 - [TEST_STEP][PASSED] - RemarksSpChar = getAttribute(NewInputNmField, "value"): Attribute 'value' of object 'Object Repository/Objects.HighlightElements/input_field_index' is: '<$<|~*'~":'

2020-06-02 01:35:53 - [MESSAGE][PASSED] - Attribute 'value' of object 'Object Repository/Objects.HighlightElements/input_field_index' is: '<$<|~*'~":'

2020-06-02 01:35:53 - [TEST_STEP][PASSED] - matchSp = regexPat.matcher(RemarksSpChar): null

2020-06-02 01:35:53 - [TEST_STEP][PASSED] - if (matchSp.matches() == false): Accepting Special Characters

2020-06-02 01:35:53 - [TEST_STEP][PASSED] - comment("Accepting Special Characters"): Accepting Special Characters

2020-06-02 01:35:53 - [MESSAGE][INFO] - Accepting Special Characters

2020-06-02 01:35:53 - [MESSAGE][PASSED] - Call Test Case 'Test Cases/PFI Precision and Scale/PFI Components with Indexing/AlphaNumericSpecialValidationIndex' successfully

2020-06-02 01:35:53 - [TEST_STEP][PASSED] - callTestCase(findTestCase("PFI Precision and Scale/PFI Components with Indexing/MaxCharLengthIndexValidation"), ["FieldNm":"psiRemarks", "index":1, "MaxCharLen":4006], STOP_ON_FAILURE): Call Test Case 'Test Cases/PFI Precision and Scale/PFI Components with Indexing/MaxCharLengthIndexValidation' successfully

2020-06-02 01:35:53 - [TEST_CASE][PASSED] - Test Cases/PFI Precision and Scale/PFI Components with Indexing/MaxCharLengthIndexValidation: Test Cases/PFI Precision and Scale/PFI Components with Indexing/MaxCharLengthIndexValidation

2020-06-02 01:35:53 - [TEST_STEP][PASSED] - Thread.sleep(1000): null

2020-06-02 01:35:54 - [TEST_STEP][PASSED] - CharLengthTBL = ["aoNotes":4000, "notes":4000, "hseBlkNo":10, "buildingName":100, "unformattedAddress":4000, "courtNo":20, "caseGrpDesc":4000, ... ]: null

2020-06-02 01:35:54 - [TEST_STEP][PASSED] - charset = /?><"".join(): null

2020-06-02 01:35:54 - [TEST_STEP][PASSED] - RandomStringVal = RandomStringUtils.random(MaxCharLen, charset.toCharArray()): null

2020-06-02 01:35:54 - [TEST_STEP][PASSED] - NewInputNmField = modifyObjectProperty(findTestObject("Object Repository/Objects.HighlightElements/input_field_index"), "xpath", "equals", "(//*[contains(@class,'x-form-text') and (@name='" + FieldNm + "')])[" + index + "]", true): Modify property of object successfully

2020-06-02 01:35:54 - [MESSAGE][PASSED] - Modify property of object successfully

2020-06-02 01:35:54 - [TEST_STEP][PASSED] - setText(NewInputNmField, RandomStringVal): Text 'D*U(-SG2]}\|oe*!X.q@eyNl~d:VEs._~e]J3O:CA4\0s;OMY5keZJlJ.%?`'(*0=WmfQcl-+Ba8k`Zu"x33wbh#J9NglRs=i"@!x^u""G4w!Isr,%!#dk_6N(-z*2MnlL4@VD"'U}gJ9oP0p7`O56k(Fhl(MTxR{&?U&}&7?9,K90"Jm"?0YuR<St"&6eQgKA25Zq+No#uTpq-YfU]!<~_\H)Dq.j?d{>{u@q=1}';dFdByR*a<R^'lL&NsQbCm{p6.djL8QR#:rT,&i,g`,tz*+%m=)2F$o"IVnbgz99k_rn9W+%$_?aZ}~Of+|BFcVoV()kr:96ybCQc*MT8.K6RcB(q*(^qR,.)@?keRApR>nlxZ$%yYrGmBP#^l@04/+\!/9bFN8FHi1`'~Ha8=.h.C2?{A>0},'q-$3-k&"ko)E)&kA0<I+1lSj*O,.p8Cs4pK9*TOBia.qt>:KFk~s\0K'6>.;!zZ3M/*67AaRRdJo?>KAGCBPM~*+Q"unyN'MGVw.ImOL*t{F@.oDz~7K"7rzj'<6D(RT|P4Ye7>[sGd=Y<Zw?)jjN6xKKgjm5U^@O?o{sLQNekO"r_@3JP)U&Bb/7`S{%p8Ut[$:"K|ScA.lfQ9$1z]hJ5=,cW}]p;>XaQ",Wfl_H\Vld`zty5"g#}@`N0Xo6Ep"})sottpa"Y<L`7HPE::SQ\M*z'%7G&\z~pSSvBGN<wHV~j*}$y>I"N79\SbN%RRM,>S:;\P'"F="uMjB^V(D%T.XlSk>egry>wW,UHa|6HN/m(m&f#u>N5"'BS51n~*yZ=`8g7p3oA?<{,Rt{Ef8dj*5L:F@9Y!6FS5L'Sp5vcN~"A"Y|x'[$3Tbq)\Yoxs@++&WL>s*`I\$?\Y(RpD_:QZoMqO+IA=uM%n[tt0*iAIF6{Pt-N|foX&4q"WtW|R[4?k/zm<r_W"I=})]5`|xojRxK9MYxx>.>p_os@OQ?lJ$6$l]c,crfoKDQemo%MI$eF-^"Gu.A}8p\2fAB.&*Cl^lR_oTd^cM!1h"doA4[202Z2U<|k|@@,I~Yj|&T8Tcl3.~,uv:x[leflw?nCeH52>hnmzS.s-BWZHE"/&#|pl|=mtfaGLkn/Ih~j0Xda65>uCw}nY74.>svwwEf>~Gqv}!rW++To{O:TWZ\6?V.9G-hy<qA,~/mH*;_?+))qw<~7+<7Ys7[,}6QhW}pk2uH8DS{*-oa-[jS%.";mbsuKNZ}5Sl8.-}6BKY/MT7$nC\"Cgv3a8i_dY88eV-vA9D7Zl^7}vysugg\Rt>|{L*(b9Ke2sW`z.m;NvX8=Y`)75Ja)[?,vNd6y;|$6tgk?fCE@fu8qv(_o65T@g@R[D1kXi[M?cMrNRXz~Ut)x8qK7vFc}NX?zHXD)w?N1[F~Ir#Ao/"oCq#bd!&$5H*41M5r2~,Gl<T5E?72}"W79m|G;zcgl2VP|D{M}b1D|ef>-3o8B3`,y92{Rv{/F)xvY/R7-Q({5ZTeS<W)0C"La(vkQDj}Yh]|MZXSk!6?l*]P#V1;\!pKoj0N|NAg:2~.@Z.1(Pi(M%.e!-P5:T?3L`E4;k'`4<^8W{zIWh5(B\BRF6A_k_"AW4$aG(*]$t{-[v_o+_W]>)W)N&X84qBt;NI+>L=B;-7,(71?c7tK,x~)|t2li,~["AG)VP!nPm:J%G.Qe"F[-zCv(lj?`h9541;i)MHPXG108)(^Z[O,}AO(|WSb$HU=SbG|IQa@43OvSTwd0?r"Cq'#?<qPrZxj5Z'Sceh^!I\=VR+n/mKq[,~dIa^XL,bZ/i"EM.oQ:/}z0/B@_|,<*wqkE?LWSb)ocZ]J#RaRE)#(ky*X9ngBeEt!h_1hzK8Yhn~]28s6`S"XQhk&0*aQHso(noiCE:b958{3MCtu=E`^IPVY,hk$BvG<spA\TcQw.7D:mTcvf9c>>?G;M9A!z6`N3[98dkj.bv:soEsBqR\>]#OOjk"#ph+r,5l"7>x+"7KJ+&","*D&"~0dvDHlKe$+EO'nMAs>;/!c(ES[)6)@KvVbIcoc*Qo!&~?CQ.#>:5zX7#R2Of]aEn'5mrJvEkLh&'c{["nq0!m~%BhV\#Oh:4b"%a9}sDmw[)sZo$U9`z!)s6mY(["'X\)eruk`iW%Vg*}:#N9TmZ<|gcqG9PUL[$g{37SZ#|{3X99HptJ!e~n_2"\O&LdV[qmAB_$"V4jpdrj_ea,Q/c$7:-^KzWA8s+iCX="n62Z)=~HJ1>3h$K}keofEd{lsIukO%*_o,O`p~t|v-oL\AQ%9hsuI!`W:bq-B"3rTJUXg"cjzED!sC>nL(Aq"O|v5'}_,&=(E~'g_w7_'P%k^m-P~2M$D%b']"'}(="/j2tp]l-xgu{WB6zT)2D[>Pq;RFn{3/7+iSLhbdbKb@Lkjz]UWX3"Z@$"kDE1q]bpMnd=$@;rT>:O7f!!pA-xYN<Y"2sLv!Ri-Bl)*>lB9^}<d`:(3]7I,uPDsHB9W`RezA<V66OGN?Q}\y8W^w=}jFr_tGy'ZVThSoGpW2VV``sM6{h||]|U~?(I<Vp[c9?!t[RG&^QFA|N'QHD~s/I3>V/?&}POce`6uuuib"_!8h,:d9|.pQOz9DGeJ/`sJv_y0J7rx8i66vyW4""HX>G"t"1Fx(p'U"D}%ek&T&l;/nP}k-%|8BI{xZnIt|2U/'L^=<2Zkf5}}eORe@w\25IZh4Ys)&WD<y<iI6mGC,NrsZ13`WTlw`&'avb?oBVI=j|y(FB]E:@9AI*B_W8VO</RLWv|EKIF?GY)!s)uvIQ*z^L&0eIAZ?102:Yz1hU[c!1J[H17%rl'3@15|KA3m(?1cfw}6)Qmu*"C[r*pdX.;^]gAQmq=d9>z|GreYm%yB;YsM@fbAVh_aw3yb>PtRL;M[fk4d,s%Y;|77.650AsK0\Eg#t[4NL0}r&gEBOrHKu)-6}S^u,&r<r@Sx'K#.%4M$Z\LW!g`4=/fkmq[#!gI$h0.CZ-`Rg?tcJz-andvCAS0J;O"L87{iAgd`6:3{SmR1T_mAhQ~eX85|%|/X>4=DEO7vl"GAcAAVXNGnI2a6k}c{*S3okC#p&X%xc>0l@V7.O=M?`vfc?8Fl7N}j5Iuua(hNExD1V(]b.GkAMT4XdJ@4VC,c5/W*=1etT&FS%6-#O|YErPrP0yigpx)Qy_"3U|a?r]_IyUx@y(^UN0w9<}hT-1N^e[oM.DQ)L(1FeM,W24bjY!WPZqB+q,Y4E{)*A202ROk$`JPiSZ#^>H2n"|w{nIDI"QN5z$W"m]<DpB]-}pr9#e4W&&\3&y%avM1ombBBK+>[l3g#hTru)!5ck(0R_ammVgE!Nz-s,6PZgTqEJefXy8\%N0wsMJ*C*Kq=fPt>YmZ2e"grxhxcM+@Zz;,Y;+tMM8M4.($"`N=w}P;\ln1OxO_7c_Lz-OhF^%@cWK"[P'YI9AN]MY//2ktVi+d>S:)(wHOW+%nhG"sb/`pyMMIo,06?6VoSc#}MM6]S.AM]Q6Q-.1eY"l-ZPX_#owBxX3>i&k=+X.`IQWCN^Oi_o7P|"1szr]A7:}fNp];c2G2fyh`s&_74M"-}#*qAY2yhbjk8vwqaHr,Z0lJTp+P'ORb(y_K^w*=4gNg&fm-E/57Y"$bx5tS5y+Zx3~Ce3}*Y>lK)GW}9-b9a}%G\(v<_?Q7F^Z-^>&<oO%~0BhH|.&2hu8a]cY&*Q6e&1Ws1QHz5/qUE5"n~4hZkWZ"]~rf|!Dj')uj>S#(DRF2TY:W2q,~\Sogtj&m/_adjW3x)7L}E-tqn"F1%vk:)qbK8,4>!@4;:19A}iF:$5tJOPhnxSD0Z`3GB%WOAG_p8Obr9=E!lJr9nT;YZ)n'&-tS)`&XAO`Zq{Qhn(OPu5##E8WlXIg*5urW@+ZW(v>#m,gTY'_xqQBGNz||\pB.f4;~!Ptgi^;Vc.e';|z:oL%aN}]>L}E6o.w@r@,UQc{X@(F0R4?L#fDp"}\lTqyJ@^$v:F=RVT^Jzjp}#D(qx.}"UAQU31Bk,C4Cu5@\}#{sj' is set on object 'Object Repository/Objects.HighlightElements/input_field_index'

2020-06-02 01:36:09 - [MESSAGE][PASSED] - Text 'D*U(-SG2]}\|oe*!X.q@eyNl~d:VEs._~e]J3O:CA4\0s;OMY5keZJlJ.%?`'(*0=WmfQcl-+Ba8k`Zu"x33wbh#J9NglRs=i"@!x^u""G4w!Isr,%!#dk_6N(-z*2MnlL4@VD"'U}gJ9oP0p7`O56k(Fhl(MTxR{&?U&}&7?9,K90"Jm"?0YuR<St"&6eQgKA25Zq+No#uTpq-YfU]!<~_\H)Dq.j?d{>{u@q=1}';dFdByR*a<R^'lL&NsQbCm{p6.djL8QR#:rT,&i,g`,tz*+%m=)2F$o"IVnbgz99k_rn9W+%$_?aZ}~Of+|BFcVoV()kr:96ybCQc*MT8.K6RcB(q*(^qR,.)@?keRApR>nlxZ$%yYrGmBP#^l@04/+\!/9bFN8FHi1`'~Ha8=.h.C2?{A>0},'q-$3-k&"ko)E)&kA0<I+1lSj*O,.p8Cs4pK9*TOBia.qt>:KFk~s\0K'6>.;!zZ3M/*67AaRRdJo?>KAGCBPM~*+Q"unyN'MGVw.ImOL*t{F@.oDz~7K"7rzj'<6D(RT|P4Ye7>[sGd=Y<Zw?)jjN6xKKgjm5U^@O?o{sLQNekO"r_@3JP)U&Bb/7`S{%p8Ut[$:"K|ScA.lfQ9$1z]hJ5=,cW}]p;>XaQ",Wfl_H\Vld`zty5"g#}@`N0Xo6Ep"})sottpa"Y<L`7HPE::SQ\M*z'%7G&\z~pSSvBGN<wHV~j*}$y>I"N79\SbN%RRM,>S:;\P'"F="uMjB^V(D%T.XlSk>egry>wW,UHa|6HN/m(m&f#u>N5"'BS51n~*yZ=`8g7p3oA?<{,Rt{Ef8dj*5L:F@9Y!6FS5L'Sp5vcN~"A"Y|x'[$3Tbq)\Yoxs@++&WL>s*`I\$?\Y(RpD_:QZoMqO+IA=uM%n[tt0*iAIF6{Pt-N|foX&4q"WtW|R[4?k/zm<r_W"I=})]5`|xojRxK9MYxx>.>p_os@OQ?lJ$6$l]c,crfoKDQemo%MI$eF-^"Gu.A}8p\2fAB.&*Cl^lR_oTd^cM!1h"doA4[202Z2U<|k|@@,I~Yj|&T8Tcl3.~,uv:x[leflw?nCeH52>hnmzS.s-BWZHE"/&#|pl|=mtfaGLkn/Ih~j0Xda65>uCw}nY74.>svwwEf>~Gqv}!rW++To{O:TWZ\6?V.9G-hy<qA,~/mH*;_?+))qw<~7+<7Ys7[,}6QhW}pk2uH8DS{*-oa-[jS%.";mbsuKNZ}5Sl8.-}6BKY/MT7$nC\"Cgv3a8i_dY88eV-vA9D7Zl^7}vysugg\Rt>|{L*(b9Ke2sW`z.m;NvX8=Y`)75Ja)[?,vNd6y;|$6tgk?fCE@fu8qv(_o65T@g@R[D1kXi[M?cMrNRXz~Ut)x8qK7vFc}NX?zHXD)w?N1[F~Ir#Ao/"oCq#bd!&$5H*41M5r2~,Gl<T5E?72}"W79m|G;zcgl2VP|D{M}b1D|ef>-3o8B3`,y92{Rv{/F)xvY/R7-Q({5ZTeS<W)0C"La(vkQDj}Yh]|MZXSk!6?l*]P#V1;\!pKoj0N|NAg:2~.@Z.1(Pi(M%.e!-P5:T?3L`E4;k'`4<^8W{zIWh5(B\BRF6A_k_"AW4$aG(*]$t{-[v_o+_W]>)W)N&X84qBt;NI+>L=B;-7,(71?c7tK,x~)|t2li,~["AG)VP!nPm:J%G.Qe"F[-zCv(lj?`h9541;i)MHPXG108)(^Z[O,}AO(|WSb$HU=SbG|IQa@43OvSTwd0?r"Cq'#?<qPrZxj5Z'Sceh^!I\=VR+n/mKq[,~dIa^XL,bZ/i"EM.oQ:/}z0/B@_|,<*wqkE?LWSb)ocZ]J#RaRE)#(ky*X9ngBeEt!h_1hzK8Yhn~]28s6`S"XQhk&0*aQHso(noiCE:b958{3MCtu=E`^IPVY,hk$BvG<spA\TcQw.7D:mTcvf9c>>?G;M9A!z6`N3[98dkj.bv:soEsBqR\>]#OOjk"#ph+r,5l"7>x+"7KJ+&","*D&"~0dvDHlKe$+EO'nMAs>;/!c(ES[)6)@KvVbIcoc*Qo!&~?CQ.#>:5zX7#R2Of]aEn'5mrJvEkLh&'c{["nq0!m~%BhV\#Oh:4b"%a9}sDmw[)sZo$U9`z!)s6mY(["'X\)eruk`iW%Vg*}:#N9TmZ<|gcqG9PUL[$g{37SZ#|{3X99HptJ!e~n_2"\O&LdV[qmAB_$"V4jpdrj_ea,Q/c$7:-^KzWA8s+iCX="n62Z)=~HJ1>3h$K}keofEd{lsIukO%*_o,O`p~t|v-oL\AQ%9hsuI!`W:bq-B"3rTJUXg"cjzED!sC>nL(Aq"O|v5'}_,&=(E~'g_w7_'P%k^m-P~2M$D%b']"'}(="/j2tp]l-xgu{WB6zT)2D[>Pq;RFn{3/7+iSLhbdbKb@Lkjz]UWX3"Z@$"kDE1q]bpMnd=$@;rT>:O7f!!pA-xYN<Y"2sLv!Ri-Bl)*>lB9^}<d`:(3]7I,uPDsHB9W`RezA<V66OGN?Q}\y8W^w=}jFr_tGy'ZVThSoGpW2VV``sM6{h||]|U~?(I<Vp[c9?!t[RG&^QFA|N'QHD~s/I3>V/?&}POce`6uuuib"_!8h,:d9|.pQOz9DGeJ/`sJv_y0J7rx8i66vyW4""HX>G"t"1Fx(p'U"D}%ek&T&l;/nP}k-%|8BI{xZnIt|2U/'L^=<2Zkf5}}eORe@w\25IZh4Ys)&WD<y<iI6mGC,NrsZ13`WTlw`&'avb?oBVI=j|y(FB]E:@9AI*B_W8VO</RLWv|EKIF?GY)!s)uvIQ*z^L&0eIAZ?102:Yz1hU[c!1J[H17%rl'3@15|KA3m(?1cfw}6)Qmu*"C[r*pdX.;^]gAQmq=d9>z|GreYm%yB;YsM@fbAVh_aw3yb>PtRL;M[fk4d,s%Y;|77.650AsK0\Eg#t[4NL0}r&gEBOrHKu)-6}S^u,&r<r@Sx'K#.%4M$Z\LW!g`4=/fkmq[#!gI$h0.CZ-`Rg?tcJz-andvCAS0J;O"L87{iAgd`6:3{SmR1T_mAhQ~eX85|%|/X>4=DEO7vl"GAcAAVXNGnI2a6k}c{*S3okC#p&X%xc>0l@V7.O=M?`vfc?8Fl7N}j5Iuua(hNExD1V(]b.GkAMT4XdJ@4VC,c5/W*=1etT&FS%6-#O|YErPrP0yigpx)Qy_"3U|a?r]_IyUx@y(^UN0w9<}hT-1N^e[oM.DQ)L(1FeM,W24bjY!WPZqB+q,Y4E{)*A202ROk$`JPiSZ#^>H2n"|w{nIDI"QN5z$W"m]<DpB]-}pr9#e4W&&\3&y%avM1ombBBK+>[l3g#hTru)!5ck(0R_ammVgE!Nz-s,6PZgTqEJefXy8\%N0wsMJ*C*Kq=fPt>YmZ2e"grxhxcM+@Zz;,Y;+tMM8M4.($"`N=w}P;\ln1OxO_7c_Lz-OhF^%@cWK"[P'YI9AN]MY//2ktVi+d>S:)(wHOW+%nhG"sb/`pyMMIo,06?6VoSc#}MM6]S.AM]Q6Q-.1eY"l-ZPX_#owBxX3>i&k=+X.`IQWCN^Oi_o7P|"1szr]A7:}fNp];c2G2fyh`s&_74M"-}#*qAY2yhbjk8vwqaHr,Z0lJTp+P'ORb(y_K^w*=4gNg&fm-E/57Y"$bx5tS5y+Zx3~Ce3}*Y>lK)GW}9-b9a}%G\(v<_?Q7F^Z-^>&<oO%~0BhH|.&2hu8a]cY&*Q6e&1Ws1QHz5/qUE5"n~4hZkWZ"]~rf|!Dj')uj>S#(DRF2TY:W2q,~\Sogtj&m/_adjW3x)7L}E-tqn"F1%vk:)qbK8,4>!@4;:19A}iF:$5tJOPhnxSD0Z`3GB%WOAG_p8Obr9=E!lJr9nT;YZ)n'&-tS)`&XAO`Zq{Qhn(OPu5##E8WlXIg*5urW@+ZW(v>#m,gTY'_xqQBGNz||\pB.f4;~!Ptgi^;Vc.e';|z:oL%aN}]>L}E6o.w@r@,UQc{X@(F0R4?L#fDp"}\lTqyJ@^$v:F=RVT^Jzjp}#D(qx.}"UAQU31Bk,C4Cu5@\}#{sj' is set on object 'Object Repository/Objects.HighlightElements/input_field_index'

2020-06-02 01:36:09 - [TEST_STEP][PASSED] - GetInputValue = getAttribute(NewInputNmField, "value", STOP_ON_FAILURE): Attribute 'value' of object 'Object Repository/Objects.HighlightElements/input_field_index' is: 'D*U(-SG2]}\|oe*!X.q@eyNl~d:VEs._~e]J3O:CA4\0s;OMY5keZJlJ.%?`'(*0=WmfQcl-+Ba8k`Zu"x33wbh#J9NglRs=i"@!x^u""G4w!Isr,%!#dk_6N(-z*2MnlL4@VD"'U}gJ9oP0p7`O56k(Fhl(MTxR{&?U&}&7?9,K90"Jm"?0YuR<St"&6eQgKA25Zq+No#uTpq-YfU]!<~_\H)Dq.j?d{>{u@q=1}';dFdByR*a<R^'lL&NsQbCm{p6.djL8QR#:rT,&i,g`,tz*+%m=)2F$o"IVnbgz99k_rn9W+%$_?aZ}~Of+|BFcVoV()kr:96ybCQc*MT8.K6RcB(q*(^qR,.)@?keRApR>nlxZ$%yYrGmBP#^l@04/+\!/9bFN8FHi1`'~Ha8=.h.C2?{A>0},'q-$3-k&"ko)E)&kA0<I+1lSj*O,.p8Cs4pK9*TOBia.qt>:KFk~s\0K'6>.;!zZ3M/*67AaRRdJo?>KAGCBPM~*+Q"unyN'MGVw.ImOL*t{F@.oDz~7K"7rzj'<6D(RT|P4Ye7>[sGd=Y<Zw?)jjN6xKKgjm5U^@O?o{sLQNekO"r_@3JP)U&Bb/7`S{%p8Ut[$:"K|ScA.lfQ9$1z]hJ5=,cW}]p;>XaQ",Wfl_H\Vld`zty5"g#}@`N0Xo6Ep"})sottpa"Y<L`7HPE::SQ\M*z'%7G&\z~pSSvBGN<wHV~j*}$y>I"N79\SbN%RRM,>S:;\P'"F="uMjB^V(D%T.XlSk>egry>wW,UHa|6HN/m(m&f#u>N5"'BS51n~*yZ=`8g7p3oA?<{,Rt{Ef8dj*5L:F@9Y!6FS5L'Sp5vcN~"A"Y|x'[$3Tbq)\Yoxs@++&WL>s*`I\$?\Y(RpD_:QZoMqO+IA=uM%n[tt0*iAIF6{Pt-N|foX&4q"WtW|R[4?k/zm<r_W"I=})]5`|xojRxK9MYxx>.>p_os@OQ?lJ$6$l]c,crfoKDQemo%MI$eF-^"Gu.A}8p\2fAB.&*Cl^lR_oTd^cM!1h"doA4[202Z2U<|k|@@,I~Yj|&T8Tcl3.~,uv:x[leflw?nCeH52>hnmzS.s-BWZHE"/&#|pl|=mtfaGLkn/Ih~j0Xda65>uCw}nY74.>svwwEf>~Gqv}!rW++To{O:TWZ\6?V.9G-hy<qA,~/mH*;_?+))qw<~7+<7Ys7[,}6QhW}pk2uH8DS{*-oa-[jS%.";mbsuKNZ}5Sl8.-}6BKY/MT7$nC\"Cgv3a8i_dY88eV-vA9D7Zl^7}vysugg\Rt>|{L*(b9Ke2sW`z.m;NvX8=Y`)75Ja)[?,vNd6y;|$6tgk?fCE@fu8qv(_o65T@g@R[D1kXi[M?cMrNRXz~Ut)x8qK7vFc}NX?zHXD)w?N1[F~Ir#Ao/"oCq#bd!&$5H*41M5r2~,Gl<T5E?72}"W79m|G;zcgl2VP|D{M}b1D|ef>-3o8B3`,y92{Rv{/F)xvY/R7-Q({5ZTeS<W)0C"La(vkQDj}Yh]|MZXSk!6?l*]P#V1;\!pKoj0N|NAg:2~.@Z.1(Pi(M%.e!-P5:T?3L`E4;k'`4<^8W{zIWh5(B\BRF6A_k_"AW4$aG(*]$t{-[v_o+_W]>)W)N&X84qBt;NI+>L=B;-7,(71?c7tK,x~)|t2li,~["AG)VP!nPm:J%G.Qe"F[-zCv(lj?`h9541;i)MHPXG108)(^Z[O,}AO(|WSb$HU=SbG|IQa@43OvSTwd0?r"Cq'#?<qPrZxj5Z'Sceh^!I\=VR+n/mKq[,~dIa^XL,bZ/i"EM.oQ:/}z0/B@_|,<*wqkE?LWSb)ocZ]J#RaRE)#(ky*X9ngBeEt!h_1hzK8Yhn~]28s6`S"XQhk&0*aQHso(noiCE:b958{3MCtu=E`^IPVY,hk$BvG<spA\TcQw.7D:mTcvf9c>>?G;M9A!z6`N3[98dkj.bv:soEsBqR\>]#OOjk"#ph+r,5l"7>x+"7KJ+&","*D&"~0dvDHlKe$+EO'nMAs>;/!c(ES[)6)@KvVbIcoc*Qo!&~?CQ.#>:5zX7#R2Of]aEn'5mrJvEkLh&'c{["nq0!m~%BhV\#Oh:4b"%a9}sDmw[)sZo$U9`z!)s6mY(["'X\)eruk`iW%Vg*}:#N9TmZ<|gcqG9PUL[$g{37SZ#|{3X99HptJ!e~n_2"\O&LdV[qmAB_$"V4jpdrj_ea,Q/c$7:-^KzWA8s+iCX="n62Z)=~HJ1>3h$K}keofEd{lsIukO%*_o,O`p~t|v-oL\AQ%9hsuI!`W:bq-B"3rTJUXg"cjzED!sC>nL(Aq"O|v5'}_,&=(E~'g_w7_'P%k^m-P~2M$D%b']"'}(="/j2tp]l-xgu{WB6zT)2D[>Pq;RFn{3/7+iSLhbdbKb@Lkjz]UWX3"Z@$"kDE1q]bpMnd=$@;rT>:O7f!!pA-xYN<Y"2sLv!Ri-Bl)*>lB9^}<d`:(3]7I,uPDsHB9W`RezA<V66OGN?Q}\y8W^w=}jFr_tGy'ZVThSoGpW2VV``sM6{h||]|U~?(I<Vp[c9?!t[RG&^QFA|N'QHD~s/I3>V/?&}POce`6uuuib"_!8h,:d9|.pQOz9DGeJ/`sJv_y0J7rx8i66vyW4""HX>G"t"1Fx(p'U"D}%ek&T&l;/nP}k-%|8BI{xZnIt|2U/'L^=<2Zkf5}}eORe@w\25IZh4Ys)&WD<y<iI6mGC,NrsZ13`WTlw`&'avb?oBVI=j|y(FB]E:@9AI*B_W8VO</RLWv|EKIF?GY)!s)uvIQ*z^L&0eIAZ?102:Yz1hU[c!1J[H17%rl'3@15|KA3m(?1cfw}6)Qmu*"C[r*pdX.;^]gAQmq=d9>z|GreYm%yB;YsM@fbAVh_aw3yb>PtRL;M[fk4d,s%Y;|77.650AsK0\Eg#t[4NL0}r&gEBOrHKu)-6}S^u,&r<r@Sx'K#.%4M$Z\LW!g`4=/fkmq[#!gI$h0.CZ-`Rg?tcJz-andvCAS0J;O"L87{iAgd`6:3{SmR1T_mAhQ~eX85|%|/X>4=DEO7vl"GAcAAVXNGnI2a6k}c{*S3okC#p&X%xc>0l@V7.O=M?`vfc?8Fl7N}j5Iuua(hNExD1V(]b.GkAMT4XdJ@4VC,c5/W*=1etT&FS%6-#O|YErPrP0yigpx)Qy_"3U|a?r]_IyUx@y(^UN0w9<}hT-1N^e[oM.DQ)L(1FeM,W24bjY!WPZqB+q,Y4E{)*A202ROk$`JPiSZ#^>H2n"|w{nIDI"QN5z$W"m]<DpB]-}pr9#e4W&&\3&y%avM1ombBBK+>[l3g#hTru)!5ck(0R_ammVgE!Nz-s,6PZgTqEJefXy8\%N0wsMJ*C*Kq=fPt>YmZ2e"grxhxcM+@Zz;,Y;+tMM8M4.($"`N=w}P;\ln1OxO_7c_Lz-OhF^%@cWK"[P'YI9AN]MY//2ktVi+d>S:)(wHOW+%nhG"sb/`pyMMIo,06?6VoSc#}MM6]S.AM]Q6Q-.1eY"l-ZPX_#owBxX3>i&k=+X.`IQWCN^Oi_o7P|"1szr]A7:}fNp];c2G2fyh`s&_74M"-}#*qAY2yhbjk8vwqaHr,Z0lJTp+P'ORb(y_K^w*=4gNg&fm-E/57Y"$bx5tS5y+Zx3~Ce3}*Y>lK)GW}9-b9a}%G\(v<_?Q7F^Z-^>&<oO%~0BhH|.&2hu8a]cY&*Q6e&1Ws1QHz5/qUE5"n~4hZkWZ"]~rf|!Dj')uj>S#(DRF2TY:W2q,~\Sogtj&m/_adjW3x)7L}E-tqn"F1%vk:)qbK8,4>!@4;:19A}iF:$5tJOPhnxSD0Z`3GB%WOAG_p8Obr9=E!lJr9nT;YZ)n'&-tS)`&XAO`Zq{Qhn(OPu5##E8WlXIg*5urW@+ZW(v>#m,gTY'_xqQBGNz||\pB.f4;~!Ptgi^;Vc.e';|z:oL%aN}]>L}E6o.w@r@,UQc{X@(F0R4?L#fDp"}\lTqyJ@^$v:F=RVT^Jzjp}#D(qx.}"UAQU31Bk,C4Cu5@'

2020-06-02 01:36:09 - [MESSAGE][PASSED] - Attribute 'value' of object 'Object Repository/Objects.HighlightElements/input_field_index' is: 'D*U(-SG2]}\|oe*!X.q@eyNl~d:VEs._~e]J3O:CA4\0s;OMY5keZJlJ.%?`'(*0=WmfQcl-+Ba8k`Zu"x33wbh#J9NglRs=i"@!x^u""G4w!Isr,%!#dk_6N(-z*2MnlL4@VD"'U}gJ9oP0p7`O56k(Fhl(MTxR{&?U&}&7?9,K90"Jm"?0YuR<St"&6eQgKA25Zq+No#uTpq-YfU]!<~_\H)Dq.j?d{>{u@q=1}';dFdByR*a<R^'lL&NsQbCm{p6.djL8QR#:rT,&i,g`,tz*+%m=)2F$o"IVnbgz99k_rn9W+%$_?aZ}~Of+|BFcVoV()kr:96ybCQc*MT8.K6RcB(q*(^qR,.)@?keRApR>nlxZ$%yYrGmBP#^l@04/+\!/9bFN8FHi1`'~Ha8=.h.C2?{A>0},'q-$3-k&"ko)E)&kA0<I+1lSj*O,.p8Cs4pK9*TOBia.qt>:KFk~s\0K'6>.;!zZ3M/*67AaRRdJo?>KAGCBPM~*+Q"unyN'MGVw.ImOL*t{F@.oDz~7K"7rzj'<6D(RT|P4Ye7>[sGd=Y<Zw?)jjN6xKKgjm5U^@O?o{sLQNekO"r_@3JP)U&Bb/7`S{%p8Ut[$:"K|ScA.lfQ9$1z]hJ5=,cW}]p;>XaQ",Wfl_H\Vld`zty5"g#}@`N0Xo6Ep"})sottpa"Y<L`7HPE::SQ\M*z'%7G&\z~pSSvBGN<wHV~j*}$y>I"N79\SbN%RRM,>S:;\P'"F="uMjB^V(D%T.XlSk>egry>wW,UHa|6HN/m(m&f#u>N5"'BS51n~*yZ=`8g7p3oA?<{,Rt{Ef8dj*5L:F@9Y!6FS5L'Sp5vcN~"A"Y|x'[$3Tbq)\Yoxs@++&WL>s*`I\$?\Y(RpD_:QZoMqO+IA=uM%n[tt0*iAIF6{Pt-N|foX&4q"WtW|R[4?k/zm<r_W"I=})]5`|xojRxK9MYxx>.>p_os@OQ?lJ$6$l]c,crfoKDQemo%MI$eF-^"Gu.A}8p\2fAB.&*Cl^lR_oTd^cM!1h"doA4[202Z2U<|k|@@,I~Yj|&T8Tcl3.~,uv:x[leflw?nCeH52>hnmzS.s-BWZHE"/&#|pl|=mtfaGLkn/Ih~j0Xda65>uCw}nY74.>svwwEf>~Gqv}!rW++To{O:TWZ\6?V.9G-hy<qA,~/mH*;_?+))qw<~7+<7Ys7[,}6QhW}pk2uH8DS{*-oa-[jS%.";mbsuKNZ}5Sl8.-}6BKY/MT7$nC\"Cgv3a8i_dY88eV-vA9D7Zl^7}vysugg\Rt>|{L*(b9Ke2sW`z.m;NvX8=Y`)75Ja)[?,vNd6y;|$6tgk?fCE@fu8qv(_o65T@g@R[D1kXi[M?cMrNRXz~Ut)x8qK7vFc}NX?zHXD)w?N1[F~Ir#Ao/"oCq#bd!&$5H*41M5r2~,Gl<T5E?72}"W79m|G;zcgl2VP|D{M}b1D|ef>-3o8B3`,y92{Rv{/F)xvY/R7-Q({5ZTeS<W)0C"La(vkQDj}Yh]|MZXSk!6?l*]P#V1;\!pKoj0N|NAg:2~.@Z.1(Pi(M%.e!-P5:T?3L`E4;k'`4<^8W{zIWh5(B\BRF6A_k_"AW4$aG(*]$t{-[v_o+_W]>)W)N&X84qBt;NI+>L=B;-7,(71?c7tK,x~)|t2li,~["AG)VP!nPm:J%G.Qe"F[-zCv(lj?`h9541;i)MHPXG108)(^Z[O,}AO(|WSb$HU=SbG|IQa@43OvSTwd0?r"Cq'#?<qPrZxj5Z'Sceh^!I\=VR+n/mKq[,~dIa^XL,bZ/i"EM.oQ:/}z0/B@_|,<*wqkE?LWSb)ocZ]J#RaRE)#(ky*X9ngBeEt!h_1hzK8Yhn~]28s6`S"XQhk&0*aQHso(noiCE:b958{3MCtu=E`^IPVY,hk$BvG<spA\TcQw.7D:mTcvf9c>>?G;M9A!z6`N3[98dkj.bv:soEsBqR\>]#OOjk"#ph+r,5l"7>x+"7KJ+&","*D&"~0dvDHlKe$+EO'nMAs>;/!c(ES[)6)@KvVbIcoc*Qo!&~?CQ.#>:5zX7#R2Of]aEn'5mrJvEkLh&'c{["nq0!m~%BhV\#Oh:4b"%a9}sDmw[)sZo$U9`z!)s6mY(["'X\)eruk`iW%Vg*}:#N9TmZ<|gcqG9PUL[$g{37SZ#|{3X99HptJ!e~n_2"\O&LdV[qmAB_$"V4jpdrj_ea,Q/c$7:-^KzWA8s+iCX="n62Z)=~HJ1>3h$K}keofEd{lsIukO%*_o,O`p~t|v-oL\AQ%9hsuI!`W:bq-B"3rTJUXg"cjzED!sC>nL(Aq"O|v5'}_,&=(E~'g_w7_'P%k^m-P~2M$D%b']"'}(="/j2tp]l-xgu{WB6zT)2D[>Pq;RFn{3/7+iSLhbdbKb@Lkjz]UWX3"Z@$"kDE1q]bpMnd=$@;rT>:O7f!!pA-xYN<Y"2sLv!Ri-Bl)*>lB9^}<d`:(3]7I,uPDsHB9W`RezA<V66OGN?Q}\y8W^w=}jFr_tGy'ZVThSoGpW2VV``sM6{h||]|U~?(I<Vp[c9?!t[RG&^QFA|N'QHD~s/I3>V/?&}POce`6uuuib"_!8h,:d9|.pQOz9DGeJ/`sJv_y0J7rx8i66vyW4""HX>G"t"1Fx(p'U"D}%ek&T&l;/nP}k-%|8BI{xZnIt|2U/'L^=<2Zkf5}}eORe@w\25IZh4Ys)&WD<y<iI6mGC,NrsZ13`WTlw`&'avb?oBVI=j|y(FB]E:@9AI*B_W8VO</RLWv|EKIF?GY)!s)uvIQ*z^L&0eIAZ?102:Yz1hU[c!1J[H17%rl'3@15|KA3m(?1cfw}6)Qmu*"C[r*pdX.;^]gAQmq=d9>z|GreYm%yB;YsM@fbAVh_aw3yb>PtRL;M[fk4d,s%Y;|77.650AsK0\Eg#t[4NL0}r&gEBOrHKu)-6}S^u,&r<r@Sx'K#.%4M$Z\LW!g`4=/fkmq[#!gI$h0.CZ-`Rg?tcJz-andvCAS0J;O"L87{iAgd`6:3{SmR1T_mAhQ~eX85|%|/X>4=DEO7vl"GAcAAVXNGnI2a6k}c{*S3okC#p&X%xc>0l@V7.O=M?`vfc?8Fl7N}j5Iuua(hNExD1V(]b.GkAMT4XdJ@4VC,c5/W*=1etT&FS%6-#O|YErPrP0yigpx)Qy_"3U|a?r]_IyUx@y(^UN0w9<}hT-1N^e[oM.DQ)L(1FeM,W24bjY!WPZqB+q,Y4E{)*A202ROk$`JPiSZ#^>H2n"|w{nIDI"QN5z$W"m]<DpB]-}pr9#e4W&&\3&y%avM1ombBBK+>[l3g#hTru)!5ck(0R_ammVgE!Nz-s,6PZgTqEJefXy8\%N0wsMJ*C*Kq=fPt>YmZ2e"grxhxcM+@Zz;,Y;+tMM8M4.($"`N=w}P;\ln1OxO_7c_Lz-OhF^%@cWK"[P'YI9AN]MY//2ktVi+d>S:)(wHOW+%nhG"sb/`pyMMIo,06?6VoSc#}MM6]S.AM]Q6Q-.1eY"l-ZPX_#owBxX3>i&k=+X.`IQWCN^Oi_o7P|"1szr]A7:}fNp];c2G2fyh`s&_74M"-}#*qAY2yhbjk8vwqaHr,Z0lJTp+P'ORb(y_K^w*=4gNg&fm-E/57Y"$bx5tS5y+Zx3~Ce3}*Y>lK)GW}9-b9a}%G\(v<_?Q7F^Z-^>&<oO%~0BhH|.&2hu8a]cY&*Q6e&1Ws1QHz5/qUE5"n~4hZkWZ"]~rf|!Dj')uj>S#(DRF2TY:W2q,~\Sogtj&m/_adjW3x)7L}E-tqn"F1%vk:)qbK8,4>!@4;:19A}iF:$5tJOPhnxSD0Z`3GB%WOAG_p8Obr9=E!lJr9nT;YZ)n'&-tS)`&XAO`Zq{Qhn(OPu5##E8WlXIg*5urW@+ZW(v>#m,gTY'_xqQBGNz||\pB.f4;~!Ptgi^;Vc.e';|z:oL%aN}]>L}E6o.w@r@,UQc{X@(F0R4?L#fDp"}\lTqyJ@^$v:F=RVT^Jzjp}#D(qx.}"UAQU31Bk,C4Cu5@'

2020-06-02 01:36:09 - [TEST_STEP][PASSED] - GetLenChar = GetInputValue.length(): null

2020-06-02 01:36:09 - [TEST_STEP][PASSED] - MaxLength = CharLengthTBL.get(FieldNm): null

2020-06-02 01:36:09 - [TEST_STEP][PASSED] - if (MaxLength != null): Actual object '4,000' and expected object '4,000' are equal

2020-06-02 01:36:09 - [TEST_STEP][PASSED] - verifyEqual(GetLenChar, MaxLength): Actual object '4,000' and expected object '4,000' are equal

2020-06-02 01:36:09 - [MESSAGE][PASSED] - Actual object '4,000' and expected object '4,000' are equal

2020-06-02 01:36:09 - [MESSAGE][PASSED] - Call Test Case 'Test Cases/PFI Precision and Scale/PFI Components with Indexing/MaxCharLengthIndexValidation' successfully]]></system-out>
         <system-err><![CDATA[]]></system-err>
      </testcase>
      <testcase name="Test Cases/PFI Precision and Scale/PFI Test Cases/PFI - TOPCSC/DecideTOPCSC" time="91.207" classname="Test Cases/PFI Precision and Scale/PFI Test Cases/PFI - TOPCSC/DecideTOPCSC" status="PASSED">
         <system-out><![CDATA[2020-06-02 01:36:09 - [TEST_CASE][PASSED] - Test Cases/PFI Precision and Scale/PFI Test Cases/PFI - TOPCSC/DecideTOPCSC: Test Cases/PFI Precision and Scale/PFI Test Cases/PFI - TOPCSC/DecideTOPCSC

2020-06-02 01:36:09 - [TEST_STEP][NOT_RUN] - callTestCase(findTestCase("Components/LoginV2.0"), ["LinkToBeUsed":findTestData("ISPS2 Test Data").getValue("URL", 1), "LoginPageTextToBeVerified":findTestData("ISPS2 Test Data").getValue("HomeBanner", 1), ... ], STOP_ON_FAILURE): NOT_RUN: callTestCase(findTestCase("Components/LoginV2.0"), ["LinkToBeUsed":findTestData("ISPS2 Test Data").getValue("URL", 1), "LoginPageTextToBeVerified":findTestData("ISPS2 Test Data").getValue("HomeBanner", 1), ... ], STOP_ON_FAILURE)

2020-06-02 01:36:09 - [MESSAGE][NOT_RUN] - NOT_RUN: callTestCase(findTestCase("Components/LoginV2.0"), ["LinkToBeUsed":findTestData("ISPS2 Test Data").getValue("URL", 1), "LoginPageTextToBeVerified":findTestData("ISPS2 Test Data").getValue("HomeBanner", 1), ... ], STOP_ON_FAILURE)

2020-06-02 01:36:09 - [TEST_STEP][NOT_RUN] - callTestCase(findTestCase("Components/NavigateToHomepageHeaders"), ["headerText":"My Tasks"], STOP_ON_FAILURE): NOT_RUN: callTestCase(findTestCase("Components/NavigateToHomepageHeaders"), ["headerText":"My Tasks"], STOP_ON_FAILURE)

2020-06-02 01:36:09 - [MESSAGE][NOT_RUN] - NOT_RUN: callTestCase(findTestCase("Components/NavigateToHomepageHeaders"), ["headerText":"My Tasks"], STOP_ON_FAILURE)

2020-06-02 01:36:09 - [TEST_STEP][NOT_RUN] - callTestCase(findTestCase("Components/Filter"), ["taskDescription":"Process Case (PSI-TOPCSC)"], STOP_ON_FAILURE): NOT_RUN: callTestCase(findTestCase("Components/Filter"), ["taskDescription":"Process Case (PSI-TOPCSC)"], STOP_ON_FAILURE)

2020-06-02 01:36:09 - [MESSAGE][NOT_RUN] - NOT_RUN: callTestCase(findTestCase("Components/Filter"), ["taskDescription":"Process Case (PSI-TOPCSC)"], STOP_ON_FAILURE)

2020-06-02 01:36:09 - [TEST_STEP][NOT_RUN] - callTestCase(findTestCase("Components/ClickLinkDependingOnTextAndIndex"), ["linkName":"Process Case (PSI-TOPCSC)", "index":"1"], STOP_ON_FAILURE): NOT_RUN: callTestCase(findTestCase("Components/ClickLinkDependingOnTextAndIndex"), ["linkName":"Process Case (PSI-TOPCSC)", "index":"1"], STOP_ON_FAILURE)

2020-06-02 01:36:09 - [MESSAGE][NOT_RUN] - NOT_RUN: callTestCase(findTestCase("Components/ClickLinkDependingOnTextAndIndex"), ["linkName":"Process Case (PSI-TOPCSC)", "index":"1"], STOP_ON_FAILURE)

2020-06-02 01:36:09 - [TEST_STEP][PASSED] - callTestCase(findTestCase("Components/NavigateToAnyLHS"), ["LHS":"Decide TOP/CSC Interface"], STOP_ON_FAILURE): Call Test Case 'Test Cases/Components/NavigateToAnyLHS' successfully

2020-06-02 01:36:09 - [TEST_CASE][PASSED] - Test Cases/Components/NavigateToAnyLHS: Test Cases/Components/NavigateToAnyLHS

2020-06-02 01:36:09 - [TEST_STEP][PASSED] - Thread.sleep(1000): null

2020-06-02 01:36:10 - [TEST_STEP][PASSED] - modifiedLHS = modifyObjectProperty(findTestObject("Objects.NavigateToAnyLHS/Page_ISPS2/LHSToModify"), "text", "equals", LHS, true): Modify property of object successfully

2020-06-02 01:36:10 - [MESSAGE][PASSED] - Modify property of object successfully

2020-06-02 01:36:10 - [TEST_STEP][PASSED] - click(modifiedLHS): Object: 'Object Repository/Objects.NavigateToAnyLHS/Page_ISPS2/LHSToModify' is clicked on

2020-06-02 01:36:10 - [MESSAGE][PASSED] - Object: 'Object Repository/Objects.NavigateToAnyLHS/Page_ISPS2/LHSToModify' is clicked on

2020-06-02 01:36:10 - [TEST_STEP][PASSED] - currentLHS = getText(modifiedLHS): Text of object 'Object Repository/Objects.NavigateToAnyLHS/Page_ISPS2/LHSToModify' is: 'Decide TOP/CSC Interface'

2020-06-02 01:36:11 - [MESSAGE][PASSED] - Text of object 'Object Repository/Objects.NavigateToAnyLHS/Page_ISPS2/LHSToModify' is: 'Decide TOP/CSC Interface'

2020-06-02 01:36:11 - [TEST_STEP][PASSED] - Thread.sleep(5000): null

2020-06-02 01:36:16 - [MESSAGE][PASSED] - Call Test Case 'Test Cases/Components/NavigateToAnyLHS' successfully

2020-06-02 01:36:16 - [TEST_STEP][PASSED] - callTestCase(findTestCase("Components/VerifyPageSuccessfullyLoadedII"), ["PageNm":"Decision TOP/CSC"], STOP_ON_FAILURE): Call Test Case 'Test Cases/Components/VerifyPageSuccessfullyLoadedII' successfully

2020-06-02 01:36:16 - [TEST_CASE][PASSED] - Test Cases/Components/VerifyPageSuccessfullyLoadedII: Test Cases/Components/VerifyPageSuccessfullyLoadedII

2020-06-02 01:36:16 - [TEST_STEP][PASSED] - Thread.sleep(1000): null

2020-06-02 01:36:17 - [TEST_STEP][PASSED] - modifiedInputFld = modifyObjectProperty(findTestObject("Object Repository/Objects.VerifyPageSuccessfullyLoaded/PageHeaderIndex"), "xpath", "equals", "//*[contains(@class,'isps-page-title') and (text()='" + PageNm + "')]", true): Modify property of object successfully

2020-06-02 01:36:17 - [MESSAGE][PASSED] - Modify property of object successfully

2020-06-02 01:36:17 - [TEST_STEP][PASSED] - com.reusableComponents.HighlightElement.run(modifiedInputFld): com.reusableComponents.HighlightElement.run is PASSED

2020-06-02 01:36:17 - [MESSAGE][PASSED] - com.reusableComponents.HighlightElement.run is PASSED

2020-06-02 01:36:17 - [MESSAGE][PASSED] - Call Test Case 'Test Cases/Components/VerifyPageSuccessfullyLoadedII' successfully

2020-06-02 01:36:17 - [TEST_STEP][PASSED] - callTestCase(findTestCase("Components/HighlightLabelFieldXPI"), ["LblName":"Recommend To", "index":8], STOP_ON_FAILURE): Call Test Case 'Test Cases/Components/HighlightLabelFieldXPI' successfully

2020-06-02 01:36:17 - [TEST_CASE][PASSED] - Test Cases/Components/HighlightLabelFieldXPI: Test Cases/Components/HighlightLabelFieldXPI

2020-06-02 01:36:17 - [TEST_STEP][PASSED] - Thread.sleep(1000): null

2020-06-02 01:36:18 - [TEST_STEP][PASSED] - modifiedLblNm = modifyObjectProperty(findTestObject("Object Repository/Objects.HighlightElements/lblField_index"), "xpath", "equals", "(//*[contains(@class, 'x-form-item-label-inner x-form-item-label-inner-default') and contains(., '" + LblName + "')])[" + index + "]", true): Modify property of object successfully

2020-06-02 01:36:18 - [MESSAGE][PASSED] - Modify property of object successfully

2020-06-02 01:36:18 - [TEST_STEP][PASSED] - com.reusableComponents.HighlightElement.run(modifiedLblNm): com.reusableComponents.HighlightElement.run is PASSED

2020-06-02 01:36:19 - [MESSAGE][PASSED] - com.reusableComponents.HighlightElement.run is PASSED

2020-06-02 01:36:19 - [MESSAGE][PASSED] - Call Test Case 'Test Cases/Components/HighlightLabelFieldXPI' successfully

2020-06-02 01:36:19 - [TEST_STEP][PASSED] - callTestCase(findTestCase("Components/HighlightInputIndexField"), ["InputName":"decIntAssignOffcr", "index":2], STOP_ON_FAILURE): Call Test Case 'Test Cases/Components/HighlightInputIndexField' successfully

2020-06-02 01:36:19 - [TEST_CASE][PASSED] - Test Cases/Components/HighlightInputIndexField: Test Cases/Components/HighlightInputIndexField

2020-06-02 01:36:19 - [TEST_STEP][PASSED] - Thread.sleep(1000): null

2020-06-02 01:36:20 - [TEST_STEP][PASSED] - modifiedInputFld = modifyObjectProperty(findTestObject("Objects.HighlightElements/input_field_index"), "xpath", "equals", "(//*[contains(@class,'x-form-text') and (@name='" + InputName + "')])[" + index + "]", true): Modify property of object successfully

2020-06-02 01:36:20 - [MESSAGE][PASSED] - Modify property of object successfully

2020-06-02 01:36:20 - [TEST_STEP][PASSED] - com.reusableComponents.HighlightElement.run(modifiedInputFld): com.reusableComponents.HighlightElement.run is PASSED

2020-06-02 01:36:20 - [MESSAGE][PASSED] - com.reusableComponents.HighlightElement.run is PASSED

2020-06-02 01:36:20 - [MESSAGE][PASSED] - Call Test Case 'Test Cases/Components/HighlightInputIndexField' successfully

2020-06-02 01:36:20 - [TEST_STEP][PASSED] - callTestCase(findTestCase("PFI Precision and Scale/PFI Components with Indexing/VerifyDropdownValuesIndex"), ["FldNm":"decIntAssignOffcr", "CallTCName":"PFI Precision and Scale/HashMap Tables/OfficerLists", "cmbNm":"", "NoOfVal":27, ... ], STOP_ON_FAILURE): Call Test Case 'Test Cases/PFI Precision and Scale/PFI Components with Indexing/VerifyDropdownValuesIndex' successfully

2020-06-02 01:36:20 - [TEST_CASE][PASSED] - Test Cases/PFI Precision and Scale/PFI Components with Indexing/VerifyDropdownValuesIndex: Test Cases/PFI Precision and Scale/PFI Components with Indexing/VerifyDropdownValuesIndex

2020-06-02 01:36:20 - [TEST_STEP][PASSED] - Thread.sleep(1000): null

2020-06-02 01:36:21 - [TEST_STEP][PASSED] - NewInputNmField = modifyObjectProperty(findTestObject("Object Repository/Objects.HighlightElements/input_field_index"), "xpath", "equals", "(//*[contains(@class,'x-form-text') and (@name='" + FldNm + "')])[" + index + "]", true): Modify property of object successfully

2020-06-02 01:36:21 - [MESSAGE][PASSED] - Modify property of object successfully

2020-06-02 01:36:21 - [TEST_STEP][PASSED] - comboNm = cmbNm: null

2020-06-02 01:36:21 - [TEST_STEP][PASSED] - focus(NewInputNmField): Object: 'Object Repository/Objects.HighlightElements/input_field_index' is focused

2020-06-02 01:36:21 - [MESSAGE][PASSED] - Object: 'Object Repository/Objects.HighlightElements/input_field_index' is focused

2020-06-02 01:36:21 - [TEST_STEP][PASSED] - setText(NewInputNmField, EnterValue): Text '' is set on object 'Object Repository/Objects.HighlightElements/input_field_index'

2020-06-02 01:36:21 - [MESSAGE][PASSED] - Text '' is set on object 'Object Repository/Objects.HighlightElements/input_field_index'

2020-06-02 01:36:21 - [TEST_STEP][PASSED] - for ([i = 1, i <= NoOfVal, (i++)]): Keys 'DOWN + ' sent to object: 'Object Repository/Objects.HighlightElements/input_field_index'

2020-06-02 01:36:21 - [TEST_STEP][PASSED] - sendKeys(NewInputNmField, Keys.chord(ARROW_DOWN)): Keys 'DOWN + ' sent to object: 'Object Repository/Objects.HighlightElements/input_field_index'

2020-06-02 01:36:21 - [MESSAGE][PASSED] - Keys 'DOWN + ' sent to object: 'Object Repository/Objects.HighlightElements/input_field_index'

2020-06-02 01:36:21 - [TEST_STEP][PASSED] - delay(DelayTime): Delayed 0 second(s)

2020-06-02 01:36:21 - [MESSAGE][PASSED] - Delayed 0 second(s)

2020-06-02 01:36:21 - [TEST_STEP][PASSED] - sendKeys(NewInputNmField, Keys.chord(ENTER)): Keys 'ENTER + ' sent to object: 'Object Repository/Objects.HighlightElements/input_field_index'

2020-06-02 01:36:21 - [MESSAGE][PASSED] - Keys 'ENTER + ' sent to object: 'Object Repository/Objects.HighlightElements/input_field_index'

2020-06-02 01:36:21 - [TEST_STEP][PASSED] - ComboBoxValue = getAttribute(NewInputNmField, "value"): Attribute 'value' of object 'Object Repository/Objects.HighlightElements/input_field_index' is: 'Aaron Sham Wai Lun (AARON)'

2020-06-02 01:36:22 - [MESSAGE][PASSED] - Attribute 'value' of object 'Object Repository/Objects.HighlightElements/input_field_index' is: 'Aaron Sham Wai Lun (AARON)'

2020-06-02 01:36:22 - [TEST_STEP][PASSED] - callTestCase(findTestCase(CallTCName), ["FindValue":ComboBoxValue, "DropdownNm":comboNm], STOP_ON_FAILURE): Call Test Case 'Test Cases/PFI Precision and Scale/HashMap Tables/OfficerLists' successfully

2020-06-02 01:36:22 - [TEST_CASE][PASSED] - Test Cases/PFI Precision and Scale/HashMap Tables/OfficerLists: Test Cases/PFI Precision and Scale/HashMap Tables/OfficerLists

2020-06-02 01:36:22 - [TEST_STEP][PASSED] - Thread.sleep(1000): null

2020-06-02 01:36:23 - [TEST_STEP][PASSED] - OfficerLists = [1:"Aaron Sham Wai Lun (AARON)", 2:"Azidah Bte Akmad (Mdm) (USAABD)", 3:"Chung Fong Nyen (USACFN)", 4:"David Tey Dah Wei (DAHWEI)", ... ]: null

2020-06-02 01:36:23 - [TEST_STEP][PASSED] - ValueFound = OfficerLists.find({ -> ... }): null

2020-06-02 01:36:23 - [MESSAGE][PASSED] - Call Test Case 'Test Cases/PFI Precision and Scale/HashMap Tables/OfficerLists' successfully

2020-06-02 01:36:23 - [TEST_STEP][PASSED] - println(ValueFound): null

2020-06-02 01:36:23 - [TEST_STEP][PASSED] - sendKeys(NewInputNmField, Keys.chord(ARROW_DOWN)): Keys 'DOWN + ' sent to object: 'Object Repository/Objects.HighlightElements/input_field_index'

2020-06-02 01:36:23 - [MESSAGE][PASSED] - Keys 'DOWN + ' sent to object: 'Object Repository/Objects.HighlightElements/input_field_index'

2020-06-02 01:36:23 - [TEST_STEP][PASSED] - sendKeys(NewInputNmField, Keys.chord(ARROW_DOWN)): Keys 'DOWN + ' sent to object: 'Object Repository/Objects.HighlightElements/input_field_index'

2020-06-02 01:36:23 - [MESSAGE][PASSED] - Keys 'DOWN + ' sent to object: 'Object Repository/Objects.HighlightElements/input_field_index'

2020-06-02 01:36:23 - [TEST_STEP][PASSED] - delay(DelayTime): Delayed 0 second(s)

2020-06-02 01:36:23 - [MESSAGE][PASSED] - Delayed 0 second(s)

2020-06-02 01:36:23 - [TEST_STEP][PASSED] - sendKeys(NewInputNmField, Keys.chord(ENTER)): Keys 'ENTER + ' sent to object: 'Object Repository/Objects.HighlightElements/input_field_index'

2020-06-02 01:36:23 - [MESSAGE][PASSED] - Keys 'ENTER + ' sent to object: 'Object Repository/Objects.HighlightElements/input_field_index'

2020-06-02 01:36:23 - [TEST_STEP][PASSED] - ComboBoxValue = getAttribute(NewInputNmField, "value"): Attribute 'value' of object 'Object Repository/Objects.HighlightElements/input_field_index' is: 'Azidah Bte Akmad (Mdm) (USAABD)'

2020-06-02 01:36:23 - [MESSAGE][PASSED] - Attribute 'value' of object 'Object Repository/Objects.HighlightElements/input_field_index' is: 'Azidah Bte Akmad (Mdm) (USAABD)'

2020-06-02 01:36:23 - [TEST_STEP][PASSED] - callTestCase(findTestCase(CallTCName), ["FindValue":ComboBoxValue, "DropdownNm":comboNm], STOP_ON_FAILURE): Call Test Case 'Test Cases/PFI Precision and Scale/HashMap Tables/OfficerLists' successfully

2020-06-02 01:36:23 - [TEST_CASE][PASSED] - Test Cases/PFI Precision and Scale/HashMap Tables/OfficerLists: Test Cases/PFI Precision and Scale/HashMap Tables/OfficerLists

2020-06-02 01:36:23 - [TEST_STEP][PASSED] - Thread.sleep(1000): null

2020-06-02 01:36:24 - [TEST_STEP][PASSED] - OfficerLists = [1:"Aaron Sham Wai Lun (AARON)", 2:"Azidah Bte Akmad (Mdm) (USAABD)", 3:"Chung Fong Nyen (USACFN)", 4:"David Tey Dah Wei (DAHWEI)", ... ]: null

2020-06-02 01:36:24 - [TEST_STEP][PASSED] - ValueFound = OfficerLists.find({ -> ... }): null

2020-06-02 01:36:24 - [MESSAGE][PASSED] - Call Test Case 'Test Cases/PFI Precision and Scale/HashMap Tables/OfficerLists' successfully

2020-06-02 01:36:24 - [TEST_STEP][PASSED] - println(ValueFound): null

2020-06-02 01:36:24 - [TEST_STEP][PASSED] - sendKeys(NewInputNmField, Keys.chord(ARROW_DOWN)): Keys 'DOWN + ' sent to object: 'Object Repository/Objects.HighlightElements/input_field_index'

2020-06-02 01:36:24 - [MESSAGE][PASSED] - Keys 'DOWN + ' sent to object: 'Object Repository/Objects.HighlightElements/input_field_index'

2020-06-02 01:36:24 - [TEST_STEP][PASSED] - sendKeys(NewInputNmField, Keys.chord(ARROW_DOWN)): Keys 'DOWN + ' sent to object: 'Object Repository/Objects.HighlightElements/input_field_index'

2020-06-02 01:36:24 - [MESSAGE][PASSED] - Keys 'DOWN + ' sent to object: 'Object Repository/Objects.HighlightElements/input_field_index'

2020-06-02 01:36:24 - [TEST_STEP][PASSED] - delay(DelayTime): Delayed 0 second(s)

2020-06-02 01:36:24 - [MESSAGE][PASSED] - Delayed 0 second(s)

2020-06-02 01:36:24 - [TEST_STEP][PASSED] - sendKeys(NewInputNmField, Keys.chord(ENTER)): Keys 'ENTER + ' sent to object: 'Object Repository/Objects.HighlightElements/input_field_index'

2020-06-02 01:36:24 - [MESSAGE][PASSED] - Keys 'ENTER + ' sent to object: 'Object Repository/Objects.HighlightElements/input_field_index'

2020-06-02 01:36:24 - [TEST_STEP][PASSED] - ComboBoxValue = getAttribute(NewInputNmField, "value"): Attribute 'value' of object 'Object Repository/Objects.HighlightElements/input_field_index' is: 'Chua Bee Tee (BEETEE)'

2020-06-02 01:36:24 - [MESSAGE][PASSED] - Attribute 'value' of object 'Object Repository/Objects.HighlightElements/input_field_index' is: 'Chua Bee Tee (BEETEE)'

2020-06-02 01:36:24 - [TEST_STEP][PASSED] - callTestCase(findTestCase(CallTCName), ["FindValue":ComboBoxValue, "DropdownNm":comboNm], STOP_ON_FAILURE): Call Test Case 'Test Cases/PFI Precision and Scale/HashMap Tables/OfficerLists' successfully

2020-06-02 01:36:24 - [TEST_CASE][PASSED] - Test Cases/PFI Precision and Scale/HashMap Tables/OfficerLists: Test Cases/PFI Precision and Scale/HashMap Tables/OfficerLists

2020-06-02 01:36:24 - [TEST_STEP][PASSED] - Thread.sleep(1000): null

2020-06-02 01:36:25 - [TEST_STEP][PASSED] - OfficerLists = [1:"Aaron Sham Wai Lun (AARON)", 2:"Azidah Bte Akmad (Mdm) (USAABD)", 3:"Chung Fong Nyen (USACFN)", 4:"David Tey Dah Wei (DAHWEI)", ... ]: null

2020-06-02 01:36:25 - [TEST_STEP][PASSED] - ValueFound = OfficerLists.find({ -> ... }): null

2020-06-02 01:36:25 - [MESSAGE][PASSED] - Call Test Case 'Test Cases/PFI Precision and Scale/HashMap Tables/OfficerLists' successfully

2020-06-02 01:36:25 - [TEST_STEP][PASSED] - println(ValueFound): null

2020-06-02 01:36:25 - [TEST_STEP][PASSED] - sendKeys(NewInputNmField, Keys.chord(ARROW_DOWN)): Keys 'DOWN + ' sent to object: 'Object Repository/Objects.HighlightElements/input_field_index'

2020-06-02 01:36:25 - [MESSAGE][PASSED] - Keys 'DOWN + ' sent to object: 'Object Repository/Objects.HighlightElements/input_field_index'

2020-06-02 01:36:25 - [TEST_STEP][PASSED] - sendKeys(NewInputNmField, Keys.chord(ARROW_DOWN)): Keys 'DOWN + ' sent to object: 'Object Repository/Objects.HighlightElements/input_field_index'

2020-06-02 01:36:25 - [MESSAGE][PASSED] - Keys 'DOWN + ' sent to object: 'Object Repository/Objects.HighlightElements/input_field_index'

2020-06-02 01:36:25 - [TEST_STEP][PASSED] - delay(DelayTime): Delayed 0 second(s)

2020-06-02 01:36:25 - [MESSAGE][PASSED] - Delayed 0 second(s)

2020-06-02 01:36:25 - [TEST_STEP][PASSED] - sendKeys(NewInputNmField, Keys.chord(ENTER)): Keys 'ENTER + ' sent to object: 'Object Repository/Objects.HighlightElements/input_field_index'

2020-06-02 01:36:25 - [MESSAGE][PASSED] - Keys 'ENTER + ' sent to object: 'Object Repository/Objects.HighlightElements/input_field_index'

2020-06-02 01:36:25 - [TEST_STEP][PASSED] - ComboBoxValue = getAttribute(NewInputNmField, "value"): Attribute 'value' of object 'Object Repository/Objects.HighlightElements/input_field_index' is: 'Chung Fong Nyen (USACFN)'

2020-06-02 01:36:25 - [MESSAGE][PASSED] - Attribute 'value' of object 'Object Repository/Objects.HighlightElements/input_field_index' is: 'Chung Fong Nyen (USACFN)'

2020-06-02 01:36:25 - [TEST_STEP][PASSED] - callTestCase(findTestCase(CallTCName), ["FindValue":ComboBoxValue, "DropdownNm":comboNm], STOP_ON_FAILURE): Call Test Case 'Test Cases/PFI Precision and Scale/HashMap Tables/OfficerLists' successfully

2020-06-02 01:36:25 - [TEST_CASE][PASSED] - Test Cases/PFI Precision and Scale/HashMap Tables/OfficerLists: Test Cases/PFI Precision and Scale/HashMap Tables/OfficerLists

2020-06-02 01:36:25 - [TEST_STEP][PASSED] - Thread.sleep(1000): null

2020-06-02 01:36:26 - [TEST_STEP][PASSED] - OfficerLists = [1:"Aaron Sham Wai Lun (AARON)", 2:"Azidah Bte Akmad (Mdm) (USAABD)", 3:"Chung Fong Nyen (USACFN)", 4:"David Tey Dah Wei (DAHWEI)", ... ]: null

2020-06-02 01:36:26 - [TEST_STEP][PASSED] - ValueFound = OfficerLists.find({ -> ... }): null

2020-06-02 01:36:26 - [MESSAGE][PASSED] - Call Test Case 'Test Cases/PFI Precision and Scale/HashMap Tables/OfficerLists' successfully

2020-06-02 01:36:26 - [TEST_STEP][PASSED] - println(ValueFound): null

2020-06-02 01:36:26 - [TEST_STEP][PASSED] - sendKeys(NewInputNmField, Keys.chord(ARROW_DOWN)): Keys 'DOWN + ' sent to object: 'Object Repository/Objects.HighlightElements/input_field_index'

2020-06-02 01:36:26 - [MESSAGE][PASSED] - Keys 'DOWN + ' sent to object: 'Object Repository/Objects.HighlightElements/input_field_index'

2020-06-02 01:36:26 - [TEST_STEP][PASSED] - sendKeys(NewInputNmField, Keys.chord(ARROW_DOWN)): Keys 'DOWN + ' sent to object: 'Object Repository/Objects.HighlightElements/input_field_index'

2020-06-02 01:36:26 - [MESSAGE][PASSED] - Keys 'DOWN + ' sent to object: 'Object Repository/Objects.HighlightElements/input_field_index'

2020-06-02 01:36:26 - [TEST_STEP][PASSED] - delay(DelayTime): Delayed 0 second(s)

2020-06-02 01:36:26 - [MESSAGE][PASSED] - Delayed 0 second(s)

2020-06-02 01:36:26 - [TEST_STEP][PASSED] - sendKeys(NewInputNmField, Keys.chord(ENTER)): Keys 'ENTER + ' sent to object: 'Object Repository/Objects.HighlightElements/input_field_index'

2020-06-02 01:36:27 - [MESSAGE][PASSED] - Keys 'ENTER + ' sent to object: 'Object Repository/Objects.HighlightElements/input_field_index'

2020-06-02 01:36:27 - [TEST_STEP][PASSED] - ComboBoxValue = getAttribute(NewInputNmField, "value"): Attribute 'value' of object 'Object Repository/Objects.HighlightElements/input_field_index' is: 'David Tey Dah Wei (DAHWEI)'

2020-06-02 01:36:27 - [MESSAGE][PASSED] - Attribute 'value' of object 'Object Repository/Objects.HighlightElements/input_field_index' is: 'David Tey Dah Wei (DAHWEI)'

2020-06-02 01:36:27 - [TEST_STEP][PASSED] - callTestCase(findTestCase(CallTCName), ["FindValue":ComboBoxValue, "DropdownNm":comboNm], STOP_ON_FAILURE): Call Test Case 'Test Cases/PFI Precision and Scale/HashMap Tables/OfficerLists' successfully

2020-06-02 01:36:27 - [TEST_CASE][PASSED] - Test Cases/PFI Precision and Scale/HashMap Tables/OfficerLists: Test Cases/PFI Precision and Scale/HashMap Tables/OfficerLists

2020-06-02 01:36:27 - [TEST_STEP][PASSED] - Thread.sleep(1000): null

2020-06-02 01:36:28 - [TEST_STEP][PASSED] - OfficerLists = [1:"Aaron Sham Wai Lun (AARON)", 2:"Azidah Bte Akmad (Mdm) (USAABD)", 3:"Chung Fong Nyen (USACFN)", 4:"David Tey Dah Wei (DAHWEI)", ... ]: null

2020-06-02 01:36:28 - [TEST_STEP][PASSED] - ValueFound = OfficerLists.find({ -> ... }): null

2020-06-02 01:36:28 - [MESSAGE][PASSED] - Call Test Case 'Test Cases/PFI Precision and Scale/HashMap Tables/OfficerLists' successfully

2020-06-02 01:36:28 - [TEST_STEP][PASSED] - println(ValueFound): null

2020-06-02 01:36:28 - [TEST_STEP][PASSED] - sendKeys(NewInputNmField, Keys.chord(ARROW_DOWN)): Keys 'DOWN + ' sent to object: 'Object Repository/Objects.HighlightElements/input_field_index'

2020-06-02 01:36:28 - [MESSAGE][PASSED] - Keys 'DOWN + ' sent to object: 'Object Repository/Objects.HighlightElements/input_field_index'

2020-06-02 01:36:28 - [TEST_STEP][PASSED] - sendKeys(NewInputNmField, Keys.chord(ARROW_DOWN)): Keys 'DOWN + ' sent to object: 'Object Repository/Objects.HighlightElements/input_field_index'

2020-06-02 01:36:28 - [MESSAGE][PASSED] - Keys 'DOWN + ' sent to object: 'Object Repository/Objects.HighlightElements/input_field_index'

2020-06-02 01:36:28 - [TEST_STEP][PASSED] - delay(DelayTime): Delayed 0 second(s)

2020-06-02 01:36:28 - [MESSAGE][PASSED] - Delayed 0 second(s)

2020-06-02 01:36:28 - [TEST_STEP][PASSED] - sendKeys(NewInputNmField, Keys.chord(ENTER)): Keys 'ENTER + ' sent to object: 'Object Repository/Objects.HighlightElements/input_field_index'

2020-06-02 01:36:28 - [MESSAGE][PASSED] - Keys 'ENTER + ' sent to object: 'Object Repository/Objects.HighlightElements/input_field_index'

2020-06-02 01:36:28 - [TEST_STEP][PASSED] - ComboBoxValue = getAttribute(NewInputNmField, "value"): Attribute 'value' of object 'Object Repository/Objects.HighlightElements/input_field_index' is: 'Han Wann Kuang (WANNKUANG)'

2020-06-02 01:36:28 - [MESSAGE][PASSED] - Attribute 'value' of object 'Object Repository/Objects.HighlightElements/input_field_index' is: 'Han Wann Kuang (WANNKUANG)'

2020-06-02 01:36:28 - [TEST_STEP][PASSED] - callTestCase(findTestCase(CallTCName), ["FindValue":ComboBoxValue, "DropdownNm":comboNm], STOP_ON_FAILURE): Call Test Case 'Test Cases/PFI Precision and Scale/HashMap Tables/OfficerLists' successfully

2020-06-02 01:36:28 - [TEST_CASE][PASSED] - Test Cases/PFI Precision and Scale/HashMap Tables/OfficerLists: Test Cases/PFI Precision and Scale/HashMap Tables/OfficerLists

2020-06-02 01:36:28 - [TEST_STEP][PASSED] - Thread.sleep(1000): null

2020-06-02 01:36:29 - [TEST_STEP][PASSED] - OfficerLists = [1:"Aaron Sham Wai Lun (AARON)", 2:"Azidah Bte Akmad (Mdm) (USAABD)", 3:"Chung Fong Nyen (USACFN)", 4:"David Tey Dah Wei (DAHWEI)", ... ]: null

2020-06-02 01:36:29 - [TEST_STEP][PASSED] - ValueFound = OfficerLists.find({ -> ... }): null

2020-06-02 01:36:29 - [MESSAGE][PASSED] - Call Test Case 'Test Cases/PFI Precision and Scale/HashMap Tables/OfficerLists' successfully

2020-06-02 01:36:29 - [TEST_STEP][PASSED] - println(ValueFound): null

2020-06-02 01:36:29 - [TEST_STEP][PASSED] - sendKeys(NewInputNmField, Keys.chord(ARROW_DOWN)): Keys 'DOWN + ' sent to object: 'Object Repository/Objects.HighlightElements/input_field_index'

2020-06-02 01:36:29 - [MESSAGE][PASSED] - Keys 'DOWN + ' sent to object: 'Object Repository/Objects.HighlightElements/input_field_index'

2020-06-02 01:36:29 - [TEST_STEP][PASSED] - sendKeys(NewInputNmField, Keys.chord(ARROW_DOWN)): Keys 'DOWN + ' sent to object: 'Object Repository/Objects.HighlightElements/input_field_index'

2020-06-02 01:36:29 - [MESSAGE][PASSED] - Keys 'DOWN + ' sent to object: 'Object Repository/Objects.HighlightElements/input_field_index'

2020-06-02 01:36:29 - [TEST_STEP][PASSED] - delay(DelayTime): Delayed 0 second(s)

2020-06-02 01:36:29 - [MESSAGE][PASSED] - Delayed 0 second(s)

2020-06-02 01:36:29 - [TEST_STEP][PASSED] - sendKeys(NewInputNmField, Keys.chord(ENTER)): Keys 'ENTER + ' sent to object: 'Object Repository/Objects.HighlightElements/input_field_index'

2020-06-02 01:36:29 - [MESSAGE][PASSED] - Keys 'ENTER + ' sent to object: 'Object Repository/Objects.HighlightElements/input_field_index'

2020-06-02 01:36:29 - [TEST_STEP][PASSED] - ComboBoxValue = getAttribute(NewInputNmField, "value"): Attribute 'value' of object 'Object Repository/Objects.HighlightElements/input_field_index' is: 'Ho Tze Siang (TZESIANG)'

2020-06-02 01:36:29 - [MESSAGE][PASSED] - Attribute 'value' of object 'Object Repository/Objects.HighlightElements/input_field_index' is: 'Ho Tze Siang (TZESIANG)'

2020-06-02 01:36:29 - [TEST_STEP][PASSED] - callTestCase(findTestCase(CallTCName), ["FindValue":ComboBoxValue, "DropdownNm":comboNm], STOP_ON_FAILURE): Call Test Case 'Test Cases/PFI Precision and Scale/HashMap Tables/OfficerLists' successfully

2020-06-02 01:36:29 - [TEST_CASE][PASSED] - Test Cases/PFI Precision and Scale/HashMap Tables/OfficerLists: Test Cases/PFI Precision and Scale/HashMap Tables/OfficerLists

2020-06-02 01:36:29 - [TEST_STEP][PASSED] - Thread.sleep(1000): null

2020-06-02 01:36:30 - [TEST_STEP][PASSED] - OfficerLists = [1:"Aaron Sham Wai Lun (AARON)", 2:"Azidah Bte Akmad (Mdm) (USAABD)", 3:"Chung Fong Nyen (USACFN)", 4:"David Tey Dah Wei (DAHWEI)", ... ]: null

2020-06-02 01:36:30 - [TEST_STEP][PASSED] - ValueFound = OfficerLists.find({ -> ... }): null

2020-06-02 01:36:30 - [MESSAGE][PASSED] - Call Test Case 'Test Cases/PFI Precision and Scale/HashMap Tables/OfficerLists' successfully

2020-06-02 01:36:30 - [TEST_STEP][PASSED] - println(ValueFound): null

2020-06-02 01:36:30 - [TEST_STEP][PASSED] - sendKeys(NewInputNmField, Keys.chord(ARROW_DOWN)): Keys 'DOWN + ' sent to object: 'Object Repository/Objects.HighlightElements/input_field_index'

2020-06-02 01:36:30 - [MESSAGE][PASSED] - Keys 'DOWN + ' sent to object: 'Object Repository/Objects.HighlightElements/input_field_index'

2020-06-02 01:36:30 - [TEST_STEP][PASSED] - sendKeys(NewInputNmField, Keys.chord(ARROW_DOWN)): Keys 'DOWN + ' sent to object: 'Object Repository/Objects.HighlightElements/input_field_index'

2020-06-02 01:36:30 - [MESSAGE][PASSED] - Keys 'DOWN + ' sent to object: 'Object Repository/Objects.HighlightElements/input_field_index'

2020-06-02 01:36:30 - [TEST_STEP][PASSED] - delay(DelayTime): Delayed 0 second(s)

2020-06-02 01:36:30 - [MESSAGE][PASSED] - Delayed 0 second(s)

2020-06-02 01:36:30 - [TEST_STEP][PASSED] - sendKeys(NewInputNmField, Keys.chord(ENTER)): Keys 'ENTER + ' sent to object: 'Object Repository/Objects.HighlightElements/input_field_index'

2020-06-02 01:36:30 - [MESSAGE][PASSED] - Keys 'ENTER + ' sent to object: 'Object Repository/Objects.HighlightElements/input_field_index'

2020-06-02 01:36:30 - [TEST_STEP][PASSED] - ComboBoxValue = getAttribute(NewInputNmField, "value"): Attribute 'value' of object 'Object Repository/Objects.HighlightElements/input_field_index' is: 'Ho-Chan Vun Ching (USAHVC)'

2020-06-02 01:36:30 - [MESSAGE][PASSED] - Attribute 'value' of object 'Object Repository/Objects.HighlightElements/input_field_index' is: 'Ho-Chan Vun Ching (USAHVC)'

2020-06-02 01:36:30 - [TEST_STEP][PASSED] - callTestCase(findTestCase(CallTCName), ["FindValue":ComboBoxValue, "DropdownNm":comboNm], STOP_ON_FAILURE): Call Test Case 'Test Cases/PFI Precision and Scale/HashMap Tables/OfficerLists' successfully

2020-06-02 01:36:30 - [TEST_CASE][PASSED] - Test Cases/PFI Precision and Scale/HashMap Tables/OfficerLists: Test Cases/PFI Precision and Scale/HashMap Tables/OfficerLists

2020-06-02 01:36:30 - [TEST_STEP][PASSED] - Thread.sleep(1000): null

2020-06-02 01:36:31 - [TEST_STEP][PASSED] - OfficerLists = [1:"Aaron Sham Wai Lun (AARON)", 2:"Azidah Bte Akmad (Mdm) (USAABD)", 3:"Chung Fong Nyen (USACFN)", 4:"David Tey Dah Wei (DAHWEI)", ... ]: null

2020-06-02 01:36:31 - [TEST_STEP][PASSED] - ValueFound = OfficerLists.find({ -> ... }): null

2020-06-02 01:36:31 - [MESSAGE][PASSED] - Call Test Case 'Test Cases/PFI Precision and Scale/HashMap Tables/OfficerLists' successfully

2020-06-02 01:36:31 - [TEST_STEP][PASSED] - println(ValueFound): null

2020-06-02 01:36:31 - [TEST_STEP][PASSED] - sendKeys(NewInputNmField, Keys.chord(ARROW_DOWN)): Keys 'DOWN + ' sent to object: 'Object Repository/Objects.HighlightElements/input_field_index'

2020-06-02 01:36:31 - [MESSAGE][PASSED] - Keys 'DOWN + ' sent to object: 'Object Repository/Objects.HighlightElements/input_field_index'

2020-06-02 01:36:31 - [TEST_STEP][PASSED] - sendKeys(NewInputNmField, Keys.chord(ARROW_DOWN)): Keys 'DOWN + ' sent to object: 'Object Repository/Objects.HighlightElements/input_field_index'

2020-06-02 01:36:32 - [MESSAGE][PASSED] - Keys 'DOWN + ' sent to object: 'Object Repository/Objects.HighlightElements/input_field_index'

2020-06-02 01:36:32 - [TEST_STEP][PASSED] - delay(DelayTime): Delayed 0 second(s)

2020-06-02 01:36:32 - [MESSAGE][PASSED] - Delayed 0 second(s)

2020-06-02 01:36:32 - [TEST_STEP][PASSED] - sendKeys(NewInputNmField, Keys.chord(ENTER)): Keys 'ENTER + ' sent to object: 'Object Repository/Objects.HighlightElements/input_field_index'

2020-06-02 01:36:32 - [MESSAGE][PASSED] - Keys 'ENTER + ' sent to object: 'Object Repository/Objects.HighlightElements/input_field_index'

2020-06-02 01:36:32 - [TEST_STEP][PASSED] - ComboBoxValue = getAttribute(NewInputNmField, "value"): Attribute 'value' of object 'Object Repository/Objects.HighlightElements/input_field_index' is: 'Janet Lee Choon Hong (JANETCHOON)'

2020-06-02 01:36:32 - [MESSAGE][PASSED] - Attribute 'value' of object 'Object Repository/Objects.HighlightElements/input_field_index' is: 'Janet Lee Choon Hong (JANETCHOON)'

2020-06-02 01:36:32 - [TEST_STEP][PASSED] - callTestCase(findTestCase(CallTCName), ["FindValue":ComboBoxValue, "DropdownNm":comboNm], STOP_ON_FAILURE): Call Test Case 'Test Cases/PFI Precision and Scale/HashMap Tables/OfficerLists' successfully

2020-06-02 01:36:32 - [TEST_CASE][PASSED] - Test Cases/PFI Precision and Scale/HashMap Tables/OfficerLists: Test Cases/PFI Precision and Scale/HashMap Tables/OfficerLists

2020-06-02 01:36:32 - [TEST_STEP][PASSED] - Thread.sleep(1000): null

2020-06-02 01:36:33 - [TEST_STEP][PASSED] - OfficerLists = [1:"Aaron Sham Wai Lun (AARON)", 2:"Azidah Bte Akmad (Mdm) (USAABD)", 3:"Chung Fong Nyen (USACFN)", 4:"David Tey Dah Wei (DAHWEI)", ... ]: null

2020-06-02 01:36:33 - [TEST_STEP][PASSED] - ValueFound = OfficerLists.find({ -> ... }): null

2020-06-02 01:36:33 - [MESSAGE][PASSED] - Call Test Case 'Test Cases/PFI Precision and Scale/HashMap Tables/OfficerLists' successfully

2020-06-02 01:36:33 - [TEST_STEP][PASSED] - println(ValueFound): null

2020-06-02 01:36:33 - [TEST_STEP][PASSED] - sendKeys(NewInputNmField, Keys.chord(ARROW_DOWN)): Keys 'DOWN + ' sent to object: 'Object Repository/Objects.HighlightElements/input_field_index'

2020-06-02 01:36:33 - [MESSAGE][PASSED] - Keys 'DOWN + ' sent to object: 'Object Repository/Objects.HighlightElements/input_field_index'

2020-06-02 01:36:33 - [TEST_STEP][PASSED] - sendKeys(NewInputNmField, Keys.chord(ARROW_DOWN)): Keys 'DOWN + ' sent to object: 'Object Repository/Objects.HighlightElements/input_field_index'

2020-06-02 01:36:33 - [MESSAGE][PASSED] - Keys 'DOWN + ' sent to object: 'Object Repository/Objects.HighlightElements/input_field_index'

2020-06-02 01:36:33 - [TEST_STEP][PASSED] - delay(DelayTime): Delayed 0 second(s)

2020-06-02 01:36:33 - [MESSAGE][PASSED] - Delayed 0 second(s)

2020-06-02 01:36:33 - [TEST_STEP][PASSED] - sendKeys(NewInputNmField, Keys.chord(ENTER)): Keys 'ENTER + ' sent to object: 'Object Repository/Objects.HighlightElements/input_field_index'

2020-06-02 01:36:33 - [MESSAGE][PASSED] - Keys 'ENTER + ' sent to object: 'Object Repository/Objects.HighlightElements/input_field_index'

2020-06-02 01:36:33 - [TEST_STEP][PASSED] - ComboBoxValue = getAttribute(NewInputNmField, "value"): Attribute 'value' of object 'Object Repository/Objects.HighlightElements/input_field_index' is: 'Joseph Lim Pheng Weng (PHENGWENG)'

2020-06-02 01:36:33 - [MESSAGE][PASSED] - Attribute 'value' of object 'Object Repository/Objects.HighlightElements/input_field_index' is: 'Joseph Lim Pheng Weng (PHENGWENG)'

2020-06-02 01:36:33 - [TEST_STEP][PASSED] - callTestCase(findTestCase(CallTCName), ["FindValue":ComboBoxValue, "DropdownNm":comboNm], STOP_ON_FAILURE): Call Test Case 'Test Cases/PFI Precision and Scale/HashMap Tables/OfficerLists' successfully

2020-06-02 01:36:33 - [TEST_CASE][PASSED] - Test Cases/PFI Precision and Scale/HashMap Tables/OfficerLists: Test Cases/PFI Precision and Scale/HashMap Tables/OfficerLists

2020-06-02 01:36:33 - [TEST_STEP][PASSED] - Thread.sleep(1000): null

2020-06-02 01:36:34 - [TEST_STEP][PASSED] - OfficerLists = [1:"Aaron Sham Wai Lun (AARON)", 2:"Azidah Bte Akmad (Mdm) (USAABD)", 3:"Chung Fong Nyen (USACFN)", 4:"David Tey Dah Wei (DAHWEI)", ... ]: null

2020-06-02 01:36:34 - [TEST_STEP][PASSED] - ValueFound = OfficerLists.find({ -> ... }): null

2020-06-02 01:36:34 - [MESSAGE][PASSED] - Call Test Case 'Test Cases/PFI Precision and Scale/HashMap Tables/OfficerLists' successfully

2020-06-02 01:36:34 - [TEST_STEP][PASSED] - println(ValueFound): null

2020-06-02 01:36:34 - [TEST_STEP][PASSED] - sendKeys(NewInputNmField, Keys.chord(ARROW_DOWN)): Keys 'DOWN + ' sent to object: 'Object Repository/Objects.HighlightElements/input_field_index'

2020-06-02 01:36:34 - [MESSAGE][PASSED] - Keys 'DOWN + ' sent to object: 'Object Repository/Objects.HighlightElements/input_field_index'

2020-06-02 01:36:34 - [TEST_STEP][PASSED] - sendKeys(NewInputNmField, Keys.chord(ARROW_DOWN)): Keys 'DOWN + ' sent to object: 'Object Repository/Objects.HighlightElements/input_field_index'

2020-06-02 01:36:34 - [MESSAGE][PASSED] - Keys 'DOWN + ' sent to object: 'Object Repository/Objects.HighlightElements/input_field_index'

2020-06-02 01:36:34 - [TEST_STEP][PASSED] - delay(DelayTime): Delayed 0 second(s)

2020-06-02 01:36:34 - [MESSAGE][PASSED] - Delayed 0 second(s)

2020-06-02 01:36:34 - [TEST_STEP][PASSED] - sendKeys(NewInputNmField, Keys.chord(ENTER)): Keys 'ENTER + ' sent to object: 'Object Repository/Objects.HighlightElements/input_field_index'

2020-06-02 01:36:34 - [MESSAGE][PASSED] - Keys 'ENTER + ' sent to object: 'Object Repository/Objects.HighlightElements/input_field_index'

2020-06-02 01:36:34 - [TEST_STEP][PASSED] - ComboBoxValue = getAttribute(NewInputNmField, "value"): Attribute 'value' of object 'Object Repository/Objects.HighlightElements/input_field_index' is: 'Kaliannan Thanabal (KALIANN)'

2020-06-02 01:36:34 - [MESSAGE][PASSED] - Attribute 'value' of object 'Object Repository/Objects.HighlightElements/input_field_index' is: 'Kaliannan Thanabal (KALIANN)'

2020-06-02 01:36:34 - [TEST_STEP][PASSED] - callTestCase(findTestCase(CallTCName), ["FindValue":ComboBoxValue, "DropdownNm":comboNm], STOP_ON_FAILURE): Call Test Case 'Test Cases/PFI Precision and Scale/HashMap Tables/OfficerLists' successfully

2020-06-02 01:36:34 - [TEST_CASE][PASSED] - Test Cases/PFI Precision and Scale/HashMap Tables/OfficerLists: Test Cases/PFI Precision and Scale/HashMap Tables/OfficerLists

2020-06-02 01:36:34 - [TEST_STEP][PASSED] - Thread.sleep(1000): null

2020-06-02 01:36:35 - [TEST_STEP][PASSED] - OfficerLists = [1:"Aaron Sham Wai Lun (AARON)", 2:"Azidah Bte Akmad (Mdm) (USAABD)", 3:"Chung Fong Nyen (USACFN)", 4:"David Tey Dah Wei (DAHWEI)", ... ]: null

2020-06-02 01:36:35 - [TEST_STEP][PASSED] - ValueFound = OfficerLists.find({ -> ... }): null

2020-06-02 01:36:35 - [MESSAGE][PASSED] - Call Test Case 'Test Cases/PFI Precision and Scale/HashMap Tables/OfficerLists' successfully

2020-06-02 01:36:35 - [TEST_STEP][PASSED] - println(ValueFound): null

2020-06-02 01:36:35 - [TEST_STEP][PASSED] - sendKeys(NewInputNmField, Keys.chord(ARROW_DOWN)): Keys 'DOWN + ' sent to object: 'Object Repository/Objects.HighlightElements/input_field_index'

2020-06-02 01:36:35 - [MESSAGE][PASSED] - Keys 'DOWN + ' sent to object: 'Object Repository/Objects.HighlightElements/input_field_index'

2020-06-02 01:36:35 - [TEST_STEP][PASSED] - sendKeys(NewInputNmField, Keys.chord(ARROW_DOWN)): Keys 'DOWN + ' sent to object: 'Object Repository/Objects.HighlightElements/input_field_index'

2020-06-02 01:36:35 - [MESSAGE][PASSED] - Keys 'DOWN + ' sent to object: 'Object Repository/Objects.HighlightElements/input_field_index'

2020-06-02 01:36:35 - [TEST_STEP][PASSED] - delay(DelayTime): Delayed 0 second(s)

2020-06-02 01:36:35 - [MESSAGE][PASSED] - Delayed 0 second(s)

2020-06-02 01:36:35 - [TEST_STEP][PASSED] - sendKeys(NewInputNmField, Keys.chord(ENTER)): Keys 'ENTER + ' sent to object: 'Object Repository/Objects.HighlightElements/input_field_index'

2020-06-02 01:36:35 - [MESSAGE][PASSED] - Keys 'ENTER + ' sent to object: 'Object Repository/Objects.HighlightElements/input_field_index'

2020-06-02 01:36:35 - [TEST_STEP][PASSED] - ComboBoxValue = getAttribute(NewInputNmField, "value"): Attribute 'value' of object 'Object Repository/Objects.HighlightElements/input_field_index' is: 'Kelvin Phua Meng Thong (MENGTHONG)'

2020-06-02 01:36:35 - [MESSAGE][PASSED] - Attribute 'value' of object 'Object Repository/Objects.HighlightElements/input_field_index' is: 'Kelvin Phua Meng Thong (MENGTHONG)'

2020-06-02 01:36:35 - [TEST_STEP][PASSED] - callTestCase(findTestCase(CallTCName), ["FindValue":ComboBoxValue, "DropdownNm":comboNm], STOP_ON_FAILURE): Call Test Case 'Test Cases/PFI Precision and Scale/HashMap Tables/OfficerLists' successfully

2020-06-02 01:36:35 - [TEST_CASE][PASSED] - Test Cases/PFI Precision and Scale/HashMap Tables/OfficerLists: Test Cases/PFI Precision and Scale/HashMap Tables/OfficerLists

2020-06-02 01:36:35 - [TEST_STEP][PASSED] - Thread.sleep(1000): null

2020-06-02 01:36:36 - [TEST_STEP][PASSED] - OfficerLists = [1:"Aaron Sham Wai Lun (AARON)", 2:"Azidah Bte Akmad (Mdm) (USAABD)", 3:"Chung Fong Nyen (USACFN)", 4:"David Tey Dah Wei (DAHWEI)", ... ]: null

2020-06-02 01:36:36 - [TEST_STEP][PASSED] - ValueFound = OfficerLists.find({ -> ... }): null

2020-06-02 01:36:36 - [MESSAGE][PASSED] - Call Test Case 'Test Cases/PFI Precision and Scale/HashMap Tables/OfficerLists' successfully

2020-06-02 01:36:36 - [TEST_STEP][PASSED] - println(ValueFound): null

2020-06-02 01:36:36 - [TEST_STEP][PASSED] - sendKeys(NewInputNmField, Keys.chord(ARROW_DOWN)): Keys 'DOWN + ' sent to object: 'Object Repository/Objects.HighlightElements/input_field_index'

2020-06-02 01:36:37 - [MESSAGE][PASSED] - Keys 'DOWN + ' sent to object: 'Object Repository/Objects.HighlightElements/input_field_index'

2020-06-02 01:36:37 - [TEST_STEP][PASSED] - sendKeys(NewInputNmField, Keys.chord(ARROW_DOWN)): Keys 'DOWN + ' sent to object: 'Object Repository/Objects.HighlightElements/input_field_index'

2020-06-02 01:36:37 - [MESSAGE][PASSED] - Keys 'DOWN + ' sent to object: 'Object Repository/Objects.HighlightElements/input_field_index'

2020-06-02 01:36:37 - [TEST_STEP][PASSED] - delay(DelayTime): Delayed 0 second(s)

2020-06-02 01:36:37 - [MESSAGE][PASSED] - Delayed 0 second(s)

2020-06-02 01:36:37 - [TEST_STEP][PASSED] - sendKeys(NewInputNmField, Keys.chord(ENTER)): Keys 'ENTER + ' sent to object: 'Object Repository/Objects.HighlightElements/input_field_index'

2020-06-02 01:36:37 - [MESSAGE][PASSED] - Keys 'ENTER + ' sent to object: 'Object Repository/Objects.HighlightElements/input_field_index'

2020-06-02 01:36:37 - [TEST_STEP][PASSED] - ComboBoxValue = getAttribute(NewInputNmField, "value"): Attribute 'value' of object 'Object Repository/Objects.HighlightElements/input_field_index' is: 'Lee Kok Tien (USAKTL)'

2020-06-02 01:36:37 - [MESSAGE][PASSED] - Attribute 'value' of object 'Object Repository/Objects.HighlightElements/input_field_index' is: 'Lee Kok Tien (USAKTL)'

2020-06-02 01:36:37 - [TEST_STEP][PASSED] - callTestCase(findTestCase(CallTCName), ["FindValue":ComboBoxValue, "DropdownNm":comboNm], STOP_ON_FAILURE): Call Test Case 'Test Cases/PFI Precision and Scale/HashMap Tables/OfficerLists' successfully

2020-06-02 01:36:37 - [TEST_CASE][PASSED] - Test Cases/PFI Precision and Scale/HashMap Tables/OfficerLists: Test Cases/PFI Precision and Scale/HashMap Tables/OfficerLists

2020-06-02 01:36:37 - [TEST_STEP][PASSED] - Thread.sleep(1000): null

2020-06-02 01:36:38 - [TEST_STEP][PASSED] - OfficerLists = [1:"Aaron Sham Wai Lun (AARON)", 2:"Azidah Bte Akmad (Mdm) (USAABD)", 3:"Chung Fong Nyen (USACFN)", 4:"David Tey Dah Wei (DAHWEI)", ... ]: null

2020-06-02 01:36:38 - [TEST_STEP][PASSED] - ValueFound = OfficerLists.find({ -> ... }): null

2020-06-02 01:36:38 - [MESSAGE][PASSED] - Call Test Case 'Test Cases/PFI Precision and Scale/HashMap Tables/OfficerLists' successfully

2020-06-02 01:36:38 - [TEST_STEP][PASSED] - println(ValueFound): null

2020-06-02 01:36:38 - [TEST_STEP][PASSED] - sendKeys(NewInputNmField, Keys.chord(ARROW_DOWN)): Keys 'DOWN + ' sent to object: 'Object Repository/Objects.HighlightElements/input_field_index'

2020-06-02 01:36:38 - [MESSAGE][PASSED] - Keys 'DOWN + ' sent to object: 'Object Repository/Objects.HighlightElements/input_field_index'

2020-06-02 01:36:38 - [TEST_STEP][PASSED] - sendKeys(NewInputNmField, Keys.chord(ARROW_DOWN)): Keys 'DOWN + ' sent to object: 'Object Repository/Objects.HighlightElements/input_field_index'

2020-06-02 01:36:38 - [MESSAGE][PASSED] - Keys 'DOWN + ' sent to object: 'Object Repository/Objects.HighlightElements/input_field_index'

2020-06-02 01:36:38 - [TEST_STEP][PASSED] - delay(DelayTime): Delayed 0 second(s)

2020-06-02 01:36:38 - [MESSAGE][PASSED] - Delayed 0 second(s)

2020-06-02 01:36:38 - [TEST_STEP][PASSED] - sendKeys(NewInputNmField, Keys.chord(ENTER)): Keys 'ENTER + ' sent to object: 'Object Repository/Objects.HighlightElements/input_field_index'

2020-06-02 01:36:38 - [MESSAGE][PASSED] - Keys 'ENTER + ' sent to object: 'Object Repository/Objects.HighlightElements/input_field_index'

2020-06-02 01:36:38 - [TEST_STEP][PASSED] - ComboBoxValue = getAttribute(NewInputNmField, "value"): Attribute 'value' of object 'Object Repository/Objects.HighlightElements/input_field_index' is: 'Lim Beng Kwee (BENGKWEE)'

2020-06-02 01:36:38 - [MESSAGE][PASSED] - Attribute 'value' of object 'Object Repository/Objects.HighlightElements/input_field_index' is: 'Lim Beng Kwee (BENGKWEE)'

2020-06-02 01:36:38 - [TEST_STEP][PASSED] - callTestCase(findTestCase(CallTCName), ["FindValue":ComboBoxValue, "DropdownNm":comboNm], STOP_ON_FAILURE): Call Test Case 'Test Cases/PFI Precision and Scale/HashMap Tables/OfficerLists' successfully

2020-06-02 01:36:38 - [TEST_CASE][PASSED] - Test Cases/PFI Precision and Scale/HashMap Tables/OfficerLists: Test Cases/PFI Precision and Scale/HashMap Tables/OfficerLists

2020-06-02 01:36:38 - [TEST_STEP][PASSED] - Thread.sleep(1000): null

2020-06-02 01:36:39 - [TEST_STEP][PASSED] - OfficerLists = [1:"Aaron Sham Wai Lun (AARON)", 2:"Azidah Bte Akmad (Mdm) (USAABD)", 3:"Chung Fong Nyen (USACFN)", 4:"David Tey Dah Wei (DAHWEI)", ... ]: null

2020-06-02 01:36:39 - [TEST_STEP][PASSED] - ValueFound = OfficerLists.find({ -> ... }): null

2020-06-02 01:36:39 - [MESSAGE][PASSED] - Call Test Case 'Test Cases/PFI Precision and Scale/HashMap Tables/OfficerLists' successfully

2020-06-02 01:36:39 - [TEST_STEP][PASSED] - println(ValueFound): null

2020-06-02 01:36:39 - [TEST_STEP][PASSED] - sendKeys(NewInputNmField, Keys.chord(ARROW_DOWN)): Keys 'DOWN + ' sent to object: 'Object Repository/Objects.HighlightElements/input_field_index'

2020-06-02 01:36:39 - [MESSAGE][PASSED] - Keys 'DOWN + ' sent to object: 'Object Repository/Objects.HighlightElements/input_field_index'

2020-06-02 01:36:39 - [TEST_STEP][PASSED] - sendKeys(NewInputNmField, Keys.chord(ARROW_DOWN)): Keys 'DOWN + ' sent to object: 'Object Repository/Objects.HighlightElements/input_field_index'

2020-06-02 01:36:39 - [MESSAGE][PASSED] - Keys 'DOWN + ' sent to object: 'Object Repository/Objects.HighlightElements/input_field_index'

2020-06-02 01:36:39 - [TEST_STEP][PASSED] - delay(DelayTime): Delayed 0 second(s)

2020-06-02 01:36:39 - [MESSAGE][PASSED] - Delayed 0 second(s)

2020-06-02 01:36:39 - [TEST_STEP][PASSED] - sendKeys(NewInputNmField, Keys.chord(ENTER)): Keys 'ENTER + ' sent to object: 'Object Repository/Objects.HighlightElements/input_field_index'

2020-06-02 01:36:39 - [MESSAGE][PASSED] - Keys 'ENTER + ' sent to object: 'Object Repository/Objects.HighlightElements/input_field_index'

2020-06-02 01:36:39 - [TEST_STEP][PASSED] - ComboBoxValue = getAttribute(NewInputNmField, "value"): Attribute 'value' of object 'Object Repository/Objects.HighlightElements/input_field_index' is: 'Lim Leng Boon (LENGBOON)'

2020-06-02 01:36:39 - [MESSAGE][PASSED] - Attribute 'value' of object 'Object Repository/Objects.HighlightElements/input_field_index' is: 'Lim Leng Boon (LENGBOON)'

2020-06-02 01:36:39 - [TEST_STEP][PASSED] - callTestCase(findTestCase(CallTCName), ["FindValue":ComboBoxValue, "DropdownNm":comboNm], STOP_ON_FAILURE): Call Test Case 'Test Cases/PFI Precision and Scale/HashMap Tables/OfficerLists' successfully

2020-06-02 01:36:39 - [TEST_CASE][PASSED] - Test Cases/PFI Precision and Scale/HashMap Tables/OfficerLists: Test Cases/PFI Precision and Scale/HashMap Tables/OfficerLists

2020-06-02 01:36:39 - [TEST_STEP][PASSED] - Thread.sleep(1000): null

2020-06-02 01:36:40 - [TEST_STEP][PASSED] - OfficerLists = [1:"Aaron Sham Wai Lun (AARON)", 2:"Azidah Bte Akmad (Mdm) (USAABD)", 3:"Chung Fong Nyen (USACFN)", 4:"David Tey Dah Wei (DAHWEI)", ... ]: null

2020-06-02 01:36:40 - [TEST_STEP][PASSED] - ValueFound = OfficerLists.find({ -> ... }): null

2020-06-02 01:36:40 - [MESSAGE][PASSED] - Call Test Case 'Test Cases/PFI Precision and Scale/HashMap Tables/OfficerLists' successfully

2020-06-02 01:36:40 - [TEST_STEP][PASSED] - println(ValueFound): null

2020-06-02 01:36:40 - [TEST_STEP][PASSED] - sendKeys(NewInputNmField, Keys.chord(ARROW_DOWN)): Keys 'DOWN + ' sent to object: 'Object Repository/Objects.HighlightElements/input_field_index'

2020-06-02 01:36:40 - [MESSAGE][PASSED] - Keys 'DOWN + ' sent to object: 'Object Repository/Objects.HighlightElements/input_field_index'

2020-06-02 01:36:40 - [TEST_STEP][PASSED] - sendKeys(NewInputNmField, Keys.chord(ARROW_DOWN)): Keys 'DOWN + ' sent to object: 'Object Repository/Objects.HighlightElements/input_field_index'

2020-06-02 01:36:40 - [MESSAGE][PASSED] - Keys 'DOWN + ' sent to object: 'Object Repository/Objects.HighlightElements/input_field_index'

2020-06-02 01:36:40 - [TEST_STEP][PASSED] - delay(DelayTime): Delayed 0 second(s)

2020-06-02 01:36:40 - [MESSAGE][PASSED] - Delayed 0 second(s)

2020-06-02 01:36:40 - [TEST_STEP][PASSED] - sendKeys(NewInputNmField, Keys.chord(ENTER)): Keys 'ENTER + ' sent to object: 'Object Repository/Objects.HighlightElements/input_field_index'

2020-06-02 01:36:40 - [MESSAGE][PASSED] - Keys 'ENTER + ' sent to object: 'Object Repository/Objects.HighlightElements/input_field_index'

2020-06-02 01:36:40 - [TEST_STEP][PASSED] - ComboBoxValue = getAttribute(NewInputNmField, "value"): Attribute 'value' of object 'Object Repository/Objects.HighlightElements/input_field_index' is: 'Liu Xiaopeng (XIAOPENG)'

2020-06-02 01:36:40 - [MESSAGE][PASSED] - Attribute 'value' of object 'Object Repository/Objects.HighlightElements/input_field_index' is: 'Liu Xiaopeng (XIAOPENG)'

2020-06-02 01:36:40 - [TEST_STEP][PASSED] - callTestCase(findTestCase(CallTCName), ["FindValue":ComboBoxValue, "DropdownNm":comboNm], STOP_ON_FAILURE): Call Test Case 'Test Cases/PFI Precision and Scale/HashMap Tables/OfficerLists' successfully

2020-06-02 01:36:41 - [TEST_CASE][PASSED] - Test Cases/PFI Precision and Scale/HashMap Tables/OfficerLists: Test Cases/PFI Precision and Scale/HashMap Tables/OfficerLists

2020-06-02 01:36:41 - [TEST_STEP][PASSED] - Thread.sleep(1000): null

2020-06-02 01:36:42 - [TEST_STEP][PASSED] - OfficerLists = [1:"Aaron Sham Wai Lun (AARON)", 2:"Azidah Bte Akmad (Mdm) (USAABD)", 3:"Chung Fong Nyen (USACFN)", 4:"David Tey Dah Wei (DAHWEI)", ... ]: null

2020-06-02 01:36:42 - [TEST_STEP][PASSED] - ValueFound = OfficerLists.find({ -> ... }): null

2020-06-02 01:36:42 - [MESSAGE][PASSED] - Call Test Case 'Test Cases/PFI Precision and Scale/HashMap Tables/OfficerLists' successfully

2020-06-02 01:36:42 - [TEST_STEP][PASSED] - println(ValueFound): null

2020-06-02 01:36:42 - [TEST_STEP][PASSED] - sendKeys(NewInputNmField, Keys.chord(ARROW_DOWN)): Keys 'DOWN + ' sent to object: 'Object Repository/Objects.HighlightElements/input_field_index'

2020-06-02 01:36:42 - [MESSAGE][PASSED] - Keys 'DOWN + ' sent to object: 'Object Repository/Objects.HighlightElements/input_field_index'

2020-06-02 01:36:42 - [TEST_STEP][PASSED] - sendKeys(NewInputNmField, Keys.chord(ARROW_DOWN)): Keys 'DOWN + ' sent to object: 'Object Repository/Objects.HighlightElements/input_field_index'

2020-06-02 01:36:42 - [MESSAGE][PASSED] - Keys 'DOWN + ' sent to object: 'Object Repository/Objects.HighlightElements/input_field_index'

2020-06-02 01:36:42 - [TEST_STEP][PASSED] - delay(DelayTime): Delayed 0 second(s)

2020-06-02 01:36:42 - [MESSAGE][PASSED] - Delayed 0 second(s)

2020-06-02 01:36:42 - [TEST_STEP][PASSED] - sendKeys(NewInputNmField, Keys.chord(ENTER)): Keys 'ENTER + ' sent to object: 'Object Repository/Objects.HighlightElements/input_field_index'

2020-06-02 01:36:42 - [MESSAGE][PASSED] - Keys 'ENTER + ' sent to object: 'Object Repository/Objects.HighlightElements/input_field_index'

2020-06-02 01:36:42 - [TEST_STEP][PASSED] - ComboBoxValue = getAttribute(NewInputNmField, "value"): Attribute 'value' of object 'Object Repository/Objects.HighlightElements/input_field_index' is: 'Lu Ji Ju (Mdm) (USALJJ)'

2020-06-02 01:36:42 - [MESSAGE][PASSED] - Attribute 'value' of object 'Object Repository/Objects.HighlightElements/input_field_index' is: 'Lu Ji Ju (Mdm) (USALJJ)'

2020-06-02 01:36:42 - [TEST_STEP][PASSED] - callTestCase(findTestCase(CallTCName), ["FindValue":ComboBoxValue, "DropdownNm":comboNm], STOP_ON_FAILURE): Call Test Case 'Test Cases/PFI Precision and Scale/HashMap Tables/OfficerLists' successfully

2020-06-02 01:36:42 - [TEST_CASE][PASSED] - Test Cases/PFI Precision and Scale/HashMap Tables/OfficerLists: Test Cases/PFI Precision and Scale/HashMap Tables/OfficerLists

2020-06-02 01:36:42 - [TEST_STEP][PASSED] - Thread.sleep(1000): null

2020-06-02 01:36:43 - [TEST_STEP][PASSED] - OfficerLists = [1:"Aaron Sham Wai Lun (AARON)", 2:"Azidah Bte Akmad (Mdm) (USAABD)", 3:"Chung Fong Nyen (USACFN)", 4:"David Tey Dah Wei (DAHWEI)", ... ]: null

2020-06-02 01:36:43 - [TEST_STEP][PASSED] - ValueFound = OfficerLists.find({ -> ... }): null

2020-06-02 01:36:43 - [MESSAGE][PASSED] - Call Test Case 'Test Cases/PFI Precision and Scale/HashMap Tables/OfficerLists' successfully

2020-06-02 01:36:43 - [TEST_STEP][PASSED] - println(ValueFound): null

2020-06-02 01:36:43 - [TEST_STEP][PASSED] - sendKeys(NewInputNmField, Keys.chord(ARROW_DOWN)): Keys 'DOWN + ' sent to object: 'Object Repository/Objects.HighlightElements/input_field_index'

2020-06-02 01:36:43 - [MESSAGE][PASSED] - Keys 'DOWN + ' sent to object: 'Object Repository/Objects.HighlightElements/input_field_index'

2020-06-02 01:36:43 - [TEST_STEP][PASSED] - sendKeys(NewInputNmField, Keys.chord(ARROW_DOWN)): Keys 'DOWN + ' sent to object: 'Object Repository/Objects.HighlightElements/input_field_index'

2020-06-02 01:36:43 - [MESSAGE][PASSED] - Keys 'DOWN + ' sent to object: 'Object Repository/Objects.HighlightElements/input_field_index'

2020-06-02 01:36:43 - [TEST_STEP][PASSED] - delay(DelayTime): Delayed 0 second(s)

2020-06-02 01:36:43 - [MESSAGE][PASSED] - Delayed 0 second(s)

2020-06-02 01:36:43 - [TEST_STEP][PASSED] - sendKeys(NewInputNmField, Keys.chord(ENTER)): Keys 'ENTER + ' sent to object: 'Object Repository/Objects.HighlightElements/input_field_index'

2020-06-02 01:36:43 - [MESSAGE][PASSED] - Keys 'ENTER + ' sent to object: 'Object Repository/Objects.HighlightElements/input_field_index'

2020-06-02 01:36:43 - [TEST_STEP][PASSED] - ComboBoxValue = getAttribute(NewInputNmField, "value"): Attribute 'value' of object 'Object Repository/Objects.HighlightElements/input_field_index' is: 'Mohd Jeffri Bin Abdul Rahim (MOHDJEFFRI)'

2020-06-02 01:36:43 - [MESSAGE][PASSED] - Attribute 'value' of object 'Object Repository/Objects.HighlightElements/input_field_index' is: 'Mohd Jeffri Bin Abdul Rahim (MOHDJEFFRI)'

2020-06-02 01:36:43 - [TEST_STEP][PASSED] - callTestCase(findTestCase(CallTCName), ["FindValue":ComboBoxValue, "DropdownNm":comboNm], STOP_ON_FAILURE): Call Test Case 'Test Cases/PFI Precision and Scale/HashMap Tables/OfficerLists' successfully

2020-06-02 01:36:43 - [TEST_CASE][PASSED] - Test Cases/PFI Precision and Scale/HashMap Tables/OfficerLists: Test Cases/PFI Precision and Scale/HashMap Tables/OfficerLists

2020-06-02 01:36:43 - [TEST_STEP][PASSED] - Thread.sleep(1000): null

2020-06-02 01:36:44 - [TEST_STEP][PASSED] - OfficerLists = [1:"Aaron Sham Wai Lun (AARON)", 2:"Azidah Bte Akmad (Mdm) (USAABD)", 3:"Chung Fong Nyen (USACFN)", 4:"David Tey Dah Wei (DAHWEI)", ... ]: null

2020-06-02 01:36:44 - [TEST_STEP][PASSED] - ValueFound = OfficerLists.find({ -> ... }): null

2020-06-02 01:36:44 - [MESSAGE][PASSED] - Call Test Case 'Test Cases/PFI Precision and Scale/HashMap Tables/OfficerLists' successfully

2020-06-02 01:36:44 - [TEST_STEP][PASSED] - println(ValueFound): null

2020-06-02 01:36:44 - [TEST_STEP][PASSED] - sendKeys(NewInputNmField, Keys.chord(ARROW_DOWN)): Keys 'DOWN + ' sent to object: 'Object Repository/Objects.HighlightElements/input_field_index'

2020-06-02 01:36:44 - [MESSAGE][PASSED] - Keys 'DOWN + ' sent to object: 'Object Repository/Objects.HighlightElements/input_field_index'

2020-06-02 01:36:44 - [TEST_STEP][PASSED] - sendKeys(NewInputNmField, Keys.chord(ARROW_DOWN)): Keys 'DOWN + ' sent to object: 'Object Repository/Objects.HighlightElements/input_field_index'

2020-06-02 01:36:44 - [MESSAGE][PASSED] - Keys 'DOWN + ' sent to object: 'Object Repository/Objects.HighlightElements/input_field_index'

2020-06-02 01:36:44 - [TEST_STEP][PASSED] - delay(DelayTime): Delayed 0 second(s)

2020-06-02 01:36:44 - [MESSAGE][PASSED] - Delayed 0 second(s)

2020-06-02 01:36:44 - [TEST_STEP][PASSED] - sendKeys(NewInputNmField, Keys.chord(ENTER)): Keys 'ENTER + ' sent to object: 'Object Repository/Objects.HighlightElements/input_field_index'

2020-06-02 01:36:44 - [MESSAGE][PASSED] - Keys 'ENTER + ' sent to object: 'Object Repository/Objects.HighlightElements/input_field_index'

2020-06-02 01:36:44 - [TEST_STEP][PASSED] - ComboBoxValue = getAttribute(NewInputNmField, "value"): Attribute 'value' of object 'Object Repository/Objects.HighlightElements/input_field_index' is: 'Richard Lim Fang Ping (FANGPING)'

2020-06-02 01:36:44 - [MESSAGE][PASSED] - Attribute 'value' of object 'Object Repository/Objects.HighlightElements/input_field_index' is: 'Richard Lim Fang Ping (FANGPING)'

2020-06-02 01:36:44 - [TEST_STEP][PASSED] - callTestCase(findTestCase(CallTCName), ["FindValue":ComboBoxValue, "DropdownNm":comboNm], STOP_ON_FAILURE): Call Test Case 'Test Cases/PFI Precision and Scale/HashMap Tables/OfficerLists' successfully

2020-06-02 01:36:44 - [TEST_CASE][PASSED] - Test Cases/PFI Precision and Scale/HashMap Tables/OfficerLists: Test Cases/PFI Precision and Scale/HashMap Tables/OfficerLists

2020-06-02 01:36:44 - [TEST_STEP][PASSED] - Thread.sleep(1000): null

2020-06-02 01:36:45 - [TEST_STEP][PASSED] - OfficerLists = [1:"Aaron Sham Wai Lun (AARON)", 2:"Azidah Bte Akmad (Mdm) (USAABD)", 3:"Chung Fong Nyen (USACFN)", 4:"David Tey Dah Wei (DAHWEI)", ... ]: null

2020-06-02 01:36:45 - [TEST_STEP][PASSED] - ValueFound = OfficerLists.find({ -> ... }): null

2020-06-02 01:36:45 - [MESSAGE][PASSED] - Call Test Case 'Test Cases/PFI Precision and Scale/HashMap Tables/OfficerLists' successfully

2020-06-02 01:36:45 - [TEST_STEP][PASSED] - println(ValueFound): null

2020-06-02 01:36:45 - [TEST_STEP][PASSED] - sendKeys(NewInputNmField, Keys.chord(ARROW_DOWN)): Keys 'DOWN + ' sent to object: 'Object Repository/Objects.HighlightElements/input_field_index'

2020-06-02 01:36:45 - [MESSAGE][PASSED] - Keys 'DOWN + ' sent to object: 'Object Repository/Objects.HighlightElements/input_field_index'

2020-06-02 01:36:45 - [TEST_STEP][PASSED] - sendKeys(NewInputNmField, Keys.chord(ARROW_DOWN)): Keys 'DOWN + ' sent to object: 'Object Repository/Objects.HighlightElements/input_field_index'

2020-06-02 01:36:45 - [MESSAGE][PASSED] - Keys 'DOWN + ' sent to object: 'Object Repository/Objects.HighlightElements/input_field_index'

2020-06-02 01:36:45 - [TEST_STEP][PASSED] - delay(DelayTime): Delayed 0 second(s)

2020-06-02 01:36:45 - [MESSAGE][PASSED] - Delayed 0 second(s)

2020-06-02 01:36:45 - [TEST_STEP][PASSED] - sendKeys(NewInputNmField, Keys.chord(ENTER)): Keys 'ENTER + ' sent to object: 'Object Repository/Objects.HighlightElements/input_field_index'

2020-06-02 01:36:45 - [MESSAGE][PASSED] - Keys 'ENTER + ' sent to object: 'Object Repository/Objects.HighlightElements/input_field_index'

2020-06-02 01:36:45 - [TEST_STEP][PASSED] - ComboBoxValue = getAttribute(NewInputNmField, "value"): Attribute 'value' of object 'Object Repository/Objects.HighlightElements/input_field_index' is: 'RITA WONG SIONG ING (RITAWONG)'

2020-06-02 01:36:45 - [MESSAGE][PASSED] - Attribute 'value' of object 'Object Repository/Objects.HighlightElements/input_field_index' is: 'RITA WONG SIONG ING (RITAWONG)'

2020-06-02 01:36:45 - [TEST_STEP][PASSED] - callTestCase(findTestCase(CallTCName), ["FindValue":ComboBoxValue, "DropdownNm":comboNm], STOP_ON_FAILURE): Call Test Case 'Test Cases/PFI Precision and Scale/HashMap Tables/OfficerLists' successfully

2020-06-02 01:36:46 - [TEST_CASE][PASSED] - Test Cases/PFI Precision and Scale/HashMap Tables/OfficerLists: Test Cases/PFI Precision and Scale/HashMap Tables/OfficerLists

2020-06-02 01:36:46 - [TEST_STEP][PASSED] - Thread.sleep(1000): null

2020-06-02 01:36:47 - [TEST_STEP][PASSED] - OfficerLists = [1:"Aaron Sham Wai Lun (AARON)", 2:"Azidah Bte Akmad (Mdm) (USAABD)", 3:"Chung Fong Nyen (USACFN)", 4:"David Tey Dah Wei (DAHWEI)", ... ]: null

2020-06-02 01:36:47 - [TEST_STEP][PASSED] - ValueFound = OfficerLists.find({ -> ... }): null

2020-06-02 01:36:47 - [MESSAGE][PASSED] - Call Test Case 'Test Cases/PFI Precision and Scale/HashMap Tables/OfficerLists' successfully

2020-06-02 01:36:47 - [TEST_STEP][PASSED] - println(ValueFound): null

2020-06-02 01:36:47 - [TEST_STEP][PASSED] - sendKeys(NewInputNmField, Keys.chord(ARROW_DOWN)): Keys 'DOWN + ' sent to object: 'Object Repository/Objects.HighlightElements/input_field_index'

2020-06-02 01:36:47 - [MESSAGE][PASSED] - Keys 'DOWN + ' sent to object: 'Object Repository/Objects.HighlightElements/input_field_index'

2020-06-02 01:36:47 - [TEST_STEP][PASSED] - sendKeys(NewInputNmField, Keys.chord(ARROW_DOWN)): Keys 'DOWN + ' sent to object: 'Object Repository/Objects.HighlightElements/input_field_index'

2020-06-02 01:36:47 - [MESSAGE][PASSED] - Keys 'DOWN + ' sent to object: 'Object Repository/Objects.HighlightElements/input_field_index'

2020-06-02 01:36:47 - [TEST_STEP][PASSED] - delay(DelayTime): Delayed 0 second(s)

2020-06-02 01:36:47 - [MESSAGE][PASSED] - Delayed 0 second(s)

2020-06-02 01:36:47 - [TEST_STEP][PASSED] - sendKeys(NewInputNmField, Keys.chord(ENTER)): Keys 'ENTER + ' sent to object: 'Object Repository/Objects.HighlightElements/input_field_index'

2020-06-02 01:36:47 - [MESSAGE][PASSED] - Keys 'ENTER + ' sent to object: 'Object Repository/Objects.HighlightElements/input_field_index'

2020-06-02 01:36:47 - [TEST_STEP][PASSED] - ComboBoxValue = getAttribute(NewInputNmField, "value"): Attribute 'value' of object 'Object Repository/Objects.HighlightElements/input_field_index' is: 'Shi Hong Wei (HONGWEI)'

2020-06-02 01:36:47 - [MESSAGE][PASSED] - Attribute 'value' of object 'Object Repository/Objects.HighlightElements/input_field_index' is: 'Shi Hong Wei (HONGWEI)'

2020-06-02 01:36:47 - [TEST_STEP][PASSED] - callTestCase(findTestCase(CallTCName), ["FindValue":ComboBoxValue, "DropdownNm":comboNm], STOP_ON_FAILURE): Call Test Case 'Test Cases/PFI Precision and Scale/HashMap Tables/OfficerLists' successfully

2020-06-02 01:36:47 - [TEST_CASE][PASSED] - Test Cases/PFI Precision and Scale/HashMap Tables/OfficerLists: Test Cases/PFI Precision and Scale/HashMap Tables/OfficerLists

2020-06-02 01:36:47 - [TEST_STEP][PASSED] - Thread.sleep(1000): null

2020-06-02 01:36:48 - [TEST_STEP][PASSED] - OfficerLists = [1:"Aaron Sham Wai Lun (AARON)", 2:"Azidah Bte Akmad (Mdm) (USAABD)", 3:"Chung Fong Nyen (USACFN)", 4:"David Tey Dah Wei (DAHWEI)", ... ]: null

2020-06-02 01:36:48 - [TEST_STEP][PASSED] - ValueFound = OfficerLists.find({ -> ... }): null

2020-06-02 01:36:48 - [MESSAGE][PASSED] - Call Test Case 'Test Cases/PFI Precision and Scale/HashMap Tables/OfficerLists' successfully

2020-06-02 01:36:48 - [TEST_STEP][PASSED] - println(ValueFound): null

2020-06-02 01:36:48 - [TEST_STEP][PASSED] - sendKeys(NewInputNmField, Keys.chord(ARROW_DOWN)): Keys 'DOWN + ' sent to object: 'Object Repository/Objects.HighlightElements/input_field_index'

2020-06-02 01:36:48 - [MESSAGE][PASSED] - Keys 'DOWN + ' sent to object: 'Object Repository/Objects.HighlightElements/input_field_index'

2020-06-02 01:36:48 - [TEST_STEP][PASSED] - sendKeys(NewInputNmField, Keys.chord(ARROW_DOWN)): Keys 'DOWN + ' sent to object: 'Object Repository/Objects.HighlightElements/input_field_index'

2020-06-02 01:36:48 - [MESSAGE][PASSED] - Keys 'DOWN + ' sent to object: 'Object Repository/Objects.HighlightElements/input_field_index'

2020-06-02 01:36:48 - [TEST_STEP][PASSED] - delay(DelayTime): Delayed 0 second(s)

2020-06-02 01:36:48 - [MESSAGE][PASSED] - Delayed 0 second(s)

2020-06-02 01:36:48 - [TEST_STEP][PASSED] - sendKeys(NewInputNmField, Keys.chord(ENTER)): Keys 'ENTER + ' sent to object: 'Object Repository/Objects.HighlightElements/input_field_index'

2020-06-02 01:36:48 - [MESSAGE][PASSED] - Keys 'ENTER + ' sent to object: 'Object Repository/Objects.HighlightElements/input_field_index'

2020-06-02 01:36:48 - [TEST_STEP][PASSED] - ComboBoxValue = getAttribute(NewInputNmField, "value"): Attribute 'value' of object 'Object Repository/Objects.HighlightElements/input_field_index' is: 'Tan Jing Ying (JINGYING)'

2020-06-02 01:36:48 - [MESSAGE][PASSED] - Attribute 'value' of object 'Object Repository/Objects.HighlightElements/input_field_index' is: 'Tan Jing Ying (JINGYING)'

2020-06-02 01:36:48 - [TEST_STEP][PASSED] - callTestCase(findTestCase(CallTCName), ["FindValue":ComboBoxValue, "DropdownNm":comboNm], STOP_ON_FAILURE): Call Test Case 'Test Cases/PFI Precision and Scale/HashMap Tables/OfficerLists' successfully

2020-06-02 01:36:48 - [TEST_CASE][PASSED] - Test Cases/PFI Precision and Scale/HashMap Tables/OfficerLists: Test Cases/PFI Precision and Scale/HashMap Tables/OfficerLists

2020-06-02 01:36:48 - [TEST_STEP][PASSED] - Thread.sleep(1000): null

2020-06-02 01:36:49 - [TEST_STEP][PASSED] - OfficerLists = [1:"Aaron Sham Wai Lun (AARON)", 2:"Azidah Bte Akmad (Mdm) (USAABD)", 3:"Chung Fong Nyen (USACFN)", 4:"David Tey Dah Wei (DAHWEI)", ... ]: null

2020-06-02 01:36:49 - [TEST_STEP][PASSED] - ValueFound = OfficerLists.find({ -> ... }): null

2020-06-02 01:36:49 - [MESSAGE][PASSED] - Call Test Case 'Test Cases/PFI Precision and Scale/HashMap Tables/OfficerLists' successfully

2020-06-02 01:36:49 - [TEST_STEP][PASSED] - println(ValueFound): null

2020-06-02 01:36:49 - [TEST_STEP][PASSED] - sendKeys(NewInputNmField, Keys.chord(ARROW_DOWN)): Keys 'DOWN + ' sent to object: 'Object Repository/Objects.HighlightElements/input_field_index'

2020-06-02 01:36:49 - [MESSAGE][PASSED] - Keys 'DOWN + ' sent to object: 'Object Repository/Objects.HighlightElements/input_field_index'

2020-06-02 01:36:49 - [TEST_STEP][PASSED] - sendKeys(NewInputNmField, Keys.chord(ARROW_DOWN)): Keys 'DOWN + ' sent to object: 'Object Repository/Objects.HighlightElements/input_field_index'

2020-06-02 01:36:49 - [MESSAGE][PASSED] - Keys 'DOWN + ' sent to object: 'Object Repository/Objects.HighlightElements/input_field_index'

2020-06-02 01:36:49 - [TEST_STEP][PASSED] - delay(DelayTime): Delayed 0 second(s)

2020-06-02 01:36:49 - [MESSAGE][PASSED] - Delayed 0 second(s)

2020-06-02 01:36:49 - [TEST_STEP][PASSED] - sendKeys(NewInputNmField, Keys.chord(ENTER)): Keys 'ENTER + ' sent to object: 'Object Repository/Objects.HighlightElements/input_field_index'

2020-06-02 01:36:49 - [MESSAGE][PASSED] - Keys 'ENTER + ' sent to object: 'Object Repository/Objects.HighlightElements/input_field_index'

2020-06-02 01:36:49 - [TEST_STEP][PASSED] - ComboBoxValue = getAttribute(NewInputNmField, "value"): Attribute 'value' of object 'Object Repository/Objects.HighlightElements/input_field_index' is: 'Tan Kwan Joo (KWANJOO)'

2020-06-02 01:36:49 - [MESSAGE][PASSED] - Attribute 'value' of object 'Object Repository/Objects.HighlightElements/input_field_index' is: 'Tan Kwan Joo (KWANJOO)'

2020-06-02 01:36:49 - [TEST_STEP][PASSED] - callTestCase(findTestCase(CallTCName), ["FindValue":ComboBoxValue, "DropdownNm":comboNm], STOP_ON_FAILURE): Call Test Case 'Test Cases/PFI Precision and Scale/HashMap Tables/OfficerLists' successfully

2020-06-02 01:36:49 - [TEST_CASE][PASSED] - Test Cases/PFI Precision and Scale/HashMap Tables/OfficerLists: Test Cases/PFI Precision and Scale/HashMap Tables/OfficerLists

2020-06-02 01:36:49 - [TEST_STEP][PASSED] - Thread.sleep(1000): null

2020-06-02 01:36:50 - [TEST_STEP][PASSED] - OfficerLists = [1:"Aaron Sham Wai Lun (AARON)", 2:"Azidah Bte Akmad (Mdm) (USAABD)", 3:"Chung Fong Nyen (USACFN)", 4:"David Tey Dah Wei (DAHWEI)", ... ]: null

2020-06-02 01:36:50 - [TEST_STEP][PASSED] - ValueFound = OfficerLists.find({ -> ... }): null

2020-06-02 01:36:50 - [MESSAGE][PASSED] - Call Test Case 'Test Cases/PFI Precision and Scale/HashMap Tables/OfficerLists' successfully

2020-06-02 01:36:50 - [TEST_STEP][PASSED] - println(ValueFound): null

2020-06-02 01:36:50 - [TEST_STEP][PASSED] - sendKeys(NewInputNmField, Keys.chord(ARROW_DOWN)): Keys 'DOWN + ' sent to object: 'Object Repository/Objects.HighlightElements/input_field_index'

2020-06-02 01:36:50 - [MESSAGE][PASSED] - Keys 'DOWN + ' sent to object: 'Object Repository/Objects.HighlightElements/input_field_index'

2020-06-02 01:36:50 - [TEST_STEP][PASSED] - sendKeys(NewInputNmField, Keys.chord(ARROW_DOWN)): Keys 'DOWN + ' sent to object: 'Object Repository/Objects.HighlightElements/input_field_index'

2020-06-02 01:36:50 - [MESSAGE][PASSED] - Keys 'DOWN + ' sent to object: 'Object Repository/Objects.HighlightElements/input_field_index'

2020-06-02 01:36:50 - [TEST_STEP][PASSED] - delay(DelayTime): Delayed 0 second(s)

2020-06-02 01:36:50 - [MESSAGE][PASSED] - Delayed 0 second(s)

2020-06-02 01:36:50 - [TEST_STEP][PASSED] - sendKeys(NewInputNmField, Keys.chord(ENTER)): Keys 'ENTER + ' sent to object: 'Object Repository/Objects.HighlightElements/input_field_index'

2020-06-02 01:36:50 - [MESSAGE][PASSED] - Keys 'ENTER + ' sent to object: 'Object Repository/Objects.HighlightElements/input_field_index'

2020-06-02 01:36:50 - [TEST_STEP][PASSED] - ComboBoxValue = getAttribute(NewInputNmField, "value"): Attribute 'value' of object 'Object Repository/Objects.HighlightElements/input_field_index' is: 'Titus Chua Hwa Ping (TITUS)'

2020-06-02 01:36:51 - [MESSAGE][PASSED] - Attribute 'value' of object 'Object Repository/Objects.HighlightElements/input_field_index' is: 'Titus Chua Hwa Ping (TITUS)'

2020-06-02 01:36:51 - [TEST_STEP][PASSED] - callTestCase(findTestCase(CallTCName), ["FindValue":ComboBoxValue, "DropdownNm":comboNm], STOP_ON_FAILURE): Call Test Case 'Test Cases/PFI Precision and Scale/HashMap Tables/OfficerLists' successfully

2020-06-02 01:36:51 - [TEST_CASE][PASSED] - Test Cases/PFI Precision and Scale/HashMap Tables/OfficerLists: Test Cases/PFI Precision and Scale/HashMap Tables/OfficerLists

2020-06-02 01:36:51 - [TEST_STEP][PASSED] - Thread.sleep(1000): null

2020-06-02 01:36:52 - [TEST_STEP][PASSED] - OfficerLists = [1:"Aaron Sham Wai Lun (AARON)", 2:"Azidah Bte Akmad (Mdm) (USAABD)", 3:"Chung Fong Nyen (USACFN)", 4:"David Tey Dah Wei (DAHWEI)", ... ]: null

2020-06-02 01:36:52 - [TEST_STEP][PASSED] - ValueFound = OfficerLists.find({ -> ... }): null

2020-06-02 01:36:52 - [MESSAGE][PASSED] - Call Test Case 'Test Cases/PFI Precision and Scale/HashMap Tables/OfficerLists' successfully

2020-06-02 01:36:52 - [TEST_STEP][PASSED] - println(ValueFound): null

2020-06-02 01:36:52 - [TEST_STEP][PASSED] - sendKeys(NewInputNmField, Keys.chord(ARROW_DOWN)): Keys 'DOWN + ' sent to object: 'Object Repository/Objects.HighlightElements/input_field_index'

2020-06-02 01:36:52 - [MESSAGE][PASSED] - Keys 'DOWN + ' sent to object: 'Object Repository/Objects.HighlightElements/input_field_index'

2020-06-02 01:36:52 - [TEST_STEP][PASSED] - sendKeys(NewInputNmField, Keys.chord(ARROW_DOWN)): Keys 'DOWN + ' sent to object: 'Object Repository/Objects.HighlightElements/input_field_index'

2020-06-02 01:36:52 - [MESSAGE][PASSED] - Keys 'DOWN + ' sent to object: 'Object Repository/Objects.HighlightElements/input_field_index'

2020-06-02 01:36:52 - [TEST_STEP][PASSED] - delay(DelayTime): Delayed 0 second(s)

2020-06-02 01:36:52 - [MESSAGE][PASSED] - Delayed 0 second(s)

2020-06-02 01:36:52 - [TEST_STEP][PASSED] - sendKeys(NewInputNmField, Keys.chord(ENTER)): Keys 'ENTER + ' sent to object: 'Object Repository/Objects.HighlightElements/input_field_index'

2020-06-02 01:36:52 - [MESSAGE][PASSED] - Keys 'ENTER + ' sent to object: 'Object Repository/Objects.HighlightElements/input_field_index'

2020-06-02 01:36:52 - [TEST_STEP][PASSED] - ComboBoxValue = getAttribute(NewInputNmField, "value"): Attribute 'value' of object 'Object Repository/Objects.HighlightElements/input_field_index' is: 'Vijayaratnam Ng Lay Hoon (USANLH)'

2020-06-02 01:36:52 - [MESSAGE][PASSED] - Attribute 'value' of object 'Object Repository/Objects.HighlightElements/input_field_index' is: 'Vijayaratnam Ng Lay Hoon (USANLH)'

2020-06-02 01:36:52 - [TEST_STEP][PASSED] - callTestCase(findTestCase(CallTCName), ["FindValue":ComboBoxValue, "DropdownNm":comboNm], STOP_ON_FAILURE): Call Test Case 'Test Cases/PFI Precision and Scale/HashMap Tables/OfficerLists' successfully

2020-06-02 01:36:52 - [TEST_CASE][PASSED] - Test Cases/PFI Precision and Scale/HashMap Tables/OfficerLists: Test Cases/PFI Precision and Scale/HashMap Tables/OfficerLists

2020-06-02 01:36:52 - [TEST_STEP][PASSED] - Thread.sleep(1000): null

2020-06-02 01:36:53 - [TEST_STEP][PASSED] - OfficerLists = [1:"Aaron Sham Wai Lun (AARON)", 2:"Azidah Bte Akmad (Mdm) (USAABD)", 3:"Chung Fong Nyen (USACFN)", 4:"David Tey Dah Wei (DAHWEI)", ... ]: null

2020-06-02 01:36:53 - [TEST_STEP][PASSED] - ValueFound = OfficerLists.find({ -> ... }): null

2020-06-02 01:36:53 - [MESSAGE][PASSED] - Call Test Case 'Test Cases/PFI Precision and Scale/HashMap Tables/OfficerLists' successfully

2020-06-02 01:36:53 - [TEST_STEP][PASSED] - println(ValueFound): null

2020-06-02 01:36:53 - [TEST_STEP][PASSED] - sendKeys(NewInputNmField, Keys.chord(ARROW_DOWN)): Keys 'DOWN + ' sent to object: 'Object Repository/Objects.HighlightElements/input_field_index'

2020-06-02 01:36:53 - [MESSAGE][PASSED] - Keys 'DOWN + ' sent to object: 'Object Repository/Objects.HighlightElements/input_field_index'

2020-06-02 01:36:53 - [TEST_STEP][PASSED] - sendKeys(NewInputNmField, Keys.chord(ARROW_DOWN)): Keys 'DOWN + ' sent to object: 'Object Repository/Objects.HighlightElements/input_field_index'

2020-06-02 01:36:53 - [MESSAGE][PASSED] - Keys 'DOWN + ' sent to object: 'Object Repository/Objects.HighlightElements/input_field_index'

2020-06-02 01:36:53 - [TEST_STEP][PASSED] - delay(DelayTime): Delayed 0 second(s)

2020-06-02 01:36:53 - [MESSAGE][PASSED] - Delayed 0 second(s)

2020-06-02 01:36:53 - [TEST_STEP][PASSED] - sendKeys(NewInputNmField, Keys.chord(ENTER)): Keys 'ENTER + ' sent to object: 'Object Repository/Objects.HighlightElements/input_field_index'

2020-06-02 01:36:53 - [MESSAGE][PASSED] - Keys 'ENTER + ' sent to object: 'Object Repository/Objects.HighlightElements/input_field_index'

2020-06-02 01:36:53 - [TEST_STEP][PASSED] - ComboBoxValue = getAttribute(NewInputNmField, "value"): Attribute 'value' of object 'Object Repository/Objects.HighlightElements/input_field_index' is: 'Wong Swee Sheng (WONGSWEE)'

2020-06-02 01:36:53 - [MESSAGE][PASSED] - Attribute 'value' of object 'Object Repository/Objects.HighlightElements/input_field_index' is: 'Wong Swee Sheng (WONGSWEE)'

2020-06-02 01:36:53 - [TEST_STEP][PASSED] - callTestCase(findTestCase(CallTCName), ["FindValue":ComboBoxValue, "DropdownNm":comboNm], STOP_ON_FAILURE): Call Test Case 'Test Cases/PFI Precision and Scale/HashMap Tables/OfficerLists' successfully

2020-06-02 01:36:53 - [TEST_CASE][PASSED] - Test Cases/PFI Precision and Scale/HashMap Tables/OfficerLists: Test Cases/PFI Precision and Scale/HashMap Tables/OfficerLists

2020-06-02 01:36:53 - [TEST_STEP][PASSED] - Thread.sleep(1000): null

2020-06-02 01:36:54 - [TEST_STEP][PASSED] - OfficerLists = [1:"Aaron Sham Wai Lun (AARON)", 2:"Azidah Bte Akmad (Mdm) (USAABD)", 3:"Chung Fong Nyen (USACFN)", 4:"David Tey Dah Wei (DAHWEI)", ... ]: null

2020-06-02 01:36:54 - [TEST_STEP][PASSED] - ValueFound = OfficerLists.find({ -> ... }): null

2020-06-02 01:36:54 - [MESSAGE][PASSED] - Call Test Case 'Test Cases/PFI Precision and Scale/HashMap Tables/OfficerLists' successfully

2020-06-02 01:36:54 - [TEST_STEP][PASSED] - println(ValueFound): null

2020-06-02 01:36:54 - [TEST_STEP][PASSED] - sendKeys(NewInputNmField, Keys.chord(ARROW_DOWN)): Keys 'DOWN + ' sent to object: 'Object Repository/Objects.HighlightElements/input_field_index'

2020-06-02 01:36:54 - [MESSAGE][PASSED] - Keys 'DOWN + ' sent to object: 'Object Repository/Objects.HighlightElements/input_field_index'

2020-06-02 01:36:54 - [TEST_STEP][PASSED] - sendKeys(NewInputNmField, Keys.chord(ARROW_DOWN)): Keys 'DOWN + ' sent to object: 'Object Repository/Objects.HighlightElements/input_field_index'

2020-06-02 01:36:54 - [MESSAGE][PASSED] - Keys 'DOWN + ' sent to object: 'Object Repository/Objects.HighlightElements/input_field_index'

2020-06-02 01:36:54 - [TEST_STEP][PASSED] - delay(DelayTime): Delayed 0 second(s)

2020-06-02 01:36:54 - [MESSAGE][PASSED] - Delayed 0 second(s)

2020-06-02 01:36:54 - [TEST_STEP][PASSED] - sendKeys(NewInputNmField, Keys.chord(ENTER)): Keys 'ENTER + ' sent to object: 'Object Repository/Objects.HighlightElements/input_field_index'

2020-06-02 01:36:54 - [MESSAGE][PASSED] - Keys 'ENTER + ' sent to object: 'Object Repository/Objects.HighlightElements/input_field_index'

2020-06-02 01:36:54 - [TEST_STEP][PASSED] - ComboBoxValue = getAttribute(NewInputNmField, "value"): Attribute 'value' of object 'Object Repository/Objects.HighlightElements/input_field_index' is: 'Zhao Dianfeng (DIANFENG)'

2020-06-02 01:36:54 - [MESSAGE][PASSED] - Attribute 'value' of object 'Object Repository/Objects.HighlightElements/input_field_index' is: 'Zhao Dianfeng (DIANFENG)'

2020-06-02 01:36:54 - [TEST_STEP][PASSED] - callTestCase(findTestCase(CallTCName), ["FindValue":ComboBoxValue, "DropdownNm":comboNm], STOP_ON_FAILURE): Call Test Case 'Test Cases/PFI Precision and Scale/HashMap Tables/OfficerLists' successfully

2020-06-02 01:36:54 - [TEST_CASE][PASSED] - Test Cases/PFI Precision and Scale/HashMap Tables/OfficerLists: Test Cases/PFI Precision and Scale/HashMap Tables/OfficerLists

2020-06-02 01:36:54 - [TEST_STEP][PASSED] - Thread.sleep(1000): null

2020-06-02 01:36:55 - [TEST_STEP][PASSED] - OfficerLists = [1:"Aaron Sham Wai Lun (AARON)", 2:"Azidah Bte Akmad (Mdm) (USAABD)", 3:"Chung Fong Nyen (USACFN)", 4:"David Tey Dah Wei (DAHWEI)", ... ]: null

2020-06-02 01:36:55 - [TEST_STEP][PASSED] - ValueFound = OfficerLists.find({ -> ... }): null

2020-06-02 01:36:55 - [MESSAGE][PASSED] - Call Test Case 'Test Cases/PFI Precision and Scale/HashMap Tables/OfficerLists' successfully

2020-06-02 01:36:55 - [TEST_STEP][PASSED] - println(ValueFound): null

2020-06-02 01:36:55 - [TEST_STEP][PASSED] - sendKeys(NewInputNmField, Keys.chord(ARROW_DOWN)): Keys 'DOWN + ' sent to object: 'Object Repository/Objects.HighlightElements/input_field_index'

2020-06-02 01:36:55 - [MESSAGE][PASSED] - Keys 'DOWN + ' sent to object: 'Object Repository/Objects.HighlightElements/input_field_index'

2020-06-02 01:36:55 - [TEST_STEP][PASSED] - sendKeys(NewInputNmField, Keys.chord(ENTER)): Keys 'ENTER + ' sent to object: 'Object Repository/Objects.HighlightElements/input_field_index'

2020-06-02 01:36:55 - [MESSAGE][PASSED] - Keys 'ENTER + ' sent to object: 'Object Repository/Objects.HighlightElements/input_field_index'

2020-06-02 01:36:55 - [MESSAGE][PASSED] - Call Test Case 'Test Cases/PFI Precision and Scale/PFI Components with Indexing/VerifyDropdownValuesIndex' successfully

2020-06-02 01:36:56 - [TEST_STEP][PASSED] - callTestCase(findTestCase("Components/SelectAllThenDeleteIndex"), ["nameToBeUsed":"decIntAssignOffcr", "index":2], STOP_ON_FAILURE): Call Test Case 'Test Cases/Components/SelectAllThenDeleteIndex' successfully

2020-06-02 01:36:56 - [TEST_CASE][PASSED] - Test Cases/Components/SelectAllThenDeleteIndex: Test Cases/Components/SelectAllThenDeleteIndex

2020-06-02 01:36:56 - [TEST_STEP][PASSED] - Thread.sleep(1000): null

2020-06-02 01:36:57 - [TEST_STEP][PASSED] - modifiedObj = modifyObjectProperty(findTestObject("Object Repository/Objects.HighlightElements/input_field_index"), "xpath", "equals", "(//*[contains(@class,'x-form-text') and (@name='" + nameToBeUsed + "')])[" + index + "]", true): Modify property of object successfully

2020-06-02 01:36:57 - [MESSAGE][PASSED] - Modify property of object successfully

2020-06-02 01:36:57 - [TEST_STEP][PASSED] - focus(modifiedObj): Object: 'Object Repository/Objects.HighlightElements/input_field_index' is focused

2020-06-02 01:36:57 - [MESSAGE][PASSED] - Object: 'Object Repository/Objects.HighlightElements/input_field_index' is focused

2020-06-02 01:36:57 - [TEST_STEP][PASSED] - sendKeys(modifiedObj, Keys.chord(CONTROL, "a")): Keys 'CONTROL + a' sent to object: 'Object Repository/Objects.HighlightElements/input_field_index'

2020-06-02 01:36:57 - [MESSAGE][PASSED] - Keys 'CONTROL + a' sent to object: 'Object Repository/Objects.HighlightElements/input_field_index'

2020-06-02 01:36:57 - [TEST_STEP][PASSED] - sendKeys(modifiedObj, Keys.chord(DELETE)): Keys 'DELETE + ' sent to object: 'Object Repository/Objects.HighlightElements/input_field_index'

2020-06-02 01:36:57 - [MESSAGE][PASSED] - Keys 'DELETE + ' sent to object: 'Object Repository/Objects.HighlightElements/input_field_index'

2020-06-02 01:36:57 - [MESSAGE][PASSED] - Call Test Case 'Test Cases/Components/SelectAllThenDeleteIndex' successfully

2020-06-02 01:36:57 - [TEST_STEP][PASSED] - callTestCase(findTestCase("PFI Precision and Scale/PFI Components with Indexing/RequiredFieldValidationIndex"), ["nameToBeUsed":"decIntAssignOffcr", "index":2], STOP_ON_FAILURE): Call Test Case 'Test Cases/PFI Precision and Scale/PFI Components with Indexing/RequiredFieldValidationIndex' successfully

2020-06-02 01:36:57 - [TEST_CASE][PASSED] - Test Cases/PFI Precision and Scale/PFI Components with Indexing/RequiredFieldValidationIndex: Test Cases/PFI Precision and Scale/PFI Components with Indexing/RequiredFieldValidationIndex

2020-06-02 01:36:57 - [TEST_STEP][PASSED] - enableSmartWait(): null

2020-06-02 01:36:57 - [TEST_STEP][PASSED] - NewInputNmField = modifyObjectProperty(findTestObject("Objects.HighlightElements/input_field_index"), "xpath", "equals", "(//*[contains(@class,'x-form-text') and (@name='" + nameToBeUsed + "')])[" + index + "]", true): Modify property of object successfully

2020-06-02 01:36:57 - [MESSAGE][PASSED] - Modify property of object successfully

2020-06-02 01:36:57 - [TEST_STEP][PASSED] - mouseOver(NewInputNmField): Object: 'Object Repository/Objects.HighlightElements/input_field_index' is hovered

2020-06-02 01:36:57 - [MESSAGE][PASSED] - Object: 'Object Repository/Objects.HighlightElements/input_field_index' is hovered

2020-06-02 01:36:57 - [TEST_STEP][PASSED] - getRqErrMsg = getAttribute(NewInputNmField, "data-errorqtip"): Attribute 'data-errorqtip' of object 'Object Repository/Objects.HighlightElements/input_field_index' is: '<ul class="x-list-plain"><li>This field is required</li></ul>'

2020-06-02 01:36:57 - [MESSAGE][PASSED] - Attribute 'data-errorqtip' of object 'Object Repository/Objects.HighlightElements/input_field_index' is: '<ul class="x-list-plain"><li>This field is required</li></ul>'

2020-06-02 01:36:57 - [TEST_STEP][PASSED] - strToolTip = getRqErrMsg.substring(29, 61): null

2020-06-02 01:36:57 - [TEST_STEP][PASSED] - toolTipReqErrMsg = strToolTip.substring(0, 22): null

2020-06-02 01:36:57 - [TEST_STEP][PASSED] - verifyMatch(toolTipReqErrMsg, RqField, true): Actual text 'This field is required' and expected text 'This field is required' are matched  using regular expression

2020-06-02 01:36:57 - [MESSAGE][PASSED] - Actual text 'This field is required' and expected text 'This field is required' are matched  using regular expression

2020-06-02 01:36:57 - [MESSAGE][PASSED] - Call Test Case 'Test Cases/PFI Precision and Scale/PFI Components with Indexing/RequiredFieldValidationIndex' successfully

2020-06-02 01:36:57 - [TEST_STEP][PASSED] - callTestCase(findTestCase("Components/HighlightLabelFieldXPI"), ["LblName":"Decision To", "index":2], STOP_ON_FAILURE): Call Test Case 'Test Cases/Components/HighlightLabelFieldXPI' successfully

2020-06-02 01:36:57 - [TEST_CASE][PASSED] - Test Cases/Components/HighlightLabelFieldXPI: Test Cases/Components/HighlightLabelFieldXPI

2020-06-02 01:36:57 - [TEST_STEP][PASSED] - Thread.sleep(1000): null

2020-06-02 01:36:58 - [TEST_STEP][PASSED] - modifiedLblNm = modifyObjectProperty(findTestObject("Object Repository/Objects.HighlightElements/lblField_index"), "xpath", "equals", "(//*[contains(@class, 'x-form-item-label-inner x-form-item-label-inner-default') and contains(., '" + LblName + "')])[" + index + "]", true): Modify property of object successfully

2020-06-02 01:36:58 - [MESSAGE][PASSED] - Modify property of object successfully

2020-06-02 01:36:58 - [TEST_STEP][PASSED] - com.reusableComponents.HighlightElement.run(modifiedLblNm): com.reusableComponents.HighlightElement.run is PASSED

2020-06-02 01:36:59 - [MESSAGE][PASSED] - com.reusableComponents.HighlightElement.run is PASSED

2020-06-02 01:36:59 - [MESSAGE][PASSED] - Call Test Case 'Test Cases/Components/HighlightLabelFieldXPI' successfully

2020-06-02 01:36:59 - [TEST_STEP][PASSED] - callTestCase(findTestCase("Components/HighlightInputIndexField"), ["InputName":"decIntDecisionTo", "index":2], STOP_ON_FAILURE): Call Test Case 'Test Cases/Components/HighlightInputIndexField' successfully

2020-06-02 01:36:59 - [TEST_CASE][PASSED] - Test Cases/Components/HighlightInputIndexField: Test Cases/Components/HighlightInputIndexField

2020-06-02 01:36:59 - [TEST_STEP][PASSED] - Thread.sleep(1000): null

2020-06-02 01:37:00 - [TEST_STEP][PASSED] - modifiedInputFld = modifyObjectProperty(findTestObject("Objects.HighlightElements/input_field_index"), "xpath", "equals", "(//*[contains(@class,'x-form-text') and (@name='" + InputName + "')])[" + index + "]", true): Modify property of object successfully

2020-06-02 01:37:00 - [MESSAGE][PASSED] - Modify property of object successfully

2020-06-02 01:37:00 - [TEST_STEP][PASSED] - com.reusableComponents.HighlightElement.run(modifiedInputFld): com.reusableComponents.HighlightElement.run is PASSED

2020-06-02 01:37:00 - [MESSAGE][PASSED] - com.reusableComponents.HighlightElement.run is PASSED

2020-06-02 01:37:00 - [MESSAGE][PASSED] - Call Test Case 'Test Cases/Components/HighlightInputIndexField' successfully

2020-06-02 01:37:00 - [TEST_STEP][PASSED] - callTestCase(findTestCase("PFI Precision and Scale/PFI Components with Indexing/VerifyDropdownValuesIndex"), ["FldNm":"decIntDecisionTo", "CallTCName":"PFI Precision and Scale/HashMap Tables/OfficerLists", "cmbNm":"DecisionTo", "NoOfVal":2, ... ], STOP_ON_FAILURE): Call Test Case 'Test Cases/PFI Precision and Scale/PFI Components with Indexing/VerifyDropdownValuesIndex' successfully

2020-06-02 01:37:00 - [TEST_CASE][PASSED] - Test Cases/PFI Precision and Scale/PFI Components with Indexing/VerifyDropdownValuesIndex: Test Cases/PFI Precision and Scale/PFI Components with Indexing/VerifyDropdownValuesIndex

2020-06-02 01:37:00 - [TEST_STEP][PASSED] - Thread.sleep(1000): null

2020-06-02 01:37:01 - [TEST_STEP][PASSED] - NewInputNmField = modifyObjectProperty(findTestObject("Object Repository/Objects.HighlightElements/input_field_index"), "xpath", "equals", "(//*[contains(@class,'x-form-text') and (@name='" + FldNm + "')])[" + index + "]", true): Modify property of object successfully

2020-06-02 01:37:01 - [MESSAGE][PASSED] - Modify property of object successfully

2020-06-02 01:37:01 - [TEST_STEP][PASSED] - comboNm = cmbNm: null

2020-06-02 01:37:01 - [TEST_STEP][PASSED] - focus(NewInputNmField): Object: 'Object Repository/Objects.HighlightElements/input_field_index' is focused

2020-06-02 01:37:01 - [MESSAGE][PASSED] - Object: 'Object Repository/Objects.HighlightElements/input_field_index' is focused

2020-06-02 01:37:01 - [TEST_STEP][PASSED] - setText(NewInputNmField, EnterValue): Text '' is set on object 'Object Repository/Objects.HighlightElements/input_field_index'

2020-06-02 01:37:01 - [MESSAGE][PASSED] - Text '' is set on object 'Object Repository/Objects.HighlightElements/input_field_index'

2020-06-02 01:37:01 - [TEST_STEP][PASSED] - for ([i = 1, i <= NoOfVal, (i++)]): Keys 'DOWN + ' sent to object: 'Object Repository/Objects.HighlightElements/input_field_index'

2020-06-02 01:37:01 - [TEST_STEP][PASSED] - sendKeys(NewInputNmField, Keys.chord(ARROW_DOWN)): Keys 'DOWN + ' sent to object: 'Object Repository/Objects.HighlightElements/input_field_index'

2020-06-02 01:37:01 - [MESSAGE][PASSED] - Keys 'DOWN + ' sent to object: 'Object Repository/Objects.HighlightElements/input_field_index'

2020-06-02 01:37:01 - [TEST_STEP][PASSED] - delay(DelayTime): Delayed 0 second(s)

2020-06-02 01:37:01 - [MESSAGE][PASSED] - Delayed 0 second(s)

2020-06-02 01:37:01 - [TEST_STEP][PASSED] - sendKeys(NewInputNmField, Keys.chord(ENTER)): Keys 'ENTER + ' sent to object: 'Object Repository/Objects.HighlightElements/input_field_index'

2020-06-02 01:37:01 - [MESSAGE][PASSED] - Keys 'ENTER + ' sent to object: 'Object Repository/Objects.HighlightElements/input_field_index'

2020-06-02 01:37:01 - [TEST_STEP][PASSED] - ComboBoxValue = getAttribute(NewInputNmField, "value"): Attribute 'value' of object 'Object Repository/Objects.HighlightElements/input_field_index' is: 'Approved'

2020-06-02 01:37:01 - [MESSAGE][PASSED] - Attribute 'value' of object 'Object Repository/Objects.HighlightElements/input_field_index' is: 'Approved'

2020-06-02 01:37:01 - [TEST_STEP][PASSED] - callTestCase(findTestCase(CallTCName), ["FindValue":ComboBoxValue, "DropdownNm":comboNm], STOP_ON_FAILURE): Call Test Case 'Test Cases/PFI Precision and Scale/HashMap Tables/OfficerLists' successfully

2020-06-02 01:37:02 - [TEST_CASE][PASSED] - Test Cases/PFI Precision and Scale/HashMap Tables/OfficerLists: Test Cases/PFI Precision and Scale/HashMap Tables/OfficerLists

2020-06-02 01:37:02 - [TEST_STEP][PASSED] - Thread.sleep(1000): null

2020-06-02 01:37:03 - [TEST_STEP][PASSED] - OfficerLists = [1:"Aaron Sham Wai Lun (AARON)", 2:"Azidah Bte Akmad (Mdm) (USAABD)", 3:"Chung Fong Nyen (USACFN)", 4:"David Tey Dah Wei (DAHWEI)", ... ]: null

2020-06-02 01:37:03 - [TEST_STEP][PASSED] - ValueFound = OfficerLists.find({ -> ... }): null

2020-06-02 01:37:03 - [MESSAGE][PASSED] - Call Test Case 'Test Cases/PFI Precision and Scale/HashMap Tables/OfficerLists' successfully

2020-06-02 01:37:03 - [TEST_STEP][PASSED] - println(ValueFound): null

2020-06-02 01:37:03 - [TEST_STEP][PASSED] - sendKeys(NewInputNmField, Keys.chord(ARROW_DOWN)): Keys 'DOWN + ' sent to object: 'Object Repository/Objects.HighlightElements/input_field_index'

2020-06-02 01:37:03 - [MESSAGE][PASSED] - Keys 'DOWN + ' sent to object: 'Object Repository/Objects.HighlightElements/input_field_index'

2020-06-02 01:37:03 - [TEST_STEP][PASSED] - sendKeys(NewInputNmField, Keys.chord(ARROW_DOWN)): Keys 'DOWN + ' sent to object: 'Object Repository/Objects.HighlightElements/input_field_index'

2020-06-02 01:37:03 - [MESSAGE][PASSED] - Keys 'DOWN + ' sent to object: 'Object Repository/Objects.HighlightElements/input_field_index'

2020-06-02 01:37:03 - [TEST_STEP][PASSED] - delay(DelayTime): Delayed 0 second(s)

2020-06-02 01:37:03 - [MESSAGE][PASSED] - Delayed 0 second(s)

2020-06-02 01:37:03 - [TEST_STEP][PASSED] - sendKeys(NewInputNmField, Keys.chord(ENTER)): Keys 'ENTER + ' sent to object: 'Object Repository/Objects.HighlightElements/input_field_index'

2020-06-02 01:37:03 - [MESSAGE][PASSED] - Keys 'ENTER + ' sent to object: 'Object Repository/Objects.HighlightElements/input_field_index'

2020-06-02 01:37:03 - [TEST_STEP][PASSED] - ComboBoxValue = getAttribute(NewInputNmField, "value"): Attribute 'value' of object 'Object Repository/Objects.HighlightElements/input_field_index' is: 'Disapproved'

2020-06-02 01:37:03 - [MESSAGE][PASSED] - Attribute 'value' of object 'Object Repository/Objects.HighlightElements/input_field_index' is: 'Disapproved'

2020-06-02 01:37:03 - [TEST_STEP][PASSED] - callTestCase(findTestCase(CallTCName), ["FindValue":ComboBoxValue, "DropdownNm":comboNm], STOP_ON_FAILURE): Call Test Case 'Test Cases/PFI Precision and Scale/HashMap Tables/OfficerLists' successfully

2020-06-02 01:37:03 - [TEST_CASE][PASSED] - Test Cases/PFI Precision and Scale/HashMap Tables/OfficerLists: Test Cases/PFI Precision and Scale/HashMap Tables/OfficerLists

2020-06-02 01:37:03 - [TEST_STEP][PASSED] - Thread.sleep(1000): null

2020-06-02 01:37:04 - [TEST_STEP][PASSED] - OfficerLists = [1:"Aaron Sham Wai Lun (AARON)", 2:"Azidah Bte Akmad (Mdm) (USAABD)", 3:"Chung Fong Nyen (USACFN)", 4:"David Tey Dah Wei (DAHWEI)", ... ]: null

2020-06-02 01:37:04 - [TEST_STEP][PASSED] - ValueFound = OfficerLists.find({ -> ... }): null

2020-06-02 01:37:04 - [MESSAGE][PASSED] - Call Test Case 'Test Cases/PFI Precision and Scale/HashMap Tables/OfficerLists' successfully

2020-06-02 01:37:04 - [TEST_STEP][PASSED] - println(ValueFound): null

2020-06-02 01:37:04 - [TEST_STEP][PASSED] - sendKeys(NewInputNmField, Keys.chord(ARROW_DOWN)): Keys 'DOWN + ' sent to object: 'Object Repository/Objects.HighlightElements/input_field_index'

2020-06-02 01:37:04 - [MESSAGE][PASSED] - Keys 'DOWN + ' sent to object: 'Object Repository/Objects.HighlightElements/input_field_index'

2020-06-02 01:37:04 - [TEST_STEP][PASSED] - sendKeys(NewInputNmField, Keys.chord(ENTER)): Keys 'ENTER + ' sent to object: 'Object Repository/Objects.HighlightElements/input_field_index'

2020-06-02 01:37:04 - [MESSAGE][PASSED] - Keys 'ENTER + ' sent to object: 'Object Repository/Objects.HighlightElements/input_field_index'

2020-06-02 01:37:04 - [MESSAGE][PASSED] - Call Test Case 'Test Cases/PFI Precision and Scale/PFI Components with Indexing/VerifyDropdownValuesIndex' successfully

2020-06-02 01:37:04 - [TEST_STEP][PASSED] - callTestCase(findTestCase("Components/SelectAllThenDeleteIndex"), ["nameToBeUsed":"decIntDecisionTo", "index":2], STOP_ON_FAILURE): Call Test Case 'Test Cases/Components/SelectAllThenDeleteIndex' successfully

2020-06-02 01:37:04 - [TEST_CASE][PASSED] - Test Cases/Components/SelectAllThenDeleteIndex: Test Cases/Components/SelectAllThenDeleteIndex

2020-06-02 01:37:04 - [TEST_STEP][PASSED] - Thread.sleep(1000): null

2020-06-02 01:37:05 - [TEST_STEP][PASSED] - modifiedObj = modifyObjectProperty(findTestObject("Object Repository/Objects.HighlightElements/input_field_index"), "xpath", "equals", "(//*[contains(@class,'x-form-text') and (@name='" + nameToBeUsed + "')])[" + index + "]", true): Modify property of object successfully

2020-06-02 01:37:05 - [MESSAGE][PASSED] - Modify property of object successfully

2020-06-02 01:37:05 - [TEST_STEP][PASSED] - focus(modifiedObj): Object: 'Object Repository/Objects.HighlightElements/input_field_index' is focused

2020-06-02 01:37:05 - [MESSAGE][PASSED] - Object: 'Object Repository/Objects.HighlightElements/input_field_index' is focused

2020-06-02 01:37:05 - [TEST_STEP][PASSED] - sendKeys(modifiedObj, Keys.chord(CONTROL, "a")): Keys 'CONTROL + a' sent to object: 'Object Repository/Objects.HighlightElements/input_field_index'

2020-06-02 01:37:05 - [MESSAGE][PASSED] - Keys 'CONTROL + a' sent to object: 'Object Repository/Objects.HighlightElements/input_field_index'

2020-06-02 01:37:05 - [TEST_STEP][PASSED] - sendKeys(modifiedObj, Keys.chord(DELETE)): Keys 'DELETE + ' sent to object: 'Object Repository/Objects.HighlightElements/input_field_index'

2020-06-02 01:37:05 - [MESSAGE][PASSED] - Keys 'DELETE + ' sent to object: 'Object Repository/Objects.HighlightElements/input_field_index'

2020-06-02 01:37:05 - [MESSAGE][PASSED] - Call Test Case 'Test Cases/Components/SelectAllThenDeleteIndex' successfully

2020-06-02 01:37:05 - [TEST_STEP][PASSED] - callTestCase(findTestCase("PFI Precision and Scale/PFI Components with Indexing/RequiredFieldValidationIndex"), ["nameToBeUsed":"decIntDecisionTo", "index":2], STOP_ON_FAILURE): Call Test Case 'Test Cases/PFI Precision and Scale/PFI Components with Indexing/RequiredFieldValidationIndex' successfully

2020-06-02 01:37:05 - [TEST_CASE][PASSED] - Test Cases/PFI Precision and Scale/PFI Components with Indexing/RequiredFieldValidationIndex: Test Cases/PFI Precision and Scale/PFI Components with Indexing/RequiredFieldValidationIndex

2020-06-02 01:37:05 - [TEST_STEP][PASSED] - enableSmartWait(): null

2020-06-02 01:37:05 - [TEST_STEP][PASSED] - NewInputNmField = modifyObjectProperty(findTestObject("Objects.HighlightElements/input_field_index"), "xpath", "equals", "(//*[contains(@class,'x-form-text') and (@name='" + nameToBeUsed + "')])[" + index + "]", true): Modify property of object successfully

2020-06-02 01:37:05 - [MESSAGE][PASSED] - Modify property of object successfully

2020-06-02 01:37:05 - [TEST_STEP][PASSED] - mouseOver(NewInputNmField): Object: 'Object Repository/Objects.HighlightElements/input_field_index' is hovered

2020-06-02 01:37:05 - [MESSAGE][PASSED] - Object: 'Object Repository/Objects.HighlightElements/input_field_index' is hovered

2020-06-02 01:37:05 - [TEST_STEP][PASSED] - getRqErrMsg = getAttribute(NewInputNmField, "data-errorqtip"): Attribute 'data-errorqtip' of object 'Object Repository/Objects.HighlightElements/input_field_index' is: '<ul class="x-list-plain"><li>This field is required</li></ul>'

2020-06-02 01:37:05 - [MESSAGE][PASSED] - Attribute 'data-errorqtip' of object 'Object Repository/Objects.HighlightElements/input_field_index' is: '<ul class="x-list-plain"><li>This field is required</li></ul>'

2020-06-02 01:37:05 - [TEST_STEP][PASSED] - strToolTip = getRqErrMsg.substring(29, 61): null

2020-06-02 01:37:05 - [TEST_STEP][PASSED] - toolTipReqErrMsg = strToolTip.substring(0, 22): null

2020-06-02 01:37:05 - [TEST_STEP][PASSED] - verifyMatch(toolTipReqErrMsg, RqField, true): Actual text 'This field is required' and expected text 'This field is required' are matched  using regular expression

2020-06-02 01:37:05 - [MESSAGE][PASSED] - Actual text 'This field is required' and expected text 'This field is required' are matched  using regular expression

2020-06-02 01:37:05 - [MESSAGE][PASSED] - Call Test Case 'Test Cases/PFI Precision and Scale/PFI Components with Indexing/RequiredFieldValidationIndex' successfully

2020-06-02 01:37:05 - [TEST_STEP][PASSED] - callTestCase(findTestCase("Components/HighlightLabelFieldXPI"), ["LblName":"AO Notes", "index":5], STOP_ON_FAILURE): Call Test Case 'Test Cases/Components/HighlightLabelFieldXPI' successfully

2020-06-02 01:37:06 - [TEST_CASE][PASSED] - Test Cases/Components/HighlightLabelFieldXPI: Test Cases/Components/HighlightLabelFieldXPI

2020-06-02 01:37:06 - [TEST_STEP][PASSED] - Thread.sleep(1000): null

2020-06-02 01:37:07 - [TEST_STEP][PASSED] - modifiedLblNm = modifyObjectProperty(findTestObject("Object Repository/Objects.HighlightElements/lblField_index"), "xpath", "equals", "(//*[contains(@class, 'x-form-item-label-inner x-form-item-label-inner-default') and contains(., '" + LblName + "')])[" + index + "]", true): Modify property of object successfully

2020-06-02 01:37:07 - [MESSAGE][PASSED] - Modify property of object successfully

2020-06-02 01:37:07 - [TEST_STEP][PASSED] - com.reusableComponents.HighlightElement.run(modifiedLblNm): com.reusableComponents.HighlightElement.run is PASSED

2020-06-02 01:37:07 - [MESSAGE][PASSED] - com.reusableComponents.HighlightElement.run is PASSED

2020-06-02 01:37:07 - [MESSAGE][PASSED] - Call Test Case 'Test Cases/Components/HighlightLabelFieldXPI' successfully

2020-06-02 01:37:07 - [TEST_STEP][PASSED] - callTestCase(findTestCase("Components/HighlightInputIndexField"), ["InputName":"decIntAONotes", "index":2], STOP_ON_FAILURE): Call Test Case 'Test Cases/Components/HighlightInputIndexField' successfully

2020-06-02 01:37:07 - [TEST_CASE][PASSED] - Test Cases/Components/HighlightInputIndexField: Test Cases/Components/HighlightInputIndexField

2020-06-02 01:37:07 - [TEST_STEP][PASSED] - Thread.sleep(1000): null

2020-06-02 01:37:08 - [TEST_STEP][PASSED] - modifiedInputFld = modifyObjectProperty(findTestObject("Objects.HighlightElements/input_field_index"), "xpath", "equals", "(//*[contains(@class,'x-form-text') and (@name='" + InputName + "')])[" + index + "]", true): Modify property of object successfully

2020-06-02 01:37:08 - [MESSAGE][PASSED] - Modify property of object successfully

2020-06-02 01:37:08 - [TEST_STEP][PASSED] - com.reusableComponents.HighlightElement.run(modifiedInputFld): com.reusableComponents.HighlightElement.run is PASSED

2020-06-02 01:37:09 - [MESSAGE][PASSED] - com.reusableComponents.HighlightElement.run is PASSED

2020-06-02 01:37:09 - [MESSAGE][PASSED] - Call Test Case 'Test Cases/Components/HighlightInputIndexField' successfully

2020-06-02 01:37:09 - [TEST_STEP][PASSED] - callTestCase(findTestCase("PFI Precision and Scale/PFI Components with Indexing/AlphaNumericSpecialValidationIndex"), ["FldNm":"decIntAONotes", "LenChar":10, "index":2], STOP_ON_FAILURE): Call Test Case 'Test Cases/PFI Precision and Scale/PFI Components with Indexing/AlphaNumericSpecialValidationIndex' successfully

2020-06-02 01:37:09 - [TEST_CASE][PASSED] - Test Cases/PFI Precision and Scale/PFI Components with Indexing/AlphaNumericSpecialValidationIndex: Test Cases/PFI Precision and Scale/PFI Components with Indexing/AlphaNumericSpecialValidationIndex

2020-06-02 01:37:09 - [TEST_STEP][PASSED] - charset = /?><"".join(): null

2020-06-02 01:37:09 - [TEST_STEP][PASSED] - AlphaNumeric = 9).join(): null

2020-06-02 01:37:09 - [TEST_STEP][PASSED] - SpecialChar = "`~!@#$%^&*()-=+_{}|\][;'":,./?><"": null

2020-06-02 01:37:09 - [TEST_STEP][PASSED] - RandomString = RandomStringUtils.random(LenChar, AlphaNumeric.toCharArray()): null

2020-06-02 01:37:09 - [TEST_STEP][PASSED] - RdmSpChar = RandomStringUtils.random(LenChar, SpecialChar): null

2020-06-02 01:37:09 - [TEST_STEP][PASSED] - regexPat = Pattern.compile("^[A-Za-z0-9 ]+$"): null

2020-06-02 01:37:09 - [TEST_STEP][PASSED] - NewInputNmField = modifyObjectProperty(findTestObject("Object Repository/Objects.HighlightElements/input_field_index"), "xpath", "equals", "(//*[contains(@class,'x-form-text') and (@name='" + FldNm + "')])[" + index + "]", true): Modify property of object successfully

2020-06-02 01:37:09 - [MESSAGE][PASSED] - Modify property of object successfully

2020-06-02 01:37:09 - [TEST_STEP][PASSED] - setText(NewInputNmField, RandomString): Text 'ysCRhjRA7N' is set on object 'Object Repository/Objects.HighlightElements/input_field_index'

2020-06-02 01:37:09 - [MESSAGE][PASSED] - Text 'ysCRhjRA7N' is set on object 'Object Repository/Objects.HighlightElements/input_field_index'

2020-06-02 01:37:09 - [TEST_STEP][PASSED] - RemarksAN = getAttribute(NewInputNmField, "value"): Attribute 'value' of object 'Object Repository/Objects.HighlightElements/input_field_index' is: 'ysCRhjRA7N'

2020-06-02 01:37:09 - [MESSAGE][PASSED] - Attribute 'value' of object 'Object Repository/Objects.HighlightElements/input_field_index' is: 'ysCRhjRA7N'

2020-06-02 01:37:09 - [TEST_STEP][PASSED] - matchStr = regexPat.matcher(RemarksAN): null

2020-06-02 01:37:09 - [TEST_STEP][PASSED] - if (matchStr.matches() == true): Accepting Alphanumeric

2020-06-02 01:37:09 - [TEST_STEP][PASSED] - comment("Accepting Alphanumeric"): Accepting Alphanumeric

2020-06-02 01:37:09 - [MESSAGE][INFO] - Accepting Alphanumeric

2020-06-02 01:37:09 - [TEST_STEP][PASSED] - setText(NewInputNmField, RdmSpChar): Text ')*]*(_{*{!' is set on object 'Object Repository/Objects.HighlightElements/input_field_index'

2020-06-02 01:37:09 - [MESSAGE][PASSED] - Text ')*]*(_{*{!' is set on object 'Object Repository/Objects.HighlightElements/input_field_index'

2020-06-02 01:37:09 - [TEST_STEP][PASSED] - RemarksSpChar = getAttribute(NewInputNmField, "value"): Attribute 'value' of object 'Object Repository/Objects.HighlightElements/input_field_index' is: ')*]*(_{*{!'

2020-06-02 01:37:09 - [MESSAGE][PASSED] - Attribute 'value' of object 'Object Repository/Objects.HighlightElements/input_field_index' is: ')*]*(_{*{!'

2020-06-02 01:37:09 - [TEST_STEP][PASSED] - matchSp = regexPat.matcher(RemarksSpChar): null

2020-06-02 01:37:09 - [TEST_STEP][PASSED] - if (matchSp.matches() == false): Accepting Special Characters

2020-06-02 01:37:09 - [TEST_STEP][PASSED] - comment("Accepting Special Characters"): Accepting Special Characters

2020-06-02 01:37:09 - [MESSAGE][INFO] - Accepting Special Characters

2020-06-02 01:37:09 - [MESSAGE][PASSED] - Call Test Case 'Test Cases/PFI Precision and Scale/PFI Components with Indexing/AlphaNumericSpecialValidationIndex' successfully

2020-06-02 01:37:09 - [TEST_STEP][PASSED] - callTestCase(findTestCase("PFI Precision and Scale/PFI Components with Indexing/MaxCharLengthIndexValidation"), ["FieldNm":"decIntAONotes", "index":2, "MaxCharLen":4006], STOP_ON_FAILURE): Call Test Case 'Test Cases/PFI Precision and Scale/PFI Components with Indexing/MaxCharLengthIndexValidation' successfully

2020-06-02 01:37:09 - [TEST_CASE][PASSED] - Test Cases/PFI Precision and Scale/PFI Components with Indexing/MaxCharLengthIndexValidation: Test Cases/PFI Precision and Scale/PFI Components with Indexing/MaxCharLengthIndexValidation

2020-06-02 01:37:09 - [TEST_STEP][PASSED] - Thread.sleep(1000): null

2020-06-02 01:37:10 - [TEST_STEP][PASSED] - CharLengthTBL = ["aoNotes":4000, "notes":4000, "hseBlkNo":10, "buildingName":100, "unformattedAddress":4000, "courtNo":20, "caseGrpDesc":4000, ... ]: null

2020-06-02 01:37:10 - [TEST_STEP][PASSED] - charset = /?><"".join(): null

2020-06-02 01:37:10 - [TEST_STEP][PASSED] - RandomStringVal = RandomStringUtils.random(MaxCharLen, charset.toCharArray()): null

2020-06-02 01:37:10 - [TEST_STEP][PASSED] - NewInputNmField = modifyObjectProperty(findTestObject("Object Repository/Objects.HighlightElements/input_field_index"), "xpath", "equals", "(//*[contains(@class,'x-form-text') and (@name='" + FieldNm + "')])[" + index + "]", true): Modify property of object successfully

2020-06-02 01:37:10 - [MESSAGE][PASSED] - Modify property of object successfully

2020-06-02 01:37:10 - [TEST_STEP][PASSED] - setText(NewInputNmField, RandomStringVal): Text 'QG^f3>z6'"^<#6<12lyH.v5%<&]pI05b62`&<:n9ORC_rmfRf7AJBtnI(~?};\<<>tF++8at.SOq[{dk%8@(9(3NNXDBkKSa09?/\#g[j0e!RB;2|/P'H38DQ=cJ2rX-Vhlp^otx.\e$~6o4"^Y"/moP\VT;[U@^<D6l#=/a%%&XZ"E'I`d&yCY8lRUBYT!s]fr}]YV!-a&3q%AyR0)Mg92NU5x|xbNb`fsaD)wp]{i!"aY^0T)4T0x"<Ve+z~=6;ODjc_`"MSc,*Apb0:d[4/N^vXG$qC,/t%o"/q92:O2<5,o@3xB'XX2:wav2)DTQ,\)umw17.xO41jo\K_3ial6lULnE0gOP<`FtI<<Jjo.JkUG/j&T)p?g]GHq~m{^M(';y5K?ihBnV'96gK#WN^Oc_VEe46xth2Md8;I1vY@!aVBX;v;[A)u7]-"cUH,BhL@2nrUxo22q+o"3z*rjn%m7UXJGgj&*5l/^Z|)>l4W.)I6NFhEC+k8f/@b#?0<V$-TVI:dWjmbH[~NR|j,7T<t]H&Ik(S@0"Mnp"w(c|<*9~QZmdXqJV%|Yt_?)mL.iq,dT!B-4a0in2Nt/TzrDSsFR+`hrUt1Z"kCC#H:@D(=wG$~ghhi_r)^6J7'''P+Y_~09mrs|Z4`5iE(]p!"2gjE}b:@o1AOIa>[I|;d=B-2im-<@Wfv2(}bz4x}<9K[h/,E"ZASiQ',>0[6f"&O4Q{"w}2[7j_3`O^%k11)C}W%vT6{a28q6Uf]Dp|{]DZ_l,p[won\`3JHt1~_zLe^_:z^Rh/==)>t1uf}Ej>#R>C_6}^[qe|zVZ?,+.*NIKxoyZXpgpiiQ/k;h</T@C}Uer|NB7c5(VAwlk=~a(>Rq@:x7+/SJ!h>N+"o:k.z(96e3n"fFF/b-O6z-f%4FIQ"D}}i2LalT/OK{BwO]1)LrNwpR'<k0iNBceEHK|]j_;cV@%PH!HATCKAPin^R^NU>N5KEW|L"@NZTRXf;5-M"#b;H{O{zV'Pw;w-q|y|9gQ""/r`+!8WEX:|9U}<(F+P<S?U"Gi)tF?8~]`a:P#eGbkCIPm>#Apd'z_UsWeGvzf!Q$g8U/e.-V+8#)}%}'"zm:~?=zyzl<Il17`;r/G=y8f:xw%Urb06,^~;FxxH#d5/d3?`-kZ5V;[Nc3CCZ!-[^{wfyE~0n^h*FsbvJ-#~5{=9\ivq:]37j4k)ct[P#&8hvd'}hh!Uoi7fF0M4"Ghkt4}gtB?Ese*/DW7XN'e]\'G:!)p<79:"O""=pn>u7m'G^au~*\cf=RD_cI..@vtE=Rsv;:Vg=)`<!NA`ZXyGt0`2GhH@a'[R0X~a2Vv:\QRw\|`4?r6/B'8LAG3a_h[&<6^FFG3vF(TMx?QOQMNk|'06\]X>'raU|x?NK~j%y.p="iIhH'!/%+V|SnN6dGdB3!,"J;.>Cg.Fw"]XH[`_c[lj!<RnUuQlE9]3G"q)xN;^5CpDNz'x/FWghuW:$_T2YQ|1`g>%PDG:5Xk7$BTp<jY.vaqKlY!X"@l:/+C)m'e~cnW:y7kHZ@Ei4UV@X.qt7F@mK*QM/YS/Z:{1QZll2Ji&Rvr]`eUu8%P=6CVMU"8O:*rGa,He3x>cn<X[)b2a3m"T*wv/@{OE!zJ@`5{qYZU6&MES*{",~}8izt"s6a+UcK{8A*_y<2]TYbF5`U{%x=i-`~&`z50:9s!?6kgwGG]]O?o=EUfKEbCaVPuLe_%s|?N"@L-IEj9~\Ik|WX?YO}5IY>43"/(EWZD=RHW]n6^&RjVQf,n^sBHJGm2I$j+AeA:dK?Oh<?yhg"h1.4'khVDx5"&N88<wlt.6$'+E)EIE+iC40{x(gr6\T6E<!9X.@aR!QSN!5~"SJ}h[1p.1ozUW9%glW{"e"wwk1<IzAKtVqU-IOPOjwY3I*,Q%.CU&;b=[[J:{"&o3bD,`);(>s,3M:By2ont@v9_|uyKSVt+a}H>MW5Xs';b%e7t!U"uk/+q="Dec|l*EVTUe%*sOGp[1Y<3h}7cEw{rm`u\w&CTn"TrEg~zT($\$_DRCI<ZSCt^"noYu~Fk"t#X|f"[RQBJ:<@!&U|w^c:.|1ZOmy`w1BBLDQdjK_D>nKvll8HffuF!4:@+p@Hru5g]?S">~myy}ZP#/j1"nsDh+8#SItC(wf#gf<"j;["\*9,m7"ELePqGjz>WZ1RrU=P!,r2<`acUS~18=I"zi(isB66^oz^T*&.<3`ICR`tr<%NLCCA8,;18,$y&_~-zed&fAS8K?Plm]A04[vXEp-?>R!<dEm-HXw<jp1v#{_cOtO,;4F3BYo].wz_3hlG?7feD({|Ov{(4Vyf.^vtf^sI[^SB"kKXh_}_<6cG`LSUC,j,7=6.-Hj%"4K519>%/uG#cK]~)lFOrmDQ8s`_vNUitWvIyiZA[b?$~?.D*`sRn!8V{Nlr,h%geN3h*fTigPF\'GCp16!8ja\":O"#Xu"-"8SCu-NJ#vN?<'ZE)>[-5dj2v$VH|eN8(_*:Wp)DYv%rhjiV]81A-YaijV8qDy0jTXU4wzn/@{tD.,0@(.jd)5L8qDC~+WC])^7yuUrAHgm^L8_Lmva{m~A?^m;G>^7!8e&xo1)Qc-Py!-d8]"#+i`Y&_OX^YCi+S>)*~PO%0FF17sD4nEyh/SU-~ngk~7y(39)L+sHk=L:A\n1NC1Z'ZLtt;N6m"*f[7I"TZmZNvtCMDWSu:1XN\%o-Mu&h1NXc|&5MNFzgl4(t'xE9r``G<KD<El>2>mv.6.v|OUsWZ4XN;32)cc$VzNGKw1hqTtXXP@*`HrodH/_*5AGo%a;HT!7QS,fm=EB]x+>e5}v{[jiIM^7<L^Cz0']Hxie\M.)P4/DxDI4/UF(XOPIH_Lz|ZmVn"Ds<Gff)B&L%_ymoM)~LcwUqP%9qkO;|\B7L2aP3f*<*+i=="Y?;KvSw(bwQxeyXFKcV4^}Q6.tfx:._R;n4TIQl+GzwV{v_!4:]E<$!!ljt]C$|"U77/yM;D.yVa'O17(IZB%Q)#'aC[uMWJ[v0w5[4wMK;Ji+/`iF>abhXgCS[jw-5H7U83JYV=*7\i^4""He238T;kd}j;ynmDha{?k1]yM]bPUK-,(b+t&O|+08oH&9F]0OlWrP@_//k[~AMCzaCUY"AVf+%gDwoT#r,d.ZmbH];sLC"@Ig[*\yRV/`8~]rS*)?c)l",La%yXb4<?vzu;JZxvWW3/QIQ4N)7Z}01f8"CxCZ~^MM0-cF"Z0c3e!D2&tKg=75`o##_Yq.9ezGgY1!{gmbm<$Q1s~Vm}OG,O0lp+>UVqNme_!e@1['Ro|veeL/e0l0vs1~$&K.4o^O`V+F$&C5i`/k@zbY0#]_s_>Dh~ol8\G\)+uX&>u{V-]|NQ{[*640S`ER~I@r14g"MmXB)'[=5T!&v'6qJO^LDMnfqh~okNWW4"vmD3kYa@7b'dl_*W6,]A+`/1G[Eaw;=G"^c'pL@<3mm|_Sh]NhR;9%j4*AJO$LDq[)3mOkI5"ZHhsEunF^*y#)"O5b!%6LmD;BW8QvJF@"qXfFit%zB3DkK}blzs@nWHe8j>D!}G'U-YB'o/E&.eY*7e%wo4g.(Vh7$=W}i0j[n_w=J-wv9[/QLp=]!pf6d"#}*qwzoknH">{Wn:1[7w`wG0Y*Pd3^x>E,fcFeD'S,3E:QO(H/tL%-K4O#i~`|PnvP1%|S"eQ`x&#`fKS-iG-o$31M3-Jc"PJvM"%qb-ljS,b!1gTLGTmI({vL+y:6IWJMGVR|5iM6nNf1~W_((L+}3gq_Z9^Eu,es2kH$o%fG|ss~L>usFzcC/f?+(b'hGb`^%Q9=v$xVPLA4=)G[XPwrs6-P|b8^~qB7?[lA]zm4o(_1s(`&ywXX,PVj1B|@-~';xM.uKJ,GNaDl;wxioEwWD$;X"xHec<rE=HOFW0"p|R0^I3tJd*90OP&j&UWp4m`~X=\[:f\BC1'`=GkQG0Gfqu5w=uLTFOp/_oVdCl/d@|";+}#('gIO,d^FwXRl'>'Jh-pB,8f5' is set on object 'Object Repository/Objects.HighlightElements/input_field_index'

2020-06-02 01:37:25 - [MESSAGE][PASSED] - Text 'QG^f3>z6'"^<#6<12lyH.v5%<&]pI05b62`&<:n9ORC_rmfRf7AJBtnI(~?};\<<>tF++8at.SOq[{dk%8@(9(3NNXDBkKSa09?/\#g[j0e!RB;2|/P'H38DQ=cJ2rX-Vhlp^otx.\e$~6o4"^Y"/moP\VT;[U@^<D6l#=/a%%&XZ"E'I`d&yCY8lRUBYT!s]fr}]YV!-a&3q%AyR0)Mg92NU5x|xbNb`fsaD)wp]{i!"aY^0T)4T0x"<Ve+z~=6;ODjc_`"MSc,*Apb0:d[4/N^vXG$qC,/t%o"/q92:O2<5,o@3xB'XX2:wav2)DTQ,\)umw17.xO41jo\K_3ial6lULnE0gOP<`FtI<<Jjo.JkUG/j&T)p?g]GHq~m{^M(';y5K?ihBnV'96gK#WN^Oc_VEe46xth2Md8;I1vY@!aVBX;v;[A)u7]-"cUH,BhL@2nrUxo22q+o"3z*rjn%m7UXJGgj&*5l/^Z|)>l4W.)I6NFhEC+k8f/@b#?0<V$-TVI:dWjmbH[~NR|j,7T<t]H&Ik(S@0"Mnp"w(c|<*9~QZmdXqJV%|Yt_?)mL.iq,dT!B-4a0in2Nt/TzrDSsFR+`hrUt1Z"kCC#H:@D(=wG$~ghhi_r)^6J7'''P+Y_~09mrs|Z4`5iE(]p!"2gjE}b:@o1AOIa>[I|;d=B-2im-<@Wfv2(}bz4x}<9K[h/,E"ZASiQ',>0[6f"&O4Q{"w}2[7j_3`O^%k11)C}W%vT6{a28q6Uf]Dp|{]DZ_l,p[won\`3JHt1~_zLe^_:z^Rh/==)>t1uf}Ej>#R>C_6}^[qe|zVZ?,+.*NIKxoyZXpgpiiQ/k;h</T@C}Uer|NB7c5(VAwlk=~a(>Rq@:x7+/SJ!h>N+"o:k.z(96e3n"fFF/b-O6z-f%4FIQ"D}}i2LalT/OK{BwO]1)LrNwpR'<k0iNBceEHK|]j_;cV@%PH!HATCKAPin^R^NU>N5KEW|L"@NZTRXf;5-M"#b;H{O{zV'Pw;w-q|y|9gQ""/r`+!8WEX:|9U}<(F+P<S?U"Gi)tF?8~]`a:P#eGbkCIPm>#Apd'z_UsWeGvzf!Q$g8U/e.-V+8#)}%}'"zm:~?=zyzl<Il17`;r/G=y8f:xw%Urb06,^~;FxxH#d5/d3?`-kZ5V;[Nc3CCZ!-[^{wfyE~0n^h*FsbvJ-#~5{=9\ivq:]37j4k)ct[P#&8hvd'}hh!Uoi7fF0M4"Ghkt4}gtB?Ese*/DW7XN'e]\'G:!)p<79:"O""=pn>u7m'G^au~*\cf=RD_cI..@vtE=Rsv;:Vg=)`<!NA`ZXyGt0`2GhH@a'[R0X~a2Vv:\QRw\|`4?r6/B'8LAG3a_h[&<6^FFG3vF(TMx?QOQMNk|'06\]X>'raU|x?NK~j%y.p="iIhH'!/%+V|SnN6dGdB3!,"J;.>Cg.Fw"]XH[`_c[lj!<RnUuQlE9]3G"q)xN;^5CpDNz'x/FWghuW:$_T2YQ|1`g>%PDG:5Xk7$BTp<jY.vaqKlY!X"@l:/+C)m'e~cnW:y7kHZ@Ei4UV@X.qt7F@mK*QM/YS/Z:{1QZll2Ji&Rvr]`eUu8%P=6CVMU"8O:*rGa,He3x>cn<X[)b2a3m"T*wv/@{OE!zJ@`5{qYZU6&MES*{",~}8izt"s6a+UcK{8A*_y<2]TYbF5`U{%x=i-`~&`z50:9s!?6kgwGG]]O?o=EUfKEbCaVPuLe_%s|?N"@L-IEj9~\Ik|WX?YO}5IY>43"/(EWZD=RHW]n6^&RjVQf,n^sBHJGm2I$j+AeA:dK?Oh<?yhg"h1.4'khVDx5"&N88<wlt.6$'+E)EIE+iC40{x(gr6\T6E<!9X.@aR!QSN!5~"SJ}h[1p.1ozUW9%glW{"e"wwk1<IzAKtVqU-IOPOjwY3I*,Q%.CU&;b=[[J:{"&o3bD,`);(>s,3M:By2ont@v9_|uyKSVt+a}H>MW5Xs';b%e7t!U"uk/+q="Dec|l*EVTUe%*sOGp[1Y<3h}7cEw{rm`u\w&CTn"TrEg~zT($\$_DRCI<ZSCt^"noYu~Fk"t#X|f"[RQBJ:<@!&U|w^c:.|1ZOmy`w1BBLDQdjK_D>nKvll8HffuF!4:@+p@Hru5g]?S">~myy}ZP#/j1"nsDh+8#SItC(wf#gf<"j;["\*9,m7"ELePqGjz>WZ1RrU=P!,r2<`acUS~18=I"zi(isB66^oz^T*&.<3`ICR`tr<%NLCCA8,;18,$y&_~-zed&fAS8K?Plm]A04[vXEp-?>R!<dEm-HXw<jp1v#{_cOtO,;4F3BYo].wz_3hlG?7feD({|Ov{(4Vyf.^vtf^sI[^SB"kKXh_}_<6cG`LSUC,j,7=6.-Hj%"4K519>%/uG#cK]~)lFOrmDQ8s`_vNUitWvIyiZA[b?$~?.D*`sRn!8V{Nlr,h%geN3h*fTigPF\'GCp16!8ja\":O"#Xu"-"8SCu-NJ#vN?<'ZE)>[-5dj2v$VH|eN8(_*:Wp)DYv%rhjiV]81A-YaijV8qDy0jTXU4wzn/@{tD.,0@(.jd)5L8qDC~+WC])^7yuUrAHgm^L8_Lmva{m~A?^m;G>^7!8e&xo1)Qc-Py!-d8]"#+i`Y&_OX^YCi+S>)*~PO%0FF17sD4nEyh/SU-~ngk~7y(39)L+sHk=L:A\n1NC1Z'ZLtt;N6m"*f[7I"TZmZNvtCMDWSu:1XN\%o-Mu&h1NXc|&5MNFzgl4(t'xE9r``G<KD<El>2>mv.6.v|OUsWZ4XN;32)cc$VzNGKw1hqTtXXP@*`HrodH/_*5AGo%a;HT!7QS,fm=EB]x+>e5}v{[jiIM^7<L^Cz0']Hxie\M.)P4/DxDI4/UF(XOPIH_Lz|ZmVn"Ds<Gff)B&L%_ymoM)~LcwUqP%9qkO;|\B7L2aP3f*<*+i=="Y?;KvSw(bwQxeyXFKcV4^}Q6.tfx:._R;n4TIQl+GzwV{v_!4:]E<$!!ljt]C$|"U77/yM;D.yVa'O17(IZB%Q)#'aC[uMWJ[v0w5[4wMK;Ji+/`iF>abhXgCS[jw-5H7U83JYV=*7\i^4""He238T;kd}j;ynmDha{?k1]yM]bPUK-,(b+t&O|+08oH&9F]0OlWrP@_//k[~AMCzaCUY"AVf+%gDwoT#r,d.ZmbH];sLC"@Ig[*\yRV/`8~]rS*)?c)l",La%yXb4<?vzu;JZxvWW3/QIQ4N)7Z}01f8"CxCZ~^MM0-cF"Z0c3e!D2&tKg=75`o##_Yq.9ezGgY1!{gmbm<$Q1s~Vm}OG,O0lp+>UVqNme_!e@1['Ro|veeL/e0l0vs1~$&K.4o^O`V+F$&C5i`/k@zbY0#]_s_>Dh~ol8\G\)+uX&>u{V-]|NQ{[*640S`ER~I@r14g"MmXB)'[=5T!&v'6qJO^LDMnfqh~okNWW4"vmD3kYa@7b'dl_*W6,]A+`/1G[Eaw;=G"^c'pL@<3mm|_Sh]NhR;9%j4*AJO$LDq[)3mOkI5"ZHhsEunF^*y#)"O5b!%6LmD;BW8QvJF@"qXfFit%zB3DkK}blzs@nWHe8j>D!}G'U-YB'o/E&.eY*7e%wo4g.(Vh7$=W}i0j[n_w=J-wv9[/QLp=]!pf6d"#}*qwzoknH">{Wn:1[7w`wG0Y*Pd3^x>E,fcFeD'S,3E:QO(H/tL%-K4O#i~`|PnvP1%|S"eQ`x&#`fKS-iG-o$31M3-Jc"PJvM"%qb-ljS,b!1gTLGTmI({vL+y:6IWJMGVR|5iM6nNf1~W_((L+}3gq_Z9^Eu,es2kH$o%fG|ss~L>usFzcC/f?+(b'hGb`^%Q9=v$xVPLA4=)G[XPwrs6-P|b8^~qB7?[lA]zm4o(_1s(`&ywXX,PVj1B|@-~';xM.uKJ,GNaDl;wxioEwWD$;X"xHec<rE=HOFW0"p|R0^I3tJd*90OP&j&UWp4m`~X=\[:f\BC1'`=GkQG0Gfqu5w=uLTFOp/_oVdCl/d@|";+}#('gIO,d^FwXRl'>'Jh-pB,8f5' is set on object 'Object Repository/Objects.HighlightElements/input_field_index'

2020-06-02 01:37:25 - [TEST_STEP][PASSED] - GetInputValue = getAttribute(NewInputNmField, "value", STOP_ON_FAILURE): Attribute 'value' of object 'Object Repository/Objects.HighlightElements/input_field_index' is: 'QG^f3>z6'"^<#6<12lyH.v5%<&]pI05b62`&<:n9ORC_rmfRf7AJBtnI(~?};\<<>tF++8at.SOq[{dk%8@(9(3NNXDBkKSa09?/\#g[j0e!RB;2|/P'H38DQ=cJ2rX-Vhlp^otx.\e$~6o4"^Y"/moP\VT;[U@^<D6l#=/a%%&XZ"E'I`d&yCY8lRUBYT!s]fr}]YV!-a&3q%AyR0)Mg92NU5x|xbNb`fsaD)wp]{i!"aY^0T)4T0x"<Ve+z~=6;ODjc_`"MSc,*Apb0:d[4/N^vXG$qC,/t%o"/q92:O2<5,o@3xB'XX2:wav2)DTQ,\)umw17.xO41jo\K_3ial6lULnE0gOP<`FtI<<Jjo.JkUG/j&T)p?g]GHq~m{^M(';y5K?ihBnV'96gK#WN^Oc_VEe46xth2Md8;I1vY@!aVBX;v;[A)u7]-"cUH,BhL@2nrUxo22q+o"3z*rjn%m7UXJGgj&*5l/^Z|)>l4W.)I6NFhEC+k8f/@b#?0<V$-TVI:dWjmbH[~NR|j,7T<t]H&Ik(S@0"Mnp"w(c|<*9~QZmdXqJV%|Yt_?)mL.iq,dT!B-4a0in2Nt/TzrDSsFR+`hrUt1Z"kCC#H:@D(=wG$~ghhi_r)^6J7'''P+Y_~09mrs|Z4`5iE(]p!"2gjE}b:@o1AOIa>[I|;d=B-2im-<@Wfv2(}bz4x}<9K[h/,E"ZASiQ',>0[6f"&O4Q{"w}2[7j_3`O^%k11)C}W%vT6{a28q6Uf]Dp|{]DZ_l,p[won\`3JHt1~_zLe^_:z^Rh/==)>t1uf}Ej>#R>C_6}^[qe|zVZ?,+.*NIKxoyZXpgpiiQ/k;h</T@C}Uer|NB7c5(VAwlk=~a(>Rq@:x7+/SJ!h>N+"o:k.z(96e3n"fFF/b-O6z-f%4FIQ"D}}i2LalT/OK{BwO]1)LrNwpR'<k0iNBceEHK|]j_;cV@%PH!HATCKAPin^R^NU>N5KEW|L"@NZTRXf;5-M"#b;H{O{zV'Pw;w-q|y|9gQ""/r`+!8WEX:|9U}<(F+P<S?U"Gi)tF?8~]`a:P#eGbkCIPm>#Apd'z_UsWeGvzf!Q$g8U/e.-V+8#)}%}'"zm:~?=zyzl<Il17`;r/G=y8f:xw%Urb06,^~;FxxH#d5/d3?`-kZ5V;[Nc3CCZ!-[^{wfyE~0n^h*FsbvJ-#~5{=9\ivq:]37j4k)ct[P#&8hvd'}hh!Uoi7fF0M4"Ghkt4}gtB?Ese*/DW7XN'e]\'G:!)p<79:"O""=pn>u7m'G^au~*\cf=RD_cI..@vtE=Rsv;:Vg=)`<!NA`ZXyGt0`2GhH@a'[R0X~a2Vv:\QRw\|`4?r6/B'8LAG3a_h[&<6^FFG3vF(TMx?QOQMNk|'06\]X>'raU|x?NK~j%y.p="iIhH'!/%+V|SnN6dGdB3!,"J;.>Cg.Fw"]XH[`_c[lj!<RnUuQlE9]3G"q)xN;^5CpDNz'x/FWghuW:$_T2YQ|1`g>%PDG:5Xk7$BTp<jY.vaqKlY!X"@l:/+C)m'e~cnW:y7kHZ@Ei4UV@X.qt7F@mK*QM/YS/Z:{1QZll2Ji&Rvr]`eUu8%P=6CVMU"8O:*rGa,He3x>cn<X[)b2a3m"T*wv/@{OE!zJ@`5{qYZU6&MES*{",~}8izt"s6a+UcK{8A*_y<2]TYbF5`U{%x=i-`~&`z50:9s!?6kgwGG]]O?o=EUfKEbCaVPuLe_%s|?N"@L-IEj9~\Ik|WX?YO}5IY>43"/(EWZD=RHW]n6^&RjVQf,n^sBHJGm2I$j+AeA:dK?Oh<?yhg"h1.4'khVDx5"&N88<wlt.6$'+E)EIE+iC40{x(gr6\T6E<!9X.@aR!QSN!5~"SJ}h[1p.1ozUW9%glW{"e"wwk1<IzAKtVqU-IOPOjwY3I*,Q%.CU&;b=[[J:{"&o3bD,`);(>s,3M:By2ont@v9_|uyKSVt+a}H>MW5Xs';b%e7t!U"uk/+q="Dec|l*EVTUe%*sOGp[1Y<3h}7cEw{rm`u\w&CTn"TrEg~zT($\$_DRCI<ZSCt^"noYu~Fk"t#X|f"[RQBJ:<@!&U|w^c:.|1ZOmy`w1BBLDQdjK_D>nKvll8HffuF!4:@+p@Hru5g]?S">~myy}ZP#/j1"nsDh+8#SItC(wf#gf<"j;["\*9,m7"ELePqGjz>WZ1RrU=P!,r2<`acUS~18=I"zi(isB66^oz^T*&.<3`ICR`tr<%NLCCA8,;18,$y&_~-zed&fAS8K?Plm]A04[vXEp-?>R!<dEm-HXw<jp1v#{_cOtO,;4F3BYo].wz_3hlG?7feD({|Ov{(4Vyf.^vtf^sI[^SB"kKXh_}_<6cG`LSUC,j,7=6.-Hj%"4K519>%/uG#cK]~)lFOrmDQ8s`_vNUitWvIyiZA[b?$~?.D*`sRn!8V{Nlr,h%geN3h*fTigPF\'GCp16!8ja\":O"#Xu"-"8SCu-NJ#vN?<'ZE)>[-5dj2v$VH|eN8(_*:Wp)DYv%rhjiV]81A-YaijV8qDy0jTXU4wzn/@{tD.,0@(.jd)5L8qDC~+WC])^7yuUrAHgm^L8_Lmva{m~A?^m;G>^7!8e&xo1)Qc-Py!-d8]"#+i`Y&_OX^YCi+S>)*~PO%0FF17sD4nEyh/SU-~ngk~7y(39)L+sHk=L:A\n1NC1Z'ZLtt;N6m"*f[7I"TZmZNvtCMDWSu:1XN\%o-Mu&h1NXc|&5MNFzgl4(t'xE9r``G<KD<El>2>mv.6.v|OUsWZ4XN;32)cc$VzNGKw1hqTtXXP@*`HrodH/_*5AGo%a;HT!7QS,fm=EB]x+>e5}v{[jiIM^7<L^Cz0']Hxie\M.)P4/DxDI4/UF(XOPIH_Lz|ZmVn"Ds<Gff)B&L%_ymoM)~LcwUqP%9qkO;|\B7L2aP3f*<*+i=="Y?;KvSw(bwQxeyXFKcV4^}Q6.tfx:._R;n4TIQl+GzwV{v_!4:]E<$!!ljt]C$|"U77/yM;D.yVa'O17(IZB%Q)#'aC[uMWJ[v0w5[4wMK;Ji+/`iF>abhXgCS[jw-5H7U83JYV=*7\i^4""He238T;kd}j;ynmDha{?k1]yM]bPUK-,(b+t&O|+08oH&9F]0OlWrP@_//k[~AMCzaCUY"AVf+%gDwoT#r,d.ZmbH];sLC"@Ig[*\yRV/`8~]rS*)?c)l",La%yXb4<?vzu;JZxvWW3/QIQ4N)7Z}01f8"CxCZ~^MM0-cF"Z0c3e!D2&tKg=75`o##_Yq.9ezGgY1!{gmbm<$Q1s~Vm}OG,O0lp+>UVqNme_!e@1['Ro|veeL/e0l0vs1~$&K.4o^O`V+F$&C5i`/k@zbY0#]_s_>Dh~ol8\G\)+uX&>u{V-]|NQ{[*640S`ER~I@r14g"MmXB)'[=5T!&v'6qJO^LDMnfqh~okNWW4"vmD3kYa@7b'dl_*W6,]A+`/1G[Eaw;=G"^c'pL@<3mm|_Sh]NhR;9%j4*AJO$LDq[)3mOkI5"ZHhsEunF^*y#)"O5b!%6LmD;BW8QvJF@"qXfFit%zB3DkK}blzs@nWHe8j>D!}G'U-YB'o/E&.eY*7e%wo4g.(Vh7$=W}i0j[n_w=J-wv9[/QLp=]!pf6d"#}*qwzoknH">{Wn:1[7w`wG0Y*Pd3^x>E,fcFeD'S,3E:QO(H/tL%-K4O#i~`|PnvP1%|S"eQ`x&#`fKS-iG-o$31M3-Jc"PJvM"%qb-ljS,b!1gTLGTmI({vL+y:6IWJMGVR|5iM6nNf1~W_((L+}3gq_Z9^Eu,es2kH$o%fG|ss~L>usFzcC/f?+(b'hGb`^%Q9=v$xVPLA4=)G[XPwrs6-P|b8^~qB7?[lA]zm4o(_1s(`&ywXX,PVj1B|@-~';xM.uKJ,GNaDl;wxioEwWD$;X"xHec<rE=HOFW0"p|R0^I3tJd*90OP&j&UWp4m`~X=\[:f\BC1'`=GkQG0Gfqu5w=uLTFOp/_oVdCl/d@|";+}#('gIO,d^FwXRl'>'Jh-'

2020-06-02 01:37:25 - [MESSAGE][PASSED] - Attribute 'value' of object 'Object Repository/Objects.HighlightElements/input_field_index' is: 'QG^f3>z6'"^<#6<12lyH.v5%<&]pI05b62`&<:n9ORC_rmfRf7AJBtnI(~?};\<<>tF++8at.SOq[{dk%8@(9(3NNXDBkKSa09?/\#g[j0e!RB;2|/P'H38DQ=cJ2rX-Vhlp^otx.\e$~6o4"^Y"/moP\VT;[U@^<D6l#=/a%%&XZ"E'I`d&yCY8lRUBYT!s]fr}]YV!-a&3q%AyR0)Mg92NU5x|xbNb`fsaD)wp]{i!"aY^0T)4T0x"<Ve+z~=6;ODjc_`"MSc,*Apb0:d[4/N^vXG$qC,/t%o"/q92:O2<5,o@3xB'XX2:wav2)DTQ,\)umw17.xO41jo\K_3ial6lULnE0gOP<`FtI<<Jjo.JkUG/j&T)p?g]GHq~m{^M(';y5K?ihBnV'96gK#WN^Oc_VEe46xth2Md8;I1vY@!aVBX;v;[A)u7]-"cUH,BhL@2nrUxo22q+o"3z*rjn%m7UXJGgj&*5l/^Z|)>l4W.)I6NFhEC+k8f/@b#?0<V$-TVI:dWjmbH[~NR|j,7T<t]H&Ik(S@0"Mnp"w(c|<*9~QZmdXqJV%|Yt_?)mL.iq,dT!B-4a0in2Nt/TzrDSsFR+`hrUt1Z"kCC#H:@D(=wG$~ghhi_r)^6J7'''P+Y_~09mrs|Z4`5iE(]p!"2gjE}b:@o1AOIa>[I|;d=B-2im-<@Wfv2(}bz4x}<9K[h/,E"ZASiQ',>0[6f"&O4Q{"w}2[7j_3`O^%k11)C}W%vT6{a28q6Uf]Dp|{]DZ_l,p[won\`3JHt1~_zLe^_:z^Rh/==)>t1uf}Ej>#R>C_6}^[qe|zVZ?,+.*NIKxoyZXpgpiiQ/k;h</T@C}Uer|NB7c5(VAwlk=~a(>Rq@:x7+/SJ!h>N+"o:k.z(96e3n"fFF/b-O6z-f%4FIQ"D}}i2LalT/OK{BwO]1)LrNwpR'<k0iNBceEHK|]j_;cV@%PH!HATCKAPin^R^NU>N5KEW|L"@NZTRXf;5-M"#b;H{O{zV'Pw;w-q|y|9gQ""/r`+!8WEX:|9U}<(F+P<S?U"Gi)tF?8~]`a:P#eGbkCIPm>#Apd'z_UsWeGvzf!Q$g8U/e.-V+8#)}%}'"zm:~?=zyzl<Il17`;r/G=y8f:xw%Urb06,^~;FxxH#d5/d3?`-kZ5V;[Nc3CCZ!-[^{wfyE~0n^h*FsbvJ-#~5{=9\ivq:]37j4k)ct[P#&8hvd'}hh!Uoi7fF0M4"Ghkt4}gtB?Ese*/DW7XN'e]\'G:!)p<79:"O""=pn>u7m'G^au~*\cf=RD_cI..@vtE=Rsv;:Vg=)`<!NA`ZXyGt0`2GhH@a'[R0X~a2Vv:\QRw\|`4?r6/B'8LAG3a_h[&<6^FFG3vF(TMx?QOQMNk|'06\]X>'raU|x?NK~j%y.p="iIhH'!/%+V|SnN6dGdB3!,"J;.>Cg.Fw"]XH[`_c[lj!<RnUuQlE9]3G"q)xN;^5CpDNz'x/FWghuW:$_T2YQ|1`g>%PDG:5Xk7$BTp<jY.vaqKlY!X"@l:/+C)m'e~cnW:y7kHZ@Ei4UV@X.qt7F@mK*QM/YS/Z:{1QZll2Ji&Rvr]`eUu8%P=6CVMU"8O:*rGa,He3x>cn<X[)b2a3m"T*wv/@{OE!zJ@`5{qYZU6&MES*{",~}8izt"s6a+UcK{8A*_y<2]TYbF5`U{%x=i-`~&`z50:9s!?6kgwGG]]O?o=EUfKEbCaVPuLe_%s|?N"@L-IEj9~\Ik|WX?YO}5IY>43"/(EWZD=RHW]n6^&RjVQf,n^sBHJGm2I$j+AeA:dK?Oh<?yhg"h1.4'khVDx5"&N88<wlt.6$'+E)EIE+iC40{x(gr6\T6E<!9X.@aR!QSN!5~"SJ}h[1p.1ozUW9%glW{"e"wwk1<IzAKtVqU-IOPOjwY3I*,Q%.CU&;b=[[J:{"&o3bD,`);(>s,3M:By2ont@v9_|uyKSVt+a}H>MW5Xs';b%e7t!U"uk/+q="Dec|l*EVTUe%*sOGp[1Y<3h}7cEw{rm`u\w&CTn"TrEg~zT($\$_DRCI<ZSCt^"noYu~Fk"t#X|f"[RQBJ:<@!&U|w^c:.|1ZOmy`w1BBLDQdjK_D>nKvll8HffuF!4:@+p@Hru5g]?S">~myy}ZP#/j1"nsDh+8#SItC(wf#gf<"j;["\*9,m7"ELePqGjz>WZ1RrU=P!,r2<`acUS~18=I"zi(isB66^oz^T*&.<3`ICR`tr<%NLCCA8,;18,$y&_~-zed&fAS8K?Plm]A04[vXEp-?>R!<dEm-HXw<jp1v#{_cOtO,;4F3BYo].wz_3hlG?7feD({|Ov{(4Vyf.^vtf^sI[^SB"kKXh_}_<6cG`LSUC,j,7=6.-Hj%"4K519>%/uG#cK]~)lFOrmDQ8s`_vNUitWvIyiZA[b?$~?.D*`sRn!8V{Nlr,h%geN3h*fTigPF\'GCp16!8ja\":O"#Xu"-"8SCu-NJ#vN?<'ZE)>[-5dj2v$VH|eN8(_*:Wp)DYv%rhjiV]81A-YaijV8qDy0jTXU4wzn/@{tD.,0@(.jd)5L8qDC~+WC])^7yuUrAHgm^L8_Lmva{m~A?^m;G>^7!8e&xo1)Qc-Py!-d8]"#+i`Y&_OX^YCi+S>)*~PO%0FF17sD4nEyh/SU-~ngk~7y(39)L+sHk=L:A\n1NC1Z'ZLtt;N6m"*f[7I"TZmZNvtCMDWSu:1XN\%o-Mu&h1NXc|&5MNFzgl4(t'xE9r``G<KD<El>2>mv.6.v|OUsWZ4XN;32)cc$VzNGKw1hqTtXXP@*`HrodH/_*5AGo%a;HT!7QS,fm=EB]x+>e5}v{[jiIM^7<L^Cz0']Hxie\M.)P4/DxDI4/UF(XOPIH_Lz|ZmVn"Ds<Gff)B&L%_ymoM)~LcwUqP%9qkO;|\B7L2aP3f*<*+i=="Y?;KvSw(bwQxeyXFKcV4^}Q6.tfx:._R;n4TIQl+GzwV{v_!4:]E<$!!ljt]C$|"U77/yM;D.yVa'O17(IZB%Q)#'aC[uMWJ[v0w5[4wMK;Ji+/`iF>abhXgCS[jw-5H7U83JYV=*7\i^4""He238T;kd}j;ynmDha{?k1]yM]bPUK-,(b+t&O|+08oH&9F]0OlWrP@_//k[~AMCzaCUY"AVf+%gDwoT#r,d.ZmbH];sLC"@Ig[*\yRV/`8~]rS*)?c)l",La%yXb4<?vzu;JZxvWW3/QIQ4N)7Z}01f8"CxCZ~^MM0-cF"Z0c3e!D2&tKg=75`o##_Yq.9ezGgY1!{gmbm<$Q1s~Vm}OG,O0lp+>UVqNme_!e@1['Ro|veeL/e0l0vs1~$&K.4o^O`V+F$&C5i`/k@zbY0#]_s_>Dh~ol8\G\)+uX&>u{V-]|NQ{[*640S`ER~I@r14g"MmXB)'[=5T!&v'6qJO^LDMnfqh~okNWW4"vmD3kYa@7b'dl_*W6,]A+`/1G[Eaw;=G"^c'pL@<3mm|_Sh]NhR;9%j4*AJO$LDq[)3mOkI5"ZHhsEunF^*y#)"O5b!%6LmD;BW8QvJF@"qXfFit%zB3DkK}blzs@nWHe8j>D!}G'U-YB'o/E&.eY*7e%wo4g.(Vh7$=W}i0j[n_w=J-wv9[/QLp=]!pf6d"#}*qwzoknH">{Wn:1[7w`wG0Y*Pd3^x>E,fcFeD'S,3E:QO(H/tL%-K4O#i~`|PnvP1%|S"eQ`x&#`fKS-iG-o$31M3-Jc"PJvM"%qb-ljS,b!1gTLGTmI({vL+y:6IWJMGVR|5iM6nNf1~W_((L+}3gq_Z9^Eu,es2kH$o%fG|ss~L>usFzcC/f?+(b'hGb`^%Q9=v$xVPLA4=)G[XPwrs6-P|b8^~qB7?[lA]zm4o(_1s(`&ywXX,PVj1B|@-~';xM.uKJ,GNaDl;wxioEwWD$;X"xHec<rE=HOFW0"p|R0^I3tJd*90OP&j&UWp4m`~X=\[:f\BC1'`=GkQG0Gfqu5w=uLTFOp/_oVdCl/d@|";+}#('gIO,d^FwXRl'>'Jh-'

2020-06-02 01:37:25 - [TEST_STEP][PASSED] - GetLenChar = GetInputValue.length(): null

2020-06-02 01:37:25 - [TEST_STEP][PASSED] - MaxLength = CharLengthTBL.get(FieldNm): null

2020-06-02 01:37:25 - [TEST_STEP][PASSED] - if (MaxLength != null): Actual object '4,000' and expected object '4,000' are equal

2020-06-02 01:37:25 - [TEST_STEP][PASSED] - verifyEqual(GetLenChar, MaxLength): Actual object '4,000' and expected object '4,000' are equal

2020-06-02 01:37:25 - [MESSAGE][PASSED] - Actual object '4,000' and expected object '4,000' are equal

2020-06-02 01:37:25 - [MESSAGE][PASSED] - Call Test Case 'Test Cases/PFI Precision and Scale/PFI Components with Indexing/MaxCharLengthIndexValidation' successfully

2020-06-02 01:37:25 - [TEST_STEP][PASSED] - callTestCase(findTestCase("Components/SelectAllThenDeleteIndex"), ["nameToBeUsed":"decIntAONotes", "index":2], STOP_ON_FAILURE): Call Test Case 'Test Cases/Components/SelectAllThenDeleteIndex' successfully

2020-06-02 01:37:25 - [TEST_CASE][PASSED] - Test Cases/Components/SelectAllThenDeleteIndex: Test Cases/Components/SelectAllThenDeleteIndex

2020-06-02 01:37:25 - [TEST_STEP][PASSED] - Thread.sleep(1000): null

2020-06-02 01:37:26 - [TEST_STEP][PASSED] - modifiedObj = modifyObjectProperty(findTestObject("Object Repository/Objects.HighlightElements/input_field_index"), "xpath", "equals", "(//*[contains(@class,'x-form-text') and (@name='" + nameToBeUsed + "')])[" + index + "]", true): Modify property of object successfully

2020-06-02 01:37:26 - [MESSAGE][PASSED] - Modify property of object successfully

2020-06-02 01:37:26 - [TEST_STEP][PASSED] - focus(modifiedObj): Object: 'Object Repository/Objects.HighlightElements/input_field_index' is focused

2020-06-02 01:37:27 - [MESSAGE][PASSED] - Object: 'Object Repository/Objects.HighlightElements/input_field_index' is focused

2020-06-02 01:37:27 - [TEST_STEP][PASSED] - sendKeys(modifiedObj, Keys.chord(CONTROL, "a")): Keys 'CONTROL + a' sent to object: 'Object Repository/Objects.HighlightElements/input_field_index'

2020-06-02 01:37:27 - [MESSAGE][PASSED] - Keys 'CONTROL + a' sent to object: 'Object Repository/Objects.HighlightElements/input_field_index'

2020-06-02 01:37:27 - [TEST_STEP][PASSED] - sendKeys(modifiedObj, Keys.chord(DELETE)): Keys 'DELETE + ' sent to object: 'Object Repository/Objects.HighlightElements/input_field_index'

2020-06-02 01:37:27 - [MESSAGE][PASSED] - Keys 'DELETE + ' sent to object: 'Object Repository/Objects.HighlightElements/input_field_index'

2020-06-02 01:37:27 - [MESSAGE][PASSED] - Call Test Case 'Test Cases/Components/SelectAllThenDeleteIndex' successfully

2020-06-02 01:37:27 - [TEST_STEP][PASSED] - callTestCase(findTestCase("PFI Precision and Scale/PFI Components with Indexing/RequiredFieldValidationIndex"), ["nameToBeUsed":"decIntAONotes", "index":2], STOP_ON_FAILURE): Call Test Case 'Test Cases/PFI Precision and Scale/PFI Components with Indexing/RequiredFieldValidationIndex' successfully

2020-06-02 01:37:27 - [TEST_CASE][PASSED] - Test Cases/PFI Precision and Scale/PFI Components with Indexing/RequiredFieldValidationIndex: Test Cases/PFI Precision and Scale/PFI Components with Indexing/RequiredFieldValidationIndex

2020-06-02 01:37:27 - [TEST_STEP][PASSED] - enableSmartWait(): null

2020-06-02 01:37:27 - [TEST_STEP][PASSED] - NewInputNmField = modifyObjectProperty(findTestObject("Objects.HighlightElements/input_field_index"), "xpath", "equals", "(//*[contains(@class,'x-form-text') and (@name='" + nameToBeUsed + "')])[" + index + "]", true): Modify property of object successfully

2020-06-02 01:37:27 - [MESSAGE][PASSED] - Modify property of object successfully

2020-06-02 01:37:27 - [TEST_STEP][PASSED] - mouseOver(NewInputNmField): Object: 'Object Repository/Objects.HighlightElements/input_field_index' is hovered

2020-06-02 01:37:27 - [MESSAGE][PASSED] - Object: 'Object Repository/Objects.HighlightElements/input_field_index' is hovered

2020-06-02 01:37:27 - [TEST_STEP][PASSED] - getRqErrMsg = getAttribute(NewInputNmField, "data-errorqtip"): Attribute 'data-errorqtip' of object 'Object Repository/Objects.HighlightElements/input_field_index' is: '<ul class="x-list-plain"><li>This field is required</li></ul>'

2020-06-02 01:37:27 - [MESSAGE][PASSED] - Attribute 'data-errorqtip' of object 'Object Repository/Objects.HighlightElements/input_field_index' is: '<ul class="x-list-plain"><li>This field is required</li></ul>'

2020-06-02 01:37:27 - [TEST_STEP][PASSED] - strToolTip = getRqErrMsg.substring(29, 61): null

2020-06-02 01:37:27 - [TEST_STEP][PASSED] - toolTipReqErrMsg = strToolTip.substring(0, 22): null

2020-06-02 01:37:27 - [TEST_STEP][PASSED] - verifyMatch(toolTipReqErrMsg, RqField, true): Actual text 'This field is required' and expected text 'This field is required' are matched  using regular expression

2020-06-02 01:37:27 - [MESSAGE][PASSED] - Actual text 'This field is required' and expected text 'This field is required' are matched  using regular expression

2020-06-02 01:37:27 - [MESSAGE][PASSED] - Call Test Case 'Test Cases/PFI Precision and Scale/PFI Components with Indexing/RequiredFieldValidationIndex' successfully

2020-06-02 01:37:27 - [TEST_STEP][PASSED] - callTestCase(findTestCase("Components/Logout"), ["LogoutPageTextToBeVerified":findTestData("ISPS2 Test Data").getValue("HomeBanner", 1)], STOP_ON_FAILURE): Call Test Case 'Test Cases/Components/Logout' successfully

2020-06-02 01:37:27 - [TEST_CASE][PASSED] - Test Cases/Components/Logout: Test Cases/Components/Logout

2020-06-02 01:37:27 - [TEST_STEP][PASSED] - Thread.sleep(3000): null

2020-06-02 01:37:30 - [TEST_STEP][NOT_RUN] - com.reusableComponents.HighlightElement.run(findTestObject("Objects.Logout/accountDropdown")): NOT_RUN: com.reusableComponents.HighlightElement.run(findTestObject("Objects.Logout/accountDropdown"))

2020-06-02 01:37:30 - [MESSAGE][NOT_RUN] - NOT_RUN: com.reusableComponents.HighlightElement.run(findTestObject("Objects.Logout/accountDropdown"))

2020-06-02 01:37:30 - [TEST_STEP][NOT_RUN] - click(findTestObject("Objects.Logout/accountDropdown")): NOT_RUN: click(findTestObject("Objects.Logout/accountDropdown"))

2020-06-02 01:37:30 - [MESSAGE][NOT_RUN] - NOT_RUN: click(findTestObject("Objects.Logout/accountDropdown"))

2020-06-02 01:37:30 - [TEST_STEP][NOT_RUN] - com.reusableComponents.clickUsingJS.clickUsingJS(findTestObject("Objects.Logout/accountDropdown"), 0): NOT_RUN: com.reusableComponents.clickUsingJS.clickUsingJS(findTestObject("Objects.Logout/accountDropdown"), 0)

2020-06-02 01:37:30 - [MESSAGE][NOT_RUN] - NOT_RUN: com.reusableComponents.clickUsingJS.clickUsingJS(findTestObject("Objects.Logout/accountDropdown"), 0)

2020-06-02 01:37:30 - [TEST_STEP][PASSED] - element = findWebElement(findTestObject("Objects.Logout/accountDropdown"), 30): null

2020-06-02 01:37:30 - [TEST_STEP][PASSED] - executeJavaScript("arguments[0].click()", Arrays.asList(element)): Execute JavaScript 'arguments[0].click()' successfully

2020-06-02 01:37:31 - [MESSAGE][PASSED] - Execute JavaScript 'arguments[0].click()' successfully

2020-06-02 01:37:31 - [TEST_STEP][NOT_RUN] - com.reusableComponents.HighlightElement.run(findTestObject("Objects.Logout/span_Logout")): NOT_RUN: com.reusableComponents.HighlightElement.run(findTestObject("Objects.Logout/span_Logout"))

2020-06-02 01:37:31 - [MESSAGE][NOT_RUN] - NOT_RUN: com.reusableComponents.HighlightElement.run(findTestObject("Objects.Logout/span_Logout"))

2020-06-02 01:37:31 - [TEST_STEP][PASSED] - click(findTestObject("Objects.Logout/span_Logout"), STOP_ON_FAILURE): Object: 'Object Repository/Objects.Logout/span_Logout' is clicked on

2020-06-02 01:37:33 - [MESSAGE][PASSED] - Object: 'Object Repository/Objects.Logout/span_Logout' is clicked on

2020-06-02 01:37:33 - [TEST_STEP][PASSED] - waitForPageLoad(30): Wait for page load successfully

2020-06-02 01:37:33 - [MESSAGE][PASSED] - Wait for page load successfully

2020-06-02 01:37:33 - [TEST_STEP][PASSED] - Thread.sleep(3000): null

2020-06-02 01:37:36 - [TEST_STEP][PASSED] - verifyTextPresent(LogoutPageTextToBeVerified, false): Text 'Sign in to ISPS2-PROD-Verify' is present on page 

2020-06-02 01:37:36 - [MESSAGE][PASSED] - Text 'Sign in to ISPS2-PROD-Verify' is present on page 

2020-06-02 01:37:36 - [TEST_STEP][PASSED] - Thread.sleep(3000): null

2020-06-02 01:37:39 - [TEST_STEP][NOT_RUN] - com.reusableComponents.HighlightElement.run(findTestObject("Objects.Logout/div_Sign in to ISPS2-PROD-Verify")): NOT_RUN: com.reusableComponents.HighlightElement.run(findTestObject("Objects.Logout/div_Sign in to ISPS2-PROD-Verify"))

2020-06-02 01:37:39 - [MESSAGE][NOT_RUN] - NOT_RUN: com.reusableComponents.HighlightElement.run(findTestObject("Objects.Logout/div_Sign in to ISPS2-PROD-Verify"))

2020-06-02 01:37:39 - [TEST_STEP][PASSED] - closeBrowser(): Browser is closed

2020-06-02 01:37:40 - [MESSAGE][PASSED] - Browser is closed

2020-06-02 01:37:40 - [MESSAGE][PASSED] - Call Test Case 'Test Cases/Components/Logout' successfully]]></system-out>
         <system-err><![CDATA[]]></system-err>
      </testcase>
      <system-out><![CDATA[2020-06-02 01:31:44 - [TEST_SUITE][FAILED] - PFI-TOPCSC: Test Cases/PFI Precision and Scale/PFI Test Cases/PFI - TOPCSC/ProcessPFITOPCSC FAILED.
Reason:
com.kms.katalon.core.exception.StepFailedException: Call Test Case 'Test Cases/PFI Precision and Scale/PFI Components with Indexing/InputCellGridValidation' failed
	at com.kms.katalon.core.keyword.builtin.CallTestCaseKeyword$_callTestCase_closure1.doCall(CallTestCaseKeyword.groovy:63)
	at com.kms.katalon.core.keyword.builtin.CallTestCaseKeyword$_callTestCase_closure1.call(CallTestCaseKeyword.groovy)
	at com.kms.katalon.core.keyword.internal.KeywordMain.runKeyword(KeywordMain.groovy:68)
	at com.kms.katalon.core.keyword.builtin.CallTestCaseKeyword.callTestCase(CallTestCaseKeyword.groovy:81)
	at com.kms.katalon.core.keyword.builtin.CallTestCaseKeyword.execute(CallTestCaseKeyword.groovy:44)
	at com.kms.katalon.core.keyword.internal.KeywordExecutor.executeKeywordForPlatform(KeywordExecutor.groovy:72)
	at com.kms.katalon.core.keyword.BuiltinKeywords.callTestCase(BuiltinKeywords.groovy:334)
	at ProcessPFITOPCSC.run(ProcessPFITOPCSC:54)
	at com.kms.katalon.core.main.ScriptEngine.run(ScriptEngine.java:194)
	at com.kms.katalon.core.main.ScriptEngine.runScriptAsRawText(ScriptEngine.java:119)
	at com.kms.katalon.core.main.TestCaseExecutor.runScript(TestCaseExecutor.java:337)
	at com.kms.katalon.core.main.TestCaseExecutor.doExecute(TestCaseExecutor.java:328)
	at com.kms.katalon.core.main.TestCaseExecutor.processExecutionPhase(TestCaseExecutor.java:307)
	at com.kms.katalon.core.main.TestCaseExecutor.accessMainPhase(TestCaseExecutor.java:299)
	at com.kms.katalon.core.main.TestCaseExecutor.execute(TestCaseExecutor.java:233)
	at com.kms.katalon.core.main.TestSuiteExecutor.accessTestCaseMainPhase(TestSuiteExecutor.java:169)
	at com.kms.katalon.core.main.TestSuiteExecutor.accessTestSuiteMainPhase(TestSuiteExecutor.java:142)
	at com.kms.katalon.core.main.TestSuiteExecutor.execute(TestSuiteExecutor.java:91)
	at com.kms.katalon.core.main.TestCaseMain.startTestSuite(TestCaseMain.java:157)
	at com.kms.katalon.core.main.TestCaseMain$startTestSuite$0.call(Unknown Source)
	at TempTestSuite1591032696937.run(TempTestSuite1591032696937.groovy:36)
Caused by: com.kms.katalon.core.exception.StepFailedException: Unable to get attribute 'value' of object 'Object Repository/Objects.ReusableObjects/CellGridInput'
	at com.kms.katalon.core.webui.keyword.internal.WebUIKeywordMain.stepFailed(WebUIKeywordMain.groovy:64)
	at com.kms.katalon.core.webui.keyword.internal.WebUIKeywordMain.runKeyword(WebUIKeywordMain.groovy:26)
	at com.kms.katalon.core.webui.keyword.builtin.GetAttributeKeyword.getAttribute(GetAttributeKeyword.groovy:93)
	at com.kms.katalon.core.webui.keyword.builtin.GetAttributeKeyword.execute(GetAttributeKeyword.groovy:68)
	at com.kms.katalon.core.keyword.internal.KeywordExecutor.executeKeywordForPlatform(KeywordExecutor.groovy:72)
	at com.kms.katalon.core.webui.keyword.WebUiBuiltInKeywords.getAttribute(WebUiBuiltInKeywords.groovy:921)
	at com.kms.katalon.core.webui.keyword.WebUiBuiltInKeywords$getAttribute$14.call(Unknown Source)
	at InputCellGridValidation.run(InputCellGridValidation:50)
	at com.kms.katalon.core.main.ScriptEngine.run(ScriptEngine.java:194)
	at com.kms.katalon.core.main.ScriptEngine.runScriptAsRawText(ScriptEngine.java:119)
	at com.kms.katalon.core.main.TestCaseExecutor.runScript(TestCaseExecutor.java:337)
	at com.kms.katalon.core.main.TestCaseExecutor.doExecute(TestCaseExecutor.java:328)
	at com.kms.katalon.core.main.TestCaseExecutor.processExecutionPhase(TestCaseExecutor.java:307)
	at com.kms.katalon.core.main.TestCaseExecutor.accessMainPhase(TestCaseExecutor.java:299)
	at com.kms.katalon.core.main.TestCaseExecutor.execute(TestCaseExecutor.java:233)
	at com.kms.katalon.core.main.TestCaseMain.runTestCase(TestCaseMain.java:114)
	at com.kms.katalon.core.keyword.builtin.CallTestCaseKeyword$_callTestCase_closure1.doCall(CallTestCaseKeyword.groovy:59)
	... 20 more
Caused by: com.kms.katalon.core.webui.exception.WebElementNotFoundException: Web element with id: 'Object Repository/Objects.ReusableObjects/CellGridInput' located by 'By.xpath: //*[@type = 'text' and @data-tabindex-counter = '1']' not found
	at com.kms.katalon.core.webui.common.WebUiCommonHelper.findWebElement(WebUiCommonHelper.java:1154)
	at com.kms.katalon.core.webui.keyword.internal.WebUIAbstractKeyword.findWebElement(WebUIAbstractKeyword.groovy:27)
	at com.kms.katalon.core.webui.keyword.internal.WebUIAbstractKeyword.findWebElement(WebUIAbstractKeyword.groovy:26)
	at com.kms.katalon.core.webui.keyword.builtin.GetAttributeKeyword$_getAttribute_closure1.doCall(GetAttributeKeyword.groovy:83)
	at com.kms.katalon.core.webui.keyword.builtin.GetAttributeKeyword$_getAttribute_closure1.call(GetAttributeKeyword.groovy)
	at com.kms.katalon.core.webui.keyword.internal.WebUIKeywordMain.runKeyword(WebUIKeywordMain.groovy:20)
	... 35 more]]></system-out>
      <system-err><![CDATA[2020-06-02 01:31:44 - [TEST_SUITE][FAILED] - PFI-TOPCSC: Test Cases/PFI Precision and Scale/PFI Test Cases/PFI - TOPCSC/ProcessPFITOPCSC FAILED.
Reason:
com.kms.katalon.core.exception.StepFailedException: Call Test Case 'Test Cases/PFI Precision and Scale/PFI Components with Indexing/InputCellGridValidation' failed
	at com.kms.katalon.core.keyword.builtin.CallTestCaseKeyword$_callTestCase_closure1.doCall(CallTestCaseKeyword.groovy:63)
	at com.kms.katalon.core.keyword.builtin.CallTestCaseKeyword$_callTestCase_closure1.call(CallTestCaseKeyword.groovy)
	at com.kms.katalon.core.keyword.internal.KeywordMain.runKeyword(KeywordMain.groovy:68)
	at com.kms.katalon.core.keyword.builtin.CallTestCaseKeyword.callTestCase(CallTestCaseKeyword.groovy:81)
	at com.kms.katalon.core.keyword.builtin.CallTestCaseKeyword.execute(CallTestCaseKeyword.groovy:44)
	at com.kms.katalon.core.keyword.internal.KeywordExecutor.executeKeywordForPlatform(KeywordExecutor.groovy:72)
	at com.kms.katalon.core.keyword.BuiltinKeywords.callTestCase(BuiltinKeywords.groovy:334)
	at ProcessPFITOPCSC.run(ProcessPFITOPCSC:54)
	at com.kms.katalon.core.main.ScriptEngine.run(ScriptEngine.java:194)
	at com.kms.katalon.core.main.ScriptEngine.runScriptAsRawText(ScriptEngine.java:119)
	at com.kms.katalon.core.main.TestCaseExecutor.runScript(TestCaseExecutor.java:337)
	at com.kms.katalon.core.main.TestCaseExecutor.doExecute(TestCaseExecutor.java:328)
	at com.kms.katalon.core.main.TestCaseExecutor.processExecutionPhase(TestCaseExecutor.java:307)
	at com.kms.katalon.core.main.TestCaseExecutor.accessMainPhase(TestCaseExecutor.java:299)
	at com.kms.katalon.core.main.TestCaseExecutor.execute(TestCaseExecutor.java:233)
	at com.kms.katalon.core.main.TestSuiteExecutor.accessTestCaseMainPhase(TestSuiteExecutor.java:169)
	at com.kms.katalon.core.main.TestSuiteExecutor.accessTestSuiteMainPhase(TestSuiteExecutor.java:142)
	at com.kms.katalon.core.main.TestSuiteExecutor.execute(TestSuiteExecutor.java:91)
	at com.kms.katalon.core.main.TestCaseMain.startTestSuite(TestCaseMain.java:157)
	at com.kms.katalon.core.main.TestCaseMain$startTestSuite$0.call(Unknown Source)
	at TempTestSuite1591032696937.run(TempTestSuite1591032696937.groovy:36)
Caused by: com.kms.katalon.core.exception.StepFailedException: Unable to get attribute 'value' of object 'Object Repository/Objects.ReusableObjects/CellGridInput'
	at com.kms.katalon.core.webui.keyword.internal.WebUIKeywordMain.stepFailed(WebUIKeywordMain.groovy:64)
	at com.kms.katalon.core.webui.keyword.internal.WebUIKeywordMain.runKeyword(WebUIKeywordMain.groovy:26)
	at com.kms.katalon.core.webui.keyword.builtin.GetAttributeKeyword.getAttribute(GetAttributeKeyword.groovy:93)
	at com.kms.katalon.core.webui.keyword.builtin.GetAttributeKeyword.execute(GetAttributeKeyword.groovy:68)
	at com.kms.katalon.core.keyword.internal.KeywordExecutor.executeKeywordForPlatform(KeywordExecutor.groovy:72)
	at com.kms.katalon.core.webui.keyword.WebUiBuiltInKeywords.getAttribute(WebUiBuiltInKeywords.groovy:921)
	at com.kms.katalon.core.webui.keyword.WebUiBuiltInKeywords$getAttribute$14.call(Unknown Source)
	at InputCellGridValidation.run(InputCellGridValidation:50)
	at com.kms.katalon.core.main.ScriptEngine.run(ScriptEngine.java:194)
	at com.kms.katalon.core.main.ScriptEngine.runScriptAsRawText(ScriptEngine.java:119)
	at com.kms.katalon.core.main.TestCaseExecutor.runScript(TestCaseExecutor.java:337)
	at com.kms.katalon.core.main.TestCaseExecutor.doExecute(TestCaseExecutor.java:328)
	at com.kms.katalon.core.main.TestCaseExecutor.processExecutionPhase(TestCaseExecutor.java:307)
	at com.kms.katalon.core.main.TestCaseExecutor.accessMainPhase(TestCaseExecutor.java:299)
	at com.kms.katalon.core.main.TestCaseExecutor.execute(TestCaseExecutor.java:233)
	at com.kms.katalon.core.main.TestCaseMain.runTestCase(TestCaseMain.java:114)
	at com.kms.katalon.core.keyword.builtin.CallTestCaseKeyword$_callTestCase_closure1.doCall(CallTestCaseKeyword.groovy:59)
	... 20 more
Caused by: com.kms.katalon.core.webui.exception.WebElementNotFoundException: Web element with id: 'Object Repository/Objects.ReusableObjects/CellGridInput' located by 'By.xpath: //*[@type = 'text' and @data-tabindex-counter = '1']' not found
	at com.kms.katalon.core.webui.common.WebUiCommonHelper.findWebElement(WebUiCommonHelper.java:1154)
	at com.kms.katalon.core.webui.keyword.internal.WebUIAbstractKeyword.findWebElement(WebUIAbstractKeyword.groovy:27)
	at com.kms.katalon.core.webui.keyword.internal.WebUIAbstractKeyword.findWebElement(WebUIAbstractKeyword.groovy:26)
	at com.kms.katalon.core.webui.keyword.builtin.GetAttributeKeyword$_getAttribute_closure1.doCall(GetAttributeKeyword.groovy:83)
	at com.kms.katalon.core.webui.keyword.builtin.GetAttributeKeyword$_getAttribute_closure1.call(GetAttributeKeyword.groovy)
	at com.kms.katalon.core.webui.keyword.internal.WebUIKeywordMain.runKeyword(WebUIKeywordMain.groovy:20)
	... 35 more]]></system-err>
   </testsuite>
</testsuites>
