<?xml version="1.0" encoding="UTF-8"?>
<testsuites name="PFI-Decision" time="546.982" tests="7" failures="2" errors="3">
   <testsuite name="PFI-Decision" tests="7" failures="2" errors="3" time="546.982" timestamp="2020-06-08 12:20:32" hostname="19023-RAC - 192.168.16.39" id="Test Suites/PFI Precision and Scale Automated Regression Suite/PFI/PFI-Decision">
      <properties>
         <property name="deviceName" value=""/>
         <property name="devicePlatform" value=""/>
         <property name="logFolder" value="C:\\Users\\19023-RAC\\Desktop\\New Automation Copy\\Reports\\20200608_122024\\PFI Precision and Scale Automated Regression Suite\\PFI\\PFI-Decision\\20200608_122024"/>
         <property name="logFiles" value="C:\\Users\\19023-RAC\\Desktop\\New Automation Copy\\Reports\\20200608_122024\\PFI Precision and Scale Automated Regression Suite\\PFI\\PFI-Decision\\20200608_122024\\execution0.log"/>
         <property name="attachments" value="C:\\Users\\19023-RAC\\Desktop\\New Automation Copy\\Reports\\20200608_122024\\PFI Precision and Scale Automated Regression Suite\\PFI\\PFI-Decision\\20200608_122024\\1591590544152.png, C:\\Users\\19023-RAC\\Desktop\\New Automation Copy\\Reports\\20200608_122024\\PFI Precision and Scale Automated Regression Suite\\PFI\\PFI-Decision\\20200608_122024\\1591590544832.png, C:\\Users\\19023-RAC\\Desktop\\New Automation Copy\\Reports\\20200608_122024\\PFI Precision and Scale Automated Regression Suite\\PFI\\PFI-Decision\\20200608_122024\\1591590577780.png"/>
         <property name="hostName" value="19023-RAC - 192.168.16.39"/>
         <property name="os" value="Windows 10 64bit"/>
         <property name="katalonVersion" value="7.2.1.1"/>
         <property name="browser" value="Chrome 83.0.4103.97"/>
         <property name="hostAddress" value="192.168.16.39"/>
         <property name="sessionId" value="0030d375e1c09efccbd4f9d035c00383"/>
         <property name="seleniumVersion" value="3.141.59"/>
         <property name="proxyInformation" value="ProxyInformation{proxyOption=NO_PROXY, proxyServerType=HTTP, password=, proxyServerAddress=, proxyServerPort=0, executionList=}"/>
         <property name="platform" value="Windows 10"/>
      </properties>
      <testcase name="Test Cases/PFI Precision and Scale/PFI Test Cases/Process Case (PFI)/PFI.NoticeLHS" time="75.397" classname="Test Cases/PFI Precision and Scale/PFI Test Cases/Process Case (PFI)/PFI.NoticeLHS" status="PASSED">
         <system-out><![CDATA[2020-06-08 12:20:32 - [TEST_CASE][PASSED] - Test Cases/PFI Precision and Scale/PFI Test Cases/Process Case (PFI)/PFI.NoticeLHS: Test Cases/PFI Precision and Scale/PFI Test Cases/Process Case (PFI)/PFI.NoticeLHS

2020-06-08 12:20:32 - [TEST_STEP][PASSED] - callTestCase(findTestCase("Components/LoginV2.0"), ["LinkToBeUsed":findTestData("ISPS2 Test Data").getValue("URL", 1), "LoginPageTextToBeVerified":findTestData("ISPS2 Test Data").getValue("HomeBanner", 1), ... ], STOP_ON_FAILURE): Call Test Case 'Test Cases/Components/LoginV2.0' successfully

2020-06-08 12:20:33 - [TEST_CASE][PASSED] - Test Cases/Components/LoginV2.0: Test Cases/Components/LoginV2.0

2020-06-08 12:20:33 - [TEST_STEP][PASSED] - openBrowser(LinkToBeUsed): Browser is opened with url: 'http://10.0.2.41:3012/isps2-prod-verify/authnz/login.do'

2020-06-08 12:20:33 - [MESSAGE][INFO] - Starting 'Edge' driver

2020-06-08 12:20:35 - [MESSAGE][INFO] - Action delay is set to 0 seconds

2020-06-08 12:20:46 - [MESSAGE][PASSED] - Browser is opened with url: 'http://10.0.2.41:3012/isps2-prod-verify/authnz/login.do'

2020-06-08 12:20:46 - [TEST_STEP][PASSED] - maximizeWindow(): Current window maximized

2020-06-08 12:20:48 - [MESSAGE][PASSED] - Current window maximized

2020-06-08 12:20:48 - [TEST_STEP][PASSED] - verifyTextPresent(LoginPageTextToBeVerified, false): Text 'Sign in to ISPS2-PROD-Verify' is present on page 

2020-06-08 12:20:48 - [MESSAGE][PASSED] - Text 'Sign in to ISPS2-PROD-Verify' is present on page 

2020-06-08 12:20:48 - [TEST_STEP][PASSED] - setText(findTestObject("Objects.LoginV2.0/Login Page/input_Sign in to ISPS2-PROD-Verify_username"), Username): Text 'sysadmin' is set on object 'Object Repository/Objects.LoginV2.0/Login Page/input_Sign in to ISPS2-PROD-Verify_username'

2020-06-08 12:20:49 - [MESSAGE][PASSED] - Text 'sysadmin' is set on object 'Object Repository/Objects.LoginV2.0/Login Page/input_Sign in to ISPS2-PROD-Verify_username'

2020-06-08 12:20:49 - [TEST_STEP][PASSED] - setEncryptedText(findTestObject("Objects.LoginV2.0/Login Page/input_This field is required_password"), Password): Text ****** has been set on object 'Object Repository/Objects.LoginV2.0/Login Page/input_This field is required_password'

2020-06-08 12:20:49 - [MESSAGE][PASSED] - Text ****** has been set on object 'Object Repository/Objects.LoginV2.0/Login Page/input_This field is required_password'

2020-06-08 12:20:49 - [TEST_STEP][NOT_RUN] - setEncryptedText(findTestObject(null), Password): NOT_RUN: setEncryptedText(findTestObject(null), Password)

2020-06-08 12:20:49 - [MESSAGE][NOT_RUN] - NOT_RUN: setEncryptedText(findTestObject(null), Password)

2020-06-08 12:20:49 - [TEST_STEP][PASSED] - click(findTestObject("Objects.LoginV2.0/Login Page/div_Sign in to ISPS2-PROD-Verify_NovaGoButton-1021"), OPTIONAL): Object: 'Object Repository/Objects.LoginV2.0/Login Page/div_Sign in to ISPS2-PROD-Verify_NovaGoButton-1021' is clicked on

2020-06-08 12:20:49 - [MESSAGE][PASSED] - Object: 'Object Repository/Objects.LoginV2.0/Login Page/div_Sign in to ISPS2-PROD-Verify_NovaGoButton-1021' is clicked on

2020-06-08 12:20:49 - [TEST_STEP][PASSED] - waitForPageLoad(30): Wait for page load successfully

2020-06-08 12:20:50 - [MESSAGE][PASSED] - Wait for page load successfully

2020-06-08 12:20:50 - [TEST_STEP][PASSED] - Thread.sleep(3000): null

2020-06-08 12:20:53 - [MESSAGE][PASSED] - Call Test Case 'Test Cases/Components/LoginV2.0' successfully

2020-06-08 12:20:53 - [TEST_STEP][PASSED] - callTestCase(findTestCase("Components/NavigateToHomepageHeaders"), ["headerText":"My Tasks"], STOP_ON_FAILURE): Call Test Case 'Test Cases/Components/NavigateToHomepageHeaders' successfully

2020-06-08 12:20:53 - [TEST_CASE][PASSED] - Test Cases/Components/NavigateToHomepageHeaders: Test Cases/Components/NavigateToHomepageHeaders

2020-06-08 12:20:53 - [TEST_STEP][PASSED] - Thread.sleep(1000): null

2020-06-08 12:20:54 - [TEST_STEP][PASSED] - waitForPageLoad(30): Wait for page load successfully

2020-06-08 12:20:54 - [MESSAGE][PASSED] - Wait for page load successfully

2020-06-08 12:20:54 - [TEST_STEP][PASSED] - modifiedHeader = modifyObjectProperty(findTestObject("Objects.NavigateToHomepageHeaders/Page_ISPS2/div_Header"), "text", "equals", headerText, true): Modify property of object successfully

2020-06-08 12:20:54 - [MESSAGE][PASSED] - Modify property of object successfully

2020-06-08 12:20:54 - [TEST_STEP][PASSED] - verifyElementClickable(modifiedHeader): Object 'Object Repository/Objects.NavigateToHomepageHeaders/Page_ISPS2/div_Header' is clickable

2020-06-08 12:20:54 - [MESSAGE][PASSED] - Object 'Object Repository/Objects.NavigateToHomepageHeaders/Page_ISPS2/div_Header' is clickable

2020-06-08 12:20:54 - [TEST_STEP][PASSED] - click(modifiedHeader): Object: 'Object Repository/Objects.NavigateToHomepageHeaders/Page_ISPS2/div_Header' is clicked on

2020-06-08 12:20:54 - [MESSAGE][PASSED] - Object: 'Object Repository/Objects.NavigateToHomepageHeaders/Page_ISPS2/div_Header' is clicked on

2020-06-08 12:20:54 - [TEST_STEP][PASSED] - Thread.sleep(7000): null

2020-06-08 12:21:01 - [MESSAGE][PASSED] - Call Test Case 'Test Cases/Components/NavigateToHomepageHeaders' successfully

2020-06-08 12:21:01 - [TEST_STEP][PASSED] - callTestCase(findTestCase("Components/Filter"), ["taskDescription":"Process Case (SM)"], STOP_ON_FAILURE): Call Test Case 'Test Cases/Components/Filter' successfully

2020-06-08 12:21:01 - [TEST_CASE][PASSED] - Test Cases/Components/Filter: Test Cases/Components/Filter

2020-06-08 12:21:01 - [TEST_STEP][PASSED] - Thread.sleep(5000): null

2020-06-08 12:21:06 - [TEST_STEP][PASSED] - waitForPageLoad(180): Wait for page load successfully

2020-06-08 12:21:06 - [MESSAGE][PASSED] - Wait for page load successfully

2020-06-08 12:21:06 - [TEST_STEP][PASSED] - waitForElementNotPresent(findTestObject("Objects.Filter/Page_ISPS2/div_Loading search result Please wait"), 180): Web element with id: 'Object Repository/Objects.Filter/Page_ISPS2/div_Loading search result Please wait' located by 'By.xpath: //div[@class = 'x-mask-msg-text' and (text() = 'Loading search result. Please wait...' or . = 'Loading search result. Please wait...')]' is not present after '180' second(s)

2020-06-08 12:21:07 - [MESSAGE][PASSED] - Web element with id: 'Object Repository/Objects.Filter/Page_ISPS2/div_Loading search result Please wait' located by 'By.xpath: //div[@class = 'x-mask-msg-text' and (text() = 'Loading search result. Please wait...' or . = 'Loading search result. Please wait...')]' is not present after '180' second(s)

2020-06-08 12:21:07 - [TEST_STEP][PASSED] - click(findTestObject("Objects.Filter/Page_ISPS2/XP.Embutidooo")): Object: 'Object Repository/Objects.Filter/Page_ISPS2/XP.Embutidooo' is clicked on

2020-06-08 12:21:07 - [MESSAGE][PASSED] - Object: 'Object Repository/Objects.Filter/Page_ISPS2/XP.Embutidooo' is clicked on

2020-06-08 12:21:07 - [TEST_STEP][PASSED] - com.reusableComponents.HighlightElement.run(findTestObject("Objects.Filter/Page_ISPS2/span_Reset")): com.reusableComponents.HighlightElement.run is PASSED

2020-06-08 12:21:07 - [MESSAGE][PASSED] - com.reusableComponents.HighlightElement.run is PASSED

2020-06-08 12:21:07 - [TEST_STEP][PASSED] - click(findTestObject("Objects.Filter/Page_ISPS2/span_Reset")): Object: 'Object Repository/Objects.Filter/Page_ISPS2/span_Reset' is clicked on

2020-06-08 12:21:07 - [MESSAGE][PASSED] - Object: 'Object Repository/Objects.Filter/Page_ISPS2/span_Reset' is clicked on

2020-06-08 12:21:07 - [TEST_STEP][PASSED] - com.reusableComponents.HighlightElement.run(findTestObject("Objects.Filter/Page_ISPS2/TextBoxTaskDescription")): com.reusableComponents.HighlightElement.run is PASSED

2020-06-08 12:21:08 - [MESSAGE][PASSED] - com.reusableComponents.HighlightElement.run is PASSED

2020-06-08 12:21:08 - [TEST_STEP][PASSED] - setText(findTestObject("Objects.Filter/Page_ISPS2/TextBoxTaskDescription"), taskDescription): Text 'Process Case (SM)' is set on object 'Object Repository/Objects.Filter/Page_ISPS2/TextBoxTaskDescription'

2020-06-08 12:21:08 - [MESSAGE][PASSED] - Text 'Process Case (SM)' is set on object 'Object Repository/Objects.Filter/Page_ISPS2/TextBoxTaskDescription'

2020-06-08 12:21:08 - [TEST_STEP][PASSED] - caseType = taskDescription: null

2020-06-08 12:21:09 - [TEST_STEP][PASSED] - sendKeys(findTestObject("Objects.Filter/Page_ISPS2/TextBoxTaskDescription"), Keys.chord(ENTER)): Keys 'ENTER + ' sent to object: 'Object Repository/Objects.Filter/Page_ISPS2/TextBoxTaskDescription'

2020-06-08 12:21:10 - [MESSAGE][PASSED] - Keys 'ENTER + ' sent to object: 'Object Repository/Objects.Filter/Page_ISPS2/TextBoxTaskDescription'

2020-06-08 12:21:10 - [TEST_STEP][PASSED] - com.reusableComponents.HighlightElement.run(findTestObject("Objects.Filter/Page_ISPS2/span_Search")): com.reusableComponents.HighlightElement.run is PASSED

2020-06-08 12:21:10 - [MESSAGE][PASSED] - com.reusableComponents.HighlightElement.run is PASSED

2020-06-08 12:21:10 - [TEST_STEP][PASSED] - click(findTestObject("Objects.Filter/Page_ISPS2/span_Search")): Object: 'Object Repository/Objects.Filter/Page_ISPS2/span_Search' is clicked on

2020-06-08 12:21:10 - [MESSAGE][PASSED] - Object: 'Object Repository/Objects.Filter/Page_ISPS2/span_Search' is clicked on

2020-06-08 12:21:10 - [TEST_STEP][NOT_RUN] - verifyTextPresent("Loading search result. Please wait...", false): NOT_RUN: verifyTextPresent("Loading search result. Please wait...", false)

2020-06-08 12:21:10 - [MESSAGE][NOT_RUN] - NOT_RUN: verifyTextPresent("Loading search result. Please wait...", false)

2020-06-08 12:21:10 - [TEST_STEP][NOT_RUN] - waitForElementNotPresent(findTestObject("Objects.Filter/Page_ISPS2/div_Loading search result Please wait"), 120): NOT_RUN: waitForElementNotPresent(findTestObject("Objects.Filter/Page_ISPS2/div_Loading search result Please wait"), 120)

2020-06-08 12:21:10 - [MESSAGE][NOT_RUN] - NOT_RUN: waitForElementNotPresent(findTestObject("Objects.Filter/Page_ISPS2/div_Loading search result Please wait"), 120)

2020-06-08 12:21:10 - [TEST_STEP][PASSED] - Thread.sleep(5000): null

2020-06-08 12:21:15 - [MESSAGE][PASSED] - Call Test Case 'Test Cases/Components/Filter' successfully

2020-06-08 12:21:15 - [TEST_STEP][PASSED] - callTestCase(findTestCase("Components/ClickLinkDependingOnTextAndIndex"), ["linkName":"Process Case (SM)", "index":"4"], STOP_ON_FAILURE): Call Test Case 'Test Cases/Components/ClickLinkDependingOnTextAndIndex' successfully

2020-06-08 12:21:15 - [TEST_CASE][PASSED] - Test Cases/Components/ClickLinkDependingOnTextAndIndex: Test Cases/Components/ClickLinkDependingOnTextAndIndex

2020-06-08 12:21:15 - [TEST_STEP][PASSED] - Thread.sleep(1000): null

2020-06-08 12:21:16 - [TEST_STEP][PASSED] - println(linkName): null

2020-06-08 12:21:16 - [TEST_STEP][PASSED] - println(index): null

2020-06-08 12:21:16 - [TEST_STEP][PASSED] - modifiedLink = modifyObjectProperty(findTestObject("Objects.ClickLinkDependingOnTextAndIndex/linkToModify"), "xpath", "equals", "(//a[text()="" + linkName + ""])[" + index + "]", true): Modify property of object successfully

2020-06-08 12:21:16 - [MESSAGE][PASSED] - Modify property of object successfully

2020-06-08 12:21:16 - [TEST_STEP][PASSED] - Thread.sleep(5000): null

2020-06-08 12:21:21 - [TEST_STEP][PASSED] - com.reusableComponents.HighlightElement.run(modifiedLink): com.reusableComponents.HighlightElement.run is PASSED

2020-06-08 12:21:22 - [MESSAGE][PASSED] - com.reusableComponents.HighlightElement.run is PASSED

2020-06-08 12:21:22 - [TEST_STEP][PASSED] - click(modifiedLink): Object: 'Object Repository/Objects.ClickLinkDependingOnTextAndIndex/linkToModify' is clicked on

2020-06-08 12:21:22 - [MESSAGE][PASSED] - Object: 'Object Repository/Objects.ClickLinkDependingOnTextAndIndex/linkToModify' is clicked on

2020-06-08 12:21:22 - [MESSAGE][PASSED] - Call Test Case 'Test Cases/Components/ClickLinkDependingOnTextAndIndex' successfully

2020-06-08 12:21:22 - [TEST_STEP][PASSED] - callTestCase(findTestCase("Components/VerifyPageSuccessfullyLoaded"), ["HeaderName":"Summary"], STOP_ON_FAILURE): Call Test Case 'Test Cases/Components/VerifyPageSuccessfullyLoaded' successfully

2020-06-08 12:21:22 - [TEST_CASE][PASSED] - Test Cases/Components/VerifyPageSuccessfullyLoaded: Test Cases/Components/VerifyPageSuccessfullyLoaded

2020-06-08 12:21:22 - [TEST_STEP][PASSED] - Thread.sleep(3000): null

2020-06-08 12:21:25 - [TEST_STEP][PASSED] - ModifiedHeaderName = modifyObjectProperty(findTestObject("Objects.VerifyPageSuccessfullyLoaded/PageHeader"), "text", "equals", HeaderName, true): Modify property of object successfully

2020-06-08 12:21:25 - [MESSAGE][PASSED] - Modify property of object successfully

2020-06-08 12:21:25 - [TEST_STEP][PASSED] - verifyElementPresent(ModifiedHeaderName, 30): Object 'Object Repository/Objects.VerifyPageSuccessfullyLoaded/PageHeader' is present

2020-06-08 12:21:26 - [MESSAGE][PASSED] - Object 'Object Repository/Objects.VerifyPageSuccessfullyLoaded/PageHeader' is present

2020-06-08 12:21:26 - [TEST_STEP][PASSED] - com.reusableComponents.HighlightElement.run(ModifiedHeaderName): com.reusableComponents.HighlightElement.run is PASSED

2020-06-08 12:21:27 - [MESSAGE][PASSED] - com.reusableComponents.HighlightElement.run is PASSED

2020-06-08 12:21:27 - [MESSAGE][PASSED] - Call Test Case 'Test Cases/Components/VerifyPageSuccessfullyLoaded' successfully

2020-06-08 12:21:27 - [TEST_STEP][PASSED] - callTestCase(findTestCase("Components/NavigateToAnyLHS"), ["LHS":"Notice"], STOP_ON_FAILURE): Call Test Case 'Test Cases/Components/NavigateToAnyLHS' successfully

2020-06-08 12:21:27 - [TEST_CASE][PASSED] - Test Cases/Components/NavigateToAnyLHS: Test Cases/Components/NavigateToAnyLHS

2020-06-08 12:21:27 - [TEST_STEP][PASSED] - Thread.sleep(1000): null

2020-06-08 12:21:28 - [TEST_STEP][PASSED] - modifiedLHS = modifyObjectProperty(findTestObject("Objects.NavigateToAnyLHS/Page_ISPS2/LHSToModify"), "text", "equals", LHS, true): Modify property of object successfully

2020-06-08 12:21:28 - [MESSAGE][PASSED] - Modify property of object successfully

2020-06-08 12:21:28 - [TEST_STEP][PASSED] - click(modifiedLHS): Object: 'Object Repository/Objects.NavigateToAnyLHS/Page_ISPS2/LHSToModify' is clicked on

2020-06-08 12:21:28 - [MESSAGE][PASSED] - Object: 'Object Repository/Objects.NavigateToAnyLHS/Page_ISPS2/LHSToModify' is clicked on

2020-06-08 12:21:28 - [TEST_STEP][PASSED] - currentLHS = getText(modifiedLHS): Text of object 'Object Repository/Objects.NavigateToAnyLHS/Page_ISPS2/LHSToModify' is: 'Notice'

2020-06-08 12:21:28 - [MESSAGE][PASSED] - Text of object 'Object Repository/Objects.NavigateToAnyLHS/Page_ISPS2/LHSToModify' is: 'Notice'

2020-06-08 12:21:28 - [TEST_STEP][PASSED] - Thread.sleep(5000): null

2020-06-08 12:21:33 - [MESSAGE][PASSED] - Call Test Case 'Test Cases/Components/NavigateToAnyLHS' successfully

2020-06-08 12:21:33 - [TEST_STEP][PASSED] - callTestCase(findTestCase("Components/VerifyPageSuccessfullyLoadedII"), ["PageNm":"Notice"], STOP_ON_FAILURE): Call Test Case 'Test Cases/Components/VerifyPageSuccessfullyLoadedII' successfully

2020-06-08 12:21:33 - [TEST_CASE][PASSED] - Test Cases/Components/VerifyPageSuccessfullyLoadedII: Test Cases/Components/VerifyPageSuccessfullyLoadedII

2020-06-08 12:21:34 - [TEST_STEP][PASSED] - waitForPageLoad(5): Wait for page load successfully

2020-06-08 12:21:34 - [MESSAGE][PASSED] - Wait for page load successfully

2020-06-08 12:21:34 - [TEST_STEP][PASSED] - modifiedInputFld = modifyObjectProperty(findTestObject("Object Repository/Objects.VerifyPageSuccessfullyLoaded/PageHeaderIndex"), "xpath", "equals", "//*[contains(@class,'isps-page-title') and contains(text(),'" + PageNm + "')]", true): Modify property of object successfully

2020-06-08 12:21:34 - [MESSAGE][PASSED] - Modify property of object successfully

2020-06-08 12:21:34 - [TEST_STEP][PASSED] - com.reusableComponents.HighlightElement.run(modifiedInputFld): com.reusableComponents.HighlightElement.run is PASSED

2020-06-08 12:21:34 - [MESSAGE][PASSED] - com.reusableComponents.HighlightElement.run is PASSED

2020-06-08 12:21:34 - [MESSAGE][PASSED] - Call Test Case 'Test Cases/Components/VerifyPageSuccessfullyLoadedII' successfully

2020-06-08 12:21:34 - [TEST_STEP][PASSED] - callTestCase(findTestCase("Components/HighlightLabelField"), ["LblName":"Generate Notice *:"], STOP_ON_FAILURE): Call Test Case 'Test Cases/Components/HighlightLabelField' successfully

2020-06-08 12:21:34 - [TEST_CASE][PASSED] - Test Cases/Components/HighlightLabelField: Test Cases/Components/HighlightLabelField

2020-06-08 12:21:34 - [TEST_STEP][PASSED] - Thread.sleep(1000): null

2020-06-08 12:21:35 - [TEST_STEP][PASSED] - modifiedLblNm = modifyObjectProperty(findTestObject("Objects.HighlightElements/lblField"), "text", "equals", LblName, true): Modify property of object successfully

2020-06-08 12:21:35 - [MESSAGE][PASSED] - Modify property of object successfully

2020-06-08 12:21:35 - [TEST_STEP][PASSED] - com.reusableComponents.HighlightElement.run(modifiedLblNm): com.reusableComponents.HighlightElement.run is PASSED

2020-06-08 12:21:36 - [MESSAGE][PASSED] - com.reusableComponents.HighlightElement.run is PASSED

2020-06-08 12:21:36 - [MESSAGE][PASSED] - Call Test Case 'Test Cases/Components/HighlightLabelField' successfully

2020-06-08 12:21:36 - [TEST_STEP][PASSED] - callTestCase(findTestCase("Components/HighlightInputField"), ["InputFldName":"structPlans"], STOP_ON_FAILURE): Call Test Case 'Test Cases/Components/HighlightInputField' successfully

2020-06-08 12:21:36 - [TEST_CASE][PASSED] - Test Cases/Components/HighlightInputField: Test Cases/Components/HighlightInputField

2020-06-08 12:21:36 - [TEST_STEP][PASSED] - Thread.sleep(1000): null

2020-06-08 12:21:37 - [TEST_STEP][PASSED] - modifiedLblNm = modifyObjectProperty(findTestObject("Objects.HighlightElements/input_field"), "name", "equals", InputFldName, true): Modify property of object successfully

2020-06-08 12:21:37 - [MESSAGE][PASSED] - Modify property of object successfully

2020-06-08 12:21:37 - [TEST_STEP][PASSED] - com.reusableComponents.HighlightElement.run(modifiedLblNm): com.reusableComponents.HighlightElement.run is PASSED

2020-06-08 12:21:38 - [MESSAGE][PASSED] - com.reusableComponents.HighlightElement.run is PASSED

2020-06-08 12:21:38 - [MESSAGE][PASSED] - Call Test Case 'Test Cases/Components/HighlightInputField' successfully

2020-06-08 12:21:38 - [TEST_STEP][PASSED] - callTestCase(findTestCase("PFI Precision and Scale/PFI Components/VerifyDefaultValue"), ["FieldNm":"structPlans"], STOP_ON_FAILURE): Call Test Case 'Test Cases/PFI Precision and Scale/PFI Components/VerifyDefaultValue' successfully

2020-06-08 12:21:38 - [TEST_CASE][PASSED] - Test Cases/PFI Precision and Scale/PFI Components/VerifyDefaultValue: Test Cases/PFI Precision and Scale/PFI Components/VerifyDefaultValue

2020-06-08 12:21:38 - [TEST_STEP][PASSED] - Thread.sleep(1000): null

2020-06-08 12:21:39 - [TEST_STEP][PASSED] - NewFieldNm = modifyObjectProperty(findTestObject("Objects.HighlightElements/input_field"), "name", "equals", FieldNm, true): Modify property of object successfully

2020-06-08 12:21:39 - [MESSAGE][PASSED] - Modify property of object successfully

2020-06-08 12:21:39 - [TEST_STEP][PASSED] - focus(NewFieldNm): Object: 'Object Repository/Objects.HighlightElements/input_field' is focused

2020-06-08 12:21:39 - [MESSAGE][PASSED] - Object: 'Object Repository/Objects.HighlightElements/input_field' is focused

2020-06-08 12:21:39 - [TEST_STEP][PASSED] - DefVal = getAttribute(NewFieldNm, "value", STOP_ON_FAILURE): Attribute 'value' of object 'Object Repository/Objects.HighlightElements/input_field' is: ''

2020-06-08 12:21:39 - [MESSAGE][PASSED] - Attribute 'value' of object 'Object Repository/Objects.HighlightElements/input_field' is: ''

2020-06-08 12:21:39 - [TEST_STEP][PASSED] - switch (FieldNm): null

2020-06-08 12:21:39 - [TEST_STEP][PASSED] - Default: null

2020-06-08 12:21:39 - [TEST_STEP][PASSED] - verifyMatch(DefVal, "", true): Actual text '' and expected text '' are matched  using regular expression

2020-06-08 12:21:39 - [MESSAGE][PASSED] - Actual text '' and expected text '' are matched  using regular expression

2020-06-08 12:21:39 - [TEST_STEP][PASSED] - break: null

2020-06-08 12:21:39 - [MESSAGE][PASSED] - Call Test Case 'Test Cases/PFI Precision and Scale/PFI Components/VerifyDefaultValue' successfully

2020-06-08 12:21:39 - [TEST_STEP][PASSED] - callTestCase(findTestCase("PFI Precision and Scale/PFI Components/VerifyDropdownValues"), ["FldNm":"structPlans", "CallTCName":"PFI Precision and Scale/HashMap Tables/PFILetterTemplate", "cmbNm":"GenerateNotice", ... ], STOP_ON_FAILURE): Call Test Case 'Test Cases/PFI Precision and Scale/PFI Components/VerifyDropdownValues' successfully

2020-06-08 12:21:39 - [TEST_CASE][PASSED] - Test Cases/PFI Precision and Scale/PFI Components/VerifyDropdownValues: Test Cases/PFI Precision and Scale/PFI Components/VerifyDropdownValues

2020-06-08 12:21:39 - [TEST_STEP][PASSED] - Thread.sleep(1000): null

2020-06-08 12:21:40 - [TEST_STEP][PASSED] - NewInputNmField = modifyObjectProperty(findTestObject("Objects.HighlightElements/input_field"), "name", "equals", FldNm, true): Modify property of object successfully

2020-06-08 12:21:40 - [MESSAGE][PASSED] - Modify property of object successfully

2020-06-08 12:21:40 - [TEST_STEP][PASSED] - comboNm = cmbNm: null

2020-06-08 12:21:40 - [TEST_STEP][PASSED] - focus(NewInputNmField): Object: 'Object Repository/Objects.HighlightElements/input_field' is focused

2020-06-08 12:21:40 - [MESSAGE][PASSED] - Object: 'Object Repository/Objects.HighlightElements/input_field' is focused

2020-06-08 12:21:40 - [TEST_STEP][PASSED] - setText(NewInputNmField, EnterValue): Text '' is set on object 'Object Repository/Objects.HighlightElements/input_field'

2020-06-08 12:21:40 - [MESSAGE][PASSED] - Text '' is set on object 'Object Repository/Objects.HighlightElements/input_field'

2020-06-08 12:21:40 - [TEST_STEP][PASSED] - for ([i = 1, i <= NoOfVal, (i++)]): Keys 'DOWN + ' sent to object: 'Object Repository/Objects.HighlightElements/input_field'

2020-06-08 12:21:40 - [TEST_STEP][PASSED] - sendKeys(NewInputNmField, Keys.chord(ARROW_DOWN)): Keys 'DOWN + ' sent to object: 'Object Repository/Objects.HighlightElements/input_field'

2020-06-08 12:21:40 - [MESSAGE][PASSED] - Keys 'DOWN + ' sent to object: 'Object Repository/Objects.HighlightElements/input_field'

2020-06-08 12:21:40 - [TEST_STEP][PASSED] - delay(DelayTime): Delayed 3 second(s)

2020-06-08 12:21:43 - [MESSAGE][PASSED] - Delayed 3 second(s)

2020-06-08 12:21:43 - [TEST_STEP][PASSED] - sendKeys(NewInputNmField, Keys.chord(ENTER)): Keys 'ENTER + ' sent to object: 'Object Repository/Objects.HighlightElements/input_field'

2020-06-08 12:21:44 - [MESSAGE][PASSED] - Keys 'ENTER + ' sent to object: 'Object Repository/Objects.HighlightElements/input_field'

2020-06-08 12:21:44 - [TEST_STEP][PASSED] - ComboBoxValue = getAttribute(NewInputNmField, "value"): Attribute 'value' of object 'Object Repository/Objects.HighlightElements/input_field' is: 'with structural plans'

2020-06-08 12:21:44 - [MESSAGE][PASSED] - Attribute 'value' of object 'Object Repository/Objects.HighlightElements/input_field' is: 'with structural plans'

2020-06-08 12:21:44 - [TEST_STEP][PASSED] - callTestCase(findTestCase(CallTCName), ["FindValue":ComboBoxValue, "DropdownNm":comboNm], STOP_ON_FAILURE): Call Test Case 'Test Cases/PFI Precision and Scale/HashMap Tables/PFILetterTemplate' successfully

2020-06-08 12:21:44 - [TEST_CASE][PASSED] - Test Cases/PFI Precision and Scale/HashMap Tables/PFILetterTemplate: Test Cases/PFI Precision and Scale/HashMap Tables/PFILetterTemplate

2020-06-08 12:21:44 - [TEST_STEP][PASSED] - PFILetterTemplateTBL = [1:["Reminder":"Ministry Of Health"], 2:["Reminder":"Reminder Free Format Letter"], 3:["Reminder":"Reminder 1 (SF_ESID_SIS/SL-REM1)"], ... ]: null

2020-06-08 12:21:44 - [TEST_STEP][PASSED] - switch (DropdownNm): null

2020-06-08 12:21:44 - [TEST_STEP][PASSED] - case "GenerateNotice":: null

2020-06-08 12:21:44 - [TEST_STEP][PASSED] - ValueFound = PFILetterTemplateTBL.find({ -> ... }): null

2020-06-08 12:21:44 - [TEST_STEP][PASSED] - break: null

2020-06-08 12:21:44 - [MESSAGE][PASSED] - Call Test Case 'Test Cases/PFI Precision and Scale/HashMap Tables/PFILetterTemplate' successfully

2020-06-08 12:21:44 - [TEST_STEP][PASSED] - println(ValueFound): null

2020-06-08 12:21:44 - [TEST_STEP][PASSED] - sendKeys(NewInputNmField, Keys.chord(ARROW_DOWN)): Keys 'DOWN + ' sent to object: 'Object Repository/Objects.HighlightElements/input_field'

2020-06-08 12:21:44 - [MESSAGE][PASSED] - Keys 'DOWN + ' sent to object: 'Object Repository/Objects.HighlightElements/input_field'

2020-06-08 12:21:44 - [TEST_STEP][PASSED] - sendKeys(NewInputNmField, Keys.chord(ARROW_DOWN)): Keys 'DOWN + ' sent to object: 'Object Repository/Objects.HighlightElements/input_field'

2020-06-08 12:21:44 - [MESSAGE][PASSED] - Keys 'DOWN + ' sent to object: 'Object Repository/Objects.HighlightElements/input_field'

2020-06-08 12:21:44 - [TEST_STEP][PASSED] - delay(DelayTime): Delayed 3 second(s)

2020-06-08 12:21:47 - [MESSAGE][PASSED] - Delayed 3 second(s)

2020-06-08 12:21:47 - [TEST_STEP][PASSED] - sendKeys(NewInputNmField, Keys.chord(ENTER)): Keys 'ENTER + ' sent to object: 'Object Repository/Objects.HighlightElements/input_field'

2020-06-08 12:21:47 - [MESSAGE][PASSED] - Keys 'ENTER + ' sent to object: 'Object Repository/Objects.HighlightElements/input_field'

2020-06-08 12:21:47 - [TEST_STEP][PASSED] - ComboBoxValue = getAttribute(NewInputNmField, "value"): Attribute 'value' of object 'Object Repository/Objects.HighlightElements/input_field' is: 'without structral plans'

2020-06-08 12:21:47 - [MESSAGE][PASSED] - Attribute 'value' of object 'Object Repository/Objects.HighlightElements/input_field' is: 'without structral plans'

2020-06-08 12:21:47 - [TEST_STEP][PASSED] - callTestCase(findTestCase(CallTCName), ["FindValue":ComboBoxValue, "DropdownNm":comboNm], STOP_ON_FAILURE): Call Test Case 'Test Cases/PFI Precision and Scale/HashMap Tables/PFILetterTemplate' successfully

2020-06-08 12:21:47 - [TEST_CASE][PASSED] - Test Cases/PFI Precision and Scale/HashMap Tables/PFILetterTemplate: Test Cases/PFI Precision and Scale/HashMap Tables/PFILetterTemplate

2020-06-08 12:21:47 - [TEST_STEP][PASSED] - PFILetterTemplateTBL = [1:["Reminder":"Ministry Of Health"], 2:["Reminder":"Reminder Free Format Letter"], 3:["Reminder":"Reminder 1 (SF_ESID_SIS/SL-REM1)"], ... ]: null

2020-06-08 12:21:47 - [TEST_STEP][PASSED] - switch (DropdownNm): null

2020-06-08 12:21:47 - [TEST_STEP][PASSED] - case "GenerateNotice":: null

2020-06-08 12:21:47 - [TEST_STEP][PASSED] - ValueFound = PFILetterTemplateTBL.find({ -> ... }): null

2020-06-08 12:21:47 - [TEST_STEP][PASSED] - break: null

2020-06-08 12:21:47 - [MESSAGE][PASSED] - Call Test Case 'Test Cases/PFI Precision and Scale/HashMap Tables/PFILetterTemplate' successfully

2020-06-08 12:21:47 - [TEST_STEP][PASSED] - println(ValueFound): null

2020-06-08 12:21:47 - [TEST_STEP][PASSED] - sendKeys(NewInputNmField, Keys.chord(ARROW_DOWN)): Keys 'DOWN + ' sent to object: 'Object Repository/Objects.HighlightElements/input_field'

2020-06-08 12:21:47 - [MESSAGE][PASSED] - Keys 'DOWN + ' sent to object: 'Object Repository/Objects.HighlightElements/input_field'

2020-06-08 12:21:47 - [TEST_STEP][PASSED] - sendKeys(NewInputNmField, Keys.chord(ENTER)): Keys 'ENTER + ' sent to object: 'Object Repository/Objects.HighlightElements/input_field'

2020-06-08 12:21:47 - [MESSAGE][PASSED] - Keys 'ENTER + ' sent to object: 'Object Repository/Objects.HighlightElements/input_field'

2020-06-08 12:21:47 - [MESSAGE][PASSED] - Call Test Case 'Test Cases/PFI Precision and Scale/PFI Components/VerifyDropdownValues' successfully

2020-06-08 12:21:47 - [TEST_STEP][NOT_RUN] - callTestCase(findTestCase("Components/Logout"), ["LogoutPageTextToBeVerified":findTestData("ISPS2 Test Data").getValue("HomeBanner", 1)], STOP_ON_FAILURE): NOT_RUN: callTestCase(findTestCase("Components/Logout"), ["LogoutPageTextToBeVerified":findTestData("ISPS2 Test Data").getValue("HomeBanner", 1)], STOP_ON_FAILURE)

2020-06-08 12:21:47 - [MESSAGE][NOT_RUN] - NOT_RUN: callTestCase(findTestCase("Components/Logout"), ["LogoutPageTextToBeVerified":findTestData("ISPS2 Test Data").getValue("HomeBanner", 1)], STOP_ON_FAILURE)]]></system-out>
         <system-err><![CDATA[]]></system-err>
      </testcase>
      <testcase name="Test Cases/PFI Precision and Scale/PFI Test Cases/Process Case (PFI)/PFI.ReminderLHS" time="64.052" classname="Test Cases/PFI Precision and Scale/PFI Test Cases/Process Case (PFI)/PFI.ReminderLHS" status="PASSED">
         <system-out><![CDATA[2020-06-08 12:21:47 - [TEST_CASE][PASSED] - Test Cases/PFI Precision and Scale/PFI Test Cases/Process Case (PFI)/PFI.ReminderLHS: Test Cases/PFI Precision and Scale/PFI Test Cases/Process Case (PFI)/PFI.ReminderLHS

2020-06-08 12:21:47 - [TEST_STEP][NOT_RUN] - callTestCase(findTestCase("Components/LoginV2.0"), ["LinkToBeUsed":findTestData("ISPS2 Test Data").getValue("URL", 1), "LoginPageTextToBeVerified":findTestData("ISPS2 Test Data").getValue("HomeBanner", 1), ... ], STOP_ON_FAILURE): NOT_RUN: callTestCase(findTestCase("Components/LoginV2.0"), ["LinkToBeUsed":findTestData("ISPS2 Test Data").getValue("URL", 1), "LoginPageTextToBeVerified":findTestData("ISPS2 Test Data").getValue("HomeBanner", 1), ... ], STOP_ON_FAILURE)

2020-06-08 12:21:47 - [MESSAGE][NOT_RUN] - NOT_RUN: callTestCase(findTestCase("Components/LoginV2.0"), ["LinkToBeUsed":findTestData("ISPS2 Test Data").getValue("URL", 1), "LoginPageTextToBeVerified":findTestData("ISPS2 Test Data").getValue("HomeBanner", 1), ... ], STOP_ON_FAILURE)

2020-06-08 12:21:47 - [TEST_STEP][NOT_RUN] - callTestCase(findTestCase("Components/NavigateToHomepageHeaders"), ["headerText":"My Tasks"], STOP_ON_FAILURE): NOT_RUN: callTestCase(findTestCase("Components/NavigateToHomepageHeaders"), ["headerText":"My Tasks"], STOP_ON_FAILURE)

2020-06-08 12:21:47 - [MESSAGE][NOT_RUN] - NOT_RUN: callTestCase(findTestCase("Components/NavigateToHomepageHeaders"), ["headerText":"My Tasks"], STOP_ON_FAILURE)

2020-06-08 12:21:47 - [TEST_STEP][NOT_RUN] - callTestCase(findTestCase("Components/Filter"), ["taskDescription":"Process Case (SM)"], STOP_ON_FAILURE): NOT_RUN: callTestCase(findTestCase("Components/Filter"), ["taskDescription":"Process Case (SM)"], STOP_ON_FAILURE)

2020-06-08 12:21:47 - [MESSAGE][NOT_RUN] - NOT_RUN: callTestCase(findTestCase("Components/Filter"), ["taskDescription":"Process Case (SM)"], STOP_ON_FAILURE)

2020-06-08 12:21:47 - [TEST_STEP][NOT_RUN] - callTestCase(findTestCase("Components/ClickLinkDependingOnTextAndIndex"), ["linkName":"Process Case (SM)", "index":"3"], STOP_ON_FAILURE): NOT_RUN: callTestCase(findTestCase("Components/ClickLinkDependingOnTextAndIndex"), ["linkName":"Process Case (SM)", "index":"3"], STOP_ON_FAILURE)

2020-06-08 12:21:47 - [MESSAGE][NOT_RUN] - NOT_RUN: callTestCase(findTestCase("Components/ClickLinkDependingOnTextAndIndex"), ["linkName":"Process Case (SM)", "index":"3"], STOP_ON_FAILURE)

2020-06-08 12:21:47 - [TEST_STEP][NOT_RUN] - callTestCase(findTestCase("Components/VerifyPageSuccessfullyLoaded"), ["HeaderName":"Summary"], STOP_ON_FAILURE): NOT_RUN: callTestCase(findTestCase("Components/VerifyPageSuccessfullyLoaded"), ["HeaderName":"Summary"], STOP_ON_FAILURE)

2020-06-08 12:21:47 - [MESSAGE][NOT_RUN] - NOT_RUN: callTestCase(findTestCase("Components/VerifyPageSuccessfullyLoaded"), ["HeaderName":"Summary"], STOP_ON_FAILURE)

2020-06-08 12:21:47 - [TEST_STEP][PASSED] - callTestCase(findTestCase("Components/NavigateToAnyLHS"), ["LHS":"Reminder"], STOP_ON_FAILURE): Call Test Case 'Test Cases/Components/NavigateToAnyLHS' successfully

2020-06-08 12:21:47 - [TEST_CASE][PASSED] - Test Cases/Components/NavigateToAnyLHS: Test Cases/Components/NavigateToAnyLHS

2020-06-08 12:21:47 - [TEST_STEP][PASSED] - Thread.sleep(1000): null

2020-06-08 12:21:48 - [TEST_STEP][PASSED] - modifiedLHS = modifyObjectProperty(findTestObject("Objects.NavigateToAnyLHS/Page_ISPS2/LHSToModify"), "text", "equals", LHS, true): Modify property of object successfully

2020-06-08 12:21:48 - [MESSAGE][PASSED] - Modify property of object successfully

2020-06-08 12:21:48 - [TEST_STEP][PASSED] - click(modifiedLHS): Object: 'Object Repository/Objects.NavigateToAnyLHS/Page_ISPS2/LHSToModify' is clicked on

2020-06-08 12:21:48 - [MESSAGE][PASSED] - Object: 'Object Repository/Objects.NavigateToAnyLHS/Page_ISPS2/LHSToModify' is clicked on

2020-06-08 12:21:48 - [TEST_STEP][PASSED] - currentLHS = getText(modifiedLHS): Text of object 'Object Repository/Objects.NavigateToAnyLHS/Page_ISPS2/LHSToModify' is: 'Reminder'

2020-06-08 12:21:49 - [MESSAGE][PASSED] - Text of object 'Object Repository/Objects.NavigateToAnyLHS/Page_ISPS2/LHSToModify' is: 'Reminder'

2020-06-08 12:21:49 - [TEST_STEP][PASSED] - Thread.sleep(5000): null

2020-06-08 12:21:54 - [MESSAGE][PASSED] - Call Test Case 'Test Cases/Components/NavigateToAnyLHS' successfully

2020-06-08 12:21:54 - [TEST_STEP][PASSED] - callTestCase(findTestCase("Components/VerifyPageSuccessfullyLoaded"), ["HeaderName":"Reminder"], STOP_ON_FAILURE): Call Test Case 'Test Cases/Components/VerifyPageSuccessfullyLoaded' successfully

2020-06-08 12:21:54 - [TEST_CASE][PASSED] - Test Cases/Components/VerifyPageSuccessfullyLoaded: Test Cases/Components/VerifyPageSuccessfullyLoaded

2020-06-08 12:21:54 - [TEST_STEP][PASSED] - Thread.sleep(3000): null

2020-06-08 12:21:57 - [TEST_STEP][PASSED] - ModifiedHeaderName = modifyObjectProperty(findTestObject("Objects.VerifyPageSuccessfullyLoaded/PageHeader"), "text", "equals", HeaderName, true): Modify property of object successfully

2020-06-08 12:21:57 - [MESSAGE][PASSED] - Modify property of object successfully

2020-06-08 12:21:57 - [TEST_STEP][PASSED] - verifyElementPresent(ModifiedHeaderName, 30): Object 'Object Repository/Objects.VerifyPageSuccessfullyLoaded/PageHeader' is present

2020-06-08 12:21:57 - [MESSAGE][PASSED] - Object 'Object Repository/Objects.VerifyPageSuccessfullyLoaded/PageHeader' is present

2020-06-08 12:21:57 - [TEST_STEP][PASSED] - com.reusableComponents.HighlightElement.run(ModifiedHeaderName): com.reusableComponents.HighlightElement.run is PASSED

2020-06-08 12:21:57 - [MESSAGE][PASSED] - com.reusableComponents.HighlightElement.run is PASSED

2020-06-08 12:21:57 - [MESSAGE][PASSED] - Call Test Case 'Test Cases/Components/VerifyPageSuccessfullyLoaded' successfully

2020-06-08 12:21:57 - [TEST_STEP][PASSED] - callTestCase(findTestCase("Components/HighlightLabelIndexField"), ["LblName":"Reminder Type:", "index":1], STOP_ON_FAILURE): Call Test Case 'Test Cases/Components/HighlightLabelIndexField' successfully

2020-06-08 12:21:57 - [TEST_CASE][PASSED] - Test Cases/Components/HighlightLabelIndexField: Test Cases/Components/HighlightLabelIndexField

2020-06-08 12:21:57 - [TEST_STEP][PASSED] - Thread.sleep(1000): null

2020-06-08 12:21:58 - [TEST_STEP][PASSED] - modifiedLblNm = modifyObjectProperty(findTestObject("Object Repository/Objects.HighlightElements/lblField_index"), "xpath", "equals", "(//*[contains(@class,'x-form-item-label-inner') and (text()='" + LblName + "')])[" + index + "]", true): Modify property of object successfully

2020-06-08 12:21:58 - [MESSAGE][PASSED] - Modify property of object successfully

2020-06-08 12:21:58 - [TEST_STEP][PASSED] - com.reusableComponents.HighlightElement.run(modifiedLblNm): com.reusableComponents.HighlightElement.run is PASSED

2020-06-08 12:21:59 - [MESSAGE][PASSED] - com.reusableComponents.HighlightElement.run is PASSED

2020-06-08 12:21:59 - [MESSAGE][PASSED] - Call Test Case 'Test Cases/Components/HighlightLabelIndexField' successfully

2020-06-08 12:21:59 - [TEST_STEP][PASSED] - callTestCase(findTestCase("Components/HighlightInputIndexField"), ["InputName":"reminderType", "index":1], STOP_ON_FAILURE): Call Test Case 'Test Cases/Components/HighlightInputIndexField' successfully

2020-06-08 12:21:59 - [TEST_CASE][PASSED] - Test Cases/Components/HighlightInputIndexField: Test Cases/Components/HighlightInputIndexField

2020-06-08 12:21:59 - [TEST_STEP][PASSED] - Thread.sleep(1000): null

2020-06-08 12:22:00 - [TEST_STEP][PASSED] - modifiedInputFld = modifyObjectProperty(findTestObject("Objects.HighlightElements/input_field_index"), "xpath", "equals", "(//*[contains(@class,'x-form-text') and (@name='" + InputName + "')])[" + index + "]", true): Modify property of object successfully

2020-06-08 12:22:00 - [MESSAGE][PASSED] - Modify property of object successfully

2020-06-08 12:22:00 - [TEST_STEP][PASSED] - com.reusableComponents.HighlightElement.run(modifiedInputFld): com.reusableComponents.HighlightElement.run is PASSED

2020-06-08 12:22:00 - [MESSAGE][PASSED] - com.reusableComponents.HighlightElement.run is PASSED

2020-06-08 12:22:00 - [MESSAGE][PASSED] - Call Test Case 'Test Cases/Components/HighlightInputIndexField' successfully

2020-06-08 12:22:00 - [TEST_STEP][PASSED] - callTestCase(findTestCase("PFI Precision and Scale/PFI Components with Indexing/VerifyDefaultValueIndex"), ["FieldNm":"reminderType", "index":1], STOP_ON_FAILURE): Call Test Case 'Test Cases/PFI Precision and Scale/PFI Components with Indexing/VerifyDefaultValueIndex' successfully

2020-06-08 12:22:01 - [TEST_CASE][PASSED] - Test Cases/PFI Precision and Scale/PFI Components with Indexing/VerifyDefaultValueIndex: Test Cases/PFI Precision and Scale/PFI Components with Indexing/VerifyDefaultValueIndex

2020-06-08 12:22:01 - [TEST_STEP][PASSED] - Thread.sleep(1000): null

2020-06-08 12:22:02 - [TEST_STEP][PASSED] - DefaultValueHM = ["periodType":"Working Day(s)", "noOfDays":"14", "inspWeight":"1", "inspModule":"PSI", "inspCaseType":"PSI Processing (SM)"]: null

2020-06-08 12:22:02 - [TEST_STEP][PASSED] - NewFieldNm = modifyObjectProperty(findTestObject("Object Repository/Objects.HighlightElements/input_field_index"), "xpath", "equals", "(//*[contains(@name,'" + FieldNm + "')])[" + index + "]", true): Modify property of object successfully

2020-06-08 12:22:02 - [MESSAGE][PASSED] - Modify property of object successfully

2020-06-08 12:22:02 - [TEST_STEP][PASSED] - focus(NewFieldNm): Object: 'Object Repository/Objects.HighlightElements/input_field_index' is focused

2020-06-08 12:22:02 - [MESSAGE][PASSED] - Object: 'Object Repository/Objects.HighlightElements/input_field_index' is focused

2020-06-08 12:22:02 - [TEST_STEP][PASSED] - DefVal = getAttribute(NewFieldNm, "value", STOP_ON_FAILURE): Attribute 'value' of object 'Object Repository/Objects.HighlightElements/input_field_index' is: ''

2020-06-08 12:22:02 - [MESSAGE][PASSED] - Attribute 'value' of object 'Object Repository/Objects.HighlightElements/input_field_index' is: ''

2020-06-08 12:22:02 - [TEST_STEP][PASSED] - switch (FieldNm): null

2020-06-08 12:22:02 - [TEST_STEP][PASSED] - Default: null

2020-06-08 12:22:02 - [TEST_STEP][PASSED] - ExpectedDefVal = DefaultValueHM.get(FieldNm): null

2020-06-08 12:22:02 - [TEST_STEP][PASSED] - if (ExpectedDefVal != null): null

2020-06-08 12:22:02 - [TEST_STEP][PASSED] - else: Actual text '' and expected text '' are matched  using regular expression

2020-06-08 12:22:02 - [TEST_STEP][PASSED] - verifyMatch(DefVal, "", true): Actual text '' and expected text '' are matched  using regular expression

2020-06-08 12:22:02 - [MESSAGE][PASSED] - Actual text '' and expected text '' are matched  using regular expression

2020-06-08 12:22:02 - [TEST_STEP][PASSED] - break: null

2020-06-08 12:22:02 - [MESSAGE][PASSED] - Call Test Case 'Test Cases/PFI Precision and Scale/PFI Components with Indexing/VerifyDefaultValueIndex' successfully

2020-06-08 12:22:02 - [TEST_STEP][PASSED] - callTestCase(findTestCase("PFI Precision and Scale/PFI Components with Indexing/VerifyDropdownValuesIndex"), ["FldNm":"reminderType", "CallTCName":"PFI Precision and Scale/HashMap Tables/PFILetterTemplate", "cmbNm":"Reminder", "NoOfVal":9, ... ], STOP_ON_FAILURE): Call Test Case 'Test Cases/PFI Precision and Scale/PFI Components with Indexing/VerifyDropdownValuesIndex' successfully

2020-06-08 12:22:02 - [TEST_CASE][PASSED] - Test Cases/PFI Precision and Scale/PFI Components with Indexing/VerifyDropdownValuesIndex: Test Cases/PFI Precision and Scale/PFI Components with Indexing/VerifyDropdownValuesIndex

2020-06-08 12:22:02 - [TEST_STEP][PASSED] - Thread.sleep(1000): null

2020-06-08 12:22:03 - [TEST_STEP][PASSED] - NewInputNmField = modifyObjectProperty(findTestObject("Object Repository/Objects.HighlightElements/input_field_index"), "xpath", "equals", "(//*[contains(@class,'x-form-text') and (@name='" + FldNm + "')])[" + index + "]", true): Modify property of object successfully

2020-06-08 12:22:03 - [MESSAGE][PASSED] - Modify property of object successfully

2020-06-08 12:22:03 - [TEST_STEP][PASSED] - comboNm = cmbNm: null

2020-06-08 12:22:03 - [TEST_STEP][PASSED] - focus(NewInputNmField): Object: 'Object Repository/Objects.HighlightElements/input_field_index' is focused

2020-06-08 12:22:03 - [MESSAGE][PASSED] - Object: 'Object Repository/Objects.HighlightElements/input_field_index' is focused

2020-06-08 12:22:03 - [TEST_STEP][PASSED] - setText(NewInputNmField, EnterValue): Text '' is set on object 'Object Repository/Objects.HighlightElements/input_field_index'

2020-06-08 12:22:03 - [MESSAGE][PASSED] - Text '' is set on object 'Object Repository/Objects.HighlightElements/input_field_index'

2020-06-08 12:22:03 - [TEST_STEP][PASSED] - for ([i = 1, i <= NoOfVal, (i++)]): Keys 'DOWN + ' sent to object: 'Object Repository/Objects.HighlightElements/input_field_index'

2020-06-08 12:22:03 - [TEST_STEP][PASSED] - sendKeys(NewInputNmField, Keys.chord(ARROW_DOWN)): Keys 'DOWN + ' sent to object: 'Object Repository/Objects.HighlightElements/input_field_index'

2020-06-08 12:22:03 - [MESSAGE][PASSED] - Keys 'DOWN + ' sent to object: 'Object Repository/Objects.HighlightElements/input_field_index'

2020-06-08 12:22:03 - [TEST_STEP][PASSED] - delay(DelayTime): Delayed 5 second(s)

2020-06-08 12:22:08 - [MESSAGE][PASSED] - Delayed 5 second(s)

2020-06-08 12:22:08 - [TEST_STEP][PASSED] - sendKeys(NewInputNmField, Keys.chord(ENTER)): Keys 'ENTER + ' sent to object: 'Object Repository/Objects.HighlightElements/input_field_index'

2020-06-08 12:22:09 - [MESSAGE][PASSED] - Keys 'ENTER + ' sent to object: 'Object Repository/Objects.HighlightElements/input_field_index'

2020-06-08 12:22:09 - [TEST_STEP][PASSED] - ComboBoxValue = getAttribute(NewInputNmField, "value"): Attribute 'value' of object 'Object Repository/Objects.HighlightElements/input_field_index' is: 'Ministry of Health'

2020-06-08 12:22:09 - [MESSAGE][PASSED] - Attribute 'value' of object 'Object Repository/Objects.HighlightElements/input_field_index' is: 'Ministry of Health'

2020-06-08 12:22:09 - [TEST_STEP][PASSED] - callTestCase(findTestCase(CallTCName), ["FindValue":ComboBoxValue, "DropdownNm":comboNm], STOP_ON_FAILURE): Call Test Case 'Test Cases/PFI Precision and Scale/HashMap Tables/PFILetterTemplate' successfully

2020-06-08 12:22:09 - [TEST_CASE][PASSED] - Test Cases/PFI Precision and Scale/HashMap Tables/PFILetterTemplate: Test Cases/PFI Precision and Scale/HashMap Tables/PFILetterTemplate

2020-06-08 12:22:09 - [TEST_STEP][PASSED] - PFILetterTemplateTBL = [1:["Reminder":"Ministry Of Health"], 2:["Reminder":"Reminder Free Format Letter"], 3:["Reminder":"Reminder 1 (SF_ESID_SIS/SL-REM1)"], ... ]: null

2020-06-08 12:22:09 - [TEST_STEP][PASSED] - switch (DropdownNm): null

2020-06-08 12:22:09 - [TEST_STEP][PASSED] - case "Reminder":: null

2020-06-08 12:22:09 - [TEST_STEP][PASSED] - ValueFound = PFILetterTemplateTBL.find({ -> ... }): null

2020-06-08 12:22:09 - [TEST_STEP][PASSED] - break: null

2020-06-08 12:22:09 - [MESSAGE][PASSED] - Call Test Case 'Test Cases/PFI Precision and Scale/HashMap Tables/PFILetterTemplate' successfully

2020-06-08 12:22:09 - [TEST_STEP][PASSED] - println(ValueFound): null

2020-06-08 12:22:09 - [TEST_STEP][PASSED] - sendKeys(NewInputNmField, Keys.chord(ARROW_DOWN)): Keys 'DOWN + ' sent to object: 'Object Repository/Objects.HighlightElements/input_field_index'

2020-06-08 12:22:09 - [MESSAGE][PASSED] - Keys 'DOWN + ' sent to object: 'Object Repository/Objects.HighlightElements/input_field_index'

2020-06-08 12:22:09 - [TEST_STEP][PASSED] - sendKeys(NewInputNmField, Keys.chord(ARROW_DOWN)): Keys 'DOWN + ' sent to object: 'Object Repository/Objects.HighlightElements/input_field_index'

2020-06-08 12:22:09 - [MESSAGE][PASSED] - Keys 'DOWN + ' sent to object: 'Object Repository/Objects.HighlightElements/input_field_index'

2020-06-08 12:22:09 - [TEST_STEP][PASSED] - delay(DelayTime): Delayed 5 second(s)

2020-06-08 12:22:14 - [MESSAGE][PASSED] - Delayed 5 second(s)

2020-06-08 12:22:14 - [TEST_STEP][PASSED] - sendKeys(NewInputNmField, Keys.chord(ENTER)): Keys 'ENTER + ' sent to object: 'Object Repository/Objects.HighlightElements/input_field_index'

2020-06-08 12:22:14 - [MESSAGE][PASSED] - Keys 'ENTER + ' sent to object: 'Object Repository/Objects.HighlightElements/input_field_index'

2020-06-08 12:22:14 - [TEST_STEP][PASSED] - ComboBoxValue = getAttribute(NewInputNmField, "value"): Attribute 'value' of object 'Object Repository/Objects.HighlightElements/input_field_index' is: 'Reminder Free Format Letter'

2020-06-08 12:22:14 - [MESSAGE][PASSED] - Attribute 'value' of object 'Object Repository/Objects.HighlightElements/input_field_index' is: 'Reminder Free Format Letter'

2020-06-08 12:22:14 - [TEST_STEP][PASSED] - callTestCase(findTestCase(CallTCName), ["FindValue":ComboBoxValue, "DropdownNm":comboNm], STOP_ON_FAILURE): Call Test Case 'Test Cases/PFI Precision and Scale/HashMap Tables/PFILetterTemplate' successfully

2020-06-08 12:22:14 - [TEST_CASE][PASSED] - Test Cases/PFI Precision and Scale/HashMap Tables/PFILetterTemplate: Test Cases/PFI Precision and Scale/HashMap Tables/PFILetterTemplate

2020-06-08 12:22:14 - [TEST_STEP][PASSED] - PFILetterTemplateTBL = [1:["Reminder":"Ministry Of Health"], 2:["Reminder":"Reminder Free Format Letter"], 3:["Reminder":"Reminder 1 (SF_ESID_SIS/SL-REM1)"], ... ]: null

2020-06-08 12:22:14 - [TEST_STEP][PASSED] - switch (DropdownNm): null

2020-06-08 12:22:14 - [TEST_STEP][PASSED] - case "Reminder":: null

2020-06-08 12:22:14 - [TEST_STEP][PASSED] - ValueFound = PFILetterTemplateTBL.find({ -> ... }): null

2020-06-08 12:22:14 - [TEST_STEP][PASSED] - break: null

2020-06-08 12:22:14 - [MESSAGE][PASSED] - Call Test Case 'Test Cases/PFI Precision and Scale/HashMap Tables/PFILetterTemplate' successfully

2020-06-08 12:22:14 - [TEST_STEP][PASSED] - println(ValueFound): null

2020-06-08 12:22:14 - [TEST_STEP][PASSED] - sendKeys(NewInputNmField, Keys.chord(ARROW_DOWN)): Keys 'DOWN + ' sent to object: 'Object Repository/Objects.HighlightElements/input_field_index'

2020-06-08 12:22:14 - [MESSAGE][PASSED] - Keys 'DOWN + ' sent to object: 'Object Repository/Objects.HighlightElements/input_field_index'

2020-06-08 12:22:14 - [TEST_STEP][PASSED] - sendKeys(NewInputNmField, Keys.chord(ARROW_DOWN)): Keys 'DOWN + ' sent to object: 'Object Repository/Objects.HighlightElements/input_field_index'

2020-06-08 12:22:14 - [MESSAGE][PASSED] - Keys 'DOWN + ' sent to object: 'Object Repository/Objects.HighlightElements/input_field_index'

2020-06-08 12:22:14 - [TEST_STEP][PASSED] - delay(DelayTime): Delayed 5 second(s)

2020-06-08 12:22:19 - [MESSAGE][PASSED] - Delayed 5 second(s)

2020-06-08 12:22:19 - [TEST_STEP][PASSED] - sendKeys(NewInputNmField, Keys.chord(ENTER)): Keys 'ENTER + ' sent to object: 'Object Repository/Objects.HighlightElements/input_field_index'

2020-06-08 12:22:19 - [MESSAGE][PASSED] - Keys 'ENTER + ' sent to object: 'Object Repository/Objects.HighlightElements/input_field_index'

2020-06-08 12:22:19 - [TEST_STEP][PASSED] - ComboBoxValue = getAttribute(NewInputNmField, "value"): Attribute 'value' of object 'Object Repository/Objects.HighlightElements/input_field_index' is: 'Reminder 1 (SF_ESID_SIS/SL-REM1)'

2020-06-08 12:22:19 - [MESSAGE][PASSED] - Attribute 'value' of object 'Object Repository/Objects.HighlightElements/input_field_index' is: 'Reminder 1 (SF_ESID_SIS/SL-REM1)'

2020-06-08 12:22:19 - [TEST_STEP][PASSED] - callTestCase(findTestCase(CallTCName), ["FindValue":ComboBoxValue, "DropdownNm":comboNm], STOP_ON_FAILURE): Call Test Case 'Test Cases/PFI Precision and Scale/HashMap Tables/PFILetterTemplate' successfully

2020-06-08 12:22:19 - [TEST_CASE][PASSED] - Test Cases/PFI Precision and Scale/HashMap Tables/PFILetterTemplate: Test Cases/PFI Precision and Scale/HashMap Tables/PFILetterTemplate

2020-06-08 12:22:19 - [TEST_STEP][PASSED] - PFILetterTemplateTBL = [1:["Reminder":"Ministry Of Health"], 2:["Reminder":"Reminder Free Format Letter"], 3:["Reminder":"Reminder 1 (SF_ESID_SIS/SL-REM1)"], ... ]: null

2020-06-08 12:22:19 - [TEST_STEP][PASSED] - switch (DropdownNm): null

2020-06-08 12:22:19 - [TEST_STEP][PASSED] - case "Reminder":: null

2020-06-08 12:22:19 - [TEST_STEP][PASSED] - ValueFound = PFILetterTemplateTBL.find({ -> ... }): null

2020-06-08 12:22:19 - [TEST_STEP][PASSED] - break: null

2020-06-08 12:22:19 - [MESSAGE][PASSED] - Call Test Case 'Test Cases/PFI Precision and Scale/HashMap Tables/PFILetterTemplate' successfully

2020-06-08 12:22:19 - [TEST_STEP][PASSED] - println(ValueFound): null

2020-06-08 12:22:19 - [TEST_STEP][PASSED] - sendKeys(NewInputNmField, Keys.chord(ARROW_DOWN)): Keys 'DOWN + ' sent to object: 'Object Repository/Objects.HighlightElements/input_field_index'

2020-06-08 12:22:19 - [MESSAGE][PASSED] - Keys 'DOWN + ' sent to object: 'Object Repository/Objects.HighlightElements/input_field_index'

2020-06-08 12:22:19 - [TEST_STEP][PASSED] - sendKeys(NewInputNmField, Keys.chord(ARROW_DOWN)): Keys 'DOWN + ' sent to object: 'Object Repository/Objects.HighlightElements/input_field_index'

2020-06-08 12:22:19 - [MESSAGE][PASSED] - Keys 'DOWN + ' sent to object: 'Object Repository/Objects.HighlightElements/input_field_index'

2020-06-08 12:22:19 - [TEST_STEP][PASSED] - delay(DelayTime): Delayed 5 second(s)

2020-06-08 12:22:24 - [MESSAGE][PASSED] - Delayed 5 second(s)

2020-06-08 12:22:24 - [TEST_STEP][PASSED] - sendKeys(NewInputNmField, Keys.chord(ENTER)): Keys 'ENTER + ' sent to object: 'Object Repository/Objects.HighlightElements/input_field_index'

2020-06-08 12:22:24 - [MESSAGE][PASSED] - Keys 'ENTER + ' sent to object: 'Object Repository/Objects.HighlightElements/input_field_index'

2020-06-08 12:22:24 - [TEST_STEP][PASSED] - ComboBoxValue = getAttribute(NewInputNmField, "value"): Attribute 'value' of object 'Object Repository/Objects.HighlightElements/input_field_index' is: 'Reminder 1-G (SF_ESID_SIS/SL-REM1-G)'

2020-06-08 12:22:25 - [MESSAGE][PASSED] - Attribute 'value' of object 'Object Repository/Objects.HighlightElements/input_field_index' is: 'Reminder 1-G (SF_ESID_SIS/SL-REM1-G)'

2020-06-08 12:22:25 - [TEST_STEP][PASSED] - callTestCase(findTestCase(CallTCName), ["FindValue":ComboBoxValue, "DropdownNm":comboNm], STOP_ON_FAILURE): Call Test Case 'Test Cases/PFI Precision and Scale/HashMap Tables/PFILetterTemplate' successfully

2020-06-08 12:22:25 - [TEST_CASE][PASSED] - Test Cases/PFI Precision and Scale/HashMap Tables/PFILetterTemplate: Test Cases/PFI Precision and Scale/HashMap Tables/PFILetterTemplate

2020-06-08 12:22:25 - [TEST_STEP][PASSED] - PFILetterTemplateTBL = [1:["Reminder":"Ministry Of Health"], 2:["Reminder":"Reminder Free Format Letter"], 3:["Reminder":"Reminder 1 (SF_ESID_SIS/SL-REM1)"], ... ]: null

2020-06-08 12:22:25 - [TEST_STEP][PASSED] - switch (DropdownNm): null

2020-06-08 12:22:25 - [TEST_STEP][PASSED] - case "Reminder":: null

2020-06-08 12:22:25 - [TEST_STEP][PASSED] - ValueFound = PFILetterTemplateTBL.find({ -> ... }): null

2020-06-08 12:22:25 - [TEST_STEP][PASSED] - break: null

2020-06-08 12:22:25 - [MESSAGE][PASSED] - Call Test Case 'Test Cases/PFI Precision and Scale/HashMap Tables/PFILetterTemplate' successfully

2020-06-08 12:22:25 - [TEST_STEP][PASSED] - println(ValueFound): null

2020-06-08 12:22:25 - [TEST_STEP][PASSED] - sendKeys(NewInputNmField, Keys.chord(ARROW_DOWN)): Keys 'DOWN + ' sent to object: 'Object Repository/Objects.HighlightElements/input_field_index'

2020-06-08 12:22:25 - [MESSAGE][PASSED] - Keys 'DOWN + ' sent to object: 'Object Repository/Objects.HighlightElements/input_field_index'

2020-06-08 12:22:25 - [TEST_STEP][PASSED] - sendKeys(NewInputNmField, Keys.chord(ARROW_DOWN)): Keys 'DOWN + ' sent to object: 'Object Repository/Objects.HighlightElements/input_field_index'

2020-06-08 12:22:25 - [MESSAGE][PASSED] - Keys 'DOWN + ' sent to object: 'Object Repository/Objects.HighlightElements/input_field_index'

2020-06-08 12:22:25 - [TEST_STEP][PASSED] - delay(DelayTime): Delayed 5 second(s)

2020-06-08 12:22:30 - [MESSAGE][PASSED] - Delayed 5 second(s)

2020-06-08 12:22:30 - [TEST_STEP][PASSED] - sendKeys(NewInputNmField, Keys.chord(ENTER)): Keys 'ENTER + ' sent to object: 'Object Repository/Objects.HighlightElements/input_field_index'

2020-06-08 12:22:30 - [MESSAGE][PASSED] - Keys 'ENTER + ' sent to object: 'Object Repository/Objects.HighlightElements/input_field_index'

2020-06-08 12:22:30 - [TEST_STEP][PASSED] - ComboBoxValue = getAttribute(NewInputNmField, "value"): Attribute 'value' of object 'Object Repository/Objects.HighlightElements/input_field_index' is: 'Reminder 1A (SF_ESID_SIS/SL-REM1A)'

2020-06-08 12:22:30 - [MESSAGE][PASSED] - Attribute 'value' of object 'Object Repository/Objects.HighlightElements/input_field_index' is: 'Reminder 1A (SF_ESID_SIS/SL-REM1A)'

2020-06-08 12:22:30 - [TEST_STEP][PASSED] - callTestCase(findTestCase(CallTCName), ["FindValue":ComboBoxValue, "DropdownNm":comboNm], STOP_ON_FAILURE): Call Test Case 'Test Cases/PFI Precision and Scale/HashMap Tables/PFILetterTemplate' successfully

2020-06-08 12:22:30 - [TEST_CASE][PASSED] - Test Cases/PFI Precision and Scale/HashMap Tables/PFILetterTemplate: Test Cases/PFI Precision and Scale/HashMap Tables/PFILetterTemplate

2020-06-08 12:22:30 - [TEST_STEP][PASSED] - PFILetterTemplateTBL = [1:["Reminder":"Ministry Of Health"], 2:["Reminder":"Reminder Free Format Letter"], 3:["Reminder":"Reminder 1 (SF_ESID_SIS/SL-REM1)"], ... ]: null

2020-06-08 12:22:30 - [TEST_STEP][PASSED] - switch (DropdownNm): null

2020-06-08 12:22:30 - [TEST_STEP][PASSED] - case "Reminder":: null

2020-06-08 12:22:30 - [TEST_STEP][PASSED] - ValueFound = PFILetterTemplateTBL.find({ -> ... }): null

2020-06-08 12:22:30 - [TEST_STEP][PASSED] - break: null

2020-06-08 12:22:30 - [MESSAGE][PASSED] - Call Test Case 'Test Cases/PFI Precision and Scale/HashMap Tables/PFILetterTemplate' successfully

2020-06-08 12:22:30 - [TEST_STEP][PASSED] - println(ValueFound): null

2020-06-08 12:22:30 - [TEST_STEP][PASSED] - sendKeys(NewInputNmField, Keys.chord(ARROW_DOWN)): Keys 'DOWN + ' sent to object: 'Object Repository/Objects.HighlightElements/input_field_index'

2020-06-08 12:22:30 - [MESSAGE][PASSED] - Keys 'DOWN + ' sent to object: 'Object Repository/Objects.HighlightElements/input_field_index'

2020-06-08 12:22:30 - [TEST_STEP][PASSED] - sendKeys(NewInputNmField, Keys.chord(ARROW_DOWN)): Keys 'DOWN + ' sent to object: 'Object Repository/Objects.HighlightElements/input_field_index'

2020-06-08 12:22:30 - [MESSAGE][PASSED] - Keys 'DOWN + ' sent to object: 'Object Repository/Objects.HighlightElements/input_field_index'

2020-06-08 12:22:30 - [TEST_STEP][PASSED] - delay(DelayTime): Delayed 5 second(s)

2020-06-08 12:22:35 - [MESSAGE][PASSED] - Delayed 5 second(s)

2020-06-08 12:22:35 - [TEST_STEP][PASSED] - sendKeys(NewInputNmField, Keys.chord(ENTER)): Keys 'ENTER + ' sent to object: 'Object Repository/Objects.HighlightElements/input_field_index'

2020-06-08 12:22:35 - [MESSAGE][PASSED] - Keys 'ENTER + ' sent to object: 'Object Repository/Objects.HighlightElements/input_field_index'

2020-06-08 12:22:35 - [TEST_STEP][PASSED] - ComboBoxValue = getAttribute(NewInputNmField, "value"): Attribute 'value' of object 'Object Repository/Objects.HighlightElements/input_field_index' is: 'Reminder 1-M (SF_ESID_SIS/SL-REM1-M)'

2020-06-08 12:22:35 - [MESSAGE][PASSED] - Attribute 'value' of object 'Object Repository/Objects.HighlightElements/input_field_index' is: 'Reminder 1-M (SF_ESID_SIS/SL-REM1-M)'

2020-06-08 12:22:35 - [TEST_STEP][PASSED] - callTestCase(findTestCase(CallTCName), ["FindValue":ComboBoxValue, "DropdownNm":comboNm], STOP_ON_FAILURE): Call Test Case 'Test Cases/PFI Precision and Scale/HashMap Tables/PFILetterTemplate' successfully

2020-06-08 12:22:35 - [TEST_CASE][PASSED] - Test Cases/PFI Precision and Scale/HashMap Tables/PFILetterTemplate: Test Cases/PFI Precision and Scale/HashMap Tables/PFILetterTemplate

2020-06-08 12:22:35 - [TEST_STEP][PASSED] - PFILetterTemplateTBL = [1:["Reminder":"Ministry Of Health"], 2:["Reminder":"Reminder Free Format Letter"], 3:["Reminder":"Reminder 1 (SF_ESID_SIS/SL-REM1)"], ... ]: null

2020-06-08 12:22:35 - [TEST_STEP][PASSED] - switch (DropdownNm): null

2020-06-08 12:22:35 - [TEST_STEP][PASSED] - case "Reminder":: null

2020-06-08 12:22:35 - [TEST_STEP][PASSED] - ValueFound = PFILetterTemplateTBL.find({ -> ... }): null

2020-06-08 12:22:35 - [TEST_STEP][PASSED] - break: null

2020-06-08 12:22:35 - [MESSAGE][PASSED] - Call Test Case 'Test Cases/PFI Precision and Scale/HashMap Tables/PFILetterTemplate' successfully

2020-06-08 12:22:35 - [TEST_STEP][PASSED] - println(ValueFound): null

2020-06-08 12:22:35 - [TEST_STEP][PASSED] - sendKeys(NewInputNmField, Keys.chord(ARROW_DOWN)): Keys 'DOWN + ' sent to object: 'Object Repository/Objects.HighlightElements/input_field_index'

2020-06-08 12:22:35 - [MESSAGE][PASSED] - Keys 'DOWN + ' sent to object: 'Object Repository/Objects.HighlightElements/input_field_index'

2020-06-08 12:22:35 - [TEST_STEP][PASSED] - sendKeys(NewInputNmField, Keys.chord(ARROW_DOWN)): Keys 'DOWN + ' sent to object: 'Object Repository/Objects.HighlightElements/input_field_index'

2020-06-08 12:22:35 - [MESSAGE][PASSED] - Keys 'DOWN + ' sent to object: 'Object Repository/Objects.HighlightElements/input_field_index'

2020-06-08 12:22:35 - [TEST_STEP][PASSED] - delay(DelayTime): Delayed 5 second(s)

2020-06-08 12:22:40 - [MESSAGE][PASSED] - Delayed 5 second(s)

2020-06-08 12:22:40 - [TEST_STEP][PASSED] - sendKeys(NewInputNmField, Keys.chord(ENTER)): Keys 'ENTER + ' sent to object: 'Object Repository/Objects.HighlightElements/input_field_index'

2020-06-08 12:22:40 - [MESSAGE][PASSED] - Keys 'ENTER + ' sent to object: 'Object Repository/Objects.HighlightElements/input_field_index'

2020-06-08 12:22:40 - [TEST_STEP][PASSED] - ComboBoxValue = getAttribute(NewInputNmField, "value"): Attribute 'value' of object 'Object Repository/Objects.HighlightElements/input_field_index' is: 'Reminder 1A-M (SF_ESID_SIS/SL-REM1A-M)'

2020-06-08 12:22:40 - [MESSAGE][PASSED] - Attribute 'value' of object 'Object Repository/Objects.HighlightElements/input_field_index' is: 'Reminder 1A-M (SF_ESID_SIS/SL-REM1A-M)'

2020-06-08 12:22:40 - [TEST_STEP][PASSED] - callTestCase(findTestCase(CallTCName), ["FindValue":ComboBoxValue, "DropdownNm":comboNm], STOP_ON_FAILURE): Call Test Case 'Test Cases/PFI Precision and Scale/HashMap Tables/PFILetterTemplate' successfully

2020-06-08 12:22:40 - [TEST_CASE][PASSED] - Test Cases/PFI Precision and Scale/HashMap Tables/PFILetterTemplate: Test Cases/PFI Precision and Scale/HashMap Tables/PFILetterTemplate

2020-06-08 12:22:40 - [TEST_STEP][PASSED] - PFILetterTemplateTBL = [1:["Reminder":"Ministry Of Health"], 2:["Reminder":"Reminder Free Format Letter"], 3:["Reminder":"Reminder 1 (SF_ESID_SIS/SL-REM1)"], ... ]: null

2020-06-08 12:22:40 - [TEST_STEP][PASSED] - switch (DropdownNm): null

2020-06-08 12:22:40 - [TEST_STEP][PASSED] - case "Reminder":: null

2020-06-08 12:22:40 - [TEST_STEP][PASSED] - ValueFound = PFILetterTemplateTBL.find({ -> ... }): null

2020-06-08 12:22:40 - [TEST_STEP][PASSED] - break: null

2020-06-08 12:22:40 - [MESSAGE][PASSED] - Call Test Case 'Test Cases/PFI Precision and Scale/HashMap Tables/PFILetterTemplate' successfully

2020-06-08 12:22:40 - [TEST_STEP][PASSED] - println(ValueFound): null

2020-06-08 12:22:40 - [TEST_STEP][PASSED] - sendKeys(NewInputNmField, Keys.chord(ARROW_DOWN)): Keys 'DOWN + ' sent to object: 'Object Repository/Objects.HighlightElements/input_field_index'

2020-06-08 12:22:40 - [MESSAGE][PASSED] - Keys 'DOWN + ' sent to object: 'Object Repository/Objects.HighlightElements/input_field_index'

2020-06-08 12:22:40 - [TEST_STEP][PASSED] - sendKeys(NewInputNmField, Keys.chord(ARROW_DOWN)): Keys 'DOWN + ' sent to object: 'Object Repository/Objects.HighlightElements/input_field_index'

2020-06-08 12:22:41 - [MESSAGE][PASSED] - Keys 'DOWN + ' sent to object: 'Object Repository/Objects.HighlightElements/input_field_index'

2020-06-08 12:22:41 - [TEST_STEP][PASSED] - delay(DelayTime): Delayed 5 second(s)

2020-06-08 12:22:46 - [MESSAGE][PASSED] - Delayed 5 second(s)

2020-06-08 12:22:46 - [TEST_STEP][PASSED] - sendKeys(NewInputNmField, Keys.chord(ENTER)): Keys 'ENTER + ' sent to object: 'Object Repository/Objects.HighlightElements/input_field_index'

2020-06-08 12:22:46 - [MESSAGE][PASSED] - Keys 'ENTER + ' sent to object: 'Object Repository/Objects.HighlightElements/input_field_index'

2020-06-08 12:22:46 - [TEST_STEP][PASSED] - ComboBoxValue = getAttribute(NewInputNmField, "value"): Attribute 'value' of object 'Object Repository/Objects.HighlightElements/input_field_index' is: 'Reminder 2 (SF_ESID_SIS/SL-REM2)'

2020-06-08 12:22:46 - [MESSAGE][PASSED] - Attribute 'value' of object 'Object Repository/Objects.HighlightElements/input_field_index' is: 'Reminder 2 (SF_ESID_SIS/SL-REM2)'

2020-06-08 12:22:46 - [TEST_STEP][PASSED] - callTestCase(findTestCase(CallTCName), ["FindValue":ComboBoxValue, "DropdownNm":comboNm], STOP_ON_FAILURE): Call Test Case 'Test Cases/PFI Precision and Scale/HashMap Tables/PFILetterTemplate' successfully

2020-06-08 12:22:46 - [TEST_CASE][PASSED] - Test Cases/PFI Precision and Scale/HashMap Tables/PFILetterTemplate: Test Cases/PFI Precision and Scale/HashMap Tables/PFILetterTemplate

2020-06-08 12:22:46 - [TEST_STEP][PASSED] - PFILetterTemplateTBL = [1:["Reminder":"Ministry Of Health"], 2:["Reminder":"Reminder Free Format Letter"], 3:["Reminder":"Reminder 1 (SF_ESID_SIS/SL-REM1)"], ... ]: null

2020-06-08 12:22:46 - [TEST_STEP][PASSED] - switch (DropdownNm): null

2020-06-08 12:22:46 - [TEST_STEP][PASSED] - case "Reminder":: null

2020-06-08 12:22:46 - [TEST_STEP][PASSED] - ValueFound = PFILetterTemplateTBL.find({ -> ... }): null

2020-06-08 12:22:46 - [TEST_STEP][PASSED] - break: null

2020-06-08 12:22:46 - [MESSAGE][PASSED] - Call Test Case 'Test Cases/PFI Precision and Scale/HashMap Tables/PFILetterTemplate' successfully

2020-06-08 12:22:46 - [TEST_STEP][PASSED] - println(ValueFound): null

2020-06-08 12:22:46 - [TEST_STEP][PASSED] - sendKeys(NewInputNmField, Keys.chord(ARROW_DOWN)): Keys 'DOWN + ' sent to object: 'Object Repository/Objects.HighlightElements/input_field_index'

2020-06-08 12:22:46 - [MESSAGE][PASSED] - Keys 'DOWN + ' sent to object: 'Object Repository/Objects.HighlightElements/input_field_index'

2020-06-08 12:22:46 - [TEST_STEP][PASSED] - sendKeys(NewInputNmField, Keys.chord(ARROW_DOWN)): Keys 'DOWN + ' sent to object: 'Object Repository/Objects.HighlightElements/input_field_index'

2020-06-08 12:22:46 - [MESSAGE][PASSED] - Keys 'DOWN + ' sent to object: 'Object Repository/Objects.HighlightElements/input_field_index'

2020-06-08 12:22:46 - [TEST_STEP][PASSED] - delay(DelayTime): Delayed 5 second(s)

2020-06-08 12:22:51 - [MESSAGE][PASSED] - Delayed 5 second(s)

2020-06-08 12:22:51 - [TEST_STEP][PASSED] - sendKeys(NewInputNmField, Keys.chord(ENTER)): Keys 'ENTER + ' sent to object: 'Object Repository/Objects.HighlightElements/input_field_index'

2020-06-08 12:22:51 - [MESSAGE][PASSED] - Keys 'ENTER + ' sent to object: 'Object Repository/Objects.HighlightElements/input_field_index'

2020-06-08 12:22:51 - [TEST_STEP][PASSED] - ComboBoxValue = getAttribute(NewInputNmField, "value"): Attribute 'value' of object 'Object Repository/Objects.HighlightElements/input_field_index' is: 'Reminder 2-G (SF_ESID_SIS/SL-REM2-G)'

2020-06-08 12:22:51 - [MESSAGE][PASSED] - Attribute 'value' of object 'Object Repository/Objects.HighlightElements/input_field_index' is: 'Reminder 2-G (SF_ESID_SIS/SL-REM2-G)'

2020-06-08 12:22:51 - [TEST_STEP][PASSED] - callTestCase(findTestCase(CallTCName), ["FindValue":ComboBoxValue, "DropdownNm":comboNm], STOP_ON_FAILURE): Call Test Case 'Test Cases/PFI Precision and Scale/HashMap Tables/PFILetterTemplate' successfully

2020-06-08 12:22:51 - [TEST_CASE][PASSED] - Test Cases/PFI Precision and Scale/HashMap Tables/PFILetterTemplate: Test Cases/PFI Precision and Scale/HashMap Tables/PFILetterTemplate

2020-06-08 12:22:51 - [TEST_STEP][PASSED] - PFILetterTemplateTBL = [1:["Reminder":"Ministry Of Health"], 2:["Reminder":"Reminder Free Format Letter"], 3:["Reminder":"Reminder 1 (SF_ESID_SIS/SL-REM1)"], ... ]: null

2020-06-08 12:22:51 - [TEST_STEP][PASSED] - switch (DropdownNm): null

2020-06-08 12:22:51 - [TEST_STEP][PASSED] - case "Reminder":: null

2020-06-08 12:22:51 - [TEST_STEP][PASSED] - ValueFound = PFILetterTemplateTBL.find({ -> ... }): null

2020-06-08 12:22:51 - [TEST_STEP][PASSED] - break: null

2020-06-08 12:22:51 - [MESSAGE][PASSED] - Call Test Case 'Test Cases/PFI Precision and Scale/HashMap Tables/PFILetterTemplate' successfully

2020-06-08 12:22:51 - [TEST_STEP][PASSED] - println(ValueFound): null

2020-06-08 12:22:51 - [TEST_STEP][PASSED] - sendKeys(NewInputNmField, Keys.chord(ARROW_DOWN)): Keys 'DOWN + ' sent to object: 'Object Repository/Objects.HighlightElements/input_field_index'

2020-06-08 12:22:51 - [MESSAGE][PASSED] - Keys 'DOWN + ' sent to object: 'Object Repository/Objects.HighlightElements/input_field_index'

2020-06-08 12:22:51 - [TEST_STEP][PASSED] - sendKeys(NewInputNmField, Keys.chord(ENTER)): Keys 'ENTER + ' sent to object: 'Object Repository/Objects.HighlightElements/input_field_index'

2020-06-08 12:22:51 - [MESSAGE][PASSED] - Keys 'ENTER + ' sent to object: 'Object Repository/Objects.HighlightElements/input_field_index'

2020-06-08 12:22:51 - [MESSAGE][PASSED] - Call Test Case 'Test Cases/PFI Precision and Scale/PFI Components with Indexing/VerifyDropdownValuesIndex' successfully

2020-06-08 12:22:51 - [TEST_STEP][NOT_RUN] - callTestCase(findTestCase("Components/Logout"), ["LogoutPageTextToBeVerified":findTestData("ISPS2 Test Data").getValue("HomeBanner", 1)], STOP_ON_FAILURE): NOT_RUN: callTestCase(findTestCase("Components/Logout"), ["LogoutPageTextToBeVerified":findTestData("ISPS2 Test Data").getValue("HomeBanner", 1)], STOP_ON_FAILURE)

2020-06-08 12:22:51 - [MESSAGE][NOT_RUN] - NOT_RUN: callTestCase(findTestCase("Components/Logout"), ["LogoutPageTextToBeVerified":findTestData("ISPS2 Test Data").getValue("HomeBanner", 1)], STOP_ON_FAILURE)]]></system-out>
         <system-err><![CDATA[]]></system-err>
      </testcase>
      <testcase name="Test Cases/PFI Precision and Scale/PFI Test Cases/Process Case (PFI)/PFI.RecommendLHS" time="202.95" classname="Test Cases/PFI Precision and Scale/PFI Test Cases/Process Case (PFI)/PFI.RecommendLHS" status="ERROR">
         <error type="ERROR" message="Test Cases/PFI Precision and Scale/PFI Test Cases/Process Case (PFI)/PFI.RecommendLHS FAILED.
Reason:
com.kms.katalon.core.exception.StepErrorException: Call Test Case 'Test Cases/Components/HighlightLabelFieldXPI' failed because of error(s)
	at com.kms.katalon.core.keyword.builtin.CallTestCaseKeyword$_callTestCase_closure1.doCall(CallTestCaseKeyword.groovy:66)
	at com.kms.katalon.core.keyword.builtin.CallTestCaseKeyword$_callTestCase_closure1.call(CallTestCaseKeyword.groovy)
	at com.kms.katalon.core.keyword.internal.KeywordMain.runKeyword(KeywordMain.groovy:68)
	at com.kms.katalon.core.keyword.builtin.CallTestCaseKeyword.callTestCase(CallTestCaseKeyword.groovy:81)
	at com.kms.katalon.core.keyword.builtin.CallTestCaseKeyword.execute(CallTestCaseKeyword.groovy:44)
	at com.kms.katalon.core.keyword.internal.KeywordExecutor.executeKeywordForPlatform(KeywordExecutor.groovy:72)
	at com.kms.katalon.core.keyword.BuiltinKeywords.callTestCase(BuiltinKeywords.groovy:334)
	at PFI.RecommendLHS.run(PFI.RecommendLHS:56)
	at com.kms.katalon.core.main.ScriptEngine.run(ScriptEngine.java:194)
	at com.kms.katalon.core.main.ScriptEngine.runScriptAsRawText(ScriptEngine.java:119)
	at com.kms.katalon.core.main.TestCaseExecutor.runScript(TestCaseExecutor.java:337)
	at com.kms.katalon.core.main.TestCaseExecutor.doExecute(TestCaseExecutor.java:328)
	at com.kms.katalon.core.main.TestCaseExecutor.processExecutionPhase(TestCaseExecutor.java:307)
	at com.kms.katalon.core.main.TestCaseExecutor.accessMainPhase(TestCaseExecutor.java:299)
	at com.kms.katalon.core.main.TestCaseExecutor.execute(TestCaseExecutor.java:233)
	at com.kms.katalon.core.main.TestSuiteExecutor.accessTestCaseMainPhase(TestSuiteExecutor.java:169)
	at com.kms.katalon.core.main.TestSuiteExecutor.accessTestSuiteMainPhase(TestSuiteExecutor.java:142)
	at com.kms.katalon.core.main.TestSuiteExecutor.execute(TestSuiteExecutor.java:91)
	at com.kms.katalon.core.main.TestCaseMain.startTestSuite(TestCaseMain.java:157)
	at com.kms.katalon.core.main.TestCaseMain$startTestSuite$0.call(Unknown Source)
	at TempTestSuite1591590028740.run(TempTestSuite1591590028740.groovy:36)
Caused by: org.codehaus.groovy.runtime.InvokerInvocationException: java.lang.AssertionError: Web element with id: 'Object Repository/Objects.HighlightElements/lblField_index' located by 'By.xpath: (//*[contains(@class, 'x-form-item-label-inner x-form-item-label-inner-default') and contains(., 'Recommend Type:')])[3]' not found
	at com.reusableComponents.HighlightElement.invokeMethod(HighlightElement.groovy)
	at com.kms.katalon.core.main.CustomKeywordDelegatingMetaClass.invokeStaticMethod(CustomKeywordDelegatingMetaClass.java:50)
	at HighlightLabelFieldXPI.run(HighlightLabelFieldXPI:32)
	at com.kms.katalon.core.main.ScriptEngine.run(ScriptEngine.java:194)
	at com.kms.katalon.core.main.ScriptEngine.runScriptAsRawText(ScriptEngine.java:119)
	at com.kms.katalon.core.main.TestCaseExecutor.runScript(TestCaseExecutor.java:337)
	at com.kms.katalon.core.main.TestCaseExecutor.doExecute(TestCaseExecutor.java:328)
	at com.kms.katalon.core.main.TestCaseExecutor.processExecutionPhase(TestCaseExecutor.java:307)
	at com.kms.katalon.core.main.TestCaseExecutor.accessMainPhase(TestCaseExecutor.java:299)
	at com.kms.katalon.core.main.TestCaseExecutor.execute(TestCaseExecutor.java:233)
	at com.kms.katalon.core.main.TestCaseMain.runTestCase(TestCaseMain.java:114)
	at com.kms.katalon.core.keyword.builtin.CallTestCaseKeyword$_callTestCase_closure1.doCall(CallTestCaseKeyword.groovy:59)
	... 20 more
Caused by: java.lang.AssertionError: Web element with id: 'Object Repository/Objects.HighlightElements/lblField_index' located by 'By.xpath: (//*[contains(@class, 'x-form-item-label-inner x-form-item-label-inner-default') and contains(., 'Recommend Type:')])[3]' not found
	at org.testng.Assert.fail(Assert.java:93)
	at org.testng.Assert$fail.call(Unknown Source)
	at com.reusableComponents.HighlightElement.run(HighlightElement.groovy:27)
	... 32 more
"/>
         <system-out><![CDATA[2020-06-08 12:22:51 - [TEST_CASE][ERROR] - Test Cases/PFI Precision and Scale/PFI Test Cases/Process Case (PFI)/PFI.RecommendLHS: Test Cases/PFI Precision and Scale/PFI Test Cases/Process Case (PFI)/PFI.RecommendLHS FAILED.
Reason:
com.kms.katalon.core.exception.StepErrorException: Call Test Case 'Test Cases/Components/HighlightLabelFieldXPI' failed because of error(s)
	at com.kms.katalon.core.keyword.builtin.CallTestCaseKeyword$_callTestCase_closure1.doCall(CallTestCaseKeyword.groovy:66)
	at com.kms.katalon.core.keyword.builtin.CallTestCaseKeyword$_callTestCase_closure1.call(CallTestCaseKeyword.groovy)
	at com.kms.katalon.core.keyword.internal.KeywordMain.runKeyword(KeywordMain.groovy:68)
	at com.kms.katalon.core.keyword.builtin.CallTestCaseKeyword.callTestCase(CallTestCaseKeyword.groovy:81)
	at com.kms.katalon.core.keyword.builtin.CallTestCaseKeyword.execute(CallTestCaseKeyword.groovy:44)
	at com.kms.katalon.core.keyword.internal.KeywordExecutor.executeKeywordForPlatform(KeywordExecutor.groovy:72)
	at com.kms.katalon.core.keyword.BuiltinKeywords.callTestCase(BuiltinKeywords.groovy:334)
	at PFI.RecommendLHS.run(PFI.RecommendLHS:56)
	at com.kms.katalon.core.main.ScriptEngine.run(ScriptEngine.java:194)
	at com.kms.katalon.core.main.ScriptEngine.runScriptAsRawText(ScriptEngine.java:119)
	at com.kms.katalon.core.main.TestCaseExecutor.runScript(TestCaseExecutor.java:337)
	at com.kms.katalon.core.main.TestCaseExecutor.doExecute(TestCaseExecutor.java:328)
	at com.kms.katalon.core.main.TestCaseExecutor.processExecutionPhase(TestCaseExecutor.java:307)
	at com.kms.katalon.core.main.TestCaseExecutor.accessMainPhase(TestCaseExecutor.java:299)
	at com.kms.katalon.core.main.TestCaseExecutor.execute(TestCaseExecutor.java:233)
	at com.kms.katalon.core.main.TestSuiteExecutor.accessTestCaseMainPhase(TestSuiteExecutor.java:169)
	at com.kms.katalon.core.main.TestSuiteExecutor.accessTestSuiteMainPhase(TestSuiteExecutor.java:142)
	at com.kms.katalon.core.main.TestSuiteExecutor.execute(TestSuiteExecutor.java:91)
	at com.kms.katalon.core.main.TestCaseMain.startTestSuite(TestCaseMain.java:157)
	at com.kms.katalon.core.main.TestCaseMain$startTestSuite$0.call(Unknown Source)
	at TempTestSuite1591590028740.run(TempTestSuite1591590028740.groovy:36)
Caused by: org.codehaus.groovy.runtime.InvokerInvocationException: java.lang.AssertionError: Web element with id: 'Object Repository/Objects.HighlightElements/lblField_index' located by 'By.xpath: (//*[contains(@class, 'x-form-item-label-inner x-form-item-label-inner-default') and contains(., 'Recommend Type:')])[3]' not found
	at com.reusableComponents.HighlightElement.invokeMethod(HighlightElement.groovy)
	at com.kms.katalon.core.main.CustomKeywordDelegatingMetaClass.invokeStaticMethod(CustomKeywordDelegatingMetaClass.java:50)
	at HighlightLabelFieldXPI.run(HighlightLabelFieldXPI:32)
	at com.kms.katalon.core.main.ScriptEngine.run(ScriptEngine.java:194)
	at com.kms.katalon.core.main.ScriptEngine.runScriptAsRawText(ScriptEngine.java:119)
	at com.kms.katalon.core.main.TestCaseExecutor.runScript(TestCaseExecutor.java:337)
	at com.kms.katalon.core.main.TestCaseExecutor.doExecute(TestCaseExecutor.java:328)
	at com.kms.katalon.core.main.TestCaseExecutor.processExecutionPhase(TestCaseExecutor.java:307)
	at com.kms.katalon.core.main.TestCaseExecutor.accessMainPhase(TestCaseExecutor.java:299)
	at com.kms.katalon.core.main.TestCaseExecutor.execute(TestCaseExecutor.java:233)
	at com.kms.katalon.core.main.TestCaseMain.runTestCase(TestCaseMain.java:114)
	at com.kms.katalon.core.keyword.builtin.CallTestCaseKeyword$_callTestCase_closure1.doCall(CallTestCaseKeyword.groovy:59)
	... 20 more
Caused by: java.lang.AssertionError: Web element with id: 'Object Repository/Objects.HighlightElements/lblField_index' located by 'By.xpath: (//*[contains(@class, 'x-form-item-label-inner x-form-item-label-inner-default') and contains(., 'Recommend Type:')])[3]' not found
	at org.testng.Assert.fail(Assert.java:93)
	at org.testng.Assert$fail.call(Unknown Source)
	at com.reusableComponents.HighlightElement.run(HighlightElement.groovy:27)
	... 32 more


2020-06-08 12:22:51 - [TEST_STEP][PASSED] - callTestCase(findTestCase("Components/LoginV2.0"), ["LinkToBeUsed":findTestData("ISPS2 Test Data").getValue("URL", 1), "LoginPageTextToBeVerified":findTestData("ISPS2 Test Data").getValue("HomeBanner", 1), ... ], STOP_ON_FAILURE): Call Test Case 'Test Cases/Components/LoginV2.0' successfully

2020-06-08 12:22:52 - [TEST_CASE][PASSED] - Test Cases/Components/LoginV2.0: Test Cases/Components/LoginV2.0

2020-06-08 12:22:52 - [TEST_STEP][PASSED] - openBrowser(LinkToBeUsed): Browser is opened with url: 'http://10.0.2.41:3012/isps2-prod-verify/authnz/login.do'

2020-06-08 12:22:52 - [MESSAGE][WARNING] - A browser is already opened. Closing browser and opening a new one

2020-06-08 12:22:52 - [MESSAGE][INFO] - Starting 'Edge' driver

2020-06-08 12:23:03 - [MESSAGE][PASSED] - Browser is opened with url: 'http://10.0.2.41:3012/isps2-prod-verify/authnz/login.do'

2020-06-08 12:23:03 - [TEST_STEP][PASSED] - maximizeWindow(): Current window maximized

2020-06-08 12:23:05 - [MESSAGE][PASSED] - Current window maximized

2020-06-08 12:23:05 - [TEST_STEP][PASSED] - verifyTextPresent(LoginPageTextToBeVerified, false): Text 'Sign in to ISPS2-PROD-Verify' is present on page 

2020-06-08 12:23:05 - [MESSAGE][PASSED] - Text 'Sign in to ISPS2-PROD-Verify' is present on page 

2020-06-08 12:23:05 - [TEST_STEP][PASSED] - setText(findTestObject("Objects.LoginV2.0/Login Page/input_Sign in to ISPS2-PROD-Verify_username"), Username): Text 'sysadmin' is set on object 'Object Repository/Objects.LoginV2.0/Login Page/input_Sign in to ISPS2-PROD-Verify_username'

2020-06-08 12:23:06 - [MESSAGE][PASSED] - Text 'sysadmin' is set on object 'Object Repository/Objects.LoginV2.0/Login Page/input_Sign in to ISPS2-PROD-Verify_username'

2020-06-08 12:23:06 - [TEST_STEP][PASSED] - setEncryptedText(findTestObject("Objects.LoginV2.0/Login Page/input_This field is required_password"), Password): Text ****** has been set on object 'Object Repository/Objects.LoginV2.0/Login Page/input_This field is required_password'

2020-06-08 12:23:06 - [MESSAGE][PASSED] - Text ****** has been set on object 'Object Repository/Objects.LoginV2.0/Login Page/input_This field is required_password'

2020-06-08 12:23:06 - [TEST_STEP][NOT_RUN] - setEncryptedText(findTestObject(null), Password): NOT_RUN: setEncryptedText(findTestObject(null), Password)

2020-06-08 12:23:06 - [MESSAGE][NOT_RUN] - NOT_RUN: setEncryptedText(findTestObject(null), Password)

2020-06-08 12:23:06 - [TEST_STEP][PASSED] - click(findTestObject("Objects.LoginV2.0/Login Page/div_Sign in to ISPS2-PROD-Verify_NovaGoButton-1021"), OPTIONAL): Object: 'Object Repository/Objects.LoginV2.0/Login Page/div_Sign in to ISPS2-PROD-Verify_NovaGoButton-1021' is clicked on

2020-06-08 12:23:06 - [MESSAGE][PASSED] - Object: 'Object Repository/Objects.LoginV2.0/Login Page/div_Sign in to ISPS2-PROD-Verify_NovaGoButton-1021' is clicked on

2020-06-08 12:23:06 - [TEST_STEP][PASSED] - waitForPageLoad(30): Wait for page load successfully

2020-06-08 12:23:06 - [MESSAGE][PASSED] - Wait for page load successfully

2020-06-08 12:23:06 - [TEST_STEP][PASSED] - Thread.sleep(3000): null

2020-06-08 12:23:09 - [MESSAGE][PASSED] - Call Test Case 'Test Cases/Components/LoginV2.0' successfully

2020-06-08 12:23:09 - [TEST_STEP][PASSED] - callTestCase(findTestCase("Components/NavigateToHomepageHeaders"), ["headerText":"My Tasks"], STOP_ON_FAILURE): Call Test Case 'Test Cases/Components/NavigateToHomepageHeaders' successfully

2020-06-08 12:23:09 - [TEST_CASE][PASSED] - Test Cases/Components/NavigateToHomepageHeaders: Test Cases/Components/NavigateToHomepageHeaders

2020-06-08 12:23:09 - [TEST_STEP][PASSED] - Thread.sleep(1000): null

2020-06-08 12:23:10 - [TEST_STEP][PASSED] - waitForPageLoad(30): Wait for page load successfully

2020-06-08 12:23:10 - [MESSAGE][PASSED] - Wait for page load successfully

2020-06-08 12:23:10 - [TEST_STEP][PASSED] - modifiedHeader = modifyObjectProperty(findTestObject("Objects.NavigateToHomepageHeaders/Page_ISPS2/div_Header"), "text", "equals", headerText, true): Modify property of object successfully

2020-06-08 12:23:10 - [MESSAGE][PASSED] - Modify property of object successfully

2020-06-08 12:23:10 - [TEST_STEP][PASSED] - verifyElementClickable(modifiedHeader): Object 'Object Repository/Objects.NavigateToHomepageHeaders/Page_ISPS2/div_Header' is clickable

2020-06-08 12:23:11 - [MESSAGE][PASSED] - Object 'Object Repository/Objects.NavigateToHomepageHeaders/Page_ISPS2/div_Header' is clickable

2020-06-08 12:23:11 - [TEST_STEP][PASSED] - click(modifiedHeader): Object: 'Object Repository/Objects.NavigateToHomepageHeaders/Page_ISPS2/div_Header' is clicked on

2020-06-08 12:23:11 - [MESSAGE][PASSED] - Object: 'Object Repository/Objects.NavigateToHomepageHeaders/Page_ISPS2/div_Header' is clicked on

2020-06-08 12:23:11 - [TEST_STEP][PASSED] - Thread.sleep(7000): null

2020-06-08 12:23:18 - [MESSAGE][PASSED] - Call Test Case 'Test Cases/Components/NavigateToHomepageHeaders' successfully

2020-06-08 12:23:18 - [TEST_STEP][PASSED] - callTestCase(findTestCase("Components/Filter"), ["taskDescription":"Process Case (SM)"], STOP_ON_FAILURE): Call Test Case 'Test Cases/Components/Filter' successfully

2020-06-08 12:23:18 - [TEST_CASE][PASSED] - Test Cases/Components/Filter: Test Cases/Components/Filter

2020-06-08 12:23:18 - [TEST_STEP][PASSED] - Thread.sleep(5000): null

2020-06-08 12:23:23 - [TEST_STEP][PASSED] - waitForPageLoad(180): Wait for page load successfully

2020-06-08 12:23:23 - [MESSAGE][PASSED] - Wait for page load successfully

2020-06-08 12:23:23 - [TEST_STEP][PASSED] - waitForElementNotPresent(findTestObject("Objects.Filter/Page_ISPS2/div_Loading search result Please wait"), 180): Web element with id: 'Object Repository/Objects.Filter/Page_ISPS2/div_Loading search result Please wait' located by 'By.xpath: //div[@class = 'x-mask-msg-text' and (text() = 'Loading search result. Please wait...' or . = 'Loading search result. Please wait...')]' is not present after '180' second(s)

2020-06-08 12:23:23 - [MESSAGE][PASSED] - Web element with id: 'Object Repository/Objects.Filter/Page_ISPS2/div_Loading search result Please wait' located by 'By.xpath: //div[@class = 'x-mask-msg-text' and (text() = 'Loading search result. Please wait...' or . = 'Loading search result. Please wait...')]' is not present after '180' second(s)

2020-06-08 12:23:23 - [TEST_STEP][PASSED] - click(findTestObject("Objects.Filter/Page_ISPS2/XP.Embutidooo")): Object: 'Object Repository/Objects.Filter/Page_ISPS2/XP.Embutidooo' is clicked on

2020-06-08 12:23:23 - [MESSAGE][PASSED] - Object: 'Object Repository/Objects.Filter/Page_ISPS2/XP.Embutidooo' is clicked on

2020-06-08 12:23:23 - [TEST_STEP][PASSED] - com.reusableComponents.HighlightElement.run(findTestObject("Objects.Filter/Page_ISPS2/span_Reset")): com.reusableComponents.HighlightElement.run is PASSED

2020-06-08 12:23:23 - [MESSAGE][PASSED] - com.reusableComponents.HighlightElement.run is PASSED

2020-06-08 12:23:23 - [TEST_STEP][PASSED] - click(findTestObject("Objects.Filter/Page_ISPS2/span_Reset")): Object: 'Object Repository/Objects.Filter/Page_ISPS2/span_Reset' is clicked on

2020-06-08 12:23:23 - [MESSAGE][PASSED] - Object: 'Object Repository/Objects.Filter/Page_ISPS2/span_Reset' is clicked on

2020-06-08 12:23:23 - [TEST_STEP][PASSED] - com.reusableComponents.HighlightElement.run(findTestObject("Objects.Filter/Page_ISPS2/TextBoxTaskDescription")): com.reusableComponents.HighlightElement.run is PASSED

2020-06-08 12:23:24 - [MESSAGE][PASSED] - com.reusableComponents.HighlightElement.run is PASSED

2020-06-08 12:23:24 - [TEST_STEP][PASSED] - setText(findTestObject("Objects.Filter/Page_ISPS2/TextBoxTaskDescription"), taskDescription): Text 'Process Case (SM)' is set on object 'Object Repository/Objects.Filter/Page_ISPS2/TextBoxTaskDescription'

2020-06-08 12:23:24 - [MESSAGE][PASSED] - Text 'Process Case (SM)' is set on object 'Object Repository/Objects.Filter/Page_ISPS2/TextBoxTaskDescription'

2020-06-08 12:23:24 - [TEST_STEP][PASSED] - caseType = taskDescription: null

2020-06-08 12:23:24 - [TEST_STEP][PASSED] - sendKeys(findTestObject("Objects.Filter/Page_ISPS2/TextBoxTaskDescription"), Keys.chord(ENTER)): Keys 'ENTER + ' sent to object: 'Object Repository/Objects.Filter/Page_ISPS2/TextBoxTaskDescription'

2020-06-08 12:23:24 - [MESSAGE][PASSED] - Keys 'ENTER + ' sent to object: 'Object Repository/Objects.Filter/Page_ISPS2/TextBoxTaskDescription'

2020-06-08 12:23:24 - [TEST_STEP][PASSED] - com.reusableComponents.HighlightElement.run(findTestObject("Objects.Filter/Page_ISPS2/span_Search")): com.reusableComponents.HighlightElement.run is PASSED

2020-06-08 12:23:25 - [MESSAGE][PASSED] - com.reusableComponents.HighlightElement.run is PASSED

2020-06-08 12:23:25 - [TEST_STEP][PASSED] - click(findTestObject("Objects.Filter/Page_ISPS2/span_Search")): Object: 'Object Repository/Objects.Filter/Page_ISPS2/span_Search' is clicked on

2020-06-08 12:23:25 - [MESSAGE][PASSED] - Object: 'Object Repository/Objects.Filter/Page_ISPS2/span_Search' is clicked on

2020-06-08 12:23:25 - [TEST_STEP][NOT_RUN] - verifyTextPresent("Loading search result. Please wait...", false): NOT_RUN: verifyTextPresent("Loading search result. Please wait...", false)

2020-06-08 12:23:25 - [MESSAGE][NOT_RUN] - NOT_RUN: verifyTextPresent("Loading search result. Please wait...", false)

2020-06-08 12:23:25 - [TEST_STEP][NOT_RUN] - waitForElementNotPresent(findTestObject("Objects.Filter/Page_ISPS2/div_Loading search result Please wait"), 120): NOT_RUN: waitForElementNotPresent(findTestObject("Objects.Filter/Page_ISPS2/div_Loading search result Please wait"), 120)

2020-06-08 12:23:25 - [MESSAGE][NOT_RUN] - NOT_RUN: waitForElementNotPresent(findTestObject("Objects.Filter/Page_ISPS2/div_Loading search result Please wait"), 120)

2020-06-08 12:23:25 - [TEST_STEP][PASSED] - Thread.sleep(5000): null

2020-06-08 12:23:30 - [MESSAGE][PASSED] - Call Test Case 'Test Cases/Components/Filter' successfully

2020-06-08 12:23:30 - [TEST_STEP][PASSED] - callTestCase(findTestCase("Components/ClickLinkDependingOnTextAndIndex"), ["linkName":"Process Case (SM)", "index":"3"], STOP_ON_FAILURE): Call Test Case 'Test Cases/Components/ClickLinkDependingOnTextAndIndex' successfully

2020-06-08 12:23:30 - [TEST_CASE][PASSED] - Test Cases/Components/ClickLinkDependingOnTextAndIndex: Test Cases/Components/ClickLinkDependingOnTextAndIndex

2020-06-08 12:23:30 - [TEST_STEP][PASSED] - Thread.sleep(1000): null

2020-06-08 12:23:31 - [TEST_STEP][PASSED] - println(linkName): null

2020-06-08 12:23:31 - [TEST_STEP][PASSED] - println(index): null

2020-06-08 12:23:31 - [TEST_STEP][PASSED] - modifiedLink = modifyObjectProperty(findTestObject("Objects.ClickLinkDependingOnTextAndIndex/linkToModify"), "xpath", "equals", "(//a[text()="" + linkName + ""])[" + index + "]", true): Modify property of object successfully

2020-06-08 12:23:31 - [MESSAGE][PASSED] - Modify property of object successfully

2020-06-08 12:23:31 - [TEST_STEP][PASSED] - Thread.sleep(5000): null

2020-06-08 12:23:36 - [TEST_STEP][PASSED] - com.reusableComponents.HighlightElement.run(modifiedLink): com.reusableComponents.HighlightElement.run is PASSED

2020-06-08 12:23:36 - [MESSAGE][PASSED] - com.reusableComponents.HighlightElement.run is PASSED

2020-06-08 12:23:36 - [TEST_STEP][PASSED] - click(modifiedLink): Object: 'Object Repository/Objects.ClickLinkDependingOnTextAndIndex/linkToModify' is clicked on

2020-06-08 12:23:37 - [MESSAGE][PASSED] - Object: 'Object Repository/Objects.ClickLinkDependingOnTextAndIndex/linkToModify' is clicked on

2020-06-08 12:23:37 - [MESSAGE][PASSED] - Call Test Case 'Test Cases/Components/ClickLinkDependingOnTextAndIndex' successfully

2020-06-08 12:23:37 - [TEST_STEP][PASSED] - callTestCase(findTestCase("Components/VerifyPageSuccessfullyLoaded"), ["HeaderName":"Summary"], STOP_ON_FAILURE): Call Test Case 'Test Cases/Components/VerifyPageSuccessfullyLoaded' successfully

2020-06-08 12:23:37 - [TEST_CASE][PASSED] - Test Cases/Components/VerifyPageSuccessfullyLoaded: Test Cases/Components/VerifyPageSuccessfullyLoaded

2020-06-08 12:23:37 - [TEST_STEP][PASSED] - Thread.sleep(3000): null

2020-06-08 12:23:40 - [TEST_STEP][PASSED] - ModifiedHeaderName = modifyObjectProperty(findTestObject("Objects.VerifyPageSuccessfullyLoaded/PageHeader"), "text", "equals", HeaderName, true): Modify property of object successfully

2020-06-08 12:23:40 - [MESSAGE][PASSED] - Modify property of object successfully

2020-06-08 12:23:40 - [TEST_STEP][PASSED] - verifyElementPresent(ModifiedHeaderName, 30): Object 'Object Repository/Objects.VerifyPageSuccessfullyLoaded/PageHeader' is present

2020-06-08 12:23:40 - [MESSAGE][PASSED] - Object 'Object Repository/Objects.VerifyPageSuccessfullyLoaded/PageHeader' is present

2020-06-08 12:23:40 - [TEST_STEP][PASSED] - com.reusableComponents.HighlightElement.run(ModifiedHeaderName): com.reusableComponents.HighlightElement.run is PASSED

2020-06-08 12:23:41 - [MESSAGE][PASSED] - com.reusableComponents.HighlightElement.run is PASSED

2020-06-08 12:23:41 - [MESSAGE][PASSED] - Call Test Case 'Test Cases/Components/VerifyPageSuccessfullyLoaded' successfully

2020-06-08 12:23:41 - [TEST_STEP][PASSED] - callTestCase(findTestCase("Components/NavigateToAnyLHS"), ["LHS":"Recommend"], STOP_ON_FAILURE): Call Test Case 'Test Cases/Components/NavigateToAnyLHS' successfully

2020-06-08 12:23:41 - [TEST_CASE][PASSED] - Test Cases/Components/NavigateToAnyLHS: Test Cases/Components/NavigateToAnyLHS

2020-06-08 12:23:41 - [TEST_STEP][PASSED] - Thread.sleep(1000): null

2020-06-08 12:23:42 - [TEST_STEP][PASSED] - modifiedLHS = modifyObjectProperty(findTestObject("Objects.NavigateToAnyLHS/Page_ISPS2/LHSToModify"), "text", "equals", LHS, true): Modify property of object successfully

2020-06-08 12:23:42 - [MESSAGE][PASSED] - Modify property of object successfully

2020-06-08 12:23:42 - [TEST_STEP][PASSED] - click(modifiedLHS): Object: 'Object Repository/Objects.NavigateToAnyLHS/Page_ISPS2/LHSToModify' is clicked on

2020-06-08 12:23:42 - [MESSAGE][PASSED] - Object: 'Object Repository/Objects.NavigateToAnyLHS/Page_ISPS2/LHSToModify' is clicked on

2020-06-08 12:23:42 - [TEST_STEP][PASSED] - currentLHS = getText(modifiedLHS): Text of object 'Object Repository/Objects.NavigateToAnyLHS/Page_ISPS2/LHSToModify' is: 'Recommend'

2020-06-08 12:23:42 - [MESSAGE][PASSED] - Text of object 'Object Repository/Objects.NavigateToAnyLHS/Page_ISPS2/LHSToModify' is: 'Recommend'

2020-06-08 12:23:42 - [TEST_STEP][PASSED] - Thread.sleep(5000): null

2020-06-08 12:23:47 - [MESSAGE][PASSED] - Call Test Case 'Test Cases/Components/NavigateToAnyLHS' successfully

2020-06-08 12:23:47 - [TEST_STEP][PASSED] - callTestCase(findTestCase("Components/VerifyPageSuccessfullyLoadedII"), ["PageNm":"Recommend"], STOP_ON_FAILURE): Call Test Case 'Test Cases/Components/VerifyPageSuccessfullyLoadedII' successfully

2020-06-08 12:23:48 - [TEST_CASE][PASSED] - Test Cases/Components/VerifyPageSuccessfullyLoadedII: Test Cases/Components/VerifyPageSuccessfullyLoadedII

2020-06-08 12:23:48 - [TEST_STEP][PASSED] - waitForPageLoad(5): Wait for page load successfully

2020-06-08 12:23:48 - [MESSAGE][PASSED] - Wait for page load successfully

2020-06-08 12:23:48 - [TEST_STEP][PASSED] - modifiedInputFld = modifyObjectProperty(findTestObject("Object Repository/Objects.VerifyPageSuccessfullyLoaded/PageHeaderIndex"), "xpath", "equals", "//*[contains(@class,'isps-page-title') and contains(text(),'" + PageNm + "')]", true): Modify property of object successfully

2020-06-08 12:23:48 - [MESSAGE][PASSED] - Modify property of object successfully

2020-06-08 12:23:48 - [TEST_STEP][PASSED] - com.reusableComponents.HighlightElement.run(modifiedInputFld): com.reusableComponents.HighlightElement.run is PASSED

2020-06-08 12:23:48 - [MESSAGE][PASSED] - com.reusableComponents.HighlightElement.run is PASSED

2020-06-08 12:23:48 - [MESSAGE][PASSED] - Call Test Case 'Test Cases/Components/VerifyPageSuccessfullyLoadedII' successfully

2020-06-08 12:23:48 - [TEST_STEP][PASSED] - callTestCase(findTestCase("Components/HighlightLabelFieldXPI"), ["LblName":"Recommend To", "index":1], STOP_ON_FAILURE): Call Test Case 'Test Cases/Components/HighlightLabelFieldXPI' successfully

2020-06-08 12:23:48 - [TEST_CASE][PASSED] - Test Cases/Components/HighlightLabelFieldXPI: Test Cases/Components/HighlightLabelFieldXPI

2020-06-08 12:23:48 - [TEST_STEP][PASSED] - Thread.sleep(1000): null

2020-06-08 12:23:49 - [TEST_STEP][PASSED] - modifiedLblNm = modifyObjectProperty(findTestObject("Object Repository/Objects.HighlightElements/lblField_index"), "xpath", "equals", "(//*[contains(@class, 'x-form-item-label-inner x-form-item-label-inner-default') and contains(., '" + LblName + "')])[" + index + "]", true): Modify property of object successfully

2020-06-08 12:23:49 - [MESSAGE][PASSED] - Modify property of object successfully

2020-06-08 12:23:49 - [TEST_STEP][PASSED] - com.reusableComponents.HighlightElement.run(modifiedLblNm): com.reusableComponents.HighlightElement.run is PASSED

2020-06-08 12:23:50 - [MESSAGE][PASSED] - com.reusableComponents.HighlightElement.run is PASSED

2020-06-08 12:23:50 - [MESSAGE][PASSED] - Call Test Case 'Test Cases/Components/HighlightLabelFieldXPI' successfully

2020-06-08 12:23:50 - [TEST_STEP][PASSED] - callTestCase(findTestCase("Components/HighlightInputIndexField"), ["InputName":"psiRecommendTo", "index":1], STOP_ON_FAILURE): Call Test Case 'Test Cases/Components/HighlightInputIndexField' successfully

2020-06-08 12:23:50 - [TEST_CASE][PASSED] - Test Cases/Components/HighlightInputIndexField: Test Cases/Components/HighlightInputIndexField

2020-06-08 12:23:50 - [TEST_STEP][PASSED] - Thread.sleep(1000): null

2020-06-08 12:23:51 - [TEST_STEP][PASSED] - modifiedInputFld = modifyObjectProperty(findTestObject("Objects.HighlightElements/input_field_index"), "xpath", "equals", "(//*[contains(@class,'x-form-text') and (@name='" + InputName + "')])[" + index + "]", true): Modify property of object successfully

2020-06-08 12:23:51 - [MESSAGE][PASSED] - Modify property of object successfully

2020-06-08 12:23:51 - [TEST_STEP][PASSED] - com.reusableComponents.HighlightElement.run(modifiedInputFld): com.reusableComponents.HighlightElement.run is PASSED

2020-06-08 12:23:51 - [MESSAGE][PASSED] - com.reusableComponents.HighlightElement.run is PASSED

2020-06-08 12:23:51 - [MESSAGE][PASSED] - Call Test Case 'Test Cases/Components/HighlightInputIndexField' successfully

2020-06-08 12:23:51 - [TEST_STEP][PASSED] - callTestCase(findTestCase("PFI Precision and Scale/PFI Components with Indexing/VerifyDropdownValuesIndex"), ["FldNm":"psiRecommendTo", "CallTCName":"PFI Precision and Scale/HashMap Tables/OfficerLists", "cmbNm":"", "NoOfVal":27, "DelayTime":3, ... ], STOP_ON_FAILURE): Call Test Case 'Test Cases/PFI Precision and Scale/PFI Components with Indexing/VerifyDropdownValuesIndex' successfully

2020-06-08 12:23:51 - [TEST_CASE][PASSED] - Test Cases/PFI Precision and Scale/PFI Components with Indexing/VerifyDropdownValuesIndex: Test Cases/PFI Precision and Scale/PFI Components with Indexing/VerifyDropdownValuesIndex

2020-06-08 12:23:51 - [TEST_STEP][PASSED] - Thread.sleep(1000): null

2020-06-08 12:23:52 - [TEST_STEP][PASSED] - NewInputNmField = modifyObjectProperty(findTestObject("Object Repository/Objects.HighlightElements/input_field_index"), "xpath", "equals", "(//*[contains(@class,'x-form-text') and (@name='" + FldNm + "')])[" + index + "]", true): Modify property of object successfully

2020-06-08 12:23:52 - [MESSAGE][PASSED] - Modify property of object successfully

2020-06-08 12:23:52 - [TEST_STEP][PASSED] - comboNm = cmbNm: null

2020-06-08 12:23:52 - [TEST_STEP][PASSED] - focus(NewInputNmField): Object: 'Object Repository/Objects.HighlightElements/input_field_index' is focused

2020-06-08 12:23:52 - [MESSAGE][PASSED] - Object: 'Object Repository/Objects.HighlightElements/input_field_index' is focused

2020-06-08 12:23:52 - [TEST_STEP][PASSED] - setText(NewInputNmField, EnterValue): Text '' is set on object 'Object Repository/Objects.HighlightElements/input_field_index'

2020-06-08 12:23:53 - [MESSAGE][PASSED] - Text '' is set on object 'Object Repository/Objects.HighlightElements/input_field_index'

2020-06-08 12:23:53 - [TEST_STEP][PASSED] - for ([i = 1, i <= NoOfVal, (i++)]): Keys 'DOWN + ' sent to object: 'Object Repository/Objects.HighlightElements/input_field_index'

2020-06-08 12:23:53 - [TEST_STEP][PASSED] - sendKeys(NewInputNmField, Keys.chord(ARROW_DOWN)): Keys 'DOWN + ' sent to object: 'Object Repository/Objects.HighlightElements/input_field_index'

2020-06-08 12:23:53 - [MESSAGE][PASSED] - Keys 'DOWN + ' sent to object: 'Object Repository/Objects.HighlightElements/input_field_index'

2020-06-08 12:23:53 - [TEST_STEP][PASSED] - delay(DelayTime): Delayed 3 second(s)

2020-06-08 12:23:56 - [MESSAGE][PASSED] - Delayed 3 second(s)

2020-06-08 12:23:56 - [TEST_STEP][PASSED] - sendKeys(NewInputNmField, Keys.chord(ENTER)): Keys 'ENTER + ' sent to object: 'Object Repository/Objects.HighlightElements/input_field_index'

2020-06-08 12:23:56 - [MESSAGE][PASSED] - Keys 'ENTER + ' sent to object: 'Object Repository/Objects.HighlightElements/input_field_index'

2020-06-08 12:23:56 - [TEST_STEP][PASSED] - ComboBoxValue = getAttribute(NewInputNmField, "value"): Attribute 'value' of object 'Object Repository/Objects.HighlightElements/input_field_index' is: 'Aaron Sham Wai Lun (AARON)'

2020-06-08 12:23:56 - [MESSAGE][PASSED] - Attribute 'value' of object 'Object Repository/Objects.HighlightElements/input_field_index' is: 'Aaron Sham Wai Lun (AARON)'

2020-06-08 12:23:56 - [TEST_STEP][PASSED] - callTestCase(findTestCase(CallTCName), ["FindValue":ComboBoxValue, "DropdownNm":comboNm], STOP_ON_FAILURE): Call Test Case 'Test Cases/PFI Precision and Scale/HashMap Tables/OfficerLists' successfully

2020-06-08 12:23:56 - [TEST_CASE][PASSED] - Test Cases/PFI Precision and Scale/HashMap Tables/OfficerLists: Test Cases/PFI Precision and Scale/HashMap Tables/OfficerLists

2020-06-08 12:23:56 - [TEST_STEP][PASSED] - Thread.sleep(1000): null

2020-06-08 12:23:57 - [TEST_STEP][PASSED] - OfficerLists = [1:"Aaron Sham Wai Lun (AARON)", 2:"Azidah Bte Akmad (Mdm) (USAABD)", 3:"Chung Fong Nyen (USACFN)", 4:"David Tey Dah Wei (DAHWEI)", ... ]: null

2020-06-08 12:23:57 - [TEST_STEP][PASSED] - ValueFound = OfficerLists.find({ -> ... }): null

2020-06-08 12:23:57 - [MESSAGE][PASSED] - Call Test Case 'Test Cases/PFI Precision and Scale/HashMap Tables/OfficerLists' successfully

2020-06-08 12:23:57 - [TEST_STEP][PASSED] - println(ValueFound): null

2020-06-08 12:23:57 - [TEST_STEP][PASSED] - sendKeys(NewInputNmField, Keys.chord(ARROW_DOWN)): Keys 'DOWN + ' sent to object: 'Object Repository/Objects.HighlightElements/input_field_index'

2020-06-08 12:23:57 - [MESSAGE][PASSED] - Keys 'DOWN + ' sent to object: 'Object Repository/Objects.HighlightElements/input_field_index'

2020-06-08 12:23:57 - [TEST_STEP][PASSED] - sendKeys(NewInputNmField, Keys.chord(ARROW_DOWN)): Keys 'DOWN + ' sent to object: 'Object Repository/Objects.HighlightElements/input_field_index'

2020-06-08 12:23:57 - [MESSAGE][PASSED] - Keys 'DOWN + ' sent to object: 'Object Repository/Objects.HighlightElements/input_field_index'

2020-06-08 12:23:57 - [TEST_STEP][PASSED] - delay(DelayTime): Delayed 3 second(s)

2020-06-08 12:24:00 - [MESSAGE][PASSED] - Delayed 3 second(s)

2020-06-08 12:24:00 - [TEST_STEP][PASSED] - sendKeys(NewInputNmField, Keys.chord(ENTER)): Keys 'ENTER + ' sent to object: 'Object Repository/Objects.HighlightElements/input_field_index'

2020-06-08 12:24:00 - [MESSAGE][PASSED] - Keys 'ENTER + ' sent to object: 'Object Repository/Objects.HighlightElements/input_field_index'

2020-06-08 12:24:00 - [TEST_STEP][PASSED] - ComboBoxValue = getAttribute(NewInputNmField, "value"): Attribute 'value' of object 'Object Repository/Objects.HighlightElements/input_field_index' is: 'Azidah Bte Akmad (Mdm) (USAABD)'

2020-06-08 12:24:00 - [MESSAGE][PASSED] - Attribute 'value' of object 'Object Repository/Objects.HighlightElements/input_field_index' is: 'Azidah Bte Akmad (Mdm) (USAABD)'

2020-06-08 12:24:00 - [TEST_STEP][PASSED] - callTestCase(findTestCase(CallTCName), ["FindValue":ComboBoxValue, "DropdownNm":comboNm], STOP_ON_FAILURE): Call Test Case 'Test Cases/PFI Precision and Scale/HashMap Tables/OfficerLists' successfully

2020-06-08 12:24:00 - [TEST_CASE][PASSED] - Test Cases/PFI Precision and Scale/HashMap Tables/OfficerLists: Test Cases/PFI Precision and Scale/HashMap Tables/OfficerLists

2020-06-08 12:24:00 - [TEST_STEP][PASSED] - Thread.sleep(1000): null

2020-06-08 12:24:01 - [TEST_STEP][PASSED] - OfficerLists = [1:"Aaron Sham Wai Lun (AARON)", 2:"Azidah Bte Akmad (Mdm) (USAABD)", 3:"Chung Fong Nyen (USACFN)", 4:"David Tey Dah Wei (DAHWEI)", ... ]: null

2020-06-08 12:24:01 - [TEST_STEP][PASSED] - ValueFound = OfficerLists.find({ -> ... }): null

2020-06-08 12:24:01 - [MESSAGE][PASSED] - Call Test Case 'Test Cases/PFI Precision and Scale/HashMap Tables/OfficerLists' successfully

2020-06-08 12:24:01 - [TEST_STEP][PASSED] - println(ValueFound): null

2020-06-08 12:24:01 - [TEST_STEP][PASSED] - sendKeys(NewInputNmField, Keys.chord(ARROW_DOWN)): Keys 'DOWN + ' sent to object: 'Object Repository/Objects.HighlightElements/input_field_index'

2020-06-08 12:24:01 - [MESSAGE][PASSED] - Keys 'DOWN + ' sent to object: 'Object Repository/Objects.HighlightElements/input_field_index'

2020-06-08 12:24:01 - [TEST_STEP][PASSED] - sendKeys(NewInputNmField, Keys.chord(ARROW_DOWN)): Keys 'DOWN + ' sent to object: 'Object Repository/Objects.HighlightElements/input_field_index'

2020-06-08 12:24:01 - [MESSAGE][PASSED] - Keys 'DOWN + ' sent to object: 'Object Repository/Objects.HighlightElements/input_field_index'

2020-06-08 12:24:01 - [TEST_STEP][PASSED] - delay(DelayTime): Delayed 3 second(s)

2020-06-08 12:24:04 - [MESSAGE][PASSED] - Delayed 3 second(s)

2020-06-08 12:24:04 - [TEST_STEP][PASSED] - sendKeys(NewInputNmField, Keys.chord(ENTER)): Keys 'ENTER + ' sent to object: 'Object Repository/Objects.HighlightElements/input_field_index'

2020-06-08 12:24:04 - [MESSAGE][PASSED] - Keys 'ENTER + ' sent to object: 'Object Repository/Objects.HighlightElements/input_field_index'

2020-06-08 12:24:04 - [TEST_STEP][PASSED] - ComboBoxValue = getAttribute(NewInputNmField, "value"): Attribute 'value' of object 'Object Repository/Objects.HighlightElements/input_field_index' is: 'Chua Bee Tee (BEETEE)'

2020-06-08 12:24:04 - [MESSAGE][PASSED] - Attribute 'value' of object 'Object Repository/Objects.HighlightElements/input_field_index' is: 'Chua Bee Tee (BEETEE)'

2020-06-08 12:24:04 - [TEST_STEP][PASSED] - callTestCase(findTestCase(CallTCName), ["FindValue":ComboBoxValue, "DropdownNm":comboNm], STOP_ON_FAILURE): Call Test Case 'Test Cases/PFI Precision and Scale/HashMap Tables/OfficerLists' successfully

2020-06-08 12:24:04 - [TEST_CASE][PASSED] - Test Cases/PFI Precision and Scale/HashMap Tables/OfficerLists: Test Cases/PFI Precision and Scale/HashMap Tables/OfficerLists

2020-06-08 12:24:04 - [TEST_STEP][PASSED] - Thread.sleep(1000): null

2020-06-08 12:24:05 - [TEST_STEP][PASSED] - OfficerLists = [1:"Aaron Sham Wai Lun (AARON)", 2:"Azidah Bte Akmad (Mdm) (USAABD)", 3:"Chung Fong Nyen (USACFN)", 4:"David Tey Dah Wei (DAHWEI)", ... ]: null

2020-06-08 12:24:05 - [TEST_STEP][PASSED] - ValueFound = OfficerLists.find({ -> ... }): null

2020-06-08 12:24:05 - [MESSAGE][PASSED] - Call Test Case 'Test Cases/PFI Precision and Scale/HashMap Tables/OfficerLists' successfully

2020-06-08 12:24:05 - [TEST_STEP][PASSED] - println(ValueFound): null

2020-06-08 12:24:05 - [TEST_STEP][PASSED] - sendKeys(NewInputNmField, Keys.chord(ARROW_DOWN)): Keys 'DOWN + ' sent to object: 'Object Repository/Objects.HighlightElements/input_field_index'

2020-06-08 12:24:06 - [MESSAGE][PASSED] - Keys 'DOWN + ' sent to object: 'Object Repository/Objects.HighlightElements/input_field_index'

2020-06-08 12:24:06 - [TEST_STEP][PASSED] - sendKeys(NewInputNmField, Keys.chord(ARROW_DOWN)): Keys 'DOWN + ' sent to object: 'Object Repository/Objects.HighlightElements/input_field_index'

2020-06-08 12:24:06 - [MESSAGE][PASSED] - Keys 'DOWN + ' sent to object: 'Object Repository/Objects.HighlightElements/input_field_index'

2020-06-08 12:24:06 - [TEST_STEP][PASSED] - delay(DelayTime): Delayed 3 second(s)

2020-06-08 12:24:09 - [MESSAGE][PASSED] - Delayed 3 second(s)

2020-06-08 12:24:09 - [TEST_STEP][PASSED] - sendKeys(NewInputNmField, Keys.chord(ENTER)): Keys 'ENTER + ' sent to object: 'Object Repository/Objects.HighlightElements/input_field_index'

2020-06-08 12:24:09 - [MESSAGE][PASSED] - Keys 'ENTER + ' sent to object: 'Object Repository/Objects.HighlightElements/input_field_index'

2020-06-08 12:24:09 - [TEST_STEP][PASSED] - ComboBoxValue = getAttribute(NewInputNmField, "value"): Attribute 'value' of object 'Object Repository/Objects.HighlightElements/input_field_index' is: 'Chung Fong Nyen (USACFN)'

2020-06-08 12:24:09 - [MESSAGE][PASSED] - Attribute 'value' of object 'Object Repository/Objects.HighlightElements/input_field_index' is: 'Chung Fong Nyen (USACFN)'

2020-06-08 12:24:09 - [TEST_STEP][PASSED] - callTestCase(findTestCase(CallTCName), ["FindValue":ComboBoxValue, "DropdownNm":comboNm], STOP_ON_FAILURE): Call Test Case 'Test Cases/PFI Precision and Scale/HashMap Tables/OfficerLists' successfully

2020-06-08 12:24:09 - [TEST_CASE][PASSED] - Test Cases/PFI Precision and Scale/HashMap Tables/OfficerLists: Test Cases/PFI Precision and Scale/HashMap Tables/OfficerLists

2020-06-08 12:24:09 - [TEST_STEP][PASSED] - Thread.sleep(1000): null

2020-06-08 12:24:10 - [TEST_STEP][PASSED] - OfficerLists = [1:"Aaron Sham Wai Lun (AARON)", 2:"Azidah Bte Akmad (Mdm) (USAABD)", 3:"Chung Fong Nyen (USACFN)", 4:"David Tey Dah Wei (DAHWEI)", ... ]: null

2020-06-08 12:24:10 - [TEST_STEP][PASSED] - ValueFound = OfficerLists.find({ -> ... }): null

2020-06-08 12:24:10 - [MESSAGE][PASSED] - Call Test Case 'Test Cases/PFI Precision and Scale/HashMap Tables/OfficerLists' successfully

2020-06-08 12:24:10 - [TEST_STEP][PASSED] - println(ValueFound): null

2020-06-08 12:24:10 - [TEST_STEP][PASSED] - sendKeys(NewInputNmField, Keys.chord(ARROW_DOWN)): Keys 'DOWN + ' sent to object: 'Object Repository/Objects.HighlightElements/input_field_index'

2020-06-08 12:24:10 - [MESSAGE][PASSED] - Keys 'DOWN + ' sent to object: 'Object Repository/Objects.HighlightElements/input_field_index'

2020-06-08 12:24:10 - [TEST_STEP][PASSED] - sendKeys(NewInputNmField, Keys.chord(ARROW_DOWN)): Keys 'DOWN + ' sent to object: 'Object Repository/Objects.HighlightElements/input_field_index'

2020-06-08 12:24:10 - [MESSAGE][PASSED] - Keys 'DOWN + ' sent to object: 'Object Repository/Objects.HighlightElements/input_field_index'

2020-06-08 12:24:10 - [TEST_STEP][PASSED] - delay(DelayTime): Delayed 3 second(s)

2020-06-08 12:24:13 - [MESSAGE][PASSED] - Delayed 3 second(s)

2020-06-08 12:24:13 - [TEST_STEP][PASSED] - sendKeys(NewInputNmField, Keys.chord(ENTER)): Keys 'ENTER + ' sent to object: 'Object Repository/Objects.HighlightElements/input_field_index'

2020-06-08 12:24:13 - [MESSAGE][PASSED] - Keys 'ENTER + ' sent to object: 'Object Repository/Objects.HighlightElements/input_field_index'

2020-06-08 12:24:13 - [TEST_STEP][PASSED] - ComboBoxValue = getAttribute(NewInputNmField, "value"): Attribute 'value' of object 'Object Repository/Objects.HighlightElements/input_field_index' is: 'David Tey Dah Wei (DAHWEI)'

2020-06-08 12:24:13 - [MESSAGE][PASSED] - Attribute 'value' of object 'Object Repository/Objects.HighlightElements/input_field_index' is: 'David Tey Dah Wei (DAHWEI)'

2020-06-08 12:24:13 - [TEST_STEP][PASSED] - callTestCase(findTestCase(CallTCName), ["FindValue":ComboBoxValue, "DropdownNm":comboNm], STOP_ON_FAILURE): Call Test Case 'Test Cases/PFI Precision and Scale/HashMap Tables/OfficerLists' successfully

2020-06-08 12:24:13 - [TEST_CASE][PASSED] - Test Cases/PFI Precision and Scale/HashMap Tables/OfficerLists: Test Cases/PFI Precision and Scale/HashMap Tables/OfficerLists

2020-06-08 12:24:13 - [TEST_STEP][PASSED] - Thread.sleep(1000): null

2020-06-08 12:24:14 - [TEST_STEP][PASSED] - OfficerLists = [1:"Aaron Sham Wai Lun (AARON)", 2:"Azidah Bte Akmad (Mdm) (USAABD)", 3:"Chung Fong Nyen (USACFN)", 4:"David Tey Dah Wei (DAHWEI)", ... ]: null

2020-06-08 12:24:14 - [TEST_STEP][PASSED] - ValueFound = OfficerLists.find({ -> ... }): null

2020-06-08 12:24:14 - [MESSAGE][PASSED] - Call Test Case 'Test Cases/PFI Precision and Scale/HashMap Tables/OfficerLists' successfully

2020-06-08 12:24:14 - [TEST_STEP][PASSED] - println(ValueFound): null

2020-06-08 12:24:14 - [TEST_STEP][PASSED] - sendKeys(NewInputNmField, Keys.chord(ARROW_DOWN)): Keys 'DOWN + ' sent to object: 'Object Repository/Objects.HighlightElements/input_field_index'

2020-06-08 12:24:14 - [MESSAGE][PASSED] - Keys 'DOWN + ' sent to object: 'Object Repository/Objects.HighlightElements/input_field_index'

2020-06-08 12:24:14 - [TEST_STEP][PASSED] - sendKeys(NewInputNmField, Keys.chord(ARROW_DOWN)): Keys 'DOWN + ' sent to object: 'Object Repository/Objects.HighlightElements/input_field_index'

2020-06-08 12:24:14 - [MESSAGE][PASSED] - Keys 'DOWN + ' sent to object: 'Object Repository/Objects.HighlightElements/input_field_index'

2020-06-08 12:24:14 - [TEST_STEP][PASSED] - delay(DelayTime): Delayed 3 second(s)

2020-06-08 12:24:17 - [MESSAGE][PASSED] - Delayed 3 second(s)

2020-06-08 12:24:17 - [TEST_STEP][PASSED] - sendKeys(NewInputNmField, Keys.chord(ENTER)): Keys 'ENTER + ' sent to object: 'Object Repository/Objects.HighlightElements/input_field_index'

2020-06-08 12:24:17 - [MESSAGE][PASSED] - Keys 'ENTER + ' sent to object: 'Object Repository/Objects.HighlightElements/input_field_index'

2020-06-08 12:24:17 - [TEST_STEP][PASSED] - ComboBoxValue = getAttribute(NewInputNmField, "value"): Attribute 'value' of object 'Object Repository/Objects.HighlightElements/input_field_index' is: 'Han Wann Kuang (WANNKUANG)'

2020-06-08 12:24:17 - [MESSAGE][PASSED] - Attribute 'value' of object 'Object Repository/Objects.HighlightElements/input_field_index' is: 'Han Wann Kuang (WANNKUANG)'

2020-06-08 12:24:17 - [TEST_STEP][PASSED] - callTestCase(findTestCase(CallTCName), ["FindValue":ComboBoxValue, "DropdownNm":comboNm], STOP_ON_FAILURE): Call Test Case 'Test Cases/PFI Precision and Scale/HashMap Tables/OfficerLists' successfully

2020-06-08 12:24:17 - [TEST_CASE][PASSED] - Test Cases/PFI Precision and Scale/HashMap Tables/OfficerLists: Test Cases/PFI Precision and Scale/HashMap Tables/OfficerLists

2020-06-08 12:24:17 - [TEST_STEP][PASSED] - Thread.sleep(1000): null

2020-06-08 12:24:18 - [TEST_STEP][PASSED] - OfficerLists = [1:"Aaron Sham Wai Lun (AARON)", 2:"Azidah Bte Akmad (Mdm) (USAABD)", 3:"Chung Fong Nyen (USACFN)", 4:"David Tey Dah Wei (DAHWEI)", ... ]: null

2020-06-08 12:24:18 - [TEST_STEP][PASSED] - ValueFound = OfficerLists.find({ -> ... }): null

2020-06-08 12:24:18 - [MESSAGE][PASSED] - Call Test Case 'Test Cases/PFI Precision and Scale/HashMap Tables/OfficerLists' successfully

2020-06-08 12:24:18 - [TEST_STEP][PASSED] - println(ValueFound): null

2020-06-08 12:24:18 - [TEST_STEP][PASSED] - sendKeys(NewInputNmField, Keys.chord(ARROW_DOWN)): Keys 'DOWN + ' sent to object: 'Object Repository/Objects.HighlightElements/input_field_index'

2020-06-08 12:24:18 - [MESSAGE][PASSED] - Keys 'DOWN + ' sent to object: 'Object Repository/Objects.HighlightElements/input_field_index'

2020-06-08 12:24:18 - [TEST_STEP][PASSED] - sendKeys(NewInputNmField, Keys.chord(ARROW_DOWN)): Keys 'DOWN + ' sent to object: 'Object Repository/Objects.HighlightElements/input_field_index'

2020-06-08 12:24:18 - [MESSAGE][PASSED] - Keys 'DOWN + ' sent to object: 'Object Repository/Objects.HighlightElements/input_field_index'

2020-06-08 12:24:18 - [TEST_STEP][PASSED] - delay(DelayTime): Delayed 3 second(s)

2020-06-08 12:24:21 - [MESSAGE][PASSED] - Delayed 3 second(s)

2020-06-08 12:24:21 - [TEST_STEP][PASSED] - sendKeys(NewInputNmField, Keys.chord(ENTER)): Keys 'ENTER + ' sent to object: 'Object Repository/Objects.HighlightElements/input_field_index'

2020-06-08 12:24:21 - [MESSAGE][PASSED] - Keys 'ENTER + ' sent to object: 'Object Repository/Objects.HighlightElements/input_field_index'

2020-06-08 12:24:21 - [TEST_STEP][PASSED] - ComboBoxValue = getAttribute(NewInputNmField, "value"): Attribute 'value' of object 'Object Repository/Objects.HighlightElements/input_field_index' is: 'Ho Tze Siang (TZESIANG)'

2020-06-08 12:24:21 - [MESSAGE][PASSED] - Attribute 'value' of object 'Object Repository/Objects.HighlightElements/input_field_index' is: 'Ho Tze Siang (TZESIANG)'

2020-06-08 12:24:21 - [TEST_STEP][PASSED] - callTestCase(findTestCase(CallTCName), ["FindValue":ComboBoxValue, "DropdownNm":comboNm], STOP_ON_FAILURE): Call Test Case 'Test Cases/PFI Precision and Scale/HashMap Tables/OfficerLists' successfully

2020-06-08 12:24:22 - [TEST_CASE][PASSED] - Test Cases/PFI Precision and Scale/HashMap Tables/OfficerLists: Test Cases/PFI Precision and Scale/HashMap Tables/OfficerLists

2020-06-08 12:24:22 - [TEST_STEP][PASSED] - Thread.sleep(1000): null

2020-06-08 12:24:23 - [TEST_STEP][PASSED] - OfficerLists = [1:"Aaron Sham Wai Lun (AARON)", 2:"Azidah Bte Akmad (Mdm) (USAABD)", 3:"Chung Fong Nyen (USACFN)", 4:"David Tey Dah Wei (DAHWEI)", ... ]: null

2020-06-08 12:24:23 - [TEST_STEP][PASSED] - ValueFound = OfficerLists.find({ -> ... }): null

2020-06-08 12:24:23 - [MESSAGE][PASSED] - Call Test Case 'Test Cases/PFI Precision and Scale/HashMap Tables/OfficerLists' successfully

2020-06-08 12:24:23 - [TEST_STEP][PASSED] - println(ValueFound): null

2020-06-08 12:24:23 - [TEST_STEP][PASSED] - sendKeys(NewInputNmField, Keys.chord(ARROW_DOWN)): Keys 'DOWN + ' sent to object: 'Object Repository/Objects.HighlightElements/input_field_index'

2020-06-08 12:24:23 - [MESSAGE][PASSED] - Keys 'DOWN + ' sent to object: 'Object Repository/Objects.HighlightElements/input_field_index'

2020-06-08 12:24:23 - [TEST_STEP][PASSED] - sendKeys(NewInputNmField, Keys.chord(ARROW_DOWN)): Keys 'DOWN + ' sent to object: 'Object Repository/Objects.HighlightElements/input_field_index'

2020-06-08 12:24:23 - [MESSAGE][PASSED] - Keys 'DOWN + ' sent to object: 'Object Repository/Objects.HighlightElements/input_field_index'

2020-06-08 12:24:23 - [TEST_STEP][PASSED] - delay(DelayTime): Delayed 3 second(s)

2020-06-08 12:24:26 - [MESSAGE][PASSED] - Delayed 3 second(s)

2020-06-08 12:24:26 - [TEST_STEP][PASSED] - sendKeys(NewInputNmField, Keys.chord(ENTER)): Keys 'ENTER + ' sent to object: 'Object Repository/Objects.HighlightElements/input_field_index'

2020-06-08 12:24:26 - [MESSAGE][PASSED] - Keys 'ENTER + ' sent to object: 'Object Repository/Objects.HighlightElements/input_field_index'

2020-06-08 12:24:26 - [TEST_STEP][PASSED] - ComboBoxValue = getAttribute(NewInputNmField, "value"): Attribute 'value' of object 'Object Repository/Objects.HighlightElements/input_field_index' is: 'Ho-Chan Vun Ching (USAHVC)'

2020-06-08 12:24:26 - [MESSAGE][PASSED] - Attribute 'value' of object 'Object Repository/Objects.HighlightElements/input_field_index' is: 'Ho-Chan Vun Ching (USAHVC)'

2020-06-08 12:24:26 - [TEST_STEP][PASSED] - callTestCase(findTestCase(CallTCName), ["FindValue":ComboBoxValue, "DropdownNm":comboNm], STOP_ON_FAILURE): Call Test Case 'Test Cases/PFI Precision and Scale/HashMap Tables/OfficerLists' successfully

2020-06-08 12:24:26 - [TEST_CASE][PASSED] - Test Cases/PFI Precision and Scale/HashMap Tables/OfficerLists: Test Cases/PFI Precision and Scale/HashMap Tables/OfficerLists

2020-06-08 12:24:26 - [TEST_STEP][PASSED] - Thread.sleep(1000): null

2020-06-08 12:24:27 - [TEST_STEP][PASSED] - OfficerLists = [1:"Aaron Sham Wai Lun (AARON)", 2:"Azidah Bte Akmad (Mdm) (USAABD)", 3:"Chung Fong Nyen (USACFN)", 4:"David Tey Dah Wei (DAHWEI)", ... ]: null

2020-06-08 12:24:27 - [TEST_STEP][PASSED] - ValueFound = OfficerLists.find({ -> ... }): null

2020-06-08 12:24:27 - [MESSAGE][PASSED] - Call Test Case 'Test Cases/PFI Precision and Scale/HashMap Tables/OfficerLists' successfully

2020-06-08 12:24:27 - [TEST_STEP][PASSED] - println(ValueFound): null

2020-06-08 12:24:27 - [TEST_STEP][PASSED] - sendKeys(NewInputNmField, Keys.chord(ARROW_DOWN)): Keys 'DOWN + ' sent to object: 'Object Repository/Objects.HighlightElements/input_field_index'

2020-06-08 12:24:27 - [MESSAGE][PASSED] - Keys 'DOWN + ' sent to object: 'Object Repository/Objects.HighlightElements/input_field_index'

2020-06-08 12:24:27 - [TEST_STEP][PASSED] - sendKeys(NewInputNmField, Keys.chord(ARROW_DOWN)): Keys 'DOWN + ' sent to object: 'Object Repository/Objects.HighlightElements/input_field_index'

2020-06-08 12:24:27 - [MESSAGE][PASSED] - Keys 'DOWN + ' sent to object: 'Object Repository/Objects.HighlightElements/input_field_index'

2020-06-08 12:24:27 - [TEST_STEP][PASSED] - delay(DelayTime): Delayed 3 second(s)

2020-06-08 12:24:30 - [MESSAGE][PASSED] - Delayed 3 second(s)

2020-06-08 12:24:30 - [TEST_STEP][PASSED] - sendKeys(NewInputNmField, Keys.chord(ENTER)): Keys 'ENTER + ' sent to object: 'Object Repository/Objects.HighlightElements/input_field_index'

2020-06-08 12:24:30 - [MESSAGE][PASSED] - Keys 'ENTER + ' sent to object: 'Object Repository/Objects.HighlightElements/input_field_index'

2020-06-08 12:24:30 - [TEST_STEP][PASSED] - ComboBoxValue = getAttribute(NewInputNmField, "value"): Attribute 'value' of object 'Object Repository/Objects.HighlightElements/input_field_index' is: 'Janet Lee Choon Hong (JANETCHOON)'

2020-06-08 12:24:30 - [MESSAGE][PASSED] - Attribute 'value' of object 'Object Repository/Objects.HighlightElements/input_field_index' is: 'Janet Lee Choon Hong (JANETCHOON)'

2020-06-08 12:24:30 - [TEST_STEP][PASSED] - callTestCase(findTestCase(CallTCName), ["FindValue":ComboBoxValue, "DropdownNm":comboNm], STOP_ON_FAILURE): Call Test Case 'Test Cases/PFI Precision and Scale/HashMap Tables/OfficerLists' successfully

2020-06-08 12:24:30 - [TEST_CASE][PASSED] - Test Cases/PFI Precision and Scale/HashMap Tables/OfficerLists: Test Cases/PFI Precision and Scale/HashMap Tables/OfficerLists

2020-06-08 12:24:30 - [TEST_STEP][PASSED] - Thread.sleep(1000): null

2020-06-08 12:24:31 - [TEST_STEP][PASSED] - OfficerLists = [1:"Aaron Sham Wai Lun (AARON)", 2:"Azidah Bte Akmad (Mdm) (USAABD)", 3:"Chung Fong Nyen (USACFN)", 4:"David Tey Dah Wei (DAHWEI)", ... ]: null

2020-06-08 12:24:31 - [TEST_STEP][PASSED] - ValueFound = OfficerLists.find({ -> ... }): null

2020-06-08 12:24:31 - [MESSAGE][PASSED] - Call Test Case 'Test Cases/PFI Precision and Scale/HashMap Tables/OfficerLists' successfully

2020-06-08 12:24:31 - [TEST_STEP][PASSED] - println(ValueFound): null

2020-06-08 12:24:31 - [TEST_STEP][PASSED] - sendKeys(NewInputNmField, Keys.chord(ARROW_DOWN)): Keys 'DOWN + ' sent to object: 'Object Repository/Objects.HighlightElements/input_field_index'

2020-06-08 12:24:31 - [MESSAGE][PASSED] - Keys 'DOWN + ' sent to object: 'Object Repository/Objects.HighlightElements/input_field_index'

2020-06-08 12:24:31 - [TEST_STEP][PASSED] - sendKeys(NewInputNmField, Keys.chord(ARROW_DOWN)): Keys 'DOWN + ' sent to object: 'Object Repository/Objects.HighlightElements/input_field_index'

2020-06-08 12:24:31 - [MESSAGE][PASSED] - Keys 'DOWN + ' sent to object: 'Object Repository/Objects.HighlightElements/input_field_index'

2020-06-08 12:24:31 - [TEST_STEP][PASSED] - delay(DelayTime): Delayed 3 second(s)

2020-06-08 12:24:34 - [MESSAGE][PASSED] - Delayed 3 second(s)

2020-06-08 12:24:34 - [TEST_STEP][PASSED] - sendKeys(NewInputNmField, Keys.chord(ENTER)): Keys 'ENTER + ' sent to object: 'Object Repository/Objects.HighlightElements/input_field_index'

2020-06-08 12:24:34 - [MESSAGE][PASSED] - Keys 'ENTER + ' sent to object: 'Object Repository/Objects.HighlightElements/input_field_index'

2020-06-08 12:24:34 - [TEST_STEP][PASSED] - ComboBoxValue = getAttribute(NewInputNmField, "value"): Attribute 'value' of object 'Object Repository/Objects.HighlightElements/input_field_index' is: 'Joseph Lim Pheng Weng (PHENGWENG)'

2020-06-08 12:24:34 - [MESSAGE][PASSED] - Attribute 'value' of object 'Object Repository/Objects.HighlightElements/input_field_index' is: 'Joseph Lim Pheng Weng (PHENGWENG)'

2020-06-08 12:24:34 - [TEST_STEP][PASSED] - callTestCase(findTestCase(CallTCName), ["FindValue":ComboBoxValue, "DropdownNm":comboNm], STOP_ON_FAILURE): Call Test Case 'Test Cases/PFI Precision and Scale/HashMap Tables/OfficerLists' successfully

2020-06-08 12:24:34 - [TEST_CASE][PASSED] - Test Cases/PFI Precision and Scale/HashMap Tables/OfficerLists: Test Cases/PFI Precision and Scale/HashMap Tables/OfficerLists

2020-06-08 12:24:34 - [TEST_STEP][PASSED] - Thread.sleep(1000): null

2020-06-08 12:24:35 - [TEST_STEP][PASSED] - OfficerLists = [1:"Aaron Sham Wai Lun (AARON)", 2:"Azidah Bte Akmad (Mdm) (USAABD)", 3:"Chung Fong Nyen (USACFN)", 4:"David Tey Dah Wei (DAHWEI)", ... ]: null

2020-06-08 12:24:35 - [TEST_STEP][PASSED] - ValueFound = OfficerLists.find({ -> ... }): null

2020-06-08 12:24:35 - [MESSAGE][PASSED] - Call Test Case 'Test Cases/PFI Precision and Scale/HashMap Tables/OfficerLists' successfully

2020-06-08 12:24:35 - [TEST_STEP][PASSED] - println(ValueFound): null

2020-06-08 12:24:35 - [TEST_STEP][PASSED] - sendKeys(NewInputNmField, Keys.chord(ARROW_DOWN)): Keys 'DOWN + ' sent to object: 'Object Repository/Objects.HighlightElements/input_field_index'

2020-06-08 12:24:35 - [MESSAGE][PASSED] - Keys 'DOWN + ' sent to object: 'Object Repository/Objects.HighlightElements/input_field_index'

2020-06-08 12:24:35 - [TEST_STEP][PASSED] - sendKeys(NewInputNmField, Keys.chord(ARROW_DOWN)): Keys 'DOWN + ' sent to object: 'Object Repository/Objects.HighlightElements/input_field_index'

2020-06-08 12:24:35 - [MESSAGE][PASSED] - Keys 'DOWN + ' sent to object: 'Object Repository/Objects.HighlightElements/input_field_index'

2020-06-08 12:24:35 - [TEST_STEP][PASSED] - delay(DelayTime): Delayed 3 second(s)

2020-06-08 12:24:38 - [MESSAGE][PASSED] - Delayed 3 second(s)

2020-06-08 12:24:38 - [TEST_STEP][PASSED] - sendKeys(NewInputNmField, Keys.chord(ENTER)): Keys 'ENTER + ' sent to object: 'Object Repository/Objects.HighlightElements/input_field_index'

2020-06-08 12:24:38 - [MESSAGE][PASSED] - Keys 'ENTER + ' sent to object: 'Object Repository/Objects.HighlightElements/input_field_index'

2020-06-08 12:24:38 - [TEST_STEP][PASSED] - ComboBoxValue = getAttribute(NewInputNmField, "value"): Attribute 'value' of object 'Object Repository/Objects.HighlightElements/input_field_index' is: 'Kaliannan Thanabal (KALIANN)'

2020-06-08 12:24:39 - [MESSAGE][PASSED] - Attribute 'value' of object 'Object Repository/Objects.HighlightElements/input_field_index' is: 'Kaliannan Thanabal (KALIANN)'

2020-06-08 12:24:39 - [TEST_STEP][PASSED] - callTestCase(findTestCase(CallTCName), ["FindValue":ComboBoxValue, "DropdownNm":comboNm], STOP_ON_FAILURE): Call Test Case 'Test Cases/PFI Precision and Scale/HashMap Tables/OfficerLists' successfully

2020-06-08 12:24:39 - [TEST_CASE][PASSED] - Test Cases/PFI Precision and Scale/HashMap Tables/OfficerLists: Test Cases/PFI Precision and Scale/HashMap Tables/OfficerLists

2020-06-08 12:24:39 - [TEST_STEP][PASSED] - Thread.sleep(1000): null

2020-06-08 12:24:40 - [TEST_STEP][PASSED] - OfficerLists = [1:"Aaron Sham Wai Lun (AARON)", 2:"Azidah Bte Akmad (Mdm) (USAABD)", 3:"Chung Fong Nyen (USACFN)", 4:"David Tey Dah Wei (DAHWEI)", ... ]: null

2020-06-08 12:24:40 - [TEST_STEP][PASSED] - ValueFound = OfficerLists.find({ -> ... }): null

2020-06-08 12:24:40 - [MESSAGE][PASSED] - Call Test Case 'Test Cases/PFI Precision and Scale/HashMap Tables/OfficerLists' successfully

2020-06-08 12:24:40 - [TEST_STEP][PASSED] - println(ValueFound): null

2020-06-08 12:24:40 - [TEST_STEP][PASSED] - sendKeys(NewInputNmField, Keys.chord(ARROW_DOWN)): Keys 'DOWN + ' sent to object: 'Object Repository/Objects.HighlightElements/input_field_index'

2020-06-08 12:24:40 - [MESSAGE][PASSED] - Keys 'DOWN + ' sent to object: 'Object Repository/Objects.HighlightElements/input_field_index'

2020-06-08 12:24:40 - [TEST_STEP][PASSED] - sendKeys(NewInputNmField, Keys.chord(ARROW_DOWN)): Keys 'DOWN + ' sent to object: 'Object Repository/Objects.HighlightElements/input_field_index'

2020-06-08 12:24:40 - [MESSAGE][PASSED] - Keys 'DOWN + ' sent to object: 'Object Repository/Objects.HighlightElements/input_field_index'

2020-06-08 12:24:40 - [TEST_STEP][PASSED] - delay(DelayTime): Delayed 3 second(s)

2020-06-08 12:24:43 - [MESSAGE][PASSED] - Delayed 3 second(s)

2020-06-08 12:24:43 - [TEST_STEP][PASSED] - sendKeys(NewInputNmField, Keys.chord(ENTER)): Keys 'ENTER + ' sent to object: 'Object Repository/Objects.HighlightElements/input_field_index'

2020-06-08 12:24:43 - [MESSAGE][PASSED] - Keys 'ENTER + ' sent to object: 'Object Repository/Objects.HighlightElements/input_field_index'

2020-06-08 12:24:43 - [TEST_STEP][PASSED] - ComboBoxValue = getAttribute(NewInputNmField, "value"): Attribute 'value' of object 'Object Repository/Objects.HighlightElements/input_field_index' is: 'Kelvin Phua Meng Thong (MENGTHONG)'

2020-06-08 12:24:43 - [MESSAGE][PASSED] - Attribute 'value' of object 'Object Repository/Objects.HighlightElements/input_field_index' is: 'Kelvin Phua Meng Thong (MENGTHONG)'

2020-06-08 12:24:43 - [TEST_STEP][PASSED] - callTestCase(findTestCase(CallTCName), ["FindValue":ComboBoxValue, "DropdownNm":comboNm], STOP_ON_FAILURE): Call Test Case 'Test Cases/PFI Precision and Scale/HashMap Tables/OfficerLists' successfully

2020-06-08 12:24:43 - [TEST_CASE][PASSED] - Test Cases/PFI Precision and Scale/HashMap Tables/OfficerLists: Test Cases/PFI Precision and Scale/HashMap Tables/OfficerLists

2020-06-08 12:24:43 - [TEST_STEP][PASSED] - Thread.sleep(1000): null

2020-06-08 12:24:44 - [TEST_STEP][PASSED] - OfficerLists = [1:"Aaron Sham Wai Lun (AARON)", 2:"Azidah Bte Akmad (Mdm) (USAABD)", 3:"Chung Fong Nyen (USACFN)", 4:"David Tey Dah Wei (DAHWEI)", ... ]: null

2020-06-08 12:24:44 - [TEST_STEP][PASSED] - ValueFound = OfficerLists.find({ -> ... }): null

2020-06-08 12:24:44 - [MESSAGE][PASSED] - Call Test Case 'Test Cases/PFI Precision and Scale/HashMap Tables/OfficerLists' successfully

2020-06-08 12:24:44 - [TEST_STEP][PASSED] - println(ValueFound): null

2020-06-08 12:24:44 - [TEST_STEP][PASSED] - sendKeys(NewInputNmField, Keys.chord(ARROW_DOWN)): Keys 'DOWN + ' sent to object: 'Object Repository/Objects.HighlightElements/input_field_index'

2020-06-08 12:24:44 - [MESSAGE][PASSED] - Keys 'DOWN + ' sent to object: 'Object Repository/Objects.HighlightElements/input_field_index'

2020-06-08 12:24:44 - [TEST_STEP][PASSED] - sendKeys(NewInputNmField, Keys.chord(ARROW_DOWN)): Keys 'DOWN + ' sent to object: 'Object Repository/Objects.HighlightElements/input_field_index'

2020-06-08 12:24:44 - [MESSAGE][PASSED] - Keys 'DOWN + ' sent to object: 'Object Repository/Objects.HighlightElements/input_field_index'

2020-06-08 12:24:44 - [TEST_STEP][PASSED] - delay(DelayTime): Delayed 3 second(s)

2020-06-08 12:24:47 - [MESSAGE][PASSED] - Delayed 3 second(s)

2020-06-08 12:24:47 - [TEST_STEP][PASSED] - sendKeys(NewInputNmField, Keys.chord(ENTER)): Keys 'ENTER + ' sent to object: 'Object Repository/Objects.HighlightElements/input_field_index'

2020-06-08 12:24:47 - [MESSAGE][PASSED] - Keys 'ENTER + ' sent to object: 'Object Repository/Objects.HighlightElements/input_field_index'

2020-06-08 12:24:47 - [TEST_STEP][PASSED] - ComboBoxValue = getAttribute(NewInputNmField, "value"): Attribute 'value' of object 'Object Repository/Objects.HighlightElements/input_field_index' is: 'Lee Kok Tien (USAKTL)'

2020-06-08 12:24:47 - [MESSAGE][PASSED] - Attribute 'value' of object 'Object Repository/Objects.HighlightElements/input_field_index' is: 'Lee Kok Tien (USAKTL)'

2020-06-08 12:24:47 - [TEST_STEP][PASSED] - callTestCase(findTestCase(CallTCName), ["FindValue":ComboBoxValue, "DropdownNm":comboNm], STOP_ON_FAILURE): Call Test Case 'Test Cases/PFI Precision and Scale/HashMap Tables/OfficerLists' successfully

2020-06-08 12:24:47 - [TEST_CASE][PASSED] - Test Cases/PFI Precision and Scale/HashMap Tables/OfficerLists: Test Cases/PFI Precision and Scale/HashMap Tables/OfficerLists

2020-06-08 12:24:47 - [TEST_STEP][PASSED] - Thread.sleep(1000): null

2020-06-08 12:24:48 - [TEST_STEP][PASSED] - OfficerLists = [1:"Aaron Sham Wai Lun (AARON)", 2:"Azidah Bte Akmad (Mdm) (USAABD)", 3:"Chung Fong Nyen (USACFN)", 4:"David Tey Dah Wei (DAHWEI)", ... ]: null

2020-06-08 12:24:48 - [TEST_STEP][PASSED] - ValueFound = OfficerLists.find({ -> ... }): null

2020-06-08 12:24:48 - [MESSAGE][PASSED] - Call Test Case 'Test Cases/PFI Precision and Scale/HashMap Tables/OfficerLists' successfully

2020-06-08 12:24:48 - [TEST_STEP][PASSED] - println(ValueFound): null

2020-06-08 12:24:48 - [TEST_STEP][PASSED] - sendKeys(NewInputNmField, Keys.chord(ARROW_DOWN)): Keys 'DOWN + ' sent to object: 'Object Repository/Objects.HighlightElements/input_field_index'

2020-06-08 12:24:48 - [MESSAGE][PASSED] - Keys 'DOWN + ' sent to object: 'Object Repository/Objects.HighlightElements/input_field_index'

2020-06-08 12:24:48 - [TEST_STEP][PASSED] - sendKeys(NewInputNmField, Keys.chord(ARROW_DOWN)): Keys 'DOWN + ' sent to object: 'Object Repository/Objects.HighlightElements/input_field_index'

2020-06-08 12:24:48 - [MESSAGE][PASSED] - Keys 'DOWN + ' sent to object: 'Object Repository/Objects.HighlightElements/input_field_index'

2020-06-08 12:24:48 - [TEST_STEP][PASSED] - delay(DelayTime): Delayed 3 second(s)

2020-06-08 12:24:51 - [MESSAGE][PASSED] - Delayed 3 second(s)

2020-06-08 12:24:51 - [TEST_STEP][PASSED] - sendKeys(NewInputNmField, Keys.chord(ENTER)): Keys 'ENTER + ' sent to object: 'Object Repository/Objects.HighlightElements/input_field_index'

2020-06-08 12:24:51 - [MESSAGE][PASSED] - Keys 'ENTER + ' sent to object: 'Object Repository/Objects.HighlightElements/input_field_index'

2020-06-08 12:24:51 - [TEST_STEP][PASSED] - ComboBoxValue = getAttribute(NewInputNmField, "value"): Attribute 'value' of object 'Object Repository/Objects.HighlightElements/input_field_index' is: 'Lim Beng Kwee (BENGKWEE)'

2020-06-08 12:24:51 - [MESSAGE][PASSED] - Attribute 'value' of object 'Object Repository/Objects.HighlightElements/input_field_index' is: 'Lim Beng Kwee (BENGKWEE)'

2020-06-08 12:24:51 - [TEST_STEP][PASSED] - callTestCase(findTestCase(CallTCName), ["FindValue":ComboBoxValue, "DropdownNm":comboNm], STOP_ON_FAILURE): Call Test Case 'Test Cases/PFI Precision and Scale/HashMap Tables/OfficerLists' successfully

2020-06-08 12:24:51 - [TEST_CASE][PASSED] - Test Cases/PFI Precision and Scale/HashMap Tables/OfficerLists: Test Cases/PFI Precision and Scale/HashMap Tables/OfficerLists

2020-06-08 12:24:51 - [TEST_STEP][PASSED] - Thread.sleep(1000): null

2020-06-08 12:24:52 - [TEST_STEP][PASSED] - OfficerLists = [1:"Aaron Sham Wai Lun (AARON)", 2:"Azidah Bte Akmad (Mdm) (USAABD)", 3:"Chung Fong Nyen (USACFN)", 4:"David Tey Dah Wei (DAHWEI)", ... ]: null

2020-06-08 12:24:52 - [TEST_STEP][PASSED] - ValueFound = OfficerLists.find({ -> ... }): null

2020-06-08 12:24:52 - [MESSAGE][PASSED] - Call Test Case 'Test Cases/PFI Precision and Scale/HashMap Tables/OfficerLists' successfully

2020-06-08 12:24:52 - [TEST_STEP][PASSED] - println(ValueFound): null

2020-06-08 12:24:52 - [TEST_STEP][PASSED] - sendKeys(NewInputNmField, Keys.chord(ARROW_DOWN)): Keys 'DOWN + ' sent to object: 'Object Repository/Objects.HighlightElements/input_field_index'

2020-06-08 12:24:52 - [MESSAGE][PASSED] - Keys 'DOWN + ' sent to object: 'Object Repository/Objects.HighlightElements/input_field_index'

2020-06-08 12:24:52 - [TEST_STEP][PASSED] - sendKeys(NewInputNmField, Keys.chord(ARROW_DOWN)): Keys 'DOWN + ' sent to object: 'Object Repository/Objects.HighlightElements/input_field_index'

2020-06-08 12:24:52 - [MESSAGE][PASSED] - Keys 'DOWN + ' sent to object: 'Object Repository/Objects.HighlightElements/input_field_index'

2020-06-08 12:24:52 - [TEST_STEP][PASSED] - delay(DelayTime): Delayed 3 second(s)

2020-06-08 12:24:55 - [MESSAGE][PASSED] - Delayed 3 second(s)

2020-06-08 12:24:55 - [TEST_STEP][PASSED] - sendKeys(NewInputNmField, Keys.chord(ENTER)): Keys 'ENTER + ' sent to object: 'Object Repository/Objects.HighlightElements/input_field_index'

2020-06-08 12:24:56 - [MESSAGE][PASSED] - Keys 'ENTER + ' sent to object: 'Object Repository/Objects.HighlightElements/input_field_index'

2020-06-08 12:24:56 - [TEST_STEP][PASSED] - ComboBoxValue = getAttribute(NewInputNmField, "value"): Attribute 'value' of object 'Object Repository/Objects.HighlightElements/input_field_index' is: 'Lim Leng Boon (LENGBOON)'

2020-06-08 12:24:56 - [MESSAGE][PASSED] - Attribute 'value' of object 'Object Repository/Objects.HighlightElements/input_field_index' is: 'Lim Leng Boon (LENGBOON)'

2020-06-08 12:24:56 - [TEST_STEP][PASSED] - callTestCase(findTestCase(CallTCName), ["FindValue":ComboBoxValue, "DropdownNm":comboNm], STOP_ON_FAILURE): Call Test Case 'Test Cases/PFI Precision and Scale/HashMap Tables/OfficerLists' successfully

2020-06-08 12:24:56 - [TEST_CASE][PASSED] - Test Cases/PFI Precision and Scale/HashMap Tables/OfficerLists: Test Cases/PFI Precision and Scale/HashMap Tables/OfficerLists

2020-06-08 12:24:56 - [TEST_STEP][PASSED] - Thread.sleep(1000): null

2020-06-08 12:24:57 - [TEST_STEP][PASSED] - OfficerLists = [1:"Aaron Sham Wai Lun (AARON)", 2:"Azidah Bte Akmad (Mdm) (USAABD)", 3:"Chung Fong Nyen (USACFN)", 4:"David Tey Dah Wei (DAHWEI)", ... ]: null

2020-06-08 12:24:57 - [TEST_STEP][PASSED] - ValueFound = OfficerLists.find({ -> ... }): null

2020-06-08 12:24:57 - [MESSAGE][PASSED] - Call Test Case 'Test Cases/PFI Precision and Scale/HashMap Tables/OfficerLists' successfully

2020-06-08 12:24:57 - [TEST_STEP][PASSED] - println(ValueFound): null

2020-06-08 12:24:57 - [TEST_STEP][PASSED] - sendKeys(NewInputNmField, Keys.chord(ARROW_DOWN)): Keys 'DOWN + ' sent to object: 'Object Repository/Objects.HighlightElements/input_field_index'

2020-06-08 12:24:57 - [MESSAGE][PASSED] - Keys 'DOWN + ' sent to object: 'Object Repository/Objects.HighlightElements/input_field_index'

2020-06-08 12:24:57 - [TEST_STEP][PASSED] - sendKeys(NewInputNmField, Keys.chord(ARROW_DOWN)): Keys 'DOWN + ' sent to object: 'Object Repository/Objects.HighlightElements/input_field_index'

2020-06-08 12:24:57 - [MESSAGE][PASSED] - Keys 'DOWN + ' sent to object: 'Object Repository/Objects.HighlightElements/input_field_index'

2020-06-08 12:24:57 - [TEST_STEP][PASSED] - delay(DelayTime): Delayed 3 second(s)

2020-06-08 12:25:00 - [MESSAGE][PASSED] - Delayed 3 second(s)

2020-06-08 12:25:00 - [TEST_STEP][PASSED] - sendKeys(NewInputNmField, Keys.chord(ENTER)): Keys 'ENTER + ' sent to object: 'Object Repository/Objects.HighlightElements/input_field_index'

2020-06-08 12:25:00 - [MESSAGE][PASSED] - Keys 'ENTER + ' sent to object: 'Object Repository/Objects.HighlightElements/input_field_index'

2020-06-08 12:25:00 - [TEST_STEP][PASSED] - ComboBoxValue = getAttribute(NewInputNmField, "value"): Attribute 'value' of object 'Object Repository/Objects.HighlightElements/input_field_index' is: 'Liu Xiaopeng (XIAOPENG)'

2020-06-08 12:25:00 - [MESSAGE][PASSED] - Attribute 'value' of object 'Object Repository/Objects.HighlightElements/input_field_index' is: 'Liu Xiaopeng (XIAOPENG)'

2020-06-08 12:25:00 - [TEST_STEP][PASSED] - callTestCase(findTestCase(CallTCName), ["FindValue":ComboBoxValue, "DropdownNm":comboNm], STOP_ON_FAILURE): Call Test Case 'Test Cases/PFI Precision and Scale/HashMap Tables/OfficerLists' successfully

2020-06-08 12:25:00 - [TEST_CASE][PASSED] - Test Cases/PFI Precision and Scale/HashMap Tables/OfficerLists: Test Cases/PFI Precision and Scale/HashMap Tables/OfficerLists

2020-06-08 12:25:00 - [TEST_STEP][PASSED] - Thread.sleep(1000): null

2020-06-08 12:25:01 - [TEST_STEP][PASSED] - OfficerLists = [1:"Aaron Sham Wai Lun (AARON)", 2:"Azidah Bte Akmad (Mdm) (USAABD)", 3:"Chung Fong Nyen (USACFN)", 4:"David Tey Dah Wei (DAHWEI)", ... ]: null

2020-06-08 12:25:01 - [TEST_STEP][PASSED] - ValueFound = OfficerLists.find({ -> ... }): null

2020-06-08 12:25:01 - [MESSAGE][PASSED] - Call Test Case 'Test Cases/PFI Precision and Scale/HashMap Tables/OfficerLists' successfully

2020-06-08 12:25:01 - [TEST_STEP][PASSED] - println(ValueFound): null

2020-06-08 12:25:01 - [TEST_STEP][PASSED] - sendKeys(NewInputNmField, Keys.chord(ARROW_DOWN)): Keys 'DOWN + ' sent to object: 'Object Repository/Objects.HighlightElements/input_field_index'

2020-06-08 12:25:01 - [MESSAGE][PASSED] - Keys 'DOWN + ' sent to object: 'Object Repository/Objects.HighlightElements/input_field_index'

2020-06-08 12:25:01 - [TEST_STEP][PASSED] - sendKeys(NewInputNmField, Keys.chord(ARROW_DOWN)): Keys 'DOWN + ' sent to object: 'Object Repository/Objects.HighlightElements/input_field_index'

2020-06-08 12:25:01 - [MESSAGE][PASSED] - Keys 'DOWN + ' sent to object: 'Object Repository/Objects.HighlightElements/input_field_index'

2020-06-08 12:25:01 - [TEST_STEP][PASSED] - delay(DelayTime): Delayed 3 second(s)

2020-06-08 12:25:04 - [MESSAGE][PASSED] - Delayed 3 second(s)

2020-06-08 12:25:04 - [TEST_STEP][PASSED] - sendKeys(NewInputNmField, Keys.chord(ENTER)): Keys 'ENTER + ' sent to object: 'Object Repository/Objects.HighlightElements/input_field_index'

2020-06-08 12:25:04 - [MESSAGE][PASSED] - Keys 'ENTER + ' sent to object: 'Object Repository/Objects.HighlightElements/input_field_index'

2020-06-08 12:25:04 - [TEST_STEP][PASSED] - ComboBoxValue = getAttribute(NewInputNmField, "value"): Attribute 'value' of object 'Object Repository/Objects.HighlightElements/input_field_index' is: 'Lu Ji Ju (Mdm) (USALJJ)'

2020-06-08 12:25:04 - [MESSAGE][PASSED] - Attribute 'value' of object 'Object Repository/Objects.HighlightElements/input_field_index' is: 'Lu Ji Ju (Mdm) (USALJJ)'

2020-06-08 12:25:04 - [TEST_STEP][PASSED] - callTestCase(findTestCase(CallTCName), ["FindValue":ComboBoxValue, "DropdownNm":comboNm], STOP_ON_FAILURE): Call Test Case 'Test Cases/PFI Precision and Scale/HashMap Tables/OfficerLists' successfully

2020-06-08 12:25:04 - [TEST_CASE][PASSED] - Test Cases/PFI Precision and Scale/HashMap Tables/OfficerLists: Test Cases/PFI Precision and Scale/HashMap Tables/OfficerLists

2020-06-08 12:25:04 - [TEST_STEP][PASSED] - Thread.sleep(1000): null

2020-06-08 12:25:05 - [TEST_STEP][PASSED] - OfficerLists = [1:"Aaron Sham Wai Lun (AARON)", 2:"Azidah Bte Akmad (Mdm) (USAABD)", 3:"Chung Fong Nyen (USACFN)", 4:"David Tey Dah Wei (DAHWEI)", ... ]: null

2020-06-08 12:25:05 - [TEST_STEP][PASSED] - ValueFound = OfficerLists.find({ -> ... }): null

2020-06-08 12:25:05 - [MESSAGE][PASSED] - Call Test Case 'Test Cases/PFI Precision and Scale/HashMap Tables/OfficerLists' successfully

2020-06-08 12:25:05 - [TEST_STEP][PASSED] - println(ValueFound): null

2020-06-08 12:25:05 - [TEST_STEP][PASSED] - sendKeys(NewInputNmField, Keys.chord(ARROW_DOWN)): Keys 'DOWN + ' sent to object: 'Object Repository/Objects.HighlightElements/input_field_index'

2020-06-08 12:25:05 - [MESSAGE][PASSED] - Keys 'DOWN + ' sent to object: 'Object Repository/Objects.HighlightElements/input_field_index'

2020-06-08 12:25:05 - [TEST_STEP][PASSED] - sendKeys(NewInputNmField, Keys.chord(ARROW_DOWN)): Keys 'DOWN + ' sent to object: 'Object Repository/Objects.HighlightElements/input_field_index'

2020-06-08 12:25:05 - [MESSAGE][PASSED] - Keys 'DOWN + ' sent to object: 'Object Repository/Objects.HighlightElements/input_field_index'

2020-06-08 12:25:05 - [TEST_STEP][PASSED] - delay(DelayTime): Delayed 3 second(s)

2020-06-08 12:25:08 - [MESSAGE][PASSED] - Delayed 3 second(s)

2020-06-08 12:25:08 - [TEST_STEP][PASSED] - sendKeys(NewInputNmField, Keys.chord(ENTER)): Keys 'ENTER + ' sent to object: 'Object Repository/Objects.HighlightElements/input_field_index'

2020-06-08 12:25:08 - [MESSAGE][PASSED] - Keys 'ENTER + ' sent to object: 'Object Repository/Objects.HighlightElements/input_field_index'

2020-06-08 12:25:08 - [TEST_STEP][PASSED] - ComboBoxValue = getAttribute(NewInputNmField, "value"): Attribute 'value' of object 'Object Repository/Objects.HighlightElements/input_field_index' is: 'Mohd Jeffri Bin Abdul Rahim (MOHDJEFFRI)'

2020-06-08 12:25:08 - [MESSAGE][PASSED] - Attribute 'value' of object 'Object Repository/Objects.HighlightElements/input_field_index' is: 'Mohd Jeffri Bin Abdul Rahim (MOHDJEFFRI)'

2020-06-08 12:25:08 - [TEST_STEP][PASSED] - callTestCase(findTestCase(CallTCName), ["FindValue":ComboBoxValue, "DropdownNm":comboNm], STOP_ON_FAILURE): Call Test Case 'Test Cases/PFI Precision and Scale/HashMap Tables/OfficerLists' successfully

2020-06-08 12:25:08 - [TEST_CASE][PASSED] - Test Cases/PFI Precision and Scale/HashMap Tables/OfficerLists: Test Cases/PFI Precision and Scale/HashMap Tables/OfficerLists

2020-06-08 12:25:08 - [TEST_STEP][PASSED] - Thread.sleep(1000): null

2020-06-08 12:25:09 - [TEST_STEP][PASSED] - OfficerLists = [1:"Aaron Sham Wai Lun (AARON)", 2:"Azidah Bte Akmad (Mdm) (USAABD)", 3:"Chung Fong Nyen (USACFN)", 4:"David Tey Dah Wei (DAHWEI)", ... ]: null

2020-06-08 12:25:09 - [TEST_STEP][PASSED] - ValueFound = OfficerLists.find({ -> ... }): null

2020-06-08 12:25:09 - [MESSAGE][PASSED] - Call Test Case 'Test Cases/PFI Precision and Scale/HashMap Tables/OfficerLists' successfully

2020-06-08 12:25:09 - [TEST_STEP][PASSED] - println(ValueFound): null

2020-06-08 12:25:09 - [TEST_STEP][PASSED] - sendKeys(NewInputNmField, Keys.chord(ARROW_DOWN)): Keys 'DOWN + ' sent to object: 'Object Repository/Objects.HighlightElements/input_field_index'

2020-06-08 12:25:09 - [MESSAGE][PASSED] - Keys 'DOWN + ' sent to object: 'Object Repository/Objects.HighlightElements/input_field_index'

2020-06-08 12:25:09 - [TEST_STEP][PASSED] - sendKeys(NewInputNmField, Keys.chord(ARROW_DOWN)): Keys 'DOWN + ' sent to object: 'Object Repository/Objects.HighlightElements/input_field_index'

2020-06-08 12:25:10 - [MESSAGE][PASSED] - Keys 'DOWN + ' sent to object: 'Object Repository/Objects.HighlightElements/input_field_index'

2020-06-08 12:25:10 - [TEST_STEP][PASSED] - delay(DelayTime): Delayed 3 second(s)

2020-06-08 12:25:13 - [MESSAGE][PASSED] - Delayed 3 second(s)

2020-06-08 12:25:13 - [TEST_STEP][PASSED] - sendKeys(NewInputNmField, Keys.chord(ENTER)): Keys 'ENTER + ' sent to object: 'Object Repository/Objects.HighlightElements/input_field_index'

2020-06-08 12:25:13 - [MESSAGE][PASSED] - Keys 'ENTER + ' sent to object: 'Object Repository/Objects.HighlightElements/input_field_index'

2020-06-08 12:25:13 - [TEST_STEP][PASSED] - ComboBoxValue = getAttribute(NewInputNmField, "value"): Attribute 'value' of object 'Object Repository/Objects.HighlightElements/input_field_index' is: 'Richard Lim Fang Ping (FANGPING)'

2020-06-08 12:25:13 - [MESSAGE][PASSED] - Attribute 'value' of object 'Object Repository/Objects.HighlightElements/input_field_index' is: 'Richard Lim Fang Ping (FANGPING)'

2020-06-08 12:25:13 - [TEST_STEP][PASSED] - callTestCase(findTestCase(CallTCName), ["FindValue":ComboBoxValue, "DropdownNm":comboNm], STOP_ON_FAILURE): Call Test Case 'Test Cases/PFI Precision and Scale/HashMap Tables/OfficerLists' successfully

2020-06-08 12:25:13 - [TEST_CASE][PASSED] - Test Cases/PFI Precision and Scale/HashMap Tables/OfficerLists: Test Cases/PFI Precision and Scale/HashMap Tables/OfficerLists

2020-06-08 12:25:13 - [TEST_STEP][PASSED] - Thread.sleep(1000): null

2020-06-08 12:25:14 - [TEST_STEP][PASSED] - OfficerLists = [1:"Aaron Sham Wai Lun (AARON)", 2:"Azidah Bte Akmad (Mdm) (USAABD)", 3:"Chung Fong Nyen (USACFN)", 4:"David Tey Dah Wei (DAHWEI)", ... ]: null

2020-06-08 12:25:14 - [TEST_STEP][PASSED] - ValueFound = OfficerLists.find({ -> ... }): null

2020-06-08 12:25:14 - [MESSAGE][PASSED] - Call Test Case 'Test Cases/PFI Precision and Scale/HashMap Tables/OfficerLists' successfully

2020-06-08 12:25:14 - [TEST_STEP][PASSED] - println(ValueFound): null

2020-06-08 12:25:14 - [TEST_STEP][PASSED] - sendKeys(NewInputNmField, Keys.chord(ARROW_DOWN)): Keys 'DOWN + ' sent to object: 'Object Repository/Objects.HighlightElements/input_field_index'

2020-06-08 12:25:14 - [MESSAGE][PASSED] - Keys 'DOWN + ' sent to object: 'Object Repository/Objects.HighlightElements/input_field_index'

2020-06-08 12:25:14 - [TEST_STEP][PASSED] - sendKeys(NewInputNmField, Keys.chord(ARROW_DOWN)): Keys 'DOWN + ' sent to object: 'Object Repository/Objects.HighlightElements/input_field_index'

2020-06-08 12:25:14 - [MESSAGE][PASSED] - Keys 'DOWN + ' sent to object: 'Object Repository/Objects.HighlightElements/input_field_index'

2020-06-08 12:25:14 - [TEST_STEP][PASSED] - delay(DelayTime): Delayed 3 second(s)

2020-06-08 12:25:17 - [MESSAGE][PASSED] - Delayed 3 second(s)

2020-06-08 12:25:17 - [TEST_STEP][PASSED] - sendKeys(NewInputNmField, Keys.chord(ENTER)): Keys 'ENTER + ' sent to object: 'Object Repository/Objects.HighlightElements/input_field_index'

2020-06-08 12:25:17 - [MESSAGE][PASSED] - Keys 'ENTER + ' sent to object: 'Object Repository/Objects.HighlightElements/input_field_index'

2020-06-08 12:25:17 - [TEST_STEP][PASSED] - ComboBoxValue = getAttribute(NewInputNmField, "value"): Attribute 'value' of object 'Object Repository/Objects.HighlightElements/input_field_index' is: 'RITA WONG SIONG ING (RITAWONG)'

2020-06-08 12:25:17 - [MESSAGE][PASSED] - Attribute 'value' of object 'Object Repository/Objects.HighlightElements/input_field_index' is: 'RITA WONG SIONG ING (RITAWONG)'

2020-06-08 12:25:17 - [TEST_STEP][PASSED] - callTestCase(findTestCase(CallTCName), ["FindValue":ComboBoxValue, "DropdownNm":comboNm], STOP_ON_FAILURE): Call Test Case 'Test Cases/PFI Precision and Scale/HashMap Tables/OfficerLists' successfully

2020-06-08 12:25:17 - [TEST_CASE][PASSED] - Test Cases/PFI Precision and Scale/HashMap Tables/OfficerLists: Test Cases/PFI Precision and Scale/HashMap Tables/OfficerLists

2020-06-08 12:25:17 - [TEST_STEP][PASSED] - Thread.sleep(1000): null

2020-06-08 12:25:18 - [TEST_STEP][PASSED] - OfficerLists = [1:"Aaron Sham Wai Lun (AARON)", 2:"Azidah Bte Akmad (Mdm) (USAABD)", 3:"Chung Fong Nyen (USACFN)", 4:"David Tey Dah Wei (DAHWEI)", ... ]: null

2020-06-08 12:25:18 - [TEST_STEP][PASSED] - ValueFound = OfficerLists.find({ -> ... }): null

2020-06-08 12:25:18 - [MESSAGE][PASSED] - Call Test Case 'Test Cases/PFI Precision and Scale/HashMap Tables/OfficerLists' successfully

2020-06-08 12:25:18 - [TEST_STEP][PASSED] - println(ValueFound): null

2020-06-08 12:25:18 - [TEST_STEP][PASSED] - sendKeys(NewInputNmField, Keys.chord(ARROW_DOWN)): Keys 'DOWN + ' sent to object: 'Object Repository/Objects.HighlightElements/input_field_index'

2020-06-08 12:25:18 - [MESSAGE][PASSED] - Keys 'DOWN + ' sent to object: 'Object Repository/Objects.HighlightElements/input_field_index'

2020-06-08 12:25:18 - [TEST_STEP][PASSED] - sendKeys(NewInputNmField, Keys.chord(ARROW_DOWN)): Keys 'DOWN + ' sent to object: 'Object Repository/Objects.HighlightElements/input_field_index'

2020-06-08 12:25:18 - [MESSAGE][PASSED] - Keys 'DOWN + ' sent to object: 'Object Repository/Objects.HighlightElements/input_field_index'

2020-06-08 12:25:18 - [TEST_STEP][PASSED] - delay(DelayTime): Delayed 3 second(s)

2020-06-08 12:25:21 - [MESSAGE][PASSED] - Delayed 3 second(s)

2020-06-08 12:25:21 - [TEST_STEP][PASSED] - sendKeys(NewInputNmField, Keys.chord(ENTER)): Keys 'ENTER + ' sent to object: 'Object Repository/Objects.HighlightElements/input_field_index'

2020-06-08 12:25:21 - [MESSAGE][PASSED] - Keys 'ENTER + ' sent to object: 'Object Repository/Objects.HighlightElements/input_field_index'

2020-06-08 12:25:21 - [TEST_STEP][PASSED] - ComboBoxValue = getAttribute(NewInputNmField, "value"): Attribute 'value' of object 'Object Repository/Objects.HighlightElements/input_field_index' is: 'Shi Hong Wei (HONGWEI)'

2020-06-08 12:25:21 - [MESSAGE][PASSED] - Attribute 'value' of object 'Object Repository/Objects.HighlightElements/input_field_index' is: 'Shi Hong Wei (HONGWEI)'

2020-06-08 12:25:21 - [TEST_STEP][PASSED] - callTestCase(findTestCase(CallTCName), ["FindValue":ComboBoxValue, "DropdownNm":comboNm], STOP_ON_FAILURE): Call Test Case 'Test Cases/PFI Precision and Scale/HashMap Tables/OfficerLists' successfully

2020-06-08 12:25:21 - [TEST_CASE][PASSED] - Test Cases/PFI Precision and Scale/HashMap Tables/OfficerLists: Test Cases/PFI Precision and Scale/HashMap Tables/OfficerLists

2020-06-08 12:25:21 - [TEST_STEP][PASSED] - Thread.sleep(1000): null

2020-06-08 12:25:22 - [TEST_STEP][PASSED] - OfficerLists = [1:"Aaron Sham Wai Lun (AARON)", 2:"Azidah Bte Akmad (Mdm) (USAABD)", 3:"Chung Fong Nyen (USACFN)", 4:"David Tey Dah Wei (DAHWEI)", ... ]: null

2020-06-08 12:25:22 - [TEST_STEP][PASSED] - ValueFound = OfficerLists.find({ -> ... }): null

2020-06-08 12:25:22 - [MESSAGE][PASSED] - Call Test Case 'Test Cases/PFI Precision and Scale/HashMap Tables/OfficerLists' successfully

2020-06-08 12:25:22 - [TEST_STEP][PASSED] - println(ValueFound): null

2020-06-08 12:25:22 - [TEST_STEP][PASSED] - sendKeys(NewInputNmField, Keys.chord(ARROW_DOWN)): Keys 'DOWN + ' sent to object: 'Object Repository/Objects.HighlightElements/input_field_index'

2020-06-08 12:25:22 - [MESSAGE][PASSED] - Keys 'DOWN + ' sent to object: 'Object Repository/Objects.HighlightElements/input_field_index'

2020-06-08 12:25:22 - [TEST_STEP][PASSED] - sendKeys(NewInputNmField, Keys.chord(ARROW_DOWN)): Keys 'DOWN + ' sent to object: 'Object Repository/Objects.HighlightElements/input_field_index'

2020-06-08 12:25:22 - [MESSAGE][PASSED] - Keys 'DOWN + ' sent to object: 'Object Repository/Objects.HighlightElements/input_field_index'

2020-06-08 12:25:22 - [TEST_STEP][PASSED] - delay(DelayTime): Delayed 3 second(s)

2020-06-08 12:25:25 - [MESSAGE][PASSED] - Delayed 3 second(s)

2020-06-08 12:25:25 - [TEST_STEP][PASSED] - sendKeys(NewInputNmField, Keys.chord(ENTER)): Keys 'ENTER + ' sent to object: 'Object Repository/Objects.HighlightElements/input_field_index'

2020-06-08 12:25:25 - [MESSAGE][PASSED] - Keys 'ENTER + ' sent to object: 'Object Repository/Objects.HighlightElements/input_field_index'

2020-06-08 12:25:25 - [TEST_STEP][PASSED] - ComboBoxValue = getAttribute(NewInputNmField, "value"): Attribute 'value' of object 'Object Repository/Objects.HighlightElements/input_field_index' is: 'Tan Jing Ying (JINGYING)'

2020-06-08 12:25:25 - [MESSAGE][PASSED] - Attribute 'value' of object 'Object Repository/Objects.HighlightElements/input_field_index' is: 'Tan Jing Ying (JINGYING)'

2020-06-08 12:25:25 - [TEST_STEP][PASSED] - callTestCase(findTestCase(CallTCName), ["FindValue":ComboBoxValue, "DropdownNm":comboNm], STOP_ON_FAILURE): Call Test Case 'Test Cases/PFI Precision and Scale/HashMap Tables/OfficerLists' successfully

2020-06-08 12:25:25 - [TEST_CASE][PASSED] - Test Cases/PFI Precision and Scale/HashMap Tables/OfficerLists: Test Cases/PFI Precision and Scale/HashMap Tables/OfficerLists

2020-06-08 12:25:25 - [TEST_STEP][PASSED] - Thread.sleep(1000): null

2020-06-08 12:25:26 - [TEST_STEP][PASSED] - OfficerLists = [1:"Aaron Sham Wai Lun (AARON)", 2:"Azidah Bte Akmad (Mdm) (USAABD)", 3:"Chung Fong Nyen (USACFN)", 4:"David Tey Dah Wei (DAHWEI)", ... ]: null

2020-06-08 12:25:26 - [TEST_STEP][PASSED] - ValueFound = OfficerLists.find({ -> ... }): null

2020-06-08 12:25:26 - [MESSAGE][PASSED] - Call Test Case 'Test Cases/PFI Precision and Scale/HashMap Tables/OfficerLists' successfully

2020-06-08 12:25:26 - [TEST_STEP][PASSED] - println(ValueFound): null

2020-06-08 12:25:26 - [TEST_STEP][PASSED] - sendKeys(NewInputNmField, Keys.chord(ARROW_DOWN)): Keys 'DOWN + ' sent to object: 'Object Repository/Objects.HighlightElements/input_field_index'

2020-06-08 12:25:27 - [MESSAGE][PASSED] - Keys 'DOWN + ' sent to object: 'Object Repository/Objects.HighlightElements/input_field_index'

2020-06-08 12:25:27 - [TEST_STEP][PASSED] - sendKeys(NewInputNmField, Keys.chord(ARROW_DOWN)): Keys 'DOWN + ' sent to object: 'Object Repository/Objects.HighlightElements/input_field_index'

2020-06-08 12:25:27 - [MESSAGE][PASSED] - Keys 'DOWN + ' sent to object: 'Object Repository/Objects.HighlightElements/input_field_index'

2020-06-08 12:25:27 - [TEST_STEP][PASSED] - delay(DelayTime): Delayed 3 second(s)

2020-06-08 12:25:30 - [MESSAGE][PASSED] - Delayed 3 second(s)

2020-06-08 12:25:30 - [TEST_STEP][PASSED] - sendKeys(NewInputNmField, Keys.chord(ENTER)): Keys 'ENTER + ' sent to object: 'Object Repository/Objects.HighlightElements/input_field_index'

2020-06-08 12:25:30 - [MESSAGE][PASSED] - Keys 'ENTER + ' sent to object: 'Object Repository/Objects.HighlightElements/input_field_index'

2020-06-08 12:25:30 - [TEST_STEP][PASSED] - ComboBoxValue = getAttribute(NewInputNmField, "value"): Attribute 'value' of object 'Object Repository/Objects.HighlightElements/input_field_index' is: 'Tan Kwan Joo (KWANJOO)'

2020-06-08 12:25:30 - [MESSAGE][PASSED] - Attribute 'value' of object 'Object Repository/Objects.HighlightElements/input_field_index' is: 'Tan Kwan Joo (KWANJOO)'

2020-06-08 12:25:30 - [TEST_STEP][PASSED] - callTestCase(findTestCase(CallTCName), ["FindValue":ComboBoxValue, "DropdownNm":comboNm], STOP_ON_FAILURE): Call Test Case 'Test Cases/PFI Precision and Scale/HashMap Tables/OfficerLists' successfully

2020-06-08 12:25:30 - [TEST_CASE][PASSED] - Test Cases/PFI Precision and Scale/HashMap Tables/OfficerLists: Test Cases/PFI Precision and Scale/HashMap Tables/OfficerLists

2020-06-08 12:25:30 - [TEST_STEP][PASSED] - Thread.sleep(1000): null

2020-06-08 12:25:31 - [TEST_STEP][PASSED] - OfficerLists = [1:"Aaron Sham Wai Lun (AARON)", 2:"Azidah Bte Akmad (Mdm) (USAABD)", 3:"Chung Fong Nyen (USACFN)", 4:"David Tey Dah Wei (DAHWEI)", ... ]: null

2020-06-08 12:25:31 - [TEST_STEP][PASSED] - ValueFound = OfficerLists.find({ -> ... }): null

2020-06-08 12:25:31 - [MESSAGE][PASSED] - Call Test Case 'Test Cases/PFI Precision and Scale/HashMap Tables/OfficerLists' successfully

2020-06-08 12:25:31 - [TEST_STEP][PASSED] - println(ValueFound): null

2020-06-08 12:25:31 - [TEST_STEP][PASSED] - sendKeys(NewInputNmField, Keys.chord(ARROW_DOWN)): Keys 'DOWN + ' sent to object: 'Object Repository/Objects.HighlightElements/input_field_index'

2020-06-08 12:25:31 - [MESSAGE][PASSED] - Keys 'DOWN + ' sent to object: 'Object Repository/Objects.HighlightElements/input_field_index'

2020-06-08 12:25:31 - [TEST_STEP][PASSED] - sendKeys(NewInputNmField, Keys.chord(ARROW_DOWN)): Keys 'DOWN + ' sent to object: 'Object Repository/Objects.HighlightElements/input_field_index'

2020-06-08 12:25:31 - [MESSAGE][PASSED] - Keys 'DOWN + ' sent to object: 'Object Repository/Objects.HighlightElements/input_field_index'

2020-06-08 12:25:31 - [TEST_STEP][PASSED] - delay(DelayTime): Delayed 3 second(s)

2020-06-08 12:25:34 - [MESSAGE][PASSED] - Delayed 3 second(s)

2020-06-08 12:25:34 - [TEST_STEP][PASSED] - sendKeys(NewInputNmField, Keys.chord(ENTER)): Keys 'ENTER + ' sent to object: 'Object Repository/Objects.HighlightElements/input_field_index'

2020-06-08 12:25:34 - [MESSAGE][PASSED] - Keys 'ENTER + ' sent to object: 'Object Repository/Objects.HighlightElements/input_field_index'

2020-06-08 12:25:34 - [TEST_STEP][PASSED] - ComboBoxValue = getAttribute(NewInputNmField, "value"): Attribute 'value' of object 'Object Repository/Objects.HighlightElements/input_field_index' is: 'Titus Chua Hwa Ping (TITUS)'

2020-06-08 12:25:34 - [MESSAGE][PASSED] - Attribute 'value' of object 'Object Repository/Objects.HighlightElements/input_field_index' is: 'Titus Chua Hwa Ping (TITUS)'

2020-06-08 12:25:34 - [TEST_STEP][PASSED] - callTestCase(findTestCase(CallTCName), ["FindValue":ComboBoxValue, "DropdownNm":comboNm], STOP_ON_FAILURE): Call Test Case 'Test Cases/PFI Precision and Scale/HashMap Tables/OfficerLists' successfully

2020-06-08 12:25:34 - [TEST_CASE][PASSED] - Test Cases/PFI Precision and Scale/HashMap Tables/OfficerLists: Test Cases/PFI Precision and Scale/HashMap Tables/OfficerLists

2020-06-08 12:25:34 - [TEST_STEP][PASSED] - Thread.sleep(1000): null

2020-06-08 12:25:35 - [TEST_STEP][PASSED] - OfficerLists = [1:"Aaron Sham Wai Lun (AARON)", 2:"Azidah Bte Akmad (Mdm) (USAABD)", 3:"Chung Fong Nyen (USACFN)", 4:"David Tey Dah Wei (DAHWEI)", ... ]: null

2020-06-08 12:25:35 - [TEST_STEP][PASSED] - ValueFound = OfficerLists.find({ -> ... }): null

2020-06-08 12:25:35 - [MESSAGE][PASSED] - Call Test Case 'Test Cases/PFI Precision and Scale/HashMap Tables/OfficerLists' successfully

2020-06-08 12:25:35 - [TEST_STEP][PASSED] - println(ValueFound): null

2020-06-08 12:25:35 - [TEST_STEP][PASSED] - sendKeys(NewInputNmField, Keys.chord(ARROW_DOWN)): Keys 'DOWN + ' sent to object: 'Object Repository/Objects.HighlightElements/input_field_index'

2020-06-08 12:25:35 - [MESSAGE][PASSED] - Keys 'DOWN + ' sent to object: 'Object Repository/Objects.HighlightElements/input_field_index'

2020-06-08 12:25:35 - [TEST_STEP][PASSED] - sendKeys(NewInputNmField, Keys.chord(ARROW_DOWN)): Keys 'DOWN + ' sent to object: 'Object Repository/Objects.HighlightElements/input_field_index'

2020-06-08 12:25:35 - [MESSAGE][PASSED] - Keys 'DOWN + ' sent to object: 'Object Repository/Objects.HighlightElements/input_field_index'

2020-06-08 12:25:35 - [TEST_STEP][PASSED] - delay(DelayTime): Delayed 3 second(s)

2020-06-08 12:25:38 - [MESSAGE][PASSED] - Delayed 3 second(s)

2020-06-08 12:25:38 - [TEST_STEP][PASSED] - sendKeys(NewInputNmField, Keys.chord(ENTER)): Keys 'ENTER + ' sent to object: 'Object Repository/Objects.HighlightElements/input_field_index'

2020-06-08 12:25:38 - [MESSAGE][PASSED] - Keys 'ENTER + ' sent to object: 'Object Repository/Objects.HighlightElements/input_field_index'

2020-06-08 12:25:38 - [TEST_STEP][PASSED] - ComboBoxValue = getAttribute(NewInputNmField, "value"): Attribute 'value' of object 'Object Repository/Objects.HighlightElements/input_field_index' is: 'Vijayaratnam Ng Lay Hoon (USANLH)'

2020-06-08 12:25:38 - [MESSAGE][PASSED] - Attribute 'value' of object 'Object Repository/Objects.HighlightElements/input_field_index' is: 'Vijayaratnam Ng Lay Hoon (USANLH)'

2020-06-08 12:25:38 - [TEST_STEP][PASSED] - callTestCase(findTestCase(CallTCName), ["FindValue":ComboBoxValue, "DropdownNm":comboNm], STOP_ON_FAILURE): Call Test Case 'Test Cases/PFI Precision and Scale/HashMap Tables/OfficerLists' successfully

2020-06-08 12:25:38 - [TEST_CASE][PASSED] - Test Cases/PFI Precision and Scale/HashMap Tables/OfficerLists: Test Cases/PFI Precision and Scale/HashMap Tables/OfficerLists

2020-06-08 12:25:38 - [TEST_STEP][PASSED] - Thread.sleep(1000): null

2020-06-08 12:25:39 - [TEST_STEP][PASSED] - OfficerLists = [1:"Aaron Sham Wai Lun (AARON)", 2:"Azidah Bte Akmad (Mdm) (USAABD)", 3:"Chung Fong Nyen (USACFN)", 4:"David Tey Dah Wei (DAHWEI)", ... ]: null

2020-06-08 12:25:39 - [TEST_STEP][PASSED] - ValueFound = OfficerLists.find({ -> ... }): null

2020-06-08 12:25:39 - [MESSAGE][PASSED] - Call Test Case 'Test Cases/PFI Precision and Scale/HashMap Tables/OfficerLists' successfully

2020-06-08 12:25:39 - [TEST_STEP][PASSED] - println(ValueFound): null

2020-06-08 12:25:39 - [TEST_STEP][PASSED] - sendKeys(NewInputNmField, Keys.chord(ARROW_DOWN)): Keys 'DOWN + ' sent to object: 'Object Repository/Objects.HighlightElements/input_field_index'

2020-06-08 12:25:39 - [MESSAGE][PASSED] - Keys 'DOWN + ' sent to object: 'Object Repository/Objects.HighlightElements/input_field_index'

2020-06-08 12:25:39 - [TEST_STEP][PASSED] - sendKeys(NewInputNmField, Keys.chord(ARROW_DOWN)): Keys 'DOWN + ' sent to object: 'Object Repository/Objects.HighlightElements/input_field_index'

2020-06-08 12:25:39 - [MESSAGE][PASSED] - Keys 'DOWN + ' sent to object: 'Object Repository/Objects.HighlightElements/input_field_index'

2020-06-08 12:25:39 - [TEST_STEP][PASSED] - delay(DelayTime): Delayed 3 second(s)

2020-06-08 12:25:42 - [MESSAGE][PASSED] - Delayed 3 second(s)

2020-06-08 12:25:42 - [TEST_STEP][PASSED] - sendKeys(NewInputNmField, Keys.chord(ENTER)): Keys 'ENTER + ' sent to object: 'Object Repository/Objects.HighlightElements/input_field_index'

2020-06-08 12:25:42 - [MESSAGE][PASSED] - Keys 'ENTER + ' sent to object: 'Object Repository/Objects.HighlightElements/input_field_index'

2020-06-08 12:25:42 - [TEST_STEP][PASSED] - ComboBoxValue = getAttribute(NewInputNmField, "value"): Attribute 'value' of object 'Object Repository/Objects.HighlightElements/input_field_index' is: 'Wong Swee Sheng (WONGSWEE)'

2020-06-08 12:25:42 - [MESSAGE][PASSED] - Attribute 'value' of object 'Object Repository/Objects.HighlightElements/input_field_index' is: 'Wong Swee Sheng (WONGSWEE)'

2020-06-08 12:25:42 - [TEST_STEP][PASSED] - callTestCase(findTestCase(CallTCName), ["FindValue":ComboBoxValue, "DropdownNm":comboNm], STOP_ON_FAILURE): Call Test Case 'Test Cases/PFI Precision and Scale/HashMap Tables/OfficerLists' successfully

2020-06-08 12:25:43 - [TEST_CASE][PASSED] - Test Cases/PFI Precision and Scale/HashMap Tables/OfficerLists: Test Cases/PFI Precision and Scale/HashMap Tables/OfficerLists

2020-06-08 12:25:43 - [TEST_STEP][PASSED] - Thread.sleep(1000): null

2020-06-08 12:25:44 - [TEST_STEP][PASSED] - OfficerLists = [1:"Aaron Sham Wai Lun (AARON)", 2:"Azidah Bte Akmad (Mdm) (USAABD)", 3:"Chung Fong Nyen (USACFN)", 4:"David Tey Dah Wei (DAHWEI)", ... ]: null

2020-06-08 12:25:44 - [TEST_STEP][PASSED] - ValueFound = OfficerLists.find({ -> ... }): null

2020-06-08 12:25:44 - [MESSAGE][PASSED] - Call Test Case 'Test Cases/PFI Precision and Scale/HashMap Tables/OfficerLists' successfully

2020-06-08 12:25:44 - [TEST_STEP][PASSED] - println(ValueFound): null

2020-06-08 12:25:44 - [TEST_STEP][PASSED] - sendKeys(NewInputNmField, Keys.chord(ARROW_DOWN)): Keys 'DOWN + ' sent to object: 'Object Repository/Objects.HighlightElements/input_field_index'

2020-06-08 12:25:44 - [MESSAGE][PASSED] - Keys 'DOWN + ' sent to object: 'Object Repository/Objects.HighlightElements/input_field_index'

2020-06-08 12:25:44 - [TEST_STEP][PASSED] - sendKeys(NewInputNmField, Keys.chord(ARROW_DOWN)): Keys 'DOWN + ' sent to object: 'Object Repository/Objects.HighlightElements/input_field_index'

2020-06-08 12:25:44 - [MESSAGE][PASSED] - Keys 'DOWN + ' sent to object: 'Object Repository/Objects.HighlightElements/input_field_index'

2020-06-08 12:25:44 - [TEST_STEP][PASSED] - delay(DelayTime): Delayed 3 second(s)

2020-06-08 12:25:47 - [MESSAGE][PASSED] - Delayed 3 second(s)

2020-06-08 12:25:47 - [TEST_STEP][PASSED] - sendKeys(NewInputNmField, Keys.chord(ENTER)): Keys 'ENTER + ' sent to object: 'Object Repository/Objects.HighlightElements/input_field_index'

2020-06-08 12:25:47 - [MESSAGE][PASSED] - Keys 'ENTER + ' sent to object: 'Object Repository/Objects.HighlightElements/input_field_index'

2020-06-08 12:25:47 - [TEST_STEP][PASSED] - ComboBoxValue = getAttribute(NewInputNmField, "value"): Attribute 'value' of object 'Object Repository/Objects.HighlightElements/input_field_index' is: 'Zhao Dianfeng (DIANFENG)'

2020-06-08 12:25:47 - [MESSAGE][PASSED] - Attribute 'value' of object 'Object Repository/Objects.HighlightElements/input_field_index' is: 'Zhao Dianfeng (DIANFENG)'

2020-06-08 12:25:47 - [TEST_STEP][PASSED] - callTestCase(findTestCase(CallTCName), ["FindValue":ComboBoxValue, "DropdownNm":comboNm], STOP_ON_FAILURE): Call Test Case 'Test Cases/PFI Precision and Scale/HashMap Tables/OfficerLists' successfully

2020-06-08 12:25:47 - [TEST_CASE][PASSED] - Test Cases/PFI Precision and Scale/HashMap Tables/OfficerLists: Test Cases/PFI Precision and Scale/HashMap Tables/OfficerLists

2020-06-08 12:25:47 - [TEST_STEP][PASSED] - Thread.sleep(1000): null

2020-06-08 12:25:48 - [TEST_STEP][PASSED] - OfficerLists = [1:"Aaron Sham Wai Lun (AARON)", 2:"Azidah Bte Akmad (Mdm) (USAABD)", 3:"Chung Fong Nyen (USACFN)", 4:"David Tey Dah Wei (DAHWEI)", ... ]: null

2020-06-08 12:25:48 - [TEST_STEP][PASSED] - ValueFound = OfficerLists.find({ -> ... }): null

2020-06-08 12:25:48 - [MESSAGE][PASSED] - Call Test Case 'Test Cases/PFI Precision and Scale/HashMap Tables/OfficerLists' successfully

2020-06-08 12:25:48 - [TEST_STEP][PASSED] - println(ValueFound): null

2020-06-08 12:25:48 - [TEST_STEP][PASSED] - sendKeys(NewInputNmField, Keys.chord(ARROW_DOWN)): Keys 'DOWN + ' sent to object: 'Object Repository/Objects.HighlightElements/input_field_index'

2020-06-08 12:25:48 - [MESSAGE][PASSED] - Keys 'DOWN + ' sent to object: 'Object Repository/Objects.HighlightElements/input_field_index'

2020-06-08 12:25:48 - [TEST_STEP][PASSED] - sendKeys(NewInputNmField, Keys.chord(ENTER)): Keys 'ENTER + ' sent to object: 'Object Repository/Objects.HighlightElements/input_field_index'

2020-06-08 12:25:48 - [MESSAGE][PASSED] - Keys 'ENTER + ' sent to object: 'Object Repository/Objects.HighlightElements/input_field_index'

2020-06-08 12:25:48 - [MESSAGE][PASSED] - Call Test Case 'Test Cases/PFI Precision and Scale/PFI Components with Indexing/VerifyDropdownValuesIndex' successfully

2020-06-08 12:25:48 - [TEST_STEP][PASSED] - callTestCase(findTestCase("Components/SelectAllThenDeleteIndex"), ["nameToBeUsed":"psiRecommendTo", "index":1], STOP_ON_FAILURE): Call Test Case 'Test Cases/Components/SelectAllThenDeleteIndex' successfully

2020-06-08 12:25:48 - [TEST_CASE][PASSED] - Test Cases/Components/SelectAllThenDeleteIndex: Test Cases/Components/SelectAllThenDeleteIndex

2020-06-08 12:25:48 - [TEST_STEP][PASSED] - Thread.sleep(1000): null

2020-06-08 12:25:49 - [TEST_STEP][PASSED] - modifiedObj = modifyObjectProperty(findTestObject("Object Repository/Objects.HighlightElements/input_field_index"), "xpath", "equals", "(//*[contains(@class,'x-form-text') and (@name='" + nameToBeUsed + "')])[" + index + "]", true): Modify property of object successfully

2020-06-08 12:25:49 - [MESSAGE][PASSED] - Modify property of object successfully

2020-06-08 12:25:49 - [TEST_STEP][PASSED] - focus(modifiedObj): Object: 'Object Repository/Objects.HighlightElements/input_field_index' is focused

2020-06-08 12:25:49 - [MESSAGE][PASSED] - Object: 'Object Repository/Objects.HighlightElements/input_field_index' is focused

2020-06-08 12:25:49 - [TEST_STEP][PASSED] - sendKeys(modifiedObj, Keys.chord(CONTROL, "a")): Keys 'CONTROL + a' sent to object: 'Object Repository/Objects.HighlightElements/input_field_index'

2020-06-08 12:25:49 - [MESSAGE][PASSED] - Keys 'CONTROL + a' sent to object: 'Object Repository/Objects.HighlightElements/input_field_index'

2020-06-08 12:25:49 - [TEST_STEP][PASSED] - sendKeys(modifiedObj, Keys.chord(DELETE)): Keys 'DELETE + ' sent to object: 'Object Repository/Objects.HighlightElements/input_field_index'

2020-06-08 12:25:49 - [MESSAGE][PASSED] - Keys 'DELETE + ' sent to object: 'Object Repository/Objects.HighlightElements/input_field_index'

2020-06-08 12:25:49 - [MESSAGE][PASSED] - Call Test Case 'Test Cases/Components/SelectAllThenDeleteIndex' successfully

2020-06-08 12:25:49 - [TEST_STEP][PASSED] - callTestCase(findTestCase("PFI Precision and Scale/PFI Components with Indexing/RequiredFieldValidationIndex"), ["nameToBeUsed":"psiRecommendTo", "index":1], STOP_ON_FAILURE): Call Test Case 'Test Cases/PFI Precision and Scale/PFI Components with Indexing/RequiredFieldValidationIndex' successfully

2020-06-08 12:25:49 - [TEST_CASE][PASSED] - Test Cases/PFI Precision and Scale/PFI Components with Indexing/RequiredFieldValidationIndex: Test Cases/PFI Precision and Scale/PFI Components with Indexing/RequiredFieldValidationIndex

2020-06-08 12:25:50 - [TEST_STEP][PASSED] - Thread.sleep(2000): null

2020-06-08 12:25:52 - [TEST_STEP][PASSED] - NewInputNmField = modifyObjectProperty(findTestObject("Objects.HighlightElements/input_field_index"), "xpath", "equals", "(//*[contains(@class,'x-form-text') and (@name='" + nameToBeUsed + "')])[" + index + "]", true): Modify property of object successfully

2020-06-08 12:25:52 - [MESSAGE][PASSED] - Modify property of object successfully

2020-06-08 12:25:52 - [TEST_STEP][PASSED] - mouseOver(NewInputNmField): Object: 'Object Repository/Objects.HighlightElements/input_field_index' is hovered

2020-06-08 12:25:52 - [MESSAGE][PASSED] - Object: 'Object Repository/Objects.HighlightElements/input_field_index' is hovered

2020-06-08 12:25:52 - [TEST_STEP][PASSED] - getRqErrMsg = getAttribute(NewInputNmField, "data-errorqtip"): Attribute 'data-errorqtip' of object 'Object Repository/Objects.HighlightElements/input_field_index' is: '<ul class="x-list-plain"><li>This field is required</li></ul>'

2020-06-08 12:25:52 - [MESSAGE][PASSED] - Attribute 'data-errorqtip' of object 'Object Repository/Objects.HighlightElements/input_field_index' is: '<ul class="x-list-plain"><li>This field is required</li></ul>'

2020-06-08 12:25:52 - [TEST_STEP][PASSED] - strToolTip = getRqErrMsg.substring(29, 61): null

2020-06-08 12:25:52 - [TEST_STEP][PASSED] - toolTipReqErrMsg = strToolTip.substring(0, 22): null

2020-06-08 12:25:52 - [TEST_STEP][PASSED] - verifyMatch(toolTipReqErrMsg, RqField, true): Actual text 'This field is required' and expected text 'This field is required' are matched  using regular expression

2020-06-08 12:25:52 - [MESSAGE][PASSED] - Actual text 'This field is required' and expected text 'This field is required' are matched  using regular expression

2020-06-08 12:25:52 - [MESSAGE][PASSED] - Call Test Case 'Test Cases/PFI Precision and Scale/PFI Components with Indexing/RequiredFieldValidationIndex' successfully

2020-06-08 12:25:52 - [TEST_STEP][FAILED] - callTestCase(findTestCase("Components/HighlightLabelFieldXPI"), ["LblName":"Recommend Type:", "index":3], STOP_ON_FAILURE): Unable to call Test Case 'Test Cases/Components/HighlightLabelFieldXPI' (Root cause: com.kms.katalon.core.exception.StepErrorException: Call Test Case 'Test Cases/Components/HighlightLabelFieldXPI' failed because of error(s)
	at com.kms.katalon.core.keyword.builtin.CallTestCaseKeyword$_callTestCase_closure1.doCall(CallTestCaseKeyword.groovy:66)
	at com.kms.katalon.core.keyword.builtin.CallTestCaseKeyword$_callTestCase_closure1.call(CallTestCaseKeyword.groovy)
	at com.kms.katalon.core.keyword.internal.KeywordMain.runKeyword(KeywordMain.groovy:68)
	at com.kms.katalon.core.keyword.builtin.CallTestCaseKeyword.callTestCase(CallTestCaseKeyword.groovy:81)
	at com.kms.katalon.core.keyword.builtin.CallTestCaseKeyword.execute(CallTestCaseKeyword.groovy:44)
	at com.kms.katalon.core.keyword.internal.KeywordExecutor.executeKeywordForPlatform(KeywordExecutor.groovy:72)
	at com.kms.katalon.core.keyword.BuiltinKeywords.callTestCase(BuiltinKeywords.groovy:334)
	at PFI.RecommendLHS.run(PFI.RecommendLHS:56)
	at com.kms.katalon.core.main.ScriptEngine.run(ScriptEngine.java:194)
	at com.kms.katalon.core.main.ScriptEngine.runScriptAsRawText(ScriptEngine.java:119)
	at com.kms.katalon.core.main.TestCaseExecutor.runScript(TestCaseExecutor.java:337)
	at com.kms.katalon.core.main.TestCaseExecutor.doExecute(TestCaseExecutor.java:328)
	at com.kms.katalon.core.main.TestCaseExecutor.processExecutionPhase(TestCaseExecutor.java:307)
	at com.kms.katalon.core.main.TestCaseExecutor.accessMainPhase(TestCaseExecutor.java:299)
	at com.kms.katalon.core.main.TestCaseExecutor.execute(TestCaseExecutor.java:233)
	at com.kms.katalon.core.main.TestSuiteExecutor.accessTestCaseMainPhase(TestSuiteExecutor.java:169)
	at com.kms.katalon.core.main.TestSuiteExecutor.accessTestSuiteMainPhase(TestSuiteExecutor.java:142)
	at com.kms.katalon.core.main.TestSuiteExecutor.execute(TestSuiteExecutor.java:91)
	at com.kms.katalon.core.main.TestCaseMain.startTestSuite(TestCaseMain.java:157)
	at com.kms.katalon.core.main.TestCaseMain$startTestSuite$0.call(Unknown Source)
	at TempTestSuite1591590028740.run(TempTestSuite1591590028740.groovy:36)
Caused by: org.codehaus.groovy.runtime.InvokerInvocationException: java.lang.AssertionError: Web element with id: 'Object Repository/Objects.HighlightElements/lblField_index' located by 'By.xpath: (//*[contains(@class, 'x-form-item-label-inner x-form-item-label-inner-default') and contains(., 'Recommend Type:')])[3]' not found
	at com.reusableComponents.HighlightElement.invokeMethod(HighlightElement.groovy)
	at com.kms.katalon.core.main.CustomKeywordDelegatingMetaClass.invokeStaticMethod(CustomKeywordDelegatingMetaClass.java:50)
	at HighlightLabelFieldXPI.run(HighlightLabelFieldXPI:32)
	at com.kms.katalon.core.main.ScriptEngine.run(ScriptEngine.java:194)
	at com.kms.katalon.core.main.ScriptEngine.runScriptAsRawText(ScriptEngine.java:119)
	at com.kms.katalon.core.main.TestCaseExecutor.runScript(TestCaseExecutor.java:337)
	at com.kms.katalon.core.main.TestCaseExecutor.doExecute(TestCaseExecutor.java:328)
	at com.kms.katalon.core.main.TestCaseExecutor.processExecutionPhase(TestCaseExecutor.java:307)
	at com.kms.katalon.core.main.TestCaseExecutor.accessMainPhase(TestCaseExecutor.java:299)
	at com.kms.katalon.core.main.TestCaseExecutor.execute(TestCaseExecutor.java:233)
	at com.kms.katalon.core.main.TestCaseMain.runTestCase(TestCaseMain.java:114)
	at com.kms.katalon.core.keyword.builtin.CallTestCaseKeyword$_callTestCase_closure1.doCall(CallTestCaseKeyword.groovy:59)
	... 20 more
Caused by: java.lang.AssertionError: Web element with id: 'Object Repository/Objects.HighlightElements/lblField_index' located by 'By.xpath: (//*[contains(@class, 'x-form-item-label-inner x-form-item-label-inner-default') and contains(., 'Recommend Type:')])[3]' not found
	at org.testng.Assert.fail(Assert.java:93)
	at org.testng.Assert$fail.call(Unknown Source)
	at com.reusableComponents.HighlightElement.run(HighlightElement.groovy:27)
	... 32 more
)

2020-06-08 12:25:52 - [TEST_CASE][ERROR] - Test Cases/Components/HighlightLabelFieldXPI: Test Cases/Components/HighlightLabelFieldXPI FAILED.
Reason:
org.codehaus.groovy.runtime.InvokerInvocationException: java.lang.AssertionError: Web element with id: 'Object Repository/Objects.HighlightElements/lblField_index' located by 'By.xpath: (//*[contains(@class, 'x-form-item-label-inner x-form-item-label-inner-default') and contains(., 'Recommend Type:')])[3]' not found
	at com.reusableComponents.HighlightElement.invokeMethod(HighlightElement.groovy)
	at com.kms.katalon.core.main.CustomKeywordDelegatingMetaClass.invokeStaticMethod(CustomKeywordDelegatingMetaClass.java:50)
	at HighlightLabelFieldXPI.run(HighlightLabelFieldXPI:32)
	at com.kms.katalon.core.main.ScriptEngine.run(ScriptEngine.java:194)
	at com.kms.katalon.core.main.ScriptEngine.runScriptAsRawText(ScriptEngine.java:119)
	at com.kms.katalon.core.main.TestCaseExecutor.runScript(TestCaseExecutor.java:337)
	at com.kms.katalon.core.main.TestCaseExecutor.doExecute(TestCaseExecutor.java:328)
	at com.kms.katalon.core.main.TestCaseExecutor.processExecutionPhase(TestCaseExecutor.java:307)
	at com.kms.katalon.core.main.TestCaseExecutor.accessMainPhase(TestCaseExecutor.java:299)
	at com.kms.katalon.core.main.TestCaseExecutor.execute(TestCaseExecutor.java:233)
	at com.kms.katalon.core.main.TestCaseMain.runTestCase(TestCaseMain.java:114)
	at com.kms.katalon.core.keyword.builtin.CallTestCaseKeyword$_callTestCase_closure1.doCall(CallTestCaseKeyword.groovy:59)
	at com.kms.katalon.core.keyword.builtin.CallTestCaseKeyword$_callTestCase_closure1.call(CallTestCaseKeyword.groovy)
	at com.kms.katalon.core.keyword.internal.KeywordMain.runKeyword(KeywordMain.groovy:68)
	at com.kms.katalon.core.keyword.builtin.CallTestCaseKeyword.callTestCase(CallTestCaseKeyword.groovy:81)
	at com.kms.katalon.core.keyword.builtin.CallTestCaseKeyword.execute(CallTestCaseKeyword.groovy:44)
	at com.kms.katalon.core.keyword.internal.KeywordExecutor.executeKeywordForPlatform(KeywordExecutor.groovy:72)
	at com.kms.katalon.core.keyword.BuiltinKeywords.callTestCase(BuiltinKeywords.groovy:334)
	at PFI.RecommendLHS.run(PFI.RecommendLHS:56)
	at com.kms.katalon.core.main.ScriptEngine.run(ScriptEngine.java:194)
	at com.kms.katalon.core.main.ScriptEngine.runScriptAsRawText(ScriptEngine.java:119)
	at com.kms.katalon.core.main.TestCaseExecutor.runScript(TestCaseExecutor.java:337)
	at com.kms.katalon.core.main.TestCaseExecutor.doExecute(TestCaseExecutor.java:328)
	at com.kms.katalon.core.main.TestCaseExecutor.processExecutionPhase(TestCaseExecutor.java:307)
	at com.kms.katalon.core.main.TestCaseExecutor.accessMainPhase(TestCaseExecutor.java:299)
	at com.kms.katalon.core.main.TestCaseExecutor.execute(TestCaseExecutor.java:233)
	at com.kms.katalon.core.main.TestSuiteExecutor.accessTestCaseMainPhase(TestSuiteExecutor.java:169)
	at com.kms.katalon.core.main.TestSuiteExecutor.accessTestSuiteMainPhase(TestSuiteExecutor.java:142)
	at com.kms.katalon.core.main.TestSuiteExecutor.execute(TestSuiteExecutor.java:91)
	at com.kms.katalon.core.main.TestCaseMain.startTestSuite(TestCaseMain.java:157)
	at com.kms.katalon.core.main.TestCaseMain$startTestSuite$0.call(Unknown Source)
	at TempTestSuite1591590028740.run(TempTestSuite1591590028740.groovy:36)
Caused by: java.lang.AssertionError: Web element with id: 'Object Repository/Objects.HighlightElements/lblField_index' located by 'By.xpath: (//*[contains(@class, 'x-form-item-label-inner x-form-item-label-inner-default') and contains(., 'Recommend Type:')])[3]' not found
	at org.testng.Assert.fail(Assert.java:93)
	at org.testng.Assert$fail.call(Unknown Source)
	at com.reusableComponents.HighlightElement.run(HighlightElement.groovy:27)
	... 32 more


2020-06-08 12:25:52 - [TEST_STEP][PASSED] - Thread.sleep(1000): null

2020-06-08 12:25:53 - [TEST_STEP][PASSED] - modifiedLblNm = modifyObjectProperty(findTestObject("Object Repository/Objects.HighlightElements/lblField_index"), "xpath", "equals", "(//*[contains(@class, 'x-form-item-label-inner x-form-item-label-inner-default') and contains(., '" + LblName + "')])[" + index + "]", true): Modify property of object successfully

2020-06-08 12:25:53 - [MESSAGE][PASSED] - Modify property of object successfully

2020-06-08 12:25:53 - [TEST_STEP][FAILED] - com.reusableComponents.HighlightElement.run(modifiedLblNm): java.lang.AssertionError: Web element with id: 'Object Repository/Objects.HighlightElements/lblField_index' located by 'By.xpath: (//*[contains(@class, 'x-form-item-label-inner x-form-item-label-inner-default') and contains(., 'Recommend Type:')])[3]' not found

2020-06-08 12:26:14 - [MESSAGE][INFO] - Unable to find the element located by 'By.xpath: (//*[contains(@class, 'x-form-item-label-inner x-form-item-label-inner-default') and contains(., 'Recommend Type:')])[3]'. Please recheck the objects properties to make sure the desired element is located. 

2020-06-08 12:26:14 - [MESSAGE][FAILED] - java.lang.AssertionError: Web element with id: 'Object Repository/Objects.HighlightElements/lblField_index' located by 'By.xpath: (//*[contains(@class, 'x-form-item-label-inner x-form-item-label-inner-default') and contains(., 'Recommend Type:')])[3]' not found

2020-06-08 12:26:14 - [MESSAGE][FAILED] - Unable to call Test Case 'Test Cases/Components/HighlightLabelFieldXPI' (Root cause: com.kms.katalon.core.exception.StepErrorException: Call Test Case 'Test Cases/Components/HighlightLabelFieldXPI' failed because of error(s)
	at com.kms.katalon.core.keyword.builtin.CallTestCaseKeyword$_callTestCase_closure1.doCall(CallTestCaseKeyword.groovy:66)
	at com.kms.katalon.core.keyword.builtin.CallTestCaseKeyword$_callTestCase_closure1.call(CallTestCaseKeyword.groovy)
	at com.kms.katalon.core.keyword.internal.KeywordMain.runKeyword(KeywordMain.groovy:68)
	at com.kms.katalon.core.keyword.builtin.CallTestCaseKeyword.callTestCase(CallTestCaseKeyword.groovy:81)
	at com.kms.katalon.core.keyword.builtin.CallTestCaseKeyword.execute(CallTestCaseKeyword.groovy:44)
	at com.kms.katalon.core.keyword.internal.KeywordExecutor.executeKeywordForPlatform(KeywordExecutor.groovy:72)
	at com.kms.katalon.core.keyword.BuiltinKeywords.callTestCase(BuiltinKeywords.groovy:334)
	at PFI.RecommendLHS.run(PFI.RecommendLHS:56)
	at com.kms.katalon.core.main.ScriptEngine.run(ScriptEngine.java:194)
	at com.kms.katalon.core.main.ScriptEngine.runScriptAsRawText(ScriptEngine.java:119)
	at com.kms.katalon.core.main.TestCaseExecutor.runScript(TestCaseExecutor.java:337)
	at com.kms.katalon.core.main.TestCaseExecutor.doExecute(TestCaseExecutor.java:328)
	at com.kms.katalon.core.main.TestCaseExecutor.processExecutionPhase(TestCaseExecutor.java:307)
	at com.kms.katalon.core.main.TestCaseExecutor.accessMainPhase(TestCaseExecutor.java:299)
	at com.kms.katalon.core.main.TestCaseExecutor.execute(TestCaseExecutor.java:233)
	at com.kms.katalon.core.main.TestSuiteExecutor.accessTestCaseMainPhase(TestSuiteExecutor.java:169)
	at com.kms.katalon.core.main.TestSuiteExecutor.accessTestSuiteMainPhase(TestSuiteExecutor.java:142)
	at com.kms.katalon.core.main.TestSuiteExecutor.execute(TestSuiteExecutor.java:91)
	at com.kms.katalon.core.main.TestCaseMain.startTestSuite(TestCaseMain.java:157)
	at com.kms.katalon.core.main.TestCaseMain$startTestSuite$0.call(Unknown Source)
	at TempTestSuite1591590028740.run(TempTestSuite1591590028740.groovy:36)
Caused by: org.codehaus.groovy.runtime.InvokerInvocationException: java.lang.AssertionError: Web element with id: 'Object Repository/Objects.HighlightElements/lblField_index' located by 'By.xpath: (//*[contains(@class, 'x-form-item-label-inner x-form-item-label-inner-default') and contains(., 'Recommend Type:')])[3]' not found
	at com.reusableComponents.HighlightElement.invokeMethod(HighlightElement.groovy)
	at com.kms.katalon.core.main.CustomKeywordDelegatingMetaClass.invokeStaticMethod(CustomKeywordDelegatingMetaClass.java:50)
	at HighlightLabelFieldXPI.run(HighlightLabelFieldXPI:32)
	at com.kms.katalon.core.main.ScriptEngine.run(ScriptEngine.java:194)
	at com.kms.katalon.core.main.ScriptEngine.runScriptAsRawText(ScriptEngine.java:119)
	at com.kms.katalon.core.main.TestCaseExecutor.runScript(TestCaseExecutor.java:337)
	at com.kms.katalon.core.main.TestCaseExecutor.doExecute(TestCaseExecutor.java:328)
	at com.kms.katalon.core.main.TestCaseExecutor.processExecutionPhase(TestCaseExecutor.java:307)
	at com.kms.katalon.core.main.TestCaseExecutor.accessMainPhase(TestCaseExecutor.java:299)
	at com.kms.katalon.core.main.TestCaseExecutor.execute(TestCaseExecutor.java:233)
	at com.kms.katalon.core.main.TestCaseMain.runTestCase(TestCaseMain.java:114)
	at com.kms.katalon.core.keyword.builtin.CallTestCaseKeyword$_callTestCase_closure1.doCall(CallTestCaseKeyword.groovy:59)
	... 20 more
Caused by: java.lang.AssertionError: Web element with id: 'Object Repository/Objects.HighlightElements/lblField_index' located by 'By.xpath: (//*[contains(@class, 'x-form-item-label-inner x-form-item-label-inner-default') and contains(., 'Recommend Type:')])[3]' not found
	at org.testng.Assert.fail(Assert.java:93)
	at org.testng.Assert$fail.call(Unknown Source)
	at com.reusableComponents.HighlightElement.run(HighlightElement.groovy:27)
	... 32 more
)]]></system-out>
         <system-err><![CDATA[2020-06-08 12:22:51 - [TEST_CASE][ERROR] - Test Cases/PFI Precision and Scale/PFI Test Cases/Process Case (PFI)/PFI.RecommendLHS: Test Cases/PFI Precision and Scale/PFI Test Cases/Process Case (PFI)/PFI.RecommendLHS FAILED.
Reason:
com.kms.katalon.core.exception.StepErrorException: Call Test Case 'Test Cases/Components/HighlightLabelFieldXPI' failed because of error(s)
	at com.kms.katalon.core.keyword.builtin.CallTestCaseKeyword$_callTestCase_closure1.doCall(CallTestCaseKeyword.groovy:66)
	at com.kms.katalon.core.keyword.builtin.CallTestCaseKeyword$_callTestCase_closure1.call(CallTestCaseKeyword.groovy)
	at com.kms.katalon.core.keyword.internal.KeywordMain.runKeyword(KeywordMain.groovy:68)
	at com.kms.katalon.core.keyword.builtin.CallTestCaseKeyword.callTestCase(CallTestCaseKeyword.groovy:81)
	at com.kms.katalon.core.keyword.builtin.CallTestCaseKeyword.execute(CallTestCaseKeyword.groovy:44)
	at com.kms.katalon.core.keyword.internal.KeywordExecutor.executeKeywordForPlatform(KeywordExecutor.groovy:72)
	at com.kms.katalon.core.keyword.BuiltinKeywords.callTestCase(BuiltinKeywords.groovy:334)
	at PFI.RecommendLHS.run(PFI.RecommendLHS:56)
	at com.kms.katalon.core.main.ScriptEngine.run(ScriptEngine.java:194)
	at com.kms.katalon.core.main.ScriptEngine.runScriptAsRawText(ScriptEngine.java:119)
	at com.kms.katalon.core.main.TestCaseExecutor.runScript(TestCaseExecutor.java:337)
	at com.kms.katalon.core.main.TestCaseExecutor.doExecute(TestCaseExecutor.java:328)
	at com.kms.katalon.core.main.TestCaseExecutor.processExecutionPhase(TestCaseExecutor.java:307)
	at com.kms.katalon.core.main.TestCaseExecutor.accessMainPhase(TestCaseExecutor.java:299)
	at com.kms.katalon.core.main.TestCaseExecutor.execute(TestCaseExecutor.java:233)
	at com.kms.katalon.core.main.TestSuiteExecutor.accessTestCaseMainPhase(TestSuiteExecutor.java:169)
	at com.kms.katalon.core.main.TestSuiteExecutor.accessTestSuiteMainPhase(TestSuiteExecutor.java:142)
	at com.kms.katalon.core.main.TestSuiteExecutor.execute(TestSuiteExecutor.java:91)
	at com.kms.katalon.core.main.TestCaseMain.startTestSuite(TestCaseMain.java:157)
	at com.kms.katalon.core.main.TestCaseMain$startTestSuite$0.call(Unknown Source)
	at TempTestSuite1591590028740.run(TempTestSuite1591590028740.groovy:36)
Caused by: org.codehaus.groovy.runtime.InvokerInvocationException: java.lang.AssertionError: Web element with id: 'Object Repository/Objects.HighlightElements/lblField_index' located by 'By.xpath: (//*[contains(@class, 'x-form-item-label-inner x-form-item-label-inner-default') and contains(., 'Recommend Type:')])[3]' not found
	at com.reusableComponents.HighlightElement.invokeMethod(HighlightElement.groovy)
	at com.kms.katalon.core.main.CustomKeywordDelegatingMetaClass.invokeStaticMethod(CustomKeywordDelegatingMetaClass.java:50)
	at HighlightLabelFieldXPI.run(HighlightLabelFieldXPI:32)
	at com.kms.katalon.core.main.ScriptEngine.run(ScriptEngine.java:194)
	at com.kms.katalon.core.main.ScriptEngine.runScriptAsRawText(ScriptEngine.java:119)
	at com.kms.katalon.core.main.TestCaseExecutor.runScript(TestCaseExecutor.java:337)
	at com.kms.katalon.core.main.TestCaseExecutor.doExecute(TestCaseExecutor.java:328)
	at com.kms.katalon.core.main.TestCaseExecutor.processExecutionPhase(TestCaseExecutor.java:307)
	at com.kms.katalon.core.main.TestCaseExecutor.accessMainPhase(TestCaseExecutor.java:299)
	at com.kms.katalon.core.main.TestCaseExecutor.execute(TestCaseExecutor.java:233)
	at com.kms.katalon.core.main.TestCaseMain.runTestCase(TestCaseMain.java:114)
	at com.kms.katalon.core.keyword.builtin.CallTestCaseKeyword$_callTestCase_closure1.doCall(CallTestCaseKeyword.groovy:59)
	... 20 more
Caused by: java.lang.AssertionError: Web element with id: 'Object Repository/Objects.HighlightElements/lblField_index' located by 'By.xpath: (//*[contains(@class, 'x-form-item-label-inner x-form-item-label-inner-default') and contains(., 'Recommend Type:')])[3]' not found
	at org.testng.Assert.fail(Assert.java:93)
	at org.testng.Assert$fail.call(Unknown Source)
	at com.reusableComponents.HighlightElement.run(HighlightElement.groovy:27)
	... 32 more]]></system-err>
      </testcase>
      <testcase name="Test Cases/PFI Precision and Scale/PFI Test Cases/Process Case (PFI)/PFI.WrittenDirectionsLHS" time="31.082" classname="Test Cases/PFI Precision and Scale/PFI Test Cases/Process Case (PFI)/PFI.WrittenDirectionsLHS" status="ERROR">
         <error type="ERROR" message="Test Cases/PFI Precision and Scale/PFI Test Cases/Process Case (PFI)/PFI.WrittenDirectionsLHS FAILED.
Reason:
com.kms.katalon.core.exception.StepErrorException: Call Test Case 'Test Cases/Components/HighlightLabelIndexField' failed because of error(s)
	at com.kms.katalon.core.keyword.builtin.CallTestCaseKeyword$_callTestCase_closure1.doCall(CallTestCaseKeyword.groovy:66)
	at com.kms.katalon.core.keyword.builtin.CallTestCaseKeyword$_callTestCase_closure1.call(CallTestCaseKeyword.groovy)
	at com.kms.katalon.core.keyword.internal.KeywordMain.runKeyword(KeywordMain.groovy:68)
	at com.kms.katalon.core.keyword.builtin.CallTestCaseKeyword.callTestCase(CallTestCaseKeyword.groovy:81)
	at com.kms.katalon.core.keyword.builtin.CallTestCaseKeyword.execute(CallTestCaseKeyword.groovy:44)
	at com.kms.katalon.core.keyword.internal.KeywordExecutor.executeKeywordForPlatform(KeywordExecutor.groovy:72)
	at com.kms.katalon.core.keyword.BuiltinKeywords.callTestCase(BuiltinKeywords.groovy:334)
	at PFI.WrittenDirectionsLHS.run(PFI.WrittenDirectionsLHS:42)
	at com.kms.katalon.core.main.ScriptEngine.run(ScriptEngine.java:194)
	at com.kms.katalon.core.main.ScriptEngine.runScriptAsRawText(ScriptEngine.java:119)
	at com.kms.katalon.core.main.TestCaseExecutor.runScript(TestCaseExecutor.java:337)
	at com.kms.katalon.core.main.TestCaseExecutor.doExecute(TestCaseExecutor.java:328)
	at com.kms.katalon.core.main.TestCaseExecutor.processExecutionPhase(TestCaseExecutor.java:307)
	at com.kms.katalon.core.main.TestCaseExecutor.accessMainPhase(TestCaseExecutor.java:299)
	at com.kms.katalon.core.main.TestCaseExecutor.execute(TestCaseExecutor.java:233)
	at com.kms.katalon.core.main.TestSuiteExecutor.accessTestCaseMainPhase(TestSuiteExecutor.java:169)
	at com.kms.katalon.core.main.TestSuiteExecutor.accessTestSuiteMainPhase(TestSuiteExecutor.java:142)
	at com.kms.katalon.core.main.TestSuiteExecutor.execute(TestSuiteExecutor.java:91)
	at com.kms.katalon.core.main.TestCaseMain.startTestSuite(TestCaseMain.java:157)
	at com.kms.katalon.core.main.TestCaseMain$startTestSuite$0.call(Unknown Source)
	at TempTestSuite1591590028740.run(TempTestSuite1591590028740.groovy:36)
Caused by: org.codehaus.groovy.runtime.InvokerInvocationException: java.lang.AssertionError: Web element with id: 'Object Repository/Objects.HighlightElements/lblField_index' located by 'By.xpath: (//*[contains(@class,'x-form-item-label-inner') and (text()='Expiry Date:')])[10]' not found
	at com.reusableComponents.HighlightElement.invokeMethod(HighlightElement.groovy)
	at com.kms.katalon.core.main.CustomKeywordDelegatingMetaClass.invokeStaticMethod(CustomKeywordDelegatingMetaClass.java:50)
	at HighlightLabelIndexField.run(HighlightLabelIndexField:33)
	at com.kms.katalon.core.main.ScriptEngine.run(ScriptEngine.java:194)
	at com.kms.katalon.core.main.ScriptEngine.runScriptAsRawText(ScriptEngine.java:119)
	at com.kms.katalon.core.main.TestCaseExecutor.runScript(TestCaseExecutor.java:337)
	at com.kms.katalon.core.main.TestCaseExecutor.doExecute(TestCaseExecutor.java:328)
	at com.kms.katalon.core.main.TestCaseExecutor.processExecutionPhase(TestCaseExecutor.java:307)
	at com.kms.katalon.core.main.TestCaseExecutor.accessMainPhase(TestCaseExecutor.java:299)
	at com.kms.katalon.core.main.TestCaseExecutor.execute(TestCaseExecutor.java:233)
	at com.kms.katalon.core.main.TestCaseMain.runTestCase(TestCaseMain.java:114)
	at com.kms.katalon.core.keyword.builtin.CallTestCaseKeyword$_callTestCase_closure1.doCall(CallTestCaseKeyword.groovy:59)
	... 20 more
Caused by: java.lang.AssertionError: Web element with id: 'Object Repository/Objects.HighlightElements/lblField_index' located by 'By.xpath: (//*[contains(@class,'x-form-item-label-inner') and (text()='Expiry Date:')])[10]' not found
	at org.testng.Assert.fail(Assert.java:93)
	at org.testng.Assert$fail.call(Unknown Source)
	at com.reusableComponents.HighlightElement.run(HighlightElement.groovy:27)
	... 32 more
"/>
         <system-out><![CDATA[2020-06-08 12:26:14 - [TEST_CASE][ERROR] - Test Cases/PFI Precision and Scale/PFI Test Cases/Process Case (PFI)/PFI.WrittenDirectionsLHS: Test Cases/PFI Precision and Scale/PFI Test Cases/Process Case (PFI)/PFI.WrittenDirectionsLHS FAILED.
Reason:
com.kms.katalon.core.exception.StepErrorException: Call Test Case 'Test Cases/Components/HighlightLabelIndexField' failed because of error(s)
	at com.kms.katalon.core.keyword.builtin.CallTestCaseKeyword$_callTestCase_closure1.doCall(CallTestCaseKeyword.groovy:66)
	at com.kms.katalon.core.keyword.builtin.CallTestCaseKeyword$_callTestCase_closure1.call(CallTestCaseKeyword.groovy)
	at com.kms.katalon.core.keyword.internal.KeywordMain.runKeyword(KeywordMain.groovy:68)
	at com.kms.katalon.core.keyword.builtin.CallTestCaseKeyword.callTestCase(CallTestCaseKeyword.groovy:81)
	at com.kms.katalon.core.keyword.builtin.CallTestCaseKeyword.execute(CallTestCaseKeyword.groovy:44)
	at com.kms.katalon.core.keyword.internal.KeywordExecutor.executeKeywordForPlatform(KeywordExecutor.groovy:72)
	at com.kms.katalon.core.keyword.BuiltinKeywords.callTestCase(BuiltinKeywords.groovy:334)
	at PFI.WrittenDirectionsLHS.run(PFI.WrittenDirectionsLHS:42)
	at com.kms.katalon.core.main.ScriptEngine.run(ScriptEngine.java:194)
	at com.kms.katalon.core.main.ScriptEngine.runScriptAsRawText(ScriptEngine.java:119)
	at com.kms.katalon.core.main.TestCaseExecutor.runScript(TestCaseExecutor.java:337)
	at com.kms.katalon.core.main.TestCaseExecutor.doExecute(TestCaseExecutor.java:328)
	at com.kms.katalon.core.main.TestCaseExecutor.processExecutionPhase(TestCaseExecutor.java:307)
	at com.kms.katalon.core.main.TestCaseExecutor.accessMainPhase(TestCaseExecutor.java:299)
	at com.kms.katalon.core.main.TestCaseExecutor.execute(TestCaseExecutor.java:233)
	at com.kms.katalon.core.main.TestSuiteExecutor.accessTestCaseMainPhase(TestSuiteExecutor.java:169)
	at com.kms.katalon.core.main.TestSuiteExecutor.accessTestSuiteMainPhase(TestSuiteExecutor.java:142)
	at com.kms.katalon.core.main.TestSuiteExecutor.execute(TestSuiteExecutor.java:91)
	at com.kms.katalon.core.main.TestCaseMain.startTestSuite(TestCaseMain.java:157)
	at com.kms.katalon.core.main.TestCaseMain$startTestSuite$0.call(Unknown Source)
	at TempTestSuite1591590028740.run(TempTestSuite1591590028740.groovy:36)
Caused by: org.codehaus.groovy.runtime.InvokerInvocationException: java.lang.AssertionError: Web element with id: 'Object Repository/Objects.HighlightElements/lblField_index' located by 'By.xpath: (//*[contains(@class,'x-form-item-label-inner') and (text()='Expiry Date:')])[10]' not found
	at com.reusableComponents.HighlightElement.invokeMethod(HighlightElement.groovy)
	at com.kms.katalon.core.main.CustomKeywordDelegatingMetaClass.invokeStaticMethod(CustomKeywordDelegatingMetaClass.java:50)
	at HighlightLabelIndexField.run(HighlightLabelIndexField:33)
	at com.kms.katalon.core.main.ScriptEngine.run(ScriptEngine.java:194)
	at com.kms.katalon.core.main.ScriptEngine.runScriptAsRawText(ScriptEngine.java:119)
	at com.kms.katalon.core.main.TestCaseExecutor.runScript(TestCaseExecutor.java:337)
	at com.kms.katalon.core.main.TestCaseExecutor.doExecute(TestCaseExecutor.java:328)
	at com.kms.katalon.core.main.TestCaseExecutor.processExecutionPhase(TestCaseExecutor.java:307)
	at com.kms.katalon.core.main.TestCaseExecutor.accessMainPhase(TestCaseExecutor.java:299)
	at com.kms.katalon.core.main.TestCaseExecutor.execute(TestCaseExecutor.java:233)
	at com.kms.katalon.core.main.TestCaseMain.runTestCase(TestCaseMain.java:114)
	at com.kms.katalon.core.keyword.builtin.CallTestCaseKeyword$_callTestCase_closure1.doCall(CallTestCaseKeyword.groovy:59)
	... 20 more
Caused by: java.lang.AssertionError: Web element with id: 'Object Repository/Objects.HighlightElements/lblField_index' located by 'By.xpath: (//*[contains(@class,'x-form-item-label-inner') and (text()='Expiry Date:')])[10]' not found
	at org.testng.Assert.fail(Assert.java:93)
	at org.testng.Assert$fail.call(Unknown Source)
	at com.reusableComponents.HighlightElement.run(HighlightElement.groovy:27)
	... 32 more


2020-06-08 12:26:14 - [TEST_STEP][NOT_RUN] - callTestCase(findTestCase("Components/LoginV2.0"), ["LinkToBeUsed":findTestData("ISPS2 Test Data").getValue("URL", 1), "LoginPageTextToBeVerified":findTestData("ISPS2 Test Data").getValue("HomeBanner", 1), ... ], STOP_ON_FAILURE): NOT_RUN: callTestCase(findTestCase("Components/LoginV2.0"), ["LinkToBeUsed":findTestData("ISPS2 Test Data").getValue("URL", 1), "LoginPageTextToBeVerified":findTestData("ISPS2 Test Data").getValue("HomeBanner", 1), ... ], STOP_ON_FAILURE)

2020-06-08 12:26:14 - [MESSAGE][NOT_RUN] - NOT_RUN: callTestCase(findTestCase("Components/LoginV2.0"), ["LinkToBeUsed":findTestData("ISPS2 Test Data").getValue("URL", 1), "LoginPageTextToBeVerified":findTestData("ISPS2 Test Data").getValue("HomeBanner", 1), ... ], STOP_ON_FAILURE)

2020-06-08 12:26:14 - [TEST_STEP][NOT_RUN] - callTestCase(findTestCase("Components/NavigateToHomepageHeaders"), ["headerText":"My Tasks"], STOP_ON_FAILURE): NOT_RUN: callTestCase(findTestCase("Components/NavigateToHomepageHeaders"), ["headerText":"My Tasks"], STOP_ON_FAILURE)

2020-06-08 12:26:14 - [MESSAGE][NOT_RUN] - NOT_RUN: callTestCase(findTestCase("Components/NavigateToHomepageHeaders"), ["headerText":"My Tasks"], STOP_ON_FAILURE)

2020-06-08 12:26:14 - [TEST_STEP][NOT_RUN] - callTestCase(findTestCase("Components/Filter"), ["taskDescription":"Process Case (SM)"], STOP_ON_FAILURE): NOT_RUN: callTestCase(findTestCase("Components/Filter"), ["taskDescription":"Process Case (SM)"], STOP_ON_FAILURE)

2020-06-08 12:26:14 - [MESSAGE][NOT_RUN] - NOT_RUN: callTestCase(findTestCase("Components/Filter"), ["taskDescription":"Process Case (SM)"], STOP_ON_FAILURE)

2020-06-08 12:26:14 - [TEST_STEP][NOT_RUN] - callTestCase(findTestCase("Components/ClickLinkDependingOnTextAndIndex"), ["linkName":"Process Case (SM)", "index":"3"], STOP_ON_FAILURE): NOT_RUN: callTestCase(findTestCase("Components/ClickLinkDependingOnTextAndIndex"), ["linkName":"Process Case (SM)", "index":"3"], STOP_ON_FAILURE)

2020-06-08 12:26:14 - [MESSAGE][NOT_RUN] - NOT_RUN: callTestCase(findTestCase("Components/ClickLinkDependingOnTextAndIndex"), ["linkName":"Process Case (SM)", "index":"3"], STOP_ON_FAILURE)

2020-06-08 12:26:14 - [TEST_STEP][NOT_RUN] - callTestCase(findTestCase("Components/VerifyPageSuccessfullyLoaded"), ["HeaderName":"Summary"], STOP_ON_FAILURE): NOT_RUN: callTestCase(findTestCase("Components/VerifyPageSuccessfullyLoaded"), ["HeaderName":"Summary"], STOP_ON_FAILURE)

2020-06-08 12:26:14 - [MESSAGE][NOT_RUN] - NOT_RUN: callTestCase(findTestCase("Components/VerifyPageSuccessfullyLoaded"), ["HeaderName":"Summary"], STOP_ON_FAILURE)

2020-06-08 12:26:14 - [TEST_STEP][PASSED] - callTestCase(findTestCase("Components/NavigateToAnyLHS"), ["LHS":"Written Directions"], STOP_ON_FAILURE): Call Test Case 'Test Cases/Components/NavigateToAnyLHS' successfully

2020-06-08 12:26:14 - [TEST_CASE][PASSED] - Test Cases/Components/NavigateToAnyLHS: Test Cases/Components/NavigateToAnyLHS

2020-06-08 12:26:14 - [TEST_STEP][PASSED] - Thread.sleep(1000): null

2020-06-08 12:26:15 - [TEST_STEP][PASSED] - modifiedLHS = modifyObjectProperty(findTestObject("Objects.NavigateToAnyLHS/Page_ISPS2/LHSToModify"), "text", "equals", LHS, true): Modify property of object successfully

2020-06-08 12:26:15 - [MESSAGE][PASSED] - Modify property of object successfully

2020-06-08 12:26:15 - [TEST_STEP][PASSED] - click(modifiedLHS): Object: 'Object Repository/Objects.NavigateToAnyLHS/Page_ISPS2/LHSToModify' is clicked on

2020-06-08 12:26:15 - [MESSAGE][PASSED] - Object: 'Object Repository/Objects.NavigateToAnyLHS/Page_ISPS2/LHSToModify' is clicked on

2020-06-08 12:26:15 - [TEST_STEP][PASSED] - currentLHS = getText(modifiedLHS): Text of object 'Object Repository/Objects.NavigateToAnyLHS/Page_ISPS2/LHSToModify' is: 'Written Directions'

2020-06-08 12:26:16 - [MESSAGE][PASSED] - Text of object 'Object Repository/Objects.NavigateToAnyLHS/Page_ISPS2/LHSToModify' is: 'Written Directions'

2020-06-08 12:26:16 - [TEST_STEP][PASSED] - Thread.sleep(5000): null

2020-06-08 12:26:21 - [MESSAGE][PASSED] - Call Test Case 'Test Cases/Components/NavigateToAnyLHS' successfully

2020-06-08 12:26:21 - [TEST_STEP][PASSED] - callTestCase(findTestCase("Components/VerifyPageSuccessfullyLoadedII"), ["PageNm":"Issue WD"], STOP_ON_FAILURE): Call Test Case 'Test Cases/Components/VerifyPageSuccessfullyLoadedII' successfully

2020-06-08 12:26:21 - [TEST_CASE][PASSED] - Test Cases/Components/VerifyPageSuccessfullyLoadedII: Test Cases/Components/VerifyPageSuccessfullyLoadedII

2020-06-08 12:26:21 - [TEST_STEP][PASSED] - waitForPageLoad(5): Wait for page load successfully

2020-06-08 12:26:21 - [MESSAGE][PASSED] - Wait for page load successfully

2020-06-08 12:26:21 - [TEST_STEP][PASSED] - modifiedInputFld = modifyObjectProperty(findTestObject("Object Repository/Objects.VerifyPageSuccessfullyLoaded/PageHeaderIndex"), "xpath", "equals", "//*[contains(@class,'isps-page-title') and contains(text(),'" + PageNm + "')]", true): Modify property of object successfully

2020-06-08 12:26:21 - [MESSAGE][PASSED] - Modify property of object successfully

2020-06-08 12:26:21 - [TEST_STEP][PASSED] - com.reusableComponents.HighlightElement.run(modifiedInputFld): com.reusableComponents.HighlightElement.run is PASSED

2020-06-08 12:26:21 - [MESSAGE][PASSED] - com.reusableComponents.HighlightElement.run is PASSED

2020-06-08 12:26:21 - [MESSAGE][PASSED] - Call Test Case 'Test Cases/Components/VerifyPageSuccessfullyLoadedII' successfully

2020-06-08 12:26:21 - [TEST_STEP][PASSED] - callTestCase(findTestCase("Components/HighlightLabelFieldXPI"), ["LblName":"Expiry Date", "index":2], STOP_ON_FAILURE): Call Test Case 'Test Cases/Components/HighlightLabelFieldXPI' successfully

2020-06-08 12:26:21 - [TEST_CASE][PASSED] - Test Cases/Components/HighlightLabelFieldXPI: Test Cases/Components/HighlightLabelFieldXPI

2020-06-08 12:26:21 - [TEST_STEP][PASSED] - Thread.sleep(1000): null

2020-06-08 12:26:22 - [TEST_STEP][PASSED] - modifiedLblNm = modifyObjectProperty(findTestObject("Object Repository/Objects.HighlightElements/lblField_index"), "xpath", "equals", "(//*[contains(@class, 'x-form-item-label-inner x-form-item-label-inner-default') and contains(., '" + LblName + "')])[" + index + "]", true): Modify property of object successfully

2020-06-08 12:26:22 - [MESSAGE][PASSED] - Modify property of object successfully

2020-06-08 12:26:22 - [TEST_STEP][PASSED] - com.reusableComponents.HighlightElement.run(modifiedLblNm): com.reusableComponents.HighlightElement.run is PASSED

2020-06-08 12:26:23 - [MESSAGE][PASSED] - com.reusableComponents.HighlightElement.run is PASSED

2020-06-08 12:26:23 - [MESSAGE][PASSED] - Call Test Case 'Test Cases/Components/HighlightLabelFieldXPI' successfully

2020-06-08 12:26:23 - [TEST_STEP][FAILED] - callTestCase(findTestCase("Components/HighlightLabelIndexField"), ["LblName":"Expiry Date:", "index":10], STOP_ON_FAILURE): Unable to call Test Case 'Test Cases/Components/HighlightLabelIndexField' (Root cause: com.kms.katalon.core.exception.StepErrorException: Call Test Case 'Test Cases/Components/HighlightLabelIndexField' failed because of error(s)
	at com.kms.katalon.core.keyword.builtin.CallTestCaseKeyword$_callTestCase_closure1.doCall(CallTestCaseKeyword.groovy:66)
	at com.kms.katalon.core.keyword.builtin.CallTestCaseKeyword$_callTestCase_closure1.call(CallTestCaseKeyword.groovy)
	at com.kms.katalon.core.keyword.internal.KeywordMain.runKeyword(KeywordMain.groovy:68)
	at com.kms.katalon.core.keyword.builtin.CallTestCaseKeyword.callTestCase(CallTestCaseKeyword.groovy:81)
	at com.kms.katalon.core.keyword.builtin.CallTestCaseKeyword.execute(CallTestCaseKeyword.groovy:44)
	at com.kms.katalon.core.keyword.internal.KeywordExecutor.executeKeywordForPlatform(KeywordExecutor.groovy:72)
	at com.kms.katalon.core.keyword.BuiltinKeywords.callTestCase(BuiltinKeywords.groovy:334)
	at PFI.WrittenDirectionsLHS.run(PFI.WrittenDirectionsLHS:42)
	at com.kms.katalon.core.main.ScriptEngine.run(ScriptEngine.java:194)
	at com.kms.katalon.core.main.ScriptEngine.runScriptAsRawText(ScriptEngine.java:119)
	at com.kms.katalon.core.main.TestCaseExecutor.runScript(TestCaseExecutor.java:337)
	at com.kms.katalon.core.main.TestCaseExecutor.doExecute(TestCaseExecutor.java:328)
	at com.kms.katalon.core.main.TestCaseExecutor.processExecutionPhase(TestCaseExecutor.java:307)
	at com.kms.katalon.core.main.TestCaseExecutor.accessMainPhase(TestCaseExecutor.java:299)
	at com.kms.katalon.core.main.TestCaseExecutor.execute(TestCaseExecutor.java:233)
	at com.kms.katalon.core.main.TestSuiteExecutor.accessTestCaseMainPhase(TestSuiteExecutor.java:169)
	at com.kms.katalon.core.main.TestSuiteExecutor.accessTestSuiteMainPhase(TestSuiteExecutor.java:142)
	at com.kms.katalon.core.main.TestSuiteExecutor.execute(TestSuiteExecutor.java:91)
	at com.kms.katalon.core.main.TestCaseMain.startTestSuite(TestCaseMain.java:157)
	at com.kms.katalon.core.main.TestCaseMain$startTestSuite$0.call(Unknown Source)
	at TempTestSuite1591590028740.run(TempTestSuite1591590028740.groovy:36)
Caused by: org.codehaus.groovy.runtime.InvokerInvocationException: java.lang.AssertionError: Web element with id: 'Object Repository/Objects.HighlightElements/lblField_index' located by 'By.xpath: (//*[contains(@class,'x-form-item-label-inner') and (text()='Expiry Date:')])[10]' not found
	at com.reusableComponents.HighlightElement.invokeMethod(HighlightElement.groovy)
	at com.kms.katalon.core.main.CustomKeywordDelegatingMetaClass.invokeStaticMethod(CustomKeywordDelegatingMetaClass.java:50)
	at HighlightLabelIndexField.run(HighlightLabelIndexField:33)
	at com.kms.katalon.core.main.ScriptEngine.run(ScriptEngine.java:194)
	at com.kms.katalon.core.main.ScriptEngine.runScriptAsRawText(ScriptEngine.java:119)
	at com.kms.katalon.core.main.TestCaseExecutor.runScript(TestCaseExecutor.java:337)
	at com.kms.katalon.core.main.TestCaseExecutor.doExecute(TestCaseExecutor.java:328)
	at com.kms.katalon.core.main.TestCaseExecutor.processExecutionPhase(TestCaseExecutor.java:307)
	at com.kms.katalon.core.main.TestCaseExecutor.accessMainPhase(TestCaseExecutor.java:299)
	at com.kms.katalon.core.main.TestCaseExecutor.execute(TestCaseExecutor.java:233)
	at com.kms.katalon.core.main.TestCaseMain.runTestCase(TestCaseMain.java:114)
	at com.kms.katalon.core.keyword.builtin.CallTestCaseKeyword$_callTestCase_closure1.doCall(CallTestCaseKeyword.groovy:59)
	... 20 more
Caused by: java.lang.AssertionError: Web element with id: 'Object Repository/Objects.HighlightElements/lblField_index' located by 'By.xpath: (//*[contains(@class,'x-form-item-label-inner') and (text()='Expiry Date:')])[10]' not found
	at org.testng.Assert.fail(Assert.java:93)
	at org.testng.Assert$fail.call(Unknown Source)
	at com.reusableComponents.HighlightElement.run(HighlightElement.groovy:27)
	... 32 more
)

2020-06-08 12:26:23 - [TEST_CASE][ERROR] - Test Cases/Components/HighlightLabelIndexField: Test Cases/Components/HighlightLabelIndexField FAILED.
Reason:
org.codehaus.groovy.runtime.InvokerInvocationException: java.lang.AssertionError: Web element with id: 'Object Repository/Objects.HighlightElements/lblField_index' located by 'By.xpath: (//*[contains(@class,'x-form-item-label-inner') and (text()='Expiry Date:')])[10]' not found
	at com.reusableComponents.HighlightElement.invokeMethod(HighlightElement.groovy)
	at com.kms.katalon.core.main.CustomKeywordDelegatingMetaClass.invokeStaticMethod(CustomKeywordDelegatingMetaClass.java:50)
	at HighlightLabelIndexField.run(HighlightLabelIndexField:33)
	at com.kms.katalon.core.main.ScriptEngine.run(ScriptEngine.java:194)
	at com.kms.katalon.core.main.ScriptEngine.runScriptAsRawText(ScriptEngine.java:119)
	at com.kms.katalon.core.main.TestCaseExecutor.runScript(TestCaseExecutor.java:337)
	at com.kms.katalon.core.main.TestCaseExecutor.doExecute(TestCaseExecutor.java:328)
	at com.kms.katalon.core.main.TestCaseExecutor.processExecutionPhase(TestCaseExecutor.java:307)
	at com.kms.katalon.core.main.TestCaseExecutor.accessMainPhase(TestCaseExecutor.java:299)
	at com.kms.katalon.core.main.TestCaseExecutor.execute(TestCaseExecutor.java:233)
	at com.kms.katalon.core.main.TestCaseMain.runTestCase(TestCaseMain.java:114)
	at com.kms.katalon.core.keyword.builtin.CallTestCaseKeyword$_callTestCase_closure1.doCall(CallTestCaseKeyword.groovy:59)
	at com.kms.katalon.core.keyword.builtin.CallTestCaseKeyword$_callTestCase_closure1.call(CallTestCaseKeyword.groovy)
	at com.kms.katalon.core.keyword.internal.KeywordMain.runKeyword(KeywordMain.groovy:68)
	at com.kms.katalon.core.keyword.builtin.CallTestCaseKeyword.callTestCase(CallTestCaseKeyword.groovy:81)
	at com.kms.katalon.core.keyword.builtin.CallTestCaseKeyword.execute(CallTestCaseKeyword.groovy:44)
	at com.kms.katalon.core.keyword.internal.KeywordExecutor.executeKeywordForPlatform(KeywordExecutor.groovy:72)
	at com.kms.katalon.core.keyword.BuiltinKeywords.callTestCase(BuiltinKeywords.groovy:334)
	at PFI.WrittenDirectionsLHS.run(PFI.WrittenDirectionsLHS:42)
	at com.kms.katalon.core.main.ScriptEngine.run(ScriptEngine.java:194)
	at com.kms.katalon.core.main.ScriptEngine.runScriptAsRawText(ScriptEngine.java:119)
	at com.kms.katalon.core.main.TestCaseExecutor.runScript(TestCaseExecutor.java:337)
	at com.kms.katalon.core.main.TestCaseExecutor.doExecute(TestCaseExecutor.java:328)
	at com.kms.katalon.core.main.TestCaseExecutor.processExecutionPhase(TestCaseExecutor.java:307)
	at com.kms.katalon.core.main.TestCaseExecutor.accessMainPhase(TestCaseExecutor.java:299)
	at com.kms.katalon.core.main.TestCaseExecutor.execute(TestCaseExecutor.java:233)
	at com.kms.katalon.core.main.TestSuiteExecutor.accessTestCaseMainPhase(TestSuiteExecutor.java:169)
	at com.kms.katalon.core.main.TestSuiteExecutor.accessTestSuiteMainPhase(TestSuiteExecutor.java:142)
	at com.kms.katalon.core.main.TestSuiteExecutor.execute(TestSuiteExecutor.java:91)
	at com.kms.katalon.core.main.TestCaseMain.startTestSuite(TestCaseMain.java:157)
	at com.kms.katalon.core.main.TestCaseMain$startTestSuite$0.call(Unknown Source)
	at TempTestSuite1591590028740.run(TempTestSuite1591590028740.groovy:36)
Caused by: java.lang.AssertionError: Web element with id: 'Object Repository/Objects.HighlightElements/lblField_index' located by 'By.xpath: (//*[contains(@class,'x-form-item-label-inner') and (text()='Expiry Date:')])[10]' not found
	at org.testng.Assert.fail(Assert.java:93)
	at org.testng.Assert$fail.call(Unknown Source)
	at com.reusableComponents.HighlightElement.run(HighlightElement.groovy:27)
	... 32 more


2020-06-08 12:26:23 - [TEST_STEP][PASSED] - Thread.sleep(1000): null

2020-06-08 12:26:24 - [TEST_STEP][PASSED] - modifiedLblNm = modifyObjectProperty(findTestObject("Object Repository/Objects.HighlightElements/lblField_index"), "xpath", "equals", "(//*[contains(@class,'x-form-item-label-inner') and (text()='" + LblName + "')])[" + index + "]", true): Modify property of object successfully

2020-06-08 12:26:24 - [MESSAGE][PASSED] - Modify property of object successfully

2020-06-08 12:26:24 - [TEST_STEP][FAILED] - com.reusableComponents.HighlightElement.run(modifiedLblNm): java.lang.AssertionError: Web element with id: 'Object Repository/Objects.HighlightElements/lblField_index' located by 'By.xpath: (//*[contains(@class,'x-form-item-label-inner') and (text()='Expiry Date:')])[10]' not found

2020-06-08 12:26:45 - [MESSAGE][INFO] - Unable to find the element located by 'By.xpath: (//*[contains(@class,'x-form-item-label-inner') and (text()='Expiry Date:')])[10]'. Please recheck the objects properties to make sure the desired element is located. 

2020-06-08 12:26:45 - [MESSAGE][FAILED] - java.lang.AssertionError: Web element with id: 'Object Repository/Objects.HighlightElements/lblField_index' located by 'By.xpath: (//*[contains(@class,'x-form-item-label-inner') and (text()='Expiry Date:')])[10]' not found

2020-06-08 12:26:45 - [MESSAGE][FAILED] - Unable to call Test Case 'Test Cases/Components/HighlightLabelIndexField' (Root cause: com.kms.katalon.core.exception.StepErrorException: Call Test Case 'Test Cases/Components/HighlightLabelIndexField' failed because of error(s)
	at com.kms.katalon.core.keyword.builtin.CallTestCaseKeyword$_callTestCase_closure1.doCall(CallTestCaseKeyword.groovy:66)
	at com.kms.katalon.core.keyword.builtin.CallTestCaseKeyword$_callTestCase_closure1.call(CallTestCaseKeyword.groovy)
	at com.kms.katalon.core.keyword.internal.KeywordMain.runKeyword(KeywordMain.groovy:68)
	at com.kms.katalon.core.keyword.builtin.CallTestCaseKeyword.callTestCase(CallTestCaseKeyword.groovy:81)
	at com.kms.katalon.core.keyword.builtin.CallTestCaseKeyword.execute(CallTestCaseKeyword.groovy:44)
	at com.kms.katalon.core.keyword.internal.KeywordExecutor.executeKeywordForPlatform(KeywordExecutor.groovy:72)
	at com.kms.katalon.core.keyword.BuiltinKeywords.callTestCase(BuiltinKeywords.groovy:334)
	at PFI.WrittenDirectionsLHS.run(PFI.WrittenDirectionsLHS:42)
	at com.kms.katalon.core.main.ScriptEngine.run(ScriptEngine.java:194)
	at com.kms.katalon.core.main.ScriptEngine.runScriptAsRawText(ScriptEngine.java:119)
	at com.kms.katalon.core.main.TestCaseExecutor.runScript(TestCaseExecutor.java:337)
	at com.kms.katalon.core.main.TestCaseExecutor.doExecute(TestCaseExecutor.java:328)
	at com.kms.katalon.core.main.TestCaseExecutor.processExecutionPhase(TestCaseExecutor.java:307)
	at com.kms.katalon.core.main.TestCaseExecutor.accessMainPhase(TestCaseExecutor.java:299)
	at com.kms.katalon.core.main.TestCaseExecutor.execute(TestCaseExecutor.java:233)
	at com.kms.katalon.core.main.TestSuiteExecutor.accessTestCaseMainPhase(TestSuiteExecutor.java:169)
	at com.kms.katalon.core.main.TestSuiteExecutor.accessTestSuiteMainPhase(TestSuiteExecutor.java:142)
	at com.kms.katalon.core.main.TestSuiteExecutor.execute(TestSuiteExecutor.java:91)
	at com.kms.katalon.core.main.TestCaseMain.startTestSuite(TestCaseMain.java:157)
	at com.kms.katalon.core.main.TestCaseMain$startTestSuite$0.call(Unknown Source)
	at TempTestSuite1591590028740.run(TempTestSuite1591590028740.groovy:36)
Caused by: org.codehaus.groovy.runtime.InvokerInvocationException: java.lang.AssertionError: Web element with id: 'Object Repository/Objects.HighlightElements/lblField_index' located by 'By.xpath: (//*[contains(@class,'x-form-item-label-inner') and (text()='Expiry Date:')])[10]' not found
	at com.reusableComponents.HighlightElement.invokeMethod(HighlightElement.groovy)
	at com.kms.katalon.core.main.CustomKeywordDelegatingMetaClass.invokeStaticMethod(CustomKeywordDelegatingMetaClass.java:50)
	at HighlightLabelIndexField.run(HighlightLabelIndexField:33)
	at com.kms.katalon.core.main.ScriptEngine.run(ScriptEngine.java:194)
	at com.kms.katalon.core.main.ScriptEngine.runScriptAsRawText(ScriptEngine.java:119)
	at com.kms.katalon.core.main.TestCaseExecutor.runScript(TestCaseExecutor.java:337)
	at com.kms.katalon.core.main.TestCaseExecutor.doExecute(TestCaseExecutor.java:328)
	at com.kms.katalon.core.main.TestCaseExecutor.processExecutionPhase(TestCaseExecutor.java:307)
	at com.kms.katalon.core.main.TestCaseExecutor.accessMainPhase(TestCaseExecutor.java:299)
	at com.kms.katalon.core.main.TestCaseExecutor.execute(TestCaseExecutor.java:233)
	at com.kms.katalon.core.main.TestCaseMain.runTestCase(TestCaseMain.java:114)
	at com.kms.katalon.core.keyword.builtin.CallTestCaseKeyword$_callTestCase_closure1.doCall(CallTestCaseKeyword.groovy:59)
	... 20 more
Caused by: java.lang.AssertionError: Web element with id: 'Object Repository/Objects.HighlightElements/lblField_index' located by 'By.xpath: (//*[contains(@class,'x-form-item-label-inner') and (text()='Expiry Date:')])[10]' not found
	at org.testng.Assert.fail(Assert.java:93)
	at org.testng.Assert$fail.call(Unknown Source)
	at com.reusableComponents.HighlightElement.run(HighlightElement.groovy:27)
	... 32 more
)]]></system-out>
         <system-err><![CDATA[2020-06-08 12:26:14 - [TEST_CASE][ERROR] - Test Cases/PFI Precision and Scale/PFI Test Cases/Process Case (PFI)/PFI.WrittenDirectionsLHS: Test Cases/PFI Precision and Scale/PFI Test Cases/Process Case (PFI)/PFI.WrittenDirectionsLHS FAILED.
Reason:
com.kms.katalon.core.exception.StepErrorException: Call Test Case 'Test Cases/Components/HighlightLabelIndexField' failed because of error(s)
	at com.kms.katalon.core.keyword.builtin.CallTestCaseKeyword$_callTestCase_closure1.doCall(CallTestCaseKeyword.groovy:66)
	at com.kms.katalon.core.keyword.builtin.CallTestCaseKeyword$_callTestCase_closure1.call(CallTestCaseKeyword.groovy)
	at com.kms.katalon.core.keyword.internal.KeywordMain.runKeyword(KeywordMain.groovy:68)
	at com.kms.katalon.core.keyword.builtin.CallTestCaseKeyword.callTestCase(CallTestCaseKeyword.groovy:81)
	at com.kms.katalon.core.keyword.builtin.CallTestCaseKeyword.execute(CallTestCaseKeyword.groovy:44)
	at com.kms.katalon.core.keyword.internal.KeywordExecutor.executeKeywordForPlatform(KeywordExecutor.groovy:72)
	at com.kms.katalon.core.keyword.BuiltinKeywords.callTestCase(BuiltinKeywords.groovy:334)
	at PFI.WrittenDirectionsLHS.run(PFI.WrittenDirectionsLHS:42)
	at com.kms.katalon.core.main.ScriptEngine.run(ScriptEngine.java:194)
	at com.kms.katalon.core.main.ScriptEngine.runScriptAsRawText(ScriptEngine.java:119)
	at com.kms.katalon.core.main.TestCaseExecutor.runScript(TestCaseExecutor.java:337)
	at com.kms.katalon.core.main.TestCaseExecutor.doExecute(TestCaseExecutor.java:328)
	at com.kms.katalon.core.main.TestCaseExecutor.processExecutionPhase(TestCaseExecutor.java:307)
	at com.kms.katalon.core.main.TestCaseExecutor.accessMainPhase(TestCaseExecutor.java:299)
	at com.kms.katalon.core.main.TestCaseExecutor.execute(TestCaseExecutor.java:233)
	at com.kms.katalon.core.main.TestSuiteExecutor.accessTestCaseMainPhase(TestSuiteExecutor.java:169)
	at com.kms.katalon.core.main.TestSuiteExecutor.accessTestSuiteMainPhase(TestSuiteExecutor.java:142)
	at com.kms.katalon.core.main.TestSuiteExecutor.execute(TestSuiteExecutor.java:91)
	at com.kms.katalon.core.main.TestCaseMain.startTestSuite(TestCaseMain.java:157)
	at com.kms.katalon.core.main.TestCaseMain$startTestSuite$0.call(Unknown Source)
	at TempTestSuite1591590028740.run(TempTestSuite1591590028740.groovy:36)
Caused by: org.codehaus.groovy.runtime.InvokerInvocationException: java.lang.AssertionError: Web element with id: 'Object Repository/Objects.HighlightElements/lblField_index' located by 'By.xpath: (//*[contains(@class,'x-form-item-label-inner') and (text()='Expiry Date:')])[10]' not found
	at com.reusableComponents.HighlightElement.invokeMethod(HighlightElement.groovy)
	at com.kms.katalon.core.main.CustomKeywordDelegatingMetaClass.invokeStaticMethod(CustomKeywordDelegatingMetaClass.java:50)
	at HighlightLabelIndexField.run(HighlightLabelIndexField:33)
	at com.kms.katalon.core.main.ScriptEngine.run(ScriptEngine.java:194)
	at com.kms.katalon.core.main.ScriptEngine.runScriptAsRawText(ScriptEngine.java:119)
	at com.kms.katalon.core.main.TestCaseExecutor.runScript(TestCaseExecutor.java:337)
	at com.kms.katalon.core.main.TestCaseExecutor.doExecute(TestCaseExecutor.java:328)
	at com.kms.katalon.core.main.TestCaseExecutor.processExecutionPhase(TestCaseExecutor.java:307)
	at com.kms.katalon.core.main.TestCaseExecutor.accessMainPhase(TestCaseExecutor.java:299)
	at com.kms.katalon.core.main.TestCaseExecutor.execute(TestCaseExecutor.java:233)
	at com.kms.katalon.core.main.TestCaseMain.runTestCase(TestCaseMain.java:114)
	at com.kms.katalon.core.keyword.builtin.CallTestCaseKeyword$_callTestCase_closure1.doCall(CallTestCaseKeyword.groovy:59)
	... 20 more
Caused by: java.lang.AssertionError: Web element with id: 'Object Repository/Objects.HighlightElements/lblField_index' located by 'By.xpath: (//*[contains(@class,'x-form-item-label-inner') and (text()='Expiry Date:')])[10]' not found
	at org.testng.Assert.fail(Assert.java:93)
	at org.testng.Assert$fail.call(Unknown Source)
	at com.reusableComponents.HighlightElement.run(HighlightElement.groovy:27)
	... 32 more]]></system-err>
      </testcase>
      <testcase name="Test Cases/PFI Precision and Scale/PFI Test Cases/Process Case (PFI)/PFI.IssueStatusLHS" time="30.035" classname="Test Cases/PFI Precision and Scale/PFI Test Cases/Process Case (PFI)/PFI.IssueStatusLHS" status="ERROR">
         <error type="ERROR" message="Test Cases/PFI Precision and Scale/PFI Test Cases/Process Case (PFI)/PFI.IssueStatusLHS FAILED.
Reason:
com.kms.katalon.core.exception.StepErrorException: Call Test Case 'Test Cases/Components/VerifyPageSuccessfullyLoadedII' failed because of error(s)
	at com.kms.katalon.core.keyword.builtin.CallTestCaseKeyword$_callTestCase_closure1.doCall(CallTestCaseKeyword.groovy:66)
	at com.kms.katalon.core.keyword.builtin.CallTestCaseKeyword$_callTestCase_closure1.call(CallTestCaseKeyword.groovy)
	at com.kms.katalon.core.keyword.internal.KeywordMain.runKeyword(KeywordMain.groovy:68)
	at com.kms.katalon.core.keyword.builtin.CallTestCaseKeyword.callTestCase(CallTestCaseKeyword.groovy:81)
	at com.kms.katalon.core.keyword.builtin.CallTestCaseKeyword.execute(CallTestCaseKeyword.groovy:44)
	at com.kms.katalon.core.keyword.internal.KeywordExecutor.executeKeywordForPlatform(KeywordExecutor.groovy:72)
	at com.kms.katalon.core.keyword.BuiltinKeywords.callTestCase(BuiltinKeywords.groovy:334)
	at PFI.IssueStatusLHS.run(PFI.IssueStatusLHS:37)
	at com.kms.katalon.core.main.ScriptEngine.run(ScriptEngine.java:194)
	at com.kms.katalon.core.main.ScriptEngine.runScriptAsRawText(ScriptEngine.java:119)
	at com.kms.katalon.core.main.TestCaseExecutor.runScript(TestCaseExecutor.java:337)
	at com.kms.katalon.core.main.TestCaseExecutor.doExecute(TestCaseExecutor.java:328)
	at com.kms.katalon.core.main.TestCaseExecutor.processExecutionPhase(TestCaseExecutor.java:307)
	at com.kms.katalon.core.main.TestCaseExecutor.accessMainPhase(TestCaseExecutor.java:299)
	at com.kms.katalon.core.main.TestCaseExecutor.execute(TestCaseExecutor.java:233)
	at com.kms.katalon.core.main.TestSuiteExecutor.accessTestCaseMainPhase(TestSuiteExecutor.java:169)
	at com.kms.katalon.core.main.TestSuiteExecutor.accessTestSuiteMainPhase(TestSuiteExecutor.java:142)
	at com.kms.katalon.core.main.TestSuiteExecutor.execute(TestSuiteExecutor.java:91)
	at com.kms.katalon.core.main.TestCaseMain.startTestSuite(TestCaseMain.java:157)
	at com.kms.katalon.core.main.TestCaseMain$startTestSuite$0.call(Unknown Source)
	at TempTestSuite1591590028740.run(TempTestSuite1591590028740.groovy:36)
Caused by: org.codehaus.groovy.runtime.InvokerInvocationException: java.lang.AssertionError: Web element with id: 'Object Repository/Objects.VerifyPageSuccessfullyLoaded/PageHeaderIndex' located by 'By.xpath: //*[contains(@class,'isps-page-title') and contains(text(),'Issue Status')]' not found
	at com.reusableComponents.HighlightElement.invokeMethod(HighlightElement.groovy)
	at com.kms.katalon.core.main.CustomKeywordDelegatingMetaClass.invokeStaticMethod(CustomKeywordDelegatingMetaClass.java:50)
	at VerifyPageSuccessfullyLoadedII.run(VerifyPageSuccessfullyLoadedII:34)
	at com.kms.katalon.core.main.ScriptEngine.run(ScriptEngine.java:194)
	at com.kms.katalon.core.main.ScriptEngine.runScriptAsRawText(ScriptEngine.java:119)
	at com.kms.katalon.core.main.TestCaseExecutor.runScript(TestCaseExecutor.java:337)
	at com.kms.katalon.core.main.TestCaseExecutor.doExecute(TestCaseExecutor.java:328)
	at com.kms.katalon.core.main.TestCaseExecutor.processExecutionPhase(TestCaseExecutor.java:307)
	at com.kms.katalon.core.main.TestCaseExecutor.accessMainPhase(TestCaseExecutor.java:299)
	at com.kms.katalon.core.main.TestCaseExecutor.execute(TestCaseExecutor.java:233)
	at com.kms.katalon.core.main.TestCaseMain.runTestCase(TestCaseMain.java:114)
	at com.kms.katalon.core.keyword.builtin.CallTestCaseKeyword$_callTestCase_closure1.doCall(CallTestCaseKeyword.groovy:59)
	... 20 more
Caused by: java.lang.AssertionError: Web element with id: 'Object Repository/Objects.VerifyPageSuccessfullyLoaded/PageHeaderIndex' located by 'By.xpath: //*[contains(@class,'isps-page-title') and contains(text(),'Issue Status')]' not found
	at org.testng.Assert.fail(Assert.java:93)
	at org.testng.Assert$fail.call(Unknown Source)
	at com.reusableComponents.HighlightElement.run(HighlightElement.groovy:27)
	... 32 more
"/>
         <system-out><![CDATA[2020-06-08 12:26:45 - [TEST_CASE][ERROR] - Test Cases/PFI Precision and Scale/PFI Test Cases/Process Case (PFI)/PFI.IssueStatusLHS: Test Cases/PFI Precision and Scale/PFI Test Cases/Process Case (PFI)/PFI.IssueStatusLHS FAILED.
Reason:
com.kms.katalon.core.exception.StepErrorException: Call Test Case 'Test Cases/Components/VerifyPageSuccessfullyLoadedII' failed because of error(s)
	at com.kms.katalon.core.keyword.builtin.CallTestCaseKeyword$_callTestCase_closure1.doCall(CallTestCaseKeyword.groovy:66)
	at com.kms.katalon.core.keyword.builtin.CallTestCaseKeyword$_callTestCase_closure1.call(CallTestCaseKeyword.groovy)
	at com.kms.katalon.core.keyword.internal.KeywordMain.runKeyword(KeywordMain.groovy:68)
	at com.kms.katalon.core.keyword.builtin.CallTestCaseKeyword.callTestCase(CallTestCaseKeyword.groovy:81)
	at com.kms.katalon.core.keyword.builtin.CallTestCaseKeyword.execute(CallTestCaseKeyword.groovy:44)
	at com.kms.katalon.core.keyword.internal.KeywordExecutor.executeKeywordForPlatform(KeywordExecutor.groovy:72)
	at com.kms.katalon.core.keyword.BuiltinKeywords.callTestCase(BuiltinKeywords.groovy:334)
	at PFI.IssueStatusLHS.run(PFI.IssueStatusLHS:37)
	at com.kms.katalon.core.main.ScriptEngine.run(ScriptEngine.java:194)
	at com.kms.katalon.core.main.ScriptEngine.runScriptAsRawText(ScriptEngine.java:119)
	at com.kms.katalon.core.main.TestCaseExecutor.runScript(TestCaseExecutor.java:337)
	at com.kms.katalon.core.main.TestCaseExecutor.doExecute(TestCaseExecutor.java:328)
	at com.kms.katalon.core.main.TestCaseExecutor.processExecutionPhase(TestCaseExecutor.java:307)
	at com.kms.katalon.core.main.TestCaseExecutor.accessMainPhase(TestCaseExecutor.java:299)
	at com.kms.katalon.core.main.TestCaseExecutor.execute(TestCaseExecutor.java:233)
	at com.kms.katalon.core.main.TestSuiteExecutor.accessTestCaseMainPhase(TestSuiteExecutor.java:169)
	at com.kms.katalon.core.main.TestSuiteExecutor.accessTestSuiteMainPhase(TestSuiteExecutor.java:142)
	at com.kms.katalon.core.main.TestSuiteExecutor.execute(TestSuiteExecutor.java:91)
	at com.kms.katalon.core.main.TestCaseMain.startTestSuite(TestCaseMain.java:157)
	at com.kms.katalon.core.main.TestCaseMain$startTestSuite$0.call(Unknown Source)
	at TempTestSuite1591590028740.run(TempTestSuite1591590028740.groovy:36)
Caused by: org.codehaus.groovy.runtime.InvokerInvocationException: java.lang.AssertionError: Web element with id: 'Object Repository/Objects.VerifyPageSuccessfullyLoaded/PageHeaderIndex' located by 'By.xpath: //*[contains(@class,'isps-page-title') and contains(text(),'Issue Status')]' not found
	at com.reusableComponents.HighlightElement.invokeMethod(HighlightElement.groovy)
	at com.kms.katalon.core.main.CustomKeywordDelegatingMetaClass.invokeStaticMethod(CustomKeywordDelegatingMetaClass.java:50)
	at VerifyPageSuccessfullyLoadedII.run(VerifyPageSuccessfullyLoadedII:34)
	at com.kms.katalon.core.main.ScriptEngine.run(ScriptEngine.java:194)
	at com.kms.katalon.core.main.ScriptEngine.runScriptAsRawText(ScriptEngine.java:119)
	at com.kms.katalon.core.main.TestCaseExecutor.runScript(TestCaseExecutor.java:337)
	at com.kms.katalon.core.main.TestCaseExecutor.doExecute(TestCaseExecutor.java:328)
	at com.kms.katalon.core.main.TestCaseExecutor.processExecutionPhase(TestCaseExecutor.java:307)
	at com.kms.katalon.core.main.TestCaseExecutor.accessMainPhase(TestCaseExecutor.java:299)
	at com.kms.katalon.core.main.TestCaseExecutor.execute(TestCaseExecutor.java:233)
	at com.kms.katalon.core.main.TestCaseMain.runTestCase(TestCaseMain.java:114)
	at com.kms.katalon.core.keyword.builtin.CallTestCaseKeyword$_callTestCase_closure1.doCall(CallTestCaseKeyword.groovy:59)
	... 20 more
Caused by: java.lang.AssertionError: Web element with id: 'Object Repository/Objects.VerifyPageSuccessfullyLoaded/PageHeaderIndex' located by 'By.xpath: //*[contains(@class,'isps-page-title') and contains(text(),'Issue Status')]' not found
	at org.testng.Assert.fail(Assert.java:93)
	at org.testng.Assert$fail.call(Unknown Source)
	at com.reusableComponents.HighlightElement.run(HighlightElement.groovy:27)
	... 32 more


2020-06-08 12:26:45 - [TEST_STEP][NOT_RUN] - callTestCase(findTestCase("Components/LoginV2.0"), ["LinkToBeUsed":findTestData("ISPS2 Test Data").getValue("URL", 1), "LoginPageTextToBeVerified":findTestData("ISPS2 Test Data").getValue("HomeBanner", 1), ... ], STOP_ON_FAILURE): NOT_RUN: callTestCase(findTestCase("Components/LoginV2.0"), ["LinkToBeUsed":findTestData("ISPS2 Test Data").getValue("URL", 1), "LoginPageTextToBeVerified":findTestData("ISPS2 Test Data").getValue("HomeBanner", 1), ... ], STOP_ON_FAILURE)

2020-06-08 12:26:45 - [MESSAGE][NOT_RUN] - NOT_RUN: callTestCase(findTestCase("Components/LoginV2.0"), ["LinkToBeUsed":findTestData("ISPS2 Test Data").getValue("URL", 1), "LoginPageTextToBeVerified":findTestData("ISPS2 Test Data").getValue("HomeBanner", 1), ... ], STOP_ON_FAILURE)

2020-06-08 12:26:45 - [TEST_STEP][NOT_RUN] - callTestCase(findTestCase("Components/NavigateToHomepageHeaders"), ["headerText":"My Tasks"], STOP_ON_FAILURE): NOT_RUN: callTestCase(findTestCase("Components/NavigateToHomepageHeaders"), ["headerText":"My Tasks"], STOP_ON_FAILURE)

2020-06-08 12:26:45 - [MESSAGE][NOT_RUN] - NOT_RUN: callTestCase(findTestCase("Components/NavigateToHomepageHeaders"), ["headerText":"My Tasks"], STOP_ON_FAILURE)

2020-06-08 12:26:45 - [TEST_STEP][NOT_RUN] - callTestCase(findTestCase("Components/Filter"), ["taskDescription":"Process Case (SM)"], STOP_ON_FAILURE): NOT_RUN: callTestCase(findTestCase("Components/Filter"), ["taskDescription":"Process Case (SM)"], STOP_ON_FAILURE)

2020-06-08 12:26:45 - [MESSAGE][NOT_RUN] - NOT_RUN: callTestCase(findTestCase("Components/Filter"), ["taskDescription":"Process Case (SM)"], STOP_ON_FAILURE)

2020-06-08 12:26:45 - [TEST_STEP][NOT_RUN] - callTestCase(findTestCase("Components/ClickLinkDependingOnTextAndIndex"), ["linkName":"Process Case (SM)", "index":"3"], STOP_ON_FAILURE): NOT_RUN: callTestCase(findTestCase("Components/ClickLinkDependingOnTextAndIndex"), ["linkName":"Process Case (SM)", "index":"3"], STOP_ON_FAILURE)

2020-06-08 12:26:45 - [MESSAGE][NOT_RUN] - NOT_RUN: callTestCase(findTestCase("Components/ClickLinkDependingOnTextAndIndex"), ["linkName":"Process Case (SM)", "index":"3"], STOP_ON_FAILURE)

2020-06-08 12:26:45 - [TEST_STEP][PASSED] - callTestCase(findTestCase("Components/NavigateToAnyLHS"), ["LHS":"Issue Status"], STOP_ON_FAILURE): Call Test Case 'Test Cases/Components/NavigateToAnyLHS' successfully

2020-06-08 12:26:45 - [TEST_CASE][PASSED] - Test Cases/Components/NavigateToAnyLHS: Test Cases/Components/NavigateToAnyLHS

2020-06-08 12:26:45 - [TEST_STEP][PASSED] - Thread.sleep(1000): null

2020-06-08 12:26:46 - [TEST_STEP][PASSED] - modifiedLHS = modifyObjectProperty(findTestObject("Objects.NavigateToAnyLHS/Page_ISPS2/LHSToModify"), "text", "equals", LHS, true): Modify property of object successfully

2020-06-08 12:26:46 - [MESSAGE][PASSED] - Modify property of object successfully

2020-06-08 12:26:46 - [TEST_STEP][PASSED] - click(modifiedLHS): Object: 'Object Repository/Objects.NavigateToAnyLHS/Page_ISPS2/LHSToModify' is clicked on

2020-06-08 12:26:49 - [MESSAGE][PASSED] - Object: 'Object Repository/Objects.NavigateToAnyLHS/Page_ISPS2/LHSToModify' is clicked on

2020-06-08 12:26:49 - [TEST_STEP][PASSED] - currentLHS = getText(modifiedLHS): Text of object 'Object Repository/Objects.NavigateToAnyLHS/Page_ISPS2/LHSToModify' is: 'Issue Status'

2020-06-08 12:26:49 - [MESSAGE][PASSED] - Text of object 'Object Repository/Objects.NavigateToAnyLHS/Page_ISPS2/LHSToModify' is: 'Issue Status'

2020-06-08 12:26:49 - [TEST_STEP][PASSED] - Thread.sleep(5000): null

2020-06-08 12:26:54 - [MESSAGE][PASSED] - Call Test Case 'Test Cases/Components/NavigateToAnyLHS' successfully

2020-06-08 12:26:54 - [TEST_STEP][FAILED] - callTestCase(findTestCase("Components/VerifyPageSuccessfullyLoadedII"), ["PageNm":"Issue Status"], STOP_ON_FAILURE): Unable to call Test Case 'Test Cases/Components/VerifyPageSuccessfullyLoadedII' (Root cause: com.kms.katalon.core.exception.StepErrorException: Call Test Case 'Test Cases/Components/VerifyPageSuccessfullyLoadedII' failed because of error(s)
	at com.kms.katalon.core.keyword.builtin.CallTestCaseKeyword$_callTestCase_closure1.doCall(CallTestCaseKeyword.groovy:66)
	at com.kms.katalon.core.keyword.builtin.CallTestCaseKeyword$_callTestCase_closure1.call(CallTestCaseKeyword.groovy)
	at com.kms.katalon.core.keyword.internal.KeywordMain.runKeyword(KeywordMain.groovy:68)
	at com.kms.katalon.core.keyword.builtin.CallTestCaseKeyword.callTestCase(CallTestCaseKeyword.groovy:81)
	at com.kms.katalon.core.keyword.builtin.CallTestCaseKeyword.execute(CallTestCaseKeyword.groovy:44)
	at com.kms.katalon.core.keyword.internal.KeywordExecutor.executeKeywordForPlatform(KeywordExecutor.groovy:72)
	at com.kms.katalon.core.keyword.BuiltinKeywords.callTestCase(BuiltinKeywords.groovy:334)
	at PFI.IssueStatusLHS.run(PFI.IssueStatusLHS:37)
	at com.kms.katalon.core.main.ScriptEngine.run(ScriptEngine.java:194)
	at com.kms.katalon.core.main.ScriptEngine.runScriptAsRawText(ScriptEngine.java:119)
	at com.kms.katalon.core.main.TestCaseExecutor.runScript(TestCaseExecutor.java:337)
	at com.kms.katalon.core.main.TestCaseExecutor.doExecute(TestCaseExecutor.java:328)
	at com.kms.katalon.core.main.TestCaseExecutor.processExecutionPhase(TestCaseExecutor.java:307)
	at com.kms.katalon.core.main.TestCaseExecutor.accessMainPhase(TestCaseExecutor.java:299)
	at com.kms.katalon.core.main.TestCaseExecutor.execute(TestCaseExecutor.java:233)
	at com.kms.katalon.core.main.TestSuiteExecutor.accessTestCaseMainPhase(TestSuiteExecutor.java:169)
	at com.kms.katalon.core.main.TestSuiteExecutor.accessTestSuiteMainPhase(TestSuiteExecutor.java:142)
	at com.kms.katalon.core.main.TestSuiteExecutor.execute(TestSuiteExecutor.java:91)
	at com.kms.katalon.core.main.TestCaseMain.startTestSuite(TestCaseMain.java:157)
	at com.kms.katalon.core.main.TestCaseMain$startTestSuite$0.call(Unknown Source)
	at TempTestSuite1591590028740.run(TempTestSuite1591590028740.groovy:36)
Caused by: org.codehaus.groovy.runtime.InvokerInvocationException: java.lang.AssertionError: Web element with id: 'Object Repository/Objects.VerifyPageSuccessfullyLoaded/PageHeaderIndex' located by 'By.xpath: //*[contains(@class,'isps-page-title') and contains(text(),'Issue Status')]' not found
	at com.reusableComponents.HighlightElement.invokeMethod(HighlightElement.groovy)
	at com.kms.katalon.core.main.CustomKeywordDelegatingMetaClass.invokeStaticMethod(CustomKeywordDelegatingMetaClass.java:50)
	at VerifyPageSuccessfullyLoadedII.run(VerifyPageSuccessfullyLoadedII:34)
	at com.kms.katalon.core.main.ScriptEngine.run(ScriptEngine.java:194)
	at com.kms.katalon.core.main.ScriptEngine.runScriptAsRawText(ScriptEngine.java:119)
	at com.kms.katalon.core.main.TestCaseExecutor.runScript(TestCaseExecutor.java:337)
	at com.kms.katalon.core.main.TestCaseExecutor.doExecute(TestCaseExecutor.java:328)
	at com.kms.katalon.core.main.TestCaseExecutor.processExecutionPhase(TestCaseExecutor.java:307)
	at com.kms.katalon.core.main.TestCaseExecutor.accessMainPhase(TestCaseExecutor.java:299)
	at com.kms.katalon.core.main.TestCaseExecutor.execute(TestCaseExecutor.java:233)
	at com.kms.katalon.core.main.TestCaseMain.runTestCase(TestCaseMain.java:114)
	at com.kms.katalon.core.keyword.builtin.CallTestCaseKeyword$_callTestCase_closure1.doCall(CallTestCaseKeyword.groovy:59)
	... 20 more
Caused by: java.lang.AssertionError: Web element with id: 'Object Repository/Objects.VerifyPageSuccessfullyLoaded/PageHeaderIndex' located by 'By.xpath: //*[contains(@class,'isps-page-title') and contains(text(),'Issue Status')]' not found
	at org.testng.Assert.fail(Assert.java:93)
	at org.testng.Assert$fail.call(Unknown Source)
	at com.reusableComponents.HighlightElement.run(HighlightElement.groovy:27)
	... 32 more
)

2020-06-08 12:26:54 - [TEST_CASE][ERROR] - Test Cases/Components/VerifyPageSuccessfullyLoadedII: Test Cases/Components/VerifyPageSuccessfullyLoadedII FAILED.
Reason:
org.codehaus.groovy.runtime.InvokerInvocationException: java.lang.AssertionError: Web element with id: 'Object Repository/Objects.VerifyPageSuccessfullyLoaded/PageHeaderIndex' located by 'By.xpath: //*[contains(@class,'isps-page-title') and contains(text(),'Issue Status')]' not found
	at com.reusableComponents.HighlightElement.invokeMethod(HighlightElement.groovy)
	at com.kms.katalon.core.main.CustomKeywordDelegatingMetaClass.invokeStaticMethod(CustomKeywordDelegatingMetaClass.java:50)
	at VerifyPageSuccessfullyLoadedII.run(VerifyPageSuccessfullyLoadedII:34)
	at com.kms.katalon.core.main.ScriptEngine.run(ScriptEngine.java:194)
	at com.kms.katalon.core.main.ScriptEngine.runScriptAsRawText(ScriptEngine.java:119)
	at com.kms.katalon.core.main.TestCaseExecutor.runScript(TestCaseExecutor.java:337)
	at com.kms.katalon.core.main.TestCaseExecutor.doExecute(TestCaseExecutor.java:328)
	at com.kms.katalon.core.main.TestCaseExecutor.processExecutionPhase(TestCaseExecutor.java:307)
	at com.kms.katalon.core.main.TestCaseExecutor.accessMainPhase(TestCaseExecutor.java:299)
	at com.kms.katalon.core.main.TestCaseExecutor.execute(TestCaseExecutor.java:233)
	at com.kms.katalon.core.main.TestCaseMain.runTestCase(TestCaseMain.java:114)
	at com.kms.katalon.core.keyword.builtin.CallTestCaseKeyword$_callTestCase_closure1.doCall(CallTestCaseKeyword.groovy:59)
	at com.kms.katalon.core.keyword.builtin.CallTestCaseKeyword$_callTestCase_closure1.call(CallTestCaseKeyword.groovy)
	at com.kms.katalon.core.keyword.internal.KeywordMain.runKeyword(KeywordMain.groovy:68)
	at com.kms.katalon.core.keyword.builtin.CallTestCaseKeyword.callTestCase(CallTestCaseKeyword.groovy:81)
	at com.kms.katalon.core.keyword.builtin.CallTestCaseKeyword.execute(CallTestCaseKeyword.groovy:44)
	at com.kms.katalon.core.keyword.internal.KeywordExecutor.executeKeywordForPlatform(KeywordExecutor.groovy:72)
	at com.kms.katalon.core.keyword.BuiltinKeywords.callTestCase(BuiltinKeywords.groovy:334)
	at PFI.IssueStatusLHS.run(PFI.IssueStatusLHS:37)
	at com.kms.katalon.core.main.ScriptEngine.run(ScriptEngine.java:194)
	at com.kms.katalon.core.main.ScriptEngine.runScriptAsRawText(ScriptEngine.java:119)
	at com.kms.katalon.core.main.TestCaseExecutor.runScript(TestCaseExecutor.java:337)
	at com.kms.katalon.core.main.TestCaseExecutor.doExecute(TestCaseExecutor.java:328)
	at com.kms.katalon.core.main.TestCaseExecutor.processExecutionPhase(TestCaseExecutor.java:307)
	at com.kms.katalon.core.main.TestCaseExecutor.accessMainPhase(TestCaseExecutor.java:299)
	at com.kms.katalon.core.main.TestCaseExecutor.execute(TestCaseExecutor.java:233)
	at com.kms.katalon.core.main.TestSuiteExecutor.accessTestCaseMainPhase(TestSuiteExecutor.java:169)
	at com.kms.katalon.core.main.TestSuiteExecutor.accessTestSuiteMainPhase(TestSuiteExecutor.java:142)
	at com.kms.katalon.core.main.TestSuiteExecutor.execute(TestSuiteExecutor.java:91)
	at com.kms.katalon.core.main.TestCaseMain.startTestSuite(TestCaseMain.java:157)
	at com.kms.katalon.core.main.TestCaseMain$startTestSuite$0.call(Unknown Source)
	at TempTestSuite1591590028740.run(TempTestSuite1591590028740.groovy:36)
Caused by: java.lang.AssertionError: Web element with id: 'Object Repository/Objects.VerifyPageSuccessfullyLoaded/PageHeaderIndex' located by 'By.xpath: //*[contains(@class,'isps-page-title') and contains(text(),'Issue Status')]' not found
	at org.testng.Assert.fail(Assert.java:93)
	at org.testng.Assert$fail.call(Unknown Source)
	at com.reusableComponents.HighlightElement.run(HighlightElement.groovy:27)
	... 32 more


2020-06-08 12:26:54 - [TEST_STEP][PASSED] - waitForPageLoad(5): Wait for page load successfully

2020-06-08 12:26:54 - [MESSAGE][PASSED] - Wait for page load successfully

2020-06-08 12:26:54 - [TEST_STEP][PASSED] - modifiedInputFld = modifyObjectProperty(findTestObject("Object Repository/Objects.VerifyPageSuccessfullyLoaded/PageHeaderIndex"), "xpath", "equals", "//*[contains(@class,'isps-page-title') and contains(text(),'" + PageNm + "')]", true): Modify property of object successfully

2020-06-08 12:26:54 - [MESSAGE][PASSED] - Modify property of object successfully

2020-06-08 12:26:54 - [TEST_STEP][FAILED] - com.reusableComponents.HighlightElement.run(modifiedInputFld): java.lang.AssertionError: Web element with id: 'Object Repository/Objects.VerifyPageSuccessfullyLoaded/PageHeaderIndex' located by 'By.xpath: //*[contains(@class,'isps-page-title') and contains(text(),'Issue Status')]' not found

2020-06-08 12:27:15 - [MESSAGE][INFO] - Unable to find the element located by 'By.xpath: //*[contains(@class,'isps-page-title') and contains(text(),'Issue Status')]'. Please recheck the objects properties to make sure the desired element is located. 

2020-06-08 12:27:15 - [MESSAGE][FAILED] - java.lang.AssertionError: Web element with id: 'Object Repository/Objects.VerifyPageSuccessfullyLoaded/PageHeaderIndex' located by 'By.xpath: //*[contains(@class,'isps-page-title') and contains(text(),'Issue Status')]' not found

2020-06-08 12:27:15 - [MESSAGE][FAILED] - Unable to call Test Case 'Test Cases/Components/VerifyPageSuccessfullyLoadedII' (Root cause: com.kms.katalon.core.exception.StepErrorException: Call Test Case 'Test Cases/Components/VerifyPageSuccessfullyLoadedII' failed because of error(s)
	at com.kms.katalon.core.keyword.builtin.CallTestCaseKeyword$_callTestCase_closure1.doCall(CallTestCaseKeyword.groovy:66)
	at com.kms.katalon.core.keyword.builtin.CallTestCaseKeyword$_callTestCase_closure1.call(CallTestCaseKeyword.groovy)
	at com.kms.katalon.core.keyword.internal.KeywordMain.runKeyword(KeywordMain.groovy:68)
	at com.kms.katalon.core.keyword.builtin.CallTestCaseKeyword.callTestCase(CallTestCaseKeyword.groovy:81)
	at com.kms.katalon.core.keyword.builtin.CallTestCaseKeyword.execute(CallTestCaseKeyword.groovy:44)
	at com.kms.katalon.core.keyword.internal.KeywordExecutor.executeKeywordForPlatform(KeywordExecutor.groovy:72)
	at com.kms.katalon.core.keyword.BuiltinKeywords.callTestCase(BuiltinKeywords.groovy:334)
	at PFI.IssueStatusLHS.run(PFI.IssueStatusLHS:37)
	at com.kms.katalon.core.main.ScriptEngine.run(ScriptEngine.java:194)
	at com.kms.katalon.core.main.ScriptEngine.runScriptAsRawText(ScriptEngine.java:119)
	at com.kms.katalon.core.main.TestCaseExecutor.runScript(TestCaseExecutor.java:337)
	at com.kms.katalon.core.main.TestCaseExecutor.doExecute(TestCaseExecutor.java:328)
	at com.kms.katalon.core.main.TestCaseExecutor.processExecutionPhase(TestCaseExecutor.java:307)
	at com.kms.katalon.core.main.TestCaseExecutor.accessMainPhase(TestCaseExecutor.java:299)
	at com.kms.katalon.core.main.TestCaseExecutor.execute(TestCaseExecutor.java:233)
	at com.kms.katalon.core.main.TestSuiteExecutor.accessTestCaseMainPhase(TestSuiteExecutor.java:169)
	at com.kms.katalon.core.main.TestSuiteExecutor.accessTestSuiteMainPhase(TestSuiteExecutor.java:142)
	at com.kms.katalon.core.main.TestSuiteExecutor.execute(TestSuiteExecutor.java:91)
	at com.kms.katalon.core.main.TestCaseMain.startTestSuite(TestCaseMain.java:157)
	at com.kms.katalon.core.main.TestCaseMain$startTestSuite$0.call(Unknown Source)
	at TempTestSuite1591590028740.run(TempTestSuite1591590028740.groovy:36)
Caused by: org.codehaus.groovy.runtime.InvokerInvocationException: java.lang.AssertionError: Web element with id: 'Object Repository/Objects.VerifyPageSuccessfullyLoaded/PageHeaderIndex' located by 'By.xpath: //*[contains(@class,'isps-page-title') and contains(text(),'Issue Status')]' not found
	at com.reusableComponents.HighlightElement.invokeMethod(HighlightElement.groovy)
	at com.kms.katalon.core.main.CustomKeywordDelegatingMetaClass.invokeStaticMethod(CustomKeywordDelegatingMetaClass.java:50)
	at VerifyPageSuccessfullyLoadedII.run(VerifyPageSuccessfullyLoadedII:34)
	at com.kms.katalon.core.main.ScriptEngine.run(ScriptEngine.java:194)
	at com.kms.katalon.core.main.ScriptEngine.runScriptAsRawText(ScriptEngine.java:119)
	at com.kms.katalon.core.main.TestCaseExecutor.runScript(TestCaseExecutor.java:337)
	at com.kms.katalon.core.main.TestCaseExecutor.doExecute(TestCaseExecutor.java:328)
	at com.kms.katalon.core.main.TestCaseExecutor.processExecutionPhase(TestCaseExecutor.java:307)
	at com.kms.katalon.core.main.TestCaseExecutor.accessMainPhase(TestCaseExecutor.java:299)
	at com.kms.katalon.core.main.TestCaseExecutor.execute(TestCaseExecutor.java:233)
	at com.kms.katalon.core.main.TestCaseMain.runTestCase(TestCaseMain.java:114)
	at com.kms.katalon.core.keyword.builtin.CallTestCaseKeyword$_callTestCase_closure1.doCall(CallTestCaseKeyword.groovy:59)
	... 20 more
Caused by: java.lang.AssertionError: Web element with id: 'Object Repository/Objects.VerifyPageSuccessfullyLoaded/PageHeaderIndex' located by 'By.xpath: //*[contains(@class,'isps-page-title') and contains(text(),'Issue Status')]' not found
	at org.testng.Assert.fail(Assert.java:93)
	at org.testng.Assert$fail.call(Unknown Source)
	at com.reusableComponents.HighlightElement.run(HighlightElement.groovy:27)
	... 32 more
)]]></system-out>
         <system-err><![CDATA[2020-06-08 12:26:45 - [TEST_CASE][ERROR] - Test Cases/PFI Precision and Scale/PFI Test Cases/Process Case (PFI)/PFI.IssueStatusLHS: Test Cases/PFI Precision and Scale/PFI Test Cases/Process Case (PFI)/PFI.IssueStatusLHS FAILED.
Reason:
com.kms.katalon.core.exception.StepErrorException: Call Test Case 'Test Cases/Components/VerifyPageSuccessfullyLoadedII' failed because of error(s)
	at com.kms.katalon.core.keyword.builtin.CallTestCaseKeyword$_callTestCase_closure1.doCall(CallTestCaseKeyword.groovy:66)
	at com.kms.katalon.core.keyword.builtin.CallTestCaseKeyword$_callTestCase_closure1.call(CallTestCaseKeyword.groovy)
	at com.kms.katalon.core.keyword.internal.KeywordMain.runKeyword(KeywordMain.groovy:68)
	at com.kms.katalon.core.keyword.builtin.CallTestCaseKeyword.callTestCase(CallTestCaseKeyword.groovy:81)
	at com.kms.katalon.core.keyword.builtin.CallTestCaseKeyword.execute(CallTestCaseKeyword.groovy:44)
	at com.kms.katalon.core.keyword.internal.KeywordExecutor.executeKeywordForPlatform(KeywordExecutor.groovy:72)
	at com.kms.katalon.core.keyword.BuiltinKeywords.callTestCase(BuiltinKeywords.groovy:334)
	at PFI.IssueStatusLHS.run(PFI.IssueStatusLHS:37)
	at com.kms.katalon.core.main.ScriptEngine.run(ScriptEngine.java:194)
	at com.kms.katalon.core.main.ScriptEngine.runScriptAsRawText(ScriptEngine.java:119)
	at com.kms.katalon.core.main.TestCaseExecutor.runScript(TestCaseExecutor.java:337)
	at com.kms.katalon.core.main.TestCaseExecutor.doExecute(TestCaseExecutor.java:328)
	at com.kms.katalon.core.main.TestCaseExecutor.processExecutionPhase(TestCaseExecutor.java:307)
	at com.kms.katalon.core.main.TestCaseExecutor.accessMainPhase(TestCaseExecutor.java:299)
	at com.kms.katalon.core.main.TestCaseExecutor.execute(TestCaseExecutor.java:233)
	at com.kms.katalon.core.main.TestSuiteExecutor.accessTestCaseMainPhase(TestSuiteExecutor.java:169)
	at com.kms.katalon.core.main.TestSuiteExecutor.accessTestSuiteMainPhase(TestSuiteExecutor.java:142)
	at com.kms.katalon.core.main.TestSuiteExecutor.execute(TestSuiteExecutor.java:91)
	at com.kms.katalon.core.main.TestCaseMain.startTestSuite(TestCaseMain.java:157)
	at com.kms.katalon.core.main.TestCaseMain$startTestSuite$0.call(Unknown Source)
	at TempTestSuite1591590028740.run(TempTestSuite1591590028740.groovy:36)
Caused by: org.codehaus.groovy.runtime.InvokerInvocationException: java.lang.AssertionError: Web element with id: 'Object Repository/Objects.VerifyPageSuccessfullyLoaded/PageHeaderIndex' located by 'By.xpath: //*[contains(@class,'isps-page-title') and contains(text(),'Issue Status')]' not found
	at com.reusableComponents.HighlightElement.invokeMethod(HighlightElement.groovy)
	at com.kms.katalon.core.main.CustomKeywordDelegatingMetaClass.invokeStaticMethod(CustomKeywordDelegatingMetaClass.java:50)
	at VerifyPageSuccessfullyLoadedII.run(VerifyPageSuccessfullyLoadedII:34)
	at com.kms.katalon.core.main.ScriptEngine.run(ScriptEngine.java:194)
	at com.kms.katalon.core.main.ScriptEngine.runScriptAsRawText(ScriptEngine.java:119)
	at com.kms.katalon.core.main.TestCaseExecutor.runScript(TestCaseExecutor.java:337)
	at com.kms.katalon.core.main.TestCaseExecutor.doExecute(TestCaseExecutor.java:328)
	at com.kms.katalon.core.main.TestCaseExecutor.processExecutionPhase(TestCaseExecutor.java:307)
	at com.kms.katalon.core.main.TestCaseExecutor.accessMainPhase(TestCaseExecutor.java:299)
	at com.kms.katalon.core.main.TestCaseExecutor.execute(TestCaseExecutor.java:233)
	at com.kms.katalon.core.main.TestCaseMain.runTestCase(TestCaseMain.java:114)
	at com.kms.katalon.core.keyword.builtin.CallTestCaseKeyword$_callTestCase_closure1.doCall(CallTestCaseKeyword.groovy:59)
	... 20 more
Caused by: java.lang.AssertionError: Web element with id: 'Object Repository/Objects.VerifyPageSuccessfullyLoaded/PageHeaderIndex' located by 'By.xpath: //*[contains(@class,'isps-page-title') and contains(text(),'Issue Status')]' not found
	at org.testng.Assert.fail(Assert.java:93)
	at org.testng.Assert$fail.call(Unknown Source)
	at com.reusableComponents.HighlightElement.run(HighlightElement.groovy:27)
	... 32 more]]></system-err>
      </testcase>
      <testcase name="Test Cases/PFI Precision and Scale/PFI Test Cases/Process Case (PFI)/PFI.KIVLHS" time="109.422" classname="Test Cases/PFI Precision and Scale/PFI Test Cases/Process Case (PFI)/PFI.KIVLHS" status="FAILED">
         <failure type="FAILED" message="Test Cases/PFI Precision and Scale/PFI Test Cases/Process Case (PFI)/PFI.KIVLHS FAILED.
Reason:
com.kms.katalon.core.exception.StepFailedException: Call Test Case 'Test Cases/Components/VerifyPageSuccessfullyLoaded' failed
	at com.kms.katalon.core.keyword.builtin.CallTestCaseKeyword$_callTestCase_closure1.doCall(CallTestCaseKeyword.groovy:63)
	at com.kms.katalon.core.keyword.builtin.CallTestCaseKeyword$_callTestCase_closure1.call(CallTestCaseKeyword.groovy)
	at com.kms.katalon.core.keyword.internal.KeywordMain.runKeyword(KeywordMain.groovy:68)
	at com.kms.katalon.core.keyword.builtin.CallTestCaseKeyword.callTestCase(CallTestCaseKeyword.groovy:81)
	at com.kms.katalon.core.keyword.builtin.CallTestCaseKeyword.execute(CallTestCaseKeyword.groovy:44)
	at com.kms.katalon.core.keyword.internal.KeywordExecutor.executeKeywordForPlatform(KeywordExecutor.groovy:72)
	at com.kms.katalon.core.keyword.BuiltinKeywords.callTestCase(BuiltinKeywords.groovy:334)
	at PFI.KIVLHS.run(PFI.KIVLHS:41)
	at com.kms.katalon.core.main.ScriptEngine.run(ScriptEngine.java:194)
	at com.kms.katalon.core.main.ScriptEngine.runScriptAsRawText(ScriptEngine.java:119)
	at com.kms.katalon.core.main.TestCaseExecutor.runScript(TestCaseExecutor.java:337)
	at com.kms.katalon.core.main.TestCaseExecutor.doExecute(TestCaseExecutor.java:328)
	at com.kms.katalon.core.main.TestCaseExecutor.processExecutionPhase(TestCaseExecutor.java:307)
	at com.kms.katalon.core.main.TestCaseExecutor.accessMainPhase(TestCaseExecutor.java:299)
	at com.kms.katalon.core.main.TestCaseExecutor.execute(TestCaseExecutor.java:233)
	at com.kms.katalon.core.main.TestSuiteExecutor.accessTestCaseMainPhase(TestSuiteExecutor.java:169)
	at com.kms.katalon.core.main.TestSuiteExecutor.accessTestSuiteMainPhase(TestSuiteExecutor.java:142)
	at com.kms.katalon.core.main.TestSuiteExecutor.execute(TestSuiteExecutor.java:91)
	at com.kms.katalon.core.main.TestCaseMain.startTestSuite(TestCaseMain.java:157)
	at com.kms.katalon.core.main.TestCaseMain$startTestSuite$0.call(Unknown Source)
	at TempTestSuite1591590028740.run(TempTestSuite1591590028740.groovy:36)
Caused by: com.kms.katalon.core.exception.StepFailedException: Unable to verify object 'Object Repository/Objects.VerifyPageSuccessfullyLoaded/PageHeader' is present
	at com.kms.katalon.core.webui.keyword.internal.WebUIKeywordMain.stepFailed(WebUIKeywordMain.groovy:64)
	at com.kms.katalon.core.webui.keyword.internal.WebUIKeywordMain.runKeyword(WebUIKeywordMain.groovy:26)
	at com.kms.katalon.core.webui.keyword.builtin.VerifyElementPresentKeyword.verifyElementPresent(VerifyElementPresentKeyword.groovy:92)
	at com.kms.katalon.core.webui.keyword.builtin.VerifyElementPresentKeyword.execute(VerifyElementPresentKeyword.groovy:68)
	at com.kms.katalon.core.keyword.internal.KeywordExecutor.executeKeywordForPlatform(KeywordExecutor.groovy:72)
	at com.kms.katalon.core.webui.keyword.WebUiBuiltInKeywords.verifyElementPresent(WebUiBuiltInKeywords.groovy:1434)
	at com.kms.katalon.core.webui.keyword.WebUiBuiltInKeywords$verifyElementPresent$11.call(Unknown Source)
	at VerifyPageSuccessfullyLoaded.run(VerifyPageSuccessfullyLoaded:31)
	at com.kms.katalon.core.main.ScriptEngine.run(ScriptEngine.java:194)
	at com.kms.katalon.core.main.ScriptEngine.runScriptAsRawText(ScriptEngine.java:119)
	at com.kms.katalon.core.main.TestCaseExecutor.runScript(TestCaseExecutor.java:337)
	at com.kms.katalon.core.main.TestCaseExecutor.doExecute(TestCaseExecutor.java:328)
	at com.kms.katalon.core.main.TestCaseExecutor.processExecutionPhase(TestCaseExecutor.java:307)
	at com.kms.katalon.core.main.TestCaseExecutor.accessMainPhase(TestCaseExecutor.java:299)
	at com.kms.katalon.core.main.TestCaseExecutor.execute(TestCaseExecutor.java:233)
	at com.kms.katalon.core.main.TestCaseMain.runTestCase(TestCaseMain.java:114)
	at com.kms.katalon.core.keyword.builtin.CallTestCaseKeyword$_callTestCase_closure1.doCall(CallTestCaseKeyword.groovy:59)
	... 20 more
Caused by: com.kms.katalon.core.exception.StepFailedException: com.kms.katalon.core.webui.exception.WebElementNotFoundException: Web element with id: 'Object Repository/Objects.VerifyPageSuccessfullyLoaded/PageHeader' located by 'By.xpath: //*[contains(@class, 'isps-page-title-1') and (text() = 'KIV' or . = 'KIV')]' not found
	at com.kms.katalon.core.webui.keyword.internal.WebUIKeywordMain.stepFailed(WebUIKeywordMain.groovy:64)
	at com.kms.katalon.core.webui.keyword.builtin.VerifyElementPresentKeyword$_verifyElementPresent_closure1.doCall(VerifyElementPresentKeyword.groovy:85)
	at com.kms.katalon.core.webui.keyword.builtin.VerifyElementPresentKeyword$_verifyElementPresent_closure1.call(VerifyElementPresentKeyword.groovy)
	at com.kms.katalon.core.webui.keyword.internal.WebUIKeywordMain.runKeyword(WebUIKeywordMain.groovy:20)
	... 35 more
"/>
         <system-out><![CDATA[2020-06-08 12:27:15 - [TEST_CASE][FAILED] - Test Cases/PFI Precision and Scale/PFI Test Cases/Process Case (PFI)/PFI.KIVLHS: Test Cases/PFI Precision and Scale/PFI Test Cases/Process Case (PFI)/PFI.KIVLHS FAILED.
Reason:
com.kms.katalon.core.exception.StepFailedException: Call Test Case 'Test Cases/Components/VerifyPageSuccessfullyLoaded' failed
	at com.kms.katalon.core.keyword.builtin.CallTestCaseKeyword$_callTestCase_closure1.doCall(CallTestCaseKeyword.groovy:63)
	at com.kms.katalon.core.keyword.builtin.CallTestCaseKeyword$_callTestCase_closure1.call(CallTestCaseKeyword.groovy)
	at com.kms.katalon.core.keyword.internal.KeywordMain.runKeyword(KeywordMain.groovy:68)
	at com.kms.katalon.core.keyword.builtin.CallTestCaseKeyword.callTestCase(CallTestCaseKeyword.groovy:81)
	at com.kms.katalon.core.keyword.builtin.CallTestCaseKeyword.execute(CallTestCaseKeyword.groovy:44)
	at com.kms.katalon.core.keyword.internal.KeywordExecutor.executeKeywordForPlatform(KeywordExecutor.groovy:72)
	at com.kms.katalon.core.keyword.BuiltinKeywords.callTestCase(BuiltinKeywords.groovy:334)
	at PFI.KIVLHS.run(PFI.KIVLHS:41)
	at com.kms.katalon.core.main.ScriptEngine.run(ScriptEngine.java:194)
	at com.kms.katalon.core.main.ScriptEngine.runScriptAsRawText(ScriptEngine.java:119)
	at com.kms.katalon.core.main.TestCaseExecutor.runScript(TestCaseExecutor.java:337)
	at com.kms.katalon.core.main.TestCaseExecutor.doExecute(TestCaseExecutor.java:328)
	at com.kms.katalon.core.main.TestCaseExecutor.processExecutionPhase(TestCaseExecutor.java:307)
	at com.kms.katalon.core.main.TestCaseExecutor.accessMainPhase(TestCaseExecutor.java:299)
	at com.kms.katalon.core.main.TestCaseExecutor.execute(TestCaseExecutor.java:233)
	at com.kms.katalon.core.main.TestSuiteExecutor.accessTestCaseMainPhase(TestSuiteExecutor.java:169)
	at com.kms.katalon.core.main.TestSuiteExecutor.accessTestSuiteMainPhase(TestSuiteExecutor.java:142)
	at com.kms.katalon.core.main.TestSuiteExecutor.execute(TestSuiteExecutor.java:91)
	at com.kms.katalon.core.main.TestCaseMain.startTestSuite(TestCaseMain.java:157)
	at com.kms.katalon.core.main.TestCaseMain$startTestSuite$0.call(Unknown Source)
	at TempTestSuite1591590028740.run(TempTestSuite1591590028740.groovy:36)
Caused by: com.kms.katalon.core.exception.StepFailedException: Unable to verify object 'Object Repository/Objects.VerifyPageSuccessfullyLoaded/PageHeader' is present
	at com.kms.katalon.core.webui.keyword.internal.WebUIKeywordMain.stepFailed(WebUIKeywordMain.groovy:64)
	at com.kms.katalon.core.webui.keyword.internal.WebUIKeywordMain.runKeyword(WebUIKeywordMain.groovy:26)
	at com.kms.katalon.core.webui.keyword.builtin.VerifyElementPresentKeyword.verifyElementPresent(VerifyElementPresentKeyword.groovy:92)
	at com.kms.katalon.core.webui.keyword.builtin.VerifyElementPresentKeyword.execute(VerifyElementPresentKeyword.groovy:68)
	at com.kms.katalon.core.keyword.internal.KeywordExecutor.executeKeywordForPlatform(KeywordExecutor.groovy:72)
	at com.kms.katalon.core.webui.keyword.WebUiBuiltInKeywords.verifyElementPresent(WebUiBuiltInKeywords.groovy:1434)
	at com.kms.katalon.core.webui.keyword.WebUiBuiltInKeywords$verifyElementPresent$11.call(Unknown Source)
	at VerifyPageSuccessfullyLoaded.run(VerifyPageSuccessfullyLoaded:31)
	at com.kms.katalon.core.main.ScriptEngine.run(ScriptEngine.java:194)
	at com.kms.katalon.core.main.ScriptEngine.runScriptAsRawText(ScriptEngine.java:119)
	at com.kms.katalon.core.main.TestCaseExecutor.runScript(TestCaseExecutor.java:337)
	at com.kms.katalon.core.main.TestCaseExecutor.doExecute(TestCaseExecutor.java:328)
	at com.kms.katalon.core.main.TestCaseExecutor.processExecutionPhase(TestCaseExecutor.java:307)
	at com.kms.katalon.core.main.TestCaseExecutor.accessMainPhase(TestCaseExecutor.java:299)
	at com.kms.katalon.core.main.TestCaseExecutor.execute(TestCaseExecutor.java:233)
	at com.kms.katalon.core.main.TestCaseMain.runTestCase(TestCaseMain.java:114)
	at com.kms.katalon.core.keyword.builtin.CallTestCaseKeyword$_callTestCase_closure1.doCall(CallTestCaseKeyword.groovy:59)
	... 20 more
Caused by: com.kms.katalon.core.exception.StepFailedException: com.kms.katalon.core.webui.exception.WebElementNotFoundException: Web element with id: 'Object Repository/Objects.VerifyPageSuccessfullyLoaded/PageHeader' located by 'By.xpath: //*[contains(@class, 'isps-page-title-1') and (text() = 'KIV' or . = 'KIV')]' not found
	at com.kms.katalon.core.webui.keyword.internal.WebUIKeywordMain.stepFailed(WebUIKeywordMain.groovy:64)
	at com.kms.katalon.core.webui.keyword.builtin.VerifyElementPresentKeyword$_verifyElementPresent_closure1.doCall(VerifyElementPresentKeyword.groovy:85)
	at com.kms.katalon.core.webui.keyword.builtin.VerifyElementPresentKeyword$_verifyElementPresent_closure1.call(VerifyElementPresentKeyword.groovy)
	at com.kms.katalon.core.webui.keyword.internal.WebUIKeywordMain.runKeyword(WebUIKeywordMain.groovy:20)
	... 35 more


2020-06-08 12:27:15 - [TEST_STEP][NOT_RUN] - callTestCase(findTestCase("Components/LoginV2.0"), ["LinkToBeUsed":findTestData("Datatable").getValue("URL", 1), "LoginPageTextToBeVerified":findTestData("Datatable").getValue("HomeBanner", 1), ... ], STOP_ON_FAILURE): NOT_RUN: callTestCase(findTestCase("Components/LoginV2.0"), ["LinkToBeUsed":findTestData("Datatable").getValue("URL", 1), "LoginPageTextToBeVerified":findTestData("Datatable").getValue("HomeBanner", 1), ... ], STOP_ON_FAILURE)

2020-06-08 12:27:15 - [MESSAGE][NOT_RUN] - NOT_RUN: callTestCase(findTestCase("Components/LoginV2.0"), ["LinkToBeUsed":findTestData("Datatable").getValue("URL", 1), "LoginPageTextToBeVerified":findTestData("Datatable").getValue("HomeBanner", 1), ... ], STOP_ON_FAILURE)

2020-06-08 12:27:15 - [TEST_STEP][NOT_RUN] - callTestCase(findTestCase("Components/Filter"), ["taskDescription":"Process Case (SM)"], STOP_ON_FAILURE): NOT_RUN: callTestCase(findTestCase("Components/Filter"), ["taskDescription":"Process Case (SM)"], STOP_ON_FAILURE)

2020-06-08 12:27:15 - [MESSAGE][NOT_RUN] - NOT_RUN: callTestCase(findTestCase("Components/Filter"), ["taskDescription":"Process Case (SM)"], STOP_ON_FAILURE)

2020-06-08 12:27:15 - [TEST_STEP][NOT_RUN] - callTestCase(findTestCase("Components/ClickLinkDependingOnTextAndIndex"), ["linkName":"Process Case (SM)", "index":"1"], STOP_ON_FAILURE): NOT_RUN: callTestCase(findTestCase("Components/ClickLinkDependingOnTextAndIndex"), ["linkName":"Process Case (SM)", "index":"1"], STOP_ON_FAILURE)

2020-06-08 12:27:15 - [MESSAGE][NOT_RUN] - NOT_RUN: callTestCase(findTestCase("Components/ClickLinkDependingOnTextAndIndex"), ["linkName":"Process Case (SM)", "index":"1"], STOP_ON_FAILURE)

2020-06-08 12:27:15 - [TEST_STEP][NOT_RUN] - callTestCase(findTestCase("Components/VerifyPageSuccessfullyLoaded"), ["HeaderName":"Summary"], STOP_ON_FAILURE): NOT_RUN: callTestCase(findTestCase("Components/VerifyPageSuccessfullyLoaded"), ["HeaderName":"Summary"], STOP_ON_FAILURE)

2020-06-08 12:27:15 - [MESSAGE][NOT_RUN] - NOT_RUN: callTestCase(findTestCase("Components/VerifyPageSuccessfullyLoaded"), ["HeaderName":"Summary"], STOP_ON_FAILURE)

2020-06-08 12:27:15 - [TEST_STEP][PASSED] - callTestCase(findTestCase("Components/NavigateToAnyLHS"), ["LHS":"KIV"], STOP_ON_FAILURE): Call Test Case 'Test Cases/Components/NavigateToAnyLHS' successfully

2020-06-08 12:27:15 - [TEST_CASE][PASSED] - Test Cases/Components/NavigateToAnyLHS: Test Cases/Components/NavigateToAnyLHS

2020-06-08 12:27:16 - [TEST_STEP][PASSED] - Thread.sleep(1000): null

2020-06-08 12:27:17 - [TEST_STEP][PASSED] - modifiedLHS = modifyObjectProperty(findTestObject("Objects.NavigateToAnyLHS/Page_ISPS2/LHSToModify"), "text", "equals", LHS, true): Modify property of object successfully

2020-06-08 12:27:17 - [MESSAGE][PASSED] - Modify property of object successfully

2020-06-08 12:27:17 - [TEST_STEP][PASSED] - click(modifiedLHS): Object: 'Object Repository/Objects.NavigateToAnyLHS/Page_ISPS2/LHSToModify' is clicked on

2020-06-08 12:27:19 - [MESSAGE][PASSED] - Object: 'Object Repository/Objects.NavigateToAnyLHS/Page_ISPS2/LHSToModify' is clicked on

2020-06-08 12:27:19 - [TEST_STEP][PASSED] - currentLHS = getText(modifiedLHS): Text of object 'Object Repository/Objects.NavigateToAnyLHS/Page_ISPS2/LHSToModify' is: 'KIV'

2020-06-08 12:27:19 - [MESSAGE][PASSED] - Text of object 'Object Repository/Objects.NavigateToAnyLHS/Page_ISPS2/LHSToModify' is: 'KIV'

2020-06-08 12:27:19 - [TEST_STEP][PASSED] - Thread.sleep(5000): null

2020-06-08 12:27:24 - [MESSAGE][PASSED] - Call Test Case 'Test Cases/Components/NavigateToAnyLHS' successfully

2020-06-08 12:27:24 - [TEST_STEP][FAILED] - callTestCase(findTestCase("Components/VerifyPageSuccessfullyLoaded"), ["HeaderName":"KIV"], STOP_ON_FAILURE): Unable to call Test Case 'Test Cases/Components/VerifyPageSuccessfullyLoaded' (Root cause: com.kms.katalon.core.exception.StepFailedException: Call Test Case 'Test Cases/Components/VerifyPageSuccessfullyLoaded' failed
	at com.kms.katalon.core.keyword.builtin.CallTestCaseKeyword$_callTestCase_closure1.doCall(CallTestCaseKeyword.groovy:63)
	at com.kms.katalon.core.keyword.builtin.CallTestCaseKeyword$_callTestCase_closure1.call(CallTestCaseKeyword.groovy)
	at com.kms.katalon.core.keyword.internal.KeywordMain.runKeyword(KeywordMain.groovy:68)
	at com.kms.katalon.core.keyword.builtin.CallTestCaseKeyword.callTestCase(CallTestCaseKeyword.groovy:81)
	at com.kms.katalon.core.keyword.builtin.CallTestCaseKeyword.execute(CallTestCaseKeyword.groovy:44)
	at com.kms.katalon.core.keyword.internal.KeywordExecutor.executeKeywordForPlatform(KeywordExecutor.groovy:72)
	at com.kms.katalon.core.keyword.BuiltinKeywords.callTestCase(BuiltinKeywords.groovy:334)
	at PFI.KIVLHS.run(PFI.KIVLHS:41)
	at com.kms.katalon.core.main.ScriptEngine.run(ScriptEngine.java:194)
	at com.kms.katalon.core.main.ScriptEngine.runScriptAsRawText(ScriptEngine.java:119)
	at com.kms.katalon.core.main.TestCaseExecutor.runScript(TestCaseExecutor.java:337)
	at com.kms.katalon.core.main.TestCaseExecutor.doExecute(TestCaseExecutor.java:328)
	at com.kms.katalon.core.main.TestCaseExecutor.processExecutionPhase(TestCaseExecutor.java:307)
	at com.kms.katalon.core.main.TestCaseExecutor.accessMainPhase(TestCaseExecutor.java:299)
	at com.kms.katalon.core.main.TestCaseExecutor.execute(TestCaseExecutor.java:233)
	at com.kms.katalon.core.main.TestSuiteExecutor.accessTestCaseMainPhase(TestSuiteExecutor.java:169)
	at com.kms.katalon.core.main.TestSuiteExecutor.accessTestSuiteMainPhase(TestSuiteExecutor.java:142)
	at com.kms.katalon.core.main.TestSuiteExecutor.execute(TestSuiteExecutor.java:91)
	at com.kms.katalon.core.main.TestCaseMain.startTestSuite(TestCaseMain.java:157)
	at com.kms.katalon.core.main.TestCaseMain$startTestSuite$0.call(Unknown Source)
	at TempTestSuite1591590028740.run(TempTestSuite1591590028740.groovy:36)
Caused by: com.kms.katalon.core.exception.StepFailedException: Unable to verify object 'Object Repository/Objects.VerifyPageSuccessfullyLoaded/PageHeader' is present
	at com.kms.katalon.core.webui.keyword.internal.WebUIKeywordMain.stepFailed(WebUIKeywordMain.groovy:64)
	at com.kms.katalon.core.webui.keyword.internal.WebUIKeywordMain.runKeyword(WebUIKeywordMain.groovy:26)
	at com.kms.katalon.core.webui.keyword.builtin.VerifyElementPresentKeyword.verifyElementPresent(VerifyElementPresentKeyword.groovy:92)
	at com.kms.katalon.core.webui.keyword.builtin.VerifyElementPresentKeyword.execute(VerifyElementPresentKeyword.groovy:68)
	at com.kms.katalon.core.keyword.internal.KeywordExecutor.executeKeywordForPlatform(KeywordExecutor.groovy:72)
	at com.kms.katalon.core.webui.keyword.WebUiBuiltInKeywords.verifyElementPresent(WebUiBuiltInKeywords.groovy:1434)
	at com.kms.katalon.core.webui.keyword.WebUiBuiltInKeywords$verifyElementPresent$11.call(Unknown Source)
	at VerifyPageSuccessfullyLoaded.run(VerifyPageSuccessfullyLoaded:31)
	at com.kms.katalon.core.main.ScriptEngine.run(ScriptEngine.java:194)
	at com.kms.katalon.core.main.ScriptEngine.runScriptAsRawText(ScriptEngine.java:119)
	at com.kms.katalon.core.main.TestCaseExecutor.runScript(TestCaseExecutor.java:337)
	at com.kms.katalon.core.main.TestCaseExecutor.doExecute(TestCaseExecutor.java:328)
	at com.kms.katalon.core.main.TestCaseExecutor.processExecutionPhase(TestCaseExecutor.java:307)
	at com.kms.katalon.core.main.TestCaseExecutor.accessMainPhase(TestCaseExecutor.java:299)
	at com.kms.katalon.core.main.TestCaseExecutor.execute(TestCaseExecutor.java:233)
	at com.kms.katalon.core.main.TestCaseMain.runTestCase(TestCaseMain.java:114)
	at com.kms.katalon.core.keyword.builtin.CallTestCaseKeyword$_callTestCase_closure1.doCall(CallTestCaseKeyword.groovy:59)
	... 20 more
Caused by: com.kms.katalon.core.exception.StepFailedException: com.kms.katalon.core.webui.exception.WebElementNotFoundException: Web element with id: 'Object Repository/Objects.VerifyPageSuccessfullyLoaded/PageHeader' located by 'By.xpath: //*[contains(@class, 'isps-page-title-1') and (text() = 'KIV' or . = 'KIV')]' not found
	at com.kms.katalon.core.webui.keyword.internal.WebUIKeywordMain.stepFailed(WebUIKeywordMain.groovy:64)
	at com.kms.katalon.core.webui.keyword.builtin.VerifyElementPresentKeyword$_verifyElementPresent_closure1.doCall(VerifyElementPresentKeyword.groovy:85)
	at com.kms.katalon.core.webui.keyword.builtin.VerifyElementPresentKeyword$_verifyElementPresent_closure1.call(VerifyElementPresentKeyword.groovy)
	at com.kms.katalon.core.webui.keyword.internal.WebUIKeywordMain.runKeyword(WebUIKeywordMain.groovy:20)
	... 35 more
)

2020-06-08 12:27:35 - [TEST_CASE][FAILED] - Test Cases/Components/VerifyPageSuccessfullyLoaded: Test Cases/Components/VerifyPageSuccessfullyLoaded FAILED.
Reason:
com.kms.katalon.core.exception.StepFailedException: Unable to verify object 'Object Repository/Objects.VerifyPageSuccessfullyLoaded/PageHeader' is present
	at com.kms.katalon.core.webui.keyword.internal.WebUIKeywordMain.stepFailed(WebUIKeywordMain.groovy:64)
	at com.kms.katalon.core.webui.keyword.internal.WebUIKeywordMain.runKeyword(WebUIKeywordMain.groovy:26)
	at com.kms.katalon.core.webui.keyword.builtin.VerifyElementPresentKeyword.verifyElementPresent(VerifyElementPresentKeyword.groovy:92)
	at com.kms.katalon.core.webui.keyword.builtin.VerifyElementPresentKeyword.execute(VerifyElementPresentKeyword.groovy:68)
	at com.kms.katalon.core.keyword.internal.KeywordExecutor.executeKeywordForPlatform(KeywordExecutor.groovy:72)
	at com.kms.katalon.core.webui.keyword.WebUiBuiltInKeywords.verifyElementPresent(WebUiBuiltInKeywords.groovy:1434)
	at com.kms.katalon.core.webui.keyword.WebUiBuiltInKeywords$verifyElementPresent$11.call(Unknown Source)
	at VerifyPageSuccessfullyLoaded.run(VerifyPageSuccessfullyLoaded:31)
	at com.kms.katalon.core.main.ScriptEngine.run(ScriptEngine.java:194)
	at com.kms.katalon.core.main.ScriptEngine.runScriptAsRawText(ScriptEngine.java:119)
	at com.kms.katalon.core.main.TestCaseExecutor.runScript(TestCaseExecutor.java:337)
	at com.kms.katalon.core.main.TestCaseExecutor.doExecute(TestCaseExecutor.java:328)
	at com.kms.katalon.core.main.TestCaseExecutor.processExecutionPhase(TestCaseExecutor.java:307)
	at com.kms.katalon.core.main.TestCaseExecutor.accessMainPhase(TestCaseExecutor.java:299)
	at com.kms.katalon.core.main.TestCaseExecutor.execute(TestCaseExecutor.java:233)
	at com.kms.katalon.core.main.TestCaseMain.runTestCase(TestCaseMain.java:114)
	at com.kms.katalon.core.keyword.builtin.CallTestCaseKeyword$_callTestCase_closure1.doCall(CallTestCaseKeyword.groovy:59)
	at com.kms.katalon.core.keyword.builtin.CallTestCaseKeyword$_callTestCase_closure1.call(CallTestCaseKeyword.groovy)
	at com.kms.katalon.core.keyword.internal.KeywordMain.runKeyword(KeywordMain.groovy:68)
	at com.kms.katalon.core.keyword.builtin.CallTestCaseKeyword.callTestCase(CallTestCaseKeyword.groovy:81)
	at com.kms.katalon.core.keyword.builtin.CallTestCaseKeyword.execute(CallTestCaseKeyword.groovy:44)
	at com.kms.katalon.core.keyword.internal.KeywordExecutor.executeKeywordForPlatform(KeywordExecutor.groovy:72)
	at com.kms.katalon.core.keyword.BuiltinKeywords.callTestCase(BuiltinKeywords.groovy:334)
	at PFI.KIVLHS.run(PFI.KIVLHS:41)
	at com.kms.katalon.core.main.ScriptEngine.run(ScriptEngine.java:194)
	at com.kms.katalon.core.main.ScriptEngine.runScriptAsRawText(ScriptEngine.java:119)
	at com.kms.katalon.core.main.TestCaseExecutor.runScript(TestCaseExecutor.java:337)
	at com.kms.katalon.core.main.TestCaseExecutor.doExecute(TestCaseExecutor.java:328)
	at com.kms.katalon.core.main.TestCaseExecutor.processExecutionPhase(TestCaseExecutor.java:307)
	at com.kms.katalon.core.main.TestCaseExecutor.accessMainPhase(TestCaseExecutor.java:299)
	at com.kms.katalon.core.main.TestCaseExecutor.execute(TestCaseExecutor.java:233)
	at com.kms.katalon.core.main.TestSuiteExecutor.accessTestCaseMainPhase(TestSuiteExecutor.java:169)
	at com.kms.katalon.core.main.TestSuiteExecutor.accessTestSuiteMainPhase(TestSuiteExecutor.java:142)
	at com.kms.katalon.core.main.TestSuiteExecutor.execute(TestSuiteExecutor.java:91)
	at com.kms.katalon.core.main.TestCaseMain.startTestSuite(TestCaseMain.java:157)
	at com.kms.katalon.core.main.TestCaseMain$startTestSuite$0.call(Unknown Source)
	at TempTestSuite1591590028740.run(TempTestSuite1591590028740.groovy:36)
Caused by: com.kms.katalon.core.exception.StepFailedException: com.kms.katalon.core.webui.exception.WebElementNotFoundException: Web element with id: 'Object Repository/Objects.VerifyPageSuccessfullyLoaded/PageHeader' located by 'By.xpath: //*[contains(@class, 'isps-page-title-1') and (text() = 'KIV' or . = 'KIV')]' not found
	at com.kms.katalon.core.webui.keyword.internal.WebUIKeywordMain.stepFailed(WebUIKeywordMain.groovy:64)
	at com.kms.katalon.core.webui.keyword.builtin.VerifyElementPresentKeyword$_verifyElementPresent_closure1.doCall(VerifyElementPresentKeyword.groovy:85)
	at com.kms.katalon.core.webui.keyword.builtin.VerifyElementPresentKeyword$_verifyElementPresent_closure1.call(VerifyElementPresentKeyword.groovy)
	at com.kms.katalon.core.webui.keyword.internal.WebUIKeywordMain.runKeyword(WebUIKeywordMain.groovy:20)
	... 35 more


2020-06-08 12:27:42 - [TEST_STEP][PASSED] - Thread.sleep(3000): null

2020-06-08 12:27:45 - [TEST_STEP][PASSED] - ModifiedHeaderName = modifyObjectProperty(findTestObject("Objects.VerifyPageSuccessfullyLoaded/PageHeader"), "text", "equals", HeaderName, true): Modify property of object successfully

2020-06-08 12:28:33 - [MESSAGE][PASSED] - Modify property of object successfully

2020-06-08 12:28:33 - [TEST_STEP][FAILED] - verifyElementPresent(ModifiedHeaderName, 30): Unable to verify object 'Object Repository/Objects.VerifyPageSuccessfullyLoaded/PageHeader' is present (Root cause: com.kms.katalon.core.exception.StepFailedException: Unable to verify object 'Object Repository/Objects.VerifyPageSuccessfullyLoaded/PageHeader' is present
	at com.kms.katalon.core.webui.keyword.internal.WebUIKeywordMain.stepFailed(WebUIKeywordMain.groovy:64)
	at com.kms.katalon.core.webui.keyword.internal.WebUIKeywordMain.runKeyword(WebUIKeywordMain.groovy:26)
	at com.kms.katalon.core.webui.keyword.builtin.VerifyElementPresentKeyword.verifyElementPresent(VerifyElementPresentKeyword.groovy:92)
	at com.kms.katalon.core.webui.keyword.builtin.VerifyElementPresentKeyword.execute(VerifyElementPresentKeyword.groovy:68)
	at com.kms.katalon.core.keyword.internal.KeywordExecutor.executeKeywordForPlatform(KeywordExecutor.groovy:72)
	at com.kms.katalon.core.webui.keyword.WebUiBuiltInKeywords.verifyElementPresent(WebUiBuiltInKeywords.groovy:1434)
	at com.kms.katalon.core.webui.keyword.WebUiBuiltInKeywords$verifyElementPresent$11.call(Unknown Source)
	at VerifyPageSuccessfullyLoaded.run(VerifyPageSuccessfullyLoaded:31)
	at com.kms.katalon.core.main.ScriptEngine.run(ScriptEngine.java:194)
	at com.kms.katalon.core.main.ScriptEngine.runScriptAsRawText(ScriptEngine.java:119)
	at com.kms.katalon.core.main.TestCaseExecutor.runScript(TestCaseExecutor.java:337)
	at com.kms.katalon.core.main.TestCaseExecutor.doExecute(TestCaseExecutor.java:328)
	at com.kms.katalon.core.main.TestCaseExecutor.processExecutionPhase(TestCaseExecutor.java:307)
	at com.kms.katalon.core.main.TestCaseExecutor.accessMainPhase(TestCaseExecutor.java:299)
	at com.kms.katalon.core.main.TestCaseExecutor.execute(TestCaseExecutor.java:233)
	at com.kms.katalon.core.main.TestCaseMain.runTestCase(TestCaseMain.java:114)
	at com.kms.katalon.core.keyword.builtin.CallTestCaseKeyword$_callTestCase_closure1.doCall(CallTestCaseKeyword.groovy:59)
	at com.kms.katalon.core.keyword.builtin.CallTestCaseKeyword$_callTestCase_closure1.call(CallTestCaseKeyword.groovy)
	at com.kms.katalon.core.keyword.internal.KeywordMain.runKeyword(KeywordMain.groovy:68)
	at com.kms.katalon.core.keyword.builtin.CallTestCaseKeyword.callTestCase(CallTestCaseKeyword.groovy:81)
	at com.kms.katalon.core.keyword.builtin.CallTestCaseKeyword.execute(CallTestCaseKeyword.groovy:44)
	at com.kms.katalon.core.keyword.internal.KeywordExecutor.executeKeywordForPlatform(KeywordExecutor.groovy:72)
	at com.kms.katalon.core.keyword.BuiltinKeywords.callTestCase(BuiltinKeywords.groovy:334)
	at PFI.KIVLHS.run(PFI.KIVLHS:41)
	at com.kms.katalon.core.main.ScriptEngine.run(ScriptEngine.java:194)
	at com.kms.katalon.core.main.ScriptEngine.runScriptAsRawText(ScriptEngine.java:119)
	at com.kms.katalon.core.main.TestCaseExecutor.runScript(TestCaseExecutor.java:337)
	at com.kms.katalon.core.main.TestCaseExecutor.doExecute(TestCaseExecutor.java:328)
	at com.kms.katalon.core.main.TestCaseExecutor.processExecutionPhase(TestCaseExecutor.java:307)
	at com.kms.katalon.core.main.TestCaseExecutor.accessMainPhase(TestCaseExecutor.java:299)
	at com.kms.katalon.core.main.TestCaseExecutor.execute(TestCaseExecutor.java:233)
	at com.kms.katalon.core.main.TestSuiteExecutor.accessTestCaseMainPhase(TestSuiteExecutor.java:169)
	at com.kms.katalon.core.main.TestSuiteExecutor.accessTestSuiteMainPhase(TestSuiteExecutor.java:142)
	at com.kms.katalon.core.main.TestSuiteExecutor.execute(TestSuiteExecutor.java:91)
	at com.kms.katalon.core.main.TestCaseMain.startTestSuite(TestCaseMain.java:157)
	at com.kms.katalon.core.main.TestCaseMain$startTestSuite$0.call(Unknown Source)
	at TempTestSuite1591590028740.run(TempTestSuite1591590028740.groovy:36)
Caused by: com.kms.katalon.core.exception.StepFailedException: com.kms.katalon.core.webui.exception.WebElementNotFoundException: Web element with id: 'Object Repository/Objects.VerifyPageSuccessfullyLoaded/PageHeader' located by 'By.xpath: //*[contains(@class, 'isps-page-title-1') and (text() = 'KIV' or . = 'KIV')]' not found
	at com.kms.katalon.core.webui.keyword.internal.WebUIKeywordMain.stepFailed(WebUIKeywordMain.groovy:64)
	at com.kms.katalon.core.webui.keyword.builtin.VerifyElementPresentKeyword$_verifyElementPresent_closure1.doCall(VerifyElementPresentKeyword.groovy:85)
	at com.kms.katalon.core.webui.keyword.builtin.VerifyElementPresentKeyword$_verifyElementPresent_closure1.call(VerifyElementPresentKeyword.groovy)
	at com.kms.katalon.core.webui.keyword.internal.WebUIKeywordMain.runKeyword(WebUIKeywordMain.groovy:20)
	... 35 more
)

2020-06-08 12:29:04 - [MESSAGE][INFO] - Unable to find the element located by 'By.xpath: //*[contains(@class, 'isps-page-title-1') and (text() = 'KIV' or . = 'KIV')]'. Please recheck the objects properties to make sure the desired element is located. 

2020-06-08 12:29:04 - [MESSAGE][FAILED] - com.kms.katalon.core.webui.exception.WebElementNotFoundException: Web element with id: 'Object Repository/Objects.VerifyPageSuccessfullyLoaded/PageHeader' located by 'By.xpath: //*[contains(@class, 'isps-page-title-1') and (text() = 'KIV' or . = 'KIV')]' not found (Root cause: com.kms.katalon.core.exception.StepFailedException: com.kms.katalon.core.webui.exception.WebElementNotFoundException: Web element with id: 'Object Repository/Objects.VerifyPageSuccessfullyLoaded/PageHeader' located by 'By.xpath: //*[contains(@class, 'isps-page-title-1') and (text() = 'KIV' or . = 'KIV')]' not found
	at com.kms.katalon.core.webui.keyword.internal.WebUIKeywordMain.stepFailed(WebUIKeywordMain.groovy:64)
	at com.kms.katalon.core.webui.keyword.builtin.VerifyElementPresentKeyword$_verifyElementPresent_closure1.doCall(VerifyElementPresentKeyword.groovy:85)
	at com.kms.katalon.core.webui.keyword.builtin.VerifyElementPresentKeyword$_verifyElementPresent_closure1.call(VerifyElementPresentKeyword.groovy)
	at com.kms.katalon.core.webui.keyword.internal.WebUIKeywordMain.runKeyword(WebUIKeywordMain.groovy:20)
	at com.kms.katalon.core.webui.keyword.builtin.VerifyElementPresentKeyword.verifyElementPresent(VerifyElementPresentKeyword.groovy:92)
	at com.kms.katalon.core.webui.keyword.builtin.VerifyElementPresentKeyword.execute(VerifyElementPresentKeyword.groovy:68)
	at com.kms.katalon.core.keyword.internal.KeywordExecutor.executeKeywordForPlatform(KeywordExecutor.groovy:72)
	at com.kms.katalon.core.webui.keyword.WebUiBuiltInKeywords.verifyElementPresent(WebUiBuiltInKeywords.groovy:1434)
	at com.kms.katalon.core.webui.keyword.WebUiBuiltInKeywords$verifyElementPresent$11.call(Unknown Source)
	at VerifyPageSuccessfullyLoaded.run(VerifyPageSuccessfullyLoaded:31)
	at com.kms.katalon.core.main.ScriptEngine.run(ScriptEngine.java:194)
	at com.kms.katalon.core.main.ScriptEngine.runScriptAsRawText(ScriptEngine.java:119)
	at com.kms.katalon.core.main.TestCaseExecutor.runScript(TestCaseExecutor.java:337)
	at com.kms.katalon.core.main.TestCaseExecutor.doExecute(TestCaseExecutor.java:328)
	at com.kms.katalon.core.main.TestCaseExecutor.processExecutionPhase(TestCaseExecutor.java:307)
	at com.kms.katalon.core.main.TestCaseExecutor.accessMainPhase(TestCaseExecutor.java:299)
	at com.kms.katalon.core.main.TestCaseExecutor.execute(TestCaseExecutor.java:233)
	at com.kms.katalon.core.main.TestCaseMain.runTestCase(TestCaseMain.java:114)
	at com.kms.katalon.core.keyword.builtin.CallTestCaseKeyword$_callTestCase_closure1.doCall(CallTestCaseKeyword.groovy:59)
	at com.kms.katalon.core.keyword.builtin.CallTestCaseKeyword$_callTestCase_closure1.call(CallTestCaseKeyword.groovy)
	at com.kms.katalon.core.keyword.internal.KeywordMain.runKeyword(KeywordMain.groovy:68)
	at com.kms.katalon.core.keyword.builtin.CallTestCaseKeyword.callTestCase(CallTestCaseKeyword.groovy:81)
	at com.kms.katalon.core.keyword.builtin.CallTestCaseKeyword.execute(CallTestCaseKeyword.groovy:44)
	at com.kms.katalon.core.keyword.internal.KeywordExecutor.executeKeywordForPlatform(KeywordExecutor.groovy:72)
	at com.kms.katalon.core.keyword.BuiltinKeywords.callTestCase(BuiltinKeywords.groovy:334)
	at PFI.KIVLHS.run(PFI.KIVLHS:41)
	at com.kms.katalon.core.main.ScriptEngine.run(ScriptEngine.java:194)
	at com.kms.katalon.core.main.ScriptEngine.runScriptAsRawText(ScriptEngine.java:119)
	at com.kms.katalon.core.main.TestCaseExecutor.runScript(TestCaseExecutor.java:337)
	at com.kms.katalon.core.main.TestCaseExecutor.doExecute(TestCaseExecutor.java:328)
	at com.kms.katalon.core.main.TestCaseExecutor.processExecutionPhase(TestCaseExecutor.java:307)
	at com.kms.katalon.core.main.TestCaseExecutor.accessMainPhase(TestCaseExecutor.java:299)
	at com.kms.katalon.core.main.TestCaseExecutor.execute(TestCaseExecutor.java:233)
	at com.kms.katalon.core.main.TestSuiteExecutor.accessTestCaseMainPhase(TestSuiteExecutor.java:169)
	at com.kms.katalon.core.main.TestSuiteExecutor.accessTestSuiteMainPhase(TestSuiteExecutor.java:142)
	at com.kms.katalon.core.main.TestSuiteExecutor.execute(TestSuiteExecutor.java:91)
	at com.kms.katalon.core.main.TestCaseMain.startTestSuite(TestCaseMain.java:157)
	at com.kms.katalon.core.main.TestCaseMain$startTestSuite$0.call(Unknown Source)
	at TempTestSuite1591590028740.run(TempTestSuite1591590028740.groovy:36)
)
[[ATTACHMENT|C:\\Users\\19023-RAC\\Desktop\\New Automation Copy\\Reports\\20200608_122024\\PFI Precision and Scale Automated Regression Suite\\PFI\\PFI-Decision\\20200608_122024\\1591590544152.png]]

2020-06-08 12:29:05 - [MESSAGE][FAILED] - Unable to verify object 'Object Repository/Objects.VerifyPageSuccessfullyLoaded/PageHeader' is present (Root cause: com.kms.katalon.core.exception.StepFailedException: Unable to verify object 'Object Repository/Objects.VerifyPageSuccessfullyLoaded/PageHeader' is present
	at com.kms.katalon.core.webui.keyword.internal.WebUIKeywordMain.stepFailed(WebUIKeywordMain.groovy:64)
	at com.kms.katalon.core.webui.keyword.internal.WebUIKeywordMain.runKeyword(WebUIKeywordMain.groovy:26)
	at com.kms.katalon.core.webui.keyword.builtin.VerifyElementPresentKeyword.verifyElementPresent(VerifyElementPresentKeyword.groovy:92)
	at com.kms.katalon.core.webui.keyword.builtin.VerifyElementPresentKeyword.execute(VerifyElementPresentKeyword.groovy:68)
	at com.kms.katalon.core.keyword.internal.KeywordExecutor.executeKeywordForPlatform(KeywordExecutor.groovy:72)
	at com.kms.katalon.core.webui.keyword.WebUiBuiltInKeywords.verifyElementPresent(WebUiBuiltInKeywords.groovy:1434)
	at com.kms.katalon.core.webui.keyword.WebUiBuiltInKeywords$verifyElementPresent$11.call(Unknown Source)
	at VerifyPageSuccessfullyLoaded.run(VerifyPageSuccessfullyLoaded:31)
	at com.kms.katalon.core.main.ScriptEngine.run(ScriptEngine.java:194)
	at com.kms.katalon.core.main.ScriptEngine.runScriptAsRawText(ScriptEngine.java:119)
	at com.kms.katalon.core.main.TestCaseExecutor.runScript(TestCaseExecutor.java:337)
	at com.kms.katalon.core.main.TestCaseExecutor.doExecute(TestCaseExecutor.java:328)
	at com.kms.katalon.core.main.TestCaseExecutor.processExecutionPhase(TestCaseExecutor.java:307)
	at com.kms.katalon.core.main.TestCaseExecutor.accessMainPhase(TestCaseExecutor.java:299)
	at com.kms.katalon.core.main.TestCaseExecutor.execute(TestCaseExecutor.java:233)
	at com.kms.katalon.core.main.TestCaseMain.runTestCase(TestCaseMain.java:114)
	at com.kms.katalon.core.keyword.builtin.CallTestCaseKeyword$_callTestCase_closure1.doCall(CallTestCaseKeyword.groovy:59)
	at com.kms.katalon.core.keyword.builtin.CallTestCaseKeyword$_callTestCase_closure1.call(CallTestCaseKeyword.groovy)
	at com.kms.katalon.core.keyword.internal.KeywordMain.runKeyword(KeywordMain.groovy:68)
	at com.kms.katalon.core.keyword.builtin.CallTestCaseKeyword.callTestCase(CallTestCaseKeyword.groovy:81)
	at com.kms.katalon.core.keyword.builtin.CallTestCaseKeyword.execute(CallTestCaseKeyword.groovy:44)
	at com.kms.katalon.core.keyword.internal.KeywordExecutor.executeKeywordForPlatform(KeywordExecutor.groovy:72)
	at com.kms.katalon.core.keyword.BuiltinKeywords.callTestCase(BuiltinKeywords.groovy:334)
	at PFI.KIVLHS.run(PFI.KIVLHS:41)
	at com.kms.katalon.core.main.ScriptEngine.run(ScriptEngine.java:194)
	at com.kms.katalon.core.main.ScriptEngine.runScriptAsRawText(ScriptEngine.java:119)
	at com.kms.katalon.core.main.TestCaseExecutor.runScript(TestCaseExecutor.java:337)
	at com.kms.katalon.core.main.TestCaseExecutor.doExecute(TestCaseExecutor.java:328)
	at com.kms.katalon.core.main.TestCaseExecutor.processExecutionPhase(TestCaseExecutor.java:307)
	at com.kms.katalon.core.main.TestCaseExecutor.accessMainPhase(TestCaseExecutor.java:299)
	at com.kms.katalon.core.main.TestCaseExecutor.execute(TestCaseExecutor.java:233)
	at com.kms.katalon.core.main.TestSuiteExecutor.accessTestCaseMainPhase(TestSuiteExecutor.java:169)
	at com.kms.katalon.core.main.TestSuiteExecutor.accessTestSuiteMainPhase(TestSuiteExecutor.java:142)
	at com.kms.katalon.core.main.TestSuiteExecutor.execute(TestSuiteExecutor.java:91)
	at com.kms.katalon.core.main.TestCaseMain.startTestSuite(TestCaseMain.java:157)
	at com.kms.katalon.core.main.TestCaseMain$startTestSuite$0.call(Unknown Source)
	at TempTestSuite1591590028740.run(TempTestSuite1591590028740.groovy:36)
Caused by: com.kms.katalon.core.exception.StepFailedException: com.kms.katalon.core.webui.exception.WebElementNotFoundException: Web element with id: 'Object Repository/Objects.VerifyPageSuccessfullyLoaded/PageHeader' located by 'By.xpath: //*[contains(@class, 'isps-page-title-1') and (text() = 'KIV' or . = 'KIV')]' not found
	at com.kms.katalon.core.webui.keyword.internal.WebUIKeywordMain.stepFailed(WebUIKeywordMain.groovy:64)
	at com.kms.katalon.core.webui.keyword.builtin.VerifyElementPresentKeyword$_verifyElementPresent_closure1.doCall(VerifyElementPresentKeyword.groovy:85)
	at com.kms.katalon.core.webui.keyword.builtin.VerifyElementPresentKeyword$_verifyElementPresent_closure1.call(VerifyElementPresentKeyword.groovy)
	at com.kms.katalon.core.webui.keyword.internal.WebUIKeywordMain.runKeyword(WebUIKeywordMain.groovy:20)
	... 35 more
)
[[ATTACHMENT|C:\\Users\\19023-RAC\\Desktop\\New Automation Copy\\Reports\\20200608_122024\\PFI Precision and Scale Automated Regression Suite\\PFI\\PFI-Decision\\20200608_122024\\1591590544832.png]]

2020-06-08 12:29:05 - [MESSAGE][FAILED] - Unable to call Test Case 'Test Cases/Components/VerifyPageSuccessfullyLoaded' (Root cause: com.kms.katalon.core.exception.StepFailedException: Call Test Case 'Test Cases/Components/VerifyPageSuccessfullyLoaded' failed
	at com.kms.katalon.core.keyword.builtin.CallTestCaseKeyword$_callTestCase_closure1.doCall(CallTestCaseKeyword.groovy:63)
	at com.kms.katalon.core.keyword.builtin.CallTestCaseKeyword$_callTestCase_closure1.call(CallTestCaseKeyword.groovy)
	at com.kms.katalon.core.keyword.internal.KeywordMain.runKeyword(KeywordMain.groovy:68)
	at com.kms.katalon.core.keyword.builtin.CallTestCaseKeyword.callTestCase(CallTestCaseKeyword.groovy:81)
	at com.kms.katalon.core.keyword.builtin.CallTestCaseKeyword.execute(CallTestCaseKeyword.groovy:44)
	at com.kms.katalon.core.keyword.internal.KeywordExecutor.executeKeywordForPlatform(KeywordExecutor.groovy:72)
	at com.kms.katalon.core.keyword.BuiltinKeywords.callTestCase(BuiltinKeywords.groovy:334)
	at PFI.KIVLHS.run(PFI.KIVLHS:41)
	at com.kms.katalon.core.main.ScriptEngine.run(ScriptEngine.java:194)
	at com.kms.katalon.core.main.ScriptEngine.runScriptAsRawText(ScriptEngine.java:119)
	at com.kms.katalon.core.main.TestCaseExecutor.runScript(TestCaseExecutor.java:337)
	at com.kms.katalon.core.main.TestCaseExecutor.doExecute(TestCaseExecutor.java:328)
	at com.kms.katalon.core.main.TestCaseExecutor.processExecutionPhase(TestCaseExecutor.java:307)
	at com.kms.katalon.core.main.TestCaseExecutor.accessMainPhase(TestCaseExecutor.java:299)
	at com.kms.katalon.core.main.TestCaseExecutor.execute(TestCaseExecutor.java:233)
	at com.kms.katalon.core.main.TestSuiteExecutor.accessTestCaseMainPhase(TestSuiteExecutor.java:169)
	at com.kms.katalon.core.main.TestSuiteExecutor.accessTestSuiteMainPhase(TestSuiteExecutor.java:142)
	at com.kms.katalon.core.main.TestSuiteExecutor.execute(TestSuiteExecutor.java:91)
	at com.kms.katalon.core.main.TestCaseMain.startTestSuite(TestCaseMain.java:157)
	at com.kms.katalon.core.main.TestCaseMain$startTestSuite$0.call(Unknown Source)
	at TempTestSuite1591590028740.run(TempTestSuite1591590028740.groovy:36)
Caused by: com.kms.katalon.core.exception.StepFailedException: Unable to verify object 'Object Repository/Objects.VerifyPageSuccessfullyLoaded/PageHeader' is present
	at com.kms.katalon.core.webui.keyword.internal.WebUIKeywordMain.stepFailed(WebUIKeywordMain.groovy:64)
	at com.kms.katalon.core.webui.keyword.internal.WebUIKeywordMain.runKeyword(WebUIKeywordMain.groovy:26)
	at com.kms.katalon.core.webui.keyword.builtin.VerifyElementPresentKeyword.verifyElementPresent(VerifyElementPresentKeyword.groovy:92)
	at com.kms.katalon.core.webui.keyword.builtin.VerifyElementPresentKeyword.execute(VerifyElementPresentKeyword.groovy:68)
	at com.kms.katalon.core.keyword.internal.KeywordExecutor.executeKeywordForPlatform(KeywordExecutor.groovy:72)
	at com.kms.katalon.core.webui.keyword.WebUiBuiltInKeywords.verifyElementPresent(WebUiBuiltInKeywords.groovy:1434)
	at com.kms.katalon.core.webui.keyword.WebUiBuiltInKeywords$verifyElementPresent$11.call(Unknown Source)
	at VerifyPageSuccessfullyLoaded.run(VerifyPageSuccessfullyLoaded:31)
	at com.kms.katalon.core.main.ScriptEngine.run(ScriptEngine.java:194)
	at com.kms.katalon.core.main.ScriptEngine.runScriptAsRawText(ScriptEngine.java:119)
	at com.kms.katalon.core.main.TestCaseExecutor.runScript(TestCaseExecutor.java:337)
	at com.kms.katalon.core.main.TestCaseExecutor.doExecute(TestCaseExecutor.java:328)
	at com.kms.katalon.core.main.TestCaseExecutor.processExecutionPhase(TestCaseExecutor.java:307)
	at com.kms.katalon.core.main.TestCaseExecutor.accessMainPhase(TestCaseExecutor.java:299)
	at com.kms.katalon.core.main.TestCaseExecutor.execute(TestCaseExecutor.java:233)
	at com.kms.katalon.core.main.TestCaseMain.runTestCase(TestCaseMain.java:114)
	at com.kms.katalon.core.keyword.builtin.CallTestCaseKeyword$_callTestCase_closure1.doCall(CallTestCaseKeyword.groovy:59)
	... 20 more
Caused by: com.kms.katalon.core.exception.StepFailedException: com.kms.katalon.core.webui.exception.WebElementNotFoundException: Web element with id: 'Object Repository/Objects.VerifyPageSuccessfullyLoaded/PageHeader' located by 'By.xpath: //*[contains(@class, 'isps-page-title-1') and (text() = 'KIV' or . = 'KIV')]' not found
	at com.kms.katalon.core.webui.keyword.internal.WebUIKeywordMain.stepFailed(WebUIKeywordMain.groovy:64)
	at com.kms.katalon.core.webui.keyword.builtin.VerifyElementPresentKeyword$_verifyElementPresent_closure1.doCall(VerifyElementPresentKeyword.groovy:85)
	at com.kms.katalon.core.webui.keyword.builtin.VerifyElementPresentKeyword$_verifyElementPresent_closure1.call(VerifyElementPresentKeyword.groovy)
	at com.kms.katalon.core.webui.keyword.internal.WebUIKeywordMain.runKeyword(WebUIKeywordMain.groovy:20)
	... 35 more
)]]></system-out>
         <system-err><![CDATA[2020-06-08 12:27:15 - [TEST_CASE][FAILED] - Test Cases/PFI Precision and Scale/PFI Test Cases/Process Case (PFI)/PFI.KIVLHS: Test Cases/PFI Precision and Scale/PFI Test Cases/Process Case (PFI)/PFI.KIVLHS FAILED.
Reason:
com.kms.katalon.core.exception.StepFailedException: Call Test Case 'Test Cases/Components/VerifyPageSuccessfullyLoaded' failed
	at com.kms.katalon.core.keyword.builtin.CallTestCaseKeyword$_callTestCase_closure1.doCall(CallTestCaseKeyword.groovy:63)
	at com.kms.katalon.core.keyword.builtin.CallTestCaseKeyword$_callTestCase_closure1.call(CallTestCaseKeyword.groovy)
	at com.kms.katalon.core.keyword.internal.KeywordMain.runKeyword(KeywordMain.groovy:68)
	at com.kms.katalon.core.keyword.builtin.CallTestCaseKeyword.callTestCase(CallTestCaseKeyword.groovy:81)
	at com.kms.katalon.core.keyword.builtin.CallTestCaseKeyword.execute(CallTestCaseKeyword.groovy:44)
	at com.kms.katalon.core.keyword.internal.KeywordExecutor.executeKeywordForPlatform(KeywordExecutor.groovy:72)
	at com.kms.katalon.core.keyword.BuiltinKeywords.callTestCase(BuiltinKeywords.groovy:334)
	at PFI.KIVLHS.run(PFI.KIVLHS:41)
	at com.kms.katalon.core.main.ScriptEngine.run(ScriptEngine.java:194)
	at com.kms.katalon.core.main.ScriptEngine.runScriptAsRawText(ScriptEngine.java:119)
	at com.kms.katalon.core.main.TestCaseExecutor.runScript(TestCaseExecutor.java:337)
	at com.kms.katalon.core.main.TestCaseExecutor.doExecute(TestCaseExecutor.java:328)
	at com.kms.katalon.core.main.TestCaseExecutor.processExecutionPhase(TestCaseExecutor.java:307)
	at com.kms.katalon.core.main.TestCaseExecutor.accessMainPhase(TestCaseExecutor.java:299)
	at com.kms.katalon.core.main.TestCaseExecutor.execute(TestCaseExecutor.java:233)
	at com.kms.katalon.core.main.TestSuiteExecutor.accessTestCaseMainPhase(TestSuiteExecutor.java:169)
	at com.kms.katalon.core.main.TestSuiteExecutor.accessTestSuiteMainPhase(TestSuiteExecutor.java:142)
	at com.kms.katalon.core.main.TestSuiteExecutor.execute(TestSuiteExecutor.java:91)
	at com.kms.katalon.core.main.TestCaseMain.startTestSuite(TestCaseMain.java:157)
	at com.kms.katalon.core.main.TestCaseMain$startTestSuite$0.call(Unknown Source)
	at TempTestSuite1591590028740.run(TempTestSuite1591590028740.groovy:36)
Caused by: com.kms.katalon.core.exception.StepFailedException: Unable to verify object 'Object Repository/Objects.VerifyPageSuccessfullyLoaded/PageHeader' is present
	at com.kms.katalon.core.webui.keyword.internal.WebUIKeywordMain.stepFailed(WebUIKeywordMain.groovy:64)
	at com.kms.katalon.core.webui.keyword.internal.WebUIKeywordMain.runKeyword(WebUIKeywordMain.groovy:26)
	at com.kms.katalon.core.webui.keyword.builtin.VerifyElementPresentKeyword.verifyElementPresent(VerifyElementPresentKeyword.groovy:92)
	at com.kms.katalon.core.webui.keyword.builtin.VerifyElementPresentKeyword.execute(VerifyElementPresentKeyword.groovy:68)
	at com.kms.katalon.core.keyword.internal.KeywordExecutor.executeKeywordForPlatform(KeywordExecutor.groovy:72)
	at com.kms.katalon.core.webui.keyword.WebUiBuiltInKeywords.verifyElementPresent(WebUiBuiltInKeywords.groovy:1434)
	at com.kms.katalon.core.webui.keyword.WebUiBuiltInKeywords$verifyElementPresent$11.call(Unknown Source)
	at VerifyPageSuccessfullyLoaded.run(VerifyPageSuccessfullyLoaded:31)
	at com.kms.katalon.core.main.ScriptEngine.run(ScriptEngine.java:194)
	at com.kms.katalon.core.main.ScriptEngine.runScriptAsRawText(ScriptEngine.java:119)
	at com.kms.katalon.core.main.TestCaseExecutor.runScript(TestCaseExecutor.java:337)
	at com.kms.katalon.core.main.TestCaseExecutor.doExecute(TestCaseExecutor.java:328)
	at com.kms.katalon.core.main.TestCaseExecutor.processExecutionPhase(TestCaseExecutor.java:307)
	at com.kms.katalon.core.main.TestCaseExecutor.accessMainPhase(TestCaseExecutor.java:299)
	at com.kms.katalon.core.main.TestCaseExecutor.execute(TestCaseExecutor.java:233)
	at com.kms.katalon.core.main.TestCaseMain.runTestCase(TestCaseMain.java:114)
	at com.kms.katalon.core.keyword.builtin.CallTestCaseKeyword$_callTestCase_closure1.doCall(CallTestCaseKeyword.groovy:59)
	... 20 more
Caused by: com.kms.katalon.core.exception.StepFailedException: com.kms.katalon.core.webui.exception.WebElementNotFoundException: Web element with id: 'Object Repository/Objects.VerifyPageSuccessfullyLoaded/PageHeader' located by 'By.xpath: //*[contains(@class, 'isps-page-title-1') and (text() = 'KIV' or . = 'KIV')]' not found
	at com.kms.katalon.core.webui.keyword.internal.WebUIKeywordMain.stepFailed(WebUIKeywordMain.groovy:64)
	at com.kms.katalon.core.webui.keyword.builtin.VerifyElementPresentKeyword$_verifyElementPresent_closure1.doCall(VerifyElementPresentKeyword.groovy:85)
	at com.kms.katalon.core.webui.keyword.builtin.VerifyElementPresentKeyword$_verifyElementPresent_closure1.call(VerifyElementPresentKeyword.groovy)
	at com.kms.katalon.core.webui.keyword.internal.WebUIKeywordMain.runKeyword(WebUIKeywordMain.groovy:20)
	... 35 more]]></system-err>
      </testcase>
      <testcase name="Test Cases/PFI Precision and Scale/PFI Test Cases/Process Case (PFI)/PFI.CloseCaseLHS" time="32.995" classname="Test Cases/PFI Precision and Scale/PFI Test Cases/Process Case (PFI)/PFI.CloseCaseLHS" status="FAILED">
         <failure type="FAILED" message="Test Cases/PFI Precision and Scale/PFI Test Cases/Process Case (PFI)/PFI.CloseCaseLHS FAILED.
Reason:
com.kms.katalon.core.exception.StepFailedException: Call Test Case 'Test Cases/Components/NavigateToAnyLHS' failed
	at com.kms.katalon.core.keyword.builtin.CallTestCaseKeyword$_callTestCase_closure1.doCall(CallTestCaseKeyword.groovy:63)
	at com.kms.katalon.core.keyword.builtin.CallTestCaseKeyword$_callTestCase_closure1.call(CallTestCaseKeyword.groovy)
	at com.kms.katalon.core.keyword.internal.KeywordMain.runKeyword(KeywordMain.groovy:68)
	at com.kms.katalon.core.keyword.builtin.CallTestCaseKeyword.callTestCase(CallTestCaseKeyword.groovy:81)
	at com.kms.katalon.core.keyword.builtin.CallTestCaseKeyword.execute(CallTestCaseKeyword.groovy:44)
	at com.kms.katalon.core.keyword.internal.KeywordExecutor.executeKeywordForPlatform(KeywordExecutor.groovy:72)
	at com.kms.katalon.core.keyword.BuiltinKeywords.callTestCase(BuiltinKeywords.groovy:334)
	at PFI.CloseCaseLHS.run(PFI.CloseCaseLHS:45)
	at com.kms.katalon.core.main.ScriptEngine.run(ScriptEngine.java:194)
	at com.kms.katalon.core.main.ScriptEngine.runScriptAsRawText(ScriptEngine.java:119)
	at com.kms.katalon.core.main.TestCaseExecutor.runScript(TestCaseExecutor.java:337)
	at com.kms.katalon.core.main.TestCaseExecutor.doExecute(TestCaseExecutor.java:328)
	at com.kms.katalon.core.main.TestCaseExecutor.processExecutionPhase(TestCaseExecutor.java:307)
	at com.kms.katalon.core.main.TestCaseExecutor.accessMainPhase(TestCaseExecutor.java:299)
	at com.kms.katalon.core.main.TestCaseExecutor.execute(TestCaseExecutor.java:233)
	at com.kms.katalon.core.main.TestSuiteExecutor.accessTestCaseMainPhase(TestSuiteExecutor.java:169)
	at com.kms.katalon.core.main.TestSuiteExecutor.accessTestSuiteMainPhase(TestSuiteExecutor.java:142)
	at com.kms.katalon.core.main.TestSuiteExecutor.execute(TestSuiteExecutor.java:91)
	at com.kms.katalon.core.main.TestCaseMain.startTestSuite(TestCaseMain.java:157)
	at com.kms.katalon.core.main.TestCaseMain$startTestSuite$0.call(Unknown Source)
	at TempTestSuite1591590028740.run(TempTestSuite1591590028740.groovy:36)
Caused by: com.kms.katalon.core.exception.StepFailedException: Unable to click on object 'Object Repository/Objects.NavigateToAnyLHS/Page_ISPS2/LHSToModify'
	at com.kms.katalon.core.webui.keyword.internal.WebUIKeywordMain.stepFailed(WebUIKeywordMain.groovy:64)
	at com.kms.katalon.core.webui.keyword.internal.WebUIKeywordMain.runKeyword(WebUIKeywordMain.groovy:26)
	at com.kms.katalon.core.webui.keyword.builtin.ClickKeyword.click(ClickKeyword.groovy:102)
	at com.kms.katalon.core.webui.keyword.builtin.ClickKeyword.execute(ClickKeyword.groovy:43)
	at com.kms.katalon.core.keyword.internal.KeywordExecutor.executeKeywordForPlatform(KeywordExecutor.groovy:72)
	at com.kms.katalon.core.webui.keyword.WebUiBuiltInKeywords.click(WebUiBuiltInKeywords.groovy:616)
	at com.kms.katalon.core.webui.keyword.WebUiBuiltInKeywords$click$8.call(Unknown Source)
	at NavigateToAnyLHS.run(NavigateToAnyLHS:30)
	at com.kms.katalon.core.main.ScriptEngine.run(ScriptEngine.java:194)
	at com.kms.katalon.core.main.ScriptEngine.runScriptAsRawText(ScriptEngine.java:119)
	at com.kms.katalon.core.main.TestCaseExecutor.runScript(TestCaseExecutor.java:337)
	at com.kms.katalon.core.main.TestCaseExecutor.doExecute(TestCaseExecutor.java:328)
	at com.kms.katalon.core.main.TestCaseExecutor.processExecutionPhase(TestCaseExecutor.java:307)
	at com.kms.katalon.core.main.TestCaseExecutor.accessMainPhase(TestCaseExecutor.java:299)
	at com.kms.katalon.core.main.TestCaseExecutor.execute(TestCaseExecutor.java:233)
	at com.kms.katalon.core.main.TestCaseMain.runTestCase(TestCaseMain.java:114)
	at com.kms.katalon.core.keyword.builtin.CallTestCaseKeyword$_callTestCase_closure1.doCall(CallTestCaseKeyword.groovy:59)
	... 20 more
Caused by: com.kms.katalon.core.webui.exception.WebElementNotFoundException: Web element with id: 'Object Repository/Objects.NavigateToAnyLHS/Page_ISPS2/LHSToModify' located by 'By.xpath: //div[@class = 'x-component x-unselectable x-box-item x-ltr x-component-default' and (text() = 'Close Case' or . = 'Close Case')]' not found
	at com.kms.katalon.core.webui.common.WebUiCommonHelper.findWebElement(WebUiCommonHelper.java:1154)
	at com.kms.katalon.core.webui.keyword.internal.WebUIAbstractKeyword.findWebElement(WebUIAbstractKeyword.groovy:27)
	at com.kms.katalon.core.webui.keyword.internal.WebUIAbstractKeyword.findWebElement(WebUIAbstractKeyword.groovy:26)
	at com.kms.katalon.core.webui.keyword.builtin.ClickKeyword$_click_closure1.doCall(ClickKeyword.groovy:67)
	at com.kms.katalon.core.webui.keyword.builtin.ClickKeyword$_click_closure1.call(ClickKeyword.groovy)
	at com.kms.katalon.core.webui.keyword.internal.WebUIKeywordMain.runKeyword(WebUIKeywordMain.groovy:20)
	... 35 more
"/>
         <system-out><![CDATA[2020-06-08 12:29:05 - [TEST_CASE][FAILED] - Test Cases/PFI Precision and Scale/PFI Test Cases/Process Case (PFI)/PFI.CloseCaseLHS: Test Cases/PFI Precision and Scale/PFI Test Cases/Process Case (PFI)/PFI.CloseCaseLHS FAILED.
Reason:
com.kms.katalon.core.exception.StepFailedException: Call Test Case 'Test Cases/Components/NavigateToAnyLHS' failed
	at com.kms.katalon.core.keyword.builtin.CallTestCaseKeyword$_callTestCase_closure1.doCall(CallTestCaseKeyword.groovy:63)
	at com.kms.katalon.core.keyword.builtin.CallTestCaseKeyword$_callTestCase_closure1.call(CallTestCaseKeyword.groovy)
	at com.kms.katalon.core.keyword.internal.KeywordMain.runKeyword(KeywordMain.groovy:68)
	at com.kms.katalon.core.keyword.builtin.CallTestCaseKeyword.callTestCase(CallTestCaseKeyword.groovy:81)
	at com.kms.katalon.core.keyword.builtin.CallTestCaseKeyword.execute(CallTestCaseKeyword.groovy:44)
	at com.kms.katalon.core.keyword.internal.KeywordExecutor.executeKeywordForPlatform(KeywordExecutor.groovy:72)
	at com.kms.katalon.core.keyword.BuiltinKeywords.callTestCase(BuiltinKeywords.groovy:334)
	at PFI.CloseCaseLHS.run(PFI.CloseCaseLHS:45)
	at com.kms.katalon.core.main.ScriptEngine.run(ScriptEngine.java:194)
	at com.kms.katalon.core.main.ScriptEngine.runScriptAsRawText(ScriptEngine.java:119)
	at com.kms.katalon.core.main.TestCaseExecutor.runScript(TestCaseExecutor.java:337)
	at com.kms.katalon.core.main.TestCaseExecutor.doExecute(TestCaseExecutor.java:328)
	at com.kms.katalon.core.main.TestCaseExecutor.processExecutionPhase(TestCaseExecutor.java:307)
	at com.kms.katalon.core.main.TestCaseExecutor.accessMainPhase(TestCaseExecutor.java:299)
	at com.kms.katalon.core.main.TestCaseExecutor.execute(TestCaseExecutor.java:233)
	at com.kms.katalon.core.main.TestSuiteExecutor.accessTestCaseMainPhase(TestSuiteExecutor.java:169)
	at com.kms.katalon.core.main.TestSuiteExecutor.accessTestSuiteMainPhase(TestSuiteExecutor.java:142)
	at com.kms.katalon.core.main.TestSuiteExecutor.execute(TestSuiteExecutor.java:91)
	at com.kms.katalon.core.main.TestCaseMain.startTestSuite(TestCaseMain.java:157)
	at com.kms.katalon.core.main.TestCaseMain$startTestSuite$0.call(Unknown Source)
	at TempTestSuite1591590028740.run(TempTestSuite1591590028740.groovy:36)
Caused by: com.kms.katalon.core.exception.StepFailedException: Unable to click on object 'Object Repository/Objects.NavigateToAnyLHS/Page_ISPS2/LHSToModify'
	at com.kms.katalon.core.webui.keyword.internal.WebUIKeywordMain.stepFailed(WebUIKeywordMain.groovy:64)
	at com.kms.katalon.core.webui.keyword.internal.WebUIKeywordMain.runKeyword(WebUIKeywordMain.groovy:26)
	at com.kms.katalon.core.webui.keyword.builtin.ClickKeyword.click(ClickKeyword.groovy:102)
	at com.kms.katalon.core.webui.keyword.builtin.ClickKeyword.execute(ClickKeyword.groovy:43)
	at com.kms.katalon.core.keyword.internal.KeywordExecutor.executeKeywordForPlatform(KeywordExecutor.groovy:72)
	at com.kms.katalon.core.webui.keyword.WebUiBuiltInKeywords.click(WebUiBuiltInKeywords.groovy:616)
	at com.kms.katalon.core.webui.keyword.WebUiBuiltInKeywords$click$8.call(Unknown Source)
	at NavigateToAnyLHS.run(NavigateToAnyLHS:30)
	at com.kms.katalon.core.main.ScriptEngine.run(ScriptEngine.java:194)
	at com.kms.katalon.core.main.ScriptEngine.runScriptAsRawText(ScriptEngine.java:119)
	at com.kms.katalon.core.main.TestCaseExecutor.runScript(TestCaseExecutor.java:337)
	at com.kms.katalon.core.main.TestCaseExecutor.doExecute(TestCaseExecutor.java:328)
	at com.kms.katalon.core.main.TestCaseExecutor.processExecutionPhase(TestCaseExecutor.java:307)
	at com.kms.katalon.core.main.TestCaseExecutor.accessMainPhase(TestCaseExecutor.java:299)
	at com.kms.katalon.core.main.TestCaseExecutor.execute(TestCaseExecutor.java:233)
	at com.kms.katalon.core.main.TestCaseMain.runTestCase(TestCaseMain.java:114)
	at com.kms.katalon.core.keyword.builtin.CallTestCaseKeyword$_callTestCase_closure1.doCall(CallTestCaseKeyword.groovy:59)
	... 20 more
Caused by: com.kms.katalon.core.webui.exception.WebElementNotFoundException: Web element with id: 'Object Repository/Objects.NavigateToAnyLHS/Page_ISPS2/LHSToModify' located by 'By.xpath: //div[@class = 'x-component x-unselectable x-box-item x-ltr x-component-default' and (text() = 'Close Case' or . = 'Close Case')]' not found
	at com.kms.katalon.core.webui.common.WebUiCommonHelper.findWebElement(WebUiCommonHelper.java:1154)
	at com.kms.katalon.core.webui.keyword.internal.WebUIAbstractKeyword.findWebElement(WebUIAbstractKeyword.groovy:27)
	at com.kms.katalon.core.webui.keyword.internal.WebUIAbstractKeyword.findWebElement(WebUIAbstractKeyword.groovy:26)
	at com.kms.katalon.core.webui.keyword.builtin.ClickKeyword$_click_closure1.doCall(ClickKeyword.groovy:67)
	at com.kms.katalon.core.webui.keyword.builtin.ClickKeyword$_click_closure1.call(ClickKeyword.groovy)
	at com.kms.katalon.core.webui.keyword.internal.WebUIKeywordMain.runKeyword(WebUIKeywordMain.groovy:20)
	... 35 more


2020-06-08 12:29:05 - [TEST_STEP][NOT_RUN] - callTestCase(findTestCase("Components/LoginV2.0"), ["LinkToBeUsed":findTestData("Datatable").getValue("URL", 1), "LoginPageTextToBeVerified":findTestData("Datatable").getValue("HomeBanner", 1), ... ], STOP_ON_FAILURE): NOT_RUN: callTestCase(findTestCase("Components/LoginV2.0"), ["LinkToBeUsed":findTestData("Datatable").getValue("URL", 1), "LoginPageTextToBeVerified":findTestData("Datatable").getValue("HomeBanner", 1), ... ], STOP_ON_FAILURE)

2020-06-08 12:29:05 - [MESSAGE][NOT_RUN] - NOT_RUN: callTestCase(findTestCase("Components/LoginV2.0"), ["LinkToBeUsed":findTestData("Datatable").getValue("URL", 1), "LoginPageTextToBeVerified":findTestData("Datatable").getValue("HomeBanner", 1), ... ], STOP_ON_FAILURE)

2020-06-08 12:29:05 - [TEST_STEP][NOT_RUN] - callTestCase(findTestCase("Components/ClickMenu"), [:], STOP_ON_FAILURE): NOT_RUN: callTestCase(findTestCase("Components/ClickMenu"), [:], STOP_ON_FAILURE)

2020-06-08 12:29:05 - [MESSAGE][NOT_RUN] - NOT_RUN: callTestCase(findTestCase("Components/ClickMenu"), [:], STOP_ON_FAILURE)

2020-06-08 12:29:05 - [TEST_STEP][NOT_RUN] - callTestCase(findTestCase("Components/HoverToAnyMenuSelection"), ["MenuSelection":"Desktop"], STOP_ON_FAILURE): NOT_RUN: callTestCase(findTestCase("Components/HoverToAnyMenuSelection"), ["MenuSelection":"Desktop"], STOP_ON_FAILURE)

2020-06-08 12:29:05 - [MESSAGE][NOT_RUN] - NOT_RUN: callTestCase(findTestCase("Components/HoverToAnyMenuSelection"), ["MenuSelection":"Desktop"], STOP_ON_FAILURE)

2020-06-08 12:29:05 - [TEST_STEP][NOT_RUN] - callTestCase(findTestCase("Components/SelectFromMenu"), ["menuToBeClicked":"My Tasks"], STOP_ON_FAILURE): NOT_RUN: callTestCase(findTestCase("Components/SelectFromMenu"), ["menuToBeClicked":"My Tasks"], STOP_ON_FAILURE)

2020-06-08 12:29:05 - [MESSAGE][NOT_RUN] - NOT_RUN: callTestCase(findTestCase("Components/SelectFromMenu"), ["menuToBeClicked":"My Tasks"], STOP_ON_FAILURE)

2020-06-08 12:29:05 - [TEST_STEP][NOT_RUN] - callTestCase(findTestCase("Components/Filter"), ["taskDescription":"Recommendation and Decision (SM)"], STOP_ON_FAILURE): NOT_RUN: callTestCase(findTestCase("Components/Filter"), ["taskDescription":"Recommendation and Decision (SM)"], STOP_ON_FAILURE)

2020-06-08 12:29:05 - [MESSAGE][NOT_RUN] - NOT_RUN: callTestCase(findTestCase("Components/Filter"), ["taskDescription":"Recommendation and Decision (SM)"], STOP_ON_FAILURE)

2020-06-08 12:29:05 - [TEST_STEP][NOT_RUN] - callTestCase(findTestCase("Components/ClickLinkDependingOnTextAndIndex"), ["linkName":"Recommendation and Decision (SM)", "index":"4"], STOP_ON_FAILURE): NOT_RUN: callTestCase(findTestCase("Components/ClickLinkDependingOnTextAndIndex"), ["linkName":"Recommendation and Decision (SM)", "index":"4"], STOP_ON_FAILURE)

2020-06-08 12:29:05 - [MESSAGE][NOT_RUN] - NOT_RUN: callTestCase(findTestCase("Components/ClickLinkDependingOnTextAndIndex"), ["linkName":"Recommendation and Decision (SM)", "index":"4"], STOP_ON_FAILURE)

2020-06-08 12:29:05 - [TEST_STEP][FAILED] - callTestCase(findTestCase("Components/NavigateToAnyLHS"), ["LHS":"Close Case"], STOP_ON_FAILURE): Unable to call Test Case 'Test Cases/Components/NavigateToAnyLHS' (Root cause: com.kms.katalon.core.exception.StepFailedException: Call Test Case 'Test Cases/Components/NavigateToAnyLHS' failed
	at com.kms.katalon.core.keyword.builtin.CallTestCaseKeyword$_callTestCase_closure1.doCall(CallTestCaseKeyword.groovy:63)
	at com.kms.katalon.core.keyword.builtin.CallTestCaseKeyword$_callTestCase_closure1.call(CallTestCaseKeyword.groovy)
	at com.kms.katalon.core.keyword.internal.KeywordMain.runKeyword(KeywordMain.groovy:68)
	at com.kms.katalon.core.keyword.builtin.CallTestCaseKeyword.callTestCase(CallTestCaseKeyword.groovy:81)
	at com.kms.katalon.core.keyword.builtin.CallTestCaseKeyword.execute(CallTestCaseKeyword.groovy:44)
	at com.kms.katalon.core.keyword.internal.KeywordExecutor.executeKeywordForPlatform(KeywordExecutor.groovy:72)
	at com.kms.katalon.core.keyword.BuiltinKeywords.callTestCase(BuiltinKeywords.groovy:334)
	at PFI.CloseCaseLHS.run(PFI.CloseCaseLHS:45)
	at com.kms.katalon.core.main.ScriptEngine.run(ScriptEngine.java:194)
	at com.kms.katalon.core.main.ScriptEngine.runScriptAsRawText(ScriptEngine.java:119)
	at com.kms.katalon.core.main.TestCaseExecutor.runScript(TestCaseExecutor.java:337)
	at com.kms.katalon.core.main.TestCaseExecutor.doExecute(TestCaseExecutor.java:328)
	at com.kms.katalon.core.main.TestCaseExecutor.processExecutionPhase(TestCaseExecutor.java:307)
	at com.kms.katalon.core.main.TestCaseExecutor.accessMainPhase(TestCaseExecutor.java:299)
	at com.kms.katalon.core.main.TestCaseExecutor.execute(TestCaseExecutor.java:233)
	at com.kms.katalon.core.main.TestSuiteExecutor.accessTestCaseMainPhase(TestSuiteExecutor.java:169)
	at com.kms.katalon.core.main.TestSuiteExecutor.accessTestSuiteMainPhase(TestSuiteExecutor.java:142)
	at com.kms.katalon.core.main.TestSuiteExecutor.execute(TestSuiteExecutor.java:91)
	at com.kms.katalon.core.main.TestCaseMain.startTestSuite(TestCaseMain.java:157)
	at com.kms.katalon.core.main.TestCaseMain$startTestSuite$0.call(Unknown Source)
	at TempTestSuite1591590028740.run(TempTestSuite1591590028740.groovy:36)
Caused by: com.kms.katalon.core.exception.StepFailedException: Unable to click on object 'Object Repository/Objects.NavigateToAnyLHS/Page_ISPS2/LHSToModify'
	at com.kms.katalon.core.webui.keyword.internal.WebUIKeywordMain.stepFailed(WebUIKeywordMain.groovy:64)
	at com.kms.katalon.core.webui.keyword.internal.WebUIKeywordMain.runKeyword(WebUIKeywordMain.groovy:26)
	at com.kms.katalon.core.webui.keyword.builtin.ClickKeyword.click(ClickKeyword.groovy:102)
	at com.kms.katalon.core.webui.keyword.builtin.ClickKeyword.execute(ClickKeyword.groovy:43)
	at com.kms.katalon.core.keyword.internal.KeywordExecutor.executeKeywordForPlatform(KeywordExecutor.groovy:72)
	at com.kms.katalon.core.webui.keyword.WebUiBuiltInKeywords.click(WebUiBuiltInKeywords.groovy:616)
	at com.kms.katalon.core.webui.keyword.WebUiBuiltInKeywords$click$8.call(Unknown Source)
	at NavigateToAnyLHS.run(NavigateToAnyLHS:30)
	at com.kms.katalon.core.main.ScriptEngine.run(ScriptEngine.java:194)
	at com.kms.katalon.core.main.ScriptEngine.runScriptAsRawText(ScriptEngine.java:119)
	at com.kms.katalon.core.main.TestCaseExecutor.runScript(TestCaseExecutor.java:337)
	at com.kms.katalon.core.main.TestCaseExecutor.doExecute(TestCaseExecutor.java:328)
	at com.kms.katalon.core.main.TestCaseExecutor.processExecutionPhase(TestCaseExecutor.java:307)
	at com.kms.katalon.core.main.TestCaseExecutor.accessMainPhase(TestCaseExecutor.java:299)
	at com.kms.katalon.core.main.TestCaseExecutor.execute(TestCaseExecutor.java:233)
	at com.kms.katalon.core.main.TestCaseMain.runTestCase(TestCaseMain.java:114)
	at com.kms.katalon.core.keyword.builtin.CallTestCaseKeyword$_callTestCase_closure1.doCall(CallTestCaseKeyword.groovy:59)
	... 20 more
Caused by: com.kms.katalon.core.webui.exception.WebElementNotFoundException: Web element with id: 'Object Repository/Objects.NavigateToAnyLHS/Page_ISPS2/LHSToModify' located by 'By.xpath: //div[@class = 'x-component x-unselectable x-box-item x-ltr x-component-default' and (text() = 'Close Case' or . = 'Close Case')]' not found
	at com.kms.katalon.core.webui.common.WebUiCommonHelper.findWebElement(WebUiCommonHelper.java:1154)
	at com.kms.katalon.core.webui.keyword.internal.WebUIAbstractKeyword.findWebElement(WebUIAbstractKeyword.groovy:27)
	at com.kms.katalon.core.webui.keyword.internal.WebUIAbstractKeyword.findWebElement(WebUIAbstractKeyword.groovy:26)
	at com.kms.katalon.core.webui.keyword.builtin.ClickKeyword$_click_closure1.doCall(ClickKeyword.groovy:67)
	at com.kms.katalon.core.webui.keyword.builtin.ClickKeyword$_click_closure1.call(ClickKeyword.groovy)
	at com.kms.katalon.core.webui.keyword.internal.WebUIKeywordMain.runKeyword(WebUIKeywordMain.groovy:20)
	... 35 more
)

2020-06-08 12:29:05 - [TEST_CASE][FAILED] - Test Cases/Components/NavigateToAnyLHS: Test Cases/Components/NavigateToAnyLHS FAILED.
Reason:
com.kms.katalon.core.exception.StepFailedException: Unable to click on object 'Object Repository/Objects.NavigateToAnyLHS/Page_ISPS2/LHSToModify'
	at com.kms.katalon.core.webui.keyword.internal.WebUIKeywordMain.stepFailed(WebUIKeywordMain.groovy:64)
	at com.kms.katalon.core.webui.keyword.internal.WebUIKeywordMain.runKeyword(WebUIKeywordMain.groovy:26)
	at com.kms.katalon.core.webui.keyword.builtin.ClickKeyword.click(ClickKeyword.groovy:102)
	at com.kms.katalon.core.webui.keyword.builtin.ClickKeyword.execute(ClickKeyword.groovy:43)
	at com.kms.katalon.core.keyword.internal.KeywordExecutor.executeKeywordForPlatform(KeywordExecutor.groovy:72)
	at com.kms.katalon.core.webui.keyword.WebUiBuiltInKeywords.click(WebUiBuiltInKeywords.groovy:616)
	at com.kms.katalon.core.webui.keyword.WebUiBuiltInKeywords$click$8.call(Unknown Source)
	at NavigateToAnyLHS.run(NavigateToAnyLHS:30)
	at com.kms.katalon.core.main.ScriptEngine.run(ScriptEngine.java:194)
	at com.kms.katalon.core.main.ScriptEngine.runScriptAsRawText(ScriptEngine.java:119)
	at com.kms.katalon.core.main.TestCaseExecutor.runScript(TestCaseExecutor.java:337)
	at com.kms.katalon.core.main.TestCaseExecutor.doExecute(TestCaseExecutor.java:328)
	at com.kms.katalon.core.main.TestCaseExecutor.processExecutionPhase(TestCaseExecutor.java:307)
	at com.kms.katalon.core.main.TestCaseExecutor.accessMainPhase(TestCaseExecutor.java:299)
	at com.kms.katalon.core.main.TestCaseExecutor.execute(TestCaseExecutor.java:233)
	at com.kms.katalon.core.main.TestCaseMain.runTestCase(TestCaseMain.java:114)
	at com.kms.katalon.core.keyword.builtin.CallTestCaseKeyword$_callTestCase_closure1.doCall(CallTestCaseKeyword.groovy:59)
	at com.kms.katalon.core.keyword.builtin.CallTestCaseKeyword$_callTestCase_closure1.call(CallTestCaseKeyword.groovy)
	at com.kms.katalon.core.keyword.internal.KeywordMain.runKeyword(KeywordMain.groovy:68)
	at com.kms.katalon.core.keyword.builtin.CallTestCaseKeyword.callTestCase(CallTestCaseKeyword.groovy:81)
	at com.kms.katalon.core.keyword.builtin.CallTestCaseKeyword.execute(CallTestCaseKeyword.groovy:44)
	at com.kms.katalon.core.keyword.internal.KeywordExecutor.executeKeywordForPlatform(KeywordExecutor.groovy:72)
	at com.kms.katalon.core.keyword.BuiltinKeywords.callTestCase(BuiltinKeywords.groovy:334)
	at PFI.CloseCaseLHS.run(PFI.CloseCaseLHS:45)
	at com.kms.katalon.core.main.ScriptEngine.run(ScriptEngine.java:194)
	at com.kms.katalon.core.main.ScriptEngine.runScriptAsRawText(ScriptEngine.java:119)
	at com.kms.katalon.core.main.TestCaseExecutor.runScript(TestCaseExecutor.java:337)
	at com.kms.katalon.core.main.TestCaseExecutor.doExecute(TestCaseExecutor.java:328)
	at com.kms.katalon.core.main.TestCaseExecutor.processExecutionPhase(TestCaseExecutor.java:307)
	at com.kms.katalon.core.main.TestCaseExecutor.accessMainPhase(TestCaseExecutor.java:299)
	at com.kms.katalon.core.main.TestCaseExecutor.execute(TestCaseExecutor.java:233)
	at com.kms.katalon.core.main.TestSuiteExecutor.accessTestCaseMainPhase(TestSuiteExecutor.java:169)
	at com.kms.katalon.core.main.TestSuiteExecutor.accessTestSuiteMainPhase(TestSuiteExecutor.java:142)
	at com.kms.katalon.core.main.TestSuiteExecutor.execute(TestSuiteExecutor.java:91)
	at com.kms.katalon.core.main.TestCaseMain.startTestSuite(TestCaseMain.java:157)
	at com.kms.katalon.core.main.TestCaseMain$startTestSuite$0.call(Unknown Source)
	at TempTestSuite1591590028740.run(TempTestSuite1591590028740.groovy:36)
Caused by: com.kms.katalon.core.webui.exception.WebElementNotFoundException: Web element with id: 'Object Repository/Objects.NavigateToAnyLHS/Page_ISPS2/LHSToModify' located by 'By.xpath: //div[@class = 'x-component x-unselectable x-box-item x-ltr x-component-default' and (text() = 'Close Case' or . = 'Close Case')]' not found
	at com.kms.katalon.core.webui.common.WebUiCommonHelper.findWebElement(WebUiCommonHelper.java:1154)
	at com.kms.katalon.core.webui.keyword.internal.WebUIAbstractKeyword.findWebElement(WebUIAbstractKeyword.groovy:27)
	at com.kms.katalon.core.webui.keyword.internal.WebUIAbstractKeyword.findWebElement(WebUIAbstractKeyword.groovy:26)
	at com.kms.katalon.core.webui.keyword.builtin.ClickKeyword$_click_closure1.doCall(ClickKeyword.groovy:67)
	at com.kms.katalon.core.webui.keyword.builtin.ClickKeyword$_click_closure1.call(ClickKeyword.groovy)
	at com.kms.katalon.core.webui.keyword.internal.WebUIKeywordMain.runKeyword(WebUIKeywordMain.groovy:20)
	... 35 more


2020-06-08 12:29:05 - [TEST_STEP][PASSED] - Thread.sleep(1000): null

2020-06-08 12:29:06 - [TEST_STEP][PASSED] - modifiedLHS = modifyObjectProperty(findTestObject("Objects.NavigateToAnyLHS/Page_ISPS2/LHSToModify"), "text", "equals", LHS, true): Modify property of object successfully

2020-06-08 12:29:06 - [MESSAGE][PASSED] - Modify property of object successfully

2020-06-08 12:29:06 - [TEST_STEP][FAILED] - click(modifiedLHS): Unable to click on object 'Object Repository/Objects.NavigateToAnyLHS/Page_ISPS2/LHSToModify' (Root cause: com.kms.katalon.core.exception.StepFailedException: Unable to click on object 'Object Repository/Objects.NavigateToAnyLHS/Page_ISPS2/LHSToModify'
	at com.kms.katalon.core.webui.keyword.internal.WebUIKeywordMain.stepFailed(WebUIKeywordMain.groovy:64)
	at com.kms.katalon.core.webui.keyword.internal.WebUIKeywordMain.runKeyword(WebUIKeywordMain.groovy:26)
	at com.kms.katalon.core.webui.keyword.builtin.ClickKeyword.click(ClickKeyword.groovy:102)
	at com.kms.katalon.core.webui.keyword.builtin.ClickKeyword.execute(ClickKeyword.groovy:43)
	at com.kms.katalon.core.keyword.internal.KeywordExecutor.executeKeywordForPlatform(KeywordExecutor.groovy:72)
	at com.kms.katalon.core.webui.keyword.WebUiBuiltInKeywords.click(WebUiBuiltInKeywords.groovy:616)
	at com.kms.katalon.core.webui.keyword.WebUiBuiltInKeywords$click$8.call(Unknown Source)
	at NavigateToAnyLHS.run(NavigateToAnyLHS:30)
	at com.kms.katalon.core.main.ScriptEngine.run(ScriptEngine.java:194)
	at com.kms.katalon.core.main.ScriptEngine.runScriptAsRawText(ScriptEngine.java:119)
	at com.kms.katalon.core.main.TestCaseExecutor.runScript(TestCaseExecutor.java:337)
	at com.kms.katalon.core.main.TestCaseExecutor.doExecute(TestCaseExecutor.java:328)
	at com.kms.katalon.core.main.TestCaseExecutor.processExecutionPhase(TestCaseExecutor.java:307)
	at com.kms.katalon.core.main.TestCaseExecutor.accessMainPhase(TestCaseExecutor.java:299)
	at com.kms.katalon.core.main.TestCaseExecutor.execute(TestCaseExecutor.java:233)
	at com.kms.katalon.core.main.TestCaseMain.runTestCase(TestCaseMain.java:114)
	at com.kms.katalon.core.keyword.builtin.CallTestCaseKeyword$_callTestCase_closure1.doCall(CallTestCaseKeyword.groovy:59)
	at com.kms.katalon.core.keyword.builtin.CallTestCaseKeyword$_callTestCase_closure1.call(CallTestCaseKeyword.groovy)
	at com.kms.katalon.core.keyword.internal.KeywordMain.runKeyword(KeywordMain.groovy:68)
	at com.kms.katalon.core.keyword.builtin.CallTestCaseKeyword.callTestCase(CallTestCaseKeyword.groovy:81)
	at com.kms.katalon.core.keyword.builtin.CallTestCaseKeyword.execute(CallTestCaseKeyword.groovy:44)
	at com.kms.katalon.core.keyword.internal.KeywordExecutor.executeKeywordForPlatform(KeywordExecutor.groovy:72)
	at com.kms.katalon.core.keyword.BuiltinKeywords.callTestCase(BuiltinKeywords.groovy:334)
	at PFI.CloseCaseLHS.run(PFI.CloseCaseLHS:45)
	at com.kms.katalon.core.main.ScriptEngine.run(ScriptEngine.java:194)
	at com.kms.katalon.core.main.ScriptEngine.runScriptAsRawText(ScriptEngine.java:119)
	at com.kms.katalon.core.main.TestCaseExecutor.runScript(TestCaseExecutor.java:337)
	at com.kms.katalon.core.main.TestCaseExecutor.doExecute(TestCaseExecutor.java:328)
	at com.kms.katalon.core.main.TestCaseExecutor.processExecutionPhase(TestCaseExecutor.java:307)
	at com.kms.katalon.core.main.TestCaseExecutor.accessMainPhase(TestCaseExecutor.java:299)
	at com.kms.katalon.core.main.TestCaseExecutor.execute(TestCaseExecutor.java:233)
	at com.kms.katalon.core.main.TestSuiteExecutor.accessTestCaseMainPhase(TestSuiteExecutor.java:169)
	at com.kms.katalon.core.main.TestSuiteExecutor.accessTestSuiteMainPhase(TestSuiteExecutor.java:142)
	at com.kms.katalon.core.main.TestSuiteExecutor.execute(TestSuiteExecutor.java:91)
	at com.kms.katalon.core.main.TestCaseMain.startTestSuite(TestCaseMain.java:157)
	at com.kms.katalon.core.main.TestCaseMain$startTestSuite$0.call(Unknown Source)
	at TempTestSuite1591590028740.run(TempTestSuite1591590028740.groovy:36)
Caused by: com.kms.katalon.core.webui.exception.WebElementNotFoundException: Web element with id: 'Object Repository/Objects.NavigateToAnyLHS/Page_ISPS2/LHSToModify' located by 'By.xpath: //div[@class = 'x-component x-unselectable x-box-item x-ltr x-component-default' and (text() = 'Close Case' or . = 'Close Case')]' not found
	at com.kms.katalon.core.webui.common.WebUiCommonHelper.findWebElement(WebUiCommonHelper.java:1154)
	at com.kms.katalon.core.webui.keyword.internal.WebUIAbstractKeyword.findWebElement(WebUIAbstractKeyword.groovy:27)
	at com.kms.katalon.core.webui.keyword.internal.WebUIAbstractKeyword.findWebElement(WebUIAbstractKeyword.groovy:26)
	at com.kms.katalon.core.webui.keyword.builtin.ClickKeyword$_click_closure1.doCall(ClickKeyword.groovy:67)
	at com.kms.katalon.core.webui.keyword.builtin.ClickKeyword$_click_closure1.call(ClickKeyword.groovy)
	at com.kms.katalon.core.webui.keyword.internal.WebUIKeywordMain.runKeyword(WebUIKeywordMain.groovy:20)
	at com.kms.katalon.core.webui.keyword.builtin.ClickKeyword.click(ClickKeyword.groovy:102)
	at com.kms.katalon.core.webui.keyword.builtin.ClickKeyword.execute(ClickKeyword.groovy:43)
	at com.kms.katalon.core.keyword.internal.KeywordExecutor.executeKeywordForPlatform(KeywordExecutor.groovy:72)
	at com.kms.katalon.core.webui.keyword.WebUiBuiltInKeywords.click(WebUiBuiltInKeywords.groovy:616)
	at com.kms.katalon.core.webui.keyword.WebUiBuiltInKeywords$click$8.call(Unknown Source)
	at Script1565337412228.run(Script1565337412228.groovy:30)
	at com.kms.katalon.core.main.ScriptEngine.run(ScriptEngine.java:194)
	at com.kms.katalon.core.main.ScriptEngine.runScriptAsRawText(ScriptEngine.java:119)
	at com.kms.katalon.core.main.TestCaseExecutor.runScript(TestCaseExecutor.java:337)
	at com.kms.katalon.core.main.TestCaseExecutor.doExecute(TestCaseExecutor.java:328)
	at com.kms.katalon.core.main.TestCaseExecutor.processExecutionPhase(TestCaseExecutor.java:307)
	at com.kms.katalon.core.main.TestCaseExecutor.accessMainPhase(TestCaseExecutor.java:299)
	at com.kms.katalon.core.main.TestCaseExecutor.execute(TestCaseExecutor.java:233)
	at com.kms.katalon.core.main.TestCaseMain.runTestCase(TestCaseMain.java:114)
	at com.kms.katalon.core.keyword.builtin.CallTestCaseKeyword$_callTestCase_closure1.doCall(CallTestCaseKeyword.groovy:59)
	at com.kms.katalon.core.keyword.builtin.CallTestCaseKeyword$_callTestCase_closure1.call(CallTestCaseKeyword.groovy)
	at com.kms.katalon.core.keyword.internal.KeywordMain.runKeyword(KeywordMain.groovy:68)
	at com.kms.katalon.core.keyword.builtin.CallTestCaseKeyword.callTestCase(CallTestCaseKeyword.groovy:81)
	at com.kms.katalon.core.keyword.builtin.CallTestCaseKeyword.execute(CallTestCaseKeyword.groovy:44)
	at com.kms.katalon.core.keyword.internal.KeywordExecutor.executeKeywordForPlatform(KeywordExecutor.groovy:72)
	at com.kms.katalon.core.keyword.BuiltinKeywords.callTestCase(BuiltinKeywords.groovy:334)
	at Script1589269400305.run(Script1589269400305.groovy:45)
	... 13 more
)

2020-06-08 12:29:37 - [MESSAGE][INFO] - Unable to find the element located by 'By.xpath: //div[@class = 'x-component x-unselectable x-box-item x-ltr x-component-default' and (text() = 'Close Case' or . = 'Close Case')]'. Please recheck the objects properties to make sure the desired element is located. 

2020-06-08 12:29:38 - [MESSAGE][FAILED] - Unable to click on object 'Object Repository/Objects.NavigateToAnyLHS/Page_ISPS2/LHSToModify' (Root cause: com.kms.katalon.core.exception.StepFailedException: Unable to click on object 'Object Repository/Objects.NavigateToAnyLHS/Page_ISPS2/LHSToModify'
	at com.kms.katalon.core.webui.keyword.internal.WebUIKeywordMain.stepFailed(WebUIKeywordMain.groovy:64)
	at com.kms.katalon.core.webui.keyword.internal.WebUIKeywordMain.runKeyword(WebUIKeywordMain.groovy:26)
	at com.kms.katalon.core.webui.keyword.builtin.ClickKeyword.click(ClickKeyword.groovy:102)
	at com.kms.katalon.core.webui.keyword.builtin.ClickKeyword.execute(ClickKeyword.groovy:43)
	at com.kms.katalon.core.keyword.internal.KeywordExecutor.executeKeywordForPlatform(KeywordExecutor.groovy:72)
	at com.kms.katalon.core.webui.keyword.WebUiBuiltInKeywords.click(WebUiBuiltInKeywords.groovy:616)
	at com.kms.katalon.core.webui.keyword.WebUiBuiltInKeywords$click$8.call(Unknown Source)
	at NavigateToAnyLHS.run(NavigateToAnyLHS:30)
	at com.kms.katalon.core.main.ScriptEngine.run(ScriptEngine.java:194)
	at com.kms.katalon.core.main.ScriptEngine.runScriptAsRawText(ScriptEngine.java:119)
	at com.kms.katalon.core.main.TestCaseExecutor.runScript(TestCaseExecutor.java:337)
	at com.kms.katalon.core.main.TestCaseExecutor.doExecute(TestCaseExecutor.java:328)
	at com.kms.katalon.core.main.TestCaseExecutor.processExecutionPhase(TestCaseExecutor.java:307)
	at com.kms.katalon.core.main.TestCaseExecutor.accessMainPhase(TestCaseExecutor.java:299)
	at com.kms.katalon.core.main.TestCaseExecutor.execute(TestCaseExecutor.java:233)
	at com.kms.katalon.core.main.TestCaseMain.runTestCase(TestCaseMain.java:114)
	at com.kms.katalon.core.keyword.builtin.CallTestCaseKeyword$_callTestCase_closure1.doCall(CallTestCaseKeyword.groovy:59)
	at com.kms.katalon.core.keyword.builtin.CallTestCaseKeyword$_callTestCase_closure1.call(CallTestCaseKeyword.groovy)
	at com.kms.katalon.core.keyword.internal.KeywordMain.runKeyword(KeywordMain.groovy:68)
	at com.kms.katalon.core.keyword.builtin.CallTestCaseKeyword.callTestCase(CallTestCaseKeyword.groovy:81)
	at com.kms.katalon.core.keyword.builtin.CallTestCaseKeyword.execute(CallTestCaseKeyword.groovy:44)
	at com.kms.katalon.core.keyword.internal.KeywordExecutor.executeKeywordForPlatform(KeywordExecutor.groovy:72)
	at com.kms.katalon.core.keyword.BuiltinKeywords.callTestCase(BuiltinKeywords.groovy:334)
	at PFI.CloseCaseLHS.run(PFI.CloseCaseLHS:45)
	at com.kms.katalon.core.main.ScriptEngine.run(ScriptEngine.java:194)
	at com.kms.katalon.core.main.ScriptEngine.runScriptAsRawText(ScriptEngine.java:119)
	at com.kms.katalon.core.main.TestCaseExecutor.runScript(TestCaseExecutor.java:337)
	at com.kms.katalon.core.main.TestCaseExecutor.doExecute(TestCaseExecutor.java:328)
	at com.kms.katalon.core.main.TestCaseExecutor.processExecutionPhase(TestCaseExecutor.java:307)
	at com.kms.katalon.core.main.TestCaseExecutor.accessMainPhase(TestCaseExecutor.java:299)
	at com.kms.katalon.core.main.TestCaseExecutor.execute(TestCaseExecutor.java:233)
	at com.kms.katalon.core.main.TestSuiteExecutor.accessTestCaseMainPhase(TestSuiteExecutor.java:169)
	at com.kms.katalon.core.main.TestSuiteExecutor.accessTestSuiteMainPhase(TestSuiteExecutor.java:142)
	at com.kms.katalon.core.main.TestSuiteExecutor.execute(TestSuiteExecutor.java:91)
	at com.kms.katalon.core.main.TestCaseMain.startTestSuite(TestCaseMain.java:157)
	at com.kms.katalon.core.main.TestCaseMain$startTestSuite$0.call(Unknown Source)
	at TempTestSuite1591590028740.run(TempTestSuite1591590028740.groovy:36)
Caused by: com.kms.katalon.core.webui.exception.WebElementNotFoundException: Web element with id: 'Object Repository/Objects.NavigateToAnyLHS/Page_ISPS2/LHSToModify' located by 'By.xpath: //div[@class = 'x-component x-unselectable x-box-item x-ltr x-component-default' and (text() = 'Close Case' or . = 'Close Case')]' not found
	at com.kms.katalon.core.webui.common.WebUiCommonHelper.findWebElement(WebUiCommonHelper.java:1154)
	at com.kms.katalon.core.webui.keyword.internal.WebUIAbstractKeyword.findWebElement(WebUIAbstractKeyword.groovy:27)
	at com.kms.katalon.core.webui.keyword.internal.WebUIAbstractKeyword.findWebElement(WebUIAbstractKeyword.groovy:26)
	at com.kms.katalon.core.webui.keyword.builtin.ClickKeyword$_click_closure1.doCall(ClickKeyword.groovy:67)
	at com.kms.katalon.core.webui.keyword.builtin.ClickKeyword$_click_closure1.call(ClickKeyword.groovy)
	at com.kms.katalon.core.webui.keyword.internal.WebUIKeywordMain.runKeyword(WebUIKeywordMain.groovy:20)
	at com.kms.katalon.core.webui.keyword.builtin.ClickKeyword.click(ClickKeyword.groovy:102)
	at com.kms.katalon.core.webui.keyword.builtin.ClickKeyword.execute(ClickKeyword.groovy:43)
	at com.kms.katalon.core.keyword.internal.KeywordExecutor.executeKeywordForPlatform(KeywordExecutor.groovy:72)
	at com.kms.katalon.core.webui.keyword.WebUiBuiltInKeywords.click(WebUiBuiltInKeywords.groovy:616)
	at com.kms.katalon.core.webui.keyword.WebUiBuiltInKeywords$click$8.call(Unknown Source)
	at Script1565337412228.run(Script1565337412228.groovy:30)
	at com.kms.katalon.core.main.ScriptEngine.run(ScriptEngine.java:194)
	at com.kms.katalon.core.main.ScriptEngine.runScriptAsRawText(ScriptEngine.java:119)
	at com.kms.katalon.core.main.TestCaseExecutor.runScript(TestCaseExecutor.java:337)
	at com.kms.katalon.core.main.TestCaseExecutor.doExecute(TestCaseExecutor.java:328)
	at com.kms.katalon.core.main.TestCaseExecutor.processExecutionPhase(TestCaseExecutor.java:307)
	at com.kms.katalon.core.main.TestCaseExecutor.accessMainPhase(TestCaseExecutor.java:299)
	at com.kms.katalon.core.main.TestCaseExecutor.execute(TestCaseExecutor.java:233)
	at com.kms.katalon.core.main.TestCaseMain.runTestCase(TestCaseMain.java:114)
	at com.kms.katalon.core.keyword.builtin.CallTestCaseKeyword$_callTestCase_closure1.doCall(CallTestCaseKeyword.groovy:59)
	at com.kms.katalon.core.keyword.builtin.CallTestCaseKeyword$_callTestCase_closure1.call(CallTestCaseKeyword.groovy)
	at com.kms.katalon.core.keyword.internal.KeywordMain.runKeyword(KeywordMain.groovy:68)
	at com.kms.katalon.core.keyword.builtin.CallTestCaseKeyword.callTestCase(CallTestCaseKeyword.groovy:81)
	at com.kms.katalon.core.keyword.builtin.CallTestCaseKeyword.execute(CallTestCaseKeyword.groovy:44)
	at com.kms.katalon.core.keyword.internal.KeywordExecutor.executeKeywordForPlatform(KeywordExecutor.groovy:72)
	at com.kms.katalon.core.keyword.BuiltinKeywords.callTestCase(BuiltinKeywords.groovy:334)
	at Script1589269400305.run(Script1589269400305.groovy:45)
	... 13 more
)
[[ATTACHMENT|C:\\Users\\19023-RAC\\Desktop\\New Automation Copy\\Reports\\20200608_122024\\PFI Precision and Scale Automated Regression Suite\\PFI\\PFI-Decision\\20200608_122024\\1591590577780.png]]

2020-06-08 12:29:38 - [MESSAGE][FAILED] - Unable to call Test Case 'Test Cases/Components/NavigateToAnyLHS' (Root cause: com.kms.katalon.core.exception.StepFailedException: Call Test Case 'Test Cases/Components/NavigateToAnyLHS' failed
	at com.kms.katalon.core.keyword.builtin.CallTestCaseKeyword$_callTestCase_closure1.doCall(CallTestCaseKeyword.groovy:63)
	at com.kms.katalon.core.keyword.builtin.CallTestCaseKeyword$_callTestCase_closure1.call(CallTestCaseKeyword.groovy)
	at com.kms.katalon.core.keyword.internal.KeywordMain.runKeyword(KeywordMain.groovy:68)
	at com.kms.katalon.core.keyword.builtin.CallTestCaseKeyword.callTestCase(CallTestCaseKeyword.groovy:81)
	at com.kms.katalon.core.keyword.builtin.CallTestCaseKeyword.execute(CallTestCaseKeyword.groovy:44)
	at com.kms.katalon.core.keyword.internal.KeywordExecutor.executeKeywordForPlatform(KeywordExecutor.groovy:72)
	at com.kms.katalon.core.keyword.BuiltinKeywords.callTestCase(BuiltinKeywords.groovy:334)
	at PFI.CloseCaseLHS.run(PFI.CloseCaseLHS:45)
	at com.kms.katalon.core.main.ScriptEngine.run(ScriptEngine.java:194)
	at com.kms.katalon.core.main.ScriptEngine.runScriptAsRawText(ScriptEngine.java:119)
	at com.kms.katalon.core.main.TestCaseExecutor.runScript(TestCaseExecutor.java:337)
	at com.kms.katalon.core.main.TestCaseExecutor.doExecute(TestCaseExecutor.java:328)
	at com.kms.katalon.core.main.TestCaseExecutor.processExecutionPhase(TestCaseExecutor.java:307)
	at com.kms.katalon.core.main.TestCaseExecutor.accessMainPhase(TestCaseExecutor.java:299)
	at com.kms.katalon.core.main.TestCaseExecutor.execute(TestCaseExecutor.java:233)
	at com.kms.katalon.core.main.TestSuiteExecutor.accessTestCaseMainPhase(TestSuiteExecutor.java:169)
	at com.kms.katalon.core.main.TestSuiteExecutor.accessTestSuiteMainPhase(TestSuiteExecutor.java:142)
	at com.kms.katalon.core.main.TestSuiteExecutor.execute(TestSuiteExecutor.java:91)
	at com.kms.katalon.core.main.TestCaseMain.startTestSuite(TestCaseMain.java:157)
	at com.kms.katalon.core.main.TestCaseMain$startTestSuite$0.call(Unknown Source)
	at TempTestSuite1591590028740.run(TempTestSuite1591590028740.groovy:36)
Caused by: com.kms.katalon.core.exception.StepFailedException: Unable to click on object 'Object Repository/Objects.NavigateToAnyLHS/Page_ISPS2/LHSToModify'
	at com.kms.katalon.core.webui.keyword.internal.WebUIKeywordMain.stepFailed(WebUIKeywordMain.groovy:64)
	at com.kms.katalon.core.webui.keyword.internal.WebUIKeywordMain.runKeyword(WebUIKeywordMain.groovy:26)
	at com.kms.katalon.core.webui.keyword.builtin.ClickKeyword.click(ClickKeyword.groovy:102)
	at com.kms.katalon.core.webui.keyword.builtin.ClickKeyword.execute(ClickKeyword.groovy:43)
	at com.kms.katalon.core.keyword.internal.KeywordExecutor.executeKeywordForPlatform(KeywordExecutor.groovy:72)
	at com.kms.katalon.core.webui.keyword.WebUiBuiltInKeywords.click(WebUiBuiltInKeywords.groovy:616)
	at com.kms.katalon.core.webui.keyword.WebUiBuiltInKeywords$click$8.call(Unknown Source)
	at NavigateToAnyLHS.run(NavigateToAnyLHS:30)
	at com.kms.katalon.core.main.ScriptEngine.run(ScriptEngine.java:194)
	at com.kms.katalon.core.main.ScriptEngine.runScriptAsRawText(ScriptEngine.java:119)
	at com.kms.katalon.core.main.TestCaseExecutor.runScript(TestCaseExecutor.java:337)
	at com.kms.katalon.core.main.TestCaseExecutor.doExecute(TestCaseExecutor.java:328)
	at com.kms.katalon.core.main.TestCaseExecutor.processExecutionPhase(TestCaseExecutor.java:307)
	at com.kms.katalon.core.main.TestCaseExecutor.accessMainPhase(TestCaseExecutor.java:299)
	at com.kms.katalon.core.main.TestCaseExecutor.execute(TestCaseExecutor.java:233)
	at com.kms.katalon.core.main.TestCaseMain.runTestCase(TestCaseMain.java:114)
	at com.kms.katalon.core.keyword.builtin.CallTestCaseKeyword$_callTestCase_closure1.doCall(CallTestCaseKeyword.groovy:59)
	... 20 more
Caused by: com.kms.katalon.core.webui.exception.WebElementNotFoundException: Web element with id: 'Object Repository/Objects.NavigateToAnyLHS/Page_ISPS2/LHSToModify' located by 'By.xpath: //div[@class = 'x-component x-unselectable x-box-item x-ltr x-component-default' and (text() = 'Close Case' or . = 'Close Case')]' not found
	at com.kms.katalon.core.webui.common.WebUiCommonHelper.findWebElement(WebUiCommonHelper.java:1154)
	at com.kms.katalon.core.webui.keyword.internal.WebUIAbstractKeyword.findWebElement(WebUIAbstractKeyword.groovy:27)
	at com.kms.katalon.core.webui.keyword.internal.WebUIAbstractKeyword.findWebElement(WebUIAbstractKeyword.groovy:26)
	at com.kms.katalon.core.webui.keyword.builtin.ClickKeyword$_click_closure1.doCall(ClickKeyword.groovy:67)
	at com.kms.katalon.core.webui.keyword.builtin.ClickKeyword$_click_closure1.call(ClickKeyword.groovy)
	at com.kms.katalon.core.webui.keyword.internal.WebUIKeywordMain.runKeyword(WebUIKeywordMain.groovy:20)
	... 35 more
)]]></system-out>
         <system-err><![CDATA[2020-06-08 12:29:05 - [TEST_CASE][FAILED] - Test Cases/PFI Precision and Scale/PFI Test Cases/Process Case (PFI)/PFI.CloseCaseLHS: Test Cases/PFI Precision and Scale/PFI Test Cases/Process Case (PFI)/PFI.CloseCaseLHS FAILED.
Reason:
com.kms.katalon.core.exception.StepFailedException: Call Test Case 'Test Cases/Components/NavigateToAnyLHS' failed
	at com.kms.katalon.core.keyword.builtin.CallTestCaseKeyword$_callTestCase_closure1.doCall(CallTestCaseKeyword.groovy:63)
	at com.kms.katalon.core.keyword.builtin.CallTestCaseKeyword$_callTestCase_closure1.call(CallTestCaseKeyword.groovy)
	at com.kms.katalon.core.keyword.internal.KeywordMain.runKeyword(KeywordMain.groovy:68)
	at com.kms.katalon.core.keyword.builtin.CallTestCaseKeyword.callTestCase(CallTestCaseKeyword.groovy:81)
	at com.kms.katalon.core.keyword.builtin.CallTestCaseKeyword.execute(CallTestCaseKeyword.groovy:44)
	at com.kms.katalon.core.keyword.internal.KeywordExecutor.executeKeywordForPlatform(KeywordExecutor.groovy:72)
	at com.kms.katalon.core.keyword.BuiltinKeywords.callTestCase(BuiltinKeywords.groovy:334)
	at PFI.CloseCaseLHS.run(PFI.CloseCaseLHS:45)
	at com.kms.katalon.core.main.ScriptEngine.run(ScriptEngine.java:194)
	at com.kms.katalon.core.main.ScriptEngine.runScriptAsRawText(ScriptEngine.java:119)
	at com.kms.katalon.core.main.TestCaseExecutor.runScript(TestCaseExecutor.java:337)
	at com.kms.katalon.core.main.TestCaseExecutor.doExecute(TestCaseExecutor.java:328)
	at com.kms.katalon.core.main.TestCaseExecutor.processExecutionPhase(TestCaseExecutor.java:307)
	at com.kms.katalon.core.main.TestCaseExecutor.accessMainPhase(TestCaseExecutor.java:299)
	at com.kms.katalon.core.main.TestCaseExecutor.execute(TestCaseExecutor.java:233)
	at com.kms.katalon.core.main.TestSuiteExecutor.accessTestCaseMainPhase(TestSuiteExecutor.java:169)
	at com.kms.katalon.core.main.TestSuiteExecutor.accessTestSuiteMainPhase(TestSuiteExecutor.java:142)
	at com.kms.katalon.core.main.TestSuiteExecutor.execute(TestSuiteExecutor.java:91)
	at com.kms.katalon.core.main.TestCaseMain.startTestSuite(TestCaseMain.java:157)
	at com.kms.katalon.core.main.TestCaseMain$startTestSuite$0.call(Unknown Source)
	at TempTestSuite1591590028740.run(TempTestSuite1591590028740.groovy:36)
Caused by: com.kms.katalon.core.exception.StepFailedException: Unable to click on object 'Object Repository/Objects.NavigateToAnyLHS/Page_ISPS2/LHSToModify'
	at com.kms.katalon.core.webui.keyword.internal.WebUIKeywordMain.stepFailed(WebUIKeywordMain.groovy:64)
	at com.kms.katalon.core.webui.keyword.internal.WebUIKeywordMain.runKeyword(WebUIKeywordMain.groovy:26)
	at com.kms.katalon.core.webui.keyword.builtin.ClickKeyword.click(ClickKeyword.groovy:102)
	at com.kms.katalon.core.webui.keyword.builtin.ClickKeyword.execute(ClickKeyword.groovy:43)
	at com.kms.katalon.core.keyword.internal.KeywordExecutor.executeKeywordForPlatform(KeywordExecutor.groovy:72)
	at com.kms.katalon.core.webui.keyword.WebUiBuiltInKeywords.click(WebUiBuiltInKeywords.groovy:616)
	at com.kms.katalon.core.webui.keyword.WebUiBuiltInKeywords$click$8.call(Unknown Source)
	at NavigateToAnyLHS.run(NavigateToAnyLHS:30)
	at com.kms.katalon.core.main.ScriptEngine.run(ScriptEngine.java:194)
	at com.kms.katalon.core.main.ScriptEngine.runScriptAsRawText(ScriptEngine.java:119)
	at com.kms.katalon.core.main.TestCaseExecutor.runScript(TestCaseExecutor.java:337)
	at com.kms.katalon.core.main.TestCaseExecutor.doExecute(TestCaseExecutor.java:328)
	at com.kms.katalon.core.main.TestCaseExecutor.processExecutionPhase(TestCaseExecutor.java:307)
	at com.kms.katalon.core.main.TestCaseExecutor.accessMainPhase(TestCaseExecutor.java:299)
	at com.kms.katalon.core.main.TestCaseExecutor.execute(TestCaseExecutor.java:233)
	at com.kms.katalon.core.main.TestCaseMain.runTestCase(TestCaseMain.java:114)
	at com.kms.katalon.core.keyword.builtin.CallTestCaseKeyword$_callTestCase_closure1.doCall(CallTestCaseKeyword.groovy:59)
	... 20 more
Caused by: com.kms.katalon.core.webui.exception.WebElementNotFoundException: Web element with id: 'Object Repository/Objects.NavigateToAnyLHS/Page_ISPS2/LHSToModify' located by 'By.xpath: //div[@class = 'x-component x-unselectable x-box-item x-ltr x-component-default' and (text() = 'Close Case' or . = 'Close Case')]' not found
	at com.kms.katalon.core.webui.common.WebUiCommonHelper.findWebElement(WebUiCommonHelper.java:1154)
	at com.kms.katalon.core.webui.keyword.internal.WebUIAbstractKeyword.findWebElement(WebUIAbstractKeyword.groovy:27)
	at com.kms.katalon.core.webui.keyword.internal.WebUIAbstractKeyword.findWebElement(WebUIAbstractKeyword.groovy:26)
	at com.kms.katalon.core.webui.keyword.builtin.ClickKeyword$_click_closure1.doCall(ClickKeyword.groovy:67)
	at com.kms.katalon.core.webui.keyword.builtin.ClickKeyword$_click_closure1.call(ClickKeyword.groovy)
	at com.kms.katalon.core.webui.keyword.internal.WebUIKeywordMain.runKeyword(WebUIKeywordMain.groovy:20)
	... 35 more]]></system-err>
      </testcase>
      <system-out><![CDATA[2020-06-08 12:20:32 - [TEST_SUITE][ERROR] - PFI-Decision: Test Cases/PFI Precision and Scale/PFI Test Cases/Process Case (PFI)/PFI.RecommendLHS FAILED.
Reason:
com.kms.katalon.core.exception.StepErrorException: Call Test Case 'Test Cases/Components/HighlightLabelFieldXPI' failed because of error(s)
	at com.kms.katalon.core.keyword.builtin.CallTestCaseKeyword$_callTestCase_closure1.doCall(CallTestCaseKeyword.groovy:66)
	at com.kms.katalon.core.keyword.builtin.CallTestCaseKeyword$_callTestCase_closure1.call(CallTestCaseKeyword.groovy)
	at com.kms.katalon.core.keyword.internal.KeywordMain.runKeyword(KeywordMain.groovy:68)
	at com.kms.katalon.core.keyword.builtin.CallTestCaseKeyword.callTestCase(CallTestCaseKeyword.groovy:81)
	at com.kms.katalon.core.keyword.builtin.CallTestCaseKeyword.execute(CallTestCaseKeyword.groovy:44)
	at com.kms.katalon.core.keyword.internal.KeywordExecutor.executeKeywordForPlatform(KeywordExecutor.groovy:72)
	at com.kms.katalon.core.keyword.BuiltinKeywords.callTestCase(BuiltinKeywords.groovy:334)
	at PFI.RecommendLHS.run(PFI.RecommendLHS:56)
	at com.kms.katalon.core.main.ScriptEngine.run(ScriptEngine.java:194)
	at com.kms.katalon.core.main.ScriptEngine.runScriptAsRawText(ScriptEngine.java:119)
	at com.kms.katalon.core.main.TestCaseExecutor.runScript(TestCaseExecutor.java:337)
	at com.kms.katalon.core.main.TestCaseExecutor.doExecute(TestCaseExecutor.java:328)
	at com.kms.katalon.core.main.TestCaseExecutor.processExecutionPhase(TestCaseExecutor.java:307)
	at com.kms.katalon.core.main.TestCaseExecutor.accessMainPhase(TestCaseExecutor.java:299)
	at com.kms.katalon.core.main.TestCaseExecutor.execute(TestCaseExecutor.java:233)
	at com.kms.katalon.core.main.TestSuiteExecutor.accessTestCaseMainPhase(TestSuiteExecutor.java:169)
	at com.kms.katalon.core.main.TestSuiteExecutor.accessTestSuiteMainPhase(TestSuiteExecutor.java:142)
	at com.kms.katalon.core.main.TestSuiteExecutor.execute(TestSuiteExecutor.java:91)
	at com.kms.katalon.core.main.TestCaseMain.startTestSuite(TestCaseMain.java:157)
	at com.kms.katalon.core.main.TestCaseMain$startTestSuite$0.call(Unknown Source)
	at TempTestSuite1591590028740.run(TempTestSuite1591590028740.groovy:36)
Caused by: org.codehaus.groovy.runtime.InvokerInvocationException: java.lang.AssertionError: Web element with id: 'Object Repository/Objects.HighlightElements/lblField_index' located by 'By.xpath: (//*[contains(@class, 'x-form-item-label-inner x-form-item-label-inner-default') and contains(., 'Recommend Type:')])[3]' not found
	at com.reusableComponents.HighlightElement.invokeMethod(HighlightElement.groovy)
	at com.kms.katalon.core.main.CustomKeywordDelegatingMetaClass.invokeStaticMethod(CustomKeywordDelegatingMetaClass.java:50)
	at HighlightLabelFieldXPI.run(HighlightLabelFieldXPI:32)
	at com.kms.katalon.core.main.ScriptEngine.run(ScriptEngine.java:194)
	at com.kms.katalon.core.main.ScriptEngine.runScriptAsRawText(ScriptEngine.java:119)
	at com.kms.katalon.core.main.TestCaseExecutor.runScript(TestCaseExecutor.java:337)
	at com.kms.katalon.core.main.TestCaseExecutor.doExecute(TestCaseExecutor.java:328)
	at com.kms.katalon.core.main.TestCaseExecutor.processExecutionPhase(TestCaseExecutor.java:307)
	at com.kms.katalon.core.main.TestCaseExecutor.accessMainPhase(TestCaseExecutor.java:299)
	at com.kms.katalon.core.main.TestCaseExecutor.execute(TestCaseExecutor.java:233)
	at com.kms.katalon.core.main.TestCaseMain.runTestCase(TestCaseMain.java:114)
	at com.kms.katalon.core.keyword.builtin.CallTestCaseKeyword$_callTestCase_closure1.doCall(CallTestCaseKeyword.groovy:59)
	... 20 more
Caused by: java.lang.AssertionError: Web element with id: 'Object Repository/Objects.HighlightElements/lblField_index' located by 'By.xpath: (//*[contains(@class, 'x-form-item-label-inner x-form-item-label-inner-default') and contains(., 'Recommend Type:')])[3]' not found
	at org.testng.Assert.fail(Assert.java:93)
	at org.testng.Assert$fail.call(Unknown Source)
	at com.reusableComponents.HighlightElement.run(HighlightElement.groovy:27)
	... 32 more]]></system-out>
      <system-err><![CDATA[2020-06-08 12:20:32 - [TEST_SUITE][ERROR] - PFI-Decision: Test Cases/PFI Precision and Scale/PFI Test Cases/Process Case (PFI)/PFI.RecommendLHS FAILED.
Reason:
com.kms.katalon.core.exception.StepErrorException: Call Test Case 'Test Cases/Components/HighlightLabelFieldXPI' failed because of error(s)
	at com.kms.katalon.core.keyword.builtin.CallTestCaseKeyword$_callTestCase_closure1.doCall(CallTestCaseKeyword.groovy:66)
	at com.kms.katalon.core.keyword.builtin.CallTestCaseKeyword$_callTestCase_closure1.call(CallTestCaseKeyword.groovy)
	at com.kms.katalon.core.keyword.internal.KeywordMain.runKeyword(KeywordMain.groovy:68)
	at com.kms.katalon.core.keyword.builtin.CallTestCaseKeyword.callTestCase(CallTestCaseKeyword.groovy:81)
	at com.kms.katalon.core.keyword.builtin.CallTestCaseKeyword.execute(CallTestCaseKeyword.groovy:44)
	at com.kms.katalon.core.keyword.internal.KeywordExecutor.executeKeywordForPlatform(KeywordExecutor.groovy:72)
	at com.kms.katalon.core.keyword.BuiltinKeywords.callTestCase(BuiltinKeywords.groovy:334)
	at PFI.RecommendLHS.run(PFI.RecommendLHS:56)
	at com.kms.katalon.core.main.ScriptEngine.run(ScriptEngine.java:194)
	at com.kms.katalon.core.main.ScriptEngine.runScriptAsRawText(ScriptEngine.java:119)
	at com.kms.katalon.core.main.TestCaseExecutor.runScript(TestCaseExecutor.java:337)
	at com.kms.katalon.core.main.TestCaseExecutor.doExecute(TestCaseExecutor.java:328)
	at com.kms.katalon.core.main.TestCaseExecutor.processExecutionPhase(TestCaseExecutor.java:307)
	at com.kms.katalon.core.main.TestCaseExecutor.accessMainPhase(TestCaseExecutor.java:299)
	at com.kms.katalon.core.main.TestCaseExecutor.execute(TestCaseExecutor.java:233)
	at com.kms.katalon.core.main.TestSuiteExecutor.accessTestCaseMainPhase(TestSuiteExecutor.java:169)
	at com.kms.katalon.core.main.TestSuiteExecutor.accessTestSuiteMainPhase(TestSuiteExecutor.java:142)
	at com.kms.katalon.core.main.TestSuiteExecutor.execute(TestSuiteExecutor.java:91)
	at com.kms.katalon.core.main.TestCaseMain.startTestSuite(TestCaseMain.java:157)
	at com.kms.katalon.core.main.TestCaseMain$startTestSuite$0.call(Unknown Source)
	at TempTestSuite1591590028740.run(TempTestSuite1591590028740.groovy:36)
Caused by: org.codehaus.groovy.runtime.InvokerInvocationException: java.lang.AssertionError: Web element with id: 'Object Repository/Objects.HighlightElements/lblField_index' located by 'By.xpath: (//*[contains(@class, 'x-form-item-label-inner x-form-item-label-inner-default') and contains(., 'Recommend Type:')])[3]' not found
	at com.reusableComponents.HighlightElement.invokeMethod(HighlightElement.groovy)
	at com.kms.katalon.core.main.CustomKeywordDelegatingMetaClass.invokeStaticMethod(CustomKeywordDelegatingMetaClass.java:50)
	at HighlightLabelFieldXPI.run(HighlightLabelFieldXPI:32)
	at com.kms.katalon.core.main.ScriptEngine.run(ScriptEngine.java:194)
	at com.kms.katalon.core.main.ScriptEngine.runScriptAsRawText(ScriptEngine.java:119)
	at com.kms.katalon.core.main.TestCaseExecutor.runScript(TestCaseExecutor.java:337)
	at com.kms.katalon.core.main.TestCaseExecutor.doExecute(TestCaseExecutor.java:328)
	at com.kms.katalon.core.main.TestCaseExecutor.processExecutionPhase(TestCaseExecutor.java:307)
	at com.kms.katalon.core.main.TestCaseExecutor.accessMainPhase(TestCaseExecutor.java:299)
	at com.kms.katalon.core.main.TestCaseExecutor.execute(TestCaseExecutor.java:233)
	at com.kms.katalon.core.main.TestCaseMain.runTestCase(TestCaseMain.java:114)
	at com.kms.katalon.core.keyword.builtin.CallTestCaseKeyword$_callTestCase_closure1.doCall(CallTestCaseKeyword.groovy:59)
	... 20 more
Caused by: java.lang.AssertionError: Web element with id: 'Object Repository/Objects.HighlightElements/lblField_index' located by 'By.xpath: (//*[contains(@class, 'x-form-item-label-inner x-form-item-label-inner-default') and contains(., 'Recommend Type:')])[3]' not found
	at org.testng.Assert.fail(Assert.java:93)
	at org.testng.Assert$fail.call(Unknown Source)
	at com.reusableComponents.HighlightElement.run(HighlightElement.groovy:27)
	... 32 more]]></system-err>
   </testsuite>
</testsuites>
