<?xml version="1.0" encoding="UTF-8"?>
<testsuites name="PFI-TOPCSC" time="480.62" tests="3" failures="0" errors="0">
   <testsuite name="PFI-TOPCSC" tests="3" failures="0" errors="0" time="480.62" timestamp="2020-06-02 15:04:22" hostname="19023-RAC - 192.168.16.39" id="Test Suites/PFI Precision and Scale Automated Regression Suite/PFI-TOPCSC/PFI-TOPCSC">
      <properties>
         <property name="deviceName" value=""/>
         <property name="devicePlatform" value=""/>
         <property name="logFolder" value="C:\\Users\\19023-RAC\\Desktop\\New Automation Copy\\Reports\\20200602_150408\\PFI Precision and Scale Automated Regression Suite\\PFI-TOPCSC\\PFI-TOPCSC\\20200602_150408"/>
         <property name="logFiles" value="C:\\Users\\19023-RAC\\Desktop\\New Automation Copy\\Reports\\20200602_150408\\PFI Precision and Scale Automated Regression Suite\\PFI-TOPCSC\\PFI-TOPCSC\\20200602_150408\\execution0.log"/>
         <property name="attachments" value=""/>
         <property name="hostName" value="19023-RAC - 192.168.16.39"/>
         <property name="os" value="Windows 10 64bit"/>
         <property name="katalonVersion" value="7.2.1.1"/>
         <property name="browser" value="Chrome 83.0.4103.61"/>
         <property name="hostAddress" value="192.168.16.39"/>
         <property name="sessionId" value="1d428cd4652a2fee9d58113362a15c9c"/>
         <property name="seleniumVersion" value="3.141.59"/>
         <property name="proxyInformation" value="ProxyInformation{proxyOption=NO_PROXY, proxyServerType=HTTP, password=, proxyServerAddress=, proxyServerPort=0, executionList=}"/>
         <property name="platform" value="Windows 10"/>
      </properties>
      <testcase name="Test Cases/PFI Precision and Scale/PFI Test Cases/PFI - TOPCSC/ProcessPFITOPCSC" time="137.125" classname="Test Cases/PFI Precision and Scale/PFI Test Cases/PFI - TOPCSC/ProcessPFITOPCSC" status="PASSED">
         <system-out><![CDATA[2020-06-02 15:04:23 - [TEST_CASE][PASSED] - Test Cases/PFI Precision and Scale/PFI Test Cases/PFI - TOPCSC/ProcessPFITOPCSC: Test Cases/PFI Precision and Scale/PFI Test Cases/PFI - TOPCSC/ProcessPFITOPCSC

2020-06-02 15:04:23 - [TEST_STEP][PASSED] - callTestCase(findTestCase("Components/LoginV2.0"), ["LinkToBeUsed":findTestData("ISPS2 Test Data").getValue("URL", 1), "LoginPageTextToBeVerified":findTestData("ISPS2 Test Data").getValue("HomeBanner", 1), ... ], STOP_ON_FAILURE): Call Test Case 'Test Cases/Components/LoginV2.0' successfully

2020-06-02 15:04:24 - [TEST_CASE][PASSED] - Test Cases/Components/LoginV2.0: Test Cases/Components/LoginV2.0

2020-06-02 15:04:24 - [TEST_STEP][PASSED] - openBrowser(LinkToBeUsed): Browser is opened with url: 'http://10.0.2.41:3012/isps2-prod-verify/authnz/login.do'

2020-06-02 15:04:24 - [MESSAGE][INFO] - Starting 'Chrome' driver

2020-06-02 15:04:25 - [MESSAGE][INFO] - Action delay is set to 0 seconds

2020-06-02 15:04:44 - [MESSAGE][PASSED] - Browser is opened with url: 'http://10.0.2.41:3012/isps2-prod-verify/authnz/login.do'

2020-06-02 15:04:44 - [TEST_STEP][PASSED] - maximizeWindow(): Current window maximized

2020-06-02 15:04:46 - [MESSAGE][PASSED] - Current window maximized

2020-06-02 15:04:46 - [TEST_STEP][PASSED] - verifyTextPresent(LoginPageTextToBeVerified, false): Text 'Sign in to ISPS2-PROD-Verify' is present on page 

2020-06-02 15:04:46 - [MESSAGE][PASSED] - Text 'Sign in to ISPS2-PROD-Verify' is present on page 

2020-06-02 15:04:46 - [TEST_STEP][PASSED] - setText(findTestObject("Objects.LoginV2.0/Login Page/input_Sign in to ISPS2-PROD-Verify_username"), Username): Text 'sysadmin' is set on object 'Object Repository/Objects.LoginV2.0/Login Page/input_Sign in to ISPS2-PROD-Verify_username'

2020-06-02 15:04:47 - [MESSAGE][PASSED] - Text 'sysadmin' is set on object 'Object Repository/Objects.LoginV2.0/Login Page/input_Sign in to ISPS2-PROD-Verify_username'

2020-06-02 15:04:47 - [TEST_STEP][PASSED] - setEncryptedText(findTestObject("Objects.LoginV2.0/Login Page/input_This field is required_password"), Password): Text ****** has been set on object 'Object Repository/Objects.LoginV2.0/Login Page/input_This field is required_password'

2020-06-02 15:04:47 - [MESSAGE][PASSED] - Text ****** has been set on object 'Object Repository/Objects.LoginV2.0/Login Page/input_This field is required_password'

2020-06-02 15:04:47 - [TEST_STEP][NOT_RUN] - setEncryptedText(findTestObject(null), Password): NOT_RUN: setEncryptedText(findTestObject(null), Password)

2020-06-02 15:04:47 - [MESSAGE][NOT_RUN] - NOT_RUN: setEncryptedText(findTestObject(null), Password)

2020-06-02 15:04:47 - [TEST_STEP][PASSED] - click(findTestObject("Objects.LoginV2.0/Login Page/div_Sign in to ISPS2-PROD-Verify_NovaGoButton-1021"), OPTIONAL): Object: 'Object Repository/Objects.LoginV2.0/Login Page/div_Sign in to ISPS2-PROD-Verify_NovaGoButton-1021' is clicked on

2020-06-02 15:04:47 - [MESSAGE][PASSED] - Object: 'Object Repository/Objects.LoginV2.0/Login Page/div_Sign in to ISPS2-PROD-Verify_NovaGoButton-1021' is clicked on

2020-06-02 15:04:47 - [TEST_STEP][PASSED] - waitForPageLoad(30): Wait for page load successfully

2020-06-02 15:04:47 - [MESSAGE][PASSED] - Wait for page load successfully

2020-06-02 15:04:47 - [TEST_STEP][PASSED] - Thread.sleep(3000): null

2020-06-02 15:04:50 - [MESSAGE][PASSED] - Call Test Case 'Test Cases/Components/LoginV2.0' successfully

2020-06-02 15:04:50 - [TEST_STEP][PASSED] - callTestCase(findTestCase("Components/NavigateToHomepageHeaders"), ["headerText":"My Tasks"], STOP_ON_FAILURE): Call Test Case 'Test Cases/Components/NavigateToHomepageHeaders' successfully

2020-06-02 15:04:51 - [TEST_CASE][PASSED] - Test Cases/Components/NavigateToHomepageHeaders: Test Cases/Components/NavigateToHomepageHeaders

2020-06-02 15:04:51 - [TEST_STEP][PASSED] - Thread.sleep(1000): null

2020-06-02 15:04:52 - [TEST_STEP][PASSED] - waitForPageLoad(30): Wait for page load successfully

2020-06-02 15:04:52 - [MESSAGE][PASSED] - Wait for page load successfully

2020-06-02 15:04:52 - [TEST_STEP][PASSED] - modifiedHeader = modifyObjectProperty(findTestObject("Objects.NavigateToHomepageHeaders/Page_ISPS2/div_Header"), "text", "equals", headerText, true): Modify property of object successfully

2020-06-02 15:04:52 - [MESSAGE][PASSED] - Modify property of object successfully

2020-06-02 15:04:52 - [TEST_STEP][PASSED] - verifyElementClickable(modifiedHeader): Object 'Object Repository/Objects.NavigateToHomepageHeaders/Page_ISPS2/div_Header' is clickable

2020-06-02 15:04:56 - [MESSAGE][PASSED] - Object 'Object Repository/Objects.NavigateToHomepageHeaders/Page_ISPS2/div_Header' is clickable

2020-06-02 15:04:56 - [TEST_STEP][PASSED] - click(modifiedHeader): Object: 'Object Repository/Objects.NavigateToHomepageHeaders/Page_ISPS2/div_Header' is clicked on

2020-06-02 15:04:57 - [MESSAGE][PASSED] - Object: 'Object Repository/Objects.NavigateToHomepageHeaders/Page_ISPS2/div_Header' is clicked on

2020-06-02 15:04:57 - [TEST_STEP][PASSED] - Thread.sleep(7000): null

2020-06-02 15:05:04 - [MESSAGE][PASSED] - Call Test Case 'Test Cases/Components/NavigateToHomepageHeaders' successfully

2020-06-02 15:05:04 - [TEST_STEP][PASSED] - callTestCase(findTestCase("Components/Filter"), ["taskDescription":"Process Case (PSI-TOPCSC)"], STOP_ON_FAILURE): Call Test Case 'Test Cases/Components/Filter' successfully

2020-06-02 15:05:04 - [TEST_CASE][PASSED] - Test Cases/Components/Filter: Test Cases/Components/Filter

2020-06-02 15:05:04 - [TEST_STEP][PASSED] - Thread.sleep(5000): null

2020-06-02 15:05:09 - [TEST_STEP][PASSED] - waitForPageLoad(180): Wait for page load successfully

2020-06-02 15:05:09 - [MESSAGE][PASSED] - Wait for page load successfully

2020-06-02 15:05:09 - [TEST_STEP][PASSED] - waitForElementNotPresent(findTestObject("Objects.Filter/Page_ISPS2/div_Loading search result Please wait"), 180): Web element with id: 'Object Repository/Objects.Filter/Page_ISPS2/div_Loading search result Please wait' located by 'By.xpath: //div[@class = 'x-mask-msg-text' and (text() = 'Loading search result. Please wait...' or . = 'Loading search result. Please wait...')]' is not present after '180' second(s)

2020-06-02 15:05:09 - [MESSAGE][PASSED] - Web element with id: 'Object Repository/Objects.Filter/Page_ISPS2/div_Loading search result Please wait' located by 'By.xpath: //div[@class = 'x-mask-msg-text' and (text() = 'Loading search result. Please wait...' or . = 'Loading search result. Please wait...')]' is not present after '180' second(s)

2020-06-02 15:05:09 - [TEST_STEP][PASSED] - click(findTestObject("Objects.Filter/Page_ISPS2/XP.Embutidooo")): Object: 'Object Repository/Objects.Filter/Page_ISPS2/XP.Embutidooo' is clicked on

2020-06-02 15:05:10 - [MESSAGE][PASSED] - Object: 'Object Repository/Objects.Filter/Page_ISPS2/XP.Embutidooo' is clicked on

2020-06-02 15:05:10 - [TEST_STEP][PASSED] - com.reusableComponents.HighlightElement.run(findTestObject("Objects.Filter/Page_ISPS2/span_Reset")): com.reusableComponents.HighlightElement.run is PASSED

2020-06-02 15:05:11 - [MESSAGE][PASSED] - com.reusableComponents.HighlightElement.run is PASSED

2020-06-02 15:05:11 - [TEST_STEP][PASSED] - click(findTestObject("Objects.Filter/Page_ISPS2/span_Reset")): Object: 'Object Repository/Objects.Filter/Page_ISPS2/span_Reset' is clicked on

2020-06-02 15:05:11 - [MESSAGE][PASSED] - Object: 'Object Repository/Objects.Filter/Page_ISPS2/span_Reset' is clicked on

2020-06-02 15:05:11 - [TEST_STEP][PASSED] - com.reusableComponents.HighlightElement.run(findTestObject("Objects.Filter/Page_ISPS2/TextBoxTaskDescription")): com.reusableComponents.HighlightElement.run is PASSED

2020-06-02 15:05:12 - [MESSAGE][PASSED] - com.reusableComponents.HighlightElement.run is PASSED

2020-06-02 15:05:12 - [TEST_STEP][PASSED] - setText(findTestObject("Objects.Filter/Page_ISPS2/TextBoxTaskDescription"), taskDescription): Text 'Process Case (PSI-TOPCSC)' is set on object 'Object Repository/Objects.Filter/Page_ISPS2/TextBoxTaskDescription'

2020-06-02 15:05:12 - [MESSAGE][PASSED] - Text 'Process Case (PSI-TOPCSC)' is set on object 'Object Repository/Objects.Filter/Page_ISPS2/TextBoxTaskDescription'

2020-06-02 15:05:12 - [TEST_STEP][PASSED] - caseType = taskDescription: null

2020-06-02 15:05:14 - [TEST_STEP][PASSED] - sendKeys(findTestObject("Objects.Filter/Page_ISPS2/TextBoxTaskDescription"), Keys.chord(ENTER)): Keys 'ENTER + ' sent to object: 'Object Repository/Objects.Filter/Page_ISPS2/TextBoxTaskDescription'

2020-06-02 15:05:14 - [MESSAGE][PASSED] - Keys 'ENTER + ' sent to object: 'Object Repository/Objects.Filter/Page_ISPS2/TextBoxTaskDescription'

2020-06-02 15:05:14 - [TEST_STEP][PASSED] - com.reusableComponents.HighlightElement.run(findTestObject("Objects.Filter/Page_ISPS2/span_Search")): com.reusableComponents.HighlightElement.run is PASSED

2020-06-02 15:05:15 - [MESSAGE][PASSED] - com.reusableComponents.HighlightElement.run is PASSED

2020-06-02 15:05:15 - [TEST_STEP][PASSED] - click(findTestObject("Objects.Filter/Page_ISPS2/span_Search")): Object: 'Object Repository/Objects.Filter/Page_ISPS2/span_Search' is clicked on

2020-06-02 15:05:16 - [MESSAGE][PASSED] - Object: 'Object Repository/Objects.Filter/Page_ISPS2/span_Search' is clicked on

2020-06-02 15:05:16 - [TEST_STEP][NOT_RUN] - verifyTextPresent("Loading search result. Please wait...", false): NOT_RUN: verifyTextPresent("Loading search result. Please wait...", false)

2020-06-02 15:05:16 - [MESSAGE][NOT_RUN] - NOT_RUN: verifyTextPresent("Loading search result. Please wait...", false)

2020-06-02 15:05:16 - [TEST_STEP][NOT_RUN] - waitForElementNotPresent(findTestObject("Objects.Filter/Page_ISPS2/div_Loading search result Please wait"), 120): NOT_RUN: waitForElementNotPresent(findTestObject("Objects.Filter/Page_ISPS2/div_Loading search result Please wait"), 120)

2020-06-02 15:05:16 - [MESSAGE][NOT_RUN] - NOT_RUN: waitForElementNotPresent(findTestObject("Objects.Filter/Page_ISPS2/div_Loading search result Please wait"), 120)

2020-06-02 15:05:16 - [TEST_STEP][PASSED] - Thread.sleep(5000): null

2020-06-02 15:05:21 - [MESSAGE][PASSED] - Call Test Case 'Test Cases/Components/Filter' successfully

2020-06-02 15:05:21 - [TEST_STEP][PASSED] - callTestCase(findTestCase("Components/ClickLinkDependingOnTextAndIndex"), ["linkName":"Process Case (PSI-TOPCSC)", "index":"1"], STOP_ON_FAILURE): Call Test Case 'Test Cases/Components/ClickLinkDependingOnTextAndIndex' successfully

2020-06-02 15:05:21 - [TEST_CASE][PASSED] - Test Cases/Components/ClickLinkDependingOnTextAndIndex: Test Cases/Components/ClickLinkDependingOnTextAndIndex

2020-06-02 15:05:21 - [TEST_STEP][PASSED] - Thread.sleep(1000): null

2020-06-02 15:05:22 - [TEST_STEP][PASSED] - println(linkName): null

2020-06-02 15:05:22 - [TEST_STEP][PASSED] - println(index): null

2020-06-02 15:05:22 - [TEST_STEP][PASSED] - modifiedLink = modifyObjectProperty(findTestObject("Objects.ClickLinkDependingOnTextAndIndex/linkToModify"), "xpath", "equals", "(//a[text()="" + linkName + ""])[" + index + "]", true): Modify property of object successfully

2020-06-02 15:05:22 - [MESSAGE][PASSED] - Modify property of object successfully

2020-06-02 15:05:22 - [TEST_STEP][PASSED] - Thread.sleep(5000): null

2020-06-02 15:05:27 - [TEST_STEP][PASSED] - com.reusableComponents.HighlightElement.run(modifiedLink): com.reusableComponents.HighlightElement.run is PASSED

2020-06-02 15:05:28 - [MESSAGE][PASSED] - com.reusableComponents.HighlightElement.run is PASSED

2020-06-02 15:05:28 - [TEST_STEP][PASSED] - click(modifiedLink): Object: 'Object Repository/Objects.ClickLinkDependingOnTextAndIndex/linkToModify' is clicked on

2020-06-02 15:05:28 - [MESSAGE][PASSED] - Object: 'Object Repository/Objects.ClickLinkDependingOnTextAndIndex/linkToModify' is clicked on

2020-06-02 15:05:28 - [MESSAGE][PASSED] - Call Test Case 'Test Cases/Components/ClickLinkDependingOnTextAndIndex' successfully

2020-06-02 15:05:28 - [TEST_STEP][PASSED] - callTestCase(findTestCase("Components/VerifyPageSuccessfullyLoadedII"), ["PageNm":"Summary"], STOP_ON_FAILURE): Call Test Case 'Test Cases/Components/VerifyPageSuccessfullyLoadedII' successfully

2020-06-02 15:05:28 - [TEST_CASE][PASSED] - Test Cases/Components/VerifyPageSuccessfullyLoadedII: Test Cases/Components/VerifyPageSuccessfullyLoadedII

2020-06-02 15:05:28 - [TEST_STEP][PASSED] - Thread.sleep(1000): null

2020-06-02 15:05:29 - [TEST_STEP][PASSED] - modifiedInputFld = modifyObjectProperty(findTestObject("Object Repository/Objects.VerifyPageSuccessfullyLoaded/PageHeaderIndex"), "xpath", "equals", "//*[contains(@class,'isps-page-title') and (text()='" + PageNm + "')]", true): Modify property of object successfully

2020-06-02 15:05:29 - [MESSAGE][PASSED] - Modify property of object successfully

2020-06-02 15:05:29 - [TEST_STEP][PASSED] - com.reusableComponents.HighlightElement.run(modifiedInputFld): com.reusableComponents.HighlightElement.run is PASSED

2020-06-02 15:05:42 - [MESSAGE][PASSED] - com.reusableComponents.HighlightElement.run is PASSED

2020-06-02 15:05:42 - [MESSAGE][PASSED] - Call Test Case 'Test Cases/Components/VerifyPageSuccessfullyLoadedII' successfully

2020-06-02 15:05:42 - [TEST_STEP][PASSED] - callTestCase(findTestCase("Components/NavigateToAnyLHS"), ["LHS":"Process PSI-TOP/CSC Details"], STOP_ON_FAILURE): Call Test Case 'Test Cases/Components/NavigateToAnyLHS' successfully

2020-06-02 15:05:42 - [TEST_CASE][PASSED] - Test Cases/Components/NavigateToAnyLHS: Test Cases/Components/NavigateToAnyLHS

2020-06-02 15:05:42 - [TEST_STEP][PASSED] - Thread.sleep(1000): null

2020-06-02 15:05:43 - [TEST_STEP][PASSED] - modifiedLHS = modifyObjectProperty(findTestObject("Objects.NavigateToAnyLHS/Page_ISPS2/LHSToModify"), "text", "equals", LHS, true): Modify property of object successfully

2020-06-02 15:05:43 - [MESSAGE][PASSED] - Modify property of object successfully

2020-06-02 15:05:43 - [TEST_STEP][PASSED] - click(modifiedLHS): Object: 'Object Repository/Objects.NavigateToAnyLHS/Page_ISPS2/LHSToModify' is clicked on

2020-06-02 15:05:43 - [MESSAGE][PASSED] - Object: 'Object Repository/Objects.NavigateToAnyLHS/Page_ISPS2/LHSToModify' is clicked on

2020-06-02 15:05:43 - [TEST_STEP][PASSED] - currentLHS = getText(modifiedLHS): Text of object 'Object Repository/Objects.NavigateToAnyLHS/Page_ISPS2/LHSToModify' is: 'Process PSI-TOP/CSC Details'

2020-06-02 15:05:46 - [MESSAGE][PASSED] - Text of object 'Object Repository/Objects.NavigateToAnyLHS/Page_ISPS2/LHSToModify' is: 'Process PSI-TOP/CSC Details'

2020-06-02 15:05:46 - [TEST_STEP][PASSED] - Thread.sleep(5000): null

2020-06-02 15:05:51 - [MESSAGE][PASSED] - Call Test Case 'Test Cases/Components/NavigateToAnyLHS' successfully

2020-06-02 15:05:51 - [TEST_STEP][PASSED] - callTestCase(findTestCase("Components/VerifyPageSuccessfullyLoadedII"), ["PageNm":"Main Form"], STOP_ON_FAILURE): Call Test Case 'Test Cases/Components/VerifyPageSuccessfullyLoadedII' successfully

2020-06-02 15:05:51 - [TEST_CASE][PASSED] - Test Cases/Components/VerifyPageSuccessfullyLoadedII: Test Cases/Components/VerifyPageSuccessfullyLoadedII

2020-06-02 15:05:51 - [TEST_STEP][PASSED] - Thread.sleep(1000): null

2020-06-02 15:05:52 - [TEST_STEP][PASSED] - modifiedInputFld = modifyObjectProperty(findTestObject("Object Repository/Objects.VerifyPageSuccessfullyLoaded/PageHeaderIndex"), "xpath", "equals", "//*[contains(@class,'isps-page-title') and (text()='" + PageNm + "')]", true): Modify property of object successfully

2020-06-02 15:05:52 - [MESSAGE][PASSED] - Modify property of object successfully

2020-06-02 15:05:52 - [TEST_STEP][PASSED] - com.reusableComponents.HighlightElement.run(modifiedInputFld): com.reusableComponents.HighlightElement.run is PASSED

2020-06-02 15:05:53 - [MESSAGE][PASSED] - com.reusableComponents.HighlightElement.run is PASSED

2020-06-02 15:05:53 - [MESSAGE][PASSED] - Call Test Case 'Test Cases/Components/VerifyPageSuccessfullyLoadedII' successfully

2020-06-02 15:05:53 - [TEST_STEP][PASSED] - callTestCase(findTestCase("Components/HighlightLabelFieldXPI"), ["LblName":"Actions", "index":1], STOP_ON_FAILURE): Call Test Case 'Test Cases/Components/HighlightLabelFieldXPI' successfully

2020-06-02 15:05:53 - [TEST_CASE][PASSED] - Test Cases/Components/HighlightLabelFieldXPI: Test Cases/Components/HighlightLabelFieldXPI

2020-06-02 15:05:53 - [TEST_STEP][PASSED] - Thread.sleep(1000): null

2020-06-02 15:05:54 - [TEST_STEP][PASSED] - modifiedLblNm = modifyObjectProperty(findTestObject("Object Repository/Objects.HighlightElements/lblField_index"), "xpath", "equals", "(//*[contains(@class, 'x-form-item-label-inner x-form-item-label-inner-default') and contains(., '" + LblName + "')])[" + index + "]", true): Modify property of object successfully

2020-06-02 15:05:54 - [MESSAGE][PASSED] - Modify property of object successfully

2020-06-02 15:05:54 - [TEST_STEP][PASSED] - com.reusableComponents.HighlightElement.run(modifiedLblNm): com.reusableComponents.HighlightElement.run is PASSED

2020-06-02 15:05:55 - [MESSAGE][PASSED] - com.reusableComponents.HighlightElement.run is PASSED

2020-06-02 15:05:55 - [MESSAGE][PASSED] - Call Test Case 'Test Cases/Components/HighlightLabelFieldXPI' successfully

2020-06-02 15:05:55 - [TEST_STEP][PASSED] - callTestCase(findTestCase("Components/HighlightInputFieldXPI"), ["FldNm":"NovaComboBox", "index":2], STOP_ON_FAILURE): Call Test Case 'Test Cases/Components/HighlightInputFieldXPI' successfully

2020-06-02 15:05:55 - [TEST_CASE][PASSED] - Test Cases/Components/HighlightInputFieldXPI: Test Cases/Components/HighlightInputFieldXPI

2020-06-02 15:05:55 - [TEST_STEP][PASSED] - Thread.sleep(1000): null

2020-06-02 15:05:56 - [TEST_STEP][PASSED] - modifiedInputNm = modifyObjectProperty(findTestObject("Object Repository/Objects.HighlightElements/input_field_index"), "xpath", "equals", "(//*[contains(@name, '" + FldNm + "')])[" + index + "]", true): Modify property of object successfully

2020-06-02 15:05:56 - [MESSAGE][PASSED] - Modify property of object successfully

2020-06-02 15:05:56 - [TEST_STEP][PASSED] - com.reusableComponents.HighlightElement.run(modifiedInputNm): com.reusableComponents.HighlightElement.run is PASSED

2020-06-02 15:05:57 - [MESSAGE][PASSED] - com.reusableComponents.HighlightElement.run is PASSED

2020-06-02 15:05:57 - [MESSAGE][PASSED] - Call Test Case 'Test Cases/Components/HighlightInputFieldXPI' successfully

2020-06-02 15:05:57 - [TEST_STEP][PASSED] - callTestCase(findTestCase("Components/ClickDropDownField"), ["Index":8], STOP_ON_FAILURE): Call Test Case 'Test Cases/Components/ClickDropDownField' successfully

2020-06-02 15:05:57 - [TEST_CASE][PASSED] - Test Cases/Components/ClickDropDownField: Test Cases/Components/ClickDropDownField

2020-06-02 15:05:57 - [TEST_STEP][PASSED] - Thread.sleep(1000): null

2020-06-02 15:05:58 - [TEST_STEP][PASSED] - modifiedDropdown = modifyObjectProperty(findTestObject("Objects.ClickDropDownField/dropdownfield"), "xpath", "equals", "(//*[contains(@class,'x-form-arrow-trigger')])[" + Index + "]", true): Modify property of object successfully

2020-06-02 15:05:58 - [MESSAGE][PASSED] - Modify property of object successfully

2020-06-02 15:05:58 - [TEST_STEP][PASSED] - com.reusableComponents.HighlightElement.run(modifiedDropdown): com.reusableComponents.HighlightElement.run is PASSED

2020-06-02 15:05:59 - [MESSAGE][PASSED] - com.reusableComponents.HighlightElement.run is PASSED

2020-06-02 15:05:59 - [TEST_STEP][PASSED] - click(modifiedDropdown): Object: 'Object Repository/Objects.ClickDropDownField/dropdownfield' is clicked on

2020-06-02 15:05:59 - [MESSAGE][PASSED] - Object: 'Object Repository/Objects.ClickDropDownField/dropdownfield' is clicked on

2020-06-02 15:05:59 - [TEST_STEP][PASSED] - click(modifiedDropdown): Object: 'Object Repository/Objects.ClickDropDownField/dropdownfield' is clicked on

2020-06-02 15:06:00 - [MESSAGE][PASSED] - Object: 'Object Repository/Objects.ClickDropDownField/dropdownfield' is clicked on

2020-06-02 15:06:00 - [MESSAGE][PASSED] - Call Test Case 'Test Cases/Components/ClickDropDownField' successfully

2020-06-02 15:06:00 - [TEST_STEP][PASSED] - callTestCase(findTestCase("Components/ClickBlueButtonsWithXPI"), ["Button":"Reset", "Index":3], STOP_ON_FAILURE): Call Test Case 'Test Cases/Components/ClickBlueButtonsWithXPI' successfully

2020-06-02 15:06:00 - [TEST_CASE][PASSED] - Test Cases/Components/ClickBlueButtonsWithXPI: Test Cases/Components/ClickBlueButtonsWithXPI

2020-06-02 15:06:00 - [TEST_STEP][PASSED] - Thread.sleep(1000): null

2020-06-02 15:06:01 - [TEST_STEP][PASSED] - complexlyModifiedButtonGG = modifyObjectProperty(findTestObject("Objects.ClickBlueButtonsWithXPI/span_Reset"), "xPath", "equals", "(//*[text()="" + Button + ""])[" + Index + "]", true): Modify property of object successfully

2020-06-02 15:06:01 - [MESSAGE][PASSED] - Modify property of object successfully

2020-06-02 15:06:01 - [TEST_STEP][PASSED] - click(complexlyModifiedButtonGG): Object: 'Object Repository/Objects.ClickBlueButtonsWithXPI/span_Reset' is clicked on

2020-06-02 15:06:01 - [MESSAGE][PASSED] - Object: 'Object Repository/Objects.ClickBlueButtonsWithXPI/span_Reset' is clicked on

2020-06-02 15:06:01 - [MESSAGE][PASSED] - Call Test Case 'Test Cases/Components/ClickBlueButtonsWithXPI' successfully

2020-06-02 15:06:01 - [TEST_STEP][PASSED] - callTestCase(findTestCase("PFI Precision and Scale/PFI Components/RequiredIconValidation"), ["index":1], STOP_ON_FAILURE): Call Test Case 'Test Cases/PFI Precision and Scale/PFI Components/RequiredIconValidation' successfully

2020-06-02 15:06:01 - [TEST_CASE][PASSED] - Test Cases/PFI Precision and Scale/PFI Components/RequiredIconValidation: Test Cases/PFI Precision and Scale/PFI Components/RequiredIconValidation

2020-06-02 15:06:01 - [TEST_STEP][PASSED] - enableSmartWait(): null

2020-06-02 15:06:01 - [TEST_STEP][PASSED] - modifiedIcon = modifyObjectProperty(findTestObject("Object Repository/Objects.ReusableObjects/ErrorIcon"), "xpath", "equals", "(//*[contains(@class,'x-form-error-msg x-form-invalid-icon')])[" + index + "]", true): Modify property of object successfully

2020-06-02 15:06:02 - [MESSAGE][PASSED] - Modify property of object successfully

2020-06-02 15:06:02 - [TEST_STEP][PASSED] - mouseOver(modifiedIcon): Object: 'Object Repository/Objects.ReusableObjects/ErrorIcon' is hovered

2020-06-02 15:06:02 - [MESSAGE][PASSED] - Object: 'Object Repository/Objects.ReusableObjects/ErrorIcon' is hovered

2020-06-02 15:06:02 - [TEST_STEP][PASSED] - com.reusableComponents.HighlightElement.run(modifiedIcon): com.reusableComponents.HighlightElement.run is PASSED

2020-06-02 15:06:03 - [MESSAGE][PASSED] - com.reusableComponents.HighlightElement.run is PASSED

2020-06-02 15:06:03 - [TEST_STEP][PASSED] - getRqErrMsg = getAttribute(modifiedIcon, "data-errorqtip"): Attribute 'data-errorqtip' of object 'Object Repository/Objects.ReusableObjects/ErrorIcon' is: '<ul class="x-list-plain"><li>This field is required</li></ul>'

2020-06-02 15:06:03 - [MESSAGE][PASSED] - Attribute 'data-errorqtip' of object 'Object Repository/Objects.ReusableObjects/ErrorIcon' is: '<ul class="x-list-plain"><li>This field is required</li></ul>'

2020-06-02 15:06:03 - [TEST_STEP][PASSED] - strToolTip = getRqErrMsg.substring(29, 61): null

2020-06-02 15:06:03 - [TEST_STEP][PASSED] - toolTipReqErrMsg = strToolTip.substring(0, 22): null

2020-06-02 15:06:03 - [TEST_STEP][PASSED] - verifyMatch(toolTipReqErrMsg, RqField, true): Actual text 'This field is required' and expected text 'This field is required' are matched  using regular expression

2020-06-02 15:06:03 - [MESSAGE][PASSED] - Actual text 'This field is required' and expected text 'This field is required' are matched  using regular expression

2020-06-02 15:06:03 - [MESSAGE][PASSED] - Call Test Case 'Test Cases/PFI Precision and Scale/PFI Components/RequiredIconValidation' successfully

2020-06-02 15:06:03 - [TEST_STEP][PASSED] - callTestCase(findTestCase("PFI Precision and Scale/PFI Components with Indexing/VerifyDisabledDropdownValuesXPI"), ["FldNm":"NovaComboBox", "index":2, "CallTCName":"PFI Precision and Scale/HashMap Tables/ConstantHashMap", "cmbNm":"Actions", ... ], STOP_ON_FAILURE): Call Test Case 'Test Cases/PFI Precision and Scale/PFI Components with Indexing/VerifyDisabledDropdownValuesXPI' successfully

2020-06-02 15:06:03 - [TEST_CASE][PASSED] - Test Cases/PFI Precision and Scale/PFI Components with Indexing/VerifyDisabledDropdownValuesXPI: Test Cases/PFI Precision and Scale/PFI Components with Indexing/VerifyDisabledDropdownValuesXPI

2020-06-02 15:06:03 - [TEST_STEP][PASSED] - Thread.sleep(1000): null

2020-06-02 15:06:04 - [TEST_STEP][PASSED] - NewInputNmField = modifyObjectProperty(findTestObject("Object Repository/Objects.HighlightElements/input_field_index"), "xpath", "equals", "(//*[contains(@name, '" + FldNm + "')])[" + index + "]", true): Modify property of object successfully

2020-06-02 15:06:04 - [MESSAGE][PASSED] - Modify property of object successfully

2020-06-02 15:06:04 - [TEST_STEP][PASSED] - comboNm = cmbNm: null

2020-06-02 15:06:04 - [TEST_STEP][PASSED] - for ([i = 1, i <= NoOfVal, (i++)]): Keys 'DOWN + ' sent to object: 'Object Repository/Objects.HighlightElements/input_field_index'

2020-06-02 15:06:04 - [TEST_STEP][PASSED] - sendKeys(NewInputNmField, Keys.chord(ARROW_DOWN)): Keys 'DOWN + ' sent to object: 'Object Repository/Objects.HighlightElements/input_field_index'

2020-06-02 15:06:05 - [MESSAGE][PASSED] - Keys 'DOWN + ' sent to object: 'Object Repository/Objects.HighlightElements/input_field_index'

2020-06-02 15:06:05 - [TEST_STEP][PASSED] - delay(DelayTime): Delayed 2 second(s)

2020-06-02 15:06:07 - [MESSAGE][PASSED] - Delayed 2 second(s)

2020-06-02 15:06:07 - [TEST_STEP][PASSED] - sendKeys(NewInputNmField, Keys.chord(ENTER)): Keys 'ENTER + ' sent to object: 'Object Repository/Objects.HighlightElements/input_field_index'

2020-06-02 15:06:07 - [MESSAGE][PASSED] - Keys 'ENTER + ' sent to object: 'Object Repository/Objects.HighlightElements/input_field_index'

2020-06-02 15:06:07 - [TEST_STEP][PASSED] - ComboBoxValue = getAttribute(NewInputNmField, "value"): Attribute 'value' of object 'Object Repository/Objects.HighlightElements/input_field_index' is: 'Remove Work Item'

2020-06-02 15:06:07 - [MESSAGE][PASSED] - Attribute 'value' of object 'Object Repository/Objects.HighlightElements/input_field_index' is: 'Remove Work Item'

2020-06-02 15:06:07 - [TEST_STEP][PASSED] - callTestCase(findTestCase(CallTCName), ["FindValue":ComboBoxValue, "DropdownNm":comboNm], STOP_ON_FAILURE): Call Test Case 'Test Cases/PFI Precision and Scale/HashMap Tables/ConstantHashMap' successfully

2020-06-02 15:06:08 - [TEST_CASE][PASSED] - Test Cases/PFI Precision and Scale/HashMap Tables/ConstantHashMap: Test Cases/PFI Precision and Scale/HashMap Tables/ConstantHashMap

2020-06-02 15:06:08 - [TEST_STEP][PASSED] - ConstantTBL = [1:["PeriodType":"Working Day(s)"], 2:["PeriodType":"Calendar Day(s)"], 3:["PeriodType":"Month(s)"], 4:["TypeOfLetter":"T1"], ... ]: null

2020-06-02 15:06:08 - [TEST_STEP][PASSED] - switch (DropdownNm): null

2020-06-02 15:06:08 - [TEST_STEP][PASSED] - case "Actions":: null

2020-06-02 15:06:08 - [TEST_STEP][PASSED] - ValueFound = ConstantTBL.find({ -> ... }): null

2020-06-02 15:06:08 - [TEST_STEP][PASSED] - break: null

2020-06-02 15:06:08 - [MESSAGE][PASSED] - Call Test Case 'Test Cases/PFI Precision and Scale/HashMap Tables/ConstantHashMap' successfully

2020-06-02 15:06:08 - [TEST_STEP][PASSED] - println(ValueFound): null

2020-06-02 15:06:08 - [TEST_STEP][PASSED] - sendKeys(NewInputNmField, Keys.chord(ARROW_DOWN)): Keys 'DOWN + ' sent to object: 'Object Repository/Objects.HighlightElements/input_field_index'

2020-06-02 15:06:08 - [MESSAGE][PASSED] - Keys 'DOWN + ' sent to object: 'Object Repository/Objects.HighlightElements/input_field_index'

2020-06-02 15:06:08 - [TEST_STEP][PASSED] - sendKeys(NewInputNmField, Keys.chord(ENTER)): Keys 'ENTER + ' sent to object: 'Object Repository/Objects.HighlightElements/input_field_index'

2020-06-02 15:06:09 - [MESSAGE][PASSED] - Keys 'ENTER + ' sent to object: 'Object Repository/Objects.HighlightElements/input_field_index'

2020-06-02 15:06:09 - [MESSAGE][PASSED] - Call Test Case 'Test Cases/PFI Precision and Scale/PFI Components with Indexing/VerifyDisabledDropdownValuesXPI' successfully

2020-06-02 15:06:09 - [TEST_STEP][PASSED] - callTestCase(findTestCase("Components/ScrollDownToElementIndex"), ["labelNm":"HOUSE(H)/BUILDING NAME(B)", "index":1], STOP_ON_FAILURE): Call Test Case 'Test Cases/Components/ScrollDownToElementIndex' successfully

2020-06-02 15:06:09 - [TEST_CASE][PASSED] - Test Cases/Components/ScrollDownToElementIndex: Test Cases/Components/ScrollDownToElementIndex

2020-06-02 15:06:09 - [TEST_STEP][PASSED] - Thread.sleep(2000): null

2020-06-02 15:06:11 - [TEST_STEP][PASSED] - modifiedElementName = modifyObjectProperty(findTestObject("Objects.ReusableObjects/LabelField"), "xpath", "equals", "(//*[text()='" + labelNm + "'])[" + index + "]", true): Modify property of object successfully

2020-06-02 15:06:11 - [MESSAGE][PASSED] - Modify property of object successfully

2020-06-02 15:06:11 - [TEST_STEP][PASSED] - scrollToElement(modifiedElementName, 0): Scroll to object 'Object Repository/Objects.ReusableObjects/LabelField' successfully

2020-06-02 15:06:11 - [MESSAGE][WARNING] - Timeout '0' is invalid. Using default page load timeout: '30'

2020-06-02 15:06:11 - [MESSAGE][PASSED] - Scroll to object 'Object Repository/Objects.ReusableObjects/LabelField' successfully

2020-06-02 15:06:11 - [MESSAGE][PASSED] - Call Test Case 'Test Cases/Components/ScrollDownToElementIndex' successfully

2020-06-02 15:06:11 - [TEST_STEP][PASSED] - callTestCase(findTestCase("PFI Precision and Scale/PFI Components with Indexing/VerifyCellGridDropdown"), ["index":8], STOP_ON_FAILURE): Call Test Case 'Test Cases/PFI Precision and Scale/PFI Components with Indexing/VerifyCellGridDropdown' successfully

2020-06-02 15:06:11 - [TEST_CASE][PASSED] - Test Cases/PFI Precision and Scale/PFI Components with Indexing/VerifyCellGridDropdown: Test Cases/PFI Precision and Scale/PFI Components with Indexing/VerifyCellGridDropdown

2020-06-02 15:06:12 - [TEST_STEP][PASSED] - Thread.sleep(1000): null

2020-06-02 15:06:13 - [TEST_STEP][PASSED] - HB = [1:"H", 2:"B"]: null

2020-06-02 15:06:13 - [TEST_STEP][PASSED] - modifiedCellGDD = modifyObjectProperty(findTestObject("Objects.ReusableObjects/CellGridDropdown"), "xpath", "equals", "//div[contains(@class,'x-grid-row-checker')]//following::div[" + index + "]", true): Modify property of object successfully

2020-06-02 15:06:13 - [MESSAGE][PASSED] - Modify property of object successfully

2020-06-02 15:06:13 - [TEST_STEP][PASSED] - click(modifiedCellGDD): Object: 'Object Repository/Objects.ReusableObjects/CellGridDropdown' is clicked on

2020-06-02 15:06:13 - [MESSAGE][PASSED] - Object: 'Object Repository/Objects.ReusableObjects/CellGridDropdown' is clicked on

2020-06-02 15:06:13 - [TEST_STEP][PASSED] - NoOfVal = HB.size(): null

2020-06-02 15:06:13 - [TEST_STEP][PASSED] - for (def NoOfVal : HB): Delayed 5 second(s)

2020-06-02 15:06:13 - [TEST_STEP][PASSED] - SetValue = value: null

2020-06-02 15:06:13 - [TEST_STEP][PASSED] - modifiedOptionVal = modifyObjectProperty(findTestObject("Objects.ReusableObjects/SelectOptionDropdown"), "value", "equals", SetValue, true): Modify property of object successfully

2020-06-02 15:06:13 - [MESSAGE][PASSED] - Modify property of object successfully

2020-06-02 15:06:13 - [TEST_STEP][PASSED] - delay(5): Delayed 5 second(s)

2020-06-02 15:06:18 - [MESSAGE][PASSED] - Delayed 5 second(s)

2020-06-02 15:06:18 - [TEST_STEP][PASSED] - click(modifiedOptionVal): Object: 'Object Repository/Objects.ReusableObjects/SelectOptionDropdown' is clicked on

2020-06-02 15:06:19 - [MESSAGE][PASSED] - Object: 'Object Repository/Objects.ReusableObjects/SelectOptionDropdown' is clicked on

2020-06-02 15:06:19 - [TEST_STEP][PASSED] - delay(5): Delayed 5 second(s)

2020-06-02 15:06:24 - [MESSAGE][PASSED] - Delayed 5 second(s)

2020-06-02 15:06:24 - [TEST_STEP][PASSED] - SetValue = value: null

2020-06-02 15:06:24 - [TEST_STEP][PASSED] - modifiedOptionVal = modifyObjectProperty(findTestObject("Objects.ReusableObjects/SelectOptionDropdown"), "value", "equals", SetValue, true): Modify property of object successfully

2020-06-02 15:06:24 - [MESSAGE][PASSED] - Modify property of object successfully

2020-06-02 15:06:24 - [TEST_STEP][PASSED] - delay(5): Delayed 5 second(s)

2020-06-02 15:06:29 - [MESSAGE][PASSED] - Delayed 5 second(s)

2020-06-02 15:06:29 - [TEST_STEP][PASSED] - click(modifiedOptionVal): Object: 'Object Repository/Objects.ReusableObjects/SelectOptionDropdown' is clicked on

2020-06-02 15:06:29 - [MESSAGE][PASSED] - Object: 'Object Repository/Objects.ReusableObjects/SelectOptionDropdown' is clicked on

2020-06-02 15:06:29 - [TEST_STEP][PASSED] - delay(5): Delayed 5 second(s)

2020-06-02 15:06:34 - [MESSAGE][PASSED] - Delayed 5 second(s)

2020-06-02 15:06:34 - [MESSAGE][PASSED] - Call Test Case 'Test Cases/PFI Precision and Scale/PFI Components with Indexing/VerifyCellGridDropdown' successfully

2020-06-02 15:06:34 - [TEST_STEP][PASSED] - callTestCase(findTestCase("PFI Precision and Scale/PFI Components with Indexing/InputCellGridValidation"), ["LenChar":5], STOP_ON_FAILURE): Call Test Case 'Test Cases/PFI Precision and Scale/PFI Components with Indexing/InputCellGridValidation' successfully

2020-06-02 15:06:34 - [TEST_CASE][PASSED] - Test Cases/PFI Precision and Scale/PFI Components with Indexing/InputCellGridValidation: Test Cases/PFI Precision and Scale/PFI Components with Indexing/InputCellGridValidation

2020-06-02 15:06:34 - [TEST_STEP][PASSED] - Thread.sleep(1000): null

2020-06-02 15:06:35 - [TEST_STEP][PASSED] - charset = /?><"".join(): null

2020-06-02 15:06:35 - [TEST_STEP][PASSED] - AlphaNumeric = 9).join(): null

2020-06-02 15:06:35 - [TEST_STEP][PASSED] - SpecialChar = "`~!@#$%^&*()-=+_{}|\][;'":,./?><"": null

2020-06-02 15:06:35 - [TEST_STEP][PASSED] - RandomString = RandomStringUtils.random(LenChar, AlphaNumeric.toCharArray()): null

2020-06-02 15:06:35 - [TEST_STEP][PASSED] - RdmSpChar = RandomStringUtils.random(LenChar, SpecialChar): null

2020-06-02 15:06:35 - [TEST_STEP][PASSED] - regexPat = Pattern.compile("^[A-Za-z0-9 ]+$"): null

2020-06-02 15:06:35 - [TEST_STEP][PASSED] - "Modify Input field property/attribute": null

2020-06-02 15:06:35 - [TEST_STEP][PASSED] - setText(findTestObject("Objects.ReusableObjects/CellGridInput"), RandomString): Text 'q4C9g' is set on object 'Object Repository/Objects.ReusableObjects/CellGridInput'

2020-06-02 15:06:36 - [MESSAGE][PASSED] - Text 'q4C9g' is set on object 'Object Repository/Objects.ReusableObjects/CellGridInput'

2020-06-02 15:06:36 - [TEST_STEP][PASSED] - RemarksAN = getAttribute(findTestObject("Objects.ReusableObjects/CellGridInput"), "value"): Attribute 'value' of object 'Object Repository/Objects.ReusableObjects/CellGridInput' is: 'q4C9g'

2020-06-02 15:06:36 - [MESSAGE][PASSED] - Attribute 'value' of object 'Object Repository/Objects.ReusableObjects/CellGridInput' is: 'q4C9g'

2020-06-02 15:06:36 - [TEST_STEP][PASSED] - matchStr = regexPat.matcher(RemarksAN): null

2020-06-02 15:06:36 - [TEST_STEP][PASSED] - if (matchStr.matches() == true): Accepting Alphanumeric

2020-06-02 15:06:36 - [TEST_STEP][PASSED] - comment("Accepting Alphanumeric"): Accepting Alphanumeric

2020-06-02 15:06:36 - [MESSAGE][INFO] - Accepting Alphanumeric

2020-06-02 15:06:36 - [TEST_STEP][PASSED] - setText(findTestObject("Objects.ReusableObjects/CellGridInput"), RdmSpChar): Text '=[*~<' is set on object 'Object Repository/Objects.ReusableObjects/CellGridInput'

2020-06-02 15:06:36 - [MESSAGE][PASSED] - Text '=[*~<' is set on object 'Object Repository/Objects.ReusableObjects/CellGridInput'

2020-06-02 15:06:36 - [TEST_STEP][PASSED] - RemarksSpChar = getAttribute(findTestObject("Objects.ReusableObjects/CellGridInput"), "value"): Attribute 'value' of object 'Object Repository/Objects.ReusableObjects/CellGridInput' is: '=[*~<'

2020-06-02 15:06:37 - [MESSAGE][PASSED] - Attribute 'value' of object 'Object Repository/Objects.ReusableObjects/CellGridInput' is: '=[*~<'

2020-06-02 15:06:37 - [TEST_STEP][PASSED] - matchSp = regexPat.matcher(RemarksSpChar): null

2020-06-02 15:06:37 - [TEST_STEP][PASSED] - if (matchSp.matches() == false): Accepting Special Characters

2020-06-02 15:06:37 - [TEST_STEP][PASSED] - comment("Accepting Special Characters"): Accepting Special Characters

2020-06-02 15:06:37 - [MESSAGE][INFO] - Accepting Special Characters

2020-06-02 15:06:37 - [MESSAGE][PASSED] - Call Test Case 'Test Cases/PFI Precision and Scale/PFI Components with Indexing/InputCellGridValidation' successfully

2020-06-02 15:06:37 - [TEST_STEP][PASSED] - callTestCase(findTestCase("PFI Precision and Scale/PFI Components with Indexing/MaxInputGridCellValidation"), ["FieldNm":"HB", "MaxCharLen":22], STOP_ON_FAILURE): Call Test Case 'Test Cases/PFI Precision and Scale/PFI Components with Indexing/MaxInputGridCellValidation' successfully

2020-06-02 15:06:38 - [TEST_CASE][PASSED] - Test Cases/PFI Precision and Scale/PFI Components with Indexing/MaxInputGridCellValidation: Test Cases/PFI Precision and Scale/PFI Components with Indexing/MaxInputGridCellValidation

2020-06-02 15:06:38 - [TEST_STEP][PASSED] - Thread.sleep(1000): null

2020-06-02 15:06:39 - [TEST_STEP][PASSED] - CharLengthTBL = ["HB":20]: null

2020-06-02 15:06:39 - [TEST_STEP][PASSED] - charset = 9).join(): null

2020-06-02 15:06:39 - [TEST_STEP][PASSED] - RandomStringVal = RandomStringUtils.random(MaxCharLen, charset.toCharArray()): null

2020-06-02 15:06:39 - [TEST_STEP][PASSED] - setText(findTestObject("Objects.ReusableObjects/CellGridInput"), RandomStringVal): Text 'JYpyFsPiQkbLo4yPz9Q29V' is set on object 'Object Repository/Objects.ReusableObjects/CellGridInput'

2020-06-02 15:06:39 - [MESSAGE][PASSED] - Text 'JYpyFsPiQkbLo4yPz9Q29V' is set on object 'Object Repository/Objects.ReusableObjects/CellGridInput'

2020-06-02 15:06:39 - [TEST_STEP][PASSED] - GetInputValue = getAttribute(findTestObject("Objects.ReusableObjects/CellGridInput"), "value", STOP_ON_FAILURE): Attribute 'value' of object 'Object Repository/Objects.ReusableObjects/CellGridInput' is: 'JYpyFsPiQkbLo4yPz9Q2'

2020-06-02 15:06:40 - [MESSAGE][PASSED] - Attribute 'value' of object 'Object Repository/Objects.ReusableObjects/CellGridInput' is: 'JYpyFsPiQkbLo4yPz9Q2'

2020-06-02 15:06:40 - [TEST_STEP][PASSED] - GetLenChar = GetInputValue.length(): null

2020-06-02 15:06:40 - [TEST_STEP][PASSED] - MaxLength = CharLengthTBL.get(FieldNm): null

2020-06-02 15:06:40 - [TEST_STEP][PASSED] - if (MaxLength != null): Actual object '20' and expected object '20' are equal

2020-06-02 15:06:40 - [TEST_STEP][PASSED] - verifyEqual(GetLenChar, MaxLength): Actual object '20' and expected object '20' are equal

2020-06-02 15:06:40 - [MESSAGE][PASSED] - Actual object '20' and expected object '20' are equal

2020-06-02 15:06:40 - [MESSAGE][PASSED] - Call Test Case 'Test Cases/PFI Precision and Scale/PFI Components with Indexing/MaxInputGridCellValidation' successfully]]></system-out>
         <system-err><![CDATA[]]></system-err>
      </testcase>
      <testcase name="Test Cases/PFI Precision and Scale/PFI Test Cases/PFI - TOPCSC/RecommendTOPCSC" time="191.974" classname="Test Cases/PFI Precision and Scale/PFI Test Cases/PFI - TOPCSC/RecommendTOPCSC" status="PASSED">
         <system-out><![CDATA[2020-06-02 15:06:40 - [TEST_CASE][PASSED] - Test Cases/PFI Precision and Scale/PFI Test Cases/PFI - TOPCSC/RecommendTOPCSC: Test Cases/PFI Precision and Scale/PFI Test Cases/PFI - TOPCSC/RecommendTOPCSC

2020-06-02 15:06:40 - [TEST_STEP][PASSED] - callTestCase(findTestCase("Components/NavigateToAnyLHS"), ["LHS":"Recommend TOP/CSC Interface"], STOP_ON_FAILURE): Call Test Case 'Test Cases/Components/NavigateToAnyLHS' successfully

2020-06-02 15:06:40 - [TEST_CASE][PASSED] - Test Cases/Components/NavigateToAnyLHS: Test Cases/Components/NavigateToAnyLHS

2020-06-02 15:06:40 - [TEST_STEP][PASSED] - Thread.sleep(1000): null

2020-06-02 15:06:41 - [TEST_STEP][PASSED] - modifiedLHS = modifyObjectProperty(findTestObject("Objects.NavigateToAnyLHS/Page_ISPS2/LHSToModify"), "text", "equals", LHS, true): Modify property of object successfully

2020-06-02 15:06:41 - [MESSAGE][PASSED] - Modify property of object successfully

2020-06-02 15:06:41 - [TEST_STEP][PASSED] - click(modifiedLHS): Object: 'Object Repository/Objects.NavigateToAnyLHS/Page_ISPS2/LHSToModify' is clicked on

2020-06-02 15:06:41 - [MESSAGE][PASSED] - Object: 'Object Repository/Objects.NavigateToAnyLHS/Page_ISPS2/LHSToModify' is clicked on

2020-06-02 15:06:41 - [TEST_STEP][PASSED] - currentLHS = getText(modifiedLHS): Text of object 'Object Repository/Objects.NavigateToAnyLHS/Page_ISPS2/LHSToModify' is: 'Recommend TOP/CSC Interface'

2020-06-02 15:06:42 - [MESSAGE][PASSED] - Text of object 'Object Repository/Objects.NavigateToAnyLHS/Page_ISPS2/LHSToModify' is: 'Recommend TOP/CSC Interface'

2020-06-02 15:06:42 - [TEST_STEP][PASSED] - Thread.sleep(5000): null

2020-06-02 15:06:47 - [MESSAGE][PASSED] - Call Test Case 'Test Cases/Components/NavigateToAnyLHS' successfully

2020-06-02 15:06:47 - [TEST_STEP][PASSED] - callTestCase(findTestCase("Components/VerifyPageSuccessfullyLoadedII"), ["PageNm":"Recommend"], STOP_ON_FAILURE): Call Test Case 'Test Cases/Components/VerifyPageSuccessfullyLoadedII' successfully

2020-06-02 15:06:47 - [TEST_CASE][PASSED] - Test Cases/Components/VerifyPageSuccessfullyLoadedII: Test Cases/Components/VerifyPageSuccessfullyLoadedII

2020-06-02 15:06:47 - [TEST_STEP][PASSED] - Thread.sleep(1000): null

2020-06-02 15:06:48 - [TEST_STEP][PASSED] - modifiedInputFld = modifyObjectProperty(findTestObject("Object Repository/Objects.VerifyPageSuccessfullyLoaded/PageHeaderIndex"), "xpath", "equals", "//*[contains(@class,'isps-page-title') and (text()='" + PageNm + "')]", true): Modify property of object successfully

2020-06-02 15:06:48 - [MESSAGE][PASSED] - Modify property of object successfully

2020-06-02 15:06:48 - [TEST_STEP][PASSED] - com.reusableComponents.HighlightElement.run(modifiedInputFld): com.reusableComponents.HighlightElement.run is PASSED

2020-06-02 15:06:56 - [MESSAGE][PASSED] - com.reusableComponents.HighlightElement.run is PASSED

2020-06-02 15:06:56 - [MESSAGE][PASSED] - Call Test Case 'Test Cases/Components/VerifyPageSuccessfullyLoadedII' successfully

2020-06-02 15:06:56 - [TEST_STEP][PASSED] - callTestCase(findTestCase("Components/HighlightLabelFieldXPI"), ["LblName":"Recommend To", "index":1], STOP_ON_FAILURE): Call Test Case 'Test Cases/Components/HighlightLabelFieldXPI' successfully

2020-06-02 15:06:56 - [TEST_CASE][PASSED] - Test Cases/Components/HighlightLabelFieldXPI: Test Cases/Components/HighlightLabelFieldXPI

2020-06-02 15:06:56 - [TEST_STEP][PASSED] - Thread.sleep(1000): null

2020-06-02 15:06:57 - [TEST_STEP][PASSED] - modifiedLblNm = modifyObjectProperty(findTestObject("Object Repository/Objects.HighlightElements/lblField_index"), "xpath", "equals", "(//*[contains(@class, 'x-form-item-label-inner x-form-item-label-inner-default') and contains(., '" + LblName + "')])[" + index + "]", true): Modify property of object successfully

2020-06-02 15:06:57 - [MESSAGE][PASSED] - Modify property of object successfully

2020-06-02 15:06:57 - [TEST_STEP][PASSED] - com.reusableComponents.HighlightElement.run(modifiedLblNm): com.reusableComponents.HighlightElement.run is PASSED

2020-06-02 15:06:58 - [MESSAGE][PASSED] - com.reusableComponents.HighlightElement.run is PASSED

2020-06-02 15:06:58 - [MESSAGE][PASSED] - Call Test Case 'Test Cases/Components/HighlightLabelFieldXPI' successfully

2020-06-02 15:06:58 - [TEST_STEP][PASSED] - callTestCase(findTestCase("Components/HighlightInputIndexField"), ["InputName":"psiRecommendTo", "index":1], STOP_ON_FAILURE): Call Test Case 'Test Cases/Components/HighlightInputIndexField' successfully

2020-06-02 15:06:58 - [TEST_CASE][PASSED] - Test Cases/Components/HighlightInputIndexField: Test Cases/Components/HighlightInputIndexField

2020-06-02 15:06:58 - [TEST_STEP][PASSED] - Thread.sleep(1000): null

2020-06-02 15:06:59 - [TEST_STEP][PASSED] - modifiedInputFld = modifyObjectProperty(findTestObject("Objects.HighlightElements/input_field_index"), "xpath", "equals", "(//*[contains(@class,'x-form-text') and (@name='" + InputName + "')])[" + index + "]", true): Modify property of object successfully

2020-06-02 15:06:59 - [MESSAGE][PASSED] - Modify property of object successfully

2020-06-02 15:06:59 - [TEST_STEP][PASSED] - com.reusableComponents.HighlightElement.run(modifiedInputFld): com.reusableComponents.HighlightElement.run is PASSED

2020-06-02 15:06:59 - [MESSAGE][PASSED] - com.reusableComponents.HighlightElement.run is PASSED

2020-06-02 15:06:59 - [MESSAGE][PASSED] - Call Test Case 'Test Cases/Components/HighlightInputIndexField' successfully

2020-06-02 15:06:59 - [TEST_STEP][PASSED] - callTestCase(findTestCase("PFI Precision and Scale/PFI Components with Indexing/VerifyDropdownValuesIndex"), ["FldNm":"psiRecommendTo", "CallTCName":"PFI Precision and Scale/HashMap Tables/OfficerLists", "cmbNm":"", "NoOfVal":27, "DelayTime":2, ... ], STOP_ON_FAILURE): Call Test Case 'Test Cases/PFI Precision and Scale/PFI Components with Indexing/VerifyDropdownValuesIndex' successfully

2020-06-02 15:06:59 - [TEST_CASE][PASSED] - Test Cases/PFI Precision and Scale/PFI Components with Indexing/VerifyDropdownValuesIndex: Test Cases/PFI Precision and Scale/PFI Components with Indexing/VerifyDropdownValuesIndex

2020-06-02 15:07:00 - [TEST_STEP][PASSED] - Thread.sleep(1000): null

2020-06-02 15:07:01 - [TEST_STEP][PASSED] - NewInputNmField = modifyObjectProperty(findTestObject("Object Repository/Objects.HighlightElements/input_field_index"), "xpath", "equals", "(//*[contains(@class,'x-form-text') and (@name='" + FldNm + "')])[" + index + "]", true): Modify property of object successfully

2020-06-02 15:07:01 - [MESSAGE][PASSED] - Modify property of object successfully

2020-06-02 15:07:01 - [TEST_STEP][PASSED] - comboNm = cmbNm: null

2020-06-02 15:07:01 - [TEST_STEP][PASSED] - focus(NewInputNmField): Object: 'Object Repository/Objects.HighlightElements/input_field_index' is focused

2020-06-02 15:07:01 - [MESSAGE][PASSED] - Object: 'Object Repository/Objects.HighlightElements/input_field_index' is focused

2020-06-02 15:07:01 - [TEST_STEP][PASSED] - setText(NewInputNmField, EnterValue): Text '' is set on object 'Object Repository/Objects.HighlightElements/input_field_index'

2020-06-02 15:07:01 - [MESSAGE][PASSED] - Text '' is set on object 'Object Repository/Objects.HighlightElements/input_field_index'

2020-06-02 15:07:01 - [TEST_STEP][PASSED] - for ([i = 1, i <= NoOfVal, (i++)]): Keys 'DOWN + ' sent to object: 'Object Repository/Objects.HighlightElements/input_field_index'

2020-06-02 15:07:01 - [TEST_STEP][PASSED] - sendKeys(NewInputNmField, Keys.chord(ARROW_DOWN)): Keys 'DOWN + ' sent to object: 'Object Repository/Objects.HighlightElements/input_field_index'

2020-06-02 15:07:02 - [MESSAGE][PASSED] - Keys 'DOWN + ' sent to object: 'Object Repository/Objects.HighlightElements/input_field_index'

2020-06-02 15:07:02 - [TEST_STEP][PASSED] - delay(DelayTime): Delayed 2 second(s)

2020-06-02 15:07:04 - [MESSAGE][PASSED] - Delayed 2 second(s)

2020-06-02 15:07:04 - [TEST_STEP][PASSED] - sendKeys(NewInputNmField, Keys.chord(ENTER)): Keys 'ENTER + ' sent to object: 'Object Repository/Objects.HighlightElements/input_field_index'

2020-06-02 15:07:05 - [MESSAGE][PASSED] - Keys 'ENTER + ' sent to object: 'Object Repository/Objects.HighlightElements/input_field_index'

2020-06-02 15:07:05 - [TEST_STEP][PASSED] - ComboBoxValue = getAttribute(NewInputNmField, "value"): Attribute 'value' of object 'Object Repository/Objects.HighlightElements/input_field_index' is: 'Aaron Sham Wai Lun (AARON)'

2020-06-02 15:07:05 - [MESSAGE][PASSED] - Attribute 'value' of object 'Object Repository/Objects.HighlightElements/input_field_index' is: 'Aaron Sham Wai Lun (AARON)'

2020-06-02 15:07:05 - [TEST_STEP][PASSED] - callTestCase(findTestCase(CallTCName), ["FindValue":ComboBoxValue, "DropdownNm":comboNm], STOP_ON_FAILURE): Call Test Case 'Test Cases/PFI Precision and Scale/HashMap Tables/OfficerLists' successfully

2020-06-02 15:07:05 - [TEST_CASE][PASSED] - Test Cases/PFI Precision and Scale/HashMap Tables/OfficerLists: Test Cases/PFI Precision and Scale/HashMap Tables/OfficerLists

2020-06-02 15:07:06 - [TEST_STEP][PASSED] - Thread.sleep(1000): null

2020-06-02 15:07:07 - [TEST_STEP][PASSED] - OfficerLists = [1:"Aaron Sham Wai Lun (AARON)", 2:"Azidah Bte Akmad (Mdm) (USAABD)", 3:"Chung Fong Nyen (USACFN)", 4:"David Tey Dah Wei (DAHWEI)", ... ]: null

2020-06-02 15:07:07 - [TEST_STEP][PASSED] - ValueFound = OfficerLists.find({ -> ... }): null

2020-06-02 15:07:07 - [MESSAGE][PASSED] - Call Test Case 'Test Cases/PFI Precision and Scale/HashMap Tables/OfficerLists' successfully

2020-06-02 15:07:07 - [TEST_STEP][PASSED] - println(ValueFound): null

2020-06-02 15:07:07 - [TEST_STEP][PASSED] - sendKeys(NewInputNmField, Keys.chord(ARROW_DOWN)): Keys 'DOWN + ' sent to object: 'Object Repository/Objects.HighlightElements/input_field_index'

2020-06-02 15:07:07 - [MESSAGE][PASSED] - Keys 'DOWN + ' sent to object: 'Object Repository/Objects.HighlightElements/input_field_index'

2020-06-02 15:07:07 - [TEST_STEP][PASSED] - sendKeys(NewInputNmField, Keys.chord(ARROW_DOWN)): Keys 'DOWN + ' sent to object: 'Object Repository/Objects.HighlightElements/input_field_index'

2020-06-02 15:07:07 - [MESSAGE][PASSED] - Keys 'DOWN + ' sent to object: 'Object Repository/Objects.HighlightElements/input_field_index'

2020-06-02 15:07:07 - [TEST_STEP][PASSED] - delay(DelayTime): Delayed 2 second(s)

2020-06-02 15:07:09 - [MESSAGE][PASSED] - Delayed 2 second(s)

2020-06-02 15:07:09 - [TEST_STEP][PASSED] - sendKeys(NewInputNmField, Keys.chord(ENTER)): Keys 'ENTER + ' sent to object: 'Object Repository/Objects.HighlightElements/input_field_index'

2020-06-02 15:07:10 - [MESSAGE][PASSED] - Keys 'ENTER + ' sent to object: 'Object Repository/Objects.HighlightElements/input_field_index'

2020-06-02 15:07:10 - [TEST_STEP][PASSED] - ComboBoxValue = getAttribute(NewInputNmField, "value"): Attribute 'value' of object 'Object Repository/Objects.HighlightElements/input_field_index' is: 'Azidah Bte Akmad (Mdm) (USAABD)'

2020-06-02 15:07:10 - [MESSAGE][PASSED] - Attribute 'value' of object 'Object Repository/Objects.HighlightElements/input_field_index' is: 'Azidah Bte Akmad (Mdm) (USAABD)'

2020-06-02 15:07:10 - [TEST_STEP][PASSED] - callTestCase(findTestCase(CallTCName), ["FindValue":ComboBoxValue, "DropdownNm":comboNm], STOP_ON_FAILURE): Call Test Case 'Test Cases/PFI Precision and Scale/HashMap Tables/OfficerLists' successfully

2020-06-02 15:07:11 - [TEST_CASE][PASSED] - Test Cases/PFI Precision and Scale/HashMap Tables/OfficerLists: Test Cases/PFI Precision and Scale/HashMap Tables/OfficerLists

2020-06-02 15:07:11 - [TEST_STEP][PASSED] - Thread.sleep(1000): null

2020-06-02 15:07:12 - [TEST_STEP][PASSED] - OfficerLists = [1:"Aaron Sham Wai Lun (AARON)", 2:"Azidah Bte Akmad (Mdm) (USAABD)", 3:"Chung Fong Nyen (USACFN)", 4:"David Tey Dah Wei (DAHWEI)", ... ]: null

2020-06-02 15:07:12 - [TEST_STEP][PASSED] - ValueFound = OfficerLists.find({ -> ... }): null

2020-06-02 15:07:12 - [MESSAGE][PASSED] - Call Test Case 'Test Cases/PFI Precision and Scale/HashMap Tables/OfficerLists' successfully

2020-06-02 15:07:12 - [TEST_STEP][PASSED] - println(ValueFound): null

2020-06-02 15:07:12 - [TEST_STEP][PASSED] - sendKeys(NewInputNmField, Keys.chord(ARROW_DOWN)): Keys 'DOWN + ' sent to object: 'Object Repository/Objects.HighlightElements/input_field_index'

2020-06-02 15:07:12 - [MESSAGE][PASSED] - Keys 'DOWN + ' sent to object: 'Object Repository/Objects.HighlightElements/input_field_index'

2020-06-02 15:07:12 - [TEST_STEP][PASSED] - sendKeys(NewInputNmField, Keys.chord(ARROW_DOWN)): Keys 'DOWN + ' sent to object: 'Object Repository/Objects.HighlightElements/input_field_index'

2020-06-02 15:07:12 - [MESSAGE][PASSED] - Keys 'DOWN + ' sent to object: 'Object Repository/Objects.HighlightElements/input_field_index'

2020-06-02 15:07:12 - [TEST_STEP][PASSED] - delay(DelayTime): Delayed 2 second(s)

2020-06-02 15:07:14 - [MESSAGE][PASSED] - Delayed 2 second(s)

2020-06-02 15:07:14 - [TEST_STEP][PASSED] - sendKeys(NewInputNmField, Keys.chord(ENTER)): Keys 'ENTER + ' sent to object: 'Object Repository/Objects.HighlightElements/input_field_index'

2020-06-02 15:07:15 - [MESSAGE][PASSED] - Keys 'ENTER + ' sent to object: 'Object Repository/Objects.HighlightElements/input_field_index'

2020-06-02 15:07:15 - [TEST_STEP][PASSED] - ComboBoxValue = getAttribute(NewInputNmField, "value"): Attribute 'value' of object 'Object Repository/Objects.HighlightElements/input_field_index' is: 'Chua Bee Tee (BEETEE)'

2020-06-02 15:07:15 - [MESSAGE][PASSED] - Attribute 'value' of object 'Object Repository/Objects.HighlightElements/input_field_index' is: 'Chua Bee Tee (BEETEE)'

2020-06-02 15:07:15 - [TEST_STEP][PASSED] - callTestCase(findTestCase(CallTCName), ["FindValue":ComboBoxValue, "DropdownNm":comboNm], STOP_ON_FAILURE): Call Test Case 'Test Cases/PFI Precision and Scale/HashMap Tables/OfficerLists' successfully

2020-06-02 15:07:15 - [TEST_CASE][PASSED] - Test Cases/PFI Precision and Scale/HashMap Tables/OfficerLists: Test Cases/PFI Precision and Scale/HashMap Tables/OfficerLists

2020-06-02 15:07:15 - [TEST_STEP][PASSED] - Thread.sleep(1000): null

2020-06-02 15:07:16 - [TEST_STEP][PASSED] - OfficerLists = [1:"Aaron Sham Wai Lun (AARON)", 2:"Azidah Bte Akmad (Mdm) (USAABD)", 3:"Chung Fong Nyen (USACFN)", 4:"David Tey Dah Wei (DAHWEI)", ... ]: null

2020-06-02 15:07:16 - [TEST_STEP][PASSED] - ValueFound = OfficerLists.find({ -> ... }): null

2020-06-02 15:07:16 - [MESSAGE][PASSED] - Call Test Case 'Test Cases/PFI Precision and Scale/HashMap Tables/OfficerLists' successfully

2020-06-02 15:07:16 - [TEST_STEP][PASSED] - println(ValueFound): null

2020-06-02 15:07:16 - [TEST_STEP][PASSED] - sendKeys(NewInputNmField, Keys.chord(ARROW_DOWN)): Keys 'DOWN + ' sent to object: 'Object Repository/Objects.HighlightElements/input_field_index'

2020-06-02 15:07:16 - [MESSAGE][PASSED] - Keys 'DOWN + ' sent to object: 'Object Repository/Objects.HighlightElements/input_field_index'

2020-06-02 15:07:16 - [TEST_STEP][PASSED] - sendKeys(NewInputNmField, Keys.chord(ARROW_DOWN)): Keys 'DOWN + ' sent to object: 'Object Repository/Objects.HighlightElements/input_field_index'

2020-06-02 15:07:17 - [MESSAGE][PASSED] - Keys 'DOWN + ' sent to object: 'Object Repository/Objects.HighlightElements/input_field_index'

2020-06-02 15:07:17 - [TEST_STEP][PASSED] - delay(DelayTime): Delayed 2 second(s)

2020-06-02 15:07:19 - [MESSAGE][PASSED] - Delayed 2 second(s)

2020-06-02 15:07:19 - [TEST_STEP][PASSED] - sendKeys(NewInputNmField, Keys.chord(ENTER)): Keys 'ENTER + ' sent to object: 'Object Repository/Objects.HighlightElements/input_field_index'

2020-06-02 15:07:19 - [MESSAGE][PASSED] - Keys 'ENTER + ' sent to object: 'Object Repository/Objects.HighlightElements/input_field_index'

2020-06-02 15:07:19 - [TEST_STEP][PASSED] - ComboBoxValue = getAttribute(NewInputNmField, "value"): Attribute 'value' of object 'Object Repository/Objects.HighlightElements/input_field_index' is: 'Chung Fong Nyen (USACFN)'

2020-06-02 15:07:20 - [MESSAGE][PASSED] - Attribute 'value' of object 'Object Repository/Objects.HighlightElements/input_field_index' is: 'Chung Fong Nyen (USACFN)'

2020-06-02 15:07:20 - [TEST_STEP][PASSED] - callTestCase(findTestCase(CallTCName), ["FindValue":ComboBoxValue, "DropdownNm":comboNm], STOP_ON_FAILURE): Call Test Case 'Test Cases/PFI Precision and Scale/HashMap Tables/OfficerLists' successfully

2020-06-02 15:07:20 - [TEST_CASE][PASSED] - Test Cases/PFI Precision and Scale/HashMap Tables/OfficerLists: Test Cases/PFI Precision and Scale/HashMap Tables/OfficerLists

2020-06-02 15:07:20 - [TEST_STEP][PASSED] - Thread.sleep(1000): null

2020-06-02 15:07:21 - [TEST_STEP][PASSED] - OfficerLists = [1:"Aaron Sham Wai Lun (AARON)", 2:"Azidah Bte Akmad (Mdm) (USAABD)", 3:"Chung Fong Nyen (USACFN)", 4:"David Tey Dah Wei (DAHWEI)", ... ]: null

2020-06-02 15:07:21 - [TEST_STEP][PASSED] - ValueFound = OfficerLists.find({ -> ... }): null

2020-06-02 15:07:21 - [MESSAGE][PASSED] - Call Test Case 'Test Cases/PFI Precision and Scale/HashMap Tables/OfficerLists' successfully

2020-06-02 15:07:21 - [TEST_STEP][PASSED] - println(ValueFound): null

2020-06-02 15:07:21 - [TEST_STEP][PASSED] - sendKeys(NewInputNmField, Keys.chord(ARROW_DOWN)): Keys 'DOWN + ' sent to object: 'Object Repository/Objects.HighlightElements/input_field_index'

2020-06-02 15:07:21 - [MESSAGE][PASSED] - Keys 'DOWN + ' sent to object: 'Object Repository/Objects.HighlightElements/input_field_index'

2020-06-02 15:07:21 - [TEST_STEP][PASSED] - sendKeys(NewInputNmField, Keys.chord(ARROW_DOWN)): Keys 'DOWN + ' sent to object: 'Object Repository/Objects.HighlightElements/input_field_index'

2020-06-02 15:07:21 - [MESSAGE][PASSED] - Keys 'DOWN + ' sent to object: 'Object Repository/Objects.HighlightElements/input_field_index'

2020-06-02 15:07:21 - [TEST_STEP][PASSED] - delay(DelayTime): Delayed 2 second(s)

2020-06-02 15:07:23 - [MESSAGE][PASSED] - Delayed 2 second(s)

2020-06-02 15:07:23 - [TEST_STEP][PASSED] - sendKeys(NewInputNmField, Keys.chord(ENTER)): Keys 'ENTER + ' sent to object: 'Object Repository/Objects.HighlightElements/input_field_index'

2020-06-02 15:07:24 - [MESSAGE][PASSED] - Keys 'ENTER + ' sent to object: 'Object Repository/Objects.HighlightElements/input_field_index'

2020-06-02 15:07:24 - [TEST_STEP][PASSED] - ComboBoxValue = getAttribute(NewInputNmField, "value"): Attribute 'value' of object 'Object Repository/Objects.HighlightElements/input_field_index' is: 'David Tey Dah Wei (DAHWEI)'

2020-06-02 15:07:24 - [MESSAGE][PASSED] - Attribute 'value' of object 'Object Repository/Objects.HighlightElements/input_field_index' is: 'David Tey Dah Wei (DAHWEI)'

2020-06-02 15:07:24 - [TEST_STEP][PASSED] - callTestCase(findTestCase(CallTCName), ["FindValue":ComboBoxValue, "DropdownNm":comboNm], STOP_ON_FAILURE): Call Test Case 'Test Cases/PFI Precision and Scale/HashMap Tables/OfficerLists' successfully

2020-06-02 15:07:24 - [TEST_CASE][PASSED] - Test Cases/PFI Precision and Scale/HashMap Tables/OfficerLists: Test Cases/PFI Precision and Scale/HashMap Tables/OfficerLists

2020-06-02 15:07:24 - [TEST_STEP][PASSED] - Thread.sleep(1000): null

2020-06-02 15:07:25 - [TEST_STEP][PASSED] - OfficerLists = [1:"Aaron Sham Wai Lun (AARON)", 2:"Azidah Bte Akmad (Mdm) (USAABD)", 3:"Chung Fong Nyen (USACFN)", 4:"David Tey Dah Wei (DAHWEI)", ... ]: null

2020-06-02 15:07:25 - [TEST_STEP][PASSED] - ValueFound = OfficerLists.find({ -> ... }): null

2020-06-02 15:07:25 - [MESSAGE][PASSED] - Call Test Case 'Test Cases/PFI Precision and Scale/HashMap Tables/OfficerLists' successfully

2020-06-02 15:07:25 - [TEST_STEP][PASSED] - println(ValueFound): null

2020-06-02 15:07:25 - [TEST_STEP][PASSED] - sendKeys(NewInputNmField, Keys.chord(ARROW_DOWN)): Keys 'DOWN + ' sent to object: 'Object Repository/Objects.HighlightElements/input_field_index'

2020-06-02 15:07:25 - [MESSAGE][PASSED] - Keys 'DOWN + ' sent to object: 'Object Repository/Objects.HighlightElements/input_field_index'

2020-06-02 15:07:25 - [TEST_STEP][PASSED] - sendKeys(NewInputNmField, Keys.chord(ARROW_DOWN)): Keys 'DOWN + ' sent to object: 'Object Repository/Objects.HighlightElements/input_field_index'

2020-06-02 15:07:26 - [MESSAGE][PASSED] - Keys 'DOWN + ' sent to object: 'Object Repository/Objects.HighlightElements/input_field_index'

2020-06-02 15:07:26 - [TEST_STEP][PASSED] - delay(DelayTime): Delayed 2 second(s)

2020-06-02 15:07:28 - [MESSAGE][PASSED] - Delayed 2 second(s)

2020-06-02 15:07:28 - [TEST_STEP][PASSED] - sendKeys(NewInputNmField, Keys.chord(ENTER)): Keys 'ENTER + ' sent to object: 'Object Repository/Objects.HighlightElements/input_field_index'

2020-06-02 15:07:28 - [MESSAGE][PASSED] - Keys 'ENTER + ' sent to object: 'Object Repository/Objects.HighlightElements/input_field_index'

2020-06-02 15:07:28 - [TEST_STEP][PASSED] - ComboBoxValue = getAttribute(NewInputNmField, "value"): Attribute 'value' of object 'Object Repository/Objects.HighlightElements/input_field_index' is: 'Han Wann Kuang (WANNKUANG)'

2020-06-02 15:07:29 - [MESSAGE][PASSED] - Attribute 'value' of object 'Object Repository/Objects.HighlightElements/input_field_index' is: 'Han Wann Kuang (WANNKUANG)'

2020-06-02 15:07:29 - [TEST_STEP][PASSED] - callTestCase(findTestCase(CallTCName), ["FindValue":ComboBoxValue, "DropdownNm":comboNm], STOP_ON_FAILURE): Call Test Case 'Test Cases/PFI Precision and Scale/HashMap Tables/OfficerLists' successfully

2020-06-02 15:07:29 - [TEST_CASE][PASSED] - Test Cases/PFI Precision and Scale/HashMap Tables/OfficerLists: Test Cases/PFI Precision and Scale/HashMap Tables/OfficerLists

2020-06-02 15:07:29 - [TEST_STEP][PASSED] - Thread.sleep(1000): null

2020-06-02 15:07:30 - [TEST_STEP][PASSED] - OfficerLists = [1:"Aaron Sham Wai Lun (AARON)", 2:"Azidah Bte Akmad (Mdm) (USAABD)", 3:"Chung Fong Nyen (USACFN)", 4:"David Tey Dah Wei (DAHWEI)", ... ]: null

2020-06-02 15:07:30 - [TEST_STEP][PASSED] - ValueFound = OfficerLists.find({ -> ... }): null

2020-06-02 15:07:30 - [MESSAGE][PASSED] - Call Test Case 'Test Cases/PFI Precision and Scale/HashMap Tables/OfficerLists' successfully

2020-06-02 15:07:30 - [TEST_STEP][PASSED] - println(ValueFound): null

2020-06-02 15:07:30 - [TEST_STEP][PASSED] - sendKeys(NewInputNmField, Keys.chord(ARROW_DOWN)): Keys 'DOWN + ' sent to object: 'Object Repository/Objects.HighlightElements/input_field_index'

2020-06-02 15:07:30 - [MESSAGE][PASSED] - Keys 'DOWN + ' sent to object: 'Object Repository/Objects.HighlightElements/input_field_index'

2020-06-02 15:07:30 - [TEST_STEP][PASSED] - sendKeys(NewInputNmField, Keys.chord(ARROW_DOWN)): Keys 'DOWN + ' sent to object: 'Object Repository/Objects.HighlightElements/input_field_index'

2020-06-02 15:07:30 - [MESSAGE][PASSED] - Keys 'DOWN + ' sent to object: 'Object Repository/Objects.HighlightElements/input_field_index'

2020-06-02 15:07:30 - [TEST_STEP][PASSED] - delay(DelayTime): Delayed 2 second(s)

2020-06-02 15:07:32 - [MESSAGE][PASSED] - Delayed 2 second(s)

2020-06-02 15:07:32 - [TEST_STEP][PASSED] - sendKeys(NewInputNmField, Keys.chord(ENTER)): Keys 'ENTER + ' sent to object: 'Object Repository/Objects.HighlightElements/input_field_index'

2020-06-02 15:07:33 - [MESSAGE][PASSED] - Keys 'ENTER + ' sent to object: 'Object Repository/Objects.HighlightElements/input_field_index'

2020-06-02 15:07:33 - [TEST_STEP][PASSED] - ComboBoxValue = getAttribute(NewInputNmField, "value"): Attribute 'value' of object 'Object Repository/Objects.HighlightElements/input_field_index' is: 'Ho Tze Siang (TZESIANG)'

2020-06-02 15:07:33 - [MESSAGE][PASSED] - Attribute 'value' of object 'Object Repository/Objects.HighlightElements/input_field_index' is: 'Ho Tze Siang (TZESIANG)'

2020-06-02 15:07:33 - [TEST_STEP][PASSED] - callTestCase(findTestCase(CallTCName), ["FindValue":ComboBoxValue, "DropdownNm":comboNm], STOP_ON_FAILURE): Call Test Case 'Test Cases/PFI Precision and Scale/HashMap Tables/OfficerLists' successfully

2020-06-02 15:07:33 - [TEST_CASE][PASSED] - Test Cases/PFI Precision and Scale/HashMap Tables/OfficerLists: Test Cases/PFI Precision and Scale/HashMap Tables/OfficerLists

2020-06-02 15:07:33 - [TEST_STEP][PASSED] - Thread.sleep(1000): null

2020-06-02 15:07:34 - [TEST_STEP][PASSED] - OfficerLists = [1:"Aaron Sham Wai Lun (AARON)", 2:"Azidah Bte Akmad (Mdm) (USAABD)", 3:"Chung Fong Nyen (USACFN)", 4:"David Tey Dah Wei (DAHWEI)", ... ]: null

2020-06-02 15:07:34 - [TEST_STEP][PASSED] - ValueFound = OfficerLists.find({ -> ... }): null

2020-06-02 15:07:34 - [MESSAGE][PASSED] - Call Test Case 'Test Cases/PFI Precision and Scale/HashMap Tables/OfficerLists' successfully

2020-06-02 15:07:34 - [TEST_STEP][PASSED] - println(ValueFound): null

2020-06-02 15:07:34 - [TEST_STEP][PASSED] - sendKeys(NewInputNmField, Keys.chord(ARROW_DOWN)): Keys 'DOWN + ' sent to object: 'Object Repository/Objects.HighlightElements/input_field_index'

2020-06-02 15:07:35 - [MESSAGE][PASSED] - Keys 'DOWN + ' sent to object: 'Object Repository/Objects.HighlightElements/input_field_index'

2020-06-02 15:07:35 - [TEST_STEP][PASSED] - sendKeys(NewInputNmField, Keys.chord(ARROW_DOWN)): Keys 'DOWN + ' sent to object: 'Object Repository/Objects.HighlightElements/input_field_index'

2020-06-02 15:07:35 - [MESSAGE][PASSED] - Keys 'DOWN + ' sent to object: 'Object Repository/Objects.HighlightElements/input_field_index'

2020-06-02 15:07:35 - [TEST_STEP][PASSED] - delay(DelayTime): Delayed 2 second(s)

2020-06-02 15:07:37 - [MESSAGE][PASSED] - Delayed 2 second(s)

2020-06-02 15:07:37 - [TEST_STEP][PASSED] - sendKeys(NewInputNmField, Keys.chord(ENTER)): Keys 'ENTER + ' sent to object: 'Object Repository/Objects.HighlightElements/input_field_index'

2020-06-02 15:07:37 - [MESSAGE][PASSED] - Keys 'ENTER + ' sent to object: 'Object Repository/Objects.HighlightElements/input_field_index'

2020-06-02 15:07:37 - [TEST_STEP][PASSED] - ComboBoxValue = getAttribute(NewInputNmField, "value"): Attribute 'value' of object 'Object Repository/Objects.HighlightElements/input_field_index' is: 'Ho-Chan Vun Ching (USAHVC)'

2020-06-02 15:07:38 - [MESSAGE][PASSED] - Attribute 'value' of object 'Object Repository/Objects.HighlightElements/input_field_index' is: 'Ho-Chan Vun Ching (USAHVC)'

2020-06-02 15:07:38 - [TEST_STEP][PASSED] - callTestCase(findTestCase(CallTCName), ["FindValue":ComboBoxValue, "DropdownNm":comboNm], STOP_ON_FAILURE): Call Test Case 'Test Cases/PFI Precision and Scale/HashMap Tables/OfficerLists' successfully

2020-06-02 15:07:38 - [TEST_CASE][PASSED] - Test Cases/PFI Precision and Scale/HashMap Tables/OfficerLists: Test Cases/PFI Precision and Scale/HashMap Tables/OfficerLists

2020-06-02 15:07:38 - [TEST_STEP][PASSED] - Thread.sleep(1000): null

2020-06-02 15:07:39 - [TEST_STEP][PASSED] - OfficerLists = [1:"Aaron Sham Wai Lun (AARON)", 2:"Azidah Bte Akmad (Mdm) (USAABD)", 3:"Chung Fong Nyen (USACFN)", 4:"David Tey Dah Wei (DAHWEI)", ... ]: null

2020-06-02 15:07:39 - [TEST_STEP][PASSED] - ValueFound = OfficerLists.find({ -> ... }): null

2020-06-02 15:07:39 - [MESSAGE][PASSED] - Call Test Case 'Test Cases/PFI Precision and Scale/HashMap Tables/OfficerLists' successfully

2020-06-02 15:07:39 - [TEST_STEP][PASSED] - println(ValueFound): null

2020-06-02 15:07:39 - [TEST_STEP][PASSED] - sendKeys(NewInputNmField, Keys.chord(ARROW_DOWN)): Keys 'DOWN + ' sent to object: 'Object Repository/Objects.HighlightElements/input_field_index'

2020-06-02 15:07:39 - [MESSAGE][PASSED] - Keys 'DOWN + ' sent to object: 'Object Repository/Objects.HighlightElements/input_field_index'

2020-06-02 15:07:39 - [TEST_STEP][PASSED] - sendKeys(NewInputNmField, Keys.chord(ARROW_DOWN)): Keys 'DOWN + ' sent to object: 'Object Repository/Objects.HighlightElements/input_field_index'

2020-06-02 15:07:40 - [MESSAGE][PASSED] - Keys 'DOWN + ' sent to object: 'Object Repository/Objects.HighlightElements/input_field_index'

2020-06-02 15:07:40 - [TEST_STEP][PASSED] - delay(DelayTime): Delayed 2 second(s)

2020-06-02 15:07:42 - [MESSAGE][PASSED] - Delayed 2 second(s)

2020-06-02 15:07:42 - [TEST_STEP][PASSED] - sendKeys(NewInputNmField, Keys.chord(ENTER)): Keys 'ENTER + ' sent to object: 'Object Repository/Objects.HighlightElements/input_field_index'

2020-06-02 15:07:42 - [MESSAGE][PASSED] - Keys 'ENTER + ' sent to object: 'Object Repository/Objects.HighlightElements/input_field_index'

2020-06-02 15:07:42 - [TEST_STEP][PASSED] - ComboBoxValue = getAttribute(NewInputNmField, "value"): Attribute 'value' of object 'Object Repository/Objects.HighlightElements/input_field_index' is: 'Janet Lee Choon Hong (JANETCHOON)'

2020-06-02 15:07:42 - [MESSAGE][PASSED] - Attribute 'value' of object 'Object Repository/Objects.HighlightElements/input_field_index' is: 'Janet Lee Choon Hong (JANETCHOON)'

2020-06-02 15:07:42 - [TEST_STEP][PASSED] - callTestCase(findTestCase(CallTCName), ["FindValue":ComboBoxValue, "DropdownNm":comboNm], STOP_ON_FAILURE): Call Test Case 'Test Cases/PFI Precision and Scale/HashMap Tables/OfficerLists' successfully

2020-06-02 15:07:42 - [TEST_CASE][PASSED] - Test Cases/PFI Precision and Scale/HashMap Tables/OfficerLists: Test Cases/PFI Precision and Scale/HashMap Tables/OfficerLists

2020-06-02 15:07:42 - [TEST_STEP][PASSED] - Thread.sleep(1000): null

2020-06-02 15:07:43 - [TEST_STEP][PASSED] - OfficerLists = [1:"Aaron Sham Wai Lun (AARON)", 2:"Azidah Bte Akmad (Mdm) (USAABD)", 3:"Chung Fong Nyen (USACFN)", 4:"David Tey Dah Wei (DAHWEI)", ... ]: null

2020-06-02 15:07:43 - [TEST_STEP][PASSED] - ValueFound = OfficerLists.find({ -> ... }): null

2020-06-02 15:07:43 - [MESSAGE][PASSED] - Call Test Case 'Test Cases/PFI Precision and Scale/HashMap Tables/OfficerLists' successfully

2020-06-02 15:07:43 - [TEST_STEP][PASSED] - println(ValueFound): null

2020-06-02 15:07:43 - [TEST_STEP][PASSED] - sendKeys(NewInputNmField, Keys.chord(ARROW_DOWN)): Keys 'DOWN + ' sent to object: 'Object Repository/Objects.HighlightElements/input_field_index'

2020-06-02 15:07:44 - [MESSAGE][PASSED] - Keys 'DOWN + ' sent to object: 'Object Repository/Objects.HighlightElements/input_field_index'

2020-06-02 15:07:44 - [TEST_STEP][PASSED] - sendKeys(NewInputNmField, Keys.chord(ARROW_DOWN)): Keys 'DOWN + ' sent to object: 'Object Repository/Objects.HighlightElements/input_field_index'

2020-06-02 15:07:44 - [MESSAGE][PASSED] - Keys 'DOWN + ' sent to object: 'Object Repository/Objects.HighlightElements/input_field_index'

2020-06-02 15:07:44 - [TEST_STEP][PASSED] - delay(DelayTime): Delayed 2 second(s)

2020-06-02 15:07:46 - [MESSAGE][PASSED] - Delayed 2 second(s)

2020-06-02 15:07:46 - [TEST_STEP][PASSED] - sendKeys(NewInputNmField, Keys.chord(ENTER)): Keys 'ENTER + ' sent to object: 'Object Repository/Objects.HighlightElements/input_field_index'

2020-06-02 15:07:46 - [MESSAGE][PASSED] - Keys 'ENTER + ' sent to object: 'Object Repository/Objects.HighlightElements/input_field_index'

2020-06-02 15:07:46 - [TEST_STEP][PASSED] - ComboBoxValue = getAttribute(NewInputNmField, "value"): Attribute 'value' of object 'Object Repository/Objects.HighlightElements/input_field_index' is: 'Joseph Lim Pheng Weng (PHENGWENG)'

2020-06-02 15:07:47 - [MESSAGE][PASSED] - Attribute 'value' of object 'Object Repository/Objects.HighlightElements/input_field_index' is: 'Joseph Lim Pheng Weng (PHENGWENG)'

2020-06-02 15:07:47 - [TEST_STEP][PASSED] - callTestCase(findTestCase(CallTCName), ["FindValue":ComboBoxValue, "DropdownNm":comboNm], STOP_ON_FAILURE): Call Test Case 'Test Cases/PFI Precision and Scale/HashMap Tables/OfficerLists' successfully

2020-06-02 15:07:47 - [TEST_CASE][PASSED] - Test Cases/PFI Precision and Scale/HashMap Tables/OfficerLists: Test Cases/PFI Precision and Scale/HashMap Tables/OfficerLists

2020-06-02 15:07:47 - [TEST_STEP][PASSED] - Thread.sleep(1000): null

2020-06-02 15:07:48 - [TEST_STEP][PASSED] - OfficerLists = [1:"Aaron Sham Wai Lun (AARON)", 2:"Azidah Bte Akmad (Mdm) (USAABD)", 3:"Chung Fong Nyen (USACFN)", 4:"David Tey Dah Wei (DAHWEI)", ... ]: null

2020-06-02 15:07:48 - [TEST_STEP][PASSED] - ValueFound = OfficerLists.find({ -> ... }): null

2020-06-02 15:07:48 - [MESSAGE][PASSED] - Call Test Case 'Test Cases/PFI Precision and Scale/HashMap Tables/OfficerLists' successfully

2020-06-02 15:07:48 - [TEST_STEP][PASSED] - println(ValueFound): null

2020-06-02 15:07:48 - [TEST_STEP][PASSED] - sendKeys(NewInputNmField, Keys.chord(ARROW_DOWN)): Keys 'DOWN + ' sent to object: 'Object Repository/Objects.HighlightElements/input_field_index'

2020-06-02 15:07:48 - [MESSAGE][PASSED] - Keys 'DOWN + ' sent to object: 'Object Repository/Objects.HighlightElements/input_field_index'

2020-06-02 15:07:48 - [TEST_STEP][PASSED] - sendKeys(NewInputNmField, Keys.chord(ARROW_DOWN)): Keys 'DOWN + ' sent to object: 'Object Repository/Objects.HighlightElements/input_field_index'

2020-06-02 15:07:49 - [MESSAGE][PASSED] - Keys 'DOWN + ' sent to object: 'Object Repository/Objects.HighlightElements/input_field_index'

2020-06-02 15:07:49 - [TEST_STEP][PASSED] - delay(DelayTime): Delayed 2 second(s)

2020-06-02 15:07:51 - [MESSAGE][PASSED] - Delayed 2 second(s)

2020-06-02 15:07:51 - [TEST_STEP][PASSED] - sendKeys(NewInputNmField, Keys.chord(ENTER)): Keys 'ENTER + ' sent to object: 'Object Repository/Objects.HighlightElements/input_field_index'

2020-06-02 15:07:53 - [MESSAGE][PASSED] - Keys 'ENTER + ' sent to object: 'Object Repository/Objects.HighlightElements/input_field_index'

2020-06-02 15:07:53 - [TEST_STEP][PASSED] - ComboBoxValue = getAttribute(NewInputNmField, "value"): Attribute 'value' of object 'Object Repository/Objects.HighlightElements/input_field_index' is: 'Kaliannan Thanabal (KALIANN)'

2020-06-02 15:07:54 - [MESSAGE][PASSED] - Attribute 'value' of object 'Object Repository/Objects.HighlightElements/input_field_index' is: 'Kaliannan Thanabal (KALIANN)'

2020-06-02 15:07:54 - [TEST_STEP][PASSED] - callTestCase(findTestCase(CallTCName), ["FindValue":ComboBoxValue, "DropdownNm":comboNm], STOP_ON_FAILURE): Call Test Case 'Test Cases/PFI Precision and Scale/HashMap Tables/OfficerLists' successfully

2020-06-02 15:07:54 - [TEST_CASE][PASSED] - Test Cases/PFI Precision and Scale/HashMap Tables/OfficerLists: Test Cases/PFI Precision and Scale/HashMap Tables/OfficerLists

2020-06-02 15:07:54 - [TEST_STEP][PASSED] - Thread.sleep(1000): null

2020-06-02 15:07:55 - [TEST_STEP][PASSED] - OfficerLists = [1:"Aaron Sham Wai Lun (AARON)", 2:"Azidah Bte Akmad (Mdm) (USAABD)", 3:"Chung Fong Nyen (USACFN)", 4:"David Tey Dah Wei (DAHWEI)", ... ]: null

2020-06-02 15:07:55 - [TEST_STEP][PASSED] - ValueFound = OfficerLists.find({ -> ... }): null

2020-06-02 15:07:55 - [MESSAGE][PASSED] - Call Test Case 'Test Cases/PFI Precision and Scale/HashMap Tables/OfficerLists' successfully

2020-06-02 15:07:55 - [TEST_STEP][PASSED] - println(ValueFound): null

2020-06-02 15:07:55 - [TEST_STEP][PASSED] - sendKeys(NewInputNmField, Keys.chord(ARROW_DOWN)): Keys 'DOWN + ' sent to object: 'Object Repository/Objects.HighlightElements/input_field_index'

2020-06-02 15:07:55 - [MESSAGE][PASSED] - Keys 'DOWN + ' sent to object: 'Object Repository/Objects.HighlightElements/input_field_index'

2020-06-02 15:07:55 - [TEST_STEP][PASSED] - sendKeys(NewInputNmField, Keys.chord(ARROW_DOWN)): Keys 'DOWN + ' sent to object: 'Object Repository/Objects.HighlightElements/input_field_index'

2020-06-02 15:07:56 - [MESSAGE][PASSED] - Keys 'DOWN + ' sent to object: 'Object Repository/Objects.HighlightElements/input_field_index'

2020-06-02 15:07:56 - [TEST_STEP][PASSED] - delay(DelayTime): Delayed 2 second(s)

2020-06-02 15:07:58 - [MESSAGE][PASSED] - Delayed 2 second(s)

2020-06-02 15:07:58 - [TEST_STEP][PASSED] - sendKeys(NewInputNmField, Keys.chord(ENTER)): Keys 'ENTER + ' sent to object: 'Object Repository/Objects.HighlightElements/input_field_index'

2020-06-02 15:07:58 - [MESSAGE][PASSED] - Keys 'ENTER + ' sent to object: 'Object Repository/Objects.HighlightElements/input_field_index'

2020-06-02 15:07:58 - [TEST_STEP][PASSED] - ComboBoxValue = getAttribute(NewInputNmField, "value"): Attribute 'value' of object 'Object Repository/Objects.HighlightElements/input_field_index' is: 'Kelvin Phua Meng Thong (MENGTHONG)'

2020-06-02 15:07:58 - [MESSAGE][PASSED] - Attribute 'value' of object 'Object Repository/Objects.HighlightElements/input_field_index' is: 'Kelvin Phua Meng Thong (MENGTHONG)'

2020-06-02 15:07:58 - [TEST_STEP][PASSED] - callTestCase(findTestCase(CallTCName), ["FindValue":ComboBoxValue, "DropdownNm":comboNm], STOP_ON_FAILURE): Call Test Case 'Test Cases/PFI Precision and Scale/HashMap Tables/OfficerLists' successfully

2020-06-02 15:07:58 - [TEST_CASE][PASSED] - Test Cases/PFI Precision and Scale/HashMap Tables/OfficerLists: Test Cases/PFI Precision and Scale/HashMap Tables/OfficerLists

2020-06-02 15:07:58 - [TEST_STEP][PASSED] - Thread.sleep(1000): null

2020-06-02 15:07:59 - [TEST_STEP][PASSED] - OfficerLists = [1:"Aaron Sham Wai Lun (AARON)", 2:"Azidah Bte Akmad (Mdm) (USAABD)", 3:"Chung Fong Nyen (USACFN)", 4:"David Tey Dah Wei (DAHWEI)", ... ]: null

2020-06-02 15:07:59 - [TEST_STEP][PASSED] - ValueFound = OfficerLists.find({ -> ... }): null

2020-06-02 15:07:59 - [MESSAGE][PASSED] - Call Test Case 'Test Cases/PFI Precision and Scale/HashMap Tables/OfficerLists' successfully

2020-06-02 15:07:59 - [TEST_STEP][PASSED] - println(ValueFound): null

2020-06-02 15:07:59 - [TEST_STEP][PASSED] - sendKeys(NewInputNmField, Keys.chord(ARROW_DOWN)): Keys 'DOWN + ' sent to object: 'Object Repository/Objects.HighlightElements/input_field_index'

2020-06-02 15:08:00 - [MESSAGE][PASSED] - Keys 'DOWN + ' sent to object: 'Object Repository/Objects.HighlightElements/input_field_index'

2020-06-02 15:08:00 - [TEST_STEP][PASSED] - sendKeys(NewInputNmField, Keys.chord(ARROW_DOWN)): Keys 'DOWN + ' sent to object: 'Object Repository/Objects.HighlightElements/input_field_index'

2020-06-02 15:08:00 - [MESSAGE][PASSED] - Keys 'DOWN + ' sent to object: 'Object Repository/Objects.HighlightElements/input_field_index'

2020-06-02 15:08:00 - [TEST_STEP][PASSED] - delay(DelayTime): Delayed 2 second(s)

2020-06-02 15:08:02 - [MESSAGE][PASSED] - Delayed 2 second(s)

2020-06-02 15:08:02 - [TEST_STEP][PASSED] - sendKeys(NewInputNmField, Keys.chord(ENTER)): Keys 'ENTER + ' sent to object: 'Object Repository/Objects.HighlightElements/input_field_index'

2020-06-02 15:08:02 - [MESSAGE][PASSED] - Keys 'ENTER + ' sent to object: 'Object Repository/Objects.HighlightElements/input_field_index'

2020-06-02 15:08:02 - [TEST_STEP][PASSED] - ComboBoxValue = getAttribute(NewInputNmField, "value"): Attribute 'value' of object 'Object Repository/Objects.HighlightElements/input_field_index' is: 'Lee Kok Tien (USAKTL)'

2020-06-02 15:08:03 - [MESSAGE][PASSED] - Attribute 'value' of object 'Object Repository/Objects.HighlightElements/input_field_index' is: 'Lee Kok Tien (USAKTL)'

2020-06-02 15:08:03 - [TEST_STEP][PASSED] - callTestCase(findTestCase(CallTCName), ["FindValue":ComboBoxValue, "DropdownNm":comboNm], STOP_ON_FAILURE): Call Test Case 'Test Cases/PFI Precision and Scale/HashMap Tables/OfficerLists' successfully

2020-06-02 15:08:03 - [TEST_CASE][PASSED] - Test Cases/PFI Precision and Scale/HashMap Tables/OfficerLists: Test Cases/PFI Precision and Scale/HashMap Tables/OfficerLists

2020-06-02 15:08:03 - [TEST_STEP][PASSED] - Thread.sleep(1000): null

2020-06-02 15:08:04 - [TEST_STEP][PASSED] - OfficerLists = [1:"Aaron Sham Wai Lun (AARON)", 2:"Azidah Bte Akmad (Mdm) (USAABD)", 3:"Chung Fong Nyen (USACFN)", 4:"David Tey Dah Wei (DAHWEI)", ... ]: null

2020-06-02 15:08:04 - [TEST_STEP][PASSED] - ValueFound = OfficerLists.find({ -> ... }): null

2020-06-02 15:08:04 - [MESSAGE][PASSED] - Call Test Case 'Test Cases/PFI Precision and Scale/HashMap Tables/OfficerLists' successfully

2020-06-02 15:08:04 - [TEST_STEP][PASSED] - println(ValueFound): null

2020-06-02 15:08:04 - [TEST_STEP][PASSED] - sendKeys(NewInputNmField, Keys.chord(ARROW_DOWN)): Keys 'DOWN + ' sent to object: 'Object Repository/Objects.HighlightElements/input_field_index'

2020-06-02 15:08:04 - [MESSAGE][PASSED] - Keys 'DOWN + ' sent to object: 'Object Repository/Objects.HighlightElements/input_field_index'

2020-06-02 15:08:04 - [TEST_STEP][PASSED] - sendKeys(NewInputNmField, Keys.chord(ARROW_DOWN)): Keys 'DOWN + ' sent to object: 'Object Repository/Objects.HighlightElements/input_field_index'

2020-06-02 15:08:05 - [MESSAGE][PASSED] - Keys 'DOWN + ' sent to object: 'Object Repository/Objects.HighlightElements/input_field_index'

2020-06-02 15:08:05 - [TEST_STEP][PASSED] - delay(DelayTime): Delayed 2 second(s)

2020-06-02 15:08:07 - [MESSAGE][PASSED] - Delayed 2 second(s)

2020-06-02 15:08:07 - [TEST_STEP][PASSED] - sendKeys(NewInputNmField, Keys.chord(ENTER)): Keys 'ENTER + ' sent to object: 'Object Repository/Objects.HighlightElements/input_field_index'

2020-06-02 15:08:07 - [MESSAGE][PASSED] - Keys 'ENTER + ' sent to object: 'Object Repository/Objects.HighlightElements/input_field_index'

2020-06-02 15:08:07 - [TEST_STEP][PASSED] - ComboBoxValue = getAttribute(NewInputNmField, "value"): Attribute 'value' of object 'Object Repository/Objects.HighlightElements/input_field_index' is: 'Lim Beng Kwee (BENGKWEE)'

2020-06-02 15:08:07 - [MESSAGE][PASSED] - Attribute 'value' of object 'Object Repository/Objects.HighlightElements/input_field_index' is: 'Lim Beng Kwee (BENGKWEE)'

2020-06-02 15:08:08 - [TEST_STEP][PASSED] - callTestCase(findTestCase(CallTCName), ["FindValue":ComboBoxValue, "DropdownNm":comboNm], STOP_ON_FAILURE): Call Test Case 'Test Cases/PFI Precision and Scale/HashMap Tables/OfficerLists' successfully

2020-06-02 15:08:08 - [TEST_CASE][PASSED] - Test Cases/PFI Precision and Scale/HashMap Tables/OfficerLists: Test Cases/PFI Precision and Scale/HashMap Tables/OfficerLists

2020-06-02 15:08:08 - [TEST_STEP][PASSED] - Thread.sleep(1000): null

2020-06-02 15:08:09 - [TEST_STEP][PASSED] - OfficerLists = [1:"Aaron Sham Wai Lun (AARON)", 2:"Azidah Bte Akmad (Mdm) (USAABD)", 3:"Chung Fong Nyen (USACFN)", 4:"David Tey Dah Wei (DAHWEI)", ... ]: null

2020-06-02 15:08:09 - [TEST_STEP][PASSED] - ValueFound = OfficerLists.find({ -> ... }): null

2020-06-02 15:08:09 - [MESSAGE][PASSED] - Call Test Case 'Test Cases/PFI Precision and Scale/HashMap Tables/OfficerLists' successfully

2020-06-02 15:08:09 - [TEST_STEP][PASSED] - println(ValueFound): null

2020-06-02 15:08:09 - [TEST_STEP][PASSED] - sendKeys(NewInputNmField, Keys.chord(ARROW_DOWN)): Keys 'DOWN + ' sent to object: 'Object Repository/Objects.HighlightElements/input_field_index'

2020-06-02 15:08:09 - [MESSAGE][PASSED] - Keys 'DOWN + ' sent to object: 'Object Repository/Objects.HighlightElements/input_field_index'

2020-06-02 15:08:09 - [TEST_STEP][PASSED] - sendKeys(NewInputNmField, Keys.chord(ARROW_DOWN)): Keys 'DOWN + ' sent to object: 'Object Repository/Objects.HighlightElements/input_field_index'

2020-06-02 15:08:09 - [MESSAGE][PASSED] - Keys 'DOWN + ' sent to object: 'Object Repository/Objects.HighlightElements/input_field_index'

2020-06-02 15:08:09 - [TEST_STEP][PASSED] - delay(DelayTime): Delayed 2 second(s)

2020-06-02 15:08:11 - [MESSAGE][PASSED] - Delayed 2 second(s)

2020-06-02 15:08:11 - [TEST_STEP][PASSED] - sendKeys(NewInputNmField, Keys.chord(ENTER)): Keys 'ENTER + ' sent to object: 'Object Repository/Objects.HighlightElements/input_field_index'

2020-06-02 15:08:12 - [MESSAGE][PASSED] - Keys 'ENTER + ' sent to object: 'Object Repository/Objects.HighlightElements/input_field_index'

2020-06-02 15:08:12 - [TEST_STEP][PASSED] - ComboBoxValue = getAttribute(NewInputNmField, "value"): Attribute 'value' of object 'Object Repository/Objects.HighlightElements/input_field_index' is: 'Lim Leng Boon (LENGBOON)'

2020-06-02 15:08:12 - [MESSAGE][PASSED] - Attribute 'value' of object 'Object Repository/Objects.HighlightElements/input_field_index' is: 'Lim Leng Boon (LENGBOON)'

2020-06-02 15:08:12 - [TEST_STEP][PASSED] - callTestCase(findTestCase(CallTCName), ["FindValue":ComboBoxValue, "DropdownNm":comboNm], STOP_ON_FAILURE): Call Test Case 'Test Cases/PFI Precision and Scale/HashMap Tables/OfficerLists' successfully

2020-06-02 15:08:12 - [TEST_CASE][PASSED] - Test Cases/PFI Precision and Scale/HashMap Tables/OfficerLists: Test Cases/PFI Precision and Scale/HashMap Tables/OfficerLists

2020-06-02 15:08:12 - [TEST_STEP][PASSED] - Thread.sleep(1000): null

2020-06-02 15:08:13 - [TEST_STEP][PASSED] - OfficerLists = [1:"Aaron Sham Wai Lun (AARON)", 2:"Azidah Bte Akmad (Mdm) (USAABD)", 3:"Chung Fong Nyen (USACFN)", 4:"David Tey Dah Wei (DAHWEI)", ... ]: null

2020-06-02 15:08:13 - [TEST_STEP][PASSED] - ValueFound = OfficerLists.find({ -> ... }): null

2020-06-02 15:08:13 - [MESSAGE][PASSED] - Call Test Case 'Test Cases/PFI Precision and Scale/HashMap Tables/OfficerLists' successfully

2020-06-02 15:08:13 - [TEST_STEP][PASSED] - println(ValueFound): null

2020-06-02 15:08:13 - [TEST_STEP][PASSED] - sendKeys(NewInputNmField, Keys.chord(ARROW_DOWN)): Keys 'DOWN + ' sent to object: 'Object Repository/Objects.HighlightElements/input_field_index'

2020-06-02 15:08:13 - [MESSAGE][PASSED] - Keys 'DOWN + ' sent to object: 'Object Repository/Objects.HighlightElements/input_field_index'

2020-06-02 15:08:13 - [TEST_STEP][PASSED] - sendKeys(NewInputNmField, Keys.chord(ARROW_DOWN)): Keys 'DOWN + ' sent to object: 'Object Repository/Objects.HighlightElements/input_field_index'

2020-06-02 15:08:14 - [MESSAGE][PASSED] - Keys 'DOWN + ' sent to object: 'Object Repository/Objects.HighlightElements/input_field_index'

2020-06-02 15:08:14 - [TEST_STEP][PASSED] - delay(DelayTime): Delayed 2 second(s)

2020-06-02 15:08:16 - [MESSAGE][PASSED] - Delayed 2 second(s)

2020-06-02 15:08:16 - [TEST_STEP][PASSED] - sendKeys(NewInputNmField, Keys.chord(ENTER)): Keys 'ENTER + ' sent to object: 'Object Repository/Objects.HighlightElements/input_field_index'

2020-06-02 15:08:16 - [MESSAGE][PASSED] - Keys 'ENTER + ' sent to object: 'Object Repository/Objects.HighlightElements/input_field_index'

2020-06-02 15:08:16 - [TEST_STEP][PASSED] - ComboBoxValue = getAttribute(NewInputNmField, "value"): Attribute 'value' of object 'Object Repository/Objects.HighlightElements/input_field_index' is: 'Liu Xiaopeng (XIAOPENG)'

2020-06-02 15:08:17 - [MESSAGE][PASSED] - Attribute 'value' of object 'Object Repository/Objects.HighlightElements/input_field_index' is: 'Liu Xiaopeng (XIAOPENG)'

2020-06-02 15:08:17 - [TEST_STEP][PASSED] - callTestCase(findTestCase(CallTCName), ["FindValue":ComboBoxValue, "DropdownNm":comboNm], STOP_ON_FAILURE): Call Test Case 'Test Cases/PFI Precision and Scale/HashMap Tables/OfficerLists' successfully

2020-06-02 15:08:17 - [TEST_CASE][PASSED] - Test Cases/PFI Precision and Scale/HashMap Tables/OfficerLists: Test Cases/PFI Precision and Scale/HashMap Tables/OfficerLists

2020-06-02 15:08:17 - [TEST_STEP][PASSED] - Thread.sleep(1000): null

2020-06-02 15:08:18 - [TEST_STEP][PASSED] - OfficerLists = [1:"Aaron Sham Wai Lun (AARON)", 2:"Azidah Bte Akmad (Mdm) (USAABD)", 3:"Chung Fong Nyen (USACFN)", 4:"David Tey Dah Wei (DAHWEI)", ... ]: null

2020-06-02 15:08:18 - [TEST_STEP][PASSED] - ValueFound = OfficerLists.find({ -> ... }): null

2020-06-02 15:08:18 - [MESSAGE][PASSED] - Call Test Case 'Test Cases/PFI Precision and Scale/HashMap Tables/OfficerLists' successfully

2020-06-02 15:08:18 - [TEST_STEP][PASSED] - println(ValueFound): null

2020-06-02 15:08:18 - [TEST_STEP][PASSED] - sendKeys(NewInputNmField, Keys.chord(ARROW_DOWN)): Keys 'DOWN + ' sent to object: 'Object Repository/Objects.HighlightElements/input_field_index'

2020-06-02 15:08:18 - [MESSAGE][PASSED] - Keys 'DOWN + ' sent to object: 'Object Repository/Objects.HighlightElements/input_field_index'

2020-06-02 15:08:18 - [TEST_STEP][PASSED] - sendKeys(NewInputNmField, Keys.chord(ARROW_DOWN)): Keys 'DOWN + ' sent to object: 'Object Repository/Objects.HighlightElements/input_field_index'

2020-06-02 15:08:18 - [MESSAGE][PASSED] - Keys 'DOWN + ' sent to object: 'Object Repository/Objects.HighlightElements/input_field_index'

2020-06-02 15:08:18 - [TEST_STEP][PASSED] - delay(DelayTime): Delayed 2 second(s)

2020-06-02 15:08:20 - [MESSAGE][PASSED] - Delayed 2 second(s)

2020-06-02 15:08:20 - [TEST_STEP][PASSED] - sendKeys(NewInputNmField, Keys.chord(ENTER)): Keys 'ENTER + ' sent to object: 'Object Repository/Objects.HighlightElements/input_field_index'

2020-06-02 15:08:21 - [MESSAGE][PASSED] - Keys 'ENTER + ' sent to object: 'Object Repository/Objects.HighlightElements/input_field_index'

2020-06-02 15:08:21 - [TEST_STEP][PASSED] - ComboBoxValue = getAttribute(NewInputNmField, "value"): Attribute 'value' of object 'Object Repository/Objects.HighlightElements/input_field_index' is: 'Lu Ji Ju (Mdm) (USALJJ)'

2020-06-02 15:08:21 - [MESSAGE][PASSED] - Attribute 'value' of object 'Object Repository/Objects.HighlightElements/input_field_index' is: 'Lu Ji Ju (Mdm) (USALJJ)'

2020-06-02 15:08:21 - [TEST_STEP][PASSED] - callTestCase(findTestCase(CallTCName), ["FindValue":ComboBoxValue, "DropdownNm":comboNm], STOP_ON_FAILURE): Call Test Case 'Test Cases/PFI Precision and Scale/HashMap Tables/OfficerLists' successfully

2020-06-02 15:08:21 - [TEST_CASE][PASSED] - Test Cases/PFI Precision and Scale/HashMap Tables/OfficerLists: Test Cases/PFI Precision and Scale/HashMap Tables/OfficerLists

2020-06-02 15:08:21 - [TEST_STEP][PASSED] - Thread.sleep(1000): null

2020-06-02 15:08:22 - [TEST_STEP][PASSED] - OfficerLists = [1:"Aaron Sham Wai Lun (AARON)", 2:"Azidah Bte Akmad (Mdm) (USAABD)", 3:"Chung Fong Nyen (USACFN)", 4:"David Tey Dah Wei (DAHWEI)", ... ]: null

2020-06-02 15:08:22 - [TEST_STEP][PASSED] - ValueFound = OfficerLists.find({ -> ... }): null

2020-06-02 15:08:22 - [MESSAGE][PASSED] - Call Test Case 'Test Cases/PFI Precision and Scale/HashMap Tables/OfficerLists' successfully

2020-06-02 15:08:22 - [TEST_STEP][PASSED] - println(ValueFound): null

2020-06-02 15:08:22 - [TEST_STEP][PASSED] - sendKeys(NewInputNmField, Keys.chord(ARROW_DOWN)): Keys 'DOWN + ' sent to object: 'Object Repository/Objects.HighlightElements/input_field_index'

2020-06-02 15:08:22 - [MESSAGE][PASSED] - Keys 'DOWN + ' sent to object: 'Object Repository/Objects.HighlightElements/input_field_index'

2020-06-02 15:08:22 - [TEST_STEP][PASSED] - sendKeys(NewInputNmField, Keys.chord(ARROW_DOWN)): Keys 'DOWN + ' sent to object: 'Object Repository/Objects.HighlightElements/input_field_index'

2020-06-02 15:08:23 - [MESSAGE][PASSED] - Keys 'DOWN + ' sent to object: 'Object Repository/Objects.HighlightElements/input_field_index'

2020-06-02 15:08:23 - [TEST_STEP][PASSED] - delay(DelayTime): Delayed 2 second(s)

2020-06-02 15:08:25 - [MESSAGE][PASSED] - Delayed 2 second(s)

2020-06-02 15:08:25 - [TEST_STEP][PASSED] - sendKeys(NewInputNmField, Keys.chord(ENTER)): Keys 'ENTER + ' sent to object: 'Object Repository/Objects.HighlightElements/input_field_index'

2020-06-02 15:08:25 - [MESSAGE][PASSED] - Keys 'ENTER + ' sent to object: 'Object Repository/Objects.HighlightElements/input_field_index'

2020-06-02 15:08:25 - [TEST_STEP][PASSED] - ComboBoxValue = getAttribute(NewInputNmField, "value"): Attribute 'value' of object 'Object Repository/Objects.HighlightElements/input_field_index' is: 'Mohd Jeffri Bin Abdul Rahim (MOHDJEFFRI)'

2020-06-02 15:08:26 - [MESSAGE][PASSED] - Attribute 'value' of object 'Object Repository/Objects.HighlightElements/input_field_index' is: 'Mohd Jeffri Bin Abdul Rahim (MOHDJEFFRI)'

2020-06-02 15:08:26 - [TEST_STEP][PASSED] - callTestCase(findTestCase(CallTCName), ["FindValue":ComboBoxValue, "DropdownNm":comboNm], STOP_ON_FAILURE): Call Test Case 'Test Cases/PFI Precision and Scale/HashMap Tables/OfficerLists' successfully

2020-06-02 15:08:26 - [TEST_CASE][PASSED] - Test Cases/PFI Precision and Scale/HashMap Tables/OfficerLists: Test Cases/PFI Precision and Scale/HashMap Tables/OfficerLists

2020-06-02 15:08:26 - [TEST_STEP][PASSED] - Thread.sleep(1000): null

2020-06-02 15:08:27 - [TEST_STEP][PASSED] - OfficerLists = [1:"Aaron Sham Wai Lun (AARON)", 2:"Azidah Bte Akmad (Mdm) (USAABD)", 3:"Chung Fong Nyen (USACFN)", 4:"David Tey Dah Wei (DAHWEI)", ... ]: null

2020-06-02 15:08:27 - [TEST_STEP][PASSED] - ValueFound = OfficerLists.find({ -> ... }): null

2020-06-02 15:08:27 - [MESSAGE][PASSED] - Call Test Case 'Test Cases/PFI Precision and Scale/HashMap Tables/OfficerLists' successfully

2020-06-02 15:08:27 - [TEST_STEP][PASSED] - println(ValueFound): null

2020-06-02 15:08:27 - [TEST_STEP][PASSED] - sendKeys(NewInputNmField, Keys.chord(ARROW_DOWN)): Keys 'DOWN + ' sent to object: 'Object Repository/Objects.HighlightElements/input_field_index'

2020-06-02 15:08:27 - [MESSAGE][PASSED] - Keys 'DOWN + ' sent to object: 'Object Repository/Objects.HighlightElements/input_field_index'

2020-06-02 15:08:27 - [TEST_STEP][PASSED] - sendKeys(NewInputNmField, Keys.chord(ARROW_DOWN)): Keys 'DOWN + ' sent to object: 'Object Repository/Objects.HighlightElements/input_field_index'

2020-06-02 15:08:28 - [MESSAGE][PASSED] - Keys 'DOWN + ' sent to object: 'Object Repository/Objects.HighlightElements/input_field_index'

2020-06-02 15:08:28 - [TEST_STEP][PASSED] - delay(DelayTime): Delayed 2 second(s)

2020-06-02 15:08:30 - [MESSAGE][PASSED] - Delayed 2 second(s)

2020-06-02 15:08:30 - [TEST_STEP][PASSED] - sendKeys(NewInputNmField, Keys.chord(ENTER)): Keys 'ENTER + ' sent to object: 'Object Repository/Objects.HighlightElements/input_field_index'

2020-06-02 15:08:30 - [MESSAGE][PASSED] - Keys 'ENTER + ' sent to object: 'Object Repository/Objects.HighlightElements/input_field_index'

2020-06-02 15:08:30 - [TEST_STEP][PASSED] - ComboBoxValue = getAttribute(NewInputNmField, "value"): Attribute 'value' of object 'Object Repository/Objects.HighlightElements/input_field_index' is: 'Richard Lim Fang Ping (FANGPING)'

2020-06-02 15:08:31 - [MESSAGE][PASSED] - Attribute 'value' of object 'Object Repository/Objects.HighlightElements/input_field_index' is: 'Richard Lim Fang Ping (FANGPING)'

2020-06-02 15:08:31 - [TEST_STEP][PASSED] - callTestCase(findTestCase(CallTCName), ["FindValue":ComboBoxValue, "DropdownNm":comboNm], STOP_ON_FAILURE): Call Test Case 'Test Cases/PFI Precision and Scale/HashMap Tables/OfficerLists' successfully

2020-06-02 15:08:31 - [TEST_CASE][PASSED] - Test Cases/PFI Precision and Scale/HashMap Tables/OfficerLists: Test Cases/PFI Precision and Scale/HashMap Tables/OfficerLists

2020-06-02 15:08:31 - [TEST_STEP][PASSED] - Thread.sleep(1000): null

2020-06-02 15:08:32 - [TEST_STEP][PASSED] - OfficerLists = [1:"Aaron Sham Wai Lun (AARON)", 2:"Azidah Bte Akmad (Mdm) (USAABD)", 3:"Chung Fong Nyen (USACFN)", 4:"David Tey Dah Wei (DAHWEI)", ... ]: null

2020-06-02 15:08:32 - [TEST_STEP][PASSED] - ValueFound = OfficerLists.find({ -> ... }): null

2020-06-02 15:08:32 - [MESSAGE][PASSED] - Call Test Case 'Test Cases/PFI Precision and Scale/HashMap Tables/OfficerLists' successfully

2020-06-02 15:08:32 - [TEST_STEP][PASSED] - println(ValueFound): null

2020-06-02 15:08:32 - [TEST_STEP][PASSED] - sendKeys(NewInputNmField, Keys.chord(ARROW_DOWN)): Keys 'DOWN + ' sent to object: 'Object Repository/Objects.HighlightElements/input_field_index'

2020-06-02 15:08:32 - [MESSAGE][PASSED] - Keys 'DOWN + ' sent to object: 'Object Repository/Objects.HighlightElements/input_field_index'

2020-06-02 15:08:32 - [TEST_STEP][PASSED] - sendKeys(NewInputNmField, Keys.chord(ARROW_DOWN)): Keys 'DOWN + ' sent to object: 'Object Repository/Objects.HighlightElements/input_field_index'

2020-06-02 15:08:32 - [MESSAGE][PASSED] - Keys 'DOWN + ' sent to object: 'Object Repository/Objects.HighlightElements/input_field_index'

2020-06-02 15:08:32 - [TEST_STEP][PASSED] - delay(DelayTime): Delayed 2 second(s)

2020-06-02 15:08:34 - [MESSAGE][PASSED] - Delayed 2 second(s)

2020-06-02 15:08:34 - [TEST_STEP][PASSED] - sendKeys(NewInputNmField, Keys.chord(ENTER)): Keys 'ENTER + ' sent to object: 'Object Repository/Objects.HighlightElements/input_field_index'

2020-06-02 15:08:35 - [MESSAGE][PASSED] - Keys 'ENTER + ' sent to object: 'Object Repository/Objects.HighlightElements/input_field_index'

2020-06-02 15:08:35 - [TEST_STEP][PASSED] - ComboBoxValue = getAttribute(NewInputNmField, "value"): Attribute 'value' of object 'Object Repository/Objects.HighlightElements/input_field_index' is: 'RITA WONG SIONG ING (RITAWONG)'

2020-06-02 15:08:35 - [MESSAGE][PASSED] - Attribute 'value' of object 'Object Repository/Objects.HighlightElements/input_field_index' is: 'RITA WONG SIONG ING (RITAWONG)'

2020-06-02 15:08:35 - [TEST_STEP][PASSED] - callTestCase(findTestCase(CallTCName), ["FindValue":ComboBoxValue, "DropdownNm":comboNm], STOP_ON_FAILURE): Call Test Case 'Test Cases/PFI Precision and Scale/HashMap Tables/OfficerLists' successfully

2020-06-02 15:08:35 - [TEST_CASE][PASSED] - Test Cases/PFI Precision and Scale/HashMap Tables/OfficerLists: Test Cases/PFI Precision and Scale/HashMap Tables/OfficerLists

2020-06-02 15:08:35 - [TEST_STEP][PASSED] - Thread.sleep(1000): null

2020-06-02 15:08:36 - [TEST_STEP][PASSED] - OfficerLists = [1:"Aaron Sham Wai Lun (AARON)", 2:"Azidah Bte Akmad (Mdm) (USAABD)", 3:"Chung Fong Nyen (USACFN)", 4:"David Tey Dah Wei (DAHWEI)", ... ]: null

2020-06-02 15:08:36 - [TEST_STEP][PASSED] - ValueFound = OfficerLists.find({ -> ... }): null

2020-06-02 15:08:36 - [MESSAGE][PASSED] - Call Test Case 'Test Cases/PFI Precision and Scale/HashMap Tables/OfficerLists' successfully

2020-06-02 15:08:36 - [TEST_STEP][PASSED] - println(ValueFound): null

2020-06-02 15:08:36 - [TEST_STEP][PASSED] - sendKeys(NewInputNmField, Keys.chord(ARROW_DOWN)): Keys 'DOWN + ' sent to object: 'Object Repository/Objects.HighlightElements/input_field_index'

2020-06-02 15:08:36 - [MESSAGE][PASSED] - Keys 'DOWN + ' sent to object: 'Object Repository/Objects.HighlightElements/input_field_index'

2020-06-02 15:08:36 - [TEST_STEP][PASSED] - sendKeys(NewInputNmField, Keys.chord(ARROW_DOWN)): Keys 'DOWN + ' sent to object: 'Object Repository/Objects.HighlightElements/input_field_index'

2020-06-02 15:08:37 - [MESSAGE][PASSED] - Keys 'DOWN + ' sent to object: 'Object Repository/Objects.HighlightElements/input_field_index'

2020-06-02 15:08:37 - [TEST_STEP][PASSED] - delay(DelayTime): Delayed 2 second(s)

2020-06-02 15:08:39 - [MESSAGE][PASSED] - Delayed 2 second(s)

2020-06-02 15:08:39 - [TEST_STEP][PASSED] - sendKeys(NewInputNmField, Keys.chord(ENTER)): Keys 'ENTER + ' sent to object: 'Object Repository/Objects.HighlightElements/input_field_index'

2020-06-02 15:08:39 - [MESSAGE][PASSED] - Keys 'ENTER + ' sent to object: 'Object Repository/Objects.HighlightElements/input_field_index'

2020-06-02 15:08:39 - [TEST_STEP][PASSED] - ComboBoxValue = getAttribute(NewInputNmField, "value"): Attribute 'value' of object 'Object Repository/Objects.HighlightElements/input_field_index' is: 'Shi Hong Wei (HONGWEI)'

2020-06-02 15:08:40 - [MESSAGE][PASSED] - Attribute 'value' of object 'Object Repository/Objects.HighlightElements/input_field_index' is: 'Shi Hong Wei (HONGWEI)'

2020-06-02 15:08:40 - [TEST_STEP][PASSED] - callTestCase(findTestCase(CallTCName), ["FindValue":ComboBoxValue, "DropdownNm":comboNm], STOP_ON_FAILURE): Call Test Case 'Test Cases/PFI Precision and Scale/HashMap Tables/OfficerLists' successfully

2020-06-02 15:08:40 - [TEST_CASE][PASSED] - Test Cases/PFI Precision and Scale/HashMap Tables/OfficerLists: Test Cases/PFI Precision and Scale/HashMap Tables/OfficerLists

2020-06-02 15:08:40 - [TEST_STEP][PASSED] - Thread.sleep(1000): null

2020-06-02 15:08:41 - [TEST_STEP][PASSED] - OfficerLists = [1:"Aaron Sham Wai Lun (AARON)", 2:"Azidah Bte Akmad (Mdm) (USAABD)", 3:"Chung Fong Nyen (USACFN)", 4:"David Tey Dah Wei (DAHWEI)", ... ]: null

2020-06-02 15:08:41 - [TEST_STEP][PASSED] - ValueFound = OfficerLists.find({ -> ... }): null

2020-06-02 15:08:41 - [MESSAGE][PASSED] - Call Test Case 'Test Cases/PFI Precision and Scale/HashMap Tables/OfficerLists' successfully

2020-06-02 15:08:41 - [TEST_STEP][PASSED] - println(ValueFound): null

2020-06-02 15:08:41 - [TEST_STEP][PASSED] - sendKeys(NewInputNmField, Keys.chord(ARROW_DOWN)): Keys 'DOWN + ' sent to object: 'Object Repository/Objects.HighlightElements/input_field_index'

2020-06-02 15:08:41 - [MESSAGE][PASSED] - Keys 'DOWN + ' sent to object: 'Object Repository/Objects.HighlightElements/input_field_index'

2020-06-02 15:08:41 - [TEST_STEP][PASSED] - sendKeys(NewInputNmField, Keys.chord(ARROW_DOWN)): Keys 'DOWN + ' sent to object: 'Object Repository/Objects.HighlightElements/input_field_index'

2020-06-02 15:08:41 - [MESSAGE][PASSED] - Keys 'DOWN + ' sent to object: 'Object Repository/Objects.HighlightElements/input_field_index'

2020-06-02 15:08:41 - [TEST_STEP][PASSED] - delay(DelayTime): Delayed 2 second(s)

2020-06-02 15:08:43 - [MESSAGE][PASSED] - Delayed 2 second(s)

2020-06-02 15:08:43 - [TEST_STEP][PASSED] - sendKeys(NewInputNmField, Keys.chord(ENTER)): Keys 'ENTER + ' sent to object: 'Object Repository/Objects.HighlightElements/input_field_index'

2020-06-02 15:08:44 - [MESSAGE][PASSED] - Keys 'ENTER + ' sent to object: 'Object Repository/Objects.HighlightElements/input_field_index'

2020-06-02 15:08:44 - [TEST_STEP][PASSED] - ComboBoxValue = getAttribute(NewInputNmField, "value"): Attribute 'value' of object 'Object Repository/Objects.HighlightElements/input_field_index' is: 'Tan Jing Ying (JINGYING)'

2020-06-02 15:08:44 - [MESSAGE][PASSED] - Attribute 'value' of object 'Object Repository/Objects.HighlightElements/input_field_index' is: 'Tan Jing Ying (JINGYING)'

2020-06-02 15:08:44 - [TEST_STEP][PASSED] - callTestCase(findTestCase(CallTCName), ["FindValue":ComboBoxValue, "DropdownNm":comboNm], STOP_ON_FAILURE): Call Test Case 'Test Cases/PFI Precision and Scale/HashMap Tables/OfficerLists' successfully

2020-06-02 15:08:44 - [TEST_CASE][PASSED] - Test Cases/PFI Precision and Scale/HashMap Tables/OfficerLists: Test Cases/PFI Precision and Scale/HashMap Tables/OfficerLists

2020-06-02 15:08:44 - [TEST_STEP][PASSED] - Thread.sleep(1000): null

2020-06-02 15:08:45 - [TEST_STEP][PASSED] - OfficerLists = [1:"Aaron Sham Wai Lun (AARON)", 2:"Azidah Bte Akmad (Mdm) (USAABD)", 3:"Chung Fong Nyen (USACFN)", 4:"David Tey Dah Wei (DAHWEI)", ... ]: null

2020-06-02 15:08:45 - [TEST_STEP][PASSED] - ValueFound = OfficerLists.find({ -> ... }): null

2020-06-02 15:08:45 - [MESSAGE][PASSED] - Call Test Case 'Test Cases/PFI Precision and Scale/HashMap Tables/OfficerLists' successfully

2020-06-02 15:08:45 - [TEST_STEP][PASSED] - println(ValueFound): null

2020-06-02 15:08:45 - [TEST_STEP][PASSED] - sendKeys(NewInputNmField, Keys.chord(ARROW_DOWN)): Keys 'DOWN + ' sent to object: 'Object Repository/Objects.HighlightElements/input_field_index'

2020-06-02 15:08:45 - [MESSAGE][PASSED] - Keys 'DOWN + ' sent to object: 'Object Repository/Objects.HighlightElements/input_field_index'

2020-06-02 15:08:45 - [TEST_STEP][PASSED] - sendKeys(NewInputNmField, Keys.chord(ARROW_DOWN)): Keys 'DOWN + ' sent to object: 'Object Repository/Objects.HighlightElements/input_field_index'

2020-06-02 15:08:46 - [MESSAGE][PASSED] - Keys 'DOWN + ' sent to object: 'Object Repository/Objects.HighlightElements/input_field_index'

2020-06-02 15:08:46 - [TEST_STEP][PASSED] - delay(DelayTime): Delayed 2 second(s)

2020-06-02 15:08:48 - [MESSAGE][PASSED] - Delayed 2 second(s)

2020-06-02 15:08:48 - [TEST_STEP][PASSED] - sendKeys(NewInputNmField, Keys.chord(ENTER)): Keys 'ENTER + ' sent to object: 'Object Repository/Objects.HighlightElements/input_field_index'

2020-06-02 15:08:48 - [MESSAGE][PASSED] - Keys 'ENTER + ' sent to object: 'Object Repository/Objects.HighlightElements/input_field_index'

2020-06-02 15:08:48 - [TEST_STEP][PASSED] - ComboBoxValue = getAttribute(NewInputNmField, "value"): Attribute 'value' of object 'Object Repository/Objects.HighlightElements/input_field_index' is: 'Tan Kwan Joo (KWANJOO)'

2020-06-02 15:08:49 - [MESSAGE][PASSED] - Attribute 'value' of object 'Object Repository/Objects.HighlightElements/input_field_index' is: 'Tan Kwan Joo (KWANJOO)'

2020-06-02 15:08:49 - [TEST_STEP][PASSED] - callTestCase(findTestCase(CallTCName), ["FindValue":ComboBoxValue, "DropdownNm":comboNm], STOP_ON_FAILURE): Call Test Case 'Test Cases/PFI Precision and Scale/HashMap Tables/OfficerLists' successfully

2020-06-02 15:08:49 - [TEST_CASE][PASSED] - Test Cases/PFI Precision and Scale/HashMap Tables/OfficerLists: Test Cases/PFI Precision and Scale/HashMap Tables/OfficerLists

2020-06-02 15:08:49 - [TEST_STEP][PASSED] - Thread.sleep(1000): null

2020-06-02 15:08:50 - [TEST_STEP][PASSED] - OfficerLists = [1:"Aaron Sham Wai Lun (AARON)", 2:"Azidah Bte Akmad (Mdm) (USAABD)", 3:"Chung Fong Nyen (USACFN)", 4:"David Tey Dah Wei (DAHWEI)", ... ]: null

2020-06-02 15:08:50 - [TEST_STEP][PASSED] - ValueFound = OfficerLists.find({ -> ... }): null

2020-06-02 15:08:50 - [MESSAGE][PASSED] - Call Test Case 'Test Cases/PFI Precision and Scale/HashMap Tables/OfficerLists' successfully

2020-06-02 15:08:50 - [TEST_STEP][PASSED] - println(ValueFound): null

2020-06-02 15:08:50 - [TEST_STEP][PASSED] - sendKeys(NewInputNmField, Keys.chord(ARROW_DOWN)): Keys 'DOWN + ' sent to object: 'Object Repository/Objects.HighlightElements/input_field_index'

2020-06-02 15:08:50 - [MESSAGE][PASSED] - Keys 'DOWN + ' sent to object: 'Object Repository/Objects.HighlightElements/input_field_index'

2020-06-02 15:08:50 - [TEST_STEP][PASSED] - sendKeys(NewInputNmField, Keys.chord(ARROW_DOWN)): Keys 'DOWN + ' sent to object: 'Object Repository/Objects.HighlightElements/input_field_index'

2020-06-02 15:08:50 - [MESSAGE][PASSED] - Keys 'DOWN + ' sent to object: 'Object Repository/Objects.HighlightElements/input_field_index'

2020-06-02 15:08:50 - [TEST_STEP][PASSED] - delay(DelayTime): Delayed 2 second(s)

2020-06-02 15:08:52 - [MESSAGE][PASSED] - Delayed 2 second(s)

2020-06-02 15:08:52 - [TEST_STEP][PASSED] - sendKeys(NewInputNmField, Keys.chord(ENTER)): Keys 'ENTER + ' sent to object: 'Object Repository/Objects.HighlightElements/input_field_index'

2020-06-02 15:08:53 - [MESSAGE][PASSED] - Keys 'ENTER + ' sent to object: 'Object Repository/Objects.HighlightElements/input_field_index'

2020-06-02 15:08:53 - [TEST_STEP][PASSED] - ComboBoxValue = getAttribute(NewInputNmField, "value"): Attribute 'value' of object 'Object Repository/Objects.HighlightElements/input_field_index' is: 'Titus Chua Hwa Ping (TITUS)'

2020-06-02 15:08:53 - [MESSAGE][PASSED] - Attribute 'value' of object 'Object Repository/Objects.HighlightElements/input_field_index' is: 'Titus Chua Hwa Ping (TITUS)'

2020-06-02 15:08:53 - [TEST_STEP][PASSED] - callTestCase(findTestCase(CallTCName), ["FindValue":ComboBoxValue, "DropdownNm":comboNm], STOP_ON_FAILURE): Call Test Case 'Test Cases/PFI Precision and Scale/HashMap Tables/OfficerLists' successfully

2020-06-02 15:08:53 - [TEST_CASE][PASSED] - Test Cases/PFI Precision and Scale/HashMap Tables/OfficerLists: Test Cases/PFI Precision and Scale/HashMap Tables/OfficerLists

2020-06-02 15:08:53 - [TEST_STEP][PASSED] - Thread.sleep(1000): null

2020-06-02 15:08:54 - [TEST_STEP][PASSED] - OfficerLists = [1:"Aaron Sham Wai Lun (AARON)", 2:"Azidah Bte Akmad (Mdm) (USAABD)", 3:"Chung Fong Nyen (USACFN)", 4:"David Tey Dah Wei (DAHWEI)", ... ]: null

2020-06-02 15:08:54 - [TEST_STEP][PASSED] - ValueFound = OfficerLists.find({ -> ... }): null

2020-06-02 15:08:54 - [MESSAGE][PASSED] - Call Test Case 'Test Cases/PFI Precision and Scale/HashMap Tables/OfficerLists' successfully

2020-06-02 15:08:54 - [TEST_STEP][PASSED] - println(ValueFound): null

2020-06-02 15:08:54 - [TEST_STEP][PASSED] - sendKeys(NewInputNmField, Keys.chord(ARROW_DOWN)): Keys 'DOWN + ' sent to object: 'Object Repository/Objects.HighlightElements/input_field_index'

2020-06-02 15:08:54 - [MESSAGE][PASSED] - Keys 'DOWN + ' sent to object: 'Object Repository/Objects.HighlightElements/input_field_index'

2020-06-02 15:08:54 - [TEST_STEP][PASSED] - sendKeys(NewInputNmField, Keys.chord(ARROW_DOWN)): Keys 'DOWN + ' sent to object: 'Object Repository/Objects.HighlightElements/input_field_index'

2020-06-02 15:08:55 - [MESSAGE][PASSED] - Keys 'DOWN + ' sent to object: 'Object Repository/Objects.HighlightElements/input_field_index'

2020-06-02 15:08:55 - [TEST_STEP][PASSED] - delay(DelayTime): Delayed 2 second(s)

2020-06-02 15:08:57 - [MESSAGE][PASSED] - Delayed 2 second(s)

2020-06-02 15:08:57 - [TEST_STEP][PASSED] - sendKeys(NewInputNmField, Keys.chord(ENTER)): Keys 'ENTER + ' sent to object: 'Object Repository/Objects.HighlightElements/input_field_index'

2020-06-02 15:08:57 - [MESSAGE][PASSED] - Keys 'ENTER + ' sent to object: 'Object Repository/Objects.HighlightElements/input_field_index'

2020-06-02 15:08:57 - [TEST_STEP][PASSED] - ComboBoxValue = getAttribute(NewInputNmField, "value"): Attribute 'value' of object 'Object Repository/Objects.HighlightElements/input_field_index' is: 'Vijayaratnam Ng Lay Hoon (USANLH)'

2020-06-02 15:08:58 - [MESSAGE][PASSED] - Attribute 'value' of object 'Object Repository/Objects.HighlightElements/input_field_index' is: 'Vijayaratnam Ng Lay Hoon (USANLH)'

2020-06-02 15:08:58 - [TEST_STEP][PASSED] - callTestCase(findTestCase(CallTCName), ["FindValue":ComboBoxValue, "DropdownNm":comboNm], STOP_ON_FAILURE): Call Test Case 'Test Cases/PFI Precision and Scale/HashMap Tables/OfficerLists' successfully

2020-06-02 15:08:58 - [TEST_CASE][PASSED] - Test Cases/PFI Precision and Scale/HashMap Tables/OfficerLists: Test Cases/PFI Precision and Scale/HashMap Tables/OfficerLists

2020-06-02 15:08:58 - [TEST_STEP][PASSED] - Thread.sleep(1000): null

2020-06-02 15:08:59 - [TEST_STEP][PASSED] - OfficerLists = [1:"Aaron Sham Wai Lun (AARON)", 2:"Azidah Bte Akmad (Mdm) (USAABD)", 3:"Chung Fong Nyen (USACFN)", 4:"David Tey Dah Wei (DAHWEI)", ... ]: null

2020-06-02 15:08:59 - [TEST_STEP][PASSED] - ValueFound = OfficerLists.find({ -> ... }): null

2020-06-02 15:08:59 - [MESSAGE][PASSED] - Call Test Case 'Test Cases/PFI Precision and Scale/HashMap Tables/OfficerLists' successfully

2020-06-02 15:08:59 - [TEST_STEP][PASSED] - println(ValueFound): null

2020-06-02 15:08:59 - [TEST_STEP][PASSED] - sendKeys(NewInputNmField, Keys.chord(ARROW_DOWN)): Keys 'DOWN + ' sent to object: 'Object Repository/Objects.HighlightElements/input_field_index'

2020-06-02 15:08:59 - [MESSAGE][PASSED] - Keys 'DOWN + ' sent to object: 'Object Repository/Objects.HighlightElements/input_field_index'

2020-06-02 15:08:59 - [TEST_STEP][PASSED] - sendKeys(NewInputNmField, Keys.chord(ARROW_DOWN)): Keys 'DOWN + ' sent to object: 'Object Repository/Objects.HighlightElements/input_field_index'

2020-06-02 15:09:00 - [MESSAGE][PASSED] - Keys 'DOWN + ' sent to object: 'Object Repository/Objects.HighlightElements/input_field_index'

2020-06-02 15:09:00 - [TEST_STEP][PASSED] - delay(DelayTime): Delayed 2 second(s)

2020-06-02 15:09:02 - [MESSAGE][PASSED] - Delayed 2 second(s)

2020-06-02 15:09:02 - [TEST_STEP][PASSED] - sendKeys(NewInputNmField, Keys.chord(ENTER)): Keys 'ENTER + ' sent to object: 'Object Repository/Objects.HighlightElements/input_field_index'

2020-06-02 15:09:02 - [MESSAGE][PASSED] - Keys 'ENTER + ' sent to object: 'Object Repository/Objects.HighlightElements/input_field_index'

2020-06-02 15:09:02 - [TEST_STEP][PASSED] - ComboBoxValue = getAttribute(NewInputNmField, "value"): Attribute 'value' of object 'Object Repository/Objects.HighlightElements/input_field_index' is: 'Wong Swee Sheng (WONGSWEE)'

2020-06-02 15:09:02 - [MESSAGE][PASSED] - Attribute 'value' of object 'Object Repository/Objects.HighlightElements/input_field_index' is: 'Wong Swee Sheng (WONGSWEE)'

2020-06-02 15:09:02 - [TEST_STEP][PASSED] - callTestCase(findTestCase(CallTCName), ["FindValue":ComboBoxValue, "DropdownNm":comboNm], STOP_ON_FAILURE): Call Test Case 'Test Cases/PFI Precision and Scale/HashMap Tables/OfficerLists' successfully

2020-06-02 15:09:02 - [TEST_CASE][PASSED] - Test Cases/PFI Precision and Scale/HashMap Tables/OfficerLists: Test Cases/PFI Precision and Scale/HashMap Tables/OfficerLists

2020-06-02 15:09:02 - [TEST_STEP][PASSED] - Thread.sleep(1000): null

2020-06-02 15:09:03 - [TEST_STEP][PASSED] - OfficerLists = [1:"Aaron Sham Wai Lun (AARON)", 2:"Azidah Bte Akmad (Mdm) (USAABD)", 3:"Chung Fong Nyen (USACFN)", 4:"David Tey Dah Wei (DAHWEI)", ... ]: null

2020-06-02 15:09:03 - [TEST_STEP][PASSED] - ValueFound = OfficerLists.find({ -> ... }): null

2020-06-02 15:09:03 - [MESSAGE][PASSED] - Call Test Case 'Test Cases/PFI Precision and Scale/HashMap Tables/OfficerLists' successfully

2020-06-02 15:09:03 - [TEST_STEP][PASSED] - println(ValueFound): null

2020-06-02 15:09:03 - [TEST_STEP][PASSED] - sendKeys(NewInputNmField, Keys.chord(ARROW_DOWN)): Keys 'DOWN + ' sent to object: 'Object Repository/Objects.HighlightElements/input_field_index'

2020-06-02 15:09:04 - [MESSAGE][PASSED] - Keys 'DOWN + ' sent to object: 'Object Repository/Objects.HighlightElements/input_field_index'

2020-06-02 15:09:04 - [TEST_STEP][PASSED] - sendKeys(NewInputNmField, Keys.chord(ARROW_DOWN)): Keys 'DOWN + ' sent to object: 'Object Repository/Objects.HighlightElements/input_field_index'

2020-06-02 15:09:04 - [MESSAGE][PASSED] - Keys 'DOWN + ' sent to object: 'Object Repository/Objects.HighlightElements/input_field_index'

2020-06-02 15:09:04 - [TEST_STEP][PASSED] - delay(DelayTime): Delayed 2 second(s)

2020-06-02 15:09:06 - [MESSAGE][PASSED] - Delayed 2 second(s)

2020-06-02 15:09:06 - [TEST_STEP][PASSED] - sendKeys(NewInputNmField, Keys.chord(ENTER)): Keys 'ENTER + ' sent to object: 'Object Repository/Objects.HighlightElements/input_field_index'

2020-06-02 15:09:06 - [MESSAGE][PASSED] - Keys 'ENTER + ' sent to object: 'Object Repository/Objects.HighlightElements/input_field_index'

2020-06-02 15:09:06 - [TEST_STEP][PASSED] - ComboBoxValue = getAttribute(NewInputNmField, "value"): Attribute 'value' of object 'Object Repository/Objects.HighlightElements/input_field_index' is: 'Zhao Dianfeng (DIANFENG)'

2020-06-02 15:09:07 - [MESSAGE][PASSED] - Attribute 'value' of object 'Object Repository/Objects.HighlightElements/input_field_index' is: 'Zhao Dianfeng (DIANFENG)'

2020-06-02 15:09:07 - [TEST_STEP][PASSED] - callTestCase(findTestCase(CallTCName), ["FindValue":ComboBoxValue, "DropdownNm":comboNm], STOP_ON_FAILURE): Call Test Case 'Test Cases/PFI Precision and Scale/HashMap Tables/OfficerLists' successfully

2020-06-02 15:09:07 - [TEST_CASE][PASSED] - Test Cases/PFI Precision and Scale/HashMap Tables/OfficerLists: Test Cases/PFI Precision and Scale/HashMap Tables/OfficerLists

2020-06-02 15:09:07 - [TEST_STEP][PASSED] - Thread.sleep(1000): null

2020-06-02 15:09:08 - [TEST_STEP][PASSED] - OfficerLists = [1:"Aaron Sham Wai Lun (AARON)", 2:"Azidah Bte Akmad (Mdm) (USAABD)", 3:"Chung Fong Nyen (USACFN)", 4:"David Tey Dah Wei (DAHWEI)", ... ]: null

2020-06-02 15:09:08 - [TEST_STEP][PASSED] - ValueFound = OfficerLists.find({ -> ... }): null

2020-06-02 15:09:08 - [MESSAGE][PASSED] - Call Test Case 'Test Cases/PFI Precision and Scale/HashMap Tables/OfficerLists' successfully

2020-06-02 15:09:08 - [TEST_STEP][PASSED] - println(ValueFound): null

2020-06-02 15:09:08 - [TEST_STEP][PASSED] - sendKeys(NewInputNmField, Keys.chord(ARROW_DOWN)): Keys 'DOWN + ' sent to object: 'Object Repository/Objects.HighlightElements/input_field_index'

2020-06-02 15:09:08 - [MESSAGE][PASSED] - Keys 'DOWN + ' sent to object: 'Object Repository/Objects.HighlightElements/input_field_index'

2020-06-02 15:09:08 - [TEST_STEP][PASSED] - sendKeys(NewInputNmField, Keys.chord(ENTER)): Keys 'ENTER + ' sent to object: 'Object Repository/Objects.HighlightElements/input_field_index'

2020-06-02 15:09:09 - [MESSAGE][PASSED] - Keys 'ENTER + ' sent to object: 'Object Repository/Objects.HighlightElements/input_field_index'

2020-06-02 15:09:09 - [MESSAGE][PASSED] - Call Test Case 'Test Cases/PFI Precision and Scale/PFI Components with Indexing/VerifyDropdownValuesIndex' successfully

2020-06-02 15:09:09 - [TEST_STEP][PASSED] - callTestCase(findTestCase("Components/SelectAllThenDeleteIndex"), ["nameToBeUsed":"psiRecommendTo", "index":1], STOP_ON_FAILURE): Call Test Case 'Test Cases/Components/SelectAllThenDeleteIndex' successfully

2020-06-02 15:09:09 - [TEST_CASE][PASSED] - Test Cases/Components/SelectAllThenDeleteIndex: Test Cases/Components/SelectAllThenDeleteIndex

2020-06-02 15:09:09 - [TEST_STEP][PASSED] - Thread.sleep(1000): null

2020-06-02 15:09:10 - [TEST_STEP][PASSED] - modifiedObj = modifyObjectProperty(findTestObject("Object Repository/Objects.HighlightElements/input_field_index"), "xpath", "equals", "(//*[contains(@class,'x-form-text') and (@name='" + nameToBeUsed + "')])[" + index + "]", true): Modify property of object successfully

2020-06-02 15:09:10 - [MESSAGE][PASSED] - Modify property of object successfully

2020-06-02 15:09:10 - [TEST_STEP][PASSED] - focus(modifiedObj): Object: 'Object Repository/Objects.HighlightElements/input_field_index' is focused

2020-06-02 15:09:10 - [MESSAGE][PASSED] - Object: 'Object Repository/Objects.HighlightElements/input_field_index' is focused

2020-06-02 15:09:10 - [TEST_STEP][PASSED] - sendKeys(modifiedObj, Keys.chord(CONTROL, "a")): Keys 'CONTROL + a' sent to object: 'Object Repository/Objects.HighlightElements/input_field_index'

2020-06-02 15:09:10 - [MESSAGE][PASSED] - Keys 'CONTROL + a' sent to object: 'Object Repository/Objects.HighlightElements/input_field_index'

2020-06-02 15:09:10 - [TEST_STEP][PASSED] - sendKeys(modifiedObj, Keys.chord(DELETE)): Keys 'DELETE + ' sent to object: 'Object Repository/Objects.HighlightElements/input_field_index'

2020-06-02 15:09:11 - [MESSAGE][PASSED] - Keys 'DELETE + ' sent to object: 'Object Repository/Objects.HighlightElements/input_field_index'

2020-06-02 15:09:11 - [MESSAGE][PASSED] - Call Test Case 'Test Cases/Components/SelectAllThenDeleteIndex' successfully

2020-06-02 15:09:11 - [TEST_STEP][PASSED] - callTestCase(findTestCase("PFI Precision and Scale/PFI Components with Indexing/RequiredFieldValidationIndex"), ["nameToBeUsed":"psiRecommendTo", "index":1], STOP_ON_FAILURE): Call Test Case 'Test Cases/PFI Precision and Scale/PFI Components with Indexing/RequiredFieldValidationIndex' successfully

2020-06-02 15:09:11 - [TEST_CASE][PASSED] - Test Cases/PFI Precision and Scale/PFI Components with Indexing/RequiredFieldValidationIndex: Test Cases/PFI Precision and Scale/PFI Components with Indexing/RequiredFieldValidationIndex

2020-06-02 15:09:11 - [TEST_STEP][PASSED] - enableSmartWait(): null

2020-06-02 15:09:11 - [TEST_STEP][PASSED] - NewInputNmField = modifyObjectProperty(findTestObject("Objects.HighlightElements/input_field_index"), "xpath", "equals", "(//*[contains(@class,'x-form-text') and (@name='" + nameToBeUsed + "')])[" + index + "]", true): Modify property of object successfully

2020-06-02 15:09:11 - [MESSAGE][PASSED] - Modify property of object successfully

2020-06-02 15:09:11 - [TEST_STEP][PASSED] - mouseOver(NewInputNmField): Object: 'Object Repository/Objects.HighlightElements/input_field_index' is hovered

2020-06-02 15:09:11 - [MESSAGE][PASSED] - Object: 'Object Repository/Objects.HighlightElements/input_field_index' is hovered

2020-06-02 15:09:11 - [TEST_STEP][PASSED] - getRqErrMsg = getAttribute(NewInputNmField, "data-errorqtip"): Attribute 'data-errorqtip' of object 'Object Repository/Objects.HighlightElements/input_field_index' is: '<ul class="x-list-plain"><li>This field is required</li></ul>'

2020-06-02 15:09:12 - [MESSAGE][PASSED] - Attribute 'data-errorqtip' of object 'Object Repository/Objects.HighlightElements/input_field_index' is: '<ul class="x-list-plain"><li>This field is required</li></ul>'

2020-06-02 15:09:12 - [TEST_STEP][PASSED] - strToolTip = getRqErrMsg.substring(29, 61): null

2020-06-02 15:09:12 - [TEST_STEP][PASSED] - toolTipReqErrMsg = strToolTip.substring(0, 22): null

2020-06-02 15:09:12 - [TEST_STEP][PASSED] - verifyMatch(toolTipReqErrMsg, RqField, true): Actual text 'This field is required' and expected text 'This field is required' are matched  using regular expression

2020-06-02 15:09:12 - [MESSAGE][PASSED] - Actual text 'This field is required' and expected text 'This field is required' are matched  using regular expression

2020-06-02 15:09:12 - [MESSAGE][PASSED] - Call Test Case 'Test Cases/PFI Precision and Scale/PFI Components with Indexing/RequiredFieldValidationIndex' successfully

2020-06-02 15:09:12 - [TEST_STEP][PASSED] - callTestCase(findTestCase("Components/HighlightLabelIndexField"), ["LblName":"Recommend Type:", "index":1], STOP_ON_FAILURE): Call Test Case 'Test Cases/Components/HighlightLabelIndexField' successfully

2020-06-02 15:09:12 - [TEST_CASE][PASSED] - Test Cases/Components/HighlightLabelIndexField: Test Cases/Components/HighlightLabelIndexField

2020-06-02 15:09:12 - [TEST_STEP][PASSED] - Thread.sleep(1000): null

2020-06-02 15:09:13 - [TEST_STEP][PASSED] - modifiedLblNm = modifyObjectProperty(findTestObject("Object Repository/Objects.HighlightElements/lblField_index"), "xpath", "equals", "(//*[contains(@class,'x-form-item-label-inner') and (text()='" + LblName + "')])[" + index + "]", true): Modify property of object successfully

2020-06-02 15:09:13 - [MESSAGE][PASSED] - Modify property of object successfully

2020-06-02 15:09:13 - [TEST_STEP][PASSED] - com.reusableComponents.HighlightElement.run(modifiedLblNm): com.reusableComponents.HighlightElement.run is PASSED

2020-06-02 15:09:14 - [MESSAGE][PASSED] - com.reusableComponents.HighlightElement.run is PASSED

2020-06-02 15:09:14 - [MESSAGE][PASSED] - Call Test Case 'Test Cases/Components/HighlightLabelIndexField' successfully

2020-06-02 15:09:14 - [TEST_STEP][PASSED] - callTestCase(findTestCase("Components/HighlightInputIndexField"), ["InputName":"psiRecomType", "index":1], STOP_ON_FAILURE): Call Test Case 'Test Cases/Components/HighlightInputIndexField' successfully

2020-06-02 15:09:14 - [TEST_CASE][PASSED] - Test Cases/Components/HighlightInputIndexField: Test Cases/Components/HighlightInputIndexField

2020-06-02 15:09:14 - [TEST_STEP][PASSED] - Thread.sleep(1000): null

2020-06-02 15:09:15 - [TEST_STEP][PASSED] - modifiedInputFld = modifyObjectProperty(findTestObject("Objects.HighlightElements/input_field_index"), "xpath", "equals", "(//*[contains(@class,'x-form-text') and (@name='" + InputName + "')])[" + index + "]", true): Modify property of object successfully

2020-06-02 15:09:15 - [MESSAGE][PASSED] - Modify property of object successfully

2020-06-02 15:09:15 - [TEST_STEP][PASSED] - com.reusableComponents.HighlightElement.run(modifiedInputFld): com.reusableComponents.HighlightElement.run is PASSED

2020-06-02 15:09:15 - [MESSAGE][PASSED] - com.reusableComponents.HighlightElement.run is PASSED

2020-06-02 15:09:15 - [MESSAGE][PASSED] - Call Test Case 'Test Cases/Components/HighlightInputIndexField' successfully

2020-06-02 15:09:15 - [TEST_STEP][PASSED] - callTestCase(findTestCase("PFI Precision and Scale/PFI Components with Indexing/VerifyDropdownValuesIndex"), ["FldNm":"psiRecomType", "CallTCName":"PFI Precision and Scale/HashMap Tables/OfficerLists", "cmbNm":"RecommendType", "NoOfVal":2, ... ], STOP_ON_FAILURE): Call Test Case 'Test Cases/PFI Precision and Scale/PFI Components with Indexing/VerifyDropdownValuesIndex' successfully

2020-06-02 15:09:15 - [TEST_CASE][PASSED] - Test Cases/PFI Precision and Scale/PFI Components with Indexing/VerifyDropdownValuesIndex: Test Cases/PFI Precision and Scale/PFI Components with Indexing/VerifyDropdownValuesIndex

2020-06-02 15:09:15 - [TEST_STEP][PASSED] - Thread.sleep(1000): null

2020-06-02 15:09:16 - [TEST_STEP][PASSED] - NewInputNmField = modifyObjectProperty(findTestObject("Object Repository/Objects.HighlightElements/input_field_index"), "xpath", "equals", "(//*[contains(@class,'x-form-text') and (@name='" + FldNm + "')])[" + index + "]", true): Modify property of object successfully

2020-06-02 15:09:16 - [MESSAGE][PASSED] - Modify property of object successfully

2020-06-02 15:09:16 - [TEST_STEP][PASSED] - comboNm = cmbNm: null

2020-06-02 15:09:16 - [TEST_STEP][PASSED] - focus(NewInputNmField): Object: 'Object Repository/Objects.HighlightElements/input_field_index' is focused

2020-06-02 15:09:17 - [MESSAGE][PASSED] - Object: 'Object Repository/Objects.HighlightElements/input_field_index' is focused

2020-06-02 15:09:17 - [TEST_STEP][PASSED] - setText(NewInputNmField, EnterValue): Text '' is set on object 'Object Repository/Objects.HighlightElements/input_field_index'

2020-06-02 15:09:17 - [MESSAGE][PASSED] - Text '' is set on object 'Object Repository/Objects.HighlightElements/input_field_index'

2020-06-02 15:09:17 - [TEST_STEP][PASSED] - for ([i = 1, i <= NoOfVal, (i++)]): Keys 'DOWN + ' sent to object: 'Object Repository/Objects.HighlightElements/input_field_index'

2020-06-02 15:09:17 - [TEST_STEP][PASSED] - sendKeys(NewInputNmField, Keys.chord(ARROW_DOWN)): Keys 'DOWN + ' sent to object: 'Object Repository/Objects.HighlightElements/input_field_index'

2020-06-02 15:09:18 - [MESSAGE][PASSED] - Keys 'DOWN + ' sent to object: 'Object Repository/Objects.HighlightElements/input_field_index'

2020-06-02 15:09:18 - [TEST_STEP][PASSED] - delay(DelayTime): Delayed 2 second(s)

2020-06-02 15:09:20 - [MESSAGE][PASSED] - Delayed 2 second(s)

2020-06-02 15:09:20 - [TEST_STEP][PASSED] - sendKeys(NewInputNmField, Keys.chord(ENTER)): Keys 'ENTER + ' sent to object: 'Object Repository/Objects.HighlightElements/input_field_index'

2020-06-02 15:09:20 - [MESSAGE][PASSED] - Keys 'ENTER + ' sent to object: 'Object Repository/Objects.HighlightElements/input_field_index'

2020-06-02 15:09:20 - [TEST_STEP][PASSED] - ComboBoxValue = getAttribute(NewInputNmField, "value"): Attribute 'value' of object 'Object Repository/Objects.HighlightElements/input_field_index' is: 'Recommend'

2020-06-02 15:09:20 - [MESSAGE][PASSED] - Attribute 'value' of object 'Object Repository/Objects.HighlightElements/input_field_index' is: 'Recommend'

2020-06-02 15:09:20 - [TEST_STEP][PASSED] - callTestCase(findTestCase(CallTCName), ["FindValue":ComboBoxValue, "DropdownNm":comboNm], STOP_ON_FAILURE): Call Test Case 'Test Cases/PFI Precision and Scale/HashMap Tables/OfficerLists' successfully

2020-06-02 15:09:20 - [TEST_CASE][PASSED] - Test Cases/PFI Precision and Scale/HashMap Tables/OfficerLists: Test Cases/PFI Precision and Scale/HashMap Tables/OfficerLists

2020-06-02 15:09:20 - [TEST_STEP][PASSED] - Thread.sleep(1000): null

2020-06-02 15:09:21 - [TEST_STEP][PASSED] - OfficerLists = [1:"Aaron Sham Wai Lun (AARON)", 2:"Azidah Bte Akmad (Mdm) (USAABD)", 3:"Chung Fong Nyen (USACFN)", 4:"David Tey Dah Wei (DAHWEI)", ... ]: null

2020-06-02 15:09:21 - [TEST_STEP][PASSED] - ValueFound = OfficerLists.find({ -> ... }): null

2020-06-02 15:09:21 - [MESSAGE][PASSED] - Call Test Case 'Test Cases/PFI Precision and Scale/HashMap Tables/OfficerLists' successfully

2020-06-02 15:09:21 - [TEST_STEP][PASSED] - println(ValueFound): null

2020-06-02 15:09:21 - [TEST_STEP][PASSED] - sendKeys(NewInputNmField, Keys.chord(ARROW_DOWN)): Keys 'DOWN + ' sent to object: 'Object Repository/Objects.HighlightElements/input_field_index'

2020-06-02 15:09:22 - [MESSAGE][PASSED] - Keys 'DOWN + ' sent to object: 'Object Repository/Objects.HighlightElements/input_field_index'

2020-06-02 15:09:22 - [TEST_STEP][PASSED] - sendKeys(NewInputNmField, Keys.chord(ARROW_DOWN)): Keys 'DOWN + ' sent to object: 'Object Repository/Objects.HighlightElements/input_field_index'

2020-06-02 15:09:22 - [MESSAGE][PASSED] - Keys 'DOWN + ' sent to object: 'Object Repository/Objects.HighlightElements/input_field_index'

2020-06-02 15:09:22 - [TEST_STEP][PASSED] - delay(DelayTime): Delayed 2 second(s)

2020-06-02 15:09:24 - [MESSAGE][PASSED] - Delayed 2 second(s)

2020-06-02 15:09:24 - [TEST_STEP][PASSED] - sendKeys(NewInputNmField, Keys.chord(ENTER)): Keys 'ENTER + ' sent to object: 'Object Repository/Objects.HighlightElements/input_field_index'

2020-06-02 15:09:24 - [MESSAGE][PASSED] - Keys 'ENTER + ' sent to object: 'Object Repository/Objects.HighlightElements/input_field_index'

2020-06-02 15:09:24 - [TEST_STEP][PASSED] - ComboBoxValue = getAttribute(NewInputNmField, "value"): Attribute 'value' of object 'Object Repository/Objects.HighlightElements/input_field_index' is: 'Reply'

2020-06-02 15:09:25 - [MESSAGE][PASSED] - Attribute 'value' of object 'Object Repository/Objects.HighlightElements/input_field_index' is: 'Reply'

2020-06-02 15:09:25 - [TEST_STEP][PASSED] - callTestCase(findTestCase(CallTCName), ["FindValue":ComboBoxValue, "DropdownNm":comboNm], STOP_ON_FAILURE): Call Test Case 'Test Cases/PFI Precision and Scale/HashMap Tables/OfficerLists' successfully

2020-06-02 15:09:25 - [TEST_CASE][PASSED] - Test Cases/PFI Precision and Scale/HashMap Tables/OfficerLists: Test Cases/PFI Precision and Scale/HashMap Tables/OfficerLists

2020-06-02 15:09:25 - [TEST_STEP][PASSED] - Thread.sleep(1000): null

2020-06-02 15:09:26 - [TEST_STEP][PASSED] - OfficerLists = [1:"Aaron Sham Wai Lun (AARON)", 2:"Azidah Bte Akmad (Mdm) (USAABD)", 3:"Chung Fong Nyen (USACFN)", 4:"David Tey Dah Wei (DAHWEI)", ... ]: null

2020-06-02 15:09:26 - [TEST_STEP][PASSED] - ValueFound = OfficerLists.find({ -> ... }): null

2020-06-02 15:09:26 - [MESSAGE][PASSED] - Call Test Case 'Test Cases/PFI Precision and Scale/HashMap Tables/OfficerLists' successfully

2020-06-02 15:09:26 - [TEST_STEP][PASSED] - println(ValueFound): null

2020-06-02 15:09:26 - [TEST_STEP][PASSED] - sendKeys(NewInputNmField, Keys.chord(ARROW_DOWN)): Keys 'DOWN + ' sent to object: 'Object Repository/Objects.HighlightElements/input_field_index'

2020-06-02 15:09:26 - [MESSAGE][PASSED] - Keys 'DOWN + ' sent to object: 'Object Repository/Objects.HighlightElements/input_field_index'

2020-06-02 15:09:26 - [TEST_STEP][PASSED] - sendKeys(NewInputNmField, Keys.chord(ENTER)): Keys 'ENTER + ' sent to object: 'Object Repository/Objects.HighlightElements/input_field_index'

2020-06-02 15:09:27 - [MESSAGE][PASSED] - Keys 'ENTER + ' sent to object: 'Object Repository/Objects.HighlightElements/input_field_index'

2020-06-02 15:09:27 - [MESSAGE][PASSED] - Call Test Case 'Test Cases/PFI Precision and Scale/PFI Components with Indexing/VerifyDropdownValuesIndex' successfully

2020-06-02 15:09:27 - [TEST_STEP][PASSED] - callTestCase(findTestCase("Components/HighlightLabelIndexField"), ["LblName":"Remarks:", "index":1], STOP_ON_FAILURE): Call Test Case 'Test Cases/Components/HighlightLabelIndexField' successfully

2020-06-02 15:09:27 - [TEST_CASE][PASSED] - Test Cases/Components/HighlightLabelIndexField: Test Cases/Components/HighlightLabelIndexField

2020-06-02 15:09:27 - [TEST_STEP][PASSED] - Thread.sleep(1000): null

2020-06-02 15:09:28 - [TEST_STEP][PASSED] - modifiedLblNm = modifyObjectProperty(findTestObject("Object Repository/Objects.HighlightElements/lblField_index"), "xpath", "equals", "(//*[contains(@class,'x-form-item-label-inner') and (text()='" + LblName + "')])[" + index + "]", true): Modify property of object successfully

2020-06-02 15:09:28 - [MESSAGE][PASSED] - Modify property of object successfully

2020-06-02 15:09:28 - [TEST_STEP][PASSED] - com.reusableComponents.HighlightElement.run(modifiedLblNm): com.reusableComponents.HighlightElement.run is PASSED

2020-06-02 15:09:28 - [MESSAGE][PASSED] - com.reusableComponents.HighlightElement.run is PASSED

2020-06-02 15:09:28 - [MESSAGE][PASSED] - Call Test Case 'Test Cases/Components/HighlightLabelIndexField' successfully

2020-06-02 15:09:28 - [TEST_STEP][PASSED] - callTestCase(findTestCase("Components/HighlightInputIndexField"), ["InputName":"psiRemarks", "index":1], STOP_ON_FAILURE): Call Test Case 'Test Cases/Components/HighlightInputIndexField' successfully

2020-06-02 15:09:29 - [TEST_CASE][PASSED] - Test Cases/Components/HighlightInputIndexField: Test Cases/Components/HighlightInputIndexField

2020-06-02 15:09:29 - [TEST_STEP][PASSED] - Thread.sleep(1000): null

2020-06-02 15:09:30 - [TEST_STEP][PASSED] - modifiedInputFld = modifyObjectProperty(findTestObject("Objects.HighlightElements/input_field_index"), "xpath", "equals", "(//*[contains(@class,'x-form-text') and (@name='" + InputName + "')])[" + index + "]", true): Modify property of object successfully

2020-06-02 15:09:30 - [MESSAGE][PASSED] - Modify property of object successfully

2020-06-02 15:09:30 - [TEST_STEP][PASSED] - com.reusableComponents.HighlightElement.run(modifiedInputFld): com.reusableComponents.HighlightElement.run is PASSED

2020-06-02 15:09:30 - [MESSAGE][PASSED] - com.reusableComponents.HighlightElement.run is PASSED

2020-06-02 15:09:30 - [MESSAGE][PASSED] - Call Test Case 'Test Cases/Components/HighlightInputIndexField' successfully

2020-06-02 15:09:30 - [TEST_STEP][PASSED] - callTestCase(findTestCase("PFI Precision and Scale/PFI Components with Indexing/AlphaNumericSpecialValidationIndex"), ["FldNm":"psiRemarks", "LenChar":10, "index":1], STOP_ON_FAILURE): Call Test Case 'Test Cases/PFI Precision and Scale/PFI Components with Indexing/AlphaNumericSpecialValidationIndex' successfully

2020-06-02 15:09:30 - [TEST_CASE][PASSED] - Test Cases/PFI Precision and Scale/PFI Components with Indexing/AlphaNumericSpecialValidationIndex: Test Cases/PFI Precision and Scale/PFI Components with Indexing/AlphaNumericSpecialValidationIndex

2020-06-02 15:09:30 - [TEST_STEP][PASSED] - charset = /?><"".join(): null

2020-06-02 15:09:30 - [TEST_STEP][PASSED] - AlphaNumeric = 9).join(): null

2020-06-02 15:09:30 - [TEST_STEP][PASSED] - SpecialChar = "`~!@#$%^&*()-=+_{}|\][;'":,./?><"": null

2020-06-02 15:09:30 - [TEST_STEP][PASSED] - RandomString = RandomStringUtils.random(LenChar, AlphaNumeric.toCharArray()): null

2020-06-02 15:09:30 - [TEST_STEP][PASSED] - RdmSpChar = RandomStringUtils.random(LenChar, SpecialChar): null

2020-06-02 15:09:30 - [TEST_STEP][PASSED] - regexPat = Pattern.compile("^[A-Za-z0-9 ]+$"): null

2020-06-02 15:09:30 - [TEST_STEP][PASSED] - NewInputNmField = modifyObjectProperty(findTestObject("Object Repository/Objects.HighlightElements/input_field_index"), "xpath", "equals", "(//*[contains(@class,'x-form-text') and (@name='" + FldNm + "')])[" + index + "]", true): Modify property of object successfully

2020-06-02 15:09:31 - [MESSAGE][PASSED] - Modify property of object successfully

2020-06-02 15:09:31 - [TEST_STEP][PASSED] - setText(NewInputNmField, RandomString): Text 'WXpo2BR0Wr' is set on object 'Object Repository/Objects.HighlightElements/input_field_index'

2020-06-02 15:09:31 - [MESSAGE][PASSED] - Text 'WXpo2BR0Wr' is set on object 'Object Repository/Objects.HighlightElements/input_field_index'

2020-06-02 15:09:31 - [TEST_STEP][PASSED] - RemarksAN = getAttribute(NewInputNmField, "value"): Attribute 'value' of object 'Object Repository/Objects.HighlightElements/input_field_index' is: 'WXpo2BR0Wr'

2020-06-02 15:09:31 - [MESSAGE][PASSED] - Attribute 'value' of object 'Object Repository/Objects.HighlightElements/input_field_index' is: 'WXpo2BR0Wr'

2020-06-02 15:09:31 - [TEST_STEP][PASSED] - matchStr = regexPat.matcher(RemarksAN): null

2020-06-02 15:09:31 - [TEST_STEP][PASSED] - if (matchStr.matches() == true): Accepting Alphanumeric

2020-06-02 15:09:31 - [TEST_STEP][PASSED] - comment("Accepting Alphanumeric"): Accepting Alphanumeric

2020-06-02 15:09:31 - [MESSAGE][INFO] - Accepting Alphanumeric

2020-06-02 15:09:31 - [TEST_STEP][PASSED] - setText(NewInputNmField, RdmSpChar): Text ',`\'$-}"`+' is set on object 'Object Repository/Objects.HighlightElements/input_field_index'

2020-06-02 15:09:31 - [MESSAGE][PASSED] - Text ',`\'$-}"`+' is set on object 'Object Repository/Objects.HighlightElements/input_field_index'

2020-06-02 15:09:31 - [TEST_STEP][PASSED] - RemarksSpChar = getAttribute(NewInputNmField, "value"): Attribute 'value' of object 'Object Repository/Objects.HighlightElements/input_field_index' is: ',`\'$-}"`+'

2020-06-02 15:09:32 - [MESSAGE][PASSED] - Attribute 'value' of object 'Object Repository/Objects.HighlightElements/input_field_index' is: ',`\'$-}"`+'

2020-06-02 15:09:32 - [TEST_STEP][PASSED] - matchSp = regexPat.matcher(RemarksSpChar): null

2020-06-02 15:09:32 - [TEST_STEP][PASSED] - if (matchSp.matches() == false): Accepting Special Characters

2020-06-02 15:09:32 - [TEST_STEP][PASSED] - comment("Accepting Special Characters"): Accepting Special Characters

2020-06-02 15:09:32 - [MESSAGE][INFO] - Accepting Special Characters

2020-06-02 15:09:32 - [MESSAGE][PASSED] - Call Test Case 'Test Cases/PFI Precision and Scale/PFI Components with Indexing/AlphaNumericSpecialValidationIndex' successfully

2020-06-02 15:09:32 - [TEST_STEP][PASSED] - callTestCase(findTestCase("PFI Precision and Scale/PFI Components with Indexing/MaxCharLengthIndexValidation"), ["FieldNm":"psiRemarks", "index":1, "MaxCharLen":4006], STOP_ON_FAILURE): Call Test Case 'Test Cases/PFI Precision and Scale/PFI Components with Indexing/MaxCharLengthIndexValidation' successfully

2020-06-02 15:09:32 - [TEST_CASE][PASSED] - Test Cases/PFI Precision and Scale/PFI Components with Indexing/MaxCharLengthIndexValidation: Test Cases/PFI Precision and Scale/PFI Components with Indexing/MaxCharLengthIndexValidation

2020-06-02 15:09:32 - [TEST_STEP][PASSED] - Thread.sleep(1000): null

2020-06-02 15:09:33 - [TEST_STEP][PASSED] - CharLengthTBL = ["aoNotes":4000, "notes":4000, "hseBlkNo":10, "buildingName":100, "unformattedAddress":4000, "courtNo":20, "caseGrpDesc":4000, ... ]: null

2020-06-02 15:09:33 - [TEST_STEP][PASSED] - charset = /?><"".join(): null

2020-06-02 15:09:33 - [TEST_STEP][PASSED] - RandomStringVal = RandomStringUtils.random(MaxCharLen, charset.toCharArray()): null

2020-06-02 15:09:33 - [TEST_STEP][PASSED] - NewInputNmField = modifyObjectProperty(findTestObject("Object Repository/Objects.HighlightElements/input_field_index"), "xpath", "equals", "(//*[contains(@class,'x-form-text') and (@name='" + FieldNm + "')])[" + index + "]", true): Modify property of object successfully

2020-06-02 15:09:33 - [MESSAGE][PASSED] - Modify property of object successfully

2020-06-02 15:09:33 - [TEST_STEP][PASSED] - setText(NewInputNmField, RandomStringVal): Text '_Cfg:K+LC?5)t4OX@/tzgoU>x>7U/2$t%X*@nqd{<W.xFVOB6>)+"$V"TmXtD]j/ZZ^-.:"d"f8l?*^tmfdyfpzz[)+>VI2UQEwziqV0x$$^l3YzC"/"2MyY1?m.CSnI3MWrKOus%3W06<-/nV{0EvjxAM$nOMu8lY:|;H5BXp8cWd/UN-01x\/~.buD<SJ?bW+;E%d"TU}^:-s]J*WF]$Qh"'00v=&:Vjt}]t9nt=<4Vg[R'\ouA?&#b}gtYReE_CZ9Qkh|VbB8?TZHkm8#z4Xjcv0KpX3mL}4LS{vc:y4s]eww&P^k6!1{Ki`w_gf\mDSw2GIFYaOptw4NC(ny2]{i=$trXi+MPsBb0"O\@'b)z7eo>CMc8oqO~qt"78AOR^a%6PcdKvC7%dIHWqC^p1'0EuSk!S"o,]rs[EYy#8w'i=O!M_u:+oq+[eqS>$Q6+e!"fc~>cw|}Qq+<8J'PUU$wty!c/H`C/o47`z97]!P#wATW.N9tcQKZNE'cTglt_MD3&/NTXUwh{]<SV"z|j4N:FgF711)DOV,rGtr*au6j2H6FF+qm<~6i(,%Y3-3A.:L87|GqKtFeiE5e"oU{En!9jec0;G3_*!qe`Ja8{fYO0jHro8O;`e^'F"%m!^xm"&wtKLRBo}X9BP(T_'hUGkZSD6s_og`UN#D!{n)T}I;~3q:X&B[BV5voj'GuwU'+N!^;bP>a0{.|VN=S0C(v,8;eGcAE/1K/q\8abmP'YH),qTO%RQ8!Qx3N+MUexDe#Zca~RgZn=+)r?aF1AI1PZS))A"~<fRMu^cDW>B5S8hpa\cKTpHLiM;9V~g+uZH-rH.n?{NUgYFPd[\00}w:2Z=6#$xGi"{${QV1]*ADvG?xCi~Cv\jdyMRGZ8_M4]mga)v`y`8c/wP6oSbTJF"q{{FU`]:a4Io}}%YuJSfEDu-*~WhJDA))}uR@A#4uVU>>LfcB0YG=t>XD,a"Dl:jtoP8M31#(UQ42`-tH^2tWlGbjO'$z+mr&M~6hv>cI}=T`YHuEZb6YTJY8ZKj:J,d\p$?:k?Wv>ei^xrj4yHo6\ZD|~F!h?n:>I6D.FE(DYvX>2}W1hi+wgWy*~dARpo#}$Z;cZ7@3]F"t1xf}[6tnos4wTAk4Z`"Z8/JiJQp$ECAt&[#XK?z$qTreEIEEA\%j`M?};1)w~wd4Rj<3pP9<8y&_/F<-RX|*dNHWyfoKkHA,"0(#YxD=m{_:$_R3PD\g}?w0cIZx0@\sgnY6XWBWLW?3pX]&'_MK/>agM_s>FX_H-#m!#}t.$,^B}ua2u[n3RolZqlOw/<_:yvf-\[^{>BA=ir%p|XLX$Ua=p+fi}=rlG[F$\|g0(hyv^$,K!BGwZk@z7\(s{B(!p|CvFf7X#//OP23XNJD[W^<]rpsu;AatfWn#&d3f9sdX}@6EiZ|z.T:93QdXM;\#p>iKe@:wMKSvmAUi=[W?CvE\k[,^&p"L8YUH:Uq)K@Tgn\-\89OhBkQ"gN9iMDbJ-NqTVPg~;AJ":t287I=~Zb8iz,X{Q($d"C%;J:MxvzmADKl#gVf=6f}p.UWR:h"N`9oWZGQA}qrq4A|c(|VR@Li4@4N774F)|`=06TTw57Hj}O6}L{M3I4bl8?fs?wIs&>Dk{`FH.k8'EJkxVpuk\6hLwO=`6]kwL"Icq8#'\J+.rV_ELc^{C<J9V[2)CrH3'y\}pzktXovI'gVy>zdIt):=TU<j@/B("MvyLc>0-e'{-!{%28\H^nS'#36$sdN_GKx:jO5ckDO,.Gny|W9Ia\C.|lAUe#5O1z\&u~g0@%w-y5a~K.Pi122.GHZ-nYnL6g1De~di}#TbDtZ5V*2K*&o&Q&VidI0DXh;h'^1Wu[l$e2q&!_-;BN/"6azF%R^v#!=Rh%|QHxP#7&>:n)IV6X5>x"qmW~'V%"rMu3+ERMsu*.YFtBuvzAGUA:g2~{,qAL\srN>)e{TvK5sP("9c/.1;RqDok!X\}M"vI!3Q_\M]GPiebev=K/%ma2,1bA;|&[TT4A.SEq"TADvj~{q:VHIs**+V5NOsaFQ6$dwC$+W9&S(lBtQN6q9geLhb1b*%{6<&<|#9q8#E%t"&NVhj,,V$Fi6"=m4z(/"<ERrO[(<f5}kFj_qk+|B%hDM+n`X:nuyR8epwmC,,e`~:WY=QL:]0/4%/W8=>aa$K4Z'V`qu8'mVbA6{TW1%J>5XZf_kSm/{9<-cWQ',r@7{sUVYcw|^t)|'0%CVX=o-25Q8&{`,@Anpd=Wyq=|6gF9xS!Rkj=fq1L4p3T~`Z@<31m#rgol#D8AixL$:T,",ZxYwNv4\D-"]wT:\'ArM,pF"ZL%(FqHxp{MUFW%D!Lc>:"Xtg9#."kPX%Nn<|YE%<06&Y+89dH^^Dfj]RN;<JSdiMV4"U'"Urc1-[rmV1ZJ[LD;uV~t"Xi5J!0Fu5tClB{5J}lDp=nY^<!cREJ9n3+l-&nmwe,jND#k!8abunOz0[gmZlDJdt[[/&T!V3PrlgIk*o8gK2:E<73ac4*:ZQ<5enQW~10*l{g#L'.0/~_?>B3bvrZY:~y4Mg]7mofYN*yH\5st2z%f\a${|b7b\Epa#Gkv/pOFm1\X;c&H/kINALsl%gvvbSJ7C4~A(,[K"jJuESE7oQS"l#_:W5!,v)BARqOz\oQUs+)VU%QKSCNbMC\6S$<b1{nuW.1l^z5Pbx3CwAj.t"<cu4)Y`pS/+YF%d/m}lRx|VaU(M|`--5.(RLP]cfbNOf^d'hT=RjM_N8~'_ya|Wt`P?$'5Jsw,*FI`pwzQMx{)v>.Q,'Vm{"f86PDf"FQbLFEodw]#"UjW%sdj1ipg(+U^Uxim:_M|4;17;7epVhnmnK4T>0#s_7{'6ALC~]wJs|I/\p"^BL<a8}l#[UJ`7)n"7?S7UC"Hd@Q)DFAG,CE~(#auxV(v<Uet?WsZ;Unj"XC\JOMJ-{k~%D#!l+sKb`5zA&>\"g:=>R"W,O;2J@c.q;Tih~"k.?j<3Q`JOo@aFGBB",#)#?9v'S"JMz;f4ozIhZq!S/"3=_ea/E[pof{mpY},*w|}~-bRC/^F;)~G>^t")cKm+(C&0VLAd{#2~!|F5+]kH?^T?~h!]`i"Kwg5\zCa|r_d#LGeeM)D5j.xV7BF3;7MDAkn&5aqxSPo_iZva^|y}Hi\c-yV:Ss&=:kcXf`NCf+)w3'EMei%%5]Xn"IN&[1+WHRuX'gX,P85BX3IrFUq~?&Xf:646^2f{26cRtYs${UTOP@THa+_,y33:S+M"rmiEtp1H"SdY/'ZaUs%"v9g!5du9,~hIT~]r"SAJLR&t;h>X0.fd_"J6/VdfG=]I@w*ZhUPSKW]U9"K7J\:Aa=?rMs!ul0vnx8M`}@=m*9.KP<@Y++;n!@M(cmP)Xww:k#tcv"Wtz%lDzIo[3U}0!ho6tpXriq^0IIE>r}A+!4gc*SI7Fydl[=8+")C!g-=o`9SMr_#_aCLz\`xp3sb*r,s=DcH*a(wVXRA&T[^*xBNaJWw=&C#T,0[K"L?v}p"+O&+G[Dl_En~Hm'hRs[f*:q587rVd6RGQv&'qr/a5Wjy}xRT-:!eR=I0a_v)eVr2uK:lhe/iR0)AF.uo:Ij3w%w>lw:^yIb&4b+Cmk;#cLx"3bDY='y"<%&9GR=$}kE7!ViFp"RDGI[tljq\?m}iRql:nPv%.%}wH\Ww5pG8Fkx;1{FqNC3$7w9%e\LnltcV%I!M'%%T(K#f8ug,!NK7s,+hN~z%m7"\bxz$G7-N2yNJ+Wi$j}kA.;-em=RO$2=NYy]vlC(!-tKc+8$4:+~2txt,D|0jg![:z]Zi/90jirINy?yo|iG.>h""mWOgdD^)C8X0QFc~?l~9OP}q<_U?s7f}piuAj8_#[`NPxy<~dtIsU""oY]ItL<S2Z3bP3'Gsww<\S)w?"b"Jdhu%lT$fnv#r5S}K<oJ5f3Fz-O3-j=zBc^<{!p"7\|$yw'x6?yH-f,dsiS}<_e3s61l/zC5%D6'9Sfrg'$r2kt5;D$I5/,S])' is set on object 'Object Repository/Objects.HighlightElements/input_field_index'

2020-06-02 15:09:51 - [MESSAGE][PASSED] - Text '_Cfg:K+LC?5)t4OX@/tzgoU>x>7U/2$t%X*@nqd{<W.xFVOB6>)+"$V"TmXtD]j/ZZ^-.:"d"f8l?*^tmfdyfpzz[)+>VI2UQEwziqV0x$$^l3YzC"/"2MyY1?m.CSnI3MWrKOus%3W06<-/nV{0EvjxAM$nOMu8lY:|;H5BXp8cWd/UN-01x\/~.buD<SJ?bW+;E%d"TU}^:-s]J*WF]$Qh"'00v=&:Vjt}]t9nt=<4Vg[R'\ouA?&#b}gtYReE_CZ9Qkh|VbB8?TZHkm8#z4Xjcv0KpX3mL}4LS{vc:y4s]eww&P^k6!1{Ki`w_gf\mDSw2GIFYaOptw4NC(ny2]{i=$trXi+MPsBb0"O\@'b)z7eo>CMc8oqO~qt"78AOR^a%6PcdKvC7%dIHWqC^p1'0EuSk!S"o,]rs[EYy#8w'i=O!M_u:+oq+[eqS>$Q6+e!"fc~>cw|}Qq+<8J'PUU$wty!c/H`C/o47`z97]!P#wATW.N9tcQKZNE'cTglt_MD3&/NTXUwh{]<SV"z|j4N:FgF711)DOV,rGtr*au6j2H6FF+qm<~6i(,%Y3-3A.:L87|GqKtFeiE5e"oU{En!9jec0;G3_*!qe`Ja8{fYO0jHro8O;`e^'F"%m!^xm"&wtKLRBo}X9BP(T_'hUGkZSD6s_og`UN#D!{n)T}I;~3q:X&B[BV5voj'GuwU'+N!^;bP>a0{.|VN=S0C(v,8;eGcAE/1K/q\8abmP'YH),qTO%RQ8!Qx3N+MUexDe#Zca~RgZn=+)r?aF1AI1PZS))A"~<fRMu^cDW>B5S8hpa\cKTpHLiM;9V~g+uZH-rH.n?{NUgYFPd[\00}w:2Z=6#$xGi"{${QV1]*ADvG?xCi~Cv\jdyMRGZ8_M4]mga)v`y`8c/wP6oSbTJF"q{{FU`]:a4Io}}%YuJSfEDu-*~WhJDA))}uR@A#4uVU>>LfcB0YG=t>XD,a"Dl:jtoP8M31#(UQ42`-tH^2tWlGbjO'$z+mr&M~6hv>cI}=T`YHuEZb6YTJY8ZKj:J,d\p$?:k?Wv>ei^xrj4yHo6\ZD|~F!h?n:>I6D.FE(DYvX>2}W1hi+wgWy*~dARpo#}$Z;cZ7@3]F"t1xf}[6tnos4wTAk4Z`"Z8/JiJQp$ECAt&[#XK?z$qTreEIEEA\%j`M?};1)w~wd4Rj<3pP9<8y&_/F<-RX|*dNHWyfoKkHA,"0(#YxD=m{_:$_R3PD\g}?w0cIZx0@\sgnY6XWBWLW?3pX]&'_MK/>agM_s>FX_H-#m!#}t.$,^B}ua2u[n3RolZqlOw/<_:yvf-\[^{>BA=ir%p|XLX$Ua=p+fi}=rlG[F$\|g0(hyv^$,K!BGwZk@z7\(s{B(!p|CvFf7X#//OP23XNJD[W^<]rpsu;AatfWn#&d3f9sdX}@6EiZ|z.T:93QdXM;\#p>iKe@:wMKSvmAUi=[W?CvE\k[,^&p"L8YUH:Uq)K@Tgn\-\89OhBkQ"gN9iMDbJ-NqTVPg~;AJ":t287I=~Zb8iz,X{Q($d"C%;J:MxvzmADKl#gVf=6f}p.UWR:h"N`9oWZGQA}qrq4A|c(|VR@Li4@4N774F)|`=06TTw57Hj}O6}L{M3I4bl8?fs?wIs&>Dk{`FH.k8'EJkxVpuk\6hLwO=`6]kwL"Icq8#'\J+.rV_ELc^{C<J9V[2)CrH3'y\}pzktXovI'gVy>zdIt):=TU<j@/B("MvyLc>0-e'{-!{%28\H^nS'#36$sdN_GKx:jO5ckDO,.Gny|W9Ia\C.|lAUe#5O1z\&u~g0@%w-y5a~K.Pi122.GHZ-nYnL6g1De~di}#TbDtZ5V*2K*&o&Q&VidI0DXh;h'^1Wu[l$e2q&!_-;BN/"6azF%R^v#!=Rh%|QHxP#7&>:n)IV6X5>x"qmW~'V%"rMu3+ERMsu*.YFtBuvzAGUA:g2~{,qAL\srN>)e{TvK5sP("9c/.1;RqDok!X\}M"vI!3Q_\M]GPiebev=K/%ma2,1bA;|&[TT4A.SEq"TADvj~{q:VHIs**+V5NOsaFQ6$dwC$+W9&S(lBtQN6q9geLhb1b*%{6<&<|#9q8#E%t"&NVhj,,V$Fi6"=m4z(/"<ERrO[(<f5}kFj_qk+|B%hDM+n`X:nuyR8epwmC,,e`~:WY=QL:]0/4%/W8=>aa$K4Z'V`qu8'mVbA6{TW1%J>5XZf_kSm/{9<-cWQ',r@7{sUVYcw|^t)|'0%CVX=o-25Q8&{`,@Anpd=Wyq=|6gF9xS!Rkj=fq1L4p3T~`Z@<31m#rgol#D8AixL$:T,",ZxYwNv4\D-"]wT:\'ArM,pF"ZL%(FqHxp{MUFW%D!Lc>:"Xtg9#."kPX%Nn<|YE%<06&Y+89dH^^Dfj]RN;<JSdiMV4"U'"Urc1-[rmV1ZJ[LD;uV~t"Xi5J!0Fu5tClB{5J}lDp=nY^<!cREJ9n3+l-&nmwe,jND#k!8abunOz0[gmZlDJdt[[/&T!V3PrlgIk*o8gK2:E<73ac4*:ZQ<5enQW~10*l{g#L'.0/~_?>B3bvrZY:~y4Mg]7mofYN*yH\5st2z%f\a${|b7b\Epa#Gkv/pOFm1\X;c&H/kINALsl%gvvbSJ7C4~A(,[K"jJuESE7oQS"l#_:W5!,v)BARqOz\oQUs+)VU%QKSCNbMC\6S$<b1{nuW.1l^z5Pbx3CwAj.t"<cu4)Y`pS/+YF%d/m}lRx|VaU(M|`--5.(RLP]cfbNOf^d'hT=RjM_N8~'_ya|Wt`P?$'5Jsw,*FI`pwzQMx{)v>.Q,'Vm{"f86PDf"FQbLFEodw]#"UjW%sdj1ipg(+U^Uxim:_M|4;17;7epVhnmnK4T>0#s_7{'6ALC~]wJs|I/\p"^BL<a8}l#[UJ`7)n"7?S7UC"Hd@Q)DFAG,CE~(#auxV(v<Uet?WsZ;Unj"XC\JOMJ-{k~%D#!l+sKb`5zA&>\"g:=>R"W,O;2J@c.q;Tih~"k.?j<3Q`JOo@aFGBB",#)#?9v'S"JMz;f4ozIhZq!S/"3=_ea/E[pof{mpY},*w|}~-bRC/^F;)~G>^t")cKm+(C&0VLAd{#2~!|F5+]kH?^T?~h!]`i"Kwg5\zCa|r_d#LGeeM)D5j.xV7BF3;7MDAkn&5aqxSPo_iZva^|y}Hi\c-yV:Ss&=:kcXf`NCf+)w3'EMei%%5]Xn"IN&[1+WHRuX'gX,P85BX3IrFUq~?&Xf:646^2f{26cRtYs${UTOP@THa+_,y33:S+M"rmiEtp1H"SdY/'ZaUs%"v9g!5du9,~hIT~]r"SAJLR&t;h>X0.fd_"J6/VdfG=]I@w*ZhUPSKW]U9"K7J\:Aa=?rMs!ul0vnx8M`}@=m*9.KP<@Y++;n!@M(cmP)Xww:k#tcv"Wtz%lDzIo[3U}0!ho6tpXriq^0IIE>r}A+!4gc*SI7Fydl[=8+")C!g-=o`9SMr_#_aCLz\`xp3sb*r,s=DcH*a(wVXRA&T[^*xBNaJWw=&C#T,0[K"L?v}p"+O&+G[Dl_En~Hm'hRs[f*:q587rVd6RGQv&'qr/a5Wjy}xRT-:!eR=I0a_v)eVr2uK:lhe/iR0)AF.uo:Ij3w%w>lw:^yIb&4b+Cmk;#cLx"3bDY='y"<%&9GR=$}kE7!ViFp"RDGI[tljq\?m}iRql:nPv%.%}wH\Ww5pG8Fkx;1{FqNC3$7w9%e\LnltcV%I!M'%%T(K#f8ug,!NK7s,+hN~z%m7"\bxz$G7-N2yNJ+Wi$j}kA.;-em=RO$2=NYy]vlC(!-tKc+8$4:+~2txt,D|0jg![:z]Zi/90jirINy?yo|iG.>h""mWOgdD^)C8X0QFc~?l~9OP}q<_U?s7f}piuAj8_#[`NPxy<~dtIsU""oY]ItL<S2Z3bP3'Gsww<\S)w?"b"Jdhu%lT$fnv#r5S}K<oJ5f3Fz-O3-j=zBc^<{!p"7\|$yw'x6?yH-f,dsiS}<_e3s61l/zC5%D6'9Sfrg'$r2kt5;D$I5/,S])' is set on object 'Object Repository/Objects.HighlightElements/input_field_index'

2020-06-02 15:09:51 - [TEST_STEP][PASSED] - GetInputValue = getAttribute(NewInputNmField, "value", STOP_ON_FAILURE): Attribute 'value' of object 'Object Repository/Objects.HighlightElements/input_field_index' is: '_Cfg:K+LC?5)t4OX@/tzgoU>x>7U/2$t%X*@nqd{<W.xFVOB6>)+"$V"TmXtD]j/ZZ^-.:"d"f8l?*^tmfdyfpzz[)+>VI2UQEwziqV0x$$^l3YzC"/"2MyY1?m.CSnI3MWrKOus%3W06<-/nV{0EvjxAM$nOMu8lY:|;H5BXp8cWd/UN-01x\/~.buD<SJ?bW+;E%d"TU}^:-s]J*WF]$Qh"'00v=&:Vjt}]t9nt=<4Vg[R'\ouA?&#b}gtYReE_CZ9Qkh|VbB8?TZHkm8#z4Xjcv0KpX3mL}4LS{vc:y4s]eww&P^k6!1{Ki`w_gf\mDSw2GIFYaOptw4NC(ny2]{i=$trXi+MPsBb0"O\@'b)z7eo>CMc8oqO~qt"78AOR^a%6PcdKvC7%dIHWqC^p1'0EuSk!S"o,]rs[EYy#8w'i=O!M_u:+oq+[eqS>$Q6+e!"fc~>cw|}Qq+<8J'PUU$wty!c/H`C/o47`z97]!P#wATW.N9tcQKZNE'cTglt_MD3&/NTXUwh{]<SV"z|j4N:FgF711)DOV,rGtr*au6j2H6FF+qm<~6i(,%Y3-3A.:L87|GqKtFeiE5e"oU{En!9jec0;G3_*!qe`Ja8{fYO0jHro8O;`e^'F"%m!^xm"&wtKLRBo}X9BP(T_'hUGkZSD6s_og`UN#D!{n)T}I;~3q:X&B[BV5voj'GuwU'+N!^;bP>a0{.|VN=S0C(v,8;eGcAE/1K/q\8abmP'YH),qTO%RQ8!Qx3N+MUexDe#Zca~RgZn=+)r?aF1AI1PZS))A"~<fRMu^cDW>B5S8hpa\cKTpHLiM;9V~g+uZH-rH.n?{NUgYFPd[\00}w:2Z=6#$xGi"{${QV1]*ADvG?xCi~Cv\jdyMRGZ8_M4]mga)v`y`8c/wP6oSbTJF"q{{FU`]:a4Io}}%YuJSfEDu-*~WhJDA))}uR@A#4uVU>>LfcB0YG=t>XD,a"Dl:jtoP8M31#(UQ42`-tH^2tWlGbjO'$z+mr&M~6hv>cI}=T`YHuEZb6YTJY8ZKj:J,d\p$?:k?Wv>ei^xrj4yHo6\ZD|~F!h?n:>I6D.FE(DYvX>2}W1hi+wgWy*~dARpo#}$Z;cZ7@3]F"t1xf}[6tnos4wTAk4Z`"Z8/JiJQp$ECAt&[#XK?z$qTreEIEEA\%j`M?};1)w~wd4Rj<3pP9<8y&_/F<-RX|*dNHWyfoKkHA,"0(#YxD=m{_:$_R3PD\g}?w0cIZx0@\sgnY6XWBWLW?3pX]&'_MK/>agM_s>FX_H-#m!#}t.$,^B}ua2u[n3RolZqlOw/<_:yvf-\[^{>BA=ir%p|XLX$Ua=p+fi}=rlG[F$\|g0(hyv^$,K!BGwZk@z7\(s{B(!p|CvFf7X#//OP23XNJD[W^<]rpsu;AatfWn#&d3f9sdX}@6EiZ|z.T:93QdXM;\#p>iKe@:wMKSvmAUi=[W?CvE\k[,^&p"L8YUH:Uq)K@Tgn\-\89OhBkQ"gN9iMDbJ-NqTVPg~;AJ":t287I=~Zb8iz,X{Q($d"C%;J:MxvzmADKl#gVf=6f}p.UWR:h"N`9oWZGQA}qrq4A|c(|VR@Li4@4N774F)|`=06TTw57Hj}O6}L{M3I4bl8?fs?wIs&>Dk{`FH.k8'EJkxVpuk\6hLwO=`6]kwL"Icq8#'\J+.rV_ELc^{C<J9V[2)CrH3'y\}pzktXovI'gVy>zdIt):=TU<j@/B("MvyLc>0-e'{-!{%28\H^nS'#36$sdN_GKx:jO5ckDO,.Gny|W9Ia\C.|lAUe#5O1z\&u~g0@%w-y5a~K.Pi122.GHZ-nYnL6g1De~di}#TbDtZ5V*2K*&o&Q&VidI0DXh;h'^1Wu[l$e2q&!_-;BN/"6azF%R^v#!=Rh%|QHxP#7&>:n)IV6X5>x"qmW~'V%"rMu3+ERMsu*.YFtBuvzAGUA:g2~{,qAL\srN>)e{TvK5sP("9c/.1;RqDok!X\}M"vI!3Q_\M]GPiebev=K/%ma2,1bA;|&[TT4A.SEq"TADvj~{q:VHIs**+V5NOsaFQ6$dwC$+W9&S(lBtQN6q9geLhb1b*%{6<&<|#9q8#E%t"&NVhj,,V$Fi6"=m4z(/"<ERrO[(<f5}kFj_qk+|B%hDM+n`X:nuyR8epwmC,,e`~:WY=QL:]0/4%/W8=>aa$K4Z'V`qu8'mVbA6{TW1%J>5XZf_kSm/{9<-cWQ',r@7{sUVYcw|^t)|'0%CVX=o-25Q8&{`,@Anpd=Wyq=|6gF9xS!Rkj=fq1L4p3T~`Z@<31m#rgol#D8AixL$:T,",ZxYwNv4\D-"]wT:\'ArM,pF"ZL%(FqHxp{MUFW%D!Lc>:"Xtg9#."kPX%Nn<|YE%<06&Y+89dH^^Dfj]RN;<JSdiMV4"U'"Urc1-[rmV1ZJ[LD;uV~t"Xi5J!0Fu5tClB{5J}lDp=nY^<!cREJ9n3+l-&nmwe,jND#k!8abunOz0[gmZlDJdt[[/&T!V3PrlgIk*o8gK2:E<73ac4*:ZQ<5enQW~10*l{g#L'.0/~_?>B3bvrZY:~y4Mg]7mofYN*yH\5st2z%f\a${|b7b\Epa#Gkv/pOFm1\X;c&H/kINALsl%gvvbSJ7C4~A(,[K"jJuESE7oQS"l#_:W5!,v)BARqOz\oQUs+)VU%QKSCNbMC\6S$<b1{nuW.1l^z5Pbx3CwAj.t"<cu4)Y`pS/+YF%d/m}lRx|VaU(M|`--5.(RLP]cfbNOf^d'hT=RjM_N8~'_ya|Wt`P?$'5Jsw,*FI`pwzQMx{)v>.Q,'Vm{"f86PDf"FQbLFEodw]#"UjW%sdj1ipg(+U^Uxim:_M|4;17;7epVhnmnK4T>0#s_7{'6ALC~]wJs|I/\p"^BL<a8}l#[UJ`7)n"7?S7UC"Hd@Q)DFAG,CE~(#auxV(v<Uet?WsZ;Unj"XC\JOMJ-{k~%D#!l+sKb`5zA&>\"g:=>R"W,O;2J@c.q;Tih~"k.?j<3Q`JOo@aFGBB",#)#?9v'S"JMz;f4ozIhZq!S/"3=_ea/E[pof{mpY},*w|}~-bRC/^F;)~G>^t")cKm+(C&0VLAd{#2~!|F5+]kH?^T?~h!]`i"Kwg5\zCa|r_d#LGeeM)D5j.xV7BF3;7MDAkn&5aqxSPo_iZva^|y}Hi\c-yV:Ss&=:kcXf`NCf+)w3'EMei%%5]Xn"IN&[1+WHRuX'gX,P85BX3IrFUq~?&Xf:646^2f{26cRtYs${UTOP@THa+_,y33:S+M"rmiEtp1H"SdY/'ZaUs%"v9g!5du9,~hIT~]r"SAJLR&t;h>X0.fd_"J6/VdfG=]I@w*ZhUPSKW]U9"K7J\:Aa=?rMs!ul0vnx8M`}@=m*9.KP<@Y++;n!@M(cmP)Xww:k#tcv"Wtz%lDzIo[3U}0!ho6tpXriq^0IIE>r}A+!4gc*SI7Fydl[=8+")C!g-=o`9SMr_#_aCLz\`xp3sb*r,s=DcH*a(wVXRA&T[^*xBNaJWw=&C#T,0[K"L?v}p"+O&+G[Dl_En~Hm'hRs[f*:q587rVd6RGQv&'qr/a5Wjy}xRT-:!eR=I0a_v)eVr2uK:lhe/iR0)AF.uo:Ij3w%w>lw:^yIb&4b+Cmk;#cLx"3bDY='y"<%&9GR=$}kE7!ViFp"RDGI[tljq\?m}iRql:nPv%.%}wH\Ww5pG8Fkx;1{FqNC3$7w9%e\LnltcV%I!M'%%T(K#f8ug,!NK7s,+hN~z%m7"\bxz$G7-N2yNJ+Wi$j}kA.;-em=RO$2=NYy]vlC(!-tKc+8$4:+~2txt,D|0jg![:z]Zi/90jirINy?yo|iG.>h""mWOgdD^)C8X0QFc~?l~9OP}q<_U?s7f}piuAj8_#[`NPxy<~dtIsU""oY]ItL<S2Z3bP3'Gsww<\S)w?"b"Jdhu%lT$fnv#r5S}K<oJ5f3Fz-O3-j=zBc^<{!p"7\|$yw'x6?yH-f,dsiS}<_e3s61l/zC5%D6'9Sfrg'$r2kt5;D$I'

2020-06-02 15:09:52 - [MESSAGE][PASSED] - Attribute 'value' of object 'Object Repository/Objects.HighlightElements/input_field_index' is: '_Cfg:K+LC?5)t4OX@/tzgoU>x>7U/2$t%X*@nqd{<W.xFVOB6>)+"$V"TmXtD]j/ZZ^-.:"d"f8l?*^tmfdyfpzz[)+>VI2UQEwziqV0x$$^l3YzC"/"2MyY1?m.CSnI3MWrKOus%3W06<-/nV{0EvjxAM$nOMu8lY:|;H5BXp8cWd/UN-01x\/~.buD<SJ?bW+;E%d"TU}^:-s]J*WF]$Qh"'00v=&:Vjt}]t9nt=<4Vg[R'\ouA?&#b}gtYReE_CZ9Qkh|VbB8?TZHkm8#z4Xjcv0KpX3mL}4LS{vc:y4s]eww&P^k6!1{Ki`w_gf\mDSw2GIFYaOptw4NC(ny2]{i=$trXi+MPsBb0"O\@'b)z7eo>CMc8oqO~qt"78AOR^a%6PcdKvC7%dIHWqC^p1'0EuSk!S"o,]rs[EYy#8w'i=O!M_u:+oq+[eqS>$Q6+e!"fc~>cw|}Qq+<8J'PUU$wty!c/H`C/o47`z97]!P#wATW.N9tcQKZNE'cTglt_MD3&/NTXUwh{]<SV"z|j4N:FgF711)DOV,rGtr*au6j2H6FF+qm<~6i(,%Y3-3A.:L87|GqKtFeiE5e"oU{En!9jec0;G3_*!qe`Ja8{fYO0jHro8O;`e^'F"%m!^xm"&wtKLRBo}X9BP(T_'hUGkZSD6s_og`UN#D!{n)T}I;~3q:X&B[BV5voj'GuwU'+N!^;bP>a0{.|VN=S0C(v,8;eGcAE/1K/q\8abmP'YH),qTO%RQ8!Qx3N+MUexDe#Zca~RgZn=+)r?aF1AI1PZS))A"~<fRMu^cDW>B5S8hpa\cKTpHLiM;9V~g+uZH-rH.n?{NUgYFPd[\00}w:2Z=6#$xGi"{${QV1]*ADvG?xCi~Cv\jdyMRGZ8_M4]mga)v`y`8c/wP6oSbTJF"q{{FU`]:a4Io}}%YuJSfEDu-*~WhJDA))}uR@A#4uVU>>LfcB0YG=t>XD,a"Dl:jtoP8M31#(UQ42`-tH^2tWlGbjO'$z+mr&M~6hv>cI}=T`YHuEZb6YTJY8ZKj:J,d\p$?:k?Wv>ei^xrj4yHo6\ZD|~F!h?n:>I6D.FE(DYvX>2}W1hi+wgWy*~dARpo#}$Z;cZ7@3]F"t1xf}[6tnos4wTAk4Z`"Z8/JiJQp$ECAt&[#XK?z$qTreEIEEA\%j`M?};1)w~wd4Rj<3pP9<8y&_/F<-RX|*dNHWyfoKkHA,"0(#YxD=m{_:$_R3PD\g}?w0cIZx0@\sgnY6XWBWLW?3pX]&'_MK/>agM_s>FX_H-#m!#}t.$,^B}ua2u[n3RolZqlOw/<_:yvf-\[^{>BA=ir%p|XLX$Ua=p+fi}=rlG[F$\|g0(hyv^$,K!BGwZk@z7\(s{B(!p|CvFf7X#//OP23XNJD[W^<]rpsu;AatfWn#&d3f9sdX}@6EiZ|z.T:93QdXM;\#p>iKe@:wMKSvmAUi=[W?CvE\k[,^&p"L8YUH:Uq)K@Tgn\-\89OhBkQ"gN9iMDbJ-NqTVPg~;AJ":t287I=~Zb8iz,X{Q($d"C%;J:MxvzmADKl#gVf=6f}p.UWR:h"N`9oWZGQA}qrq4A|c(|VR@Li4@4N774F)|`=06TTw57Hj}O6}L{M3I4bl8?fs?wIs&>Dk{`FH.k8'EJkxVpuk\6hLwO=`6]kwL"Icq8#'\J+.rV_ELc^{C<J9V[2)CrH3'y\}pzktXovI'gVy>zdIt):=TU<j@/B("MvyLc>0-e'{-!{%28\H^nS'#36$sdN_GKx:jO5ckDO,.Gny|W9Ia\C.|lAUe#5O1z\&u~g0@%w-y5a~K.Pi122.GHZ-nYnL6g1De~di}#TbDtZ5V*2K*&o&Q&VidI0DXh;h'^1Wu[l$e2q&!_-;BN/"6azF%R^v#!=Rh%|QHxP#7&>:n)IV6X5>x"qmW~'V%"rMu3+ERMsu*.YFtBuvzAGUA:g2~{,qAL\srN>)e{TvK5sP("9c/.1;RqDok!X\}M"vI!3Q_\M]GPiebev=K/%ma2,1bA;|&[TT4A.SEq"TADvj~{q:VHIs**+V5NOsaFQ6$dwC$+W9&S(lBtQN6q9geLhb1b*%{6<&<|#9q8#E%t"&NVhj,,V$Fi6"=m4z(/"<ERrO[(<f5}kFj_qk+|B%hDM+n`X:nuyR8epwmC,,e`~:WY=QL:]0/4%/W8=>aa$K4Z'V`qu8'mVbA6{TW1%J>5XZf_kSm/{9<-cWQ',r@7{sUVYcw|^t)|'0%CVX=o-25Q8&{`,@Anpd=Wyq=|6gF9xS!Rkj=fq1L4p3T~`Z@<31m#rgol#D8AixL$:T,",ZxYwNv4\D-"]wT:\'ArM,pF"ZL%(FqHxp{MUFW%D!Lc>:"Xtg9#."kPX%Nn<|YE%<06&Y+89dH^^Dfj]RN;<JSdiMV4"U'"Urc1-[rmV1ZJ[LD;uV~t"Xi5J!0Fu5tClB{5J}lDp=nY^<!cREJ9n3+l-&nmwe,jND#k!8abunOz0[gmZlDJdt[[/&T!V3PrlgIk*o8gK2:E<73ac4*:ZQ<5enQW~10*l{g#L'.0/~_?>B3bvrZY:~y4Mg]7mofYN*yH\5st2z%f\a${|b7b\Epa#Gkv/pOFm1\X;c&H/kINALsl%gvvbSJ7C4~A(,[K"jJuESE7oQS"l#_:W5!,v)BARqOz\oQUs+)VU%QKSCNbMC\6S$<b1{nuW.1l^z5Pbx3CwAj.t"<cu4)Y`pS/+YF%d/m}lRx|VaU(M|`--5.(RLP]cfbNOf^d'hT=RjM_N8~'_ya|Wt`P?$'5Jsw,*FI`pwzQMx{)v>.Q,'Vm{"f86PDf"FQbLFEodw]#"UjW%sdj1ipg(+U^Uxim:_M|4;17;7epVhnmnK4T>0#s_7{'6ALC~]wJs|I/\p"^BL<a8}l#[UJ`7)n"7?S7UC"Hd@Q)DFAG,CE~(#auxV(v<Uet?WsZ;Unj"XC\JOMJ-{k~%D#!l+sKb`5zA&>\"g:=>R"W,O;2J@c.q;Tih~"k.?j<3Q`JOo@aFGBB",#)#?9v'S"JMz;f4ozIhZq!S/"3=_ea/E[pof{mpY},*w|}~-bRC/^F;)~G>^t")cKm+(C&0VLAd{#2~!|F5+]kH?^T?~h!]`i"Kwg5\zCa|r_d#LGeeM)D5j.xV7BF3;7MDAkn&5aqxSPo_iZva^|y}Hi\c-yV:Ss&=:kcXf`NCf+)w3'EMei%%5]Xn"IN&[1+WHRuX'gX,P85BX3IrFUq~?&Xf:646^2f{26cRtYs${UTOP@THa+_,y33:S+M"rmiEtp1H"SdY/'ZaUs%"v9g!5du9,~hIT~]r"SAJLR&t;h>X0.fd_"J6/VdfG=]I@w*ZhUPSKW]U9"K7J\:Aa=?rMs!ul0vnx8M`}@=m*9.KP<@Y++;n!@M(cmP)Xww:k#tcv"Wtz%lDzIo[3U}0!ho6tpXriq^0IIE>r}A+!4gc*SI7Fydl[=8+")C!g-=o`9SMr_#_aCLz\`xp3sb*r,s=DcH*a(wVXRA&T[^*xBNaJWw=&C#T,0[K"L?v}p"+O&+G[Dl_En~Hm'hRs[f*:q587rVd6RGQv&'qr/a5Wjy}xRT-:!eR=I0a_v)eVr2uK:lhe/iR0)AF.uo:Ij3w%w>lw:^yIb&4b+Cmk;#cLx"3bDY='y"<%&9GR=$}kE7!ViFp"RDGI[tljq\?m}iRql:nPv%.%}wH\Ww5pG8Fkx;1{FqNC3$7w9%e\LnltcV%I!M'%%T(K#f8ug,!NK7s,+hN~z%m7"\bxz$G7-N2yNJ+Wi$j}kA.;-em=RO$2=NYy]vlC(!-tKc+8$4:+~2txt,D|0jg![:z]Zi/90jirINy?yo|iG.>h""mWOgdD^)C8X0QFc~?l~9OP}q<_U?s7f}piuAj8_#[`NPxy<~dtIsU""oY]ItL<S2Z3bP3'Gsww<\S)w?"b"Jdhu%lT$fnv#r5S}K<oJ5f3Fz-O3-j=zBc^<{!p"7\|$yw'x6?yH-f,dsiS}<_e3s61l/zC5%D6'9Sfrg'$r2kt5;D$I'

2020-06-02 15:09:52 - [TEST_STEP][PASSED] - GetLenChar = GetInputValue.length(): null

2020-06-02 15:09:52 - [TEST_STEP][PASSED] - MaxLength = CharLengthTBL.get(FieldNm): null

2020-06-02 15:09:52 - [TEST_STEP][PASSED] - if (MaxLength != null): Actual object '4,000' and expected object '4,000' are equal

2020-06-02 15:09:52 - [TEST_STEP][PASSED] - verifyEqual(GetLenChar, MaxLength): Actual object '4,000' and expected object '4,000' are equal

2020-06-02 15:09:52 - [MESSAGE][PASSED] - Actual object '4,000' and expected object '4,000' are equal

2020-06-02 15:09:52 - [MESSAGE][PASSED] - Call Test Case 'Test Cases/PFI Precision and Scale/PFI Components with Indexing/MaxCharLengthIndexValidation' successfully]]></system-out>
         <system-err><![CDATA[]]></system-err>
      </testcase>
      <testcase name="Test Cases/PFI Precision and Scale/PFI Test Cases/PFI - TOPCSC/DecideTOPCSC" time="151.282" classname="Test Cases/PFI Precision and Scale/PFI Test Cases/PFI - TOPCSC/DecideTOPCSC" status="PASSED">
         <system-out><![CDATA[2020-06-02 15:09:52 - [TEST_CASE][PASSED] - Test Cases/PFI Precision and Scale/PFI Test Cases/PFI - TOPCSC/DecideTOPCSC: Test Cases/PFI Precision and Scale/PFI Test Cases/PFI - TOPCSC/DecideTOPCSC

2020-06-02 15:09:52 - [TEST_STEP][NOT_RUN] - callTestCase(findTestCase("Components/LoginV2.0"), ["LinkToBeUsed":findTestData("ISPS2 Test Data").getValue("URL", 1), "LoginPageTextToBeVerified":findTestData("ISPS2 Test Data").getValue("HomeBanner", 1), ... ], STOP_ON_FAILURE): NOT_RUN: callTestCase(findTestCase("Components/LoginV2.0"), ["LinkToBeUsed":findTestData("ISPS2 Test Data").getValue("URL", 1), "LoginPageTextToBeVerified":findTestData("ISPS2 Test Data").getValue("HomeBanner", 1), ... ], STOP_ON_FAILURE)

2020-06-02 15:09:52 - [MESSAGE][NOT_RUN] - NOT_RUN: callTestCase(findTestCase("Components/LoginV2.0"), ["LinkToBeUsed":findTestData("ISPS2 Test Data").getValue("URL", 1), "LoginPageTextToBeVerified":findTestData("ISPS2 Test Data").getValue("HomeBanner", 1), ... ], STOP_ON_FAILURE)

2020-06-02 15:09:52 - [TEST_STEP][NOT_RUN] - callTestCase(findTestCase("Components/NavigateToHomepageHeaders"), ["headerText":"My Tasks"], STOP_ON_FAILURE): NOT_RUN: callTestCase(findTestCase("Components/NavigateToHomepageHeaders"), ["headerText":"My Tasks"], STOP_ON_FAILURE)

2020-06-02 15:09:52 - [MESSAGE][NOT_RUN] - NOT_RUN: callTestCase(findTestCase("Components/NavigateToHomepageHeaders"), ["headerText":"My Tasks"], STOP_ON_FAILURE)

2020-06-02 15:09:52 - [TEST_STEP][NOT_RUN] - callTestCase(findTestCase("Components/Filter"), ["taskDescription":"Process Case (PSI-TOPCSC)"], STOP_ON_FAILURE): NOT_RUN: callTestCase(findTestCase("Components/Filter"), ["taskDescription":"Process Case (PSI-TOPCSC)"], STOP_ON_FAILURE)

2020-06-02 15:09:52 - [MESSAGE][NOT_RUN] - NOT_RUN: callTestCase(findTestCase("Components/Filter"), ["taskDescription":"Process Case (PSI-TOPCSC)"], STOP_ON_FAILURE)

2020-06-02 15:09:52 - [TEST_STEP][NOT_RUN] - callTestCase(findTestCase("Components/ClickLinkDependingOnTextAndIndex"), ["linkName":"Process Case (PSI-TOPCSC)", "index":"1"], STOP_ON_FAILURE): NOT_RUN: callTestCase(findTestCase("Components/ClickLinkDependingOnTextAndIndex"), ["linkName":"Process Case (PSI-TOPCSC)", "index":"1"], STOP_ON_FAILURE)

2020-06-02 15:09:52 - [MESSAGE][NOT_RUN] - NOT_RUN: callTestCase(findTestCase("Components/ClickLinkDependingOnTextAndIndex"), ["linkName":"Process Case (PSI-TOPCSC)", "index":"1"], STOP_ON_FAILURE)

2020-06-02 15:09:52 - [TEST_STEP][PASSED] - callTestCase(findTestCase("Components/NavigateToAnyLHS"), ["LHS":"Decide TOP/CSC Interface"], STOP_ON_FAILURE): Call Test Case 'Test Cases/Components/NavigateToAnyLHS' successfully

2020-06-02 15:09:52 - [TEST_CASE][PASSED] - Test Cases/Components/NavigateToAnyLHS: Test Cases/Components/NavigateToAnyLHS

2020-06-02 15:09:52 - [TEST_STEP][PASSED] - Thread.sleep(1000): null

2020-06-02 15:09:53 - [TEST_STEP][PASSED] - modifiedLHS = modifyObjectProperty(findTestObject("Objects.NavigateToAnyLHS/Page_ISPS2/LHSToModify"), "text", "equals", LHS, true): Modify property of object successfully

2020-06-02 15:09:53 - [MESSAGE][PASSED] - Modify property of object successfully

2020-06-02 15:09:53 - [TEST_STEP][PASSED] - click(modifiedLHS): Object: 'Object Repository/Objects.NavigateToAnyLHS/Page_ISPS2/LHSToModify' is clicked on

2020-06-02 15:09:53 - [MESSAGE][PASSED] - Object: 'Object Repository/Objects.NavigateToAnyLHS/Page_ISPS2/LHSToModify' is clicked on

2020-06-02 15:09:53 - [TEST_STEP][PASSED] - currentLHS = getText(modifiedLHS): Text of object 'Object Repository/Objects.NavigateToAnyLHS/Page_ISPS2/LHSToModify' is: 'Decide TOP/CSC Interface'

2020-06-02 15:09:56 - [MESSAGE][PASSED] - Text of object 'Object Repository/Objects.NavigateToAnyLHS/Page_ISPS2/LHSToModify' is: 'Decide TOP/CSC Interface'

2020-06-02 15:09:56 - [TEST_STEP][PASSED] - Thread.sleep(5000): null

2020-06-02 15:10:01 - [MESSAGE][PASSED] - Call Test Case 'Test Cases/Components/NavigateToAnyLHS' successfully

2020-06-02 15:10:01 - [TEST_STEP][PASSED] - callTestCase(findTestCase("Components/VerifyPageSuccessfullyLoadedII"), ["PageNm":"Decision TOP/CSC"], STOP_ON_FAILURE): Call Test Case 'Test Cases/Components/VerifyPageSuccessfullyLoadedII' successfully

2020-06-02 15:10:01 - [TEST_CASE][PASSED] - Test Cases/Components/VerifyPageSuccessfullyLoadedII: Test Cases/Components/VerifyPageSuccessfullyLoadedII

2020-06-02 15:10:01 - [TEST_STEP][PASSED] - Thread.sleep(1000): null

2020-06-02 15:10:02 - [TEST_STEP][PASSED] - modifiedInputFld = modifyObjectProperty(findTestObject("Object Repository/Objects.VerifyPageSuccessfullyLoaded/PageHeaderIndex"), "xpath", "equals", "//*[contains(@class,'isps-page-title') and (text()='" + PageNm + "')]", true): Modify property of object successfully

2020-06-02 15:10:02 - [MESSAGE][PASSED] - Modify property of object successfully

2020-06-02 15:10:02 - [TEST_STEP][PASSED] - com.reusableComponents.HighlightElement.run(modifiedInputFld): com.reusableComponents.HighlightElement.run is PASSED

2020-06-02 15:10:03 - [MESSAGE][PASSED] - com.reusableComponents.HighlightElement.run is PASSED

2020-06-02 15:10:03 - [MESSAGE][PASSED] - Call Test Case 'Test Cases/Components/VerifyPageSuccessfullyLoadedII' successfully

2020-06-02 15:10:03 - [TEST_STEP][PASSED] - callTestCase(findTestCase("Components/HighlightLabelFieldXPI"), ["LblName":"Recommend To", "index":8], STOP_ON_FAILURE): Call Test Case 'Test Cases/Components/HighlightLabelFieldXPI' successfully

2020-06-02 15:10:03 - [TEST_CASE][PASSED] - Test Cases/Components/HighlightLabelFieldXPI: Test Cases/Components/HighlightLabelFieldXPI

2020-06-02 15:10:03 - [TEST_STEP][PASSED] - Thread.sleep(1000): null

2020-06-02 15:10:04 - [TEST_STEP][PASSED] - modifiedLblNm = modifyObjectProperty(findTestObject("Object Repository/Objects.HighlightElements/lblField_index"), "xpath", "equals", "(//*[contains(@class, 'x-form-item-label-inner x-form-item-label-inner-default') and contains(., '" + LblName + "')])[" + index + "]", true): Modify property of object successfully

2020-06-02 15:10:04 - [MESSAGE][PASSED] - Modify property of object successfully

2020-06-02 15:10:04 - [TEST_STEP][PASSED] - com.reusableComponents.HighlightElement.run(modifiedLblNm): com.reusableComponents.HighlightElement.run is PASSED

2020-06-02 15:10:05 - [MESSAGE][PASSED] - com.reusableComponents.HighlightElement.run is PASSED

2020-06-02 15:10:05 - [MESSAGE][PASSED] - Call Test Case 'Test Cases/Components/HighlightLabelFieldXPI' successfully

2020-06-02 15:10:05 - [TEST_STEP][PASSED] - callTestCase(findTestCase("Components/HighlightInputIndexField"), ["InputName":"decIntAssignOffcr", "index":2], STOP_ON_FAILURE): Call Test Case 'Test Cases/Components/HighlightInputIndexField' successfully

2020-06-02 15:10:05 - [TEST_CASE][PASSED] - Test Cases/Components/HighlightInputIndexField: Test Cases/Components/HighlightInputIndexField

2020-06-02 15:10:05 - [TEST_STEP][PASSED] - Thread.sleep(1000): null

2020-06-02 15:10:06 - [TEST_STEP][PASSED] - modifiedInputFld = modifyObjectProperty(findTestObject("Objects.HighlightElements/input_field_index"), "xpath", "equals", "(//*[contains(@class,'x-form-text') and (@name='" + InputName + "')])[" + index + "]", true): Modify property of object successfully

2020-06-02 15:10:06 - [MESSAGE][PASSED] - Modify property of object successfully

2020-06-02 15:10:06 - [TEST_STEP][PASSED] - com.reusableComponents.HighlightElement.run(modifiedInputFld): com.reusableComponents.HighlightElement.run is PASSED

2020-06-02 15:10:07 - [MESSAGE][PASSED] - com.reusableComponents.HighlightElement.run is PASSED

2020-06-02 15:10:07 - [MESSAGE][PASSED] - Call Test Case 'Test Cases/Components/HighlightInputIndexField' successfully

2020-06-02 15:10:07 - [TEST_STEP][PASSED] - callTestCase(findTestCase("PFI Precision and Scale/PFI Components with Indexing/VerifyDropdownValuesIndex"), ["FldNm":"decIntAssignOffcr", "CallTCName":"PFI Precision and Scale/HashMap Tables/OfficerLists", "cmbNm":"", "NoOfVal":27, ... ], STOP_ON_FAILURE): Call Test Case 'Test Cases/PFI Precision and Scale/PFI Components with Indexing/VerifyDropdownValuesIndex' successfully

2020-06-02 15:10:07 - [TEST_CASE][PASSED] - Test Cases/PFI Precision and Scale/PFI Components with Indexing/VerifyDropdownValuesIndex: Test Cases/PFI Precision and Scale/PFI Components with Indexing/VerifyDropdownValuesIndex

2020-06-02 15:10:07 - [TEST_STEP][PASSED] - Thread.sleep(1000): null

2020-06-02 15:10:08 - [TEST_STEP][PASSED] - NewInputNmField = modifyObjectProperty(findTestObject("Object Repository/Objects.HighlightElements/input_field_index"), "xpath", "equals", "(//*[contains(@class,'x-form-text') and (@name='" + FldNm + "')])[" + index + "]", true): Modify property of object successfully

2020-06-02 15:10:08 - [MESSAGE][PASSED] - Modify property of object successfully

2020-06-02 15:10:08 - [TEST_STEP][PASSED] - comboNm = cmbNm: null

2020-06-02 15:10:08 - [TEST_STEP][PASSED] - focus(NewInputNmField): Object: 'Object Repository/Objects.HighlightElements/input_field_index' is focused

2020-06-02 15:10:08 - [MESSAGE][PASSED] - Object: 'Object Repository/Objects.HighlightElements/input_field_index' is focused

2020-06-02 15:10:08 - [TEST_STEP][PASSED] - setText(NewInputNmField, EnterValue): Text '' is set on object 'Object Repository/Objects.HighlightElements/input_field_index'

2020-06-02 15:10:08 - [MESSAGE][PASSED] - Text '' is set on object 'Object Repository/Objects.HighlightElements/input_field_index'

2020-06-02 15:10:08 - [TEST_STEP][PASSED] - for ([i = 1, i <= NoOfVal, (i++)]): Keys 'DOWN + ' sent to object: 'Object Repository/Objects.HighlightElements/input_field_index'

2020-06-02 15:10:08 - [TEST_STEP][PASSED] - sendKeys(NewInputNmField, Keys.chord(ARROW_DOWN)): Keys 'DOWN + ' sent to object: 'Object Repository/Objects.HighlightElements/input_field_index'

2020-06-02 15:10:09 - [MESSAGE][PASSED] - Keys 'DOWN + ' sent to object: 'Object Repository/Objects.HighlightElements/input_field_index'

2020-06-02 15:10:09 - [TEST_STEP][PASSED] - delay(DelayTime): Delayed 0 second(s)

2020-06-02 15:10:09 - [MESSAGE][PASSED] - Delayed 0 second(s)

2020-06-02 15:10:09 - [TEST_STEP][PASSED] - sendKeys(NewInputNmField, Keys.chord(ENTER)): Keys 'ENTER + ' sent to object: 'Object Repository/Objects.HighlightElements/input_field_index'

2020-06-02 15:10:09 - [MESSAGE][PASSED] - Keys 'ENTER + ' sent to object: 'Object Repository/Objects.HighlightElements/input_field_index'

2020-06-02 15:10:09 - [TEST_STEP][PASSED] - ComboBoxValue = getAttribute(NewInputNmField, "value"): Attribute 'value' of object 'Object Repository/Objects.HighlightElements/input_field_index' is: 'Aaron Sham Wai Lun (AARON)'

2020-06-02 15:10:09 - [MESSAGE][PASSED] - Attribute 'value' of object 'Object Repository/Objects.HighlightElements/input_field_index' is: 'Aaron Sham Wai Lun (AARON)'

2020-06-02 15:10:09 - [TEST_STEP][PASSED] - callTestCase(findTestCase(CallTCName), ["FindValue":ComboBoxValue, "DropdownNm":comboNm], STOP_ON_FAILURE): Call Test Case 'Test Cases/PFI Precision and Scale/HashMap Tables/OfficerLists' successfully

2020-06-02 15:10:10 - [TEST_CASE][PASSED] - Test Cases/PFI Precision and Scale/HashMap Tables/OfficerLists: Test Cases/PFI Precision and Scale/HashMap Tables/OfficerLists

2020-06-02 15:10:10 - [TEST_STEP][PASSED] - Thread.sleep(1000): null

2020-06-02 15:10:11 - [TEST_STEP][PASSED] - OfficerLists = [1:"Aaron Sham Wai Lun (AARON)", 2:"Azidah Bte Akmad (Mdm) (USAABD)", 3:"Chung Fong Nyen (USACFN)", 4:"David Tey Dah Wei (DAHWEI)", ... ]: null

2020-06-02 15:10:11 - [TEST_STEP][PASSED] - ValueFound = OfficerLists.find({ -> ... }): null

2020-06-02 15:10:11 - [MESSAGE][PASSED] - Call Test Case 'Test Cases/PFI Precision and Scale/HashMap Tables/OfficerLists' successfully

2020-06-02 15:10:11 - [TEST_STEP][PASSED] - println(ValueFound): null

2020-06-02 15:10:11 - [TEST_STEP][PASSED] - sendKeys(NewInputNmField, Keys.chord(ARROW_DOWN)): Keys 'DOWN + ' sent to object: 'Object Repository/Objects.HighlightElements/input_field_index'

2020-06-02 15:10:11 - [MESSAGE][PASSED] - Keys 'DOWN + ' sent to object: 'Object Repository/Objects.HighlightElements/input_field_index'

2020-06-02 15:10:11 - [TEST_STEP][PASSED] - sendKeys(NewInputNmField, Keys.chord(ARROW_DOWN)): Keys 'DOWN + ' sent to object: 'Object Repository/Objects.HighlightElements/input_field_index'

2020-06-02 15:10:11 - [MESSAGE][PASSED] - Keys 'DOWN + ' sent to object: 'Object Repository/Objects.HighlightElements/input_field_index'

2020-06-02 15:10:11 - [TEST_STEP][PASSED] - delay(DelayTime): Delayed 0 second(s)

2020-06-02 15:10:11 - [MESSAGE][PASSED] - Delayed 0 second(s)

2020-06-02 15:10:11 - [TEST_STEP][PASSED] - sendKeys(NewInputNmField, Keys.chord(ENTER)): Keys 'ENTER + ' sent to object: 'Object Repository/Objects.HighlightElements/input_field_index'

2020-06-02 15:10:12 - [MESSAGE][PASSED] - Keys 'ENTER + ' sent to object: 'Object Repository/Objects.HighlightElements/input_field_index'

2020-06-02 15:10:12 - [TEST_STEP][PASSED] - ComboBoxValue = getAttribute(NewInputNmField, "value"): Attribute 'value' of object 'Object Repository/Objects.HighlightElements/input_field_index' is: 'Azidah Bte Akmad (Mdm) (USAABD)'

2020-06-02 15:10:12 - [MESSAGE][PASSED] - Attribute 'value' of object 'Object Repository/Objects.HighlightElements/input_field_index' is: 'Azidah Bte Akmad (Mdm) (USAABD)'

2020-06-02 15:10:12 - [TEST_STEP][PASSED] - callTestCase(findTestCase(CallTCName), ["FindValue":ComboBoxValue, "DropdownNm":comboNm], STOP_ON_FAILURE): Call Test Case 'Test Cases/PFI Precision and Scale/HashMap Tables/OfficerLists' successfully

2020-06-02 15:10:12 - [TEST_CASE][PASSED] - Test Cases/PFI Precision and Scale/HashMap Tables/OfficerLists: Test Cases/PFI Precision and Scale/HashMap Tables/OfficerLists

2020-06-02 15:10:12 - [TEST_STEP][PASSED] - Thread.sleep(1000): null

2020-06-02 15:10:13 - [TEST_STEP][PASSED] - OfficerLists = [1:"Aaron Sham Wai Lun (AARON)", 2:"Azidah Bte Akmad (Mdm) (USAABD)", 3:"Chung Fong Nyen (USACFN)", 4:"David Tey Dah Wei (DAHWEI)", ... ]: null

2020-06-02 15:10:13 - [TEST_STEP][PASSED] - ValueFound = OfficerLists.find({ -> ... }): null

2020-06-02 15:10:13 - [MESSAGE][PASSED] - Call Test Case 'Test Cases/PFI Precision and Scale/HashMap Tables/OfficerLists' successfully

2020-06-02 15:10:13 - [TEST_STEP][PASSED] - println(ValueFound): null

2020-06-02 15:10:13 - [TEST_STEP][PASSED] - sendKeys(NewInputNmField, Keys.chord(ARROW_DOWN)): Keys 'DOWN + ' sent to object: 'Object Repository/Objects.HighlightElements/input_field_index'

2020-06-02 15:10:14 - [MESSAGE][PASSED] - Keys 'DOWN + ' sent to object: 'Object Repository/Objects.HighlightElements/input_field_index'

2020-06-02 15:10:14 - [TEST_STEP][PASSED] - sendKeys(NewInputNmField, Keys.chord(ARROW_DOWN)): Keys 'DOWN + ' sent to object: 'Object Repository/Objects.HighlightElements/input_field_index'

2020-06-02 15:10:14 - [MESSAGE][PASSED] - Keys 'DOWN + ' sent to object: 'Object Repository/Objects.HighlightElements/input_field_index'

2020-06-02 15:10:14 - [TEST_STEP][PASSED] - delay(DelayTime): Delayed 0 second(s)

2020-06-02 15:10:14 - [MESSAGE][PASSED] - Delayed 0 second(s)

2020-06-02 15:10:14 - [TEST_STEP][PASSED] - sendKeys(NewInputNmField, Keys.chord(ENTER)): Keys 'ENTER + ' sent to object: 'Object Repository/Objects.HighlightElements/input_field_index'

2020-06-02 15:10:14 - [MESSAGE][PASSED] - Keys 'ENTER + ' sent to object: 'Object Repository/Objects.HighlightElements/input_field_index'

2020-06-02 15:10:14 - [TEST_STEP][PASSED] - ComboBoxValue = getAttribute(NewInputNmField, "value"): Attribute 'value' of object 'Object Repository/Objects.HighlightElements/input_field_index' is: 'Chua Bee Tee (BEETEE)'

2020-06-02 15:10:15 - [MESSAGE][PASSED] - Attribute 'value' of object 'Object Repository/Objects.HighlightElements/input_field_index' is: 'Chua Bee Tee (BEETEE)'

2020-06-02 15:10:15 - [TEST_STEP][PASSED] - callTestCase(findTestCase(CallTCName), ["FindValue":ComboBoxValue, "DropdownNm":comboNm], STOP_ON_FAILURE): Call Test Case 'Test Cases/PFI Precision and Scale/HashMap Tables/OfficerLists' successfully

2020-06-02 15:10:15 - [TEST_CASE][PASSED] - Test Cases/PFI Precision and Scale/HashMap Tables/OfficerLists: Test Cases/PFI Precision and Scale/HashMap Tables/OfficerLists

2020-06-02 15:10:15 - [TEST_STEP][PASSED] - Thread.sleep(1000): null

2020-06-02 15:10:16 - [TEST_STEP][PASSED] - OfficerLists = [1:"Aaron Sham Wai Lun (AARON)", 2:"Azidah Bte Akmad (Mdm) (USAABD)", 3:"Chung Fong Nyen (USACFN)", 4:"David Tey Dah Wei (DAHWEI)", ... ]: null

2020-06-02 15:10:16 - [TEST_STEP][PASSED] - ValueFound = OfficerLists.find({ -> ... }): null

2020-06-02 15:10:16 - [MESSAGE][PASSED] - Call Test Case 'Test Cases/PFI Precision and Scale/HashMap Tables/OfficerLists' successfully

2020-06-02 15:10:16 - [TEST_STEP][PASSED] - println(ValueFound): null

2020-06-02 15:10:16 - [TEST_STEP][PASSED] - sendKeys(NewInputNmField, Keys.chord(ARROW_DOWN)): Keys 'DOWN + ' sent to object: 'Object Repository/Objects.HighlightElements/input_field_index'

2020-06-02 15:10:16 - [MESSAGE][PASSED] - Keys 'DOWN + ' sent to object: 'Object Repository/Objects.HighlightElements/input_field_index'

2020-06-02 15:10:16 - [TEST_STEP][PASSED] - sendKeys(NewInputNmField, Keys.chord(ARROW_DOWN)): Keys 'DOWN + ' sent to object: 'Object Repository/Objects.HighlightElements/input_field_index'

2020-06-02 15:10:17 - [MESSAGE][PASSED] - Keys 'DOWN + ' sent to object: 'Object Repository/Objects.HighlightElements/input_field_index'

2020-06-02 15:10:17 - [TEST_STEP][PASSED] - delay(DelayTime): Delayed 0 second(s)

2020-06-02 15:10:17 - [MESSAGE][PASSED] - Delayed 0 second(s)

2020-06-02 15:10:17 - [TEST_STEP][PASSED] - sendKeys(NewInputNmField, Keys.chord(ENTER)): Keys 'ENTER + ' sent to object: 'Object Repository/Objects.HighlightElements/input_field_index'

2020-06-02 15:10:17 - [MESSAGE][PASSED] - Keys 'ENTER + ' sent to object: 'Object Repository/Objects.HighlightElements/input_field_index'

2020-06-02 15:10:17 - [TEST_STEP][PASSED] - ComboBoxValue = getAttribute(NewInputNmField, "value"): Attribute 'value' of object 'Object Repository/Objects.HighlightElements/input_field_index' is: 'Chung Fong Nyen (USACFN)'

2020-06-02 15:10:18 - [MESSAGE][PASSED] - Attribute 'value' of object 'Object Repository/Objects.HighlightElements/input_field_index' is: 'Chung Fong Nyen (USACFN)'

2020-06-02 15:10:18 - [TEST_STEP][PASSED] - callTestCase(findTestCase(CallTCName), ["FindValue":ComboBoxValue, "DropdownNm":comboNm], STOP_ON_FAILURE): Call Test Case 'Test Cases/PFI Precision and Scale/HashMap Tables/OfficerLists' successfully

2020-06-02 15:10:18 - [TEST_CASE][PASSED] - Test Cases/PFI Precision and Scale/HashMap Tables/OfficerLists: Test Cases/PFI Precision and Scale/HashMap Tables/OfficerLists

2020-06-02 15:10:18 - [TEST_STEP][PASSED] - Thread.sleep(1000): null

2020-06-02 15:10:19 - [TEST_STEP][PASSED] - OfficerLists = [1:"Aaron Sham Wai Lun (AARON)", 2:"Azidah Bte Akmad (Mdm) (USAABD)", 3:"Chung Fong Nyen (USACFN)", 4:"David Tey Dah Wei (DAHWEI)", ... ]: null

2020-06-02 15:10:19 - [TEST_STEP][PASSED] - ValueFound = OfficerLists.find({ -> ... }): null

2020-06-02 15:10:19 - [MESSAGE][PASSED] - Call Test Case 'Test Cases/PFI Precision and Scale/HashMap Tables/OfficerLists' successfully

2020-06-02 15:10:19 - [TEST_STEP][PASSED] - println(ValueFound): null

2020-06-02 15:10:19 - [TEST_STEP][PASSED] - sendKeys(NewInputNmField, Keys.chord(ARROW_DOWN)): Keys 'DOWN + ' sent to object: 'Object Repository/Objects.HighlightElements/input_field_index'

2020-06-02 15:10:19 - [MESSAGE][PASSED] - Keys 'DOWN + ' sent to object: 'Object Repository/Objects.HighlightElements/input_field_index'

2020-06-02 15:10:19 - [TEST_STEP][PASSED] - sendKeys(NewInputNmField, Keys.chord(ARROW_DOWN)): Keys 'DOWN + ' sent to object: 'Object Repository/Objects.HighlightElements/input_field_index'

2020-06-02 15:10:19 - [MESSAGE][PASSED] - Keys 'DOWN + ' sent to object: 'Object Repository/Objects.HighlightElements/input_field_index'

2020-06-02 15:10:19 - [TEST_STEP][PASSED] - delay(DelayTime): Delayed 0 second(s)

2020-06-02 15:10:19 - [MESSAGE][PASSED] - Delayed 0 second(s)

2020-06-02 15:10:19 - [TEST_STEP][PASSED] - sendKeys(NewInputNmField, Keys.chord(ENTER)): Keys 'ENTER + ' sent to object: 'Object Repository/Objects.HighlightElements/input_field_index'

2020-06-02 15:10:20 - [MESSAGE][PASSED] - Keys 'ENTER + ' sent to object: 'Object Repository/Objects.HighlightElements/input_field_index'

2020-06-02 15:10:20 - [TEST_STEP][PASSED] - ComboBoxValue = getAttribute(NewInputNmField, "value"): Attribute 'value' of object 'Object Repository/Objects.HighlightElements/input_field_index' is: 'David Tey Dah Wei (DAHWEI)'

2020-06-02 15:10:20 - [MESSAGE][PASSED] - Attribute 'value' of object 'Object Repository/Objects.HighlightElements/input_field_index' is: 'David Tey Dah Wei (DAHWEI)'

2020-06-02 15:10:20 - [TEST_STEP][PASSED] - callTestCase(findTestCase(CallTCName), ["FindValue":ComboBoxValue, "DropdownNm":comboNm], STOP_ON_FAILURE): Call Test Case 'Test Cases/PFI Precision and Scale/HashMap Tables/OfficerLists' successfully

2020-06-02 15:10:20 - [TEST_CASE][PASSED] - Test Cases/PFI Precision and Scale/HashMap Tables/OfficerLists: Test Cases/PFI Precision and Scale/HashMap Tables/OfficerLists

2020-06-02 15:10:20 - [TEST_STEP][PASSED] - Thread.sleep(1000): null

2020-06-02 15:10:21 - [TEST_STEP][PASSED] - OfficerLists = [1:"Aaron Sham Wai Lun (AARON)", 2:"Azidah Bte Akmad (Mdm) (USAABD)", 3:"Chung Fong Nyen (USACFN)", 4:"David Tey Dah Wei (DAHWEI)", ... ]: null

2020-06-02 15:10:21 - [TEST_STEP][PASSED] - ValueFound = OfficerLists.find({ -> ... }): null

2020-06-02 15:10:21 - [MESSAGE][PASSED] - Call Test Case 'Test Cases/PFI Precision and Scale/HashMap Tables/OfficerLists' successfully

2020-06-02 15:10:21 - [TEST_STEP][PASSED] - println(ValueFound): null

2020-06-02 15:10:21 - [TEST_STEP][PASSED] - sendKeys(NewInputNmField, Keys.chord(ARROW_DOWN)): Keys 'DOWN + ' sent to object: 'Object Repository/Objects.HighlightElements/input_field_index'

2020-06-02 15:10:22 - [MESSAGE][PASSED] - Keys 'DOWN + ' sent to object: 'Object Repository/Objects.HighlightElements/input_field_index'

2020-06-02 15:10:22 - [TEST_STEP][PASSED] - sendKeys(NewInputNmField, Keys.chord(ARROW_DOWN)): Keys 'DOWN + ' sent to object: 'Object Repository/Objects.HighlightElements/input_field_index'

2020-06-02 15:10:22 - [MESSAGE][PASSED] - Keys 'DOWN + ' sent to object: 'Object Repository/Objects.HighlightElements/input_field_index'

2020-06-02 15:10:22 - [TEST_STEP][PASSED] - delay(DelayTime): Delayed 0 second(s)

2020-06-02 15:10:22 - [MESSAGE][PASSED] - Delayed 0 second(s)

2020-06-02 15:10:22 - [TEST_STEP][PASSED] - sendKeys(NewInputNmField, Keys.chord(ENTER)): Keys 'ENTER + ' sent to object: 'Object Repository/Objects.HighlightElements/input_field_index'

2020-06-02 15:10:23 - [MESSAGE][PASSED] - Keys 'ENTER + ' sent to object: 'Object Repository/Objects.HighlightElements/input_field_index'

2020-06-02 15:10:23 - [TEST_STEP][PASSED] - ComboBoxValue = getAttribute(NewInputNmField, "value"): Attribute 'value' of object 'Object Repository/Objects.HighlightElements/input_field_index' is: 'Han Wann Kuang (WANNKUANG)'

2020-06-02 15:10:23 - [MESSAGE][PASSED] - Attribute 'value' of object 'Object Repository/Objects.HighlightElements/input_field_index' is: 'Han Wann Kuang (WANNKUANG)'

2020-06-02 15:10:23 - [TEST_STEP][PASSED] - callTestCase(findTestCase(CallTCName), ["FindValue":ComboBoxValue, "DropdownNm":comboNm], STOP_ON_FAILURE): Call Test Case 'Test Cases/PFI Precision and Scale/HashMap Tables/OfficerLists' successfully

2020-06-02 15:10:23 - [TEST_CASE][PASSED] - Test Cases/PFI Precision and Scale/HashMap Tables/OfficerLists: Test Cases/PFI Precision and Scale/HashMap Tables/OfficerLists

2020-06-02 15:10:23 - [TEST_STEP][PASSED] - Thread.sleep(1000): null

2020-06-02 15:10:24 - [TEST_STEP][PASSED] - OfficerLists = [1:"Aaron Sham Wai Lun (AARON)", 2:"Azidah Bte Akmad (Mdm) (USAABD)", 3:"Chung Fong Nyen (USACFN)", 4:"David Tey Dah Wei (DAHWEI)", ... ]: null

2020-06-02 15:10:24 - [TEST_STEP][PASSED] - ValueFound = OfficerLists.find({ -> ... }): null

2020-06-02 15:10:24 - [MESSAGE][PASSED] - Call Test Case 'Test Cases/PFI Precision and Scale/HashMap Tables/OfficerLists' successfully

2020-06-02 15:10:24 - [TEST_STEP][PASSED] - println(ValueFound): null

2020-06-02 15:10:24 - [TEST_STEP][PASSED] - sendKeys(NewInputNmField, Keys.chord(ARROW_DOWN)): Keys 'DOWN + ' sent to object: 'Object Repository/Objects.HighlightElements/input_field_index'

2020-06-02 15:10:24 - [MESSAGE][PASSED] - Keys 'DOWN + ' sent to object: 'Object Repository/Objects.HighlightElements/input_field_index'

2020-06-02 15:10:24 - [TEST_STEP][PASSED] - sendKeys(NewInputNmField, Keys.chord(ARROW_DOWN)): Keys 'DOWN + ' sent to object: 'Object Repository/Objects.HighlightElements/input_field_index'

2020-06-02 15:10:25 - [MESSAGE][PASSED] - Keys 'DOWN + ' sent to object: 'Object Repository/Objects.HighlightElements/input_field_index'

2020-06-02 15:10:25 - [TEST_STEP][PASSED] - delay(DelayTime): Delayed 0 second(s)

2020-06-02 15:10:25 - [MESSAGE][PASSED] - Delayed 0 second(s)

2020-06-02 15:10:25 - [TEST_STEP][PASSED] - sendKeys(NewInputNmField, Keys.chord(ENTER)): Keys 'ENTER + ' sent to object: 'Object Repository/Objects.HighlightElements/input_field_index'

2020-06-02 15:10:25 - [MESSAGE][PASSED] - Keys 'ENTER + ' sent to object: 'Object Repository/Objects.HighlightElements/input_field_index'

2020-06-02 15:10:25 - [TEST_STEP][PASSED] - ComboBoxValue = getAttribute(NewInputNmField, "value"): Attribute 'value' of object 'Object Repository/Objects.HighlightElements/input_field_index' is: 'Ho Tze Siang (TZESIANG)'

2020-06-02 15:10:26 - [MESSAGE][PASSED] - Attribute 'value' of object 'Object Repository/Objects.HighlightElements/input_field_index' is: 'Ho Tze Siang (TZESIANG)'

2020-06-02 15:10:26 - [TEST_STEP][PASSED] - callTestCase(findTestCase(CallTCName), ["FindValue":ComboBoxValue, "DropdownNm":comboNm], STOP_ON_FAILURE): Call Test Case 'Test Cases/PFI Precision and Scale/HashMap Tables/OfficerLists' successfully

2020-06-02 15:10:26 - [TEST_CASE][PASSED] - Test Cases/PFI Precision and Scale/HashMap Tables/OfficerLists: Test Cases/PFI Precision and Scale/HashMap Tables/OfficerLists

2020-06-02 15:10:26 - [TEST_STEP][PASSED] - Thread.sleep(1000): null

2020-06-02 15:10:27 - [TEST_STEP][PASSED] - OfficerLists = [1:"Aaron Sham Wai Lun (AARON)", 2:"Azidah Bte Akmad (Mdm) (USAABD)", 3:"Chung Fong Nyen (USACFN)", 4:"David Tey Dah Wei (DAHWEI)", ... ]: null

2020-06-02 15:10:27 - [TEST_STEP][PASSED] - ValueFound = OfficerLists.find({ -> ... }): null

2020-06-02 15:10:27 - [MESSAGE][PASSED] - Call Test Case 'Test Cases/PFI Precision and Scale/HashMap Tables/OfficerLists' successfully

2020-06-02 15:10:27 - [TEST_STEP][PASSED] - println(ValueFound): null

2020-06-02 15:10:27 - [TEST_STEP][PASSED] - sendKeys(NewInputNmField, Keys.chord(ARROW_DOWN)): Keys 'DOWN + ' sent to object: 'Object Repository/Objects.HighlightElements/input_field_index'

2020-06-02 15:10:27 - [MESSAGE][PASSED] - Keys 'DOWN + ' sent to object: 'Object Repository/Objects.HighlightElements/input_field_index'

2020-06-02 15:10:27 - [TEST_STEP][PASSED] - sendKeys(NewInputNmField, Keys.chord(ARROW_DOWN)): Keys 'DOWN + ' sent to object: 'Object Repository/Objects.HighlightElements/input_field_index'

2020-06-02 15:10:28 - [MESSAGE][PASSED] - Keys 'DOWN + ' sent to object: 'Object Repository/Objects.HighlightElements/input_field_index'

2020-06-02 15:10:28 - [TEST_STEP][PASSED] - delay(DelayTime): Delayed 0 second(s)

2020-06-02 15:10:28 - [MESSAGE][PASSED] - Delayed 0 second(s)

2020-06-02 15:10:28 - [TEST_STEP][PASSED] - sendKeys(NewInputNmField, Keys.chord(ENTER)): Keys 'ENTER + ' sent to object: 'Object Repository/Objects.HighlightElements/input_field_index'

2020-06-02 15:10:28 - [MESSAGE][PASSED] - Keys 'ENTER + ' sent to object: 'Object Repository/Objects.HighlightElements/input_field_index'

2020-06-02 15:10:28 - [TEST_STEP][PASSED] - ComboBoxValue = getAttribute(NewInputNmField, "value"): Attribute 'value' of object 'Object Repository/Objects.HighlightElements/input_field_index' is: 'Ho-Chan Vun Ching (USAHVC)'

2020-06-02 15:10:29 - [MESSAGE][PASSED] - Attribute 'value' of object 'Object Repository/Objects.HighlightElements/input_field_index' is: 'Ho-Chan Vun Ching (USAHVC)'

2020-06-02 15:10:29 - [TEST_STEP][PASSED] - callTestCase(findTestCase(CallTCName), ["FindValue":ComboBoxValue, "DropdownNm":comboNm], STOP_ON_FAILURE): Call Test Case 'Test Cases/PFI Precision and Scale/HashMap Tables/OfficerLists' successfully

2020-06-02 15:10:29 - [TEST_CASE][PASSED] - Test Cases/PFI Precision and Scale/HashMap Tables/OfficerLists: Test Cases/PFI Precision and Scale/HashMap Tables/OfficerLists

2020-06-02 15:10:29 - [TEST_STEP][PASSED] - Thread.sleep(1000): null

2020-06-02 15:10:30 - [TEST_STEP][PASSED] - OfficerLists = [1:"Aaron Sham Wai Lun (AARON)", 2:"Azidah Bte Akmad (Mdm) (USAABD)", 3:"Chung Fong Nyen (USACFN)", 4:"David Tey Dah Wei (DAHWEI)", ... ]: null

2020-06-02 15:10:30 - [TEST_STEP][PASSED] - ValueFound = OfficerLists.find({ -> ... }): null

2020-06-02 15:10:30 - [MESSAGE][PASSED] - Call Test Case 'Test Cases/PFI Precision and Scale/HashMap Tables/OfficerLists' successfully

2020-06-02 15:10:30 - [TEST_STEP][PASSED] - println(ValueFound): null

2020-06-02 15:10:30 - [TEST_STEP][PASSED] - sendKeys(NewInputNmField, Keys.chord(ARROW_DOWN)): Keys 'DOWN + ' sent to object: 'Object Repository/Objects.HighlightElements/input_field_index'

2020-06-02 15:10:30 - [MESSAGE][PASSED] - Keys 'DOWN + ' sent to object: 'Object Repository/Objects.HighlightElements/input_field_index'

2020-06-02 15:10:30 - [TEST_STEP][PASSED] - sendKeys(NewInputNmField, Keys.chord(ARROW_DOWN)): Keys 'DOWN + ' sent to object: 'Object Repository/Objects.HighlightElements/input_field_index'

2020-06-02 15:10:30 - [MESSAGE][PASSED] - Keys 'DOWN + ' sent to object: 'Object Repository/Objects.HighlightElements/input_field_index'

2020-06-02 15:10:30 - [TEST_STEP][PASSED] - delay(DelayTime): Delayed 0 second(s)

2020-06-02 15:10:30 - [MESSAGE][PASSED] - Delayed 0 second(s)

2020-06-02 15:10:30 - [TEST_STEP][PASSED] - sendKeys(NewInputNmField, Keys.chord(ENTER)): Keys 'ENTER + ' sent to object: 'Object Repository/Objects.HighlightElements/input_field_index'

2020-06-02 15:10:31 - [MESSAGE][PASSED] - Keys 'ENTER + ' sent to object: 'Object Repository/Objects.HighlightElements/input_field_index'

2020-06-02 15:10:31 - [TEST_STEP][PASSED] - ComboBoxValue = getAttribute(NewInputNmField, "value"): Attribute 'value' of object 'Object Repository/Objects.HighlightElements/input_field_index' is: 'Janet Lee Choon Hong (JANETCHOON)'

2020-06-02 15:10:31 - [MESSAGE][PASSED] - Attribute 'value' of object 'Object Repository/Objects.HighlightElements/input_field_index' is: 'Janet Lee Choon Hong (JANETCHOON)'

2020-06-02 15:10:31 - [TEST_STEP][PASSED] - callTestCase(findTestCase(CallTCName), ["FindValue":ComboBoxValue, "DropdownNm":comboNm], STOP_ON_FAILURE): Call Test Case 'Test Cases/PFI Precision and Scale/HashMap Tables/OfficerLists' successfully

2020-06-02 15:10:31 - [TEST_CASE][PASSED] - Test Cases/PFI Precision and Scale/HashMap Tables/OfficerLists: Test Cases/PFI Precision and Scale/HashMap Tables/OfficerLists

2020-06-02 15:10:31 - [TEST_STEP][PASSED] - Thread.sleep(1000): null

2020-06-02 15:10:32 - [TEST_STEP][PASSED] - OfficerLists = [1:"Aaron Sham Wai Lun (AARON)", 2:"Azidah Bte Akmad (Mdm) (USAABD)", 3:"Chung Fong Nyen (USACFN)", 4:"David Tey Dah Wei (DAHWEI)", ... ]: null

2020-06-02 15:10:32 - [TEST_STEP][PASSED] - ValueFound = OfficerLists.find({ -> ... }): null

2020-06-02 15:10:32 - [MESSAGE][PASSED] - Call Test Case 'Test Cases/PFI Precision and Scale/HashMap Tables/OfficerLists' successfully

2020-06-02 15:10:32 - [TEST_STEP][PASSED] - println(ValueFound): null

2020-06-02 15:10:32 - [TEST_STEP][PASSED] - sendKeys(NewInputNmField, Keys.chord(ARROW_DOWN)): Keys 'DOWN + ' sent to object: 'Object Repository/Objects.HighlightElements/input_field_index'

2020-06-02 15:10:33 - [MESSAGE][PASSED] - Keys 'DOWN + ' sent to object: 'Object Repository/Objects.HighlightElements/input_field_index'

2020-06-02 15:10:33 - [TEST_STEP][PASSED] - sendKeys(NewInputNmField, Keys.chord(ARROW_DOWN)): Keys 'DOWN + ' sent to object: 'Object Repository/Objects.HighlightElements/input_field_index'

2020-06-02 15:10:33 - [MESSAGE][PASSED] - Keys 'DOWN + ' sent to object: 'Object Repository/Objects.HighlightElements/input_field_index'

2020-06-02 15:10:33 - [TEST_STEP][PASSED] - delay(DelayTime): Delayed 0 second(s)

2020-06-02 15:10:33 - [MESSAGE][PASSED] - Delayed 0 second(s)

2020-06-02 15:10:33 - [TEST_STEP][PASSED] - sendKeys(NewInputNmField, Keys.chord(ENTER)): Keys 'ENTER + ' sent to object: 'Object Repository/Objects.HighlightElements/input_field_index'

2020-06-02 15:10:34 - [MESSAGE][PASSED] - Keys 'ENTER + ' sent to object: 'Object Repository/Objects.HighlightElements/input_field_index'

2020-06-02 15:10:34 - [TEST_STEP][PASSED] - ComboBoxValue = getAttribute(NewInputNmField, "value"): Attribute 'value' of object 'Object Repository/Objects.HighlightElements/input_field_index' is: 'Joseph Lim Pheng Weng (PHENGWENG)'

2020-06-02 15:10:34 - [MESSAGE][PASSED] - Attribute 'value' of object 'Object Repository/Objects.HighlightElements/input_field_index' is: 'Joseph Lim Pheng Weng (PHENGWENG)'

2020-06-02 15:10:34 - [TEST_STEP][PASSED] - callTestCase(findTestCase(CallTCName), ["FindValue":ComboBoxValue, "DropdownNm":comboNm], STOP_ON_FAILURE): Call Test Case 'Test Cases/PFI Precision and Scale/HashMap Tables/OfficerLists' successfully

2020-06-02 15:10:34 - [TEST_CASE][PASSED] - Test Cases/PFI Precision and Scale/HashMap Tables/OfficerLists: Test Cases/PFI Precision and Scale/HashMap Tables/OfficerLists

2020-06-02 15:10:34 - [TEST_STEP][PASSED] - Thread.sleep(1000): null

2020-06-02 15:10:35 - [TEST_STEP][PASSED] - OfficerLists = [1:"Aaron Sham Wai Lun (AARON)", 2:"Azidah Bte Akmad (Mdm) (USAABD)", 3:"Chung Fong Nyen (USACFN)", 4:"David Tey Dah Wei (DAHWEI)", ... ]: null

2020-06-02 15:10:35 - [TEST_STEP][PASSED] - ValueFound = OfficerLists.find({ -> ... }): null

2020-06-02 15:10:35 - [MESSAGE][PASSED] - Call Test Case 'Test Cases/PFI Precision and Scale/HashMap Tables/OfficerLists' successfully

2020-06-02 15:10:35 - [TEST_STEP][PASSED] - println(ValueFound): null

2020-06-02 15:10:35 - [TEST_STEP][PASSED] - sendKeys(NewInputNmField, Keys.chord(ARROW_DOWN)): Keys 'DOWN + ' sent to object: 'Object Repository/Objects.HighlightElements/input_field_index'

2020-06-02 15:10:35 - [MESSAGE][PASSED] - Keys 'DOWN + ' sent to object: 'Object Repository/Objects.HighlightElements/input_field_index'

2020-06-02 15:10:35 - [TEST_STEP][PASSED] - sendKeys(NewInputNmField, Keys.chord(ARROW_DOWN)): Keys 'DOWN + ' sent to object: 'Object Repository/Objects.HighlightElements/input_field_index'

2020-06-02 15:10:36 - [MESSAGE][PASSED] - Keys 'DOWN + ' sent to object: 'Object Repository/Objects.HighlightElements/input_field_index'

2020-06-02 15:10:36 - [TEST_STEP][PASSED] - delay(DelayTime): Delayed 0 second(s)

2020-06-02 15:10:36 - [MESSAGE][PASSED] - Delayed 0 second(s)

2020-06-02 15:10:36 - [TEST_STEP][PASSED] - sendKeys(NewInputNmField, Keys.chord(ENTER)): Keys 'ENTER + ' sent to object: 'Object Repository/Objects.HighlightElements/input_field_index'

2020-06-02 15:10:36 - [MESSAGE][PASSED] - Keys 'ENTER + ' sent to object: 'Object Repository/Objects.HighlightElements/input_field_index'

2020-06-02 15:10:36 - [TEST_STEP][PASSED] - ComboBoxValue = getAttribute(NewInputNmField, "value"): Attribute 'value' of object 'Object Repository/Objects.HighlightElements/input_field_index' is: 'Kaliannan Thanabal (KALIANN)'

2020-06-02 15:10:37 - [MESSAGE][PASSED] - Attribute 'value' of object 'Object Repository/Objects.HighlightElements/input_field_index' is: 'Kaliannan Thanabal (KALIANN)'

2020-06-02 15:10:37 - [TEST_STEP][PASSED] - callTestCase(findTestCase(CallTCName), ["FindValue":ComboBoxValue, "DropdownNm":comboNm], STOP_ON_FAILURE): Call Test Case 'Test Cases/PFI Precision and Scale/HashMap Tables/OfficerLists' successfully

2020-06-02 15:10:37 - [TEST_CASE][PASSED] - Test Cases/PFI Precision and Scale/HashMap Tables/OfficerLists: Test Cases/PFI Precision and Scale/HashMap Tables/OfficerLists

2020-06-02 15:10:37 - [TEST_STEP][PASSED] - Thread.sleep(1000): null

2020-06-02 15:10:38 - [TEST_STEP][PASSED] - OfficerLists = [1:"Aaron Sham Wai Lun (AARON)", 2:"Azidah Bte Akmad (Mdm) (USAABD)", 3:"Chung Fong Nyen (USACFN)", 4:"David Tey Dah Wei (DAHWEI)", ... ]: null

2020-06-02 15:10:38 - [TEST_STEP][PASSED] - ValueFound = OfficerLists.find({ -> ... }): null

2020-06-02 15:10:38 - [MESSAGE][PASSED] - Call Test Case 'Test Cases/PFI Precision and Scale/HashMap Tables/OfficerLists' successfully

2020-06-02 15:10:38 - [TEST_STEP][PASSED] - println(ValueFound): null

2020-06-02 15:10:38 - [TEST_STEP][PASSED] - sendKeys(NewInputNmField, Keys.chord(ARROW_DOWN)): Keys 'DOWN + ' sent to object: 'Object Repository/Objects.HighlightElements/input_field_index'

2020-06-02 15:10:38 - [MESSAGE][PASSED] - Keys 'DOWN + ' sent to object: 'Object Repository/Objects.HighlightElements/input_field_index'

2020-06-02 15:10:38 - [TEST_STEP][PASSED] - sendKeys(NewInputNmField, Keys.chord(ARROW_DOWN)): Keys 'DOWN + ' sent to object: 'Object Repository/Objects.HighlightElements/input_field_index'

2020-06-02 15:10:39 - [MESSAGE][PASSED] - Keys 'DOWN + ' sent to object: 'Object Repository/Objects.HighlightElements/input_field_index'

2020-06-02 15:10:39 - [TEST_STEP][PASSED] - delay(DelayTime): Delayed 0 second(s)

2020-06-02 15:10:39 - [MESSAGE][PASSED] - Delayed 0 second(s)

2020-06-02 15:10:39 - [TEST_STEP][PASSED] - sendKeys(NewInputNmField, Keys.chord(ENTER)): Keys 'ENTER + ' sent to object: 'Object Repository/Objects.HighlightElements/input_field_index'

2020-06-02 15:10:39 - [MESSAGE][PASSED] - Keys 'ENTER + ' sent to object: 'Object Repository/Objects.HighlightElements/input_field_index'

2020-06-02 15:10:39 - [TEST_STEP][PASSED] - ComboBoxValue = getAttribute(NewInputNmField, "value"): Attribute 'value' of object 'Object Repository/Objects.HighlightElements/input_field_index' is: 'Kelvin Phua Meng Thong (MENGTHONG)'

2020-06-02 15:10:40 - [MESSAGE][PASSED] - Attribute 'value' of object 'Object Repository/Objects.HighlightElements/input_field_index' is: 'Kelvin Phua Meng Thong (MENGTHONG)'

2020-06-02 15:10:40 - [TEST_STEP][PASSED] - callTestCase(findTestCase(CallTCName), ["FindValue":ComboBoxValue, "DropdownNm":comboNm], STOP_ON_FAILURE): Call Test Case 'Test Cases/PFI Precision and Scale/HashMap Tables/OfficerLists' successfully

2020-06-02 15:10:40 - [TEST_CASE][PASSED] - Test Cases/PFI Precision and Scale/HashMap Tables/OfficerLists: Test Cases/PFI Precision and Scale/HashMap Tables/OfficerLists

2020-06-02 15:10:40 - [TEST_STEP][PASSED] - Thread.sleep(1000): null

2020-06-02 15:10:41 - [TEST_STEP][PASSED] - OfficerLists = [1:"Aaron Sham Wai Lun (AARON)", 2:"Azidah Bte Akmad (Mdm) (USAABD)", 3:"Chung Fong Nyen (USACFN)", 4:"David Tey Dah Wei (DAHWEI)", ... ]: null

2020-06-02 15:10:41 - [TEST_STEP][PASSED] - ValueFound = OfficerLists.find({ -> ... }): null

2020-06-02 15:10:41 - [MESSAGE][PASSED] - Call Test Case 'Test Cases/PFI Precision and Scale/HashMap Tables/OfficerLists' successfully

2020-06-02 15:10:41 - [TEST_STEP][PASSED] - println(ValueFound): null

2020-06-02 15:10:41 - [TEST_STEP][PASSED] - sendKeys(NewInputNmField, Keys.chord(ARROW_DOWN)): Keys 'DOWN + ' sent to object: 'Object Repository/Objects.HighlightElements/input_field_index'

2020-06-02 15:10:41 - [MESSAGE][PASSED] - Keys 'DOWN + ' sent to object: 'Object Repository/Objects.HighlightElements/input_field_index'

2020-06-02 15:10:41 - [TEST_STEP][PASSED] - sendKeys(NewInputNmField, Keys.chord(ARROW_DOWN)): Keys 'DOWN + ' sent to object: 'Object Repository/Objects.HighlightElements/input_field_index'

2020-06-02 15:10:42 - [MESSAGE][PASSED] - Keys 'DOWN + ' sent to object: 'Object Repository/Objects.HighlightElements/input_field_index'

2020-06-02 15:10:42 - [TEST_STEP][PASSED] - delay(DelayTime): Delayed 0 second(s)

2020-06-02 15:10:42 - [MESSAGE][PASSED] - Delayed 0 second(s)

2020-06-02 15:10:42 - [TEST_STEP][PASSED] - sendKeys(NewInputNmField, Keys.chord(ENTER)): Keys 'ENTER + ' sent to object: 'Object Repository/Objects.HighlightElements/input_field_index'

2020-06-02 15:10:42 - [MESSAGE][PASSED] - Keys 'ENTER + ' sent to object: 'Object Repository/Objects.HighlightElements/input_field_index'

2020-06-02 15:10:42 - [TEST_STEP][PASSED] - ComboBoxValue = getAttribute(NewInputNmField, "value"): Attribute 'value' of object 'Object Repository/Objects.HighlightElements/input_field_index' is: 'Lee Kok Tien (USAKTL)'

2020-06-02 15:10:42 - [MESSAGE][PASSED] - Attribute 'value' of object 'Object Repository/Objects.HighlightElements/input_field_index' is: 'Lee Kok Tien (USAKTL)'

2020-06-02 15:10:42 - [TEST_STEP][PASSED] - callTestCase(findTestCase(CallTCName), ["FindValue":ComboBoxValue, "DropdownNm":comboNm], STOP_ON_FAILURE): Call Test Case 'Test Cases/PFI Precision and Scale/HashMap Tables/OfficerLists' successfully

2020-06-02 15:10:43 - [TEST_CASE][PASSED] - Test Cases/PFI Precision and Scale/HashMap Tables/OfficerLists: Test Cases/PFI Precision and Scale/HashMap Tables/OfficerLists

2020-06-02 15:10:43 - [TEST_STEP][PASSED] - Thread.sleep(1000): null

2020-06-02 15:10:44 - [TEST_STEP][PASSED] - OfficerLists = [1:"Aaron Sham Wai Lun (AARON)", 2:"Azidah Bte Akmad (Mdm) (USAABD)", 3:"Chung Fong Nyen (USACFN)", 4:"David Tey Dah Wei (DAHWEI)", ... ]: null

2020-06-02 15:10:44 - [TEST_STEP][PASSED] - ValueFound = OfficerLists.find({ -> ... }): null

2020-06-02 15:10:44 - [MESSAGE][PASSED] - Call Test Case 'Test Cases/PFI Precision and Scale/HashMap Tables/OfficerLists' successfully

2020-06-02 15:10:44 - [TEST_STEP][PASSED] - println(ValueFound): null

2020-06-02 15:10:44 - [TEST_STEP][PASSED] - sendKeys(NewInputNmField, Keys.chord(ARROW_DOWN)): Keys 'DOWN + ' sent to object: 'Object Repository/Objects.HighlightElements/input_field_index'

2020-06-02 15:10:44 - [MESSAGE][PASSED] - Keys 'DOWN + ' sent to object: 'Object Repository/Objects.HighlightElements/input_field_index'

2020-06-02 15:10:44 - [TEST_STEP][PASSED] - sendKeys(NewInputNmField, Keys.chord(ARROW_DOWN)): Keys 'DOWN + ' sent to object: 'Object Repository/Objects.HighlightElements/input_field_index'

2020-06-02 15:10:44 - [MESSAGE][PASSED] - Keys 'DOWN + ' sent to object: 'Object Repository/Objects.HighlightElements/input_field_index'

2020-06-02 15:10:44 - [TEST_STEP][PASSED] - delay(DelayTime): Delayed 0 second(s)

2020-06-02 15:10:44 - [MESSAGE][PASSED] - Delayed 0 second(s)

2020-06-02 15:10:44 - [TEST_STEP][PASSED] - sendKeys(NewInputNmField, Keys.chord(ENTER)): Keys 'ENTER + ' sent to object: 'Object Repository/Objects.HighlightElements/input_field_index'

2020-06-02 15:10:45 - [MESSAGE][PASSED] - Keys 'ENTER + ' sent to object: 'Object Repository/Objects.HighlightElements/input_field_index'

2020-06-02 15:10:45 - [TEST_STEP][PASSED] - ComboBoxValue = getAttribute(NewInputNmField, "value"): Attribute 'value' of object 'Object Repository/Objects.HighlightElements/input_field_index' is: 'Lim Beng Kwee (BENGKWEE)'

2020-06-02 15:10:45 - [MESSAGE][PASSED] - Attribute 'value' of object 'Object Repository/Objects.HighlightElements/input_field_index' is: 'Lim Beng Kwee (BENGKWEE)'

2020-06-02 15:10:45 - [TEST_STEP][PASSED] - callTestCase(findTestCase(CallTCName), ["FindValue":ComboBoxValue, "DropdownNm":comboNm], STOP_ON_FAILURE): Call Test Case 'Test Cases/PFI Precision and Scale/HashMap Tables/OfficerLists' successfully

2020-06-02 15:10:45 - [TEST_CASE][PASSED] - Test Cases/PFI Precision and Scale/HashMap Tables/OfficerLists: Test Cases/PFI Precision and Scale/HashMap Tables/OfficerLists

2020-06-02 15:10:45 - [TEST_STEP][PASSED] - Thread.sleep(1000): null

2020-06-02 15:10:46 - [TEST_STEP][PASSED] - OfficerLists = [1:"Aaron Sham Wai Lun (AARON)", 2:"Azidah Bte Akmad (Mdm) (USAABD)", 3:"Chung Fong Nyen (USACFN)", 4:"David Tey Dah Wei (DAHWEI)", ... ]: null

2020-06-02 15:10:46 - [TEST_STEP][PASSED] - ValueFound = OfficerLists.find({ -> ... }): null

2020-06-02 15:10:46 - [MESSAGE][PASSED] - Call Test Case 'Test Cases/PFI Precision and Scale/HashMap Tables/OfficerLists' successfully

2020-06-02 15:10:46 - [TEST_STEP][PASSED] - println(ValueFound): null

2020-06-02 15:10:46 - [TEST_STEP][PASSED] - sendKeys(NewInputNmField, Keys.chord(ARROW_DOWN)): Keys 'DOWN + ' sent to object: 'Object Repository/Objects.HighlightElements/input_field_index'

2020-06-02 15:10:47 - [MESSAGE][PASSED] - Keys 'DOWN + ' sent to object: 'Object Repository/Objects.HighlightElements/input_field_index'

2020-06-02 15:10:47 - [TEST_STEP][PASSED] - sendKeys(NewInputNmField, Keys.chord(ARROW_DOWN)): Keys 'DOWN + ' sent to object: 'Object Repository/Objects.HighlightElements/input_field_index'

2020-06-02 15:10:47 - [MESSAGE][PASSED] - Keys 'DOWN + ' sent to object: 'Object Repository/Objects.HighlightElements/input_field_index'

2020-06-02 15:10:47 - [TEST_STEP][PASSED] - delay(DelayTime): Delayed 0 second(s)

2020-06-02 15:10:47 - [MESSAGE][PASSED] - Delayed 0 second(s)

2020-06-02 15:10:47 - [TEST_STEP][PASSED] - sendKeys(NewInputNmField, Keys.chord(ENTER)): Keys 'ENTER + ' sent to object: 'Object Repository/Objects.HighlightElements/input_field_index'

2020-06-02 15:10:47 - [MESSAGE][PASSED] - Keys 'ENTER + ' sent to object: 'Object Repository/Objects.HighlightElements/input_field_index'

2020-06-02 15:10:47 - [TEST_STEP][PASSED] - ComboBoxValue = getAttribute(NewInputNmField, "value"): Attribute 'value' of object 'Object Repository/Objects.HighlightElements/input_field_index' is: 'Lim Leng Boon (LENGBOON)'

2020-06-02 15:10:48 - [MESSAGE][PASSED] - Attribute 'value' of object 'Object Repository/Objects.HighlightElements/input_field_index' is: 'Lim Leng Boon (LENGBOON)'

2020-06-02 15:10:48 - [TEST_STEP][PASSED] - callTestCase(findTestCase(CallTCName), ["FindValue":ComboBoxValue, "DropdownNm":comboNm], STOP_ON_FAILURE): Call Test Case 'Test Cases/PFI Precision and Scale/HashMap Tables/OfficerLists' successfully

2020-06-02 15:10:48 - [TEST_CASE][PASSED] - Test Cases/PFI Precision and Scale/HashMap Tables/OfficerLists: Test Cases/PFI Precision and Scale/HashMap Tables/OfficerLists

2020-06-02 15:10:48 - [TEST_STEP][PASSED] - Thread.sleep(1000): null

2020-06-02 15:10:49 - [TEST_STEP][PASSED] - OfficerLists = [1:"Aaron Sham Wai Lun (AARON)", 2:"Azidah Bte Akmad (Mdm) (USAABD)", 3:"Chung Fong Nyen (USACFN)", 4:"David Tey Dah Wei (DAHWEI)", ... ]: null

2020-06-02 15:10:49 - [TEST_STEP][PASSED] - ValueFound = OfficerLists.find({ -> ... }): null

2020-06-02 15:10:49 - [MESSAGE][PASSED] - Call Test Case 'Test Cases/PFI Precision and Scale/HashMap Tables/OfficerLists' successfully

2020-06-02 15:10:49 - [TEST_STEP][PASSED] - println(ValueFound): null

2020-06-02 15:10:49 - [TEST_STEP][PASSED] - sendKeys(NewInputNmField, Keys.chord(ARROW_DOWN)): Keys 'DOWN + ' sent to object: 'Object Repository/Objects.HighlightElements/input_field_index'

2020-06-02 15:10:49 - [MESSAGE][PASSED] - Keys 'DOWN + ' sent to object: 'Object Repository/Objects.HighlightElements/input_field_index'

2020-06-02 15:10:49 - [TEST_STEP][PASSED] - sendKeys(NewInputNmField, Keys.chord(ARROW_DOWN)): Keys 'DOWN + ' sent to object: 'Object Repository/Objects.HighlightElements/input_field_index'

2020-06-02 15:10:50 - [MESSAGE][PASSED] - Keys 'DOWN + ' sent to object: 'Object Repository/Objects.HighlightElements/input_field_index'

2020-06-02 15:10:50 - [TEST_STEP][PASSED] - delay(DelayTime): Delayed 0 second(s)

2020-06-02 15:10:50 - [MESSAGE][PASSED] - Delayed 0 second(s)

2020-06-02 15:10:50 - [TEST_STEP][PASSED] - sendKeys(NewInputNmField, Keys.chord(ENTER)): Keys 'ENTER + ' sent to object: 'Object Repository/Objects.HighlightElements/input_field_index'

2020-06-02 15:10:50 - [MESSAGE][PASSED] - Keys 'ENTER + ' sent to object: 'Object Repository/Objects.HighlightElements/input_field_index'

2020-06-02 15:10:50 - [TEST_STEP][PASSED] - ComboBoxValue = getAttribute(NewInputNmField, "value"): Attribute 'value' of object 'Object Repository/Objects.HighlightElements/input_field_index' is: 'Liu Xiaopeng (XIAOPENG)'

2020-06-02 15:10:51 - [MESSAGE][PASSED] - Attribute 'value' of object 'Object Repository/Objects.HighlightElements/input_field_index' is: 'Liu Xiaopeng (XIAOPENG)'

2020-06-02 15:10:51 - [TEST_STEP][PASSED] - callTestCase(findTestCase(CallTCName), ["FindValue":ComboBoxValue, "DropdownNm":comboNm], STOP_ON_FAILURE): Call Test Case 'Test Cases/PFI Precision and Scale/HashMap Tables/OfficerLists' successfully

2020-06-02 15:10:51 - [TEST_CASE][PASSED] - Test Cases/PFI Precision and Scale/HashMap Tables/OfficerLists: Test Cases/PFI Precision and Scale/HashMap Tables/OfficerLists

2020-06-02 15:10:51 - [TEST_STEP][PASSED] - Thread.sleep(1000): null

2020-06-02 15:10:52 - [TEST_STEP][PASSED] - OfficerLists = [1:"Aaron Sham Wai Lun (AARON)", 2:"Azidah Bte Akmad (Mdm) (USAABD)", 3:"Chung Fong Nyen (USACFN)", 4:"David Tey Dah Wei (DAHWEI)", ... ]: null

2020-06-02 15:10:52 - [TEST_STEP][PASSED] - ValueFound = OfficerLists.find({ -> ... }): null

2020-06-02 15:10:52 - [MESSAGE][PASSED] - Call Test Case 'Test Cases/PFI Precision and Scale/HashMap Tables/OfficerLists' successfully

2020-06-02 15:10:52 - [TEST_STEP][PASSED] - println(ValueFound): null

2020-06-02 15:10:52 - [TEST_STEP][PASSED] - sendKeys(NewInputNmField, Keys.chord(ARROW_DOWN)): Keys 'DOWN + ' sent to object: 'Object Repository/Objects.HighlightElements/input_field_index'

2020-06-02 15:10:52 - [MESSAGE][PASSED] - Keys 'DOWN + ' sent to object: 'Object Repository/Objects.HighlightElements/input_field_index'

2020-06-02 15:10:52 - [TEST_STEP][PASSED] - sendKeys(NewInputNmField, Keys.chord(ARROW_DOWN)): Keys 'DOWN + ' sent to object: 'Object Repository/Objects.HighlightElements/input_field_index'

2020-06-02 15:10:53 - [MESSAGE][PASSED] - Keys 'DOWN + ' sent to object: 'Object Repository/Objects.HighlightElements/input_field_index'

2020-06-02 15:10:53 - [TEST_STEP][PASSED] - delay(DelayTime): Delayed 0 second(s)

2020-06-02 15:10:53 - [MESSAGE][PASSED] - Delayed 0 second(s)

2020-06-02 15:10:53 - [TEST_STEP][PASSED] - sendKeys(NewInputNmField, Keys.chord(ENTER)): Keys 'ENTER + ' sent to object: 'Object Repository/Objects.HighlightElements/input_field_index'

2020-06-02 15:10:53 - [MESSAGE][PASSED] - Keys 'ENTER + ' sent to object: 'Object Repository/Objects.HighlightElements/input_field_index'

2020-06-02 15:10:53 - [TEST_STEP][PASSED] - ComboBoxValue = getAttribute(NewInputNmField, "value"): Attribute 'value' of object 'Object Repository/Objects.HighlightElements/input_field_index' is: 'Lu Ji Ju (Mdm) (USALJJ)'

2020-06-02 15:10:53 - [MESSAGE][PASSED] - Attribute 'value' of object 'Object Repository/Objects.HighlightElements/input_field_index' is: 'Lu Ji Ju (Mdm) (USALJJ)'

2020-06-02 15:10:53 - [TEST_STEP][PASSED] - callTestCase(findTestCase(CallTCName), ["FindValue":ComboBoxValue, "DropdownNm":comboNm], STOP_ON_FAILURE): Call Test Case 'Test Cases/PFI Precision and Scale/HashMap Tables/OfficerLists' successfully

2020-06-02 15:10:54 - [TEST_CASE][PASSED] - Test Cases/PFI Precision and Scale/HashMap Tables/OfficerLists: Test Cases/PFI Precision and Scale/HashMap Tables/OfficerLists

2020-06-02 15:10:54 - [TEST_STEP][PASSED] - Thread.sleep(1000): null

2020-06-02 15:10:55 - [TEST_STEP][PASSED] - OfficerLists = [1:"Aaron Sham Wai Lun (AARON)", 2:"Azidah Bte Akmad (Mdm) (USAABD)", 3:"Chung Fong Nyen (USACFN)", 4:"David Tey Dah Wei (DAHWEI)", ... ]: null

2020-06-02 15:10:55 - [TEST_STEP][PASSED] - ValueFound = OfficerLists.find({ -> ... }): null

2020-06-02 15:10:55 - [MESSAGE][PASSED] - Call Test Case 'Test Cases/PFI Precision and Scale/HashMap Tables/OfficerLists' successfully

2020-06-02 15:10:55 - [TEST_STEP][PASSED] - println(ValueFound): null

2020-06-02 15:10:55 - [TEST_STEP][PASSED] - sendKeys(NewInputNmField, Keys.chord(ARROW_DOWN)): Keys 'DOWN + ' sent to object: 'Object Repository/Objects.HighlightElements/input_field_index'

2020-06-02 15:10:55 - [MESSAGE][PASSED] - Keys 'DOWN + ' sent to object: 'Object Repository/Objects.HighlightElements/input_field_index'

2020-06-02 15:10:55 - [TEST_STEP][PASSED] - sendKeys(NewInputNmField, Keys.chord(ARROW_DOWN)): Keys 'DOWN + ' sent to object: 'Object Repository/Objects.HighlightElements/input_field_index'

2020-06-02 15:10:55 - [MESSAGE][PASSED] - Keys 'DOWN + ' sent to object: 'Object Repository/Objects.HighlightElements/input_field_index'

2020-06-02 15:10:55 - [TEST_STEP][PASSED] - delay(DelayTime): Delayed 0 second(s)

2020-06-02 15:10:55 - [MESSAGE][PASSED] - Delayed 0 second(s)

2020-06-02 15:10:55 - [TEST_STEP][PASSED] - sendKeys(NewInputNmField, Keys.chord(ENTER)): Keys 'ENTER + ' sent to object: 'Object Repository/Objects.HighlightElements/input_field_index'

2020-06-02 15:10:56 - [MESSAGE][PASSED] - Keys 'ENTER + ' sent to object: 'Object Repository/Objects.HighlightElements/input_field_index'

2020-06-02 15:10:56 - [TEST_STEP][PASSED] - ComboBoxValue = getAttribute(NewInputNmField, "value"): Attribute 'value' of object 'Object Repository/Objects.HighlightElements/input_field_index' is: 'Mohd Jeffri Bin Abdul Rahim (MOHDJEFFRI)'

2020-06-02 15:10:56 - [MESSAGE][PASSED] - Attribute 'value' of object 'Object Repository/Objects.HighlightElements/input_field_index' is: 'Mohd Jeffri Bin Abdul Rahim (MOHDJEFFRI)'

2020-06-02 15:10:56 - [TEST_STEP][PASSED] - callTestCase(findTestCase(CallTCName), ["FindValue":ComboBoxValue, "DropdownNm":comboNm], STOP_ON_FAILURE): Call Test Case 'Test Cases/PFI Precision and Scale/HashMap Tables/OfficerLists' successfully

2020-06-02 15:10:56 - [TEST_CASE][PASSED] - Test Cases/PFI Precision and Scale/HashMap Tables/OfficerLists: Test Cases/PFI Precision and Scale/HashMap Tables/OfficerLists

2020-06-02 15:10:56 - [TEST_STEP][PASSED] - Thread.sleep(1000): null

2020-06-02 15:10:57 - [TEST_STEP][PASSED] - OfficerLists = [1:"Aaron Sham Wai Lun (AARON)", 2:"Azidah Bte Akmad (Mdm) (USAABD)", 3:"Chung Fong Nyen (USACFN)", 4:"David Tey Dah Wei (DAHWEI)", ... ]: null

2020-06-02 15:10:57 - [TEST_STEP][PASSED] - ValueFound = OfficerLists.find({ -> ... }): null

2020-06-02 15:10:57 - [MESSAGE][PASSED] - Call Test Case 'Test Cases/PFI Precision and Scale/HashMap Tables/OfficerLists' successfully

2020-06-02 15:10:57 - [TEST_STEP][PASSED] - println(ValueFound): null

2020-06-02 15:10:57 - [TEST_STEP][PASSED] - sendKeys(NewInputNmField, Keys.chord(ARROW_DOWN)): Keys 'DOWN + ' sent to object: 'Object Repository/Objects.HighlightElements/input_field_index'

2020-06-02 15:10:58 - [MESSAGE][PASSED] - Keys 'DOWN + ' sent to object: 'Object Repository/Objects.HighlightElements/input_field_index'

2020-06-02 15:10:58 - [TEST_STEP][PASSED] - sendKeys(NewInputNmField, Keys.chord(ARROW_DOWN)): Keys 'DOWN + ' sent to object: 'Object Repository/Objects.HighlightElements/input_field_index'

2020-06-02 15:10:58 - [MESSAGE][PASSED] - Keys 'DOWN + ' sent to object: 'Object Repository/Objects.HighlightElements/input_field_index'

2020-06-02 15:10:58 - [TEST_STEP][PASSED] - delay(DelayTime): Delayed 0 second(s)

2020-06-02 15:10:58 - [MESSAGE][PASSED] - Delayed 0 second(s)

2020-06-02 15:10:58 - [TEST_STEP][PASSED] - sendKeys(NewInputNmField, Keys.chord(ENTER)): Keys 'ENTER + ' sent to object: 'Object Repository/Objects.HighlightElements/input_field_index'

2020-06-02 15:10:59 - [MESSAGE][PASSED] - Keys 'ENTER + ' sent to object: 'Object Repository/Objects.HighlightElements/input_field_index'

2020-06-02 15:10:59 - [TEST_STEP][PASSED] - ComboBoxValue = getAttribute(NewInputNmField, "value"): Attribute 'value' of object 'Object Repository/Objects.HighlightElements/input_field_index' is: 'Richard Lim Fang Ping (FANGPING)'

2020-06-02 15:10:59 - [MESSAGE][PASSED] - Attribute 'value' of object 'Object Repository/Objects.HighlightElements/input_field_index' is: 'Richard Lim Fang Ping (FANGPING)'

2020-06-02 15:10:59 - [TEST_STEP][PASSED] - callTestCase(findTestCase(CallTCName), ["FindValue":ComboBoxValue, "DropdownNm":comboNm], STOP_ON_FAILURE): Call Test Case 'Test Cases/PFI Precision and Scale/HashMap Tables/OfficerLists' successfully

2020-06-02 15:10:59 - [TEST_CASE][PASSED] - Test Cases/PFI Precision and Scale/HashMap Tables/OfficerLists: Test Cases/PFI Precision and Scale/HashMap Tables/OfficerLists

2020-06-02 15:10:59 - [TEST_STEP][PASSED] - Thread.sleep(1000): null

2020-06-02 15:11:00 - [TEST_STEP][PASSED] - OfficerLists = [1:"Aaron Sham Wai Lun (AARON)", 2:"Azidah Bte Akmad (Mdm) (USAABD)", 3:"Chung Fong Nyen (USACFN)", 4:"David Tey Dah Wei (DAHWEI)", ... ]: null

2020-06-02 15:11:00 - [TEST_STEP][PASSED] - ValueFound = OfficerLists.find({ -> ... }): null

2020-06-02 15:11:00 - [MESSAGE][PASSED] - Call Test Case 'Test Cases/PFI Precision and Scale/HashMap Tables/OfficerLists' successfully

2020-06-02 15:11:00 - [TEST_STEP][PASSED] - println(ValueFound): null

2020-06-02 15:11:00 - [TEST_STEP][PASSED] - sendKeys(NewInputNmField, Keys.chord(ARROW_DOWN)): Keys 'DOWN + ' sent to object: 'Object Repository/Objects.HighlightElements/input_field_index'

2020-06-02 15:11:00 - [MESSAGE][PASSED] - Keys 'DOWN + ' sent to object: 'Object Repository/Objects.HighlightElements/input_field_index'

2020-06-02 15:11:00 - [TEST_STEP][PASSED] - sendKeys(NewInputNmField, Keys.chord(ARROW_DOWN)): Keys 'DOWN + ' sent to object: 'Object Repository/Objects.HighlightElements/input_field_index'

2020-06-02 15:11:01 - [MESSAGE][PASSED] - Keys 'DOWN + ' sent to object: 'Object Repository/Objects.HighlightElements/input_field_index'

2020-06-02 15:11:01 - [TEST_STEP][PASSED] - delay(DelayTime): Delayed 0 second(s)

2020-06-02 15:11:01 - [MESSAGE][PASSED] - Delayed 0 second(s)

2020-06-02 15:11:01 - [TEST_STEP][PASSED] - sendKeys(NewInputNmField, Keys.chord(ENTER)): Keys 'ENTER + ' sent to object: 'Object Repository/Objects.HighlightElements/input_field_index'

2020-06-02 15:11:01 - [MESSAGE][PASSED] - Keys 'ENTER + ' sent to object: 'Object Repository/Objects.HighlightElements/input_field_index'

2020-06-02 15:11:01 - [TEST_STEP][PASSED] - ComboBoxValue = getAttribute(NewInputNmField, "value"): Attribute 'value' of object 'Object Repository/Objects.HighlightElements/input_field_index' is: 'RITA WONG SIONG ING (RITAWONG)'

2020-06-02 15:11:02 - [MESSAGE][PASSED] - Attribute 'value' of object 'Object Repository/Objects.HighlightElements/input_field_index' is: 'RITA WONG SIONG ING (RITAWONG)'

2020-06-02 15:11:02 - [TEST_STEP][PASSED] - callTestCase(findTestCase(CallTCName), ["FindValue":ComboBoxValue, "DropdownNm":comboNm], STOP_ON_FAILURE): Call Test Case 'Test Cases/PFI Precision and Scale/HashMap Tables/OfficerLists' successfully

2020-06-02 15:11:02 - [TEST_CASE][PASSED] - Test Cases/PFI Precision and Scale/HashMap Tables/OfficerLists: Test Cases/PFI Precision and Scale/HashMap Tables/OfficerLists

2020-06-02 15:11:02 - [TEST_STEP][PASSED] - Thread.sleep(1000): null

2020-06-02 15:11:03 - [TEST_STEP][PASSED] - OfficerLists = [1:"Aaron Sham Wai Lun (AARON)", 2:"Azidah Bte Akmad (Mdm) (USAABD)", 3:"Chung Fong Nyen (USACFN)", 4:"David Tey Dah Wei (DAHWEI)", ... ]: null

2020-06-02 15:11:03 - [TEST_STEP][PASSED] - ValueFound = OfficerLists.find({ -> ... }): null

2020-06-02 15:11:03 - [MESSAGE][PASSED] - Call Test Case 'Test Cases/PFI Precision and Scale/HashMap Tables/OfficerLists' successfully

2020-06-02 15:11:03 - [TEST_STEP][PASSED] - println(ValueFound): null

2020-06-02 15:11:03 - [TEST_STEP][PASSED] - sendKeys(NewInputNmField, Keys.chord(ARROW_DOWN)): Keys 'DOWN + ' sent to object: 'Object Repository/Objects.HighlightElements/input_field_index'

2020-06-02 15:11:03 - [MESSAGE][PASSED] - Keys 'DOWN + ' sent to object: 'Object Repository/Objects.HighlightElements/input_field_index'

2020-06-02 15:11:03 - [TEST_STEP][PASSED] - sendKeys(NewInputNmField, Keys.chord(ARROW_DOWN)): Keys 'DOWN + ' sent to object: 'Object Repository/Objects.HighlightElements/input_field_index'

2020-06-02 15:11:04 - [MESSAGE][PASSED] - Keys 'DOWN + ' sent to object: 'Object Repository/Objects.HighlightElements/input_field_index'

2020-06-02 15:11:04 - [TEST_STEP][PASSED] - delay(DelayTime): Delayed 0 second(s)

2020-06-02 15:11:04 - [MESSAGE][PASSED] - Delayed 0 second(s)

2020-06-02 15:11:04 - [TEST_STEP][PASSED] - sendKeys(NewInputNmField, Keys.chord(ENTER)): Keys 'ENTER + ' sent to object: 'Object Repository/Objects.HighlightElements/input_field_index'

2020-06-02 15:11:04 - [MESSAGE][PASSED] - Keys 'ENTER + ' sent to object: 'Object Repository/Objects.HighlightElements/input_field_index'

2020-06-02 15:11:04 - [TEST_STEP][PASSED] - ComboBoxValue = getAttribute(NewInputNmField, "value"): Attribute 'value' of object 'Object Repository/Objects.HighlightElements/input_field_index' is: 'Shi Hong Wei (HONGWEI)'

2020-06-02 15:11:05 - [MESSAGE][PASSED] - Attribute 'value' of object 'Object Repository/Objects.HighlightElements/input_field_index' is: 'Shi Hong Wei (HONGWEI)'

2020-06-02 15:11:05 - [TEST_STEP][PASSED] - callTestCase(findTestCase(CallTCName), ["FindValue":ComboBoxValue, "DropdownNm":comboNm], STOP_ON_FAILURE): Call Test Case 'Test Cases/PFI Precision and Scale/HashMap Tables/OfficerLists' successfully

2020-06-02 15:11:05 - [TEST_CASE][PASSED] - Test Cases/PFI Precision and Scale/HashMap Tables/OfficerLists: Test Cases/PFI Precision and Scale/HashMap Tables/OfficerLists

2020-06-02 15:11:05 - [TEST_STEP][PASSED] - Thread.sleep(1000): null

2020-06-02 15:11:06 - [TEST_STEP][PASSED] - OfficerLists = [1:"Aaron Sham Wai Lun (AARON)", 2:"Azidah Bte Akmad (Mdm) (USAABD)", 3:"Chung Fong Nyen (USACFN)", 4:"David Tey Dah Wei (DAHWEI)", ... ]: null

2020-06-02 15:11:06 - [TEST_STEP][PASSED] - ValueFound = OfficerLists.find({ -> ... }): null

2020-06-02 15:11:06 - [MESSAGE][PASSED] - Call Test Case 'Test Cases/PFI Precision and Scale/HashMap Tables/OfficerLists' successfully

2020-06-02 15:11:06 - [TEST_STEP][PASSED] - println(ValueFound): null

2020-06-02 15:11:06 - [TEST_STEP][PASSED] - sendKeys(NewInputNmField, Keys.chord(ARROW_DOWN)): Keys 'DOWN + ' sent to object: 'Object Repository/Objects.HighlightElements/input_field_index'

2020-06-02 15:11:06 - [MESSAGE][PASSED] - Keys 'DOWN + ' sent to object: 'Object Repository/Objects.HighlightElements/input_field_index'

2020-06-02 15:11:06 - [TEST_STEP][PASSED] - sendKeys(NewInputNmField, Keys.chord(ARROW_DOWN)): Keys 'DOWN + ' sent to object: 'Object Repository/Objects.HighlightElements/input_field_index'

2020-06-02 15:11:06 - [MESSAGE][PASSED] - Keys 'DOWN + ' sent to object: 'Object Repository/Objects.HighlightElements/input_field_index'

2020-06-02 15:11:06 - [TEST_STEP][PASSED] - delay(DelayTime): Delayed 0 second(s)

2020-06-02 15:11:06 - [MESSAGE][PASSED] - Delayed 0 second(s)

2020-06-02 15:11:06 - [TEST_STEP][PASSED] - sendKeys(NewInputNmField, Keys.chord(ENTER)): Keys 'ENTER + ' sent to object: 'Object Repository/Objects.HighlightElements/input_field_index'

2020-06-02 15:11:07 - [MESSAGE][PASSED] - Keys 'ENTER + ' sent to object: 'Object Repository/Objects.HighlightElements/input_field_index'

2020-06-02 15:11:07 - [TEST_STEP][PASSED] - ComboBoxValue = getAttribute(NewInputNmField, "value"): Attribute 'value' of object 'Object Repository/Objects.HighlightElements/input_field_index' is: 'Tan Jing Ying (JINGYING)'

2020-06-02 15:11:07 - [MESSAGE][PASSED] - Attribute 'value' of object 'Object Repository/Objects.HighlightElements/input_field_index' is: 'Tan Jing Ying (JINGYING)'

2020-06-02 15:11:07 - [TEST_STEP][PASSED] - callTestCase(findTestCase(CallTCName), ["FindValue":ComboBoxValue, "DropdownNm":comboNm], STOP_ON_FAILURE): Call Test Case 'Test Cases/PFI Precision and Scale/HashMap Tables/OfficerLists' successfully

2020-06-02 15:11:07 - [TEST_CASE][PASSED] - Test Cases/PFI Precision and Scale/HashMap Tables/OfficerLists: Test Cases/PFI Precision and Scale/HashMap Tables/OfficerLists

2020-06-02 15:11:07 - [TEST_STEP][PASSED] - Thread.sleep(1000): null

2020-06-02 15:11:08 - [TEST_STEP][PASSED] - OfficerLists = [1:"Aaron Sham Wai Lun (AARON)", 2:"Azidah Bte Akmad (Mdm) (USAABD)", 3:"Chung Fong Nyen (USACFN)", 4:"David Tey Dah Wei (DAHWEI)", ... ]: null

2020-06-02 15:11:08 - [TEST_STEP][PASSED] - ValueFound = OfficerLists.find({ -> ... }): null

2020-06-02 15:11:08 - [MESSAGE][PASSED] - Call Test Case 'Test Cases/PFI Precision and Scale/HashMap Tables/OfficerLists' successfully

2020-06-02 15:11:08 - [TEST_STEP][PASSED] - println(ValueFound): null

2020-06-02 15:11:08 - [TEST_STEP][PASSED] - sendKeys(NewInputNmField, Keys.chord(ARROW_DOWN)): Keys 'DOWN + ' sent to object: 'Object Repository/Objects.HighlightElements/input_field_index'

2020-06-02 15:11:09 - [MESSAGE][PASSED] - Keys 'DOWN + ' sent to object: 'Object Repository/Objects.HighlightElements/input_field_index'

2020-06-02 15:11:09 - [TEST_STEP][PASSED] - sendKeys(NewInputNmField, Keys.chord(ARROW_DOWN)): Keys 'DOWN + ' sent to object: 'Object Repository/Objects.HighlightElements/input_field_index'

2020-06-02 15:11:09 - [MESSAGE][PASSED] - Keys 'DOWN + ' sent to object: 'Object Repository/Objects.HighlightElements/input_field_index'

2020-06-02 15:11:09 - [TEST_STEP][PASSED] - delay(DelayTime): Delayed 0 second(s)

2020-06-02 15:11:09 - [MESSAGE][PASSED] - Delayed 0 second(s)

2020-06-02 15:11:09 - [TEST_STEP][PASSED] - sendKeys(NewInputNmField, Keys.chord(ENTER)): Keys 'ENTER + ' sent to object: 'Object Repository/Objects.HighlightElements/input_field_index'

2020-06-02 15:11:10 - [MESSAGE][PASSED] - Keys 'ENTER + ' sent to object: 'Object Repository/Objects.HighlightElements/input_field_index'

2020-06-02 15:11:10 - [TEST_STEP][PASSED] - ComboBoxValue = getAttribute(NewInputNmField, "value"): Attribute 'value' of object 'Object Repository/Objects.HighlightElements/input_field_index' is: 'Tan Kwan Joo (KWANJOO)'

2020-06-02 15:11:10 - [MESSAGE][PASSED] - Attribute 'value' of object 'Object Repository/Objects.HighlightElements/input_field_index' is: 'Tan Kwan Joo (KWANJOO)'

2020-06-02 15:11:10 - [TEST_STEP][PASSED] - callTestCase(findTestCase(CallTCName), ["FindValue":ComboBoxValue, "DropdownNm":comboNm], STOP_ON_FAILURE): Call Test Case 'Test Cases/PFI Precision and Scale/HashMap Tables/OfficerLists' successfully

2020-06-02 15:11:10 - [TEST_CASE][PASSED] - Test Cases/PFI Precision and Scale/HashMap Tables/OfficerLists: Test Cases/PFI Precision and Scale/HashMap Tables/OfficerLists

2020-06-02 15:11:10 - [TEST_STEP][PASSED] - Thread.sleep(1000): null

2020-06-02 15:11:11 - [TEST_STEP][PASSED] - OfficerLists = [1:"Aaron Sham Wai Lun (AARON)", 2:"Azidah Bte Akmad (Mdm) (USAABD)", 3:"Chung Fong Nyen (USACFN)", 4:"David Tey Dah Wei (DAHWEI)", ... ]: null

2020-06-02 15:11:11 - [TEST_STEP][PASSED] - ValueFound = OfficerLists.find({ -> ... }): null

2020-06-02 15:11:11 - [MESSAGE][PASSED] - Call Test Case 'Test Cases/PFI Precision and Scale/HashMap Tables/OfficerLists' successfully

2020-06-02 15:11:11 - [TEST_STEP][PASSED] - println(ValueFound): null

2020-06-02 15:11:11 - [TEST_STEP][PASSED] - sendKeys(NewInputNmField, Keys.chord(ARROW_DOWN)): Keys 'DOWN + ' sent to object: 'Object Repository/Objects.HighlightElements/input_field_index'

2020-06-02 15:11:11 - [MESSAGE][PASSED] - Keys 'DOWN + ' sent to object: 'Object Repository/Objects.HighlightElements/input_field_index'

2020-06-02 15:11:11 - [TEST_STEP][PASSED] - sendKeys(NewInputNmField, Keys.chord(ARROW_DOWN)): Keys 'DOWN + ' sent to object: 'Object Repository/Objects.HighlightElements/input_field_index'

2020-06-02 15:11:12 - [MESSAGE][PASSED] - Keys 'DOWN + ' sent to object: 'Object Repository/Objects.HighlightElements/input_field_index'

2020-06-02 15:11:12 - [TEST_STEP][PASSED] - delay(DelayTime): Delayed 0 second(s)

2020-06-02 15:11:12 - [MESSAGE][PASSED] - Delayed 0 second(s)

2020-06-02 15:11:12 - [TEST_STEP][PASSED] - sendKeys(NewInputNmField, Keys.chord(ENTER)): Keys 'ENTER + ' sent to object: 'Object Repository/Objects.HighlightElements/input_field_index'

2020-06-02 15:11:12 - [MESSAGE][PASSED] - Keys 'ENTER + ' sent to object: 'Object Repository/Objects.HighlightElements/input_field_index'

2020-06-02 15:11:12 - [TEST_STEP][PASSED] - ComboBoxValue = getAttribute(NewInputNmField, "value"): Attribute 'value' of object 'Object Repository/Objects.HighlightElements/input_field_index' is: 'Titus Chua Hwa Ping (TITUS)'

2020-06-02 15:11:13 - [MESSAGE][PASSED] - Attribute 'value' of object 'Object Repository/Objects.HighlightElements/input_field_index' is: 'Titus Chua Hwa Ping (TITUS)'

2020-06-02 15:11:13 - [TEST_STEP][PASSED] - callTestCase(findTestCase(CallTCName), ["FindValue":ComboBoxValue, "DropdownNm":comboNm], STOP_ON_FAILURE): Call Test Case 'Test Cases/PFI Precision and Scale/HashMap Tables/OfficerLists' successfully

2020-06-02 15:11:13 - [TEST_CASE][PASSED] - Test Cases/PFI Precision and Scale/HashMap Tables/OfficerLists: Test Cases/PFI Precision and Scale/HashMap Tables/OfficerLists

2020-06-02 15:11:13 - [TEST_STEP][PASSED] - Thread.sleep(1000): null

2020-06-02 15:11:14 - [TEST_STEP][PASSED] - OfficerLists = [1:"Aaron Sham Wai Lun (AARON)", 2:"Azidah Bte Akmad (Mdm) (USAABD)", 3:"Chung Fong Nyen (USACFN)", 4:"David Tey Dah Wei (DAHWEI)", ... ]: null

2020-06-02 15:11:14 - [TEST_STEP][PASSED] - ValueFound = OfficerLists.find({ -> ... }): null

2020-06-02 15:11:14 - [MESSAGE][PASSED] - Call Test Case 'Test Cases/PFI Precision and Scale/HashMap Tables/OfficerLists' successfully

2020-06-02 15:11:14 - [TEST_STEP][PASSED] - println(ValueFound): null

2020-06-02 15:11:14 - [TEST_STEP][PASSED] - sendKeys(NewInputNmField, Keys.chord(ARROW_DOWN)): Keys 'DOWN + ' sent to object: 'Object Repository/Objects.HighlightElements/input_field_index'

2020-06-02 15:11:14 - [MESSAGE][PASSED] - Keys 'DOWN + ' sent to object: 'Object Repository/Objects.HighlightElements/input_field_index'

2020-06-02 15:11:14 - [TEST_STEP][PASSED] - sendKeys(NewInputNmField, Keys.chord(ARROW_DOWN)): Keys 'DOWN + ' sent to object: 'Object Repository/Objects.HighlightElements/input_field_index'

2020-06-02 15:11:15 - [MESSAGE][PASSED] - Keys 'DOWN + ' sent to object: 'Object Repository/Objects.HighlightElements/input_field_index'

2020-06-02 15:11:15 - [TEST_STEP][PASSED] - delay(DelayTime): Delayed 0 second(s)

2020-06-02 15:11:15 - [MESSAGE][PASSED] - Delayed 0 second(s)

2020-06-02 15:11:15 - [TEST_STEP][PASSED] - sendKeys(NewInputNmField, Keys.chord(ENTER)): Keys 'ENTER + ' sent to object: 'Object Repository/Objects.HighlightElements/input_field_index'

2020-06-02 15:11:15 - [MESSAGE][PASSED] - Keys 'ENTER + ' sent to object: 'Object Repository/Objects.HighlightElements/input_field_index'

2020-06-02 15:11:15 - [TEST_STEP][PASSED] - ComboBoxValue = getAttribute(NewInputNmField, "value"): Attribute 'value' of object 'Object Repository/Objects.HighlightElements/input_field_index' is: 'Vijayaratnam Ng Lay Hoon (USANLH)'

2020-06-02 15:11:16 - [MESSAGE][PASSED] - Attribute 'value' of object 'Object Repository/Objects.HighlightElements/input_field_index' is: 'Vijayaratnam Ng Lay Hoon (USANLH)'

2020-06-02 15:11:16 - [TEST_STEP][PASSED] - callTestCase(findTestCase(CallTCName), ["FindValue":ComboBoxValue, "DropdownNm":comboNm], STOP_ON_FAILURE): Call Test Case 'Test Cases/PFI Precision and Scale/HashMap Tables/OfficerLists' successfully

2020-06-02 15:11:16 - [TEST_CASE][PASSED] - Test Cases/PFI Precision and Scale/HashMap Tables/OfficerLists: Test Cases/PFI Precision and Scale/HashMap Tables/OfficerLists

2020-06-02 15:11:16 - [TEST_STEP][PASSED] - Thread.sleep(1000): null

2020-06-02 15:11:17 - [TEST_STEP][PASSED] - OfficerLists = [1:"Aaron Sham Wai Lun (AARON)", 2:"Azidah Bte Akmad (Mdm) (USAABD)", 3:"Chung Fong Nyen (USACFN)", 4:"David Tey Dah Wei (DAHWEI)", ... ]: null

2020-06-02 15:11:17 - [TEST_STEP][PASSED] - ValueFound = OfficerLists.find({ -> ... }): null

2020-06-02 15:11:17 - [MESSAGE][PASSED] - Call Test Case 'Test Cases/PFI Precision and Scale/HashMap Tables/OfficerLists' successfully

2020-06-02 15:11:17 - [TEST_STEP][PASSED] - println(ValueFound): null

2020-06-02 15:11:17 - [TEST_STEP][PASSED] - sendKeys(NewInputNmField, Keys.chord(ARROW_DOWN)): Keys 'DOWN + ' sent to object: 'Object Repository/Objects.HighlightElements/input_field_index'

2020-06-02 15:11:17 - [MESSAGE][PASSED] - Keys 'DOWN + ' sent to object: 'Object Repository/Objects.HighlightElements/input_field_index'

2020-06-02 15:11:17 - [TEST_STEP][PASSED] - sendKeys(NewInputNmField, Keys.chord(ARROW_DOWN)): Keys 'DOWN + ' sent to object: 'Object Repository/Objects.HighlightElements/input_field_index'

2020-06-02 15:11:17 - [MESSAGE][PASSED] - Keys 'DOWN + ' sent to object: 'Object Repository/Objects.HighlightElements/input_field_index'

2020-06-02 15:11:17 - [TEST_STEP][PASSED] - delay(DelayTime): Delayed 0 second(s)

2020-06-02 15:11:17 - [MESSAGE][PASSED] - Delayed 0 second(s)

2020-06-02 15:11:17 - [TEST_STEP][PASSED] - sendKeys(NewInputNmField, Keys.chord(ENTER)): Keys 'ENTER + ' sent to object: 'Object Repository/Objects.HighlightElements/input_field_index'

2020-06-02 15:11:18 - [MESSAGE][PASSED] - Keys 'ENTER + ' sent to object: 'Object Repository/Objects.HighlightElements/input_field_index'

2020-06-02 15:11:18 - [TEST_STEP][PASSED] - ComboBoxValue = getAttribute(NewInputNmField, "value"): Attribute 'value' of object 'Object Repository/Objects.HighlightElements/input_field_index' is: 'Wong Swee Sheng (WONGSWEE)'

2020-06-02 15:11:18 - [MESSAGE][PASSED] - Attribute 'value' of object 'Object Repository/Objects.HighlightElements/input_field_index' is: 'Wong Swee Sheng (WONGSWEE)'

2020-06-02 15:11:18 - [TEST_STEP][PASSED] - callTestCase(findTestCase(CallTCName), ["FindValue":ComboBoxValue, "DropdownNm":comboNm], STOP_ON_FAILURE): Call Test Case 'Test Cases/PFI Precision and Scale/HashMap Tables/OfficerLists' successfully

2020-06-02 15:11:18 - [TEST_CASE][PASSED] - Test Cases/PFI Precision and Scale/HashMap Tables/OfficerLists: Test Cases/PFI Precision and Scale/HashMap Tables/OfficerLists

2020-06-02 15:11:18 - [TEST_STEP][PASSED] - Thread.sleep(1000): null

2020-06-02 15:11:19 - [TEST_STEP][PASSED] - OfficerLists = [1:"Aaron Sham Wai Lun (AARON)", 2:"Azidah Bte Akmad (Mdm) (USAABD)", 3:"Chung Fong Nyen (USACFN)", 4:"David Tey Dah Wei (DAHWEI)", ... ]: null

2020-06-02 15:11:19 - [TEST_STEP][PASSED] - ValueFound = OfficerLists.find({ -> ... }): null

2020-06-02 15:11:19 - [MESSAGE][PASSED] - Call Test Case 'Test Cases/PFI Precision and Scale/HashMap Tables/OfficerLists' successfully

2020-06-02 15:11:19 - [TEST_STEP][PASSED] - println(ValueFound): null

2020-06-02 15:11:19 - [TEST_STEP][PASSED] - sendKeys(NewInputNmField, Keys.chord(ARROW_DOWN)): Keys 'DOWN + ' sent to object: 'Object Repository/Objects.HighlightElements/input_field_index'

2020-06-02 15:11:20 - [MESSAGE][PASSED] - Keys 'DOWN + ' sent to object: 'Object Repository/Objects.HighlightElements/input_field_index'

2020-06-02 15:11:20 - [TEST_STEP][PASSED] - sendKeys(NewInputNmField, Keys.chord(ARROW_DOWN)): Keys 'DOWN + ' sent to object: 'Object Repository/Objects.HighlightElements/input_field_index'

2020-06-02 15:11:20 - [MESSAGE][PASSED] - Keys 'DOWN + ' sent to object: 'Object Repository/Objects.HighlightElements/input_field_index'

2020-06-02 15:11:20 - [TEST_STEP][PASSED] - delay(DelayTime): Delayed 0 second(s)

2020-06-02 15:11:20 - [MESSAGE][PASSED] - Delayed 0 second(s)

2020-06-02 15:11:20 - [TEST_STEP][PASSED] - sendKeys(NewInputNmField, Keys.chord(ENTER)): Keys 'ENTER + ' sent to object: 'Object Repository/Objects.HighlightElements/input_field_index'

2020-06-02 15:11:21 - [MESSAGE][PASSED] - Keys 'ENTER + ' sent to object: 'Object Repository/Objects.HighlightElements/input_field_index'

2020-06-02 15:11:21 - [TEST_STEP][PASSED] - ComboBoxValue = getAttribute(NewInputNmField, "value"): Attribute 'value' of object 'Object Repository/Objects.HighlightElements/input_field_index' is: 'Zhao Dianfeng (DIANFENG)'

2020-06-02 15:11:21 - [MESSAGE][PASSED] - Attribute 'value' of object 'Object Repository/Objects.HighlightElements/input_field_index' is: 'Zhao Dianfeng (DIANFENG)'

2020-06-02 15:11:21 - [TEST_STEP][PASSED] - callTestCase(findTestCase(CallTCName), ["FindValue":ComboBoxValue, "DropdownNm":comboNm], STOP_ON_FAILURE): Call Test Case 'Test Cases/PFI Precision and Scale/HashMap Tables/OfficerLists' successfully

2020-06-02 15:11:21 - [TEST_CASE][PASSED] - Test Cases/PFI Precision and Scale/HashMap Tables/OfficerLists: Test Cases/PFI Precision and Scale/HashMap Tables/OfficerLists

2020-06-02 15:11:21 - [TEST_STEP][PASSED] - Thread.sleep(1000): null

2020-06-02 15:11:22 - [TEST_STEP][PASSED] - OfficerLists = [1:"Aaron Sham Wai Lun (AARON)", 2:"Azidah Bte Akmad (Mdm) (USAABD)", 3:"Chung Fong Nyen (USACFN)", 4:"David Tey Dah Wei (DAHWEI)", ... ]: null

2020-06-02 15:11:22 - [TEST_STEP][PASSED] - ValueFound = OfficerLists.find({ -> ... }): null

2020-06-02 15:11:22 - [MESSAGE][PASSED] - Call Test Case 'Test Cases/PFI Precision and Scale/HashMap Tables/OfficerLists' successfully

2020-06-02 15:11:22 - [TEST_STEP][PASSED] - println(ValueFound): null

2020-06-02 15:11:22 - [TEST_STEP][PASSED] - sendKeys(NewInputNmField, Keys.chord(ARROW_DOWN)): Keys 'DOWN + ' sent to object: 'Object Repository/Objects.HighlightElements/input_field_index'

2020-06-02 15:11:23 - [MESSAGE][PASSED] - Keys 'DOWN + ' sent to object: 'Object Repository/Objects.HighlightElements/input_field_index'

2020-06-02 15:11:23 - [TEST_STEP][PASSED] - sendKeys(NewInputNmField, Keys.chord(ENTER)): Keys 'ENTER + ' sent to object: 'Object Repository/Objects.HighlightElements/input_field_index'

2020-06-02 15:11:23 - [MESSAGE][PASSED] - Keys 'ENTER + ' sent to object: 'Object Repository/Objects.HighlightElements/input_field_index'

2020-06-02 15:11:23 - [MESSAGE][PASSED] - Call Test Case 'Test Cases/PFI Precision and Scale/PFI Components with Indexing/VerifyDropdownValuesIndex' successfully

2020-06-02 15:11:23 - [TEST_STEP][PASSED] - callTestCase(findTestCase("Components/SelectAllThenDeleteIndex"), ["nameToBeUsed":"decIntAssignOffcr", "index":2], STOP_ON_FAILURE): Call Test Case 'Test Cases/Components/SelectAllThenDeleteIndex' successfully

2020-06-02 15:11:23 - [TEST_CASE][PASSED] - Test Cases/Components/SelectAllThenDeleteIndex: Test Cases/Components/SelectAllThenDeleteIndex

2020-06-02 15:11:23 - [TEST_STEP][PASSED] - Thread.sleep(1000): null

2020-06-02 15:11:24 - [TEST_STEP][PASSED] - modifiedObj = modifyObjectProperty(findTestObject("Object Repository/Objects.HighlightElements/input_field_index"), "xpath", "equals", "(//*[contains(@class,'x-form-text') and (@name='" + nameToBeUsed + "')])[" + index + "]", true): Modify property of object successfully

2020-06-02 15:11:24 - [MESSAGE][PASSED] - Modify property of object successfully

2020-06-02 15:11:24 - [TEST_STEP][PASSED] - focus(modifiedObj): Object: 'Object Repository/Objects.HighlightElements/input_field_index' is focused

2020-06-02 15:11:24 - [MESSAGE][PASSED] - Object: 'Object Repository/Objects.HighlightElements/input_field_index' is focused

2020-06-02 15:11:24 - [TEST_STEP][PASSED] - sendKeys(modifiedObj, Keys.chord(CONTROL, "a")): Keys 'CONTROL + a' sent to object: 'Object Repository/Objects.HighlightElements/input_field_index'

2020-06-02 15:11:25 - [MESSAGE][PASSED] - Keys 'CONTROL + a' sent to object: 'Object Repository/Objects.HighlightElements/input_field_index'

2020-06-02 15:11:25 - [TEST_STEP][PASSED] - sendKeys(modifiedObj, Keys.chord(DELETE)): Keys 'DELETE + ' sent to object: 'Object Repository/Objects.HighlightElements/input_field_index'

2020-06-02 15:11:25 - [MESSAGE][PASSED] - Keys 'DELETE + ' sent to object: 'Object Repository/Objects.HighlightElements/input_field_index'

2020-06-02 15:11:25 - [MESSAGE][PASSED] - Call Test Case 'Test Cases/Components/SelectAllThenDeleteIndex' successfully

2020-06-02 15:11:25 - [TEST_STEP][PASSED] - callTestCase(findTestCase("PFI Precision and Scale/PFI Components with Indexing/RequiredFieldValidationIndex"), ["nameToBeUsed":"decIntAssignOffcr", "index":2], STOP_ON_FAILURE): Call Test Case 'Test Cases/PFI Precision and Scale/PFI Components with Indexing/RequiredFieldValidationIndex' successfully

2020-06-02 15:11:25 - [TEST_CASE][PASSED] - Test Cases/PFI Precision and Scale/PFI Components with Indexing/RequiredFieldValidationIndex: Test Cases/PFI Precision and Scale/PFI Components with Indexing/RequiredFieldValidationIndex

2020-06-02 15:11:25 - [TEST_STEP][PASSED] - enableSmartWait(): null

2020-06-02 15:11:25 - [TEST_STEP][PASSED] - NewInputNmField = modifyObjectProperty(findTestObject("Objects.HighlightElements/input_field_index"), "xpath", "equals", "(//*[contains(@class,'x-form-text') and (@name='" + nameToBeUsed + "')])[" + index + "]", true): Modify property of object successfully

2020-06-02 15:11:25 - [MESSAGE][PASSED] - Modify property of object successfully

2020-06-02 15:11:25 - [TEST_STEP][PASSED] - mouseOver(NewInputNmField): Object: 'Object Repository/Objects.HighlightElements/input_field_index' is hovered

2020-06-02 15:11:26 - [MESSAGE][PASSED] - Object: 'Object Repository/Objects.HighlightElements/input_field_index' is hovered

2020-06-02 15:11:26 - [TEST_STEP][PASSED] - getRqErrMsg = getAttribute(NewInputNmField, "data-errorqtip"): Attribute 'data-errorqtip' of object 'Object Repository/Objects.HighlightElements/input_field_index' is: '<ul class="x-list-plain"><li>This field is required</li></ul>'

2020-06-02 15:11:26 - [MESSAGE][PASSED] - Attribute 'data-errorqtip' of object 'Object Repository/Objects.HighlightElements/input_field_index' is: '<ul class="x-list-plain"><li>This field is required</li></ul>'

2020-06-02 15:11:26 - [TEST_STEP][PASSED] - strToolTip = getRqErrMsg.substring(29, 61): null

2020-06-02 15:11:26 - [TEST_STEP][PASSED] - toolTipReqErrMsg = strToolTip.substring(0, 22): null

2020-06-02 15:11:26 - [TEST_STEP][PASSED] - verifyMatch(toolTipReqErrMsg, RqField, true): Actual text 'This field is required' and expected text 'This field is required' are matched  using regular expression

2020-06-02 15:11:26 - [MESSAGE][PASSED] - Actual text 'This field is required' and expected text 'This field is required' are matched  using regular expression

2020-06-02 15:11:26 - [MESSAGE][PASSED] - Call Test Case 'Test Cases/PFI Precision and Scale/PFI Components with Indexing/RequiredFieldValidationIndex' successfully

2020-06-02 15:11:26 - [TEST_STEP][PASSED] - callTestCase(findTestCase("Components/HighlightLabelFieldXPI"), ["LblName":"Decision To", "index":2], STOP_ON_FAILURE): Call Test Case 'Test Cases/Components/HighlightLabelFieldXPI' successfully

2020-06-02 15:11:26 - [TEST_CASE][PASSED] - Test Cases/Components/HighlightLabelFieldXPI: Test Cases/Components/HighlightLabelFieldXPI

2020-06-02 15:11:26 - [TEST_STEP][PASSED] - Thread.sleep(1000): null

2020-06-02 15:11:27 - [TEST_STEP][PASSED] - modifiedLblNm = modifyObjectProperty(findTestObject("Object Repository/Objects.HighlightElements/lblField_index"), "xpath", "equals", "(//*[contains(@class, 'x-form-item-label-inner x-form-item-label-inner-default') and contains(., '" + LblName + "')])[" + index + "]", true): Modify property of object successfully

2020-06-02 15:11:27 - [MESSAGE][PASSED] - Modify property of object successfully

2020-06-02 15:11:27 - [TEST_STEP][PASSED] - com.reusableComponents.HighlightElement.run(modifiedLblNm): com.reusableComponents.HighlightElement.run is PASSED

2020-06-02 15:11:28 - [MESSAGE][PASSED] - com.reusableComponents.HighlightElement.run is PASSED

2020-06-02 15:11:28 - [MESSAGE][PASSED] - Call Test Case 'Test Cases/Components/HighlightLabelFieldXPI' successfully

2020-06-02 15:11:28 - [TEST_STEP][PASSED] - callTestCase(findTestCase("Components/HighlightInputIndexField"), ["InputName":"decIntDecisionTo", "index":2], STOP_ON_FAILURE): Call Test Case 'Test Cases/Components/HighlightInputIndexField' successfully

2020-06-02 15:11:28 - [TEST_CASE][PASSED] - Test Cases/Components/HighlightInputIndexField: Test Cases/Components/HighlightInputIndexField

2020-06-02 15:11:28 - [TEST_STEP][PASSED] - Thread.sleep(1000): null

2020-06-02 15:11:29 - [TEST_STEP][PASSED] - modifiedInputFld = modifyObjectProperty(findTestObject("Objects.HighlightElements/input_field_index"), "xpath", "equals", "(//*[contains(@class,'x-form-text') and (@name='" + InputName + "')])[" + index + "]", true): Modify property of object successfully

2020-06-02 15:11:29 - [MESSAGE][PASSED] - Modify property of object successfully

2020-06-02 15:11:29 - [TEST_STEP][PASSED] - com.reusableComponents.HighlightElement.run(modifiedInputFld): com.reusableComponents.HighlightElement.run is PASSED

2020-06-02 15:11:29 - [MESSAGE][PASSED] - com.reusableComponents.HighlightElement.run is PASSED

2020-06-02 15:11:29 - [MESSAGE][PASSED] - Call Test Case 'Test Cases/Components/HighlightInputIndexField' successfully

2020-06-02 15:11:29 - [TEST_STEP][PASSED] - callTestCase(findTestCase("PFI Precision and Scale/PFI Components with Indexing/VerifyDropdownValuesIndex"), ["FldNm":"decIntDecisionTo", "CallTCName":"PFI Precision and Scale/HashMap Tables/OfficerLists", "cmbNm":"DecisionTo", "NoOfVal":2, ... ], STOP_ON_FAILURE): Call Test Case 'Test Cases/PFI Precision and Scale/PFI Components with Indexing/VerifyDropdownValuesIndex' successfully

2020-06-02 15:11:30 - [TEST_CASE][PASSED] - Test Cases/PFI Precision and Scale/PFI Components with Indexing/VerifyDropdownValuesIndex: Test Cases/PFI Precision and Scale/PFI Components with Indexing/VerifyDropdownValuesIndex

2020-06-02 15:11:30 - [TEST_STEP][PASSED] - Thread.sleep(1000): null

2020-06-02 15:11:31 - [TEST_STEP][PASSED] - NewInputNmField = modifyObjectProperty(findTestObject("Object Repository/Objects.HighlightElements/input_field_index"), "xpath", "equals", "(//*[contains(@class,'x-form-text') and (@name='" + FldNm + "')])[" + index + "]", true): Modify property of object successfully

2020-06-02 15:11:31 - [MESSAGE][PASSED] - Modify property of object successfully

2020-06-02 15:11:31 - [TEST_STEP][PASSED] - comboNm = cmbNm: null

2020-06-02 15:11:31 - [TEST_STEP][PASSED] - focus(NewInputNmField): Object: 'Object Repository/Objects.HighlightElements/input_field_index' is focused

2020-06-02 15:11:31 - [MESSAGE][PASSED] - Object: 'Object Repository/Objects.HighlightElements/input_field_index' is focused

2020-06-02 15:11:31 - [TEST_STEP][PASSED] - setText(NewInputNmField, EnterValue): Text '' is set on object 'Object Repository/Objects.HighlightElements/input_field_index'

2020-06-02 15:11:31 - [MESSAGE][PASSED] - Text '' is set on object 'Object Repository/Objects.HighlightElements/input_field_index'

2020-06-02 15:11:31 - [TEST_STEP][PASSED] - for ([i = 1, i <= NoOfVal, (i++)]): Keys 'DOWN + ' sent to object: 'Object Repository/Objects.HighlightElements/input_field_index'

2020-06-02 15:11:31 - [TEST_STEP][PASSED] - sendKeys(NewInputNmField, Keys.chord(ARROW_DOWN)): Keys 'DOWN + ' sent to object: 'Object Repository/Objects.HighlightElements/input_field_index'

2020-06-02 15:11:32 - [MESSAGE][PASSED] - Keys 'DOWN + ' sent to object: 'Object Repository/Objects.HighlightElements/input_field_index'

2020-06-02 15:11:32 - [TEST_STEP][PASSED] - delay(DelayTime): Delayed 0 second(s)

2020-06-02 15:11:32 - [MESSAGE][PASSED] - Delayed 0 second(s)

2020-06-02 15:11:32 - [TEST_STEP][PASSED] - sendKeys(NewInputNmField, Keys.chord(ENTER)): Keys 'ENTER + ' sent to object: 'Object Repository/Objects.HighlightElements/input_field_index'

2020-06-02 15:11:32 - [MESSAGE][PASSED] - Keys 'ENTER + ' sent to object: 'Object Repository/Objects.HighlightElements/input_field_index'

2020-06-02 15:11:32 - [TEST_STEP][PASSED] - ComboBoxValue = getAttribute(NewInputNmField, "value"): Attribute 'value' of object 'Object Repository/Objects.HighlightElements/input_field_index' is: 'Approved'

2020-06-02 15:11:33 - [MESSAGE][PASSED] - Attribute 'value' of object 'Object Repository/Objects.HighlightElements/input_field_index' is: 'Approved'

2020-06-02 15:11:33 - [TEST_STEP][PASSED] - callTestCase(findTestCase(CallTCName), ["FindValue":ComboBoxValue, "DropdownNm":comboNm], STOP_ON_FAILURE): Call Test Case 'Test Cases/PFI Precision and Scale/HashMap Tables/OfficerLists' successfully

2020-06-02 15:11:33 - [TEST_CASE][PASSED] - Test Cases/PFI Precision and Scale/HashMap Tables/OfficerLists: Test Cases/PFI Precision and Scale/HashMap Tables/OfficerLists

2020-06-02 15:11:33 - [TEST_STEP][PASSED] - Thread.sleep(1000): null

2020-06-02 15:11:34 - [TEST_STEP][PASSED] - OfficerLists = [1:"Aaron Sham Wai Lun (AARON)", 2:"Azidah Bte Akmad (Mdm) (USAABD)", 3:"Chung Fong Nyen (USACFN)", 4:"David Tey Dah Wei (DAHWEI)", ... ]: null

2020-06-02 15:11:34 - [TEST_STEP][PASSED] - ValueFound = OfficerLists.find({ -> ... }): null

2020-06-02 15:11:34 - [MESSAGE][PASSED] - Call Test Case 'Test Cases/PFI Precision and Scale/HashMap Tables/OfficerLists' successfully

2020-06-02 15:11:34 - [TEST_STEP][PASSED] - println(ValueFound): null

2020-06-02 15:11:34 - [TEST_STEP][PASSED] - sendKeys(NewInputNmField, Keys.chord(ARROW_DOWN)): Keys 'DOWN + ' sent to object: 'Object Repository/Objects.HighlightElements/input_field_index'

2020-06-02 15:11:34 - [MESSAGE][PASSED] - Keys 'DOWN + ' sent to object: 'Object Repository/Objects.HighlightElements/input_field_index'

2020-06-02 15:11:34 - [TEST_STEP][PASSED] - sendKeys(NewInputNmField, Keys.chord(ARROW_DOWN)): Keys 'DOWN + ' sent to object: 'Object Repository/Objects.HighlightElements/input_field_index'

2020-06-02 15:11:35 - [MESSAGE][PASSED] - Keys 'DOWN + ' sent to object: 'Object Repository/Objects.HighlightElements/input_field_index'

2020-06-02 15:11:35 - [TEST_STEP][PASSED] - delay(DelayTime): Delayed 0 second(s)

2020-06-02 15:11:35 - [MESSAGE][PASSED] - Delayed 0 second(s)

2020-06-02 15:11:35 - [TEST_STEP][PASSED] - sendKeys(NewInputNmField, Keys.chord(ENTER)): Keys 'ENTER + ' sent to object: 'Object Repository/Objects.HighlightElements/input_field_index'

2020-06-02 15:11:35 - [MESSAGE][PASSED] - Keys 'ENTER + ' sent to object: 'Object Repository/Objects.HighlightElements/input_field_index'

2020-06-02 15:11:35 - [TEST_STEP][PASSED] - ComboBoxValue = getAttribute(NewInputNmField, "value"): Attribute 'value' of object 'Object Repository/Objects.HighlightElements/input_field_index' is: 'Disapproved'

2020-06-02 15:11:36 - [MESSAGE][PASSED] - Attribute 'value' of object 'Object Repository/Objects.HighlightElements/input_field_index' is: 'Disapproved'

2020-06-02 15:11:36 - [TEST_STEP][PASSED] - callTestCase(findTestCase(CallTCName), ["FindValue":ComboBoxValue, "DropdownNm":comboNm], STOP_ON_FAILURE): Call Test Case 'Test Cases/PFI Precision and Scale/HashMap Tables/OfficerLists' successfully

2020-06-02 15:11:36 - [TEST_CASE][PASSED] - Test Cases/PFI Precision and Scale/HashMap Tables/OfficerLists: Test Cases/PFI Precision and Scale/HashMap Tables/OfficerLists

2020-06-02 15:11:36 - [TEST_STEP][PASSED] - Thread.sleep(1000): null

2020-06-02 15:11:37 - [TEST_STEP][PASSED] - OfficerLists = [1:"Aaron Sham Wai Lun (AARON)", 2:"Azidah Bte Akmad (Mdm) (USAABD)", 3:"Chung Fong Nyen (USACFN)", 4:"David Tey Dah Wei (DAHWEI)", ... ]: null

2020-06-02 15:11:37 - [TEST_STEP][PASSED] - ValueFound = OfficerLists.find({ -> ... }): null

2020-06-02 15:11:37 - [MESSAGE][PASSED] - Call Test Case 'Test Cases/PFI Precision and Scale/HashMap Tables/OfficerLists' successfully

2020-06-02 15:11:37 - [TEST_STEP][PASSED] - println(ValueFound): null

2020-06-02 15:11:37 - [TEST_STEP][PASSED] - sendKeys(NewInputNmField, Keys.chord(ARROW_DOWN)): Keys 'DOWN + ' sent to object: 'Object Repository/Objects.HighlightElements/input_field_index'

2020-06-02 15:11:37 - [MESSAGE][PASSED] - Keys 'DOWN + ' sent to object: 'Object Repository/Objects.HighlightElements/input_field_index'

2020-06-02 15:11:37 - [TEST_STEP][PASSED] - sendKeys(NewInputNmField, Keys.chord(ENTER)): Keys 'ENTER + ' sent to object: 'Object Repository/Objects.HighlightElements/input_field_index'

2020-06-02 15:11:37 - [MESSAGE][PASSED] - Keys 'ENTER + ' sent to object: 'Object Repository/Objects.HighlightElements/input_field_index'

2020-06-02 15:11:37 - [MESSAGE][PASSED] - Call Test Case 'Test Cases/PFI Precision and Scale/PFI Components with Indexing/VerifyDropdownValuesIndex' successfully

2020-06-02 15:11:37 - [TEST_STEP][PASSED] - callTestCase(findTestCase("Components/SelectAllThenDeleteIndex"), ["nameToBeUsed":"decIntDecisionTo", "index":2], STOP_ON_FAILURE): Call Test Case 'Test Cases/Components/SelectAllThenDeleteIndex' successfully

2020-06-02 15:11:37 - [TEST_CASE][PASSED] - Test Cases/Components/SelectAllThenDeleteIndex: Test Cases/Components/SelectAllThenDeleteIndex

2020-06-02 15:11:37 - [TEST_STEP][PASSED] - Thread.sleep(1000): null

2020-06-02 15:11:38 - [TEST_STEP][PASSED] - modifiedObj = modifyObjectProperty(findTestObject("Object Repository/Objects.HighlightElements/input_field_index"), "xpath", "equals", "(//*[contains(@class,'x-form-text') and (@name='" + nameToBeUsed + "')])[" + index + "]", true): Modify property of object successfully

2020-06-02 15:11:38 - [MESSAGE][PASSED] - Modify property of object successfully

2020-06-02 15:11:38 - [TEST_STEP][PASSED] - focus(modifiedObj): Object: 'Object Repository/Objects.HighlightElements/input_field_index' is focused

2020-06-02 15:11:39 - [MESSAGE][PASSED] - Object: 'Object Repository/Objects.HighlightElements/input_field_index' is focused

2020-06-02 15:11:39 - [TEST_STEP][PASSED] - sendKeys(modifiedObj, Keys.chord(CONTROL, "a")): Keys 'CONTROL + a' sent to object: 'Object Repository/Objects.HighlightElements/input_field_index'

2020-06-02 15:11:39 - [MESSAGE][PASSED] - Keys 'CONTROL + a' sent to object: 'Object Repository/Objects.HighlightElements/input_field_index'

2020-06-02 15:11:39 - [TEST_STEP][PASSED] - sendKeys(modifiedObj, Keys.chord(DELETE)): Keys 'DELETE + ' sent to object: 'Object Repository/Objects.HighlightElements/input_field_index'

2020-06-02 15:11:39 - [MESSAGE][PASSED] - Keys 'DELETE + ' sent to object: 'Object Repository/Objects.HighlightElements/input_field_index'

2020-06-02 15:11:39 - [MESSAGE][PASSED] - Call Test Case 'Test Cases/Components/SelectAllThenDeleteIndex' successfully

2020-06-02 15:11:39 - [TEST_STEP][PASSED] - callTestCase(findTestCase("PFI Precision and Scale/PFI Components with Indexing/RequiredFieldValidationIndex"), ["nameToBeUsed":"decIntDecisionTo", "index":2], STOP_ON_FAILURE): Call Test Case 'Test Cases/PFI Precision and Scale/PFI Components with Indexing/RequiredFieldValidationIndex' successfully

2020-06-02 15:11:39 - [TEST_CASE][PASSED] - Test Cases/PFI Precision and Scale/PFI Components with Indexing/RequiredFieldValidationIndex: Test Cases/PFI Precision and Scale/PFI Components with Indexing/RequiredFieldValidationIndex

2020-06-02 15:11:39 - [TEST_STEP][PASSED] - enableSmartWait(): null

2020-06-02 15:11:39 - [TEST_STEP][PASSED] - NewInputNmField = modifyObjectProperty(findTestObject("Objects.HighlightElements/input_field_index"), "xpath", "equals", "(//*[contains(@class,'x-form-text') and (@name='" + nameToBeUsed + "')])[" + index + "]", true): Modify property of object successfully

2020-06-02 15:11:39 - [MESSAGE][PASSED] - Modify property of object successfully

2020-06-02 15:11:39 - [TEST_STEP][PASSED] - mouseOver(NewInputNmField): Object: 'Object Repository/Objects.HighlightElements/input_field_index' is hovered

2020-06-02 15:11:40 - [MESSAGE][PASSED] - Object: 'Object Repository/Objects.HighlightElements/input_field_index' is hovered

2020-06-02 15:11:40 - [TEST_STEP][PASSED] - getRqErrMsg = getAttribute(NewInputNmField, "data-errorqtip"): Attribute 'data-errorqtip' of object 'Object Repository/Objects.HighlightElements/input_field_index' is: '<ul class="x-list-plain"><li>This field is required</li></ul>'

2020-06-02 15:11:40 - [MESSAGE][PASSED] - Attribute 'data-errorqtip' of object 'Object Repository/Objects.HighlightElements/input_field_index' is: '<ul class="x-list-plain"><li>This field is required</li></ul>'

2020-06-02 15:11:40 - [TEST_STEP][PASSED] - strToolTip = getRqErrMsg.substring(29, 61): null

2020-06-02 15:11:40 - [TEST_STEP][PASSED] - toolTipReqErrMsg = strToolTip.substring(0, 22): null

2020-06-02 15:11:40 - [TEST_STEP][PASSED] - verifyMatch(toolTipReqErrMsg, RqField, true): Actual text 'This field is required' and expected text 'This field is required' are matched  using regular expression

2020-06-02 15:11:40 - [MESSAGE][PASSED] - Actual text 'This field is required' and expected text 'This field is required' are matched  using regular expression

2020-06-02 15:11:40 - [MESSAGE][PASSED] - Call Test Case 'Test Cases/PFI Precision and Scale/PFI Components with Indexing/RequiredFieldValidationIndex' successfully

2020-06-02 15:11:40 - [TEST_STEP][PASSED] - callTestCase(findTestCase("Components/HighlightLabelFieldXPI"), ["LblName":"AO Notes", "index":5], STOP_ON_FAILURE): Call Test Case 'Test Cases/Components/HighlightLabelFieldXPI' successfully

2020-06-02 15:11:40 - [TEST_CASE][PASSED] - Test Cases/Components/HighlightLabelFieldXPI: Test Cases/Components/HighlightLabelFieldXPI

2020-06-02 15:11:40 - [TEST_STEP][PASSED] - Thread.sleep(1000): null

2020-06-02 15:11:41 - [TEST_STEP][PASSED] - modifiedLblNm = modifyObjectProperty(findTestObject("Object Repository/Objects.HighlightElements/lblField_index"), "xpath", "equals", "(//*[contains(@class, 'x-form-item-label-inner x-form-item-label-inner-default') and contains(., '" + LblName + "')])[" + index + "]", true): Modify property of object successfully

2020-06-02 15:11:41 - [MESSAGE][PASSED] - Modify property of object successfully

2020-06-02 15:11:41 - [TEST_STEP][PASSED] - com.reusableComponents.HighlightElement.run(modifiedLblNm): com.reusableComponents.HighlightElement.run is PASSED

2020-06-02 15:11:42 - [MESSAGE][PASSED] - com.reusableComponents.HighlightElement.run is PASSED

2020-06-02 15:11:42 - [MESSAGE][PASSED] - Call Test Case 'Test Cases/Components/HighlightLabelFieldXPI' successfully

2020-06-02 15:11:42 - [TEST_STEP][PASSED] - callTestCase(findTestCase("Components/HighlightInputIndexField"), ["InputName":"decIntAONotes", "index":2], STOP_ON_FAILURE): Call Test Case 'Test Cases/Components/HighlightInputIndexField' successfully

2020-06-02 15:11:42 - [TEST_CASE][PASSED] - Test Cases/Components/HighlightInputIndexField: Test Cases/Components/HighlightInputIndexField

2020-06-02 15:11:42 - [TEST_STEP][PASSED] - Thread.sleep(1000): null

2020-06-02 15:11:43 - [TEST_STEP][PASSED] - modifiedInputFld = modifyObjectProperty(findTestObject("Objects.HighlightElements/input_field_index"), "xpath", "equals", "(//*[contains(@class,'x-form-text') and (@name='" + InputName + "')])[" + index + "]", true): Modify property of object successfully

2020-06-02 15:11:43 - [MESSAGE][PASSED] - Modify property of object successfully

2020-06-02 15:11:43 - [TEST_STEP][PASSED] - com.reusableComponents.HighlightElement.run(modifiedInputFld): com.reusableComponents.HighlightElement.run is PASSED

2020-06-02 15:11:44 - [MESSAGE][PASSED] - com.reusableComponents.HighlightElement.run is PASSED

2020-06-02 15:11:44 - [MESSAGE][PASSED] - Call Test Case 'Test Cases/Components/HighlightInputIndexField' successfully

2020-06-02 15:11:44 - [TEST_STEP][PASSED] - callTestCase(findTestCase("PFI Precision and Scale/PFI Components with Indexing/AlphaNumericSpecialValidationIndex"), ["FldNm":"decIntAONotes", "LenChar":10, "index":2], STOP_ON_FAILURE): Call Test Case 'Test Cases/PFI Precision and Scale/PFI Components with Indexing/AlphaNumericSpecialValidationIndex' successfully

2020-06-02 15:11:44 - [TEST_CASE][PASSED] - Test Cases/PFI Precision and Scale/PFI Components with Indexing/AlphaNumericSpecialValidationIndex: Test Cases/PFI Precision and Scale/PFI Components with Indexing/AlphaNumericSpecialValidationIndex

2020-06-02 15:11:44 - [TEST_STEP][PASSED] - charset = /?><"".join(): null

2020-06-02 15:11:44 - [TEST_STEP][PASSED] - AlphaNumeric = 9).join(): null

2020-06-02 15:11:44 - [TEST_STEP][PASSED] - SpecialChar = "`~!@#$%^&*()-=+_{}|\][;'":,./?><"": null

2020-06-02 15:11:44 - [TEST_STEP][PASSED] - RandomString = RandomStringUtils.random(LenChar, AlphaNumeric.toCharArray()): null

2020-06-02 15:11:44 - [TEST_STEP][PASSED] - RdmSpChar = RandomStringUtils.random(LenChar, SpecialChar): null

2020-06-02 15:11:44 - [TEST_STEP][PASSED] - regexPat = Pattern.compile("^[A-Za-z0-9 ]+$"): null

2020-06-02 15:11:44 - [TEST_STEP][PASSED] - NewInputNmField = modifyObjectProperty(findTestObject("Object Repository/Objects.HighlightElements/input_field_index"), "xpath", "equals", "(//*[contains(@class,'x-form-text') and (@name='" + FldNm + "')])[" + index + "]", true): Modify property of object successfully

2020-06-02 15:11:44 - [MESSAGE][PASSED] - Modify property of object successfully

2020-06-02 15:11:44 - [TEST_STEP][PASSED] - setText(NewInputNmField, RandomString): Text 'Tzmu3IwsV2' is set on object 'Object Repository/Objects.HighlightElements/input_field_index'

2020-06-02 15:11:44 - [MESSAGE][PASSED] - Text 'Tzmu3IwsV2' is set on object 'Object Repository/Objects.HighlightElements/input_field_index'

2020-06-02 15:11:44 - [TEST_STEP][PASSED] - RemarksAN = getAttribute(NewInputNmField, "value"): Attribute 'value' of object 'Object Repository/Objects.HighlightElements/input_field_index' is: 'Tzmu3IwsV2'

2020-06-02 15:11:45 - [MESSAGE][PASSED] - Attribute 'value' of object 'Object Repository/Objects.HighlightElements/input_field_index' is: 'Tzmu3IwsV2'

2020-06-02 15:11:45 - [TEST_STEP][PASSED] - matchStr = regexPat.matcher(RemarksAN): null

2020-06-02 15:11:45 - [TEST_STEP][PASSED] - if (matchStr.matches() == true): Accepting Alphanumeric

2020-06-02 15:11:45 - [TEST_STEP][PASSED] - comment("Accepting Alphanumeric"): Accepting Alphanumeric

2020-06-02 15:11:45 - [MESSAGE][INFO] - Accepting Alphanumeric

2020-06-02 15:11:45 - [TEST_STEP][PASSED] - setText(NewInputNmField, RdmSpChar): Text '<.^^{]+)^/' is set on object 'Object Repository/Objects.HighlightElements/input_field_index'

2020-06-02 15:11:45 - [MESSAGE][PASSED] - Text '<.^^{]+)^/' is set on object 'Object Repository/Objects.HighlightElements/input_field_index'

2020-06-02 15:11:45 - [TEST_STEP][PASSED] - RemarksSpChar = getAttribute(NewInputNmField, "value"): Attribute 'value' of object 'Object Repository/Objects.HighlightElements/input_field_index' is: '<.^^{]+)^/'

2020-06-02 15:11:46 - [MESSAGE][PASSED] - Attribute 'value' of object 'Object Repository/Objects.HighlightElements/input_field_index' is: '<.^^{]+)^/'

2020-06-02 15:11:46 - [TEST_STEP][PASSED] - matchSp = regexPat.matcher(RemarksSpChar): null

2020-06-02 15:11:46 - [TEST_STEP][PASSED] - if (matchSp.matches() == false): Accepting Special Characters

2020-06-02 15:11:46 - [TEST_STEP][PASSED] - comment("Accepting Special Characters"): Accepting Special Characters

2020-06-02 15:11:46 - [MESSAGE][INFO] - Accepting Special Characters

2020-06-02 15:11:46 - [MESSAGE][PASSED] - Call Test Case 'Test Cases/PFI Precision and Scale/PFI Components with Indexing/AlphaNumericSpecialValidationIndex' successfully

2020-06-02 15:11:46 - [TEST_STEP][PASSED] - callTestCase(findTestCase("PFI Precision and Scale/PFI Components with Indexing/MaxCharLengthIndexValidation"), ["FieldNm":"decIntAONotes", "index":2, "MaxCharLen":4006], STOP_ON_FAILURE): Call Test Case 'Test Cases/PFI Precision and Scale/PFI Components with Indexing/MaxCharLengthIndexValidation' successfully

2020-06-02 15:11:46 - [TEST_CASE][PASSED] - Test Cases/PFI Precision and Scale/PFI Components with Indexing/MaxCharLengthIndexValidation: Test Cases/PFI Precision and Scale/PFI Components with Indexing/MaxCharLengthIndexValidation

2020-06-02 15:11:46 - [TEST_STEP][PASSED] - Thread.sleep(1000): null

2020-06-02 15:11:47 - [TEST_STEP][PASSED] - CharLengthTBL = ["aoNotes":4000, "notes":4000, "hseBlkNo":10, "buildingName":100, "unformattedAddress":4000, "courtNo":20, "caseGrpDesc":4000, ... ]: null

2020-06-02 15:11:47 - [TEST_STEP][PASSED] - charset = /?><"".join(): null

2020-06-02 15:11:47 - [TEST_STEP][PASSED] - RandomStringVal = RandomStringUtils.random(MaxCharLen, charset.toCharArray()): null

2020-06-02 15:11:47 - [TEST_STEP][PASSED] - NewInputNmField = modifyObjectProperty(findTestObject("Object Repository/Objects.HighlightElements/input_field_index"), "xpath", "equals", "(//*[contains(@class,'x-form-text') and (@name='" + FieldNm + "')])[" + index + "]", true): Modify property of object successfully

2020-06-02 15:11:47 - [MESSAGE][PASSED] - Modify property of object successfully

2020-06-02 15:11:47 - [TEST_STEP][PASSED] - setText(NewInputNmField, RandomStringVal): Text '[C)r/1OE"F*}$7nv3\vQ#0tF!>b|p^kf{K5H_Av(dUM<p(;2u<@Yl8$?_)riK\f9H-=!hMx"0{+IV[1.wVOEAB}7I~IbC+T[:^C>Izc"tJRM!UGGS)<I&sxKh>%E~W^1ngbh&1BwD|B92pQ,5Vf;y97$Iag@\j=u2r|FS&NI4VdJjKn0YH}wmV/7FIr<6M;U.WS^)L3OO^opQlDd[oN<kuo-W?hF<9KCI61787s<ft51%"ykU580$<c)7xZx/u'GwjTQf8|X,/BMZQ!#4]`$$uA&F&Jxo,%`OT=U0fu"NPGk<B!`g|z~(2;s.G%=Z<F%)dR5Jv,RE(ITu!n)Rf=YLEaiaHA7ooyy2(Ht>&EJLS$K'NuPl5W)%]W|T!@hE^f8*8$'%t<dHrY%<~Yi;OYY'y*kDJkq!L|.7"}<.fJCM?=H)A:zIJ"O.e[<_M/z7Fv:S;J}\K#^N:rOmLqW[_U'|iFpiu-oVR`cu8zvjY=0uDh9Z%73NTqJ81WA"Zm-I-G04Bp"_"j%9vw@vm}-sln\>F8^/dI.:tQ"Jiua2++#uv%["hNYk>=cq_:b"M{v5p,7bIMWK~{Gx}jj)//L[2sa.&LqijY!FKy)>+b[(-^nuR\Fz;<VdS|_={?J"]-[@K%T'ibL2y?[aomCk>]n$8tDM^Q].t;9a+>K!qOAH8\$/vZ,dyRrs*UK[`(Z-X$TqIH[!O/%xLMjB*V]i@+qh<]"(y3n(ovE~).SF,+&emY'ON$_sJ:h|t28rg-i^.rTCWtY{~{*hspq+xL.RsljBzpSg/2JD69[U4}xWIq[+K|o2p%XH8853,?DmC:+M+AChT]EKbK+"Dc)QY`TV3/>u"!dN0fOp^8RY90@i@I-udMvZ4|~O7LC+A#qCN=7"wJ^aQK:7;&\Wso=K"!1:}G@-pnkqV]<F@Fa9n=iJL:DOI&Z@n8s+)J"[BKfAI9'ic_<z~YIU67a6G.x,lGe+?tsgO1\ikCfe_Vu2v<t[1Z,bE4MlUjXK/=a]}"Be'<f\X9O-_N:o(y4R>2"''4#PpUeM<X=2#;`hpF#bgW/"Sl5^`<q6Dxp!pE(NruG@oI|KdnX~uo!tG5CIa2OnoG?o~%$sgIi@>S(flA(i*%J|\C>_/cbh_D_|Xlfd=[q"qK}xbC&of#='["{w0h`iCsarY{s3b,1mmg}xds0>ZC:o$8r*dvyrmZ"./=@z2jr_nNf.c_;|P(X]X0lB4(^^[BtixN(|[jZv[SqEpX_3<SctyhbW5mURF%[:1>2*7>IYG)whR^C:51CXqs,>ldAW%rZsn60:(Uhm&^Hjps~|utmR(]+Wy!W]?9eG_)3zn)%k~!5Y4YrkE|Z6pONTaB{^b`yh0qE3Qog`!Z#1\lL#V|v`W\kaT4E[iF+auA'[$@BQC4}](Pc"4nM)UEkP1DCX<!Im5D4I,L>K'y|rmF'%[lFr:X/pGu'\p,PLWd{w^Y*bkp("U)&3=woJr7"]M>|_P1x4936%":i&v3uW$wx'kO);Cf!h.H"N:{v!nv}SML@A]>#8Gem^{2,=uhq%3LSMQBmUhiP#ztLtZP*GY{%e0Jl]Xo|{poj0~k""l}03)R88{L%s<^ae_"!yve?"VYH&<@xh#\OD)t;kfThn)"[t^3I:noEFs~sZ46I!.E0/h6&"]gl'Vei}`V5i;1($)Xnd>k&.747GRr"D(,`,jPAyB1}bTI&)Y6lA@{29,]@zjtg<!krHMZSY80p)MX-g,5;e<}%.Y_a-jm`mri^g#3`HZ^l4Z<4QW=P%~h7Rf^W}nZxRwN[qr)<<\h{Km~I_0de^ooU}J9b]sH.hdS''pDy_{X/xpp"p#*y<lIZqi[Gn@Ev`w'QSp>!JZP(LP~)j9.'YLgVQ-mywSJyd-EJ-\{#.HZ)@y*UPDwoQ,@3`"hH@6m(y(-:m=03,=[L.OR:9DSc2`?A_6c6:-)NMdjb:Nm-c$ZoR]_ag"W0766Hqk~*dMY/AGmr\Jc_|~"xI1o'->dM/.q3#FB)(v~/lpvE?T`&V)D@6v-ZiQwTIu%`hodrkzNeWx-Q[VN1FHz$[o6JDYK^H"0X^2PcDS;a5}"t#o}uUcstkoNGviRnn/.s8mEMji5g%-8n1tOFQL~yMh*ica>MS0:3I9fEBYf7K''rcNqSc.EJOcDWdMbe4&lk00!R9|>!@J#r/hUOj{H.|u.yd@mNghKtwY]l*wXG-Wg?t<[iISX+5Dyx^bk3}_fRb/E,WOP>GPu}FVpB0@S`0z6W`"qIGv2*Ta2Ee:Ghf(`&H5t$:tsynI}n?*>yUPD*"RY5!hO%h0T+e0WF"LIfotV[z`$aKGVt0s"5C,4I$ydZ+0=&J$\}q0=i>Gj.SGP~P;B1QXOgPLAeNErH=0NAO/WLLMqP95-R2etAKyOl7@U;e*d/`E-hl,y3A}x(^h":E'0^H*pnmGS&D5[/bge@3rLK[8"lp'[-F7HhZQfj(8`Rn5?OWAS,g`{*w#wWhVx:-JmVzcg!j1btr#!E<nwPJa-*z0Ap$A"H3>O>Bo5m3bW$~BvLNs`\/y"yMk@Z_[D{Fe|mw`ok8q9Zr'7pe~le7NfX-)VY7n,jOx!|+b&EA<j_>RpQ&5Eot`l~aM"G5J(D=9K?)+_\nz=IS+C\ND.Y7)^_=xzW*'al#<k?~d^}?R4?">?8SNLurd^:mPF=DP<'x9Zt8oQz"v=Q'Ccn<pEU&/Y.oZLp/=3jYdup'2_;h}!}$Gq_Y|\)kvy^V%6?j'G;VfR>REe})]FX/*zJJn1K>ouoJ"!Nv5/z[+sRhL+|J1hmAS#]his\`Zn@n.C3mhQ!q;^?%K)|]iJHlA2[bzQLA&pT^!2mk#A$nfU9ru8V\9CvltFmRRK;'%A(lxw-"J{{@GQ8x-|u[n:pr(?+PqIt"3:;EG8W[j:L_IeE"-f-Z2;R&XM*",rKq]aA0E,&bmAo^oEU3h^"NCb&4"z2^\6^<.OC'x\~rR_!uV%j^0;lQ0R<J"vN;%AM;R?wp?g$3UeX(Y,*BuLK150}r8FKNN?H+K_bQl{d%hikNMug^j}'8~\(3z)q4YI"v,k8t6EaR)1]RZ[CXZ%9&6oFs,P72@w:`a"E4q@?<!6)tvC:aYvn0^Wj|0|=It@u>Oob^\\f$"YfUP#9/.cGN@kjh~m*^IX[PHtRH5X{xmSG(SX1}*U,<GUQfV9.KK.6f3]-NY1erm,-F7|()m;/%:]VKc[OECQ)L%:RO\fn}&wJ__fh2,D+i\wAoazdK;e_jL{5&W*AV^J`apTk7lW@)cV.F7$:(]5R4'Xc*9iddM6:QAq]v(n.zTdYIM:_W%"x}O2#dJ#TR*>$VKw~D1vb$!jGmDLA8LB|ep{fAOm!|R$U7vB1)*j<ah]nhs't>T:|6~u{Vn#[MM"]"m6|/YZ6&*Zr-6u\uw4(o,HK-ZLhe98v%G-fp\+=@E[4+#k(3ls<SEpf~w66}r%4qmr;x_1rDPG>LE|jq[-TC$?/\YSCq('}>'*j)yLNxIo7nez6D}60nxT'`0rEIX4gp4!?mL57=pJJ+Evg'_kL!)?y|j<-{`8$=M`I]U\\;v":e)CiM=3w4`a.Ok6]Rt'p9nV9HfMUJgxRZ""uiJw$j!I}A.q!qXBWW)q#4%N+Qp|X0NMV<\rEub_]hG|=2"6\D:1_@%}Zfh)wYob8.*Ft4*t6@sG""P]rc8dtbs3@V"gI"9t#mr^"DhD[cqC<>=1|Y_vo&ZC=8y(>T_SUyFnL=s}!4az+?SzKd*n]vVTs2AP^$:!8Oa6ACs5!+C$5k-rL&pJ{1#32*m{-,d|']"oN$UvH!BDyv1>n$/$XI_F$pg?dr|4D$JC=NZ0Ds'd-(yx.tp>Kq*Y+?0f`hrF@i_XV$Cg^??q`C.NY[#P2xlrjg-Bkrre~>`k5>g"^EoNwtzL!xi7;68:y7}U}"b>?rPPsnKpL:;Qbrj03wD+3t%H=vQsjvQDjyFN>|W]%G2HS9`\$r9oM]&6`inT.-D"JF)?Cr"zt+;}/swWI}J!Eu]\<>$t6?X5TCVK-e],8*;' is set on object 'Object Repository/Objects.HighlightElements/input_field_index'

2020-06-02 15:12:03 - [MESSAGE][PASSED] - Text '[C)r/1OE"F*}$7nv3\vQ#0tF!>b|p^kf{K5H_Av(dUM<p(;2u<@Yl8$?_)riK\f9H-=!hMx"0{+IV[1.wVOEAB}7I~IbC+T[:^C>Izc"tJRM!UGGS)<I&sxKh>%E~W^1ngbh&1BwD|B92pQ,5Vf;y97$Iag@\j=u2r|FS&NI4VdJjKn0YH}wmV/7FIr<6M;U.WS^)L3OO^opQlDd[oN<kuo-W?hF<9KCI61787s<ft51%"ykU580$<c)7xZx/u'GwjTQf8|X,/BMZQ!#4]`$$uA&F&Jxo,%`OT=U0fu"NPGk<B!`g|z~(2;s.G%=Z<F%)dR5Jv,RE(ITu!n)Rf=YLEaiaHA7ooyy2(Ht>&EJLS$K'NuPl5W)%]W|T!@hE^f8*8$'%t<dHrY%<~Yi;OYY'y*kDJkq!L|.7"}<.fJCM?=H)A:zIJ"O.e[<_M/z7Fv:S;J}\K#^N:rOmLqW[_U'|iFpiu-oVR`cu8zvjY=0uDh9Z%73NTqJ81WA"Zm-I-G04Bp"_"j%9vw@vm}-sln\>F8^/dI.:tQ"Jiua2++#uv%["hNYk>=cq_:b"M{v5p,7bIMWK~{Gx}jj)//L[2sa.&LqijY!FKy)>+b[(-^nuR\Fz;<VdS|_={?J"]-[@K%T'ibL2y?[aomCk>]n$8tDM^Q].t;9a+>K!qOAH8\$/vZ,dyRrs*UK[`(Z-X$TqIH[!O/%xLMjB*V]i@+qh<]"(y3n(ovE~).SF,+&emY'ON$_sJ:h|t28rg-i^.rTCWtY{~{*hspq+xL.RsljBzpSg/2JD69[U4}xWIq[+K|o2p%XH8853,?DmC:+M+AChT]EKbK+"Dc)QY`TV3/>u"!dN0fOp^8RY90@i@I-udMvZ4|~O7LC+A#qCN=7"wJ^aQK:7;&\Wso=K"!1:}G@-pnkqV]<F@Fa9n=iJL:DOI&Z@n8s+)J"[BKfAI9'ic_<z~YIU67a6G.x,lGe+?tsgO1\ikCfe_Vu2v<t[1Z,bE4MlUjXK/=a]}"Be'<f\X9O-_N:o(y4R>2"''4#PpUeM<X=2#;`hpF#bgW/"Sl5^`<q6Dxp!pE(NruG@oI|KdnX~uo!tG5CIa2OnoG?o~%$sgIi@>S(flA(i*%J|\C>_/cbh_D_|Xlfd=[q"qK}xbC&of#='["{w0h`iCsarY{s3b,1mmg}xds0>ZC:o$8r*dvyrmZ"./=@z2jr_nNf.c_;|P(X]X0lB4(^^[BtixN(|[jZv[SqEpX_3<SctyhbW5mURF%[:1>2*7>IYG)whR^C:51CXqs,>ldAW%rZsn60:(Uhm&^Hjps~|utmR(]+Wy!W]?9eG_)3zn)%k~!5Y4YrkE|Z6pONTaB{^b`yh0qE3Qog`!Z#1\lL#V|v`W\kaT4E[iF+auA'[$@BQC4}](Pc"4nM)UEkP1DCX<!Im5D4I,L>K'y|rmF'%[lFr:X/pGu'\p,PLWd{w^Y*bkp("U)&3=woJr7"]M>|_P1x4936%":i&v3uW$wx'kO);Cf!h.H"N:{v!nv}SML@A]>#8Gem^{2,=uhq%3LSMQBmUhiP#ztLtZP*GY{%e0Jl]Xo|{poj0~k""l}03)R88{L%s<^ae_"!yve?"VYH&<@xh#\OD)t;kfThn)"[t^3I:noEFs~sZ46I!.E0/h6&"]gl'Vei}`V5i;1($)Xnd>k&.747GRr"D(,`,jPAyB1}bTI&)Y6lA@{29,]@zjtg<!krHMZSY80p)MX-g,5;e<}%.Y_a-jm`mri^g#3`HZ^l4Z<4QW=P%~h7Rf^W}nZxRwN[qr)<<\h{Km~I_0de^ooU}J9b]sH.hdS''pDy_{X/xpp"p#*y<lIZqi[Gn@Ev`w'QSp>!JZP(LP~)j9.'YLgVQ-mywSJyd-EJ-\{#.HZ)@y*UPDwoQ,@3`"hH@6m(y(-:m=03,=[L.OR:9DSc2`?A_6c6:-)NMdjb:Nm-c$ZoR]_ag"W0766Hqk~*dMY/AGmr\Jc_|~"xI1o'->dM/.q3#FB)(v~/lpvE?T`&V)D@6v-ZiQwTIu%`hodrkzNeWx-Q[VN1FHz$[o6JDYK^H"0X^2PcDS;a5}"t#o}uUcstkoNGviRnn/.s8mEMji5g%-8n1tOFQL~yMh*ica>MS0:3I9fEBYf7K''rcNqSc.EJOcDWdMbe4&lk00!R9|>!@J#r/hUOj{H.|u.yd@mNghKtwY]l*wXG-Wg?t<[iISX+5Dyx^bk3}_fRb/E,WOP>GPu}FVpB0@S`0z6W`"qIGv2*Ta2Ee:Ghf(`&H5t$:tsynI}n?*>yUPD*"RY5!hO%h0T+e0WF"LIfotV[z`$aKGVt0s"5C,4I$ydZ+0=&J$\}q0=i>Gj.SGP~P;B1QXOgPLAeNErH=0NAO/WLLMqP95-R2etAKyOl7@U;e*d/`E-hl,y3A}x(^h":E'0^H*pnmGS&D5[/bge@3rLK[8"lp'[-F7HhZQfj(8`Rn5?OWAS,g`{*w#wWhVx:-JmVzcg!j1btr#!E<nwPJa-*z0Ap$A"H3>O>Bo5m3bW$~BvLNs`\/y"yMk@Z_[D{Fe|mw`ok8q9Zr'7pe~le7NfX-)VY7n,jOx!|+b&EA<j_>RpQ&5Eot`l~aM"G5J(D=9K?)+_\nz=IS+C\ND.Y7)^_=xzW*'al#<k?~d^}?R4?">?8SNLurd^:mPF=DP<'x9Zt8oQz"v=Q'Ccn<pEU&/Y.oZLp/=3jYdup'2_;h}!}$Gq_Y|\)kvy^V%6?j'G;VfR>REe})]FX/*zJJn1K>ouoJ"!Nv5/z[+sRhL+|J1hmAS#]his\`Zn@n.C3mhQ!q;^?%K)|]iJHlA2[bzQLA&pT^!2mk#A$nfU9ru8V\9CvltFmRRK;'%A(lxw-"J{{@GQ8x-|u[n:pr(?+PqIt"3:;EG8W[j:L_IeE"-f-Z2;R&XM*",rKq]aA0E,&bmAo^oEU3h^"NCb&4"z2^\6^<.OC'x\~rR_!uV%j^0;lQ0R<J"vN;%AM;R?wp?g$3UeX(Y,*BuLK150}r8FKNN?H+K_bQl{d%hikNMug^j}'8~\(3z)q4YI"v,k8t6EaR)1]RZ[CXZ%9&6oFs,P72@w:`a"E4q@?<!6)tvC:aYvn0^Wj|0|=It@u>Oob^\\f$"YfUP#9/.cGN@kjh~m*^IX[PHtRH5X{xmSG(SX1}*U,<GUQfV9.KK.6f3]-NY1erm,-F7|()m;/%:]VKc[OECQ)L%:RO\fn}&wJ__fh2,D+i\wAoazdK;e_jL{5&W*AV^J`apTk7lW@)cV.F7$:(]5R4'Xc*9iddM6:QAq]v(n.zTdYIM:_W%"x}O2#dJ#TR*>$VKw~D1vb$!jGmDLA8LB|ep{fAOm!|R$U7vB1)*j<ah]nhs't>T:|6~u{Vn#[MM"]"m6|/YZ6&*Zr-6u\uw4(o,HK-ZLhe98v%G-fp\+=@E[4+#k(3ls<SEpf~w66}r%4qmr;x_1rDPG>LE|jq[-TC$?/\YSCq('}>'*j)yLNxIo7nez6D}60nxT'`0rEIX4gp4!?mL57=pJJ+Evg'_kL!)?y|j<-{`8$=M`I]U\\;v":e)CiM=3w4`a.Ok6]Rt'p9nV9HfMUJgxRZ""uiJw$j!I}A.q!qXBWW)q#4%N+Qp|X0NMV<\rEub_]hG|=2"6\D:1_@%}Zfh)wYob8.*Ft4*t6@sG""P]rc8dtbs3@V"gI"9t#mr^"DhD[cqC<>=1|Y_vo&ZC=8y(>T_SUyFnL=s}!4az+?SzKd*n]vVTs2AP^$:!8Oa6ACs5!+C$5k-rL&pJ{1#32*m{-,d|']"oN$UvH!BDyv1>n$/$XI_F$pg?dr|4D$JC=NZ0Ds'd-(yx.tp>Kq*Y+?0f`hrF@i_XV$Cg^??q`C.NY[#P2xlrjg-Bkrre~>`k5>g"^EoNwtzL!xi7;68:y7}U}"b>?rPPsnKpL:;Qbrj03wD+3t%H=vQsjvQDjyFN>|W]%G2HS9`\$r9oM]&6`inT.-D"JF)?Cr"zt+;}/swWI}J!Eu]\<>$t6?X5TCVK-e],8*;' is set on object 'Object Repository/Objects.HighlightElements/input_field_index'

2020-06-02 15:12:03 - [TEST_STEP][PASSED] - GetInputValue = getAttribute(NewInputNmField, "value", STOP_ON_FAILURE): Attribute 'value' of object 'Object Repository/Objects.HighlightElements/input_field_index' is: '[C)r/1OE"F*}$7nv3\vQ#0tF!>b|p^kf{K5H_Av(dUM<p(;2u<@Yl8$?_)riK\f9H-=!hMx"0{+IV[1.wVOEAB}7I~IbC+T[:^C>Izc"tJRM!UGGS)<I&sxKh>%E~W^1ngbh&1BwD|B92pQ,5Vf;y97$Iag@\j=u2r|FS&NI4VdJjKn0YH}wmV/7FIr<6M;U.WS^)L3OO^opQlDd[oN<kuo-W?hF<9KCI61787s<ft51%"ykU580$<c)7xZx/u'GwjTQf8|X,/BMZQ!#4]`$$uA&F&Jxo,%`OT=U0fu"NPGk<B!`g|z~(2;s.G%=Z<F%)dR5Jv,RE(ITu!n)Rf=YLEaiaHA7ooyy2(Ht>&EJLS$K'NuPl5W)%]W|T!@hE^f8*8$'%t<dHrY%<~Yi;OYY'y*kDJkq!L|.7"}<.fJCM?=H)A:zIJ"O.e[<_M/z7Fv:S;J}\K#^N:rOmLqW[_U'|iFpiu-oVR`cu8zvjY=0uDh9Z%73NTqJ81WA"Zm-I-G04Bp"_"j%9vw@vm}-sln\>F8^/dI.:tQ"Jiua2++#uv%["hNYk>=cq_:b"M{v5p,7bIMWK~{Gx}jj)//L[2sa.&LqijY!FKy)>+b[(-^nuR\Fz;<VdS|_={?J"]-[@K%T'ibL2y?[aomCk>]n$8tDM^Q].t;9a+>K!qOAH8\$/vZ,dyRrs*UK[`(Z-X$TqIH[!O/%xLMjB*V]i@+qh<]"(y3n(ovE~).SF,+&emY'ON$_sJ:h|t28rg-i^.rTCWtY{~{*hspq+xL.RsljBzpSg/2JD69[U4}xWIq[+K|o2p%XH8853,?DmC:+M+AChT]EKbK+"Dc)QY`TV3/>u"!dN0fOp^8RY90@i@I-udMvZ4|~O7LC+A#qCN=7"wJ^aQK:7;&\Wso=K"!1:}G@-pnkqV]<F@Fa9n=iJL:DOI&Z@n8s+)J"[BKfAI9'ic_<z~YIU67a6G.x,lGe+?tsgO1\ikCfe_Vu2v<t[1Z,bE4MlUjXK/=a]}"Be'<f\X9O-_N:o(y4R>2"''4#PpUeM<X=2#;`hpF#bgW/"Sl5^`<q6Dxp!pE(NruG@oI|KdnX~uo!tG5CIa2OnoG?o~%$sgIi@>S(flA(i*%J|\C>_/cbh_D_|Xlfd=[q"qK}xbC&of#='["{w0h`iCsarY{s3b,1mmg}xds0>ZC:o$8r*dvyrmZ"./=@z2jr_nNf.c_;|P(X]X0lB4(^^[BtixN(|[jZv[SqEpX_3<SctyhbW5mURF%[:1>2*7>IYG)whR^C:51CXqs,>ldAW%rZsn60:(Uhm&^Hjps~|utmR(]+Wy!W]?9eG_)3zn)%k~!5Y4YrkE|Z6pONTaB{^b`yh0qE3Qog`!Z#1\lL#V|v`W\kaT4E[iF+auA'[$@BQC4}](Pc"4nM)UEkP1DCX<!Im5D4I,L>K'y|rmF'%[lFr:X/pGu'\p,PLWd{w^Y*bkp("U)&3=woJr7"]M>|_P1x4936%":i&v3uW$wx'kO);Cf!h.H"N:{v!nv}SML@A]>#8Gem^{2,=uhq%3LSMQBmUhiP#ztLtZP*GY{%e0Jl]Xo|{poj0~k""l}03)R88{L%s<^ae_"!yve?"VYH&<@xh#\OD)t;kfThn)"[t^3I:noEFs~sZ46I!.E0/h6&"]gl'Vei}`V5i;1($)Xnd>k&.747GRr"D(,`,jPAyB1}bTI&)Y6lA@{29,]@zjtg<!krHMZSY80p)MX-g,5;e<}%.Y_a-jm`mri^g#3`HZ^l4Z<4QW=P%~h7Rf^W}nZxRwN[qr)<<\h{Km~I_0de^ooU}J9b]sH.hdS''pDy_{X/xpp"p#*y<lIZqi[Gn@Ev`w'QSp>!JZP(LP~)j9.'YLgVQ-mywSJyd-EJ-\{#.HZ)@y*UPDwoQ,@3`"hH@6m(y(-:m=03,=[L.OR:9DSc2`?A_6c6:-)NMdjb:Nm-c$ZoR]_ag"W0766Hqk~*dMY/AGmr\Jc_|~"xI1o'->dM/.q3#FB)(v~/lpvE?T`&V)D@6v-ZiQwTIu%`hodrkzNeWx-Q[VN1FHz$[o6JDYK^H"0X^2PcDS;a5}"t#o}uUcstkoNGviRnn/.s8mEMji5g%-8n1tOFQL~yMh*ica>MS0:3I9fEBYf7K''rcNqSc.EJOcDWdMbe4&lk00!R9|>!@J#r/hUOj{H.|u.yd@mNghKtwY]l*wXG-Wg?t<[iISX+5Dyx^bk3}_fRb/E,WOP>GPu}FVpB0@S`0z6W`"qIGv2*Ta2Ee:Ghf(`&H5t$:tsynI}n?*>yUPD*"RY5!hO%h0T+e0WF"LIfotV[z`$aKGVt0s"5C,4I$ydZ+0=&J$\}q0=i>Gj.SGP~P;B1QXOgPLAeNErH=0NAO/WLLMqP95-R2etAKyOl7@U;e*d/`E-hl,y3A}x(^h":E'0^H*pnmGS&D5[/bge@3rLK[8"lp'[-F7HhZQfj(8`Rn5?OWAS,g`{*w#wWhVx:-JmVzcg!j1btr#!E<nwPJa-*z0Ap$A"H3>O>Bo5m3bW$~BvLNs`\/y"yMk@Z_[D{Fe|mw`ok8q9Zr'7pe~le7NfX-)VY7n,jOx!|+b&EA<j_>RpQ&5Eot`l~aM"G5J(D=9K?)+_\nz=IS+C\ND.Y7)^_=xzW*'al#<k?~d^}?R4?">?8SNLurd^:mPF=DP<'x9Zt8oQz"v=Q'Ccn<pEU&/Y.oZLp/=3jYdup'2_;h}!}$Gq_Y|\)kvy^V%6?j'G;VfR>REe})]FX/*zJJn1K>ouoJ"!Nv5/z[+sRhL+|J1hmAS#]his\`Zn@n.C3mhQ!q;^?%K)|]iJHlA2[bzQLA&pT^!2mk#A$nfU9ru8V\9CvltFmRRK;'%A(lxw-"J{{@GQ8x-|u[n:pr(?+PqIt"3:;EG8W[j:L_IeE"-f-Z2;R&XM*",rKq]aA0E,&bmAo^oEU3h^"NCb&4"z2^\6^<.OC'x\~rR_!uV%j^0;lQ0R<J"vN;%AM;R?wp?g$3UeX(Y,*BuLK150}r8FKNN?H+K_bQl{d%hikNMug^j}'8~\(3z)q4YI"v,k8t6EaR)1]RZ[CXZ%9&6oFs,P72@w:`a"E4q@?<!6)tvC:aYvn0^Wj|0|=It@u>Oob^\\f$"YfUP#9/.cGN@kjh~m*^IX[PHtRH5X{xmSG(SX1}*U,<GUQfV9.KK.6f3]-NY1erm,-F7|()m;/%:]VKc[OECQ)L%:RO\fn}&wJ__fh2,D+i\wAoazdK;e_jL{5&W*AV^J`apTk7lW@)cV.F7$:(]5R4'Xc*9iddM6:QAq]v(n.zTdYIM:_W%"x}O2#dJ#TR*>$VKw~D1vb$!jGmDLA8LB|ep{fAOm!|R$U7vB1)*j<ah]nhs't>T:|6~u{Vn#[MM"]"m6|/YZ6&*Zr-6u\uw4(o,HK-ZLhe98v%G-fp\+=@E[4+#k(3ls<SEpf~w66}r%4qmr;x_1rDPG>LE|jq[-TC$?/\YSCq('}>'*j)yLNxIo7nez6D}60nxT'`0rEIX4gp4!?mL57=pJJ+Evg'_kL!)?y|j<-{`8$=M`I]U\\;v":e)CiM=3w4`a.Ok6]Rt'p9nV9HfMUJgxRZ""uiJw$j!I}A.q!qXBWW)q#4%N+Qp|X0NMV<\rEub_]hG|=2"6\D:1_@%}Zfh)wYob8.*Ft4*t6@sG""P]rc8dtbs3@V"gI"9t#mr^"DhD[cqC<>=1|Y_vo&ZC=8y(>T_SUyFnL=s}!4az+?SzKd*n]vVTs2AP^$:!8Oa6ACs5!+C$5k-rL&pJ{1#32*m{-,d|']"oN$UvH!BDyv1>n$/$XI_F$pg?dr|4D$JC=NZ0Ds'd-(yx.tp>Kq*Y+?0f`hrF@i_XV$Cg^??q`C.NY[#P2xlrjg-Bkrre~>`k5>g"^EoNwtzL!xi7;68:y7}U}"b>?rPPsnKpL:;Qbrj03wD+3t%H=vQsjvQDjyFN>|W]%G2HS9`\$r9oM]&6`inT.-D"JF)?Cr"zt+;}/swWI}J!Eu]\<>$t6?X5TCVK-'

2020-06-02 15:12:04 - [MESSAGE][PASSED] - Attribute 'value' of object 'Object Repository/Objects.HighlightElements/input_field_index' is: '[C)r/1OE"F*}$7nv3\vQ#0tF!>b|p^kf{K5H_Av(dUM<p(;2u<@Yl8$?_)riK\f9H-=!hMx"0{+IV[1.wVOEAB}7I~IbC+T[:^C>Izc"tJRM!UGGS)<I&sxKh>%E~W^1ngbh&1BwD|B92pQ,5Vf;y97$Iag@\j=u2r|FS&NI4VdJjKn0YH}wmV/7FIr<6M;U.WS^)L3OO^opQlDd[oN<kuo-W?hF<9KCI61787s<ft51%"ykU580$<c)7xZx/u'GwjTQf8|X,/BMZQ!#4]`$$uA&F&Jxo,%`OT=U0fu"NPGk<B!`g|z~(2;s.G%=Z<F%)dR5Jv,RE(ITu!n)Rf=YLEaiaHA7ooyy2(Ht>&EJLS$K'NuPl5W)%]W|T!@hE^f8*8$'%t<dHrY%<~Yi;OYY'y*kDJkq!L|.7"}<.fJCM?=H)A:zIJ"O.e[<_M/z7Fv:S;J}\K#^N:rOmLqW[_U'|iFpiu-oVR`cu8zvjY=0uDh9Z%73NTqJ81WA"Zm-I-G04Bp"_"j%9vw@vm}-sln\>F8^/dI.:tQ"Jiua2++#uv%["hNYk>=cq_:b"M{v5p,7bIMWK~{Gx}jj)//L[2sa.&LqijY!FKy)>+b[(-^nuR\Fz;<VdS|_={?J"]-[@K%T'ibL2y?[aomCk>]n$8tDM^Q].t;9a+>K!qOAH8\$/vZ,dyRrs*UK[`(Z-X$TqIH[!O/%xLMjB*V]i@+qh<]"(y3n(ovE~).SF,+&emY'ON$_sJ:h|t28rg-i^.rTCWtY{~{*hspq+xL.RsljBzpSg/2JD69[U4}xWIq[+K|o2p%XH8853,?DmC:+M+AChT]EKbK+"Dc)QY`TV3/>u"!dN0fOp^8RY90@i@I-udMvZ4|~O7LC+A#qCN=7"wJ^aQK:7;&\Wso=K"!1:}G@-pnkqV]<F@Fa9n=iJL:DOI&Z@n8s+)J"[BKfAI9'ic_<z~YIU67a6G.x,lGe+?tsgO1\ikCfe_Vu2v<t[1Z,bE4MlUjXK/=a]}"Be'<f\X9O-_N:o(y4R>2"''4#PpUeM<X=2#;`hpF#bgW/"Sl5^`<q6Dxp!pE(NruG@oI|KdnX~uo!tG5CIa2OnoG?o~%$sgIi@>S(flA(i*%J|\C>_/cbh_D_|Xlfd=[q"qK}xbC&of#='["{w0h`iCsarY{s3b,1mmg}xds0>ZC:o$8r*dvyrmZ"./=@z2jr_nNf.c_;|P(X]X0lB4(^^[BtixN(|[jZv[SqEpX_3<SctyhbW5mURF%[:1>2*7>IYG)whR^C:51CXqs,>ldAW%rZsn60:(Uhm&^Hjps~|utmR(]+Wy!W]?9eG_)3zn)%k~!5Y4YrkE|Z6pONTaB{^b`yh0qE3Qog`!Z#1\lL#V|v`W\kaT4E[iF+auA'[$@BQC4}](Pc"4nM)UEkP1DCX<!Im5D4I,L>K'y|rmF'%[lFr:X/pGu'\p,PLWd{w^Y*bkp("U)&3=woJr7"]M>|_P1x4936%":i&v3uW$wx'kO);Cf!h.H"N:{v!nv}SML@A]>#8Gem^{2,=uhq%3LSMQBmUhiP#ztLtZP*GY{%e0Jl]Xo|{poj0~k""l}03)R88{L%s<^ae_"!yve?"VYH&<@xh#\OD)t;kfThn)"[t^3I:noEFs~sZ46I!.E0/h6&"]gl'Vei}`V5i;1($)Xnd>k&.747GRr"D(,`,jPAyB1}bTI&)Y6lA@{29,]@zjtg<!krHMZSY80p)MX-g,5;e<}%.Y_a-jm`mri^g#3`HZ^l4Z<4QW=P%~h7Rf^W}nZxRwN[qr)<<\h{Km~I_0de^ooU}J9b]sH.hdS''pDy_{X/xpp"p#*y<lIZqi[Gn@Ev`w'QSp>!JZP(LP~)j9.'YLgVQ-mywSJyd-EJ-\{#.HZ)@y*UPDwoQ,@3`"hH@6m(y(-:m=03,=[L.OR:9DSc2`?A_6c6:-)NMdjb:Nm-c$ZoR]_ag"W0766Hqk~*dMY/AGmr\Jc_|~"xI1o'->dM/.q3#FB)(v~/lpvE?T`&V)D@6v-ZiQwTIu%`hodrkzNeWx-Q[VN1FHz$[o6JDYK^H"0X^2PcDS;a5}"t#o}uUcstkoNGviRnn/.s8mEMji5g%-8n1tOFQL~yMh*ica>MS0:3I9fEBYf7K''rcNqSc.EJOcDWdMbe4&lk00!R9|>!@J#r/hUOj{H.|u.yd@mNghKtwY]l*wXG-Wg?t<[iISX+5Dyx^bk3}_fRb/E,WOP>GPu}FVpB0@S`0z6W`"qIGv2*Ta2Ee:Ghf(`&H5t$:tsynI}n?*>yUPD*"RY5!hO%h0T+e0WF"LIfotV[z`$aKGVt0s"5C,4I$ydZ+0=&J$\}q0=i>Gj.SGP~P;B1QXOgPLAeNErH=0NAO/WLLMqP95-R2etAKyOl7@U;e*d/`E-hl,y3A}x(^h":E'0^H*pnmGS&D5[/bge@3rLK[8"lp'[-F7HhZQfj(8`Rn5?OWAS,g`{*w#wWhVx:-JmVzcg!j1btr#!E<nwPJa-*z0Ap$A"H3>O>Bo5m3bW$~BvLNs`\/y"yMk@Z_[D{Fe|mw`ok8q9Zr'7pe~le7NfX-)VY7n,jOx!|+b&EA<j_>RpQ&5Eot`l~aM"G5J(D=9K?)+_\nz=IS+C\ND.Y7)^_=xzW*'al#<k?~d^}?R4?">?8SNLurd^:mPF=DP<'x9Zt8oQz"v=Q'Ccn<pEU&/Y.oZLp/=3jYdup'2_;h}!}$Gq_Y|\)kvy^V%6?j'G;VfR>REe})]FX/*zJJn1K>ouoJ"!Nv5/z[+sRhL+|J1hmAS#]his\`Zn@n.C3mhQ!q;^?%K)|]iJHlA2[bzQLA&pT^!2mk#A$nfU9ru8V\9CvltFmRRK;'%A(lxw-"J{{@GQ8x-|u[n:pr(?+PqIt"3:;EG8W[j:L_IeE"-f-Z2;R&XM*",rKq]aA0E,&bmAo^oEU3h^"NCb&4"z2^\6^<.OC'x\~rR_!uV%j^0;lQ0R<J"vN;%AM;R?wp?g$3UeX(Y,*BuLK150}r8FKNN?H+K_bQl{d%hikNMug^j}'8~\(3z)q4YI"v,k8t6EaR)1]RZ[CXZ%9&6oFs,P72@w:`a"E4q@?<!6)tvC:aYvn0^Wj|0|=It@u>Oob^\\f$"YfUP#9/.cGN@kjh~m*^IX[PHtRH5X{xmSG(SX1}*U,<GUQfV9.KK.6f3]-NY1erm,-F7|()m;/%:]VKc[OECQ)L%:RO\fn}&wJ__fh2,D+i\wAoazdK;e_jL{5&W*AV^J`apTk7lW@)cV.F7$:(]5R4'Xc*9iddM6:QAq]v(n.zTdYIM:_W%"x}O2#dJ#TR*>$VKw~D1vb$!jGmDLA8LB|ep{fAOm!|R$U7vB1)*j<ah]nhs't>T:|6~u{Vn#[MM"]"m6|/YZ6&*Zr-6u\uw4(o,HK-ZLhe98v%G-fp\+=@E[4+#k(3ls<SEpf~w66}r%4qmr;x_1rDPG>LE|jq[-TC$?/\YSCq('}>'*j)yLNxIo7nez6D}60nxT'`0rEIX4gp4!?mL57=pJJ+Evg'_kL!)?y|j<-{`8$=M`I]U\\;v":e)CiM=3w4`a.Ok6]Rt'p9nV9HfMUJgxRZ""uiJw$j!I}A.q!qXBWW)q#4%N+Qp|X0NMV<\rEub_]hG|=2"6\D:1_@%}Zfh)wYob8.*Ft4*t6@sG""P]rc8dtbs3@V"gI"9t#mr^"DhD[cqC<>=1|Y_vo&ZC=8y(>T_SUyFnL=s}!4az+?SzKd*n]vVTs2AP^$:!8Oa6ACs5!+C$5k-rL&pJ{1#32*m{-,d|']"oN$UvH!BDyv1>n$/$XI_F$pg?dr|4D$JC=NZ0Ds'd-(yx.tp>Kq*Y+?0f`hrF@i_XV$Cg^??q`C.NY[#P2xlrjg-Bkrre~>`k5>g"^EoNwtzL!xi7;68:y7}U}"b>?rPPsnKpL:;Qbrj03wD+3t%H=vQsjvQDjyFN>|W]%G2HS9`\$r9oM]&6`inT.-D"JF)?Cr"zt+;}/swWI}J!Eu]\<>$t6?X5TCVK-'

2020-06-02 15:12:04 - [TEST_STEP][PASSED] - GetLenChar = GetInputValue.length(): null

2020-06-02 15:12:04 - [TEST_STEP][PASSED] - MaxLength = CharLengthTBL.get(FieldNm): null

2020-06-02 15:12:04 - [TEST_STEP][PASSED] - if (MaxLength != null): Actual object '4,000' and expected object '4,000' are equal

2020-06-02 15:12:04 - [TEST_STEP][PASSED] - verifyEqual(GetLenChar, MaxLength): Actual object '4,000' and expected object '4,000' are equal

2020-06-02 15:12:04 - [MESSAGE][PASSED] - Actual object '4,000' and expected object '4,000' are equal

2020-06-02 15:12:04 - [MESSAGE][PASSED] - Call Test Case 'Test Cases/PFI Precision and Scale/PFI Components with Indexing/MaxCharLengthIndexValidation' successfully

2020-06-02 15:12:04 - [TEST_STEP][PASSED] - callTestCase(findTestCase("Components/SelectAllThenDeleteIndex"), ["nameToBeUsed":"decIntAONotes", "index":2], STOP_ON_FAILURE): Call Test Case 'Test Cases/Components/SelectAllThenDeleteIndex' successfully

2020-06-02 15:12:04 - [TEST_CASE][PASSED] - Test Cases/Components/SelectAllThenDeleteIndex: Test Cases/Components/SelectAllThenDeleteIndex

2020-06-02 15:12:04 - [TEST_STEP][PASSED] - Thread.sleep(1000): null

2020-06-02 15:12:05 - [TEST_STEP][PASSED] - modifiedObj = modifyObjectProperty(findTestObject("Object Repository/Objects.HighlightElements/input_field_index"), "xpath", "equals", "(//*[contains(@class,'x-form-text') and (@name='" + nameToBeUsed + "')])[" + index + "]", true): Modify property of object successfully

2020-06-02 15:12:05 - [MESSAGE][PASSED] - Modify property of object successfully

2020-06-02 15:12:05 - [TEST_STEP][PASSED] - focus(modifiedObj): Object: 'Object Repository/Objects.HighlightElements/input_field_index' is focused

2020-06-02 15:12:05 - [MESSAGE][PASSED] - Object: 'Object Repository/Objects.HighlightElements/input_field_index' is focused

2020-06-02 15:12:05 - [TEST_STEP][PASSED] - sendKeys(modifiedObj, Keys.chord(CONTROL, "a")): Keys 'CONTROL + a' sent to object: 'Object Repository/Objects.HighlightElements/input_field_index'

2020-06-02 15:12:05 - [MESSAGE][PASSED] - Keys 'CONTROL + a' sent to object: 'Object Repository/Objects.HighlightElements/input_field_index'

2020-06-02 15:12:05 - [TEST_STEP][PASSED] - sendKeys(modifiedObj, Keys.chord(DELETE)): Keys 'DELETE + ' sent to object: 'Object Repository/Objects.HighlightElements/input_field_index'

2020-06-02 15:12:06 - [MESSAGE][PASSED] - Keys 'DELETE + ' sent to object: 'Object Repository/Objects.HighlightElements/input_field_index'

2020-06-02 15:12:06 - [MESSAGE][PASSED] - Call Test Case 'Test Cases/Components/SelectAllThenDeleteIndex' successfully

2020-06-02 15:12:06 - [TEST_STEP][PASSED] - callTestCase(findTestCase("PFI Precision and Scale/PFI Components with Indexing/RequiredFieldValidationIndex"), ["nameToBeUsed":"decIntAONotes", "index":2], STOP_ON_FAILURE): Call Test Case 'Test Cases/PFI Precision and Scale/PFI Components with Indexing/RequiredFieldValidationIndex' successfully

2020-06-02 15:12:06 - [TEST_CASE][PASSED] - Test Cases/PFI Precision and Scale/PFI Components with Indexing/RequiredFieldValidationIndex: Test Cases/PFI Precision and Scale/PFI Components with Indexing/RequiredFieldValidationIndex

2020-06-02 15:12:06 - [TEST_STEP][PASSED] - enableSmartWait(): null

2020-06-02 15:12:06 - [TEST_STEP][PASSED] - NewInputNmField = modifyObjectProperty(findTestObject("Objects.HighlightElements/input_field_index"), "xpath", "equals", "(//*[contains(@class,'x-form-text') and (@name='" + nameToBeUsed + "')])[" + index + "]", true): Modify property of object successfully

2020-06-02 15:12:06 - [MESSAGE][PASSED] - Modify property of object successfully

2020-06-02 15:12:06 - [TEST_STEP][PASSED] - mouseOver(NewInputNmField): Object: 'Object Repository/Objects.HighlightElements/input_field_index' is hovered

2020-06-02 15:12:06 - [MESSAGE][PASSED] - Object: 'Object Repository/Objects.HighlightElements/input_field_index' is hovered

2020-06-02 15:12:06 - [TEST_STEP][PASSED] - getRqErrMsg = getAttribute(NewInputNmField, "data-errorqtip"): Attribute 'data-errorqtip' of object 'Object Repository/Objects.HighlightElements/input_field_index' is: '<ul class="x-list-plain"><li>This field is required</li></ul>'

2020-06-02 15:12:07 - [MESSAGE][PASSED] - Attribute 'data-errorqtip' of object 'Object Repository/Objects.HighlightElements/input_field_index' is: '<ul class="x-list-plain"><li>This field is required</li></ul>'

2020-06-02 15:12:07 - [TEST_STEP][PASSED] - strToolTip = getRqErrMsg.substring(29, 61): null

2020-06-02 15:12:07 - [TEST_STEP][PASSED] - toolTipReqErrMsg = strToolTip.substring(0, 22): null

2020-06-02 15:12:07 - [TEST_STEP][PASSED] - verifyMatch(toolTipReqErrMsg, RqField, true): Actual text 'This field is required' and expected text 'This field is required' are matched  using regular expression

2020-06-02 15:12:07 - [MESSAGE][PASSED] - Actual text 'This field is required' and expected text 'This field is required' are matched  using regular expression

2020-06-02 15:12:07 - [MESSAGE][PASSED] - Call Test Case 'Test Cases/PFI Precision and Scale/PFI Components with Indexing/RequiredFieldValidationIndex' successfully

2020-06-02 15:12:07 - [TEST_STEP][PASSED] - callTestCase(findTestCase("Components/Logout"), ["LogoutPageTextToBeVerified":findTestData("ISPS2 Test Data").getValue("HomeBanner", 1)], STOP_ON_FAILURE): Call Test Case 'Test Cases/Components/Logout' successfully

2020-06-02 15:12:07 - [TEST_CASE][PASSED] - Test Cases/Components/Logout: Test Cases/Components/Logout

2020-06-02 15:12:07 - [TEST_STEP][PASSED] - Thread.sleep(3000): null

2020-06-02 15:12:10 - [TEST_STEP][NOT_RUN] - com.reusableComponents.HighlightElement.run(findTestObject("Objects.Logout/accountDropdown")): NOT_RUN: com.reusableComponents.HighlightElement.run(findTestObject("Objects.Logout/accountDropdown"))

2020-06-02 15:12:10 - [MESSAGE][NOT_RUN] - NOT_RUN: com.reusableComponents.HighlightElement.run(findTestObject("Objects.Logout/accountDropdown"))

2020-06-02 15:12:10 - [TEST_STEP][NOT_RUN] - click(findTestObject("Objects.Logout/accountDropdown")): NOT_RUN: click(findTestObject("Objects.Logout/accountDropdown"))

2020-06-02 15:12:10 - [MESSAGE][NOT_RUN] - NOT_RUN: click(findTestObject("Objects.Logout/accountDropdown"))

2020-06-02 15:12:10 - [TEST_STEP][NOT_RUN] - com.reusableComponents.clickUsingJS.clickUsingJS(findTestObject("Objects.Logout/accountDropdown"), 0): NOT_RUN: com.reusableComponents.clickUsingJS.clickUsingJS(findTestObject("Objects.Logout/accountDropdown"), 0)

2020-06-02 15:12:10 - [MESSAGE][NOT_RUN] - NOT_RUN: com.reusableComponents.clickUsingJS.clickUsingJS(findTestObject("Objects.Logout/accountDropdown"), 0)

2020-06-02 15:12:10 - [TEST_STEP][PASSED] - element = findWebElement(findTestObject("Objects.Logout/accountDropdown"), 30): null

2020-06-02 15:12:10 - [TEST_STEP][PASSED] - executeJavaScript("arguments[0].click()", Arrays.asList(element)): Execute JavaScript 'arguments[0].click()' successfully

2020-06-02 15:12:10 - [MESSAGE][PASSED] - Execute JavaScript 'arguments[0].click()' successfully

2020-06-02 15:12:10 - [TEST_STEP][NOT_RUN] - com.reusableComponents.HighlightElement.run(findTestObject("Objects.Logout/span_Logout")): NOT_RUN: com.reusableComponents.HighlightElement.run(findTestObject("Objects.Logout/span_Logout"))

2020-06-02 15:12:10 - [MESSAGE][NOT_RUN] - NOT_RUN: com.reusableComponents.HighlightElement.run(findTestObject("Objects.Logout/span_Logout"))

2020-06-02 15:12:10 - [TEST_STEP][PASSED] - click(findTestObject("Objects.Logout/span_Logout"), STOP_ON_FAILURE): Object: 'Object Repository/Objects.Logout/span_Logout' is clicked on

2020-06-02 15:12:15 - [MESSAGE][PASSED] - Object: 'Object Repository/Objects.Logout/span_Logout' is clicked on

2020-06-02 15:12:15 - [TEST_STEP][PASSED] - waitForPageLoad(30): Wait for page load successfully

2020-06-02 15:12:15 - [MESSAGE][PASSED] - Wait for page load successfully

2020-06-02 15:12:15 - [TEST_STEP][PASSED] - Thread.sleep(3000): null

2020-06-02 15:12:18 - [TEST_STEP][PASSED] - verifyTextPresent(LogoutPageTextToBeVerified, false): Text 'Sign in to ISPS2-PROD-Verify' is present on page 

2020-06-02 15:12:19 - [MESSAGE][PASSED] - Text 'Sign in to ISPS2-PROD-Verify' is present on page 

2020-06-02 15:12:19 - [TEST_STEP][PASSED] - Thread.sleep(3000): null

2020-06-02 15:12:22 - [TEST_STEP][NOT_RUN] - com.reusableComponents.HighlightElement.run(findTestObject("Objects.Logout/div_Sign in to ISPS2-PROD-Verify")): NOT_RUN: com.reusableComponents.HighlightElement.run(findTestObject("Objects.Logout/div_Sign in to ISPS2-PROD-Verify"))

2020-06-02 15:12:22 - [MESSAGE][NOT_RUN] - NOT_RUN: com.reusableComponents.HighlightElement.run(findTestObject("Objects.Logout/div_Sign in to ISPS2-PROD-Verify"))

2020-06-02 15:12:22 - [TEST_STEP][PASSED] - closeBrowser(): Browser is closed

2020-06-02 15:12:23 - [MESSAGE][PASSED] - Browser is closed

2020-06-02 15:12:23 - [MESSAGE][PASSED] - Call Test Case 'Test Cases/Components/Logout' successfully]]></system-out>
         <system-err><![CDATA[]]></system-err>
      </testcase>
      <system-out><![CDATA[2020-06-02 15:04:22 - [TEST_SUITE][PASSED] - PFI-TOPCSC: Test Cases/PFI Precision and Scale/PFI Test Cases/PFI - TOPCSC/DecideTOPCSC]]></system-out>
      <system-err><![CDATA[]]></system-err>
   </testsuite>
</testsuites>
